<?xml version="1.0" encoding="UTF-8"?>
<testsuite xmlns:xsi="http://www.w3.org/2001/XMLSchema-instance" xsi:noNamespaceSchemaLocation="https://maven.apache.org/surefire/maven-surefire-plugin/xsd/surefire-test-report.xsd" name="org.apache.hadoop.ozone.client.rpc.TestDeleteWithSlowFollower" time="133.224" tests="1" errors="0" skipped="0" failures="1">
  <properties>
    <property name="awt.toolkit" value="sun.awt.X11.XToolkit"/>
    <property name="file.encoding.pkg" value="sun.io"/>
    <property name="java.specification.version" value="1.8"/>
    <property name="sun.cpu.isalist" value=""/>
    <property name="sun.jnu.encoding" value="ANSI_X3.4-1968"/>
    <property name="java.class.path" value="/workdir/hadoop-ozone/integration-test/target/test-classes:/workdir/hadoop-ozone/integration-test/target/classes:/home/user/.m2/repository/org/apache/hadoop/hadoop-ozone-common/0.5.0-SNAPSHOT/hadoop-ozone-common-0.5.0-SNAPSHOT.jar:/home/user/.m2/repository/org/apache/commons/commons-compress/1.4.1/commons-compress-1.4.1.jar:/home/user/.m2/repository/org/tukaani/xz/1.0/xz-1.0.jar:/home/user/.m2/repository/org/apache/hadoop/hadoop-common/3.2.0/hadoop-common-3.2.0.jar:/home/user/.m2/repository/org/apache/hadoop/hadoop-hdfs/3.2.0/hadoop-hdfs-3.2.0.jar:/home/user/.m2/repository/org/apache/hadoop/hadoop-hdfs-client/3.2.0/hadoop-hdfs-client-3.2.0.jar:/home/user/.m2/repository/com/fasterxml/jackson/core/jackson-annotations/2.9.9/jackson-annotations-2.9.9.jar:/home/user/.m2/repository/org/apache/hadoop/hadoop-hdds-common/0.5.0-SNAPSHOT/hadoop-hdds-common-0.5.0-SNAPSHOT.jar:/home/user/.m2/repository/javax/annotation/javax.annotation-api/1.2/javax.annotation-api-1.2.jar:/home/user/.m2/repository/org/apache/ratis/ratis-server/0.5.0-3f446aa-SNAPSHOT/ratis-server-0.5.0-3f446aa-SNAPSHOT.jar:/home/user/.m2/repository/org/apache/ratis/ratis-thirdparty-misc/0.2.0/ratis-thirdparty-misc-0.2.0.jar:/home/user/.m2/repository/org/apache/ratis/ratis-proto/0.5.0-3f446aa-SNAPSHOT/ratis-proto-0.5.0-3f446aa-SNAPSHOT.jar:/home/user/.m2/repository/org/apache/ratis/ratis-common/0.5.0-3f446aa-SNAPSHOT/ratis-common-0.5.0-3f446aa-SNAPSHOT.jar:/home/user/.m2/repository/org/apache/ratis/ratis-client/0.5.0-3f446aa-SNAPSHOT/ratis-client-0.5.0-3f446aa-SNAPSHOT.jar:/home/user/.m2/repository/org/apache/ratis/ratis-metrics/0.5.0-3f446aa-SNAPSHOT/ratis-metrics-0.5.0-3f446aa-SNAPSHOT.jar:/home/user/.m2/repository/com/github/joshelser/dropwizard-metrics-hadoop-metrics2-reporter/0.1.2/dropwizard-metrics-hadoop-metrics2-reporter-0.1.2.jar:/home/user/.m2/repository/io/dropwizard/metrics/metrics-jvm/3.2.5/metrics-jvm-3.2.5.jar:/home/user/.m2/repository/io/dropwizard/metrics/metrics-ganglia/3.2.5/metrics-ganglia-3.2.5.jar:/home/user/.m2/repository/info/ganglia/gmetric4j/gmetric4j/1.0.7/gmetric4j-1.0.7.jar:/home/user/.m2/repository/org/apache/ratis/ratis-netty/0.5.0-3f446aa-SNAPSHOT/ratis-netty-0.5.0-3f446aa-SNAPSHOT.jar:/home/user/.m2/repository/org/apache/ratis/ratis-grpc/0.5.0-3f446aa-SNAPSHOT/ratis-grpc-0.5.0-3f446aa-SNAPSHOT.jar:/home/user/.m2/repository/org/rocksdb/rocksdbjni/6.0.1/rocksdbjni-6.0.1.jar:/home/user/.m2/repository/org/apache/logging/log4j/log4j-api/2.11.0/log4j-api-2.11.0.jar:/home/user/.m2/repository/org/apache/logging/log4j/log4j-core/2.11.0/log4j-core-2.11.0.jar:/home/user/.m2/repository/com/lmax/disruptor/3.4.2/disruptor-3.4.2.jar:/home/user/.m2/repository/org/apache/commons/commons-pool2/2.6.0/commons-pool2-2.6.0.jar:/home/user/.m2/repository/org/bouncycastle/bcpkix-jdk15on/1.60/bcpkix-jdk15on-1.60.jar:/home/user/.m2/repository/commons-validator/commons-validator/1.6/commons-validator-1.6.jar:/home/user/.m2/repository/commons-digester/commons-digester/1.8.1/commons-digester-1.8.1.jar:/home/user/.m2/repository/io/jaegertracing/jaeger-client/0.34.0/jaeger-client-0.34.0.jar:/home/user/.m2/repository/io/jaegertracing/jaeger-thrift/0.34.0/jaeger-thrift-0.34.0.jar:/home/user/.m2/repository/org/apache/thrift/libthrift/0.12.0/libthrift-0.12.0.jar:/home/user/.m2/repository/com/squareup/okhttp3/okhttp/3.9.0/okhttp-3.9.0.jar:/home/user/.m2/repository/com/squareup/okio/okio/1.13.0/okio-1.13.0.jar:/home/user/.m2/repository/io/jaegertracing/jaeger-core/0.34.0/jaeger-core-0.34.0.jar:/home/user/.m2/repository/io/jaegertracing/jaeger-tracerresolver/0.34.0/jaeger-tracerresolver-0.34.0.jar:/home/user/.m2/repository/io/opentracing/contrib/opentracing-tracerresolver/0.1.5/opentracing-tracerresolver-0.1.5.jar:/home/user/.m2/repository/io/opentracing/opentracing-util/0.31.0/opentracing-util-0.31.0.jar:/home/user/.m2/repository/io/opentracing/opentracing-api/0.31.0/opentracing-api-0.31.0.jar:/home/user/.m2/repository/io/opentracing/opentracing-noop/0.31.0/opentracing-noop-0.31.0.jar:/home/user/.m2/repository/org/apache/hadoop/hadoop-hdds-server-framework/0.5.0-SNAPSHOT/hadoop-hdds-server-framework-0.5.0-SNAPSHOT.jar:/home/user/.m2/repository/org/apache/hadoop/hadoop-hdds-container-service/0.5.0-SNAPSHOT/hadoop-hdds-container-service-0.5.0-SNAPSHOT.jar:/home/user/.m2/repository/org/apache/hadoop/hadoop-hdds-client/0.5.0-SNAPSHOT/hadoop-hdds-client-0.5.0-SNAPSHOT.jar:/home/user/.m2/repository/org/apache/hadoop/hadoop-hdds-tools/0.5.0-SNAPSHOT/hadoop-hdds-tools-0.5.0-SNAPSHOT.jar:/home/user/.m2/repository/org/apache/hadoop/hadoop-hdds-server-scm/0.5.0-SNAPSHOT/hadoop-hdds-server-scm-0.5.0-SNAPSHOT.jar:/home/user/.m2/repository/org/apache/hadoop/hadoop-hdds-docs/0.5.0-SNAPSHOT/hadoop-hdds-docs-0.5.0-SNAPSHOT.jar:/home/user/.m2/repository/io/dropwizard/metrics/metrics-core/3.2.4/metrics-core-3.2.4.jar:/home/user/.m2/repository/org/hamcrest/hamcrest-all/1.3/hamcrest-all-1.3.jar:/home/user/.m2/repository/org/bouncycastle/bcprov-jdk15on/1.60/bcprov-jdk15on-1.60.jar:/home/user/.m2/repository/info/picocli/picocli/3.9.6/picocli-3.9.6.jar:/home/user/.m2/repository/com/google/protobuf/protobuf-java/2.5.0/protobuf-java-2.5.0.jar:/home/user/.m2/repository/com/google/guava/guava/11.0.2/guava-11.0.2.jar:/home/user/.m2/repository/org/apache/hadoop/hadoop-ozone-ozone-manager/0.5.0-SNAPSHOT/hadoop-ozone-ozone-manager-0.5.0-SNAPSHOT.jar:/home/user/.m2/repository/org/apache/hadoop/hadoop-minikdc/3.2.0/hadoop-minikdc-3.2.0.jar:/home/user/.m2/repository/commons-io/commons-io/2.5/commons-io-2.5.jar:/home/user/.m2/repository/org/apache/kerby/kerb-simplekdc/1.0.1/kerb-simplekdc-1.0.1.jar:/home/user/.m2/repository/org/apache/kerby/kerb-client/1.0.1/kerb-client-1.0.1.jar:/home/user/.m2/repository/org/apache/kerby/kerby-config/1.0.1/kerby-config-1.0.1.jar:/home/user/.m2/repository/org/apache/kerby/kerb-core/1.0.1/kerb-core-1.0.1.jar:/home/user/.m2/repository/org/apache/kerby/kerby-pkix/1.0.1/kerby-pkix-1.0.1.jar:/home/user/.m2/repository/org/apache/kerby/kerby-asn1/1.0.1/kerby-asn1-1.0.1.jar:/home/user/.m2/repository/org/apache/kerby/kerby-util/1.0.1/kerby-util-1.0.1.jar:/home/user/.m2/repository/org/apache/kerby/kerb-common/1.0.1/kerb-common-1.0.1.jar:/home/user/.m2/repository/org/apache/kerby/kerb-crypto/1.0.1/kerb-crypto-1.0.1.jar:/home/user/.m2/repository/org/apache/kerby/kerb-util/1.0.1/kerb-util-1.0.1.jar:/home/user/.m2/repository/org/apache/kerby/token-provider/1.0.1/token-provider-1.0.1.jar:/home/user/.m2/repository/org/apache/kerby/kerb-admin/1.0.1/kerb-admin-1.0.1.jar:/home/user/.m2/repository/org/apache/kerby/kerb-server/1.0.1/kerb-server-1.0.1.jar:/home/user/.m2/repository/org/apache/kerby/kerb-identity/1.0.1/kerb-identity-1.0.1.jar:/home/user/.m2/repository/org/apache/kerby/kerby-xdr/1.0.1/kerby-xdr-1.0.1.jar:/home/user/.m2/repository/org/slf4j/slf4j-log4j12/1.7.25/slf4j-log4j12-1.7.25.jar:/home/user/.m2/repository/org/apache/hadoop/hadoop-ozone-s3gateway/0.5.0-SNAPSHOT/hadoop-ozone-s3gateway-0.5.0-SNAPSHOT.jar:/home/user/.m2/repository/org/jboss/weld/servlet/weld-servlet/2.4.7.Final/weld-servlet-2.4.7.Final.jar:/home/user/.m2/repository/org/glassfish/jersey/containers/jersey-container-servlet-core/2.27/jersey-container-servlet-core-2.27.jar:/home/user/.m2/repository/org/glassfish/hk2/external/javax.inject/2.5.0-b42/javax.inject-2.5.0-b42.jar:/home/user/.m2/repository/org/glassfish/jersey/core/jersey-common/2.27/jersey-common-2.27.jar:/home/user/.m2/repository/org/glassfish/hk2/osgi-resource-locator/1.0.1/osgi-resource-locator-1.0.1.jar:/home/user/.m2/repository/javax/ws/rs/javax.ws.rs-api/2.1/javax.ws.rs-api-2.1.jar:/home/user/.m2/repository/org/glassfish/jersey/ext/cdi/jersey-cdi1x/2.27/jersey-cdi1x-2.27.jar:/home/user/.m2/repository/org/glassfish/jersey/inject/jersey-hk2/2.27/jersey-hk2-2.27.jar:/home/user/.m2/repository/org/glassfish/hk2/hk2-locator/2.5.0-b42/hk2-locator-2.5.0-b42.jar:/home/user/.m2/repository/org/javassist/javassist/3.22.0-CR2/javassist-3.22.0-CR2.jar:/home/user/.m2/repository/org/glassfish/hk2/hk2-api/2.5.0/hk2-api-2.5.0.jar:/home/user/.m2/repository/org/glassfish/hk2/external/jakarta.inject/2.5.0/jakarta.inject-2.5.0.jar:/home/user/.m2/repository/org/glassfish/hk2/hk2-utils/2.5.0/hk2-utils-2.5.0.jar:/home/user/.m2/repository/jakarta/annotation/jakarta.annotation-api/1.3.4/jakarta.annotation-api-1.3.4.jar:/home/user/.m2/repository/org/glassfish/hk2/external/aopalliance-repackaged/2.5.0/aopalliance-repackaged-2.5.0.jar:/home/user/.m2/repository/com/fasterxml/jackson/dataformat/jackson-dataformat-xml/2.9.0/jackson-dataformat-xml-2.9.0.jar:/home/user/.m2/repository/com/fasterxml/jackson/core/jackson-core/2.9.9/jackson-core-2.9.9.jar:/home/user/.m2/repository/com/fasterxml/jackson/module/jackson-module-jaxb-annotations/2.9.9/jackson-module-jaxb-annotations-2.9.9.jar:/home/user/.m2/repository/javax/enterprise/cdi-api/1.2/cdi-api-1.2.jar:/home/user/.m2/repository/javax/el/javax.el-api/3.0.0/javax.el-api-3.0.0.jar:/home/user/.m2/repository/javax/interceptor/javax.interceptor-api/1.2/javax.interceptor-api-1.2.jar:/home/user/.m2/repository/javax/inject/javax.inject/1/javax.inject-1.jar:/home/user/.m2/repository/com/sun/xml/bind/jaxb-impl/2.3.0.1/jaxb-impl-2.3.0.1.jar:/home/user/.m2/repository/com/sun/xml/bind/jaxb-core/2.3.0.1/jaxb-core-2.3.0.1.jar:/home/user/.m2/repository/javax/xml/bind/jaxb-api/2.3.0/jaxb-api-2.3.0.jar:/home/user/.m2/repository/javax/activation/activation/1.1.1/activation-1.1.1.jar:/home/user/.m2/repository/org/apache/hadoop/hadoop-ozone-csi/0.5.0-SNAPSHOT/hadoop-ozone-csi-0.5.0-SNAPSHOT.jar:/home/user/.m2/repository/com/google/protobuf/protobuf-java-util/3.5.1/protobuf-java-util-3.5.1.jar:/home/user/.m2/repository/org/apache/hadoop/hadoop-hdds-config/0.5.0-SNAPSHOT/hadoop-hdds-config-0.5.0-SNAPSHOT.jar:/home/user/.m2/repository/io/grpc/grpc-netty/1.17.1/grpc-netty-1.17.1.jar:/home/user/.m2/repository/io/grpc/grpc-core/1.17.1/grpc-core-1.17.1.jar:/home/user/.m2/repository/io/grpc/grpc-context/1.17.1/grpc-context-1.17.1.jar:/home/user/.m2/repository/com/google/errorprone/error_prone_annotations/2.2.0/error_prone_annotations-2.2.0.jar:/home/user/.m2/repository/org/codehaus/mojo/animal-sniffer-annotations/1.17/animal-sniffer-annotations-1.17.jar:/home/user/.m2/repository/io/opencensus/opencensus-api/0.17.0/opencensus-api-0.17.0.jar:/home/user/.m2/repository/io/opencensus/opencensus-contrib-grpc-metrics/0.17.0/opencensus-contrib-grpc-metrics-0.17.0.jar:/home/user/.m2/repository/io/netty/netty-codec-http2/4.1.30.Final/netty-codec-http2-4.1.30.Final.jar:/home/user/.m2/repository/io/netty/netty-codec-http/4.1.30.Final/netty-codec-http-4.1.30.Final.jar:/home/user/.m2/repository/io/netty/netty-codec/4.1.30.Final/netty-codec-4.1.30.Final.jar:/home/user/.m2/repository/io/netty/netty-handler/4.1.30.Final/netty-handler-4.1.30.Final.jar:/home/user/.m2/repository/io/netty/netty-handler-proxy/4.1.30.Final/netty-handler-proxy-4.1.30.Final.jar:/home/user/.m2/repository/io/netty/netty-codec-socks/4.1.30.Final/netty-codec-socks-4.1.30.Final.jar:/home/user/.m2/repository/io/netty/netty-transport-native-epoll/4.1.30.Final/netty-transport-native-epoll-4.1.30.Final.jar:/home/user/.m2/repository/io/netty/netty-common/4.1.30.Final/netty-common-4.1.30.Final.jar:/home/user/.m2/repository/io/netty/netty-buffer/4.1.30.Final/netty-buffer-4.1.30.Final.jar:/home/user/.m2/repository/io/netty/netty-transport/4.1.30.Final/netty-transport-4.1.30.Final.jar:/home/user/.m2/repository/io/netty/netty-resolver/4.1.30.Final/netty-resolver-4.1.30.Final.jar:/home/user/.m2/repository/io/netty/netty-transport-native-unix-common/4.1.30.Final/netty-transport-native-unix-common-4.1.30.Final.jar:/home/user/.m2/repository/io/grpc/grpc-protobuf/1.17.1/grpc-protobuf-1.17.1.jar:/home/user/.m2/repository/com/google/api/grpc/proto-google-common-protos/1.0.0/proto-google-common-protos-1.0.0.jar:/home/user/.m2/repository/io/grpc/grpc-protobuf-lite/1.17.1/grpc-protobuf-lite-1.17.1.jar:/home/user/.m2/repository/io/grpc/grpc-stub/1.17.1/grpc-stub-1.17.1.jar:/home/user/.m2/repository/org/apache/hadoop/hadoop-ozone-recon/0.5.0-SNAPSHOT/hadoop-ozone-recon-0.5.0-SNAPSHOT.jar:/home/user/.m2/repository/org/apache/hadoop/hadoop-ozone-reconcodegen/0.5.0-SNAPSHOT/hadoop-ozone-reconcodegen-0.5.0-SNAPSHOT.jar:/home/user/.m2/repository/com/google/inject/extensions/guice-multibindings/4.0/guice-multibindings-4.0.jar:/home/user/.m2/repository/com/google/inject/guice/4.0/guice-4.0.jar:/home/user/.m2/repository/aopalliance/aopalliance/1.0/aopalliance-1.0.jar:/home/user/.m2/repository/com/google/inject/extensions/guice-servlet/4.0/guice-servlet-4.0.jar:/home/user/.m2/repository/org/glassfish/jersey/containers/jersey-container-servlet/2.27/jersey-container-servlet-2.27.jar:/home/user/.m2/repository/org/glassfish/hk2/guice-bridge/2.5.0/guice-bridge-2.5.0.jar:/home/user/.m2/repository/org/glassfish/jersey/core/jersey-server/2.27/jersey-server-2.27.jar:/home/user/.m2/repository/org/glassfish/jersey/core/jersey-client/2.27/jersey-client-2.27.jar:/home/user/.m2/repository/org/glassfish/jersey/media/jersey-media-jaxb/2.27/jersey-media-jaxb-2.27.jar:/home/user/.m2/repository/javax/validation/validation-api/1.1.0.Final/validation-api-1.1.0.Final.jar:/home/user/.m2/repository/org/glassfish/jersey/media/jersey-media-json-jackson/2.27/jersey-media-json-jackson-2.27.jar:/home/user/.m2/repository/org/glassfish/jersey/ext/jersey-entity-filtering/2.27/jersey-entity-filtering-2.27.jar:/home/user/.m2/repository/com/google/inject/extensions/guice-assistedinject/4.0/guice-assistedinject-4.0.jar:/home/user/.m2/repository/org/jooq/jooq/3.11.10/jooq-3.11.10.jar:/home/user/.m2/repository/org/jooq/jooq-meta/3.11.10/jooq-meta-3.11.10.jar:/home/user/.m2/repository/org/jooq/jooq-codegen/3.11.10/jooq-codegen-3.11.10.jar:/home/user/.m2/repository/com/jolbox/bonecp/0.8.0.RELEASE/bonecp-0.8.0.RELEASE.jar:/home/user/.m2/repository/org/xerial/sqlite-jdbc/3.25.2/sqlite-jdbc-3.25.2.jar:/home/user/.m2/repository/org/springframework/spring-jdbc/5.1.3.RELEASE/spring-jdbc-5.1.3.RELEASE.jar:/home/user/.m2/repository/org/springframework/spring-beans/5.1.3.RELEASE/spring-beans-5.1.3.RELEASE.jar:/home/user/.m2/repository/org/springframework/spring-core/5.1.3.RELEASE/spring-core-5.1.3.RELEASE.jar:/home/user/.m2/repository/org/springframework/spring-jcl/5.1.3.RELEASE/spring-jcl-5.1.3.RELEASE.jar:/home/user/.m2/repository/org/springframework/spring-tx/5.1.3.RELEASE/spring-tx-5.1.3.RELEASE.jar:/home/user/.m2/repository/org/apache/hadoop/hadoop-ozone-client/0.5.0-SNAPSHOT/hadoop-ozone-client-0.5.0-SNAPSHOT.jar:/home/user/.m2/repository/commons-lang/commons-lang/2.6/commons-lang-2.6.jar:/home/user/.m2/repository/org/apache/hadoop/hadoop-ozone-ozone-manager/0.5.0-SNAPSHOT/hadoop-ozone-ozone-manager-0.5.0-SNAPSHOT-tests.jar:/home/user/.m2/repository/junit/junit/4.11/junit-4.11.jar:/home/user/.m2/repository/org/hamcrest/hamcrest-core/1.3/hamcrest-core-1.3.jar:/home/user/.m2/repository/org/openjdk/jmh/jmh-core/1.19/jmh-core-1.19.jar:/home/user/.m2/repository/net/sf/jopt-simple/jopt-simple/4.6/jopt-simple-4.6.jar:/home/user/.m2/repository/org/apache/commons/commons-math3/3.1.1/commons-math3-3.1.1.jar:/home/user/.m2/repository/org/openjdk/jmh/jmh-generator-annprocess/1.19/jmh-generator-annprocess-1.19.jar:/home/user/.m2/repository/org/mockito/mockito-all/1.8.5/mockito-all-1.8.5.jar:/home/user/.m2/repository/org/apache/hadoop/hadoop-kms/3.2.0/hadoop-kms-3.2.0.jar:/home/user/.m2/repository/org/apache/hadoop/hadoop-auth/3.2.0/hadoop-auth-3.2.0.jar:/home/user/.m2/repository/com/nimbusds/nimbus-jose-jwt/4.41.1/nimbus-jose-jwt-4.41.1.jar:/home/user/.m2/repository/com/github/stephenc/jcip/jcip-annotations/1.0-1/jcip-annotations-1.0-1.jar:/home/user/.m2/repository/net/minidev/json-smart/2.3/json-smart-2.3.jar:/home/user/.m2/repository/net/minidev/accessors-smart/1.2/accessors-smart-1.2.jar:/home/user/.m2/repository/org/ow2/asm/asm/5.0.4/asm-5.0.4.jar:/home/user/.m2/repository/org/apache/curator/curator-framework/2.12.0/curator-framework-2.12.0.jar:/home/user/.m2/repository/com/sun/jersey/jersey-core/1.19/jersey-core-1.19.jar:/home/user/.m2/repository/javax/ws/rs/jsr311-api/1.1.1/jsr311-api-1.1.1.jar:/home/user/.m2/repository/com/sun/jersey/jersey-server/1.19/jersey-server-1.19.jar:/home/user/.m2/repository/javax/servlet/javax.servlet-api/3.1.0/javax.servlet-api-3.1.0.jar:/home/user/.m2/repository/org/eclipse/jetty/jetty-server/9.3.25.v20180904/jetty-server-9.3.25.v20180904.jar:/home/user/.m2/repository/org/eclipse/jetty/jetty-http/9.3.25.v20180904/jetty-http-9.3.25.v20180904.jar:/home/user/.m2/repository/org/eclipse/jetty/jetty-io/9.3.25.v20180904/jetty-io-9.3.25.v20180904.jar:/home/user/.m2/repository/org/eclipse/jetty/jetty-webapp/9.3.25.v20180904/jetty-webapp-9.3.25.v20180904.jar:/home/user/.m2/repository/org/eclipse/jetty/jetty-xml/9.3.25.v20180904/jetty-xml-9.3.25.v20180904.jar:/home/user/.m2/repository/log4j/log4j/1.2.17/log4j-1.2.17.jar:/home/user/.m2/repository/org/slf4j/slf4j-api/1.7.25/slf4j-api-1.7.25.jar:/home/user/.m2/repository/org/slf4j/jul-to-slf4j/1.7.25/jul-to-slf4j-1.7.25.jar:/home/user/.m2/repository/org/eclipse/jetty/jetty-util/9.3.25.v20180904/jetty-util-9.3.25.v20180904.jar:/home/user/.m2/repository/com/fasterxml/jackson/core/jackson-databind/2.9.9/jackson-databind-2.9.9.jar:/home/user/.m2/repository/org/apache/hadoop/hadoop-kms/3.2.0/hadoop-kms-3.2.0-tests.jar:/home/user/.m2/repository/org/apache/hadoop/hadoop-hdds-server-scm/0.5.0-SNAPSHOT/hadoop-hdds-server-scm-0.5.0-SNAPSHOT-tests.jar:/home/user/.m2/repository/org/apache/hadoop/hadoop-hdds-container-service/0.5.0-SNAPSHOT/hadoop-hdds-container-service-0.5.0-SNAPSHOT-tests.jar:/home/user/.m2/repository/org/yaml/snakeyaml/1.16/snakeyaml-1.16.jar:/home/user/.m2/repository/org/apache/hadoop/hadoop-common/3.2.0/hadoop-common-3.2.0-tests.jar:/home/user/.m2/repository/org/apache/hadoop/hadoop-annotations/3.2.0/hadoop-annotations-3.2.0.jar:/usr/lib/jvm/java-1.8.0-openjdk-1.8.0.222.b10-1.el7_7.x86_64/jre/../lib/tools.jar:/home/user/.m2/repository/commons-cli/commons-cli/1.2/commons-cli-1.2.jar:/home/user/.m2/repository/org/apache/httpcomponents/httpclient/4.5.2/httpclient-4.5.2.jar:/home/user/.m2/repository/org/apache/httpcomponents/httpcore/4.4.4/httpcore-4.4.4.jar:/home/user/.m2/repository/commons-codec/commons-codec/1.11/commons-codec-1.11.jar:/home/user/.m2/repository/commons-net/commons-net/3.6/commons-net-3.6.jar:/home/user/.m2/repository/commons-collections/commons-collections/3.2.2/commons-collections-3.2.2.jar:/home/user/.m2/repository/org/eclipse/jetty/jetty-servlet/9.3.25.v20180904/jetty-servlet-9.3.25.v20180904.jar:/home/user/.m2/repository/org/eclipse/jetty/jetty-security/9.3.25.v20180904/jetty-security-9.3.25.v20180904.jar:/home/user/.m2/repository/javax/servlet/jsp/jsp-api/2.1/jsp-api-2.1.jar:/home/user/.m2/repository/com/sun/jersey/jersey-servlet/1.19/jersey-servlet-1.19.jar:/home/user/.m2/repository/com/sun/jersey/jersey-json/1.19/jersey-json-1.19.jar:/home/user/.m2/repository/org/codehaus/jettison/jettison/1.1/jettison-1.1.jar:/home/user/.m2/repository/org/codehaus/jackson/jackson-core-asl/1.9.13/jackson-core-asl-1.9.13.jar:/home/user/.m2/repository/org/codehaus/jackson/jackson-mapper-asl/1.9.13/jackson-mapper-asl-1.9.13.jar:/home/user/.m2/repository/org/codehaus/jackson/jackson-jaxrs/1.9.13/jackson-jaxrs-1.9.13.jar:/home/user/.m2/repository/org/codehaus/jackson/jackson-xc/1.9.13/jackson-xc-1.9.13.jar:/home/user/.m2/repository/commons-logging/commons-logging/1.1.3/commons-logging-1.1.3.jar:/home/user/.m2/repository/commons-beanutils/commons-beanutils/1.9.4/commons-beanutils-1.9.4.jar:/home/user/.m2/repository/org/apache/commons/commons-configuration2/2.1.1/commons-configuration2-2.1.1.jar:/home/user/.m2/repository/org/apache/commons/commons-lang3/3.7/commons-lang3-3.7.jar:/home/user/.m2/repository/org/apache/commons/commons-text/1.4/commons-text-1.4.jar:/home/user/.m2/repository/org/apache/avro/avro/1.7.7/avro-1.7.7.jar:/home/user/.m2/repository/com/thoughtworks/paranamer/paranamer/2.3/paranamer-2.3.jar:/home/user/.m2/repository/org/xerial/snappy/snappy-java/1.0.5/snappy-java-1.0.5.jar:/home/user/.m2/repository/com/google/re2j/re2j/1.1/re2j-1.1.jar:/home/user/.m2/repository/com/google/code/gson/gson/2.2.4/gson-2.2.4.jar:/home/user/.m2/repository/com/jcraft/jsch/0.1.54/jsch-0.1.54.jar:/home/user/.m2/repository/org/apache/curator/curator-client/2.12.0/curator-client-2.12.0.jar:/home/user/.m2/repository/org/apache/curator/curator-recipes/2.12.0/curator-recipes-2.12.0.jar:/home/user/.m2/repository/com/google/code/findbugs/jsr305/3.0.0/jsr305-3.0.0.jar:/home/user/.m2/repository/org/apache/htrace/htrace-core4/4.1.0-incubating/htrace-core4-4.1.0-incubating.jar:/home/user/.m2/repository/org/apache/zookeeper/zookeeper/3.4.13/zookeeper-3.4.13.jar:/home/user/.m2/repository/jline/jline/0.9.94/jline-0.9.94.jar:/home/user/.m2/repository/org/apache/yetus/audience-annotations/0.5.0/audience-annotations-0.5.0.jar:/home/user/.m2/repository/org/codehaus/woodstox/stax2-api/3.1.4/stax2-api-3.1.4.jar:/home/user/.m2/repository/com/fasterxml/woodstox/woodstox-core/5.0.3/woodstox-core-5.0.3.jar:/home/user/.m2/repository/dnsjava/dnsjava/2.1.7/dnsjava-2.1.7.jar:/home/user/.m2/repository/org/apache/hadoop/hadoop-hdfs/3.2.0/hadoop-hdfs-3.2.0-tests.jar:/home/user/.m2/repository/org/eclipse/jetty/jetty-util-ajax/9.3.25.v20180904/jetty-util-ajax-9.3.25.v20180904.jar:/home/user/.m2/repository/commons-daemon/commons-daemon/1.0.13/commons-daemon-1.0.13.jar:/home/user/.m2/repository/io/netty/netty/3.10.5.Final/netty-3.10.5.Final.jar:/home/user/.m2/repository/io/netty/netty-all/4.0.52.Final/netty-all-4.0.52.Final.jar:/home/user/.m2/repository/org/fusesource/leveldbjni/leveldbjni-all/1.8/leveldbjni-all-1.8.jar:"/>
    <property name="java.vm.vendor" value="Oracle Corporation"/>
    <property name="sun.arch.data.model" value="64"/>
    <property name="test.build.dir" value="/workdir/hadoop-ozone/integration-test/target/test-dir"/>
    <property name="test.cache.data" value=""/>
    <property name="java.vendor.url" value="http://java.oracle.com/"/>
    <property name="user.timezone" value=""/>
    <property name="java.vm.specification.version" value="1.8"/>
    <property name="os.name" value="Linux"/>
    <property name="test.build.data" value="/workdir/hadoop-ozone/integration-test/target/test-dir"/>
    <property name="user.country" value="US"/>
    <property name="sun.java.launcher" value="SUN_STANDARD"/>
    <property name="sun.boot.library.path" value="/usr/lib/jvm/java-1.8.0-openjdk-1.8.0.222.b10-1.el7_7.x86_64/jre/lib/amd64"/>
    <property name="sun.java.command" value="/workdir/hadoop-ozone/integration-test/target/surefire/surefirebooter1582894849222958025.jar /workdir/hadoop-ozone/integration-test/target/surefire 2019-10-18T03-30-13_363-jvmRun1 surefire2965011063310004541tmp surefire_302966686901930597298tmp"/>
    <property name="surefire.test.class.path" value="/workdir/hadoop-ozone/integration-test/target/test-classes:/workdir/hadoop-ozone/integration-test/target/classes:/home/user/.m2/repository/org/apache/hadoop/hadoop-ozone-common/0.5.0-SNAPSHOT/hadoop-ozone-common-0.5.0-SNAPSHOT.jar:/home/user/.m2/repository/org/apache/commons/commons-compress/1.4.1/commons-compress-1.4.1.jar:/home/user/.m2/repository/org/tukaani/xz/1.0/xz-1.0.jar:/home/user/.m2/repository/org/apache/hadoop/hadoop-common/3.2.0/hadoop-common-3.2.0.jar:/home/user/.m2/repository/org/apache/hadoop/hadoop-hdfs/3.2.0/hadoop-hdfs-3.2.0.jar:/home/user/.m2/repository/org/apache/hadoop/hadoop-hdfs-client/3.2.0/hadoop-hdfs-client-3.2.0.jar:/home/user/.m2/repository/com/fasterxml/jackson/core/jackson-annotations/2.9.9/jackson-annotations-2.9.9.jar:/home/user/.m2/repository/org/apache/hadoop/hadoop-hdds-common/0.5.0-SNAPSHOT/hadoop-hdds-common-0.5.0-SNAPSHOT.jar:/home/user/.m2/repository/javax/annotation/javax.annotation-api/1.2/javax.annotation-api-1.2.jar:/home/user/.m2/repository/org/apache/ratis/ratis-server/0.5.0-3f446aa-SNAPSHOT/ratis-server-0.5.0-3f446aa-SNAPSHOT.jar:/home/user/.m2/repository/org/apache/ratis/ratis-thirdparty-misc/0.2.0/ratis-thirdparty-misc-0.2.0.jar:/home/user/.m2/repository/org/apache/ratis/ratis-proto/0.5.0-3f446aa-SNAPSHOT/ratis-proto-0.5.0-3f446aa-SNAPSHOT.jar:/home/user/.m2/repository/org/apache/ratis/ratis-common/0.5.0-3f446aa-SNAPSHOT/ratis-common-0.5.0-3f446aa-SNAPSHOT.jar:/home/user/.m2/repository/org/apache/ratis/ratis-client/0.5.0-3f446aa-SNAPSHOT/ratis-client-0.5.0-3f446aa-SNAPSHOT.jar:/home/user/.m2/repository/org/apache/ratis/ratis-metrics/0.5.0-3f446aa-SNAPSHOT/ratis-metrics-0.5.0-3f446aa-SNAPSHOT.jar:/home/user/.m2/repository/com/github/joshelser/dropwizard-metrics-hadoop-metrics2-reporter/0.1.2/dropwizard-metrics-hadoop-metrics2-reporter-0.1.2.jar:/home/user/.m2/repository/io/dropwizard/metrics/metrics-jvm/3.2.5/metrics-jvm-3.2.5.jar:/home/user/.m2/repository/io/dropwizard/metrics/metrics-ganglia/3.2.5/metrics-ganglia-3.2.5.jar:/home/user/.m2/repository/info/ganglia/gmetric4j/gmetric4j/1.0.7/gmetric4j-1.0.7.jar:/home/user/.m2/repository/org/apache/ratis/ratis-netty/0.5.0-3f446aa-SNAPSHOT/ratis-netty-0.5.0-3f446aa-SNAPSHOT.jar:/home/user/.m2/repository/org/apache/ratis/ratis-grpc/0.5.0-3f446aa-SNAPSHOT/ratis-grpc-0.5.0-3f446aa-SNAPSHOT.jar:/home/user/.m2/repository/org/rocksdb/rocksdbjni/6.0.1/rocksdbjni-6.0.1.jar:/home/user/.m2/repository/org/apache/logging/log4j/log4j-api/2.11.0/log4j-api-2.11.0.jar:/home/user/.m2/repository/org/apache/logging/log4j/log4j-core/2.11.0/log4j-core-2.11.0.jar:/home/user/.m2/repository/com/lmax/disruptor/3.4.2/disruptor-3.4.2.jar:/home/user/.m2/repository/org/apache/commons/commons-pool2/2.6.0/commons-pool2-2.6.0.jar:/home/user/.m2/repository/org/bouncycastle/bcpkix-jdk15on/1.60/bcpkix-jdk15on-1.60.jar:/home/user/.m2/repository/commons-validator/commons-validator/1.6/commons-validator-1.6.jar:/home/user/.m2/repository/commons-digester/commons-digester/1.8.1/commons-digester-1.8.1.jar:/home/user/.m2/repository/io/jaegertracing/jaeger-client/0.34.0/jaeger-client-0.34.0.jar:/home/user/.m2/repository/io/jaegertracing/jaeger-thrift/0.34.0/jaeger-thrift-0.34.0.jar:/home/user/.m2/repository/org/apache/thrift/libthrift/0.12.0/libthrift-0.12.0.jar:/home/user/.m2/repository/com/squareup/okhttp3/okhttp/3.9.0/okhttp-3.9.0.jar:/home/user/.m2/repository/com/squareup/okio/okio/1.13.0/okio-1.13.0.jar:/home/user/.m2/repository/io/jaegertracing/jaeger-core/0.34.0/jaeger-core-0.34.0.jar:/home/user/.m2/repository/io/jaegertracing/jaeger-tracerresolver/0.34.0/jaeger-tracerresolver-0.34.0.jar:/home/user/.m2/repository/io/opentracing/contrib/opentracing-tracerresolver/0.1.5/opentracing-tracerresolver-0.1.5.jar:/home/user/.m2/repository/io/opentracing/opentracing-util/0.31.0/opentracing-util-0.31.0.jar:/home/user/.m2/repository/io/opentracing/opentracing-api/0.31.0/opentracing-api-0.31.0.jar:/home/user/.m2/repository/io/opentracing/opentracing-noop/0.31.0/opentracing-noop-0.31.0.jar:/home/user/.m2/repository/org/apache/hadoop/hadoop-hdds-server-framework/0.5.0-SNAPSHOT/hadoop-hdds-server-framework-0.5.0-SNAPSHOT.jar:/home/user/.m2/repository/org/apache/hadoop/hadoop-hdds-container-service/0.5.0-SNAPSHOT/hadoop-hdds-container-service-0.5.0-SNAPSHOT.jar:/home/user/.m2/repository/org/apache/hadoop/hadoop-hdds-client/0.5.0-SNAPSHOT/hadoop-hdds-client-0.5.0-SNAPSHOT.jar:/home/user/.m2/repository/org/apache/hadoop/hadoop-hdds-tools/0.5.0-SNAPSHOT/hadoop-hdds-tools-0.5.0-SNAPSHOT.jar:/home/user/.m2/repository/org/apache/hadoop/hadoop-hdds-server-scm/0.5.0-SNAPSHOT/hadoop-hdds-server-scm-0.5.0-SNAPSHOT.jar:/home/user/.m2/repository/org/apache/hadoop/hadoop-hdds-docs/0.5.0-SNAPSHOT/hadoop-hdds-docs-0.5.0-SNAPSHOT.jar:/home/user/.m2/repository/io/dropwizard/metrics/metrics-core/3.2.4/metrics-core-3.2.4.jar:/home/user/.m2/repository/org/hamcrest/hamcrest-all/1.3/hamcrest-all-1.3.jar:/home/user/.m2/repository/org/bouncycastle/bcprov-jdk15on/1.60/bcprov-jdk15on-1.60.jar:/home/user/.m2/repository/info/picocli/picocli/3.9.6/picocli-3.9.6.jar:/home/user/.m2/repository/com/google/protobuf/protobuf-java/2.5.0/protobuf-java-2.5.0.jar:/home/user/.m2/repository/com/google/guava/guava/11.0.2/guava-11.0.2.jar:/home/user/.m2/repository/org/apache/hadoop/hadoop-ozone-ozone-manager/0.5.0-SNAPSHOT/hadoop-ozone-ozone-manager-0.5.0-SNAPSHOT.jar:/home/user/.m2/repository/org/apache/hadoop/hadoop-minikdc/3.2.0/hadoop-minikdc-3.2.0.jar:/home/user/.m2/repository/commons-io/commons-io/2.5/commons-io-2.5.jar:/home/user/.m2/repository/org/apache/kerby/kerb-simplekdc/1.0.1/kerb-simplekdc-1.0.1.jar:/home/user/.m2/repository/org/apache/kerby/kerb-client/1.0.1/kerb-client-1.0.1.jar:/home/user/.m2/repository/org/apache/kerby/kerby-config/1.0.1/kerby-config-1.0.1.jar:/home/user/.m2/repository/org/apache/kerby/kerb-core/1.0.1/kerb-core-1.0.1.jar:/home/user/.m2/repository/org/apache/kerby/kerby-pkix/1.0.1/kerby-pkix-1.0.1.jar:/home/user/.m2/repository/org/apache/kerby/kerby-asn1/1.0.1/kerby-asn1-1.0.1.jar:/home/user/.m2/repository/org/apache/kerby/kerby-util/1.0.1/kerby-util-1.0.1.jar:/home/user/.m2/repository/org/apache/kerby/kerb-common/1.0.1/kerb-common-1.0.1.jar:/home/user/.m2/repository/org/apache/kerby/kerb-crypto/1.0.1/kerb-crypto-1.0.1.jar:/home/user/.m2/repository/org/apache/kerby/kerb-util/1.0.1/kerb-util-1.0.1.jar:/home/user/.m2/repository/org/apache/kerby/token-provider/1.0.1/token-provider-1.0.1.jar:/home/user/.m2/repository/org/apache/kerby/kerb-admin/1.0.1/kerb-admin-1.0.1.jar:/home/user/.m2/repository/org/apache/kerby/kerb-server/1.0.1/kerb-server-1.0.1.jar:/home/user/.m2/repository/org/apache/kerby/kerb-identity/1.0.1/kerb-identity-1.0.1.jar:/home/user/.m2/repository/org/apache/kerby/kerby-xdr/1.0.1/kerby-xdr-1.0.1.jar:/home/user/.m2/repository/org/slf4j/slf4j-log4j12/1.7.25/slf4j-log4j12-1.7.25.jar:/home/user/.m2/repository/org/apache/hadoop/hadoop-ozone-s3gateway/0.5.0-SNAPSHOT/hadoop-ozone-s3gateway-0.5.0-SNAPSHOT.jar:/home/user/.m2/repository/org/jboss/weld/servlet/weld-servlet/2.4.7.Final/weld-servlet-2.4.7.Final.jar:/home/user/.m2/repository/org/glassfish/jersey/containers/jersey-container-servlet-core/2.27/jersey-container-servlet-core-2.27.jar:/home/user/.m2/repository/org/glassfish/hk2/external/javax.inject/2.5.0-b42/javax.inject-2.5.0-b42.jar:/home/user/.m2/repository/org/glassfish/jersey/core/jersey-common/2.27/jersey-common-2.27.jar:/home/user/.m2/repository/org/glassfish/hk2/osgi-resource-locator/1.0.1/osgi-resource-locator-1.0.1.jar:/home/user/.m2/repository/javax/ws/rs/javax.ws.rs-api/2.1/javax.ws.rs-api-2.1.jar:/home/user/.m2/repository/org/glassfish/jersey/ext/cdi/jersey-cdi1x/2.27/jersey-cdi1x-2.27.jar:/home/user/.m2/repository/org/glassfish/jersey/inject/jersey-hk2/2.27/jersey-hk2-2.27.jar:/home/user/.m2/repository/org/glassfish/hk2/hk2-locator/2.5.0-b42/hk2-locator-2.5.0-b42.jar:/home/user/.m2/repository/org/javassist/javassist/3.22.0-CR2/javassist-3.22.0-CR2.jar:/home/user/.m2/repository/org/glassfish/hk2/hk2-api/2.5.0/hk2-api-2.5.0.jar:/home/user/.m2/repository/org/glassfish/hk2/external/jakarta.inject/2.5.0/jakarta.inject-2.5.0.jar:/home/user/.m2/repository/org/glassfish/hk2/hk2-utils/2.5.0/hk2-utils-2.5.0.jar:/home/user/.m2/repository/jakarta/annotation/jakarta.annotation-api/1.3.4/jakarta.annotation-api-1.3.4.jar:/home/user/.m2/repository/org/glassfish/hk2/external/aopalliance-repackaged/2.5.0/aopalliance-repackaged-2.5.0.jar:/home/user/.m2/repository/com/fasterxml/jackson/dataformat/jackson-dataformat-xml/2.9.0/jackson-dataformat-xml-2.9.0.jar:/home/user/.m2/repository/com/fasterxml/jackson/core/jackson-core/2.9.9/jackson-core-2.9.9.jar:/home/user/.m2/repository/com/fasterxml/jackson/module/jackson-module-jaxb-annotations/2.9.9/jackson-module-jaxb-annotations-2.9.9.jar:/home/user/.m2/repository/javax/enterprise/cdi-api/1.2/cdi-api-1.2.jar:/home/user/.m2/repository/javax/el/javax.el-api/3.0.0/javax.el-api-3.0.0.jar:/home/user/.m2/repository/javax/interceptor/javax.interceptor-api/1.2/javax.interceptor-api-1.2.jar:/home/user/.m2/repository/javax/inject/javax.inject/1/javax.inject-1.jar:/home/user/.m2/repository/com/sun/xml/bind/jaxb-impl/2.3.0.1/jaxb-impl-2.3.0.1.jar:/home/user/.m2/repository/com/sun/xml/bind/jaxb-core/2.3.0.1/jaxb-core-2.3.0.1.jar:/home/user/.m2/repository/javax/xml/bind/jaxb-api/2.3.0/jaxb-api-2.3.0.jar:/home/user/.m2/repository/javax/activation/activation/1.1.1/activation-1.1.1.jar:/home/user/.m2/repository/org/apache/hadoop/hadoop-ozone-csi/0.5.0-SNAPSHOT/hadoop-ozone-csi-0.5.0-SNAPSHOT.jar:/home/user/.m2/repository/com/google/protobuf/protobuf-java-util/3.5.1/protobuf-java-util-3.5.1.jar:/home/user/.m2/repository/org/apache/hadoop/hadoop-hdds-config/0.5.0-SNAPSHOT/hadoop-hdds-config-0.5.0-SNAPSHOT.jar:/home/user/.m2/repository/io/grpc/grpc-netty/1.17.1/grpc-netty-1.17.1.jar:/home/user/.m2/repository/io/grpc/grpc-core/1.17.1/grpc-core-1.17.1.jar:/home/user/.m2/repository/io/grpc/grpc-context/1.17.1/grpc-context-1.17.1.jar:/home/user/.m2/repository/com/google/errorprone/error_prone_annotations/2.2.0/error_prone_annotations-2.2.0.jar:/home/user/.m2/repository/org/codehaus/mojo/animal-sniffer-annotations/1.17/animal-sniffer-annotations-1.17.jar:/home/user/.m2/repository/io/opencensus/opencensus-api/0.17.0/opencensus-api-0.17.0.jar:/home/user/.m2/repository/io/opencensus/opencensus-contrib-grpc-metrics/0.17.0/opencensus-contrib-grpc-metrics-0.17.0.jar:/home/user/.m2/repository/io/netty/netty-codec-http2/4.1.30.Final/netty-codec-http2-4.1.30.Final.jar:/home/user/.m2/repository/io/netty/netty-codec-http/4.1.30.Final/netty-codec-http-4.1.30.Final.jar:/home/user/.m2/repository/io/netty/netty-codec/4.1.30.Final/netty-codec-4.1.30.Final.jar:/home/user/.m2/repository/io/netty/netty-handler/4.1.30.Final/netty-handler-4.1.30.Final.jar:/home/user/.m2/repository/io/netty/netty-handler-proxy/4.1.30.Final/netty-handler-proxy-4.1.30.Final.jar:/home/user/.m2/repository/io/netty/netty-codec-socks/4.1.30.Final/netty-codec-socks-4.1.30.Final.jar:/home/user/.m2/repository/io/netty/netty-transport-native-epoll/4.1.30.Final/netty-transport-native-epoll-4.1.30.Final.jar:/home/user/.m2/repository/io/netty/netty-common/4.1.30.Final/netty-common-4.1.30.Final.jar:/home/user/.m2/repository/io/netty/netty-buffer/4.1.30.Final/netty-buffer-4.1.30.Final.jar:/home/user/.m2/repository/io/netty/netty-transport/4.1.30.Final/netty-transport-4.1.30.Final.jar:/home/user/.m2/repository/io/netty/netty-resolver/4.1.30.Final/netty-resolver-4.1.30.Final.jar:/home/user/.m2/repository/io/netty/netty-transport-native-unix-common/4.1.30.Final/netty-transport-native-unix-common-4.1.30.Final.jar:/home/user/.m2/repository/io/grpc/grpc-protobuf/1.17.1/grpc-protobuf-1.17.1.jar:/home/user/.m2/repository/com/google/api/grpc/proto-google-common-protos/1.0.0/proto-google-common-protos-1.0.0.jar:/home/user/.m2/repository/io/grpc/grpc-protobuf-lite/1.17.1/grpc-protobuf-lite-1.17.1.jar:/home/user/.m2/repository/io/grpc/grpc-stub/1.17.1/grpc-stub-1.17.1.jar:/home/user/.m2/repository/org/apache/hadoop/hadoop-ozone-recon/0.5.0-SNAPSHOT/hadoop-ozone-recon-0.5.0-SNAPSHOT.jar:/home/user/.m2/repository/org/apache/hadoop/hadoop-ozone-reconcodegen/0.5.0-SNAPSHOT/hadoop-ozone-reconcodegen-0.5.0-SNAPSHOT.jar:/home/user/.m2/repository/com/google/inject/extensions/guice-multibindings/4.0/guice-multibindings-4.0.jar:/home/user/.m2/repository/com/google/inject/guice/4.0/guice-4.0.jar:/home/user/.m2/repository/aopalliance/aopalliance/1.0/aopalliance-1.0.jar:/home/user/.m2/repository/com/google/inject/extensions/guice-servlet/4.0/guice-servlet-4.0.jar:/home/user/.m2/repository/org/glassfish/jersey/containers/jersey-container-servlet/2.27/jersey-container-servlet-2.27.jar:/home/user/.m2/repository/org/glassfish/hk2/guice-bridge/2.5.0/guice-bridge-2.5.0.jar:/home/user/.m2/repository/org/glassfish/jersey/core/jersey-server/2.27/jersey-server-2.27.jar:/home/user/.m2/repository/org/glassfish/jersey/core/jersey-client/2.27/jersey-client-2.27.jar:/home/user/.m2/repository/org/glassfish/jersey/media/jersey-media-jaxb/2.27/jersey-media-jaxb-2.27.jar:/home/user/.m2/repository/javax/validation/validation-api/1.1.0.Final/validation-api-1.1.0.Final.jar:/home/user/.m2/repository/org/glassfish/jersey/media/jersey-media-json-jackson/2.27/jersey-media-json-jackson-2.27.jar:/home/user/.m2/repository/org/glassfish/jersey/ext/jersey-entity-filtering/2.27/jersey-entity-filtering-2.27.jar:/home/user/.m2/repository/com/google/inject/extensions/guice-assistedinject/4.0/guice-assistedinject-4.0.jar:/home/user/.m2/repository/org/jooq/jooq/3.11.10/jooq-3.11.10.jar:/home/user/.m2/repository/org/jooq/jooq-meta/3.11.10/jooq-meta-3.11.10.jar:/home/user/.m2/repository/org/jooq/jooq-codegen/3.11.10/jooq-codegen-3.11.10.jar:/home/user/.m2/repository/com/jolbox/bonecp/0.8.0.RELEASE/bonecp-0.8.0.RELEASE.jar:/home/user/.m2/repository/org/xerial/sqlite-jdbc/3.25.2/sqlite-jdbc-3.25.2.jar:/home/user/.m2/repository/org/springframework/spring-jdbc/5.1.3.RELEASE/spring-jdbc-5.1.3.RELEASE.jar:/home/user/.m2/repository/org/springframework/spring-beans/5.1.3.RELEASE/spring-beans-5.1.3.RELEASE.jar:/home/user/.m2/repository/org/springframework/spring-core/5.1.3.RELEASE/spring-core-5.1.3.RELEASE.jar:/home/user/.m2/repository/org/springframework/spring-jcl/5.1.3.RELEASE/spring-jcl-5.1.3.RELEASE.jar:/home/user/.m2/repository/org/springframework/spring-tx/5.1.3.RELEASE/spring-tx-5.1.3.RELEASE.jar:/home/user/.m2/repository/org/apache/hadoop/hadoop-ozone-client/0.5.0-SNAPSHOT/hadoop-ozone-client-0.5.0-SNAPSHOT.jar:/home/user/.m2/repository/commons-lang/commons-lang/2.6/commons-lang-2.6.jar:/home/user/.m2/repository/org/apache/hadoop/hadoop-ozone-ozone-manager/0.5.0-SNAPSHOT/hadoop-ozone-ozone-manager-0.5.0-SNAPSHOT-tests.jar:/home/user/.m2/repository/junit/junit/4.11/junit-4.11.jar:/home/user/.m2/repository/org/hamcrest/hamcrest-core/1.3/hamcrest-core-1.3.jar:/home/user/.m2/repository/org/openjdk/jmh/jmh-core/1.19/jmh-core-1.19.jar:/home/user/.m2/repository/net/sf/jopt-simple/jopt-simple/4.6/jopt-simple-4.6.jar:/home/user/.m2/repository/org/apache/commons/commons-math3/3.1.1/commons-math3-3.1.1.jar:/home/user/.m2/repository/org/openjdk/jmh/jmh-generator-annprocess/1.19/jmh-generator-annprocess-1.19.jar:/home/user/.m2/repository/org/mockito/mockito-all/1.8.5/mockito-all-1.8.5.jar:/home/user/.m2/repository/org/apache/hadoop/hadoop-kms/3.2.0/hadoop-kms-3.2.0.jar:/home/user/.m2/repository/org/apache/hadoop/hadoop-auth/3.2.0/hadoop-auth-3.2.0.jar:/home/user/.m2/repository/com/nimbusds/nimbus-jose-jwt/4.41.1/nimbus-jose-jwt-4.41.1.jar:/home/user/.m2/repository/com/github/stephenc/jcip/jcip-annotations/1.0-1/jcip-annotations-1.0-1.jar:/home/user/.m2/repository/net/minidev/json-smart/2.3/json-smart-2.3.jar:/home/user/.m2/repository/net/minidev/accessors-smart/1.2/accessors-smart-1.2.jar:/home/user/.m2/repository/org/ow2/asm/asm/5.0.4/asm-5.0.4.jar:/home/user/.m2/repository/org/apache/curator/curator-framework/2.12.0/curator-framework-2.12.0.jar:/home/user/.m2/repository/com/sun/jersey/jersey-core/1.19/jersey-core-1.19.jar:/home/user/.m2/repository/javax/ws/rs/jsr311-api/1.1.1/jsr311-api-1.1.1.jar:/home/user/.m2/repository/com/sun/jersey/jersey-server/1.19/jersey-server-1.19.jar:/home/user/.m2/repository/javax/servlet/javax.servlet-api/3.1.0/javax.servlet-api-3.1.0.jar:/home/user/.m2/repository/org/eclipse/jetty/jetty-server/9.3.25.v20180904/jetty-server-9.3.25.v20180904.jar:/home/user/.m2/repository/org/eclipse/jetty/jetty-http/9.3.25.v20180904/jetty-http-9.3.25.v20180904.jar:/home/user/.m2/repository/org/eclipse/jetty/jetty-io/9.3.25.v20180904/jetty-io-9.3.25.v20180904.jar:/home/user/.m2/repository/org/eclipse/jetty/jetty-webapp/9.3.25.v20180904/jetty-webapp-9.3.25.v20180904.jar:/home/user/.m2/repository/org/eclipse/jetty/jetty-xml/9.3.25.v20180904/jetty-xml-9.3.25.v20180904.jar:/home/user/.m2/repository/log4j/log4j/1.2.17/log4j-1.2.17.jar:/home/user/.m2/repository/org/slf4j/slf4j-api/1.7.25/slf4j-api-1.7.25.jar:/home/user/.m2/repository/org/slf4j/jul-to-slf4j/1.7.25/jul-to-slf4j-1.7.25.jar:/home/user/.m2/repository/org/eclipse/jetty/jetty-util/9.3.25.v20180904/jetty-util-9.3.25.v20180904.jar:/home/user/.m2/repository/com/fasterxml/jackson/core/jackson-databind/2.9.9/jackson-databind-2.9.9.jar:/home/user/.m2/repository/org/apache/hadoop/hadoop-kms/3.2.0/hadoop-kms-3.2.0-tests.jar:/home/user/.m2/repository/org/apache/hadoop/hadoop-hdds-server-scm/0.5.0-SNAPSHOT/hadoop-hdds-server-scm-0.5.0-SNAPSHOT-tests.jar:/home/user/.m2/repository/org/apache/hadoop/hadoop-hdds-container-service/0.5.0-SNAPSHOT/hadoop-hdds-container-service-0.5.0-SNAPSHOT-tests.jar:/home/user/.m2/repository/org/yaml/snakeyaml/1.16/snakeyaml-1.16.jar:/home/user/.m2/repository/org/apache/hadoop/hadoop-common/3.2.0/hadoop-common-3.2.0-tests.jar:/home/user/.m2/repository/org/apache/hadoop/hadoop-annotations/3.2.0/hadoop-annotations-3.2.0.jar:/usr/lib/jvm/java-1.8.0-openjdk-1.8.0.222.b10-1.el7_7.x86_64/jre/../lib/tools.jar:/home/user/.m2/repository/commons-cli/commons-cli/1.2/commons-cli-1.2.jar:/home/user/.m2/repository/org/apache/httpcomponents/httpclient/4.5.2/httpclient-4.5.2.jar:/home/user/.m2/repository/org/apache/httpcomponents/httpcore/4.4.4/httpcore-4.4.4.jar:/home/user/.m2/repository/commons-codec/commons-codec/1.11/commons-codec-1.11.jar:/home/user/.m2/repository/commons-net/commons-net/3.6/commons-net-3.6.jar:/home/user/.m2/repository/commons-collections/commons-collections/3.2.2/commons-collections-3.2.2.jar:/home/user/.m2/repository/org/eclipse/jetty/jetty-servlet/9.3.25.v20180904/jetty-servlet-9.3.25.v20180904.jar:/home/user/.m2/repository/org/eclipse/jetty/jetty-security/9.3.25.v20180904/jetty-security-9.3.25.v20180904.jar:/home/user/.m2/repository/javax/servlet/jsp/jsp-api/2.1/jsp-api-2.1.jar:/home/user/.m2/repository/com/sun/jersey/jersey-servlet/1.19/jersey-servlet-1.19.jar:/home/user/.m2/repository/com/sun/jersey/jersey-json/1.19/jersey-json-1.19.jar:/home/user/.m2/repository/org/codehaus/jettison/jettison/1.1/jettison-1.1.jar:/home/user/.m2/repository/org/codehaus/jackson/jackson-core-asl/1.9.13/jackson-core-asl-1.9.13.jar:/home/user/.m2/repository/org/codehaus/jackson/jackson-mapper-asl/1.9.13/jackson-mapper-asl-1.9.13.jar:/home/user/.m2/repository/org/codehaus/jackson/jackson-jaxrs/1.9.13/jackson-jaxrs-1.9.13.jar:/home/user/.m2/repository/org/codehaus/jackson/jackson-xc/1.9.13/jackson-xc-1.9.13.jar:/home/user/.m2/repository/commons-logging/commons-logging/1.1.3/commons-logging-1.1.3.jar:/home/user/.m2/repository/commons-beanutils/commons-beanutils/1.9.4/commons-beanutils-1.9.4.jar:/home/user/.m2/repository/org/apache/commons/commons-configuration2/2.1.1/commons-configuration2-2.1.1.jar:/home/user/.m2/repository/org/apache/commons/commons-lang3/3.7/commons-lang3-3.7.jar:/home/user/.m2/repository/org/apache/commons/commons-text/1.4/commons-text-1.4.jar:/home/user/.m2/repository/org/apache/avro/avro/1.7.7/avro-1.7.7.jar:/home/user/.m2/repository/com/thoughtworks/paranamer/paranamer/2.3/paranamer-2.3.jar:/home/user/.m2/repository/org/xerial/snappy/snappy-java/1.0.5/snappy-java-1.0.5.jar:/home/user/.m2/repository/com/google/re2j/re2j/1.1/re2j-1.1.jar:/home/user/.m2/repository/com/google/code/gson/gson/2.2.4/gson-2.2.4.jar:/home/user/.m2/repository/com/jcraft/jsch/0.1.54/jsch-0.1.54.jar:/home/user/.m2/repository/org/apache/curator/curator-client/2.12.0/curator-client-2.12.0.jar:/home/user/.m2/repository/org/apache/curator/curator-recipes/2.12.0/curator-recipes-2.12.0.jar:/home/user/.m2/repository/com/google/code/findbugs/jsr305/3.0.0/jsr305-3.0.0.jar:/home/user/.m2/repository/org/apache/htrace/htrace-core4/4.1.0-incubating/htrace-core4-4.1.0-incubating.jar:/home/user/.m2/repository/org/apache/zookeeper/zookeeper/3.4.13/zookeeper-3.4.13.jar:/home/user/.m2/repository/jline/jline/0.9.94/jline-0.9.94.jar:/home/user/.m2/repository/org/apache/yetus/audience-annotations/0.5.0/audience-annotations-0.5.0.jar:/home/user/.m2/repository/org/codehaus/woodstox/stax2-api/3.1.4/stax2-api-3.1.4.jar:/home/user/.m2/repository/com/fasterxml/woodstox/woodstox-core/5.0.3/woodstox-core-5.0.3.jar:/home/user/.m2/repository/dnsjava/dnsjava/2.1.7/dnsjava-2.1.7.jar:/home/user/.m2/repository/org/apache/hadoop/hadoop-hdfs/3.2.0/hadoop-hdfs-3.2.0-tests.jar:/home/user/.m2/repository/org/eclipse/jetty/jetty-util-ajax/9.3.25.v20180904/jetty-util-ajax-9.3.25.v20180904.jar:/home/user/.m2/repository/commons-daemon/commons-daemon/1.0.13/commons-daemon-1.0.13.jar:/home/user/.m2/repository/io/netty/netty/3.10.5.Final/netty-3.10.5.Final.jar:/home/user/.m2/repository/io/netty/netty-all/4.0.52.Final/netty-all-4.0.52.Final.jar:/home/user/.m2/repository/org/fusesource/leveldbjni/leveldbjni-all/1.8/leveldbjni-all-1.8.jar:"/>
    <property name="sun.cpu.endian" value="little"/>
    <property name="user.home" value="/home/user"/>
    <property name="user.language" value="en"/>
    <property name="java.specification.vendor" value="Oracle Corporation"/>
    <property name="java.home" value="/usr/lib/jvm/java-1.8.0-openjdk-1.8.0.222.b10-1.el7_7.x86_64/jre"/>
    <property name="surefire.excludesFile" value="/tools/ozone-bad-unit-tests"/>
    <property name="java.security.krb5.conf" value="/workdir/hadoop-ozone/integration-test/target/test-classes/krb5.conf"/>
    <property name="basedir" value="/workdir/hadoop-ozone/integration-test"/>
    <property name="file.separator" value="/"/>
    <property name="line.separator" value="&#10;"/>
    <property name="java.vm.specification.vendor" value="Oracle Corporation"/>
    <property name="java.specification.name" value="Java Platform API Specification"/>
    <property name="java.awt.graphicsenv" value="sun.awt.X11GraphicsEnvironment"/>
    <property name="surefire.real.class.path" value="/workdir/hadoop-ozone/integration-test/target/surefire/surefirebooter1582894849222958025.jar"/>
    <property name="hadoop.log.dir" value="/workdir/hadoop-ozone/integration-test/target/log"/>
    <property name="sun.boot.class.path" value="/usr/lib/jvm/java-1.8.0-openjdk-1.8.0.222.b10-1.el7_7.x86_64/jre/lib/resources.jar:/usr/lib/jvm/java-1.8.0-openjdk-1.8.0.222.b10-1.el7_7.x86_64/jre/lib/rt.jar:/usr/lib/jvm/java-1.8.0-openjdk-1.8.0.222.b10-1.el7_7.x86_64/jre/lib/sunrsasign.jar:/usr/lib/jvm/java-1.8.0-openjdk-1.8.0.222.b10-1.el7_7.x86_64/jre/lib/jsse.jar:/usr/lib/jvm/java-1.8.0-openjdk-1.8.0.222.b10-1.el7_7.x86_64/jre/lib/jce.jar:/usr/lib/jvm/java-1.8.0-openjdk-1.8.0.222.b10-1.el7_7.x86_64/jre/lib/charsets.jar:/usr/lib/jvm/java-1.8.0-openjdk-1.8.0.222.b10-1.el7_7.x86_64/jre/lib/jfr.jar:/usr/lib/jvm/java-1.8.0-openjdk-1.8.0.222.b10-1.el7_7.x86_64/jre/classes"/>
    <property name="sun.management.compiler" value="HotSpot 64-Bit Tiered Compilers"/>
    <property name="java.runtime.version" value="1.8.0_222-b10"/>
    <property name="java.net.preferIPv4Stack" value="true"/>
    <property name="user.name" value="jenkins1000"/>
    <property name="path.separator" value=":"/>
    <property name="java.security.egd" value="file:///dev/urandom"/>
    <property name="os.version" value="3.10.0-957.12.2.el7.x86_64"/>
    <property name="java.endorsed.dirs" value="/usr/lib/jvm/java-1.8.0-openjdk-1.8.0.222.b10-1.el7_7.x86_64/jre/lib/endorsed"/>
    <property name="java.runtime.name" value="OpenJDK Runtime Environment"/>
    <property name="file.encoding" value="ANSI_X3.4-1968"/>
    <property name="java.vm.name" value="OpenJDK 64-Bit Server VM"/>
    <property name="test.build.webapps" value=""/>
    <property name="localRepository" value="/home/user/.m2/repository"/>
    <property name="java.vendor.url.bug" value="http://bugreport.sun.com/bugreport/"/>
    <property name="java.io.tmpdir" value="/tmp"/>
    <property name="require.test.libhadoop" value=""/>
    <property name="java.version" value="1.8.0_222"/>
    <property name="user.dir" value="/workdir/hadoop-ozone/integration-test"/>
    <property name="os.arch" value="amd64"/>
    <property name="java.vm.specification.name" value="Java Virtual Machine Specification"/>
    <property name="test.build.classes" value="/workdir/hadoop-ozone/integration-test/target/test-classes"/>
    <property name="java.awt.printerjob" value="sun.print.PSPrinterJob"/>
    <property name="sun.os.patch.level" value="unknown"/>
    <property name="hadoop.tmp.dir" value="/workdir/hadoop-ozone/integration-test/target/tmp"/>
    <property name="java.library.path" value="/usr/lib:/workdir/hadoop-ozone/integration-test/target/native/target/usr/local/lib:/workdir/hadoop-ozone/integration-test/../../hadoop-common-project/hadoop-common/target/native/target/usr/local/lib:/usr/java/packages/lib/amd64:/usr/lib64:/lib64:/lib:/usr/lib"/>
    <property name="java.vm.info" value="mixed mode"/>
    <property name="java.vendor" value="Oracle Corporation"/>
    <property name="java.vm.version" value="25.222-b10"/>
    <property name="java.ext.dirs" value="/usr/lib/jvm/java-1.8.0-openjdk-1.8.0.222.b10-1.el7_7.x86_64/jre/lib/ext:/usr/java/packages/lib/ext"/>
    <property name="sun.io.unicode.encoding" value="UnicodeLittle"/>
    <property name="java.class.version" value="52.0"/>
  </properties>
  <testcase name="testDeleteKeyWithSlowFollower" classname="org.apache.hadoop.ozone.client.rpc.TestDeleteWithSlowFollower" time="112.46">
    <failure type="java.lang.AssertionError">java.lang.AssertionError
	at org.junit.Assert.fail(Assert.java:86)
	at org.junit.Assert.assertTrue(Assert.java:41)
	at org.junit.Assert.assertTrue(Assert.java:52)
	at org.apache.hadoop.ozone.client.rpc.TestDeleteWithSlowFollower.testDeleteKeyWithSlowFollower(TestDeleteWithSlowFollower.java:265)
	at sun.reflect.NativeMethodAccessorImpl.invoke0(Native Method)
	at sun.reflect.NativeMethodAccessorImpl.invoke(NativeMethodAccessorImpl.java:62)
	at sun.reflect.DelegatingMethodAccessorImpl.invoke(DelegatingMethodAccessorImpl.java:43)
	at java.lang.reflect.Method.invoke(Method.java:498)
	at org.junit.runners.model.FrameworkMethod$1.runReflectiveCall(FrameworkMethod.java:47)
	at org.junit.internal.runners.model.ReflectiveCallable.run(ReflectiveCallable.java:12)
	at org.junit.runners.model.FrameworkMethod.invokeExplosively(FrameworkMethod.java:44)
	at org.junit.internal.runners.statements.InvokeMethod.evaluate(InvokeMethod.java:17)
	at org.junit.runners.ParentRunner.runLeaf(ParentRunner.java:271)
	at org.junit.runners.BlockJUnit4ClassRunner.runChild(BlockJUnit4ClassRunner.java:70)
	at org.junit.runners.BlockJUnit4ClassRunner.runChild(BlockJUnit4ClassRunner.java:50)
	at org.junit.runners.ParentRunner$3.run(ParentRunner.java:238)
	at org.junit.runners.ParentRunner$1.schedule(ParentRunner.java:63)
	at org.junit.runners.ParentRunner.runChildren(ParentRunner.java:236)
	at org.junit.runners.ParentRunner.access$000(ParentRunner.java:53)
	at org.junit.runners.ParentRunner$2.evaluate(ParentRunner.java:229)
	at org.junit.internal.runners.statements.RunBefores.evaluate(RunBefores.java:26)
	at org.junit.internal.runners.statements.RunAfters.evaluate(RunAfters.java:27)
	at org.junit.runners.ParentRunner.run(ParentRunner.java:309)
	at org.apache.maven.surefire.junit4.JUnit4Provider.execute(JUnit4Provider.java:365)
	at org.apache.maven.surefire.junit4.JUnit4Provider.executeWithRerun(JUnit4Provider.java:273)
	at org.apache.maven.surefire.junit4.JUnit4Provider.executeTestSet(JUnit4Provider.java:238)
	at org.apache.maven.surefire.junit4.JUnit4Provider.invoke(JUnit4Provider.java:159)
	at org.apache.maven.surefire.booter.ForkedBooter.invokeProviderInSameClassLoader(ForkedBooter.java:384)
	at org.apache.maven.surefire.booter.ForkedBooter.runSuitesInProcess(ForkedBooter.java:345)
	at org.apache.maven.surefire.booter.ForkedBooter.execute(ForkedBooter.java:126)
	at org.apache.maven.surefire.booter.ForkedBooter.main(ForkedBooter.java:418)
</failure>
    <system-out><![CDATA[2019-10-18 03:58:12,031 [main] WARN  server.ServerUtils (ServerUtils.java:getScmDbDir(145)) - ozone.scm.db.dirs is not configured. We recommend adding this setting. Falling back to ozone.metadata.dirs instead.
2019-10-18 03:58:12,136 [main] WARN  server.ServerUtils (ServerUtils.java:getScmDbDir(145)) - ozone.scm.db.dirs is not configured. We recommend adding this setting. Falling back to ozone.metadata.dirs instead.
2019-10-18 03:58:12,139 [main] WARN  server.ServerUtils (ServerUtils.java:getScmDbDir(145)) - ozone.scm.db.dirs is not configured. We recommend adding this setting. Falling back to ozone.metadata.dirs instead.
2019-10-18 03:58:12,164 [main] INFO  util.log (Log.java:initialized(192)) - Logging initialized @824ms
2019-10-18 03:58:12,260 [main] INFO  db.DBStoreBuilder (DBStoreBuilder.java:addTable(117)) - using custom profile for table: deletedBlocks
2019-10-18 03:58:12,261 [main] INFO  db.DBStoreBuilder (DBStoreBuilder.java:processTables(168)) - Using default column profile:DBProfile.DISK for Table:deletedBlocks
2019-10-18 03:58:12,261 [main] INFO  db.DBStoreBuilder (DBStoreBuilder.java:addTable(117)) - using custom profile for table: validCerts
2019-10-18 03:58:12,261 [main] INFO  db.DBStoreBuilder (DBStoreBuilder.java:processTables(168)) - Using default column profile:DBProfile.DISK for Table:validCerts
2019-10-18 03:58:12,262 [main] INFO  db.DBStoreBuilder (DBStoreBuilder.java:addTable(117)) - using custom profile for table: revokedCerts
2019-10-18 03:58:12,262 [main] INFO  db.DBStoreBuilder (DBStoreBuilder.java:processTables(168)) - Using default column profile:DBProfile.DISK for Table:revokedCerts
2019-10-18 03:58:12,273 [main] INFO  db.DBStoreBuilder (DBStoreBuilder.java:addTable(117)) - using custom profile for table: default
2019-10-18 03:58:12,273 [main] INFO  db.DBStoreBuilder (DBStoreBuilder.java:processTables(174)) - Using default column profile:DBProfile.DISK for Table:default
2019-10-18 03:58:12,275 [main] INFO  db.DBStoreBuilder (DBStoreBuilder.java:getDbProfile(205)) - Using default options. DBProfile.DISK
2019-10-18 03:58:12,579 [main] INFO  net.NodeSchemaLoader (NodeSchemaLoader.java:loadSchemaFromFile(125)) - Loading file from sun.misc.CompoundEnumeration@74235045
2019-10-18 03:58:12,581 [main] INFO  net.NodeSchemaLoader (NodeSchemaLoader.java:loadSchema(171)) - Loading network topology layer schema file
2019-10-18 03:58:12,640 [main] WARN  server.ServerUtils (ServerUtils.java:sanitizeUserArgs(70)) - ozone.scm.stale.node.interval value = 1000000 is larger than max = 100000 based on the key value of ozone.scm.heartbeat.thread.interval, reset to the max value 100000.
2019-10-18 03:58:12,641 [main] WARN  server.ServerUtils (ServerUtils.java:sanitizeUserArgs(70)) - ozone.scm.stale.node.interval value = 1000000 is larger than max = 100000 based on the key value of ozone.scm.heartbeat.thread.interval, reset to the max value 100000.
2019-10-18 03:58:12,644 [main] INFO  node.SCMNodeManager (SCMNodeManager.java:<init>(116)) - Entering startup safe mode.
2019-10-18 03:58:12,705 [main] INFO  algorithms.ContainerPlacementPolicyFactory (ContainerPlacementPolicyFactory.java:getPolicy(57)) - Create container placement policy of type org.apache.hadoop.hdds.scm.container.placement.algorithms.SCMContainerPlacementRandom
2019-10-18 03:58:12,718 [main] WARN  server.ServerUtils (ServerUtils.java:getScmDbDir(145)) - ozone.scm.db.dirs is not configured. We recommend adding this setting. Falling back to ozone.metadata.dirs instead.
2019-10-18 03:58:12,836 [main] INFO  pipeline.SCMPipelineManager (SCMPipelineManager.java:initializePipelineState(132)) - No pipeline exists in current db
2019-10-18 03:58:12,839 [main] WARN  server.ServerUtils (ServerUtils.java:getScmDbDir(145)) - ozone.scm.db.dirs is not configured. We recommend adding this setting. Falling back to ozone.metadata.dirs instead.
2019-10-18 03:58:12,976 [main] WARN  events.EventQueue (EventQueue.java:fireEvent(183)) - No event handler registered for event TypedEvent{payloadType=SafeModeStatus, name='SafeModeStatus'}
2019-10-18 03:58:13,357 [main] INFO  ipc.CallQueueManager (CallQueueManager.java:<init>(84)) - Using callQueue: class java.util.concurrent.LinkedBlockingQueue, queueCapacity: 2000, scheduler: class org.apache.hadoop.ipc.DefaultRpcScheduler, ipcBackoff: false.
2019-10-18 03:58:13,503 [Socket Reader #1 for port 42707] INFO  ipc.Server (Server.java:run(1074)) - Starting Socket Reader #1 for port 42707
2019-10-18 03:58:13,542 [main] INFO  ipc.CallQueueManager (CallQueueManager.java:<init>(84)) - Using callQueue: class java.util.concurrent.LinkedBlockingQueue, queueCapacity: 2000, scheduler: class org.apache.hadoop.ipc.DefaultRpcScheduler, ipcBackoff: false.
2019-10-18 03:58:13,544 [Socket Reader #1 for port 38395] INFO  ipc.Server (Server.java:run(1074)) - Starting Socket Reader #1 for port 38395
2019-10-18 03:58:13,554 [main] INFO  ipc.CallQueueManager (CallQueueManager.java:<init>(84)) - Using callQueue: class java.util.concurrent.LinkedBlockingQueue, queueCapacity: 2000, scheduler: class org.apache.hadoop.ipc.DefaultRpcScheduler, ipcBackoff: false.
2019-10-18 03:58:13,555 [Socket Reader #1 for port 43924] INFO  ipc.Server (Server.java:run(1074)) - Starting Socket Reader #1 for port 43924
2019-10-18 03:58:13,581 [main] INFO  hdfs.DFSUtil (DFSUtil.java:httpServerTemplateForNNAndJN(1641)) - Starting Web-server for scm at: http://0.0.0.0:0
2019-10-18 03:58:13,760 [main] INFO  server.AuthenticationFilter (AuthenticationFilter.java:constructSecretProvider(240)) - Unable to initialize FileSignerSecretProvider, falling back to use random secrets.
2019-10-18 03:58:13,771 [main] WARN  http.HttpRequestLog (HttpRequestLog.java:getRequestLog(97)) - Jetty request log can only be enabled using Log4j
2019-10-18 03:58:13,780 [main] INFO  http.HttpServer2 (HttpServer2.java:addGlobalFilter(975)) - Added global filter 'safety' (class=org.apache.hadoop.http.HttpServer2$QuotingInputFilter)
2019-10-18 03:58:13,783 [main] INFO  http.HttpServer2 (HttpServer2.java:addFilter(948)) - Added filter static_user_filter (class=org.apache.hadoop.http.lib.StaticUserWebFilter$StaticUserFilter) to context scm
2019-10-18 03:58:13,783 [main] INFO  http.HttpServer2 (HttpServer2.java:addFilter(958)) - Added filter static_user_filter (class=org.apache.hadoop.http.lib.StaticUserWebFilter$StaticUserFilter) to context logs
2019-10-18 03:58:13,783 [main] INFO  http.HttpServer2 (HttpServer2.java:addFilter(958)) - Added filter static_user_filter (class=org.apache.hadoop.http.lib.StaticUserWebFilter$StaticUserFilter) to context static
2019-10-18 03:58:13,819 [main] INFO  server.StorageContainerManager (StorageContainerManager.java:start(772)) - StorageContainerLocationProtocol RPC server is listening at /0.0.0.0:43924
2019-10-18 03:58:13,897 [main] WARN  impl.MetricsConfig (MetricsConfig.java:loadFirst(134)) - Cannot locate configuration: tried hadoop-metrics2-storagecontainermanager.properties,hadoop-metrics2.properties
2019-10-18 03:58:13,912 [main] INFO  impl.MetricsSystemImpl (MetricsSystemImpl.java:startTimer(374)) - Scheduled Metric snapshot period at 10 second(s).
2019-10-18 03:58:13,912 [main] INFO  impl.MetricsSystemImpl (MetricsSystemImpl.java:start(191)) - StorageContainerManager metrics system started
2019-10-18 03:58:14,140 [main] INFO  server.SCMClientProtocolServer (SCMClientProtocolServer.java:start(159)) - RPC server for Client  is listening at /0.0.0.0:43924
2019-10-18 03:58:14,140 [IPC Server Responder] INFO  ipc.Server (Server.java:run(1314)) - IPC Server Responder: starting
2019-10-18 03:58:14,141 [IPC Server listener on 43924] INFO  ipc.Server (Server.java:run(1153)) - IPC Server listener on 43924: starting
2019-10-18 03:58:14,144 [main] INFO  server.StorageContainerManager (StorageContainerManager.java:start(782)) - ScmBlockLocationProtocol RPC server is listening at /0.0.0.0:38395
2019-10-18 03:58:14,144 [main] INFO  server.SCMBlockProtocolServer (SCMBlockProtocolServer.java:start(146)) - RPC server for Block Protocol is listening at /0.0.0.0:38395
2019-10-18 03:58:14,145 [IPC Server Responder] INFO  ipc.Server (Server.java:run(1314)) - IPC Server Responder: starting
2019-10-18 03:58:14,145 [IPC Server listener on 38395] INFO  ipc.Server (Server.java:run(1153)) - IPC Server listener on 38395: starting
2019-10-18 03:58:14,148 [main] INFO  server.StorageContainerManager (StorageContainerManager.java:start(786)) - ScmDatanodeProtocl RPC server is listening at /0.0.0.0:42707
2019-10-18 03:58:14,148 [main] INFO  server.SCMDatanodeProtocolServer (SCMDatanodeProtocolServer.java:start(169)) - RPC server for DataNodes is listening at /0.0.0.0:42707
2019-10-18 03:58:14,149 [IPC Server Responder] INFO  ipc.Server (Server.java:run(1314)) - IPC Server Responder: starting
2019-10-18 03:58:14,149 [IPC Server listener on 42707] INFO  ipc.Server (Server.java:run(1153)) - IPC Server listener on 42707: starting
2019-10-18 03:58:14,153 [main] INFO  http.HttpServer2 (HttpServer2.java:bindListener(1191)) - Jetty bound to port 36326
2019-10-18 03:58:14,154 [main] INFO  server.Server (Server.java:doStart(351)) - jetty-9.3.25.v20180904, build timestamp: 2018-09-04T21:11:46Z, git hash: 3ce520221d0240229c862b122d2b06c12a625732
2019-10-18 03:58:14,190 [main] INFO  handler.ContextHandler (ContextHandler.java:doStart(781)) - Started o.e.j.s.ServletContextHandler@42f8285e{/logs,file:///workdir/hadoop-ozone/integration-test/target/log,AVAILABLE}
2019-10-18 03:58:14,191 [main] INFO  handler.ContextHandler (ContextHandler.java:doStart(781)) - Started o.e.j.s.ServletContextHandler@3724af13{/static,file:///workdir/hadoop-ozone/integration-test/target/test-classes/webapps/static,AVAILABLE}
2019-10-18 03:58:14,238 [main] INFO  handler.ContextHandler (ContextHandler.java:doStart(781)) - Started o.e.j.w.WebAppContext@24a1c17f{/,file:///workdir/hadoop-ozone/integration-test/target/test-classes/webapps/scm/,AVAILABLE}{/scm}
2019-10-18 03:58:14,244 [main] INFO  server.AbstractConnector (AbstractConnector.java:doStart(278)) - Started ServerConnector@4d63b624{HTTP/1.1,[http/1.1]}{0.0.0.0:36326}
2019-10-18 03:58:14,245 [main] INFO  server.Server (Server.java:doStart(419)) - Started @2905ms
2019-10-18 03:58:14,247 [main] INFO  impl.MetricsSinkAdapter (MetricsSinkAdapter.java:start(204)) - Sink prometheus started
2019-10-18 03:58:14,247 [main] INFO  impl.MetricsSystemImpl (MetricsSystemImpl.java:registerSink(301)) - Registered sink prometheus
2019-10-18 03:58:14,249 [main] INFO  server.BaseHttpServer (BaseHttpServer.java:updateConnectorAddress(215)) - HTTP server of SCM is listening at http://0.0.0.0:36326
2019-10-18 03:58:14,255 [org.apache.hadoop.util.JvmPauseMonitor$Monitor@4b629f13] INFO  util.JvmPauseMonitor (JvmPauseMonitor.java:run(188)) - Starting JVM pause monitor
2019-10-18 03:58:14,257 [main] WARN  server.ServerUtils (ServerUtils.java:getDBPath(222)) - ozone.om.db.dirs is not configured. We recommend adding this setting. Falling back to ozone.metadata.dirs instead.
2019-10-18 03:58:14,358 [main] INFO  ha.OMHANodeDetails (OMHANodeDetails.java:loadOMHAConfig(190)) - Configuration either no ozone.om.address set. Falling back to the default OM address /127.0.0.1:0
2019-10-18 03:58:14,358 [main] INFO  ha.OMHANodeDetails (OMHANodeDetails.java:getOMNodeDetails(220)) - OM Service ID is not set. Setting it to the default ID: omServiceIdDefault
2019-10-18 03:58:14,360 [main] WARN  server.ServerUtils (ServerUtils.java:getDBPath(222)) - ozone.om.db.dirs is not configured. We recommend adding this setting. Falling back to ozone.metadata.dirs instead.
2019-10-18 03:58:14,361 [main] WARN  server.ServerUtils (ServerUtils.java:getDBPath(222)) - ozone.om.db.dirs is not configured. We recommend adding this setting. Falling back to ozone.metadata.dirs instead.
2019-10-18 03:58:14,912 [main] WARN  server.ServerUtils (ServerUtils.java:getDBPath(222)) - ozone.om.db.dirs is not configured. We recommend adding this setting. Falling back to ozone.metadata.dirs instead.
2019-10-18 03:58:14,919 [main] INFO  db.DBStoreBuilder (DBStoreBuilder.java:addTable(117)) - using custom profile for table: userTable
2019-10-18 03:58:14,919 [main] INFO  db.DBStoreBuilder (DBStoreBuilder.java:processTables(168)) - Using default column profile:DBProfile.DISK for Table:userTable
2019-10-18 03:58:14,919 [main] INFO  db.DBStoreBuilder (DBStoreBuilder.java:addTable(117)) - using custom profile for table: volumeTable
2019-10-18 03:58:14,919 [main] INFO  db.DBStoreBuilder (DBStoreBuilder.java:processTables(168)) - Using default column profile:DBProfile.DISK for Table:volumeTable
2019-10-18 03:58:14,920 [main] INFO  db.DBStoreBuilder (DBStoreBuilder.java:addTable(117)) - using custom profile for table: bucketTable
2019-10-18 03:58:14,920 [main] INFO  db.DBStoreBuilder (DBStoreBuilder.java:processTables(168)) - Using default column profile:DBProfile.DISK for Table:bucketTable
2019-10-18 03:58:14,920 [main] INFO  db.DBStoreBuilder (DBStoreBuilder.java:addTable(117)) - using custom profile for table: keyTable
2019-10-18 03:58:14,920 [main] INFO  db.DBStoreBuilder (DBStoreBuilder.java:processTables(168)) - Using default column profile:DBProfile.DISK for Table:keyTable
2019-10-18 03:58:14,920 [main] INFO  db.DBStoreBuilder (DBStoreBuilder.java:addTable(117)) - using custom profile for table: deletedTable
2019-10-18 03:58:14,921 [main] INFO  db.DBStoreBuilder (DBStoreBuilder.java:processTables(168)) - Using default column profile:DBProfile.DISK for Table:deletedTable
2019-10-18 03:58:14,921 [main] INFO  db.DBStoreBuilder (DBStoreBuilder.java:addTable(117)) - using custom profile for table: openKeyTable
2019-10-18 03:58:14,921 [main] INFO  db.DBStoreBuilder (DBStoreBuilder.java:processTables(168)) - Using default column profile:DBProfile.DISK for Table:openKeyTable
2019-10-18 03:58:14,921 [main] INFO  db.DBStoreBuilder (DBStoreBuilder.java:addTable(117)) - using custom profile for table: s3Table
2019-10-18 03:58:14,921 [main] INFO  db.DBStoreBuilder (DBStoreBuilder.java:processTables(168)) - Using default column profile:DBProfile.DISK for Table:s3Table
2019-10-18 03:58:14,922 [main] INFO  db.DBStoreBuilder (DBStoreBuilder.java:addTable(117)) - using custom profile for table: multipartInfoTable
2019-10-18 03:58:14,922 [main] INFO  db.DBStoreBuilder (DBStoreBuilder.java:processTables(168)) - Using default column profile:DBProfile.DISK for Table:multipartInfoTable
2019-10-18 03:58:14,922 [main] INFO  db.DBStoreBuilder (DBStoreBuilder.java:addTable(117)) - using custom profile for table: dTokenTable
2019-10-18 03:58:14,922 [main] INFO  db.DBStoreBuilder (DBStoreBuilder.java:processTables(168)) - Using default column profile:DBProfile.DISK for Table:dTokenTable
2019-10-18 03:58:14,922 [main] INFO  db.DBStoreBuilder (DBStoreBuilder.java:addTable(117)) - using custom profile for table: s3SecretTable
2019-10-18 03:58:14,922 [main] INFO  db.DBStoreBuilder (DBStoreBuilder.java:processTables(168)) - Using default column profile:DBProfile.DISK for Table:s3SecretTable
2019-10-18 03:58:14,923 [main] INFO  db.DBStoreBuilder (DBStoreBuilder.java:addTable(117)) - using custom profile for table: prefixTable
2019-10-18 03:58:14,923 [main] INFO  db.DBStoreBuilder (DBStoreBuilder.java:processTables(168)) - Using default column profile:DBProfile.DISK for Table:prefixTable
2019-10-18 03:58:14,923 [main] INFO  db.DBStoreBuilder (DBStoreBuilder.java:addTable(117)) - using custom profile for table: default
2019-10-18 03:58:14,923 [main] INFO  db.DBStoreBuilder (DBStoreBuilder.java:processTables(174)) - Using default column profile:DBProfile.DISK for Table:default
2019-10-18 03:58:14,923 [main] INFO  db.DBStoreBuilder (DBStoreBuilder.java:getDbProfile(205)) - Using default options. DBProfile.DISK
2019-10-18 03:58:15,265 [main] INFO  ipc.CallQueueManager (CallQueueManager.java:<init>(84)) - Using callQueue: class java.util.concurrent.LinkedBlockingQueue, queueCapacity: 2000, scheduler: class org.apache.hadoop.ipc.DefaultRpcScheduler, ipcBackoff: false.
2019-10-18 03:58:15,266 [Socket Reader #1 for port 34014] INFO  ipc.Server (Server.java:run(1074)) - Starting Socket Reader #1 for port 34014
2019-10-18 03:58:15,285 [main] INFO  om.OzoneManager (OzoneManager.java:start(1074)) - OzoneManager RPC server is listening at localhost/127.0.0.1:34014
2019-10-18 03:58:15,286 [main] INFO  impl.MetricsSystemImpl (MetricsSystemImpl.java:init(158)) - OzoneManager metrics system started (again)
2019-10-18 03:58:15,293 [IPC Server Responder] INFO  ipc.Server (Server.java:run(1314)) - IPC Server Responder: starting
2019-10-18 03:58:15,294 [IPC Server listener on 34014] INFO  ipc.Server (Server.java:run(1153)) - IPC Server listener on 34014: starting
2019-10-18 03:58:15,299 [main] INFO  hdfs.DFSUtil (DFSUtil.java:httpServerTemplateForNNAndJN(1641)) - Starting Web-server for ozoneManager at: http://0.0.0.0:0
2019-10-18 03:58:15,301 [main] INFO  server.AuthenticationFilter (AuthenticationFilter.java:constructSecretProvider(240)) - Unable to initialize FileSignerSecretProvider, falling back to use random secrets.
2019-10-18 03:58:15,301 [main] WARN  http.HttpRequestLog (HttpRequestLog.java:getRequestLog(97)) - Jetty request log can only be enabled using Log4j
2019-10-18 03:58:15,303 [main] INFO  http.HttpServer2 (HttpServer2.java:addGlobalFilter(975)) - Added global filter 'safety' (class=org.apache.hadoop.http.HttpServer2$QuotingInputFilter)
2019-10-18 03:58:15,304 [main] INFO  http.HttpServer2 (HttpServer2.java:addFilter(948)) - Added filter static_user_filter (class=org.apache.hadoop.http.lib.StaticUserWebFilter$StaticUserFilter) to context ozoneManager
2019-10-18 03:58:15,304 [main] INFO  http.HttpServer2 (HttpServer2.java:addFilter(958)) - Added filter static_user_filter (class=org.apache.hadoop.http.lib.StaticUserWebFilter$StaticUserFilter) to context static
2019-10-18 03:58:15,304 [main] INFO  http.HttpServer2 (HttpServer2.java:addFilter(958)) - Added filter static_user_filter (class=org.apache.hadoop.http.lib.StaticUserWebFilter$StaticUserFilter) to context logs
2019-10-18 03:58:15,306 [main] INFO  http.HttpServer2 (HttpServer2.java:bindListener(1191)) - Jetty bound to port 38999
2019-10-18 03:58:15,306 [main] INFO  server.Server (Server.java:doStart(351)) - jetty-9.3.25.v20180904, build timestamp: 2018-09-04T21:11:46Z, git hash: 3ce520221d0240229c862b122d2b06c12a625732
2019-10-18 03:58:15,308 [main] INFO  handler.ContextHandler (ContextHandler.java:doStart(781)) - Started o.e.j.s.ServletContextHandler@aa10649{/logs,file:///workdir/hadoop-ozone/integration-test/target/log,AVAILABLE}
2019-10-18 03:58:15,309 [main] INFO  handler.ContextHandler (ContextHandler.java:doStart(781)) - Started o.e.j.s.ServletContextHandler@37095ded{/static,file:///workdir/hadoop-ozone/integration-test/target/test-classes/webapps/static,AVAILABLE}
2019-10-18 03:58:15,314 [main] INFO  handler.ContextHandler (ContextHandler.java:doStart(781)) - Started o.e.j.w.WebAppContext@75b3673{/,file:///workdir/hadoop-ozone/integration-test/target/test-classes/webapps/ozoneManager/,AVAILABLE}{/ozoneManager}
2019-10-18 03:58:15,314 [main] INFO  server.AbstractConnector (AbstractConnector.java:doStart(278)) - Started ServerConnector@1bcb79c2{HTTP/1.1,[http/1.1]}{0.0.0.0:38999}
2019-10-18 03:58:15,314 [main] INFO  server.Server (Server.java:doStart(419)) - Started @3975ms
2019-10-18 03:58:15,315 [main] WARN  impl.MetricsSystemImpl (MetricsSystemImpl.java:register(276)) - Sink prometheus already exists!
2019-10-18 03:58:15,315 [main] INFO  server.BaseHttpServer (BaseHttpServer.java:updateConnectorAddress(215)) - HTTP server of OZONEMANAGER is listening at http://0.0.0.0:38999
2019-10-18 03:58:15,560 [main] INFO  impl.MetricsSystemImpl (MetricsSystemImpl.java:init(158)) - HddsDatanode metrics system started (again)
2019-10-18 03:58:15,594 [main] INFO  ozone.HddsDatanodeService (HddsDatanodeService.java:start(184)) - HddsDatanodeService host:trunk-nightly-20191018-rlnr2-3935024321 ip:192.168.157.238
2019-10-18 03:58:15,621 [main] INFO  volume.HddsVolume (HddsVolume.java:<init>(176)) - Creating Volume: /workdir/hadoop-ozone/integration-test/target/test-dir/MiniOzoneClusterImpl-36fb2caf-2745-49bb-9dac-6faaadebd701/datanode-0/data/containers/hdds of  storage type : DISK and capacity : 1482555576320
2019-10-18 03:58:15,623 [main] INFO  volume.VolumeSet (VolumeSet.java:initializeVolumeSet(170)) - Added Volume : /workdir/hadoop-ozone/integration-test/target/test-dir/MiniOzoneClusterImpl-36fb2caf-2745-49bb-9dac-6faaadebd701/datanode-0/data/containers/hdds to VolumeSet
2019-10-18 03:58:15,625 [main] INFO  volume.ThrottledAsyncChecker (ThrottledAsyncChecker.java:schedule(141)) - Scheduling a check for /workdir/hadoop-ozone/integration-test/target/test-dir/MiniOzoneClusterImpl-36fb2caf-2745-49bb-9dac-6faaadebd701/datanode-0/data/containers/hdds
2019-10-18 03:58:15,638 [main] INFO  volume.HddsVolumeChecker (HddsVolumeChecker.java:checkAllVolumes(204)) - Scheduled health check for volume /workdir/hadoop-ozone/integration-test/target/test-dir/MiniOzoneClusterImpl-36fb2caf-2745-49bb-9dac-6faaadebd701/datanode-0/data/containers/hdds
2019-10-18 03:58:15,719 [main] INFO  impl.RaftServerProxy (ConfUtils.java:logGet(43)) - raft.rpc.type = GRPC (default)
2019-10-18 03:58:15,767 [main] INFO  grpc.GrpcFactory (GrpcFactory.java:checkPooledByteBufAllocatorUseCacheForAllThreads(45)) - PERFORMANCE WARNING: useCacheForAllThreads is true that may cause Netty to create a lot garbage objects and, as a result, trigger GC.
	It is recommended to disable useCacheForAllThreads by setting -Dorg.apache.ratis.thirdparty.io.netty.allocator.useCacheForAllThreads=false in command line.
2019-10-18 03:58:15,773 [main] INFO  grpc.GrpcConfigKeys$Server (ConfUtils.java:logGet(43)) - raft.grpc.server.port = 0 (default)
2019-10-18 03:58:15,773 [main] INFO  server.GrpcService (ConfUtils.java:logGet(43)) - raft.grpc.message.size.max = 33570816 (custom)
2019-10-18 03:58:15,775 [main] INFO  server.RaftServerConfigKeys (ConfUtils.java:logGet(43)) - raft.server.log.appender.buffer.byte-limit = 33554432 (custom)
2019-10-18 03:58:15,775 [main] INFO  server.GrpcService (ConfUtils.java:logGet(43)) - raft.grpc.flow.control.window = 1MB (=1048576) (default)
2019-10-18 03:58:15,776 [main] INFO  server.RaftServerConfigKeys (ConfUtils.java:logGet(43)) - raft.server.rpc.request.timeout = 3000ms (default)
2019-10-18 03:58:15,897 [main] INFO  server.RaftServerConfigKeys (ConfUtils.java:logGet(43)) - raft.server.storage.dir = [/workdir/hadoop-ozone/integration-test/target/test-dir/MiniOzoneClusterImpl-36fb2caf-2745-49bb-9dac-6faaadebd701/datanode-0/data/ratis] (custom)
2019-10-18 03:58:15,937 [main] INFO  hdfs.DFSUtil (DFSUtil.java:httpServerTemplateForNNAndJN(1641)) - Starting Web-server for hddsDatanode at: http://0.0.0.0:0
2019-10-18 03:58:15,938 [main] INFO  server.AuthenticationFilter (AuthenticationFilter.java:constructSecretProvider(240)) - Unable to initialize FileSignerSecretProvider, falling back to use random secrets.
2019-10-18 03:58:15,939 [main] WARN  http.HttpRequestLog (HttpRequestLog.java:getRequestLog(97)) - Jetty request log can only be enabled using Log4j
2019-10-18 03:58:15,940 [main] INFO  http.HttpServer2 (HttpServer2.java:addGlobalFilter(975)) - Added global filter 'safety' (class=org.apache.hadoop.http.HttpServer2$QuotingInputFilter)
2019-10-18 03:58:15,941 [main] INFO  http.HttpServer2 (HttpServer2.java:addFilter(948)) - Added filter static_user_filter (class=org.apache.hadoop.http.lib.StaticUserWebFilter$StaticUserFilter) to context hddsDatanode
2019-10-18 03:58:15,941 [main] INFO  http.HttpServer2 (HttpServer2.java:addFilter(958)) - Added filter static_user_filter (class=org.apache.hadoop.http.lib.StaticUserWebFilter$StaticUserFilter) to context logs
2019-10-18 03:58:15,941 [main] INFO  http.HttpServer2 (HttpServer2.java:addFilter(958)) - Added filter static_user_filter (class=org.apache.hadoop.http.lib.StaticUserWebFilter$StaticUserFilter) to context static
2019-10-18 03:58:15,942 [main] INFO  http.HttpServer2 (HttpServer2.java:bindListener(1191)) - Jetty bound to port 36972
2019-10-18 03:58:15,942 [main] INFO  server.Server (Server.java:doStart(351)) - jetty-9.3.25.v20180904, build timestamp: 2018-09-04T21:11:46Z, git hash: 3ce520221d0240229c862b122d2b06c12a625732
2019-10-18 03:58:15,944 [main] INFO  handler.ContextHandler (ContextHandler.java:doStart(781)) - Started o.e.j.s.ServletContextHandler@60cf62ad{/logs,file:///workdir/hadoop-ozone/integration-test/target/log,AVAILABLE}
2019-10-18 03:58:15,945 [main] INFO  handler.ContextHandler (ContextHandler.java:doStart(781)) - Started o.e.j.s.ServletContextHandler@1ac4ccad{/static,jar:file:/home/user/.m2/repository/org/apache/hadoop/hadoop-hdds-container-service/0.5.0-SNAPSHOT/hadoop-hdds-container-service-0.5.0-SNAPSHOT.jar!/webapps/static,AVAILABLE}
2019-10-18 03:58:15,974 [main] INFO  handler.ContextHandler (ContextHandler.java:doStart(781)) - Started o.e.j.w.WebAppContext@de8039f{/,file:///tmp/jetty-0.0.0.0-36972-hddsDatanode-_-any-4139050131007072411.dir/webapp/,AVAILABLE}{/hddsDatanode}
2019-10-18 03:58:15,974 [main] INFO  server.AbstractConnector (AbstractConnector.java:doStart(278)) - Started ServerConnector@1deceb67{HTTP/1.1,[http/1.1]}{0.0.0.0:36972}
2019-10-18 03:58:15,975 [main] INFO  server.Server (Server.java:doStart(419)) - Started @4635ms
2019-10-18 03:58:15,975 [main] WARN  impl.MetricsSystemImpl (MetricsSystemImpl.java:register(276)) - Sink prometheus already exists!
2019-10-18 03:58:15,976 [main] INFO  server.BaseHttpServer (BaseHttpServer.java:updateConnectorAddress(215)) - HTTP server of HDDSDATANODE is listening at http://0.0.0.0:36972
2019-10-18 03:58:15,977 [main] INFO  impl.MetricsSystemImpl (MetricsSystemImpl.java:init(158)) - HddsDatanode metrics system started (again)
2019-10-18 03:58:15,979 [main] INFO  ozone.HddsDatanodeService (HddsDatanodeService.java:start(184)) - HddsDatanodeService host:trunk-nightly-20191018-rlnr2-3935024321 ip:192.168.157.238
2019-10-18 03:58:15,982 [org.apache.hadoop.util.JvmPauseMonitor$Monitor@746ff69f] INFO  util.JvmPauseMonitor (JvmPauseMonitor.java:run(188)) - Starting JVM pause monitor
2019-10-18 03:58:15,989 [main] INFO  volume.HddsVolume (HddsVolume.java:<init>(176)) - Creating Volume: /workdir/hadoop-ozone/integration-test/target/test-dir/MiniOzoneClusterImpl-36fb2caf-2745-49bb-9dac-6faaadebd701/datanode-1/data/containers/hdds of  storage type : DISK and capacity : 1482555576320
2019-10-18 03:58:15,989 [main] INFO  volume.VolumeSet (VolumeSet.java:initializeVolumeSet(170)) - Added Volume : /workdir/hadoop-ozone/integration-test/target/test-dir/MiniOzoneClusterImpl-36fb2caf-2745-49bb-9dac-6faaadebd701/datanode-1/data/containers/hdds to VolumeSet
2019-10-18 03:58:15,989 [main] INFO  volume.ThrottledAsyncChecker (ThrottledAsyncChecker.java:schedule(141)) - Scheduling a check for /workdir/hadoop-ozone/integration-test/target/test-dir/MiniOzoneClusterImpl-36fb2caf-2745-49bb-9dac-6faaadebd701/datanode-1/data/containers/hdds
2019-10-18 03:58:15,990 [main] INFO  volume.HddsVolumeChecker (HddsVolumeChecker.java:checkAllVolumes(204)) - Scheduled health check for volume /workdir/hadoop-ozone/integration-test/target/test-dir/MiniOzoneClusterImpl-36fb2caf-2745-49bb-9dac-6faaadebd701/datanode-1/data/containers/hdds
2019-10-18 03:58:16,002 [main] INFO  impl.RaftServerProxy (ConfUtils.java:logGet(43)) - raft.rpc.type = GRPC (default)
2019-10-18 03:58:16,003 [main] INFO  grpc.GrpcFactory (GrpcFactory.java:checkPooledByteBufAllocatorUseCacheForAllThreads(45)) - PERFORMANCE WARNING: useCacheForAllThreads is true that may cause Netty to create a lot garbage objects and, as a result, trigger GC.
	It is recommended to disable useCacheForAllThreads by setting -Dorg.apache.ratis.thirdparty.io.netty.allocator.useCacheForAllThreads=false in command line.
2019-10-18 03:58:16,003 [main] INFO  grpc.GrpcConfigKeys$Server (ConfUtils.java:logGet(43)) - raft.grpc.server.port = 0 (default)
2019-10-18 03:58:16,003 [main] INFO  server.GrpcService (ConfUtils.java:logGet(43)) - raft.grpc.message.size.max = 33570816 (custom)
2019-10-18 03:58:16,003 [main] INFO  server.RaftServerConfigKeys (ConfUtils.java:logGet(43)) - raft.server.log.appender.buffer.byte-limit = 33554432 (custom)
2019-10-18 03:58:16,003 [main] INFO  server.GrpcService (ConfUtils.java:logGet(43)) - raft.grpc.flow.control.window = 1MB (=1048576) (default)
2019-10-18 03:58:16,004 [main] INFO  server.RaftServerConfigKeys (ConfUtils.java:logGet(43)) - raft.server.rpc.request.timeout = 3000ms (default)
2019-10-18 03:58:16,004 [main] INFO  server.RaftServerConfigKeys (ConfUtils.java:logGet(43)) - raft.server.storage.dir = [/workdir/hadoop-ozone/integration-test/target/test-dir/MiniOzoneClusterImpl-36fb2caf-2745-49bb-9dac-6faaadebd701/datanode-1/data/ratis] (custom)
2019-10-18 03:58:16,006 [main] INFO  hdfs.DFSUtil (DFSUtil.java:httpServerTemplateForNNAndJN(1641)) - Starting Web-server for hddsDatanode at: http://0.0.0.0:0
2019-10-18 03:58:16,007 [main] INFO  server.AuthenticationFilter (AuthenticationFilter.java:constructSecretProvider(240)) - Unable to initialize FileSignerSecretProvider, falling back to use random secrets.
2019-10-18 03:58:16,007 [main] WARN  http.HttpRequestLog (HttpRequestLog.java:getRequestLog(97)) - Jetty request log can only be enabled using Log4j
2019-10-18 03:58:16,008 [main] INFO  http.HttpServer2 (HttpServer2.java:addGlobalFilter(975)) - Added global filter 'safety' (class=org.apache.hadoop.http.HttpServer2$QuotingInputFilter)
2019-10-18 03:58:16,009 [main] INFO  http.HttpServer2 (HttpServer2.java:addFilter(948)) - Added filter static_user_filter (class=org.apache.hadoop.http.lib.StaticUserWebFilter$StaticUserFilter) to context hddsDatanode
2019-10-18 03:58:16,009 [main] INFO  http.HttpServer2 (HttpServer2.java:addFilter(958)) - Added filter static_user_filter (class=org.apache.hadoop.http.lib.StaticUserWebFilter$StaticUserFilter) to context logs
2019-10-18 03:58:16,009 [main] INFO  http.HttpServer2 (HttpServer2.java:addFilter(958)) - Added filter static_user_filter (class=org.apache.hadoop.http.lib.StaticUserWebFilter$StaticUserFilter) to context static
2019-10-18 03:58:16,010 [main] INFO  http.HttpServer2 (HttpServer2.java:bindListener(1191)) - Jetty bound to port 39689
2019-10-18 03:58:16,010 [main] INFO  server.Server (Server.java:doStart(351)) - jetty-9.3.25.v20180904, build timestamp: 2018-09-04T21:11:46Z, git hash: 3ce520221d0240229c862b122d2b06c12a625732
2019-10-18 03:58:16,012 [main] INFO  handler.ContextHandler (ContextHandler.java:doStart(781)) - Started o.e.j.s.ServletContextHandler@1907874b{/logs,file:///workdir/hadoop-ozone/integration-test/target/log,AVAILABLE}
2019-10-18 03:58:16,012 [main] INFO  handler.ContextHandler (ContextHandler.java:doStart(781)) - Started o.e.j.s.ServletContextHandler@5b3a7ef5{/static,jar:file:/home/user/.m2/repository/org/apache/hadoop/hadoop-hdds-container-service/0.5.0-SNAPSHOT/hadoop-hdds-container-service-0.5.0-SNAPSHOT.jar!/webapps/static,AVAILABLE}
2019-10-18 03:58:16,038 [main] INFO  handler.ContextHandler (ContextHandler.java:doStart(781)) - Started o.e.j.w.WebAppContext@660f0c{/,file:///tmp/jetty-0.0.0.0-39689-hddsDatanode-_-any-1520192410567600927.dir/webapp/,AVAILABLE}{/hddsDatanode}
2019-10-18 03:58:16,039 [main] INFO  server.AbstractConnector (AbstractConnector.java:doStart(278)) - Started ServerConnector@7a0ef219{HTTP/1.1,[http/1.1]}{0.0.0.0:39689}
2019-10-18 03:58:16,040 [main] INFO  server.Server (Server.java:doStart(419)) - Started @4700ms
2019-10-18 03:58:16,040 [main] WARN  impl.MetricsSystemImpl (MetricsSystemImpl.java:register(276)) - Sink prometheus already exists!
2019-10-18 03:58:16,041 [main] INFO  server.BaseHttpServer (BaseHttpServer.java:updateConnectorAddress(215)) - HTTP server of HDDSDATANODE is listening at http://0.0.0.0:39689
2019-10-18 03:58:16,042 [main] INFO  impl.MetricsSystemImpl (MetricsSystemImpl.java:init(158)) - HddsDatanode metrics system started (again)
2019-10-18 03:58:16,044 [main] INFO  ozone.HddsDatanodeService (HddsDatanodeService.java:start(184)) - HddsDatanodeService host:trunk-nightly-20191018-rlnr2-3935024321 ip:192.168.157.238
2019-10-18 03:58:16,045 [org.apache.hadoop.util.JvmPauseMonitor$Monitor@664f344d] INFO  util.JvmPauseMonitor (JvmPauseMonitor.java:run(188)) - Starting JVM pause monitor
2019-10-18 03:58:16,052 [main] INFO  volume.HddsVolume (HddsVolume.java:<init>(176)) - Creating Volume: /workdir/hadoop-ozone/integration-test/target/test-dir/MiniOzoneClusterImpl-36fb2caf-2745-49bb-9dac-6faaadebd701/datanode-2/data/containers/hdds of  storage type : DISK and capacity : 1482555576320
2019-10-18 03:58:16,053 [main] INFO  volume.VolumeSet (VolumeSet.java:initializeVolumeSet(170)) - Added Volume : /workdir/hadoop-ozone/integration-test/target/test-dir/MiniOzoneClusterImpl-36fb2caf-2745-49bb-9dac-6faaadebd701/datanode-2/data/containers/hdds to VolumeSet
2019-10-18 03:58:16,053 [main] INFO  volume.ThrottledAsyncChecker (ThrottledAsyncChecker.java:schedule(141)) - Scheduling a check for /workdir/hadoop-ozone/integration-test/target/test-dir/MiniOzoneClusterImpl-36fb2caf-2745-49bb-9dac-6faaadebd701/datanode-2/data/containers/hdds
2019-10-18 03:58:16,054 [main] INFO  volume.HddsVolumeChecker (HddsVolumeChecker.java:checkAllVolumes(204)) - Scheduled health check for volume /workdir/hadoop-ozone/integration-test/target/test-dir/MiniOzoneClusterImpl-36fb2caf-2745-49bb-9dac-6faaadebd701/datanode-2/data/containers/hdds
2019-10-18 03:58:16,066 [main] INFO  impl.RaftServerProxy (ConfUtils.java:logGet(43)) - raft.rpc.type = GRPC (default)
2019-10-18 03:58:16,066 [main] INFO  grpc.GrpcFactory (GrpcFactory.java:checkPooledByteBufAllocatorUseCacheForAllThreads(45)) - PERFORMANCE WARNING: useCacheForAllThreads is true that may cause Netty to create a lot garbage objects and, as a result, trigger GC.
	It is recommended to disable useCacheForAllThreads by setting -Dorg.apache.ratis.thirdparty.io.netty.allocator.useCacheForAllThreads=false in command line.
2019-10-18 03:58:16,066 [main] INFO  grpc.GrpcConfigKeys$Server (ConfUtils.java:logGet(43)) - raft.grpc.server.port = 0 (default)
2019-10-18 03:58:16,066 [main] INFO  server.GrpcService (ConfUtils.java:logGet(43)) - raft.grpc.message.size.max = 33570816 (custom)
2019-10-18 03:58:16,067 [main] INFO  server.RaftServerConfigKeys (ConfUtils.java:logGet(43)) - raft.server.log.appender.buffer.byte-limit = 33554432 (custom)
2019-10-18 03:58:16,067 [main] INFO  server.GrpcService (ConfUtils.java:logGet(43)) - raft.grpc.flow.control.window = 1MB (=1048576) (default)
2019-10-18 03:58:16,067 [main] INFO  server.RaftServerConfigKeys (ConfUtils.java:logGet(43)) - raft.server.rpc.request.timeout = 3000ms (default)
2019-10-18 03:58:16,067 [main] INFO  server.RaftServerConfigKeys (ConfUtils.java:logGet(43)) - raft.server.storage.dir = [/workdir/hadoop-ozone/integration-test/target/test-dir/MiniOzoneClusterImpl-36fb2caf-2745-49bb-9dac-6faaadebd701/datanode-2/data/ratis] (custom)
2019-10-18 03:58:16,069 [main] INFO  hdfs.DFSUtil (DFSUtil.java:httpServerTemplateForNNAndJN(1641)) - Starting Web-server for hddsDatanode at: http://0.0.0.0:0
2019-10-18 03:58:16,070 [main] INFO  server.AuthenticationFilter (AuthenticationFilter.java:constructSecretProvider(240)) - Unable to initialize FileSignerSecretProvider, falling back to use random secrets.
2019-10-18 03:58:16,071 [main] WARN  http.HttpRequestLog (HttpRequestLog.java:getRequestLog(97)) - Jetty request log can only be enabled using Log4j
2019-10-18 03:58:16,072 [main] INFO  http.HttpServer2 (HttpServer2.java:addGlobalFilter(975)) - Added global filter 'safety' (class=org.apache.hadoop.http.HttpServer2$QuotingInputFilter)
2019-10-18 03:58:16,073 [main] INFO  http.HttpServer2 (HttpServer2.java:addFilter(948)) - Added filter static_user_filter (class=org.apache.hadoop.http.lib.StaticUserWebFilter$StaticUserFilter) to context hddsDatanode
2019-10-18 03:58:16,073 [main] INFO  http.HttpServer2 (HttpServer2.java:addFilter(958)) - Added filter static_user_filter (class=org.apache.hadoop.http.lib.StaticUserWebFilter$StaticUserFilter) to context logs
2019-10-18 03:58:16,073 [main] INFO  http.HttpServer2 (HttpServer2.java:addFilter(958)) - Added filter static_user_filter (class=org.apache.hadoop.http.lib.StaticUserWebFilter$StaticUserFilter) to context static
2019-10-18 03:58:16,073 [main] INFO  http.HttpServer2 (HttpServer2.java:bindListener(1191)) - Jetty bound to port 34981
2019-10-18 03:58:16,074 [main] INFO  server.Server (Server.java:doStart(351)) - jetty-9.3.25.v20180904, build timestamp: 2018-09-04T21:11:46Z, git hash: 3ce520221d0240229c862b122d2b06c12a625732
2019-10-18 03:58:16,077 [main] INFO  handler.ContextHandler (ContextHandler.java:doStart(781)) - Started o.e.j.s.ServletContextHandler@6069dd38{/logs,file:///workdir/hadoop-ozone/integration-test/target/log,AVAILABLE}
2019-10-18 03:58:16,077 [main] INFO  handler.ContextHandler (ContextHandler.java:doStart(781)) - Started o.e.j.s.ServletContextHandler@558756be{/static,jar:file:/home/user/.m2/repository/org/apache/hadoop/hadoop-hdds-container-service/0.5.0-SNAPSHOT/hadoop-hdds-container-service-0.5.0-SNAPSHOT.jar!/webapps/static,AVAILABLE}
2019-10-18 03:58:16,102 [main] INFO  handler.ContextHandler (ContextHandler.java:doStart(781)) - Started o.e.j.w.WebAppContext@54e3658c{/,file:///tmp/jetty-0.0.0.0-34981-hddsDatanode-_-any-1459277896495089631.dir/webapp/,AVAILABLE}{/hddsDatanode}
2019-10-18 03:58:16,103 [main] INFO  server.AbstractConnector (AbstractConnector.java:doStart(278)) - Started ServerConnector@43e9089{HTTP/1.1,[http/1.1]}{0.0.0.0:34981}
2019-10-18 03:58:16,103 [main] INFO  server.Server (Server.java:doStart(419)) - Started @4764ms
2019-10-18 03:58:16,103 [main] WARN  impl.MetricsSystemImpl (MetricsSystemImpl.java:register(276)) - Sink prometheus already exists!
2019-10-18 03:58:16,105 [main] INFO  server.BaseHttpServer (BaseHttpServer.java:updateConnectorAddress(215)) - HTTP server of HDDSDATANODE is listening at http://0.0.0.0:34981
2019-10-18 03:58:16,106 [main] INFO  ozone.MiniOzoneClusterImpl (MiniOzoneClusterImpl.java:lambda$waitForClusterToBeReady$0(147)) - Waiting for cluster to be ready. Got 0 of 3 DN Heartbeats.
2019-10-18 03:58:16,107 [Datanode State Machine Thread - 0] INFO  datanode.InitDatanodeState (InitDatanodeState.java:persistContainerDatanodeDetails(140)) - DatanodeDetails is persisted to /workdir/hadoop-ozone/integration-test/target/test-dir/MiniOzoneClusterImpl-36fb2caf-2745-49bb-9dac-6faaadebd701/datanode-0/meta/datanode.id
2019-10-18 03:58:16,109 [org.apache.hadoop.util.JvmPauseMonitor$Monitor@2b9f060e] INFO  util.JvmPauseMonitor (JvmPauseMonitor.java:run(188)) - Starting JVM pause monitor
2019-10-18 03:58:16,112 [Datanode State Machine Thread - 0] INFO  datanode.InitDatanodeState (InitDatanodeState.java:persistContainerDatanodeDetails(140)) - DatanodeDetails is persisted to /workdir/hadoop-ozone/integration-test/target/test-dir/MiniOzoneClusterImpl-36fb2caf-2745-49bb-9dac-6faaadebd701/datanode-1/meta/datanode.id
2019-10-18 03:58:16,113 [Datanode State Machine Thread - 0] INFO  datanode.InitDatanodeState (InitDatanodeState.java:persistContainerDatanodeDetails(140)) - DatanodeDetails is persisted to /workdir/hadoop-ozone/integration-test/target/test-dir/MiniOzoneClusterImpl-36fb2caf-2745-49bb-9dac-6faaadebd701/datanode-2/meta/datanode.id
2019-10-18 03:58:17,107 [main] INFO  ozone.MiniOzoneClusterImpl (MiniOzoneClusterImpl.java:lambda$waitForClusterToBeReady$0(147)) - Waiting for cluster to be ready. Got 0 of 3 DN Heartbeats.
2019-10-18 03:58:18,077 [Datanode State Machine Thread - 0] INFO  ozoneimpl.OzoneContainer (OzoneContainer.java:start(213)) - Attempting to start container services.
2019-10-18 03:58:18,077 [Datanode State Machine Thread - 0] INFO  ozoneimpl.OzoneContainer (OzoneContainer.java:start(213)) - Attempting to start container services.
2019-10-18 03:58:18,081 [Datanode State Machine Thread - 0] INFO  ozoneimpl.OzoneContainer (OzoneContainer.java:startContainerScrub(177)) - Background container scanner has been disabled.
2019-10-18 03:58:18,081 [Datanode State Machine Thread - 0] INFO  ozoneimpl.OzoneContainer (OzoneContainer.java:startContainerScrub(177)) - Background container scanner has been disabled.
2019-10-18 03:58:18,081 [Datanode State Machine Thread - 0] INFO  ratis.XceiverServerRatis (XceiverServerRatis.java:start(418)) - Starting XceiverServerRatis 20f566ef-d50a-432c-acfc-b325de8c1be4 at port 0
2019-10-18 03:58:18,082 [Datanode State Machine Thread - 0] INFO  ratis.XceiverServerRatis (XceiverServerRatis.java:start(418)) - Starting XceiverServerRatis 04d45094-7136-40c1-bdbb-fee737a34122 at port 0
2019-10-18 03:58:18,109 [main] INFO  ozone.MiniOzoneClusterImpl (MiniOzoneClusterImpl.java:lambda$waitForClusterToBeReady$0(147)) - Waiting for cluster to be ready. Got 0 of 3 DN Heartbeats.
2019-10-18 03:58:18,124 [Datanode State Machine Thread - 0] INFO  impl.RaftServerProxy (RaftServerProxy.java:lambda$start$3(299)) - 04d45094-7136-40c1-bdbb-fee737a34122: start RPC server
2019-10-18 03:58:18,124 [Datanode State Machine Thread - 0] INFO  impl.RaftServerProxy (RaftServerProxy.java:lambda$start$3(299)) - 20f566ef-d50a-432c-acfc-b325de8c1be4: start RPC server
2019-10-18 03:58:18,141 [Datanode State Machine Thread - 0] INFO  ozoneimpl.OzoneContainer (OzoneContainer.java:start(213)) - Attempting to start container services.
2019-10-18 03:58:18,146 [Datanode State Machine Thread - 0] INFO  ozoneimpl.OzoneContainer (OzoneContainer.java:startContainerScrub(177)) - Background container scanner has been disabled.
2019-10-18 03:58:18,147 [Datanode State Machine Thread - 0] INFO  ratis.XceiverServerRatis (XceiverServerRatis.java:start(418)) - Starting XceiverServerRatis d3e03273-8c79-4c12-9358-0a8612c41dd7 at port 0
2019-10-18 03:58:18,158 [Datanode State Machine Thread - 0] INFO  impl.RaftServerProxy (RaftServerProxy.java:lambda$start$3(299)) - d3e03273-8c79-4c12-9358-0a8612c41dd7: start RPC server
2019-10-18 03:58:18,270 [Datanode State Machine Thread - 0] INFO  server.GrpcService (GrpcService.java:startImpl(158)) - 04d45094-7136-40c1-bdbb-fee737a34122: GrpcService started, listening on 0.0.0.0/0.0.0.0:41949
2019-10-18 03:58:18,270 [Datanode State Machine Thread - 0] INFO  server.GrpcService (GrpcService.java:startImpl(158)) - d3e03273-8c79-4c12-9358-0a8612c41dd7: GrpcService started, listening on 0.0.0.0/0.0.0.0:40960
2019-10-18 03:58:18,270 [Datanode State Machine Thread - 0] INFO  server.GrpcService (GrpcService.java:startImpl(158)) - 20f566ef-d50a-432c-acfc-b325de8c1be4: GrpcService started, listening on 0.0.0.0/0.0.0.0:44964
2019-10-18 03:58:18,272 [Datanode State Machine Thread - 0] INFO  ratis.XceiverServerRatis (XceiverServerRatis.java:start(428)) - XceiverServerRatis d3e03273-8c79-4c12-9358-0a8612c41dd7 is started using port 40960
2019-10-18 03:58:18,272 [Datanode State Machine Thread - 0] INFO  ratis.XceiverServerRatis (XceiverServerRatis.java:start(428)) - XceiverServerRatis 04d45094-7136-40c1-bdbb-fee737a34122 is started using port 41949
2019-10-18 03:58:18,272 [Datanode State Machine Thread - 0] INFO  ratis.XceiverServerRatis (XceiverServerRatis.java:start(428)) - XceiverServerRatis 20f566ef-d50a-432c-acfc-b325de8c1be4 is started using port 44964
2019-10-18 03:58:18,277 [Datanode State Machine Thread - 0] INFO  server.XceiverServerGrpc (XceiverServerGrpc.java:start(149)) - XceiverServerGrpc 20f566ef-d50a-432c-acfc-b325de8c1be4 is started using port 35262
2019-10-18 03:58:18,277 [Datanode State Machine Thread - 0] INFO  server.XceiverServerGrpc (XceiverServerGrpc.java:start(149)) - XceiverServerGrpc d3e03273-8c79-4c12-9358-0a8612c41dd7 is started using port 36006
2019-10-18 03:58:18,277 [Datanode State Machine Thread - 0] INFO  server.XceiverServerGrpc (XceiverServerGrpc.java:start(149)) - XceiverServerGrpc 04d45094-7136-40c1-bdbb-fee737a34122 is started using port 36357
2019-10-18 03:58:19,110 [main] INFO  ozone.MiniOzoneClusterImpl (MiniOzoneClusterImpl.java:lambda$waitForClusterToBeReady$0(147)) - Waiting for cluster to be ready. Got 0 of 3 DN Heartbeats.
2019-10-18 03:58:20,021 [IPC Server handler 0 on 42707] INFO  net.NetworkTopology (NetworkTopologyImpl.java:add(111)) - Added a new node: /default-rack/20f566ef-d50a-432c-acfc-b325de8c1be4
2019-10-18 03:58:20,022 [IPC Server handler 0 on 42707] INFO  node.SCMNodeManager (SCMNodeManager.java:register(268)) - Registered Data node : 20f566ef-d50a-432c-acfc-b325de8c1be4{ip: 192.168.157.238, host: trunk-nightly-20191018-rlnr2-3935024321, networkLocation: /default-rack, certSerialId: null}
2019-10-18 03:58:20,026 [EventQueue-NodeRegistrationContainerReportForDataNodeSafeModeRule] INFO  safemode.SCMSafeModeManager (DataNodeSafeModeRule.java:process(71)) - SCM in safe mode. 1 DataNodes registered, 1 required.
2019-10-18 03:58:20,026 [EventQueue-NodeRegistrationContainerReportForDataNodeSafeModeRule] INFO  safemode.SCMSafeModeManager (SCMSafeModeManager.java:validateSafeModeExitRules(177)) - ScmSafeModeManager, all rules are successfully validated
2019-10-18 03:58:20,026 [EventQueue-NodeRegistrationContainerReportForDataNodeSafeModeRule] INFO  safemode.SCMSafeModeManager (SCMSafeModeManager.java:exitSafeMode(193)) - SCM exiting safe mode.
2019-10-18 03:58:20,048 [IPC Server handler 2 on 42707] INFO  net.NetworkTopology (NetworkTopologyImpl.java:add(111)) - Added a new node: /default-rack/04d45094-7136-40c1-bdbb-fee737a34122
2019-10-18 03:58:20,048 [IPC Server handler 2 on 42707] INFO  node.SCMNodeManager (SCMNodeManager.java:register(268)) - Registered Data node : 04d45094-7136-40c1-bdbb-fee737a34122{ip: 192.168.157.238, host: trunk-nightly-20191018-rlnr2-3935024321, networkLocation: /default-rack, certSerialId: null}
2019-10-18 03:58:20,110 [main] INFO  ozone.MiniOzoneClusterImpl (MiniOzoneClusterImpl.java:lambda$waitForClusterToBeReady$0(147)) - Waiting for cluster to be ready. Got 2 of 3 DN Heartbeats.
2019-10-18 03:58:20,113 [IPC Server handler 1 on 42707] INFO  net.NetworkTopology (NetworkTopologyImpl.java:add(111)) - Added a new node: /default-rack/d3e03273-8c79-4c12-9358-0a8612c41dd7
2019-10-18 03:58:20,114 [IPC Server handler 1 on 42707] INFO  node.SCMNodeManager (SCMNodeManager.java:register(268)) - Registered Data node : d3e03273-8c79-4c12-9358-0a8612c41dd7{ip: 192.168.157.238, host: trunk-nightly-20191018-rlnr2-3935024321, networkLocation: /default-rack, certSerialId: null}
2019-10-18 03:58:20,520 [grpc-default-executor-0] INFO  impl.RaftServerProxy (RaftServerProxy.java:addNew(89)) - 20f566ef-d50a-432c-acfc-b325de8c1be4: addNew group-CD46AEDEDA1E:[20f566ef-d50a-432c-acfc-b325de8c1be4:192.168.157.238:44964] returns group-CD46AEDEDA1E:java.util.concurrent.CompletableFuture@26c57e4e[Not completed]
2019-10-18 03:58:20,534 [pool-27-thread-1] INFO  impl.RaftServerImpl (RaftServerImpl.java:<init>(104)) - 20f566ef-d50a-432c-acfc-b325de8c1be4: new RaftServerImpl for group-CD46AEDEDA1E:[20f566ef-d50a-432c-acfc-b325de8c1be4:192.168.157.238:44964] with ContainerStateMachine:uninitialized
2019-10-18 03:58:20,537 [pool-27-thread-1] INFO  server.RaftServerConfigKeys (ConfUtils.java:logGet(43)) - raft.server.rpc.timeout.min = 5s (custom)
2019-10-18 03:58:20,538 [pool-27-thread-1] INFO  server.RaftServerConfigKeys (ConfUtils.java:logGet(43)) - raft.server.rpc.timeout.max = 5200ms (custom)
2019-10-18 03:58:20,539 [pool-27-thread-1] INFO  server.RaftServerConfigKeys (ConfUtils.java:logGet(43)) - raft.server.rpcslowness.timeout = 1000s (custom)
2019-10-18 03:58:20,540 [pool-27-thread-1] INFO  server.RaftServerConfigKeys (ConfUtils.java:logGet(43)) - raft.server.sleep.deviation.threshold = 300 (default)
2019-10-18 03:58:20,541 [pool-27-thread-1] INFO  server.RaftServerConfigKeys (ConfUtils.java:logGet(43)) - raft.server.log.appender.install.snapshot.enabled = false (custom)
2019-10-18 03:58:20,550 [pool-27-thread-1] INFO  impl.RaftServerImpl (ServerState.java:<init>(103)) - 20f566ef-d50a-432c-acfc-b325de8c1be4@group-CD46AEDEDA1E: ConfigurationManager, init=-1: [20f566ef-d50a-432c-acfc-b325de8c1be4:192.168.157.238:44964], old=null, confs=<EMPTY_MAP>
2019-10-18 03:58:20,550 [pool-27-thread-1] INFO  server.RaftServerConfigKeys (ConfUtils.java:logGet(43)) - raft.server.storage.dir = [/workdir/hadoop-ozone/integration-test/target/test-dir/MiniOzoneClusterImpl-36fb2caf-2745-49bb-9dac-6faaadebd701/datanode-0/data/ratis] (custom)
2019-10-18 03:58:20,558 [pool-27-thread-1] INFO  server.RaftServerConfigKeys (ConfUtils.java:logGet(43)) - raft.server.log.corruption.policy = EXCEPTION (default)
2019-10-18 03:58:20,560 [pool-27-thread-1] INFO  storage.RaftStorageDirectory (RaftStorageDirectory.java:analyzeStorage(246)) - The storage directory /workdir/hadoop-ozone/integration-test/target/test-dir/MiniOzoneClusterImpl-36fb2caf-2745-49bb-9dac-6faaadebd701/datanode-0/data/ratis/212c639b-4629-4918-b560-cd46aededa1e does not exist. Creating ...
2019-10-18 03:58:20,580 [pool-27-thread-1] INFO  storage.RaftStorageDirectory (RaftStorageDirectory.java:tryLock(328)) - Lock on /workdir/hadoop-ozone/integration-test/target/test-dir/MiniOzoneClusterImpl-36fb2caf-2745-49bb-9dac-6faaadebd701/datanode-0/data/ratis/212c639b-4629-4918-b560-cd46aededa1e/in_use.lock acquired by nodename 2810@trunk-nightly-20191018-rlnr2-3935024321
2019-10-18 03:58:20,596 [pool-27-thread-1] INFO  storage.RaftStorage (RaftStorage.java:format(84)) - Storage directory /workdir/hadoop-ozone/integration-test/target/test-dir/MiniOzoneClusterImpl-36fb2caf-2745-49bb-9dac-6faaadebd701/datanode-0/data/ratis/212c639b-4629-4918-b560-cd46aededa1e has been successfully formatted.
2019-10-18 03:58:20,599 [pool-27-thread-1] INFO  ratis.ContainerStateMachine (ContainerStateMachine.java:loadSnapshot(231)) - group-CD46AEDEDA1E: The snapshot info is null. Setting the last applied indexto:(t:0, i:~)
2019-10-18 03:58:20,600 [pool-27-thread-1] INFO  server.RaftServerConfigKeys (ConfUtils.java:logGet(43)) - raft.server.notification.no-leader.timeout = 1000s (custom)
2019-10-18 03:58:20,603 [pool-27-thread-1] INFO  server.RaftServerConfigKeys (ConfUtils.java:logGet(43)) - raft.server.log.use.memory = false (default)
2019-10-18 03:58:20,610 [pool-27-thread-1] INFO  server.RaftServerConfigKeys (ConfUtils.java:logGet(43)) - raft.server.log.purge.gap = 1000000 (custom)
2019-10-18 03:58:20,610 [pool-27-thread-1] INFO  server.RaftServerConfigKeys (ConfUtils.java:logGet(43)) - raft.server.log.appender.buffer.byte-limit = 33554432 (custom)
2019-10-18 03:58:20,613 [pool-27-thread-1] INFO  server.RaftServerConfigKeys (ConfUtils.java:logGet(43)) - raft.server.log.segment.size.max = 1048576 (custom)
2019-10-18 03:58:20,615 [pool-27-thread-1] INFO  impl.MetricsSystemImpl (MetricsSystemImpl.java:init(158)) - ratis metrics system started (again)
2019-10-18 03:58:20,620 [pool-27-thread-1] INFO  metrics.MetricRegistries (MetricRegistriesLoader.java:load(64)) - Loaded MetricRegistries class org.apache.ratis.metrics.impl.MetricRegistriesImpl
2019-10-18 03:58:20,664 [pool-27-thread-1] INFO  server.RaftServerConfigKeys (ConfUtils.java:logGet(43)) - raft.server.log.segment.cache.num.max = 2 (custom)
2019-10-18 03:58:20,670 [pool-27-thread-1] INFO  segmented.SegmentedRaftLogWorker (SegmentedRaftLogWorker.java:<init>(173)) - new 20f566ef-d50a-432c-acfc-b325de8c1be4@group-CD46AEDEDA1E-SegmentedRaftLogWorker for RaftStorage:Storage Directory /workdir/hadoop-ozone/integration-test/target/test-dir/MiniOzoneClusterImpl-36fb2caf-2745-49bb-9dac-6faaadebd701/datanode-0/data/ratis/212c639b-4629-4918-b560-cd46aededa1e
2019-10-18 03:58:20,670 [pool-27-thread-1] INFO  server.RaftServerConfigKeys (ConfUtils.java:logGet(43)) - raft.server.log.queue.byte-limit = 2147483647 (custom)
2019-10-18 03:58:20,671 [pool-27-thread-1] INFO  server.RaftServerConfigKeys (ConfUtils.java:logGet(43)) - raft.server.log.queue.element-limit = 1024 (custom)
2019-10-18 03:58:20,672 [pool-27-thread-1] INFO  server.RaftServerConfigKeys (ConfUtils.java:logGet(43)) - raft.server.log.segment.size.max = 1048576 (custom)
2019-10-18 03:58:20,673 [pool-27-thread-1] INFO  server.RaftServerConfigKeys (ConfUtils.java:logGet(43)) - raft.server.log.preallocated.size = 16384 (custom)
2019-10-18 03:58:20,673 [pool-27-thread-1] INFO  server.RaftServerConfigKeys (ConfUtils.java:logGet(43)) - raft.server.log.write.buffer.size = 33554432 (custom)
2019-10-18 03:58:20,674 [pool-27-thread-1] INFO  server.RaftServerConfigKeys (ConfUtils.java:logGet(43)) - raft.server.log.force.sync.num = 128 (default)
2019-10-18 03:58:20,675 [pool-27-thread-1] INFO  server.RaftServerConfigKeys (ConfUtils.java:logGet(43)) - raft.server.log.statemachine.data.sync = true (default)
2019-10-18 03:58:20,675 [pool-27-thread-1] INFO  server.RaftServerConfigKeys (ConfUtils.java:logGet(43)) - raft.server.log.statemachine.data.sync.timeout = 10s (default)
2019-10-18 03:58:20,676 [pool-27-thread-1] INFO  server.RaftServerConfigKeys (ConfUtils.java:logGet(43)) - raft.server.log.statemachine.data.sync.timeout.retry = -1 (default)
2019-10-18 03:58:20,687 [pool-27-thread-1] INFO  server.RaftServerConfigKeys (ConfUtils.java:logGet(43)) - raft.server.log.statemachine.data.caching.enabled = true (custom)
2019-10-18 03:58:20,691 [pool-27-thread-1] INFO  segmented.SegmentedRaftLogWorker (SegmentedRaftLogWorker.java:lambda$new$0(128)) - 20f566ef-d50a-432c-acfc-b325de8c1be4@group-CD46AEDEDA1E-SegmentedRaftLogWorker: flushIndex: setUnconditionally 0 -> -1
2019-10-18 03:58:20,695 [pool-27-thread-1] INFO  server.RaftServerConfigKeys (ConfUtils.java:logGet(43)) - raft.server.snapshot.auto.trigger.enabled = true (custom)
2019-10-18 03:58:20,696 [pool-27-thread-1] INFO  server.RaftServerConfigKeys (ConfUtils.java:logGet(43)) - raft.server.snapshot.auto.trigger.threshold = 10000 (custom)
2019-10-18 03:58:20,697 [pool-27-thread-1] INFO  server.RaftServerConfigKeys (ConfUtils.java:logGet(43)) - raft.server.snapshot.retention.file.num = 5 (custom)
2019-10-18 03:58:20,697 [pool-27-thread-1] INFO  server.RaftServerConfigKeys (ConfUtils.java:logGet(43)) - raft.server.retrycache.expirytime = 600000ms (custom)
2019-10-18 03:58:20,725 [pool-27-thread-1] INFO  impl.RaftServerImpl (RaftServerImpl.java:start(195)) - 20f566ef-d50a-432c-acfc-b325de8c1be4@group-CD46AEDEDA1E: start as a follower, conf=-1: [20f566ef-d50a-432c-acfc-b325de8c1be4:192.168.157.238:44964], old=null
2019-10-18 03:58:20,726 [pool-27-thread-1] INFO  impl.RaftServerImpl (RaftServerImpl.java:setRole(184)) - 20f566ef-d50a-432c-acfc-b325de8c1be4@group-CD46AEDEDA1E: changes role from      null to FOLLOWER at term 0 for startAsFollower
2019-10-18 03:58:20,727 [pool-27-thread-1] INFO  impl.RoleInfo (RoleInfo.java:updateAndGet(143)) - 20f566ef-d50a-432c-acfc-b325de8c1be4: start FollowerState
2019-10-18 03:58:20,728 [pool-27-thread-1] INFO  util.JmxRegister (JmxRegister.java:tryRegister(44)) - Successfully registered JMX Bean with object name Ratis:service=RaftServer,group=group-CD46AEDEDA1E,id=20f566ef-d50a-432c-acfc-b325de8c1be4
2019-10-18 03:58:20,761 [Thread-186] INFO  impl.FollowerState (FollowerState.java:run(108)) - 20f566ef-d50a-432c-acfc-b325de8c1be4@group-CD46AEDEDA1E-FollowerState: change to CANDIDATE, lastRpcTime:33ms, electionTimeout:33ms
2019-10-18 03:58:20,764 [Thread-186] INFO  impl.RoleInfo (RoleInfo.java:shutdownFollowerState(121)) - 20f566ef-d50a-432c-acfc-b325de8c1be4: shutdown FollowerState
2019-10-18 03:58:20,765 [Thread-186] INFO  impl.RaftServerImpl (RaftServerImpl.java:setRole(184)) - 20f566ef-d50a-432c-acfc-b325de8c1be4@group-CD46AEDEDA1E: changes role from  FOLLOWER to CANDIDATE at term 0 for changeToCandidate
2019-10-18 03:58:20,771 [Thread-186] INFO  impl.RoleInfo (RoleInfo.java:updateAndGet(143)) - 20f566ef-d50a-432c-acfc-b325de8c1be4: start LeaderElection
2019-10-18 03:58:20,786 [20f566ef-d50a-432c-acfc-b325de8c1be4@group-CD46AEDEDA1E-LeaderElection1] INFO  impl.LeaderElection (LeaderElection.java:askForVotes(178)) - 20f566ef-d50a-432c-acfc-b325de8c1be4@group-CD46AEDEDA1E-LeaderElection1: begin an election at term 1 for -1: [20f566ef-d50a-432c-acfc-b325de8c1be4:192.168.157.238:44964], old=null
2019-10-18 03:58:20,789 [20f566ef-d50a-432c-acfc-b325de8c1be4@group-CD46AEDEDA1E-LeaderElection1] INFO  impl.RoleInfo (RoleInfo.java:shutdownLeaderElection(134)) - 20f566ef-d50a-432c-acfc-b325de8c1be4: shutdown LeaderElection
2019-10-18 03:58:20,789 [20f566ef-d50a-432c-acfc-b325de8c1be4@group-CD46AEDEDA1E-LeaderElection1] INFO  impl.RaftServerImpl (RaftServerImpl.java:setRole(184)) - 20f566ef-d50a-432c-acfc-b325de8c1be4@group-CD46AEDEDA1E: changes role from CANDIDATE to LEADER at term 1 for changeToLeader
2019-10-18 03:58:20,789 [20f566ef-d50a-432c-acfc-b325de8c1be4@group-CD46AEDEDA1E-LeaderElection1] INFO  impl.RaftServerImpl (ServerState.java:setLeader(256)) - 20f566ef-d50a-432c-acfc-b325de8c1be4@group-CD46AEDEDA1E: change Leader from null to 20f566ef-d50a-432c-acfc-b325de8c1be4 at term 1 for becomeLeader, leader elected after 189ms
2019-10-18 03:58:20,795 [20f566ef-d50a-432c-acfc-b325de8c1be4@group-CD46AEDEDA1E-LeaderElection1] INFO  server.RaftServerConfigKeys (ConfUtils.java:logGet(43)) - raft.server.staging.catchup.gap = 1000 (default)
2019-10-18 03:58:20,796 [20f566ef-d50a-432c-acfc-b325de8c1be4@group-CD46AEDEDA1E-LeaderElection1] INFO  server.RaftServerConfigKeys (ConfUtils.java:logGet(43)) - raft.server.rpc.sleep.time = 25ms (default)
2019-10-18 03:58:20,800 [20f566ef-d50a-432c-acfc-b325de8c1be4@group-CD46AEDEDA1E-LeaderElection1] INFO  server.RaftServerConfigKeys (ConfUtils.java:logGet(43)) - raft.server.write.element-limit = 4096 (default)
2019-10-18 03:58:20,803 [20f566ef-d50a-432c-acfc-b325de8c1be4@group-CD46AEDEDA1E-LeaderElection1] INFO  server.RaftServerConfigKeys (ConfUtils.java:logGet(43)) - raft.server.watch.timeout = 10s (default)
2019-10-18 03:58:20,804 [20f566ef-d50a-432c-acfc-b325de8c1be4@group-CD46AEDEDA1E-LeaderElection1] INFO  server.RaftServerConfigKeys (ConfUtils.java:logGet(43)) - raft.server.watch.timeout.denomination = 1s (default)
2019-10-18 03:58:20,805 [20f566ef-d50a-432c-acfc-b325de8c1be4@group-CD46AEDEDA1E-LeaderElection1] INFO  server.RaftServerConfigKeys (ConfUtils.java:logGet(43)) - raft.server.watch.element-limit = 65536 (default)
2019-10-18 03:58:20,807 [RatisPipelineUtilsThread] INFO  pipeline.PipelineStateManager (PipelineStateManager.java:addPipeline(56)) - Created pipeline Pipeline[ Id: 212c639b-4629-4918-b560-cd46aededa1e, Nodes: 20f566ef-d50a-432c-acfc-b325de8c1be4{ip: 192.168.157.238, host: trunk-nightly-20191018-rlnr2-3935024321, networkLocation: /default-rack, certSerialId: null}, Type:RATIS, Factor:ONE, State:OPEN]
2019-10-18 03:58:20,854 [20f566ef-d50a-432c-acfc-b325de8c1be4@group-CD46AEDEDA1E-LeaderElection1] INFO  impl.RoleInfo (RoleInfo.java:updateAndGet(143)) - 20f566ef-d50a-432c-acfc-b325de8c1be4: start LeaderState
2019-10-18 03:58:20,855 [grpc-default-executor-0] INFO  impl.RaftServerProxy (RaftServerProxy.java:addNew(89)) - d3e03273-8c79-4c12-9358-0a8612c41dd7: addNew group-4D2FEF3B968C:[d3e03273-8c79-4c12-9358-0a8612c41dd7:192.168.157.238:40960] returns group-4D2FEF3B968C:java.util.concurrent.CompletableFuture@48b0ef0[Not completed]
2019-10-18 03:58:20,858 [pool-47-thread-1] INFO  impl.RaftServerImpl (RaftServerImpl.java:<init>(104)) - d3e03273-8c79-4c12-9358-0a8612c41dd7: new RaftServerImpl for group-4D2FEF3B968C:[d3e03273-8c79-4c12-9358-0a8612c41dd7:192.168.157.238:40960] with ContainerStateMachine:uninitialized
2019-10-18 03:58:20,859 [pool-47-thread-1] INFO  server.RaftServerConfigKeys (ConfUtils.java:logGet(43)) - raft.server.rpc.timeout.min = 5s (custom)
2019-10-18 03:58:20,860 [pool-47-thread-1] INFO  server.RaftServerConfigKeys (ConfUtils.java:logGet(43)) - raft.server.rpc.timeout.max = 5200ms (custom)
2019-10-18 03:58:20,860 [pool-47-thread-1] INFO  server.RaftServerConfigKeys (ConfUtils.java:logGet(43)) - raft.server.rpcslowness.timeout = 1000s (custom)
2019-10-18 03:58:20,860 [pool-47-thread-1] INFO  server.RaftServerConfigKeys (ConfUtils.java:logGet(43)) - raft.server.sleep.deviation.threshold = 300 (default)
2019-10-18 03:58:20,860 [pool-47-thread-1] INFO  server.RaftServerConfigKeys (ConfUtils.java:logGet(43)) - raft.server.log.appender.install.snapshot.enabled = false (custom)
2019-10-18 03:58:20,860 [pool-47-thread-1] INFO  impl.RaftServerImpl (ServerState.java:<init>(103)) - d3e03273-8c79-4c12-9358-0a8612c41dd7@group-4D2FEF3B968C: ConfigurationManager, init=-1: [d3e03273-8c79-4c12-9358-0a8612c41dd7:192.168.157.238:40960], old=null, confs=<EMPTY_MAP>
2019-10-18 03:58:20,861 [pool-47-thread-1] INFO  server.RaftServerConfigKeys (ConfUtils.java:logGet(43)) - raft.server.storage.dir = [/workdir/hadoop-ozone/integration-test/target/test-dir/MiniOzoneClusterImpl-36fb2caf-2745-49bb-9dac-6faaadebd701/datanode-2/data/ratis] (custom)
2019-10-18 03:58:20,861 [pool-47-thread-1] INFO  server.RaftServerConfigKeys (ConfUtils.java:logGet(43)) - raft.server.log.corruption.policy = EXCEPTION (default)
2019-10-18 03:58:20,862 [pool-47-thread-1] INFO  storage.RaftStorageDirectory (RaftStorageDirectory.java:analyzeStorage(246)) - The storage directory /workdir/hadoop-ozone/integration-test/target/test-dir/MiniOzoneClusterImpl-36fb2caf-2745-49bb-9dac-6faaadebd701/datanode-2/data/ratis/07de6239-7f61-4033-ae1b-4d2fef3b968c does not exist. Creating ...
2019-10-18 03:58:20,878 [20f566ef-d50a-432c-acfc-b325de8c1be4@group-CD46AEDEDA1E-LeaderElection1] INFO  segmented.SegmentedRaftLogWorker (SegmentedRaftLogWorker.java:startLogSegment(385)) - 20f566ef-d50a-432c-acfc-b325de8c1be4@group-CD46AEDEDA1E-SegmentedRaftLogWorker: Starting segment from index:0
2019-10-18 03:58:20,886 [pool-47-thread-1] INFO  storage.RaftStorageDirectory (RaftStorageDirectory.java:tryLock(328)) - Lock on /workdir/hadoop-ozone/integration-test/target/test-dir/MiniOzoneClusterImpl-36fb2caf-2745-49bb-9dac-6faaadebd701/datanode-2/data/ratis/07de6239-7f61-4033-ae1b-4d2fef3b968c/in_use.lock acquired by nodename 2810@trunk-nightly-20191018-rlnr2-3935024321
2019-10-18 03:58:20,889 [20f566ef-d50a-432c-acfc-b325de8c1be4@group-CD46AEDEDA1E-LeaderElection1] INFO  impl.RaftServerImpl (ServerState.java:setRaftConf(357)) - 20f566ef-d50a-432c-acfc-b325de8c1be4@group-CD46AEDEDA1E: set configuration 0: [20f566ef-d50a-432c-acfc-b325de8c1be4:192.168.157.238:44964], old=null at 0
2019-10-18 03:58:20,899 [pool-47-thread-1] INFO  storage.RaftStorage (RaftStorage.java:format(84)) - Storage directory /workdir/hadoop-ozone/integration-test/target/test-dir/MiniOzoneClusterImpl-36fb2caf-2745-49bb-9dac-6faaadebd701/datanode-2/data/ratis/07de6239-7f61-4033-ae1b-4d2fef3b968c has been successfully formatted.
2019-10-18 03:58:20,900 [pool-47-thread-1] INFO  ratis.ContainerStateMachine (ContainerStateMachine.java:loadSnapshot(231)) - group-4D2FEF3B968C: The snapshot info is null. Setting the last applied indexto:(t:0, i:~)
2019-10-18 03:58:20,901 [pool-47-thread-1] INFO  server.RaftServerConfigKeys (ConfUtils.java:logGet(43)) - raft.server.notification.no-leader.timeout = 1000s (custom)
2019-10-18 03:58:20,901 [pool-47-thread-1] INFO  server.RaftServerConfigKeys (ConfUtils.java:logGet(43)) - raft.server.log.use.memory = false (default)
2019-10-18 03:58:20,902 [pool-47-thread-1] INFO  server.RaftServerConfigKeys (ConfUtils.java:logGet(43)) - raft.server.log.purge.gap = 1000000 (custom)
2019-10-18 03:58:20,902 [pool-47-thread-1] INFO  server.RaftServerConfigKeys (ConfUtils.java:logGet(43)) - raft.server.log.appender.buffer.byte-limit = 33554432 (custom)
2019-10-18 03:58:20,902 [pool-47-thread-1] INFO  server.RaftServerConfigKeys (ConfUtils.java:logGet(43)) - raft.server.log.segment.size.max = 1048576 (custom)
2019-10-18 03:58:20,928 [pool-47-thread-1] INFO  server.RaftServerConfigKeys (ConfUtils.java:logGet(43)) - raft.server.log.segment.cache.num.max = 2 (custom)
2019-10-18 03:58:20,928 [pool-47-thread-1] INFO  segmented.SegmentedRaftLogWorker (SegmentedRaftLogWorker.java:<init>(173)) - new d3e03273-8c79-4c12-9358-0a8612c41dd7@group-4D2FEF3B968C-SegmentedRaftLogWorker for RaftStorage:Storage Directory /workdir/hadoop-ozone/integration-test/target/test-dir/MiniOzoneClusterImpl-36fb2caf-2745-49bb-9dac-6faaadebd701/datanode-2/data/ratis/07de6239-7f61-4033-ae1b-4d2fef3b968c
2019-10-18 03:58:20,928 [pool-47-thread-1] INFO  server.RaftServerConfigKeys (ConfUtils.java:logGet(43)) - raft.server.log.queue.byte-limit = 2147483647 (custom)
2019-10-18 03:58:20,928 [pool-47-thread-1] INFO  server.RaftServerConfigKeys (ConfUtils.java:logGet(43)) - raft.server.log.queue.element-limit = 1024 (custom)
2019-10-18 03:58:20,928 [pool-47-thread-1] INFO  server.RaftServerConfigKeys (ConfUtils.java:logGet(43)) - raft.server.log.segment.size.max = 1048576 (custom)
2019-10-18 03:58:20,929 [pool-47-thread-1] INFO  server.RaftServerConfigKeys (ConfUtils.java:logGet(43)) - raft.server.log.preallocated.size = 16384 (custom)
2019-10-18 03:58:20,929 [pool-47-thread-1] INFO  server.RaftServerConfigKeys (ConfUtils.java:logGet(43)) - raft.server.log.write.buffer.size = 33554432 (custom)
2019-10-18 03:58:20,929 [pool-47-thread-1] INFO  server.RaftServerConfigKeys (ConfUtils.java:logGet(43)) - raft.server.log.force.sync.num = 128 (default)
2019-10-18 03:58:20,929 [pool-47-thread-1] INFO  server.RaftServerConfigKeys (ConfUtils.java:logGet(43)) - raft.server.log.statemachine.data.sync = true (default)
2019-10-18 03:58:20,929 [pool-47-thread-1] INFO  server.RaftServerConfigKeys (ConfUtils.java:logGet(43)) - raft.server.log.statemachine.data.sync.timeout = 10s (default)
2019-10-18 03:58:20,930 [pool-47-thread-1] INFO  server.RaftServerConfigKeys (ConfUtils.java:logGet(43)) - raft.server.log.statemachine.data.sync.timeout.retry = -1 (default)
2019-10-18 03:58:20,930 [pool-47-thread-1] INFO  server.RaftServerConfigKeys (ConfUtils.java:logGet(43)) - raft.server.log.statemachine.data.caching.enabled = true (custom)
2019-10-18 03:58:20,931 [pool-47-thread-1] INFO  segmented.SegmentedRaftLogWorker (SegmentedRaftLogWorker.java:lambda$new$0(128)) - d3e03273-8c79-4c12-9358-0a8612c41dd7@group-4D2FEF3B968C-SegmentedRaftLogWorker: flushIndex: setUnconditionally 0 -> -1
2019-10-18 03:58:20,931 [pool-47-thread-1] INFO  server.RaftServerConfigKeys (ConfUtils.java:logGet(43)) - raft.server.snapshot.auto.trigger.enabled = true (custom)
2019-10-18 03:58:20,931 [pool-47-thread-1] INFO  server.RaftServerConfigKeys (ConfUtils.java:logGet(43)) - raft.server.snapshot.auto.trigger.threshold = 10000 (custom)
2019-10-18 03:58:20,932 [pool-47-thread-1] INFO  server.RaftServerConfigKeys (ConfUtils.java:logGet(43)) - raft.server.snapshot.retention.file.num = 5 (custom)
2019-10-18 03:58:20,932 [pool-47-thread-1] INFO  server.RaftServerConfigKeys (ConfUtils.java:logGet(43)) - raft.server.retrycache.expirytime = 600000ms (custom)
2019-10-18 03:58:20,941 [pool-47-thread-1] INFO  impl.RaftServerImpl (RaftServerImpl.java:start(195)) - d3e03273-8c79-4c12-9358-0a8612c41dd7@group-4D2FEF3B968C: start as a follower, conf=-1: [d3e03273-8c79-4c12-9358-0a8612c41dd7:192.168.157.238:40960], old=null
2019-10-18 03:58:20,941 [pool-47-thread-1] INFO  impl.RaftServerImpl (RaftServerImpl.java:setRole(184)) - d3e03273-8c79-4c12-9358-0a8612c41dd7@group-4D2FEF3B968C: changes role from      null to FOLLOWER at term 0 for startAsFollower
2019-10-18 03:58:20,941 [pool-47-thread-1] INFO  impl.RoleInfo (RoleInfo.java:updateAndGet(143)) - d3e03273-8c79-4c12-9358-0a8612c41dd7: start FollowerState
2019-10-18 03:58:20,941 [pool-47-thread-1] INFO  util.JmxRegister (JmxRegister.java:tryRegister(44)) - Successfully registered JMX Bean with object name Ratis:service=RaftServer,group=group-4D2FEF3B968C,id=d3e03273-8c79-4c12-9358-0a8612c41dd7
2019-10-18 03:58:20,957 [RatisPipelineUtilsThread] INFO  pipeline.PipelineStateManager (PipelineStateManager.java:addPipeline(56)) - Created pipeline Pipeline[ Id: 07de6239-7f61-4033-ae1b-4d2fef3b968c, Nodes: d3e03273-8c79-4c12-9358-0a8612c41dd7{ip: 192.168.157.238, host: trunk-nightly-20191018-rlnr2-3935024321, networkLocation: /default-rack, certSerialId: null}, Type:RATIS, Factor:ONE, State:OPEN]
2019-10-18 03:58:20,976 [grpc-default-executor-0] INFO  impl.RaftServerProxy (RaftServerProxy.java:addNew(89)) - 04d45094-7136-40c1-bdbb-fee737a34122: addNew group-6A9D1553D90B:[04d45094-7136-40c1-bdbb-fee737a34122:192.168.157.238:41949] returns group-6A9D1553D90B:java.util.concurrent.CompletableFuture@28acddf9[Not completed]
2019-10-18 03:58:20,986 [pool-37-thread-1] INFO  impl.RaftServerImpl (RaftServerImpl.java:<init>(104)) - 04d45094-7136-40c1-bdbb-fee737a34122: new RaftServerImpl for group-6A9D1553D90B:[04d45094-7136-40c1-bdbb-fee737a34122:192.168.157.238:41949] with ContainerStateMachine:uninitialized
2019-10-18 03:58:20,986 [pool-37-thread-1] INFO  server.RaftServerConfigKeys (ConfUtils.java:logGet(43)) - raft.server.rpc.timeout.min = 5s (custom)
2019-10-18 03:58:20,987 [pool-37-thread-1] INFO  server.RaftServerConfigKeys (ConfUtils.java:logGet(43)) - raft.server.rpc.timeout.max = 5200ms (custom)
2019-10-18 03:58:20,987 [pool-37-thread-1] INFO  server.RaftServerConfigKeys (ConfUtils.java:logGet(43)) - raft.server.rpcslowness.timeout = 1000s (custom)
2019-10-18 03:58:20,987 [pool-37-thread-1] INFO  server.RaftServerConfigKeys (ConfUtils.java:logGet(43)) - raft.server.sleep.deviation.threshold = 300 (default)
2019-10-18 03:58:20,987 [pool-37-thread-1] INFO  server.RaftServerConfigKeys (ConfUtils.java:logGet(43)) - raft.server.log.appender.install.snapshot.enabled = false (custom)
2019-10-18 03:58:20,987 [pool-37-thread-1] INFO  impl.RaftServerImpl (ServerState.java:<init>(103)) - 04d45094-7136-40c1-bdbb-fee737a34122@group-6A9D1553D90B: ConfigurationManager, init=-1: [04d45094-7136-40c1-bdbb-fee737a34122:192.168.157.238:41949], old=null, confs=<EMPTY_MAP>
2019-10-18 03:58:20,987 [pool-37-thread-1] INFO  server.RaftServerConfigKeys (ConfUtils.java:logGet(43)) - raft.server.storage.dir = [/workdir/hadoop-ozone/integration-test/target/test-dir/MiniOzoneClusterImpl-36fb2caf-2745-49bb-9dac-6faaadebd701/datanode-1/data/ratis] (custom)
2019-10-18 03:58:20,988 [pool-37-thread-1] INFO  server.RaftServerConfigKeys (ConfUtils.java:logGet(43)) - raft.server.log.corruption.policy = EXCEPTION (default)
2019-10-18 03:58:20,988 [pool-37-thread-1] INFO  storage.RaftStorageDirectory (RaftStorageDirectory.java:analyzeStorage(246)) - The storage directory /workdir/hadoop-ozone/integration-test/target/test-dir/MiniOzoneClusterImpl-36fb2caf-2745-49bb-9dac-6faaadebd701/datanode-1/data/ratis/700d89d2-bbd8-4e8a-b7b3-6a9d1553d90b does not exist. Creating ...
2019-10-18 03:58:21,001 [pool-37-thread-1] INFO  storage.RaftStorageDirectory (RaftStorageDirectory.java:tryLock(328)) - Lock on /workdir/hadoop-ozone/integration-test/target/test-dir/MiniOzoneClusterImpl-36fb2caf-2745-49bb-9dac-6faaadebd701/datanode-1/data/ratis/700d89d2-bbd8-4e8a-b7b3-6a9d1553d90b/in_use.lock acquired by nodename 2810@trunk-nightly-20191018-rlnr2-3935024321
2019-10-18 03:58:21,014 [pool-37-thread-1] INFO  storage.RaftStorage (RaftStorage.java:format(84)) - Storage directory /workdir/hadoop-ozone/integration-test/target/test-dir/MiniOzoneClusterImpl-36fb2caf-2745-49bb-9dac-6faaadebd701/datanode-1/data/ratis/700d89d2-bbd8-4e8a-b7b3-6a9d1553d90b has been successfully formatted.
2019-10-18 03:58:21,014 [pool-37-thread-1] INFO  ratis.ContainerStateMachine (ContainerStateMachine.java:loadSnapshot(231)) - group-6A9D1553D90B: The snapshot info is null. Setting the last applied indexto:(t:0, i:~)
2019-10-18 03:58:21,014 [pool-37-thread-1] INFO  server.RaftServerConfigKeys (ConfUtils.java:logGet(43)) - raft.server.notification.no-leader.timeout = 1000s (custom)
2019-10-18 03:58:21,015 [pool-37-thread-1] INFO  server.RaftServerConfigKeys (ConfUtils.java:logGet(43)) - raft.server.log.use.memory = false (default)
2019-10-18 03:58:21,015 [pool-37-thread-1] INFO  server.RaftServerConfigKeys (ConfUtils.java:logGet(43)) - raft.server.log.purge.gap = 1000000 (custom)
2019-10-18 03:58:21,015 [pool-37-thread-1] INFO  server.RaftServerConfigKeys (ConfUtils.java:logGet(43)) - raft.server.log.appender.buffer.byte-limit = 33554432 (custom)
2019-10-18 03:58:21,015 [pool-37-thread-1] INFO  server.RaftServerConfigKeys (ConfUtils.java:logGet(43)) - raft.server.log.segment.size.max = 1048576 (custom)
2019-10-18 03:58:21,018 [pool-37-thread-1] INFO  server.RaftServerConfigKeys (ConfUtils.java:logGet(43)) - raft.server.log.segment.cache.num.max = 2 (custom)
2019-10-18 03:58:21,018 [pool-37-thread-1] INFO  segmented.SegmentedRaftLogWorker (SegmentedRaftLogWorker.java:<init>(173)) - new 04d45094-7136-40c1-bdbb-fee737a34122@group-6A9D1553D90B-SegmentedRaftLogWorker for RaftStorage:Storage Directory /workdir/hadoop-ozone/integration-test/target/test-dir/MiniOzoneClusterImpl-36fb2caf-2745-49bb-9dac-6faaadebd701/datanode-1/data/ratis/700d89d2-bbd8-4e8a-b7b3-6a9d1553d90b
2019-10-18 03:58:21,019 [Thread-191] INFO  impl.FollowerState (FollowerState.java:run(108)) - d3e03273-8c79-4c12-9358-0a8612c41dd7@group-4D2FEF3B968C-FollowerState: change to CANDIDATE, lastRpcTime:77ms, electionTimeout:77ms
2019-10-18 03:58:21,019 [pool-37-thread-1] INFO  server.RaftServerConfigKeys (ConfUtils.java:logGet(43)) - raft.server.log.queue.byte-limit = 2147483647 (custom)
2019-10-18 03:58:21,020 [pool-37-thread-1] INFO  server.RaftServerConfigKeys (ConfUtils.java:logGet(43)) - raft.server.log.queue.element-limit = 1024 (custom)
2019-10-18 03:58:21,020 [Thread-191] INFO  impl.RoleInfo (RoleInfo.java:shutdownFollowerState(121)) - d3e03273-8c79-4c12-9358-0a8612c41dd7: shutdown FollowerState
2019-10-18 03:58:21,020 [pool-37-thread-1] INFO  server.RaftServerConfigKeys (ConfUtils.java:logGet(43)) - raft.server.log.segment.size.max = 1048576 (custom)
2019-10-18 03:58:21,020 [Thread-191] INFO  impl.RaftServerImpl (RaftServerImpl.java:setRole(184)) - d3e03273-8c79-4c12-9358-0a8612c41dd7@group-4D2FEF3B968C: changes role from  FOLLOWER to CANDIDATE at term 0 for changeToCandidate
2019-10-18 03:58:21,020 [pool-37-thread-1] INFO  server.RaftServerConfigKeys (ConfUtils.java:logGet(43)) - raft.server.log.preallocated.size = 16384 (custom)
2019-10-18 03:58:21,021 [pool-37-thread-1] INFO  server.RaftServerConfigKeys (ConfUtils.java:logGet(43)) - raft.server.log.write.buffer.size = 33554432 (custom)
2019-10-18 03:58:21,021 [Thread-191] INFO  impl.RoleInfo (RoleInfo.java:updateAndGet(143)) - d3e03273-8c79-4c12-9358-0a8612c41dd7: start LeaderElection
2019-10-18 03:58:21,021 [pool-37-thread-1] INFO  server.RaftServerConfigKeys (ConfUtils.java:logGet(43)) - raft.server.log.force.sync.num = 128 (default)
2019-10-18 03:58:21,021 [pool-37-thread-1] INFO  server.RaftServerConfigKeys (ConfUtils.java:logGet(43)) - raft.server.log.statemachine.data.sync = true (default)
2019-10-18 03:58:21,021 [pool-37-thread-1] INFO  server.RaftServerConfigKeys (ConfUtils.java:logGet(43)) - raft.server.log.statemachine.data.sync.timeout = 10s (default)
2019-10-18 03:58:21,021 [pool-37-thread-1] INFO  server.RaftServerConfigKeys (ConfUtils.java:logGet(43)) - raft.server.log.statemachine.data.sync.timeout.retry = -1 (default)
2019-10-18 03:58:21,023 [pool-37-thread-1] INFO  server.RaftServerConfigKeys (ConfUtils.java:logGet(43)) - raft.server.log.statemachine.data.caching.enabled = true (custom)
2019-10-18 03:58:21,024 [pool-37-thread-1] INFO  segmented.SegmentedRaftLogWorker (SegmentedRaftLogWorker.java:lambda$new$0(128)) - 04d45094-7136-40c1-bdbb-fee737a34122@group-6A9D1553D90B-SegmentedRaftLogWorker: flushIndex: setUnconditionally 0 -> -1
2019-10-18 03:58:21,024 [pool-37-thread-1] INFO  server.RaftServerConfigKeys (ConfUtils.java:logGet(43)) - raft.server.snapshot.auto.trigger.enabled = true (custom)
2019-10-18 03:58:21,024 [pool-37-thread-1] INFO  server.RaftServerConfigKeys (ConfUtils.java:logGet(43)) - raft.server.snapshot.auto.trigger.threshold = 10000 (custom)
2019-10-18 03:58:21,024 [pool-37-thread-1] INFO  server.RaftServerConfigKeys (ConfUtils.java:logGet(43)) - raft.server.snapshot.retention.file.num = 5 (custom)
2019-10-18 03:58:21,024 [pool-37-thread-1] INFO  server.RaftServerConfigKeys (ConfUtils.java:logGet(43)) - raft.server.retrycache.expirytime = 600000ms (custom)
2019-10-18 03:58:21,030 [pool-37-thread-1] INFO  impl.RaftServerImpl (RaftServerImpl.java:start(195)) - 04d45094-7136-40c1-bdbb-fee737a34122@group-6A9D1553D90B: start as a follower, conf=-1: [04d45094-7136-40c1-bdbb-fee737a34122:192.168.157.238:41949], old=null
2019-10-18 03:58:21,030 [pool-37-thread-1] INFO  impl.RaftServerImpl (RaftServerImpl.java:setRole(184)) - 04d45094-7136-40c1-bdbb-fee737a34122@group-6A9D1553D90B: changes role from      null to FOLLOWER at term 0 for startAsFollower
2019-10-18 03:58:21,030 [pool-37-thread-1] INFO  impl.RoleInfo (RoleInfo.java:updateAndGet(143)) - 04d45094-7136-40c1-bdbb-fee737a34122: start FollowerState
2019-10-18 03:58:21,030 [pool-37-thread-1] INFO  util.JmxRegister (JmxRegister.java:tryRegister(44)) - Successfully registered JMX Bean with object name Ratis:service=RaftServer,group=group-6A9D1553D90B,id=04d45094-7136-40c1-bdbb-fee737a34122
2019-10-18 03:58:21,038 [d3e03273-8c79-4c12-9358-0a8612c41dd7@group-4D2FEF3B968C-LeaderElection2] INFO  impl.LeaderElection (LeaderElection.java:askForVotes(178)) - d3e03273-8c79-4c12-9358-0a8612c41dd7@group-4D2FEF3B968C-LeaderElection2: begin an election at term 1 for -1: [d3e03273-8c79-4c12-9358-0a8612c41dd7:192.168.157.238:40960], old=null
2019-10-18 03:58:21,040 [d3e03273-8c79-4c12-9358-0a8612c41dd7@group-4D2FEF3B968C-LeaderElection2] INFO  impl.RoleInfo (RoleInfo.java:shutdownLeaderElection(134)) - d3e03273-8c79-4c12-9358-0a8612c41dd7: shutdown LeaderElection
2019-10-18 03:58:21,040 [d3e03273-8c79-4c12-9358-0a8612c41dd7@group-4D2FEF3B968C-LeaderElection2] INFO  impl.RaftServerImpl (RaftServerImpl.java:setRole(184)) - d3e03273-8c79-4c12-9358-0a8612c41dd7@group-4D2FEF3B968C: changes role from CANDIDATE to LEADER at term 1 for changeToLeader
2019-10-18 03:58:21,040 [d3e03273-8c79-4c12-9358-0a8612c41dd7@group-4D2FEF3B968C-LeaderElection2] INFO  impl.RaftServerImpl (ServerState.java:setLeader(256)) - d3e03273-8c79-4c12-9358-0a8612c41dd7@group-4D2FEF3B968C: change Leader from null to d3e03273-8c79-4c12-9358-0a8612c41dd7 at term 1 for becomeLeader, leader elected after 139ms
2019-10-18 03:58:21,040 [d3e03273-8c79-4c12-9358-0a8612c41dd7@group-4D2FEF3B968C-LeaderElection2] INFO  server.RaftServerConfigKeys (ConfUtils.java:logGet(43)) - raft.server.staging.catchup.gap = 1000 (default)
2019-10-18 03:58:21,041 [d3e03273-8c79-4c12-9358-0a8612c41dd7@group-4D2FEF3B968C-LeaderElection2] INFO  server.RaftServerConfigKeys (ConfUtils.java:logGet(43)) - raft.server.rpc.sleep.time = 25ms (default)
2019-10-18 03:58:21,043 [d3e03273-8c79-4c12-9358-0a8612c41dd7@group-4D2FEF3B968C-LeaderElection2] INFO  server.RaftServerConfigKeys (ConfUtils.java:logGet(43)) - raft.server.write.element-limit = 4096 (default)
2019-10-18 03:58:21,043 [d3e03273-8c79-4c12-9358-0a8612c41dd7@group-4D2FEF3B968C-LeaderElection2] INFO  server.RaftServerConfigKeys (ConfUtils.java:logGet(43)) - raft.server.watch.timeout = 10s (default)
2019-10-18 03:58:21,043 [d3e03273-8c79-4c12-9358-0a8612c41dd7@group-4D2FEF3B968C-LeaderElection2] INFO  server.RaftServerConfigKeys (ConfUtils.java:logGet(43)) - raft.server.watch.timeout.denomination = 1s (default)
2019-10-18 03:58:21,043 [d3e03273-8c79-4c12-9358-0a8612c41dd7@group-4D2FEF3B968C-LeaderElection2] INFO  server.RaftServerConfigKeys (ConfUtils.java:logGet(43)) - raft.server.watch.element-limit = 65536 (default)
2019-10-18 03:58:21,044 [RatisPipelineUtilsThread] INFO  pipeline.PipelineStateManager (PipelineStateManager.java:addPipeline(56)) - Created pipeline Pipeline[ Id: 700d89d2-bbd8-4e8a-b7b3-6a9d1553d90b, Nodes: 04d45094-7136-40c1-bdbb-fee737a34122{ip: 192.168.157.238, host: trunk-nightly-20191018-rlnr2-3935024321, networkLocation: /default-rack, certSerialId: null}, Type:RATIS, Factor:ONE, State:OPEN]
2019-10-18 03:58:21,047 [d3e03273-8c79-4c12-9358-0a8612c41dd7@group-4D2FEF3B968C-LeaderElection2] INFO  impl.RoleInfo (RoleInfo.java:updateAndGet(143)) - d3e03273-8c79-4c12-9358-0a8612c41dd7: start LeaderState
2019-10-18 03:58:21,047 [d3e03273-8c79-4c12-9358-0a8612c41dd7@group-4D2FEF3B968C-LeaderElection2] INFO  segmented.SegmentedRaftLogWorker (SegmentedRaftLogWorker.java:startLogSegment(385)) - d3e03273-8c79-4c12-9358-0a8612c41dd7@group-4D2FEF3B968C-SegmentedRaftLogWorker: Starting segment from index:0
2019-10-18 03:58:21,049 [d3e03273-8c79-4c12-9358-0a8612c41dd7@group-4D2FEF3B968C-LeaderElection2] INFO  impl.RaftServerImpl (ServerState.java:setRaftConf(357)) - d3e03273-8c79-4c12-9358-0a8612c41dd7@group-4D2FEF3B968C: set configuration 0: [d3e03273-8c79-4c12-9358-0a8612c41dd7:192.168.157.238:40960], old=null at 0
2019-10-18 03:58:21,077 [grpc-default-executor-2] INFO  impl.RaftServerProxy (RaftServerProxy.java:addNew(89)) - 20f566ef-d50a-432c-acfc-b325de8c1be4: addNew group-03B580E33239:[20f566ef-d50a-432c-acfc-b325de8c1be4:192.168.157.238:44964, d3e03273-8c79-4c12-9358-0a8612c41dd7:192.168.157.238:40960, 04d45094-7136-40c1-bdbb-fee737a34122:192.168.157.238:41949] returns group-03B580E33239:java.util.concurrent.CompletableFuture@3038a61d[Not completed]
2019-10-18 03:58:21,077 [grpc-default-executor-1] INFO  impl.RaftServerProxy (RaftServerProxy.java:addNew(89)) - 04d45094-7136-40c1-bdbb-fee737a34122: addNew group-03B580E33239:[20f566ef-d50a-432c-acfc-b325de8c1be4:192.168.157.238:44964, d3e03273-8c79-4c12-9358-0a8612c41dd7:192.168.157.238:40960, 04d45094-7136-40c1-bdbb-fee737a34122:192.168.157.238:41949] returns group-03B580E33239:java.util.concurrent.CompletableFuture@75743e8[Not completed]
2019-10-18 03:58:21,082 [pool-27-thread-1] INFO  impl.RaftServerImpl (RaftServerImpl.java:<init>(104)) - 20f566ef-d50a-432c-acfc-b325de8c1be4: new RaftServerImpl for group-03B580E33239:[20f566ef-d50a-432c-acfc-b325de8c1be4:192.168.157.238:44964, d3e03273-8c79-4c12-9358-0a8612c41dd7:192.168.157.238:40960, 04d45094-7136-40c1-bdbb-fee737a34122:192.168.157.238:41949] with ContainerStateMachine:uninitialized
2019-10-18 03:58:21,082 [grpc-default-executor-1] INFO  impl.RaftServerProxy (RaftServerProxy.java:addNew(89)) - d3e03273-8c79-4c12-9358-0a8612c41dd7: addNew group-03B580E33239:[20f566ef-d50a-432c-acfc-b325de8c1be4:192.168.157.238:44964, d3e03273-8c79-4c12-9358-0a8612c41dd7:192.168.157.238:40960, 04d45094-7136-40c1-bdbb-fee737a34122:192.168.157.238:41949] returns group-03B580E33239:java.util.concurrent.CompletableFuture@4255dd66[Not completed]
2019-10-18 03:58:21,082 [pool-27-thread-1] INFO  server.RaftServerConfigKeys (ConfUtils.java:logGet(43)) - raft.server.rpc.timeout.min = 5s (custom)
2019-10-18 03:58:21,083 [pool-27-thread-1] INFO  server.RaftServerConfigKeys (ConfUtils.java:logGet(43)) - raft.server.rpc.timeout.max = 5200ms (custom)
2019-10-18 03:58:21,083 [pool-37-thread-1] INFO  impl.RaftServerImpl (RaftServerImpl.java:<init>(104)) - 04d45094-7136-40c1-bdbb-fee737a34122: new RaftServerImpl for group-03B580E33239:[20f566ef-d50a-432c-acfc-b325de8c1be4:192.168.157.238:44964, d3e03273-8c79-4c12-9358-0a8612c41dd7:192.168.157.238:40960, 04d45094-7136-40c1-bdbb-fee737a34122:192.168.157.238:41949] with ContainerStateMachine:uninitialized
2019-10-18 03:58:21,083 [pool-27-thread-1] INFO  server.RaftServerConfigKeys (ConfUtils.java:logGet(43)) - raft.server.rpcslowness.timeout = 1000s (custom)
2019-10-18 03:58:21,083 [pool-37-thread-1] INFO  server.RaftServerConfigKeys (ConfUtils.java:logGet(43)) - raft.server.rpc.timeout.min = 5s (custom)
2019-10-18 03:58:21,084 [pool-27-thread-1] INFO  server.RaftServerConfigKeys (ConfUtils.java:logGet(43)) - raft.server.sleep.deviation.threshold = 300 (default)
2019-10-18 03:58:21,084 [pool-37-thread-1] INFO  server.RaftServerConfigKeys (ConfUtils.java:logGet(43)) - raft.server.rpc.timeout.max = 5200ms (custom)
2019-10-18 03:58:21,084 [pool-27-thread-1] INFO  server.RaftServerConfigKeys (ConfUtils.java:logGet(43)) - raft.server.log.appender.install.snapshot.enabled = false (custom)
2019-10-18 03:58:21,084 [pool-37-thread-1] INFO  server.RaftServerConfigKeys (ConfUtils.java:logGet(43)) - raft.server.rpcslowness.timeout = 1000s (custom)
2019-10-18 03:58:21,084 [pool-27-thread-1] INFO  impl.RaftServerImpl (ServerState.java:<init>(103)) - 20f566ef-d50a-432c-acfc-b325de8c1be4@group-03B580E33239: ConfigurationManager, init=-1: [20f566ef-d50a-432c-acfc-b325de8c1be4:192.168.157.238:44964, d3e03273-8c79-4c12-9358-0a8612c41dd7:192.168.157.238:40960, 04d45094-7136-40c1-bdbb-fee737a34122:192.168.157.238:41949], old=null, confs=<EMPTY_MAP>
2019-10-18 03:58:21,084 [pool-47-thread-1] INFO  impl.RaftServerImpl (RaftServerImpl.java:<init>(104)) - d3e03273-8c79-4c12-9358-0a8612c41dd7: new RaftServerImpl for group-03B580E33239:[20f566ef-d50a-432c-acfc-b325de8c1be4:192.168.157.238:44964, d3e03273-8c79-4c12-9358-0a8612c41dd7:192.168.157.238:40960, 04d45094-7136-40c1-bdbb-fee737a34122:192.168.157.238:41949] with ContainerStateMachine:uninitialized
2019-10-18 03:58:21,084 [pool-37-thread-1] INFO  server.RaftServerConfigKeys (ConfUtils.java:logGet(43)) - raft.server.sleep.deviation.threshold = 300 (default)
2019-10-18 03:58:21,085 [pool-47-thread-1] INFO  server.RaftServerConfigKeys (ConfUtils.java:logGet(43)) - raft.server.rpc.timeout.min = 5s (custom)
2019-10-18 03:58:21,085 [pool-27-thread-1] INFO  server.RaftServerConfigKeys (ConfUtils.java:logGet(43)) - raft.server.storage.dir = [/workdir/hadoop-ozone/integration-test/target/test-dir/MiniOzoneClusterImpl-36fb2caf-2745-49bb-9dac-6faaadebd701/datanode-0/data/ratis] (custom)
2019-10-18 03:58:21,085 [pool-47-thread-1] INFO  server.RaftServerConfigKeys (ConfUtils.java:logGet(43)) - raft.server.rpc.timeout.max = 5200ms (custom)
2019-10-18 03:58:21,085 [pool-37-thread-1] INFO  server.RaftServerConfigKeys (ConfUtils.java:logGet(43)) - raft.server.log.appender.install.snapshot.enabled = false (custom)
2019-10-18 03:58:21,085 [pool-27-thread-1] INFO  server.RaftServerConfigKeys (ConfUtils.java:logGet(43)) - raft.server.log.corruption.policy = EXCEPTION (default)
2019-10-18 03:58:21,085 [pool-47-thread-1] INFO  server.RaftServerConfigKeys (ConfUtils.java:logGet(43)) - raft.server.rpcslowness.timeout = 1000s (custom)
2019-10-18 03:58:21,086 [pool-37-thread-1] INFO  impl.RaftServerImpl (ServerState.java:<init>(103)) - 04d45094-7136-40c1-bdbb-fee737a34122@group-03B580E33239: ConfigurationManager, init=-1: [20f566ef-d50a-432c-acfc-b325de8c1be4:192.168.157.238:44964, d3e03273-8c79-4c12-9358-0a8612c41dd7:192.168.157.238:40960, 04d45094-7136-40c1-bdbb-fee737a34122:192.168.157.238:41949], old=null, confs=<EMPTY_MAP>
2019-10-18 03:58:21,086 [pool-47-thread-1] INFO  server.RaftServerConfigKeys (ConfUtils.java:logGet(43)) - raft.server.sleep.deviation.threshold = 300 (default)
2019-10-18 03:58:21,086 [pool-27-thread-1] INFO  storage.RaftStorageDirectory (RaftStorageDirectory.java:analyzeStorage(246)) - The storage directory /workdir/hadoop-ozone/integration-test/target/test-dir/MiniOzoneClusterImpl-36fb2caf-2745-49bb-9dac-6faaadebd701/datanode-0/data/ratis/defa1269-bd0f-4f76-adbb-03b580e33239 does not exist. Creating ...
2019-10-18 03:58:21,086 [pool-37-thread-1] INFO  server.RaftServerConfigKeys (ConfUtils.java:logGet(43)) - raft.server.storage.dir = [/workdir/hadoop-ozone/integration-test/target/test-dir/MiniOzoneClusterImpl-36fb2caf-2745-49bb-9dac-6faaadebd701/datanode-1/data/ratis] (custom)
2019-10-18 03:58:21,086 [pool-47-thread-1] INFO  server.RaftServerConfigKeys (ConfUtils.java:logGet(43)) - raft.server.log.appender.install.snapshot.enabled = false (custom)
2019-10-18 03:58:21,087 [pool-47-thread-1] INFO  impl.RaftServerImpl (ServerState.java:<init>(103)) - d3e03273-8c79-4c12-9358-0a8612c41dd7@group-03B580E33239: ConfigurationManager, init=-1: [20f566ef-d50a-432c-acfc-b325de8c1be4:192.168.157.238:44964, d3e03273-8c79-4c12-9358-0a8612c41dd7:192.168.157.238:40960, 04d45094-7136-40c1-bdbb-fee737a34122:192.168.157.238:41949], old=null, confs=<EMPTY_MAP>
2019-10-18 03:58:21,087 [pool-47-thread-1] INFO  server.RaftServerConfigKeys (ConfUtils.java:logGet(43)) - raft.server.storage.dir = [/workdir/hadoop-ozone/integration-test/target/test-dir/MiniOzoneClusterImpl-36fb2caf-2745-49bb-9dac-6faaadebd701/datanode-2/data/ratis] (custom)
2019-10-18 03:58:21,087 [pool-37-thread-1] INFO  server.RaftServerConfigKeys (ConfUtils.java:logGet(43)) - raft.server.log.corruption.policy = EXCEPTION (default)
2019-10-18 03:58:21,087 [pool-47-thread-1] INFO  server.RaftServerConfigKeys (ConfUtils.java:logGet(43)) - raft.server.log.corruption.policy = EXCEPTION (default)
2019-10-18 03:58:21,087 [pool-47-thread-1] INFO  storage.RaftStorageDirectory (RaftStorageDirectory.java:analyzeStorage(246)) - The storage directory /workdir/hadoop-ozone/integration-test/target/test-dir/MiniOzoneClusterImpl-36fb2caf-2745-49bb-9dac-6faaadebd701/datanode-2/data/ratis/defa1269-bd0f-4f76-adbb-03b580e33239 does not exist. Creating ...
2019-10-18 03:58:21,087 [pool-37-thread-1] INFO  storage.RaftStorageDirectory (RaftStorageDirectory.java:analyzeStorage(246)) - The storage directory /workdir/hadoop-ozone/integration-test/target/test-dir/MiniOzoneClusterImpl-36fb2caf-2745-49bb-9dac-6faaadebd701/datanode-1/data/ratis/defa1269-bd0f-4f76-adbb-03b580e33239 does not exist. Creating ...
2019-10-18 03:58:21,111 [main] INFO  ozone.MiniOzoneClusterImpl (MiniOzoneClusterImpl.java:lambda$waitForClusterToBeReady$0(147)) - Cluster is ready. Got 3 of 3 DN Heartbeats.
2019-10-18 03:58:21,111 [pool-47-thread-1] INFO  storage.RaftStorageDirectory (RaftStorageDirectory.java:tryLock(328)) - Lock on /workdir/hadoop-ozone/integration-test/target/test-dir/MiniOzoneClusterImpl-36fb2caf-2745-49bb-9dac-6faaadebd701/datanode-2/data/ratis/defa1269-bd0f-4f76-adbb-03b580e33239/in_use.lock acquired by nodename 2810@trunk-nightly-20191018-rlnr2-3935024321
2019-10-18 03:58:21,111 [pool-27-thread-1] INFO  storage.RaftStorageDirectory (RaftStorageDirectory.java:tryLock(328)) - Lock on /workdir/hadoop-ozone/integration-test/target/test-dir/MiniOzoneClusterImpl-36fb2caf-2745-49bb-9dac-6faaadebd701/datanode-0/data/ratis/defa1269-bd0f-4f76-adbb-03b580e33239/in_use.lock acquired by nodename 2810@trunk-nightly-20191018-rlnr2-3935024321
2019-10-18 03:58:21,111 [pool-37-thread-1] INFO  storage.RaftStorageDirectory (RaftStorageDirectory.java:tryLock(328)) - Lock on /workdir/hadoop-ozone/integration-test/target/test-dir/MiniOzoneClusterImpl-36fb2caf-2745-49bb-9dac-6faaadebd701/datanode-1/data/ratis/defa1269-bd0f-4f76-adbb-03b580e33239/in_use.lock acquired by nodename 2810@trunk-nightly-20191018-rlnr2-3935024321
2019-10-18 03:58:21,137 [pool-27-thread-1] INFO  storage.RaftStorage (RaftStorage.java:format(84)) - Storage directory /workdir/hadoop-ozone/integration-test/target/test-dir/MiniOzoneClusterImpl-36fb2caf-2745-49bb-9dac-6faaadebd701/datanode-0/data/ratis/defa1269-bd0f-4f76-adbb-03b580e33239 has been successfully formatted.
2019-10-18 03:58:21,137 [pool-37-thread-1] INFO  storage.RaftStorage (RaftStorage.java:format(84)) - Storage directory /workdir/hadoop-ozone/integration-test/target/test-dir/MiniOzoneClusterImpl-36fb2caf-2745-49bb-9dac-6faaadebd701/datanode-1/data/ratis/defa1269-bd0f-4f76-adbb-03b580e33239 has been successfully formatted.
2019-10-18 03:58:21,137 [pool-47-thread-1] INFO  storage.RaftStorage (RaftStorage.java:format(84)) - Storage directory /workdir/hadoop-ozone/integration-test/target/test-dir/MiniOzoneClusterImpl-36fb2caf-2745-49bb-9dac-6faaadebd701/datanode-2/data/ratis/defa1269-bd0f-4f76-adbb-03b580e33239 has been successfully formatted.
2019-10-18 03:58:21,138 [pool-27-thread-1] INFO  ratis.ContainerStateMachine (ContainerStateMachine.java:loadSnapshot(231)) - group-03B580E33239: The snapshot info is null. Setting the last applied indexto:(t:0, i:~)
2019-10-18 03:58:21,138 [pool-37-thread-1] INFO  ratis.ContainerStateMachine (ContainerStateMachine.java:loadSnapshot(231)) - group-03B580E33239: The snapshot info is null. Setting the last applied indexto:(t:0, i:~)
2019-10-18 03:58:21,138 [pool-27-thread-1] INFO  server.RaftServerConfigKeys (ConfUtils.java:logGet(43)) - raft.server.notification.no-leader.timeout = 1000s (custom)
2019-10-18 03:58:21,138 [pool-37-thread-1] INFO  server.RaftServerConfigKeys (ConfUtils.java:logGet(43)) - raft.server.notification.no-leader.timeout = 1000s (custom)
2019-10-18 03:58:21,138 [pool-47-thread-1] INFO  ratis.ContainerStateMachine (ContainerStateMachine.java:loadSnapshot(231)) - group-03B580E33239: The snapshot info is null. Setting the last applied indexto:(t:0, i:~)
2019-10-18 03:58:21,138 [pool-37-thread-1] INFO  server.RaftServerConfigKeys (ConfUtils.java:logGet(43)) - raft.server.log.use.memory = false (default)
2019-10-18 03:58:21,138 [pool-27-thread-1] INFO  server.RaftServerConfigKeys (ConfUtils.java:logGet(43)) - raft.server.log.use.memory = false (default)
2019-10-18 03:58:21,139 [pool-47-thread-1] INFO  server.RaftServerConfigKeys (ConfUtils.java:logGet(43)) - raft.server.notification.no-leader.timeout = 1000s (custom)
2019-10-18 03:58:21,139 [pool-27-thread-1] INFO  server.RaftServerConfigKeys (ConfUtils.java:logGet(43)) - raft.server.log.purge.gap = 1000000 (custom)
2019-10-18 03:58:21,139 [pool-37-thread-1] INFO  server.RaftServerConfigKeys (ConfUtils.java:logGet(43)) - raft.server.log.purge.gap = 1000000 (custom)
2019-10-18 03:58:21,139 [pool-27-thread-1] INFO  server.RaftServerConfigKeys (ConfUtils.java:logGet(43)) - raft.server.log.appender.buffer.byte-limit = 33554432 (custom)
2019-10-18 03:58:21,139 [pool-47-thread-1] INFO  server.RaftServerConfigKeys (ConfUtils.java:logGet(43)) - raft.server.log.use.memory = false (default)
2019-10-18 03:58:21,148 [pool-27-thread-1] INFO  server.RaftServerConfigKeys (ConfUtils.java:logGet(43)) - raft.server.log.segment.size.max = 1048576 (custom)
2019-10-18 03:58:21,148 [pool-47-thread-1] INFO  server.RaftServerConfigKeys (ConfUtils.java:logGet(43)) - raft.server.log.purge.gap = 1000000 (custom)
2019-10-18 03:58:21,148 [pool-37-thread-1] INFO  server.RaftServerConfigKeys (ConfUtils.java:logGet(43)) - raft.server.log.appender.buffer.byte-limit = 33554432 (custom)
2019-10-18 03:58:21,149 [pool-47-thread-1] INFO  server.RaftServerConfigKeys (ConfUtils.java:logGet(43)) - raft.server.log.appender.buffer.byte-limit = 33554432 (custom)
2019-10-18 03:58:21,148 [pool-27-thread-1] INFO  server.RaftServerConfigKeys (ConfUtils.java:logGet(43)) - raft.server.log.segment.cache.num.max = 2 (custom)
2019-10-18 03:58:21,149 [pool-47-thread-1] INFO  server.RaftServerConfigKeys (ConfUtils.java:logGet(43)) - raft.server.log.segment.size.max = 1048576 (custom)
2019-10-18 03:58:21,149 [pool-37-thread-1] INFO  server.RaftServerConfigKeys (ConfUtils.java:logGet(43)) - raft.server.log.segment.size.max = 1048576 (custom)
2019-10-18 03:58:21,149 [pool-47-thread-1] INFO  server.RaftServerConfigKeys (ConfUtils.java:logGet(43)) - raft.server.log.segment.cache.num.max = 2 (custom)
2019-10-18 03:58:21,149 [pool-27-thread-1] INFO  segmented.SegmentedRaftLogWorker (SegmentedRaftLogWorker.java:<init>(173)) - new 20f566ef-d50a-432c-acfc-b325de8c1be4@group-03B580E33239-SegmentedRaftLogWorker for RaftStorage:Storage Directory /workdir/hadoop-ozone/integration-test/target/test-dir/MiniOzoneClusterImpl-36fb2caf-2745-49bb-9dac-6faaadebd701/datanode-0/data/ratis/defa1269-bd0f-4f76-adbb-03b580e33239
2019-10-18 03:58:21,150 [pool-47-thread-1] INFO  segmented.SegmentedRaftLogWorker (SegmentedRaftLogWorker.java:<init>(173)) - new d3e03273-8c79-4c12-9358-0a8612c41dd7@group-03B580E33239-SegmentedRaftLogWorker for RaftStorage:Storage Directory /workdir/hadoop-ozone/integration-test/target/test-dir/MiniOzoneClusterImpl-36fb2caf-2745-49bb-9dac-6faaadebd701/datanode-2/data/ratis/defa1269-bd0f-4f76-adbb-03b580e33239
2019-10-18 03:58:21,149 [pool-37-thread-1] INFO  server.RaftServerConfigKeys (ConfUtils.java:logGet(43)) - raft.server.log.segment.cache.num.max = 2 (custom)
2019-10-18 03:58:21,150 [pool-47-thread-1] INFO  server.RaftServerConfigKeys (ConfUtils.java:logGet(43)) - raft.server.log.queue.byte-limit = 2147483647 (custom)
2019-10-18 03:58:21,150 [pool-27-thread-1] INFO  server.RaftServerConfigKeys (ConfUtils.java:logGet(43)) - raft.server.log.queue.byte-limit = 2147483647 (custom)
2019-10-18 03:58:21,150 [pool-47-thread-1] INFO  server.RaftServerConfigKeys (ConfUtils.java:logGet(43)) - raft.server.log.queue.element-limit = 1024 (custom)
2019-10-18 03:58:21,150 [pool-37-thread-1] INFO  segmented.SegmentedRaftLogWorker (SegmentedRaftLogWorker.java:<init>(173)) - new 04d45094-7136-40c1-bdbb-fee737a34122@group-03B580E33239-SegmentedRaftLogWorker for RaftStorage:Storage Directory /workdir/hadoop-ozone/integration-test/target/test-dir/MiniOzoneClusterImpl-36fb2caf-2745-49bb-9dac-6faaadebd701/datanode-1/data/ratis/defa1269-bd0f-4f76-adbb-03b580e33239
2019-10-18 03:58:21,151 [pool-47-thread-1] INFO  server.RaftServerConfigKeys (ConfUtils.java:logGet(43)) - raft.server.log.segment.size.max = 1048576 (custom)
2019-10-18 03:58:21,150 [pool-27-thread-1] INFO  server.RaftServerConfigKeys (ConfUtils.java:logGet(43)) - raft.server.log.queue.element-limit = 1024 (custom)
2019-10-18 03:58:21,151 [pool-47-thread-1] INFO  server.RaftServerConfigKeys (ConfUtils.java:logGet(43)) - raft.server.log.preallocated.size = 16384 (custom)
2019-10-18 03:58:21,151 [pool-37-thread-1] INFO  server.RaftServerConfigKeys (ConfUtils.java:logGet(43)) - raft.server.log.queue.byte-limit = 2147483647 (custom)
2019-10-18 03:58:21,151 [pool-47-thread-1] INFO  server.RaftServerConfigKeys (ConfUtils.java:logGet(43)) - raft.server.log.write.buffer.size = 33554432 (custom)
2019-10-18 03:58:21,151 [pool-27-thread-1] INFO  server.RaftServerConfigKeys (ConfUtils.java:logGet(43)) - raft.server.log.segment.size.max = 1048576 (custom)
2019-10-18 03:58:21,151 [pool-47-thread-1] INFO  server.RaftServerConfigKeys (ConfUtils.java:logGet(43)) - raft.server.log.force.sync.num = 128 (default)
2019-10-18 03:58:21,151 [pool-37-thread-1] INFO  server.RaftServerConfigKeys (ConfUtils.java:logGet(43)) - raft.server.log.queue.element-limit = 1024 (custom)
2019-10-18 03:58:21,152 [pool-47-thread-1] INFO  server.RaftServerConfigKeys (ConfUtils.java:logGet(43)) - raft.server.log.statemachine.data.sync = true (default)
2019-10-18 03:58:21,152 [pool-27-thread-1] INFO  server.RaftServerConfigKeys (ConfUtils.java:logGet(43)) - raft.server.log.preallocated.size = 16384 (custom)
2019-10-18 03:58:21,152 [pool-47-thread-1] INFO  server.RaftServerConfigKeys (ConfUtils.java:logGet(43)) - raft.server.log.statemachine.data.sync.timeout = 10s (default)
2019-10-18 03:58:21,152 [pool-37-thread-1] INFO  server.RaftServerConfigKeys (ConfUtils.java:logGet(43)) - raft.server.log.segment.size.max = 1048576 (custom)
2019-10-18 03:58:21,153 [pool-47-thread-1] INFO  server.RaftServerConfigKeys (ConfUtils.java:logGet(43)) - raft.server.log.statemachine.data.sync.timeout.retry = -1 (default)
2019-10-18 03:58:21,152 [pool-27-thread-1] INFO  server.RaftServerConfigKeys (ConfUtils.java:logGet(43)) - raft.server.log.write.buffer.size = 33554432 (custom)
2019-10-18 03:58:21,153 [pool-37-thread-1] INFO  server.RaftServerConfigKeys (ConfUtils.java:logGet(43)) - raft.server.log.preallocated.size = 16384 (custom)
2019-10-18 03:58:21,153 [pool-47-thread-1] INFO  server.RaftServerConfigKeys (ConfUtils.java:logGet(43)) - raft.server.log.statemachine.data.caching.enabled = true (custom)
2019-10-18 03:58:21,153 [pool-27-thread-1] INFO  server.RaftServerConfigKeys (ConfUtils.java:logGet(43)) - raft.server.log.force.sync.num = 128 (default)
2019-10-18 03:58:21,153 [pool-37-thread-1] INFO  server.RaftServerConfigKeys (ConfUtils.java:logGet(43)) - raft.server.log.write.buffer.size = 33554432 (custom)
2019-10-18 03:58:21,153 [pool-27-thread-1] INFO  server.RaftServerConfigKeys (ConfUtils.java:logGet(43)) - raft.server.log.statemachine.data.sync = true (default)
2019-10-18 03:58:21,154 [pool-47-thread-1] INFO  segmented.SegmentedRaftLogWorker (SegmentedRaftLogWorker.java:lambda$new$0(128)) - d3e03273-8c79-4c12-9358-0a8612c41dd7@group-03B580E33239-SegmentedRaftLogWorker: flushIndex: setUnconditionally 0 -> -1
2019-10-18 03:58:21,154 [pool-27-thread-1] INFO  server.RaftServerConfigKeys (ConfUtils.java:logGet(43)) - raft.server.log.statemachine.data.sync.timeout = 10s (default)
2019-10-18 03:58:21,154 [pool-37-thread-1] INFO  server.RaftServerConfigKeys (ConfUtils.java:logGet(43)) - raft.server.log.force.sync.num = 128 (default)
2019-10-18 03:58:21,154 [pool-27-thread-1] INFO  server.RaftServerConfigKeys (ConfUtils.java:logGet(43)) - raft.server.log.statemachine.data.sync.timeout.retry = -1 (default)
2019-10-18 03:58:21,154 [pool-47-thread-1] INFO  server.RaftServerConfigKeys (ConfUtils.java:logGet(43)) - raft.server.snapshot.auto.trigger.enabled = true (custom)
2019-10-18 03:58:21,154 [pool-37-thread-1] INFO  server.RaftServerConfigKeys (ConfUtils.java:logGet(43)) - raft.server.log.statemachine.data.sync = true (default)
2019-10-18 03:58:21,154 [pool-47-thread-1] INFO  server.RaftServerConfigKeys (ConfUtils.java:logGet(43)) - raft.server.snapshot.auto.trigger.threshold = 10000 (custom)
2019-10-18 03:58:21,154 [pool-27-thread-1] INFO  server.RaftServerConfigKeys (ConfUtils.java:logGet(43)) - raft.server.log.statemachine.data.caching.enabled = true (custom)
2019-10-18 03:58:21,155 [pool-47-thread-1] INFO  server.RaftServerConfigKeys (ConfUtils.java:logGet(43)) - raft.server.snapshot.retention.file.num = 5 (custom)
2019-10-18 03:58:21,155 [pool-37-thread-1] INFO  server.RaftServerConfigKeys (ConfUtils.java:logGet(43)) - raft.server.log.statemachine.data.sync.timeout = 10s (default)
2019-10-18 03:58:21,155 [pool-27-thread-1] INFO  segmented.SegmentedRaftLogWorker (SegmentedRaftLogWorker.java:lambda$new$0(128)) - 20f566ef-d50a-432c-acfc-b325de8c1be4@group-03B580E33239-SegmentedRaftLogWorker: flushIndex: setUnconditionally 0 -> -1
2019-10-18 03:58:21,155 [pool-37-thread-1] INFO  server.RaftServerConfigKeys (ConfUtils.java:logGet(43)) - raft.server.log.statemachine.data.sync.timeout.retry = -1 (default)
2019-10-18 03:58:21,155 [pool-47-thread-1] INFO  server.RaftServerConfigKeys (ConfUtils.java:logGet(43)) - raft.server.retrycache.expirytime = 600000ms (custom)
2019-10-18 03:58:21,156 [pool-37-thread-1] INFO  server.RaftServerConfigKeys (ConfUtils.java:logGet(43)) - raft.server.log.statemachine.data.caching.enabled = true (custom)
2019-10-18 03:58:21,155 [pool-27-thread-1] INFO  server.RaftServerConfigKeys (ConfUtils.java:logGet(43)) - raft.server.snapshot.auto.trigger.enabled = true (custom)
2019-10-18 03:58:21,156 [pool-27-thread-1] INFO  server.RaftServerConfigKeys (ConfUtils.java:logGet(43)) - raft.server.snapshot.auto.trigger.threshold = 10000 (custom)
2019-10-18 03:58:21,156 [pool-37-thread-1] INFO  segmented.SegmentedRaftLogWorker (SegmentedRaftLogWorker.java:lambda$new$0(128)) - 04d45094-7136-40c1-bdbb-fee737a34122@group-03B580E33239-SegmentedRaftLogWorker: flushIndex: setUnconditionally 0 -> -1
2019-10-18 03:58:21,156 [pool-27-thread-1] INFO  server.RaftServerConfigKeys (ConfUtils.java:logGet(43)) - raft.server.snapshot.retention.file.num = 5 (custom)
2019-10-18 03:58:21,156 [pool-37-thread-1] INFO  server.RaftServerConfigKeys (ConfUtils.java:logGet(43)) - raft.server.snapshot.auto.trigger.enabled = true (custom)
2019-10-18 03:58:21,156 [pool-27-thread-1] INFO  server.RaftServerConfigKeys (ConfUtils.java:logGet(43)) - raft.server.retrycache.expirytime = 600000ms (custom)
2019-10-18 03:58:21,157 [pool-37-thread-1] INFO  server.RaftServerConfigKeys (ConfUtils.java:logGet(43)) - raft.server.snapshot.auto.trigger.threshold = 10000 (custom)
2019-10-18 03:58:21,157 [pool-37-thread-1] INFO  server.RaftServerConfigKeys (ConfUtils.java:logGet(43)) - raft.server.snapshot.retention.file.num = 5 (custom)
2019-10-18 03:58:21,157 [pool-37-thread-1] INFO  server.RaftServerConfigKeys (ConfUtils.java:logGet(43)) - raft.server.retrycache.expirytime = 600000ms (custom)
2019-10-18 03:58:21,162 [pool-47-thread-1] INFO  impl.RaftServerImpl (RaftServerImpl.java:start(195)) - d3e03273-8c79-4c12-9358-0a8612c41dd7@group-03B580E33239: start as a follower, conf=-1: [20f566ef-d50a-432c-acfc-b325de8c1be4:192.168.157.238:44964, d3e03273-8c79-4c12-9358-0a8612c41dd7:192.168.157.238:40960, 04d45094-7136-40c1-bdbb-fee737a34122:192.168.157.238:41949], old=null
2019-10-18 03:58:21,162 [pool-47-thread-1] INFO  impl.RaftServerImpl (RaftServerImpl.java:setRole(184)) - d3e03273-8c79-4c12-9358-0a8612c41dd7@group-03B580E33239: changes role from      null to FOLLOWER at term 0 for startAsFollower
2019-10-18 03:58:21,162 [pool-27-thread-1] INFO  impl.RaftServerImpl (RaftServerImpl.java:start(195)) - 20f566ef-d50a-432c-acfc-b325de8c1be4@group-03B580E33239: start as a follower, conf=-1: [20f566ef-d50a-432c-acfc-b325de8c1be4:192.168.157.238:44964, d3e03273-8c79-4c12-9358-0a8612c41dd7:192.168.157.238:40960, 04d45094-7136-40c1-bdbb-fee737a34122:192.168.157.238:41949], old=null
2019-10-18 03:58:21,162 [pool-37-thread-1] INFO  impl.RaftServerImpl (RaftServerImpl.java:start(195)) - 04d45094-7136-40c1-bdbb-fee737a34122@group-03B580E33239: start as a follower, conf=-1: [20f566ef-d50a-432c-acfc-b325de8c1be4:192.168.157.238:44964, d3e03273-8c79-4c12-9358-0a8612c41dd7:192.168.157.238:40960, 04d45094-7136-40c1-bdbb-fee737a34122:192.168.157.238:41949], old=null
2019-10-18 03:58:21,162 [pool-27-thread-1] INFO  impl.RaftServerImpl (RaftServerImpl.java:setRole(184)) - 20f566ef-d50a-432c-acfc-b325de8c1be4@group-03B580E33239: changes role from      null to FOLLOWER at term 0 for startAsFollower
2019-10-18 03:58:21,162 [pool-47-thread-1] INFO  impl.RoleInfo (RoleInfo.java:updateAndGet(143)) - d3e03273-8c79-4c12-9358-0a8612c41dd7: start FollowerState
2019-10-18 03:58:21,163 [pool-27-thread-1] INFO  impl.RoleInfo (RoleInfo.java:updateAndGet(143)) - 20f566ef-d50a-432c-acfc-b325de8c1be4: start FollowerState
2019-10-18 03:58:21,162 [pool-37-thread-1] INFO  impl.RaftServerImpl (RaftServerImpl.java:setRole(184)) - 04d45094-7136-40c1-bdbb-fee737a34122@group-03B580E33239: changes role from      null to FOLLOWER at term 0 for startAsFollower
2019-10-18 03:58:21,163 [pool-47-thread-1] INFO  util.JmxRegister (JmxRegister.java:tryRegister(44)) - Successfully registered JMX Bean with object name Ratis:service=RaftServer,group=group-03B580E33239,id=d3e03273-8c79-4c12-9358-0a8612c41dd7
2019-10-18 03:58:21,163 [pool-27-thread-1] INFO  util.JmxRegister (JmxRegister.java:tryRegister(44)) - Successfully registered JMX Bean with object name Ratis:service=RaftServer,group=group-03B580E33239,id=20f566ef-d50a-432c-acfc-b325de8c1be4
2019-10-18 03:58:21,163 [pool-37-thread-1] INFO  impl.RoleInfo (RoleInfo.java:updateAndGet(143)) - 04d45094-7136-40c1-bdbb-fee737a34122: start FollowerState
2019-10-18 03:58:21,163 [20f566ef-d50a-432c-acfc-b325de8c1be4@group-CD46AEDEDA1E-SegmentedRaftLogWorker] INFO  segmented.SegmentedRaftLogWorker (SegmentedRaftLogWorker.java:execute(576)) - 20f566ef-d50a-432c-acfc-b325de8c1be4@group-CD46AEDEDA1E-SegmentedRaftLogWorker: created new log segment /workdir/hadoop-ozone/integration-test/target/test-dir/MiniOzoneClusterImpl-36fb2caf-2745-49bb-9dac-6faaadebd701/datanode-0/data/ratis/212c639b-4629-4918-b560-cd46aededa1e/current/log_inprogress_0
2019-10-18 03:58:21,164 [pool-37-thread-1] INFO  util.JmxRegister (JmxRegister.java:tryRegister(44)) - Successfully registered JMX Bean with object name Ratis:service=RaftServer,group=group-03B580E33239,id=04d45094-7136-40c1-bdbb-fee737a34122
2019-10-18 03:58:21,163 [d3e03273-8c79-4c12-9358-0a8612c41dd7@group-4D2FEF3B968C-SegmentedRaftLogWorker] INFO  segmented.SegmentedRaftLogWorker (SegmentedRaftLogWorker.java:execute(576)) - d3e03273-8c79-4c12-9358-0a8612c41dd7@group-4D2FEF3B968C-SegmentedRaftLogWorker: created new log segment /workdir/hadoop-ozone/integration-test/target/test-dir/MiniOzoneClusterImpl-36fb2caf-2745-49bb-9dac-6faaadebd701/datanode-2/data/ratis/07de6239-7f61-4033-ae1b-4d2fef3b968c/current/log_inprogress_0
2019-10-18 03:58:21,191 [RatisPipelineUtilsThread] INFO  pipeline.PipelineStateManager (PipelineStateManager.java:addPipeline(56)) - Created pipeline Pipeline[ Id: defa1269-bd0f-4f76-adbb-03b580e33239, Nodes: d3e03273-8c79-4c12-9358-0a8612c41dd7{ip: 192.168.157.238, host: trunk-nightly-20191018-rlnr2-3935024321, networkLocation: /default-rack, certSerialId: null}04d45094-7136-40c1-bdbb-fee737a34122{ip: 192.168.157.238, host: trunk-nightly-20191018-rlnr2-3935024321, networkLocation: /default-rack, certSerialId: null}20f566ef-d50a-432c-acfc-b325de8c1be4{ip: 192.168.157.238, host: trunk-nightly-20191018-rlnr2-3935024321, networkLocation: /default-rack, certSerialId: null}, Type:RATIS, Factor:THREE, State:OPEN]
2019-10-18 03:58:21,205 [Thread-195] INFO  impl.FollowerState (FollowerState.java:run(108)) - 04d45094-7136-40c1-bdbb-fee737a34122@group-6A9D1553D90B-FollowerState: change to CANDIDATE, lastRpcTime:175ms, electionTimeout:175ms
2019-10-18 03:58:21,206 [Thread-195] INFO  impl.RoleInfo (RoleInfo.java:shutdownFollowerState(121)) - 04d45094-7136-40c1-bdbb-fee737a34122: shutdown FollowerState
2019-10-18 03:58:21,206 [Thread-195] INFO  impl.RaftServerImpl (RaftServerImpl.java:setRole(184)) - 04d45094-7136-40c1-bdbb-fee737a34122@group-6A9D1553D90B: changes role from  FOLLOWER to CANDIDATE at term 0 for changeToCandidate
2019-10-18 03:58:21,206 [Thread-195] INFO  impl.RoleInfo (RoleInfo.java:updateAndGet(143)) - 04d45094-7136-40c1-bdbb-fee737a34122: start LeaderElection
2019-10-18 03:58:21,211 [04d45094-7136-40c1-bdbb-fee737a34122@group-6A9D1553D90B-LeaderElection3] INFO  impl.LeaderElection (LeaderElection.java:askForVotes(178)) - 04d45094-7136-40c1-bdbb-fee737a34122@group-6A9D1553D90B-LeaderElection3: begin an election at term 1 for -1: [04d45094-7136-40c1-bdbb-fee737a34122:192.168.157.238:41949], old=null
2019-10-18 03:58:21,212 [04d45094-7136-40c1-bdbb-fee737a34122@group-6A9D1553D90B-LeaderElection3] INFO  impl.RoleInfo (RoleInfo.java:shutdownLeaderElection(134)) - 04d45094-7136-40c1-bdbb-fee737a34122: shutdown LeaderElection
2019-10-18 03:58:21,212 [04d45094-7136-40c1-bdbb-fee737a34122@group-6A9D1553D90B-LeaderElection3] INFO  impl.RaftServerImpl (RaftServerImpl.java:setRole(184)) - 04d45094-7136-40c1-bdbb-fee737a34122@group-6A9D1553D90B: changes role from CANDIDATE to LEADER at term 1 for changeToLeader
2019-10-18 03:58:21,212 [04d45094-7136-40c1-bdbb-fee737a34122@group-6A9D1553D90B-LeaderElection3] INFO  impl.RaftServerImpl (ServerState.java:setLeader(256)) - 04d45094-7136-40c1-bdbb-fee737a34122@group-6A9D1553D90B: change Leader from null to 04d45094-7136-40c1-bdbb-fee737a34122 at term 1 for becomeLeader, leader elected after 197ms
2019-10-18 03:58:21,212 [04d45094-7136-40c1-bdbb-fee737a34122@group-6A9D1553D90B-LeaderElection3] INFO  server.RaftServerConfigKeys (ConfUtils.java:logGet(43)) - raft.server.staging.catchup.gap = 1000 (default)
2019-10-18 03:58:21,212 [04d45094-7136-40c1-bdbb-fee737a34122@group-6A9D1553D90B-LeaderElection3] INFO  server.RaftServerConfigKeys (ConfUtils.java:logGet(43)) - raft.server.rpc.sleep.time = 25ms (default)
2019-10-18 03:58:21,213 [04d45094-7136-40c1-bdbb-fee737a34122@group-6A9D1553D90B-LeaderElection3] INFO  server.RaftServerConfigKeys (ConfUtils.java:logGet(43)) - raft.server.write.element-limit = 4096 (default)
2019-10-18 03:58:21,213 [04d45094-7136-40c1-bdbb-fee737a34122@group-6A9D1553D90B-LeaderElection3] INFO  server.RaftServerConfigKeys (ConfUtils.java:logGet(43)) - raft.server.watch.timeout = 10s (default)
2019-10-18 03:58:21,213 [04d45094-7136-40c1-bdbb-fee737a34122@group-6A9D1553D90B-LeaderElection3] INFO  server.RaftServerConfigKeys (ConfUtils.java:logGet(43)) - raft.server.watch.timeout.denomination = 1s (default)
2019-10-18 03:58:21,213 [04d45094-7136-40c1-bdbb-fee737a34122@group-6A9D1553D90B-LeaderElection3] INFO  server.RaftServerConfigKeys (ConfUtils.java:logGet(43)) - raft.server.watch.element-limit = 65536 (default)
2019-10-18 03:58:21,215 [04d45094-7136-40c1-bdbb-fee737a34122@group-6A9D1553D90B-LeaderElection3] INFO  impl.RoleInfo (RoleInfo.java:updateAndGet(143)) - 04d45094-7136-40c1-bdbb-fee737a34122: start LeaderState
2019-10-18 03:58:21,216 [04d45094-7136-40c1-bdbb-fee737a34122@group-6A9D1553D90B-LeaderElection3] INFO  segmented.SegmentedRaftLogWorker (SegmentedRaftLogWorker.java:startLogSegment(385)) - 04d45094-7136-40c1-bdbb-fee737a34122@group-6A9D1553D90B-SegmentedRaftLogWorker: Starting segment from index:0
2019-10-18 03:58:21,216 [04d45094-7136-40c1-bdbb-fee737a34122@group-6A9D1553D90B-LeaderElection3] INFO  impl.RaftServerImpl (ServerState.java:setRaftConf(357)) - 04d45094-7136-40c1-bdbb-fee737a34122@group-6A9D1553D90B: set configuration 0: [04d45094-7136-40c1-bdbb-fee737a34122:192.168.157.238:41949], old=null at 0
2019-10-18 03:58:21,242 [Thread-201] INFO  impl.FollowerState (FollowerState.java:run(108)) - d3e03273-8c79-4c12-9358-0a8612c41dd7@group-03B580E33239-FollowerState: change to CANDIDATE, lastRpcTime:79ms, electionTimeout:56ms
2019-10-18 03:58:21,243 [Thread-201] INFO  impl.RoleInfo (RoleInfo.java:shutdownFollowerState(121)) - d3e03273-8c79-4c12-9358-0a8612c41dd7: shutdown FollowerState
2019-10-18 03:58:21,243 [Thread-201] INFO  impl.RaftServerImpl (RaftServerImpl.java:setRole(184)) - d3e03273-8c79-4c12-9358-0a8612c41dd7@group-03B580E33239: changes role from  FOLLOWER to CANDIDATE at term 0 for changeToCandidate
2019-10-18 03:58:21,244 [Thread-201] INFO  impl.RoleInfo (RoleInfo.java:updateAndGet(143)) - d3e03273-8c79-4c12-9358-0a8612c41dd7: start LeaderElection
2019-10-18 03:58:21,245 [04d45094-7136-40c1-bdbb-fee737a34122@group-6A9D1553D90B-SegmentedRaftLogWorker] INFO  segmented.SegmentedRaftLogWorker (SegmentedRaftLogWorker.java:execute(576)) - 04d45094-7136-40c1-bdbb-fee737a34122@group-6A9D1553D90B-SegmentedRaftLogWorker: created new log segment /workdir/hadoop-ozone/integration-test/target/test-dir/MiniOzoneClusterImpl-36fb2caf-2745-49bb-9dac-6faaadebd701/datanode-1/data/ratis/700d89d2-bbd8-4e8a-b7b3-6a9d1553d90b/current/log_inprogress_0
2019-10-18 03:58:21,250 [d3e03273-8c79-4c12-9358-0a8612c41dd7@group-03B580E33239-LeaderElection4] INFO  impl.LeaderElection (LeaderElection.java:askForVotes(178)) - d3e03273-8c79-4c12-9358-0a8612c41dd7@group-03B580E33239-LeaderElection4: begin an election at term 1 for -1: [20f566ef-d50a-432c-acfc-b325de8c1be4:192.168.157.238:44964, d3e03273-8c79-4c12-9358-0a8612c41dd7:192.168.157.238:40960, 04d45094-7136-40c1-bdbb-fee737a34122:192.168.157.238:41949], old=null
2019-10-18 03:58:21,267 [Thread-203] INFO  impl.FollowerState (FollowerState.java:run(108)) - 04d45094-7136-40c1-bdbb-fee737a34122@group-03B580E33239-FollowerState: change to CANDIDATE, lastRpcTime:103ms, electionTimeout:99ms
2019-10-18 03:58:21,267 [Thread-203] INFO  impl.RoleInfo (RoleInfo.java:shutdownFollowerState(121)) - 04d45094-7136-40c1-bdbb-fee737a34122: shutdown FollowerState
2019-10-18 03:58:21,267 [Thread-203] INFO  impl.RaftServerImpl (RaftServerImpl.java:setRole(184)) - 04d45094-7136-40c1-bdbb-fee737a34122@group-03B580E33239: changes role from  FOLLOWER to CANDIDATE at term 0 for changeToCandidate
2019-10-18 03:58:21,269 [Thread-203] INFO  impl.RoleInfo (RoleInfo.java:updateAndGet(143)) - 04d45094-7136-40c1-bdbb-fee737a34122: start LeaderElection
2019-10-18 03:58:21,285 [Thread-202] INFO  impl.FollowerState (FollowerState.java:run(108)) - 20f566ef-d50a-432c-acfc-b325de8c1be4@group-03B580E33239-FollowerState: change to CANDIDATE, lastRpcTime:122ms, electionTimeout:121ms
2019-10-18 03:58:21,285 [04d45094-7136-40c1-bdbb-fee737a34122@group-03B580E33239-LeaderElection5] INFO  impl.LeaderElection (LeaderElection.java:askForVotes(178)) - 04d45094-7136-40c1-bdbb-fee737a34122@group-03B580E33239-LeaderElection5: begin an election at term 1 for -1: [20f566ef-d50a-432c-acfc-b325de8c1be4:192.168.157.238:44964, d3e03273-8c79-4c12-9358-0a8612c41dd7:192.168.157.238:40960, 04d45094-7136-40c1-bdbb-fee737a34122:192.168.157.238:41949], old=null
2019-10-18 03:58:21,285 [Thread-202] INFO  impl.RoleInfo (RoleInfo.java:shutdownFollowerState(121)) - 20f566ef-d50a-432c-acfc-b325de8c1be4: shutdown FollowerState
2019-10-18 03:58:21,285 [Thread-202] INFO  impl.RaftServerImpl (RaftServerImpl.java:setRole(184)) - 20f566ef-d50a-432c-acfc-b325de8c1be4@group-03B580E33239: changes role from  FOLLOWER to CANDIDATE at term 0 for changeToCandidate
2019-10-18 03:58:21,286 [Thread-202] INFO  impl.RoleInfo (RoleInfo.java:updateAndGet(143)) - 20f566ef-d50a-432c-acfc-b325de8c1be4: start LeaderElection
2019-10-18 03:58:21,302 [20f566ef-d50a-432c-acfc-b325de8c1be4@group-03B580E33239-LeaderElection6] INFO  impl.LeaderElection (LeaderElection.java:askForVotes(178)) - 20f566ef-d50a-432c-acfc-b325de8c1be4@group-03B580E33239-LeaderElection6: begin an election at term 1 for -1: [20f566ef-d50a-432c-acfc-b325de8c1be4:192.168.157.238:44964, d3e03273-8c79-4c12-9358-0a8612c41dd7:192.168.157.238:40960, 04d45094-7136-40c1-bdbb-fee737a34122:192.168.157.238:41949], old=null
2019-10-18 03:58:21,323 [d3e03273-8c79-4c12-9358-0a8612c41dd7@group-03B580E33239-LeaderElection4] INFO  impl.LeaderElection (LeaderElection.java:logAndReturn(56)) - d3e03273-8c79-4c12-9358-0a8612c41dd7@group-03B580E33239-LeaderElection4: Election TIMEOUT; received 1 response(s) [d3e03273-8c79-4c12-9358-0a8612c41dd7<-04d45094-7136-40c1-bdbb-fee737a34122#0:FAIL-t1] and 0 exception(s); d3e03273-8c79-4c12-9358-0a8612c41dd7@group-03B580E33239:t1, leader=null, voted=d3e03273-8c79-4c12-9358-0a8612c41dd7, raftlog=d3e03273-8c79-4c12-9358-0a8612c41dd7@group-03B580E33239-SegmentedRaftLog:OPENED:c-1,f-1,i0, conf=-1: [20f566ef-d50a-432c-acfc-b325de8c1be4:192.168.157.238:44964, d3e03273-8c79-4c12-9358-0a8612c41dd7:192.168.157.238:40960, 04d45094-7136-40c1-bdbb-fee737a34122:192.168.157.238:41949], old=null
2019-10-18 03:58:21,323 [04d45094-7136-40c1-bdbb-fee737a34122@group-03B580E33239-LeaderElection5] INFO  impl.LeaderElection (LeaderElection.java:logAndReturn(56)) - 04d45094-7136-40c1-bdbb-fee737a34122@group-03B580E33239-LeaderElection5: Election REJECTED; received 2 response(s) [04d45094-7136-40c1-bdbb-fee737a34122<-20f566ef-d50a-432c-acfc-b325de8c1be4#0:FAIL-t1, 04d45094-7136-40c1-bdbb-fee737a34122<-d3e03273-8c79-4c12-9358-0a8612c41dd7#0:FAIL-t1] and 0 exception(s); 04d45094-7136-40c1-bdbb-fee737a34122@group-03B580E33239:t1, leader=null, voted=04d45094-7136-40c1-bdbb-fee737a34122, raftlog=04d45094-7136-40c1-bdbb-fee737a34122@group-03B580E33239-SegmentedRaftLog:OPENED:c-1,f-1,i0, conf=-1: [20f566ef-d50a-432c-acfc-b325de8c1be4:192.168.157.238:44964, d3e03273-8c79-4c12-9358-0a8612c41dd7:192.168.157.238:40960, 04d45094-7136-40c1-bdbb-fee737a34122:192.168.157.238:41949], old=null
2019-10-18 03:58:21,325 [04d45094-7136-40c1-bdbb-fee737a34122@group-03B580E33239-LeaderElection5] INFO  impl.RaftServerImpl (RaftServerImpl.java:setRole(184)) - 04d45094-7136-40c1-bdbb-fee737a34122@group-03B580E33239: changes role from CANDIDATE to FOLLOWER at term 1 for DISCOVERED_A_NEW_TERM
2019-10-18 03:58:21,326 [04d45094-7136-40c1-bdbb-fee737a34122@group-03B580E33239-LeaderElection5] INFO  impl.RoleInfo (RoleInfo.java:shutdownLeaderElection(134)) - 04d45094-7136-40c1-bdbb-fee737a34122: shutdown LeaderElection
2019-10-18 03:58:21,326 [04d45094-7136-40c1-bdbb-fee737a34122@group-03B580E33239-LeaderElection5] INFO  impl.RoleInfo (RoleInfo.java:updateAndGet(143)) - 04d45094-7136-40c1-bdbb-fee737a34122: start FollowerState
2019-10-18 03:58:21,337 [d3e03273-8c79-4c12-9358-0a8612c41dd7@group-03B580E33239-LeaderElection4] INFO  impl.LeaderElection (LeaderElection.java:askForVotes(178)) - d3e03273-8c79-4c12-9358-0a8612c41dd7@group-03B580E33239-LeaderElection4: begin an election at term 2 for -1: [20f566ef-d50a-432c-acfc-b325de8c1be4:192.168.157.238:44964, d3e03273-8c79-4c12-9358-0a8612c41dd7:192.168.157.238:40960, 04d45094-7136-40c1-bdbb-fee737a34122:192.168.157.238:41949], old=null
2019-10-18 03:58:21,342 [20f566ef-d50a-432c-acfc-b325de8c1be4@group-03B580E33239-LeaderElection6] INFO  impl.LeaderElection (LeaderElection.java:logAndReturn(56)) - 20f566ef-d50a-432c-acfc-b325de8c1be4@group-03B580E33239-LeaderElection6: Election DISCOVERED_A_NEW_TERM; received 2 response(s) [20f566ef-d50a-432c-acfc-b325de8c1be4<-d3e03273-8c79-4c12-9358-0a8612c41dd7#0:FAIL-t2, 20f566ef-d50a-432c-acfc-b325de8c1be4<-04d45094-7136-40c1-bdbb-fee737a34122#0:FAIL-t1] and 0 exception(s); 20f566ef-d50a-432c-acfc-b325de8c1be4@group-03B580E33239:t1, leader=null, voted=20f566ef-d50a-432c-acfc-b325de8c1be4, raftlog=20f566ef-d50a-432c-acfc-b325de8c1be4@group-03B580E33239-SegmentedRaftLog:OPENED:c-1,f-1,i0, conf=-1: [20f566ef-d50a-432c-acfc-b325de8c1be4:192.168.157.238:44964, d3e03273-8c79-4c12-9358-0a8612c41dd7:192.168.157.238:40960, 04d45094-7136-40c1-bdbb-fee737a34122:192.168.157.238:41949], old=null
2019-10-18 03:58:21,342 [20f566ef-d50a-432c-acfc-b325de8c1be4@group-03B580E33239-LeaderElection6] INFO  impl.RaftServerImpl (RaftServerImpl.java:setRole(184)) - 20f566ef-d50a-432c-acfc-b325de8c1be4@group-03B580E33239: changes role from CANDIDATE to FOLLOWER at term 2 for DISCOVERED_A_NEW_TERM
2019-10-18 03:58:21,343 [20f566ef-d50a-432c-acfc-b325de8c1be4@group-03B580E33239-LeaderElection6] INFO  impl.RoleInfo (RoleInfo.java:shutdownLeaderElection(134)) - 20f566ef-d50a-432c-acfc-b325de8c1be4: shutdown LeaderElection
2019-10-18 03:58:21,343 [20f566ef-d50a-432c-acfc-b325de8c1be4@group-03B580E33239-LeaderElection6] INFO  impl.RoleInfo (RoleInfo.java:updateAndGet(143)) - 20f566ef-d50a-432c-acfc-b325de8c1be4: start FollowerState
2019-10-18 03:58:21,346 [grpc-default-executor-5] INFO  impl.RaftServerImpl (RaftServerImpl.java:setRole(184)) - 04d45094-7136-40c1-bdbb-fee737a34122@group-03B580E33239: changes role from  FOLLOWER to FOLLOWER at term 2 for recognizeCandidate:d3e03273-8c79-4c12-9358-0a8612c41dd7
2019-10-18 03:58:21,346 [grpc-default-executor-5] INFO  impl.RoleInfo (RoleInfo.java:shutdownFollowerState(121)) - 04d45094-7136-40c1-bdbb-fee737a34122: shutdown FollowerState
2019-10-18 03:58:21,347 [grpc-default-executor-5] INFO  impl.RoleInfo (RoleInfo.java:updateAndGet(143)) - 04d45094-7136-40c1-bdbb-fee737a34122: start FollowerState
2019-10-18 03:58:21,347 [Thread-221] INFO  impl.FollowerState (FollowerState.java:run(117)) - 04d45094-7136-40c1-bdbb-fee737a34122@group-03B580E33239-FollowerState was interrupted: java.lang.InterruptedException: sleep interrupted
2019-10-18 03:58:21,359 [grpc-default-executor-0] INFO  impl.RaftServerImpl (RaftServerImpl.java:setRole(184)) - 20f566ef-d50a-432c-acfc-b325de8c1be4@group-03B580E33239: changes role from  FOLLOWER to FOLLOWER at term 2 for recognizeCandidate:d3e03273-8c79-4c12-9358-0a8612c41dd7
2019-10-18 03:58:21,360 [grpc-default-executor-0] INFO  impl.RoleInfo (RoleInfo.java:shutdownFollowerState(121)) - 20f566ef-d50a-432c-acfc-b325de8c1be4: shutdown FollowerState
2019-10-18 03:58:21,360 [Thread-224] INFO  impl.FollowerState (FollowerState.java:run(117)) - 20f566ef-d50a-432c-acfc-b325de8c1be4@group-03B580E33239-FollowerState was interrupted: java.lang.InterruptedException: sleep interrupted
2019-10-18 03:58:21,360 [grpc-default-executor-0] INFO  impl.RoleInfo (RoleInfo.java:updateAndGet(143)) - 20f566ef-d50a-432c-acfc-b325de8c1be4: start FollowerState
2019-10-18 03:58:21,364 [d3e03273-8c79-4c12-9358-0a8612c41dd7@group-03B580E33239-LeaderElection4] INFO  impl.LeaderElection (LeaderElection.java:logAndReturn(56)) - d3e03273-8c79-4c12-9358-0a8612c41dd7@group-03B580E33239-LeaderElection4: Election PASSED; received 1 response(s) [d3e03273-8c79-4c12-9358-0a8612c41dd7<-04d45094-7136-40c1-bdbb-fee737a34122#0:OK-t2] and 0 exception(s); d3e03273-8c79-4c12-9358-0a8612c41dd7@group-03B580E33239:t2, leader=null, voted=d3e03273-8c79-4c12-9358-0a8612c41dd7, raftlog=d3e03273-8c79-4c12-9358-0a8612c41dd7@group-03B580E33239-SegmentedRaftLog:OPENED:c-1,f-1,i0, conf=-1: [20f566ef-d50a-432c-acfc-b325de8c1be4:192.168.157.238:44964, d3e03273-8c79-4c12-9358-0a8612c41dd7:192.168.157.238:40960, 04d45094-7136-40c1-bdbb-fee737a34122:192.168.157.238:41949], old=null
2019-10-18 03:58:21,364 [d3e03273-8c79-4c12-9358-0a8612c41dd7@group-03B580E33239-LeaderElection4] INFO  impl.RoleInfo (RoleInfo.java:shutdownLeaderElection(134)) - d3e03273-8c79-4c12-9358-0a8612c41dd7: shutdown LeaderElection
2019-10-18 03:58:21,365 [d3e03273-8c79-4c12-9358-0a8612c41dd7@group-03B580E33239-LeaderElection4] INFO  impl.RaftServerImpl (RaftServerImpl.java:setRole(184)) - d3e03273-8c79-4c12-9358-0a8612c41dd7@group-03B580E33239: changes role from CANDIDATE to LEADER at term 2 for changeToLeader
2019-10-18 03:58:21,365 [d3e03273-8c79-4c12-9358-0a8612c41dd7@group-03B580E33239-LeaderElection4] INFO  impl.RaftServerImpl (ServerState.java:setLeader(256)) - d3e03273-8c79-4c12-9358-0a8612c41dd7@group-03B580E33239: change Leader from null to d3e03273-8c79-4c12-9358-0a8612c41dd7 at term 2 for becomeLeader, leader elected after 226ms
2019-10-18 03:58:21,365 [d3e03273-8c79-4c12-9358-0a8612c41dd7@group-03B580E33239-LeaderElection4] INFO  server.RaftServerConfigKeys (ConfUtils.java:logGet(43)) - raft.server.staging.catchup.gap = 1000 (default)
2019-10-18 03:58:21,365 [d3e03273-8c79-4c12-9358-0a8612c41dd7@group-03B580E33239-LeaderElection4] INFO  server.RaftServerConfigKeys (ConfUtils.java:logGet(43)) - raft.server.rpc.sleep.time = 25ms (default)
2019-10-18 03:58:21,366 [d3e03273-8c79-4c12-9358-0a8612c41dd7@group-03B580E33239-LeaderElection4] INFO  server.RaftServerConfigKeys (ConfUtils.java:logGet(43)) - raft.server.write.element-limit = 4096 (default)
2019-10-18 03:58:21,366 [d3e03273-8c79-4c12-9358-0a8612c41dd7@group-03B580E33239-LeaderElection4] INFO  server.RaftServerConfigKeys (ConfUtils.java:logGet(43)) - raft.server.watch.timeout = 10s (default)
2019-10-18 03:58:21,366 [d3e03273-8c79-4c12-9358-0a8612c41dd7@group-03B580E33239-LeaderElection4] INFO  server.RaftServerConfigKeys (ConfUtils.java:logGet(43)) - raft.server.watch.timeout.denomination = 1s (default)
2019-10-18 03:58:21,366 [d3e03273-8c79-4c12-9358-0a8612c41dd7@group-03B580E33239-LeaderElection4] INFO  server.RaftServerConfigKeys (ConfUtils.java:logGet(43)) - raft.server.watch.element-limit = 65536 (default)
2019-10-18 03:58:21,371 [d3e03273-8c79-4c12-9358-0a8612c41dd7@group-03B580E33239-LeaderElection4] INFO  server.RaftServerConfigKeys (ConfUtils.java:logGet(43)) - raft.server.log.appender.snapshot.chunk.size.max = 16MB (=16777216) (default)
2019-10-18 03:58:21,371 [d3e03273-8c79-4c12-9358-0a8612c41dd7@group-03B580E33239-LeaderElection4] INFO  server.RaftServerConfigKeys (ConfUtils.java:logGet(43)) - raft.server.log.appender.buffer.byte-limit = 33554432 (custom)
2019-10-18 03:58:21,372 [d3e03273-8c79-4c12-9358-0a8612c41dd7@group-03B580E33239-LeaderElection4] INFO  server.RaftServerConfigKeys (ConfUtils.java:logGet(43)) - raft.server.log.appender.buffer.element-limit = 1 (custom)
2019-10-18 03:58:21,375 [Thread-226] INFO  impl.FollowerState (FollowerState.java:run(108)) - 20f566ef-d50a-432c-acfc-b325de8c1be4@group-03B580E33239-FollowerState: change to CANDIDATE, lastRpcTime:14ms, electionTimeout:10ms
2019-10-18 03:58:21,376 [Thread-226] INFO  impl.RoleInfo (RoleInfo.java:shutdownFollowerState(121)) - 20f566ef-d50a-432c-acfc-b325de8c1be4: shutdown FollowerState
2019-10-18 03:58:21,376 [Thread-226] INFO  impl.RaftServerImpl (RaftServerImpl.java:setRole(184)) - 20f566ef-d50a-432c-acfc-b325de8c1be4@group-03B580E33239: changes role from  FOLLOWER to CANDIDATE at term 2 for changeToCandidate
2019-10-18 03:58:21,376 [Thread-226] INFO  impl.RoleInfo (RoleInfo.java:updateAndGet(143)) - 20f566ef-d50a-432c-acfc-b325de8c1be4: start LeaderElection
2019-10-18 03:58:21,376 [d3e03273-8c79-4c12-9358-0a8612c41dd7@group-03B580E33239-LeaderElection4] INFO  grpc.GrpcConfigKeys$Server (ConfUtils.java:logGet(43)) - raft.grpc.server.leader.outstanding.appends.max = 128 (default)
2019-10-18 03:58:21,379 [d3e03273-8c79-4c12-9358-0a8612c41dd7@group-03B580E33239-LeaderElection4] INFO  server.RaftServerConfigKeys (ConfUtils.java:logGet(43)) - raft.server.rpc.request.timeout = 3000ms (default)
2019-10-18 03:58:21,380 [d3e03273-8c79-4c12-9358-0a8612c41dd7@group-03B580E33239-LeaderElection4] INFO  server.RaftServerConfigKeys (ConfUtils.java:logGet(43)) - raft.server.log.appender.install.snapshot.enabled = false (custom)
2019-10-18 03:58:21,385 [d3e03273-8c79-4c12-9358-0a8612c41dd7@group-03B580E33239-LeaderElection4] INFO  server.RaftServerConfigKeys (ConfUtils.java:logGet(43)) - raft.server.log.appender.snapshot.chunk.size.max = 16MB (=16777216) (default)
2019-10-18 03:58:21,385 [d3e03273-8c79-4c12-9358-0a8612c41dd7@group-03B580E33239-LeaderElection4] INFO  server.RaftServerConfigKeys (ConfUtils.java:logGet(43)) - raft.server.log.appender.buffer.byte-limit = 33554432 (custom)
2019-10-18 03:58:21,385 [d3e03273-8c79-4c12-9358-0a8612c41dd7@group-03B580E33239-LeaderElection4] INFO  server.RaftServerConfigKeys (ConfUtils.java:logGet(43)) - raft.server.log.appender.buffer.element-limit = 1 (custom)
2019-10-18 03:58:21,385 [d3e03273-8c79-4c12-9358-0a8612c41dd7@group-03B580E33239-LeaderElection4] INFO  grpc.GrpcConfigKeys$Server (ConfUtils.java:logGet(43)) - raft.grpc.server.leader.outstanding.appends.max = 128 (default)
2019-10-18 03:58:21,386 [d3e03273-8c79-4c12-9358-0a8612c41dd7@group-03B580E33239-LeaderElection4] INFO  server.RaftServerConfigKeys (ConfUtils.java:logGet(43)) - raft.server.rpc.request.timeout = 3000ms (default)
2019-10-18 03:58:21,386 [d3e03273-8c79-4c12-9358-0a8612c41dd7@group-03B580E33239-LeaderElection4] INFO  server.RaftServerConfigKeys (ConfUtils.java:logGet(43)) - raft.server.log.appender.install.snapshot.enabled = false (custom)
2019-10-18 03:58:21,391 [d3e03273-8c79-4c12-9358-0a8612c41dd7@group-03B580E33239-LeaderElection4] INFO  impl.RoleInfo (RoleInfo.java:updateAndGet(143)) - d3e03273-8c79-4c12-9358-0a8612c41dd7: start LeaderState
2019-10-18 03:58:21,391 [d3e03273-8c79-4c12-9358-0a8612c41dd7@group-03B580E33239-LeaderElection4] INFO  segmented.SegmentedRaftLogWorker (SegmentedRaftLogWorker.java:startLogSegment(385)) - d3e03273-8c79-4c12-9358-0a8612c41dd7@group-03B580E33239-SegmentedRaftLogWorker: Starting segment from index:0
2019-10-18 03:58:21,392 [d3e03273-8c79-4c12-9358-0a8612c41dd7@group-03B580E33239-LeaderElection4] INFO  impl.RaftServerImpl (ServerState.java:setRaftConf(357)) - d3e03273-8c79-4c12-9358-0a8612c41dd7@group-03B580E33239: set configuration 0: [20f566ef-d50a-432c-acfc-b325de8c1be4:192.168.157.238:44964, d3e03273-8c79-4c12-9358-0a8612c41dd7:192.168.157.238:40960, 04d45094-7136-40c1-bdbb-fee737a34122:192.168.157.238:41949], old=null at 0
2019-10-18 03:58:21,427 [Thread-225] INFO  impl.FollowerState (FollowerState.java:run(108)) - 04d45094-7136-40c1-bdbb-fee737a34122@group-03B580E33239-FollowerState: change to CANDIDATE, lastRpcTime:79ms, electionTimeout:67ms
2019-10-18 03:58:21,427 [20f566ef-d50a-432c-acfc-b325de8c1be4@group-03B580E33239-LeaderElection7] INFO  impl.LeaderElection (LeaderElection.java:askForVotes(178)) - 20f566ef-d50a-432c-acfc-b325de8c1be4@group-03B580E33239-LeaderElection7: begin an election at term 3 for -1: [20f566ef-d50a-432c-acfc-b325de8c1be4:192.168.157.238:44964, d3e03273-8c79-4c12-9358-0a8612c41dd7:192.168.157.238:40960, 04d45094-7136-40c1-bdbb-fee737a34122:192.168.157.238:41949], old=null
2019-10-18 03:58:21,427 [Thread-225] INFO  impl.RoleInfo (RoleInfo.java:shutdownFollowerState(121)) - 04d45094-7136-40c1-bdbb-fee737a34122: shutdown FollowerState
2019-10-18 03:58:21,428 [Thread-225] INFO  impl.RaftServerImpl (RaftServerImpl.java:setRole(184)) - 04d45094-7136-40c1-bdbb-fee737a34122@group-03B580E33239: changes role from  FOLLOWER to CANDIDATE at term 2 for changeToCandidate
2019-10-18 03:58:21,428 [Thread-225] INFO  impl.RoleInfo (RoleInfo.java:updateAndGet(143)) - 04d45094-7136-40c1-bdbb-fee737a34122: start LeaderElection
2019-10-18 03:58:21,444 [d3e03273-8c79-4c12-9358-0a8612c41dd7@group-03B580E33239-SegmentedRaftLogWorker] INFO  segmented.SegmentedRaftLogWorker (SegmentedRaftLogWorker.java:execute(576)) - d3e03273-8c79-4c12-9358-0a8612c41dd7@group-03B580E33239-SegmentedRaftLogWorker: created new log segment /workdir/hadoop-ozone/integration-test/target/test-dir/MiniOzoneClusterImpl-36fb2caf-2745-49bb-9dac-6faaadebd701/datanode-2/data/ratis/defa1269-bd0f-4f76-adbb-03b580e33239/current/log_inprogress_0
2019-10-18 03:58:21,446 [04d45094-7136-40c1-bdbb-fee737a34122@group-03B580E33239-LeaderElection8] INFO  impl.LeaderElection (LeaderElection.java:askForVotes(178)) - 04d45094-7136-40c1-bdbb-fee737a34122@group-03B580E33239-LeaderElection8: begin an election at term 3 for -1: [20f566ef-d50a-432c-acfc-b325de8c1be4:192.168.157.238:44964, d3e03273-8c79-4c12-9358-0a8612c41dd7:192.168.157.238:40960, 04d45094-7136-40c1-bdbb-fee737a34122:192.168.157.238:41949], old=null
2019-10-18 03:58:21,446 [grpc-default-executor-5] INFO  impl.RaftServerImpl (ServerState.java:setLeader(256)) - d3e03273-8c79-4c12-9358-0a8612c41dd7@group-03B580E33239: change Leader from d3e03273-8c79-4c12-9358-0a8612c41dd7 to null at term 3 for updateCurrentTerm
2019-10-18 03:58:21,446 [grpc-default-executor-5] INFO  impl.RaftServerImpl (RaftServerImpl.java:setRole(184)) - d3e03273-8c79-4c12-9358-0a8612c41dd7@group-03B580E33239: changes role from    LEADER to FOLLOWER at term 3 for recognizeCandidate:20f566ef-d50a-432c-acfc-b325de8c1be4
2019-10-18 03:58:21,447 [grpc-default-executor-5] INFO  impl.RoleInfo (RoleInfo.java:shutdownLeaderState(104)) - d3e03273-8c79-4c12-9358-0a8612c41dd7: shutdown LeaderState
2019-10-18 03:58:21,450 [grpc-default-executor-5] INFO  impl.PendingRequests (PendingRequests.java:sendNotLeaderResponses(202)) - d3e03273-8c79-4c12-9358-0a8612c41dd7@group-03B580E33239-PendingRequests: sendNotLeaderResponses
2019-10-18 03:58:21,454 [grpc-default-executor-5] INFO  impl.RoleInfo (RoleInfo.java:updateAndGet(143)) - d3e03273-8c79-4c12-9358-0a8612c41dd7: start FollowerState
2019-10-18 03:58:21,454 [org.apache.ratis.server.impl.LogAppender$AppenderDaemon$$Lambda$424/771829267@f847ac8] WARN  server.GrpcLogAppender (GrpcLogAppender.java:mayWait(149)) - d3e03273-8c79-4c12-9358-0a8612c41dd7@group-03B580E33239->20f566ef-d50a-432c-acfc-b325de8c1be4-GrpcLogAppender: Wait interrupted by java.lang.InterruptedException
2019-10-18 03:58:21,454 [org.apache.ratis.server.impl.LogAppender$AppenderDaemon$$Lambda$424/771829267@20355f98] WARN  server.GrpcLogAppender (GrpcLogAppender.java:mayWait(149)) - d3e03273-8c79-4c12-9358-0a8612c41dd7@group-03B580E33239->04d45094-7136-40c1-bdbb-fee737a34122-GrpcLogAppender: Wait interrupted by java.lang.InterruptedException
2019-10-18 03:58:21,461 [grpc-default-executor-3] INFO  impl.RaftServerImpl (RaftServerImpl.java:setRole(184)) - d3e03273-8c79-4c12-9358-0a8612c41dd7@group-03B580E33239: changes role from  FOLLOWER to FOLLOWER at term 3 for recognizeCandidate:04d45094-7136-40c1-bdbb-fee737a34122
2019-10-18 03:58:21,461 [grpc-default-executor-3] INFO  impl.RoleInfo (RoleInfo.java:shutdownFollowerState(121)) - d3e03273-8c79-4c12-9358-0a8612c41dd7: shutdown FollowerState
2019-10-18 03:58:21,461 [Thread-237] INFO  impl.FollowerState (FollowerState.java:run(117)) - d3e03273-8c79-4c12-9358-0a8612c41dd7@group-03B580E33239-FollowerState was interrupted: java.lang.InterruptedException: sleep interrupted
2019-10-18 03:58:21,461 [grpc-default-executor-3] INFO  impl.RoleInfo (RoleInfo.java:updateAndGet(143)) - d3e03273-8c79-4c12-9358-0a8612c41dd7: start FollowerState
2019-10-18 03:58:21,469 [grpc-default-executor-5] INFO  server.GrpcServerProtocolService (GrpcServerProtocolService.java:onCompleted(113)) - 20f566ef-d50a-432c-acfc-b325de8c1be4: Completed APPEND_ENTRIES, lastRequest: null
2019-10-18 03:58:21,469 [20f566ef-d50a-432c-acfc-b325de8c1be4@group-03B580E33239-LeaderElection7] INFO  impl.LeaderElection (LeaderElection.java:logAndReturn(56)) - 20f566ef-d50a-432c-acfc-b325de8c1be4@group-03B580E33239-LeaderElection7: Election REJECTED; received 2 response(s) [20f566ef-d50a-432c-acfc-b325de8c1be4<-d3e03273-8c79-4c12-9358-0a8612c41dd7#0:FAIL-t3, 20f566ef-d50a-432c-acfc-b325de8c1be4<-04d45094-7136-40c1-bdbb-fee737a34122#0:FAIL-t3] and 0 exception(s); 20f566ef-d50a-432c-acfc-b325de8c1be4@group-03B580E33239:t3, leader=null, voted=20f566ef-d50a-432c-acfc-b325de8c1be4, raftlog=20f566ef-d50a-432c-acfc-b325de8c1be4@group-03B580E33239-SegmentedRaftLog:OPENED:c-1,f-1,i0, conf=-1: [20f566ef-d50a-432c-acfc-b325de8c1be4:192.168.157.238:44964, d3e03273-8c79-4c12-9358-0a8612c41dd7:192.168.157.238:40960, 04d45094-7136-40c1-bdbb-fee737a34122:192.168.157.238:41949], old=null
2019-10-18 03:58:21,469 [grpc-default-executor-0] INFO  server.GrpcServerProtocolService (GrpcServerProtocolService.java:onCompleted(113)) - 04d45094-7136-40c1-bdbb-fee737a34122: Completed APPEND_ENTRIES, lastRequest: null
2019-10-18 03:58:21,470 [20f566ef-d50a-432c-acfc-b325de8c1be4@group-03B580E33239-LeaderElection7] INFO  impl.RaftServerImpl (RaftServerImpl.java:setRole(184)) - 20f566ef-d50a-432c-acfc-b325de8c1be4@group-03B580E33239: changes role from CANDIDATE to FOLLOWER at term 3 for DISCOVERED_A_NEW_TERM
2019-10-18 03:58:21,474 [20f566ef-d50a-432c-acfc-b325de8c1be4@group-03B580E33239-LeaderElection7] INFO  impl.RoleInfo (RoleInfo.java:shutdownLeaderElection(134)) - 20f566ef-d50a-432c-acfc-b325de8c1be4: shutdown LeaderElection
2019-10-18 03:58:21,474 [04d45094-7136-40c1-bdbb-fee737a34122@group-03B580E33239-LeaderElection8] INFO  impl.LeaderElection (LeaderElection.java:logAndReturn(56)) - 04d45094-7136-40c1-bdbb-fee737a34122@group-03B580E33239-LeaderElection8: Election REJECTED; received 2 response(s) [04d45094-7136-40c1-bdbb-fee737a34122<-20f566ef-d50a-432c-acfc-b325de8c1be4#0:FAIL-t3, 04d45094-7136-40c1-bdbb-fee737a34122<-d3e03273-8c79-4c12-9358-0a8612c41dd7#0:FAIL-t3] and 0 exception(s); 04d45094-7136-40c1-bdbb-fee737a34122@group-03B580E33239:t3, leader=null, voted=04d45094-7136-40c1-bdbb-fee737a34122, raftlog=04d45094-7136-40c1-bdbb-fee737a34122@group-03B580E33239-SegmentedRaftLog:OPENED:c-1,f-1,i0, conf=-1: [20f566ef-d50a-432c-acfc-b325de8c1be4:192.168.157.238:44964, d3e03273-8c79-4c12-9358-0a8612c41dd7:192.168.157.238:40960, 04d45094-7136-40c1-bdbb-fee737a34122:192.168.157.238:41949], old=null
2019-10-18 03:58:21,475 [20f566ef-d50a-432c-acfc-b325de8c1be4@group-03B580E33239-LeaderElection7] INFO  impl.RoleInfo (RoleInfo.java:updateAndGet(143)) - 20f566ef-d50a-432c-acfc-b325de8c1be4: start FollowerState
2019-10-18 03:58:21,475 [04d45094-7136-40c1-bdbb-fee737a34122@group-03B580E33239-LeaderElection8] INFO  impl.RaftServerImpl (RaftServerImpl.java:setRole(184)) - 04d45094-7136-40c1-bdbb-fee737a34122@group-03B580E33239: changes role from CANDIDATE to FOLLOWER at term 3 for DISCOVERED_A_NEW_TERM
2019-10-18 03:58:21,477 [grpc-default-executor-5] INFO  server.GrpcLogAppender (GrpcLogAppender.java:onCompleted(308)) - d3e03273-8c79-4c12-9358-0a8612c41dd7@group-03B580E33239->04d45094-7136-40c1-bdbb-fee737a34122-AppendLogResponseHandler: follower responses appendEntries COMPLETED
2019-10-18 03:58:21,477 [grpc-default-executor-0] INFO  server.GrpcLogAppender (GrpcLogAppender.java:onCompleted(308)) - d3e03273-8c79-4c12-9358-0a8612c41dd7@group-03B580E33239->20f566ef-d50a-432c-acfc-b325de8c1be4-AppendLogResponseHandler: follower responses appendEntries COMPLETED
2019-10-18 03:58:21,477 [04d45094-7136-40c1-bdbb-fee737a34122@group-03B580E33239-LeaderElection8] INFO  impl.RoleInfo (RoleInfo.java:shutdownLeaderElection(134)) - 04d45094-7136-40c1-bdbb-fee737a34122: shutdown LeaderElection
2019-10-18 03:58:21,481 [04d45094-7136-40c1-bdbb-fee737a34122@group-03B580E33239-LeaderElection8] INFO  impl.RoleInfo (RoleInfo.java:updateAndGet(143)) - 04d45094-7136-40c1-bdbb-fee737a34122: start FollowerState
2019-10-18 03:58:21,485 [grpc-default-executor-5] INFO  impl.FollowerInfo (FollowerInfo.java:lambda$new$0(51)) - d3e03273-8c79-4c12-9358-0a8612c41dd7@group-03B580E33239->04d45094-7136-40c1-bdbb-fee737a34122: nextIndex: updateUnconditionally 0 -> 0
2019-10-18 03:58:21,485 [grpc-default-executor-0] INFO  impl.FollowerInfo (FollowerInfo.java:lambda$new$0(51)) - d3e03273-8c79-4c12-9358-0a8612c41dd7@group-03B580E33239->20f566ef-d50a-432c-acfc-b325de8c1be4: nextIndex: updateUnconditionally 0 -> 0
2019-10-18 03:58:21,645 [Thread-240] INFO  impl.FollowerState (FollowerState.java:run(108)) - 04d45094-7136-40c1-bdbb-fee737a34122@group-03B580E33239-FollowerState: change to CANDIDATE, lastRpcTime:164ms, electionTimeout:164ms
2019-10-18 03:58:21,645 [Thread-240] INFO  impl.RoleInfo (RoleInfo.java:shutdownFollowerState(121)) - 04d45094-7136-40c1-bdbb-fee737a34122: shutdown FollowerState
2019-10-18 03:58:21,646 [Thread-240] INFO  impl.RaftServerImpl (RaftServerImpl.java:setRole(184)) - 04d45094-7136-40c1-bdbb-fee737a34122@group-03B580E33239: changes role from  FOLLOWER to CANDIDATE at term 3 for changeToCandidate
2019-10-18 03:58:21,646 [Thread-239] INFO  impl.FollowerState (FollowerState.java:run(108)) - 20f566ef-d50a-432c-acfc-b325de8c1be4@group-03B580E33239-FollowerState: change to CANDIDATE, lastRpcTime:171ms, electionTimeout:168ms
2019-10-18 03:58:21,646 [Thread-239] INFO  impl.RoleInfo (RoleInfo.java:shutdownFollowerState(121)) - 20f566ef-d50a-432c-acfc-b325de8c1be4: shutdown FollowerState
2019-10-18 03:58:21,646 [Thread-240] INFO  impl.RoleInfo (RoleInfo.java:updateAndGet(143)) - 04d45094-7136-40c1-bdbb-fee737a34122: start LeaderElection
2019-10-18 03:58:21,646 [Thread-239] INFO  impl.RaftServerImpl (RaftServerImpl.java:setRole(184)) - 20f566ef-d50a-432c-acfc-b325de8c1be4@group-03B580E33239: changes role from  FOLLOWER to CANDIDATE at term 3 for changeToCandidate
2019-10-18 03:58:21,646 [Thread-239] INFO  impl.RoleInfo (RoleInfo.java:updateAndGet(143)) - 20f566ef-d50a-432c-acfc-b325de8c1be4: start LeaderElection
2019-10-18 03:58:21,663 [20f566ef-d50a-432c-acfc-b325de8c1be4@group-03B580E33239-LeaderElection10] INFO  impl.LeaderElection (LeaderElection.java:askForVotes(178)) - 20f566ef-d50a-432c-acfc-b325de8c1be4@group-03B580E33239-LeaderElection10: begin an election at term 4 for -1: [20f566ef-d50a-432c-acfc-b325de8c1be4:192.168.157.238:44964, d3e03273-8c79-4c12-9358-0a8612c41dd7:192.168.157.238:40960, 04d45094-7136-40c1-bdbb-fee737a34122:192.168.157.238:41949], old=null
2019-10-18 03:58:21,663 [04d45094-7136-40c1-bdbb-fee737a34122@group-03B580E33239-LeaderElection9] INFO  impl.LeaderElection (LeaderElection.java:askForVotes(178)) - 04d45094-7136-40c1-bdbb-fee737a34122@group-03B580E33239-LeaderElection9: begin an election at term 4 for -1: [20f566ef-d50a-432c-acfc-b325de8c1be4:192.168.157.238:44964, d3e03273-8c79-4c12-9358-0a8612c41dd7:192.168.157.238:40960, 04d45094-7136-40c1-bdbb-fee737a34122:192.168.157.238:41949], old=null
2019-10-18 03:58:21,675 [grpc-default-executor-5] INFO  impl.RaftServerImpl (RaftServerImpl.java:setRole(184)) - d3e03273-8c79-4c12-9358-0a8612c41dd7@group-03B580E33239: changes role from  FOLLOWER to FOLLOWER at term 4 for recognizeCandidate:04d45094-7136-40c1-bdbb-fee737a34122
2019-10-18 03:58:21,676 [grpc-default-executor-5] INFO  impl.RoleInfo (RoleInfo.java:shutdownFollowerState(121)) - d3e03273-8c79-4c12-9358-0a8612c41dd7: shutdown FollowerState
2019-10-18 03:58:21,677 [Thread-238] INFO  impl.FollowerState (FollowerState.java:run(117)) - d3e03273-8c79-4c12-9358-0a8612c41dd7@group-03B580E33239-FollowerState was interrupted: java.lang.InterruptedException: sleep interrupted
2019-10-18 03:58:21,677 [grpc-default-executor-5] INFO  impl.RoleInfo (RoleInfo.java:updateAndGet(143)) - d3e03273-8c79-4c12-9358-0a8612c41dd7: start FollowerState
2019-10-18 03:58:21,692 [grpc-default-executor-3] INFO  impl.RaftServerImpl (RaftServerImpl.java:setRole(184)) - d3e03273-8c79-4c12-9358-0a8612c41dd7@group-03B580E33239: changes role from  FOLLOWER to FOLLOWER at term 4 for recognizeCandidate:20f566ef-d50a-432c-acfc-b325de8c1be4
2019-10-18 03:58:21,692 [grpc-default-executor-3] INFO  impl.RoleInfo (RoleInfo.java:shutdownFollowerState(121)) - d3e03273-8c79-4c12-9358-0a8612c41dd7: shutdown FollowerState
2019-10-18 03:58:21,692 [Thread-248] INFO  impl.FollowerState (FollowerState.java:run(117)) - d3e03273-8c79-4c12-9358-0a8612c41dd7@group-03B580E33239-FollowerState was interrupted: java.lang.InterruptedException: sleep interrupted
2019-10-18 03:58:21,692 [grpc-default-executor-3] INFO  impl.RoleInfo (RoleInfo.java:updateAndGet(143)) - d3e03273-8c79-4c12-9358-0a8612c41dd7: start FollowerState
2019-10-18 03:58:21,696 [04d45094-7136-40c1-bdbb-fee737a34122@group-03B580E33239-LeaderElection9] INFO  impl.LeaderElection (LeaderElection.java:logAndReturn(56)) - 04d45094-7136-40c1-bdbb-fee737a34122@group-03B580E33239-LeaderElection9: Election REJECTED; received 2 response(s) [04d45094-7136-40c1-bdbb-fee737a34122<-20f566ef-d50a-432c-acfc-b325de8c1be4#0:FAIL-t4, 04d45094-7136-40c1-bdbb-fee737a34122<-d3e03273-8c79-4c12-9358-0a8612c41dd7#0:FAIL-t4] and 0 exception(s); 04d45094-7136-40c1-bdbb-fee737a34122@group-03B580E33239:t4, leader=null, voted=04d45094-7136-40c1-bdbb-fee737a34122, raftlog=04d45094-7136-40c1-bdbb-fee737a34122@group-03B580E33239-SegmentedRaftLog:OPENED:c-1,f-1,i0, conf=-1: [20f566ef-d50a-432c-acfc-b325de8c1be4:192.168.157.238:44964, d3e03273-8c79-4c12-9358-0a8612c41dd7:192.168.157.238:40960, 04d45094-7136-40c1-bdbb-fee737a34122:192.168.157.238:41949], old=null
2019-10-18 03:58:21,696 [04d45094-7136-40c1-bdbb-fee737a34122@group-03B580E33239-LeaderElection9] INFO  impl.RaftServerImpl (RaftServerImpl.java:setRole(184)) - 04d45094-7136-40c1-bdbb-fee737a34122@group-03B580E33239: changes role from CANDIDATE to FOLLOWER at term 4 for DISCOVERED_A_NEW_TERM
2019-10-18 03:58:21,697 [04d45094-7136-40c1-bdbb-fee737a34122@group-03B580E33239-LeaderElection9] INFO  impl.RoleInfo (RoleInfo.java:shutdownLeaderElection(134)) - 04d45094-7136-40c1-bdbb-fee737a34122: shutdown LeaderElection
2019-10-18 03:58:21,697 [04d45094-7136-40c1-bdbb-fee737a34122@group-03B580E33239-LeaderElection9] INFO  impl.RoleInfo (RoleInfo.java:updateAndGet(143)) - 04d45094-7136-40c1-bdbb-fee737a34122: start FollowerState
2019-10-18 03:58:21,698 [20f566ef-d50a-432c-acfc-b325de8c1be4@group-03B580E33239-LeaderElection10] INFO  impl.LeaderElection (LeaderElection.java:logAndReturn(56)) - 20f566ef-d50a-432c-acfc-b325de8c1be4@group-03B580E33239-LeaderElection10: Election REJECTED; received 2 response(s) [20f566ef-d50a-432c-acfc-b325de8c1be4<-d3e03273-8c79-4c12-9358-0a8612c41dd7#0:FAIL-t4, 20f566ef-d50a-432c-acfc-b325de8c1be4<-04d45094-7136-40c1-bdbb-fee737a34122#0:FAIL-t4] and 0 exception(s); 20f566ef-d50a-432c-acfc-b325de8c1be4@group-03B580E33239:t4, leader=null, voted=20f566ef-d50a-432c-acfc-b325de8c1be4, raftlog=20f566ef-d50a-432c-acfc-b325de8c1be4@group-03B580E33239-SegmentedRaftLog:OPENED:c-1,f-1,i0, conf=-1: [20f566ef-d50a-432c-acfc-b325de8c1be4:192.168.157.238:44964, d3e03273-8c79-4c12-9358-0a8612c41dd7:192.168.157.238:40960, 04d45094-7136-40c1-bdbb-fee737a34122:192.168.157.238:41949], old=null
2019-10-18 03:58:21,700 [20f566ef-d50a-432c-acfc-b325de8c1be4@group-03B580E33239-LeaderElection10] INFO  impl.RaftServerImpl (RaftServerImpl.java:setRole(184)) - 20f566ef-d50a-432c-acfc-b325de8c1be4@group-03B580E33239: changes role from CANDIDATE to FOLLOWER at term 4 for DISCOVERED_A_NEW_TERM
2019-10-18 03:58:21,701 [20f566ef-d50a-432c-acfc-b325de8c1be4@group-03B580E33239-LeaderElection10] INFO  impl.RoleInfo (RoleInfo.java:shutdownLeaderElection(134)) - 20f566ef-d50a-432c-acfc-b325de8c1be4: shutdown LeaderElection
2019-10-18 03:58:21,701 [20f566ef-d50a-432c-acfc-b325de8c1be4@group-03B580E33239-LeaderElection10] INFO  impl.RoleInfo (RoleInfo.java:updateAndGet(143)) - 20f566ef-d50a-432c-acfc-b325de8c1be4: start FollowerState
2019-10-18 03:58:21,760 [main] INFO  rpc.RpcClient (RpcClient.java:createVolume(272)) - Creating Volume: testcontainerstatemachinefailures, with jenkins1000 as owner.
2019-10-18 03:58:21,997 [Thread-250] INFO  impl.FollowerState (FollowerState.java:run(108)) - 04d45094-7136-40c1-bdbb-fee737a34122@group-03B580E33239-FollowerState: change to CANDIDATE, lastRpcTime:299ms, electionTimeout:124ms
2019-10-18 03:58:21,997 [Thread-251] INFO  impl.FollowerState (FollowerState.java:run(108)) - 20f566ef-d50a-432c-acfc-b325de8c1be4@group-03B580E33239-FollowerState: change to CANDIDATE, lastRpcTime:295ms, electionTimeout:120ms
2019-10-18 03:58:21,997 [Thread-250] INFO  impl.RoleInfo (RoleInfo.java:shutdownFollowerState(121)) - 04d45094-7136-40c1-bdbb-fee737a34122: shutdown FollowerState
2019-10-18 03:58:21,997 [Thread-251] INFO  impl.RoleInfo (RoleInfo.java:shutdownFollowerState(121)) - 20f566ef-d50a-432c-acfc-b325de8c1be4: shutdown FollowerState
2019-10-18 03:58:21,998 [Thread-250] INFO  impl.RaftServerImpl (RaftServerImpl.java:setRole(184)) - 04d45094-7136-40c1-bdbb-fee737a34122@group-03B580E33239: changes role from  FOLLOWER to CANDIDATE at term 4 for changeToCandidate
2019-10-18 03:58:21,998 [Thread-251] INFO  impl.RaftServerImpl (RaftServerImpl.java:setRole(184)) - 20f566ef-d50a-432c-acfc-b325de8c1be4@group-03B580E33239: changes role from  FOLLOWER to CANDIDATE at term 4 for changeToCandidate
2019-10-18 03:58:21,998 [Thread-250] INFO  impl.RoleInfo (RoleInfo.java:updateAndGet(143)) - 04d45094-7136-40c1-bdbb-fee737a34122: start LeaderElection
2019-10-18 03:58:21,998 [Thread-251] INFO  impl.RoleInfo (RoleInfo.java:updateAndGet(143)) - 20f566ef-d50a-432c-acfc-b325de8c1be4: start LeaderElection
2019-10-18 03:58:22,014 [20f566ef-d50a-432c-acfc-b325de8c1be4@group-03B580E33239-LeaderElection12] INFO  impl.LeaderElection (LeaderElection.java:askForVotes(178)) - 20f566ef-d50a-432c-acfc-b325de8c1be4@group-03B580E33239-LeaderElection12: begin an election at term 5 for -1: [20f566ef-d50a-432c-acfc-b325de8c1be4:192.168.157.238:44964, d3e03273-8c79-4c12-9358-0a8612c41dd7:192.168.157.238:40960, 04d45094-7136-40c1-bdbb-fee737a34122:192.168.157.238:41949], old=null
2019-10-18 03:58:22,014 [04d45094-7136-40c1-bdbb-fee737a34122@group-03B580E33239-LeaderElection11] INFO  impl.LeaderElection (LeaderElection.java:askForVotes(178)) - 04d45094-7136-40c1-bdbb-fee737a34122@group-03B580E33239-LeaderElection11: begin an election at term 5 for -1: [20f566ef-d50a-432c-acfc-b325de8c1be4:192.168.157.238:44964, d3e03273-8c79-4c12-9358-0a8612c41dd7:192.168.157.238:40960, 04d45094-7136-40c1-bdbb-fee737a34122:192.168.157.238:41949], old=null
2019-10-18 03:58:22,028 [grpc-default-executor-3] INFO  impl.RaftServerImpl (RaftServerImpl.java:setRole(184)) - d3e03273-8c79-4c12-9358-0a8612c41dd7@group-03B580E33239: changes role from  FOLLOWER to FOLLOWER at term 5 for recognizeCandidate:20f566ef-d50a-432c-acfc-b325de8c1be4
2019-10-18 03:58:22,028 [grpc-default-executor-3] INFO  impl.RoleInfo (RoleInfo.java:shutdownFollowerState(121)) - d3e03273-8c79-4c12-9358-0a8612c41dd7: shutdown FollowerState
2019-10-18 03:58:22,029 [Thread-249] INFO  impl.FollowerState (FollowerState.java:run(117)) - d3e03273-8c79-4c12-9358-0a8612c41dd7@group-03B580E33239-FollowerState was interrupted: java.lang.InterruptedException: sleep interrupted
2019-10-18 03:58:22,029 [grpc-default-executor-3] INFO  impl.RoleInfo (RoleInfo.java:updateAndGet(143)) - d3e03273-8c79-4c12-9358-0a8612c41dd7: start FollowerState
2019-10-18 03:58:22,044 [grpc-default-executor-0] INFO  impl.RaftServerImpl (RaftServerImpl.java:setRole(184)) - d3e03273-8c79-4c12-9358-0a8612c41dd7@group-03B580E33239: changes role from  FOLLOWER to FOLLOWER at term 5 for recognizeCandidate:04d45094-7136-40c1-bdbb-fee737a34122
2019-10-18 03:58:22,044 [grpc-default-executor-0] INFO  impl.RoleInfo (RoleInfo.java:shutdownFollowerState(121)) - d3e03273-8c79-4c12-9358-0a8612c41dd7: shutdown FollowerState
2019-10-18 03:58:22,044 [grpc-default-executor-0] INFO  impl.RoleInfo (RoleInfo.java:updateAndGet(143)) - d3e03273-8c79-4c12-9358-0a8612c41dd7: start FollowerState
2019-10-18 03:58:22,044 [Thread-259] INFO  impl.FollowerState (FollowerState.java:run(117)) - d3e03273-8c79-4c12-9358-0a8612c41dd7@group-03B580E33239-FollowerState was interrupted: java.lang.InterruptedException: sleep interrupted
2019-10-18 03:58:22,047 [20f566ef-d50a-432c-acfc-b325de8c1be4@group-03B580E33239-LeaderElection12] INFO  impl.LeaderElection (LeaderElection.java:logAndReturn(56)) - 20f566ef-d50a-432c-acfc-b325de8c1be4@group-03B580E33239-LeaderElection12: Election REJECTED; received 2 response(s) [20f566ef-d50a-432c-acfc-b325de8c1be4<-d3e03273-8c79-4c12-9358-0a8612c41dd7#0:FAIL-t5, 20f566ef-d50a-432c-acfc-b325de8c1be4<-04d45094-7136-40c1-bdbb-fee737a34122#0:FAIL-t5] and 0 exception(s); 20f566ef-d50a-432c-acfc-b325de8c1be4@group-03B580E33239:t5, leader=null, voted=20f566ef-d50a-432c-acfc-b325de8c1be4, raftlog=20f566ef-d50a-432c-acfc-b325de8c1be4@group-03B580E33239-SegmentedRaftLog:OPENED:c-1,f-1,i0, conf=-1: [20f566ef-d50a-432c-acfc-b325de8c1be4:192.168.157.238:44964, d3e03273-8c79-4c12-9358-0a8612c41dd7:192.168.157.238:40960, 04d45094-7136-40c1-bdbb-fee737a34122:192.168.157.238:41949], old=null
2019-10-18 03:58:22,047 [20f566ef-d50a-432c-acfc-b325de8c1be4@group-03B580E33239-LeaderElection12] INFO  impl.RaftServerImpl (RaftServerImpl.java:setRole(184)) - 20f566ef-d50a-432c-acfc-b325de8c1be4@group-03B580E33239: changes role from CANDIDATE to FOLLOWER at term 5 for DISCOVERED_A_NEW_TERM
2019-10-18 03:58:22,048 [20f566ef-d50a-432c-acfc-b325de8c1be4@group-03B580E33239-LeaderElection12] INFO  impl.RoleInfo (RoleInfo.java:shutdownLeaderElection(134)) - 20f566ef-d50a-432c-acfc-b325de8c1be4: shutdown LeaderElection
2019-10-18 03:58:22,048 [20f566ef-d50a-432c-acfc-b325de8c1be4@group-03B580E33239-LeaderElection12] INFO  impl.RoleInfo (RoleInfo.java:updateAndGet(143)) - 20f566ef-d50a-432c-acfc-b325de8c1be4: start FollowerState
2019-10-18 03:58:22,048 [04d45094-7136-40c1-bdbb-fee737a34122@group-03B580E33239-LeaderElection11] INFO  impl.LeaderElection (LeaderElection.java:logAndReturn(56)) - 04d45094-7136-40c1-bdbb-fee737a34122@group-03B580E33239-LeaderElection11: Election REJECTED; received 2 response(s) [04d45094-7136-40c1-bdbb-fee737a34122<-20f566ef-d50a-432c-acfc-b325de8c1be4#0:FAIL-t5, 04d45094-7136-40c1-bdbb-fee737a34122<-d3e03273-8c79-4c12-9358-0a8612c41dd7#0:FAIL-t5] and 0 exception(s); 04d45094-7136-40c1-bdbb-fee737a34122@group-03B580E33239:t5, leader=null, voted=04d45094-7136-40c1-bdbb-fee737a34122, raftlog=04d45094-7136-40c1-bdbb-fee737a34122@group-03B580E33239-SegmentedRaftLog:OPENED:c-1,f-1,i0, conf=-1: [20f566ef-d50a-432c-acfc-b325de8c1be4:192.168.157.238:44964, d3e03273-8c79-4c12-9358-0a8612c41dd7:192.168.157.238:40960, 04d45094-7136-40c1-bdbb-fee737a34122:192.168.157.238:41949], old=null
2019-10-18 03:58:22,050 [04d45094-7136-40c1-bdbb-fee737a34122@group-03B580E33239-LeaderElection11] INFO  impl.RaftServerImpl (RaftServerImpl.java:setRole(184)) - 04d45094-7136-40c1-bdbb-fee737a34122@group-03B580E33239: changes role from CANDIDATE to FOLLOWER at term 5 for DISCOVERED_A_NEW_TERM
2019-10-18 03:58:22,051 [04d45094-7136-40c1-bdbb-fee737a34122@group-03B580E33239-LeaderElection11] INFO  impl.RoleInfo (RoleInfo.java:shutdownLeaderElection(134)) - 04d45094-7136-40c1-bdbb-fee737a34122: shutdown LeaderElection
2019-10-18 03:58:22,051 [04d45094-7136-40c1-bdbb-fee737a34122@group-03B580E33239-LeaderElection11] INFO  impl.RoleInfo (RoleInfo.java:updateAndGet(143)) - 04d45094-7136-40c1-bdbb-fee737a34122: start FollowerState
2019-10-18 03:58:22,091 [Thread-262] INFO  impl.FollowerState (FollowerState.java:run(108)) - 04d45094-7136-40c1-bdbb-fee737a34122@group-03B580E33239-FollowerState: change to CANDIDATE, lastRpcTime:39ms, electionTimeout:39ms
2019-10-18 03:58:22,092 [Thread-262] INFO  impl.RoleInfo (RoleInfo.java:shutdownFollowerState(121)) - 04d45094-7136-40c1-bdbb-fee737a34122: shutdown FollowerState
2019-10-18 03:58:22,092 [Thread-262] INFO  impl.RaftServerImpl (RaftServerImpl.java:setRole(184)) - 04d45094-7136-40c1-bdbb-fee737a34122@group-03B580E33239: changes role from  FOLLOWER to CANDIDATE at term 5 for changeToCandidate
2019-10-18 03:58:22,092 [Thread-262] INFO  impl.RoleInfo (RoleInfo.java:updateAndGet(143)) - 04d45094-7136-40c1-bdbb-fee737a34122: start LeaderElection
2019-10-18 03:58:22,097 [Thread-261] INFO  impl.FollowerState (FollowerState.java:run(108)) - 20f566ef-d50a-432c-acfc-b325de8c1be4@group-03B580E33239-FollowerState: change to CANDIDATE, lastRpcTime:48ms, electionTimeout:45ms
2019-10-18 03:58:22,097 [IPC Server handler 4 on 34014] INFO  volume.OMVolumeCreateRequest (OMVolumeCreateRequest.java:validateAndUpdateCache(193)) - created volume:testcontainerstatemachinefailures for user:jenkins1000
2019-10-18 03:58:22,097 [Thread-261] INFO  impl.RoleInfo (RoleInfo.java:shutdownFollowerState(121)) - 20f566ef-d50a-432c-acfc-b325de8c1be4: shutdown FollowerState
2019-10-18 03:58:22,097 [Thread-261] INFO  impl.RaftServerImpl (RaftServerImpl.java:setRole(184)) - 20f566ef-d50a-432c-acfc-b325de8c1be4@group-03B580E33239: changes role from  FOLLOWER to CANDIDATE at term 5 for changeToCandidate
2019-10-18 03:58:22,097 [Thread-261] INFO  impl.RoleInfo (RoleInfo.java:updateAndGet(143)) - 20f566ef-d50a-432c-acfc-b325de8c1be4: start LeaderElection
2019-10-18 03:58:22,111 [20f566ef-d50a-432c-acfc-b325de8c1be4@group-03B580E33239-LeaderElection14] INFO  impl.LeaderElection (LeaderElection.java:askForVotes(178)) - 20f566ef-d50a-432c-acfc-b325de8c1be4@group-03B580E33239-LeaderElection14: begin an election at term 6 for -1: [20f566ef-d50a-432c-acfc-b325de8c1be4:192.168.157.238:44964, d3e03273-8c79-4c12-9358-0a8612c41dd7:192.168.157.238:40960, 04d45094-7136-40c1-bdbb-fee737a34122:192.168.157.238:41949], old=null
2019-10-18 03:58:22,111 [04d45094-7136-40c1-bdbb-fee737a34122@group-03B580E33239-LeaderElection13] INFO  impl.LeaderElection (LeaderElection.java:askForVotes(178)) - 04d45094-7136-40c1-bdbb-fee737a34122@group-03B580E33239-LeaderElection13: begin an election at term 6 for -1: [20f566ef-d50a-432c-acfc-b325de8c1be4:192.168.157.238:44964, d3e03273-8c79-4c12-9358-0a8612c41dd7:192.168.157.238:40960, 04d45094-7136-40c1-bdbb-fee737a34122:192.168.157.238:41949], old=null
2019-10-18 03:58:22,117 [grpc-default-executor-5] INFO  impl.RaftServerImpl (RaftServerImpl.java:setRole(184)) - d3e03273-8c79-4c12-9358-0a8612c41dd7@group-03B580E33239: changes role from  FOLLOWER to FOLLOWER at term 6 for recognizeCandidate:20f566ef-d50a-432c-acfc-b325de8c1be4
2019-10-18 03:58:22,117 [grpc-default-executor-5] INFO  impl.RoleInfo (RoleInfo.java:shutdownFollowerState(121)) - d3e03273-8c79-4c12-9358-0a8612c41dd7: shutdown FollowerState
2019-10-18 03:58:22,117 [Thread-260] INFO  impl.FollowerState (FollowerState.java:run(117)) - d3e03273-8c79-4c12-9358-0a8612c41dd7@group-03B580E33239-FollowerState was interrupted: java.lang.InterruptedException: sleep interrupted
2019-10-18 03:58:22,117 [grpc-default-executor-5] INFO  impl.RoleInfo (RoleInfo.java:updateAndGet(143)) - d3e03273-8c79-4c12-9358-0a8612c41dd7: start FollowerState
2019-10-18 03:58:22,120 [main] INFO  rpc.RpcClient (RpcClient.java:createBucket(411)) - Creating Bucket: testcontainerstatemachinefailures/testcontainerstatemachinefailures, with Versioning false and Storage Type set to DISK and Encryption set to false 
2019-10-18 03:58:22,129 [grpc-default-executor-0] INFO  impl.RaftServerImpl (RaftServerImpl.java:setRole(184)) - d3e03273-8c79-4c12-9358-0a8612c41dd7@group-03B580E33239: changes role from  FOLLOWER to FOLLOWER at term 6 for recognizeCandidate:04d45094-7136-40c1-bdbb-fee737a34122
2019-10-18 03:58:22,129 [grpc-default-executor-0] INFO  impl.RoleInfo (RoleInfo.java:shutdownFollowerState(121)) - d3e03273-8c79-4c12-9358-0a8612c41dd7: shutdown FollowerState
2019-10-18 03:58:22,130 [Thread-269] INFO  impl.FollowerState (FollowerState.java:run(117)) - d3e03273-8c79-4c12-9358-0a8612c41dd7@group-03B580E33239-FollowerState was interrupted: java.lang.InterruptedException: sleep interrupted
2019-10-18 03:58:22,130 [grpc-default-executor-0] INFO  impl.RoleInfo (RoleInfo.java:updateAndGet(143)) - d3e03273-8c79-4c12-9358-0a8612c41dd7: start FollowerState
2019-10-18 03:58:22,131 [20f566ef-d50a-432c-acfc-b325de8c1be4@group-03B580E33239-LeaderElection14] INFO  impl.LeaderElection (LeaderElection.java:logAndReturn(56)) - 20f566ef-d50a-432c-acfc-b325de8c1be4@group-03B580E33239-LeaderElection14: Election REJECTED; received 2 response(s) [20f566ef-d50a-432c-acfc-b325de8c1be4<-d3e03273-8c79-4c12-9358-0a8612c41dd7#0:FAIL-t6, 20f566ef-d50a-432c-acfc-b325de8c1be4<-04d45094-7136-40c1-bdbb-fee737a34122#0:FAIL-t6] and 0 exception(s); 20f566ef-d50a-432c-acfc-b325de8c1be4@group-03B580E33239:t6, leader=null, voted=20f566ef-d50a-432c-acfc-b325de8c1be4, raftlog=20f566ef-d50a-432c-acfc-b325de8c1be4@group-03B580E33239-SegmentedRaftLog:OPENED:c-1,f-1,i0, conf=-1: [20f566ef-d50a-432c-acfc-b325de8c1be4:192.168.157.238:44964, d3e03273-8c79-4c12-9358-0a8612c41dd7:192.168.157.238:40960, 04d45094-7136-40c1-bdbb-fee737a34122:192.168.157.238:41949], old=null
2019-10-18 03:58:22,131 [20f566ef-d50a-432c-acfc-b325de8c1be4@group-03B580E33239-LeaderElection14] INFO  impl.RaftServerImpl (RaftServerImpl.java:setRole(184)) - 20f566ef-d50a-432c-acfc-b325de8c1be4@group-03B580E33239: changes role from CANDIDATE to FOLLOWER at term 6 for DISCOVERED_A_NEW_TERM
2019-10-18 03:58:22,131 [20f566ef-d50a-432c-acfc-b325de8c1be4@group-03B580E33239-LeaderElection14] INFO  impl.RoleInfo (RoleInfo.java:shutdownLeaderElection(134)) - 20f566ef-d50a-432c-acfc-b325de8c1be4: shutdown LeaderElection
2019-10-18 03:58:22,132 [20f566ef-d50a-432c-acfc-b325de8c1be4@group-03B580E33239-LeaderElection14] INFO  impl.RoleInfo (RoleInfo.java:updateAndGet(143)) - 20f566ef-d50a-432c-acfc-b325de8c1be4: start FollowerState
2019-10-18 03:58:22,134 [04d45094-7136-40c1-bdbb-fee737a34122@group-03B580E33239-LeaderElection13] INFO  impl.LeaderElection (LeaderElection.java:logAndReturn(56)) - 04d45094-7136-40c1-bdbb-fee737a34122@group-03B580E33239-LeaderElection13: Election REJECTED; received 2 response(s) [04d45094-7136-40c1-bdbb-fee737a34122<-20f566ef-d50a-432c-acfc-b325de8c1be4#0:FAIL-t6, 04d45094-7136-40c1-bdbb-fee737a34122<-d3e03273-8c79-4c12-9358-0a8612c41dd7#0:FAIL-t6] and 0 exception(s); 04d45094-7136-40c1-bdbb-fee737a34122@group-03B580E33239:t6, leader=null, voted=04d45094-7136-40c1-bdbb-fee737a34122, raftlog=04d45094-7136-40c1-bdbb-fee737a34122@group-03B580E33239-SegmentedRaftLog:OPENED:c-1,f-1,i0, conf=-1: [20f566ef-d50a-432c-acfc-b325de8c1be4:192.168.157.238:44964, d3e03273-8c79-4c12-9358-0a8612c41dd7:192.168.157.238:40960, 04d45094-7136-40c1-bdbb-fee737a34122:192.168.157.238:41949], old=null
2019-10-18 03:58:22,135 [04d45094-7136-40c1-bdbb-fee737a34122@group-03B580E33239-LeaderElection13] INFO  impl.RaftServerImpl (RaftServerImpl.java:setRole(184)) - 04d45094-7136-40c1-bdbb-fee737a34122@group-03B580E33239: changes role from CANDIDATE to FOLLOWER at term 6 for DISCOVERED_A_NEW_TERM
2019-10-18 03:58:22,136 [04d45094-7136-40c1-bdbb-fee737a34122@group-03B580E33239-LeaderElection13] INFO  impl.RoleInfo (RoleInfo.java:shutdownLeaderElection(134)) - 04d45094-7136-40c1-bdbb-fee737a34122: shutdown LeaderElection
2019-10-18 03:58:22,136 [04d45094-7136-40c1-bdbb-fee737a34122@group-03B580E33239-LeaderElection13] INFO  impl.RoleInfo (RoleInfo.java:updateAndGet(143)) - 04d45094-7136-40c1-bdbb-fee737a34122: start FollowerState
2019-10-18 03:58:22,264 [main] INFO  impl.MetricsSystemImpl (MetricsSystemImpl.java:init(158)) - XceiverClientMetrics metrics system started (again)
2019-10-18 03:58:22,289 [Thread-272] INFO  impl.FollowerState (FollowerState.java:run(108)) - 04d45094-7136-40c1-bdbb-fee737a34122@group-03B580E33239-FollowerState: change to CANDIDATE, lastRpcTime:153ms, electionTimeout:152ms
2019-10-18 03:58:22,289 [Thread-272] INFO  impl.RoleInfo (RoleInfo.java:shutdownFollowerState(121)) - 04d45094-7136-40c1-bdbb-fee737a34122: shutdown FollowerState
2019-10-18 03:58:22,290 [Thread-272] INFO  impl.RaftServerImpl (RaftServerImpl.java:setRole(184)) - 04d45094-7136-40c1-bdbb-fee737a34122@group-03B580E33239: changes role from  FOLLOWER to CANDIDATE at term 6 for changeToCandidate
2019-10-18 03:58:22,290 [Thread-272] INFO  impl.RoleInfo (RoleInfo.java:updateAndGet(143)) - 04d45094-7136-40c1-bdbb-fee737a34122: start LeaderElection
2019-10-18 03:58:22,305 [04d45094-7136-40c1-bdbb-fee737a34122@group-03B580E33239-LeaderElection15] INFO  impl.LeaderElection (LeaderElection.java:askForVotes(178)) - 04d45094-7136-40c1-bdbb-fee737a34122@group-03B580E33239-LeaderElection15: begin an election at term 7 for -1: [20f566ef-d50a-432c-acfc-b325de8c1be4:192.168.157.238:44964, d3e03273-8c79-4c12-9358-0a8612c41dd7:192.168.157.238:40960, 04d45094-7136-40c1-bdbb-fee737a34122:192.168.157.238:41949], old=null
2019-10-18 03:58:22,310 [grpc-default-executor-0] INFO  impl.RaftServerImpl (RaftServerImpl.java:setRole(184)) - 20f566ef-d50a-432c-acfc-b325de8c1be4@group-03B580E33239: changes role from  FOLLOWER to FOLLOWER at term 7 for recognizeCandidate:04d45094-7136-40c1-bdbb-fee737a34122
2019-10-18 03:58:22,310 [grpc-default-executor-5] INFO  impl.RaftServerImpl (RaftServerImpl.java:setRole(184)) - d3e03273-8c79-4c12-9358-0a8612c41dd7@group-03B580E33239: changes role from  FOLLOWER to FOLLOWER at term 7 for recognizeCandidate:04d45094-7136-40c1-bdbb-fee737a34122
2019-10-18 03:58:22,310 [grpc-default-executor-0] INFO  impl.RoleInfo (RoleInfo.java:shutdownFollowerState(121)) - 20f566ef-d50a-432c-acfc-b325de8c1be4: shutdown FollowerState
2019-10-18 03:58:22,310 [grpc-default-executor-5] INFO  impl.RoleInfo (RoleInfo.java:shutdownFollowerState(121)) - d3e03273-8c79-4c12-9358-0a8612c41dd7: shutdown FollowerState
2019-10-18 03:58:22,310 [grpc-default-executor-0] INFO  impl.RoleInfo (RoleInfo.java:updateAndGet(143)) - 20f566ef-d50a-432c-acfc-b325de8c1be4: start FollowerState
2019-10-18 03:58:22,310 [Thread-270] INFO  impl.FollowerState (FollowerState.java:run(117)) - d3e03273-8c79-4c12-9358-0a8612c41dd7@group-03B580E33239-FollowerState was interrupted: java.lang.InterruptedException: sleep interrupted
2019-10-18 03:58:22,310 [grpc-default-executor-5] INFO  impl.RoleInfo (RoleInfo.java:updateAndGet(143)) - d3e03273-8c79-4c12-9358-0a8612c41dd7: start FollowerState
2019-10-18 03:58:22,310 [Thread-271] INFO  impl.FollowerState (FollowerState.java:run(117)) - 20f566ef-d50a-432c-acfc-b325de8c1be4@group-03B580E33239-FollowerState was interrupted: java.lang.InterruptedException: sleep interrupted
2019-10-18 03:58:22,328 [04d45094-7136-40c1-bdbb-fee737a34122@group-03B580E33239-LeaderElection15] INFO  impl.LeaderElection (LeaderElection.java:logAndReturn(56)) - 04d45094-7136-40c1-bdbb-fee737a34122@group-03B580E33239-LeaderElection15: Election PASSED; received 1 response(s) [04d45094-7136-40c1-bdbb-fee737a34122<-20f566ef-d50a-432c-acfc-b325de8c1be4#0:OK-t7] and 0 exception(s); 04d45094-7136-40c1-bdbb-fee737a34122@group-03B580E33239:t7, leader=null, voted=04d45094-7136-40c1-bdbb-fee737a34122, raftlog=04d45094-7136-40c1-bdbb-fee737a34122@group-03B580E33239-SegmentedRaftLog:OPENED:c-1,f-1,i0, conf=-1: [20f566ef-d50a-432c-acfc-b325de8c1be4:192.168.157.238:44964, d3e03273-8c79-4c12-9358-0a8612c41dd7:192.168.157.238:40960, 04d45094-7136-40c1-bdbb-fee737a34122:192.168.157.238:41949], old=null
2019-10-18 03:58:22,328 [04d45094-7136-40c1-bdbb-fee737a34122@group-03B580E33239-LeaderElection15] INFO  impl.RoleInfo (RoleInfo.java:shutdownLeaderElection(134)) - 04d45094-7136-40c1-bdbb-fee737a34122: shutdown LeaderElection
2019-10-18 03:58:22,328 [04d45094-7136-40c1-bdbb-fee737a34122@group-03B580E33239-LeaderElection15] INFO  impl.RaftServerImpl (RaftServerImpl.java:setRole(184)) - 04d45094-7136-40c1-bdbb-fee737a34122@group-03B580E33239: changes role from CANDIDATE to LEADER at term 7 for changeToLeader
2019-10-18 03:58:22,329 [04d45094-7136-40c1-bdbb-fee737a34122@group-03B580E33239-LeaderElection15] INFO  impl.RaftServerImpl (ServerState.java:setLeader(256)) - 04d45094-7136-40c1-bdbb-fee737a34122@group-03B580E33239: change Leader from null to 04d45094-7136-40c1-bdbb-fee737a34122 at term 7 for becomeLeader, leader elected after 1190ms
2019-10-18 03:58:22,329 [04d45094-7136-40c1-bdbb-fee737a34122@group-03B580E33239-LeaderElection15] INFO  server.RaftServerConfigKeys (ConfUtils.java:logGet(43)) - raft.server.staging.catchup.gap = 1000 (default)
2019-10-18 03:58:22,329 [04d45094-7136-40c1-bdbb-fee737a34122@group-03B580E33239-LeaderElection15] INFO  server.RaftServerConfigKeys (ConfUtils.java:logGet(43)) - raft.server.rpc.sleep.time = 25ms (default)
2019-10-18 03:58:22,330 [04d45094-7136-40c1-bdbb-fee737a34122@group-03B580E33239-LeaderElection15] INFO  server.RaftServerConfigKeys (ConfUtils.java:logGet(43)) - raft.server.write.element-limit = 4096 (default)
2019-10-18 03:58:22,333 [04d45094-7136-40c1-bdbb-fee737a34122@group-03B580E33239-LeaderElection15] INFO  server.RaftServerConfigKeys (ConfUtils.java:logGet(43)) - raft.server.watch.timeout = 10s (default)
2019-10-18 03:58:22,333 [04d45094-7136-40c1-bdbb-fee737a34122@group-03B580E33239-LeaderElection15] INFO  server.RaftServerConfigKeys (ConfUtils.java:logGet(43)) - raft.server.watch.timeout.denomination = 1s (default)
2019-10-18 03:58:22,333 [04d45094-7136-40c1-bdbb-fee737a34122@group-03B580E33239-LeaderElection15] INFO  server.RaftServerConfigKeys (ConfUtils.java:logGet(43)) - raft.server.watch.element-limit = 65536 (default)
2019-10-18 03:58:22,335 [04d45094-7136-40c1-bdbb-fee737a34122@group-03B580E33239-LeaderElection15] INFO  server.RaftServerConfigKeys (ConfUtils.java:logGet(43)) - raft.server.log.appender.snapshot.chunk.size.max = 16MB (=16777216) (default)
2019-10-18 03:58:22,335 [04d45094-7136-40c1-bdbb-fee737a34122@group-03B580E33239-LeaderElection15] INFO  server.RaftServerConfigKeys (ConfUtils.java:logGet(43)) - raft.server.log.appender.buffer.byte-limit = 33554432 (custom)
2019-10-18 03:58:22,335 [04d45094-7136-40c1-bdbb-fee737a34122@group-03B580E33239-LeaderElection15] INFO  server.RaftServerConfigKeys (ConfUtils.java:logGet(43)) - raft.server.log.appender.buffer.element-limit = 1 (custom)
2019-10-18 03:58:22,336 [04d45094-7136-40c1-bdbb-fee737a34122@group-03B580E33239-LeaderElection15] INFO  grpc.GrpcConfigKeys$Server (ConfUtils.java:logGet(43)) - raft.grpc.server.leader.outstanding.appends.max = 128 (default)
2019-10-18 03:58:22,337 [04d45094-7136-40c1-bdbb-fee737a34122@group-03B580E33239-LeaderElection15] INFO  server.RaftServerConfigKeys (ConfUtils.java:logGet(43)) - raft.server.rpc.request.timeout = 3000ms (default)
2019-10-18 03:58:22,337 [04d45094-7136-40c1-bdbb-fee737a34122@group-03B580E33239-LeaderElection15] INFO  server.RaftServerConfigKeys (ConfUtils.java:logGet(43)) - raft.server.log.appender.install.snapshot.enabled = false (custom)
2019-10-18 03:58:22,338 [04d45094-7136-40c1-bdbb-fee737a34122@group-03B580E33239-LeaderElection15] INFO  server.RaftServerConfigKeys (ConfUtils.java:logGet(43)) - raft.server.log.appender.snapshot.chunk.size.max = 16MB (=16777216) (default)
2019-10-18 03:58:22,338 [04d45094-7136-40c1-bdbb-fee737a34122@group-03B580E33239-LeaderElection15] INFO  server.RaftServerConfigKeys (ConfUtils.java:logGet(43)) - raft.server.log.appender.buffer.byte-limit = 33554432 (custom)
2019-10-18 03:58:22,338 [04d45094-7136-40c1-bdbb-fee737a34122@group-03B580E33239-LeaderElection15] INFO  server.RaftServerConfigKeys (ConfUtils.java:logGet(43)) - raft.server.log.appender.buffer.element-limit = 1 (custom)
2019-10-18 03:58:22,339 [04d45094-7136-40c1-bdbb-fee737a34122@group-03B580E33239-LeaderElection15] INFO  grpc.GrpcConfigKeys$Server (ConfUtils.java:logGet(43)) - raft.grpc.server.leader.outstanding.appends.max = 128 (default)
2019-10-18 03:58:22,339 [04d45094-7136-40c1-bdbb-fee737a34122@group-03B580E33239-LeaderElection15] INFO  server.RaftServerConfigKeys (ConfUtils.java:logGet(43)) - raft.server.rpc.request.timeout = 3000ms (default)
2019-10-18 03:58:22,339 [04d45094-7136-40c1-bdbb-fee737a34122@group-03B580E33239-LeaderElection15] INFO  server.RaftServerConfigKeys (ConfUtils.java:logGet(43)) - raft.server.log.appender.install.snapshot.enabled = false (custom)
2019-10-18 03:58:22,341 [04d45094-7136-40c1-bdbb-fee737a34122@group-03B580E33239-LeaderElection15] INFO  impl.RoleInfo (RoleInfo.java:updateAndGet(143)) - 04d45094-7136-40c1-bdbb-fee737a34122: start LeaderState
2019-10-18 03:58:22,342 [04d45094-7136-40c1-bdbb-fee737a34122@group-03B580E33239-LeaderElection15] INFO  segmented.SegmentedRaftLogWorker (SegmentedRaftLogWorker.java:startLogSegment(385)) - 04d45094-7136-40c1-bdbb-fee737a34122@group-03B580E33239-SegmentedRaftLogWorker: Starting segment from index:0
2019-10-18 03:58:22,372 [04d45094-7136-40c1-bdbb-fee737a34122@group-03B580E33239-LeaderElection15] INFO  impl.RaftServerImpl (ServerState.java:setRaftConf(357)) - 04d45094-7136-40c1-bdbb-fee737a34122@group-03B580E33239: set configuration 0: [20f566ef-d50a-432c-acfc-b325de8c1be4:192.168.157.238:44964, d3e03273-8c79-4c12-9358-0a8612c41dd7:192.168.157.238:40960, 04d45094-7136-40c1-bdbb-fee737a34122:192.168.157.238:41949], old=null at 0
2019-10-18 03:58:22,384 [04d45094-7136-40c1-bdbb-fee737a34122@group-03B580E33239-SegmentedRaftLogWorker] INFO  segmented.SegmentedRaftLogWorker (SegmentedRaftLogWorker.java:execute(576)) - 04d45094-7136-40c1-bdbb-fee737a34122@group-03B580E33239-SegmentedRaftLogWorker: created new log segment /workdir/hadoop-ozone/integration-test/target/test-dir/MiniOzoneClusterImpl-36fb2caf-2745-49bb-9dac-6faaadebd701/datanode-1/data/ratis/defa1269-bd0f-4f76-adbb-03b580e33239/current/log_inprogress_0
2019-10-18 03:58:22,384 [grpc-default-executor-3] INFO  impl.RaftServerImpl (ServerState.java:setLeader(256)) - d3e03273-8c79-4c12-9358-0a8612c41dd7@group-03B580E33239: change Leader from null to 04d45094-7136-40c1-bdbb-fee737a34122 at term 7 for appendEntries, leader elected after 938ms
2019-10-18 03:58:22,384 [grpc-default-executor-0] INFO  impl.RaftServerImpl (ServerState.java:setLeader(256)) - 20f566ef-d50a-432c-acfc-b325de8c1be4@group-03B580E33239: change Leader from null to 04d45094-7136-40c1-bdbb-fee737a34122 at term 7 for appendEntries, leader elected after 1246ms
2019-10-18 03:58:22,424 [grpc-default-executor-5] INFO  impl.RaftServerImpl (ServerState.java:setRaftConf(357)) - d3e03273-8c79-4c12-9358-0a8612c41dd7@group-03B580E33239: set configuration 0: [20f566ef-d50a-432c-acfc-b325de8c1be4:192.168.157.238:44964, d3e03273-8c79-4c12-9358-0a8612c41dd7:192.168.157.238:40960, 04d45094-7136-40c1-bdbb-fee737a34122:192.168.157.238:41949], old=null at 0
2019-10-18 03:58:22,424 [grpc-default-executor-3] INFO  impl.RaftServerImpl (ServerState.java:setRaftConf(357)) - 20f566ef-d50a-432c-acfc-b325de8c1be4@group-03B580E33239: set configuration 0: [20f566ef-d50a-432c-acfc-b325de8c1be4:192.168.157.238:44964, d3e03273-8c79-4c12-9358-0a8612c41dd7:192.168.157.238:40960, 04d45094-7136-40c1-bdbb-fee737a34122:192.168.157.238:41949], old=null at 0
2019-10-18 03:58:22,424 [grpc-default-executor-3] INFO  segmented.SegmentedRaftLogWorker (SegmentedRaftLogWorker.java:startLogSegment(385)) - 20f566ef-d50a-432c-acfc-b325de8c1be4@group-03B580E33239-SegmentedRaftLogWorker: Starting segment from index:0
2019-10-18 03:58:22,426 [grpc-default-executor-5] INFO  segmented.SegmentedRaftLogWorker (SegmentedRaftLogWorker.java:truncate(401)) - d3e03273-8c79-4c12-9358-0a8612c41dd7@group-03B580E33239-SegmentedRaftLogWorker: Truncating segments toTruncate: null
  toDelete: [(0, 0) isOpen? true, length=0, newEndIndex=-1], start index 0
2019-10-18 03:58:22,426 [grpc-default-executor-5] INFO  segmented.SegmentedRaftLogWorker (SegmentedRaftLogWorker.java:startLogSegment(385)) - d3e03273-8c79-4c12-9358-0a8612c41dd7@group-03B580E33239-SegmentedRaftLogWorker: Starting segment from index:0
2019-10-18 03:58:22,429 [d3e03273-8c79-4c12-9358-0a8612c41dd7@group-03B580E33239-SegmentedRaftLogWorker] INFO  segmented.SegmentedRaftLogWorker (SegmentedRaftLogWorker.java:execute(640)) - d3e03273-8c79-4c12-9358-0a8612c41dd7@group-03B580E33239-SegmentedRaftLogWorker: Deleted log file /workdir/hadoop-ozone/integration-test/target/test-dir/MiniOzoneClusterImpl-36fb2caf-2745-49bb-9dac-6faaadebd701/datanode-2/data/ratis/defa1269-bd0f-4f76-adbb-03b580e33239/current/log_inprogress_0
2019-10-18 03:58:22,429 [d3e03273-8c79-4c12-9358-0a8612c41dd7@group-03B580E33239-SegmentedRaftLogWorker] INFO  segmented.SegmentedRaftLogWorker (SegmentedRaftLogWorker.java:lambda$new$0(128)) - d3e03273-8c79-4c12-9358-0a8612c41dd7@group-03B580E33239-SegmentedRaftLogWorker: flushIndex: setUnconditionally 0 -> -1
2019-10-18 03:58:22,465 [20f566ef-d50a-432c-acfc-b325de8c1be4@group-03B580E33239-SegmentedRaftLogWorker] INFO  segmented.SegmentedRaftLogWorker (SegmentedRaftLogWorker.java:execute(576)) - 20f566ef-d50a-432c-acfc-b325de8c1be4@group-03B580E33239-SegmentedRaftLogWorker: created new log segment /workdir/hadoop-ozone/integration-test/target/test-dir/MiniOzoneClusterImpl-36fb2caf-2745-49bb-9dac-6faaadebd701/datanode-0/data/ratis/defa1269-bd0f-4f76-adbb-03b580e33239/current/log_inprogress_0
2019-10-18 03:58:22,478 [d3e03273-8c79-4c12-9358-0a8612c41dd7@group-03B580E33239-SegmentedRaftLogWorker] INFO  segmented.SegmentedRaftLogWorker (SegmentedRaftLogWorker.java:execute(576)) - d3e03273-8c79-4c12-9358-0a8612c41dd7@group-03B580E33239-SegmentedRaftLogWorker: created new log segment /workdir/hadoop-ozone/integration-test/target/test-dir/MiniOzoneClusterImpl-36fb2caf-2745-49bb-9dac-6faaadebd701/datanode-2/data/ratis/defa1269-bd0f-4f76-adbb-03b580e33239/current/log_inprogress_0
2019-10-18 03:58:22,785 [Datanode State Machine Thread - 0] INFO  statemachine.DatanodeStateMachine (DatanodeStateMachine.java:lambda$startDaemon$0(350)) - Ozone container server started.
2019-10-18 03:58:23,034 [Thread-181] INFO  container.ReplicationManager (ReplicationManager.java:start(162)) - Starting Replication Monitor Thread.
2019-10-18 03:58:23,036 [ReplicationMonitor] INFO  container.ReplicationManager (ReplicationManager.java:run(225)) - Replication Monitor Thread took 1 milliseconds for processing 1 containers.
2019-10-18 03:58:27,767 [main] INFO  ozoneimpl.OzoneContainer (OzoneContainer.java:stop(227)) - Attempting to stop container services.
2019-10-18 03:58:27,769 [main] INFO  impl.RaftServerProxy (RaftServerProxy.java:lambda$close$4(314)) - d3e03273-8c79-4c12-9358-0a8612c41dd7: close
2019-10-18 03:58:27,770 [main] INFO  impl.RaftServerImpl (RaftServerImpl.java:lambda$shutdown$3(261)) - d3e03273-8c79-4c12-9358-0a8612c41dd7@group-4D2FEF3B968C: shutdown
2019-10-18 03:58:27,771 [ForkJoinPool.commonPool-worker-0] INFO  impl.RaftServerImpl (RaftServerImpl.java:lambda$shutdown$3(261)) - d3e03273-8c79-4c12-9358-0a8612c41dd7@group-03B580E33239: shutdown
2019-10-18 03:58:27,771 [main] INFO  util.JmxRegister (JmxRegister.java:unregister(73)) - Successfully un-registered JMX Bean with object name Ratis:service=RaftServer,group=group-4D2FEF3B968C,id=d3e03273-8c79-4c12-9358-0a8612c41dd7
2019-10-18 03:58:27,771 [ForkJoinPool.commonPool-worker-0] INFO  util.JmxRegister (JmxRegister.java:unregister(73)) - Successfully un-registered JMX Bean with object name Ratis:service=RaftServer,group=group-03B580E33239,id=d3e03273-8c79-4c12-9358-0a8612c41dd7
2019-10-18 03:58:27,772 [main] INFO  impl.RoleInfo (RoleInfo.java:shutdownLeaderState(104)) - d3e03273-8c79-4c12-9358-0a8612c41dd7: shutdown LeaderState
2019-10-18 03:58:27,772 [ForkJoinPool.commonPool-worker-0] INFO  impl.RoleInfo (RoleInfo.java:shutdownFollowerState(121)) - d3e03273-8c79-4c12-9358-0a8612c41dd7: shutdown FollowerState
2019-10-18 03:58:27,772 [main] INFO  impl.PendingRequests (PendingRequests.java:sendNotLeaderResponses(202)) - d3e03273-8c79-4c12-9358-0a8612c41dd7@group-4D2FEF3B968C-PendingRequests: sendNotLeaderResponses
2019-10-18 03:58:27,774 [ForkJoinPool.commonPool-worker-0] INFO  impl.StateMachineUpdater (StateMachineUpdater.java:stopAndJoin(136)) - d3e03273-8c79-4c12-9358-0a8612c41dd7@group-03B580E33239-StateMachineUpdater: set stopIndex = 4
2019-10-18 03:58:27,774 [Thread-280] INFO  impl.FollowerState (FollowerState.java:run(117)) - d3e03273-8c79-4c12-9358-0a8612c41dd7@group-03B580E33239-FollowerState was interrupted: java.lang.InterruptedException: sleep interrupted
2019-10-18 03:58:27,774 [main] INFO  impl.StateMachineUpdater (StateMachineUpdater.java:stopAndJoin(136)) - d3e03273-8c79-4c12-9358-0a8612c41dd7@group-4D2FEF3B968C-StateMachineUpdater: set stopIndex = 0
2019-10-18 03:58:27,774 [d3e03273-8c79-4c12-9358-0a8612c41dd7@group-03B580E33239-StateMachineUpdater] INFO  ratis.ContainerStateMachine (ContainerStateMachine.java:takeSnapshot(294)) - group-03B580E33239: Taking a snapshot at:(t:7, i:3) file /workdir/hadoop-ozone/integration-test/target/test-dir/MiniOzoneClusterImpl-36fb2caf-2745-49bb-9dac-6faaadebd701/datanode-2/data/ratis/defa1269-bd0f-4f76-adbb-03b580e33239/sm/snapshot.7_3
2019-10-18 03:58:27,777 [main] INFO  impl.RaftServerImpl (ServerState.java:close(388)) - d3e03273-8c79-4c12-9358-0a8612c41dd7@group-4D2FEF3B968C: closes. applyIndex: 0
2019-10-18 03:58:27,779 [d3e03273-8c79-4c12-9358-0a8612c41dd7@group-4D2FEF3B968C-SegmentedRaftLogWorker] INFO  segmented.SegmentedRaftLogWorker (SegmentedRaftLogWorker.java:run(316)) - d3e03273-8c79-4c12-9358-0a8612c41dd7@group-4D2FEF3B968C-SegmentedRaftLogWorker was interrupted, exiting. There are 0 tasks remaining in the queue.
2019-10-18 03:58:27,780 [main] INFO  segmented.SegmentedRaftLogWorker (SegmentedRaftLogWorker.java:close(224)) - d3e03273-8c79-4c12-9358-0a8612c41dd7@group-4D2FEF3B968C-SegmentedRaftLogWorker close()
2019-10-18 03:58:27,890 [d3e03273-8c79-4c12-9358-0a8612c41dd7@group-03B580E33239-StateMachineUpdater] INFO  ratis.ContainerStateMachine (ContainerStateMachine.java:takeSnapshot(305)) - group-03B580E33239: Finished taking a snapshot at:(t:7, i:3) file:/workdir/hadoop-ozone/integration-test/target/test-dir/MiniOzoneClusterImpl-36fb2caf-2745-49bb-9dac-6faaadebd701/datanode-2/data/ratis/defa1269-bd0f-4f76-adbb-03b580e33239/sm/snapshot.7_3 time:116
2019-10-18 03:58:27,892 [d3e03273-8c79-4c12-9358-0a8612c41dd7@group-03B580E33239-StateMachineUpdater] INFO  impl.StateMachineUpdater (StateMachineUpdater.java:takeSnapshot(269)) - d3e03273-8c79-4c12-9358-0a8612c41dd7@group-03B580E33239-StateMachineUpdater: Took a snapshot at index 3
2019-10-18 03:58:27,892 [d3e03273-8c79-4c12-9358-0a8612c41dd7@group-03B580E33239-StateMachineUpdater] INFO  impl.StateMachineUpdater (StateMachineUpdater.java:lambda$new$0(84)) - d3e03273-8c79-4c12-9358-0a8612c41dd7@group-03B580E33239-StateMachineUpdater: snapshotIndex: updateIncreasingly -1 -> 3
2019-10-18 03:58:27,897 [d3e03273-8c79-4c12-9358-0a8612c41dd7@group-03B580E33239-StateMachineUpdater] INFO  ratis.ContainerStateMachine (ContainerStateMachine.java:takeSnapshot(294)) - group-03B580E33239: Taking a snapshot at:(t:7, i:3) file /workdir/hadoop-ozone/integration-test/target/test-dir/MiniOzoneClusterImpl-36fb2caf-2745-49bb-9dac-6faaadebd701/datanode-2/data/ratis/defa1269-bd0f-4f76-adbb-03b580e33239/sm/snapshot.7_3
2019-10-18 03:58:27,909 [d3e03273-8c79-4c12-9358-0a8612c41dd7@group-03B580E33239-StateMachineUpdater] INFO  ratis.ContainerStateMachine (ContainerStateMachine.java:takeSnapshot(305)) - group-03B580E33239: Finished taking a snapshot at:(t:7, i:3) file:/workdir/hadoop-ozone/integration-test/target/test-dir/MiniOzoneClusterImpl-36fb2caf-2745-49bb-9dac-6faaadebd701/datanode-2/data/ratis/defa1269-bd0f-4f76-adbb-03b580e33239/sm/snapshot.7_3 time:13
2019-10-18 03:58:27,910 [d3e03273-8c79-4c12-9358-0a8612c41dd7@group-03B580E33239-StateMachineUpdater] INFO  impl.StateMachineUpdater (StateMachineUpdater.java:takeSnapshot(269)) - d3e03273-8c79-4c12-9358-0a8612c41dd7@group-03B580E33239-StateMachineUpdater: Took a snapshot at index 3
2019-10-18 03:58:27,910 [d3e03273-8c79-4c12-9358-0a8612c41dd7@group-03B580E33239-StateMachineUpdater] INFO  impl.StateMachineUpdater (StateMachineUpdater.java:lambda$new$0(84)) - d3e03273-8c79-4c12-9358-0a8612c41dd7@group-03B580E33239-StateMachineUpdater: snapshotIndex: updateIncreasingly 3 -> 3
2019-10-18 03:58:27,910 [ForkJoinPool.commonPool-worker-0] INFO  impl.RaftServerImpl (ServerState.java:close(388)) - d3e03273-8c79-4c12-9358-0a8612c41dd7@group-03B580E33239: closes. applyIndex: 4
2019-10-18 03:58:27,911 [d3e03273-8c79-4c12-9358-0a8612c41dd7@group-03B580E33239-SegmentedRaftLogWorker] INFO  segmented.SegmentedRaftLogWorker (SegmentedRaftLogWorker.java:run(316)) - d3e03273-8c79-4c12-9358-0a8612c41dd7@group-03B580E33239-SegmentedRaftLogWorker was interrupted, exiting. There are 0 tasks remaining in the queue.
2019-10-18 03:58:27,912 [ForkJoinPool.commonPool-worker-0] INFO  segmented.SegmentedRaftLogWorker (SegmentedRaftLogWorker.java:close(224)) - d3e03273-8c79-4c12-9358-0a8612c41dd7@group-03B580E33239-SegmentedRaftLogWorker close()
2019-10-18 03:58:27,914 [main] INFO  server.GrpcService (GrpcService.java:closeImpl(164)) - d3e03273-8c79-4c12-9358-0a8612c41dd7: shutdown server with port 40960 now
2019-10-18 03:58:27,920 [grpc-default-executor-0] WARN  server.GrpcServerProtocolService (LogUtils.java:warn(134)) - d3e03273-8c79-4c12-9358-0a8612c41dd7: installSnapshot onError, lastRequest: 04d45094-7136-40c1-bdbb-fee737a34122->d3e03273-8c79-4c12-9358-0a8612c41dd7#7-t7, previous=(t:7, i:4), leaderCommit=4, initializing? false, entries: <empty>: org.apache.ratis.thirdparty.io.grpc.StatusRuntimeException: CANCELLED: cancelled before receiving half close
2019-10-18 03:58:27,920 [main] INFO  server.GrpcService (GrpcService.java:closeImpl(172)) - d3e03273-8c79-4c12-9358-0a8612c41dd7: shutdown server with port 40960 successfully
2019-10-18 03:58:27,923 [grpc-default-executor-5] WARN  server.GrpcLogAppender (LogUtils.java:warn(134)) - 04d45094-7136-40c1-bdbb-fee737a34122@group-03B580E33239->d3e03273-8c79-4c12-9358-0a8612c41dd7-AppendLogResponseHandler: Failed appendEntries: org.apache.ratis.thirdparty.io.grpc.StatusRuntimeException: CANCELLED: HTTP/2 error code: CANCEL
Received Rst Stream
2019-10-18 03:58:27,934 [refreshUsed-/workdir/hadoop-ozone/integration-test/target/test-dir/MiniOzoneClusterImpl-36fb2caf-2745-49bb-9dac-6faaadebd701/datanode-2/data/containers] WARN  fs.CachingGetSpaceUsed (CachingGetSpaceUsed.java:run(183)) - Thread Interrupted waiting to refresh disk information: sleep interrupted
2019-10-18 03:58:27,951 [main] INFO  utils.BackgroundService (BackgroundService.java:shutdown(151)) - Shutting down service BlockDeletingService
2019-10-18 03:58:27,955 [main] INFO  statemachine.DatanodeStateMachine (DatanodeStateMachine.java:stopDaemon(395)) - Ozone container server stopped.
2019-10-18 03:58:27,959 [main] INFO  handler.ContextHandler (ContextHandler.java:doStop(910)) - Stopped o.e.j.w.WebAppContext@54e3658c{/,null,UNAVAILABLE}{/hddsDatanode}
2019-10-18 03:58:27,964 [main] INFO  server.AbstractConnector (AbstractConnector.java:doStop(318)) - Stopped ServerConnector@43e9089{HTTP/1.1,[http/1.1]}{0.0.0.0:0}
2019-10-18 03:58:27,965 [main] INFO  handler.ContextHandler (ContextHandler.java:doStop(910)) - Stopped o.e.j.s.ServletContextHandler@558756be{/static,jar:file:/home/user/.m2/repository/org/apache/hadoop/hadoop-hdds-container-service/0.5.0-SNAPSHOT/hadoop-hdds-container-service-0.5.0-SNAPSHOT.jar!/webapps/static,UNAVAILABLE}
2019-10-18 03:58:27,965 [main] INFO  handler.ContextHandler (ContextHandler.java:doStop(910)) - Stopped o.e.j.s.ServletContextHandler@6069dd38{/logs,file:///workdir/hadoop-ozone/integration-test/target/log,UNAVAILABLE}
2019-10-18 03:58:30,972 [java.util.concurrent.ThreadPoolExecutor$Worker@48002e7b[State = -1, empty queue]] WARN  server.GrpcLogAppender (GrpcLogAppender.java:timeoutAppendRequest(209)) - 04d45094-7136-40c1-bdbb-fee737a34122@group-03B580E33239->d3e03273-8c79-4c12-9358-0a8612c41dd7-GrpcLogAppender: appendEntries Timeout, request=04d45094-7136-40c1-bdbb-fee737a34122->d3e03273-8c79-4c12-9358-0a8612c41dd7#8-t7, previous=(t:7, i:4), leaderCommit=4, initializing? false, entries: size=1, first=(t:7, i:5), STATEMACHINELOGENTRY, client-3EDA899B7DA2, cid=8
2019-10-18 03:58:30,972 [java.util.concurrent.ThreadPoolExecutor$Worker@48002e7b[State = -1, empty queue]] WARN  server.GrpcLogAppender (GrpcLogAppender.java:timeoutAppendRequest(209)) - 04d45094-7136-40c1-bdbb-fee737a34122@group-03B580E33239->d3e03273-8c79-4c12-9358-0a8612c41dd7-GrpcLogAppender: appendEntries Timeout, request=04d45094-7136-40c1-bdbb-fee737a34122->d3e03273-8c79-4c12-9358-0a8612c41dd7#9-t7, previous=(t:7, i:5), leaderCommit=4, initializing? false, entries: size=1, first=(t:7, i:6), STATEMACHINELOGENTRY, client-3EDA899B7DA2, cid=9
2019-10-18 03:58:30,986 [java.util.concurrent.ThreadPoolExecutor$Worker@48002e7b[State = -1, empty queue]] WARN  server.GrpcLogAppender (GrpcLogAppender.java:timeoutAppendRequest(209)) - 04d45094-7136-40c1-bdbb-fee737a34122@group-03B580E33239->d3e03273-8c79-4c12-9358-0a8612c41dd7-GrpcLogAppender: appendEntries Timeout, request=04d45094-7136-40c1-bdbb-fee737a34122->d3e03273-8c79-4c12-9358-0a8612c41dd7#10-t7, previous=(t:7, i:6), leaderCommit=6, initializing? false, entries: size=1, first=(t:7, i:7), METADATAENTRY(c5)
2019-10-18 03:58:30,986 [java.util.concurrent.ThreadPoolExecutor$Worker@48002e7b[State = -1, empty queue]] WARN  server.GrpcLogAppender (GrpcLogAppender.java:timeoutAppendRequest(209)) - 04d45094-7136-40c1-bdbb-fee737a34122@group-03B580E33239->d3e03273-8c79-4c12-9358-0a8612c41dd7-GrpcLogAppender: appendEntries Timeout, request=04d45094-7136-40c1-bdbb-fee737a34122->d3e03273-8c79-4c12-9358-0a8612c41dd7#11-t7, previous=(t:7, i:7), leaderCommit=6, initializing? false, entries: size=1, first=(t:7, i:8), METADATAENTRY(c6)
2019-10-18 03:58:33,488 [java.util.concurrent.ThreadPoolExecutor$Worker@48002e7b[State = -1, empty queue]] WARN  server.GrpcLogAppender (GrpcLogAppender.java:timeoutAppendRequest(209)) - 04d45094-7136-40c1-bdbb-fee737a34122@group-03B580E33239->d3e03273-8c79-4c12-9358-0a8612c41dd7-GrpcLogAppender: appendEntries Timeout, request=04d45094-7136-40c1-bdbb-fee737a34122->d3e03273-8c79-4c12-9358-0a8612c41dd7#12-t7, previous=(t:7, i:8), leaderCommit=8, initializing? false, entries: <empty>
2019-10-18 03:58:35,990 [java.util.concurrent.ThreadPoolExecutor$Worker@48002e7b[State = -1, empty queue]] WARN  server.GrpcLogAppender (GrpcLogAppender.java:timeoutAppendRequest(209)) - 04d45094-7136-40c1-bdbb-fee737a34122@group-03B580E33239->d3e03273-8c79-4c12-9358-0a8612c41dd7-GrpcLogAppender: appendEntries Timeout, request=04d45094-7136-40c1-bdbb-fee737a34122->d3e03273-8c79-4c12-9358-0a8612c41dd7#13-t7, previous=(t:7, i:8), leaderCommit=8, initializing? false, entries: <empty>
2019-10-18 03:58:38,491 [java.util.concurrent.ThreadPoolExecutor$Worker@48002e7b[State = -1, empty queue]] WARN  server.GrpcLogAppender (GrpcLogAppender.java:timeoutAppendRequest(209)) - 04d45094-7136-40c1-bdbb-fee737a34122@group-03B580E33239->d3e03273-8c79-4c12-9358-0a8612c41dd7-GrpcLogAppender: appendEntries Timeout, request=04d45094-7136-40c1-bdbb-fee737a34122->d3e03273-8c79-4c12-9358-0a8612c41dd7#14-t7, previous=(t:7, i:8), leaderCommit=8, initializing? false, entries: <empty>
2019-10-18 03:58:38,591 [Thread-340] INFO  client.GrpcClientProtocolService (GrpcClientProtocolService.java:lambda$processClientRequest$0(278)) - Failed RaftClientRequest:client-3EDA899B7DA2->04d45094-7136-40c1-bdbb-fee737a34122@group-03B580E33239, cid=10, seq=0, Watch-ALL_COMMITTED(6), Message:<EMPTY>, reply=RaftClientReply:client-3EDA899B7DA2->04d45094-7136-40c1-bdbb-fee737a34122@group-03B580E33239, cid=10, FAILED org.apache.ratis.protocol.NotReplicatedException: Request with call Id 10 and log index 6 is not yet replicated to ALL_COMMITTED, logIndex=6, commits[04d45094-7136-40c1-bdbb-fee737a34122:c8, 20f566ef-d50a-432c-acfc-b325de8c1be4:c8, d3e03273-8c79-4c12-9358-0a8612c41dd7:c4]
2019-10-18 03:58:40,993 [java.util.concurrent.ThreadPoolExecutor$Worker@48002e7b[State = -1, empty queue]] WARN  server.GrpcLogAppender (GrpcLogAppender.java:timeoutAppendRequest(209)) - 04d45094-7136-40c1-bdbb-fee737a34122@group-03B580E33239->d3e03273-8c79-4c12-9358-0a8612c41dd7-GrpcLogAppender: appendEntries Timeout, request=04d45094-7136-40c1-bdbb-fee737a34122->d3e03273-8c79-4c12-9358-0a8612c41dd7#15-t7, previous=(t:7, i:8), leaderCommit=8, initializing? false, entries: <empty>
2019-10-18 03:58:43,493 [java.util.concurrent.ThreadPoolExecutor$Worker@48002e7b[State = -1, empty queue]] WARN  server.GrpcLogAppender (GrpcLogAppender.java:timeoutAppendRequest(209)) - 04d45094-7136-40c1-bdbb-fee737a34122@group-03B580E33239->d3e03273-8c79-4c12-9358-0a8612c41dd7-GrpcLogAppender: appendEntries Timeout, request=04d45094-7136-40c1-bdbb-fee737a34122->d3e03273-8c79-4c12-9358-0a8612c41dd7#16-t7, previous=(t:7, i:8), leaderCommit=8, initializing? false, entries: <empty>
2019-10-18 03:58:45,994 [java.util.concurrent.ThreadPoolExecutor$Worker@48002e7b[State = -1, empty queue]] WARN  server.GrpcLogAppender (GrpcLogAppender.java:timeoutAppendRequest(209)) - 04d45094-7136-40c1-bdbb-fee737a34122@group-03B580E33239->d3e03273-8c79-4c12-9358-0a8612c41dd7-GrpcLogAppender: appendEntries Timeout, request=04d45094-7136-40c1-bdbb-fee737a34122->d3e03273-8c79-4c12-9358-0a8612c41dd7#17-t7, previous=(t:7, i:8), leaderCommit=8, initializing? false, entries: <empty>
2019-10-18 03:58:47,049 [Thread-346] INFO  client.GrpcClientProtocolService (GrpcClientProtocolService.java:lambda$processClientRequest$0(278)) - Failed RaftClientRequest:client-3EDA899B7DA2->20f566ef-d50a-432c-acfc-b325de8c1be4@group-03B580E33239, cid=10, seq=0, Watch-ALL_COMMITTED(6), Message:<EMPTY>, reply=RaftClientReply:client-3EDA899B7DA2->20f566ef-d50a-432c-acfc-b325de8c1be4@group-03B580E33239, cid=10, FAILED org.apache.ratis.protocol.NotLeaderException: Server 20f566ef-d50a-432c-acfc-b325de8c1be4@group-03B580E33239 is not the leader 04d45094-7136-40c1-bdbb-fee737a34122:192.168.157.238:41949, logIndex=0, commits[20f566ef-d50a-432c-acfc-b325de8c1be4:c8, d3e03273-8c79-4c12-9358-0a8612c41dd7:c4, 04d45094-7136-40c1-bdbb-fee737a34122:c8]
2019-10-18 03:58:48,495 [java.util.concurrent.ThreadPoolExecutor$Worker@48002e7b[State = -1, empty queue]] WARN  server.GrpcLogAppender (GrpcLogAppender.java:timeoutAppendRequest(209)) - 04d45094-7136-40c1-bdbb-fee737a34122@group-03B580E33239->d3e03273-8c79-4c12-9358-0a8612c41dd7-GrpcLogAppender: appendEntries Timeout, request=04d45094-7136-40c1-bdbb-fee737a34122->d3e03273-8c79-4c12-9358-0a8612c41dd7#18-t7, previous=(t:7, i:8), leaderCommit=8, initializing? false, entries: <empty>
2019-10-18 03:58:48,587 [Thread-350] INFO  client.GrpcClientProtocolService (GrpcClientProtocolService.java:lambda$processClientRequest$0(278)) - Failed RaftClientRequest:client-3EDA899B7DA2->04d45094-7136-40c1-bdbb-fee737a34122@group-03B580E33239, cid=10, seq=0, Watch-ALL_COMMITTED(6), Message:<EMPTY>, reply=RaftClientReply:client-3EDA899B7DA2->04d45094-7136-40c1-bdbb-fee737a34122@group-03B580E33239, cid=10, FAILED org.apache.ratis.protocol.NotReplicatedException: Request with call Id 10 and log index 6 is not yet replicated to ALL_COMMITTED, logIndex=6, commits[04d45094-7136-40c1-bdbb-fee737a34122:c8, 20f566ef-d50a-432c-acfc-b325de8c1be4:c8, d3e03273-8c79-4c12-9358-0a8612c41dd7:c4]
2019-10-18 03:58:50,996 [java.util.concurrent.ThreadPoolExecutor$Worker@48002e7b[State = -1, empty queue]] WARN  server.GrpcLogAppender (GrpcLogAppender.java:timeoutAppendRequest(209)) - 04d45094-7136-40c1-bdbb-fee737a34122@group-03B580E33239->d3e03273-8c79-4c12-9358-0a8612c41dd7-GrpcLogAppender: appendEntries Timeout, request=04d45094-7136-40c1-bdbb-fee737a34122->d3e03273-8c79-4c12-9358-0a8612c41dd7#19-t7, previous=(t:7, i:8), leaderCommit=8, initializing? false, entries: <empty>
2019-10-18 03:58:53,499 [java.util.concurrent.ThreadPoolExecutor$Worker@48002e7b[State = -1, empty queue]] WARN  server.GrpcLogAppender (GrpcLogAppender.java:timeoutAppendRequest(209)) - 04d45094-7136-40c1-bdbb-fee737a34122@group-03B580E33239->d3e03273-8c79-4c12-9358-0a8612c41dd7-GrpcLogAppender: appendEntries Timeout, request=04d45094-7136-40c1-bdbb-fee737a34122->d3e03273-8c79-4c12-9358-0a8612c41dd7#20-t7, previous=(t:7, i:8), leaderCommit=8, initializing? false, entries: <empty>
2019-10-18 03:58:56,003 [java.util.concurrent.ThreadPoolExecutor$Worker@48002e7b[State = -1, empty queue]] WARN  server.GrpcLogAppender (GrpcLogAppender.java:timeoutAppendRequest(209)) - 04d45094-7136-40c1-bdbb-fee737a34122@group-03B580E33239->d3e03273-8c79-4c12-9358-0a8612c41dd7-GrpcLogAppender: appendEntries Timeout, request=04d45094-7136-40c1-bdbb-fee737a34122->d3e03273-8c79-4c12-9358-0a8612c41dd7#21-t7, previous=(t:7, i:8), leaderCommit=8, initializing? false, entries: <empty>
2019-10-18 03:58:57,585 [Thread-358] INFO  client.GrpcClientProtocolService (GrpcClientProtocolService.java:lambda$processClientRequest$0(278)) - Failed RaftClientRequest:client-3EDA899B7DA2->04d45094-7136-40c1-bdbb-fee737a34122@group-03B580E33239, cid=10, seq=0, Watch-ALL_COMMITTED(6), Message:<EMPTY>, reply=RaftClientReply:client-3EDA899B7DA2->04d45094-7136-40c1-bdbb-fee737a34122@group-03B580E33239, cid=10, FAILED org.apache.ratis.protocol.NotReplicatedException: Request with call Id 10 and log index 6 is not yet replicated to ALL_COMMITTED, logIndex=6, commits[04d45094-7136-40c1-bdbb-fee737a34122:c8, 20f566ef-d50a-432c-acfc-b325de8c1be4:c8, d3e03273-8c79-4c12-9358-0a8612c41dd7:c4]
2019-10-18 03:58:58,004 [main] WARN  scm.XceiverClientRatis (XceiverClientRatis.java:watchForCommit(277)) - 3 way commit failed on pipeline Pipeline[ Id: defa1269-bd0f-4f76-adbb-03b580e33239, Nodes: d3e03273-8c79-4c12-9358-0a8612c41dd7{ip: 192.168.157.238, host: trunk-nightly-20191018-rlnr2-3935024321, networkLocation: /default-rack, certSerialId: null}04d45094-7136-40c1-bdbb-fee737a34122{ip: 192.168.157.238, host: trunk-nightly-20191018-rlnr2-3935024321, networkLocation: /default-rack, certSerialId: null}20f566ef-d50a-432c-acfc-b325de8c1be4{ip: 192.168.157.238, host: trunk-nightly-20191018-rlnr2-3935024321, networkLocation: /default-rack, certSerialId: null}, Type:RATIS, Factor:THREE, State:OPEN]
java.util.concurrent.TimeoutException
	at java.util.concurrent.CompletableFuture.timedGet(CompletableFuture.java:1771)
	at java.util.concurrent.CompletableFuture.get(CompletableFuture.java:1915)
	at org.apache.hadoop.hdds.scm.XceiverClientRatis.watchForCommit(XceiverClientRatis.java:274)
	at org.apache.hadoop.hdds.scm.storage.CommitWatcher.watchForCommit(CommitWatcher.java:198)
	at org.apache.hadoop.hdds.scm.storage.CommitWatcher.watchOnLastIndex(CommitWatcher.java:161)
	at org.apache.hadoop.hdds.scm.storage.BlockOutputStream.watchForCommit(BlockOutputStream.java:346)
	at org.apache.hadoop.hdds.scm.storage.BlockOutputStream.handleFlush(BlockOutputStream.java:482)
	at org.apache.hadoop.hdds.scm.storage.BlockOutputStream.close(BlockOutputStream.java:496)
	at org.apache.hadoop.ozone.client.io.BlockOutputStreamEntry.close(BlockOutputStreamEntry.java:143)
	at org.apache.hadoop.ozone.client.io.KeyOutputStream.handleFlushOrClose(KeyOutputStream.java:435)
	at org.apache.hadoop.ozone.client.io.KeyOutputStream.close(KeyOutputStream.java:473)
	at org.apache.hadoop.ozone.client.io.OzoneOutputStream.close(OzoneOutputStream.java:60)
	at org.apache.hadoop.ozone.client.rpc.TestDeleteWithSlowFollower.testDeleteKeyWithSlowFollower(TestDeleteWithSlowFollower.java:193)
	at sun.reflect.NativeMethodAccessorImpl.invoke0(Native Method)
	at sun.reflect.NativeMethodAccessorImpl.invoke(NativeMethodAccessorImpl.java:62)
	at sun.reflect.DelegatingMethodAccessorImpl.invoke(DelegatingMethodAccessorImpl.java:43)
	at java.lang.reflect.Method.invoke(Method.java:498)
	at org.junit.runners.model.FrameworkMethod$1.runReflectiveCall(FrameworkMethod.java:47)
	at org.junit.internal.runners.model.ReflectiveCallable.run(ReflectiveCallable.java:12)
	at org.junit.runners.model.FrameworkMethod.invokeExplosively(FrameworkMethod.java:44)
	at org.junit.internal.runners.statements.InvokeMethod.evaluate(InvokeMethod.java:17)
	at org.junit.runners.ParentRunner.runLeaf(ParentRunner.java:271)
	at org.junit.runners.BlockJUnit4ClassRunner.runChild(BlockJUnit4ClassRunner.java:70)
	at org.junit.runners.BlockJUnit4ClassRunner.runChild(BlockJUnit4ClassRunner.java:50)
	at org.junit.runners.ParentRunner$3.run(ParentRunner.java:238)
	at org.junit.runners.ParentRunner$1.schedule(ParentRunner.java:63)
	at org.junit.runners.ParentRunner.runChildren(ParentRunner.java:236)
	at org.junit.runners.ParentRunner.access$000(ParentRunner.java:53)
	at org.junit.runners.ParentRunner$2.evaluate(ParentRunner.java:229)
	at org.junit.internal.runners.statements.RunBefores.evaluate(RunBefores.java:26)
	at org.junit.internal.runners.statements.RunAfters.evaluate(RunAfters.java:27)
	at org.junit.runners.ParentRunner.run(ParentRunner.java:309)
	at org.apache.maven.surefire.junit4.JUnit4Provider.execute(JUnit4Provider.java:365)
	at org.apache.maven.surefire.junit4.JUnit4Provider.executeWithRerun(JUnit4Provider.java:273)
	at org.apache.maven.surefire.junit4.JUnit4Provider.executeTestSet(JUnit4Provider.java:238)
	at org.apache.maven.surefire.junit4.JUnit4Provider.invoke(JUnit4Provider.java:159)
	at org.apache.maven.surefire.booter.ForkedBooter.invokeProviderInSameClassLoader(ForkedBooter.java:384)
	at org.apache.maven.surefire.booter.ForkedBooter.runSuitesInProcess(ForkedBooter.java:345)
	at org.apache.maven.surefire.booter.ForkedBooter.execute(ForkedBooter.java:126)
	at org.apache.maven.surefire.booter.ForkedBooter.main(ForkedBooter.java:418)
2019-10-18 03:58:58,023 [main] INFO  scm.XceiverClientRatis (XceiverClientRatis.java:lambda$watchForCommit$5(295)) - Could not commit index 6 on pipeline Pipeline[ Id: defa1269-bd0f-4f76-adbb-03b580e33239, Nodes: d3e03273-8c79-4c12-9358-0a8612c41dd7{ip: 192.168.157.238, host: trunk-nightly-20191018-rlnr2-3935024321, networkLocation: /default-rack, certSerialId: null}04d45094-7136-40c1-bdbb-fee737a34122{ip: 192.168.157.238, host: trunk-nightly-20191018-rlnr2-3935024321, networkLocation: /default-rack, certSerialId: null}20f566ef-d50a-432c-acfc-b325de8c1be4{ip: 192.168.157.238, host: trunk-nightly-20191018-rlnr2-3935024321, networkLocation: /default-rack, certSerialId: null}, Type:RATIS, Factor:THREE, State:OPEN] to all the nodes. Server d3e03273-8c79-4c12-9358-0a8612c41dd7 has failed. Committed by majority.
2019-10-18 03:58:58,024 [main] WARN  storage.BlockOutputStream (BlockOutputStream.java:watchForCommit(352)) - Failed to commit BlockId conID: 1 locID: 102981376553189376 bcsId: 6 on Pipeline[ Id: defa1269-bd0f-4f76-adbb-03b580e33239, Nodes: d3e03273-8c79-4c12-9358-0a8612c41dd7{ip: 192.168.157.238, host: trunk-nightly-20191018-rlnr2-3935024321, networkLocation: /default-rack, certSerialId: null}04d45094-7136-40c1-bdbb-fee737a34122{ip: 192.168.157.238, host: trunk-nightly-20191018-rlnr2-3935024321, networkLocation: /default-rack, certSerialId: null}20f566ef-d50a-432c-acfc-b325de8c1be4{ip: 192.168.157.238, host: trunk-nightly-20191018-rlnr2-3935024321, networkLocation: /default-rack, certSerialId: null}, Type:RATIS, Factor:THREE, State:OPEN]. Failed nodes: [d3e03273-8c79-4c12-9358-0a8612c41dd7{ip: null, host: null, networkLocation: /default-rack, certSerialId: null}]
2019-10-18 03:58:58,504 [java.util.concurrent.ThreadPoolExecutor$Worker@48002e7b[State = -1, empty queue]] WARN  server.GrpcLogAppender (GrpcLogAppender.java:timeoutAppendRequest(209)) - 04d45094-7136-40c1-bdbb-fee737a34122@group-03B580E33239->d3e03273-8c79-4c12-9358-0a8612c41dd7-GrpcLogAppender: appendEntries Timeout, request=04d45094-7136-40c1-bdbb-fee737a34122->d3e03273-8c79-4c12-9358-0a8612c41dd7#22-t7, previous=(t:7, i:8), leaderCommit=8, initializing? false, entries: <empty>
2019-10-18 03:58:59,132 [EventQueue-IncrementalContainerReportForIncrementalContainerReportHandler] WARN  container.IncrementalContainerReportHandler (AbstractContainerReportHandler.java:updateContainerState(145)) - Container #1 is in OPEN state, but the datanode 04d45094-7136-40c1-bdbb-fee737a34122{ip: 192.168.157.238, host: trunk-nightly-20191018-rlnr2-3935024321, networkLocation: /default-rack, certSerialId: null} reports an CLOSING replica.
2019-10-18 03:58:59,143 [RatisApplyTransactionExecutor 1] INFO  interfaces.Container (KeyValueContainer.java:flushAndSyncDB(386)) - Container 1 is synced with bcsId 6.
2019-10-18 03:58:59,143 [RatisApplyTransactionExecutor 1] INFO  interfaces.Container (KeyValueContainer.java:flushAndSyncDB(386)) - Container 1 is synced with bcsId 6.
2019-10-18 03:58:59,157 [RatisApplyTransactionExecutor 1] INFO  interfaces.Container (KeyValueContainer.java:close(335)) - Container 1 is closed with bcsId 6.
2019-10-18 03:58:59,160 [EventQueue-IncrementalContainerReportForIncrementalContainerReportHandler] WARN  container.IncrementalContainerReportHandler (AbstractContainerReportHandler.java:updateContainerState(145)) - Container #1 is in OPEN state, but the datanode 04d45094-7136-40c1-bdbb-fee737a34122{ip: 192.168.157.238, host: trunk-nightly-20191018-rlnr2-3935024321, networkLocation: /default-rack, certSerialId: null} reports an CLOSED replica.
2019-10-18 03:58:59,161 [EventQueue-IncrementalContainerReportForIncrementalContainerReportHandler] WARN  container.IncrementalContainerReportHandler (AbstractContainerReportHandler.java:updateContainerState(145)) - Container #1 is in OPEN state, but the datanode 20f566ef-d50a-432c-acfc-b325de8c1be4{ip: 192.168.157.238, host: trunk-nightly-20191018-rlnr2-3935024321, networkLocation: /default-rack, certSerialId: null} reports an CLOSING replica.
2019-10-18 03:58:59,169 [RatisApplyTransactionExecutor 1] INFO  interfaces.Container (KeyValueContainer.java:flushAndSyncDB(386)) - Container 1 is synced with bcsId 6.
2019-10-18 03:58:59,170 [RatisApplyTransactionExecutor 1] INFO  interfaces.Container (KeyValueContainer.java:flushAndSyncDB(386)) - Container 1 is synced with bcsId 6.
2019-10-18 03:58:59,190 [RatisApplyTransactionExecutor 1] INFO  interfaces.Container (KeyValueContainer.java:close(335)) - Container 1 is closed with bcsId 6.
2019-10-18 03:58:59,192 [EventQueue-IncrementalContainerReportForIncrementalContainerReportHandler] WARN  container.IncrementalContainerReportHandler (AbstractContainerReportHandler.java:updateContainerState(145)) - Container #1 is in OPEN state, but the datanode 20f566ef-d50a-432c-acfc-b325de8c1be4{ip: 192.168.157.238, host: trunk-nightly-20191018-rlnr2-3935024321, networkLocation: /default-rack, certSerialId: null} reports an CLOSED replica.
2019-10-18 03:58:59,320 [BlockDeletingService#2] WARN  background.BlockDeletingService (BlockDeletingService.java:isDeletionAllowed(187)) - Close Container log Index 6 is not replicated across allthe servers in the pipeline defa1269-bd0f-4f76-adbb-03b580e33239 as the min replicated index is 4. Deletion is not allowed in this container yet.
2019-10-18 03:58:59,321 [BlockDeletingService#2] WARN  background.BlockDeletingService (BlockDeletingService.java:isDeletionAllowed(187)) - Close Container log Index 6 is not replicated across allthe servers in the pipeline defa1269-bd0f-4f76-adbb-03b580e33239 as the min replicated index is 4. Deletion is not allowed in this container yet.
2019-10-18 03:58:59,330 [IPC Server handler 10 on 38395] INFO  server.SCMBlockProtocolServer (SCMBlockProtocolServer.java:deleteKeyBlocks(212)) - SCM is informed by OM to delete 1 blocks
2019-10-18 03:58:59,331 [IPC Server handler 10 on 38395] INFO  block.BlockManagerImpl (BlockManagerImpl.java:deleteBlocks(285)) - Deleting blocks conID: 1 locID: 102981376553189376 bcsId: 0
2019-10-18 03:58:59,359 [EventQueue-ContainerReportForContainerReportHandler] WARN  container.ContainerReportHandler (AbstractContainerReportHandler.java:updateContainerState(145)) - Container #1 is in OPEN state, but the datanode 04d45094-7136-40c1-bdbb-fee737a34122{ip: 192.168.157.238, host: trunk-nightly-20191018-rlnr2-3935024321, networkLocation: /default-rack, certSerialId: null} reports an CLOSED replica.
2019-10-18 03:58:59,393 [EventQueue-ContainerReportForContainerReportHandler] WARN  container.ContainerReportHandler (AbstractContainerReportHandler.java:updateContainerState(145)) - Container #1 is in OPEN state, but the datanode 20f566ef-d50a-432c-acfc-b325de8c1be4{ip: 192.168.157.238, host: trunk-nightly-20191018-rlnr2-3935024321, networkLocation: /default-rack, certSerialId: null} reports an CLOSED replica.
2019-10-18 03:58:59,592 [EventQueue-ContainerReportForContainerReportHandler] WARN  container.ContainerReportHandler (AbstractContainerReportHandler.java:updateContainerState(145)) - Container #1 is in OPEN state, but the datanode 20f566ef-d50a-432c-acfc-b325de8c1be4{ip: 192.168.157.238, host: trunk-nightly-20191018-rlnr2-3935024321, networkLocation: /default-rack, certSerialId: null} reports an CLOSED replica.
2019-10-18 03:58:59,659 [EventQueue-ContainerReportForContainerReportHandler] WARN  container.ContainerReportHandler (AbstractContainerReportHandler.java:updateContainerState(145)) - Container #1 is in OPEN state, but the datanode 04d45094-7136-40c1-bdbb-fee737a34122{ip: 192.168.157.238, host: trunk-nightly-20191018-rlnr2-3935024321, networkLocation: /default-rack, certSerialId: null} reports an CLOSED replica.
2019-10-18 03:58:59,892 [EventQueue-ContainerReportForContainerReportHandler] WARN  container.ContainerReportHandler (AbstractContainerReportHandler.java:updateContainerState(145)) - Container #1 is in OPEN state, but the datanode 20f566ef-d50a-432c-acfc-b325de8c1be4{ip: 192.168.157.238, host: trunk-nightly-20191018-rlnr2-3935024321, networkLocation: /default-rack, certSerialId: null} reports an CLOSED replica.
2019-10-18 03:59:00,058 [EventQueue-ContainerReportForContainerReportHandler] WARN  container.ContainerReportHandler (AbstractContainerReportHandler.java:updateContainerState(145)) - Container #1 is in OPEN state, but the datanode 04d45094-7136-40c1-bdbb-fee737a34122{ip: 192.168.157.238, host: trunk-nightly-20191018-rlnr2-3935024321, networkLocation: /default-rack, certSerialId: null} reports an CLOSED replica.
2019-10-18 03:59:00,192 [EventQueue-ContainerReportForContainerReportHandler] WARN  container.ContainerReportHandler (AbstractContainerReportHandler.java:updateContainerState(145)) - Container #1 is in OPEN state, but the datanode 20f566ef-d50a-432c-acfc-b325de8c1be4{ip: 192.168.157.238, host: trunk-nightly-20191018-rlnr2-3935024321, networkLocation: /default-rack, certSerialId: null} reports an CLOSED replica.
2019-10-18 03:59:00,258 [EventQueue-ContainerReportForContainerReportHandler] WARN  container.ContainerReportHandler (AbstractContainerReportHandler.java:updateContainerState(145)) - Container #1 is in OPEN state, but the datanode 04d45094-7136-40c1-bdbb-fee737a34122{ip: 192.168.157.238, host: trunk-nightly-20191018-rlnr2-3935024321, networkLocation: /default-rack, certSerialId: null} reports an CLOSED replica.
2019-10-18 03:59:00,321 [BlockDeletingService#2] WARN  background.BlockDeletingService (BlockDeletingService.java:isDeletionAllowed(187)) - Close Container log Index 6 is not replicated across allthe servers in the pipeline defa1269-bd0f-4f76-adbb-03b580e33239 as the min replicated index is 4. Deletion is not allowed in this container yet.
2019-10-18 03:59:00,324 [BlockDeletingService#2] WARN  background.BlockDeletingService (BlockDeletingService.java:isDeletionAllowed(187)) - Close Container log Index 6 is not replicated across allthe servers in the pipeline defa1269-bd0f-4f76-adbb-03b580e33239 as the min replicated index is 4. Deletion is not allowed in this container yet.
2019-10-18 03:59:00,492 [EventQueue-ContainerReportForContainerReportHandler] WARN  container.ContainerReportHandler (AbstractContainerReportHandler.java:updateContainerState(145)) - Container #1 is in OPEN state, but the datanode 20f566ef-d50a-432c-acfc-b325de8c1be4{ip: 192.168.157.238, host: trunk-nightly-20191018-rlnr2-3935024321, networkLocation: /default-rack, certSerialId: null} reports an CLOSED replica.
2019-10-18 03:59:00,558 [EventQueue-ContainerReportForContainerReportHandler] WARN  container.ContainerReportHandler (AbstractContainerReportHandler.java:updateContainerState(145)) - Container #1 is in OPEN state, but the datanode 04d45094-7136-40c1-bdbb-fee737a34122{ip: 192.168.157.238, host: trunk-nightly-20191018-rlnr2-3935024321, networkLocation: /default-rack, certSerialId: null} reports an CLOSED replica.
2019-10-18 03:59:00,759 [EventQueue-ContainerReportForContainerReportHandler] WARN  container.ContainerReportHandler (AbstractContainerReportHandler.java:updateContainerState(145)) - Container #1 is in OPEN state, but the datanode 04d45094-7136-40c1-bdbb-fee737a34122{ip: 192.168.157.238, host: trunk-nightly-20191018-rlnr2-3935024321, networkLocation: /default-rack, certSerialId: null} reports an CLOSED replica.
2019-10-18 03:59:00,793 [EventQueue-ContainerReportForContainerReportHandler] WARN  container.ContainerReportHandler (AbstractContainerReportHandler.java:updateContainerState(145)) - Container #1 is in OPEN state, but the datanode 20f566ef-d50a-432c-acfc-b325de8c1be4{ip: 192.168.157.238, host: trunk-nightly-20191018-rlnr2-3935024321, networkLocation: /default-rack, certSerialId: null} reports an CLOSED replica.
2019-10-18 03:59:00,992 [EventQueue-ContainerReportForContainerReportHandler] WARN  container.ContainerReportHandler (AbstractContainerReportHandler.java:updateContainerState(145)) - Container #1 is in OPEN state, but the datanode 20f566ef-d50a-432c-acfc-b325de8c1be4{ip: 192.168.157.238, host: trunk-nightly-20191018-rlnr2-3935024321, networkLocation: /default-rack, certSerialId: null} reports an CLOSED replica.
2019-10-18 03:59:01,006 [java.util.concurrent.ThreadPoolExecutor$Worker@48002e7b[State = -1, empty queue]] WARN  server.GrpcLogAppender (GrpcLogAppender.java:timeoutAppendRequest(209)) - 04d45094-7136-40c1-bdbb-fee737a34122@group-03B580E33239->d3e03273-8c79-4c12-9358-0a8612c41dd7-GrpcLogAppender: appendEntries Timeout, request=04d45094-7136-40c1-bdbb-fee737a34122->d3e03273-8c79-4c12-9358-0a8612c41dd7#23-t7, previous=(t:7, i:8), leaderCommit=8, initializing? false, entries: <empty>
2019-10-18 03:59:01,063 [EventQueue-ContainerReportForContainerReportHandler] WARN  container.ContainerReportHandler (AbstractContainerReportHandler.java:updateContainerState(145)) - Container #1 is in OPEN state, but the datanode 04d45094-7136-40c1-bdbb-fee737a34122{ip: 192.168.157.238, host: trunk-nightly-20191018-rlnr2-3935024321, networkLocation: /default-rack, certSerialId: null} reports an CLOSED replica.
2019-10-18 03:59:01,292 [EventQueue-ContainerReportForContainerReportHandler] WARN  container.ContainerReportHandler (AbstractContainerReportHandler.java:updateContainerState(145)) - Container #1 is in OPEN state, but the datanode 20f566ef-d50a-432c-acfc-b325de8c1be4{ip: 192.168.157.238, host: trunk-nightly-20191018-rlnr2-3935024321, networkLocation: /default-rack, certSerialId: null} reports an CLOSED replica.
2019-10-18 03:59:01,322 [BlockDeletingService#2] WARN  background.BlockDeletingService (BlockDeletingService.java:isDeletionAllowed(187)) - Close Container log Index 6 is not replicated across allthe servers in the pipeline defa1269-bd0f-4f76-adbb-03b580e33239 as the min replicated index is 4. Deletion is not allowed in this container yet.
2019-10-18 03:59:01,325 [BlockDeletingService#2] WARN  background.BlockDeletingService (BlockDeletingService.java:isDeletionAllowed(187)) - Close Container log Index 6 is not replicated across allthe servers in the pipeline defa1269-bd0f-4f76-adbb-03b580e33239 as the min replicated index is 4. Deletion is not allowed in this container yet.
2019-10-18 03:59:01,359 [EventQueue-ContainerReportForContainerReportHandler] WARN  container.ContainerReportHandler (AbstractContainerReportHandler.java:updateContainerState(145)) - Container #1 is in OPEN state, but the datanode 04d45094-7136-40c1-bdbb-fee737a34122{ip: 192.168.157.238, host: trunk-nightly-20191018-rlnr2-3935024321, networkLocation: /default-rack, certSerialId: null} reports an CLOSED replica.
2019-10-18 03:59:01,592 [EventQueue-ContainerReportForContainerReportHandler] WARN  container.ContainerReportHandler (AbstractContainerReportHandler.java:updateContainerState(145)) - Container #1 is in OPEN state, but the datanode 20f566ef-d50a-432c-acfc-b325de8c1be4{ip: 192.168.157.238, host: trunk-nightly-20191018-rlnr2-3935024321, networkLocation: /default-rack, certSerialId: null} reports an CLOSED replica.
2019-10-18 03:59:01,660 [EventQueue-ContainerReportForContainerReportHandler] WARN  container.ContainerReportHandler (AbstractContainerReportHandler.java:updateContainerState(145)) - Container #1 is in OPEN state, but the datanode 04d45094-7136-40c1-bdbb-fee737a34122{ip: 192.168.157.238, host: trunk-nightly-20191018-rlnr2-3935024321, networkLocation: /default-rack, certSerialId: null} reports an CLOSED replica.
2019-10-18 03:59:01,892 [EventQueue-ContainerReportForContainerReportHandler] WARN  container.ContainerReportHandler (AbstractContainerReportHandler.java:updateContainerState(145)) - Container #1 is in OPEN state, but the datanode 20f566ef-d50a-432c-acfc-b325de8c1be4{ip: 192.168.157.238, host: trunk-nightly-20191018-rlnr2-3935024321, networkLocation: /default-rack, certSerialId: null} reports an CLOSED replica.
2019-10-18 03:59:01,961 [EventQueue-ContainerReportForContainerReportHandler] WARN  container.ContainerReportHandler (AbstractContainerReportHandler.java:updateContainerState(145)) - Container #1 is in OPEN state, but the datanode 04d45094-7136-40c1-bdbb-fee737a34122{ip: 192.168.157.238, host: trunk-nightly-20191018-rlnr2-3935024321, networkLocation: /default-rack, certSerialId: null} reports an CLOSED replica.
2019-10-18 03:59:02,099 [java.util.concurrent.ThreadPoolExecutor$Worker@48002e7b[State = -1, empty queue]] WARN  server.GrpcLogAppender (GrpcLogAppender.java:timeoutAppendRequest(209)) - 04d45094-7136-40c1-bdbb-fee737a34122@group-03B580E33239->d3e03273-8c79-4c12-9358-0a8612c41dd7-GrpcLogAppender: appendEntries Timeout, request=04d45094-7136-40c1-bdbb-fee737a34122->d3e03273-8c79-4c12-9358-0a8612c41dd7#24-t7, previous=(t:7, i:8), leaderCommit=8, initializing? false, entries: size=1, first=(t:7, i:9), STATEMACHINELOGENTRY, client-157933B1E9E4, cid=12
2019-10-18 03:59:02,114 [java.util.concurrent.ThreadPoolExecutor$Worker@48002e7b[State = -1, empty queue]] WARN  server.GrpcLogAppender (GrpcLogAppender.java:timeoutAppendRequest(209)) - 04d45094-7136-40c1-bdbb-fee737a34122@group-03B580E33239->d3e03273-8c79-4c12-9358-0a8612c41dd7-GrpcLogAppender: appendEntries Timeout, request=04d45094-7136-40c1-bdbb-fee737a34122->d3e03273-8c79-4c12-9358-0a8612c41dd7#25-t7, previous=(t:7, i:9), leaderCommit=9, initializing? false, entries: size=1, first=(t:7, i:10), METADATAENTRY(c9)
2019-10-18 03:59:02,162 [EventQueue-ContainerReportForContainerReportHandler] WARN  container.ContainerReportHandler (AbstractContainerReportHandler.java:updateContainerState(145)) - Container #1 is in OPEN state, but the datanode 04d45094-7136-40c1-bdbb-fee737a34122{ip: 192.168.157.238, host: trunk-nightly-20191018-rlnr2-3935024321, networkLocation: /default-rack, certSerialId: null} reports an CLOSED replica.
2019-10-18 03:59:02,194 [EventQueue-ContainerReportForContainerReportHandler] WARN  container.ContainerReportHandler (AbstractContainerReportHandler.java:updateContainerState(145)) - Container #1 is in OPEN state, but the datanode 20f566ef-d50a-432c-acfc-b325de8c1be4{ip: 192.168.157.238, host: trunk-nightly-20191018-rlnr2-3935024321, networkLocation: /default-rack, certSerialId: null} reports an CLOSED replica.
2019-10-18 03:59:02,326 [BlockDeletingService#2] WARN  background.BlockDeletingService (BlockDeletingService.java:isDeletionAllowed(187)) - Close Container log Index 6 is not replicated across allthe servers in the pipeline defa1269-bd0f-4f76-adbb-03b580e33239 as the min replicated index is 4. Deletion is not allowed in this container yet.
2019-10-18 03:59:02,328 [BlockDeletingService#2] WARN  background.BlockDeletingService (BlockDeletingService.java:isDeletionAllowed(187)) - Close Container log Index 6 is not replicated across allthe servers in the pipeline defa1269-bd0f-4f76-adbb-03b580e33239 as the min replicated index is 4. Deletion is not allowed in this container yet.
2019-10-18 03:59:02,464 [EventQueue-ContainerReportForContainerReportHandler] WARN  container.ContainerReportHandler (AbstractContainerReportHandler.java:updateContainerState(145)) - Container #1 is in OPEN state, but the datanode 04d45094-7136-40c1-bdbb-fee737a34122{ip: 192.168.157.238, host: trunk-nightly-20191018-rlnr2-3935024321, networkLocation: /default-rack, certSerialId: null} reports an CLOSED replica.
2019-10-18 03:59:02,492 [EventQueue-ContainerReportForContainerReportHandler] WARN  container.ContainerReportHandler (AbstractContainerReportHandler.java:updateContainerState(145)) - Container #1 is in OPEN state, but the datanode 20f566ef-d50a-432c-acfc-b325de8c1be4{ip: 192.168.157.238, host: trunk-nightly-20191018-rlnr2-3935024321, networkLocation: /default-rack, certSerialId: null} reports an CLOSED replica.
2019-10-18 03:59:02,693 [EventQueue-ContainerReportForContainerReportHandler] WARN  container.ContainerReportHandler (AbstractContainerReportHandler.java:updateContainerState(145)) - Container #1 is in OPEN state, but the datanode 20f566ef-d50a-432c-acfc-b325de8c1be4{ip: 192.168.157.238, host: trunk-nightly-20191018-rlnr2-3935024321, networkLocation: /default-rack, certSerialId: null} reports an CLOSED replica.
2019-10-18 03:59:02,862 [EventQueue-ContainerReportForContainerReportHandler] WARN  container.ContainerReportHandler (AbstractContainerReportHandler.java:updateContainerState(145)) - Container #1 is in OPEN state, but the datanode 04d45094-7136-40c1-bdbb-fee737a34122{ip: 192.168.157.238, host: trunk-nightly-20191018-rlnr2-3935024321, networkLocation: /default-rack, certSerialId: null} reports an CLOSED replica.
2019-10-18 03:59:02,993 [EventQueue-ContainerReportForContainerReportHandler] WARN  container.ContainerReportHandler (AbstractContainerReportHandler.java:updateContainerState(145)) - Container #1 is in OPEN state, but the datanode 20f566ef-d50a-432c-acfc-b325de8c1be4{ip: 192.168.157.238, host: trunk-nightly-20191018-rlnr2-3935024321, networkLocation: /default-rack, certSerialId: null} reports an CLOSED replica.
2019-10-18 03:59:03,063 [EventQueue-ContainerReportForContainerReportHandler] WARN  container.ContainerReportHandler (AbstractContainerReportHandler.java:updateContainerState(145)) - Container #1 is in OPEN state, but the datanode 04d45094-7136-40c1-bdbb-fee737a34122{ip: 192.168.157.238, host: trunk-nightly-20191018-rlnr2-3935024321, networkLocation: /default-rack, certSerialId: null} reports an CLOSED replica.
2019-10-18 03:59:03,194 [EventQueue-ContainerReportForContainerReportHandler] WARN  container.ContainerReportHandler (AbstractContainerReportHandler.java:updateContainerState(145)) - Container #1 is in OPEN state, but the datanode 20f566ef-d50a-432c-acfc-b325de8c1be4{ip: 192.168.157.238, host: trunk-nightly-20191018-rlnr2-3935024321, networkLocation: /default-rack, certSerialId: null} reports an CLOSED replica.
2019-10-18 03:59:03,330 [BlockDeletingService#2] WARN  background.BlockDeletingService (BlockDeletingService.java:isDeletionAllowed(187)) - Close Container log Index 6 is not replicated across allthe servers in the pipeline defa1269-bd0f-4f76-adbb-03b580e33239 as the min replicated index is 4. Deletion is not allowed in this container yet.
2019-10-18 03:59:03,330 [BlockDeletingService#2] WARN  background.BlockDeletingService (BlockDeletingService.java:isDeletionAllowed(187)) - Close Container log Index 6 is not replicated across allthe servers in the pipeline defa1269-bd0f-4f76-adbb-03b580e33239 as the min replicated index is 4. Deletion is not allowed in this container yet.
2019-10-18 03:59:03,364 [EventQueue-ContainerReportForContainerReportHandler] WARN  container.ContainerReportHandler (AbstractContainerReportHandler.java:updateContainerState(145)) - Container #1 is in OPEN state, but the datanode 04d45094-7136-40c1-bdbb-fee737a34122{ip: 192.168.157.238, host: trunk-nightly-20191018-rlnr2-3935024321, networkLocation: /default-rack, certSerialId: null} reports an CLOSED replica.
2019-10-18 03:59:03,495 [EventQueue-ContainerReportForContainerReportHandler] WARN  container.ContainerReportHandler (AbstractContainerReportHandler.java:updateContainerState(145)) - Container #1 is in OPEN state, but the datanode 20f566ef-d50a-432c-acfc-b325de8c1be4{ip: 192.168.157.238, host: trunk-nightly-20191018-rlnr2-3935024321, networkLocation: /default-rack, certSerialId: null} reports an CLOSED replica.
2019-10-18 03:59:03,765 [EventQueue-ContainerReportForContainerReportHandler] WARN  container.ContainerReportHandler (AbstractContainerReportHandler.java:updateContainerState(145)) - Container #1 is in OPEN state, but the datanode 04d45094-7136-40c1-bdbb-fee737a34122{ip: 192.168.157.238, host: trunk-nightly-20191018-rlnr2-3935024321, networkLocation: /default-rack, certSerialId: null} reports an CLOSED replica.
2019-10-18 03:59:03,794 [EventQueue-ContainerReportForContainerReportHandler] WARN  container.ContainerReportHandler (AbstractContainerReportHandler.java:updateContainerState(145)) - Container #1 is in OPEN state, but the datanode 20f566ef-d50a-432c-acfc-b325de8c1be4{ip: 192.168.157.238, host: trunk-nightly-20191018-rlnr2-3935024321, networkLocation: /default-rack, certSerialId: null} reports an CLOSED replica.
2019-10-18 03:59:04,065 [EventQueue-ContainerReportForContainerReportHandler] WARN  container.ContainerReportHandler (AbstractContainerReportHandler.java:updateContainerState(145)) - Container #1 is in OPEN state, but the datanode 04d45094-7136-40c1-bdbb-fee737a34122{ip: 192.168.157.238, host: trunk-nightly-20191018-rlnr2-3935024321, networkLocation: /default-rack, certSerialId: null} reports an CLOSED replica.
2019-10-18 03:59:04,195 [EventQueue-ContainerReportForContainerReportHandler] WARN  container.ContainerReportHandler (AbstractContainerReportHandler.java:updateContainerState(145)) - Container #1 is in OPEN state, but the datanode 20f566ef-d50a-432c-acfc-b325de8c1be4{ip: 192.168.157.238, host: trunk-nightly-20191018-rlnr2-3935024321, networkLocation: /default-rack, certSerialId: null} reports an CLOSED replica.
2019-10-18 03:59:04,333 [BlockDeletingService#2] WARN  background.BlockDeletingService (BlockDeletingService.java:isDeletionAllowed(187)) - Close Container log Index 6 is not replicated across allthe servers in the pipeline defa1269-bd0f-4f76-adbb-03b580e33239 as the min replicated index is 4. Deletion is not allowed in this container yet.
2019-10-18 03:59:04,333 [BlockDeletingService#2] WARN  background.BlockDeletingService (BlockDeletingService.java:isDeletionAllowed(187)) - Close Container log Index 6 is not replicated across allthe servers in the pipeline defa1269-bd0f-4f76-adbb-03b580e33239 as the min replicated index is 4. Deletion is not allowed in this container yet.
2019-10-18 03:59:04,364 [EventQueue-ContainerReportForContainerReportHandler] WARN  container.ContainerReportHandler (AbstractContainerReportHandler.java:updateContainerState(145)) - Container #1 is in OPEN state, but the datanode 04d45094-7136-40c1-bdbb-fee737a34122{ip: 192.168.157.238, host: trunk-nightly-20191018-rlnr2-3935024321, networkLocation: /default-rack, certSerialId: null} reports an CLOSED replica.
2019-10-18 03:59:04,494 [EventQueue-ContainerReportForContainerReportHandler] WARN  container.ContainerReportHandler (AbstractContainerReportHandler.java:updateContainerState(145)) - Container #1 is in OPEN state, but the datanode 20f566ef-d50a-432c-acfc-b325de8c1be4{ip: 192.168.157.238, host: trunk-nightly-20191018-rlnr2-3935024321, networkLocation: /default-rack, certSerialId: null} reports an CLOSED replica.
2019-10-18 03:59:04,616 [java.util.concurrent.ThreadPoolExecutor$Worker@48002e7b[State = -1, empty queue]] WARN  server.GrpcLogAppender (GrpcLogAppender.java:timeoutAppendRequest(209)) - 04d45094-7136-40c1-bdbb-fee737a34122@group-03B580E33239->d3e03273-8c79-4c12-9358-0a8612c41dd7-GrpcLogAppender: appendEntries Timeout, request=04d45094-7136-40c1-bdbb-fee737a34122->d3e03273-8c79-4c12-9358-0a8612c41dd7#26-t7, previous=(t:7, i:10), leaderCommit=10, initializing? false, entries: <empty>
2019-10-18 03:59:04,665 [EventQueue-ContainerReportForContainerReportHandler] WARN  container.ContainerReportHandler (AbstractContainerReportHandler.java:updateContainerState(145)) - Container #1 is in OPEN state, but the datanode 04d45094-7136-40c1-bdbb-fee737a34122{ip: 192.168.157.238, host: trunk-nightly-20191018-rlnr2-3935024321, networkLocation: /default-rack, certSerialId: null} reports an CLOSED replica.
2019-10-18 03:59:04,795 [EventQueue-ContainerReportForContainerReportHandler] WARN  container.ContainerReportHandler (AbstractContainerReportHandler.java:updateContainerState(145)) - Container #1 is in OPEN state, but the datanode 20f566ef-d50a-432c-acfc-b325de8c1be4{ip: 192.168.157.238, host: trunk-nightly-20191018-rlnr2-3935024321, networkLocation: /default-rack, certSerialId: null} reports an CLOSED replica.
2019-10-18 03:59:04,966 [EventQueue-ContainerReportForContainerReportHandler] WARN  container.ContainerReportHandler (AbstractContainerReportHandler.java:updateContainerState(145)) - Container #1 is in OPEN state, but the datanode 04d45094-7136-40c1-bdbb-fee737a34122{ip: 192.168.157.238, host: trunk-nightly-20191018-rlnr2-3935024321, networkLocation: /default-rack, certSerialId: null} reports an CLOSED replica.
2019-10-18 03:59:05,195 [EventQueue-ContainerReportForContainerReportHandler] WARN  container.ContainerReportHandler (AbstractContainerReportHandler.java:updateContainerState(145)) - Container #1 is in OPEN state, but the datanode 20f566ef-d50a-432c-acfc-b325de8c1be4{ip: 192.168.157.238, host: trunk-nightly-20191018-rlnr2-3935024321, networkLocation: /default-rack, certSerialId: null} reports an CLOSED replica.
2019-10-18 03:59:05,336 [BlockDeletingService#2] WARN  background.BlockDeletingService (BlockDeletingService.java:isDeletionAllowed(187)) - Close Container log Index 6 is not replicated across allthe servers in the pipeline defa1269-bd0f-4f76-adbb-03b580e33239 as the min replicated index is 4. Deletion is not allowed in this container yet.
2019-10-18 03:59:05,336 [BlockDeletingService#2] WARN  background.BlockDeletingService (BlockDeletingService.java:isDeletionAllowed(187)) - Close Container log Index 6 is not replicated across allthe servers in the pipeline defa1269-bd0f-4f76-adbb-03b580e33239 as the min replicated index is 4. Deletion is not allowed in this container yet.
2019-10-18 03:59:05,366 [EventQueue-ContainerReportForContainerReportHandler] WARN  container.ContainerReportHandler (AbstractContainerReportHandler.java:updateContainerState(145)) - Container #1 is in OPEN state, but the datanode 04d45094-7136-40c1-bdbb-fee737a34122{ip: 192.168.157.238, host: trunk-nightly-20191018-rlnr2-3935024321, networkLocation: /default-rack, certSerialId: null} reports an CLOSED replica.
2019-10-18 03:59:05,495 [EventQueue-ContainerReportForContainerReportHandler] WARN  container.ContainerReportHandler (AbstractContainerReportHandler.java:updateContainerState(145)) - Container #1 is in OPEN state, but the datanode 20f566ef-d50a-432c-acfc-b325de8c1be4{ip: 192.168.157.238, host: trunk-nightly-20191018-rlnr2-3935024321, networkLocation: /default-rack, certSerialId: null} reports an CLOSED replica.
2019-10-18 03:59:05,565 [EventQueue-ContainerReportForContainerReportHandler] WARN  container.ContainerReportHandler (AbstractContainerReportHandler.java:updateContainerState(145)) - Container #1 is in OPEN state, but the datanode 04d45094-7136-40c1-bdbb-fee737a34122{ip: 192.168.157.238, host: trunk-nightly-20191018-rlnr2-3935024321, networkLocation: /default-rack, certSerialId: null} reports an CLOSED replica.
2019-10-18 03:59:05,796 [EventQueue-ContainerReportForContainerReportHandler] WARN  container.ContainerReportHandler (AbstractContainerReportHandler.java:updateContainerState(145)) - Container #1 is in OPEN state, but the datanode 20f566ef-d50a-432c-acfc-b325de8c1be4{ip: 192.168.157.238, host: trunk-nightly-20191018-rlnr2-3935024321, networkLocation: /default-rack, certSerialId: null} reports an CLOSED replica.
2019-10-18 03:59:05,866 [EventQueue-ContainerReportForContainerReportHandler] WARN  container.ContainerReportHandler (AbstractContainerReportHandler.java:updateContainerState(145)) - Container #1 is in OPEN state, but the datanode 04d45094-7136-40c1-bdbb-fee737a34122{ip: 192.168.157.238, host: trunk-nightly-20191018-rlnr2-3935024321, networkLocation: /default-rack, certSerialId: null} reports an CLOSED replica.
2019-10-18 03:59:06,096 [EventQueue-ContainerReportForContainerReportHandler] WARN  container.ContainerReportHandler (AbstractContainerReportHandler.java:updateContainerState(145)) - Container #1 is in OPEN state, but the datanode 20f566ef-d50a-432c-acfc-b325de8c1be4{ip: 192.168.157.238, host: trunk-nightly-20191018-rlnr2-3935024321, networkLocation: /default-rack, certSerialId: null} reports an CLOSED replica.
2019-10-18 03:59:06,166 [EventQueue-ContainerReportForContainerReportHandler] WARN  container.ContainerReportHandler (AbstractContainerReportHandler.java:updateContainerState(145)) - Container #1 is in OPEN state, but the datanode 04d45094-7136-40c1-bdbb-fee737a34122{ip: 192.168.157.238, host: trunk-nightly-20191018-rlnr2-3935024321, networkLocation: /default-rack, certSerialId: null} reports an CLOSED replica.
2019-10-18 03:59:06,296 [EventQueue-ContainerReportForContainerReportHandler] WARN  container.ContainerReportHandler (AbstractContainerReportHandler.java:updateContainerState(145)) - Container #1 is in OPEN state, but the datanode 20f566ef-d50a-432c-acfc-b325de8c1be4{ip: 192.168.157.238, host: trunk-nightly-20191018-rlnr2-3935024321, networkLocation: /default-rack, certSerialId: null} reports an CLOSED replica.
2019-10-18 03:59:06,338 [BlockDeletingService#2] WARN  background.BlockDeletingService (BlockDeletingService.java:isDeletionAllowed(187)) - Close Container log Index 6 is not replicated across allthe servers in the pipeline defa1269-bd0f-4f76-adbb-03b580e33239 as the min replicated index is 4. Deletion is not allowed in this container yet.
2019-10-18 03:59:06,338 [BlockDeletingService#2] WARN  background.BlockDeletingService (BlockDeletingService.java:isDeletionAllowed(187)) - Close Container log Index 6 is not replicated across allthe servers in the pipeline defa1269-bd0f-4f76-adbb-03b580e33239 as the min replicated index is 4. Deletion is not allowed in this container yet.
2019-10-18 03:59:06,496 [EventQueue-ContainerReportForContainerReportHandler] WARN  container.ContainerReportHandler (AbstractContainerReportHandler.java:updateContainerState(145)) - Container #1 is in OPEN state, but the datanode 20f566ef-d50a-432c-acfc-b325de8c1be4{ip: 192.168.157.238, host: trunk-nightly-20191018-rlnr2-3935024321, networkLocation: /default-rack, certSerialId: null} reports an CLOSED replica.
2019-10-18 03:59:06,567 [EventQueue-ContainerReportForContainerReportHandler] WARN  container.ContainerReportHandler (AbstractContainerReportHandler.java:updateContainerState(145)) - Container #1 is in OPEN state, but the datanode 04d45094-7136-40c1-bdbb-fee737a34122{ip: 192.168.157.238, host: trunk-nightly-20191018-rlnr2-3935024321, networkLocation: /default-rack, certSerialId: null} reports an CLOSED replica.
2019-10-18 03:59:06,798 [EventQueue-ContainerReportForContainerReportHandler] WARN  container.ContainerReportHandler (AbstractContainerReportHandler.java:updateContainerState(145)) - Container #1 is in OPEN state, but the datanode 20f566ef-d50a-432c-acfc-b325de8c1be4{ip: 192.168.157.238, host: trunk-nightly-20191018-rlnr2-3935024321, networkLocation: /default-rack, certSerialId: null} reports an CLOSED replica.
2019-10-18 03:59:06,967 [EventQueue-ContainerReportForContainerReportHandler] WARN  container.ContainerReportHandler (AbstractContainerReportHandler.java:updateContainerState(145)) - Container #1 is in OPEN state, but the datanode 04d45094-7136-40c1-bdbb-fee737a34122{ip: 192.168.157.238, host: trunk-nightly-20191018-rlnr2-3935024321, networkLocation: /default-rack, certSerialId: null} reports an CLOSED replica.
2019-10-18 03:59:06,998 [EventQueue-ContainerReportForContainerReportHandler] WARN  container.ContainerReportHandler (AbstractContainerReportHandler.java:updateContainerState(145)) - Container #1 is in OPEN state, but the datanode 20f566ef-d50a-432c-acfc-b325de8c1be4{ip: 192.168.157.238, host: trunk-nightly-20191018-rlnr2-3935024321, networkLocation: /default-rack, certSerialId: null} reports an CLOSED replica.
2019-10-18 03:59:07,119 [java.util.concurrent.ThreadPoolExecutor$Worker@48002e7b[State = -1, empty queue]] WARN  server.GrpcLogAppender (GrpcLogAppender.java:timeoutAppendRequest(209)) - 04d45094-7136-40c1-bdbb-fee737a34122@group-03B580E33239->d3e03273-8c79-4c12-9358-0a8612c41dd7-GrpcLogAppender: appendEntries Timeout, request=04d45094-7136-40c1-bdbb-fee737a34122->d3e03273-8c79-4c12-9358-0a8612c41dd7#27-t7, previous=(t:7, i:10), leaderCommit=10, initializing? false, entries: <empty>
2019-10-18 03:59:07,267 [EventQueue-ContainerReportForContainerReportHandler] WARN  container.ContainerReportHandler (AbstractContainerReportHandler.java:updateContainerState(145)) - Container #1 is in OPEN state, but the datanode 04d45094-7136-40c1-bdbb-fee737a34122{ip: 192.168.157.238, host: trunk-nightly-20191018-rlnr2-3935024321, networkLocation: /default-rack, certSerialId: null} reports an CLOSED replica.
2019-10-18 03:59:07,298 [EventQueue-ContainerReportForContainerReportHandler] WARN  container.ContainerReportHandler (AbstractContainerReportHandler.java:updateContainerState(145)) - Container #1 is in OPEN state, but the datanode 20f566ef-d50a-432c-acfc-b325de8c1be4{ip: 192.168.157.238, host: trunk-nightly-20191018-rlnr2-3935024321, networkLocation: /default-rack, certSerialId: null} reports an CLOSED replica.
2019-10-18 03:59:07,340 [BlockDeletingService#2] WARN  background.BlockDeletingService (BlockDeletingService.java:isDeletionAllowed(187)) - Close Container log Index 6 is not replicated across allthe servers in the pipeline defa1269-bd0f-4f76-adbb-03b580e33239 as the min replicated index is 4. Deletion is not allowed in this container yet.
2019-10-18 03:59:07,340 [BlockDeletingService#2] WARN  background.BlockDeletingService (BlockDeletingService.java:isDeletionAllowed(187)) - Close Container log Index 6 is not replicated across allthe servers in the pipeline defa1269-bd0f-4f76-adbb-03b580e33239 as the min replicated index is 4. Deletion is not allowed in this container yet.
2019-10-18 03:59:07,569 [EventQueue-ContainerReportForContainerReportHandler] WARN  container.ContainerReportHandler (AbstractContainerReportHandler.java:updateContainerState(145)) - Container #1 is in OPEN state, but the datanode 04d45094-7136-40c1-bdbb-fee737a34122{ip: 192.168.157.238, host: trunk-nightly-20191018-rlnr2-3935024321, networkLocation: /default-rack, certSerialId: null} reports an CLOSED replica.
2019-10-18 03:59:07,584 [Thread-397] INFO  client.GrpcClientProtocolService (GrpcClientProtocolService.java:lambda$processClientRequest$0(278)) - Failed RaftClientRequest:client-3EDA899B7DA2->04d45094-7136-40c1-bdbb-fee737a34122@group-03B580E33239, cid=10, seq=0, Watch-ALL_COMMITTED(6), Message:<EMPTY>, reply=RaftClientReply:client-3EDA899B7DA2->04d45094-7136-40c1-bdbb-fee737a34122@group-03B580E33239, cid=10, FAILED org.apache.ratis.protocol.NotReplicatedException: Request with call Id 10 and log index 6 is not yet replicated to ALL_COMMITTED, logIndex=6, commits[04d45094-7136-40c1-bdbb-fee737a34122:c10, 20f566ef-d50a-432c-acfc-b325de8c1be4:c10, d3e03273-8c79-4c12-9358-0a8612c41dd7:c4]
2019-10-18 03:59:07,598 [EventQueue-ContainerReportForContainerReportHandler] WARN  container.ContainerReportHandler (AbstractContainerReportHandler.java:updateContainerState(145)) - Container #1 is in OPEN state, but the datanode 20f566ef-d50a-432c-acfc-b325de8c1be4{ip: 192.168.157.238, host: trunk-nightly-20191018-rlnr2-3935024321, networkLocation: /default-rack, certSerialId: null} reports an CLOSED replica.
2019-10-18 03:59:07,768 [EventQueue-ContainerReportForContainerReportHandler] WARN  container.ContainerReportHandler (AbstractContainerReportHandler.java:updateContainerState(145)) - Container #1 is in OPEN state, but the datanode 04d45094-7136-40c1-bdbb-fee737a34122{ip: 192.168.157.238, host: trunk-nightly-20191018-rlnr2-3935024321, networkLocation: /default-rack, certSerialId: null} reports an CLOSED replica.
2019-10-18 03:59:07,900 [EventQueue-ContainerReportForContainerReportHandler] WARN  container.ContainerReportHandler (AbstractContainerReportHandler.java:updateContainerState(145)) - Container #1 is in OPEN state, but the datanode 20f566ef-d50a-432c-acfc-b325de8c1be4{ip: 192.168.157.238, host: trunk-nightly-20191018-rlnr2-3935024321, networkLocation: /default-rack, certSerialId: null} reports an CLOSED replica.
2019-10-18 03:59:08,169 [EventQueue-ContainerReportForContainerReportHandler] WARN  container.ContainerReportHandler (AbstractContainerReportHandler.java:updateContainerState(145)) - Container #1 is in OPEN state, but the datanode 04d45094-7136-40c1-bdbb-fee737a34122{ip: 192.168.157.238, host: trunk-nightly-20191018-rlnr2-3935024321, networkLocation: /default-rack, certSerialId: null} reports an CLOSED replica.
2019-10-18 03:59:08,300 [EventQueue-ContainerReportForContainerReportHandler] WARN  container.ContainerReportHandler (AbstractContainerReportHandler.java:updateContainerState(145)) - Container #1 is in OPEN state, but the datanode 20f566ef-d50a-432c-acfc-b325de8c1be4{ip: 192.168.157.238, host: trunk-nightly-20191018-rlnr2-3935024321, networkLocation: /default-rack, certSerialId: null} reports an CLOSED replica.
2019-10-18 03:59:08,343 [BlockDeletingService#2] WARN  background.BlockDeletingService (BlockDeletingService.java:isDeletionAllowed(187)) - Close Container log Index 6 is not replicated across allthe servers in the pipeline defa1269-bd0f-4f76-adbb-03b580e33239 as the min replicated index is 4. Deletion is not allowed in this container yet.
2019-10-18 03:59:08,343 [BlockDeletingService#2] WARN  background.BlockDeletingService (BlockDeletingService.java:isDeletionAllowed(187)) - Close Container log Index 6 is not replicated across allthe servers in the pipeline defa1269-bd0f-4f76-adbb-03b580e33239 as the min replicated index is 4. Deletion is not allowed in this container yet.
2019-10-18 03:59:08,368 [EventQueue-ContainerReportForContainerReportHandler] WARN  container.ContainerReportHandler (AbstractContainerReportHandler.java:updateContainerState(145)) - Container #1 is in OPEN state, but the datanode 04d45094-7136-40c1-bdbb-fee737a34122{ip: 192.168.157.238, host: trunk-nightly-20191018-rlnr2-3935024321, networkLocation: /default-rack, certSerialId: null} reports an CLOSED replica.
2019-10-18 03:59:08,500 [EventQueue-ContainerReportForContainerReportHandler] WARN  container.ContainerReportHandler (AbstractContainerReportHandler.java:updateContainerState(145)) - Container #1 is in OPEN state, but the datanode 20f566ef-d50a-432c-acfc-b325de8c1be4{ip: 192.168.157.238, host: trunk-nightly-20191018-rlnr2-3935024321, networkLocation: /default-rack, certSerialId: null} reports an CLOSED replica.
2019-10-18 03:59:08,668 [EventQueue-ContainerReportForContainerReportHandler] WARN  container.ContainerReportHandler (AbstractContainerReportHandler.java:updateContainerState(145)) - Container #1 is in OPEN state, but the datanode 04d45094-7136-40c1-bdbb-fee737a34122{ip: 192.168.157.238, host: trunk-nightly-20191018-rlnr2-3935024321, networkLocation: /default-rack, certSerialId: null} reports an CLOSED replica.
2019-10-18 03:59:08,700 [EventQueue-ContainerReportForContainerReportHandler] WARN  container.ContainerReportHandler (AbstractContainerReportHandler.java:updateContainerState(145)) - Container #1 is in OPEN state, but the datanode 20f566ef-d50a-432c-acfc-b325de8c1be4{ip: 192.168.157.238, host: trunk-nightly-20191018-rlnr2-3935024321, networkLocation: /default-rack, certSerialId: null} reports an CLOSED replica.
2019-10-18 03:59:08,900 [EventQueue-ContainerReportForContainerReportHandler] WARN  container.ContainerReportHandler (AbstractContainerReportHandler.java:updateContainerState(145)) - Container #1 is in OPEN state, but the datanode 20f566ef-d50a-432c-acfc-b325de8c1be4{ip: 192.168.157.238, host: trunk-nightly-20191018-rlnr2-3935024321, networkLocation: /default-rack, certSerialId: null} reports an CLOSED replica.
2019-10-18 03:59:09,068 [EventQueue-ContainerReportForContainerReportHandler] WARN  container.ContainerReportHandler (AbstractContainerReportHandler.java:updateContainerState(145)) - Container #1 is in OPEN state, but the datanode 04d45094-7136-40c1-bdbb-fee737a34122{ip: 192.168.157.238, host: trunk-nightly-20191018-rlnr2-3935024321, networkLocation: /default-rack, certSerialId: null} reports an CLOSED replica.
2019-10-18 03:59:09,269 [EventQueue-ContainerReportForContainerReportHandler] WARN  container.ContainerReportHandler (AbstractContainerReportHandler.java:updateContainerState(145)) - Container #1 is in OPEN state, but the datanode 04d45094-7136-40c1-bdbb-fee737a34122{ip: 192.168.157.238, host: trunk-nightly-20191018-rlnr2-3935024321, networkLocation: /default-rack, certSerialId: null} reports an CLOSED replica.
2019-10-18 03:59:09,301 [EventQueue-ContainerReportForContainerReportHandler] WARN  container.ContainerReportHandler (AbstractContainerReportHandler.java:updateContainerState(145)) - Container #1 is in OPEN state, but the datanode 20f566ef-d50a-432c-acfc-b325de8c1be4{ip: 192.168.157.238, host: trunk-nightly-20191018-rlnr2-3935024321, networkLocation: /default-rack, certSerialId: null} reports an CLOSED replica.
2019-10-18 03:59:09,348 [BlockDeletingService#2] WARN  background.BlockDeletingService (BlockDeletingService.java:isDeletionAllowed(187)) - Close Container log Index 6 is not replicated across allthe servers in the pipeline defa1269-bd0f-4f76-adbb-03b580e33239 as the min replicated index is 4. Deletion is not allowed in this container yet.
2019-10-18 03:59:09,348 [BlockDeletingService#2] WARN  background.BlockDeletingService (BlockDeletingService.java:isDeletionAllowed(187)) - Close Container log Index 6 is not replicated across allthe servers in the pipeline defa1269-bd0f-4f76-adbb-03b580e33239 as the min replicated index is 4. Deletion is not allowed in this container yet.
2019-10-18 03:59:09,501 [EventQueue-ContainerReportForContainerReportHandler] WARN  container.ContainerReportHandler (AbstractContainerReportHandler.java:updateContainerState(145)) - Container #1 is in OPEN state, but the datanode 20f566ef-d50a-432c-acfc-b325de8c1be4{ip: 192.168.157.238, host: trunk-nightly-20191018-rlnr2-3935024321, networkLocation: /default-rack, certSerialId: null} reports an CLOSED replica.
2019-10-18 03:59:09,570 [EventQueue-ContainerReportForContainerReportHandler] WARN  container.ContainerReportHandler (AbstractContainerReportHandler.java:updateContainerState(145)) - Container #1 is in OPEN state, but the datanode 04d45094-7136-40c1-bdbb-fee737a34122{ip: 192.168.157.238, host: trunk-nightly-20191018-rlnr2-3935024321, networkLocation: /default-rack, certSerialId: null} reports an CLOSED replica.
2019-10-18 03:59:09,621 [java.util.concurrent.ThreadPoolExecutor$Worker@48002e7b[State = -1, empty queue]] WARN  server.GrpcLogAppender (GrpcLogAppender.java:timeoutAppendRequest(209)) - 04d45094-7136-40c1-bdbb-fee737a34122@group-03B580E33239->d3e03273-8c79-4c12-9358-0a8612c41dd7-GrpcLogAppender: appendEntries Timeout, request=04d45094-7136-40c1-bdbb-fee737a34122->d3e03273-8c79-4c12-9358-0a8612c41dd7#28-t7, previous=(t:7, i:10), leaderCommit=10, initializing? false, entries: <empty>
2019-10-18 03:59:09,770 [EventQueue-ContainerReportForContainerReportHandler] WARN  container.ContainerReportHandler (AbstractContainerReportHandler.java:updateContainerState(145)) - Container #1 is in OPEN state, but the datanode 04d45094-7136-40c1-bdbb-fee737a34122{ip: 192.168.157.238, host: trunk-nightly-20191018-rlnr2-3935024321, networkLocation: /default-rack, certSerialId: null} reports an CLOSED replica.
2019-10-18 03:59:09,902 [EventQueue-ContainerReportForContainerReportHandler] WARN  container.ContainerReportHandler (AbstractContainerReportHandler.java:updateContainerState(145)) - Container #1 is in OPEN state, but the datanode 20f566ef-d50a-432c-acfc-b325de8c1be4{ip: 192.168.157.238, host: trunk-nightly-20191018-rlnr2-3935024321, networkLocation: /default-rack, certSerialId: null} reports an CLOSED replica.
2019-10-18 03:59:10,170 [EventQueue-ContainerReportForContainerReportHandler] WARN  container.ContainerReportHandler (AbstractContainerReportHandler.java:updateContainerState(145)) - Container #1 is in OPEN state, but the datanode 04d45094-7136-40c1-bdbb-fee737a34122{ip: 192.168.157.238, host: trunk-nightly-20191018-rlnr2-3935024321, networkLocation: /default-rack, certSerialId: null} reports an CLOSED replica.
2019-10-18 03:59:10,201 [EventQueue-ContainerReportForContainerReportHandler] WARN  container.ContainerReportHandler (AbstractContainerReportHandler.java:updateContainerState(145)) - Container #1 is in OPEN state, but the datanode 20f566ef-d50a-432c-acfc-b325de8c1be4{ip: 192.168.157.238, host: trunk-nightly-20191018-rlnr2-3935024321, networkLocation: /default-rack, certSerialId: null} reports an CLOSED replica.
2019-10-18 03:59:10,350 [BlockDeletingService#2] WARN  background.BlockDeletingService (BlockDeletingService.java:isDeletionAllowed(187)) - Close Container log Index 6 is not replicated across allthe servers in the pipeline defa1269-bd0f-4f76-adbb-03b580e33239 as the min replicated index is 4. Deletion is not allowed in this container yet.
2019-10-18 03:59:10,350 [BlockDeletingService#2] WARN  background.BlockDeletingService (BlockDeletingService.java:isDeletionAllowed(187)) - Close Container log Index 6 is not replicated across allthe servers in the pipeline defa1269-bd0f-4f76-adbb-03b580e33239 as the min replicated index is 4. Deletion is not allowed in this container yet.
2019-10-18 03:59:10,370 [EventQueue-ContainerReportForContainerReportHandler] WARN  container.ContainerReportHandler (AbstractContainerReportHandler.java:updateContainerState(145)) - Container #1 is in OPEN state, but the datanode 04d45094-7136-40c1-bdbb-fee737a34122{ip: 192.168.157.238, host: trunk-nightly-20191018-rlnr2-3935024321, networkLocation: /default-rack, certSerialId: null} reports an CLOSED replica.
2019-10-18 03:59:10,502 [EventQueue-ContainerReportForContainerReportHandler] WARN  container.ContainerReportHandler (AbstractContainerReportHandler.java:updateContainerState(145)) - Container #1 is in OPEN state, but the datanode 20f566ef-d50a-432c-acfc-b325de8c1be4{ip: 192.168.157.238, host: trunk-nightly-20191018-rlnr2-3935024321, networkLocation: /default-rack, certSerialId: null} reports an CLOSED replica.
2019-10-18 03:59:10,671 [EventQueue-ContainerReportForContainerReportHandler] WARN  container.ContainerReportHandler (AbstractContainerReportHandler.java:updateContainerState(145)) - Container #1 is in OPEN state, but the datanode 04d45094-7136-40c1-bdbb-fee737a34122{ip: 192.168.157.238, host: trunk-nightly-20191018-rlnr2-3935024321, networkLocation: /default-rack, certSerialId: null} reports an CLOSED replica.
2019-10-18 03:59:10,901 [EventQueue-ContainerReportForContainerReportHandler] WARN  container.ContainerReportHandler (AbstractContainerReportHandler.java:updateContainerState(145)) - Container #1 is in OPEN state, but the datanode 20f566ef-d50a-432c-acfc-b325de8c1be4{ip: 192.168.157.238, host: trunk-nightly-20191018-rlnr2-3935024321, networkLocation: /default-rack, certSerialId: null} reports an CLOSED replica.
2019-10-18 03:59:11,071 [EventQueue-ContainerReportForContainerReportHandler] WARN  container.ContainerReportHandler (AbstractContainerReportHandler.java:updateContainerState(145)) - Container #1 is in OPEN state, but the datanode 04d45094-7136-40c1-bdbb-fee737a34122{ip: 192.168.157.238, host: trunk-nightly-20191018-rlnr2-3935024321, networkLocation: /default-rack, certSerialId: null} reports an CLOSED replica.
2019-10-18 03:59:11,201 [EventQueue-ContainerReportForContainerReportHandler] WARN  container.ContainerReportHandler (AbstractContainerReportHandler.java:updateContainerState(145)) - Container #1 is in OPEN state, but the datanode 20f566ef-d50a-432c-acfc-b325de8c1be4{ip: 192.168.157.238, host: trunk-nightly-20191018-rlnr2-3935024321, networkLocation: /default-rack, certSerialId: null} reports an CLOSED replica.
2019-10-18 03:59:11,271 [EventQueue-ContainerReportForContainerReportHandler] WARN  container.ContainerReportHandler (AbstractContainerReportHandler.java:updateContainerState(145)) - Container #1 is in OPEN state, but the datanode 04d45094-7136-40c1-bdbb-fee737a34122{ip: 192.168.157.238, host: trunk-nightly-20191018-rlnr2-3935024321, networkLocation: /default-rack, certSerialId: null} reports an CLOSED replica.
2019-10-18 03:59:11,352 [BlockDeletingService#2] WARN  background.BlockDeletingService (BlockDeletingService.java:isDeletionAllowed(187)) - Close Container log Index 6 is not replicated across allthe servers in the pipeline defa1269-bd0f-4f76-adbb-03b580e33239 as the min replicated index is 4. Deletion is not allowed in this container yet.
2019-10-18 03:59:11,352 [BlockDeletingService#2] WARN  background.BlockDeletingService (BlockDeletingService.java:isDeletionAllowed(187)) - Close Container log Index 6 is not replicated across allthe servers in the pipeline defa1269-bd0f-4f76-adbb-03b580e33239 as the min replicated index is 4. Deletion is not allowed in this container yet.
2019-10-18 03:59:11,572 [EventQueue-ContainerReportForContainerReportHandler] WARN  container.ContainerReportHandler (AbstractContainerReportHandler.java:updateContainerState(145)) - Container #1 is in OPEN state, but the datanode 04d45094-7136-40c1-bdbb-fee737a34122{ip: 192.168.157.238, host: trunk-nightly-20191018-rlnr2-3935024321, networkLocation: /default-rack, certSerialId: null} reports an CLOSED replica.
2019-10-18 03:59:11,601 [EventQueue-ContainerReportForContainerReportHandler] WARN  container.ContainerReportHandler (AbstractContainerReportHandler.java:updateContainerState(145)) - Container #1 is in OPEN state, but the datanode 20f566ef-d50a-432c-acfc-b325de8c1be4{ip: 192.168.157.238, host: trunk-nightly-20191018-rlnr2-3935024321, networkLocation: /default-rack, certSerialId: null} reports an CLOSED replica.
2019-10-18 03:59:11,973 [EventQueue-ContainerReportForContainerReportHandler] WARN  container.ContainerReportHandler (AbstractContainerReportHandler.java:updateContainerState(145)) - Container #1 is in OPEN state, but the datanode 04d45094-7136-40c1-bdbb-fee737a34122{ip: 192.168.157.238, host: trunk-nightly-20191018-rlnr2-3935024321, networkLocation: /default-rack, certSerialId: null} reports an CLOSED replica.
2019-10-18 03:59:12,002 [EventQueue-ContainerReportForContainerReportHandler] WARN  container.ContainerReportHandler (AbstractContainerReportHandler.java:updateContainerState(145)) - Container #1 is in OPEN state, but the datanode 20f566ef-d50a-432c-acfc-b325de8c1be4{ip: 192.168.157.238, host: trunk-nightly-20191018-rlnr2-3935024321, networkLocation: /default-rack, certSerialId: null} reports an CLOSED replica.
2019-10-18 03:59:12,123 [java.util.concurrent.ThreadPoolExecutor$Worker@48002e7b[State = -1, empty queue]] WARN  server.GrpcLogAppender (GrpcLogAppender.java:timeoutAppendRequest(209)) - 04d45094-7136-40c1-bdbb-fee737a34122@group-03B580E33239->d3e03273-8c79-4c12-9358-0a8612c41dd7-GrpcLogAppender: appendEntries Timeout, request=04d45094-7136-40c1-bdbb-fee737a34122->d3e03273-8c79-4c12-9358-0a8612c41dd7#29-t7, previous=(t:7, i:10), leaderCommit=10, initializing? false, entries: <empty>
2019-10-18 03:59:12,203 [EventQueue-ContainerReportForContainerReportHandler] WARN  container.ContainerReportHandler (AbstractContainerReportHandler.java:updateContainerState(145)) - Container #1 is in OPEN state, but the datanode 20f566ef-d50a-432c-acfc-b325de8c1be4{ip: 192.168.157.238, host: trunk-nightly-20191018-rlnr2-3935024321, networkLocation: /default-rack, certSerialId: null} reports an CLOSED replica.
2019-10-18 03:59:12,354 [BlockDeletingService#2] WARN  background.BlockDeletingService (BlockDeletingService.java:isDeletionAllowed(187)) - Close Container log Index 6 is not replicated across allthe servers in the pipeline defa1269-bd0f-4f76-adbb-03b580e33239 as the min replicated index is 4. Deletion is not allowed in this container yet.
2019-10-18 03:59:12,354 [BlockDeletingService#2] WARN  background.BlockDeletingService (BlockDeletingService.java:isDeletionAllowed(187)) - Close Container log Index 6 is not replicated across allthe servers in the pipeline defa1269-bd0f-4f76-adbb-03b580e33239 as the min replicated index is 4. Deletion is not allowed in this container yet.
2019-10-18 03:59:12,374 [EventQueue-ContainerReportForContainerReportHandler] WARN  container.ContainerReportHandler (AbstractContainerReportHandler.java:updateContainerState(145)) - Container #1 is in OPEN state, but the datanode 04d45094-7136-40c1-bdbb-fee737a34122{ip: 192.168.157.238, host: trunk-nightly-20191018-rlnr2-3935024321, networkLocation: /default-rack, certSerialId: null} reports an CLOSED replica.
2019-10-18 03:59:12,607 [EventQueue-ContainerReportForContainerReportHandler] WARN  container.ContainerReportHandler (AbstractContainerReportHandler.java:updateContainerState(145)) - Container #1 is in OPEN state, but the datanode 20f566ef-d50a-432c-acfc-b325de8c1be4{ip: 192.168.157.238, host: trunk-nightly-20191018-rlnr2-3935024321, networkLocation: /default-rack, certSerialId: null} reports an CLOSED replica.
2019-10-18 03:59:12,674 [EventQueue-ContainerReportForContainerReportHandler] WARN  container.ContainerReportHandler (AbstractContainerReportHandler.java:updateContainerState(145)) - Container #1 is in OPEN state, but the datanode 04d45094-7136-40c1-bdbb-fee737a34122{ip: 192.168.157.238, host: trunk-nightly-20191018-rlnr2-3935024321, networkLocation: /default-rack, certSerialId: null} reports an CLOSED replica.
2019-10-18 03:59:12,907 [EventQueue-ContainerReportForContainerReportHandler] WARN  container.ContainerReportHandler (AbstractContainerReportHandler.java:updateContainerState(145)) - Container #1 is in OPEN state, but the datanode 20f566ef-d50a-432c-acfc-b325de8c1be4{ip: 192.168.157.238, host: trunk-nightly-20191018-rlnr2-3935024321, networkLocation: /default-rack, certSerialId: null} reports an CLOSED replica.
2019-10-18 03:59:12,976 [EventQueue-ContainerReportForContainerReportHandler] WARN  container.ContainerReportHandler (AbstractContainerReportHandler.java:updateContainerState(145)) - Container #1 is in OPEN state, but the datanode 04d45094-7136-40c1-bdbb-fee737a34122{ip: 192.168.157.238, host: trunk-nightly-20191018-rlnr2-3935024321, networkLocation: /default-rack, certSerialId: null} reports an CLOSED replica.
2019-10-18 03:59:13,108 [EventQueue-ContainerReportForContainerReportHandler] WARN  container.ContainerReportHandler (AbstractContainerReportHandler.java:updateContainerState(145)) - Container #1 is in OPEN state, but the datanode 20f566ef-d50a-432c-acfc-b325de8c1be4{ip: 192.168.157.238, host: trunk-nightly-20191018-rlnr2-3935024321, networkLocation: /default-rack, certSerialId: null} reports an CLOSED replica.
2019-10-18 03:59:13,277 [EventQueue-ContainerReportForContainerReportHandler] WARN  container.ContainerReportHandler (AbstractContainerReportHandler.java:updateContainerState(145)) - Container #1 is in OPEN state, but the datanode 04d45094-7136-40c1-bdbb-fee737a34122{ip: 192.168.157.238, host: trunk-nightly-20191018-rlnr2-3935024321, networkLocation: /default-rack, certSerialId: null} reports an CLOSED replica.
2019-10-18 03:59:13,357 [BlockDeletingService#2] WARN  background.BlockDeletingService (BlockDeletingService.java:isDeletionAllowed(187)) - Close Container log Index 6 is not replicated across allthe servers in the pipeline defa1269-bd0f-4f76-adbb-03b580e33239 as the min replicated index is 4. Deletion is not allowed in this container yet.
2019-10-18 03:59:13,357 [BlockDeletingService#2] WARN  background.BlockDeletingService (BlockDeletingService.java:isDeletionAllowed(187)) - Close Container log Index 6 is not replicated across allthe servers in the pipeline defa1269-bd0f-4f76-adbb-03b580e33239 as the min replicated index is 4. Deletion is not allowed in this container yet.
2019-10-18 03:59:13,407 [EventQueue-ContainerReportForContainerReportHandler] WARN  container.ContainerReportHandler (AbstractContainerReportHandler.java:updateContainerState(145)) - Container #1 is in OPEN state, but the datanode 20f566ef-d50a-432c-acfc-b325de8c1be4{ip: 192.168.157.238, host: trunk-nightly-20191018-rlnr2-3935024321, networkLocation: /default-rack, certSerialId: null} reports an CLOSED replica.
2019-10-18 03:59:13,577 [EventQueue-ContainerReportForContainerReportHandler] WARN  container.ContainerReportHandler (AbstractContainerReportHandler.java:updateContainerState(145)) - Container #1 is in OPEN state, but the datanode 04d45094-7136-40c1-bdbb-fee737a34122{ip: 192.168.157.238, host: trunk-nightly-20191018-rlnr2-3935024321, networkLocation: /default-rack, certSerialId: null} reports an CLOSED replica.
2019-10-18 03:59:13,707 [EventQueue-ContainerReportForContainerReportHandler] WARN  container.ContainerReportHandler (AbstractContainerReportHandler.java:updateContainerState(145)) - Container #1 is in OPEN state, but the datanode 20f566ef-d50a-432c-acfc-b325de8c1be4{ip: 192.168.157.238, host: trunk-nightly-20191018-rlnr2-3935024321, networkLocation: /default-rack, certSerialId: null} reports an CLOSED replica.
2019-10-18 03:59:13,877 [EventQueue-ContainerReportForContainerReportHandler] WARN  container.ContainerReportHandler (AbstractContainerReportHandler.java:updateContainerState(145)) - Container #1 is in OPEN state, but the datanode 04d45094-7136-40c1-bdbb-fee737a34122{ip: 192.168.157.238, host: trunk-nightly-20191018-rlnr2-3935024321, networkLocation: /default-rack, certSerialId: null} reports an CLOSED replica.
2019-10-18 03:59:13,907 [EventQueue-ContainerReportForContainerReportHandler] WARN  container.ContainerReportHandler (AbstractContainerReportHandler.java:updateContainerState(145)) - Container #1 is in OPEN state, but the datanode 20f566ef-d50a-432c-acfc-b325de8c1be4{ip: 192.168.157.238, host: trunk-nightly-20191018-rlnr2-3935024321, networkLocation: /default-rack, certSerialId: null} reports an CLOSED replica.
2019-10-18 03:59:14,178 [EventQueue-ContainerReportForContainerReportHandler] WARN  container.ContainerReportHandler (AbstractContainerReportHandler.java:updateContainerState(145)) - Container #1 is in OPEN state, but the datanode 04d45094-7136-40c1-bdbb-fee737a34122{ip: 192.168.157.238, host: trunk-nightly-20191018-rlnr2-3935024321, networkLocation: /default-rack, certSerialId: null} reports an CLOSED replica.
2019-10-18 03:59:14,207 [EventQueue-ContainerReportForContainerReportHandler] WARN  container.ContainerReportHandler (AbstractContainerReportHandler.java:updateContainerState(145)) - Container #1 is in OPEN state, but the datanode 20f566ef-d50a-432c-acfc-b325de8c1be4{ip: 192.168.157.238, host: trunk-nightly-20191018-rlnr2-3935024321, networkLocation: /default-rack, certSerialId: null} reports an CLOSED replica.
2019-10-18 03:59:14,359 [BlockDeletingService#2] WARN  background.BlockDeletingService (BlockDeletingService.java:isDeletionAllowed(187)) - Close Container log Index 6 is not replicated across allthe servers in the pipeline defa1269-bd0f-4f76-adbb-03b580e33239 as the min replicated index is 4. Deletion is not allowed in this container yet.
2019-10-18 03:59:14,359 [BlockDeletingService#2] WARN  background.BlockDeletingService (BlockDeletingService.java:isDeletionAllowed(187)) - Close Container log Index 6 is not replicated across allthe servers in the pipeline defa1269-bd0f-4f76-adbb-03b580e33239 as the min replicated index is 4. Deletion is not allowed in this container yet.
2019-10-18 03:59:14,507 [EventQueue-ContainerReportForContainerReportHandler] WARN  container.ContainerReportHandler (AbstractContainerReportHandler.java:updateContainerState(145)) - Container #1 is in OPEN state, but the datanode 20f566ef-d50a-432c-acfc-b325de8c1be4{ip: 192.168.157.238, host: trunk-nightly-20191018-rlnr2-3935024321, networkLocation: /default-rack, certSerialId: null} reports an CLOSED replica.
2019-10-18 03:59:14,577 [EventQueue-ContainerReportForContainerReportHandler] WARN  container.ContainerReportHandler (AbstractContainerReportHandler.java:updateContainerState(145)) - Container #1 is in OPEN state, but the datanode 04d45094-7136-40c1-bdbb-fee737a34122{ip: 192.168.157.238, host: trunk-nightly-20191018-rlnr2-3935024321, networkLocation: /default-rack, certSerialId: null} reports an CLOSED replica.
2019-10-18 03:59:14,624 [java.util.concurrent.ThreadPoolExecutor$Worker@48002e7b[State = -1, empty queue]] WARN  server.GrpcLogAppender (GrpcLogAppender.java:timeoutAppendRequest(209)) - 04d45094-7136-40c1-bdbb-fee737a34122@group-03B580E33239->d3e03273-8c79-4c12-9358-0a8612c41dd7-GrpcLogAppender: appendEntries Timeout, request=04d45094-7136-40c1-bdbb-fee737a34122->d3e03273-8c79-4c12-9358-0a8612c41dd7#30-t7, previous=(t:7, i:10), leaderCommit=10, initializing? false, entries: <empty>
2019-10-18 03:59:14,907 [EventQueue-ContainerReportForContainerReportHandler] WARN  container.ContainerReportHandler (AbstractContainerReportHandler.java:updateContainerState(145)) - Container #1 is in OPEN state, but the datanode 20f566ef-d50a-432c-acfc-b325de8c1be4{ip: 192.168.157.238, host: trunk-nightly-20191018-rlnr2-3935024321, networkLocation: /default-rack, certSerialId: null} reports an CLOSED replica.
2019-10-18 03:59:14,977 [EventQueue-ContainerReportForContainerReportHandler] WARN  container.ContainerReportHandler (AbstractContainerReportHandler.java:updateContainerState(145)) - Container #1 is in OPEN state, but the datanode 04d45094-7136-40c1-bdbb-fee737a34122{ip: 192.168.157.238, host: trunk-nightly-20191018-rlnr2-3935024321, networkLocation: /default-rack, certSerialId: null} reports an CLOSED replica.
2019-10-18 03:59:15,208 [EventQueue-ContainerReportForContainerReportHandler] WARN  container.ContainerReportHandler (AbstractContainerReportHandler.java:updateContainerState(145)) - Container #1 is in OPEN state, but the datanode 20f566ef-d50a-432c-acfc-b325de8c1be4{ip: 192.168.157.238, host: trunk-nightly-20191018-rlnr2-3935024321, networkLocation: /default-rack, certSerialId: null} reports an CLOSED replica.
2019-10-18 03:59:15,361 [BlockDeletingService#2] WARN  background.BlockDeletingService (BlockDeletingService.java:isDeletionAllowed(187)) - Close Container log Index 6 is not replicated across allthe servers in the pipeline defa1269-bd0f-4f76-adbb-03b580e33239 as the min replicated index is 4. Deletion is not allowed in this container yet.
2019-10-18 03:59:15,361 [BlockDeletingService#2] WARN  background.BlockDeletingService (BlockDeletingService.java:isDeletionAllowed(187)) - Close Container log Index 6 is not replicated across allthe servers in the pipeline defa1269-bd0f-4f76-adbb-03b580e33239 as the min replicated index is 4. Deletion is not allowed in this container yet.
2019-10-18 03:59:15,378 [EventQueue-ContainerReportForContainerReportHandler] WARN  container.ContainerReportHandler (AbstractContainerReportHandler.java:updateContainerState(145)) - Container #1 is in OPEN state, but the datanode 04d45094-7136-40c1-bdbb-fee737a34122{ip: 192.168.157.238, host: trunk-nightly-20191018-rlnr2-3935024321, networkLocation: /default-rack, certSerialId: null} reports an CLOSED replica.
2019-10-18 03:59:15,408 [EventQueue-ContainerReportForContainerReportHandler] WARN  container.ContainerReportHandler (AbstractContainerReportHandler.java:updateContainerState(145)) - Container #1 is in OPEN state, but the datanode 20f566ef-d50a-432c-acfc-b325de8c1be4{ip: 192.168.157.238, host: trunk-nightly-20191018-rlnr2-3935024321, networkLocation: /default-rack, certSerialId: null} reports an CLOSED replica.
2019-10-18 03:59:15,610 [EventQueue-ContainerReportForContainerReportHandler] WARN  container.ContainerReportHandler (AbstractContainerReportHandler.java:updateContainerState(145)) - Container #1 is in OPEN state, but the datanode 20f566ef-d50a-432c-acfc-b325de8c1be4{ip: 192.168.157.238, host: trunk-nightly-20191018-rlnr2-3935024321, networkLocation: /default-rack, certSerialId: null} reports an CLOSED replica.
2019-10-18 03:59:15,778 [EventQueue-ContainerReportForContainerReportHandler] WARN  container.ContainerReportHandler (AbstractContainerReportHandler.java:updateContainerState(145)) - Container #1 is in OPEN state, but the datanode 04d45094-7136-40c1-bdbb-fee737a34122{ip: 192.168.157.238, host: trunk-nightly-20191018-rlnr2-3935024321, networkLocation: /default-rack, certSerialId: null} reports an CLOSED replica.
2019-10-18 03:59:15,910 [EventQueue-ContainerReportForContainerReportHandler] WARN  container.ContainerReportHandler (AbstractContainerReportHandler.java:updateContainerState(145)) - Container #1 is in OPEN state, but the datanode 20f566ef-d50a-432c-acfc-b325de8c1be4{ip: 192.168.157.238, host: trunk-nightly-20191018-rlnr2-3935024321, networkLocation: /default-rack, certSerialId: null} reports an CLOSED replica.
2019-10-18 03:59:16,079 [EventQueue-ContainerReportForContainerReportHandler] WARN  container.ContainerReportHandler (AbstractContainerReportHandler.java:updateContainerState(145)) - Container #1 is in OPEN state, but the datanode 04d45094-7136-40c1-bdbb-fee737a34122{ip: 192.168.157.238, host: trunk-nightly-20191018-rlnr2-3935024321, networkLocation: /default-rack, certSerialId: null} reports an CLOSED replica.
2019-10-18 03:59:16,310 [EventQueue-ContainerReportForContainerReportHandler] WARN  container.ContainerReportHandler (AbstractContainerReportHandler.java:updateContainerState(145)) - Container #1 is in OPEN state, but the datanode 20f566ef-d50a-432c-acfc-b325de8c1be4{ip: 192.168.157.238, host: trunk-nightly-20191018-rlnr2-3935024321, networkLocation: /default-rack, certSerialId: null} reports an CLOSED replica.
2019-10-18 03:59:16,362 [BlockDeletingService#2] WARN  background.BlockDeletingService (BlockDeletingService.java:isDeletionAllowed(187)) - Close Container log Index 6 is not replicated across allthe servers in the pipeline defa1269-bd0f-4f76-adbb-03b580e33239 as the min replicated index is 4. Deletion is not allowed in this container yet.
2019-10-18 03:59:16,363 [BlockDeletingService#2] WARN  background.BlockDeletingService (BlockDeletingService.java:isDeletionAllowed(187)) - Close Container log Index 6 is not replicated across allthe servers in the pipeline defa1269-bd0f-4f76-adbb-03b580e33239 as the min replicated index is 4. Deletion is not allowed in this container yet.
2019-10-18 03:59:16,380 [EventQueue-ContainerReportForContainerReportHandler] WARN  container.ContainerReportHandler (AbstractContainerReportHandler.java:updateContainerState(145)) - Container #1 is in OPEN state, but the datanode 04d45094-7136-40c1-bdbb-fee737a34122{ip: 192.168.157.238, host: trunk-nightly-20191018-rlnr2-3935024321, networkLocation: /default-rack, certSerialId: null} reports an CLOSED replica.
2019-10-18 03:59:16,510 [EventQueue-ContainerReportForContainerReportHandler] WARN  container.ContainerReportHandler (AbstractContainerReportHandler.java:updateContainerState(145)) - Container #1 is in OPEN state, but the datanode 20f566ef-d50a-432c-acfc-b325de8c1be4{ip: 192.168.157.238, host: trunk-nightly-20191018-rlnr2-3935024321, networkLocation: /default-rack, certSerialId: null} reports an CLOSED replica.
2019-10-18 03:59:16,580 [EventQueue-ContainerReportForContainerReportHandler] WARN  container.ContainerReportHandler (AbstractContainerReportHandler.java:updateContainerState(145)) - Container #1 is in OPEN state, but the datanode 04d45094-7136-40c1-bdbb-fee737a34122{ip: 192.168.157.238, host: trunk-nightly-20191018-rlnr2-3935024321, networkLocation: /default-rack, certSerialId: null} reports an CLOSED replica.
2019-10-18 03:59:16,780 [EventQueue-ContainerReportForContainerReportHandler] WARN  container.ContainerReportHandler (AbstractContainerReportHandler.java:updateContainerState(145)) - Container #1 is in OPEN state, but the datanode 04d45094-7136-40c1-bdbb-fee737a34122{ip: 192.168.157.238, host: trunk-nightly-20191018-rlnr2-3935024321, networkLocation: /default-rack, certSerialId: null} reports an CLOSED replica.
2019-10-18 03:59:16,810 [EventQueue-ContainerReportForContainerReportHandler] WARN  container.ContainerReportHandler (AbstractContainerReportHandler.java:updateContainerState(145)) - Container #1 is in OPEN state, but the datanode 20f566ef-d50a-432c-acfc-b325de8c1be4{ip: 192.168.157.238, host: trunk-nightly-20191018-rlnr2-3935024321, networkLocation: /default-rack, certSerialId: null} reports an CLOSED replica.
2019-10-18 03:59:17,011 [EventQueue-ContainerReportForContainerReportHandler] WARN  container.ContainerReportHandler (AbstractContainerReportHandler.java:updateContainerState(145)) - Container #1 is in OPEN state, but the datanode 20f566ef-d50a-432c-acfc-b325de8c1be4{ip: 192.168.157.238, host: trunk-nightly-20191018-rlnr2-3935024321, networkLocation: /default-rack, certSerialId: null} reports an CLOSED replica.
2019-10-18 03:59:17,126 [java.util.concurrent.ThreadPoolExecutor$Worker@48002e7b[State = -1, empty queue]] WARN  server.GrpcLogAppender (GrpcLogAppender.java:timeoutAppendRequest(209)) - 04d45094-7136-40c1-bdbb-fee737a34122@group-03B580E33239->d3e03273-8c79-4c12-9358-0a8612c41dd7-GrpcLogAppender: appendEntries Timeout, request=04d45094-7136-40c1-bdbb-fee737a34122->d3e03273-8c79-4c12-9358-0a8612c41dd7#31-t7, previous=(t:7, i:10), leaderCommit=10, initializing? false, entries: <empty>
2019-10-18 03:59:17,180 [EventQueue-ContainerReportForContainerReportHandler] WARN  container.ContainerReportHandler (AbstractContainerReportHandler.java:updateContainerState(145)) - Container #1 is in OPEN state, but the datanode 04d45094-7136-40c1-bdbb-fee737a34122{ip: 192.168.157.238, host: trunk-nightly-20191018-rlnr2-3935024321, networkLocation: /default-rack, certSerialId: null} reports an CLOSED replica.
2019-10-18 03:59:17,312 [EventQueue-ContainerReportForContainerReportHandler] WARN  container.ContainerReportHandler (AbstractContainerReportHandler.java:updateContainerState(145)) - Container #1 is in OPEN state, but the datanode 20f566ef-d50a-432c-acfc-b325de8c1be4{ip: 192.168.157.238, host: trunk-nightly-20191018-rlnr2-3935024321, networkLocation: /default-rack, certSerialId: null} reports an CLOSED replica.
2019-10-18 03:59:17,364 [BlockDeletingService#2] WARN  background.BlockDeletingService (BlockDeletingService.java:isDeletionAllowed(187)) - Close Container log Index 6 is not replicated across allthe servers in the pipeline defa1269-bd0f-4f76-adbb-03b580e33239 as the min replicated index is 4. Deletion is not allowed in this container yet.
2019-10-18 03:59:17,364 [BlockDeletingService#2] WARN  background.BlockDeletingService (BlockDeletingService.java:isDeletionAllowed(187)) - Close Container log Index 6 is not replicated across allthe servers in the pipeline defa1269-bd0f-4f76-adbb-03b580e33239 as the min replicated index is 4. Deletion is not allowed in this container yet.
2019-10-18 03:59:17,480 [EventQueue-ContainerReportForContainerReportHandler] WARN  container.ContainerReportHandler (AbstractContainerReportHandler.java:updateContainerState(145)) - Container #1 is in OPEN state, but the datanode 04d45094-7136-40c1-bdbb-fee737a34122{ip: 192.168.157.238, host: trunk-nightly-20191018-rlnr2-3935024321, networkLocation: /default-rack, certSerialId: null} reports an CLOSED replica.
2019-10-18 03:59:17,584 [Thread-427] INFO  client.GrpcClientProtocolService (GrpcClientProtocolService.java:lambda$processClientRequest$0(278)) - Failed RaftClientRequest:client-3EDA899B7DA2->04d45094-7136-40c1-bdbb-fee737a34122@group-03B580E33239, cid=10, seq=0, Watch-ALL_COMMITTED(6), Message:<EMPTY>, reply=RaftClientReply:client-3EDA899B7DA2->04d45094-7136-40c1-bdbb-fee737a34122@group-03B580E33239, cid=10, FAILED org.apache.ratis.protocol.NotReplicatedException: Request with call Id 10 and log index 6 is not yet replicated to ALL_COMMITTED, logIndex=6, commits[04d45094-7136-40c1-bdbb-fee737a34122:c10, 20f566ef-d50a-432c-acfc-b325de8c1be4:c10, d3e03273-8c79-4c12-9358-0a8612c41dd7:c4]
2019-10-18 03:59:17,680 [EventQueue-ContainerReportForContainerReportHandler] WARN  container.ContainerReportHandler (AbstractContainerReportHandler.java:updateContainerState(145)) - Container #1 is in OPEN state, but the datanode 04d45094-7136-40c1-bdbb-fee737a34122{ip: 192.168.157.238, host: trunk-nightly-20191018-rlnr2-3935024321, networkLocation: /default-rack, certSerialId: null} reports an CLOSED replica.
2019-10-18 03:59:17,713 [EventQueue-ContainerReportForContainerReportHandler] WARN  container.ContainerReportHandler (AbstractContainerReportHandler.java:updateContainerState(145)) - Container #1 is in OPEN state, but the datanode 20f566ef-d50a-432c-acfc-b325de8c1be4{ip: 192.168.157.238, host: trunk-nightly-20191018-rlnr2-3935024321, networkLocation: /default-rack, certSerialId: null} reports an CLOSED replica.
2019-10-18 03:59:18,081 [EventQueue-ContainerReportForContainerReportHandler] WARN  container.ContainerReportHandler (AbstractContainerReportHandler.java:updateContainerState(145)) - Container #1 is in OPEN state, but the datanode 04d45094-7136-40c1-bdbb-fee737a34122{ip: 192.168.157.238, host: trunk-nightly-20191018-rlnr2-3935024321, networkLocation: /default-rack, certSerialId: null} reports an CLOSED replica.
2019-10-18 03:59:18,113 [EventQueue-ContainerReportForContainerReportHandler] WARN  container.ContainerReportHandler (AbstractContainerReportHandler.java:updateContainerState(145)) - Container #1 is in OPEN state, but the datanode 20f566ef-d50a-432c-acfc-b325de8c1be4{ip: 192.168.157.238, host: trunk-nightly-20191018-rlnr2-3935024321, networkLocation: /default-rack, certSerialId: null} reports an CLOSED replica.
2019-10-18 03:59:18,280 [EventQueue-ContainerReportForContainerReportHandler] WARN  container.ContainerReportHandler (AbstractContainerReportHandler.java:updateContainerState(145)) - Container #1 is in OPEN state, but the datanode 04d45094-7136-40c1-bdbb-fee737a34122{ip: 192.168.157.238, host: trunk-nightly-20191018-rlnr2-3935024321, networkLocation: /default-rack, certSerialId: null} reports an CLOSED replica.
2019-10-18 03:59:18,366 [BlockDeletingService#2] WARN  background.BlockDeletingService (BlockDeletingService.java:isDeletionAllowed(187)) - Close Container log Index 6 is not replicated across allthe servers in the pipeline defa1269-bd0f-4f76-adbb-03b580e33239 as the min replicated index is 4. Deletion is not allowed in this container yet.
2019-10-18 03:59:18,367 [BlockDeletingService#2] WARN  background.BlockDeletingService (BlockDeletingService.java:isDeletionAllowed(187)) - Close Container log Index 6 is not replicated across allthe servers in the pipeline defa1269-bd0f-4f76-adbb-03b580e33239 as the min replicated index is 4. Deletion is not allowed in this container yet.
2019-10-18 03:59:18,515 [EventQueue-ContainerReportForContainerReportHandler] WARN  container.ContainerReportHandler (AbstractContainerReportHandler.java:updateContainerState(145)) - Container #1 is in OPEN state, but the datanode 20f566ef-d50a-432c-acfc-b325de8c1be4{ip: 192.168.157.238, host: trunk-nightly-20191018-rlnr2-3935024321, networkLocation: /default-rack, certSerialId: null} reports an CLOSED replica.
2019-10-18 03:59:18,580 [EventQueue-ContainerReportForContainerReportHandler] WARN  container.ContainerReportHandler (AbstractContainerReportHandler.java:updateContainerState(145)) - Container #1 is in OPEN state, but the datanode 04d45094-7136-40c1-bdbb-fee737a34122{ip: 192.168.157.238, host: trunk-nightly-20191018-rlnr2-3935024321, networkLocation: /default-rack, certSerialId: null} reports an CLOSED replica.
2019-10-18 03:59:18,781 [EventQueue-ContainerReportForContainerReportHandler] WARN  container.ContainerReportHandler (AbstractContainerReportHandler.java:updateContainerState(145)) - Container #1 is in OPEN state, but the datanode 04d45094-7136-40c1-bdbb-fee737a34122{ip: 192.168.157.238, host: trunk-nightly-20191018-rlnr2-3935024321, networkLocation: /default-rack, certSerialId: null} reports an CLOSED replica.
2019-10-18 03:59:18,814 [EventQueue-ContainerReportForContainerReportHandler] WARN  container.ContainerReportHandler (AbstractContainerReportHandler.java:updateContainerState(145)) - Container #1 is in OPEN state, but the datanode 20f566ef-d50a-432c-acfc-b325de8c1be4{ip: 192.168.157.238, host: trunk-nightly-20191018-rlnr2-3935024321, networkLocation: /default-rack, certSerialId: null} reports an CLOSED replica.
2019-10-18 03:59:19,115 [EventQueue-ContainerReportForContainerReportHandler] WARN  container.ContainerReportHandler (AbstractContainerReportHandler.java:updateContainerState(145)) - Container #1 is in OPEN state, but the datanode 20f566ef-d50a-432c-acfc-b325de8c1be4{ip: 192.168.157.238, host: trunk-nightly-20191018-rlnr2-3935024321, networkLocation: /default-rack, certSerialId: null} reports an CLOSED replica.
2019-10-18 03:59:19,182 [EventQueue-ContainerReportForContainerReportHandler] WARN  container.ContainerReportHandler (AbstractContainerReportHandler.java:updateContainerState(145)) - Container #1 is in OPEN state, but the datanode 04d45094-7136-40c1-bdbb-fee737a34122{ip: 192.168.157.238, host: trunk-nightly-20191018-rlnr2-3935024321, networkLocation: /default-rack, certSerialId: null} reports an CLOSED replica.
2019-10-18 03:59:19,373 [BlockDeletingService#2] WARN  background.BlockDeletingService (BlockDeletingService.java:isDeletionAllowed(187)) - Close Container log Index 6 is not replicated across allthe servers in the pipeline defa1269-bd0f-4f76-adbb-03b580e33239 as the min replicated index is 4. Deletion is not allowed in this container yet.
2019-10-18 03:59:19,373 [BlockDeletingService#2] WARN  background.BlockDeletingService (BlockDeletingService.java:isDeletionAllowed(187)) - Close Container log Index 6 is not replicated across allthe servers in the pipeline defa1269-bd0f-4f76-adbb-03b580e33239 as the min replicated index is 4. Deletion is not allowed in this container yet.
2019-10-18 03:59:19,415 [EventQueue-ContainerReportForContainerReportHandler] WARN  container.ContainerReportHandler (AbstractContainerReportHandler.java:updateContainerState(145)) - Container #1 is in OPEN state, but the datanode 20f566ef-d50a-432c-acfc-b325de8c1be4{ip: 192.168.157.238, host: trunk-nightly-20191018-rlnr2-3935024321, networkLocation: /default-rack, certSerialId: null} reports an CLOSED replica.
2019-10-18 03:59:19,582 [EventQueue-ContainerReportForContainerReportHandler] WARN  container.ContainerReportHandler (AbstractContainerReportHandler.java:updateContainerState(145)) - Container #1 is in OPEN state, but the datanode 04d45094-7136-40c1-bdbb-fee737a34122{ip: 192.168.157.238, host: trunk-nightly-20191018-rlnr2-3935024321, networkLocation: /default-rack, certSerialId: null} reports an CLOSED replica.
2019-10-18 03:59:19,615 [EventQueue-ContainerReportForContainerReportHandler] WARN  container.ContainerReportHandler (AbstractContainerReportHandler.java:updateContainerState(145)) - Container #1 is in OPEN state, but the datanode 20f566ef-d50a-432c-acfc-b325de8c1be4{ip: 192.168.157.238, host: trunk-nightly-20191018-rlnr2-3935024321, networkLocation: /default-rack, certSerialId: null} reports an CLOSED replica.
2019-10-18 03:59:19,626 [java.util.concurrent.ThreadPoolExecutor$Worker@48002e7b[State = -1, empty queue]] WARN  server.GrpcLogAppender (GrpcLogAppender.java:timeoutAppendRequest(209)) - 04d45094-7136-40c1-bdbb-fee737a34122@group-03B580E33239->d3e03273-8c79-4c12-9358-0a8612c41dd7-GrpcLogAppender: appendEntries Timeout, request=04d45094-7136-40c1-bdbb-fee737a34122->d3e03273-8c79-4c12-9358-0a8612c41dd7#32-t7, previous=(t:7, i:10), leaderCommit=10, initializing? false, entries: <empty>
2019-10-18 03:59:19,783 [EventQueue-ContainerReportForContainerReportHandler] WARN  container.ContainerReportHandler (AbstractContainerReportHandler.java:updateContainerState(145)) - Container #1 is in OPEN state, but the datanode 04d45094-7136-40c1-bdbb-fee737a34122{ip: 192.168.157.238, host: trunk-nightly-20191018-rlnr2-3935024321, networkLocation: /default-rack, certSerialId: null} reports an CLOSED replica.
2019-10-18 03:59:19,915 [EventQueue-ContainerReportForContainerReportHandler] WARN  container.ContainerReportHandler (AbstractContainerReportHandler.java:updateContainerState(145)) - Container #1 is in OPEN state, but the datanode 20f566ef-d50a-432c-acfc-b325de8c1be4{ip: 192.168.157.238, host: trunk-nightly-20191018-rlnr2-3935024321, networkLocation: /default-rack, certSerialId: null} reports an CLOSED replica.
2019-10-18 03:59:20,082 [EventQueue-ContainerReportForContainerReportHandler] WARN  container.ContainerReportHandler (AbstractContainerReportHandler.java:updateContainerState(145)) - Container #1 is in OPEN state, but the datanode 04d45094-7136-40c1-bdbb-fee737a34122{ip: 192.168.157.238, host: trunk-nightly-20191018-rlnr2-3935024321, networkLocation: /default-rack, certSerialId: null} reports an CLOSED replica.
2019-10-18 03:59:20,215 [EventQueue-ContainerReportForContainerReportHandler] WARN  container.ContainerReportHandler (AbstractContainerReportHandler.java:updateContainerState(145)) - Container #1 is in OPEN state, but the datanode 20f566ef-d50a-432c-acfc-b325de8c1be4{ip: 192.168.157.238, host: trunk-nightly-20191018-rlnr2-3935024321, networkLocation: /default-rack, certSerialId: null} reports an CLOSED replica.
2019-10-18 03:59:20,375 [BlockDeletingService#2] WARN  background.BlockDeletingService (BlockDeletingService.java:isDeletionAllowed(187)) - Close Container log Index 6 is not replicated across allthe servers in the pipeline defa1269-bd0f-4f76-adbb-03b580e33239 as the min replicated index is 4. Deletion is not allowed in this container yet.
2019-10-18 03:59:20,375 [BlockDeletingService#2] WARN  background.BlockDeletingService (BlockDeletingService.java:isDeletionAllowed(187)) - Close Container log Index 6 is not replicated across allthe servers in the pipeline defa1269-bd0f-4f76-adbb-03b580e33239 as the min replicated index is 4. Deletion is not allowed in this container yet.
2019-10-18 03:59:20,382 [EventQueue-ContainerReportForContainerReportHandler] WARN  container.ContainerReportHandler (AbstractContainerReportHandler.java:updateContainerState(145)) - Container #1 is in OPEN state, but the datanode 04d45094-7136-40c1-bdbb-fee737a34122{ip: 192.168.157.238, host: trunk-nightly-20191018-rlnr2-3935024321, networkLocation: /default-rack, certSerialId: null} reports an CLOSED replica.
2019-10-18 03:59:20,516 [EventQueue-ContainerReportForContainerReportHandler] WARN  container.ContainerReportHandler (AbstractContainerReportHandler.java:updateContainerState(145)) - Container #1 is in OPEN state, but the datanode 20f566ef-d50a-432c-acfc-b325de8c1be4{ip: 192.168.157.238, host: trunk-nightly-20191018-rlnr2-3935024321, networkLocation: /default-rack, certSerialId: null} reports an CLOSED replica.
2019-10-18 03:59:20,582 [EventQueue-ContainerReportForContainerReportHandler] WARN  container.ContainerReportHandler (AbstractContainerReportHandler.java:updateContainerState(145)) - Container #1 is in OPEN state, but the datanode 04d45094-7136-40c1-bdbb-fee737a34122{ip: 192.168.157.238, host: trunk-nightly-20191018-rlnr2-3935024321, networkLocation: /default-rack, certSerialId: null} reports an CLOSED replica.
2019-10-18 03:59:20,717 [EventQueue-ContainerReportForContainerReportHandler] WARN  container.ContainerReportHandler (AbstractContainerReportHandler.java:updateContainerState(145)) - Container #1 is in OPEN state, but the datanode 20f566ef-d50a-432c-acfc-b325de8c1be4{ip: 192.168.157.238, host: trunk-nightly-20191018-rlnr2-3935024321, networkLocation: /default-rack, certSerialId: null} reports an CLOSED replica.
2019-10-18 03:59:20,782 [EventQueue-ContainerReportForContainerReportHandler] WARN  container.ContainerReportHandler (AbstractContainerReportHandler.java:updateContainerState(145)) - Container #1 is in OPEN state, but the datanode 04d45094-7136-40c1-bdbb-fee737a34122{ip: 192.168.157.238, host: trunk-nightly-20191018-rlnr2-3935024321, networkLocation: /default-rack, certSerialId: null} reports an CLOSED replica.
2019-10-18 03:59:21,119 [EventQueue-ContainerReportForContainerReportHandler] WARN  container.ContainerReportHandler (AbstractContainerReportHandler.java:updateContainerState(145)) - Container #1 is in OPEN state, but the datanode 20f566ef-d50a-432c-acfc-b325de8c1be4{ip: 192.168.157.238, host: trunk-nightly-20191018-rlnr2-3935024321, networkLocation: /default-rack, certSerialId: null} reports an CLOSED replica.
2019-10-18 03:59:21,182 [EventQueue-ContainerReportForContainerReportHandler] WARN  container.ContainerReportHandler (AbstractContainerReportHandler.java:updateContainerState(145)) - Container #1 is in OPEN state, but the datanode 04d45094-7136-40c1-bdbb-fee737a34122{ip: 192.168.157.238, host: trunk-nightly-20191018-rlnr2-3935024321, networkLocation: /default-rack, certSerialId: null} reports an CLOSED replica.
2019-10-18 03:59:21,377 [BlockDeletingService#2] WARN  background.BlockDeletingService (BlockDeletingService.java:isDeletionAllowed(187)) - Close Container log Index 6 is not replicated across allthe servers in the pipeline defa1269-bd0f-4f76-adbb-03b580e33239 as the min replicated index is 4. Deletion is not allowed in this container yet.
2019-10-18 03:59:21,377 [BlockDeletingService#2] WARN  background.BlockDeletingService (BlockDeletingService.java:isDeletionAllowed(187)) - Close Container log Index 6 is not replicated across allthe servers in the pipeline defa1269-bd0f-4f76-adbb-03b580e33239 as the min replicated index is 4. Deletion is not allowed in this container yet.
2019-10-18 03:59:21,383 [EventQueue-ContainerReportForContainerReportHandler] WARN  container.ContainerReportHandler (AbstractContainerReportHandler.java:updateContainerState(145)) - Container #1 is in OPEN state, but the datanode 04d45094-7136-40c1-bdbb-fee737a34122{ip: 192.168.157.238, host: trunk-nightly-20191018-rlnr2-3935024321, networkLocation: /default-rack, certSerialId: null} reports an CLOSED replica.
2019-10-18 03:59:21,419 [EventQueue-ContainerReportForContainerReportHandler] WARN  container.ContainerReportHandler (AbstractContainerReportHandler.java:updateContainerState(145)) - Container #1 is in OPEN state, but the datanode 20f566ef-d50a-432c-acfc-b325de8c1be4{ip: 192.168.157.238, host: trunk-nightly-20191018-rlnr2-3935024321, networkLocation: /default-rack, certSerialId: null} reports an CLOSED replica.
2019-10-18 03:59:21,683 [EventQueue-ContainerReportForContainerReportHandler] WARN  container.ContainerReportHandler (AbstractContainerReportHandler.java:updateContainerState(145)) - Container #1 is in OPEN state, but the datanode 04d45094-7136-40c1-bdbb-fee737a34122{ip: 192.168.157.238, host: trunk-nightly-20191018-rlnr2-3935024321, networkLocation: /default-rack, certSerialId: null} reports an CLOSED replica.
2019-10-18 03:59:21,719 [EventQueue-ContainerReportForContainerReportHandler] WARN  container.ContainerReportHandler (AbstractContainerReportHandler.java:updateContainerState(145)) - Container #1 is in OPEN state, but the datanode 20f566ef-d50a-432c-acfc-b325de8c1be4{ip: 192.168.157.238, host: trunk-nightly-20191018-rlnr2-3935024321, networkLocation: /default-rack, certSerialId: null} reports an CLOSED replica.
2019-10-18 03:59:21,983 [EventQueue-ContainerReportForContainerReportHandler] WARN  container.ContainerReportHandler (AbstractContainerReportHandler.java:updateContainerState(145)) - Container #1 is in OPEN state, but the datanode 04d45094-7136-40c1-bdbb-fee737a34122{ip: 192.168.157.238, host: trunk-nightly-20191018-rlnr2-3935024321, networkLocation: /default-rack, certSerialId: null} reports an CLOSED replica.
2019-10-18 03:59:22,119 [EventQueue-ContainerReportForContainerReportHandler] WARN  container.ContainerReportHandler (AbstractContainerReportHandler.java:updateContainerState(145)) - Container #1 is in OPEN state, but the datanode 20f566ef-d50a-432c-acfc-b325de8c1be4{ip: 192.168.157.238, host: trunk-nightly-20191018-rlnr2-3935024321, networkLocation: /default-rack, certSerialId: null} reports an CLOSED replica.
2019-10-18 03:59:22,129 [java.util.concurrent.ThreadPoolExecutor$Worker@48002e7b[State = -1, empty queue]] WARN  server.GrpcLogAppender (GrpcLogAppender.java:timeoutAppendRequest(209)) - 04d45094-7136-40c1-bdbb-fee737a34122@group-03B580E33239->d3e03273-8c79-4c12-9358-0a8612c41dd7-GrpcLogAppender: appendEntries Timeout, request=04d45094-7136-40c1-bdbb-fee737a34122->d3e03273-8c79-4c12-9358-0a8612c41dd7#33-t7, previous=(t:7, i:10), leaderCommit=10, initializing? false, entries: <empty>
2019-10-18 03:59:22,284 [EventQueue-ContainerReportForContainerReportHandler] WARN  container.ContainerReportHandler (AbstractContainerReportHandler.java:updateContainerState(145)) - Container #1 is in OPEN state, but the datanode 04d45094-7136-40c1-bdbb-fee737a34122{ip: 192.168.157.238, host: trunk-nightly-20191018-rlnr2-3935024321, networkLocation: /default-rack, certSerialId: null} reports an CLOSED replica.
2019-10-18 03:59:22,378 [BlockDeletingService#2] WARN  background.BlockDeletingService (BlockDeletingService.java:isDeletionAllowed(187)) - Close Container log Index 6 is not replicated across allthe servers in the pipeline defa1269-bd0f-4f76-adbb-03b580e33239 as the min replicated index is 4. Deletion is not allowed in this container yet.
2019-10-18 03:59:22,378 [BlockDeletingService#2] WARN  background.BlockDeletingService (BlockDeletingService.java:isDeletionAllowed(187)) - Close Container log Index 6 is not replicated across allthe servers in the pipeline defa1269-bd0f-4f76-adbb-03b580e33239 as the min replicated index is 4. Deletion is not allowed in this container yet.
2019-10-18 03:59:22,419 [EventQueue-ContainerReportForContainerReportHandler] WARN  container.ContainerReportHandler (AbstractContainerReportHandler.java:updateContainerState(145)) - Container #1 is in OPEN state, but the datanode 20f566ef-d50a-432c-acfc-b325de8c1be4{ip: 192.168.157.238, host: trunk-nightly-20191018-rlnr2-3935024321, networkLocation: /default-rack, certSerialId: null} reports an CLOSED replica.
2019-10-18 03:59:22,585 [EventQueue-ContainerReportForContainerReportHandler] WARN  container.ContainerReportHandler (AbstractContainerReportHandler.java:updateContainerState(145)) - Container #1 is in OPEN state, but the datanode 04d45094-7136-40c1-bdbb-fee737a34122{ip: 192.168.157.238, host: trunk-nightly-20191018-rlnr2-3935024321, networkLocation: /default-rack, certSerialId: null} reports an CLOSED replica.
2019-10-18 03:59:22,720 [EventQueue-ContainerReportForContainerReportHandler] WARN  container.ContainerReportHandler (AbstractContainerReportHandler.java:updateContainerState(145)) - Container #1 is in OPEN state, but the datanode 20f566ef-d50a-432c-acfc-b325de8c1be4{ip: 192.168.157.238, host: trunk-nightly-20191018-rlnr2-3935024321, networkLocation: /default-rack, certSerialId: null} reports an CLOSED replica.
2019-10-18 03:59:22,984 [EventQueue-ContainerReportForContainerReportHandler] WARN  container.ContainerReportHandler (AbstractContainerReportHandler.java:updateContainerState(145)) - Container #1 is in OPEN state, but the datanode 04d45094-7136-40c1-bdbb-fee737a34122{ip: 192.168.157.238, host: trunk-nightly-20191018-rlnr2-3935024321, networkLocation: /default-rack, certSerialId: null} reports an CLOSED replica.
2019-10-18 03:59:23,020 [EventQueue-ContainerReportForContainerReportHandler] WARN  container.ContainerReportHandler (AbstractContainerReportHandler.java:updateContainerState(145)) - Container #1 is in OPEN state, but the datanode 20f566ef-d50a-432c-acfc-b325de8c1be4{ip: 192.168.157.238, host: trunk-nightly-20191018-rlnr2-3935024321, networkLocation: /default-rack, certSerialId: null} reports an CLOSED replica.
2019-10-18 03:59:23,284 [EventQueue-ContainerReportForContainerReportHandler] WARN  container.ContainerReportHandler (AbstractContainerReportHandler.java:updateContainerState(145)) - Container #1 is in OPEN state, but the datanode 04d45094-7136-40c1-bdbb-fee737a34122{ip: 192.168.157.238, host: trunk-nightly-20191018-rlnr2-3935024321, networkLocation: /default-rack, certSerialId: null} reports an CLOSED replica.
2019-10-18 03:59:23,380 [BlockDeletingService#2] WARN  background.BlockDeletingService (BlockDeletingService.java:isDeletionAllowed(187)) - Close Container log Index 6 is not replicated across allthe servers in the pipeline defa1269-bd0f-4f76-adbb-03b580e33239 as the min replicated index is 4. Deletion is not allowed in this container yet.
2019-10-18 03:59:23,380 [BlockDeletingService#2] WARN  background.BlockDeletingService (BlockDeletingService.java:isDeletionAllowed(187)) - Close Container log Index 6 is not replicated across allthe servers in the pipeline defa1269-bd0f-4f76-adbb-03b580e33239 as the min replicated index is 4. Deletion is not allowed in this container yet.
2019-10-18 03:59:23,420 [EventQueue-ContainerReportForContainerReportHandler] WARN  container.ContainerReportHandler (AbstractContainerReportHandler.java:updateContainerState(145)) - Container #1 is in OPEN state, but the datanode 20f566ef-d50a-432c-acfc-b325de8c1be4{ip: 192.168.157.238, host: trunk-nightly-20191018-rlnr2-3935024321, networkLocation: /default-rack, certSerialId: null} reports an CLOSED replica.
2019-10-18 03:59:23,684 [EventQueue-ContainerReportForContainerReportHandler] WARN  container.ContainerReportHandler (AbstractContainerReportHandler.java:updateContainerState(145)) - Container #1 is in OPEN state, but the datanode 04d45094-7136-40c1-bdbb-fee737a34122{ip: 192.168.157.238, host: trunk-nightly-20191018-rlnr2-3935024321, networkLocation: /default-rack, certSerialId: null} reports an CLOSED replica.
2019-10-18 03:59:23,721 [EventQueue-ContainerReportForContainerReportHandler] WARN  container.ContainerReportHandler (AbstractContainerReportHandler.java:updateContainerState(145)) - Container #1 is in OPEN state, but the datanode 20f566ef-d50a-432c-acfc-b325de8c1be4{ip: 192.168.157.238, host: trunk-nightly-20191018-rlnr2-3935024321, networkLocation: /default-rack, certSerialId: null} reports an CLOSED replica.
2019-10-18 03:59:23,884 [EventQueue-ContainerReportForContainerReportHandler] WARN  container.ContainerReportHandler (AbstractContainerReportHandler.java:updateContainerState(145)) - Container #1 is in OPEN state, but the datanode 04d45094-7136-40c1-bdbb-fee737a34122{ip: 192.168.157.238, host: trunk-nightly-20191018-rlnr2-3935024321, networkLocation: /default-rack, certSerialId: null} reports an CLOSED replica.
2019-10-18 03:59:24,020 [EventQueue-ContainerReportForContainerReportHandler] WARN  container.ContainerReportHandler (AbstractContainerReportHandler.java:updateContainerState(145)) - Container #1 is in OPEN state, but the datanode 20f566ef-d50a-432c-acfc-b325de8c1be4{ip: 192.168.157.238, host: trunk-nightly-20191018-rlnr2-3935024321, networkLocation: /default-rack, certSerialId: null} reports an CLOSED replica.
2019-10-18 03:59:24,220 [EventQueue-ContainerReportForContainerReportHandler] WARN  container.ContainerReportHandler (AbstractContainerReportHandler.java:updateContainerState(145)) - Container #1 is in OPEN state, but the datanode 20f566ef-d50a-432c-acfc-b325de8c1be4{ip: 192.168.157.238, host: trunk-nightly-20191018-rlnr2-3935024321, networkLocation: /default-rack, certSerialId: null} reports an CLOSED replica.
2019-10-18 03:59:24,284 [EventQueue-ContainerReportForContainerReportHandler] WARN  container.ContainerReportHandler (AbstractContainerReportHandler.java:updateContainerState(145)) - Container #1 is in OPEN state, but the datanode 04d45094-7136-40c1-bdbb-fee737a34122{ip: 192.168.157.238, host: trunk-nightly-20191018-rlnr2-3935024321, networkLocation: /default-rack, certSerialId: null} reports an CLOSED replica.
2019-10-18 03:59:24,382 [BlockDeletingService#2] WARN  background.BlockDeletingService (BlockDeletingService.java:isDeletionAllowed(187)) - Close Container log Index 6 is not replicated across allthe servers in the pipeline defa1269-bd0f-4f76-adbb-03b580e33239 as the min replicated index is 4. Deletion is not allowed in this container yet.
2019-10-18 03:59:24,382 [BlockDeletingService#2] WARN  background.BlockDeletingService (BlockDeletingService.java:isDeletionAllowed(187)) - Close Container log Index 6 is not replicated across allthe servers in the pipeline defa1269-bd0f-4f76-adbb-03b580e33239 as the min replicated index is 4. Deletion is not allowed in this container yet.
2019-10-18 03:59:24,484 [EventQueue-ContainerReportForContainerReportHandler] WARN  container.ContainerReportHandler (AbstractContainerReportHandler.java:updateContainerState(145)) - Container #1 is in OPEN state, but the datanode 04d45094-7136-40c1-bdbb-fee737a34122{ip: 192.168.157.238, host: trunk-nightly-20191018-rlnr2-3935024321, networkLocation: /default-rack, certSerialId: null} reports an CLOSED replica.
2019-10-18 03:59:24,621 [EventQueue-ContainerReportForContainerReportHandler] WARN  container.ContainerReportHandler (AbstractContainerReportHandler.java:updateContainerState(145)) - Container #1 is in OPEN state, but the datanode 20f566ef-d50a-432c-acfc-b325de8c1be4{ip: 192.168.157.238, host: trunk-nightly-20191018-rlnr2-3935024321, networkLocation: /default-rack, certSerialId: null} reports an CLOSED replica.
2019-10-18 03:59:24,630 [java.util.concurrent.ThreadPoolExecutor$Worker@48002e7b[State = -1, empty queue]] WARN  server.GrpcLogAppender (GrpcLogAppender.java:timeoutAppendRequest(209)) - 04d45094-7136-40c1-bdbb-fee737a34122@group-03B580E33239->d3e03273-8c79-4c12-9358-0a8612c41dd7-GrpcLogAppender: appendEntries Timeout, request=04d45094-7136-40c1-bdbb-fee737a34122->d3e03273-8c79-4c12-9358-0a8612c41dd7#34-t7, previous=(t:7, i:10), leaderCommit=10, initializing? false, entries: <empty>
2019-10-18 03:59:24,886 [EventQueue-ContainerReportForContainerReportHandler] WARN  container.ContainerReportHandler (AbstractContainerReportHandler.java:updateContainerState(145)) - Container #1 is in OPEN state, but the datanode 04d45094-7136-40c1-bdbb-fee737a34122{ip: 192.168.157.238, host: trunk-nightly-20191018-rlnr2-3935024321, networkLocation: /default-rack, certSerialId: null} reports an CLOSED replica.
2019-10-18 03:59:24,921 [EventQueue-ContainerReportForContainerReportHandler] WARN  container.ContainerReportHandler (AbstractContainerReportHandler.java:updateContainerState(145)) - Container #1 is in OPEN state, but the datanode 20f566ef-d50a-432c-acfc-b325de8c1be4{ip: 192.168.157.238, host: trunk-nightly-20191018-rlnr2-3935024321, networkLocation: /default-rack, certSerialId: null} reports an CLOSED replica.
2019-10-18 03:59:25,085 [EventQueue-ContainerReportForContainerReportHandler] WARN  container.ContainerReportHandler (AbstractContainerReportHandler.java:updateContainerState(145)) - Container #1 is in OPEN state, but the datanode 04d45094-7136-40c1-bdbb-fee737a34122{ip: 192.168.157.238, host: trunk-nightly-20191018-rlnr2-3935024321, networkLocation: /default-rack, certSerialId: null} reports an CLOSED replica.
2019-10-18 03:59:25,122 [EventQueue-ContainerReportForContainerReportHandler] WARN  container.ContainerReportHandler (AbstractContainerReportHandler.java:updateContainerState(145)) - Container #1 is in OPEN state, but the datanode 20f566ef-d50a-432c-acfc-b325de8c1be4{ip: 192.168.157.238, host: trunk-nightly-20191018-rlnr2-3935024321, networkLocation: /default-rack, certSerialId: null} reports an CLOSED replica.
2019-10-18 03:59:25,385 [EventQueue-ContainerReportForContainerReportHandler] WARN  container.ContainerReportHandler (AbstractContainerReportHandler.java:updateContainerState(145)) - Container #1 is in OPEN state, but the datanode 04d45094-7136-40c1-bdbb-fee737a34122{ip: 192.168.157.238, host: trunk-nightly-20191018-rlnr2-3935024321, networkLocation: /default-rack, certSerialId: null} reports an CLOSED replica.
2019-10-18 03:59:25,385 [BlockDeletingService#2] WARN  background.BlockDeletingService (BlockDeletingService.java:isDeletionAllowed(187)) - Close Container log Index 6 is not replicated across allthe servers in the pipeline defa1269-bd0f-4f76-adbb-03b580e33239 as the min replicated index is 4. Deletion is not allowed in this container yet.
2019-10-18 03:59:25,385 [BlockDeletingService#2] WARN  background.BlockDeletingService (BlockDeletingService.java:isDeletionAllowed(187)) - Close Container log Index 6 is not replicated across allthe servers in the pipeline defa1269-bd0f-4f76-adbb-03b580e33239 as the min replicated index is 4. Deletion is not allowed in this container yet.
2019-10-18 03:59:25,422 [EventQueue-ContainerReportForContainerReportHandler] WARN  container.ContainerReportHandler (AbstractContainerReportHandler.java:updateContainerState(145)) - Container #1 is in OPEN state, but the datanode 20f566ef-d50a-432c-acfc-b325de8c1be4{ip: 192.168.157.238, host: trunk-nightly-20191018-rlnr2-3935024321, networkLocation: /default-rack, certSerialId: null} reports an CLOSED replica.
2019-10-18 03:59:25,685 [EventQueue-ContainerReportForContainerReportHandler] WARN  container.ContainerReportHandler (AbstractContainerReportHandler.java:updateContainerState(145)) - Container #1 is in OPEN state, but the datanode 04d45094-7136-40c1-bdbb-fee737a34122{ip: 192.168.157.238, host: trunk-nightly-20191018-rlnr2-3935024321, networkLocation: /default-rack, certSerialId: null} reports an CLOSED replica.
2019-10-18 03:59:25,722 [EventQueue-ContainerReportForContainerReportHandler] WARN  container.ContainerReportHandler (AbstractContainerReportHandler.java:updateContainerState(145)) - Container #1 is in OPEN state, but the datanode 20f566ef-d50a-432c-acfc-b325de8c1be4{ip: 192.168.157.238, host: trunk-nightly-20191018-rlnr2-3935024321, networkLocation: /default-rack, certSerialId: null} reports an CLOSED replica.
2019-10-18 03:59:26,086 [EventQueue-ContainerReportForContainerReportHandler] WARN  container.ContainerReportHandler (AbstractContainerReportHandler.java:updateContainerState(145)) - Container #1 is in OPEN state, but the datanode 04d45094-7136-40c1-bdbb-fee737a34122{ip: 192.168.157.238, host: trunk-nightly-20191018-rlnr2-3935024321, networkLocation: /default-rack, certSerialId: null} reports an CLOSED replica.
2019-10-18 03:59:26,122 [EventQueue-ContainerReportForContainerReportHandler] WARN  container.ContainerReportHandler (AbstractContainerReportHandler.java:updateContainerState(145)) - Container #1 is in OPEN state, but the datanode 20f566ef-d50a-432c-acfc-b325de8c1be4{ip: 192.168.157.238, host: trunk-nightly-20191018-rlnr2-3935024321, networkLocation: /default-rack, certSerialId: null} reports an CLOSED replica.
2019-10-18 03:59:26,173 [Thread-449] INFO  client.GrpcClientProtocolService (GrpcClientProtocolService.java:lambda$processClientRequest$0(278)) - Failed RaftClientRequest:client-3EDA899B7DA2->20f566ef-d50a-432c-acfc-b325de8c1be4@group-03B580E33239, cid=10, seq=0, Watch-ALL_COMMITTED(6), Message:<EMPTY>, reply=RaftClientReply:client-3EDA899B7DA2->20f566ef-d50a-432c-acfc-b325de8c1be4@group-03B580E33239, cid=10, FAILED org.apache.ratis.protocol.NotLeaderException: Server 20f566ef-d50a-432c-acfc-b325de8c1be4@group-03B580E33239 is not the leader 04d45094-7136-40c1-bdbb-fee737a34122:192.168.157.238:41949, logIndex=0, commits[20f566ef-d50a-432c-acfc-b325de8c1be4:c10, d3e03273-8c79-4c12-9358-0a8612c41dd7:c4, 04d45094-7136-40c1-bdbb-fee737a34122:c10]
2019-10-18 03:59:26,287 [EventQueue-ContainerReportForContainerReportHandler] WARN  container.ContainerReportHandler (AbstractContainerReportHandler.java:updateContainerState(145)) - Container #1 is in OPEN state, but the datanode 04d45094-7136-40c1-bdbb-fee737a34122{ip: 192.168.157.238, host: trunk-nightly-20191018-rlnr2-3935024321, networkLocation: /default-rack, certSerialId: null} reports an CLOSED replica.
2019-10-18 03:59:26,388 [BlockDeletingService#2] WARN  background.BlockDeletingService (BlockDeletingService.java:isDeletionAllowed(187)) - Close Container log Index 6 is not replicated across allthe servers in the pipeline defa1269-bd0f-4f76-adbb-03b580e33239 as the min replicated index is 4. Deletion is not allowed in this container yet.
2019-10-18 03:59:26,389 [BlockDeletingService#2] WARN  background.BlockDeletingService (BlockDeletingService.java:isDeletionAllowed(187)) - Close Container log Index 6 is not replicated across allthe servers in the pipeline defa1269-bd0f-4f76-adbb-03b580e33239 as the min replicated index is 4. Deletion is not allowed in this container yet.
2019-10-18 03:59:26,422 [EventQueue-ContainerReportForContainerReportHandler] WARN  container.ContainerReportHandler (AbstractContainerReportHandler.java:updateContainerState(145)) - Container #1 is in OPEN state, but the datanode 20f566ef-d50a-432c-acfc-b325de8c1be4{ip: 192.168.157.238, host: trunk-nightly-20191018-rlnr2-3935024321, networkLocation: /default-rack, certSerialId: null} reports an CLOSED replica.
2019-10-18 03:59:26,687 [EventQueue-ContainerReportForContainerReportHandler] WARN  container.ContainerReportHandler (AbstractContainerReportHandler.java:updateContainerState(145)) - Container #1 is in OPEN state, but the datanode 04d45094-7136-40c1-bdbb-fee737a34122{ip: 192.168.157.238, host: trunk-nightly-20191018-rlnr2-3935024321, networkLocation: /default-rack, certSerialId: null} reports an CLOSED replica.
2019-10-18 03:59:26,824 [EventQueue-ContainerReportForContainerReportHandler] WARN  container.ContainerReportHandler (AbstractContainerReportHandler.java:updateContainerState(145)) - Container #1 is in OPEN state, but the datanode 20f566ef-d50a-432c-acfc-b325de8c1be4{ip: 192.168.157.238, host: trunk-nightly-20191018-rlnr2-3935024321, networkLocation: /default-rack, certSerialId: null} reports an CLOSED replica.
2019-10-18 03:59:26,988 [EventQueue-ContainerReportForContainerReportHandler] WARN  container.ContainerReportHandler (AbstractContainerReportHandler.java:updateContainerState(145)) - Container #1 is in OPEN state, but the datanode 04d45094-7136-40c1-bdbb-fee737a34122{ip: 192.168.157.238, host: trunk-nightly-20191018-rlnr2-3935024321, networkLocation: /default-rack, certSerialId: null} reports an CLOSED replica.
2019-10-18 03:59:27,125 [EventQueue-ContainerReportForContainerReportHandler] WARN  container.ContainerReportHandler (AbstractContainerReportHandler.java:updateContainerState(145)) - Container #1 is in OPEN state, but the datanode 20f566ef-d50a-432c-acfc-b325de8c1be4{ip: 192.168.157.238, host: trunk-nightly-20191018-rlnr2-3935024321, networkLocation: /default-rack, certSerialId: null} reports an CLOSED replica.
2019-10-18 03:59:27,132 [java.util.concurrent.ThreadPoolExecutor$Worker@48002e7b[State = -1, empty queue]] WARN  server.GrpcLogAppender (GrpcLogAppender.java:timeoutAppendRequest(209)) - 04d45094-7136-40c1-bdbb-fee737a34122@group-03B580E33239->d3e03273-8c79-4c12-9358-0a8612c41dd7-GrpcLogAppender: appendEntries Timeout, request=04d45094-7136-40c1-bdbb-fee737a34122->d3e03273-8c79-4c12-9358-0a8612c41dd7#35-t7, previous=(t:7, i:10), leaderCommit=10, initializing? false, entries: <empty>
2019-10-18 03:59:27,288 [EventQueue-ContainerReportForContainerReportHandler] WARN  container.ContainerReportHandler (AbstractContainerReportHandler.java:updateContainerState(145)) - Container #1 is in OPEN state, but the datanode 04d45094-7136-40c1-bdbb-fee737a34122{ip: 192.168.157.238, host: trunk-nightly-20191018-rlnr2-3935024321, networkLocation: /default-rack, certSerialId: null} reports an CLOSED replica.
2019-10-18 03:59:27,324 [EventQueue-ContainerReportForContainerReportHandler] WARN  container.ContainerReportHandler (AbstractContainerReportHandler.java:updateContainerState(145)) - Container #1 is in OPEN state, but the datanode 20f566ef-d50a-432c-acfc-b325de8c1be4{ip: 192.168.157.238, host: trunk-nightly-20191018-rlnr2-3935024321, networkLocation: /default-rack, certSerialId: null} reports an CLOSED replica.
2019-10-18 03:59:27,393 [BlockDeletingService#2] WARN  background.BlockDeletingService (BlockDeletingService.java:isDeletionAllowed(187)) - Close Container log Index 6 is not replicated across allthe servers in the pipeline defa1269-bd0f-4f76-adbb-03b580e33239 as the min replicated index is 4. Deletion is not allowed in this container yet.
2019-10-18 03:59:27,393 [BlockDeletingService#2] WARN  background.BlockDeletingService (BlockDeletingService.java:isDeletionAllowed(187)) - Close Container log Index 6 is not replicated across allthe servers in the pipeline defa1269-bd0f-4f76-adbb-03b580e33239 as the min replicated index is 4. Deletion is not allowed in this container yet.
2019-10-18 03:59:27,489 [EventQueue-ContainerReportForContainerReportHandler] WARN  container.ContainerReportHandler (AbstractContainerReportHandler.java:updateContainerState(145)) - Container #1 is in OPEN state, but the datanode 04d45094-7136-40c1-bdbb-fee737a34122{ip: 192.168.157.238, host: trunk-nightly-20191018-rlnr2-3935024321, networkLocation: /default-rack, certSerialId: null} reports an CLOSED replica.
2019-10-18 03:59:27,585 [Thread-457] INFO  client.GrpcClientProtocolService (GrpcClientProtocolService.java:lambda$processClientRequest$0(278)) - Failed RaftClientRequest:client-3EDA899B7DA2->04d45094-7136-40c1-bdbb-fee737a34122@group-03B580E33239, cid=10, seq=0, Watch-ALL_COMMITTED(6), Message:<EMPTY>, reply=RaftClientReply:client-3EDA899B7DA2->04d45094-7136-40c1-bdbb-fee737a34122@group-03B580E33239, cid=10, FAILED org.apache.ratis.protocol.NotReplicatedException: Request with call Id 10 and log index 6 is not yet replicated to ALL_COMMITTED, logIndex=6, commits[04d45094-7136-40c1-bdbb-fee737a34122:c10, 20f566ef-d50a-432c-acfc-b325de8c1be4:c10, d3e03273-8c79-4c12-9358-0a8612c41dd7:c4]
2019-10-18 03:59:27,724 [EventQueue-ContainerReportForContainerReportHandler] WARN  container.ContainerReportHandler (AbstractContainerReportHandler.java:updateContainerState(145)) - Container #1 is in OPEN state, but the datanode 20f566ef-d50a-432c-acfc-b325de8c1be4{ip: 192.168.157.238, host: trunk-nightly-20191018-rlnr2-3935024321, networkLocation: /default-rack, certSerialId: null} reports an CLOSED replica.
2019-10-18 03:59:27,890 [EventQueue-ContainerReportForContainerReportHandler] WARN  container.ContainerReportHandler (AbstractContainerReportHandler.java:updateContainerState(145)) - Container #1 is in OPEN state, but the datanode 04d45094-7136-40c1-bdbb-fee737a34122{ip: 192.168.157.238, host: trunk-nightly-20191018-rlnr2-3935024321, networkLocation: /default-rack, certSerialId: null} reports an CLOSED replica.
2019-10-18 03:59:28,024 [EventQueue-ContainerReportForContainerReportHandler] WARN  container.ContainerReportHandler (AbstractContainerReportHandler.java:updateContainerState(145)) - Container #1 is in OPEN state, but the datanode 20f566ef-d50a-432c-acfc-b325de8c1be4{ip: 192.168.157.238, host: trunk-nightly-20191018-rlnr2-3935024321, networkLocation: /default-rack, certSerialId: null} reports an CLOSED replica.
2019-10-18 03:59:28,289 [EventQueue-ContainerReportForContainerReportHandler] WARN  container.ContainerReportHandler (AbstractContainerReportHandler.java:updateContainerState(145)) - Container #1 is in OPEN state, but the datanode 04d45094-7136-40c1-bdbb-fee737a34122{ip: 192.168.157.238, host: trunk-nightly-20191018-rlnr2-3935024321, networkLocation: /default-rack, certSerialId: null} reports an CLOSED replica.
2019-10-18 03:59:28,396 [BlockDeletingService#2] WARN  background.BlockDeletingService (BlockDeletingService.java:isDeletionAllowed(187)) - Close Container log Index 6 is not replicated across allthe servers in the pipeline defa1269-bd0f-4f76-adbb-03b580e33239 as the min replicated index is 4. Deletion is not allowed in this container yet.
2019-10-18 03:59:28,396 [BlockDeletingService#2] WARN  background.BlockDeletingService (BlockDeletingService.java:isDeletionAllowed(187)) - Close Container log Index 6 is not replicated across allthe servers in the pipeline defa1269-bd0f-4f76-adbb-03b580e33239 as the min replicated index is 4. Deletion is not allowed in this container yet.
2019-10-18 03:59:28,425 [EventQueue-ContainerReportForContainerReportHandler] WARN  container.ContainerReportHandler (AbstractContainerReportHandler.java:updateContainerState(145)) - Container #1 is in OPEN state, but the datanode 20f566ef-d50a-432c-acfc-b325de8c1be4{ip: 192.168.157.238, host: trunk-nightly-20191018-rlnr2-3935024321, networkLocation: /default-rack, certSerialId: null} reports an CLOSED replica.
2019-10-18 03:59:28,590 [EventQueue-ContainerReportForContainerReportHandler] WARN  container.ContainerReportHandler (AbstractContainerReportHandler.java:updateContainerState(145)) - Container #1 is in OPEN state, but the datanode 04d45094-7136-40c1-bdbb-fee737a34122{ip: 192.168.157.238, host: trunk-nightly-20191018-rlnr2-3935024321, networkLocation: /default-rack, certSerialId: null} reports an CLOSED replica.
2019-10-18 03:59:28,725 [EventQueue-ContainerReportForContainerReportHandler] WARN  container.ContainerReportHandler (AbstractContainerReportHandler.java:updateContainerState(145)) - Container #1 is in OPEN state, but the datanode 20f566ef-d50a-432c-acfc-b325de8c1be4{ip: 192.168.157.238, host: trunk-nightly-20191018-rlnr2-3935024321, networkLocation: /default-rack, certSerialId: null} reports an CLOSED replica.
2019-10-18 03:59:28,891 [EventQueue-ContainerReportForContainerReportHandler] WARN  container.ContainerReportHandler (AbstractContainerReportHandler.java:updateContainerState(145)) - Container #1 is in OPEN state, but the datanode 04d45094-7136-40c1-bdbb-fee737a34122{ip: 192.168.157.238, host: trunk-nightly-20191018-rlnr2-3935024321, networkLocation: /default-rack, certSerialId: null} reports an CLOSED replica.
2019-10-18 03:59:29,025 [EventQueue-ContainerReportForContainerReportHandler] WARN  container.ContainerReportHandler (AbstractContainerReportHandler.java:updateContainerState(145)) - Container #1 is in OPEN state, but the datanode 20f566ef-d50a-432c-acfc-b325de8c1be4{ip: 192.168.157.238, host: trunk-nightly-20191018-rlnr2-3935024321, networkLocation: /default-rack, certSerialId: null} reports an CLOSED replica.
2019-10-18 03:59:29,193 [EventQueue-ContainerReportForContainerReportHandler] WARN  container.ContainerReportHandler (AbstractContainerReportHandler.java:updateContainerState(145)) - Container #1 is in OPEN state, but the datanode 04d45094-7136-40c1-bdbb-fee737a34122{ip: 192.168.157.238, host: trunk-nightly-20191018-rlnr2-3935024321, networkLocation: /default-rack, certSerialId: null} reports an CLOSED replica.
2019-10-18 03:59:29,401 [BlockDeletingService#2] WARN  background.BlockDeletingService (BlockDeletingService.java:isDeletionAllowed(187)) - Close Container log Index 6 is not replicated across allthe servers in the pipeline defa1269-bd0f-4f76-adbb-03b580e33239 as the min replicated index is 4. Deletion is not allowed in this container yet.
2019-10-18 03:59:29,401 [BlockDeletingService#2] WARN  background.BlockDeletingService (BlockDeletingService.java:isDeletionAllowed(187)) - Close Container log Index 6 is not replicated across allthe servers in the pipeline defa1269-bd0f-4f76-adbb-03b580e33239 as the min replicated index is 4. Deletion is not allowed in this container yet.
2019-10-18 03:59:29,425 [EventQueue-ContainerReportForContainerReportHandler] WARN  container.ContainerReportHandler (AbstractContainerReportHandler.java:updateContainerState(145)) - Container #1 is in OPEN state, but the datanode 20f566ef-d50a-432c-acfc-b325de8c1be4{ip: 192.168.157.238, host: trunk-nightly-20191018-rlnr2-3935024321, networkLocation: /default-rack, certSerialId: null} reports an CLOSED replica.
2019-10-18 03:59:29,491 [EventQueue-ContainerReportForContainerReportHandler] WARN  container.ContainerReportHandler (AbstractContainerReportHandler.java:updateContainerState(145)) - Container #1 is in OPEN state, but the datanode 04d45094-7136-40c1-bdbb-fee737a34122{ip: 192.168.157.238, host: trunk-nightly-20191018-rlnr2-3935024321, networkLocation: /default-rack, certSerialId: null} reports an CLOSED replica.
2019-10-18 03:59:29,632 [java.util.concurrent.ThreadPoolExecutor$Worker@48002e7b[State = -1, empty queue]] WARN  server.GrpcLogAppender (GrpcLogAppender.java:timeoutAppendRequest(209)) - 04d45094-7136-40c1-bdbb-fee737a34122@group-03B580E33239->d3e03273-8c79-4c12-9358-0a8612c41dd7-GrpcLogAppender: appendEntries Timeout, request=04d45094-7136-40c1-bdbb-fee737a34122->d3e03273-8c79-4c12-9358-0a8612c41dd7#36-t7, previous=(t:7, i:10), leaderCommit=10, initializing? false, entries: <empty>
2019-10-18 03:59:29,728 [EventQueue-ContainerReportForContainerReportHandler] WARN  container.ContainerReportHandler (AbstractContainerReportHandler.java:updateContainerState(145)) - Container #1 is in OPEN state, but the datanode 20f566ef-d50a-432c-acfc-b325de8c1be4{ip: 192.168.157.238, host: trunk-nightly-20191018-rlnr2-3935024321, networkLocation: /default-rack, certSerialId: null} reports an CLOSED replica.
2019-10-18 03:59:29,790 [EventQueue-ContainerReportForContainerReportHandler] WARN  container.ContainerReportHandler (AbstractContainerReportHandler.java:updateContainerState(145)) - Container #1 is in OPEN state, but the datanode 04d45094-7136-40c1-bdbb-fee737a34122{ip: 192.168.157.238, host: trunk-nightly-20191018-rlnr2-3935024321, networkLocation: /default-rack, certSerialId: null} reports an CLOSED replica.
2019-10-18 03:59:30,025 [EventQueue-ContainerReportForContainerReportHandler] WARN  container.ContainerReportHandler (AbstractContainerReportHandler.java:updateContainerState(145)) - Container #1 is in OPEN state, but the datanode 20f566ef-d50a-432c-acfc-b325de8c1be4{ip: 192.168.157.238, host: trunk-nightly-20191018-rlnr2-3935024321, networkLocation: /default-rack, certSerialId: null} reports an CLOSED replica.
2019-10-18 03:59:30,191 [EventQueue-ContainerReportForContainerReportHandler] WARN  container.ContainerReportHandler (AbstractContainerReportHandler.java:updateContainerState(145)) - Container #1 is in OPEN state, but the datanode 04d45094-7136-40c1-bdbb-fee737a34122{ip: 192.168.157.238, host: trunk-nightly-20191018-rlnr2-3935024321, networkLocation: /default-rack, certSerialId: null} reports an CLOSED replica.
2019-10-18 03:59:30,325 [EventQueue-ContainerReportForContainerReportHandler] WARN  container.ContainerReportHandler (AbstractContainerReportHandler.java:updateContainerState(145)) - Container #1 is in OPEN state, but the datanode 20f566ef-d50a-432c-acfc-b325de8c1be4{ip: 192.168.157.238, host: trunk-nightly-20191018-rlnr2-3935024321, networkLocation: /default-rack, certSerialId: null} reports an CLOSED replica.
2019-10-18 03:59:30,390 [EventQueue-ContainerReportForContainerReportHandler] WARN  container.ContainerReportHandler (AbstractContainerReportHandler.java:updateContainerState(145)) - Container #1 is in OPEN state, but the datanode 04d45094-7136-40c1-bdbb-fee737a34122{ip: 192.168.157.238, host: trunk-nightly-20191018-rlnr2-3935024321, networkLocation: /default-rack, certSerialId: null} reports an CLOSED replica.
2019-10-18 03:59:30,404 [BlockDeletingService#2] WARN  background.BlockDeletingService (BlockDeletingService.java:isDeletionAllowed(187)) - Close Container log Index 6 is not replicated across allthe servers in the pipeline defa1269-bd0f-4f76-adbb-03b580e33239 as the min replicated index is 4. Deletion is not allowed in this container yet.
2019-10-18 03:59:30,404 [BlockDeletingService#2] WARN  background.BlockDeletingService (BlockDeletingService.java:isDeletionAllowed(187)) - Close Container log Index 6 is not replicated across allthe servers in the pipeline defa1269-bd0f-4f76-adbb-03b580e33239 as the min replicated index is 4. Deletion is not allowed in this container yet.
2019-10-18 03:59:30,691 [EventQueue-ContainerReportForContainerReportHandler] WARN  container.ContainerReportHandler (AbstractContainerReportHandler.java:updateContainerState(145)) - Container #1 is in OPEN state, but the datanode 04d45094-7136-40c1-bdbb-fee737a34122{ip: 192.168.157.238, host: trunk-nightly-20191018-rlnr2-3935024321, networkLocation: /default-rack, certSerialId: null} reports an CLOSED replica.
2019-10-18 03:59:30,725 [EventQueue-ContainerReportForContainerReportHandler] WARN  container.ContainerReportHandler (AbstractContainerReportHandler.java:updateContainerState(145)) - Container #1 is in OPEN state, but the datanode 20f566ef-d50a-432c-acfc-b325de8c1be4{ip: 192.168.157.238, host: trunk-nightly-20191018-rlnr2-3935024321, networkLocation: /default-rack, certSerialId: null} reports an CLOSED replica.
2019-10-18 03:59:31,026 [EventQueue-ContainerReportForContainerReportHandler] WARN  container.ContainerReportHandler (AbstractContainerReportHandler.java:updateContainerState(145)) - Container #1 is in OPEN state, but the datanode 20f566ef-d50a-432c-acfc-b325de8c1be4{ip: 192.168.157.238, host: trunk-nightly-20191018-rlnr2-3935024321, networkLocation: /default-rack, certSerialId: null} reports an CLOSED replica.
2019-10-18 03:59:31,092 [EventQueue-ContainerReportForContainerReportHandler] WARN  container.ContainerReportHandler (AbstractContainerReportHandler.java:updateContainerState(145)) - Container #1 is in OPEN state, but the datanode 04d45094-7136-40c1-bdbb-fee737a34122{ip: 192.168.157.238, host: trunk-nightly-20191018-rlnr2-3935024321, networkLocation: /default-rack, certSerialId: null} reports an CLOSED replica.
2019-10-18 03:59:31,407 [BlockDeletingService#2] WARN  background.BlockDeletingService (BlockDeletingService.java:isDeletionAllowed(187)) - Close Container log Index 6 is not replicated across allthe servers in the pipeline defa1269-bd0f-4f76-adbb-03b580e33239 as the min replicated index is 4. Deletion is not allowed in this container yet.
2019-10-18 03:59:31,407 [BlockDeletingService#2] WARN  background.BlockDeletingService (BlockDeletingService.java:isDeletionAllowed(187)) - Close Container log Index 6 is not replicated across allthe servers in the pipeline defa1269-bd0f-4f76-adbb-03b580e33239 as the min replicated index is 4. Deletion is not allowed in this container yet.
2019-10-18 03:59:31,427 [EventQueue-ContainerReportForContainerReportHandler] WARN  container.ContainerReportHandler (AbstractContainerReportHandler.java:updateContainerState(145)) - Container #1 is in OPEN state, but the datanode 20f566ef-d50a-432c-acfc-b325de8c1be4{ip: 192.168.157.238, host: trunk-nightly-20191018-rlnr2-3935024321, networkLocation: /default-rack, certSerialId: null} reports an CLOSED replica.
2019-10-18 03:59:31,492 [EventQueue-ContainerReportForContainerReportHandler] WARN  container.ContainerReportHandler (AbstractContainerReportHandler.java:updateContainerState(145)) - Container #1 is in OPEN state, but the datanode 04d45094-7136-40c1-bdbb-fee737a34122{ip: 192.168.157.238, host: trunk-nightly-20191018-rlnr2-3935024321, networkLocation: /default-rack, certSerialId: null} reports an CLOSED replica.
2019-10-18 03:59:31,729 [EventQueue-ContainerReportForContainerReportHandler] WARN  container.ContainerReportHandler (AbstractContainerReportHandler.java:updateContainerState(145)) - Container #1 is in OPEN state, but the datanode 20f566ef-d50a-432c-acfc-b325de8c1be4{ip: 192.168.157.238, host: trunk-nightly-20191018-rlnr2-3935024321, networkLocation: /default-rack, certSerialId: null} reports an CLOSED replica.
2019-10-18 03:59:31,795 [EventQueue-ContainerReportForContainerReportHandler] WARN  container.ContainerReportHandler (AbstractContainerReportHandler.java:updateContainerState(145)) - Container #1 is in OPEN state, but the datanode 04d45094-7136-40c1-bdbb-fee737a34122{ip: 192.168.157.238, host: trunk-nightly-20191018-rlnr2-3935024321, networkLocation: /default-rack, certSerialId: null} reports an CLOSED replica.
2019-10-18 03:59:32,098 [EventQueue-ContainerReportForContainerReportHandler] WARN  container.ContainerReportHandler (AbstractContainerReportHandler.java:updateContainerState(145)) - Container #1 is in OPEN state, but the datanode 04d45094-7136-40c1-bdbb-fee737a34122{ip: 192.168.157.238, host: trunk-nightly-20191018-rlnr2-3935024321, networkLocation: /default-rack, certSerialId: null} reports an CLOSED replica.
2019-10-18 03:59:32,131 [EventQueue-ContainerReportForContainerReportHandler] WARN  container.ContainerReportHandler (AbstractContainerReportHandler.java:updateContainerState(145)) - Container #1 is in OPEN state, but the datanode 20f566ef-d50a-432c-acfc-b325de8c1be4{ip: 192.168.157.238, host: trunk-nightly-20191018-rlnr2-3935024321, networkLocation: /default-rack, certSerialId: null} reports an CLOSED replica.
2019-10-18 03:59:32,135 [java.util.concurrent.ThreadPoolExecutor$Worker@48002e7b[State = -1, empty queue]] WARN  server.GrpcLogAppender (GrpcLogAppender.java:timeoutAppendRequest(209)) - 04d45094-7136-40c1-bdbb-fee737a34122@group-03B580E33239->d3e03273-8c79-4c12-9358-0a8612c41dd7-GrpcLogAppender: appendEntries Timeout, request=04d45094-7136-40c1-bdbb-fee737a34122->d3e03273-8c79-4c12-9358-0a8612c41dd7#37-t7, previous=(t:7, i:10), leaderCommit=10, initializing? false, entries: <empty>
2019-10-18 03:59:32,395 [EventQueue-ContainerReportForContainerReportHandler] WARN  container.ContainerReportHandler (AbstractContainerReportHandler.java:updateContainerState(145)) - Container #1 is in OPEN state, but the datanode 04d45094-7136-40c1-bdbb-fee737a34122{ip: 192.168.157.238, host: trunk-nightly-20191018-rlnr2-3935024321, networkLocation: /default-rack, certSerialId: null} reports an CLOSED replica.
2019-10-18 03:59:32,410 [BlockDeletingService#2] WARN  background.BlockDeletingService (BlockDeletingService.java:isDeletionAllowed(187)) - Close Container log Index 6 is not replicated across allthe servers in the pipeline defa1269-bd0f-4f76-adbb-03b580e33239 as the min replicated index is 4. Deletion is not allowed in this container yet.
2019-10-18 03:59:32,410 [BlockDeletingService#2] WARN  background.BlockDeletingService (BlockDeletingService.java:isDeletionAllowed(187)) - Close Container log Index 6 is not replicated across allthe servers in the pipeline defa1269-bd0f-4f76-adbb-03b580e33239 as the min replicated index is 4. Deletion is not allowed in this container yet.
2019-10-18 03:59:32,431 [EventQueue-ContainerReportForContainerReportHandler] WARN  container.ContainerReportHandler (AbstractContainerReportHandler.java:updateContainerState(145)) - Container #1 is in OPEN state, but the datanode 20f566ef-d50a-432c-acfc-b325de8c1be4{ip: 192.168.157.238, host: trunk-nightly-20191018-rlnr2-3935024321, networkLocation: /default-rack, certSerialId: null} reports an CLOSED replica.
2019-10-18 03:59:32,633 [EventQueue-ContainerReportForContainerReportHandler] WARN  container.ContainerReportHandler (AbstractContainerReportHandler.java:updateContainerState(145)) - Container #1 is in OPEN state, but the datanode 20f566ef-d50a-432c-acfc-b325de8c1be4{ip: 192.168.157.238, host: trunk-nightly-20191018-rlnr2-3935024321, networkLocation: /default-rack, certSerialId: null} reports an CLOSED replica.
2019-10-18 03:59:32,795 [EventQueue-ContainerReportForContainerReportHandler] WARN  container.ContainerReportHandler (AbstractContainerReportHandler.java:updateContainerState(145)) - Container #1 is in OPEN state, but the datanode 04d45094-7136-40c1-bdbb-fee737a34122{ip: 192.168.157.238, host: trunk-nightly-20191018-rlnr2-3935024321, networkLocation: /default-rack, certSerialId: null} reports an CLOSED replica.
2019-10-18 03:59:33,034 [EventQueue-ContainerReportForContainerReportHandler] WARN  container.ContainerReportHandler (AbstractContainerReportHandler.java:updateContainerState(145)) - Container #1 is in OPEN state, but the datanode 20f566ef-d50a-432c-acfc-b325de8c1be4{ip: 192.168.157.238, host: trunk-nightly-20191018-rlnr2-3935024321, networkLocation: /default-rack, certSerialId: null} reports an CLOSED replica.
2019-10-18 03:59:33,094 [EventQueue-ContainerReportForContainerReportHandler] WARN  container.ContainerReportHandler (AbstractContainerReportHandler.java:updateContainerState(145)) - Container #1 is in OPEN state, but the datanode 04d45094-7136-40c1-bdbb-fee737a34122{ip: 192.168.157.238, host: trunk-nightly-20191018-rlnr2-3935024321, networkLocation: /default-rack, certSerialId: null} reports an CLOSED replica.
2019-10-18 03:59:33,294 [EventQueue-ContainerReportForContainerReportHandler] WARN  container.ContainerReportHandler (AbstractContainerReportHandler.java:updateContainerState(145)) - Container #1 is in OPEN state, but the datanode 04d45094-7136-40c1-bdbb-fee737a34122{ip: 192.168.157.238, host: trunk-nightly-20191018-rlnr2-3935024321, networkLocation: /default-rack, certSerialId: null} reports an CLOSED replica.
2019-10-18 03:59:33,333 [EventQueue-ContainerReportForContainerReportHandler] WARN  container.ContainerReportHandler (AbstractContainerReportHandler.java:updateContainerState(145)) - Container #1 is in OPEN state, but the datanode 20f566ef-d50a-432c-acfc-b325de8c1be4{ip: 192.168.157.238, host: trunk-nightly-20191018-rlnr2-3935024321, networkLocation: /default-rack, certSerialId: null} reports an CLOSED replica.
2019-10-18 03:59:33,412 [BlockDeletingService#2] WARN  background.BlockDeletingService (BlockDeletingService.java:isDeletionAllowed(187)) - Close Container log Index 6 is not replicated across allthe servers in the pipeline defa1269-bd0f-4f76-adbb-03b580e33239 as the min replicated index is 4. Deletion is not allowed in this container yet.
2019-10-18 03:59:33,412 [BlockDeletingService#2] WARN  background.BlockDeletingService (BlockDeletingService.java:isDeletionAllowed(187)) - Close Container log Index 6 is not replicated across allthe servers in the pipeline defa1269-bd0f-4f76-adbb-03b580e33239 as the min replicated index is 4. Deletion is not allowed in this container yet.
2019-10-18 03:59:33,633 [EventQueue-ContainerReportForContainerReportHandler] WARN  container.ContainerReportHandler (AbstractContainerReportHandler.java:updateContainerState(145)) - Container #1 is in OPEN state, but the datanode 20f566ef-d50a-432c-acfc-b325de8c1be4{ip: 192.168.157.238, host: trunk-nightly-20191018-rlnr2-3935024321, networkLocation: /default-rack, certSerialId: null} reports an CLOSED replica.
2019-10-18 03:59:33,694 [EventQueue-ContainerReportForContainerReportHandler] WARN  container.ContainerReportHandler (AbstractContainerReportHandler.java:updateContainerState(145)) - Container #1 is in OPEN state, but the datanode 04d45094-7136-40c1-bdbb-fee737a34122{ip: 192.168.157.238, host: trunk-nightly-20191018-rlnr2-3935024321, networkLocation: /default-rack, certSerialId: null} reports an CLOSED replica.
2019-10-18 03:59:33,994 [EventQueue-ContainerReportForContainerReportHandler] WARN  container.ContainerReportHandler (AbstractContainerReportHandler.java:updateContainerState(145)) - Container #1 is in OPEN state, but the datanode 04d45094-7136-40c1-bdbb-fee737a34122{ip: 192.168.157.238, host: trunk-nightly-20191018-rlnr2-3935024321, networkLocation: /default-rack, certSerialId: null} reports an CLOSED replica.
2019-10-18 03:59:34,033 [EventQueue-ContainerReportForContainerReportHandler] WARN  container.ContainerReportHandler (AbstractContainerReportHandler.java:updateContainerState(145)) - Container #1 is in OPEN state, but the datanode 20f566ef-d50a-432c-acfc-b325de8c1be4{ip: 192.168.157.238, host: trunk-nightly-20191018-rlnr2-3935024321, networkLocation: /default-rack, certSerialId: null} reports an CLOSED replica.
2019-10-18 03:59:34,295 [EventQueue-ContainerReportForContainerReportHandler] WARN  container.ContainerReportHandler (AbstractContainerReportHandler.java:updateContainerState(145)) - Container #1 is in OPEN state, but the datanode 04d45094-7136-40c1-bdbb-fee737a34122{ip: 192.168.157.238, host: trunk-nightly-20191018-rlnr2-3935024321, networkLocation: /default-rack, certSerialId: null} reports an CLOSED replica.
2019-10-18 03:59:34,333 [EventQueue-ContainerReportForContainerReportHandler] WARN  container.ContainerReportHandler (AbstractContainerReportHandler.java:updateContainerState(145)) - Container #1 is in OPEN state, but the datanode 20f566ef-d50a-432c-acfc-b325de8c1be4{ip: 192.168.157.238, host: trunk-nightly-20191018-rlnr2-3935024321, networkLocation: /default-rack, certSerialId: null} reports an CLOSED replica.
2019-10-18 03:59:34,415 [BlockDeletingService#2] WARN  background.BlockDeletingService (BlockDeletingService.java:isDeletionAllowed(187)) - Close Container log Index 6 is not replicated across allthe servers in the pipeline defa1269-bd0f-4f76-adbb-03b580e33239 as the min replicated index is 4. Deletion is not allowed in this container yet.
2019-10-18 03:59:34,415 [BlockDeletingService#2] WARN  background.BlockDeletingService (BlockDeletingService.java:isDeletionAllowed(187)) - Close Container log Index 6 is not replicated across allthe servers in the pipeline defa1269-bd0f-4f76-adbb-03b580e33239 as the min replicated index is 4. Deletion is not allowed in this container yet.
2019-10-18 03:59:34,495 [EventQueue-ContainerReportForContainerReportHandler] WARN  container.ContainerReportHandler (AbstractContainerReportHandler.java:updateContainerState(145)) - Container #1 is in OPEN state, but the datanode 04d45094-7136-40c1-bdbb-fee737a34122{ip: 192.168.157.238, host: trunk-nightly-20191018-rlnr2-3935024321, networkLocation: /default-rack, certSerialId: null} reports an CLOSED replica.
2019-10-18 03:59:34,638 [java.util.concurrent.ThreadPoolExecutor$Worker@48002e7b[State = -1, empty queue]] WARN  server.GrpcLogAppender (GrpcLogAppender.java:timeoutAppendRequest(209)) - 04d45094-7136-40c1-bdbb-fee737a34122@group-03B580E33239->d3e03273-8c79-4c12-9358-0a8612c41dd7-GrpcLogAppender: appendEntries Timeout, request=04d45094-7136-40c1-bdbb-fee737a34122->d3e03273-8c79-4c12-9358-0a8612c41dd7#38-t7, previous=(t:7, i:10), leaderCommit=10, initializing? false, entries: <empty>
2019-10-18 03:59:34,736 [EventQueue-ContainerReportForContainerReportHandler] WARN  container.ContainerReportHandler (AbstractContainerReportHandler.java:updateContainerState(145)) - Container #1 is in OPEN state, but the datanode 20f566ef-d50a-432c-acfc-b325de8c1be4{ip: 192.168.157.238, host: trunk-nightly-20191018-rlnr2-3935024321, networkLocation: /default-rack, certSerialId: null} reports an CLOSED replica.
2019-10-18 03:59:34,895 [EventQueue-ContainerReportForContainerReportHandler] WARN  container.ContainerReportHandler (AbstractContainerReportHandler.java:updateContainerState(145)) - Container #1 is in OPEN state, but the datanode 04d45094-7136-40c1-bdbb-fee737a34122{ip: 192.168.157.238, host: trunk-nightly-20191018-rlnr2-3935024321, networkLocation: /default-rack, certSerialId: null} reports an CLOSED replica.
2019-10-18 03:59:35,035 [EventQueue-ContainerReportForContainerReportHandler] WARN  container.ContainerReportHandler (AbstractContainerReportHandler.java:updateContainerState(145)) - Container #1 is in OPEN state, but the datanode 20f566ef-d50a-432c-acfc-b325de8c1be4{ip: 192.168.157.238, host: trunk-nightly-20191018-rlnr2-3935024321, networkLocation: /default-rack, certSerialId: null} reports an CLOSED replica.
2019-10-18 03:59:35,096 [EventQueue-ContainerReportForContainerReportHandler] WARN  container.ContainerReportHandler (AbstractContainerReportHandler.java:updateContainerState(145)) - Container #1 is in OPEN state, but the datanode 04d45094-7136-40c1-bdbb-fee737a34122{ip: 192.168.157.238, host: trunk-nightly-20191018-rlnr2-3935024321, networkLocation: /default-rack, certSerialId: null} reports an CLOSED replica.
2019-10-18 03:59:35,334 [EventQueue-ContainerReportForContainerReportHandler] WARN  container.ContainerReportHandler (AbstractContainerReportHandler.java:updateContainerState(145)) - Container #1 is in OPEN state, but the datanode 20f566ef-d50a-432c-acfc-b325de8c1be4{ip: 192.168.157.238, host: trunk-nightly-20191018-rlnr2-3935024321, networkLocation: /default-rack, certSerialId: null} reports an CLOSED replica.
2019-10-18 03:59:35,417 [BlockDeletingService#2] WARN  background.BlockDeletingService (BlockDeletingService.java:isDeletionAllowed(187)) - Close Container log Index 6 is not replicated across allthe servers in the pipeline defa1269-bd0f-4f76-adbb-03b580e33239 as the min replicated index is 4. Deletion is not allowed in this container yet.
2019-10-18 03:59:35,417 [BlockDeletingService#2] WARN  background.BlockDeletingService (BlockDeletingService.java:isDeletionAllowed(187)) - Close Container log Index 6 is not replicated across allthe servers in the pipeline defa1269-bd0f-4f76-adbb-03b580e33239 as the min replicated index is 4. Deletion is not allowed in this container yet.
2019-10-18 03:59:35,496 [EventQueue-ContainerReportForContainerReportHandler] WARN  container.ContainerReportHandler (AbstractContainerReportHandler.java:updateContainerState(145)) - Container #1 is in OPEN state, but the datanode 04d45094-7136-40c1-bdbb-fee737a34122{ip: 192.168.157.238, host: trunk-nightly-20191018-rlnr2-3935024321, networkLocation: /default-rack, certSerialId: null} reports an CLOSED replica.
2019-10-18 03:59:35,634 [EventQueue-ContainerReportForContainerReportHandler] WARN  container.ContainerReportHandler (AbstractContainerReportHandler.java:updateContainerState(145)) - Container #1 is in OPEN state, but the datanode 20f566ef-d50a-432c-acfc-b325de8c1be4{ip: 192.168.157.238, host: trunk-nightly-20191018-rlnr2-3935024321, networkLocation: /default-rack, certSerialId: null} reports an CLOSED replica.
2019-10-18 03:59:35,796 [EventQueue-ContainerReportForContainerReportHandler] WARN  container.ContainerReportHandler (AbstractContainerReportHandler.java:updateContainerState(145)) - Container #1 is in OPEN state, but the datanode 04d45094-7136-40c1-bdbb-fee737a34122{ip: 192.168.157.238, host: trunk-nightly-20191018-rlnr2-3935024321, networkLocation: /default-rack, certSerialId: null} reports an CLOSED replica.
2019-10-18 03:59:35,936 [EventQueue-ContainerReportForContainerReportHandler] WARN  container.ContainerReportHandler (AbstractContainerReportHandler.java:updateContainerState(145)) - Container #1 is in OPEN state, but the datanode 20f566ef-d50a-432c-acfc-b325de8c1be4{ip: 192.168.157.238, host: trunk-nightly-20191018-rlnr2-3935024321, networkLocation: /default-rack, certSerialId: null} reports an CLOSED replica.
2019-10-18 03:59:35,996 [EventQueue-ContainerReportForContainerReportHandler] WARN  container.ContainerReportHandler (AbstractContainerReportHandler.java:updateContainerState(145)) - Container #1 is in OPEN state, but the datanode 04d45094-7136-40c1-bdbb-fee737a34122{ip: 192.168.157.238, host: trunk-nightly-20191018-rlnr2-3935024321, networkLocation: /default-rack, certSerialId: null} reports an CLOSED replica.
2019-10-18 03:59:36,336 [EventQueue-ContainerReportForContainerReportHandler] WARN  container.ContainerReportHandler (AbstractContainerReportHandler.java:updateContainerState(145)) - Container #1 is in OPEN state, but the datanode 20f566ef-d50a-432c-acfc-b325de8c1be4{ip: 192.168.157.238, host: trunk-nightly-20191018-rlnr2-3935024321, networkLocation: /default-rack, certSerialId: null} reports an CLOSED replica.
2019-10-18 03:59:36,397 [EventQueue-ContainerReportForContainerReportHandler] WARN  container.ContainerReportHandler (AbstractContainerReportHandler.java:updateContainerState(145)) - Container #1 is in OPEN state, but the datanode 04d45094-7136-40c1-bdbb-fee737a34122{ip: 192.168.157.238, host: trunk-nightly-20191018-rlnr2-3935024321, networkLocation: /default-rack, certSerialId: null} reports an CLOSED replica.
2019-10-18 03:59:36,419 [BlockDeletingService#2] WARN  background.BlockDeletingService (BlockDeletingService.java:isDeletionAllowed(187)) - Close Container log Index 6 is not replicated across allthe servers in the pipeline defa1269-bd0f-4f76-adbb-03b580e33239 as the min replicated index is 4. Deletion is not allowed in this container yet.
2019-10-18 03:59:36,419 [BlockDeletingService#2] WARN  background.BlockDeletingService (BlockDeletingService.java:isDeletionAllowed(187)) - Close Container log Index 6 is not replicated across allthe servers in the pipeline defa1269-bd0f-4f76-adbb-03b580e33239 as the min replicated index is 4. Deletion is not allowed in this container yet.
2019-10-18 03:59:36,584 [Thread-483] INFO  client.GrpcClientProtocolService (GrpcClientProtocolService.java:lambda$processClientRequest$0(278)) - Failed RaftClientRequest:client-3EDA899B7DA2->04d45094-7136-40c1-bdbb-fee737a34122@group-03B580E33239, cid=10, seq=0, Watch-ALL_COMMITTED(6), Message:<EMPTY>, reply=RaftClientReply:client-3EDA899B7DA2->04d45094-7136-40c1-bdbb-fee737a34122@group-03B580E33239, cid=10, FAILED org.apache.ratis.protocol.NotReplicatedException: Request with call Id 10 and log index 6 is not yet replicated to ALL_COMMITTED, logIndex=6, commits[04d45094-7136-40c1-bdbb-fee737a34122:c10, 20f566ef-d50a-432c-acfc-b325de8c1be4:c10, d3e03273-8c79-4c12-9358-0a8612c41dd7:c4]
2019-10-18 03:59:36,637 [EventQueue-ContainerReportForContainerReportHandler] WARN  container.ContainerReportHandler (AbstractContainerReportHandler.java:updateContainerState(145)) - Container #1 is in OPEN state, but the datanode 20f566ef-d50a-432c-acfc-b325de8c1be4{ip: 192.168.157.238, host: trunk-nightly-20191018-rlnr2-3935024321, networkLocation: /default-rack, certSerialId: null} reports an CLOSED replica.
2019-10-18 03:59:36,796 [EventQueue-ContainerReportForContainerReportHandler] WARN  container.ContainerReportHandler (AbstractContainerReportHandler.java:updateContainerState(145)) - Container #1 is in OPEN state, but the datanode 04d45094-7136-40c1-bdbb-fee737a34122{ip: 192.168.157.238, host: trunk-nightly-20191018-rlnr2-3935024321, networkLocation: /default-rack, certSerialId: null} reports an CLOSED replica.
2019-10-18 03:59:36,938 [EventQueue-ContainerReportForContainerReportHandler] WARN  container.ContainerReportHandler (AbstractContainerReportHandler.java:updateContainerState(145)) - Container #1 is in OPEN state, but the datanode 20f566ef-d50a-432c-acfc-b325de8c1be4{ip: 192.168.157.238, host: trunk-nightly-20191018-rlnr2-3935024321, networkLocation: /default-rack, certSerialId: null} reports an CLOSED replica.
2019-10-18 03:59:36,996 [EventQueue-ContainerReportForContainerReportHandler] WARN  container.ContainerReportHandler (AbstractContainerReportHandler.java:updateContainerState(145)) - Container #1 is in OPEN state, but the datanode 04d45094-7136-40c1-bdbb-fee737a34122{ip: 192.168.157.238, host: trunk-nightly-20191018-rlnr2-3935024321, networkLocation: /default-rack, certSerialId: null} reports an CLOSED replica.
2019-10-18 03:59:37,139 [EventQueue-ContainerReportForContainerReportHandler] WARN  container.ContainerReportHandler (AbstractContainerReportHandler.java:updateContainerState(145)) - Container #1 is in OPEN state, but the datanode 20f566ef-d50a-432c-acfc-b325de8c1be4{ip: 192.168.157.238, host: trunk-nightly-20191018-rlnr2-3935024321, networkLocation: /default-rack, certSerialId: null} reports an CLOSED replica.
2019-10-18 03:59:37,142 [java.util.concurrent.ThreadPoolExecutor$Worker@48002e7b[State = -1, empty queue]] WARN  server.GrpcLogAppender (GrpcLogAppender.java:timeoutAppendRequest(209)) - 04d45094-7136-40c1-bdbb-fee737a34122@group-03B580E33239->d3e03273-8c79-4c12-9358-0a8612c41dd7-GrpcLogAppender: appendEntries Timeout, request=04d45094-7136-40c1-bdbb-fee737a34122->d3e03273-8c79-4c12-9358-0a8612c41dd7#39-t7, previous=(t:7, i:10), leaderCommit=10, initializing? false, entries: <empty>
2019-10-18 03:59:37,296 [EventQueue-ContainerReportForContainerReportHandler] WARN  container.ContainerReportHandler (AbstractContainerReportHandler.java:updateContainerState(145)) - Container #1 is in OPEN state, but the datanode 04d45094-7136-40c1-bdbb-fee737a34122{ip: 192.168.157.238, host: trunk-nightly-20191018-rlnr2-3935024321, networkLocation: /default-rack, certSerialId: null} reports an CLOSED replica.
2019-10-18 03:59:37,421 [BlockDeletingService#2] WARN  background.BlockDeletingService (BlockDeletingService.java:isDeletionAllowed(187)) - Close Container log Index 6 is not replicated across allthe servers in the pipeline defa1269-bd0f-4f76-adbb-03b580e33239 as the min replicated index is 4. Deletion is not allowed in this container yet.
2019-10-18 03:59:37,421 [BlockDeletingService#2] WARN  background.BlockDeletingService (BlockDeletingService.java:isDeletionAllowed(187)) - Close Container log Index 6 is not replicated across allthe servers in the pipeline defa1269-bd0f-4f76-adbb-03b580e33239 as the min replicated index is 4. Deletion is not allowed in this container yet.
2019-10-18 03:59:37,496 [EventQueue-ContainerReportForContainerReportHandler] WARN  container.ContainerReportHandler (AbstractContainerReportHandler.java:updateContainerState(145)) - Container #1 is in OPEN state, but the datanode 04d45094-7136-40c1-bdbb-fee737a34122{ip: 192.168.157.238, host: trunk-nightly-20191018-rlnr2-3935024321, networkLocation: /default-rack, certSerialId: null} reports an CLOSED replica.
2019-10-18 03:59:37,538 [EventQueue-ContainerReportForContainerReportHandler] WARN  container.ContainerReportHandler (AbstractContainerReportHandler.java:updateContainerState(145)) - Container #1 is in OPEN state, but the datanode 20f566ef-d50a-432c-acfc-b325de8c1be4{ip: 192.168.157.238, host: trunk-nightly-20191018-rlnr2-3935024321, networkLocation: /default-rack, certSerialId: null} reports an CLOSED replica.
2019-10-18 03:59:37,838 [EventQueue-ContainerReportForContainerReportHandler] WARN  container.ContainerReportHandler (AbstractContainerReportHandler.java:updateContainerState(145)) - Container #1 is in OPEN state, but the datanode 20f566ef-d50a-432c-acfc-b325de8c1be4{ip: 192.168.157.238, host: trunk-nightly-20191018-rlnr2-3935024321, networkLocation: /default-rack, certSerialId: null} reports an CLOSED replica.
2019-10-18 03:59:37,896 [EventQueue-ContainerReportForContainerReportHandler] WARN  container.ContainerReportHandler (AbstractContainerReportHandler.java:updateContainerState(145)) - Container #1 is in OPEN state, but the datanode 04d45094-7136-40c1-bdbb-fee737a34122{ip: 192.168.157.238, host: trunk-nightly-20191018-rlnr2-3935024321, networkLocation: /default-rack, certSerialId: null} reports an CLOSED replica.
2019-10-18 03:59:38,097 [EventQueue-ContainerReportForContainerReportHandler] WARN  container.ContainerReportHandler (AbstractContainerReportHandler.java:updateContainerState(145)) - Container #1 is in OPEN state, but the datanode 04d45094-7136-40c1-bdbb-fee737a34122{ip: 192.168.157.238, host: trunk-nightly-20191018-rlnr2-3935024321, networkLocation: /default-rack, certSerialId: null} reports an CLOSED replica.
2019-10-18 03:59:38,239 [EventQueue-ContainerReportForContainerReportHandler] WARN  container.ContainerReportHandler (AbstractContainerReportHandler.java:updateContainerState(145)) - Container #1 is in OPEN state, but the datanode 20f566ef-d50a-432c-acfc-b325de8c1be4{ip: 192.168.157.238, host: trunk-nightly-20191018-rlnr2-3935024321, networkLocation: /default-rack, certSerialId: null} reports an CLOSED replica.
2019-10-18 03:59:38,296 [EventQueue-ContainerReportForContainerReportHandler] WARN  container.ContainerReportHandler (AbstractContainerReportHandler.java:updateContainerState(145)) - Container #1 is in OPEN state, but the datanode 04d45094-7136-40c1-bdbb-fee737a34122{ip: 192.168.157.238, host: trunk-nightly-20191018-rlnr2-3935024321, networkLocation: /default-rack, certSerialId: null} reports an CLOSED replica.
2019-10-18 03:59:38,423 [BlockDeletingService#2] WARN  background.BlockDeletingService (BlockDeletingService.java:isDeletionAllowed(187)) - Close Container log Index 6 is not replicated across allthe servers in the pipeline defa1269-bd0f-4f76-adbb-03b580e33239 as the min replicated index is 4. Deletion is not allowed in this container yet.
2019-10-18 03:59:38,423 [BlockDeletingService#2] WARN  background.BlockDeletingService (BlockDeletingService.java:isDeletionAllowed(187)) - Close Container log Index 6 is not replicated across allthe servers in the pipeline defa1269-bd0f-4f76-adbb-03b580e33239 as the min replicated index is 4. Deletion is not allowed in this container yet.
2019-10-18 03:59:38,439 [EventQueue-ContainerReportForContainerReportHandler] WARN  container.ContainerReportHandler (AbstractContainerReportHandler.java:updateContainerState(145)) - Container #1 is in OPEN state, but the datanode 20f566ef-d50a-432c-acfc-b325de8c1be4{ip: 192.168.157.238, host: trunk-nightly-20191018-rlnr2-3935024321, networkLocation: /default-rack, certSerialId: null} reports an CLOSED replica.
2019-10-18 03:59:38,697 [EventQueue-ContainerReportForContainerReportHandler] WARN  container.ContainerReportHandler (AbstractContainerReportHandler.java:updateContainerState(145)) - Container #1 is in OPEN state, but the datanode 04d45094-7136-40c1-bdbb-fee737a34122{ip: 192.168.157.238, host: trunk-nightly-20191018-rlnr2-3935024321, networkLocation: /default-rack, certSerialId: null} reports an CLOSED replica.
2019-10-18 03:59:38,740 [EventQueue-ContainerReportForContainerReportHandler] WARN  container.ContainerReportHandler (AbstractContainerReportHandler.java:updateContainerState(145)) - Container #1 is in OPEN state, but the datanode 20f566ef-d50a-432c-acfc-b325de8c1be4{ip: 192.168.157.238, host: trunk-nightly-20191018-rlnr2-3935024321, networkLocation: /default-rack, certSerialId: null} reports an CLOSED replica.
2019-10-18 03:59:38,898 [EventQueue-ContainerReportForContainerReportHandler] WARN  container.ContainerReportHandler (AbstractContainerReportHandler.java:updateContainerState(145)) - Container #1 is in OPEN state, but the datanode 04d45094-7136-40c1-bdbb-fee737a34122{ip: 192.168.157.238, host: trunk-nightly-20191018-rlnr2-3935024321, networkLocation: /default-rack, certSerialId: null} reports an CLOSED replica.
2019-10-18 03:59:39,042 [EventQueue-ContainerReportForContainerReportHandler] WARN  container.ContainerReportHandler (AbstractContainerReportHandler.java:updateContainerState(145)) - Container #1 is in OPEN state, but the datanode 20f566ef-d50a-432c-acfc-b325de8c1be4{ip: 192.168.157.238, host: trunk-nightly-20191018-rlnr2-3935024321, networkLocation: /default-rack, certSerialId: null} reports an CLOSED replica.
2019-10-18 03:59:39,298 [EventQueue-ContainerReportForContainerReportHandler] WARN  container.ContainerReportHandler (AbstractContainerReportHandler.java:updateContainerState(145)) - Container #1 is in OPEN state, but the datanode 04d45094-7136-40c1-bdbb-fee737a34122{ip: 192.168.157.238, host: trunk-nightly-20191018-rlnr2-3935024321, networkLocation: /default-rack, certSerialId: null} reports an CLOSED replica.
2019-10-18 03:59:39,425 [BlockDeletingService#2] WARN  background.BlockDeletingService (BlockDeletingService.java:isDeletionAllowed(187)) - Close Container log Index 6 is not replicated across allthe servers in the pipeline defa1269-bd0f-4f76-adbb-03b580e33239 as the min replicated index is 4. Deletion is not allowed in this container yet.
2019-10-18 03:59:39,425 [BlockDeletingService#2] WARN  background.BlockDeletingService (BlockDeletingService.java:isDeletionAllowed(187)) - Close Container log Index 6 is not replicated across allthe servers in the pipeline defa1269-bd0f-4f76-adbb-03b580e33239 as the min replicated index is 4. Deletion is not allowed in this container yet.
2019-10-18 03:59:39,442 [EventQueue-ContainerReportForContainerReportHandler] WARN  container.ContainerReportHandler (AbstractContainerReportHandler.java:updateContainerState(145)) - Container #1 is in OPEN state, but the datanode 20f566ef-d50a-432c-acfc-b325de8c1be4{ip: 192.168.157.238, host: trunk-nightly-20191018-rlnr2-3935024321, networkLocation: /default-rack, certSerialId: null} reports an CLOSED replica.
2019-10-18 03:59:39,643 [java.util.concurrent.ThreadPoolExecutor$Worker@48002e7b[State = -1, empty queue]] WARN  server.GrpcLogAppender (GrpcLogAppender.java:timeoutAppendRequest(209)) - 04d45094-7136-40c1-bdbb-fee737a34122@group-03B580E33239->d3e03273-8c79-4c12-9358-0a8612c41dd7-GrpcLogAppender: appendEntries Timeout, request=04d45094-7136-40c1-bdbb-fee737a34122->d3e03273-8c79-4c12-9358-0a8612c41dd7#40-t7, previous=(t:7, i:10), leaderCommit=10, initializing? false, entries: <empty>
2019-10-18 03:59:39,698 [EventQueue-ContainerReportForContainerReportHandler] WARN  container.ContainerReportHandler (AbstractContainerReportHandler.java:updateContainerState(145)) - Container #1 is in OPEN state, but the datanode 04d45094-7136-40c1-bdbb-fee737a34122{ip: 192.168.157.238, host: trunk-nightly-20191018-rlnr2-3935024321, networkLocation: /default-rack, certSerialId: null} reports an CLOSED replica.
2019-10-18 03:59:39,742 [EventQueue-ContainerReportForContainerReportHandler] WARN  container.ContainerReportHandler (AbstractContainerReportHandler.java:updateContainerState(145)) - Container #1 is in OPEN state, but the datanode 20f566ef-d50a-432c-acfc-b325de8c1be4{ip: 192.168.157.238, host: trunk-nightly-20191018-rlnr2-3935024321, networkLocation: /default-rack, certSerialId: null} reports an CLOSED replica.
2019-10-18 03:59:39,898 [EventQueue-ContainerReportForContainerReportHandler] WARN  container.ContainerReportHandler (AbstractContainerReportHandler.java:updateContainerState(145)) - Container #1 is in OPEN state, but the datanode 04d45094-7136-40c1-bdbb-fee737a34122{ip: 192.168.157.238, host: trunk-nightly-20191018-rlnr2-3935024321, networkLocation: /default-rack, certSerialId: null} reports an CLOSED replica.
2019-10-18 03:59:40,142 [EventQueue-ContainerReportForContainerReportHandler] WARN  container.ContainerReportHandler (AbstractContainerReportHandler.java:updateContainerState(145)) - Container #1 is in OPEN state, but the datanode 20f566ef-d50a-432c-acfc-b325de8c1be4{ip: 192.168.157.238, host: trunk-nightly-20191018-rlnr2-3935024321, networkLocation: /default-rack, certSerialId: null} reports an CLOSED replica.
2019-10-18 03:59:40,299 [EventQueue-ContainerReportForContainerReportHandler] WARN  container.ContainerReportHandler (AbstractContainerReportHandler.java:updateContainerState(145)) - Container #1 is in OPEN state, but the datanode 04d45094-7136-40c1-bdbb-fee737a34122{ip: 192.168.157.238, host: trunk-nightly-20191018-rlnr2-3935024321, networkLocation: /default-rack, certSerialId: null} reports an CLOSED replica.
2019-10-18 03:59:40,427 [BlockDeletingService#2] WARN  background.BlockDeletingService (BlockDeletingService.java:isDeletionAllowed(187)) - Close Container log Index 6 is not replicated across allthe servers in the pipeline defa1269-bd0f-4f76-adbb-03b580e33239 as the min replicated index is 4. Deletion is not allowed in this container yet.
2019-10-18 03:59:40,428 [BlockDeletingService#2] WARN  background.BlockDeletingService (BlockDeletingService.java:isDeletionAllowed(187)) - Close Container log Index 6 is not replicated across allthe servers in the pipeline defa1269-bd0f-4f76-adbb-03b580e33239 as the min replicated index is 4. Deletion is not allowed in this container yet.
2019-10-18 03:59:40,442 [EventQueue-ContainerReportForContainerReportHandler] WARN  container.ContainerReportHandler (AbstractContainerReportHandler.java:updateContainerState(145)) - Container #1 is in OPEN state, but the datanode 20f566ef-d50a-432c-acfc-b325de8c1be4{ip: 192.168.157.238, host: trunk-nightly-20191018-rlnr2-3935024321, networkLocation: /default-rack, certSerialId: null} reports an CLOSED replica.
2019-10-18 03:59:40,599 [EventQueue-ContainerReportForContainerReportHandler] WARN  container.ContainerReportHandler (AbstractContainerReportHandler.java:updateContainerState(145)) - Container #1 is in OPEN state, but the datanode 04d45094-7136-40c1-bdbb-fee737a34122{ip: 192.168.157.238, host: trunk-nightly-20191018-rlnr2-3935024321, networkLocation: /default-rack, certSerialId: null} reports an CLOSED replica.
2019-10-18 03:59:40,742 [EventQueue-ContainerReportForContainerReportHandler] WARN  container.ContainerReportHandler (AbstractContainerReportHandler.java:updateContainerState(145)) - Container #1 is in OPEN state, but the datanode 20f566ef-d50a-432c-acfc-b325de8c1be4{ip: 192.168.157.238, host: trunk-nightly-20191018-rlnr2-3935024321, networkLocation: /default-rack, certSerialId: null} reports an CLOSED replica.
2019-10-18 03:59:40,898 [EventQueue-ContainerReportForContainerReportHandler] WARN  container.ContainerReportHandler (AbstractContainerReportHandler.java:updateContainerState(145)) - Container #1 is in OPEN state, but the datanode 04d45094-7136-40c1-bdbb-fee737a34122{ip: 192.168.157.238, host: trunk-nightly-20191018-rlnr2-3935024321, networkLocation: /default-rack, certSerialId: null} reports an CLOSED replica.
2019-10-18 03:59:41,043 [EventQueue-ContainerReportForContainerReportHandler] WARN  container.ContainerReportHandler (AbstractContainerReportHandler.java:updateContainerState(145)) - Container #1 is in OPEN state, but the datanode 20f566ef-d50a-432c-acfc-b325de8c1be4{ip: 192.168.157.238, host: trunk-nightly-20191018-rlnr2-3935024321, networkLocation: /default-rack, certSerialId: null} reports an CLOSED replica.
2019-10-18 03:59:41,099 [EventQueue-ContainerReportForContainerReportHandler] WARN  container.ContainerReportHandler (AbstractContainerReportHandler.java:updateContainerState(145)) - Container #1 is in OPEN state, but the datanode 04d45094-7136-40c1-bdbb-fee737a34122{ip: 192.168.157.238, host: trunk-nightly-20191018-rlnr2-3935024321, networkLocation: /default-rack, certSerialId: null} reports an CLOSED replica.
2019-10-18 03:59:41,242 [EventQueue-ContainerReportForContainerReportHandler] WARN  container.ContainerReportHandler (AbstractContainerReportHandler.java:updateContainerState(145)) - Container #1 is in OPEN state, but the datanode 20f566ef-d50a-432c-acfc-b325de8c1be4{ip: 192.168.157.238, host: trunk-nightly-20191018-rlnr2-3935024321, networkLocation: /default-rack, certSerialId: null} reports an CLOSED replica.
2019-10-18 03:59:41,430 [BlockDeletingService#2] WARN  background.BlockDeletingService (BlockDeletingService.java:isDeletionAllowed(187)) - Close Container log Index 6 is not replicated across allthe servers in the pipeline defa1269-bd0f-4f76-adbb-03b580e33239 as the min replicated index is 4. Deletion is not allowed in this container yet.
2019-10-18 03:59:41,430 [BlockDeletingService#2] WARN  background.BlockDeletingService (BlockDeletingService.java:isDeletionAllowed(187)) - Close Container log Index 6 is not replicated across allthe servers in the pipeline defa1269-bd0f-4f76-adbb-03b580e33239 as the min replicated index is 4. Deletion is not allowed in this container yet.
2019-10-18 03:59:41,500 [EventQueue-ContainerReportForContainerReportHandler] WARN  container.ContainerReportHandler (AbstractContainerReportHandler.java:updateContainerState(145)) - Container #1 is in OPEN state, but the datanode 04d45094-7136-40c1-bdbb-fee737a34122{ip: 192.168.157.238, host: trunk-nightly-20191018-rlnr2-3935024321, networkLocation: /default-rack, certSerialId: null} reports an CLOSED replica.
2019-10-18 03:59:41,542 [EventQueue-ContainerReportForContainerReportHandler] WARN  container.ContainerReportHandler (AbstractContainerReportHandler.java:updateContainerState(145)) - Container #1 is in OPEN state, but the datanode 20f566ef-d50a-432c-acfc-b325de8c1be4{ip: 192.168.157.238, host: trunk-nightly-20191018-rlnr2-3935024321, networkLocation: /default-rack, certSerialId: null} reports an CLOSED replica.
2019-10-18 03:59:41,699 [EventQueue-ContainerReportForContainerReportHandler] WARN  container.ContainerReportHandler (AbstractContainerReportHandler.java:updateContainerState(145)) - Container #1 is in OPEN state, but the datanode 04d45094-7136-40c1-bdbb-fee737a34122{ip: 192.168.157.238, host: trunk-nightly-20191018-rlnr2-3935024321, networkLocation: /default-rack, certSerialId: null} reports an CLOSED replica.
2019-10-18 03:59:41,842 [EventQueue-ContainerReportForContainerReportHandler] WARN  container.ContainerReportHandler (AbstractContainerReportHandler.java:updateContainerState(145)) - Container #1 is in OPEN state, but the datanode 20f566ef-d50a-432c-acfc-b325de8c1be4{ip: 192.168.157.238, host: trunk-nightly-20191018-rlnr2-3935024321, networkLocation: /default-rack, certSerialId: null} reports an CLOSED replica.
2019-10-18 03:59:41,999 [EventQueue-ContainerReportForContainerReportHandler] WARN  container.ContainerReportHandler (AbstractContainerReportHandler.java:updateContainerState(145)) - Container #1 is in OPEN state, but the datanode 04d45094-7136-40c1-bdbb-fee737a34122{ip: 192.168.157.238, host: trunk-nightly-20191018-rlnr2-3935024321, networkLocation: /default-rack, certSerialId: null} reports an CLOSED replica.
2019-10-18 03:59:42,042 [EventQueue-ContainerReportForContainerReportHandler] WARN  container.ContainerReportHandler (AbstractContainerReportHandler.java:updateContainerState(145)) - Container #1 is in OPEN state, but the datanode 20f566ef-d50a-432c-acfc-b325de8c1be4{ip: 192.168.157.238, host: trunk-nightly-20191018-rlnr2-3935024321, networkLocation: /default-rack, certSerialId: null} reports an CLOSED replica.
2019-10-18 03:59:42,145 [java.util.concurrent.ThreadPoolExecutor$Worker@48002e7b[State = -1, empty queue]] WARN  server.GrpcLogAppender (GrpcLogAppender.java:timeoutAppendRequest(209)) - 04d45094-7136-40c1-bdbb-fee737a34122@group-03B580E33239->d3e03273-8c79-4c12-9358-0a8612c41dd7-GrpcLogAppender: appendEntries Timeout, request=04d45094-7136-40c1-bdbb-fee737a34122->d3e03273-8c79-4c12-9358-0a8612c41dd7#41-t7, previous=(t:7, i:10), leaderCommit=10, initializing? false, entries: <empty>
2019-10-18 03:59:42,299 [EventQueue-ContainerReportForContainerReportHandler] WARN  container.ContainerReportHandler (AbstractContainerReportHandler.java:updateContainerState(145)) - Container #1 is in OPEN state, but the datanode 04d45094-7136-40c1-bdbb-fee737a34122{ip: 192.168.157.238, host: trunk-nightly-20191018-rlnr2-3935024321, networkLocation: /default-rack, certSerialId: null} reports an CLOSED replica.
2019-10-18 03:59:42,432 [BlockDeletingService#2] WARN  background.BlockDeletingService (BlockDeletingService.java:isDeletionAllowed(187)) - Close Container log Index 6 is not replicated across allthe servers in the pipeline defa1269-bd0f-4f76-adbb-03b580e33239 as the min replicated index is 4. Deletion is not allowed in this container yet.
2019-10-18 03:59:42,432 [BlockDeletingService#2] WARN  background.BlockDeletingService (BlockDeletingService.java:isDeletionAllowed(187)) - Close Container log Index 6 is not replicated across allthe servers in the pipeline defa1269-bd0f-4f76-adbb-03b580e33239 as the min replicated index is 4. Deletion is not allowed in this container yet.
2019-10-18 03:59:42,442 [EventQueue-ContainerReportForContainerReportHandler] WARN  container.ContainerReportHandler (AbstractContainerReportHandler.java:updateContainerState(145)) - Container #1 is in OPEN state, but the datanode 20f566ef-d50a-432c-acfc-b325de8c1be4{ip: 192.168.157.238, host: trunk-nightly-20191018-rlnr2-3935024321, networkLocation: /default-rack, certSerialId: null} reports an CLOSED replica.
2019-10-18 03:59:42,499 [EventQueue-ContainerReportForContainerReportHandler] WARN  container.ContainerReportHandler (AbstractContainerReportHandler.java:updateContainerState(145)) - Container #1 is in OPEN state, but the datanode 04d45094-7136-40c1-bdbb-fee737a34122{ip: 192.168.157.238, host: trunk-nightly-20191018-rlnr2-3935024321, networkLocation: /default-rack, certSerialId: null} reports an CLOSED replica.
2019-10-18 03:59:42,742 [EventQueue-ContainerReportForContainerReportHandler] WARN  container.ContainerReportHandler (AbstractContainerReportHandler.java:updateContainerState(145)) - Container #1 is in OPEN state, but the datanode 20f566ef-d50a-432c-acfc-b325de8c1be4{ip: 192.168.157.238, host: trunk-nightly-20191018-rlnr2-3935024321, networkLocation: /default-rack, certSerialId: null} reports an CLOSED replica.
2019-10-18 03:59:42,800 [EventQueue-ContainerReportForContainerReportHandler] WARN  container.ContainerReportHandler (AbstractContainerReportHandler.java:updateContainerState(145)) - Container #1 is in OPEN state, but the datanode 04d45094-7136-40c1-bdbb-fee737a34122{ip: 192.168.157.238, host: trunk-nightly-20191018-rlnr2-3935024321, networkLocation: /default-rack, certSerialId: null} reports an CLOSED replica.
2019-10-18 03:59:43,042 [EventQueue-ContainerReportForContainerReportHandler] WARN  container.ContainerReportHandler (AbstractContainerReportHandler.java:updateContainerState(145)) - Container #1 is in OPEN state, but the datanode 20f566ef-d50a-432c-acfc-b325de8c1be4{ip: 192.168.157.238, host: trunk-nightly-20191018-rlnr2-3935024321, networkLocation: /default-rack, certSerialId: null} reports an CLOSED replica.
2019-10-18 03:59:43,100 [EventQueue-ContainerReportForContainerReportHandler] WARN  container.ContainerReportHandler (AbstractContainerReportHandler.java:updateContainerState(145)) - Container #1 is in OPEN state, but the datanode 04d45094-7136-40c1-bdbb-fee737a34122{ip: 192.168.157.238, host: trunk-nightly-20191018-rlnr2-3935024321, networkLocation: /default-rack, certSerialId: null} reports an CLOSED replica.
2019-10-18 03:59:43,343 [EventQueue-ContainerReportForContainerReportHandler] WARN  container.ContainerReportHandler (AbstractContainerReportHandler.java:updateContainerState(145)) - Container #1 is in OPEN state, but the datanode 20f566ef-d50a-432c-acfc-b325de8c1be4{ip: 192.168.157.238, host: trunk-nightly-20191018-rlnr2-3935024321, networkLocation: /default-rack, certSerialId: null} reports an CLOSED replica.
2019-10-18 03:59:43,433 [BlockDeletingService#2] WARN  background.BlockDeletingService (BlockDeletingService.java:isDeletionAllowed(187)) - Close Container log Index 6 is not replicated across allthe servers in the pipeline defa1269-bd0f-4f76-adbb-03b580e33239 as the min replicated index is 4. Deletion is not allowed in this container yet.
2019-10-18 03:59:43,433 [BlockDeletingService#2] WARN  background.BlockDeletingService (BlockDeletingService.java:isDeletionAllowed(187)) - Close Container log Index 6 is not replicated across allthe servers in the pipeline defa1269-bd0f-4f76-adbb-03b580e33239 as the min replicated index is 4. Deletion is not allowed in this container yet.
2019-10-18 03:59:43,500 [EventQueue-ContainerReportForContainerReportHandler] WARN  container.ContainerReportHandler (AbstractContainerReportHandler.java:updateContainerState(145)) - Container #1 is in OPEN state, but the datanode 04d45094-7136-40c1-bdbb-fee737a34122{ip: 192.168.157.238, host: trunk-nightly-20191018-rlnr2-3935024321, networkLocation: /default-rack, certSerialId: null} reports an CLOSED replica.
2019-10-18 03:59:43,743 [EventQueue-ContainerReportForContainerReportHandler] WARN  container.ContainerReportHandler (AbstractContainerReportHandler.java:updateContainerState(145)) - Container #1 is in OPEN state, but the datanode 20f566ef-d50a-432c-acfc-b325de8c1be4{ip: 192.168.157.238, host: trunk-nightly-20191018-rlnr2-3935024321, networkLocation: /default-rack, certSerialId: null} reports an CLOSED replica.
2019-10-18 03:59:43,800 [EventQueue-ContainerReportForContainerReportHandler] WARN  container.ContainerReportHandler (AbstractContainerReportHandler.java:updateContainerState(145)) - Container #1 is in OPEN state, but the datanode 04d45094-7136-40c1-bdbb-fee737a34122{ip: 192.168.157.238, host: trunk-nightly-20191018-rlnr2-3935024321, networkLocation: /default-rack, certSerialId: null} reports an CLOSED replica.
2019-10-18 03:59:43,943 [EventQueue-ContainerReportForContainerReportHandler] WARN  container.ContainerReportHandler (AbstractContainerReportHandler.java:updateContainerState(145)) - Container #1 is in OPEN state, but the datanode 20f566ef-d50a-432c-acfc-b325de8c1be4{ip: 192.168.157.238, host: trunk-nightly-20191018-rlnr2-3935024321, networkLocation: /default-rack, certSerialId: null} reports an CLOSED replica.
2019-10-18 03:59:44,100 [EventQueue-ContainerReportForContainerReportHandler] WARN  container.ContainerReportHandler (AbstractContainerReportHandler.java:updateContainerState(145)) - Container #1 is in OPEN state, but the datanode 04d45094-7136-40c1-bdbb-fee737a34122{ip: 192.168.157.238, host: trunk-nightly-20191018-rlnr2-3935024321, networkLocation: /default-rack, certSerialId: null} reports an CLOSED replica.
2019-10-18 03:59:44,243 [EventQueue-ContainerReportForContainerReportHandler] WARN  container.ContainerReportHandler (AbstractContainerReportHandler.java:updateContainerState(145)) - Container #1 is in OPEN state, but the datanode 20f566ef-d50a-432c-acfc-b325de8c1be4{ip: 192.168.157.238, host: trunk-nightly-20191018-rlnr2-3935024321, networkLocation: /default-rack, certSerialId: null} reports an CLOSED replica.
2019-10-18 03:59:44,300 [EventQueue-ContainerReportForContainerReportHandler] WARN  container.ContainerReportHandler (AbstractContainerReportHandler.java:updateContainerState(145)) - Container #1 is in OPEN state, but the datanode 04d45094-7136-40c1-bdbb-fee737a34122{ip: 192.168.157.238, host: trunk-nightly-20191018-rlnr2-3935024321, networkLocation: /default-rack, certSerialId: null} reports an CLOSED replica.
2019-10-18 03:59:44,435 [BlockDeletingService#2] WARN  background.BlockDeletingService (BlockDeletingService.java:isDeletionAllowed(187)) - Close Container log Index 6 is not replicated across allthe servers in the pipeline defa1269-bd0f-4f76-adbb-03b580e33239 as the min replicated index is 4. Deletion is not allowed in this container yet.
2019-10-18 03:59:44,435 [BlockDeletingService#2] WARN  background.BlockDeletingService (BlockDeletingService.java:isDeletionAllowed(187)) - Close Container log Index 6 is not replicated across allthe servers in the pipeline defa1269-bd0f-4f76-adbb-03b580e33239 as the min replicated index is 4. Deletion is not allowed in this container yet.
2019-10-18 03:59:44,601 [EventQueue-ContainerReportForContainerReportHandler] WARN  container.ContainerReportHandler (AbstractContainerReportHandler.java:updateContainerState(145)) - Container #1 is in OPEN state, but the datanode 04d45094-7136-40c1-bdbb-fee737a34122{ip: 192.168.157.238, host: trunk-nightly-20191018-rlnr2-3935024321, networkLocation: /default-rack, certSerialId: null} reports an CLOSED replica.
2019-10-18 03:59:44,643 [EventQueue-ContainerReportForContainerReportHandler] WARN  container.ContainerReportHandler (AbstractContainerReportHandler.java:updateContainerState(145)) - Container #1 is in OPEN state, but the datanode 20f566ef-d50a-432c-acfc-b325de8c1be4{ip: 192.168.157.238, host: trunk-nightly-20191018-rlnr2-3935024321, networkLocation: /default-rack, certSerialId: null} reports an CLOSED replica.
2019-10-18 03:59:44,648 [java.util.concurrent.ThreadPoolExecutor$Worker@48002e7b[State = -1, empty queue]] WARN  server.GrpcLogAppender (GrpcLogAppender.java:timeoutAppendRequest(209)) - 04d45094-7136-40c1-bdbb-fee737a34122@group-03B580E33239->d3e03273-8c79-4c12-9358-0a8612c41dd7-GrpcLogAppender: appendEntries Timeout, request=04d45094-7136-40c1-bdbb-fee737a34122->d3e03273-8c79-4c12-9358-0a8612c41dd7#42-t7, previous=(t:7, i:10), leaderCommit=10, initializing? false, entries: <empty>
2019-10-18 03:59:44,902 [EventQueue-ContainerReportForContainerReportHandler] WARN  container.ContainerReportHandler (AbstractContainerReportHandler.java:updateContainerState(145)) - Container #1 is in OPEN state, but the datanode 04d45094-7136-40c1-bdbb-fee737a34122{ip: 192.168.157.238, host: trunk-nightly-20191018-rlnr2-3935024321, networkLocation: /default-rack, certSerialId: null} reports an CLOSED replica.
2019-10-18 03:59:44,946 [EventQueue-ContainerReportForContainerReportHandler] WARN  container.ContainerReportHandler (AbstractContainerReportHandler.java:updateContainerState(145)) - Container #1 is in OPEN state, but the datanode 20f566ef-d50a-432c-acfc-b325de8c1be4{ip: 192.168.157.238, host: trunk-nightly-20191018-rlnr2-3935024321, networkLocation: /default-rack, certSerialId: null} reports an CLOSED replica.
2019-10-18 03:59:45,203 [EventQueue-ContainerReportForContainerReportHandler] WARN  container.ContainerReportHandler (AbstractContainerReportHandler.java:updateContainerState(145)) - Container #1 is in OPEN state, but the datanode 04d45094-7136-40c1-bdbb-fee737a34122{ip: 192.168.157.238, host: trunk-nightly-20191018-rlnr2-3935024321, networkLocation: /default-rack, certSerialId: null} reports an CLOSED replica.
2019-10-18 03:59:45,238 [Thread-506] INFO  client.GrpcClientProtocolService (GrpcClientProtocolService.java:lambda$processClientRequest$0(278)) - Failed RaftClientRequest:client-3EDA899B7DA2->20f566ef-d50a-432c-acfc-b325de8c1be4@group-03B580E33239, cid=10, seq=0, Watch-ALL_COMMITTED(6), Message:<EMPTY>, reply=RaftClientReply:client-3EDA899B7DA2->20f566ef-d50a-432c-acfc-b325de8c1be4@group-03B580E33239, cid=10, FAILED org.apache.ratis.protocol.NotLeaderException: Server 20f566ef-d50a-432c-acfc-b325de8c1be4@group-03B580E33239 is not the leader 04d45094-7136-40c1-bdbb-fee737a34122:192.168.157.238:41949, logIndex=0, commits[20f566ef-d50a-432c-acfc-b325de8c1be4:c10, d3e03273-8c79-4c12-9358-0a8612c41dd7:c4, 04d45094-7136-40c1-bdbb-fee737a34122:c10]
2019-10-18 03:59:45,349 [EventQueue-ContainerReportForContainerReportHandler] WARN  container.ContainerReportHandler (AbstractContainerReportHandler.java:updateContainerState(145)) - Container #1 is in OPEN state, but the datanode 20f566ef-d50a-432c-acfc-b325de8c1be4{ip: 192.168.157.238, host: trunk-nightly-20191018-rlnr2-3935024321, networkLocation: /default-rack, certSerialId: null} reports an CLOSED replica.
2019-10-18 03:59:45,437 [BlockDeletingService#2] WARN  background.BlockDeletingService (BlockDeletingService.java:isDeletionAllowed(187)) - Close Container log Index 6 is not replicated across allthe servers in the pipeline defa1269-bd0f-4f76-adbb-03b580e33239 as the min replicated index is 4. Deletion is not allowed in this container yet.
2019-10-18 03:59:45,439 [BlockDeletingService#2] WARN  background.BlockDeletingService (BlockDeletingService.java:isDeletionAllowed(187)) - Close Container log Index 6 is not replicated across allthe servers in the pipeline defa1269-bd0f-4f76-adbb-03b580e33239 as the min replicated index is 4. Deletion is not allowed in this container yet.
2019-10-18 03:59:45,602 [EventQueue-ContainerReportForContainerReportHandler] WARN  container.ContainerReportHandler (AbstractContainerReportHandler.java:updateContainerState(145)) - Container #1 is in OPEN state, but the datanode 04d45094-7136-40c1-bdbb-fee737a34122{ip: 192.168.157.238, host: trunk-nightly-20191018-rlnr2-3935024321, networkLocation: /default-rack, certSerialId: null} reports an CLOSED replica.
2019-10-18 03:59:45,649 [EventQueue-ContainerReportForContainerReportHandler] WARN  container.ContainerReportHandler (AbstractContainerReportHandler.java:updateContainerState(145)) - Container #1 is in OPEN state, but the datanode 20f566ef-d50a-432c-acfc-b325de8c1be4{ip: 192.168.157.238, host: trunk-nightly-20191018-rlnr2-3935024321, networkLocation: /default-rack, certSerialId: null} reports an CLOSED replica.
2019-10-18 03:59:45,902 [EventQueue-ContainerReportForContainerReportHandler] WARN  container.ContainerReportHandler (AbstractContainerReportHandler.java:updateContainerState(145)) - Container #1 is in OPEN state, but the datanode 04d45094-7136-40c1-bdbb-fee737a34122{ip: 192.168.157.238, host: trunk-nightly-20191018-rlnr2-3935024321, networkLocation: /default-rack, certSerialId: null} reports an CLOSED replica.
2019-10-18 03:59:46,050 [EventQueue-ContainerReportForContainerReportHandler] WARN  container.ContainerReportHandler (AbstractContainerReportHandler.java:updateContainerState(145)) - Container #1 is in OPEN state, but the datanode 20f566ef-d50a-432c-acfc-b325de8c1be4{ip: 192.168.157.238, host: trunk-nightly-20191018-rlnr2-3935024321, networkLocation: /default-rack, certSerialId: null} reports an CLOSED replica.
2019-10-18 03:59:46,204 [EventQueue-ContainerReportForContainerReportHandler] WARN  container.ContainerReportHandler (AbstractContainerReportHandler.java:updateContainerState(145)) - Container #1 is in OPEN state, but the datanode 04d45094-7136-40c1-bdbb-fee737a34122{ip: 192.168.157.238, host: trunk-nightly-20191018-rlnr2-3935024321, networkLocation: /default-rack, certSerialId: null} reports an CLOSED replica.
2019-10-18 03:59:46,250 [EventQueue-ContainerReportForContainerReportHandler] WARN  container.ContainerReportHandler (AbstractContainerReportHandler.java:updateContainerState(145)) - Container #1 is in OPEN state, but the datanode 20f566ef-d50a-432c-acfc-b325de8c1be4{ip: 192.168.157.238, host: trunk-nightly-20191018-rlnr2-3935024321, networkLocation: /default-rack, certSerialId: null} reports an CLOSED replica.
2019-10-18 03:59:46,441 [BlockDeletingService#2] WARN  background.BlockDeletingService (BlockDeletingService.java:isDeletionAllowed(187)) - Close Container log Index 6 is not replicated across allthe servers in the pipeline defa1269-bd0f-4f76-adbb-03b580e33239 as the min replicated index is 4. Deletion is not allowed in this container yet.
2019-10-18 03:59:46,441 [BlockDeletingService#2] WARN  background.BlockDeletingService (BlockDeletingService.java:isDeletionAllowed(187)) - Close Container log Index 6 is not replicated across allthe servers in the pipeline defa1269-bd0f-4f76-adbb-03b580e33239 as the min replicated index is 4. Deletion is not allowed in this container yet.
2019-10-18 03:59:46,505 [EventQueue-ContainerReportForContainerReportHandler] WARN  container.ContainerReportHandler (AbstractContainerReportHandler.java:updateContainerState(145)) - Container #1 is in OPEN state, but the datanode 04d45094-7136-40c1-bdbb-fee737a34122{ip: 192.168.157.238, host: trunk-nightly-20191018-rlnr2-3935024321, networkLocation: /default-rack, certSerialId: null} reports an CLOSED replica.
2019-10-18 03:59:46,584 [Thread-513] INFO  client.GrpcClientProtocolService (GrpcClientProtocolService.java:lambda$processClientRequest$0(278)) - Failed RaftClientRequest:client-3EDA899B7DA2->04d45094-7136-40c1-bdbb-fee737a34122@group-03B580E33239, cid=10, seq=0, Watch-ALL_COMMITTED(6), Message:<EMPTY>, reply=RaftClientReply:client-3EDA899B7DA2->04d45094-7136-40c1-bdbb-fee737a34122@group-03B580E33239, cid=10, FAILED org.apache.ratis.protocol.NotReplicatedException: Request with call Id 10 and log index 6 is not yet replicated to ALL_COMMITTED, logIndex=6, commits[04d45094-7136-40c1-bdbb-fee737a34122:c10, 20f566ef-d50a-432c-acfc-b325de8c1be4:c10, d3e03273-8c79-4c12-9358-0a8612c41dd7:c4]
2019-10-18 03:59:46,650 [EventQueue-ContainerReportForContainerReportHandler] WARN  container.ContainerReportHandler (AbstractContainerReportHandler.java:updateContainerState(145)) - Container #1 is in OPEN state, but the datanode 20f566ef-d50a-432c-acfc-b325de8c1be4{ip: 192.168.157.238, host: trunk-nightly-20191018-rlnr2-3935024321, networkLocation: /default-rack, certSerialId: null} reports an CLOSED replica.
2019-10-18 03:59:46,805 [EventQueue-ContainerReportForContainerReportHandler] WARN  container.ContainerReportHandler (AbstractContainerReportHandler.java:updateContainerState(145)) - Container #1 is in OPEN state, but the datanode 04d45094-7136-40c1-bdbb-fee737a34122{ip: 192.168.157.238, host: trunk-nightly-20191018-rlnr2-3935024321, networkLocation: /default-rack, certSerialId: null} reports an CLOSED replica.
2019-10-18 03:59:47,051 [EventQueue-ContainerReportForContainerReportHandler] WARN  container.ContainerReportHandler (AbstractContainerReportHandler.java:updateContainerState(145)) - Container #1 is in OPEN state, but the datanode 20f566ef-d50a-432c-acfc-b325de8c1be4{ip: 192.168.157.238, host: trunk-nightly-20191018-rlnr2-3935024321, networkLocation: /default-rack, certSerialId: null} reports an CLOSED replica.
2019-10-18 03:59:47,106 [EventQueue-ContainerReportForContainerReportHandler] WARN  container.ContainerReportHandler (AbstractContainerReportHandler.java:updateContainerState(145)) - Container #1 is in OPEN state, but the datanode 04d45094-7136-40c1-bdbb-fee737a34122{ip: 192.168.157.238, host: trunk-nightly-20191018-rlnr2-3935024321, networkLocation: /default-rack, certSerialId: null} reports an CLOSED replica.
2019-10-18 03:59:47,149 [java.util.concurrent.ThreadPoolExecutor$Worker@48002e7b[State = -1, empty queue]] WARN  server.GrpcLogAppender (GrpcLogAppender.java:timeoutAppendRequest(209)) - 04d45094-7136-40c1-bdbb-fee737a34122@group-03B580E33239->d3e03273-8c79-4c12-9358-0a8612c41dd7-GrpcLogAppender: appendEntries Timeout, request=04d45094-7136-40c1-bdbb-fee737a34122->d3e03273-8c79-4c12-9358-0a8612c41dd7#43-t7, previous=(t:7, i:10), leaderCommit=10, initializing? false, entries: <empty>
2019-10-18 03:59:47,250 [EventQueue-ContainerReportForContainerReportHandler] WARN  container.ContainerReportHandler (AbstractContainerReportHandler.java:updateContainerState(145)) - Container #1 is in OPEN state, but the datanode 20f566ef-d50a-432c-acfc-b325de8c1be4{ip: 192.168.157.238, host: trunk-nightly-20191018-rlnr2-3935024321, networkLocation: /default-rack, certSerialId: null} reports an CLOSED replica.
2019-10-18 03:59:47,305 [EventQueue-ContainerReportForContainerReportHandler] WARN  container.ContainerReportHandler (AbstractContainerReportHandler.java:updateContainerState(145)) - Container #1 is in OPEN state, but the datanode 04d45094-7136-40c1-bdbb-fee737a34122{ip: 192.168.157.238, host: trunk-nightly-20191018-rlnr2-3935024321, networkLocation: /default-rack, certSerialId: null} reports an CLOSED replica.
2019-10-18 03:59:47,443 [BlockDeletingService#2] WARN  background.BlockDeletingService (BlockDeletingService.java:isDeletionAllowed(187)) - Close Container log Index 6 is not replicated across allthe servers in the pipeline defa1269-bd0f-4f76-adbb-03b580e33239 as the min replicated index is 4. Deletion is not allowed in this container yet.
2019-10-18 03:59:47,443 [BlockDeletingService#2] WARN  background.BlockDeletingService (BlockDeletingService.java:isDeletionAllowed(187)) - Close Container log Index 6 is not replicated across allthe servers in the pipeline defa1269-bd0f-4f76-adbb-03b580e33239 as the min replicated index is 4. Deletion is not allowed in this container yet.
2019-10-18 03:59:47,450 [EventQueue-ContainerReportForContainerReportHandler] WARN  container.ContainerReportHandler (AbstractContainerReportHandler.java:updateContainerState(145)) - Container #1 is in OPEN state, but the datanode 20f566ef-d50a-432c-acfc-b325de8c1be4{ip: 192.168.157.238, host: trunk-nightly-20191018-rlnr2-3935024321, networkLocation: /default-rack, certSerialId: null} reports an CLOSED replica.
2019-10-18 03:59:47,606 [EventQueue-ContainerReportForContainerReportHandler] WARN  container.ContainerReportHandler (AbstractContainerReportHandler.java:updateContainerState(145)) - Container #1 is in OPEN state, but the datanode 04d45094-7136-40c1-bdbb-fee737a34122{ip: 192.168.157.238, host: trunk-nightly-20191018-rlnr2-3935024321, networkLocation: /default-rack, certSerialId: null} reports an CLOSED replica.
2019-10-18 03:59:47,750 [EventQueue-ContainerReportForContainerReportHandler] WARN  container.ContainerReportHandler (AbstractContainerReportHandler.java:updateContainerState(145)) - Container #1 is in OPEN state, but the datanode 20f566ef-d50a-432c-acfc-b325de8c1be4{ip: 192.168.157.238, host: trunk-nightly-20191018-rlnr2-3935024321, networkLocation: /default-rack, certSerialId: null} reports an CLOSED replica.
2019-10-18 03:59:47,951 [EventQueue-ContainerReportForContainerReportHandler] WARN  container.ContainerReportHandler (AbstractContainerReportHandler.java:updateContainerState(145)) - Container #1 is in OPEN state, but the datanode 20f566ef-d50a-432c-acfc-b325de8c1be4{ip: 192.168.157.238, host: trunk-nightly-20191018-rlnr2-3935024321, networkLocation: /default-rack, certSerialId: null} reports an CLOSED replica.
2019-10-18 03:59:48,005 [EventQueue-ContainerReportForContainerReportHandler] WARN  container.ContainerReportHandler (AbstractContainerReportHandler.java:updateContainerState(145)) - Container #1 is in OPEN state, but the datanode 04d45094-7136-40c1-bdbb-fee737a34122{ip: 192.168.157.238, host: trunk-nightly-20191018-rlnr2-3935024321, networkLocation: /default-rack, certSerialId: null} reports an CLOSED replica.
2019-10-18 03:59:48,251 [EventQueue-ContainerReportForContainerReportHandler] WARN  container.ContainerReportHandler (AbstractContainerReportHandler.java:updateContainerState(145)) - Container #1 is in OPEN state, but the datanode 20f566ef-d50a-432c-acfc-b325de8c1be4{ip: 192.168.157.238, host: trunk-nightly-20191018-rlnr2-3935024321, networkLocation: /default-rack, certSerialId: null} reports an CLOSED replica.
2019-10-18 03:59:48,305 [EventQueue-ContainerReportForContainerReportHandler] WARN  container.ContainerReportHandler (AbstractContainerReportHandler.java:updateContainerState(145)) - Container #1 is in OPEN state, but the datanode 04d45094-7136-40c1-bdbb-fee737a34122{ip: 192.168.157.238, host: trunk-nightly-20191018-rlnr2-3935024321, networkLocation: /default-rack, certSerialId: null} reports an CLOSED replica.
2019-10-18 03:59:48,445 [BlockDeletingService#2] WARN  background.BlockDeletingService (BlockDeletingService.java:isDeletionAllowed(187)) - Close Container log Index 6 is not replicated across allthe servers in the pipeline defa1269-bd0f-4f76-adbb-03b580e33239 as the min replicated index is 4. Deletion is not allowed in this container yet.
2019-10-18 03:59:48,445 [BlockDeletingService#2] WARN  background.BlockDeletingService (BlockDeletingService.java:isDeletionAllowed(187)) - Close Container log Index 6 is not replicated across allthe servers in the pipeline defa1269-bd0f-4f76-adbb-03b580e33239 as the min replicated index is 4. Deletion is not allowed in this container yet.
2019-10-18 03:59:48,451 [EventQueue-ContainerReportForContainerReportHandler] WARN  container.ContainerReportHandler (AbstractContainerReportHandler.java:updateContainerState(145)) - Container #1 is in OPEN state, but the datanode 20f566ef-d50a-432c-acfc-b325de8c1be4{ip: 192.168.157.238, host: trunk-nightly-20191018-rlnr2-3935024321, networkLocation: /default-rack, certSerialId: null} reports an CLOSED replica.
2019-10-18 03:59:48,605 [EventQueue-ContainerReportForContainerReportHandler] WARN  container.ContainerReportHandler (AbstractContainerReportHandler.java:updateContainerState(145)) - Container #1 is in OPEN state, but the datanode 04d45094-7136-40c1-bdbb-fee737a34122{ip: 192.168.157.238, host: trunk-nightly-20191018-rlnr2-3935024321, networkLocation: /default-rack, certSerialId: null} reports an CLOSED replica.
2019-10-18 03:59:48,752 [EventQueue-ContainerReportForContainerReportHandler] WARN  container.ContainerReportHandler (AbstractContainerReportHandler.java:updateContainerState(145)) - Container #1 is in OPEN state, but the datanode 20f566ef-d50a-432c-acfc-b325de8c1be4{ip: 192.168.157.238, host: trunk-nightly-20191018-rlnr2-3935024321, networkLocation: /default-rack, certSerialId: null} reports an CLOSED replica.
2019-10-18 03:59:48,905 [EventQueue-ContainerReportForContainerReportHandler] WARN  container.ContainerReportHandler (AbstractContainerReportHandler.java:updateContainerState(145)) - Container #1 is in OPEN state, but the datanode 04d45094-7136-40c1-bdbb-fee737a34122{ip: 192.168.157.238, host: trunk-nightly-20191018-rlnr2-3935024321, networkLocation: /default-rack, certSerialId: null} reports an CLOSED replica.
2019-10-18 03:59:49,051 [EventQueue-ContainerReportForContainerReportHandler] WARN  container.ContainerReportHandler (AbstractContainerReportHandler.java:updateContainerState(145)) - Container #1 is in OPEN state, but the datanode 20f566ef-d50a-432c-acfc-b325de8c1be4{ip: 192.168.157.238, host: trunk-nightly-20191018-rlnr2-3935024321, networkLocation: /default-rack, certSerialId: null} reports an CLOSED replica.
2019-10-18 03:59:49,206 [EventQueue-ContainerReportForContainerReportHandler] WARN  container.ContainerReportHandler (AbstractContainerReportHandler.java:updateContainerState(145)) - Container #1 is in OPEN state, but the datanode 04d45094-7136-40c1-bdbb-fee737a34122{ip: 192.168.157.238, host: trunk-nightly-20191018-rlnr2-3935024321, networkLocation: /default-rack, certSerialId: null} reports an CLOSED replica.
2019-10-18 03:59:49,252 [EventQueue-ContainerReportForContainerReportHandler] WARN  container.ContainerReportHandler (AbstractContainerReportHandler.java:updateContainerState(145)) - Container #1 is in OPEN state, but the datanode 20f566ef-d50a-432c-acfc-b325de8c1be4{ip: 192.168.157.238, host: trunk-nightly-20191018-rlnr2-3935024321, networkLocation: /default-rack, certSerialId: null} reports an CLOSED replica.
2019-10-18 03:59:49,447 [BlockDeletingService#2] WARN  background.BlockDeletingService (BlockDeletingService.java:isDeletionAllowed(187)) - Close Container log Index 6 is not replicated across allthe servers in the pipeline defa1269-bd0f-4f76-adbb-03b580e33239 as the min replicated index is 4. Deletion is not allowed in this container yet.
2019-10-18 03:59:49,447 [BlockDeletingService#2] WARN  background.BlockDeletingService (BlockDeletingService.java:isDeletionAllowed(187)) - Close Container log Index 6 is not replicated across allthe servers in the pipeline defa1269-bd0f-4f76-adbb-03b580e33239 as the min replicated index is 4. Deletion is not allowed in this container yet.
2019-10-18 03:59:49,451 [EventQueue-ContainerReportForContainerReportHandler] WARN  container.ContainerReportHandler (AbstractContainerReportHandler.java:updateContainerState(145)) - Container #1 is in OPEN state, but the datanode 20f566ef-d50a-432c-acfc-b325de8c1be4{ip: 192.168.157.238, host: trunk-nightly-20191018-rlnr2-3935024321, networkLocation: /default-rack, certSerialId: null} reports an CLOSED replica.
2019-10-18 03:59:49,606 [EventQueue-ContainerReportForContainerReportHandler] WARN  container.ContainerReportHandler (AbstractContainerReportHandler.java:updateContainerState(145)) - Container #1 is in OPEN state, but the datanode 04d45094-7136-40c1-bdbb-fee737a34122{ip: 192.168.157.238, host: trunk-nightly-20191018-rlnr2-3935024321, networkLocation: /default-rack, certSerialId: null} reports an CLOSED replica.
2019-10-18 03:59:49,650 [java.util.concurrent.ThreadPoolExecutor$Worker@48002e7b[State = -1, empty queue]] WARN  server.GrpcLogAppender (GrpcLogAppender.java:timeoutAppendRequest(209)) - 04d45094-7136-40c1-bdbb-fee737a34122@group-03B580E33239->d3e03273-8c79-4c12-9358-0a8612c41dd7-GrpcLogAppender: appendEntries Timeout, request=04d45094-7136-40c1-bdbb-fee737a34122->d3e03273-8c79-4c12-9358-0a8612c41dd7#44-t7, previous=(t:7, i:10), leaderCommit=10, initializing? false, entries: <empty>
2019-10-18 03:59:49,751 [EventQueue-ContainerReportForContainerReportHandler] WARN  container.ContainerReportHandler (AbstractContainerReportHandler.java:updateContainerState(145)) - Container #1 is in OPEN state, but the datanode 20f566ef-d50a-432c-acfc-b325de8c1be4{ip: 192.168.157.238, host: trunk-nightly-20191018-rlnr2-3935024321, networkLocation: /default-rack, certSerialId: null} reports an CLOSED replica.
2019-10-18 03:59:50,006 [EventQueue-ContainerReportForContainerReportHandler] WARN  container.ContainerReportHandler (AbstractContainerReportHandler.java:updateContainerState(145)) - Container #1 is in OPEN state, but the datanode 04d45094-7136-40c1-bdbb-fee737a34122{ip: 192.168.157.238, host: trunk-nightly-20191018-rlnr2-3935024321, networkLocation: /default-rack, certSerialId: null} reports an CLOSED replica.
2019-10-18 03:59:50,152 [EventQueue-ContainerReportForContainerReportHandler] WARN  container.ContainerReportHandler (AbstractContainerReportHandler.java:updateContainerState(145)) - Container #1 is in OPEN state, but the datanode 20f566ef-d50a-432c-acfc-b325de8c1be4{ip: 192.168.157.238, host: trunk-nightly-20191018-rlnr2-3935024321, networkLocation: /default-rack, certSerialId: null} reports an CLOSED replica.
2019-10-18 03:59:50,206 [EventQueue-ContainerReportForContainerReportHandler] WARN  container.ContainerReportHandler (AbstractContainerReportHandler.java:updateContainerState(145)) - Container #1 is in OPEN state, but the datanode 04d45094-7136-40c1-bdbb-fee737a34122{ip: 192.168.157.238, host: trunk-nightly-20191018-rlnr2-3935024321, networkLocation: /default-rack, certSerialId: null} reports an CLOSED replica.
2019-10-18 03:59:50,449 [BlockDeletingService#2] WARN  background.BlockDeletingService (BlockDeletingService.java:isDeletionAllowed(187)) - Close Container log Index 6 is not replicated across allthe servers in the pipeline defa1269-bd0f-4f76-adbb-03b580e33239 as the min replicated index is 4. Deletion is not allowed in this container yet.
2019-10-18 03:59:50,449 [BlockDeletingService#2] WARN  background.BlockDeletingService (BlockDeletingService.java:isDeletionAllowed(187)) - Close Container log Index 6 is not replicated across allthe servers in the pipeline defa1269-bd0f-4f76-adbb-03b580e33239 as the min replicated index is 4. Deletion is not allowed in this container yet.
2019-10-18 03:59:50,452 [EventQueue-ContainerReportForContainerReportHandler] WARN  container.ContainerReportHandler (AbstractContainerReportHandler.java:updateContainerState(145)) - Container #1 is in OPEN state, but the datanode 20f566ef-d50a-432c-acfc-b325de8c1be4{ip: 192.168.157.238, host: trunk-nightly-20191018-rlnr2-3935024321, networkLocation: /default-rack, certSerialId: null} reports an CLOSED replica.
2019-10-18 03:59:50,606 [EventQueue-ContainerReportForContainerReportHandler] WARN  container.ContainerReportHandler (AbstractContainerReportHandler.java:updateContainerState(145)) - Container #1 is in OPEN state, but the datanode 04d45094-7136-40c1-bdbb-fee737a34122{ip: 192.168.157.238, host: trunk-nightly-20191018-rlnr2-3935024321, networkLocation: /default-rack, certSerialId: null} reports an CLOSED replica.
2019-10-18 03:59:50,752 [EventQueue-ContainerReportForContainerReportHandler] WARN  container.ContainerReportHandler (AbstractContainerReportHandler.java:updateContainerState(145)) - Container #1 is in OPEN state, but the datanode 20f566ef-d50a-432c-acfc-b325de8c1be4{ip: 192.168.157.238, host: trunk-nightly-20191018-rlnr2-3935024321, networkLocation: /default-rack, certSerialId: null} reports an CLOSED replica.
2019-10-18 03:59:50,906 [EventQueue-ContainerReportForContainerReportHandler] WARN  container.ContainerReportHandler (AbstractContainerReportHandler.java:updateContainerState(145)) - Container #1 is in OPEN state, but the datanode 04d45094-7136-40c1-bdbb-fee737a34122{ip: 192.168.157.238, host: trunk-nightly-20191018-rlnr2-3935024321, networkLocation: /default-rack, certSerialId: null} reports an CLOSED replica.
2019-10-18 03:59:51,106 [EventQueue-ContainerReportForContainerReportHandler] WARN  container.ContainerReportHandler (AbstractContainerReportHandler.java:updateContainerState(145)) - Container #1 is in OPEN state, but the datanode 04d45094-7136-40c1-bdbb-fee737a34122{ip: 192.168.157.238, host: trunk-nightly-20191018-rlnr2-3935024321, networkLocation: /default-rack, certSerialId: null} reports an CLOSED replica.
2019-10-18 03:59:51,152 [EventQueue-ContainerReportForContainerReportHandler] WARN  container.ContainerReportHandler (AbstractContainerReportHandler.java:updateContainerState(145)) - Container #1 is in OPEN state, but the datanode 20f566ef-d50a-432c-acfc-b325de8c1be4{ip: 192.168.157.238, host: trunk-nightly-20191018-rlnr2-3935024321, networkLocation: /default-rack, certSerialId: null} reports an CLOSED replica.
2019-10-18 03:59:51,450 [BlockDeletingService#2] WARN  background.BlockDeletingService (BlockDeletingService.java:isDeletionAllowed(187)) - Close Container log Index 6 is not replicated across allthe servers in the pipeline defa1269-bd0f-4f76-adbb-03b580e33239 as the min replicated index is 4. Deletion is not allowed in this container yet.
2019-10-18 03:59:51,451 [BlockDeletingService#2] WARN  background.BlockDeletingService (BlockDeletingService.java:isDeletionAllowed(187)) - Close Container log Index 6 is not replicated across allthe servers in the pipeline defa1269-bd0f-4f76-adbb-03b580e33239 as the min replicated index is 4. Deletion is not allowed in this container yet.
2019-10-18 03:59:51,452 [EventQueue-ContainerReportForContainerReportHandler] WARN  container.ContainerReportHandler (AbstractContainerReportHandler.java:updateContainerState(145)) - Container #1 is in OPEN state, but the datanode 20f566ef-d50a-432c-acfc-b325de8c1be4{ip: 192.168.157.238, host: trunk-nightly-20191018-rlnr2-3935024321, networkLocation: /default-rack, certSerialId: null} reports an CLOSED replica.
2019-10-18 03:59:51,507 [EventQueue-ContainerReportForContainerReportHandler] WARN  container.ContainerReportHandler (AbstractContainerReportHandler.java:updateContainerState(145)) - Container #1 is in OPEN state, but the datanode 04d45094-7136-40c1-bdbb-fee737a34122{ip: 192.168.157.238, host: trunk-nightly-20191018-rlnr2-3935024321, networkLocation: /default-rack, certSerialId: null} reports an CLOSED replica.
2019-10-18 03:59:51,752 [EventQueue-ContainerReportForContainerReportHandler] WARN  container.ContainerReportHandler (AbstractContainerReportHandler.java:updateContainerState(145)) - Container #1 is in OPEN state, but the datanode 20f566ef-d50a-432c-acfc-b325de8c1be4{ip: 192.168.157.238, host: trunk-nightly-20191018-rlnr2-3935024321, networkLocation: /default-rack, certSerialId: null} reports an CLOSED replica.
2019-10-18 03:59:51,809 [EventQueue-ContainerReportForContainerReportHandler] WARN  container.ContainerReportHandler (AbstractContainerReportHandler.java:updateContainerState(145)) - Container #1 is in OPEN state, but the datanode 04d45094-7136-40c1-bdbb-fee737a34122{ip: 192.168.157.238, host: trunk-nightly-20191018-rlnr2-3935024321, networkLocation: /default-rack, certSerialId: null} reports an CLOSED replica.
2019-10-18 03:59:52,052 [EventQueue-ContainerReportForContainerReportHandler] WARN  container.ContainerReportHandler (AbstractContainerReportHandler.java:updateContainerState(145)) - Container #1 is in OPEN state, but the datanode 20f566ef-d50a-432c-acfc-b325de8c1be4{ip: 192.168.157.238, host: trunk-nightly-20191018-rlnr2-3935024321, networkLocation: /default-rack, certSerialId: null} reports an CLOSED replica.
2019-10-18 03:59:52,152 [java.util.concurrent.ThreadPoolExecutor$Worker@48002e7b[State = -1, empty queue]] WARN  server.GrpcLogAppender (GrpcLogAppender.java:timeoutAppendRequest(209)) - 04d45094-7136-40c1-bdbb-fee737a34122@group-03B580E33239->d3e03273-8c79-4c12-9358-0a8612c41dd7-GrpcLogAppender: appendEntries Timeout, request=04d45094-7136-40c1-bdbb-fee737a34122->d3e03273-8c79-4c12-9358-0a8612c41dd7#45-t7, previous=(t:7, i:10), leaderCommit=10, initializing? false, entries: <empty>
2019-10-18 03:59:52,209 [EventQueue-ContainerReportForContainerReportHandler] WARN  container.ContainerReportHandler (AbstractContainerReportHandler.java:updateContainerState(145)) - Container #1 is in OPEN state, but the datanode 04d45094-7136-40c1-bdbb-fee737a34122{ip: 192.168.157.238, host: trunk-nightly-20191018-rlnr2-3935024321, networkLocation: /default-rack, certSerialId: null} reports an CLOSED replica.
2019-10-18 03:59:52,352 [EventQueue-ContainerReportForContainerReportHandler] WARN  container.ContainerReportHandler (AbstractContainerReportHandler.java:updateContainerState(145)) - Container #1 is in OPEN state, but the datanode 20f566ef-d50a-432c-acfc-b325de8c1be4{ip: 192.168.157.238, host: trunk-nightly-20191018-rlnr2-3935024321, networkLocation: /default-rack, certSerialId: null} reports an CLOSED replica.
2019-10-18 03:59:52,409 [EventQueue-ContainerReportForContainerReportHandler] WARN  container.ContainerReportHandler (AbstractContainerReportHandler.java:updateContainerState(145)) - Container #1 is in OPEN state, but the datanode 04d45094-7136-40c1-bdbb-fee737a34122{ip: 192.168.157.238, host: trunk-nightly-20191018-rlnr2-3935024321, networkLocation: /default-rack, certSerialId: null} reports an CLOSED replica.
2019-10-18 03:59:52,452 [BlockDeletingService#2] WARN  background.BlockDeletingService (BlockDeletingService.java:isDeletionAllowed(187)) - Close Container log Index 6 is not replicated across allthe servers in the pipeline defa1269-bd0f-4f76-adbb-03b580e33239 as the min replicated index is 4. Deletion is not allowed in this container yet.
2019-10-18 03:59:52,452 [BlockDeletingService#2] WARN  background.BlockDeletingService (BlockDeletingService.java:isDeletionAllowed(187)) - Close Container log Index 6 is not replicated across allthe servers in the pipeline defa1269-bd0f-4f76-adbb-03b580e33239 as the min replicated index is 4. Deletion is not allowed in this container yet.
2019-10-18 03:59:52,553 [EventQueue-ContainerReportForContainerReportHandler] WARN  container.ContainerReportHandler (AbstractContainerReportHandler.java:updateContainerState(145)) - Container #1 is in OPEN state, but the datanode 20f566ef-d50a-432c-acfc-b325de8c1be4{ip: 192.168.157.238, host: trunk-nightly-20191018-rlnr2-3935024321, networkLocation: /default-rack, certSerialId: null} reports an CLOSED replica.
2019-10-18 03:59:52,711 [EventQueue-ContainerReportForContainerReportHandler] WARN  container.ContainerReportHandler (AbstractContainerReportHandler.java:updateContainerState(145)) - Container #1 is in OPEN state, but the datanode 04d45094-7136-40c1-bdbb-fee737a34122{ip: 192.168.157.238, host: trunk-nightly-20191018-rlnr2-3935024321, networkLocation: /default-rack, certSerialId: null} reports an CLOSED replica.
2019-10-18 03:59:52,853 [EventQueue-ContainerReportForContainerReportHandler] WARN  container.ContainerReportHandler (AbstractContainerReportHandler.java:updateContainerState(145)) - Container #1 is in OPEN state, but the datanode 20f566ef-d50a-432c-acfc-b325de8c1be4{ip: 192.168.157.238, host: trunk-nightly-20191018-rlnr2-3935024321, networkLocation: /default-rack, certSerialId: null} reports an CLOSED replica.
2019-10-18 03:59:52,912 [EventQueue-ContainerReportForContainerReportHandler] WARN  container.ContainerReportHandler (AbstractContainerReportHandler.java:updateContainerState(145)) - Container #1 is in OPEN state, but the datanode 04d45094-7136-40c1-bdbb-fee737a34122{ip: 192.168.157.238, host: trunk-nightly-20191018-rlnr2-3935024321, networkLocation: /default-rack, certSerialId: null} reports an CLOSED replica.
2019-10-18 03:59:53,153 [EventQueue-ContainerReportForContainerReportHandler] WARN  container.ContainerReportHandler (AbstractContainerReportHandler.java:updateContainerState(145)) - Container #1 is in OPEN state, but the datanode 20f566ef-d50a-432c-acfc-b325de8c1be4{ip: 192.168.157.238, host: trunk-nightly-20191018-rlnr2-3935024321, networkLocation: /default-rack, certSerialId: null} reports an CLOSED replica.
2019-10-18 03:59:53,313 [EventQueue-ContainerReportForContainerReportHandler] WARN  container.ContainerReportHandler (AbstractContainerReportHandler.java:updateContainerState(145)) - Container #1 is in OPEN state, but the datanode 04d45094-7136-40c1-bdbb-fee737a34122{ip: 192.168.157.238, host: trunk-nightly-20191018-rlnr2-3935024321, networkLocation: /default-rack, certSerialId: null} reports an CLOSED replica.
2019-10-18 03:59:53,353 [EventQueue-ContainerReportForContainerReportHandler] WARN  container.ContainerReportHandler (AbstractContainerReportHandler.java:updateContainerState(145)) - Container #1 is in OPEN state, but the datanode 20f566ef-d50a-432c-acfc-b325de8c1be4{ip: 192.168.157.238, host: trunk-nightly-20191018-rlnr2-3935024321, networkLocation: /default-rack, certSerialId: null} reports an CLOSED replica.
2019-10-18 03:59:53,454 [BlockDeletingService#2] WARN  background.BlockDeletingService (BlockDeletingService.java:isDeletionAllowed(187)) - Close Container log Index 6 is not replicated across allthe servers in the pipeline defa1269-bd0f-4f76-adbb-03b580e33239 as the min replicated index is 4. Deletion is not allowed in this container yet.
2019-10-18 03:59:53,454 [BlockDeletingService#2] WARN  background.BlockDeletingService (BlockDeletingService.java:isDeletionAllowed(187)) - Close Container log Index 6 is not replicated across allthe servers in the pipeline defa1269-bd0f-4f76-adbb-03b580e33239 as the min replicated index is 4. Deletion is not allowed in this container yet.
2019-10-18 03:59:53,513 [EventQueue-ContainerReportForContainerReportHandler] WARN  container.ContainerReportHandler (AbstractContainerReportHandler.java:updateContainerState(145)) - Container #1 is in OPEN state, but the datanode 04d45094-7136-40c1-bdbb-fee737a34122{ip: 192.168.157.238, host: trunk-nightly-20191018-rlnr2-3935024321, networkLocation: /default-rack, certSerialId: null} reports an CLOSED replica.
2019-10-18 03:59:53,653 [EventQueue-ContainerReportForContainerReportHandler] WARN  container.ContainerReportHandler (AbstractContainerReportHandler.java:updateContainerState(145)) - Container #1 is in OPEN state, but the datanode 20f566ef-d50a-432c-acfc-b325de8c1be4{ip: 192.168.157.238, host: trunk-nightly-20191018-rlnr2-3935024321, networkLocation: /default-rack, certSerialId: null} reports an CLOSED replica.
2019-10-18 03:59:53,813 [EventQueue-ContainerReportForContainerReportHandler] WARN  container.ContainerReportHandler (AbstractContainerReportHandler.java:updateContainerState(145)) - Container #1 is in OPEN state, but the datanode 04d45094-7136-40c1-bdbb-fee737a34122{ip: 192.168.157.238, host: trunk-nightly-20191018-rlnr2-3935024321, networkLocation: /default-rack, certSerialId: null} reports an CLOSED replica.
2019-10-18 03:59:53,853 [EventQueue-ContainerReportForContainerReportHandler] WARN  container.ContainerReportHandler (AbstractContainerReportHandler.java:updateContainerState(145)) - Container #1 is in OPEN state, but the datanode 20f566ef-d50a-432c-acfc-b325de8c1be4{ip: 192.168.157.238, host: trunk-nightly-20191018-rlnr2-3935024321, networkLocation: /default-rack, certSerialId: null} reports an CLOSED replica.
2019-10-18 03:59:54,013 [EventQueue-ContainerReportForContainerReportHandler] WARN  container.ContainerReportHandler (AbstractContainerReportHandler.java:updateContainerState(145)) - Container #1 is in OPEN state, but the datanode 04d45094-7136-40c1-bdbb-fee737a34122{ip: 192.168.157.238, host: trunk-nightly-20191018-rlnr2-3935024321, networkLocation: /default-rack, certSerialId: null} reports an CLOSED replica.
2019-10-18 03:59:54,253 [EventQueue-ContainerReportForContainerReportHandler] WARN  container.ContainerReportHandler (AbstractContainerReportHandler.java:updateContainerState(145)) - Container #1 is in OPEN state, but the datanode 20f566ef-d50a-432c-acfc-b325de8c1be4{ip: 192.168.157.238, host: trunk-nightly-20191018-rlnr2-3935024321, networkLocation: /default-rack, certSerialId: null} reports an CLOSED replica.
2019-10-18 03:59:54,275 [Thread-534] INFO  client.GrpcClientProtocolService (GrpcClientProtocolService.java:lambda$processClientRequest$0(278)) - Failed RaftClientRequest:client-3EDA899B7DA2->20f566ef-d50a-432c-acfc-b325de8c1be4@group-03B580E33239, cid=10, seq=0, Watch-ALL_COMMITTED(6), Message:<EMPTY>, reply=RaftClientReply:client-3EDA899B7DA2->20f566ef-d50a-432c-acfc-b325de8c1be4@group-03B580E33239, cid=10, FAILED org.apache.ratis.protocol.NotLeaderException: Server 20f566ef-d50a-432c-acfc-b325de8c1be4@group-03B580E33239 is not the leader 04d45094-7136-40c1-bdbb-fee737a34122:192.168.157.238:41949, logIndex=0, commits[20f566ef-d50a-432c-acfc-b325de8c1be4:c10, d3e03273-8c79-4c12-9358-0a8612c41dd7:c4, 04d45094-7136-40c1-bdbb-fee737a34122:c10]
2019-10-18 03:59:54,314 [EventQueue-ContainerReportForContainerReportHandler] WARN  container.ContainerReportHandler (AbstractContainerReportHandler.java:updateContainerState(145)) - Container #1 is in OPEN state, but the datanode 04d45094-7136-40c1-bdbb-fee737a34122{ip: 192.168.157.238, host: trunk-nightly-20191018-rlnr2-3935024321, networkLocation: /default-rack, certSerialId: null} reports an CLOSED replica.
2019-10-18 03:59:54,455 [BlockDeletingService#2] WARN  background.BlockDeletingService (BlockDeletingService.java:isDeletionAllowed(187)) - Close Container log Index 6 is not replicated across allthe servers in the pipeline defa1269-bd0f-4f76-adbb-03b580e33239 as the min replicated index is 4. Deletion is not allowed in this container yet.
2019-10-18 03:59:54,455 [BlockDeletingService#2] WARN  background.BlockDeletingService (BlockDeletingService.java:isDeletionAllowed(187)) - Close Container log Index 6 is not replicated across allthe servers in the pipeline defa1269-bd0f-4f76-adbb-03b580e33239 as the min replicated index is 4. Deletion is not allowed in this container yet.
2019-10-18 03:59:54,553 [EventQueue-ContainerReportForContainerReportHandler] WARN  container.ContainerReportHandler (AbstractContainerReportHandler.java:updateContainerState(145)) - Container #1 is in OPEN state, but the datanode 20f566ef-d50a-432c-acfc-b325de8c1be4{ip: 192.168.157.238, host: trunk-nightly-20191018-rlnr2-3935024321, networkLocation: /default-rack, certSerialId: null} reports an CLOSED replica.
2019-10-18 03:59:54,614 [EventQueue-ContainerReportForContainerReportHandler] WARN  container.ContainerReportHandler (AbstractContainerReportHandler.java:updateContainerState(145)) - Container #1 is in OPEN state, but the datanode 04d45094-7136-40c1-bdbb-fee737a34122{ip: 192.168.157.238, host: trunk-nightly-20191018-rlnr2-3935024321, networkLocation: /default-rack, certSerialId: null} reports an CLOSED replica.
2019-10-18 03:59:54,653 [java.util.concurrent.ThreadPoolExecutor$Worker@48002e7b[State = -1, empty queue]] WARN  server.GrpcLogAppender (GrpcLogAppender.java:timeoutAppendRequest(209)) - 04d45094-7136-40c1-bdbb-fee737a34122@group-03B580E33239->d3e03273-8c79-4c12-9358-0a8612c41dd7-GrpcLogAppender: appendEntries Timeout, request=04d45094-7136-40c1-bdbb-fee737a34122->d3e03273-8c79-4c12-9358-0a8612c41dd7#46-t7, previous=(t:7, i:10), leaderCommit=10, initializing? false, entries: <empty>
2019-10-18 03:59:54,914 [EventQueue-ContainerReportForContainerReportHandler] WARN  container.ContainerReportHandler (AbstractContainerReportHandler.java:updateContainerState(145)) - Container #1 is in OPEN state, but the datanode 04d45094-7136-40c1-bdbb-fee737a34122{ip: 192.168.157.238, host: trunk-nightly-20191018-rlnr2-3935024321, networkLocation: /default-rack, certSerialId: null} reports an CLOSED replica.
2019-10-18 03:59:54,954 [EventQueue-ContainerReportForContainerReportHandler] WARN  container.ContainerReportHandler (AbstractContainerReportHandler.java:updateContainerState(145)) - Container #1 is in OPEN state, but the datanode 20f566ef-d50a-432c-acfc-b325de8c1be4{ip: 192.168.157.238, host: trunk-nightly-20191018-rlnr2-3935024321, networkLocation: /default-rack, certSerialId: null} reports an CLOSED replica.
2019-10-18 03:59:55,214 [EventQueue-ContainerReportForContainerReportHandler] WARN  container.ContainerReportHandler (AbstractContainerReportHandler.java:updateContainerState(145)) - Container #1 is in OPEN state, but the datanode 04d45094-7136-40c1-bdbb-fee737a34122{ip: 192.168.157.238, host: trunk-nightly-20191018-rlnr2-3935024321, networkLocation: /default-rack, certSerialId: null} reports an CLOSED replica.
2019-10-18 03:59:55,260 [EventQueue-ContainerReportForContainerReportHandler] WARN  container.ContainerReportHandler (AbstractContainerReportHandler.java:updateContainerState(145)) - Container #1 is in OPEN state, but the datanode 20f566ef-d50a-432c-acfc-b325de8c1be4{ip: 192.168.157.238, host: trunk-nightly-20191018-rlnr2-3935024321, networkLocation: /default-rack, certSerialId: null} reports an CLOSED replica.
2019-10-18 03:59:55,459 [BlockDeletingService#2] WARN  background.BlockDeletingService (BlockDeletingService.java:isDeletionAllowed(187)) - Close Container log Index 6 is not replicated across allthe servers in the pipeline defa1269-bd0f-4f76-adbb-03b580e33239 as the min replicated index is 4. Deletion is not allowed in this container yet.
2019-10-18 03:59:55,459 [BlockDeletingService#2] WARN  background.BlockDeletingService (BlockDeletingService.java:isDeletionAllowed(187)) - Close Container log Index 6 is not replicated across allthe servers in the pipeline defa1269-bd0f-4f76-adbb-03b580e33239 as the min replicated index is 4. Deletion is not allowed in this container yet.
2019-10-18 03:59:55,584 [Thread-541] INFO  client.GrpcClientProtocolService (GrpcClientProtocolService.java:lambda$processClientRequest$0(278)) - Failed RaftClientRequest:client-3EDA899B7DA2->04d45094-7136-40c1-bdbb-fee737a34122@group-03B580E33239, cid=10, seq=0, Watch-ALL_COMMITTED(6), Message:<EMPTY>, reply=RaftClientReply:client-3EDA899B7DA2->04d45094-7136-40c1-bdbb-fee737a34122@group-03B580E33239, cid=10, FAILED org.apache.ratis.protocol.NotReplicatedException: Request with call Id 10 and log index 6 is not yet replicated to ALL_COMMITTED, logIndex=6, commits[04d45094-7136-40c1-bdbb-fee737a34122:c10, 20f566ef-d50a-432c-acfc-b325de8c1be4:c10, d3e03273-8c79-4c12-9358-0a8612c41dd7:c4]
2019-10-18 03:59:55,616 [EventQueue-ContainerReportForContainerReportHandler] WARN  container.ContainerReportHandler (AbstractContainerReportHandler.java:updateContainerState(145)) - Container #1 is in OPEN state, but the datanode 04d45094-7136-40c1-bdbb-fee737a34122{ip: 192.168.157.238, host: trunk-nightly-20191018-rlnr2-3935024321, networkLocation: /default-rack, certSerialId: null} reports an CLOSED replica.
2019-10-18 03:59:55,661 [EventQueue-ContainerReportForContainerReportHandler] WARN  container.ContainerReportHandler (AbstractContainerReportHandler.java:updateContainerState(145)) - Container #1 is in OPEN state, but the datanode 20f566ef-d50a-432c-acfc-b325de8c1be4{ip: 192.168.157.238, host: trunk-nightly-20191018-rlnr2-3935024321, networkLocation: /default-rack, certSerialId: null} reports an CLOSED replica.
2019-10-18 03:59:55,816 [EventQueue-ContainerReportForContainerReportHandler] WARN  container.ContainerReportHandler (AbstractContainerReportHandler.java:updateContainerState(145)) - Container #1 is in OPEN state, but the datanode 04d45094-7136-40c1-bdbb-fee737a34122{ip: 192.168.157.238, host: trunk-nightly-20191018-rlnr2-3935024321, networkLocation: /default-rack, certSerialId: null} reports an CLOSED replica.
2019-10-18 03:59:55,862 [EventQueue-ContainerReportForContainerReportHandler] WARN  container.ContainerReportHandler (AbstractContainerReportHandler.java:updateContainerState(145)) - Container #1 is in OPEN state, but the datanode 20f566ef-d50a-432c-acfc-b325de8c1be4{ip: 192.168.157.238, host: trunk-nightly-20191018-rlnr2-3935024321, networkLocation: /default-rack, certSerialId: null} reports an CLOSED replica.
2019-10-18 03:59:56,116 [EventQueue-ContainerReportForContainerReportHandler] WARN  container.ContainerReportHandler (AbstractContainerReportHandler.java:updateContainerState(145)) - Container #1 is in OPEN state, but the datanode 04d45094-7136-40c1-bdbb-fee737a34122{ip: 192.168.157.238, host: trunk-nightly-20191018-rlnr2-3935024321, networkLocation: /default-rack, certSerialId: null} reports an CLOSED replica.
2019-10-18 03:59:56,161 [EventQueue-ContainerReportForContainerReportHandler] WARN  container.ContainerReportHandler (AbstractContainerReportHandler.java:updateContainerState(145)) - Container #1 is in OPEN state, but the datanode 20f566ef-d50a-432c-acfc-b325de8c1be4{ip: 192.168.157.238, host: trunk-nightly-20191018-rlnr2-3935024321, networkLocation: /default-rack, certSerialId: null} reports an CLOSED replica.
2019-10-18 03:59:56,417 [EventQueue-ContainerReportForContainerReportHandler] WARN  container.ContainerReportHandler (AbstractContainerReportHandler.java:updateContainerState(145)) - Container #1 is in OPEN state, but the datanode 04d45094-7136-40c1-bdbb-fee737a34122{ip: 192.168.157.238, host: trunk-nightly-20191018-rlnr2-3935024321, networkLocation: /default-rack, certSerialId: null} reports an CLOSED replica.
2019-10-18 03:59:56,461 [BlockDeletingService#2] WARN  background.BlockDeletingService (BlockDeletingService.java:isDeletionAllowed(187)) - Close Container log Index 6 is not replicated across allthe servers in the pipeline defa1269-bd0f-4f76-adbb-03b580e33239 as the min replicated index is 4. Deletion is not allowed in this container yet.
2019-10-18 03:59:56,462 [BlockDeletingService#2] WARN  background.BlockDeletingService (BlockDeletingService.java:isDeletionAllowed(187)) - Close Container log Index 6 is not replicated across allthe servers in the pipeline defa1269-bd0f-4f76-adbb-03b580e33239 as the min replicated index is 4. Deletion is not allowed in this container yet.
2019-10-18 03:59:56,462 [EventQueue-ContainerReportForContainerReportHandler] WARN  container.ContainerReportHandler (AbstractContainerReportHandler.java:updateContainerState(145)) - Container #1 is in OPEN state, but the datanode 20f566ef-d50a-432c-acfc-b325de8c1be4{ip: 192.168.157.238, host: trunk-nightly-20191018-rlnr2-3935024321, networkLocation: /default-rack, certSerialId: null} reports an CLOSED replica.
2019-10-18 03:59:56,717 [EventQueue-ContainerReportForContainerReportHandler] WARN  container.ContainerReportHandler (AbstractContainerReportHandler.java:updateContainerState(145)) - Container #1 is in OPEN state, but the datanode 04d45094-7136-40c1-bdbb-fee737a34122{ip: 192.168.157.238, host: trunk-nightly-20191018-rlnr2-3935024321, networkLocation: /default-rack, certSerialId: null} reports an CLOSED replica.
2019-10-18 03:59:56,761 [EventQueue-ContainerReportForContainerReportHandler] WARN  container.ContainerReportHandler (AbstractContainerReportHandler.java:updateContainerState(145)) - Container #1 is in OPEN state, but the datanode 20f566ef-d50a-432c-acfc-b325de8c1be4{ip: 192.168.157.238, host: trunk-nightly-20191018-rlnr2-3935024321, networkLocation: /default-rack, certSerialId: null} reports an CLOSED replica.
2019-10-18 03:59:56,917 [EventQueue-ContainerReportForContainerReportHandler] WARN  container.ContainerReportHandler (AbstractContainerReportHandler.java:updateContainerState(145)) - Container #1 is in OPEN state, but the datanode 04d45094-7136-40c1-bdbb-fee737a34122{ip: 192.168.157.238, host: trunk-nightly-20191018-rlnr2-3935024321, networkLocation: /default-rack, certSerialId: null} reports an CLOSED replica.
2019-10-18 03:59:57,061 [EventQueue-ContainerReportForContainerReportHandler] WARN  container.ContainerReportHandler (AbstractContainerReportHandler.java:updateContainerState(145)) - Container #1 is in OPEN state, but the datanode 20f566ef-d50a-432c-acfc-b325de8c1be4{ip: 192.168.157.238, host: trunk-nightly-20191018-rlnr2-3935024321, networkLocation: /default-rack, certSerialId: null} reports an CLOSED replica.
2019-10-18 03:59:57,154 [java.util.concurrent.ThreadPoolExecutor$Worker@48002e7b[State = -1, empty queue]] WARN  server.GrpcLogAppender (GrpcLogAppender.java:timeoutAppendRequest(209)) - 04d45094-7136-40c1-bdbb-fee737a34122@group-03B580E33239->d3e03273-8c79-4c12-9358-0a8612c41dd7-GrpcLogAppender: appendEntries Timeout, request=04d45094-7136-40c1-bdbb-fee737a34122->d3e03273-8c79-4c12-9358-0a8612c41dd7#47-t7, previous=(t:7, i:10), leaderCommit=10, initializing? false, entries: <empty>
2019-10-18 03:59:57,218 [EventQueue-ContainerReportForContainerReportHandler] WARN  container.ContainerReportHandler (AbstractContainerReportHandler.java:updateContainerState(145)) - Container #1 is in OPEN state, but the datanode 04d45094-7136-40c1-bdbb-fee737a34122{ip: 192.168.157.238, host: trunk-nightly-20191018-rlnr2-3935024321, networkLocation: /default-rack, certSerialId: null} reports an CLOSED replica.
2019-10-18 03:59:57,362 [EventQueue-ContainerReportForContainerReportHandler] WARN  container.ContainerReportHandler (AbstractContainerReportHandler.java:updateContainerState(145)) - Container #1 is in OPEN state, but the datanode 20f566ef-d50a-432c-acfc-b325de8c1be4{ip: 192.168.157.238, host: trunk-nightly-20191018-rlnr2-3935024321, networkLocation: /default-rack, certSerialId: null} reports an CLOSED replica.
2019-10-18 03:59:57,464 [BlockDeletingService#2] WARN  background.BlockDeletingService (BlockDeletingService.java:isDeletionAllowed(187)) - Close Container log Index 6 is not replicated across allthe servers in the pipeline defa1269-bd0f-4f76-adbb-03b580e33239 as the min replicated index is 4. Deletion is not allowed in this container yet.
2019-10-18 03:59:57,464 [BlockDeletingService#2] WARN  background.BlockDeletingService (BlockDeletingService.java:isDeletionAllowed(187)) - Close Container log Index 6 is not replicated across allthe servers in the pipeline defa1269-bd0f-4f76-adbb-03b580e33239 as the min replicated index is 4. Deletion is not allowed in this container yet.
2019-10-18 03:59:57,518 [EventQueue-ContainerReportForContainerReportHandler] WARN  container.ContainerReportHandler (AbstractContainerReportHandler.java:updateContainerState(145)) - Container #1 is in OPEN state, but the datanode 04d45094-7136-40c1-bdbb-fee737a34122{ip: 192.168.157.238, host: trunk-nightly-20191018-rlnr2-3935024321, networkLocation: /default-rack, certSerialId: null} reports an CLOSED replica.
2019-10-18 03:59:57,661 [EventQueue-ContainerReportForContainerReportHandler] WARN  container.ContainerReportHandler (AbstractContainerReportHandler.java:updateContainerState(145)) - Container #1 is in OPEN state, but the datanode 20f566ef-d50a-432c-acfc-b325de8c1be4{ip: 192.168.157.238, host: trunk-nightly-20191018-rlnr2-3935024321, networkLocation: /default-rack, certSerialId: null} reports an CLOSED replica.
2019-10-18 03:59:57,819 [EventQueue-ContainerReportForContainerReportHandler] WARN  container.ContainerReportHandler (AbstractContainerReportHandler.java:updateContainerState(145)) - Container #1 is in OPEN state, but the datanode 04d45094-7136-40c1-bdbb-fee737a34122{ip: 192.168.157.238, host: trunk-nightly-20191018-rlnr2-3935024321, networkLocation: /default-rack, certSerialId: null} reports an CLOSED replica.
2019-10-18 03:59:57,862 [EventQueue-ContainerReportForContainerReportHandler] WARN  container.ContainerReportHandler (AbstractContainerReportHandler.java:updateContainerState(145)) - Container #1 is in OPEN state, but the datanode 20f566ef-d50a-432c-acfc-b325de8c1be4{ip: 192.168.157.238, host: trunk-nightly-20191018-rlnr2-3935024321, networkLocation: /default-rack, certSerialId: null} reports an CLOSED replica.
2019-10-18 03:59:58,020 [EventQueue-ContainerReportForContainerReportHandler] WARN  container.ContainerReportHandler (AbstractContainerReportHandler.java:updateContainerState(145)) - Container #1 is in OPEN state, but the datanode 04d45094-7136-40c1-bdbb-fee737a34122{ip: 192.168.157.238, host: trunk-nightly-20191018-rlnr2-3935024321, networkLocation: /default-rack, certSerialId: null} reports an CLOSED replica.
2019-10-18 03:59:58,164 [EventQueue-ContainerReportForContainerReportHandler] WARN  container.ContainerReportHandler (AbstractContainerReportHandler.java:updateContainerState(145)) - Container #1 is in OPEN state, but the datanode 20f566ef-d50a-432c-acfc-b325de8c1be4{ip: 192.168.157.238, host: trunk-nightly-20191018-rlnr2-3935024321, networkLocation: /default-rack, certSerialId: null} reports an CLOSED replica.
2019-10-18 03:59:58,321 [EventQueue-ContainerReportForContainerReportHandler] WARN  container.ContainerReportHandler (AbstractContainerReportHandler.java:updateContainerState(145)) - Container #1 is in OPEN state, but the datanode 04d45094-7136-40c1-bdbb-fee737a34122{ip: 192.168.157.238, host: trunk-nightly-20191018-rlnr2-3935024321, networkLocation: /default-rack, certSerialId: null} reports an CLOSED replica.
2019-10-18 03:59:58,466 [BlockDeletingService#2] WARN  background.BlockDeletingService (BlockDeletingService.java:isDeletionAllowed(187)) - Close Container log Index 6 is not replicated across allthe servers in the pipeline defa1269-bd0f-4f76-adbb-03b580e33239 as the min replicated index is 4. Deletion is not allowed in this container yet.
2019-10-18 03:59:58,466 [BlockDeletingService#2] WARN  background.BlockDeletingService (BlockDeletingService.java:isDeletionAllowed(187)) - Close Container log Index 6 is not replicated across allthe servers in the pipeline defa1269-bd0f-4f76-adbb-03b580e33239 as the min replicated index is 4. Deletion is not allowed in this container yet.
2019-10-18 03:59:58,467 [EventQueue-ContainerReportForContainerReportHandler] WARN  container.ContainerReportHandler (AbstractContainerReportHandler.java:updateContainerState(145)) - Container #1 is in OPEN state, but the datanode 20f566ef-d50a-432c-acfc-b325de8c1be4{ip: 192.168.157.238, host: trunk-nightly-20191018-rlnr2-3935024321, networkLocation: /default-rack, certSerialId: null} reports an CLOSED replica.
2019-10-18 03:59:58,621 [EventQueue-ContainerReportForContainerReportHandler] WARN  container.ContainerReportHandler (AbstractContainerReportHandler.java:updateContainerState(145)) - Container #1 is in OPEN state, but the datanode 04d45094-7136-40c1-bdbb-fee737a34122{ip: 192.168.157.238, host: trunk-nightly-20191018-rlnr2-3935024321, networkLocation: /default-rack, certSerialId: null} reports an CLOSED replica.
2019-10-18 03:59:58,768 [EventQueue-ContainerReportForContainerReportHandler] WARN  container.ContainerReportHandler (AbstractContainerReportHandler.java:updateContainerState(145)) - Container #1 is in OPEN state, but the datanode 20f566ef-d50a-432c-acfc-b325de8c1be4{ip: 192.168.157.238, host: trunk-nightly-20191018-rlnr2-3935024321, networkLocation: /default-rack, certSerialId: null} reports an CLOSED replica.
2019-10-18 03:59:59,022 [EventQueue-ContainerReportForContainerReportHandler] WARN  container.ContainerReportHandler (AbstractContainerReportHandler.java:updateContainerState(145)) - Container #1 is in OPEN state, but the datanode 04d45094-7136-40c1-bdbb-fee737a34122{ip: 192.168.157.238, host: trunk-nightly-20191018-rlnr2-3935024321, networkLocation: /default-rack, certSerialId: null} reports an CLOSED replica.
2019-10-18 03:59:59,068 [EventQueue-ContainerReportForContainerReportHandler] WARN  container.ContainerReportHandler (AbstractContainerReportHandler.java:updateContainerState(145)) - Container #1 is in OPEN state, but the datanode 20f566ef-d50a-432c-acfc-b325de8c1be4{ip: 192.168.157.238, host: trunk-nightly-20191018-rlnr2-3935024321, networkLocation: /default-rack, certSerialId: null} reports an CLOSED replica.
2019-10-18 03:59:59,222 [EventQueue-ContainerReportForContainerReportHandler] WARN  container.ContainerReportHandler (AbstractContainerReportHandler.java:updateContainerState(145)) - Container #1 is in OPEN state, but the datanode 04d45094-7136-40c1-bdbb-fee737a34122{ip: 192.168.157.238, host: trunk-nightly-20191018-rlnr2-3935024321, networkLocation: /default-rack, certSerialId: null} reports an CLOSED replica.
2019-10-18 03:59:59,422 [EventQueue-ContainerReportForContainerReportHandler] WARN  container.ContainerReportHandler (AbstractContainerReportHandler.java:updateContainerState(145)) - Container #1 is in OPEN state, but the datanode 04d45094-7136-40c1-bdbb-fee737a34122{ip: 192.168.157.238, host: trunk-nightly-20191018-rlnr2-3935024321, networkLocation: /default-rack, certSerialId: null} reports an CLOSED replica.
2019-10-18 03:59:59,467 [BlockDeletingService#2] WARN  background.BlockDeletingService (BlockDeletingService.java:isDeletionAllowed(187)) - Close Container log Index 6 is not replicated across allthe servers in the pipeline defa1269-bd0f-4f76-adbb-03b580e33239 as the min replicated index is 4. Deletion is not allowed in this container yet.
2019-10-18 03:59:59,468 [BlockDeletingService#2] WARN  background.BlockDeletingService (BlockDeletingService.java:isDeletionAllowed(187)) - Close Container log Index 6 is not replicated across allthe servers in the pipeline defa1269-bd0f-4f76-adbb-03b580e33239 as the min replicated index is 4. Deletion is not allowed in this container yet.
2019-10-18 03:59:59,469 [EventQueue-ContainerReportForContainerReportHandler] WARN  container.ContainerReportHandler (AbstractContainerReportHandler.java:updateContainerState(145)) - Container #1 is in OPEN state, but the datanode 20f566ef-d50a-432c-acfc-b325de8c1be4{ip: 192.168.157.238, host: trunk-nightly-20191018-rlnr2-3935024321, networkLocation: /default-rack, certSerialId: null} reports an CLOSED replica.
2019-10-18 03:59:59,655 [java.util.concurrent.ThreadPoolExecutor$Worker@48002e7b[State = -1, empty queue]] WARN  server.GrpcLogAppender (GrpcLogAppender.java:timeoutAppendRequest(209)) - 04d45094-7136-40c1-bdbb-fee737a34122@group-03B580E33239->d3e03273-8c79-4c12-9358-0a8612c41dd7-GrpcLogAppender: appendEntries Timeout, request=04d45094-7136-40c1-bdbb-fee737a34122->d3e03273-8c79-4c12-9358-0a8612c41dd7#48-t7, previous=(t:7, i:10), leaderCommit=10, initializing? false, entries: <empty>
2019-10-18 03:59:59,722 [EventQueue-ContainerReportForContainerReportHandler] WARN  container.ContainerReportHandler (AbstractContainerReportHandler.java:updateContainerState(145)) - Container #1 is in OPEN state, but the datanode 04d45094-7136-40c1-bdbb-fee737a34122{ip: 192.168.157.238, host: trunk-nightly-20191018-rlnr2-3935024321, networkLocation: /default-rack, certSerialId: null} reports an CLOSED replica.
2019-10-18 03:59:59,769 [EventQueue-ContainerReportForContainerReportHandler] WARN  container.ContainerReportHandler (AbstractContainerReportHandler.java:updateContainerState(145)) - Container #1 is in OPEN state, but the datanode 20f566ef-d50a-432c-acfc-b325de8c1be4{ip: 192.168.157.238, host: trunk-nightly-20191018-rlnr2-3935024321, networkLocation: /default-rack, certSerialId: null} reports an CLOSED replica.
2019-10-18 04:00:00,070 [EventQueue-ContainerReportForContainerReportHandler] WARN  container.ContainerReportHandler (AbstractContainerReportHandler.java:updateContainerState(145)) - Container #1 is in OPEN state, but the datanode 20f566ef-d50a-432c-acfc-b325de8c1be4{ip: 192.168.157.238, host: trunk-nightly-20191018-rlnr2-3935024321, networkLocation: /default-rack, certSerialId: null} reports an CLOSED replica.
2019-10-18 04:00:00,122 [EventQueue-ContainerReportForContainerReportHandler] WARN  container.ContainerReportHandler (AbstractContainerReportHandler.java:updateContainerState(145)) - Container #1 is in OPEN state, but the datanode 04d45094-7136-40c1-bdbb-fee737a34122{ip: 192.168.157.238, host: trunk-nightly-20191018-rlnr2-3935024321, networkLocation: /default-rack, certSerialId: null} reports an CLOSED replica.
2019-10-18 04:00:00,369 [EventQueue-ContainerReportForContainerReportHandler] WARN  container.ContainerReportHandler (AbstractContainerReportHandler.java:updateContainerState(145)) - Container #1 is in OPEN state, but the datanode 20f566ef-d50a-432c-acfc-b325de8c1be4{ip: 192.168.157.238, host: trunk-nightly-20191018-rlnr2-3935024321, networkLocation: /default-rack, certSerialId: null} reports an CLOSED replica.
2019-10-18 04:00:00,423 [EventQueue-ContainerReportForContainerReportHandler] WARN  container.ContainerReportHandler (AbstractContainerReportHandler.java:updateContainerState(145)) - Container #1 is in OPEN state, but the datanode 04d45094-7136-40c1-bdbb-fee737a34122{ip: 192.168.157.238, host: trunk-nightly-20191018-rlnr2-3935024321, networkLocation: /default-rack, certSerialId: null} reports an CLOSED replica.
2019-10-18 04:00:00,469 [BlockDeletingService#2] WARN  background.BlockDeletingService (BlockDeletingService.java:isDeletionAllowed(187)) - Close Container log Index 6 is not replicated across allthe servers in the pipeline defa1269-bd0f-4f76-adbb-03b580e33239 as the min replicated index is 4. Deletion is not allowed in this container yet.
2019-10-18 04:00:00,469 [BlockDeletingService#2] WARN  background.BlockDeletingService (BlockDeletingService.java:isDeletionAllowed(187)) - Close Container log Index 6 is not replicated across allthe servers in the pipeline defa1269-bd0f-4f76-adbb-03b580e33239 as the min replicated index is 4. Deletion is not allowed in this container yet.
2019-10-18 04:00:00,623 [EventQueue-ContainerReportForContainerReportHandler] WARN  container.ContainerReportHandler (AbstractContainerReportHandler.java:updateContainerState(145)) - Container #1 is in OPEN state, but the datanode 04d45094-7136-40c1-bdbb-fee737a34122{ip: 192.168.157.238, host: trunk-nightly-20191018-rlnr2-3935024321, networkLocation: /default-rack, certSerialId: null} reports an CLOSED replica.
2019-10-18 04:00:00,669 [EventQueue-ContainerReportForContainerReportHandler] WARN  container.ContainerReportHandler (AbstractContainerReportHandler.java:updateContainerState(145)) - Container #1 is in OPEN state, but the datanode 20f566ef-d50a-432c-acfc-b325de8c1be4{ip: 192.168.157.238, host: trunk-nightly-20191018-rlnr2-3935024321, networkLocation: /default-rack, certSerialId: null} reports an CLOSED replica.
2019-10-18 04:00:00,923 [EventQueue-ContainerReportForContainerReportHandler] WARN  container.ContainerReportHandler (AbstractContainerReportHandler.java:updateContainerState(145)) - Container #1 is in OPEN state, but the datanode 04d45094-7136-40c1-bdbb-fee737a34122{ip: 192.168.157.238, host: trunk-nightly-20191018-rlnr2-3935024321, networkLocation: /default-rack, certSerialId: null} reports an CLOSED replica.
2019-10-18 04:00:00,969 [EventQueue-ContainerReportForContainerReportHandler] WARN  container.ContainerReportHandler (AbstractContainerReportHandler.java:updateContainerState(145)) - Container #1 is in OPEN state, but the datanode 20f566ef-d50a-432c-acfc-b325de8c1be4{ip: 192.168.157.238, host: trunk-nightly-20191018-rlnr2-3935024321, networkLocation: /default-rack, certSerialId: null} reports an CLOSED replica.
2019-10-18 04:00:01,123 [EventQueue-ContainerReportForContainerReportHandler] WARN  container.ContainerReportHandler (AbstractContainerReportHandler.java:updateContainerState(145)) - Container #1 is in OPEN state, but the datanode 04d45094-7136-40c1-bdbb-fee737a34122{ip: 192.168.157.238, host: trunk-nightly-20191018-rlnr2-3935024321, networkLocation: /default-rack, certSerialId: null} reports an CLOSED replica.
2019-10-18 04:00:01,370 [EventQueue-ContainerReportForContainerReportHandler] WARN  container.ContainerReportHandler (AbstractContainerReportHandler.java:updateContainerState(145)) - Container #1 is in OPEN state, but the datanode 20f566ef-d50a-432c-acfc-b325de8c1be4{ip: 192.168.157.238, host: trunk-nightly-20191018-rlnr2-3935024321, networkLocation: /default-rack, certSerialId: null} reports an CLOSED replica.
2019-10-18 04:00:01,423 [EventQueue-ContainerReportForContainerReportHandler] WARN  container.ContainerReportHandler (AbstractContainerReportHandler.java:updateContainerState(145)) - Container #1 is in OPEN state, but the datanode 04d45094-7136-40c1-bdbb-fee737a34122{ip: 192.168.157.238, host: trunk-nightly-20191018-rlnr2-3935024321, networkLocation: /default-rack, certSerialId: null} reports an CLOSED replica.
2019-10-18 04:00:01,471 [BlockDeletingService#2] WARN  background.BlockDeletingService (BlockDeletingService.java:isDeletionAllowed(187)) - Close Container log Index 6 is not replicated across allthe servers in the pipeline defa1269-bd0f-4f76-adbb-03b580e33239 as the min replicated index is 4. Deletion is not allowed in this container yet.
2019-10-18 04:00:01,471 [BlockDeletingService#2] WARN  background.BlockDeletingService (BlockDeletingService.java:isDeletionAllowed(187)) - Close Container log Index 6 is not replicated across allthe servers in the pipeline defa1269-bd0f-4f76-adbb-03b580e33239 as the min replicated index is 4. Deletion is not allowed in this container yet.
2019-10-18 04:00:01,670 [EventQueue-ContainerReportForContainerReportHandler] WARN  container.ContainerReportHandler (AbstractContainerReportHandler.java:updateContainerState(145)) - Container #1 is in OPEN state, but the datanode 20f566ef-d50a-432c-acfc-b325de8c1be4{ip: 192.168.157.238, host: trunk-nightly-20191018-rlnr2-3935024321, networkLocation: /default-rack, certSerialId: null} reports an CLOSED replica.
2019-10-18 04:00:01,723 [EventQueue-ContainerReportForContainerReportHandler] WARN  container.ContainerReportHandler (AbstractContainerReportHandler.java:updateContainerState(145)) - Container #1 is in OPEN state, but the datanode 04d45094-7136-40c1-bdbb-fee737a34122{ip: 192.168.157.238, host: trunk-nightly-20191018-rlnr2-3935024321, networkLocation: /default-rack, certSerialId: null} reports an CLOSED replica.
2019-10-18 04:00:01,973 [EventQueue-ContainerReportForContainerReportHandler] WARN  container.ContainerReportHandler (AbstractContainerReportHandler.java:updateContainerState(145)) - Container #1 is in OPEN state, but the datanode 20f566ef-d50a-432c-acfc-b325de8c1be4{ip: 192.168.157.238, host: trunk-nightly-20191018-rlnr2-3935024321, networkLocation: /default-rack, certSerialId: null} reports an CLOSED replica.
2019-10-18 04:00:02,024 [EventQueue-ContainerReportForContainerReportHandler] WARN  container.ContainerReportHandler (AbstractContainerReportHandler.java:updateContainerState(145)) - Container #1 is in OPEN state, but the datanode 04d45094-7136-40c1-bdbb-fee737a34122{ip: 192.168.157.238, host: trunk-nightly-20191018-rlnr2-3935024321, networkLocation: /default-rack, certSerialId: null} reports an CLOSED replica.
2019-10-18 04:00:02,156 [java.util.concurrent.ThreadPoolExecutor$Worker@48002e7b[State = -1, empty queue]] WARN  server.GrpcLogAppender (GrpcLogAppender.java:timeoutAppendRequest(209)) - 04d45094-7136-40c1-bdbb-fee737a34122@group-03B580E33239->d3e03273-8c79-4c12-9358-0a8612c41dd7-GrpcLogAppender: appendEntries Timeout, request=04d45094-7136-40c1-bdbb-fee737a34122->d3e03273-8c79-4c12-9358-0a8612c41dd7#49-t7, previous=(t:7, i:10), leaderCommit=10, initializing? false, entries: <empty>
2019-10-18 04:00:02,223 [EventQueue-ContainerReportForContainerReportHandler] WARN  container.ContainerReportHandler (AbstractContainerReportHandler.java:updateContainerState(145)) - Container #1 is in OPEN state, but the datanode 04d45094-7136-40c1-bdbb-fee737a34122{ip: 192.168.157.238, host: trunk-nightly-20191018-rlnr2-3935024321, networkLocation: /default-rack, certSerialId: null} reports an CLOSED replica.
2019-10-18 04:00:02,275 [EventQueue-ContainerReportForContainerReportHandler] WARN  container.ContainerReportHandler (AbstractContainerReportHandler.java:updateContainerState(145)) - Container #1 is in OPEN state, but the datanode 20f566ef-d50a-432c-acfc-b325de8c1be4{ip: 192.168.157.238, host: trunk-nightly-20191018-rlnr2-3935024321, networkLocation: /default-rack, certSerialId: null} reports an CLOSED replica.
2019-10-18 04:00:02,476 [BlockDeletingService#2] WARN  background.BlockDeletingService (BlockDeletingService.java:isDeletionAllowed(187)) - Close Container log Index 6 is not replicated across allthe servers in the pipeline defa1269-bd0f-4f76-adbb-03b580e33239 as the min replicated index is 4. Deletion is not allowed in this container yet.
2019-10-18 04:00:02,476 [BlockDeletingService#2] WARN  background.BlockDeletingService (BlockDeletingService.java:isDeletionAllowed(187)) - Close Container log Index 6 is not replicated across allthe servers in the pipeline defa1269-bd0f-4f76-adbb-03b580e33239 as the min replicated index is 4. Deletion is not allowed in this container yet.
2019-10-18 04:00:02,477 [EventQueue-ContainerReportForContainerReportHandler] WARN  container.ContainerReportHandler (AbstractContainerReportHandler.java:updateContainerState(145)) - Container #1 is in OPEN state, but the datanode 20f566ef-d50a-432c-acfc-b325de8c1be4{ip: 192.168.157.238, host: trunk-nightly-20191018-rlnr2-3935024321, networkLocation: /default-rack, certSerialId: null} reports an CLOSED replica.
2019-10-18 04:00:02,524 [EventQueue-ContainerReportForContainerReportHandler] WARN  container.ContainerReportHandler (AbstractContainerReportHandler.java:updateContainerState(145)) - Container #1 is in OPEN state, but the datanode 04d45094-7136-40c1-bdbb-fee737a34122{ip: 192.168.157.238, host: trunk-nightly-20191018-rlnr2-3935024321, networkLocation: /default-rack, certSerialId: null} reports an CLOSED replica.
2019-10-18 04:00:02,725 [EventQueue-ContainerReportForContainerReportHandler] WARN  container.ContainerReportHandler (AbstractContainerReportHandler.java:updateContainerState(145)) - Container #1 is in OPEN state, but the datanode 04d45094-7136-40c1-bdbb-fee737a34122{ip: 192.168.157.238, host: trunk-nightly-20191018-rlnr2-3935024321, networkLocation: /default-rack, certSerialId: null} reports an CLOSED replica.
2019-10-18 04:00:02,762 [EventQueue-StaleNodeForStaleNodeHandler] INFO  node.StaleNodeHandler (StaleNodeHandler.java:onMessage(58)) - Datanode d3e03273-8c79-4c12-9358-0a8612c41dd7{ip: 192.168.157.238, host: trunk-nightly-20191018-rlnr2-3935024321, networkLocation: /default-rack, certSerialId: null} moved to stale state. Finalizing its pipelines [PipelineID=07de6239-7f61-4033-ae1b-4d2fef3b968c, PipelineID=defa1269-bd0f-4f76-adbb-03b580e33239]
2019-10-18 04:00:02,763 [EventQueue-StaleNodeForStaleNodeHandler] INFO  pipeline.SCMPipelineManager (SCMPipelineManager.java:finalizeAndDestroyPipeline(315)) - destroying pipeline:Pipeline[ Id: 07de6239-7f61-4033-ae1b-4d2fef3b968c, Nodes: d3e03273-8c79-4c12-9358-0a8612c41dd7{ip: 192.168.157.238, host: trunk-nightly-20191018-rlnr2-3935024321, networkLocation: /default-rack, certSerialId: null}, Type:RATIS, Factor:ONE, State:OPEN]
2019-10-18 04:00:02,767 [EventQueue-StaleNodeForStaleNodeHandler] INFO  pipeline.PipelineStateManager (PipelineStateManager.java:finalizePipeline(123)) - Pipeline Pipeline[ Id: 07de6239-7f61-4033-ae1b-4d2fef3b968c, Nodes: d3e03273-8c79-4c12-9358-0a8612c41dd7{ip: 192.168.157.238, host: trunk-nightly-20191018-rlnr2-3935024321, networkLocation: /default-rack, certSerialId: null}, Type:RATIS, Factor:ONE, State:CLOSED] moved to CLOSED state
2019-10-18 04:00:02,769 [EventQueue-StaleNodeForStaleNodeHandler] INFO  pipeline.SCMPipelineManager (SCMPipelineManager.java:finalizeAndDestroyPipeline(315)) - destroying pipeline:Pipeline[ Id: defa1269-bd0f-4f76-adbb-03b580e33239, Nodes: d3e03273-8c79-4c12-9358-0a8612c41dd7{ip: 192.168.157.238, host: trunk-nightly-20191018-rlnr2-3935024321, networkLocation: /default-rack, certSerialId: null}04d45094-7136-40c1-bdbb-fee737a34122{ip: 192.168.157.238, host: trunk-nightly-20191018-rlnr2-3935024321, networkLocation: /default-rack, certSerialId: null}20f566ef-d50a-432c-acfc-b325de8c1be4{ip: 192.168.157.238, host: trunk-nightly-20191018-rlnr2-3935024321, networkLocation: /default-rack, certSerialId: null}, Type:RATIS, Factor:THREE, State:OPEN]
2019-10-18 04:00:02,769 [EventQueue-StaleNodeForStaleNodeHandler] INFO  pipeline.PipelineStateManager (PipelineStateManager.java:finalizePipeline(123)) - Pipeline Pipeline[ Id: defa1269-bd0f-4f76-adbb-03b580e33239, Nodes: d3e03273-8c79-4c12-9358-0a8612c41dd7{ip: 192.168.157.238, host: trunk-nightly-20191018-rlnr2-3935024321, networkLocation: /default-rack, certSerialId: null}04d45094-7136-40c1-bdbb-fee737a34122{ip: 192.168.157.238, host: trunk-nightly-20191018-rlnr2-3935024321, networkLocation: /default-rack, certSerialId: null}20f566ef-d50a-432c-acfc-b325de8c1be4{ip: 192.168.157.238, host: trunk-nightly-20191018-rlnr2-3935024321, networkLocation: /default-rack, certSerialId: null}, Type:RATIS, Factor:THREE, State:CLOSED] moved to CLOSED state
2019-10-18 04:00:02,770 [EventQueue-CloseContainerForCloseContainerEventHandler] INFO  container.CloseContainerEventHandler (CloseContainerEventHandler.java:onMessage(61)) - Close container Event triggered for container : #1
2019-10-18 04:00:02,777 [EventQueue-ContainerReportForContainerReportHandler] INFO  container.ContainerReportHandler (AbstractContainerReportHandler.java:updateContainerState(178)) - Moving container #1 to CLOSED state, datanode 20f566ef-d50a-432c-acfc-b325de8c1be4{ip: 192.168.157.238, host: trunk-nightly-20191018-rlnr2-3935024321, networkLocation: /default-rack, certSerialId: null} reported CLOSED replica.
2019-10-18 04:00:03,346 [SCMBlockDeletingService#0] INFO  block.SCMBlockDeletingService (SCMBlockDeletingService.java:call(184)) - Totally added 3 delete blocks command for 3 datanodes, task elapsed time: 7ms
2019-10-18 04:00:03,478 [BlockDeletingService#2] WARN  background.BlockDeletingService (BlockDeletingService.java:isDeletionAllowed(187)) - Close Container log Index 6 is not replicated across allthe servers in the pipeline defa1269-bd0f-4f76-adbb-03b580e33239 as the min replicated index is 4. Deletion is not allowed in this container yet.
2019-10-18 04:00:03,479 [BlockDeletingService#2] WARN  background.BlockDeletingService (BlockDeletingService.java:isDeletionAllowed(187)) - Close Container log Index 6 is not replicated across allthe servers in the pipeline defa1269-bd0f-4f76-adbb-03b580e33239 as the min replicated index is 4. Deletion is not allowed in this container yet.
2019-10-18 04:00:03,579 [EventQueue-PendingDeleteStatusForPendingDeleteHandler] INFO  block.SCMBlockDeletingService (SCMBlockDeletingService.java:handlePendingDeletes(115)) - Block deletion txnID mismatch in datanode 20f566ef-d50a-432c-acfc-b325de8c1be4 for containerID 1. Datanode delete txnID: 0, SCM txnID: 1
2019-10-18 04:00:03,625 [EventQueue-PendingDeleteStatusForPendingDeleteHandler] INFO  block.SCMBlockDeletingService (SCMBlockDeletingService.java:handlePendingDeletes(115)) - Block deletion txnID mismatch in datanode 04d45094-7136-40c1-bdbb-fee737a34122 for containerID 1. Datanode delete txnID: 0, SCM txnID: 1
2019-10-18 04:00:03,727 [Command processor thread] INFO  commandhandler.DeleteBlocksCommandHandler (DeleteBlocksCommandHandler.java:handle(106)) - Start to delete container blocks, TXIDs=[1(0)], numOfContainers=1, numOfBlocks=1
2019-10-18 04:00:03,878 [EventQueue-PendingDeleteStatusForPendingDeleteHandler] INFO  block.SCMBlockDeletingService (SCMBlockDeletingService.java:handlePendingDeletes(115)) - Block deletion txnID mismatch in datanode 20f566ef-d50a-432c-acfc-b325de8c1be4 for containerID 1. Datanode delete txnID: 0, SCM txnID: 1
2019-10-18 04:00:04,077 [Command processor thread] INFO  commandhandler.DeleteBlocksCommandHandler (DeleteBlocksCommandHandler.java:handle(106)) - Start to delete container blocks, TXIDs=[1(0)], numOfContainers=1, numOfBlocks=1
2019-10-18 04:00:04,079 [EventQueue-PendingDeleteStatusForPendingDeleteHandler] INFO  block.SCMBlockDeletingService (SCMBlockDeletingService.java:handlePendingDeletes(115)) - Block deletion txnID mismatch in datanode 20f566ef-d50a-432c-acfc-b325de8c1be4 for containerID 1. Datanode delete txnID: 0, SCM txnID: 1
2019-10-18 04:00:04,212 [main] INFO  impl.MetricsSystemImpl (MetricsSystemImpl.java:init(158)) - HddsDatanode metrics system started (again)
2019-10-18 04:00:04,266 [main] INFO  ozone.HddsDatanodeService (HddsDatanodeService.java:start(184)) - HddsDatanodeService host:trunk-nightly-20191018-rlnr2-3935024321 ip:192.168.157.238
2019-10-18 04:00:04,272 [main] INFO  volume.VolumeUsage (VolumeUsage.java:loadScmUsed(144)) - Cached ScmUsed found for /workdir/hadoop-ozone/integration-test/target/test-dir/MiniOzoneClusterImpl-36fb2caf-2745-49bb-9dac-6faaadebd701/datanode-2/data/containers : 4096 
2019-10-18 04:00:04,272 [main] INFO  volume.HddsVolume (HddsVolume.java:<init>(176)) - Creating Volume: /workdir/hadoop-ozone/integration-test/target/test-dir/MiniOzoneClusterImpl-36fb2caf-2745-49bb-9dac-6faaadebd701/datanode-2/data/containers/hdds of  storage type : DISK and capacity : 1482555576320
2019-10-18 04:00:04,273 [main] INFO  volume.VolumeSet (VolumeSet.java:initializeVolumeSet(170)) - Added Volume : /workdir/hadoop-ozone/integration-test/target/test-dir/MiniOzoneClusterImpl-36fb2caf-2745-49bb-9dac-6faaadebd701/datanode-2/data/containers/hdds to VolumeSet
2019-10-18 04:00:04,274 [main] INFO  volume.ThrottledAsyncChecker (ThrottledAsyncChecker.java:schedule(141)) - Scheduling a check for /workdir/hadoop-ozone/integration-test/target/test-dir/MiniOzoneClusterImpl-36fb2caf-2745-49bb-9dac-6faaadebd701/datanode-2/data/containers/hdds
2019-10-18 04:00:04,275 [main] INFO  volume.HddsVolumeChecker (HddsVolumeChecker.java:checkAllVolumes(204)) - Scheduled health check for volume /workdir/hadoop-ozone/integration-test/target/test-dir/MiniOzoneClusterImpl-36fb2caf-2745-49bb-9dac-6faaadebd701/datanode-2/data/containers/hdds
2019-10-18 04:00:04,335 [main] INFO  impl.RaftServerProxy (ConfUtils.java:logGet(43)) - raft.rpc.type = GRPC (default)
2019-10-18 04:00:04,336 [main] INFO  grpc.GrpcFactory (GrpcFactory.java:checkPooledByteBufAllocatorUseCacheForAllThreads(45)) - PERFORMANCE WARNING: useCacheForAllThreads is true that may cause Netty to create a lot garbage objects and, as a result, trigger GC.
	It is recommended to disable useCacheForAllThreads by setting -Dorg.apache.ratis.thirdparty.io.netty.allocator.useCacheForAllThreads=false in command line.
2019-10-18 04:00:04,336 [main] INFO  grpc.GrpcConfigKeys$Server (ConfUtils.java:logGet(43)) - raft.grpc.server.port = 40960 (custom)
2019-10-18 04:00:04,336 [main] INFO  server.GrpcService (ConfUtils.java:logGet(43)) - raft.grpc.message.size.max = 33570816 (custom)
2019-10-18 04:00:04,337 [main] INFO  server.RaftServerConfigKeys (ConfUtils.java:logGet(43)) - raft.server.log.appender.buffer.byte-limit = 33554432 (custom)
2019-10-18 04:00:04,337 [main] INFO  server.GrpcService (ConfUtils.java:logGet(43)) - raft.grpc.flow.control.window = 1MB (=1048576) (default)
2019-10-18 04:00:04,337 [main] INFO  server.RaftServerConfigKeys (ConfUtils.java:logGet(43)) - raft.server.rpc.request.timeout = 3000ms (default)
2019-10-18 04:00:04,338 [main] INFO  server.RaftServerConfigKeys (ConfUtils.java:logGet(43)) - raft.server.storage.dir = [/workdir/hadoop-ozone/integration-test/target/test-dir/MiniOzoneClusterImpl-36fb2caf-2745-49bb-9dac-6faaadebd701/datanode-2/data/ratis] (custom)
2019-10-18 04:00:04,338 [main] INFO  impl.RaftServerProxy (RaftServerProxy.java:lambda$null$0(191)) - d3e03273-8c79-4c12-9358-0a8612c41dd7: found a subdirectory /workdir/hadoop-ozone/integration-test/target/test-dir/MiniOzoneClusterImpl-36fb2caf-2745-49bb-9dac-6faaadebd701/datanode-2/data/ratis/defa1269-bd0f-4f76-adbb-03b580e33239
2019-10-18 04:00:04,340 [main] INFO  impl.RaftServerProxy (RaftServerProxy.java:addNew(89)) - d3e03273-8c79-4c12-9358-0a8612c41dd7: addNew group-03B580E33239:[] returns group-03B580E33239:java.util.concurrent.CompletableFuture@7dffda8b[Not completed]
2019-10-18 04:00:04,340 [main] INFO  impl.RaftServerProxy (RaftServerProxy.java:lambda$null$0(191)) - d3e03273-8c79-4c12-9358-0a8612c41dd7: found a subdirectory /workdir/hadoop-ozone/integration-test/target/test-dir/MiniOzoneClusterImpl-36fb2caf-2745-49bb-9dac-6faaadebd701/datanode-2/data/ratis/07de6239-7f61-4033-ae1b-4d2fef3b968c
2019-10-18 04:00:04,340 [main] INFO  impl.RaftServerProxy (RaftServerProxy.java:addNew(89)) - d3e03273-8c79-4c12-9358-0a8612c41dd7: addNew group-4D2FEF3B968C:[] returns group-4D2FEF3B968C:java.util.concurrent.CompletableFuture@3d1f558a[Not completed]
2019-10-18 04:00:04,343 [pool-59-thread-1] INFO  impl.RaftServerImpl (RaftServerImpl.java:<init>(104)) - d3e03273-8c79-4c12-9358-0a8612c41dd7: new RaftServerImpl for group-03B580E33239:[] with ContainerStateMachine:uninitialized
2019-10-18 04:00:04,344 [main] INFO  hdfs.DFSUtil (DFSUtil.java:httpServerTemplateForNNAndJN(1641)) - Starting Web-server for hddsDatanode at: http://0.0.0.0:34981
2019-10-18 04:00:04,345 [pool-59-thread-1] INFO  server.RaftServerConfigKeys (ConfUtils.java:logGet(43)) - raft.server.rpc.timeout.min = 5s (custom)
2019-10-18 04:00:04,345 [pool-59-thread-1] INFO  server.RaftServerConfigKeys (ConfUtils.java:logGet(43)) - raft.server.rpc.timeout.max = 5200ms (custom)
2019-10-18 04:00:04,345 [pool-59-thread-1] INFO  server.RaftServerConfigKeys (ConfUtils.java:logGet(43)) - raft.server.rpcslowness.timeout = 1000s (custom)
2019-10-18 04:00:04,345 [pool-59-thread-1] INFO  server.RaftServerConfigKeys (ConfUtils.java:logGet(43)) - raft.server.sleep.deviation.threshold = 300 (default)
2019-10-18 04:00:04,345 [pool-59-thread-1] INFO  server.RaftServerConfigKeys (ConfUtils.java:logGet(43)) - raft.server.log.appender.install.snapshot.enabled = false (custom)
2019-10-18 04:00:04,346 [pool-59-thread-1] INFO  impl.RaftServerImpl (ServerState.java:<init>(103)) - d3e03273-8c79-4c12-9358-0a8612c41dd7@group-03B580E33239: ConfigurationManager, init=-1: [], old=null, confs=<EMPTY_MAP>
2019-10-18 04:00:04,346 [pool-59-thread-1] INFO  server.RaftServerConfigKeys (ConfUtils.java:logGet(43)) - raft.server.storage.dir = [/workdir/hadoop-ozone/integration-test/target/test-dir/MiniOzoneClusterImpl-36fb2caf-2745-49bb-9dac-6faaadebd701/datanode-2/data/ratis] (custom)
2019-10-18 04:00:04,346 [pool-59-thread-1] INFO  server.RaftServerConfigKeys (ConfUtils.java:logGet(43)) - raft.server.log.corruption.policy = EXCEPTION (default)
2019-10-18 04:00:04,348 [SCMBlockDeletingService#0] INFO  block.SCMBlockDeletingService (SCMBlockDeletingService.java:call(184)) - Totally added 1 delete blocks command for 1 datanodes, task elapsed time: 0ms
2019-10-18 04:00:04,348 [main] INFO  server.AuthenticationFilter (AuthenticationFilter.java:constructSecretProvider(240)) - Unable to initialize FileSignerSecretProvider, falling back to use random secrets.
2019-10-18 04:00:04,348 [pool-7-thread-1] INFO  commands.RetriableDatanodeEventWatcher (RetriableDatanodeEventWatcher.java:onTimeout(47)) - RetriableDatanodeCommand type=deleteBlocksCommand with id=1571371203345 timed out. Retrying.
2019-10-18 04:00:04,349 [main] WARN  http.HttpRequestLog (HttpRequestLog.java:getRequestLog(97)) - Jetty request log can only be enabled using Log4j
2019-10-18 04:00:04,352 [main] INFO  http.HttpServer2 (HttpServer2.java:addGlobalFilter(975)) - Added global filter 'safety' (class=org.apache.hadoop.http.HttpServer2$QuotingInputFilter)
2019-10-18 04:00:04,353 [main] INFO  http.HttpServer2 (HttpServer2.java:addFilter(948)) - Added filter static_user_filter (class=org.apache.hadoop.http.lib.StaticUserWebFilter$StaticUserFilter) to context hddsDatanode
2019-10-18 04:00:04,353 [main] INFO  http.HttpServer2 (HttpServer2.java:addFilter(958)) - Added filter static_user_filter (class=org.apache.hadoop.http.lib.StaticUserWebFilter$StaticUserFilter) to context static
2019-10-18 04:00:04,353 [main] INFO  http.HttpServer2 (HttpServer2.java:addFilter(958)) - Added filter static_user_filter (class=org.apache.hadoop.http.lib.StaticUserWebFilter$StaticUserFilter) to context logs
2019-10-18 04:00:04,355 [main] INFO  http.HttpServer2 (HttpServer2.java:bindListener(1191)) - Jetty bound to port 34981
2019-10-18 04:00:04,355 [main] INFO  server.Server (Server.java:doStart(351)) - jetty-9.3.25.v20180904, build timestamp: 2018-09-04T21:11:46Z, git hash: 3ce520221d0240229c862b122d2b06c12a625732
2019-10-18 04:00:04,358 [main] INFO  handler.ContextHandler (ContextHandler.java:doStart(781)) - Started o.e.j.s.ServletContextHandler@66933239{/logs,file:///workdir/hadoop-ozone/integration-test/target/log,AVAILABLE}
2019-10-18 04:00:04,358 [main] INFO  handler.ContextHandler (ContextHandler.java:doStart(781)) - Started o.e.j.s.ServletContextHandler@41ad373{/static,jar:file:/home/user/.m2/repository/org/apache/hadoop/hadoop-hdds-container-service/0.5.0-SNAPSHOT/hadoop-hdds-container-service-0.5.0-SNAPSHOT.jar!/webapps/static,AVAILABLE}
2019-10-18 04:00:04,359 [pool-59-thread-1] INFO  storage.RaftStorageDirectory (RaftStorageDirectory.java:tryLock(328)) - Lock on /workdir/hadoop-ozone/integration-test/target/test-dir/MiniOzoneClusterImpl-36fb2caf-2745-49bb-9dac-6faaadebd701/datanode-2/data/ratis/defa1269-bd0f-4f76-adbb-03b580e33239/in_use.lock acquired by nodename 2810@trunk-nightly-20191018-rlnr2-3935024321
2019-10-18 04:00:04,363 [pool-59-thread-1] INFO  ratis.ContainerStateMachine (ContainerStateMachine.java:loadSnapshot(240)) - group-03B580E33239: Setting the last applied index to (t:7, i:3)
2019-10-18 04:00:04,370 [pool-59-thread-1] INFO  impl.RaftServerImpl (ServerState.java:setRaftConf(357)) - d3e03273-8c79-4c12-9358-0a8612c41dd7@group-03B580E33239: set configuration 0: [20f566ef-d50a-432c-acfc-b325de8c1be4:192.168.157.238:44964, d3e03273-8c79-4c12-9358-0a8612c41dd7:192.168.157.238:40960, 04d45094-7136-40c1-bdbb-fee737a34122:192.168.157.238:41949], old=null at 0
2019-10-18 04:00:04,370 [pool-59-thread-1] INFO  server.RaftServerConfigKeys (ConfUtils.java:logGet(43)) - raft.server.notification.no-leader.timeout = 1000s (custom)
2019-10-18 04:00:04,370 [pool-59-thread-1] INFO  server.RaftServerConfigKeys (ConfUtils.java:logGet(43)) - raft.server.log.use.memory = false (default)
2019-10-18 04:00:04,371 [pool-59-thread-1] INFO  server.RaftServerConfigKeys (ConfUtils.java:logGet(43)) - raft.server.log.purge.gap = 1000000 (custom)
2019-10-18 04:00:04,371 [pool-59-thread-1] INFO  server.RaftServerConfigKeys (ConfUtils.java:logGet(43)) - raft.server.log.appender.buffer.byte-limit = 33554432 (custom)
2019-10-18 04:00:04,371 [pool-59-thread-1] INFO  server.RaftServerConfigKeys (ConfUtils.java:logGet(43)) - raft.server.log.segment.size.max = 1048576 (custom)
2019-10-18 04:00:04,371 [pool-59-thread-1] INFO  server.RaftServerConfigKeys (ConfUtils.java:logGet(43)) - raft.server.log.segment.cache.num.max = 2 (custom)
2019-10-18 04:00:04,371 [pool-59-thread-1] INFO  segmented.SegmentedRaftLogWorker (SegmentedRaftLogWorker.java:<init>(173)) - new d3e03273-8c79-4c12-9358-0a8612c41dd7@group-03B580E33239-SegmentedRaftLogWorker for RaftStorage:Storage Directory /workdir/hadoop-ozone/integration-test/target/test-dir/MiniOzoneClusterImpl-36fb2caf-2745-49bb-9dac-6faaadebd701/datanode-2/data/ratis/defa1269-bd0f-4f76-adbb-03b580e33239
2019-10-18 04:00:04,371 [pool-59-thread-1] INFO  server.RaftServerConfigKeys (ConfUtils.java:logGet(43)) - raft.server.log.queue.byte-limit = 2147483647 (custom)
2019-10-18 04:00:04,372 [pool-59-thread-1] INFO  server.RaftServerConfigKeys (ConfUtils.java:logGet(43)) - raft.server.log.queue.element-limit = 1024 (custom)
2019-10-18 04:00:04,372 [pool-59-thread-1] INFO  server.RaftServerConfigKeys (ConfUtils.java:logGet(43)) - raft.server.log.segment.size.max = 1048576 (custom)
2019-10-18 04:00:04,372 [pool-59-thread-1] INFO  server.RaftServerConfigKeys (ConfUtils.java:logGet(43)) - raft.server.log.preallocated.size = 16384 (custom)
2019-10-18 04:00:04,372 [pool-59-thread-1] INFO  server.RaftServerConfigKeys (ConfUtils.java:logGet(43)) - raft.server.log.write.buffer.size = 33554432 (custom)
2019-10-18 04:00:04,372 [pool-59-thread-1] INFO  server.RaftServerConfigKeys (ConfUtils.java:logGet(43)) - raft.server.log.force.sync.num = 128 (default)
2019-10-18 04:00:04,372 [pool-59-thread-1] INFO  server.RaftServerConfigKeys (ConfUtils.java:logGet(43)) - raft.server.log.statemachine.data.sync = true (default)
2019-10-18 04:00:04,372 [pool-59-thread-1] INFO  server.RaftServerConfigKeys (ConfUtils.java:logGet(43)) - raft.server.log.statemachine.data.sync.timeout = 10s (default)
2019-10-18 04:00:04,373 [pool-59-thread-1] INFO  server.RaftServerConfigKeys (ConfUtils.java:logGet(43)) - raft.server.log.statemachine.data.sync.timeout.retry = -1 (default)
2019-10-18 04:00:04,373 [pool-59-thread-1] INFO  server.RaftServerConfigKeys (ConfUtils.java:logGet(43)) - raft.server.log.statemachine.data.caching.enabled = true (custom)
2019-10-18 04:00:04,382 [pool-59-thread-1] INFO  impl.RaftServerImpl (ServerState.java:setRaftConf(357)) - d3e03273-8c79-4c12-9358-0a8612c41dd7@group-03B580E33239: set configuration 0: [20f566ef-d50a-432c-acfc-b325de8c1be4:192.168.157.238:44964, d3e03273-8c79-4c12-9358-0a8612c41dd7:192.168.157.238:40960, 04d45094-7136-40c1-bdbb-fee737a34122:192.168.157.238:41949], old=null at 0
2019-10-18 04:00:04,384 [pool-59-thread-1] INFO  segmented.LogSegment (LogSegment.java:loadSegment(140)) - Successfully read 5 entries from segment file /workdir/hadoop-ozone/integration-test/target/test-dir/MiniOzoneClusterImpl-36fb2caf-2745-49bb-9dac-6faaadebd701/datanode-2/data/ratis/defa1269-bd0f-4f76-adbb-03b580e33239/current/log_inprogress_0
2019-10-18 04:00:04,480 [pool-59-thread-1] INFO  segmented.SegmentedRaftLogWorker (SegmentedRaftLogWorker.java:lambda$new$0(128)) - d3e03273-8c79-4c12-9358-0a8612c41dd7@group-03B580E33239-SegmentedRaftLogWorker: flushIndex: setUnconditionally 0 -> 4
2019-10-18 04:00:04,522 [pool-59-thread-1] INFO  raftlog.RaftLog (RaftLog.java:lambda$new$0(61)) - d3e03273-8c79-4c12-9358-0a8612c41dd7@group-03B580E33239-SegmentedRaftLog: commitIndex: updateToMax old=3, new=3, updated? false
2019-10-18 04:00:04,524 [BlockDeletingService#2] WARN  background.BlockDeletingService (BlockDeletingService.java:isDeletionAllowed(187)) - Close Container log Index 6 is not replicated across allthe servers in the pipeline defa1269-bd0f-4f76-adbb-03b580e33239 as the min replicated index is 4. Deletion is not allowed in this container yet.
2019-10-18 04:00:04,525 [pool-59-thread-1] INFO  server.RaftServerConfigKeys (ConfUtils.java:logGet(43)) - raft.server.snapshot.auto.trigger.enabled = true (custom)
2019-10-18 04:00:04,525 [BlockDeletingService#2] WARN  background.BlockDeletingService (BlockDeletingService.java:isDeletionAllowed(187)) - Close Container log Index 6 is not replicated across allthe servers in the pipeline defa1269-bd0f-4f76-adbb-03b580e33239 as the min replicated index is 4. Deletion is not allowed in this container yet.
2019-10-18 04:00:04,526 [pool-59-thread-1] INFO  server.RaftServerConfigKeys (ConfUtils.java:logGet(43)) - raft.server.snapshot.auto.trigger.threshold = 10000 (custom)
2019-10-18 04:00:04,526 [pool-59-thread-1] INFO  server.RaftServerConfigKeys (ConfUtils.java:logGet(43)) - raft.server.snapshot.retention.file.num = 5 (custom)
2019-10-18 04:00:04,526 [pool-59-thread-1] INFO  server.RaftServerConfigKeys (ConfUtils.java:logGet(43)) - raft.server.retrycache.expirytime = 600000ms (custom)
2019-10-18 04:00:04,531 [pool-59-thread-1] INFO  impl.RaftServerImpl (RaftServerImpl.java:<init>(104)) - d3e03273-8c79-4c12-9358-0a8612c41dd7: new RaftServerImpl for group-4D2FEF3B968C:[] with ContainerStateMachine:uninitialized
2019-10-18 04:00:04,532 [pool-59-thread-1] INFO  server.RaftServerConfigKeys (ConfUtils.java:logGet(43)) - raft.server.rpc.timeout.min = 5s (custom)
2019-10-18 04:00:04,532 [pool-59-thread-1] INFO  server.RaftServerConfigKeys (ConfUtils.java:logGet(43)) - raft.server.rpc.timeout.max = 5200ms (custom)
2019-10-18 04:00:04,532 [pool-59-thread-1] INFO  server.RaftServerConfigKeys (ConfUtils.java:logGet(43)) - raft.server.rpcslowness.timeout = 1000s (custom)
2019-10-18 04:00:04,532 [pool-59-thread-1] INFO  server.RaftServerConfigKeys (ConfUtils.java:logGet(43)) - raft.server.sleep.deviation.threshold = 300 (default)
2019-10-18 04:00:04,532 [pool-59-thread-1] INFO  server.RaftServerConfigKeys (ConfUtils.java:logGet(43)) - raft.server.log.appender.install.snapshot.enabled = false (custom)
2019-10-18 04:00:04,532 [pool-59-thread-1] INFO  impl.RaftServerImpl (ServerState.java:<init>(103)) - d3e03273-8c79-4c12-9358-0a8612c41dd7@group-4D2FEF3B968C: ConfigurationManager, init=-1: [], old=null, confs=<EMPTY_MAP>
2019-10-18 04:00:04,532 [pool-59-thread-1] INFO  server.RaftServerConfigKeys (ConfUtils.java:logGet(43)) - raft.server.storage.dir = [/workdir/hadoop-ozone/integration-test/target/test-dir/MiniOzoneClusterImpl-36fb2caf-2745-49bb-9dac-6faaadebd701/datanode-2/data/ratis] (custom)
2019-10-18 04:00:04,533 [pool-59-thread-1] INFO  server.RaftServerConfigKeys (ConfUtils.java:logGet(43)) - raft.server.log.corruption.policy = EXCEPTION (default)
2019-10-18 04:00:04,545 [pool-59-thread-1] INFO  storage.RaftStorageDirectory (RaftStorageDirectory.java:tryLock(328)) - Lock on /workdir/hadoop-ozone/integration-test/target/test-dir/MiniOzoneClusterImpl-36fb2caf-2745-49bb-9dac-6faaadebd701/datanode-2/data/ratis/07de6239-7f61-4033-ae1b-4d2fef3b968c/in_use.lock acquired by nodename 2810@trunk-nightly-20191018-rlnr2-3935024321
2019-10-18 04:00:04,546 [pool-59-thread-1] INFO  ratis.ContainerStateMachine (ContainerStateMachine.java:loadSnapshot(231)) - group-4D2FEF3B968C: The snapshot info is null. Setting the last applied indexto:(t:0, i:~)
2019-10-18 04:00:04,546 [pool-59-thread-1] INFO  server.RaftServerConfigKeys (ConfUtils.java:logGet(43)) - raft.server.notification.no-leader.timeout = 1000s (custom)
2019-10-18 04:00:04,546 [pool-59-thread-1] INFO  server.RaftServerConfigKeys (ConfUtils.java:logGet(43)) - raft.server.log.use.memory = false (default)
2019-10-18 04:00:04,547 [pool-59-thread-1] INFO  server.RaftServerConfigKeys (ConfUtils.java:logGet(43)) - raft.server.log.purge.gap = 1000000 (custom)
2019-10-18 04:00:04,547 [pool-59-thread-1] INFO  server.RaftServerConfigKeys (ConfUtils.java:logGet(43)) - raft.server.log.appender.buffer.byte-limit = 33554432 (custom)
2019-10-18 04:00:04,547 [pool-59-thread-1] INFO  server.RaftServerConfigKeys (ConfUtils.java:logGet(43)) - raft.server.log.segment.size.max = 1048576 (custom)
2019-10-18 04:00:04,547 [pool-59-thread-1] INFO  server.RaftServerConfigKeys (ConfUtils.java:logGet(43)) - raft.server.log.segment.cache.num.max = 2 (custom)
2019-10-18 04:00:04,547 [pool-59-thread-1] INFO  segmented.SegmentedRaftLogWorker (SegmentedRaftLogWorker.java:<init>(173)) - new d3e03273-8c79-4c12-9358-0a8612c41dd7@group-4D2FEF3B968C-SegmentedRaftLogWorker for RaftStorage:Storage Directory /workdir/hadoop-ozone/integration-test/target/test-dir/MiniOzoneClusterImpl-36fb2caf-2745-49bb-9dac-6faaadebd701/datanode-2/data/ratis/07de6239-7f61-4033-ae1b-4d2fef3b968c
2019-10-18 04:00:04,547 [pool-59-thread-1] INFO  server.RaftServerConfigKeys (ConfUtils.java:logGet(43)) - raft.server.log.queue.byte-limit = 2147483647 (custom)
2019-10-18 04:00:04,548 [pool-59-thread-1] INFO  server.RaftServerConfigKeys (ConfUtils.java:logGet(43)) - raft.server.log.queue.element-limit = 1024 (custom)
2019-10-18 04:00:04,548 [pool-59-thread-1] INFO  server.RaftServerConfigKeys (ConfUtils.java:logGet(43)) - raft.server.log.segment.size.max = 1048576 (custom)
2019-10-18 04:00:04,548 [pool-59-thread-1] INFO  server.RaftServerConfigKeys (ConfUtils.java:logGet(43)) - raft.server.log.preallocated.size = 16384 (custom)
2019-10-18 04:00:04,548 [pool-59-thread-1] INFO  server.RaftServerConfigKeys (ConfUtils.java:logGet(43)) - raft.server.log.write.buffer.size = 33554432 (custom)
2019-10-18 04:00:04,548 [pool-59-thread-1] INFO  server.RaftServerConfigKeys (ConfUtils.java:logGet(43)) - raft.server.log.force.sync.num = 128 (default)
2019-10-18 04:00:04,548 [pool-59-thread-1] INFO  server.RaftServerConfigKeys (ConfUtils.java:logGet(43)) - raft.server.log.statemachine.data.sync = true (default)
2019-10-18 04:00:04,548 [pool-59-thread-1] INFO  server.RaftServerConfigKeys (ConfUtils.java:logGet(43)) - raft.server.log.statemachine.data.sync.timeout = 10s (default)
2019-10-18 04:00:04,548 [pool-59-thread-1] INFO  server.RaftServerConfigKeys (ConfUtils.java:logGet(43)) - raft.server.log.statemachine.data.sync.timeout.retry = -1 (default)
2019-10-18 04:00:04,549 [pool-59-thread-1] INFO  server.RaftServerConfigKeys (ConfUtils.java:logGet(43)) - raft.server.log.statemachine.data.caching.enabled = true (custom)
2019-10-18 04:00:04,549 [pool-59-thread-1] INFO  impl.RaftServerImpl (ServerState.java:setRaftConf(357)) - d3e03273-8c79-4c12-9358-0a8612c41dd7@group-4D2FEF3B968C: set configuration 0: [d3e03273-8c79-4c12-9358-0a8612c41dd7:192.168.157.238:40960], old=null at 0
2019-10-18 04:00:04,550 [pool-59-thread-1] INFO  segmented.LogSegment (LogSegment.java:loadSegment(140)) - Successfully read 1 entries from segment file /workdir/hadoop-ozone/integration-test/target/test-dir/MiniOzoneClusterImpl-36fb2caf-2745-49bb-9dac-6faaadebd701/datanode-2/data/ratis/07de6239-7f61-4033-ae1b-4d2fef3b968c/current/log_inprogress_0
2019-10-18 04:00:04,550 [pool-59-thread-1] INFO  segmented.SegmentedRaftLogWorker (SegmentedRaftLogWorker.java:lambda$new$0(128)) - d3e03273-8c79-4c12-9358-0a8612c41dd7@group-4D2FEF3B968C-SegmentedRaftLogWorker: flushIndex: setUnconditionally 0 -> 0
2019-10-18 04:00:04,552 [main] INFO  handler.ContextHandler (ContextHandler.java:doStart(781)) - Started o.e.j.w.WebAppContext@68a78f3c{/,file:///tmp/jetty-0.0.0.0-34981-hddsDatanode-_-any-6955675537381530206.dir/webapp/,AVAILABLE}{/hddsDatanode}
2019-10-18 04:00:04,553 [main] INFO  server.AbstractConnector (AbstractConnector.java:doStart(278)) - Started ServerConnector@17ba57f0{HTTP/1.1,[http/1.1]}{0.0.0.0:34981}
2019-10-18 04:00:04,582 [pool-59-thread-1] INFO  server.RaftServerConfigKeys (ConfUtils.java:logGet(43)) - raft.server.snapshot.auto.trigger.enabled = true (custom)
2019-10-18 04:00:04,583 [main] INFO  server.Server (Server.java:doStart(419)) - Started @113243ms
2019-10-18 04:00:04,583 [pool-59-thread-1] INFO  server.RaftServerConfigKeys (ConfUtils.java:logGet(43)) - raft.server.snapshot.auto.trigger.threshold = 10000 (custom)
2019-10-18 04:00:04,583 [main] WARN  impl.MetricsSystemImpl (MetricsSystemImpl.java:register(276)) - Sink prometheus already exists!
2019-10-18 04:00:04,583 [pool-59-thread-1] INFO  server.RaftServerConfigKeys (ConfUtils.java:logGet(43)) - raft.server.snapshot.retention.file.num = 5 (custom)
2019-10-18 04:00:04,583 [pool-59-thread-1] INFO  server.RaftServerConfigKeys (ConfUtils.java:logGet(43)) - raft.server.retrycache.expirytime = 600000ms (custom)
2019-10-18 04:00:04,584 [Thread-589] INFO  client.GrpcClientProtocolService (GrpcClientProtocolService.java:lambda$processClientRequest$0(278)) - Failed RaftClientRequest:client-3EDA899B7DA2->04d45094-7136-40c1-bdbb-fee737a34122@group-03B580E33239, cid=10, seq=0, Watch-ALL_COMMITTED(6), Message:<EMPTY>, reply=RaftClientReply:client-3EDA899B7DA2->04d45094-7136-40c1-bdbb-fee737a34122@group-03B580E33239, cid=10, FAILED org.apache.ratis.protocol.NotReplicatedException: Request with call Id 10 and log index 6 is not yet replicated to ALL_COMMITTED, logIndex=6, commits[04d45094-7136-40c1-bdbb-fee737a34122:c10, 20f566ef-d50a-432c-acfc-b325de8c1be4:c10, d3e03273-8c79-4c12-9358-0a8612c41dd7:c4]
2019-10-18 04:00:04,584 [main] INFO  server.BaseHttpServer (BaseHttpServer.java:updateConnectorAddress(215)) - HTTP server of HDDSDATANODE is listening at http://0.0.0.0:34981
2019-10-18 04:00:04,589 [org.apache.hadoop.util.JvmPauseMonitor$Monitor@1ad373b6] INFO  util.JvmPauseMonitor (JvmPauseMonitor.java:run(188)) - Starting JVM pause monitor
2019-10-18 04:00:04,658 [java.util.concurrent.ThreadPoolExecutor$Worker@48002e7b[State = -1, empty queue]] WARN  server.GrpcLogAppender (GrpcLogAppender.java:timeoutAppendRequest(209)) - 04d45094-7136-40c1-bdbb-fee737a34122@group-03B580E33239->d3e03273-8c79-4c12-9358-0a8612c41dd7-GrpcLogAppender: appendEntries Timeout, request=04d45094-7136-40c1-bdbb-fee737a34122->d3e03273-8c79-4c12-9358-0a8612c41dd7#50-t7, previous=(t:7, i:10), leaderCommit=10, initializing? false, entries: <empty>
2019-10-18 04:00:05,348 [pool-7-thread-1] INFO  commands.RetriableDatanodeEventWatcher (RetriableDatanodeEventWatcher.java:onTimeout(47)) - RetriableDatanodeCommand type=deleteBlocksCommand with id=1571371203348 timed out. Retrying.
2019-10-18 04:00:05,349 [pool-7-thread-1] INFO  commands.RetriableDatanodeEventWatcher (RetriableDatanodeEventWatcher.java:onTimeout(47)) - RetriableDatanodeCommand type=deleteBlocksCommand with id=1571371203345 timed out. Retrying.
2019-10-18 04:00:05,349 [SCMBlockDeletingService#0] INFO  block.SCMBlockDeletingService (SCMBlockDeletingService.java:call(184)) - Totally added 1 delete blocks command for 1 datanodes, task elapsed time: 0ms
2019-10-18 04:00:05,527 [BlockDeletingService#2] WARN  background.BlockDeletingService (BlockDeletingService.java:isDeletionAllowed(187)) - Close Container log Index 6 is not replicated across allthe servers in the pipeline defa1269-bd0f-4f76-adbb-03b580e33239 as the min replicated index is 4. Deletion is not allowed in this container yet.
2019-10-18 04:00:05,527 [BlockDeletingService#2] WARN  background.BlockDeletingService (BlockDeletingService.java:isDeletionAllowed(187)) - Close Container log Index 6 is not replicated across allthe servers in the pipeline defa1269-bd0f-4f76-adbb-03b580e33239 as the min replicated index is 4. Deletion is not allowed in this container yet.
2019-10-18 04:00:06,348 [pool-7-thread-1] INFO  commands.RetriableDatanodeEventWatcher (RetriableDatanodeEventWatcher.java:onTimeout(47)) - RetriableDatanodeCommand type=deleteBlocksCommand with id=1571371203345 timed out. Retrying.
2019-10-18 04:00:06,349 [pool-7-thread-2] INFO  commands.RetriableDatanodeEventWatcher (RetriableDatanodeEventWatcher.java:onTimeout(47)) - RetriableDatanodeCommand type=deleteBlocksCommand with id=1571371203348 timed out. Retrying.
2019-10-18 04:00:06,349 [pool-7-thread-3] INFO  commands.RetriableDatanodeEventWatcher (RetriableDatanodeEventWatcher.java:onTimeout(47)) - RetriableDatanodeCommand type=deleteBlocksCommand with id=1571371203349 timed out. Retrying.
2019-10-18 04:00:06,350 [SCMBlockDeletingService#0] INFO  block.SCMBlockDeletingService (SCMBlockDeletingService.java:call(184)) - Totally added 1 delete blocks command for 1 datanodes, task elapsed time: 0ms
2019-10-18 04:00:06,528 [BlockDeletingService#2] WARN  background.BlockDeletingService (BlockDeletingService.java:isDeletionAllowed(187)) - Close Container log Index 6 is not replicated across allthe servers in the pipeline defa1269-bd0f-4f76-adbb-03b580e33239 as the min replicated index is 4. Deletion is not allowed in this container yet.
2019-10-18 04:00:06,528 [BlockDeletingService#2] WARN  background.BlockDeletingService (BlockDeletingService.java:isDeletionAllowed(187)) - Close Container log Index 6 is not replicated across allthe servers in the pipeline defa1269-bd0f-4f76-adbb-03b580e33239 as the min replicated index is 4. Deletion is not allowed in this container yet.
2019-10-18 04:00:06,591 [Datanode State Machine Thread - 0] INFO  ozoneimpl.OzoneContainer (OzoneContainer.java:start(213)) - Attempting to start container services.
2019-10-18 04:00:06,591 [Datanode State Machine Thread - 0] INFO  ozoneimpl.OzoneContainer (OzoneContainer.java:startContainerScrub(177)) - Background container scanner has been disabled.
2019-10-18 04:00:06,592 [Datanode State Machine Thread - 0] INFO  ratis.XceiverServerRatis (XceiverServerRatis.java:start(418)) - Starting XceiverServerRatis d3e03273-8c79-4c12-9358-0a8612c41dd7 at port 40960
2019-10-18 04:00:06,604 [Datanode State Machine Thread - 0] INFO  impl.RaftServerImpl (RaftServerImpl.java:start(195)) - d3e03273-8c79-4c12-9358-0a8612c41dd7@group-03B580E33239: start as a follower, conf=0: [20f566ef-d50a-432c-acfc-b325de8c1be4:192.168.157.238:44964, d3e03273-8c79-4c12-9358-0a8612c41dd7:192.168.157.238:40960, 04d45094-7136-40c1-bdbb-fee737a34122:192.168.157.238:41949], old=null
2019-10-18 04:00:06,605 [ForkJoinPool.commonPool-worker-0] INFO  impl.RaftServerImpl (RaftServerImpl.java:start(195)) - d3e03273-8c79-4c12-9358-0a8612c41dd7@group-4D2FEF3B968C: start as a follower, conf=0: [d3e03273-8c79-4c12-9358-0a8612c41dd7:192.168.157.238:40960], old=null
2019-10-18 04:00:06,605 [Datanode State Machine Thread - 0] INFO  impl.RaftServerImpl (RaftServerImpl.java:setRole(184)) - d3e03273-8c79-4c12-9358-0a8612c41dd7@group-03B580E33239: changes role from      null to FOLLOWER at term 7 for startAsFollower
2019-10-18 04:00:06,605 [ForkJoinPool.commonPool-worker-0] INFO  impl.RaftServerImpl (RaftServerImpl.java:setRole(184)) - d3e03273-8c79-4c12-9358-0a8612c41dd7@group-4D2FEF3B968C: changes role from      null to FOLLOWER at term 1 for startAsFollower
2019-10-18 04:00:06,605 [Datanode State Machine Thread - 0] INFO  impl.RoleInfo (RoleInfo.java:updateAndGet(143)) - d3e03273-8c79-4c12-9358-0a8612c41dd7: start FollowerState
2019-10-18 04:00:06,606 [ForkJoinPool.commonPool-worker-0] INFO  impl.RoleInfo (RoleInfo.java:updateAndGet(143)) - d3e03273-8c79-4c12-9358-0a8612c41dd7: start FollowerState
2019-10-18 04:00:06,606 [Datanode State Machine Thread - 0] INFO  util.JmxRegister (JmxRegister.java:tryRegister(44)) - Successfully registered JMX Bean with object name Ratis:service=RaftServer,group=group-03B580E33239,id=d3e03273-8c79-4c12-9358-0a8612c41dd7
2019-10-18 04:00:06,606 [ForkJoinPool.commonPool-worker-0] INFO  util.JmxRegister (JmxRegister.java:tryRegister(44)) - Successfully registered JMX Bean with object name Ratis:service=RaftServer,group=group-4D2FEF3B968C,id=d3e03273-8c79-4c12-9358-0a8612c41dd7
2019-10-18 04:00:06,607 [Datanode State Machine Thread - 0] INFO  impl.RaftServerProxy (RaftServerProxy.java:lambda$start$3(299)) - d3e03273-8c79-4c12-9358-0a8612c41dd7: start RPC server
2019-10-18 04:00:06,609 [Datanode State Machine Thread - 0] INFO  server.GrpcService (GrpcService.java:startImpl(158)) - d3e03273-8c79-4c12-9358-0a8612c41dd7: GrpcService started, listening on 0.0.0.0/0.0.0.0:40960
2019-10-18 04:00:06,616 [Thread-596] INFO  impl.FollowerState (FollowerState.java:run(108)) - d3e03273-8c79-4c12-9358-0a8612c41dd7@group-03B580E33239-FollowerState: change to CANDIDATE, lastRpcTime:10ms, electionTimeout:10ms
2019-10-18 04:00:06,616 [Thread-596] INFO  impl.RoleInfo (RoleInfo.java:shutdownFollowerState(121)) - d3e03273-8c79-4c12-9358-0a8612c41dd7: shutdown FollowerState
2019-10-18 04:00:06,617 [Thread-596] INFO  impl.RaftServerImpl (RaftServerImpl.java:setRole(184)) - d3e03273-8c79-4c12-9358-0a8612c41dd7@group-03B580E33239: changes role from  FOLLOWER to CANDIDATE at term 7 for changeToCandidate
2019-10-18 04:00:06,617 [Thread-596] INFO  impl.RoleInfo (RoleInfo.java:updateAndGet(143)) - d3e03273-8c79-4c12-9358-0a8612c41dd7: start LeaderElection
2019-10-18 04:00:06,633 [d3e03273-8c79-4c12-9358-0a8612c41dd7@group-03B580E33239-LeaderElection16] INFO  impl.LeaderElection (LeaderElection.java:askForVotes(178)) - d3e03273-8c79-4c12-9358-0a8612c41dd7@group-03B580E33239-LeaderElection16: begin an election at term 8 for 0: [20f566ef-d50a-432c-acfc-b325de8c1be4:192.168.157.238:44964, d3e03273-8c79-4c12-9358-0a8612c41dd7:192.168.157.238:40960, 04d45094-7136-40c1-bdbb-fee737a34122:192.168.157.238:41949], old=null
2019-10-18 04:00:06,646 [grpc-default-executor-5] INFO  impl.RaftServerImpl (ServerState.java:setLeader(256)) - 20f566ef-d50a-432c-acfc-b325de8c1be4@group-03B580E33239: change Leader from 04d45094-7136-40c1-bdbb-fee737a34122 to null at term 8 for updateCurrentTerm
2019-10-18 04:00:06,646 [grpc-default-executor-0] INFO  impl.RaftServerImpl (ServerState.java:setLeader(256)) - 04d45094-7136-40c1-bdbb-fee737a34122@group-03B580E33239: change Leader from 04d45094-7136-40c1-bdbb-fee737a34122 to null at term 8 for updateCurrentTerm
2019-10-18 04:00:06,646 [grpc-default-executor-5] INFO  impl.RaftServerImpl (RaftServerImpl.java:setRole(184)) - 20f566ef-d50a-432c-acfc-b325de8c1be4@group-03B580E33239: changes role from  FOLLOWER to FOLLOWER at term 8 for recognizeCandidate:d3e03273-8c79-4c12-9358-0a8612c41dd7
2019-10-18 04:00:06,646 [grpc-default-executor-0] INFO  impl.RaftServerImpl (RaftServerImpl.java:setRole(184)) - 04d45094-7136-40c1-bdbb-fee737a34122@group-03B580E33239: changes role from    LEADER to FOLLOWER at term 8 for recognizeCandidate:d3e03273-8c79-4c12-9358-0a8612c41dd7
2019-10-18 04:00:06,647 [grpc-default-executor-5] INFO  impl.RoleInfo (RoleInfo.java:shutdownFollowerState(121)) - 20f566ef-d50a-432c-acfc-b325de8c1be4: shutdown FollowerState
2019-10-18 04:00:06,647 [grpc-default-executor-0] INFO  impl.RoleInfo (RoleInfo.java:shutdownLeaderState(104)) - 04d45094-7136-40c1-bdbb-fee737a34122: shutdown LeaderState
2019-10-18 04:00:06,647 [grpc-default-executor-5] INFO  impl.RoleInfo (RoleInfo.java:updateAndGet(143)) - 20f566ef-d50a-432c-acfc-b325de8c1be4: start FollowerState
2019-10-18 04:00:06,647 [Thread-279] INFO  impl.FollowerState (FollowerState.java:run(117)) - 20f566ef-d50a-432c-acfc-b325de8c1be4@group-03B580E33239-FollowerState was interrupted: java.lang.InterruptedException: sleep interrupted
2019-10-18 04:00:06,649 [org.apache.ratis.server.impl.LogAppender$AppenderDaemon$$Lambda$424/771829267@6563e90] WARN  server.GrpcLogAppender (GrpcLogAppender.java:mayWait(149)) - 04d45094-7136-40c1-bdbb-fee737a34122@group-03B580E33239->d3e03273-8c79-4c12-9358-0a8612c41dd7-GrpcLogAppender: Wait interrupted by java.lang.InterruptedException
2019-10-18 04:00:06,649 [org.apache.ratis.server.impl.LogAppender$AppenderDaemon$$Lambda$424/771829267@37ab4d69] WARN  server.GrpcLogAppender (GrpcLogAppender.java:mayWait(149)) - 04d45094-7136-40c1-bdbb-fee737a34122@group-03B580E33239->20f566ef-d50a-432c-acfc-b325de8c1be4-GrpcLogAppender: Wait interrupted by java.lang.InterruptedException
2019-10-18 04:00:06,649 [grpc-default-executor-0] INFO  impl.PendingRequests (PendingRequests.java:sendNotLeaderResponses(202)) - 04d45094-7136-40c1-bdbb-fee737a34122@group-03B580E33239-PendingRequests: sendNotLeaderResponses
2019-10-18 04:00:06,652 [grpc-default-executor-3] INFO  server.GrpcServerProtocolService (GrpcServerProtocolService.java:onCompleted(113)) - 20f566ef-d50a-432c-acfc-b325de8c1be4: Completed APPEND_ENTRIES, lastRequest: 04d45094-7136-40c1-bdbb-fee737a34122->20f566ef-d50a-432c-acfc-b325de8c1be4#51-t7, previous=(t:7, i:10), leaderCommit=10, initializing? false, entries: <empty>
2019-10-18 04:00:06,653 [Thread-604] INFO  client.GrpcClientProtocolService (GrpcClientProtocolService.java:lambda$processClientRequest$0(278)) - Failed RaftClientRequest:client-3EDA899B7DA2->04d45094-7136-40c1-bdbb-fee737a34122@group-03B580E33239, cid=10, seq=0, Watch-ALL_COMMITTED(6), Message:<EMPTY>, reply=RaftClientReply:client-3EDA899B7DA2->04d45094-7136-40c1-bdbb-fee737a34122@group-03B580E33239, cid=10, FAILED org.apache.ratis.protocol.NotLeaderException: Server 04d45094-7136-40c1-bdbb-fee737a34122@group-03B580E33239 is not the leader, logIndex=0, commits[04d45094-7136-40c1-bdbb-fee737a34122:c10, 20f566ef-d50a-432c-acfc-b325de8c1be4:c10, d3e03273-8c79-4c12-9358-0a8612c41dd7:c4]
2019-10-18 04:00:06,653 [grpc-default-executor-0] INFO  impl.RoleInfo (RoleInfo.java:updateAndGet(143)) - 04d45094-7136-40c1-bdbb-fee737a34122: start FollowerState
2019-10-18 04:00:06,656 [grpc-default-executor-3] INFO  server.GrpcLogAppender (GrpcLogAppender.java:onCompleted(308)) - 04d45094-7136-40c1-bdbb-fee737a34122@group-03B580E33239->20f566ef-d50a-432c-acfc-b325de8c1be4-AppendLogResponseHandler: follower responses appendEntries COMPLETED
2019-10-18 04:00:06,659 [grpc-default-executor-3] INFO  impl.FollowerInfo (FollowerInfo.java:lambda$new$0(51)) - 04d45094-7136-40c1-bdbb-fee737a34122@group-03B580E33239->20f566ef-d50a-432c-acfc-b325de8c1be4: nextIndex: updateUnconditionally 11 -> 10
2019-10-18 04:00:06,663 [Thread-597] INFO  impl.FollowerState (FollowerState.java:run(108)) - d3e03273-8c79-4c12-9358-0a8612c41dd7@group-4D2FEF3B968C-FollowerState: change to CANDIDATE, lastRpcTime:57ms, electionTimeout:57ms
2019-10-18 04:00:06,664 [Thread-597] INFO  impl.RoleInfo (RoleInfo.java:shutdownFollowerState(121)) - d3e03273-8c79-4c12-9358-0a8612c41dd7: shutdown FollowerState
2019-10-18 04:00:06,664 [Thread-597] INFO  impl.RaftServerImpl (RaftServerImpl.java:setRole(184)) - d3e03273-8c79-4c12-9358-0a8612c41dd7@group-4D2FEF3B968C: changes role from  FOLLOWER to CANDIDATE at term 1 for changeToCandidate
2019-10-18 04:00:06,664 [Thread-597] INFO  impl.RoleInfo (RoleInfo.java:updateAndGet(143)) - d3e03273-8c79-4c12-9358-0a8612c41dd7: start LeaderElection
2019-10-18 04:00:06,678 [d3e03273-8c79-4c12-9358-0a8612c41dd7@group-03B580E33239-LeaderElection16] INFO  impl.LeaderElection (LeaderElection.java:logAndReturn(56)) - d3e03273-8c79-4c12-9358-0a8612c41dd7@group-03B580E33239-LeaderElection16: Election REJECTED; received 2 response(s) [d3e03273-8c79-4c12-9358-0a8612c41dd7<-20f566ef-d50a-432c-acfc-b325de8c1be4#0:FAIL-t8, d3e03273-8c79-4c12-9358-0a8612c41dd7<-04d45094-7136-40c1-bdbb-fee737a34122#0:FAIL-t8] and 0 exception(s); d3e03273-8c79-4c12-9358-0a8612c41dd7@group-03B580E33239:t8, leader=null, voted=d3e03273-8c79-4c12-9358-0a8612c41dd7, raftlog=d3e03273-8c79-4c12-9358-0a8612c41dd7@group-03B580E33239-SegmentedRaftLog:OPENED:c3,f4,i4, conf=0: [20f566ef-d50a-432c-acfc-b325de8c1be4:192.168.157.238:44964, d3e03273-8c79-4c12-9358-0a8612c41dd7:192.168.157.238:40960, 04d45094-7136-40c1-bdbb-fee737a34122:192.168.157.238:41949], old=null
2019-10-18 04:00:06,679 [d3e03273-8c79-4c12-9358-0a8612c41dd7@group-03B580E33239-LeaderElection16] INFO  impl.RaftServerImpl (RaftServerImpl.java:setRole(184)) - d3e03273-8c79-4c12-9358-0a8612c41dd7@group-03B580E33239: changes role from CANDIDATE to FOLLOWER at term 8 for DISCOVERED_A_NEW_TERM
2019-10-18 04:00:06,679 [d3e03273-8c79-4c12-9358-0a8612c41dd7@group-4D2FEF3B968C-LeaderElection17] INFO  impl.LeaderElection (LeaderElection.java:askForVotes(178)) - d3e03273-8c79-4c12-9358-0a8612c41dd7@group-4D2FEF3B968C-LeaderElection17: begin an election at term 2 for 0: [d3e03273-8c79-4c12-9358-0a8612c41dd7:192.168.157.238:40960], old=null
2019-10-18 04:00:06,679 [d3e03273-8c79-4c12-9358-0a8612c41dd7@group-03B580E33239-LeaderElection16] INFO  impl.RoleInfo (RoleInfo.java:shutdownLeaderElection(134)) - d3e03273-8c79-4c12-9358-0a8612c41dd7: shutdown LeaderElection
2019-10-18 04:00:06,680 [d3e03273-8c79-4c12-9358-0a8612c41dd7@group-4D2FEF3B968C-LeaderElection17] INFO  impl.RoleInfo (RoleInfo.java:shutdownLeaderElection(134)) - d3e03273-8c79-4c12-9358-0a8612c41dd7: shutdown LeaderElection
2019-10-18 04:00:06,680 [d3e03273-8c79-4c12-9358-0a8612c41dd7@group-03B580E33239-LeaderElection16] INFO  impl.RoleInfo (RoleInfo.java:updateAndGet(143)) - d3e03273-8c79-4c12-9358-0a8612c41dd7: start FollowerState
2019-10-18 04:00:06,680 [d3e03273-8c79-4c12-9358-0a8612c41dd7@group-4D2FEF3B968C-LeaderElection17] INFO  impl.RaftServerImpl (RaftServerImpl.java:setRole(184)) - d3e03273-8c79-4c12-9358-0a8612c41dd7@group-4D2FEF3B968C: changes role from CANDIDATE to LEADER at term 2 for changeToLeader
2019-10-18 04:00:06,680 [d3e03273-8c79-4c12-9358-0a8612c41dd7@group-4D2FEF3B968C-LeaderElection17] INFO  impl.RaftServerImpl (ServerState.java:setLeader(256)) - d3e03273-8c79-4c12-9358-0a8612c41dd7@group-4D2FEF3B968C: change Leader from null to d3e03273-8c79-4c12-9358-0a8612c41dd7 at term 2 for becomeLeader, leader elected after 2133ms
2019-10-18 04:00:06,680 [d3e03273-8c79-4c12-9358-0a8612c41dd7@group-4D2FEF3B968C-LeaderElection17] INFO  server.RaftServerConfigKeys (ConfUtils.java:logGet(43)) - raft.server.staging.catchup.gap = 1000 (default)
2019-10-18 04:00:06,681 [d3e03273-8c79-4c12-9358-0a8612c41dd7@group-4D2FEF3B968C-LeaderElection17] INFO  server.RaftServerConfigKeys (ConfUtils.java:logGet(43)) - raft.server.rpc.sleep.time = 25ms (default)
2019-10-18 04:00:06,681 [d3e03273-8c79-4c12-9358-0a8612c41dd7@group-4D2FEF3B968C-LeaderElection17] INFO  server.RaftServerConfigKeys (ConfUtils.java:logGet(43)) - raft.server.write.element-limit = 4096 (default)
2019-10-18 04:00:06,681 [d3e03273-8c79-4c12-9358-0a8612c41dd7@group-4D2FEF3B968C-LeaderElection17] INFO  server.RaftServerConfigKeys (ConfUtils.java:logGet(43)) - raft.server.watch.timeout = 10s (default)
2019-10-18 04:00:06,681 [d3e03273-8c79-4c12-9358-0a8612c41dd7@group-4D2FEF3B968C-LeaderElection17] INFO  server.RaftServerConfigKeys (ConfUtils.java:logGet(43)) - raft.server.watch.timeout.denomination = 1s (default)
2019-10-18 04:00:06,681 [d3e03273-8c79-4c12-9358-0a8612c41dd7@group-4D2FEF3B968C-LeaderElection17] INFO  server.RaftServerConfigKeys (ConfUtils.java:logGet(43)) - raft.server.watch.element-limit = 65536 (default)
2019-10-18 04:00:06,682 [d3e03273-8c79-4c12-9358-0a8612c41dd7@group-4D2FEF3B968C-LeaderElection17] INFO  impl.RoleInfo (RoleInfo.java:updateAndGet(143)) - d3e03273-8c79-4c12-9358-0a8612c41dd7: start LeaderState
2019-10-18 04:00:06,682 [d3e03273-8c79-4c12-9358-0a8612c41dd7@group-4D2FEF3B968C-LeaderElection17] INFO  segmented.SegmentedRaftLogWorker (SegmentedRaftLogWorker.java:rollLogSegment(390)) - d3e03273-8c79-4c12-9358-0a8612c41dd7@group-4D2FEF3B968C-SegmentedRaftLogWorker: Rolling segment log-0_0 to index:0
2019-10-18 04:00:06,685 [d3e03273-8c79-4c12-9358-0a8612c41dd7@group-4D2FEF3B968C-LeaderElection17] INFO  impl.RaftServerImpl (ServerState.java:setRaftConf(357)) - d3e03273-8c79-4c12-9358-0a8612c41dd7@group-4D2FEF3B968C: set configuration 1: [d3e03273-8c79-4c12-9358-0a8612c41dd7:192.168.157.238:40960], old=null at 1
2019-10-18 04:00:06,686 [d3e03273-8c79-4c12-9358-0a8612c41dd7@group-4D2FEF3B968C-SegmentedRaftLogWorker] INFO  segmented.SegmentedRaftLogWorker (SegmentedRaftLogWorker.java:execute(533)) - d3e03273-8c79-4c12-9358-0a8612c41dd7@group-4D2FEF3B968C-SegmentedRaftLogWorker: Rolled log segment from /workdir/hadoop-ozone/integration-test/target/test-dir/MiniOzoneClusterImpl-36fb2caf-2745-49bb-9dac-6faaadebd701/datanode-2/data/ratis/07de6239-7f61-4033-ae1b-4d2fef3b968c/current/log_inprogress_0 to /workdir/hadoop-ozone/integration-test/target/test-dir/MiniOzoneClusterImpl-36fb2caf-2745-49bb-9dac-6faaadebd701/datanode-2/data/ratis/07de6239-7f61-4033-ae1b-4d2fef3b968c/current/log_0-0
2019-10-18 04:00:06,698 [Thread-608] INFO  impl.FollowerState (FollowerState.java:run(108)) - d3e03273-8c79-4c12-9358-0a8612c41dd7@group-03B580E33239-FollowerState: change to CANDIDATE, lastRpcTime:18ms, electionTimeout:18ms
2019-10-18 04:00:06,699 [Thread-608] INFO  impl.RoleInfo (RoleInfo.java:shutdownFollowerState(121)) - d3e03273-8c79-4c12-9358-0a8612c41dd7: shutdown FollowerState
2019-10-18 04:00:06,699 [Thread-608] INFO  impl.RaftServerImpl (RaftServerImpl.java:setRole(184)) - d3e03273-8c79-4c12-9358-0a8612c41dd7@group-03B580E33239: changes role from  FOLLOWER to CANDIDATE at term 8 for changeToCandidate
2019-10-18 04:00:06,699 [Thread-608] INFO  impl.RoleInfo (RoleInfo.java:updateAndGet(143)) - d3e03273-8c79-4c12-9358-0a8612c41dd7: start LeaderElection
2019-10-18 04:00:06,736 [d3e03273-8c79-4c12-9358-0a8612c41dd7@group-4D2FEF3B968C-SegmentedRaftLogWorker] INFO  segmented.SegmentedRaftLogWorker (SegmentedRaftLogWorker.java:execute(576)) - d3e03273-8c79-4c12-9358-0a8612c41dd7@group-4D2FEF3B968C-SegmentedRaftLogWorker: created new log segment /workdir/hadoop-ozone/integration-test/target/test-dir/MiniOzoneClusterImpl-36fb2caf-2745-49bb-9dac-6faaadebd701/datanode-2/data/ratis/07de6239-7f61-4033-ae1b-4d2fef3b968c/current/log_inprogress_1
2019-10-18 04:00:06,736 [d3e03273-8c79-4c12-9358-0a8612c41dd7@group-03B580E33239-LeaderElection18] INFO  impl.LeaderElection (LeaderElection.java:askForVotes(178)) - d3e03273-8c79-4c12-9358-0a8612c41dd7@group-03B580E33239-LeaderElection18: begin an election at term 9 for 0: [20f566ef-d50a-432c-acfc-b325de8c1be4:192.168.157.238:44964, d3e03273-8c79-4c12-9358-0a8612c41dd7:192.168.157.238:40960, 04d45094-7136-40c1-bdbb-fee737a34122:192.168.157.238:41949], old=null
2019-10-18 04:00:06,741 [grpc-default-executor-5] INFO  impl.RaftServerImpl (RaftServerImpl.java:setRole(184)) - 20f566ef-d50a-432c-acfc-b325de8c1be4@group-03B580E33239: changes role from  FOLLOWER to FOLLOWER at term 9 for recognizeCandidate:d3e03273-8c79-4c12-9358-0a8612c41dd7
2019-10-18 04:00:06,741 [grpc-default-executor-0] INFO  impl.RaftServerImpl (RaftServerImpl.java:setRole(184)) - 04d45094-7136-40c1-bdbb-fee737a34122@group-03B580E33239: changes role from  FOLLOWER to FOLLOWER at term 9 for recognizeCandidate:d3e03273-8c79-4c12-9358-0a8612c41dd7
2019-10-18 04:00:06,741 [grpc-default-executor-5] INFO  impl.RoleInfo (RoleInfo.java:shutdownFollowerState(121)) - 20f566ef-d50a-432c-acfc-b325de8c1be4: shutdown FollowerState
2019-10-18 04:00:06,741 [grpc-default-executor-0] INFO  impl.RoleInfo (RoleInfo.java:shutdownFollowerState(121)) - 04d45094-7136-40c1-bdbb-fee737a34122: shutdown FollowerState
2019-10-18 04:00:06,742 [Thread-603] INFO  impl.FollowerState (FollowerState.java:run(117)) - 20f566ef-d50a-432c-acfc-b325de8c1be4@group-03B580E33239-FollowerState was interrupted: java.lang.InterruptedException: sleep interrupted
2019-10-18 04:00:06,742 [grpc-default-executor-5] INFO  impl.RoleInfo (RoleInfo.java:updateAndGet(143)) - 20f566ef-d50a-432c-acfc-b325de8c1be4: start FollowerState
2019-10-18 04:00:06,742 [Thread-605] INFO  impl.FollowerState (FollowerState.java:run(117)) - 04d45094-7136-40c1-bdbb-fee737a34122@group-03B580E33239-FollowerState was interrupted: java.lang.InterruptedException: sleep interrupted
2019-10-18 04:00:06,742 [grpc-default-executor-0] INFO  impl.RoleInfo (RoleInfo.java:updateAndGet(143)) - 04d45094-7136-40c1-bdbb-fee737a34122: start FollowerState
2019-10-18 04:00:06,747 [d3e03273-8c79-4c12-9358-0a8612c41dd7@group-03B580E33239-LeaderElection18] INFO  impl.LeaderElection (LeaderElection.java:logAndReturn(56)) - d3e03273-8c79-4c12-9358-0a8612c41dd7@group-03B580E33239-LeaderElection18: Election TIMEOUT; received 0 response(s) [] and 0 exception(s); d3e03273-8c79-4c12-9358-0a8612c41dd7@group-03B580E33239:t9, leader=null, voted=d3e03273-8c79-4c12-9358-0a8612c41dd7, raftlog=d3e03273-8c79-4c12-9358-0a8612c41dd7@group-03B580E33239-SegmentedRaftLog:OPENED:c3,f4,i4, conf=0: [20f566ef-d50a-432c-acfc-b325de8c1be4:192.168.157.238:44964, d3e03273-8c79-4c12-9358-0a8612c41dd7:192.168.157.238:40960, 04d45094-7136-40c1-bdbb-fee737a34122:192.168.157.238:41949], old=null
2019-10-18 04:00:06,750 [d3e03273-8c79-4c12-9358-0a8612c41dd7@group-03B580E33239-LeaderElection18] INFO  impl.LeaderElection (LeaderElection.java:askForVotes(178)) - d3e03273-8c79-4c12-9358-0a8612c41dd7@group-03B580E33239-LeaderElection18: begin an election at term 10 for 0: [20f566ef-d50a-432c-acfc-b325de8c1be4:192.168.157.238:44964, d3e03273-8c79-4c12-9358-0a8612c41dd7:192.168.157.238:40960, 04d45094-7136-40c1-bdbb-fee737a34122:192.168.157.238:41949], old=null
2019-10-18 04:00:06,754 [grpc-default-executor-5] INFO  impl.RaftServerImpl (RaftServerImpl.java:setRole(184)) - 20f566ef-d50a-432c-acfc-b325de8c1be4@group-03B580E33239: changes role from  FOLLOWER to FOLLOWER at term 10 for recognizeCandidate:d3e03273-8c79-4c12-9358-0a8612c41dd7
2019-10-18 04:00:06,754 [grpc-default-executor-0] INFO  impl.RaftServerImpl (RaftServerImpl.java:setRole(184)) - 04d45094-7136-40c1-bdbb-fee737a34122@group-03B580E33239: changes role from  FOLLOWER to FOLLOWER at term 10 for recognizeCandidate:d3e03273-8c79-4c12-9358-0a8612c41dd7
2019-10-18 04:00:06,754 [grpc-default-executor-5] INFO  impl.RoleInfo (RoleInfo.java:shutdownFollowerState(121)) - 20f566ef-d50a-432c-acfc-b325de8c1be4: shutdown FollowerState
2019-10-18 04:00:06,755 [grpc-default-executor-0] INFO  impl.RoleInfo (RoleInfo.java:shutdownFollowerState(121)) - 04d45094-7136-40c1-bdbb-fee737a34122: shutdown FollowerState
2019-10-18 04:00:06,755 [Thread-613] INFO  impl.FollowerState (FollowerState.java:run(117)) - 20f566ef-d50a-432c-acfc-b325de8c1be4@group-03B580E33239-FollowerState was interrupted: java.lang.InterruptedException: sleep interrupted
2019-10-18 04:00:06,755 [Thread-614] INFO  impl.FollowerState (FollowerState.java:run(117)) - 04d45094-7136-40c1-bdbb-fee737a34122@group-03B580E33239-FollowerState was interrupted: java.lang.InterruptedException: sleep interrupted
2019-10-18 04:00:06,755 [grpc-default-executor-5] INFO  impl.RoleInfo (RoleInfo.java:updateAndGet(143)) - 20f566ef-d50a-432c-acfc-b325de8c1be4: start FollowerState
2019-10-18 04:00:06,755 [grpc-default-executor-0] INFO  impl.RoleInfo (RoleInfo.java:updateAndGet(143)) - 04d45094-7136-40c1-bdbb-fee737a34122: start FollowerState
2019-10-18 04:00:06,771 [d3e03273-8c79-4c12-9358-0a8612c41dd7@group-03B580E33239-LeaderElection18] INFO  impl.LeaderElection (LeaderElection.java:logAndReturn(56)) - d3e03273-8c79-4c12-9358-0a8612c41dd7@group-03B580E33239-LeaderElection18: Election REJECTED; received 2 response(s) [d3e03273-8c79-4c12-9358-0a8612c41dd7<-20f566ef-d50a-432c-acfc-b325de8c1be4#0:FAIL-t10, d3e03273-8c79-4c12-9358-0a8612c41dd7<-04d45094-7136-40c1-bdbb-fee737a34122#0:FAIL-t10] and 0 exception(s); d3e03273-8c79-4c12-9358-0a8612c41dd7@group-03B580E33239:t10, leader=null, voted=d3e03273-8c79-4c12-9358-0a8612c41dd7, raftlog=d3e03273-8c79-4c12-9358-0a8612c41dd7@group-03B580E33239-SegmentedRaftLog:OPENED:c3,f4,i4, conf=0: [20f566ef-d50a-432c-acfc-b325de8c1be4:192.168.157.238:44964, d3e03273-8c79-4c12-9358-0a8612c41dd7:192.168.157.238:40960, 04d45094-7136-40c1-bdbb-fee737a34122:192.168.157.238:41949], old=null
2019-10-18 04:00:06,771 [d3e03273-8c79-4c12-9358-0a8612c41dd7@group-03B580E33239-LeaderElection18] INFO  impl.RaftServerImpl (RaftServerImpl.java:setRole(184)) - d3e03273-8c79-4c12-9358-0a8612c41dd7@group-03B580E33239: changes role from CANDIDATE to FOLLOWER at term 10 for DISCOVERED_A_NEW_TERM
2019-10-18 04:00:06,771 [d3e03273-8c79-4c12-9358-0a8612c41dd7@group-03B580E33239-LeaderElection18] INFO  impl.RoleInfo (RoleInfo.java:shutdownLeaderElection(134)) - d3e03273-8c79-4c12-9358-0a8612c41dd7: shutdown LeaderElection
2019-10-18 04:00:06,772 [d3e03273-8c79-4c12-9358-0a8612c41dd7@group-03B580E33239-LeaderElection18] INFO  impl.RoleInfo (RoleInfo.java:updateAndGet(143)) - d3e03273-8c79-4c12-9358-0a8612c41dd7: start FollowerState
2019-10-18 04:00:06,783 [Thread-619] INFO  impl.FollowerState (FollowerState.java:run(108)) - d3e03273-8c79-4c12-9358-0a8612c41dd7@group-03B580E33239-FollowerState: change to CANDIDATE, lastRpcTime:11ms, electionTimeout:11ms
2019-10-18 04:00:06,784 [Thread-619] INFO  impl.RoleInfo (RoleInfo.java:shutdownFollowerState(121)) - d3e03273-8c79-4c12-9358-0a8612c41dd7: shutdown FollowerState
2019-10-18 04:00:06,784 [Thread-619] INFO  impl.RaftServerImpl (RaftServerImpl.java:setRole(184)) - d3e03273-8c79-4c12-9358-0a8612c41dd7@group-03B580E33239: changes role from  FOLLOWER to CANDIDATE at term 10 for changeToCandidate
2019-10-18 04:00:06,784 [Thread-619] INFO  impl.RoleInfo (RoleInfo.java:updateAndGet(143)) - d3e03273-8c79-4c12-9358-0a8612c41dd7: start LeaderElection
2019-10-18 04:00:06,799 [d3e03273-8c79-4c12-9358-0a8612c41dd7@group-03B580E33239-LeaderElection19] INFO  impl.LeaderElection (LeaderElection.java:askForVotes(178)) - d3e03273-8c79-4c12-9358-0a8612c41dd7@group-03B580E33239-LeaderElection19: begin an election at term 11 for 0: [20f566ef-d50a-432c-acfc-b325de8c1be4:192.168.157.238:44964, d3e03273-8c79-4c12-9358-0a8612c41dd7:192.168.157.238:40960, 04d45094-7136-40c1-bdbb-fee737a34122:192.168.157.238:41949], old=null
2019-10-18 04:00:06,803 [grpc-default-executor-5] INFO  impl.RaftServerImpl (RaftServerImpl.java:setRole(184)) - 04d45094-7136-40c1-bdbb-fee737a34122@group-03B580E33239: changes role from  FOLLOWER to FOLLOWER at term 11 for recognizeCandidate:d3e03273-8c79-4c12-9358-0a8612c41dd7
2019-10-18 04:00:06,803 [grpc-default-executor-5] INFO  impl.RoleInfo (RoleInfo.java:shutdownFollowerState(121)) - 04d45094-7136-40c1-bdbb-fee737a34122: shutdown FollowerState
2019-10-18 04:00:06,803 [grpc-default-executor-0] INFO  impl.RaftServerImpl (RaftServerImpl.java:setRole(184)) - 20f566ef-d50a-432c-acfc-b325de8c1be4@group-03B580E33239: changes role from  FOLLOWER to FOLLOWER at term 11 for recognizeCandidate:d3e03273-8c79-4c12-9358-0a8612c41dd7
2019-10-18 04:00:06,803 [grpc-default-executor-5] INFO  impl.RoleInfo (RoleInfo.java:updateAndGet(143)) - 04d45094-7136-40c1-bdbb-fee737a34122: start FollowerState
2019-10-18 04:00:06,803 [grpc-default-executor-0] INFO  impl.RoleInfo (RoleInfo.java:shutdownFollowerState(121)) - 20f566ef-d50a-432c-acfc-b325de8c1be4: shutdown FollowerState
2019-10-18 04:00:06,803 [Thread-618] INFO  impl.FollowerState (FollowerState.java:run(117)) - 04d45094-7136-40c1-bdbb-fee737a34122@group-03B580E33239-FollowerState was interrupted: java.lang.InterruptedException: sleep interrupted
2019-10-18 04:00:06,803 [grpc-default-executor-0] INFO  impl.RoleInfo (RoleInfo.java:updateAndGet(143)) - 20f566ef-d50a-432c-acfc-b325de8c1be4: start FollowerState
2019-10-18 04:00:06,803 [Thread-617] INFO  impl.FollowerState (FollowerState.java:run(117)) - 20f566ef-d50a-432c-acfc-b325de8c1be4@group-03B580E33239-FollowerState was interrupted: java.lang.InterruptedException: sleep interrupted
2019-10-18 04:00:06,818 [d3e03273-8c79-4c12-9358-0a8612c41dd7@group-03B580E33239-LeaderElection19] INFO  impl.LeaderElection (LeaderElection.java:logAndReturn(56)) - d3e03273-8c79-4c12-9358-0a8612c41dd7@group-03B580E33239-LeaderElection19: Election REJECTED; received 2 response(s) [d3e03273-8c79-4c12-9358-0a8612c41dd7<-20f566ef-d50a-432c-acfc-b325de8c1be4#0:FAIL-t11, d3e03273-8c79-4c12-9358-0a8612c41dd7<-04d45094-7136-40c1-bdbb-fee737a34122#0:FAIL-t11] and 0 exception(s); d3e03273-8c79-4c12-9358-0a8612c41dd7@group-03B580E33239:t11, leader=null, voted=d3e03273-8c79-4c12-9358-0a8612c41dd7, raftlog=d3e03273-8c79-4c12-9358-0a8612c41dd7@group-03B580E33239-SegmentedRaftLog:OPENED:c3,f4,i4, conf=0: [20f566ef-d50a-432c-acfc-b325de8c1be4:192.168.157.238:44964, d3e03273-8c79-4c12-9358-0a8612c41dd7:192.168.157.238:40960, 04d45094-7136-40c1-bdbb-fee737a34122:192.168.157.238:41949], old=null
2019-10-18 04:00:06,818 [d3e03273-8c79-4c12-9358-0a8612c41dd7@group-03B580E33239-LeaderElection19] INFO  impl.RaftServerImpl (RaftServerImpl.java:setRole(184)) - d3e03273-8c79-4c12-9358-0a8612c41dd7@group-03B580E33239: changes role from CANDIDATE to FOLLOWER at term 11 for DISCOVERED_A_NEW_TERM
2019-10-18 04:00:06,818 [d3e03273-8c79-4c12-9358-0a8612c41dd7@group-03B580E33239-LeaderElection19] INFO  impl.RoleInfo (RoleInfo.java:shutdownLeaderElection(134)) - d3e03273-8c79-4c12-9358-0a8612c41dd7: shutdown LeaderElection
2019-10-18 04:00:06,818 [d3e03273-8c79-4c12-9358-0a8612c41dd7@group-03B580E33239-LeaderElection19] INFO  impl.RoleInfo (RoleInfo.java:updateAndGet(143)) - d3e03273-8c79-4c12-9358-0a8612c41dd7: start FollowerState
2019-10-18 04:00:07,018 [Thread-625] INFO  impl.FollowerState (FollowerState.java:run(108)) - d3e03273-8c79-4c12-9358-0a8612c41dd7@group-03B580E33239-FollowerState: change to CANDIDATE, lastRpcTime:199ms, electionTimeout:199ms
2019-10-18 04:00:07,019 [Thread-625] INFO  impl.RoleInfo (RoleInfo.java:shutdownFollowerState(121)) - d3e03273-8c79-4c12-9358-0a8612c41dd7: shutdown FollowerState
2019-10-18 04:00:07,019 [Thread-625] INFO  impl.RaftServerImpl (RaftServerImpl.java:setRole(184)) - d3e03273-8c79-4c12-9358-0a8612c41dd7@group-03B580E33239: changes role from  FOLLOWER to CANDIDATE at term 11 for changeToCandidate
2019-10-18 04:00:07,019 [Thread-625] INFO  impl.RoleInfo (RoleInfo.java:updateAndGet(143)) - d3e03273-8c79-4c12-9358-0a8612c41dd7: start LeaderElection
2019-10-18 04:00:07,041 [d3e03273-8c79-4c12-9358-0a8612c41dd7@group-03B580E33239-LeaderElection20] INFO  impl.LeaderElection (LeaderElection.java:askForVotes(178)) - d3e03273-8c79-4c12-9358-0a8612c41dd7@group-03B580E33239-LeaderElection20: begin an election at term 12 for 0: [20f566ef-d50a-432c-acfc-b325de8c1be4:192.168.157.238:44964, d3e03273-8c79-4c12-9358-0a8612c41dd7:192.168.157.238:40960, 04d45094-7136-40c1-bdbb-fee737a34122:192.168.157.238:41949], old=null
2019-10-18 04:00:07,047 [grpc-default-executor-5] INFO  impl.RaftServerImpl (RaftServerImpl.java:setRole(184)) - 20f566ef-d50a-432c-acfc-b325de8c1be4@group-03B580E33239: changes role from  FOLLOWER to FOLLOWER at term 12 for recognizeCandidate:d3e03273-8c79-4c12-9358-0a8612c41dd7
2019-10-18 04:00:07,047 [grpc-default-executor-0] INFO  impl.RaftServerImpl (RaftServerImpl.java:setRole(184)) - 04d45094-7136-40c1-bdbb-fee737a34122@group-03B580E33239: changes role from  FOLLOWER to FOLLOWER at term 12 for recognizeCandidate:d3e03273-8c79-4c12-9358-0a8612c41dd7
2019-10-18 04:00:07,047 [grpc-default-executor-5] INFO  impl.RoleInfo (RoleInfo.java:shutdownFollowerState(121)) - 20f566ef-d50a-432c-acfc-b325de8c1be4: shutdown FollowerState
2019-10-18 04:00:07,047 [grpc-default-executor-0] INFO  impl.RoleInfo (RoleInfo.java:shutdownFollowerState(121)) - 04d45094-7136-40c1-bdbb-fee737a34122: shutdown FollowerState
2019-10-18 04:00:07,047 [Thread-624] INFO  impl.FollowerState (FollowerState.java:run(117)) - 20f566ef-d50a-432c-acfc-b325de8c1be4@group-03B580E33239-FollowerState was interrupted: java.lang.InterruptedException: sleep interrupted
2019-10-18 04:00:07,047 [grpc-default-executor-0] INFO  impl.RoleInfo (RoleInfo.java:updateAndGet(143)) - 04d45094-7136-40c1-bdbb-fee737a34122: start FollowerState
2019-10-18 04:00:07,047 [grpc-default-executor-5] INFO  impl.RoleInfo (RoleInfo.java:updateAndGet(143)) - 20f566ef-d50a-432c-acfc-b325de8c1be4: start FollowerState
2019-10-18 04:00:07,048 [Thread-623] INFO  impl.FollowerState (FollowerState.java:run(117)) - 04d45094-7136-40c1-bdbb-fee737a34122@group-03B580E33239-FollowerState was interrupted: java.lang.InterruptedException: sleep interrupted
2019-10-18 04:00:07,054 [d3e03273-8c79-4c12-9358-0a8612c41dd7@group-03B580E33239-LeaderElection20] INFO  impl.LeaderElection (LeaderElection.java:logAndReturn(56)) - d3e03273-8c79-4c12-9358-0a8612c41dd7@group-03B580E33239-LeaderElection20: Election REJECTED; received 2 response(s) [d3e03273-8c79-4c12-9358-0a8612c41dd7<-20f566ef-d50a-432c-acfc-b325de8c1be4#0:FAIL-t12, d3e03273-8c79-4c12-9358-0a8612c41dd7<-04d45094-7136-40c1-bdbb-fee737a34122#0:FAIL-t12] and 0 exception(s); d3e03273-8c79-4c12-9358-0a8612c41dd7@group-03B580E33239:t12, leader=null, voted=d3e03273-8c79-4c12-9358-0a8612c41dd7, raftlog=d3e03273-8c79-4c12-9358-0a8612c41dd7@group-03B580E33239-SegmentedRaftLog:OPENED:c3,f4,i4, conf=0: [20f566ef-d50a-432c-acfc-b325de8c1be4:192.168.157.238:44964, d3e03273-8c79-4c12-9358-0a8612c41dd7:192.168.157.238:40960, 04d45094-7136-40c1-bdbb-fee737a34122:192.168.157.238:41949], old=null
2019-10-18 04:00:07,054 [d3e03273-8c79-4c12-9358-0a8612c41dd7@group-03B580E33239-LeaderElection20] INFO  impl.RaftServerImpl (RaftServerImpl.java:setRole(184)) - d3e03273-8c79-4c12-9358-0a8612c41dd7@group-03B580E33239: changes role from CANDIDATE to FOLLOWER at term 12 for DISCOVERED_A_NEW_TERM
2019-10-18 04:00:07,054 [d3e03273-8c79-4c12-9358-0a8612c41dd7@group-03B580E33239-LeaderElection20] INFO  impl.RoleInfo (RoleInfo.java:shutdownLeaderElection(134)) - d3e03273-8c79-4c12-9358-0a8612c41dd7: shutdown LeaderElection
2019-10-18 04:00:07,054 [d3e03273-8c79-4c12-9358-0a8612c41dd7@group-03B580E33239-LeaderElection20] INFO  impl.RoleInfo (RoleInfo.java:updateAndGet(143)) - d3e03273-8c79-4c12-9358-0a8612c41dd7: start FollowerState
2019-10-18 04:00:07,077 [Thread-631] INFO  impl.FollowerState (FollowerState.java:run(108)) - d3e03273-8c79-4c12-9358-0a8612c41dd7@group-03B580E33239-FollowerState: change to CANDIDATE, lastRpcTime:22ms, electionTimeout:22ms
2019-10-18 04:00:07,078 [Thread-631] INFO  impl.RoleInfo (RoleInfo.java:shutdownFollowerState(121)) - d3e03273-8c79-4c12-9358-0a8612c41dd7: shutdown FollowerState
2019-10-18 04:00:07,078 [Thread-631] INFO  impl.RaftServerImpl (RaftServerImpl.java:setRole(184)) - d3e03273-8c79-4c12-9358-0a8612c41dd7@group-03B580E33239: changes role from  FOLLOWER to CANDIDATE at term 12 for changeToCandidate
2019-10-18 04:00:07,078 [Thread-631] INFO  impl.RoleInfo (RoleInfo.java:updateAndGet(143)) - d3e03273-8c79-4c12-9358-0a8612c41dd7: start LeaderElection
2019-10-18 04:00:07,082 [d3e03273-8c79-4c12-9358-0a8612c41dd7@group-03B580E33239-LeaderElection21] INFO  impl.LeaderElection (LeaderElection.java:askForVotes(178)) - d3e03273-8c79-4c12-9358-0a8612c41dd7@group-03B580E33239-LeaderElection21: begin an election at term 13 for 0: [20f566ef-d50a-432c-acfc-b325de8c1be4:192.168.157.238:44964, d3e03273-8c79-4c12-9358-0a8612c41dd7:192.168.157.238:40960, 04d45094-7136-40c1-bdbb-fee737a34122:192.168.157.238:41949], old=null
2019-10-18 04:00:07,085 [grpc-default-executor-0] INFO  impl.RaftServerImpl (RaftServerImpl.java:setRole(184)) - 04d45094-7136-40c1-bdbb-fee737a34122@group-03B580E33239: changes role from  FOLLOWER to FOLLOWER at term 13 for recognizeCandidate:d3e03273-8c79-4c12-9358-0a8612c41dd7
2019-10-18 04:00:07,085 [grpc-default-executor-5] INFO  impl.RaftServerImpl (RaftServerImpl.java:setRole(184)) - 20f566ef-d50a-432c-acfc-b325de8c1be4@group-03B580E33239: changes role from  FOLLOWER to FOLLOWER at term 13 for recognizeCandidate:d3e03273-8c79-4c12-9358-0a8612c41dd7
2019-10-18 04:00:07,086 [grpc-default-executor-0] INFO  impl.RoleInfo (RoleInfo.java:shutdownFollowerState(121)) - 04d45094-7136-40c1-bdbb-fee737a34122: shutdown FollowerState
2019-10-18 04:00:07,086 [grpc-default-executor-5] INFO  impl.RoleInfo (RoleInfo.java:shutdownFollowerState(121)) - 20f566ef-d50a-432c-acfc-b325de8c1be4: shutdown FollowerState
2019-10-18 04:00:07,086 [Thread-630] INFO  impl.FollowerState (FollowerState.java:run(117)) - 04d45094-7136-40c1-bdbb-fee737a34122@group-03B580E33239-FollowerState was interrupted: java.lang.InterruptedException: sleep interrupted
2019-10-18 04:00:07,086 [grpc-default-executor-0] INFO  impl.RoleInfo (RoleInfo.java:updateAndGet(143)) - 04d45094-7136-40c1-bdbb-fee737a34122: start FollowerState
2019-10-18 04:00:07,086 [grpc-default-executor-5] INFO  impl.RoleInfo (RoleInfo.java:updateAndGet(143)) - 20f566ef-d50a-432c-acfc-b325de8c1be4: start FollowerState
2019-10-18 04:00:07,086 [Thread-629] INFO  impl.FollowerState (FollowerState.java:run(117)) - 20f566ef-d50a-432c-acfc-b325de8c1be4@group-03B580E33239-FollowerState was interrupted: java.lang.InterruptedException: sleep interrupted
2019-10-18 04:00:07,096 [d3e03273-8c79-4c12-9358-0a8612c41dd7@group-03B580E33239-LeaderElection21] INFO  impl.LeaderElection (LeaderElection.java:logAndReturn(56)) - d3e03273-8c79-4c12-9358-0a8612c41dd7@group-03B580E33239-LeaderElection21: Election REJECTED; received 2 response(s) [d3e03273-8c79-4c12-9358-0a8612c41dd7<-20f566ef-d50a-432c-acfc-b325de8c1be4#0:FAIL-t13, d3e03273-8c79-4c12-9358-0a8612c41dd7<-04d45094-7136-40c1-bdbb-fee737a34122#0:FAIL-t13] and 0 exception(s); d3e03273-8c79-4c12-9358-0a8612c41dd7@group-03B580E33239:t13, leader=null, voted=d3e03273-8c79-4c12-9358-0a8612c41dd7, raftlog=d3e03273-8c79-4c12-9358-0a8612c41dd7@group-03B580E33239-SegmentedRaftLog:OPENED:c3,f4,i4, conf=0: [20f566ef-d50a-432c-acfc-b325de8c1be4:192.168.157.238:44964, d3e03273-8c79-4c12-9358-0a8612c41dd7:192.168.157.238:40960, 04d45094-7136-40c1-bdbb-fee737a34122:192.168.157.238:41949], old=null
2019-10-18 04:00:07,096 [d3e03273-8c79-4c12-9358-0a8612c41dd7@group-03B580E33239-LeaderElection21] INFO  impl.RaftServerImpl (RaftServerImpl.java:setRole(184)) - d3e03273-8c79-4c12-9358-0a8612c41dd7@group-03B580E33239: changes role from CANDIDATE to FOLLOWER at term 13 for DISCOVERED_A_NEW_TERM
2019-10-18 04:00:07,096 [d3e03273-8c79-4c12-9358-0a8612c41dd7@group-03B580E33239-LeaderElection21] INFO  impl.RoleInfo (RoleInfo.java:shutdownLeaderElection(134)) - d3e03273-8c79-4c12-9358-0a8612c41dd7: shutdown LeaderElection
2019-10-18 04:00:07,096 [d3e03273-8c79-4c12-9358-0a8612c41dd7@group-03B580E33239-LeaderElection21] INFO  impl.RoleInfo (RoleInfo.java:updateAndGet(143)) - d3e03273-8c79-4c12-9358-0a8612c41dd7: start FollowerState
2019-10-18 04:00:07,143 [Thread-637] INFO  impl.FollowerState (FollowerState.java:run(108)) - d3e03273-8c79-4c12-9358-0a8612c41dd7@group-03B580E33239-FollowerState: change to CANDIDATE, lastRpcTime:46ms, electionTimeout:46ms
2019-10-18 04:00:07,144 [Thread-637] INFO  impl.RoleInfo (RoleInfo.java:shutdownFollowerState(121)) - d3e03273-8c79-4c12-9358-0a8612c41dd7: shutdown FollowerState
2019-10-18 04:00:07,144 [Thread-637] INFO  impl.RaftServerImpl (RaftServerImpl.java:setRole(184)) - d3e03273-8c79-4c12-9358-0a8612c41dd7@group-03B580E33239: changes role from  FOLLOWER to CANDIDATE at term 13 for changeToCandidate
2019-10-18 04:00:07,144 [Thread-637] INFO  impl.RoleInfo (RoleInfo.java:updateAndGet(143)) - d3e03273-8c79-4c12-9358-0a8612c41dd7: start LeaderElection
2019-10-18 04:00:07,157 [d3e03273-8c79-4c12-9358-0a8612c41dd7@group-03B580E33239-LeaderElection22] INFO  impl.LeaderElection (LeaderElection.java:askForVotes(178)) - d3e03273-8c79-4c12-9358-0a8612c41dd7@group-03B580E33239-LeaderElection22: begin an election at term 14 for 0: [20f566ef-d50a-432c-acfc-b325de8c1be4:192.168.157.238:44964, d3e03273-8c79-4c12-9358-0a8612c41dd7:192.168.157.238:40960, 04d45094-7136-40c1-bdbb-fee737a34122:192.168.157.238:41949], old=null
2019-10-18 04:00:07,158 [java.util.concurrent.ThreadPoolExecutor$Worker@48002e7b[State = -1, empty queue]] WARN  server.GrpcLogAppender (GrpcLogAppender.java:timeoutAppendRequest(209)) - 04d45094-7136-40c1-bdbb-fee737a34122@group-03B580E33239->d3e03273-8c79-4c12-9358-0a8612c41dd7-GrpcLogAppender: appendEntries Timeout, request=04d45094-7136-40c1-bdbb-fee737a34122->d3e03273-8c79-4c12-9358-0a8612c41dd7#51-t7, previous=(t:7, i:10), leaderCommit=10, initializing? false, entries: <empty>
2019-10-18 04:00:07,160 [grpc-default-executor-5] INFO  impl.RaftServerImpl (RaftServerImpl.java:setRole(184)) - 20f566ef-d50a-432c-acfc-b325de8c1be4@group-03B580E33239: changes role from  FOLLOWER to FOLLOWER at term 14 for recognizeCandidate:d3e03273-8c79-4c12-9358-0a8612c41dd7
2019-10-18 04:00:07,161 [grpc-default-executor-5] INFO  impl.RoleInfo (RoleInfo.java:shutdownFollowerState(121)) - 20f566ef-d50a-432c-acfc-b325de8c1be4: shutdown FollowerState
2019-10-18 04:00:07,161 [grpc-default-executor-5] INFO  impl.RoleInfo (RoleInfo.java:updateAndGet(143)) - 20f566ef-d50a-432c-acfc-b325de8c1be4: start FollowerState
2019-10-18 04:00:07,161 [Thread-636] INFO  impl.FollowerState (FollowerState.java:run(117)) - 20f566ef-d50a-432c-acfc-b325de8c1be4@group-03B580E33239-FollowerState was interrupted: java.lang.InterruptedException: sleep interrupted
2019-10-18 04:00:07,161 [grpc-default-executor-0] INFO  impl.RaftServerImpl (RaftServerImpl.java:setRole(184)) - 04d45094-7136-40c1-bdbb-fee737a34122@group-03B580E33239: changes role from  FOLLOWER to FOLLOWER at term 14 for recognizeCandidate:d3e03273-8c79-4c12-9358-0a8612c41dd7
2019-10-18 04:00:07,163 [grpc-default-executor-0] INFO  impl.RoleInfo (RoleInfo.java:shutdownFollowerState(121)) - 04d45094-7136-40c1-bdbb-fee737a34122: shutdown FollowerState
2019-10-18 04:00:07,163 [grpc-default-executor-0] INFO  impl.RoleInfo (RoleInfo.java:updateAndGet(143)) - 04d45094-7136-40c1-bdbb-fee737a34122: start FollowerState
2019-10-18 04:00:07,163 [Thread-635] INFO  impl.FollowerState (FollowerState.java:run(117)) - 04d45094-7136-40c1-bdbb-fee737a34122@group-03B580E33239-FollowerState was interrupted: java.lang.InterruptedException: sleep interrupted
2019-10-18 04:00:07,178 [d3e03273-8c79-4c12-9358-0a8612c41dd7@group-03B580E33239-LeaderElection22] INFO  impl.LeaderElection (LeaderElection.java:logAndReturn(56)) - d3e03273-8c79-4c12-9358-0a8612c41dd7@group-03B580E33239-LeaderElection22: Election REJECTED; received 2 response(s) [d3e03273-8c79-4c12-9358-0a8612c41dd7<-20f566ef-d50a-432c-acfc-b325de8c1be4#0:FAIL-t14, d3e03273-8c79-4c12-9358-0a8612c41dd7<-04d45094-7136-40c1-bdbb-fee737a34122#0:FAIL-t14] and 0 exception(s); d3e03273-8c79-4c12-9358-0a8612c41dd7@group-03B580E33239:t14, leader=null, voted=d3e03273-8c79-4c12-9358-0a8612c41dd7, raftlog=d3e03273-8c79-4c12-9358-0a8612c41dd7@group-03B580E33239-SegmentedRaftLog:OPENED:c3,f4,i4, conf=0: [20f566ef-d50a-432c-acfc-b325de8c1be4:192.168.157.238:44964, d3e03273-8c79-4c12-9358-0a8612c41dd7:192.168.157.238:40960, 04d45094-7136-40c1-bdbb-fee737a34122:192.168.157.238:41949], old=null
2019-10-18 04:00:07,178 [d3e03273-8c79-4c12-9358-0a8612c41dd7@group-03B580E33239-LeaderElection22] INFO  impl.RaftServerImpl (RaftServerImpl.java:setRole(184)) - d3e03273-8c79-4c12-9358-0a8612c41dd7@group-03B580E33239: changes role from CANDIDATE to FOLLOWER at term 14 for DISCOVERED_A_NEW_TERM
2019-10-18 04:00:07,178 [d3e03273-8c79-4c12-9358-0a8612c41dd7@group-03B580E33239-LeaderElection22] INFO  impl.RoleInfo (RoleInfo.java:shutdownLeaderElection(134)) - d3e03273-8c79-4c12-9358-0a8612c41dd7: shutdown LeaderElection
2019-10-18 04:00:07,178 [d3e03273-8c79-4c12-9358-0a8612c41dd7@group-03B580E33239-LeaderElection22] INFO  impl.RoleInfo (RoleInfo.java:updateAndGet(143)) - d3e03273-8c79-4c12-9358-0a8612c41dd7: start FollowerState
2019-10-18 04:00:07,299 [Thread-643] INFO  impl.FollowerState (FollowerState.java:run(108)) - d3e03273-8c79-4c12-9358-0a8612c41dd7@group-03B580E33239-FollowerState: change to CANDIDATE, lastRpcTime:121ms, electionTimeout:121ms
2019-10-18 04:00:07,301 [Thread-643] INFO  impl.RoleInfo (RoleInfo.java:shutdownFollowerState(121)) - d3e03273-8c79-4c12-9358-0a8612c41dd7: shutdown FollowerState
2019-10-18 04:00:07,301 [Thread-643] INFO  impl.RaftServerImpl (RaftServerImpl.java:setRole(184)) - d3e03273-8c79-4c12-9358-0a8612c41dd7@group-03B580E33239: changes role from  FOLLOWER to CANDIDATE at term 14 for changeToCandidate
2019-10-18 04:00:07,301 [Thread-643] INFO  impl.RoleInfo (RoleInfo.java:updateAndGet(143)) - d3e03273-8c79-4c12-9358-0a8612c41dd7: start LeaderElection
2019-10-18 04:00:07,315 [d3e03273-8c79-4c12-9358-0a8612c41dd7@group-03B580E33239-LeaderElection23] INFO  impl.LeaderElection (LeaderElection.java:askForVotes(178)) - d3e03273-8c79-4c12-9358-0a8612c41dd7@group-03B580E33239-LeaderElection23: begin an election at term 15 for 0: [20f566ef-d50a-432c-acfc-b325de8c1be4:192.168.157.238:44964, d3e03273-8c79-4c12-9358-0a8612c41dd7:192.168.157.238:40960, 04d45094-7136-40c1-bdbb-fee737a34122:192.168.157.238:41949], old=null
2019-10-18 04:00:07,320 [grpc-default-executor-0] INFO  impl.RaftServerImpl (RaftServerImpl.java:setRole(184)) - 20f566ef-d50a-432c-acfc-b325de8c1be4@group-03B580E33239: changes role from  FOLLOWER to FOLLOWER at term 15 for recognizeCandidate:d3e03273-8c79-4c12-9358-0a8612c41dd7
2019-10-18 04:00:07,320 [grpc-default-executor-5] INFO  impl.RaftServerImpl (RaftServerImpl.java:setRole(184)) - 04d45094-7136-40c1-bdbb-fee737a34122@group-03B580E33239: changes role from  FOLLOWER to FOLLOWER at term 15 for recognizeCandidate:d3e03273-8c79-4c12-9358-0a8612c41dd7
2019-10-18 04:00:07,320 [grpc-default-executor-0] INFO  impl.RoleInfo (RoleInfo.java:shutdownFollowerState(121)) - 20f566ef-d50a-432c-acfc-b325de8c1be4: shutdown FollowerState
2019-10-18 04:00:07,320 [grpc-default-executor-5] INFO  impl.RoleInfo (RoleInfo.java:shutdownFollowerState(121)) - 04d45094-7136-40c1-bdbb-fee737a34122: shutdown FollowerState
2019-10-18 04:00:07,320 [grpc-default-executor-0] INFO  impl.RoleInfo (RoleInfo.java:updateAndGet(143)) - 20f566ef-d50a-432c-acfc-b325de8c1be4: start FollowerState
2019-10-18 04:00:07,320 [grpc-default-executor-5] INFO  impl.RoleInfo (RoleInfo.java:updateAndGet(143)) - 04d45094-7136-40c1-bdbb-fee737a34122: start FollowerState
2019-10-18 04:00:07,320 [Thread-641] INFO  impl.FollowerState (FollowerState.java:run(117)) - 20f566ef-d50a-432c-acfc-b325de8c1be4@group-03B580E33239-FollowerState was interrupted: java.lang.InterruptedException: sleep interrupted
2019-10-18 04:00:07,320 [Thread-642] INFO  impl.FollowerState (FollowerState.java:run(117)) - 04d45094-7136-40c1-bdbb-fee737a34122@group-03B580E33239-FollowerState was interrupted: java.lang.InterruptedException: sleep interrupted
2019-10-18 04:00:07,335 [d3e03273-8c79-4c12-9358-0a8612c41dd7@group-03B580E33239-LeaderElection23] INFO  impl.LeaderElection (LeaderElection.java:logAndReturn(56)) - d3e03273-8c79-4c12-9358-0a8612c41dd7@group-03B580E33239-LeaderElection23: Election REJECTED; received 2 response(s) [d3e03273-8c79-4c12-9358-0a8612c41dd7<-20f566ef-d50a-432c-acfc-b325de8c1be4#0:FAIL-t15, d3e03273-8c79-4c12-9358-0a8612c41dd7<-04d45094-7136-40c1-bdbb-fee737a34122#0:FAIL-t15] and 0 exception(s); d3e03273-8c79-4c12-9358-0a8612c41dd7@group-03B580E33239:t15, leader=null, voted=d3e03273-8c79-4c12-9358-0a8612c41dd7, raftlog=d3e03273-8c79-4c12-9358-0a8612c41dd7@group-03B580E33239-SegmentedRaftLog:OPENED:c3,f4,i4, conf=0: [20f566ef-d50a-432c-acfc-b325de8c1be4:192.168.157.238:44964, d3e03273-8c79-4c12-9358-0a8612c41dd7:192.168.157.238:40960, 04d45094-7136-40c1-bdbb-fee737a34122:192.168.157.238:41949], old=null
2019-10-18 04:00:07,335 [d3e03273-8c79-4c12-9358-0a8612c41dd7@group-03B580E33239-LeaderElection23] INFO  impl.RaftServerImpl (RaftServerImpl.java:setRole(184)) - d3e03273-8c79-4c12-9358-0a8612c41dd7@group-03B580E33239: changes role from CANDIDATE to FOLLOWER at term 15 for DISCOVERED_A_NEW_TERM
2019-10-18 04:00:07,335 [d3e03273-8c79-4c12-9358-0a8612c41dd7@group-03B580E33239-LeaderElection23] INFO  impl.RoleInfo (RoleInfo.java:shutdownLeaderElection(134)) - d3e03273-8c79-4c12-9358-0a8612c41dd7: shutdown LeaderElection
2019-10-18 04:00:07,335 [d3e03273-8c79-4c12-9358-0a8612c41dd7@group-03B580E33239-LeaderElection23] INFO  impl.RoleInfo (RoleInfo.java:updateAndGet(143)) - d3e03273-8c79-4c12-9358-0a8612c41dd7: start FollowerState
2019-10-18 04:00:07,336 [Thread-649] INFO  impl.FollowerState (FollowerState.java:run(108)) - d3e03273-8c79-4c12-9358-0a8612c41dd7@group-03B580E33239-FollowerState: change to CANDIDATE, lastRpcTime:0ms, electionTimeout:0ms
2019-10-18 04:00:07,336 [Thread-649] INFO  impl.RoleInfo (RoleInfo.java:shutdownFollowerState(121)) - d3e03273-8c79-4c12-9358-0a8612c41dd7: shutdown FollowerState
2019-10-18 04:00:07,337 [Thread-649] INFO  impl.RaftServerImpl (RaftServerImpl.java:setRole(184)) - d3e03273-8c79-4c12-9358-0a8612c41dd7@group-03B580E33239: changes role from  FOLLOWER to CANDIDATE at term 15 for changeToCandidate
2019-10-18 04:00:07,337 [Thread-649] INFO  impl.RoleInfo (RoleInfo.java:updateAndGet(143)) - d3e03273-8c79-4c12-9358-0a8612c41dd7: start LeaderElection
2019-10-18 04:00:07,350 [pool-7-thread-3] INFO  commands.RetriableDatanodeEventWatcher (RetriableDatanodeEventWatcher.java:onTimeout(47)) - RetriableDatanodeCommand type=deleteBlocksCommand with id=1571371203345 timed out. Retrying.
2019-10-18 04:00:07,350 [pool-7-thread-1] INFO  commands.RetriableDatanodeEventWatcher (RetriableDatanodeEventWatcher.java:onTimeout(47)) - RetriableDatanodeCommand type=deleteBlocksCommand with id=1571371203349 timed out. Retrying.
2019-10-18 04:00:07,350 [pool-7-thread-2] INFO  commands.RetriableDatanodeEventWatcher (RetriableDatanodeEventWatcher.java:onTimeout(47)) - RetriableDatanodeCommand type=deleteBlocksCommand with id=1571371203348 timed out. Retrying.
2019-10-18 04:00:07,350 [pool-7-thread-4] INFO  commands.RetriableDatanodeEventWatcher (RetriableDatanodeEventWatcher.java:onTimeout(47)) - RetriableDatanodeCommand type=deleteBlocksCommand with id=1571371203350 timed out. Retrying.
2019-10-18 04:00:07,351 [SCMBlockDeletingService#0] INFO  block.SCMBlockDeletingService (SCMBlockDeletingService.java:call(184)) - Totally added 1 delete blocks command for 1 datanodes, task elapsed time: 0ms
2019-10-18 04:00:07,351 [d3e03273-8c79-4c12-9358-0a8612c41dd7@group-03B580E33239-LeaderElection24] INFO  impl.LeaderElection (LeaderElection.java:askForVotes(178)) - d3e03273-8c79-4c12-9358-0a8612c41dd7@group-03B580E33239-LeaderElection24: begin an election at term 16 for 0: [20f566ef-d50a-432c-acfc-b325de8c1be4:192.168.157.238:44964, d3e03273-8c79-4c12-9358-0a8612c41dd7:192.168.157.238:40960, 04d45094-7136-40c1-bdbb-fee737a34122:192.168.157.238:41949], old=null
2019-10-18 04:00:07,354 [grpc-default-executor-0] INFO  impl.RaftServerImpl (RaftServerImpl.java:setRole(184)) - 20f566ef-d50a-432c-acfc-b325de8c1be4@group-03B580E33239: changes role from  FOLLOWER to FOLLOWER at term 16 for recognizeCandidate:d3e03273-8c79-4c12-9358-0a8612c41dd7
2019-10-18 04:00:07,355 [grpc-default-executor-5] INFO  impl.RaftServerImpl (RaftServerImpl.java:setRole(184)) - 04d45094-7136-40c1-bdbb-fee737a34122@group-03B580E33239: changes role from  FOLLOWER to FOLLOWER at term 16 for recognizeCandidate:d3e03273-8c79-4c12-9358-0a8612c41dd7
2019-10-18 04:00:07,355 [grpc-default-executor-0] INFO  impl.RoleInfo (RoleInfo.java:shutdownFollowerState(121)) - 20f566ef-d50a-432c-acfc-b325de8c1be4: shutdown FollowerState
2019-10-18 04:00:07,355 [grpc-default-executor-5] INFO  impl.RoleInfo (RoleInfo.java:shutdownFollowerState(121)) - 04d45094-7136-40c1-bdbb-fee737a34122: shutdown FollowerState
2019-10-18 04:00:07,356 [grpc-default-executor-0] INFO  impl.RoleInfo (RoleInfo.java:updateAndGet(143)) - 20f566ef-d50a-432c-acfc-b325de8c1be4: start FollowerState
2019-10-18 04:00:07,356 [Thread-648] INFO  impl.FollowerState (FollowerState.java:run(117)) - 04d45094-7136-40c1-bdbb-fee737a34122@group-03B580E33239-FollowerState was interrupted: java.lang.InterruptedException: sleep interrupted
2019-10-18 04:00:07,356 [grpc-default-executor-5] INFO  impl.RoleInfo (RoleInfo.java:updateAndGet(143)) - 04d45094-7136-40c1-bdbb-fee737a34122: start FollowerState
2019-10-18 04:00:07,356 [Thread-647] INFO  impl.FollowerState (FollowerState.java:run(117)) - 20f566ef-d50a-432c-acfc-b325de8c1be4@group-03B580E33239-FollowerState was interrupted: java.lang.InterruptedException: sleep interrupted
2019-10-18 04:00:07,373 [d3e03273-8c79-4c12-9358-0a8612c41dd7@group-03B580E33239-LeaderElection24] INFO  impl.LeaderElection (LeaderElection.java:logAndReturn(56)) - d3e03273-8c79-4c12-9358-0a8612c41dd7@group-03B580E33239-LeaderElection24: Election REJECTED; received 2 response(s) [d3e03273-8c79-4c12-9358-0a8612c41dd7<-20f566ef-d50a-432c-acfc-b325de8c1be4#0:FAIL-t16, d3e03273-8c79-4c12-9358-0a8612c41dd7<-04d45094-7136-40c1-bdbb-fee737a34122#0:FAIL-t16] and 0 exception(s); d3e03273-8c79-4c12-9358-0a8612c41dd7@group-03B580E33239:t16, leader=null, voted=d3e03273-8c79-4c12-9358-0a8612c41dd7, raftlog=d3e03273-8c79-4c12-9358-0a8612c41dd7@group-03B580E33239-SegmentedRaftLog:OPENED:c3,f4,i4, conf=0: [20f566ef-d50a-432c-acfc-b325de8c1be4:192.168.157.238:44964, d3e03273-8c79-4c12-9358-0a8612c41dd7:192.168.157.238:40960, 04d45094-7136-40c1-bdbb-fee737a34122:192.168.157.238:41949], old=null
2019-10-18 04:00:07,373 [d3e03273-8c79-4c12-9358-0a8612c41dd7@group-03B580E33239-LeaderElection24] INFO  impl.RaftServerImpl (RaftServerImpl.java:setRole(184)) - d3e03273-8c79-4c12-9358-0a8612c41dd7@group-03B580E33239: changes role from CANDIDATE to FOLLOWER at term 16 for DISCOVERED_A_NEW_TERM
2019-10-18 04:00:07,374 [d3e03273-8c79-4c12-9358-0a8612c41dd7@group-03B580E33239-LeaderElection24] INFO  impl.RoleInfo (RoleInfo.java:shutdownLeaderElection(134)) - d3e03273-8c79-4c12-9358-0a8612c41dd7: shutdown LeaderElection
2019-10-18 04:00:07,374 [d3e03273-8c79-4c12-9358-0a8612c41dd7@group-03B580E33239-LeaderElection24] INFO  impl.RoleInfo (RoleInfo.java:updateAndGet(143)) - d3e03273-8c79-4c12-9358-0a8612c41dd7: start FollowerState
2019-10-18 04:00:07,499 [Thread-655] INFO  impl.FollowerState (FollowerState.java:run(108)) - d3e03273-8c79-4c12-9358-0a8612c41dd7@group-03B580E33239-FollowerState: change to CANDIDATE, lastRpcTime:125ms, electionTimeout:125ms
2019-10-18 04:00:07,503 [Thread-655] INFO  impl.RoleInfo (RoleInfo.java:shutdownFollowerState(121)) - d3e03273-8c79-4c12-9358-0a8612c41dd7: shutdown FollowerState
2019-10-18 04:00:07,503 [Thread-655] INFO  impl.RaftServerImpl (RaftServerImpl.java:setRole(184)) - d3e03273-8c79-4c12-9358-0a8612c41dd7@group-03B580E33239: changes role from  FOLLOWER to CANDIDATE at term 16 for changeToCandidate
2019-10-18 04:00:07,504 [Thread-655] INFO  impl.RoleInfo (RoleInfo.java:updateAndGet(143)) - d3e03273-8c79-4c12-9358-0a8612c41dd7: start LeaderElection
2019-10-18 04:00:07,518 [d3e03273-8c79-4c12-9358-0a8612c41dd7@group-03B580E33239-LeaderElection25] INFO  impl.LeaderElection (LeaderElection.java:askForVotes(178)) - d3e03273-8c79-4c12-9358-0a8612c41dd7@group-03B580E33239-LeaderElection25: begin an election at term 17 for 0: [20f566ef-d50a-432c-acfc-b325de8c1be4:192.168.157.238:44964, d3e03273-8c79-4c12-9358-0a8612c41dd7:192.168.157.238:40960, 04d45094-7136-40c1-bdbb-fee737a34122:192.168.157.238:41949], old=null
2019-10-18 04:00:07,524 [grpc-default-executor-0] INFO  impl.RaftServerImpl (RaftServerImpl.java:setRole(184)) - 20f566ef-d50a-432c-acfc-b325de8c1be4@group-03B580E33239: changes role from  FOLLOWER to FOLLOWER at term 17 for recognizeCandidate:d3e03273-8c79-4c12-9358-0a8612c41dd7
2019-10-18 04:00:07,524 [grpc-default-executor-5] INFO  impl.RaftServerImpl (RaftServerImpl.java:setRole(184)) - 04d45094-7136-40c1-bdbb-fee737a34122@group-03B580E33239: changes role from  FOLLOWER to FOLLOWER at term 17 for recognizeCandidate:d3e03273-8c79-4c12-9358-0a8612c41dd7
2019-10-18 04:00:07,524 [grpc-default-executor-0] INFO  impl.RoleInfo (RoleInfo.java:shutdownFollowerState(121)) - 20f566ef-d50a-432c-acfc-b325de8c1be4: shutdown FollowerState
2019-10-18 04:00:07,524 [grpc-default-executor-5] INFO  impl.RoleInfo (RoleInfo.java:shutdownFollowerState(121)) - 04d45094-7136-40c1-bdbb-fee737a34122: shutdown FollowerState
2019-10-18 04:00:07,524 [Thread-653] INFO  impl.FollowerState (FollowerState.java:run(117)) - 20f566ef-d50a-432c-acfc-b325de8c1be4@group-03B580E33239-FollowerState was interrupted: java.lang.InterruptedException: sleep interrupted
2019-10-18 04:00:07,524 [grpc-default-executor-0] INFO  impl.RoleInfo (RoleInfo.java:updateAndGet(143)) - 20f566ef-d50a-432c-acfc-b325de8c1be4: start FollowerState
2019-10-18 04:00:07,525 [Thread-654] INFO  impl.FollowerState (FollowerState.java:run(117)) - 04d45094-7136-40c1-bdbb-fee737a34122@group-03B580E33239-FollowerState was interrupted: java.lang.InterruptedException: sleep interrupted
2019-10-18 04:00:07,524 [grpc-default-executor-5] INFO  impl.RoleInfo (RoleInfo.java:updateAndGet(143)) - 04d45094-7136-40c1-bdbb-fee737a34122: start FollowerState
2019-10-18 04:00:07,529 [BlockDeletingService#2] WARN  background.BlockDeletingService (BlockDeletingService.java:isDeletionAllowed(187)) - Close Container log Index 6 is not replicated across allthe servers in the pipeline defa1269-bd0f-4f76-adbb-03b580e33239 as the min replicated index is 4. Deletion is not allowed in this container yet.
2019-10-18 04:00:07,530 [BlockDeletingService#2] WARN  background.BlockDeletingService (BlockDeletingService.java:isDeletionAllowed(187)) - Close Container log Index 6 is not replicated across allthe servers in the pipeline defa1269-bd0f-4f76-adbb-03b580e33239 as the min replicated index is 4. Deletion is not allowed in this container yet.
2019-10-18 04:00:07,554 [d3e03273-8c79-4c12-9358-0a8612c41dd7@group-03B580E33239-LeaderElection25] INFO  impl.LeaderElection (LeaderElection.java:logAndReturn(56)) - d3e03273-8c79-4c12-9358-0a8612c41dd7@group-03B580E33239-LeaderElection25: Election REJECTED; received 2 response(s) [d3e03273-8c79-4c12-9358-0a8612c41dd7<-20f566ef-d50a-432c-acfc-b325de8c1be4#0:FAIL-t17, d3e03273-8c79-4c12-9358-0a8612c41dd7<-04d45094-7136-40c1-bdbb-fee737a34122#0:FAIL-t17] and 0 exception(s); d3e03273-8c79-4c12-9358-0a8612c41dd7@group-03B580E33239:t17, leader=null, voted=d3e03273-8c79-4c12-9358-0a8612c41dd7, raftlog=d3e03273-8c79-4c12-9358-0a8612c41dd7@group-03B580E33239-SegmentedRaftLog:OPENED:c3,f4,i4, conf=0: [20f566ef-d50a-432c-acfc-b325de8c1be4:192.168.157.238:44964, d3e03273-8c79-4c12-9358-0a8612c41dd7:192.168.157.238:40960, 04d45094-7136-40c1-bdbb-fee737a34122:192.168.157.238:41949], old=null
2019-10-18 04:00:07,554 [d3e03273-8c79-4c12-9358-0a8612c41dd7@group-03B580E33239-LeaderElection25] INFO  impl.RaftServerImpl (RaftServerImpl.java:setRole(184)) - d3e03273-8c79-4c12-9358-0a8612c41dd7@group-03B580E33239: changes role from CANDIDATE to FOLLOWER at term 17 for DISCOVERED_A_NEW_TERM
2019-10-18 04:00:07,554 [d3e03273-8c79-4c12-9358-0a8612c41dd7@group-03B580E33239-LeaderElection25] INFO  impl.RoleInfo (RoleInfo.java:shutdownLeaderElection(134)) - d3e03273-8c79-4c12-9358-0a8612c41dd7: shutdown LeaderElection
2019-10-18 04:00:07,554 [d3e03273-8c79-4c12-9358-0a8612c41dd7@group-03B580E33239-LeaderElection25] INFO  impl.RoleInfo (RoleInfo.java:updateAndGet(143)) - d3e03273-8c79-4c12-9358-0a8612c41dd7: start FollowerState
2019-10-18 04:00:07,673 [Thread-666] INFO  client.GrpcClientProtocolService (GrpcClientProtocolService.java:lambda$processClientRequest$0(278)) - Failed RaftClientRequest:client-3EDA899B7DA2->d3e03273-8c79-4c12-9358-0a8612c41dd7@group-03B580E33239, cid=10, seq=0, Watch-ALL_COMMITTED(6), Message:<EMPTY>, reply=RaftClientReply:client-3EDA899B7DA2->d3e03273-8c79-4c12-9358-0a8612c41dd7@group-03B580E33239, cid=10, FAILED org.apache.ratis.protocol.NotLeaderException: Server d3e03273-8c79-4c12-9358-0a8612c41dd7@group-03B580E33239 is not the leader, logIndex=0, commits[d3e03273-8c79-4c12-9358-0a8612c41dd7:c3]
2019-10-18 04:00:07,690 [Thread-663] INFO  impl.FollowerState (FollowerState.java:run(108)) - d3e03273-8c79-4c12-9358-0a8612c41dd7@group-03B580E33239-FollowerState: change to CANDIDATE, lastRpcTime:135ms, electionTimeout:135ms
2019-10-18 04:00:07,690 [Thread-663] INFO  impl.RoleInfo (RoleInfo.java:shutdownFollowerState(121)) - d3e03273-8c79-4c12-9358-0a8612c41dd7: shutdown FollowerState
2019-10-18 04:00:07,690 [Thread-663] INFO  impl.RaftServerImpl (RaftServerImpl.java:setRole(184)) - d3e03273-8c79-4c12-9358-0a8612c41dd7@group-03B580E33239: changes role from  FOLLOWER to CANDIDATE at term 17 for changeToCandidate
2019-10-18 04:00:07,690 [Thread-663] INFO  impl.RoleInfo (RoleInfo.java:updateAndGet(143)) - d3e03273-8c79-4c12-9358-0a8612c41dd7: start LeaderElection
2019-10-18 04:00:07,705 [d3e03273-8c79-4c12-9358-0a8612c41dd7@group-03B580E33239-LeaderElection26] INFO  impl.LeaderElection (LeaderElection.java:askForVotes(178)) - d3e03273-8c79-4c12-9358-0a8612c41dd7@group-03B580E33239-LeaderElection26: begin an election at term 18 for 0: [20f566ef-d50a-432c-acfc-b325de8c1be4:192.168.157.238:44964, d3e03273-8c79-4c12-9358-0a8612c41dd7:192.168.157.238:40960, 04d45094-7136-40c1-bdbb-fee737a34122:192.168.157.238:41949], old=null
2019-10-18 04:00:07,709 [grpc-default-executor-5] INFO  impl.RaftServerImpl (RaftServerImpl.java:setRole(184)) - 20f566ef-d50a-432c-acfc-b325de8c1be4@group-03B580E33239: changes role from  FOLLOWER to FOLLOWER at term 18 for recognizeCandidate:d3e03273-8c79-4c12-9358-0a8612c41dd7
2019-10-18 04:00:07,709 [grpc-default-executor-5] INFO  impl.RoleInfo (RoleInfo.java:shutdownFollowerState(121)) - 20f566ef-d50a-432c-acfc-b325de8c1be4: shutdown FollowerState
2019-10-18 04:00:07,710 [Thread-659] INFO  impl.FollowerState (FollowerState.java:run(117)) - 20f566ef-d50a-432c-acfc-b325de8c1be4@group-03B580E33239-FollowerState was interrupted: java.lang.InterruptedException: sleep interrupted
2019-10-18 04:00:07,710 [grpc-default-executor-0] INFO  impl.RaftServerImpl (RaftServerImpl.java:setRole(184)) - 04d45094-7136-40c1-bdbb-fee737a34122@group-03B580E33239: changes role from  FOLLOWER to FOLLOWER at term 18 for recognizeCandidate:d3e03273-8c79-4c12-9358-0a8612c41dd7
2019-10-18 04:00:07,712 [grpc-default-executor-0] INFO  impl.RoleInfo (RoleInfo.java:shutdownFollowerState(121)) - 04d45094-7136-40c1-bdbb-fee737a34122: shutdown FollowerState
2019-10-18 04:00:07,710 [grpc-default-executor-5] INFO  impl.RoleInfo (RoleInfo.java:updateAndGet(143)) - 20f566ef-d50a-432c-acfc-b325de8c1be4: start FollowerState
2019-10-18 04:00:07,712 [Thread-660] INFO  impl.FollowerState (FollowerState.java:run(117)) - 04d45094-7136-40c1-bdbb-fee737a34122@group-03B580E33239-FollowerState was interrupted: java.lang.InterruptedException: sleep interrupted
2019-10-18 04:00:07,712 [grpc-default-executor-0] INFO  impl.RoleInfo (RoleInfo.java:updateAndGet(143)) - 04d45094-7136-40c1-bdbb-fee737a34122: start FollowerState
2019-10-18 04:00:07,723 [d3e03273-8c79-4c12-9358-0a8612c41dd7@group-03B580E33239-LeaderElection26] INFO  impl.LeaderElection (LeaderElection.java:logAndReturn(56)) - d3e03273-8c79-4c12-9358-0a8612c41dd7@group-03B580E33239-LeaderElection26: Election REJECTED; received 2 response(s) [d3e03273-8c79-4c12-9358-0a8612c41dd7<-20f566ef-d50a-432c-acfc-b325de8c1be4#0:FAIL-t18, d3e03273-8c79-4c12-9358-0a8612c41dd7<-04d45094-7136-40c1-bdbb-fee737a34122#0:FAIL-t18] and 0 exception(s); d3e03273-8c79-4c12-9358-0a8612c41dd7@group-03B580E33239:t18, leader=null, voted=d3e03273-8c79-4c12-9358-0a8612c41dd7, raftlog=d3e03273-8c79-4c12-9358-0a8612c41dd7@group-03B580E33239-SegmentedRaftLog:OPENED:c3,f4,i4, conf=0: [20f566ef-d50a-432c-acfc-b325de8c1be4:192.168.157.238:44964, d3e03273-8c79-4c12-9358-0a8612c41dd7:192.168.157.238:40960, 04d45094-7136-40c1-bdbb-fee737a34122:192.168.157.238:41949], old=null
2019-10-18 04:00:07,724 [d3e03273-8c79-4c12-9358-0a8612c41dd7@group-03B580E33239-LeaderElection26] INFO  impl.RaftServerImpl (RaftServerImpl.java:setRole(184)) - d3e03273-8c79-4c12-9358-0a8612c41dd7@group-03B580E33239: changes role from CANDIDATE to FOLLOWER at term 18 for DISCOVERED_A_NEW_TERM
2019-10-18 04:00:07,724 [d3e03273-8c79-4c12-9358-0a8612c41dd7@group-03B580E33239-LeaderElection26] INFO  impl.RoleInfo (RoleInfo.java:shutdownLeaderElection(134)) - d3e03273-8c79-4c12-9358-0a8612c41dd7: shutdown LeaderElection
2019-10-18 04:00:07,724 [d3e03273-8c79-4c12-9358-0a8612c41dd7@group-03B580E33239-LeaderElection26] INFO  impl.RoleInfo (RoleInfo.java:updateAndGet(143)) - d3e03273-8c79-4c12-9358-0a8612c41dd7: start FollowerState
2019-10-18 04:00:07,802 [Thread-673] INFO  impl.FollowerState (FollowerState.java:run(108)) - d3e03273-8c79-4c12-9358-0a8612c41dd7@group-03B580E33239-FollowerState: change to CANDIDATE, lastRpcTime:78ms, electionTimeout:78ms
2019-10-18 04:00:07,804 [Thread-673] INFO  impl.RoleInfo (RoleInfo.java:shutdownFollowerState(121)) - d3e03273-8c79-4c12-9358-0a8612c41dd7: shutdown FollowerState
2019-10-18 04:00:07,804 [Thread-673] INFO  impl.RaftServerImpl (RaftServerImpl.java:setRole(184)) - d3e03273-8c79-4c12-9358-0a8612c41dd7@group-03B580E33239: changes role from  FOLLOWER to CANDIDATE at term 18 for changeToCandidate
2019-10-18 04:00:07,804 [Thread-673] INFO  impl.RoleInfo (RoleInfo.java:updateAndGet(143)) - d3e03273-8c79-4c12-9358-0a8612c41dd7: start LeaderElection
2019-10-18 04:00:07,818 [d3e03273-8c79-4c12-9358-0a8612c41dd7@group-03B580E33239-LeaderElection27] INFO  impl.LeaderElection (LeaderElection.java:askForVotes(178)) - d3e03273-8c79-4c12-9358-0a8612c41dd7@group-03B580E33239-LeaderElection27: begin an election at term 19 for 0: [20f566ef-d50a-432c-acfc-b325de8c1be4:192.168.157.238:44964, d3e03273-8c79-4c12-9358-0a8612c41dd7:192.168.157.238:40960, 04d45094-7136-40c1-bdbb-fee737a34122:192.168.157.238:41949], old=null
2019-10-18 04:00:07,823 [grpc-default-executor-5] INFO  impl.RaftServerImpl (RaftServerImpl.java:setRole(184)) - 20f566ef-d50a-432c-acfc-b325de8c1be4@group-03B580E33239: changes role from  FOLLOWER to FOLLOWER at term 19 for recognizeCandidate:d3e03273-8c79-4c12-9358-0a8612c41dd7
2019-10-18 04:00:07,823 [grpc-default-executor-0] INFO  impl.RaftServerImpl (RaftServerImpl.java:setRole(184)) - 04d45094-7136-40c1-bdbb-fee737a34122@group-03B580E33239: changes role from  FOLLOWER to FOLLOWER at term 19 for recognizeCandidate:d3e03273-8c79-4c12-9358-0a8612c41dd7
2019-10-18 04:00:07,823 [grpc-default-executor-5] INFO  impl.RoleInfo (RoleInfo.java:shutdownFollowerState(121)) - 20f566ef-d50a-432c-acfc-b325de8c1be4: shutdown FollowerState
2019-10-18 04:00:07,823 [grpc-default-executor-0] INFO  impl.RoleInfo (RoleInfo.java:shutdownFollowerState(121)) - 04d45094-7136-40c1-bdbb-fee737a34122: shutdown FollowerState
2019-10-18 04:00:07,824 [Thread-671] INFO  impl.FollowerState (FollowerState.java:run(117)) - 20f566ef-d50a-432c-acfc-b325de8c1be4@group-03B580E33239-FollowerState was interrupted: java.lang.InterruptedException: sleep interrupted
2019-10-18 04:00:07,824 [grpc-default-executor-5] INFO  impl.RoleInfo (RoleInfo.java:updateAndGet(143)) - 20f566ef-d50a-432c-acfc-b325de8c1be4: start FollowerState
2019-10-18 04:00:07,824 [grpc-default-executor-0] INFO  impl.RoleInfo (RoleInfo.java:updateAndGet(143)) - 04d45094-7136-40c1-bdbb-fee737a34122: start FollowerState
2019-10-18 04:00:07,824 [Thread-672] INFO  impl.FollowerState (FollowerState.java:run(117)) - 04d45094-7136-40c1-bdbb-fee737a34122@group-03B580E33239-FollowerState was interrupted: java.lang.InterruptedException: sleep interrupted
2019-10-18 04:00:07,841 [d3e03273-8c79-4c12-9358-0a8612c41dd7@group-03B580E33239-LeaderElection27] INFO  impl.LeaderElection (LeaderElection.java:logAndReturn(56)) - d3e03273-8c79-4c12-9358-0a8612c41dd7@group-03B580E33239-LeaderElection27: Election REJECTED; received 2 response(s) [d3e03273-8c79-4c12-9358-0a8612c41dd7<-20f566ef-d50a-432c-acfc-b325de8c1be4#0:FAIL-t19, d3e03273-8c79-4c12-9358-0a8612c41dd7<-04d45094-7136-40c1-bdbb-fee737a34122#0:FAIL-t19] and 0 exception(s); d3e03273-8c79-4c12-9358-0a8612c41dd7@group-03B580E33239:t19, leader=null, voted=d3e03273-8c79-4c12-9358-0a8612c41dd7, raftlog=d3e03273-8c79-4c12-9358-0a8612c41dd7@group-03B580E33239-SegmentedRaftLog:OPENED:c3,f4,i4, conf=0: [20f566ef-d50a-432c-acfc-b325de8c1be4:192.168.157.238:44964, d3e03273-8c79-4c12-9358-0a8612c41dd7:192.168.157.238:40960, 04d45094-7136-40c1-bdbb-fee737a34122:192.168.157.238:41949], old=null
2019-10-18 04:00:07,841 [d3e03273-8c79-4c12-9358-0a8612c41dd7@group-03B580E33239-LeaderElection27] INFO  impl.RaftServerImpl (RaftServerImpl.java:setRole(184)) - d3e03273-8c79-4c12-9358-0a8612c41dd7@group-03B580E33239: changes role from CANDIDATE to FOLLOWER at term 19 for DISCOVERED_A_NEW_TERM
2019-10-18 04:00:07,841 [d3e03273-8c79-4c12-9358-0a8612c41dd7@group-03B580E33239-LeaderElection27] INFO  impl.RoleInfo (RoleInfo.java:shutdownLeaderElection(134)) - d3e03273-8c79-4c12-9358-0a8612c41dd7: shutdown LeaderElection
2019-10-18 04:00:07,842 [d3e03273-8c79-4c12-9358-0a8612c41dd7@group-03B580E33239-LeaderElection27] INFO  impl.RoleInfo (RoleInfo.java:updateAndGet(143)) - d3e03273-8c79-4c12-9358-0a8612c41dd7: start FollowerState
2019-10-18 04:00:07,843 [Thread-679] INFO  impl.FollowerState (FollowerState.java:run(108)) - d3e03273-8c79-4c12-9358-0a8612c41dd7@group-03B580E33239-FollowerState: change to CANDIDATE, lastRpcTime:1ms, electionTimeout:1ms
2019-10-18 04:00:07,844 [Thread-679] INFO  impl.RoleInfo (RoleInfo.java:shutdownFollowerState(121)) - d3e03273-8c79-4c12-9358-0a8612c41dd7: shutdown FollowerState
2019-10-18 04:00:07,844 [Thread-679] INFO  impl.RaftServerImpl (RaftServerImpl.java:setRole(184)) - d3e03273-8c79-4c12-9358-0a8612c41dd7@group-03B580E33239: changes role from  FOLLOWER to CANDIDATE at term 19 for changeToCandidate
2019-10-18 04:00:07,844 [Thread-679] INFO  impl.RoleInfo (RoleInfo.java:updateAndGet(143)) - d3e03273-8c79-4c12-9358-0a8612c41dd7: start LeaderElection
2019-10-18 04:00:07,859 [d3e03273-8c79-4c12-9358-0a8612c41dd7@group-03B580E33239-LeaderElection28] INFO  impl.LeaderElection (LeaderElection.java:askForVotes(178)) - d3e03273-8c79-4c12-9358-0a8612c41dd7@group-03B580E33239-LeaderElection28: begin an election at term 20 for 0: [20f566ef-d50a-432c-acfc-b325de8c1be4:192.168.157.238:44964, d3e03273-8c79-4c12-9358-0a8612c41dd7:192.168.157.238:40960, 04d45094-7136-40c1-bdbb-fee737a34122:192.168.157.238:41949], old=null
2019-10-18 04:00:07,862 [grpc-default-executor-5] INFO  impl.RaftServerImpl (RaftServerImpl.java:setRole(184)) - 20f566ef-d50a-432c-acfc-b325de8c1be4@group-03B580E33239: changes role from  FOLLOWER to FOLLOWER at term 20 for recognizeCandidate:d3e03273-8c79-4c12-9358-0a8612c41dd7
2019-10-18 04:00:07,863 [grpc-default-executor-5] INFO  impl.RoleInfo (RoleInfo.java:shutdownFollowerState(121)) - 20f566ef-d50a-432c-acfc-b325de8c1be4: shutdown FollowerState
2019-10-18 04:00:07,863 [grpc-default-executor-0] INFO  impl.RaftServerImpl (RaftServerImpl.java:setRole(184)) - 04d45094-7136-40c1-bdbb-fee737a34122@group-03B580E33239: changes role from  FOLLOWER to FOLLOWER at term 20 for recognizeCandidate:d3e03273-8c79-4c12-9358-0a8612c41dd7
2019-10-18 04:00:07,864 [Thread-677] INFO  impl.FollowerState (FollowerState.java:run(117)) - 20f566ef-d50a-432c-acfc-b325de8c1be4@group-03B580E33239-FollowerState was interrupted: java.lang.InterruptedException: sleep interrupted
2019-10-18 04:00:07,864 [grpc-default-executor-5] INFO  impl.RoleInfo (RoleInfo.java:updateAndGet(143)) - 20f566ef-d50a-432c-acfc-b325de8c1be4: start FollowerState
2019-10-18 04:00:07,864 [grpc-default-executor-0] INFO  impl.RoleInfo (RoleInfo.java:shutdownFollowerState(121)) - 04d45094-7136-40c1-bdbb-fee737a34122: shutdown FollowerState
2019-10-18 04:00:07,865 [grpc-default-executor-0] INFO  impl.RoleInfo (RoleInfo.java:updateAndGet(143)) - 04d45094-7136-40c1-bdbb-fee737a34122: start FollowerState
2019-10-18 04:00:07,865 [Thread-678] INFO  impl.FollowerState (FollowerState.java:run(117)) - 04d45094-7136-40c1-bdbb-fee737a34122@group-03B580E33239-FollowerState was interrupted: java.lang.InterruptedException: sleep interrupted
2019-10-18 04:00:07,880 [d3e03273-8c79-4c12-9358-0a8612c41dd7@group-03B580E33239-LeaderElection28] INFO  impl.LeaderElection (LeaderElection.java:logAndReturn(56)) - d3e03273-8c79-4c12-9358-0a8612c41dd7@group-03B580E33239-LeaderElection28: Election REJECTED; received 2 response(s) [d3e03273-8c79-4c12-9358-0a8612c41dd7<-20f566ef-d50a-432c-acfc-b325de8c1be4#0:FAIL-t20, d3e03273-8c79-4c12-9358-0a8612c41dd7<-04d45094-7136-40c1-bdbb-fee737a34122#0:FAIL-t20] and 0 exception(s); d3e03273-8c79-4c12-9358-0a8612c41dd7@group-03B580E33239:t20, leader=null, voted=d3e03273-8c79-4c12-9358-0a8612c41dd7, raftlog=d3e03273-8c79-4c12-9358-0a8612c41dd7@group-03B580E33239-SegmentedRaftLog:OPENED:c3,f4,i4, conf=0: [20f566ef-d50a-432c-acfc-b325de8c1be4:192.168.157.238:44964, d3e03273-8c79-4c12-9358-0a8612c41dd7:192.168.157.238:40960, 04d45094-7136-40c1-bdbb-fee737a34122:192.168.157.238:41949], old=null
2019-10-18 04:00:07,881 [d3e03273-8c79-4c12-9358-0a8612c41dd7@group-03B580E33239-LeaderElection28] INFO  impl.RaftServerImpl (RaftServerImpl.java:setRole(184)) - d3e03273-8c79-4c12-9358-0a8612c41dd7@group-03B580E33239: changes role from CANDIDATE to FOLLOWER at term 20 for DISCOVERED_A_NEW_TERM
2019-10-18 04:00:07,881 [d3e03273-8c79-4c12-9358-0a8612c41dd7@group-03B580E33239-LeaderElection28] INFO  impl.RoleInfo (RoleInfo.java:shutdownLeaderElection(134)) - d3e03273-8c79-4c12-9358-0a8612c41dd7: shutdown LeaderElection
2019-10-18 04:00:07,881 [d3e03273-8c79-4c12-9358-0a8612c41dd7@group-03B580E33239-LeaderElection28] INFO  impl.RoleInfo (RoleInfo.java:updateAndGet(143)) - d3e03273-8c79-4c12-9358-0a8612c41dd7: start FollowerState
2019-10-18 04:00:08,037 [Thread-685] INFO  impl.FollowerState (FollowerState.java:run(108)) - d3e03273-8c79-4c12-9358-0a8612c41dd7@group-03B580E33239-FollowerState: change to CANDIDATE, lastRpcTime:155ms, electionTimeout:155ms
2019-10-18 04:00:08,038 [Thread-685] INFO  impl.RoleInfo (RoleInfo.java:shutdownFollowerState(121)) - d3e03273-8c79-4c12-9358-0a8612c41dd7: shutdown FollowerState
2019-10-18 04:00:08,038 [Thread-685] INFO  impl.RaftServerImpl (RaftServerImpl.java:setRole(184)) - d3e03273-8c79-4c12-9358-0a8612c41dd7@group-03B580E33239: changes role from  FOLLOWER to CANDIDATE at term 20 for changeToCandidate
2019-10-18 04:00:08,038 [Thread-685] INFO  impl.RoleInfo (RoleInfo.java:updateAndGet(143)) - d3e03273-8c79-4c12-9358-0a8612c41dd7: start LeaderElection
2019-10-18 04:00:08,053 [d3e03273-8c79-4c12-9358-0a8612c41dd7@group-03B580E33239-LeaderElection29] INFO  impl.LeaderElection (LeaderElection.java:askForVotes(178)) - d3e03273-8c79-4c12-9358-0a8612c41dd7@group-03B580E33239-LeaderElection29: begin an election at term 21 for 0: [20f566ef-d50a-432c-acfc-b325de8c1be4:192.168.157.238:44964, d3e03273-8c79-4c12-9358-0a8612c41dd7:192.168.157.238:40960, 04d45094-7136-40c1-bdbb-fee737a34122:192.168.157.238:41949], old=null
2019-10-18 04:00:08,058 [grpc-default-executor-5] INFO  impl.RaftServerImpl (RaftServerImpl.java:setRole(184)) - 04d45094-7136-40c1-bdbb-fee737a34122@group-03B580E33239: changes role from  FOLLOWER to FOLLOWER at term 21 for recognizeCandidate:d3e03273-8c79-4c12-9358-0a8612c41dd7
2019-10-18 04:00:08,058 [grpc-default-executor-0] INFO  impl.RaftServerImpl (RaftServerImpl.java:setRole(184)) - 20f566ef-d50a-432c-acfc-b325de8c1be4@group-03B580E33239: changes role from  FOLLOWER to FOLLOWER at term 21 for recognizeCandidate:d3e03273-8c79-4c12-9358-0a8612c41dd7
2019-10-18 04:00:08,058 [grpc-default-executor-5] INFO  impl.RoleInfo (RoleInfo.java:shutdownFollowerState(121)) - 04d45094-7136-40c1-bdbb-fee737a34122: shutdown FollowerState
2019-10-18 04:00:08,058 [grpc-default-executor-0] INFO  impl.RoleInfo (RoleInfo.java:shutdownFollowerState(121)) - 20f566ef-d50a-432c-acfc-b325de8c1be4: shutdown FollowerState
2019-10-18 04:00:08,059 [grpc-default-executor-5] INFO  impl.RoleInfo (RoleInfo.java:updateAndGet(143)) - 04d45094-7136-40c1-bdbb-fee737a34122: start FollowerState
2019-10-18 04:00:08,059 [Thread-683] INFO  impl.FollowerState (FollowerState.java:run(117)) - 20f566ef-d50a-432c-acfc-b325de8c1be4@group-03B580E33239-FollowerState was interrupted: java.lang.InterruptedException: sleep interrupted
2019-10-18 04:00:08,059 [Thread-684] INFO  impl.FollowerState (FollowerState.java:run(117)) - 04d45094-7136-40c1-bdbb-fee737a34122@group-03B580E33239-FollowerState was interrupted: java.lang.InterruptedException: sleep interrupted
2019-10-18 04:00:08,059 [grpc-default-executor-0] INFO  impl.RoleInfo (RoleInfo.java:updateAndGet(143)) - 20f566ef-d50a-432c-acfc-b325de8c1be4: start FollowerState
2019-10-18 04:00:08,077 [d3e03273-8c79-4c12-9358-0a8612c41dd7@group-03B580E33239-LeaderElection29] INFO  impl.LeaderElection (LeaderElection.java:logAndReturn(56)) - d3e03273-8c79-4c12-9358-0a8612c41dd7@group-03B580E33239-LeaderElection29: Election REJECTED; received 2 response(s) [d3e03273-8c79-4c12-9358-0a8612c41dd7<-20f566ef-d50a-432c-acfc-b325de8c1be4#0:FAIL-t21, d3e03273-8c79-4c12-9358-0a8612c41dd7<-04d45094-7136-40c1-bdbb-fee737a34122#0:FAIL-t21] and 0 exception(s); d3e03273-8c79-4c12-9358-0a8612c41dd7@group-03B580E33239:t21, leader=null, voted=d3e03273-8c79-4c12-9358-0a8612c41dd7, raftlog=d3e03273-8c79-4c12-9358-0a8612c41dd7@group-03B580E33239-SegmentedRaftLog:OPENED:c3,f4,i4, conf=0: [20f566ef-d50a-432c-acfc-b325de8c1be4:192.168.157.238:44964, d3e03273-8c79-4c12-9358-0a8612c41dd7:192.168.157.238:40960, 04d45094-7136-40c1-bdbb-fee737a34122:192.168.157.238:41949], old=null
2019-10-18 04:00:08,078 [d3e03273-8c79-4c12-9358-0a8612c41dd7@group-03B580E33239-LeaderElection29] INFO  impl.RaftServerImpl (RaftServerImpl.java:setRole(184)) - d3e03273-8c79-4c12-9358-0a8612c41dd7@group-03B580E33239: changes role from CANDIDATE to FOLLOWER at term 21 for DISCOVERED_A_NEW_TERM
2019-10-18 04:00:08,078 [d3e03273-8c79-4c12-9358-0a8612c41dd7@group-03B580E33239-LeaderElection29] INFO  impl.RoleInfo (RoleInfo.java:shutdownLeaderElection(134)) - d3e03273-8c79-4c12-9358-0a8612c41dd7: shutdown LeaderElection
2019-10-18 04:00:08,078 [d3e03273-8c79-4c12-9358-0a8612c41dd7@group-03B580E33239-LeaderElection29] INFO  impl.RoleInfo (RoleInfo.java:updateAndGet(143)) - d3e03273-8c79-4c12-9358-0a8612c41dd7: start FollowerState
2019-10-18 04:00:08,251 [Thread-691] INFO  impl.FollowerState (FollowerState.java:run(108)) - d3e03273-8c79-4c12-9358-0a8612c41dd7@group-03B580E33239-FollowerState: change to CANDIDATE, lastRpcTime:173ms, electionTimeout:173ms
2019-10-18 04:00:08,252 [Thread-691] INFO  impl.RoleInfo (RoleInfo.java:shutdownFollowerState(121)) - d3e03273-8c79-4c12-9358-0a8612c41dd7: shutdown FollowerState
2019-10-18 04:00:08,253 [Thread-691] INFO  impl.RaftServerImpl (RaftServerImpl.java:setRole(184)) - d3e03273-8c79-4c12-9358-0a8612c41dd7@group-03B580E33239: changes role from  FOLLOWER to CANDIDATE at term 21 for changeToCandidate
2019-10-18 04:00:08,253 [Thread-691] INFO  impl.RoleInfo (RoleInfo.java:updateAndGet(143)) - d3e03273-8c79-4c12-9358-0a8612c41dd7: start LeaderElection
2019-10-18 04:00:08,282 [d3e03273-8c79-4c12-9358-0a8612c41dd7@group-03B580E33239-LeaderElection30] INFO  impl.LeaderElection (LeaderElection.java:askForVotes(178)) - d3e03273-8c79-4c12-9358-0a8612c41dd7@group-03B580E33239-LeaderElection30: begin an election at term 22 for 0: [20f566ef-d50a-432c-acfc-b325de8c1be4:192.168.157.238:44964, d3e03273-8c79-4c12-9358-0a8612c41dd7:192.168.157.238:40960, 04d45094-7136-40c1-bdbb-fee737a34122:192.168.157.238:41949], old=null
2019-10-18 04:00:08,289 [grpc-default-executor-0] INFO  impl.RaftServerImpl (RaftServerImpl.java:setRole(184)) - 20f566ef-d50a-432c-acfc-b325de8c1be4@group-03B580E33239: changes role from  FOLLOWER to FOLLOWER at term 22 for recognizeCandidate:d3e03273-8c79-4c12-9358-0a8612c41dd7
2019-10-18 04:00:08,289 [grpc-default-executor-0] INFO  impl.RoleInfo (RoleInfo.java:shutdownFollowerState(121)) - 20f566ef-d50a-432c-acfc-b325de8c1be4: shutdown FollowerState
2019-10-18 04:00:08,289 [grpc-default-executor-5] INFO  impl.RaftServerImpl (RaftServerImpl.java:setRole(184)) - 04d45094-7136-40c1-bdbb-fee737a34122@group-03B580E33239: changes role from  FOLLOWER to FOLLOWER at term 22 for recognizeCandidate:d3e03273-8c79-4c12-9358-0a8612c41dd7
2019-10-18 04:00:08,289 [grpc-default-executor-5] INFO  impl.RoleInfo (RoleInfo.java:shutdownFollowerState(121)) - 04d45094-7136-40c1-bdbb-fee737a34122: shutdown FollowerState
2019-10-18 04:00:08,289 [grpc-default-executor-0] INFO  impl.RoleInfo (RoleInfo.java:updateAndGet(143)) - 20f566ef-d50a-432c-acfc-b325de8c1be4: start FollowerState
2019-10-18 04:00:08,289 [Thread-690] INFO  impl.FollowerState (FollowerState.java:run(117)) - 20f566ef-d50a-432c-acfc-b325de8c1be4@group-03B580E33239-FollowerState was interrupted: java.lang.InterruptedException: sleep interrupted
2019-10-18 04:00:08,289 [Thread-689] INFO  impl.FollowerState (FollowerState.java:run(117)) - 04d45094-7136-40c1-bdbb-fee737a34122@group-03B580E33239-FollowerState was interrupted: java.lang.InterruptedException: sleep interrupted
2019-10-18 04:00:08,289 [grpc-default-executor-5] INFO  impl.RoleInfo (RoleInfo.java:updateAndGet(143)) - 04d45094-7136-40c1-bdbb-fee737a34122: start FollowerState
2019-10-18 04:00:08,305 [d3e03273-8c79-4c12-9358-0a8612c41dd7@group-03B580E33239-LeaderElection30] INFO  impl.LeaderElection (LeaderElection.java:logAndReturn(56)) - d3e03273-8c79-4c12-9358-0a8612c41dd7@group-03B580E33239-LeaderElection30: Election REJECTED; received 2 response(s) [d3e03273-8c79-4c12-9358-0a8612c41dd7<-20f566ef-d50a-432c-acfc-b325de8c1be4#0:FAIL-t22, d3e03273-8c79-4c12-9358-0a8612c41dd7<-04d45094-7136-40c1-bdbb-fee737a34122#0:FAIL-t22] and 0 exception(s); d3e03273-8c79-4c12-9358-0a8612c41dd7@group-03B580E33239:t22, leader=null, voted=d3e03273-8c79-4c12-9358-0a8612c41dd7, raftlog=d3e03273-8c79-4c12-9358-0a8612c41dd7@group-03B580E33239-SegmentedRaftLog:OPENED:c3,f4,i4, conf=0: [20f566ef-d50a-432c-acfc-b325de8c1be4:192.168.157.238:44964, d3e03273-8c79-4c12-9358-0a8612c41dd7:192.168.157.238:40960, 04d45094-7136-40c1-bdbb-fee737a34122:192.168.157.238:41949], old=null
2019-10-18 04:00:08,306 [d3e03273-8c79-4c12-9358-0a8612c41dd7@group-03B580E33239-LeaderElection30] INFO  impl.RaftServerImpl (RaftServerImpl.java:setRole(184)) - d3e03273-8c79-4c12-9358-0a8612c41dd7@group-03B580E33239: changes role from CANDIDATE to FOLLOWER at term 22 for DISCOVERED_A_NEW_TERM
2019-10-18 04:00:08,306 [d3e03273-8c79-4c12-9358-0a8612c41dd7@group-03B580E33239-LeaderElection30] INFO  impl.RoleInfo (RoleInfo.java:shutdownLeaderElection(134)) - d3e03273-8c79-4c12-9358-0a8612c41dd7: shutdown LeaderElection
2019-10-18 04:00:08,306 [d3e03273-8c79-4c12-9358-0a8612c41dd7@group-03B580E33239-LeaderElection30] INFO  impl.RoleInfo (RoleInfo.java:updateAndGet(143)) - d3e03273-8c79-4c12-9358-0a8612c41dd7: start FollowerState
2019-10-18 04:00:08,312 [Thread-697] INFO  impl.FollowerState (FollowerState.java:run(108)) - d3e03273-8c79-4c12-9358-0a8612c41dd7@group-03B580E33239-FollowerState: change to CANDIDATE, lastRpcTime:6ms, electionTimeout:6ms
2019-10-18 04:00:08,313 [Thread-697] INFO  impl.RoleInfo (RoleInfo.java:shutdownFollowerState(121)) - d3e03273-8c79-4c12-9358-0a8612c41dd7: shutdown FollowerState
2019-10-18 04:00:08,313 [Thread-697] INFO  impl.RaftServerImpl (RaftServerImpl.java:setRole(184)) - d3e03273-8c79-4c12-9358-0a8612c41dd7@group-03B580E33239: changes role from  FOLLOWER to CANDIDATE at term 22 for changeToCandidate
2019-10-18 04:00:08,314 [Thread-697] INFO  impl.RoleInfo (RoleInfo.java:updateAndGet(143)) - d3e03273-8c79-4c12-9358-0a8612c41dd7: start LeaderElection
2019-10-18 04:00:08,327 [d3e03273-8c79-4c12-9358-0a8612c41dd7@group-03B580E33239-LeaderElection31] INFO  impl.LeaderElection (LeaderElection.java:askForVotes(178)) - d3e03273-8c79-4c12-9358-0a8612c41dd7@group-03B580E33239-LeaderElection31: begin an election at term 23 for 0: [20f566ef-d50a-432c-acfc-b325de8c1be4:192.168.157.238:44964, d3e03273-8c79-4c12-9358-0a8612c41dd7:192.168.157.238:40960, 04d45094-7136-40c1-bdbb-fee737a34122:192.168.157.238:41949], old=null
2019-10-18 04:00:08,329 [d3e03273-8c79-4c12-9358-0a8612c41dd7@group-03B580E33239-LeaderElection31] INFO  impl.LeaderElection (LeaderElection.java:logAndReturn(56)) - d3e03273-8c79-4c12-9358-0a8612c41dd7@group-03B580E33239-LeaderElection31: Election TIMEOUT; received 0 response(s) [] and 0 exception(s); d3e03273-8c79-4c12-9358-0a8612c41dd7@group-03B580E33239:t23, leader=null, voted=d3e03273-8c79-4c12-9358-0a8612c41dd7, raftlog=d3e03273-8c79-4c12-9358-0a8612c41dd7@group-03B580E33239-SegmentedRaftLog:OPENED:c3,f4,i4, conf=0: [20f566ef-d50a-432c-acfc-b325de8c1be4:192.168.157.238:44964, d3e03273-8c79-4c12-9358-0a8612c41dd7:192.168.157.238:40960, 04d45094-7136-40c1-bdbb-fee737a34122:192.168.157.238:41949], old=null
2019-10-18 04:00:08,330 [grpc-default-executor-0] INFO  impl.RaftServerImpl (RaftServerImpl.java:setRole(184)) - 20f566ef-d50a-432c-acfc-b325de8c1be4@group-03B580E33239: changes role from  FOLLOWER to FOLLOWER at term 23 for recognizeCandidate:d3e03273-8c79-4c12-9358-0a8612c41dd7
2019-10-18 04:00:08,330 [grpc-default-executor-0] INFO  impl.RoleInfo (RoleInfo.java:shutdownFollowerState(121)) - 20f566ef-d50a-432c-acfc-b325de8c1be4: shutdown FollowerState
2019-10-18 04:00:08,330 [grpc-default-executor-5] INFO  impl.RaftServerImpl (RaftServerImpl.java:setRole(184)) - 04d45094-7136-40c1-bdbb-fee737a34122@group-03B580E33239: changes role from  FOLLOWER to FOLLOWER at term 23 for recognizeCandidate:d3e03273-8c79-4c12-9358-0a8612c41dd7
2019-10-18 04:00:08,330 [Thread-695] INFO  impl.FollowerState (FollowerState.java:run(117)) - 20f566ef-d50a-432c-acfc-b325de8c1be4@group-03B580E33239-FollowerState was interrupted: java.lang.InterruptedException: sleep interrupted
2019-10-18 04:00:08,330 [grpc-default-executor-0] INFO  impl.RoleInfo (RoleInfo.java:updateAndGet(143)) - 20f566ef-d50a-432c-acfc-b325de8c1be4: start FollowerState
2019-10-18 04:00:08,331 [grpc-default-executor-5] INFO  impl.RoleInfo (RoleInfo.java:shutdownFollowerState(121)) - 04d45094-7136-40c1-bdbb-fee737a34122: shutdown FollowerState
2019-10-18 04:00:08,332 [grpc-default-executor-5] INFO  impl.RoleInfo (RoleInfo.java:updateAndGet(143)) - 04d45094-7136-40c1-bdbb-fee737a34122: start FollowerState
2019-10-18 04:00:08,332 [Thread-696] INFO  impl.FollowerState (FollowerState.java:run(117)) - 04d45094-7136-40c1-bdbb-fee737a34122@group-03B580E33239-FollowerState was interrupted: java.lang.InterruptedException: sleep interrupted
2019-10-18 04:00:08,351 [pool-7-thread-2] INFO  commands.RetriableDatanodeEventWatcher (RetriableDatanodeEventWatcher.java:onTimeout(47)) - RetriableDatanodeCommand type=deleteBlocksCommand with id=1571371203348 timed out. Retrying.
2019-10-18 04:00:08,351 [pool-7-thread-4] INFO  commands.RetriableDatanodeEventWatcher (RetriableDatanodeEventWatcher.java:onTimeout(47)) - RetriableDatanodeCommand type=deleteBlocksCommand with id=1571371203345 timed out. Retrying.
2019-10-18 04:00:08,351 [pool-7-thread-1] INFO  commands.RetriableDatanodeEventWatcher (RetriableDatanodeEventWatcher.java:onTimeout(47)) - RetriableDatanodeCommand type=deleteBlocksCommand with id=1571371203349 timed out. Retrying.
2019-10-18 04:00:08,352 [pool-7-thread-3] INFO  commands.RetriableDatanodeEventWatcher (RetriableDatanodeEventWatcher.java:onTimeout(47)) - RetriableDatanodeCommand type=deleteBlocksCommand with id=1571371203350 timed out. Retrying.
2019-10-18 04:00:08,352 [pool-7-thread-5] INFO  commands.RetriableDatanodeEventWatcher (RetriableDatanodeEventWatcher.java:onTimeout(47)) - RetriableDatanodeCommand type=deleteBlocksCommand with id=1571371203351 timed out. Retrying.
2019-10-18 04:00:08,352 [SCMBlockDeletingService#0] INFO  block.SCMBlockDeletingService (SCMBlockDeletingService.java:call(184)) - Totally added 1 delete blocks command for 1 datanodes, task elapsed time: 1ms
2019-10-18 04:00:08,355 [d3e03273-8c79-4c12-9358-0a8612c41dd7@group-03B580E33239-LeaderElection31] INFO  impl.LeaderElection (LeaderElection.java:askForVotes(178)) - d3e03273-8c79-4c12-9358-0a8612c41dd7@group-03B580E33239-LeaderElection31: begin an election at term 24 for 0: [20f566ef-d50a-432c-acfc-b325de8c1be4:192.168.157.238:44964, d3e03273-8c79-4c12-9358-0a8612c41dd7:192.168.157.238:40960, 04d45094-7136-40c1-bdbb-fee737a34122:192.168.157.238:41949], old=null
2019-10-18 04:00:08,357 [grpc-default-executor-0] INFO  impl.RaftServerImpl (RaftServerImpl.java:setRole(184)) - 20f566ef-d50a-432c-acfc-b325de8c1be4@group-03B580E33239: changes role from  FOLLOWER to FOLLOWER at term 24 for recognizeCandidate:d3e03273-8c79-4c12-9358-0a8612c41dd7
2019-10-18 04:00:08,357 [grpc-default-executor-5] INFO  impl.RaftServerImpl (RaftServerImpl.java:setRole(184)) - 04d45094-7136-40c1-bdbb-fee737a34122@group-03B580E33239: changes role from  FOLLOWER to FOLLOWER at term 24 for recognizeCandidate:d3e03273-8c79-4c12-9358-0a8612c41dd7
2019-10-18 04:00:08,357 [grpc-default-executor-0] INFO  impl.RoleInfo (RoleInfo.java:shutdownFollowerState(121)) - 20f566ef-d50a-432c-acfc-b325de8c1be4: shutdown FollowerState
2019-10-18 04:00:08,357 [grpc-default-executor-5] INFO  impl.RoleInfo (RoleInfo.java:shutdownFollowerState(121)) - 04d45094-7136-40c1-bdbb-fee737a34122: shutdown FollowerState
2019-10-18 04:00:08,358 [Thread-701] INFO  impl.FollowerState (FollowerState.java:run(117)) - 20f566ef-d50a-432c-acfc-b325de8c1be4@group-03B580E33239-FollowerState was interrupted: java.lang.InterruptedException: sleep interrupted
2019-10-18 04:00:08,358 [grpc-default-executor-0] INFO  impl.RoleInfo (RoleInfo.java:updateAndGet(143)) - 20f566ef-d50a-432c-acfc-b325de8c1be4: start FollowerState
2019-10-18 04:00:08,358 [Thread-702] INFO  impl.FollowerState (FollowerState.java:run(117)) - 04d45094-7136-40c1-bdbb-fee737a34122@group-03B580E33239-FollowerState was interrupted: java.lang.InterruptedException: sleep interrupted
2019-10-18 04:00:08,358 [grpc-default-executor-5] INFO  impl.RoleInfo (RoleInfo.java:updateAndGet(143)) - 04d45094-7136-40c1-bdbb-fee737a34122: start FollowerState
2019-10-18 04:00:08,374 [d3e03273-8c79-4c12-9358-0a8612c41dd7@group-03B580E33239-LeaderElection31] INFO  impl.LeaderElection (LeaderElection.java:logAndReturn(56)) - d3e03273-8c79-4c12-9358-0a8612c41dd7@group-03B580E33239-LeaderElection31: Election REJECTED; received 2 response(s) [d3e03273-8c79-4c12-9358-0a8612c41dd7<-20f566ef-d50a-432c-acfc-b325de8c1be4#0:FAIL-t24, d3e03273-8c79-4c12-9358-0a8612c41dd7<-04d45094-7136-40c1-bdbb-fee737a34122#0:FAIL-t24] and 0 exception(s); d3e03273-8c79-4c12-9358-0a8612c41dd7@group-03B580E33239:t24, leader=null, voted=d3e03273-8c79-4c12-9358-0a8612c41dd7, raftlog=d3e03273-8c79-4c12-9358-0a8612c41dd7@group-03B580E33239-SegmentedRaftLog:OPENED:c3,f4,i4, conf=0: [20f566ef-d50a-432c-acfc-b325de8c1be4:192.168.157.238:44964, d3e03273-8c79-4c12-9358-0a8612c41dd7:192.168.157.238:40960, 04d45094-7136-40c1-bdbb-fee737a34122:192.168.157.238:41949], old=null
2019-10-18 04:00:08,374 [d3e03273-8c79-4c12-9358-0a8612c41dd7@group-03B580E33239-LeaderElection31] INFO  impl.RaftServerImpl (RaftServerImpl.java:setRole(184)) - d3e03273-8c79-4c12-9358-0a8612c41dd7@group-03B580E33239: changes role from CANDIDATE to FOLLOWER at term 24 for DISCOVERED_A_NEW_TERM
2019-10-18 04:00:08,374 [d3e03273-8c79-4c12-9358-0a8612c41dd7@group-03B580E33239-LeaderElection31] INFO  impl.RoleInfo (RoleInfo.java:shutdownLeaderElection(134)) - d3e03273-8c79-4c12-9358-0a8612c41dd7: shutdown LeaderElection
2019-10-18 04:00:08,375 [d3e03273-8c79-4c12-9358-0a8612c41dd7@group-03B580E33239-LeaderElection31] INFO  impl.RoleInfo (RoleInfo.java:updateAndGet(143)) - d3e03273-8c79-4c12-9358-0a8612c41dd7: start FollowerState
2019-10-18 04:00:08,496 [Thread-707] INFO  impl.FollowerState (FollowerState.java:run(108)) - d3e03273-8c79-4c12-9358-0a8612c41dd7@group-03B580E33239-FollowerState: change to CANDIDATE, lastRpcTime:121ms, electionTimeout:121ms
2019-10-18 04:00:08,498 [Thread-707] INFO  impl.RoleInfo (RoleInfo.java:shutdownFollowerState(121)) - d3e03273-8c79-4c12-9358-0a8612c41dd7: shutdown FollowerState
2019-10-18 04:00:08,498 [Thread-707] INFO  impl.RaftServerImpl (RaftServerImpl.java:setRole(184)) - d3e03273-8c79-4c12-9358-0a8612c41dd7@group-03B580E33239: changes role from  FOLLOWER to CANDIDATE at term 24 for changeToCandidate
2019-10-18 04:00:08,498 [Thread-707] INFO  impl.RoleInfo (RoleInfo.java:updateAndGet(143)) - d3e03273-8c79-4c12-9358-0a8612c41dd7: start LeaderElection
2019-10-18 04:00:08,512 [d3e03273-8c79-4c12-9358-0a8612c41dd7@group-03B580E33239-LeaderElection32] INFO  impl.LeaderElection (LeaderElection.java:askForVotes(178)) - d3e03273-8c79-4c12-9358-0a8612c41dd7@group-03B580E33239-LeaderElection32: begin an election at term 25 for 0: [20f566ef-d50a-432c-acfc-b325de8c1be4:192.168.157.238:44964, d3e03273-8c79-4c12-9358-0a8612c41dd7:192.168.157.238:40960, 04d45094-7136-40c1-bdbb-fee737a34122:192.168.157.238:41949], old=null
2019-10-18 04:00:08,517 [grpc-default-executor-5] INFO  impl.RaftServerImpl (RaftServerImpl.java:setRole(184)) - 04d45094-7136-40c1-bdbb-fee737a34122@group-03B580E33239: changes role from  FOLLOWER to FOLLOWER at term 25 for recognizeCandidate:d3e03273-8c79-4c12-9358-0a8612c41dd7
2019-10-18 04:00:08,517 [grpc-default-executor-0] INFO  impl.RaftServerImpl (RaftServerImpl.java:setRole(184)) - 20f566ef-d50a-432c-acfc-b325de8c1be4@group-03B580E33239: changes role from  FOLLOWER to FOLLOWER at term 25 for recognizeCandidate:d3e03273-8c79-4c12-9358-0a8612c41dd7
2019-10-18 04:00:08,517 [grpc-default-executor-5] INFO  impl.RoleInfo (RoleInfo.java:shutdownFollowerState(121)) - 04d45094-7136-40c1-bdbb-fee737a34122: shutdown FollowerState
2019-10-18 04:00:08,517 [grpc-default-executor-0] INFO  impl.RoleInfo (RoleInfo.java:shutdownFollowerState(121)) - 20f566ef-d50a-432c-acfc-b325de8c1be4: shutdown FollowerState
2019-10-18 04:00:08,518 [Thread-706] INFO  impl.FollowerState (FollowerState.java:run(117)) - 04d45094-7136-40c1-bdbb-fee737a34122@group-03B580E33239-FollowerState was interrupted: java.lang.InterruptedException: sleep interrupted
2019-10-18 04:00:08,518 [Thread-705] INFO  impl.FollowerState (FollowerState.java:run(117)) - 20f566ef-d50a-432c-acfc-b325de8c1be4@group-03B580E33239-FollowerState was interrupted: java.lang.InterruptedException: sleep interrupted
2019-10-18 04:00:08,518 [grpc-default-executor-5] INFO  impl.RoleInfo (RoleInfo.java:updateAndGet(143)) - 04d45094-7136-40c1-bdbb-fee737a34122: start FollowerState
2019-10-18 04:00:08,518 [grpc-default-executor-0] INFO  impl.RoleInfo (RoleInfo.java:updateAndGet(143)) - 20f566ef-d50a-432c-acfc-b325de8c1be4: start FollowerState
2019-10-18 04:00:08,531 [BlockDeletingService#2] WARN  background.BlockDeletingService (BlockDeletingService.java:isDeletionAllowed(187)) - Close Container log Index 6 is not replicated across allthe servers in the pipeline defa1269-bd0f-4f76-adbb-03b580e33239 as the min replicated index is 4. Deletion is not allowed in this container yet.
2019-10-18 04:00:08,531 [BlockDeletingService#2] WARN  background.BlockDeletingService (BlockDeletingService.java:isDeletionAllowed(187)) - Close Container log Index 6 is not replicated across allthe servers in the pipeline defa1269-bd0f-4f76-adbb-03b580e33239 as the min replicated index is 4. Deletion is not allowed in this container yet.
2019-10-18 04:00:08,532 [d3e03273-8c79-4c12-9358-0a8612c41dd7@group-03B580E33239-LeaderElection32] INFO  impl.LeaderElection (LeaderElection.java:logAndReturn(56)) - d3e03273-8c79-4c12-9358-0a8612c41dd7@group-03B580E33239-LeaderElection32: Election REJECTED; received 2 response(s) [d3e03273-8c79-4c12-9358-0a8612c41dd7<-20f566ef-d50a-432c-acfc-b325de8c1be4#0:FAIL-t25, d3e03273-8c79-4c12-9358-0a8612c41dd7<-04d45094-7136-40c1-bdbb-fee737a34122#0:FAIL-t25] and 0 exception(s); d3e03273-8c79-4c12-9358-0a8612c41dd7@group-03B580E33239:t25, leader=null, voted=d3e03273-8c79-4c12-9358-0a8612c41dd7, raftlog=d3e03273-8c79-4c12-9358-0a8612c41dd7@group-03B580E33239-SegmentedRaftLog:OPENED:c3,f4,i4, conf=0: [20f566ef-d50a-432c-acfc-b325de8c1be4:192.168.157.238:44964, d3e03273-8c79-4c12-9358-0a8612c41dd7:192.168.157.238:40960, 04d45094-7136-40c1-bdbb-fee737a34122:192.168.157.238:41949], old=null
2019-10-18 04:00:08,532 [d3e03273-8c79-4c12-9358-0a8612c41dd7@group-03B580E33239-LeaderElection32] INFO  impl.RaftServerImpl (RaftServerImpl.java:setRole(184)) - d3e03273-8c79-4c12-9358-0a8612c41dd7@group-03B580E33239: changes role from CANDIDATE to FOLLOWER at term 25 for DISCOVERED_A_NEW_TERM
2019-10-18 04:00:08,532 [d3e03273-8c79-4c12-9358-0a8612c41dd7@group-03B580E33239-LeaderElection32] INFO  impl.RoleInfo (RoleInfo.java:shutdownLeaderElection(134)) - d3e03273-8c79-4c12-9358-0a8612c41dd7: shutdown LeaderElection
2019-10-18 04:00:08,532 [d3e03273-8c79-4c12-9358-0a8612c41dd7@group-03B580E33239-LeaderElection32] INFO  impl.RoleInfo (RoleInfo.java:updateAndGet(143)) - d3e03273-8c79-4c12-9358-0a8612c41dd7: start FollowerState
2019-10-18 04:00:08,591 [EventQueue-PendingDeleteStatusForPendingDeleteHandler] INFO  block.SCMBlockDeletingService (SCMBlockDeletingService.java:handlePendingDeletes(115)) - Block deletion txnID mismatch in datanode d3e03273-8c79-4c12-9358-0a8612c41dd7 for containerID 1. Datanode delete txnID: 0, SCM txnID: 1
2019-10-18 04:00:08,662 [Thread-715] INFO  impl.FollowerState (FollowerState.java:run(108)) - d3e03273-8c79-4c12-9358-0a8612c41dd7@group-03B580E33239-FollowerState: change to CANDIDATE, lastRpcTime:129ms, electionTimeout:129ms
2019-10-18 04:00:08,662 [Thread-715] INFO  impl.RoleInfo (RoleInfo.java:shutdownFollowerState(121)) - d3e03273-8c79-4c12-9358-0a8612c41dd7: shutdown FollowerState
2019-10-18 04:00:08,662 [Thread-715] INFO  impl.RaftServerImpl (RaftServerImpl.java:setRole(184)) - d3e03273-8c79-4c12-9358-0a8612c41dd7@group-03B580E33239: changes role from  FOLLOWER to CANDIDATE at term 25 for changeToCandidate
2019-10-18 04:00:08,662 [Thread-715] INFO  impl.RoleInfo (RoleInfo.java:updateAndGet(143)) - d3e03273-8c79-4c12-9358-0a8612c41dd7: start LeaderElection
2019-10-18 04:00:08,676 [d3e03273-8c79-4c12-9358-0a8612c41dd7@group-03B580E33239-LeaderElection33] INFO  impl.LeaderElection (LeaderElection.java:askForVotes(178)) - d3e03273-8c79-4c12-9358-0a8612c41dd7@group-03B580E33239-LeaderElection33: begin an election at term 26 for 0: [20f566ef-d50a-432c-acfc-b325de8c1be4:192.168.157.238:44964, d3e03273-8c79-4c12-9358-0a8612c41dd7:192.168.157.238:40960, 04d45094-7136-40c1-bdbb-fee737a34122:192.168.157.238:41949], old=null
2019-10-18 04:00:08,679 [grpc-default-executor-0] INFO  impl.RaftServerImpl (RaftServerImpl.java:setRole(184)) - 04d45094-7136-40c1-bdbb-fee737a34122@group-03B580E33239: changes role from  FOLLOWER to FOLLOWER at term 26 for recognizeCandidate:d3e03273-8c79-4c12-9358-0a8612c41dd7
2019-10-18 04:00:08,679 [grpc-default-executor-5] INFO  impl.RaftServerImpl (RaftServerImpl.java:setRole(184)) - 20f566ef-d50a-432c-acfc-b325de8c1be4@group-03B580E33239: changes role from  FOLLOWER to FOLLOWER at term 26 for recognizeCandidate:d3e03273-8c79-4c12-9358-0a8612c41dd7
2019-10-18 04:00:08,679 [grpc-default-executor-0] INFO  impl.RoleInfo (RoleInfo.java:shutdownFollowerState(121)) - 04d45094-7136-40c1-bdbb-fee737a34122: shutdown FollowerState
2019-10-18 04:00:08,679 [grpc-default-executor-5] INFO  impl.RoleInfo (RoleInfo.java:shutdownFollowerState(121)) - 20f566ef-d50a-432c-acfc-b325de8c1be4: shutdown FollowerState
2019-10-18 04:00:08,679 [grpc-default-executor-0] INFO  impl.RoleInfo (RoleInfo.java:updateAndGet(143)) - 04d45094-7136-40c1-bdbb-fee737a34122: start FollowerState
2019-10-18 04:00:08,679 [Thread-711] INFO  impl.FollowerState (FollowerState.java:run(117)) - 04d45094-7136-40c1-bdbb-fee737a34122@group-03B580E33239-FollowerState was interrupted: java.lang.InterruptedException: sleep interrupted
2019-10-18 04:00:08,680 [Thread-712] INFO  impl.FollowerState (FollowerState.java:run(117)) - 20f566ef-d50a-432c-acfc-b325de8c1be4@group-03B580E33239-FollowerState was interrupted: java.lang.InterruptedException: sleep interrupted
2019-10-18 04:00:08,680 [grpc-default-executor-5] INFO  impl.RoleInfo (RoleInfo.java:updateAndGet(143)) - 20f566ef-d50a-432c-acfc-b325de8c1be4: start FollowerState
2019-10-18 04:00:08,693 [Thread-723] INFO  client.GrpcClientProtocolService (GrpcClientProtocolService.java:lambda$processClientRequest$0(278)) - Failed RaftClientRequest:client-3EDA899B7DA2->20f566ef-d50a-432c-acfc-b325de8c1be4@group-03B580E33239, cid=10, seq=0, Watch-ALL_COMMITTED(6), Message:<EMPTY>, reply=RaftClientReply:client-3EDA899B7DA2->20f566ef-d50a-432c-acfc-b325de8c1be4@group-03B580E33239, cid=10, FAILED org.apache.ratis.protocol.NotLeaderException: Server 20f566ef-d50a-432c-acfc-b325de8c1be4@group-03B580E33239 is not the leader, logIndex=0, commits[20f566ef-d50a-432c-acfc-b325de8c1be4:c10, d3e03273-8c79-4c12-9358-0a8612c41dd7:c4, 04d45094-7136-40c1-bdbb-fee737a34122:c10]
2019-10-18 04:00:08,698 [d3e03273-8c79-4c12-9358-0a8612c41dd7@group-03B580E33239-LeaderElection33] INFO  impl.LeaderElection (LeaderElection.java:logAndReturn(56)) - d3e03273-8c79-4c12-9358-0a8612c41dd7@group-03B580E33239-LeaderElection33: Election REJECTED; received 2 response(s) [d3e03273-8c79-4c12-9358-0a8612c41dd7<-20f566ef-d50a-432c-acfc-b325de8c1be4#0:FAIL-t26, d3e03273-8c79-4c12-9358-0a8612c41dd7<-04d45094-7136-40c1-bdbb-fee737a34122#0:FAIL-t26] and 0 exception(s); d3e03273-8c79-4c12-9358-0a8612c41dd7@group-03B580E33239:t26, leader=null, voted=d3e03273-8c79-4c12-9358-0a8612c41dd7, raftlog=d3e03273-8c79-4c12-9358-0a8612c41dd7@group-03B580E33239-SegmentedRaftLog:OPENED:c3,f4,i4, conf=0: [20f566ef-d50a-432c-acfc-b325de8c1be4:192.168.157.238:44964, d3e03273-8c79-4c12-9358-0a8612c41dd7:192.168.157.238:40960, 04d45094-7136-40c1-bdbb-fee737a34122:192.168.157.238:41949], old=null
2019-10-18 04:00:08,700 [d3e03273-8c79-4c12-9358-0a8612c41dd7@group-03B580E33239-LeaderElection33] INFO  impl.RaftServerImpl (RaftServerImpl.java:setRole(184)) - d3e03273-8c79-4c12-9358-0a8612c41dd7@group-03B580E33239: changes role from CANDIDATE to FOLLOWER at term 26 for DISCOVERED_A_NEW_TERM
2019-10-18 04:00:08,700 [d3e03273-8c79-4c12-9358-0a8612c41dd7@group-03B580E33239-LeaderElection33] INFO  impl.RoleInfo (RoleInfo.java:shutdownLeaderElection(134)) - d3e03273-8c79-4c12-9358-0a8612c41dd7: shutdown LeaderElection
2019-10-18 04:00:08,700 [d3e03273-8c79-4c12-9358-0a8612c41dd7@group-03B580E33239-LeaderElection33] INFO  impl.RoleInfo (RoleInfo.java:updateAndGet(143)) - d3e03273-8c79-4c12-9358-0a8612c41dd7: start FollowerState
2019-10-18 04:00:08,862 [Thread-725] INFO  impl.FollowerState (FollowerState.java:run(108)) - d3e03273-8c79-4c12-9358-0a8612c41dd7@group-03B580E33239-FollowerState: change to CANDIDATE, lastRpcTime:161ms, electionTimeout:161ms
2019-10-18 04:00:08,864 [Thread-725] INFO  impl.RoleInfo (RoleInfo.java:shutdownFollowerState(121)) - d3e03273-8c79-4c12-9358-0a8612c41dd7: shutdown FollowerState
2019-10-18 04:00:08,864 [Thread-725] INFO  impl.RaftServerImpl (RaftServerImpl.java:setRole(184)) - d3e03273-8c79-4c12-9358-0a8612c41dd7@group-03B580E33239: changes role from  FOLLOWER to CANDIDATE at term 26 for changeToCandidate
2019-10-18 04:00:08,864 [Thread-725] INFO  impl.RoleInfo (RoleInfo.java:updateAndGet(143)) - d3e03273-8c79-4c12-9358-0a8612c41dd7: start LeaderElection
2019-10-18 04:00:08,878 [d3e03273-8c79-4c12-9358-0a8612c41dd7@group-03B580E33239-LeaderElection34] INFO  impl.LeaderElection (LeaderElection.java:askForVotes(178)) - d3e03273-8c79-4c12-9358-0a8612c41dd7@group-03B580E33239-LeaderElection34: begin an election at term 27 for 0: [20f566ef-d50a-432c-acfc-b325de8c1be4:192.168.157.238:44964, d3e03273-8c79-4c12-9358-0a8612c41dd7:192.168.157.238:40960, 04d45094-7136-40c1-bdbb-fee737a34122:192.168.157.238:41949], old=null
2019-10-18 04:00:08,881 [grpc-default-executor-0] INFO  impl.RaftServerImpl (RaftServerImpl.java:setRole(184)) - 04d45094-7136-40c1-bdbb-fee737a34122@group-03B580E33239: changes role from  FOLLOWER to FOLLOWER at term 27 for recognizeCandidate:d3e03273-8c79-4c12-9358-0a8612c41dd7
2019-10-18 04:00:08,881 [grpc-default-executor-3] INFO  impl.RaftServerImpl (RaftServerImpl.java:setRole(184)) - 20f566ef-d50a-432c-acfc-b325de8c1be4@group-03B580E33239: changes role from  FOLLOWER to FOLLOWER at term 27 for recognizeCandidate:d3e03273-8c79-4c12-9358-0a8612c41dd7
2019-10-18 04:00:08,881 [grpc-default-executor-0] INFO  impl.RoleInfo (RoleInfo.java:shutdownFollowerState(121)) - 04d45094-7136-40c1-bdbb-fee737a34122: shutdown FollowerState
2019-10-18 04:00:08,881 [grpc-default-executor-3] INFO  impl.RoleInfo (RoleInfo.java:shutdownFollowerState(121)) - 20f566ef-d50a-432c-acfc-b325de8c1be4: shutdown FollowerState
2019-10-18 04:00:08,881 [grpc-default-executor-0] INFO  impl.RoleInfo (RoleInfo.java:updateAndGet(143)) - 04d45094-7136-40c1-bdbb-fee737a34122: start FollowerState
2019-10-18 04:00:08,881 [Thread-720] INFO  impl.FollowerState (FollowerState.java:run(117)) - 04d45094-7136-40c1-bdbb-fee737a34122@group-03B580E33239-FollowerState was interrupted: java.lang.InterruptedException: sleep interrupted
2019-10-18 04:00:08,882 [grpc-default-executor-3] INFO  impl.RoleInfo (RoleInfo.java:updateAndGet(143)) - 20f566ef-d50a-432c-acfc-b325de8c1be4: start FollowerState
2019-10-18 04:00:08,881 [Thread-721] INFO  impl.FollowerState (FollowerState.java:run(117)) - 20f566ef-d50a-432c-acfc-b325de8c1be4@group-03B580E33239-FollowerState was interrupted: java.lang.InterruptedException: sleep interrupted
2019-10-18 04:00:08,909 [d3e03273-8c79-4c12-9358-0a8612c41dd7@group-03B580E33239-LeaderElection34] INFO  impl.LeaderElection (LeaderElection.java:logAndReturn(56)) - d3e03273-8c79-4c12-9358-0a8612c41dd7@group-03B580E33239-LeaderElection34: Election REJECTED; received 2 response(s) [d3e03273-8c79-4c12-9358-0a8612c41dd7<-20f566ef-d50a-432c-acfc-b325de8c1be4#0:FAIL-t27, d3e03273-8c79-4c12-9358-0a8612c41dd7<-04d45094-7136-40c1-bdbb-fee737a34122#0:FAIL-t27] and 0 exception(s); d3e03273-8c79-4c12-9358-0a8612c41dd7@group-03B580E33239:t27, leader=null, voted=d3e03273-8c79-4c12-9358-0a8612c41dd7, raftlog=d3e03273-8c79-4c12-9358-0a8612c41dd7@group-03B580E33239-SegmentedRaftLog:OPENED:c3,f4,i4, conf=0: [20f566ef-d50a-432c-acfc-b325de8c1be4:192.168.157.238:44964, d3e03273-8c79-4c12-9358-0a8612c41dd7:192.168.157.238:40960, 04d45094-7136-40c1-bdbb-fee737a34122:192.168.157.238:41949], old=null
2019-10-18 04:00:08,909 [d3e03273-8c79-4c12-9358-0a8612c41dd7@group-03B580E33239-LeaderElection34] INFO  impl.RaftServerImpl (RaftServerImpl.java:setRole(184)) - d3e03273-8c79-4c12-9358-0a8612c41dd7@group-03B580E33239: changes role from CANDIDATE to FOLLOWER at term 27 for DISCOVERED_A_NEW_TERM
2019-10-18 04:00:08,909 [d3e03273-8c79-4c12-9358-0a8612c41dd7@group-03B580E33239-LeaderElection34] INFO  impl.RoleInfo (RoleInfo.java:shutdownLeaderElection(134)) - d3e03273-8c79-4c12-9358-0a8612c41dd7: shutdown LeaderElection
2019-10-18 04:00:08,909 [d3e03273-8c79-4c12-9358-0a8612c41dd7@group-03B580E33239-LeaderElection34] INFO  impl.RoleInfo (RoleInfo.java:updateAndGet(143)) - d3e03273-8c79-4c12-9358-0a8612c41dd7: start FollowerState
2019-10-18 04:00:09,105 [Thread-731] INFO  impl.FollowerState (FollowerState.java:run(108)) - d3e03273-8c79-4c12-9358-0a8612c41dd7@group-03B580E33239-FollowerState: change to CANDIDATE, lastRpcTime:196ms, electionTimeout:196ms
2019-10-18 04:00:09,107 [Thread-731] INFO  impl.RoleInfo (RoleInfo.java:shutdownFollowerState(121)) - d3e03273-8c79-4c12-9358-0a8612c41dd7: shutdown FollowerState
2019-10-18 04:00:09,107 [Thread-731] INFO  impl.RaftServerImpl (RaftServerImpl.java:setRole(184)) - d3e03273-8c79-4c12-9358-0a8612c41dd7@group-03B580E33239: changes role from  FOLLOWER to CANDIDATE at term 27 for changeToCandidate
2019-10-18 04:00:09,108 [Thread-731] INFO  impl.RoleInfo (RoleInfo.java:updateAndGet(143)) - d3e03273-8c79-4c12-9358-0a8612c41dd7: start LeaderElection
2019-10-18 04:00:09,156 [d3e03273-8c79-4c12-9358-0a8612c41dd7@group-03B580E33239-LeaderElection35] INFO  impl.LeaderElection (LeaderElection.java:askForVotes(178)) - d3e03273-8c79-4c12-9358-0a8612c41dd7@group-03B580E33239-LeaderElection35: begin an election at term 28 for 0: [20f566ef-d50a-432c-acfc-b325de8c1be4:192.168.157.238:44964, d3e03273-8c79-4c12-9358-0a8612c41dd7:192.168.157.238:40960, 04d45094-7136-40c1-bdbb-fee737a34122:192.168.157.238:41949], old=null
2019-10-18 04:00:09,159 [grpc-default-executor-3] INFO  impl.RaftServerImpl (RaftServerImpl.java:setRole(184)) - 04d45094-7136-40c1-bdbb-fee737a34122@group-03B580E33239: changes role from  FOLLOWER to FOLLOWER at term 28 for recognizeCandidate:d3e03273-8c79-4c12-9358-0a8612c41dd7
2019-10-18 04:00:09,159 [grpc-default-executor-0] INFO  impl.RaftServerImpl (RaftServerImpl.java:setRole(184)) - 20f566ef-d50a-432c-acfc-b325de8c1be4@group-03B580E33239: changes role from  FOLLOWER to FOLLOWER at term 28 for recognizeCandidate:d3e03273-8c79-4c12-9358-0a8612c41dd7
2019-10-18 04:00:09,160 [grpc-default-executor-3] INFO  impl.RoleInfo (RoleInfo.java:shutdownFollowerState(121)) - 04d45094-7136-40c1-bdbb-fee737a34122: shutdown FollowerState
2019-10-18 04:00:09,160 [grpc-default-executor-0] INFO  impl.RoleInfo (RoleInfo.java:shutdownFollowerState(121)) - 20f566ef-d50a-432c-acfc-b325de8c1be4: shutdown FollowerState
2019-10-18 04:00:09,160 [grpc-default-executor-3] INFO  impl.RoleInfo (RoleInfo.java:updateAndGet(143)) - 04d45094-7136-40c1-bdbb-fee737a34122: start FollowerState
2019-10-18 04:00:09,160 [Thread-730] INFO  impl.FollowerState (FollowerState.java:run(117)) - 20f566ef-d50a-432c-acfc-b325de8c1be4@group-03B580E33239-FollowerState was interrupted: java.lang.InterruptedException: sleep interrupted
2019-10-18 04:00:09,160 [Thread-729] INFO  impl.FollowerState (FollowerState.java:run(117)) - 04d45094-7136-40c1-bdbb-fee737a34122@group-03B580E33239-FollowerState was interrupted: java.lang.InterruptedException: sleep interrupted
2019-10-18 04:00:09,160 [grpc-default-executor-0] INFO  impl.RoleInfo (RoleInfo.java:updateAndGet(143)) - 20f566ef-d50a-432c-acfc-b325de8c1be4: start FollowerState
2019-10-18 04:00:09,196 [d3e03273-8c79-4c12-9358-0a8612c41dd7@group-03B580E33239-LeaderElection35] INFO  impl.LeaderElection (LeaderElection.java:logAndReturn(56)) - d3e03273-8c79-4c12-9358-0a8612c41dd7@group-03B580E33239-LeaderElection35: Election REJECTED; received 2 response(s) [d3e03273-8c79-4c12-9358-0a8612c41dd7<-20f566ef-d50a-432c-acfc-b325de8c1be4#0:FAIL-t28, d3e03273-8c79-4c12-9358-0a8612c41dd7<-04d45094-7136-40c1-bdbb-fee737a34122#0:FAIL-t28] and 0 exception(s); d3e03273-8c79-4c12-9358-0a8612c41dd7@group-03B580E33239:t28, leader=null, voted=d3e03273-8c79-4c12-9358-0a8612c41dd7, raftlog=d3e03273-8c79-4c12-9358-0a8612c41dd7@group-03B580E33239-SegmentedRaftLog:OPENED:c3,f4,i4, conf=0: [20f566ef-d50a-432c-acfc-b325de8c1be4:192.168.157.238:44964, d3e03273-8c79-4c12-9358-0a8612c41dd7:192.168.157.238:40960, 04d45094-7136-40c1-bdbb-fee737a34122:192.168.157.238:41949], old=null
2019-10-18 04:00:09,196 [d3e03273-8c79-4c12-9358-0a8612c41dd7@group-03B580E33239-LeaderElection35] INFO  impl.RaftServerImpl (RaftServerImpl.java:setRole(184)) - d3e03273-8c79-4c12-9358-0a8612c41dd7@group-03B580E33239: changes role from CANDIDATE to FOLLOWER at term 28 for DISCOVERED_A_NEW_TERM
2019-10-18 04:00:09,196 [d3e03273-8c79-4c12-9358-0a8612c41dd7@group-03B580E33239-LeaderElection35] INFO  impl.RoleInfo (RoleInfo.java:shutdownLeaderElection(134)) - d3e03273-8c79-4c12-9358-0a8612c41dd7: shutdown LeaderElection
2019-10-18 04:00:09,196 [d3e03273-8c79-4c12-9358-0a8612c41dd7@group-03B580E33239-LeaderElection35] INFO  impl.RoleInfo (RoleInfo.java:updateAndGet(143)) - d3e03273-8c79-4c12-9358-0a8612c41dd7: start FollowerState
2019-10-18 04:00:09,351 [pool-7-thread-3] INFO  commands.RetriableDatanodeEventWatcher (RetriableDatanodeEventWatcher.java:onTimeout(47)) - RetriableDatanodeCommand type=deleteBlocksCommand with id=1571371203348 timed out. Retrying.
2019-10-18 04:00:09,353 [pool-7-thread-2] INFO  commands.RetriableDatanodeEventWatcher (RetriableDatanodeEventWatcher.java:onTimeout(47)) - RetriableDatanodeCommand type=deleteBlocksCommand with id=1571371203350 timed out. Retrying.
2019-10-18 04:00:09,353 [pool-7-thread-6] INFO  commands.RetriableDatanodeEventWatcher (RetriableDatanodeEventWatcher.java:onTimeout(47)) - RetriableDatanodeCommand type=deleteBlocksCommand with id=1571371203351 timed out. Retrying.
2019-10-18 04:00:09,354 [SCMBlockDeletingService#0] INFO  block.SCMBlockDeletingService (SCMBlockDeletingService.java:call(184)) - Totally added 1 delete blocks command for 1 datanodes, task elapsed time: 0ms
2019-10-18 04:00:09,354 [pool-7-thread-4] INFO  commands.RetriableDatanodeEventWatcher (RetriableDatanodeEventWatcher.java:onTimeout(47)) - RetriableDatanodeCommand type=deleteBlocksCommand with id=1571371203349 timed out. Retrying.
2019-10-18 04:00:09,354 [pool-7-thread-1] INFO  commands.RetriableDatanodeEventWatcher (RetriableDatanodeEventWatcher.java:onTimeout(47)) - RetriableDatanodeCommand type=deleteBlocksCommand with id=1571371203352 timed out. Retrying.
2019-10-18 04:00:09,354 [pool-7-thread-5] INFO  commands.RetriableDatanodeEventWatcher (RetriableDatanodeEventWatcher.java:onTimeout(47)) - RetriableDatanodeCommand type=deleteBlocksCommand with id=1571371203345 timed out. Retrying.
2019-10-18 04:00:09,357 [Thread-737] INFO  impl.FollowerState (FollowerState.java:run(108)) - d3e03273-8c79-4c12-9358-0a8612c41dd7@group-03B580E33239-FollowerState: change to CANDIDATE, lastRpcTime:160ms, electionTimeout:160ms
2019-10-18 04:00:09,357 [Thread-737] INFO  impl.RoleInfo (RoleInfo.java:shutdownFollowerState(121)) - d3e03273-8c79-4c12-9358-0a8612c41dd7: shutdown FollowerState
2019-10-18 04:00:09,357 [Thread-737] INFO  impl.RaftServerImpl (RaftServerImpl.java:setRole(184)) - d3e03273-8c79-4c12-9358-0a8612c41dd7@group-03B580E33239: changes role from  FOLLOWER to CANDIDATE at term 28 for changeToCandidate
2019-10-18 04:00:09,357 [Thread-737] INFO  impl.RoleInfo (RoleInfo.java:updateAndGet(143)) - d3e03273-8c79-4c12-9358-0a8612c41dd7: start LeaderElection
2019-10-18 04:00:09,371 [d3e03273-8c79-4c12-9358-0a8612c41dd7@group-03B580E33239-LeaderElection36] INFO  impl.LeaderElection (LeaderElection.java:askForVotes(178)) - d3e03273-8c79-4c12-9358-0a8612c41dd7@group-03B580E33239-LeaderElection36: begin an election at term 29 for 0: [20f566ef-d50a-432c-acfc-b325de8c1be4:192.168.157.238:44964, d3e03273-8c79-4c12-9358-0a8612c41dd7:192.168.157.238:40960, 04d45094-7136-40c1-bdbb-fee737a34122:192.168.157.238:41949], old=null
2019-10-18 04:00:09,374 [grpc-default-executor-0] INFO  impl.RaftServerImpl (RaftServerImpl.java:setRole(184)) - 04d45094-7136-40c1-bdbb-fee737a34122@group-03B580E33239: changes role from  FOLLOWER to FOLLOWER at term 29 for recognizeCandidate:d3e03273-8c79-4c12-9358-0a8612c41dd7
2019-10-18 04:00:09,374 [grpc-default-executor-3] INFO  impl.RaftServerImpl (RaftServerImpl.java:setRole(184)) - 20f566ef-d50a-432c-acfc-b325de8c1be4@group-03B580E33239: changes role from  FOLLOWER to FOLLOWER at term 29 for recognizeCandidate:d3e03273-8c79-4c12-9358-0a8612c41dd7
2019-10-18 04:00:09,375 [grpc-default-executor-0] INFO  impl.RoleInfo (RoleInfo.java:shutdownFollowerState(121)) - 04d45094-7136-40c1-bdbb-fee737a34122: shutdown FollowerState
2019-10-18 04:00:09,375 [grpc-default-executor-3] INFO  impl.RoleInfo (RoleInfo.java:shutdownFollowerState(121)) - 20f566ef-d50a-432c-acfc-b325de8c1be4: shutdown FollowerState
2019-10-18 04:00:09,375 [Thread-735] INFO  impl.FollowerState (FollowerState.java:run(117)) - 04d45094-7136-40c1-bdbb-fee737a34122@group-03B580E33239-FollowerState was interrupted: java.lang.InterruptedException: sleep interrupted
2019-10-18 04:00:09,375 [grpc-default-executor-0] INFO  impl.RoleInfo (RoleInfo.java:updateAndGet(143)) - 04d45094-7136-40c1-bdbb-fee737a34122: start FollowerState
2019-10-18 04:00:09,375 [Thread-736] INFO  impl.FollowerState (FollowerState.java:run(117)) - 20f566ef-d50a-432c-acfc-b325de8c1be4@group-03B580E33239-FollowerState was interrupted: java.lang.InterruptedException: sleep interrupted
2019-10-18 04:00:09,375 [grpc-default-executor-3] INFO  impl.RoleInfo (RoleInfo.java:updateAndGet(143)) - 20f566ef-d50a-432c-acfc-b325de8c1be4: start FollowerState
2019-10-18 04:00:09,392 [d3e03273-8c79-4c12-9358-0a8612c41dd7@group-03B580E33239-LeaderElection36] INFO  impl.LeaderElection (LeaderElection.java:logAndReturn(56)) - d3e03273-8c79-4c12-9358-0a8612c41dd7@group-03B580E33239-LeaderElection36: Election REJECTED; received 2 response(s) [d3e03273-8c79-4c12-9358-0a8612c41dd7<-20f566ef-d50a-432c-acfc-b325de8c1be4#0:FAIL-t29, d3e03273-8c79-4c12-9358-0a8612c41dd7<-04d45094-7136-40c1-bdbb-fee737a34122#0:FAIL-t29] and 0 exception(s); d3e03273-8c79-4c12-9358-0a8612c41dd7@group-03B580E33239:t29, leader=null, voted=d3e03273-8c79-4c12-9358-0a8612c41dd7, raftlog=d3e03273-8c79-4c12-9358-0a8612c41dd7@group-03B580E33239-SegmentedRaftLog:OPENED:c3,f4,i4, conf=0: [20f566ef-d50a-432c-acfc-b325de8c1be4:192.168.157.238:44964, d3e03273-8c79-4c12-9358-0a8612c41dd7:192.168.157.238:40960, 04d45094-7136-40c1-bdbb-fee737a34122:192.168.157.238:41949], old=null
2019-10-18 04:00:09,392 [d3e03273-8c79-4c12-9358-0a8612c41dd7@group-03B580E33239-LeaderElection36] INFO  impl.RaftServerImpl (RaftServerImpl.java:setRole(184)) - d3e03273-8c79-4c12-9358-0a8612c41dd7@group-03B580E33239: changes role from CANDIDATE to FOLLOWER at term 29 for DISCOVERED_A_NEW_TERM
2019-10-18 04:00:09,392 [d3e03273-8c79-4c12-9358-0a8612c41dd7@group-03B580E33239-LeaderElection36] INFO  impl.RoleInfo (RoleInfo.java:shutdownLeaderElection(134)) - d3e03273-8c79-4c12-9358-0a8612c41dd7: shutdown LeaderElection
2019-10-18 04:00:09,392 [d3e03273-8c79-4c12-9358-0a8612c41dd7@group-03B580E33239-LeaderElection36] INFO  impl.RoleInfo (RoleInfo.java:updateAndGet(143)) - d3e03273-8c79-4c12-9358-0a8612c41dd7: start FollowerState
2019-10-18 04:00:09,406 [Thread-743] INFO  impl.FollowerState (FollowerState.java:run(108)) - d3e03273-8c79-4c12-9358-0a8612c41dd7@group-03B580E33239-FollowerState: change to CANDIDATE, lastRpcTime:13ms, electionTimeout:13ms
2019-10-18 04:00:09,407 [Thread-743] INFO  impl.RoleInfo (RoleInfo.java:shutdownFollowerState(121)) - d3e03273-8c79-4c12-9358-0a8612c41dd7: shutdown FollowerState
2019-10-18 04:00:09,407 [Thread-743] INFO  impl.RaftServerImpl (RaftServerImpl.java:setRole(184)) - d3e03273-8c79-4c12-9358-0a8612c41dd7@group-03B580E33239: changes role from  FOLLOWER to CANDIDATE at term 29 for changeToCandidate
2019-10-18 04:00:09,407 [Thread-743] INFO  impl.RoleInfo (RoleInfo.java:updateAndGet(143)) - d3e03273-8c79-4c12-9358-0a8612c41dd7: start LeaderElection
2019-10-18 04:00:09,421 [d3e03273-8c79-4c12-9358-0a8612c41dd7@group-03B580E33239-LeaderElection37] INFO  impl.LeaderElection (LeaderElection.java:askForVotes(178)) - d3e03273-8c79-4c12-9358-0a8612c41dd7@group-03B580E33239-LeaderElection37: begin an election at term 30 for 0: [20f566ef-d50a-432c-acfc-b325de8c1be4:192.168.157.238:44964, d3e03273-8c79-4c12-9358-0a8612c41dd7:192.168.157.238:40960, 04d45094-7136-40c1-bdbb-fee737a34122:192.168.157.238:41949], old=null
2019-10-18 04:00:09,424 [grpc-default-executor-3] INFO  impl.RaftServerImpl (RaftServerImpl.java:setRole(184)) - 04d45094-7136-40c1-bdbb-fee737a34122@group-03B580E33239: changes role from  FOLLOWER to FOLLOWER at term 30 for recognizeCandidate:d3e03273-8c79-4c12-9358-0a8612c41dd7
2019-10-18 04:00:09,424 [grpc-default-executor-3] INFO  impl.RoleInfo (RoleInfo.java:shutdownFollowerState(121)) - 04d45094-7136-40c1-bdbb-fee737a34122: shutdown FollowerState
2019-10-18 04:00:09,424 [grpc-default-executor-3] INFO  impl.RoleInfo (RoleInfo.java:updateAndGet(143)) - 04d45094-7136-40c1-bdbb-fee737a34122: start FollowerState
2019-10-18 04:00:09,424 [grpc-default-executor-0] INFO  impl.RaftServerImpl (RaftServerImpl.java:setRole(184)) - 20f566ef-d50a-432c-acfc-b325de8c1be4@group-03B580E33239: changes role from  FOLLOWER to FOLLOWER at term 30 for recognizeCandidate:d3e03273-8c79-4c12-9358-0a8612c41dd7
2019-10-18 04:00:09,425 [grpc-default-executor-0] INFO  impl.RoleInfo (RoleInfo.java:shutdownFollowerState(121)) - 20f566ef-d50a-432c-acfc-b325de8c1be4: shutdown FollowerState
2019-10-18 04:00:09,424 [Thread-741] INFO  impl.FollowerState (FollowerState.java:run(117)) - 04d45094-7136-40c1-bdbb-fee737a34122@group-03B580E33239-FollowerState was interrupted: java.lang.InterruptedException: sleep interrupted
2019-10-18 04:00:09,425 [grpc-default-executor-0] INFO  impl.RoleInfo (RoleInfo.java:updateAndGet(143)) - 20f566ef-d50a-432c-acfc-b325de8c1be4: start FollowerState
2019-10-18 04:00:09,425 [Thread-742] INFO  impl.FollowerState (FollowerState.java:run(117)) - 20f566ef-d50a-432c-acfc-b325de8c1be4@group-03B580E33239-FollowerState was interrupted: java.lang.InterruptedException: sleep interrupted
2019-10-18 04:00:09,431 [d3e03273-8c79-4c12-9358-0a8612c41dd7@group-03B580E33239-LeaderElection37] INFO  impl.LeaderElection (LeaderElection.java:logAndReturn(56)) - d3e03273-8c79-4c12-9358-0a8612c41dd7@group-03B580E33239-LeaderElection37: Election TIMEOUT; received 0 response(s) [] and 0 exception(s); d3e03273-8c79-4c12-9358-0a8612c41dd7@group-03B580E33239:t30, leader=null, voted=d3e03273-8c79-4c12-9358-0a8612c41dd7, raftlog=d3e03273-8c79-4c12-9358-0a8612c41dd7@group-03B580E33239-SegmentedRaftLog:OPENED:c3,f4,i4, conf=0: [20f566ef-d50a-432c-acfc-b325de8c1be4:192.168.157.238:44964, d3e03273-8c79-4c12-9358-0a8612c41dd7:192.168.157.238:40960, 04d45094-7136-40c1-bdbb-fee737a34122:192.168.157.238:41949], old=null
2019-10-18 04:00:09,450 [d3e03273-8c79-4c12-9358-0a8612c41dd7@group-03B580E33239-LeaderElection37] INFO  impl.LeaderElection (LeaderElection.java:askForVotes(178)) - d3e03273-8c79-4c12-9358-0a8612c41dd7@group-03B580E33239-LeaderElection37: begin an election at term 31 for 0: [20f566ef-d50a-432c-acfc-b325de8c1be4:192.168.157.238:44964, d3e03273-8c79-4c12-9358-0a8612c41dd7:192.168.157.238:40960, 04d45094-7136-40c1-bdbb-fee737a34122:192.168.157.238:41949], old=null
2019-10-18 04:00:09,453 [grpc-default-executor-3] INFO  impl.RaftServerImpl (RaftServerImpl.java:setRole(184)) - 20f566ef-d50a-432c-acfc-b325de8c1be4@group-03B580E33239: changes role from  FOLLOWER to FOLLOWER at term 31 for recognizeCandidate:d3e03273-8c79-4c12-9358-0a8612c41dd7
2019-10-18 04:00:09,454 [grpc-default-executor-0] INFO  impl.RaftServerImpl (RaftServerImpl.java:setRole(184)) - 04d45094-7136-40c1-bdbb-fee737a34122@group-03B580E33239: changes role from  FOLLOWER to FOLLOWER at term 31 for recognizeCandidate:d3e03273-8c79-4c12-9358-0a8612c41dd7
2019-10-18 04:00:09,454 [grpc-default-executor-3] INFO  impl.RoleInfo (RoleInfo.java:shutdownFollowerState(121)) - 20f566ef-d50a-432c-acfc-b325de8c1be4: shutdown FollowerState
2019-10-18 04:00:09,454 [grpc-default-executor-0] INFO  impl.RoleInfo (RoleInfo.java:shutdownFollowerState(121)) - 04d45094-7136-40c1-bdbb-fee737a34122: shutdown FollowerState
2019-10-18 04:00:09,454 [grpc-default-executor-3] INFO  impl.RoleInfo (RoleInfo.java:updateAndGet(143)) - 20f566ef-d50a-432c-acfc-b325de8c1be4: start FollowerState
2019-10-18 04:00:09,454 [Thread-747] INFO  impl.FollowerState (FollowerState.java:run(117)) - 04d45094-7136-40c1-bdbb-fee737a34122@group-03B580E33239-FollowerState was interrupted: java.lang.InterruptedException: sleep interrupted
2019-10-18 04:00:09,454 [grpc-default-executor-0] INFO  impl.RoleInfo (RoleInfo.java:updateAndGet(143)) - 04d45094-7136-40c1-bdbb-fee737a34122: start FollowerState
2019-10-18 04:00:09,454 [Thread-748] INFO  impl.FollowerState (FollowerState.java:run(117)) - 20f566ef-d50a-432c-acfc-b325de8c1be4@group-03B580E33239-FollowerState was interrupted: java.lang.InterruptedException: sleep interrupted
2019-10-18 04:00:09,466 [d3e03273-8c79-4c12-9358-0a8612c41dd7@group-03B580E33239-LeaderElection37] INFO  impl.LeaderElection (LeaderElection.java:logAndReturn(56)) - d3e03273-8c79-4c12-9358-0a8612c41dd7@group-03B580E33239-LeaderElection37: Election REJECTED; received 2 response(s) [d3e03273-8c79-4c12-9358-0a8612c41dd7<-20f566ef-d50a-432c-acfc-b325de8c1be4#0:FAIL-t31, d3e03273-8c79-4c12-9358-0a8612c41dd7<-04d45094-7136-40c1-bdbb-fee737a34122#0:FAIL-t31] and 0 exception(s); d3e03273-8c79-4c12-9358-0a8612c41dd7@group-03B580E33239:t31, leader=null, voted=d3e03273-8c79-4c12-9358-0a8612c41dd7, raftlog=d3e03273-8c79-4c12-9358-0a8612c41dd7@group-03B580E33239-SegmentedRaftLog:OPENED:c3,f4,i4, conf=0: [20f566ef-d50a-432c-acfc-b325de8c1be4:192.168.157.238:44964, d3e03273-8c79-4c12-9358-0a8612c41dd7:192.168.157.238:40960, 04d45094-7136-40c1-bdbb-fee737a34122:192.168.157.238:41949], old=null
2019-10-18 04:00:09,466 [d3e03273-8c79-4c12-9358-0a8612c41dd7@group-03B580E33239-LeaderElection37] INFO  impl.RaftServerImpl (RaftServerImpl.java:setRole(184)) - d3e03273-8c79-4c12-9358-0a8612c41dd7@group-03B580E33239: changes role from CANDIDATE to FOLLOWER at term 31 for DISCOVERED_A_NEW_TERM
2019-10-18 04:00:09,466 [d3e03273-8c79-4c12-9358-0a8612c41dd7@group-03B580E33239-LeaderElection37] INFO  impl.RoleInfo (RoleInfo.java:shutdownLeaderElection(134)) - d3e03273-8c79-4c12-9358-0a8612c41dd7: shutdown LeaderElection
2019-10-18 04:00:09,466 [d3e03273-8c79-4c12-9358-0a8612c41dd7@group-03B580E33239-LeaderElection37] INFO  impl.RoleInfo (RoleInfo.java:updateAndGet(143)) - d3e03273-8c79-4c12-9358-0a8612c41dd7: start FollowerState
2019-10-18 04:00:09,533 [BlockDeletingService#2] WARN  background.BlockDeletingService (BlockDeletingService.java:isDeletionAllowed(187)) - Close Container log Index 6 is not replicated across allthe servers in the pipeline defa1269-bd0f-4f76-adbb-03b580e33239 as the min replicated index is 4. Deletion is not allowed in this container yet.
2019-10-18 04:00:09,534 [BlockDeletingService#2] WARN  background.BlockDeletingService (BlockDeletingService.java:isDeletionAllowed(187)) - Close Container log Index 6 is not replicated across allthe servers in the pipeline defa1269-bd0f-4f76-adbb-03b580e33239 as the min replicated index is 4. Deletion is not allowed in this container yet.
2019-10-18 04:00:09,577 [Thread-753] INFO  impl.FollowerState (FollowerState.java:run(108)) - d3e03273-8c79-4c12-9358-0a8612c41dd7@group-03B580E33239-FollowerState: change to CANDIDATE, lastRpcTime:110ms, electionTimeout:110ms
2019-10-18 04:00:09,577 [Thread-753] INFO  impl.RoleInfo (RoleInfo.java:shutdownFollowerState(121)) - d3e03273-8c79-4c12-9358-0a8612c41dd7: shutdown FollowerState
2019-10-18 04:00:09,577 [Thread-753] INFO  impl.RaftServerImpl (RaftServerImpl.java:setRole(184)) - d3e03273-8c79-4c12-9358-0a8612c41dd7@group-03B580E33239: changes role from  FOLLOWER to CANDIDATE at term 31 for changeToCandidate
2019-10-18 04:00:09,577 [Thread-753] INFO  impl.RoleInfo (RoleInfo.java:updateAndGet(143)) - d3e03273-8c79-4c12-9358-0a8612c41dd7: start LeaderElection
2019-10-18 04:00:09,590 [d3e03273-8c79-4c12-9358-0a8612c41dd7@group-03B580E33239-LeaderElection38] INFO  impl.LeaderElection (LeaderElection.java:askForVotes(178)) - d3e03273-8c79-4c12-9358-0a8612c41dd7@group-03B580E33239-LeaderElection38: begin an election at term 32 for 0: [20f566ef-d50a-432c-acfc-b325de8c1be4:192.168.157.238:44964, d3e03273-8c79-4c12-9358-0a8612c41dd7:192.168.157.238:40960, 04d45094-7136-40c1-bdbb-fee737a34122:192.168.157.238:41949], old=null
2019-10-18 04:00:09,593 [grpc-default-executor-3] INFO  impl.RaftServerImpl (RaftServerImpl.java:setRole(184)) - 04d45094-7136-40c1-bdbb-fee737a34122@group-03B580E33239: changes role from  FOLLOWER to FOLLOWER at term 32 for recognizeCandidate:d3e03273-8c79-4c12-9358-0a8612c41dd7
2019-10-18 04:00:09,593 [grpc-default-executor-0] INFO  impl.RaftServerImpl (RaftServerImpl.java:setRole(184)) - 20f566ef-d50a-432c-acfc-b325de8c1be4@group-03B580E33239: changes role from  FOLLOWER to FOLLOWER at term 32 for recognizeCandidate:d3e03273-8c79-4c12-9358-0a8612c41dd7
2019-10-18 04:00:09,593 [grpc-default-executor-3] INFO  impl.RoleInfo (RoleInfo.java:shutdownFollowerState(121)) - 04d45094-7136-40c1-bdbb-fee737a34122: shutdown FollowerState
2019-10-18 04:00:09,594 [grpc-default-executor-0] INFO  impl.RoleInfo (RoleInfo.java:shutdownFollowerState(121)) - 20f566ef-d50a-432c-acfc-b325de8c1be4: shutdown FollowerState
2019-10-18 04:00:09,594 [Thread-752] INFO  impl.FollowerState (FollowerState.java:run(117)) - 04d45094-7136-40c1-bdbb-fee737a34122@group-03B580E33239-FollowerState was interrupted: java.lang.InterruptedException: sleep interrupted
2019-10-18 04:00:09,594 [grpc-default-executor-3] INFO  impl.RoleInfo (RoleInfo.java:updateAndGet(143)) - 04d45094-7136-40c1-bdbb-fee737a34122: start FollowerState
2019-10-18 04:00:09,594 [Thread-751] INFO  impl.FollowerState (FollowerState.java:run(117)) - 20f566ef-d50a-432c-acfc-b325de8c1be4@group-03B580E33239-FollowerState was interrupted: java.lang.InterruptedException: sleep interrupted
2019-10-18 04:00:09,594 [grpc-default-executor-0] INFO  impl.RoleInfo (RoleInfo.java:updateAndGet(143)) - 20f566ef-d50a-432c-acfc-b325de8c1be4: start FollowerState
2019-10-18 04:00:09,625 [d3e03273-8c79-4c12-9358-0a8612c41dd7@group-03B580E33239-LeaderElection38] INFO  impl.LeaderElection (LeaderElection.java:logAndReturn(56)) - d3e03273-8c79-4c12-9358-0a8612c41dd7@group-03B580E33239-LeaderElection38: Election REJECTED; received 2 response(s) [d3e03273-8c79-4c12-9358-0a8612c41dd7<-20f566ef-d50a-432c-acfc-b325de8c1be4#0:FAIL-t32, d3e03273-8c79-4c12-9358-0a8612c41dd7<-04d45094-7136-40c1-bdbb-fee737a34122#0:FAIL-t32] and 0 exception(s); d3e03273-8c79-4c12-9358-0a8612c41dd7@group-03B580E33239:t32, leader=null, voted=d3e03273-8c79-4c12-9358-0a8612c41dd7, raftlog=d3e03273-8c79-4c12-9358-0a8612c41dd7@group-03B580E33239-SegmentedRaftLog:OPENED:c3,f4,i4, conf=0: [20f566ef-d50a-432c-acfc-b325de8c1be4:192.168.157.238:44964, d3e03273-8c79-4c12-9358-0a8612c41dd7:192.168.157.238:40960, 04d45094-7136-40c1-bdbb-fee737a34122:192.168.157.238:41949], old=null
2019-10-18 04:00:09,625 [d3e03273-8c79-4c12-9358-0a8612c41dd7@group-03B580E33239-LeaderElection38] INFO  impl.RaftServerImpl (RaftServerImpl.java:setRole(184)) - d3e03273-8c79-4c12-9358-0a8612c41dd7@group-03B580E33239: changes role from CANDIDATE to FOLLOWER at term 32 for DISCOVERED_A_NEW_TERM
2019-10-18 04:00:09,625 [d3e03273-8c79-4c12-9358-0a8612c41dd7@group-03B580E33239-LeaderElection38] INFO  impl.RoleInfo (RoleInfo.java:shutdownLeaderElection(134)) - d3e03273-8c79-4c12-9358-0a8612c41dd7: shutdown LeaderElection
2019-10-18 04:00:09,625 [d3e03273-8c79-4c12-9358-0a8612c41dd7@group-03B580E33239-LeaderElection38] INFO  impl.RoleInfo (RoleInfo.java:updateAndGet(143)) - d3e03273-8c79-4c12-9358-0a8612c41dd7: start FollowerState
2019-10-18 04:00:09,682 [Thread-762] INFO  impl.FollowerState (FollowerState.java:run(108)) - d3e03273-8c79-4c12-9358-0a8612c41dd7@group-03B580E33239-FollowerState: change to CANDIDATE, lastRpcTime:56ms, electionTimeout:56ms
2019-10-18 04:00:09,683 [Thread-762] INFO  impl.RoleInfo (RoleInfo.java:shutdownFollowerState(121)) - d3e03273-8c79-4c12-9358-0a8612c41dd7: shutdown FollowerState
2019-10-18 04:00:09,684 [Thread-762] INFO  impl.RaftServerImpl (RaftServerImpl.java:setRole(184)) - d3e03273-8c79-4c12-9358-0a8612c41dd7@group-03B580E33239: changes role from  FOLLOWER to CANDIDATE at term 32 for changeToCandidate
2019-10-18 04:00:09,684 [Thread-762] INFO  impl.RoleInfo (RoleInfo.java:updateAndGet(143)) - d3e03273-8c79-4c12-9358-0a8612c41dd7: start LeaderElection
2019-10-18 04:00:09,698 [d3e03273-8c79-4c12-9358-0a8612c41dd7@group-03B580E33239-LeaderElection39] INFO  impl.LeaderElection (LeaderElection.java:askForVotes(178)) - d3e03273-8c79-4c12-9358-0a8612c41dd7@group-03B580E33239-LeaderElection39: begin an election at term 33 for 0: [20f566ef-d50a-432c-acfc-b325de8c1be4:192.168.157.238:44964, d3e03273-8c79-4c12-9358-0a8612c41dd7:192.168.157.238:40960, 04d45094-7136-40c1-bdbb-fee737a34122:192.168.157.238:41949], old=null
2019-10-18 04:00:09,701 [grpc-default-executor-0] INFO  impl.RaftServerImpl (RaftServerImpl.java:setRole(184)) - 20f566ef-d50a-432c-acfc-b325de8c1be4@group-03B580E33239: changes role from  FOLLOWER to FOLLOWER at term 33 for recognizeCandidate:d3e03273-8c79-4c12-9358-0a8612c41dd7
2019-10-18 04:00:09,701 [grpc-default-executor-3] INFO  impl.RaftServerImpl (RaftServerImpl.java:setRole(184)) - 04d45094-7136-40c1-bdbb-fee737a34122@group-03B580E33239: changes role from  FOLLOWER to FOLLOWER at term 33 for recognizeCandidate:d3e03273-8c79-4c12-9358-0a8612c41dd7
2019-10-18 04:00:09,701 [grpc-default-executor-0] INFO  impl.RoleInfo (RoleInfo.java:shutdownFollowerState(121)) - 20f566ef-d50a-432c-acfc-b325de8c1be4: shutdown FollowerState
2019-10-18 04:00:09,702 [grpc-default-executor-3] INFO  impl.RoleInfo (RoleInfo.java:shutdownFollowerState(121)) - 04d45094-7136-40c1-bdbb-fee737a34122: shutdown FollowerState
2019-10-18 04:00:09,702 [Thread-760] INFO  impl.FollowerState (FollowerState.java:run(117)) - 20f566ef-d50a-432c-acfc-b325de8c1be4@group-03B580E33239-FollowerState was interrupted: java.lang.InterruptedException: sleep interrupted
2019-10-18 04:00:09,702 [grpc-default-executor-0] INFO  impl.RoleInfo (RoleInfo.java:updateAndGet(143)) - 20f566ef-d50a-432c-acfc-b325de8c1be4: start FollowerState
2019-10-18 04:00:09,702 [Thread-759] INFO  impl.FollowerState (FollowerState.java:run(117)) - 04d45094-7136-40c1-bdbb-fee737a34122@group-03B580E33239-FollowerState was interrupted: java.lang.InterruptedException: sleep interrupted
2019-10-18 04:00:09,702 [grpc-default-executor-3] INFO  impl.RoleInfo (RoleInfo.java:updateAndGet(143)) - 04d45094-7136-40c1-bdbb-fee737a34122: start FollowerState
2019-10-18 04:00:09,712 [Thread-769] INFO  client.GrpcClientProtocolService (GrpcClientProtocolService.java:lambda$processClientRequest$0(278)) - Failed RaftClientRequest:client-3EDA899B7DA2->04d45094-7136-40c1-bdbb-fee737a34122@group-03B580E33239, cid=10, seq=0, Watch-ALL_COMMITTED(6), Message:<EMPTY>, reply=RaftClientReply:client-3EDA899B7DA2->04d45094-7136-40c1-bdbb-fee737a34122@group-03B580E33239, cid=10, FAILED org.apache.ratis.protocol.NotLeaderException: Server 04d45094-7136-40c1-bdbb-fee737a34122@group-03B580E33239 is not the leader, logIndex=0, commits[04d45094-7136-40c1-bdbb-fee737a34122:c10, 20f566ef-d50a-432c-acfc-b325de8c1be4:c10, d3e03273-8c79-4c12-9358-0a8612c41dd7:c4]
2019-10-18 04:00:09,722 [d3e03273-8c79-4c12-9358-0a8612c41dd7@group-03B580E33239-LeaderElection39] INFO  impl.LeaderElection (LeaderElection.java:logAndReturn(56)) - d3e03273-8c79-4c12-9358-0a8612c41dd7@group-03B580E33239-LeaderElection39: Election REJECTED; received 2 response(s) [d3e03273-8c79-4c12-9358-0a8612c41dd7<-20f566ef-d50a-432c-acfc-b325de8c1be4#0:FAIL-t33, d3e03273-8c79-4c12-9358-0a8612c41dd7<-04d45094-7136-40c1-bdbb-fee737a34122#0:FAIL-t33] and 0 exception(s); d3e03273-8c79-4c12-9358-0a8612c41dd7@group-03B580E33239:t33, leader=null, voted=d3e03273-8c79-4c12-9358-0a8612c41dd7, raftlog=d3e03273-8c79-4c12-9358-0a8612c41dd7@group-03B580E33239-SegmentedRaftLog:OPENED:c3,f4,i4, conf=0: [20f566ef-d50a-432c-acfc-b325de8c1be4:192.168.157.238:44964, d3e03273-8c79-4c12-9358-0a8612c41dd7:192.168.157.238:40960, 04d45094-7136-40c1-bdbb-fee737a34122:192.168.157.238:41949], old=null
2019-10-18 04:00:09,723 [d3e03273-8c79-4c12-9358-0a8612c41dd7@group-03B580E33239-LeaderElection39] INFO  impl.RaftServerImpl (RaftServerImpl.java:setRole(184)) - d3e03273-8c79-4c12-9358-0a8612c41dd7@group-03B580E33239: changes role from CANDIDATE to FOLLOWER at term 33 for DISCOVERED_A_NEW_TERM
2019-10-18 04:00:09,723 [d3e03273-8c79-4c12-9358-0a8612c41dd7@group-03B580E33239-LeaderElection39] INFO  impl.RoleInfo (RoleInfo.java:shutdownLeaderElection(134)) - d3e03273-8c79-4c12-9358-0a8612c41dd7: shutdown LeaderElection
2019-10-18 04:00:09,723 [d3e03273-8c79-4c12-9358-0a8612c41dd7@group-03B580E33239-LeaderElection39] INFO  impl.RoleInfo (RoleInfo.java:updateAndGet(143)) - d3e03273-8c79-4c12-9358-0a8612c41dd7: start FollowerState
2019-10-18 04:00:09,909 [Thread-771] INFO  impl.FollowerState (FollowerState.java:run(108)) - d3e03273-8c79-4c12-9358-0a8612c41dd7@group-03B580E33239-FollowerState: change to CANDIDATE, lastRpcTime:185ms, electionTimeout:185ms
2019-10-18 04:00:09,910 [Thread-771] INFO  impl.RoleInfo (RoleInfo.java:shutdownFollowerState(121)) - d3e03273-8c79-4c12-9358-0a8612c41dd7: shutdown FollowerState
2019-10-18 04:00:09,910 [Thread-771] INFO  impl.RaftServerImpl (RaftServerImpl.java:setRole(184)) - d3e03273-8c79-4c12-9358-0a8612c41dd7@group-03B580E33239: changes role from  FOLLOWER to CANDIDATE at term 33 for changeToCandidate
2019-10-18 04:00:09,910 [Thread-771] INFO  impl.RoleInfo (RoleInfo.java:updateAndGet(143)) - d3e03273-8c79-4c12-9358-0a8612c41dd7: start LeaderElection
2019-10-18 04:00:09,936 [d3e03273-8c79-4c12-9358-0a8612c41dd7@group-03B580E33239-LeaderElection40] INFO  impl.LeaderElection (LeaderElection.java:askForVotes(178)) - d3e03273-8c79-4c12-9358-0a8612c41dd7@group-03B580E33239-LeaderElection40: begin an election at term 34 for 0: [20f566ef-d50a-432c-acfc-b325de8c1be4:192.168.157.238:44964, d3e03273-8c79-4c12-9358-0a8612c41dd7:192.168.157.238:40960, 04d45094-7136-40c1-bdbb-fee737a34122:192.168.157.238:41949], old=null
2019-10-18 04:00:09,940 [grpc-default-executor-3] INFO  impl.RaftServerImpl (RaftServerImpl.java:setRole(184)) - 04d45094-7136-40c1-bdbb-fee737a34122@group-03B580E33239: changes role from  FOLLOWER to FOLLOWER at term 34 for recognizeCandidate:d3e03273-8c79-4c12-9358-0a8612c41dd7
2019-10-18 04:00:09,940 [grpc-default-executor-0] INFO  impl.RaftServerImpl (RaftServerImpl.java:setRole(184)) - 20f566ef-d50a-432c-acfc-b325de8c1be4@group-03B580E33239: changes role from  FOLLOWER to FOLLOWER at term 34 for recognizeCandidate:d3e03273-8c79-4c12-9358-0a8612c41dd7
2019-10-18 04:00:09,940 [grpc-default-executor-3] INFO  impl.RoleInfo (RoleInfo.java:shutdownFollowerState(121)) - 04d45094-7136-40c1-bdbb-fee737a34122: shutdown FollowerState
2019-10-18 04:00:09,940 [grpc-default-executor-0] INFO  impl.RoleInfo (RoleInfo.java:shutdownFollowerState(121)) - 20f566ef-d50a-432c-acfc-b325de8c1be4: shutdown FollowerState
2019-10-18 04:00:09,940 [Thread-767] INFO  impl.FollowerState (FollowerState.java:run(117)) - 04d45094-7136-40c1-bdbb-fee737a34122@group-03B580E33239-FollowerState was interrupted: java.lang.InterruptedException: sleep interrupted
2019-10-18 04:00:09,940 [grpc-default-executor-3] INFO  impl.RoleInfo (RoleInfo.java:updateAndGet(143)) - 04d45094-7136-40c1-bdbb-fee737a34122: start FollowerState
2019-10-18 04:00:09,940 [Thread-766] INFO  impl.FollowerState (FollowerState.java:run(117)) - 20f566ef-d50a-432c-acfc-b325de8c1be4@group-03B580E33239-FollowerState was interrupted: java.lang.InterruptedException: sleep interrupted
2019-10-18 04:00:09,940 [grpc-default-executor-0] INFO  impl.RoleInfo (RoleInfo.java:updateAndGet(143)) - 20f566ef-d50a-432c-acfc-b325de8c1be4: start FollowerState
2019-10-18 04:00:09,955 [d3e03273-8c79-4c12-9358-0a8612c41dd7@group-03B580E33239-LeaderElection40] INFO  impl.LeaderElection (LeaderElection.java:logAndReturn(56)) - d3e03273-8c79-4c12-9358-0a8612c41dd7@group-03B580E33239-LeaderElection40: Election REJECTED; received 2 response(s) [d3e03273-8c79-4c12-9358-0a8612c41dd7<-20f566ef-d50a-432c-acfc-b325de8c1be4#0:FAIL-t34, d3e03273-8c79-4c12-9358-0a8612c41dd7<-04d45094-7136-40c1-bdbb-fee737a34122#0:FAIL-t34] and 0 exception(s); d3e03273-8c79-4c12-9358-0a8612c41dd7@group-03B580E33239:t34, leader=null, voted=d3e03273-8c79-4c12-9358-0a8612c41dd7, raftlog=d3e03273-8c79-4c12-9358-0a8612c41dd7@group-03B580E33239-SegmentedRaftLog:OPENED:c3,f4,i4, conf=0: [20f566ef-d50a-432c-acfc-b325de8c1be4:192.168.157.238:44964, d3e03273-8c79-4c12-9358-0a8612c41dd7:192.168.157.238:40960, 04d45094-7136-40c1-bdbb-fee737a34122:192.168.157.238:41949], old=null
2019-10-18 04:00:09,955 [d3e03273-8c79-4c12-9358-0a8612c41dd7@group-03B580E33239-LeaderElection40] INFO  impl.RaftServerImpl (RaftServerImpl.java:setRole(184)) - d3e03273-8c79-4c12-9358-0a8612c41dd7@group-03B580E33239: changes role from CANDIDATE to FOLLOWER at term 34 for DISCOVERED_A_NEW_TERM
2019-10-18 04:00:09,956 [d3e03273-8c79-4c12-9358-0a8612c41dd7@group-03B580E33239-LeaderElection40] INFO  impl.RoleInfo (RoleInfo.java:shutdownLeaderElection(134)) - d3e03273-8c79-4c12-9358-0a8612c41dd7: shutdown LeaderElection
2019-10-18 04:00:09,956 [d3e03273-8c79-4c12-9358-0a8612c41dd7@group-03B580E33239-LeaderElection40] INFO  impl.RoleInfo (RoleInfo.java:updateAndGet(143)) - d3e03273-8c79-4c12-9358-0a8612c41dd7: start FollowerState
2019-10-18 04:00:10,052 [Thread-777] INFO  impl.FollowerState (FollowerState.java:run(108)) - d3e03273-8c79-4c12-9358-0a8612c41dd7@group-03B580E33239-FollowerState: change to CANDIDATE, lastRpcTime:96ms, electionTimeout:96ms
2019-10-18 04:00:10,057 [Thread-777] INFO  impl.RoleInfo (RoleInfo.java:shutdownFollowerState(121)) - d3e03273-8c79-4c12-9358-0a8612c41dd7: shutdown FollowerState
2019-10-18 04:00:10,057 [Thread-777] INFO  impl.RaftServerImpl (RaftServerImpl.java:setRole(184)) - d3e03273-8c79-4c12-9358-0a8612c41dd7@group-03B580E33239: changes role from  FOLLOWER to CANDIDATE at term 34 for changeToCandidate
2019-10-18 04:00:10,057 [Thread-777] INFO  impl.RoleInfo (RoleInfo.java:updateAndGet(143)) - d3e03273-8c79-4c12-9358-0a8612c41dd7: start LeaderElection
2019-10-18 04:00:10,071 [d3e03273-8c79-4c12-9358-0a8612c41dd7@group-03B580E33239-LeaderElection41] INFO  impl.LeaderElection (LeaderElection.java:askForVotes(178)) - d3e03273-8c79-4c12-9358-0a8612c41dd7@group-03B580E33239-LeaderElection41: begin an election at term 35 for 0: [20f566ef-d50a-432c-acfc-b325de8c1be4:192.168.157.238:44964, d3e03273-8c79-4c12-9358-0a8612c41dd7:192.168.157.238:40960, 04d45094-7136-40c1-bdbb-fee737a34122:192.168.157.238:41949], old=null
2019-10-18 04:00:10,074 [grpc-default-executor-3] INFO  impl.RaftServerImpl (RaftServerImpl.java:setRole(184)) - 04d45094-7136-40c1-bdbb-fee737a34122@group-03B580E33239: changes role from  FOLLOWER to FOLLOWER at term 35 for recognizeCandidate:d3e03273-8c79-4c12-9358-0a8612c41dd7
2019-10-18 04:00:10,074 [grpc-default-executor-3] INFO  impl.RoleInfo (RoleInfo.java:shutdownFollowerState(121)) - 04d45094-7136-40c1-bdbb-fee737a34122: shutdown FollowerState
2019-10-18 04:00:10,074 [grpc-default-executor-3] INFO  impl.RoleInfo (RoleInfo.java:updateAndGet(143)) - 04d45094-7136-40c1-bdbb-fee737a34122: start FollowerState
2019-10-18 04:00:10,074 [Thread-775] INFO  impl.FollowerState (FollowerState.java:run(117)) - 04d45094-7136-40c1-bdbb-fee737a34122@group-03B580E33239-FollowerState was interrupted: java.lang.InterruptedException: sleep interrupted
2019-10-18 04:00:10,074 [grpc-default-executor-0] INFO  impl.RaftServerImpl (RaftServerImpl.java:setRole(184)) - 20f566ef-d50a-432c-acfc-b325de8c1be4@group-03B580E33239: changes role from  FOLLOWER to FOLLOWER at term 35 for recognizeCandidate:d3e03273-8c79-4c12-9358-0a8612c41dd7
2019-10-18 04:00:10,075 [grpc-default-executor-0] INFO  impl.RoleInfo (RoleInfo.java:shutdownFollowerState(121)) - 20f566ef-d50a-432c-acfc-b325de8c1be4: shutdown FollowerState
2019-10-18 04:00:10,075 [grpc-default-executor-0] INFO  impl.RoleInfo (RoleInfo.java:updateAndGet(143)) - 20f566ef-d50a-432c-acfc-b325de8c1be4: start FollowerState
2019-10-18 04:00:10,075 [Thread-776] INFO  impl.FollowerState (FollowerState.java:run(117)) - 20f566ef-d50a-432c-acfc-b325de8c1be4@group-03B580E33239-FollowerState was interrupted: java.lang.InterruptedException: sleep interrupted
2019-10-18 04:00:10,089 [d3e03273-8c79-4c12-9358-0a8612c41dd7@group-03B580E33239-LeaderElection41] INFO  impl.LeaderElection (LeaderElection.java:logAndReturn(56)) - d3e03273-8c79-4c12-9358-0a8612c41dd7@group-03B580E33239-LeaderElection41: Election REJECTED; received 2 response(s) [d3e03273-8c79-4c12-9358-0a8612c41dd7<-20f566ef-d50a-432c-acfc-b325de8c1be4#0:FAIL-t35, d3e03273-8c79-4c12-9358-0a8612c41dd7<-04d45094-7136-40c1-bdbb-fee737a34122#0:FAIL-t35] and 0 exception(s); d3e03273-8c79-4c12-9358-0a8612c41dd7@group-03B580E33239:t35, leader=null, voted=d3e03273-8c79-4c12-9358-0a8612c41dd7, raftlog=d3e03273-8c79-4c12-9358-0a8612c41dd7@group-03B580E33239-SegmentedRaftLog:OPENED:c3,f4,i4, conf=0: [20f566ef-d50a-432c-acfc-b325de8c1be4:192.168.157.238:44964, d3e03273-8c79-4c12-9358-0a8612c41dd7:192.168.157.238:40960, 04d45094-7136-40c1-bdbb-fee737a34122:192.168.157.238:41949], old=null
2019-10-18 04:00:10,090 [d3e03273-8c79-4c12-9358-0a8612c41dd7@group-03B580E33239-LeaderElection41] INFO  impl.RaftServerImpl (RaftServerImpl.java:setRole(184)) - d3e03273-8c79-4c12-9358-0a8612c41dd7@group-03B580E33239: changes role from CANDIDATE to FOLLOWER at term 35 for DISCOVERED_A_NEW_TERM
2019-10-18 04:00:10,090 [d3e03273-8c79-4c12-9358-0a8612c41dd7@group-03B580E33239-LeaderElection41] INFO  impl.RoleInfo (RoleInfo.java:shutdownLeaderElection(134)) - d3e03273-8c79-4c12-9358-0a8612c41dd7: shutdown LeaderElection
2019-10-18 04:00:10,090 [d3e03273-8c79-4c12-9358-0a8612c41dd7@group-03B580E33239-LeaderElection41] INFO  impl.RoleInfo (RoleInfo.java:updateAndGet(143)) - d3e03273-8c79-4c12-9358-0a8612c41dd7: start FollowerState
2019-10-18 04:00:10,260 [Thread-783] INFO  impl.FollowerState (FollowerState.java:run(108)) - d3e03273-8c79-4c12-9358-0a8612c41dd7@group-03B580E33239-FollowerState: change to CANDIDATE, lastRpcTime:170ms, electionTimeout:170ms
2019-10-18 04:00:10,260 [Thread-783] INFO  impl.RoleInfo (RoleInfo.java:shutdownFollowerState(121)) - d3e03273-8c79-4c12-9358-0a8612c41dd7: shutdown FollowerState
2019-10-18 04:00:10,261 [Thread-783] INFO  impl.RaftServerImpl (RaftServerImpl.java:setRole(184)) - d3e03273-8c79-4c12-9358-0a8612c41dd7@group-03B580E33239: changes role from  FOLLOWER to CANDIDATE at term 35 for changeToCandidate
2019-10-18 04:00:10,261 [Thread-783] INFO  impl.RoleInfo (RoleInfo.java:updateAndGet(143)) - d3e03273-8c79-4c12-9358-0a8612c41dd7: start LeaderElection
2019-10-18 04:00:10,275 [d3e03273-8c79-4c12-9358-0a8612c41dd7@group-03B580E33239-LeaderElection42] INFO  impl.LeaderElection (LeaderElection.java:askForVotes(178)) - d3e03273-8c79-4c12-9358-0a8612c41dd7@group-03B580E33239-LeaderElection42: begin an election at term 36 for 0: [20f566ef-d50a-432c-acfc-b325de8c1be4:192.168.157.238:44964, d3e03273-8c79-4c12-9358-0a8612c41dd7:192.168.157.238:40960, 04d45094-7136-40c1-bdbb-fee737a34122:192.168.157.238:41949], old=null
2019-10-18 04:00:10,278 [grpc-default-executor-3] INFO  impl.RaftServerImpl (RaftServerImpl.java:setRole(184)) - 04d45094-7136-40c1-bdbb-fee737a34122@group-03B580E33239: changes role from  FOLLOWER to FOLLOWER at term 36 for recognizeCandidate:d3e03273-8c79-4c12-9358-0a8612c41dd7
2019-10-18 04:00:10,278 [grpc-default-executor-0] INFO  impl.RaftServerImpl (RaftServerImpl.java:setRole(184)) - 20f566ef-d50a-432c-acfc-b325de8c1be4@group-03B580E33239: changes role from  FOLLOWER to FOLLOWER at term 36 for recognizeCandidate:d3e03273-8c79-4c12-9358-0a8612c41dd7
2019-10-18 04:00:10,278 [grpc-default-executor-3] INFO  impl.RoleInfo (RoleInfo.java:shutdownFollowerState(121)) - 04d45094-7136-40c1-bdbb-fee737a34122: shutdown FollowerState
2019-10-18 04:00:10,279 [grpc-default-executor-0] INFO  impl.RoleInfo (RoleInfo.java:shutdownFollowerState(121)) - 20f566ef-d50a-432c-acfc-b325de8c1be4: shutdown FollowerState
2019-10-18 04:00:10,279 [Thread-781] INFO  impl.FollowerState (FollowerState.java:run(117)) - 04d45094-7136-40c1-bdbb-fee737a34122@group-03B580E33239-FollowerState was interrupted: java.lang.InterruptedException: sleep interrupted
2019-10-18 04:00:10,279 [grpc-default-executor-3] INFO  impl.RoleInfo (RoleInfo.java:updateAndGet(143)) - 04d45094-7136-40c1-bdbb-fee737a34122: start FollowerState
2019-10-18 04:00:10,279 [Thread-782] INFO  impl.FollowerState (FollowerState.java:run(117)) - 20f566ef-d50a-432c-acfc-b325de8c1be4@group-03B580E33239-FollowerState was interrupted: java.lang.InterruptedException: sleep interrupted
2019-10-18 04:00:10,279 [grpc-default-executor-0] INFO  impl.RoleInfo (RoleInfo.java:updateAndGet(143)) - 20f566ef-d50a-432c-acfc-b325de8c1be4: start FollowerState
2019-10-18 04:00:10,294 [d3e03273-8c79-4c12-9358-0a8612c41dd7@group-03B580E33239-LeaderElection42] INFO  impl.LeaderElection (LeaderElection.java:logAndReturn(56)) - d3e03273-8c79-4c12-9358-0a8612c41dd7@group-03B580E33239-LeaderElection42: Election REJECTED; received 2 response(s) [d3e03273-8c79-4c12-9358-0a8612c41dd7<-20f566ef-d50a-432c-acfc-b325de8c1be4#0:FAIL-t36, d3e03273-8c79-4c12-9358-0a8612c41dd7<-04d45094-7136-40c1-bdbb-fee737a34122#0:FAIL-t36] and 0 exception(s); d3e03273-8c79-4c12-9358-0a8612c41dd7@group-03B580E33239:t36, leader=null, voted=d3e03273-8c79-4c12-9358-0a8612c41dd7, raftlog=d3e03273-8c79-4c12-9358-0a8612c41dd7@group-03B580E33239-SegmentedRaftLog:OPENED:c3,f4,i4, conf=0: [20f566ef-d50a-432c-acfc-b325de8c1be4:192.168.157.238:44964, d3e03273-8c79-4c12-9358-0a8612c41dd7:192.168.157.238:40960, 04d45094-7136-40c1-bdbb-fee737a34122:192.168.157.238:41949], old=null
2019-10-18 04:00:10,294 [d3e03273-8c79-4c12-9358-0a8612c41dd7@group-03B580E33239-LeaderElection42] INFO  impl.RaftServerImpl (RaftServerImpl.java:setRole(184)) - d3e03273-8c79-4c12-9358-0a8612c41dd7@group-03B580E33239: changes role from CANDIDATE to FOLLOWER at term 36 for DISCOVERED_A_NEW_TERM
2019-10-18 04:00:10,294 [d3e03273-8c79-4c12-9358-0a8612c41dd7@group-03B580E33239-LeaderElection42] INFO  impl.RoleInfo (RoleInfo.java:shutdownLeaderElection(134)) - d3e03273-8c79-4c12-9358-0a8612c41dd7: shutdown LeaderElection
2019-10-18 04:00:10,295 [d3e03273-8c79-4c12-9358-0a8612c41dd7@group-03B580E33239-LeaderElection42] INFO  impl.RoleInfo (RoleInfo.java:updateAndGet(143)) - d3e03273-8c79-4c12-9358-0a8612c41dd7: start FollowerState
2019-10-18 04:00:10,354 [pool-7-thread-5] INFO  commands.RetriableDatanodeEventWatcher (RetriableDatanodeEventWatcher.java:onTimeout(47)) - RetriableDatanodeCommand type=deleteBlocksCommand with id=1571371203353 timed out. Retrying.
2019-10-18 04:00:10,354 [pool-7-thread-1] INFO  commands.RetriableDatanodeEventWatcher (RetriableDatanodeEventWatcher.java:onTimeout(47)) - RetriableDatanodeCommand type=deleteBlocksCommand with id=1571371203348 timed out. Retrying.
2019-10-18 04:00:10,354 [pool-7-thread-4] INFO  commands.RetriableDatanodeEventWatcher (RetriableDatanodeEventWatcher.java:onTimeout(47)) - RetriableDatanodeCommand type=deleteBlocksCommand with id=1571371203350 timed out. Retrying.
2019-10-18 04:00:10,355 [pool-7-thread-6] INFO  commands.RetriableDatanodeEventWatcher (RetriableDatanodeEventWatcher.java:onTimeout(47)) - RetriableDatanodeCommand type=deleteBlocksCommand with id=1571371203351 timed out. Retrying.
2019-10-18 04:00:10,355 [SCMBlockDeletingService#0] INFO  block.SCMBlockDeletingService (SCMBlockDeletingService.java:call(184)) - Totally added 1 delete blocks command for 1 datanodes, task elapsed time: 0ms
2019-10-18 04:00:10,355 [pool-7-thread-6] INFO  commands.RetriableDatanodeEventWatcher (RetriableDatanodeEventWatcher.java:onTimeout(47)) - RetriableDatanodeCommand type=deleteBlocksCommand with id=1571371203352 timed out. Retrying.
2019-10-18 04:00:10,355 [pool-7-thread-4] INFO  commands.RetriableDatanodeEventWatcher (RetriableDatanodeEventWatcher.java:onTimeout(47)) - RetriableDatanodeCommand type=deleteBlocksCommand with id=1571371203345 timed out. Retrying.
2019-10-18 04:00:10,355 [pool-7-thread-1] INFO  commands.RetriableDatanodeEventWatcher (RetriableDatanodeEventWatcher.java:onTimeout(47)) - RetriableDatanodeCommand type=deleteBlocksCommand with id=1571371203349 timed out. Retrying.
2019-10-18 04:00:10,412 [Thread-789] INFO  impl.FollowerState (FollowerState.java:run(108)) - d3e03273-8c79-4c12-9358-0a8612c41dd7@group-03B580E33239-FollowerState: change to CANDIDATE, lastRpcTime:117ms, electionTimeout:117ms
2019-10-18 04:00:10,412 [Thread-789] INFO  impl.RoleInfo (RoleInfo.java:shutdownFollowerState(121)) - d3e03273-8c79-4c12-9358-0a8612c41dd7: shutdown FollowerState
2019-10-18 04:00:10,412 [Thread-789] INFO  impl.RaftServerImpl (RaftServerImpl.java:setRole(184)) - d3e03273-8c79-4c12-9358-0a8612c41dd7@group-03B580E33239: changes role from  FOLLOWER to CANDIDATE at term 36 for changeToCandidate
2019-10-18 04:00:10,413 [Thread-789] INFO  impl.RoleInfo (RoleInfo.java:updateAndGet(143)) - d3e03273-8c79-4c12-9358-0a8612c41dd7: start LeaderElection
2019-10-18 04:00:10,428 [d3e03273-8c79-4c12-9358-0a8612c41dd7@group-03B580E33239-LeaderElection43] INFO  impl.LeaderElection (LeaderElection.java:askForVotes(178)) - d3e03273-8c79-4c12-9358-0a8612c41dd7@group-03B580E33239-LeaderElection43: begin an election at term 37 for 0: [20f566ef-d50a-432c-acfc-b325de8c1be4:192.168.157.238:44964, d3e03273-8c79-4c12-9358-0a8612c41dd7:192.168.157.238:40960, 04d45094-7136-40c1-bdbb-fee737a34122:192.168.157.238:41949], old=null
2019-10-18 04:00:10,431 [grpc-default-executor-3] INFO  impl.RaftServerImpl (RaftServerImpl.java:setRole(184)) - 04d45094-7136-40c1-bdbb-fee737a34122@group-03B580E33239: changes role from  FOLLOWER to FOLLOWER at term 37 for recognizeCandidate:d3e03273-8c79-4c12-9358-0a8612c41dd7
2019-10-18 04:00:10,431 [grpc-default-executor-3] INFO  impl.RoleInfo (RoleInfo.java:shutdownFollowerState(121)) - 04d45094-7136-40c1-bdbb-fee737a34122: shutdown FollowerState
2019-10-18 04:00:10,431 [grpc-default-executor-0] INFO  impl.RaftServerImpl (RaftServerImpl.java:setRole(184)) - 20f566ef-d50a-432c-acfc-b325de8c1be4@group-03B580E33239: changes role from  FOLLOWER to FOLLOWER at term 37 for recognizeCandidate:d3e03273-8c79-4c12-9358-0a8612c41dd7
2019-10-18 04:00:10,431 [Thread-787] INFO  impl.FollowerState (FollowerState.java:run(117)) - 04d45094-7136-40c1-bdbb-fee737a34122@group-03B580E33239-FollowerState was interrupted: java.lang.InterruptedException: sleep interrupted
2019-10-18 04:00:10,431 [grpc-default-executor-3] INFO  impl.RoleInfo (RoleInfo.java:updateAndGet(143)) - 04d45094-7136-40c1-bdbb-fee737a34122: start FollowerState
2019-10-18 04:00:10,432 [grpc-default-executor-0] INFO  impl.RoleInfo (RoleInfo.java:shutdownFollowerState(121)) - 20f566ef-d50a-432c-acfc-b325de8c1be4: shutdown FollowerState
2019-10-18 04:00:10,432 [Thread-788] INFO  impl.FollowerState (FollowerState.java:run(117)) - 20f566ef-d50a-432c-acfc-b325de8c1be4@group-03B580E33239-FollowerState was interrupted: java.lang.InterruptedException: sleep interrupted
2019-10-18 04:00:10,432 [grpc-default-executor-0] INFO  impl.RoleInfo (RoleInfo.java:updateAndGet(143)) - 20f566ef-d50a-432c-acfc-b325de8c1be4: start FollowerState
2019-10-18 04:00:10,441 [d3e03273-8c79-4c12-9358-0a8612c41dd7@group-03B580E33239-LeaderElection43] INFO  impl.LeaderElection (LeaderElection.java:logAndReturn(56)) - d3e03273-8c79-4c12-9358-0a8612c41dd7@group-03B580E33239-LeaderElection43: Election REJECTED; received 2 response(s) [d3e03273-8c79-4c12-9358-0a8612c41dd7<-20f566ef-d50a-432c-acfc-b325de8c1be4#0:FAIL-t37, d3e03273-8c79-4c12-9358-0a8612c41dd7<-04d45094-7136-40c1-bdbb-fee737a34122#0:FAIL-t37] and 0 exception(s); d3e03273-8c79-4c12-9358-0a8612c41dd7@group-03B580E33239:t37, leader=null, voted=d3e03273-8c79-4c12-9358-0a8612c41dd7, raftlog=d3e03273-8c79-4c12-9358-0a8612c41dd7@group-03B580E33239-SegmentedRaftLog:OPENED:c3,f4,i4, conf=0: [20f566ef-d50a-432c-acfc-b325de8c1be4:192.168.157.238:44964, d3e03273-8c79-4c12-9358-0a8612c41dd7:192.168.157.238:40960, 04d45094-7136-40c1-bdbb-fee737a34122:192.168.157.238:41949], old=null
2019-10-18 04:00:10,441 [d3e03273-8c79-4c12-9358-0a8612c41dd7@group-03B580E33239-LeaderElection43] INFO  impl.RaftServerImpl (RaftServerImpl.java:setRole(184)) - d3e03273-8c79-4c12-9358-0a8612c41dd7@group-03B580E33239: changes role from CANDIDATE to FOLLOWER at term 37 for DISCOVERED_A_NEW_TERM
2019-10-18 04:00:10,441 [d3e03273-8c79-4c12-9358-0a8612c41dd7@group-03B580E33239-LeaderElection43] INFO  impl.RoleInfo (RoleInfo.java:shutdownLeaderElection(134)) - d3e03273-8c79-4c12-9358-0a8612c41dd7: shutdown LeaderElection
2019-10-18 04:00:10,441 [d3e03273-8c79-4c12-9358-0a8612c41dd7@group-03B580E33239-LeaderElection43] INFO  impl.RoleInfo (RoleInfo.java:updateAndGet(143)) - d3e03273-8c79-4c12-9358-0a8612c41dd7: start FollowerState
2019-10-18 04:00:10,535 [BlockDeletingService#2] WARN  background.BlockDeletingService (BlockDeletingService.java:isDeletionAllowed(187)) - Close Container log Index 6 is not replicated across allthe servers in the pipeline defa1269-bd0f-4f76-adbb-03b580e33239 as the min replicated index is 4. Deletion is not allowed in this container yet.
2019-10-18 04:00:10,535 [BlockDeletingService#2] WARN  background.BlockDeletingService (BlockDeletingService.java:isDeletionAllowed(187)) - Close Container log Index 6 is not replicated across allthe servers in the pipeline defa1269-bd0f-4f76-adbb-03b580e33239 as the min replicated index is 4. Deletion is not allowed in this container yet.
2019-10-18 04:00:10,590 [EventQueue-PendingDeleteStatusForPendingDeleteHandler] INFO  block.SCMBlockDeletingService (SCMBlockDeletingService.java:handlePendingDeletes(115)) - Block deletion txnID mismatch in datanode d3e03273-8c79-4c12-9358-0a8612c41dd7 for containerID 1. Datanode delete txnID: 0, SCM txnID: 1
2019-10-18 04:00:10,610 [grpc-default-executor-3] INFO  impl.RaftServerProxy (RaftServerProxy.java:addNew(89)) - d3e03273-8c79-4c12-9358-0a8612c41dd7: addNew group-887E29AB073D:[d3e03273-8c79-4c12-9358-0a8612c41dd7:192.168.157.238:40960] returns group-887E29AB073D:java.util.concurrent.CompletableFuture@7e2350c4[Not completed]
2019-10-18 04:00:10,612 [pool-59-thread-1] INFO  impl.RaftServerImpl (RaftServerImpl.java:<init>(104)) - d3e03273-8c79-4c12-9358-0a8612c41dd7: new RaftServerImpl for group-887E29AB073D:[d3e03273-8c79-4c12-9358-0a8612c41dd7:192.168.157.238:40960] with ContainerStateMachine:uninitialized
2019-10-18 04:00:10,612 [pool-59-thread-1] INFO  server.RaftServerConfigKeys (ConfUtils.java:logGet(43)) - raft.server.rpc.timeout.min = 5s (custom)
2019-10-18 04:00:10,612 [pool-59-thread-1] INFO  server.RaftServerConfigKeys (ConfUtils.java:logGet(43)) - raft.server.rpc.timeout.max = 5200ms (custom)
2019-10-18 04:00:10,613 [pool-59-thread-1] INFO  server.RaftServerConfigKeys (ConfUtils.java:logGet(43)) - raft.server.rpcslowness.timeout = 1000s (custom)
2019-10-18 04:00:10,613 [pool-59-thread-1] INFO  server.RaftServerConfigKeys (ConfUtils.java:logGet(43)) - raft.server.sleep.deviation.threshold = 300 (default)
2019-10-18 04:00:10,613 [pool-59-thread-1] INFO  server.RaftServerConfigKeys (ConfUtils.java:logGet(43)) - raft.server.log.appender.install.snapshot.enabled = false (custom)
2019-10-18 04:00:10,613 [pool-59-thread-1] INFO  impl.RaftServerImpl (ServerState.java:<init>(103)) - d3e03273-8c79-4c12-9358-0a8612c41dd7@group-887E29AB073D: ConfigurationManager, init=-1: [d3e03273-8c79-4c12-9358-0a8612c41dd7:192.168.157.238:40960], old=null, confs=<EMPTY_MAP>
2019-10-18 04:00:10,613 [pool-59-thread-1] INFO  server.RaftServerConfigKeys (ConfUtils.java:logGet(43)) - raft.server.storage.dir = [/workdir/hadoop-ozone/integration-test/target/test-dir/MiniOzoneClusterImpl-36fb2caf-2745-49bb-9dac-6faaadebd701/datanode-2/data/ratis] (custom)
2019-10-18 04:00:10,614 [pool-59-thread-1] INFO  server.RaftServerConfigKeys (ConfUtils.java:logGet(43)) - raft.server.log.corruption.policy = EXCEPTION (default)
2019-10-18 04:00:10,614 [pool-59-thread-1] INFO  storage.RaftStorageDirectory (RaftStorageDirectory.java:analyzeStorage(246)) - The storage directory /workdir/hadoop-ozone/integration-test/target/test-dir/MiniOzoneClusterImpl-36fb2caf-2745-49bb-9dac-6faaadebd701/datanode-2/data/ratis/feb13c55-81a5-4b73-882b-887e29ab073d does not exist. Creating ...
2019-10-18 04:00:10,617 [Thread-795] INFO  impl.FollowerState (FollowerState.java:run(108)) - d3e03273-8c79-4c12-9358-0a8612c41dd7@group-03B580E33239-FollowerState: change to CANDIDATE, lastRpcTime:175ms, electionTimeout:175ms
2019-10-18 04:00:10,617 [Thread-795] INFO  impl.RoleInfo (RoleInfo.java:shutdownFollowerState(121)) - d3e03273-8c79-4c12-9358-0a8612c41dd7: shutdown FollowerState
2019-10-18 04:00:10,617 [Thread-795] INFO  impl.RaftServerImpl (RaftServerImpl.java:setRole(184)) - d3e03273-8c79-4c12-9358-0a8612c41dd7@group-03B580E33239: changes role from  FOLLOWER to CANDIDATE at term 37 for changeToCandidate
2019-10-18 04:00:10,617 [Thread-795] INFO  impl.RoleInfo (RoleInfo.java:updateAndGet(143)) - d3e03273-8c79-4c12-9358-0a8612c41dd7: start LeaderElection
2019-10-18 04:00:10,628 [pool-59-thread-1] INFO  storage.RaftStorageDirectory (RaftStorageDirectory.java:tryLock(328)) - Lock on /workdir/hadoop-ozone/integration-test/target/test-dir/MiniOzoneClusterImpl-36fb2caf-2745-49bb-9dac-6faaadebd701/datanode-2/data/ratis/feb13c55-81a5-4b73-882b-887e29ab073d/in_use.lock acquired by nodename 2810@trunk-nightly-20191018-rlnr2-3935024321
2019-10-18 04:00:10,628 [d3e03273-8c79-4c12-9358-0a8612c41dd7@group-03B580E33239-LeaderElection44] INFO  impl.LeaderElection (LeaderElection.java:askForVotes(178)) - d3e03273-8c79-4c12-9358-0a8612c41dd7@group-03B580E33239-LeaderElection44: begin an election at term 38 for 0: [20f566ef-d50a-432c-acfc-b325de8c1be4:192.168.157.238:44964, d3e03273-8c79-4c12-9358-0a8612c41dd7:192.168.157.238:40960, 04d45094-7136-40c1-bdbb-fee737a34122:192.168.157.238:41949], old=null
2019-10-18 04:00:10,631 [grpc-default-executor-3] INFO  impl.RaftServerImpl (RaftServerImpl.java:setRole(184)) - 20f566ef-d50a-432c-acfc-b325de8c1be4@group-03B580E33239: changes role from  FOLLOWER to FOLLOWER at term 38 for recognizeCandidate:d3e03273-8c79-4c12-9358-0a8612c41dd7
2019-10-18 04:00:10,632 [grpc-default-executor-3] INFO  impl.RoleInfo (RoleInfo.java:shutdownFollowerState(121)) - 20f566ef-d50a-432c-acfc-b325de8c1be4: shutdown FollowerState
2019-10-18 04:00:10,632 [grpc-default-executor-3] INFO  impl.RoleInfo (RoleInfo.java:updateAndGet(143)) - 20f566ef-d50a-432c-acfc-b325de8c1be4: start FollowerState
2019-10-18 04:00:10,632 [grpc-default-executor-0] INFO  impl.RaftServerImpl (RaftServerImpl.java:setRole(184)) - 04d45094-7136-40c1-bdbb-fee737a34122@group-03B580E33239: changes role from  FOLLOWER to FOLLOWER at term 38 for recognizeCandidate:d3e03273-8c79-4c12-9358-0a8612c41dd7
2019-10-18 04:00:10,632 [grpc-default-executor-0] INFO  impl.RoleInfo (RoleInfo.java:shutdownFollowerState(121)) - 04d45094-7136-40c1-bdbb-fee737a34122: shutdown FollowerState
2019-10-18 04:00:10,632 [Thread-794] INFO  impl.FollowerState (FollowerState.java:run(117)) - 20f566ef-d50a-432c-acfc-b325de8c1be4@group-03B580E33239-FollowerState was interrupted: java.lang.InterruptedException: sleep interrupted
2019-10-18 04:00:10,632 [Thread-793] INFO  impl.FollowerState (FollowerState.java:run(117)) - 04d45094-7136-40c1-bdbb-fee737a34122@group-03B580E33239-FollowerState was interrupted: java.lang.InterruptedException: sleep interrupted
2019-10-18 04:00:10,632 [grpc-default-executor-0] INFO  impl.RoleInfo (RoleInfo.java:updateAndGet(143)) - 04d45094-7136-40c1-bdbb-fee737a34122: start FollowerState
2019-10-18 04:00:10,641 [d3e03273-8c79-4c12-9358-0a8612c41dd7@group-03B580E33239-LeaderElection44] INFO  impl.LeaderElection (LeaderElection.java:logAndReturn(56)) - d3e03273-8c79-4c12-9358-0a8612c41dd7@group-03B580E33239-LeaderElection44: Election TIMEOUT; received 0 response(s) [] and 0 exception(s); d3e03273-8c79-4c12-9358-0a8612c41dd7@group-03B580E33239:t38, leader=null, voted=d3e03273-8c79-4c12-9358-0a8612c41dd7, raftlog=d3e03273-8c79-4c12-9358-0a8612c41dd7@group-03B580E33239-SegmentedRaftLog:OPENED:c3,f4,i4, conf=0: [20f566ef-d50a-432c-acfc-b325de8c1be4:192.168.157.238:44964, d3e03273-8c79-4c12-9358-0a8612c41dd7:192.168.157.238:40960, 04d45094-7136-40c1-bdbb-fee737a34122:192.168.157.238:41949], old=null
2019-10-18 04:00:10,654 [pool-59-thread-1] INFO  storage.RaftStorage (RaftStorage.java:format(84)) - Storage directory /workdir/hadoop-ozone/integration-test/target/test-dir/MiniOzoneClusterImpl-36fb2caf-2745-49bb-9dac-6faaadebd701/datanode-2/data/ratis/feb13c55-81a5-4b73-882b-887e29ab073d has been successfully formatted.
2019-10-18 04:00:10,654 [pool-59-thread-1] INFO  ratis.ContainerStateMachine (ContainerStateMachine.java:loadSnapshot(231)) - group-887E29AB073D: The snapshot info is null. Setting the last applied indexto:(t:0, i:~)
2019-10-18 04:00:10,654 [pool-59-thread-1] INFO  server.RaftServerConfigKeys (ConfUtils.java:logGet(43)) - raft.server.notification.no-leader.timeout = 1000s (custom)
2019-10-18 04:00:10,655 [pool-59-thread-1] INFO  server.RaftServerConfigKeys (ConfUtils.java:logGet(43)) - raft.server.log.use.memory = false (default)
2019-10-18 04:00:10,655 [pool-59-thread-1] INFO  server.RaftServerConfigKeys (ConfUtils.java:logGet(43)) - raft.server.log.purge.gap = 1000000 (custom)
2019-10-18 04:00:10,656 [pool-59-thread-1] INFO  server.RaftServerConfigKeys (ConfUtils.java:logGet(43)) - raft.server.log.appender.buffer.byte-limit = 33554432 (custom)
2019-10-18 04:00:10,656 [pool-59-thread-1] INFO  server.RaftServerConfigKeys (ConfUtils.java:logGet(43)) - raft.server.log.segment.size.max = 1048576 (custom)
2019-10-18 04:00:10,656 [pool-59-thread-1] INFO  server.RaftServerConfigKeys (ConfUtils.java:logGet(43)) - raft.server.log.segment.cache.num.max = 2 (custom)
2019-10-18 04:00:10,656 [d3e03273-8c79-4c12-9358-0a8612c41dd7@group-03B580E33239-LeaderElection44] INFO  impl.LeaderElection (LeaderElection.java:askForVotes(178)) - d3e03273-8c79-4c12-9358-0a8612c41dd7@group-03B580E33239-LeaderElection44: begin an election at term 39 for 0: [20f566ef-d50a-432c-acfc-b325de8c1be4:192.168.157.238:44964, d3e03273-8c79-4c12-9358-0a8612c41dd7:192.168.157.238:40960, 04d45094-7136-40c1-bdbb-fee737a34122:192.168.157.238:41949], old=null
2019-10-18 04:00:10,657 [pool-59-thread-1] INFO  segmented.SegmentedRaftLogWorker (SegmentedRaftLogWorker.java:<init>(173)) - new d3e03273-8c79-4c12-9358-0a8612c41dd7@group-887E29AB073D-SegmentedRaftLogWorker for RaftStorage:Storage Directory /workdir/hadoop-ozone/integration-test/target/test-dir/MiniOzoneClusterImpl-36fb2caf-2745-49bb-9dac-6faaadebd701/datanode-2/data/ratis/feb13c55-81a5-4b73-882b-887e29ab073d
2019-10-18 04:00:10,657 [pool-59-thread-1] INFO  server.RaftServerConfigKeys (ConfUtils.java:logGet(43)) - raft.server.log.queue.byte-limit = 2147483647 (custom)
2019-10-18 04:00:10,657 [pool-59-thread-1] INFO  server.RaftServerConfigKeys (ConfUtils.java:logGet(43)) - raft.server.log.queue.element-limit = 1024 (custom)
2019-10-18 04:00:10,658 [pool-59-thread-1] INFO  server.RaftServerConfigKeys (ConfUtils.java:logGet(43)) - raft.server.log.segment.size.max = 1048576 (custom)
2019-10-18 04:00:10,658 [pool-59-thread-1] INFO  server.RaftServerConfigKeys (ConfUtils.java:logGet(43)) - raft.server.log.preallocated.size = 16384 (custom)
2019-10-18 04:00:10,658 [pool-59-thread-1] INFO  server.RaftServerConfigKeys (ConfUtils.java:logGet(43)) - raft.server.log.write.buffer.size = 33554432 (custom)
2019-10-18 04:00:10,659 [pool-59-thread-1] INFO  server.RaftServerConfigKeys (ConfUtils.java:logGet(43)) - raft.server.log.force.sync.num = 128 (default)
2019-10-18 04:00:10,659 [pool-59-thread-1] INFO  server.RaftServerConfigKeys (ConfUtils.java:logGet(43)) - raft.server.log.statemachine.data.sync = true (default)
2019-10-18 04:00:10,659 [pool-59-thread-1] INFO  server.RaftServerConfigKeys (ConfUtils.java:logGet(43)) - raft.server.log.statemachine.data.sync.timeout = 10s (default)
2019-10-18 04:00:10,660 [pool-59-thread-1] INFO  server.RaftServerConfigKeys (ConfUtils.java:logGet(43)) - raft.server.log.statemachine.data.sync.timeout.retry = -1 (default)
2019-10-18 04:00:10,660 [pool-59-thread-1] INFO  server.RaftServerConfigKeys (ConfUtils.java:logGet(43)) - raft.server.log.statemachine.data.caching.enabled = true (custom)
2019-10-18 04:00:10,661 [pool-59-thread-1] INFO  segmented.SegmentedRaftLogWorker (SegmentedRaftLogWorker.java:lambda$new$0(128)) - d3e03273-8c79-4c12-9358-0a8612c41dd7@group-887E29AB073D-SegmentedRaftLogWorker: flushIndex: setUnconditionally 0 -> -1
2019-10-18 04:00:10,661 [grpc-default-executor-3] INFO  impl.RaftServerImpl (RaftServerImpl.java:setRole(184)) - 04d45094-7136-40c1-bdbb-fee737a34122@group-03B580E33239: changes role from  FOLLOWER to FOLLOWER at term 39 for recognizeCandidate:d3e03273-8c79-4c12-9358-0a8612c41dd7
2019-10-18 04:00:10,661 [grpc-default-executor-3] INFO  impl.RoleInfo (RoleInfo.java:shutdownFollowerState(121)) - 04d45094-7136-40c1-bdbb-fee737a34122: shutdown FollowerState
2019-10-18 04:00:10,661 [pool-59-thread-1] INFO  server.RaftServerConfigKeys (ConfUtils.java:logGet(43)) - raft.server.snapshot.auto.trigger.enabled = true (custom)
2019-10-18 04:00:10,662 [Thread-804] INFO  impl.FollowerState (FollowerState.java:run(117)) - 04d45094-7136-40c1-bdbb-fee737a34122@group-03B580E33239-FollowerState was interrupted: java.lang.InterruptedException: sleep interrupted
2019-10-18 04:00:10,662 [grpc-default-executor-3] INFO  impl.RoleInfo (RoleInfo.java:updateAndGet(143)) - 04d45094-7136-40c1-bdbb-fee737a34122: start FollowerState
2019-10-18 04:00:10,662 [grpc-default-executor-0] INFO  impl.RaftServerImpl (RaftServerImpl.java:setRole(184)) - 20f566ef-d50a-432c-acfc-b325de8c1be4@group-03B580E33239: changes role from  FOLLOWER to FOLLOWER at term 39 for recognizeCandidate:d3e03273-8c79-4c12-9358-0a8612c41dd7
2019-10-18 04:00:10,662 [pool-59-thread-1] INFO  server.RaftServerConfigKeys (ConfUtils.java:logGet(43)) - raft.server.snapshot.auto.trigger.threshold = 10000 (custom)
2019-10-18 04:00:10,662 [grpc-default-executor-0] INFO  impl.RoleInfo (RoleInfo.java:shutdownFollowerState(121)) - 20f566ef-d50a-432c-acfc-b325de8c1be4: shutdown FollowerState
2019-10-18 04:00:10,663 [pool-59-thread-1] INFO  server.RaftServerConfigKeys (ConfUtils.java:logGet(43)) - raft.server.snapshot.retention.file.num = 5 (custom)
2019-10-18 04:00:10,663 [Thread-803] INFO  impl.FollowerState (FollowerState.java:run(117)) - 20f566ef-d50a-432c-acfc-b325de8c1be4@group-03B580E33239-FollowerState was interrupted: java.lang.InterruptedException: sleep interrupted
2019-10-18 04:00:10,663 [pool-59-thread-1] INFO  server.RaftServerConfigKeys (ConfUtils.java:logGet(43)) - raft.server.retrycache.expirytime = 600000ms (custom)
2019-10-18 04:00:10,663 [grpc-default-executor-0] INFO  impl.RoleInfo (RoleInfo.java:updateAndGet(143)) - 20f566ef-d50a-432c-acfc-b325de8c1be4: start FollowerState
2019-10-18 04:00:10,669 [pool-59-thread-1] INFO  impl.RaftServerImpl (RaftServerImpl.java:start(195)) - d3e03273-8c79-4c12-9358-0a8612c41dd7@group-887E29AB073D: start as a follower, conf=-1: [d3e03273-8c79-4c12-9358-0a8612c41dd7:192.168.157.238:40960], old=null
2019-10-18 04:00:10,670 [pool-59-thread-1] INFO  impl.RaftServerImpl (RaftServerImpl.java:setRole(184)) - d3e03273-8c79-4c12-9358-0a8612c41dd7@group-887E29AB073D: changes role from      null to FOLLOWER at term 0 for startAsFollower
2019-10-18 04:00:10,670 [pool-59-thread-1] INFO  impl.RoleInfo (RoleInfo.java:updateAndGet(143)) - d3e03273-8c79-4c12-9358-0a8612c41dd7: start FollowerState
2019-10-18 04:00:10,670 [pool-59-thread-1] INFO  util.JmxRegister (JmxRegister.java:tryRegister(44)) - Successfully registered JMX Bean with object name Ratis:service=RaftServer,group=group-887E29AB073D,id=d3e03273-8c79-4c12-9358-0a8612c41dd7
2019-10-18 04:00:10,679 [d3e03273-8c79-4c12-9358-0a8612c41dd7@group-03B580E33239-LeaderElection44] INFO  impl.LeaderElection (LeaderElection.java:logAndReturn(56)) - d3e03273-8c79-4c12-9358-0a8612c41dd7@group-03B580E33239-LeaderElection44: Election REJECTED; received 2 response(s) [d3e03273-8c79-4c12-9358-0a8612c41dd7<-20f566ef-d50a-432c-acfc-b325de8c1be4#0:FAIL-t39, d3e03273-8c79-4c12-9358-0a8612c41dd7<-04d45094-7136-40c1-bdbb-fee737a34122#0:FAIL-t39] and 0 exception(s); d3e03273-8c79-4c12-9358-0a8612c41dd7@group-03B580E33239:t39, leader=null, voted=d3e03273-8c79-4c12-9358-0a8612c41dd7, raftlog=d3e03273-8c79-4c12-9358-0a8612c41dd7@group-03B580E33239-SegmentedRaftLog:OPENED:c3,f4,i4, conf=0: [20f566ef-d50a-432c-acfc-b325de8c1be4:192.168.157.238:44964, d3e03273-8c79-4c12-9358-0a8612c41dd7:192.168.157.238:40960, 04d45094-7136-40c1-bdbb-fee737a34122:192.168.157.238:41949], old=null
2019-10-18 04:00:10,679 [d3e03273-8c79-4c12-9358-0a8612c41dd7@group-03B580E33239-LeaderElection44] INFO  impl.RaftServerImpl (RaftServerImpl.java:setRole(184)) - d3e03273-8c79-4c12-9358-0a8612c41dd7@group-03B580E33239: changes role from CANDIDATE to FOLLOWER at term 39 for DISCOVERED_A_NEW_TERM
2019-10-18 04:00:10,679 [d3e03273-8c79-4c12-9358-0a8612c41dd7@group-03B580E33239-LeaderElection44] INFO  impl.RoleInfo (RoleInfo.java:shutdownLeaderElection(134)) - d3e03273-8c79-4c12-9358-0a8612c41dd7: shutdown LeaderElection
2019-10-18 04:00:10,679 [d3e03273-8c79-4c12-9358-0a8612c41dd7@group-03B580E33239-LeaderElection44] INFO  impl.RoleInfo (RoleInfo.java:updateAndGet(143)) - d3e03273-8c79-4c12-9358-0a8612c41dd7: start FollowerState
2019-10-18 04:00:10,680 [RatisPipelineUtilsThread] INFO  pipeline.PipelineStateManager (PipelineStateManager.java:addPipeline(56)) - Created pipeline Pipeline[ Id: feb13c55-81a5-4b73-882b-887e29ab073d, Nodes: d3e03273-8c79-4c12-9358-0a8612c41dd7{ip: 192.168.157.238, host: trunk-nightly-20191018-rlnr2-3935024321, networkLocation: /default-rack, certSerialId: null}, Type:RATIS, Factor:ONE, State:OPEN]
2019-10-18 04:00:10,692 [EventQueue-PendingDeleteStatusForPendingDeleteHandler] INFO  block.SCMBlockDeletingService (SCMBlockDeletingService.java:handlePendingDeletes(115)) - Block deletion txnID mismatch in datanode d3e03273-8c79-4c12-9358-0a8612c41dd7 for containerID 1. Datanode delete txnID: 0, SCM txnID: 1
2019-10-18 04:00:10,696 [grpc-default-executor-6] INFO  impl.RaftServerProxy (RaftServerProxy.java:addNew(89)) - 04d45094-7136-40c1-bdbb-fee737a34122: addNew group-7D23D0805109:[20f566ef-d50a-432c-acfc-b325de8c1be4:192.168.157.238:44964, d3e03273-8c79-4c12-9358-0a8612c41dd7:192.168.157.238:40960, 04d45094-7136-40c1-bdbb-fee737a34122:192.168.157.238:41949] returns group-7D23D0805109:java.util.concurrent.CompletableFuture@4785b39e[Not completed]
2019-10-18 04:00:10,696 [grpc-default-executor-0] INFO  impl.RaftServerProxy (RaftServerProxy.java:addNew(89)) - d3e03273-8c79-4c12-9358-0a8612c41dd7: addNew group-7D23D0805109:[20f566ef-d50a-432c-acfc-b325de8c1be4:192.168.157.238:44964, d3e03273-8c79-4c12-9358-0a8612c41dd7:192.168.157.238:40960, 04d45094-7136-40c1-bdbb-fee737a34122:192.168.157.238:41949] returns group-7D23D0805109:java.util.concurrent.CompletableFuture@62148365[Not completed]
2019-10-18 04:00:10,697 [grpc-default-executor-0] INFO  impl.RaftServerProxy (RaftServerProxy.java:addNew(89)) - 20f566ef-d50a-432c-acfc-b325de8c1be4: addNew group-7D23D0805109:[20f566ef-d50a-432c-acfc-b325de8c1be4:192.168.157.238:44964, d3e03273-8c79-4c12-9358-0a8612c41dd7:192.168.157.238:40960, 04d45094-7136-40c1-bdbb-fee737a34122:192.168.157.238:41949] returns group-7D23D0805109:java.util.concurrent.CompletableFuture@6049cf5c[Not completed]
2019-10-18 04:00:10,698 [pool-37-thread-1] INFO  impl.RaftServerImpl (RaftServerImpl.java:<init>(104)) - 04d45094-7136-40c1-bdbb-fee737a34122: new RaftServerImpl for group-7D23D0805109:[20f566ef-d50a-432c-acfc-b325de8c1be4:192.168.157.238:44964, d3e03273-8c79-4c12-9358-0a8612c41dd7:192.168.157.238:40960, 04d45094-7136-40c1-bdbb-fee737a34122:192.168.157.238:41949] with ContainerStateMachine:uninitialized
2019-10-18 04:00:10,698 [pool-37-thread-1] INFO  server.RaftServerConfigKeys (ConfUtils.java:logGet(43)) - raft.server.rpc.timeout.min = 5s (custom)
2019-10-18 04:00:10,699 [pool-37-thread-1] INFO  server.RaftServerConfigKeys (ConfUtils.java:logGet(43)) - raft.server.rpc.timeout.max = 5200ms (custom)
2019-10-18 04:00:10,699 [pool-37-thread-1] INFO  server.RaftServerConfigKeys (ConfUtils.java:logGet(43)) - raft.server.rpcslowness.timeout = 1000s (custom)
2019-10-18 04:00:10,699 [pool-37-thread-1] INFO  server.RaftServerConfigKeys (ConfUtils.java:logGet(43)) - raft.server.sleep.deviation.threshold = 300 (default)
2019-10-18 04:00:10,699 [pool-37-thread-1] INFO  server.RaftServerConfigKeys (ConfUtils.java:logGet(43)) - raft.server.log.appender.install.snapshot.enabled = false (custom)
2019-10-18 04:00:10,699 [pool-37-thread-1] INFO  impl.RaftServerImpl (ServerState.java:<init>(103)) - 04d45094-7136-40c1-bdbb-fee737a34122@group-7D23D0805109: ConfigurationManager, init=-1: [20f566ef-d50a-432c-acfc-b325de8c1be4:192.168.157.238:44964, d3e03273-8c79-4c12-9358-0a8612c41dd7:192.168.157.238:40960, 04d45094-7136-40c1-bdbb-fee737a34122:192.168.157.238:41949], old=null, confs=<EMPTY_MAP>
2019-10-18 04:00:10,700 [pool-37-thread-1] INFO  server.RaftServerConfigKeys (ConfUtils.java:logGet(43)) - raft.server.storage.dir = [/workdir/hadoop-ozone/integration-test/target/test-dir/MiniOzoneClusterImpl-36fb2caf-2745-49bb-9dac-6faaadebd701/datanode-1/data/ratis] (custom)
2019-10-18 04:00:10,700 [pool-59-thread-1] INFO  impl.RaftServerImpl (RaftServerImpl.java:<init>(104)) - d3e03273-8c79-4c12-9358-0a8612c41dd7: new RaftServerImpl for group-7D23D0805109:[20f566ef-d50a-432c-acfc-b325de8c1be4:192.168.157.238:44964, d3e03273-8c79-4c12-9358-0a8612c41dd7:192.168.157.238:40960, 04d45094-7136-40c1-bdbb-fee737a34122:192.168.157.238:41949] with ContainerStateMachine:uninitialized
2019-10-18 04:00:10,700 [pool-59-thread-1] INFO  server.RaftServerConfigKeys (ConfUtils.java:logGet(43)) - raft.server.rpc.timeout.min = 5s (custom)
2019-10-18 04:00:10,700 [pool-37-thread-1] INFO  server.RaftServerConfigKeys (ConfUtils.java:logGet(43)) - raft.server.log.corruption.policy = EXCEPTION (default)
2019-10-18 04:00:10,700 [pool-59-thread-1] INFO  server.RaftServerConfigKeys (ConfUtils.java:logGet(43)) - raft.server.rpc.timeout.max = 5200ms (custom)
2019-10-18 04:00:10,700 [pool-59-thread-1] INFO  server.RaftServerConfigKeys (ConfUtils.java:logGet(43)) - raft.server.rpcslowness.timeout = 1000s (custom)
2019-10-18 04:00:10,700 [pool-37-thread-1] INFO  storage.RaftStorageDirectory (RaftStorageDirectory.java:analyzeStorage(246)) - The storage directory /workdir/hadoop-ozone/integration-test/target/test-dir/MiniOzoneClusterImpl-36fb2caf-2745-49bb-9dac-6faaadebd701/datanode-1/data/ratis/1d91e133-1383-4a2d-b56a-7d23d0805109 does not exist. Creating ...
2019-10-18 04:00:10,701 [pool-59-thread-1] INFO  server.RaftServerConfigKeys (ConfUtils.java:logGet(43)) - raft.server.sleep.deviation.threshold = 300 (default)
2019-10-18 04:00:10,701 [pool-59-thread-1] INFO  server.RaftServerConfigKeys (ConfUtils.java:logGet(43)) - raft.server.log.appender.install.snapshot.enabled = false (custom)
2019-10-18 04:00:10,701 [pool-59-thread-1] INFO  impl.RaftServerImpl (ServerState.java:<init>(103)) - d3e03273-8c79-4c12-9358-0a8612c41dd7@group-7D23D0805109: ConfigurationManager, init=-1: [20f566ef-d50a-432c-acfc-b325de8c1be4:192.168.157.238:44964, d3e03273-8c79-4c12-9358-0a8612c41dd7:192.168.157.238:40960, 04d45094-7136-40c1-bdbb-fee737a34122:192.168.157.238:41949], old=null, confs=<EMPTY_MAP>
2019-10-18 04:00:10,701 [pool-27-thread-1] INFO  impl.RaftServerImpl (RaftServerImpl.java:<init>(104)) - 20f566ef-d50a-432c-acfc-b325de8c1be4: new RaftServerImpl for group-7D23D0805109:[20f566ef-d50a-432c-acfc-b325de8c1be4:192.168.157.238:44964, d3e03273-8c79-4c12-9358-0a8612c41dd7:192.168.157.238:40960, 04d45094-7136-40c1-bdbb-fee737a34122:192.168.157.238:41949] with ContainerStateMachine:uninitialized
2019-10-18 04:00:10,701 [pool-59-thread-1] INFO  server.RaftServerConfigKeys (ConfUtils.java:logGet(43)) - raft.server.storage.dir = [/workdir/hadoop-ozone/integration-test/target/test-dir/MiniOzoneClusterImpl-36fb2caf-2745-49bb-9dac-6faaadebd701/datanode-2/data/ratis] (custom)
2019-10-18 04:00:10,701 [pool-27-thread-1] INFO  server.RaftServerConfigKeys (ConfUtils.java:logGet(43)) - raft.server.rpc.timeout.min = 5s (custom)
2019-10-18 04:00:10,702 [pool-27-thread-1] INFO  server.RaftServerConfigKeys (ConfUtils.java:logGet(43)) - raft.server.rpc.timeout.max = 5200ms (custom)
2019-10-18 04:00:10,702 [pool-59-thread-1] INFO  server.RaftServerConfigKeys (ConfUtils.java:logGet(43)) - raft.server.log.corruption.policy = EXCEPTION (default)
2019-10-18 04:00:10,702 [pool-27-thread-1] INFO  server.RaftServerConfigKeys (ConfUtils.java:logGet(43)) - raft.server.rpcslowness.timeout = 1000s (custom)
2019-10-18 04:00:10,702 [pool-27-thread-1] INFO  server.RaftServerConfigKeys (ConfUtils.java:logGet(43)) - raft.server.sleep.deviation.threshold = 300 (default)
2019-10-18 04:00:10,702 [pool-59-thread-1] INFO  storage.RaftStorageDirectory (RaftStorageDirectory.java:analyzeStorage(246)) - The storage directory /workdir/hadoop-ozone/integration-test/target/test-dir/MiniOzoneClusterImpl-36fb2caf-2745-49bb-9dac-6faaadebd701/datanode-2/data/ratis/1d91e133-1383-4a2d-b56a-7d23d0805109 does not exist. Creating ...
2019-10-18 04:00:10,702 [pool-27-thread-1] INFO  server.RaftServerConfigKeys (ConfUtils.java:logGet(43)) - raft.server.log.appender.install.snapshot.enabled = false (custom)
2019-10-18 04:00:10,702 [pool-27-thread-1] INFO  impl.RaftServerImpl (ServerState.java:<init>(103)) - 20f566ef-d50a-432c-acfc-b325de8c1be4@group-7D23D0805109: ConfigurationManager, init=-1: [20f566ef-d50a-432c-acfc-b325de8c1be4:192.168.157.238:44964, d3e03273-8c79-4c12-9358-0a8612c41dd7:192.168.157.238:40960, 04d45094-7136-40c1-bdbb-fee737a34122:192.168.157.238:41949], old=null, confs=<EMPTY_MAP>
2019-10-18 04:00:10,703 [pool-27-thread-1] INFO  server.RaftServerConfigKeys (ConfUtils.java:logGet(43)) - raft.server.storage.dir = [/workdir/hadoop-ozone/integration-test/target/test-dir/MiniOzoneClusterImpl-36fb2caf-2745-49bb-9dac-6faaadebd701/datanode-0/data/ratis] (custom)
2019-10-18 04:00:10,703 [pool-27-thread-1] INFO  server.RaftServerConfigKeys (ConfUtils.java:logGet(43)) - raft.server.log.corruption.policy = EXCEPTION (default)
2019-10-18 04:00:10,703 [pool-27-thread-1] INFO  storage.RaftStorageDirectory (RaftStorageDirectory.java:analyzeStorage(246)) - The storage directory /workdir/hadoop-ozone/integration-test/target/test-dir/MiniOzoneClusterImpl-36fb2caf-2745-49bb-9dac-6faaadebd701/datanode-0/data/ratis/1d91e133-1383-4a2d-b56a-7d23d0805109 does not exist. Creating ...
2019-10-18 04:00:10,710 [Thread-810] INFO  impl.FollowerState (FollowerState.java:run(108)) - d3e03273-8c79-4c12-9358-0a8612c41dd7@group-887E29AB073D-FollowerState: change to CANDIDATE, lastRpcTime:40ms, electionTimeout:40ms
2019-10-18 04:00:10,711 [Thread-810] INFO  impl.RoleInfo (RoleInfo.java:shutdownFollowerState(121)) - d3e03273-8c79-4c12-9358-0a8612c41dd7: shutdown FollowerState
2019-10-18 04:00:10,711 [Thread-810] INFO  impl.RaftServerImpl (RaftServerImpl.java:setRole(184)) - d3e03273-8c79-4c12-9358-0a8612c41dd7@group-887E29AB073D: changes role from  FOLLOWER to CANDIDATE at term 0 for changeToCandidate
2019-10-18 04:00:10,711 [Thread-810] INFO  impl.RoleInfo (RoleInfo.java:updateAndGet(143)) - d3e03273-8c79-4c12-9358-0a8612c41dd7: start LeaderElection
2019-10-18 04:00:10,727 [pool-27-thread-1] INFO  storage.RaftStorageDirectory (RaftStorageDirectory.java:tryLock(328)) - Lock on /workdir/hadoop-ozone/integration-test/target/test-dir/MiniOzoneClusterImpl-36fb2caf-2745-49bb-9dac-6faaadebd701/datanode-0/data/ratis/1d91e133-1383-4a2d-b56a-7d23d0805109/in_use.lock acquired by nodename 2810@trunk-nightly-20191018-rlnr2-3935024321
2019-10-18 04:00:10,727 [pool-59-thread-1] INFO  storage.RaftStorageDirectory (RaftStorageDirectory.java:tryLock(328)) - Lock on /workdir/hadoop-ozone/integration-test/target/test-dir/MiniOzoneClusterImpl-36fb2caf-2745-49bb-9dac-6faaadebd701/datanode-2/data/ratis/1d91e133-1383-4a2d-b56a-7d23d0805109/in_use.lock acquired by nodename 2810@trunk-nightly-20191018-rlnr2-3935024321
2019-10-18 04:00:10,727 [pool-37-thread-1] INFO  storage.RaftStorageDirectory (RaftStorageDirectory.java:tryLock(328)) - Lock on /workdir/hadoop-ozone/integration-test/target/test-dir/MiniOzoneClusterImpl-36fb2caf-2745-49bb-9dac-6faaadebd701/datanode-1/data/ratis/1d91e133-1383-4a2d-b56a-7d23d0805109/in_use.lock acquired by nodename 2810@trunk-nightly-20191018-rlnr2-3935024321
2019-10-18 04:00:10,732 [Thread-815] INFO  client.GrpcClientProtocolService (GrpcClientProtocolService.java:lambda$processClientRequest$0(278)) - Failed RaftClientRequest:client-3EDA899B7DA2->d3e03273-8c79-4c12-9358-0a8612c41dd7@group-03B580E33239, cid=10, seq=0, Watch-ALL_COMMITTED(6), Message:<EMPTY>, reply=RaftClientReply:client-3EDA899B7DA2->d3e03273-8c79-4c12-9358-0a8612c41dd7@group-03B580E33239, cid=10, FAILED org.apache.ratis.protocol.NotLeaderException: Server d3e03273-8c79-4c12-9358-0a8612c41dd7@group-03B580E33239 is not the leader, logIndex=0, commits[d3e03273-8c79-4c12-9358-0a8612c41dd7:c3]
2019-10-18 04:00:10,754 [pool-37-thread-1] INFO  storage.RaftStorage (RaftStorage.java:format(84)) - Storage directory /workdir/hadoop-ozone/integration-test/target/test-dir/MiniOzoneClusterImpl-36fb2caf-2745-49bb-9dac-6faaadebd701/datanode-1/data/ratis/1d91e133-1383-4a2d-b56a-7d23d0805109 has been successfully formatted.
2019-10-18 04:00:10,754 [d3e03273-8c79-4c12-9358-0a8612c41dd7@group-887E29AB073D-LeaderElection45] INFO  impl.LeaderElection (LeaderElection.java:askForVotes(178)) - d3e03273-8c79-4c12-9358-0a8612c41dd7@group-887E29AB073D-LeaderElection45: begin an election at term 1 for -1: [d3e03273-8c79-4c12-9358-0a8612c41dd7:192.168.157.238:40960], old=null
2019-10-18 04:00:10,754 [pool-27-thread-1] INFO  storage.RaftStorage (RaftStorage.java:format(84)) - Storage directory /workdir/hadoop-ozone/integration-test/target/test-dir/MiniOzoneClusterImpl-36fb2caf-2745-49bb-9dac-6faaadebd701/datanode-0/data/ratis/1d91e133-1383-4a2d-b56a-7d23d0805109 has been successfully formatted.
2019-10-18 04:00:10,754 [pool-59-thread-1] INFO  storage.RaftStorage (RaftStorage.java:format(84)) - Storage directory /workdir/hadoop-ozone/integration-test/target/test-dir/MiniOzoneClusterImpl-36fb2caf-2745-49bb-9dac-6faaadebd701/datanode-2/data/ratis/1d91e133-1383-4a2d-b56a-7d23d0805109 has been successfully formatted.
2019-10-18 04:00:10,754 [d3e03273-8c79-4c12-9358-0a8612c41dd7@group-887E29AB073D-LeaderElection45] INFO  impl.RoleInfo (RoleInfo.java:shutdownLeaderElection(134)) - d3e03273-8c79-4c12-9358-0a8612c41dd7: shutdown LeaderElection
2019-10-18 04:00:10,754 [pool-37-thread-1] INFO  ratis.ContainerStateMachine (ContainerStateMachine.java:loadSnapshot(231)) - group-7D23D0805109: The snapshot info is null. Setting the last applied indexto:(t:0, i:~)
2019-10-18 04:00:10,754 [d3e03273-8c79-4c12-9358-0a8612c41dd7@group-887E29AB073D-LeaderElection45] INFO  impl.RaftServerImpl (RaftServerImpl.java:setRole(184)) - d3e03273-8c79-4c12-9358-0a8612c41dd7@group-887E29AB073D: changes role from CANDIDATE to LEADER at term 1 for changeToLeader
2019-10-18 04:00:10,754 [pool-59-thread-1] INFO  ratis.ContainerStateMachine (ContainerStateMachine.java:loadSnapshot(231)) - group-7D23D0805109: The snapshot info is null. Setting the last applied indexto:(t:0, i:~)
2019-10-18 04:00:10,754 [pool-27-thread-1] INFO  ratis.ContainerStateMachine (ContainerStateMachine.java:loadSnapshot(231)) - group-7D23D0805109: The snapshot info is null. Setting the last applied indexto:(t:0, i:~)
2019-10-18 04:00:10,755 [pool-59-thread-1] INFO  server.RaftServerConfigKeys (ConfUtils.java:logGet(43)) - raft.server.notification.no-leader.timeout = 1000s (custom)
2019-10-18 04:00:10,755 [pool-59-thread-1] INFO  server.RaftServerConfigKeys (ConfUtils.java:logGet(43)) - raft.server.log.use.memory = false (default)
2019-10-18 04:00:10,755 [d3e03273-8c79-4c12-9358-0a8612c41dd7@group-887E29AB073D-LeaderElection45] INFO  impl.RaftServerImpl (ServerState.java:setLeader(256)) - d3e03273-8c79-4c12-9358-0a8612c41dd7@group-887E29AB073D: change Leader from null to d3e03273-8c79-4c12-9358-0a8612c41dd7 at term 1 for becomeLeader, leader elected after 100ms
2019-10-18 04:00:10,755 [pool-37-thread-1] INFO  server.RaftServerConfigKeys (ConfUtils.java:logGet(43)) - raft.server.notification.no-leader.timeout = 1000s (custom)
2019-10-18 04:00:10,755 [d3e03273-8c79-4c12-9358-0a8612c41dd7@group-887E29AB073D-LeaderElection45] INFO  server.RaftServerConfigKeys (ConfUtils.java:logGet(43)) - raft.server.staging.catchup.gap = 1000 (default)
2019-10-18 04:00:10,755 [pool-59-thread-1] INFO  server.RaftServerConfigKeys (ConfUtils.java:logGet(43)) - raft.server.log.purge.gap = 1000000 (custom)
2019-10-18 04:00:10,755 [pool-27-thread-1] INFO  server.RaftServerConfigKeys (ConfUtils.java:logGet(43)) - raft.server.notification.no-leader.timeout = 1000s (custom)
2019-10-18 04:00:10,756 [pool-59-thread-1] INFO  server.RaftServerConfigKeys (ConfUtils.java:logGet(43)) - raft.server.log.appender.buffer.byte-limit = 33554432 (custom)
2019-10-18 04:00:10,756 [d3e03273-8c79-4c12-9358-0a8612c41dd7@group-887E29AB073D-LeaderElection45] INFO  server.RaftServerConfigKeys (ConfUtils.java:logGet(43)) - raft.server.rpc.sleep.time = 25ms (default)
2019-10-18 04:00:10,756 [pool-37-thread-1] INFO  server.RaftServerConfigKeys (ConfUtils.java:logGet(43)) - raft.server.log.use.memory = false (default)
2019-10-18 04:00:10,756 [d3e03273-8c79-4c12-9358-0a8612c41dd7@group-887E29AB073D-LeaderElection45] INFO  server.RaftServerConfigKeys (ConfUtils.java:logGet(43)) - raft.server.write.element-limit = 4096 (default)
2019-10-18 04:00:10,756 [pool-59-thread-1] INFO  server.RaftServerConfigKeys (ConfUtils.java:logGet(43)) - raft.server.log.segment.size.max = 1048576 (custom)
2019-10-18 04:00:10,756 [pool-27-thread-1] INFO  server.RaftServerConfigKeys (ConfUtils.java:logGet(43)) - raft.server.log.use.memory = false (default)
2019-10-18 04:00:10,757 [pool-59-thread-1] INFO  server.RaftServerConfigKeys (ConfUtils.java:logGet(43)) - raft.server.log.segment.cache.num.max = 2 (custom)
2019-10-18 04:00:10,757 [d3e03273-8c79-4c12-9358-0a8612c41dd7@group-887E29AB073D-LeaderElection45] INFO  server.RaftServerConfigKeys (ConfUtils.java:logGet(43)) - raft.server.watch.timeout = 10s (default)
2019-10-18 04:00:10,756 [pool-37-thread-1] INFO  server.RaftServerConfigKeys (ConfUtils.java:logGet(43)) - raft.server.log.purge.gap = 1000000 (custom)
2019-10-18 04:00:10,757 [d3e03273-8c79-4c12-9358-0a8612c41dd7@group-887E29AB073D-LeaderElection45] INFO  server.RaftServerConfigKeys (ConfUtils.java:logGet(43)) - raft.server.watch.timeout.denomination = 1s (default)
2019-10-18 04:00:10,757 [pool-59-thread-1] INFO  segmented.SegmentedRaftLogWorker (SegmentedRaftLogWorker.java:<init>(173)) - new d3e03273-8c79-4c12-9358-0a8612c41dd7@group-7D23D0805109-SegmentedRaftLogWorker for RaftStorage:Storage Directory /workdir/hadoop-ozone/integration-test/target/test-dir/MiniOzoneClusterImpl-36fb2caf-2745-49bb-9dac-6faaadebd701/datanode-2/data/ratis/1d91e133-1383-4a2d-b56a-7d23d0805109
2019-10-18 04:00:10,757 [pool-59-thread-1] INFO  server.RaftServerConfigKeys (ConfUtils.java:logGet(43)) - raft.server.log.queue.byte-limit = 2147483647 (custom)
2019-10-18 04:00:10,757 [pool-27-thread-1] INFO  server.RaftServerConfigKeys (ConfUtils.java:logGet(43)) - raft.server.log.purge.gap = 1000000 (custom)
2019-10-18 04:00:10,757 [pool-59-thread-1] INFO  server.RaftServerConfigKeys (ConfUtils.java:logGet(43)) - raft.server.log.queue.element-limit = 1024 (custom)
2019-10-18 04:00:10,757 [d3e03273-8c79-4c12-9358-0a8612c41dd7@group-887E29AB073D-LeaderElection45] INFO  server.RaftServerConfigKeys (ConfUtils.java:logGet(43)) - raft.server.watch.element-limit = 65536 (default)
2019-10-18 04:00:10,757 [pool-37-thread-1] INFO  server.RaftServerConfigKeys (ConfUtils.java:logGet(43)) - raft.server.log.appender.buffer.byte-limit = 33554432 (custom)
2019-10-18 04:00:10,758 [pool-59-thread-1] INFO  server.RaftServerConfigKeys (ConfUtils.java:logGet(43)) - raft.server.log.segment.size.max = 1048576 (custom)
2019-10-18 04:00:10,758 [pool-27-thread-1] INFO  server.RaftServerConfigKeys (ConfUtils.java:logGet(43)) - raft.server.log.appender.buffer.byte-limit = 33554432 (custom)
2019-10-18 04:00:10,758 [pool-59-thread-1] INFO  server.RaftServerConfigKeys (ConfUtils.java:logGet(43)) - raft.server.log.preallocated.size = 16384 (custom)
2019-10-18 04:00:10,758 [pool-37-thread-1] INFO  server.RaftServerConfigKeys (ConfUtils.java:logGet(43)) - raft.server.log.segment.size.max = 1048576 (custom)
2019-10-18 04:00:10,758 [pool-59-thread-1] INFO  server.RaftServerConfigKeys (ConfUtils.java:logGet(43)) - raft.server.log.write.buffer.size = 33554432 (custom)
2019-10-18 04:00:10,758 [pool-27-thread-1] INFO  server.RaftServerConfigKeys (ConfUtils.java:logGet(43)) - raft.server.log.segment.size.max = 1048576 (custom)
2019-10-18 04:00:10,759 [pool-59-thread-1] INFO  server.RaftServerConfigKeys (ConfUtils.java:logGet(43)) - raft.server.log.force.sync.num = 128 (default)
2019-10-18 04:00:10,759 [pool-37-thread-1] INFO  server.RaftServerConfigKeys (ConfUtils.java:logGet(43)) - raft.server.log.segment.cache.num.max = 2 (custom)
2019-10-18 04:00:10,759 [pool-59-thread-1] INFO  server.RaftServerConfigKeys (ConfUtils.java:logGet(43)) - raft.server.log.statemachine.data.sync = true (default)
2019-10-18 04:00:10,759 [pool-27-thread-1] INFO  server.RaftServerConfigKeys (ConfUtils.java:logGet(43)) - raft.server.log.segment.cache.num.max = 2 (custom)
2019-10-18 04:00:10,759 [pool-59-thread-1] INFO  server.RaftServerConfigKeys (ConfUtils.java:logGet(43)) - raft.server.log.statemachine.data.sync.timeout = 10s (default)
2019-10-18 04:00:10,759 [pool-37-thread-1] INFO  segmented.SegmentedRaftLogWorker (SegmentedRaftLogWorker.java:<init>(173)) - new 04d45094-7136-40c1-bdbb-fee737a34122@group-7D23D0805109-SegmentedRaftLogWorker for RaftStorage:Storage Directory /workdir/hadoop-ozone/integration-test/target/test-dir/MiniOzoneClusterImpl-36fb2caf-2745-49bb-9dac-6faaadebd701/datanode-1/data/ratis/1d91e133-1383-4a2d-b56a-7d23d0805109
2019-10-18 04:00:10,760 [pool-59-thread-1] INFO  server.RaftServerConfigKeys (ConfUtils.java:logGet(43)) - raft.server.log.statemachine.data.sync.timeout.retry = -1 (default)
2019-10-18 04:00:10,759 [pool-27-thread-1] INFO  segmented.SegmentedRaftLogWorker (SegmentedRaftLogWorker.java:<init>(173)) - new 20f566ef-d50a-432c-acfc-b325de8c1be4@group-7D23D0805109-SegmentedRaftLogWorker for RaftStorage:Storage Directory /workdir/hadoop-ozone/integration-test/target/test-dir/MiniOzoneClusterImpl-36fb2caf-2745-49bb-9dac-6faaadebd701/datanode-0/data/ratis/1d91e133-1383-4a2d-b56a-7d23d0805109
2019-10-18 04:00:10,760 [pool-59-thread-1] INFO  server.RaftServerConfigKeys (ConfUtils.java:logGet(43)) - raft.server.log.statemachine.data.caching.enabled = true (custom)
2019-10-18 04:00:10,760 [pool-37-thread-1] INFO  server.RaftServerConfigKeys (ConfUtils.java:logGet(43)) - raft.server.log.queue.byte-limit = 2147483647 (custom)
2019-10-18 04:00:10,760 [pool-27-thread-1] INFO  server.RaftServerConfigKeys (ConfUtils.java:logGet(43)) - raft.server.log.queue.byte-limit = 2147483647 (custom)
2019-10-18 04:00:10,760 [pool-37-thread-1] INFO  server.RaftServerConfigKeys (ConfUtils.java:logGet(43)) - raft.server.log.queue.element-limit = 1024 (custom)
2019-10-18 04:00:10,760 [pool-59-thread-1] INFO  segmented.SegmentedRaftLogWorker (SegmentedRaftLogWorker.java:lambda$new$0(128)) - d3e03273-8c79-4c12-9358-0a8612c41dd7@group-7D23D0805109-SegmentedRaftLogWorker: flushIndex: setUnconditionally 0 -> -1
2019-10-18 04:00:10,760 [pool-37-thread-1] INFO  server.RaftServerConfigKeys (ConfUtils.java:logGet(43)) - raft.server.log.segment.size.max = 1048576 (custom)
2019-10-18 04:00:10,760 [pool-27-thread-1] INFO  server.RaftServerConfigKeys (ConfUtils.java:logGet(43)) - raft.server.log.queue.element-limit = 1024 (custom)
2019-10-18 04:00:10,761 [d3e03273-8c79-4c12-9358-0a8612c41dd7@group-887E29AB073D-LeaderElection45] INFO  impl.RoleInfo (RoleInfo.java:updateAndGet(143)) - d3e03273-8c79-4c12-9358-0a8612c41dd7: start LeaderState
2019-10-18 04:00:10,761 [pool-37-thread-1] INFO  server.RaftServerConfigKeys (ConfUtils.java:logGet(43)) - raft.server.log.preallocated.size = 16384 (custom)
2019-10-18 04:00:10,761 [pool-59-thread-1] INFO  server.RaftServerConfigKeys (ConfUtils.java:logGet(43)) - raft.server.snapshot.auto.trigger.enabled = true (custom)
2019-10-18 04:00:10,761 [pool-37-thread-1] INFO  server.RaftServerConfigKeys (ConfUtils.java:logGet(43)) - raft.server.log.write.buffer.size = 33554432 (custom)
2019-10-18 04:00:10,761 [pool-27-thread-1] INFO  server.RaftServerConfigKeys (ConfUtils.java:logGet(43)) - raft.server.log.segment.size.max = 1048576 (custom)
2019-10-18 04:00:10,761 [pool-37-thread-1] INFO  server.RaftServerConfigKeys (ConfUtils.java:logGet(43)) - raft.server.log.force.sync.num = 128 (default)
2019-10-18 04:00:10,761 [d3e03273-8c79-4c12-9358-0a8612c41dd7@group-887E29AB073D-LeaderElection45] INFO  segmented.SegmentedRaftLogWorker (SegmentedRaftLogWorker.java:startLogSegment(385)) - d3e03273-8c79-4c12-9358-0a8612c41dd7@group-887E29AB073D-SegmentedRaftLogWorker: Starting segment from index:0
2019-10-18 04:00:10,761 [pool-59-thread-1] INFO  server.RaftServerConfigKeys (ConfUtils.java:logGet(43)) - raft.server.snapshot.auto.trigger.threshold = 10000 (custom)
2019-10-18 04:00:10,762 [pool-37-thread-1] INFO  server.RaftServerConfigKeys (ConfUtils.java:logGet(43)) - raft.server.log.statemachine.data.sync = true (default)
2019-10-18 04:00:10,762 [pool-27-thread-1] INFO  server.RaftServerConfigKeys (ConfUtils.java:logGet(43)) - raft.server.log.preallocated.size = 16384 (custom)
2019-10-18 04:00:10,762 [pool-37-thread-1] INFO  server.RaftServerConfigKeys (ConfUtils.java:logGet(43)) - raft.server.log.statemachine.data.sync.timeout = 10s (default)
2019-10-18 04:00:10,762 [pool-59-thread-1] INFO  server.RaftServerConfigKeys (ConfUtils.java:logGet(43)) - raft.server.snapshot.retention.file.num = 5 (custom)
2019-10-18 04:00:10,763 [pool-37-thread-1] INFO  server.RaftServerConfigKeys (ConfUtils.java:logGet(43)) - raft.server.log.statemachine.data.sync.timeout.retry = -1 (default)
2019-10-18 04:00:10,762 [pool-27-thread-1] INFO  server.RaftServerConfigKeys (ConfUtils.java:logGet(43)) - raft.server.log.write.buffer.size = 33554432 (custom)
2019-10-18 04:00:10,763 [pool-37-thread-1] INFO  server.RaftServerConfigKeys (ConfUtils.java:logGet(43)) - raft.server.log.statemachine.data.caching.enabled = true (custom)
2019-10-18 04:00:10,762 [d3e03273-8c79-4c12-9358-0a8612c41dd7@group-887E29AB073D-LeaderElection45] INFO  impl.RaftServerImpl (ServerState.java:setRaftConf(357)) - d3e03273-8c79-4c12-9358-0a8612c41dd7@group-887E29AB073D: set configuration 0: [d3e03273-8c79-4c12-9358-0a8612c41dd7:192.168.157.238:40960], old=null at 0
2019-10-18 04:00:10,763 [pool-27-thread-1] INFO  server.RaftServerConfigKeys (ConfUtils.java:logGet(43)) - raft.server.log.force.sync.num = 128 (default)
2019-10-18 04:00:10,763 [pool-59-thread-1] INFO  server.RaftServerConfigKeys (ConfUtils.java:logGet(43)) - raft.server.retrycache.expirytime = 600000ms (custom)
2019-10-18 04:00:10,763 [pool-27-thread-1] INFO  server.RaftServerConfigKeys (ConfUtils.java:logGet(43)) - raft.server.log.statemachine.data.sync = true (default)
2019-10-18 04:00:10,763 [pool-37-thread-1] INFO  segmented.SegmentedRaftLogWorker (SegmentedRaftLogWorker.java:lambda$new$0(128)) - 04d45094-7136-40c1-bdbb-fee737a34122@group-7D23D0805109-SegmentedRaftLogWorker: flushIndex: setUnconditionally 0 -> -1
2019-10-18 04:00:10,764 [pool-27-thread-1] INFO  server.RaftServerConfigKeys (ConfUtils.java:logGet(43)) - raft.server.log.statemachine.data.sync.timeout = 10s (default)
2019-10-18 04:00:10,764 [pool-27-thread-1] INFO  server.RaftServerConfigKeys (ConfUtils.java:logGet(43)) - raft.server.log.statemachine.data.sync.timeout.retry = -1 (default)
2019-10-18 04:00:10,764 [pool-37-thread-1] INFO  server.RaftServerConfigKeys (ConfUtils.java:logGet(43)) - raft.server.snapshot.auto.trigger.enabled = true (custom)
2019-10-18 04:00:10,764 [pool-27-thread-1] INFO  server.RaftServerConfigKeys (ConfUtils.java:logGet(43)) - raft.server.log.statemachine.data.caching.enabled = true (custom)
2019-10-18 04:00:10,764 [pool-37-thread-1] INFO  server.RaftServerConfigKeys (ConfUtils.java:logGet(43)) - raft.server.snapshot.auto.trigger.threshold = 10000 (custom)
2019-10-18 04:00:10,765 [pool-37-thread-1] INFO  server.RaftServerConfigKeys (ConfUtils.java:logGet(43)) - raft.server.snapshot.retention.file.num = 5 (custom)
2019-10-18 04:00:10,765 [pool-27-thread-1] INFO  segmented.SegmentedRaftLogWorker (SegmentedRaftLogWorker.java:lambda$new$0(128)) - 20f566ef-d50a-432c-acfc-b325de8c1be4@group-7D23D0805109-SegmentedRaftLogWorker: flushIndex: setUnconditionally 0 -> -1
2019-10-18 04:00:10,765 [pool-37-thread-1] INFO  server.RaftServerConfigKeys (ConfUtils.java:logGet(43)) - raft.server.retrycache.expirytime = 600000ms (custom)
2019-10-18 04:00:10,765 [pool-27-thread-1] INFO  server.RaftServerConfigKeys (ConfUtils.java:logGet(43)) - raft.server.snapshot.auto.trigger.enabled = true (custom)
2019-10-18 04:00:10,765 [pool-27-thread-1] INFO  server.RaftServerConfigKeys (ConfUtils.java:logGet(43)) - raft.server.snapshot.auto.trigger.threshold = 10000 (custom)
2019-10-18 04:00:10,766 [pool-27-thread-1] INFO  server.RaftServerConfigKeys (ConfUtils.java:logGet(43)) - raft.server.snapshot.retention.file.num = 5 (custom)
2019-10-18 04:00:10,766 [pool-27-thread-1] INFO  server.RaftServerConfigKeys (ConfUtils.java:logGet(43)) - raft.server.retrycache.expirytime = 600000ms (custom)
2019-10-18 04:00:10,768 [pool-59-thread-1] INFO  impl.RaftServerImpl (RaftServerImpl.java:start(195)) - d3e03273-8c79-4c12-9358-0a8612c41dd7@group-7D23D0805109: start as a follower, conf=-1: [20f566ef-d50a-432c-acfc-b325de8c1be4:192.168.157.238:44964, d3e03273-8c79-4c12-9358-0a8612c41dd7:192.168.157.238:40960, 04d45094-7136-40c1-bdbb-fee737a34122:192.168.157.238:41949], old=null
2019-10-18 04:00:10,768 [pool-59-thread-1] INFO  impl.RaftServerImpl (RaftServerImpl.java:setRole(184)) - d3e03273-8c79-4c12-9358-0a8612c41dd7@group-7D23D0805109: changes role from      null to FOLLOWER at term 0 for startAsFollower
2019-10-18 04:00:10,768 [pool-59-thread-1] INFO  impl.RoleInfo (RoleInfo.java:updateAndGet(143)) - d3e03273-8c79-4c12-9358-0a8612c41dd7: start FollowerState
2019-10-18 04:00:10,769 [pool-59-thread-1] INFO  util.JmxRegister (JmxRegister.java:tryRegister(44)) - Successfully registered JMX Bean with object name Ratis:service=RaftServer,group=group-7D23D0805109,id=d3e03273-8c79-4c12-9358-0a8612c41dd7
2019-10-18 04:00:10,770 [pool-37-thread-1] INFO  impl.RaftServerImpl (RaftServerImpl.java:start(195)) - 04d45094-7136-40c1-bdbb-fee737a34122@group-7D23D0805109: start as a follower, conf=-1: [20f566ef-d50a-432c-acfc-b325de8c1be4:192.168.157.238:44964, d3e03273-8c79-4c12-9358-0a8612c41dd7:192.168.157.238:40960, 04d45094-7136-40c1-bdbb-fee737a34122:192.168.157.238:41949], old=null
2019-10-18 04:00:10,770 [pool-37-thread-1] INFO  impl.RaftServerImpl (RaftServerImpl.java:setRole(184)) - 04d45094-7136-40c1-bdbb-fee737a34122@group-7D23D0805109: changes role from      null to FOLLOWER at term 0 for startAsFollower
2019-10-18 04:00:10,770 [pool-37-thread-1] INFO  impl.RoleInfo (RoleInfo.java:updateAndGet(143)) - 04d45094-7136-40c1-bdbb-fee737a34122: start FollowerState
2019-10-18 04:00:10,771 [pool-37-thread-1] INFO  util.JmxRegister (JmxRegister.java:tryRegister(44)) - Successfully registered JMX Bean with object name Ratis:service=RaftServer,group=group-7D23D0805109,id=04d45094-7136-40c1-bdbb-fee737a34122
2019-10-18 04:00:10,771 [pool-27-thread-1] INFO  impl.RaftServerImpl (RaftServerImpl.java:start(195)) - 20f566ef-d50a-432c-acfc-b325de8c1be4@group-7D23D0805109: start as a follower, conf=-1: [20f566ef-d50a-432c-acfc-b325de8c1be4:192.168.157.238:44964, d3e03273-8c79-4c12-9358-0a8612c41dd7:192.168.157.238:40960, 04d45094-7136-40c1-bdbb-fee737a34122:192.168.157.238:41949], old=null
2019-10-18 04:00:10,771 [pool-27-thread-1] INFO  impl.RaftServerImpl (RaftServerImpl.java:setRole(184)) - 20f566ef-d50a-432c-acfc-b325de8c1be4@group-7D23D0805109: changes role from      null to FOLLOWER at term 0 for startAsFollower
2019-10-18 04:00:10,772 [pool-27-thread-1] INFO  impl.RoleInfo (RoleInfo.java:updateAndGet(143)) - 20f566ef-d50a-432c-acfc-b325de8c1be4: start FollowerState
2019-10-18 04:00:10,772 [pool-27-thread-1] INFO  util.JmxRegister (JmxRegister.java:tryRegister(44)) - Successfully registered JMX Bean with object name Ratis:service=RaftServer,group=group-7D23D0805109,id=20f566ef-d50a-432c-acfc-b325de8c1be4
2019-10-18 04:00:10,797 [Thread-812] INFO  impl.FollowerState (FollowerState.java:run(108)) - d3e03273-8c79-4c12-9358-0a8612c41dd7@group-03B580E33239-FollowerState: change to CANDIDATE, lastRpcTime:117ms, electionTimeout:110ms
2019-10-18 04:00:10,798 [Thread-812] INFO  impl.RoleInfo (RoleInfo.java:shutdownFollowerState(121)) - d3e03273-8c79-4c12-9358-0a8612c41dd7: shutdown FollowerState
2019-10-18 04:00:10,798 [Thread-823] INFO  impl.FollowerState (FollowerState.java:run(108)) - 20f566ef-d50a-432c-acfc-b325de8c1be4@group-7D23D0805109-FollowerState: change to CANDIDATE, lastRpcTime:26ms, electionTimeout:5ms
2019-10-18 04:00:10,798 [Thread-812] INFO  impl.RaftServerImpl (RaftServerImpl.java:setRole(184)) - d3e03273-8c79-4c12-9358-0a8612c41dd7@group-03B580E33239: changes role from  FOLLOWER to CANDIDATE at term 39 for changeToCandidate
2019-10-18 04:00:10,798 [Thread-823] INFO  impl.RoleInfo (RoleInfo.java:shutdownFollowerState(121)) - 20f566ef-d50a-432c-acfc-b325de8c1be4: shutdown FollowerState
2019-10-18 04:00:10,798 [Thread-812] INFO  impl.RoleInfo (RoleInfo.java:updateAndGet(143)) - d3e03273-8c79-4c12-9358-0a8612c41dd7: start LeaderElection
2019-10-18 04:00:10,798 [Thread-823] INFO  impl.RaftServerImpl (RaftServerImpl.java:setRole(184)) - 20f566ef-d50a-432c-acfc-b325de8c1be4@group-7D23D0805109: changes role from  FOLLOWER to CANDIDATE at term 0 for changeToCandidate
2019-10-18 04:00:10,799 [Thread-823] INFO  impl.RoleInfo (RoleInfo.java:updateAndGet(143)) - 20f566ef-d50a-432c-acfc-b325de8c1be4: start LeaderElection
2019-10-18 04:00:10,807 [RatisPipelineUtilsThread] INFO  pipeline.PipelineStateManager (PipelineStateManager.java:addPipeline(56)) - Created pipeline Pipeline[ Id: 1d91e133-1383-4a2d-b56a-7d23d0805109, Nodes: d3e03273-8c79-4c12-9358-0a8612c41dd7{ip: 192.168.157.238, host: trunk-nightly-20191018-rlnr2-3935024321, networkLocation: /default-rack, certSerialId: null}04d45094-7136-40c1-bdbb-fee737a34122{ip: 192.168.157.238, host: trunk-nightly-20191018-rlnr2-3935024321, networkLocation: /default-rack, certSerialId: null}20f566ef-d50a-432c-acfc-b325de8c1be4{ip: 192.168.157.238, host: trunk-nightly-20191018-rlnr2-3935024321, networkLocation: /default-rack, certSerialId: null}, Type:RATIS, Factor:THREE, State:OPEN]
2019-10-18 04:00:10,811 [d3e03273-8c79-4c12-9358-0a8612c41dd7@group-887E29AB073D-SegmentedRaftLogWorker] INFO  segmented.SegmentedRaftLogWorker (SegmentedRaftLogWorker.java:execute(576)) - d3e03273-8c79-4c12-9358-0a8612c41dd7@group-887E29AB073D-SegmentedRaftLogWorker: created new log segment /workdir/hadoop-ozone/integration-test/target/test-dir/MiniOzoneClusterImpl-36fb2caf-2745-49bb-9dac-6faaadebd701/datanode-2/data/ratis/feb13c55-81a5-4b73-882b-887e29ab073d/current/log_inprogress_0
2019-10-18 04:00:10,811 [20f566ef-d50a-432c-acfc-b325de8c1be4@group-7D23D0805109-LeaderElection47] INFO  impl.LeaderElection (LeaderElection.java:askForVotes(178)) - 20f566ef-d50a-432c-acfc-b325de8c1be4@group-7D23D0805109-LeaderElection47: begin an election at term 1 for -1: [20f566ef-d50a-432c-acfc-b325de8c1be4:192.168.157.238:44964, d3e03273-8c79-4c12-9358-0a8612c41dd7:192.168.157.238:40960, 04d45094-7136-40c1-bdbb-fee737a34122:192.168.157.238:41949], old=null
2019-10-18 04:00:10,811 [d3e03273-8c79-4c12-9358-0a8612c41dd7@group-03B580E33239-LeaderElection46] INFO  impl.LeaderElection (LeaderElection.java:askForVotes(178)) - d3e03273-8c79-4c12-9358-0a8612c41dd7@group-03B580E33239-LeaderElection46: begin an election at term 40 for 0: [20f566ef-d50a-432c-acfc-b325de8c1be4:192.168.157.238:44964, d3e03273-8c79-4c12-9358-0a8612c41dd7:192.168.157.238:40960, 04d45094-7136-40c1-bdbb-fee737a34122:192.168.157.238:41949], old=null
2019-10-18 04:00:10,812 [Thread-821] INFO  impl.FollowerState (FollowerState.java:run(108)) - d3e03273-8c79-4c12-9358-0a8612c41dd7@group-7D23D0805109-FollowerState: change to CANDIDATE, lastRpcTime:43ms, electionTimeout:43ms
2019-10-18 04:00:10,812 [Thread-821] INFO  impl.RoleInfo (RoleInfo.java:shutdownFollowerState(121)) - d3e03273-8c79-4c12-9358-0a8612c41dd7: shutdown FollowerState
2019-10-18 04:00:10,812 [Thread-821] INFO  impl.RaftServerImpl (RaftServerImpl.java:setRole(184)) - d3e03273-8c79-4c12-9358-0a8612c41dd7@group-7D23D0805109: changes role from  FOLLOWER to CANDIDATE at term 0 for changeToCandidate
2019-10-18 04:00:10,812 [Thread-821] INFO  impl.RoleInfo (RoleInfo.java:updateAndGet(143)) - d3e03273-8c79-4c12-9358-0a8612c41dd7: start LeaderElection
2019-10-18 04:00:10,816 [d3e03273-8c79-4c12-9358-0a8612c41dd7@group-03B580E33239-LeaderElection46] INFO  impl.LeaderElection (LeaderElection.java:logAndReturn(56)) - d3e03273-8c79-4c12-9358-0a8612c41dd7@group-03B580E33239-LeaderElection46: Election TIMEOUT; received 0 response(s) [] and 0 exception(s); d3e03273-8c79-4c12-9358-0a8612c41dd7@group-03B580E33239:t40, leader=null, voted=d3e03273-8c79-4c12-9358-0a8612c41dd7, raftlog=d3e03273-8c79-4c12-9358-0a8612c41dd7@group-03B580E33239-SegmentedRaftLog:OPENED:c3,f4,i4, conf=0: [20f566ef-d50a-432c-acfc-b325de8c1be4:192.168.157.238:44964, d3e03273-8c79-4c12-9358-0a8612c41dd7:192.168.157.238:40960, 04d45094-7136-40c1-bdbb-fee737a34122:192.168.157.238:41949], old=null
2019-10-18 04:00:10,819 [grpc-default-executor-6] INFO  impl.RaftServerImpl (RaftServerImpl.java:setRole(184)) - 04d45094-7136-40c1-bdbb-fee737a34122@group-03B580E33239: changes role from  FOLLOWER to FOLLOWER at term 40 for recognizeCandidate:d3e03273-8c79-4c12-9358-0a8612c41dd7
2019-10-18 04:00:10,819 [grpc-default-executor-6] INFO  impl.RoleInfo (RoleInfo.java:shutdownFollowerState(121)) - 04d45094-7136-40c1-bdbb-fee737a34122: shutdown FollowerState
2019-10-18 04:00:10,819 [grpc-default-executor-6] INFO  impl.RoleInfo (RoleInfo.java:updateAndGet(143)) - 04d45094-7136-40c1-bdbb-fee737a34122: start FollowerState
2019-10-18 04:00:10,820 [grpc-default-executor-3] INFO  impl.RaftServerImpl (RaftServerImpl.java:setRole(184)) - 20f566ef-d50a-432c-acfc-b325de8c1be4@group-03B580E33239: changes role from  FOLLOWER to FOLLOWER at term 40 for recognizeCandidate:d3e03273-8c79-4c12-9358-0a8612c41dd7
2019-10-18 04:00:10,820 [grpc-default-executor-3] INFO  impl.RoleInfo (RoleInfo.java:shutdownFollowerState(121)) - 20f566ef-d50a-432c-acfc-b325de8c1be4: shutdown FollowerState
2019-10-18 04:00:10,820 [grpc-default-executor-0] INFO  impl.RaftServerImpl (RaftServerImpl.java:setRole(184)) - 04d45094-7136-40c1-bdbb-fee737a34122@group-7D23D0805109: changes role from  FOLLOWER to FOLLOWER at term 1 for recognizeCandidate:20f566ef-d50a-432c-acfc-b325de8c1be4
2019-10-18 04:00:10,821 [grpc-default-executor-0] INFO  impl.RoleInfo (RoleInfo.java:shutdownFollowerState(121)) - 04d45094-7136-40c1-bdbb-fee737a34122: shutdown FollowerState
2019-10-18 04:00:10,819 [Thread-807] INFO  impl.FollowerState (FollowerState.java:run(117)) - 04d45094-7136-40c1-bdbb-fee737a34122@group-03B580E33239-FollowerState was interrupted: java.lang.InterruptedException: sleep interrupted
2019-10-18 04:00:10,821 [Thread-822] INFO  impl.FollowerState (FollowerState.java:run(117)) - 04d45094-7136-40c1-bdbb-fee737a34122@group-7D23D0805109-FollowerState was interrupted: java.lang.InterruptedException: sleep interrupted
2019-10-18 04:00:10,821 [grpc-default-executor-0] INFO  impl.RoleInfo (RoleInfo.java:updateAndGet(143)) - 04d45094-7136-40c1-bdbb-fee737a34122: start FollowerState
2019-10-18 04:00:10,821 [Thread-808] INFO  impl.FollowerState (FollowerState.java:run(117)) - 20f566ef-d50a-432c-acfc-b325de8c1be4@group-03B580E33239-FollowerState was interrupted: java.lang.InterruptedException: sleep interrupted
2019-10-18 04:00:10,821 [grpc-default-executor-3] INFO  impl.RoleInfo (RoleInfo.java:updateAndGet(143)) - 20f566ef-d50a-432c-acfc-b325de8c1be4: start FollowerState
2019-10-18 04:00:10,827 [d3e03273-8c79-4c12-9358-0a8612c41dd7@group-03B580E33239-LeaderElection46] INFO  impl.LeaderElection (LeaderElection.java:askForVotes(178)) - d3e03273-8c79-4c12-9358-0a8612c41dd7@group-03B580E33239-LeaderElection46: begin an election at term 41 for 0: [20f566ef-d50a-432c-acfc-b325de8c1be4:192.168.157.238:44964, d3e03273-8c79-4c12-9358-0a8612c41dd7:192.168.157.238:40960, 04d45094-7136-40c1-bdbb-fee737a34122:192.168.157.238:41949], old=null
2019-10-18 04:00:10,827 [d3e03273-8c79-4c12-9358-0a8612c41dd7@group-7D23D0805109-LeaderElection48] INFO  impl.LeaderElection (LeaderElection.java:askForVotes(178)) - d3e03273-8c79-4c12-9358-0a8612c41dd7@group-7D23D0805109-LeaderElection48: begin an election at term 1 for -1: [20f566ef-d50a-432c-acfc-b325de8c1be4:192.168.157.238:44964, d3e03273-8c79-4c12-9358-0a8612c41dd7:192.168.157.238:40960, 04d45094-7136-40c1-bdbb-fee737a34122:192.168.157.238:41949], old=null
2019-10-18 04:00:10,833 [20f566ef-d50a-432c-acfc-b325de8c1be4@group-7D23D0805109-LeaderElection47] INFO  impl.LeaderElection (LeaderElection.java:logAndReturn(56)) - 20f566ef-d50a-432c-acfc-b325de8c1be4@group-7D23D0805109-LeaderElection47: Election TIMEOUT; received 1 response(s) [20f566ef-d50a-432c-acfc-b325de8c1be4<-d3e03273-8c79-4c12-9358-0a8612c41dd7#0:FAIL-t1] and 0 exception(s); 20f566ef-d50a-432c-acfc-b325de8c1be4@group-7D23D0805109:t1, leader=null, voted=20f566ef-d50a-432c-acfc-b325de8c1be4, raftlog=20f566ef-d50a-432c-acfc-b325de8c1be4@group-7D23D0805109-SegmentedRaftLog:OPENED:c-1,f-1,i0, conf=-1: [20f566ef-d50a-432c-acfc-b325de8c1be4:192.168.157.238:44964, d3e03273-8c79-4c12-9358-0a8612c41dd7:192.168.157.238:40960, 04d45094-7136-40c1-bdbb-fee737a34122:192.168.157.238:41949], old=null
2019-10-18 04:00:10,835 [grpc-default-executor-3] INFO  impl.RaftServerImpl (RaftServerImpl.java:setRole(184)) - 20f566ef-d50a-432c-acfc-b325de8c1be4@group-03B580E33239: changes role from  FOLLOWER to FOLLOWER at term 41 for recognizeCandidate:d3e03273-8c79-4c12-9358-0a8612c41dd7
2019-10-18 04:00:10,835 [grpc-default-executor-3] INFO  impl.RoleInfo (RoleInfo.java:shutdownFollowerState(121)) - 20f566ef-d50a-432c-acfc-b325de8c1be4: shutdown FollowerState
2019-10-18 04:00:10,835 [Thread-835] INFO  impl.FollowerState (FollowerState.java:run(117)) - 20f566ef-d50a-432c-acfc-b325de8c1be4@group-03B580E33239-FollowerState was interrupted: java.lang.InterruptedException: sleep interrupted
2019-10-18 04:00:10,835 [grpc-default-executor-3] INFO  impl.RoleInfo (RoleInfo.java:updateAndGet(143)) - 20f566ef-d50a-432c-acfc-b325de8c1be4: start FollowerState
2019-10-18 04:00:10,836 [grpc-default-executor-5] INFO  impl.RaftServerImpl (RaftServerImpl.java:setRole(184)) - 04d45094-7136-40c1-bdbb-fee737a34122@group-03B580E33239: changes role from  FOLLOWER to FOLLOWER at term 41 for recognizeCandidate:d3e03273-8c79-4c12-9358-0a8612c41dd7
2019-10-18 04:00:10,837 [grpc-default-executor-5] INFO  impl.RoleInfo (RoleInfo.java:shutdownFollowerState(121)) - 04d45094-7136-40c1-bdbb-fee737a34122: shutdown FollowerState
2019-10-18 04:00:10,837 [grpc-default-executor-5] INFO  impl.RoleInfo (RoleInfo.java:updateAndGet(143)) - 04d45094-7136-40c1-bdbb-fee737a34122: start FollowerState
2019-10-18 04:00:10,837 [Thread-834] INFO  impl.FollowerState (FollowerState.java:run(117)) - 04d45094-7136-40c1-bdbb-fee737a34122@group-03B580E33239-FollowerState was interrupted: java.lang.InterruptedException: sleep interrupted
2019-10-18 04:00:10,838 [20f566ef-d50a-432c-acfc-b325de8c1be4@group-7D23D0805109-LeaderElection47] INFO  impl.LeaderElection (LeaderElection.java:askForVotes(178)) - 20f566ef-d50a-432c-acfc-b325de8c1be4@group-7D23D0805109-LeaderElection47: begin an election at term 2 for -1: [20f566ef-d50a-432c-acfc-b325de8c1be4:192.168.157.238:44964, d3e03273-8c79-4c12-9358-0a8612c41dd7:192.168.157.238:40960, 04d45094-7136-40c1-bdbb-fee737a34122:192.168.157.238:41949], old=null
2019-10-18 04:00:10,839 [d3e03273-8c79-4c12-9358-0a8612c41dd7@group-7D23D0805109-LeaderElection48] INFO  impl.LeaderElection (LeaderElection.java:logAndReturn(56)) - d3e03273-8c79-4c12-9358-0a8612c41dd7@group-7D23D0805109-LeaderElection48: Election DISCOVERED_A_NEW_TERM; received 2 response(s) [d3e03273-8c79-4c12-9358-0a8612c41dd7<-20f566ef-d50a-432c-acfc-b325de8c1be4#0:FAIL-t2, d3e03273-8c79-4c12-9358-0a8612c41dd7<-04d45094-7136-40c1-bdbb-fee737a34122#0:FAIL-t1] and 0 exception(s); d3e03273-8c79-4c12-9358-0a8612c41dd7@group-7D23D0805109:t1, leader=null, voted=d3e03273-8c79-4c12-9358-0a8612c41dd7, raftlog=d3e03273-8c79-4c12-9358-0a8612c41dd7@group-7D23D0805109-SegmentedRaftLog:OPENED:c-1,f-1,i0, conf=-1: [20f566ef-d50a-432c-acfc-b325de8c1be4:192.168.157.238:44964, d3e03273-8c79-4c12-9358-0a8612c41dd7:192.168.157.238:40960, 04d45094-7136-40c1-bdbb-fee737a34122:192.168.157.238:41949], old=null
2019-10-18 04:00:10,839 [d3e03273-8c79-4c12-9358-0a8612c41dd7@group-7D23D0805109-LeaderElection48] INFO  impl.RaftServerImpl (RaftServerImpl.java:setRole(184)) - d3e03273-8c79-4c12-9358-0a8612c41dd7@group-7D23D0805109: changes role from CANDIDATE to FOLLOWER at term 2 for DISCOVERED_A_NEW_TERM
2019-10-18 04:00:10,839 [d3e03273-8c79-4c12-9358-0a8612c41dd7@group-7D23D0805109-LeaderElection48] INFO  impl.RoleInfo (RoleInfo.java:shutdownLeaderElection(134)) - d3e03273-8c79-4c12-9358-0a8612c41dd7: shutdown LeaderElection
2019-10-18 04:00:10,839 [d3e03273-8c79-4c12-9358-0a8612c41dd7@group-7D23D0805109-LeaderElection48] INFO  impl.RoleInfo (RoleInfo.java:updateAndGet(143)) - d3e03273-8c79-4c12-9358-0a8612c41dd7: start FollowerState
2019-10-18 04:00:10,840 [grpc-default-executor-6] INFO  impl.RaftServerImpl (RaftServerImpl.java:setRole(184)) - 04d45094-7136-40c1-bdbb-fee737a34122@group-7D23D0805109: changes role from  FOLLOWER to FOLLOWER at term 2 for recognizeCandidate:20f566ef-d50a-432c-acfc-b325de8c1be4
2019-10-18 04:00:10,840 [grpc-default-executor-6] INFO  impl.RoleInfo (RoleInfo.java:shutdownFollowerState(121)) - 04d45094-7136-40c1-bdbb-fee737a34122: shutdown FollowerState
2019-10-18 04:00:10,840 [grpc-default-executor-6] INFO  impl.RoleInfo (RoleInfo.java:updateAndGet(143)) - 04d45094-7136-40c1-bdbb-fee737a34122: start FollowerState
2019-10-18 04:00:10,840 [Thread-836] INFO  impl.FollowerState (FollowerState.java:run(117)) - 04d45094-7136-40c1-bdbb-fee737a34122@group-7D23D0805109-FollowerState was interrupted: java.lang.InterruptedException: sleep interrupted
2019-10-18 04:00:10,844 [d3e03273-8c79-4c12-9358-0a8612c41dd7@group-03B580E33239-LeaderElection46] INFO  impl.LeaderElection (LeaderElection.java:logAndReturn(56)) - d3e03273-8c79-4c12-9358-0a8612c41dd7@group-03B580E33239-LeaderElection46: Election REJECTED; received 2 response(s) [d3e03273-8c79-4c12-9358-0a8612c41dd7<-20f566ef-d50a-432c-acfc-b325de8c1be4#0:FAIL-t41, d3e03273-8c79-4c12-9358-0a8612c41dd7<-04d45094-7136-40c1-bdbb-fee737a34122#0:FAIL-t41] and 0 exception(s); d3e03273-8c79-4c12-9358-0a8612c41dd7@group-03B580E33239:t41, leader=null, voted=d3e03273-8c79-4c12-9358-0a8612c41dd7, raftlog=d3e03273-8c79-4c12-9358-0a8612c41dd7@group-03B580E33239-SegmentedRaftLog:OPENED:c3,f4,i4, conf=0: [20f566ef-d50a-432c-acfc-b325de8c1be4:192.168.157.238:44964, d3e03273-8c79-4c12-9358-0a8612c41dd7:192.168.157.238:40960, 04d45094-7136-40c1-bdbb-fee737a34122:192.168.157.238:41949], old=null
2019-10-18 04:00:10,844 [d3e03273-8c79-4c12-9358-0a8612c41dd7@group-03B580E33239-LeaderElection46] INFO  impl.RaftServerImpl (RaftServerImpl.java:setRole(184)) - d3e03273-8c79-4c12-9358-0a8612c41dd7@group-03B580E33239: changes role from CANDIDATE to FOLLOWER at term 41 for DISCOVERED_A_NEW_TERM
2019-10-18 04:00:10,844 [d3e03273-8c79-4c12-9358-0a8612c41dd7@group-03B580E33239-LeaderElection46] INFO  impl.RoleInfo (RoleInfo.java:shutdownLeaderElection(134)) - d3e03273-8c79-4c12-9358-0a8612c41dd7: shutdown LeaderElection
2019-10-18 04:00:10,844 [d3e03273-8c79-4c12-9358-0a8612c41dd7@group-03B580E33239-LeaderElection46] INFO  impl.RoleInfo (RoleInfo.java:updateAndGet(143)) - d3e03273-8c79-4c12-9358-0a8612c41dd7: start FollowerState
2019-10-18 04:00:10,845 [grpc-default-executor-0] INFO  impl.RaftServerImpl (RaftServerImpl.java:setRole(184)) - d3e03273-8c79-4c12-9358-0a8612c41dd7@group-7D23D0805109: changes role from  FOLLOWER to FOLLOWER at term 2 for recognizeCandidate:20f566ef-d50a-432c-acfc-b325de8c1be4
2019-10-18 04:00:10,845 [grpc-default-executor-0] INFO  impl.RoleInfo (RoleInfo.java:shutdownFollowerState(121)) - d3e03273-8c79-4c12-9358-0a8612c41dd7: shutdown FollowerState
2019-10-18 04:00:10,845 [Thread-845] INFO  impl.FollowerState (FollowerState.java:run(117)) - d3e03273-8c79-4c12-9358-0a8612c41dd7@group-7D23D0805109-FollowerState was interrupted: java.lang.InterruptedException: sleep interrupted
2019-10-18 04:00:10,846 [grpc-default-executor-0] INFO  impl.RoleInfo (RoleInfo.java:updateAndGet(143)) - d3e03273-8c79-4c12-9358-0a8612c41dd7: start FollowerState
2019-10-18 04:00:10,846 [20f566ef-d50a-432c-acfc-b325de8c1be4@group-7D23D0805109-LeaderElection47] INFO  impl.LeaderElection (LeaderElection.java:logAndReturn(56)) - 20f566ef-d50a-432c-acfc-b325de8c1be4@group-7D23D0805109-LeaderElection47: Election PASSED; received 1 response(s) [20f566ef-d50a-432c-acfc-b325de8c1be4<-04d45094-7136-40c1-bdbb-fee737a34122#0:OK-t2] and 0 exception(s); 20f566ef-d50a-432c-acfc-b325de8c1be4@group-7D23D0805109:t2, leader=null, voted=20f566ef-d50a-432c-acfc-b325de8c1be4, raftlog=20f566ef-d50a-432c-acfc-b325de8c1be4@group-7D23D0805109-SegmentedRaftLog:OPENED:c-1,f-1,i0, conf=-1: [20f566ef-d50a-432c-acfc-b325de8c1be4:192.168.157.238:44964, d3e03273-8c79-4c12-9358-0a8612c41dd7:192.168.157.238:40960, 04d45094-7136-40c1-bdbb-fee737a34122:192.168.157.238:41949], old=null
2019-10-18 04:00:10,846 [20f566ef-d50a-432c-acfc-b325de8c1be4@group-7D23D0805109-LeaderElection47] INFO  impl.RoleInfo (RoleInfo.java:shutdownLeaderElection(134)) - 20f566ef-d50a-432c-acfc-b325de8c1be4: shutdown LeaderElection
2019-10-18 04:00:10,846 [20f566ef-d50a-432c-acfc-b325de8c1be4@group-7D23D0805109-LeaderElection47] INFO  impl.RaftServerImpl (RaftServerImpl.java:setRole(184)) - 20f566ef-d50a-432c-acfc-b325de8c1be4@group-7D23D0805109: changes role from CANDIDATE to LEADER at term 2 for changeToLeader
2019-10-18 04:00:10,846 [20f566ef-d50a-432c-acfc-b325de8c1be4@group-7D23D0805109-LeaderElection47] INFO  impl.RaftServerImpl (ServerState.java:setLeader(256)) - 20f566ef-d50a-432c-acfc-b325de8c1be4@group-7D23D0805109: change Leader from null to 20f566ef-d50a-432c-acfc-b325de8c1be4 at term 2 for becomeLeader, leader elected after 91ms
2019-10-18 04:00:10,847 [20f566ef-d50a-432c-acfc-b325de8c1be4@group-7D23D0805109-LeaderElection47] INFO  server.RaftServerConfigKeys (ConfUtils.java:logGet(43)) - raft.server.staging.catchup.gap = 1000 (default)
2019-10-18 04:00:10,847 [20f566ef-d50a-432c-acfc-b325de8c1be4@group-7D23D0805109-LeaderElection47] INFO  server.RaftServerConfigKeys (ConfUtils.java:logGet(43)) - raft.server.rpc.sleep.time = 25ms (default)
2019-10-18 04:00:10,847 [20f566ef-d50a-432c-acfc-b325de8c1be4@group-7D23D0805109-LeaderElection47] INFO  server.RaftServerConfigKeys (ConfUtils.java:logGet(43)) - raft.server.write.element-limit = 4096 (default)
2019-10-18 04:00:10,847 [20f566ef-d50a-432c-acfc-b325de8c1be4@group-7D23D0805109-LeaderElection47] INFO  server.RaftServerConfigKeys (ConfUtils.java:logGet(43)) - raft.server.watch.timeout = 10s (default)
2019-10-18 04:00:10,847 [20f566ef-d50a-432c-acfc-b325de8c1be4@group-7D23D0805109-LeaderElection47] INFO  server.RaftServerConfigKeys (ConfUtils.java:logGet(43)) - raft.server.watch.timeout.denomination = 1s (default)
2019-10-18 04:00:10,847 [20f566ef-d50a-432c-acfc-b325de8c1be4@group-7D23D0805109-LeaderElection47] INFO  server.RaftServerConfigKeys (ConfUtils.java:logGet(43)) - raft.server.watch.element-limit = 65536 (default)
2019-10-18 04:00:10,851 [20f566ef-d50a-432c-acfc-b325de8c1be4@group-7D23D0805109-LeaderElection47] INFO  server.RaftServerConfigKeys (ConfUtils.java:logGet(43)) - raft.server.log.appender.snapshot.chunk.size.max = 16MB (=16777216) (default)
2019-10-18 04:00:10,851 [20f566ef-d50a-432c-acfc-b325de8c1be4@group-7D23D0805109-LeaderElection47] INFO  server.RaftServerConfigKeys (ConfUtils.java:logGet(43)) - raft.server.log.appender.buffer.byte-limit = 33554432 (custom)
2019-10-18 04:00:10,851 [20f566ef-d50a-432c-acfc-b325de8c1be4@group-7D23D0805109-LeaderElection47] INFO  server.RaftServerConfigKeys (ConfUtils.java:logGet(43)) - raft.server.log.appender.buffer.element-limit = 1 (custom)
2019-10-18 04:00:10,852 [20f566ef-d50a-432c-acfc-b325de8c1be4@group-7D23D0805109-LeaderElection47] INFO  grpc.GrpcConfigKeys$Server (ConfUtils.java:logGet(43)) - raft.grpc.server.leader.outstanding.appends.max = 128 (default)
2019-10-18 04:00:10,852 [20f566ef-d50a-432c-acfc-b325de8c1be4@group-7D23D0805109-LeaderElection47] INFO  server.RaftServerConfigKeys (ConfUtils.java:logGet(43)) - raft.server.rpc.request.timeout = 3000ms (default)
2019-10-18 04:00:10,852 [20f566ef-d50a-432c-acfc-b325de8c1be4@group-7D23D0805109-LeaderElection47] INFO  server.RaftServerConfigKeys (ConfUtils.java:logGet(43)) - raft.server.log.appender.install.snapshot.enabled = false (custom)
2019-10-18 04:00:10,855 [20f566ef-d50a-432c-acfc-b325de8c1be4@group-7D23D0805109-LeaderElection47] INFO  server.RaftServerConfigKeys (ConfUtils.java:logGet(43)) - raft.server.log.appender.snapshot.chunk.size.max = 16MB (=16777216) (default)
2019-10-18 04:00:10,855 [20f566ef-d50a-432c-acfc-b325de8c1be4@group-7D23D0805109-LeaderElection47] INFO  server.RaftServerConfigKeys (ConfUtils.java:logGet(43)) - raft.server.log.appender.buffer.byte-limit = 33554432 (custom)
2019-10-18 04:00:10,855 [20f566ef-d50a-432c-acfc-b325de8c1be4@group-7D23D0805109-LeaderElection47] INFO  server.RaftServerConfigKeys (ConfUtils.java:logGet(43)) - raft.server.log.appender.buffer.element-limit = 1 (custom)
2019-10-18 04:00:10,856 [20f566ef-d50a-432c-acfc-b325de8c1be4@group-7D23D0805109-LeaderElection47] INFO  grpc.GrpcConfigKeys$Server (ConfUtils.java:logGet(43)) - raft.grpc.server.leader.outstanding.appends.max = 128 (default)
2019-10-18 04:00:10,856 [20f566ef-d50a-432c-acfc-b325de8c1be4@group-7D23D0805109-LeaderElection47] INFO  server.RaftServerConfigKeys (ConfUtils.java:logGet(43)) - raft.server.rpc.request.timeout = 3000ms (default)
2019-10-18 04:00:10,856 [20f566ef-d50a-432c-acfc-b325de8c1be4@group-7D23D0805109-LeaderElection47] INFO  server.RaftServerConfigKeys (ConfUtils.java:logGet(43)) - raft.server.log.appender.install.snapshot.enabled = false (custom)
2019-10-18 04:00:10,859 [20f566ef-d50a-432c-acfc-b325de8c1be4@group-7D23D0805109-LeaderElection47] INFO  impl.RoleInfo (RoleInfo.java:updateAndGet(143)) - 20f566ef-d50a-432c-acfc-b325de8c1be4: start LeaderState
2019-10-18 04:00:10,859 [20f566ef-d50a-432c-acfc-b325de8c1be4@group-7D23D0805109-LeaderElection47] INFO  segmented.SegmentedRaftLogWorker (SegmentedRaftLogWorker.java:startLogSegment(385)) - 20f566ef-d50a-432c-acfc-b325de8c1be4@group-7D23D0805109-SegmentedRaftLogWorker: Starting segment from index:0
2019-10-18 04:00:10,860 [20f566ef-d50a-432c-acfc-b325de8c1be4@group-7D23D0805109-LeaderElection47] INFO  impl.RaftServerImpl (ServerState.java:setRaftConf(357)) - 20f566ef-d50a-432c-acfc-b325de8c1be4@group-7D23D0805109: set configuration 0: [20f566ef-d50a-432c-acfc-b325de8c1be4:192.168.157.238:44964, d3e03273-8c79-4c12-9358-0a8612c41dd7:192.168.157.238:40960, 04d45094-7136-40c1-bdbb-fee737a34122:192.168.157.238:41949], old=null at 0
2019-10-18 04:00:10,862 [grpc-default-executor-6] INFO  impl.RaftServerImpl (ServerState.java:setLeader(256)) - 04d45094-7136-40c1-bdbb-fee737a34122@group-7D23D0805109: change Leader from null to 20f566ef-d50a-432c-acfc-b325de8c1be4 at term 2 for appendEntries, leader elected after 106ms
2019-10-18 04:00:10,862 [grpc-default-executor-0] INFO  impl.RaftServerImpl (ServerState.java:setLeader(256)) - d3e03273-8c79-4c12-9358-0a8612c41dd7@group-7D23D0805109: change Leader from null to 20f566ef-d50a-432c-acfc-b325de8c1be4 at term 2 for appendEntries, leader elected after 107ms
2019-10-18 04:00:10,864 [grpc-default-executor-6] INFO  impl.RaftServerImpl (ServerState.java:setRaftConf(357)) - 04d45094-7136-40c1-bdbb-fee737a34122@group-7D23D0805109: set configuration 0: [20f566ef-d50a-432c-acfc-b325de8c1be4:192.168.157.238:44964, d3e03273-8c79-4c12-9358-0a8612c41dd7:192.168.157.238:40960, 04d45094-7136-40c1-bdbb-fee737a34122:192.168.157.238:41949], old=null at 0
2019-10-18 04:00:10,865 [grpc-default-executor-0] INFO  impl.RaftServerImpl (ServerState.java:setRaftConf(357)) - d3e03273-8c79-4c12-9358-0a8612c41dd7@group-7D23D0805109: set configuration 0: [20f566ef-d50a-432c-acfc-b325de8c1be4:192.168.157.238:44964, d3e03273-8c79-4c12-9358-0a8612c41dd7:192.168.157.238:40960, 04d45094-7136-40c1-bdbb-fee737a34122:192.168.157.238:41949], old=null at 0
2019-10-18 04:00:10,865 [grpc-default-executor-6] INFO  segmented.SegmentedRaftLogWorker (SegmentedRaftLogWorker.java:startLogSegment(385)) - 04d45094-7136-40c1-bdbb-fee737a34122@group-7D23D0805109-SegmentedRaftLogWorker: Starting segment from index:0
2019-10-18 04:00:10,865 [grpc-default-executor-0] INFO  segmented.SegmentedRaftLogWorker (SegmentedRaftLogWorker.java:startLogSegment(385)) - d3e03273-8c79-4c12-9358-0a8612c41dd7@group-7D23D0805109-SegmentedRaftLogWorker: Starting segment from index:0
2019-10-18 04:00:10,903 [20f566ef-d50a-432c-acfc-b325de8c1be4@group-7D23D0805109-SegmentedRaftLogWorker] INFO  segmented.SegmentedRaftLogWorker (SegmentedRaftLogWorker.java:execute(576)) - 20f566ef-d50a-432c-acfc-b325de8c1be4@group-7D23D0805109-SegmentedRaftLogWorker: created new log segment /workdir/hadoop-ozone/integration-test/target/test-dir/MiniOzoneClusterImpl-36fb2caf-2745-49bb-9dac-6faaadebd701/datanode-0/data/ratis/1d91e133-1383-4a2d-b56a-7d23d0805109/current/log_inprogress_0
2019-10-18 04:00:10,903 [04d45094-7136-40c1-bdbb-fee737a34122@group-7D23D0805109-SegmentedRaftLogWorker] INFO  segmented.SegmentedRaftLogWorker (SegmentedRaftLogWorker.java:execute(576)) - 04d45094-7136-40c1-bdbb-fee737a34122@group-7D23D0805109-SegmentedRaftLogWorker: created new log segment /workdir/hadoop-ozone/integration-test/target/test-dir/MiniOzoneClusterImpl-36fb2caf-2745-49bb-9dac-6faaadebd701/datanode-1/data/ratis/1d91e133-1383-4a2d-b56a-7d23d0805109/current/log_inprogress_0
2019-10-18 04:00:10,906 [d3e03273-8c79-4c12-9358-0a8612c41dd7@group-7D23D0805109-SegmentedRaftLogWorker] INFO  segmented.SegmentedRaftLogWorker (SegmentedRaftLogWorker.java:execute(576)) - d3e03273-8c79-4c12-9358-0a8612c41dd7@group-7D23D0805109-SegmentedRaftLogWorker: created new log segment /workdir/hadoop-ozone/integration-test/target/test-dir/MiniOzoneClusterImpl-36fb2caf-2745-49bb-9dac-6faaadebd701/datanode-2/data/ratis/1d91e133-1383-4a2d-b56a-7d23d0805109/current/log_inprogress_0
2019-10-18 04:00:10,933 [Thread-847] INFO  impl.FollowerState (FollowerState.java:run(108)) - d3e03273-8c79-4c12-9358-0a8612c41dd7@group-03B580E33239-FollowerState: change to CANDIDATE, lastRpcTime:88ms, electionTimeout:88ms
2019-10-18 04:00:10,933 [Thread-847] INFO  impl.RoleInfo (RoleInfo.java:shutdownFollowerState(121)) - d3e03273-8c79-4c12-9358-0a8612c41dd7: shutdown FollowerState
2019-10-18 04:00:10,933 [Thread-847] INFO  impl.RaftServerImpl (RaftServerImpl.java:setRole(184)) - d3e03273-8c79-4c12-9358-0a8612c41dd7@group-03B580E33239: changes role from  FOLLOWER to CANDIDATE at term 41 for changeToCandidate
2019-10-18 04:00:10,933 [Thread-847] INFO  impl.RoleInfo (RoleInfo.java:updateAndGet(143)) - d3e03273-8c79-4c12-9358-0a8612c41dd7: start LeaderElection
2019-10-18 04:00:10,937 [d3e03273-8c79-4c12-9358-0a8612c41dd7@group-03B580E33239-LeaderElection49] INFO  impl.LeaderElection (LeaderElection.java:askForVotes(178)) - d3e03273-8c79-4c12-9358-0a8612c41dd7@group-03B580E33239-LeaderElection49: begin an election at term 42 for 0: [20f566ef-d50a-432c-acfc-b325de8c1be4:192.168.157.238:44964, d3e03273-8c79-4c12-9358-0a8612c41dd7:192.168.157.238:40960, 04d45094-7136-40c1-bdbb-fee737a34122:192.168.157.238:41949], old=null
2019-10-18 04:00:10,940 [grpc-default-executor-6] INFO  impl.RaftServerImpl (RaftServerImpl.java:setRole(184)) - 20f566ef-d50a-432c-acfc-b325de8c1be4@group-03B580E33239: changes role from  FOLLOWER to FOLLOWER at term 42 for recognizeCandidate:d3e03273-8c79-4c12-9358-0a8612c41dd7
2019-10-18 04:00:10,940 [grpc-default-executor-0] INFO  impl.RaftServerImpl (RaftServerImpl.java:setRole(184)) - 04d45094-7136-40c1-bdbb-fee737a34122@group-03B580E33239: changes role from  FOLLOWER to FOLLOWER at term 42 for recognizeCandidate:d3e03273-8c79-4c12-9358-0a8612c41dd7
2019-10-18 04:00:10,940 [grpc-default-executor-6] INFO  impl.RoleInfo (RoleInfo.java:shutdownFollowerState(121)) - 20f566ef-d50a-432c-acfc-b325de8c1be4: shutdown FollowerState
2019-10-18 04:00:10,940 [grpc-default-executor-0] INFO  impl.RoleInfo (RoleInfo.java:shutdownFollowerState(121)) - 04d45094-7136-40c1-bdbb-fee737a34122: shutdown FollowerState
2019-10-18 04:00:10,941 [Thread-841] INFO  impl.FollowerState (FollowerState.java:run(117)) - 20f566ef-d50a-432c-acfc-b325de8c1be4@group-03B580E33239-FollowerState was interrupted: java.lang.InterruptedException: sleep interrupted
2019-10-18 04:00:10,941 [grpc-default-executor-6] INFO  impl.RoleInfo (RoleInfo.java:updateAndGet(143)) - 20f566ef-d50a-432c-acfc-b325de8c1be4: start FollowerState
2019-10-18 04:00:10,941 [Thread-842] INFO  impl.FollowerState (FollowerState.java:run(117)) - 04d45094-7136-40c1-bdbb-fee737a34122@group-03B580E33239-FollowerState was interrupted: java.lang.InterruptedException: sleep interrupted
2019-10-18 04:00:10,941 [grpc-default-executor-0] INFO  impl.RoleInfo (RoleInfo.java:updateAndGet(143)) - 04d45094-7136-40c1-bdbb-fee737a34122: start FollowerState
2019-10-18 04:00:10,957 [d3e03273-8c79-4c12-9358-0a8612c41dd7@group-03B580E33239-LeaderElection49] INFO  impl.LeaderElection (LeaderElection.java:logAndReturn(56)) - d3e03273-8c79-4c12-9358-0a8612c41dd7@group-03B580E33239-LeaderElection49: Election REJECTED; received 2 response(s) [d3e03273-8c79-4c12-9358-0a8612c41dd7<-20f566ef-d50a-432c-acfc-b325de8c1be4#0:FAIL-t42, d3e03273-8c79-4c12-9358-0a8612c41dd7<-04d45094-7136-40c1-bdbb-fee737a34122#0:FAIL-t42] and 0 exception(s); d3e03273-8c79-4c12-9358-0a8612c41dd7@group-03B580E33239:t42, leader=null, voted=d3e03273-8c79-4c12-9358-0a8612c41dd7, raftlog=d3e03273-8c79-4c12-9358-0a8612c41dd7@group-03B580E33239-SegmentedRaftLog:OPENED:c3,f4,i4, conf=0: [20f566ef-d50a-432c-acfc-b325de8c1be4:192.168.157.238:44964, d3e03273-8c79-4c12-9358-0a8612c41dd7:192.168.157.238:40960, 04d45094-7136-40c1-bdbb-fee737a34122:192.168.157.238:41949], old=null
2019-10-18 04:00:10,957 [d3e03273-8c79-4c12-9358-0a8612c41dd7@group-03B580E33239-LeaderElection49] INFO  impl.RaftServerImpl (RaftServerImpl.java:setRole(184)) - d3e03273-8c79-4c12-9358-0a8612c41dd7@group-03B580E33239: changes role from CANDIDATE to FOLLOWER at term 42 for DISCOVERED_A_NEW_TERM
2019-10-18 04:00:10,957 [d3e03273-8c79-4c12-9358-0a8612c41dd7@group-03B580E33239-LeaderElection49] INFO  impl.RoleInfo (RoleInfo.java:shutdownLeaderElection(134)) - d3e03273-8c79-4c12-9358-0a8612c41dd7: shutdown LeaderElection
2019-10-18 04:00:10,957 [d3e03273-8c79-4c12-9358-0a8612c41dd7@group-03B580E33239-LeaderElection49] INFO  impl.RoleInfo (RoleInfo.java:updateAndGet(143)) - d3e03273-8c79-4c12-9358-0a8612c41dd7: start FollowerState
2019-10-18 04:00:11,098 [EventQueue-PendingDeleteStatusForPendingDeleteHandler] INFO  block.SCMBlockDeletingService (SCMBlockDeletingService.java:handlePendingDeletes(115)) - Block deletion txnID mismatch in datanode d3e03273-8c79-4c12-9358-0a8612c41dd7 for containerID 1. Datanode delete txnID: 0, SCM txnID: 1
2019-10-18 04:00:11,111 [Thread-863] INFO  impl.FollowerState (FollowerState.java:run(108)) - d3e03273-8c79-4c12-9358-0a8612c41dd7@group-03B580E33239-FollowerState: change to CANDIDATE, lastRpcTime:153ms, electionTimeout:153ms
2019-10-18 04:00:11,111 [Thread-863] INFO  impl.RoleInfo (RoleInfo.java:shutdownFollowerState(121)) - d3e03273-8c79-4c12-9358-0a8612c41dd7: shutdown FollowerState
2019-10-18 04:00:11,111 [Thread-863] INFO  impl.RaftServerImpl (RaftServerImpl.java:setRole(184)) - d3e03273-8c79-4c12-9358-0a8612c41dd7@group-03B580E33239: changes role from  FOLLOWER to CANDIDATE at term 42 for changeToCandidate
2019-10-18 04:00:11,111 [Thread-863] INFO  impl.RoleInfo (RoleInfo.java:updateAndGet(143)) - d3e03273-8c79-4c12-9358-0a8612c41dd7: start LeaderElection
2019-10-18 04:00:11,127 [d3e03273-8c79-4c12-9358-0a8612c41dd7@group-03B580E33239-LeaderElection50] INFO  impl.LeaderElection (LeaderElection.java:askForVotes(178)) - d3e03273-8c79-4c12-9358-0a8612c41dd7@group-03B580E33239-LeaderElection50: begin an election at term 43 for 0: [20f566ef-d50a-432c-acfc-b325de8c1be4:192.168.157.238:44964, d3e03273-8c79-4c12-9358-0a8612c41dd7:192.168.157.238:40960, 04d45094-7136-40c1-bdbb-fee737a34122:192.168.157.238:41949], old=null
2019-10-18 04:00:11,131 [grpc-default-executor-6] INFO  impl.RaftServerImpl (RaftServerImpl.java:setRole(184)) - 20f566ef-d50a-432c-acfc-b325de8c1be4@group-03B580E33239: changes role from  FOLLOWER to FOLLOWER at term 43 for recognizeCandidate:d3e03273-8c79-4c12-9358-0a8612c41dd7
2019-10-18 04:00:11,131 [grpc-default-executor-0] INFO  impl.RaftServerImpl (RaftServerImpl.java:setRole(184)) - 04d45094-7136-40c1-bdbb-fee737a34122@group-03B580E33239: changes role from  FOLLOWER to FOLLOWER at term 43 for recognizeCandidate:d3e03273-8c79-4c12-9358-0a8612c41dd7
2019-10-18 04:00:11,131 [grpc-default-executor-6] INFO  impl.RoleInfo (RoleInfo.java:shutdownFollowerState(121)) - 20f566ef-d50a-432c-acfc-b325de8c1be4: shutdown FollowerState
2019-10-18 04:00:11,131 [grpc-default-executor-0] INFO  impl.RoleInfo (RoleInfo.java:shutdownFollowerState(121)) - 04d45094-7136-40c1-bdbb-fee737a34122: shutdown FollowerState
2019-10-18 04:00:11,132 [Thread-861] INFO  impl.FollowerState (FollowerState.java:run(117)) - 20f566ef-d50a-432c-acfc-b325de8c1be4@group-03B580E33239-FollowerState was interrupted: java.lang.InterruptedException: sleep interrupted
2019-10-18 04:00:11,132 [grpc-default-executor-6] INFO  impl.RoleInfo (RoleInfo.java:updateAndGet(143)) - 20f566ef-d50a-432c-acfc-b325de8c1be4: start FollowerState
2019-10-18 04:00:11,132 [grpc-default-executor-0] INFO  impl.RoleInfo (RoleInfo.java:updateAndGet(143)) - 04d45094-7136-40c1-bdbb-fee737a34122: start FollowerState
2019-10-18 04:00:11,132 [Thread-862] INFO  impl.FollowerState (FollowerState.java:run(117)) - 04d45094-7136-40c1-bdbb-fee737a34122@group-03B580E33239-FollowerState was interrupted: java.lang.InterruptedException: sleep interrupted
2019-10-18 04:00:11,147 [d3e03273-8c79-4c12-9358-0a8612c41dd7@group-03B580E33239-LeaderElection50] INFO  impl.LeaderElection (LeaderElection.java:logAndReturn(56)) - d3e03273-8c79-4c12-9358-0a8612c41dd7@group-03B580E33239-LeaderElection50: Election REJECTED; received 2 response(s) [d3e03273-8c79-4c12-9358-0a8612c41dd7<-20f566ef-d50a-432c-acfc-b325de8c1be4#0:FAIL-t43, d3e03273-8c79-4c12-9358-0a8612c41dd7<-04d45094-7136-40c1-bdbb-fee737a34122#0:FAIL-t43] and 0 exception(s); d3e03273-8c79-4c12-9358-0a8612c41dd7@group-03B580E33239:t43, leader=null, voted=d3e03273-8c79-4c12-9358-0a8612c41dd7, raftlog=d3e03273-8c79-4c12-9358-0a8612c41dd7@group-03B580E33239-SegmentedRaftLog:OPENED:c3,f4,i4, conf=0: [20f566ef-d50a-432c-acfc-b325de8c1be4:192.168.157.238:44964, d3e03273-8c79-4c12-9358-0a8612c41dd7:192.168.157.238:40960, 04d45094-7136-40c1-bdbb-fee737a34122:192.168.157.238:41949], old=null
2019-10-18 04:00:11,147 [d3e03273-8c79-4c12-9358-0a8612c41dd7@group-03B580E33239-LeaderElection50] INFO  impl.RaftServerImpl (RaftServerImpl.java:setRole(184)) - d3e03273-8c79-4c12-9358-0a8612c41dd7@group-03B580E33239: changes role from CANDIDATE to FOLLOWER at term 43 for DISCOVERED_A_NEW_TERM
2019-10-18 04:00:11,148 [d3e03273-8c79-4c12-9358-0a8612c41dd7@group-03B580E33239-LeaderElection50] INFO  impl.RoleInfo (RoleInfo.java:shutdownLeaderElection(134)) - d3e03273-8c79-4c12-9358-0a8612c41dd7: shutdown LeaderElection
2019-10-18 04:00:11,148 [d3e03273-8c79-4c12-9358-0a8612c41dd7@group-03B580E33239-LeaderElection50] INFO  impl.RoleInfo (RoleInfo.java:updateAndGet(143)) - d3e03273-8c79-4c12-9358-0a8612c41dd7: start FollowerState
2019-10-18 04:00:11,268 [Thread-869] INFO  impl.FollowerState (FollowerState.java:run(108)) - d3e03273-8c79-4c12-9358-0a8612c41dd7@group-03B580E33239-FollowerState: change to CANDIDATE, lastRpcTime:120ms, electionTimeout:120ms
2019-10-18 04:00:11,268 [Thread-869] INFO  impl.RoleInfo (RoleInfo.java:shutdownFollowerState(121)) - d3e03273-8c79-4c12-9358-0a8612c41dd7: shutdown FollowerState
2019-10-18 04:00:11,268 [Thread-869] INFO  impl.RaftServerImpl (RaftServerImpl.java:setRole(184)) - d3e03273-8c79-4c12-9358-0a8612c41dd7@group-03B580E33239: changes role from  FOLLOWER to CANDIDATE at term 43 for changeToCandidate
2019-10-18 04:00:11,269 [Thread-869] INFO  impl.RoleInfo (RoleInfo.java:updateAndGet(143)) - d3e03273-8c79-4c12-9358-0a8612c41dd7: start LeaderElection
2019-10-18 04:00:11,294 [d3e03273-8c79-4c12-9358-0a8612c41dd7@group-03B580E33239-LeaderElection51] INFO  impl.LeaderElection (LeaderElection.java:askForVotes(178)) - d3e03273-8c79-4c12-9358-0a8612c41dd7@group-03B580E33239-LeaderElection51: begin an election at term 44 for 0: [20f566ef-d50a-432c-acfc-b325de8c1be4:192.168.157.238:44964, d3e03273-8c79-4c12-9358-0a8612c41dd7:192.168.157.238:40960, 04d45094-7136-40c1-bdbb-fee737a34122:192.168.157.238:41949], old=null
2019-10-18 04:00:11,297 [grpc-default-executor-0] INFO  impl.RaftServerImpl (RaftServerImpl.java:setRole(184)) - 20f566ef-d50a-432c-acfc-b325de8c1be4@group-03B580E33239: changes role from  FOLLOWER to FOLLOWER at term 44 for recognizeCandidate:d3e03273-8c79-4c12-9358-0a8612c41dd7
2019-10-18 04:00:11,297 [grpc-default-executor-0] INFO  impl.RoleInfo (RoleInfo.java:shutdownFollowerState(121)) - 20f566ef-d50a-432c-acfc-b325de8c1be4: shutdown FollowerState
2019-10-18 04:00:11,297 [Thread-867] INFO  impl.FollowerState (FollowerState.java:run(117)) - 20f566ef-d50a-432c-acfc-b325de8c1be4@group-03B580E33239-FollowerState was interrupted: java.lang.InterruptedException: sleep interrupted
2019-10-18 04:00:11,297 [grpc-default-executor-0] INFO  impl.RoleInfo (RoleInfo.java:updateAndGet(143)) - 20f566ef-d50a-432c-acfc-b325de8c1be4: start FollowerState
2019-10-18 04:00:11,297 [grpc-default-executor-6] INFO  impl.RaftServerImpl (RaftServerImpl.java:setRole(184)) - 04d45094-7136-40c1-bdbb-fee737a34122@group-03B580E33239: changes role from  FOLLOWER to FOLLOWER at term 44 for recognizeCandidate:d3e03273-8c79-4c12-9358-0a8612c41dd7
2019-10-18 04:00:11,298 [grpc-default-executor-6] INFO  impl.RoleInfo (RoleInfo.java:shutdownFollowerState(121)) - 04d45094-7136-40c1-bdbb-fee737a34122: shutdown FollowerState
2019-10-18 04:00:11,298 [grpc-default-executor-6] INFO  impl.RoleInfo (RoleInfo.java:updateAndGet(143)) - 04d45094-7136-40c1-bdbb-fee737a34122: start FollowerState
2019-10-18 04:00:11,298 [Thread-868] INFO  impl.FollowerState (FollowerState.java:run(117)) - 04d45094-7136-40c1-bdbb-fee737a34122@group-03B580E33239-FollowerState was interrupted: java.lang.InterruptedException: sleep interrupted
2019-10-18 04:00:11,313 [d3e03273-8c79-4c12-9358-0a8612c41dd7@group-03B580E33239-LeaderElection51] INFO  impl.LeaderElection (LeaderElection.java:logAndReturn(56)) - d3e03273-8c79-4c12-9358-0a8612c41dd7@group-03B580E33239-LeaderElection51: Election REJECTED; received 2 response(s) [d3e03273-8c79-4c12-9358-0a8612c41dd7<-20f566ef-d50a-432c-acfc-b325de8c1be4#0:FAIL-t44, d3e03273-8c79-4c12-9358-0a8612c41dd7<-04d45094-7136-40c1-bdbb-fee737a34122#0:FAIL-t44] and 0 exception(s); d3e03273-8c79-4c12-9358-0a8612c41dd7@group-03B580E33239:t44, leader=null, voted=d3e03273-8c79-4c12-9358-0a8612c41dd7, raftlog=d3e03273-8c79-4c12-9358-0a8612c41dd7@group-03B580E33239-SegmentedRaftLog:OPENED:c3,f4,i4, conf=0: [20f566ef-d50a-432c-acfc-b325de8c1be4:192.168.157.238:44964, d3e03273-8c79-4c12-9358-0a8612c41dd7:192.168.157.238:40960, 04d45094-7136-40c1-bdbb-fee737a34122:192.168.157.238:41949], old=null
2019-10-18 04:00:11,313 [d3e03273-8c79-4c12-9358-0a8612c41dd7@group-03B580E33239-LeaderElection51] INFO  impl.RaftServerImpl (RaftServerImpl.java:setRole(184)) - d3e03273-8c79-4c12-9358-0a8612c41dd7@group-03B580E33239: changes role from CANDIDATE to FOLLOWER at term 44 for DISCOVERED_A_NEW_TERM
2019-10-18 04:00:11,313 [d3e03273-8c79-4c12-9358-0a8612c41dd7@group-03B580E33239-LeaderElection51] INFO  impl.RoleInfo (RoleInfo.java:shutdownLeaderElection(134)) - d3e03273-8c79-4c12-9358-0a8612c41dd7: shutdown LeaderElection
2019-10-18 04:00:11,313 [d3e03273-8c79-4c12-9358-0a8612c41dd7@group-03B580E33239-LeaderElection51] INFO  impl.RoleInfo (RoleInfo.java:updateAndGet(143)) - d3e03273-8c79-4c12-9358-0a8612c41dd7: start FollowerState
2019-10-18 04:00:11,355 [pool-7-thread-1] INFO  commands.RetriableDatanodeEventWatcher (RetriableDatanodeEventWatcher.java:onTimeout(47)) - RetriableDatanodeCommand type=deleteBlocksCommand with id=1571371203353 timed out. Retrying.
2019-10-18 04:00:11,355 [pool-7-thread-4] INFO  commands.RetriableDatanodeEventWatcher (RetriableDatanodeEventWatcher.java:onTimeout(47)) - RetriableDatanodeCommand type=deleteBlocksCommand with id=1571371203354 timed out. Retrying.
2019-10-18 04:00:11,355 [pool-7-thread-4] INFO  commands.RetriableDatanodeEventWatcher (RetriableDatanodeEventWatcher.java:onTimeout(47)) - RetriableDatanodeCommand type=deleteBlocksCommand with id=1571371203352 timed out. Retrying.
2019-10-18 04:00:11,356 [pool-7-thread-2] INFO  commands.RetriableDatanodeEventWatcher (RetriableDatanodeEventWatcher.java:onTimeout(47)) - RetriableDatanodeCommand type=deleteBlocksCommand with id=1571371203350 timed out. Retrying.
2019-10-18 04:00:11,356 [pool-7-thread-6] INFO  commands.RetriableDatanodeEventWatcher (RetriableDatanodeEventWatcher.java:onTimeout(47)) - RetriableDatanodeCommand type=deleteBlocksCommand with id=1571371203348 timed out. Retrying.
2019-10-18 04:00:11,356 [SCMBlockDeletingService#0] INFO  block.SCMBlockDeletingService (SCMBlockDeletingService.java:call(184)) - Totally added 1 delete blocks command for 1 datanodes, task elapsed time: 1ms
2019-10-18 04:00:11,356 [pool-7-thread-5] INFO  commands.RetriableDatanodeEventWatcher (RetriableDatanodeEventWatcher.java:onTimeout(47)) - RetriableDatanodeCommand type=deleteBlocksCommand with id=1571371203349 timed out. Retrying.
2019-10-18 04:00:11,356 [pool-7-thread-3] INFO  commands.RetriableDatanodeEventWatcher (RetriableDatanodeEventWatcher.java:onTimeout(47)) - RetriableDatanodeCommand type=deleteBlocksCommand with id=1571371203351 timed out. Retrying.
2019-10-18 04:00:11,358 [pool-7-thread-1] INFO  commands.RetriableDatanodeEventWatcher (RetriableDatanodeEventWatcher.java:onTimeout(47)) - RetriableDatanodeCommand type=deleteBlocksCommand with id=1571371203345 timed out. Retrying.
2019-10-18 04:00:11,398 [EventQueue-PendingDeleteStatusForPendingDeleteHandler] INFO  block.SCMBlockDeletingService (SCMBlockDeletingService.java:handlePendingDeletes(115)) - Block deletion txnID mismatch in datanode d3e03273-8c79-4c12-9358-0a8612c41dd7 for containerID 1. Datanode delete txnID: 0, SCM txnID: 1
2019-10-18 04:00:11,471 [Thread-875] INFO  impl.FollowerState (FollowerState.java:run(108)) - d3e03273-8c79-4c12-9358-0a8612c41dd7@group-03B580E33239-FollowerState: change to CANDIDATE, lastRpcTime:158ms, electionTimeout:158ms
2019-10-18 04:00:11,471 [Thread-875] INFO  impl.RoleInfo (RoleInfo.java:shutdownFollowerState(121)) - d3e03273-8c79-4c12-9358-0a8612c41dd7: shutdown FollowerState
2019-10-18 04:00:11,472 [Thread-875] INFO  impl.RaftServerImpl (RaftServerImpl.java:setRole(184)) - d3e03273-8c79-4c12-9358-0a8612c41dd7@group-03B580E33239: changes role from  FOLLOWER to CANDIDATE at term 44 for changeToCandidate
2019-10-18 04:00:11,472 [Thread-875] INFO  impl.RoleInfo (RoleInfo.java:updateAndGet(143)) - d3e03273-8c79-4c12-9358-0a8612c41dd7: start LeaderElection
2019-10-18 04:00:11,485 [d3e03273-8c79-4c12-9358-0a8612c41dd7@group-03B580E33239-LeaderElection52] INFO  impl.LeaderElection (LeaderElection.java:askForVotes(178)) - d3e03273-8c79-4c12-9358-0a8612c41dd7@group-03B580E33239-LeaderElection52: begin an election at term 45 for 0: [20f566ef-d50a-432c-acfc-b325de8c1be4:192.168.157.238:44964, d3e03273-8c79-4c12-9358-0a8612c41dd7:192.168.157.238:40960, 04d45094-7136-40c1-bdbb-fee737a34122:192.168.157.238:41949], old=null
2019-10-18 04:00:11,488 [grpc-default-executor-6] INFO  impl.RaftServerImpl (RaftServerImpl.java:setRole(184)) - 20f566ef-d50a-432c-acfc-b325de8c1be4@group-03B580E33239: changes role from  FOLLOWER to FOLLOWER at term 45 for recognizeCandidate:d3e03273-8c79-4c12-9358-0a8612c41dd7
2019-10-18 04:00:11,488 [grpc-default-executor-0] INFO  impl.RaftServerImpl (RaftServerImpl.java:setRole(184)) - 04d45094-7136-40c1-bdbb-fee737a34122@group-03B580E33239: changes role from  FOLLOWER to FOLLOWER at term 45 for recognizeCandidate:d3e03273-8c79-4c12-9358-0a8612c41dd7
2019-10-18 04:00:11,488 [grpc-default-executor-6] INFO  impl.RoleInfo (RoleInfo.java:shutdownFollowerState(121)) - 20f566ef-d50a-432c-acfc-b325de8c1be4: shutdown FollowerState
2019-10-18 04:00:11,488 [grpc-default-executor-0] INFO  impl.RoleInfo (RoleInfo.java:shutdownFollowerState(121)) - 04d45094-7136-40c1-bdbb-fee737a34122: shutdown FollowerState
2019-10-18 04:00:11,488 [grpc-default-executor-6] INFO  impl.RoleInfo (RoleInfo.java:updateAndGet(143)) - 20f566ef-d50a-432c-acfc-b325de8c1be4: start FollowerState
2019-10-18 04:00:11,488 [Thread-873] INFO  impl.FollowerState (FollowerState.java:run(117)) - 20f566ef-d50a-432c-acfc-b325de8c1be4@group-03B580E33239-FollowerState was interrupted: java.lang.InterruptedException: sleep interrupted
2019-10-18 04:00:11,489 [Thread-874] INFO  impl.FollowerState (FollowerState.java:run(117)) - 04d45094-7136-40c1-bdbb-fee737a34122@group-03B580E33239-FollowerState was interrupted: java.lang.InterruptedException: sleep interrupted
2019-10-18 04:00:11,489 [grpc-default-executor-0] INFO  impl.RoleInfo (RoleInfo.java:updateAndGet(143)) - 04d45094-7136-40c1-bdbb-fee737a34122: start FollowerState
2019-10-18 04:00:11,525 [d3e03273-8c79-4c12-9358-0a8612c41dd7@group-03B580E33239-LeaderElection52] INFO  impl.LeaderElection (LeaderElection.java:logAndReturn(56)) - d3e03273-8c79-4c12-9358-0a8612c41dd7@group-03B580E33239-LeaderElection52: Election REJECTED; received 2 response(s) [d3e03273-8c79-4c12-9358-0a8612c41dd7<-20f566ef-d50a-432c-acfc-b325de8c1be4#0:FAIL-t45, d3e03273-8c79-4c12-9358-0a8612c41dd7<-04d45094-7136-40c1-bdbb-fee737a34122#0:FAIL-t45] and 0 exception(s); d3e03273-8c79-4c12-9358-0a8612c41dd7@group-03B580E33239:t45, leader=null, voted=d3e03273-8c79-4c12-9358-0a8612c41dd7, raftlog=d3e03273-8c79-4c12-9358-0a8612c41dd7@group-03B580E33239-SegmentedRaftLog:OPENED:c3,f4,i4, conf=0: [20f566ef-d50a-432c-acfc-b325de8c1be4:192.168.157.238:44964, d3e03273-8c79-4c12-9358-0a8612c41dd7:192.168.157.238:40960, 04d45094-7136-40c1-bdbb-fee737a34122:192.168.157.238:41949], old=null
2019-10-18 04:00:11,525 [d3e03273-8c79-4c12-9358-0a8612c41dd7@group-03B580E33239-LeaderElection52] INFO  impl.RaftServerImpl (RaftServerImpl.java:setRole(184)) - d3e03273-8c79-4c12-9358-0a8612c41dd7@group-03B580E33239: changes role from CANDIDATE to FOLLOWER at term 45 for DISCOVERED_A_NEW_TERM
2019-10-18 04:00:11,525 [d3e03273-8c79-4c12-9358-0a8612c41dd7@group-03B580E33239-LeaderElection52] INFO  impl.RoleInfo (RoleInfo.java:shutdownLeaderElection(134)) - d3e03273-8c79-4c12-9358-0a8612c41dd7: shutdown LeaderElection
2019-10-18 04:00:11,526 [d3e03273-8c79-4c12-9358-0a8612c41dd7@group-03B580E33239-LeaderElection52] INFO  impl.RoleInfo (RoleInfo.java:updateAndGet(143)) - d3e03273-8c79-4c12-9358-0a8612c41dd7: start FollowerState
2019-10-18 04:00:11,536 [BlockDeletingService#2] WARN  background.BlockDeletingService (BlockDeletingService.java:isDeletionAllowed(187)) - Close Container log Index 6 is not replicated across allthe servers in the pipeline defa1269-bd0f-4f76-adbb-03b580e33239 as the min replicated index is 4. Deletion is not allowed in this container yet.
2019-10-18 04:00:11,536 [BlockDeletingService#2] WARN  background.BlockDeletingService (BlockDeletingService.java:isDeletionAllowed(187)) - Close Container log Index 6 is not replicated across allthe servers in the pipeline defa1269-bd0f-4f76-adbb-03b580e33239 as the min replicated index is 4. Deletion is not allowed in this container yet.
2019-10-18 04:00:11,563 [Thread-881] INFO  impl.FollowerState (FollowerState.java:run(108)) - d3e03273-8c79-4c12-9358-0a8612c41dd7@group-03B580E33239-FollowerState: change to CANDIDATE, lastRpcTime:37ms, electionTimeout:37ms
2019-10-18 04:00:11,563 [Thread-881] INFO  impl.RoleInfo (RoleInfo.java:shutdownFollowerState(121)) - d3e03273-8c79-4c12-9358-0a8612c41dd7: shutdown FollowerState
2019-10-18 04:00:11,563 [Thread-881] INFO  impl.RaftServerImpl (RaftServerImpl.java:setRole(184)) - d3e03273-8c79-4c12-9358-0a8612c41dd7@group-03B580E33239: changes role from  FOLLOWER to CANDIDATE at term 45 for changeToCandidate
2019-10-18 04:00:11,563 [Thread-881] INFO  impl.RoleInfo (RoleInfo.java:updateAndGet(143)) - d3e03273-8c79-4c12-9358-0a8612c41dd7: start LeaderElection
2019-10-18 04:00:11,577 [d3e03273-8c79-4c12-9358-0a8612c41dd7@group-03B580E33239-LeaderElection53] INFO  impl.LeaderElection (LeaderElection.java:askForVotes(178)) - d3e03273-8c79-4c12-9358-0a8612c41dd7@group-03B580E33239-LeaderElection53: begin an election at term 46 for 0: [20f566ef-d50a-432c-acfc-b325de8c1be4:192.168.157.238:44964, d3e03273-8c79-4c12-9358-0a8612c41dd7:192.168.157.238:40960, 04d45094-7136-40c1-bdbb-fee737a34122:192.168.157.238:41949], old=null
2019-10-18 04:00:11,579 [grpc-default-executor-6] INFO  impl.RaftServerImpl (RaftServerImpl.java:setRole(184)) - 20f566ef-d50a-432c-acfc-b325de8c1be4@group-03B580E33239: changes role from  FOLLOWER to FOLLOWER at term 46 for recognizeCandidate:d3e03273-8c79-4c12-9358-0a8612c41dd7
2019-10-18 04:00:11,579 [grpc-default-executor-6] INFO  impl.RoleInfo (RoleInfo.java:shutdownFollowerState(121)) - 20f566ef-d50a-432c-acfc-b325de8c1be4: shutdown FollowerState
2019-10-18 04:00:11,579 [grpc-default-executor-0] INFO  impl.RaftServerImpl (RaftServerImpl.java:setRole(184)) - 04d45094-7136-40c1-bdbb-fee737a34122@group-03B580E33239: changes role from  FOLLOWER to FOLLOWER at term 46 for recognizeCandidate:d3e03273-8c79-4c12-9358-0a8612c41dd7
2019-10-18 04:00:11,579 [grpc-default-executor-6] INFO  impl.RoleInfo (RoleInfo.java:updateAndGet(143)) - 20f566ef-d50a-432c-acfc-b325de8c1be4: start FollowerState
2019-10-18 04:00:11,579 [Thread-879] INFO  impl.FollowerState (FollowerState.java:run(117)) - 20f566ef-d50a-432c-acfc-b325de8c1be4@group-03B580E33239-FollowerState was interrupted: java.lang.InterruptedException: sleep interrupted
2019-10-18 04:00:11,579 [grpc-default-executor-0] INFO  impl.RoleInfo (RoleInfo.java:shutdownFollowerState(121)) - 04d45094-7136-40c1-bdbb-fee737a34122: shutdown FollowerState
2019-10-18 04:00:11,580 [grpc-default-executor-0] INFO  impl.RoleInfo (RoleInfo.java:updateAndGet(143)) - 04d45094-7136-40c1-bdbb-fee737a34122: start FollowerState
2019-10-18 04:00:11,580 [Thread-880] INFO  impl.FollowerState (FollowerState.java:run(117)) - 04d45094-7136-40c1-bdbb-fee737a34122@group-03B580E33239-FollowerState was interrupted: java.lang.InterruptedException: sleep interrupted
2019-10-18 04:00:11,594 [d3e03273-8c79-4c12-9358-0a8612c41dd7@group-03B580E33239-LeaderElection53] INFO  impl.LeaderElection (LeaderElection.java:logAndReturn(56)) - d3e03273-8c79-4c12-9358-0a8612c41dd7@group-03B580E33239-LeaderElection53: Election REJECTED; received 2 response(s) [d3e03273-8c79-4c12-9358-0a8612c41dd7<-20f566ef-d50a-432c-acfc-b325de8c1be4#0:FAIL-t46, d3e03273-8c79-4c12-9358-0a8612c41dd7<-04d45094-7136-40c1-bdbb-fee737a34122#0:FAIL-t46] and 0 exception(s); d3e03273-8c79-4c12-9358-0a8612c41dd7@group-03B580E33239:t46, leader=null, voted=d3e03273-8c79-4c12-9358-0a8612c41dd7, raftlog=d3e03273-8c79-4c12-9358-0a8612c41dd7@group-03B580E33239-SegmentedRaftLog:OPENED:c3,f4,i4, conf=0: [20f566ef-d50a-432c-acfc-b325de8c1be4:192.168.157.238:44964, d3e03273-8c79-4c12-9358-0a8612c41dd7:192.168.157.238:40960, 04d45094-7136-40c1-bdbb-fee737a34122:192.168.157.238:41949], old=null
2019-10-18 04:00:11,594 [d3e03273-8c79-4c12-9358-0a8612c41dd7@group-03B580E33239-LeaderElection53] INFO  impl.RaftServerImpl (RaftServerImpl.java:setRole(184)) - d3e03273-8c79-4c12-9358-0a8612c41dd7@group-03B580E33239: changes role from CANDIDATE to FOLLOWER at term 46 for DISCOVERED_A_NEW_TERM
2019-10-18 04:00:11,594 [d3e03273-8c79-4c12-9358-0a8612c41dd7@group-03B580E33239-LeaderElection53] INFO  impl.RoleInfo (RoleInfo.java:shutdownLeaderElection(134)) - d3e03273-8c79-4c12-9358-0a8612c41dd7: shutdown LeaderElection
2019-10-18 04:00:11,595 [d3e03273-8c79-4c12-9358-0a8612c41dd7@group-03B580E33239-LeaderElection53] INFO  impl.RoleInfo (RoleInfo.java:updateAndGet(143)) - d3e03273-8c79-4c12-9358-0a8612c41dd7: start FollowerState
2019-10-18 04:00:11,606 [Command processor thread] INFO  commandhandler.DeleteBlocksCommandHandler (DeleteBlocksCommandHandler.java:handle(106)) - Start to delete container blocks, TXIDs=[1(0)], numOfContainers=1, numOfBlocks=1
2019-10-18 04:00:11,607 [Command processor thread] INFO  commandhandler.DeleteBlocksCommandHandler (DeleteBlocksCommandHandler.java:handle(106)) - Start to delete container blocks, TXIDs=[1(2)], numOfContainers=1, numOfBlocks=1
2019-10-18 04:00:11,607 [Command processor thread] INFO  commandhandler.DeleteBlocksCommandHandler (DeleteBlocksCommandHandler.java:handle(106)) - Start to delete container blocks, TXIDs=[1(0)], numOfContainers=1, numOfBlocks=1
2019-10-18 04:00:11,607 [Command processor thread] INFO  commandhandler.DeleteBlocksCommandHandler (DeleteBlocksCommandHandler.java:handle(106)) - Start to delete container blocks, TXIDs=[1(2)], numOfContainers=1, numOfBlocks=1
2019-10-18 04:00:11,608 [Command processor thread] INFO  commandhandler.DeleteBlocksCommandHandler (DeleteBlocksCommandHandler.java:handle(106)) - Start to delete container blocks, TXIDs=[1(2)], numOfContainers=1, numOfBlocks=1
2019-10-18 04:00:11,608 [Command processor thread] INFO  commandhandler.DeleteBlocksCommandHandler (DeleteBlocksCommandHandler.java:handle(106)) - Start to delete container blocks, TXIDs=[1(0)], numOfContainers=1, numOfBlocks=1
2019-10-18 04:00:11,608 [Command processor thread] INFO  commandhandler.DeleteBlocksCommandHandler (DeleteBlocksCommandHandler.java:handle(106)) - Start to delete container blocks, TXIDs=[1(0)], numOfContainers=1, numOfBlocks=1
2019-10-18 04:00:11,608 [Command processor thread] INFO  commandhandler.DeleteBlocksCommandHandler (DeleteBlocksCommandHandler.java:handle(106)) - Start to delete container blocks, TXIDs=[1(2)], numOfContainers=1, numOfBlocks=1
2019-10-18 04:00:11,608 [Command processor thread] INFO  commandhandler.DeleteBlocksCommandHandler (DeleteBlocksCommandHandler.java:handle(106)) - Start to delete container blocks, TXIDs=[1(2)], numOfContainers=1, numOfBlocks=1
2019-10-18 04:00:11,609 [Command processor thread] INFO  commandhandler.DeleteBlocksCommandHandler (DeleteBlocksCommandHandler.java:handle(106)) - Start to delete container blocks, TXIDs=[1(2)], numOfContainers=1, numOfBlocks=1
2019-10-18 04:00:11,609 [Command processor thread] INFO  commandhandler.DeleteBlocksCommandHandler (DeleteBlocksCommandHandler.java:handle(106)) - Start to delete container blocks, TXIDs=[1(0)], numOfContainers=1, numOfBlocks=1
2019-10-18 04:00:11,609 [Command processor thread] INFO  commandhandler.DeleteBlocksCommandHandler (DeleteBlocksCommandHandler.java:handle(106)) - Start to delete container blocks, TXIDs=[1(2)], numOfContainers=1, numOfBlocks=1
2019-10-18 04:00:11,609 [Command processor thread] INFO  commandhandler.DeleteBlocksCommandHandler (DeleteBlocksCommandHandler.java:handle(106)) - Start to delete container blocks, TXIDs=[1(2)], numOfContainers=1, numOfBlocks=1
2019-10-18 04:00:11,610 [Command processor thread] INFO  commandhandler.DeleteBlocksCommandHandler (DeleteBlocksCommandHandler.java:handle(106)) - Start to delete container blocks, TXIDs=[1(2)], numOfContainers=1, numOfBlocks=1
2019-10-18 04:00:11,610 [Command processor thread] INFO  commandhandler.DeleteBlocksCommandHandler (DeleteBlocksCommandHandler.java:handle(106)) - Start to delete container blocks, TXIDs=[1(2)], numOfContainers=1, numOfBlocks=1
2019-10-18 04:00:11,610 [Command processor thread] INFO  commandhandler.DeleteBlocksCommandHandler (DeleteBlocksCommandHandler.java:handle(106)) - Start to delete container blocks, TXIDs=[1(2)], numOfContainers=1, numOfBlocks=1
2019-10-18 04:00:11,610 [Command processor thread] INFO  commandhandler.DeleteBlocksCommandHandler (DeleteBlocksCommandHandler.java:handle(106)) - Start to delete container blocks, TXIDs=[1(0)], numOfContainers=1, numOfBlocks=1
2019-10-18 04:00:11,611 [Command processor thread] INFO  commandhandler.DeleteBlocksCommandHandler (DeleteBlocksCommandHandler.java:handle(106)) - Start to delete container blocks, TXIDs=[1(2)], numOfContainers=1, numOfBlocks=1
2019-10-18 04:00:11,611 [Command processor thread] INFO  commandhandler.DeleteBlocksCommandHandler (DeleteBlocksCommandHandler.java:handle(106)) - Start to delete container blocks, TXIDs=[1(2)], numOfContainers=1, numOfBlocks=1
2019-10-18 04:00:11,611 [Command processor thread] INFO  commandhandler.DeleteBlocksCommandHandler (DeleteBlocksCommandHandler.java:handle(106)) - Start to delete container blocks, TXIDs=[1(2)], numOfContainers=1, numOfBlocks=1
2019-10-18 04:00:11,611 [Command processor thread] INFO  commandhandler.DeleteBlocksCommandHandler (DeleteBlocksCommandHandler.java:handle(106)) - Start to delete container blocks, TXIDs=[1(2)], numOfContainers=1, numOfBlocks=1
2019-10-18 04:00:11,611 [Command processor thread] INFO  commandhandler.DeleteBlocksCommandHandler (DeleteBlocksCommandHandler.java:handle(106)) - Start to delete container blocks, TXIDs=[1(2)], numOfContainers=1, numOfBlocks=1
2019-10-18 04:00:11,612 [Command processor thread] INFO  commandhandler.DeleteBlocksCommandHandler (DeleteBlocksCommandHandler.java:handle(106)) - Start to delete container blocks, TXIDs=[1(2)], numOfContainers=1, numOfBlocks=1
2019-10-18 04:00:11,612 [Command processor thread] INFO  commandhandler.DeleteBlocksCommandHandler (DeleteBlocksCommandHandler.java:handle(106)) - Start to delete container blocks, TXIDs=[1(2)], numOfContainers=1, numOfBlocks=1
2019-10-18 04:00:11,612 [Command processor thread] INFO  commandhandler.DeleteBlocksCommandHandler (DeleteBlocksCommandHandler.java:handle(106)) - Start to delete container blocks, TXIDs=[1(2)], numOfContainers=1, numOfBlocks=1
2019-10-18 04:00:11,612 [Command processor thread] INFO  commandhandler.DeleteBlocksCommandHandler (DeleteBlocksCommandHandler.java:handle(106)) - Start to delete container blocks, TXIDs=[1(2)], numOfContainers=1, numOfBlocks=1
2019-10-18 04:00:11,613 [Command processor thread] INFO  commandhandler.DeleteBlocksCommandHandler (DeleteBlocksCommandHandler.java:handle(106)) - Start to delete container blocks, TXIDs=[1(2)], numOfContainers=1, numOfBlocks=1
2019-10-18 04:00:11,613 [Command processor thread] INFO  commandhandler.DeleteBlocksCommandHandler (DeleteBlocksCommandHandler.java:handle(106)) - Start to delete container blocks, TXIDs=[1(0)], numOfContainers=1, numOfBlocks=1
2019-10-18 04:00:11,613 [Command processor thread] INFO  commandhandler.DeleteBlocksCommandHandler (DeleteBlocksCommandHandler.java:handle(106)) - Start to delete container blocks, TXIDs=[1(2)], numOfContainers=1, numOfBlocks=1
2019-10-18 04:00:11,613 [Command processor thread] INFO  commandhandler.DeleteBlocksCommandHandler (DeleteBlocksCommandHandler.java:handle(106)) - Start to delete container blocks, TXIDs=[1(2)], numOfContainers=1, numOfBlocks=1
2019-10-18 04:00:11,614 [Command processor thread] INFO  commandhandler.DeleteBlocksCommandHandler (DeleteBlocksCommandHandler.java:handle(106)) - Start to delete container blocks, TXIDs=[1(2)], numOfContainers=1, numOfBlocks=1
2019-10-18 04:00:11,614 [Command processor thread] INFO  commandhandler.DeleteBlocksCommandHandler (DeleteBlocksCommandHandler.java:handle(106)) - Start to delete container blocks, TXIDs=[1(2)], numOfContainers=1, numOfBlocks=1
2019-10-18 04:00:11,614 [Command processor thread] INFO  commandhandler.DeleteBlocksCommandHandler (DeleteBlocksCommandHandler.java:handle(106)) - Start to delete container blocks, TXIDs=[1(2)], numOfContainers=1, numOfBlocks=1
2019-10-18 04:00:11,614 [Command processor thread] INFO  commandhandler.DeleteBlocksCommandHandler (DeleteBlocksCommandHandler.java:handle(106)) - Start to delete container blocks, TXIDs=[1(2)], numOfContainers=1, numOfBlocks=1
2019-10-18 04:00:11,615 [Command processor thread] INFO  commandhandler.DeleteBlocksCommandHandler (DeleteBlocksCommandHandler.java:handle(106)) - Start to delete container blocks, TXIDs=[1(0)], numOfContainers=1, numOfBlocks=1
2019-10-18 04:00:11,615 [Command processor thread] INFO  commandhandler.DeleteBlocksCommandHandler (DeleteBlocksCommandHandler.java:handle(106)) - Start to delete container blocks, TXIDs=[1(2)], numOfContainers=1, numOfBlocks=1
2019-10-18 04:00:11,615 [Command processor thread] INFO  commandhandler.DeleteBlocksCommandHandler (DeleteBlocksCommandHandler.java:handle(106)) - Start to delete container blocks, TXIDs=[1(2)], numOfContainers=1, numOfBlocks=1
2019-10-18 04:00:11,615 [Command processor thread] INFO  commandhandler.DeleteBlocksCommandHandler (DeleteBlocksCommandHandler.java:handle(106)) - Start to delete container blocks, TXIDs=[1(2)], numOfContainers=1, numOfBlocks=1
2019-10-18 04:00:11,615 [Command processor thread] INFO  commandhandler.DeleteBlocksCommandHandler (DeleteBlocksCommandHandler.java:handle(106)) - Start to delete container blocks, TXIDs=[1(38)], numOfContainers=1, numOfBlocks=1
2019-10-18 04:00:11,616 [Command processor thread] INFO  commandhandler.DeleteBlocksCommandHandler (DeleteBlocksCommandHandler.java:handle(106)) - Start to delete container blocks, TXIDs=[1(2)], numOfContainers=1, numOfBlocks=1
2019-10-18 04:00:11,616 [Command processor thread] INFO  commandhandler.DeleteBlocksCommandHandler (DeleteBlocksCommandHandler.java:handle(106)) - Start to delete container blocks, TXIDs=[1(2)], numOfContainers=1, numOfBlocks=1
2019-10-18 04:00:11,616 [Command processor thread] INFO  commandhandler.DeleteBlocksCommandHandler (DeleteBlocksCommandHandler.java:handle(106)) - Start to delete container blocks, TXIDs=[1(2)], numOfContainers=1, numOfBlocks=1
2019-10-18 04:00:11,616 [Command processor thread] INFO  commandhandler.DeleteBlocksCommandHandler (DeleteBlocksCommandHandler.java:handle(106)) - Start to delete container blocks, TXIDs=[1(2)], numOfContainers=1, numOfBlocks=1
2019-10-18 04:00:11,617 [Command processor thread] INFO  commandhandler.DeleteBlocksCommandHandler (DeleteBlocksCommandHandler.java:handle(106)) - Start to delete container blocks, TXIDs=[1(2)], numOfContainers=1, numOfBlocks=1
2019-10-18 04:00:11,617 [Command processor thread] INFO  commandhandler.DeleteBlocksCommandHandler (DeleteBlocksCommandHandler.java:handle(106)) - Start to delete container blocks, TXIDs=[1(0)], numOfContainers=1, numOfBlocks=1
2019-10-18 04:00:11,694 [Thread-889] INFO  impl.FollowerState (FollowerState.java:run(108)) - d3e03273-8c79-4c12-9358-0a8612c41dd7@group-03B580E33239-FollowerState: change to CANDIDATE, lastRpcTime:99ms, electionTimeout:99ms
2019-10-18 04:00:11,694 [Thread-889] INFO  impl.RoleInfo (RoleInfo.java:shutdownFollowerState(121)) - d3e03273-8c79-4c12-9358-0a8612c41dd7: shutdown FollowerState
2019-10-18 04:00:11,694 [Thread-889] INFO  impl.RaftServerImpl (RaftServerImpl.java:setRole(184)) - d3e03273-8c79-4c12-9358-0a8612c41dd7@group-03B580E33239: changes role from  FOLLOWER to CANDIDATE at term 46 for changeToCandidate
2019-10-18 04:00:11,694 [Thread-889] INFO  impl.RoleInfo (RoleInfo.java:updateAndGet(143)) - d3e03273-8c79-4c12-9358-0a8612c41dd7: start LeaderElection
2019-10-18 04:00:11,708 [d3e03273-8c79-4c12-9358-0a8612c41dd7@group-03B580E33239-LeaderElection54] INFO  impl.LeaderElection (LeaderElection.java:askForVotes(178)) - d3e03273-8c79-4c12-9358-0a8612c41dd7@group-03B580E33239-LeaderElection54: begin an election at term 47 for 0: [20f566ef-d50a-432c-acfc-b325de8c1be4:192.168.157.238:44964, d3e03273-8c79-4c12-9358-0a8612c41dd7:192.168.157.238:40960, 04d45094-7136-40c1-bdbb-fee737a34122:192.168.157.238:41949], old=null
2019-10-18 04:00:11,710 [grpc-default-executor-6] INFO  impl.RaftServerImpl (RaftServerImpl.java:setRole(184)) - 20f566ef-d50a-432c-acfc-b325de8c1be4@group-03B580E33239: changes role from  FOLLOWER to FOLLOWER at term 47 for recognizeCandidate:d3e03273-8c79-4c12-9358-0a8612c41dd7
2019-10-18 04:00:11,710 [grpc-default-executor-6] INFO  impl.RoleInfo (RoleInfo.java:shutdownFollowerState(121)) - 20f566ef-d50a-432c-acfc-b325de8c1be4: shutdown FollowerState
2019-10-18 04:00:11,710 [grpc-default-executor-6] INFO  impl.RoleInfo (RoleInfo.java:updateAndGet(143)) - 20f566ef-d50a-432c-acfc-b325de8c1be4: start FollowerState
2019-10-18 04:00:11,710 [grpc-default-executor-0] INFO  impl.RaftServerImpl (RaftServerImpl.java:setRole(184)) - 04d45094-7136-40c1-bdbb-fee737a34122@group-03B580E33239: changes role from  FOLLOWER to FOLLOWER at term 47 for recognizeCandidate:d3e03273-8c79-4c12-9358-0a8612c41dd7
2019-10-18 04:00:11,710 [Thread-887] INFO  impl.FollowerState (FollowerState.java:run(117)) - 20f566ef-d50a-432c-acfc-b325de8c1be4@group-03B580E33239-FollowerState was interrupted: java.lang.InterruptedException: sleep interrupted
2019-10-18 04:00:11,711 [grpc-default-executor-0] INFO  impl.RoleInfo (RoleInfo.java:shutdownFollowerState(121)) - 04d45094-7136-40c1-bdbb-fee737a34122: shutdown FollowerState
2019-10-18 04:00:11,711 [grpc-default-executor-0] INFO  impl.RoleInfo (RoleInfo.java:updateAndGet(143)) - 04d45094-7136-40c1-bdbb-fee737a34122: start FollowerState
2019-10-18 04:00:11,711 [Thread-888] INFO  impl.FollowerState (FollowerState.java:run(117)) - 04d45094-7136-40c1-bdbb-fee737a34122@group-03B580E33239-FollowerState was interrupted: java.lang.InterruptedException: sleep interrupted
2019-10-18 04:00:11,726 [d3e03273-8c79-4c12-9358-0a8612c41dd7@group-03B580E33239-LeaderElection54] INFO  impl.LeaderElection (LeaderElection.java:logAndReturn(56)) - d3e03273-8c79-4c12-9358-0a8612c41dd7@group-03B580E33239-LeaderElection54: Election REJECTED; received 2 response(s) [d3e03273-8c79-4c12-9358-0a8612c41dd7<-20f566ef-d50a-432c-acfc-b325de8c1be4#0:FAIL-t47, d3e03273-8c79-4c12-9358-0a8612c41dd7<-04d45094-7136-40c1-bdbb-fee737a34122#0:FAIL-t47] and 0 exception(s); d3e03273-8c79-4c12-9358-0a8612c41dd7@group-03B580E33239:t47, leader=null, voted=d3e03273-8c79-4c12-9358-0a8612c41dd7, raftlog=d3e03273-8c79-4c12-9358-0a8612c41dd7@group-03B580E33239-SegmentedRaftLog:OPENED:c3,f4,i4, conf=0: [20f566ef-d50a-432c-acfc-b325de8c1be4:192.168.157.238:44964, d3e03273-8c79-4c12-9358-0a8612c41dd7:192.168.157.238:40960, 04d45094-7136-40c1-bdbb-fee737a34122:192.168.157.238:41949], old=null
2019-10-18 04:00:11,726 [d3e03273-8c79-4c12-9358-0a8612c41dd7@group-03B580E33239-LeaderElection54] INFO  impl.RaftServerImpl (RaftServerImpl.java:setRole(184)) - d3e03273-8c79-4c12-9358-0a8612c41dd7@group-03B580E33239: changes role from CANDIDATE to FOLLOWER at term 47 for DISCOVERED_A_NEW_TERM
2019-10-18 04:00:11,726 [d3e03273-8c79-4c12-9358-0a8612c41dd7@group-03B580E33239-LeaderElection54] INFO  impl.RoleInfo (RoleInfo.java:shutdownLeaderElection(134)) - d3e03273-8c79-4c12-9358-0a8612c41dd7: shutdown LeaderElection
2019-10-18 04:00:11,726 [d3e03273-8c79-4c12-9358-0a8612c41dd7@group-03B580E33239-LeaderElection54] INFO  impl.RoleInfo (RoleInfo.java:updateAndGet(143)) - d3e03273-8c79-4c12-9358-0a8612c41dd7: start FollowerState
2019-10-18 04:00:11,749 [Thread-898] INFO  client.GrpcClientProtocolService (GrpcClientProtocolService.java:lambda$processClientRequest$0(278)) - Failed RaftClientRequest:client-3EDA899B7DA2->04d45094-7136-40c1-bdbb-fee737a34122@group-03B580E33239, cid=10, seq=0, Watch-ALL_COMMITTED(6), Message:<EMPTY>, reply=RaftClientReply:client-3EDA899B7DA2->04d45094-7136-40c1-bdbb-fee737a34122@group-03B580E33239, cid=10, FAILED org.apache.ratis.protocol.NotLeaderException: Server 04d45094-7136-40c1-bdbb-fee737a34122@group-03B580E33239 is not the leader, logIndex=0, commits[04d45094-7136-40c1-bdbb-fee737a34122:c10, 20f566ef-d50a-432c-acfc-b325de8c1be4:c10, d3e03273-8c79-4c12-9358-0a8612c41dd7:c4]
2019-10-18 04:00:11,798 [Thread-896] INFO  impl.FollowerState (FollowerState.java:run(108)) - d3e03273-8c79-4c12-9358-0a8612c41dd7@group-03B580E33239-FollowerState: change to CANDIDATE, lastRpcTime:71ms, electionTimeout:71ms
2019-10-18 04:00:11,798 [Thread-896] INFO  impl.RoleInfo (RoleInfo.java:shutdownFollowerState(121)) - d3e03273-8c79-4c12-9358-0a8612c41dd7: shutdown FollowerState
2019-10-18 04:00:11,798 [Thread-896] INFO  impl.RaftServerImpl (RaftServerImpl.java:setRole(184)) - d3e03273-8c79-4c12-9358-0a8612c41dd7@group-03B580E33239: changes role from  FOLLOWER to CANDIDATE at term 47 for changeToCandidate
2019-10-18 04:00:11,798 [Thread-896] INFO  impl.RoleInfo (RoleInfo.java:updateAndGet(143)) - d3e03273-8c79-4c12-9358-0a8612c41dd7: start LeaderElection
2019-10-18 04:00:11,809 [EventQueue-DeleteBlockStatusForDeletedBlockLogImpl] WARN  block.DeletedBlockLogImpl (DeletedBlockLogImpl.java:commitTransactions(205)) - Transaction txId=1 commit by dnId=d3e03273-8c79-4c12-9358-0a8612c41dd7 for containerID=#1 failed. Corresponding entry not found.
2019-10-18 04:00:11,809 [EventQueue-DeleteBlockStatusForDeletedBlockLogImpl] WARN  block.DeletedBlockLogImpl (DeletedBlockLogImpl.java:commitTransactions(205)) - Transaction txId=1 commit by dnId=d3e03273-8c79-4c12-9358-0a8612c41dd7 for containerID=#1 failed. Corresponding entry not found.
2019-10-18 04:00:11,809 [EventQueue-DeleteBlockStatusForDeletedBlockLogImpl] WARN  block.DeletedBlockLogImpl (DeletedBlockLogImpl.java:commitTransactions(205)) - Transaction txId=1 commit by dnId=d3e03273-8c79-4c12-9358-0a8612c41dd7 for containerID=#1 failed. Corresponding entry not found.
2019-10-18 04:00:11,809 [EventQueue-DeleteBlockStatusForDeletedBlockLogImpl] WARN  block.DeletedBlockLogImpl (DeletedBlockLogImpl.java:commitTransactions(205)) - Transaction txId=1 commit by dnId=d3e03273-8c79-4c12-9358-0a8612c41dd7 for containerID=#1 failed. Corresponding entry not found.
2019-10-18 04:00:11,809 [EventQueue-DeleteBlockStatusForDeletedBlockLogImpl] WARN  block.DeletedBlockLogImpl (DeletedBlockLogImpl.java:commitTransactions(205)) - Transaction txId=1 commit by dnId=d3e03273-8c79-4c12-9358-0a8612c41dd7 for containerID=#1 failed. Corresponding entry not found.
2019-10-18 04:00:11,809 [EventQueue-DeleteBlockStatusForDeletedBlockLogImpl] WARN  block.DeletedBlockLogImpl (DeletedBlockLogImpl.java:commitTransactions(205)) - Transaction txId=1 commit by dnId=d3e03273-8c79-4c12-9358-0a8612c41dd7 for containerID=#1 failed. Corresponding entry not found.
2019-10-18 04:00:11,809 [EventQueue-DeleteBlockStatusForDeletedBlockLogImpl] WARN  block.DeletedBlockLogImpl (DeletedBlockLogImpl.java:commitTransactions(205)) - Transaction txId=1 commit by dnId=d3e03273-8c79-4c12-9358-0a8612c41dd7 for containerID=#1 failed. Corresponding entry not found.
2019-10-18 04:00:11,810 [EventQueue-DeleteBlockStatusForDeletedBlockLogImpl] WARN  block.DeletedBlockLogImpl (DeletedBlockLogImpl.java:commitTransactions(205)) - Transaction txId=1 commit by dnId=d3e03273-8c79-4c12-9358-0a8612c41dd7 for containerID=#1 failed. Corresponding entry not found.
2019-10-18 04:00:11,812 [d3e03273-8c79-4c12-9358-0a8612c41dd7@group-03B580E33239-LeaderElection55] INFO  impl.LeaderElection (LeaderElection.java:askForVotes(178)) - d3e03273-8c79-4c12-9358-0a8612c41dd7@group-03B580E33239-LeaderElection55: begin an election at term 48 for 0: [20f566ef-d50a-432c-acfc-b325de8c1be4:192.168.157.238:44964, d3e03273-8c79-4c12-9358-0a8612c41dd7:192.168.157.238:40960, 04d45094-7136-40c1-bdbb-fee737a34122:192.168.157.238:41949], old=null
2019-10-18 04:00:11,815 [grpc-default-executor-0] INFO  impl.RaftServerImpl (RaftServerImpl.java:setRole(184)) - 20f566ef-d50a-432c-acfc-b325de8c1be4@group-03B580E33239: changes role from  FOLLOWER to FOLLOWER at term 48 for recognizeCandidate:d3e03273-8c79-4c12-9358-0a8612c41dd7
2019-10-18 04:00:11,815 [grpc-default-executor-0] INFO  impl.RoleInfo (RoleInfo.java:shutdownFollowerState(121)) - 20f566ef-d50a-432c-acfc-b325de8c1be4: shutdown FollowerState
2019-10-18 04:00:11,815 [grpc-default-executor-6] INFO  impl.RaftServerImpl (RaftServerImpl.java:setRole(184)) - 04d45094-7136-40c1-bdbb-fee737a34122@group-03B580E33239: changes role from  FOLLOWER to FOLLOWER at term 48 for recognizeCandidate:d3e03273-8c79-4c12-9358-0a8612c41dd7
2019-10-18 04:00:11,815 [Thread-894] INFO  impl.FollowerState (FollowerState.java:run(117)) - 20f566ef-d50a-432c-acfc-b325de8c1be4@group-03B580E33239-FollowerState was interrupted: java.lang.InterruptedException: sleep interrupted
2019-10-18 04:00:11,815 [grpc-default-executor-6] INFO  impl.RoleInfo (RoleInfo.java:shutdownFollowerState(121)) - 04d45094-7136-40c1-bdbb-fee737a34122: shutdown FollowerState
2019-10-18 04:00:11,815 [grpc-default-executor-0] INFO  impl.RoleInfo (RoleInfo.java:updateAndGet(143)) - 20f566ef-d50a-432c-acfc-b325de8c1be4: start FollowerState
2019-10-18 04:00:11,816 [Thread-895] INFO  impl.FollowerState (FollowerState.java:run(117)) - 04d45094-7136-40c1-bdbb-fee737a34122@group-03B580E33239-FollowerState was interrupted: java.lang.InterruptedException: sleep interrupted
2019-10-18 04:00:11,816 [grpc-default-executor-6] INFO  impl.RoleInfo (RoleInfo.java:updateAndGet(143)) - 04d45094-7136-40c1-bdbb-fee737a34122: start FollowerState
2019-10-18 04:00:11,831 [d3e03273-8c79-4c12-9358-0a8612c41dd7@group-03B580E33239-LeaderElection55] INFO  impl.LeaderElection (LeaderElection.java:logAndReturn(56)) - d3e03273-8c79-4c12-9358-0a8612c41dd7@group-03B580E33239-LeaderElection55: Election REJECTED; received 2 response(s) [d3e03273-8c79-4c12-9358-0a8612c41dd7<-20f566ef-d50a-432c-acfc-b325de8c1be4#0:FAIL-t48, d3e03273-8c79-4c12-9358-0a8612c41dd7<-04d45094-7136-40c1-bdbb-fee737a34122#0:FAIL-t48] and 0 exception(s); d3e03273-8c79-4c12-9358-0a8612c41dd7@group-03B580E33239:t48, leader=null, voted=d3e03273-8c79-4c12-9358-0a8612c41dd7, raftlog=d3e03273-8c79-4c12-9358-0a8612c41dd7@group-03B580E33239-SegmentedRaftLog:OPENED:c3,f4,i4, conf=0: [20f566ef-d50a-432c-acfc-b325de8c1be4:192.168.157.238:44964, d3e03273-8c79-4c12-9358-0a8612c41dd7:192.168.157.238:40960, 04d45094-7136-40c1-bdbb-fee737a34122:192.168.157.238:41949], old=null
2019-10-18 04:00:11,831 [d3e03273-8c79-4c12-9358-0a8612c41dd7@group-03B580E33239-LeaderElection55] INFO  impl.RaftServerImpl (RaftServerImpl.java:setRole(184)) - d3e03273-8c79-4c12-9358-0a8612c41dd7@group-03B580E33239: changes role from CANDIDATE to FOLLOWER at term 48 for DISCOVERED_A_NEW_TERM
2019-10-18 04:00:11,831 [d3e03273-8c79-4c12-9358-0a8612c41dd7@group-03B580E33239-LeaderElection55] INFO  impl.RoleInfo (RoleInfo.java:shutdownLeaderElection(134)) - d3e03273-8c79-4c12-9358-0a8612c41dd7: shutdown LeaderElection
2019-10-18 04:00:11,831 [d3e03273-8c79-4c12-9358-0a8612c41dd7@group-03B580E33239-LeaderElection55] INFO  impl.RoleInfo (RoleInfo.java:updateAndGet(143)) - d3e03273-8c79-4c12-9358-0a8612c41dd7: start FollowerState
2019-10-18 04:00:11,969 [Thread-905] INFO  impl.FollowerState (FollowerState.java:run(108)) - d3e03273-8c79-4c12-9358-0a8612c41dd7@group-03B580E33239-FollowerState: change to CANDIDATE, lastRpcTime:137ms, electionTimeout:137ms
2019-10-18 04:00:11,969 [Thread-905] INFO  impl.RoleInfo (RoleInfo.java:shutdownFollowerState(121)) - d3e03273-8c79-4c12-9358-0a8612c41dd7: shutdown FollowerState
2019-10-18 04:00:11,969 [Thread-905] INFO  impl.RaftServerImpl (RaftServerImpl.java:setRole(184)) - d3e03273-8c79-4c12-9358-0a8612c41dd7@group-03B580E33239: changes role from  FOLLOWER to CANDIDATE at term 48 for changeToCandidate
2019-10-18 04:00:11,969 [Thread-905] INFO  impl.RoleInfo (RoleInfo.java:updateAndGet(143)) - d3e03273-8c79-4c12-9358-0a8612c41dd7: start LeaderElection
2019-10-18 04:00:11,983 [d3e03273-8c79-4c12-9358-0a8612c41dd7@group-03B580E33239-LeaderElection56] INFO  impl.LeaderElection (LeaderElection.java:askForVotes(178)) - d3e03273-8c79-4c12-9358-0a8612c41dd7@group-03B580E33239-LeaderElection56: begin an election at term 49 for 0: [20f566ef-d50a-432c-acfc-b325de8c1be4:192.168.157.238:44964, d3e03273-8c79-4c12-9358-0a8612c41dd7:192.168.157.238:40960, 04d45094-7136-40c1-bdbb-fee737a34122:192.168.157.238:41949], old=null
2019-10-18 04:00:11,985 [grpc-default-executor-0] INFO  impl.RaftServerImpl (RaftServerImpl.java:setRole(184)) - 20f566ef-d50a-432c-acfc-b325de8c1be4@group-03B580E33239: changes role from  FOLLOWER to FOLLOWER at term 49 for recognizeCandidate:d3e03273-8c79-4c12-9358-0a8612c41dd7
2019-10-18 04:00:11,985 [grpc-default-executor-6] INFO  impl.RaftServerImpl (RaftServerImpl.java:setRole(184)) - 04d45094-7136-40c1-bdbb-fee737a34122@group-03B580E33239: changes role from  FOLLOWER to FOLLOWER at term 49 for recognizeCandidate:d3e03273-8c79-4c12-9358-0a8612c41dd7
2019-10-18 04:00:11,985 [grpc-default-executor-0] INFO  impl.RoleInfo (RoleInfo.java:shutdownFollowerState(121)) - 20f566ef-d50a-432c-acfc-b325de8c1be4: shutdown FollowerState
2019-10-18 04:00:11,986 [grpc-default-executor-6] INFO  impl.RoleInfo (RoleInfo.java:shutdownFollowerState(121)) - 04d45094-7136-40c1-bdbb-fee737a34122: shutdown FollowerState
2019-10-18 04:00:11,986 [Thread-903] INFO  impl.FollowerState (FollowerState.java:run(117)) - 20f566ef-d50a-432c-acfc-b325de8c1be4@group-03B580E33239-FollowerState was interrupted: java.lang.InterruptedException: sleep interrupted
2019-10-18 04:00:11,986 [grpc-default-executor-0] INFO  impl.RoleInfo (RoleInfo.java:updateAndGet(143)) - 20f566ef-d50a-432c-acfc-b325de8c1be4: start FollowerState
2019-10-18 04:00:11,986 [grpc-default-executor-6] INFO  impl.RoleInfo (RoleInfo.java:updateAndGet(143)) - 04d45094-7136-40c1-bdbb-fee737a34122: start FollowerState
2019-10-18 04:00:11,986 [Thread-904] INFO  impl.FollowerState (FollowerState.java:run(117)) - 04d45094-7136-40c1-bdbb-fee737a34122@group-03B580E33239-FollowerState was interrupted: java.lang.InterruptedException: sleep interrupted
2019-10-18 04:00:12,000 [d3e03273-8c79-4c12-9358-0a8612c41dd7@group-03B580E33239-LeaderElection56] INFO  impl.LeaderElection (LeaderElection.java:logAndReturn(56)) - d3e03273-8c79-4c12-9358-0a8612c41dd7@group-03B580E33239-LeaderElection56: Election REJECTED; received 2 response(s) [d3e03273-8c79-4c12-9358-0a8612c41dd7<-20f566ef-d50a-432c-acfc-b325de8c1be4#0:FAIL-t49, d3e03273-8c79-4c12-9358-0a8612c41dd7<-04d45094-7136-40c1-bdbb-fee737a34122#0:FAIL-t49] and 0 exception(s); d3e03273-8c79-4c12-9358-0a8612c41dd7@group-03B580E33239:t49, leader=null, voted=d3e03273-8c79-4c12-9358-0a8612c41dd7, raftlog=d3e03273-8c79-4c12-9358-0a8612c41dd7@group-03B580E33239-SegmentedRaftLog:OPENED:c3,f4,i4, conf=0: [20f566ef-d50a-432c-acfc-b325de8c1be4:192.168.157.238:44964, d3e03273-8c79-4c12-9358-0a8612c41dd7:192.168.157.238:40960, 04d45094-7136-40c1-bdbb-fee737a34122:192.168.157.238:41949], old=null
2019-10-18 04:00:12,000 [d3e03273-8c79-4c12-9358-0a8612c41dd7@group-03B580E33239-LeaderElection56] INFO  impl.RaftServerImpl (RaftServerImpl.java:setRole(184)) - d3e03273-8c79-4c12-9358-0a8612c41dd7@group-03B580E33239: changes role from CANDIDATE to FOLLOWER at term 49 for DISCOVERED_A_NEW_TERM
2019-10-18 04:00:12,000 [d3e03273-8c79-4c12-9358-0a8612c41dd7@group-03B580E33239-LeaderElection56] INFO  impl.RoleInfo (RoleInfo.java:shutdownLeaderElection(134)) - d3e03273-8c79-4c12-9358-0a8612c41dd7: shutdown LeaderElection
2019-10-18 04:00:12,000 [d3e03273-8c79-4c12-9358-0a8612c41dd7@group-03B580E33239-LeaderElection56] INFO  impl.RoleInfo (RoleInfo.java:updateAndGet(143)) - d3e03273-8c79-4c12-9358-0a8612c41dd7: start FollowerState
2019-10-18 04:00:12,085 [Thread-911] INFO  impl.FollowerState (FollowerState.java:run(108)) - d3e03273-8c79-4c12-9358-0a8612c41dd7@group-03B580E33239-FollowerState: change to CANDIDATE, lastRpcTime:84ms, electionTimeout:84ms
2019-10-18 04:00:12,085 [Thread-911] INFO  impl.RoleInfo (RoleInfo.java:shutdownFollowerState(121)) - d3e03273-8c79-4c12-9358-0a8612c41dd7: shutdown FollowerState
2019-10-18 04:00:12,085 [Thread-911] INFO  impl.RaftServerImpl (RaftServerImpl.java:setRole(184)) - d3e03273-8c79-4c12-9358-0a8612c41dd7@group-03B580E33239: changes role from  FOLLOWER to CANDIDATE at term 49 for changeToCandidate
2019-10-18 04:00:12,085 [Thread-911] INFO  impl.RoleInfo (RoleInfo.java:updateAndGet(143)) - d3e03273-8c79-4c12-9358-0a8612c41dd7: start LeaderElection
2019-10-18 04:00:12,098 [d3e03273-8c79-4c12-9358-0a8612c41dd7@group-03B580E33239-LeaderElection57] INFO  impl.LeaderElection (LeaderElection.java:askForVotes(178)) - d3e03273-8c79-4c12-9358-0a8612c41dd7@group-03B580E33239-LeaderElection57: begin an election at term 50 for 0: [20f566ef-d50a-432c-acfc-b325de8c1be4:192.168.157.238:44964, d3e03273-8c79-4c12-9358-0a8612c41dd7:192.168.157.238:40960, 04d45094-7136-40c1-bdbb-fee737a34122:192.168.157.238:41949], old=null
2019-10-18 04:00:12,101 [grpc-default-executor-0] INFO  impl.RaftServerImpl (RaftServerImpl.java:setRole(184)) - 20f566ef-d50a-432c-acfc-b325de8c1be4@group-03B580E33239: changes role from  FOLLOWER to FOLLOWER at term 50 for recognizeCandidate:d3e03273-8c79-4c12-9358-0a8612c41dd7
2019-10-18 04:00:12,102 [grpc-default-executor-0] INFO  impl.RoleInfo (RoleInfo.java:shutdownFollowerState(121)) - 20f566ef-d50a-432c-acfc-b325de8c1be4: shutdown FollowerState
2019-10-18 04:00:12,102 [grpc-default-executor-0] INFO  impl.RoleInfo (RoleInfo.java:updateAndGet(143)) - 20f566ef-d50a-432c-acfc-b325de8c1be4: start FollowerState
2019-10-18 04:00:12,102 [Thread-909] INFO  impl.FollowerState (FollowerState.java:run(117)) - 20f566ef-d50a-432c-acfc-b325de8c1be4@group-03B580E33239-FollowerState was interrupted: java.lang.InterruptedException: sleep interrupted
2019-10-18 04:00:12,102 [grpc-default-executor-6] INFO  impl.RaftServerImpl (RaftServerImpl.java:setRole(184)) - 04d45094-7136-40c1-bdbb-fee737a34122@group-03B580E33239: changes role from  FOLLOWER to FOLLOWER at term 50 for recognizeCandidate:d3e03273-8c79-4c12-9358-0a8612c41dd7
2019-10-18 04:00:12,102 [grpc-default-executor-6] INFO  impl.RoleInfo (RoleInfo.java:shutdownFollowerState(121)) - 04d45094-7136-40c1-bdbb-fee737a34122: shutdown FollowerState
2019-10-18 04:00:12,103 [grpc-default-executor-6] INFO  impl.RoleInfo (RoleInfo.java:updateAndGet(143)) - 04d45094-7136-40c1-bdbb-fee737a34122: start FollowerState
2019-10-18 04:00:12,103 [Thread-910] INFO  impl.FollowerState (FollowerState.java:run(117)) - 04d45094-7136-40c1-bdbb-fee737a34122@group-03B580E33239-FollowerState was interrupted: java.lang.InterruptedException: sleep interrupted
2019-10-18 04:00:12,104 [d3e03273-8c79-4c12-9358-0a8612c41dd7@group-03B580E33239-LeaderElection57] INFO  impl.LeaderElection (LeaderElection.java:logAndReturn(56)) - d3e03273-8c79-4c12-9358-0a8612c41dd7@group-03B580E33239-LeaderElection57: Election TIMEOUT; received 0 response(s) [] and 0 exception(s); d3e03273-8c79-4c12-9358-0a8612c41dd7@group-03B580E33239:t50, leader=null, voted=d3e03273-8c79-4c12-9358-0a8612c41dd7, raftlog=d3e03273-8c79-4c12-9358-0a8612c41dd7@group-03B580E33239-SegmentedRaftLog:OPENED:c3,f4,i4, conf=0: [20f566ef-d50a-432c-acfc-b325de8c1be4:192.168.157.238:44964, d3e03273-8c79-4c12-9358-0a8612c41dd7:192.168.157.238:40960, 04d45094-7136-40c1-bdbb-fee737a34122:192.168.157.238:41949], old=null
2019-10-18 04:00:12,116 [d3e03273-8c79-4c12-9358-0a8612c41dd7@group-03B580E33239-LeaderElection57] INFO  impl.LeaderElection (LeaderElection.java:askForVotes(178)) - d3e03273-8c79-4c12-9358-0a8612c41dd7@group-03B580E33239-LeaderElection57: begin an election at term 51 for 0: [20f566ef-d50a-432c-acfc-b325de8c1be4:192.168.157.238:44964, d3e03273-8c79-4c12-9358-0a8612c41dd7:192.168.157.238:40960, 04d45094-7136-40c1-bdbb-fee737a34122:192.168.157.238:41949], old=null
2019-10-18 04:00:12,118 [grpc-default-executor-0] INFO  impl.RaftServerImpl (RaftServerImpl.java:setRole(184)) - 20f566ef-d50a-432c-acfc-b325de8c1be4@group-03B580E33239: changes role from  FOLLOWER to FOLLOWER at term 51 for recognizeCandidate:d3e03273-8c79-4c12-9358-0a8612c41dd7
2019-10-18 04:00:12,118 [grpc-default-executor-0] INFO  impl.RoleInfo (RoleInfo.java:shutdownFollowerState(121)) - 20f566ef-d50a-432c-acfc-b325de8c1be4: shutdown FollowerState
2019-10-18 04:00:12,119 [grpc-default-executor-0] INFO  impl.RoleInfo (RoleInfo.java:updateAndGet(143)) - 20f566ef-d50a-432c-acfc-b325de8c1be4: start FollowerState
2019-10-18 04:00:12,119 [Thread-915] INFO  impl.FollowerState (FollowerState.java:run(117)) - 20f566ef-d50a-432c-acfc-b325de8c1be4@group-03B580E33239-FollowerState was interrupted: java.lang.InterruptedException: sleep interrupted
2019-10-18 04:00:12,119 [grpc-default-executor-6] INFO  impl.RaftServerImpl (RaftServerImpl.java:setRole(184)) - 04d45094-7136-40c1-bdbb-fee737a34122@group-03B580E33239: changes role from  FOLLOWER to FOLLOWER at term 51 for recognizeCandidate:d3e03273-8c79-4c12-9358-0a8612c41dd7
2019-10-18 04:00:12,119 [grpc-default-executor-6] INFO  impl.RoleInfo (RoleInfo.java:shutdownFollowerState(121)) - 04d45094-7136-40c1-bdbb-fee737a34122: shutdown FollowerState
2019-10-18 04:00:12,119 [grpc-default-executor-6] INFO  impl.RoleInfo (RoleInfo.java:updateAndGet(143)) - 04d45094-7136-40c1-bdbb-fee737a34122: start FollowerState
2019-10-18 04:00:12,119 [Thread-916] INFO  impl.FollowerState (FollowerState.java:run(117)) - 04d45094-7136-40c1-bdbb-fee737a34122@group-03B580E33239-FollowerState was interrupted: java.lang.InterruptedException: sleep interrupted
2019-10-18 04:00:12,142 [d3e03273-8c79-4c12-9358-0a8612c41dd7@group-03B580E33239-LeaderElection57] INFO  impl.LeaderElection (LeaderElection.java:logAndReturn(56)) - d3e03273-8c79-4c12-9358-0a8612c41dd7@group-03B580E33239-LeaderElection57: Election REJECTED; received 2 response(s) [d3e03273-8c79-4c12-9358-0a8612c41dd7<-20f566ef-d50a-432c-acfc-b325de8c1be4#0:FAIL-t51, d3e03273-8c79-4c12-9358-0a8612c41dd7<-04d45094-7136-40c1-bdbb-fee737a34122#0:FAIL-t51] and 0 exception(s); d3e03273-8c79-4c12-9358-0a8612c41dd7@group-03B580E33239:t51, leader=null, voted=d3e03273-8c79-4c12-9358-0a8612c41dd7, raftlog=d3e03273-8c79-4c12-9358-0a8612c41dd7@group-03B580E33239-SegmentedRaftLog:OPENED:c3,f4,i4, conf=0: [20f566ef-d50a-432c-acfc-b325de8c1be4:192.168.157.238:44964, d3e03273-8c79-4c12-9358-0a8612c41dd7:192.168.157.238:40960, 04d45094-7136-40c1-bdbb-fee737a34122:192.168.157.238:41949], old=null
2019-10-18 04:00:12,142 [d3e03273-8c79-4c12-9358-0a8612c41dd7@group-03B580E33239-LeaderElection57] INFO  impl.RaftServerImpl (RaftServerImpl.java:setRole(184)) - d3e03273-8c79-4c12-9358-0a8612c41dd7@group-03B580E33239: changes role from CANDIDATE to FOLLOWER at term 51 for DISCOVERED_A_NEW_TERM
2019-10-18 04:00:12,142 [d3e03273-8c79-4c12-9358-0a8612c41dd7@group-03B580E33239-LeaderElection57] INFO  impl.RoleInfo (RoleInfo.java:shutdownLeaderElection(134)) - d3e03273-8c79-4c12-9358-0a8612c41dd7: shutdown LeaderElection
2019-10-18 04:00:12,142 [d3e03273-8c79-4c12-9358-0a8612c41dd7@group-03B580E33239-LeaderElection57] INFO  impl.RoleInfo (RoleInfo.java:updateAndGet(143)) - d3e03273-8c79-4c12-9358-0a8612c41dd7: start FollowerState
2019-10-18 04:00:12,283 [Thread-921] INFO  impl.FollowerState (FollowerState.java:run(108)) - d3e03273-8c79-4c12-9358-0a8612c41dd7@group-03B580E33239-FollowerState: change to CANDIDATE, lastRpcTime:140ms, electionTimeout:140ms
2019-10-18 04:00:12,283 [Thread-921] INFO  impl.RoleInfo (RoleInfo.java:shutdownFollowerState(121)) - d3e03273-8c79-4c12-9358-0a8612c41dd7: shutdown FollowerState
2019-10-18 04:00:12,283 [Thread-921] INFO  impl.RaftServerImpl (RaftServerImpl.java:setRole(184)) - d3e03273-8c79-4c12-9358-0a8612c41dd7@group-03B580E33239: changes role from  FOLLOWER to CANDIDATE at term 51 for changeToCandidate
2019-10-18 04:00:12,283 [Thread-921] INFO  impl.RoleInfo (RoleInfo.java:updateAndGet(143)) - d3e03273-8c79-4c12-9358-0a8612c41dd7: start LeaderElection
2019-10-18 04:00:12,297 [d3e03273-8c79-4c12-9358-0a8612c41dd7@group-03B580E33239-LeaderElection58] INFO  impl.LeaderElection (LeaderElection.java:askForVotes(178)) - d3e03273-8c79-4c12-9358-0a8612c41dd7@group-03B580E33239-LeaderElection58: begin an election at term 52 for 0: [20f566ef-d50a-432c-acfc-b325de8c1be4:192.168.157.238:44964, d3e03273-8c79-4c12-9358-0a8612c41dd7:192.168.157.238:40960, 04d45094-7136-40c1-bdbb-fee737a34122:192.168.157.238:41949], old=null
2019-10-18 04:00:12,301 [grpc-default-executor-6] INFO  impl.RaftServerImpl (RaftServerImpl.java:setRole(184)) - 20f566ef-d50a-432c-acfc-b325de8c1be4@group-03B580E33239: changes role from  FOLLOWER to FOLLOWER at term 52 for recognizeCandidate:d3e03273-8c79-4c12-9358-0a8612c41dd7
2019-10-18 04:00:12,302 [grpc-default-executor-6] INFO  impl.RoleInfo (RoleInfo.java:shutdownFollowerState(121)) - 20f566ef-d50a-432c-acfc-b325de8c1be4: shutdown FollowerState
2019-10-18 04:00:12,302 [grpc-default-executor-0] INFO  impl.RaftServerImpl (RaftServerImpl.java:setRole(184)) - 04d45094-7136-40c1-bdbb-fee737a34122@group-03B580E33239: changes role from  FOLLOWER to FOLLOWER at term 52 for recognizeCandidate:d3e03273-8c79-4c12-9358-0a8612c41dd7
2019-10-18 04:00:12,302 [Thread-919] INFO  impl.FollowerState (FollowerState.java:run(117)) - 20f566ef-d50a-432c-acfc-b325de8c1be4@group-03B580E33239-FollowerState was interrupted: java.lang.InterruptedException: sleep interrupted
2019-10-18 04:00:12,302 [grpc-default-executor-6] INFO  impl.RoleInfo (RoleInfo.java:updateAndGet(143)) - 20f566ef-d50a-432c-acfc-b325de8c1be4: start FollowerState
2019-10-18 04:00:12,302 [grpc-default-executor-0] INFO  impl.RoleInfo (RoleInfo.java:shutdownFollowerState(121)) - 04d45094-7136-40c1-bdbb-fee737a34122: shutdown FollowerState
2019-10-18 04:00:12,303 [grpc-default-executor-0] INFO  impl.RoleInfo (RoleInfo.java:updateAndGet(143)) - 04d45094-7136-40c1-bdbb-fee737a34122: start FollowerState
2019-10-18 04:00:12,303 [Thread-920] INFO  impl.FollowerState (FollowerState.java:run(117)) - 04d45094-7136-40c1-bdbb-fee737a34122@group-03B580E33239-FollowerState was interrupted: java.lang.InterruptedException: sleep interrupted
2019-10-18 04:00:12,317 [d3e03273-8c79-4c12-9358-0a8612c41dd7@group-03B580E33239-LeaderElection58] INFO  impl.LeaderElection (LeaderElection.java:logAndReturn(56)) - d3e03273-8c79-4c12-9358-0a8612c41dd7@group-03B580E33239-LeaderElection58: Election REJECTED; received 2 response(s) [d3e03273-8c79-4c12-9358-0a8612c41dd7<-20f566ef-d50a-432c-acfc-b325de8c1be4#0:FAIL-t52, d3e03273-8c79-4c12-9358-0a8612c41dd7<-04d45094-7136-40c1-bdbb-fee737a34122#0:FAIL-t52] and 0 exception(s); d3e03273-8c79-4c12-9358-0a8612c41dd7@group-03B580E33239:t52, leader=null, voted=d3e03273-8c79-4c12-9358-0a8612c41dd7, raftlog=d3e03273-8c79-4c12-9358-0a8612c41dd7@group-03B580E33239-SegmentedRaftLog:OPENED:c3,f4,i4, conf=0: [20f566ef-d50a-432c-acfc-b325de8c1be4:192.168.157.238:44964, d3e03273-8c79-4c12-9358-0a8612c41dd7:192.168.157.238:40960, 04d45094-7136-40c1-bdbb-fee737a34122:192.168.157.238:41949], old=null
2019-10-18 04:00:12,317 [d3e03273-8c79-4c12-9358-0a8612c41dd7@group-03B580E33239-LeaderElection58] INFO  impl.RaftServerImpl (RaftServerImpl.java:setRole(184)) - d3e03273-8c79-4c12-9358-0a8612c41dd7@group-03B580E33239: changes role from CANDIDATE to FOLLOWER at term 52 for DISCOVERED_A_NEW_TERM
2019-10-18 04:00:12,318 [d3e03273-8c79-4c12-9358-0a8612c41dd7@group-03B580E33239-LeaderElection58] INFO  impl.RoleInfo (RoleInfo.java:shutdownLeaderElection(134)) - d3e03273-8c79-4c12-9358-0a8612c41dd7: shutdown LeaderElection
2019-10-18 04:00:12,318 [d3e03273-8c79-4c12-9358-0a8612c41dd7@group-03B580E33239-LeaderElection58] INFO  impl.RoleInfo (RoleInfo.java:updateAndGet(143)) - d3e03273-8c79-4c12-9358-0a8612c41dd7: start FollowerState
2019-10-18 04:00:12,337 [Thread-927] INFO  impl.FollowerState (FollowerState.java:run(108)) - d3e03273-8c79-4c12-9358-0a8612c41dd7@group-03B580E33239-FollowerState: change to CANDIDATE, lastRpcTime:19ms, electionTimeout:19ms
2019-10-18 04:00:12,337 [Thread-927] INFO  impl.RoleInfo (RoleInfo.java:shutdownFollowerState(121)) - d3e03273-8c79-4c12-9358-0a8612c41dd7: shutdown FollowerState
2019-10-18 04:00:12,337 [Thread-927] INFO  impl.RaftServerImpl (RaftServerImpl.java:setRole(184)) - d3e03273-8c79-4c12-9358-0a8612c41dd7@group-03B580E33239: changes role from  FOLLOWER to CANDIDATE at term 52 for changeToCandidate
2019-10-18 04:00:12,338 [Thread-927] INFO  impl.RoleInfo (RoleInfo.java:updateAndGet(143)) - d3e03273-8c79-4c12-9358-0a8612c41dd7: start LeaderElection
2019-10-18 04:00:12,352 [d3e03273-8c79-4c12-9358-0a8612c41dd7@group-03B580E33239-LeaderElection59] INFO  impl.LeaderElection (LeaderElection.java:askForVotes(178)) - d3e03273-8c79-4c12-9358-0a8612c41dd7@group-03B580E33239-LeaderElection59: begin an election at term 53 for 0: [20f566ef-d50a-432c-acfc-b325de8c1be4:192.168.157.238:44964, d3e03273-8c79-4c12-9358-0a8612c41dd7:192.168.157.238:40960, 04d45094-7136-40c1-bdbb-fee737a34122:192.168.157.238:41949], old=null
2019-10-18 04:00:12,355 [grpc-default-executor-6] INFO  impl.RaftServerImpl (RaftServerImpl.java:setRole(184)) - 20f566ef-d50a-432c-acfc-b325de8c1be4@group-03B580E33239: changes role from  FOLLOWER to FOLLOWER at term 53 for recognizeCandidate:d3e03273-8c79-4c12-9358-0a8612c41dd7
2019-10-18 04:00:12,355 [grpc-default-executor-6] INFO  impl.RoleInfo (RoleInfo.java:shutdownFollowerState(121)) - 20f566ef-d50a-432c-acfc-b325de8c1be4: shutdown FollowerState
2019-10-18 04:00:12,355 [grpc-default-executor-0] INFO  impl.RaftServerImpl (RaftServerImpl.java:setRole(184)) - 04d45094-7136-40c1-bdbb-fee737a34122@group-03B580E33239: changes role from  FOLLOWER to FOLLOWER at term 53 for recognizeCandidate:d3e03273-8c79-4c12-9358-0a8612c41dd7
2019-10-18 04:00:12,355 [grpc-default-executor-6] INFO  impl.RoleInfo (RoleInfo.java:updateAndGet(143)) - 20f566ef-d50a-432c-acfc-b325de8c1be4: start FollowerState
2019-10-18 04:00:12,355 [Thread-925] INFO  impl.FollowerState (FollowerState.java:run(117)) - 20f566ef-d50a-432c-acfc-b325de8c1be4@group-03B580E33239-FollowerState was interrupted: java.lang.InterruptedException: sleep interrupted
2019-10-18 04:00:12,356 [grpc-default-executor-0] INFO  impl.RoleInfo (RoleInfo.java:shutdownFollowerState(121)) - 04d45094-7136-40c1-bdbb-fee737a34122: shutdown FollowerState
2019-10-18 04:00:12,356 [Thread-926] INFO  impl.FollowerState (FollowerState.java:run(117)) - 04d45094-7136-40c1-bdbb-fee737a34122@group-03B580E33239-FollowerState was interrupted: java.lang.InterruptedException: sleep interrupted
2019-10-18 04:00:12,356 [grpc-default-executor-0] INFO  impl.RoleInfo (RoleInfo.java:updateAndGet(143)) - 04d45094-7136-40c1-bdbb-fee737a34122: start FollowerState
2019-10-18 04:00:12,371 [d3e03273-8c79-4c12-9358-0a8612c41dd7@group-03B580E33239-LeaderElection59] INFO  impl.LeaderElection (LeaderElection.java:logAndReturn(56)) - d3e03273-8c79-4c12-9358-0a8612c41dd7@group-03B580E33239-LeaderElection59: Election REJECTED; received 2 response(s) [d3e03273-8c79-4c12-9358-0a8612c41dd7<-20f566ef-d50a-432c-acfc-b325de8c1be4#0:FAIL-t53, d3e03273-8c79-4c12-9358-0a8612c41dd7<-04d45094-7136-40c1-bdbb-fee737a34122#0:FAIL-t53] and 0 exception(s); d3e03273-8c79-4c12-9358-0a8612c41dd7@group-03B580E33239:t53, leader=null, voted=d3e03273-8c79-4c12-9358-0a8612c41dd7, raftlog=d3e03273-8c79-4c12-9358-0a8612c41dd7@group-03B580E33239-SegmentedRaftLog:OPENED:c3,f4,i4, conf=0: [20f566ef-d50a-432c-acfc-b325de8c1be4:192.168.157.238:44964, d3e03273-8c79-4c12-9358-0a8612c41dd7:192.168.157.238:40960, 04d45094-7136-40c1-bdbb-fee737a34122:192.168.157.238:41949], old=null
2019-10-18 04:00:12,372 [d3e03273-8c79-4c12-9358-0a8612c41dd7@group-03B580E33239-LeaderElection59] INFO  impl.RaftServerImpl (RaftServerImpl.java:setRole(184)) - d3e03273-8c79-4c12-9358-0a8612c41dd7@group-03B580E33239: changes role from CANDIDATE to FOLLOWER at term 53 for DISCOVERED_A_NEW_TERM
2019-10-18 04:00:12,372 [d3e03273-8c79-4c12-9358-0a8612c41dd7@group-03B580E33239-LeaderElection59] INFO  impl.RoleInfo (RoleInfo.java:shutdownLeaderElection(134)) - d3e03273-8c79-4c12-9358-0a8612c41dd7: shutdown LeaderElection
2019-10-18 04:00:12,372 [d3e03273-8c79-4c12-9358-0a8612c41dd7@group-03B580E33239-LeaderElection59] INFO  impl.RoleInfo (RoleInfo.java:updateAndGet(143)) - d3e03273-8c79-4c12-9358-0a8612c41dd7: start FollowerState
2019-10-18 04:00:12,477 [Thread-933] INFO  impl.FollowerState (FollowerState.java:run(108)) - d3e03273-8c79-4c12-9358-0a8612c41dd7@group-03B580E33239-FollowerState: change to CANDIDATE, lastRpcTime:105ms, electionTimeout:105ms
2019-10-18 04:00:12,478 [Thread-933] INFO  impl.RoleInfo (RoleInfo.java:shutdownFollowerState(121)) - d3e03273-8c79-4c12-9358-0a8612c41dd7: shutdown FollowerState
2019-10-18 04:00:12,478 [Thread-933] INFO  impl.RaftServerImpl (RaftServerImpl.java:setRole(184)) - d3e03273-8c79-4c12-9358-0a8612c41dd7@group-03B580E33239: changes role from  FOLLOWER to CANDIDATE at term 53 for changeToCandidate
2019-10-18 04:00:12,478 [Thread-933] INFO  impl.RoleInfo (RoleInfo.java:updateAndGet(143)) - d3e03273-8c79-4c12-9358-0a8612c41dd7: start LeaderElection
2019-10-18 04:00:12,492 [d3e03273-8c79-4c12-9358-0a8612c41dd7@group-03B580E33239-LeaderElection60] INFO  impl.LeaderElection (LeaderElection.java:askForVotes(178)) - d3e03273-8c79-4c12-9358-0a8612c41dd7@group-03B580E33239-LeaderElection60: begin an election at term 54 for 0: [20f566ef-d50a-432c-acfc-b325de8c1be4:192.168.157.238:44964, d3e03273-8c79-4c12-9358-0a8612c41dd7:192.168.157.238:40960, 04d45094-7136-40c1-bdbb-fee737a34122:192.168.157.238:41949], old=null
2019-10-18 04:00:12,495 [grpc-default-executor-0] INFO  impl.RaftServerImpl (RaftServerImpl.java:setRole(184)) - 04d45094-7136-40c1-bdbb-fee737a34122@group-03B580E33239: changes role from  FOLLOWER to FOLLOWER at term 54 for recognizeCandidate:d3e03273-8c79-4c12-9358-0a8612c41dd7
2019-10-18 04:00:12,495 [grpc-default-executor-6] INFO  impl.RaftServerImpl (RaftServerImpl.java:setRole(184)) - 20f566ef-d50a-432c-acfc-b325de8c1be4@group-03B580E33239: changes role from  FOLLOWER to FOLLOWER at term 54 for recognizeCandidate:d3e03273-8c79-4c12-9358-0a8612c41dd7
2019-10-18 04:00:12,495 [grpc-default-executor-0] INFO  impl.RoleInfo (RoleInfo.java:shutdownFollowerState(121)) - 04d45094-7136-40c1-bdbb-fee737a34122: shutdown FollowerState
2019-10-18 04:00:12,495 [grpc-default-executor-6] INFO  impl.RoleInfo (RoleInfo.java:shutdownFollowerState(121)) - 20f566ef-d50a-432c-acfc-b325de8c1be4: shutdown FollowerState
2019-10-18 04:00:12,495 [grpc-default-executor-0] INFO  impl.RoleInfo (RoleInfo.java:updateAndGet(143)) - 04d45094-7136-40c1-bdbb-fee737a34122: start FollowerState
2019-10-18 04:00:12,495 [Thread-932] INFO  impl.FollowerState (FollowerState.java:run(117)) - 04d45094-7136-40c1-bdbb-fee737a34122@group-03B580E33239-FollowerState was interrupted: java.lang.InterruptedException: sleep interrupted
2019-10-18 04:00:12,495 [Thread-931] INFO  impl.FollowerState (FollowerState.java:run(117)) - 20f566ef-d50a-432c-acfc-b325de8c1be4@group-03B580E33239-FollowerState was interrupted: java.lang.InterruptedException: sleep interrupted
2019-10-18 04:00:12,495 [grpc-default-executor-6] INFO  impl.RoleInfo (RoleInfo.java:updateAndGet(143)) - 20f566ef-d50a-432c-acfc-b325de8c1be4: start FollowerState
2019-10-18 04:00:12,512 [d3e03273-8c79-4c12-9358-0a8612c41dd7@group-03B580E33239-LeaderElection60] INFO  impl.LeaderElection (LeaderElection.java:logAndReturn(56)) - d3e03273-8c79-4c12-9358-0a8612c41dd7@group-03B580E33239-LeaderElection60: Election REJECTED; received 2 response(s) [d3e03273-8c79-4c12-9358-0a8612c41dd7<-20f566ef-d50a-432c-acfc-b325de8c1be4#0:FAIL-t54, d3e03273-8c79-4c12-9358-0a8612c41dd7<-04d45094-7136-40c1-bdbb-fee737a34122#0:FAIL-t54] and 0 exception(s); d3e03273-8c79-4c12-9358-0a8612c41dd7@group-03B580E33239:t54, leader=null, voted=d3e03273-8c79-4c12-9358-0a8612c41dd7, raftlog=d3e03273-8c79-4c12-9358-0a8612c41dd7@group-03B580E33239-SegmentedRaftLog:OPENED:c3,f4,i4, conf=0: [20f566ef-d50a-432c-acfc-b325de8c1be4:192.168.157.238:44964, d3e03273-8c79-4c12-9358-0a8612c41dd7:192.168.157.238:40960, 04d45094-7136-40c1-bdbb-fee737a34122:192.168.157.238:41949], old=null
2019-10-18 04:00:12,512 [d3e03273-8c79-4c12-9358-0a8612c41dd7@group-03B580E33239-LeaderElection60] INFO  impl.RaftServerImpl (RaftServerImpl.java:setRole(184)) - d3e03273-8c79-4c12-9358-0a8612c41dd7@group-03B580E33239: changes role from CANDIDATE to FOLLOWER at term 54 for DISCOVERED_A_NEW_TERM
2019-10-18 04:00:12,512 [d3e03273-8c79-4c12-9358-0a8612c41dd7@group-03B580E33239-LeaderElection60] INFO  impl.RoleInfo (RoleInfo.java:shutdownLeaderElection(134)) - d3e03273-8c79-4c12-9358-0a8612c41dd7: shutdown LeaderElection
2019-10-18 04:00:12,513 [d3e03273-8c79-4c12-9358-0a8612c41dd7@group-03B580E33239-LeaderElection60] INFO  impl.RoleInfo (RoleInfo.java:updateAndGet(143)) - d3e03273-8c79-4c12-9358-0a8612c41dd7: start FollowerState
2019-10-18 04:00:12,534 [Thread-939] INFO  impl.FollowerState (FollowerState.java:run(108)) - d3e03273-8c79-4c12-9358-0a8612c41dd7@group-03B580E33239-FollowerState: change to CANDIDATE, lastRpcTime:21ms, electionTimeout:21ms
2019-10-18 04:00:12,534 [Thread-939] INFO  impl.RoleInfo (RoleInfo.java:shutdownFollowerState(121)) - d3e03273-8c79-4c12-9358-0a8612c41dd7: shutdown FollowerState
2019-10-18 04:00:12,534 [Thread-939] INFO  impl.RaftServerImpl (RaftServerImpl.java:setRole(184)) - d3e03273-8c79-4c12-9358-0a8612c41dd7@group-03B580E33239: changes role from  FOLLOWER to CANDIDATE at term 54 for changeToCandidate
2019-10-18 04:00:12,534 [Thread-939] INFO  impl.RoleInfo (RoleInfo.java:updateAndGet(143)) - d3e03273-8c79-4c12-9358-0a8612c41dd7: start LeaderElection
2019-10-18 04:00:12,537 [BlockDeletingService#2] WARN  background.BlockDeletingService (BlockDeletingService.java:isDeletionAllowed(187)) - Close Container log Index 6 is not replicated across allthe servers in the pipeline defa1269-bd0f-4f76-adbb-03b580e33239 as the min replicated index is 4. Deletion is not allowed in this container yet.
2019-10-18 04:00:12,538 [BlockDeletingService#2] WARN  background.BlockDeletingService (BlockDeletingService.java:isDeletionAllowed(187)) - Close Container log Index 6 is not replicated across allthe servers in the pipeline defa1269-bd0f-4f76-adbb-03b580e33239 as the min replicated index is 4. Deletion is not allowed in this container yet.
2019-10-18 04:00:12,548 [d3e03273-8c79-4c12-9358-0a8612c41dd7@group-03B580E33239-LeaderElection61] INFO  impl.LeaderElection (LeaderElection.java:askForVotes(178)) - d3e03273-8c79-4c12-9358-0a8612c41dd7@group-03B580E33239-LeaderElection61: begin an election at term 55 for 0: [20f566ef-d50a-432c-acfc-b325de8c1be4:192.168.157.238:44964, d3e03273-8c79-4c12-9358-0a8612c41dd7:192.168.157.238:40960, 04d45094-7136-40c1-bdbb-fee737a34122:192.168.157.238:41949], old=null
2019-10-18 04:00:12,551 [grpc-default-executor-0] INFO  impl.RaftServerImpl (RaftServerImpl.java:setRole(184)) - 20f566ef-d50a-432c-acfc-b325de8c1be4@group-03B580E33239: changes role from  FOLLOWER to FOLLOWER at term 55 for recognizeCandidate:d3e03273-8c79-4c12-9358-0a8612c41dd7
2019-10-18 04:00:12,551 [grpc-default-executor-0] INFO  impl.RoleInfo (RoleInfo.java:shutdownFollowerState(121)) - 20f566ef-d50a-432c-acfc-b325de8c1be4: shutdown FollowerState
2019-10-18 04:00:12,551 [grpc-default-executor-6] INFO  impl.RaftServerImpl (RaftServerImpl.java:setRole(184)) - 04d45094-7136-40c1-bdbb-fee737a34122@group-03B580E33239: changes role from  FOLLOWER to FOLLOWER at term 55 for recognizeCandidate:d3e03273-8c79-4c12-9358-0a8612c41dd7
2019-10-18 04:00:12,551 [grpc-default-executor-0] INFO  impl.RoleInfo (RoleInfo.java:updateAndGet(143)) - 20f566ef-d50a-432c-acfc-b325de8c1be4: start FollowerState
2019-10-18 04:00:12,551 [Thread-938] INFO  impl.FollowerState (FollowerState.java:run(117)) - 20f566ef-d50a-432c-acfc-b325de8c1be4@group-03B580E33239-FollowerState was interrupted: java.lang.InterruptedException: sleep interrupted
2019-10-18 04:00:12,551 [grpc-default-executor-6] INFO  impl.RoleInfo (RoleInfo.java:shutdownFollowerState(121)) - 04d45094-7136-40c1-bdbb-fee737a34122: shutdown FollowerState
2019-10-18 04:00:12,552 [Thread-937] INFO  impl.FollowerState (FollowerState.java:run(117)) - 04d45094-7136-40c1-bdbb-fee737a34122@group-03B580E33239-FollowerState was interrupted: java.lang.InterruptedException: sleep interrupted
2019-10-18 04:00:12,552 [grpc-default-executor-6] INFO  impl.RoleInfo (RoleInfo.java:updateAndGet(143)) - 04d45094-7136-40c1-bdbb-fee737a34122: start FollowerState
2019-10-18 04:00:12,568 [d3e03273-8c79-4c12-9358-0a8612c41dd7@group-03B580E33239-LeaderElection61] INFO  impl.LeaderElection (LeaderElection.java:logAndReturn(56)) - d3e03273-8c79-4c12-9358-0a8612c41dd7@group-03B580E33239-LeaderElection61: Election REJECTED; received 2 response(s) [d3e03273-8c79-4c12-9358-0a8612c41dd7<-20f566ef-d50a-432c-acfc-b325de8c1be4#0:FAIL-t55, d3e03273-8c79-4c12-9358-0a8612c41dd7<-04d45094-7136-40c1-bdbb-fee737a34122#0:FAIL-t55] and 0 exception(s); d3e03273-8c79-4c12-9358-0a8612c41dd7@group-03B580E33239:t55, leader=null, voted=d3e03273-8c79-4c12-9358-0a8612c41dd7, raftlog=d3e03273-8c79-4c12-9358-0a8612c41dd7@group-03B580E33239-SegmentedRaftLog:OPENED:c3,f4,i4, conf=0: [20f566ef-d50a-432c-acfc-b325de8c1be4:192.168.157.238:44964, d3e03273-8c79-4c12-9358-0a8612c41dd7:192.168.157.238:40960, 04d45094-7136-40c1-bdbb-fee737a34122:192.168.157.238:41949], old=null
2019-10-18 04:00:12,568 [d3e03273-8c79-4c12-9358-0a8612c41dd7@group-03B580E33239-LeaderElection61] INFO  impl.RaftServerImpl (RaftServerImpl.java:setRole(184)) - d3e03273-8c79-4c12-9358-0a8612c41dd7@group-03B580E33239: changes role from CANDIDATE to FOLLOWER at term 55 for DISCOVERED_A_NEW_TERM
2019-10-18 04:00:12,568 [d3e03273-8c79-4c12-9358-0a8612c41dd7@group-03B580E33239-LeaderElection61] INFO  impl.RoleInfo (RoleInfo.java:shutdownLeaderElection(134)) - d3e03273-8c79-4c12-9358-0a8612c41dd7: shutdown LeaderElection
2019-10-18 04:00:12,568 [d3e03273-8c79-4c12-9358-0a8612c41dd7@group-03B580E33239-LeaderElection61] INFO  impl.RoleInfo (RoleInfo.java:updateAndGet(143)) - d3e03273-8c79-4c12-9358-0a8612c41dd7: start FollowerState
2019-10-18 04:00:12,722 [Thread-947] INFO  impl.FollowerState (FollowerState.java:run(108)) - d3e03273-8c79-4c12-9358-0a8612c41dd7@group-03B580E33239-FollowerState: change to CANDIDATE, lastRpcTime:154ms, electionTimeout:154ms
2019-10-18 04:00:12,723 [Thread-947] INFO  impl.RoleInfo (RoleInfo.java:shutdownFollowerState(121)) - d3e03273-8c79-4c12-9358-0a8612c41dd7: shutdown FollowerState
2019-10-18 04:00:12,723 [Thread-947] INFO  impl.RaftServerImpl (RaftServerImpl.java:setRole(184)) - d3e03273-8c79-4c12-9358-0a8612c41dd7@group-03B580E33239: changes role from  FOLLOWER to CANDIDATE at term 55 for changeToCandidate
2019-10-18 04:00:12,723 [Thread-947] INFO  impl.RoleInfo (RoleInfo.java:updateAndGet(143)) - d3e03273-8c79-4c12-9358-0a8612c41dd7: start LeaderElection
2019-10-18 04:00:12,737 [d3e03273-8c79-4c12-9358-0a8612c41dd7@group-03B580E33239-LeaderElection62] INFO  impl.LeaderElection (LeaderElection.java:askForVotes(178)) - d3e03273-8c79-4c12-9358-0a8612c41dd7@group-03B580E33239-LeaderElection62: begin an election at term 56 for 0: [20f566ef-d50a-432c-acfc-b325de8c1be4:192.168.157.238:44964, d3e03273-8c79-4c12-9358-0a8612c41dd7:192.168.157.238:40960, 04d45094-7136-40c1-bdbb-fee737a34122:192.168.157.238:41949], old=null
2019-10-18 04:00:12,740 [grpc-default-executor-6] INFO  impl.RaftServerImpl (RaftServerImpl.java:setRole(184)) - 04d45094-7136-40c1-bdbb-fee737a34122@group-03B580E33239: changes role from  FOLLOWER to FOLLOWER at term 56 for recognizeCandidate:d3e03273-8c79-4c12-9358-0a8612c41dd7
2019-10-18 04:00:12,740 [grpc-default-executor-0] INFO  impl.RaftServerImpl (RaftServerImpl.java:setRole(184)) - 20f566ef-d50a-432c-acfc-b325de8c1be4@group-03B580E33239: changes role from  FOLLOWER to FOLLOWER at term 56 for recognizeCandidate:d3e03273-8c79-4c12-9358-0a8612c41dd7
2019-10-18 04:00:12,740 [grpc-default-executor-6] INFO  impl.RoleInfo (RoleInfo.java:shutdownFollowerState(121)) - 04d45094-7136-40c1-bdbb-fee737a34122: shutdown FollowerState
2019-10-18 04:00:12,740 [grpc-default-executor-0] INFO  impl.RoleInfo (RoleInfo.java:shutdownFollowerState(121)) - 20f566ef-d50a-432c-acfc-b325de8c1be4: shutdown FollowerState
2019-10-18 04:00:12,740 [grpc-default-executor-6] INFO  impl.RoleInfo (RoleInfo.java:updateAndGet(143)) - 04d45094-7136-40c1-bdbb-fee737a34122: start FollowerState
2019-10-18 04:00:12,740 [Thread-946] INFO  impl.FollowerState (FollowerState.java:run(117)) - 04d45094-7136-40c1-bdbb-fee737a34122@group-03B580E33239-FollowerState was interrupted: java.lang.InterruptedException: sleep interrupted
2019-10-18 04:00:12,740 [Thread-945] INFO  impl.FollowerState (FollowerState.java:run(117)) - 20f566ef-d50a-432c-acfc-b325de8c1be4@group-03B580E33239-FollowerState was interrupted: java.lang.InterruptedException: sleep interrupted
2019-10-18 04:00:12,740 [grpc-default-executor-0] INFO  impl.RoleInfo (RoleInfo.java:updateAndGet(143)) - 20f566ef-d50a-432c-acfc-b325de8c1be4: start FollowerState
2019-10-18 04:00:12,748 [d3e03273-8c79-4c12-9358-0a8612c41dd7@group-03B580E33239-LeaderElection62] INFO  impl.LeaderElection (LeaderElection.java:logAndReturn(56)) - d3e03273-8c79-4c12-9358-0a8612c41dd7@group-03B580E33239-LeaderElection62: Election TIMEOUT; received 0 response(s) [] and 0 exception(s); d3e03273-8c79-4c12-9358-0a8612c41dd7@group-03B580E33239:t56, leader=null, voted=d3e03273-8c79-4c12-9358-0a8612c41dd7, raftlog=d3e03273-8c79-4c12-9358-0a8612c41dd7@group-03B580E33239-SegmentedRaftLog:OPENED:c3,f4,i4, conf=0: [20f566ef-d50a-432c-acfc-b325de8c1be4:192.168.157.238:44964, d3e03273-8c79-4c12-9358-0a8612c41dd7:192.168.157.238:40960, 04d45094-7136-40c1-bdbb-fee737a34122:192.168.157.238:41949], old=null
2019-10-18 04:00:12,754 [d3e03273-8c79-4c12-9358-0a8612c41dd7@group-03B580E33239-LeaderElection62] INFO  impl.LeaderElection (LeaderElection.java:askForVotes(178)) - d3e03273-8c79-4c12-9358-0a8612c41dd7@group-03B580E33239-LeaderElection62: begin an election at term 57 for 0: [20f566ef-d50a-432c-acfc-b325de8c1be4:192.168.157.238:44964, d3e03273-8c79-4c12-9358-0a8612c41dd7:192.168.157.238:40960, 04d45094-7136-40c1-bdbb-fee737a34122:192.168.157.238:41949], old=null
2019-10-18 04:00:12,759 [grpc-default-executor-6] INFO  impl.RaftServerImpl (RaftServerImpl.java:setRole(184)) - 20f566ef-d50a-432c-acfc-b325de8c1be4@group-03B580E33239: changes role from  FOLLOWER to FOLLOWER at term 57 for recognizeCandidate:d3e03273-8c79-4c12-9358-0a8612c41dd7
2019-10-18 04:00:12,759 [grpc-default-executor-0] INFO  impl.RaftServerImpl (RaftServerImpl.java:setRole(184)) - 04d45094-7136-40c1-bdbb-fee737a34122@group-03B580E33239: changes role from  FOLLOWER to FOLLOWER at term 57 for recognizeCandidate:d3e03273-8c79-4c12-9358-0a8612c41dd7
2019-10-18 04:00:12,759 [grpc-default-executor-6] INFO  impl.RoleInfo (RoleInfo.java:shutdownFollowerState(121)) - 20f566ef-d50a-432c-acfc-b325de8c1be4: shutdown FollowerState
2019-10-18 04:00:12,759 [grpc-default-executor-0] INFO  impl.RoleInfo (RoleInfo.java:shutdownFollowerState(121)) - 04d45094-7136-40c1-bdbb-fee737a34122: shutdown FollowerState
2019-10-18 04:00:12,759 [grpc-default-executor-6] INFO  impl.RoleInfo (RoleInfo.java:updateAndGet(143)) - 20f566ef-d50a-432c-acfc-b325de8c1be4: start FollowerState
2019-10-18 04:00:12,760 [Thread-953] INFO  impl.FollowerState (FollowerState.java:run(117)) - 20f566ef-d50a-432c-acfc-b325de8c1be4@group-03B580E33239-FollowerState was interrupted: java.lang.InterruptedException: sleep interrupted
2019-10-18 04:00:12,760 [grpc-default-executor-0] INFO  impl.RoleInfo (RoleInfo.java:updateAndGet(143)) - 04d45094-7136-40c1-bdbb-fee737a34122: start FollowerState
2019-10-18 04:00:12,760 [Thread-952] INFO  impl.FollowerState (FollowerState.java:run(117)) - 04d45094-7136-40c1-bdbb-fee737a34122@group-03B580E33239-FollowerState was interrupted: java.lang.InterruptedException: sleep interrupted
2019-10-18 04:00:12,772 [Thread-959] INFO  client.GrpcClientProtocolService (GrpcClientProtocolService.java:lambda$processClientRequest$0(278)) - Failed RaftClientRequest:client-3EDA899B7DA2->d3e03273-8c79-4c12-9358-0a8612c41dd7@group-03B580E33239, cid=10, seq=0, Watch-ALL_COMMITTED(6), Message:<EMPTY>, reply=RaftClientReply:client-3EDA899B7DA2->d3e03273-8c79-4c12-9358-0a8612c41dd7@group-03B580E33239, cid=10, FAILED org.apache.ratis.protocol.NotLeaderException: Server d3e03273-8c79-4c12-9358-0a8612c41dd7@group-03B580E33239 is not the leader, logIndex=0, commits[d3e03273-8c79-4c12-9358-0a8612c41dd7:c3]
2019-10-18 04:00:12,780 [d3e03273-8c79-4c12-9358-0a8612c41dd7@group-03B580E33239-LeaderElection62] INFO  impl.LeaderElection (LeaderElection.java:logAndReturn(56)) - d3e03273-8c79-4c12-9358-0a8612c41dd7@group-03B580E33239-LeaderElection62: Election REJECTED; received 2 response(s) [d3e03273-8c79-4c12-9358-0a8612c41dd7<-20f566ef-d50a-432c-acfc-b325de8c1be4#0:FAIL-t57, d3e03273-8c79-4c12-9358-0a8612c41dd7<-04d45094-7136-40c1-bdbb-fee737a34122#0:FAIL-t57] and 0 exception(s); d3e03273-8c79-4c12-9358-0a8612c41dd7@group-03B580E33239:t57, leader=null, voted=d3e03273-8c79-4c12-9358-0a8612c41dd7, raftlog=d3e03273-8c79-4c12-9358-0a8612c41dd7@group-03B580E33239-SegmentedRaftLog:OPENED:c3,f4,i4, conf=0: [20f566ef-d50a-432c-acfc-b325de8c1be4:192.168.157.238:44964, d3e03273-8c79-4c12-9358-0a8612c41dd7:192.168.157.238:40960, 04d45094-7136-40c1-bdbb-fee737a34122:192.168.157.238:41949], old=null
2019-10-18 04:00:12,780 [d3e03273-8c79-4c12-9358-0a8612c41dd7@group-03B580E33239-LeaderElection62] INFO  impl.RaftServerImpl (RaftServerImpl.java:setRole(184)) - d3e03273-8c79-4c12-9358-0a8612c41dd7@group-03B580E33239: changes role from CANDIDATE to FOLLOWER at term 57 for DISCOVERED_A_NEW_TERM
2019-10-18 04:00:12,780 [d3e03273-8c79-4c12-9358-0a8612c41dd7@group-03B580E33239-LeaderElection62] INFO  impl.RoleInfo (RoleInfo.java:shutdownLeaderElection(134)) - d3e03273-8c79-4c12-9358-0a8612c41dd7: shutdown LeaderElection
2019-10-18 04:00:12,780 [d3e03273-8c79-4c12-9358-0a8612c41dd7@group-03B580E33239-LeaderElection62] INFO  impl.RoleInfo (RoleInfo.java:updateAndGet(143)) - d3e03273-8c79-4c12-9358-0a8612c41dd7: start FollowerState
2019-10-18 04:00:12,784 [Thread-961] INFO  impl.FollowerState (FollowerState.java:run(108)) - d3e03273-8c79-4c12-9358-0a8612c41dd7@group-03B580E33239-FollowerState: change to CANDIDATE, lastRpcTime:3ms, electionTimeout:3ms
2019-10-18 04:00:12,784 [Thread-961] INFO  impl.RoleInfo (RoleInfo.java:shutdownFollowerState(121)) - d3e03273-8c79-4c12-9358-0a8612c41dd7: shutdown FollowerState
2019-10-18 04:00:12,784 [Thread-961] INFO  impl.RaftServerImpl (RaftServerImpl.java:setRole(184)) - d3e03273-8c79-4c12-9358-0a8612c41dd7@group-03B580E33239: changes role from  FOLLOWER to CANDIDATE at term 57 for changeToCandidate
2019-10-18 04:00:12,784 [Thread-961] INFO  impl.RoleInfo (RoleInfo.java:updateAndGet(143)) - d3e03273-8c79-4c12-9358-0a8612c41dd7: start LeaderElection
2019-10-18 04:00:12,803 [d3e03273-8c79-4c12-9358-0a8612c41dd7@group-03B580E33239-LeaderElection63] INFO  impl.LeaderElection (LeaderElection.java:askForVotes(178)) - d3e03273-8c79-4c12-9358-0a8612c41dd7@group-03B580E33239-LeaderElection63: begin an election at term 58 for 0: [20f566ef-d50a-432c-acfc-b325de8c1be4:192.168.157.238:44964, d3e03273-8c79-4c12-9358-0a8612c41dd7:192.168.157.238:40960, 04d45094-7136-40c1-bdbb-fee737a34122:192.168.157.238:41949], old=null
2019-10-18 04:00:12,805 [grpc-default-executor-0] INFO  impl.RaftServerImpl (RaftServerImpl.java:setRole(184)) - 20f566ef-d50a-432c-acfc-b325de8c1be4@group-03B580E33239: changes role from  FOLLOWER to FOLLOWER at term 58 for recognizeCandidate:d3e03273-8c79-4c12-9358-0a8612c41dd7
2019-10-18 04:00:12,805 [grpc-default-executor-0] INFO  impl.RoleInfo (RoleInfo.java:shutdownFollowerState(121)) - 20f566ef-d50a-432c-acfc-b325de8c1be4: shutdown FollowerState
2019-10-18 04:00:12,806 [grpc-default-executor-6] INFO  impl.RaftServerImpl (RaftServerImpl.java:setRole(184)) - 04d45094-7136-40c1-bdbb-fee737a34122@group-03B580E33239: changes role from  FOLLOWER to FOLLOWER at term 58 for recognizeCandidate:d3e03273-8c79-4c12-9358-0a8612c41dd7
2019-10-18 04:00:12,806 [grpc-default-executor-0] INFO  impl.RoleInfo (RoleInfo.java:updateAndGet(143)) - 20f566ef-d50a-432c-acfc-b325de8c1be4: start FollowerState
2019-10-18 04:00:12,806 [Thread-956] INFO  impl.FollowerState (FollowerState.java:run(117)) - 20f566ef-d50a-432c-acfc-b325de8c1be4@group-03B580E33239-FollowerState was interrupted: java.lang.InterruptedException: sleep interrupted
2019-10-18 04:00:12,806 [grpc-default-executor-6] INFO  impl.RoleInfo (RoleInfo.java:shutdownFollowerState(121)) - 04d45094-7136-40c1-bdbb-fee737a34122: shutdown FollowerState
2019-10-18 04:00:12,806 [grpc-default-executor-6] INFO  impl.RoleInfo (RoleInfo.java:updateAndGet(143)) - 04d45094-7136-40c1-bdbb-fee737a34122: start FollowerState
2019-10-18 04:00:12,806 [Thread-957] INFO  impl.FollowerState (FollowerState.java:run(117)) - 04d45094-7136-40c1-bdbb-fee737a34122@group-03B580E33239-FollowerState was interrupted: java.lang.InterruptedException: sleep interrupted
2019-10-18 04:00:12,814 [d3e03273-8c79-4c12-9358-0a8612c41dd7@group-03B580E33239-LeaderElection63] INFO  impl.LeaderElection (LeaderElection.java:logAndReturn(56)) - d3e03273-8c79-4c12-9358-0a8612c41dd7@group-03B580E33239-LeaderElection63: Election REJECTED; received 2 response(s) [d3e03273-8c79-4c12-9358-0a8612c41dd7<-20f566ef-d50a-432c-acfc-b325de8c1be4#0:FAIL-t58, d3e03273-8c79-4c12-9358-0a8612c41dd7<-04d45094-7136-40c1-bdbb-fee737a34122#0:FAIL-t58] and 0 exception(s); d3e03273-8c79-4c12-9358-0a8612c41dd7@group-03B580E33239:t58, leader=null, voted=d3e03273-8c79-4c12-9358-0a8612c41dd7, raftlog=d3e03273-8c79-4c12-9358-0a8612c41dd7@group-03B580E33239-SegmentedRaftLog:OPENED:c3,f4,i4, conf=0: [20f566ef-d50a-432c-acfc-b325de8c1be4:192.168.157.238:44964, d3e03273-8c79-4c12-9358-0a8612c41dd7:192.168.157.238:40960, 04d45094-7136-40c1-bdbb-fee737a34122:192.168.157.238:41949], old=null
2019-10-18 04:00:12,815 [d3e03273-8c79-4c12-9358-0a8612c41dd7@group-03B580E33239-LeaderElection63] INFO  impl.RaftServerImpl (RaftServerImpl.java:setRole(184)) - d3e03273-8c79-4c12-9358-0a8612c41dd7@group-03B580E33239: changes role from CANDIDATE to FOLLOWER at term 58 for DISCOVERED_A_NEW_TERM
2019-10-18 04:00:12,815 [d3e03273-8c79-4c12-9358-0a8612c41dd7@group-03B580E33239-LeaderElection63] INFO  impl.RoleInfo (RoleInfo.java:shutdownLeaderElection(134)) - d3e03273-8c79-4c12-9358-0a8612c41dd7: shutdown LeaderElection
2019-10-18 04:00:12,815 [d3e03273-8c79-4c12-9358-0a8612c41dd7@group-03B580E33239-LeaderElection63] INFO  impl.RoleInfo (RoleInfo.java:updateAndGet(143)) - d3e03273-8c79-4c12-9358-0a8612c41dd7: start FollowerState
2019-10-18 04:00:12,917 [Thread-967] INFO  impl.FollowerState (FollowerState.java:run(108)) - d3e03273-8c79-4c12-9358-0a8612c41dd7@group-03B580E33239-FollowerState: change to CANDIDATE, lastRpcTime:102ms, electionTimeout:102ms
2019-10-18 04:00:12,917 [Thread-967] INFO  impl.RoleInfo (RoleInfo.java:shutdownFollowerState(121)) - d3e03273-8c79-4c12-9358-0a8612c41dd7: shutdown FollowerState
2019-10-18 04:00:12,917 [Thread-967] INFO  impl.RaftServerImpl (RaftServerImpl.java:setRole(184)) - d3e03273-8c79-4c12-9358-0a8612c41dd7@group-03B580E33239: changes role from  FOLLOWER to CANDIDATE at term 58 for changeToCandidate
2019-10-18 04:00:12,918 [Thread-967] INFO  impl.RoleInfo (RoleInfo.java:updateAndGet(143)) - d3e03273-8c79-4c12-9358-0a8612c41dd7: start LeaderElection
2019-10-18 04:00:12,943 [d3e03273-8c79-4c12-9358-0a8612c41dd7@group-03B580E33239-LeaderElection64] INFO  impl.LeaderElection (LeaderElection.java:askForVotes(178)) - d3e03273-8c79-4c12-9358-0a8612c41dd7@group-03B580E33239-LeaderElection64: begin an election at term 59 for 0: [20f566ef-d50a-432c-acfc-b325de8c1be4:192.168.157.238:44964, d3e03273-8c79-4c12-9358-0a8612c41dd7:192.168.157.238:40960, 04d45094-7136-40c1-bdbb-fee737a34122:192.168.157.238:41949], old=null
2019-10-18 04:00:12,946 [grpc-default-executor-6] INFO  impl.RaftServerImpl (RaftServerImpl.java:setRole(184)) - 04d45094-7136-40c1-bdbb-fee737a34122@group-03B580E33239: changes role from  FOLLOWER to FOLLOWER at term 59 for recognizeCandidate:d3e03273-8c79-4c12-9358-0a8612c41dd7
2019-10-18 04:00:12,946 [grpc-default-executor-0] INFO  impl.RaftServerImpl (RaftServerImpl.java:setRole(184)) - 20f566ef-d50a-432c-acfc-b325de8c1be4@group-03B580E33239: changes role from  FOLLOWER to FOLLOWER at term 59 for recognizeCandidate:d3e03273-8c79-4c12-9358-0a8612c41dd7
2019-10-18 04:00:12,946 [grpc-default-executor-6] INFO  impl.RoleInfo (RoleInfo.java:shutdownFollowerState(121)) - 04d45094-7136-40c1-bdbb-fee737a34122: shutdown FollowerState
2019-10-18 04:00:12,946 [grpc-default-executor-0] INFO  impl.RoleInfo (RoleInfo.java:shutdownFollowerState(121)) - 20f566ef-d50a-432c-acfc-b325de8c1be4: shutdown FollowerState
2019-10-18 04:00:12,947 [Thread-966] INFO  impl.FollowerState (FollowerState.java:run(117)) - 04d45094-7136-40c1-bdbb-fee737a34122@group-03B580E33239-FollowerState was interrupted: java.lang.InterruptedException: sleep interrupted
2019-10-18 04:00:12,947 [grpc-default-executor-6] INFO  impl.RoleInfo (RoleInfo.java:updateAndGet(143)) - 04d45094-7136-40c1-bdbb-fee737a34122: start FollowerState
2019-10-18 04:00:12,947 [Thread-965] INFO  impl.FollowerState (FollowerState.java:run(117)) - 20f566ef-d50a-432c-acfc-b325de8c1be4@group-03B580E33239-FollowerState was interrupted: java.lang.InterruptedException: sleep interrupted
2019-10-18 04:00:12,947 [grpc-default-executor-0] INFO  impl.RoleInfo (RoleInfo.java:updateAndGet(143)) - 20f566ef-d50a-432c-acfc-b325de8c1be4: start FollowerState
2019-10-18 04:00:12,970 [d3e03273-8c79-4c12-9358-0a8612c41dd7@group-03B580E33239-LeaderElection64] INFO  impl.LeaderElection (LeaderElection.java:logAndReturn(56)) - d3e03273-8c79-4c12-9358-0a8612c41dd7@group-03B580E33239-LeaderElection64: Election REJECTED; received 2 response(s) [d3e03273-8c79-4c12-9358-0a8612c41dd7<-20f566ef-d50a-432c-acfc-b325de8c1be4#0:FAIL-t59, d3e03273-8c79-4c12-9358-0a8612c41dd7<-04d45094-7136-40c1-bdbb-fee737a34122#0:FAIL-t59] and 0 exception(s); d3e03273-8c79-4c12-9358-0a8612c41dd7@group-03B580E33239:t59, leader=null, voted=d3e03273-8c79-4c12-9358-0a8612c41dd7, raftlog=d3e03273-8c79-4c12-9358-0a8612c41dd7@group-03B580E33239-SegmentedRaftLog:OPENED:c3,f4,i4, conf=0: [20f566ef-d50a-432c-acfc-b325de8c1be4:192.168.157.238:44964, d3e03273-8c79-4c12-9358-0a8612c41dd7:192.168.157.238:40960, 04d45094-7136-40c1-bdbb-fee737a34122:192.168.157.238:41949], old=null
2019-10-18 04:00:12,970 [d3e03273-8c79-4c12-9358-0a8612c41dd7@group-03B580E33239-LeaderElection64] INFO  impl.RaftServerImpl (RaftServerImpl.java:setRole(184)) - d3e03273-8c79-4c12-9358-0a8612c41dd7@group-03B580E33239: changes role from CANDIDATE to FOLLOWER at term 59 for DISCOVERED_A_NEW_TERM
2019-10-18 04:00:12,970 [d3e03273-8c79-4c12-9358-0a8612c41dd7@group-03B580E33239-LeaderElection64] INFO  impl.RoleInfo (RoleInfo.java:shutdownLeaderElection(134)) - d3e03273-8c79-4c12-9358-0a8612c41dd7: shutdown LeaderElection
2019-10-18 04:00:12,970 [d3e03273-8c79-4c12-9358-0a8612c41dd7@group-03B580E33239-LeaderElection64] INFO  impl.RoleInfo (RoleInfo.java:updateAndGet(143)) - d3e03273-8c79-4c12-9358-0a8612c41dd7: start FollowerState
2019-10-18 04:00:13,151 [Thread-973] INFO  impl.FollowerState (FollowerState.java:run(108)) - d3e03273-8c79-4c12-9358-0a8612c41dd7@group-03B580E33239-FollowerState: change to CANDIDATE, lastRpcTime:180ms, electionTimeout:180ms
2019-10-18 04:00:13,151 [Thread-973] INFO  impl.RoleInfo (RoleInfo.java:shutdownFollowerState(121)) - d3e03273-8c79-4c12-9358-0a8612c41dd7: shutdown FollowerState
2019-10-18 04:00:13,151 [Thread-973] INFO  impl.RaftServerImpl (RaftServerImpl.java:setRole(184)) - d3e03273-8c79-4c12-9358-0a8612c41dd7@group-03B580E33239: changes role from  FOLLOWER to CANDIDATE at term 59 for changeToCandidate
2019-10-18 04:00:13,152 [Thread-973] INFO  impl.RoleInfo (RoleInfo.java:updateAndGet(143)) - d3e03273-8c79-4c12-9358-0a8612c41dd7: start LeaderElection
2019-10-18 04:00:13,165 [d3e03273-8c79-4c12-9358-0a8612c41dd7@group-03B580E33239-LeaderElection65] INFO  impl.LeaderElection (LeaderElection.java:askForVotes(178)) - d3e03273-8c79-4c12-9358-0a8612c41dd7@group-03B580E33239-LeaderElection65: begin an election at term 60 for 0: [20f566ef-d50a-432c-acfc-b325de8c1be4:192.168.157.238:44964, d3e03273-8c79-4c12-9358-0a8612c41dd7:192.168.157.238:40960, 04d45094-7136-40c1-bdbb-fee737a34122:192.168.157.238:41949], old=null
2019-10-18 04:00:13,169 [grpc-default-executor-0] INFO  impl.RaftServerImpl (RaftServerImpl.java:setRole(184)) - 04d45094-7136-40c1-bdbb-fee737a34122@group-03B580E33239: changes role from  FOLLOWER to FOLLOWER at term 60 for recognizeCandidate:d3e03273-8c79-4c12-9358-0a8612c41dd7
2019-10-18 04:00:13,170 [grpc-default-executor-0] INFO  impl.RoleInfo (RoleInfo.java:shutdownFollowerState(121)) - 04d45094-7136-40c1-bdbb-fee737a34122: shutdown FollowerState
2019-10-18 04:00:13,169 [grpc-default-executor-6] INFO  impl.RaftServerImpl (RaftServerImpl.java:setRole(184)) - 20f566ef-d50a-432c-acfc-b325de8c1be4@group-03B580E33239: changes role from  FOLLOWER to FOLLOWER at term 60 for recognizeCandidate:d3e03273-8c79-4c12-9358-0a8612c41dd7
2019-10-18 04:00:13,170 [grpc-default-executor-6] INFO  impl.RoleInfo (RoleInfo.java:shutdownFollowerState(121)) - 20f566ef-d50a-432c-acfc-b325de8c1be4: shutdown FollowerState
2019-10-18 04:00:13,171 [grpc-default-executor-6] INFO  impl.RoleInfo (RoleInfo.java:updateAndGet(143)) - 20f566ef-d50a-432c-acfc-b325de8c1be4: start FollowerState
2019-10-18 04:00:13,170 [Thread-971] INFO  impl.FollowerState (FollowerState.java:run(117)) - 04d45094-7136-40c1-bdbb-fee737a34122@group-03B580E33239-FollowerState was interrupted: java.lang.InterruptedException: sleep interrupted
2019-10-18 04:00:13,170 [grpc-default-executor-0] INFO  impl.RoleInfo (RoleInfo.java:updateAndGet(143)) - 04d45094-7136-40c1-bdbb-fee737a34122: start FollowerState
2019-10-18 04:00:13,171 [Thread-972] INFO  impl.FollowerState (FollowerState.java:run(117)) - 20f566ef-d50a-432c-acfc-b325de8c1be4@group-03B580E33239-FollowerState was interrupted: java.lang.InterruptedException: sleep interrupted
2019-10-18 04:00:13,178 [d3e03273-8c79-4c12-9358-0a8612c41dd7@group-03B580E33239-LeaderElection65] INFO  impl.LeaderElection (LeaderElection.java:logAndReturn(56)) - d3e03273-8c79-4c12-9358-0a8612c41dd7@group-03B580E33239-LeaderElection65: Election TIMEOUT; received 0 response(s) [] and 0 exception(s); d3e03273-8c79-4c12-9358-0a8612c41dd7@group-03B580E33239:t60, leader=null, voted=d3e03273-8c79-4c12-9358-0a8612c41dd7, raftlog=d3e03273-8c79-4c12-9358-0a8612c41dd7@group-03B580E33239-SegmentedRaftLog:OPENED:c3,f4,i4, conf=0: [20f566ef-d50a-432c-acfc-b325de8c1be4:192.168.157.238:44964, d3e03273-8c79-4c12-9358-0a8612c41dd7:192.168.157.238:40960, 04d45094-7136-40c1-bdbb-fee737a34122:192.168.157.238:41949], old=null
2019-10-18 04:00:13,185 [d3e03273-8c79-4c12-9358-0a8612c41dd7@group-03B580E33239-LeaderElection65] INFO  impl.LeaderElection (LeaderElection.java:askForVotes(178)) - d3e03273-8c79-4c12-9358-0a8612c41dd7@group-03B580E33239-LeaderElection65: begin an election at term 61 for 0: [20f566ef-d50a-432c-acfc-b325de8c1be4:192.168.157.238:44964, d3e03273-8c79-4c12-9358-0a8612c41dd7:192.168.157.238:40960, 04d45094-7136-40c1-bdbb-fee737a34122:192.168.157.238:41949], old=null
2019-10-18 04:00:13,188 [grpc-default-executor-6] INFO  impl.RaftServerImpl (RaftServerImpl.java:setRole(184)) - 20f566ef-d50a-432c-acfc-b325de8c1be4@group-03B580E33239: changes role from  FOLLOWER to FOLLOWER at term 61 for recognizeCandidate:d3e03273-8c79-4c12-9358-0a8612c41dd7
2019-10-18 04:00:13,188 [grpc-default-executor-6] INFO  impl.RoleInfo (RoleInfo.java:shutdownFollowerState(121)) - 20f566ef-d50a-432c-acfc-b325de8c1be4: shutdown FollowerState
2019-10-18 04:00:13,188 [grpc-default-executor-0] INFO  impl.RaftServerImpl (RaftServerImpl.java:setRole(184)) - 04d45094-7136-40c1-bdbb-fee737a34122@group-03B580E33239: changes role from  FOLLOWER to FOLLOWER at term 61 for recognizeCandidate:d3e03273-8c79-4c12-9358-0a8612c41dd7
2019-10-18 04:00:13,188 [Thread-978] INFO  impl.FollowerState (FollowerState.java:run(117)) - 20f566ef-d50a-432c-acfc-b325de8c1be4@group-03B580E33239-FollowerState was interrupted: java.lang.InterruptedException: sleep interrupted
2019-10-18 04:00:13,188 [grpc-default-executor-6] INFO  impl.RoleInfo (RoleInfo.java:updateAndGet(143)) - 20f566ef-d50a-432c-acfc-b325de8c1be4: start FollowerState
2019-10-18 04:00:13,189 [grpc-default-executor-0] INFO  impl.RoleInfo (RoleInfo.java:shutdownFollowerState(121)) - 04d45094-7136-40c1-bdbb-fee737a34122: shutdown FollowerState
2019-10-18 04:00:13,189 [Thread-977] INFO  impl.FollowerState (FollowerState.java:run(117)) - 04d45094-7136-40c1-bdbb-fee737a34122@group-03B580E33239-FollowerState was interrupted: java.lang.InterruptedException: sleep interrupted
2019-10-18 04:00:13,189 [grpc-default-executor-0] INFO  impl.RoleInfo (RoleInfo.java:updateAndGet(143)) - 04d45094-7136-40c1-bdbb-fee737a34122: start FollowerState
2019-10-18 04:00:13,204 [d3e03273-8c79-4c12-9358-0a8612c41dd7@group-03B580E33239-LeaderElection65] INFO  impl.LeaderElection (LeaderElection.java:logAndReturn(56)) - d3e03273-8c79-4c12-9358-0a8612c41dd7@group-03B580E33239-LeaderElection65: Election REJECTED; received 2 response(s) [d3e03273-8c79-4c12-9358-0a8612c41dd7<-20f566ef-d50a-432c-acfc-b325de8c1be4#0:FAIL-t61, d3e03273-8c79-4c12-9358-0a8612c41dd7<-04d45094-7136-40c1-bdbb-fee737a34122#0:FAIL-t61] and 0 exception(s); d3e03273-8c79-4c12-9358-0a8612c41dd7@group-03B580E33239:t61, leader=null, voted=d3e03273-8c79-4c12-9358-0a8612c41dd7, raftlog=d3e03273-8c79-4c12-9358-0a8612c41dd7@group-03B580E33239-SegmentedRaftLog:OPENED:c3,f4,i4, conf=0: [20f566ef-d50a-432c-acfc-b325de8c1be4:192.168.157.238:44964, d3e03273-8c79-4c12-9358-0a8612c41dd7:192.168.157.238:40960, 04d45094-7136-40c1-bdbb-fee737a34122:192.168.157.238:41949], old=null
2019-10-18 04:00:13,205 [d3e03273-8c79-4c12-9358-0a8612c41dd7@group-03B580E33239-LeaderElection65] INFO  impl.RaftServerImpl (RaftServerImpl.java:setRole(184)) - d3e03273-8c79-4c12-9358-0a8612c41dd7@group-03B580E33239: changes role from CANDIDATE to FOLLOWER at term 61 for DISCOVERED_A_NEW_TERM
2019-10-18 04:00:13,205 [d3e03273-8c79-4c12-9358-0a8612c41dd7@group-03B580E33239-LeaderElection65] INFO  impl.RoleInfo (RoleInfo.java:shutdownLeaderElection(134)) - d3e03273-8c79-4c12-9358-0a8612c41dd7: shutdown LeaderElection
2019-10-18 04:00:13,205 [d3e03273-8c79-4c12-9358-0a8612c41dd7@group-03B580E33239-LeaderElection65] INFO  impl.RoleInfo (RoleInfo.java:updateAndGet(143)) - d3e03273-8c79-4c12-9358-0a8612c41dd7: start FollowerState
2019-10-18 04:00:13,273 [Thread-983] INFO  impl.FollowerState (FollowerState.java:run(108)) - d3e03273-8c79-4c12-9358-0a8612c41dd7@group-03B580E33239-FollowerState: change to CANDIDATE, lastRpcTime:67ms, electionTimeout:67ms
2019-10-18 04:00:13,274 [Thread-983] INFO  impl.RoleInfo (RoleInfo.java:shutdownFollowerState(121)) - d3e03273-8c79-4c12-9358-0a8612c41dd7: shutdown FollowerState
2019-10-18 04:00:13,274 [Thread-983] INFO  impl.RaftServerImpl (RaftServerImpl.java:setRole(184)) - d3e03273-8c79-4c12-9358-0a8612c41dd7@group-03B580E33239: changes role from  FOLLOWER to CANDIDATE at term 61 for changeToCandidate
2019-10-18 04:00:13,275 [Thread-983] INFO  impl.RoleInfo (RoleInfo.java:updateAndGet(143)) - d3e03273-8c79-4c12-9358-0a8612c41dd7: start LeaderElection
2019-10-18 04:00:13,290 [d3e03273-8c79-4c12-9358-0a8612c41dd7@group-03B580E33239-LeaderElection66] INFO  impl.LeaderElection (LeaderElection.java:askForVotes(178)) - d3e03273-8c79-4c12-9358-0a8612c41dd7@group-03B580E33239-LeaderElection66: begin an election at term 62 for 0: [20f566ef-d50a-432c-acfc-b325de8c1be4:192.168.157.238:44964, d3e03273-8c79-4c12-9358-0a8612c41dd7:192.168.157.238:40960, 04d45094-7136-40c1-bdbb-fee737a34122:192.168.157.238:41949], old=null
2019-10-18 04:00:13,299 [grpc-default-executor-0] INFO  impl.RaftServerImpl (RaftServerImpl.java:setRole(184)) - 04d45094-7136-40c1-bdbb-fee737a34122@group-03B580E33239: changes role from  FOLLOWER to FOLLOWER at term 62 for recognizeCandidate:d3e03273-8c79-4c12-9358-0a8612c41dd7
2019-10-18 04:00:13,299 [grpc-default-executor-6] INFO  impl.RaftServerImpl (RaftServerImpl.java:setRole(184)) - 20f566ef-d50a-432c-acfc-b325de8c1be4@group-03B580E33239: changes role from  FOLLOWER to FOLLOWER at term 62 for recognizeCandidate:d3e03273-8c79-4c12-9358-0a8612c41dd7
2019-10-18 04:00:13,300 [grpc-default-executor-0] INFO  impl.RoleInfo (RoleInfo.java:shutdownFollowerState(121)) - 04d45094-7136-40c1-bdbb-fee737a34122: shutdown FollowerState
2019-10-18 04:00:13,300 [grpc-default-executor-6] INFO  impl.RoleInfo (RoleInfo.java:shutdownFollowerState(121)) - 20f566ef-d50a-432c-acfc-b325de8c1be4: shutdown FollowerState
2019-10-18 04:00:13,300 [grpc-default-executor-0] INFO  impl.RoleInfo (RoleInfo.java:updateAndGet(143)) - 04d45094-7136-40c1-bdbb-fee737a34122: start FollowerState
2019-10-18 04:00:13,301 [Thread-981] INFO  impl.FollowerState (FollowerState.java:run(117)) - 20f566ef-d50a-432c-acfc-b325de8c1be4@group-03B580E33239-FollowerState was interrupted: java.lang.InterruptedException: sleep interrupted
2019-10-18 04:00:13,301 [grpc-default-executor-6] INFO  impl.RoleInfo (RoleInfo.java:updateAndGet(143)) - 20f566ef-d50a-432c-acfc-b325de8c1be4: start FollowerState
2019-10-18 04:00:13,301 [Thread-982] INFO  impl.FollowerState (FollowerState.java:run(117)) - 04d45094-7136-40c1-bdbb-fee737a34122@group-03B580E33239-FollowerState was interrupted: java.lang.InterruptedException: sleep interrupted
2019-10-18 04:00:13,316 [d3e03273-8c79-4c12-9358-0a8612c41dd7@group-03B580E33239-LeaderElection66] INFO  impl.LeaderElection (LeaderElection.java:logAndReturn(56)) - d3e03273-8c79-4c12-9358-0a8612c41dd7@group-03B580E33239-LeaderElection66: Election REJECTED; received 2 response(s) [d3e03273-8c79-4c12-9358-0a8612c41dd7<-20f566ef-d50a-432c-acfc-b325de8c1be4#0:FAIL-t62, d3e03273-8c79-4c12-9358-0a8612c41dd7<-04d45094-7136-40c1-bdbb-fee737a34122#0:FAIL-t62] and 0 exception(s); d3e03273-8c79-4c12-9358-0a8612c41dd7@group-03B580E33239:t62, leader=null, voted=d3e03273-8c79-4c12-9358-0a8612c41dd7, raftlog=d3e03273-8c79-4c12-9358-0a8612c41dd7@group-03B580E33239-SegmentedRaftLog:OPENED:c3,f4,i4, conf=0: [20f566ef-d50a-432c-acfc-b325de8c1be4:192.168.157.238:44964, d3e03273-8c79-4c12-9358-0a8612c41dd7:192.168.157.238:40960, 04d45094-7136-40c1-bdbb-fee737a34122:192.168.157.238:41949], old=null
2019-10-18 04:00:13,316 [d3e03273-8c79-4c12-9358-0a8612c41dd7@group-03B580E33239-LeaderElection66] INFO  impl.RaftServerImpl (RaftServerImpl.java:setRole(184)) - d3e03273-8c79-4c12-9358-0a8612c41dd7@group-03B580E33239: changes role from CANDIDATE to FOLLOWER at term 62 for DISCOVERED_A_NEW_TERM
2019-10-18 04:00:13,316 [d3e03273-8c79-4c12-9358-0a8612c41dd7@group-03B580E33239-LeaderElection66] INFO  impl.RoleInfo (RoleInfo.java:shutdownLeaderElection(134)) - d3e03273-8c79-4c12-9358-0a8612c41dd7: shutdown LeaderElection
2019-10-18 04:00:13,317 [d3e03273-8c79-4c12-9358-0a8612c41dd7@group-03B580E33239-LeaderElection66] INFO  impl.RoleInfo (RoleInfo.java:updateAndGet(143)) - d3e03273-8c79-4c12-9358-0a8612c41dd7: start FollowerState
2019-10-18 04:00:13,489 [Thread-989] INFO  impl.FollowerState (FollowerState.java:run(108)) - d3e03273-8c79-4c12-9358-0a8612c41dd7@group-03B580E33239-FollowerState: change to CANDIDATE, lastRpcTime:172ms, electionTimeout:172ms
2019-10-18 04:00:13,489 [Thread-989] INFO  impl.RoleInfo (RoleInfo.java:shutdownFollowerState(121)) - d3e03273-8c79-4c12-9358-0a8612c41dd7: shutdown FollowerState
2019-10-18 04:00:13,489 [Thread-989] INFO  impl.RaftServerImpl (RaftServerImpl.java:setRole(184)) - d3e03273-8c79-4c12-9358-0a8612c41dd7@group-03B580E33239: changes role from  FOLLOWER to CANDIDATE at term 62 for changeToCandidate
2019-10-18 04:00:13,490 [Thread-989] INFO  impl.RoleInfo (RoleInfo.java:updateAndGet(143)) - d3e03273-8c79-4c12-9358-0a8612c41dd7: start LeaderElection
2019-10-18 04:00:13,504 [d3e03273-8c79-4c12-9358-0a8612c41dd7@group-03B580E33239-LeaderElection67] INFO  impl.LeaderElection (LeaderElection.java:askForVotes(178)) - d3e03273-8c79-4c12-9358-0a8612c41dd7@group-03B580E33239-LeaderElection67: begin an election at term 63 for 0: [20f566ef-d50a-432c-acfc-b325de8c1be4:192.168.157.238:44964, d3e03273-8c79-4c12-9358-0a8612c41dd7:192.168.157.238:40960, 04d45094-7136-40c1-bdbb-fee737a34122:192.168.157.238:41949], old=null
2019-10-18 04:00:13,507 [grpc-default-executor-6] INFO  impl.RaftServerImpl (RaftServerImpl.java:setRole(184)) - 20f566ef-d50a-432c-acfc-b325de8c1be4@group-03B580E33239: changes role from  FOLLOWER to FOLLOWER at term 63 for recognizeCandidate:d3e03273-8c79-4c12-9358-0a8612c41dd7
2019-10-18 04:00:13,507 [grpc-default-executor-6] INFO  impl.RoleInfo (RoleInfo.java:shutdownFollowerState(121)) - 20f566ef-d50a-432c-acfc-b325de8c1be4: shutdown FollowerState
2019-10-18 04:00:13,507 [grpc-default-executor-0] INFO  impl.RaftServerImpl (RaftServerImpl.java:setRole(184)) - 04d45094-7136-40c1-bdbb-fee737a34122@group-03B580E33239: changes role from  FOLLOWER to FOLLOWER at term 63 for recognizeCandidate:d3e03273-8c79-4c12-9358-0a8612c41dd7
2019-10-18 04:00:13,507 [grpc-default-executor-6] INFO  impl.RoleInfo (RoleInfo.java:updateAndGet(143)) - 20f566ef-d50a-432c-acfc-b325de8c1be4: start FollowerState
2019-10-18 04:00:13,507 [Thread-988] INFO  impl.FollowerState (FollowerState.java:run(117)) - 20f566ef-d50a-432c-acfc-b325de8c1be4@group-03B580E33239-FollowerState was interrupted: java.lang.InterruptedException: sleep interrupted
2019-10-18 04:00:13,507 [grpc-default-executor-0] INFO  impl.RoleInfo (RoleInfo.java:shutdownFollowerState(121)) - 04d45094-7136-40c1-bdbb-fee737a34122: shutdown FollowerState
2019-10-18 04:00:13,508 [grpc-default-executor-0] INFO  impl.RoleInfo (RoleInfo.java:updateAndGet(143)) - 04d45094-7136-40c1-bdbb-fee737a34122: start FollowerState
2019-10-18 04:00:13,508 [Thread-987] INFO  impl.FollowerState (FollowerState.java:run(117)) - 04d45094-7136-40c1-bdbb-fee737a34122@group-03B580E33239-FollowerState was interrupted: java.lang.InterruptedException: sleep interrupted
2019-10-18 04:00:13,523 [d3e03273-8c79-4c12-9358-0a8612c41dd7@group-03B580E33239-LeaderElection67] INFO  impl.LeaderElection (LeaderElection.java:logAndReturn(56)) - d3e03273-8c79-4c12-9358-0a8612c41dd7@group-03B580E33239-LeaderElection67: Election REJECTED; received 2 response(s) [d3e03273-8c79-4c12-9358-0a8612c41dd7<-20f566ef-d50a-432c-acfc-b325de8c1be4#0:FAIL-t63, d3e03273-8c79-4c12-9358-0a8612c41dd7<-04d45094-7136-40c1-bdbb-fee737a34122#0:FAIL-t63] and 0 exception(s); d3e03273-8c79-4c12-9358-0a8612c41dd7@group-03B580E33239:t63, leader=null, voted=d3e03273-8c79-4c12-9358-0a8612c41dd7, raftlog=d3e03273-8c79-4c12-9358-0a8612c41dd7@group-03B580E33239-SegmentedRaftLog:OPENED:c3,f4,i4, conf=0: [20f566ef-d50a-432c-acfc-b325de8c1be4:192.168.157.238:44964, d3e03273-8c79-4c12-9358-0a8612c41dd7:192.168.157.238:40960, 04d45094-7136-40c1-bdbb-fee737a34122:192.168.157.238:41949], old=null
2019-10-18 04:00:13,523 [d3e03273-8c79-4c12-9358-0a8612c41dd7@group-03B580E33239-LeaderElection67] INFO  impl.RaftServerImpl (RaftServerImpl.java:setRole(184)) - d3e03273-8c79-4c12-9358-0a8612c41dd7@group-03B580E33239: changes role from CANDIDATE to FOLLOWER at term 63 for DISCOVERED_A_NEW_TERM
2019-10-18 04:00:13,523 [d3e03273-8c79-4c12-9358-0a8612c41dd7@group-03B580E33239-LeaderElection67] INFO  impl.RoleInfo (RoleInfo.java:shutdownLeaderElection(134)) - d3e03273-8c79-4c12-9358-0a8612c41dd7: shutdown LeaderElection
2019-10-18 04:00:13,523 [d3e03273-8c79-4c12-9358-0a8612c41dd7@group-03B580E33239-LeaderElection67] INFO  impl.RoleInfo (RoleInfo.java:updateAndGet(143)) - d3e03273-8c79-4c12-9358-0a8612c41dd7: start FollowerState
2019-10-18 04:00:13,539 [BlockDeletingService#2] WARN  background.BlockDeletingService (BlockDeletingService.java:isDeletionAllowed(187)) - Close Container log Index 6 is not replicated across allthe servers in the pipeline defa1269-bd0f-4f76-adbb-03b580e33239 as the min replicated index is 4. Deletion is not allowed in this container yet.
2019-10-18 04:00:13,539 [BlockDeletingService#2] WARN  background.BlockDeletingService (BlockDeletingService.java:isDeletionAllowed(187)) - Close Container log Index 6 is not replicated across allthe servers in the pipeline defa1269-bd0f-4f76-adbb-03b580e33239 as the min replicated index is 4. Deletion is not allowed in this container yet.
2019-10-18 04:00:13,556 [Thread-997] INFO  impl.FollowerState (FollowerState.java:run(108)) - d3e03273-8c79-4c12-9358-0a8612c41dd7@group-03B580E33239-FollowerState: change to CANDIDATE, lastRpcTime:32ms, electionTimeout:32ms
2019-10-18 04:00:13,556 [Thread-997] INFO  impl.RoleInfo (RoleInfo.java:shutdownFollowerState(121)) - d3e03273-8c79-4c12-9358-0a8612c41dd7: shutdown FollowerState
2019-10-18 04:00:13,556 [Thread-997] INFO  impl.RaftServerImpl (RaftServerImpl.java:setRole(184)) - d3e03273-8c79-4c12-9358-0a8612c41dd7@group-03B580E33239: changes role from  FOLLOWER to CANDIDATE at term 63 for changeToCandidate
2019-10-18 04:00:13,556 [Thread-997] INFO  impl.RoleInfo (RoleInfo.java:updateAndGet(143)) - d3e03273-8c79-4c12-9358-0a8612c41dd7: start LeaderElection
2019-10-18 04:00:13,570 [d3e03273-8c79-4c12-9358-0a8612c41dd7@group-03B580E33239-LeaderElection68] INFO  impl.LeaderElection (LeaderElection.java:askForVotes(178)) - d3e03273-8c79-4c12-9358-0a8612c41dd7@group-03B580E33239-LeaderElection68: begin an election at term 64 for 0: [20f566ef-d50a-432c-acfc-b325de8c1be4:192.168.157.238:44964, d3e03273-8c79-4c12-9358-0a8612c41dd7:192.168.157.238:40960, 04d45094-7136-40c1-bdbb-fee737a34122:192.168.157.238:41949], old=null
2019-10-18 04:00:13,573 [grpc-default-executor-0] INFO  impl.RaftServerImpl (RaftServerImpl.java:setRole(184)) - 20f566ef-d50a-432c-acfc-b325de8c1be4@group-03B580E33239: changes role from  FOLLOWER to FOLLOWER at term 64 for recognizeCandidate:d3e03273-8c79-4c12-9358-0a8612c41dd7
2019-10-18 04:00:13,573 [grpc-default-executor-6] INFO  impl.RaftServerImpl (RaftServerImpl.java:setRole(184)) - 04d45094-7136-40c1-bdbb-fee737a34122@group-03B580E33239: changes role from  FOLLOWER to FOLLOWER at term 64 for recognizeCandidate:d3e03273-8c79-4c12-9358-0a8612c41dd7
2019-10-18 04:00:13,573 [grpc-default-executor-0] INFO  impl.RoleInfo (RoleInfo.java:shutdownFollowerState(121)) - 20f566ef-d50a-432c-acfc-b325de8c1be4: shutdown FollowerState
2019-10-18 04:00:13,573 [grpc-default-executor-6] INFO  impl.RoleInfo (RoleInfo.java:shutdownFollowerState(121)) - 04d45094-7136-40c1-bdbb-fee737a34122: shutdown FollowerState
2019-10-18 04:00:13,573 [Thread-995] INFO  impl.FollowerState (FollowerState.java:run(117)) - 20f566ef-d50a-432c-acfc-b325de8c1be4@group-03B580E33239-FollowerState was interrupted: java.lang.InterruptedException: sleep interrupted
2019-10-18 04:00:13,573 [Thread-996] INFO  impl.FollowerState (FollowerState.java:run(117)) - 04d45094-7136-40c1-bdbb-fee737a34122@group-03B580E33239-FollowerState was interrupted: java.lang.InterruptedException: sleep interrupted
2019-10-18 04:00:13,573 [grpc-default-executor-0] INFO  impl.RoleInfo (RoleInfo.java:updateAndGet(143)) - 20f566ef-d50a-432c-acfc-b325de8c1be4: start FollowerState
2019-10-18 04:00:13,573 [grpc-default-executor-6] INFO  impl.RoleInfo (RoleInfo.java:updateAndGet(143)) - 04d45094-7136-40c1-bdbb-fee737a34122: start FollowerState
2019-10-18 04:00:13,591 [d3e03273-8c79-4c12-9358-0a8612c41dd7@group-03B580E33239-LeaderElection68] INFO  impl.LeaderElection (LeaderElection.java:logAndReturn(56)) - d3e03273-8c79-4c12-9358-0a8612c41dd7@group-03B580E33239-LeaderElection68: Election REJECTED; received 2 response(s) [d3e03273-8c79-4c12-9358-0a8612c41dd7<-20f566ef-d50a-432c-acfc-b325de8c1be4#0:FAIL-t64, d3e03273-8c79-4c12-9358-0a8612c41dd7<-04d45094-7136-40c1-bdbb-fee737a34122#0:FAIL-t64] and 0 exception(s); d3e03273-8c79-4c12-9358-0a8612c41dd7@group-03B580E33239:t64, leader=null, voted=d3e03273-8c79-4c12-9358-0a8612c41dd7, raftlog=d3e03273-8c79-4c12-9358-0a8612c41dd7@group-03B580E33239-SegmentedRaftLog:OPENED:c3,f4,i4, conf=0: [20f566ef-d50a-432c-acfc-b325de8c1be4:192.168.157.238:44964, d3e03273-8c79-4c12-9358-0a8612c41dd7:192.168.157.238:40960, 04d45094-7136-40c1-bdbb-fee737a34122:192.168.157.238:41949], old=null
2019-10-18 04:00:13,591 [d3e03273-8c79-4c12-9358-0a8612c41dd7@group-03B580E33239-LeaderElection68] INFO  impl.RaftServerImpl (RaftServerImpl.java:setRole(184)) - d3e03273-8c79-4c12-9358-0a8612c41dd7@group-03B580E33239: changes role from CANDIDATE to FOLLOWER at term 64 for DISCOVERED_A_NEW_TERM
2019-10-18 04:00:13,591 [d3e03273-8c79-4c12-9358-0a8612c41dd7@group-03B580E33239-LeaderElection68] INFO  impl.RoleInfo (RoleInfo.java:shutdownLeaderElection(134)) - d3e03273-8c79-4c12-9358-0a8612c41dd7: shutdown LeaderElection
2019-10-18 04:00:13,591 [d3e03273-8c79-4c12-9358-0a8612c41dd7@group-03B580E33239-LeaderElection68] INFO  impl.RoleInfo (RoleInfo.java:updateAndGet(143)) - d3e03273-8c79-4c12-9358-0a8612c41dd7: start FollowerState
2019-10-18 04:00:13,698 [Thread-1005] INFO  impl.FollowerState (FollowerState.java:run(108)) - d3e03273-8c79-4c12-9358-0a8612c41dd7@group-03B580E33239-FollowerState: change to CANDIDATE, lastRpcTime:106ms, electionTimeout:106ms
2019-10-18 04:00:13,698 [Thread-1005] INFO  impl.RoleInfo (RoleInfo.java:shutdownFollowerState(121)) - d3e03273-8c79-4c12-9358-0a8612c41dd7: shutdown FollowerState
2019-10-18 04:00:13,698 [Thread-1005] INFO  impl.RaftServerImpl (RaftServerImpl.java:setRole(184)) - d3e03273-8c79-4c12-9358-0a8612c41dd7@group-03B580E33239: changes role from  FOLLOWER to CANDIDATE at term 64 for changeToCandidate
2019-10-18 04:00:13,698 [Thread-1005] INFO  impl.RoleInfo (RoleInfo.java:updateAndGet(143)) - d3e03273-8c79-4c12-9358-0a8612c41dd7: start LeaderElection
2019-10-18 04:00:13,721 [d3e03273-8c79-4c12-9358-0a8612c41dd7@group-03B580E33239-LeaderElection69] INFO  impl.LeaderElection (LeaderElection.java:askForVotes(178)) - d3e03273-8c79-4c12-9358-0a8612c41dd7@group-03B580E33239-LeaderElection69: begin an election at term 65 for 0: [20f566ef-d50a-432c-acfc-b325de8c1be4:192.168.157.238:44964, d3e03273-8c79-4c12-9358-0a8612c41dd7:192.168.157.238:40960, 04d45094-7136-40c1-bdbb-fee737a34122:192.168.157.238:41949], old=null
2019-10-18 04:00:13,723 [grpc-default-executor-6] INFO  impl.RaftServerImpl (RaftServerImpl.java:setRole(184)) - 20f566ef-d50a-432c-acfc-b325de8c1be4@group-03B580E33239: changes role from  FOLLOWER to FOLLOWER at term 65 for recognizeCandidate:d3e03273-8c79-4c12-9358-0a8612c41dd7
2019-10-18 04:00:13,723 [grpc-default-executor-0] INFO  impl.RaftServerImpl (RaftServerImpl.java:setRole(184)) - 04d45094-7136-40c1-bdbb-fee737a34122@group-03B580E33239: changes role from  FOLLOWER to FOLLOWER at term 65 for recognizeCandidate:d3e03273-8c79-4c12-9358-0a8612c41dd7
2019-10-18 04:00:13,723 [grpc-default-executor-6] INFO  impl.RoleInfo (RoleInfo.java:shutdownFollowerState(121)) - 20f566ef-d50a-432c-acfc-b325de8c1be4: shutdown FollowerState
2019-10-18 04:00:13,724 [grpc-default-executor-0] INFO  impl.RoleInfo (RoleInfo.java:shutdownFollowerState(121)) - 04d45094-7136-40c1-bdbb-fee737a34122: shutdown FollowerState
2019-10-18 04:00:13,724 [grpc-default-executor-6] INFO  impl.RoleInfo (RoleInfo.java:updateAndGet(143)) - 20f566ef-d50a-432c-acfc-b325de8c1be4: start FollowerState
2019-10-18 04:00:13,724 [Thread-1003] INFO  impl.FollowerState (FollowerState.java:run(117)) - 20f566ef-d50a-432c-acfc-b325de8c1be4@group-03B580E33239-FollowerState was interrupted: java.lang.InterruptedException: sleep interrupted
2019-10-18 04:00:13,724 [Thread-1004] INFO  impl.FollowerState (FollowerState.java:run(117)) - 04d45094-7136-40c1-bdbb-fee737a34122@group-03B580E33239-FollowerState was interrupted: java.lang.InterruptedException: sleep interrupted
2019-10-18 04:00:13,724 [grpc-default-executor-0] INFO  impl.RoleInfo (RoleInfo.java:updateAndGet(143)) - 04d45094-7136-40c1-bdbb-fee737a34122: start FollowerState
2019-10-18 04:00:13,726 [d3e03273-8c79-4c12-9358-0a8612c41dd7@group-03B580E33239-LeaderElection69] INFO  impl.LeaderElection (LeaderElection.java:logAndReturn(56)) - d3e03273-8c79-4c12-9358-0a8612c41dd7@group-03B580E33239-LeaderElection69: Election TIMEOUT; received 0 response(s) [] and 0 exception(s); d3e03273-8c79-4c12-9358-0a8612c41dd7@group-03B580E33239:t65, leader=null, voted=d3e03273-8c79-4c12-9358-0a8612c41dd7, raftlog=d3e03273-8c79-4c12-9358-0a8612c41dd7@group-03B580E33239-SegmentedRaftLog:OPENED:c3,f4,i4, conf=0: [20f566ef-d50a-432c-acfc-b325de8c1be4:192.168.157.238:44964, d3e03273-8c79-4c12-9358-0a8612c41dd7:192.168.157.238:40960, 04d45094-7136-40c1-bdbb-fee737a34122:192.168.157.238:41949], old=null
2019-10-18 04:00:13,738 [d3e03273-8c79-4c12-9358-0a8612c41dd7@group-03B580E33239-LeaderElection69] INFO  impl.LeaderElection (LeaderElection.java:askForVotes(178)) - d3e03273-8c79-4c12-9358-0a8612c41dd7@group-03B580E33239-LeaderElection69: begin an election at term 66 for 0: [20f566ef-d50a-432c-acfc-b325de8c1be4:192.168.157.238:44964, d3e03273-8c79-4c12-9358-0a8612c41dd7:192.168.157.238:40960, 04d45094-7136-40c1-bdbb-fee737a34122:192.168.157.238:41949], old=null
2019-10-18 04:00:13,740 [grpc-default-executor-6] INFO  impl.RaftServerImpl (RaftServerImpl.java:setRole(184)) - 04d45094-7136-40c1-bdbb-fee737a34122@group-03B580E33239: changes role from  FOLLOWER to FOLLOWER at term 66 for recognizeCandidate:d3e03273-8c79-4c12-9358-0a8612c41dd7
2019-10-18 04:00:13,740 [grpc-default-executor-0] INFO  impl.RaftServerImpl (RaftServerImpl.java:setRole(184)) - 20f566ef-d50a-432c-acfc-b325de8c1be4@group-03B580E33239: changes role from  FOLLOWER to FOLLOWER at term 66 for recognizeCandidate:d3e03273-8c79-4c12-9358-0a8612c41dd7
2019-10-18 04:00:13,740 [grpc-default-executor-6] INFO  impl.RoleInfo (RoleInfo.java:shutdownFollowerState(121)) - 04d45094-7136-40c1-bdbb-fee737a34122: shutdown FollowerState
2019-10-18 04:00:13,740 [grpc-default-executor-0] INFO  impl.RoleInfo (RoleInfo.java:shutdownFollowerState(121)) - 20f566ef-d50a-432c-acfc-b325de8c1be4: shutdown FollowerState
2019-10-18 04:00:13,740 [Thread-1011] INFO  impl.FollowerState (FollowerState.java:run(117)) - 04d45094-7136-40c1-bdbb-fee737a34122@group-03B580E33239-FollowerState was interrupted: java.lang.InterruptedException: sleep interrupted
2019-10-18 04:00:13,740 [grpc-default-executor-6] INFO  impl.RoleInfo (RoleInfo.java:updateAndGet(143)) - 04d45094-7136-40c1-bdbb-fee737a34122: start FollowerState
2019-10-18 04:00:13,741 [Thread-1010] INFO  impl.FollowerState (FollowerState.java:run(117)) - 20f566ef-d50a-432c-acfc-b325de8c1be4@group-03B580E33239-FollowerState was interrupted: java.lang.InterruptedException: sleep interrupted
2019-10-18 04:00:13,740 [grpc-default-executor-0] INFO  impl.RoleInfo (RoleInfo.java:updateAndGet(143)) - 20f566ef-d50a-432c-acfc-b325de8c1be4: start FollowerState
2019-10-18 04:00:13,751 [d3e03273-8c79-4c12-9358-0a8612c41dd7@group-03B580E33239-LeaderElection69] INFO  impl.LeaderElection (LeaderElection.java:logAndReturn(56)) - d3e03273-8c79-4c12-9358-0a8612c41dd7@group-03B580E33239-LeaderElection69: Election TIMEOUT; received 0 response(s) [] and 0 exception(s); d3e03273-8c79-4c12-9358-0a8612c41dd7@group-03B580E33239:t66, leader=null, voted=d3e03273-8c79-4c12-9358-0a8612c41dd7, raftlog=d3e03273-8c79-4c12-9358-0a8612c41dd7@group-03B580E33239-SegmentedRaftLog:OPENED:c3,f4,i4, conf=0: [20f566ef-d50a-432c-acfc-b325de8c1be4:192.168.157.238:44964, d3e03273-8c79-4c12-9358-0a8612c41dd7:192.168.157.238:40960, 04d45094-7136-40c1-bdbb-fee737a34122:192.168.157.238:41949], old=null
2019-10-18 04:00:13,755 [d3e03273-8c79-4c12-9358-0a8612c41dd7@group-03B580E33239-LeaderElection69] INFO  impl.LeaderElection (LeaderElection.java:askForVotes(178)) - d3e03273-8c79-4c12-9358-0a8612c41dd7@group-03B580E33239-LeaderElection69: begin an election at term 67 for 0: [20f566ef-d50a-432c-acfc-b325de8c1be4:192.168.157.238:44964, d3e03273-8c79-4c12-9358-0a8612c41dd7:192.168.157.238:40960, 04d45094-7136-40c1-bdbb-fee737a34122:192.168.157.238:41949], old=null
2019-10-18 04:00:13,758 [grpc-default-executor-6] INFO  impl.RaftServerImpl (RaftServerImpl.java:setRole(184)) - 20f566ef-d50a-432c-acfc-b325de8c1be4@group-03B580E33239: changes role from  FOLLOWER to FOLLOWER at term 67 for recognizeCandidate:d3e03273-8c79-4c12-9358-0a8612c41dd7
2019-10-18 04:00:13,758 [grpc-default-executor-6] INFO  impl.RoleInfo (RoleInfo.java:shutdownFollowerState(121)) - 20f566ef-d50a-432c-acfc-b325de8c1be4: shutdown FollowerState
2019-10-18 04:00:13,758 [grpc-default-executor-6] INFO  impl.RoleInfo (RoleInfo.java:updateAndGet(143)) - 20f566ef-d50a-432c-acfc-b325de8c1be4: start FollowerState
2019-10-18 04:00:13,758 [grpc-default-executor-0] INFO  impl.RaftServerImpl (RaftServerImpl.java:setRole(184)) - 04d45094-7136-40c1-bdbb-fee737a34122@group-03B580E33239: changes role from  FOLLOWER to FOLLOWER at term 67 for recognizeCandidate:d3e03273-8c79-4c12-9358-0a8612c41dd7
2019-10-18 04:00:13,758 [Thread-1015] INFO  impl.FollowerState (FollowerState.java:run(117)) - 20f566ef-d50a-432c-acfc-b325de8c1be4@group-03B580E33239-FollowerState was interrupted: java.lang.InterruptedException: sleep interrupted
2019-10-18 04:00:13,758 [grpc-default-executor-0] INFO  impl.RoleInfo (RoleInfo.java:shutdownFollowerState(121)) - 04d45094-7136-40c1-bdbb-fee737a34122: shutdown FollowerState
2019-10-18 04:00:13,759 [grpc-default-executor-0] INFO  impl.RoleInfo (RoleInfo.java:updateAndGet(143)) - 04d45094-7136-40c1-bdbb-fee737a34122: start FollowerState
2019-10-18 04:00:13,759 [Thread-1014] INFO  impl.FollowerState (FollowerState.java:run(117)) - 04d45094-7136-40c1-bdbb-fee737a34122@group-03B580E33239-FollowerState was interrupted: java.lang.InterruptedException: sleep interrupted
2019-10-18 04:00:13,774 [d3e03273-8c79-4c12-9358-0a8612c41dd7@group-03B580E33239-LeaderElection69] INFO  impl.LeaderElection (LeaderElection.java:logAndReturn(56)) - d3e03273-8c79-4c12-9358-0a8612c41dd7@group-03B580E33239-LeaderElection69: Election REJECTED; received 2 response(s) [d3e03273-8c79-4c12-9358-0a8612c41dd7<-20f566ef-d50a-432c-acfc-b325de8c1be4#0:FAIL-t67, d3e03273-8c79-4c12-9358-0a8612c41dd7<-04d45094-7136-40c1-bdbb-fee737a34122#0:FAIL-t67] and 0 exception(s); d3e03273-8c79-4c12-9358-0a8612c41dd7@group-03B580E33239:t67, leader=null, voted=d3e03273-8c79-4c12-9358-0a8612c41dd7, raftlog=d3e03273-8c79-4c12-9358-0a8612c41dd7@group-03B580E33239-SegmentedRaftLog:OPENED:c3,f4,i4, conf=0: [20f566ef-d50a-432c-acfc-b325de8c1be4:192.168.157.238:44964, d3e03273-8c79-4c12-9358-0a8612c41dd7:192.168.157.238:40960, 04d45094-7136-40c1-bdbb-fee737a34122:192.168.157.238:41949], old=null
2019-10-18 04:00:13,774 [d3e03273-8c79-4c12-9358-0a8612c41dd7@group-03B580E33239-LeaderElection69] INFO  impl.RaftServerImpl (RaftServerImpl.java:setRole(184)) - d3e03273-8c79-4c12-9358-0a8612c41dd7@group-03B580E33239: changes role from CANDIDATE to FOLLOWER at term 67 for DISCOVERED_A_NEW_TERM
2019-10-18 04:00:13,774 [d3e03273-8c79-4c12-9358-0a8612c41dd7@group-03B580E33239-LeaderElection69] INFO  impl.RoleInfo (RoleInfo.java:shutdownLeaderElection(134)) - d3e03273-8c79-4c12-9358-0a8612c41dd7: shutdown LeaderElection
2019-10-18 04:00:13,774 [d3e03273-8c79-4c12-9358-0a8612c41dd7@group-03B580E33239-LeaderElection69] INFO  impl.RoleInfo (RoleInfo.java:updateAndGet(143)) - d3e03273-8c79-4c12-9358-0a8612c41dd7: start FollowerState
2019-10-18 04:00:13,795 [Thread-1022] INFO  client.GrpcClientProtocolService (GrpcClientProtocolService.java:lambda$processClientRequest$0(278)) - Failed RaftClientRequest:client-3EDA899B7DA2->04d45094-7136-40c1-bdbb-fee737a34122@group-03B580E33239, cid=10, seq=0, Watch-ALL_COMMITTED(6), Message:<EMPTY>, reply=RaftClientReply:client-3EDA899B7DA2->04d45094-7136-40c1-bdbb-fee737a34122@group-03B580E33239, cid=10, FAILED org.apache.ratis.protocol.NotLeaderException: Server 04d45094-7136-40c1-bdbb-fee737a34122@group-03B580E33239 is not the leader, logIndex=0, commits[04d45094-7136-40c1-bdbb-fee737a34122:c10, 20f566ef-d50a-432c-acfc-b325de8c1be4:c10, d3e03273-8c79-4c12-9358-0a8612c41dd7:c4]
2019-10-18 04:00:13,929 [Thread-1020] INFO  impl.FollowerState (FollowerState.java:run(108)) - d3e03273-8c79-4c12-9358-0a8612c41dd7@group-03B580E33239-FollowerState: change to CANDIDATE, lastRpcTime:155ms, electionTimeout:155ms
2019-10-18 04:00:13,930 [Thread-1020] INFO  impl.RoleInfo (RoleInfo.java:shutdownFollowerState(121)) - d3e03273-8c79-4c12-9358-0a8612c41dd7: shutdown FollowerState
2019-10-18 04:00:13,930 [Thread-1020] INFO  impl.RaftServerImpl (RaftServerImpl.java:setRole(184)) - d3e03273-8c79-4c12-9358-0a8612c41dd7@group-03B580E33239: changes role from  FOLLOWER to CANDIDATE at term 67 for changeToCandidate
2019-10-18 04:00:13,931 [Thread-1020] INFO  impl.RoleInfo (RoleInfo.java:updateAndGet(143)) - d3e03273-8c79-4c12-9358-0a8612c41dd7: start LeaderElection
2019-10-18 04:00:13,944 [d3e03273-8c79-4c12-9358-0a8612c41dd7@group-03B580E33239-LeaderElection70] INFO  impl.LeaderElection (LeaderElection.java:askForVotes(178)) - d3e03273-8c79-4c12-9358-0a8612c41dd7@group-03B580E33239-LeaderElection70: begin an election at term 68 for 0: [20f566ef-d50a-432c-acfc-b325de8c1be4:192.168.157.238:44964, d3e03273-8c79-4c12-9358-0a8612c41dd7:192.168.157.238:40960, 04d45094-7136-40c1-bdbb-fee737a34122:192.168.157.238:41949], old=null
2019-10-18 04:00:13,983 [grpc-default-executor-6] INFO  impl.RaftServerImpl (RaftServerImpl.java:setRole(184)) - 20f566ef-d50a-432c-acfc-b325de8c1be4@group-03B580E33239: changes role from  FOLLOWER to FOLLOWER at term 68 for recognizeCandidate:d3e03273-8c79-4c12-9358-0a8612c41dd7
2019-10-18 04:00:13,983 [grpc-default-executor-6] INFO  impl.RoleInfo (RoleInfo.java:shutdownFollowerState(121)) - 20f566ef-d50a-432c-acfc-b325de8c1be4: shutdown FollowerState
2019-10-18 04:00:13,983 [grpc-default-executor-6] INFO  impl.RoleInfo (RoleInfo.java:updateAndGet(143)) - 20f566ef-d50a-432c-acfc-b325de8c1be4: start FollowerState
2019-10-18 04:00:13,983 [grpc-default-executor-0] INFO  impl.RaftServerImpl (RaftServerImpl.java:setRole(184)) - 04d45094-7136-40c1-bdbb-fee737a34122@group-03B580E33239: changes role from  FOLLOWER to FOLLOWER at term 68 for recognizeCandidate:d3e03273-8c79-4c12-9358-0a8612c41dd7
2019-10-18 04:00:13,983 [grpc-default-executor-0] INFO  impl.RoleInfo (RoleInfo.java:shutdownFollowerState(121)) - 04d45094-7136-40c1-bdbb-fee737a34122: shutdown FollowerState
2019-10-18 04:00:13,983 [Thread-1018] INFO  impl.FollowerState (FollowerState.java:run(117)) - 20f566ef-d50a-432c-acfc-b325de8c1be4@group-03B580E33239-FollowerState was interrupted: java.lang.InterruptedException: sleep interrupted
2019-10-18 04:00:13,984 [Thread-1019] INFO  impl.FollowerState (FollowerState.java:run(117)) - 04d45094-7136-40c1-bdbb-fee737a34122@group-03B580E33239-FollowerState was interrupted: java.lang.InterruptedException: sleep interrupted
2019-10-18 04:00:13,984 [grpc-default-executor-0] INFO  impl.RoleInfo (RoleInfo.java:updateAndGet(143)) - 04d45094-7136-40c1-bdbb-fee737a34122: start FollowerState
2019-10-18 04:00:14,007 [d3e03273-8c79-4c12-9358-0a8612c41dd7@group-03B580E33239-LeaderElection70] INFO  impl.LeaderElection (LeaderElection.java:logAndReturn(56)) - d3e03273-8c79-4c12-9358-0a8612c41dd7@group-03B580E33239-LeaderElection70: Election REJECTED; received 2 response(s) [d3e03273-8c79-4c12-9358-0a8612c41dd7<-20f566ef-d50a-432c-acfc-b325de8c1be4#0:FAIL-t68, d3e03273-8c79-4c12-9358-0a8612c41dd7<-04d45094-7136-40c1-bdbb-fee737a34122#0:FAIL-t68] and 0 exception(s); d3e03273-8c79-4c12-9358-0a8612c41dd7@group-03B580E33239:t68, leader=null, voted=d3e03273-8c79-4c12-9358-0a8612c41dd7, raftlog=d3e03273-8c79-4c12-9358-0a8612c41dd7@group-03B580E33239-SegmentedRaftLog:OPENED:c3,f4,i4, conf=0: [20f566ef-d50a-432c-acfc-b325de8c1be4:192.168.157.238:44964, d3e03273-8c79-4c12-9358-0a8612c41dd7:192.168.157.238:40960, 04d45094-7136-40c1-bdbb-fee737a34122:192.168.157.238:41949], old=null
2019-10-18 04:00:14,007 [d3e03273-8c79-4c12-9358-0a8612c41dd7@group-03B580E33239-LeaderElection70] INFO  impl.RaftServerImpl (RaftServerImpl.java:setRole(184)) - d3e03273-8c79-4c12-9358-0a8612c41dd7@group-03B580E33239: changes role from CANDIDATE to FOLLOWER at term 68 for DISCOVERED_A_NEW_TERM
2019-10-18 04:00:14,008 [d3e03273-8c79-4c12-9358-0a8612c41dd7@group-03B580E33239-LeaderElection70] INFO  impl.RoleInfo (RoleInfo.java:shutdownLeaderElection(134)) - d3e03273-8c79-4c12-9358-0a8612c41dd7: shutdown LeaderElection
2019-10-18 04:00:14,008 [d3e03273-8c79-4c12-9358-0a8612c41dd7@group-03B580E33239-LeaderElection70] INFO  impl.RoleInfo (RoleInfo.java:updateAndGet(143)) - d3e03273-8c79-4c12-9358-0a8612c41dd7: start FollowerState
2019-10-18 04:00:14,067 [Thread-1029] INFO  impl.FollowerState (FollowerState.java:run(108)) - d3e03273-8c79-4c12-9358-0a8612c41dd7@group-03B580E33239-FollowerState: change to CANDIDATE, lastRpcTime:59ms, electionTimeout:59ms
2019-10-18 04:00:14,067 [Thread-1029] INFO  impl.RoleInfo (RoleInfo.java:shutdownFollowerState(121)) - d3e03273-8c79-4c12-9358-0a8612c41dd7: shutdown FollowerState
2019-10-18 04:00:14,067 [Thread-1029] INFO  impl.RaftServerImpl (RaftServerImpl.java:setRole(184)) - d3e03273-8c79-4c12-9358-0a8612c41dd7@group-03B580E33239: changes role from  FOLLOWER to CANDIDATE at term 68 for changeToCandidate
2019-10-18 04:00:14,068 [Thread-1029] INFO  impl.RoleInfo (RoleInfo.java:updateAndGet(143)) - d3e03273-8c79-4c12-9358-0a8612c41dd7: start LeaderElection
2019-10-18 04:00:14,081 [d3e03273-8c79-4c12-9358-0a8612c41dd7@group-03B580E33239-LeaderElection71] INFO  impl.LeaderElection (LeaderElection.java:askForVotes(178)) - d3e03273-8c79-4c12-9358-0a8612c41dd7@group-03B580E33239-LeaderElection71: begin an election at term 69 for 0: [20f566ef-d50a-432c-acfc-b325de8c1be4:192.168.157.238:44964, d3e03273-8c79-4c12-9358-0a8612c41dd7:192.168.157.238:40960, 04d45094-7136-40c1-bdbb-fee737a34122:192.168.157.238:41949], old=null
2019-10-18 04:00:14,083 [grpc-default-executor-6] INFO  impl.RaftServerImpl (RaftServerImpl.java:setRole(184)) - 20f566ef-d50a-432c-acfc-b325de8c1be4@group-03B580E33239: changes role from  FOLLOWER to FOLLOWER at term 69 for recognizeCandidate:d3e03273-8c79-4c12-9358-0a8612c41dd7
2019-10-18 04:00:14,084 [grpc-default-executor-0] INFO  impl.RaftServerImpl (RaftServerImpl.java:setRole(184)) - 04d45094-7136-40c1-bdbb-fee737a34122@group-03B580E33239: changes role from  FOLLOWER to FOLLOWER at term 69 for recognizeCandidate:d3e03273-8c79-4c12-9358-0a8612c41dd7
2019-10-18 04:00:14,084 [grpc-default-executor-6] INFO  impl.RoleInfo (RoleInfo.java:shutdownFollowerState(121)) - 20f566ef-d50a-432c-acfc-b325de8c1be4: shutdown FollowerState
2019-10-18 04:00:14,084 [grpc-default-executor-0] INFO  impl.RoleInfo (RoleInfo.java:shutdownFollowerState(121)) - 04d45094-7136-40c1-bdbb-fee737a34122: shutdown FollowerState
2019-10-18 04:00:14,084 [Thread-1027] INFO  impl.FollowerState (FollowerState.java:run(117)) - 20f566ef-d50a-432c-acfc-b325de8c1be4@group-03B580E33239-FollowerState was interrupted: java.lang.InterruptedException: sleep interrupted
2019-10-18 04:00:14,084 [grpc-default-executor-6] INFO  impl.RoleInfo (RoleInfo.java:updateAndGet(143)) - 20f566ef-d50a-432c-acfc-b325de8c1be4: start FollowerState
2019-10-18 04:00:14,084 [Thread-1028] INFO  impl.FollowerState (FollowerState.java:run(117)) - 04d45094-7136-40c1-bdbb-fee737a34122@group-03B580E33239-FollowerState was interrupted: java.lang.InterruptedException: sleep interrupted
2019-10-18 04:00:14,084 [grpc-default-executor-0] INFO  impl.RoleInfo (RoleInfo.java:updateAndGet(143)) - 04d45094-7136-40c1-bdbb-fee737a34122: start FollowerState
2019-10-18 04:00:14,100 [d3e03273-8c79-4c12-9358-0a8612c41dd7@group-03B580E33239-LeaderElection71] INFO  impl.LeaderElection (LeaderElection.java:logAndReturn(56)) - d3e03273-8c79-4c12-9358-0a8612c41dd7@group-03B580E33239-LeaderElection71: Election REJECTED; received 2 response(s) [d3e03273-8c79-4c12-9358-0a8612c41dd7<-20f566ef-d50a-432c-acfc-b325de8c1be4#0:FAIL-t69, d3e03273-8c79-4c12-9358-0a8612c41dd7<-04d45094-7136-40c1-bdbb-fee737a34122#0:FAIL-t69] and 0 exception(s); d3e03273-8c79-4c12-9358-0a8612c41dd7@group-03B580E33239:t69, leader=null, voted=d3e03273-8c79-4c12-9358-0a8612c41dd7, raftlog=d3e03273-8c79-4c12-9358-0a8612c41dd7@group-03B580E33239-SegmentedRaftLog:OPENED:c3,f4,i4, conf=0: [20f566ef-d50a-432c-acfc-b325de8c1be4:192.168.157.238:44964, d3e03273-8c79-4c12-9358-0a8612c41dd7:192.168.157.238:40960, 04d45094-7136-40c1-bdbb-fee737a34122:192.168.157.238:41949], old=null
2019-10-18 04:00:14,100 [d3e03273-8c79-4c12-9358-0a8612c41dd7@group-03B580E33239-LeaderElection71] INFO  impl.RaftServerImpl (RaftServerImpl.java:setRole(184)) - d3e03273-8c79-4c12-9358-0a8612c41dd7@group-03B580E33239: changes role from CANDIDATE to FOLLOWER at term 69 for DISCOVERED_A_NEW_TERM
2019-10-18 04:00:14,100 [d3e03273-8c79-4c12-9358-0a8612c41dd7@group-03B580E33239-LeaderElection71] INFO  impl.RoleInfo (RoleInfo.java:shutdownLeaderElection(134)) - d3e03273-8c79-4c12-9358-0a8612c41dd7: shutdown LeaderElection
2019-10-18 04:00:14,100 [d3e03273-8c79-4c12-9358-0a8612c41dd7@group-03B580E33239-LeaderElection71] INFO  impl.RoleInfo (RoleInfo.java:updateAndGet(143)) - d3e03273-8c79-4c12-9358-0a8612c41dd7: start FollowerState
2019-10-18 04:00:14,153 [Thread-1035] INFO  impl.FollowerState (FollowerState.java:run(108)) - d3e03273-8c79-4c12-9358-0a8612c41dd7@group-03B580E33239-FollowerState: change to CANDIDATE, lastRpcTime:52ms, electionTimeout:52ms
2019-10-18 04:00:14,153 [Thread-1035] INFO  impl.RoleInfo (RoleInfo.java:shutdownFollowerState(121)) - d3e03273-8c79-4c12-9358-0a8612c41dd7: shutdown FollowerState
2019-10-18 04:00:14,153 [Thread-1035] INFO  impl.RaftServerImpl (RaftServerImpl.java:setRole(184)) - d3e03273-8c79-4c12-9358-0a8612c41dd7@group-03B580E33239: changes role from  FOLLOWER to CANDIDATE at term 69 for changeToCandidate
2019-10-18 04:00:14,153 [Thread-1035] INFO  impl.RoleInfo (RoleInfo.java:updateAndGet(143)) - d3e03273-8c79-4c12-9358-0a8612c41dd7: start LeaderElection
2019-10-18 04:00:14,167 [d3e03273-8c79-4c12-9358-0a8612c41dd7@group-03B580E33239-LeaderElection72] INFO  impl.LeaderElection (LeaderElection.java:askForVotes(178)) - d3e03273-8c79-4c12-9358-0a8612c41dd7@group-03B580E33239-LeaderElection72: begin an election at term 70 for 0: [20f566ef-d50a-432c-acfc-b325de8c1be4:192.168.157.238:44964, d3e03273-8c79-4c12-9358-0a8612c41dd7:192.168.157.238:40960, 04d45094-7136-40c1-bdbb-fee737a34122:192.168.157.238:41949], old=null
2019-10-18 04:00:14,170 [grpc-default-executor-0] INFO  impl.RaftServerImpl (RaftServerImpl.java:setRole(184)) - 20f566ef-d50a-432c-acfc-b325de8c1be4@group-03B580E33239: changes role from  FOLLOWER to FOLLOWER at term 70 for recognizeCandidate:d3e03273-8c79-4c12-9358-0a8612c41dd7
2019-10-18 04:00:14,170 [grpc-default-executor-0] INFO  impl.RoleInfo (RoleInfo.java:shutdownFollowerState(121)) - 20f566ef-d50a-432c-acfc-b325de8c1be4: shutdown FollowerState
2019-10-18 04:00:14,170 [grpc-default-executor-6] INFO  impl.RaftServerImpl (RaftServerImpl.java:setRole(184)) - 04d45094-7136-40c1-bdbb-fee737a34122@group-03B580E33239: changes role from  FOLLOWER to FOLLOWER at term 70 for recognizeCandidate:d3e03273-8c79-4c12-9358-0a8612c41dd7
2019-10-18 04:00:14,170 [Thread-1033] INFO  impl.FollowerState (FollowerState.java:run(117)) - 20f566ef-d50a-432c-acfc-b325de8c1be4@group-03B580E33239-FollowerState was interrupted: java.lang.InterruptedException: sleep interrupted
2019-10-18 04:00:14,170 [grpc-default-executor-0] INFO  impl.RoleInfo (RoleInfo.java:updateAndGet(143)) - 20f566ef-d50a-432c-acfc-b325de8c1be4: start FollowerState
2019-10-18 04:00:14,170 [grpc-default-executor-6] INFO  impl.RoleInfo (RoleInfo.java:shutdownFollowerState(121)) - 04d45094-7136-40c1-bdbb-fee737a34122: shutdown FollowerState
2019-10-18 04:00:14,171 [grpc-default-executor-6] INFO  impl.RoleInfo (RoleInfo.java:updateAndGet(143)) - 04d45094-7136-40c1-bdbb-fee737a34122: start FollowerState
2019-10-18 04:00:14,171 [Thread-1034] INFO  impl.FollowerState (FollowerState.java:run(117)) - 04d45094-7136-40c1-bdbb-fee737a34122@group-03B580E33239-FollowerState was interrupted: java.lang.InterruptedException: sleep interrupted
2019-10-18 04:00:14,185 [d3e03273-8c79-4c12-9358-0a8612c41dd7@group-03B580E33239-LeaderElection72] INFO  impl.LeaderElection (LeaderElection.java:logAndReturn(56)) - d3e03273-8c79-4c12-9358-0a8612c41dd7@group-03B580E33239-LeaderElection72: Election REJECTED; received 2 response(s) [d3e03273-8c79-4c12-9358-0a8612c41dd7<-20f566ef-d50a-432c-acfc-b325de8c1be4#0:FAIL-t70, d3e03273-8c79-4c12-9358-0a8612c41dd7<-04d45094-7136-40c1-bdbb-fee737a34122#0:FAIL-t70] and 0 exception(s); d3e03273-8c79-4c12-9358-0a8612c41dd7@group-03B580E33239:t70, leader=null, voted=d3e03273-8c79-4c12-9358-0a8612c41dd7, raftlog=d3e03273-8c79-4c12-9358-0a8612c41dd7@group-03B580E33239-SegmentedRaftLog:OPENED:c3,f4,i4, conf=0: [20f566ef-d50a-432c-acfc-b325de8c1be4:192.168.157.238:44964, d3e03273-8c79-4c12-9358-0a8612c41dd7:192.168.157.238:40960, 04d45094-7136-40c1-bdbb-fee737a34122:192.168.157.238:41949], old=null
2019-10-18 04:00:14,185 [d3e03273-8c79-4c12-9358-0a8612c41dd7@group-03B580E33239-LeaderElection72] INFO  impl.RaftServerImpl (RaftServerImpl.java:setRole(184)) - d3e03273-8c79-4c12-9358-0a8612c41dd7@group-03B580E33239: changes role from CANDIDATE to FOLLOWER at term 70 for DISCOVERED_A_NEW_TERM
2019-10-18 04:00:14,185 [d3e03273-8c79-4c12-9358-0a8612c41dd7@group-03B580E33239-LeaderElection72] INFO  impl.RoleInfo (RoleInfo.java:shutdownLeaderElection(134)) - d3e03273-8c79-4c12-9358-0a8612c41dd7: shutdown LeaderElection
2019-10-18 04:00:14,185 [d3e03273-8c79-4c12-9358-0a8612c41dd7@group-03B580E33239-LeaderElection72] INFO  impl.RoleInfo (RoleInfo.java:updateAndGet(143)) - d3e03273-8c79-4c12-9358-0a8612c41dd7: start FollowerState
2019-10-18 04:00:14,314 [Thread-1041] INFO  impl.FollowerState (FollowerState.java:run(108)) - d3e03273-8c79-4c12-9358-0a8612c41dd7@group-03B580E33239-FollowerState: change to CANDIDATE, lastRpcTime:128ms, electionTimeout:128ms
2019-10-18 04:00:14,314 [Thread-1041] INFO  impl.RoleInfo (RoleInfo.java:shutdownFollowerState(121)) - d3e03273-8c79-4c12-9358-0a8612c41dd7: shutdown FollowerState
2019-10-18 04:00:14,314 [Thread-1041] INFO  impl.RaftServerImpl (RaftServerImpl.java:setRole(184)) - d3e03273-8c79-4c12-9358-0a8612c41dd7@group-03B580E33239: changes role from  FOLLOWER to CANDIDATE at term 70 for changeToCandidate
2019-10-18 04:00:14,314 [Thread-1041] INFO  impl.RoleInfo (RoleInfo.java:updateAndGet(143)) - d3e03273-8c79-4c12-9358-0a8612c41dd7: start LeaderElection
2019-10-18 04:00:14,328 [d3e03273-8c79-4c12-9358-0a8612c41dd7@group-03B580E33239-LeaderElection73] INFO  impl.LeaderElection (LeaderElection.java:askForVotes(178)) - d3e03273-8c79-4c12-9358-0a8612c41dd7@group-03B580E33239-LeaderElection73: begin an election at term 71 for 0: [20f566ef-d50a-432c-acfc-b325de8c1be4:192.168.157.238:44964, d3e03273-8c79-4c12-9358-0a8612c41dd7:192.168.157.238:40960, 04d45094-7136-40c1-bdbb-fee737a34122:192.168.157.238:41949], old=null
2019-10-18 04:00:14,331 [grpc-default-executor-6] INFO  impl.RaftServerImpl (RaftServerImpl.java:setRole(184)) - 20f566ef-d50a-432c-acfc-b325de8c1be4@group-03B580E33239: changes role from  FOLLOWER to FOLLOWER at term 71 for recognizeCandidate:d3e03273-8c79-4c12-9358-0a8612c41dd7
2019-10-18 04:00:14,331 [grpc-default-executor-6] INFO  impl.RoleInfo (RoleInfo.java:shutdownFollowerState(121)) - 20f566ef-d50a-432c-acfc-b325de8c1be4: shutdown FollowerState
2019-10-18 04:00:14,331 [grpc-default-executor-6] INFO  impl.RoleInfo (RoleInfo.java:updateAndGet(143)) - 20f566ef-d50a-432c-acfc-b325de8c1be4: start FollowerState
2019-10-18 04:00:14,331 [grpc-default-executor-0] INFO  impl.RaftServerImpl (RaftServerImpl.java:setRole(184)) - 04d45094-7136-40c1-bdbb-fee737a34122@group-03B580E33239: changes role from  FOLLOWER to FOLLOWER at term 71 for recognizeCandidate:d3e03273-8c79-4c12-9358-0a8612c41dd7
2019-10-18 04:00:14,331 [grpc-default-executor-0] INFO  impl.RoleInfo (RoleInfo.java:shutdownFollowerState(121)) - 04d45094-7136-40c1-bdbb-fee737a34122: shutdown FollowerState
2019-10-18 04:00:14,331 [Thread-1039] INFO  impl.FollowerState (FollowerState.java:run(117)) - 20f566ef-d50a-432c-acfc-b325de8c1be4@group-03B580E33239-FollowerState was interrupted: java.lang.InterruptedException: sleep interrupted
2019-10-18 04:00:14,332 [Thread-1040] INFO  impl.FollowerState (FollowerState.java:run(117)) - 04d45094-7136-40c1-bdbb-fee737a34122@group-03B580E33239-FollowerState was interrupted: java.lang.InterruptedException: sleep interrupted
2019-10-18 04:00:14,332 [grpc-default-executor-0] INFO  impl.RoleInfo (RoleInfo.java:updateAndGet(143)) - 04d45094-7136-40c1-bdbb-fee737a34122: start FollowerState
2019-10-18 04:00:14,346 [d3e03273-8c79-4c12-9358-0a8612c41dd7@group-03B580E33239-LeaderElection73] INFO  impl.LeaderElection (LeaderElection.java:logAndReturn(56)) - d3e03273-8c79-4c12-9358-0a8612c41dd7@group-03B580E33239-LeaderElection73: Election REJECTED; received 2 response(s) [d3e03273-8c79-4c12-9358-0a8612c41dd7<-20f566ef-d50a-432c-acfc-b325de8c1be4#0:FAIL-t71, d3e03273-8c79-4c12-9358-0a8612c41dd7<-04d45094-7136-40c1-bdbb-fee737a34122#0:FAIL-t71] and 0 exception(s); d3e03273-8c79-4c12-9358-0a8612c41dd7@group-03B580E33239:t71, leader=null, voted=d3e03273-8c79-4c12-9358-0a8612c41dd7, raftlog=d3e03273-8c79-4c12-9358-0a8612c41dd7@group-03B580E33239-SegmentedRaftLog:OPENED:c3,f4,i4, conf=0: [20f566ef-d50a-432c-acfc-b325de8c1be4:192.168.157.238:44964, d3e03273-8c79-4c12-9358-0a8612c41dd7:192.168.157.238:40960, 04d45094-7136-40c1-bdbb-fee737a34122:192.168.157.238:41949], old=null
2019-10-18 04:00:14,346 [d3e03273-8c79-4c12-9358-0a8612c41dd7@group-03B580E33239-LeaderElection73] INFO  impl.RaftServerImpl (RaftServerImpl.java:setRole(184)) - d3e03273-8c79-4c12-9358-0a8612c41dd7@group-03B580E33239: changes role from CANDIDATE to FOLLOWER at term 71 for DISCOVERED_A_NEW_TERM
2019-10-18 04:00:14,347 [d3e03273-8c79-4c12-9358-0a8612c41dd7@group-03B580E33239-LeaderElection73] INFO  impl.RoleInfo (RoleInfo.java:shutdownLeaderElection(134)) - d3e03273-8c79-4c12-9358-0a8612c41dd7: shutdown LeaderElection
2019-10-18 04:00:14,347 [d3e03273-8c79-4c12-9358-0a8612c41dd7@group-03B580E33239-LeaderElection73] INFO  impl.RoleInfo (RoleInfo.java:updateAndGet(143)) - d3e03273-8c79-4c12-9358-0a8612c41dd7: start FollowerState
2019-10-18 04:00:14,362 [Thread-1047] INFO  impl.FollowerState (FollowerState.java:run(108)) - d3e03273-8c79-4c12-9358-0a8612c41dd7@group-03B580E33239-FollowerState: change to CANDIDATE, lastRpcTime:15ms, electionTimeout:15ms
2019-10-18 04:00:14,362 [Thread-1047] INFO  impl.RoleInfo (RoleInfo.java:shutdownFollowerState(121)) - d3e03273-8c79-4c12-9358-0a8612c41dd7: shutdown FollowerState
2019-10-18 04:00:14,362 [Thread-1047] INFO  impl.RaftServerImpl (RaftServerImpl.java:setRole(184)) - d3e03273-8c79-4c12-9358-0a8612c41dd7@group-03B580E33239: changes role from  FOLLOWER to CANDIDATE at term 71 for changeToCandidate
2019-10-18 04:00:14,363 [Thread-1047] INFO  impl.RoleInfo (RoleInfo.java:updateAndGet(143)) - d3e03273-8c79-4c12-9358-0a8612c41dd7: start LeaderElection
2019-10-18 04:00:14,376 [d3e03273-8c79-4c12-9358-0a8612c41dd7@group-03B580E33239-LeaderElection74] INFO  impl.LeaderElection (LeaderElection.java:askForVotes(178)) - d3e03273-8c79-4c12-9358-0a8612c41dd7@group-03B580E33239-LeaderElection74: begin an election at term 72 for 0: [20f566ef-d50a-432c-acfc-b325de8c1be4:192.168.157.238:44964, d3e03273-8c79-4c12-9358-0a8612c41dd7:192.168.157.238:40960, 04d45094-7136-40c1-bdbb-fee737a34122:192.168.157.238:41949], old=null
2019-10-18 04:00:14,378 [grpc-default-executor-6] INFO  impl.RaftServerImpl (RaftServerImpl.java:setRole(184)) - 20f566ef-d50a-432c-acfc-b325de8c1be4@group-03B580E33239: changes role from  FOLLOWER to FOLLOWER at term 72 for recognizeCandidate:d3e03273-8c79-4c12-9358-0a8612c41dd7
2019-10-18 04:00:14,378 [grpc-default-executor-6] INFO  impl.RoleInfo (RoleInfo.java:shutdownFollowerState(121)) - 20f566ef-d50a-432c-acfc-b325de8c1be4: shutdown FollowerState
2019-10-18 04:00:14,378 [grpc-default-executor-0] INFO  impl.RaftServerImpl (RaftServerImpl.java:setRole(184)) - 04d45094-7136-40c1-bdbb-fee737a34122@group-03B580E33239: changes role from  FOLLOWER to FOLLOWER at term 72 for recognizeCandidate:d3e03273-8c79-4c12-9358-0a8612c41dd7
2019-10-18 04:00:14,378 [Thread-1045] INFO  impl.FollowerState (FollowerState.java:run(117)) - 20f566ef-d50a-432c-acfc-b325de8c1be4@group-03B580E33239-FollowerState was interrupted: java.lang.InterruptedException: sleep interrupted
2019-10-18 04:00:14,378 [grpc-default-executor-6] INFO  impl.RoleInfo (RoleInfo.java:updateAndGet(143)) - 20f566ef-d50a-432c-acfc-b325de8c1be4: start FollowerState
2019-10-18 04:00:14,379 [grpc-default-executor-0] INFO  impl.RoleInfo (RoleInfo.java:shutdownFollowerState(121)) - 04d45094-7136-40c1-bdbb-fee737a34122: shutdown FollowerState
2019-10-18 04:00:14,379 [grpc-default-executor-0] INFO  impl.RoleInfo (RoleInfo.java:updateAndGet(143)) - 04d45094-7136-40c1-bdbb-fee737a34122: start FollowerState
2019-10-18 04:00:14,379 [Thread-1046] INFO  impl.FollowerState (FollowerState.java:run(117)) - 04d45094-7136-40c1-bdbb-fee737a34122@group-03B580E33239-FollowerState was interrupted: java.lang.InterruptedException: sleep interrupted
2019-10-18 04:00:14,394 [d3e03273-8c79-4c12-9358-0a8612c41dd7@group-03B580E33239-LeaderElection74] INFO  impl.LeaderElection (LeaderElection.java:logAndReturn(56)) - d3e03273-8c79-4c12-9358-0a8612c41dd7@group-03B580E33239-LeaderElection74: Election REJECTED; received 2 response(s) [d3e03273-8c79-4c12-9358-0a8612c41dd7<-20f566ef-d50a-432c-acfc-b325de8c1be4#0:FAIL-t72, d3e03273-8c79-4c12-9358-0a8612c41dd7<-04d45094-7136-40c1-bdbb-fee737a34122#0:FAIL-t72] and 0 exception(s); d3e03273-8c79-4c12-9358-0a8612c41dd7@group-03B580E33239:t72, leader=null, voted=d3e03273-8c79-4c12-9358-0a8612c41dd7, raftlog=d3e03273-8c79-4c12-9358-0a8612c41dd7@group-03B580E33239-SegmentedRaftLog:OPENED:c3,f4,i4, conf=0: [20f566ef-d50a-432c-acfc-b325de8c1be4:192.168.157.238:44964, d3e03273-8c79-4c12-9358-0a8612c41dd7:192.168.157.238:40960, 04d45094-7136-40c1-bdbb-fee737a34122:192.168.157.238:41949], old=null
2019-10-18 04:00:14,394 [d3e03273-8c79-4c12-9358-0a8612c41dd7@group-03B580E33239-LeaderElection74] INFO  impl.RaftServerImpl (RaftServerImpl.java:setRole(184)) - d3e03273-8c79-4c12-9358-0a8612c41dd7@group-03B580E33239: changes role from CANDIDATE to FOLLOWER at term 72 for DISCOVERED_A_NEW_TERM
2019-10-18 04:00:14,394 [d3e03273-8c79-4c12-9358-0a8612c41dd7@group-03B580E33239-LeaderElection74] INFO  impl.RoleInfo (RoleInfo.java:shutdownLeaderElection(134)) - d3e03273-8c79-4c12-9358-0a8612c41dd7: shutdown LeaderElection
2019-10-18 04:00:14,394 [d3e03273-8c79-4c12-9358-0a8612c41dd7@group-03B580E33239-LeaderElection74] INFO  impl.RoleInfo (RoleInfo.java:updateAndGet(143)) - d3e03273-8c79-4c12-9358-0a8612c41dd7: start FollowerState
2019-10-18 04:00:14,534 [Thread-1053] INFO  impl.FollowerState (FollowerState.java:run(108)) - d3e03273-8c79-4c12-9358-0a8612c41dd7@group-03B580E33239-FollowerState: change to CANDIDATE, lastRpcTime:139ms, electionTimeout:139ms
2019-10-18 04:00:14,534 [Thread-1053] INFO  impl.RoleInfo (RoleInfo.java:shutdownFollowerState(121)) - d3e03273-8c79-4c12-9358-0a8612c41dd7: shutdown FollowerState
2019-10-18 04:00:14,534 [Thread-1053] INFO  impl.RaftServerImpl (RaftServerImpl.java:setRole(184)) - d3e03273-8c79-4c12-9358-0a8612c41dd7@group-03B580E33239: changes role from  FOLLOWER to CANDIDATE at term 72 for changeToCandidate
2019-10-18 04:00:14,534 [Thread-1053] INFO  impl.RoleInfo (RoleInfo.java:updateAndGet(143)) - d3e03273-8c79-4c12-9358-0a8612c41dd7: start LeaderElection
2019-10-18 04:00:14,541 [BlockDeletingService#2] WARN  background.BlockDeletingService (BlockDeletingService.java:isDeletionAllowed(187)) - Close Container log Index 6 is not replicated across allthe servers in the pipeline defa1269-bd0f-4f76-adbb-03b580e33239 as the min replicated index is 4. Deletion is not allowed in this container yet.
2019-10-18 04:00:14,541 [BlockDeletingService#2] WARN  background.BlockDeletingService (BlockDeletingService.java:isDeletionAllowed(187)) - Close Container log Index 6 is not replicated across allthe servers in the pipeline defa1269-bd0f-4f76-adbb-03b580e33239 as the min replicated index is 4. Deletion is not allowed in this container yet.
2019-10-18 04:00:14,548 [d3e03273-8c79-4c12-9358-0a8612c41dd7@group-03B580E33239-LeaderElection75] INFO  impl.LeaderElection (LeaderElection.java:askForVotes(178)) - d3e03273-8c79-4c12-9358-0a8612c41dd7@group-03B580E33239-LeaderElection75: begin an election at term 73 for 0: [20f566ef-d50a-432c-acfc-b325de8c1be4:192.168.157.238:44964, d3e03273-8c79-4c12-9358-0a8612c41dd7:192.168.157.238:40960, 04d45094-7136-40c1-bdbb-fee737a34122:192.168.157.238:41949], old=null
2019-10-18 04:00:14,551 [grpc-default-executor-0] INFO  impl.RaftServerImpl (RaftServerImpl.java:setRole(184)) - 20f566ef-d50a-432c-acfc-b325de8c1be4@group-03B580E33239: changes role from  FOLLOWER to FOLLOWER at term 73 for recognizeCandidate:d3e03273-8c79-4c12-9358-0a8612c41dd7
2019-10-18 04:00:14,551 [grpc-default-executor-6] INFO  impl.RaftServerImpl (RaftServerImpl.java:setRole(184)) - 04d45094-7136-40c1-bdbb-fee737a34122@group-03B580E33239: changes role from  FOLLOWER to FOLLOWER at term 73 for recognizeCandidate:d3e03273-8c79-4c12-9358-0a8612c41dd7
2019-10-18 04:00:14,551 [grpc-default-executor-0] INFO  impl.RoleInfo (RoleInfo.java:shutdownFollowerState(121)) - 20f566ef-d50a-432c-acfc-b325de8c1be4: shutdown FollowerState
2019-10-18 04:00:14,551 [grpc-default-executor-6] INFO  impl.RoleInfo (RoleInfo.java:shutdownFollowerState(121)) - 04d45094-7136-40c1-bdbb-fee737a34122: shutdown FollowerState
2019-10-18 04:00:14,551 [Thread-1051] INFO  impl.FollowerState (FollowerState.java:run(117)) - 20f566ef-d50a-432c-acfc-b325de8c1be4@group-03B580E33239-FollowerState was interrupted: java.lang.InterruptedException: sleep interrupted
2019-10-18 04:00:14,552 [Thread-1052] INFO  impl.FollowerState (FollowerState.java:run(117)) - 04d45094-7136-40c1-bdbb-fee737a34122@group-03B580E33239-FollowerState was interrupted: java.lang.InterruptedException: sleep interrupted
2019-10-18 04:00:14,551 [grpc-default-executor-0] INFO  impl.RoleInfo (RoleInfo.java:updateAndGet(143)) - 20f566ef-d50a-432c-acfc-b325de8c1be4: start FollowerState
2019-10-18 04:00:14,552 [grpc-default-executor-6] INFO  impl.RoleInfo (RoleInfo.java:updateAndGet(143)) - 04d45094-7136-40c1-bdbb-fee737a34122: start FollowerState
2019-10-18 04:00:14,566 [d3e03273-8c79-4c12-9358-0a8612c41dd7@group-03B580E33239-LeaderElection75] INFO  impl.LeaderElection (LeaderElection.java:logAndReturn(56)) - d3e03273-8c79-4c12-9358-0a8612c41dd7@group-03B580E33239-LeaderElection75: Election REJECTED; received 2 response(s) [d3e03273-8c79-4c12-9358-0a8612c41dd7<-20f566ef-d50a-432c-acfc-b325de8c1be4#0:FAIL-t73, d3e03273-8c79-4c12-9358-0a8612c41dd7<-04d45094-7136-40c1-bdbb-fee737a34122#0:FAIL-t73] and 0 exception(s); d3e03273-8c79-4c12-9358-0a8612c41dd7@group-03B580E33239:t73, leader=null, voted=d3e03273-8c79-4c12-9358-0a8612c41dd7, raftlog=d3e03273-8c79-4c12-9358-0a8612c41dd7@group-03B580E33239-SegmentedRaftLog:OPENED:c3,f4,i4, conf=0: [20f566ef-d50a-432c-acfc-b325de8c1be4:192.168.157.238:44964, d3e03273-8c79-4c12-9358-0a8612c41dd7:192.168.157.238:40960, 04d45094-7136-40c1-bdbb-fee737a34122:192.168.157.238:41949], old=null
2019-10-18 04:00:14,567 [d3e03273-8c79-4c12-9358-0a8612c41dd7@group-03B580E33239-LeaderElection75] INFO  impl.RaftServerImpl (RaftServerImpl.java:setRole(184)) - d3e03273-8c79-4c12-9358-0a8612c41dd7@group-03B580E33239: changes role from CANDIDATE to FOLLOWER at term 73 for DISCOVERED_A_NEW_TERM
2019-10-18 04:00:14,567 [d3e03273-8c79-4c12-9358-0a8612c41dd7@group-03B580E33239-LeaderElection75] INFO  impl.RoleInfo (RoleInfo.java:shutdownLeaderElection(134)) - d3e03273-8c79-4c12-9358-0a8612c41dd7: shutdown LeaderElection
2019-10-18 04:00:14,567 [d3e03273-8c79-4c12-9358-0a8612c41dd7@group-03B580E33239-LeaderElection75] INFO  impl.RoleInfo (RoleInfo.java:updateAndGet(143)) - d3e03273-8c79-4c12-9358-0a8612c41dd7: start FollowerState
]]></system-out>
    <system-err><![CDATA[ERROR StatusLogger No Log4j 2 configuration file found. Using default configuration (logging only errors to the console), or user programmatically provided configurations. Set system property 'log4j2.debug' to show Log4j 2 internal initialization logging. See https://logging.apache.org/log4j/2.x/manual/configuration.html for instructions on how to configure Log4j 2
Oct 18, 2019 3:58:27 AM org.apache.ratis.thirdparty.io.grpc.internal.SerializingExecutor run
SEVERE: Exception while executing runnable org.apache.ratis.thirdparty.io.grpc.internal.ServerImpl$JumpToApplicationThreadServerStreamListener$1Closed@32528a69
org.apache.ratis.thirdparty.io.grpc.StatusRuntimeException: CANCELLED: call already cancelled
	at org.apache.ratis.thirdparty.io.grpc.Status.asRuntimeException(Status.java:517)
	at org.apache.ratis.thirdparty.io.grpc.stub.ServerCalls$ServerCallStreamObserverImpl.onCompleted(ServerCalls.java:356)
	at org.apache.ratis.grpc.server.GrpcServerProtocolService$ServerRequestStreamObserver.onError(GrpcServerProtocolService.java:121)
	at org.apache.ratis.thirdparty.io.grpc.stub.ServerCalls$StreamingServerCallHandler$StreamingServerCallListener.onCancel(ServerCalls.java:269)
	at org.apache.ratis.thirdparty.io.grpc.internal.ServerCallImpl$ServerStreamListenerImpl.closed(ServerCallImpl.java:293)
	at org.apache.ratis.thirdparty.io.grpc.internal.ServerImpl$JumpToApplicationThreadServerStreamListener$1Closed.runInContext(ServerImpl.java:741)
	at org.apache.ratis.thirdparty.io.grpc.internal.ContextRunnable.run(ContextRunnable.java:37)
	at org.apache.ratis.thirdparty.io.grpc.internal.SerializingExecutor.run(SerializingExecutor.java:123)
	at java.util.concurrent.ThreadPoolExecutor.runWorker(ThreadPoolExecutor.java:1149)
	at java.util.concurrent.ThreadPoolExecutor$Worker.run(ThreadPoolExecutor.java:624)
	at java.lang.Thread.run(Thread.java:748)

Oct 18, 2019 3:58:27 AM org.apache.ratis.thirdparty.io.grpc.internal.SerializingExecutor run
SEVERE: Exception while executing runnable org.apache.ratis.thirdparty.io.grpc.internal.ClientCallImpl$ClientStreamListenerImpl$1StreamClosed@40f187f1
java.lang.NullPointerException
	at org.apache.ratis.grpc.server.GrpcLogAppender$AppendLogResponseHandler.onError(GrpcLogAppender.java:303)
	at org.apache.ratis.thirdparty.io.grpc.stub.ClientCalls$StreamObserverToCallListenerAdapter.onClose(ClientCalls.java:434)
	at org.apache.ratis.thirdparty.io.grpc.PartialForwardingClientCallListener.onClose(PartialForwardingClientCallListener.java:39)
	at org.apache.ratis.thirdparty.io.grpc.ForwardingClientCallListener.onClose(ForwardingClientCallListener.java:23)
	at org.apache.ratis.thirdparty.io.grpc.ForwardingClientCallListener$SimpleForwardingClientCallListener.onClose(ForwardingClientCallListener.java:40)
	at org.apache.ratis.thirdparty.io.grpc.internal.CensusStatsModule$StatsClientInterceptor$1$1.onClose(CensusStatsModule.java:678)
	at org.apache.ratis.thirdparty.io.grpc.PartialForwardingClientCallListener.onClose(PartialForwardingClientCallListener.java:39)
	at org.apache.ratis.thirdparty.io.grpc.ForwardingClientCallListener.onClose(ForwardingClientCallListener.java:23)
	at org.apache.ratis.thirdparty.io.grpc.ForwardingClientCallListener$SimpleForwardingClientCallListener.onClose(ForwardingClientCallListener.java:40)
	at org.apache.ratis.thirdparty.io.grpc.internal.CensusTracingModule$TracingClientInterceptor$1$1.onClose(CensusTracingModule.java:397)
	at org.apache.ratis.thirdparty.io.grpc.internal.ClientCallImpl.closeObserver(ClientCallImpl.java:459)
	at org.apache.ratis.thirdparty.io.grpc.internal.ClientCallImpl.access$300(ClientCallImpl.java:63)
	at org.apache.ratis.thirdparty.io.grpc.internal.ClientCallImpl$ClientStreamListenerImpl.close(ClientCallImpl.java:546)
	at org.apache.ratis.thirdparty.io.grpc.internal.ClientCallImpl$ClientStreamListenerImpl.access$600(ClientCallImpl.java:467)
	at org.apache.ratis.thirdparty.io.grpc.internal.ClientCallImpl$ClientStreamListenerImpl$1StreamClosed.runInContext(ClientCallImpl.java:584)
	at org.apache.ratis.thirdparty.io.grpc.internal.ContextRunnable.run(ContextRunnable.java:37)
	at org.apache.ratis.thirdparty.io.grpc.internal.SerializingExecutor.run(SerializingExecutor.java:123)
	at java.util.concurrent.ThreadPoolExecutor.runWorker(ThreadPoolExecutor.java:1149)
	at java.util.concurrent.ThreadPoolExecutor$Worker.run(ThreadPoolExecutor.java:624)
	at java.lang.Thread.run(Thread.java:748)

]]></system-err>
  </testcase>
</testsuite>