<?xml version="1.0" encoding="UTF-8"?>
<testsuite xmlns:xsi="http://www.w3.org/2001/XMLSchema-instance" xsi:noNamespaceSchemaLocation="https://maven.apache.org/surefire/maven-surefire-plugin/xsd/surefire-test-report.xsd" name="org.apache.hadoop.ozone.client.rpc.TestWatchForCommit" time="239.076" tests="5" errors="2" skipped="0" failures="0">
  <properties>
    <property name="awt.toolkit" value="sun.awt.X11.XToolkit"/>
    <property name="file.encoding.pkg" value="sun.io"/>
    <property name="java.specification.version" value="1.8"/>
    <property name="sun.cpu.isalist" value=""/>
    <property name="sun.jnu.encoding" value="UTF-8"/>
    <property name="java.class.path" value="/workdir/hadoop-ozone/integration-test/target/test-classes:/workdir/hadoop-ozone/integration-test/target/classes:/home/user/.m2/repository/org/apache/hadoop/hadoop-ozone-common/0.5.0-SNAPSHOT/hadoop-ozone-common-0.5.0-SNAPSHOT.jar:/home/user/.m2/repository/org/apache/commons/commons-compress/1.4.1/commons-compress-1.4.1.jar:/home/user/.m2/repository/org/tukaani/xz/1.0/xz-1.0.jar:/home/user/.m2/repository/org/apache/hadoop/hadoop-common/3.2.0/hadoop-common-3.2.0.jar:/home/user/.m2/repository/org/apache/hadoop/hadoop-hdfs/3.2.0/hadoop-hdfs-3.2.0.jar:/home/user/.m2/repository/org/apache/hadoop/hadoop-hdfs-client/3.2.0/hadoop-hdfs-client-3.2.0.jar:/home/user/.m2/repository/com/fasterxml/jackson/core/jackson-annotations/2.9.9/jackson-annotations-2.9.9.jar:/home/user/.m2/repository/org/apache/hadoop/hadoop-hdds-common/0.5.0-SNAPSHOT/hadoop-hdds-common-0.5.0-SNAPSHOT.jar:/home/user/.m2/repository/javax/annotation/javax.annotation-api/1.2/javax.annotation-api-1.2.jar:/home/user/.m2/repository/org/apache/ratis/ratis-server/0.5.0-201fc85-SNAPSHOT/ratis-server-0.5.0-201fc85-SNAPSHOT.jar:/home/user/.m2/repository/org/apache/ratis/ratis-thirdparty-misc/0.2.0/ratis-thirdparty-misc-0.2.0.jar:/home/user/.m2/repository/org/apache/ratis/ratis-proto/0.5.0-201fc85-SNAPSHOT/ratis-proto-0.5.0-201fc85-SNAPSHOT.jar:/home/user/.m2/repository/org/apache/ratis/ratis-common/0.5.0-201fc85-SNAPSHOT/ratis-common-0.5.0-201fc85-SNAPSHOT.jar:/home/user/.m2/repository/org/apache/ratis/ratis-client/0.5.0-201fc85-SNAPSHOT/ratis-client-0.5.0-201fc85-SNAPSHOT.jar:/home/user/.m2/repository/org/apache/ratis/ratis-metrics/0.5.0-201fc85-SNAPSHOT/ratis-metrics-0.5.0-201fc85-SNAPSHOT.jar:/home/user/.m2/repository/com/github/joshelser/dropwizard-metrics-hadoop-metrics2-reporter/0.1.2/dropwizard-metrics-hadoop-metrics2-reporter-0.1.2.jar:/home/user/.m2/repository/io/dropwizard/metrics/metrics-jvm/3.2.5/metrics-jvm-3.2.5.jar:/home/user/.m2/repository/io/dropwizard/metrics/metrics-ganglia/3.2.5/metrics-ganglia-3.2.5.jar:/home/user/.m2/repository/info/ganglia/gmetric4j/gmetric4j/1.0.7/gmetric4j-1.0.7.jar:/home/user/.m2/repository/org/apache/ratis/ratis-netty/0.5.0-201fc85-SNAPSHOT/ratis-netty-0.5.0-201fc85-SNAPSHOT.jar:/home/user/.m2/repository/org/apache/ratis/ratis-grpc/0.5.0-201fc85-SNAPSHOT/ratis-grpc-0.5.0-201fc85-SNAPSHOT.jar:/home/user/.m2/repository/org/rocksdb/rocksdbjni/6.0.1/rocksdbjni-6.0.1.jar:/home/user/.m2/repository/org/apache/logging/log4j/log4j-api/2.11.0/log4j-api-2.11.0.jar:/home/user/.m2/repository/org/apache/logging/log4j/log4j-core/2.11.0/log4j-core-2.11.0.jar:/home/user/.m2/repository/com/lmax/disruptor/3.4.2/disruptor-3.4.2.jar:/home/user/.m2/repository/org/apache/commons/commons-pool2/2.6.0/commons-pool2-2.6.0.jar:/home/user/.m2/repository/org/bouncycastle/bcpkix-jdk15on/1.60/bcpkix-jdk15on-1.60.jar:/home/user/.m2/repository/commons-validator/commons-validator/1.6/commons-validator-1.6.jar:/home/user/.m2/repository/commons-digester/commons-digester/1.8.1/commons-digester-1.8.1.jar:/home/user/.m2/repository/io/jaegertracing/jaeger-client/0.34.0/jaeger-client-0.34.0.jar:/home/user/.m2/repository/io/jaegertracing/jaeger-thrift/0.34.0/jaeger-thrift-0.34.0.jar:/home/user/.m2/repository/org/apache/thrift/libthrift/0.12.0/libthrift-0.12.0.jar:/home/user/.m2/repository/com/squareup/okhttp3/okhttp/3.9.0/okhttp-3.9.0.jar:/home/user/.m2/repository/com/squareup/okio/okio/1.13.0/okio-1.13.0.jar:/home/user/.m2/repository/io/jaegertracing/jaeger-core/0.34.0/jaeger-core-0.34.0.jar:/home/user/.m2/repository/io/jaegertracing/jaeger-tracerresolver/0.34.0/jaeger-tracerresolver-0.34.0.jar:/home/user/.m2/repository/io/opentracing/contrib/opentracing-tracerresolver/0.1.5/opentracing-tracerresolver-0.1.5.jar:/home/user/.m2/repository/io/opentracing/opentracing-util/0.31.0/opentracing-util-0.31.0.jar:/home/user/.m2/repository/io/opentracing/opentracing-api/0.31.0/opentracing-api-0.31.0.jar:/home/user/.m2/repository/io/opentracing/opentracing-noop/0.31.0/opentracing-noop-0.31.0.jar:/home/user/.m2/repository/org/apache/hadoop/hadoop-hdds-server-framework/0.5.0-SNAPSHOT/hadoop-hdds-server-framework-0.5.0-SNAPSHOT.jar:/home/user/.m2/repository/org/apache/hadoop/hadoop-hdds-container-service/0.5.0-SNAPSHOT/hadoop-hdds-container-service-0.5.0-SNAPSHOT.jar:/home/user/.m2/repository/org/apache/hadoop/hadoop-hdds-client/0.5.0-SNAPSHOT/hadoop-hdds-client-0.5.0-SNAPSHOT.jar:/home/user/.m2/repository/org/apache/hadoop/hadoop-hdds-tools/0.5.0-SNAPSHOT/hadoop-hdds-tools-0.5.0-SNAPSHOT.jar:/home/user/.m2/repository/org/apache/hadoop/hadoop-hdds-server-scm/0.5.0-SNAPSHOT/hadoop-hdds-server-scm-0.5.0-SNAPSHOT.jar:/home/user/.m2/repository/org/apache/hadoop/hadoop-hdds-docs/0.5.0-SNAPSHOT/hadoop-hdds-docs-0.5.0-SNAPSHOT.jar:/home/user/.m2/repository/io/dropwizard/metrics/metrics-core/3.2.4/metrics-core-3.2.4.jar:/home/user/.m2/repository/org/hamcrest/hamcrest-all/1.3/hamcrest-all-1.3.jar:/home/user/.m2/repository/org/bouncycastle/bcprov-jdk15on/1.60/bcprov-jdk15on-1.60.jar:/home/user/.m2/repository/info/picocli/picocli/3.9.6/picocli-3.9.6.jar:/home/user/.m2/repository/com/google/protobuf/protobuf-java/2.5.0/protobuf-java-2.5.0.jar:/home/user/.m2/repository/com/google/guava/guava/11.0.2/guava-11.0.2.jar:/home/user/.m2/repository/org/apache/hadoop/hadoop-ozone-ozone-manager/0.5.0-SNAPSHOT/hadoop-ozone-ozone-manager-0.5.0-SNAPSHOT.jar:/home/user/.m2/repository/org/apache/hadoop/hadoop-minikdc/3.2.0/hadoop-minikdc-3.2.0.jar:/home/user/.m2/repository/commons-io/commons-io/2.5/commons-io-2.5.jar:/home/user/.m2/repository/org/apache/kerby/kerb-simplekdc/1.0.1/kerb-simplekdc-1.0.1.jar:/home/user/.m2/repository/org/apache/kerby/kerb-client/1.0.1/kerb-client-1.0.1.jar:/home/user/.m2/repository/org/apache/kerby/kerby-config/1.0.1/kerby-config-1.0.1.jar:/home/user/.m2/repository/org/apache/kerby/kerb-core/1.0.1/kerb-core-1.0.1.jar:/home/user/.m2/repository/org/apache/kerby/kerby-pkix/1.0.1/kerby-pkix-1.0.1.jar:/home/user/.m2/repository/org/apache/kerby/kerby-asn1/1.0.1/kerby-asn1-1.0.1.jar:/home/user/.m2/repository/org/apache/kerby/kerby-util/1.0.1/kerby-util-1.0.1.jar:/home/user/.m2/repository/org/apache/kerby/kerb-common/1.0.1/kerb-common-1.0.1.jar:/home/user/.m2/repository/org/apache/kerby/kerb-crypto/1.0.1/kerb-crypto-1.0.1.jar:/home/user/.m2/repository/org/apache/kerby/kerb-util/1.0.1/kerb-util-1.0.1.jar:/home/user/.m2/repository/org/apache/kerby/token-provider/1.0.1/token-provider-1.0.1.jar:/home/user/.m2/repository/org/apache/kerby/kerb-admin/1.0.1/kerb-admin-1.0.1.jar:/home/user/.m2/repository/org/apache/kerby/kerb-server/1.0.1/kerb-server-1.0.1.jar:/home/user/.m2/repository/org/apache/kerby/kerb-identity/1.0.1/kerb-identity-1.0.1.jar:/home/user/.m2/repository/org/apache/kerby/kerby-xdr/1.0.1/kerby-xdr-1.0.1.jar:/home/user/.m2/repository/org/slf4j/slf4j-log4j12/1.7.25/slf4j-log4j12-1.7.25.jar:/home/user/.m2/repository/org/apache/hadoop/hadoop-ozone-s3gateway/0.5.0-SNAPSHOT/hadoop-ozone-s3gateway-0.5.0-SNAPSHOT.jar:/home/user/.m2/repository/org/jboss/weld/servlet/weld-servlet/2.4.7.Final/weld-servlet-2.4.7.Final.jar:/home/user/.m2/repository/org/glassfish/jersey/containers/jersey-container-servlet-core/2.27/jersey-container-servlet-core-2.27.jar:/home/user/.m2/repository/org/glassfish/hk2/external/javax.inject/2.5.0-b42/javax.inject-2.5.0-b42.jar:/home/user/.m2/repository/org/glassfish/jersey/core/jersey-common/2.27/jersey-common-2.27.jar:/home/user/.m2/repository/org/glassfish/hk2/osgi-resource-locator/1.0.1/osgi-resource-locator-1.0.1.jar:/home/user/.m2/repository/javax/ws/rs/javax.ws.rs-api/2.1/javax.ws.rs-api-2.1.jar:/home/user/.m2/repository/org/glassfish/jersey/ext/cdi/jersey-cdi1x/2.27/jersey-cdi1x-2.27.jar:/home/user/.m2/repository/org/glassfish/jersey/inject/jersey-hk2/2.27/jersey-hk2-2.27.jar:/home/user/.m2/repository/org/glassfish/hk2/hk2-locator/2.5.0-b42/hk2-locator-2.5.0-b42.jar:/home/user/.m2/repository/org/javassist/javassist/3.22.0-CR2/javassist-3.22.0-CR2.jar:/home/user/.m2/repository/org/glassfish/hk2/hk2-api/2.5.0/hk2-api-2.5.0.jar:/home/user/.m2/repository/org/glassfish/hk2/external/jakarta.inject/2.5.0/jakarta.inject-2.5.0.jar:/home/user/.m2/repository/org/glassfish/hk2/hk2-utils/2.5.0/hk2-utils-2.5.0.jar:/home/user/.m2/repository/jakarta/annotation/jakarta.annotation-api/1.3.4/jakarta.annotation-api-1.3.4.jar:/home/user/.m2/repository/org/glassfish/hk2/external/aopalliance-repackaged/2.5.0/aopalliance-repackaged-2.5.0.jar:/home/user/.m2/repository/com/fasterxml/jackson/dataformat/jackson-dataformat-xml/2.9.0/jackson-dataformat-xml-2.9.0.jar:/home/user/.m2/repository/com/fasterxml/jackson/core/jackson-core/2.9.9/jackson-core-2.9.9.jar:/home/user/.m2/repository/com/fasterxml/jackson/module/jackson-module-jaxb-annotations/2.9.9/jackson-module-jaxb-annotations-2.9.9.jar:/home/user/.m2/repository/javax/enterprise/cdi-api/1.2/cdi-api-1.2.jar:/home/user/.m2/repository/javax/el/javax.el-api/3.0.0/javax.el-api-3.0.0.jar:/home/user/.m2/repository/javax/interceptor/javax.interceptor-api/1.2/javax.interceptor-api-1.2.jar:/home/user/.m2/repository/javax/inject/javax.inject/1/javax.inject-1.jar:/home/user/.m2/repository/com/sun/xml/bind/jaxb-impl/2.3.0.1/jaxb-impl-2.3.0.1.jar:/home/user/.m2/repository/com/sun/xml/bind/jaxb-core/2.3.0.1/jaxb-core-2.3.0.1.jar:/home/user/.m2/repository/javax/xml/bind/jaxb-api/2.3.0/jaxb-api-2.3.0.jar:/home/user/.m2/repository/javax/activation/activation/1.1.1/activation-1.1.1.jar:/home/user/.m2/repository/org/apache/hadoop/hadoop-ozone-csi/0.5.0-SNAPSHOT/hadoop-ozone-csi-0.5.0-SNAPSHOT.jar:/home/user/.m2/repository/com/google/protobuf/protobuf-java-util/3.5.1/protobuf-java-util-3.5.1.jar:/home/user/.m2/repository/org/apache/hadoop/hadoop-hdds-config/0.5.0-SNAPSHOT/hadoop-hdds-config-0.5.0-SNAPSHOT.jar:/home/user/.m2/repository/io/grpc/grpc-netty/1.17.1/grpc-netty-1.17.1.jar:/home/user/.m2/repository/io/grpc/grpc-core/1.17.1/grpc-core-1.17.1.jar:/home/user/.m2/repository/io/grpc/grpc-context/1.17.1/grpc-context-1.17.1.jar:/home/user/.m2/repository/com/google/errorprone/error_prone_annotations/2.2.0/error_prone_annotations-2.2.0.jar:/home/user/.m2/repository/org/codehaus/mojo/animal-sniffer-annotations/1.17/animal-sniffer-annotations-1.17.jar:/home/user/.m2/repository/io/opencensus/opencensus-api/0.17.0/opencensus-api-0.17.0.jar:/home/user/.m2/repository/io/opencensus/opencensus-contrib-grpc-metrics/0.17.0/opencensus-contrib-grpc-metrics-0.17.0.jar:/home/user/.m2/repository/io/netty/netty-codec-http2/4.1.30.Final/netty-codec-http2-4.1.30.Final.jar:/home/user/.m2/repository/io/netty/netty-codec-http/4.1.30.Final/netty-codec-http-4.1.30.Final.jar:/home/user/.m2/repository/io/netty/netty-codec/4.1.30.Final/netty-codec-4.1.30.Final.jar:/home/user/.m2/repository/io/netty/netty-handler/4.1.30.Final/netty-handler-4.1.30.Final.jar:/home/user/.m2/repository/io/netty/netty-handler-proxy/4.1.30.Final/netty-handler-proxy-4.1.30.Final.jar:/home/user/.m2/repository/io/netty/netty-codec-socks/4.1.30.Final/netty-codec-socks-4.1.30.Final.jar:/home/user/.m2/repository/io/netty/netty-transport-native-epoll/4.1.30.Final/netty-transport-native-epoll-4.1.30.Final.jar:/home/user/.m2/repository/io/netty/netty-common/4.1.30.Final/netty-common-4.1.30.Final.jar:/home/user/.m2/repository/io/netty/netty-buffer/4.1.30.Final/netty-buffer-4.1.30.Final.jar:/home/user/.m2/repository/io/netty/netty-transport/4.1.30.Final/netty-transport-4.1.30.Final.jar:/home/user/.m2/repository/io/netty/netty-resolver/4.1.30.Final/netty-resolver-4.1.30.Final.jar:/home/user/.m2/repository/io/netty/netty-transport-native-unix-common/4.1.30.Final/netty-transport-native-unix-common-4.1.30.Final.jar:/home/user/.m2/repository/io/grpc/grpc-protobuf/1.17.1/grpc-protobuf-1.17.1.jar:/home/user/.m2/repository/com/google/api/grpc/proto-google-common-protos/1.0.0/proto-google-common-protos-1.0.0.jar:/home/user/.m2/repository/io/grpc/grpc-protobuf-lite/1.17.1/grpc-protobuf-lite-1.17.1.jar:/home/user/.m2/repository/io/grpc/grpc-stub/1.17.1/grpc-stub-1.17.1.jar:/home/user/.m2/repository/org/apache/hadoop/hadoop-ozone-recon/0.5.0-SNAPSHOT/hadoop-ozone-recon-0.5.0-SNAPSHOT.jar:/home/user/.m2/repository/org/apache/hadoop/hadoop-ozone-reconcodegen/0.5.0-SNAPSHOT/hadoop-ozone-reconcodegen-0.5.0-SNAPSHOT.jar:/home/user/.m2/repository/com/google/inject/extensions/guice-multibindings/4.0/guice-multibindings-4.0.jar:/home/user/.m2/repository/com/google/inject/guice/4.0/guice-4.0.jar:/home/user/.m2/repository/aopalliance/aopalliance/1.0/aopalliance-1.0.jar:/home/user/.m2/repository/com/google/inject/extensions/guice-servlet/4.0/guice-servlet-4.0.jar:/home/user/.m2/repository/org/glassfish/jersey/containers/jersey-container-servlet/2.27/jersey-container-servlet-2.27.jar:/home/user/.m2/repository/org/glassfish/hk2/guice-bridge/2.5.0/guice-bridge-2.5.0.jar:/home/user/.m2/repository/org/glassfish/jersey/core/jersey-server/2.27/jersey-server-2.27.jar:/home/user/.m2/repository/org/glassfish/jersey/core/jersey-client/2.27/jersey-client-2.27.jar:/home/user/.m2/repository/org/glassfish/jersey/media/jersey-media-jaxb/2.27/jersey-media-jaxb-2.27.jar:/home/user/.m2/repository/javax/validation/validation-api/1.1.0.Final/validation-api-1.1.0.Final.jar:/home/user/.m2/repository/org/glassfish/jersey/media/jersey-media-json-jackson/2.27/jersey-media-json-jackson-2.27.jar:/home/user/.m2/repository/org/glassfish/jersey/ext/jersey-entity-filtering/2.27/jersey-entity-filtering-2.27.jar:/home/user/.m2/repository/com/google/inject/extensions/guice-assistedinject/4.0/guice-assistedinject-4.0.jar:/home/user/.m2/repository/org/jooq/jooq/3.11.10/jooq-3.11.10.jar:/home/user/.m2/repository/org/jooq/jooq-meta/3.11.10/jooq-meta-3.11.10.jar:/home/user/.m2/repository/org/jooq/jooq-codegen/3.11.10/jooq-codegen-3.11.10.jar:/home/user/.m2/repository/com/jolbox/bonecp/0.8.0.RELEASE/bonecp-0.8.0.RELEASE.jar:/home/user/.m2/repository/org/xerial/sqlite-jdbc/3.25.2/sqlite-jdbc-3.25.2.jar:/home/user/.m2/repository/org/springframework/spring-jdbc/5.1.3.RELEASE/spring-jdbc-5.1.3.RELEASE.jar:/home/user/.m2/repository/org/springframework/spring-beans/5.1.3.RELEASE/spring-beans-5.1.3.RELEASE.jar:/home/user/.m2/repository/org/springframework/spring-core/5.1.3.RELEASE/spring-core-5.1.3.RELEASE.jar:/home/user/.m2/repository/org/springframework/spring-jcl/5.1.3.RELEASE/spring-jcl-5.1.3.RELEASE.jar:/home/user/.m2/repository/org/springframework/spring-tx/5.1.3.RELEASE/spring-tx-5.1.3.RELEASE.jar:/home/user/.m2/repository/org/apache/hadoop/hadoop-ozone-client/0.5.0-SNAPSHOT/hadoop-ozone-client-0.5.0-SNAPSHOT.jar:/home/user/.m2/repository/commons-lang/commons-lang/2.6/commons-lang-2.6.jar:/home/user/.m2/repository/org/apache/hadoop/hadoop-ozone-ozone-manager/0.5.0-SNAPSHOT/hadoop-ozone-ozone-manager-0.5.0-SNAPSHOT-tests.jar:/home/user/.m2/repository/junit/junit/4.11/junit-4.11.jar:/home/user/.m2/repository/org/hamcrest/hamcrest-core/1.3/hamcrest-core-1.3.jar:/home/user/.m2/repository/org/openjdk/jmh/jmh-core/1.19/jmh-core-1.19.jar:/home/user/.m2/repository/net/sf/jopt-simple/jopt-simple/4.6/jopt-simple-4.6.jar:/home/user/.m2/repository/org/apache/commons/commons-math3/3.1.1/commons-math3-3.1.1.jar:/home/user/.m2/repository/org/openjdk/jmh/jmh-generator-annprocess/1.19/jmh-generator-annprocess-1.19.jar:/home/user/.m2/repository/org/mockito/mockito-all/1.8.5/mockito-all-1.8.5.jar:/home/user/.m2/repository/org/apache/hadoop/hadoop-kms/3.2.0/hadoop-kms-3.2.0.jar:/home/user/.m2/repository/org/apache/hadoop/hadoop-auth/3.2.0/hadoop-auth-3.2.0.jar:/home/user/.m2/repository/com/nimbusds/nimbus-jose-jwt/4.41.1/nimbus-jose-jwt-4.41.1.jar:/home/user/.m2/repository/com/github/stephenc/jcip/jcip-annotations/1.0-1/jcip-annotations-1.0-1.jar:/home/user/.m2/repository/net/minidev/json-smart/2.3/json-smart-2.3.jar:/home/user/.m2/repository/net/minidev/accessors-smart/1.2/accessors-smart-1.2.jar:/home/user/.m2/repository/org/ow2/asm/asm/5.0.4/asm-5.0.4.jar:/home/user/.m2/repository/org/apache/curator/curator-framework/2.12.0/curator-framework-2.12.0.jar:/home/user/.m2/repository/com/sun/jersey/jersey-core/1.19/jersey-core-1.19.jar:/home/user/.m2/repository/javax/ws/rs/jsr311-api/1.1.1/jsr311-api-1.1.1.jar:/home/user/.m2/repository/com/sun/jersey/jersey-server/1.19/jersey-server-1.19.jar:/home/user/.m2/repository/javax/servlet/javax.servlet-api/3.1.0/javax.servlet-api-3.1.0.jar:/home/user/.m2/repository/org/eclipse/jetty/jetty-server/9.3.25.v20180904/jetty-server-9.3.25.v20180904.jar:/home/user/.m2/repository/org/eclipse/jetty/jetty-http/9.3.25.v20180904/jetty-http-9.3.25.v20180904.jar:/home/user/.m2/repository/org/eclipse/jetty/jetty-io/9.3.25.v20180904/jetty-io-9.3.25.v20180904.jar:/home/user/.m2/repository/org/eclipse/jetty/jetty-webapp/9.3.25.v20180904/jetty-webapp-9.3.25.v20180904.jar:/home/user/.m2/repository/org/eclipse/jetty/jetty-xml/9.3.25.v20180904/jetty-xml-9.3.25.v20180904.jar:/home/user/.m2/repository/log4j/log4j/1.2.17/log4j-1.2.17.jar:/home/user/.m2/repository/org/slf4j/slf4j-api/1.7.25/slf4j-api-1.7.25.jar:/home/user/.m2/repository/org/slf4j/jul-to-slf4j/1.7.25/jul-to-slf4j-1.7.25.jar:/home/user/.m2/repository/org/eclipse/jetty/jetty-util/9.3.25.v20180904/jetty-util-9.3.25.v20180904.jar:/home/user/.m2/repository/com/fasterxml/jackson/core/jackson-databind/2.9.9/jackson-databind-2.9.9.jar:/home/user/.m2/repository/org/apache/hadoop/hadoop-kms/3.2.0/hadoop-kms-3.2.0-tests.jar:/home/user/.m2/repository/org/apache/hadoop/hadoop-hdds-server-scm/0.5.0-SNAPSHOT/hadoop-hdds-server-scm-0.5.0-SNAPSHOT-tests.jar:/home/user/.m2/repository/org/apache/hadoop/hadoop-hdds-container-service/0.5.0-SNAPSHOT/hadoop-hdds-container-service-0.5.0-SNAPSHOT-tests.jar:/home/user/.m2/repository/org/yaml/snakeyaml/1.16/snakeyaml-1.16.jar:/home/user/.m2/repository/org/apache/hadoop/hadoop-common/3.2.0/hadoop-common-3.2.0-tests.jar:/home/user/.m2/repository/org/apache/hadoop/hadoop-annotations/3.2.0/hadoop-annotations-3.2.0.jar:/usr/lib/jvm/java-1.8-openjdk/jre/../lib/tools.jar:/home/user/.m2/repository/commons-cli/commons-cli/1.2/commons-cli-1.2.jar:/home/user/.m2/repository/org/apache/httpcomponents/httpclient/4.5.2/httpclient-4.5.2.jar:/home/user/.m2/repository/org/apache/httpcomponents/httpcore/4.4.4/httpcore-4.4.4.jar:/home/user/.m2/repository/commons-codec/commons-codec/1.11/commons-codec-1.11.jar:/home/user/.m2/repository/commons-net/commons-net/3.6/commons-net-3.6.jar:/home/user/.m2/repository/commons-collections/commons-collections/3.2.2/commons-collections-3.2.2.jar:/home/user/.m2/repository/org/eclipse/jetty/jetty-servlet/9.3.25.v20180904/jetty-servlet-9.3.25.v20180904.jar:/home/user/.m2/repository/org/eclipse/jetty/jetty-security/9.3.25.v20180904/jetty-security-9.3.25.v20180904.jar:/home/user/.m2/repository/javax/servlet/jsp/jsp-api/2.1/jsp-api-2.1.jar:/home/user/.m2/repository/com/sun/jersey/jersey-servlet/1.19/jersey-servlet-1.19.jar:/home/user/.m2/repository/com/sun/jersey/jersey-json/1.19/jersey-json-1.19.jar:/home/user/.m2/repository/org/codehaus/jettison/jettison/1.1/jettison-1.1.jar:/home/user/.m2/repository/org/codehaus/jackson/jackson-core-asl/1.9.13/jackson-core-asl-1.9.13.jar:/home/user/.m2/repository/org/codehaus/jackson/jackson-mapper-asl/1.9.13/jackson-mapper-asl-1.9.13.jar:/home/user/.m2/repository/org/codehaus/jackson/jackson-jaxrs/1.9.13/jackson-jaxrs-1.9.13.jar:/home/user/.m2/repository/org/codehaus/jackson/jackson-xc/1.9.13/jackson-xc-1.9.13.jar:/home/user/.m2/repository/commons-logging/commons-logging/1.1.3/commons-logging-1.1.3.jar:/home/user/.m2/repository/commons-beanutils/commons-beanutils/1.9.4/commons-beanutils-1.9.4.jar:/home/user/.m2/repository/org/apache/commons/commons-configuration2/2.1.1/commons-configuration2-2.1.1.jar:/home/user/.m2/repository/org/apache/commons/commons-lang3/3.7/commons-lang3-3.7.jar:/home/user/.m2/repository/org/apache/commons/commons-text/1.4/commons-text-1.4.jar:/home/user/.m2/repository/org/apache/avro/avro/1.7.7/avro-1.7.7.jar:/home/user/.m2/repository/com/thoughtworks/paranamer/paranamer/2.3/paranamer-2.3.jar:/home/user/.m2/repository/org/xerial/snappy/snappy-java/1.0.5/snappy-java-1.0.5.jar:/home/user/.m2/repository/com/google/re2j/re2j/1.1/re2j-1.1.jar:/home/user/.m2/repository/com/google/code/gson/gson/2.2.4/gson-2.2.4.jar:/home/user/.m2/repository/com/jcraft/jsch/0.1.54/jsch-0.1.54.jar:/home/user/.m2/repository/org/apache/curator/curator-client/2.12.0/curator-client-2.12.0.jar:/home/user/.m2/repository/org/apache/curator/curator-recipes/2.12.0/curator-recipes-2.12.0.jar:/home/user/.m2/repository/com/google/code/findbugs/jsr305/3.0.0/jsr305-3.0.0.jar:/home/user/.m2/repository/org/apache/htrace/htrace-core4/4.1.0-incubating/htrace-core4-4.1.0-incubating.jar:/home/user/.m2/repository/org/apache/zookeeper/zookeeper/3.4.13/zookeeper-3.4.13.jar:/home/user/.m2/repository/jline/jline/0.9.94/jline-0.9.94.jar:/home/user/.m2/repository/org/apache/yetus/audience-annotations/0.5.0/audience-annotations-0.5.0.jar:/home/user/.m2/repository/org/codehaus/woodstox/stax2-api/3.1.4/stax2-api-3.1.4.jar:/home/user/.m2/repository/com/fasterxml/woodstox/woodstox-core/5.0.3/woodstox-core-5.0.3.jar:/home/user/.m2/repository/dnsjava/dnsjava/2.1.7/dnsjava-2.1.7.jar:/home/user/.m2/repository/org/apache/hadoop/hadoop-hdfs/3.2.0/hadoop-hdfs-3.2.0-tests.jar:/home/user/.m2/repository/org/eclipse/jetty/jetty-util-ajax/9.3.25.v20180904/jetty-util-ajax-9.3.25.v20180904.jar:/home/user/.m2/repository/commons-daemon/commons-daemon/1.0.13/commons-daemon-1.0.13.jar:/home/user/.m2/repository/io/netty/netty/3.10.5.Final/netty-3.10.5.Final.jar:/home/user/.m2/repository/io/netty/netty-all/4.0.52.Final/netty-all-4.0.52.Final.jar:/home/user/.m2/repository/org/fusesource/leveldbjni/leveldbjni-all/1.8/leveldbjni-all-1.8.jar:"/>
    <property name="java.vm.vendor" value="IcedTea"/>
    <property name="sun.arch.data.model" value="64"/>
    <property name="test.build.dir" value="/workdir/hadoop-ozone/integration-test/target/test-dir"/>
    <property name="test.cache.data" value=""/>
    <property name="java.vendor.url" value="https://icedtea.classpath.org"/>
    <property name="user.timezone" value=""/>
    <property name="java.vm.specification.version" value="1.8"/>
    <property name="os.name" value="Linux"/>
    <property name="test.build.data" value="/workdir/hadoop-ozone/integration-test/target/test-dir"/>
    <property name="user.country" value="US"/>
    <property name="sun.java.launcher" value="SUN_STANDARD"/>
    <property name="sun.boot.library.path" value="/usr/lib/jvm/java-1.8-openjdk/jre/lib/amd64"/>
    <property name="sun.java.command" value="/workdir/hadoop-ozone/integration-test/target/surefire/surefirebooter3124739014390599182.jar /workdir/hadoop-ozone/integration-test/target/surefire 2019-10-14T09-59-33_122-jvmRun1 surefire1591950630412194257tmp surefire_778516222770100363424tmp"/>
    <property name="test" value="!TestMiniChaosOzoneCluster"/>
    <property name="surefire.test.class.path" value="/workdir/hadoop-ozone/integration-test/target/test-classes:/workdir/hadoop-ozone/integration-test/target/classes:/home/user/.m2/repository/org/apache/hadoop/hadoop-ozone-common/0.5.0-SNAPSHOT/hadoop-ozone-common-0.5.0-SNAPSHOT.jar:/home/user/.m2/repository/org/apache/commons/commons-compress/1.4.1/commons-compress-1.4.1.jar:/home/user/.m2/repository/org/tukaani/xz/1.0/xz-1.0.jar:/home/user/.m2/repository/org/apache/hadoop/hadoop-common/3.2.0/hadoop-common-3.2.0.jar:/home/user/.m2/repository/org/apache/hadoop/hadoop-hdfs/3.2.0/hadoop-hdfs-3.2.0.jar:/home/user/.m2/repository/org/apache/hadoop/hadoop-hdfs-client/3.2.0/hadoop-hdfs-client-3.2.0.jar:/home/user/.m2/repository/com/fasterxml/jackson/core/jackson-annotations/2.9.9/jackson-annotations-2.9.9.jar:/home/user/.m2/repository/org/apache/hadoop/hadoop-hdds-common/0.5.0-SNAPSHOT/hadoop-hdds-common-0.5.0-SNAPSHOT.jar:/home/user/.m2/repository/javax/annotation/javax.annotation-api/1.2/javax.annotation-api-1.2.jar:/home/user/.m2/repository/org/apache/ratis/ratis-server/0.5.0-201fc85-SNAPSHOT/ratis-server-0.5.0-201fc85-SNAPSHOT.jar:/home/user/.m2/repository/org/apache/ratis/ratis-thirdparty-misc/0.2.0/ratis-thirdparty-misc-0.2.0.jar:/home/user/.m2/repository/org/apache/ratis/ratis-proto/0.5.0-201fc85-SNAPSHOT/ratis-proto-0.5.0-201fc85-SNAPSHOT.jar:/home/user/.m2/repository/org/apache/ratis/ratis-common/0.5.0-201fc85-SNAPSHOT/ratis-common-0.5.0-201fc85-SNAPSHOT.jar:/home/user/.m2/repository/org/apache/ratis/ratis-client/0.5.0-201fc85-SNAPSHOT/ratis-client-0.5.0-201fc85-SNAPSHOT.jar:/home/user/.m2/repository/org/apache/ratis/ratis-metrics/0.5.0-201fc85-SNAPSHOT/ratis-metrics-0.5.0-201fc85-SNAPSHOT.jar:/home/user/.m2/repository/com/github/joshelser/dropwizard-metrics-hadoop-metrics2-reporter/0.1.2/dropwizard-metrics-hadoop-metrics2-reporter-0.1.2.jar:/home/user/.m2/repository/io/dropwizard/metrics/metrics-jvm/3.2.5/metrics-jvm-3.2.5.jar:/home/user/.m2/repository/io/dropwizard/metrics/metrics-ganglia/3.2.5/metrics-ganglia-3.2.5.jar:/home/user/.m2/repository/info/ganglia/gmetric4j/gmetric4j/1.0.7/gmetric4j-1.0.7.jar:/home/user/.m2/repository/org/apache/ratis/ratis-netty/0.5.0-201fc85-SNAPSHOT/ratis-netty-0.5.0-201fc85-SNAPSHOT.jar:/home/user/.m2/repository/org/apache/ratis/ratis-grpc/0.5.0-201fc85-SNAPSHOT/ratis-grpc-0.5.0-201fc85-SNAPSHOT.jar:/home/user/.m2/repository/org/rocksdb/rocksdbjni/6.0.1/rocksdbjni-6.0.1.jar:/home/user/.m2/repository/org/apache/logging/log4j/log4j-api/2.11.0/log4j-api-2.11.0.jar:/home/user/.m2/repository/org/apache/logging/log4j/log4j-core/2.11.0/log4j-core-2.11.0.jar:/home/user/.m2/repository/com/lmax/disruptor/3.4.2/disruptor-3.4.2.jar:/home/user/.m2/repository/org/apache/commons/commons-pool2/2.6.0/commons-pool2-2.6.0.jar:/home/user/.m2/repository/org/bouncycastle/bcpkix-jdk15on/1.60/bcpkix-jdk15on-1.60.jar:/home/user/.m2/repository/commons-validator/commons-validator/1.6/commons-validator-1.6.jar:/home/user/.m2/repository/commons-digester/commons-digester/1.8.1/commons-digester-1.8.1.jar:/home/user/.m2/repository/io/jaegertracing/jaeger-client/0.34.0/jaeger-client-0.34.0.jar:/home/user/.m2/repository/io/jaegertracing/jaeger-thrift/0.34.0/jaeger-thrift-0.34.0.jar:/home/user/.m2/repository/org/apache/thrift/libthrift/0.12.0/libthrift-0.12.0.jar:/home/user/.m2/repository/com/squareup/okhttp3/okhttp/3.9.0/okhttp-3.9.0.jar:/home/user/.m2/repository/com/squareup/okio/okio/1.13.0/okio-1.13.0.jar:/home/user/.m2/repository/io/jaegertracing/jaeger-core/0.34.0/jaeger-core-0.34.0.jar:/home/user/.m2/repository/io/jaegertracing/jaeger-tracerresolver/0.34.0/jaeger-tracerresolver-0.34.0.jar:/home/user/.m2/repository/io/opentracing/contrib/opentracing-tracerresolver/0.1.5/opentracing-tracerresolver-0.1.5.jar:/home/user/.m2/repository/io/opentracing/opentracing-util/0.31.0/opentracing-util-0.31.0.jar:/home/user/.m2/repository/io/opentracing/opentracing-api/0.31.0/opentracing-api-0.31.0.jar:/home/user/.m2/repository/io/opentracing/opentracing-noop/0.31.0/opentracing-noop-0.31.0.jar:/home/user/.m2/repository/org/apache/hadoop/hadoop-hdds-server-framework/0.5.0-SNAPSHOT/hadoop-hdds-server-framework-0.5.0-SNAPSHOT.jar:/home/user/.m2/repository/org/apache/hadoop/hadoop-hdds-container-service/0.5.0-SNAPSHOT/hadoop-hdds-container-service-0.5.0-SNAPSHOT.jar:/home/user/.m2/repository/org/apache/hadoop/hadoop-hdds-client/0.5.0-SNAPSHOT/hadoop-hdds-client-0.5.0-SNAPSHOT.jar:/home/user/.m2/repository/org/apache/hadoop/hadoop-hdds-tools/0.5.0-SNAPSHOT/hadoop-hdds-tools-0.5.0-SNAPSHOT.jar:/home/user/.m2/repository/org/apache/hadoop/hadoop-hdds-server-scm/0.5.0-SNAPSHOT/hadoop-hdds-server-scm-0.5.0-SNAPSHOT.jar:/home/user/.m2/repository/org/apache/hadoop/hadoop-hdds-docs/0.5.0-SNAPSHOT/hadoop-hdds-docs-0.5.0-SNAPSHOT.jar:/home/user/.m2/repository/io/dropwizard/metrics/metrics-core/3.2.4/metrics-core-3.2.4.jar:/home/user/.m2/repository/org/hamcrest/hamcrest-all/1.3/hamcrest-all-1.3.jar:/home/user/.m2/repository/org/bouncycastle/bcprov-jdk15on/1.60/bcprov-jdk15on-1.60.jar:/home/user/.m2/repository/info/picocli/picocli/3.9.6/picocli-3.9.6.jar:/home/user/.m2/repository/com/google/protobuf/protobuf-java/2.5.0/protobuf-java-2.5.0.jar:/home/user/.m2/repository/com/google/guava/guava/11.0.2/guava-11.0.2.jar:/home/user/.m2/repository/org/apache/hadoop/hadoop-ozone-ozone-manager/0.5.0-SNAPSHOT/hadoop-ozone-ozone-manager-0.5.0-SNAPSHOT.jar:/home/user/.m2/repository/org/apache/hadoop/hadoop-minikdc/3.2.0/hadoop-minikdc-3.2.0.jar:/home/user/.m2/repository/commons-io/commons-io/2.5/commons-io-2.5.jar:/home/user/.m2/repository/org/apache/kerby/kerb-simplekdc/1.0.1/kerb-simplekdc-1.0.1.jar:/home/user/.m2/repository/org/apache/kerby/kerb-client/1.0.1/kerb-client-1.0.1.jar:/home/user/.m2/repository/org/apache/kerby/kerby-config/1.0.1/kerby-config-1.0.1.jar:/home/user/.m2/repository/org/apache/kerby/kerb-core/1.0.1/kerb-core-1.0.1.jar:/home/user/.m2/repository/org/apache/kerby/kerby-pkix/1.0.1/kerby-pkix-1.0.1.jar:/home/user/.m2/repository/org/apache/kerby/kerby-asn1/1.0.1/kerby-asn1-1.0.1.jar:/home/user/.m2/repository/org/apache/kerby/kerby-util/1.0.1/kerby-util-1.0.1.jar:/home/user/.m2/repository/org/apache/kerby/kerb-common/1.0.1/kerb-common-1.0.1.jar:/home/user/.m2/repository/org/apache/kerby/kerb-crypto/1.0.1/kerb-crypto-1.0.1.jar:/home/user/.m2/repository/org/apache/kerby/kerb-util/1.0.1/kerb-util-1.0.1.jar:/home/user/.m2/repository/org/apache/kerby/token-provider/1.0.1/token-provider-1.0.1.jar:/home/user/.m2/repository/org/apache/kerby/kerb-admin/1.0.1/kerb-admin-1.0.1.jar:/home/user/.m2/repository/org/apache/kerby/kerb-server/1.0.1/kerb-server-1.0.1.jar:/home/user/.m2/repository/org/apache/kerby/kerb-identity/1.0.1/kerb-identity-1.0.1.jar:/home/user/.m2/repository/org/apache/kerby/kerby-xdr/1.0.1/kerby-xdr-1.0.1.jar:/home/user/.m2/repository/org/slf4j/slf4j-log4j12/1.7.25/slf4j-log4j12-1.7.25.jar:/home/user/.m2/repository/org/apache/hadoop/hadoop-ozone-s3gateway/0.5.0-SNAPSHOT/hadoop-ozone-s3gateway-0.5.0-SNAPSHOT.jar:/home/user/.m2/repository/org/jboss/weld/servlet/weld-servlet/2.4.7.Final/weld-servlet-2.4.7.Final.jar:/home/user/.m2/repository/org/glassfish/jersey/containers/jersey-container-servlet-core/2.27/jersey-container-servlet-core-2.27.jar:/home/user/.m2/repository/org/glassfish/hk2/external/javax.inject/2.5.0-b42/javax.inject-2.5.0-b42.jar:/home/user/.m2/repository/org/glassfish/jersey/core/jersey-common/2.27/jersey-common-2.27.jar:/home/user/.m2/repository/org/glassfish/hk2/osgi-resource-locator/1.0.1/osgi-resource-locator-1.0.1.jar:/home/user/.m2/repository/javax/ws/rs/javax.ws.rs-api/2.1/javax.ws.rs-api-2.1.jar:/home/user/.m2/repository/org/glassfish/jersey/ext/cdi/jersey-cdi1x/2.27/jersey-cdi1x-2.27.jar:/home/user/.m2/repository/org/glassfish/jersey/inject/jersey-hk2/2.27/jersey-hk2-2.27.jar:/home/user/.m2/repository/org/glassfish/hk2/hk2-locator/2.5.0-b42/hk2-locator-2.5.0-b42.jar:/home/user/.m2/repository/org/javassist/javassist/3.22.0-CR2/javassist-3.22.0-CR2.jar:/home/user/.m2/repository/org/glassfish/hk2/hk2-api/2.5.0/hk2-api-2.5.0.jar:/home/user/.m2/repository/org/glassfish/hk2/external/jakarta.inject/2.5.0/jakarta.inject-2.5.0.jar:/home/user/.m2/repository/org/glassfish/hk2/hk2-utils/2.5.0/hk2-utils-2.5.0.jar:/home/user/.m2/repository/jakarta/annotation/jakarta.annotation-api/1.3.4/jakarta.annotation-api-1.3.4.jar:/home/user/.m2/repository/org/glassfish/hk2/external/aopalliance-repackaged/2.5.0/aopalliance-repackaged-2.5.0.jar:/home/user/.m2/repository/com/fasterxml/jackson/dataformat/jackson-dataformat-xml/2.9.0/jackson-dataformat-xml-2.9.0.jar:/home/user/.m2/repository/com/fasterxml/jackson/core/jackson-core/2.9.9/jackson-core-2.9.9.jar:/home/user/.m2/repository/com/fasterxml/jackson/module/jackson-module-jaxb-annotations/2.9.9/jackson-module-jaxb-annotations-2.9.9.jar:/home/user/.m2/repository/javax/enterprise/cdi-api/1.2/cdi-api-1.2.jar:/home/user/.m2/repository/javax/el/javax.el-api/3.0.0/javax.el-api-3.0.0.jar:/home/user/.m2/repository/javax/interceptor/javax.interceptor-api/1.2/javax.interceptor-api-1.2.jar:/home/user/.m2/repository/javax/inject/javax.inject/1/javax.inject-1.jar:/home/user/.m2/repository/com/sun/xml/bind/jaxb-impl/2.3.0.1/jaxb-impl-2.3.0.1.jar:/home/user/.m2/repository/com/sun/xml/bind/jaxb-core/2.3.0.1/jaxb-core-2.3.0.1.jar:/home/user/.m2/repository/javax/xml/bind/jaxb-api/2.3.0/jaxb-api-2.3.0.jar:/home/user/.m2/repository/javax/activation/activation/1.1.1/activation-1.1.1.jar:/home/user/.m2/repository/org/apache/hadoop/hadoop-ozone-csi/0.5.0-SNAPSHOT/hadoop-ozone-csi-0.5.0-SNAPSHOT.jar:/home/user/.m2/repository/com/google/protobuf/protobuf-java-util/3.5.1/protobuf-java-util-3.5.1.jar:/home/user/.m2/repository/org/apache/hadoop/hadoop-hdds-config/0.5.0-SNAPSHOT/hadoop-hdds-config-0.5.0-SNAPSHOT.jar:/home/user/.m2/repository/io/grpc/grpc-netty/1.17.1/grpc-netty-1.17.1.jar:/home/user/.m2/repository/io/grpc/grpc-core/1.17.1/grpc-core-1.17.1.jar:/home/user/.m2/repository/io/grpc/grpc-context/1.17.1/grpc-context-1.17.1.jar:/home/user/.m2/repository/com/google/errorprone/error_prone_annotations/2.2.0/error_prone_annotations-2.2.0.jar:/home/user/.m2/repository/org/codehaus/mojo/animal-sniffer-annotations/1.17/animal-sniffer-annotations-1.17.jar:/home/user/.m2/repository/io/opencensus/opencensus-api/0.17.0/opencensus-api-0.17.0.jar:/home/user/.m2/repository/io/opencensus/opencensus-contrib-grpc-metrics/0.17.0/opencensus-contrib-grpc-metrics-0.17.0.jar:/home/user/.m2/repository/io/netty/netty-codec-http2/4.1.30.Final/netty-codec-http2-4.1.30.Final.jar:/home/user/.m2/repository/io/netty/netty-codec-http/4.1.30.Final/netty-codec-http-4.1.30.Final.jar:/home/user/.m2/repository/io/netty/netty-codec/4.1.30.Final/netty-codec-4.1.30.Final.jar:/home/user/.m2/repository/io/netty/netty-handler/4.1.30.Final/netty-handler-4.1.30.Final.jar:/home/user/.m2/repository/io/netty/netty-handler-proxy/4.1.30.Final/netty-handler-proxy-4.1.30.Final.jar:/home/user/.m2/repository/io/netty/netty-codec-socks/4.1.30.Final/netty-codec-socks-4.1.30.Final.jar:/home/user/.m2/repository/io/netty/netty-transport-native-epoll/4.1.30.Final/netty-transport-native-epoll-4.1.30.Final.jar:/home/user/.m2/repository/io/netty/netty-common/4.1.30.Final/netty-common-4.1.30.Final.jar:/home/user/.m2/repository/io/netty/netty-buffer/4.1.30.Final/netty-buffer-4.1.30.Final.jar:/home/user/.m2/repository/io/netty/netty-transport/4.1.30.Final/netty-transport-4.1.30.Final.jar:/home/user/.m2/repository/io/netty/netty-resolver/4.1.30.Final/netty-resolver-4.1.30.Final.jar:/home/user/.m2/repository/io/netty/netty-transport-native-unix-common/4.1.30.Final/netty-transport-native-unix-common-4.1.30.Final.jar:/home/user/.m2/repository/io/grpc/grpc-protobuf/1.17.1/grpc-protobuf-1.17.1.jar:/home/user/.m2/repository/com/google/api/grpc/proto-google-common-protos/1.0.0/proto-google-common-protos-1.0.0.jar:/home/user/.m2/repository/io/grpc/grpc-protobuf-lite/1.17.1/grpc-protobuf-lite-1.17.1.jar:/home/user/.m2/repository/io/grpc/grpc-stub/1.17.1/grpc-stub-1.17.1.jar:/home/user/.m2/repository/org/apache/hadoop/hadoop-ozone-recon/0.5.0-SNAPSHOT/hadoop-ozone-recon-0.5.0-SNAPSHOT.jar:/home/user/.m2/repository/org/apache/hadoop/hadoop-ozone-reconcodegen/0.5.0-SNAPSHOT/hadoop-ozone-reconcodegen-0.5.0-SNAPSHOT.jar:/home/user/.m2/repository/com/google/inject/extensions/guice-multibindings/4.0/guice-multibindings-4.0.jar:/home/user/.m2/repository/com/google/inject/guice/4.0/guice-4.0.jar:/home/user/.m2/repository/aopalliance/aopalliance/1.0/aopalliance-1.0.jar:/home/user/.m2/repository/com/google/inject/extensions/guice-servlet/4.0/guice-servlet-4.0.jar:/home/user/.m2/repository/org/glassfish/jersey/containers/jersey-container-servlet/2.27/jersey-container-servlet-2.27.jar:/home/user/.m2/repository/org/glassfish/hk2/guice-bridge/2.5.0/guice-bridge-2.5.0.jar:/home/user/.m2/repository/org/glassfish/jersey/core/jersey-server/2.27/jersey-server-2.27.jar:/home/user/.m2/repository/org/glassfish/jersey/core/jersey-client/2.27/jersey-client-2.27.jar:/home/user/.m2/repository/org/glassfish/jersey/media/jersey-media-jaxb/2.27/jersey-media-jaxb-2.27.jar:/home/user/.m2/repository/javax/validation/validation-api/1.1.0.Final/validation-api-1.1.0.Final.jar:/home/user/.m2/repository/org/glassfish/jersey/media/jersey-media-json-jackson/2.27/jersey-media-json-jackson-2.27.jar:/home/user/.m2/repository/org/glassfish/jersey/ext/jersey-entity-filtering/2.27/jersey-entity-filtering-2.27.jar:/home/user/.m2/repository/com/google/inject/extensions/guice-assistedinject/4.0/guice-assistedinject-4.0.jar:/home/user/.m2/repository/org/jooq/jooq/3.11.10/jooq-3.11.10.jar:/home/user/.m2/repository/org/jooq/jooq-meta/3.11.10/jooq-meta-3.11.10.jar:/home/user/.m2/repository/org/jooq/jooq-codegen/3.11.10/jooq-codegen-3.11.10.jar:/home/user/.m2/repository/com/jolbox/bonecp/0.8.0.RELEASE/bonecp-0.8.0.RELEASE.jar:/home/user/.m2/repository/org/xerial/sqlite-jdbc/3.25.2/sqlite-jdbc-3.25.2.jar:/home/user/.m2/repository/org/springframework/spring-jdbc/5.1.3.RELEASE/spring-jdbc-5.1.3.RELEASE.jar:/home/user/.m2/repository/org/springframework/spring-beans/5.1.3.RELEASE/spring-beans-5.1.3.RELEASE.jar:/home/user/.m2/repository/org/springframework/spring-core/5.1.3.RELEASE/spring-core-5.1.3.RELEASE.jar:/home/user/.m2/repository/org/springframework/spring-jcl/5.1.3.RELEASE/spring-jcl-5.1.3.RELEASE.jar:/home/user/.m2/repository/org/springframework/spring-tx/5.1.3.RELEASE/spring-tx-5.1.3.RELEASE.jar:/home/user/.m2/repository/org/apache/hadoop/hadoop-ozone-client/0.5.0-SNAPSHOT/hadoop-ozone-client-0.5.0-SNAPSHOT.jar:/home/user/.m2/repository/commons-lang/commons-lang/2.6/commons-lang-2.6.jar:/home/user/.m2/repository/org/apache/hadoop/hadoop-ozone-ozone-manager/0.5.0-SNAPSHOT/hadoop-ozone-ozone-manager-0.5.0-SNAPSHOT-tests.jar:/home/user/.m2/repository/junit/junit/4.11/junit-4.11.jar:/home/user/.m2/repository/org/hamcrest/hamcrest-core/1.3/hamcrest-core-1.3.jar:/home/user/.m2/repository/org/openjdk/jmh/jmh-core/1.19/jmh-core-1.19.jar:/home/user/.m2/repository/net/sf/jopt-simple/jopt-simple/4.6/jopt-simple-4.6.jar:/home/user/.m2/repository/org/apache/commons/commons-math3/3.1.1/commons-math3-3.1.1.jar:/home/user/.m2/repository/org/openjdk/jmh/jmh-generator-annprocess/1.19/jmh-generator-annprocess-1.19.jar:/home/user/.m2/repository/org/mockito/mockito-all/1.8.5/mockito-all-1.8.5.jar:/home/user/.m2/repository/org/apache/hadoop/hadoop-kms/3.2.0/hadoop-kms-3.2.0.jar:/home/user/.m2/repository/org/apache/hadoop/hadoop-auth/3.2.0/hadoop-auth-3.2.0.jar:/home/user/.m2/repository/com/nimbusds/nimbus-jose-jwt/4.41.1/nimbus-jose-jwt-4.41.1.jar:/home/user/.m2/repository/com/github/stephenc/jcip/jcip-annotations/1.0-1/jcip-annotations-1.0-1.jar:/home/user/.m2/repository/net/minidev/json-smart/2.3/json-smart-2.3.jar:/home/user/.m2/repository/net/minidev/accessors-smart/1.2/accessors-smart-1.2.jar:/home/user/.m2/repository/org/ow2/asm/asm/5.0.4/asm-5.0.4.jar:/home/user/.m2/repository/org/apache/curator/curator-framework/2.12.0/curator-framework-2.12.0.jar:/home/user/.m2/repository/com/sun/jersey/jersey-core/1.19/jersey-core-1.19.jar:/home/user/.m2/repository/javax/ws/rs/jsr311-api/1.1.1/jsr311-api-1.1.1.jar:/home/user/.m2/repository/com/sun/jersey/jersey-server/1.19/jersey-server-1.19.jar:/home/user/.m2/repository/javax/servlet/javax.servlet-api/3.1.0/javax.servlet-api-3.1.0.jar:/home/user/.m2/repository/org/eclipse/jetty/jetty-server/9.3.25.v20180904/jetty-server-9.3.25.v20180904.jar:/home/user/.m2/repository/org/eclipse/jetty/jetty-http/9.3.25.v20180904/jetty-http-9.3.25.v20180904.jar:/home/user/.m2/repository/org/eclipse/jetty/jetty-io/9.3.25.v20180904/jetty-io-9.3.25.v20180904.jar:/home/user/.m2/repository/org/eclipse/jetty/jetty-webapp/9.3.25.v20180904/jetty-webapp-9.3.25.v20180904.jar:/home/user/.m2/repository/org/eclipse/jetty/jetty-xml/9.3.25.v20180904/jetty-xml-9.3.25.v20180904.jar:/home/user/.m2/repository/log4j/log4j/1.2.17/log4j-1.2.17.jar:/home/user/.m2/repository/org/slf4j/slf4j-api/1.7.25/slf4j-api-1.7.25.jar:/home/user/.m2/repository/org/slf4j/jul-to-slf4j/1.7.25/jul-to-slf4j-1.7.25.jar:/home/user/.m2/repository/org/eclipse/jetty/jetty-util/9.3.25.v20180904/jetty-util-9.3.25.v20180904.jar:/home/user/.m2/repository/com/fasterxml/jackson/core/jackson-databind/2.9.9/jackson-databind-2.9.9.jar:/home/user/.m2/repository/org/apache/hadoop/hadoop-kms/3.2.0/hadoop-kms-3.2.0-tests.jar:/home/user/.m2/repository/org/apache/hadoop/hadoop-hdds-server-scm/0.5.0-SNAPSHOT/hadoop-hdds-server-scm-0.5.0-SNAPSHOT-tests.jar:/home/user/.m2/repository/org/apache/hadoop/hadoop-hdds-container-service/0.5.0-SNAPSHOT/hadoop-hdds-container-service-0.5.0-SNAPSHOT-tests.jar:/home/user/.m2/repository/org/yaml/snakeyaml/1.16/snakeyaml-1.16.jar:/home/user/.m2/repository/org/apache/hadoop/hadoop-common/3.2.0/hadoop-common-3.2.0-tests.jar:/home/user/.m2/repository/org/apache/hadoop/hadoop-annotations/3.2.0/hadoop-annotations-3.2.0.jar:/usr/lib/jvm/java-1.8-openjdk/jre/../lib/tools.jar:/home/user/.m2/repository/commons-cli/commons-cli/1.2/commons-cli-1.2.jar:/home/user/.m2/repository/org/apache/httpcomponents/httpclient/4.5.2/httpclient-4.5.2.jar:/home/user/.m2/repository/org/apache/httpcomponents/httpcore/4.4.4/httpcore-4.4.4.jar:/home/user/.m2/repository/commons-codec/commons-codec/1.11/commons-codec-1.11.jar:/home/user/.m2/repository/commons-net/commons-net/3.6/commons-net-3.6.jar:/home/user/.m2/repository/commons-collections/commons-collections/3.2.2/commons-collections-3.2.2.jar:/home/user/.m2/repository/org/eclipse/jetty/jetty-servlet/9.3.25.v20180904/jetty-servlet-9.3.25.v20180904.jar:/home/user/.m2/repository/org/eclipse/jetty/jetty-security/9.3.25.v20180904/jetty-security-9.3.25.v20180904.jar:/home/user/.m2/repository/javax/servlet/jsp/jsp-api/2.1/jsp-api-2.1.jar:/home/user/.m2/repository/com/sun/jersey/jersey-servlet/1.19/jersey-servlet-1.19.jar:/home/user/.m2/repository/com/sun/jersey/jersey-json/1.19/jersey-json-1.19.jar:/home/user/.m2/repository/org/codehaus/jettison/jettison/1.1/jettison-1.1.jar:/home/user/.m2/repository/org/codehaus/jackson/jackson-core-asl/1.9.13/jackson-core-asl-1.9.13.jar:/home/user/.m2/repository/org/codehaus/jackson/jackson-mapper-asl/1.9.13/jackson-mapper-asl-1.9.13.jar:/home/user/.m2/repository/org/codehaus/jackson/jackson-jaxrs/1.9.13/jackson-jaxrs-1.9.13.jar:/home/user/.m2/repository/org/codehaus/jackson/jackson-xc/1.9.13/jackson-xc-1.9.13.jar:/home/user/.m2/repository/commons-logging/commons-logging/1.1.3/commons-logging-1.1.3.jar:/home/user/.m2/repository/commons-beanutils/commons-beanutils/1.9.4/commons-beanutils-1.9.4.jar:/home/user/.m2/repository/org/apache/commons/commons-configuration2/2.1.1/commons-configuration2-2.1.1.jar:/home/user/.m2/repository/org/apache/commons/commons-lang3/3.7/commons-lang3-3.7.jar:/home/user/.m2/repository/org/apache/commons/commons-text/1.4/commons-text-1.4.jar:/home/user/.m2/repository/org/apache/avro/avro/1.7.7/avro-1.7.7.jar:/home/user/.m2/repository/com/thoughtworks/paranamer/paranamer/2.3/paranamer-2.3.jar:/home/user/.m2/repository/org/xerial/snappy/snappy-java/1.0.5/snappy-java-1.0.5.jar:/home/user/.m2/repository/com/google/re2j/re2j/1.1/re2j-1.1.jar:/home/user/.m2/repository/com/google/code/gson/gson/2.2.4/gson-2.2.4.jar:/home/user/.m2/repository/com/jcraft/jsch/0.1.54/jsch-0.1.54.jar:/home/user/.m2/repository/org/apache/curator/curator-client/2.12.0/curator-client-2.12.0.jar:/home/user/.m2/repository/org/apache/curator/curator-recipes/2.12.0/curator-recipes-2.12.0.jar:/home/user/.m2/repository/com/google/code/findbugs/jsr305/3.0.0/jsr305-3.0.0.jar:/home/user/.m2/repository/org/apache/htrace/htrace-core4/4.1.0-incubating/htrace-core4-4.1.0-incubating.jar:/home/user/.m2/repository/org/apache/zookeeper/zookeeper/3.4.13/zookeeper-3.4.13.jar:/home/user/.m2/repository/jline/jline/0.9.94/jline-0.9.94.jar:/home/user/.m2/repository/org/apache/yetus/audience-annotations/0.5.0/audience-annotations-0.5.0.jar:/home/user/.m2/repository/org/codehaus/woodstox/stax2-api/3.1.4/stax2-api-3.1.4.jar:/home/user/.m2/repository/com/fasterxml/woodstox/woodstox-core/5.0.3/woodstox-core-5.0.3.jar:/home/user/.m2/repository/dnsjava/dnsjava/2.1.7/dnsjava-2.1.7.jar:/home/user/.m2/repository/org/apache/hadoop/hadoop-hdfs/3.2.0/hadoop-hdfs-3.2.0-tests.jar:/home/user/.m2/repository/org/eclipse/jetty/jetty-util-ajax/9.3.25.v20180904/jetty-util-ajax-9.3.25.v20180904.jar:/home/user/.m2/repository/commons-daemon/commons-daemon/1.0.13/commons-daemon-1.0.13.jar:/home/user/.m2/repository/io/netty/netty/3.10.5.Final/netty-3.10.5.Final.jar:/home/user/.m2/repository/io/netty/netty-all/4.0.52.Final/netty-all-4.0.52.Final.jar:/home/user/.m2/repository/org/fusesource/leveldbjni/leveldbjni-all/1.8/leveldbjni-all-1.8.jar:"/>
    <property name="sun.cpu.endian" value="little"/>
    <property name="user.home" value="/home/user"/>
    <property name="user.language" value="en"/>
    <property name="java.specification.vendor" value="Oracle Corporation"/>
    <property name="java.home" value="/usr/lib/jvm/java-1.8-openjdk/jre"/>
    <property name="java.security.krb5.conf" value="/workdir/hadoop-ozone/integration-test/target/test-classes/krb5.conf"/>
    <property name="basedir" value="/workdir/hadoop-ozone/integration-test"/>
    <property name="file.separator" value="/"/>
    <property name="line.separator" value="&#10;"/>
    <property name="java.vm.specification.vendor" value="Oracle Corporation"/>
    <property name="java.specification.name" value="Java Platform API Specification"/>
    <property name="java.awt.graphicsenv" value="sun.awt.X11GraphicsEnvironment"/>
    <property name="surefire.real.class.path" value="/workdir/hadoop-ozone/integration-test/target/surefire/surefirebooter3124739014390599182.jar"/>
    <property name="hadoop.log.dir" value="/workdir/hadoop-ozone/integration-test/target/log"/>
    <property name="sun.boot.class.path" value="/usr/lib/jvm/java-1.8-openjdk/jre/lib/resources.jar:/usr/lib/jvm/java-1.8-openjdk/jre/lib/rt.jar:/usr/lib/jvm/java-1.8-openjdk/jre/lib/sunrsasign.jar:/usr/lib/jvm/java-1.8-openjdk/jre/lib/jsse.jar:/usr/lib/jvm/java-1.8-openjdk/jre/lib/jce.jar:/usr/lib/jvm/java-1.8-openjdk/jre/lib/charsets.jar:/usr/lib/jvm/java-1.8-openjdk/jre/lib/jfr.jar:/usr/lib/jvm/java-1.8-openjdk/jre/classes"/>
    <property name="sun.management.compiler" value="HotSpot 64-Bit Tiered Compilers"/>
    <property name="java.runtime.version" value="1.8.0_212-b04"/>
    <property name="java.net.preferIPv4Stack" value="true"/>
    <property name="user.name" value="jenkins1000"/>
    <property name="path.separator" value=":"/>
    <property name="java.security.egd" value="file:///dev/urandom"/>
    <property name="os.version" value="3.10.0-957.12.2.el7.x86_64"/>
    <property name="java.endorsed.dirs" value="/usr/lib/jvm/java-1.8-openjdk/jre/lib/endorsed"/>
    <property name="java.runtime.name" value="OpenJDK Runtime Environment"/>
    <property name="file.encoding" value="UTF-8"/>
    <property name="java.vm.name" value="OpenJDK 64-Bit Server VM"/>
    <property name="test.build.webapps" value=""/>
    <property name="localRepository" value="/home/user/.m2/repository"/>
    <property name="java.vendor.url.bug" value="https://icedtea.classpath.org/bugzilla"/>
    <property name="java.io.tmpdir" value="/tmp"/>
    <property name="require.test.libhadoop" value=""/>
    <property name="java.version" value="1.8.0_212"/>
    <property name="user.dir" value="/workdir/hadoop-ozone/integration-test"/>
    <property name="os.arch" value="amd64"/>
    <property name="java.vm.specification.name" value="Java Virtual Machine Specification"/>
    <property name="test.build.classes" value="/workdir/hadoop-ozone/integration-test/target/test-classes"/>
    <property name="java.awt.printerjob" value="sun.print.PSPrinterJob"/>
    <property name="sun.os.patch.level" value="unknown"/>
    <property name="hadoop.tmp.dir" value="/workdir/hadoop-ozone/integration-test/target/tmp"/>
    <property name="java.library.path" value="/usr/lib/jvm/java-1.8-openjdk/jre/lib/amd64/server:/usr/lib/jvm/java-1.8-openjdk/jre/lib/amd64:/usr/lib/jvm/java-1.8-openjdk/jre/../lib/amd64:/workdir/hadoop-ozone/integration-test/target/native/target/usr/local/lib:/workdir/hadoop-ozone/integration-test/../../hadoop-common-project/hadoop-common/target/native/target/usr/local/lib:/usr/java/packages/lib/amd64:/usr/lib64:/lib64:/lib:/usr/lib"/>
    <property name="java.vm.info" value="mixed mode"/>
    <property name="java.vendor" value="IcedTea"/>
    <property name="java.vm.version" value="25.212-b04"/>
    <property name="java.ext.dirs" value="/usr/lib/jvm/java-1.8-openjdk/jre/lib/ext:/usr/java/packages/lib/ext"/>
    <property name="sun.io.unicode.encoding" value="UnicodeLittle"/>
    <property name="java.class.version" value="52.0"/>
  </properties>
  <testcase name="testWatchForCommitWithKeyWrite" classname="org.apache.hadoop.ozone.client.rpc.TestWatchForCommit" time="84.815"/>
  <testcase name="testWatchForCommitWithSmallerTimeoutValue" classname="org.apache.hadoop.ozone.client.rpc.TestWatchForCommit" time="25.188">
    <error message="org.apache.ratis.protocol.RaftRetryFailureException: Failed RaftClientRequest:client-72B3A88AE183-&gt;95a8ec7c-881c-4c51-b165-923478414dcb@group-6A5CE594FF54, cid=50, seq=1*, RW, org.apache.hadoop.hdds.scm.XceiverClientRatis$$Lambda$685/24532316@63926586 for 20 attempts with RetryLimited(maxAttempts=20, sleepTime=1000ms)" type="java.util.concurrent.ExecutionException">java.util.concurrent.ExecutionException: org.apache.ratis.protocol.RaftRetryFailureException: Failed RaftClientRequest:client-72B3A88AE183->95a8ec7c-881c-4c51-b165-923478414dcb@group-6A5CE594FF54, cid=50, seq=1*, RW, org.apache.hadoop.hdds.scm.XceiverClientRatis$$Lambda$685/24532316@63926586 for 20 attempts with RetryLimited(maxAttempts=20, sleepTime=1000ms)
	at java.util.concurrent.CompletableFuture.reportGet(CompletableFuture.java:357)
	at java.util.concurrent.CompletableFuture.get(CompletableFuture.java:1895)
	at org.apache.hadoop.ozone.client.rpc.TestWatchForCommit.testWatchForCommitWithSmallerTimeoutValue(TestWatchForCommit.java:293)
	at sun.reflect.NativeMethodAccessorImpl.invoke0(Native Method)
	at sun.reflect.NativeMethodAccessorImpl.invoke(NativeMethodAccessorImpl.java:62)
	at sun.reflect.DelegatingMethodAccessorImpl.invoke(DelegatingMethodAccessorImpl.java:43)
	at java.lang.reflect.Method.invoke(Method.java:498)
	at org.junit.runners.model.FrameworkMethod$1.runReflectiveCall(FrameworkMethod.java:47)
	at org.junit.internal.runners.model.ReflectiveCallable.run(ReflectiveCallable.java:12)
	at org.junit.runners.model.FrameworkMethod.invokeExplosively(FrameworkMethod.java:44)
	at org.junit.internal.runners.statements.InvokeMethod.evaluate(InvokeMethod.java:17)
	at org.junit.runners.ParentRunner.runLeaf(ParentRunner.java:271)
	at org.junit.runners.BlockJUnit4ClassRunner.runChild(BlockJUnit4ClassRunner.java:70)
	at org.junit.runners.BlockJUnit4ClassRunner.runChild(BlockJUnit4ClassRunner.java:50)
	at org.junit.runners.ParentRunner$3.run(ParentRunner.java:238)
	at org.junit.runners.ParentRunner$1.schedule(ParentRunner.java:63)
	at org.junit.runners.ParentRunner.runChildren(ParentRunner.java:236)
	at org.junit.runners.ParentRunner.access$000(ParentRunner.java:53)
	at org.junit.runners.ParentRunner$2.evaluate(ParentRunner.java:229)
	at org.junit.runners.ParentRunner.run(ParentRunner.java:309)
	at org.apache.maven.surefire.junit4.JUnit4Provider.execute(JUnit4Provider.java:365)
	at org.apache.maven.surefire.junit4.JUnit4Provider.executeWithRerun(JUnit4Provider.java:273)
	at org.apache.maven.surefire.junit4.JUnit4Provider.executeTestSet(JUnit4Provider.java:238)
	at org.apache.maven.surefire.junit4.JUnit4Provider.invoke(JUnit4Provider.java:159)
	at org.apache.maven.surefire.booter.ForkedBooter.invokeProviderInSameClassLoader(ForkedBooter.java:384)
	at org.apache.maven.surefire.booter.ForkedBooter.runSuitesInProcess(ForkedBooter.java:345)
	at org.apache.maven.surefire.booter.ForkedBooter.execute(ForkedBooter.java:126)
	at org.apache.maven.surefire.booter.ForkedBooter.main(ForkedBooter.java:418)
Caused by: org.apache.ratis.protocol.RaftRetryFailureException: Failed RaftClientRequest:client-72B3A88AE183->95a8ec7c-881c-4c51-b165-923478414dcb@group-6A5CE594FF54, cid=50, seq=1*, RW, org.apache.hadoop.hdds.scm.XceiverClientRatis$$Lambda$685/24532316@63926586 for 20 attempts with RetryLimited(maxAttempts=20, sleepTime=1000ms)
	at org.apache.ratis.client.impl.RaftClientImpl.noMoreRetries(RaftClientImpl.java:271)
	at org.apache.ratis.client.impl.OrderedAsync.handleAsyncRetryFailure(OrderedAsync.java:138)
	at org.apache.ratis.client.impl.OrderedAsync.lambda$sendRequest$10(OrderedAsync.java:230)
	at java.util.concurrent.CompletableFuture.uniExceptionally(CompletableFuture.java:870)
	at java.util.concurrent.CompletableFuture$UniExceptionally.tryFire(CompletableFuture.java:852)
	at java.util.concurrent.CompletableFuture.postComplete(CompletableFuture.java:474)
	at java.util.concurrent.CompletableFuture.completeExceptionally(CompletableFuture.java:1977)
	at org.apache.ratis.grpc.client.GrpcClientProtocolClient$AsyncStreamObservers.completeReplyExceptionally(GrpcClientProtocolClient.java:345)
	at org.apache.ratis.grpc.client.GrpcClientProtocolClient$AsyncStreamObservers.access$000(GrpcClientProtocolClient.java:261)
	at org.apache.ratis.grpc.client.GrpcClientProtocolClient$AsyncStreamObservers$1.onNext(GrpcClientProtocolClient.java:273)
	at org.apache.ratis.grpc.client.GrpcClientProtocolClient$AsyncStreamObservers$1.onNext(GrpcClientProtocolClient.java:264)
	at org.apache.ratis.thirdparty.io.grpc.stub.ClientCalls$StreamObserverToCallListenerAdapter.onMessage(ClientCalls.java:421)
	at org.apache.ratis.thirdparty.io.grpc.ForwardingClientCallListener.onMessage(ForwardingClientCallListener.java:33)
	at org.apache.ratis.thirdparty.io.grpc.ForwardingClientCallListener.onMessage(ForwardingClientCallListener.java:33)
	at org.apache.ratis.thirdparty.io.grpc.internal.ClientCallImpl$ClientStreamListenerImpl$1MessagesAvailable.runInContext(ClientCallImpl.java:519)
	at org.apache.ratis.thirdparty.io.grpc.internal.ContextRunnable.run(ContextRunnable.java:37)
	at org.apache.ratis.thirdparty.io.grpc.internal.SerializingExecutor.run(SerializingExecutor.java:123)
	at java.util.concurrent.ThreadPoolExecutor.runWorker(ThreadPoolExecutor.java:1149)
	at java.util.concurrent.ThreadPoolExecutor$Worker.run(ThreadPoolExecutor.java:624)
	at java.lang.Thread.run(Thread.java:748)
Caused by: org.apache.ratis.protocol.NotLeaderException: Server 95a8ec7c-881c-4c51-b165-923478414dcb@group-6A5CE594FF54 is not the leader
	at org.apache.ratis.client.impl.ClientProtoUtils.toRaftClientReply(ClientProtoUtils.java:243)
	at org.apache.ratis.grpc.client.GrpcClientProtocolClient$AsyncStreamObservers$1.onNext(GrpcClientProtocolClient.java:269)
	... 10 more
</error>
    <system-out><![CDATA[2019-10-14 11:02:26,065 [main] WARN  server.ServerUtils (ServerUtils.java:getScmDbDir(145)) - ozone.scm.db.dirs is not configured. We recommend adding this setting. Falling back to ozone.metadata.dirs instead.
2019-10-14 11:02:26,092 [main] WARN  server.ServerUtils (ServerUtils.java:getScmDbDir(145)) - ozone.scm.db.dirs is not configured. We recommend adding this setting. Falling back to ozone.metadata.dirs instead.
2019-10-14 11:02:26,093 [main] WARN  server.ServerUtils (ServerUtils.java:getScmDbDir(145)) - ozone.scm.db.dirs is not configured. We recommend adding this setting. Falling back to ozone.metadata.dirs instead.
2019-10-14 11:02:26,093 [main] INFO  db.DBStoreBuilder (DBStoreBuilder.java:addTable(117)) - using custom profile for table: deletedBlocks
2019-10-14 11:02:26,094 [main] INFO  db.DBStoreBuilder (DBStoreBuilder.java:processTables(168)) - Using default column profile:DBProfile.DISK for Table:deletedBlocks
2019-10-14 11:02:26,094 [main] INFO  db.DBStoreBuilder (DBStoreBuilder.java:addTable(117)) - using custom profile for table: validCerts
2019-10-14 11:02:26,094 [main] INFO  db.DBStoreBuilder (DBStoreBuilder.java:processTables(168)) - Using default column profile:DBProfile.DISK for Table:validCerts
2019-10-14 11:02:26,094 [main] INFO  db.DBStoreBuilder (DBStoreBuilder.java:addTable(117)) - using custom profile for table: revokedCerts
2019-10-14 11:02:26,094 [main] INFO  db.DBStoreBuilder (DBStoreBuilder.java:processTables(168)) - Using default column profile:DBProfile.DISK for Table:revokedCerts
2019-10-14 11:02:26,095 [main] INFO  db.DBStoreBuilder (DBStoreBuilder.java:addTable(117)) - using custom profile for table: default
2019-10-14 11:02:26,095 [main] INFO  db.DBStoreBuilder (DBStoreBuilder.java:processTables(174)) - Using default column profile:DBProfile.DISK for Table:default
2019-10-14 11:02:26,095 [main] INFO  db.DBStoreBuilder (DBStoreBuilder.java:getDbProfile(205)) - Using default options. DBProfile.DISK
2019-10-14 11:02:26,237 [main] INFO  net.NodeSchemaLoader (NodeSchemaLoader.java:loadSchemaFromFile(125)) - Loading file from sun.misc.CompoundEnumeration@3e8b3b79
2019-10-14 11:02:26,237 [main] INFO  net.NodeSchemaLoader (NodeSchemaLoader.java:loadSchema(171)) - Loading network topology layer schema file
2019-10-14 11:02:26,241 [main] WARN  server.ServerUtils (ServerUtils.java:sanitizeUserArgs(70)) - ozone.scm.stale.node.interval value = 300000 is larger than max = 100000 based on the key value of ozone.scm.heartbeat.thread.interval, reset to the max value 100000.
2019-10-14 11:02:26,241 [main] WARN  server.ServerUtils (ServerUtils.java:sanitizeUserArgs(70)) - ozone.scm.stale.node.interval value = 300000 is larger than max = 100000 based on the key value of ozone.scm.heartbeat.thread.interval, reset to the max value 100000.
2019-10-14 11:02:26,241 [main] INFO  node.SCMNodeManager (SCMNodeManager.java:<init>(117)) - Entering startup safe mode.
2019-10-14 11:02:26,242 [main] INFO  algorithms.ContainerPlacementPolicyFactory (ContainerPlacementPolicyFactory.java:getPolicy(57)) - Create container placement policy of type org.apache.hadoop.hdds.scm.container.placement.algorithms.SCMContainerPlacementRandom
2019-10-14 11:02:26,243 [main] WARN  server.ServerUtils (ServerUtils.java:getScmDbDir(145)) - ozone.scm.db.dirs is not configured. We recommend adding this setting. Falling back to ozone.metadata.dirs instead.
2019-10-14 11:02:26,288 [main] INFO  pipeline.SCMPipelineManager (SCMPipelineManager.java:initializePipelineState(132)) - No pipeline exists in current db
2019-10-14 11:02:26,288 [main] WARN  server.ServerUtils (ServerUtils.java:getScmDbDir(145)) - ozone.scm.db.dirs is not configured. We recommend adding this setting. Falling back to ozone.metadata.dirs instead.
2019-10-14 11:02:26,335 [main] WARN  events.EventQueue (EventQueue.java:fireEvent(183)) - No event handler registered for event TypedEvent{payloadType=SafeModeStatus, name='SafeModeStatus'}
2019-10-14 11:02:26,336 [main] INFO  ipc.CallQueueManager (CallQueueManager.java:<init>(84)) - Using callQueue: class java.util.concurrent.LinkedBlockingQueue, queueCapacity: 2000, scheduler: class org.apache.hadoop.ipc.DefaultRpcScheduler, ipcBackoff: false.
2019-10-14 11:02:26,337 [Socket Reader #1 for port 39190] INFO  ipc.Server (Server.java:run(1074)) - Starting Socket Reader #1 for port 39190
2019-10-14 11:02:26,338 [main] INFO  ipc.CallQueueManager (CallQueueManager.java:<init>(84)) - Using callQueue: class java.util.concurrent.LinkedBlockingQueue, queueCapacity: 2000, scheduler: class org.apache.hadoop.ipc.DefaultRpcScheduler, ipcBackoff: false.
2019-10-14 11:02:26,339 [Socket Reader #1 for port 36124] INFO  ipc.Server (Server.java:run(1074)) - Starting Socket Reader #1 for port 36124
2019-10-14 11:02:26,340 [main] INFO  ipc.CallQueueManager (CallQueueManager.java:<init>(84)) - Using callQueue: class java.util.concurrent.LinkedBlockingQueue, queueCapacity: 2000, scheduler: class org.apache.hadoop.ipc.DefaultRpcScheduler, ipcBackoff: false.
2019-10-14 11:02:26,340 [Socket Reader #1 for port 42085] INFO  ipc.Server (Server.java:run(1074)) - Starting Socket Reader #1 for port 42085
2019-10-14 11:02:26,342 [main] INFO  hdfs.DFSUtil (DFSUtil.java:httpServerTemplateForNNAndJN(1641)) - Starting Web-server for scm at: http://0.0.0.0:0
2019-10-14 11:02:26,345 [main] INFO  server.AuthenticationFilter (AuthenticationFilter.java:constructSecretProvider(240)) - Unable to initialize FileSignerSecretProvider, falling back to use random secrets.
2019-10-14 11:02:26,346 [main] WARN  http.HttpRequestLog (HttpRequestLog.java:getRequestLog(97)) - Jetty request log can only be enabled using Log4j
2019-10-14 11:02:26,349 [main] INFO  http.HttpServer2 (HttpServer2.java:addGlobalFilter(975)) - Added global filter 'safety' (class=org.apache.hadoop.http.HttpServer2$QuotingInputFilter)
2019-10-14 11:02:26,350 [main] INFO  http.HttpServer2 (HttpServer2.java:addFilter(948)) - Added filter static_user_filter (class=org.apache.hadoop.http.lib.StaticUserWebFilter$StaticUserFilter) to context scm
2019-10-14 11:02:26,350 [main] INFO  http.HttpServer2 (HttpServer2.java:addFilter(958)) - Added filter static_user_filter (class=org.apache.hadoop.http.lib.StaticUserWebFilter$StaticUserFilter) to context logs
2019-10-14 11:02:26,350 [main] INFO  http.HttpServer2 (HttpServer2.java:addFilter(958)) - Added filter static_user_filter (class=org.apache.hadoop.http.lib.StaticUserWebFilter$StaticUserFilter) to context static
2019-10-14 11:02:26,356 [main] INFO  server.StorageContainerManager (StorageContainerManager.java:start(775)) - StorageContainerLocationProtocol RPC server is listening at /0.0.0.0:42085
2019-10-14 11:02:26,360 [main] WARN  impl.MetricsConfig (MetricsConfig.java:loadFirst(134)) - Cannot locate configuration: tried hadoop-metrics2-storagecontainermanager.properties,hadoop-metrics2.properties
2019-10-14 11:02:26,361 [main] INFO  impl.MetricsSystemImpl (MetricsSystemImpl.java:startTimer(374)) - Scheduled Metric snapshot period at 10 second(s).
2019-10-14 11:02:26,362 [main] INFO  impl.MetricsSystemImpl (MetricsSystemImpl.java:start(191)) - StorageContainerManager metrics system started
2019-10-14 11:02:26,415 [main] WARN  impl.MetricsSystemImpl (MetricsSystemImpl.java:register(276)) - Sink prometheus already exists!
2019-10-14 11:02:26,420 [main] INFO  server.SCMClientProtocolServer (SCMClientProtocolServer.java:start(159)) - RPC server for Client  is listening at /0.0.0.0:42085
2019-10-14 11:02:26,421 [IPC Server Responder] INFO  ipc.Server (Server.java:run(1314)) - IPC Server Responder: starting
2019-10-14 11:02:26,422 [IPC Server listener on 42085] INFO  ipc.Server (Server.java:run(1153)) - IPC Server listener on 42085: starting
2019-10-14 11:02:26,425 [main] INFO  server.StorageContainerManager (StorageContainerManager.java:start(785)) - ScmBlockLocationProtocol RPC server is listening at /0.0.0.0:36124
2019-10-14 11:02:26,425 [main] INFO  server.SCMBlockProtocolServer (SCMBlockProtocolServer.java:start(146)) - RPC server for Block Protocol is listening at /0.0.0.0:36124
2019-10-14 11:02:26,426 [IPC Server Responder] INFO  ipc.Server (Server.java:run(1314)) - IPC Server Responder: starting
2019-10-14 11:02:26,426 [IPC Server listener on 36124] INFO  ipc.Server (Server.java:run(1153)) - IPC Server listener on 36124: starting
2019-10-14 11:02:26,429 [main] INFO  server.StorageContainerManager (StorageContainerManager.java:start(789)) - ScmDatanodeProtocl RPC server is listening at /0.0.0.0:39190
2019-10-14 11:02:26,429 [main] INFO  server.SCMDatanodeProtocolServer (SCMDatanodeProtocolServer.java:start(169)) - RPC server for DataNodes is listening at /0.0.0.0:39190
2019-10-14 11:02:26,430 [IPC Server Responder] INFO  ipc.Server (Server.java:run(1314)) - IPC Server Responder: starting
2019-10-14 11:02:26,430 [IPC Server listener on 39190] INFO  ipc.Server (Server.java:run(1153)) - IPC Server listener on 39190: starting
2019-10-14 11:02:26,434 [main] INFO  http.HttpServer2 (HttpServer2.java:bindListener(1191)) - Jetty bound to port 35183
2019-10-14 11:02:26,434 [main] INFO  server.Server (Server.java:doStart(351)) - jetty-9.3.25.v20180904, build timestamp: 2018-09-04T21:11:46Z, git hash: 3ce520221d0240229c862b122d2b06c12a625732
2019-10-14 11:02:26,437 [main] INFO  handler.ContextHandler (ContextHandler.java:doStart(781)) - Started o.e.j.s.ServletContextHandler@7102ac3e{/logs,file:///workdir/hadoop-ozone/integration-test/target/log,AVAILABLE}
2019-10-14 11:02:26,438 [main] INFO  handler.ContextHandler (ContextHandler.java:doStart(781)) - Started o.e.j.s.ServletContextHandler@2db2a05f{/static,file:///workdir/hadoop-ozone/integration-test/target/test-classes/webapps/static,AVAILABLE}
2019-10-14 11:02:26,444 [main] INFO  handler.ContextHandler (ContextHandler.java:doStart(781)) - Started o.e.j.w.WebAppContext@4eb9f2af{/,file:///workdir/hadoop-ozone/integration-test/target/test-classes/webapps/scm/,AVAILABLE}{/scm}
2019-10-14 11:02:26,445 [main] INFO  server.AbstractConnector (AbstractConnector.java:doStart(278)) - Started ServerConnector@4a481728{HTTP/1.1,[http/1.1]}{0.0.0.0:35183}
2019-10-14 11:02:26,446 [main] INFO  server.Server (Server.java:doStart(419)) - Started @85585ms
2019-10-14 11:02:26,446 [main] WARN  impl.MetricsSystemImpl (MetricsSystemImpl.java:register(276)) - Sink prometheus already exists!
2019-10-14 11:02:26,447 [main] INFO  server.BaseHttpServer (BaseHttpServer.java:updateConnectorAddress(215)) - HTTP server of SCM is listening at http://0.0.0.0:35183
2019-10-14 11:02:26,448 [main] WARN  server.ServerUtils (ServerUtils.java:getDBPath(222)) - ozone.om.db.dirs is not configured. We recommend adding this setting. Falling back to ozone.metadata.dirs instead.
2019-10-14 11:02:26,448 [org.apache.hadoop.util.JvmPauseMonitor$Monitor@77fa9381] INFO  util.JvmPauseMonitor (JvmPauseMonitor.java:run(188)) - Starting JVM pause monitor
2019-10-14 11:02:26,462 [main] INFO  ha.OMHANodeDetails (OMHANodeDetails.java:loadOMHAConfig(190)) - Configuration either no ozone.om.address set. Falling back to the default OM address /127.0.0.1:0
2019-10-14 11:02:26,462 [main] INFO  ha.OMHANodeDetails (OMHANodeDetails.java:getOMNodeDetails(220)) - OM Service ID is not set. Setting it to the default ID: omServiceIdDefault
2019-10-14 11:02:26,462 [main] WARN  server.ServerUtils (ServerUtils.java:getDBPath(222)) - ozone.om.db.dirs is not configured. We recommend adding this setting. Falling back to ozone.metadata.dirs instead.
2019-10-14 11:02:26,463 [main] WARN  server.ServerUtils (ServerUtils.java:getDBPath(222)) - ozone.om.db.dirs is not configured. We recommend adding this setting. Falling back to ozone.metadata.dirs instead.
2019-10-14 11:02:26,470 [main] WARN  server.ServerUtils (ServerUtils.java:getDBPath(222)) - ozone.om.db.dirs is not configured. We recommend adding this setting. Falling back to ozone.metadata.dirs instead.
2019-10-14 11:02:26,471 [main] INFO  db.DBStoreBuilder (DBStoreBuilder.java:addTable(117)) - using custom profile for table: userTable
2019-10-14 11:02:26,471 [main] INFO  db.DBStoreBuilder (DBStoreBuilder.java:processTables(168)) - Using default column profile:DBProfile.DISK for Table:userTable
2019-10-14 11:02:26,471 [main] INFO  db.DBStoreBuilder (DBStoreBuilder.java:addTable(117)) - using custom profile for table: volumeTable
2019-10-14 11:02:26,472 [main] INFO  db.DBStoreBuilder (DBStoreBuilder.java:processTables(168)) - Using default column profile:DBProfile.DISK for Table:volumeTable
2019-10-14 11:02:26,472 [main] INFO  db.DBStoreBuilder (DBStoreBuilder.java:addTable(117)) - using custom profile for table: bucketTable
2019-10-14 11:02:26,472 [main] INFO  db.DBStoreBuilder (DBStoreBuilder.java:processTables(168)) - Using default column profile:DBProfile.DISK for Table:bucketTable
2019-10-14 11:02:26,472 [main] INFO  db.DBStoreBuilder (DBStoreBuilder.java:addTable(117)) - using custom profile for table: keyTable
2019-10-14 11:02:26,472 [main] INFO  db.DBStoreBuilder (DBStoreBuilder.java:processTables(168)) - Using default column profile:DBProfile.DISK for Table:keyTable
2019-10-14 11:02:26,472 [main] INFO  db.DBStoreBuilder (DBStoreBuilder.java:addTable(117)) - using custom profile for table: deletedTable
2019-10-14 11:02:26,473 [main] INFO  db.DBStoreBuilder (DBStoreBuilder.java:processTables(168)) - Using default column profile:DBProfile.DISK for Table:deletedTable
2019-10-14 11:02:26,473 [main] INFO  db.DBStoreBuilder (DBStoreBuilder.java:addTable(117)) - using custom profile for table: openKeyTable
2019-10-14 11:02:26,473 [main] INFO  db.DBStoreBuilder (DBStoreBuilder.java:processTables(168)) - Using default column profile:DBProfile.DISK for Table:openKeyTable
2019-10-14 11:02:26,473 [main] INFO  db.DBStoreBuilder (DBStoreBuilder.java:addTable(117)) - using custom profile for table: s3Table
2019-10-14 11:02:26,473 [main] INFO  db.DBStoreBuilder (DBStoreBuilder.java:processTables(168)) - Using default column profile:DBProfile.DISK for Table:s3Table
2019-10-14 11:02:26,474 [main] INFO  db.DBStoreBuilder (DBStoreBuilder.java:addTable(117)) - using custom profile for table: multipartInfoTable
2019-10-14 11:02:26,474 [main] INFO  db.DBStoreBuilder (DBStoreBuilder.java:processTables(168)) - Using default column profile:DBProfile.DISK for Table:multipartInfoTable
2019-10-14 11:02:26,474 [main] INFO  db.DBStoreBuilder (DBStoreBuilder.java:addTable(117)) - using custom profile for table: dTokenTable
2019-10-14 11:02:26,474 [main] INFO  db.DBStoreBuilder (DBStoreBuilder.java:processTables(168)) - Using default column profile:DBProfile.DISK for Table:dTokenTable
2019-10-14 11:02:26,474 [main] INFO  db.DBStoreBuilder (DBStoreBuilder.java:addTable(117)) - using custom profile for table: s3SecretTable
2019-10-14 11:02:26,474 [main] INFO  db.DBStoreBuilder (DBStoreBuilder.java:processTables(168)) - Using default column profile:DBProfile.DISK for Table:s3SecretTable
2019-10-14 11:02:26,475 [main] INFO  db.DBStoreBuilder (DBStoreBuilder.java:addTable(117)) - using custom profile for table: prefixTable
2019-10-14 11:02:26,475 [main] INFO  db.DBStoreBuilder (DBStoreBuilder.java:processTables(168)) - Using default column profile:DBProfile.DISK for Table:prefixTable
2019-10-14 11:02:26,475 [main] INFO  db.DBStoreBuilder (DBStoreBuilder.java:addTable(117)) - using custom profile for table: default
2019-10-14 11:02:26,475 [main] INFO  db.DBStoreBuilder (DBStoreBuilder.java:processTables(174)) - Using default column profile:DBProfile.DISK for Table:default
2019-10-14 11:02:26,475 [main] INFO  db.DBStoreBuilder (DBStoreBuilder.java:getDbProfile(205)) - Using default options. DBProfile.DISK
2019-10-14 11:02:26,806 [main] INFO  ipc.CallQueueManager (CallQueueManager.java:<init>(84)) - Using callQueue: class java.util.concurrent.LinkedBlockingQueue, queueCapacity: 2000, scheduler: class org.apache.hadoop.ipc.DefaultRpcScheduler, ipcBackoff: false.
2019-10-14 11:02:26,806 [Socket Reader #1 for port 33825] INFO  ipc.Server (Server.java:run(1074)) - Starting Socket Reader #1 for port 33825
2019-10-14 11:02:26,819 [main] INFO  om.OzoneManager (OzoneManager.java:start(1069)) - OzoneManager RPC server is listening at localhost/127.0.0.1:33825
2019-10-14 11:02:26,819 [main] INFO  impl.MetricsSystemImpl (MetricsSystemImpl.java:init(158)) - OzoneManager metrics system started (again)
2019-10-14 11:02:26,820 [IPC Server Responder] INFO  ipc.Server (Server.java:run(1314)) - IPC Server Responder: starting
2019-10-14 11:02:26,820 [IPC Server listener on 33825] INFO  ipc.Server (Server.java:run(1153)) - IPC Server listener on 33825: starting
2019-10-14 11:02:26,825 [main] INFO  hdfs.DFSUtil (DFSUtil.java:httpServerTemplateForNNAndJN(1641)) - Starting Web-server for ozoneManager at: http://0.0.0.0:0
2019-10-14 11:02:26,827 [main] INFO  server.AuthenticationFilter (AuthenticationFilter.java:constructSecretProvider(240)) - Unable to initialize FileSignerSecretProvider, falling back to use random secrets.
2019-10-14 11:02:26,828 [main] WARN  http.HttpRequestLog (HttpRequestLog.java:getRequestLog(97)) - Jetty request log can only be enabled using Log4j
2019-10-14 11:02:26,831 [main] INFO  http.HttpServer2 (HttpServer2.java:addGlobalFilter(975)) - Added global filter 'safety' (class=org.apache.hadoop.http.HttpServer2$QuotingInputFilter)
2019-10-14 11:02:26,831 [main] INFO  http.HttpServer2 (HttpServer2.java:addFilter(948)) - Added filter static_user_filter (class=org.apache.hadoop.http.lib.StaticUserWebFilter$StaticUserFilter) to context ozoneManager
2019-10-14 11:02:26,832 [main] INFO  http.HttpServer2 (HttpServer2.java:addFilter(958)) - Added filter static_user_filter (class=org.apache.hadoop.http.lib.StaticUserWebFilter$StaticUserFilter) to context static
2019-10-14 11:02:26,832 [main] INFO  http.HttpServer2 (HttpServer2.java:addFilter(958)) - Added filter static_user_filter (class=org.apache.hadoop.http.lib.StaticUserWebFilter$StaticUserFilter) to context logs
2019-10-14 11:02:26,833 [main] INFO  http.HttpServer2 (HttpServer2.java:bindListener(1191)) - Jetty bound to port 33972
2019-10-14 11:02:26,833 [main] INFO  server.Server (Server.java:doStart(351)) - jetty-9.3.25.v20180904, build timestamp: 2018-09-04T21:11:46Z, git hash: 3ce520221d0240229c862b122d2b06c12a625732
2019-10-14 11:02:26,836 [main] INFO  handler.ContextHandler (ContextHandler.java:doStart(781)) - Started o.e.j.s.ServletContextHandler@4130955c{/logs,file:///workdir/hadoop-ozone/integration-test/target/log,AVAILABLE}
2019-10-14 11:02:26,836 [main] INFO  handler.ContextHandler (ContextHandler.java:doStart(781)) - Started o.e.j.s.ServletContextHandler@71adfedd{/static,file:///workdir/hadoop-ozone/integration-test/target/test-classes/webapps/static,AVAILABLE}
2019-10-14 11:02:26,843 [main] INFO  handler.ContextHandler (ContextHandler.java:doStart(781)) - Started o.e.j.w.WebAppContext@73aeef7d{/,file:///workdir/hadoop-ozone/integration-test/target/test-classes/webapps/ozoneManager/,AVAILABLE}{/ozoneManager}
2019-10-14 11:02:26,843 [main] INFO  server.AbstractConnector (AbstractConnector.java:doStart(278)) - Started ServerConnector@d675f9f{HTTP/1.1,[http/1.1]}{0.0.0.0:33972}
2019-10-14 11:02:26,844 [main] INFO  server.Server (Server.java:doStart(419)) - Started @85984ms
2019-10-14 11:02:26,844 [main] WARN  impl.MetricsSystemImpl (MetricsSystemImpl.java:register(276)) - Sink prometheus already exists!
2019-10-14 11:02:26,845 [main] INFO  server.BaseHttpServer (BaseHttpServer.java:updateConnectorAddress(215)) - HTTP server of OZONEMANAGER is listening at http://0.0.0.0:33972
2019-10-14 11:02:26,869 [main] INFO  impl.MetricsSystemImpl (MetricsSystemImpl.java:init(158)) - HddsDatanode metrics system started (again)
2019-10-14 11:02:26,872 [main] INFO  ozone.HddsDatanodeService (HddsDatanodeService.java:start(184)) - HddsDatanodeService host:pr-hdds-2196-x574v-1375001003 ip:192.168.151.96
2019-10-14 11:02:26,879 [main] INFO  volume.HddsVolume (HddsVolume.java:<init>(176)) - Creating Volume: /workdir/hadoop-ozone/integration-test/target/test-dir/MiniOzoneClusterImpl-a82654f8-8fde-4516-849a-274121d7ac60/datanode-0/data/containers/hdds of  storage type : DISK and capacity : 1482555576320
2019-10-14 11:02:26,879 [main] INFO  volume.VolumeSet (VolumeSet.java:initializeVolumeSet(170)) - Added Volume : /workdir/hadoop-ozone/integration-test/target/test-dir/MiniOzoneClusterImpl-a82654f8-8fde-4516-849a-274121d7ac60/datanode-0/data/containers/hdds to VolumeSet
2019-10-14 11:02:26,879 [main] INFO  volume.ThrottledAsyncChecker (ThrottledAsyncChecker.java:schedule(139)) - Scheduling a check for org.apache.hadoop.ozone.container.common.volume.HddsVolume@46911148
2019-10-14 11:02:26,880 [main] INFO  volume.HddsVolumeChecker (HddsVolumeChecker.java:checkAllVolumes(202)) - Scheduled health check for volume org.apache.hadoop.ozone.container.common.volume.HddsVolume@46911148
2019-10-14 11:02:26,901 [main] INFO  impl.RaftServerProxy (ConfUtils.java:logGet(43)) - raft.rpc.type = GRPC (default)
2019-10-14 11:02:26,901 [main] INFO  grpc.GrpcFactory (GrpcFactory.java:checkPooledByteBufAllocatorUseCacheForAllThreads(45)) - PERFORMANCE WARNING: useCacheForAllThreads is true that may cause Netty to create a lot garbage objects and, as a result, trigger GC.
	It is recommended to disable useCacheForAllThreads by setting -Dorg.apache.ratis.thirdparty.io.netty.allocator.useCacheForAllThreads=false in command line.
2019-10-14 11:02:26,901 [main] INFO  grpc.GrpcConfigKeys$Server (ConfUtils.java:logGet(43)) - raft.grpc.server.port = 0 (default)
2019-10-14 11:02:26,902 [main] INFO  server.GrpcService (ConfUtils.java:logGet(43)) - raft.grpc.message.size.max = 33570816 (custom)
2019-10-14 11:02:26,902 [main] INFO  server.RaftServerConfigKeys (ConfUtils.java:logGet(43)) - raft.server.log.appender.buffer.byte-limit = 33554432 (custom)
2019-10-14 11:02:26,902 [main] INFO  server.GrpcService (ConfUtils.java:logGet(43)) - raft.grpc.flow.control.window = 1MB (=1048576) (default)
2019-10-14 11:02:26,902 [main] INFO  server.RaftServerConfigKeys (ConfUtils.java:logGet(43)) - raft.server.rpc.request.timeout = 3000ms (default)
2019-10-14 11:02:26,903 [main] INFO  server.RaftServerConfigKeys (ConfUtils.java:logGet(43)) - raft.server.storage.dir = [/workdir/hadoop-ozone/integration-test/target/test-dir/MiniOzoneClusterImpl-a82654f8-8fde-4516-849a-274121d7ac60/datanode-0/data/ratis] (custom)
2019-10-14 11:02:26,905 [main] INFO  hdfs.DFSUtil (DFSUtil.java:httpServerTemplateForNNAndJN(1641)) - Starting Web-server for hddsDatanode at: http://0.0.0.0:0
2019-10-14 11:02:26,906 [main] INFO  server.AuthenticationFilter (AuthenticationFilter.java:constructSecretProvider(240)) - Unable to initialize FileSignerSecretProvider, falling back to use random secrets.
2019-10-14 11:02:26,907 [main] WARN  http.HttpRequestLog (HttpRequestLog.java:getRequestLog(97)) - Jetty request log can only be enabled using Log4j
2019-10-14 11:02:26,909 [main] INFO  http.HttpServer2 (HttpServer2.java:addGlobalFilter(975)) - Added global filter 'safety' (class=org.apache.hadoop.http.HttpServer2$QuotingInputFilter)
2019-10-14 11:02:26,911 [main] INFO  http.HttpServer2 (HttpServer2.java:addFilter(948)) - Added filter static_user_filter (class=org.apache.hadoop.http.lib.StaticUserWebFilter$StaticUserFilter) to context hddsDatanode
2019-10-14 11:02:26,911 [main] INFO  http.HttpServer2 (HttpServer2.java:addFilter(958)) - Added filter static_user_filter (class=org.apache.hadoop.http.lib.StaticUserWebFilter$StaticUserFilter) to context static
2019-10-14 11:02:26,911 [main] INFO  http.HttpServer2 (HttpServer2.java:addFilter(958)) - Added filter static_user_filter (class=org.apache.hadoop.http.lib.StaticUserWebFilter$StaticUserFilter) to context logs
2019-10-14 11:02:26,912 [main] INFO  http.HttpServer2 (HttpServer2.java:bindListener(1191)) - Jetty bound to port 35245
2019-10-14 11:02:26,913 [main] INFO  server.Server (Server.java:doStart(351)) - jetty-9.3.25.v20180904, build timestamp: 2018-09-04T21:11:46Z, git hash: 3ce520221d0240229c862b122d2b06c12a625732
2019-10-14 11:02:26,915 [main] INFO  handler.ContextHandler (ContextHandler.java:doStart(781)) - Started o.e.j.s.ServletContextHandler@64c781a9{/logs,file:///workdir/hadoop-ozone/integration-test/target/log,AVAILABLE}
2019-10-14 11:02:26,916 [main] INFO  handler.ContextHandler (ContextHandler.java:doStart(781)) - Started o.e.j.s.ServletContextHandler@5b88b8e{/static,jar:file:/home/user/.m2/repository/org/apache/hadoop/hadoop-hdds-container-service/0.5.0-SNAPSHOT/hadoop-hdds-container-service-0.5.0-SNAPSHOT.jar!/webapps/static,AVAILABLE}
2019-10-14 11:02:26,963 [main] INFO  handler.ContextHandler (ContextHandler.java:doStart(781)) - Started o.e.j.w.WebAppContext@3e1fd62b{/,file:///tmp/jetty-0.0.0.0-35245-hddsDatanode-_-any-3936373711389357893.dir/webapp/,AVAILABLE}{/hddsDatanode}
2019-10-14 11:02:26,964 [main] INFO  server.AbstractConnector (AbstractConnector.java:doStart(278)) - Started ServerConnector@7112ce6{HTTP/1.1,[http/1.1]}{0.0.0.0:35245}
2019-10-14 11:02:26,965 [main] INFO  server.Server (Server.java:doStart(419)) - Started @86104ms
2019-10-14 11:02:26,965 [main] WARN  impl.MetricsSystemImpl (MetricsSystemImpl.java:register(276)) - Sink prometheus already exists!
2019-10-14 11:02:26,966 [main] INFO  server.BaseHttpServer (BaseHttpServer.java:updateConnectorAddress(215)) - HTTP server of HDDSDATANODE is listening at http://0.0.0.0:35245
2019-10-14 11:02:26,966 [main] INFO  impl.MetricsSystemImpl (MetricsSystemImpl.java:init(158)) - HddsDatanode metrics system started (again)
2019-10-14 11:02:26,969 [org.apache.hadoop.util.JvmPauseMonitor$Monitor@243220d9] INFO  util.JvmPauseMonitor (JvmPauseMonitor.java:run(188)) - Starting JVM pause monitor
2019-10-14 11:02:26,970 [main] INFO  ozone.HddsDatanodeService (HddsDatanodeService.java:start(184)) - HddsDatanodeService host:pr-hdds-2196-x574v-1375001003 ip:192.168.151.96
2019-10-14 11:02:26,972 [Datanode State Machine Thread - 0] INFO  datanode.InitDatanodeState (InitDatanodeState.java:persistContainerDatanodeDetails(140)) - DatanodeDetails is persisted to /workdir/hadoop-ozone/integration-test/target/test-dir/MiniOzoneClusterImpl-a82654f8-8fde-4516-849a-274121d7ac60/datanode-0/meta/datanode.id
2019-10-14 11:02:26,976 [main] INFO  volume.HddsVolume (HddsVolume.java:<init>(176)) - Creating Volume: /workdir/hadoop-ozone/integration-test/target/test-dir/MiniOzoneClusterImpl-a82654f8-8fde-4516-849a-274121d7ac60/datanode-1/data/containers/hdds of  storage type : DISK and capacity : 1482555576320
2019-10-14 11:02:26,976 [main] INFO  volume.VolumeSet (VolumeSet.java:initializeVolumeSet(170)) - Added Volume : /workdir/hadoop-ozone/integration-test/target/test-dir/MiniOzoneClusterImpl-a82654f8-8fde-4516-849a-274121d7ac60/datanode-1/data/containers/hdds to VolumeSet
2019-10-14 11:02:26,977 [main] INFO  volume.ThrottledAsyncChecker (ThrottledAsyncChecker.java:schedule(139)) - Scheduling a check for org.apache.hadoop.ozone.container.common.volume.HddsVolume@45ab3bdd
2019-10-14 11:02:26,977 [main] INFO  volume.HddsVolumeChecker (HddsVolumeChecker.java:checkAllVolumes(202)) - Scheduled health check for volume org.apache.hadoop.ozone.container.common.volume.HddsVolume@45ab3bdd
2019-10-14 11:02:26,992 [main] INFO  impl.RaftServerProxy (ConfUtils.java:logGet(43)) - raft.rpc.type = GRPC (default)
2019-10-14 11:02:26,993 [main] INFO  grpc.GrpcFactory (GrpcFactory.java:checkPooledByteBufAllocatorUseCacheForAllThreads(45)) - PERFORMANCE WARNING: useCacheForAllThreads is true that may cause Netty to create a lot garbage objects and, as a result, trigger GC.
	It is recommended to disable useCacheForAllThreads by setting -Dorg.apache.ratis.thirdparty.io.netty.allocator.useCacheForAllThreads=false in command line.
2019-10-14 11:02:26,993 [main] INFO  grpc.GrpcConfigKeys$Server (ConfUtils.java:logGet(43)) - raft.grpc.server.port = 0 (default)
2019-10-14 11:02:26,993 [main] INFO  server.GrpcService (ConfUtils.java:logGet(43)) - raft.grpc.message.size.max = 33570816 (custom)
2019-10-14 11:02:26,993 [main] INFO  server.RaftServerConfigKeys (ConfUtils.java:logGet(43)) - raft.server.log.appender.buffer.byte-limit = 33554432 (custom)
2019-10-14 11:02:26,993 [main] INFO  server.GrpcService (ConfUtils.java:logGet(43)) - raft.grpc.flow.control.window = 1MB (=1048576) (default)
2019-10-14 11:02:26,994 [main] INFO  server.RaftServerConfigKeys (ConfUtils.java:logGet(43)) - raft.server.rpc.request.timeout = 3000ms (default)
2019-10-14 11:02:26,994 [main] INFO  server.RaftServerConfigKeys (ConfUtils.java:logGet(43)) - raft.server.storage.dir = [/workdir/hadoop-ozone/integration-test/target/test-dir/MiniOzoneClusterImpl-a82654f8-8fde-4516-849a-274121d7ac60/datanode-1/data/ratis] (custom)
2019-10-14 11:02:26,996 [main] INFO  hdfs.DFSUtil (DFSUtil.java:httpServerTemplateForNNAndJN(1641)) - Starting Web-server for hddsDatanode at: http://0.0.0.0:0
2019-10-14 11:02:26,997 [main] INFO  server.AuthenticationFilter (AuthenticationFilter.java:constructSecretProvider(240)) - Unable to initialize FileSignerSecretProvider, falling back to use random secrets.
2019-10-14 11:02:26,998 [main] WARN  http.HttpRequestLog (HttpRequestLog.java:getRequestLog(97)) - Jetty request log can only be enabled using Log4j
2019-10-14 11:02:26,999 [main] INFO  http.HttpServer2 (HttpServer2.java:addGlobalFilter(975)) - Added global filter 'safety' (class=org.apache.hadoop.http.HttpServer2$QuotingInputFilter)
2019-10-14 11:02:27,000 [main] INFO  http.HttpServer2 (HttpServer2.java:addFilter(948)) - Added filter static_user_filter (class=org.apache.hadoop.http.lib.StaticUserWebFilter$StaticUserFilter) to context hddsDatanode
2019-10-14 11:02:27,000 [main] INFO  http.HttpServer2 (HttpServer2.java:addFilter(958)) - Added filter static_user_filter (class=org.apache.hadoop.http.lib.StaticUserWebFilter$StaticUserFilter) to context logs
2019-10-14 11:02:27,000 [main] INFO  http.HttpServer2 (HttpServer2.java:addFilter(958)) - Added filter static_user_filter (class=org.apache.hadoop.http.lib.StaticUserWebFilter$StaticUserFilter) to context static
2019-10-14 11:02:27,001 [main] INFO  http.HttpServer2 (HttpServer2.java:bindListener(1191)) - Jetty bound to port 39887
2019-10-14 11:02:27,001 [main] INFO  server.Server (Server.java:doStart(351)) - jetty-9.3.25.v20180904, build timestamp: 2018-09-04T21:11:46Z, git hash: 3ce520221d0240229c862b122d2b06c12a625732
2019-10-14 11:02:27,002 [main] INFO  handler.ContextHandler (ContextHandler.java:doStart(781)) - Started o.e.j.s.ServletContextHandler@27abb6ca{/logs,file:///workdir/hadoop-ozone/integration-test/target/log,AVAILABLE}
2019-10-14 11:02:27,003 [main] INFO  handler.ContextHandler (ContextHandler.java:doStart(781)) - Started o.e.j.s.ServletContextHandler@6968c1d6{/static,jar:file:/home/user/.m2/repository/org/apache/hadoop/hadoop-hdds-container-service/0.5.0-SNAPSHOT/hadoop-hdds-container-service-0.5.0-SNAPSHOT.jar!/webapps/static,AVAILABLE}
2019-10-14 11:02:27,033 [main] INFO  handler.ContextHandler (ContextHandler.java:doStart(781)) - Started o.e.j.w.WebAppContext@3a3ed300{/,file:///tmp/jetty-0.0.0.0-39887-hddsDatanode-_-any-4579335242180057969.dir/webapp/,AVAILABLE}{/hddsDatanode}
2019-10-14 11:02:27,034 [main] INFO  server.AbstractConnector (AbstractConnector.java:doStart(278)) - Started ServerConnector@1984212d{HTTP/1.1,[http/1.1]}{0.0.0.0:39887}
2019-10-14 11:02:27,035 [main] INFO  server.Server (Server.java:doStart(419)) - Started @86174ms
2019-10-14 11:02:27,035 [main] WARN  impl.MetricsSystemImpl (MetricsSystemImpl.java:register(276)) - Sink prometheus already exists!
2019-10-14 11:02:27,035 [main] INFO  server.BaseHttpServer (BaseHttpServer.java:updateConnectorAddress(215)) - HTTP server of HDDSDATANODE is listening at http://0.0.0.0:39887
2019-10-14 11:02:27,036 [main] INFO  impl.MetricsSystemImpl (MetricsSystemImpl.java:init(158)) - HddsDatanode metrics system started (again)
2019-10-14 11:02:27,038 [org.apache.hadoop.util.JvmPauseMonitor$Monitor@520f3de6] INFO  util.JvmPauseMonitor (JvmPauseMonitor.java:run(188)) - Starting JVM pause monitor
2019-10-14 11:02:27,039 [main] INFO  ozone.HddsDatanodeService (HddsDatanodeService.java:start(184)) - HddsDatanodeService host:pr-hdds-2196-x574v-1375001003 ip:192.168.151.96
2019-10-14 11:02:27,040 [Datanode State Machine Thread - 0] INFO  datanode.InitDatanodeState (InitDatanodeState.java:persistContainerDatanodeDetails(140)) - DatanodeDetails is persisted to /workdir/hadoop-ozone/integration-test/target/test-dir/MiniOzoneClusterImpl-a82654f8-8fde-4516-849a-274121d7ac60/datanode-1/meta/datanode.id
2019-10-14 11:02:27,044 [main] INFO  volume.HddsVolume (HddsVolume.java:<init>(176)) - Creating Volume: /workdir/hadoop-ozone/integration-test/target/test-dir/MiniOzoneClusterImpl-a82654f8-8fde-4516-849a-274121d7ac60/datanode-2/data/containers/hdds of  storage type : DISK and capacity : 1482555576320
2019-10-14 11:02:27,044 [main] INFO  volume.VolumeSet (VolumeSet.java:initializeVolumeSet(170)) - Added Volume : /workdir/hadoop-ozone/integration-test/target/test-dir/MiniOzoneClusterImpl-a82654f8-8fde-4516-849a-274121d7ac60/datanode-2/data/containers/hdds to VolumeSet
2019-10-14 11:02:27,044 [main] INFO  volume.ThrottledAsyncChecker (ThrottledAsyncChecker.java:schedule(139)) - Scheduling a check for org.apache.hadoop.ozone.container.common.volume.HddsVolume@1d06f16f
2019-10-14 11:02:27,045 [main] INFO  volume.HddsVolumeChecker (HddsVolumeChecker.java:checkAllVolumes(202)) - Scheduled health check for volume org.apache.hadoop.ozone.container.common.volume.HddsVolume@1d06f16f
2019-10-14 11:02:27,057 [main] INFO  impl.RaftServerProxy (ConfUtils.java:logGet(43)) - raft.rpc.type = GRPC (default)
2019-10-14 11:02:27,058 [main] INFO  grpc.GrpcFactory (GrpcFactory.java:checkPooledByteBufAllocatorUseCacheForAllThreads(45)) - PERFORMANCE WARNING: useCacheForAllThreads is true that may cause Netty to create a lot garbage objects and, as a result, trigger GC.
	It is recommended to disable useCacheForAllThreads by setting -Dorg.apache.ratis.thirdparty.io.netty.allocator.useCacheForAllThreads=false in command line.
2019-10-14 11:02:27,058 [main] INFO  grpc.GrpcConfigKeys$Server (ConfUtils.java:logGet(43)) - raft.grpc.server.port = 0 (default)
2019-10-14 11:02:27,058 [main] INFO  server.GrpcService (ConfUtils.java:logGet(43)) - raft.grpc.message.size.max = 33570816 (custom)
2019-10-14 11:02:27,058 [main] INFO  server.RaftServerConfigKeys (ConfUtils.java:logGet(43)) - raft.server.log.appender.buffer.byte-limit = 33554432 (custom)
2019-10-14 11:02:27,058 [main] INFO  server.GrpcService (ConfUtils.java:logGet(43)) - raft.grpc.flow.control.window = 1MB (=1048576) (default)
2019-10-14 11:02:27,059 [main] INFO  server.RaftServerConfigKeys (ConfUtils.java:logGet(43)) - raft.server.rpc.request.timeout = 3000ms (default)
2019-10-14 11:02:27,059 [main] INFO  server.RaftServerConfigKeys (ConfUtils.java:logGet(43)) - raft.server.storage.dir = [/workdir/hadoop-ozone/integration-test/target/test-dir/MiniOzoneClusterImpl-a82654f8-8fde-4516-849a-274121d7ac60/datanode-2/data/ratis] (custom)
2019-10-14 11:02:27,060 [main] INFO  hdfs.DFSUtil (DFSUtil.java:httpServerTemplateForNNAndJN(1641)) - Starting Web-server for hddsDatanode at: http://0.0.0.0:0
2019-10-14 11:02:27,061 [main] INFO  server.AuthenticationFilter (AuthenticationFilter.java:constructSecretProvider(240)) - Unable to initialize FileSignerSecretProvider, falling back to use random secrets.
2019-10-14 11:02:27,062 [main] WARN  http.HttpRequestLog (HttpRequestLog.java:getRequestLog(97)) - Jetty request log can only be enabled using Log4j
2019-10-14 11:02:27,063 [main] INFO  http.HttpServer2 (HttpServer2.java:addGlobalFilter(975)) - Added global filter 'safety' (class=org.apache.hadoop.http.HttpServer2$QuotingInputFilter)
2019-10-14 11:02:27,064 [main] INFO  http.HttpServer2 (HttpServer2.java:addFilter(948)) - Added filter static_user_filter (class=org.apache.hadoop.http.lib.StaticUserWebFilter$StaticUserFilter) to context hddsDatanode
2019-10-14 11:02:27,064 [main] INFO  http.HttpServer2 (HttpServer2.java:addFilter(958)) - Added filter static_user_filter (class=org.apache.hadoop.http.lib.StaticUserWebFilter$StaticUserFilter) to context static
2019-10-14 11:02:27,064 [main] INFO  http.HttpServer2 (HttpServer2.java:addFilter(958)) - Added filter static_user_filter (class=org.apache.hadoop.http.lib.StaticUserWebFilter$StaticUserFilter) to context logs
2019-10-14 11:02:27,065 [main] INFO  http.HttpServer2 (HttpServer2.java:bindListener(1191)) - Jetty bound to port 46219
2019-10-14 11:02:27,065 [main] INFO  server.Server (Server.java:doStart(351)) - jetty-9.3.25.v20180904, build timestamp: 2018-09-04T21:11:46Z, git hash: 3ce520221d0240229c862b122d2b06c12a625732
2019-10-14 11:02:27,066 [main] INFO  handler.ContextHandler (ContextHandler.java:doStart(781)) - Started o.e.j.s.ServletContextHandler@fa5f81c{/logs,file:///workdir/hadoop-ozone/integration-test/target/log,AVAILABLE}
2019-10-14 11:02:27,067 [main] INFO  handler.ContextHandler (ContextHandler.java:doStart(781)) - Started o.e.j.s.ServletContextHandler@1f2f0109{/static,jar:file:/home/user/.m2/repository/org/apache/hadoop/hadoop-hdds-container-service/0.5.0-SNAPSHOT/hadoop-hdds-container-service-0.5.0-SNAPSHOT.jar!/webapps/static,AVAILABLE}
2019-10-14 11:02:27,095 [main] INFO  handler.ContextHandler (ContextHandler.java:doStart(781)) - Started o.e.j.w.WebAppContext@1c067c0d{/,file:///tmp/jetty-0.0.0.0-46219-hddsDatanode-_-any-4745075393241241261.dir/webapp/,AVAILABLE}{/hddsDatanode}
2019-10-14 11:02:27,096 [main] INFO  server.AbstractConnector (AbstractConnector.java:doStart(278)) - Started ServerConnector@5d0b0cb9{HTTP/1.1,[http/1.1]}{0.0.0.0:46219}
2019-10-14 11:02:27,097 [main] INFO  server.Server (Server.java:doStart(419)) - Started @86236ms
2019-10-14 11:02:27,097 [main] WARN  impl.MetricsSystemImpl (MetricsSystemImpl.java:register(276)) - Sink prometheus already exists!
2019-10-14 11:02:27,097 [main] INFO  server.BaseHttpServer (BaseHttpServer.java:updateConnectorAddress(215)) - HTTP server of HDDSDATANODE is listening at http://0.0.0.0:46219
2019-10-14 11:02:27,098 [main] INFO  impl.MetricsSystemImpl (MetricsSystemImpl.java:init(158)) - HddsDatanode metrics system started (again)
2019-10-14 11:02:27,100 [org.apache.hadoop.util.JvmPauseMonitor$Monitor@11f40aa2] INFO  util.JvmPauseMonitor (JvmPauseMonitor.java:run(188)) - Starting JVM pause monitor
2019-10-14 11:02:27,101 [main] INFO  ozone.HddsDatanodeService (HddsDatanodeService.java:start(184)) - HddsDatanodeService host:pr-hdds-2196-x574v-1375001003 ip:192.168.151.96
2019-10-14 11:02:27,101 [Datanode State Machine Thread - 0] INFO  datanode.InitDatanodeState (InitDatanodeState.java:persistContainerDatanodeDetails(140)) - DatanodeDetails is persisted to /workdir/hadoop-ozone/integration-test/target/test-dir/MiniOzoneClusterImpl-a82654f8-8fde-4516-849a-274121d7ac60/datanode-2/meta/datanode.id
2019-10-14 11:02:27,105 [main] INFO  volume.HddsVolume (HddsVolume.java:<init>(176)) - Creating Volume: /workdir/hadoop-ozone/integration-test/target/test-dir/MiniOzoneClusterImpl-a82654f8-8fde-4516-849a-274121d7ac60/datanode-3/data/containers/hdds of  storage type : DISK and capacity : 1482555576320
2019-10-14 11:02:27,105 [main] INFO  volume.VolumeSet (VolumeSet.java:initializeVolumeSet(170)) - Added Volume : /workdir/hadoop-ozone/integration-test/target/test-dir/MiniOzoneClusterImpl-a82654f8-8fde-4516-849a-274121d7ac60/datanode-3/data/containers/hdds to VolumeSet
2019-10-14 11:02:27,105 [main] INFO  volume.ThrottledAsyncChecker (ThrottledAsyncChecker.java:schedule(139)) - Scheduling a check for org.apache.hadoop.ozone.container.common.volume.HddsVolume@759de304
2019-10-14 11:02:27,106 [main] INFO  volume.HddsVolumeChecker (HddsVolumeChecker.java:checkAllVolumes(202)) - Scheduled health check for volume org.apache.hadoop.ozone.container.common.volume.HddsVolume@759de304
2019-10-14 11:02:27,118 [main] INFO  impl.RaftServerProxy (ConfUtils.java:logGet(43)) - raft.rpc.type = GRPC (default)
2019-10-14 11:02:27,118 [main] INFO  grpc.GrpcFactory (GrpcFactory.java:checkPooledByteBufAllocatorUseCacheForAllThreads(45)) - PERFORMANCE WARNING: useCacheForAllThreads is true that may cause Netty to create a lot garbage objects and, as a result, trigger GC.
	It is recommended to disable useCacheForAllThreads by setting -Dorg.apache.ratis.thirdparty.io.netty.allocator.useCacheForAllThreads=false in command line.
2019-10-14 11:02:27,118 [main] INFO  grpc.GrpcConfigKeys$Server (ConfUtils.java:logGet(43)) - raft.grpc.server.port = 0 (default)
2019-10-14 11:02:27,118 [main] INFO  server.GrpcService (ConfUtils.java:logGet(43)) - raft.grpc.message.size.max = 33570816 (custom)
2019-10-14 11:02:27,119 [main] INFO  server.RaftServerConfigKeys (ConfUtils.java:logGet(43)) - raft.server.log.appender.buffer.byte-limit = 33554432 (custom)
2019-10-14 11:02:27,119 [main] INFO  server.GrpcService (ConfUtils.java:logGet(43)) - raft.grpc.flow.control.window = 1MB (=1048576) (default)
2019-10-14 11:02:27,119 [main] INFO  server.RaftServerConfigKeys (ConfUtils.java:logGet(43)) - raft.server.rpc.request.timeout = 3000ms (default)
2019-10-14 11:02:27,120 [main] INFO  server.RaftServerConfigKeys (ConfUtils.java:logGet(43)) - raft.server.storage.dir = [/workdir/hadoop-ozone/integration-test/target/test-dir/MiniOzoneClusterImpl-a82654f8-8fde-4516-849a-274121d7ac60/datanode-3/data/ratis] (custom)
2019-10-14 11:02:27,121 [main] INFO  hdfs.DFSUtil (DFSUtil.java:httpServerTemplateForNNAndJN(1641)) - Starting Web-server for hddsDatanode at: http://0.0.0.0:0
2019-10-14 11:02:27,122 [main] INFO  server.AuthenticationFilter (AuthenticationFilter.java:constructSecretProvider(240)) - Unable to initialize FileSignerSecretProvider, falling back to use random secrets.
2019-10-14 11:02:27,122 [main] WARN  http.HttpRequestLog (HttpRequestLog.java:getRequestLog(97)) - Jetty request log can only be enabled using Log4j
2019-10-14 11:02:27,123 [main] INFO  http.HttpServer2 (HttpServer2.java:addGlobalFilter(975)) - Added global filter 'safety' (class=org.apache.hadoop.http.HttpServer2$QuotingInputFilter)
2019-10-14 11:02:27,124 [main] INFO  http.HttpServer2 (HttpServer2.java:addFilter(948)) - Added filter static_user_filter (class=org.apache.hadoop.http.lib.StaticUserWebFilter$StaticUserFilter) to context hddsDatanode
2019-10-14 11:02:27,124 [main] INFO  http.HttpServer2 (HttpServer2.java:addFilter(958)) - Added filter static_user_filter (class=org.apache.hadoop.http.lib.StaticUserWebFilter$StaticUserFilter) to context logs
2019-10-14 11:02:27,124 [main] INFO  http.HttpServer2 (HttpServer2.java:addFilter(958)) - Added filter static_user_filter (class=org.apache.hadoop.http.lib.StaticUserWebFilter$StaticUserFilter) to context static
2019-10-14 11:02:27,125 [main] INFO  http.HttpServer2 (HttpServer2.java:bindListener(1191)) - Jetty bound to port 34533
2019-10-14 11:02:27,125 [main] INFO  server.Server (Server.java:doStart(351)) - jetty-9.3.25.v20180904, build timestamp: 2018-09-04T21:11:46Z, git hash: 3ce520221d0240229c862b122d2b06c12a625732
2019-10-14 11:02:27,126 [main] INFO  handler.ContextHandler (ContextHandler.java:doStart(781)) - Started o.e.j.s.ServletContextHandler@74606204{/logs,file:///workdir/hadoop-ozone/integration-test/target/log,AVAILABLE}
2019-10-14 11:02:27,127 [main] INFO  handler.ContextHandler (ContextHandler.java:doStart(781)) - Started o.e.j.s.ServletContextHandler@d4df0e{/static,jar:file:/home/user/.m2/repository/org/apache/hadoop/hadoop-hdds-container-service/0.5.0-SNAPSHOT/hadoop-hdds-container-service-0.5.0-SNAPSHOT.jar!/webapps/static,AVAILABLE}
2019-10-14 11:02:27,155 [main] INFO  handler.ContextHandler (ContextHandler.java:doStart(781)) - Started o.e.j.w.WebAppContext@343e225a{/,file:///tmp/jetty-0.0.0.0-34533-hddsDatanode-_-any-4366154181346356133.dir/webapp/,AVAILABLE}{/hddsDatanode}
2019-10-14 11:02:27,156 [main] INFO  server.AbstractConnector (AbstractConnector.java:doStart(278)) - Started ServerConnector@1a07bf6{HTTP/1.1,[http/1.1]}{0.0.0.0:34533}
2019-10-14 11:02:27,157 [main] INFO  server.Server (Server.java:doStart(419)) - Started @86296ms
2019-10-14 11:02:27,157 [main] WARN  impl.MetricsSystemImpl (MetricsSystemImpl.java:register(276)) - Sink prometheus already exists!
2019-10-14 11:02:27,158 [main] INFO  server.BaseHttpServer (BaseHttpServer.java:updateConnectorAddress(215)) - HTTP server of HDDSDATANODE is listening at http://0.0.0.0:34533
2019-10-14 11:02:27,158 [main] INFO  impl.MetricsSystemImpl (MetricsSystemImpl.java:init(158)) - HddsDatanode metrics system started (again)
2019-10-14 11:02:27,162 [org.apache.hadoop.util.JvmPauseMonitor$Monitor@26bb33c] INFO  util.JvmPauseMonitor (JvmPauseMonitor.java:run(188)) - Starting JVM pause monitor
2019-10-14 11:02:27,162 [main] INFO  ozone.HddsDatanodeService (HddsDatanodeService.java:start(184)) - HddsDatanodeService host:pr-hdds-2196-x574v-1375001003 ip:192.168.151.96
2019-10-14 11:02:27,163 [Datanode State Machine Thread - 0] INFO  datanode.InitDatanodeState (InitDatanodeState.java:persistContainerDatanodeDetails(140)) - DatanodeDetails is persisted to /workdir/hadoop-ozone/integration-test/target/test-dir/MiniOzoneClusterImpl-a82654f8-8fde-4516-849a-274121d7ac60/datanode-3/meta/datanode.id
2019-10-14 11:02:27,167 [main] INFO  volume.HddsVolume (HddsVolume.java:<init>(176)) - Creating Volume: /workdir/hadoop-ozone/integration-test/target/test-dir/MiniOzoneClusterImpl-a82654f8-8fde-4516-849a-274121d7ac60/datanode-4/data/containers/hdds of  storage type : DISK and capacity : 1482555576320
2019-10-14 11:02:27,167 [main] INFO  volume.VolumeSet (VolumeSet.java:initializeVolumeSet(170)) - Added Volume : /workdir/hadoop-ozone/integration-test/target/test-dir/MiniOzoneClusterImpl-a82654f8-8fde-4516-849a-274121d7ac60/datanode-4/data/containers/hdds to VolumeSet
2019-10-14 11:02:27,167 [main] INFO  volume.ThrottledAsyncChecker (ThrottledAsyncChecker.java:schedule(139)) - Scheduling a check for org.apache.hadoop.ozone.container.common.volume.HddsVolume@4eea94a4
2019-10-14 11:02:27,168 [main] INFO  volume.HddsVolumeChecker (HddsVolumeChecker.java:checkAllVolumes(202)) - Scheduled health check for volume org.apache.hadoop.ozone.container.common.volume.HddsVolume@4eea94a4
2019-10-14 11:02:27,182 [main] INFO  impl.RaftServerProxy (ConfUtils.java:logGet(43)) - raft.rpc.type = GRPC (default)
2019-10-14 11:02:27,183 [main] INFO  grpc.GrpcFactory (GrpcFactory.java:checkPooledByteBufAllocatorUseCacheForAllThreads(45)) - PERFORMANCE WARNING: useCacheForAllThreads is true that may cause Netty to create a lot garbage objects and, as a result, trigger GC.
	It is recommended to disable useCacheForAllThreads by setting -Dorg.apache.ratis.thirdparty.io.netty.allocator.useCacheForAllThreads=false in command line.
2019-10-14 11:02:27,183 [main] INFO  grpc.GrpcConfigKeys$Server (ConfUtils.java:logGet(43)) - raft.grpc.server.port = 0 (default)
2019-10-14 11:02:27,183 [main] INFO  server.GrpcService (ConfUtils.java:logGet(43)) - raft.grpc.message.size.max = 33570816 (custom)
2019-10-14 11:02:27,183 [main] INFO  server.RaftServerConfigKeys (ConfUtils.java:logGet(43)) - raft.server.log.appender.buffer.byte-limit = 33554432 (custom)
2019-10-14 11:02:27,183 [main] INFO  server.GrpcService (ConfUtils.java:logGet(43)) - raft.grpc.flow.control.window = 1MB (=1048576) (default)
2019-10-14 11:02:27,184 [main] INFO  server.RaftServerConfigKeys (ConfUtils.java:logGet(43)) - raft.server.rpc.request.timeout = 3000ms (default)
2019-10-14 11:02:27,184 [main] INFO  server.RaftServerConfigKeys (ConfUtils.java:logGet(43)) - raft.server.storage.dir = [/workdir/hadoop-ozone/integration-test/target/test-dir/MiniOzoneClusterImpl-a82654f8-8fde-4516-849a-274121d7ac60/datanode-4/data/ratis] (custom)
2019-10-14 11:02:27,185 [main] INFO  hdfs.DFSUtil (DFSUtil.java:httpServerTemplateForNNAndJN(1641)) - Starting Web-server for hddsDatanode at: http://0.0.0.0:0
2019-10-14 11:02:27,187 [main] INFO  server.AuthenticationFilter (AuthenticationFilter.java:constructSecretProvider(240)) - Unable to initialize FileSignerSecretProvider, falling back to use random secrets.
2019-10-14 11:02:27,187 [main] WARN  http.HttpRequestLog (HttpRequestLog.java:getRequestLog(97)) - Jetty request log can only be enabled using Log4j
2019-10-14 11:02:27,188 [main] INFO  http.HttpServer2 (HttpServer2.java:addGlobalFilter(975)) - Added global filter 'safety' (class=org.apache.hadoop.http.HttpServer2$QuotingInputFilter)
2019-10-14 11:02:27,189 [main] INFO  http.HttpServer2 (HttpServer2.java:addFilter(948)) - Added filter static_user_filter (class=org.apache.hadoop.http.lib.StaticUserWebFilter$StaticUserFilter) to context hddsDatanode
2019-10-14 11:02:27,189 [main] INFO  http.HttpServer2 (HttpServer2.java:addFilter(958)) - Added filter static_user_filter (class=org.apache.hadoop.http.lib.StaticUserWebFilter$StaticUserFilter) to context static
2019-10-14 11:02:27,189 [main] INFO  http.HttpServer2 (HttpServer2.java:addFilter(958)) - Added filter static_user_filter (class=org.apache.hadoop.http.lib.StaticUserWebFilter$StaticUserFilter) to context logs
2019-10-14 11:02:27,190 [main] INFO  http.HttpServer2 (HttpServer2.java:bindListener(1191)) - Jetty bound to port 40433
2019-10-14 11:02:27,190 [main] INFO  server.Server (Server.java:doStart(351)) - jetty-9.3.25.v20180904, build timestamp: 2018-09-04T21:11:46Z, git hash: 3ce520221d0240229c862b122d2b06c12a625732
2019-10-14 11:02:27,192 [main] INFO  handler.ContextHandler (ContextHandler.java:doStart(781)) - Started o.e.j.s.ServletContextHandler@20ab76ee{/logs,file:///workdir/hadoop-ozone/integration-test/target/log,AVAILABLE}
2019-10-14 11:02:27,192 [main] INFO  handler.ContextHandler (ContextHandler.java:doStart(781)) - Started o.e.j.s.ServletContextHandler@2703d91{/static,jar:file:/home/user/.m2/repository/org/apache/hadoop/hadoop-hdds-container-service/0.5.0-SNAPSHOT/hadoop-hdds-container-service-0.5.0-SNAPSHOT.jar!/webapps/static,AVAILABLE}
2019-10-14 11:02:27,222 [main] INFO  handler.ContextHandler (ContextHandler.java:doStart(781)) - Started o.e.j.w.WebAppContext@991cbde{/,file:///tmp/jetty-0.0.0.0-40433-hddsDatanode-_-any-5499618518404656070.dir/webapp/,AVAILABLE}{/hddsDatanode}
2019-10-14 11:02:27,222 [main] INFO  server.AbstractConnector (AbstractConnector.java:doStart(278)) - Started ServerConnector@78d71df1{HTTP/1.1,[http/1.1]}{0.0.0.0:40433}
2019-10-14 11:02:27,223 [main] INFO  server.Server (Server.java:doStart(419)) - Started @86363ms
2019-10-14 11:02:27,224 [main] WARN  impl.MetricsSystemImpl (MetricsSystemImpl.java:register(276)) - Sink prometheus already exists!
2019-10-14 11:02:27,224 [main] INFO  server.BaseHttpServer (BaseHttpServer.java:updateConnectorAddress(215)) - HTTP server of HDDSDATANODE is listening at http://0.0.0.0:40433
2019-10-14 11:02:27,224 [main] INFO  impl.MetricsSystemImpl (MetricsSystemImpl.java:init(158)) - HddsDatanode metrics system started (again)
2019-10-14 11:02:27,229 [org.apache.hadoop.util.JvmPauseMonitor$Monitor@148828de] INFO  util.JvmPauseMonitor (JvmPauseMonitor.java:run(188)) - Starting JVM pause monitor
2019-10-14 11:02:27,230 [main] INFO  ozone.HddsDatanodeService (HddsDatanodeService.java:start(184)) - HddsDatanodeService host:pr-hdds-2196-x574v-1375001003 ip:192.168.151.96
2019-10-14 11:02:27,230 [Datanode State Machine Thread - 0] INFO  datanode.InitDatanodeState (InitDatanodeState.java:persistContainerDatanodeDetails(140)) - DatanodeDetails is persisted to /workdir/hadoop-ozone/integration-test/target/test-dir/MiniOzoneClusterImpl-a82654f8-8fde-4516-849a-274121d7ac60/datanode-4/meta/datanode.id
2019-10-14 11:02:27,235 [main] INFO  volume.HddsVolume (HddsVolume.java:<init>(176)) - Creating Volume: /workdir/hadoop-ozone/integration-test/target/test-dir/MiniOzoneClusterImpl-a82654f8-8fde-4516-849a-274121d7ac60/datanode-5/data/containers/hdds of  storage type : DISK and capacity : 1482555576320
2019-10-14 11:02:27,235 [main] INFO  volume.VolumeSet (VolumeSet.java:initializeVolumeSet(170)) - Added Volume : /workdir/hadoop-ozone/integration-test/target/test-dir/MiniOzoneClusterImpl-a82654f8-8fde-4516-849a-274121d7ac60/datanode-5/data/containers/hdds to VolumeSet
2019-10-14 11:02:27,236 [main] INFO  volume.ThrottledAsyncChecker (ThrottledAsyncChecker.java:schedule(139)) - Scheduling a check for org.apache.hadoop.ozone.container.common.volume.HddsVolume@3596b249
2019-10-14 11:02:27,236 [main] INFO  volume.HddsVolumeChecker (HddsVolumeChecker.java:checkAllVolumes(202)) - Scheduled health check for volume org.apache.hadoop.ozone.container.common.volume.HddsVolume@3596b249
2019-10-14 11:02:27,252 [main] INFO  impl.RaftServerProxy (ConfUtils.java:logGet(43)) - raft.rpc.type = GRPC (default)
2019-10-14 11:02:27,253 [main] INFO  grpc.GrpcFactory (GrpcFactory.java:checkPooledByteBufAllocatorUseCacheForAllThreads(45)) - PERFORMANCE WARNING: useCacheForAllThreads is true that may cause Netty to create a lot garbage objects and, as a result, trigger GC.
	It is recommended to disable useCacheForAllThreads by setting -Dorg.apache.ratis.thirdparty.io.netty.allocator.useCacheForAllThreads=false in command line.
2019-10-14 11:02:27,253 [main] INFO  grpc.GrpcConfigKeys$Server (ConfUtils.java:logGet(43)) - raft.grpc.server.port = 0 (default)
2019-10-14 11:02:27,253 [main] INFO  server.GrpcService (ConfUtils.java:logGet(43)) - raft.grpc.message.size.max = 33570816 (custom)
2019-10-14 11:02:27,254 [main] INFO  server.RaftServerConfigKeys (ConfUtils.java:logGet(43)) - raft.server.log.appender.buffer.byte-limit = 33554432 (custom)
2019-10-14 11:02:27,254 [main] INFO  server.GrpcService (ConfUtils.java:logGet(43)) - raft.grpc.flow.control.window = 1MB (=1048576) (default)
2019-10-14 11:02:27,254 [main] INFO  server.RaftServerConfigKeys (ConfUtils.java:logGet(43)) - raft.server.rpc.request.timeout = 3000ms (default)
2019-10-14 11:02:27,255 [main] INFO  server.RaftServerConfigKeys (ConfUtils.java:logGet(43)) - raft.server.storage.dir = [/workdir/hadoop-ozone/integration-test/target/test-dir/MiniOzoneClusterImpl-a82654f8-8fde-4516-849a-274121d7ac60/datanode-5/data/ratis] (custom)
2019-10-14 11:02:27,256 [main] INFO  hdfs.DFSUtil (DFSUtil.java:httpServerTemplateForNNAndJN(1641)) - Starting Web-server for hddsDatanode at: http://0.0.0.0:0
2019-10-14 11:02:27,257 [main] INFO  server.AuthenticationFilter (AuthenticationFilter.java:constructSecretProvider(240)) - Unable to initialize FileSignerSecretProvider, falling back to use random secrets.
2019-10-14 11:02:27,258 [main] WARN  http.HttpRequestLog (HttpRequestLog.java:getRequestLog(97)) - Jetty request log can only be enabled using Log4j
2019-10-14 11:02:27,259 [main] INFO  http.HttpServer2 (HttpServer2.java:addGlobalFilter(975)) - Added global filter 'safety' (class=org.apache.hadoop.http.HttpServer2$QuotingInputFilter)
2019-10-14 11:02:27,260 [main] INFO  http.HttpServer2 (HttpServer2.java:addFilter(948)) - Added filter static_user_filter (class=org.apache.hadoop.http.lib.StaticUserWebFilter$StaticUserFilter) to context hddsDatanode
2019-10-14 11:02:27,260 [main] INFO  http.HttpServer2 (HttpServer2.java:addFilter(958)) - Added filter static_user_filter (class=org.apache.hadoop.http.lib.StaticUserWebFilter$StaticUserFilter) to context static
2019-10-14 11:02:27,260 [main] INFO  http.HttpServer2 (HttpServer2.java:addFilter(958)) - Added filter static_user_filter (class=org.apache.hadoop.http.lib.StaticUserWebFilter$StaticUserFilter) to context logs
2019-10-14 11:02:27,261 [main] INFO  http.HttpServer2 (HttpServer2.java:bindListener(1191)) - Jetty bound to port 33295
2019-10-14 11:02:27,261 [main] INFO  server.Server (Server.java:doStart(351)) - jetty-9.3.25.v20180904, build timestamp: 2018-09-04T21:11:46Z, git hash: 3ce520221d0240229c862b122d2b06c12a625732
2019-10-14 11:02:27,262 [main] INFO  handler.ContextHandler (ContextHandler.java:doStart(781)) - Started o.e.j.s.ServletContextHandler@4ed5a1b0{/logs,file:///workdir/hadoop-ozone/integration-test/target/log,AVAILABLE}
2019-10-14 11:02:27,263 [main] INFO  handler.ContextHandler (ContextHandler.java:doStart(781)) - Started o.e.j.s.ServletContextHandler@3135bf25{/static,jar:file:/home/user/.m2/repository/org/apache/hadoop/hadoop-hdds-container-service/0.5.0-SNAPSHOT/hadoop-hdds-container-service-0.5.0-SNAPSHOT.jar!/webapps/static,AVAILABLE}
2019-10-14 11:02:27,294 [main] INFO  handler.ContextHandler (ContextHandler.java:doStart(781)) - Started o.e.j.w.WebAppContext@2d119405{/,file:///tmp/jetty-0.0.0.0-33295-hddsDatanode-_-any-3425492158104304234.dir/webapp/,AVAILABLE}{/hddsDatanode}
2019-10-14 11:02:27,295 [main] INFO  server.AbstractConnector (AbstractConnector.java:doStart(278)) - Started ServerConnector@57e388c3{HTTP/1.1,[http/1.1]}{0.0.0.0:33295}
2019-10-14 11:02:27,296 [main] INFO  server.Server (Server.java:doStart(419)) - Started @86435ms
2019-10-14 11:02:27,296 [main] WARN  impl.MetricsSystemImpl (MetricsSystemImpl.java:register(276)) - Sink prometheus already exists!
2019-10-14 11:02:27,297 [main] INFO  server.BaseHttpServer (BaseHttpServer.java:updateConnectorAddress(215)) - HTTP server of HDDSDATANODE is listening at http://0.0.0.0:33295
2019-10-14 11:02:27,297 [main] INFO  impl.MetricsSystemImpl (MetricsSystemImpl.java:init(158)) - HddsDatanode metrics system started (again)
2019-10-14 11:02:27,302 [org.apache.hadoop.util.JvmPauseMonitor$Monitor@7a2ad239] INFO  util.JvmPauseMonitor (JvmPauseMonitor.java:run(188)) - Starting JVM pause monitor
2019-10-14 11:02:27,303 [main] INFO  ozone.HddsDatanodeService (HddsDatanodeService.java:start(184)) - HddsDatanodeService host:pr-hdds-2196-x574v-1375001003 ip:192.168.151.96
2019-10-14 11:02:27,304 [Datanode State Machine Thread - 0] INFO  datanode.InitDatanodeState (InitDatanodeState.java:persistContainerDatanodeDetails(140)) - DatanodeDetails is persisted to /workdir/hadoop-ozone/integration-test/target/test-dir/MiniOzoneClusterImpl-a82654f8-8fde-4516-849a-274121d7ac60/datanode-5/meta/datanode.id
2019-10-14 11:02:27,309 [main] INFO  volume.HddsVolume (HddsVolume.java:<init>(176)) - Creating Volume: /workdir/hadoop-ozone/integration-test/target/test-dir/MiniOzoneClusterImpl-a82654f8-8fde-4516-849a-274121d7ac60/datanode-6/data/containers/hdds of  storage type : DISK and capacity : 1482555576320
2019-10-14 11:02:27,310 [main] INFO  volume.VolumeSet (VolumeSet.java:initializeVolumeSet(170)) - Added Volume : /workdir/hadoop-ozone/integration-test/target/test-dir/MiniOzoneClusterImpl-a82654f8-8fde-4516-849a-274121d7ac60/datanode-6/data/containers/hdds to VolumeSet
2019-10-14 11:02:27,310 [main] INFO  volume.ThrottledAsyncChecker (ThrottledAsyncChecker.java:schedule(139)) - Scheduling a check for org.apache.hadoop.ozone.container.common.volume.HddsVolume@3610f277
2019-10-14 11:02:27,311 [main] INFO  volume.HddsVolumeChecker (HddsVolumeChecker.java:checkAllVolumes(202)) - Scheduled health check for volume org.apache.hadoop.ozone.container.common.volume.HddsVolume@3610f277
2019-10-14 11:02:27,329 [main] INFO  impl.RaftServerProxy (ConfUtils.java:logGet(43)) - raft.rpc.type = GRPC (default)
2019-10-14 11:02:27,329 [main] INFO  grpc.GrpcFactory (GrpcFactory.java:checkPooledByteBufAllocatorUseCacheForAllThreads(45)) - PERFORMANCE WARNING: useCacheForAllThreads is true that may cause Netty to create a lot garbage objects and, as a result, trigger GC.
	It is recommended to disable useCacheForAllThreads by setting -Dorg.apache.ratis.thirdparty.io.netty.allocator.useCacheForAllThreads=false in command line.
2019-10-14 11:02:27,330 [main] INFO  grpc.GrpcConfigKeys$Server (ConfUtils.java:logGet(43)) - raft.grpc.server.port = 0 (default)
2019-10-14 11:02:27,330 [main] INFO  server.GrpcService (ConfUtils.java:logGet(43)) - raft.grpc.message.size.max = 33570816 (custom)
2019-10-14 11:02:27,330 [main] INFO  server.RaftServerConfigKeys (ConfUtils.java:logGet(43)) - raft.server.log.appender.buffer.byte-limit = 33554432 (custom)
2019-10-14 11:02:27,331 [main] INFO  server.GrpcService (ConfUtils.java:logGet(43)) - raft.grpc.flow.control.window = 1MB (=1048576) (default)
2019-10-14 11:02:27,331 [main] INFO  server.RaftServerConfigKeys (ConfUtils.java:logGet(43)) - raft.server.rpc.request.timeout = 3000ms (default)
2019-10-14 11:02:27,331 [main] INFO  server.RaftServerConfigKeys (ConfUtils.java:logGet(43)) - raft.server.storage.dir = [/workdir/hadoop-ozone/integration-test/target/test-dir/MiniOzoneClusterImpl-a82654f8-8fde-4516-849a-274121d7ac60/datanode-6/data/ratis] (custom)
2019-10-14 11:02:27,333 [main] INFO  hdfs.DFSUtil (DFSUtil.java:httpServerTemplateForNNAndJN(1641)) - Starting Web-server for hddsDatanode at: http://0.0.0.0:0
2019-10-14 11:02:27,335 [main] INFO  server.AuthenticationFilter (AuthenticationFilter.java:constructSecretProvider(240)) - Unable to initialize FileSignerSecretProvider, falling back to use random secrets.
2019-10-14 11:02:27,335 [main] WARN  http.HttpRequestLog (HttpRequestLog.java:getRequestLog(97)) - Jetty request log can only be enabled using Log4j
2019-10-14 11:02:27,337 [main] INFO  http.HttpServer2 (HttpServer2.java:addGlobalFilter(975)) - Added global filter 'safety' (class=org.apache.hadoop.http.HttpServer2$QuotingInputFilter)
2019-10-14 11:02:27,338 [main] INFO  http.HttpServer2 (HttpServer2.java:addFilter(948)) - Added filter static_user_filter (class=org.apache.hadoop.http.lib.StaticUserWebFilter$StaticUserFilter) to context hddsDatanode
2019-10-14 11:02:27,338 [main] INFO  http.HttpServer2 (HttpServer2.java:addFilter(958)) - Added filter static_user_filter (class=org.apache.hadoop.http.lib.StaticUserWebFilter$StaticUserFilter) to context static
2019-10-14 11:02:27,339 [main] INFO  http.HttpServer2 (HttpServer2.java:addFilter(958)) - Added filter static_user_filter (class=org.apache.hadoop.http.lib.StaticUserWebFilter$StaticUserFilter) to context logs
2019-10-14 11:02:27,339 [main] INFO  http.HttpServer2 (HttpServer2.java:bindListener(1191)) - Jetty bound to port 43589
2019-10-14 11:02:27,340 [main] INFO  server.Server (Server.java:doStart(351)) - jetty-9.3.25.v20180904, build timestamp: 2018-09-04T21:11:46Z, git hash: 3ce520221d0240229c862b122d2b06c12a625732
2019-10-14 11:02:27,342 [main] INFO  handler.ContextHandler (ContextHandler.java:doStart(781)) - Started o.e.j.s.ServletContextHandler@4087c7fc{/logs,file:///workdir/hadoop-ozone/integration-test/target/log,AVAILABLE}
2019-10-14 11:02:27,342 [main] INFO  handler.ContextHandler (ContextHandler.java:doStart(781)) - Started o.e.j.s.ServletContextHandler@4cfa83f9{/static,jar:file:/home/user/.m2/repository/org/apache/hadoop/hadoop-hdds-container-service/0.5.0-SNAPSHOT/hadoop-hdds-container-service-0.5.0-SNAPSHOT.jar!/webapps/static,AVAILABLE}
2019-10-14 11:02:27,378 [main] INFO  handler.ContextHandler (ContextHandler.java:doStart(781)) - Started o.e.j.w.WebAppContext@53d9826f{/,file:///tmp/jetty-0.0.0.0-43589-hddsDatanode-_-any-8413374861348650681.dir/webapp/,AVAILABLE}{/hddsDatanode}
2019-10-14 11:02:27,378 [main] INFO  server.AbstractConnector (AbstractConnector.java:doStart(278)) - Started ServerConnector@1e84f3c8{HTTP/1.1,[http/1.1]}{0.0.0.0:43589}
2019-10-14 11:02:27,380 [main] INFO  server.Server (Server.java:doStart(419)) - Started @86519ms
2019-10-14 11:02:27,380 [main] WARN  impl.MetricsSystemImpl (MetricsSystemImpl.java:register(276)) - Sink prometheus already exists!
2019-10-14 11:02:27,381 [main] INFO  server.BaseHttpServer (BaseHttpServer.java:updateConnectorAddress(215)) - HTTP server of HDDSDATANODE is listening at http://0.0.0.0:43589
2019-10-14 11:02:27,381 [main] INFO  ozone.MiniOzoneClusterImpl (MiniOzoneClusterImpl.java:lambda$waitForClusterToBeReady$0(147)) - Waiting for cluster to be ready. Got 0 of 7 DN Heartbeats.
2019-10-14 11:02:27,383 [org.apache.hadoop.util.JvmPauseMonitor$Monitor@20e1ce1d] INFO  util.JvmPauseMonitor (JvmPauseMonitor.java:run(188)) - Starting JVM pause monitor
2019-10-14 11:02:27,385 [Datanode State Machine Thread - 0] INFO  datanode.InitDatanodeState (InitDatanodeState.java:persistContainerDatanodeDetails(140)) - DatanodeDetails is persisted to /workdir/hadoop-ozone/integration-test/target/test-dir/MiniOzoneClusterImpl-a82654f8-8fde-4516-849a-274121d7ac60/datanode-6/meta/datanode.id
2019-10-14 11:02:28,383 [main] INFO  ozone.MiniOzoneClusterImpl (MiniOzoneClusterImpl.java:lambda$waitForClusterToBeReady$0(147)) - Waiting for cluster to be ready. Got 0 of 7 DN Heartbeats.
2019-10-14 11:02:28,999 [Datanode State Machine Thread - 0] INFO  ozoneimpl.OzoneContainer (OzoneContainer.java:start(217)) - Attempting to start container services.
2019-10-14 11:02:29,001 [Datanode State Machine Thread - 0] INFO  ozoneimpl.OzoneContainer (OzoneContainer.java:startContainerScrub(179)) - Background container scanner has been disabled.
2019-10-14 11:02:29,002 [Datanode State Machine Thread - 0] INFO  ratis.XceiverServerRatis (XceiverServerRatis.java:start(417)) - Starting XceiverServerRatis 98e6d6fb-052e-419e-84b1-2ac665757303 at port 0
2019-10-14 11:02:29,007 [Datanode State Machine Thread - 0] INFO  impl.RaftServerProxy (RaftServerProxy.java:lambda$start$3(299)) - 98e6d6fb-052e-419e-84b1-2ac665757303: start RPC server
2019-10-14 11:02:29,009 [Datanode State Machine Thread - 0] INFO  server.GrpcService (GrpcService.java:startImpl(158)) - 98e6d6fb-052e-419e-84b1-2ac665757303: GrpcService started, listening on 0.0.0.0/0.0.0.0:43380
2019-10-14 11:02:29,009 [Datanode State Machine Thread - 0] INFO  ratis.XceiverServerRatis (XceiverServerRatis.java:start(427)) - XceiverServerRatis 98e6d6fb-052e-419e-84b1-2ac665757303 is started using port 43380
2019-10-14 11:02:29,009 [Datanode State Machine Thread - 0] INFO  server.XceiverServerGrpc (XceiverServerGrpc.java:start(149)) - XceiverServerGrpc 98e6d6fb-052e-419e-84b1-2ac665757303 is started using port 42781
2019-10-14 11:02:29,058 [Datanode State Machine Thread - 0] INFO  ozoneimpl.OzoneContainer (OzoneContainer.java:start(217)) - Attempting to start container services.
2019-10-14 11:02:29,063 [Datanode State Machine Thread - 0] INFO  ozoneimpl.OzoneContainer (OzoneContainer.java:startContainerScrub(179)) - Background container scanner has been disabled.
2019-10-14 11:02:29,063 [Datanode State Machine Thread - 0] INFO  ratis.XceiverServerRatis (XceiverServerRatis.java:start(417)) - Starting XceiverServerRatis 5f3ade76-58b9-4995-8f05-6aec01899244 at port 0
2019-10-14 11:02:29,067 [Datanode State Machine Thread - 0] INFO  impl.RaftServerProxy (RaftServerProxy.java:lambda$start$3(299)) - 5f3ade76-58b9-4995-8f05-6aec01899244: start RPC server
2019-10-14 11:02:29,069 [Datanode State Machine Thread - 0] INFO  server.GrpcService (GrpcService.java:startImpl(158)) - 5f3ade76-58b9-4995-8f05-6aec01899244: GrpcService started, listening on 0.0.0.0/0.0.0.0:42900
2019-10-14 11:02:29,069 [Datanode State Machine Thread - 0] INFO  ratis.XceiverServerRatis (XceiverServerRatis.java:start(427)) - XceiverServerRatis 5f3ade76-58b9-4995-8f05-6aec01899244 is started using port 42900
2019-10-14 11:02:29,069 [Datanode State Machine Thread - 0] INFO  server.XceiverServerGrpc (XceiverServerGrpc.java:start(149)) - XceiverServerGrpc 5f3ade76-58b9-4995-8f05-6aec01899244 is started using port 34284
2019-10-14 11:02:29,115 [Datanode State Machine Thread - 0] INFO  ozoneimpl.OzoneContainer (OzoneContainer.java:start(217)) - Attempting to start container services.
2019-10-14 11:02:29,115 [Datanode State Machine Thread - 0] INFO  ozoneimpl.OzoneContainer (OzoneContainer.java:startContainerScrub(179)) - Background container scanner has been disabled.
2019-10-14 11:02:29,115 [Datanode State Machine Thread - 0] INFO  ratis.XceiverServerRatis (XceiverServerRatis.java:start(417)) - Starting XceiverServerRatis 4d6dca3e-8084-4c25-a5d6-8974815c498b at port 0
2019-10-14 11:02:29,121 [Datanode State Machine Thread - 0] INFO  impl.RaftServerProxy (RaftServerProxy.java:lambda$start$3(299)) - 4d6dca3e-8084-4c25-a5d6-8974815c498b: start RPC server
2019-10-14 11:02:29,122 [Datanode State Machine Thread - 0] INFO  server.GrpcService (GrpcService.java:startImpl(158)) - 4d6dca3e-8084-4c25-a5d6-8974815c498b: GrpcService started, listening on 0.0.0.0/0.0.0.0:46111
2019-10-14 11:02:29,122 [Datanode State Machine Thread - 0] INFO  ratis.XceiverServerRatis (XceiverServerRatis.java:start(427)) - XceiverServerRatis 4d6dca3e-8084-4c25-a5d6-8974815c498b is started using port 46111
2019-10-14 11:02:29,141 [Datanode State Machine Thread - 0] INFO  server.XceiverServerGrpc (XceiverServerGrpc.java:start(149)) - XceiverServerGrpc 4d6dca3e-8084-4c25-a5d6-8974815c498b is started using port 39578
2019-10-14 11:02:29,176 [Datanode State Machine Thread - 0] INFO  ozoneimpl.OzoneContainer (OzoneContainer.java:start(217)) - Attempting to start container services.
2019-10-14 11:02:29,176 [Datanode State Machine Thread - 0] INFO  ozoneimpl.OzoneContainer (OzoneContainer.java:startContainerScrub(179)) - Background container scanner has been disabled.
2019-10-14 11:02:29,176 [Datanode State Machine Thread - 0] INFO  ratis.XceiverServerRatis (XceiverServerRatis.java:start(417)) - Starting XceiverServerRatis 95a8ec7c-881c-4c51-b165-923478414dcb at port 0
2019-10-14 11:02:29,183 [Datanode State Machine Thread - 0] INFO  impl.RaftServerProxy (RaftServerProxy.java:lambda$start$3(299)) - 95a8ec7c-881c-4c51-b165-923478414dcb: start RPC server
2019-10-14 11:02:29,183 [Datanode State Machine Thread - 0] INFO  server.GrpcService (GrpcService.java:startImpl(158)) - 95a8ec7c-881c-4c51-b165-923478414dcb: GrpcService started, listening on 0.0.0.0/0.0.0.0:45666
2019-10-14 11:02:29,183 [Datanode State Machine Thread - 0] INFO  ratis.XceiverServerRatis (XceiverServerRatis.java:start(427)) - XceiverServerRatis 95a8ec7c-881c-4c51-b165-923478414dcb is started using port 45666
2019-10-14 11:02:29,186 [Datanode State Machine Thread - 0] INFO  server.XceiverServerGrpc (XceiverServerGrpc.java:start(149)) - XceiverServerGrpc 95a8ec7c-881c-4c51-b165-923478414dcb is started using port 33083
2019-10-14 11:02:29,243 [Datanode State Machine Thread - 0] INFO  ozoneimpl.OzoneContainer (OzoneContainer.java:start(217)) - Attempting to start container services.
2019-10-14 11:02:29,243 [Datanode State Machine Thread - 0] INFO  ozoneimpl.OzoneContainer (OzoneContainer.java:startContainerScrub(179)) - Background container scanner has been disabled.
2019-10-14 11:02:29,243 [Datanode State Machine Thread - 0] INFO  ratis.XceiverServerRatis (XceiverServerRatis.java:start(417)) - Starting XceiverServerRatis 458a964a-7a0c-43a0-9817-f8fa0e453b36 at port 0
2019-10-14 11:02:29,248 [Datanode State Machine Thread - 0] INFO  impl.RaftServerProxy (RaftServerProxy.java:lambda$start$3(299)) - 458a964a-7a0c-43a0-9817-f8fa0e453b36: start RPC server
2019-10-14 11:02:29,251 [Datanode State Machine Thread - 0] INFO  server.GrpcService (GrpcService.java:startImpl(158)) - 458a964a-7a0c-43a0-9817-f8fa0e453b36: GrpcService started, listening on 0.0.0.0/0.0.0.0:34381
2019-10-14 11:02:29,251 [Datanode State Machine Thread - 0] INFO  ratis.XceiverServerRatis (XceiverServerRatis.java:start(427)) - XceiverServerRatis 458a964a-7a0c-43a0-9817-f8fa0e453b36 is started using port 34381
2019-10-14 11:02:29,251 [Datanode State Machine Thread - 0] INFO  server.XceiverServerGrpc (XceiverServerGrpc.java:start(149)) - XceiverServerGrpc 458a964a-7a0c-43a0-9817-f8fa0e453b36 is started using port 41202
2019-10-14 11:02:29,317 [Datanode State Machine Thread - 0] INFO  ozoneimpl.OzoneContainer (OzoneContainer.java:start(217)) - Attempting to start container services.
2019-10-14 11:02:29,318 [Datanode State Machine Thread - 0] INFO  ozoneimpl.OzoneContainer (OzoneContainer.java:startContainerScrub(179)) - Background container scanner has been disabled.
2019-10-14 11:02:29,318 [Datanode State Machine Thread - 0] INFO  ratis.XceiverServerRatis (XceiverServerRatis.java:start(417)) - Starting XceiverServerRatis 5adfdb7b-6840-444d-bd3d-1f1f03d16852 at port 0
2019-10-14 11:02:29,323 [Datanode State Machine Thread - 0] INFO  impl.RaftServerProxy (RaftServerProxy.java:lambda$start$3(299)) - 5adfdb7b-6840-444d-bd3d-1f1f03d16852: start RPC server
2019-10-14 11:02:29,324 [Datanode State Machine Thread - 0] INFO  server.GrpcService (GrpcService.java:startImpl(158)) - 5adfdb7b-6840-444d-bd3d-1f1f03d16852: GrpcService started, listening on 0.0.0.0/0.0.0.0:38556
2019-10-14 11:02:29,324 [Datanode State Machine Thread - 0] INFO  ratis.XceiverServerRatis (XceiverServerRatis.java:start(427)) - XceiverServerRatis 5adfdb7b-6840-444d-bd3d-1f1f03d16852 is started using port 38556
2019-10-14 11:02:29,325 [Datanode State Machine Thread - 0] INFO  server.XceiverServerGrpc (XceiverServerGrpc.java:start(149)) - XceiverServerGrpc 5adfdb7b-6840-444d-bd3d-1f1f03d16852 is started using port 37344
2019-10-14 11:02:29,383 [main] INFO  ozone.MiniOzoneClusterImpl (MiniOzoneClusterImpl.java:lambda$waitForClusterToBeReady$0(147)) - Waiting for cluster to be ready. Got 0 of 7 DN Heartbeats.
2019-10-14 11:02:29,397 [Datanode State Machine Thread - 0] INFO  ozoneimpl.OzoneContainer (OzoneContainer.java:start(217)) - Attempting to start container services.
2019-10-14 11:02:29,398 [Datanode State Machine Thread - 0] INFO  ozoneimpl.OzoneContainer (OzoneContainer.java:startContainerScrub(179)) - Background container scanner has been disabled.
2019-10-14 11:02:29,398 [Datanode State Machine Thread - 0] INFO  ratis.XceiverServerRatis (XceiverServerRatis.java:start(417)) - Starting XceiverServerRatis 7ed0715f-94fc-4e68-a684-0445b62e3527 at port 0
2019-10-14 11:02:29,403 [Datanode State Machine Thread - 0] INFO  impl.RaftServerProxy (RaftServerProxy.java:lambda$start$3(299)) - 7ed0715f-94fc-4e68-a684-0445b62e3527: start RPC server
2019-10-14 11:02:29,406 [Datanode State Machine Thread - 0] INFO  server.GrpcService (GrpcService.java:startImpl(158)) - 7ed0715f-94fc-4e68-a684-0445b62e3527: GrpcService started, listening on 0.0.0.0/0.0.0.0:40279
2019-10-14 11:02:29,406 [Datanode State Machine Thread - 0] INFO  ratis.XceiverServerRatis (XceiverServerRatis.java:start(427)) - XceiverServerRatis 7ed0715f-94fc-4e68-a684-0445b62e3527 is started using port 40279
2019-10-14 11:02:29,407 [Datanode State Machine Thread - 0] INFO  server.XceiverServerGrpc (XceiverServerGrpc.java:start(149)) - XceiverServerGrpc 7ed0715f-94fc-4e68-a684-0445b62e3527 is started using port 45936
2019-10-14 11:02:30,384 [main] INFO  ozone.MiniOzoneClusterImpl (MiniOzoneClusterImpl.java:lambda$waitForClusterToBeReady$0(147)) - Waiting for cluster to be ready. Got 0 of 7 DN Heartbeats.
2019-10-14 11:02:30,976 [IPC Server handler 0 on 39190] INFO  net.NetworkTopology (NetworkTopologyImpl.java:add(111)) - Added a new node: /default-rack/98e6d6fb-052e-419e-84b1-2ac665757303
2019-10-14 11:02:30,979 [IPC Server handler 0 on 39190] INFO  node.SCMNodeManager (SCMNodeManager.java:register(313)) - Registered Data node : 98e6d6fb-052e-419e-84b1-2ac665757303{ip: 192.168.151.96, host: pr-hdds-2196-x574v-1375001003, networkLocation: /default-rack, certSerialId: null}
2019-10-14 11:02:30,980 [EventQueue-NodeRegistrationContainerReportForDataNodeSafeModeRule] INFO  safemode.SCMSafeModeManager (DataNodeSafeModeRule.java:process(71)) - SCM in safe mode. 1 DataNodes registered, 1 required.
2019-10-14 11:02:30,983 [EventQueue-NodeRegistrationContainerReportForDataNodeSafeModeRule] INFO  safemode.SCMSafeModeManager (SCMSafeModeManager.java:validateSafeModeExitRules(177)) - ScmSafeModeManager, all rules are successfully validated
2019-10-14 11:02:30,983 [EventQueue-NodeRegistrationContainerReportForDataNodeSafeModeRule] INFO  safemode.SCMSafeModeManager (SCMSafeModeManager.java:exitSafeMode(193)) - SCM exiting safe mode.
2019-10-14 11:02:31,003 [grpc-default-executor-0] INFO  impl.RaftServerProxy (RaftServerProxy.java:addNew(89)) - 98e6d6fb-052e-419e-84b1-2ac665757303: addNew group-1CF826D262C1:[98e6d6fb-052e-419e-84b1-2ac665757303:192.168.151.96:43380] returns group-1CF826D262C1:java.util.concurrent.CompletableFuture@39e28fc9[Not completed]
2019-10-14 11:02:31,006 [pool-119-thread-1] INFO  impl.RaftServerImpl (RaftServerImpl.java:<init>(95)) - 98e6d6fb-052e-419e-84b1-2ac665757303: new RaftServerImpl for group-1CF826D262C1:[98e6d6fb-052e-419e-84b1-2ac665757303:192.168.151.96:43380] with ContainerStateMachine:uninitialized
2019-10-14 11:02:31,006 [pool-119-thread-1] INFO  server.RaftServerConfigKeys (ConfUtils.java:logGet(43)) - raft.server.rpc.timeout.min = 5s (custom)
2019-10-14 11:02:31,007 [pool-119-thread-1] INFO  server.RaftServerConfigKeys (ConfUtils.java:logGet(43)) - raft.server.rpc.timeout.max = 5200ms (custom)
2019-10-14 11:02:31,007 [pool-119-thread-1] INFO  server.RaftServerConfigKeys (ConfUtils.java:logGet(43)) - raft.server.rpcslowness.timeout = 120s (custom)
2019-10-14 11:02:31,007 [pool-119-thread-1] INFO  server.RaftServerConfigKeys (ConfUtils.java:logGet(43)) - raft.server.sleep.deviation.threshold = 300 (default)
2019-10-14 11:02:31,007 [pool-119-thread-1] INFO  server.RaftServerConfigKeys (ConfUtils.java:logGet(43)) - raft.server.log.appender.install.snapshot.enabled = false (custom)
2019-10-14 11:02:31,007 [pool-119-thread-1] INFO  impl.RaftServerImpl (ServerState.java:<init>(103)) - 98e6d6fb-052e-419e-84b1-2ac665757303@group-1CF826D262C1: ConfigurationManager, init=-1: [98e6d6fb-052e-419e-84b1-2ac665757303:192.168.151.96:43380], old=null, confs=<EMPTY_MAP>
2019-10-14 11:02:31,008 [pool-119-thread-1] INFO  server.RaftServerConfigKeys (ConfUtils.java:logGet(43)) - raft.server.storage.dir = [/workdir/hadoop-ozone/integration-test/target/test-dir/MiniOzoneClusterImpl-a82654f8-8fde-4516-849a-274121d7ac60/datanode-0/data/ratis] (custom)
2019-10-14 11:02:31,008 [pool-119-thread-1] INFO  server.RaftServerConfigKeys (ConfUtils.java:logGet(43)) - raft.server.log.corruption.policy = EXCEPTION (default)
2019-10-14 11:02:31,008 [pool-119-thread-1] INFO  storage.RaftStorageDirectory (RaftStorageDirectory.java:analyzeStorage(246)) - The storage directory /workdir/hadoop-ozone/integration-test/target/test-dir/MiniOzoneClusterImpl-a82654f8-8fde-4516-849a-274121d7ac60/datanode-0/data/ratis/4b7bfdfb-75e0-425a-8606-1cf826d262c1 does not exist. Creating ...
2019-10-14 11:02:31,021 [pool-119-thread-1] INFO  storage.RaftStorageDirectory (RaftStorageDirectory.java:tryLock(328)) - Lock on /workdir/hadoop-ozone/integration-test/target/test-dir/MiniOzoneClusterImpl-a82654f8-8fde-4516-849a-274121d7ac60/datanode-0/data/ratis/4b7bfdfb-75e0-425a-8606-1cf826d262c1/in_use.lock acquired by nodename 13552@pr-hdds-2196-x574v-1375001003
2019-10-14 11:02:31,035 [pool-119-thread-1] INFO  storage.RaftStorage (RaftStorage.java:format(84)) - Storage directory /workdir/hadoop-ozone/integration-test/target/test-dir/MiniOzoneClusterImpl-a82654f8-8fde-4516-849a-274121d7ac60/datanode-0/data/ratis/4b7bfdfb-75e0-425a-8606-1cf826d262c1 has been successfully formatted.
2019-10-14 11:02:31,035 [pool-119-thread-1] INFO  ratis.ContainerStateMachine (ContainerStateMachine.java:loadSnapshot(230)) - group-1CF826D262C1: The snapshot info is null. Setting the last applied indexto:(t:0, i:~)
2019-10-14 11:02:31,035 [pool-119-thread-1] INFO  server.RaftServerConfigKeys (ConfUtils.java:logGet(43)) - raft.server.notification.no-leader.timeout = 120s (custom)
2019-10-14 11:02:31,035 [pool-119-thread-1] INFO  server.RaftServerConfigKeys (ConfUtils.java:logGet(43)) - raft.server.log.use.memory = false (default)
2019-10-14 11:02:31,036 [pool-119-thread-1] INFO  server.RaftServerConfigKeys (ConfUtils.java:logGet(43)) - raft.server.log.purge.gap = 1000000 (custom)
2019-10-14 11:02:31,036 [pool-119-thread-1] INFO  server.RaftServerConfigKeys (ConfUtils.java:logGet(43)) - raft.server.log.appender.buffer.byte-limit = 33554432 (custom)
2019-10-14 11:02:31,036 [pool-119-thread-1] INFO  server.RaftServerConfigKeys (ConfUtils.java:logGet(43)) - raft.server.log.segment.size.max = 1048576 (custom)
2019-10-14 11:02:31,039 [IPC Server handler 1 on 39190] INFO  net.NetworkTopology (NetworkTopologyImpl.java:add(111)) - Added a new node: /default-rack/5f3ade76-58b9-4995-8f05-6aec01899244
2019-10-14 11:02:31,039 [pool-119-thread-1] INFO  server.RaftServerConfigKeys (ConfUtils.java:logGet(43)) - raft.server.log.segment.cache.num.max = 2 (custom)
2019-10-14 11:02:31,039 [IPC Server handler 1 on 39190] INFO  node.SCMNodeManager (SCMNodeManager.java:register(313)) - Registered Data node : 5f3ade76-58b9-4995-8f05-6aec01899244{ip: 192.168.151.96, host: pr-hdds-2196-x574v-1375001003, networkLocation: /default-rack, certSerialId: null}
2019-10-14 11:02:31,039 [pool-119-thread-1] INFO  segmented.SegmentedRaftLogWorker (SegmentedRaftLogWorker.java:<init>(173)) - new 98e6d6fb-052e-419e-84b1-2ac665757303@group-1CF826D262C1-SegmentedRaftLogWorker for RaftStorage:Storage Directory /workdir/hadoop-ozone/integration-test/target/test-dir/MiniOzoneClusterImpl-a82654f8-8fde-4516-849a-274121d7ac60/datanode-0/data/ratis/4b7bfdfb-75e0-425a-8606-1cf826d262c1
2019-10-14 11:02:31,040 [pool-119-thread-1] INFO  server.RaftServerConfigKeys (ConfUtils.java:logGet(43)) - raft.server.log.queue.byte-limit = 2147483647 (custom)
2019-10-14 11:02:31,040 [pool-119-thread-1] INFO  server.RaftServerConfigKeys (ConfUtils.java:logGet(43)) - raft.server.log.queue.element-limit = 1024 (custom)
2019-10-14 11:02:31,040 [pool-119-thread-1] INFO  server.RaftServerConfigKeys (ConfUtils.java:logGet(43)) - raft.server.log.segment.size.max = 1048576 (custom)
2019-10-14 11:02:31,040 [pool-119-thread-1] INFO  server.RaftServerConfigKeys (ConfUtils.java:logGet(43)) - raft.server.log.preallocated.size = 16384 (custom)
2019-10-14 11:02:31,041 [pool-119-thread-1] INFO  server.RaftServerConfigKeys (ConfUtils.java:logGet(43)) - raft.server.log.write.buffer.size = 33554432 (custom)
2019-10-14 11:02:31,041 [pool-119-thread-1] INFO  server.RaftServerConfigKeys (ConfUtils.java:logGet(43)) - raft.server.log.force.sync.num = 128 (default)
2019-10-14 11:02:31,041 [pool-119-thread-1] INFO  server.RaftServerConfigKeys (ConfUtils.java:logGet(43)) - raft.server.log.statemachine.data.sync = true (default)
2019-10-14 11:02:31,041 [pool-119-thread-1] INFO  server.RaftServerConfigKeys (ConfUtils.java:logGet(43)) - raft.server.log.statemachine.data.sync.timeout = 10s (default)
2019-10-14 11:02:31,041 [pool-119-thread-1] INFO  server.RaftServerConfigKeys (ConfUtils.java:logGet(43)) - raft.server.log.statemachine.data.sync.timeout.retry = -1 (default)
2019-10-14 11:02:31,042 [pool-119-thread-1] INFO  server.RaftServerConfigKeys (ConfUtils.java:logGet(43)) - raft.server.log.statemachine.data.caching.enabled = true (custom)
2019-10-14 11:02:31,042 [pool-119-thread-1] INFO  segmented.SegmentedRaftLogWorker (SegmentedRaftLogWorker.java:lambda$new$0(128)) - 98e6d6fb-052e-419e-84b1-2ac665757303@group-1CF826D262C1-SegmentedRaftLogWorker: flushIndex: setUnconditionally 0 -> -1
2019-10-14 11:02:31,043 [pool-119-thread-1] INFO  server.RaftServerConfigKeys (ConfUtils.java:logGet(43)) - raft.server.snapshot.auto.trigger.enabled = true (custom)
2019-10-14 11:02:31,043 [pool-119-thread-1] INFO  server.RaftServerConfigKeys (ConfUtils.java:logGet(43)) - raft.server.snapshot.auto.trigger.threshold = 10000 (custom)
2019-10-14 11:02:31,043 [pool-119-thread-1] INFO  server.RaftServerConfigKeys (ConfUtils.java:logGet(43)) - raft.server.snapshot.retention.file.num = 5 (custom)
2019-10-14 11:02:31,043 [pool-119-thread-1] INFO  server.RaftServerConfigKeys (ConfUtils.java:logGet(43)) - raft.server.retrycache.expirytime = 600000ms (custom)
2019-10-14 11:02:31,046 [pool-119-thread-1] INFO  impl.RaftServerImpl (RaftServerImpl.java:start(181)) - 98e6d6fb-052e-419e-84b1-2ac665757303@group-1CF826D262C1: start as a follower, conf=-1: [98e6d6fb-052e-419e-84b1-2ac665757303:192.168.151.96:43380], old=null
2019-10-14 11:02:31,046 [pool-119-thread-1] INFO  impl.RaftServerImpl (RaftServerImpl.java:setRole(170)) - 98e6d6fb-052e-419e-84b1-2ac665757303@group-1CF826D262C1: changes role from      null to FOLLOWER at term 0 for startAsFollower
2019-10-14 11:02:31,046 [pool-119-thread-1] INFO  impl.RoleInfo (RoleInfo.java:updateAndGet(143)) - 98e6d6fb-052e-419e-84b1-2ac665757303: start FollowerState
2019-10-14 11:02:31,046 [pool-119-thread-1] INFO  util.JmxRegister (JmxRegister.java:tryRegister(44)) - Successfully registered JMX Bean with object name Ratis:service=RaftServer,group=group-1CF826D262C1,id=98e6d6fb-052e-419e-84b1-2ac665757303
2019-10-14 11:02:31,075 [RatisPipelineUtilsThread] INFO  pipeline.PipelineStateManager (PipelineStateManager.java:addPipeline(56)) - Created pipeline Pipeline[ Id: 4b7bfdfb-75e0-425a-8606-1cf826d262c1, Nodes: 98e6d6fb-052e-419e-84b1-2ac665757303{ip: 192.168.151.96, host: pr-hdds-2196-x574v-1375001003, networkLocation: /default-rack, certSerialId: null}, Type:RATIS, Factor:ONE, State:OPEN]
2019-10-14 11:02:31,084 [grpc-default-executor-0] INFO  impl.RaftServerProxy (RaftServerProxy.java:addNew(89)) - 5f3ade76-58b9-4995-8f05-6aec01899244: addNew group-AE091D9D5B71:[5f3ade76-58b9-4995-8f05-6aec01899244:192.168.151.96:42900] returns group-AE091D9D5B71:java.util.concurrent.CompletableFuture@5b50cd6[Not completed]
2019-10-14 11:02:31,087 [pool-129-thread-1] INFO  impl.RaftServerImpl (RaftServerImpl.java:<init>(95)) - 5f3ade76-58b9-4995-8f05-6aec01899244: new RaftServerImpl for group-AE091D9D5B71:[5f3ade76-58b9-4995-8f05-6aec01899244:192.168.151.96:42900] with ContainerStateMachine:uninitialized
2019-10-14 11:02:31,088 [pool-129-thread-1] INFO  server.RaftServerConfigKeys (ConfUtils.java:logGet(43)) - raft.server.rpc.timeout.min = 5s (custom)
2019-10-14 11:02:31,088 [pool-129-thread-1] INFO  server.RaftServerConfigKeys (ConfUtils.java:logGet(43)) - raft.server.rpc.timeout.max = 5200ms (custom)
2019-10-14 11:02:31,088 [pool-129-thread-1] INFO  server.RaftServerConfigKeys (ConfUtils.java:logGet(43)) - raft.server.rpcslowness.timeout = 120s (custom)
2019-10-14 11:02:31,088 [pool-129-thread-1] INFO  server.RaftServerConfigKeys (ConfUtils.java:logGet(43)) - raft.server.sleep.deviation.threshold = 300 (default)
2019-10-14 11:02:31,088 [pool-129-thread-1] INFO  server.RaftServerConfigKeys (ConfUtils.java:logGet(43)) - raft.server.log.appender.install.snapshot.enabled = false (custom)
2019-10-14 11:02:31,088 [pool-129-thread-1] INFO  impl.RaftServerImpl (ServerState.java:<init>(103)) - 5f3ade76-58b9-4995-8f05-6aec01899244@group-AE091D9D5B71: ConfigurationManager, init=-1: [5f3ade76-58b9-4995-8f05-6aec01899244:192.168.151.96:42900], old=null, confs=<EMPTY_MAP>
2019-10-14 11:02:31,089 [pool-129-thread-1] INFO  server.RaftServerConfigKeys (ConfUtils.java:logGet(43)) - raft.server.storage.dir = [/workdir/hadoop-ozone/integration-test/target/test-dir/MiniOzoneClusterImpl-a82654f8-8fde-4516-849a-274121d7ac60/datanode-1/data/ratis] (custom)
2019-10-14 11:02:31,089 [pool-129-thread-1] INFO  server.RaftServerConfigKeys (ConfUtils.java:logGet(43)) - raft.server.log.corruption.policy = EXCEPTION (default)
2019-10-14 11:02:31,089 [pool-129-thread-1] INFO  storage.RaftStorageDirectory (RaftStorageDirectory.java:analyzeStorage(246)) - The storage directory /workdir/hadoop-ozone/integration-test/target/test-dir/MiniOzoneClusterImpl-a82654f8-8fde-4516-849a-274121d7ac60/datanode-1/data/ratis/ffb7c492-9beb-407f-a34f-ae091d9d5b71 does not exist. Creating ...
2019-10-14 11:02:31,101 [IPC Server handler 2 on 39190] INFO  net.NetworkTopology (NetworkTopologyImpl.java:add(111)) - Added a new node: /default-rack/4d6dca3e-8084-4c25-a5d6-8974815c498b
2019-10-14 11:02:31,101 [IPC Server handler 2 on 39190] INFO  node.SCMNodeManager (SCMNodeManager.java:register(313)) - Registered Data node : 4d6dca3e-8084-4c25-a5d6-8974815c498b{ip: 192.168.151.96, host: pr-hdds-2196-x574v-1375001003, networkLocation: /default-rack, certSerialId: null}
2019-10-14 11:02:31,103 [pool-129-thread-1] INFO  storage.RaftStorageDirectory (RaftStorageDirectory.java:tryLock(328)) - Lock on /workdir/hadoop-ozone/integration-test/target/test-dir/MiniOzoneClusterImpl-a82654f8-8fde-4516-849a-274121d7ac60/datanode-1/data/ratis/ffb7c492-9beb-407f-a34f-ae091d9d5b71/in_use.lock acquired by nodename 13552@pr-hdds-2196-x574v-1375001003
2019-10-14 11:02:31,115 [pool-129-thread-1] INFO  storage.RaftStorage (RaftStorage.java:format(84)) - Storage directory /workdir/hadoop-ozone/integration-test/target/test-dir/MiniOzoneClusterImpl-a82654f8-8fde-4516-849a-274121d7ac60/datanode-1/data/ratis/ffb7c492-9beb-407f-a34f-ae091d9d5b71 has been successfully formatted.
2019-10-14 11:02:31,115 [pool-129-thread-1] INFO  ratis.ContainerStateMachine (ContainerStateMachine.java:loadSnapshot(230)) - group-AE091D9D5B71: The snapshot info is null. Setting the last applied indexto:(t:0, i:~)
2019-10-14 11:02:31,115 [pool-129-thread-1] INFO  server.RaftServerConfigKeys (ConfUtils.java:logGet(43)) - raft.server.notification.no-leader.timeout = 120s (custom)
2019-10-14 11:02:31,115 [pool-129-thread-1] INFO  server.RaftServerConfigKeys (ConfUtils.java:logGet(43)) - raft.server.log.use.memory = false (default)
2019-10-14 11:02:31,115 [pool-129-thread-1] INFO  server.RaftServerConfigKeys (ConfUtils.java:logGet(43)) - raft.server.log.purge.gap = 1000000 (custom)
2019-10-14 11:02:31,116 [pool-129-thread-1] INFO  server.RaftServerConfigKeys (ConfUtils.java:logGet(43)) - raft.server.log.appender.buffer.byte-limit = 33554432 (custom)
2019-10-14 11:02:31,116 [pool-129-thread-1] INFO  server.RaftServerConfigKeys (ConfUtils.java:logGet(43)) - raft.server.log.segment.size.max = 1048576 (custom)
2019-10-14 11:02:31,118 [pool-129-thread-1] INFO  server.RaftServerConfigKeys (ConfUtils.java:logGet(43)) - raft.server.log.segment.cache.num.max = 2 (custom)
2019-10-14 11:02:31,118 [pool-129-thread-1] INFO  segmented.SegmentedRaftLogWorker (SegmentedRaftLogWorker.java:<init>(173)) - new 5f3ade76-58b9-4995-8f05-6aec01899244@group-AE091D9D5B71-SegmentedRaftLogWorker for RaftStorage:Storage Directory /workdir/hadoop-ozone/integration-test/target/test-dir/MiniOzoneClusterImpl-a82654f8-8fde-4516-849a-274121d7ac60/datanode-1/data/ratis/ffb7c492-9beb-407f-a34f-ae091d9d5b71
2019-10-14 11:02:31,118 [pool-129-thread-1] INFO  server.RaftServerConfigKeys (ConfUtils.java:logGet(43)) - raft.server.log.queue.byte-limit = 2147483647 (custom)
2019-10-14 11:02:31,118 [pool-129-thread-1] INFO  server.RaftServerConfigKeys (ConfUtils.java:logGet(43)) - raft.server.log.queue.element-limit = 1024 (custom)
2019-10-14 11:02:31,118 [pool-129-thread-1] INFO  server.RaftServerConfigKeys (ConfUtils.java:logGet(43)) - raft.server.log.segment.size.max = 1048576 (custom)
2019-10-14 11:02:31,119 [pool-129-thread-1] INFO  server.RaftServerConfigKeys (ConfUtils.java:logGet(43)) - raft.server.log.preallocated.size = 16384 (custom)
2019-10-14 11:02:31,119 [pool-129-thread-1] INFO  server.RaftServerConfigKeys (ConfUtils.java:logGet(43)) - raft.server.log.write.buffer.size = 33554432 (custom)
2019-10-14 11:02:31,119 [pool-129-thread-1] INFO  server.RaftServerConfigKeys (ConfUtils.java:logGet(43)) - raft.server.log.force.sync.num = 128 (default)
2019-10-14 11:02:31,119 [pool-129-thread-1] INFO  server.RaftServerConfigKeys (ConfUtils.java:logGet(43)) - raft.server.log.statemachine.data.sync = true (default)
2019-10-14 11:02:31,119 [pool-129-thread-1] INFO  server.RaftServerConfigKeys (ConfUtils.java:logGet(43)) - raft.server.log.statemachine.data.sync.timeout = 10s (default)
2019-10-14 11:02:31,119 [pool-129-thread-1] INFO  server.RaftServerConfigKeys (ConfUtils.java:logGet(43)) - raft.server.log.statemachine.data.sync.timeout.retry = -1 (default)
2019-10-14 11:02:31,120 [pool-129-thread-1] INFO  server.RaftServerConfigKeys (ConfUtils.java:logGet(43)) - raft.server.log.statemachine.data.caching.enabled = true (custom)
2019-10-14 11:02:31,120 [pool-129-thread-1] INFO  segmented.SegmentedRaftLogWorker (SegmentedRaftLogWorker.java:lambda$new$0(128)) - 5f3ade76-58b9-4995-8f05-6aec01899244@group-AE091D9D5B71-SegmentedRaftLogWorker: flushIndex: setUnconditionally 0 -> -1
2019-10-14 11:02:31,121 [pool-129-thread-1] INFO  server.RaftServerConfigKeys (ConfUtils.java:logGet(43)) - raft.server.snapshot.auto.trigger.enabled = true (custom)
2019-10-14 11:02:31,121 [pool-129-thread-1] INFO  server.RaftServerConfigKeys (ConfUtils.java:logGet(43)) - raft.server.snapshot.auto.trigger.threshold = 10000 (custom)
2019-10-14 11:02:31,121 [pool-129-thread-1] INFO  server.RaftServerConfigKeys (ConfUtils.java:logGet(43)) - raft.server.snapshot.retention.file.num = 5 (custom)
2019-10-14 11:02:31,121 [pool-129-thread-1] INFO  server.RaftServerConfigKeys (ConfUtils.java:logGet(43)) - raft.server.retrycache.expirytime = 600000ms (custom)
2019-10-14 11:02:31,123 [pool-129-thread-1] INFO  impl.RaftServerImpl (RaftServerImpl.java:start(181)) - 5f3ade76-58b9-4995-8f05-6aec01899244@group-AE091D9D5B71: start as a follower, conf=-1: [5f3ade76-58b9-4995-8f05-6aec01899244:192.168.151.96:42900], old=null
2019-10-14 11:02:31,123 [pool-129-thread-1] INFO  impl.RaftServerImpl (RaftServerImpl.java:setRole(170)) - 5f3ade76-58b9-4995-8f05-6aec01899244@group-AE091D9D5B71: changes role from      null to FOLLOWER at term 0 for startAsFollower
2019-10-14 11:02:31,123 [pool-129-thread-1] INFO  impl.RoleInfo (RoleInfo.java:updateAndGet(143)) - 5f3ade76-58b9-4995-8f05-6aec01899244: start FollowerState
2019-10-14 11:02:31,124 [pool-129-thread-1] INFO  util.JmxRegister (JmxRegister.java:tryRegister(44)) - Successfully registered JMX Bean with object name Ratis:service=RaftServer,group=group-AE091D9D5B71,id=5f3ade76-58b9-4995-8f05-6aec01899244
2019-10-14 11:02:31,129 [RatisPipelineUtilsThread] INFO  pipeline.PipelineStateManager (PipelineStateManager.java:addPipeline(56)) - Created pipeline Pipeline[ Id: ffb7c492-9beb-407f-a34f-ae091d9d5b71, Nodes: 5f3ade76-58b9-4995-8f05-6aec01899244{ip: 192.168.151.96, host: pr-hdds-2196-x574v-1375001003, networkLocation: /default-rack, certSerialId: null}, Type:RATIS, Factor:ONE, State:OPEN]
2019-10-14 11:02:31,138 [grpc-default-executor-0] INFO  impl.RaftServerProxy (RaftServerProxy.java:addNew(89)) - 4d6dca3e-8084-4c25-a5d6-8974815c498b: addNew group-949DC30B10DE:[4d6dca3e-8084-4c25-a5d6-8974815c498b:192.168.151.96:46111] returns group-949DC30B10DE:java.util.concurrent.CompletableFuture@21cee415[Not completed]
2019-10-14 11:02:31,142 [pool-139-thread-1] INFO  impl.RaftServerImpl (RaftServerImpl.java:<init>(95)) - 4d6dca3e-8084-4c25-a5d6-8974815c498b: new RaftServerImpl for group-949DC30B10DE:[4d6dca3e-8084-4c25-a5d6-8974815c498b:192.168.151.96:46111] with ContainerStateMachine:uninitialized
2019-10-14 11:02:31,142 [pool-139-thread-1] INFO  server.RaftServerConfigKeys (ConfUtils.java:logGet(43)) - raft.server.rpc.timeout.min = 5s (custom)
2019-10-14 11:02:31,142 [pool-139-thread-1] INFO  server.RaftServerConfigKeys (ConfUtils.java:logGet(43)) - raft.server.rpc.timeout.max = 5200ms (custom)
2019-10-14 11:02:31,142 [pool-139-thread-1] INFO  server.RaftServerConfigKeys (ConfUtils.java:logGet(43)) - raft.server.rpcslowness.timeout = 120s (custom)
2019-10-14 11:02:31,142 [pool-139-thread-1] INFO  server.RaftServerConfigKeys (ConfUtils.java:logGet(43)) - raft.server.sleep.deviation.threshold = 300 (default)
2019-10-14 11:02:31,142 [pool-139-thread-1] INFO  server.RaftServerConfigKeys (ConfUtils.java:logGet(43)) - raft.server.log.appender.install.snapshot.enabled = false (custom)
2019-10-14 11:02:31,143 [pool-139-thread-1] INFO  impl.RaftServerImpl (ServerState.java:<init>(103)) - 4d6dca3e-8084-4c25-a5d6-8974815c498b@group-949DC30B10DE: ConfigurationManager, init=-1: [4d6dca3e-8084-4c25-a5d6-8974815c498b:192.168.151.96:46111], old=null, confs=<EMPTY_MAP>
2019-10-14 11:02:31,143 [pool-139-thread-1] INFO  server.RaftServerConfigKeys (ConfUtils.java:logGet(43)) - raft.server.storage.dir = [/workdir/hadoop-ozone/integration-test/target/test-dir/MiniOzoneClusterImpl-a82654f8-8fde-4516-849a-274121d7ac60/datanode-2/data/ratis] (custom)
2019-10-14 11:02:31,143 [pool-139-thread-1] INFO  server.RaftServerConfigKeys (ConfUtils.java:logGet(43)) - raft.server.log.corruption.policy = EXCEPTION (default)
2019-10-14 11:02:31,143 [pool-139-thread-1] INFO  storage.RaftStorageDirectory (RaftStorageDirectory.java:analyzeStorage(246)) - The storage directory /workdir/hadoop-ozone/integration-test/target/test-dir/MiniOzoneClusterImpl-a82654f8-8fde-4516-849a-274121d7ac60/datanode-2/data/ratis/4213bff9-7c8d-46f9-995b-949dc30b10de does not exist. Creating ...
2019-10-14 11:02:31,156 [pool-139-thread-1] INFO  storage.RaftStorageDirectory (RaftStorageDirectory.java:tryLock(328)) - Lock on /workdir/hadoop-ozone/integration-test/target/test-dir/MiniOzoneClusterImpl-a82654f8-8fde-4516-849a-274121d7ac60/datanode-2/data/ratis/4213bff9-7c8d-46f9-995b-949dc30b10de/in_use.lock acquired by nodename 13552@pr-hdds-2196-x574v-1375001003
2019-10-14 11:02:31,162 [IPC Server handler 3 on 39190] INFO  net.NetworkTopology (NetworkTopologyImpl.java:add(111)) - Added a new node: /default-rack/95a8ec7c-881c-4c51-b165-923478414dcb
2019-10-14 11:02:31,162 [IPC Server handler 3 on 39190] INFO  node.SCMNodeManager (SCMNodeManager.java:register(313)) - Registered Data node : 95a8ec7c-881c-4c51-b165-923478414dcb{ip: 192.168.151.96, host: pr-hdds-2196-x574v-1375001003, networkLocation: /default-rack, certSerialId: null}
2019-10-14 11:02:31,169 [pool-139-thread-1] INFO  storage.RaftStorage (RaftStorage.java:format(84)) - Storage directory /workdir/hadoop-ozone/integration-test/target/test-dir/MiniOzoneClusterImpl-a82654f8-8fde-4516-849a-274121d7ac60/datanode-2/data/ratis/4213bff9-7c8d-46f9-995b-949dc30b10de has been successfully formatted.
2019-10-14 11:02:31,169 [pool-139-thread-1] INFO  ratis.ContainerStateMachine (ContainerStateMachine.java:loadSnapshot(230)) - group-949DC30B10DE: The snapshot info is null. Setting the last applied indexto:(t:0, i:~)
2019-10-14 11:02:31,169 [pool-139-thread-1] INFO  server.RaftServerConfigKeys (ConfUtils.java:logGet(43)) - raft.server.notification.no-leader.timeout = 120s (custom)
2019-10-14 11:02:31,169 [pool-139-thread-1] INFO  server.RaftServerConfigKeys (ConfUtils.java:logGet(43)) - raft.server.log.use.memory = false (default)
2019-10-14 11:02:31,170 [pool-139-thread-1] INFO  server.RaftServerConfigKeys (ConfUtils.java:logGet(43)) - raft.server.log.purge.gap = 1000000 (custom)
2019-10-14 11:02:31,170 [pool-139-thread-1] INFO  server.RaftServerConfigKeys (ConfUtils.java:logGet(43)) - raft.server.log.appender.buffer.byte-limit = 33554432 (custom)
2019-10-14 11:02:31,170 [pool-139-thread-1] INFO  server.RaftServerConfigKeys (ConfUtils.java:logGet(43)) - raft.server.log.segment.size.max = 1048576 (custom)
2019-10-14 11:02:31,172 [pool-139-thread-1] INFO  server.RaftServerConfigKeys (ConfUtils.java:logGet(43)) - raft.server.log.segment.cache.num.max = 2 (custom)
2019-10-14 11:02:31,172 [pool-139-thread-1] INFO  segmented.SegmentedRaftLogWorker (SegmentedRaftLogWorker.java:<init>(173)) - new 4d6dca3e-8084-4c25-a5d6-8974815c498b@group-949DC30B10DE-SegmentedRaftLogWorker for RaftStorage:Storage Directory /workdir/hadoop-ozone/integration-test/target/test-dir/MiniOzoneClusterImpl-a82654f8-8fde-4516-849a-274121d7ac60/datanode-2/data/ratis/4213bff9-7c8d-46f9-995b-949dc30b10de
2019-10-14 11:02:31,172 [pool-139-thread-1] INFO  server.RaftServerConfigKeys (ConfUtils.java:logGet(43)) - raft.server.log.queue.byte-limit = 2147483647 (custom)
2019-10-14 11:02:31,172 [pool-139-thread-1] INFO  server.RaftServerConfigKeys (ConfUtils.java:logGet(43)) - raft.server.log.queue.element-limit = 1024 (custom)
2019-10-14 11:02:31,172 [pool-139-thread-1] INFO  server.RaftServerConfigKeys (ConfUtils.java:logGet(43)) - raft.server.log.segment.size.max = 1048576 (custom)
2019-10-14 11:02:31,172 [pool-139-thread-1] INFO  server.RaftServerConfigKeys (ConfUtils.java:logGet(43)) - raft.server.log.preallocated.size = 16384 (custom)
2019-10-14 11:02:31,172 [pool-139-thread-1] INFO  server.RaftServerConfigKeys (ConfUtils.java:logGet(43)) - raft.server.log.write.buffer.size = 33554432 (custom)
2019-10-14 11:02:31,173 [pool-139-thread-1] INFO  server.RaftServerConfigKeys (ConfUtils.java:logGet(43)) - raft.server.log.force.sync.num = 128 (default)
2019-10-14 11:02:31,173 [pool-139-thread-1] INFO  server.RaftServerConfigKeys (ConfUtils.java:logGet(43)) - raft.server.log.statemachine.data.sync = true (default)
2019-10-14 11:02:31,173 [pool-139-thread-1] INFO  server.RaftServerConfigKeys (ConfUtils.java:logGet(43)) - raft.server.log.statemachine.data.sync.timeout = 10s (default)
2019-10-14 11:02:31,173 [pool-139-thread-1] INFO  server.RaftServerConfigKeys (ConfUtils.java:logGet(43)) - raft.server.log.statemachine.data.sync.timeout.retry = -1 (default)
2019-10-14 11:02:31,173 [pool-139-thread-1] INFO  server.RaftServerConfigKeys (ConfUtils.java:logGet(43)) - raft.server.log.statemachine.data.caching.enabled = true (custom)
2019-10-14 11:02:31,174 [pool-139-thread-1] INFO  segmented.SegmentedRaftLogWorker (SegmentedRaftLogWorker.java:lambda$new$0(128)) - 4d6dca3e-8084-4c25-a5d6-8974815c498b@group-949DC30B10DE-SegmentedRaftLogWorker: flushIndex: setUnconditionally 0 -> -1
2019-10-14 11:02:31,174 [pool-139-thread-1] INFO  server.RaftServerConfigKeys (ConfUtils.java:logGet(43)) - raft.server.snapshot.auto.trigger.enabled = true (custom)
2019-10-14 11:02:31,174 [pool-139-thread-1] INFO  server.RaftServerConfigKeys (ConfUtils.java:logGet(43)) - raft.server.snapshot.auto.trigger.threshold = 10000 (custom)
2019-10-14 11:02:31,174 [pool-139-thread-1] INFO  server.RaftServerConfigKeys (ConfUtils.java:logGet(43)) - raft.server.snapshot.retention.file.num = 5 (custom)
2019-10-14 11:02:31,174 [pool-139-thread-1] INFO  server.RaftServerConfigKeys (ConfUtils.java:logGet(43)) - raft.server.retrycache.expirytime = 600000ms (custom)
2019-10-14 11:02:31,176 [pool-139-thread-1] INFO  impl.RaftServerImpl (RaftServerImpl.java:start(181)) - 4d6dca3e-8084-4c25-a5d6-8974815c498b@group-949DC30B10DE: start as a follower, conf=-1: [4d6dca3e-8084-4c25-a5d6-8974815c498b:192.168.151.96:46111], old=null
2019-10-14 11:02:31,176 [pool-139-thread-1] INFO  impl.RaftServerImpl (RaftServerImpl.java:setRole(170)) - 4d6dca3e-8084-4c25-a5d6-8974815c498b@group-949DC30B10DE: changes role from      null to FOLLOWER at term 0 for startAsFollower
2019-10-14 11:02:31,176 [pool-139-thread-1] INFO  impl.RoleInfo (RoleInfo.java:updateAndGet(143)) - 4d6dca3e-8084-4c25-a5d6-8974815c498b: start FollowerState
2019-10-14 11:02:31,176 [pool-139-thread-1] INFO  util.JmxRegister (JmxRegister.java:tryRegister(44)) - Successfully registered JMX Bean with object name Ratis:service=RaftServer,group=group-949DC30B10DE,id=4d6dca3e-8084-4c25-a5d6-8974815c498b
2019-10-14 11:02:31,181 [RatisPipelineUtilsThread] INFO  pipeline.PipelineStateManager (PipelineStateManager.java:addPipeline(56)) - Created pipeline Pipeline[ Id: 4213bff9-7c8d-46f9-995b-949dc30b10de, Nodes: 4d6dca3e-8084-4c25-a5d6-8974815c498b{ip: 192.168.151.96, host: pr-hdds-2196-x574v-1375001003, networkLocation: /default-rack, certSerialId: null}, Type:RATIS, Factor:ONE, State:OPEN]
2019-10-14 11:02:31,188 [grpc-default-executor-0] INFO  impl.RaftServerProxy (RaftServerProxy.java:addNew(89)) - 95a8ec7c-881c-4c51-b165-923478414dcb: addNew group-473FF40CA663:[95a8ec7c-881c-4c51-b165-923478414dcb:192.168.151.96:45666] returns group-473FF40CA663:java.util.concurrent.CompletableFuture@13c43b7f[Not completed]
2019-10-14 11:02:31,192 [pool-149-thread-1] INFO  impl.RaftServerImpl (RaftServerImpl.java:<init>(95)) - 95a8ec7c-881c-4c51-b165-923478414dcb: new RaftServerImpl for group-473FF40CA663:[95a8ec7c-881c-4c51-b165-923478414dcb:192.168.151.96:45666] with ContainerStateMachine:uninitialized
2019-10-14 11:02:31,192 [pool-149-thread-1] INFO  server.RaftServerConfigKeys (ConfUtils.java:logGet(43)) - raft.server.rpc.timeout.min = 5s (custom)
2019-10-14 11:02:31,192 [pool-149-thread-1] INFO  server.RaftServerConfigKeys (ConfUtils.java:logGet(43)) - raft.server.rpc.timeout.max = 5200ms (custom)
2019-10-14 11:02:31,192 [pool-149-thread-1] INFO  server.RaftServerConfigKeys (ConfUtils.java:logGet(43)) - raft.server.rpcslowness.timeout = 120s (custom)
2019-10-14 11:02:31,192 [pool-149-thread-1] INFO  server.RaftServerConfigKeys (ConfUtils.java:logGet(43)) - raft.server.sleep.deviation.threshold = 300 (default)
2019-10-14 11:02:31,192 [pool-149-thread-1] INFO  server.RaftServerConfigKeys (ConfUtils.java:logGet(43)) - raft.server.log.appender.install.snapshot.enabled = false (custom)
2019-10-14 11:02:31,192 [pool-149-thread-1] INFO  impl.RaftServerImpl (ServerState.java:<init>(103)) - 95a8ec7c-881c-4c51-b165-923478414dcb@group-473FF40CA663: ConfigurationManager, init=-1: [95a8ec7c-881c-4c51-b165-923478414dcb:192.168.151.96:45666], old=null, confs=<EMPTY_MAP>
2019-10-14 11:02:31,192 [pool-149-thread-1] INFO  server.RaftServerConfigKeys (ConfUtils.java:logGet(43)) - raft.server.storage.dir = [/workdir/hadoop-ozone/integration-test/target/test-dir/MiniOzoneClusterImpl-a82654f8-8fde-4516-849a-274121d7ac60/datanode-3/data/ratis] (custom)
2019-10-14 11:02:31,193 [pool-149-thread-1] INFO  server.RaftServerConfigKeys (ConfUtils.java:logGet(43)) - raft.server.log.corruption.policy = EXCEPTION (default)
2019-10-14 11:02:31,193 [pool-149-thread-1] INFO  storage.RaftStorageDirectory (RaftStorageDirectory.java:analyzeStorage(246)) - The storage directory /workdir/hadoop-ozone/integration-test/target/test-dir/MiniOzoneClusterImpl-a82654f8-8fde-4516-849a-274121d7ac60/datanode-3/data/ratis/e0e272ed-0193-4b55-a08f-473ff40ca663 does not exist. Creating ...
2019-10-14 11:02:31,206 [pool-149-thread-1] INFO  storage.RaftStorageDirectory (RaftStorageDirectory.java:tryLock(328)) - Lock on /workdir/hadoop-ozone/integration-test/target/test-dir/MiniOzoneClusterImpl-a82654f8-8fde-4516-849a-274121d7ac60/datanode-3/data/ratis/e0e272ed-0193-4b55-a08f-473ff40ca663/in_use.lock acquired by nodename 13552@pr-hdds-2196-x574v-1375001003
2019-10-14 11:02:31,219 [pool-149-thread-1] INFO  storage.RaftStorage (RaftStorage.java:format(84)) - Storage directory /workdir/hadoop-ozone/integration-test/target/test-dir/MiniOzoneClusterImpl-a82654f8-8fde-4516-849a-274121d7ac60/datanode-3/data/ratis/e0e272ed-0193-4b55-a08f-473ff40ca663 has been successfully formatted.
2019-10-14 11:02:31,220 [pool-149-thread-1] INFO  ratis.ContainerStateMachine (ContainerStateMachine.java:loadSnapshot(230)) - group-473FF40CA663: The snapshot info is null. Setting the last applied indexto:(t:0, i:~)
2019-10-14 11:02:31,220 [pool-149-thread-1] INFO  server.RaftServerConfigKeys (ConfUtils.java:logGet(43)) - raft.server.notification.no-leader.timeout = 120s (custom)
2019-10-14 11:02:31,220 [pool-149-thread-1] INFO  server.RaftServerConfigKeys (ConfUtils.java:logGet(43)) - raft.server.log.use.memory = false (default)
2019-10-14 11:02:31,220 [pool-149-thread-1] INFO  server.RaftServerConfigKeys (ConfUtils.java:logGet(43)) - raft.server.log.purge.gap = 1000000 (custom)
2019-10-14 11:02:31,220 [pool-149-thread-1] INFO  server.RaftServerConfigKeys (ConfUtils.java:logGet(43)) - raft.server.log.appender.buffer.byte-limit = 33554432 (custom)
2019-10-14 11:02:31,220 [pool-149-thread-1] INFO  server.RaftServerConfigKeys (ConfUtils.java:logGet(43)) - raft.server.log.segment.size.max = 1048576 (custom)
2019-10-14 11:02:31,222 [pool-149-thread-1] INFO  server.RaftServerConfigKeys (ConfUtils.java:logGet(43)) - raft.server.log.segment.cache.num.max = 2 (custom)
2019-10-14 11:02:31,222 [pool-149-thread-1] INFO  segmented.SegmentedRaftLogWorker (SegmentedRaftLogWorker.java:<init>(173)) - new 95a8ec7c-881c-4c51-b165-923478414dcb@group-473FF40CA663-SegmentedRaftLogWorker for RaftStorage:Storage Directory /workdir/hadoop-ozone/integration-test/target/test-dir/MiniOzoneClusterImpl-a82654f8-8fde-4516-849a-274121d7ac60/datanode-3/data/ratis/e0e272ed-0193-4b55-a08f-473ff40ca663
2019-10-14 11:02:31,222 [pool-149-thread-1] INFO  server.RaftServerConfigKeys (ConfUtils.java:logGet(43)) - raft.server.log.queue.byte-limit = 2147483647 (custom)
2019-10-14 11:02:31,222 [pool-149-thread-1] INFO  server.RaftServerConfigKeys (ConfUtils.java:logGet(43)) - raft.server.log.queue.element-limit = 1024 (custom)
2019-10-14 11:02:31,222 [pool-149-thread-1] INFO  server.RaftServerConfigKeys (ConfUtils.java:logGet(43)) - raft.server.log.segment.size.max = 1048576 (custom)
2019-10-14 11:02:31,222 [pool-149-thread-1] INFO  server.RaftServerConfigKeys (ConfUtils.java:logGet(43)) - raft.server.log.preallocated.size = 16384 (custom)
2019-10-14 11:02:31,222 [pool-149-thread-1] INFO  server.RaftServerConfigKeys (ConfUtils.java:logGet(43)) - raft.server.log.write.buffer.size = 33554432 (custom)
2019-10-14 11:02:31,222 [pool-149-thread-1] INFO  server.RaftServerConfigKeys (ConfUtils.java:logGet(43)) - raft.server.log.force.sync.num = 128 (default)
2019-10-14 11:02:31,223 [pool-149-thread-1] INFO  server.RaftServerConfigKeys (ConfUtils.java:logGet(43)) - raft.server.log.statemachine.data.sync = true (default)
2019-10-14 11:02:31,223 [pool-149-thread-1] INFO  server.RaftServerConfigKeys (ConfUtils.java:logGet(43)) - raft.server.log.statemachine.data.sync.timeout = 10s (default)
2019-10-14 11:02:31,223 [pool-149-thread-1] INFO  server.RaftServerConfigKeys (ConfUtils.java:logGet(43)) - raft.server.log.statemachine.data.sync.timeout.retry = -1 (default)
2019-10-14 11:02:31,223 [pool-149-thread-1] INFO  server.RaftServerConfigKeys (ConfUtils.java:logGet(43)) - raft.server.log.statemachine.data.caching.enabled = true (custom)
2019-10-14 11:02:31,223 [pool-149-thread-1] INFO  segmented.SegmentedRaftLogWorker (SegmentedRaftLogWorker.java:lambda$new$0(128)) - 95a8ec7c-881c-4c51-b165-923478414dcb@group-473FF40CA663-SegmentedRaftLogWorker: flushIndex: setUnconditionally 0 -> -1
2019-10-14 11:02:31,224 [pool-149-thread-1] INFO  server.RaftServerConfigKeys (ConfUtils.java:logGet(43)) - raft.server.snapshot.auto.trigger.enabled = true (custom)
2019-10-14 11:02:31,224 [pool-149-thread-1] INFO  server.RaftServerConfigKeys (ConfUtils.java:logGet(43)) - raft.server.snapshot.auto.trigger.threshold = 10000 (custom)
2019-10-14 11:02:31,224 [pool-149-thread-1] INFO  server.RaftServerConfigKeys (ConfUtils.java:logGet(43)) - raft.server.snapshot.retention.file.num = 5 (custom)
2019-10-14 11:02:31,224 [pool-149-thread-1] INFO  server.RaftServerConfigKeys (ConfUtils.java:logGet(43)) - raft.server.retrycache.expirytime = 600000ms (custom)
2019-10-14 11:02:31,226 [pool-149-thread-1] INFO  impl.RaftServerImpl (RaftServerImpl.java:start(181)) - 95a8ec7c-881c-4c51-b165-923478414dcb@group-473FF40CA663: start as a follower, conf=-1: [95a8ec7c-881c-4c51-b165-923478414dcb:192.168.151.96:45666], old=null
2019-10-14 11:02:31,226 [pool-149-thread-1] INFO  impl.RaftServerImpl (RaftServerImpl.java:setRole(170)) - 95a8ec7c-881c-4c51-b165-923478414dcb@group-473FF40CA663: changes role from      null to FOLLOWER at term 0 for startAsFollower
2019-10-14 11:02:31,226 [pool-149-thread-1] INFO  impl.RoleInfo (RoleInfo.java:updateAndGet(143)) - 95a8ec7c-881c-4c51-b165-923478414dcb: start FollowerState
2019-10-14 11:02:31,226 [pool-149-thread-1] INFO  util.JmxRegister (JmxRegister.java:tryRegister(44)) - Successfully registered JMX Bean with object name Ratis:service=RaftServer,group=group-473FF40CA663,id=95a8ec7c-881c-4c51-b165-923478414dcb
2019-10-14 11:02:31,231 [RatisPipelineUtilsThread] INFO  pipeline.PipelineStateManager (PipelineStateManager.java:addPipeline(56)) - Created pipeline Pipeline[ Id: e0e272ed-0193-4b55-a08f-473ff40ca663, Nodes: 95a8ec7c-881c-4c51-b165-923478414dcb{ip: 192.168.151.96, host: pr-hdds-2196-x574v-1375001003, networkLocation: /default-rack, certSerialId: null}, Type:RATIS, Factor:ONE, State:OPEN]
2019-10-14 11:02:31,232 [IPC Server handler 4 on 39190] INFO  net.NetworkTopology (NetworkTopologyImpl.java:add(111)) - Added a new node: /default-rack/458a964a-7a0c-43a0-9817-f8fa0e453b36
2019-10-14 11:02:31,232 [IPC Server handler 4 on 39190] INFO  node.SCMNodeManager (SCMNodeManager.java:register(313)) - Registered Data node : 458a964a-7a0c-43a0-9817-f8fa0e453b36{ip: 192.168.151.96, host: pr-hdds-2196-x574v-1375001003, networkLocation: /default-rack, certSerialId: null}
2019-10-14 11:02:31,238 [grpc-default-executor-0] INFO  impl.RaftServerProxy (RaftServerProxy.java:addNew(89)) - 458a964a-7a0c-43a0-9817-f8fa0e453b36: addNew group-38388B83C6D3:[458a964a-7a0c-43a0-9817-f8fa0e453b36:192.168.151.96:34381] returns group-38388B83C6D3:java.util.concurrent.CompletableFuture@632190f8[Not completed]
2019-10-14 11:02:31,241 [pool-159-thread-1] INFO  impl.RaftServerImpl (RaftServerImpl.java:<init>(95)) - 458a964a-7a0c-43a0-9817-f8fa0e453b36: new RaftServerImpl for group-38388B83C6D3:[458a964a-7a0c-43a0-9817-f8fa0e453b36:192.168.151.96:34381] with ContainerStateMachine:uninitialized
2019-10-14 11:02:31,241 [pool-159-thread-1] INFO  server.RaftServerConfigKeys (ConfUtils.java:logGet(43)) - raft.server.rpc.timeout.min = 5s (custom)
2019-10-14 11:02:31,241 [pool-159-thread-1] INFO  server.RaftServerConfigKeys (ConfUtils.java:logGet(43)) - raft.server.rpc.timeout.max = 5200ms (custom)
2019-10-14 11:02:31,242 [pool-159-thread-1] INFO  server.RaftServerConfigKeys (ConfUtils.java:logGet(43)) - raft.server.rpcslowness.timeout = 120s (custom)
2019-10-14 11:02:31,242 [pool-159-thread-1] INFO  server.RaftServerConfigKeys (ConfUtils.java:logGet(43)) - raft.server.sleep.deviation.threshold = 300 (default)
2019-10-14 11:02:31,242 [pool-159-thread-1] INFO  server.RaftServerConfigKeys (ConfUtils.java:logGet(43)) - raft.server.log.appender.install.snapshot.enabled = false (custom)
2019-10-14 11:02:31,242 [pool-159-thread-1] INFO  impl.RaftServerImpl (ServerState.java:<init>(103)) - 458a964a-7a0c-43a0-9817-f8fa0e453b36@group-38388B83C6D3: ConfigurationManager, init=-1: [458a964a-7a0c-43a0-9817-f8fa0e453b36:192.168.151.96:34381], old=null, confs=<EMPTY_MAP>
2019-10-14 11:02:31,242 [pool-159-thread-1] INFO  server.RaftServerConfigKeys (ConfUtils.java:logGet(43)) - raft.server.storage.dir = [/workdir/hadoop-ozone/integration-test/target/test-dir/MiniOzoneClusterImpl-a82654f8-8fde-4516-849a-274121d7ac60/datanode-4/data/ratis] (custom)
2019-10-14 11:02:31,242 [pool-159-thread-1] INFO  server.RaftServerConfigKeys (ConfUtils.java:logGet(43)) - raft.server.log.corruption.policy = EXCEPTION (default)
2019-10-14 11:02:31,242 [pool-159-thread-1] INFO  storage.RaftStorageDirectory (RaftStorageDirectory.java:analyzeStorage(246)) - The storage directory /workdir/hadoop-ozone/integration-test/target/test-dir/MiniOzoneClusterImpl-a82654f8-8fde-4516-849a-274121d7ac60/datanode-4/data/ratis/a73e6bb4-64c9-43e6-9999-38388b83c6d3 does not exist. Creating ...
2019-10-14 11:02:31,255 [pool-159-thread-1] INFO  storage.RaftStorageDirectory (RaftStorageDirectory.java:tryLock(328)) - Lock on /workdir/hadoop-ozone/integration-test/target/test-dir/MiniOzoneClusterImpl-a82654f8-8fde-4516-849a-274121d7ac60/datanode-4/data/ratis/a73e6bb4-64c9-43e6-9999-38388b83c6d3/in_use.lock acquired by nodename 13552@pr-hdds-2196-x574v-1375001003
2019-10-14 11:02:31,267 [pool-159-thread-1] INFO  storage.RaftStorage (RaftStorage.java:format(84)) - Storage directory /workdir/hadoop-ozone/integration-test/target/test-dir/MiniOzoneClusterImpl-a82654f8-8fde-4516-849a-274121d7ac60/datanode-4/data/ratis/a73e6bb4-64c9-43e6-9999-38388b83c6d3 has been successfully formatted.
2019-10-14 11:02:31,267 [pool-159-thread-1] INFO  ratis.ContainerStateMachine (ContainerStateMachine.java:loadSnapshot(230)) - group-38388B83C6D3: The snapshot info is null. Setting the last applied indexto:(t:0, i:~)
2019-10-14 11:02:31,267 [pool-159-thread-1] INFO  server.RaftServerConfigKeys (ConfUtils.java:logGet(43)) - raft.server.notification.no-leader.timeout = 120s (custom)
2019-10-14 11:02:31,268 [pool-159-thread-1] INFO  server.RaftServerConfigKeys (ConfUtils.java:logGet(43)) - raft.server.log.use.memory = false (default)
2019-10-14 11:02:31,268 [pool-159-thread-1] INFO  server.RaftServerConfigKeys (ConfUtils.java:logGet(43)) - raft.server.log.purge.gap = 1000000 (custom)
2019-10-14 11:02:31,268 [pool-159-thread-1] INFO  server.RaftServerConfigKeys (ConfUtils.java:logGet(43)) - raft.server.log.appender.buffer.byte-limit = 33554432 (custom)
2019-10-14 11:02:31,268 [pool-159-thread-1] INFO  server.RaftServerConfigKeys (ConfUtils.java:logGet(43)) - raft.server.log.segment.size.max = 1048576 (custom)
2019-10-14 11:02:31,269 [pool-159-thread-1] INFO  server.RaftServerConfigKeys (ConfUtils.java:logGet(43)) - raft.server.log.segment.cache.num.max = 2 (custom)
2019-10-14 11:02:31,270 [pool-159-thread-1] INFO  segmented.SegmentedRaftLogWorker (SegmentedRaftLogWorker.java:<init>(173)) - new 458a964a-7a0c-43a0-9817-f8fa0e453b36@group-38388B83C6D3-SegmentedRaftLogWorker for RaftStorage:Storage Directory /workdir/hadoop-ozone/integration-test/target/test-dir/MiniOzoneClusterImpl-a82654f8-8fde-4516-849a-274121d7ac60/datanode-4/data/ratis/a73e6bb4-64c9-43e6-9999-38388b83c6d3
2019-10-14 11:02:31,270 [pool-159-thread-1] INFO  server.RaftServerConfigKeys (ConfUtils.java:logGet(43)) - raft.server.log.queue.byte-limit = 2147483647 (custom)
2019-10-14 11:02:31,270 [pool-159-thread-1] INFO  server.RaftServerConfigKeys (ConfUtils.java:logGet(43)) - raft.server.log.queue.element-limit = 1024 (custom)
2019-10-14 11:02:31,270 [pool-159-thread-1] INFO  server.RaftServerConfigKeys (ConfUtils.java:logGet(43)) - raft.server.log.segment.size.max = 1048576 (custom)
2019-10-14 11:02:31,270 [pool-159-thread-1] INFO  server.RaftServerConfigKeys (ConfUtils.java:logGet(43)) - raft.server.log.preallocated.size = 16384 (custom)
2019-10-14 11:02:31,270 [pool-159-thread-1] INFO  server.RaftServerConfigKeys (ConfUtils.java:logGet(43)) - raft.server.log.write.buffer.size = 33554432 (custom)
2019-10-14 11:02:31,270 [pool-159-thread-1] INFO  server.RaftServerConfigKeys (ConfUtils.java:logGet(43)) - raft.server.log.force.sync.num = 128 (default)
2019-10-14 11:02:31,270 [pool-159-thread-1] INFO  server.RaftServerConfigKeys (ConfUtils.java:logGet(43)) - raft.server.log.statemachine.data.sync = true (default)
2019-10-14 11:02:31,270 [pool-159-thread-1] INFO  server.RaftServerConfigKeys (ConfUtils.java:logGet(43)) - raft.server.log.statemachine.data.sync.timeout = 10s (default)
2019-10-14 11:02:31,271 [pool-159-thread-1] INFO  server.RaftServerConfigKeys (ConfUtils.java:logGet(43)) - raft.server.log.statemachine.data.sync.timeout.retry = -1 (default)
2019-10-14 11:02:31,271 [pool-159-thread-1] INFO  server.RaftServerConfigKeys (ConfUtils.java:logGet(43)) - raft.server.log.statemachine.data.caching.enabled = true (custom)
2019-10-14 11:02:31,271 [pool-159-thread-1] INFO  segmented.SegmentedRaftLogWorker (SegmentedRaftLogWorker.java:lambda$new$0(128)) - 458a964a-7a0c-43a0-9817-f8fa0e453b36@group-38388B83C6D3-SegmentedRaftLogWorker: flushIndex: setUnconditionally 0 -> -1
2019-10-14 11:02:31,271 [pool-159-thread-1] INFO  server.RaftServerConfigKeys (ConfUtils.java:logGet(43)) - raft.server.snapshot.auto.trigger.enabled = true (custom)
2019-10-14 11:02:31,272 [pool-159-thread-1] INFO  server.RaftServerConfigKeys (ConfUtils.java:logGet(43)) - raft.server.snapshot.auto.trigger.threshold = 10000 (custom)
2019-10-14 11:02:31,272 [pool-159-thread-1] INFO  server.RaftServerConfigKeys (ConfUtils.java:logGet(43)) - raft.server.snapshot.retention.file.num = 5 (custom)
2019-10-14 11:02:31,272 [pool-159-thread-1] INFO  server.RaftServerConfigKeys (ConfUtils.java:logGet(43)) - raft.server.retrycache.expirytime = 600000ms (custom)
2019-10-14 11:02:31,274 [pool-159-thread-1] INFO  impl.RaftServerImpl (RaftServerImpl.java:start(181)) - 458a964a-7a0c-43a0-9817-f8fa0e453b36@group-38388B83C6D3: start as a follower, conf=-1: [458a964a-7a0c-43a0-9817-f8fa0e453b36:192.168.151.96:34381], old=null
2019-10-14 11:02:31,275 [pool-159-thread-1] INFO  impl.RaftServerImpl (RaftServerImpl.java:setRole(170)) - 458a964a-7a0c-43a0-9817-f8fa0e453b36@group-38388B83C6D3: changes role from      null to FOLLOWER at term 0 for startAsFollower
2019-10-14 11:02:31,275 [pool-159-thread-1] INFO  impl.RoleInfo (RoleInfo.java:updateAndGet(143)) - 458a964a-7a0c-43a0-9817-f8fa0e453b36: start FollowerState
2019-10-14 11:02:31,275 [pool-159-thread-1] INFO  util.JmxRegister (JmxRegister.java:tryRegister(44)) - Successfully registered JMX Bean with object name Ratis:service=RaftServer,group=group-38388B83C6D3,id=458a964a-7a0c-43a0-9817-f8fa0e453b36
2019-10-14 11:02:31,281 [RatisPipelineUtilsThread] INFO  pipeline.PipelineStateManager (PipelineStateManager.java:addPipeline(56)) - Created pipeline Pipeline[ Id: a73e6bb4-64c9-43e6-9999-38388b83c6d3, Nodes: 458a964a-7a0c-43a0-9817-f8fa0e453b36{ip: 192.168.151.96, host: pr-hdds-2196-x574v-1375001003, networkLocation: /default-rack, certSerialId: null}, Type:RATIS, Factor:ONE, State:OPEN]
2019-10-14 11:02:31,290 [grpc-default-executor-4] INFO  impl.RaftServerProxy (RaftServerProxy.java:addNew(89)) - 95a8ec7c-881c-4c51-b165-923478414dcb: addNew group-6A5CE594FF54:[95a8ec7c-881c-4c51-b165-923478414dcb:192.168.151.96:45666, 458a964a-7a0c-43a0-9817-f8fa0e453b36:192.168.151.96:34381, 5f3ade76-58b9-4995-8f05-6aec01899244:192.168.151.96:42900] returns group-6A5CE594FF54:java.util.concurrent.CompletableFuture@7c4207b[Not completed]
2019-10-14 11:02:31,292 [grpc-default-executor-2] INFO  impl.RaftServerProxy (RaftServerProxy.java:addNew(89)) - 458a964a-7a0c-43a0-9817-f8fa0e453b36: addNew group-6A5CE594FF54:[95a8ec7c-881c-4c51-b165-923478414dcb:192.168.151.96:45666, 458a964a-7a0c-43a0-9817-f8fa0e453b36:192.168.151.96:34381, 5f3ade76-58b9-4995-8f05-6aec01899244:192.168.151.96:42900] returns group-6A5CE594FF54:java.util.concurrent.CompletableFuture@702cd75a[Not completed]
2019-10-14 11:02:31,301 [grpc-default-executor-0] INFO  impl.RaftServerProxy (RaftServerProxy.java:addNew(89)) - 5f3ade76-58b9-4995-8f05-6aec01899244: addNew group-6A5CE594FF54:[95a8ec7c-881c-4c51-b165-923478414dcb:192.168.151.96:45666, 458a964a-7a0c-43a0-9817-f8fa0e453b36:192.168.151.96:34381, 5f3ade76-58b9-4995-8f05-6aec01899244:192.168.151.96:42900] returns group-6A5CE594FF54:java.util.concurrent.CompletableFuture@700b0734[Not completed]
2019-10-14 11:02:31,301 [pool-149-thread-1] INFO  impl.RaftServerImpl (RaftServerImpl.java:<init>(95)) - 95a8ec7c-881c-4c51-b165-923478414dcb: new RaftServerImpl for group-6A5CE594FF54:[95a8ec7c-881c-4c51-b165-923478414dcb:192.168.151.96:45666, 458a964a-7a0c-43a0-9817-f8fa0e453b36:192.168.151.96:34381, 5f3ade76-58b9-4995-8f05-6aec01899244:192.168.151.96:42900] with ContainerStateMachine:uninitialized
2019-10-14 11:02:31,302 [pool-149-thread-1] INFO  server.RaftServerConfigKeys (ConfUtils.java:logGet(43)) - raft.server.rpc.timeout.min = 5s (custom)
2019-10-14 11:02:31,302 [pool-149-thread-1] INFO  server.RaftServerConfigKeys (ConfUtils.java:logGet(43)) - raft.server.rpc.timeout.max = 5200ms (custom)
2019-10-14 11:02:31,302 [pool-149-thread-1] INFO  server.RaftServerConfigKeys (ConfUtils.java:logGet(43)) - raft.server.rpcslowness.timeout = 120s (custom)
2019-10-14 11:02:31,302 [pool-149-thread-1] INFO  server.RaftServerConfigKeys (ConfUtils.java:logGet(43)) - raft.server.sleep.deviation.threshold = 300 (default)
2019-10-14 11:02:31,302 [pool-149-thread-1] INFO  server.RaftServerConfigKeys (ConfUtils.java:logGet(43)) - raft.server.log.appender.install.snapshot.enabled = false (custom)
2019-10-14 11:02:31,302 [pool-129-thread-1] INFO  impl.RaftServerImpl (RaftServerImpl.java:<init>(95)) - 5f3ade76-58b9-4995-8f05-6aec01899244: new RaftServerImpl for group-6A5CE594FF54:[95a8ec7c-881c-4c51-b165-923478414dcb:192.168.151.96:45666, 458a964a-7a0c-43a0-9817-f8fa0e453b36:192.168.151.96:34381, 5f3ade76-58b9-4995-8f05-6aec01899244:192.168.151.96:42900] with ContainerStateMachine:uninitialized
2019-10-14 11:02:31,302 [pool-149-thread-1] INFO  impl.RaftServerImpl (ServerState.java:<init>(103)) - 95a8ec7c-881c-4c51-b165-923478414dcb@group-6A5CE594FF54: ConfigurationManager, init=-1: [95a8ec7c-881c-4c51-b165-923478414dcb:192.168.151.96:45666, 458a964a-7a0c-43a0-9817-f8fa0e453b36:192.168.151.96:34381, 5f3ade76-58b9-4995-8f05-6aec01899244:192.168.151.96:42900], old=null, confs=<EMPTY_MAP>
2019-10-14 11:02:31,302 [pool-129-thread-1] INFO  server.RaftServerConfigKeys (ConfUtils.java:logGet(43)) - raft.server.rpc.timeout.min = 5s (custom)
2019-10-14 11:02:31,302 [pool-149-thread-1] INFO  server.RaftServerConfigKeys (ConfUtils.java:logGet(43)) - raft.server.storage.dir = [/workdir/hadoop-ozone/integration-test/target/test-dir/MiniOzoneClusterImpl-a82654f8-8fde-4516-849a-274121d7ac60/datanode-3/data/ratis] (custom)
2019-10-14 11:02:31,302 [pool-129-thread-1] INFO  server.RaftServerConfigKeys (ConfUtils.java:logGet(43)) - raft.server.rpc.timeout.max = 5200ms (custom)
2019-10-14 11:02:31,303 [pool-129-thread-1] INFO  server.RaftServerConfigKeys (ConfUtils.java:logGet(43)) - raft.server.rpcslowness.timeout = 120s (custom)
2019-10-14 11:02:31,303 [pool-149-thread-1] INFO  server.RaftServerConfigKeys (ConfUtils.java:logGet(43)) - raft.server.log.corruption.policy = EXCEPTION (default)
2019-10-14 11:02:31,303 [pool-129-thread-1] INFO  server.RaftServerConfigKeys (ConfUtils.java:logGet(43)) - raft.server.sleep.deviation.threshold = 300 (default)
2019-10-14 11:02:31,303 [pool-149-thread-1] INFO  storage.RaftStorageDirectory (RaftStorageDirectory.java:analyzeStorage(246)) - The storage directory /workdir/hadoop-ozone/integration-test/target/test-dir/MiniOzoneClusterImpl-a82654f8-8fde-4516-849a-274121d7ac60/datanode-3/data/ratis/404b8984-ba22-4b13-85fc-6a5ce594ff54 does not exist. Creating ...
2019-10-14 11:02:31,303 [pool-159-thread-1] INFO  impl.RaftServerImpl (RaftServerImpl.java:<init>(95)) - 458a964a-7a0c-43a0-9817-f8fa0e453b36: new RaftServerImpl for group-6A5CE594FF54:[95a8ec7c-881c-4c51-b165-923478414dcb:192.168.151.96:45666, 458a964a-7a0c-43a0-9817-f8fa0e453b36:192.168.151.96:34381, 5f3ade76-58b9-4995-8f05-6aec01899244:192.168.151.96:42900] with ContainerStateMachine:uninitialized
2019-10-14 11:02:31,303 [pool-129-thread-1] INFO  server.RaftServerConfigKeys (ConfUtils.java:logGet(43)) - raft.server.log.appender.install.snapshot.enabled = false (custom)
2019-10-14 11:02:31,303 [pool-159-thread-1] INFO  server.RaftServerConfigKeys (ConfUtils.java:logGet(43)) - raft.server.rpc.timeout.min = 5s (custom)
2019-10-14 11:02:31,303 [pool-129-thread-1] INFO  impl.RaftServerImpl (ServerState.java:<init>(103)) - 5f3ade76-58b9-4995-8f05-6aec01899244@group-6A5CE594FF54: ConfigurationManager, init=-1: [95a8ec7c-881c-4c51-b165-923478414dcb:192.168.151.96:45666, 458a964a-7a0c-43a0-9817-f8fa0e453b36:192.168.151.96:34381, 5f3ade76-58b9-4995-8f05-6aec01899244:192.168.151.96:42900], old=null, confs=<EMPTY_MAP>
2019-10-14 11:02:31,303 [pool-159-thread-1] INFO  server.RaftServerConfigKeys (ConfUtils.java:logGet(43)) - raft.server.rpc.timeout.max = 5200ms (custom)
2019-10-14 11:02:31,303 [pool-129-thread-1] INFO  server.RaftServerConfigKeys (ConfUtils.java:logGet(43)) - raft.server.storage.dir = [/workdir/hadoop-ozone/integration-test/target/test-dir/MiniOzoneClusterImpl-a82654f8-8fde-4516-849a-274121d7ac60/datanode-1/data/ratis] (custom)
2019-10-14 11:02:31,303 [pool-159-thread-1] INFO  server.RaftServerConfigKeys (ConfUtils.java:logGet(43)) - raft.server.rpcslowness.timeout = 120s (custom)
2019-10-14 11:02:31,304 [pool-129-thread-1] INFO  server.RaftServerConfigKeys (ConfUtils.java:logGet(43)) - raft.server.log.corruption.policy = EXCEPTION (default)
2019-10-14 11:02:31,304 [pool-159-thread-1] INFO  server.RaftServerConfigKeys (ConfUtils.java:logGet(43)) - raft.server.sleep.deviation.threshold = 300 (default)
2019-10-14 11:02:31,304 [pool-129-thread-1] INFO  storage.RaftStorageDirectory (RaftStorageDirectory.java:analyzeStorage(246)) - The storage directory /workdir/hadoop-ozone/integration-test/target/test-dir/MiniOzoneClusterImpl-a82654f8-8fde-4516-849a-274121d7ac60/datanode-1/data/ratis/404b8984-ba22-4b13-85fc-6a5ce594ff54 does not exist. Creating ...
2019-10-14 11:02:31,304 [pool-159-thread-1] INFO  server.RaftServerConfigKeys (ConfUtils.java:logGet(43)) - raft.server.log.appender.install.snapshot.enabled = false (custom)
2019-10-14 11:02:31,304 [pool-159-thread-1] INFO  impl.RaftServerImpl (ServerState.java:<init>(103)) - 458a964a-7a0c-43a0-9817-f8fa0e453b36@group-6A5CE594FF54: ConfigurationManager, init=-1: [95a8ec7c-881c-4c51-b165-923478414dcb:192.168.151.96:45666, 458a964a-7a0c-43a0-9817-f8fa0e453b36:192.168.151.96:34381, 5f3ade76-58b9-4995-8f05-6aec01899244:192.168.151.96:42900], old=null, confs=<EMPTY_MAP>
2019-10-14 11:02:31,304 [IPC Server handler 6 on 39190] INFO  net.NetworkTopology (NetworkTopologyImpl.java:add(111)) - Added a new node: /default-rack/5adfdb7b-6840-444d-bd3d-1f1f03d16852
2019-10-14 11:02:31,304 [pool-159-thread-1] INFO  server.RaftServerConfigKeys (ConfUtils.java:logGet(43)) - raft.server.storage.dir = [/workdir/hadoop-ozone/integration-test/target/test-dir/MiniOzoneClusterImpl-a82654f8-8fde-4516-849a-274121d7ac60/datanode-4/data/ratis] (custom)
2019-10-14 11:02:31,304 [IPC Server handler 6 on 39190] INFO  node.SCMNodeManager (SCMNodeManager.java:register(313)) - Registered Data node : 5adfdb7b-6840-444d-bd3d-1f1f03d16852{ip: 192.168.151.96, host: pr-hdds-2196-x574v-1375001003, networkLocation: /default-rack, certSerialId: null}
2019-10-14 11:02:31,305 [pool-159-thread-1] INFO  server.RaftServerConfigKeys (ConfUtils.java:logGet(43)) - raft.server.log.corruption.policy = EXCEPTION (default)
2019-10-14 11:02:31,305 [pool-159-thread-1] INFO  storage.RaftStorageDirectory (RaftStorageDirectory.java:analyzeStorage(246)) - The storage directory /workdir/hadoop-ozone/integration-test/target/test-dir/MiniOzoneClusterImpl-a82654f8-8fde-4516-849a-274121d7ac60/datanode-4/data/ratis/404b8984-ba22-4b13-85fc-6a5ce594ff54 does not exist. Creating ...
2019-10-14 11:02:31,317 [pool-129-thread-1] INFO  storage.RaftStorageDirectory (RaftStorageDirectory.java:tryLock(328)) - Lock on /workdir/hadoop-ozone/integration-test/target/test-dir/MiniOzoneClusterImpl-a82654f8-8fde-4516-849a-274121d7ac60/datanode-1/data/ratis/404b8984-ba22-4b13-85fc-6a5ce594ff54/in_use.lock acquired by nodename 13552@pr-hdds-2196-x574v-1375001003
2019-10-14 11:02:31,317 [pool-149-thread-1] INFO  storage.RaftStorageDirectory (RaftStorageDirectory.java:tryLock(328)) - Lock on /workdir/hadoop-ozone/integration-test/target/test-dir/MiniOzoneClusterImpl-a82654f8-8fde-4516-849a-274121d7ac60/datanode-3/data/ratis/404b8984-ba22-4b13-85fc-6a5ce594ff54/in_use.lock acquired by nodename 13552@pr-hdds-2196-x574v-1375001003
2019-10-14 11:02:31,317 [pool-159-thread-1] INFO  storage.RaftStorageDirectory (RaftStorageDirectory.java:tryLock(328)) - Lock on /workdir/hadoop-ozone/integration-test/target/test-dir/MiniOzoneClusterImpl-a82654f8-8fde-4516-849a-274121d7ac60/datanode-4/data/ratis/404b8984-ba22-4b13-85fc-6a5ce594ff54/in_use.lock acquired by nodename 13552@pr-hdds-2196-x574v-1375001003
2019-10-14 11:02:31,331 [pool-149-thread-1] INFO  storage.RaftStorage (RaftStorage.java:format(84)) - Storage directory /workdir/hadoop-ozone/integration-test/target/test-dir/MiniOzoneClusterImpl-a82654f8-8fde-4516-849a-274121d7ac60/datanode-3/data/ratis/404b8984-ba22-4b13-85fc-6a5ce594ff54 has been successfully formatted.
2019-10-14 11:02:31,331 [pool-129-thread-1] INFO  storage.RaftStorage (RaftStorage.java:format(84)) - Storage directory /workdir/hadoop-ozone/integration-test/target/test-dir/MiniOzoneClusterImpl-a82654f8-8fde-4516-849a-274121d7ac60/datanode-1/data/ratis/404b8984-ba22-4b13-85fc-6a5ce594ff54 has been successfully formatted.
2019-10-14 11:02:31,331 [pool-159-thread-1] INFO  storage.RaftStorage (RaftStorage.java:format(84)) - Storage directory /workdir/hadoop-ozone/integration-test/target/test-dir/MiniOzoneClusterImpl-a82654f8-8fde-4516-849a-274121d7ac60/datanode-4/data/ratis/404b8984-ba22-4b13-85fc-6a5ce594ff54 has been successfully formatted.
2019-10-14 11:02:31,331 [pool-129-thread-1] INFO  ratis.ContainerStateMachine (ContainerStateMachine.java:loadSnapshot(230)) - group-6A5CE594FF54: The snapshot info is null. Setting the last applied indexto:(t:0, i:~)
2019-10-14 11:02:31,331 [pool-149-thread-1] INFO  ratis.ContainerStateMachine (ContainerStateMachine.java:loadSnapshot(230)) - group-6A5CE594FF54: The snapshot info is null. Setting the last applied indexto:(t:0, i:~)
2019-10-14 11:02:31,331 [pool-159-thread-1] INFO  ratis.ContainerStateMachine (ContainerStateMachine.java:loadSnapshot(230)) - group-6A5CE594FF54: The snapshot info is null. Setting the last applied indexto:(t:0, i:~)
2019-10-14 11:02:31,331 [pool-129-thread-1] INFO  server.RaftServerConfigKeys (ConfUtils.java:logGet(43)) - raft.server.notification.no-leader.timeout = 120s (custom)
2019-10-14 11:02:31,331 [pool-159-thread-1] INFO  server.RaftServerConfigKeys (ConfUtils.java:logGet(43)) - raft.server.notification.no-leader.timeout = 120s (custom)
2019-10-14 11:02:31,331 [pool-149-thread-1] INFO  server.RaftServerConfigKeys (ConfUtils.java:logGet(43)) - raft.server.notification.no-leader.timeout = 120s (custom)
2019-10-14 11:02:31,332 [pool-159-thread-1] INFO  server.RaftServerConfigKeys (ConfUtils.java:logGet(43)) - raft.server.log.use.memory = false (default)
2019-10-14 11:02:31,332 [pool-129-thread-1] INFO  server.RaftServerConfigKeys (ConfUtils.java:logGet(43)) - raft.server.log.use.memory = false (default)
2019-10-14 11:02:31,332 [pool-159-thread-1] INFO  server.RaftServerConfigKeys (ConfUtils.java:logGet(43)) - raft.server.log.purge.gap = 1000000 (custom)
2019-10-14 11:02:31,332 [pool-149-thread-1] INFO  server.RaftServerConfigKeys (ConfUtils.java:logGet(43)) - raft.server.log.use.memory = false (default)
2019-10-14 11:02:31,332 [pool-159-thread-1] INFO  server.RaftServerConfigKeys (ConfUtils.java:logGet(43)) - raft.server.log.appender.buffer.byte-limit = 33554432 (custom)
2019-10-14 11:02:31,332 [pool-129-thread-1] INFO  server.RaftServerConfigKeys (ConfUtils.java:logGet(43)) - raft.server.log.purge.gap = 1000000 (custom)
2019-10-14 11:02:31,333 [pool-159-thread-1] INFO  server.RaftServerConfigKeys (ConfUtils.java:logGet(43)) - raft.server.log.segment.size.max = 1048576 (custom)
2019-10-14 11:02:31,332 [pool-149-thread-1] INFO  server.RaftServerConfigKeys (ConfUtils.java:logGet(43)) - raft.server.log.purge.gap = 1000000 (custom)
2019-10-14 11:02:31,333 [pool-159-thread-1] INFO  server.RaftServerConfigKeys (ConfUtils.java:logGet(43)) - raft.server.log.segment.cache.num.max = 2 (custom)
2019-10-14 11:02:31,333 [pool-159-thread-1] INFO  segmented.SegmentedRaftLogWorker (SegmentedRaftLogWorker.java:<init>(173)) - new 458a964a-7a0c-43a0-9817-f8fa0e453b36@group-6A5CE594FF54-SegmentedRaftLogWorker for RaftStorage:Storage Directory /workdir/hadoop-ozone/integration-test/target/test-dir/MiniOzoneClusterImpl-a82654f8-8fde-4516-849a-274121d7ac60/datanode-4/data/ratis/404b8984-ba22-4b13-85fc-6a5ce594ff54
2019-10-14 11:02:31,333 [pool-129-thread-1] INFO  server.RaftServerConfigKeys (ConfUtils.java:logGet(43)) - raft.server.log.appender.buffer.byte-limit = 33554432 (custom)
2019-10-14 11:02:31,333 [pool-159-thread-1] INFO  server.RaftServerConfigKeys (ConfUtils.java:logGet(43)) - raft.server.log.queue.byte-limit = 2147483647 (custom)
2019-10-14 11:02:31,333 [pool-149-thread-1] INFO  server.RaftServerConfigKeys (ConfUtils.java:logGet(43)) - raft.server.log.appender.buffer.byte-limit = 33554432 (custom)
2019-10-14 11:02:31,334 [pool-159-thread-1] INFO  server.RaftServerConfigKeys (ConfUtils.java:logGet(43)) - raft.server.log.queue.element-limit = 1024 (custom)
2019-10-14 11:02:31,333 [pool-129-thread-1] INFO  server.RaftServerConfigKeys (ConfUtils.java:logGet(43)) - raft.server.log.segment.size.max = 1048576 (custom)
2019-10-14 11:02:31,334 [pool-159-thread-1] INFO  server.RaftServerConfigKeys (ConfUtils.java:logGet(43)) - raft.server.log.segment.size.max = 1048576 (custom)
2019-10-14 11:02:31,334 [pool-149-thread-1] INFO  server.RaftServerConfigKeys (ConfUtils.java:logGet(43)) - raft.server.log.segment.size.max = 1048576 (custom)
2019-10-14 11:02:31,334 [pool-159-thread-1] INFO  server.RaftServerConfigKeys (ConfUtils.java:logGet(43)) - raft.server.log.preallocated.size = 16384 (custom)
2019-10-14 11:02:31,334 [pool-129-thread-1] INFO  server.RaftServerConfigKeys (ConfUtils.java:logGet(43)) - raft.server.log.segment.cache.num.max = 2 (custom)
2019-10-14 11:02:31,334 [pool-159-thread-1] INFO  server.RaftServerConfigKeys (ConfUtils.java:logGet(43)) - raft.server.log.write.buffer.size = 33554432 (custom)
2019-10-14 11:02:31,334 [pool-149-thread-1] INFO  server.RaftServerConfigKeys (ConfUtils.java:logGet(43)) - raft.server.log.segment.cache.num.max = 2 (custom)
2019-10-14 11:02:31,335 [pool-159-thread-1] INFO  server.RaftServerConfigKeys (ConfUtils.java:logGet(43)) - raft.server.log.force.sync.num = 128 (default)
2019-10-14 11:02:31,334 [pool-129-thread-1] INFO  segmented.SegmentedRaftLogWorker (SegmentedRaftLogWorker.java:<init>(173)) - new 5f3ade76-58b9-4995-8f05-6aec01899244@group-6A5CE594FF54-SegmentedRaftLogWorker for RaftStorage:Storage Directory /workdir/hadoop-ozone/integration-test/target/test-dir/MiniOzoneClusterImpl-a82654f8-8fde-4516-849a-274121d7ac60/datanode-1/data/ratis/404b8984-ba22-4b13-85fc-6a5ce594ff54
2019-10-14 11:02:31,335 [pool-159-thread-1] INFO  server.RaftServerConfigKeys (ConfUtils.java:logGet(43)) - raft.server.log.statemachine.data.sync = true (default)
2019-10-14 11:02:31,335 [pool-149-thread-1] INFO  segmented.SegmentedRaftLogWorker (SegmentedRaftLogWorker.java:<init>(173)) - new 95a8ec7c-881c-4c51-b165-923478414dcb@group-6A5CE594FF54-SegmentedRaftLogWorker for RaftStorage:Storage Directory /workdir/hadoop-ozone/integration-test/target/test-dir/MiniOzoneClusterImpl-a82654f8-8fde-4516-849a-274121d7ac60/datanode-3/data/ratis/404b8984-ba22-4b13-85fc-6a5ce594ff54
2019-10-14 11:02:31,335 [pool-159-thread-1] INFO  server.RaftServerConfigKeys (ConfUtils.java:logGet(43)) - raft.server.log.statemachine.data.sync.timeout = 10s (default)
2019-10-14 11:02:31,335 [pool-129-thread-1] INFO  server.RaftServerConfigKeys (ConfUtils.java:logGet(43)) - raft.server.log.queue.byte-limit = 2147483647 (custom)
2019-10-14 11:02:31,335 [pool-159-thread-1] INFO  server.RaftServerConfigKeys (ConfUtils.java:logGet(43)) - raft.server.log.statemachine.data.sync.timeout.retry = -1 (default)
2019-10-14 11:02:31,335 [pool-149-thread-1] INFO  server.RaftServerConfigKeys (ConfUtils.java:logGet(43)) - raft.server.log.queue.byte-limit = 2147483647 (custom)
2019-10-14 11:02:31,336 [pool-129-thread-1] INFO  server.RaftServerConfigKeys (ConfUtils.java:logGet(43)) - raft.server.log.queue.element-limit = 1024 (custom)
2019-10-14 11:02:31,336 [pool-159-thread-1] INFO  server.RaftServerConfigKeys (ConfUtils.java:logGet(43)) - raft.server.log.statemachine.data.caching.enabled = true (custom)
2019-10-14 11:02:31,336 [pool-149-thread-1] INFO  server.RaftServerConfigKeys (ConfUtils.java:logGet(43)) - raft.server.log.queue.element-limit = 1024 (custom)
2019-10-14 11:02:31,336 [pool-129-thread-1] INFO  server.RaftServerConfigKeys (ConfUtils.java:logGet(43)) - raft.server.log.segment.size.max = 1048576 (custom)
2019-10-14 11:02:31,336 [pool-149-thread-1] INFO  server.RaftServerConfigKeys (ConfUtils.java:logGet(43)) - raft.server.log.segment.size.max = 1048576 (custom)
2019-10-14 11:02:31,336 [pool-159-thread-1] INFO  segmented.SegmentedRaftLogWorker (SegmentedRaftLogWorker.java:lambda$new$0(128)) - 458a964a-7a0c-43a0-9817-f8fa0e453b36@group-6A5CE594FF54-SegmentedRaftLogWorker: flushIndex: setUnconditionally 0 -> -1
2019-10-14 11:02:31,336 [pool-129-thread-1] INFO  server.RaftServerConfigKeys (ConfUtils.java:logGet(43)) - raft.server.log.preallocated.size = 16384 (custom)
2019-10-14 11:02:31,336 [pool-149-thread-1] INFO  server.RaftServerConfigKeys (ConfUtils.java:logGet(43)) - raft.server.log.preallocated.size = 16384 (custom)
2019-10-14 11:02:31,337 [pool-159-thread-1] INFO  server.RaftServerConfigKeys (ConfUtils.java:logGet(43)) - raft.server.snapshot.auto.trigger.enabled = true (custom)
2019-10-14 11:02:31,337 [pool-129-thread-1] INFO  server.RaftServerConfigKeys (ConfUtils.java:logGet(43)) - raft.server.log.write.buffer.size = 33554432 (custom)
2019-10-14 11:02:31,337 [pool-159-thread-1] INFO  server.RaftServerConfigKeys (ConfUtils.java:logGet(43)) - raft.server.snapshot.auto.trigger.threshold = 10000 (custom)
2019-10-14 11:02:31,337 [pool-149-thread-1] INFO  server.RaftServerConfigKeys (ConfUtils.java:logGet(43)) - raft.server.log.write.buffer.size = 33554432 (custom)
2019-10-14 11:02:31,337 [pool-159-thread-1] INFO  server.RaftServerConfigKeys (ConfUtils.java:logGet(43)) - raft.server.snapshot.retention.file.num = 5 (custom)
2019-10-14 11:02:31,337 [pool-129-thread-1] INFO  server.RaftServerConfigKeys (ConfUtils.java:logGet(43)) - raft.server.log.force.sync.num = 128 (default)
2019-10-14 11:02:31,338 [pool-159-thread-1] INFO  server.RaftServerConfigKeys (ConfUtils.java:logGet(43)) - raft.server.retrycache.expirytime = 600000ms (custom)
2019-10-14 11:02:31,337 [pool-149-thread-1] INFO  server.RaftServerConfigKeys (ConfUtils.java:logGet(43)) - raft.server.log.force.sync.num = 128 (default)
2019-10-14 11:02:31,338 [pool-129-thread-1] INFO  server.RaftServerConfigKeys (ConfUtils.java:logGet(43)) - raft.server.log.statemachine.data.sync = true (default)
2019-10-14 11:02:31,338 [pool-149-thread-1] INFO  server.RaftServerConfigKeys (ConfUtils.java:logGet(43)) - raft.server.log.statemachine.data.sync = true (default)
2019-10-14 11:02:31,338 [pool-129-thread-1] INFO  server.RaftServerConfigKeys (ConfUtils.java:logGet(43)) - raft.server.log.statemachine.data.sync.timeout = 10s (default)
2019-10-14 11:02:31,338 [pool-149-thread-1] INFO  server.RaftServerConfigKeys (ConfUtils.java:logGet(43)) - raft.server.log.statemachine.data.sync.timeout = 10s (default)
2019-10-14 11:02:31,338 [pool-129-thread-1] INFO  server.RaftServerConfigKeys (ConfUtils.java:logGet(43)) - raft.server.log.statemachine.data.sync.timeout.retry = -1 (default)
2019-10-14 11:02:31,338 [pool-149-thread-1] INFO  server.RaftServerConfigKeys (ConfUtils.java:logGet(43)) - raft.server.log.statemachine.data.sync.timeout.retry = -1 (default)
2019-10-14 11:02:31,338 [pool-149-thread-1] INFO  server.RaftServerConfigKeys (ConfUtils.java:logGet(43)) - raft.server.log.statemachine.data.caching.enabled = true (custom)
2019-10-14 11:02:31,339 [pool-129-thread-1] INFO  server.RaftServerConfigKeys (ConfUtils.java:logGet(43)) - raft.server.log.statemachine.data.caching.enabled = true (custom)
2019-10-14 11:02:31,339 [pool-149-thread-1] INFO  segmented.SegmentedRaftLogWorker (SegmentedRaftLogWorker.java:lambda$new$0(128)) - 95a8ec7c-881c-4c51-b165-923478414dcb@group-6A5CE594FF54-SegmentedRaftLogWorker: flushIndex: setUnconditionally 0 -> -1
2019-10-14 11:02:31,339 [pool-129-thread-1] INFO  segmented.SegmentedRaftLogWorker (SegmentedRaftLogWorker.java:lambda$new$0(128)) - 5f3ade76-58b9-4995-8f05-6aec01899244@group-6A5CE594FF54-SegmentedRaftLogWorker: flushIndex: setUnconditionally 0 -> -1
2019-10-14 11:02:31,339 [pool-149-thread-1] INFO  server.RaftServerConfigKeys (ConfUtils.java:logGet(43)) - raft.server.snapshot.auto.trigger.enabled = true (custom)
2019-10-14 11:02:31,339 [pool-129-thread-1] INFO  server.RaftServerConfigKeys (ConfUtils.java:logGet(43)) - raft.server.snapshot.auto.trigger.enabled = true (custom)
2019-10-14 11:02:31,339 [pool-149-thread-1] INFO  server.RaftServerConfigKeys (ConfUtils.java:logGet(43)) - raft.server.snapshot.auto.trigger.threshold = 10000 (custom)
2019-10-14 11:02:31,339 [pool-129-thread-1] INFO  server.RaftServerConfigKeys (ConfUtils.java:logGet(43)) - raft.server.snapshot.auto.trigger.threshold = 10000 (custom)
2019-10-14 11:02:31,339 [pool-149-thread-1] INFO  server.RaftServerConfigKeys (ConfUtils.java:logGet(43)) - raft.server.snapshot.retention.file.num = 5 (custom)
2019-10-14 11:02:31,339 [pool-129-thread-1] INFO  server.RaftServerConfigKeys (ConfUtils.java:logGet(43)) - raft.server.snapshot.retention.file.num = 5 (custom)
2019-10-14 11:02:31,339 [pool-149-thread-1] INFO  server.RaftServerConfigKeys (ConfUtils.java:logGet(43)) - raft.server.retrycache.expirytime = 600000ms (custom)
2019-10-14 11:02:31,340 [pool-129-thread-1] INFO  server.RaftServerConfigKeys (ConfUtils.java:logGet(43)) - raft.server.retrycache.expirytime = 600000ms (custom)
2019-10-14 11:02:31,341 [pool-159-thread-1] INFO  impl.RaftServerImpl (RaftServerImpl.java:start(181)) - 458a964a-7a0c-43a0-9817-f8fa0e453b36@group-6A5CE594FF54: start as a follower, conf=-1: [95a8ec7c-881c-4c51-b165-923478414dcb:192.168.151.96:45666, 458a964a-7a0c-43a0-9817-f8fa0e453b36:192.168.151.96:34381, 5f3ade76-58b9-4995-8f05-6aec01899244:192.168.151.96:42900], old=null
2019-10-14 11:02:31,341 [pool-159-thread-1] INFO  impl.RaftServerImpl (RaftServerImpl.java:setRole(170)) - 458a964a-7a0c-43a0-9817-f8fa0e453b36@group-6A5CE594FF54: changes role from      null to FOLLOWER at term 0 for startAsFollower
2019-10-14 11:02:31,341 [pool-159-thread-1] INFO  impl.RoleInfo (RoleInfo.java:updateAndGet(143)) - 458a964a-7a0c-43a0-9817-f8fa0e453b36: start FollowerState
2019-10-14 11:02:31,342 [pool-159-thread-1] INFO  util.JmxRegister (JmxRegister.java:tryRegister(44)) - Successfully registered JMX Bean with object name Ratis:service=RaftServer,group=group-6A5CE594FF54,id=458a964a-7a0c-43a0-9817-f8fa0e453b36
2019-10-14 11:02:31,342 [pool-129-thread-1] INFO  impl.RaftServerImpl (RaftServerImpl.java:start(181)) - 5f3ade76-58b9-4995-8f05-6aec01899244@group-6A5CE594FF54: start as a follower, conf=-1: [95a8ec7c-881c-4c51-b165-923478414dcb:192.168.151.96:45666, 458a964a-7a0c-43a0-9817-f8fa0e453b36:192.168.151.96:34381, 5f3ade76-58b9-4995-8f05-6aec01899244:192.168.151.96:42900], old=null
2019-10-14 11:02:31,342 [pool-149-thread-1] INFO  impl.RaftServerImpl (RaftServerImpl.java:start(181)) - 95a8ec7c-881c-4c51-b165-923478414dcb@group-6A5CE594FF54: start as a follower, conf=-1: [95a8ec7c-881c-4c51-b165-923478414dcb:192.168.151.96:45666, 458a964a-7a0c-43a0-9817-f8fa0e453b36:192.168.151.96:34381, 5f3ade76-58b9-4995-8f05-6aec01899244:192.168.151.96:42900], old=null
2019-10-14 11:02:31,342 [pool-129-thread-1] INFO  impl.RaftServerImpl (RaftServerImpl.java:setRole(170)) - 5f3ade76-58b9-4995-8f05-6aec01899244@group-6A5CE594FF54: changes role from      null to FOLLOWER at term 0 for startAsFollower
2019-10-14 11:02:31,342 [pool-149-thread-1] INFO  impl.RaftServerImpl (RaftServerImpl.java:setRole(170)) - 95a8ec7c-881c-4c51-b165-923478414dcb@group-6A5CE594FF54: changes role from      null to FOLLOWER at term 0 for startAsFollower
2019-10-14 11:02:31,343 [pool-129-thread-1] INFO  impl.RoleInfo (RoleInfo.java:updateAndGet(143)) - 5f3ade76-58b9-4995-8f05-6aec01899244: start FollowerState
2019-10-14 11:02:31,343 [pool-149-thread-1] INFO  impl.RoleInfo (RoleInfo.java:updateAndGet(143)) - 95a8ec7c-881c-4c51-b165-923478414dcb: start FollowerState
2019-10-14 11:02:31,350 [pool-129-thread-1] INFO  util.JmxRegister (JmxRegister.java:tryRegister(44)) - Successfully registered JMX Bean with object name Ratis:service=RaftServer,group=group-6A5CE594FF54,id=5f3ade76-58b9-4995-8f05-6aec01899244
2019-10-14 11:02:31,350 [pool-149-thread-1] INFO  util.JmxRegister (JmxRegister.java:tryRegister(44)) - Successfully registered JMX Bean with object name Ratis:service=RaftServer,group=group-6A5CE594FF54,id=95a8ec7c-881c-4c51-b165-923478414dcb
2019-10-14 11:02:31,368 [RatisPipelineUtilsThread] INFO  pipeline.PipelineStateManager (PipelineStateManager.java:addPipeline(56)) - Created pipeline Pipeline[ Id: 404b8984-ba22-4b13-85fc-6a5ce594ff54, Nodes: 95a8ec7c-881c-4c51-b165-923478414dcb{ip: 192.168.151.96, host: pr-hdds-2196-x574v-1375001003, networkLocation: /default-rack, certSerialId: null}458a964a-7a0c-43a0-9817-f8fa0e453b36{ip: 192.168.151.96, host: pr-hdds-2196-x574v-1375001003, networkLocation: /default-rack, certSerialId: null}5f3ade76-58b9-4995-8f05-6aec01899244{ip: 192.168.151.96, host: pr-hdds-2196-x574v-1375001003, networkLocation: /default-rack, certSerialId: null}, Type:RATIS, Factor:THREE, State:OPEN]
2019-10-14 11:02:31,381 [grpc-default-executor-0] INFO  impl.RaftServerProxy (RaftServerProxy.java:addNew(89)) - 5adfdb7b-6840-444d-bd3d-1f1f03d16852: addNew group-23B352C116BC:[4d6dca3e-8084-4c25-a5d6-8974815c498b:192.168.151.96:46111, 98e6d6fb-052e-419e-84b1-2ac665757303:192.168.151.96:43380, 5adfdb7b-6840-444d-bd3d-1f1f03d16852:192.168.151.96:38556] returns group-23B352C116BC:java.util.concurrent.CompletableFuture@124c972a[Not completed]
2019-10-14 11:02:31,381 [grpc-default-executor-2] INFO  impl.RaftServerProxy (RaftServerProxy.java:addNew(89)) - 98e6d6fb-052e-419e-84b1-2ac665757303: addNew group-23B352C116BC:[4d6dca3e-8084-4c25-a5d6-8974815c498b:192.168.151.96:46111, 98e6d6fb-052e-419e-84b1-2ac665757303:192.168.151.96:43380, 5adfdb7b-6840-444d-bd3d-1f1f03d16852:192.168.151.96:38556] returns group-23B352C116BC:java.util.concurrent.CompletableFuture@3fe1b2b2[Not completed]
2019-10-14 11:02:31,384 [grpc-default-executor-0] INFO  impl.RaftServerProxy (RaftServerProxy.java:addNew(89)) - 4d6dca3e-8084-4c25-a5d6-8974815c498b: addNew group-23B352C116BC:[4d6dca3e-8084-4c25-a5d6-8974815c498b:192.168.151.96:46111, 98e6d6fb-052e-419e-84b1-2ac665757303:192.168.151.96:43380, 5adfdb7b-6840-444d-bd3d-1f1f03d16852:192.168.151.96:38556] returns group-23B352C116BC:java.util.concurrent.CompletableFuture@3a5610f0[Not completed]
2019-10-14 11:02:31,385 [pool-119-thread-1] INFO  impl.RaftServerImpl (RaftServerImpl.java:<init>(95)) - 98e6d6fb-052e-419e-84b1-2ac665757303: new RaftServerImpl for group-23B352C116BC:[4d6dca3e-8084-4c25-a5d6-8974815c498b:192.168.151.96:46111, 98e6d6fb-052e-419e-84b1-2ac665757303:192.168.151.96:43380, 5adfdb7b-6840-444d-bd3d-1f1f03d16852:192.168.151.96:38556] with ContainerStateMachine:uninitialized
2019-10-14 11:02:31,385 [main] INFO  ozone.MiniOzoneClusterImpl (MiniOzoneClusterImpl.java:lambda$waitForClusterToBeReady$0(147)) - Cluster is ready. Got 7 of 7 DN Heartbeats.
2019-10-14 11:02:31,385 [pool-119-thread-1] INFO  server.RaftServerConfigKeys (ConfUtils.java:logGet(43)) - raft.server.rpc.timeout.min = 5s (custom)
2019-10-14 11:02:31,385 [IPC Server handler 7 on 39190] INFO  net.NetworkTopology (NetworkTopologyImpl.java:add(111)) - Added a new node: /default-rack/7ed0715f-94fc-4e68-a684-0445b62e3527
2019-10-14 11:02:31,386 [pool-119-thread-1] INFO  server.RaftServerConfigKeys (ConfUtils.java:logGet(43)) - raft.server.rpc.timeout.max = 5200ms (custom)
2019-10-14 11:02:31,386 [IPC Server handler 7 on 39190] INFO  node.SCMNodeManager (SCMNodeManager.java:register(313)) - Registered Data node : 7ed0715f-94fc-4e68-a684-0445b62e3527{ip: 192.168.151.96, host: pr-hdds-2196-x574v-1375001003, networkLocation: /default-rack, certSerialId: null}
2019-10-14 11:02:31,386 [pool-119-thread-1] INFO  server.RaftServerConfigKeys (ConfUtils.java:logGet(43)) - raft.server.rpcslowness.timeout = 120s (custom)
2019-10-14 11:02:31,386 [pool-119-thread-1] INFO  server.RaftServerConfigKeys (ConfUtils.java:logGet(43)) - raft.server.sleep.deviation.threshold = 300 (default)
2019-10-14 11:02:31,386 [pool-139-thread-1] INFO  impl.RaftServerImpl (RaftServerImpl.java:<init>(95)) - 4d6dca3e-8084-4c25-a5d6-8974815c498b: new RaftServerImpl for group-23B352C116BC:[4d6dca3e-8084-4c25-a5d6-8974815c498b:192.168.151.96:46111, 98e6d6fb-052e-419e-84b1-2ac665757303:192.168.151.96:43380, 5adfdb7b-6840-444d-bd3d-1f1f03d16852:192.168.151.96:38556] with ContainerStateMachine:uninitialized
2019-10-14 11:02:31,386 [pool-119-thread-1] INFO  server.RaftServerConfigKeys (ConfUtils.java:logGet(43)) - raft.server.log.appender.install.snapshot.enabled = false (custom)
2019-10-14 11:02:31,386 [pool-139-thread-1] INFO  server.RaftServerConfigKeys (ConfUtils.java:logGet(43)) - raft.server.rpc.timeout.min = 5s (custom)
2019-10-14 11:02:31,387 [pool-119-thread-1] INFO  impl.RaftServerImpl (ServerState.java:<init>(103)) - 98e6d6fb-052e-419e-84b1-2ac665757303@group-23B352C116BC: ConfigurationManager, init=-1: [4d6dca3e-8084-4c25-a5d6-8974815c498b:192.168.151.96:46111, 98e6d6fb-052e-419e-84b1-2ac665757303:192.168.151.96:43380, 5adfdb7b-6840-444d-bd3d-1f1f03d16852:192.168.151.96:38556], old=null, confs=<EMPTY_MAP>
2019-10-14 11:02:31,387 [pool-139-thread-1] INFO  server.RaftServerConfigKeys (ConfUtils.java:logGet(43)) - raft.server.rpc.timeout.max = 5200ms (custom)
2019-10-14 11:02:31,389 [pool-119-thread-1] INFO  server.RaftServerConfigKeys (ConfUtils.java:logGet(43)) - raft.server.storage.dir = [/workdir/hadoop-ozone/integration-test/target/test-dir/MiniOzoneClusterImpl-a82654f8-8fde-4516-849a-274121d7ac60/datanode-0/data/ratis] (custom)
2019-10-14 11:02:31,389 [pool-169-thread-1] INFO  impl.RaftServerImpl (RaftServerImpl.java:<init>(95)) - 5adfdb7b-6840-444d-bd3d-1f1f03d16852: new RaftServerImpl for group-23B352C116BC:[4d6dca3e-8084-4c25-a5d6-8974815c498b:192.168.151.96:46111, 98e6d6fb-052e-419e-84b1-2ac665757303:192.168.151.96:43380, 5adfdb7b-6840-444d-bd3d-1f1f03d16852:192.168.151.96:38556] with ContainerStateMachine:uninitialized
2019-10-14 11:02:31,389 [pool-139-thread-1] INFO  server.RaftServerConfigKeys (ConfUtils.java:logGet(43)) - raft.server.rpcslowness.timeout = 120s (custom)
2019-10-14 11:02:31,389 [pool-169-thread-1] INFO  server.RaftServerConfigKeys (ConfUtils.java:logGet(43)) - raft.server.rpc.timeout.min = 5s (custom)
2019-10-14 11:02:31,389 [pool-119-thread-1] INFO  server.RaftServerConfigKeys (ConfUtils.java:logGet(43)) - raft.server.log.corruption.policy = EXCEPTION (default)
2019-10-14 11:02:31,390 [pool-169-thread-1] INFO  server.RaftServerConfigKeys (ConfUtils.java:logGet(43)) - raft.server.rpc.timeout.max = 5200ms (custom)
2019-10-14 11:02:31,390 [pool-139-thread-1] INFO  server.RaftServerConfigKeys (ConfUtils.java:logGet(43)) - raft.server.sleep.deviation.threshold = 300 (default)
2019-10-14 11:02:31,390 [pool-169-thread-1] INFO  server.RaftServerConfigKeys (ConfUtils.java:logGet(43)) - raft.server.rpcslowness.timeout = 120s (custom)
2019-10-14 11:02:31,390 [pool-119-thread-1] INFO  storage.RaftStorageDirectory (RaftStorageDirectory.java:analyzeStorage(246)) - The storage directory /workdir/hadoop-ozone/integration-test/target/test-dir/MiniOzoneClusterImpl-a82654f8-8fde-4516-849a-274121d7ac60/datanode-0/data/ratis/385c26ad-4a1a-448b-b4b1-23b352c116bc does not exist. Creating ...
2019-10-14 11:02:31,390 [pool-169-thread-1] INFO  server.RaftServerConfigKeys (ConfUtils.java:logGet(43)) - raft.server.sleep.deviation.threshold = 300 (default)
2019-10-14 11:02:31,390 [pool-139-thread-1] INFO  server.RaftServerConfigKeys (ConfUtils.java:logGet(43)) - raft.server.log.appender.install.snapshot.enabled = false (custom)
2019-10-14 11:02:31,390 [pool-169-thread-1] INFO  server.RaftServerConfigKeys (ConfUtils.java:logGet(43)) - raft.server.log.appender.install.snapshot.enabled = false (custom)
2019-10-14 11:02:31,390 [pool-139-thread-1] INFO  impl.RaftServerImpl (ServerState.java:<init>(103)) - 4d6dca3e-8084-4c25-a5d6-8974815c498b@group-23B352C116BC: ConfigurationManager, init=-1: [4d6dca3e-8084-4c25-a5d6-8974815c498b:192.168.151.96:46111, 98e6d6fb-052e-419e-84b1-2ac665757303:192.168.151.96:43380, 5adfdb7b-6840-444d-bd3d-1f1f03d16852:192.168.151.96:38556], old=null, confs=<EMPTY_MAP>
2019-10-14 11:02:31,391 [pool-169-thread-1] INFO  impl.RaftServerImpl (ServerState.java:<init>(103)) - 5adfdb7b-6840-444d-bd3d-1f1f03d16852@group-23B352C116BC: ConfigurationManager, init=-1: [4d6dca3e-8084-4c25-a5d6-8974815c498b:192.168.151.96:46111, 98e6d6fb-052e-419e-84b1-2ac665757303:192.168.151.96:43380, 5adfdb7b-6840-444d-bd3d-1f1f03d16852:192.168.151.96:38556], old=null, confs=<EMPTY_MAP>
2019-10-14 11:02:31,391 [pool-139-thread-1] INFO  server.RaftServerConfigKeys (ConfUtils.java:logGet(43)) - raft.server.storage.dir = [/workdir/hadoop-ozone/integration-test/target/test-dir/MiniOzoneClusterImpl-a82654f8-8fde-4516-849a-274121d7ac60/datanode-2/data/ratis] (custom)
2019-10-14 11:02:31,392 [pool-169-thread-1] INFO  server.RaftServerConfigKeys (ConfUtils.java:logGet(43)) - raft.server.storage.dir = [/workdir/hadoop-ozone/integration-test/target/test-dir/MiniOzoneClusterImpl-a82654f8-8fde-4516-849a-274121d7ac60/datanode-5/data/ratis] (custom)
2019-10-14 11:02:31,394 [pool-139-thread-1] INFO  server.RaftServerConfigKeys (ConfUtils.java:logGet(43)) - raft.server.log.corruption.policy = EXCEPTION (default)
2019-10-14 11:02:31,394 [pool-169-thread-1] INFO  server.RaftServerConfigKeys (ConfUtils.java:logGet(43)) - raft.server.log.corruption.policy = EXCEPTION (default)
2019-10-14 11:02:31,394 [pool-139-thread-1] INFO  storage.RaftStorageDirectory (RaftStorageDirectory.java:analyzeStorage(246)) - The storage directory /workdir/hadoop-ozone/integration-test/target/test-dir/MiniOzoneClusterImpl-a82654f8-8fde-4516-849a-274121d7ac60/datanode-2/data/ratis/385c26ad-4a1a-448b-b4b1-23b352c116bc does not exist. Creating ...
2019-10-14 11:02:31,394 [pool-169-thread-1] INFO  storage.RaftStorageDirectory (RaftStorageDirectory.java:analyzeStorage(246)) - The storage directory /workdir/hadoop-ozone/integration-test/target/test-dir/MiniOzoneClusterImpl-a82654f8-8fde-4516-849a-274121d7ac60/datanode-5/data/ratis/385c26ad-4a1a-448b-b4b1-23b352c116bc does not exist. Creating ...
2019-10-14 11:02:31,405 [pool-139-thread-1] INFO  storage.RaftStorageDirectory (RaftStorageDirectory.java:tryLock(328)) - Lock on /workdir/hadoop-ozone/integration-test/target/test-dir/MiniOzoneClusterImpl-a82654f8-8fde-4516-849a-274121d7ac60/datanode-2/data/ratis/385c26ad-4a1a-448b-b4b1-23b352c116bc/in_use.lock acquired by nodename 13552@pr-hdds-2196-x574v-1375001003
2019-10-14 11:02:31,405 [pool-169-thread-1] INFO  storage.RaftStorageDirectory (RaftStorageDirectory.java:tryLock(328)) - Lock on /workdir/hadoop-ozone/integration-test/target/test-dir/MiniOzoneClusterImpl-a82654f8-8fde-4516-849a-274121d7ac60/datanode-5/data/ratis/385c26ad-4a1a-448b-b4b1-23b352c116bc/in_use.lock acquired by nodename 13552@pr-hdds-2196-x574v-1375001003
2019-10-14 11:02:31,405 [pool-119-thread-1] INFO  storage.RaftStorageDirectory (RaftStorageDirectory.java:tryLock(328)) - Lock on /workdir/hadoop-ozone/integration-test/target/test-dir/MiniOzoneClusterImpl-a82654f8-8fde-4516-849a-274121d7ac60/datanode-0/data/ratis/385c26ad-4a1a-448b-b4b1-23b352c116bc/in_use.lock acquired by nodename 13552@pr-hdds-2196-x574v-1375001003
2019-10-14 11:02:31,417 [main] INFO  rpc.RpcClient (RpcClient.java:createVolume(277)) - Creating Volume: watchforcommithandlingtest, with jenkins1000 as owner.
2019-10-14 11:02:31,419 [pool-169-thread-1] INFO  storage.RaftStorage (RaftStorage.java:format(84)) - Storage directory /workdir/hadoop-ozone/integration-test/target/test-dir/MiniOzoneClusterImpl-a82654f8-8fde-4516-849a-274121d7ac60/datanode-5/data/ratis/385c26ad-4a1a-448b-b4b1-23b352c116bc has been successfully formatted.
2019-10-14 11:02:31,419 [pool-139-thread-1] INFO  storage.RaftStorage (RaftStorage.java:format(84)) - Storage directory /workdir/hadoop-ozone/integration-test/target/test-dir/MiniOzoneClusterImpl-a82654f8-8fde-4516-849a-274121d7ac60/datanode-2/data/ratis/385c26ad-4a1a-448b-b4b1-23b352c116bc has been successfully formatted.
2019-10-14 11:02:31,419 [pool-119-thread-1] INFO  storage.RaftStorage (RaftStorage.java:format(84)) - Storage directory /workdir/hadoop-ozone/integration-test/target/test-dir/MiniOzoneClusterImpl-a82654f8-8fde-4516-849a-274121d7ac60/datanode-0/data/ratis/385c26ad-4a1a-448b-b4b1-23b352c116bc has been successfully formatted.
2019-10-14 11:02:31,419 [pool-139-thread-1] INFO  ratis.ContainerStateMachine (ContainerStateMachine.java:loadSnapshot(230)) - group-23B352C116BC: The snapshot info is null. Setting the last applied indexto:(t:0, i:~)
2019-10-14 11:02:31,419 [pool-169-thread-1] INFO  ratis.ContainerStateMachine (ContainerStateMachine.java:loadSnapshot(230)) - group-23B352C116BC: The snapshot info is null. Setting the last applied indexto:(t:0, i:~)
2019-10-14 11:02:31,419 [pool-139-thread-1] INFO  server.RaftServerConfigKeys (ConfUtils.java:logGet(43)) - raft.server.notification.no-leader.timeout = 120s (custom)
2019-10-14 11:02:31,419 [pool-119-thread-1] INFO  ratis.ContainerStateMachine (ContainerStateMachine.java:loadSnapshot(230)) - group-23B352C116BC: The snapshot info is null. Setting the last applied indexto:(t:0, i:~)
2019-10-14 11:02:31,419 [pool-139-thread-1] INFO  server.RaftServerConfigKeys (ConfUtils.java:logGet(43)) - raft.server.log.use.memory = false (default)
2019-10-14 11:02:31,419 [pool-169-thread-1] INFO  server.RaftServerConfigKeys (ConfUtils.java:logGet(43)) - raft.server.notification.no-leader.timeout = 120s (custom)
2019-10-14 11:02:31,419 [pool-139-thread-1] INFO  server.RaftServerConfigKeys (ConfUtils.java:logGet(43)) - raft.server.log.purge.gap = 1000000 (custom)
2019-10-14 11:02:31,419 [pool-119-thread-1] INFO  server.RaftServerConfigKeys (ConfUtils.java:logGet(43)) - raft.server.notification.no-leader.timeout = 120s (custom)
2019-10-14 11:02:31,420 [pool-139-thread-1] INFO  server.RaftServerConfigKeys (ConfUtils.java:logGet(43)) - raft.server.log.appender.buffer.byte-limit = 33554432 (custom)
2019-10-14 11:02:31,420 [pool-169-thread-1] INFO  server.RaftServerConfigKeys (ConfUtils.java:logGet(43)) - raft.server.log.use.memory = false (default)
2019-10-14 11:02:31,420 [pool-119-thread-1] INFO  server.RaftServerConfigKeys (ConfUtils.java:logGet(43)) - raft.server.log.use.memory = false (default)
2019-10-14 11:02:31,420 [pool-119-thread-1] INFO  server.RaftServerConfigKeys (ConfUtils.java:logGet(43)) - raft.server.log.purge.gap = 1000000 (custom)
2019-10-14 11:02:31,420 [pool-139-thread-1] INFO  server.RaftServerConfigKeys (ConfUtils.java:logGet(43)) - raft.server.log.segment.size.max = 1048576 (custom)
2019-10-14 11:02:31,420 [pool-169-thread-1] INFO  server.RaftServerConfigKeys (ConfUtils.java:logGet(43)) - raft.server.log.purge.gap = 1000000 (custom)
2019-10-14 11:02:31,422 [pool-139-thread-1] INFO  server.RaftServerConfigKeys (ConfUtils.java:logGet(43)) - raft.server.log.segment.cache.num.max = 2 (custom)
2019-10-14 11:02:31,420 [IPC Server handler 2 on 33825] INFO  volume.OMVolumeCreateRequest (OMVolumeCreateRequest.java:validateAndUpdateCache(193)) - created volume:watchforcommithandlingtest for user:jenkins1000
2019-10-14 11:02:31,420 [pool-119-thread-1] INFO  server.RaftServerConfigKeys (ConfUtils.java:logGet(43)) - raft.server.log.appender.buffer.byte-limit = 33554432 (custom)
2019-10-14 11:02:31,422 [pool-139-thread-1] INFO  segmented.SegmentedRaftLogWorker (SegmentedRaftLogWorker.java:<init>(173)) - new 4d6dca3e-8084-4c25-a5d6-8974815c498b@group-23B352C116BC-SegmentedRaftLogWorker for RaftStorage:Storage Directory /workdir/hadoop-ozone/integration-test/target/test-dir/MiniOzoneClusterImpl-a82654f8-8fde-4516-849a-274121d7ac60/datanode-2/data/ratis/385c26ad-4a1a-448b-b4b1-23b352c116bc
2019-10-14 11:02:31,422 [pool-169-thread-1] INFO  server.RaftServerConfigKeys (ConfUtils.java:logGet(43)) - raft.server.log.appender.buffer.byte-limit = 33554432 (custom)
2019-10-14 11:02:31,422 [pool-139-thread-1] INFO  server.RaftServerConfigKeys (ConfUtils.java:logGet(43)) - raft.server.log.queue.byte-limit = 2147483647 (custom)
2019-10-14 11:02:31,422 [pool-119-thread-1] INFO  server.RaftServerConfigKeys (ConfUtils.java:logGet(43)) - raft.server.log.segment.size.max = 1048576 (custom)
2019-10-14 11:02:31,423 [pool-139-thread-1] INFO  server.RaftServerConfigKeys (ConfUtils.java:logGet(43)) - raft.server.log.queue.element-limit = 1024 (custom)
2019-10-14 11:02:31,423 [pool-169-thread-1] INFO  server.RaftServerConfigKeys (ConfUtils.java:logGet(43)) - raft.server.log.segment.size.max = 1048576 (custom)
2019-10-14 11:02:31,423 [pool-139-thread-1] INFO  server.RaftServerConfigKeys (ConfUtils.java:logGet(43)) - raft.server.log.segment.size.max = 1048576 (custom)
2019-10-14 11:02:31,423 [pool-119-thread-1] INFO  server.RaftServerConfigKeys (ConfUtils.java:logGet(43)) - raft.server.log.segment.cache.num.max = 2 (custom)
2019-10-14 11:02:31,423 [pool-139-thread-1] INFO  server.RaftServerConfigKeys (ConfUtils.java:logGet(43)) - raft.server.log.preallocated.size = 16384 (custom)
2019-10-14 11:02:31,425 [pool-119-thread-1] INFO  segmented.SegmentedRaftLogWorker (SegmentedRaftLogWorker.java:<init>(173)) - new 98e6d6fb-052e-419e-84b1-2ac665757303@group-23B352C116BC-SegmentedRaftLogWorker for RaftStorage:Storage Directory /workdir/hadoop-ozone/integration-test/target/test-dir/MiniOzoneClusterImpl-a82654f8-8fde-4516-849a-274121d7ac60/datanode-0/data/ratis/385c26ad-4a1a-448b-b4b1-23b352c116bc
2019-10-14 11:02:31,425 [pool-139-thread-1] INFO  server.RaftServerConfigKeys (ConfUtils.java:logGet(43)) - raft.server.log.write.buffer.size = 33554432 (custom)
2019-10-14 11:02:31,425 [pool-119-thread-1] INFO  server.RaftServerConfigKeys (ConfUtils.java:logGet(43)) - raft.server.log.queue.byte-limit = 2147483647 (custom)
2019-10-14 11:02:31,425 [pool-139-thread-1] INFO  server.RaftServerConfigKeys (ConfUtils.java:logGet(43)) - raft.server.log.force.sync.num = 128 (default)
2019-10-14 11:02:31,425 [pool-119-thread-1] INFO  server.RaftServerConfigKeys (ConfUtils.java:logGet(43)) - raft.server.log.queue.element-limit = 1024 (custom)
2019-10-14 11:02:31,425 [pool-139-thread-1] INFO  server.RaftServerConfigKeys (ConfUtils.java:logGet(43)) - raft.server.log.statemachine.data.sync = true (default)
2019-10-14 11:02:31,431 [pool-119-thread-1] INFO  server.RaftServerConfigKeys (ConfUtils.java:logGet(43)) - raft.server.log.segment.size.max = 1048576 (custom)
2019-10-14 11:02:31,431 [main] INFO  rpc.RpcClient (RpcClient.java:createBucket(416)) - Creating Bucket: watchforcommithandlingtest/watchforcommithandlingtest, with Versioning false and Storage Type set to DISK and Encryption set to false 
2019-10-14 11:02:31,431 [pool-139-thread-1] INFO  server.RaftServerConfigKeys (ConfUtils.java:logGet(43)) - raft.server.log.statemachine.data.sync.timeout = 10s (default)
2019-10-14 11:02:31,431 [pool-119-thread-1] INFO  server.RaftServerConfigKeys (ConfUtils.java:logGet(43)) - raft.server.log.preallocated.size = 16384 (custom)
2019-10-14 11:02:31,432 [pool-139-thread-1] INFO  server.RaftServerConfigKeys (ConfUtils.java:logGet(43)) - raft.server.log.statemachine.data.sync.timeout.retry = -1 (default)
2019-10-14 11:02:31,432 [pool-119-thread-1] INFO  server.RaftServerConfigKeys (ConfUtils.java:logGet(43)) - raft.server.log.write.buffer.size = 33554432 (custom)
2019-10-14 11:02:31,432 [pool-139-thread-1] INFO  server.RaftServerConfigKeys (ConfUtils.java:logGet(43)) - raft.server.log.statemachine.data.caching.enabled = true (custom)
2019-10-14 11:02:31,432 [pool-169-thread-1] INFO  server.RaftServerConfigKeys (ConfUtils.java:logGet(43)) - raft.server.log.segment.cache.num.max = 2 (custom)
2019-10-14 11:02:31,432 [pool-119-thread-1] INFO  server.RaftServerConfigKeys (ConfUtils.java:logGet(43)) - raft.server.log.force.sync.num = 128 (default)
2019-10-14 11:02:31,432 [pool-139-thread-1] INFO  segmented.SegmentedRaftLogWorker (SegmentedRaftLogWorker.java:lambda$new$0(128)) - 4d6dca3e-8084-4c25-a5d6-8974815c498b@group-23B352C116BC-SegmentedRaftLogWorker: flushIndex: setUnconditionally 0 -> -1
2019-10-14 11:02:31,432 [pool-169-thread-1] INFO  segmented.SegmentedRaftLogWorker (SegmentedRaftLogWorker.java:<init>(173)) - new 5adfdb7b-6840-444d-bd3d-1f1f03d16852@group-23B352C116BC-SegmentedRaftLogWorker for RaftStorage:Storage Directory /workdir/hadoop-ozone/integration-test/target/test-dir/MiniOzoneClusterImpl-a82654f8-8fde-4516-849a-274121d7ac60/datanode-5/data/ratis/385c26ad-4a1a-448b-b4b1-23b352c116bc
2019-10-14 11:02:31,432 [pool-119-thread-1] INFO  server.RaftServerConfigKeys (ConfUtils.java:logGet(43)) - raft.server.log.statemachine.data.sync = true (default)
2019-10-14 11:02:31,433 [pool-139-thread-1] INFO  server.RaftServerConfigKeys (ConfUtils.java:logGet(43)) - raft.server.snapshot.auto.trigger.enabled = true (custom)
2019-10-14 11:02:31,433 [pool-169-thread-1] INFO  server.RaftServerConfigKeys (ConfUtils.java:logGet(43)) - raft.server.log.queue.byte-limit = 2147483647 (custom)
2019-10-14 11:02:31,433 [pool-139-thread-1] INFO  server.RaftServerConfigKeys (ConfUtils.java:logGet(43)) - raft.server.snapshot.auto.trigger.threshold = 10000 (custom)
2019-10-14 11:02:31,433 [pool-119-thread-1] INFO  server.RaftServerConfigKeys (ConfUtils.java:logGet(43)) - raft.server.log.statemachine.data.sync.timeout = 10s (default)
2019-10-14 11:02:31,433 [pool-139-thread-1] INFO  server.RaftServerConfigKeys (ConfUtils.java:logGet(43)) - raft.server.snapshot.retention.file.num = 5 (custom)
2019-10-14 11:02:31,433 [pool-169-thread-1] INFO  server.RaftServerConfigKeys (ConfUtils.java:logGet(43)) - raft.server.log.queue.element-limit = 1024 (custom)
2019-10-14 11:02:31,433 [pool-139-thread-1] INFO  server.RaftServerConfigKeys (ConfUtils.java:logGet(43)) - raft.server.retrycache.expirytime = 600000ms (custom)
2019-10-14 11:02:31,433 [pool-119-thread-1] INFO  server.RaftServerConfigKeys (ConfUtils.java:logGet(43)) - raft.server.log.statemachine.data.sync.timeout.retry = -1 (default)
2019-10-14 11:02:31,435 [pool-169-thread-1] INFO  server.RaftServerConfigKeys (ConfUtils.java:logGet(43)) - raft.server.log.segment.size.max = 1048576 (custom)
2019-10-14 11:02:31,435 [pool-119-thread-1] INFO  server.RaftServerConfigKeys (ConfUtils.java:logGet(43)) - raft.server.log.statemachine.data.caching.enabled = true (custom)
2019-10-14 11:02:31,435 [pool-169-thread-1] INFO  server.RaftServerConfigKeys (ConfUtils.java:logGet(43)) - raft.server.log.preallocated.size = 16384 (custom)
2019-10-14 11:02:31,435 [main] INFO  ozone.MiniOzoneClusterImpl (MiniOzoneClusterImpl.java:getStorageContainerLocationClient(234)) - Creating StorageContainerLocationProtocol RPC client with address /0.0.0.0:42085
2019-10-14 11:02:31,436 [pool-119-thread-1] INFO  segmented.SegmentedRaftLogWorker (SegmentedRaftLogWorker.java:lambda$new$0(128)) - 98e6d6fb-052e-419e-84b1-2ac665757303@group-23B352C116BC-SegmentedRaftLogWorker: flushIndex: setUnconditionally 0 -> -1
2019-10-14 11:02:31,436 [pool-169-thread-1] INFO  server.RaftServerConfigKeys (ConfUtils.java:logGet(43)) - raft.server.log.write.buffer.size = 33554432 (custom)
2019-10-14 11:02:31,436 [pool-119-thread-1] INFO  server.RaftServerConfigKeys (ConfUtils.java:logGet(43)) - raft.server.snapshot.auto.trigger.enabled = true (custom)
2019-10-14 11:02:31,436 [pool-169-thread-1] INFO  server.RaftServerConfigKeys (ConfUtils.java:logGet(43)) - raft.server.log.force.sync.num = 128 (default)
2019-10-14 11:02:31,436 [pool-119-thread-1] INFO  server.RaftServerConfigKeys (ConfUtils.java:logGet(43)) - raft.server.snapshot.auto.trigger.threshold = 10000 (custom)
2019-10-14 11:02:31,436 [pool-169-thread-1] INFO  server.RaftServerConfigKeys (ConfUtils.java:logGet(43)) - raft.server.log.statemachine.data.sync = true (default)
2019-10-14 11:02:31,436 [pool-119-thread-1] INFO  server.RaftServerConfigKeys (ConfUtils.java:logGet(43)) - raft.server.snapshot.retention.file.num = 5 (custom)
2019-10-14 11:02:31,436 [pool-169-thread-1] INFO  server.RaftServerConfigKeys (ConfUtils.java:logGet(43)) - raft.server.log.statemachine.data.sync.timeout = 10s (default)
2019-10-14 11:02:31,436 [pool-119-thread-1] INFO  server.RaftServerConfigKeys (ConfUtils.java:logGet(43)) - raft.server.retrycache.expirytime = 600000ms (custom)
2019-10-14 11:02:31,436 [pool-169-thread-1] INFO  server.RaftServerConfigKeys (ConfUtils.java:logGet(43)) - raft.server.log.statemachine.data.sync.timeout.retry = -1 (default)
2019-10-14 11:02:31,437 [pool-169-thread-1] INFO  server.RaftServerConfigKeys (ConfUtils.java:logGet(43)) - raft.server.log.statemachine.data.caching.enabled = true (custom)
2019-10-14 11:02:31,437 [pool-169-thread-1] INFO  segmented.SegmentedRaftLogWorker (SegmentedRaftLogWorker.java:lambda$new$0(128)) - 5adfdb7b-6840-444d-bd3d-1f1f03d16852@group-23B352C116BC-SegmentedRaftLogWorker: flushIndex: setUnconditionally 0 -> -1
2019-10-14 11:02:31,437 [pool-169-thread-1] INFO  server.RaftServerConfigKeys (ConfUtils.java:logGet(43)) - raft.server.snapshot.auto.trigger.enabled = true (custom)
2019-10-14 11:02:31,437 [pool-169-thread-1] INFO  server.RaftServerConfigKeys (ConfUtils.java:logGet(43)) - raft.server.snapshot.auto.trigger.threshold = 10000 (custom)
2019-10-14 11:02:31,438 [pool-169-thread-1] INFO  server.RaftServerConfigKeys (ConfUtils.java:logGet(43)) - raft.server.snapshot.retention.file.num = 5 (custom)
2019-10-14 11:02:31,438 [pool-169-thread-1] INFO  server.RaftServerConfigKeys (ConfUtils.java:logGet(43)) - raft.server.retrycache.expirytime = 600000ms (custom)
2019-10-14 11:02:31,438 [pool-139-thread-1] INFO  impl.RaftServerImpl (RaftServerImpl.java:start(181)) - 4d6dca3e-8084-4c25-a5d6-8974815c498b@group-23B352C116BC: start as a follower, conf=-1: [4d6dca3e-8084-4c25-a5d6-8974815c498b:192.168.151.96:46111, 98e6d6fb-052e-419e-84b1-2ac665757303:192.168.151.96:43380, 5adfdb7b-6840-444d-bd3d-1f1f03d16852:192.168.151.96:38556], old=null
2019-10-14 11:02:31,438 [pool-139-thread-1] INFO  impl.RaftServerImpl (RaftServerImpl.java:setRole(170)) - 4d6dca3e-8084-4c25-a5d6-8974815c498b@group-23B352C116BC: changes role from      null to FOLLOWER at term 0 for startAsFollower
2019-10-14 11:02:31,438 [pool-139-thread-1] INFO  impl.RoleInfo (RoleInfo.java:updateAndGet(143)) - 4d6dca3e-8084-4c25-a5d6-8974815c498b: start FollowerState
2019-10-14 11:02:31,438 [pool-139-thread-1] INFO  util.JmxRegister (JmxRegister.java:tryRegister(44)) - Successfully registered JMX Bean with object name Ratis:service=RaftServer,group=group-23B352C116BC,id=4d6dca3e-8084-4c25-a5d6-8974815c498b
2019-10-14 11:02:31,439 [pool-119-thread-1] INFO  impl.RaftServerImpl (RaftServerImpl.java:start(181)) - 98e6d6fb-052e-419e-84b1-2ac665757303@group-23B352C116BC: start as a follower, conf=-1: [4d6dca3e-8084-4c25-a5d6-8974815c498b:192.168.151.96:46111, 98e6d6fb-052e-419e-84b1-2ac665757303:192.168.151.96:43380, 5adfdb7b-6840-444d-bd3d-1f1f03d16852:192.168.151.96:38556], old=null
2019-10-14 11:02:31,439 [pool-119-thread-1] INFO  impl.RaftServerImpl (RaftServerImpl.java:setRole(170)) - 98e6d6fb-052e-419e-84b1-2ac665757303@group-23B352C116BC: changes role from      null to FOLLOWER at term 0 for startAsFollower
2019-10-14 11:02:31,439 [pool-119-thread-1] INFO  impl.RoleInfo (RoleInfo.java:updateAndGet(143)) - 98e6d6fb-052e-419e-84b1-2ac665757303: start FollowerState
2019-10-14 11:02:31,439 [pool-119-thread-1] INFO  util.JmxRegister (JmxRegister.java:tryRegister(44)) - Successfully registered JMX Bean with object name Ratis:service=RaftServer,group=group-23B352C116BC,id=98e6d6fb-052e-419e-84b1-2ac665757303
2019-10-14 11:02:31,440 [pool-169-thread-1] INFO  impl.RaftServerImpl (RaftServerImpl.java:start(181)) - 5adfdb7b-6840-444d-bd3d-1f1f03d16852@group-23B352C116BC: start as a follower, conf=-1: [4d6dca3e-8084-4c25-a5d6-8974815c498b:192.168.151.96:46111, 98e6d6fb-052e-419e-84b1-2ac665757303:192.168.151.96:43380, 5adfdb7b-6840-444d-bd3d-1f1f03d16852:192.168.151.96:38556], old=null
2019-10-14 11:02:31,440 [pool-169-thread-1] INFO  impl.RaftServerImpl (RaftServerImpl.java:setRole(170)) - 5adfdb7b-6840-444d-bd3d-1f1f03d16852@group-23B352C116BC: changes role from      null to FOLLOWER at term 0 for startAsFollower
2019-10-14 11:02:31,440 [pool-169-thread-1] INFO  impl.RoleInfo (RoleInfo.java:updateAndGet(143)) - 5adfdb7b-6840-444d-bd3d-1f1f03d16852: start FollowerState
2019-10-14 11:02:31,440 [pool-169-thread-1] INFO  util.JmxRegister (JmxRegister.java:tryRegister(44)) - Successfully registered JMX Bean with object name Ratis:service=RaftServer,group=group-23B352C116BC,id=5adfdb7b-6840-444d-bd3d-1f1f03d16852
2019-10-14 11:02:31,451 [RatisPipelineUtilsThread] INFO  pipeline.PipelineStateManager (PipelineStateManager.java:addPipeline(56)) - Created pipeline Pipeline[ Id: 385c26ad-4a1a-448b-b4b1-23b352c116bc, Nodes: 4d6dca3e-8084-4c25-a5d6-8974815c498b{ip: 192.168.151.96, host: pr-hdds-2196-x574v-1375001003, networkLocation: /default-rack, certSerialId: null}5adfdb7b-6840-444d-bd3d-1f1f03d16852{ip: 192.168.151.96, host: pr-hdds-2196-x574v-1375001003, networkLocation: /default-rack, certSerialId: null}98e6d6fb-052e-419e-84b1-2ac665757303{ip: 192.168.151.96, host: pr-hdds-2196-x574v-1375001003, networkLocation: /default-rack, certSerialId: null}, Type:RATIS, Factor:THREE, State:OPEN]
2019-10-14 11:02:31,460 [grpc-default-executor-0] INFO  impl.RaftServerProxy (RaftServerProxy.java:addNew(89)) - 7ed0715f-94fc-4e68-a684-0445b62e3527: addNew group-8F95C3FA144B:[7ed0715f-94fc-4e68-a684-0445b62e3527:192.168.151.96:40279] returns group-8F95C3FA144B:java.util.concurrent.CompletableFuture@6cc796d9[Not completed]
2019-10-14 11:02:31,464 [pool-179-thread-1] INFO  impl.RaftServerImpl (RaftServerImpl.java:<init>(95)) - 7ed0715f-94fc-4e68-a684-0445b62e3527: new RaftServerImpl for group-8F95C3FA144B:[7ed0715f-94fc-4e68-a684-0445b62e3527:192.168.151.96:40279] with ContainerStateMachine:uninitialized
2019-10-14 11:02:31,466 [pool-179-thread-1] INFO  server.RaftServerConfigKeys (ConfUtils.java:logGet(43)) - raft.server.rpc.timeout.min = 5s (custom)
2019-10-14 11:02:31,466 [pool-179-thread-1] INFO  server.RaftServerConfigKeys (ConfUtils.java:logGet(43)) - raft.server.rpc.timeout.max = 5200ms (custom)
2019-10-14 11:02:31,466 [pool-179-thread-1] INFO  server.RaftServerConfigKeys (ConfUtils.java:logGet(43)) - raft.server.rpcslowness.timeout = 120s (custom)
2019-10-14 11:02:31,466 [pool-179-thread-1] INFO  server.RaftServerConfigKeys (ConfUtils.java:logGet(43)) - raft.server.sleep.deviation.threshold = 300 (default)
2019-10-14 11:02:31,466 [pool-179-thread-1] INFO  server.RaftServerConfigKeys (ConfUtils.java:logGet(43)) - raft.server.log.appender.install.snapshot.enabled = false (custom)
2019-10-14 11:02:31,466 [pool-179-thread-1] INFO  impl.RaftServerImpl (ServerState.java:<init>(103)) - 7ed0715f-94fc-4e68-a684-0445b62e3527@group-8F95C3FA144B: ConfigurationManager, init=-1: [7ed0715f-94fc-4e68-a684-0445b62e3527:192.168.151.96:40279], old=null, confs=<EMPTY_MAP>
2019-10-14 11:02:31,466 [pool-179-thread-1] INFO  server.RaftServerConfigKeys (ConfUtils.java:logGet(43)) - raft.server.storage.dir = [/workdir/hadoop-ozone/integration-test/target/test-dir/MiniOzoneClusterImpl-a82654f8-8fde-4516-849a-274121d7ac60/datanode-6/data/ratis] (custom)
2019-10-14 11:02:31,467 [pool-179-thread-1] INFO  server.RaftServerConfigKeys (ConfUtils.java:logGet(43)) - raft.server.log.corruption.policy = EXCEPTION (default)
2019-10-14 11:02:31,467 [pool-179-thread-1] INFO  storage.RaftStorageDirectory (RaftStorageDirectory.java:analyzeStorage(246)) - The storage directory /workdir/hadoop-ozone/integration-test/target/test-dir/MiniOzoneClusterImpl-a82654f8-8fde-4516-849a-274121d7ac60/datanode-6/data/ratis/5149c72a-796a-46a2-861d-8f95c3fa144b does not exist. Creating ...
2019-10-14 11:02:31,480 [pool-179-thread-1] INFO  storage.RaftStorageDirectory (RaftStorageDirectory.java:tryLock(328)) - Lock on /workdir/hadoop-ozone/integration-test/target/test-dir/MiniOzoneClusterImpl-a82654f8-8fde-4516-849a-274121d7ac60/datanode-6/data/ratis/5149c72a-796a-46a2-861d-8f95c3fa144b/in_use.lock acquired by nodename 13552@pr-hdds-2196-x574v-1375001003
2019-10-14 11:02:31,493 [pool-179-thread-1] INFO  storage.RaftStorage (RaftStorage.java:format(84)) - Storage directory /workdir/hadoop-ozone/integration-test/target/test-dir/MiniOzoneClusterImpl-a82654f8-8fde-4516-849a-274121d7ac60/datanode-6/data/ratis/5149c72a-796a-46a2-861d-8f95c3fa144b has been successfully formatted.
2019-10-14 11:02:31,493 [pool-179-thread-1] INFO  ratis.ContainerStateMachine (ContainerStateMachine.java:loadSnapshot(230)) - group-8F95C3FA144B: The snapshot info is null. Setting the last applied indexto:(t:0, i:~)
2019-10-14 11:02:31,493 [pool-179-thread-1] INFO  server.RaftServerConfigKeys (ConfUtils.java:logGet(43)) - raft.server.notification.no-leader.timeout = 120s (custom)
2019-10-14 11:02:31,493 [pool-179-thread-1] INFO  server.RaftServerConfigKeys (ConfUtils.java:logGet(43)) - raft.server.log.use.memory = false (default)
2019-10-14 11:02:31,494 [pool-179-thread-1] INFO  server.RaftServerConfigKeys (ConfUtils.java:logGet(43)) - raft.server.log.purge.gap = 1000000 (custom)
2019-10-14 11:02:31,494 [pool-179-thread-1] INFO  server.RaftServerConfigKeys (ConfUtils.java:logGet(43)) - raft.server.log.appender.buffer.byte-limit = 33554432 (custom)
2019-10-14 11:02:31,494 [pool-179-thread-1] INFO  server.RaftServerConfigKeys (ConfUtils.java:logGet(43)) - raft.server.log.segment.size.max = 1048576 (custom)
2019-10-14 11:02:31,496 [pool-179-thread-1] INFO  server.RaftServerConfigKeys (ConfUtils.java:logGet(43)) - raft.server.log.segment.cache.num.max = 2 (custom)
2019-10-14 11:02:31,496 [pool-179-thread-1] INFO  segmented.SegmentedRaftLogWorker (SegmentedRaftLogWorker.java:<init>(173)) - new 7ed0715f-94fc-4e68-a684-0445b62e3527@group-8F95C3FA144B-SegmentedRaftLogWorker for RaftStorage:Storage Directory /workdir/hadoop-ozone/integration-test/target/test-dir/MiniOzoneClusterImpl-a82654f8-8fde-4516-849a-274121d7ac60/datanode-6/data/ratis/5149c72a-796a-46a2-861d-8f95c3fa144b
2019-10-14 11:02:31,496 [pool-179-thread-1] INFO  server.RaftServerConfigKeys (ConfUtils.java:logGet(43)) - raft.server.log.queue.byte-limit = 2147483647 (custom)
2019-10-14 11:02:31,496 [pool-179-thread-1] INFO  server.RaftServerConfigKeys (ConfUtils.java:logGet(43)) - raft.server.log.queue.element-limit = 1024 (custom)
2019-10-14 11:02:31,496 [pool-179-thread-1] INFO  server.RaftServerConfigKeys (ConfUtils.java:logGet(43)) - raft.server.log.segment.size.max = 1048576 (custom)
2019-10-14 11:02:31,497 [pool-179-thread-1] INFO  server.RaftServerConfigKeys (ConfUtils.java:logGet(43)) - raft.server.log.preallocated.size = 16384 (custom)
2019-10-14 11:02:31,497 [pool-179-thread-1] INFO  server.RaftServerConfigKeys (ConfUtils.java:logGet(43)) - raft.server.log.write.buffer.size = 33554432 (custom)
2019-10-14 11:02:31,497 [pool-179-thread-1] INFO  server.RaftServerConfigKeys (ConfUtils.java:logGet(43)) - raft.server.log.force.sync.num = 128 (default)
2019-10-14 11:02:31,497 [pool-179-thread-1] INFO  server.RaftServerConfigKeys (ConfUtils.java:logGet(43)) - raft.server.log.statemachine.data.sync = true (default)
2019-10-14 11:02:31,497 [pool-179-thread-1] INFO  server.RaftServerConfigKeys (ConfUtils.java:logGet(43)) - raft.server.log.statemachine.data.sync.timeout = 10s (default)
2019-10-14 11:02:31,497 [pool-179-thread-1] INFO  server.RaftServerConfigKeys (ConfUtils.java:logGet(43)) - raft.server.log.statemachine.data.sync.timeout.retry = -1 (default)
2019-10-14 11:02:31,498 [pool-179-thread-1] INFO  server.RaftServerConfigKeys (ConfUtils.java:logGet(43)) - raft.server.log.statemachine.data.caching.enabled = true (custom)
2019-10-14 11:02:31,498 [pool-179-thread-1] INFO  segmented.SegmentedRaftLogWorker (SegmentedRaftLogWorker.java:lambda$new$0(128)) - 7ed0715f-94fc-4e68-a684-0445b62e3527@group-8F95C3FA144B-SegmentedRaftLogWorker: flushIndex: setUnconditionally 0 -> -1
2019-10-14 11:02:31,498 [pool-179-thread-1] INFO  server.RaftServerConfigKeys (ConfUtils.java:logGet(43)) - raft.server.snapshot.auto.trigger.enabled = true (custom)
2019-10-14 11:02:31,498 [pool-179-thread-1] INFO  server.RaftServerConfigKeys (ConfUtils.java:logGet(43)) - raft.server.snapshot.auto.trigger.threshold = 10000 (custom)
2019-10-14 11:02:31,498 [pool-179-thread-1] INFO  server.RaftServerConfigKeys (ConfUtils.java:logGet(43)) - raft.server.snapshot.retention.file.num = 5 (custom)
2019-10-14 11:02:31,498 [pool-179-thread-1] INFO  server.RaftServerConfigKeys (ConfUtils.java:logGet(43)) - raft.server.retrycache.expirytime = 600000ms (custom)
2019-10-14 11:02:31,500 [pool-179-thread-1] INFO  impl.RaftServerImpl (RaftServerImpl.java:start(181)) - 7ed0715f-94fc-4e68-a684-0445b62e3527@group-8F95C3FA144B: start as a follower, conf=-1: [7ed0715f-94fc-4e68-a684-0445b62e3527:192.168.151.96:40279], old=null
2019-10-14 11:02:31,500 [pool-179-thread-1] INFO  impl.RaftServerImpl (RaftServerImpl.java:setRole(170)) - 7ed0715f-94fc-4e68-a684-0445b62e3527@group-8F95C3FA144B: changes role from      null to FOLLOWER at term 0 for startAsFollower
2019-10-14 11:02:31,501 [pool-179-thread-1] INFO  impl.RoleInfo (RoleInfo.java:updateAndGet(143)) - 7ed0715f-94fc-4e68-a684-0445b62e3527: start FollowerState
2019-10-14 11:02:31,501 [pool-179-thread-1] INFO  util.JmxRegister (JmxRegister.java:tryRegister(44)) - Successfully registered JMX Bean with object name Ratis:service=RaftServer,group=group-8F95C3FA144B,id=7ed0715f-94fc-4e68-a684-0445b62e3527
2019-10-14 11:02:31,508 [RatisPipelineUtilsThread] INFO  pipeline.PipelineStateManager (PipelineStateManager.java:addPipeline(56)) - Created pipeline Pipeline[ Id: 5149c72a-796a-46a2-861d-8f95c3fa144b, Nodes: 7ed0715f-94fc-4e68-a684-0445b62e3527{ip: 192.168.151.96, host: pr-hdds-2196-x574v-1375001003, networkLocation: /default-rack, certSerialId: null}, Type:RATIS, Factor:ONE, State:OPEN]
2019-10-14 11:02:31,515 [grpc-default-executor-0] INFO  impl.RaftServerProxy (RaftServerProxy.java:addNew(89)) - 5adfdb7b-6840-444d-bd3d-1f1f03d16852: addNew group-3C5D858F2D22:[5adfdb7b-6840-444d-bd3d-1f1f03d16852:192.168.151.96:38556] returns group-3C5D858F2D22:java.util.concurrent.CompletableFuture@59bbc337[Not completed]
2019-10-14 11:02:31,515 [pool-169-thread-1] INFO  impl.RaftServerImpl (RaftServerImpl.java:<init>(95)) - 5adfdb7b-6840-444d-bd3d-1f1f03d16852: new RaftServerImpl for group-3C5D858F2D22:[5adfdb7b-6840-444d-bd3d-1f1f03d16852:192.168.151.96:38556] with ContainerStateMachine:uninitialized
2019-10-14 11:02:31,516 [pool-169-thread-1] INFO  server.RaftServerConfigKeys (ConfUtils.java:logGet(43)) - raft.server.rpc.timeout.min = 5s (custom)
2019-10-14 11:02:31,516 [pool-169-thread-1] INFO  server.RaftServerConfigKeys (ConfUtils.java:logGet(43)) - raft.server.rpc.timeout.max = 5200ms (custom)
2019-10-14 11:02:31,516 [pool-169-thread-1] INFO  server.RaftServerConfigKeys (ConfUtils.java:logGet(43)) - raft.server.rpcslowness.timeout = 120s (custom)
2019-10-14 11:02:31,516 [pool-169-thread-1] INFO  server.RaftServerConfigKeys (ConfUtils.java:logGet(43)) - raft.server.sleep.deviation.threshold = 300 (default)
2019-10-14 11:02:31,516 [pool-169-thread-1] INFO  server.RaftServerConfigKeys (ConfUtils.java:logGet(43)) - raft.server.log.appender.install.snapshot.enabled = false (custom)
2019-10-14 11:02:31,516 [pool-169-thread-1] INFO  impl.RaftServerImpl (ServerState.java:<init>(103)) - 5adfdb7b-6840-444d-bd3d-1f1f03d16852@group-3C5D858F2D22: ConfigurationManager, init=-1: [5adfdb7b-6840-444d-bd3d-1f1f03d16852:192.168.151.96:38556], old=null, confs=<EMPTY_MAP>
2019-10-14 11:02:31,516 [pool-169-thread-1] INFO  server.RaftServerConfigKeys (ConfUtils.java:logGet(43)) - raft.server.storage.dir = [/workdir/hadoop-ozone/integration-test/target/test-dir/MiniOzoneClusterImpl-a82654f8-8fde-4516-849a-274121d7ac60/datanode-5/data/ratis] (custom)
2019-10-14 11:02:31,516 [pool-169-thread-1] INFO  server.RaftServerConfigKeys (ConfUtils.java:logGet(43)) - raft.server.log.corruption.policy = EXCEPTION (default)
2019-10-14 11:02:31,517 [pool-169-thread-1] INFO  storage.RaftStorageDirectory (RaftStorageDirectory.java:analyzeStorage(246)) - The storage directory /workdir/hadoop-ozone/integration-test/target/test-dir/MiniOzoneClusterImpl-a82654f8-8fde-4516-849a-274121d7ac60/datanode-5/data/ratis/987350de-ddf2-4b02-ba4b-3c5d858f2d22 does not exist. Creating ...
2019-10-14 11:02:31,529 [pool-169-thread-1] INFO  storage.RaftStorageDirectory (RaftStorageDirectory.java:tryLock(328)) - Lock on /workdir/hadoop-ozone/integration-test/target/test-dir/MiniOzoneClusterImpl-a82654f8-8fde-4516-849a-274121d7ac60/datanode-5/data/ratis/987350de-ddf2-4b02-ba4b-3c5d858f2d22/in_use.lock acquired by nodename 13552@pr-hdds-2196-x574v-1375001003
2019-10-14 11:02:31,542 [pool-169-thread-1] INFO  storage.RaftStorage (RaftStorage.java:format(84)) - Storage directory /workdir/hadoop-ozone/integration-test/target/test-dir/MiniOzoneClusterImpl-a82654f8-8fde-4516-849a-274121d7ac60/datanode-5/data/ratis/987350de-ddf2-4b02-ba4b-3c5d858f2d22 has been successfully formatted.
2019-10-14 11:02:31,542 [pool-169-thread-1] INFO  ratis.ContainerStateMachine (ContainerStateMachine.java:loadSnapshot(230)) - group-3C5D858F2D22: The snapshot info is null. Setting the last applied indexto:(t:0, i:~)
2019-10-14 11:02:31,542 [pool-169-thread-1] INFO  server.RaftServerConfigKeys (ConfUtils.java:logGet(43)) - raft.server.notification.no-leader.timeout = 120s (custom)
2019-10-14 11:02:31,542 [pool-169-thread-1] INFO  server.RaftServerConfigKeys (ConfUtils.java:logGet(43)) - raft.server.log.use.memory = false (default)
2019-10-14 11:02:31,542 [pool-169-thread-1] INFO  server.RaftServerConfigKeys (ConfUtils.java:logGet(43)) - raft.server.log.purge.gap = 1000000 (custom)
2019-10-14 11:02:31,543 [pool-169-thread-1] INFO  server.RaftServerConfigKeys (ConfUtils.java:logGet(43)) - raft.server.log.appender.buffer.byte-limit = 33554432 (custom)
2019-10-14 11:02:31,543 [pool-169-thread-1] INFO  server.RaftServerConfigKeys (ConfUtils.java:logGet(43)) - raft.server.log.segment.size.max = 1048576 (custom)
2019-10-14 11:02:31,543 [pool-169-thread-1] INFO  server.RaftServerConfigKeys (ConfUtils.java:logGet(43)) - raft.server.log.segment.cache.num.max = 2 (custom)
2019-10-14 11:02:31,543 [pool-169-thread-1] INFO  segmented.SegmentedRaftLogWorker (SegmentedRaftLogWorker.java:<init>(173)) - new 5adfdb7b-6840-444d-bd3d-1f1f03d16852@group-3C5D858F2D22-SegmentedRaftLogWorker for RaftStorage:Storage Directory /workdir/hadoop-ozone/integration-test/target/test-dir/MiniOzoneClusterImpl-a82654f8-8fde-4516-849a-274121d7ac60/datanode-5/data/ratis/987350de-ddf2-4b02-ba4b-3c5d858f2d22
2019-10-14 11:02:31,543 [pool-169-thread-1] INFO  server.RaftServerConfigKeys (ConfUtils.java:logGet(43)) - raft.server.log.queue.byte-limit = 2147483647 (custom)
2019-10-14 11:02:31,543 [pool-169-thread-1] INFO  server.RaftServerConfigKeys (ConfUtils.java:logGet(43)) - raft.server.log.queue.element-limit = 1024 (custom)
2019-10-14 11:02:31,544 [pool-169-thread-1] INFO  server.RaftServerConfigKeys (ConfUtils.java:logGet(43)) - raft.server.log.segment.size.max = 1048576 (custom)
2019-10-14 11:02:31,544 [pool-169-thread-1] INFO  server.RaftServerConfigKeys (ConfUtils.java:logGet(43)) - raft.server.log.preallocated.size = 16384 (custom)
2019-10-14 11:02:31,544 [pool-169-thread-1] INFO  server.RaftServerConfigKeys (ConfUtils.java:logGet(43)) - raft.server.log.write.buffer.size = 33554432 (custom)
2019-10-14 11:02:31,544 [pool-169-thread-1] INFO  server.RaftServerConfigKeys (ConfUtils.java:logGet(43)) - raft.server.log.force.sync.num = 128 (default)
2019-10-14 11:02:31,544 [pool-169-thread-1] INFO  server.RaftServerConfigKeys (ConfUtils.java:logGet(43)) - raft.server.log.statemachine.data.sync = true (default)
2019-10-14 11:02:31,544 [pool-169-thread-1] INFO  server.RaftServerConfigKeys (ConfUtils.java:logGet(43)) - raft.server.log.statemachine.data.sync.timeout = 10s (default)
2019-10-14 11:02:31,544 [pool-169-thread-1] INFO  server.RaftServerConfigKeys (ConfUtils.java:logGet(43)) - raft.server.log.statemachine.data.sync.timeout.retry = -1 (default)
2019-10-14 11:02:31,545 [pool-169-thread-1] INFO  server.RaftServerConfigKeys (ConfUtils.java:logGet(43)) - raft.server.log.statemachine.data.caching.enabled = true (custom)
2019-10-14 11:02:31,545 [pool-169-thread-1] INFO  segmented.SegmentedRaftLogWorker (SegmentedRaftLogWorker.java:lambda$new$0(128)) - 5adfdb7b-6840-444d-bd3d-1f1f03d16852@group-3C5D858F2D22-SegmentedRaftLogWorker: flushIndex: setUnconditionally 0 -> -1
2019-10-14 11:02:31,545 [pool-169-thread-1] INFO  server.RaftServerConfigKeys (ConfUtils.java:logGet(43)) - raft.server.snapshot.auto.trigger.enabled = true (custom)
2019-10-14 11:02:31,546 [pool-169-thread-1] INFO  server.RaftServerConfigKeys (ConfUtils.java:logGet(43)) - raft.server.snapshot.auto.trigger.threshold = 10000 (custom)
2019-10-14 11:02:31,546 [pool-169-thread-1] INFO  server.RaftServerConfigKeys (ConfUtils.java:logGet(43)) - raft.server.snapshot.retention.file.num = 5 (custom)
2019-10-14 11:02:31,546 [pool-169-thread-1] INFO  server.RaftServerConfigKeys (ConfUtils.java:logGet(43)) - raft.server.retrycache.expirytime = 600000ms (custom)
2019-10-14 11:02:31,549 [pool-169-thread-1] INFO  impl.RaftServerImpl (RaftServerImpl.java:start(181)) - 5adfdb7b-6840-444d-bd3d-1f1f03d16852@group-3C5D858F2D22: start as a follower, conf=-1: [5adfdb7b-6840-444d-bd3d-1f1f03d16852:192.168.151.96:38556], old=null
2019-10-14 11:02:31,550 [pool-169-thread-1] INFO  impl.RaftServerImpl (RaftServerImpl.java:setRole(170)) - 5adfdb7b-6840-444d-bd3d-1f1f03d16852@group-3C5D858F2D22: changes role from      null to FOLLOWER at term 0 for startAsFollower
2019-10-14 11:02:31,550 [pool-169-thread-1] INFO  impl.RoleInfo (RoleInfo.java:updateAndGet(143)) - 5adfdb7b-6840-444d-bd3d-1f1f03d16852: start FollowerState
2019-10-14 11:02:31,550 [pool-169-thread-1] INFO  util.JmxRegister (JmxRegister.java:tryRegister(44)) - Successfully registered JMX Bean with object name Ratis:service=RaftServer,group=group-3C5D858F2D22,id=5adfdb7b-6840-444d-bd3d-1f1f03d16852
2019-10-14 11:02:31,559 [RatisPipelineUtilsThread] INFO  pipeline.PipelineStateManager (PipelineStateManager.java:addPipeline(56)) - Created pipeline Pipeline[ Id: 987350de-ddf2-4b02-ba4b-3c5d858f2d22, Nodes: 5adfdb7b-6840-444d-bd3d-1f1f03d16852{ip: 192.168.151.96, host: pr-hdds-2196-x574v-1375001003, networkLocation: /default-rack, certSerialId: null}, Type:RATIS, Factor:ONE, State:OPEN]
2019-10-14 11:02:33,989 [Thread-992] INFO  container.ReplicationManager (ReplicationManager.java:start(162)) - Starting Replication Monitor Thread.
2019-10-14 11:02:33,993 [ReplicationMonitor] INFO  container.ReplicationManager (ReplicationManager.java:run(225)) - Replication Monitor Thread took 1 milliseconds for processing 1 containers.
2019-10-14 11:02:36,111 [Thread-994] INFO  impl.FollowerState (FollowerState.java:run(108)) - 98e6d6fb-052e-419e-84b1-2ac665757303@group-1CF826D262C1-FollowerState: change to CANDIDATE, lastRpcTime:5064ms, electionTimeout:5064ms
2019-10-14 11:02:36,112 [Thread-994] INFO  impl.RoleInfo (RoleInfo.java:shutdownFollowerState(121)) - 98e6d6fb-052e-419e-84b1-2ac665757303: shutdown FollowerState
2019-10-14 11:02:36,112 [Thread-994] INFO  impl.RaftServerImpl (RaftServerImpl.java:setRole(170)) - 98e6d6fb-052e-419e-84b1-2ac665757303@group-1CF826D262C1: changes role from  FOLLOWER to CANDIDATE at term 0 for changeToCandidate
2019-10-14 11:02:36,113 [Thread-994] INFO  impl.RoleInfo (RoleInfo.java:updateAndGet(143)) - 98e6d6fb-052e-419e-84b1-2ac665757303: start LeaderElection
2019-10-14 11:02:36,228 [Thread-997] INFO  impl.FollowerState (FollowerState.java:run(108)) - 5f3ade76-58b9-4995-8f05-6aec01899244@group-AE091D9D5B71-FollowerState: change to CANDIDATE, lastRpcTime:5104ms, electionTimeout:5104ms
2019-10-14 11:02:36,228 [Thread-997] INFO  impl.RoleInfo (RoleInfo.java:shutdownFollowerState(121)) - 5f3ade76-58b9-4995-8f05-6aec01899244: shutdown FollowerState
2019-10-14 11:02:36,228 [Thread-997] INFO  impl.RaftServerImpl (RaftServerImpl.java:setRole(170)) - 5f3ade76-58b9-4995-8f05-6aec01899244@group-AE091D9D5B71: changes role from  FOLLOWER to CANDIDATE at term 0 for changeToCandidate
2019-10-14 11:02:36,228 [Thread-997] INFO  impl.RoleInfo (RoleInfo.java:updateAndGet(143)) - 5f3ade76-58b9-4995-8f05-6aec01899244: start LeaderElection
2019-10-14 11:02:36,332 [Thread-1006] INFO  impl.FollowerState (FollowerState.java:run(108)) - 458a964a-7a0c-43a0-9817-f8fa0e453b36@group-38388B83C6D3-FollowerState: change to CANDIDATE, lastRpcTime:5057ms, electionTimeout:5057ms
2019-10-14 11:02:36,332 [Thread-1006] INFO  impl.RoleInfo (RoleInfo.java:shutdownFollowerState(121)) - 458a964a-7a0c-43a0-9817-f8fa0e453b36: shutdown FollowerState
2019-10-14 11:02:36,332 [Thread-1006] INFO  impl.RaftServerImpl (RaftServerImpl.java:setRole(170)) - 458a964a-7a0c-43a0-9817-f8fa0e453b36@group-38388B83C6D3: changes role from  FOLLOWER to CANDIDATE at term 0 for changeToCandidate
2019-10-14 11:02:36,332 [Thread-1006] INFO  impl.RoleInfo (RoleInfo.java:updateAndGet(143)) - 458a964a-7a0c-43a0-9817-f8fa0e453b36: start LeaderElection
2019-10-14 11:02:36,340 [Thread-1000] INFO  impl.FollowerState (FollowerState.java:run(108)) - 4d6dca3e-8084-4c25-a5d6-8974815c498b@group-949DC30B10DE-FollowerState: change to CANDIDATE, lastRpcTime:5163ms, electionTimeout:5163ms
2019-10-14 11:02:36,340 [Thread-1000] INFO  impl.RoleInfo (RoleInfo.java:shutdownFollowerState(121)) - 4d6dca3e-8084-4c25-a5d6-8974815c498b: shutdown FollowerState
2019-10-14 11:02:36,340 [Thread-1000] INFO  impl.RaftServerImpl (RaftServerImpl.java:setRole(170)) - 4d6dca3e-8084-4c25-a5d6-8974815c498b@group-949DC30B10DE: changes role from  FOLLOWER to CANDIDATE at term 0 for changeToCandidate
2019-10-14 11:02:36,340 [Thread-1000] INFO  impl.RoleInfo (RoleInfo.java:updateAndGet(143)) - 4d6dca3e-8084-4c25-a5d6-8974815c498b: start LeaderElection
2019-10-14 11:02:36,365 [Thread-1003] INFO  impl.FollowerState (FollowerState.java:run(108)) - 95a8ec7c-881c-4c51-b165-923478414dcb@group-473FF40CA663-FollowerState: change to CANDIDATE, lastRpcTime:5139ms, electionTimeout:5139ms
2019-10-14 11:02:36,365 [Thread-1003] INFO  impl.RoleInfo (RoleInfo.java:shutdownFollowerState(121)) - 95a8ec7c-881c-4c51-b165-923478414dcb: shutdown FollowerState
2019-10-14 11:02:36,365 [Thread-1003] INFO  impl.RaftServerImpl (RaftServerImpl.java:setRole(170)) - 95a8ec7c-881c-4c51-b165-923478414dcb@group-473FF40CA663: changes role from  FOLLOWER to CANDIDATE at term 0 for changeToCandidate
2019-10-14 11:02:36,366 [Thread-1003] INFO  impl.RoleInfo (RoleInfo.java:updateAndGet(143)) - 95a8ec7c-881c-4c51-b165-923478414dcb: start LeaderElection
2019-10-14 11:02:36,436 [Thread-1011] INFO  impl.FollowerState (FollowerState.java:run(108)) - 458a964a-7a0c-43a0-9817-f8fa0e453b36@group-6A5CE594FF54-FollowerState: change to CANDIDATE, lastRpcTime:5094ms, electionTimeout:5094ms
2019-10-14 11:02:36,436 [Thread-1011] INFO  impl.RoleInfo (RoleInfo.java:shutdownFollowerState(121)) - 458a964a-7a0c-43a0-9817-f8fa0e453b36: shutdown FollowerState
2019-10-14 11:02:36,436 [Thread-1011] INFO  impl.RaftServerImpl (RaftServerImpl.java:setRole(170)) - 458a964a-7a0c-43a0-9817-f8fa0e453b36@group-6A5CE594FF54: changes role from  FOLLOWER to CANDIDATE at term 0 for changeToCandidate
2019-10-14 11:02:36,436 [Thread-1011] INFO  impl.RoleInfo (RoleInfo.java:updateAndGet(143)) - 458a964a-7a0c-43a0-9817-f8fa0e453b36: start LeaderElection
2019-10-14 11:02:36,441 [Thread-1013] INFO  impl.FollowerState (FollowerState.java:run(108)) - 95a8ec7c-881c-4c51-b165-923478414dcb@group-6A5CE594FF54-FollowerState: change to CANDIDATE, lastRpcTime:5096ms, electionTimeout:5088ms
2019-10-14 11:02:36,442 [Thread-1013] INFO  impl.RoleInfo (RoleInfo.java:shutdownFollowerState(121)) - 95a8ec7c-881c-4c51-b165-923478414dcb: shutdown FollowerState
2019-10-14 11:02:36,442 [Thread-1013] INFO  impl.RaftServerImpl (RaftServerImpl.java:setRole(170)) - 95a8ec7c-881c-4c51-b165-923478414dcb@group-6A5CE594FF54: changes role from  FOLLOWER to CANDIDATE at term 0 for changeToCandidate
2019-10-14 11:02:36,442 [Thread-1013] INFO  impl.RoleInfo (RoleInfo.java:updateAndGet(143)) - 95a8ec7c-881c-4c51-b165-923478414dcb: start LeaderElection
2019-10-14 11:02:36,473 [Thread-1022] INFO  impl.FollowerState (FollowerState.java:run(108)) - 4d6dca3e-8084-4c25-a5d6-8974815c498b@group-23B352C116BC-FollowerState: change to CANDIDATE, lastRpcTime:5034ms, electionTimeout:5034ms
2019-10-14 11:02:36,473 [Thread-1022] INFO  impl.RoleInfo (RoleInfo.java:shutdownFollowerState(121)) - 4d6dca3e-8084-4c25-a5d6-8974815c498b: shutdown FollowerState
2019-10-14 11:02:36,473 [Thread-1022] INFO  impl.RaftServerImpl (RaftServerImpl.java:setRole(170)) - 4d6dca3e-8084-4c25-a5d6-8974815c498b@group-23B352C116BC: changes role from  FOLLOWER to CANDIDATE at term 0 for changeToCandidate
2019-10-14 11:02:36,473 [Thread-1022] INFO  impl.RoleInfo (RoleInfo.java:updateAndGet(143)) - 4d6dca3e-8084-4c25-a5d6-8974815c498b: start LeaderElection
2019-10-14 11:02:36,520 [Thread-1023] INFO  impl.FollowerState (FollowerState.java:run(108)) - 98e6d6fb-052e-419e-84b1-2ac665757303@group-23B352C116BC-FollowerState: change to CANDIDATE, lastRpcTime:5081ms, electionTimeout:5081ms
2019-10-14 11:02:36,521 [Thread-1023] INFO  impl.RoleInfo (RoleInfo.java:shutdownFollowerState(121)) - 98e6d6fb-052e-419e-84b1-2ac665757303: shutdown FollowerState
2019-10-14 11:02:36,521 [Thread-1023] INFO  impl.RaftServerImpl (RaftServerImpl.java:setRole(170)) - 98e6d6fb-052e-419e-84b1-2ac665757303@group-23B352C116BC: changes role from  FOLLOWER to CANDIDATE at term 0 for changeToCandidate
2019-10-14 11:02:36,521 [Thread-1023] INFO  impl.RoleInfo (RoleInfo.java:updateAndGet(143)) - 98e6d6fb-052e-419e-84b1-2ac665757303: start LeaderElection
2019-10-14 11:02:36,541 [Thread-1012] INFO  impl.FollowerState (FollowerState.java:run(108)) - 5f3ade76-58b9-4995-8f05-6aec01899244@group-6A5CE594FF54-FollowerState: change to CANDIDATE, lastRpcTime:5198ms, electionTimeout:5191ms
2019-10-14 11:02:36,542 [Thread-1012] INFO  impl.RoleInfo (RoleInfo.java:shutdownFollowerState(121)) - 5f3ade76-58b9-4995-8f05-6aec01899244: shutdown FollowerState
2019-10-14 11:02:36,542 [Thread-1012] INFO  impl.RaftServerImpl (RaftServerImpl.java:setRole(170)) - 5f3ade76-58b9-4995-8f05-6aec01899244@group-6A5CE594FF54: changes role from  FOLLOWER to CANDIDATE at term 0 for changeToCandidate
2019-10-14 11:02:36,542 [Thread-1012] INFO  impl.RoleInfo (RoleInfo.java:updateAndGet(143)) - 5f3ade76-58b9-4995-8f05-6aec01899244: start LeaderElection
2019-10-14 11:02:36,556 [Thread-1024] INFO  impl.FollowerState (FollowerState.java:run(108)) - 5adfdb7b-6840-444d-bd3d-1f1f03d16852@group-23B352C116BC-FollowerState: change to CANDIDATE, lastRpcTime:5116ms, electionTimeout:5116ms
2019-10-14 11:02:36,557 [Thread-1024] INFO  impl.RoleInfo (RoleInfo.java:shutdownFollowerState(121)) - 5adfdb7b-6840-444d-bd3d-1f1f03d16852: shutdown FollowerState
2019-10-14 11:02:36,557 [Thread-1024] INFO  impl.RaftServerImpl (RaftServerImpl.java:setRole(170)) - 5adfdb7b-6840-444d-bd3d-1f1f03d16852@group-23B352C116BC: changes role from  FOLLOWER to CANDIDATE at term 0 for changeToCandidate
2019-10-14 11:02:36,557 [Thread-1024] INFO  impl.RoleInfo (RoleInfo.java:updateAndGet(143)) - 5adfdb7b-6840-444d-bd3d-1f1f03d16852: start LeaderElection
2019-10-14 11:02:36,643 [Thread-1032] INFO  impl.FollowerState (FollowerState.java:run(108)) - 5adfdb7b-6840-444d-bd3d-1f1f03d16852@group-3C5D858F2D22-FollowerState: change to CANDIDATE, lastRpcTime:5092ms, electionTimeout:5092ms
2019-10-14 11:02:36,643 [Thread-1032] INFO  impl.RoleInfo (RoleInfo.java:shutdownFollowerState(121)) - 5adfdb7b-6840-444d-bd3d-1f1f03d16852: shutdown FollowerState
2019-10-14 11:02:36,643 [Thread-1032] INFO  impl.RaftServerImpl (RaftServerImpl.java:setRole(170)) - 5adfdb7b-6840-444d-bd3d-1f1f03d16852@group-3C5D858F2D22: changes role from  FOLLOWER to CANDIDATE at term 0 for changeToCandidate
2019-10-14 11:02:36,643 [Thread-1032] INFO  impl.RoleInfo (RoleInfo.java:updateAndGet(143)) - 5adfdb7b-6840-444d-bd3d-1f1f03d16852: start LeaderElection
2019-10-14 11:02:36,667 [Thread-1029] INFO  impl.FollowerState (FollowerState.java:run(108)) - 7ed0715f-94fc-4e68-a684-0445b62e3527@group-8F95C3FA144B-FollowerState: change to CANDIDATE, lastRpcTime:5166ms, electionTimeout:5166ms
2019-10-14 11:02:36,667 [Thread-1029] INFO  impl.RoleInfo (RoleInfo.java:shutdownFollowerState(121)) - 7ed0715f-94fc-4e68-a684-0445b62e3527: shutdown FollowerState
2019-10-14 11:02:36,667 [Thread-1029] INFO  impl.RaftServerImpl (RaftServerImpl.java:setRole(170)) - 7ed0715f-94fc-4e68-a684-0445b62e3527@group-8F95C3FA144B: changes role from  FOLLOWER to CANDIDATE at term 0 for changeToCandidate
2019-10-14 11:02:36,668 [Thread-1029] INFO  impl.RoleInfo (RoleInfo.java:updateAndGet(143)) - 7ed0715f-94fc-4e68-a684-0445b62e3527: start LeaderElection
]]></system-out>
  </testcase>
  <testcase name="testWatchForCommitForRetryfailure" classname="org.apache.hadoop.ozone.client.rpc.TestWatchForCommit" time="72.918"/>
  <testcase name="testWatchForCommitForGroupMismatchException" classname="org.apache.hadoop.ozone.client.rpc.TestWatchForCommit" time="32.836"/>
  <testcase name="test2WayCommitForTimeoutException" classname="org.apache.hadoop.ozone.client.rpc.TestWatchForCommit" time="23.262">
    <error type="java.util.concurrent.TimeoutException">java.util.concurrent.TimeoutException
	at java.util.concurrent.CompletableFuture.timedGet(CompletableFuture.java:1771)
	at java.util.concurrent.CompletableFuture.get(CompletableFuture.java:1915)
	at org.apache.hadoop.hdds.scm.XceiverClientRatis.watchForCommit(XceiverClientRatis.java:298)
	at org.apache.hadoop.ozone.client.rpc.TestWatchForCommit.test2WayCommitForTimeoutException(TestWatchForCommit.java:391)
	at sun.reflect.NativeMethodAccessorImpl.invoke0(Native Method)
	at sun.reflect.NativeMethodAccessorImpl.invoke(NativeMethodAccessorImpl.java:62)
	at sun.reflect.DelegatingMethodAccessorImpl.invoke(DelegatingMethodAccessorImpl.java:43)
	at java.lang.reflect.Method.invoke(Method.java:498)
	at org.junit.runners.model.FrameworkMethod$1.runReflectiveCall(FrameworkMethod.java:47)
	at org.junit.internal.runners.model.ReflectiveCallable.run(ReflectiveCallable.java:12)
	at org.junit.runners.model.FrameworkMethod.invokeExplosively(FrameworkMethod.java:44)
	at org.junit.internal.runners.statements.InvokeMethod.evaluate(InvokeMethod.java:17)
	at org.junit.runners.ParentRunner.runLeaf(ParentRunner.java:271)
	at org.junit.runners.BlockJUnit4ClassRunner.runChild(BlockJUnit4ClassRunner.java:70)
	at org.junit.runners.BlockJUnit4ClassRunner.runChild(BlockJUnit4ClassRunner.java:50)
	at org.junit.runners.ParentRunner$3.run(ParentRunner.java:238)
	at org.junit.runners.ParentRunner$1.schedule(ParentRunner.java:63)
	at org.junit.runners.ParentRunner.runChildren(ParentRunner.java:236)
	at org.junit.runners.ParentRunner.access$000(ParentRunner.java:53)
	at org.junit.runners.ParentRunner$2.evaluate(ParentRunner.java:229)
	at org.junit.runners.ParentRunner.run(ParentRunner.java:309)
	at org.apache.maven.surefire.junit4.JUnit4Provider.execute(JUnit4Provider.java:365)
	at org.apache.maven.surefire.junit4.JUnit4Provider.executeWithRerun(JUnit4Provider.java:273)
	at org.apache.maven.surefire.junit4.JUnit4Provider.executeTestSet(JUnit4Provider.java:238)
	at org.apache.maven.surefire.junit4.JUnit4Provider.invoke(JUnit4Provider.java:159)
	at org.apache.maven.surefire.booter.ForkedBooter.invokeProviderInSameClassLoader(ForkedBooter.java:384)
	at org.apache.maven.surefire.booter.ForkedBooter.runSuitesInProcess(ForkedBooter.java:345)
	at org.apache.maven.surefire.booter.ForkedBooter.execute(ForkedBooter.java:126)
	at org.apache.maven.surefire.booter.ForkedBooter.main(ForkedBooter.java:418)
</error>
    <system-out><![CDATA[2019-10-14 11:04:37,005 [main] WARN  server.ServerUtils (ServerUtils.java:getScmDbDir(145)) - ozone.scm.db.dirs is not configured. We recommend adding this setting. Falling back to ozone.metadata.dirs instead.
2019-10-14 11:04:37,029 [main] WARN  server.ServerUtils (ServerUtils.java:getScmDbDir(145)) - ozone.scm.db.dirs is not configured. We recommend adding this setting. Falling back to ozone.metadata.dirs instead.
2019-10-14 11:04:37,029 [main] WARN  server.ServerUtils (ServerUtils.java:getScmDbDir(145)) - ozone.scm.db.dirs is not configured. We recommend adding this setting. Falling back to ozone.metadata.dirs instead.
2019-10-14 11:04:37,029 [main] INFO  db.DBStoreBuilder (DBStoreBuilder.java:addTable(117)) - using custom profile for table: deletedBlocks
2019-10-14 11:04:37,030 [main] INFO  db.DBStoreBuilder (DBStoreBuilder.java:processTables(168)) - Using default column profile:DBProfile.DISK for Table:deletedBlocks
2019-10-14 11:04:37,030 [main] INFO  db.DBStoreBuilder (DBStoreBuilder.java:addTable(117)) - using custom profile for table: validCerts
2019-10-14 11:04:37,030 [main] INFO  db.DBStoreBuilder (DBStoreBuilder.java:processTables(168)) - Using default column profile:DBProfile.DISK for Table:validCerts
2019-10-14 11:04:37,030 [main] INFO  db.DBStoreBuilder (DBStoreBuilder.java:addTable(117)) - using custom profile for table: revokedCerts
2019-10-14 11:04:37,030 [main] INFO  db.DBStoreBuilder (DBStoreBuilder.java:processTables(168)) - Using default column profile:DBProfile.DISK for Table:revokedCerts
2019-10-14 11:04:37,031 [main] INFO  db.DBStoreBuilder (DBStoreBuilder.java:addTable(117)) - using custom profile for table: default
2019-10-14 11:04:37,031 [main] INFO  db.DBStoreBuilder (DBStoreBuilder.java:processTables(174)) - Using default column profile:DBProfile.DISK for Table:default
2019-10-14 11:04:37,031 [main] INFO  db.DBStoreBuilder (DBStoreBuilder.java:getDbProfile(205)) - Using default options. DBProfile.DISK
2019-10-14 11:04:37,189 [main] INFO  net.NodeSchemaLoader (NodeSchemaLoader.java:loadSchemaFromFile(125)) - Loading file from sun.misc.CompoundEnumeration@1c98b4eb
2019-10-14 11:04:37,189 [main] INFO  net.NodeSchemaLoader (NodeSchemaLoader.java:loadSchema(171)) - Loading network topology layer schema file
2019-10-14 11:04:37,194 [main] WARN  server.ServerUtils (ServerUtils.java:sanitizeUserArgs(70)) - ozone.scm.stale.node.interval value = 300000 is larger than max = 100000 based on the key value of ozone.scm.heartbeat.thread.interval, reset to the max value 100000.
2019-10-14 11:04:37,194 [main] WARN  server.ServerUtils (ServerUtils.java:sanitizeUserArgs(70)) - ozone.scm.stale.node.interval value = 300000 is larger than max = 100000 based on the key value of ozone.scm.heartbeat.thread.interval, reset to the max value 100000.
2019-10-14 11:04:37,194 [main] INFO  node.SCMNodeManager (SCMNodeManager.java:<init>(117)) - Entering startup safe mode.
2019-10-14 11:04:37,195 [main] INFO  algorithms.ContainerPlacementPolicyFactory (ContainerPlacementPolicyFactory.java:getPolicy(57)) - Create container placement policy of type org.apache.hadoop.hdds.scm.container.placement.algorithms.SCMContainerPlacementRandom
2019-10-14 11:04:37,195 [main] WARN  server.ServerUtils (ServerUtils.java:getScmDbDir(145)) - ozone.scm.db.dirs is not configured. We recommend adding this setting. Falling back to ozone.metadata.dirs instead.
2019-10-14 11:04:37,241 [main] INFO  pipeline.SCMPipelineManager (SCMPipelineManager.java:initializePipelineState(132)) - No pipeline exists in current db
2019-10-14 11:04:37,241 [main] WARN  server.ServerUtils (ServerUtils.java:getScmDbDir(145)) - ozone.scm.db.dirs is not configured. We recommend adding this setting. Falling back to ozone.metadata.dirs instead.
2019-10-14 11:04:37,309 [main] WARN  events.EventQueue (EventQueue.java:fireEvent(183)) - No event handler registered for event TypedEvent{payloadType=SafeModeStatus, name='SafeModeStatus'}
2019-10-14 11:04:37,309 [main] INFO  ipc.CallQueueManager (CallQueueManager.java:<init>(84)) - Using callQueue: class java.util.concurrent.LinkedBlockingQueue, queueCapacity: 2000, scheduler: class org.apache.hadoop.ipc.DefaultRpcScheduler, ipcBackoff: false.
2019-10-14 11:04:37,310 [Socket Reader #1 for port 43954] INFO  ipc.Server (Server.java:run(1074)) - Starting Socket Reader #1 for port 43954
2019-10-14 11:04:37,319 [main] INFO  ipc.CallQueueManager (CallQueueManager.java:<init>(84)) - Using callQueue: class java.util.concurrent.LinkedBlockingQueue, queueCapacity: 2000, scheduler: class org.apache.hadoop.ipc.DefaultRpcScheduler, ipcBackoff: false.
2019-10-14 11:04:37,320 [Socket Reader #1 for port 37059] INFO  ipc.Server (Server.java:run(1074)) - Starting Socket Reader #1 for port 37059
2019-10-14 11:04:37,322 [main] INFO  ipc.CallQueueManager (CallQueueManager.java:<init>(84)) - Using callQueue: class java.util.concurrent.LinkedBlockingQueue, queueCapacity: 2000, scheduler: class org.apache.hadoop.ipc.DefaultRpcScheduler, ipcBackoff: false.
2019-10-14 11:04:37,323 [Socket Reader #1 for port 43079] INFO  ipc.Server (Server.java:run(1074)) - Starting Socket Reader #1 for port 43079
2019-10-14 11:04:37,327 [main] INFO  hdfs.DFSUtil (DFSUtil.java:httpServerTemplateForNNAndJN(1641)) - Starting Web-server for scm at: http://0.0.0.0:0
2019-10-14 11:04:37,329 [main] INFO  server.AuthenticationFilter (AuthenticationFilter.java:constructSecretProvider(240)) - Unable to initialize FileSignerSecretProvider, falling back to use random secrets.
2019-10-14 11:04:37,329 [main] WARN  http.HttpRequestLog (HttpRequestLog.java:getRequestLog(97)) - Jetty request log can only be enabled using Log4j
2019-10-14 11:04:37,330 [main] INFO  http.HttpServer2 (HttpServer2.java:addGlobalFilter(975)) - Added global filter 'safety' (class=org.apache.hadoop.http.HttpServer2$QuotingInputFilter)
2019-10-14 11:04:37,331 [main] INFO  http.HttpServer2 (HttpServer2.java:addFilter(948)) - Added filter static_user_filter (class=org.apache.hadoop.http.lib.StaticUserWebFilter$StaticUserFilter) to context scm
2019-10-14 11:04:37,331 [main] INFO  http.HttpServer2 (HttpServer2.java:addFilter(958)) - Added filter static_user_filter (class=org.apache.hadoop.http.lib.StaticUserWebFilter$StaticUserFilter) to context logs
2019-10-14 11:04:37,331 [main] INFO  http.HttpServer2 (HttpServer2.java:addFilter(958)) - Added filter static_user_filter (class=org.apache.hadoop.http.lib.StaticUserWebFilter$StaticUserFilter) to context static
2019-10-14 11:04:37,333 [main] INFO  server.StorageContainerManager (StorageContainerManager.java:start(775)) - StorageContainerLocationProtocol RPC server is listening at /0.0.0.0:43079
2019-10-14 11:04:37,335 [main] WARN  impl.MetricsConfig (MetricsConfig.java:loadFirst(134)) - Cannot locate configuration: tried hadoop-metrics2-storagecontainermanager.properties,hadoop-metrics2.properties
2019-10-14 11:04:37,336 [main] INFO  impl.MetricsSystemImpl (MetricsSystemImpl.java:startTimer(374)) - Scheduled Metric snapshot period at 10 second(s).
2019-10-14 11:04:37,336 [main] INFO  impl.MetricsSystemImpl (MetricsSystemImpl.java:start(191)) - StorageContainerManager metrics system started
2019-10-14 11:04:37,668 [main] WARN  impl.MetricsSystemImpl (MetricsSystemImpl.java:register(276)) - Sink prometheus already exists!
2019-10-14 11:04:38,064 [main] INFO  server.SCMClientProtocolServer (SCMClientProtocolServer.java:start(159)) - RPC server for Client  is listening at /0.0.0.0:43079
2019-10-14 11:04:38,065 [IPC Server Responder] INFO  ipc.Server (Server.java:run(1314)) - IPC Server Responder: starting
2019-10-14 11:04:38,065 [IPC Server listener on 43079] INFO  ipc.Server (Server.java:run(1153)) - IPC Server listener on 43079: starting
2019-10-14 11:04:38,072 [main] INFO  server.StorageContainerManager (StorageContainerManager.java:start(785)) - ScmBlockLocationProtocol RPC server is listening at /0.0.0.0:37059
2019-10-14 11:04:38,072 [main] INFO  server.SCMBlockProtocolServer (SCMBlockProtocolServer.java:start(146)) - RPC server for Block Protocol is listening at /0.0.0.0:37059
2019-10-14 11:04:38,073 [IPC Server Responder] INFO  ipc.Server (Server.java:run(1314)) - IPC Server Responder: starting
2019-10-14 11:04:38,073 [IPC Server listener on 37059] INFO  ipc.Server (Server.java:run(1153)) - IPC Server listener on 37059: starting
2019-10-14 11:04:38,084 [main] INFO  server.StorageContainerManager (StorageContainerManager.java:start(789)) - ScmDatanodeProtocl RPC server is listening at /0.0.0.0:43954
2019-10-14 11:04:38,084 [main] INFO  server.SCMDatanodeProtocolServer (SCMDatanodeProtocolServer.java:start(169)) - RPC server for DataNodes is listening at /0.0.0.0:43954
2019-10-14 11:04:38,085 [IPC Server Responder] INFO  ipc.Server (Server.java:run(1314)) - IPC Server Responder: starting
2019-10-14 11:04:38,085 [IPC Server listener on 43954] INFO  ipc.Server (Server.java:run(1153)) - IPC Server listener on 43954: starting
2019-10-14 11:04:38,090 [main] INFO  http.HttpServer2 (HttpServer2.java:bindListener(1191)) - Jetty bound to port 39242
2019-10-14 11:04:38,090 [main] INFO  server.Server (Server.java:doStart(351)) - jetty-9.3.25.v20180904, build timestamp: 2018-09-04T21:11:46Z, git hash: 3ce520221d0240229c862b122d2b06c12a625732
2019-10-14 11:04:38,091 [main] INFO  handler.ContextHandler (ContextHandler.java:doStart(781)) - Started o.e.j.s.ServletContextHandler@7a31ca20{/logs,file:///workdir/hadoop-ozone/integration-test/target/log,AVAILABLE}
2019-10-14 11:04:38,092 [main] INFO  handler.ContextHandler (ContextHandler.java:doStart(781)) - Started o.e.j.s.ServletContextHandler@21edd891{/static,file:///workdir/hadoop-ozone/integration-test/target/test-classes/webapps/static,AVAILABLE}
2019-10-14 11:04:38,095 [main] INFO  handler.ContextHandler (ContextHandler.java:doStart(781)) - Started o.e.j.w.WebAppContext@6d5f4900{/,file:///workdir/hadoop-ozone/integration-test/target/test-classes/webapps/scm/,AVAILABLE}{/scm}
2019-10-14 11:04:38,095 [main] INFO  server.AbstractConnector (AbstractConnector.java:doStart(278)) - Started ServerConnector@1e40fbb3{HTTP/1.1,[http/1.1]}{0.0.0.0:39242}
2019-10-14 11:04:38,097 [main] INFO  server.Server (Server.java:doStart(419)) - Started @217237ms
2019-10-14 11:04:38,097 [main] WARN  impl.MetricsSystemImpl (MetricsSystemImpl.java:register(276)) - Sink prometheus already exists!
2019-10-14 11:04:38,099 [main] INFO  server.BaseHttpServer (BaseHttpServer.java:updateConnectorAddress(215)) - HTTP server of SCM is listening at http://0.0.0.0:39242
2019-10-14 11:04:38,102 [main] WARN  server.ServerUtils (ServerUtils.java:getDBPath(222)) - ozone.om.db.dirs is not configured. We recommend adding this setting. Falling back to ozone.metadata.dirs instead.
2019-10-14 11:04:38,102 [org.apache.hadoop.util.JvmPauseMonitor$Monitor@9e02f84] INFO  util.JvmPauseMonitor (JvmPauseMonitor.java:run(188)) - Starting JVM pause monitor
2019-10-14 11:04:38,158 [main] INFO  ha.OMHANodeDetails (OMHANodeDetails.java:loadOMHAConfig(190)) - Configuration either no ozone.om.address set. Falling back to the default OM address /127.0.0.1:0
2019-10-14 11:04:38,159 [main] INFO  ha.OMHANodeDetails (OMHANodeDetails.java:getOMNodeDetails(220)) - OM Service ID is not set. Setting it to the default ID: omServiceIdDefault
2019-10-14 11:04:38,160 [main] WARN  server.ServerUtils (ServerUtils.java:getDBPath(222)) - ozone.om.db.dirs is not configured. We recommend adding this setting. Falling back to ozone.metadata.dirs instead.
2019-10-14 11:04:38,160 [main] WARN  server.ServerUtils (ServerUtils.java:getDBPath(222)) - ozone.om.db.dirs is not configured. We recommend adding this setting. Falling back to ozone.metadata.dirs instead.
2019-10-14 11:04:38,172 [main] WARN  server.ServerUtils (ServerUtils.java:getDBPath(222)) - ozone.om.db.dirs is not configured. We recommend adding this setting. Falling back to ozone.metadata.dirs instead.
2019-10-14 11:04:38,173 [main] INFO  db.DBStoreBuilder (DBStoreBuilder.java:addTable(117)) - using custom profile for table: userTable
2019-10-14 11:04:38,173 [main] INFO  db.DBStoreBuilder (DBStoreBuilder.java:processTables(168)) - Using default column profile:DBProfile.DISK for Table:userTable
2019-10-14 11:04:38,173 [main] INFO  db.DBStoreBuilder (DBStoreBuilder.java:addTable(117)) - using custom profile for table: volumeTable
2019-10-14 11:04:38,174 [main] INFO  db.DBStoreBuilder (DBStoreBuilder.java:processTables(168)) - Using default column profile:DBProfile.DISK for Table:volumeTable
2019-10-14 11:04:38,174 [main] INFO  db.DBStoreBuilder (DBStoreBuilder.java:addTable(117)) - using custom profile for table: bucketTable
2019-10-14 11:04:38,174 [main] INFO  db.DBStoreBuilder (DBStoreBuilder.java:processTables(168)) - Using default column profile:DBProfile.DISK for Table:bucketTable
2019-10-14 11:04:38,174 [main] INFO  db.DBStoreBuilder (DBStoreBuilder.java:addTable(117)) - using custom profile for table: keyTable
2019-10-14 11:04:38,175 [main] INFO  db.DBStoreBuilder (DBStoreBuilder.java:processTables(168)) - Using default column profile:DBProfile.DISK for Table:keyTable
2019-10-14 11:04:38,175 [main] INFO  db.DBStoreBuilder (DBStoreBuilder.java:addTable(117)) - using custom profile for table: deletedTable
2019-10-14 11:04:38,175 [main] INFO  db.DBStoreBuilder (DBStoreBuilder.java:processTables(168)) - Using default column profile:DBProfile.DISK for Table:deletedTable
2019-10-14 11:04:38,175 [main] INFO  db.DBStoreBuilder (DBStoreBuilder.java:addTable(117)) - using custom profile for table: openKeyTable
2019-10-14 11:04:38,176 [main] INFO  db.DBStoreBuilder (DBStoreBuilder.java:processTables(168)) - Using default column profile:DBProfile.DISK for Table:openKeyTable
2019-10-14 11:04:38,176 [main] INFO  db.DBStoreBuilder (DBStoreBuilder.java:addTable(117)) - using custom profile for table: s3Table
2019-10-14 11:04:38,176 [main] INFO  db.DBStoreBuilder (DBStoreBuilder.java:processTables(168)) - Using default column profile:DBProfile.DISK for Table:s3Table
2019-10-14 11:04:38,176 [main] INFO  db.DBStoreBuilder (DBStoreBuilder.java:addTable(117)) - using custom profile for table: multipartInfoTable
2019-10-14 11:04:38,177 [main] INFO  db.DBStoreBuilder (DBStoreBuilder.java:processTables(168)) - Using default column profile:DBProfile.DISK for Table:multipartInfoTable
2019-10-14 11:04:38,177 [main] INFO  db.DBStoreBuilder (DBStoreBuilder.java:addTable(117)) - using custom profile for table: dTokenTable
2019-10-14 11:04:38,177 [main] INFO  db.DBStoreBuilder (DBStoreBuilder.java:processTables(168)) - Using default column profile:DBProfile.DISK for Table:dTokenTable
2019-10-14 11:04:38,177 [main] INFO  db.DBStoreBuilder (DBStoreBuilder.java:addTable(117)) - using custom profile for table: s3SecretTable
2019-10-14 11:04:38,177 [main] INFO  db.DBStoreBuilder (DBStoreBuilder.java:processTables(168)) - Using default column profile:DBProfile.DISK for Table:s3SecretTable
2019-10-14 11:04:38,178 [main] INFO  db.DBStoreBuilder (DBStoreBuilder.java:addTable(117)) - using custom profile for table: prefixTable
2019-10-14 11:04:38,178 [main] INFO  db.DBStoreBuilder (DBStoreBuilder.java:processTables(168)) - Using default column profile:DBProfile.DISK for Table:prefixTable
2019-10-14 11:04:38,178 [main] INFO  db.DBStoreBuilder (DBStoreBuilder.java:addTable(117)) - using custom profile for table: default
2019-10-14 11:04:38,178 [main] INFO  db.DBStoreBuilder (DBStoreBuilder.java:processTables(174)) - Using default column profile:DBProfile.DISK for Table:default
2019-10-14 11:04:38,179 [main] INFO  db.DBStoreBuilder (DBStoreBuilder.java:getDbProfile(205)) - Using default options. DBProfile.DISK
2019-10-14 11:04:38,832 [main] INFO  ipc.CallQueueManager (CallQueueManager.java:<init>(84)) - Using callQueue: class java.util.concurrent.LinkedBlockingQueue, queueCapacity: 2000, scheduler: class org.apache.hadoop.ipc.DefaultRpcScheduler, ipcBackoff: false.
2019-10-14 11:04:38,833 [Socket Reader #1 for port 35039] INFO  ipc.Server (Server.java:run(1074)) - Starting Socket Reader #1 for port 35039
2019-10-14 11:04:38,852 [main] INFO  om.OzoneManager (OzoneManager.java:start(1069)) - OzoneManager RPC server is listening at localhost/127.0.0.1:35039
2019-10-14 11:04:38,852 [main] INFO  impl.MetricsSystemImpl (MetricsSystemImpl.java:init(158)) - OzoneManager metrics system started (again)
2019-10-14 11:04:38,853 [IPC Server Responder] INFO  ipc.Server (Server.java:run(1314)) - IPC Server Responder: starting
2019-10-14 11:04:38,853 [IPC Server listener on 35039] INFO  ipc.Server (Server.java:run(1153)) - IPC Server listener on 35039: starting
2019-10-14 11:04:38,861 [main] INFO  hdfs.DFSUtil (DFSUtil.java:httpServerTemplateForNNAndJN(1641)) - Starting Web-server for ozoneManager at: http://0.0.0.0:0
2019-10-14 11:04:38,863 [main] INFO  server.AuthenticationFilter (AuthenticationFilter.java:constructSecretProvider(240)) - Unable to initialize FileSignerSecretProvider, falling back to use random secrets.
2019-10-14 11:04:38,870 [main] WARN  http.HttpRequestLog (HttpRequestLog.java:getRequestLog(97)) - Jetty request log can only be enabled using Log4j
2019-10-14 11:04:38,872 [main] INFO  http.HttpServer2 (HttpServer2.java:addGlobalFilter(975)) - Added global filter 'safety' (class=org.apache.hadoop.http.HttpServer2$QuotingInputFilter)
2019-10-14 11:04:38,872 [main] INFO  http.HttpServer2 (HttpServer2.java:addFilter(948)) - Added filter static_user_filter (class=org.apache.hadoop.http.lib.StaticUserWebFilter$StaticUserFilter) to context ozoneManager
2019-10-14 11:04:38,873 [main] INFO  http.HttpServer2 (HttpServer2.java:addFilter(958)) - Added filter static_user_filter (class=org.apache.hadoop.http.lib.StaticUserWebFilter$StaticUserFilter) to context logs
2019-10-14 11:04:38,873 [main] INFO  http.HttpServer2 (HttpServer2.java:addFilter(958)) - Added filter static_user_filter (class=org.apache.hadoop.http.lib.StaticUserWebFilter$StaticUserFilter) to context static
2019-10-14 11:04:38,873 [main] INFO  http.HttpServer2 (HttpServer2.java:bindListener(1191)) - Jetty bound to port 44910
2019-10-14 11:04:38,874 [main] INFO  server.Server (Server.java:doStart(351)) - jetty-9.3.25.v20180904, build timestamp: 2018-09-04T21:11:46Z, git hash: 3ce520221d0240229c862b122d2b06c12a625732
2019-10-14 11:04:38,879 [main] INFO  handler.ContextHandler (ContextHandler.java:doStart(781)) - Started o.e.j.s.ServletContextHandler@76396509{/logs,file:///workdir/hadoop-ozone/integration-test/target/log,AVAILABLE}
2019-10-14 11:04:38,883 [main] INFO  handler.ContextHandler (ContextHandler.java:doStart(781)) - Started o.e.j.s.ServletContextHandler@51ac12ac{/static,file:///workdir/hadoop-ozone/integration-test/target/test-classes/webapps/static,AVAILABLE}
2019-10-14 11:04:38,887 [main] INFO  handler.ContextHandler (ContextHandler.java:doStart(781)) - Started o.e.j.w.WebAppContext@67b61834{/,file:///workdir/hadoop-ozone/integration-test/target/test-classes/webapps/ozoneManager/,AVAILABLE}{/ozoneManager}
2019-10-14 11:04:38,887 [main] INFO  server.AbstractConnector (AbstractConnector.java:doStart(278)) - Started ServerConnector@3b0d3a63{HTTP/1.1,[http/1.1]}{0.0.0.0:44910}
2019-10-14 11:04:38,890 [main] INFO  server.Server (Server.java:doStart(419)) - Started @218030ms
2019-10-14 11:04:38,891 [main] WARN  impl.MetricsSystemImpl (MetricsSystemImpl.java:register(276)) - Sink prometheus already exists!
2019-10-14 11:04:38,892 [main] INFO  server.BaseHttpServer (BaseHttpServer.java:updateConnectorAddress(215)) - HTTP server of OZONEMANAGER is listening at http://0.0.0.0:44910
2019-10-14 11:04:38,909 [main] INFO  impl.MetricsSystemImpl (MetricsSystemImpl.java:init(158)) - HddsDatanode metrics system started (again)
2019-10-14 11:04:38,934 [main] INFO  ozone.HddsDatanodeService (HddsDatanodeService.java:start(184)) - HddsDatanodeService host:pr-hdds-2196-x574v-1375001003 ip:192.168.151.96
2019-10-14 11:04:38,942 [main] INFO  volume.HddsVolume (HddsVolume.java:<init>(176)) - Creating Volume: /workdir/hadoop-ozone/integration-test/target/test-dir/MiniOzoneClusterImpl-db97c445-3a48-427a-af40-d714fe85aeb9/datanode-0/data/containers/hdds of  storage type : DISK and capacity : 1482555576320
2019-10-14 11:04:38,943 [main] INFO  volume.VolumeSet (VolumeSet.java:initializeVolumeSet(170)) - Added Volume : /workdir/hadoop-ozone/integration-test/target/test-dir/MiniOzoneClusterImpl-db97c445-3a48-427a-af40-d714fe85aeb9/datanode-0/data/containers/hdds to VolumeSet
2019-10-14 11:04:38,943 [main] INFO  volume.ThrottledAsyncChecker (ThrottledAsyncChecker.java:schedule(139)) - Scheduling a check for org.apache.hadoop.ozone.container.common.volume.HddsVolume@3dfd6220
2019-10-14 11:04:38,945 [main] INFO  volume.HddsVolumeChecker (HddsVolumeChecker.java:checkAllVolumes(202)) - Scheduled health check for volume org.apache.hadoop.ozone.container.common.volume.HddsVolume@3dfd6220
2019-10-14 11:04:38,960 [main] INFO  impl.RaftServerProxy (ConfUtils.java:logGet(43)) - raft.rpc.type = GRPC (default)
2019-10-14 11:04:38,960 [main] INFO  grpc.GrpcFactory (GrpcFactory.java:checkPooledByteBufAllocatorUseCacheForAllThreads(45)) - PERFORMANCE WARNING: useCacheForAllThreads is true that may cause Netty to create a lot garbage objects and, as a result, trigger GC.
	It is recommended to disable useCacheForAllThreads by setting -Dorg.apache.ratis.thirdparty.io.netty.allocator.useCacheForAllThreads=false in command line.
2019-10-14 11:04:38,961 [main] INFO  grpc.GrpcConfigKeys$Server (ConfUtils.java:logGet(43)) - raft.grpc.server.port = 0 (default)
2019-10-14 11:04:38,961 [main] INFO  server.GrpcService (ConfUtils.java:logGet(43)) - raft.grpc.message.size.max = 33570816 (custom)
2019-10-14 11:04:38,961 [main] INFO  server.RaftServerConfigKeys (ConfUtils.java:logGet(43)) - raft.server.log.appender.buffer.byte-limit = 33554432 (custom)
2019-10-14 11:04:38,961 [main] INFO  server.GrpcService (ConfUtils.java:logGet(43)) - raft.grpc.flow.control.window = 1MB (=1048576) (default)
2019-10-14 11:04:38,962 [main] INFO  server.RaftServerConfigKeys (ConfUtils.java:logGet(43)) - raft.server.rpc.request.timeout = 3000ms (default)
2019-10-14 11:04:38,962 [main] INFO  server.RaftServerConfigKeys (ConfUtils.java:logGet(43)) - raft.server.storage.dir = [/workdir/hadoop-ozone/integration-test/target/test-dir/MiniOzoneClusterImpl-db97c445-3a48-427a-af40-d714fe85aeb9/datanode-0/data/ratis] (custom)
2019-10-14 11:04:38,964 [main] INFO  hdfs.DFSUtil (DFSUtil.java:httpServerTemplateForNNAndJN(1641)) - Starting Web-server for hddsDatanode at: http://0.0.0.0:0
2019-10-14 11:04:38,966 [main] INFO  server.AuthenticationFilter (AuthenticationFilter.java:constructSecretProvider(240)) - Unable to initialize FileSignerSecretProvider, falling back to use random secrets.
2019-10-14 11:04:38,966 [main] WARN  http.HttpRequestLog (HttpRequestLog.java:getRequestLog(97)) - Jetty request log can only be enabled using Log4j
2019-10-14 11:04:38,968 [main] INFO  http.HttpServer2 (HttpServer2.java:addGlobalFilter(975)) - Added global filter 'safety' (class=org.apache.hadoop.http.HttpServer2$QuotingInputFilter)
2019-10-14 11:04:38,969 [main] INFO  http.HttpServer2 (HttpServer2.java:addFilter(948)) - Added filter static_user_filter (class=org.apache.hadoop.http.lib.StaticUserWebFilter$StaticUserFilter) to context hddsDatanode
2019-10-14 11:04:38,969 [main] INFO  http.HttpServer2 (HttpServer2.java:addFilter(958)) - Added filter static_user_filter (class=org.apache.hadoop.http.lib.StaticUserWebFilter$StaticUserFilter) to context logs
2019-10-14 11:04:38,969 [main] INFO  http.HttpServer2 (HttpServer2.java:addFilter(958)) - Added filter static_user_filter (class=org.apache.hadoop.http.lib.StaticUserWebFilter$StaticUserFilter) to context static
2019-10-14 11:04:38,970 [main] INFO  http.HttpServer2 (HttpServer2.java:bindListener(1191)) - Jetty bound to port 45894
2019-10-14 11:04:38,970 [main] INFO  server.Server (Server.java:doStart(351)) - jetty-9.3.25.v20180904, build timestamp: 2018-09-04T21:11:46Z, git hash: 3ce520221d0240229c862b122d2b06c12a625732
2019-10-14 11:04:38,972 [main] INFO  handler.ContextHandler (ContextHandler.java:doStart(781)) - Started o.e.j.s.ServletContextHandler@6cbb7a7d{/logs,file:///workdir/hadoop-ozone/integration-test/target/log,AVAILABLE}
2019-10-14 11:04:38,975 [main] INFO  handler.ContextHandler (ContextHandler.java:doStart(781)) - Started o.e.j.s.ServletContextHandler@37606fee{/static,jar:file:/home/user/.m2/repository/org/apache/hadoop/hadoop-hdds-container-service/0.5.0-SNAPSHOT/hadoop-hdds-container-service-0.5.0-SNAPSHOT.jar!/webapps/static,AVAILABLE}
2019-10-14 11:04:39,014 [main] INFO  handler.ContextHandler (ContextHandler.java:doStart(781)) - Started o.e.j.w.WebAppContext@30abf79c{/,file:///tmp/jetty-0.0.0.0-45894-hddsDatanode-_-any-2483773306532637433.dir/webapp/,AVAILABLE}{/hddsDatanode}
2019-10-14 11:04:39,015 [main] INFO  server.AbstractConnector (AbstractConnector.java:doStart(278)) - Started ServerConnector@49a38b1{HTTP/1.1,[http/1.1]}{0.0.0.0:45894}
2019-10-14 11:04:39,018 [main] INFO  server.Server (Server.java:doStart(419)) - Started @218158ms
2019-10-14 11:04:39,018 [main] WARN  impl.MetricsSystemImpl (MetricsSystemImpl.java:register(276)) - Sink prometheus already exists!
2019-10-14 11:04:39,019 [main] INFO  server.BaseHttpServer (BaseHttpServer.java:updateConnectorAddress(215)) - HTTP server of HDDSDATANODE is listening at http://0.0.0.0:45894
2019-10-14 11:04:39,020 [main] INFO  impl.MetricsSystemImpl (MetricsSystemImpl.java:init(158)) - HddsDatanode metrics system started (again)
2019-10-14 11:04:39,021 [org.apache.hadoop.util.JvmPauseMonitor$Monitor@2f097ff2] INFO  util.JvmPauseMonitor (JvmPauseMonitor.java:run(188)) - Starting JVM pause monitor
2019-10-14 11:04:39,044 [Datanode State Machine Thread - 0] INFO  datanode.InitDatanodeState (InitDatanodeState.java:persistContainerDatanodeDetails(140)) - DatanodeDetails is persisted to /workdir/hadoop-ozone/integration-test/target/test-dir/MiniOzoneClusterImpl-db97c445-3a48-427a-af40-d714fe85aeb9/datanode-0/meta/datanode.id
2019-10-14 11:04:39,044 [main] INFO  ozone.HddsDatanodeService (HddsDatanodeService.java:start(184)) - HddsDatanodeService host:pr-hdds-2196-x574v-1375001003 ip:192.168.151.96
2019-10-14 11:04:39,053 [main] INFO  volume.HddsVolume (HddsVolume.java:<init>(176)) - Creating Volume: /workdir/hadoop-ozone/integration-test/target/test-dir/MiniOzoneClusterImpl-db97c445-3a48-427a-af40-d714fe85aeb9/datanode-1/data/containers/hdds of  storage type : DISK and capacity : 1482555576320
2019-10-14 11:04:39,054 [main] INFO  volume.VolumeSet (VolumeSet.java:initializeVolumeSet(170)) - Added Volume : /workdir/hadoop-ozone/integration-test/target/test-dir/MiniOzoneClusterImpl-db97c445-3a48-427a-af40-d714fe85aeb9/datanode-1/data/containers/hdds to VolumeSet
2019-10-14 11:04:39,054 [main] INFO  volume.ThrottledAsyncChecker (ThrottledAsyncChecker.java:schedule(139)) - Scheduling a check for org.apache.hadoop.ozone.container.common.volume.HddsVolume@6314df3c
2019-10-14 11:04:39,054 [main] INFO  volume.HddsVolumeChecker (HddsVolumeChecker.java:checkAllVolumes(202)) - Scheduled health check for volume org.apache.hadoop.ozone.container.common.volume.HddsVolume@6314df3c
2019-10-14 11:04:39,067 [main] INFO  impl.RaftServerProxy (ConfUtils.java:logGet(43)) - raft.rpc.type = GRPC (default)
2019-10-14 11:04:39,067 [main] INFO  grpc.GrpcFactory (GrpcFactory.java:checkPooledByteBufAllocatorUseCacheForAllThreads(45)) - PERFORMANCE WARNING: useCacheForAllThreads is true that may cause Netty to create a lot garbage objects and, as a result, trigger GC.
	It is recommended to disable useCacheForAllThreads by setting -Dorg.apache.ratis.thirdparty.io.netty.allocator.useCacheForAllThreads=false in command line.
2019-10-14 11:04:39,067 [main] INFO  grpc.GrpcConfigKeys$Server (ConfUtils.java:logGet(43)) - raft.grpc.server.port = 0 (default)
2019-10-14 11:04:39,068 [main] INFO  server.GrpcService (ConfUtils.java:logGet(43)) - raft.grpc.message.size.max = 33570816 (custom)
2019-10-14 11:04:39,068 [main] INFO  server.RaftServerConfigKeys (ConfUtils.java:logGet(43)) - raft.server.log.appender.buffer.byte-limit = 33554432 (custom)
2019-10-14 11:04:39,068 [main] INFO  server.GrpcService (ConfUtils.java:logGet(43)) - raft.grpc.flow.control.window = 1MB (=1048576) (default)
2019-10-14 11:04:39,068 [main] INFO  server.RaftServerConfigKeys (ConfUtils.java:logGet(43)) - raft.server.rpc.request.timeout = 3000ms (default)
2019-10-14 11:04:39,068 [main] INFO  server.RaftServerConfigKeys (ConfUtils.java:logGet(43)) - raft.server.storage.dir = [/workdir/hadoop-ozone/integration-test/target/test-dir/MiniOzoneClusterImpl-db97c445-3a48-427a-af40-d714fe85aeb9/datanode-1/data/ratis] (custom)
2019-10-14 11:04:39,071 [main] INFO  hdfs.DFSUtil (DFSUtil.java:httpServerTemplateForNNAndJN(1641)) - Starting Web-server for hddsDatanode at: http://0.0.0.0:0
2019-10-14 11:04:39,072 [main] INFO  server.AuthenticationFilter (AuthenticationFilter.java:constructSecretProvider(240)) - Unable to initialize FileSignerSecretProvider, falling back to use random secrets.
2019-10-14 11:04:39,073 [main] WARN  http.HttpRequestLog (HttpRequestLog.java:getRequestLog(97)) - Jetty request log can only be enabled using Log4j
2019-10-14 11:04:39,074 [main] INFO  http.HttpServer2 (HttpServer2.java:addGlobalFilter(975)) - Added global filter 'safety' (class=org.apache.hadoop.http.HttpServer2$QuotingInputFilter)
2019-10-14 11:04:39,074 [main] INFO  http.HttpServer2 (HttpServer2.java:addFilter(948)) - Added filter static_user_filter (class=org.apache.hadoop.http.lib.StaticUserWebFilter$StaticUserFilter) to context hddsDatanode
2019-10-14 11:04:39,075 [main] INFO  http.HttpServer2 (HttpServer2.java:addFilter(958)) - Added filter static_user_filter (class=org.apache.hadoop.http.lib.StaticUserWebFilter$StaticUserFilter) to context static
2019-10-14 11:04:39,075 [main] INFO  http.HttpServer2 (HttpServer2.java:addFilter(958)) - Added filter static_user_filter (class=org.apache.hadoop.http.lib.StaticUserWebFilter$StaticUserFilter) to context logs
2019-10-14 11:04:39,075 [main] INFO  http.HttpServer2 (HttpServer2.java:bindListener(1191)) - Jetty bound to port 39005
2019-10-14 11:04:39,076 [main] INFO  server.Server (Server.java:doStart(351)) - jetty-9.3.25.v20180904, build timestamp: 2018-09-04T21:11:46Z, git hash: 3ce520221d0240229c862b122d2b06c12a625732
2019-10-14 11:04:39,077 [main] INFO  handler.ContextHandler (ContextHandler.java:doStart(781)) - Started o.e.j.s.ServletContextHandler@3f6cce7f{/logs,file:///workdir/hadoop-ozone/integration-test/target/log,AVAILABLE}
2019-10-14 11:04:39,078 [main] INFO  handler.ContextHandler (ContextHandler.java:doStart(781)) - Started o.e.j.s.ServletContextHandler@7b9088f2{/static,jar:file:/home/user/.m2/repository/org/apache/hadoop/hadoop-hdds-container-service/0.5.0-SNAPSHOT/hadoop-hdds-container-service-0.5.0-SNAPSHOT.jar!/webapps/static,AVAILABLE}
2019-10-14 11:04:39,112 [main] INFO  handler.ContextHandler (ContextHandler.java:doStart(781)) - Started o.e.j.w.WebAppContext@130cfc47{/,file:///tmp/jetty-0.0.0.0-39005-hddsDatanode-_-any-2696115783227282891.dir/webapp/,AVAILABLE}{/hddsDatanode}
2019-10-14 11:04:39,113 [main] INFO  server.AbstractConnector (AbstractConnector.java:doStart(278)) - Started ServerConnector@4eeab3e{HTTP/1.1,[http/1.1]}{0.0.0.0:39005}
2019-10-14 11:04:39,116 [main] INFO  server.Server (Server.java:doStart(419)) - Started @218255ms
2019-10-14 11:04:39,116 [main] WARN  impl.MetricsSystemImpl (MetricsSystemImpl.java:register(276)) - Sink prometheus already exists!
2019-10-14 11:04:39,117 [main] INFO  server.BaseHttpServer (BaseHttpServer.java:updateConnectorAddress(215)) - HTTP server of HDDSDATANODE is listening at http://0.0.0.0:39005
2019-10-14 11:04:39,117 [main] INFO  impl.MetricsSystemImpl (MetricsSystemImpl.java:init(158)) - HddsDatanode metrics system started (again)
2019-10-14 11:04:39,153 [org.apache.hadoop.util.JvmPauseMonitor$Monitor@572c8d1b] INFO  util.JvmPauseMonitor (JvmPauseMonitor.java:run(188)) - Starting JVM pause monitor
2019-10-14 11:04:39,154 [Datanode State Machine Thread - 0] INFO  datanode.InitDatanodeState (InitDatanodeState.java:persistContainerDatanodeDetails(140)) - DatanodeDetails is persisted to /workdir/hadoop-ozone/integration-test/target/test-dir/MiniOzoneClusterImpl-db97c445-3a48-427a-af40-d714fe85aeb9/datanode-1/meta/datanode.id
2019-10-14 11:04:39,156 [main] INFO  ozone.HddsDatanodeService (HddsDatanodeService.java:start(184)) - HddsDatanodeService host:pr-hdds-2196-x574v-1375001003 ip:192.168.151.96
2019-10-14 11:04:39,165 [main] INFO  volume.HddsVolume (HddsVolume.java:<init>(176)) - Creating Volume: /workdir/hadoop-ozone/integration-test/target/test-dir/MiniOzoneClusterImpl-db97c445-3a48-427a-af40-d714fe85aeb9/datanode-2/data/containers/hdds of  storage type : DISK and capacity : 1482555576320
2019-10-14 11:04:39,166 [main] INFO  volume.VolumeSet (VolumeSet.java:initializeVolumeSet(170)) - Added Volume : /workdir/hadoop-ozone/integration-test/target/test-dir/MiniOzoneClusterImpl-db97c445-3a48-427a-af40-d714fe85aeb9/datanode-2/data/containers/hdds to VolumeSet
2019-10-14 11:04:39,166 [main] INFO  volume.ThrottledAsyncChecker (ThrottledAsyncChecker.java:schedule(139)) - Scheduling a check for org.apache.hadoop.ozone.container.common.volume.HddsVolume@7e3d2ebd
2019-10-14 11:04:39,166 [main] INFO  volume.HddsVolumeChecker (HddsVolumeChecker.java:checkAllVolumes(202)) - Scheduled health check for volume org.apache.hadoop.ozone.container.common.volume.HddsVolume@7e3d2ebd
2019-10-14 11:04:39,187 [main] INFO  impl.RaftServerProxy (ConfUtils.java:logGet(43)) - raft.rpc.type = GRPC (default)
2019-10-14 11:04:39,187 [main] INFO  grpc.GrpcFactory (GrpcFactory.java:checkPooledByteBufAllocatorUseCacheForAllThreads(45)) - PERFORMANCE WARNING: useCacheForAllThreads is true that may cause Netty to create a lot garbage objects and, as a result, trigger GC.
	It is recommended to disable useCacheForAllThreads by setting -Dorg.apache.ratis.thirdparty.io.netty.allocator.useCacheForAllThreads=false in command line.
2019-10-14 11:04:39,188 [main] INFO  grpc.GrpcConfigKeys$Server (ConfUtils.java:logGet(43)) - raft.grpc.server.port = 0 (default)
2019-10-14 11:04:39,188 [main] INFO  server.GrpcService (ConfUtils.java:logGet(43)) - raft.grpc.message.size.max = 33570816 (custom)
2019-10-14 11:04:39,188 [main] INFO  server.RaftServerConfigKeys (ConfUtils.java:logGet(43)) - raft.server.log.appender.buffer.byte-limit = 33554432 (custom)
2019-10-14 11:04:39,188 [main] INFO  server.GrpcService (ConfUtils.java:logGet(43)) - raft.grpc.flow.control.window = 1MB (=1048576) (default)
2019-10-14 11:04:39,188 [main] INFO  server.RaftServerConfigKeys (ConfUtils.java:logGet(43)) - raft.server.rpc.request.timeout = 3000ms (default)
2019-10-14 11:04:39,189 [main] INFO  server.RaftServerConfigKeys (ConfUtils.java:logGet(43)) - raft.server.storage.dir = [/workdir/hadoop-ozone/integration-test/target/test-dir/MiniOzoneClusterImpl-db97c445-3a48-427a-af40-d714fe85aeb9/datanode-2/data/ratis] (custom)
2019-10-14 11:04:39,190 [main] INFO  hdfs.DFSUtil (DFSUtil.java:httpServerTemplateForNNAndJN(1641)) - Starting Web-server for hddsDatanode at: http://0.0.0.0:0
2019-10-14 11:04:39,191 [main] INFO  server.AuthenticationFilter (AuthenticationFilter.java:constructSecretProvider(240)) - Unable to initialize FileSignerSecretProvider, falling back to use random secrets.
2019-10-14 11:04:39,192 [main] WARN  http.HttpRequestLog (HttpRequestLog.java:getRequestLog(97)) - Jetty request log can only be enabled using Log4j
2019-10-14 11:04:39,193 [main] INFO  http.HttpServer2 (HttpServer2.java:addGlobalFilter(975)) - Added global filter 'safety' (class=org.apache.hadoop.http.HttpServer2$QuotingInputFilter)
2019-10-14 11:04:39,193 [main] INFO  http.HttpServer2 (HttpServer2.java:addFilter(948)) - Added filter static_user_filter (class=org.apache.hadoop.http.lib.StaticUserWebFilter$StaticUserFilter) to context hddsDatanode
2019-10-14 11:04:39,194 [main] INFO  http.HttpServer2 (HttpServer2.java:addFilter(958)) - Added filter static_user_filter (class=org.apache.hadoop.http.lib.StaticUserWebFilter$StaticUserFilter) to context static
2019-10-14 11:04:39,194 [main] INFO  http.HttpServer2 (HttpServer2.java:addFilter(958)) - Added filter static_user_filter (class=org.apache.hadoop.http.lib.StaticUserWebFilter$StaticUserFilter) to context logs
2019-10-14 11:04:39,194 [main] INFO  http.HttpServer2 (HttpServer2.java:bindListener(1191)) - Jetty bound to port 35683
2019-10-14 11:04:39,194 [main] INFO  server.Server (Server.java:doStart(351)) - jetty-9.3.25.v20180904, build timestamp: 2018-09-04T21:11:46Z, git hash: 3ce520221d0240229c862b122d2b06c12a625732
2019-10-14 11:04:39,196 [main] INFO  handler.ContextHandler (ContextHandler.java:doStart(781)) - Started o.e.j.s.ServletContextHandler@5ec9eefa{/logs,file:///workdir/hadoop-ozone/integration-test/target/log,AVAILABLE}
2019-10-14 11:04:39,196 [main] INFO  handler.ContextHandler (ContextHandler.java:doStart(781)) - Started o.e.j.s.ServletContextHandler@3b4ef59f{/static,jar:file:/home/user/.m2/repository/org/apache/hadoop/hadoop-hdds-container-service/0.5.0-SNAPSHOT/hadoop-hdds-container-service-0.5.0-SNAPSHOT.jar!/webapps/static,AVAILABLE}
2019-10-14 11:04:39,223 [main] INFO  handler.ContextHandler (ContextHandler.java:doStart(781)) - Started o.e.j.w.WebAppContext@4f664bee{/,file:///tmp/jetty-0.0.0.0-35683-hddsDatanode-_-any-3200598478609426090.dir/webapp/,AVAILABLE}{/hddsDatanode}
2019-10-14 11:04:39,223 [main] INFO  server.AbstractConnector (AbstractConnector.java:doStart(278)) - Started ServerConnector@76563ae7{HTTP/1.1,[http/1.1]}{0.0.0.0:35683}
2019-10-14 11:04:39,223 [main] INFO  server.Server (Server.java:doStart(419)) - Started @218363ms
2019-10-14 11:04:39,226 [main] WARN  impl.MetricsSystemImpl (MetricsSystemImpl.java:register(276)) - Sink prometheus already exists!
2019-10-14 11:04:39,227 [main] INFO  server.BaseHttpServer (BaseHttpServer.java:updateConnectorAddress(215)) - HTTP server of HDDSDATANODE is listening at http://0.0.0.0:35683
2019-10-14 11:04:39,227 [main] INFO  impl.MetricsSystemImpl (MetricsSystemImpl.java:init(158)) - HddsDatanode metrics system started (again)
2019-10-14 11:04:39,259 [org.apache.hadoop.util.JvmPauseMonitor$Monitor@15f04933] INFO  util.JvmPauseMonitor (JvmPauseMonitor.java:run(188)) - Starting JVM pause monitor
2019-10-14 11:04:39,260 [Datanode State Machine Thread - 0] INFO  datanode.InitDatanodeState (InitDatanodeState.java:persistContainerDatanodeDetails(140)) - DatanodeDetails is persisted to /workdir/hadoop-ozone/integration-test/target/test-dir/MiniOzoneClusterImpl-db97c445-3a48-427a-af40-d714fe85aeb9/datanode-2/meta/datanode.id
2019-10-14 11:04:39,261 [main] INFO  ozone.HddsDatanodeService (HddsDatanodeService.java:start(184)) - HddsDatanodeService host:pr-hdds-2196-x574v-1375001003 ip:192.168.151.96
2019-10-14 11:04:39,270 [main] INFO  volume.HddsVolume (HddsVolume.java:<init>(176)) - Creating Volume: /workdir/hadoop-ozone/integration-test/target/test-dir/MiniOzoneClusterImpl-db97c445-3a48-427a-af40-d714fe85aeb9/datanode-3/data/containers/hdds of  storage type : DISK and capacity : 1482555576320
2019-10-14 11:04:39,270 [main] INFO  volume.VolumeSet (VolumeSet.java:initializeVolumeSet(170)) - Added Volume : /workdir/hadoop-ozone/integration-test/target/test-dir/MiniOzoneClusterImpl-db97c445-3a48-427a-af40-d714fe85aeb9/datanode-3/data/containers/hdds to VolumeSet
2019-10-14 11:04:39,270 [main] INFO  volume.ThrottledAsyncChecker (ThrottledAsyncChecker.java:schedule(139)) - Scheduling a check for org.apache.hadoop.ozone.container.common.volume.HddsVolume@682e422c
2019-10-14 11:04:39,271 [main] INFO  volume.HddsVolumeChecker (HddsVolumeChecker.java:checkAllVolumes(202)) - Scheduled health check for volume org.apache.hadoop.ozone.container.common.volume.HddsVolume@682e422c
2019-10-14 11:04:39,285 [main] INFO  impl.RaftServerProxy (ConfUtils.java:logGet(43)) - raft.rpc.type = GRPC (default)
2019-10-14 11:04:39,285 [main] INFO  grpc.GrpcFactory (GrpcFactory.java:checkPooledByteBufAllocatorUseCacheForAllThreads(45)) - PERFORMANCE WARNING: useCacheForAllThreads is true that may cause Netty to create a lot garbage objects and, as a result, trigger GC.
	It is recommended to disable useCacheForAllThreads by setting -Dorg.apache.ratis.thirdparty.io.netty.allocator.useCacheForAllThreads=false in command line.
2019-10-14 11:04:39,286 [main] INFO  grpc.GrpcConfigKeys$Server (ConfUtils.java:logGet(43)) - raft.grpc.server.port = 0 (default)
2019-10-14 11:04:39,286 [main] INFO  server.GrpcService (ConfUtils.java:logGet(43)) - raft.grpc.message.size.max = 33570816 (custom)
2019-10-14 11:04:39,286 [main] INFO  server.RaftServerConfigKeys (ConfUtils.java:logGet(43)) - raft.server.log.appender.buffer.byte-limit = 33554432 (custom)
2019-10-14 11:04:39,286 [main] INFO  server.GrpcService (ConfUtils.java:logGet(43)) - raft.grpc.flow.control.window = 1MB (=1048576) (default)
2019-10-14 11:04:39,286 [main] INFO  server.RaftServerConfigKeys (ConfUtils.java:logGet(43)) - raft.server.rpc.request.timeout = 3000ms (default)
2019-10-14 11:04:39,287 [main] INFO  server.RaftServerConfigKeys (ConfUtils.java:logGet(43)) - raft.server.storage.dir = [/workdir/hadoop-ozone/integration-test/target/test-dir/MiniOzoneClusterImpl-db97c445-3a48-427a-af40-d714fe85aeb9/datanode-3/data/ratis] (custom)
2019-10-14 11:04:39,288 [main] INFO  hdfs.DFSUtil (DFSUtil.java:httpServerTemplateForNNAndJN(1641)) - Starting Web-server for hddsDatanode at: http://0.0.0.0:0
2019-10-14 11:04:39,289 [main] INFO  server.AuthenticationFilter (AuthenticationFilter.java:constructSecretProvider(240)) - Unable to initialize FileSignerSecretProvider, falling back to use random secrets.
2019-10-14 11:04:39,290 [main] WARN  http.HttpRequestLog (HttpRequestLog.java:getRequestLog(97)) - Jetty request log can only be enabled using Log4j
2019-10-14 11:04:39,291 [main] INFO  http.HttpServer2 (HttpServer2.java:addGlobalFilter(975)) - Added global filter 'safety' (class=org.apache.hadoop.http.HttpServer2$QuotingInputFilter)
2019-10-14 11:04:39,291 [main] INFO  http.HttpServer2 (HttpServer2.java:addFilter(948)) - Added filter static_user_filter (class=org.apache.hadoop.http.lib.StaticUserWebFilter$StaticUserFilter) to context hddsDatanode
2019-10-14 11:04:39,292 [main] INFO  http.HttpServer2 (HttpServer2.java:addFilter(958)) - Added filter static_user_filter (class=org.apache.hadoop.http.lib.StaticUserWebFilter$StaticUserFilter) to context static
2019-10-14 11:04:39,292 [main] INFO  http.HttpServer2 (HttpServer2.java:addFilter(958)) - Added filter static_user_filter (class=org.apache.hadoop.http.lib.StaticUserWebFilter$StaticUserFilter) to context logs
2019-10-14 11:04:39,292 [main] INFO  http.HttpServer2 (HttpServer2.java:bindListener(1191)) - Jetty bound to port 32961
2019-10-14 11:04:39,292 [main] INFO  server.Server (Server.java:doStart(351)) - jetty-9.3.25.v20180904, build timestamp: 2018-09-04T21:11:46Z, git hash: 3ce520221d0240229c862b122d2b06c12a625732
2019-10-14 11:04:39,294 [main] INFO  handler.ContextHandler (ContextHandler.java:doStart(781)) - Started o.e.j.s.ServletContextHandler@3dec3f87{/logs,file:///workdir/hadoop-ozone/integration-test/target/log,AVAILABLE}
2019-10-14 11:04:39,294 [main] INFO  handler.ContextHandler (ContextHandler.java:doStart(781)) - Started o.e.j.s.ServletContextHandler@5dbab232{/static,jar:file:/home/user/.m2/repository/org/apache/hadoop/hadoop-hdds-container-service/0.5.0-SNAPSHOT/hadoop-hdds-container-service-0.5.0-SNAPSHOT.jar!/webapps/static,AVAILABLE}
2019-10-14 11:04:39,325 [main] INFO  handler.ContextHandler (ContextHandler.java:doStart(781)) - Started o.e.j.w.WebAppContext@681e913c{/,file:///tmp/jetty-0.0.0.0-32961-hddsDatanode-_-any-1910155514770996700.dir/webapp/,AVAILABLE}{/hddsDatanode}
2019-10-14 11:04:39,326 [main] INFO  server.AbstractConnector (AbstractConnector.java:doStart(278)) - Started ServerConnector@29d070c7{HTTP/1.1,[http/1.1]}{0.0.0.0:32961}
2019-10-14 11:04:39,329 [main] INFO  server.Server (Server.java:doStart(419)) - Started @218469ms
2019-10-14 11:04:39,329 [main] WARN  impl.MetricsSystemImpl (MetricsSystemImpl.java:register(276)) - Sink prometheus already exists!
2019-10-14 11:04:39,330 [main] INFO  server.BaseHttpServer (BaseHttpServer.java:updateConnectorAddress(215)) - HTTP server of HDDSDATANODE is listening at http://0.0.0.0:32961
2019-10-14 11:04:39,331 [main] INFO  impl.MetricsSystemImpl (MetricsSystemImpl.java:init(158)) - HddsDatanode metrics system started (again)
2019-10-14 11:04:39,357 [org.apache.hadoop.util.JvmPauseMonitor$Monitor@371a4dc0] INFO  util.JvmPauseMonitor (JvmPauseMonitor.java:run(188)) - Starting JVM pause monitor
2019-10-14 11:04:39,358 [Datanode State Machine Thread - 0] INFO  datanode.InitDatanodeState (InitDatanodeState.java:persistContainerDatanodeDetails(140)) - DatanodeDetails is persisted to /workdir/hadoop-ozone/integration-test/target/test-dir/MiniOzoneClusterImpl-db97c445-3a48-427a-af40-d714fe85aeb9/datanode-3/meta/datanode.id
2019-10-14 11:04:39,360 [main] INFO  ozone.HddsDatanodeService (HddsDatanodeService.java:start(184)) - HddsDatanodeService host:pr-hdds-2196-x574v-1375001003 ip:192.168.151.96
2019-10-14 11:04:39,369 [main] INFO  volume.HddsVolume (HddsVolume.java:<init>(176)) - Creating Volume: /workdir/hadoop-ozone/integration-test/target/test-dir/MiniOzoneClusterImpl-db97c445-3a48-427a-af40-d714fe85aeb9/datanode-4/data/containers/hdds of  storage type : DISK and capacity : 1482555576320
2019-10-14 11:04:39,370 [main] INFO  volume.VolumeSet (VolumeSet.java:initializeVolumeSet(170)) - Added Volume : /workdir/hadoop-ozone/integration-test/target/test-dir/MiniOzoneClusterImpl-db97c445-3a48-427a-af40-d714fe85aeb9/datanode-4/data/containers/hdds to VolumeSet
2019-10-14 11:04:39,370 [main] INFO  volume.ThrottledAsyncChecker (ThrottledAsyncChecker.java:schedule(139)) - Scheduling a check for org.apache.hadoop.ozone.container.common.volume.HddsVolume@6c4ce583
2019-10-14 11:04:39,371 [main] INFO  volume.HddsVolumeChecker (HddsVolumeChecker.java:checkAllVolumes(202)) - Scheduled health check for volume org.apache.hadoop.ozone.container.common.volume.HddsVolume@6c4ce583
2019-10-14 11:04:39,387 [main] INFO  impl.RaftServerProxy (ConfUtils.java:logGet(43)) - raft.rpc.type = GRPC (default)
2019-10-14 11:04:39,387 [main] INFO  grpc.GrpcFactory (GrpcFactory.java:checkPooledByteBufAllocatorUseCacheForAllThreads(45)) - PERFORMANCE WARNING: useCacheForAllThreads is true that may cause Netty to create a lot garbage objects and, as a result, trigger GC.
	It is recommended to disable useCacheForAllThreads by setting -Dorg.apache.ratis.thirdparty.io.netty.allocator.useCacheForAllThreads=false in command line.
2019-10-14 11:04:39,387 [main] INFO  grpc.GrpcConfigKeys$Server (ConfUtils.java:logGet(43)) - raft.grpc.server.port = 0 (default)
2019-10-14 11:04:39,388 [main] INFO  server.GrpcService (ConfUtils.java:logGet(43)) - raft.grpc.message.size.max = 33570816 (custom)
2019-10-14 11:04:39,388 [main] INFO  server.RaftServerConfigKeys (ConfUtils.java:logGet(43)) - raft.server.log.appender.buffer.byte-limit = 33554432 (custom)
2019-10-14 11:04:39,388 [main] INFO  server.GrpcService (ConfUtils.java:logGet(43)) - raft.grpc.flow.control.window = 1MB (=1048576) (default)
2019-10-14 11:04:39,388 [main] INFO  server.RaftServerConfigKeys (ConfUtils.java:logGet(43)) - raft.server.rpc.request.timeout = 3000ms (default)
2019-10-14 11:04:39,388 [main] INFO  server.RaftServerConfigKeys (ConfUtils.java:logGet(43)) - raft.server.storage.dir = [/workdir/hadoop-ozone/integration-test/target/test-dir/MiniOzoneClusterImpl-db97c445-3a48-427a-af40-d714fe85aeb9/datanode-4/data/ratis] (custom)
2019-10-14 11:04:39,390 [main] INFO  hdfs.DFSUtil (DFSUtil.java:httpServerTemplateForNNAndJN(1641)) - Starting Web-server for hddsDatanode at: http://0.0.0.0:0
2019-10-14 11:04:39,391 [main] INFO  server.AuthenticationFilter (AuthenticationFilter.java:constructSecretProvider(240)) - Unable to initialize FileSignerSecretProvider, falling back to use random secrets.
2019-10-14 11:04:39,392 [main] WARN  http.HttpRequestLog (HttpRequestLog.java:getRequestLog(97)) - Jetty request log can only be enabled using Log4j
2019-10-14 11:04:39,393 [main] INFO  http.HttpServer2 (HttpServer2.java:addGlobalFilter(975)) - Added global filter 'safety' (class=org.apache.hadoop.http.HttpServer2$QuotingInputFilter)
2019-10-14 11:04:39,394 [main] INFO  http.HttpServer2 (HttpServer2.java:addFilter(948)) - Added filter static_user_filter (class=org.apache.hadoop.http.lib.StaticUserWebFilter$StaticUserFilter) to context hddsDatanode
2019-10-14 11:04:39,394 [main] INFO  http.HttpServer2 (HttpServer2.java:addFilter(958)) - Added filter static_user_filter (class=org.apache.hadoop.http.lib.StaticUserWebFilter$StaticUserFilter) to context logs
2019-10-14 11:04:39,394 [main] INFO  http.HttpServer2 (HttpServer2.java:addFilter(958)) - Added filter static_user_filter (class=org.apache.hadoop.http.lib.StaticUserWebFilter$StaticUserFilter) to context static
2019-10-14 11:04:39,394 [main] INFO  http.HttpServer2 (HttpServer2.java:bindListener(1191)) - Jetty bound to port 36792
2019-10-14 11:04:39,394 [main] INFO  server.Server (Server.java:doStart(351)) - jetty-9.3.25.v20180904, build timestamp: 2018-09-04T21:11:46Z, git hash: 3ce520221d0240229c862b122d2b06c12a625732
2019-10-14 11:04:39,396 [main] INFO  handler.ContextHandler (ContextHandler.java:doStart(781)) - Started o.e.j.s.ServletContextHandler@3a788fe0{/logs,file:///workdir/hadoop-ozone/integration-test/target/log,AVAILABLE}
2019-10-14 11:04:39,396 [main] INFO  handler.ContextHandler (ContextHandler.java:doStart(781)) - Started o.e.j.s.ServletContextHandler@1373e3ee{/static,jar:file:/home/user/.m2/repository/org/apache/hadoop/hadoop-hdds-container-service/0.5.0-SNAPSHOT/hadoop-hdds-container-service-0.5.0-SNAPSHOT.jar!/webapps/static,AVAILABLE}
2019-10-14 11:04:39,422 [main] INFO  handler.ContextHandler (ContextHandler.java:doStart(781)) - Started o.e.j.w.WebAppContext@51e8d066{/,file:///tmp/jetty-0.0.0.0-36792-hddsDatanode-_-any-1068690654940102064.dir/webapp/,AVAILABLE}{/hddsDatanode}
2019-10-14 11:04:39,423 [main] INFO  server.AbstractConnector (AbstractConnector.java:doStart(278)) - Started ServerConnector@5333f08f{HTTP/1.1,[http/1.1]}{0.0.0.0:36792}
2019-10-14 11:04:39,426 [main] INFO  server.Server (Server.java:doStart(419)) - Started @218566ms
2019-10-14 11:04:39,426 [main] WARN  impl.MetricsSystemImpl (MetricsSystemImpl.java:register(276)) - Sink prometheus already exists!
2019-10-14 11:04:39,427 [main] INFO  server.BaseHttpServer (BaseHttpServer.java:updateConnectorAddress(215)) - HTTP server of HDDSDATANODE is listening at http://0.0.0.0:36792
2019-10-14 11:04:39,428 [main] INFO  impl.MetricsSystemImpl (MetricsSystemImpl.java:init(158)) - HddsDatanode metrics system started (again)
2019-10-14 11:04:39,458 [org.apache.hadoop.util.JvmPauseMonitor$Monitor@1d0187b0] INFO  util.JvmPauseMonitor (JvmPauseMonitor.java:run(188)) - Starting JVM pause monitor
2019-10-14 11:04:39,459 [Datanode State Machine Thread - 0] INFO  datanode.InitDatanodeState (InitDatanodeState.java:persistContainerDatanodeDetails(140)) - DatanodeDetails is persisted to /workdir/hadoop-ozone/integration-test/target/test-dir/MiniOzoneClusterImpl-db97c445-3a48-427a-af40-d714fe85aeb9/datanode-4/meta/datanode.id
2019-10-14 11:04:39,460 [main] INFO  ozone.HddsDatanodeService (HddsDatanodeService.java:start(184)) - HddsDatanodeService host:pr-hdds-2196-x574v-1375001003 ip:192.168.151.96
2019-10-14 11:04:39,470 [main] INFO  volume.HddsVolume (HddsVolume.java:<init>(176)) - Creating Volume: /workdir/hadoop-ozone/integration-test/target/test-dir/MiniOzoneClusterImpl-db97c445-3a48-427a-af40-d714fe85aeb9/datanode-5/data/containers/hdds of  storage type : DISK and capacity : 1482555576320
2019-10-14 11:04:39,470 [main] INFO  volume.VolumeSet (VolumeSet.java:initializeVolumeSet(170)) - Added Volume : /workdir/hadoop-ozone/integration-test/target/test-dir/MiniOzoneClusterImpl-db97c445-3a48-427a-af40-d714fe85aeb9/datanode-5/data/containers/hdds to VolumeSet
2019-10-14 11:04:39,471 [main] INFO  volume.ThrottledAsyncChecker (ThrottledAsyncChecker.java:schedule(139)) - Scheduling a check for org.apache.hadoop.ozone.container.common.volume.HddsVolume@57cabdc3
2019-10-14 11:04:39,471 [main] INFO  volume.HddsVolumeChecker (HddsVolumeChecker.java:checkAllVolumes(202)) - Scheduled health check for volume org.apache.hadoop.ozone.container.common.volume.HddsVolume@57cabdc3
2019-10-14 11:04:39,485 [main] INFO  impl.RaftServerProxy (ConfUtils.java:logGet(43)) - raft.rpc.type = GRPC (default)
2019-10-14 11:04:39,485 [main] INFO  grpc.GrpcFactory (GrpcFactory.java:checkPooledByteBufAllocatorUseCacheForAllThreads(45)) - PERFORMANCE WARNING: useCacheForAllThreads is true that may cause Netty to create a lot garbage objects and, as a result, trigger GC.
	It is recommended to disable useCacheForAllThreads by setting -Dorg.apache.ratis.thirdparty.io.netty.allocator.useCacheForAllThreads=false in command line.
2019-10-14 11:04:39,485 [main] INFO  grpc.GrpcConfigKeys$Server (ConfUtils.java:logGet(43)) - raft.grpc.server.port = 0 (default)
2019-10-14 11:04:39,485 [main] INFO  server.GrpcService (ConfUtils.java:logGet(43)) - raft.grpc.message.size.max = 33570816 (custom)
2019-10-14 11:04:39,485 [main] INFO  server.RaftServerConfigKeys (ConfUtils.java:logGet(43)) - raft.server.log.appender.buffer.byte-limit = 33554432 (custom)
2019-10-14 11:04:39,486 [main] INFO  server.GrpcService (ConfUtils.java:logGet(43)) - raft.grpc.flow.control.window = 1MB (=1048576) (default)
2019-10-14 11:04:39,486 [main] INFO  server.RaftServerConfigKeys (ConfUtils.java:logGet(43)) - raft.server.rpc.request.timeout = 3000ms (default)
2019-10-14 11:04:39,486 [main] INFO  server.RaftServerConfigKeys (ConfUtils.java:logGet(43)) - raft.server.storage.dir = [/workdir/hadoop-ozone/integration-test/target/test-dir/MiniOzoneClusterImpl-db97c445-3a48-427a-af40-d714fe85aeb9/datanode-5/data/ratis] (custom)
2019-10-14 11:04:39,487 [main] INFO  hdfs.DFSUtil (DFSUtil.java:httpServerTemplateForNNAndJN(1641)) - Starting Web-server for hddsDatanode at: http://0.0.0.0:0
2019-10-14 11:04:39,489 [main] INFO  server.AuthenticationFilter (AuthenticationFilter.java:constructSecretProvider(240)) - Unable to initialize FileSignerSecretProvider, falling back to use random secrets.
2019-10-14 11:04:39,489 [main] WARN  http.HttpRequestLog (HttpRequestLog.java:getRequestLog(97)) - Jetty request log can only be enabled using Log4j
2019-10-14 11:04:39,490 [main] INFO  http.HttpServer2 (HttpServer2.java:addGlobalFilter(975)) - Added global filter 'safety' (class=org.apache.hadoop.http.HttpServer2$QuotingInputFilter)
2019-10-14 11:04:39,491 [main] INFO  http.HttpServer2 (HttpServer2.java:addFilter(948)) - Added filter static_user_filter (class=org.apache.hadoop.http.lib.StaticUserWebFilter$StaticUserFilter) to context hddsDatanode
2019-10-14 11:04:39,491 [main] INFO  http.HttpServer2 (HttpServer2.java:addFilter(958)) - Added filter static_user_filter (class=org.apache.hadoop.http.lib.StaticUserWebFilter$StaticUserFilter) to context logs
2019-10-14 11:04:39,491 [main] INFO  http.HttpServer2 (HttpServer2.java:addFilter(958)) - Added filter static_user_filter (class=org.apache.hadoop.http.lib.StaticUserWebFilter$StaticUserFilter) to context static
2019-10-14 11:04:39,492 [main] INFO  http.HttpServer2 (HttpServer2.java:bindListener(1191)) - Jetty bound to port 40856
2019-10-14 11:04:39,492 [main] INFO  server.Server (Server.java:doStart(351)) - jetty-9.3.25.v20180904, build timestamp: 2018-09-04T21:11:46Z, git hash: 3ce520221d0240229c862b122d2b06c12a625732
2019-10-14 11:04:39,493 [main] INFO  handler.ContextHandler (ContextHandler.java:doStart(781)) - Started o.e.j.s.ServletContextHandler@37d3e140{/logs,file:///workdir/hadoop-ozone/integration-test/target/log,AVAILABLE}
2019-10-14 11:04:39,494 [main] INFO  handler.ContextHandler (ContextHandler.java:doStart(781)) - Started o.e.j.s.ServletContextHandler@33eb0d4{/static,jar:file:/home/user/.m2/repository/org/apache/hadoop/hadoop-hdds-container-service/0.5.0-SNAPSHOT/hadoop-hdds-container-service-0.5.0-SNAPSHOT.jar!/webapps/static,AVAILABLE}
2019-10-14 11:04:39,520 [main] INFO  handler.ContextHandler (ContextHandler.java:doStart(781)) - Started o.e.j.w.WebAppContext@2d206a71{/,file:///tmp/jetty-0.0.0.0-40856-hddsDatanode-_-any-599010915231179160.dir/webapp/,AVAILABLE}{/hddsDatanode}
2019-10-14 11:04:39,520 [main] INFO  server.AbstractConnector (AbstractConnector.java:doStart(278)) - Started ServerConnector@37e7c4cc{HTTP/1.1,[http/1.1]}{0.0.0.0:40856}
2019-10-14 11:04:39,524 [main] INFO  server.Server (Server.java:doStart(419)) - Started @218663ms
2019-10-14 11:04:39,524 [main] WARN  impl.MetricsSystemImpl (MetricsSystemImpl.java:register(276)) - Sink prometheus already exists!
2019-10-14 11:04:39,525 [main] INFO  server.BaseHttpServer (BaseHttpServer.java:updateConnectorAddress(215)) - HTTP server of HDDSDATANODE is listening at http://0.0.0.0:40856
2019-10-14 11:04:39,525 [main] INFO  impl.MetricsSystemImpl (MetricsSystemImpl.java:init(158)) - HddsDatanode metrics system started (again)
2019-10-14 11:04:39,554 [org.apache.hadoop.util.JvmPauseMonitor$Monitor@15877417] INFO  util.JvmPauseMonitor (JvmPauseMonitor.java:run(188)) - Starting JVM pause monitor
2019-10-14 11:04:39,555 [Datanode State Machine Thread - 0] INFO  datanode.InitDatanodeState (InitDatanodeState.java:persistContainerDatanodeDetails(140)) - DatanodeDetails is persisted to /workdir/hadoop-ozone/integration-test/target/test-dir/MiniOzoneClusterImpl-db97c445-3a48-427a-af40-d714fe85aeb9/datanode-5/meta/datanode.id
2019-10-14 11:04:39,556 [main] INFO  ozone.HddsDatanodeService (HddsDatanodeService.java:start(184)) - HddsDatanodeService host:pr-hdds-2196-x574v-1375001003 ip:192.168.151.96
2019-10-14 11:04:39,568 [main] INFO  volume.HddsVolume (HddsVolume.java:<init>(176)) - Creating Volume: /workdir/hadoop-ozone/integration-test/target/test-dir/MiniOzoneClusterImpl-db97c445-3a48-427a-af40-d714fe85aeb9/datanode-6/data/containers/hdds of  storage type : DISK and capacity : 1482555576320
2019-10-14 11:04:39,569 [main] INFO  volume.VolumeSet (VolumeSet.java:initializeVolumeSet(170)) - Added Volume : /workdir/hadoop-ozone/integration-test/target/test-dir/MiniOzoneClusterImpl-db97c445-3a48-427a-af40-d714fe85aeb9/datanode-6/data/containers/hdds to VolumeSet
2019-10-14 11:04:39,569 [main] INFO  volume.ThrottledAsyncChecker (ThrottledAsyncChecker.java:schedule(139)) - Scheduling a check for org.apache.hadoop.ozone.container.common.volume.HddsVolume@78c74647
2019-10-14 11:04:39,569 [main] INFO  volume.HddsVolumeChecker (HddsVolumeChecker.java:checkAllVolumes(202)) - Scheduled health check for volume org.apache.hadoop.ozone.container.common.volume.HddsVolume@78c74647
2019-10-14 11:04:39,585 [main] INFO  impl.RaftServerProxy (ConfUtils.java:logGet(43)) - raft.rpc.type = GRPC (default)
2019-10-14 11:04:39,585 [main] INFO  grpc.GrpcFactory (GrpcFactory.java:checkPooledByteBufAllocatorUseCacheForAllThreads(45)) - PERFORMANCE WARNING: useCacheForAllThreads is true that may cause Netty to create a lot garbage objects and, as a result, trigger GC.
	It is recommended to disable useCacheForAllThreads by setting -Dorg.apache.ratis.thirdparty.io.netty.allocator.useCacheForAllThreads=false in command line.
2019-10-14 11:04:39,585 [main] INFO  grpc.GrpcConfigKeys$Server (ConfUtils.java:logGet(43)) - raft.grpc.server.port = 0 (default)
2019-10-14 11:04:39,585 [main] INFO  server.GrpcService (ConfUtils.java:logGet(43)) - raft.grpc.message.size.max = 33570816 (custom)
2019-10-14 11:04:39,585 [main] INFO  server.RaftServerConfigKeys (ConfUtils.java:logGet(43)) - raft.server.log.appender.buffer.byte-limit = 33554432 (custom)
2019-10-14 11:04:39,586 [main] INFO  server.GrpcService (ConfUtils.java:logGet(43)) - raft.grpc.flow.control.window = 1MB (=1048576) (default)
2019-10-14 11:04:39,586 [main] INFO  server.RaftServerConfigKeys (ConfUtils.java:logGet(43)) - raft.server.rpc.request.timeout = 3000ms (default)
2019-10-14 11:04:39,586 [main] INFO  server.RaftServerConfigKeys (ConfUtils.java:logGet(43)) - raft.server.storage.dir = [/workdir/hadoop-ozone/integration-test/target/test-dir/MiniOzoneClusterImpl-db97c445-3a48-427a-af40-d714fe85aeb9/datanode-6/data/ratis] (custom)
2019-10-14 11:04:39,587 [main] INFO  hdfs.DFSUtil (DFSUtil.java:httpServerTemplateForNNAndJN(1641)) - Starting Web-server for hddsDatanode at: http://0.0.0.0:0
2019-10-14 11:04:39,589 [main] INFO  server.AuthenticationFilter (AuthenticationFilter.java:constructSecretProvider(240)) - Unable to initialize FileSignerSecretProvider, falling back to use random secrets.
2019-10-14 11:04:39,589 [main] WARN  http.HttpRequestLog (HttpRequestLog.java:getRequestLog(97)) - Jetty request log can only be enabled using Log4j
2019-10-14 11:04:39,590 [main] INFO  http.HttpServer2 (HttpServer2.java:addGlobalFilter(975)) - Added global filter 'safety' (class=org.apache.hadoop.http.HttpServer2$QuotingInputFilter)
2019-10-14 11:04:39,591 [main] INFO  http.HttpServer2 (HttpServer2.java:addFilter(948)) - Added filter static_user_filter (class=org.apache.hadoop.http.lib.StaticUserWebFilter$StaticUserFilter) to context hddsDatanode
2019-10-14 11:04:39,591 [main] INFO  http.HttpServer2 (HttpServer2.java:addFilter(958)) - Added filter static_user_filter (class=org.apache.hadoop.http.lib.StaticUserWebFilter$StaticUserFilter) to context static
2019-10-14 11:04:39,591 [main] INFO  http.HttpServer2 (HttpServer2.java:addFilter(958)) - Added filter static_user_filter (class=org.apache.hadoop.http.lib.StaticUserWebFilter$StaticUserFilter) to context logs
2019-10-14 11:04:39,592 [main] INFO  http.HttpServer2 (HttpServer2.java:bindListener(1191)) - Jetty bound to port 45114
2019-10-14 11:04:39,592 [main] INFO  server.Server (Server.java:doStart(351)) - jetty-9.3.25.v20180904, build timestamp: 2018-09-04T21:11:46Z, git hash: 3ce520221d0240229c862b122d2b06c12a625732
2019-10-14 11:04:39,593 [main] INFO  handler.ContextHandler (ContextHandler.java:doStart(781)) - Started o.e.j.s.ServletContextHandler@624b3544{/logs,file:///workdir/hadoop-ozone/integration-test/target/log,AVAILABLE}
2019-10-14 11:04:39,593 [main] INFO  handler.ContextHandler (ContextHandler.java:doStart(781)) - Started o.e.j.s.ServletContextHandler@2c9fdb64{/static,jar:file:/home/user/.m2/repository/org/apache/hadoop/hadoop-hdds-container-service/0.5.0-SNAPSHOT/hadoop-hdds-container-service-0.5.0-SNAPSHOT.jar!/webapps/static,AVAILABLE}
2019-10-14 11:04:39,622 [main] INFO  handler.ContextHandler (ContextHandler.java:doStart(781)) - Started o.e.j.w.WebAppContext@6238d5e0{/,file:///tmp/jetty-0.0.0.0-45114-hddsDatanode-_-any-7724764668518031788.dir/webapp/,AVAILABLE}{/hddsDatanode}
2019-10-14 11:04:39,623 [main] INFO  server.AbstractConnector (AbstractConnector.java:doStart(278)) - Started ServerConnector@336f49a1{HTTP/1.1,[http/1.1]}{0.0.0.0:45114}
2019-10-14 11:04:39,626 [main] INFO  server.Server (Server.java:doStart(419)) - Started @218766ms
2019-10-14 11:04:39,626 [main] WARN  impl.MetricsSystemImpl (MetricsSystemImpl.java:register(276)) - Sink prometheus already exists!
2019-10-14 11:04:39,627 [main] INFO  server.BaseHttpServer (BaseHttpServer.java:updateConnectorAddress(215)) - HTTP server of HDDSDATANODE is listening at http://0.0.0.0:45114
2019-10-14 11:04:39,628 [main] INFO  ozone.MiniOzoneClusterImpl (MiniOzoneClusterImpl.java:lambda$waitForClusterToBeReady$0(147)) - Waiting for cluster to be ready. Got 0 of 7 DN Heartbeats.
2019-10-14 11:04:39,628 [org.apache.hadoop.util.JvmPauseMonitor$Monitor@2c33f7f8] INFO  util.JvmPauseMonitor (JvmPauseMonitor.java:run(188)) - Starting JVM pause monitor
2019-10-14 11:04:39,630 [Datanode State Machine Thread - 0] INFO  datanode.InitDatanodeState (InitDatanodeState.java:persistContainerDatanodeDetails(140)) - DatanodeDetails is persisted to /workdir/hadoop-ozone/integration-test/target/test-dir/MiniOzoneClusterImpl-db97c445-3a48-427a-af40-d714fe85aeb9/datanode-6/meta/datanode.id
2019-10-14 11:04:40,628 [main] INFO  ozone.MiniOzoneClusterImpl (MiniOzoneClusterImpl.java:lambda$waitForClusterToBeReady$0(147)) - Waiting for cluster to be ready. Got 0 of 7 DN Heartbeats.
2019-10-14 11:04:41,094 [Datanode State Machine Thread - 0] INFO  ozoneimpl.OzoneContainer (OzoneContainer.java:start(217)) - Attempting to start container services.
2019-10-14 11:04:41,094 [Datanode State Machine Thread - 0] INFO  ozoneimpl.OzoneContainer (OzoneContainer.java:startContainerScrub(179)) - Background container scanner has been disabled.
2019-10-14 11:04:41,095 [Datanode State Machine Thread - 0] INFO  ratis.XceiverServerRatis (XceiverServerRatis.java:start(417)) - Starting XceiverServerRatis 3ba1fc0d-56df-4e15-a330-3914602d5a0a at port 0
2019-10-14 11:04:41,100 [Datanode State Machine Thread - 0] INFO  impl.RaftServerProxy (RaftServerProxy.java:lambda$start$3(299)) - 3ba1fc0d-56df-4e15-a330-3914602d5a0a: start RPC server
2019-10-14 11:04:41,101 [Datanode State Machine Thread - 0] INFO  server.GrpcService (GrpcService.java:startImpl(158)) - 3ba1fc0d-56df-4e15-a330-3914602d5a0a: GrpcService started, listening on 0.0.0.0/0.0.0.0:46171
2019-10-14 11:04:41,101 [Datanode State Machine Thread - 0] INFO  ratis.XceiverServerRatis (XceiverServerRatis.java:start(427)) - XceiverServerRatis 3ba1fc0d-56df-4e15-a330-3914602d5a0a is started using port 46171
2019-10-14 11:04:41,101 [Datanode State Machine Thread - 0] INFO  server.XceiverServerGrpc (XceiverServerGrpc.java:start(149)) - XceiverServerGrpc 3ba1fc0d-56df-4e15-a330-3914602d5a0a is started using port 43794
2019-10-14 11:04:41,161 [Datanode State Machine Thread - 0] INFO  ozoneimpl.OzoneContainer (OzoneContainer.java:start(217)) - Attempting to start container services.
2019-10-14 11:04:41,161 [Datanode State Machine Thread - 0] INFO  ozoneimpl.OzoneContainer (OzoneContainer.java:startContainerScrub(179)) - Background container scanner has been disabled.
2019-10-14 11:04:41,161 [Datanode State Machine Thread - 0] INFO  ratis.XceiverServerRatis (XceiverServerRatis.java:start(417)) - Starting XceiverServerRatis 1dac4e55-0211-4f38-bdea-c52596ea96b1 at port 0
2019-10-14 11:04:41,166 [Datanode State Machine Thread - 0] INFO  impl.RaftServerProxy (RaftServerProxy.java:lambda$start$3(299)) - 1dac4e55-0211-4f38-bdea-c52596ea96b1: start RPC server
2019-10-14 11:04:41,167 [Datanode State Machine Thread - 0] INFO  server.GrpcService (GrpcService.java:startImpl(158)) - 1dac4e55-0211-4f38-bdea-c52596ea96b1: GrpcService started, listening on 0.0.0.0/0.0.0.0:37692
2019-10-14 11:04:41,167 [Datanode State Machine Thread - 0] INFO  ratis.XceiverServerRatis (XceiverServerRatis.java:start(427)) - XceiverServerRatis 1dac4e55-0211-4f38-bdea-c52596ea96b1 is started using port 37692
2019-10-14 11:04:41,167 [Datanode State Machine Thread - 0] INFO  server.XceiverServerGrpc (XceiverServerGrpc.java:start(149)) - XceiverServerGrpc 1dac4e55-0211-4f38-bdea-c52596ea96b1 is started using port 45104
2019-10-14 11:04:41,267 [Datanode State Machine Thread - 0] INFO  ozoneimpl.OzoneContainer (OzoneContainer.java:start(217)) - Attempting to start container services.
2019-10-14 11:04:41,268 [Datanode State Machine Thread - 0] INFO  ozoneimpl.OzoneContainer (OzoneContainer.java:startContainerScrub(179)) - Background container scanner has been disabled.
2019-10-14 11:04:41,268 [Datanode State Machine Thread - 0] INFO  ratis.XceiverServerRatis (XceiverServerRatis.java:start(417)) - Starting XceiverServerRatis 821904a1-ff9d-4afb-845f-01206dcc5c64 at port 0
2019-10-14 11:04:41,272 [Datanode State Machine Thread - 0] INFO  impl.RaftServerProxy (RaftServerProxy.java:lambda$start$3(299)) - 821904a1-ff9d-4afb-845f-01206dcc5c64: start RPC server
2019-10-14 11:04:41,272 [Datanode State Machine Thread - 0] INFO  server.GrpcService (GrpcService.java:startImpl(158)) - 821904a1-ff9d-4afb-845f-01206dcc5c64: GrpcService started, listening on 0.0.0.0/0.0.0.0:36203
2019-10-14 11:04:41,272 [Datanode State Machine Thread - 0] INFO  ratis.XceiverServerRatis (XceiverServerRatis.java:start(427)) - XceiverServerRatis 821904a1-ff9d-4afb-845f-01206dcc5c64 is started using port 36203
2019-10-14 11:04:41,273 [Datanode State Machine Thread - 0] INFO  server.XceiverServerGrpc (XceiverServerGrpc.java:start(149)) - XceiverServerGrpc 821904a1-ff9d-4afb-845f-01206dcc5c64 is started using port 41716
2019-10-14 11:04:41,379 [Datanode State Machine Thread - 0] INFO  ozoneimpl.OzoneContainer (OzoneContainer.java:start(217)) - Attempting to start container services.
2019-10-14 11:04:41,379 [Datanode State Machine Thread - 0] INFO  ozoneimpl.OzoneContainer (OzoneContainer.java:startContainerScrub(179)) - Background container scanner has been disabled.
2019-10-14 11:04:41,379 [Datanode State Machine Thread - 0] INFO  ratis.XceiverServerRatis (XceiverServerRatis.java:start(417)) - Starting XceiverServerRatis 906faec9-e6d3-4a5c-aa74-a2949492db4a at port 0
2019-10-14 11:04:41,384 [Datanode State Machine Thread - 0] INFO  impl.RaftServerProxy (RaftServerProxy.java:lambda$start$3(299)) - 906faec9-e6d3-4a5c-aa74-a2949492db4a: start RPC server
2019-10-14 11:04:41,384 [Datanode State Machine Thread - 0] INFO  server.GrpcService (GrpcService.java:startImpl(158)) - 906faec9-e6d3-4a5c-aa74-a2949492db4a: GrpcService started, listening on 0.0.0.0/0.0.0.0:38037
2019-10-14 11:04:41,384 [Datanode State Machine Thread - 0] INFO  ratis.XceiverServerRatis (XceiverServerRatis.java:start(427)) - XceiverServerRatis 906faec9-e6d3-4a5c-aa74-a2949492db4a is started using port 38037
2019-10-14 11:04:41,385 [Datanode State Machine Thread - 0] INFO  server.XceiverServerGrpc (XceiverServerGrpc.java:start(149)) - XceiverServerGrpc 906faec9-e6d3-4a5c-aa74-a2949492db4a is started using port 43506
2019-10-14 11:04:41,474 [Datanode State Machine Thread - 0] INFO  ozoneimpl.OzoneContainer (OzoneContainer.java:start(217)) - Attempting to start container services.
2019-10-14 11:04:41,474 [Datanode State Machine Thread - 0] INFO  ozoneimpl.OzoneContainer (OzoneContainer.java:startContainerScrub(179)) - Background container scanner has been disabled.
2019-10-14 11:04:41,474 [Datanode State Machine Thread - 0] INFO  ratis.XceiverServerRatis (XceiverServerRatis.java:start(417)) - Starting XceiverServerRatis 2ad226cf-a5be-4e47-b5d8-e79e4a936f3f at port 0
2019-10-14 11:04:41,480 [Datanode State Machine Thread - 0] INFO  impl.RaftServerProxy (RaftServerProxy.java:lambda$start$3(299)) - 2ad226cf-a5be-4e47-b5d8-e79e4a936f3f: start RPC server
2019-10-14 11:04:41,480 [Datanode State Machine Thread - 0] INFO  server.GrpcService (GrpcService.java:startImpl(158)) - 2ad226cf-a5be-4e47-b5d8-e79e4a936f3f: GrpcService started, listening on 0.0.0.0/0.0.0.0:33887
2019-10-14 11:04:41,480 [Datanode State Machine Thread - 0] INFO  ratis.XceiverServerRatis (XceiverServerRatis.java:start(427)) - XceiverServerRatis 2ad226cf-a5be-4e47-b5d8-e79e4a936f3f is started using port 33887
2019-10-14 11:04:41,481 [Datanode State Machine Thread - 0] INFO  server.XceiverServerGrpc (XceiverServerGrpc.java:start(149)) - XceiverServerGrpc 2ad226cf-a5be-4e47-b5d8-e79e4a936f3f is started using port 43819
2019-10-14 11:04:41,564 [Datanode State Machine Thread - 0] INFO  ozoneimpl.OzoneContainer (OzoneContainer.java:start(217)) - Attempting to start container services.
2019-10-14 11:04:41,564 [Datanode State Machine Thread - 0] INFO  ozoneimpl.OzoneContainer (OzoneContainer.java:startContainerScrub(179)) - Background container scanner has been disabled.
2019-10-14 11:04:41,564 [Datanode State Machine Thread - 0] INFO  ratis.XceiverServerRatis (XceiverServerRatis.java:start(417)) - Starting XceiverServerRatis 28a12880-bb8f-4540-bfd7-792cf915abcd at port 0
2019-10-14 11:04:41,571 [Datanode State Machine Thread - 0] INFO  impl.RaftServerProxy (RaftServerProxy.java:lambda$start$3(299)) - 28a12880-bb8f-4540-bfd7-792cf915abcd: start RPC server
2019-10-14 11:04:41,575 [Datanode State Machine Thread - 0] INFO  server.GrpcService (GrpcService.java:startImpl(158)) - 28a12880-bb8f-4540-bfd7-792cf915abcd: GrpcService started, listening on 0.0.0.0/0.0.0.0:39235
2019-10-14 11:04:41,575 [Datanode State Machine Thread - 0] INFO  ratis.XceiverServerRatis (XceiverServerRatis.java:start(427)) - XceiverServerRatis 28a12880-bb8f-4540-bfd7-792cf915abcd is started using port 39235
2019-10-14 11:04:41,576 [Datanode State Machine Thread - 0] INFO  server.XceiverServerGrpc (XceiverServerGrpc.java:start(149)) - XceiverServerGrpc 28a12880-bb8f-4540-bfd7-792cf915abcd is started using port 37861
2019-10-14 11:04:41,629 [main] INFO  ozone.MiniOzoneClusterImpl (MiniOzoneClusterImpl.java:lambda$waitForClusterToBeReady$0(147)) - Waiting for cluster to be ready. Got 0 of 7 DN Heartbeats.
2019-10-14 11:04:41,634 [Datanode State Machine Thread - 0] INFO  ozoneimpl.OzoneContainer (OzoneContainer.java:start(217)) - Attempting to start container services.
2019-10-14 11:04:41,634 [Datanode State Machine Thread - 0] INFO  ozoneimpl.OzoneContainer (OzoneContainer.java:startContainerScrub(179)) - Background container scanner has been disabled.
2019-10-14 11:04:41,634 [Datanode State Machine Thread - 0] INFO  ratis.XceiverServerRatis (XceiverServerRatis.java:start(417)) - Starting XceiverServerRatis f4228a15-deb6-4b90-8db6-e06a11acf097 at port 0
2019-10-14 11:04:41,638 [Datanode State Machine Thread - 0] INFO  impl.RaftServerProxy (RaftServerProxy.java:lambda$start$3(299)) - f4228a15-deb6-4b90-8db6-e06a11acf097: start RPC server
2019-10-14 11:04:41,639 [Datanode State Machine Thread - 0] INFO  server.GrpcService (GrpcService.java:startImpl(158)) - f4228a15-deb6-4b90-8db6-e06a11acf097: GrpcService started, listening on 0.0.0.0/0.0.0.0:46197
2019-10-14 11:04:41,639 [Datanode State Machine Thread - 0] INFO  ratis.XceiverServerRatis (XceiverServerRatis.java:start(427)) - XceiverServerRatis f4228a15-deb6-4b90-8db6-e06a11acf097 is started using port 46197
2019-10-14 11:04:41,639 [Datanode State Machine Thread - 0] INFO  server.XceiverServerGrpc (XceiverServerGrpc.java:start(149)) - XceiverServerGrpc f4228a15-deb6-4b90-8db6-e06a11acf097 is started using port 38748
2019-10-14 11:04:42,629 [main] INFO  ozone.MiniOzoneClusterImpl (MiniOzoneClusterImpl.java:lambda$waitForClusterToBeReady$0(147)) - Waiting for cluster to be ready. Got 0 of 7 DN Heartbeats.
2019-10-14 11:04:43,033 [IPC Server handler 6 on 43954] INFO  net.NetworkTopology (NetworkTopologyImpl.java:add(111)) - Added a new node: /default-rack/3ba1fc0d-56df-4e15-a330-3914602d5a0a
2019-10-14 11:04:43,037 [IPC Server handler 6 on 43954] INFO  node.SCMNodeManager (SCMNodeManager.java:register(313)) - Registered Data node : 3ba1fc0d-56df-4e15-a330-3914602d5a0a{ip: 192.168.151.96, host: pr-hdds-2196-x574v-1375001003, networkLocation: /default-rack, certSerialId: null}
2019-10-14 11:04:43,037 [EventQueue-NodeRegistrationContainerReportForDataNodeSafeModeRule] INFO  safemode.SCMSafeModeManager (DataNodeSafeModeRule.java:process(71)) - SCM in safe mode. 1 DataNodes registered, 1 required.
2019-10-14 11:04:43,040 [EventQueue-NodeRegistrationContainerReportForContainerSafeModeRule] INFO  safemode.SCMSafeModeManager (SCMSafeModeManager.java:validateSafeModeExitRules(177)) - ScmSafeModeManager, all rules are successfully validated
2019-10-14 11:04:43,041 [EventQueue-NodeRegistrationContainerReportForContainerSafeModeRule] INFO  safemode.SCMSafeModeManager (SCMSafeModeManager.java:exitSafeMode(193)) - SCM exiting safe mode.
2019-10-14 11:04:43,051 [grpc-default-executor-8] INFO  impl.RaftServerProxy (RaftServerProxy.java:addNew(89)) - 3ba1fc0d-56df-4e15-a330-3914602d5a0a: addNew group-018613A85B52:[3ba1fc0d-56df-4e15-a330-3914602d5a0a:192.168.151.96:46171] returns group-018613A85B52:java.util.concurrent.CompletableFuture@78d8f162[Not completed]
2019-10-14 11:04:43,053 [pool-383-thread-1] INFO  impl.RaftServerImpl (RaftServerImpl.java:<init>(95)) - 3ba1fc0d-56df-4e15-a330-3914602d5a0a: new RaftServerImpl for group-018613A85B52:[3ba1fc0d-56df-4e15-a330-3914602d5a0a:192.168.151.96:46171] with ContainerStateMachine:uninitialized
2019-10-14 11:04:43,053 [pool-383-thread-1] INFO  server.RaftServerConfigKeys (ConfUtils.java:logGet(43)) - raft.server.rpc.timeout.min = 5s (custom)
2019-10-14 11:04:43,053 [pool-383-thread-1] INFO  server.RaftServerConfigKeys (ConfUtils.java:logGet(43)) - raft.server.rpc.timeout.max = 5200ms (custom)
2019-10-14 11:04:43,053 [pool-383-thread-1] INFO  server.RaftServerConfigKeys (ConfUtils.java:logGet(43)) - raft.server.rpcslowness.timeout = 120s (custom)
2019-10-14 11:04:43,053 [pool-383-thread-1] INFO  server.RaftServerConfigKeys (ConfUtils.java:logGet(43)) - raft.server.sleep.deviation.threshold = 300 (default)
2019-10-14 11:04:43,053 [pool-383-thread-1] INFO  server.RaftServerConfigKeys (ConfUtils.java:logGet(43)) - raft.server.log.appender.install.snapshot.enabled = false (custom)
2019-10-14 11:04:43,053 [pool-383-thread-1] INFO  impl.RaftServerImpl (ServerState.java:<init>(103)) - 3ba1fc0d-56df-4e15-a330-3914602d5a0a@group-018613A85B52: ConfigurationManager, init=-1: [3ba1fc0d-56df-4e15-a330-3914602d5a0a:192.168.151.96:46171], old=null, confs=<EMPTY_MAP>
2019-10-14 11:04:43,053 [pool-383-thread-1] INFO  server.RaftServerConfigKeys (ConfUtils.java:logGet(43)) - raft.server.storage.dir = [/workdir/hadoop-ozone/integration-test/target/test-dir/MiniOzoneClusterImpl-db97c445-3a48-427a-af40-d714fe85aeb9/datanode-0/data/ratis] (custom)
2019-10-14 11:04:43,054 [pool-383-thread-1] INFO  server.RaftServerConfigKeys (ConfUtils.java:logGet(43)) - raft.server.log.corruption.policy = EXCEPTION (default)
2019-10-14 11:04:43,054 [pool-383-thread-1] INFO  storage.RaftStorageDirectory (RaftStorageDirectory.java:analyzeStorage(246)) - The storage directory /workdir/hadoop-ozone/integration-test/target/test-dir/MiniOzoneClusterImpl-db97c445-3a48-427a-af40-d714fe85aeb9/datanode-0/data/ratis/15cf5cd6-71e7-43f0-9ddc-018613a85b52 does not exist. Creating ...
2019-10-14 11:04:43,068 [pool-383-thread-1] INFO  storage.RaftStorageDirectory (RaftStorageDirectory.java:tryLock(328)) - Lock on /workdir/hadoop-ozone/integration-test/target/test-dir/MiniOzoneClusterImpl-db97c445-3a48-427a-af40-d714fe85aeb9/datanode-0/data/ratis/15cf5cd6-71e7-43f0-9ddc-018613a85b52/in_use.lock acquired by nodename 13552@pr-hdds-2196-x574v-1375001003
2019-10-14 11:04:43,081 [pool-383-thread-1] INFO  storage.RaftStorage (RaftStorage.java:format(84)) - Storage directory /workdir/hadoop-ozone/integration-test/target/test-dir/MiniOzoneClusterImpl-db97c445-3a48-427a-af40-d714fe85aeb9/datanode-0/data/ratis/15cf5cd6-71e7-43f0-9ddc-018613a85b52 has been successfully formatted.
2019-10-14 11:04:43,081 [pool-383-thread-1] INFO  ratis.ContainerStateMachine (ContainerStateMachine.java:loadSnapshot(230)) - group-018613A85B52: The snapshot info is null. Setting the last applied indexto:(t:0, i:~)
2019-10-14 11:04:43,082 [pool-383-thread-1] INFO  server.RaftServerConfigKeys (ConfUtils.java:logGet(43)) - raft.server.notification.no-leader.timeout = 120s (custom)
2019-10-14 11:04:43,082 [pool-383-thread-1] INFO  server.RaftServerConfigKeys (ConfUtils.java:logGet(43)) - raft.server.log.use.memory = false (default)
2019-10-14 11:04:43,082 [pool-383-thread-1] INFO  server.RaftServerConfigKeys (ConfUtils.java:logGet(43)) - raft.server.log.purge.gap = 1000000 (custom)
2019-10-14 11:04:43,082 [pool-383-thread-1] INFO  server.RaftServerConfigKeys (ConfUtils.java:logGet(43)) - raft.server.log.appender.buffer.byte-limit = 33554432 (custom)
2019-10-14 11:04:43,082 [pool-383-thread-1] INFO  server.RaftServerConfigKeys (ConfUtils.java:logGet(43)) - raft.server.log.segment.size.max = 1048576 (custom)
2019-10-14 11:04:43,084 [pool-383-thread-1] INFO  server.RaftServerConfigKeys (ConfUtils.java:logGet(43)) - raft.server.log.segment.cache.num.max = 2 (custom)
2019-10-14 11:04:43,084 [pool-383-thread-1] INFO  segmented.SegmentedRaftLogWorker (SegmentedRaftLogWorker.java:<init>(173)) - new 3ba1fc0d-56df-4e15-a330-3914602d5a0a@group-018613A85B52-SegmentedRaftLogWorker for RaftStorage:Storage Directory /workdir/hadoop-ozone/integration-test/target/test-dir/MiniOzoneClusterImpl-db97c445-3a48-427a-af40-d714fe85aeb9/datanode-0/data/ratis/15cf5cd6-71e7-43f0-9ddc-018613a85b52
2019-10-14 11:04:43,084 [pool-383-thread-1] INFO  server.RaftServerConfigKeys (ConfUtils.java:logGet(43)) - raft.server.log.queue.byte-limit = 2147483647 (custom)
2019-10-14 11:04:43,084 [pool-383-thread-1] INFO  server.RaftServerConfigKeys (ConfUtils.java:logGet(43)) - raft.server.log.queue.element-limit = 1024 (custom)
2019-10-14 11:04:43,084 [pool-383-thread-1] INFO  server.RaftServerConfigKeys (ConfUtils.java:logGet(43)) - raft.server.log.segment.size.max = 1048576 (custom)
2019-10-14 11:04:43,084 [pool-383-thread-1] INFO  server.RaftServerConfigKeys (ConfUtils.java:logGet(43)) - raft.server.log.preallocated.size = 16384 (custom)
2019-10-14 11:04:43,084 [pool-383-thread-1] INFO  server.RaftServerConfigKeys (ConfUtils.java:logGet(43)) - raft.server.log.write.buffer.size = 33554432 (custom)
2019-10-14 11:04:43,085 [pool-383-thread-1] INFO  server.RaftServerConfigKeys (ConfUtils.java:logGet(43)) - raft.server.log.force.sync.num = 128 (default)
2019-10-14 11:04:43,085 [pool-383-thread-1] INFO  server.RaftServerConfigKeys (ConfUtils.java:logGet(43)) - raft.server.log.statemachine.data.sync = true (default)
2019-10-14 11:04:43,085 [pool-383-thread-1] INFO  server.RaftServerConfigKeys (ConfUtils.java:logGet(43)) - raft.server.log.statemachine.data.sync.timeout = 10s (default)
2019-10-14 11:04:43,085 [pool-383-thread-1] INFO  server.RaftServerConfigKeys (ConfUtils.java:logGet(43)) - raft.server.log.statemachine.data.sync.timeout.retry = -1 (default)
2019-10-14 11:04:43,085 [pool-383-thread-1] INFO  server.RaftServerConfigKeys (ConfUtils.java:logGet(43)) - raft.server.log.statemachine.data.caching.enabled = true (custom)
2019-10-14 11:04:43,085 [pool-383-thread-1] INFO  segmented.SegmentedRaftLogWorker (SegmentedRaftLogWorker.java:lambda$new$0(128)) - 3ba1fc0d-56df-4e15-a330-3914602d5a0a@group-018613A85B52-SegmentedRaftLogWorker: flushIndex: setUnconditionally 0 -> -1
2019-10-14 11:04:43,086 [pool-383-thread-1] INFO  server.RaftServerConfigKeys (ConfUtils.java:logGet(43)) - raft.server.snapshot.auto.trigger.enabled = true (custom)
2019-10-14 11:04:43,086 [pool-383-thread-1] INFO  server.RaftServerConfigKeys (ConfUtils.java:logGet(43)) - raft.server.snapshot.auto.trigger.threshold = 10000 (custom)
2019-10-14 11:04:43,086 [pool-383-thread-1] INFO  server.RaftServerConfigKeys (ConfUtils.java:logGet(43)) - raft.server.snapshot.retention.file.num = 5 (custom)
2019-10-14 11:04:43,086 [pool-383-thread-1] INFO  server.RaftServerConfigKeys (ConfUtils.java:logGet(43)) - raft.server.retrycache.expirytime = 600000ms (custom)
2019-10-14 11:04:43,087 [pool-383-thread-1] INFO  impl.RaftServerImpl (RaftServerImpl.java:start(181)) - 3ba1fc0d-56df-4e15-a330-3914602d5a0a@group-018613A85B52: start as a follower, conf=-1: [3ba1fc0d-56df-4e15-a330-3914602d5a0a:192.168.151.96:46171], old=null
2019-10-14 11:04:43,087 [pool-383-thread-1] INFO  impl.RaftServerImpl (RaftServerImpl.java:setRole(170)) - 3ba1fc0d-56df-4e15-a330-3914602d5a0a@group-018613A85B52: changes role from      null to FOLLOWER at term 0 for startAsFollower
2019-10-14 11:04:43,087 [pool-383-thread-1] INFO  impl.RoleInfo (RoleInfo.java:updateAndGet(143)) - 3ba1fc0d-56df-4e15-a330-3914602d5a0a: start FollowerState
2019-10-14 11:04:43,087 [pool-383-thread-1] INFO  util.JmxRegister (JmxRegister.java:tryRegister(44)) - Successfully registered JMX Bean with object name Ratis:service=RaftServer,group=group-018613A85B52,id=3ba1fc0d-56df-4e15-a330-3914602d5a0a
2019-10-14 11:04:43,091 [RatisPipelineUtilsThread] INFO  pipeline.PipelineStateManager (PipelineStateManager.java:addPipeline(56)) - Created pipeline Pipeline[ Id: 15cf5cd6-71e7-43f0-9ddc-018613a85b52, Nodes: 3ba1fc0d-56df-4e15-a330-3914602d5a0a{ip: 192.168.151.96, host: pr-hdds-2196-x574v-1375001003, networkLocation: /default-rack, certSerialId: null}, Type:RATIS, Factor:ONE, State:OPEN]
2019-10-14 11:04:43,153 [IPC Server handler 0 on 43954] INFO  net.NetworkTopology (NetworkTopologyImpl.java:add(111)) - Added a new node: /default-rack/1dac4e55-0211-4f38-bdea-c52596ea96b1
2019-10-14 11:04:43,154 [IPC Server handler 0 on 43954] INFO  node.SCMNodeManager (SCMNodeManager.java:register(313)) - Registered Data node : 1dac4e55-0211-4f38-bdea-c52596ea96b1{ip: 192.168.151.96, host: pr-hdds-2196-x574v-1375001003, networkLocation: /default-rack, certSerialId: null}
2019-10-14 11:04:43,164 [grpc-default-executor-8] INFO  impl.RaftServerProxy (RaftServerProxy.java:addNew(89)) - 1dac4e55-0211-4f38-bdea-c52596ea96b1: addNew group-60FC2B3BB85E:[1dac4e55-0211-4f38-bdea-c52596ea96b1:192.168.151.96:37692] returns group-60FC2B3BB85E:java.util.concurrent.CompletableFuture@132b3384[Not completed]
2019-10-14 11:04:43,165 [pool-393-thread-1] INFO  impl.RaftServerImpl (RaftServerImpl.java:<init>(95)) - 1dac4e55-0211-4f38-bdea-c52596ea96b1: new RaftServerImpl for group-60FC2B3BB85E:[1dac4e55-0211-4f38-bdea-c52596ea96b1:192.168.151.96:37692] with ContainerStateMachine:uninitialized
2019-10-14 11:04:43,165 [pool-393-thread-1] INFO  server.RaftServerConfigKeys (ConfUtils.java:logGet(43)) - raft.server.rpc.timeout.min = 5s (custom)
2019-10-14 11:04:43,165 [pool-393-thread-1] INFO  server.RaftServerConfigKeys (ConfUtils.java:logGet(43)) - raft.server.rpc.timeout.max = 5200ms (custom)
2019-10-14 11:04:43,165 [pool-393-thread-1] INFO  server.RaftServerConfigKeys (ConfUtils.java:logGet(43)) - raft.server.rpcslowness.timeout = 120s (custom)
2019-10-14 11:04:43,165 [pool-393-thread-1] INFO  server.RaftServerConfigKeys (ConfUtils.java:logGet(43)) - raft.server.sleep.deviation.threshold = 300 (default)
2019-10-14 11:04:43,165 [pool-393-thread-1] INFO  server.RaftServerConfigKeys (ConfUtils.java:logGet(43)) - raft.server.log.appender.install.snapshot.enabled = false (custom)
2019-10-14 11:04:43,165 [pool-393-thread-1] INFO  impl.RaftServerImpl (ServerState.java:<init>(103)) - 1dac4e55-0211-4f38-bdea-c52596ea96b1@group-60FC2B3BB85E: ConfigurationManager, init=-1: [1dac4e55-0211-4f38-bdea-c52596ea96b1:192.168.151.96:37692], old=null, confs=<EMPTY_MAP>
2019-10-14 11:04:43,166 [pool-393-thread-1] INFO  server.RaftServerConfigKeys (ConfUtils.java:logGet(43)) - raft.server.storage.dir = [/workdir/hadoop-ozone/integration-test/target/test-dir/MiniOzoneClusterImpl-db97c445-3a48-427a-af40-d714fe85aeb9/datanode-1/data/ratis] (custom)
2019-10-14 11:04:43,166 [pool-393-thread-1] INFO  server.RaftServerConfigKeys (ConfUtils.java:logGet(43)) - raft.server.log.corruption.policy = EXCEPTION (default)
2019-10-14 11:04:43,166 [pool-393-thread-1] INFO  storage.RaftStorageDirectory (RaftStorageDirectory.java:analyzeStorage(246)) - The storage directory /workdir/hadoop-ozone/integration-test/target/test-dir/MiniOzoneClusterImpl-db97c445-3a48-427a-af40-d714fe85aeb9/datanode-1/data/ratis/09e8e568-b3c2-4579-8703-60fc2b3bb85e does not exist. Creating ...
2019-10-14 11:04:43,179 [pool-393-thread-1] INFO  storage.RaftStorageDirectory (RaftStorageDirectory.java:tryLock(328)) - Lock on /workdir/hadoop-ozone/integration-test/target/test-dir/MiniOzoneClusterImpl-db97c445-3a48-427a-af40-d714fe85aeb9/datanode-1/data/ratis/09e8e568-b3c2-4579-8703-60fc2b3bb85e/in_use.lock acquired by nodename 13552@pr-hdds-2196-x574v-1375001003
2019-10-14 11:04:43,193 [pool-393-thread-1] INFO  storage.RaftStorage (RaftStorage.java:format(84)) - Storage directory /workdir/hadoop-ozone/integration-test/target/test-dir/MiniOzoneClusterImpl-db97c445-3a48-427a-af40-d714fe85aeb9/datanode-1/data/ratis/09e8e568-b3c2-4579-8703-60fc2b3bb85e has been successfully formatted.
2019-10-14 11:04:43,193 [pool-393-thread-1] INFO  ratis.ContainerStateMachine (ContainerStateMachine.java:loadSnapshot(230)) - group-60FC2B3BB85E: The snapshot info is null. Setting the last applied indexto:(t:0, i:~)
2019-10-14 11:04:43,193 [pool-393-thread-1] INFO  server.RaftServerConfigKeys (ConfUtils.java:logGet(43)) - raft.server.notification.no-leader.timeout = 120s (custom)
2019-10-14 11:04:43,193 [pool-393-thread-1] INFO  server.RaftServerConfigKeys (ConfUtils.java:logGet(43)) - raft.server.log.use.memory = false (default)
2019-10-14 11:04:43,194 [pool-393-thread-1] INFO  server.RaftServerConfigKeys (ConfUtils.java:logGet(43)) - raft.server.log.purge.gap = 1000000 (custom)
2019-10-14 11:04:43,194 [pool-393-thread-1] INFO  server.RaftServerConfigKeys (ConfUtils.java:logGet(43)) - raft.server.log.appender.buffer.byte-limit = 33554432 (custom)
2019-10-14 11:04:43,194 [pool-393-thread-1] INFO  server.RaftServerConfigKeys (ConfUtils.java:logGet(43)) - raft.server.log.segment.size.max = 1048576 (custom)
2019-10-14 11:04:43,196 [pool-393-thread-1] INFO  server.RaftServerConfigKeys (ConfUtils.java:logGet(43)) - raft.server.log.segment.cache.num.max = 2 (custom)
2019-10-14 11:04:43,196 [pool-393-thread-1] INFO  segmented.SegmentedRaftLogWorker (SegmentedRaftLogWorker.java:<init>(173)) - new 1dac4e55-0211-4f38-bdea-c52596ea96b1@group-60FC2B3BB85E-SegmentedRaftLogWorker for RaftStorage:Storage Directory /workdir/hadoop-ozone/integration-test/target/test-dir/MiniOzoneClusterImpl-db97c445-3a48-427a-af40-d714fe85aeb9/datanode-1/data/ratis/09e8e568-b3c2-4579-8703-60fc2b3bb85e
2019-10-14 11:04:43,196 [pool-393-thread-1] INFO  server.RaftServerConfigKeys (ConfUtils.java:logGet(43)) - raft.server.log.queue.byte-limit = 2147483647 (custom)
2019-10-14 11:04:43,196 [pool-393-thread-1] INFO  server.RaftServerConfigKeys (ConfUtils.java:logGet(43)) - raft.server.log.queue.element-limit = 1024 (custom)
2019-10-14 11:04:43,196 [pool-393-thread-1] INFO  server.RaftServerConfigKeys (ConfUtils.java:logGet(43)) - raft.server.log.segment.size.max = 1048576 (custom)
2019-10-14 11:04:43,196 [pool-393-thread-1] INFO  server.RaftServerConfigKeys (ConfUtils.java:logGet(43)) - raft.server.log.preallocated.size = 16384 (custom)
2019-10-14 11:04:43,196 [pool-393-thread-1] INFO  server.RaftServerConfigKeys (ConfUtils.java:logGet(43)) - raft.server.log.write.buffer.size = 33554432 (custom)
2019-10-14 11:04:43,196 [pool-393-thread-1] INFO  server.RaftServerConfigKeys (ConfUtils.java:logGet(43)) - raft.server.log.force.sync.num = 128 (default)
2019-10-14 11:04:43,197 [pool-393-thread-1] INFO  server.RaftServerConfigKeys (ConfUtils.java:logGet(43)) - raft.server.log.statemachine.data.sync = true (default)
2019-10-14 11:04:43,197 [pool-393-thread-1] INFO  server.RaftServerConfigKeys (ConfUtils.java:logGet(43)) - raft.server.log.statemachine.data.sync.timeout = 10s (default)
2019-10-14 11:04:43,197 [pool-393-thread-1] INFO  server.RaftServerConfigKeys (ConfUtils.java:logGet(43)) - raft.server.log.statemachine.data.sync.timeout.retry = -1 (default)
2019-10-14 11:04:43,197 [pool-393-thread-1] INFO  server.RaftServerConfigKeys (ConfUtils.java:logGet(43)) - raft.server.log.statemachine.data.caching.enabled = true (custom)
2019-10-14 11:04:43,197 [pool-393-thread-1] INFO  segmented.SegmentedRaftLogWorker (SegmentedRaftLogWorker.java:lambda$new$0(128)) - 1dac4e55-0211-4f38-bdea-c52596ea96b1@group-60FC2B3BB85E-SegmentedRaftLogWorker: flushIndex: setUnconditionally 0 -> -1
2019-10-14 11:04:43,198 [pool-393-thread-1] INFO  server.RaftServerConfigKeys (ConfUtils.java:logGet(43)) - raft.server.snapshot.auto.trigger.enabled = true (custom)
2019-10-14 11:04:43,198 [pool-393-thread-1] INFO  server.RaftServerConfigKeys (ConfUtils.java:logGet(43)) - raft.server.snapshot.auto.trigger.threshold = 10000 (custom)
2019-10-14 11:04:43,198 [pool-393-thread-1] INFO  server.RaftServerConfigKeys (ConfUtils.java:logGet(43)) - raft.server.snapshot.retention.file.num = 5 (custom)
2019-10-14 11:04:43,198 [pool-393-thread-1] INFO  server.RaftServerConfigKeys (ConfUtils.java:logGet(43)) - raft.server.retrycache.expirytime = 600000ms (custom)
2019-10-14 11:04:43,200 [pool-393-thread-1] INFO  impl.RaftServerImpl (RaftServerImpl.java:start(181)) - 1dac4e55-0211-4f38-bdea-c52596ea96b1@group-60FC2B3BB85E: start as a follower, conf=-1: [1dac4e55-0211-4f38-bdea-c52596ea96b1:192.168.151.96:37692], old=null
2019-10-14 11:04:43,200 [pool-393-thread-1] INFO  impl.RaftServerImpl (RaftServerImpl.java:setRole(170)) - 1dac4e55-0211-4f38-bdea-c52596ea96b1@group-60FC2B3BB85E: changes role from      null to FOLLOWER at term 0 for startAsFollower
2019-10-14 11:04:43,200 [pool-393-thread-1] INFO  impl.RoleInfo (RoleInfo.java:updateAndGet(143)) - 1dac4e55-0211-4f38-bdea-c52596ea96b1: start FollowerState
2019-10-14 11:04:43,200 [pool-393-thread-1] INFO  util.JmxRegister (JmxRegister.java:tryRegister(44)) - Successfully registered JMX Bean with object name Ratis:service=RaftServer,group=group-60FC2B3BB85E,id=1dac4e55-0211-4f38-bdea-c52596ea96b1
2019-10-14 11:04:43,204 [RatisPipelineUtilsThread] INFO  pipeline.PipelineStateManager (PipelineStateManager.java:addPipeline(56)) - Created pipeline Pipeline[ Id: 09e8e568-b3c2-4579-8703-60fc2b3bb85e, Nodes: 1dac4e55-0211-4f38-bdea-c52596ea96b1{ip: 192.168.151.96, host: pr-hdds-2196-x574v-1375001003, networkLocation: /default-rack, certSerialId: null}, Type:RATIS, Factor:ONE, State:OPEN]
2019-10-14 11:04:43,260 [IPC Server handler 1 on 43954] INFO  net.NetworkTopology (NetworkTopologyImpl.java:add(111)) - Added a new node: /default-rack/821904a1-ff9d-4afb-845f-01206dcc5c64
2019-10-14 11:04:43,260 [IPC Server handler 1 on 43954] INFO  node.SCMNodeManager (SCMNodeManager.java:register(313)) - Registered Data node : 821904a1-ff9d-4afb-845f-01206dcc5c64{ip: 192.168.151.96, host: pr-hdds-2196-x574v-1375001003, networkLocation: /default-rack, certSerialId: null}
2019-10-14 11:04:43,269 [grpc-default-executor-8] INFO  impl.RaftServerProxy (RaftServerProxy.java:addNew(89)) - 821904a1-ff9d-4afb-845f-01206dcc5c64: addNew group-B9E82B4F9BDB:[821904a1-ff9d-4afb-845f-01206dcc5c64:192.168.151.96:36203] returns group-B9E82B4F9BDB:java.util.concurrent.CompletableFuture@304011e2[Not completed]
2019-10-14 11:04:43,270 [pool-403-thread-1] INFO  impl.RaftServerImpl (RaftServerImpl.java:<init>(95)) - 821904a1-ff9d-4afb-845f-01206dcc5c64: new RaftServerImpl for group-B9E82B4F9BDB:[821904a1-ff9d-4afb-845f-01206dcc5c64:192.168.151.96:36203] with ContainerStateMachine:uninitialized
2019-10-14 11:04:43,270 [pool-403-thread-1] INFO  server.RaftServerConfigKeys (ConfUtils.java:logGet(43)) - raft.server.rpc.timeout.min = 5s (custom)
2019-10-14 11:04:43,270 [pool-403-thread-1] INFO  server.RaftServerConfigKeys (ConfUtils.java:logGet(43)) - raft.server.rpc.timeout.max = 5200ms (custom)
2019-10-14 11:04:43,271 [pool-403-thread-1] INFO  server.RaftServerConfigKeys (ConfUtils.java:logGet(43)) - raft.server.rpcslowness.timeout = 120s (custom)
2019-10-14 11:04:43,271 [pool-403-thread-1] INFO  server.RaftServerConfigKeys (ConfUtils.java:logGet(43)) - raft.server.sleep.deviation.threshold = 300 (default)
2019-10-14 11:04:43,271 [pool-403-thread-1] INFO  server.RaftServerConfigKeys (ConfUtils.java:logGet(43)) - raft.server.log.appender.install.snapshot.enabled = false (custom)
2019-10-14 11:04:43,271 [pool-403-thread-1] INFO  impl.RaftServerImpl (ServerState.java:<init>(103)) - 821904a1-ff9d-4afb-845f-01206dcc5c64@group-B9E82B4F9BDB: ConfigurationManager, init=-1: [821904a1-ff9d-4afb-845f-01206dcc5c64:192.168.151.96:36203], old=null, confs=<EMPTY_MAP>
2019-10-14 11:04:43,271 [pool-403-thread-1] INFO  server.RaftServerConfigKeys (ConfUtils.java:logGet(43)) - raft.server.storage.dir = [/workdir/hadoop-ozone/integration-test/target/test-dir/MiniOzoneClusterImpl-db97c445-3a48-427a-af40-d714fe85aeb9/datanode-2/data/ratis] (custom)
2019-10-14 11:04:43,271 [pool-403-thread-1] INFO  server.RaftServerConfigKeys (ConfUtils.java:logGet(43)) - raft.server.log.corruption.policy = EXCEPTION (default)
2019-10-14 11:04:43,271 [pool-403-thread-1] INFO  storage.RaftStorageDirectory (RaftStorageDirectory.java:analyzeStorage(246)) - The storage directory /workdir/hadoop-ozone/integration-test/target/test-dir/MiniOzoneClusterImpl-db97c445-3a48-427a-af40-d714fe85aeb9/datanode-2/data/ratis/26404c9a-626a-4da5-85dc-b9e82b4f9bdb does not exist. Creating ...
2019-10-14 11:04:43,284 [pool-403-thread-1] INFO  storage.RaftStorageDirectory (RaftStorageDirectory.java:tryLock(328)) - Lock on /workdir/hadoop-ozone/integration-test/target/test-dir/MiniOzoneClusterImpl-db97c445-3a48-427a-af40-d714fe85aeb9/datanode-2/data/ratis/26404c9a-626a-4da5-85dc-b9e82b4f9bdb/in_use.lock acquired by nodename 13552@pr-hdds-2196-x574v-1375001003
2019-10-14 11:04:43,297 [pool-403-thread-1] INFO  storage.RaftStorage (RaftStorage.java:format(84)) - Storage directory /workdir/hadoop-ozone/integration-test/target/test-dir/MiniOzoneClusterImpl-db97c445-3a48-427a-af40-d714fe85aeb9/datanode-2/data/ratis/26404c9a-626a-4da5-85dc-b9e82b4f9bdb has been successfully formatted.
2019-10-14 11:04:43,297 [pool-403-thread-1] INFO  ratis.ContainerStateMachine (ContainerStateMachine.java:loadSnapshot(230)) - group-B9E82B4F9BDB: The snapshot info is null. Setting the last applied indexto:(t:0, i:~)
2019-10-14 11:04:43,298 [pool-403-thread-1] INFO  server.RaftServerConfigKeys (ConfUtils.java:logGet(43)) - raft.server.notification.no-leader.timeout = 120s (custom)
2019-10-14 11:04:43,298 [pool-403-thread-1] INFO  server.RaftServerConfigKeys (ConfUtils.java:logGet(43)) - raft.server.log.use.memory = false (default)
2019-10-14 11:04:43,298 [pool-403-thread-1] INFO  server.RaftServerConfigKeys (ConfUtils.java:logGet(43)) - raft.server.log.purge.gap = 1000000 (custom)
2019-10-14 11:04:43,298 [pool-403-thread-1] INFO  server.RaftServerConfigKeys (ConfUtils.java:logGet(43)) - raft.server.log.appender.buffer.byte-limit = 33554432 (custom)
2019-10-14 11:04:43,298 [pool-403-thread-1] INFO  server.RaftServerConfigKeys (ConfUtils.java:logGet(43)) - raft.server.log.segment.size.max = 1048576 (custom)
2019-10-14 11:04:43,299 [pool-403-thread-1] INFO  server.RaftServerConfigKeys (ConfUtils.java:logGet(43)) - raft.server.log.segment.cache.num.max = 2 (custom)
2019-10-14 11:04:43,299 [pool-403-thread-1] INFO  segmented.SegmentedRaftLogWorker (SegmentedRaftLogWorker.java:<init>(173)) - new 821904a1-ff9d-4afb-845f-01206dcc5c64@group-B9E82B4F9BDB-SegmentedRaftLogWorker for RaftStorage:Storage Directory /workdir/hadoop-ozone/integration-test/target/test-dir/MiniOzoneClusterImpl-db97c445-3a48-427a-af40-d714fe85aeb9/datanode-2/data/ratis/26404c9a-626a-4da5-85dc-b9e82b4f9bdb
2019-10-14 11:04:43,299 [pool-403-thread-1] INFO  server.RaftServerConfigKeys (ConfUtils.java:logGet(43)) - raft.server.log.queue.byte-limit = 2147483647 (custom)
2019-10-14 11:04:43,300 [pool-403-thread-1] INFO  server.RaftServerConfigKeys (ConfUtils.java:logGet(43)) - raft.server.log.queue.element-limit = 1024 (custom)
2019-10-14 11:04:43,300 [pool-403-thread-1] INFO  server.RaftServerConfigKeys (ConfUtils.java:logGet(43)) - raft.server.log.segment.size.max = 1048576 (custom)
2019-10-14 11:04:43,300 [pool-403-thread-1] INFO  server.RaftServerConfigKeys (ConfUtils.java:logGet(43)) - raft.server.log.preallocated.size = 16384 (custom)
2019-10-14 11:04:43,300 [pool-403-thread-1] INFO  server.RaftServerConfigKeys (ConfUtils.java:logGet(43)) - raft.server.log.write.buffer.size = 33554432 (custom)
2019-10-14 11:04:43,300 [pool-403-thread-1] INFO  server.RaftServerConfigKeys (ConfUtils.java:logGet(43)) - raft.server.log.force.sync.num = 128 (default)
2019-10-14 11:04:43,300 [pool-403-thread-1] INFO  server.RaftServerConfigKeys (ConfUtils.java:logGet(43)) - raft.server.log.statemachine.data.sync = true (default)
2019-10-14 11:04:43,300 [pool-403-thread-1] INFO  server.RaftServerConfigKeys (ConfUtils.java:logGet(43)) - raft.server.log.statemachine.data.sync.timeout = 10s (default)
2019-10-14 11:04:43,300 [pool-403-thread-1] INFO  server.RaftServerConfigKeys (ConfUtils.java:logGet(43)) - raft.server.log.statemachine.data.sync.timeout.retry = -1 (default)
2019-10-14 11:04:43,301 [pool-403-thread-1] INFO  server.RaftServerConfigKeys (ConfUtils.java:logGet(43)) - raft.server.log.statemachine.data.caching.enabled = true (custom)
2019-10-14 11:04:43,301 [pool-403-thread-1] INFO  segmented.SegmentedRaftLogWorker (SegmentedRaftLogWorker.java:lambda$new$0(128)) - 821904a1-ff9d-4afb-845f-01206dcc5c64@group-B9E82B4F9BDB-SegmentedRaftLogWorker: flushIndex: setUnconditionally 0 -> -1
2019-10-14 11:04:43,301 [pool-403-thread-1] INFO  server.RaftServerConfigKeys (ConfUtils.java:logGet(43)) - raft.server.snapshot.auto.trigger.enabled = true (custom)
2019-10-14 11:04:43,301 [pool-403-thread-1] INFO  server.RaftServerConfigKeys (ConfUtils.java:logGet(43)) - raft.server.snapshot.auto.trigger.threshold = 10000 (custom)
2019-10-14 11:04:43,301 [pool-403-thread-1] INFO  server.RaftServerConfigKeys (ConfUtils.java:logGet(43)) - raft.server.snapshot.retention.file.num = 5 (custom)
2019-10-14 11:04:43,301 [pool-403-thread-1] INFO  server.RaftServerConfigKeys (ConfUtils.java:logGet(43)) - raft.server.retrycache.expirytime = 600000ms (custom)
2019-10-14 11:04:43,302 [pool-403-thread-1] INFO  impl.RaftServerImpl (RaftServerImpl.java:start(181)) - 821904a1-ff9d-4afb-845f-01206dcc5c64@group-B9E82B4F9BDB: start as a follower, conf=-1: [821904a1-ff9d-4afb-845f-01206dcc5c64:192.168.151.96:36203], old=null
2019-10-14 11:04:43,302 [pool-403-thread-1] INFO  impl.RaftServerImpl (RaftServerImpl.java:setRole(170)) - 821904a1-ff9d-4afb-845f-01206dcc5c64@group-B9E82B4F9BDB: changes role from      null to FOLLOWER at term 0 for startAsFollower
2019-10-14 11:04:43,303 [pool-403-thread-1] INFO  impl.RoleInfo (RoleInfo.java:updateAndGet(143)) - 821904a1-ff9d-4afb-845f-01206dcc5c64: start FollowerState
2019-10-14 11:04:43,303 [pool-403-thread-1] INFO  util.JmxRegister (JmxRegister.java:tryRegister(44)) - Successfully registered JMX Bean with object name Ratis:service=RaftServer,group=group-B9E82B4F9BDB,id=821904a1-ff9d-4afb-845f-01206dcc5c64
2019-10-14 11:04:43,305 [RatisPipelineUtilsThread] INFO  pipeline.PipelineStateManager (PipelineStateManager.java:addPipeline(56)) - Created pipeline Pipeline[ Id: 26404c9a-626a-4da5-85dc-b9e82b4f9bdb, Nodes: 821904a1-ff9d-4afb-845f-01206dcc5c64{ip: 192.168.151.96, host: pr-hdds-2196-x574v-1375001003, networkLocation: /default-rack, certSerialId: null}, Type:RATIS, Factor:ONE, State:OPEN]
2019-10-14 11:04:43,320 [grpc-default-executor-8] INFO  impl.RaftServerProxy (RaftServerProxy.java:addNew(89)) - 1dac4e55-0211-4f38-bdea-c52596ea96b1: addNew group-35F4257C22E6:[1dac4e55-0211-4f38-bdea-c52596ea96b1:192.168.151.96:37692, 3ba1fc0d-56df-4e15-a330-3914602d5a0a:192.168.151.96:46171, 821904a1-ff9d-4afb-845f-01206dcc5c64:192.168.151.96:36203] returns group-35F4257C22E6:java.util.concurrent.CompletableFuture@6a7173db[Not completed]
2019-10-14 11:04:43,320 [grpc-default-executor-11] INFO  impl.RaftServerProxy (RaftServerProxy.java:addNew(89)) - 3ba1fc0d-56df-4e15-a330-3914602d5a0a: addNew group-35F4257C22E6:[1dac4e55-0211-4f38-bdea-c52596ea96b1:192.168.151.96:37692, 3ba1fc0d-56df-4e15-a330-3914602d5a0a:192.168.151.96:46171, 821904a1-ff9d-4afb-845f-01206dcc5c64:192.168.151.96:36203] returns group-35F4257C22E6:java.util.concurrent.CompletableFuture@4a272def[Not completed]
2019-10-14 11:04:43,320 [grpc-default-executor-6] INFO  impl.RaftServerProxy (RaftServerProxy.java:addNew(89)) - 821904a1-ff9d-4afb-845f-01206dcc5c64: addNew group-35F4257C22E6:[1dac4e55-0211-4f38-bdea-c52596ea96b1:192.168.151.96:37692, 3ba1fc0d-56df-4e15-a330-3914602d5a0a:192.168.151.96:46171, 821904a1-ff9d-4afb-845f-01206dcc5c64:192.168.151.96:36203] returns group-35F4257C22E6:java.util.concurrent.CompletableFuture@1b4ef8f5[Not completed]
2019-10-14 11:04:43,321 [pool-403-thread-1] INFO  impl.RaftServerImpl (RaftServerImpl.java:<init>(95)) - 821904a1-ff9d-4afb-845f-01206dcc5c64: new RaftServerImpl for group-35F4257C22E6:[1dac4e55-0211-4f38-bdea-c52596ea96b1:192.168.151.96:37692, 3ba1fc0d-56df-4e15-a330-3914602d5a0a:192.168.151.96:46171, 821904a1-ff9d-4afb-845f-01206dcc5c64:192.168.151.96:36203] with ContainerStateMachine:uninitialized
2019-10-14 11:04:43,321 [pool-403-thread-1] INFO  server.RaftServerConfigKeys (ConfUtils.java:logGet(43)) - raft.server.rpc.timeout.min = 5s (custom)
2019-10-14 11:04:43,321 [pool-403-thread-1] INFO  server.RaftServerConfigKeys (ConfUtils.java:logGet(43)) - raft.server.rpc.timeout.max = 5200ms (custom)
2019-10-14 11:04:43,321 [pool-403-thread-1] INFO  server.RaftServerConfigKeys (ConfUtils.java:logGet(43)) - raft.server.rpcslowness.timeout = 120s (custom)
2019-10-14 11:04:43,321 [pool-393-thread-1] INFO  impl.RaftServerImpl (RaftServerImpl.java:<init>(95)) - 1dac4e55-0211-4f38-bdea-c52596ea96b1: new RaftServerImpl for group-35F4257C22E6:[1dac4e55-0211-4f38-bdea-c52596ea96b1:192.168.151.96:37692, 3ba1fc0d-56df-4e15-a330-3914602d5a0a:192.168.151.96:46171, 821904a1-ff9d-4afb-845f-01206dcc5c64:192.168.151.96:36203] with ContainerStateMachine:uninitialized
2019-10-14 11:04:43,321 [pool-403-thread-1] INFO  server.RaftServerConfigKeys (ConfUtils.java:logGet(43)) - raft.server.sleep.deviation.threshold = 300 (default)
2019-10-14 11:04:43,321 [pool-393-thread-1] INFO  server.RaftServerConfigKeys (ConfUtils.java:logGet(43)) - raft.server.rpc.timeout.min = 5s (custom)
2019-10-14 11:04:43,321 [pool-403-thread-1] INFO  server.RaftServerConfigKeys (ConfUtils.java:logGet(43)) - raft.server.log.appender.install.snapshot.enabled = false (custom)
2019-10-14 11:04:43,321 [pool-393-thread-1] INFO  server.RaftServerConfigKeys (ConfUtils.java:logGet(43)) - raft.server.rpc.timeout.max = 5200ms (custom)
2019-10-14 11:04:43,321 [pool-383-thread-1] INFO  impl.RaftServerImpl (RaftServerImpl.java:<init>(95)) - 3ba1fc0d-56df-4e15-a330-3914602d5a0a: new RaftServerImpl for group-35F4257C22E6:[1dac4e55-0211-4f38-bdea-c52596ea96b1:192.168.151.96:37692, 3ba1fc0d-56df-4e15-a330-3914602d5a0a:192.168.151.96:46171, 821904a1-ff9d-4afb-845f-01206dcc5c64:192.168.151.96:36203] with ContainerStateMachine:uninitialized
2019-10-14 11:04:43,321 [pool-403-thread-1] INFO  impl.RaftServerImpl (ServerState.java:<init>(103)) - 821904a1-ff9d-4afb-845f-01206dcc5c64@group-35F4257C22E6: ConfigurationManager, init=-1: [1dac4e55-0211-4f38-bdea-c52596ea96b1:192.168.151.96:37692, 3ba1fc0d-56df-4e15-a330-3914602d5a0a:192.168.151.96:46171, 821904a1-ff9d-4afb-845f-01206dcc5c64:192.168.151.96:36203], old=null, confs=<EMPTY_MAP>
2019-10-14 11:04:43,321 [pool-383-thread-1] INFO  server.RaftServerConfigKeys (ConfUtils.java:logGet(43)) - raft.server.rpc.timeout.min = 5s (custom)
2019-10-14 11:04:43,321 [pool-393-thread-1] INFO  server.RaftServerConfigKeys (ConfUtils.java:logGet(43)) - raft.server.rpcslowness.timeout = 120s (custom)
2019-10-14 11:04:43,322 [pool-383-thread-1] INFO  server.RaftServerConfigKeys (ConfUtils.java:logGet(43)) - raft.server.rpc.timeout.max = 5200ms (custom)
2019-10-14 11:04:43,322 [pool-403-thread-1] INFO  server.RaftServerConfigKeys (ConfUtils.java:logGet(43)) - raft.server.storage.dir = [/workdir/hadoop-ozone/integration-test/target/test-dir/MiniOzoneClusterImpl-db97c445-3a48-427a-af40-d714fe85aeb9/datanode-2/data/ratis] (custom)
2019-10-14 11:04:43,322 [pool-383-thread-1] INFO  server.RaftServerConfigKeys (ConfUtils.java:logGet(43)) - raft.server.rpcslowness.timeout = 120s (custom)
2019-10-14 11:04:43,322 [pool-393-thread-1] INFO  server.RaftServerConfigKeys (ConfUtils.java:logGet(43)) - raft.server.sleep.deviation.threshold = 300 (default)
2019-10-14 11:04:43,322 [pool-403-thread-1] INFO  server.RaftServerConfigKeys (ConfUtils.java:logGet(43)) - raft.server.log.corruption.policy = EXCEPTION (default)
2019-10-14 11:04:43,322 [pool-383-thread-1] INFO  server.RaftServerConfigKeys (ConfUtils.java:logGet(43)) - raft.server.sleep.deviation.threshold = 300 (default)
2019-10-14 11:04:43,322 [pool-403-thread-1] INFO  storage.RaftStorageDirectory (RaftStorageDirectory.java:analyzeStorage(246)) - The storage directory /workdir/hadoop-ozone/integration-test/target/test-dir/MiniOzoneClusterImpl-db97c445-3a48-427a-af40-d714fe85aeb9/datanode-2/data/ratis/9b35321c-c648-4549-b7b2-35f4257c22e6 does not exist. Creating ...
2019-10-14 11:04:43,322 [pool-393-thread-1] INFO  server.RaftServerConfigKeys (ConfUtils.java:logGet(43)) - raft.server.log.appender.install.snapshot.enabled = false (custom)
2019-10-14 11:04:43,322 [pool-383-thread-1] INFO  server.RaftServerConfigKeys (ConfUtils.java:logGet(43)) - raft.server.log.appender.install.snapshot.enabled = false (custom)
2019-10-14 11:04:43,322 [pool-393-thread-1] INFO  impl.RaftServerImpl (ServerState.java:<init>(103)) - 1dac4e55-0211-4f38-bdea-c52596ea96b1@group-35F4257C22E6: ConfigurationManager, init=-1: [1dac4e55-0211-4f38-bdea-c52596ea96b1:192.168.151.96:37692, 3ba1fc0d-56df-4e15-a330-3914602d5a0a:192.168.151.96:46171, 821904a1-ff9d-4afb-845f-01206dcc5c64:192.168.151.96:36203], old=null, confs=<EMPTY_MAP>
2019-10-14 11:04:43,322 [pool-383-thread-1] INFO  impl.RaftServerImpl (ServerState.java:<init>(103)) - 3ba1fc0d-56df-4e15-a330-3914602d5a0a@group-35F4257C22E6: ConfigurationManager, init=-1: [1dac4e55-0211-4f38-bdea-c52596ea96b1:192.168.151.96:37692, 3ba1fc0d-56df-4e15-a330-3914602d5a0a:192.168.151.96:46171, 821904a1-ff9d-4afb-845f-01206dcc5c64:192.168.151.96:36203], old=null, confs=<EMPTY_MAP>
2019-10-14 11:04:43,323 [pool-393-thread-1] INFO  server.RaftServerConfigKeys (ConfUtils.java:logGet(43)) - raft.server.storage.dir = [/workdir/hadoop-ozone/integration-test/target/test-dir/MiniOzoneClusterImpl-db97c445-3a48-427a-af40-d714fe85aeb9/datanode-1/data/ratis] (custom)
2019-10-14 11:04:43,323 [pool-383-thread-1] INFO  server.RaftServerConfigKeys (ConfUtils.java:logGet(43)) - raft.server.storage.dir = [/workdir/hadoop-ozone/integration-test/target/test-dir/MiniOzoneClusterImpl-db97c445-3a48-427a-af40-d714fe85aeb9/datanode-0/data/ratis] (custom)
2019-10-14 11:04:43,323 [pool-393-thread-1] INFO  server.RaftServerConfigKeys (ConfUtils.java:logGet(43)) - raft.server.log.corruption.policy = EXCEPTION (default)
2019-10-14 11:04:43,323 [pool-383-thread-1] INFO  server.RaftServerConfigKeys (ConfUtils.java:logGet(43)) - raft.server.log.corruption.policy = EXCEPTION (default)
2019-10-14 11:04:43,323 [pool-393-thread-1] INFO  storage.RaftStorageDirectory (RaftStorageDirectory.java:analyzeStorage(246)) - The storage directory /workdir/hadoop-ozone/integration-test/target/test-dir/MiniOzoneClusterImpl-db97c445-3a48-427a-af40-d714fe85aeb9/datanode-1/data/ratis/9b35321c-c648-4549-b7b2-35f4257c22e6 does not exist. Creating ...
2019-10-14 11:04:43,323 [pool-383-thread-1] INFO  storage.RaftStorageDirectory (RaftStorageDirectory.java:analyzeStorage(246)) - The storage directory /workdir/hadoop-ozone/integration-test/target/test-dir/MiniOzoneClusterImpl-db97c445-3a48-427a-af40-d714fe85aeb9/datanode-0/data/ratis/9b35321c-c648-4549-b7b2-35f4257c22e6 does not exist. Creating ...
2019-10-14 11:04:43,326 [pool-383-thread-1] INFO  storage.RaftStorageDirectory (RaftStorageDirectory.java:tryLock(328)) - Lock on /workdir/hadoop-ozone/integration-test/target/test-dir/MiniOzoneClusterImpl-db97c445-3a48-427a-af40-d714fe85aeb9/datanode-0/data/ratis/9b35321c-c648-4549-b7b2-35f4257c22e6/in_use.lock acquired by nodename 13552@pr-hdds-2196-x574v-1375001003
2019-10-14 11:04:43,326 [pool-393-thread-1] INFO  storage.RaftStorageDirectory (RaftStorageDirectory.java:tryLock(328)) - Lock on /workdir/hadoop-ozone/integration-test/target/test-dir/MiniOzoneClusterImpl-db97c445-3a48-427a-af40-d714fe85aeb9/datanode-1/data/ratis/9b35321c-c648-4549-b7b2-35f4257c22e6/in_use.lock acquired by nodename 13552@pr-hdds-2196-x574v-1375001003
2019-10-14 11:04:43,326 [pool-403-thread-1] INFO  storage.RaftStorageDirectory (RaftStorageDirectory.java:tryLock(328)) - Lock on /workdir/hadoop-ozone/integration-test/target/test-dir/MiniOzoneClusterImpl-db97c445-3a48-427a-af40-d714fe85aeb9/datanode-2/data/ratis/9b35321c-c648-4549-b7b2-35f4257c22e6/in_use.lock acquired by nodename 13552@pr-hdds-2196-x574v-1375001003
2019-10-14 11:04:43,340 [pool-393-thread-1] INFO  storage.RaftStorage (RaftStorage.java:format(84)) - Storage directory /workdir/hadoop-ozone/integration-test/target/test-dir/MiniOzoneClusterImpl-db97c445-3a48-427a-af40-d714fe85aeb9/datanode-1/data/ratis/9b35321c-c648-4549-b7b2-35f4257c22e6 has been successfully formatted.
2019-10-14 11:04:43,340 [pool-383-thread-1] INFO  storage.RaftStorage (RaftStorage.java:format(84)) - Storage directory /workdir/hadoop-ozone/integration-test/target/test-dir/MiniOzoneClusterImpl-db97c445-3a48-427a-af40-d714fe85aeb9/datanode-0/data/ratis/9b35321c-c648-4549-b7b2-35f4257c22e6 has been successfully formatted.
2019-10-14 11:04:43,340 [pool-403-thread-1] INFO  storage.RaftStorage (RaftStorage.java:format(84)) - Storage directory /workdir/hadoop-ozone/integration-test/target/test-dir/MiniOzoneClusterImpl-db97c445-3a48-427a-af40-d714fe85aeb9/datanode-2/data/ratis/9b35321c-c648-4549-b7b2-35f4257c22e6 has been successfully formatted.
2019-10-14 11:04:43,340 [pool-383-thread-1] INFO  ratis.ContainerStateMachine (ContainerStateMachine.java:loadSnapshot(230)) - group-35F4257C22E6: The snapshot info is null. Setting the last applied indexto:(t:0, i:~)
2019-10-14 11:04:43,340 [pool-393-thread-1] INFO  ratis.ContainerStateMachine (ContainerStateMachine.java:loadSnapshot(230)) - group-35F4257C22E6: The snapshot info is null. Setting the last applied indexto:(t:0, i:~)
2019-10-14 11:04:43,340 [pool-383-thread-1] INFO  server.RaftServerConfigKeys (ConfUtils.java:logGet(43)) - raft.server.notification.no-leader.timeout = 120s (custom)
2019-10-14 11:04:43,340 [pool-403-thread-1] INFO  ratis.ContainerStateMachine (ContainerStateMachine.java:loadSnapshot(230)) - group-35F4257C22E6: The snapshot info is null. Setting the last applied indexto:(t:0, i:~)
2019-10-14 11:04:43,341 [pool-383-thread-1] INFO  server.RaftServerConfigKeys (ConfUtils.java:logGet(43)) - raft.server.log.use.memory = false (default)
2019-10-14 11:04:43,340 [pool-393-thread-1] INFO  server.RaftServerConfigKeys (ConfUtils.java:logGet(43)) - raft.server.notification.no-leader.timeout = 120s (custom)
2019-10-14 11:04:43,341 [pool-383-thread-1] INFO  server.RaftServerConfigKeys (ConfUtils.java:logGet(43)) - raft.server.log.purge.gap = 1000000 (custom)
2019-10-14 11:04:43,341 [pool-403-thread-1] INFO  server.RaftServerConfigKeys (ConfUtils.java:logGet(43)) - raft.server.notification.no-leader.timeout = 120s (custom)
2019-10-14 11:04:43,341 [pool-383-thread-1] INFO  server.RaftServerConfigKeys (ConfUtils.java:logGet(43)) - raft.server.log.appender.buffer.byte-limit = 33554432 (custom)
2019-10-14 11:04:43,341 [pool-393-thread-1] INFO  server.RaftServerConfigKeys (ConfUtils.java:logGet(43)) - raft.server.log.use.memory = false (default)
2019-10-14 11:04:43,341 [pool-383-thread-1] INFO  server.RaftServerConfigKeys (ConfUtils.java:logGet(43)) - raft.server.log.segment.size.max = 1048576 (custom)
2019-10-14 11:04:43,341 [pool-403-thread-1] INFO  server.RaftServerConfigKeys (ConfUtils.java:logGet(43)) - raft.server.log.use.memory = false (default)
2019-10-14 11:04:43,341 [pool-383-thread-1] INFO  server.RaftServerConfigKeys (ConfUtils.java:logGet(43)) - raft.server.log.segment.cache.num.max = 2 (custom)
2019-10-14 11:04:43,341 [pool-393-thread-1] INFO  server.RaftServerConfigKeys (ConfUtils.java:logGet(43)) - raft.server.log.purge.gap = 1000000 (custom)
2019-10-14 11:04:43,342 [pool-383-thread-1] INFO  segmented.SegmentedRaftLogWorker (SegmentedRaftLogWorker.java:<init>(173)) - new 3ba1fc0d-56df-4e15-a330-3914602d5a0a@group-35F4257C22E6-SegmentedRaftLogWorker for RaftStorage:Storage Directory /workdir/hadoop-ozone/integration-test/target/test-dir/MiniOzoneClusterImpl-db97c445-3a48-427a-af40-d714fe85aeb9/datanode-0/data/ratis/9b35321c-c648-4549-b7b2-35f4257c22e6
2019-10-14 11:04:43,341 [pool-403-thread-1] INFO  server.RaftServerConfigKeys (ConfUtils.java:logGet(43)) - raft.server.log.purge.gap = 1000000 (custom)
2019-10-14 11:04:43,342 [pool-383-thread-1] INFO  server.RaftServerConfigKeys (ConfUtils.java:logGet(43)) - raft.server.log.queue.byte-limit = 2147483647 (custom)
2019-10-14 11:04:43,342 [pool-393-thread-1] INFO  server.RaftServerConfigKeys (ConfUtils.java:logGet(43)) - raft.server.log.appender.buffer.byte-limit = 33554432 (custom)
2019-10-14 11:04:43,342 [pool-383-thread-1] INFO  server.RaftServerConfigKeys (ConfUtils.java:logGet(43)) - raft.server.log.queue.element-limit = 1024 (custom)
2019-10-14 11:04:43,342 [pool-403-thread-1] INFO  server.RaftServerConfigKeys (ConfUtils.java:logGet(43)) - raft.server.log.appender.buffer.byte-limit = 33554432 (custom)
2019-10-14 11:04:43,342 [pool-383-thread-1] INFO  server.RaftServerConfigKeys (ConfUtils.java:logGet(43)) - raft.server.log.segment.size.max = 1048576 (custom)
2019-10-14 11:04:43,342 [pool-393-thread-1] INFO  server.RaftServerConfigKeys (ConfUtils.java:logGet(43)) - raft.server.log.segment.size.max = 1048576 (custom)
2019-10-14 11:04:43,342 [pool-383-thread-1] INFO  server.RaftServerConfigKeys (ConfUtils.java:logGet(43)) - raft.server.log.preallocated.size = 16384 (custom)
2019-10-14 11:04:43,342 [pool-403-thread-1] INFO  server.RaftServerConfigKeys (ConfUtils.java:logGet(43)) - raft.server.log.segment.size.max = 1048576 (custom)
2019-10-14 11:04:43,342 [pool-383-thread-1] INFO  server.RaftServerConfigKeys (ConfUtils.java:logGet(43)) - raft.server.log.write.buffer.size = 33554432 (custom)
2019-10-14 11:04:43,342 [pool-393-thread-1] INFO  server.RaftServerConfigKeys (ConfUtils.java:logGet(43)) - raft.server.log.segment.cache.num.max = 2 (custom)
2019-10-14 11:04:43,343 [pool-383-thread-1] INFO  server.RaftServerConfigKeys (ConfUtils.java:logGet(43)) - raft.server.log.force.sync.num = 128 (default)
2019-10-14 11:04:43,343 [pool-403-thread-1] INFO  server.RaftServerConfigKeys (ConfUtils.java:logGet(43)) - raft.server.log.segment.cache.num.max = 2 (custom)
2019-10-14 11:04:43,343 [pool-383-thread-1] INFO  server.RaftServerConfigKeys (ConfUtils.java:logGet(43)) - raft.server.log.statemachine.data.sync = true (default)
2019-10-14 11:04:43,343 [pool-393-thread-1] INFO  segmented.SegmentedRaftLogWorker (SegmentedRaftLogWorker.java:<init>(173)) - new 1dac4e55-0211-4f38-bdea-c52596ea96b1@group-35F4257C22E6-SegmentedRaftLogWorker for RaftStorage:Storage Directory /workdir/hadoop-ozone/integration-test/target/test-dir/MiniOzoneClusterImpl-db97c445-3a48-427a-af40-d714fe85aeb9/datanode-1/data/ratis/9b35321c-c648-4549-b7b2-35f4257c22e6
2019-10-14 11:04:43,343 [pool-383-thread-1] INFO  server.RaftServerConfigKeys (ConfUtils.java:logGet(43)) - raft.server.log.statemachine.data.sync.timeout = 10s (default)
2019-10-14 11:04:43,343 [pool-403-thread-1] INFO  segmented.SegmentedRaftLogWorker (SegmentedRaftLogWorker.java:<init>(173)) - new 821904a1-ff9d-4afb-845f-01206dcc5c64@group-35F4257C22E6-SegmentedRaftLogWorker for RaftStorage:Storage Directory /workdir/hadoop-ozone/integration-test/target/test-dir/MiniOzoneClusterImpl-db97c445-3a48-427a-af40-d714fe85aeb9/datanode-2/data/ratis/9b35321c-c648-4549-b7b2-35f4257c22e6
2019-10-14 11:04:43,343 [pool-383-thread-1] INFO  server.RaftServerConfigKeys (ConfUtils.java:logGet(43)) - raft.server.log.statemachine.data.sync.timeout.retry = -1 (default)
2019-10-14 11:04:43,343 [pool-393-thread-1] INFO  server.RaftServerConfigKeys (ConfUtils.java:logGet(43)) - raft.server.log.queue.byte-limit = 2147483647 (custom)
2019-10-14 11:04:43,343 [pool-403-thread-1] INFO  server.RaftServerConfigKeys (ConfUtils.java:logGet(43)) - raft.server.log.queue.byte-limit = 2147483647 (custom)
2019-10-14 11:04:43,343 [pool-383-thread-1] INFO  server.RaftServerConfigKeys (ConfUtils.java:logGet(43)) - raft.server.log.statemachine.data.caching.enabled = true (custom)
2019-10-14 11:04:43,343 [pool-393-thread-1] INFO  server.RaftServerConfigKeys (ConfUtils.java:logGet(43)) - raft.server.log.queue.element-limit = 1024 (custom)
2019-10-14 11:04:43,344 [pool-403-thread-1] INFO  server.RaftServerConfigKeys (ConfUtils.java:logGet(43)) - raft.server.log.queue.element-limit = 1024 (custom)
2019-10-14 11:04:43,344 [pool-383-thread-1] INFO  segmented.SegmentedRaftLogWorker (SegmentedRaftLogWorker.java:lambda$new$0(128)) - 3ba1fc0d-56df-4e15-a330-3914602d5a0a@group-35F4257C22E6-SegmentedRaftLogWorker: flushIndex: setUnconditionally 0 -> -1
2019-10-14 11:04:43,344 [pool-393-thread-1] INFO  server.RaftServerConfigKeys (ConfUtils.java:logGet(43)) - raft.server.log.segment.size.max = 1048576 (custom)
2019-10-14 11:04:43,344 [pool-403-thread-1] INFO  server.RaftServerConfigKeys (ConfUtils.java:logGet(43)) - raft.server.log.segment.size.max = 1048576 (custom)
2019-10-14 11:04:43,344 [pool-393-thread-1] INFO  server.RaftServerConfigKeys (ConfUtils.java:logGet(43)) - raft.server.log.preallocated.size = 16384 (custom)
2019-10-14 11:04:43,344 [pool-383-thread-1] INFO  server.RaftServerConfigKeys (ConfUtils.java:logGet(43)) - raft.server.snapshot.auto.trigger.enabled = true (custom)
2019-10-14 11:04:43,344 [pool-393-thread-1] INFO  server.RaftServerConfigKeys (ConfUtils.java:logGet(43)) - raft.server.log.write.buffer.size = 33554432 (custom)
2019-10-14 11:04:43,344 [pool-403-thread-1] INFO  server.RaftServerConfigKeys (ConfUtils.java:logGet(43)) - raft.server.log.preallocated.size = 16384 (custom)
2019-10-14 11:04:43,345 [pool-393-thread-1] INFO  server.RaftServerConfigKeys (ConfUtils.java:logGet(43)) - raft.server.log.force.sync.num = 128 (default)
2019-10-14 11:04:43,344 [pool-383-thread-1] INFO  server.RaftServerConfigKeys (ConfUtils.java:logGet(43)) - raft.server.snapshot.auto.trigger.threshold = 10000 (custom)
2019-10-14 11:04:43,345 [pool-393-thread-1] INFO  server.RaftServerConfigKeys (ConfUtils.java:logGet(43)) - raft.server.log.statemachine.data.sync = true (default)
2019-10-14 11:04:43,345 [pool-403-thread-1] INFO  server.RaftServerConfigKeys (ConfUtils.java:logGet(43)) - raft.server.log.write.buffer.size = 33554432 (custom)
2019-10-14 11:04:43,345 [pool-393-thread-1] INFO  server.RaftServerConfigKeys (ConfUtils.java:logGet(43)) - raft.server.log.statemachine.data.sync.timeout = 10s (default)
2019-10-14 11:04:43,345 [pool-383-thread-1] INFO  server.RaftServerConfigKeys (ConfUtils.java:logGet(43)) - raft.server.snapshot.retention.file.num = 5 (custom)
2019-10-14 11:04:43,345 [pool-393-thread-1] INFO  server.RaftServerConfigKeys (ConfUtils.java:logGet(43)) - raft.server.log.statemachine.data.sync.timeout.retry = -1 (default)
2019-10-14 11:04:43,345 [pool-403-thread-1] INFO  server.RaftServerConfigKeys (ConfUtils.java:logGet(43)) - raft.server.log.force.sync.num = 128 (default)
2019-10-14 11:04:43,345 [pool-393-thread-1] INFO  server.RaftServerConfigKeys (ConfUtils.java:logGet(43)) - raft.server.log.statemachine.data.caching.enabled = true (custom)
2019-10-14 11:04:43,345 [pool-383-thread-1] INFO  server.RaftServerConfigKeys (ConfUtils.java:logGet(43)) - raft.server.retrycache.expirytime = 600000ms (custom)
2019-10-14 11:04:43,345 [pool-403-thread-1] INFO  server.RaftServerConfigKeys (ConfUtils.java:logGet(43)) - raft.server.log.statemachine.data.sync = true (default)
2019-10-14 11:04:43,345 [pool-393-thread-1] INFO  segmented.SegmentedRaftLogWorker (SegmentedRaftLogWorker.java:lambda$new$0(128)) - 1dac4e55-0211-4f38-bdea-c52596ea96b1@group-35F4257C22E6-SegmentedRaftLogWorker: flushIndex: setUnconditionally 0 -> -1
2019-10-14 11:04:43,346 [pool-403-thread-1] INFO  server.RaftServerConfigKeys (ConfUtils.java:logGet(43)) - raft.server.log.statemachine.data.sync.timeout = 10s (default)
2019-10-14 11:04:43,346 [pool-393-thread-1] INFO  server.RaftServerConfigKeys (ConfUtils.java:logGet(43)) - raft.server.snapshot.auto.trigger.enabled = true (custom)
2019-10-14 11:04:43,346 [pool-403-thread-1] INFO  server.RaftServerConfigKeys (ConfUtils.java:logGet(43)) - raft.server.log.statemachine.data.sync.timeout.retry = -1 (default)
2019-10-14 11:04:43,346 [pool-393-thread-1] INFO  server.RaftServerConfigKeys (ConfUtils.java:logGet(43)) - raft.server.snapshot.auto.trigger.threshold = 10000 (custom)
2019-10-14 11:04:43,346 [pool-393-thread-1] INFO  server.RaftServerConfigKeys (ConfUtils.java:logGet(43)) - raft.server.snapshot.retention.file.num = 5 (custom)
2019-10-14 11:04:43,346 [pool-403-thread-1] INFO  server.RaftServerConfigKeys (ConfUtils.java:logGet(43)) - raft.server.log.statemachine.data.caching.enabled = true (custom)
2019-10-14 11:04:43,346 [pool-393-thread-1] INFO  server.RaftServerConfigKeys (ConfUtils.java:logGet(43)) - raft.server.retrycache.expirytime = 600000ms (custom)
2019-10-14 11:04:43,347 [pool-403-thread-1] INFO  segmented.SegmentedRaftLogWorker (SegmentedRaftLogWorker.java:lambda$new$0(128)) - 821904a1-ff9d-4afb-845f-01206dcc5c64@group-35F4257C22E6-SegmentedRaftLogWorker: flushIndex: setUnconditionally 0 -> -1
2019-10-14 11:04:43,347 [pool-403-thread-1] INFO  server.RaftServerConfigKeys (ConfUtils.java:logGet(43)) - raft.server.snapshot.auto.trigger.enabled = true (custom)
2019-10-14 11:04:43,347 [pool-403-thread-1] INFO  server.RaftServerConfigKeys (ConfUtils.java:logGet(43)) - raft.server.snapshot.auto.trigger.threshold = 10000 (custom)
2019-10-14 11:04:43,347 [pool-403-thread-1] INFO  server.RaftServerConfigKeys (ConfUtils.java:logGet(43)) - raft.server.snapshot.retention.file.num = 5 (custom)
2019-10-14 11:04:43,347 [pool-403-thread-1] INFO  server.RaftServerConfigKeys (ConfUtils.java:logGet(43)) - raft.server.retrycache.expirytime = 600000ms (custom)
2019-10-14 11:04:43,349 [pool-383-thread-1] INFO  impl.RaftServerImpl (RaftServerImpl.java:start(181)) - 3ba1fc0d-56df-4e15-a330-3914602d5a0a@group-35F4257C22E6: start as a follower, conf=-1: [1dac4e55-0211-4f38-bdea-c52596ea96b1:192.168.151.96:37692, 3ba1fc0d-56df-4e15-a330-3914602d5a0a:192.168.151.96:46171, 821904a1-ff9d-4afb-845f-01206dcc5c64:192.168.151.96:36203], old=null
2019-10-14 11:04:43,349 [pool-393-thread-1] INFO  impl.RaftServerImpl (RaftServerImpl.java:start(181)) - 1dac4e55-0211-4f38-bdea-c52596ea96b1@group-35F4257C22E6: start as a follower, conf=-1: [1dac4e55-0211-4f38-bdea-c52596ea96b1:192.168.151.96:37692, 3ba1fc0d-56df-4e15-a330-3914602d5a0a:192.168.151.96:46171, 821904a1-ff9d-4afb-845f-01206dcc5c64:192.168.151.96:36203], old=null
2019-10-14 11:04:43,349 [pool-393-thread-1] INFO  impl.RaftServerImpl (RaftServerImpl.java:setRole(170)) - 1dac4e55-0211-4f38-bdea-c52596ea96b1@group-35F4257C22E6: changes role from      null to FOLLOWER at term 0 for startAsFollower
2019-10-14 11:04:43,349 [pool-383-thread-1] INFO  impl.RaftServerImpl (RaftServerImpl.java:setRole(170)) - 3ba1fc0d-56df-4e15-a330-3914602d5a0a@group-35F4257C22E6: changes role from      null to FOLLOWER at term 0 for startAsFollower
2019-10-14 11:04:43,349 [pool-393-thread-1] INFO  impl.RoleInfo (RoleInfo.java:updateAndGet(143)) - 1dac4e55-0211-4f38-bdea-c52596ea96b1: start FollowerState
2019-10-14 11:04:43,349 [pool-383-thread-1] INFO  impl.RoleInfo (RoleInfo.java:updateAndGet(143)) - 3ba1fc0d-56df-4e15-a330-3914602d5a0a: start FollowerState
2019-10-14 11:04:43,350 [pool-403-thread-1] INFO  impl.RaftServerImpl (RaftServerImpl.java:start(181)) - 821904a1-ff9d-4afb-845f-01206dcc5c64@group-35F4257C22E6: start as a follower, conf=-1: [1dac4e55-0211-4f38-bdea-c52596ea96b1:192.168.151.96:37692, 3ba1fc0d-56df-4e15-a330-3914602d5a0a:192.168.151.96:46171, 821904a1-ff9d-4afb-845f-01206dcc5c64:192.168.151.96:36203], old=null
2019-10-14 11:04:43,350 [pool-403-thread-1] INFO  impl.RaftServerImpl (RaftServerImpl.java:setRole(170)) - 821904a1-ff9d-4afb-845f-01206dcc5c64@group-35F4257C22E6: changes role from      null to FOLLOWER at term 0 for startAsFollower
2019-10-14 11:04:43,350 [pool-393-thread-1] INFO  util.JmxRegister (JmxRegister.java:tryRegister(44)) - Successfully registered JMX Bean with object name Ratis:service=RaftServer,group=group-35F4257C22E6,id=1dac4e55-0211-4f38-bdea-c52596ea96b1
2019-10-14 11:04:43,350 [pool-403-thread-1] INFO  impl.RoleInfo (RoleInfo.java:updateAndGet(143)) - 821904a1-ff9d-4afb-845f-01206dcc5c64: start FollowerState
2019-10-14 11:04:43,350 [pool-383-thread-1] INFO  util.JmxRegister (JmxRegister.java:tryRegister(44)) - Successfully registered JMX Bean with object name Ratis:service=RaftServer,group=group-35F4257C22E6,id=3ba1fc0d-56df-4e15-a330-3914602d5a0a
2019-10-14 11:04:43,350 [pool-403-thread-1] INFO  util.JmxRegister (JmxRegister.java:tryRegister(44)) - Successfully registered JMX Bean with object name Ratis:service=RaftServer,group=group-35F4257C22E6,id=821904a1-ff9d-4afb-845f-01206dcc5c64
2019-10-14 11:04:43,356 [RatisPipelineUtilsThread] INFO  pipeline.PipelineStateManager (PipelineStateManager.java:addPipeline(56)) - Created pipeline Pipeline[ Id: 9b35321c-c648-4549-b7b2-35f4257c22e6, Nodes: 1dac4e55-0211-4f38-bdea-c52596ea96b1{ip: 192.168.151.96, host: pr-hdds-2196-x574v-1375001003, networkLocation: /default-rack, certSerialId: null}3ba1fc0d-56df-4e15-a330-3914602d5a0a{ip: 192.168.151.96, host: pr-hdds-2196-x574v-1375001003, networkLocation: /default-rack, certSerialId: null}821904a1-ff9d-4afb-845f-01206dcc5c64{ip: 192.168.151.96, host: pr-hdds-2196-x574v-1375001003, networkLocation: /default-rack, certSerialId: null}, Type:RATIS, Factor:THREE, State:OPEN]
2019-10-14 11:04:43,362 [IPC Server handler 2 on 43954] INFO  net.NetworkTopology (NetworkTopologyImpl.java:add(111)) - Added a new node: /default-rack/906faec9-e6d3-4a5c-aa74-a2949492db4a
2019-10-14 11:04:43,362 [IPC Server handler 2 on 43954] INFO  node.SCMNodeManager (SCMNodeManager.java:register(313)) - Registered Data node : 906faec9-e6d3-4a5c-aa74-a2949492db4a{ip: 192.168.151.96, host: pr-hdds-2196-x574v-1375001003, networkLocation: /default-rack, certSerialId: null}
2019-10-14 11:04:43,372 [grpc-default-executor-6] INFO  impl.RaftServerProxy (RaftServerProxy.java:addNew(89)) - 906faec9-e6d3-4a5c-aa74-a2949492db4a: addNew group-9B3F9C2FE104:[906faec9-e6d3-4a5c-aa74-a2949492db4a:192.168.151.96:38037] returns group-9B3F9C2FE104:java.util.concurrent.CompletableFuture@33a00800[Not completed]
2019-10-14 11:04:43,374 [pool-413-thread-1] INFO  impl.RaftServerImpl (RaftServerImpl.java:<init>(95)) - 906faec9-e6d3-4a5c-aa74-a2949492db4a: new RaftServerImpl for group-9B3F9C2FE104:[906faec9-e6d3-4a5c-aa74-a2949492db4a:192.168.151.96:38037] with ContainerStateMachine:uninitialized
2019-10-14 11:04:43,374 [pool-413-thread-1] INFO  server.RaftServerConfigKeys (ConfUtils.java:logGet(43)) - raft.server.rpc.timeout.min = 5s (custom)
2019-10-14 11:04:43,374 [pool-413-thread-1] INFO  server.RaftServerConfigKeys (ConfUtils.java:logGet(43)) - raft.server.rpc.timeout.max = 5200ms (custom)
2019-10-14 11:04:43,374 [pool-413-thread-1] INFO  server.RaftServerConfigKeys (ConfUtils.java:logGet(43)) - raft.server.rpcslowness.timeout = 120s (custom)
2019-10-14 11:04:43,374 [pool-413-thread-1] INFO  server.RaftServerConfigKeys (ConfUtils.java:logGet(43)) - raft.server.sleep.deviation.threshold = 300 (default)
2019-10-14 11:04:43,374 [pool-413-thread-1] INFO  server.RaftServerConfigKeys (ConfUtils.java:logGet(43)) - raft.server.log.appender.install.snapshot.enabled = false (custom)
2019-10-14 11:04:43,374 [pool-413-thread-1] INFO  impl.RaftServerImpl (ServerState.java:<init>(103)) - 906faec9-e6d3-4a5c-aa74-a2949492db4a@group-9B3F9C2FE104: ConfigurationManager, init=-1: [906faec9-e6d3-4a5c-aa74-a2949492db4a:192.168.151.96:38037], old=null, confs=<EMPTY_MAP>
2019-10-14 11:04:43,374 [pool-413-thread-1] INFO  server.RaftServerConfigKeys (ConfUtils.java:logGet(43)) - raft.server.storage.dir = [/workdir/hadoop-ozone/integration-test/target/test-dir/MiniOzoneClusterImpl-db97c445-3a48-427a-af40-d714fe85aeb9/datanode-3/data/ratis] (custom)
2019-10-14 11:04:43,375 [pool-413-thread-1] INFO  server.RaftServerConfigKeys (ConfUtils.java:logGet(43)) - raft.server.log.corruption.policy = EXCEPTION (default)
2019-10-14 11:04:43,375 [pool-413-thread-1] INFO  storage.RaftStorageDirectory (RaftStorageDirectory.java:analyzeStorage(246)) - The storage directory /workdir/hadoop-ozone/integration-test/target/test-dir/MiniOzoneClusterImpl-db97c445-3a48-427a-af40-d714fe85aeb9/datanode-3/data/ratis/007f4f69-5ac7-4363-9f8c-9b3f9c2fe104 does not exist. Creating ...
2019-10-14 11:04:43,378 [pool-413-thread-1] INFO  storage.RaftStorageDirectory (RaftStorageDirectory.java:tryLock(328)) - Lock on /workdir/hadoop-ozone/integration-test/target/test-dir/MiniOzoneClusterImpl-db97c445-3a48-427a-af40-d714fe85aeb9/datanode-3/data/ratis/007f4f69-5ac7-4363-9f8c-9b3f9c2fe104/in_use.lock acquired by nodename 13552@pr-hdds-2196-x574v-1375001003
2019-10-14 11:04:43,381 [pool-413-thread-1] INFO  storage.RaftStorage (RaftStorage.java:format(84)) - Storage directory /workdir/hadoop-ozone/integration-test/target/test-dir/MiniOzoneClusterImpl-db97c445-3a48-427a-af40-d714fe85aeb9/datanode-3/data/ratis/007f4f69-5ac7-4363-9f8c-9b3f9c2fe104 has been successfully formatted.
2019-10-14 11:04:43,382 [pool-413-thread-1] INFO  ratis.ContainerStateMachine (ContainerStateMachine.java:loadSnapshot(230)) - group-9B3F9C2FE104: The snapshot info is null. Setting the last applied indexto:(t:0, i:~)
2019-10-14 11:04:43,382 [pool-413-thread-1] INFO  server.RaftServerConfigKeys (ConfUtils.java:logGet(43)) - raft.server.notification.no-leader.timeout = 120s (custom)
2019-10-14 11:04:43,382 [pool-413-thread-1] INFO  server.RaftServerConfigKeys (ConfUtils.java:logGet(43)) - raft.server.log.use.memory = false (default)
2019-10-14 11:04:43,382 [pool-413-thread-1] INFO  server.RaftServerConfigKeys (ConfUtils.java:logGet(43)) - raft.server.log.purge.gap = 1000000 (custom)
2019-10-14 11:04:43,382 [pool-413-thread-1] INFO  server.RaftServerConfigKeys (ConfUtils.java:logGet(43)) - raft.server.log.appender.buffer.byte-limit = 33554432 (custom)
2019-10-14 11:04:43,382 [pool-413-thread-1] INFO  server.RaftServerConfigKeys (ConfUtils.java:logGet(43)) - raft.server.log.segment.size.max = 1048576 (custom)
2019-10-14 11:04:43,384 [pool-413-thread-1] INFO  server.RaftServerConfigKeys (ConfUtils.java:logGet(43)) - raft.server.log.segment.cache.num.max = 2 (custom)
2019-10-14 11:04:43,384 [pool-413-thread-1] INFO  segmented.SegmentedRaftLogWorker (SegmentedRaftLogWorker.java:<init>(173)) - new 906faec9-e6d3-4a5c-aa74-a2949492db4a@group-9B3F9C2FE104-SegmentedRaftLogWorker for RaftStorage:Storage Directory /workdir/hadoop-ozone/integration-test/target/test-dir/MiniOzoneClusterImpl-db97c445-3a48-427a-af40-d714fe85aeb9/datanode-3/data/ratis/007f4f69-5ac7-4363-9f8c-9b3f9c2fe104
2019-10-14 11:04:43,384 [pool-413-thread-1] INFO  server.RaftServerConfigKeys (ConfUtils.java:logGet(43)) - raft.server.log.queue.byte-limit = 2147483647 (custom)
2019-10-14 11:04:43,384 [pool-413-thread-1] INFO  server.RaftServerConfigKeys (ConfUtils.java:logGet(43)) - raft.server.log.queue.element-limit = 1024 (custom)
2019-10-14 11:04:43,384 [pool-413-thread-1] INFO  server.RaftServerConfigKeys (ConfUtils.java:logGet(43)) - raft.server.log.segment.size.max = 1048576 (custom)
2019-10-14 11:04:43,384 [pool-413-thread-1] INFO  server.RaftServerConfigKeys (ConfUtils.java:logGet(43)) - raft.server.log.preallocated.size = 16384 (custom)
2019-10-14 11:04:43,385 [pool-413-thread-1] INFO  server.RaftServerConfigKeys (ConfUtils.java:logGet(43)) - raft.server.log.write.buffer.size = 33554432 (custom)
2019-10-14 11:04:43,385 [pool-413-thread-1] INFO  server.RaftServerConfigKeys (ConfUtils.java:logGet(43)) - raft.server.log.force.sync.num = 128 (default)
2019-10-14 11:04:43,385 [pool-413-thread-1] INFO  server.RaftServerConfigKeys (ConfUtils.java:logGet(43)) - raft.server.log.statemachine.data.sync = true (default)
2019-10-14 11:04:43,385 [pool-413-thread-1] INFO  server.RaftServerConfigKeys (ConfUtils.java:logGet(43)) - raft.server.log.statemachine.data.sync.timeout = 10s (default)
2019-10-14 11:04:43,385 [pool-413-thread-1] INFO  server.RaftServerConfigKeys (ConfUtils.java:logGet(43)) - raft.server.log.statemachine.data.sync.timeout.retry = -1 (default)
2019-10-14 11:04:43,386 [pool-413-thread-1] INFO  server.RaftServerConfigKeys (ConfUtils.java:logGet(43)) - raft.server.log.statemachine.data.caching.enabled = true (custom)
2019-10-14 11:04:43,386 [pool-413-thread-1] INFO  segmented.SegmentedRaftLogWorker (SegmentedRaftLogWorker.java:lambda$new$0(128)) - 906faec9-e6d3-4a5c-aa74-a2949492db4a@group-9B3F9C2FE104-SegmentedRaftLogWorker: flushIndex: setUnconditionally 0 -> -1
2019-10-14 11:04:43,386 [pool-413-thread-1] INFO  server.RaftServerConfigKeys (ConfUtils.java:logGet(43)) - raft.server.snapshot.auto.trigger.enabled = true (custom)
2019-10-14 11:04:43,387 [pool-413-thread-1] INFO  server.RaftServerConfigKeys (ConfUtils.java:logGet(43)) - raft.server.snapshot.auto.trigger.threshold = 10000 (custom)
2019-10-14 11:04:43,387 [pool-413-thread-1] INFO  server.RaftServerConfigKeys (ConfUtils.java:logGet(43)) - raft.server.snapshot.retention.file.num = 5 (custom)
2019-10-14 11:04:43,387 [pool-413-thread-1] INFO  server.RaftServerConfigKeys (ConfUtils.java:logGet(43)) - raft.server.retrycache.expirytime = 600000ms (custom)
2019-10-14 11:04:43,389 [pool-413-thread-1] INFO  impl.RaftServerImpl (RaftServerImpl.java:start(181)) - 906faec9-e6d3-4a5c-aa74-a2949492db4a@group-9B3F9C2FE104: start as a follower, conf=-1: [906faec9-e6d3-4a5c-aa74-a2949492db4a:192.168.151.96:38037], old=null
2019-10-14 11:04:43,389 [pool-413-thread-1] INFO  impl.RaftServerImpl (RaftServerImpl.java:setRole(170)) - 906faec9-e6d3-4a5c-aa74-a2949492db4a@group-9B3F9C2FE104: changes role from      null to FOLLOWER at term 0 for startAsFollower
2019-10-14 11:04:43,389 [pool-413-thread-1] INFO  impl.RoleInfo (RoleInfo.java:updateAndGet(143)) - 906faec9-e6d3-4a5c-aa74-a2949492db4a: start FollowerState
2019-10-14 11:04:43,389 [pool-413-thread-1] INFO  util.JmxRegister (JmxRegister.java:tryRegister(44)) - Successfully registered JMX Bean with object name Ratis:service=RaftServer,group=group-9B3F9C2FE104,id=906faec9-e6d3-4a5c-aa74-a2949492db4a
2019-10-14 11:04:43,393 [RatisPipelineUtilsThread] INFO  pipeline.PipelineStateManager (PipelineStateManager.java:addPipeline(56)) - Created pipeline Pipeline[ Id: 007f4f69-5ac7-4363-9f8c-9b3f9c2fe104, Nodes: 906faec9-e6d3-4a5c-aa74-a2949492db4a{ip: 192.168.151.96, host: pr-hdds-2196-x574v-1375001003, networkLocation: /default-rack, certSerialId: null}, Type:RATIS, Factor:ONE, State:OPEN]
2019-10-14 11:04:43,459 [IPC Server handler 4 on 43954] INFO  net.NetworkTopology (NetworkTopologyImpl.java:add(111)) - Added a new node: /default-rack/2ad226cf-a5be-4e47-b5d8-e79e4a936f3f
2019-10-14 11:04:43,460 [IPC Server handler 4 on 43954] INFO  node.SCMNodeManager (SCMNodeManager.java:register(313)) - Registered Data node : 2ad226cf-a5be-4e47-b5d8-e79e4a936f3f{ip: 192.168.151.96, host: pr-hdds-2196-x574v-1375001003, networkLocation: /default-rack, certSerialId: null}
2019-10-14 11:04:43,468 [grpc-default-executor-6] INFO  impl.RaftServerProxy (RaftServerProxy.java:addNew(89)) - 2ad226cf-a5be-4e47-b5d8-e79e4a936f3f: addNew group-6B335ADFFEE5:[2ad226cf-a5be-4e47-b5d8-e79e4a936f3f:192.168.151.96:33887] returns group-6B335ADFFEE5:java.util.concurrent.CompletableFuture@aea21b6[Not completed]
2019-10-14 11:04:43,469 [pool-423-thread-1] INFO  impl.RaftServerImpl (RaftServerImpl.java:<init>(95)) - 2ad226cf-a5be-4e47-b5d8-e79e4a936f3f: new RaftServerImpl for group-6B335ADFFEE5:[2ad226cf-a5be-4e47-b5d8-e79e4a936f3f:192.168.151.96:33887] with ContainerStateMachine:uninitialized
2019-10-14 11:04:43,469 [pool-423-thread-1] INFO  server.RaftServerConfigKeys (ConfUtils.java:logGet(43)) - raft.server.rpc.timeout.min = 5s (custom)
2019-10-14 11:04:43,470 [pool-423-thread-1] INFO  server.RaftServerConfigKeys (ConfUtils.java:logGet(43)) - raft.server.rpc.timeout.max = 5200ms (custom)
2019-10-14 11:04:43,470 [pool-423-thread-1] INFO  server.RaftServerConfigKeys (ConfUtils.java:logGet(43)) - raft.server.rpcslowness.timeout = 120s (custom)
2019-10-14 11:04:43,470 [pool-423-thread-1] INFO  server.RaftServerConfigKeys (ConfUtils.java:logGet(43)) - raft.server.sleep.deviation.threshold = 300 (default)
2019-10-14 11:04:43,470 [pool-423-thread-1] INFO  server.RaftServerConfigKeys (ConfUtils.java:logGet(43)) - raft.server.log.appender.install.snapshot.enabled = false (custom)
2019-10-14 11:04:43,470 [pool-423-thread-1] INFO  impl.RaftServerImpl (ServerState.java:<init>(103)) - 2ad226cf-a5be-4e47-b5d8-e79e4a936f3f@group-6B335ADFFEE5: ConfigurationManager, init=-1: [2ad226cf-a5be-4e47-b5d8-e79e4a936f3f:192.168.151.96:33887], old=null, confs=<EMPTY_MAP>
2019-10-14 11:04:43,470 [pool-423-thread-1] INFO  server.RaftServerConfigKeys (ConfUtils.java:logGet(43)) - raft.server.storage.dir = [/workdir/hadoop-ozone/integration-test/target/test-dir/MiniOzoneClusterImpl-db97c445-3a48-427a-af40-d714fe85aeb9/datanode-4/data/ratis] (custom)
2019-10-14 11:04:43,470 [pool-423-thread-1] INFO  server.RaftServerConfigKeys (ConfUtils.java:logGet(43)) - raft.server.log.corruption.policy = EXCEPTION (default)
2019-10-14 11:04:43,470 [pool-423-thread-1] INFO  storage.RaftStorageDirectory (RaftStorageDirectory.java:analyzeStorage(246)) - The storage directory /workdir/hadoop-ozone/integration-test/target/test-dir/MiniOzoneClusterImpl-db97c445-3a48-427a-af40-d714fe85aeb9/datanode-4/data/ratis/8ea45e60-6ab3-408e-8d8d-6b335adffee5 does not exist. Creating ...
2019-10-14 11:04:43,474 [pool-423-thread-1] INFO  storage.RaftStorageDirectory (RaftStorageDirectory.java:tryLock(328)) - Lock on /workdir/hadoop-ozone/integration-test/target/test-dir/MiniOzoneClusterImpl-db97c445-3a48-427a-af40-d714fe85aeb9/datanode-4/data/ratis/8ea45e60-6ab3-408e-8d8d-6b335adffee5/in_use.lock acquired by nodename 13552@pr-hdds-2196-x574v-1375001003
2019-10-14 11:04:43,481 [pool-423-thread-1] INFO  storage.RaftStorage (RaftStorage.java:format(84)) - Storage directory /workdir/hadoop-ozone/integration-test/target/test-dir/MiniOzoneClusterImpl-db97c445-3a48-427a-af40-d714fe85aeb9/datanode-4/data/ratis/8ea45e60-6ab3-408e-8d8d-6b335adffee5 has been successfully formatted.
2019-10-14 11:04:43,481 [pool-423-thread-1] INFO  ratis.ContainerStateMachine (ContainerStateMachine.java:loadSnapshot(230)) - group-6B335ADFFEE5: The snapshot info is null. Setting the last applied indexto:(t:0, i:~)
2019-10-14 11:04:43,481 [pool-423-thread-1] INFO  server.RaftServerConfigKeys (ConfUtils.java:logGet(43)) - raft.server.notification.no-leader.timeout = 120s (custom)
2019-10-14 11:04:43,482 [pool-423-thread-1] INFO  server.RaftServerConfigKeys (ConfUtils.java:logGet(43)) - raft.server.log.use.memory = false (default)
2019-10-14 11:04:43,482 [pool-423-thread-1] INFO  server.RaftServerConfigKeys (ConfUtils.java:logGet(43)) - raft.server.log.purge.gap = 1000000 (custom)
2019-10-14 11:04:43,482 [pool-423-thread-1] INFO  server.RaftServerConfigKeys (ConfUtils.java:logGet(43)) - raft.server.log.appender.buffer.byte-limit = 33554432 (custom)
2019-10-14 11:04:43,482 [pool-423-thread-1] INFO  server.RaftServerConfigKeys (ConfUtils.java:logGet(43)) - raft.server.log.segment.size.max = 1048576 (custom)
2019-10-14 11:04:43,484 [pool-423-thread-1] INFO  server.RaftServerConfigKeys (ConfUtils.java:logGet(43)) - raft.server.log.segment.cache.num.max = 2 (custom)
2019-10-14 11:04:43,484 [pool-423-thread-1] INFO  segmented.SegmentedRaftLogWorker (SegmentedRaftLogWorker.java:<init>(173)) - new 2ad226cf-a5be-4e47-b5d8-e79e4a936f3f@group-6B335ADFFEE5-SegmentedRaftLogWorker for RaftStorage:Storage Directory /workdir/hadoop-ozone/integration-test/target/test-dir/MiniOzoneClusterImpl-db97c445-3a48-427a-af40-d714fe85aeb9/datanode-4/data/ratis/8ea45e60-6ab3-408e-8d8d-6b335adffee5
2019-10-14 11:04:43,484 [pool-423-thread-1] INFO  server.RaftServerConfigKeys (ConfUtils.java:logGet(43)) - raft.server.log.queue.byte-limit = 2147483647 (custom)
2019-10-14 11:04:43,484 [pool-423-thread-1] INFO  server.RaftServerConfigKeys (ConfUtils.java:logGet(43)) - raft.server.log.queue.element-limit = 1024 (custom)
2019-10-14 11:04:43,484 [pool-423-thread-1] INFO  server.RaftServerConfigKeys (ConfUtils.java:logGet(43)) - raft.server.log.segment.size.max = 1048576 (custom)
2019-10-14 11:04:43,484 [pool-423-thread-1] INFO  server.RaftServerConfigKeys (ConfUtils.java:logGet(43)) - raft.server.log.preallocated.size = 16384 (custom)
2019-10-14 11:04:43,484 [pool-423-thread-1] INFO  server.RaftServerConfigKeys (ConfUtils.java:logGet(43)) - raft.server.log.write.buffer.size = 33554432 (custom)
2019-10-14 11:04:43,485 [pool-423-thread-1] INFO  server.RaftServerConfigKeys (ConfUtils.java:logGet(43)) - raft.server.log.force.sync.num = 128 (default)
2019-10-14 11:04:43,485 [pool-423-thread-1] INFO  server.RaftServerConfigKeys (ConfUtils.java:logGet(43)) - raft.server.log.statemachine.data.sync = true (default)
2019-10-14 11:04:43,485 [pool-423-thread-1] INFO  server.RaftServerConfigKeys (ConfUtils.java:logGet(43)) - raft.server.log.statemachine.data.sync.timeout = 10s (default)
2019-10-14 11:04:43,485 [pool-423-thread-1] INFO  server.RaftServerConfigKeys (ConfUtils.java:logGet(43)) - raft.server.log.statemachine.data.sync.timeout.retry = -1 (default)
2019-10-14 11:04:43,485 [pool-423-thread-1] INFO  server.RaftServerConfigKeys (ConfUtils.java:logGet(43)) - raft.server.log.statemachine.data.caching.enabled = true (custom)
2019-10-14 11:04:43,486 [pool-423-thread-1] INFO  segmented.SegmentedRaftLogWorker (SegmentedRaftLogWorker.java:lambda$new$0(128)) - 2ad226cf-a5be-4e47-b5d8-e79e4a936f3f@group-6B335ADFFEE5-SegmentedRaftLogWorker: flushIndex: setUnconditionally 0 -> -1
2019-10-14 11:04:43,486 [pool-423-thread-1] INFO  server.RaftServerConfigKeys (ConfUtils.java:logGet(43)) - raft.server.snapshot.auto.trigger.enabled = true (custom)
2019-10-14 11:04:43,486 [pool-423-thread-1] INFO  server.RaftServerConfigKeys (ConfUtils.java:logGet(43)) - raft.server.snapshot.auto.trigger.threshold = 10000 (custom)
2019-10-14 11:04:43,486 [pool-423-thread-1] INFO  server.RaftServerConfigKeys (ConfUtils.java:logGet(43)) - raft.server.snapshot.retention.file.num = 5 (custom)
2019-10-14 11:04:43,487 [pool-423-thread-1] INFO  server.RaftServerConfigKeys (ConfUtils.java:logGet(43)) - raft.server.retrycache.expirytime = 600000ms (custom)
2019-10-14 11:04:43,489 [pool-423-thread-1] INFO  impl.RaftServerImpl (RaftServerImpl.java:start(181)) - 2ad226cf-a5be-4e47-b5d8-e79e4a936f3f@group-6B335ADFFEE5: start as a follower, conf=-1: [2ad226cf-a5be-4e47-b5d8-e79e4a936f3f:192.168.151.96:33887], old=null
2019-10-14 11:04:43,489 [pool-423-thread-1] INFO  impl.RaftServerImpl (RaftServerImpl.java:setRole(170)) - 2ad226cf-a5be-4e47-b5d8-e79e4a936f3f@group-6B335ADFFEE5: changes role from      null to FOLLOWER at term 0 for startAsFollower
2019-10-14 11:04:43,489 [pool-423-thread-1] INFO  impl.RoleInfo (RoleInfo.java:updateAndGet(143)) - 2ad226cf-a5be-4e47-b5d8-e79e4a936f3f: start FollowerState
2019-10-14 11:04:43,489 [pool-423-thread-1] INFO  util.JmxRegister (JmxRegister.java:tryRegister(44)) - Successfully registered JMX Bean with object name Ratis:service=RaftServer,group=group-6B335ADFFEE5,id=2ad226cf-a5be-4e47-b5d8-e79e4a936f3f
2019-10-14 11:04:43,493 [RatisPipelineUtilsThread] INFO  pipeline.PipelineStateManager (PipelineStateManager.java:addPipeline(56)) - Created pipeline Pipeline[ Id: 8ea45e60-6ab3-408e-8d8d-6b335adffee5, Nodes: 2ad226cf-a5be-4e47-b5d8-e79e4a936f3f{ip: 192.168.151.96, host: pr-hdds-2196-x574v-1375001003, networkLocation: /default-rack, certSerialId: null}, Type:RATIS, Factor:ONE, State:OPEN]
2019-10-14 11:04:43,554 [IPC Server handler 5 on 43954] INFO  net.NetworkTopology (NetworkTopologyImpl.java:add(111)) - Added a new node: /default-rack/28a12880-bb8f-4540-bfd7-792cf915abcd
2019-10-14 11:04:43,554 [IPC Server handler 5 on 43954] INFO  node.SCMNodeManager (SCMNodeManager.java:register(313)) - Registered Data node : 28a12880-bb8f-4540-bfd7-792cf915abcd{ip: 192.168.151.96, host: pr-hdds-2196-x574v-1375001003, networkLocation: /default-rack, certSerialId: null}
2019-10-14 11:04:43,565 [grpc-default-executor-6] INFO  impl.RaftServerProxy (RaftServerProxy.java:addNew(89)) - 28a12880-bb8f-4540-bfd7-792cf915abcd: addNew group-C43A348D8601:[28a12880-bb8f-4540-bfd7-792cf915abcd:192.168.151.96:39235] returns group-C43A348D8601:java.util.concurrent.CompletableFuture@153eca07[Not completed]
2019-10-14 11:04:43,566 [pool-433-thread-1] INFO  impl.RaftServerImpl (RaftServerImpl.java:<init>(95)) - 28a12880-bb8f-4540-bfd7-792cf915abcd: new RaftServerImpl for group-C43A348D8601:[28a12880-bb8f-4540-bfd7-792cf915abcd:192.168.151.96:39235] with ContainerStateMachine:uninitialized
2019-10-14 11:04:43,566 [pool-433-thread-1] INFO  server.RaftServerConfigKeys (ConfUtils.java:logGet(43)) - raft.server.rpc.timeout.min = 5s (custom)
2019-10-14 11:04:43,566 [pool-433-thread-1] INFO  server.RaftServerConfigKeys (ConfUtils.java:logGet(43)) - raft.server.rpc.timeout.max = 5200ms (custom)
2019-10-14 11:04:43,566 [pool-433-thread-1] INFO  server.RaftServerConfigKeys (ConfUtils.java:logGet(43)) - raft.server.rpcslowness.timeout = 120s (custom)
2019-10-14 11:04:43,566 [pool-433-thread-1] INFO  server.RaftServerConfigKeys (ConfUtils.java:logGet(43)) - raft.server.sleep.deviation.threshold = 300 (default)
2019-10-14 11:04:43,566 [pool-433-thread-1] INFO  server.RaftServerConfigKeys (ConfUtils.java:logGet(43)) - raft.server.log.appender.install.snapshot.enabled = false (custom)
2019-10-14 11:04:43,566 [pool-433-thread-1] INFO  impl.RaftServerImpl (ServerState.java:<init>(103)) - 28a12880-bb8f-4540-bfd7-792cf915abcd@group-C43A348D8601: ConfigurationManager, init=-1: [28a12880-bb8f-4540-bfd7-792cf915abcd:192.168.151.96:39235], old=null, confs=<EMPTY_MAP>
2019-10-14 11:04:43,566 [pool-433-thread-1] INFO  server.RaftServerConfigKeys (ConfUtils.java:logGet(43)) - raft.server.storage.dir = [/workdir/hadoop-ozone/integration-test/target/test-dir/MiniOzoneClusterImpl-db97c445-3a48-427a-af40-d714fe85aeb9/datanode-5/data/ratis] (custom)
2019-10-14 11:04:43,567 [pool-433-thread-1] INFO  server.RaftServerConfigKeys (ConfUtils.java:logGet(43)) - raft.server.log.corruption.policy = EXCEPTION (default)
2019-10-14 11:04:43,567 [pool-433-thread-1] INFO  storage.RaftStorageDirectory (RaftStorageDirectory.java:analyzeStorage(246)) - The storage directory /workdir/hadoop-ozone/integration-test/target/test-dir/MiniOzoneClusterImpl-db97c445-3a48-427a-af40-d714fe85aeb9/datanode-5/data/ratis/fd80a67c-9752-4664-b6a1-c43a348d8601 does not exist. Creating ...
2019-10-14 11:04:43,582 [pool-433-thread-1] INFO  storage.RaftStorageDirectory (RaftStorageDirectory.java:tryLock(328)) - Lock on /workdir/hadoop-ozone/integration-test/target/test-dir/MiniOzoneClusterImpl-db97c445-3a48-427a-af40-d714fe85aeb9/datanode-5/data/ratis/fd80a67c-9752-4664-b6a1-c43a348d8601/in_use.lock acquired by nodename 13552@pr-hdds-2196-x574v-1375001003
2019-10-14 11:04:43,595 [pool-433-thread-1] INFO  storage.RaftStorage (RaftStorage.java:format(84)) - Storage directory /workdir/hadoop-ozone/integration-test/target/test-dir/MiniOzoneClusterImpl-db97c445-3a48-427a-af40-d714fe85aeb9/datanode-5/data/ratis/fd80a67c-9752-4664-b6a1-c43a348d8601 has been successfully formatted.
2019-10-14 11:04:43,596 [pool-433-thread-1] INFO  ratis.ContainerStateMachine (ContainerStateMachine.java:loadSnapshot(230)) - group-C43A348D8601: The snapshot info is null. Setting the last applied indexto:(t:0, i:~)
2019-10-14 11:04:43,596 [pool-433-thread-1] INFO  server.RaftServerConfigKeys (ConfUtils.java:logGet(43)) - raft.server.notification.no-leader.timeout = 120s (custom)
2019-10-14 11:04:43,596 [pool-433-thread-1] INFO  server.RaftServerConfigKeys (ConfUtils.java:logGet(43)) - raft.server.log.use.memory = false (default)
2019-10-14 11:04:43,596 [pool-433-thread-1] INFO  server.RaftServerConfigKeys (ConfUtils.java:logGet(43)) - raft.server.log.purge.gap = 1000000 (custom)
2019-10-14 11:04:43,596 [pool-433-thread-1] INFO  server.RaftServerConfigKeys (ConfUtils.java:logGet(43)) - raft.server.log.appender.buffer.byte-limit = 33554432 (custom)
2019-10-14 11:04:43,596 [pool-433-thread-1] INFO  server.RaftServerConfigKeys (ConfUtils.java:logGet(43)) - raft.server.log.segment.size.max = 1048576 (custom)
2019-10-14 11:04:43,597 [pool-433-thread-1] INFO  server.RaftServerConfigKeys (ConfUtils.java:logGet(43)) - raft.server.log.segment.cache.num.max = 2 (custom)
2019-10-14 11:04:43,597 [pool-433-thread-1] INFO  segmented.SegmentedRaftLogWorker (SegmentedRaftLogWorker.java:<init>(173)) - new 28a12880-bb8f-4540-bfd7-792cf915abcd@group-C43A348D8601-SegmentedRaftLogWorker for RaftStorage:Storage Directory /workdir/hadoop-ozone/integration-test/target/test-dir/MiniOzoneClusterImpl-db97c445-3a48-427a-af40-d714fe85aeb9/datanode-5/data/ratis/fd80a67c-9752-4664-b6a1-c43a348d8601
2019-10-14 11:04:43,598 [pool-433-thread-1] INFO  server.RaftServerConfigKeys (ConfUtils.java:logGet(43)) - raft.server.log.queue.byte-limit = 2147483647 (custom)
2019-10-14 11:04:43,598 [pool-433-thread-1] INFO  server.RaftServerConfigKeys (ConfUtils.java:logGet(43)) - raft.server.log.queue.element-limit = 1024 (custom)
2019-10-14 11:04:43,598 [pool-433-thread-1] INFO  server.RaftServerConfigKeys (ConfUtils.java:logGet(43)) - raft.server.log.segment.size.max = 1048576 (custom)
2019-10-14 11:04:43,598 [pool-433-thread-1] INFO  server.RaftServerConfigKeys (ConfUtils.java:logGet(43)) - raft.server.log.preallocated.size = 16384 (custom)
2019-10-14 11:04:43,598 [pool-433-thread-1] INFO  server.RaftServerConfigKeys (ConfUtils.java:logGet(43)) - raft.server.log.write.buffer.size = 33554432 (custom)
2019-10-14 11:04:43,598 [pool-433-thread-1] INFO  server.RaftServerConfigKeys (ConfUtils.java:logGet(43)) - raft.server.log.force.sync.num = 128 (default)
2019-10-14 11:04:43,598 [pool-433-thread-1] INFO  server.RaftServerConfigKeys (ConfUtils.java:logGet(43)) - raft.server.log.statemachine.data.sync = true (default)
2019-10-14 11:04:43,598 [pool-433-thread-1] INFO  server.RaftServerConfigKeys (ConfUtils.java:logGet(43)) - raft.server.log.statemachine.data.sync.timeout = 10s (default)
2019-10-14 11:04:43,598 [pool-433-thread-1] INFO  server.RaftServerConfigKeys (ConfUtils.java:logGet(43)) - raft.server.log.statemachine.data.sync.timeout.retry = -1 (default)
2019-10-14 11:04:43,599 [pool-433-thread-1] INFO  server.RaftServerConfigKeys (ConfUtils.java:logGet(43)) - raft.server.log.statemachine.data.caching.enabled = true (custom)
2019-10-14 11:04:43,599 [pool-433-thread-1] INFO  segmented.SegmentedRaftLogWorker (SegmentedRaftLogWorker.java:lambda$new$0(128)) - 28a12880-bb8f-4540-bfd7-792cf915abcd@group-C43A348D8601-SegmentedRaftLogWorker: flushIndex: setUnconditionally 0 -> -1
2019-10-14 11:04:43,600 [pool-433-thread-1] INFO  server.RaftServerConfigKeys (ConfUtils.java:logGet(43)) - raft.server.snapshot.auto.trigger.enabled = true (custom)
2019-10-14 11:04:43,600 [pool-433-thread-1] INFO  server.RaftServerConfigKeys (ConfUtils.java:logGet(43)) - raft.server.snapshot.auto.trigger.threshold = 10000 (custom)
2019-10-14 11:04:43,600 [pool-433-thread-1] INFO  server.RaftServerConfigKeys (ConfUtils.java:logGet(43)) - raft.server.snapshot.retention.file.num = 5 (custom)
2019-10-14 11:04:43,600 [pool-433-thread-1] INFO  server.RaftServerConfigKeys (ConfUtils.java:logGet(43)) - raft.server.retrycache.expirytime = 600000ms (custom)
2019-10-14 11:04:43,602 [pool-433-thread-1] INFO  impl.RaftServerImpl (RaftServerImpl.java:start(181)) - 28a12880-bb8f-4540-bfd7-792cf915abcd@group-C43A348D8601: start as a follower, conf=-1: [28a12880-bb8f-4540-bfd7-792cf915abcd:192.168.151.96:39235], old=null
2019-10-14 11:04:43,602 [pool-433-thread-1] INFO  impl.RaftServerImpl (RaftServerImpl.java:setRole(170)) - 28a12880-bb8f-4540-bfd7-792cf915abcd@group-C43A348D8601: changes role from      null to FOLLOWER at term 0 for startAsFollower
2019-10-14 11:04:43,602 [pool-433-thread-1] INFO  impl.RoleInfo (RoleInfo.java:updateAndGet(143)) - 28a12880-bb8f-4540-bfd7-792cf915abcd: start FollowerState
2019-10-14 11:04:43,603 [pool-433-thread-1] INFO  util.JmxRegister (JmxRegister.java:tryRegister(44)) - Successfully registered JMX Bean with object name Ratis:service=RaftServer,group=group-C43A348D8601,id=28a12880-bb8f-4540-bfd7-792cf915abcd
2019-10-14 11:04:43,606 [RatisPipelineUtilsThread] INFO  pipeline.PipelineStateManager (PipelineStateManager.java:addPipeline(56)) - Created pipeline Pipeline[ Id: fd80a67c-9752-4664-b6a1-c43a348d8601, Nodes: 28a12880-bb8f-4540-bfd7-792cf915abcd{ip: 192.168.151.96, host: pr-hdds-2196-x574v-1375001003, networkLocation: /default-rack, certSerialId: null}, Type:RATIS, Factor:ONE, State:OPEN]
2019-10-14 11:04:43,626 [grpc-default-executor-11] INFO  impl.RaftServerProxy (RaftServerProxy.java:addNew(89)) - 28a12880-bb8f-4540-bfd7-792cf915abcd: addNew group-2150B91DA8B0:[28a12880-bb8f-4540-bfd7-792cf915abcd:192.168.151.96:39235, 2ad226cf-a5be-4e47-b5d8-e79e4a936f3f:192.168.151.96:33887, 906faec9-e6d3-4a5c-aa74-a2949492db4a:192.168.151.96:38037] returns group-2150B91DA8B0:java.util.concurrent.CompletableFuture@3ee07740[Not completed]
2019-10-14 11:04:43,627 [grpc-default-executor-6] INFO  impl.RaftServerProxy (RaftServerProxy.java:addNew(89)) - 2ad226cf-a5be-4e47-b5d8-e79e4a936f3f: addNew group-2150B91DA8B0:[28a12880-bb8f-4540-bfd7-792cf915abcd:192.168.151.96:39235, 2ad226cf-a5be-4e47-b5d8-e79e4a936f3f:192.168.151.96:33887, 906faec9-e6d3-4a5c-aa74-a2949492db4a:192.168.151.96:38037] returns group-2150B91DA8B0:java.util.concurrent.CompletableFuture@398b9964[Not completed]
2019-10-14 11:04:43,627 [grpc-default-executor-11] INFO  impl.RaftServerProxy (RaftServerProxy.java:addNew(89)) - 906faec9-e6d3-4a5c-aa74-a2949492db4a: addNew group-2150B91DA8B0:[28a12880-bb8f-4540-bfd7-792cf915abcd:192.168.151.96:39235, 2ad226cf-a5be-4e47-b5d8-e79e4a936f3f:192.168.151.96:33887, 906faec9-e6d3-4a5c-aa74-a2949492db4a:192.168.151.96:38037] returns group-2150B91DA8B0:java.util.concurrent.CompletableFuture@4d5b6d26[Not completed]
2019-10-14 11:04:43,627 [pool-433-thread-1] INFO  impl.RaftServerImpl (RaftServerImpl.java:<init>(95)) - 28a12880-bb8f-4540-bfd7-792cf915abcd: new RaftServerImpl for group-2150B91DA8B0:[28a12880-bb8f-4540-bfd7-792cf915abcd:192.168.151.96:39235, 2ad226cf-a5be-4e47-b5d8-e79e4a936f3f:192.168.151.96:33887, 906faec9-e6d3-4a5c-aa74-a2949492db4a:192.168.151.96:38037] with ContainerStateMachine:uninitialized
2019-10-14 11:04:43,627 [pool-433-thread-1] INFO  server.RaftServerConfigKeys (ConfUtils.java:logGet(43)) - raft.server.rpc.timeout.min = 5s (custom)
2019-10-14 11:04:43,628 [pool-433-thread-1] INFO  server.RaftServerConfigKeys (ConfUtils.java:logGet(43)) - raft.server.rpc.timeout.max = 5200ms (custom)
2019-10-14 11:04:43,628 [pool-433-thread-1] INFO  server.RaftServerConfigKeys (ConfUtils.java:logGet(43)) - raft.server.rpcslowness.timeout = 120s (custom)
2019-10-14 11:04:43,628 [pool-433-thread-1] INFO  server.RaftServerConfigKeys (ConfUtils.java:logGet(43)) - raft.server.sleep.deviation.threshold = 300 (default)
2019-10-14 11:04:43,628 [pool-433-thread-1] INFO  server.RaftServerConfigKeys (ConfUtils.java:logGet(43)) - raft.server.log.appender.install.snapshot.enabled = false (custom)
2019-10-14 11:04:43,628 [pool-423-thread-1] INFO  impl.RaftServerImpl (RaftServerImpl.java:<init>(95)) - 2ad226cf-a5be-4e47-b5d8-e79e4a936f3f: new RaftServerImpl for group-2150B91DA8B0:[28a12880-bb8f-4540-bfd7-792cf915abcd:192.168.151.96:39235, 2ad226cf-a5be-4e47-b5d8-e79e4a936f3f:192.168.151.96:33887, 906faec9-e6d3-4a5c-aa74-a2949492db4a:192.168.151.96:38037] with ContainerStateMachine:uninitialized
2019-10-14 11:04:43,628 [pool-433-thread-1] INFO  impl.RaftServerImpl (ServerState.java:<init>(103)) - 28a12880-bb8f-4540-bfd7-792cf915abcd@group-2150B91DA8B0: ConfigurationManager, init=-1: [28a12880-bb8f-4540-bfd7-792cf915abcd:192.168.151.96:39235, 2ad226cf-a5be-4e47-b5d8-e79e4a936f3f:192.168.151.96:33887, 906faec9-e6d3-4a5c-aa74-a2949492db4a:192.168.151.96:38037], old=null, confs=<EMPTY_MAP>
2019-10-14 11:04:43,628 [pool-423-thread-1] INFO  server.RaftServerConfigKeys (ConfUtils.java:logGet(43)) - raft.server.rpc.timeout.min = 5s (custom)
2019-10-14 11:04:43,628 [pool-433-thread-1] INFO  server.RaftServerConfigKeys (ConfUtils.java:logGet(43)) - raft.server.storage.dir = [/workdir/hadoop-ozone/integration-test/target/test-dir/MiniOzoneClusterImpl-db97c445-3a48-427a-af40-d714fe85aeb9/datanode-5/data/ratis] (custom)
2019-10-14 11:04:43,628 [pool-423-thread-1] INFO  server.RaftServerConfigKeys (ConfUtils.java:logGet(43)) - raft.server.rpc.timeout.max = 5200ms (custom)
2019-10-14 11:04:43,628 [pool-413-thread-1] INFO  impl.RaftServerImpl (RaftServerImpl.java:<init>(95)) - 906faec9-e6d3-4a5c-aa74-a2949492db4a: new RaftServerImpl for group-2150B91DA8B0:[28a12880-bb8f-4540-bfd7-792cf915abcd:192.168.151.96:39235, 2ad226cf-a5be-4e47-b5d8-e79e4a936f3f:192.168.151.96:33887, 906faec9-e6d3-4a5c-aa74-a2949492db4a:192.168.151.96:38037] with ContainerStateMachine:uninitialized
2019-10-14 11:04:43,628 [pool-433-thread-1] INFO  server.RaftServerConfigKeys (ConfUtils.java:logGet(43)) - raft.server.log.corruption.policy = EXCEPTION (default)
2019-10-14 11:04:43,628 [pool-423-thread-1] INFO  server.RaftServerConfigKeys (ConfUtils.java:logGet(43)) - raft.server.rpcslowness.timeout = 120s (custom)
2019-10-14 11:04:43,628 [pool-433-thread-1] INFO  storage.RaftStorageDirectory (RaftStorageDirectory.java:analyzeStorage(246)) - The storage directory /workdir/hadoop-ozone/integration-test/target/test-dir/MiniOzoneClusterImpl-db97c445-3a48-427a-af40-d714fe85aeb9/datanode-5/data/ratis/c55aa3f0-beb3-4063-a50f-2150b91da8b0 does not exist. Creating ...
2019-10-14 11:04:43,628 [pool-413-thread-1] INFO  server.RaftServerConfigKeys (ConfUtils.java:logGet(43)) - raft.server.rpc.timeout.min = 5s (custom)
2019-10-14 11:04:43,629 [pool-423-thread-1] INFO  server.RaftServerConfigKeys (ConfUtils.java:logGet(43)) - raft.server.sleep.deviation.threshold = 300 (default)
2019-10-14 11:04:43,629 [pool-413-thread-1] INFO  server.RaftServerConfigKeys (ConfUtils.java:logGet(43)) - raft.server.rpc.timeout.max = 5200ms (custom)
2019-10-14 11:04:43,629 [pool-423-thread-1] INFO  server.RaftServerConfigKeys (ConfUtils.java:logGet(43)) - raft.server.log.appender.install.snapshot.enabled = false (custom)
2019-10-14 11:04:43,629 [pool-413-thread-1] INFO  server.RaftServerConfigKeys (ConfUtils.java:logGet(43)) - raft.server.rpcslowness.timeout = 120s (custom)
2019-10-14 11:04:43,629 [pool-423-thread-1] INFO  impl.RaftServerImpl (ServerState.java:<init>(103)) - 2ad226cf-a5be-4e47-b5d8-e79e4a936f3f@group-2150B91DA8B0: ConfigurationManager, init=-1: [28a12880-bb8f-4540-bfd7-792cf915abcd:192.168.151.96:39235, 2ad226cf-a5be-4e47-b5d8-e79e4a936f3f:192.168.151.96:33887, 906faec9-e6d3-4a5c-aa74-a2949492db4a:192.168.151.96:38037], old=null, confs=<EMPTY_MAP>
2019-10-14 11:04:43,629 [pool-413-thread-1] INFO  server.RaftServerConfigKeys (ConfUtils.java:logGet(43)) - raft.server.sleep.deviation.threshold = 300 (default)
2019-10-14 11:04:43,629 [pool-423-thread-1] INFO  server.RaftServerConfigKeys (ConfUtils.java:logGet(43)) - raft.server.storage.dir = [/workdir/hadoop-ozone/integration-test/target/test-dir/MiniOzoneClusterImpl-db97c445-3a48-427a-af40-d714fe85aeb9/datanode-4/data/ratis] (custom)
2019-10-14 11:04:43,629 [pool-413-thread-1] INFO  server.RaftServerConfigKeys (ConfUtils.java:logGet(43)) - raft.server.log.appender.install.snapshot.enabled = false (custom)
2019-10-14 11:04:43,629 [pool-423-thread-1] INFO  server.RaftServerConfigKeys (ConfUtils.java:logGet(43)) - raft.server.log.corruption.policy = EXCEPTION (default)
2019-10-14 11:04:43,629 [pool-413-thread-1] INFO  impl.RaftServerImpl (ServerState.java:<init>(103)) - 906faec9-e6d3-4a5c-aa74-a2949492db4a@group-2150B91DA8B0: ConfigurationManager, init=-1: [28a12880-bb8f-4540-bfd7-792cf915abcd:192.168.151.96:39235, 2ad226cf-a5be-4e47-b5d8-e79e4a936f3f:192.168.151.96:33887, 906faec9-e6d3-4a5c-aa74-a2949492db4a:192.168.151.96:38037], old=null, confs=<EMPTY_MAP>
2019-10-14 11:04:43,630 [pool-423-thread-1] INFO  storage.RaftStorageDirectory (RaftStorageDirectory.java:analyzeStorage(246)) - The storage directory /workdir/hadoop-ozone/integration-test/target/test-dir/MiniOzoneClusterImpl-db97c445-3a48-427a-af40-d714fe85aeb9/datanode-4/data/ratis/c55aa3f0-beb3-4063-a50f-2150b91da8b0 does not exist. Creating ...
2019-10-14 11:04:43,630 [pool-413-thread-1] INFO  server.RaftServerConfigKeys (ConfUtils.java:logGet(43)) - raft.server.storage.dir = [/workdir/hadoop-ozone/integration-test/target/test-dir/MiniOzoneClusterImpl-db97c445-3a48-427a-af40-d714fe85aeb9/datanode-3/data/ratis] (custom)
2019-10-14 11:04:43,630 [main] INFO  ozone.MiniOzoneClusterImpl (MiniOzoneClusterImpl.java:lambda$waitForClusterToBeReady$0(147)) - Waiting for cluster to be ready. Got 6 of 7 DN Heartbeats.
2019-10-14 11:04:43,630 [pool-413-thread-1] INFO  server.RaftServerConfigKeys (ConfUtils.java:logGet(43)) - raft.server.log.corruption.policy = EXCEPTION (default)
2019-10-14 11:04:43,630 [pool-413-thread-1] INFO  storage.RaftStorageDirectory (RaftStorageDirectory.java:analyzeStorage(246)) - The storage directory /workdir/hadoop-ozone/integration-test/target/test-dir/MiniOzoneClusterImpl-db97c445-3a48-427a-af40-d714fe85aeb9/datanode-3/data/ratis/c55aa3f0-beb3-4063-a50f-2150b91da8b0 does not exist. Creating ...
2019-10-14 11:04:43,631 [IPC Server handler 6 on 43954] INFO  net.NetworkTopology (NetworkTopologyImpl.java:add(111)) - Added a new node: /default-rack/f4228a15-deb6-4b90-8db6-e06a11acf097
2019-10-14 11:04:43,631 [IPC Server handler 6 on 43954] INFO  node.SCMNodeManager (SCMNodeManager.java:register(313)) - Registered Data node : f4228a15-deb6-4b90-8db6-e06a11acf097{ip: 192.168.151.96, host: pr-hdds-2196-x574v-1375001003, networkLocation: /default-rack, certSerialId: null}
2019-10-14 11:04:43,642 [pool-413-thread-1] INFO  storage.RaftStorageDirectory (RaftStorageDirectory.java:tryLock(328)) - Lock on /workdir/hadoop-ozone/integration-test/target/test-dir/MiniOzoneClusterImpl-db97c445-3a48-427a-af40-d714fe85aeb9/datanode-3/data/ratis/c55aa3f0-beb3-4063-a50f-2150b91da8b0/in_use.lock acquired by nodename 13552@pr-hdds-2196-x574v-1375001003
2019-10-14 11:04:43,642 [pool-423-thread-1] INFO  storage.RaftStorageDirectory (RaftStorageDirectory.java:tryLock(328)) - Lock on /workdir/hadoop-ozone/integration-test/target/test-dir/MiniOzoneClusterImpl-db97c445-3a48-427a-af40-d714fe85aeb9/datanode-4/data/ratis/c55aa3f0-beb3-4063-a50f-2150b91da8b0/in_use.lock acquired by nodename 13552@pr-hdds-2196-x574v-1375001003
2019-10-14 11:04:43,642 [pool-433-thread-1] INFO  storage.RaftStorageDirectory (RaftStorageDirectory.java:tryLock(328)) - Lock on /workdir/hadoop-ozone/integration-test/target/test-dir/MiniOzoneClusterImpl-db97c445-3a48-427a-af40-d714fe85aeb9/datanode-5/data/ratis/c55aa3f0-beb3-4063-a50f-2150b91da8b0/in_use.lock acquired by nodename 13552@pr-hdds-2196-x574v-1375001003
2019-10-14 11:04:43,656 [pool-433-thread-1] INFO  storage.RaftStorage (RaftStorage.java:format(84)) - Storage directory /workdir/hadoop-ozone/integration-test/target/test-dir/MiniOzoneClusterImpl-db97c445-3a48-427a-af40-d714fe85aeb9/datanode-5/data/ratis/c55aa3f0-beb3-4063-a50f-2150b91da8b0 has been successfully formatted.
2019-10-14 11:04:43,656 [pool-413-thread-1] INFO  storage.RaftStorage (RaftStorage.java:format(84)) - Storage directory /workdir/hadoop-ozone/integration-test/target/test-dir/MiniOzoneClusterImpl-db97c445-3a48-427a-af40-d714fe85aeb9/datanode-3/data/ratis/c55aa3f0-beb3-4063-a50f-2150b91da8b0 has been successfully formatted.
2019-10-14 11:04:43,656 [pool-423-thread-1] INFO  storage.RaftStorage (RaftStorage.java:format(84)) - Storage directory /workdir/hadoop-ozone/integration-test/target/test-dir/MiniOzoneClusterImpl-db97c445-3a48-427a-af40-d714fe85aeb9/datanode-4/data/ratis/c55aa3f0-beb3-4063-a50f-2150b91da8b0 has been successfully formatted.
2019-10-14 11:04:43,656 [pool-413-thread-1] INFO  ratis.ContainerStateMachine (ContainerStateMachine.java:loadSnapshot(230)) - group-2150B91DA8B0: The snapshot info is null. Setting the last applied indexto:(t:0, i:~)
2019-10-14 11:04:43,657 [pool-423-thread-1] INFO  ratis.ContainerStateMachine (ContainerStateMachine.java:loadSnapshot(230)) - group-2150B91DA8B0: The snapshot info is null. Setting the last applied indexto:(t:0, i:~)
2019-10-14 11:04:43,656 [pool-433-thread-1] INFO  ratis.ContainerStateMachine (ContainerStateMachine.java:loadSnapshot(230)) - group-2150B91DA8B0: The snapshot info is null. Setting the last applied indexto:(t:0, i:~)
2019-10-14 11:04:43,657 [pool-423-thread-1] INFO  server.RaftServerConfigKeys (ConfUtils.java:logGet(43)) - raft.server.notification.no-leader.timeout = 120s (custom)
2019-10-14 11:04:43,657 [pool-413-thread-1] INFO  server.RaftServerConfigKeys (ConfUtils.java:logGet(43)) - raft.server.notification.no-leader.timeout = 120s (custom)
2019-10-14 11:04:43,657 [pool-423-thread-1] INFO  server.RaftServerConfigKeys (ConfUtils.java:logGet(43)) - raft.server.log.use.memory = false (default)
2019-10-14 11:04:43,657 [pool-433-thread-1] INFO  server.RaftServerConfigKeys (ConfUtils.java:logGet(43)) - raft.server.notification.no-leader.timeout = 120s (custom)
2019-10-14 11:04:43,657 [pool-423-thread-1] INFO  server.RaftServerConfigKeys (ConfUtils.java:logGet(43)) - raft.server.log.purge.gap = 1000000 (custom)
2019-10-14 11:04:43,657 [pool-413-thread-1] INFO  server.RaftServerConfigKeys (ConfUtils.java:logGet(43)) - raft.server.log.use.memory = false (default)
2019-10-14 11:04:43,657 [pool-423-thread-1] INFO  server.RaftServerConfigKeys (ConfUtils.java:logGet(43)) - raft.server.log.appender.buffer.byte-limit = 33554432 (custom)
2019-10-14 11:04:43,657 [pool-433-thread-1] INFO  server.RaftServerConfigKeys (ConfUtils.java:logGet(43)) - raft.server.log.use.memory = false (default)
2019-10-14 11:04:43,658 [pool-423-thread-1] INFO  server.RaftServerConfigKeys (ConfUtils.java:logGet(43)) - raft.server.log.segment.size.max = 1048576 (custom)
2019-10-14 11:04:43,658 [pool-413-thread-1] INFO  server.RaftServerConfigKeys (ConfUtils.java:logGet(43)) - raft.server.log.purge.gap = 1000000 (custom)
2019-10-14 11:04:43,658 [pool-423-thread-1] INFO  server.RaftServerConfigKeys (ConfUtils.java:logGet(43)) - raft.server.log.segment.cache.num.max = 2 (custom)
2019-10-14 11:04:43,658 [pool-433-thread-1] INFO  server.RaftServerConfigKeys (ConfUtils.java:logGet(43)) - raft.server.log.purge.gap = 1000000 (custom)
2019-10-14 11:04:43,658 [pool-423-thread-1] INFO  segmented.SegmentedRaftLogWorker (SegmentedRaftLogWorker.java:<init>(173)) - new 2ad226cf-a5be-4e47-b5d8-e79e4a936f3f@group-2150B91DA8B0-SegmentedRaftLogWorker for RaftStorage:Storage Directory /workdir/hadoop-ozone/integration-test/target/test-dir/MiniOzoneClusterImpl-db97c445-3a48-427a-af40-d714fe85aeb9/datanode-4/data/ratis/c55aa3f0-beb3-4063-a50f-2150b91da8b0
2019-10-14 11:04:43,658 [pool-413-thread-1] INFO  server.RaftServerConfigKeys (ConfUtils.java:logGet(43)) - raft.server.log.appender.buffer.byte-limit = 33554432 (custom)
2019-10-14 11:04:43,658 [pool-423-thread-1] INFO  server.RaftServerConfigKeys (ConfUtils.java:logGet(43)) - raft.server.log.queue.byte-limit = 2147483647 (custom)
2019-10-14 11:04:43,658 [pool-433-thread-1] INFO  server.RaftServerConfigKeys (ConfUtils.java:logGet(43)) - raft.server.log.appender.buffer.byte-limit = 33554432 (custom)
2019-10-14 11:04:43,658 [pool-423-thread-1] INFO  server.RaftServerConfigKeys (ConfUtils.java:logGet(43)) - raft.server.log.queue.element-limit = 1024 (custom)
2019-10-14 11:04:43,658 [pool-413-thread-1] INFO  server.RaftServerConfigKeys (ConfUtils.java:logGet(43)) - raft.server.log.segment.size.max = 1048576 (custom)
2019-10-14 11:04:43,659 [pool-423-thread-1] INFO  server.RaftServerConfigKeys (ConfUtils.java:logGet(43)) - raft.server.log.segment.size.max = 1048576 (custom)
2019-10-14 11:04:43,659 [pool-433-thread-1] INFO  server.RaftServerConfigKeys (ConfUtils.java:logGet(43)) - raft.server.log.segment.size.max = 1048576 (custom)
2019-10-14 11:04:43,659 [pool-423-thread-1] INFO  server.RaftServerConfigKeys (ConfUtils.java:logGet(43)) - raft.server.log.preallocated.size = 16384 (custom)
2019-10-14 11:04:43,659 [pool-413-thread-1] INFO  server.RaftServerConfigKeys (ConfUtils.java:logGet(43)) - raft.server.log.segment.cache.num.max = 2 (custom)
2019-10-14 11:04:43,659 [pool-423-thread-1] INFO  server.RaftServerConfigKeys (ConfUtils.java:logGet(43)) - raft.server.log.write.buffer.size = 33554432 (custom)
2019-10-14 11:04:43,659 [pool-433-thread-1] INFO  server.RaftServerConfigKeys (ConfUtils.java:logGet(43)) - raft.server.log.segment.cache.num.max = 2 (custom)
2019-10-14 11:04:43,659 [pool-423-thread-1] INFO  server.RaftServerConfigKeys (ConfUtils.java:logGet(43)) - raft.server.log.force.sync.num = 128 (default)
2019-10-14 11:04:43,659 [pool-413-thread-1] INFO  segmented.SegmentedRaftLogWorker (SegmentedRaftLogWorker.java:<init>(173)) - new 906faec9-e6d3-4a5c-aa74-a2949492db4a@group-2150B91DA8B0-SegmentedRaftLogWorker for RaftStorage:Storage Directory /workdir/hadoop-ozone/integration-test/target/test-dir/MiniOzoneClusterImpl-db97c445-3a48-427a-af40-d714fe85aeb9/datanode-3/data/ratis/c55aa3f0-beb3-4063-a50f-2150b91da8b0
2019-10-14 11:04:43,659 [pool-423-thread-1] INFO  server.RaftServerConfigKeys (ConfUtils.java:logGet(43)) - raft.server.log.statemachine.data.sync = true (default)
2019-10-14 11:04:43,659 [pool-433-thread-1] INFO  segmented.SegmentedRaftLogWorker (SegmentedRaftLogWorker.java:<init>(173)) - new 28a12880-bb8f-4540-bfd7-792cf915abcd@group-2150B91DA8B0-SegmentedRaftLogWorker for RaftStorage:Storage Directory /workdir/hadoop-ozone/integration-test/target/test-dir/MiniOzoneClusterImpl-db97c445-3a48-427a-af40-d714fe85aeb9/datanode-5/data/ratis/c55aa3f0-beb3-4063-a50f-2150b91da8b0
2019-10-14 11:04:43,660 [pool-423-thread-1] INFO  server.RaftServerConfigKeys (ConfUtils.java:logGet(43)) - raft.server.log.statemachine.data.sync.timeout = 10s (default)
2019-10-14 11:04:43,659 [pool-413-thread-1] INFO  server.RaftServerConfigKeys (ConfUtils.java:logGet(43)) - raft.server.log.queue.byte-limit = 2147483647 (custom)
2019-10-14 11:04:43,660 [pool-423-thread-1] INFO  server.RaftServerConfigKeys (ConfUtils.java:logGet(43)) - raft.server.log.statemachine.data.sync.timeout.retry = -1 (default)
2019-10-14 11:04:43,660 [pool-433-thread-1] INFO  server.RaftServerConfigKeys (ConfUtils.java:logGet(43)) - raft.server.log.queue.byte-limit = 2147483647 (custom)
2019-10-14 11:04:43,660 [pool-423-thread-1] INFO  server.RaftServerConfigKeys (ConfUtils.java:logGet(43)) - raft.server.log.statemachine.data.caching.enabled = true (custom)
2019-10-14 11:04:43,660 [pool-413-thread-1] INFO  server.RaftServerConfigKeys (ConfUtils.java:logGet(43)) - raft.server.log.queue.element-limit = 1024 (custom)
2019-10-14 11:04:43,660 [pool-433-thread-1] INFO  server.RaftServerConfigKeys (ConfUtils.java:logGet(43)) - raft.server.log.queue.element-limit = 1024 (custom)
2019-10-14 11:04:43,660 [pool-423-thread-1] INFO  segmented.SegmentedRaftLogWorker (SegmentedRaftLogWorker.java:lambda$new$0(128)) - 2ad226cf-a5be-4e47-b5d8-e79e4a936f3f@group-2150B91DA8B0-SegmentedRaftLogWorker: flushIndex: setUnconditionally 0 -> -1
2019-10-14 11:04:43,660 [pool-413-thread-1] INFO  server.RaftServerConfigKeys (ConfUtils.java:logGet(43)) - raft.server.log.segment.size.max = 1048576 (custom)
2019-10-14 11:04:43,660 [pool-433-thread-1] INFO  server.RaftServerConfigKeys (ConfUtils.java:logGet(43)) - raft.server.log.segment.size.max = 1048576 (custom)
2019-10-14 11:04:43,661 [pool-423-thread-1] INFO  server.RaftServerConfigKeys (ConfUtils.java:logGet(43)) - raft.server.snapshot.auto.trigger.enabled = true (custom)
2019-10-14 11:04:43,661 [pool-413-thread-1] INFO  server.RaftServerConfigKeys (ConfUtils.java:logGet(43)) - raft.server.log.preallocated.size = 16384 (custom)
2019-10-14 11:04:43,661 [pool-423-thread-1] INFO  server.RaftServerConfigKeys (ConfUtils.java:logGet(43)) - raft.server.snapshot.auto.trigger.threshold = 10000 (custom)
2019-10-14 11:04:43,661 [pool-433-thread-1] INFO  server.RaftServerConfigKeys (ConfUtils.java:logGet(43)) - raft.server.log.preallocated.size = 16384 (custom)
2019-10-14 11:04:43,661 [pool-423-thread-1] INFO  server.RaftServerConfigKeys (ConfUtils.java:logGet(43)) - raft.server.snapshot.retention.file.num = 5 (custom)
2019-10-14 11:04:43,661 [pool-413-thread-1] INFO  server.RaftServerConfigKeys (ConfUtils.java:logGet(43)) - raft.server.log.write.buffer.size = 33554432 (custom)
2019-10-14 11:04:43,661 [pool-423-thread-1] INFO  server.RaftServerConfigKeys (ConfUtils.java:logGet(43)) - raft.server.retrycache.expirytime = 600000ms (custom)
2019-10-14 11:04:43,661 [pool-433-thread-1] INFO  server.RaftServerConfigKeys (ConfUtils.java:logGet(43)) - raft.server.log.write.buffer.size = 33554432 (custom)
2019-10-14 11:04:43,661 [pool-413-thread-1] INFO  server.RaftServerConfigKeys (ConfUtils.java:logGet(43)) - raft.server.log.force.sync.num = 128 (default)
2019-10-14 11:04:43,661 [pool-433-thread-1] INFO  server.RaftServerConfigKeys (ConfUtils.java:logGet(43)) - raft.server.log.force.sync.num = 128 (default)
2019-10-14 11:04:43,662 [pool-413-thread-1] INFO  server.RaftServerConfigKeys (ConfUtils.java:logGet(43)) - raft.server.log.statemachine.data.sync = true (default)
2019-10-14 11:04:43,662 [pool-433-thread-1] INFO  server.RaftServerConfigKeys (ConfUtils.java:logGet(43)) - raft.server.log.statemachine.data.sync = true (default)
2019-10-14 11:04:43,662 [pool-413-thread-1] INFO  server.RaftServerConfigKeys (ConfUtils.java:logGet(43)) - raft.server.log.statemachine.data.sync.timeout = 10s (default)
2019-10-14 11:04:43,662 [pool-433-thread-1] INFO  server.RaftServerConfigKeys (ConfUtils.java:logGet(43)) - raft.server.log.statemachine.data.sync.timeout = 10s (default)
2019-10-14 11:04:43,662 [pool-413-thread-1] INFO  server.RaftServerConfigKeys (ConfUtils.java:logGet(43)) - raft.server.log.statemachine.data.sync.timeout.retry = -1 (default)
2019-10-14 11:04:43,662 [pool-433-thread-1] INFO  server.RaftServerConfigKeys (ConfUtils.java:logGet(43)) - raft.server.log.statemachine.data.sync.timeout.retry = -1 (default)
2019-10-14 11:04:43,662 [pool-413-thread-1] INFO  server.RaftServerConfigKeys (ConfUtils.java:logGet(43)) - raft.server.log.statemachine.data.caching.enabled = true (custom)
2019-10-14 11:04:43,662 [pool-433-thread-1] INFO  server.RaftServerConfigKeys (ConfUtils.java:logGet(43)) - raft.server.log.statemachine.data.caching.enabled = true (custom)
2019-10-14 11:04:43,663 [pool-413-thread-1] INFO  segmented.SegmentedRaftLogWorker (SegmentedRaftLogWorker.java:lambda$new$0(128)) - 906faec9-e6d3-4a5c-aa74-a2949492db4a@group-2150B91DA8B0-SegmentedRaftLogWorker: flushIndex: setUnconditionally 0 -> -1
2019-10-14 11:04:43,663 [pool-423-thread-1] INFO  impl.RaftServerImpl (RaftServerImpl.java:start(181)) - 2ad226cf-a5be-4e47-b5d8-e79e4a936f3f@group-2150B91DA8B0: start as a follower, conf=-1: [28a12880-bb8f-4540-bfd7-792cf915abcd:192.168.151.96:39235, 2ad226cf-a5be-4e47-b5d8-e79e4a936f3f:192.168.151.96:33887, 906faec9-e6d3-4a5c-aa74-a2949492db4a:192.168.151.96:38037], old=null
2019-10-14 11:04:43,663 [pool-433-thread-1] INFO  segmented.SegmentedRaftLogWorker (SegmentedRaftLogWorker.java:lambda$new$0(128)) - 28a12880-bb8f-4540-bfd7-792cf915abcd@group-2150B91DA8B0-SegmentedRaftLogWorker: flushIndex: setUnconditionally 0 -> -1
2019-10-14 11:04:43,663 [pool-413-thread-1] INFO  server.RaftServerConfigKeys (ConfUtils.java:logGet(43)) - raft.server.snapshot.auto.trigger.enabled = true (custom)
2019-10-14 11:04:43,663 [pool-423-thread-1] INFO  impl.RaftServerImpl (RaftServerImpl.java:setRole(170)) - 2ad226cf-a5be-4e47-b5d8-e79e4a936f3f@group-2150B91DA8B0: changes role from      null to FOLLOWER at term 0 for startAsFollower
2019-10-14 11:04:43,663 [pool-433-thread-1] INFO  server.RaftServerConfigKeys (ConfUtils.java:logGet(43)) - raft.server.snapshot.auto.trigger.enabled = true (custom)
2019-10-14 11:04:43,663 [pool-413-thread-1] INFO  server.RaftServerConfigKeys (ConfUtils.java:logGet(43)) - raft.server.snapshot.auto.trigger.threshold = 10000 (custom)
2019-10-14 11:04:43,663 [pool-433-thread-1] INFO  server.RaftServerConfigKeys (ConfUtils.java:logGet(43)) - raft.server.snapshot.auto.trigger.threshold = 10000 (custom)
2019-10-14 11:04:43,663 [pool-423-thread-1] INFO  impl.RoleInfo (RoleInfo.java:updateAndGet(143)) - 2ad226cf-a5be-4e47-b5d8-e79e4a936f3f: start FollowerState
2019-10-14 11:04:43,663 [pool-433-thread-1] INFO  server.RaftServerConfigKeys (ConfUtils.java:logGet(43)) - raft.server.snapshot.retention.file.num = 5 (custom)
2019-10-14 11:04:43,663 [pool-413-thread-1] INFO  server.RaftServerConfigKeys (ConfUtils.java:logGet(43)) - raft.server.snapshot.retention.file.num = 5 (custom)
2019-10-14 11:04:43,663 [pool-433-thread-1] INFO  server.RaftServerConfigKeys (ConfUtils.java:logGet(43)) - raft.server.retrycache.expirytime = 600000ms (custom)
2019-10-14 11:04:43,664 [pool-423-thread-1] INFO  util.JmxRegister (JmxRegister.java:tryRegister(44)) - Successfully registered JMX Bean with object name Ratis:service=RaftServer,group=group-2150B91DA8B0,id=2ad226cf-a5be-4e47-b5d8-e79e4a936f3f
2019-10-14 11:04:43,664 [pool-413-thread-1] INFO  server.RaftServerConfigKeys (ConfUtils.java:logGet(43)) - raft.server.retrycache.expirytime = 600000ms (custom)
2019-10-14 11:04:43,666 [pool-433-thread-1] INFO  impl.RaftServerImpl (RaftServerImpl.java:start(181)) - 28a12880-bb8f-4540-bfd7-792cf915abcd@group-2150B91DA8B0: start as a follower, conf=-1: [28a12880-bb8f-4540-bfd7-792cf915abcd:192.168.151.96:39235, 2ad226cf-a5be-4e47-b5d8-e79e4a936f3f:192.168.151.96:33887, 906faec9-e6d3-4a5c-aa74-a2949492db4a:192.168.151.96:38037], old=null
2019-10-14 11:04:43,666 [pool-433-thread-1] INFO  impl.RaftServerImpl (RaftServerImpl.java:setRole(170)) - 28a12880-bb8f-4540-bfd7-792cf915abcd@group-2150B91DA8B0: changes role from      null to FOLLOWER at term 0 for startAsFollower
2019-10-14 11:04:43,667 [pool-433-thread-1] INFO  impl.RoleInfo (RoleInfo.java:updateAndGet(143)) - 28a12880-bb8f-4540-bfd7-792cf915abcd: start FollowerState
2019-10-14 11:04:43,667 [pool-433-thread-1] INFO  util.JmxRegister (JmxRegister.java:tryRegister(44)) - Successfully registered JMX Bean with object name Ratis:service=RaftServer,group=group-2150B91DA8B0,id=28a12880-bb8f-4540-bfd7-792cf915abcd
2019-10-14 11:04:43,667 [pool-413-thread-1] INFO  impl.RaftServerImpl (RaftServerImpl.java:start(181)) - 906faec9-e6d3-4a5c-aa74-a2949492db4a@group-2150B91DA8B0: start as a follower, conf=-1: [28a12880-bb8f-4540-bfd7-792cf915abcd:192.168.151.96:39235, 2ad226cf-a5be-4e47-b5d8-e79e4a936f3f:192.168.151.96:33887, 906faec9-e6d3-4a5c-aa74-a2949492db4a:192.168.151.96:38037], old=null
2019-10-14 11:04:43,667 [pool-413-thread-1] INFO  impl.RaftServerImpl (RaftServerImpl.java:setRole(170)) - 906faec9-e6d3-4a5c-aa74-a2949492db4a@group-2150B91DA8B0: changes role from      null to FOLLOWER at term 0 for startAsFollower
2019-10-14 11:04:43,667 [pool-413-thread-1] INFO  impl.RoleInfo (RoleInfo.java:updateAndGet(143)) - 906faec9-e6d3-4a5c-aa74-a2949492db4a: start FollowerState
2019-10-14 11:04:43,668 [pool-413-thread-1] INFO  util.JmxRegister (JmxRegister.java:tryRegister(44)) - Successfully registered JMX Bean with object name Ratis:service=RaftServer,group=group-2150B91DA8B0,id=906faec9-e6d3-4a5c-aa74-a2949492db4a
2019-10-14 11:04:43,671 [RatisPipelineUtilsThread] INFO  pipeline.PipelineStateManager (PipelineStateManager.java:addPipeline(56)) - Created pipeline Pipeline[ Id: c55aa3f0-beb3-4063-a50f-2150b91da8b0, Nodes: 906faec9-e6d3-4a5c-aa74-a2949492db4a{ip: 192.168.151.96, host: pr-hdds-2196-x574v-1375001003, networkLocation: /default-rack, certSerialId: null}28a12880-bb8f-4540-bfd7-792cf915abcd{ip: 192.168.151.96, host: pr-hdds-2196-x574v-1375001003, networkLocation: /default-rack, certSerialId: null}2ad226cf-a5be-4e47-b5d8-e79e4a936f3f{ip: 192.168.151.96, host: pr-hdds-2196-x574v-1375001003, networkLocation: /default-rack, certSerialId: null}, Type:RATIS, Factor:THREE, State:OPEN]
2019-10-14 11:04:44,631 [main] INFO  ozone.MiniOzoneClusterImpl (MiniOzoneClusterImpl.java:lambda$waitForClusterToBeReady$0(147)) - Cluster is ready. Got 7 of 7 DN Heartbeats.
2019-10-14 11:04:44,689 [main] INFO  rpc.RpcClient (RpcClient.java:createVolume(277)) - Creating Volume: watchforcommithandlingtest, with jenkins1000 as owner.
2019-10-14 11:04:44,691 [IPC Server handler 3 on 35039] INFO  volume.OMVolumeCreateRequest (OMVolumeCreateRequest.java:validateAndUpdateCache(193)) - created volume:watchforcommithandlingtest for user:jenkins1000
2019-10-14 11:04:44,707 [main] INFO  rpc.RpcClient (RpcClient.java:createBucket(416)) - Creating Bucket: watchforcommithandlingtest/watchforcommithandlingtest, with Versioning false and Storage Type set to DISK and Encryption set to false 
2019-10-14 11:04:44,711 [main] INFO  ozone.MiniOzoneClusterImpl (MiniOzoneClusterImpl.java:getStorageContainerLocationClient(234)) - Creating StorageContainerLocationProtocol RPC client with address /0.0.0.0:43079
2019-10-14 11:04:46,042 [Thread-2472] INFO  container.ReplicationManager (ReplicationManager.java:start(162)) - Starting Replication Monitor Thread.
2019-10-14 11:04:46,047 [ReplicationMonitor] INFO  container.ReplicationManager (ReplicationManager.java:run(225)) - Replication Monitor Thread took 0 milliseconds for processing 1 containers.
2019-10-14 11:04:48,212 [Thread-2474] INFO  impl.FollowerState (FollowerState.java:run(108)) - 3ba1fc0d-56df-4e15-a330-3914602d5a0a@group-018613A85B52-FollowerState: change to CANDIDATE, lastRpcTime:5124ms, electionTimeout:5124ms
2019-10-14 11:04:48,212 [Thread-2474] INFO  impl.RoleInfo (RoleInfo.java:shutdownFollowerState(121)) - 3ba1fc0d-56df-4e15-a330-3914602d5a0a: shutdown FollowerState
2019-10-14 11:04:48,212 [Thread-2474] INFO  impl.RaftServerImpl (RaftServerImpl.java:setRole(170)) - 3ba1fc0d-56df-4e15-a330-3914602d5a0a@group-018613A85B52: changes role from  FOLLOWER to CANDIDATE at term 0 for changeToCandidate
2019-10-14 11:04:48,212 [Thread-2474] INFO  impl.RoleInfo (RoleInfo.java:updateAndGet(143)) - 3ba1fc0d-56df-4e15-a330-3914602d5a0a: start LeaderElection
2019-10-14 11:04:48,237 [3ba1fc0d-56df-4e15-a330-3914602d5a0a@group-018613A85B52-LeaderElection65] INFO  impl.LeaderElection (LeaderElection.java:askForVotes(178)) - 3ba1fc0d-56df-4e15-a330-3914602d5a0a@group-018613A85B52-LeaderElection65: begin an election at term 1 for -1: [3ba1fc0d-56df-4e15-a330-3914602d5a0a:192.168.151.96:46171], old=null
2019-10-14 11:04:48,238 [3ba1fc0d-56df-4e15-a330-3914602d5a0a@group-018613A85B52-LeaderElection65] INFO  impl.RoleInfo (RoleInfo.java:shutdownLeaderElection(134)) - 3ba1fc0d-56df-4e15-a330-3914602d5a0a: shutdown LeaderElection
2019-10-14 11:04:48,238 [3ba1fc0d-56df-4e15-a330-3914602d5a0a@group-018613A85B52-LeaderElection65] INFO  impl.RaftServerImpl (RaftServerImpl.java:setRole(170)) - 3ba1fc0d-56df-4e15-a330-3914602d5a0a@group-018613A85B52: changes role from CANDIDATE to LEADER at term 1 for changeToLeader
2019-10-14 11:04:48,238 [3ba1fc0d-56df-4e15-a330-3914602d5a0a@group-018613A85B52-LeaderElection65] INFO  impl.RaftServerImpl (ServerState.java:setLeader(255)) - 3ba1fc0d-56df-4e15-a330-3914602d5a0a@group-018613A85B52: change Leader from null to 3ba1fc0d-56df-4e15-a330-3914602d5a0a at term 1 for becomeLeader, leader elected after 5156ms
2019-10-14 11:04:48,238 [3ba1fc0d-56df-4e15-a330-3914602d5a0a@group-018613A85B52-LeaderElection65] INFO  server.RaftServerConfigKeys (ConfUtils.java:logGet(43)) - raft.server.staging.catchup.gap = 1000 (default)
2019-10-14 11:04:48,238 [3ba1fc0d-56df-4e15-a330-3914602d5a0a@group-018613A85B52-LeaderElection65] INFO  server.RaftServerConfigKeys (ConfUtils.java:logGet(43)) - raft.server.rpc.sleep.time = 25ms (default)
2019-10-14 11:04:48,238 [3ba1fc0d-56df-4e15-a330-3914602d5a0a@group-018613A85B52-LeaderElection65] INFO  server.RaftServerConfigKeys (ConfUtils.java:logGet(43)) - raft.server.write.element-limit = 4096 (default)
2019-10-14 11:04:48,239 [3ba1fc0d-56df-4e15-a330-3914602d5a0a@group-018613A85B52-LeaderElection65] INFO  server.RaftServerConfigKeys (ConfUtils.java:logGet(43)) - raft.server.watch.timeout = 10s (default)
2019-10-14 11:04:48,239 [3ba1fc0d-56df-4e15-a330-3914602d5a0a@group-018613A85B52-LeaderElection65] INFO  server.RaftServerConfigKeys (ConfUtils.java:logGet(43)) - raft.server.watch.timeout.denomination = 1s (default)
2019-10-14 11:04:48,239 [3ba1fc0d-56df-4e15-a330-3914602d5a0a@group-018613A85B52-LeaderElection65] INFO  server.RaftServerConfigKeys (ConfUtils.java:logGet(43)) - raft.server.watch.element-limit = 65536 (default)
2019-10-14 11:04:48,241 [3ba1fc0d-56df-4e15-a330-3914602d5a0a@group-018613A85B52-LeaderElection65] INFO  impl.RoleInfo (RoleInfo.java:updateAndGet(143)) - 3ba1fc0d-56df-4e15-a330-3914602d5a0a: start LeaderState
2019-10-14 11:04:48,242 [3ba1fc0d-56df-4e15-a330-3914602d5a0a@group-018613A85B52-LeaderElection65] INFO  segmented.SegmentedRaftLogWorker (SegmentedRaftLogWorker.java:startLogSegment(385)) - 3ba1fc0d-56df-4e15-a330-3914602d5a0a@group-018613A85B52-SegmentedRaftLogWorker: Starting segment from index:0
2019-10-14 11:04:48,242 [3ba1fc0d-56df-4e15-a330-3914602d5a0a@group-018613A85B52-LeaderElection65] INFO  impl.RaftServerImpl (ServerState.java:setRaftConf(356)) - 3ba1fc0d-56df-4e15-a330-3914602d5a0a@group-018613A85B52: set configuration 0: [3ba1fc0d-56df-4e15-a330-3914602d5a0a:192.168.151.96:46171], old=null at 0
2019-10-14 11:04:48,248 [Thread-2477] INFO  impl.FollowerState (FollowerState.java:run(108)) - 1dac4e55-0211-4f38-bdea-c52596ea96b1@group-60FC2B3BB85E-FollowerState: change to CANDIDATE, lastRpcTime:5048ms, electionTimeout:5048ms
2019-10-14 11:04:48,248 [Thread-2477] INFO  impl.RoleInfo (RoleInfo.java:shutdownFollowerState(121)) - 1dac4e55-0211-4f38-bdea-c52596ea96b1: shutdown FollowerState
2019-10-14 11:04:48,248 [Thread-2477] INFO  impl.RaftServerImpl (RaftServerImpl.java:setRole(170)) - 1dac4e55-0211-4f38-bdea-c52596ea96b1@group-60FC2B3BB85E: changes role from  FOLLOWER to CANDIDATE at term 0 for changeToCandidate
2019-10-14 11:04:48,248 [Thread-2477] INFO  impl.RoleInfo (RoleInfo.java:updateAndGet(143)) - 1dac4e55-0211-4f38-bdea-c52596ea96b1: start LeaderElection
2019-10-14 11:04:48,284 [3ba1fc0d-56df-4e15-a330-3914602d5a0a@group-018613A85B52-SegmentedRaftLogWorker] INFO  segmented.SegmentedRaftLogWorker (SegmentedRaftLogWorker.java:execute(574)) - 3ba1fc0d-56df-4e15-a330-3914602d5a0a@group-018613A85B52-SegmentedRaftLogWorker: created new log segment /workdir/hadoop-ozone/integration-test/target/test-dir/MiniOzoneClusterImpl-db97c445-3a48-427a-af40-d714fe85aeb9/datanode-0/data/ratis/15cf5cd6-71e7-43f0-9ddc-018613a85b52/current/log_inprogress_0
2019-10-14 11:04:48,284 [1dac4e55-0211-4f38-bdea-c52596ea96b1@group-60FC2B3BB85E-LeaderElection66] INFO  impl.LeaderElection (LeaderElection.java:askForVotes(178)) - 1dac4e55-0211-4f38-bdea-c52596ea96b1@group-60FC2B3BB85E-LeaderElection66: begin an election at term 1 for -1: [1dac4e55-0211-4f38-bdea-c52596ea96b1:192.168.151.96:37692], old=null
2019-10-14 11:04:48,285 [1dac4e55-0211-4f38-bdea-c52596ea96b1@group-60FC2B3BB85E-LeaderElection66] INFO  impl.RoleInfo (RoleInfo.java:shutdownLeaderElection(134)) - 1dac4e55-0211-4f38-bdea-c52596ea96b1: shutdown LeaderElection
2019-10-14 11:04:48,285 [1dac4e55-0211-4f38-bdea-c52596ea96b1@group-60FC2B3BB85E-LeaderElection66] INFO  impl.RaftServerImpl (RaftServerImpl.java:setRole(170)) - 1dac4e55-0211-4f38-bdea-c52596ea96b1@group-60FC2B3BB85E: changes role from CANDIDATE to LEADER at term 1 for changeToLeader
2019-10-14 11:04:48,285 [1dac4e55-0211-4f38-bdea-c52596ea96b1@group-60FC2B3BB85E-LeaderElection66] INFO  impl.RaftServerImpl (ServerState.java:setLeader(255)) - 1dac4e55-0211-4f38-bdea-c52596ea96b1@group-60FC2B3BB85E: change Leader from null to 1dac4e55-0211-4f38-bdea-c52596ea96b1 at term 1 for becomeLeader, leader elected after 5091ms
2019-10-14 11:04:48,285 [1dac4e55-0211-4f38-bdea-c52596ea96b1@group-60FC2B3BB85E-LeaderElection66] INFO  server.RaftServerConfigKeys (ConfUtils.java:logGet(43)) - raft.server.staging.catchup.gap = 1000 (default)
2019-10-14 11:04:48,285 [1dac4e55-0211-4f38-bdea-c52596ea96b1@group-60FC2B3BB85E-LeaderElection66] INFO  server.RaftServerConfigKeys (ConfUtils.java:logGet(43)) - raft.server.rpc.sleep.time = 25ms (default)
2019-10-14 11:04:48,286 [1dac4e55-0211-4f38-bdea-c52596ea96b1@group-60FC2B3BB85E-LeaderElection66] INFO  server.RaftServerConfigKeys (ConfUtils.java:logGet(43)) - raft.server.write.element-limit = 4096 (default)
2019-10-14 11:04:48,286 [1dac4e55-0211-4f38-bdea-c52596ea96b1@group-60FC2B3BB85E-LeaderElection66] INFO  server.RaftServerConfigKeys (ConfUtils.java:logGet(43)) - raft.server.watch.timeout = 10s (default)
2019-10-14 11:04:48,286 [1dac4e55-0211-4f38-bdea-c52596ea96b1@group-60FC2B3BB85E-LeaderElection66] INFO  server.RaftServerConfigKeys (ConfUtils.java:logGet(43)) - raft.server.watch.timeout.denomination = 1s (default)
2019-10-14 11:04:48,286 [1dac4e55-0211-4f38-bdea-c52596ea96b1@group-60FC2B3BB85E-LeaderElection66] INFO  server.RaftServerConfigKeys (ConfUtils.java:logGet(43)) - raft.server.watch.element-limit = 65536 (default)
2019-10-14 11:04:48,289 [1dac4e55-0211-4f38-bdea-c52596ea96b1@group-60FC2B3BB85E-LeaderElection66] INFO  impl.RoleInfo (RoleInfo.java:updateAndGet(143)) - 1dac4e55-0211-4f38-bdea-c52596ea96b1: start LeaderState
2019-10-14 11:04:48,289 [1dac4e55-0211-4f38-bdea-c52596ea96b1@group-60FC2B3BB85E-LeaderElection66] INFO  segmented.SegmentedRaftLogWorker (SegmentedRaftLogWorker.java:startLogSegment(385)) - 1dac4e55-0211-4f38-bdea-c52596ea96b1@group-60FC2B3BB85E-SegmentedRaftLogWorker: Starting segment from index:0
2019-10-14 11:04:48,290 [1dac4e55-0211-4f38-bdea-c52596ea96b1@group-60FC2B3BB85E-LeaderElection66] INFO  impl.RaftServerImpl (ServerState.java:setRaftConf(356)) - 1dac4e55-0211-4f38-bdea-c52596ea96b1@group-60FC2B3BB85E: set configuration 0: [1dac4e55-0211-4f38-bdea-c52596ea96b1:192.168.151.96:37692], old=null at 0
2019-10-14 11:04:48,324 [1dac4e55-0211-4f38-bdea-c52596ea96b1@group-60FC2B3BB85E-SegmentedRaftLogWorker] INFO  segmented.SegmentedRaftLogWorker (SegmentedRaftLogWorker.java:execute(574)) - 1dac4e55-0211-4f38-bdea-c52596ea96b1@group-60FC2B3BB85E-SegmentedRaftLogWorker: created new log segment /workdir/hadoop-ozone/integration-test/target/test-dir/MiniOzoneClusterImpl-db97c445-3a48-427a-af40-d714fe85aeb9/datanode-1/data/ratis/09e8e568-b3c2-4579-8703-60fc2b3bb85e/current/log_inprogress_0
2019-10-14 11:04:48,413 [Thread-2480] INFO  impl.FollowerState (FollowerState.java:run(108)) - 821904a1-ff9d-4afb-845f-01206dcc5c64@group-B9E82B4F9BDB-FollowerState: change to CANDIDATE, lastRpcTime:5110ms, electionTimeout:5110ms
2019-10-14 11:04:48,413 [Thread-2480] INFO  impl.RoleInfo (RoleInfo.java:shutdownFollowerState(121)) - 821904a1-ff9d-4afb-845f-01206dcc5c64: shutdown FollowerState
2019-10-14 11:04:48,413 [Thread-2480] INFO  impl.RaftServerImpl (RaftServerImpl.java:setRole(170)) - 821904a1-ff9d-4afb-845f-01206dcc5c64@group-B9E82B4F9BDB: changes role from  FOLLOWER to CANDIDATE at term 0 for changeToCandidate
2019-10-14 11:04:48,413 [Thread-2480] INFO  impl.RoleInfo (RoleInfo.java:updateAndGet(143)) - 821904a1-ff9d-4afb-845f-01206dcc5c64: start LeaderElection
2019-10-14 11:04:48,441 [Thread-2492] INFO  impl.FollowerState (FollowerState.java:run(108)) - 906faec9-e6d3-4a5c-aa74-a2949492db4a@group-9B3F9C2FE104-FollowerState: change to CANDIDATE, lastRpcTime:5052ms, electionTimeout:5052ms
2019-10-14 11:04:48,442 [Thread-2492] INFO  impl.RoleInfo (RoleInfo.java:shutdownFollowerState(121)) - 906faec9-e6d3-4a5c-aa74-a2949492db4a: shutdown FollowerState
2019-10-14 11:04:48,442 [Thread-2492] INFO  impl.RaftServerImpl (RaftServerImpl.java:setRole(170)) - 906faec9-e6d3-4a5c-aa74-a2949492db4a@group-9B3F9C2FE104: changes role from  FOLLOWER to CANDIDATE at term 0 for changeToCandidate
2019-10-14 11:04:48,442 [Thread-2492] INFO  impl.RoleInfo (RoleInfo.java:updateAndGet(143)) - 906faec9-e6d3-4a5c-aa74-a2949492db4a: start LeaderElection
2019-10-14 11:04:48,451 [821904a1-ff9d-4afb-845f-01206dcc5c64@group-B9E82B4F9BDB-LeaderElection67] INFO  impl.LeaderElection (LeaderElection.java:askForVotes(178)) - 821904a1-ff9d-4afb-845f-01206dcc5c64@group-B9E82B4F9BDB-LeaderElection67: begin an election at term 1 for -1: [821904a1-ff9d-4afb-845f-01206dcc5c64:192.168.151.96:36203], old=null
2019-10-14 11:04:48,451 [821904a1-ff9d-4afb-845f-01206dcc5c64@group-B9E82B4F9BDB-LeaderElection67] INFO  impl.RoleInfo (RoleInfo.java:shutdownLeaderElection(134)) - 821904a1-ff9d-4afb-845f-01206dcc5c64: shutdown LeaderElection
2019-10-14 11:04:48,451 [821904a1-ff9d-4afb-845f-01206dcc5c64@group-B9E82B4F9BDB-LeaderElection67] INFO  impl.RaftServerImpl (RaftServerImpl.java:setRole(170)) - 821904a1-ff9d-4afb-845f-01206dcc5c64@group-B9E82B4F9BDB: changes role from CANDIDATE to LEADER at term 1 for changeToLeader
2019-10-14 11:04:48,451 [821904a1-ff9d-4afb-845f-01206dcc5c64@group-B9E82B4F9BDB-LeaderElection67] INFO  impl.RaftServerImpl (ServerState.java:setLeader(255)) - 821904a1-ff9d-4afb-845f-01206dcc5c64@group-B9E82B4F9BDB: change Leader from null to 821904a1-ff9d-4afb-845f-01206dcc5c64 at term 1 for becomeLeader, leader elected after 5153ms
2019-10-14 11:04:48,451 [821904a1-ff9d-4afb-845f-01206dcc5c64@group-B9E82B4F9BDB-LeaderElection67] INFO  server.RaftServerConfigKeys (ConfUtils.java:logGet(43)) - raft.server.staging.catchup.gap = 1000 (default)
2019-10-14 11:04:48,452 [821904a1-ff9d-4afb-845f-01206dcc5c64@group-B9E82B4F9BDB-LeaderElection67] INFO  server.RaftServerConfigKeys (ConfUtils.java:logGet(43)) - raft.server.rpc.sleep.time = 25ms (default)
2019-10-14 11:04:48,452 [821904a1-ff9d-4afb-845f-01206dcc5c64@group-B9E82B4F9BDB-LeaderElection67] INFO  server.RaftServerConfigKeys (ConfUtils.java:logGet(43)) - raft.server.write.element-limit = 4096 (default)
2019-10-14 11:04:48,452 [821904a1-ff9d-4afb-845f-01206dcc5c64@group-B9E82B4F9BDB-LeaderElection67] INFO  server.RaftServerConfigKeys (ConfUtils.java:logGet(43)) - raft.server.watch.timeout = 10s (default)
2019-10-14 11:04:48,452 [821904a1-ff9d-4afb-845f-01206dcc5c64@group-B9E82B4F9BDB-LeaderElection67] INFO  server.RaftServerConfigKeys (ConfUtils.java:logGet(43)) - raft.server.watch.timeout.denomination = 1s (default)
2019-10-14 11:04:48,452 [821904a1-ff9d-4afb-845f-01206dcc5c64@group-B9E82B4F9BDB-LeaderElection67] INFO  server.RaftServerConfigKeys (ConfUtils.java:logGet(43)) - raft.server.watch.element-limit = 65536 (default)
2019-10-14 11:04:48,454 [821904a1-ff9d-4afb-845f-01206dcc5c64@group-B9E82B4F9BDB-LeaderElection67] INFO  impl.RoleInfo (RoleInfo.java:updateAndGet(143)) - 821904a1-ff9d-4afb-845f-01206dcc5c64: start LeaderState
2019-10-14 11:04:48,454 [821904a1-ff9d-4afb-845f-01206dcc5c64@group-B9E82B4F9BDB-LeaderElection67] INFO  segmented.SegmentedRaftLogWorker (SegmentedRaftLogWorker.java:startLogSegment(385)) - 821904a1-ff9d-4afb-845f-01206dcc5c64@group-B9E82B4F9BDB-SegmentedRaftLogWorker: Starting segment from index:0
2019-10-14 11:04:48,455 [821904a1-ff9d-4afb-845f-01206dcc5c64@group-B9E82B4F9BDB-LeaderElection67] INFO  impl.RaftServerImpl (ServerState.java:setRaftConf(356)) - 821904a1-ff9d-4afb-845f-01206dcc5c64@group-B9E82B4F9BDB: set configuration 0: [821904a1-ff9d-4afb-845f-01206dcc5c64:192.168.151.96:36203], old=null at 0
2019-10-14 11:04:48,459 [906faec9-e6d3-4a5c-aa74-a2949492db4a@group-9B3F9C2FE104-LeaderElection68] INFO  impl.LeaderElection (LeaderElection.java:askForVotes(178)) - 906faec9-e6d3-4a5c-aa74-a2949492db4a@group-9B3F9C2FE104-LeaderElection68: begin an election at term 1 for -1: [906faec9-e6d3-4a5c-aa74-a2949492db4a:192.168.151.96:38037], old=null
2019-10-14 11:04:48,459 [906faec9-e6d3-4a5c-aa74-a2949492db4a@group-9B3F9C2FE104-LeaderElection68] INFO  impl.RoleInfo (RoleInfo.java:shutdownLeaderElection(134)) - 906faec9-e6d3-4a5c-aa74-a2949492db4a: shutdown LeaderElection
2019-10-14 11:04:48,459 [906faec9-e6d3-4a5c-aa74-a2949492db4a@group-9B3F9C2FE104-LeaderElection68] INFO  impl.RaftServerImpl (RaftServerImpl.java:setRole(170)) - 906faec9-e6d3-4a5c-aa74-a2949492db4a@group-9B3F9C2FE104: changes role from CANDIDATE to LEADER at term 1 for changeToLeader
2019-10-14 11:04:48,460 [906faec9-e6d3-4a5c-aa74-a2949492db4a@group-9B3F9C2FE104-LeaderElection68] INFO  impl.RaftServerImpl (ServerState.java:setLeader(255)) - 906faec9-e6d3-4a5c-aa74-a2949492db4a@group-9B3F9C2FE104: change Leader from null to 906faec9-e6d3-4a5c-aa74-a2949492db4a at term 1 for becomeLeader, leader elected after 5077ms
2019-10-14 11:04:48,460 [906faec9-e6d3-4a5c-aa74-a2949492db4a@group-9B3F9C2FE104-LeaderElection68] INFO  server.RaftServerConfigKeys (ConfUtils.java:logGet(43)) - raft.server.staging.catchup.gap = 1000 (default)
2019-10-14 11:04:48,460 [906faec9-e6d3-4a5c-aa74-a2949492db4a@group-9B3F9C2FE104-LeaderElection68] INFO  server.RaftServerConfigKeys (ConfUtils.java:logGet(43)) - raft.server.rpc.sleep.time = 25ms (default)
2019-10-14 11:04:48,460 [906faec9-e6d3-4a5c-aa74-a2949492db4a@group-9B3F9C2FE104-LeaderElection68] INFO  server.RaftServerConfigKeys (ConfUtils.java:logGet(43)) - raft.server.write.element-limit = 4096 (default)
2019-10-14 11:04:48,460 [906faec9-e6d3-4a5c-aa74-a2949492db4a@group-9B3F9C2FE104-LeaderElection68] INFO  server.RaftServerConfigKeys (ConfUtils.java:logGet(43)) - raft.server.watch.timeout = 10s (default)
2019-10-14 11:04:48,460 [906faec9-e6d3-4a5c-aa74-a2949492db4a@group-9B3F9C2FE104-LeaderElection68] INFO  server.RaftServerConfigKeys (ConfUtils.java:logGet(43)) - raft.server.watch.timeout.denomination = 1s (default)
2019-10-14 11:04:48,460 [906faec9-e6d3-4a5c-aa74-a2949492db4a@group-9B3F9C2FE104-LeaderElection68] INFO  server.RaftServerConfigKeys (ConfUtils.java:logGet(43)) - raft.server.watch.element-limit = 65536 (default)
2019-10-14 11:04:48,462 [906faec9-e6d3-4a5c-aa74-a2949492db4a@group-9B3F9C2FE104-LeaderElection68] INFO  impl.RoleInfo (RoleInfo.java:updateAndGet(143)) - 906faec9-e6d3-4a5c-aa74-a2949492db4a: start LeaderState
2019-10-14 11:04:48,462 [906faec9-e6d3-4a5c-aa74-a2949492db4a@group-9B3F9C2FE104-LeaderElection68] INFO  segmented.SegmentedRaftLogWorker (SegmentedRaftLogWorker.java:startLogSegment(385)) - 906faec9-e6d3-4a5c-aa74-a2949492db4a@group-9B3F9C2FE104-SegmentedRaftLogWorker: Starting segment from index:0
2019-10-14 11:04:48,463 [906faec9-e6d3-4a5c-aa74-a2949492db4a@group-9B3F9C2FE104-LeaderElection68] INFO  impl.RaftServerImpl (ServerState.java:setRaftConf(356)) - 906faec9-e6d3-4a5c-aa74-a2949492db4a@group-9B3F9C2FE104: set configuration 0: [906faec9-e6d3-4a5c-aa74-a2949492db4a:192.168.151.96:38037], old=null at 0
2019-10-14 11:04:48,463 [Thread-2486] INFO  impl.FollowerState (FollowerState.java:run(108)) - 3ba1fc0d-56df-4e15-a330-3914602d5a0a@group-35F4257C22E6-FollowerState: change to CANDIDATE, lastRpcTime:5113ms, electionTimeout:5113ms
2019-10-14 11:04:48,463 [Thread-2486] INFO  impl.RoleInfo (RoleInfo.java:shutdownFollowerState(121)) - 3ba1fc0d-56df-4e15-a330-3914602d5a0a: shutdown FollowerState
2019-10-14 11:04:48,463 [Thread-2486] INFO  impl.RaftServerImpl (RaftServerImpl.java:setRole(170)) - 3ba1fc0d-56df-4e15-a330-3914602d5a0a@group-35F4257C22E6: changes role from  FOLLOWER to CANDIDATE at term 0 for changeToCandidate
2019-10-14 11:04:48,464 [Thread-2486] INFO  impl.RoleInfo (RoleInfo.java:updateAndGet(143)) - 3ba1fc0d-56df-4e15-a330-3914602d5a0a: start LeaderElection
2019-10-14 11:04:48,501 [Thread-2485] INFO  impl.FollowerState (FollowerState.java:run(108)) - 1dac4e55-0211-4f38-bdea-c52596ea96b1@group-35F4257C22E6-FollowerState: change to CANDIDATE, lastRpcTime:5151ms, electionTimeout:5151ms
2019-10-14 11:04:48,501 [Thread-2485] INFO  impl.RoleInfo (RoleInfo.java:shutdownFollowerState(121)) - 1dac4e55-0211-4f38-bdea-c52596ea96b1: shutdown FollowerState
2019-10-14 11:04:48,501 [Thread-2485] INFO  impl.RaftServerImpl (RaftServerImpl.java:setRole(170)) - 1dac4e55-0211-4f38-bdea-c52596ea96b1@group-35F4257C22E6: changes role from  FOLLOWER to CANDIDATE at term 0 for changeToCandidate
2019-10-14 11:04:48,501 [Thread-2485] INFO  impl.RoleInfo (RoleInfo.java:updateAndGet(143)) - 1dac4e55-0211-4f38-bdea-c52596ea96b1: start LeaderElection
2019-10-14 11:04:48,508 [821904a1-ff9d-4afb-845f-01206dcc5c64@group-B9E82B4F9BDB-SegmentedRaftLogWorker] INFO  segmented.SegmentedRaftLogWorker (SegmentedRaftLogWorker.java:execute(574)) - 821904a1-ff9d-4afb-845f-01206dcc5c64@group-B9E82B4F9BDB-SegmentedRaftLogWorker: created new log segment /workdir/hadoop-ozone/integration-test/target/test-dir/MiniOzoneClusterImpl-db97c445-3a48-427a-af40-d714fe85aeb9/datanode-2/data/ratis/26404c9a-626a-4da5-85dc-b9e82b4f9bdb/current/log_inprogress_0
2019-10-14 11:04:48,508 [906faec9-e6d3-4a5c-aa74-a2949492db4a@group-9B3F9C2FE104-SegmentedRaftLogWorker] INFO  segmented.SegmentedRaftLogWorker (SegmentedRaftLogWorker.java:execute(574)) - 906faec9-e6d3-4a5c-aa74-a2949492db4a@group-9B3F9C2FE104-SegmentedRaftLogWorker: created new log segment /workdir/hadoop-ozone/integration-test/target/test-dir/MiniOzoneClusterImpl-db97c445-3a48-427a-af40-d714fe85aeb9/datanode-3/data/ratis/007f4f69-5ac7-4363-9f8c-9b3f9c2fe104/current/log_inprogress_0
2019-10-14 11:04:48,508 [3ba1fc0d-56df-4e15-a330-3914602d5a0a@group-35F4257C22E6-LeaderElection69] INFO  impl.LeaderElection (LeaderElection.java:askForVotes(178)) - 3ba1fc0d-56df-4e15-a330-3914602d5a0a@group-35F4257C22E6-LeaderElection69: begin an election at term 1 for -1: [1dac4e55-0211-4f38-bdea-c52596ea96b1:192.168.151.96:37692, 3ba1fc0d-56df-4e15-a330-3914602d5a0a:192.168.151.96:46171, 821904a1-ff9d-4afb-845f-01206dcc5c64:192.168.151.96:36203], old=null
2019-10-14 11:04:48,511 [grpc-default-executor-11] INFO  impl.RaftServerImpl (RaftServerImpl.java:setRole(170)) - 821904a1-ff9d-4afb-845f-01206dcc5c64@group-35F4257C22E6: changes role from  FOLLOWER to FOLLOWER at term 1 for recognizeCandidate:3ba1fc0d-56df-4e15-a330-3914602d5a0a
2019-10-14 11:04:48,511 [grpc-default-executor-11] INFO  impl.RoleInfo (RoleInfo.java:shutdownFollowerState(121)) - 821904a1-ff9d-4afb-845f-01206dcc5c64: shutdown FollowerState
2019-10-14 11:04:48,511 [grpc-default-executor-11] INFO  impl.RoleInfo (RoleInfo.java:updateAndGet(143)) - 821904a1-ff9d-4afb-845f-01206dcc5c64: start FollowerState
2019-10-14 11:04:48,511 [Thread-2487] INFO  impl.FollowerState (FollowerState.java:run(117)) - 821904a1-ff9d-4afb-845f-01206dcc5c64@group-35F4257C22E6-FollowerState was interrupted: java.lang.InterruptedException: sleep interrupted
2019-10-14 11:04:48,522 [1dac4e55-0211-4f38-bdea-c52596ea96b1@group-35F4257C22E6-LeaderElection70] INFO  impl.LeaderElection (LeaderElection.java:askForVotes(178)) - 1dac4e55-0211-4f38-bdea-c52596ea96b1@group-35F4257C22E6-LeaderElection70: begin an election at term 1 for -1: [1dac4e55-0211-4f38-bdea-c52596ea96b1:192.168.151.96:37692, 3ba1fc0d-56df-4e15-a330-3914602d5a0a:192.168.151.96:46171, 821904a1-ff9d-4afb-845f-01206dcc5c64:192.168.151.96:36203], old=null
2019-10-14 11:04:48,524 [3ba1fc0d-56df-4e15-a330-3914602d5a0a@group-35F4257C22E6-LeaderElection69] INFO  impl.LeaderElection (LeaderElection.java:logAndReturn(56)) - 3ba1fc0d-56df-4e15-a330-3914602d5a0a@group-35F4257C22E6-LeaderElection69: Election PASSED; received 2 response(s) [3ba1fc0d-56df-4e15-a330-3914602d5a0a<-1dac4e55-0211-4f38-bdea-c52596ea96b1#0:FAIL-t1, 3ba1fc0d-56df-4e15-a330-3914602d5a0a<-821904a1-ff9d-4afb-845f-01206dcc5c64#0:OK-t1] and 0 exception(s); 3ba1fc0d-56df-4e15-a330-3914602d5a0a@group-35F4257C22E6:t1, leader=null, voted=3ba1fc0d-56df-4e15-a330-3914602d5a0a, raftlog=3ba1fc0d-56df-4e15-a330-3914602d5a0a@group-35F4257C22E6-SegmentedRaftLog:OPENED:c-1,f-1,i0, conf=-1: [1dac4e55-0211-4f38-bdea-c52596ea96b1:192.168.151.96:37692, 3ba1fc0d-56df-4e15-a330-3914602d5a0a:192.168.151.96:46171, 821904a1-ff9d-4afb-845f-01206dcc5c64:192.168.151.96:36203], old=null
2019-10-14 11:04:48,524 [3ba1fc0d-56df-4e15-a330-3914602d5a0a@group-35F4257C22E6-LeaderElection69] INFO  impl.RoleInfo (RoleInfo.java:shutdownLeaderElection(134)) - 3ba1fc0d-56df-4e15-a330-3914602d5a0a: shutdown LeaderElection
2019-10-14 11:04:48,524 [3ba1fc0d-56df-4e15-a330-3914602d5a0a@group-35F4257C22E6-LeaderElection69] INFO  impl.RaftServerImpl (RaftServerImpl.java:setRole(170)) - 3ba1fc0d-56df-4e15-a330-3914602d5a0a@group-35F4257C22E6: changes role from CANDIDATE to LEADER at term 1 for changeToLeader
2019-10-14 11:04:48,525 [3ba1fc0d-56df-4e15-a330-3914602d5a0a@group-35F4257C22E6-LeaderElection69] INFO  impl.RaftServerImpl (ServerState.java:setLeader(255)) - 3ba1fc0d-56df-4e15-a330-3914602d5a0a@group-35F4257C22E6: change Leader from null to 3ba1fc0d-56df-4e15-a330-3914602d5a0a at term 1 for becomeLeader, leader elected after 5184ms
2019-10-14 11:04:48,525 [3ba1fc0d-56df-4e15-a330-3914602d5a0a@group-35F4257C22E6-LeaderElection69] INFO  server.RaftServerConfigKeys (ConfUtils.java:logGet(43)) - raft.server.staging.catchup.gap = 1000 (default)
2019-10-14 11:04:48,525 [3ba1fc0d-56df-4e15-a330-3914602d5a0a@group-35F4257C22E6-LeaderElection69] INFO  server.RaftServerConfigKeys (ConfUtils.java:logGet(43)) - raft.server.rpc.sleep.time = 25ms (default)
2019-10-14 11:04:48,525 [3ba1fc0d-56df-4e15-a330-3914602d5a0a@group-35F4257C22E6-LeaderElection69] INFO  server.RaftServerConfigKeys (ConfUtils.java:logGet(43)) - raft.server.write.element-limit = 4096 (default)
2019-10-14 11:04:48,525 [3ba1fc0d-56df-4e15-a330-3914602d5a0a@group-35F4257C22E6-LeaderElection69] INFO  server.RaftServerConfigKeys (ConfUtils.java:logGet(43)) - raft.server.watch.timeout = 10s (default)
2019-10-14 11:04:48,525 [3ba1fc0d-56df-4e15-a330-3914602d5a0a@group-35F4257C22E6-LeaderElection69] INFO  server.RaftServerConfigKeys (ConfUtils.java:logGet(43)) - raft.server.watch.timeout.denomination = 1s (default)
2019-10-14 11:04:48,526 [3ba1fc0d-56df-4e15-a330-3914602d5a0a@group-35F4257C22E6-LeaderElection69] INFO  server.RaftServerConfigKeys (ConfUtils.java:logGet(43)) - raft.server.watch.element-limit = 65536 (default)
2019-10-14 11:04:48,528 [3ba1fc0d-56df-4e15-a330-3914602d5a0a@group-35F4257C22E6-LeaderElection69] INFO  server.RaftServerConfigKeys (ConfUtils.java:logGet(43)) - raft.server.log.appender.snapshot.chunk.size.max = 16MB (=16777216) (default)
2019-10-14 11:04:48,528 [3ba1fc0d-56df-4e15-a330-3914602d5a0a@group-35F4257C22E6-LeaderElection69] INFO  server.RaftServerConfigKeys (ConfUtils.java:logGet(43)) - raft.server.log.appender.buffer.byte-limit = 33554432 (custom)
2019-10-14 11:04:48,528 [3ba1fc0d-56df-4e15-a330-3914602d5a0a@group-35F4257C22E6-LeaderElection69] INFO  server.RaftServerConfigKeys (ConfUtils.java:logGet(43)) - raft.server.log.appender.buffer.element-limit = 1 (custom)
2019-10-14 11:04:48,528 [3ba1fc0d-56df-4e15-a330-3914602d5a0a@group-35F4257C22E6-LeaderElection69] INFO  grpc.GrpcConfigKeys$Server (ConfUtils.java:logGet(43)) - raft.grpc.server.leader.outstanding.appends.max = 128 (default)
2019-10-14 11:04:48,529 [3ba1fc0d-56df-4e15-a330-3914602d5a0a@group-35F4257C22E6-LeaderElection69] INFO  server.RaftServerConfigKeys (ConfUtils.java:logGet(43)) - raft.server.rpc.request.timeout = 3000ms (default)
2019-10-14 11:04:48,529 [3ba1fc0d-56df-4e15-a330-3914602d5a0a@group-35F4257C22E6-LeaderElection69] INFO  server.RaftServerConfigKeys (ConfUtils.java:logGet(43)) - raft.server.log.appender.install.snapshot.enabled = false (custom)
2019-10-14 11:04:48,529 [3ba1fc0d-56df-4e15-a330-3914602d5a0a@group-35F4257C22E6-LeaderElection69] INFO  server.RaftServerConfigKeys (ConfUtils.java:logGet(43)) - raft.server.log.appender.snapshot.chunk.size.max = 16MB (=16777216) (default)
2019-10-14 11:04:48,529 [3ba1fc0d-56df-4e15-a330-3914602d5a0a@group-35F4257C22E6-LeaderElection69] INFO  server.RaftServerConfigKeys (ConfUtils.java:logGet(43)) - raft.server.log.appender.buffer.byte-limit = 33554432 (custom)
2019-10-14 11:04:48,530 [3ba1fc0d-56df-4e15-a330-3914602d5a0a@group-35F4257C22E6-LeaderElection69] INFO  server.RaftServerConfigKeys (ConfUtils.java:logGet(43)) - raft.server.log.appender.buffer.element-limit = 1 (custom)
2019-10-14 11:04:48,530 [3ba1fc0d-56df-4e15-a330-3914602d5a0a@group-35F4257C22E6-LeaderElection69] INFO  grpc.GrpcConfigKeys$Server (ConfUtils.java:logGet(43)) - raft.grpc.server.leader.outstanding.appends.max = 128 (default)
2019-10-14 11:04:48,530 [3ba1fc0d-56df-4e15-a330-3914602d5a0a@group-35F4257C22E6-LeaderElection69] INFO  server.RaftServerConfigKeys (ConfUtils.java:logGet(43)) - raft.server.rpc.request.timeout = 3000ms (default)
2019-10-14 11:04:48,530 [3ba1fc0d-56df-4e15-a330-3914602d5a0a@group-35F4257C22E6-LeaderElection69] INFO  server.RaftServerConfigKeys (ConfUtils.java:logGet(43)) - raft.server.log.appender.install.snapshot.enabled = false (custom)
2019-10-14 11:04:48,531 [3ba1fc0d-56df-4e15-a330-3914602d5a0a@group-35F4257C22E6-LeaderElection69] INFO  impl.RoleInfo (RoleInfo.java:updateAndGet(143)) - 3ba1fc0d-56df-4e15-a330-3914602d5a0a: start LeaderState
2019-10-14 11:04:48,531 [3ba1fc0d-56df-4e15-a330-3914602d5a0a@group-35F4257C22E6-LeaderElection69] INFO  segmented.SegmentedRaftLogWorker (SegmentedRaftLogWorker.java:startLogSegment(385)) - 3ba1fc0d-56df-4e15-a330-3914602d5a0a@group-35F4257C22E6-SegmentedRaftLogWorker: Starting segment from index:0
2019-10-14 11:04:48,532 [3ba1fc0d-56df-4e15-a330-3914602d5a0a@group-35F4257C22E6-LeaderElection69] INFO  impl.RaftServerImpl (ServerState.java:setRaftConf(356)) - 3ba1fc0d-56df-4e15-a330-3914602d5a0a@group-35F4257C22E6: set configuration 0: [1dac4e55-0211-4f38-bdea-c52596ea96b1:192.168.151.96:37692, 3ba1fc0d-56df-4e15-a330-3914602d5a0a:192.168.151.96:46171, 821904a1-ff9d-4afb-845f-01206dcc5c64:192.168.151.96:36203], old=null at 0
2019-10-14 11:04:48,532 [grpc-default-executor-6] INFO  impl.RaftServerImpl (RaftServerImpl.java:requestVote(754)) - 3ba1fc0d-56df-4e15-a330-3914602d5a0a@group-35F4257C22E6-   LEADER: Withhold vote from candidate 1dac4e55-0211-4f38-bdea-c52596ea96b1 with term 1. State: leader=3ba1fc0d-56df-4e15-a330-3914602d5a0a, term=1, lastRpcElapsed=null
2019-10-14 11:04:48,532 [grpc-default-executor-11] INFO  impl.RaftServerImpl (RaftServerImpl.java:setRole(170)) - 1dac4e55-0211-4f38-bdea-c52596ea96b1@group-35F4257C22E6: changes role from CANDIDATE to FOLLOWER at term 1 for appendEntries
2019-10-14 11:04:48,558 [Thread-2497] INFO  impl.FollowerState (FollowerState.java:run(108)) - 2ad226cf-a5be-4e47-b5d8-e79e4a936f3f@group-6B335ADFFEE5-FollowerState: change to CANDIDATE, lastRpcTime:5069ms, electionTimeout:5054ms
2019-10-14 11:04:48,558 [grpc-default-executor-6] INFO  impl.RaftServerImpl (ServerState.java:setLeader(255)) - 821904a1-ff9d-4afb-845f-01206dcc5c64@group-35F4257C22E6: change Leader from null to 3ba1fc0d-56df-4e15-a330-3914602d5a0a at term 1 for appendEntries, leader elected after 5217ms
2019-10-14 11:04:48,559 [Thread-2497] INFO  impl.RoleInfo (RoleInfo.java:shutdownFollowerState(121)) - 2ad226cf-a5be-4e47-b5d8-e79e4a936f3f: shutdown FollowerState
2019-10-14 11:04:48,559 [grpc-default-executor-11] INFO  impl.RoleInfo (RoleInfo.java:shutdownLeaderElection(134)) - 1dac4e55-0211-4f38-bdea-c52596ea96b1: shutdown LeaderElection
2019-10-14 11:04:48,559 [1dac4e55-0211-4f38-bdea-c52596ea96b1@group-35F4257C22E6-LeaderElection70] INFO  impl.LeaderElection (LeaderElection.java:logAndReturn(56)) - 1dac4e55-0211-4f38-bdea-c52596ea96b1@group-35F4257C22E6-LeaderElection70: Election REJECTED; received 2 response(s) [1dac4e55-0211-4f38-bdea-c52596ea96b1<-3ba1fc0d-56df-4e15-a330-3914602d5a0a#0:FAIL-t1, 1dac4e55-0211-4f38-bdea-c52596ea96b1<-821904a1-ff9d-4afb-845f-01206dcc5c64#0:FAIL-t1] and 0 exception(s); 1dac4e55-0211-4f38-bdea-c52596ea96b1@group-35F4257C22E6:t1, leader=null, voted=1dac4e55-0211-4f38-bdea-c52596ea96b1, raftlog=1dac4e55-0211-4f38-bdea-c52596ea96b1@group-35F4257C22E6-SegmentedRaftLog:OPENED:c-1,f-1,i0, conf=-1: [1dac4e55-0211-4f38-bdea-c52596ea96b1:192.168.151.96:37692, 3ba1fc0d-56df-4e15-a330-3914602d5a0a:192.168.151.96:46171, 821904a1-ff9d-4afb-845f-01206dcc5c64:192.168.151.96:36203], old=null
2019-10-14 11:04:48,559 [Thread-2497] INFO  impl.RaftServerImpl (RaftServerImpl.java:setRole(170)) - 2ad226cf-a5be-4e47-b5d8-e79e4a936f3f@group-6B335ADFFEE5: changes role from  FOLLOWER to CANDIDATE at term 0 for changeToCandidate
2019-10-14 11:04:48,559 [grpc-default-executor-11] INFO  impl.RoleInfo (RoleInfo.java:updateAndGet(143)) - 1dac4e55-0211-4f38-bdea-c52596ea96b1: start FollowerState
2019-10-14 11:04:48,560 [Thread-2497] INFO  impl.RoleInfo (RoleInfo.java:updateAndGet(143)) - 2ad226cf-a5be-4e47-b5d8-e79e4a936f3f: start LeaderElection
2019-10-14 11:04:48,560 [grpc-default-executor-11] INFO  impl.RaftServerImpl (ServerState.java:setLeader(255)) - 1dac4e55-0211-4f38-bdea-c52596ea96b1@group-35F4257C22E6: change Leader from null to 3ba1fc0d-56df-4e15-a330-3914602d5a0a at term 1 for appendEntries, leader elected after 5219ms
2019-10-14 11:04:48,567 [grpc-default-executor-6] INFO  impl.RaftServerImpl (ServerState.java:setRaftConf(356)) - 821904a1-ff9d-4afb-845f-01206dcc5c64@group-35F4257C22E6: set configuration 0: [1dac4e55-0211-4f38-bdea-c52596ea96b1:192.168.151.96:37692, 3ba1fc0d-56df-4e15-a330-3914602d5a0a:192.168.151.96:46171, 821904a1-ff9d-4afb-845f-01206dcc5c64:192.168.151.96:36203], old=null at 0
2019-10-14 11:04:48,567 [grpc-default-executor-11] INFO  impl.RaftServerImpl (ServerState.java:setRaftConf(356)) - 1dac4e55-0211-4f38-bdea-c52596ea96b1@group-35F4257C22E6: set configuration 0: [1dac4e55-0211-4f38-bdea-c52596ea96b1:192.168.151.96:37692, 3ba1fc0d-56df-4e15-a330-3914602d5a0a:192.168.151.96:46171, 821904a1-ff9d-4afb-845f-01206dcc5c64:192.168.151.96:36203], old=null at 0
2019-10-14 11:04:48,567 [grpc-default-executor-6] INFO  segmented.SegmentedRaftLogWorker (SegmentedRaftLogWorker.java:startLogSegment(385)) - 821904a1-ff9d-4afb-845f-01206dcc5c64@group-35F4257C22E6-SegmentedRaftLogWorker: Starting segment from index:0
2019-10-14 11:04:48,568 [grpc-default-executor-11] INFO  segmented.SegmentedRaftLogWorker (SegmentedRaftLogWorker.java:startLogSegment(385)) - 1dac4e55-0211-4f38-bdea-c52596ea96b1@group-35F4257C22E6-SegmentedRaftLogWorker: Starting segment from index:0
2019-10-14 11:04:48,568 [3ba1fc0d-56df-4e15-a330-3914602d5a0a@group-35F4257C22E6-SegmentedRaftLogWorker] INFO  segmented.SegmentedRaftLogWorker (SegmentedRaftLogWorker.java:execute(574)) - 3ba1fc0d-56df-4e15-a330-3914602d5a0a@group-35F4257C22E6-SegmentedRaftLogWorker: created new log segment /workdir/hadoop-ozone/integration-test/target/test-dir/MiniOzoneClusterImpl-db97c445-3a48-427a-af40-d714fe85aeb9/datanode-0/data/ratis/9b35321c-c648-4549-b7b2-35f4257c22e6/current/log_inprogress_0
2019-10-14 11:04:48,571 [2ad226cf-a5be-4e47-b5d8-e79e4a936f3f@group-6B335ADFFEE5-LeaderElection71] INFO  impl.LeaderElection (LeaderElection.java:askForVotes(178)) - 2ad226cf-a5be-4e47-b5d8-e79e4a936f3f@group-6B335ADFFEE5-LeaderElection71: begin an election at term 1 for -1: [2ad226cf-a5be-4e47-b5d8-e79e4a936f3f:192.168.151.96:33887], old=null
2019-10-14 11:04:48,571 [2ad226cf-a5be-4e47-b5d8-e79e4a936f3f@group-6B335ADFFEE5-LeaderElection71] INFO  impl.RoleInfo (RoleInfo.java:shutdownLeaderElection(134)) - 2ad226cf-a5be-4e47-b5d8-e79e4a936f3f: shutdown LeaderElection
2019-10-14 11:04:48,571 [2ad226cf-a5be-4e47-b5d8-e79e4a936f3f@group-6B335ADFFEE5-LeaderElection71] INFO  impl.RaftServerImpl (RaftServerImpl.java:setRole(170)) - 2ad226cf-a5be-4e47-b5d8-e79e4a936f3f@group-6B335ADFFEE5: changes role from CANDIDATE to LEADER at term 1 for changeToLeader
2019-10-14 11:04:48,571 [2ad226cf-a5be-4e47-b5d8-e79e4a936f3f@group-6B335ADFFEE5-LeaderElection71] INFO  impl.RaftServerImpl (ServerState.java:setLeader(255)) - 2ad226cf-a5be-4e47-b5d8-e79e4a936f3f@group-6B335ADFFEE5: change Leader from null to 2ad226cf-a5be-4e47-b5d8-e79e4a936f3f at term 1 for becomeLeader, leader elected after 5089ms
2019-10-14 11:04:48,571 [2ad226cf-a5be-4e47-b5d8-e79e4a936f3f@group-6B335ADFFEE5-LeaderElection71] INFO  server.RaftServerConfigKeys (ConfUtils.java:logGet(43)) - raft.server.staging.catchup.gap = 1000 (default)
2019-10-14 11:04:48,571 [2ad226cf-a5be-4e47-b5d8-e79e4a936f3f@group-6B335ADFFEE5-LeaderElection71] INFO  server.RaftServerConfigKeys (ConfUtils.java:logGet(43)) - raft.server.rpc.sleep.time = 25ms (default)
2019-10-14 11:04:48,571 [2ad226cf-a5be-4e47-b5d8-e79e4a936f3f@group-6B335ADFFEE5-LeaderElection71] INFO  server.RaftServerConfigKeys (ConfUtils.java:logGet(43)) - raft.server.write.element-limit = 4096 (default)
2019-10-14 11:04:48,571 [2ad226cf-a5be-4e47-b5d8-e79e4a936f3f@group-6B335ADFFEE5-LeaderElection71] INFO  server.RaftServerConfigKeys (ConfUtils.java:logGet(43)) - raft.server.watch.timeout = 10s (default)
2019-10-14 11:04:48,571 [2ad226cf-a5be-4e47-b5d8-e79e4a936f3f@group-6B335ADFFEE5-LeaderElection71] INFO  server.RaftServerConfigKeys (ConfUtils.java:logGet(43)) - raft.server.watch.timeout.denomination = 1s (default)
2019-10-14 11:04:48,572 [2ad226cf-a5be-4e47-b5d8-e79e4a936f3f@group-6B335ADFFEE5-LeaderElection71] INFO  server.RaftServerConfigKeys (ConfUtils.java:logGet(43)) - raft.server.watch.element-limit = 65536 (default)
2019-10-14 11:04:48,573 [2ad226cf-a5be-4e47-b5d8-e79e4a936f3f@group-6B335ADFFEE5-LeaderElection71] INFO  impl.RoleInfo (RoleInfo.java:updateAndGet(143)) - 2ad226cf-a5be-4e47-b5d8-e79e4a936f3f: start LeaderState
2019-10-14 11:04:48,573 [2ad226cf-a5be-4e47-b5d8-e79e4a936f3f@group-6B335ADFFEE5-LeaderElection71] INFO  segmented.SegmentedRaftLogWorker (SegmentedRaftLogWorker.java:startLogSegment(385)) - 2ad226cf-a5be-4e47-b5d8-e79e4a936f3f@group-6B335ADFFEE5-SegmentedRaftLogWorker: Starting segment from index:0
2019-10-14 11:04:48,573 [2ad226cf-a5be-4e47-b5d8-e79e4a936f3f@group-6B335ADFFEE5-LeaderElection71] INFO  impl.RaftServerImpl (ServerState.java:setRaftConf(356)) - 2ad226cf-a5be-4e47-b5d8-e79e4a936f3f@group-6B335ADFFEE5: set configuration 0: [2ad226cf-a5be-4e47-b5d8-e79e4a936f3f:192.168.151.96:33887], old=null at 0
2019-10-14 11:04:48,603 [821904a1-ff9d-4afb-845f-01206dcc5c64@group-35F4257C22E6-SegmentedRaftLogWorker] INFO  segmented.SegmentedRaftLogWorker (SegmentedRaftLogWorker.java:execute(574)) - 821904a1-ff9d-4afb-845f-01206dcc5c64@group-35F4257C22E6-SegmentedRaftLogWorker: created new log segment /workdir/hadoop-ozone/integration-test/target/test-dir/MiniOzoneClusterImpl-db97c445-3a48-427a-af40-d714fe85aeb9/datanode-2/data/ratis/9b35321c-c648-4549-b7b2-35f4257c22e6/current/log_inprogress_0
2019-10-14 11:04:48,603 [1dac4e55-0211-4f38-bdea-c52596ea96b1@group-35F4257C22E6-SegmentedRaftLogWorker] INFO  segmented.SegmentedRaftLogWorker (SegmentedRaftLogWorker.java:execute(574)) - 1dac4e55-0211-4f38-bdea-c52596ea96b1@group-35F4257C22E6-SegmentedRaftLogWorker: created new log segment /workdir/hadoop-ozone/integration-test/target/test-dir/MiniOzoneClusterImpl-db97c445-3a48-427a-af40-d714fe85aeb9/datanode-1/data/ratis/9b35321c-c648-4549-b7b2-35f4257c22e6/current/log_inprogress_0
2019-10-14 11:04:48,607 [2ad226cf-a5be-4e47-b5d8-e79e4a936f3f@group-6B335ADFFEE5-SegmentedRaftLogWorker] INFO  segmented.SegmentedRaftLogWorker (SegmentedRaftLogWorker.java:execute(574)) - 2ad226cf-a5be-4e47-b5d8-e79e4a936f3f@group-6B335ADFFEE5-SegmentedRaftLogWorker: created new log segment /workdir/hadoop-ozone/integration-test/target/test-dir/MiniOzoneClusterImpl-db97c445-3a48-427a-af40-d714fe85aeb9/datanode-4/data/ratis/8ea45e60-6ab3-408e-8d8d-6b335adffee5/current/log_inprogress_0
2019-10-14 11:04:48,641 [Thread-2501] INFO  impl.FollowerState (FollowerState.java:run(108)) - 28a12880-bb8f-4540-bfd7-792cf915abcd@group-C43A348D8601-FollowerState: change to CANDIDATE, lastRpcTime:5038ms, electionTimeout:5038ms
2019-10-14 11:04:48,641 [Thread-2501] INFO  impl.RoleInfo (RoleInfo.java:shutdownFollowerState(121)) - 28a12880-bb8f-4540-bfd7-792cf915abcd: shutdown FollowerState
2019-10-14 11:04:48,641 [Thread-2501] INFO  impl.RaftServerImpl (RaftServerImpl.java:setRole(170)) - 28a12880-bb8f-4540-bfd7-792cf915abcd@group-C43A348D8601: changes role from  FOLLOWER to CANDIDATE at term 0 for changeToCandidate
2019-10-14 11:04:48,641 [Thread-2501] INFO  impl.RoleInfo (RoleInfo.java:updateAndGet(143)) - 28a12880-bb8f-4540-bfd7-792cf915abcd: start LeaderElection
2019-10-14 11:04:48,657 [28a12880-bb8f-4540-bfd7-792cf915abcd@group-C43A348D8601-LeaderElection72] INFO  impl.LeaderElection (LeaderElection.java:askForVotes(178)) - 28a12880-bb8f-4540-bfd7-792cf915abcd@group-C43A348D8601-LeaderElection72: begin an election at term 1 for -1: [28a12880-bb8f-4540-bfd7-792cf915abcd:192.168.151.96:39235], old=null
2019-10-14 11:04:48,657 [28a12880-bb8f-4540-bfd7-792cf915abcd@group-C43A348D8601-LeaderElection72] INFO  impl.RoleInfo (RoleInfo.java:shutdownLeaderElection(134)) - 28a12880-bb8f-4540-bfd7-792cf915abcd: shutdown LeaderElection
2019-10-14 11:04:48,657 [28a12880-bb8f-4540-bfd7-792cf915abcd@group-C43A348D8601-LeaderElection72] INFO  impl.RaftServerImpl (RaftServerImpl.java:setRole(170)) - 28a12880-bb8f-4540-bfd7-792cf915abcd@group-C43A348D8601: changes role from CANDIDATE to LEADER at term 1 for changeToLeader
2019-10-14 11:04:48,657 [28a12880-bb8f-4540-bfd7-792cf915abcd@group-C43A348D8601-LeaderElection72] INFO  impl.RaftServerImpl (ServerState.java:setLeader(255)) - 28a12880-bb8f-4540-bfd7-792cf915abcd@group-C43A348D8601: change Leader from null to 28a12880-bb8f-4540-bfd7-792cf915abcd at term 1 for becomeLeader, leader elected after 5061ms
2019-10-14 11:04:48,657 [28a12880-bb8f-4540-bfd7-792cf915abcd@group-C43A348D8601-LeaderElection72] INFO  server.RaftServerConfigKeys (ConfUtils.java:logGet(43)) - raft.server.staging.catchup.gap = 1000 (default)
2019-10-14 11:04:48,657 [28a12880-bb8f-4540-bfd7-792cf915abcd@group-C43A348D8601-LeaderElection72] INFO  server.RaftServerConfigKeys (ConfUtils.java:logGet(43)) - raft.server.rpc.sleep.time = 25ms (default)
2019-10-14 11:04:48,657 [28a12880-bb8f-4540-bfd7-792cf915abcd@group-C43A348D8601-LeaderElection72] INFO  server.RaftServerConfigKeys (ConfUtils.java:logGet(43)) - raft.server.write.element-limit = 4096 (default)
2019-10-14 11:04:48,658 [28a12880-bb8f-4540-bfd7-792cf915abcd@group-C43A348D8601-LeaderElection72] INFO  server.RaftServerConfigKeys (ConfUtils.java:logGet(43)) - raft.server.watch.timeout = 10s (default)
2019-10-14 11:04:48,658 [28a12880-bb8f-4540-bfd7-792cf915abcd@group-C43A348D8601-LeaderElection72] INFO  server.RaftServerConfigKeys (ConfUtils.java:logGet(43)) - raft.server.watch.timeout.denomination = 1s (default)
2019-10-14 11:04:48,658 [28a12880-bb8f-4540-bfd7-792cf915abcd@group-C43A348D8601-LeaderElection72] INFO  server.RaftServerConfigKeys (ConfUtils.java:logGet(43)) - raft.server.watch.element-limit = 65536 (default)
2019-10-14 11:04:48,659 [28a12880-bb8f-4540-bfd7-792cf915abcd@group-C43A348D8601-LeaderElection72] INFO  impl.RoleInfo (RoleInfo.java:updateAndGet(143)) - 28a12880-bb8f-4540-bfd7-792cf915abcd: start LeaderState
2019-10-14 11:04:48,660 [28a12880-bb8f-4540-bfd7-792cf915abcd@group-C43A348D8601-LeaderElection72] INFO  segmented.SegmentedRaftLogWorker (SegmentedRaftLogWorker.java:startLogSegment(385)) - 28a12880-bb8f-4540-bfd7-792cf915abcd@group-C43A348D8601-SegmentedRaftLogWorker: Starting segment from index:0
2019-10-14 11:04:48,660 [28a12880-bb8f-4540-bfd7-792cf915abcd@group-C43A348D8601-LeaderElection72] INFO  impl.RaftServerImpl (ServerState.java:setRaftConf(356)) - 28a12880-bb8f-4540-bfd7-792cf915abcd@group-C43A348D8601: set configuration 0: [28a12880-bb8f-4540-bfd7-792cf915abcd:192.168.151.96:39235], old=null at 0
2019-10-14 11:04:48,698 [28a12880-bb8f-4540-bfd7-792cf915abcd@group-C43A348D8601-SegmentedRaftLogWorker] INFO  segmented.SegmentedRaftLogWorker (SegmentedRaftLogWorker.java:execute(574)) - 28a12880-bb8f-4540-bfd7-792cf915abcd@group-C43A348D8601-SegmentedRaftLogWorker: created new log segment /workdir/hadoop-ozone/integration-test/target/test-dir/MiniOzoneClusterImpl-db97c445-3a48-427a-af40-d714fe85aeb9/datanode-5/data/ratis/fd80a67c-9752-4664-b6a1-c43a348d8601/current/log_inprogress_0
2019-10-14 11:04:48,766 [Thread-2507] INFO  impl.FollowerState (FollowerState.java:run(108)) - 28a12880-bb8f-4540-bfd7-792cf915abcd@group-2150B91DA8B0-FollowerState: change to CANDIDATE, lastRpcTime:5099ms, electionTimeout:5099ms
2019-10-14 11:04:48,766 [Thread-2507] INFO  impl.RoleInfo (RoleInfo.java:shutdownFollowerState(121)) - 28a12880-bb8f-4540-bfd7-792cf915abcd: shutdown FollowerState
2019-10-14 11:04:48,766 [Thread-2507] INFO  impl.RaftServerImpl (RaftServerImpl.java:setRole(170)) - 28a12880-bb8f-4540-bfd7-792cf915abcd@group-2150B91DA8B0: changes role from  FOLLOWER to CANDIDATE at term 0 for changeToCandidate
2019-10-14 11:04:48,766 [Thread-2507] INFO  impl.RoleInfo (RoleInfo.java:updateAndGet(143)) - 28a12880-bb8f-4540-bfd7-792cf915abcd: start LeaderElection
2019-10-14 11:04:48,788 [Thread-2504] INFO  impl.FollowerState (FollowerState.java:run(108)) - 2ad226cf-a5be-4e47-b5d8-e79e4a936f3f@group-2150B91DA8B0-FollowerState: change to CANDIDATE, lastRpcTime:5124ms, electionTimeout:5124ms
2019-10-14 11:04:48,788 [Thread-2504] INFO  impl.RoleInfo (RoleInfo.java:shutdownFollowerState(121)) - 2ad226cf-a5be-4e47-b5d8-e79e4a936f3f: shutdown FollowerState
2019-10-14 11:04:48,788 [Thread-2504] INFO  impl.RaftServerImpl (RaftServerImpl.java:setRole(170)) - 2ad226cf-a5be-4e47-b5d8-e79e4a936f3f@group-2150B91DA8B0: changes role from  FOLLOWER to CANDIDATE at term 0 for changeToCandidate
2019-10-14 11:04:48,788 [Thread-2504] INFO  impl.RoleInfo (RoleInfo.java:updateAndGet(143)) - 2ad226cf-a5be-4e47-b5d8-e79e4a936f3f: start LeaderElection
2019-10-14 11:04:48,793 [Thread-2509] INFO  impl.FollowerState (FollowerState.java:run(108)) - 906faec9-e6d3-4a5c-aa74-a2949492db4a@group-2150B91DA8B0-FollowerState: change to CANDIDATE, lastRpcTime:5125ms, electionTimeout:5123ms
2019-10-14 11:04:48,793 [28a12880-bb8f-4540-bfd7-792cf915abcd@group-2150B91DA8B0-LeaderElection73] INFO  impl.LeaderElection (LeaderElection.java:askForVotes(178)) - 28a12880-bb8f-4540-bfd7-792cf915abcd@group-2150B91DA8B0-LeaderElection73: begin an election at term 1 for -1: [28a12880-bb8f-4540-bfd7-792cf915abcd:192.168.151.96:39235, 2ad226cf-a5be-4e47-b5d8-e79e4a936f3f:192.168.151.96:33887, 906faec9-e6d3-4a5c-aa74-a2949492db4a:192.168.151.96:38037], old=null
2019-10-14 11:04:48,801 [Thread-2509] INFO  impl.RoleInfo (RoleInfo.java:shutdownFollowerState(121)) - 906faec9-e6d3-4a5c-aa74-a2949492db4a: shutdown FollowerState
2019-10-14 11:04:48,801 [Thread-2509] INFO  impl.RaftServerImpl (RaftServerImpl.java:setRole(170)) - 906faec9-e6d3-4a5c-aa74-a2949492db4a@group-2150B91DA8B0: changes role from  FOLLOWER to CANDIDATE at term 0 for changeToCandidate
2019-10-14 11:04:48,801 [Thread-2509] INFO  impl.RoleInfo (RoleInfo.java:updateAndGet(143)) - 906faec9-e6d3-4a5c-aa74-a2949492db4a: start LeaderElection
2019-10-14 11:04:48,811 [2ad226cf-a5be-4e47-b5d8-e79e4a936f3f@group-2150B91DA8B0-LeaderElection74] INFO  impl.LeaderElection (LeaderElection.java:askForVotes(178)) - 2ad226cf-a5be-4e47-b5d8-e79e4a936f3f@group-2150B91DA8B0-LeaderElection74: begin an election at term 1 for -1: [28a12880-bb8f-4540-bfd7-792cf915abcd:192.168.151.96:39235, 2ad226cf-a5be-4e47-b5d8-e79e4a936f3f:192.168.151.96:33887, 906faec9-e6d3-4a5c-aa74-a2949492db4a:192.168.151.96:38037], old=null
2019-10-14 11:04:48,816 [906faec9-e6d3-4a5c-aa74-a2949492db4a@group-2150B91DA8B0-LeaderElection75] INFO  impl.LeaderElection (LeaderElection.java:askForVotes(178)) - 906faec9-e6d3-4a5c-aa74-a2949492db4a@group-2150B91DA8B0-LeaderElection75: begin an election at term 1 for -1: [28a12880-bb8f-4540-bfd7-792cf915abcd:192.168.151.96:39235, 2ad226cf-a5be-4e47-b5d8-e79e4a936f3f:192.168.151.96:33887, 906faec9-e6d3-4a5c-aa74-a2949492db4a:192.168.151.96:38037], old=null
2019-10-14 11:04:48,816 [28a12880-bb8f-4540-bfd7-792cf915abcd@group-2150B91DA8B0-LeaderElection73] INFO  impl.LeaderElection (LeaderElection.java:logAndReturn(56)) - 28a12880-bb8f-4540-bfd7-792cf915abcd@group-2150B91DA8B0-LeaderElection73: Election REJECTED; received 2 response(s) [28a12880-bb8f-4540-bfd7-792cf915abcd<-2ad226cf-a5be-4e47-b5d8-e79e4a936f3f#0:FAIL-t1, 28a12880-bb8f-4540-bfd7-792cf915abcd<-906faec9-e6d3-4a5c-aa74-a2949492db4a#0:FAIL-t1] and 0 exception(s); 28a12880-bb8f-4540-bfd7-792cf915abcd@group-2150B91DA8B0:t1, leader=null, voted=28a12880-bb8f-4540-bfd7-792cf915abcd, raftlog=28a12880-bb8f-4540-bfd7-792cf915abcd@group-2150B91DA8B0-SegmentedRaftLog:OPENED:c-1,f-1,i0, conf=-1: [28a12880-bb8f-4540-bfd7-792cf915abcd:192.168.151.96:39235, 2ad226cf-a5be-4e47-b5d8-e79e4a936f3f:192.168.151.96:33887, 906faec9-e6d3-4a5c-aa74-a2949492db4a:192.168.151.96:38037], old=null
2019-10-14 11:04:48,817 [28a12880-bb8f-4540-bfd7-792cf915abcd@group-2150B91DA8B0-LeaderElection73] INFO  impl.RaftServerImpl (RaftServerImpl.java:setRole(170)) - 28a12880-bb8f-4540-bfd7-792cf915abcd@group-2150B91DA8B0: changes role from CANDIDATE to FOLLOWER at term 1 for DISCOVERED_A_NEW_TERM
2019-10-14 11:04:48,817 [28a12880-bb8f-4540-bfd7-792cf915abcd@group-2150B91DA8B0-LeaderElection73] INFO  impl.RoleInfo (RoleInfo.java:shutdownLeaderElection(134)) - 28a12880-bb8f-4540-bfd7-792cf915abcd: shutdown LeaderElection
2019-10-14 11:04:48,817 [28a12880-bb8f-4540-bfd7-792cf915abcd@group-2150B91DA8B0-LeaderElection73] INFO  impl.RoleInfo (RoleInfo.java:updateAndGet(143)) - 28a12880-bb8f-4540-bfd7-792cf915abcd: start FollowerState
2019-10-14 11:04:48,818 [2ad226cf-a5be-4e47-b5d8-e79e4a936f3f@group-2150B91DA8B0-LeaderElection74] INFO  impl.LeaderElection (LeaderElection.java:logAndReturn(56)) - 2ad226cf-a5be-4e47-b5d8-e79e4a936f3f@group-2150B91DA8B0-LeaderElection74: Election REJECTED; received 2 response(s) [2ad226cf-a5be-4e47-b5d8-e79e4a936f3f<-28a12880-bb8f-4540-bfd7-792cf915abcd#0:FAIL-t1, 2ad226cf-a5be-4e47-b5d8-e79e4a936f3f<-906faec9-e6d3-4a5c-aa74-a2949492db4a#0:FAIL-t1] and 0 exception(s); 2ad226cf-a5be-4e47-b5d8-e79e4a936f3f@group-2150B91DA8B0:t1, leader=null, voted=2ad226cf-a5be-4e47-b5d8-e79e4a936f3f, raftlog=2ad226cf-a5be-4e47-b5d8-e79e4a936f3f@group-2150B91DA8B0-SegmentedRaftLog:OPENED:c-1,f-1,i0, conf=-1: [28a12880-bb8f-4540-bfd7-792cf915abcd:192.168.151.96:39235, 2ad226cf-a5be-4e47-b5d8-e79e4a936f3f:192.168.151.96:33887, 906faec9-e6d3-4a5c-aa74-a2949492db4a:192.168.151.96:38037], old=null
2019-10-14 11:04:48,818 [2ad226cf-a5be-4e47-b5d8-e79e4a936f3f@group-2150B91DA8B0-LeaderElection74] INFO  impl.RaftServerImpl (RaftServerImpl.java:setRole(170)) - 2ad226cf-a5be-4e47-b5d8-e79e4a936f3f@group-2150B91DA8B0: changes role from CANDIDATE to FOLLOWER at term 1 for DISCOVERED_A_NEW_TERM
2019-10-14 11:04:48,818 [2ad226cf-a5be-4e47-b5d8-e79e4a936f3f@group-2150B91DA8B0-LeaderElection74] INFO  impl.RoleInfo (RoleInfo.java:shutdownLeaderElection(134)) - 2ad226cf-a5be-4e47-b5d8-e79e4a936f3f: shutdown LeaderElection
2019-10-14 11:04:48,819 [2ad226cf-a5be-4e47-b5d8-e79e4a936f3f@group-2150B91DA8B0-LeaderElection74] INFO  impl.RoleInfo (RoleInfo.java:updateAndGet(143)) - 2ad226cf-a5be-4e47-b5d8-e79e4a936f3f: start FollowerState
2019-10-14 11:04:48,819 [906faec9-e6d3-4a5c-aa74-a2949492db4a@group-2150B91DA8B0-LeaderElection75] INFO  impl.LeaderElection (LeaderElection.java:logAndReturn(56)) - 906faec9-e6d3-4a5c-aa74-a2949492db4a@group-2150B91DA8B0-LeaderElection75: Election REJECTED; received 2 response(s) [906faec9-e6d3-4a5c-aa74-a2949492db4a<-28a12880-bb8f-4540-bfd7-792cf915abcd#0:FAIL-t1, 906faec9-e6d3-4a5c-aa74-a2949492db4a<-2ad226cf-a5be-4e47-b5d8-e79e4a936f3f#0:FAIL-t1] and 0 exception(s); 906faec9-e6d3-4a5c-aa74-a2949492db4a@group-2150B91DA8B0:t1, leader=null, voted=906faec9-e6d3-4a5c-aa74-a2949492db4a, raftlog=906faec9-e6d3-4a5c-aa74-a2949492db4a@group-2150B91DA8B0-SegmentedRaftLog:OPENED:c-1,f-1,i0, conf=-1: [28a12880-bb8f-4540-bfd7-792cf915abcd:192.168.151.96:39235, 2ad226cf-a5be-4e47-b5d8-e79e4a936f3f:192.168.151.96:33887, 906faec9-e6d3-4a5c-aa74-a2949492db4a:192.168.151.96:38037], old=null
2019-10-14 11:04:48,819 [906faec9-e6d3-4a5c-aa74-a2949492db4a@group-2150B91DA8B0-LeaderElection75] INFO  impl.RaftServerImpl (RaftServerImpl.java:setRole(170)) - 906faec9-e6d3-4a5c-aa74-a2949492db4a@group-2150B91DA8B0: changes role from CANDIDATE to FOLLOWER at term 1 for DISCOVERED_A_NEW_TERM
2019-10-14 11:04:48,819 [906faec9-e6d3-4a5c-aa74-a2949492db4a@group-2150B91DA8B0-LeaderElection75] INFO  impl.RoleInfo (RoleInfo.java:shutdownLeaderElection(134)) - 906faec9-e6d3-4a5c-aa74-a2949492db4a: shutdown LeaderElection
2019-10-14 11:04:48,819 [906faec9-e6d3-4a5c-aa74-a2949492db4a@group-2150B91DA8B0-LeaderElection75] INFO  impl.RoleInfo (RoleInfo.java:updateAndGet(143)) - 906faec9-e6d3-4a5c-aa74-a2949492db4a: start FollowerState
2019-10-14 11:04:48,957 [Datanode State Machine Thread - 0] INFO  statemachine.DatanodeStateMachine (DatanodeStateMachine.java:lambda$startDaemon$0(350)) - Ozone container server started.
2019-10-14 11:04:53,913 [Thread-2570] INFO  impl.FollowerState (FollowerState.java:run(108)) - 28a12880-bb8f-4540-bfd7-792cf915abcd@group-2150B91DA8B0-FollowerState: change to CANDIDATE, lastRpcTime:5096ms, electionTimeout:5096ms
2019-10-14 11:04:53,914 [Thread-2570] INFO  impl.RoleInfo (RoleInfo.java:shutdownFollowerState(121)) - 28a12880-bb8f-4540-bfd7-792cf915abcd: shutdown FollowerState
2019-10-14 11:04:53,914 [Thread-2570] INFO  impl.RaftServerImpl (RaftServerImpl.java:setRole(170)) - 28a12880-bb8f-4540-bfd7-792cf915abcd@group-2150B91DA8B0: changes role from  FOLLOWER to CANDIDATE at term 1 for changeToCandidate
2019-10-14 11:04:53,914 [Thread-2570] INFO  impl.RoleInfo (RoleInfo.java:updateAndGet(143)) - 28a12880-bb8f-4540-bfd7-792cf915abcd: start LeaderElection
2019-10-14 11:04:53,925 [28a12880-bb8f-4540-bfd7-792cf915abcd@group-2150B91DA8B0-LeaderElection76] INFO  impl.LeaderElection (LeaderElection.java:askForVotes(178)) - 28a12880-bb8f-4540-bfd7-792cf915abcd@group-2150B91DA8B0-LeaderElection76: begin an election at term 2 for -1: [28a12880-bb8f-4540-bfd7-792cf915abcd:192.168.151.96:39235, 2ad226cf-a5be-4e47-b5d8-e79e4a936f3f:192.168.151.96:33887, 906faec9-e6d3-4a5c-aa74-a2949492db4a:192.168.151.96:38037], old=null
2019-10-14 11:04:53,929 [grpc-default-executor-2] INFO  impl.RaftServerImpl (RaftServerImpl.java:setRole(170)) - 906faec9-e6d3-4a5c-aa74-a2949492db4a@group-2150B91DA8B0: changes role from  FOLLOWER to FOLLOWER at term 2 for recognizeCandidate:28a12880-bb8f-4540-bfd7-792cf915abcd
2019-10-14 11:04:53,929 [grpc-default-executor-6] INFO  impl.RaftServerImpl (RaftServerImpl.java:setRole(170)) - 2ad226cf-a5be-4e47-b5d8-e79e4a936f3f@group-2150B91DA8B0: changes role from  FOLLOWER to FOLLOWER at term 2 for recognizeCandidate:28a12880-bb8f-4540-bfd7-792cf915abcd
2019-10-14 11:04:53,929 [grpc-default-executor-2] INFO  impl.RoleInfo (RoleInfo.java:shutdownFollowerState(121)) - 906faec9-e6d3-4a5c-aa74-a2949492db4a: shutdown FollowerState
2019-10-14 11:04:53,929 [grpc-default-executor-6] INFO  impl.RoleInfo (RoleInfo.java:shutdownFollowerState(121)) - 2ad226cf-a5be-4e47-b5d8-e79e4a936f3f: shutdown FollowerState
2019-10-14 11:04:53,929 [grpc-default-executor-2] INFO  impl.RoleInfo (RoleInfo.java:updateAndGet(143)) - 906faec9-e6d3-4a5c-aa74-a2949492db4a: start FollowerState
2019-10-14 11:04:53,929 [Thread-2572] INFO  impl.FollowerState (FollowerState.java:run(117)) - 906faec9-e6d3-4a5c-aa74-a2949492db4a@group-2150B91DA8B0-FollowerState was interrupted: java.lang.InterruptedException: sleep interrupted
2019-10-14 11:04:53,929 [grpc-default-executor-6] INFO  impl.RoleInfo (RoleInfo.java:updateAndGet(143)) - 2ad226cf-a5be-4e47-b5d8-e79e4a936f3f: start FollowerState
2019-10-14 11:04:53,936 [Thread-2571] INFO  impl.FollowerState (FollowerState.java:run(117)) - 2ad226cf-a5be-4e47-b5d8-e79e4a936f3f@group-2150B91DA8B0-FollowerState was interrupted: java.lang.InterruptedException: sleep interrupted
2019-10-14 11:04:53,944 [main] INFO  ozoneimpl.OzoneContainer (OzoneContainer.java:stop(231)) - Attempting to stop container services.
2019-10-14 11:04:53,944 [main] INFO  impl.RaftServerProxy (RaftServerProxy.java:lambda$close$4(314)) - 1dac4e55-0211-4f38-bdea-c52596ea96b1: close
2019-10-14 11:04:53,945 [main] INFO  impl.RaftServerImpl (RaftServerImpl.java:lambda$shutdown$3(247)) - 1dac4e55-0211-4f38-bdea-c52596ea96b1@group-60FC2B3BB85E: shutdown
2019-10-14 11:04:53,945 [main] INFO  util.JmxRegister (JmxRegister.java:unregister(73)) - Successfully un-registered JMX Bean with object name Ratis:service=RaftServer,group=group-60FC2B3BB85E,id=1dac4e55-0211-4f38-bdea-c52596ea96b1
2019-10-14 11:04:53,946 [main] INFO  impl.RoleInfo (RoleInfo.java:shutdownLeaderState(104)) - 1dac4e55-0211-4f38-bdea-c52596ea96b1: shutdown LeaderState
2019-10-14 11:04:53,946 [main] INFO  impl.PendingRequests (PendingRequests.java:sendNotLeaderResponses(202)) - 1dac4e55-0211-4f38-bdea-c52596ea96b1@group-60FC2B3BB85E-PendingRequests: sendNotLeaderResponses
2019-10-14 11:04:53,947 [main] INFO  impl.StateMachineUpdater (StateMachineUpdater.java:stopAndJoin(136)) - 1dac4e55-0211-4f38-bdea-c52596ea96b1@group-60FC2B3BB85E-StateMachineUpdater: set stopIndex = 0
2019-10-14 11:04:53,947 [main] INFO  impl.RaftServerImpl (ServerState.java:close(387)) - 1dac4e55-0211-4f38-bdea-c52596ea96b1@group-60FC2B3BB85E: closes. applyIndex: 0
2019-10-14 11:04:53,948 [1dac4e55-0211-4f38-bdea-c52596ea96b1@group-60FC2B3BB85E-SegmentedRaftLogWorker] INFO  segmented.SegmentedRaftLogWorker (SegmentedRaftLogWorker.java:run(316)) - 1dac4e55-0211-4f38-bdea-c52596ea96b1@group-60FC2B3BB85E-SegmentedRaftLogWorker was interrupted, exiting. There are 0 tasks remaining in the queue.
2019-10-14 11:04:53,954 [main] INFO  segmented.SegmentedRaftLogWorker (SegmentedRaftLogWorker.java:close(224)) - 1dac4e55-0211-4f38-bdea-c52596ea96b1@group-60FC2B3BB85E-SegmentedRaftLogWorker close()
2019-10-14 11:04:53,961 [main] INFO  impl.RaftServerImpl (RaftServerImpl.java:lambda$shutdown$3(247)) - 1dac4e55-0211-4f38-bdea-c52596ea96b1@group-35F4257C22E6: shutdown
2019-10-14 11:04:53,961 [main] INFO  util.JmxRegister (JmxRegister.java:unregister(73)) - Successfully un-registered JMX Bean with object name Ratis:service=RaftServer,group=group-35F4257C22E6,id=1dac4e55-0211-4f38-bdea-c52596ea96b1
2019-10-14 11:04:53,962 [main] INFO  impl.RoleInfo (RoleInfo.java:shutdownFollowerState(121)) - 1dac4e55-0211-4f38-bdea-c52596ea96b1: shutdown FollowerState
2019-10-14 11:04:53,962 [main] INFO  impl.StateMachineUpdater (StateMachineUpdater.java:stopAndJoin(136)) - 1dac4e55-0211-4f38-bdea-c52596ea96b1@group-35F4257C22E6-StateMachineUpdater: set stopIndex = 2
2019-10-14 11:04:53,962 [28a12880-bb8f-4540-bfd7-792cf915abcd@group-2150B91DA8B0-LeaderElection76] INFO  impl.LeaderElection (LeaderElection.java:logAndReturn(56)) - 28a12880-bb8f-4540-bfd7-792cf915abcd@group-2150B91DA8B0-LeaderElection76: Election PASSED; received 1 response(s) [28a12880-bb8f-4540-bfd7-792cf915abcd<-2ad226cf-a5be-4e47-b5d8-e79e4a936f3f#0:OK-t2] and 0 exception(s); 28a12880-bb8f-4540-bfd7-792cf915abcd@group-2150B91DA8B0:t2, leader=null, voted=28a12880-bb8f-4540-bfd7-792cf915abcd, raftlog=28a12880-bb8f-4540-bfd7-792cf915abcd@group-2150B91DA8B0-SegmentedRaftLog:OPENED:c-1,f-1,i0, conf=-1: [28a12880-bb8f-4540-bfd7-792cf915abcd:192.168.151.96:39235, 2ad226cf-a5be-4e47-b5d8-e79e4a936f3f:192.168.151.96:33887, 906faec9-e6d3-4a5c-aa74-a2949492db4a:192.168.151.96:38037], old=null
2019-10-14 11:04:53,962 [1dac4e55-0211-4f38-bdea-c52596ea96b1@group-35F4257C22E6-StateMachineUpdater] INFO  ratis.ContainerStateMachine (ContainerStateMachine.java:takeSnapshot(293)) - group-35F4257C22E6: Taking a snapshot at:(t:1, i:1) file /workdir/hadoop-ozone/integration-test/target/test-dir/MiniOzoneClusterImpl-db97c445-3a48-427a-af40-d714fe85aeb9/datanode-1/data/ratis/9b35321c-c648-4549-b7b2-35f4257c22e6/sm/snapshot.1_1
2019-10-14 11:04:53,962 [Thread-2552] INFO  impl.FollowerState (FollowerState.java:run(117)) - 1dac4e55-0211-4f38-bdea-c52596ea96b1@group-35F4257C22E6-FollowerState was interrupted: java.lang.InterruptedException: sleep interrupted
2019-10-14 11:04:53,962 [28a12880-bb8f-4540-bfd7-792cf915abcd@group-2150B91DA8B0-LeaderElection76] INFO  impl.RoleInfo (RoleInfo.java:shutdownLeaderElection(134)) - 28a12880-bb8f-4540-bfd7-792cf915abcd: shutdown LeaderElection
2019-10-14 11:04:53,966 [28a12880-bb8f-4540-bfd7-792cf915abcd@group-2150B91DA8B0-LeaderElection76] INFO  impl.RaftServerImpl (RaftServerImpl.java:setRole(170)) - 28a12880-bb8f-4540-bfd7-792cf915abcd@group-2150B91DA8B0: changes role from CANDIDATE to LEADER at term 2 for changeToLeader
2019-10-14 11:04:53,966 [28a12880-bb8f-4540-bfd7-792cf915abcd@group-2150B91DA8B0-LeaderElection76] INFO  impl.RaftServerImpl (ServerState.java:setLeader(255)) - 28a12880-bb8f-4540-bfd7-792cf915abcd@group-2150B91DA8B0: change Leader from null to 28a12880-bb8f-4540-bfd7-792cf915abcd at term 2 for becomeLeader, leader elected after 10309ms
2019-10-14 11:04:53,966 [28a12880-bb8f-4540-bfd7-792cf915abcd@group-2150B91DA8B0-LeaderElection76] INFO  server.RaftServerConfigKeys (ConfUtils.java:logGet(43)) - raft.server.staging.catchup.gap = 1000 (default)
2019-10-14 11:04:53,967 [28a12880-bb8f-4540-bfd7-792cf915abcd@group-2150B91DA8B0-LeaderElection76] INFO  server.RaftServerConfigKeys (ConfUtils.java:logGet(43)) - raft.server.rpc.sleep.time = 25ms (default)
2019-10-14 11:04:53,967 [28a12880-bb8f-4540-bfd7-792cf915abcd@group-2150B91DA8B0-LeaderElection76] INFO  server.RaftServerConfigKeys (ConfUtils.java:logGet(43)) - raft.server.write.element-limit = 4096 (default)
2019-10-14 11:04:53,967 [28a12880-bb8f-4540-bfd7-792cf915abcd@group-2150B91DA8B0-LeaderElection76] INFO  server.RaftServerConfigKeys (ConfUtils.java:logGet(43)) - raft.server.watch.timeout = 10s (default)
2019-10-14 11:04:53,967 [28a12880-bb8f-4540-bfd7-792cf915abcd@group-2150B91DA8B0-LeaderElection76] INFO  server.RaftServerConfigKeys (ConfUtils.java:logGet(43)) - raft.server.watch.timeout.denomination = 1s (default)
2019-10-14 11:04:53,967 [28a12880-bb8f-4540-bfd7-792cf915abcd@group-2150B91DA8B0-LeaderElection76] INFO  server.RaftServerConfigKeys (ConfUtils.java:logGet(43)) - raft.server.watch.element-limit = 65536 (default)
2019-10-14 11:04:53,971 [28a12880-bb8f-4540-bfd7-792cf915abcd@group-2150B91DA8B0-LeaderElection76] INFO  server.RaftServerConfigKeys (ConfUtils.java:logGet(43)) - raft.server.log.appender.snapshot.chunk.size.max = 16MB (=16777216) (default)
2019-10-14 11:04:53,971 [28a12880-bb8f-4540-bfd7-792cf915abcd@group-2150B91DA8B0-LeaderElection76] INFO  server.RaftServerConfigKeys (ConfUtils.java:logGet(43)) - raft.server.log.appender.buffer.byte-limit = 33554432 (custom)
2019-10-14 11:04:53,971 [28a12880-bb8f-4540-bfd7-792cf915abcd@group-2150B91DA8B0-LeaderElection76] INFO  server.RaftServerConfigKeys (ConfUtils.java:logGet(43)) - raft.server.log.appender.buffer.element-limit = 1 (custom)
2019-10-14 11:04:53,972 [28a12880-bb8f-4540-bfd7-792cf915abcd@group-2150B91DA8B0-LeaderElection76] INFO  grpc.GrpcConfigKeys$Server (ConfUtils.java:logGet(43)) - raft.grpc.server.leader.outstanding.appends.max = 128 (default)
2019-10-14 11:04:53,972 [28a12880-bb8f-4540-bfd7-792cf915abcd@group-2150B91DA8B0-LeaderElection76] INFO  server.RaftServerConfigKeys (ConfUtils.java:logGet(43)) - raft.server.rpc.request.timeout = 3000ms (default)
2019-10-14 11:04:53,972 [28a12880-bb8f-4540-bfd7-792cf915abcd@group-2150B91DA8B0-LeaderElection76] INFO  server.RaftServerConfigKeys (ConfUtils.java:logGet(43)) - raft.server.log.appender.install.snapshot.enabled = false (custom)
2019-10-14 11:04:53,973 [28a12880-bb8f-4540-bfd7-792cf915abcd@group-2150B91DA8B0-LeaderElection76] INFO  server.RaftServerConfigKeys (ConfUtils.java:logGet(43)) - raft.server.log.appender.snapshot.chunk.size.max = 16MB (=16777216) (default)
2019-10-14 11:04:53,973 [28a12880-bb8f-4540-bfd7-792cf915abcd@group-2150B91DA8B0-LeaderElection76] INFO  server.RaftServerConfigKeys (ConfUtils.java:logGet(43)) - raft.server.log.appender.buffer.byte-limit = 33554432 (custom)
2019-10-14 11:04:53,974 [28a12880-bb8f-4540-bfd7-792cf915abcd@group-2150B91DA8B0-LeaderElection76] INFO  server.RaftServerConfigKeys (ConfUtils.java:logGet(43)) - raft.server.log.appender.buffer.element-limit = 1 (custom)
2019-10-14 11:04:53,974 [28a12880-bb8f-4540-bfd7-792cf915abcd@group-2150B91DA8B0-LeaderElection76] INFO  grpc.GrpcConfigKeys$Server (ConfUtils.java:logGet(43)) - raft.grpc.server.leader.outstanding.appends.max = 128 (default)
2019-10-14 11:04:53,974 [28a12880-bb8f-4540-bfd7-792cf915abcd@group-2150B91DA8B0-LeaderElection76] INFO  server.RaftServerConfigKeys (ConfUtils.java:logGet(43)) - raft.server.rpc.request.timeout = 3000ms (default)
2019-10-14 11:04:53,974 [28a12880-bb8f-4540-bfd7-792cf915abcd@group-2150B91DA8B0-LeaderElection76] INFO  server.RaftServerConfigKeys (ConfUtils.java:logGet(43)) - raft.server.log.appender.install.snapshot.enabled = false (custom)
2019-10-14 11:04:53,974 [28a12880-bb8f-4540-bfd7-792cf915abcd@group-2150B91DA8B0-LeaderElection76] INFO  impl.RoleInfo (RoleInfo.java:updateAndGet(143)) - 28a12880-bb8f-4540-bfd7-792cf915abcd: start LeaderState
2019-10-14 11:04:53,975 [28a12880-bb8f-4540-bfd7-792cf915abcd@group-2150B91DA8B0-LeaderElection76] INFO  segmented.SegmentedRaftLogWorker (SegmentedRaftLogWorker.java:startLogSegment(385)) - 28a12880-bb8f-4540-bfd7-792cf915abcd@group-2150B91DA8B0-SegmentedRaftLogWorker: Starting segment from index:0
2019-10-14 11:04:53,980 [28a12880-bb8f-4540-bfd7-792cf915abcd@group-2150B91DA8B0-LeaderElection76] INFO  impl.RaftServerImpl (ServerState.java:setRaftConf(356)) - 28a12880-bb8f-4540-bfd7-792cf915abcd@group-2150B91DA8B0: set configuration 0: [28a12880-bb8f-4540-bfd7-792cf915abcd:192.168.151.96:39235, 2ad226cf-a5be-4e47-b5d8-e79e4a936f3f:192.168.151.96:33887, 906faec9-e6d3-4a5c-aa74-a2949492db4a:192.168.151.96:38037], old=null at 0
2019-10-14 11:04:53,981 [grpc-default-executor-6] INFO  impl.RaftServerImpl (ServerState.java:setLeader(255)) - 906faec9-e6d3-4a5c-aa74-a2949492db4a@group-2150B91DA8B0: change Leader from null to 28a12880-bb8f-4540-bfd7-792cf915abcd at term 2 for appendEntries, leader elected after 10323ms
2019-10-14 11:04:53,981 [grpc-default-executor-2] INFO  impl.RaftServerImpl (ServerState.java:setLeader(255)) - 2ad226cf-a5be-4e47-b5d8-e79e4a936f3f@group-2150B91DA8B0: change Leader from null to 28a12880-bb8f-4540-bfd7-792cf915abcd at term 2 for appendEntries, leader elected after 10323ms
2019-10-14 11:04:53,983 [grpc-default-executor-2] INFO  impl.RaftServerImpl (ServerState.java:setRaftConf(356)) - 906faec9-e6d3-4a5c-aa74-a2949492db4a@group-2150B91DA8B0: set configuration 0: [28a12880-bb8f-4540-bfd7-792cf915abcd:192.168.151.96:39235, 2ad226cf-a5be-4e47-b5d8-e79e4a936f3f:192.168.151.96:33887, 906faec9-e6d3-4a5c-aa74-a2949492db4a:192.168.151.96:38037], old=null at 0
2019-10-14 11:04:53,983 [grpc-default-executor-6] INFO  impl.RaftServerImpl (ServerState.java:setRaftConf(356)) - 2ad226cf-a5be-4e47-b5d8-e79e4a936f3f@group-2150B91DA8B0: set configuration 0: [28a12880-bb8f-4540-bfd7-792cf915abcd:192.168.151.96:39235, 2ad226cf-a5be-4e47-b5d8-e79e4a936f3f:192.168.151.96:33887, 906faec9-e6d3-4a5c-aa74-a2949492db4a:192.168.151.96:38037], old=null at 0
2019-10-14 11:04:53,983 [grpc-default-executor-2] INFO  segmented.SegmentedRaftLogWorker (SegmentedRaftLogWorker.java:startLogSegment(385)) - 906faec9-e6d3-4a5c-aa74-a2949492db4a@group-2150B91DA8B0-SegmentedRaftLogWorker: Starting segment from index:0
2019-10-14 11:04:53,983 [grpc-default-executor-6] INFO  segmented.SegmentedRaftLogWorker (SegmentedRaftLogWorker.java:startLogSegment(385)) - 2ad226cf-a5be-4e47-b5d8-e79e4a936f3f@group-2150B91DA8B0-SegmentedRaftLogWorker: Starting segment from index:0
2019-10-14 11:04:53,984 [1dac4e55-0211-4f38-bdea-c52596ea96b1@group-35F4257C22E6-StateMachineUpdater] INFO  ratis.ContainerStateMachine (ContainerStateMachine.java:takeSnapshot(304)) - group-35F4257C22E6: Finished taking a snapshot at:(t:1, i:1) file:/workdir/hadoop-ozone/integration-test/target/test-dir/MiniOzoneClusterImpl-db97c445-3a48-427a-af40-d714fe85aeb9/datanode-1/data/ratis/9b35321c-c648-4549-b7b2-35f4257c22e6/sm/snapshot.1_1 time:21
2019-10-14 11:04:53,985 [1dac4e55-0211-4f38-bdea-c52596ea96b1@group-35F4257C22E6-StateMachineUpdater] INFO  impl.StateMachineUpdater (StateMachineUpdater.java:takeSnapshot(269)) - 1dac4e55-0211-4f38-bdea-c52596ea96b1@group-35F4257C22E6-StateMachineUpdater: Took a snapshot at index 1
2019-10-14 11:04:53,985 [1dac4e55-0211-4f38-bdea-c52596ea96b1@group-35F4257C22E6-StateMachineUpdater] INFO  impl.StateMachineUpdater (StateMachineUpdater.java:lambda$new$0(84)) - 1dac4e55-0211-4f38-bdea-c52596ea96b1@group-35F4257C22E6-StateMachineUpdater: snapshotIndex: updateIncreasingly -1 -> 1
2019-10-14 11:04:53,986 [1dac4e55-0211-4f38-bdea-c52596ea96b1@group-35F4257C22E6-StateMachineUpdater] INFO  ratis.ContainerStateMachine (ContainerStateMachine.java:takeSnapshot(293)) - group-35F4257C22E6: Taking a snapshot at:(t:1, i:1) file /workdir/hadoop-ozone/integration-test/target/test-dir/MiniOzoneClusterImpl-db97c445-3a48-427a-af40-d714fe85aeb9/datanode-1/data/ratis/9b35321c-c648-4549-b7b2-35f4257c22e6/sm/snapshot.1_1
2019-10-14 11:04:53,989 [1dac4e55-0211-4f38-bdea-c52596ea96b1@group-35F4257C22E6-StateMachineUpdater] INFO  ratis.ContainerStateMachine (ContainerStateMachine.java:takeSnapshot(304)) - group-35F4257C22E6: Finished taking a snapshot at:(t:1, i:1) file:/workdir/hadoop-ozone/integration-test/target/test-dir/MiniOzoneClusterImpl-db97c445-3a48-427a-af40-d714fe85aeb9/datanode-1/data/ratis/9b35321c-c648-4549-b7b2-35f4257c22e6/sm/snapshot.1_1 time:3
2019-10-14 11:04:53,989 [1dac4e55-0211-4f38-bdea-c52596ea96b1@group-35F4257C22E6-StateMachineUpdater] INFO  impl.StateMachineUpdater (StateMachineUpdater.java:takeSnapshot(269)) - 1dac4e55-0211-4f38-bdea-c52596ea96b1@group-35F4257C22E6-StateMachineUpdater: Took a snapshot at index 1
2019-10-14 11:04:53,989 [1dac4e55-0211-4f38-bdea-c52596ea96b1@group-35F4257C22E6-StateMachineUpdater] INFO  impl.StateMachineUpdater (StateMachineUpdater.java:lambda$new$0(84)) - 1dac4e55-0211-4f38-bdea-c52596ea96b1@group-35F4257C22E6-StateMachineUpdater: snapshotIndex: updateIncreasingly 1 -> 1
2019-10-14 11:04:53,989 [main] INFO  impl.RaftServerImpl (ServerState.java:close(387)) - 1dac4e55-0211-4f38-bdea-c52596ea96b1@group-35F4257C22E6: closes. applyIndex: 2
2019-10-14 11:04:53,990 [1dac4e55-0211-4f38-bdea-c52596ea96b1@group-35F4257C22E6-SegmentedRaftLogWorker] INFO  segmented.SegmentedRaftLogWorker (SegmentedRaftLogWorker.java:run(316)) - 1dac4e55-0211-4f38-bdea-c52596ea96b1@group-35F4257C22E6-SegmentedRaftLogWorker was interrupted, exiting. There are 0 tasks remaining in the queue.
2019-10-14 11:04:54,017 [main] INFO  segmented.SegmentedRaftLogWorker (SegmentedRaftLogWorker.java:close(224)) - 1dac4e55-0211-4f38-bdea-c52596ea96b1@group-35F4257C22E6-SegmentedRaftLogWorker close()
2019-10-14 11:04:54,024 [main] INFO  server.GrpcService (GrpcService.java:closeImpl(164)) - 1dac4e55-0211-4f38-bdea-c52596ea96b1: shutdown server with port 37692 now
2019-10-14 11:04:54,025 [grpc-default-executor-2] WARN  server.GrpcServerProtocolService (LogUtils.java:warn(134)) - 1dac4e55-0211-4f38-bdea-c52596ea96b1: installSnapshot onError, lastRequest: 3ba1fc0d-56df-4e15-a330-3914602d5a0a->1dac4e55-0211-4f38-bdea-c52596ea96b1#5-t1, previous=(t:1, i:2), leaderCommit=2, initializing? false, entries: <empty>: org.apache.ratis.thirdparty.io.grpc.StatusRuntimeException: CANCELLED: cancelled before receiving half close
2019-10-14 11:04:54,025 [main] INFO  server.GrpcService (GrpcService.java:closeImpl(172)) - 1dac4e55-0211-4f38-bdea-c52596ea96b1: shutdown server with port 37692 successfully
2019-10-14 11:04:54,025 [grpc-default-executor-8] WARN  server.GrpcLogAppender (LogUtils.java:warn(134)) - 3ba1fc0d-56df-4e15-a330-3914602d5a0a@group-35F4257C22E6->1dac4e55-0211-4f38-bdea-c52596ea96b1-AppendLogResponseHandler: Failed appendEntries: org.apache.ratis.thirdparty.io.grpc.StatusRuntimeException: CANCELLED: HTTP/2 error code: CANCEL
Received Rst Stream
2019-10-14 11:04:54,025 [grpc-default-executor-8] INFO  impl.FollowerInfo (FollowerInfo.java:lambda$new$0(51)) - 3ba1fc0d-56df-4e15-a330-3914602d5a0a@group-35F4257C22E6->1dac4e55-0211-4f38-bdea-c52596ea96b1: nextIndex: updateUnconditionally 3 -> 2
2019-10-14 11:04:54,027 [refreshUsed-/workdir/hadoop-ozone/integration-test/target/test-dir/MiniOzoneClusterImpl-db97c445-3a48-427a-af40-d714fe85aeb9/datanode-1/data/containers] WARN  fs.CachingGetSpaceUsed (CachingGetSpaceUsed.java:run(183)) - Thread Interrupted waiting to refresh disk information: sleep interrupted
2019-10-14 11:04:54,040 [main] INFO  utils.BackgroundService (BackgroundService.java:shutdown(148)) - Shutting down service BlockDeletingService
2019-10-14 11:04:54,048 [2ad226cf-a5be-4e47-b5d8-e79e4a936f3f@group-2150B91DA8B0-SegmentedRaftLogWorker] INFO  segmented.SegmentedRaftLogWorker (SegmentedRaftLogWorker.java:execute(574)) - 2ad226cf-a5be-4e47-b5d8-e79e4a936f3f@group-2150B91DA8B0-SegmentedRaftLogWorker: created new log segment /workdir/hadoop-ozone/integration-test/target/test-dir/MiniOzoneClusterImpl-db97c445-3a48-427a-af40-d714fe85aeb9/datanode-4/data/ratis/c55aa3f0-beb3-4063-a50f-2150b91da8b0/current/log_inprogress_0
2019-10-14 11:04:54,048 [28a12880-bb8f-4540-bfd7-792cf915abcd@group-2150B91DA8B0-SegmentedRaftLogWorker] INFO  segmented.SegmentedRaftLogWorker (SegmentedRaftLogWorker.java:execute(574)) - 28a12880-bb8f-4540-bfd7-792cf915abcd@group-2150B91DA8B0-SegmentedRaftLogWorker: created new log segment /workdir/hadoop-ozone/integration-test/target/test-dir/MiniOzoneClusterImpl-db97c445-3a48-427a-af40-d714fe85aeb9/datanode-5/data/ratis/c55aa3f0-beb3-4063-a50f-2150b91da8b0/current/log_inprogress_0
2019-10-14 11:04:54,051 [main] INFO  statemachine.DatanodeStateMachine (DatanodeStateMachine.java:stopDaemon(395)) - Ozone container server stopped.
2019-10-14 11:04:54,048 [906faec9-e6d3-4a5c-aa74-a2949492db4a@group-2150B91DA8B0-SegmentedRaftLogWorker] INFO  segmented.SegmentedRaftLogWorker (SegmentedRaftLogWorker.java:execute(574)) - 906faec9-e6d3-4a5c-aa74-a2949492db4a@group-2150B91DA8B0-SegmentedRaftLogWorker: created new log segment /workdir/hadoop-ozone/integration-test/target/test-dir/MiniOzoneClusterImpl-db97c445-3a48-427a-af40-d714fe85aeb9/datanode-3/data/ratis/c55aa3f0-beb3-4063-a50f-2150b91da8b0/current/log_inprogress_0
2019-10-14 11:04:54,053 [main] INFO  handler.ContextHandler (ContextHandler.java:doStop(910)) - Stopped o.e.j.w.WebAppContext@130cfc47{/,null,UNAVAILABLE}{/hddsDatanode}
2019-10-14 11:04:54,054 [main] INFO  server.AbstractConnector (AbstractConnector.java:doStop(318)) - Stopped ServerConnector@4eeab3e{HTTP/1.1,[http/1.1]}{0.0.0.0:0}
2019-10-14 11:04:54,055 [main] INFO  handler.ContextHandler (ContextHandler.java:doStop(910)) - Stopped o.e.j.s.ServletContextHandler@7b9088f2{/static,jar:file:/home/user/.m2/repository/org/apache/hadoop/hadoop-hdds-container-service/0.5.0-SNAPSHOT/hadoop-hdds-container-service-0.5.0-SNAPSHOT.jar!/webapps/static,UNAVAILABLE}
2019-10-14 11:04:54,055 [main] INFO  handler.ContextHandler (ContextHandler.java:doStop(910)) - Stopped o.e.j.s.ServletContextHandler@3f6cce7f{/logs,file:///workdir/hadoop-ozone/integration-test/target/log,UNAVAILABLE}
2019-10-14 11:04:54,066 [grpc-default-executor-8] WARN  server.GrpcLogAppender (LogUtils.java:warn(134)) - 3ba1fc0d-56df-4e15-a330-3914602d5a0a@group-35F4257C22E6->1dac4e55-0211-4f38-bdea-c52596ea96b1-AppendLogResponseHandler: Failed appendEntries: org.apache.ratis.thirdparty.io.grpc.StatusRuntimeException: UNAVAILABLE: io exception
2019-10-14 11:04:54,066 [grpc-default-executor-8] INFO  impl.FollowerInfo (FollowerInfo.java:lambda$new$0(51)) - 3ba1fc0d-56df-4e15-a330-3914602d5a0a@group-35F4257C22E6->1dac4e55-0211-4f38-bdea-c52596ea96b1: nextIndex: updateUnconditionally 3 -> 2
2019-10-14 11:04:54,081 [grpc-default-executor-6] WARN  server.GrpcLogAppender (LogUtils.java:warn(134)) - 3ba1fc0d-56df-4e15-a330-3914602d5a0a@group-35F4257C22E6->1dac4e55-0211-4f38-bdea-c52596ea96b1-AppendLogResponseHandler: Failed appendEntries: org.apache.ratis.thirdparty.io.grpc.StatusRuntimeException: UNAVAILABLE: io exception
2019-10-14 11:04:54,082 [grpc-default-executor-6] INFO  impl.FollowerInfo (FollowerInfo.java:lambda$new$0(51)) - 3ba1fc0d-56df-4e15-a330-3914602d5a0a@group-35F4257C22E6->1dac4e55-0211-4f38-bdea-c52596ea96b1: nextIndex: updateUnconditionally 3 -> 2
2019-10-14 11:04:54,092 [grpc-default-executor-2] WARN  server.GrpcLogAppender (LogUtils.java:warn(134)) - 3ba1fc0d-56df-4e15-a330-3914602d5a0a@group-35F4257C22E6->1dac4e55-0211-4f38-bdea-c52596ea96b1-AppendLogResponseHandler: Failed appendEntries: org.apache.ratis.thirdparty.io.grpc.StatusRuntimeException: UNAVAILABLE: io exception
2019-10-14 11:04:54,093 [grpc-default-executor-2] INFO  impl.FollowerInfo (FollowerInfo.java:lambda$new$0(51)) - 3ba1fc0d-56df-4e15-a330-3914602d5a0a@group-35F4257C22E6->1dac4e55-0211-4f38-bdea-c52596ea96b1: nextIndex: updateUnconditionally 3 -> 2
2019-10-14 11:04:54,097 [EventQueue-IncrementalContainerReportForIncrementalContainerReportHandler] WARN  container.IncrementalContainerReportHandler (AbstractContainerReportHandler.java:updateContainerState(143)) - Container #1 is in OPEN state, but the datanode 3ba1fc0d-56df-4e15-a330-3914602d5a0a{ip: 192.168.151.96, host: pr-hdds-2196-x574v-1375001003, networkLocation: /default-rack, certSerialId: null} reports an CLOSING replica.
2019-10-14 11:04:54,101 [EventQueue-IncrementalContainerReportForIncrementalContainerReportHandler] WARN  container.IncrementalContainerReportHandler (AbstractContainerReportHandler.java:updateContainerState(143)) - Container #1 is in OPEN state, but the datanode 821904a1-ff9d-4afb-845f-01206dcc5c64{ip: 192.168.151.96, host: pr-hdds-2196-x574v-1375001003, networkLocation: /default-rack, certSerialId: null} reports an CLOSING replica.
2019-10-14 11:04:54,147 [RatisApplyTransactionExecutor 1] INFO  interfaces.Container (KeyValueContainer.java:flushAndSyncDB(386)) - Container 1 is synced with bcsId 0.
2019-10-14 11:04:54,181 [RatisApplyTransactionExecutor 1] INFO  interfaces.Container (KeyValueContainer.java:flushAndSyncDB(386)) - Container 1 is synced with bcsId 0.
2019-10-14 11:04:54,183 [RatisApplyTransactionExecutor 1] INFO  interfaces.Container (KeyValueContainer.java:flushAndSyncDB(386)) - Container 1 is synced with bcsId 0.
2019-10-14 11:04:54,183 [RatisApplyTransactionExecutor 1] INFO  interfaces.Container (KeyValueContainer.java:flushAndSyncDB(386)) - Container 1 is synced with bcsId 0.
2019-10-14 11:04:54,205 [RatisApplyTransactionExecutor 1] INFO  interfaces.Container (KeyValueContainer.java:close(335)) - Container 1 is closed with bcsId 0.
2019-10-14 11:04:54,205 [RatisApplyTransactionExecutor 1] INFO  interfaces.Container (KeyValueContainer.java:close(335)) - Container 1 is closed with bcsId 0.
2019-10-14 11:04:54,213 [EventQueue-IncrementalContainerReportForIncrementalContainerReportHandler] WARN  container.IncrementalContainerReportHandler (AbstractContainerReportHandler.java:updateContainerState(143)) - Container #1 is in OPEN state, but the datanode 3ba1fc0d-56df-4e15-a330-3914602d5a0a{ip: 192.168.151.96, host: pr-hdds-2196-x574v-1375001003, networkLocation: /default-rack, certSerialId: null} reports an CLOSED replica.
2019-10-14 11:04:54,216 [EventQueue-IncrementalContainerReportForIncrementalContainerReportHandler] WARN  container.IncrementalContainerReportHandler (AbstractContainerReportHandler.java:updateContainerState(143)) - Container #1 is in OPEN state, but the datanode 821904a1-ff9d-4afb-845f-01206dcc5c64{ip: 192.168.151.96, host: pr-hdds-2196-x574v-1375001003, networkLocation: /default-rack, certSerialId: null} reports an CLOSED replica.
2019-10-14 11:04:56,594 [grpc-default-executor-6] WARN  server.GrpcLogAppender (LogUtils.java:warn(134)) - 3ba1fc0d-56df-4e15-a330-3914602d5a0a@group-35F4257C22E6->1dac4e55-0211-4f38-bdea-c52596ea96b1-AppendLogResponseHandler: Failed appendEntries: org.apache.ratis.thirdparty.io.grpc.StatusRuntimeException: UNAVAILABLE: io exception
2019-10-14 11:04:56,594 [grpc-default-executor-6] INFO  impl.FollowerInfo (FollowerInfo.java:lambda$new$0(51)) - 3ba1fc0d-56df-4e15-a330-3914602d5a0a@group-35F4257C22E6->1dac4e55-0211-4f38-bdea-c52596ea96b1: nextIndex: updateUnconditionally 2 -> 1
2019-10-14 11:04:57,241 [main] WARN  scm.XceiverClientRatis (XceiverClientRatis.java:watchForCommit(292)) - 3 way commit failed on pipeline Pipeline[ Id: 9b35321c-c648-4549-b7b2-35f4257c22e6, Nodes: 1dac4e55-0211-4f38-bdea-c52596ea96b1{ip: 192.168.151.96, host: pr-hdds-2196-x574v-1375001003, networkLocation: /default-rack, certSerialId: null}3ba1fc0d-56df-4e15-a330-3914602d5a0a{ip: 192.168.151.96, host: pr-hdds-2196-x574v-1375001003, networkLocation: /default-rack, certSerialId: null}821904a1-ff9d-4afb-845f-01206dcc5c64{ip: 192.168.151.96, host: pr-hdds-2196-x574v-1375001003, networkLocation: /default-rack, certSerialId: null}, Type:RATIS, Factor:THREE, State:OPEN]
java.util.concurrent.TimeoutException
	at java.util.concurrent.CompletableFuture.timedGet(CompletableFuture.java:1771)
	at java.util.concurrent.CompletableFuture.get(CompletableFuture.java:1915)
	at org.apache.hadoop.hdds.scm.XceiverClientRatis.watchForCommit(XceiverClientRatis.java:289)
	at org.apache.hadoop.ozone.client.rpc.TestWatchForCommit.test2WayCommitForTimeoutException(TestWatchForCommit.java:391)
	at sun.reflect.NativeMethodAccessorImpl.invoke0(Native Method)
	at sun.reflect.NativeMethodAccessorImpl.invoke(NativeMethodAccessorImpl.java:62)
	at sun.reflect.DelegatingMethodAccessorImpl.invoke(DelegatingMethodAccessorImpl.java:43)
	at java.lang.reflect.Method.invoke(Method.java:498)
	at org.junit.runners.model.FrameworkMethod$1.runReflectiveCall(FrameworkMethod.java:47)
	at org.junit.internal.runners.model.ReflectiveCallable.run(ReflectiveCallable.java:12)
	at org.junit.runners.model.FrameworkMethod.invokeExplosively(FrameworkMethod.java:44)
	at org.junit.internal.runners.statements.InvokeMethod.evaluate(InvokeMethod.java:17)
	at org.junit.runners.ParentRunner.runLeaf(ParentRunner.java:271)
	at org.junit.runners.BlockJUnit4ClassRunner.runChild(BlockJUnit4ClassRunner.java:70)
	at org.junit.runners.BlockJUnit4ClassRunner.runChild(BlockJUnit4ClassRunner.java:50)
	at org.junit.runners.ParentRunner$3.run(ParentRunner.java:238)
	at org.junit.runners.ParentRunner$1.schedule(ParentRunner.java:63)
	at org.junit.runners.ParentRunner.runChildren(ParentRunner.java:236)
	at org.junit.runners.ParentRunner.access$000(ParentRunner.java:53)
	at org.junit.runners.ParentRunner$2.evaluate(ParentRunner.java:229)
	at org.junit.runners.ParentRunner.run(ParentRunner.java:309)
	at org.apache.maven.surefire.junit4.JUnit4Provider.execute(JUnit4Provider.java:365)
	at org.apache.maven.surefire.junit4.JUnit4Provider.executeWithRerun(JUnit4Provider.java:273)
	at org.apache.maven.surefire.junit4.JUnit4Provider.executeTestSet(JUnit4Provider.java:238)
	at org.apache.maven.surefire.junit4.JUnit4Provider.invoke(JUnit4Provider.java:159)
	at org.apache.maven.surefire.booter.ForkedBooter.invokeProviderInSameClassLoader(ForkedBooter.java:384)
	at org.apache.maven.surefire.booter.ForkedBooter.runSuitesInProcess(ForkedBooter.java:345)
	at org.apache.maven.surefire.booter.ForkedBooter.execute(ForkedBooter.java:126)
	at org.apache.maven.surefire.booter.ForkedBooter.main(ForkedBooter.java:418)
2019-10-14 11:04:57,255 [Thread-2625] INFO  client.GrpcClientProtocolService (GrpcClientProtocolService.java:lambda$processClientRequest$0(278)) - Failed RaftClientRequest:client-6512FDB7526C->821904a1-ff9d-4afb-845f-01206dcc5c64@group-35F4257C22E6, cid=102, seq=0, Watch-MAJORITY_COMMITTED(3), Message:<EMPTY>, reply=RaftClientReply:client-6512FDB7526C->821904a1-ff9d-4afb-845f-01206dcc5c64@group-35F4257C22E6, cid=102, FAILED org.apache.ratis.protocol.NotLeaderException: Server 821904a1-ff9d-4afb-845f-01206dcc5c64@group-35F4257C22E6 is not the leader 3ba1fc0d-56df-4e15-a330-3914602d5a0a:192.168.151.96:46171, logIndex=0, commits[821904a1-ff9d-4afb-845f-01206dcc5c64:c4, 1dac4e55-0211-4f38-bdea-c52596ea96b1:c2, 3ba1fc0d-56df-4e15-a330-3914602d5a0a:c4]
2019-10-14 11:04:59,096 [grpc-default-executor-2] WARN  server.GrpcLogAppender (LogUtils.java:warn(134)) - 3ba1fc0d-56df-4e15-a330-3914602d5a0a@group-35F4257C22E6->1dac4e55-0211-4f38-bdea-c52596ea96b1-AppendLogResponseHandler: Failed appendEntries: org.apache.ratis.thirdparty.io.grpc.StatusRuntimeException: UNAVAILABLE: io exception
2019-10-14 11:04:59,096 [grpc-default-executor-2] INFO  impl.FollowerInfo (FollowerInfo.java:lambda$new$0(51)) - 3ba1fc0d-56df-4e15-a330-3914602d5a0a@group-35F4257C22E6->1dac4e55-0211-4f38-bdea-c52596ea96b1: nextIndex: updateUnconditionally 1 -> 0
]]></system-out>
    <system-err><![CDATA[Oct 14, 2019 11:04:54 AM org.apache.ratis.thirdparty.io.grpc.internal.SerializingExecutor run
SEVERE: Exception while executing runnable org.apache.ratis.thirdparty.io.grpc.internal.ServerImpl$JumpToApplicationThreadServerStreamListener$1Closed@4b5cf203
org.apache.ratis.thirdparty.io.grpc.StatusRuntimeException: CANCELLED: call already cancelled
	at org.apache.ratis.thirdparty.io.grpc.Status.asRuntimeException(Status.java:517)
	at org.apache.ratis.thirdparty.io.grpc.stub.ServerCalls$ServerCallStreamObserverImpl.onCompleted(ServerCalls.java:356)
	at org.apache.ratis.grpc.server.GrpcServerProtocolService$ServerRequestStreamObserver.onError(GrpcServerProtocolService.java:121)
	at org.apache.ratis.thirdparty.io.grpc.stub.ServerCalls$StreamingServerCallHandler$StreamingServerCallListener.onCancel(ServerCalls.java:269)
	at org.apache.ratis.thirdparty.io.grpc.internal.ServerCallImpl$ServerStreamListenerImpl.closed(ServerCallImpl.java:293)
	at org.apache.ratis.thirdparty.io.grpc.internal.ServerImpl$JumpToApplicationThreadServerStreamListener$1Closed.runInContext(ServerImpl.java:741)
	at org.apache.ratis.thirdparty.io.grpc.internal.ContextRunnable.run(ContextRunnable.java:37)
	at org.apache.ratis.thirdparty.io.grpc.internal.SerializingExecutor.run(SerializingExecutor.java:123)
	at java.util.concurrent.ThreadPoolExecutor.runWorker(ThreadPoolExecutor.java:1149)
	at java.util.concurrent.ThreadPoolExecutor$Worker.run(ThreadPoolExecutor.java:624)
	at java.lang.Thread.run(Thread.java:748)

]]></system-err>
  </testcase>
</testsuite>