<?xml version="1.0" encoding="UTF-8"?>
<testsuite xmlns:xsi="http://www.w3.org/2001/XMLSchema-instance" xsi:noNamespaceSchemaLocation="https://maven.apache.org/surefire/maven-surefire-plugin/xsd/surefire-test-report.xsd" name="org.apache.hadoop.ozone.client.rpc.TestWatchForCommit" time="224.636" tests="5" errors="1" skipped="0" failures="1">
  <properties>
    <property name="awt.toolkit" value="sun.awt.X11.XToolkit"/>
    <property name="file.encoding.pkg" value="sun.io"/>
    <property name="java.specification.version" value="1.8"/>
    <property name="sun.cpu.isalist" value=""/>
    <property name="sun.jnu.encoding" value="UTF-8"/>
    <property name="java.class.path" value="/workdir/hadoop-ozone/integration-test/target/test-classes:/workdir/hadoop-ozone/integration-test/target/classes:/home/user/.m2/repository/org/apache/hadoop/hadoop-ozone-common/0.5.0-SNAPSHOT/hadoop-ozone-common-0.5.0-SNAPSHOT.jar:/home/user/.m2/repository/org/apache/commons/commons-compress/1.4.1/commons-compress-1.4.1.jar:/home/user/.m2/repository/org/tukaani/xz/1.0/xz-1.0.jar:/home/user/.m2/repository/org/apache/hadoop/hadoop-common/3.2.0/hadoop-common-3.2.0.jar:/home/user/.m2/repository/org/apache/hadoop/hadoop-hdfs/3.2.0/hadoop-hdfs-3.2.0.jar:/home/user/.m2/repository/org/apache/hadoop/hadoop-hdfs-client/3.2.0/hadoop-hdfs-client-3.2.0.jar:/home/user/.m2/repository/com/fasterxml/jackson/core/jackson-annotations/2.9.9/jackson-annotations-2.9.9.jar:/home/user/.m2/repository/org/apache/hadoop/hadoop-hdds-common/0.5.0-SNAPSHOT/hadoop-hdds-common-0.5.0-SNAPSHOT.jar:/home/user/.m2/repository/javax/annotation/javax.annotation-api/1.2/javax.annotation-api-1.2.jar:/home/user/.m2/repository/org/apache/ratis/ratis-server/0.5.0-201fc85-SNAPSHOT/ratis-server-0.5.0-201fc85-SNAPSHOT.jar:/home/user/.m2/repository/org/apache/ratis/ratis-thirdparty-misc/0.2.0/ratis-thirdparty-misc-0.2.0.jar:/home/user/.m2/repository/org/apache/ratis/ratis-proto/0.5.0-201fc85-SNAPSHOT/ratis-proto-0.5.0-201fc85-SNAPSHOT.jar:/home/user/.m2/repository/org/apache/ratis/ratis-common/0.5.0-201fc85-SNAPSHOT/ratis-common-0.5.0-201fc85-SNAPSHOT.jar:/home/user/.m2/repository/org/apache/ratis/ratis-client/0.5.0-201fc85-SNAPSHOT/ratis-client-0.5.0-201fc85-SNAPSHOT.jar:/home/user/.m2/repository/org/apache/ratis/ratis-metrics/0.5.0-201fc85-SNAPSHOT/ratis-metrics-0.5.0-201fc85-SNAPSHOT.jar:/home/user/.m2/repository/com/github/joshelser/dropwizard-metrics-hadoop-metrics2-reporter/0.1.2/dropwizard-metrics-hadoop-metrics2-reporter-0.1.2.jar:/home/user/.m2/repository/io/dropwizard/metrics/metrics-jvm/3.2.5/metrics-jvm-3.2.5.jar:/home/user/.m2/repository/io/dropwizard/metrics/metrics-ganglia/3.2.5/metrics-ganglia-3.2.5.jar:/home/user/.m2/repository/info/ganglia/gmetric4j/gmetric4j/1.0.7/gmetric4j-1.0.7.jar:/home/user/.m2/repository/org/apache/ratis/ratis-netty/0.5.0-201fc85-SNAPSHOT/ratis-netty-0.5.0-201fc85-SNAPSHOT.jar:/home/user/.m2/repository/org/apache/ratis/ratis-grpc/0.5.0-201fc85-SNAPSHOT/ratis-grpc-0.5.0-201fc85-SNAPSHOT.jar:/home/user/.m2/repository/org/rocksdb/rocksdbjni/6.0.1/rocksdbjni-6.0.1.jar:/home/user/.m2/repository/org/apache/logging/log4j/log4j-api/2.11.0/log4j-api-2.11.0.jar:/home/user/.m2/repository/org/apache/logging/log4j/log4j-core/2.11.0/log4j-core-2.11.0.jar:/home/user/.m2/repository/com/lmax/disruptor/3.4.2/disruptor-3.4.2.jar:/home/user/.m2/repository/org/apache/commons/commons-pool2/2.6.0/commons-pool2-2.6.0.jar:/home/user/.m2/repository/org/bouncycastle/bcpkix-jdk15on/1.60/bcpkix-jdk15on-1.60.jar:/home/user/.m2/repository/commons-validator/commons-validator/1.6/commons-validator-1.6.jar:/home/user/.m2/repository/commons-digester/commons-digester/1.8.1/commons-digester-1.8.1.jar:/home/user/.m2/repository/io/jaegertracing/jaeger-client/0.34.0/jaeger-client-0.34.0.jar:/home/user/.m2/repository/io/jaegertracing/jaeger-thrift/0.34.0/jaeger-thrift-0.34.0.jar:/home/user/.m2/repository/org/apache/thrift/libthrift/0.12.0/libthrift-0.12.0.jar:/home/user/.m2/repository/com/squareup/okhttp3/okhttp/3.9.0/okhttp-3.9.0.jar:/home/user/.m2/repository/com/squareup/okio/okio/1.13.0/okio-1.13.0.jar:/home/user/.m2/repository/io/jaegertracing/jaeger-core/0.34.0/jaeger-core-0.34.0.jar:/home/user/.m2/repository/io/jaegertracing/jaeger-tracerresolver/0.34.0/jaeger-tracerresolver-0.34.0.jar:/home/user/.m2/repository/io/opentracing/contrib/opentracing-tracerresolver/0.1.5/opentracing-tracerresolver-0.1.5.jar:/home/user/.m2/repository/io/opentracing/opentracing-util/0.31.0/opentracing-util-0.31.0.jar:/home/user/.m2/repository/io/opentracing/opentracing-api/0.31.0/opentracing-api-0.31.0.jar:/home/user/.m2/repository/io/opentracing/opentracing-noop/0.31.0/opentracing-noop-0.31.0.jar:/home/user/.m2/repository/org/apache/hadoop/hadoop-hdds-server-framework/0.5.0-SNAPSHOT/hadoop-hdds-server-framework-0.5.0-SNAPSHOT.jar:/home/user/.m2/repository/org/apache/hadoop/hadoop-hdds-container-service/0.5.0-SNAPSHOT/hadoop-hdds-container-service-0.5.0-SNAPSHOT.jar:/home/user/.m2/repository/org/apache/hadoop/hadoop-hdds-client/0.5.0-SNAPSHOT/hadoop-hdds-client-0.5.0-SNAPSHOT.jar:/home/user/.m2/repository/org/apache/hadoop/hadoop-hdds-tools/0.5.0-SNAPSHOT/hadoop-hdds-tools-0.5.0-SNAPSHOT.jar:/home/user/.m2/repository/org/apache/hadoop/hadoop-hdds-server-scm/0.5.0-SNAPSHOT/hadoop-hdds-server-scm-0.5.0-SNAPSHOT.jar:/home/user/.m2/repository/org/apache/hadoop/hadoop-hdds-docs/0.5.0-SNAPSHOT/hadoop-hdds-docs-0.5.0-SNAPSHOT.jar:/home/user/.m2/repository/io/dropwizard/metrics/metrics-core/3.2.4/metrics-core-3.2.4.jar:/home/user/.m2/repository/org/hamcrest/hamcrest-all/1.3/hamcrest-all-1.3.jar:/home/user/.m2/repository/org/bouncycastle/bcprov-jdk15on/1.60/bcprov-jdk15on-1.60.jar:/home/user/.m2/repository/info/picocli/picocli/3.9.6/picocli-3.9.6.jar:/home/user/.m2/repository/com/google/protobuf/protobuf-java/2.5.0/protobuf-java-2.5.0.jar:/home/user/.m2/repository/com/google/guava/guava/11.0.2/guava-11.0.2.jar:/home/user/.m2/repository/org/apache/hadoop/hadoop-ozone-ozone-manager/0.5.0-SNAPSHOT/hadoop-ozone-ozone-manager-0.5.0-SNAPSHOT.jar:/home/user/.m2/repository/org/apache/hadoop/hadoop-minikdc/3.2.0/hadoop-minikdc-3.2.0.jar:/home/user/.m2/repository/commons-io/commons-io/2.5/commons-io-2.5.jar:/home/user/.m2/repository/org/apache/kerby/kerb-simplekdc/1.0.1/kerb-simplekdc-1.0.1.jar:/home/user/.m2/repository/org/apache/kerby/kerb-client/1.0.1/kerb-client-1.0.1.jar:/home/user/.m2/repository/org/apache/kerby/kerby-config/1.0.1/kerby-config-1.0.1.jar:/home/user/.m2/repository/org/apache/kerby/kerb-core/1.0.1/kerb-core-1.0.1.jar:/home/user/.m2/repository/org/apache/kerby/kerby-pkix/1.0.1/kerby-pkix-1.0.1.jar:/home/user/.m2/repository/org/apache/kerby/kerby-asn1/1.0.1/kerby-asn1-1.0.1.jar:/home/user/.m2/repository/org/apache/kerby/kerby-util/1.0.1/kerby-util-1.0.1.jar:/home/user/.m2/repository/org/apache/kerby/kerb-common/1.0.1/kerb-common-1.0.1.jar:/home/user/.m2/repository/org/apache/kerby/kerb-crypto/1.0.1/kerb-crypto-1.0.1.jar:/home/user/.m2/repository/org/apache/kerby/kerb-util/1.0.1/kerb-util-1.0.1.jar:/home/user/.m2/repository/org/apache/kerby/token-provider/1.0.1/token-provider-1.0.1.jar:/home/user/.m2/repository/org/apache/kerby/kerb-admin/1.0.1/kerb-admin-1.0.1.jar:/home/user/.m2/repository/org/apache/kerby/kerb-server/1.0.1/kerb-server-1.0.1.jar:/home/user/.m2/repository/org/apache/kerby/kerb-identity/1.0.1/kerb-identity-1.0.1.jar:/home/user/.m2/repository/org/apache/kerby/kerby-xdr/1.0.1/kerby-xdr-1.0.1.jar:/home/user/.m2/repository/org/slf4j/slf4j-log4j12/1.7.25/slf4j-log4j12-1.7.25.jar:/home/user/.m2/repository/org/apache/hadoop/hadoop-ozone-s3gateway/0.5.0-SNAPSHOT/hadoop-ozone-s3gateway-0.5.0-SNAPSHOT.jar:/home/user/.m2/repository/org/jboss/weld/servlet/weld-servlet/2.4.7.Final/weld-servlet-2.4.7.Final.jar:/home/user/.m2/repository/org/glassfish/jersey/containers/jersey-container-servlet-core/2.27/jersey-container-servlet-core-2.27.jar:/home/user/.m2/repository/org/glassfish/hk2/external/javax.inject/2.5.0-b42/javax.inject-2.5.0-b42.jar:/home/user/.m2/repository/org/glassfish/jersey/core/jersey-common/2.27/jersey-common-2.27.jar:/home/user/.m2/repository/org/glassfish/hk2/osgi-resource-locator/1.0.1/osgi-resource-locator-1.0.1.jar:/home/user/.m2/repository/javax/ws/rs/javax.ws.rs-api/2.1/javax.ws.rs-api-2.1.jar:/home/user/.m2/repository/org/glassfish/jersey/ext/cdi/jersey-cdi1x/2.27/jersey-cdi1x-2.27.jar:/home/user/.m2/repository/org/glassfish/jersey/inject/jersey-hk2/2.27/jersey-hk2-2.27.jar:/home/user/.m2/repository/org/glassfish/hk2/hk2-locator/2.5.0-b42/hk2-locator-2.5.0-b42.jar:/home/user/.m2/repository/org/javassist/javassist/3.22.0-CR2/javassist-3.22.0-CR2.jar:/home/user/.m2/repository/org/glassfish/hk2/hk2-api/2.5.0/hk2-api-2.5.0.jar:/home/user/.m2/repository/org/glassfish/hk2/external/jakarta.inject/2.5.0/jakarta.inject-2.5.0.jar:/home/user/.m2/repository/org/glassfish/hk2/hk2-utils/2.5.0/hk2-utils-2.5.0.jar:/home/user/.m2/repository/jakarta/annotation/jakarta.annotation-api/1.3.4/jakarta.annotation-api-1.3.4.jar:/home/user/.m2/repository/org/glassfish/hk2/external/aopalliance-repackaged/2.5.0/aopalliance-repackaged-2.5.0.jar:/home/user/.m2/repository/com/fasterxml/jackson/dataformat/jackson-dataformat-xml/2.9.0/jackson-dataformat-xml-2.9.0.jar:/home/user/.m2/repository/com/fasterxml/jackson/core/jackson-core/2.9.9/jackson-core-2.9.9.jar:/home/user/.m2/repository/com/fasterxml/jackson/module/jackson-module-jaxb-annotations/2.9.9/jackson-module-jaxb-annotations-2.9.9.jar:/home/user/.m2/repository/javax/enterprise/cdi-api/1.2/cdi-api-1.2.jar:/home/user/.m2/repository/javax/el/javax.el-api/3.0.0/javax.el-api-3.0.0.jar:/home/user/.m2/repository/javax/interceptor/javax.interceptor-api/1.2/javax.interceptor-api-1.2.jar:/home/user/.m2/repository/javax/inject/javax.inject/1/javax.inject-1.jar:/home/user/.m2/repository/com/sun/xml/bind/jaxb-impl/2.3.0.1/jaxb-impl-2.3.0.1.jar:/home/user/.m2/repository/com/sun/xml/bind/jaxb-core/2.3.0.1/jaxb-core-2.3.0.1.jar:/home/user/.m2/repository/javax/xml/bind/jaxb-api/2.3.0/jaxb-api-2.3.0.jar:/home/user/.m2/repository/javax/activation/activation/1.1.1/activation-1.1.1.jar:/home/user/.m2/repository/org/apache/hadoop/hadoop-ozone-csi/0.5.0-SNAPSHOT/hadoop-ozone-csi-0.5.0-SNAPSHOT.jar:/home/user/.m2/repository/com/google/protobuf/protobuf-java-util/3.5.1/protobuf-java-util-3.5.1.jar:/home/user/.m2/repository/org/apache/hadoop/hadoop-hdds-config/0.5.0-SNAPSHOT/hadoop-hdds-config-0.5.0-SNAPSHOT.jar:/home/user/.m2/repository/io/grpc/grpc-netty/1.17.1/grpc-netty-1.17.1.jar:/home/user/.m2/repository/io/grpc/grpc-core/1.17.1/grpc-core-1.17.1.jar:/home/user/.m2/repository/io/grpc/grpc-context/1.17.1/grpc-context-1.17.1.jar:/home/user/.m2/repository/com/google/errorprone/error_prone_annotations/2.2.0/error_prone_annotations-2.2.0.jar:/home/user/.m2/repository/org/codehaus/mojo/animal-sniffer-annotations/1.17/animal-sniffer-annotations-1.17.jar:/home/user/.m2/repository/io/opencensus/opencensus-api/0.17.0/opencensus-api-0.17.0.jar:/home/user/.m2/repository/io/opencensus/opencensus-contrib-grpc-metrics/0.17.0/opencensus-contrib-grpc-metrics-0.17.0.jar:/home/user/.m2/repository/io/netty/netty-codec-http2/4.1.30.Final/netty-codec-http2-4.1.30.Final.jar:/home/user/.m2/repository/io/netty/netty-codec-http/4.1.30.Final/netty-codec-http-4.1.30.Final.jar:/home/user/.m2/repository/io/netty/netty-codec/4.1.30.Final/netty-codec-4.1.30.Final.jar:/home/user/.m2/repository/io/netty/netty-handler/4.1.30.Final/netty-handler-4.1.30.Final.jar:/home/user/.m2/repository/io/netty/netty-handler-proxy/4.1.30.Final/netty-handler-proxy-4.1.30.Final.jar:/home/user/.m2/repository/io/netty/netty-codec-socks/4.1.30.Final/netty-codec-socks-4.1.30.Final.jar:/home/user/.m2/repository/io/netty/netty-transport-native-epoll/4.1.30.Final/netty-transport-native-epoll-4.1.30.Final.jar:/home/user/.m2/repository/io/netty/netty-common/4.1.30.Final/netty-common-4.1.30.Final.jar:/home/user/.m2/repository/io/netty/netty-buffer/4.1.30.Final/netty-buffer-4.1.30.Final.jar:/home/user/.m2/repository/io/netty/netty-transport/4.1.30.Final/netty-transport-4.1.30.Final.jar:/home/user/.m2/repository/io/netty/netty-resolver/4.1.30.Final/netty-resolver-4.1.30.Final.jar:/home/user/.m2/repository/io/netty/netty-transport-native-unix-common/4.1.30.Final/netty-transport-native-unix-common-4.1.30.Final.jar:/home/user/.m2/repository/io/grpc/grpc-protobuf/1.17.1/grpc-protobuf-1.17.1.jar:/home/user/.m2/repository/com/google/api/grpc/proto-google-common-protos/1.0.0/proto-google-common-protos-1.0.0.jar:/home/user/.m2/repository/io/grpc/grpc-protobuf-lite/1.17.1/grpc-protobuf-lite-1.17.1.jar:/home/user/.m2/repository/io/grpc/grpc-stub/1.17.1/grpc-stub-1.17.1.jar:/home/user/.m2/repository/org/apache/hadoop/hadoop-ozone-recon/0.5.0-SNAPSHOT/hadoop-ozone-recon-0.5.0-SNAPSHOT.jar:/home/user/.m2/repository/org/apache/hadoop/hadoop-ozone-reconcodegen/0.5.0-SNAPSHOT/hadoop-ozone-reconcodegen-0.5.0-SNAPSHOT.jar:/home/user/.m2/repository/com/google/inject/extensions/guice-multibindings/4.0/guice-multibindings-4.0.jar:/home/user/.m2/repository/com/google/inject/guice/4.0/guice-4.0.jar:/home/user/.m2/repository/aopalliance/aopalliance/1.0/aopalliance-1.0.jar:/home/user/.m2/repository/com/google/inject/extensions/guice-servlet/4.0/guice-servlet-4.0.jar:/home/user/.m2/repository/org/glassfish/jersey/containers/jersey-container-servlet/2.27/jersey-container-servlet-2.27.jar:/home/user/.m2/repository/org/glassfish/hk2/guice-bridge/2.5.0/guice-bridge-2.5.0.jar:/home/user/.m2/repository/org/glassfish/jersey/core/jersey-server/2.27/jersey-server-2.27.jar:/home/user/.m2/repository/org/glassfish/jersey/core/jersey-client/2.27/jersey-client-2.27.jar:/home/user/.m2/repository/org/glassfish/jersey/media/jersey-media-jaxb/2.27/jersey-media-jaxb-2.27.jar:/home/user/.m2/repository/javax/validation/validation-api/1.1.0.Final/validation-api-1.1.0.Final.jar:/home/user/.m2/repository/org/glassfish/jersey/media/jersey-media-json-jackson/2.27/jersey-media-json-jackson-2.27.jar:/home/user/.m2/repository/org/glassfish/jersey/ext/jersey-entity-filtering/2.27/jersey-entity-filtering-2.27.jar:/home/user/.m2/repository/com/google/inject/extensions/guice-assistedinject/4.0/guice-assistedinject-4.0.jar:/home/user/.m2/repository/org/jooq/jooq/3.11.10/jooq-3.11.10.jar:/home/user/.m2/repository/org/jooq/jooq-meta/3.11.10/jooq-meta-3.11.10.jar:/home/user/.m2/repository/org/jooq/jooq-codegen/3.11.10/jooq-codegen-3.11.10.jar:/home/user/.m2/repository/com/jolbox/bonecp/0.8.0.RELEASE/bonecp-0.8.0.RELEASE.jar:/home/user/.m2/repository/org/xerial/sqlite-jdbc/3.25.2/sqlite-jdbc-3.25.2.jar:/home/user/.m2/repository/org/springframework/spring-jdbc/5.1.3.RELEASE/spring-jdbc-5.1.3.RELEASE.jar:/home/user/.m2/repository/org/springframework/spring-beans/5.1.3.RELEASE/spring-beans-5.1.3.RELEASE.jar:/home/user/.m2/repository/org/springframework/spring-core/5.1.3.RELEASE/spring-core-5.1.3.RELEASE.jar:/home/user/.m2/repository/org/springframework/spring-jcl/5.1.3.RELEASE/spring-jcl-5.1.3.RELEASE.jar:/home/user/.m2/repository/org/springframework/spring-tx/5.1.3.RELEASE/spring-tx-5.1.3.RELEASE.jar:/home/user/.m2/repository/org/apache/hadoop/hadoop-ozone-client/0.5.0-SNAPSHOT/hadoop-ozone-client-0.5.0-SNAPSHOT.jar:/home/user/.m2/repository/commons-lang/commons-lang/2.6/commons-lang-2.6.jar:/home/user/.m2/repository/org/apache/hadoop/hadoop-ozone-ozone-manager/0.5.0-SNAPSHOT/hadoop-ozone-ozone-manager-0.5.0-SNAPSHOT-tests.jar:/home/user/.m2/repository/junit/junit/4.11/junit-4.11.jar:/home/user/.m2/repository/org/hamcrest/hamcrest-core/1.3/hamcrest-core-1.3.jar:/home/user/.m2/repository/org/openjdk/jmh/jmh-core/1.19/jmh-core-1.19.jar:/home/user/.m2/repository/net/sf/jopt-simple/jopt-simple/4.6/jopt-simple-4.6.jar:/home/user/.m2/repository/org/apache/commons/commons-math3/3.1.1/commons-math3-3.1.1.jar:/home/user/.m2/repository/org/openjdk/jmh/jmh-generator-annprocess/1.19/jmh-generator-annprocess-1.19.jar:/home/user/.m2/repository/org/mockito/mockito-all/1.8.5/mockito-all-1.8.5.jar:/home/user/.m2/repository/org/apache/hadoop/hadoop-kms/3.2.0/hadoop-kms-3.2.0.jar:/home/user/.m2/repository/org/apache/hadoop/hadoop-auth/3.2.0/hadoop-auth-3.2.0.jar:/home/user/.m2/repository/com/nimbusds/nimbus-jose-jwt/4.41.1/nimbus-jose-jwt-4.41.1.jar:/home/user/.m2/repository/com/github/stephenc/jcip/jcip-annotations/1.0-1/jcip-annotations-1.0-1.jar:/home/user/.m2/repository/net/minidev/json-smart/2.3/json-smart-2.3.jar:/home/user/.m2/repository/net/minidev/accessors-smart/1.2/accessors-smart-1.2.jar:/home/user/.m2/repository/org/ow2/asm/asm/5.0.4/asm-5.0.4.jar:/home/user/.m2/repository/org/apache/curator/curator-framework/2.12.0/curator-framework-2.12.0.jar:/home/user/.m2/repository/com/sun/jersey/jersey-core/1.19/jersey-core-1.19.jar:/home/user/.m2/repository/javax/ws/rs/jsr311-api/1.1.1/jsr311-api-1.1.1.jar:/home/user/.m2/repository/com/sun/jersey/jersey-server/1.19/jersey-server-1.19.jar:/home/user/.m2/repository/javax/servlet/javax.servlet-api/3.1.0/javax.servlet-api-3.1.0.jar:/home/user/.m2/repository/org/eclipse/jetty/jetty-server/9.3.25.v20180904/jetty-server-9.3.25.v20180904.jar:/home/user/.m2/repository/org/eclipse/jetty/jetty-http/9.3.25.v20180904/jetty-http-9.3.25.v20180904.jar:/home/user/.m2/repository/org/eclipse/jetty/jetty-io/9.3.25.v20180904/jetty-io-9.3.25.v20180904.jar:/home/user/.m2/repository/org/eclipse/jetty/jetty-webapp/9.3.25.v20180904/jetty-webapp-9.3.25.v20180904.jar:/home/user/.m2/repository/org/eclipse/jetty/jetty-xml/9.3.25.v20180904/jetty-xml-9.3.25.v20180904.jar:/home/user/.m2/repository/log4j/log4j/1.2.17/log4j-1.2.17.jar:/home/user/.m2/repository/org/slf4j/slf4j-api/1.7.25/slf4j-api-1.7.25.jar:/home/user/.m2/repository/org/slf4j/jul-to-slf4j/1.7.25/jul-to-slf4j-1.7.25.jar:/home/user/.m2/repository/org/eclipse/jetty/jetty-util/9.3.25.v20180904/jetty-util-9.3.25.v20180904.jar:/home/user/.m2/repository/com/fasterxml/jackson/core/jackson-databind/2.9.9/jackson-databind-2.9.9.jar:/home/user/.m2/repository/org/apache/hadoop/hadoop-kms/3.2.0/hadoop-kms-3.2.0-tests.jar:/home/user/.m2/repository/org/apache/hadoop/hadoop-hdds-server-scm/0.5.0-SNAPSHOT/hadoop-hdds-server-scm-0.5.0-SNAPSHOT-tests.jar:/home/user/.m2/repository/org/apache/hadoop/hadoop-hdds-container-service/0.5.0-SNAPSHOT/hadoop-hdds-container-service-0.5.0-SNAPSHOT-tests.jar:/home/user/.m2/repository/org/yaml/snakeyaml/1.16/snakeyaml-1.16.jar:/home/user/.m2/repository/org/apache/hadoop/hadoop-common/3.2.0/hadoop-common-3.2.0-tests.jar:/home/user/.m2/repository/org/apache/hadoop/hadoop-annotations/3.2.0/hadoop-annotations-3.2.0.jar:/usr/lib/jvm/java-1.8-openjdk/jre/../lib/tools.jar:/home/user/.m2/repository/commons-cli/commons-cli/1.2/commons-cli-1.2.jar:/home/user/.m2/repository/org/apache/httpcomponents/httpclient/4.5.2/httpclient-4.5.2.jar:/home/user/.m2/repository/org/apache/httpcomponents/httpcore/4.4.4/httpcore-4.4.4.jar:/home/user/.m2/repository/commons-codec/commons-codec/1.11/commons-codec-1.11.jar:/home/user/.m2/repository/commons-net/commons-net/3.6/commons-net-3.6.jar:/home/user/.m2/repository/commons-collections/commons-collections/3.2.2/commons-collections-3.2.2.jar:/home/user/.m2/repository/org/eclipse/jetty/jetty-servlet/9.3.25.v20180904/jetty-servlet-9.3.25.v20180904.jar:/home/user/.m2/repository/org/eclipse/jetty/jetty-security/9.3.25.v20180904/jetty-security-9.3.25.v20180904.jar:/home/user/.m2/repository/javax/servlet/jsp/jsp-api/2.1/jsp-api-2.1.jar:/home/user/.m2/repository/com/sun/jersey/jersey-servlet/1.19/jersey-servlet-1.19.jar:/home/user/.m2/repository/com/sun/jersey/jersey-json/1.19/jersey-json-1.19.jar:/home/user/.m2/repository/org/codehaus/jettison/jettison/1.1/jettison-1.1.jar:/home/user/.m2/repository/org/codehaus/jackson/jackson-core-asl/1.9.13/jackson-core-asl-1.9.13.jar:/home/user/.m2/repository/org/codehaus/jackson/jackson-mapper-asl/1.9.13/jackson-mapper-asl-1.9.13.jar:/home/user/.m2/repository/org/codehaus/jackson/jackson-jaxrs/1.9.13/jackson-jaxrs-1.9.13.jar:/home/user/.m2/repository/org/codehaus/jackson/jackson-xc/1.9.13/jackson-xc-1.9.13.jar:/home/user/.m2/repository/commons-logging/commons-logging/1.1.3/commons-logging-1.1.3.jar:/home/user/.m2/repository/commons-beanutils/commons-beanutils/1.9.4/commons-beanutils-1.9.4.jar:/home/user/.m2/repository/org/apache/commons/commons-configuration2/2.1.1/commons-configuration2-2.1.1.jar:/home/user/.m2/repository/org/apache/commons/commons-lang3/3.7/commons-lang3-3.7.jar:/home/user/.m2/repository/org/apache/commons/commons-text/1.4/commons-text-1.4.jar:/home/user/.m2/repository/org/apache/avro/avro/1.7.7/avro-1.7.7.jar:/home/user/.m2/repository/com/thoughtworks/paranamer/paranamer/2.3/paranamer-2.3.jar:/home/user/.m2/repository/org/xerial/snappy/snappy-java/1.0.5/snappy-java-1.0.5.jar:/home/user/.m2/repository/com/google/re2j/re2j/1.1/re2j-1.1.jar:/home/user/.m2/repository/com/google/code/gson/gson/2.2.4/gson-2.2.4.jar:/home/user/.m2/repository/com/jcraft/jsch/0.1.54/jsch-0.1.54.jar:/home/user/.m2/repository/org/apache/curator/curator-client/2.12.0/curator-client-2.12.0.jar:/home/user/.m2/repository/org/apache/curator/curator-recipes/2.12.0/curator-recipes-2.12.0.jar:/home/user/.m2/repository/com/google/code/findbugs/jsr305/3.0.0/jsr305-3.0.0.jar:/home/user/.m2/repository/org/apache/htrace/htrace-core4/4.1.0-incubating/htrace-core4-4.1.0-incubating.jar:/home/user/.m2/repository/org/apache/zookeeper/zookeeper/3.4.13/zookeeper-3.4.13.jar:/home/user/.m2/repository/jline/jline/0.9.94/jline-0.9.94.jar:/home/user/.m2/repository/org/apache/yetus/audience-annotations/0.5.0/audience-annotations-0.5.0.jar:/home/user/.m2/repository/org/codehaus/woodstox/stax2-api/3.1.4/stax2-api-3.1.4.jar:/home/user/.m2/repository/com/fasterxml/woodstox/woodstox-core/5.0.3/woodstox-core-5.0.3.jar:/home/user/.m2/repository/dnsjava/dnsjava/2.1.7/dnsjava-2.1.7.jar:/home/user/.m2/repository/org/apache/hadoop/hadoop-hdfs/3.2.0/hadoop-hdfs-3.2.0-tests.jar:/home/user/.m2/repository/org/eclipse/jetty/jetty-util-ajax/9.3.25.v20180904/jetty-util-ajax-9.3.25.v20180904.jar:/home/user/.m2/repository/commons-daemon/commons-daemon/1.0.13/commons-daemon-1.0.13.jar:/home/user/.m2/repository/io/netty/netty/3.10.5.Final/netty-3.10.5.Final.jar:/home/user/.m2/repository/io/netty/netty-all/4.0.52.Final/netty-all-4.0.52.Final.jar:/home/user/.m2/repository/org/fusesource/leveldbjni/leveldbjni-all/1.8/leveldbjni-all-1.8.jar:"/>
    <property name="java.vm.vendor" value="IcedTea"/>
    <property name="sun.arch.data.model" value="64"/>
    <property name="test.build.dir" value="/workdir/hadoop-ozone/integration-test/target/test-dir"/>
    <property name="test.cache.data" value=""/>
    <property name="java.vendor.url" value="https://icedtea.classpath.org"/>
    <property name="user.timezone" value=""/>
    <property name="java.vm.specification.version" value="1.8"/>
    <property name="os.name" value="Linux"/>
    <property name="test.build.data" value="/workdir/hadoop-ozone/integration-test/target/test-dir"/>
    <property name="user.country" value="US"/>
    <property name="sun.java.launcher" value="SUN_STANDARD"/>
    <property name="sun.boot.library.path" value="/usr/lib/jvm/java-1.8-openjdk/jre/lib/amd64"/>
    <property name="sun.java.command" value="/workdir/hadoop-ozone/integration-test/target/surefire/surefirebooter9214249012341616716.jar /workdir/hadoop-ozone/integration-test/target/surefire 2019-10-04T14-43-17_512-jvmRun1 surefire2823110738509487512tmp surefire_548215307217746073110tmp"/>
    <property name="test" value="!TestMiniChaosOzoneCluster"/>
    <property name="surefire.test.class.path" value="/workdir/hadoop-ozone/integration-test/target/test-classes:/workdir/hadoop-ozone/integration-test/target/classes:/home/user/.m2/repository/org/apache/hadoop/hadoop-ozone-common/0.5.0-SNAPSHOT/hadoop-ozone-common-0.5.0-SNAPSHOT.jar:/home/user/.m2/repository/org/apache/commons/commons-compress/1.4.1/commons-compress-1.4.1.jar:/home/user/.m2/repository/org/tukaani/xz/1.0/xz-1.0.jar:/home/user/.m2/repository/org/apache/hadoop/hadoop-common/3.2.0/hadoop-common-3.2.0.jar:/home/user/.m2/repository/org/apache/hadoop/hadoop-hdfs/3.2.0/hadoop-hdfs-3.2.0.jar:/home/user/.m2/repository/org/apache/hadoop/hadoop-hdfs-client/3.2.0/hadoop-hdfs-client-3.2.0.jar:/home/user/.m2/repository/com/fasterxml/jackson/core/jackson-annotations/2.9.9/jackson-annotations-2.9.9.jar:/home/user/.m2/repository/org/apache/hadoop/hadoop-hdds-common/0.5.0-SNAPSHOT/hadoop-hdds-common-0.5.0-SNAPSHOT.jar:/home/user/.m2/repository/javax/annotation/javax.annotation-api/1.2/javax.annotation-api-1.2.jar:/home/user/.m2/repository/org/apache/ratis/ratis-server/0.5.0-201fc85-SNAPSHOT/ratis-server-0.5.0-201fc85-SNAPSHOT.jar:/home/user/.m2/repository/org/apache/ratis/ratis-thirdparty-misc/0.2.0/ratis-thirdparty-misc-0.2.0.jar:/home/user/.m2/repository/org/apache/ratis/ratis-proto/0.5.0-201fc85-SNAPSHOT/ratis-proto-0.5.0-201fc85-SNAPSHOT.jar:/home/user/.m2/repository/org/apache/ratis/ratis-common/0.5.0-201fc85-SNAPSHOT/ratis-common-0.5.0-201fc85-SNAPSHOT.jar:/home/user/.m2/repository/org/apache/ratis/ratis-client/0.5.0-201fc85-SNAPSHOT/ratis-client-0.5.0-201fc85-SNAPSHOT.jar:/home/user/.m2/repository/org/apache/ratis/ratis-metrics/0.5.0-201fc85-SNAPSHOT/ratis-metrics-0.5.0-201fc85-SNAPSHOT.jar:/home/user/.m2/repository/com/github/joshelser/dropwizard-metrics-hadoop-metrics2-reporter/0.1.2/dropwizard-metrics-hadoop-metrics2-reporter-0.1.2.jar:/home/user/.m2/repository/io/dropwizard/metrics/metrics-jvm/3.2.5/metrics-jvm-3.2.5.jar:/home/user/.m2/repository/io/dropwizard/metrics/metrics-ganglia/3.2.5/metrics-ganglia-3.2.5.jar:/home/user/.m2/repository/info/ganglia/gmetric4j/gmetric4j/1.0.7/gmetric4j-1.0.7.jar:/home/user/.m2/repository/org/apache/ratis/ratis-netty/0.5.0-201fc85-SNAPSHOT/ratis-netty-0.5.0-201fc85-SNAPSHOT.jar:/home/user/.m2/repository/org/apache/ratis/ratis-grpc/0.5.0-201fc85-SNAPSHOT/ratis-grpc-0.5.0-201fc85-SNAPSHOT.jar:/home/user/.m2/repository/org/rocksdb/rocksdbjni/6.0.1/rocksdbjni-6.0.1.jar:/home/user/.m2/repository/org/apache/logging/log4j/log4j-api/2.11.0/log4j-api-2.11.0.jar:/home/user/.m2/repository/org/apache/logging/log4j/log4j-core/2.11.0/log4j-core-2.11.0.jar:/home/user/.m2/repository/com/lmax/disruptor/3.4.2/disruptor-3.4.2.jar:/home/user/.m2/repository/org/apache/commons/commons-pool2/2.6.0/commons-pool2-2.6.0.jar:/home/user/.m2/repository/org/bouncycastle/bcpkix-jdk15on/1.60/bcpkix-jdk15on-1.60.jar:/home/user/.m2/repository/commons-validator/commons-validator/1.6/commons-validator-1.6.jar:/home/user/.m2/repository/commons-digester/commons-digester/1.8.1/commons-digester-1.8.1.jar:/home/user/.m2/repository/io/jaegertracing/jaeger-client/0.34.0/jaeger-client-0.34.0.jar:/home/user/.m2/repository/io/jaegertracing/jaeger-thrift/0.34.0/jaeger-thrift-0.34.0.jar:/home/user/.m2/repository/org/apache/thrift/libthrift/0.12.0/libthrift-0.12.0.jar:/home/user/.m2/repository/com/squareup/okhttp3/okhttp/3.9.0/okhttp-3.9.0.jar:/home/user/.m2/repository/com/squareup/okio/okio/1.13.0/okio-1.13.0.jar:/home/user/.m2/repository/io/jaegertracing/jaeger-core/0.34.0/jaeger-core-0.34.0.jar:/home/user/.m2/repository/io/jaegertracing/jaeger-tracerresolver/0.34.0/jaeger-tracerresolver-0.34.0.jar:/home/user/.m2/repository/io/opentracing/contrib/opentracing-tracerresolver/0.1.5/opentracing-tracerresolver-0.1.5.jar:/home/user/.m2/repository/io/opentracing/opentracing-util/0.31.0/opentracing-util-0.31.0.jar:/home/user/.m2/repository/io/opentracing/opentracing-api/0.31.0/opentracing-api-0.31.0.jar:/home/user/.m2/repository/io/opentracing/opentracing-noop/0.31.0/opentracing-noop-0.31.0.jar:/home/user/.m2/repository/org/apache/hadoop/hadoop-hdds-server-framework/0.5.0-SNAPSHOT/hadoop-hdds-server-framework-0.5.0-SNAPSHOT.jar:/home/user/.m2/repository/org/apache/hadoop/hadoop-hdds-container-service/0.5.0-SNAPSHOT/hadoop-hdds-container-service-0.5.0-SNAPSHOT.jar:/home/user/.m2/repository/org/apache/hadoop/hadoop-hdds-client/0.5.0-SNAPSHOT/hadoop-hdds-client-0.5.0-SNAPSHOT.jar:/home/user/.m2/repository/org/apache/hadoop/hadoop-hdds-tools/0.5.0-SNAPSHOT/hadoop-hdds-tools-0.5.0-SNAPSHOT.jar:/home/user/.m2/repository/org/apache/hadoop/hadoop-hdds-server-scm/0.5.0-SNAPSHOT/hadoop-hdds-server-scm-0.5.0-SNAPSHOT.jar:/home/user/.m2/repository/org/apache/hadoop/hadoop-hdds-docs/0.5.0-SNAPSHOT/hadoop-hdds-docs-0.5.0-SNAPSHOT.jar:/home/user/.m2/repository/io/dropwizard/metrics/metrics-core/3.2.4/metrics-core-3.2.4.jar:/home/user/.m2/repository/org/hamcrest/hamcrest-all/1.3/hamcrest-all-1.3.jar:/home/user/.m2/repository/org/bouncycastle/bcprov-jdk15on/1.60/bcprov-jdk15on-1.60.jar:/home/user/.m2/repository/info/picocli/picocli/3.9.6/picocli-3.9.6.jar:/home/user/.m2/repository/com/google/protobuf/protobuf-java/2.5.0/protobuf-java-2.5.0.jar:/home/user/.m2/repository/com/google/guava/guava/11.0.2/guava-11.0.2.jar:/home/user/.m2/repository/org/apache/hadoop/hadoop-ozone-ozone-manager/0.5.0-SNAPSHOT/hadoop-ozone-ozone-manager-0.5.0-SNAPSHOT.jar:/home/user/.m2/repository/org/apache/hadoop/hadoop-minikdc/3.2.0/hadoop-minikdc-3.2.0.jar:/home/user/.m2/repository/commons-io/commons-io/2.5/commons-io-2.5.jar:/home/user/.m2/repository/org/apache/kerby/kerb-simplekdc/1.0.1/kerb-simplekdc-1.0.1.jar:/home/user/.m2/repository/org/apache/kerby/kerb-client/1.0.1/kerb-client-1.0.1.jar:/home/user/.m2/repository/org/apache/kerby/kerby-config/1.0.1/kerby-config-1.0.1.jar:/home/user/.m2/repository/org/apache/kerby/kerb-core/1.0.1/kerb-core-1.0.1.jar:/home/user/.m2/repository/org/apache/kerby/kerby-pkix/1.0.1/kerby-pkix-1.0.1.jar:/home/user/.m2/repository/org/apache/kerby/kerby-asn1/1.0.1/kerby-asn1-1.0.1.jar:/home/user/.m2/repository/org/apache/kerby/kerby-util/1.0.1/kerby-util-1.0.1.jar:/home/user/.m2/repository/org/apache/kerby/kerb-common/1.0.1/kerb-common-1.0.1.jar:/home/user/.m2/repository/org/apache/kerby/kerb-crypto/1.0.1/kerb-crypto-1.0.1.jar:/home/user/.m2/repository/org/apache/kerby/kerb-util/1.0.1/kerb-util-1.0.1.jar:/home/user/.m2/repository/org/apache/kerby/token-provider/1.0.1/token-provider-1.0.1.jar:/home/user/.m2/repository/org/apache/kerby/kerb-admin/1.0.1/kerb-admin-1.0.1.jar:/home/user/.m2/repository/org/apache/kerby/kerb-server/1.0.1/kerb-server-1.0.1.jar:/home/user/.m2/repository/org/apache/kerby/kerb-identity/1.0.1/kerb-identity-1.0.1.jar:/home/user/.m2/repository/org/apache/kerby/kerby-xdr/1.0.1/kerby-xdr-1.0.1.jar:/home/user/.m2/repository/org/slf4j/slf4j-log4j12/1.7.25/slf4j-log4j12-1.7.25.jar:/home/user/.m2/repository/org/apache/hadoop/hadoop-ozone-s3gateway/0.5.0-SNAPSHOT/hadoop-ozone-s3gateway-0.5.0-SNAPSHOT.jar:/home/user/.m2/repository/org/jboss/weld/servlet/weld-servlet/2.4.7.Final/weld-servlet-2.4.7.Final.jar:/home/user/.m2/repository/org/glassfish/jersey/containers/jersey-container-servlet-core/2.27/jersey-container-servlet-core-2.27.jar:/home/user/.m2/repository/org/glassfish/hk2/external/javax.inject/2.5.0-b42/javax.inject-2.5.0-b42.jar:/home/user/.m2/repository/org/glassfish/jersey/core/jersey-common/2.27/jersey-common-2.27.jar:/home/user/.m2/repository/org/glassfish/hk2/osgi-resource-locator/1.0.1/osgi-resource-locator-1.0.1.jar:/home/user/.m2/repository/javax/ws/rs/javax.ws.rs-api/2.1/javax.ws.rs-api-2.1.jar:/home/user/.m2/repository/org/glassfish/jersey/ext/cdi/jersey-cdi1x/2.27/jersey-cdi1x-2.27.jar:/home/user/.m2/repository/org/glassfish/jersey/inject/jersey-hk2/2.27/jersey-hk2-2.27.jar:/home/user/.m2/repository/org/glassfish/hk2/hk2-locator/2.5.0-b42/hk2-locator-2.5.0-b42.jar:/home/user/.m2/repository/org/javassist/javassist/3.22.0-CR2/javassist-3.22.0-CR2.jar:/home/user/.m2/repository/org/glassfish/hk2/hk2-api/2.5.0/hk2-api-2.5.0.jar:/home/user/.m2/repository/org/glassfish/hk2/external/jakarta.inject/2.5.0/jakarta.inject-2.5.0.jar:/home/user/.m2/repository/org/glassfish/hk2/hk2-utils/2.5.0/hk2-utils-2.5.0.jar:/home/user/.m2/repository/jakarta/annotation/jakarta.annotation-api/1.3.4/jakarta.annotation-api-1.3.4.jar:/home/user/.m2/repository/org/glassfish/hk2/external/aopalliance-repackaged/2.5.0/aopalliance-repackaged-2.5.0.jar:/home/user/.m2/repository/com/fasterxml/jackson/dataformat/jackson-dataformat-xml/2.9.0/jackson-dataformat-xml-2.9.0.jar:/home/user/.m2/repository/com/fasterxml/jackson/core/jackson-core/2.9.9/jackson-core-2.9.9.jar:/home/user/.m2/repository/com/fasterxml/jackson/module/jackson-module-jaxb-annotations/2.9.9/jackson-module-jaxb-annotations-2.9.9.jar:/home/user/.m2/repository/javax/enterprise/cdi-api/1.2/cdi-api-1.2.jar:/home/user/.m2/repository/javax/el/javax.el-api/3.0.0/javax.el-api-3.0.0.jar:/home/user/.m2/repository/javax/interceptor/javax.interceptor-api/1.2/javax.interceptor-api-1.2.jar:/home/user/.m2/repository/javax/inject/javax.inject/1/javax.inject-1.jar:/home/user/.m2/repository/com/sun/xml/bind/jaxb-impl/2.3.0.1/jaxb-impl-2.3.0.1.jar:/home/user/.m2/repository/com/sun/xml/bind/jaxb-core/2.3.0.1/jaxb-core-2.3.0.1.jar:/home/user/.m2/repository/javax/xml/bind/jaxb-api/2.3.0/jaxb-api-2.3.0.jar:/home/user/.m2/repository/javax/activation/activation/1.1.1/activation-1.1.1.jar:/home/user/.m2/repository/org/apache/hadoop/hadoop-ozone-csi/0.5.0-SNAPSHOT/hadoop-ozone-csi-0.5.0-SNAPSHOT.jar:/home/user/.m2/repository/com/google/protobuf/protobuf-java-util/3.5.1/protobuf-java-util-3.5.1.jar:/home/user/.m2/repository/org/apache/hadoop/hadoop-hdds-config/0.5.0-SNAPSHOT/hadoop-hdds-config-0.5.0-SNAPSHOT.jar:/home/user/.m2/repository/io/grpc/grpc-netty/1.17.1/grpc-netty-1.17.1.jar:/home/user/.m2/repository/io/grpc/grpc-core/1.17.1/grpc-core-1.17.1.jar:/home/user/.m2/repository/io/grpc/grpc-context/1.17.1/grpc-context-1.17.1.jar:/home/user/.m2/repository/com/google/errorprone/error_prone_annotations/2.2.0/error_prone_annotations-2.2.0.jar:/home/user/.m2/repository/org/codehaus/mojo/animal-sniffer-annotations/1.17/animal-sniffer-annotations-1.17.jar:/home/user/.m2/repository/io/opencensus/opencensus-api/0.17.0/opencensus-api-0.17.0.jar:/home/user/.m2/repository/io/opencensus/opencensus-contrib-grpc-metrics/0.17.0/opencensus-contrib-grpc-metrics-0.17.0.jar:/home/user/.m2/repository/io/netty/netty-codec-http2/4.1.30.Final/netty-codec-http2-4.1.30.Final.jar:/home/user/.m2/repository/io/netty/netty-codec-http/4.1.30.Final/netty-codec-http-4.1.30.Final.jar:/home/user/.m2/repository/io/netty/netty-codec/4.1.30.Final/netty-codec-4.1.30.Final.jar:/home/user/.m2/repository/io/netty/netty-handler/4.1.30.Final/netty-handler-4.1.30.Final.jar:/home/user/.m2/repository/io/netty/netty-handler-proxy/4.1.30.Final/netty-handler-proxy-4.1.30.Final.jar:/home/user/.m2/repository/io/netty/netty-codec-socks/4.1.30.Final/netty-codec-socks-4.1.30.Final.jar:/home/user/.m2/repository/io/netty/netty-transport-native-epoll/4.1.30.Final/netty-transport-native-epoll-4.1.30.Final.jar:/home/user/.m2/repository/io/netty/netty-common/4.1.30.Final/netty-common-4.1.30.Final.jar:/home/user/.m2/repository/io/netty/netty-buffer/4.1.30.Final/netty-buffer-4.1.30.Final.jar:/home/user/.m2/repository/io/netty/netty-transport/4.1.30.Final/netty-transport-4.1.30.Final.jar:/home/user/.m2/repository/io/netty/netty-resolver/4.1.30.Final/netty-resolver-4.1.30.Final.jar:/home/user/.m2/repository/io/netty/netty-transport-native-unix-common/4.1.30.Final/netty-transport-native-unix-common-4.1.30.Final.jar:/home/user/.m2/repository/io/grpc/grpc-protobuf/1.17.1/grpc-protobuf-1.17.1.jar:/home/user/.m2/repository/com/google/api/grpc/proto-google-common-protos/1.0.0/proto-google-common-protos-1.0.0.jar:/home/user/.m2/repository/io/grpc/grpc-protobuf-lite/1.17.1/grpc-protobuf-lite-1.17.1.jar:/home/user/.m2/repository/io/grpc/grpc-stub/1.17.1/grpc-stub-1.17.1.jar:/home/user/.m2/repository/org/apache/hadoop/hadoop-ozone-recon/0.5.0-SNAPSHOT/hadoop-ozone-recon-0.5.0-SNAPSHOT.jar:/home/user/.m2/repository/org/apache/hadoop/hadoop-ozone-reconcodegen/0.5.0-SNAPSHOT/hadoop-ozone-reconcodegen-0.5.0-SNAPSHOT.jar:/home/user/.m2/repository/com/google/inject/extensions/guice-multibindings/4.0/guice-multibindings-4.0.jar:/home/user/.m2/repository/com/google/inject/guice/4.0/guice-4.0.jar:/home/user/.m2/repository/aopalliance/aopalliance/1.0/aopalliance-1.0.jar:/home/user/.m2/repository/com/google/inject/extensions/guice-servlet/4.0/guice-servlet-4.0.jar:/home/user/.m2/repository/org/glassfish/jersey/containers/jersey-container-servlet/2.27/jersey-container-servlet-2.27.jar:/home/user/.m2/repository/org/glassfish/hk2/guice-bridge/2.5.0/guice-bridge-2.5.0.jar:/home/user/.m2/repository/org/glassfish/jersey/core/jersey-server/2.27/jersey-server-2.27.jar:/home/user/.m2/repository/org/glassfish/jersey/core/jersey-client/2.27/jersey-client-2.27.jar:/home/user/.m2/repository/org/glassfish/jersey/media/jersey-media-jaxb/2.27/jersey-media-jaxb-2.27.jar:/home/user/.m2/repository/javax/validation/validation-api/1.1.0.Final/validation-api-1.1.0.Final.jar:/home/user/.m2/repository/org/glassfish/jersey/media/jersey-media-json-jackson/2.27/jersey-media-json-jackson-2.27.jar:/home/user/.m2/repository/org/glassfish/jersey/ext/jersey-entity-filtering/2.27/jersey-entity-filtering-2.27.jar:/home/user/.m2/repository/com/google/inject/extensions/guice-assistedinject/4.0/guice-assistedinject-4.0.jar:/home/user/.m2/repository/org/jooq/jooq/3.11.10/jooq-3.11.10.jar:/home/user/.m2/repository/org/jooq/jooq-meta/3.11.10/jooq-meta-3.11.10.jar:/home/user/.m2/repository/org/jooq/jooq-codegen/3.11.10/jooq-codegen-3.11.10.jar:/home/user/.m2/repository/com/jolbox/bonecp/0.8.0.RELEASE/bonecp-0.8.0.RELEASE.jar:/home/user/.m2/repository/org/xerial/sqlite-jdbc/3.25.2/sqlite-jdbc-3.25.2.jar:/home/user/.m2/repository/org/springframework/spring-jdbc/5.1.3.RELEASE/spring-jdbc-5.1.3.RELEASE.jar:/home/user/.m2/repository/org/springframework/spring-beans/5.1.3.RELEASE/spring-beans-5.1.3.RELEASE.jar:/home/user/.m2/repository/org/springframework/spring-core/5.1.3.RELEASE/spring-core-5.1.3.RELEASE.jar:/home/user/.m2/repository/org/springframework/spring-jcl/5.1.3.RELEASE/spring-jcl-5.1.3.RELEASE.jar:/home/user/.m2/repository/org/springframework/spring-tx/5.1.3.RELEASE/spring-tx-5.1.3.RELEASE.jar:/home/user/.m2/repository/org/apache/hadoop/hadoop-ozone-client/0.5.0-SNAPSHOT/hadoop-ozone-client-0.5.0-SNAPSHOT.jar:/home/user/.m2/repository/commons-lang/commons-lang/2.6/commons-lang-2.6.jar:/home/user/.m2/repository/org/apache/hadoop/hadoop-ozone-ozone-manager/0.5.0-SNAPSHOT/hadoop-ozone-ozone-manager-0.5.0-SNAPSHOT-tests.jar:/home/user/.m2/repository/junit/junit/4.11/junit-4.11.jar:/home/user/.m2/repository/org/hamcrest/hamcrest-core/1.3/hamcrest-core-1.3.jar:/home/user/.m2/repository/org/openjdk/jmh/jmh-core/1.19/jmh-core-1.19.jar:/home/user/.m2/repository/net/sf/jopt-simple/jopt-simple/4.6/jopt-simple-4.6.jar:/home/user/.m2/repository/org/apache/commons/commons-math3/3.1.1/commons-math3-3.1.1.jar:/home/user/.m2/repository/org/openjdk/jmh/jmh-generator-annprocess/1.19/jmh-generator-annprocess-1.19.jar:/home/user/.m2/repository/org/mockito/mockito-all/1.8.5/mockito-all-1.8.5.jar:/home/user/.m2/repository/org/apache/hadoop/hadoop-kms/3.2.0/hadoop-kms-3.2.0.jar:/home/user/.m2/repository/org/apache/hadoop/hadoop-auth/3.2.0/hadoop-auth-3.2.0.jar:/home/user/.m2/repository/com/nimbusds/nimbus-jose-jwt/4.41.1/nimbus-jose-jwt-4.41.1.jar:/home/user/.m2/repository/com/github/stephenc/jcip/jcip-annotations/1.0-1/jcip-annotations-1.0-1.jar:/home/user/.m2/repository/net/minidev/json-smart/2.3/json-smart-2.3.jar:/home/user/.m2/repository/net/minidev/accessors-smart/1.2/accessors-smart-1.2.jar:/home/user/.m2/repository/org/ow2/asm/asm/5.0.4/asm-5.0.4.jar:/home/user/.m2/repository/org/apache/curator/curator-framework/2.12.0/curator-framework-2.12.0.jar:/home/user/.m2/repository/com/sun/jersey/jersey-core/1.19/jersey-core-1.19.jar:/home/user/.m2/repository/javax/ws/rs/jsr311-api/1.1.1/jsr311-api-1.1.1.jar:/home/user/.m2/repository/com/sun/jersey/jersey-server/1.19/jersey-server-1.19.jar:/home/user/.m2/repository/javax/servlet/javax.servlet-api/3.1.0/javax.servlet-api-3.1.0.jar:/home/user/.m2/repository/org/eclipse/jetty/jetty-server/9.3.25.v20180904/jetty-server-9.3.25.v20180904.jar:/home/user/.m2/repository/org/eclipse/jetty/jetty-http/9.3.25.v20180904/jetty-http-9.3.25.v20180904.jar:/home/user/.m2/repository/org/eclipse/jetty/jetty-io/9.3.25.v20180904/jetty-io-9.3.25.v20180904.jar:/home/user/.m2/repository/org/eclipse/jetty/jetty-webapp/9.3.25.v20180904/jetty-webapp-9.3.25.v20180904.jar:/home/user/.m2/repository/org/eclipse/jetty/jetty-xml/9.3.25.v20180904/jetty-xml-9.3.25.v20180904.jar:/home/user/.m2/repository/log4j/log4j/1.2.17/log4j-1.2.17.jar:/home/user/.m2/repository/org/slf4j/slf4j-api/1.7.25/slf4j-api-1.7.25.jar:/home/user/.m2/repository/org/slf4j/jul-to-slf4j/1.7.25/jul-to-slf4j-1.7.25.jar:/home/user/.m2/repository/org/eclipse/jetty/jetty-util/9.3.25.v20180904/jetty-util-9.3.25.v20180904.jar:/home/user/.m2/repository/com/fasterxml/jackson/core/jackson-databind/2.9.9/jackson-databind-2.9.9.jar:/home/user/.m2/repository/org/apache/hadoop/hadoop-kms/3.2.0/hadoop-kms-3.2.0-tests.jar:/home/user/.m2/repository/org/apache/hadoop/hadoop-hdds-server-scm/0.5.0-SNAPSHOT/hadoop-hdds-server-scm-0.5.0-SNAPSHOT-tests.jar:/home/user/.m2/repository/org/apache/hadoop/hadoop-hdds-container-service/0.5.0-SNAPSHOT/hadoop-hdds-container-service-0.5.0-SNAPSHOT-tests.jar:/home/user/.m2/repository/org/yaml/snakeyaml/1.16/snakeyaml-1.16.jar:/home/user/.m2/repository/org/apache/hadoop/hadoop-common/3.2.0/hadoop-common-3.2.0-tests.jar:/home/user/.m2/repository/org/apache/hadoop/hadoop-annotations/3.2.0/hadoop-annotations-3.2.0.jar:/usr/lib/jvm/java-1.8-openjdk/jre/../lib/tools.jar:/home/user/.m2/repository/commons-cli/commons-cli/1.2/commons-cli-1.2.jar:/home/user/.m2/repository/org/apache/httpcomponents/httpclient/4.5.2/httpclient-4.5.2.jar:/home/user/.m2/repository/org/apache/httpcomponents/httpcore/4.4.4/httpcore-4.4.4.jar:/home/user/.m2/repository/commons-codec/commons-codec/1.11/commons-codec-1.11.jar:/home/user/.m2/repository/commons-net/commons-net/3.6/commons-net-3.6.jar:/home/user/.m2/repository/commons-collections/commons-collections/3.2.2/commons-collections-3.2.2.jar:/home/user/.m2/repository/org/eclipse/jetty/jetty-servlet/9.3.25.v20180904/jetty-servlet-9.3.25.v20180904.jar:/home/user/.m2/repository/org/eclipse/jetty/jetty-security/9.3.25.v20180904/jetty-security-9.3.25.v20180904.jar:/home/user/.m2/repository/javax/servlet/jsp/jsp-api/2.1/jsp-api-2.1.jar:/home/user/.m2/repository/com/sun/jersey/jersey-servlet/1.19/jersey-servlet-1.19.jar:/home/user/.m2/repository/com/sun/jersey/jersey-json/1.19/jersey-json-1.19.jar:/home/user/.m2/repository/org/codehaus/jettison/jettison/1.1/jettison-1.1.jar:/home/user/.m2/repository/org/codehaus/jackson/jackson-core-asl/1.9.13/jackson-core-asl-1.9.13.jar:/home/user/.m2/repository/org/codehaus/jackson/jackson-mapper-asl/1.9.13/jackson-mapper-asl-1.9.13.jar:/home/user/.m2/repository/org/codehaus/jackson/jackson-jaxrs/1.9.13/jackson-jaxrs-1.9.13.jar:/home/user/.m2/repository/org/codehaus/jackson/jackson-xc/1.9.13/jackson-xc-1.9.13.jar:/home/user/.m2/repository/commons-logging/commons-logging/1.1.3/commons-logging-1.1.3.jar:/home/user/.m2/repository/commons-beanutils/commons-beanutils/1.9.4/commons-beanutils-1.9.4.jar:/home/user/.m2/repository/org/apache/commons/commons-configuration2/2.1.1/commons-configuration2-2.1.1.jar:/home/user/.m2/repository/org/apache/commons/commons-lang3/3.7/commons-lang3-3.7.jar:/home/user/.m2/repository/org/apache/commons/commons-text/1.4/commons-text-1.4.jar:/home/user/.m2/repository/org/apache/avro/avro/1.7.7/avro-1.7.7.jar:/home/user/.m2/repository/com/thoughtworks/paranamer/paranamer/2.3/paranamer-2.3.jar:/home/user/.m2/repository/org/xerial/snappy/snappy-java/1.0.5/snappy-java-1.0.5.jar:/home/user/.m2/repository/com/google/re2j/re2j/1.1/re2j-1.1.jar:/home/user/.m2/repository/com/google/code/gson/gson/2.2.4/gson-2.2.4.jar:/home/user/.m2/repository/com/jcraft/jsch/0.1.54/jsch-0.1.54.jar:/home/user/.m2/repository/org/apache/curator/curator-client/2.12.0/curator-client-2.12.0.jar:/home/user/.m2/repository/org/apache/curator/curator-recipes/2.12.0/curator-recipes-2.12.0.jar:/home/user/.m2/repository/com/google/code/findbugs/jsr305/3.0.0/jsr305-3.0.0.jar:/home/user/.m2/repository/org/apache/htrace/htrace-core4/4.1.0-incubating/htrace-core4-4.1.0-incubating.jar:/home/user/.m2/repository/org/apache/zookeeper/zookeeper/3.4.13/zookeeper-3.4.13.jar:/home/user/.m2/repository/jline/jline/0.9.94/jline-0.9.94.jar:/home/user/.m2/repository/org/apache/yetus/audience-annotations/0.5.0/audience-annotations-0.5.0.jar:/home/user/.m2/repository/org/codehaus/woodstox/stax2-api/3.1.4/stax2-api-3.1.4.jar:/home/user/.m2/repository/com/fasterxml/woodstox/woodstox-core/5.0.3/woodstox-core-5.0.3.jar:/home/user/.m2/repository/dnsjava/dnsjava/2.1.7/dnsjava-2.1.7.jar:/home/user/.m2/repository/org/apache/hadoop/hadoop-hdfs/3.2.0/hadoop-hdfs-3.2.0-tests.jar:/home/user/.m2/repository/org/eclipse/jetty/jetty-util-ajax/9.3.25.v20180904/jetty-util-ajax-9.3.25.v20180904.jar:/home/user/.m2/repository/commons-daemon/commons-daemon/1.0.13/commons-daemon-1.0.13.jar:/home/user/.m2/repository/io/netty/netty/3.10.5.Final/netty-3.10.5.Final.jar:/home/user/.m2/repository/io/netty/netty-all/4.0.52.Final/netty-all-4.0.52.Final.jar:/home/user/.m2/repository/org/fusesource/leveldbjni/leveldbjni-all/1.8/leveldbjni-all-1.8.jar:"/>
    <property name="sun.cpu.endian" value="little"/>
    <property name="user.home" value="/home/user"/>
    <property name="user.language" value="en"/>
    <property name="java.specification.vendor" value="Oracle Corporation"/>
    <property name="java.home" value="/usr/lib/jvm/java-1.8-openjdk/jre"/>
    <property name="java.security.krb5.conf" value="/workdir/hadoop-ozone/integration-test/target/test-classes/krb5.conf"/>
    <property name="basedir" value="/workdir/hadoop-ozone/integration-test"/>
    <property name="file.separator" value="/"/>
    <property name="line.separator" value="&#10;"/>
    <property name="java.vm.specification.vendor" value="Oracle Corporation"/>
    <property name="java.specification.name" value="Java Platform API Specification"/>
    <property name="java.awt.graphicsenv" value="sun.awt.X11GraphicsEnvironment"/>
    <property name="surefire.real.class.path" value="/workdir/hadoop-ozone/integration-test/target/surefire/surefirebooter9214249012341616716.jar"/>
    <property name="hadoop.log.dir" value="/workdir/hadoop-ozone/integration-test/target/log"/>
    <property name="sun.boot.class.path" value="/usr/lib/jvm/java-1.8-openjdk/jre/lib/resources.jar:/usr/lib/jvm/java-1.8-openjdk/jre/lib/rt.jar:/usr/lib/jvm/java-1.8-openjdk/jre/lib/sunrsasign.jar:/usr/lib/jvm/java-1.8-openjdk/jre/lib/jsse.jar:/usr/lib/jvm/java-1.8-openjdk/jre/lib/jce.jar:/usr/lib/jvm/java-1.8-openjdk/jre/lib/charsets.jar:/usr/lib/jvm/java-1.8-openjdk/jre/lib/jfr.jar:/usr/lib/jvm/java-1.8-openjdk/jre/classes"/>
    <property name="sun.management.compiler" value="HotSpot 64-Bit Tiered Compilers"/>
    <property name="java.runtime.version" value="1.8.0_212-b04"/>
    <property name="java.net.preferIPv4Stack" value="true"/>
    <property name="user.name" value="jenkins1000"/>
    <property name="path.separator" value=":"/>
    <property name="java.security.egd" value="file:///dev/urandom"/>
    <property name="os.version" value="3.10.0-957.12.2.el7.x86_64"/>
    <property name="java.endorsed.dirs" value="/usr/lib/jvm/java-1.8-openjdk/jre/lib/endorsed"/>
    <property name="java.runtime.name" value="OpenJDK Runtime Environment"/>
    <property name="file.encoding" value="UTF-8"/>
    <property name="java.vm.name" value="OpenJDK 64-Bit Server VM"/>
    <property name="test.build.webapps" value=""/>
    <property name="localRepository" value="/home/user/.m2/repository"/>
    <property name="java.vendor.url.bug" value="https://icedtea.classpath.org/bugzilla"/>
    <property name="java.io.tmpdir" value="/tmp"/>
    <property name="require.test.libhadoop" value=""/>
    <property name="java.version" value="1.8.0_212"/>
    <property name="user.dir" value="/workdir/hadoop-ozone/integration-test"/>
    <property name="os.arch" value="amd64"/>
    <property name="java.vm.specification.name" value="Java Virtual Machine Specification"/>
    <property name="test.build.classes" value="/workdir/hadoop-ozone/integration-test/target/test-classes"/>
    <property name="java.awt.printerjob" value="sun.print.PSPrinterJob"/>
    <property name="sun.os.patch.level" value="unknown"/>
    <property name="hadoop.tmp.dir" value="/workdir/hadoop-ozone/integration-test/target/tmp"/>
    <property name="java.library.path" value="/usr/lib/jvm/java-1.8-openjdk/jre/lib/amd64/server:/usr/lib/jvm/java-1.8-openjdk/jre/lib/amd64:/usr/lib/jvm/java-1.8-openjdk/jre/../lib/amd64:/workdir/hadoop-ozone/integration-test/target/native/target/usr/local/lib:/workdir/hadoop-ozone/integration-test/../../hadoop-common-project/hadoop-common/target/native/target/usr/local/lib:/usr/java/packages/lib/amd64:/usr/lib64:/lib64:/lib:/usr/lib"/>
    <property name="java.vm.info" value="mixed mode"/>
    <property name="java.vendor" value="IcedTea"/>
    <property name="java.vm.version" value="25.212-b04"/>
    <property name="java.ext.dirs" value="/usr/lib/jvm/java-1.8-openjdk/jre/lib/ext:/usr/java/packages/lib/ext"/>
    <property name="sun.io.unicode.encoding" value="UnicodeLittle"/>
    <property name="java.class.version" value="52.0"/>
  </properties>
  <testcase name="testWatchForCommitWithKeyWrite" classname="org.apache.hadoop.ozone.client.rpc.TestWatchForCommit" time="60.05"/>
  <testcase name="testWatchForCommitWithSmallerTimeoutValue" classname="org.apache.hadoop.ozone.client.rpc.TestWatchForCommit" time="43.214"/>
  <testcase name="testWatchForCommitForRetryfailure" classname="org.apache.hadoop.ozone.client.rpc.TestWatchForCommit" time="61.534">
    <failure type="java.lang.AssertionError">java.lang.AssertionError
	at org.junit.Assert.fail(Assert.java:86)
	at org.junit.Assert.assertTrue(Assert.java:41)
	at org.junit.Assert.assertTrue(Assert.java:52)
	at org.apache.hadoop.ozone.client.rpc.TestWatchForCommit.testWatchForCommitForRetryfailure(TestWatchForCommit.java:348)
	at sun.reflect.NativeMethodAccessorImpl.invoke0(Native Method)
	at sun.reflect.NativeMethodAccessorImpl.invoke(NativeMethodAccessorImpl.java:62)
	at sun.reflect.DelegatingMethodAccessorImpl.invoke(DelegatingMethodAccessorImpl.java:43)
	at java.lang.reflect.Method.invoke(Method.java:498)
	at org.junit.runners.model.FrameworkMethod$1.runReflectiveCall(FrameworkMethod.java:47)
	at org.junit.internal.runners.model.ReflectiveCallable.run(ReflectiveCallable.java:12)
	at org.junit.runners.model.FrameworkMethod.invokeExplosively(FrameworkMethod.java:44)
	at org.junit.internal.runners.statements.InvokeMethod.evaluate(InvokeMethod.java:17)
	at org.junit.runners.ParentRunner.runLeaf(ParentRunner.java:271)
	at org.junit.runners.BlockJUnit4ClassRunner.runChild(BlockJUnit4ClassRunner.java:70)
	at org.junit.runners.BlockJUnit4ClassRunner.runChild(BlockJUnit4ClassRunner.java:50)
	at org.junit.runners.ParentRunner$3.run(ParentRunner.java:238)
	at org.junit.runners.ParentRunner$1.schedule(ParentRunner.java:63)
	at org.junit.runners.ParentRunner.runChildren(ParentRunner.java:236)
	at org.junit.runners.ParentRunner.access$000(ParentRunner.java:53)
	at org.junit.runners.ParentRunner$2.evaluate(ParentRunner.java:229)
	at org.junit.runners.ParentRunner.run(ParentRunner.java:309)
	at org.apache.maven.surefire.junit4.JUnit4Provider.execute(JUnit4Provider.java:365)
	at org.apache.maven.surefire.junit4.JUnit4Provider.executeWithRerun(JUnit4Provider.java:273)
	at org.apache.maven.surefire.junit4.JUnit4Provider.executeTestSet(JUnit4Provider.java:238)
	at org.apache.maven.surefire.junit4.JUnit4Provider.invoke(JUnit4Provider.java:159)
	at org.apache.maven.surefire.booter.ForkedBooter.invokeProviderInSameClassLoader(ForkedBooter.java:384)
	at org.apache.maven.surefire.booter.ForkedBooter.runSuitesInProcess(ForkedBooter.java:345)
	at org.apache.maven.surefire.booter.ForkedBooter.execute(ForkedBooter.java:126)
	at org.apache.maven.surefire.booter.ForkedBooter.main(ForkedBooter.java:418)
</failure>
    <system-out><![CDATA[2019-10-04 15:32:41,558 [main] WARN  server.ServerUtils (ServerUtils.java:getScmDbDir(145)) - ozone.scm.db.dirs is not configured. We recommend adding this setting. Falling back to ozone.metadata.dirs instead.
2019-10-04 15:32:41,573 [main] WARN  server.ServerUtils (ServerUtils.java:getScmDbDir(145)) - ozone.scm.db.dirs is not configured. We recommend adding this setting. Falling back to ozone.metadata.dirs instead.
2019-10-04 15:32:41,573 [main] WARN  server.ServerUtils (ServerUtils.java:getScmDbDir(145)) - ozone.scm.db.dirs is not configured. We recommend adding this setting. Falling back to ozone.metadata.dirs instead.
2019-10-04 15:32:41,574 [main] INFO  db.DBStoreBuilder (DBStoreBuilder.java:addTable(110)) - using custom profile for table: deletedBlocks
2019-10-04 15:32:41,574 [main] INFO  db.DBStoreBuilder (DBStoreBuilder.java:processTables(161)) - Using default column profile:DBProfile.DISK for Table:deletedBlocks
2019-10-04 15:32:41,574 [main] INFO  db.DBStoreBuilder (DBStoreBuilder.java:addTable(110)) - using custom profile for table: validCerts
2019-10-04 15:32:41,575 [main] INFO  db.DBStoreBuilder (DBStoreBuilder.java:processTables(161)) - Using default column profile:DBProfile.DISK for Table:validCerts
2019-10-04 15:32:41,575 [main] INFO  db.DBStoreBuilder (DBStoreBuilder.java:addTable(110)) - using custom profile for table: revokedCerts
2019-10-04 15:32:41,575 [main] INFO  db.DBStoreBuilder (DBStoreBuilder.java:processTables(161)) - Using default column profile:DBProfile.DISK for Table:revokedCerts
2019-10-04 15:32:41,575 [main] INFO  db.DBStoreBuilder (DBStoreBuilder.java:addTable(110)) - using custom profile for table: default
2019-10-04 15:32:41,575 [main] INFO  db.DBStoreBuilder (DBStoreBuilder.java:processTables(167)) - Using default column profile:DBProfile.DISK for Table:default
2019-10-04 15:32:41,576 [main] INFO  db.DBStoreBuilder (DBStoreBuilder.java:getDbProfile(198)) - Using default options. DBProfile.DISK
2019-10-04 15:32:41,793 [main] INFO  net.NodeSchemaLoader (NodeSchemaLoader.java:loadSchemaFromFile(125)) - Loading file from sun.misc.CompoundEnumeration@6fcd31c3
2019-10-04 15:32:41,793 [main] INFO  net.NodeSchemaLoader (NodeSchemaLoader.java:loadSchema(171)) - Loading network topology layer schema file
2019-10-04 15:32:41,800 [main] WARN  server.ServerUtils (ServerUtils.java:sanitizeUserArgs(70)) - ozone.scm.stale.node.interval value = 300000 is larger than max = 100000 based on the key value of ozone.scm.heartbeat.thread.interval, reset to the max value 100000.
2019-10-04 15:32:41,800 [main] WARN  server.ServerUtils (ServerUtils.java:sanitizeUserArgs(70)) - ozone.scm.stale.node.interval value = 300000 is larger than max = 100000 based on the key value of ozone.scm.heartbeat.thread.interval, reset to the max value 100000.
2019-10-04 15:32:41,800 [main] INFO  node.SCMNodeManager (SCMNodeManager.java:<init>(114)) - Entering startup safe mode.
2019-10-04 15:32:41,802 [main] INFO  algorithms.ContainerPlacementPolicyFactory (ContainerPlacementPolicyFactory.java:getPolicy(57)) - Create container placement policy of type org.apache.hadoop.hdds.scm.container.placement.algorithms.SCMContainerPlacementRandom
2019-10-04 15:32:41,802 [main] WARN  server.ServerUtils (ServerUtils.java:getScmDbDir(145)) - ozone.scm.db.dirs is not configured. We recommend adding this setting. Falling back to ozone.metadata.dirs instead.
2019-10-04 15:32:41,869 [main] INFO  pipeline.SCMPipelineManager (SCMPipelineManager.java:initializePipelineState(132)) - No pipeline exists in current db
2019-10-04 15:32:41,869 [main] WARN  server.ServerUtils (ServerUtils.java:getScmDbDir(145)) - ozone.scm.db.dirs is not configured. We recommend adding this setting. Falling back to ozone.metadata.dirs instead.
2019-10-04 15:32:41,937 [main] WARN  events.EventQueue (EventQueue.java:fireEvent(183)) - No event handler registered for event TypedEvent{payloadType=SafeModeStatus, name='SafeModeStatus'}
2019-10-04 15:32:41,939 [main] INFO  ipc.CallQueueManager (CallQueueManager.java:<init>(84)) - Using callQueue: class java.util.concurrent.LinkedBlockingQueue, queueCapacity: 2000, scheduler: class org.apache.hadoop.ipc.DefaultRpcScheduler, ipcBackoff: false.
2019-10-04 15:32:41,940 [Socket Reader #1 for port 42573] INFO  ipc.Server (Server.java:run(1074)) - Starting Socket Reader #1 for port 42573
2019-10-04 15:32:41,942 [main] INFO  ipc.CallQueueManager (CallQueueManager.java:<init>(84)) - Using callQueue: class java.util.concurrent.LinkedBlockingQueue, queueCapacity: 2000, scheduler: class org.apache.hadoop.ipc.DefaultRpcScheduler, ipcBackoff: false.
2019-10-04 15:32:41,943 [Socket Reader #1 for port 43711] INFO  ipc.Server (Server.java:run(1074)) - Starting Socket Reader #1 for port 43711
2019-10-04 15:32:41,944 [main] INFO  ipc.CallQueueManager (CallQueueManager.java:<init>(84)) - Using callQueue: class java.util.concurrent.LinkedBlockingQueue, queueCapacity: 2000, scheduler: class org.apache.hadoop.ipc.DefaultRpcScheduler, ipcBackoff: false.
2019-10-04 15:32:41,945 [Socket Reader #1 for port 44957] INFO  ipc.Server (Server.java:run(1074)) - Starting Socket Reader #1 for port 44957
2019-10-04 15:32:41,949 [main] INFO  hdfs.DFSUtil (DFSUtil.java:httpServerTemplateForNNAndJN(1641)) - Starting Web-server for scm at: http://0.0.0.0:0
2019-10-04 15:32:41,951 [main] INFO  server.AuthenticationFilter (AuthenticationFilter.java:constructSecretProvider(240)) - Unable to initialize FileSignerSecretProvider, falling back to use random secrets.
2019-10-04 15:32:41,952 [main] WARN  http.HttpRequestLog (HttpRequestLog.java:getRequestLog(97)) - Jetty request log can only be enabled using Log4j
2019-10-04 15:32:41,954 [main] INFO  http.HttpServer2 (HttpServer2.java:addGlobalFilter(975)) - Added global filter 'safety' (class=org.apache.hadoop.http.HttpServer2$QuotingInputFilter)
2019-10-04 15:32:41,954 [main] INFO  http.HttpServer2 (HttpServer2.java:addFilter(948)) - Added filter static_user_filter (class=org.apache.hadoop.http.lib.StaticUserWebFilter$StaticUserFilter) to context scm
2019-10-04 15:32:41,955 [main] INFO  http.HttpServer2 (HttpServer2.java:addFilter(958)) - Added filter static_user_filter (class=org.apache.hadoop.http.lib.StaticUserWebFilter$StaticUserFilter) to context logs
2019-10-04 15:32:41,955 [main] INFO  http.HttpServer2 (HttpServer2.java:addFilter(958)) - Added filter static_user_filter (class=org.apache.hadoop.http.lib.StaticUserWebFilter$StaticUserFilter) to context static
2019-10-04 15:32:41,957 [main] INFO  server.StorageContainerManager (StorageContainerManager.java:start(770)) - StorageContainerLocationProtocol RPC server is listening at /0.0.0.0:44957
2019-10-04 15:32:41,960 [main] WARN  impl.MetricsConfig (MetricsConfig.java:loadFirst(134)) - Cannot locate configuration: tried hadoop-metrics2-storagecontainermanager.properties,hadoop-metrics2.properties
2019-10-04 15:32:41,961 [main] INFO  impl.MetricsSystemImpl (MetricsSystemImpl.java:startTimer(374)) - Scheduled Metric snapshot period at 10 second(s).
2019-10-04 15:32:41,961 [main] INFO  impl.MetricsSystemImpl (MetricsSystemImpl.java:start(191)) - StorageContainerManager metrics system started
2019-10-04 15:32:41,968 [main] INFO  lib.Interns (Interns.java:removeEldestEntry(50)) - Metrics intern cache overflow at 2011 for MetricsSystem={MetricsSystem=MetricsInfoImpl{name=MetricsSystem, description=MetricsSystem}, MetricsSystem record=MetricsInfoImpl{name=MetricsSystem, description=MetricsSystem record}}
2019-10-04 15:32:41,995 [main] WARN  impl.MetricsSystemImpl (MetricsSystemImpl.java:register(276)) - Sink prometheus already exists!
2019-10-04 15:32:42,037 [main] INFO  server.SCMClientProtocolServer (SCMClientProtocolServer.java:start(159)) - RPC server for Client  is listening at /0.0.0.0:44957
2019-10-04 15:32:42,037 [IPC Server Responder] INFO  ipc.Server (Server.java:run(1314)) - IPC Server Responder: starting
2019-10-04 15:32:42,037 [IPC Server listener on 44957] INFO  ipc.Server (Server.java:run(1153)) - IPC Server listener on 44957: starting
2019-10-04 15:32:42,042 [main] INFO  server.StorageContainerManager (StorageContainerManager.java:start(780)) - ScmBlockLocationProtocol RPC server is listening at /0.0.0.0:43711
2019-10-04 15:32:42,042 [main] INFO  server.SCMBlockProtocolServer (SCMBlockProtocolServer.java:start(146)) - RPC server for Block Protocol is listening at /0.0.0.0:43711
2019-10-04 15:32:42,042 [IPC Server Responder] INFO  ipc.Server (Server.java:run(1314)) - IPC Server Responder: starting
2019-10-04 15:32:42,042 [IPC Server listener on 43711] INFO  ipc.Server (Server.java:run(1153)) - IPC Server listener on 43711: starting
2019-10-04 15:32:42,046 [main] INFO  server.StorageContainerManager (StorageContainerManager.java:start(784)) - ScmDatanodeProtocl RPC server is listening at /0.0.0.0:42573
2019-10-04 15:32:42,046 [main] INFO  server.SCMDatanodeProtocolServer (SCMDatanodeProtocolServer.java:start(169)) - RPC server for DataNodes is listening at /0.0.0.0:42573
2019-10-04 15:32:42,047 [IPC Server Responder] INFO  ipc.Server (Server.java:run(1314)) - IPC Server Responder: starting
2019-10-04 15:32:42,047 [IPC Server listener on 42573] INFO  ipc.Server (Server.java:run(1153)) - IPC Server listener on 42573: starting
2019-10-04 15:32:42,051 [main] INFO  http.HttpServer2 (HttpServer2.java:bindListener(1191)) - Jetty bound to port 36569
2019-10-04 15:32:42,051 [main] INFO  server.Server (Server.java:doStart(351)) - jetty-9.3.25.v20180904, build timestamp: 2018-09-04T21:11:46Z, git hash: 3ce520221d0240229c862b122d2b06c12a625732
2019-10-04 15:32:42,052 [main] INFO  handler.ContextHandler (ContextHandler.java:doStart(781)) - Started o.e.j.s.ServletContextHandler@53d2d002{/logs,file:///workdir/hadoop-ozone/integration-test/target/log,AVAILABLE}
2019-10-04 15:32:42,053 [main] INFO  handler.ContextHandler (ContextHandler.java:doStart(781)) - Started o.e.j.s.ServletContextHandler@5820070c{/static,file:///workdir/hadoop-ozone/integration-test/target/test-classes/webapps/static,AVAILABLE}
2019-10-04 15:32:42,057 [main] INFO  handler.ContextHandler (ContextHandler.java:doStart(781)) - Started o.e.j.w.WebAppContext@1a464fa3{/,file:///workdir/hadoop-ozone/integration-test/target/test-classes/webapps/scm/,AVAILABLE}{/scm}
2019-10-04 15:32:42,057 [main] INFO  server.AbstractConnector (AbstractConnector.java:doStart(278)) - Started ServerConnector@4215e133{HTTP/1.1,[http/1.1]}{0.0.0.0:36569}
2019-10-04 15:32:42,058 [main] INFO  server.Server (Server.java:doStart(419)) - Started @104175ms
2019-10-04 15:32:42,058 [main] WARN  impl.MetricsSystemImpl (MetricsSystemImpl.java:register(276)) - Sink prometheus already exists!
2019-10-04 15:32:42,059 [main] INFO  server.BaseHttpServer (BaseHttpServer.java:updateConnectorAddress(215)) - HTTP server of SCM is listening at http://0.0.0.0:36569
2019-10-04 15:32:42,059 [main] WARN  server.ServerUtils (ServerUtils.java:getDBPath(222)) - ozone.om.db.dirs is not configured. We recommend adding this setting. Falling back to ozone.metadata.dirs instead.
2019-10-04 15:32:42,059 [org.apache.hadoop.util.JvmPauseMonitor$Monitor@d88f893] INFO  util.JvmPauseMonitor (JvmPauseMonitor.java:run(188)) - Starting JVM pause monitor
2019-10-04 15:32:42,074 [main] INFO  ha.OMHANodeDetails (OMHANodeDetails.java:loadOMHAConfig(190)) - Configuration either no ozone.om.address set. Falling back to the default OM address /127.0.0.1:0
2019-10-04 15:32:42,075 [main] INFO  ha.OMHANodeDetails (OMHANodeDetails.java:getOMNodeDetails(220)) - OM Service ID is not set. Setting it to the default ID: omServiceIdDefault
2019-10-04 15:32:42,075 [main] WARN  server.ServerUtils (ServerUtils.java:getDBPath(222)) - ozone.om.db.dirs is not configured. We recommend adding this setting. Falling back to ozone.metadata.dirs instead.
2019-10-04 15:32:42,076 [main] WARN  server.ServerUtils (ServerUtils.java:getDBPath(222)) - ozone.om.db.dirs is not configured. We recommend adding this setting. Falling back to ozone.metadata.dirs instead.
2019-10-04 15:32:42,084 [main] WARN  server.ServerUtils (ServerUtils.java:getDBPath(222)) - ozone.om.db.dirs is not configured. We recommend adding this setting. Falling back to ozone.metadata.dirs instead.
2019-10-04 15:32:42,085 [main] INFO  db.DBStoreBuilder (DBStoreBuilder.java:addTable(110)) - using custom profile for table: userTable
2019-10-04 15:32:42,085 [main] INFO  db.DBStoreBuilder (DBStoreBuilder.java:processTables(161)) - Using default column profile:DBProfile.DISK for Table:userTable
2019-10-04 15:32:42,085 [main] INFO  db.DBStoreBuilder (DBStoreBuilder.java:addTable(110)) - using custom profile for table: volumeTable
2019-10-04 15:32:42,086 [main] INFO  db.DBStoreBuilder (DBStoreBuilder.java:processTables(161)) - Using default column profile:DBProfile.DISK for Table:volumeTable
2019-10-04 15:32:42,086 [main] INFO  db.DBStoreBuilder (DBStoreBuilder.java:addTable(110)) - using custom profile for table: bucketTable
2019-10-04 15:32:42,086 [main] INFO  db.DBStoreBuilder (DBStoreBuilder.java:processTables(161)) - Using default column profile:DBProfile.DISK for Table:bucketTable
2019-10-04 15:32:42,087 [main] INFO  db.DBStoreBuilder (DBStoreBuilder.java:addTable(110)) - using custom profile for table: keyTable
2019-10-04 15:32:42,087 [main] INFO  db.DBStoreBuilder (DBStoreBuilder.java:processTables(161)) - Using default column profile:DBProfile.DISK for Table:keyTable
2019-10-04 15:32:42,087 [main] INFO  db.DBStoreBuilder (DBStoreBuilder.java:addTable(110)) - using custom profile for table: deletedTable
2019-10-04 15:32:42,087 [main] INFO  db.DBStoreBuilder (DBStoreBuilder.java:processTables(161)) - Using default column profile:DBProfile.DISK for Table:deletedTable
2019-10-04 15:32:42,088 [main] INFO  db.DBStoreBuilder (DBStoreBuilder.java:addTable(110)) - using custom profile for table: openKeyTable
2019-10-04 15:32:42,088 [main] INFO  db.DBStoreBuilder (DBStoreBuilder.java:processTables(161)) - Using default column profile:DBProfile.DISK for Table:openKeyTable
2019-10-04 15:32:42,088 [main] INFO  db.DBStoreBuilder (DBStoreBuilder.java:addTable(110)) - using custom profile for table: s3Table
2019-10-04 15:32:42,088 [main] INFO  db.DBStoreBuilder (DBStoreBuilder.java:processTables(161)) - Using default column profile:DBProfile.DISK for Table:s3Table
2019-10-04 15:32:42,089 [main] INFO  db.DBStoreBuilder (DBStoreBuilder.java:addTable(110)) - using custom profile for table: multipartInfoTable
2019-10-04 15:32:42,089 [main] INFO  db.DBStoreBuilder (DBStoreBuilder.java:processTables(161)) - Using default column profile:DBProfile.DISK for Table:multipartInfoTable
2019-10-04 15:32:42,089 [main] INFO  db.DBStoreBuilder (DBStoreBuilder.java:addTable(110)) - using custom profile for table: dTokenTable
2019-10-04 15:32:42,089 [main] INFO  db.DBStoreBuilder (DBStoreBuilder.java:processTables(161)) - Using default column profile:DBProfile.DISK for Table:dTokenTable
2019-10-04 15:32:42,090 [main] INFO  db.DBStoreBuilder (DBStoreBuilder.java:addTable(110)) - using custom profile for table: s3SecretTable
2019-10-04 15:32:42,090 [main] INFO  db.DBStoreBuilder (DBStoreBuilder.java:processTables(161)) - Using default column profile:DBProfile.DISK for Table:s3SecretTable
2019-10-04 15:32:42,090 [main] INFO  db.DBStoreBuilder (DBStoreBuilder.java:addTable(110)) - using custom profile for table: prefixTable
2019-10-04 15:32:42,091 [main] INFO  db.DBStoreBuilder (DBStoreBuilder.java:processTables(161)) - Using default column profile:DBProfile.DISK for Table:prefixTable
2019-10-04 15:32:42,091 [main] INFO  db.DBStoreBuilder (DBStoreBuilder.java:addTable(110)) - using custom profile for table: default
2019-10-04 15:32:42,091 [main] INFO  db.DBStoreBuilder (DBStoreBuilder.java:processTables(167)) - Using default column profile:DBProfile.DISK for Table:default
2019-10-04 15:32:42,091 [main] INFO  db.DBStoreBuilder (DBStoreBuilder.java:getDbProfile(198)) - Using default options. DBProfile.DISK
2019-10-04 15:32:42,709 [main] INFO  ipc.CallQueueManager (CallQueueManager.java:<init>(84)) - Using callQueue: class java.util.concurrent.LinkedBlockingQueue, queueCapacity: 2000, scheduler: class org.apache.hadoop.ipc.DefaultRpcScheduler, ipcBackoff: false.
2019-10-04 15:32:42,709 [Socket Reader #1 for port 37926] INFO  ipc.Server (Server.java:run(1074)) - Starting Socket Reader #1 for port 37926
2019-10-04 15:32:42,722 [main] INFO  om.OzoneManager (OzoneManager.java:start(1069)) - OzoneManager RPC server is listening at localhost/127.0.0.1:37926
2019-10-04 15:32:42,723 [main] INFO  impl.MetricsSystemImpl (MetricsSystemImpl.java:init(158)) - OzoneManager metrics system started (again)
2019-10-04 15:32:42,724 [IPC Server Responder] INFO  ipc.Server (Server.java:run(1314)) - IPC Server Responder: starting
2019-10-04 15:32:42,725 [IPC Server listener on 37926] INFO  ipc.Server (Server.java:run(1153)) - IPC Server listener on 37926: starting
2019-10-04 15:32:42,730 [main] INFO  hdfs.DFSUtil (DFSUtil.java:httpServerTemplateForNNAndJN(1641)) - Starting Web-server for ozoneManager at: http://0.0.0.0:0
2019-10-04 15:32:42,732 [main] INFO  server.AuthenticationFilter (AuthenticationFilter.java:constructSecretProvider(240)) - Unable to initialize FileSignerSecretProvider, falling back to use random secrets.
2019-10-04 15:32:42,733 [main] WARN  http.HttpRequestLog (HttpRequestLog.java:getRequestLog(97)) - Jetty request log can only be enabled using Log4j
2019-10-04 15:32:42,735 [main] INFO  http.HttpServer2 (HttpServer2.java:addGlobalFilter(975)) - Added global filter 'safety' (class=org.apache.hadoop.http.HttpServer2$QuotingInputFilter)
2019-10-04 15:32:42,736 [main] INFO  http.HttpServer2 (HttpServer2.java:addFilter(948)) - Added filter static_user_filter (class=org.apache.hadoop.http.lib.StaticUserWebFilter$StaticUserFilter) to context ozoneManager
2019-10-04 15:32:42,736 [main] INFO  http.HttpServer2 (HttpServer2.java:addFilter(958)) - Added filter static_user_filter (class=org.apache.hadoop.http.lib.StaticUserWebFilter$StaticUserFilter) to context static
2019-10-04 15:32:42,737 [main] INFO  http.HttpServer2 (HttpServer2.java:addFilter(958)) - Added filter static_user_filter (class=org.apache.hadoop.http.lib.StaticUserWebFilter$StaticUserFilter) to context logs
2019-10-04 15:32:42,738 [main] INFO  http.HttpServer2 (HttpServer2.java:bindListener(1191)) - Jetty bound to port 41916
2019-10-04 15:32:42,738 [main] INFO  server.Server (Server.java:doStart(351)) - jetty-9.3.25.v20180904, build timestamp: 2018-09-04T21:11:46Z, git hash: 3ce520221d0240229c862b122d2b06c12a625732
2019-10-04 15:32:42,740 [main] INFO  handler.ContextHandler (ContextHandler.java:doStart(781)) - Started o.e.j.s.ServletContextHandler@2a7d9b41{/logs,file:///workdir/hadoop-ozone/integration-test/target/log,AVAILABLE}
2019-10-04 15:32:42,741 [main] INFO  handler.ContextHandler (ContextHandler.java:doStart(781)) - Started o.e.j.s.ServletContextHandler@5d1b1c2a{/static,file:///workdir/hadoop-ozone/integration-test/target/test-classes/webapps/static,AVAILABLE}
2019-10-04 15:32:42,746 [main] INFO  handler.ContextHandler (ContextHandler.java:doStart(781)) - Started o.e.j.w.WebAppContext@47272cd3{/,file:///workdir/hadoop-ozone/integration-test/target/test-classes/webapps/ozoneManager/,AVAILABLE}{/ozoneManager}
2019-10-04 15:32:42,746 [main] INFO  server.AbstractConnector (AbstractConnector.java:doStart(278)) - Started ServerConnector@73fbdf68{HTTP/1.1,[http/1.1]}{0.0.0.0:41916}
2019-10-04 15:32:42,748 [main] INFO  server.Server (Server.java:doStart(419)) - Started @104865ms
2019-10-04 15:32:42,748 [main] WARN  impl.MetricsSystemImpl (MetricsSystemImpl.java:register(276)) - Sink prometheus already exists!
2019-10-04 15:32:42,749 [main] INFO  server.BaseHttpServer (BaseHttpServer.java:updateConnectorAddress(215)) - HTTP server of OZONEMANAGER is listening at http://0.0.0.0:41916
2019-10-04 15:32:42,773 [main] INFO  impl.MetricsSystemImpl (MetricsSystemImpl.java:init(158)) - HddsDatanode metrics system started (again)
2019-10-04 15:32:42,776 [main] INFO  ozone.HddsDatanodeService (HddsDatanodeService.java:start(184)) - HddsDatanodeService host:pr-hdds-2237-hhfs2-232792562 ip:192.168.164.204
2019-10-04 15:32:42,783 [main] INFO  volume.HddsVolume (HddsVolume.java:<init>(176)) - Creating Volume: /workdir/hadoop-ozone/integration-test/target/test-dir/MiniOzoneClusterImpl-fd766fb6-1411-4689-98c5-9c021f2b9f54/datanode-0/data/containers/hdds of  storage type : DISK and capacity : 1482555576320
2019-10-04 15:32:42,784 [main] INFO  volume.VolumeSet (VolumeSet.java:initializeVolumeSet(170)) - Added Volume : /workdir/hadoop-ozone/integration-test/target/test-dir/MiniOzoneClusterImpl-fd766fb6-1411-4689-98c5-9c021f2b9f54/datanode-0/data/containers/hdds to VolumeSet
2019-10-04 15:32:42,784 [main] INFO  volume.ThrottledAsyncChecker (ThrottledAsyncChecker.java:schedule(139)) - Scheduling a check for org.apache.hadoop.ozone.container.common.volume.HddsVolume@32d418a9
2019-10-04 15:32:42,786 [main] INFO  volume.HddsVolumeChecker (HddsVolumeChecker.java:checkAllVolumes(202)) - Scheduled health check for volume org.apache.hadoop.ozone.container.common.volume.HddsVolume@32d418a9
2019-10-04 15:32:42,803 [main] INFO  impl.RaftServerProxy (ConfUtils.java:logGet(43)) - raft.rpc.type = GRPC (default)
2019-10-04 15:32:42,804 [main] INFO  grpc.GrpcFactory (GrpcFactory.java:checkPooledByteBufAllocatorUseCacheForAllThreads(45)) - PERFORMANCE WARNING: useCacheForAllThreads is true that may cause Netty to create a lot garbage objects and, as a result, trigger GC.
	It is recommended to disable useCacheForAllThreads by setting -Dorg.apache.ratis.thirdparty.io.netty.allocator.useCacheForAllThreads=false in command line.
2019-10-04 15:32:42,804 [main] INFO  grpc.GrpcConfigKeys$Server (ConfUtils.java:logGet(43)) - raft.grpc.server.port = 0 (default)
2019-10-04 15:32:42,804 [main] INFO  server.GrpcService (ConfUtils.java:logGet(43)) - raft.grpc.message.size.max = 33570816 (custom)
2019-10-04 15:32:42,804 [main] INFO  server.RaftServerConfigKeys (ConfUtils.java:logGet(43)) - raft.server.log.appender.buffer.byte-limit = 33554432 (custom)
2019-10-04 15:32:42,805 [main] INFO  server.GrpcService (ConfUtils.java:logGet(43)) - raft.grpc.flow.control.window = 1MB (=1048576) (default)
2019-10-04 15:32:42,805 [main] INFO  server.RaftServerConfigKeys (ConfUtils.java:logGet(43)) - raft.server.rpc.request.timeout = 3000ms (default)
2019-10-04 15:32:42,806 [main] INFO  server.RaftServerConfigKeys (ConfUtils.java:logGet(43)) - raft.server.storage.dir = [/workdir/hadoop-ozone/integration-test/target/test-dir/MiniOzoneClusterImpl-fd766fb6-1411-4689-98c5-9c021f2b9f54/datanode-0/data/ratis] (custom)
2019-10-04 15:32:42,807 [main] INFO  hdfs.DFSUtil (DFSUtil.java:httpServerTemplateForNNAndJN(1641)) - Starting Web-server for hddsDatanode at: http://0.0.0.0:0
2019-10-04 15:32:42,812 [main] INFO  server.AuthenticationFilter (AuthenticationFilter.java:constructSecretProvider(240)) - Unable to initialize FileSignerSecretProvider, falling back to use random secrets.
2019-10-04 15:32:42,812 [main] WARN  http.HttpRequestLog (HttpRequestLog.java:getRequestLog(97)) - Jetty request log can only be enabled using Log4j
2019-10-04 15:32:42,814 [main] INFO  http.HttpServer2 (HttpServer2.java:addGlobalFilter(975)) - Added global filter 'safety' (class=org.apache.hadoop.http.HttpServer2$QuotingInputFilter)
2019-10-04 15:32:42,814 [main] INFO  http.HttpServer2 (HttpServer2.java:addFilter(948)) - Added filter static_user_filter (class=org.apache.hadoop.http.lib.StaticUserWebFilter$StaticUserFilter) to context hddsDatanode
2019-10-04 15:32:42,814 [main] INFO  http.HttpServer2 (HttpServer2.java:addFilter(958)) - Added filter static_user_filter (class=org.apache.hadoop.http.lib.StaticUserWebFilter$StaticUserFilter) to context logs
2019-10-04 15:32:42,814 [main] INFO  http.HttpServer2 (HttpServer2.java:addFilter(958)) - Added filter static_user_filter (class=org.apache.hadoop.http.lib.StaticUserWebFilter$StaticUserFilter) to context static
2019-10-04 15:32:42,815 [main] INFO  http.HttpServer2 (HttpServer2.java:bindListener(1191)) - Jetty bound to port 37298
2019-10-04 15:32:42,815 [main] INFO  server.Server (Server.java:doStart(351)) - jetty-9.3.25.v20180904, build timestamp: 2018-09-04T21:11:46Z, git hash: 3ce520221d0240229c862b122d2b06c12a625732
2019-10-04 15:32:42,817 [main] INFO  handler.ContextHandler (ContextHandler.java:doStart(781)) - Started o.e.j.s.ServletContextHandler@7af443a3{/logs,file:///workdir/hadoop-ozone/integration-test/target/log,AVAILABLE}
2019-10-04 15:32:42,818 [main] INFO  handler.ContextHandler (ContextHandler.java:doStart(781)) - Started o.e.j.s.ServletContextHandler@2001e48c{/static,jar:file:/home/user/.m2/repository/org/apache/hadoop/hadoop-hdds-container-service/0.5.0-SNAPSHOT/hadoop-hdds-container-service-0.5.0-SNAPSHOT.jar!/webapps/static,AVAILABLE}
2019-10-04 15:32:42,850 [main] INFO  handler.ContextHandler (ContextHandler.java:doStart(781)) - Started o.e.j.w.WebAppContext@51e3d37e{/,file:///tmp/jetty-0.0.0.0-37298-hddsDatanode-_-any-3826333407050229633.dir/webapp/,AVAILABLE}{/hddsDatanode}
2019-10-04 15:32:42,850 [main] INFO  server.AbstractConnector (AbstractConnector.java:doStart(278)) - Started ServerConnector@3a479fda{HTTP/1.1,[http/1.1]}{0.0.0.0:37298}
2019-10-04 15:32:42,853 [main] INFO  server.Server (Server.java:doStart(419)) - Started @104971ms
2019-10-04 15:32:42,853 [main] WARN  impl.MetricsSystemImpl (MetricsSystemImpl.java:register(276)) - Sink prometheus already exists!
2019-10-04 15:32:42,854 [main] INFO  server.BaseHttpServer (BaseHttpServer.java:updateConnectorAddress(215)) - HTTP server of HDDSDATANODE is listening at http://0.0.0.0:37298
2019-10-04 15:32:42,854 [main] INFO  impl.MetricsSystemImpl (MetricsSystemImpl.java:init(158)) - HddsDatanode metrics system started (again)
2019-10-04 15:32:42,857 [org.apache.hadoop.util.JvmPauseMonitor$Monitor@14257280] INFO  util.JvmPauseMonitor (JvmPauseMonitor.java:run(188)) - Starting JVM pause monitor
2019-10-04 15:32:42,857 [main] INFO  ozone.HddsDatanodeService (HddsDatanodeService.java:start(184)) - HddsDatanodeService host:pr-hdds-2237-hhfs2-232792562 ip:192.168.164.204
2019-10-04 15:32:42,861 [Datanode State Machine Thread - 0] INFO  datanode.InitDatanodeState (InitDatanodeState.java:persistContainerDatanodeDetails(140)) - DatanodeDetails is persisted to /workdir/hadoop-ozone/integration-test/target/test-dir/MiniOzoneClusterImpl-fd766fb6-1411-4689-98c5-9c021f2b9f54/datanode-0/meta/datanode.id
2019-10-04 15:32:42,863 [main] INFO  volume.HddsVolume (HddsVolume.java:<init>(176)) - Creating Volume: /workdir/hadoop-ozone/integration-test/target/test-dir/MiniOzoneClusterImpl-fd766fb6-1411-4689-98c5-9c021f2b9f54/datanode-1/data/containers/hdds of  storage type : DISK and capacity : 1482555576320
2019-10-04 15:32:42,864 [main] INFO  volume.VolumeSet (VolumeSet.java:initializeVolumeSet(170)) - Added Volume : /workdir/hadoop-ozone/integration-test/target/test-dir/MiniOzoneClusterImpl-fd766fb6-1411-4689-98c5-9c021f2b9f54/datanode-1/data/containers/hdds to VolumeSet
2019-10-04 15:32:42,864 [main] INFO  volume.ThrottledAsyncChecker (ThrottledAsyncChecker.java:schedule(139)) - Scheduling a check for org.apache.hadoop.ozone.container.common.volume.HddsVolume@19c1820d
2019-10-04 15:32:42,864 [main] INFO  volume.HddsVolumeChecker (HddsVolumeChecker.java:checkAllVolumes(202)) - Scheduled health check for volume org.apache.hadoop.ozone.container.common.volume.HddsVolume@19c1820d
2019-10-04 15:32:42,885 [main] INFO  impl.RaftServerProxy (ConfUtils.java:logGet(43)) - raft.rpc.type = GRPC (default)
2019-10-04 15:32:42,885 [main] INFO  grpc.GrpcFactory (GrpcFactory.java:checkPooledByteBufAllocatorUseCacheForAllThreads(45)) - PERFORMANCE WARNING: useCacheForAllThreads is true that may cause Netty to create a lot garbage objects and, as a result, trigger GC.
	It is recommended to disable useCacheForAllThreads by setting -Dorg.apache.ratis.thirdparty.io.netty.allocator.useCacheForAllThreads=false in command line.
2019-10-04 15:32:42,885 [main] INFO  grpc.GrpcConfigKeys$Server (ConfUtils.java:logGet(43)) - raft.grpc.server.port = 0 (default)
2019-10-04 15:32:42,885 [main] INFO  server.GrpcService (ConfUtils.java:logGet(43)) - raft.grpc.message.size.max = 33570816 (custom)
2019-10-04 15:32:42,886 [main] INFO  server.RaftServerConfigKeys (ConfUtils.java:logGet(43)) - raft.server.log.appender.buffer.byte-limit = 33554432 (custom)
2019-10-04 15:32:42,886 [main] INFO  server.GrpcService (ConfUtils.java:logGet(43)) - raft.grpc.flow.control.window = 1MB (=1048576) (default)
2019-10-04 15:32:42,886 [main] INFO  server.RaftServerConfigKeys (ConfUtils.java:logGet(43)) - raft.server.rpc.request.timeout = 3000ms (default)
2019-10-04 15:32:42,887 [main] INFO  server.RaftServerConfigKeys (ConfUtils.java:logGet(43)) - raft.server.storage.dir = [/workdir/hadoop-ozone/integration-test/target/test-dir/MiniOzoneClusterImpl-fd766fb6-1411-4689-98c5-9c021f2b9f54/datanode-1/data/ratis] (custom)
2019-10-04 15:32:42,890 [main] INFO  hdfs.DFSUtil (DFSUtil.java:httpServerTemplateForNNAndJN(1641)) - Starting Web-server for hddsDatanode at: http://0.0.0.0:0
2019-10-04 15:32:42,891 [main] INFO  server.AuthenticationFilter (AuthenticationFilter.java:constructSecretProvider(240)) - Unable to initialize FileSignerSecretProvider, falling back to use random secrets.
2019-10-04 15:32:42,892 [main] WARN  http.HttpRequestLog (HttpRequestLog.java:getRequestLog(97)) - Jetty request log can only be enabled using Log4j
2019-10-04 15:32:42,893 [main] INFO  http.HttpServer2 (HttpServer2.java:addGlobalFilter(975)) - Added global filter 'safety' (class=org.apache.hadoop.http.HttpServer2$QuotingInputFilter)
2019-10-04 15:32:42,894 [main] INFO  http.HttpServer2 (HttpServer2.java:addFilter(948)) - Added filter static_user_filter (class=org.apache.hadoop.http.lib.StaticUserWebFilter$StaticUserFilter) to context hddsDatanode
2019-10-04 15:32:42,894 [main] INFO  http.HttpServer2 (HttpServer2.java:addFilter(958)) - Added filter static_user_filter (class=org.apache.hadoop.http.lib.StaticUserWebFilter$StaticUserFilter) to context logs
2019-10-04 15:32:42,894 [main] INFO  http.HttpServer2 (HttpServer2.java:addFilter(958)) - Added filter static_user_filter (class=org.apache.hadoop.http.lib.StaticUserWebFilter$StaticUserFilter) to context static
2019-10-04 15:32:42,895 [main] INFO  http.HttpServer2 (HttpServer2.java:bindListener(1191)) - Jetty bound to port 43121
2019-10-04 15:32:42,895 [main] INFO  server.Server (Server.java:doStart(351)) - jetty-9.3.25.v20180904, build timestamp: 2018-09-04T21:11:46Z, git hash: 3ce520221d0240229c862b122d2b06c12a625732
2019-10-04 15:32:42,897 [main] INFO  handler.ContextHandler (ContextHandler.java:doStart(781)) - Started o.e.j.s.ServletContextHandler@6ac4c3f7{/logs,file:///workdir/hadoop-ozone/integration-test/target/log,AVAILABLE}
2019-10-04 15:32:42,897 [main] INFO  handler.ContextHandler (ContextHandler.java:doStart(781)) - Started o.e.j.s.ServletContextHandler@1e3ff233{/static,jar:file:/home/user/.m2/repository/org/apache/hadoop/hadoop-hdds-container-service/0.5.0-SNAPSHOT/hadoop-hdds-container-service-0.5.0-SNAPSHOT.jar!/webapps/static,AVAILABLE}
2019-10-04 15:32:42,942 [main] INFO  handler.ContextHandler (ContextHandler.java:doStart(781)) - Started o.e.j.w.WebAppContext@34414ffc{/,file:///tmp/jetty-0.0.0.0-43121-hddsDatanode-_-any-8262063390504261654.dir/webapp/,AVAILABLE}{/hddsDatanode}
2019-10-04 15:32:42,943 [main] INFO  server.AbstractConnector (AbstractConnector.java:doStart(278)) - Started ServerConnector@1903b5d{HTTP/1.1,[http/1.1]}{0.0.0.0:43121}
2019-10-04 15:32:42,944 [main] INFO  server.Server (Server.java:doStart(419)) - Started @105062ms
2019-10-04 15:32:42,944 [main] WARN  impl.MetricsSystemImpl (MetricsSystemImpl.java:register(276)) - Sink prometheus already exists!
2019-10-04 15:32:42,945 [main] INFO  server.BaseHttpServer (BaseHttpServer.java:updateConnectorAddress(215)) - HTTP server of HDDSDATANODE is listening at http://0.0.0.0:43121
2019-10-04 15:32:42,945 [main] INFO  impl.MetricsSystemImpl (MetricsSystemImpl.java:init(158)) - HddsDatanode metrics system started (again)
2019-10-04 15:32:42,949 [main] INFO  ozone.HddsDatanodeService (HddsDatanodeService.java:start(184)) - HddsDatanodeService host:pr-hdds-2237-hhfs2-232792562 ip:192.168.164.204
2019-10-04 15:32:42,949 [org.apache.hadoop.util.JvmPauseMonitor$Monitor@191e94b1] INFO  util.JvmPauseMonitor (JvmPauseMonitor.java:run(188)) - Starting JVM pause monitor
2019-10-04 15:32:42,953 [Datanode State Machine Thread - 0] INFO  datanode.InitDatanodeState (InitDatanodeState.java:persistContainerDatanodeDetails(140)) - DatanodeDetails is persisted to /workdir/hadoop-ozone/integration-test/target/test-dir/MiniOzoneClusterImpl-fd766fb6-1411-4689-98c5-9c021f2b9f54/datanode-1/meta/datanode.id
2019-10-04 15:32:42,956 [main] INFO  volume.HddsVolume (HddsVolume.java:<init>(176)) - Creating Volume: /workdir/hadoop-ozone/integration-test/target/test-dir/MiniOzoneClusterImpl-fd766fb6-1411-4689-98c5-9c021f2b9f54/datanode-2/data/containers/hdds of  storage type : DISK and capacity : 1482555576320
2019-10-04 15:32:42,956 [main] INFO  volume.VolumeSet (VolumeSet.java:initializeVolumeSet(170)) - Added Volume : /workdir/hadoop-ozone/integration-test/target/test-dir/MiniOzoneClusterImpl-fd766fb6-1411-4689-98c5-9c021f2b9f54/datanode-2/data/containers/hdds to VolumeSet
2019-10-04 15:32:42,957 [main] INFO  volume.ThrottledAsyncChecker (ThrottledAsyncChecker.java:schedule(139)) - Scheduling a check for org.apache.hadoop.ozone.container.common.volume.HddsVolume@1fd7a37
2019-10-04 15:32:42,957 [main] INFO  volume.HddsVolumeChecker (HddsVolumeChecker.java:checkAllVolumes(202)) - Scheduled health check for volume org.apache.hadoop.ozone.container.common.volume.HddsVolume@1fd7a37
2019-10-04 15:32:42,974 [main] INFO  impl.RaftServerProxy (ConfUtils.java:logGet(43)) - raft.rpc.type = GRPC (default)
2019-10-04 15:32:42,974 [main] INFO  grpc.GrpcFactory (GrpcFactory.java:checkPooledByteBufAllocatorUseCacheForAllThreads(45)) - PERFORMANCE WARNING: useCacheForAllThreads is true that may cause Netty to create a lot garbage objects and, as a result, trigger GC.
	It is recommended to disable useCacheForAllThreads by setting -Dorg.apache.ratis.thirdparty.io.netty.allocator.useCacheForAllThreads=false in command line.
2019-10-04 15:32:42,974 [main] INFO  grpc.GrpcConfigKeys$Server (ConfUtils.java:logGet(43)) - raft.grpc.server.port = 0 (default)
2019-10-04 15:32:42,975 [main] INFO  server.GrpcService (ConfUtils.java:logGet(43)) - raft.grpc.message.size.max = 33570816 (custom)
2019-10-04 15:32:42,975 [main] INFO  server.RaftServerConfigKeys (ConfUtils.java:logGet(43)) - raft.server.log.appender.buffer.byte-limit = 33554432 (custom)
2019-10-04 15:32:42,975 [main] INFO  server.GrpcService (ConfUtils.java:logGet(43)) - raft.grpc.flow.control.window = 1MB (=1048576) (default)
2019-10-04 15:32:42,975 [main] INFO  server.RaftServerConfigKeys (ConfUtils.java:logGet(43)) - raft.server.rpc.request.timeout = 3000ms (default)
2019-10-04 15:32:42,976 [main] INFO  server.RaftServerConfigKeys (ConfUtils.java:logGet(43)) - raft.server.storage.dir = [/workdir/hadoop-ozone/integration-test/target/test-dir/MiniOzoneClusterImpl-fd766fb6-1411-4689-98c5-9c021f2b9f54/datanode-2/data/ratis] (custom)
2019-10-04 15:32:42,977 [main] INFO  hdfs.DFSUtil (DFSUtil.java:httpServerTemplateForNNAndJN(1641)) - Starting Web-server for hddsDatanode at: http://0.0.0.0:0
2019-10-04 15:32:42,978 [main] INFO  server.AuthenticationFilter (AuthenticationFilter.java:constructSecretProvider(240)) - Unable to initialize FileSignerSecretProvider, falling back to use random secrets.
2019-10-04 15:32:42,979 [main] WARN  http.HttpRequestLog (HttpRequestLog.java:getRequestLog(97)) - Jetty request log can only be enabled using Log4j
2019-10-04 15:32:42,980 [main] INFO  http.HttpServer2 (HttpServer2.java:addGlobalFilter(975)) - Added global filter 'safety' (class=org.apache.hadoop.http.HttpServer2$QuotingInputFilter)
2019-10-04 15:32:42,981 [main] INFO  http.HttpServer2 (HttpServer2.java:addFilter(948)) - Added filter static_user_filter (class=org.apache.hadoop.http.lib.StaticUserWebFilter$StaticUserFilter) to context hddsDatanode
2019-10-04 15:32:42,981 [main] INFO  http.HttpServer2 (HttpServer2.java:addFilter(958)) - Added filter static_user_filter (class=org.apache.hadoop.http.lib.StaticUserWebFilter$StaticUserFilter) to context static
2019-10-04 15:32:42,981 [main] INFO  http.HttpServer2 (HttpServer2.java:addFilter(958)) - Added filter static_user_filter (class=org.apache.hadoop.http.lib.StaticUserWebFilter$StaticUserFilter) to context logs
2019-10-04 15:32:42,982 [main] INFO  http.HttpServer2 (HttpServer2.java:bindListener(1191)) - Jetty bound to port 34883
2019-10-04 15:32:42,982 [main] INFO  server.Server (Server.java:doStart(351)) - jetty-9.3.25.v20180904, build timestamp: 2018-09-04T21:11:46Z, git hash: 3ce520221d0240229c862b122d2b06c12a625732
2019-10-04 15:32:42,984 [main] INFO  handler.ContextHandler (ContextHandler.java:doStart(781)) - Started o.e.j.s.ServletContextHandler@7f6329cb{/logs,file:///workdir/hadoop-ozone/integration-test/target/log,AVAILABLE}
2019-10-04 15:32:42,984 [main] INFO  handler.ContextHandler (ContextHandler.java:doStart(781)) - Started o.e.j.s.ServletContextHandler@77f4c040{/static,jar:file:/home/user/.m2/repository/org/apache/hadoop/hadoop-hdds-container-service/0.5.0-SNAPSHOT/hadoop-hdds-container-service-0.5.0-SNAPSHOT.jar!/webapps/static,AVAILABLE}
2019-10-04 15:32:43,016 [main] INFO  handler.ContextHandler (ContextHandler.java:doStart(781)) - Started o.e.j.w.WebAppContext@6fa2448b{/,file:///tmp/jetty-0.0.0.0-34883-hddsDatanode-_-any-9191028779892919578.dir/webapp/,AVAILABLE}{/hddsDatanode}
2019-10-04 15:32:43,017 [main] INFO  server.AbstractConnector (AbstractConnector.java:doStart(278)) - Started ServerConnector@61bb1e4d{HTTP/1.1,[http/1.1]}{0.0.0.0:34883}
2019-10-04 15:32:43,018 [main] INFO  server.Server (Server.java:doStart(419)) - Started @105136ms
2019-10-04 15:32:43,018 [main] WARN  impl.MetricsSystemImpl (MetricsSystemImpl.java:register(276)) - Sink prometheus already exists!
2019-10-04 15:32:43,019 [main] INFO  server.BaseHttpServer (BaseHttpServer.java:updateConnectorAddress(215)) - HTTP server of HDDSDATANODE is listening at http://0.0.0.0:34883
2019-10-04 15:32:43,019 [main] INFO  impl.MetricsSystemImpl (MetricsSystemImpl.java:init(158)) - HddsDatanode metrics system started (again)
2019-10-04 15:32:43,022 [main] INFO  ozone.HddsDatanodeService (HddsDatanodeService.java:start(184)) - HddsDatanodeService host:pr-hdds-2237-hhfs2-232792562 ip:192.168.164.204
2019-10-04 15:32:43,022 [org.apache.hadoop.util.JvmPauseMonitor$Monitor@5e2cf23b] INFO  util.JvmPauseMonitor (JvmPauseMonitor.java:run(188)) - Starting JVM pause monitor
2019-10-04 15:32:43,024 [Datanode State Machine Thread - 0] INFO  datanode.InitDatanodeState (InitDatanodeState.java:persistContainerDatanodeDetails(140)) - DatanodeDetails is persisted to /workdir/hadoop-ozone/integration-test/target/test-dir/MiniOzoneClusterImpl-fd766fb6-1411-4689-98c5-9c021f2b9f54/datanode-2/meta/datanode.id
2019-10-04 15:32:43,029 [main] INFO  volume.HddsVolume (HddsVolume.java:<init>(176)) - Creating Volume: /workdir/hadoop-ozone/integration-test/target/test-dir/MiniOzoneClusterImpl-fd766fb6-1411-4689-98c5-9c021f2b9f54/datanode-3/data/containers/hdds of  storage type : DISK and capacity : 1482555576320
2019-10-04 15:32:43,029 [main] INFO  volume.VolumeSet (VolumeSet.java:initializeVolumeSet(170)) - Added Volume : /workdir/hadoop-ozone/integration-test/target/test-dir/MiniOzoneClusterImpl-fd766fb6-1411-4689-98c5-9c021f2b9f54/datanode-3/data/containers/hdds to VolumeSet
2019-10-04 15:32:43,029 [main] INFO  volume.ThrottledAsyncChecker (ThrottledAsyncChecker.java:schedule(139)) - Scheduling a check for org.apache.hadoop.ozone.container.common.volume.HddsVolume@545b5ed0
2019-10-04 15:32:43,029 [main] INFO  volume.HddsVolumeChecker (HddsVolumeChecker.java:checkAllVolumes(202)) - Scheduled health check for volume org.apache.hadoop.ozone.container.common.volume.HddsVolume@545b5ed0
2019-10-04 15:32:43,042 [main] INFO  impl.RaftServerProxy (ConfUtils.java:logGet(43)) - raft.rpc.type = GRPC (default)
2019-10-04 15:32:43,042 [main] INFO  grpc.GrpcFactory (GrpcFactory.java:checkPooledByteBufAllocatorUseCacheForAllThreads(45)) - PERFORMANCE WARNING: useCacheForAllThreads is true that may cause Netty to create a lot garbage objects and, as a result, trigger GC.
	It is recommended to disable useCacheForAllThreads by setting -Dorg.apache.ratis.thirdparty.io.netty.allocator.useCacheForAllThreads=false in command line.
2019-10-04 15:32:43,043 [main] INFO  grpc.GrpcConfigKeys$Server (ConfUtils.java:logGet(43)) - raft.grpc.server.port = 0 (default)
2019-10-04 15:32:43,043 [main] INFO  server.GrpcService (ConfUtils.java:logGet(43)) - raft.grpc.message.size.max = 33570816 (custom)
2019-10-04 15:32:43,043 [main] INFO  server.RaftServerConfigKeys (ConfUtils.java:logGet(43)) - raft.server.log.appender.buffer.byte-limit = 33554432 (custom)
2019-10-04 15:32:43,043 [main] INFO  server.GrpcService (ConfUtils.java:logGet(43)) - raft.grpc.flow.control.window = 1MB (=1048576) (default)
2019-10-04 15:32:43,043 [main] INFO  server.RaftServerConfigKeys (ConfUtils.java:logGet(43)) - raft.server.rpc.request.timeout = 3000ms (default)
2019-10-04 15:32:43,044 [main] INFO  server.RaftServerConfigKeys (ConfUtils.java:logGet(43)) - raft.server.storage.dir = [/workdir/hadoop-ozone/integration-test/target/test-dir/MiniOzoneClusterImpl-fd766fb6-1411-4689-98c5-9c021f2b9f54/datanode-3/data/ratis] (custom)
2019-10-04 15:32:43,045 [main] INFO  hdfs.DFSUtil (DFSUtil.java:httpServerTemplateForNNAndJN(1641)) - Starting Web-server for hddsDatanode at: http://0.0.0.0:0
2019-10-04 15:32:43,046 [main] INFO  server.AuthenticationFilter (AuthenticationFilter.java:constructSecretProvider(240)) - Unable to initialize FileSignerSecretProvider, falling back to use random secrets.
2019-10-04 15:32:43,046 [main] WARN  http.HttpRequestLog (HttpRequestLog.java:getRequestLog(97)) - Jetty request log can only be enabled using Log4j
2019-10-04 15:32:43,047 [main] INFO  http.HttpServer2 (HttpServer2.java:addGlobalFilter(975)) - Added global filter 'safety' (class=org.apache.hadoop.http.HttpServer2$QuotingInputFilter)
2019-10-04 15:32:43,047 [main] INFO  http.HttpServer2 (HttpServer2.java:addFilter(948)) - Added filter static_user_filter (class=org.apache.hadoop.http.lib.StaticUserWebFilter$StaticUserFilter) to context hddsDatanode
2019-10-04 15:32:43,048 [main] INFO  http.HttpServer2 (HttpServer2.java:addFilter(958)) - Added filter static_user_filter (class=org.apache.hadoop.http.lib.StaticUserWebFilter$StaticUserFilter) to context logs
2019-10-04 15:32:43,048 [main] INFO  http.HttpServer2 (HttpServer2.java:addFilter(958)) - Added filter static_user_filter (class=org.apache.hadoop.http.lib.StaticUserWebFilter$StaticUserFilter) to context static
2019-10-04 15:32:43,048 [main] INFO  http.HttpServer2 (HttpServer2.java:bindListener(1191)) - Jetty bound to port 39660
2019-10-04 15:32:43,049 [main] INFO  server.Server (Server.java:doStart(351)) - jetty-9.3.25.v20180904, build timestamp: 2018-09-04T21:11:46Z, git hash: 3ce520221d0240229c862b122d2b06c12a625732
2019-10-04 15:32:43,050 [main] INFO  handler.ContextHandler (ContextHandler.java:doStart(781)) - Started o.e.j.s.ServletContextHandler@61ffd148{/logs,file:///workdir/hadoop-ozone/integration-test/target/log,AVAILABLE}
2019-10-04 15:32:43,051 [main] INFO  handler.ContextHandler (ContextHandler.java:doStart(781)) - Started o.e.j.s.ServletContextHandler@5d7d8613{/static,jar:file:/home/user/.m2/repository/org/apache/hadoop/hadoop-hdds-container-service/0.5.0-SNAPSHOT/hadoop-hdds-container-service-0.5.0-SNAPSHOT.jar!/webapps/static,AVAILABLE}
2019-10-04 15:32:43,078 [main] INFO  handler.ContextHandler (ContextHandler.java:doStart(781)) - Started o.e.j.w.WebAppContext@3c232051{/,file:///tmp/jetty-0.0.0.0-39660-hddsDatanode-_-any-4456356559141906980.dir/webapp/,AVAILABLE}{/hddsDatanode}
2019-10-04 15:32:43,079 [main] INFO  server.AbstractConnector (AbstractConnector.java:doStart(278)) - Started ServerConnector@15d0d6c9{HTTP/1.1,[http/1.1]}{0.0.0.0:39660}
2019-10-04 15:32:43,080 [main] INFO  server.Server (Server.java:doStart(419)) - Started @105198ms
2019-10-04 15:32:43,080 [main] WARN  impl.MetricsSystemImpl (MetricsSystemImpl.java:register(276)) - Sink prometheus already exists!
2019-10-04 15:32:43,081 [main] INFO  server.BaseHttpServer (BaseHttpServer.java:updateConnectorAddress(215)) - HTTP server of HDDSDATANODE is listening at http://0.0.0.0:39660
2019-10-04 15:32:43,081 [main] INFO  impl.MetricsSystemImpl (MetricsSystemImpl.java:init(158)) - HddsDatanode metrics system started (again)
2019-10-04 15:32:43,084 [main] INFO  ozone.HddsDatanodeService (HddsDatanodeService.java:start(184)) - HddsDatanodeService host:pr-hdds-2237-hhfs2-232792562 ip:192.168.164.204
2019-10-04 15:32:43,084 [org.apache.hadoop.util.JvmPauseMonitor$Monitor@16c93e08] INFO  util.JvmPauseMonitor (JvmPauseMonitor.java:run(188)) - Starting JVM pause monitor
2019-10-04 15:32:43,086 [Datanode State Machine Thread - 0] INFO  datanode.InitDatanodeState (InitDatanodeState.java:persistContainerDatanodeDetails(140)) - DatanodeDetails is persisted to /workdir/hadoop-ozone/integration-test/target/test-dir/MiniOzoneClusterImpl-fd766fb6-1411-4689-98c5-9c021f2b9f54/datanode-3/meta/datanode.id
2019-10-04 15:32:43,095 [main] INFO  volume.HddsVolume (HddsVolume.java:<init>(176)) - Creating Volume: /workdir/hadoop-ozone/integration-test/target/test-dir/MiniOzoneClusterImpl-fd766fb6-1411-4689-98c5-9c021f2b9f54/datanode-4/data/containers/hdds of  storage type : DISK and capacity : 1482555576320
2019-10-04 15:32:43,096 [main] INFO  volume.VolumeSet (VolumeSet.java:initializeVolumeSet(170)) - Added Volume : /workdir/hadoop-ozone/integration-test/target/test-dir/MiniOzoneClusterImpl-fd766fb6-1411-4689-98c5-9c021f2b9f54/datanode-4/data/containers/hdds to VolumeSet
2019-10-04 15:32:43,096 [main] INFO  volume.ThrottledAsyncChecker (ThrottledAsyncChecker.java:schedule(139)) - Scheduling a check for org.apache.hadoop.ozone.container.common.volume.HddsVolume@38f981b6
2019-10-04 15:32:43,096 [main] INFO  volume.HddsVolumeChecker (HddsVolumeChecker.java:checkAllVolumes(202)) - Scheduled health check for volume org.apache.hadoop.ozone.container.common.volume.HddsVolume@38f981b6
2019-10-04 15:32:43,116 [main] INFO  impl.RaftServerProxy (ConfUtils.java:logGet(43)) - raft.rpc.type = GRPC (default)
2019-10-04 15:32:43,116 [main] INFO  grpc.GrpcFactory (GrpcFactory.java:checkPooledByteBufAllocatorUseCacheForAllThreads(45)) - PERFORMANCE WARNING: useCacheForAllThreads is true that may cause Netty to create a lot garbage objects and, as a result, trigger GC.
	It is recommended to disable useCacheForAllThreads by setting -Dorg.apache.ratis.thirdparty.io.netty.allocator.useCacheForAllThreads=false in command line.
2019-10-04 15:32:43,117 [main] INFO  grpc.GrpcConfigKeys$Server (ConfUtils.java:logGet(43)) - raft.grpc.server.port = 0 (default)
2019-10-04 15:32:43,117 [main] INFO  server.GrpcService (ConfUtils.java:logGet(43)) - raft.grpc.message.size.max = 33570816 (custom)
2019-10-04 15:32:43,117 [main] INFO  server.RaftServerConfigKeys (ConfUtils.java:logGet(43)) - raft.server.log.appender.buffer.byte-limit = 33554432 (custom)
2019-10-04 15:32:43,118 [main] INFO  server.GrpcService (ConfUtils.java:logGet(43)) - raft.grpc.flow.control.window = 1MB (=1048576) (default)
2019-10-04 15:32:43,118 [main] INFO  server.RaftServerConfigKeys (ConfUtils.java:logGet(43)) - raft.server.rpc.request.timeout = 3000ms (default)
2019-10-04 15:32:43,118 [main] INFO  server.RaftServerConfigKeys (ConfUtils.java:logGet(43)) - raft.server.storage.dir = [/workdir/hadoop-ozone/integration-test/target/test-dir/MiniOzoneClusterImpl-fd766fb6-1411-4689-98c5-9c021f2b9f54/datanode-4/data/ratis] (custom)
2019-10-04 15:32:43,120 [main] INFO  hdfs.DFSUtil (DFSUtil.java:httpServerTemplateForNNAndJN(1641)) - Starting Web-server for hddsDatanode at: http://0.0.0.0:0
2019-10-04 15:32:43,122 [main] INFO  server.AuthenticationFilter (AuthenticationFilter.java:constructSecretProvider(240)) - Unable to initialize FileSignerSecretProvider, falling back to use random secrets.
2019-10-04 15:32:43,122 [main] WARN  http.HttpRequestLog (HttpRequestLog.java:getRequestLog(97)) - Jetty request log can only be enabled using Log4j
2019-10-04 15:32:43,124 [main] INFO  http.HttpServer2 (HttpServer2.java:addGlobalFilter(975)) - Added global filter 'safety' (class=org.apache.hadoop.http.HttpServer2$QuotingInputFilter)
2019-10-04 15:32:43,125 [main] INFO  http.HttpServer2 (HttpServer2.java:addFilter(948)) - Added filter static_user_filter (class=org.apache.hadoop.http.lib.StaticUserWebFilter$StaticUserFilter) to context hddsDatanode
2019-10-04 15:32:43,125 [main] INFO  http.HttpServer2 (HttpServer2.java:addFilter(958)) - Added filter static_user_filter (class=org.apache.hadoop.http.lib.StaticUserWebFilter$StaticUserFilter) to context static
2019-10-04 15:32:43,125 [main] INFO  http.HttpServer2 (HttpServer2.java:addFilter(958)) - Added filter static_user_filter (class=org.apache.hadoop.http.lib.StaticUserWebFilter$StaticUserFilter) to context logs
2019-10-04 15:32:43,126 [main] INFO  http.HttpServer2 (HttpServer2.java:bindListener(1191)) - Jetty bound to port 44453
2019-10-04 15:32:43,126 [main] INFO  server.Server (Server.java:doStart(351)) - jetty-9.3.25.v20180904, build timestamp: 2018-09-04T21:11:46Z, git hash: 3ce520221d0240229c862b122d2b06c12a625732
2019-10-04 15:32:43,128 [main] INFO  handler.ContextHandler (ContextHandler.java:doStart(781)) - Started o.e.j.s.ServletContextHandler@679dd234{/logs,file:///workdir/hadoop-ozone/integration-test/target/log,AVAILABLE}
2019-10-04 15:32:43,129 [main] INFO  handler.ContextHandler (ContextHandler.java:doStart(781)) - Started o.e.j.s.ServletContextHandler@1e5eb20a{/static,jar:file:/home/user/.m2/repository/org/apache/hadoop/hadoop-hdds-container-service/0.5.0-SNAPSHOT/hadoop-hdds-container-service-0.5.0-SNAPSHOT.jar!/webapps/static,AVAILABLE}
2019-10-04 15:32:43,157 [main] INFO  handler.ContextHandler (ContextHandler.java:doStart(781)) - Started o.e.j.w.WebAppContext@71e7adbb{/,file:///tmp/jetty-0.0.0.0-44453-hddsDatanode-_-any-2568590168392645039.dir/webapp/,AVAILABLE}{/hddsDatanode}
2019-10-04 15:32:43,157 [main] INFO  server.AbstractConnector (AbstractConnector.java:doStart(278)) - Started ServerConnector@32091c14{HTTP/1.1,[http/1.1]}{0.0.0.0:44453}
2019-10-04 15:32:43,159 [main] INFO  server.Server (Server.java:doStart(419)) - Started @105277ms
2019-10-04 15:32:43,159 [main] WARN  impl.MetricsSystemImpl (MetricsSystemImpl.java:register(276)) - Sink prometheus already exists!
2019-10-04 15:32:43,160 [main] INFO  server.BaseHttpServer (BaseHttpServer.java:updateConnectorAddress(215)) - HTTP server of HDDSDATANODE is listening at http://0.0.0.0:44453
2019-10-04 15:32:43,160 [main] INFO  impl.MetricsSystemImpl (MetricsSystemImpl.java:init(158)) - HddsDatanode metrics system started (again)
2019-10-04 15:32:43,165 [org.apache.hadoop.util.JvmPauseMonitor$Monitor@601543ba] INFO  util.JvmPauseMonitor (JvmPauseMonitor.java:run(188)) - Starting JVM pause monitor
2019-10-04 15:32:43,166 [main] INFO  ozone.HddsDatanodeService (HddsDatanodeService.java:start(184)) - HddsDatanodeService host:pr-hdds-2237-hhfs2-232792562 ip:192.168.164.204
2019-10-04 15:32:43,167 [Datanode State Machine Thread - 0] INFO  datanode.InitDatanodeState (InitDatanodeState.java:persistContainerDatanodeDetails(140)) - DatanodeDetails is persisted to /workdir/hadoop-ozone/integration-test/target/test-dir/MiniOzoneClusterImpl-fd766fb6-1411-4689-98c5-9c021f2b9f54/datanode-4/meta/datanode.id
2019-10-04 15:32:43,173 [main] INFO  volume.HddsVolume (HddsVolume.java:<init>(176)) - Creating Volume: /workdir/hadoop-ozone/integration-test/target/test-dir/MiniOzoneClusterImpl-fd766fb6-1411-4689-98c5-9c021f2b9f54/datanode-5/data/containers/hdds of  storage type : DISK and capacity : 1482555576320
2019-10-04 15:32:43,173 [main] INFO  volume.VolumeSet (VolumeSet.java:initializeVolumeSet(170)) - Added Volume : /workdir/hadoop-ozone/integration-test/target/test-dir/MiniOzoneClusterImpl-fd766fb6-1411-4689-98c5-9c021f2b9f54/datanode-5/data/containers/hdds to VolumeSet
2019-10-04 15:32:43,173 [main] INFO  volume.ThrottledAsyncChecker (ThrottledAsyncChecker.java:schedule(139)) - Scheduling a check for org.apache.hadoop.ozone.container.common.volume.HddsVolume@4e3f2908
2019-10-04 15:32:43,175 [main] INFO  volume.HddsVolumeChecker (HddsVolumeChecker.java:checkAllVolumes(202)) - Scheduled health check for volume org.apache.hadoop.ozone.container.common.volume.HddsVolume@4e3f2908
2019-10-04 15:32:43,193 [main] INFO  impl.RaftServerProxy (ConfUtils.java:logGet(43)) - raft.rpc.type = GRPC (default)
2019-10-04 15:32:43,193 [main] INFO  grpc.GrpcFactory (GrpcFactory.java:checkPooledByteBufAllocatorUseCacheForAllThreads(45)) - PERFORMANCE WARNING: useCacheForAllThreads is true that may cause Netty to create a lot garbage objects and, as a result, trigger GC.
	It is recommended to disable useCacheForAllThreads by setting -Dorg.apache.ratis.thirdparty.io.netty.allocator.useCacheForAllThreads=false in command line.
2019-10-04 15:32:43,194 [main] INFO  grpc.GrpcConfigKeys$Server (ConfUtils.java:logGet(43)) - raft.grpc.server.port = 0 (default)
2019-10-04 15:32:43,194 [main] INFO  server.GrpcService (ConfUtils.java:logGet(43)) - raft.grpc.message.size.max = 33570816 (custom)
2019-10-04 15:32:43,194 [main] INFO  server.RaftServerConfigKeys (ConfUtils.java:logGet(43)) - raft.server.log.appender.buffer.byte-limit = 33554432 (custom)
2019-10-04 15:32:43,194 [main] INFO  server.GrpcService (ConfUtils.java:logGet(43)) - raft.grpc.flow.control.window = 1MB (=1048576) (default)
2019-10-04 15:32:43,195 [main] INFO  server.RaftServerConfigKeys (ConfUtils.java:logGet(43)) - raft.server.rpc.request.timeout = 3000ms (default)
2019-10-04 15:32:43,195 [main] INFO  server.RaftServerConfigKeys (ConfUtils.java:logGet(43)) - raft.server.storage.dir = [/workdir/hadoop-ozone/integration-test/target/test-dir/MiniOzoneClusterImpl-fd766fb6-1411-4689-98c5-9c021f2b9f54/datanode-5/data/ratis] (custom)
2019-10-04 15:32:43,197 [main] INFO  hdfs.DFSUtil (DFSUtil.java:httpServerTemplateForNNAndJN(1641)) - Starting Web-server for hddsDatanode at: http://0.0.0.0:0
2019-10-04 15:32:43,199 [main] INFO  server.AuthenticationFilter (AuthenticationFilter.java:constructSecretProvider(240)) - Unable to initialize FileSignerSecretProvider, falling back to use random secrets.
2019-10-04 15:32:43,199 [main] WARN  http.HttpRequestLog (HttpRequestLog.java:getRequestLog(97)) - Jetty request log can only be enabled using Log4j
2019-10-04 15:32:43,201 [main] INFO  http.HttpServer2 (HttpServer2.java:addGlobalFilter(975)) - Added global filter 'safety' (class=org.apache.hadoop.http.HttpServer2$QuotingInputFilter)
2019-10-04 15:32:43,202 [main] INFO  http.HttpServer2 (HttpServer2.java:addFilter(948)) - Added filter static_user_filter (class=org.apache.hadoop.http.lib.StaticUserWebFilter$StaticUserFilter) to context hddsDatanode
2019-10-04 15:32:43,202 [main] INFO  http.HttpServer2 (HttpServer2.java:addFilter(958)) - Added filter static_user_filter (class=org.apache.hadoop.http.lib.StaticUserWebFilter$StaticUserFilter) to context logs
2019-10-04 15:32:43,202 [main] INFO  http.HttpServer2 (HttpServer2.java:addFilter(958)) - Added filter static_user_filter (class=org.apache.hadoop.http.lib.StaticUserWebFilter$StaticUserFilter) to context static
2019-10-04 15:32:43,203 [main] INFO  http.HttpServer2 (HttpServer2.java:bindListener(1191)) - Jetty bound to port 41006
2019-10-04 15:32:43,203 [main] INFO  server.Server (Server.java:doStart(351)) - jetty-9.3.25.v20180904, build timestamp: 2018-09-04T21:11:46Z, git hash: 3ce520221d0240229c862b122d2b06c12a625732
2019-10-04 15:32:43,205 [main] INFO  handler.ContextHandler (ContextHandler.java:doStart(781)) - Started o.e.j.s.ServletContextHandler@27fe059d{/logs,file:///workdir/hadoop-ozone/integration-test/target/log,AVAILABLE}
2019-10-04 15:32:43,206 [main] INFO  handler.ContextHandler (ContextHandler.java:doStart(781)) - Started o.e.j.s.ServletContextHandler@4342c13{/static,jar:file:/home/user/.m2/repository/org/apache/hadoop/hadoop-hdds-container-service/0.5.0-SNAPSHOT/hadoop-hdds-container-service-0.5.0-SNAPSHOT.jar!/webapps/static,AVAILABLE}
2019-10-04 15:32:43,242 [main] INFO  handler.ContextHandler (ContextHandler.java:doStart(781)) - Started o.e.j.w.WebAppContext@704067c6{/,file:///tmp/jetty-0.0.0.0-41006-hddsDatanode-_-any-1762770189899730213.dir/webapp/,AVAILABLE}{/hddsDatanode}
2019-10-04 15:32:43,243 [main] INFO  server.AbstractConnector (AbstractConnector.java:doStart(278)) - Started ServerConnector@7f4596d0{HTTP/1.1,[http/1.1]}{0.0.0.0:41006}
2019-10-04 15:32:43,245 [main] INFO  server.Server (Server.java:doStart(419)) - Started @105362ms
2019-10-04 15:32:43,245 [main] WARN  impl.MetricsSystemImpl (MetricsSystemImpl.java:register(276)) - Sink prometheus already exists!
2019-10-04 15:32:43,245 [main] INFO  server.BaseHttpServer (BaseHttpServer.java:updateConnectorAddress(215)) - HTTP server of HDDSDATANODE is listening at http://0.0.0.0:41006
2019-10-04 15:32:43,246 [main] INFO  impl.MetricsSystemImpl (MetricsSystemImpl.java:init(158)) - HddsDatanode metrics system started (again)
2019-10-04 15:32:43,250 [org.apache.hadoop.util.JvmPauseMonitor$Monitor@7eb37f01] INFO  util.JvmPauseMonitor (JvmPauseMonitor.java:run(188)) - Starting JVM pause monitor
2019-10-04 15:32:43,250 [main] INFO  ozone.HddsDatanodeService (HddsDatanodeService.java:start(184)) - HddsDatanodeService host:pr-hdds-2237-hhfs2-232792562 ip:192.168.164.204
2019-10-04 15:32:43,251 [Datanode State Machine Thread - 0] INFO  datanode.InitDatanodeState (InitDatanodeState.java:persistContainerDatanodeDetails(140)) - DatanodeDetails is persisted to /workdir/hadoop-ozone/integration-test/target/test-dir/MiniOzoneClusterImpl-fd766fb6-1411-4689-98c5-9c021f2b9f54/datanode-5/meta/datanode.id
2019-10-04 15:32:43,256 [main] INFO  volume.HddsVolume (HddsVolume.java:<init>(176)) - Creating Volume: /workdir/hadoop-ozone/integration-test/target/test-dir/MiniOzoneClusterImpl-fd766fb6-1411-4689-98c5-9c021f2b9f54/datanode-6/data/containers/hdds of  storage type : DISK and capacity : 1482555576320
2019-10-04 15:32:43,256 [main] INFO  volume.VolumeSet (VolumeSet.java:initializeVolumeSet(170)) - Added Volume : /workdir/hadoop-ozone/integration-test/target/test-dir/MiniOzoneClusterImpl-fd766fb6-1411-4689-98c5-9c021f2b9f54/datanode-6/data/containers/hdds to VolumeSet
2019-10-04 15:32:43,256 [main] INFO  volume.ThrottledAsyncChecker (ThrottledAsyncChecker.java:schedule(139)) - Scheduling a check for org.apache.hadoop.ozone.container.common.volume.HddsVolume@4351ed61
2019-10-04 15:32:43,257 [main] INFO  volume.HddsVolumeChecker (HddsVolumeChecker.java:checkAllVolumes(202)) - Scheduled health check for volume org.apache.hadoop.ozone.container.common.volume.HddsVolume@4351ed61
2019-10-04 15:32:43,271 [main] INFO  impl.RaftServerProxy (ConfUtils.java:logGet(43)) - raft.rpc.type = GRPC (default)
2019-10-04 15:32:43,271 [main] INFO  grpc.GrpcFactory (GrpcFactory.java:checkPooledByteBufAllocatorUseCacheForAllThreads(45)) - PERFORMANCE WARNING: useCacheForAllThreads is true that may cause Netty to create a lot garbage objects and, as a result, trigger GC.
	It is recommended to disable useCacheForAllThreads by setting -Dorg.apache.ratis.thirdparty.io.netty.allocator.useCacheForAllThreads=false in command line.
2019-10-04 15:32:43,271 [main] INFO  grpc.GrpcConfigKeys$Server (ConfUtils.java:logGet(43)) - raft.grpc.server.port = 0 (default)
2019-10-04 15:32:43,271 [main] INFO  server.GrpcService (ConfUtils.java:logGet(43)) - raft.grpc.message.size.max = 33570816 (custom)
2019-10-04 15:32:43,271 [main] INFO  server.RaftServerConfigKeys (ConfUtils.java:logGet(43)) - raft.server.log.appender.buffer.byte-limit = 33554432 (custom)
2019-10-04 15:32:43,272 [main] INFO  server.GrpcService (ConfUtils.java:logGet(43)) - raft.grpc.flow.control.window = 1MB (=1048576) (default)
2019-10-04 15:32:43,272 [main] INFO  server.RaftServerConfigKeys (ConfUtils.java:logGet(43)) - raft.server.rpc.request.timeout = 3000ms (default)
2019-10-04 15:32:43,272 [main] INFO  server.RaftServerConfigKeys (ConfUtils.java:logGet(43)) - raft.server.storage.dir = [/workdir/hadoop-ozone/integration-test/target/test-dir/MiniOzoneClusterImpl-fd766fb6-1411-4689-98c5-9c021f2b9f54/datanode-6/data/ratis] (custom)
2019-10-04 15:32:43,273 [main] INFO  hdfs.DFSUtil (DFSUtil.java:httpServerTemplateForNNAndJN(1641)) - Starting Web-server for hddsDatanode at: http://0.0.0.0:0
2019-10-04 15:32:43,274 [main] INFO  server.AuthenticationFilter (AuthenticationFilter.java:constructSecretProvider(240)) - Unable to initialize FileSignerSecretProvider, falling back to use random secrets.
2019-10-04 15:32:43,275 [main] WARN  http.HttpRequestLog (HttpRequestLog.java:getRequestLog(97)) - Jetty request log can only be enabled using Log4j
2019-10-04 15:32:43,276 [main] INFO  http.HttpServer2 (HttpServer2.java:addGlobalFilter(975)) - Added global filter 'safety' (class=org.apache.hadoop.http.HttpServer2$QuotingInputFilter)
2019-10-04 15:32:43,277 [main] INFO  http.HttpServer2 (HttpServer2.java:addFilter(948)) - Added filter static_user_filter (class=org.apache.hadoop.http.lib.StaticUserWebFilter$StaticUserFilter) to context hddsDatanode
2019-10-04 15:32:43,277 [main] INFO  http.HttpServer2 (HttpServer2.java:addFilter(958)) - Added filter static_user_filter (class=org.apache.hadoop.http.lib.StaticUserWebFilter$StaticUserFilter) to context static
2019-10-04 15:32:43,277 [main] INFO  http.HttpServer2 (HttpServer2.java:addFilter(958)) - Added filter static_user_filter (class=org.apache.hadoop.http.lib.StaticUserWebFilter$StaticUserFilter) to context logs
2019-10-04 15:32:43,278 [main] INFO  http.HttpServer2 (HttpServer2.java:bindListener(1191)) - Jetty bound to port 34296
2019-10-04 15:32:43,278 [main] INFO  server.Server (Server.java:doStart(351)) - jetty-9.3.25.v20180904, build timestamp: 2018-09-04T21:11:46Z, git hash: 3ce520221d0240229c862b122d2b06c12a625732
2019-10-04 15:32:43,280 [main] INFO  handler.ContextHandler (ContextHandler.java:doStart(781)) - Started o.e.j.s.ServletContextHandler@691124ee{/logs,file:///workdir/hadoop-ozone/integration-test/target/log,AVAILABLE}
2019-10-04 15:32:43,281 [main] INFO  handler.ContextHandler (ContextHandler.java:doStart(781)) - Started o.e.j.s.ServletContextHandler@5403799b{/static,jar:file:/home/user/.m2/repository/org/apache/hadoop/hadoop-hdds-container-service/0.5.0-SNAPSHOT/hadoop-hdds-container-service-0.5.0-SNAPSHOT.jar!/webapps/static,AVAILABLE}
2019-10-04 15:32:43,322 [main] INFO  handler.ContextHandler (ContextHandler.java:doStart(781)) - Started o.e.j.w.WebAppContext@3dc40ab9{/,file:///tmp/jetty-0.0.0.0-34296-hddsDatanode-_-any-7855947042560600451.dir/webapp/,AVAILABLE}{/hddsDatanode}
2019-10-04 15:32:43,322 [main] INFO  server.AbstractConnector (AbstractConnector.java:doStart(278)) - Started ServerConnector@2db6d68d{HTTP/1.1,[http/1.1]}{0.0.0.0:34296}
2019-10-04 15:32:43,324 [main] INFO  server.Server (Server.java:doStart(419)) - Started @105442ms
2019-10-04 15:32:43,324 [main] WARN  impl.MetricsSystemImpl (MetricsSystemImpl.java:register(276)) - Sink prometheus already exists!
2019-10-04 15:32:43,325 [main] INFO  server.BaseHttpServer (BaseHttpServer.java:updateConnectorAddress(215)) - HTTP server of HDDSDATANODE is listening at http://0.0.0.0:34296
2019-10-04 15:32:43,326 [main] INFO  ozone.MiniOzoneClusterImpl (MiniOzoneClusterImpl.java:lambda$waitForClusterToBeReady$0(147)) - Waiting for cluster to be ready. Got 0 of 7 DN Heartbeats.
2019-10-04 15:32:43,327 [org.apache.hadoop.util.JvmPauseMonitor$Monitor@5b51e18c] INFO  util.JvmPauseMonitor (JvmPauseMonitor.java:run(188)) - Starting JVM pause monitor
2019-10-04 15:32:43,328 [Datanode State Machine Thread - 0] INFO  datanode.InitDatanodeState (InitDatanodeState.java:persistContainerDatanodeDetails(140)) - DatanodeDetails is persisted to /workdir/hadoop-ozone/integration-test/target/test-dir/MiniOzoneClusterImpl-fd766fb6-1411-4689-98c5-9c021f2b9f54/datanode-6/meta/datanode.id
2019-10-04 15:32:44,326 [main] INFO  ozone.MiniOzoneClusterImpl (MiniOzoneClusterImpl.java:lambda$waitForClusterToBeReady$0(147)) - Waiting for cluster to be ready. Got 0 of 7 DN Heartbeats.
2019-10-04 15:32:44,884 [Datanode State Machine Thread - 0] INFO  ozoneimpl.OzoneContainer (OzoneContainer.java:start(217)) - Attempting to start container services.
2019-10-04 15:32:44,884 [Datanode State Machine Thread - 0] INFO  ozoneimpl.OzoneContainer (OzoneContainer.java:startContainerScrub(179)) - Background container scanner has been disabled.
2019-10-04 15:32:44,884 [Datanode State Machine Thread - 0] INFO  ratis.XceiverServerRatis (XceiverServerRatis.java:start(417)) - Starting XceiverServerRatis b46a1829-9c1c-43c9-8f23-f1cf878f156c at port 0
2019-10-04 15:32:44,891 [Datanode State Machine Thread - 0] INFO  impl.RaftServerProxy (RaftServerProxy.java:lambda$start$3(299)) - b46a1829-9c1c-43c9-8f23-f1cf878f156c: start RPC server
2019-10-04 15:32:44,894 [Datanode State Machine Thread - 0] INFO  server.GrpcService (GrpcService.java:startImpl(158)) - b46a1829-9c1c-43c9-8f23-f1cf878f156c: GrpcService started, listening on 0.0.0.0/0.0.0.0:36833
2019-10-04 15:32:44,894 [Datanode State Machine Thread - 0] INFO  ratis.XceiverServerRatis (XceiverServerRatis.java:start(427)) - XceiverServerRatis b46a1829-9c1c-43c9-8f23-f1cf878f156c is started using port 36833
2019-10-04 15:32:44,895 [Datanode State Machine Thread - 0] INFO  server.XceiverServerGrpc (XceiverServerGrpc.java:start(149)) - XceiverServerGrpc b46a1829-9c1c-43c9-8f23-f1cf878f156c is started using port 46554
2019-10-04 15:32:44,966 [Datanode State Machine Thread - 0] INFO  ozoneimpl.OzoneContainer (OzoneContainer.java:start(217)) - Attempting to start container services.
2019-10-04 15:32:44,966 [Datanode State Machine Thread - 0] INFO  ozoneimpl.OzoneContainer (OzoneContainer.java:startContainerScrub(179)) - Background container scanner has been disabled.
2019-10-04 15:32:44,966 [Datanode State Machine Thread - 0] INFO  ratis.XceiverServerRatis (XceiverServerRatis.java:start(417)) - Starting XceiverServerRatis 6e12a70d-a44a-4f5b-9ec5-f7c9b940dc20 at port 0
2019-10-04 15:32:44,973 [Datanode State Machine Thread - 0] INFO  impl.RaftServerProxy (RaftServerProxy.java:lambda$start$3(299)) - 6e12a70d-a44a-4f5b-9ec5-f7c9b940dc20: start RPC server
2019-10-04 15:32:44,975 [Datanode State Machine Thread - 0] INFO  server.GrpcService (GrpcService.java:startImpl(158)) - 6e12a70d-a44a-4f5b-9ec5-f7c9b940dc20: GrpcService started, listening on 0.0.0.0/0.0.0.0:42570
2019-10-04 15:32:44,975 [Datanode State Machine Thread - 0] INFO  ratis.XceiverServerRatis (XceiverServerRatis.java:start(427)) - XceiverServerRatis 6e12a70d-a44a-4f5b-9ec5-f7c9b940dc20 is started using port 42570
2019-10-04 15:32:44,976 [Datanode State Machine Thread - 0] INFO  server.XceiverServerGrpc (XceiverServerGrpc.java:start(149)) - XceiverServerGrpc 6e12a70d-a44a-4f5b-9ec5-f7c9b940dc20 is started using port 37511
2019-10-04 15:32:45,037 [Datanode State Machine Thread - 0] INFO  ozoneimpl.OzoneContainer (OzoneContainer.java:start(217)) - Attempting to start container services.
2019-10-04 15:32:45,038 [Datanode State Machine Thread - 0] INFO  ozoneimpl.OzoneContainer (OzoneContainer.java:startContainerScrub(179)) - Background container scanner has been disabled.
2019-10-04 15:32:45,038 [Datanode State Machine Thread - 0] INFO  ratis.XceiverServerRatis (XceiverServerRatis.java:start(417)) - Starting XceiverServerRatis aa2f742d-1aa3-4d94-aa6c-e8e052b0a6f5 at port 0
2019-10-04 15:32:45,045 [Datanode State Machine Thread - 0] INFO  impl.RaftServerProxy (RaftServerProxy.java:lambda$start$3(299)) - aa2f742d-1aa3-4d94-aa6c-e8e052b0a6f5: start RPC server
2019-10-04 15:32:45,045 [Datanode State Machine Thread - 0] INFO  server.GrpcService (GrpcService.java:startImpl(158)) - aa2f742d-1aa3-4d94-aa6c-e8e052b0a6f5: GrpcService started, listening on 0.0.0.0/0.0.0.0:38260
2019-10-04 15:32:45,046 [Datanode State Machine Thread - 0] INFO  ratis.XceiverServerRatis (XceiverServerRatis.java:start(427)) - XceiverServerRatis aa2f742d-1aa3-4d94-aa6c-e8e052b0a6f5 is started using port 38260
2019-10-04 15:32:45,046 [Datanode State Machine Thread - 0] INFO  server.XceiverServerGrpc (XceiverServerGrpc.java:start(149)) - XceiverServerGrpc aa2f742d-1aa3-4d94-aa6c-e8e052b0a6f5 is started using port 36123
2019-10-04 15:32:45,099 [Datanode State Machine Thread - 0] INFO  ozoneimpl.OzoneContainer (OzoneContainer.java:start(217)) - Attempting to start container services.
2019-10-04 15:32:45,099 [Datanode State Machine Thread - 0] INFO  ozoneimpl.OzoneContainer (OzoneContainer.java:startContainerScrub(179)) - Background container scanner has been disabled.
2019-10-04 15:32:45,099 [Datanode State Machine Thread - 0] INFO  ratis.XceiverServerRatis (XceiverServerRatis.java:start(417)) - Starting XceiverServerRatis 510155e9-1ff2-4eee-a1f0-82904282d417 at port 0
2019-10-04 15:32:45,107 [Datanode State Machine Thread - 0] INFO  impl.RaftServerProxy (RaftServerProxy.java:lambda$start$3(299)) - 510155e9-1ff2-4eee-a1f0-82904282d417: start RPC server
2019-10-04 15:32:45,108 [Datanode State Machine Thread - 0] INFO  server.GrpcService (GrpcService.java:startImpl(158)) - 510155e9-1ff2-4eee-a1f0-82904282d417: GrpcService started, listening on 0.0.0.0/0.0.0.0:40133
2019-10-04 15:32:45,109 [Datanode State Machine Thread - 0] INFO  ratis.XceiverServerRatis (XceiverServerRatis.java:start(427)) - XceiverServerRatis 510155e9-1ff2-4eee-a1f0-82904282d417 is started using port 40133
2019-10-04 15:32:45,109 [Datanode State Machine Thread - 0] INFO  server.XceiverServerGrpc (XceiverServerGrpc.java:start(149)) - XceiverServerGrpc 510155e9-1ff2-4eee-a1f0-82904282d417 is started using port 34002
2019-10-04 15:32:45,179 [Datanode State Machine Thread - 0] INFO  ozoneimpl.OzoneContainer (OzoneContainer.java:start(217)) - Attempting to start container services.
2019-10-04 15:32:45,179 [Datanode State Machine Thread - 0] INFO  ozoneimpl.OzoneContainer (OzoneContainer.java:startContainerScrub(179)) - Background container scanner has been disabled.
2019-10-04 15:32:45,179 [Datanode State Machine Thread - 0] INFO  ratis.XceiverServerRatis (XceiverServerRatis.java:start(417)) - Starting XceiverServerRatis 0decd62e-80e0-4e5c-b25d-8770daaeb30f at port 0
2019-10-04 15:32:45,185 [Datanode State Machine Thread - 0] INFO  impl.RaftServerProxy (RaftServerProxy.java:lambda$start$3(299)) - 0decd62e-80e0-4e5c-b25d-8770daaeb30f: start RPC server
2019-10-04 15:32:45,187 [Datanode State Machine Thread - 0] INFO  server.GrpcService (GrpcService.java:startImpl(158)) - 0decd62e-80e0-4e5c-b25d-8770daaeb30f: GrpcService started, listening on 0.0.0.0/0.0.0.0:44334
2019-10-04 15:32:45,187 [Datanode State Machine Thread - 0] INFO  ratis.XceiverServerRatis (XceiverServerRatis.java:start(427)) - XceiverServerRatis 0decd62e-80e0-4e5c-b25d-8770daaeb30f is started using port 44334
2019-10-04 15:32:45,188 [Datanode State Machine Thread - 0] INFO  server.XceiverServerGrpc (XceiverServerGrpc.java:start(149)) - XceiverServerGrpc 0decd62e-80e0-4e5c-b25d-8770daaeb30f is started using port 36095
2019-10-04 15:32:45,265 [Datanode State Machine Thread - 0] INFO  ozoneimpl.OzoneContainer (OzoneContainer.java:start(217)) - Attempting to start container services.
2019-10-04 15:32:45,265 [Datanode State Machine Thread - 0] INFO  ozoneimpl.OzoneContainer (OzoneContainer.java:startContainerScrub(179)) - Background container scanner has been disabled.
2019-10-04 15:32:45,265 [Datanode State Machine Thread - 0] INFO  ratis.XceiverServerRatis (XceiverServerRatis.java:start(417)) - Starting XceiverServerRatis 48428e1f-d04f-4e60-a3da-a20d4689e94c at port 0
2019-10-04 15:32:45,272 [Datanode State Machine Thread - 0] INFO  impl.RaftServerProxy (RaftServerProxy.java:lambda$start$3(299)) - 48428e1f-d04f-4e60-a3da-a20d4689e94c: start RPC server
2019-10-04 15:32:45,276 [Datanode State Machine Thread - 0] INFO  server.GrpcService (GrpcService.java:startImpl(158)) - 48428e1f-d04f-4e60-a3da-a20d4689e94c: GrpcService started, listening on 0.0.0.0/0.0.0.0:41584
2019-10-04 15:32:45,276 [Datanode State Machine Thread - 0] INFO  ratis.XceiverServerRatis (XceiverServerRatis.java:start(427)) - XceiverServerRatis 48428e1f-d04f-4e60-a3da-a20d4689e94c is started using port 41584
2019-10-04 15:32:45,278 [Datanode State Machine Thread - 0] INFO  server.XceiverServerGrpc (XceiverServerGrpc.java:start(149)) - XceiverServerGrpc 48428e1f-d04f-4e60-a3da-a20d4689e94c is started using port 36760
2019-10-04 15:32:45,327 [main] INFO  ozone.MiniOzoneClusterImpl (MiniOzoneClusterImpl.java:lambda$waitForClusterToBeReady$0(147)) - Waiting for cluster to be ready. Got 0 of 7 DN Heartbeats.
2019-10-04 15:32:45,342 [Datanode State Machine Thread - 0] INFO  ozoneimpl.OzoneContainer (OzoneContainer.java:start(217)) - Attempting to start container services.
2019-10-04 15:32:45,342 [Datanode State Machine Thread - 0] INFO  ozoneimpl.OzoneContainer (OzoneContainer.java:startContainerScrub(179)) - Background container scanner has been disabled.
2019-10-04 15:32:45,343 [Datanode State Machine Thread - 0] INFO  ratis.XceiverServerRatis (XceiverServerRatis.java:start(417)) - Starting XceiverServerRatis fc7eab08-a0fa-4ee4-abb6-29abd26b0c5d at port 0
2019-10-04 15:32:45,349 [Datanode State Machine Thread - 0] INFO  impl.RaftServerProxy (RaftServerProxy.java:lambda$start$3(299)) - fc7eab08-a0fa-4ee4-abb6-29abd26b0c5d: start RPC server
2019-10-04 15:32:45,352 [Datanode State Machine Thread - 0] INFO  server.GrpcService (GrpcService.java:startImpl(158)) - fc7eab08-a0fa-4ee4-abb6-29abd26b0c5d: GrpcService started, listening on 0.0.0.0/0.0.0.0:32870
2019-10-04 15:32:45,353 [Datanode State Machine Thread - 0] INFO  ratis.XceiverServerRatis (XceiverServerRatis.java:start(427)) - XceiverServerRatis fc7eab08-a0fa-4ee4-abb6-29abd26b0c5d is started using port 32870
2019-10-04 15:32:45,353 [Datanode State Machine Thread - 0] INFO  server.XceiverServerGrpc (XceiverServerGrpc.java:start(149)) - XceiverServerGrpc fc7eab08-a0fa-4ee4-abb6-29abd26b0c5d is started using port 44688
2019-10-04 15:32:46,327 [main] INFO  ozone.MiniOzoneClusterImpl (MiniOzoneClusterImpl.java:lambda$waitForClusterToBeReady$0(147)) - Waiting for cluster to be ready. Got 0 of 7 DN Heartbeats.
2019-10-04 15:32:46,863 [IPC Server handler 5 on 42573] INFO  net.NetworkTopology (NetworkTopologyImpl.java:add(111)) - Added a new node: /default-rack/b46a1829-9c1c-43c9-8f23-f1cf878f156c
2019-10-04 15:32:46,865 [IPC Server handler 5 on 42573] INFO  node.SCMNodeManager (SCMNodeManager.java:register(266)) - Registered Data node : b46a1829-9c1c-43c9-8f23-f1cf878f156c{ip: 192.168.164.204, host: pr-hdds-2237-hhfs2-232792562, networkLocation: /default-rack, certSerialId: null}
2019-10-04 15:32:46,866 [EventQueue-NodeRegistrationContainerReportForDataNodeSafeModeRule] INFO  safemode.SCMSafeModeManager (DataNodeSafeModeRule.java:process(71)) - SCM in safe mode. 1 DataNodes registered, 1 required.
2019-10-04 15:32:46,869 [EventQueue-NodeRegistrationContainerReportForDataNodeSafeModeRule] INFO  safemode.SCMSafeModeManager (SCMSafeModeManager.java:validateSafeModeExitRules(177)) - ScmSafeModeManager, all rules are successfully validated
2019-10-04 15:32:46,869 [EventQueue-NodeRegistrationContainerReportForDataNodeSafeModeRule] INFO  safemode.SCMSafeModeManager (SCMSafeModeManager.java:exitSafeMode(193)) - SCM exiting safe mode.
2019-10-04 15:32:46,880 [grpc-default-executor-2] INFO  impl.RaftServerProxy (RaftServerProxy.java:addNew(89)) - b46a1829-9c1c-43c9-8f23-f1cf878f156c: addNew group-DFDDF1E31ACF:[b46a1829-9c1c-43c9-8f23-f1cf878f156c:192.168.164.204:36833] returns group-DFDDF1E31ACF:java.util.concurrent.CompletableFuture@43b4b18b[Not completed]
2019-10-04 15:32:46,883 [pool-207-thread-1] INFO  impl.RaftServerImpl (RaftServerImpl.java:<init>(95)) - b46a1829-9c1c-43c9-8f23-f1cf878f156c: new RaftServerImpl for group-DFDDF1E31ACF:[b46a1829-9c1c-43c9-8f23-f1cf878f156c:192.168.164.204:36833] with ContainerStateMachine:uninitialized
2019-10-04 15:32:46,883 [pool-207-thread-1] INFO  server.RaftServerConfigKeys (ConfUtils.java:logGet(43)) - raft.server.rpc.timeout.min = 5s (custom)
2019-10-04 15:32:46,883 [pool-207-thread-1] INFO  server.RaftServerConfigKeys (ConfUtils.java:logGet(43)) - raft.server.rpc.timeout.max = 5200ms (custom)
2019-10-04 15:32:46,883 [pool-207-thread-1] INFO  server.RaftServerConfigKeys (ConfUtils.java:logGet(43)) - raft.server.rpcslowness.timeout = 120s (custom)
2019-10-04 15:32:46,883 [pool-207-thread-1] INFO  server.RaftServerConfigKeys (ConfUtils.java:logGet(43)) - raft.server.sleep.deviation.threshold = 300 (default)
2019-10-04 15:32:46,883 [pool-207-thread-1] INFO  server.RaftServerConfigKeys (ConfUtils.java:logGet(43)) - raft.server.log.appender.install.snapshot.enabled = false (custom)
2019-10-04 15:32:46,884 [pool-207-thread-1] INFO  impl.RaftServerImpl (ServerState.java:<init>(103)) - b46a1829-9c1c-43c9-8f23-f1cf878f156c@group-DFDDF1E31ACF: ConfigurationManager, init=-1: [b46a1829-9c1c-43c9-8f23-f1cf878f156c:192.168.164.204:36833], old=null, confs=<EMPTY_MAP>
2019-10-04 15:32:46,884 [pool-207-thread-1] INFO  server.RaftServerConfigKeys (ConfUtils.java:logGet(43)) - raft.server.storage.dir = [/workdir/hadoop-ozone/integration-test/target/test-dir/MiniOzoneClusterImpl-fd766fb6-1411-4689-98c5-9c021f2b9f54/datanode-0/data/ratis] (custom)
2019-10-04 15:32:46,884 [pool-207-thread-1] INFO  server.RaftServerConfigKeys (ConfUtils.java:logGet(43)) - raft.server.log.corruption.policy = EXCEPTION (default)
2019-10-04 15:32:46,885 [pool-207-thread-1] INFO  storage.RaftStorageDirectory (RaftStorageDirectory.java:analyzeStorage(246)) - The storage directory /workdir/hadoop-ozone/integration-test/target/test-dir/MiniOzoneClusterImpl-fd766fb6-1411-4689-98c5-9c021f2b9f54/datanode-0/data/ratis/4c48dfd3-801b-4199-888e-dfddf1e31acf does not exist. Creating ...
2019-10-04 15:32:46,898 [pool-207-thread-1] INFO  storage.RaftStorageDirectory (RaftStorageDirectory.java:tryLock(328)) - Lock on /workdir/hadoop-ozone/integration-test/target/test-dir/MiniOzoneClusterImpl-fd766fb6-1411-4689-98c5-9c021f2b9f54/datanode-0/data/ratis/4c48dfd3-801b-4199-888e-dfddf1e31acf/in_use.lock acquired by nodename 17050@pr-hdds-2237-hhfs2-232792562
2019-10-04 15:32:46,912 [pool-207-thread-1] INFO  storage.RaftStorage (RaftStorage.java:format(84)) - Storage directory /workdir/hadoop-ozone/integration-test/target/test-dir/MiniOzoneClusterImpl-fd766fb6-1411-4689-98c5-9c021f2b9f54/datanode-0/data/ratis/4c48dfd3-801b-4199-888e-dfddf1e31acf has been successfully formatted.
2019-10-04 15:32:46,912 [pool-207-thread-1] INFO  ratis.ContainerStateMachine (ContainerStateMachine.java:loadSnapshot(230)) - group-DFDDF1E31ACF: The snapshot info is null. Setting the last applied indexto:(t:0, i:~)
2019-10-04 15:32:46,912 [pool-207-thread-1] INFO  server.RaftServerConfigKeys (ConfUtils.java:logGet(43)) - raft.server.notification.no-leader.timeout = 120s (custom)
2019-10-04 15:32:46,912 [pool-207-thread-1] INFO  server.RaftServerConfigKeys (ConfUtils.java:logGet(43)) - raft.server.log.use.memory = false (default)
2019-10-04 15:32:46,913 [pool-207-thread-1] INFO  server.RaftServerConfigKeys (ConfUtils.java:logGet(43)) - raft.server.log.purge.gap = 1000000 (custom)
2019-10-04 15:32:46,913 [pool-207-thread-1] INFO  server.RaftServerConfigKeys (ConfUtils.java:logGet(43)) - raft.server.log.appender.buffer.byte-limit = 33554432 (custom)
2019-10-04 15:32:46,913 [pool-207-thread-1] INFO  server.RaftServerConfigKeys (ConfUtils.java:logGet(43)) - raft.server.log.segment.size.max = 1048576 (custom)
2019-10-04 15:32:46,915 [pool-207-thread-1] INFO  server.RaftServerConfigKeys (ConfUtils.java:logGet(43)) - raft.server.log.segment.cache.num.max = 2 (custom)
2019-10-04 15:32:46,916 [pool-207-thread-1] INFO  segmented.SegmentedRaftLogWorker (SegmentedRaftLogWorker.java:<init>(173)) - new b46a1829-9c1c-43c9-8f23-f1cf878f156c@group-DFDDF1E31ACF-SegmentedRaftLogWorker for RaftStorage:Storage Directory /workdir/hadoop-ozone/integration-test/target/test-dir/MiniOzoneClusterImpl-fd766fb6-1411-4689-98c5-9c021f2b9f54/datanode-0/data/ratis/4c48dfd3-801b-4199-888e-dfddf1e31acf
2019-10-04 15:32:46,916 [pool-207-thread-1] INFO  server.RaftServerConfigKeys (ConfUtils.java:logGet(43)) - raft.server.log.queue.byte-limit = 2147483647 (custom)
2019-10-04 15:32:46,916 [pool-207-thread-1] INFO  server.RaftServerConfigKeys (ConfUtils.java:logGet(43)) - raft.server.log.queue.element-limit = 1024 (custom)
2019-10-04 15:32:46,916 [pool-207-thread-1] INFO  server.RaftServerConfigKeys (ConfUtils.java:logGet(43)) - raft.server.log.segment.size.max = 1048576 (custom)
2019-10-04 15:32:46,916 [pool-207-thread-1] INFO  server.RaftServerConfigKeys (ConfUtils.java:logGet(43)) - raft.server.log.preallocated.size = 16384 (custom)
2019-10-04 15:32:46,916 [pool-207-thread-1] INFO  server.RaftServerConfigKeys (ConfUtils.java:logGet(43)) - raft.server.log.write.buffer.size = 33554432 (custom)
2019-10-04 15:32:46,916 [pool-207-thread-1] INFO  server.RaftServerConfigKeys (ConfUtils.java:logGet(43)) - raft.server.log.force.sync.num = 128 (default)
2019-10-04 15:32:46,917 [pool-207-thread-1] INFO  server.RaftServerConfigKeys (ConfUtils.java:logGet(43)) - raft.server.log.statemachine.data.sync = true (default)
2019-10-04 15:32:46,917 [pool-207-thread-1] INFO  server.RaftServerConfigKeys (ConfUtils.java:logGet(43)) - raft.server.log.statemachine.data.sync.timeout = 10s (default)
2019-10-04 15:32:46,917 [pool-207-thread-1] INFO  server.RaftServerConfigKeys (ConfUtils.java:logGet(43)) - raft.server.log.statemachine.data.sync.timeout.retry = -1 (default)
2019-10-04 15:32:46,917 [pool-207-thread-1] INFO  server.RaftServerConfigKeys (ConfUtils.java:logGet(43)) - raft.server.log.statemachine.data.caching.enabled = true (custom)
2019-10-04 15:32:46,918 [pool-207-thread-1] INFO  segmented.SegmentedRaftLogWorker (SegmentedRaftLogWorker.java:lambda$new$0(128)) - b46a1829-9c1c-43c9-8f23-f1cf878f156c@group-DFDDF1E31ACF-SegmentedRaftLogWorker: flushIndex: setUnconditionally 0 -> -1
2019-10-04 15:32:46,918 [pool-207-thread-1] INFO  server.RaftServerConfigKeys (ConfUtils.java:logGet(43)) - raft.server.snapshot.auto.trigger.enabled = true (custom)
2019-10-04 15:32:46,918 [pool-207-thread-1] INFO  server.RaftServerConfigKeys (ConfUtils.java:logGet(43)) - raft.server.snapshot.auto.trigger.threshold = 10000 (custom)
2019-10-04 15:32:46,918 [pool-207-thread-1] INFO  server.RaftServerConfigKeys (ConfUtils.java:logGet(43)) - raft.server.snapshot.retention.file.num = 5 (custom)
2019-10-04 15:32:46,918 [pool-207-thread-1] INFO  server.RaftServerConfigKeys (ConfUtils.java:logGet(43)) - raft.server.retrycache.expirytime = 600000ms (custom)
2019-10-04 15:32:46,920 [pool-207-thread-1] INFO  impl.RaftServerImpl (RaftServerImpl.java:start(181)) - b46a1829-9c1c-43c9-8f23-f1cf878f156c@group-DFDDF1E31ACF: start as a follower, conf=-1: [b46a1829-9c1c-43c9-8f23-f1cf878f156c:192.168.164.204:36833], old=null
2019-10-04 15:32:46,921 [pool-207-thread-1] INFO  impl.RaftServerImpl (RaftServerImpl.java:setRole(170)) - b46a1829-9c1c-43c9-8f23-f1cf878f156c@group-DFDDF1E31ACF: changes role from      null to FOLLOWER at term 0 for startAsFollower
2019-10-04 15:32:46,921 [pool-207-thread-1] INFO  impl.RoleInfo (RoleInfo.java:updateAndGet(143)) - b46a1829-9c1c-43c9-8f23-f1cf878f156c: start FollowerState
2019-10-04 15:32:46,921 [pool-207-thread-1] INFO  util.JmxRegister (JmxRegister.java:tryRegister(44)) - Successfully registered JMX Bean with object name Ratis:service=RaftServer,group=group-DFDDF1E31ACF,id=b46a1829-9c1c-43c9-8f23-f1cf878f156c
2019-10-04 15:32:46,928 [RatisPipelineUtilsThread] INFO  pipeline.PipelineStateManager (PipelineStateManager.java:addPipeline(56)) - Created pipeline Pipeline[ Id: 4c48dfd3-801b-4199-888e-dfddf1e31acf, Nodes: b46a1829-9c1c-43c9-8f23-f1cf878f156c{ip: 192.168.164.204, host: pr-hdds-2237-hhfs2-232792562, networkLocation: /default-rack, certSerialId: null}, Type:RATIS, Factor:ONE, State:OPEN]
2019-10-04 15:32:46,950 [IPC Server handler 1 on 42573] INFO  net.NetworkTopology (NetworkTopologyImpl.java:add(111)) - Added a new node: /default-rack/6e12a70d-a44a-4f5b-9ec5-f7c9b940dc20
2019-10-04 15:32:46,950 [IPC Server handler 1 on 42573] INFO  node.SCMNodeManager (SCMNodeManager.java:register(266)) - Registered Data node : 6e12a70d-a44a-4f5b-9ec5-f7c9b940dc20{ip: 192.168.164.204, host: pr-hdds-2237-hhfs2-232792562, networkLocation: /default-rack, certSerialId: null}
2019-10-04 15:32:46,971 [grpc-default-executor-2] INFO  impl.RaftServerProxy (RaftServerProxy.java:addNew(89)) - 6e12a70d-a44a-4f5b-9ec5-f7c9b940dc20: addNew group-E096BC493966:[6e12a70d-a44a-4f5b-9ec5-f7c9b940dc20:192.168.164.204:42570] returns group-E096BC493966:java.util.concurrent.CompletableFuture@2a29cea0[Not completed]
2019-10-04 15:32:46,973 [pool-217-thread-1] INFO  impl.RaftServerImpl (RaftServerImpl.java:<init>(95)) - 6e12a70d-a44a-4f5b-9ec5-f7c9b940dc20: new RaftServerImpl for group-E096BC493966:[6e12a70d-a44a-4f5b-9ec5-f7c9b940dc20:192.168.164.204:42570] with ContainerStateMachine:uninitialized
2019-10-04 15:32:46,973 [pool-217-thread-1] INFO  server.RaftServerConfigKeys (ConfUtils.java:logGet(43)) - raft.server.rpc.timeout.min = 5s (custom)
2019-10-04 15:32:46,974 [pool-217-thread-1] INFO  server.RaftServerConfigKeys (ConfUtils.java:logGet(43)) - raft.server.rpc.timeout.max = 5200ms (custom)
2019-10-04 15:32:46,974 [pool-217-thread-1] INFO  server.RaftServerConfigKeys (ConfUtils.java:logGet(43)) - raft.server.rpcslowness.timeout = 120s (custom)
2019-10-04 15:32:46,974 [pool-217-thread-1] INFO  server.RaftServerConfigKeys (ConfUtils.java:logGet(43)) - raft.server.sleep.deviation.threshold = 300 (default)
2019-10-04 15:32:46,974 [pool-217-thread-1] INFO  server.RaftServerConfigKeys (ConfUtils.java:logGet(43)) - raft.server.log.appender.install.snapshot.enabled = false (custom)
2019-10-04 15:32:46,974 [pool-217-thread-1] INFO  impl.RaftServerImpl (ServerState.java:<init>(103)) - 6e12a70d-a44a-4f5b-9ec5-f7c9b940dc20@group-E096BC493966: ConfigurationManager, init=-1: [6e12a70d-a44a-4f5b-9ec5-f7c9b940dc20:192.168.164.204:42570], old=null, confs=<EMPTY_MAP>
2019-10-04 15:32:46,974 [pool-217-thread-1] INFO  server.RaftServerConfigKeys (ConfUtils.java:logGet(43)) - raft.server.storage.dir = [/workdir/hadoop-ozone/integration-test/target/test-dir/MiniOzoneClusterImpl-fd766fb6-1411-4689-98c5-9c021f2b9f54/datanode-1/data/ratis] (custom)
2019-10-04 15:32:46,974 [pool-217-thread-1] INFO  server.RaftServerConfigKeys (ConfUtils.java:logGet(43)) - raft.server.log.corruption.policy = EXCEPTION (default)
2019-10-04 15:32:46,975 [pool-217-thread-1] INFO  storage.RaftStorageDirectory (RaftStorageDirectory.java:analyzeStorage(246)) - The storage directory /workdir/hadoop-ozone/integration-test/target/test-dir/MiniOzoneClusterImpl-fd766fb6-1411-4689-98c5-9c021f2b9f54/datanode-1/data/ratis/f7a258d3-7c1b-422a-bbf1-e096bc493966 does not exist. Creating ...
2019-10-04 15:32:46,988 [pool-217-thread-1] INFO  storage.RaftStorageDirectory (RaftStorageDirectory.java:tryLock(328)) - Lock on /workdir/hadoop-ozone/integration-test/target/test-dir/MiniOzoneClusterImpl-fd766fb6-1411-4689-98c5-9c021f2b9f54/datanode-1/data/ratis/f7a258d3-7c1b-422a-bbf1-e096bc493966/in_use.lock acquired by nodename 17050@pr-hdds-2237-hhfs2-232792562
2019-10-04 15:32:47,000 [pool-217-thread-1] INFO  storage.RaftStorage (RaftStorage.java:format(84)) - Storage directory /workdir/hadoop-ozone/integration-test/target/test-dir/MiniOzoneClusterImpl-fd766fb6-1411-4689-98c5-9c021f2b9f54/datanode-1/data/ratis/f7a258d3-7c1b-422a-bbf1-e096bc493966 has been successfully formatted.
2019-10-04 15:32:47,001 [pool-217-thread-1] INFO  ratis.ContainerStateMachine (ContainerStateMachine.java:loadSnapshot(230)) - group-E096BC493966: The snapshot info is null. Setting the last applied indexto:(t:0, i:~)
2019-10-04 15:32:47,001 [pool-217-thread-1] INFO  server.RaftServerConfigKeys (ConfUtils.java:logGet(43)) - raft.server.notification.no-leader.timeout = 120s (custom)
2019-10-04 15:32:47,002 [pool-217-thread-1] INFO  server.RaftServerConfigKeys (ConfUtils.java:logGet(43)) - raft.server.log.use.memory = false (default)
2019-10-04 15:32:47,002 [pool-217-thread-1] INFO  server.RaftServerConfigKeys (ConfUtils.java:logGet(43)) - raft.server.log.purge.gap = 1000000 (custom)
2019-10-04 15:32:47,002 [pool-217-thread-1] INFO  server.RaftServerConfigKeys (ConfUtils.java:logGet(43)) - raft.server.log.appender.buffer.byte-limit = 33554432 (custom)
2019-10-04 15:32:47,002 [pool-217-thread-1] INFO  server.RaftServerConfigKeys (ConfUtils.java:logGet(43)) - raft.server.log.segment.size.max = 1048576 (custom)
2019-10-04 15:32:47,004 [pool-217-thread-1] INFO  server.RaftServerConfigKeys (ConfUtils.java:logGet(43)) - raft.server.log.segment.cache.num.max = 2 (custom)
2019-10-04 15:32:47,004 [pool-217-thread-1] INFO  segmented.SegmentedRaftLogWorker (SegmentedRaftLogWorker.java:<init>(173)) - new 6e12a70d-a44a-4f5b-9ec5-f7c9b940dc20@group-E096BC493966-SegmentedRaftLogWorker for RaftStorage:Storage Directory /workdir/hadoop-ozone/integration-test/target/test-dir/MiniOzoneClusterImpl-fd766fb6-1411-4689-98c5-9c021f2b9f54/datanode-1/data/ratis/f7a258d3-7c1b-422a-bbf1-e096bc493966
2019-10-04 15:32:47,004 [pool-217-thread-1] INFO  server.RaftServerConfigKeys (ConfUtils.java:logGet(43)) - raft.server.log.queue.byte-limit = 2147483647 (custom)
2019-10-04 15:32:47,004 [pool-217-thread-1] INFO  server.RaftServerConfigKeys (ConfUtils.java:logGet(43)) - raft.server.log.queue.element-limit = 1024 (custom)
2019-10-04 15:32:47,005 [pool-217-thread-1] INFO  server.RaftServerConfigKeys (ConfUtils.java:logGet(43)) - raft.server.log.segment.size.max = 1048576 (custom)
2019-10-04 15:32:47,005 [pool-217-thread-1] INFO  server.RaftServerConfigKeys (ConfUtils.java:logGet(43)) - raft.server.log.preallocated.size = 16384 (custom)
2019-10-04 15:32:47,005 [pool-217-thread-1] INFO  server.RaftServerConfigKeys (ConfUtils.java:logGet(43)) - raft.server.log.write.buffer.size = 33554432 (custom)
2019-10-04 15:32:47,005 [pool-217-thread-1] INFO  server.RaftServerConfigKeys (ConfUtils.java:logGet(43)) - raft.server.log.force.sync.num = 128 (default)
2019-10-04 15:32:47,005 [pool-217-thread-1] INFO  server.RaftServerConfigKeys (ConfUtils.java:logGet(43)) - raft.server.log.statemachine.data.sync = true (default)
2019-10-04 15:32:47,005 [pool-217-thread-1] INFO  server.RaftServerConfigKeys (ConfUtils.java:logGet(43)) - raft.server.log.statemachine.data.sync.timeout = 10s (default)
2019-10-04 15:32:47,005 [pool-217-thread-1] INFO  server.RaftServerConfigKeys (ConfUtils.java:logGet(43)) - raft.server.log.statemachine.data.sync.timeout.retry = -1 (default)
2019-10-04 15:32:47,006 [pool-217-thread-1] INFO  server.RaftServerConfigKeys (ConfUtils.java:logGet(43)) - raft.server.log.statemachine.data.caching.enabled = true (custom)
2019-10-04 15:32:47,006 [pool-217-thread-1] INFO  segmented.SegmentedRaftLogWorker (SegmentedRaftLogWorker.java:lambda$new$0(128)) - 6e12a70d-a44a-4f5b-9ec5-f7c9b940dc20@group-E096BC493966-SegmentedRaftLogWorker: flushIndex: setUnconditionally 0 -> -1
2019-10-04 15:32:47,006 [pool-217-thread-1] INFO  server.RaftServerConfigKeys (ConfUtils.java:logGet(43)) - raft.server.snapshot.auto.trigger.enabled = true (custom)
2019-10-04 15:32:47,006 [pool-217-thread-1] INFO  server.RaftServerConfigKeys (ConfUtils.java:logGet(43)) - raft.server.snapshot.auto.trigger.threshold = 10000 (custom)
2019-10-04 15:32:47,007 [pool-217-thread-1] INFO  server.RaftServerConfigKeys (ConfUtils.java:logGet(43)) - raft.server.snapshot.retention.file.num = 5 (custom)
2019-10-04 15:32:47,007 [pool-217-thread-1] INFO  server.RaftServerConfigKeys (ConfUtils.java:logGet(43)) - raft.server.retrycache.expirytime = 600000ms (custom)
2019-10-04 15:32:47,008 [pool-217-thread-1] INFO  impl.RaftServerImpl (RaftServerImpl.java:start(181)) - 6e12a70d-a44a-4f5b-9ec5-f7c9b940dc20@group-E096BC493966: start as a follower, conf=-1: [6e12a70d-a44a-4f5b-9ec5-f7c9b940dc20:192.168.164.204:42570], old=null
2019-10-04 15:32:47,008 [pool-217-thread-1] INFO  impl.RaftServerImpl (RaftServerImpl.java:setRole(170)) - 6e12a70d-a44a-4f5b-9ec5-f7c9b940dc20@group-E096BC493966: changes role from      null to FOLLOWER at term 0 for startAsFollower
2019-10-04 15:32:47,009 [pool-217-thread-1] INFO  impl.RoleInfo (RoleInfo.java:updateAndGet(143)) - 6e12a70d-a44a-4f5b-9ec5-f7c9b940dc20: start FollowerState
2019-10-04 15:32:47,009 [pool-217-thread-1] INFO  util.JmxRegister (JmxRegister.java:tryRegister(44)) - Successfully registered JMX Bean with object name Ratis:service=RaftServer,group=group-E096BC493966,id=6e12a70d-a44a-4f5b-9ec5-f7c9b940dc20
2019-10-04 15:32:47,016 [RatisPipelineUtilsThread] INFO  pipeline.PipelineStateManager (PipelineStateManager.java:addPipeline(56)) - Created pipeline Pipeline[ Id: f7a258d3-7c1b-422a-bbf1-e096bc493966, Nodes: 6e12a70d-a44a-4f5b-9ec5-f7c9b940dc20{ip: 192.168.164.204, host: pr-hdds-2237-hhfs2-232792562, networkLocation: /default-rack, certSerialId: null}, Type:RATIS, Factor:ONE, State:OPEN]
2019-10-04 15:32:47,023 [IPC Server handler 8 on 42573] INFO  net.NetworkTopology (NetworkTopologyImpl.java:add(111)) - Added a new node: /default-rack/aa2f742d-1aa3-4d94-aa6c-e8e052b0a6f5
2019-10-04 15:32:47,023 [IPC Server handler 8 on 42573] INFO  node.SCMNodeManager (SCMNodeManager.java:register(266)) - Registered Data node : aa2f742d-1aa3-4d94-aa6c-e8e052b0a6f5{ip: 192.168.164.204, host: pr-hdds-2237-hhfs2-232792562, networkLocation: /default-rack, certSerialId: null}
2019-10-04 15:32:47,033 [grpc-default-executor-2] INFO  impl.RaftServerProxy (RaftServerProxy.java:addNew(89)) - aa2f742d-1aa3-4d94-aa6c-e8e052b0a6f5: addNew group-04B028D2BDA1:[aa2f742d-1aa3-4d94-aa6c-e8e052b0a6f5:192.168.164.204:38260] returns group-04B028D2BDA1:java.util.concurrent.CompletableFuture@1c2854f5[Not completed]
2019-10-04 15:32:47,033 [pool-227-thread-1] INFO  impl.RaftServerImpl (RaftServerImpl.java:<init>(95)) - aa2f742d-1aa3-4d94-aa6c-e8e052b0a6f5: new RaftServerImpl for group-04B028D2BDA1:[aa2f742d-1aa3-4d94-aa6c-e8e052b0a6f5:192.168.164.204:38260] with ContainerStateMachine:uninitialized
2019-10-04 15:32:47,034 [pool-227-thread-1] INFO  server.RaftServerConfigKeys (ConfUtils.java:logGet(43)) - raft.server.rpc.timeout.min = 5s (custom)
2019-10-04 15:32:47,034 [pool-227-thread-1] INFO  server.RaftServerConfigKeys (ConfUtils.java:logGet(43)) - raft.server.rpc.timeout.max = 5200ms (custom)
2019-10-04 15:32:47,034 [pool-227-thread-1] INFO  server.RaftServerConfigKeys (ConfUtils.java:logGet(43)) - raft.server.rpcslowness.timeout = 120s (custom)
2019-10-04 15:32:47,034 [pool-227-thread-1] INFO  server.RaftServerConfigKeys (ConfUtils.java:logGet(43)) - raft.server.sleep.deviation.threshold = 300 (default)
2019-10-04 15:32:47,034 [pool-227-thread-1] INFO  server.RaftServerConfigKeys (ConfUtils.java:logGet(43)) - raft.server.log.appender.install.snapshot.enabled = false (custom)
2019-10-04 15:32:47,034 [pool-227-thread-1] INFO  impl.RaftServerImpl (ServerState.java:<init>(103)) - aa2f742d-1aa3-4d94-aa6c-e8e052b0a6f5@group-04B028D2BDA1: ConfigurationManager, init=-1: [aa2f742d-1aa3-4d94-aa6c-e8e052b0a6f5:192.168.164.204:38260], old=null, confs=<EMPTY_MAP>
2019-10-04 15:32:47,034 [pool-227-thread-1] INFO  server.RaftServerConfigKeys (ConfUtils.java:logGet(43)) - raft.server.storage.dir = [/workdir/hadoop-ozone/integration-test/target/test-dir/MiniOzoneClusterImpl-fd766fb6-1411-4689-98c5-9c021f2b9f54/datanode-2/data/ratis] (custom)
2019-10-04 15:32:47,034 [pool-227-thread-1] INFO  server.RaftServerConfigKeys (ConfUtils.java:logGet(43)) - raft.server.log.corruption.policy = EXCEPTION (default)
2019-10-04 15:32:47,035 [pool-227-thread-1] INFO  storage.RaftStorageDirectory (RaftStorageDirectory.java:analyzeStorage(246)) - The storage directory /workdir/hadoop-ozone/integration-test/target/test-dir/MiniOzoneClusterImpl-fd766fb6-1411-4689-98c5-9c021f2b9f54/datanode-2/data/ratis/eb9ccfda-9ca5-453d-9960-04b028d2bda1 does not exist. Creating ...
2019-10-04 15:32:47,047 [pool-227-thread-1] INFO  storage.RaftStorageDirectory (RaftStorageDirectory.java:tryLock(328)) - Lock on /workdir/hadoop-ozone/integration-test/target/test-dir/MiniOzoneClusterImpl-fd766fb6-1411-4689-98c5-9c021f2b9f54/datanode-2/data/ratis/eb9ccfda-9ca5-453d-9960-04b028d2bda1/in_use.lock acquired by nodename 17050@pr-hdds-2237-hhfs2-232792562
2019-10-04 15:32:47,060 [pool-227-thread-1] INFO  storage.RaftStorage (RaftStorage.java:format(84)) - Storage directory /workdir/hadoop-ozone/integration-test/target/test-dir/MiniOzoneClusterImpl-fd766fb6-1411-4689-98c5-9c021f2b9f54/datanode-2/data/ratis/eb9ccfda-9ca5-453d-9960-04b028d2bda1 has been successfully formatted.
2019-10-04 15:32:47,060 [pool-227-thread-1] INFO  ratis.ContainerStateMachine (ContainerStateMachine.java:loadSnapshot(230)) - group-04B028D2BDA1: The snapshot info is null. Setting the last applied indexto:(t:0, i:~)
2019-10-04 15:32:47,060 [pool-227-thread-1] INFO  server.RaftServerConfigKeys (ConfUtils.java:logGet(43)) - raft.server.notification.no-leader.timeout = 120s (custom)
2019-10-04 15:32:47,061 [pool-227-thread-1] INFO  server.RaftServerConfigKeys (ConfUtils.java:logGet(43)) - raft.server.log.use.memory = false (default)
2019-10-04 15:32:47,061 [pool-227-thread-1] INFO  server.RaftServerConfigKeys (ConfUtils.java:logGet(43)) - raft.server.log.purge.gap = 1000000 (custom)
2019-10-04 15:32:47,061 [pool-227-thread-1] INFO  server.RaftServerConfigKeys (ConfUtils.java:logGet(43)) - raft.server.log.appender.buffer.byte-limit = 33554432 (custom)
2019-10-04 15:32:47,061 [pool-227-thread-1] INFO  server.RaftServerConfigKeys (ConfUtils.java:logGet(43)) - raft.server.log.segment.size.max = 1048576 (custom)
2019-10-04 15:32:47,062 [pool-227-thread-1] INFO  server.RaftServerConfigKeys (ConfUtils.java:logGet(43)) - raft.server.log.segment.cache.num.max = 2 (custom)
2019-10-04 15:32:47,062 [pool-227-thread-1] INFO  segmented.SegmentedRaftLogWorker (SegmentedRaftLogWorker.java:<init>(173)) - new aa2f742d-1aa3-4d94-aa6c-e8e052b0a6f5@group-04B028D2BDA1-SegmentedRaftLogWorker for RaftStorage:Storage Directory /workdir/hadoop-ozone/integration-test/target/test-dir/MiniOzoneClusterImpl-fd766fb6-1411-4689-98c5-9c021f2b9f54/datanode-2/data/ratis/eb9ccfda-9ca5-453d-9960-04b028d2bda1
2019-10-04 15:32:47,063 [pool-227-thread-1] INFO  server.RaftServerConfigKeys (ConfUtils.java:logGet(43)) - raft.server.log.queue.byte-limit = 2147483647 (custom)
2019-10-04 15:32:47,063 [pool-227-thread-1] INFO  server.RaftServerConfigKeys (ConfUtils.java:logGet(43)) - raft.server.log.queue.element-limit = 1024 (custom)
2019-10-04 15:32:47,063 [pool-227-thread-1] INFO  server.RaftServerConfigKeys (ConfUtils.java:logGet(43)) - raft.server.log.segment.size.max = 1048576 (custom)
2019-10-04 15:32:47,063 [pool-227-thread-1] INFO  server.RaftServerConfigKeys (ConfUtils.java:logGet(43)) - raft.server.log.preallocated.size = 16384 (custom)
2019-10-04 15:32:47,063 [pool-227-thread-1] INFO  server.RaftServerConfigKeys (ConfUtils.java:logGet(43)) - raft.server.log.write.buffer.size = 33554432 (custom)
2019-10-04 15:32:47,063 [pool-227-thread-1] INFO  server.RaftServerConfigKeys (ConfUtils.java:logGet(43)) - raft.server.log.force.sync.num = 128 (default)
2019-10-04 15:32:47,063 [pool-227-thread-1] INFO  server.RaftServerConfigKeys (ConfUtils.java:logGet(43)) - raft.server.log.statemachine.data.sync = true (default)
2019-10-04 15:32:47,063 [pool-227-thread-1] INFO  server.RaftServerConfigKeys (ConfUtils.java:logGet(43)) - raft.server.log.statemachine.data.sync.timeout = 10s (default)
2019-10-04 15:32:47,063 [pool-227-thread-1] INFO  server.RaftServerConfigKeys (ConfUtils.java:logGet(43)) - raft.server.log.statemachine.data.sync.timeout.retry = -1 (default)
2019-10-04 15:32:47,064 [pool-227-thread-1] INFO  server.RaftServerConfigKeys (ConfUtils.java:logGet(43)) - raft.server.log.statemachine.data.caching.enabled = true (custom)
2019-10-04 15:32:47,064 [pool-227-thread-1] INFO  segmented.SegmentedRaftLogWorker (SegmentedRaftLogWorker.java:lambda$new$0(128)) - aa2f742d-1aa3-4d94-aa6c-e8e052b0a6f5@group-04B028D2BDA1-SegmentedRaftLogWorker: flushIndex: setUnconditionally 0 -> -1
2019-10-04 15:32:47,064 [pool-227-thread-1] INFO  server.RaftServerConfigKeys (ConfUtils.java:logGet(43)) - raft.server.snapshot.auto.trigger.enabled = true (custom)
2019-10-04 15:32:47,064 [pool-227-thread-1] INFO  server.RaftServerConfigKeys (ConfUtils.java:logGet(43)) - raft.server.snapshot.auto.trigger.threshold = 10000 (custom)
2019-10-04 15:32:47,064 [pool-227-thread-1] INFO  server.RaftServerConfigKeys (ConfUtils.java:logGet(43)) - raft.server.snapshot.retention.file.num = 5 (custom)
2019-10-04 15:32:47,064 [pool-227-thread-1] INFO  server.RaftServerConfigKeys (ConfUtils.java:logGet(43)) - raft.server.retrycache.expirytime = 600000ms (custom)
2019-10-04 15:32:47,066 [pool-227-thread-1] INFO  impl.RaftServerImpl (RaftServerImpl.java:start(181)) - aa2f742d-1aa3-4d94-aa6c-e8e052b0a6f5@group-04B028D2BDA1: start as a follower, conf=-1: [aa2f742d-1aa3-4d94-aa6c-e8e052b0a6f5:192.168.164.204:38260], old=null
2019-10-04 15:32:47,066 [pool-227-thread-1] INFO  impl.RaftServerImpl (RaftServerImpl.java:setRole(170)) - aa2f742d-1aa3-4d94-aa6c-e8e052b0a6f5@group-04B028D2BDA1: changes role from      null to FOLLOWER at term 0 for startAsFollower
2019-10-04 15:32:47,066 [pool-227-thread-1] INFO  impl.RoleInfo (RoleInfo.java:updateAndGet(143)) - aa2f742d-1aa3-4d94-aa6c-e8e052b0a6f5: start FollowerState
2019-10-04 15:32:47,066 [pool-227-thread-1] INFO  util.JmxRegister (JmxRegister.java:tryRegister(44)) - Successfully registered JMX Bean with object name Ratis:service=RaftServer,group=group-04B028D2BDA1,id=aa2f742d-1aa3-4d94-aa6c-e8e052b0a6f5
2019-10-04 15:32:47,072 [RatisPipelineUtilsThread] INFO  pipeline.PipelineStateManager (PipelineStateManager.java:addPipeline(56)) - Created pipeline Pipeline[ Id: eb9ccfda-9ca5-453d-9960-04b028d2bda1, Nodes: aa2f742d-1aa3-4d94-aa6c-e8e052b0a6f5{ip: 192.168.164.204, host: pr-hdds-2237-hhfs2-232792562, networkLocation: /default-rack, certSerialId: null}, Type:RATIS, Factor:ONE, State:OPEN]
2019-10-04 15:32:47,089 [IPC Server handler 0 on 42573] INFO  net.NetworkTopology (NetworkTopologyImpl.java:add(111)) - Added a new node: /default-rack/510155e9-1ff2-4eee-a1f0-82904282d417
2019-10-04 15:32:47,090 [IPC Server handler 0 on 42573] INFO  node.SCMNodeManager (SCMNodeManager.java:register(266)) - Registered Data node : 510155e9-1ff2-4eee-a1f0-82904282d417{ip: 192.168.164.204, host: pr-hdds-2237-hhfs2-232792562, networkLocation: /default-rack, certSerialId: null}
2019-10-04 15:32:47,091 [grpc-default-executor-2] INFO  impl.RaftServerProxy (RaftServerProxy.java:addNew(89)) - 6e12a70d-a44a-4f5b-9ec5-f7c9b940dc20: addNew group-37BA3EDC0ABD:[6e12a70d-a44a-4f5b-9ec5-f7c9b940dc20:192.168.164.204:42570, aa2f742d-1aa3-4d94-aa6c-e8e052b0a6f5:192.168.164.204:38260, b46a1829-9c1c-43c9-8f23-f1cf878f156c:192.168.164.204:36833] returns group-37BA3EDC0ABD:java.util.concurrent.CompletableFuture@cc7cbb9[Not completed]
2019-10-04 15:32:47,091 [grpc-default-executor-6] INFO  impl.RaftServerProxy (RaftServerProxy.java:addNew(89)) - aa2f742d-1aa3-4d94-aa6c-e8e052b0a6f5: addNew group-37BA3EDC0ABD:[6e12a70d-a44a-4f5b-9ec5-f7c9b940dc20:192.168.164.204:42570, aa2f742d-1aa3-4d94-aa6c-e8e052b0a6f5:192.168.164.204:38260, b46a1829-9c1c-43c9-8f23-f1cf878f156c:192.168.164.204:36833] returns group-37BA3EDC0ABD:java.util.concurrent.CompletableFuture@6c5bc079[Not completed]
2019-10-04 15:32:47,091 [grpc-default-executor-3] INFO  impl.RaftServerProxy (RaftServerProxy.java:addNew(89)) - b46a1829-9c1c-43c9-8f23-f1cf878f156c: addNew group-37BA3EDC0ABD:[6e12a70d-a44a-4f5b-9ec5-f7c9b940dc20:192.168.164.204:42570, aa2f742d-1aa3-4d94-aa6c-e8e052b0a6f5:192.168.164.204:38260, b46a1829-9c1c-43c9-8f23-f1cf878f156c:192.168.164.204:36833] returns group-37BA3EDC0ABD:java.util.concurrent.CompletableFuture@16cdfa5b[Not completed]
2019-10-04 15:32:47,092 [pool-217-thread-1] INFO  impl.RaftServerImpl (RaftServerImpl.java:<init>(95)) - 6e12a70d-a44a-4f5b-9ec5-f7c9b940dc20: new RaftServerImpl for group-37BA3EDC0ABD:[6e12a70d-a44a-4f5b-9ec5-f7c9b940dc20:192.168.164.204:42570, aa2f742d-1aa3-4d94-aa6c-e8e052b0a6f5:192.168.164.204:38260, b46a1829-9c1c-43c9-8f23-f1cf878f156c:192.168.164.204:36833] with ContainerStateMachine:uninitialized
2019-10-04 15:32:47,093 [pool-217-thread-1] INFO  server.RaftServerConfigKeys (ConfUtils.java:logGet(43)) - raft.server.rpc.timeout.min = 5s (custom)
2019-10-04 15:32:47,093 [pool-217-thread-1] INFO  server.RaftServerConfigKeys (ConfUtils.java:logGet(43)) - raft.server.rpc.timeout.max = 5200ms (custom)
2019-10-04 15:32:47,093 [pool-217-thread-1] INFO  server.RaftServerConfigKeys (ConfUtils.java:logGet(43)) - raft.server.rpcslowness.timeout = 120s (custom)
2019-10-04 15:32:47,093 [pool-207-thread-1] INFO  impl.RaftServerImpl (RaftServerImpl.java:<init>(95)) - b46a1829-9c1c-43c9-8f23-f1cf878f156c: new RaftServerImpl for group-37BA3EDC0ABD:[6e12a70d-a44a-4f5b-9ec5-f7c9b940dc20:192.168.164.204:42570, aa2f742d-1aa3-4d94-aa6c-e8e052b0a6f5:192.168.164.204:38260, b46a1829-9c1c-43c9-8f23-f1cf878f156c:192.168.164.204:36833] with ContainerStateMachine:uninitialized
2019-10-04 15:32:47,093 [pool-217-thread-1] INFO  server.RaftServerConfigKeys (ConfUtils.java:logGet(43)) - raft.server.sleep.deviation.threshold = 300 (default)
2019-10-04 15:32:47,093 [pool-207-thread-1] INFO  server.RaftServerConfigKeys (ConfUtils.java:logGet(43)) - raft.server.rpc.timeout.min = 5s (custom)
2019-10-04 15:32:47,093 [pool-217-thread-1] INFO  server.RaftServerConfigKeys (ConfUtils.java:logGet(43)) - raft.server.log.appender.install.snapshot.enabled = false (custom)
2019-10-04 15:32:47,093 [pool-207-thread-1] INFO  server.RaftServerConfigKeys (ConfUtils.java:logGet(43)) - raft.server.rpc.timeout.max = 5200ms (custom)
2019-10-04 15:32:47,094 [pool-217-thread-1] INFO  impl.RaftServerImpl (ServerState.java:<init>(103)) - 6e12a70d-a44a-4f5b-9ec5-f7c9b940dc20@group-37BA3EDC0ABD: ConfigurationManager, init=-1: [6e12a70d-a44a-4f5b-9ec5-f7c9b940dc20:192.168.164.204:42570, aa2f742d-1aa3-4d94-aa6c-e8e052b0a6f5:192.168.164.204:38260, b46a1829-9c1c-43c9-8f23-f1cf878f156c:192.168.164.204:36833], old=null, confs=<EMPTY_MAP>
2019-10-04 15:32:47,094 [pool-207-thread-1] INFO  server.RaftServerConfigKeys (ConfUtils.java:logGet(43)) - raft.server.rpcslowness.timeout = 120s (custom)
2019-10-04 15:32:47,094 [pool-227-thread-1] INFO  impl.RaftServerImpl (RaftServerImpl.java:<init>(95)) - aa2f742d-1aa3-4d94-aa6c-e8e052b0a6f5: new RaftServerImpl for group-37BA3EDC0ABD:[6e12a70d-a44a-4f5b-9ec5-f7c9b940dc20:192.168.164.204:42570, aa2f742d-1aa3-4d94-aa6c-e8e052b0a6f5:192.168.164.204:38260, b46a1829-9c1c-43c9-8f23-f1cf878f156c:192.168.164.204:36833] with ContainerStateMachine:uninitialized
2019-10-04 15:32:47,094 [pool-217-thread-1] INFO  server.RaftServerConfigKeys (ConfUtils.java:logGet(43)) - raft.server.storage.dir = [/workdir/hadoop-ozone/integration-test/target/test-dir/MiniOzoneClusterImpl-fd766fb6-1411-4689-98c5-9c021f2b9f54/datanode-1/data/ratis] (custom)
2019-10-04 15:32:47,094 [pool-227-thread-1] INFO  server.RaftServerConfigKeys (ConfUtils.java:logGet(43)) - raft.server.rpc.timeout.min = 5s (custom)
2019-10-04 15:32:47,094 [pool-207-thread-1] INFO  server.RaftServerConfigKeys (ConfUtils.java:logGet(43)) - raft.server.sleep.deviation.threshold = 300 (default)
2019-10-04 15:32:47,094 [pool-227-thread-1] INFO  server.RaftServerConfigKeys (ConfUtils.java:logGet(43)) - raft.server.rpc.timeout.max = 5200ms (custom)
2019-10-04 15:32:47,094 [pool-217-thread-1] INFO  server.RaftServerConfigKeys (ConfUtils.java:logGet(43)) - raft.server.log.corruption.policy = EXCEPTION (default)
2019-10-04 15:32:47,095 [pool-227-thread-1] INFO  server.RaftServerConfigKeys (ConfUtils.java:logGet(43)) - raft.server.rpcslowness.timeout = 120s (custom)
2019-10-04 15:32:47,095 [pool-207-thread-1] INFO  server.RaftServerConfigKeys (ConfUtils.java:logGet(43)) - raft.server.log.appender.install.snapshot.enabled = false (custom)
2019-10-04 15:32:47,095 [pool-227-thread-1] INFO  server.RaftServerConfigKeys (ConfUtils.java:logGet(43)) - raft.server.sleep.deviation.threshold = 300 (default)
2019-10-04 15:32:47,095 [pool-217-thread-1] INFO  storage.RaftStorageDirectory (RaftStorageDirectory.java:analyzeStorage(246)) - The storage directory /workdir/hadoop-ozone/integration-test/target/test-dir/MiniOzoneClusterImpl-fd766fb6-1411-4689-98c5-9c021f2b9f54/datanode-1/data/ratis/48ea3235-1394-4854-83d3-37ba3edc0abd does not exist. Creating ...
2019-10-04 15:32:47,095 [pool-227-thread-1] INFO  server.RaftServerConfigKeys (ConfUtils.java:logGet(43)) - raft.server.log.appender.install.snapshot.enabled = false (custom)
2019-10-04 15:32:47,095 [pool-207-thread-1] INFO  impl.RaftServerImpl (ServerState.java:<init>(103)) - b46a1829-9c1c-43c9-8f23-f1cf878f156c@group-37BA3EDC0ABD: ConfigurationManager, init=-1: [6e12a70d-a44a-4f5b-9ec5-f7c9b940dc20:192.168.164.204:42570, aa2f742d-1aa3-4d94-aa6c-e8e052b0a6f5:192.168.164.204:38260, b46a1829-9c1c-43c9-8f23-f1cf878f156c:192.168.164.204:36833], old=null, confs=<EMPTY_MAP>
2019-10-04 15:32:47,096 [pool-227-thread-1] INFO  impl.RaftServerImpl (ServerState.java:<init>(103)) - aa2f742d-1aa3-4d94-aa6c-e8e052b0a6f5@group-37BA3EDC0ABD: ConfigurationManager, init=-1: [6e12a70d-a44a-4f5b-9ec5-f7c9b940dc20:192.168.164.204:42570, aa2f742d-1aa3-4d94-aa6c-e8e052b0a6f5:192.168.164.204:38260, b46a1829-9c1c-43c9-8f23-f1cf878f156c:192.168.164.204:36833], old=null, confs=<EMPTY_MAP>
2019-10-04 15:32:47,096 [pool-207-thread-1] INFO  server.RaftServerConfigKeys (ConfUtils.java:logGet(43)) - raft.server.storage.dir = [/workdir/hadoop-ozone/integration-test/target/test-dir/MiniOzoneClusterImpl-fd766fb6-1411-4689-98c5-9c021f2b9f54/datanode-0/data/ratis] (custom)
2019-10-04 15:32:47,096 [pool-227-thread-1] INFO  server.RaftServerConfigKeys (ConfUtils.java:logGet(43)) - raft.server.storage.dir = [/workdir/hadoop-ozone/integration-test/target/test-dir/MiniOzoneClusterImpl-fd766fb6-1411-4689-98c5-9c021f2b9f54/datanode-2/data/ratis] (custom)
2019-10-04 15:32:47,096 [pool-207-thread-1] INFO  server.RaftServerConfigKeys (ConfUtils.java:logGet(43)) - raft.server.log.corruption.policy = EXCEPTION (default)
2019-10-04 15:32:47,096 [pool-207-thread-1] INFO  storage.RaftStorageDirectory (RaftStorageDirectory.java:analyzeStorage(246)) - The storage directory /workdir/hadoop-ozone/integration-test/target/test-dir/MiniOzoneClusterImpl-fd766fb6-1411-4689-98c5-9c021f2b9f54/datanode-0/data/ratis/48ea3235-1394-4854-83d3-37ba3edc0abd does not exist. Creating ...
2019-10-04 15:32:47,096 [pool-227-thread-1] INFO  server.RaftServerConfigKeys (ConfUtils.java:logGet(43)) - raft.server.log.corruption.policy = EXCEPTION (default)
2019-10-04 15:32:47,097 [pool-227-thread-1] INFO  storage.RaftStorageDirectory (RaftStorageDirectory.java:analyzeStorage(246)) - The storage directory /workdir/hadoop-ozone/integration-test/target/test-dir/MiniOzoneClusterImpl-fd766fb6-1411-4689-98c5-9c021f2b9f54/datanode-2/data/ratis/48ea3235-1394-4854-83d3-37ba3edc0abd does not exist. Creating ...
2019-10-04 15:32:47,109 [pool-217-thread-1] INFO  storage.RaftStorageDirectory (RaftStorageDirectory.java:tryLock(328)) - Lock on /workdir/hadoop-ozone/integration-test/target/test-dir/MiniOzoneClusterImpl-fd766fb6-1411-4689-98c5-9c021f2b9f54/datanode-1/data/ratis/48ea3235-1394-4854-83d3-37ba3edc0abd/in_use.lock acquired by nodename 17050@pr-hdds-2237-hhfs2-232792562
2019-10-04 15:32:47,109 [pool-227-thread-1] INFO  storage.RaftStorageDirectory (RaftStorageDirectory.java:tryLock(328)) - Lock on /workdir/hadoop-ozone/integration-test/target/test-dir/MiniOzoneClusterImpl-fd766fb6-1411-4689-98c5-9c021f2b9f54/datanode-2/data/ratis/48ea3235-1394-4854-83d3-37ba3edc0abd/in_use.lock acquired by nodename 17050@pr-hdds-2237-hhfs2-232792562
2019-10-04 15:32:47,109 [pool-207-thread-1] INFO  storage.RaftStorageDirectory (RaftStorageDirectory.java:tryLock(328)) - Lock on /workdir/hadoop-ozone/integration-test/target/test-dir/MiniOzoneClusterImpl-fd766fb6-1411-4689-98c5-9c021f2b9f54/datanode-0/data/ratis/48ea3235-1394-4854-83d3-37ba3edc0abd/in_use.lock acquired by nodename 17050@pr-hdds-2237-hhfs2-232792562
2019-10-04 15:32:47,113 [pool-227-thread-1] INFO  storage.RaftStorage (RaftStorage.java:format(84)) - Storage directory /workdir/hadoop-ozone/integration-test/target/test-dir/MiniOzoneClusterImpl-fd766fb6-1411-4689-98c5-9c021f2b9f54/datanode-2/data/ratis/48ea3235-1394-4854-83d3-37ba3edc0abd has been successfully formatted.
2019-10-04 15:32:47,113 [pool-207-thread-1] INFO  storage.RaftStorage (RaftStorage.java:format(84)) - Storage directory /workdir/hadoop-ozone/integration-test/target/test-dir/MiniOzoneClusterImpl-fd766fb6-1411-4689-98c5-9c021f2b9f54/datanode-0/data/ratis/48ea3235-1394-4854-83d3-37ba3edc0abd has been successfully formatted.
2019-10-04 15:32:47,113 [pool-217-thread-1] INFO  storage.RaftStorage (RaftStorage.java:format(84)) - Storage directory /workdir/hadoop-ozone/integration-test/target/test-dir/MiniOzoneClusterImpl-fd766fb6-1411-4689-98c5-9c021f2b9f54/datanode-1/data/ratis/48ea3235-1394-4854-83d3-37ba3edc0abd has been successfully formatted.
2019-10-04 15:32:47,113 [pool-227-thread-1] INFO  ratis.ContainerStateMachine (ContainerStateMachine.java:loadSnapshot(230)) - group-37BA3EDC0ABD: The snapshot info is null. Setting the last applied indexto:(t:0, i:~)
2019-10-04 15:32:47,113 [pool-217-thread-1] INFO  ratis.ContainerStateMachine (ContainerStateMachine.java:loadSnapshot(230)) - group-37BA3EDC0ABD: The snapshot info is null. Setting the last applied indexto:(t:0, i:~)
2019-10-04 15:32:47,113 [pool-207-thread-1] INFO  ratis.ContainerStateMachine (ContainerStateMachine.java:loadSnapshot(230)) - group-37BA3EDC0ABD: The snapshot info is null. Setting the last applied indexto:(t:0, i:~)
2019-10-04 15:32:47,114 [pool-217-thread-1] INFO  server.RaftServerConfigKeys (ConfUtils.java:logGet(43)) - raft.server.notification.no-leader.timeout = 120s (custom)
2019-10-04 15:32:47,113 [pool-227-thread-1] INFO  server.RaftServerConfigKeys (ConfUtils.java:logGet(43)) - raft.server.notification.no-leader.timeout = 120s (custom)
2019-10-04 15:32:47,114 [pool-217-thread-1] INFO  server.RaftServerConfigKeys (ConfUtils.java:logGet(43)) - raft.server.log.use.memory = false (default)
2019-10-04 15:32:47,114 [pool-207-thread-1] INFO  server.RaftServerConfigKeys (ConfUtils.java:logGet(43)) - raft.server.notification.no-leader.timeout = 120s (custom)
2019-10-04 15:32:47,114 [pool-217-thread-1] INFO  server.RaftServerConfigKeys (ConfUtils.java:logGet(43)) - raft.server.log.purge.gap = 1000000 (custom)
2019-10-04 15:32:47,114 [pool-227-thread-1] INFO  server.RaftServerConfigKeys (ConfUtils.java:logGet(43)) - raft.server.log.use.memory = false (default)
2019-10-04 15:32:47,114 [pool-217-thread-1] INFO  server.RaftServerConfigKeys (ConfUtils.java:logGet(43)) - raft.server.log.appender.buffer.byte-limit = 33554432 (custom)
2019-10-04 15:32:47,114 [pool-207-thread-1] INFO  server.RaftServerConfigKeys (ConfUtils.java:logGet(43)) - raft.server.log.use.memory = false (default)
2019-10-04 15:32:47,114 [pool-217-thread-1] INFO  server.RaftServerConfigKeys (ConfUtils.java:logGet(43)) - raft.server.log.segment.size.max = 1048576 (custom)
2019-10-04 15:32:47,114 [pool-227-thread-1] INFO  server.RaftServerConfigKeys (ConfUtils.java:logGet(43)) - raft.server.log.purge.gap = 1000000 (custom)
2019-10-04 15:32:47,115 [pool-217-thread-1] INFO  server.RaftServerConfigKeys (ConfUtils.java:logGet(43)) - raft.server.log.segment.cache.num.max = 2 (custom)
2019-10-04 15:32:47,115 [pool-207-thread-1] INFO  server.RaftServerConfigKeys (ConfUtils.java:logGet(43)) - raft.server.log.purge.gap = 1000000 (custom)
2019-10-04 15:32:47,115 [pool-217-thread-1] INFO  segmented.SegmentedRaftLogWorker (SegmentedRaftLogWorker.java:<init>(173)) - new 6e12a70d-a44a-4f5b-9ec5-f7c9b940dc20@group-37BA3EDC0ABD-SegmentedRaftLogWorker for RaftStorage:Storage Directory /workdir/hadoop-ozone/integration-test/target/test-dir/MiniOzoneClusterImpl-fd766fb6-1411-4689-98c5-9c021f2b9f54/datanode-1/data/ratis/48ea3235-1394-4854-83d3-37ba3edc0abd
2019-10-04 15:32:47,115 [pool-227-thread-1] INFO  server.RaftServerConfigKeys (ConfUtils.java:logGet(43)) - raft.server.log.appender.buffer.byte-limit = 33554432 (custom)
2019-10-04 15:32:47,115 [pool-217-thread-1] INFO  server.RaftServerConfigKeys (ConfUtils.java:logGet(43)) - raft.server.log.queue.byte-limit = 2147483647 (custom)
2019-10-04 15:32:47,115 [pool-207-thread-1] INFO  server.RaftServerConfigKeys (ConfUtils.java:logGet(43)) - raft.server.log.appender.buffer.byte-limit = 33554432 (custom)
2019-10-04 15:32:47,115 [pool-217-thread-1] INFO  server.RaftServerConfigKeys (ConfUtils.java:logGet(43)) - raft.server.log.queue.element-limit = 1024 (custom)
2019-10-04 15:32:47,116 [pool-217-thread-1] INFO  server.RaftServerConfigKeys (ConfUtils.java:logGet(43)) - raft.server.log.segment.size.max = 1048576 (custom)
2019-10-04 15:32:47,115 [pool-227-thread-1] INFO  server.RaftServerConfigKeys (ConfUtils.java:logGet(43)) - raft.server.log.segment.size.max = 1048576 (custom)
2019-10-04 15:32:47,116 [pool-217-thread-1] INFO  server.RaftServerConfigKeys (ConfUtils.java:logGet(43)) - raft.server.log.preallocated.size = 16384 (custom)
2019-10-04 15:32:47,115 [pool-207-thread-1] INFO  server.RaftServerConfigKeys (ConfUtils.java:logGet(43)) - raft.server.log.segment.size.max = 1048576 (custom)
2019-10-04 15:32:47,116 [pool-217-thread-1] INFO  server.RaftServerConfigKeys (ConfUtils.java:logGet(43)) - raft.server.log.write.buffer.size = 33554432 (custom)
2019-10-04 15:32:47,116 [pool-217-thread-1] INFO  server.RaftServerConfigKeys (ConfUtils.java:logGet(43)) - raft.server.log.force.sync.num = 128 (default)
2019-10-04 15:32:47,116 [pool-227-thread-1] INFO  server.RaftServerConfigKeys (ConfUtils.java:logGet(43)) - raft.server.log.segment.cache.num.max = 2 (custom)
2019-10-04 15:32:47,116 [pool-217-thread-1] INFO  server.RaftServerConfigKeys (ConfUtils.java:logGet(43)) - raft.server.log.statemachine.data.sync = true (default)
2019-10-04 15:32:47,116 [pool-207-thread-1] INFO  server.RaftServerConfigKeys (ConfUtils.java:logGet(43)) - raft.server.log.segment.cache.num.max = 2 (custom)
2019-10-04 15:32:47,116 [pool-217-thread-1] INFO  server.RaftServerConfigKeys (ConfUtils.java:logGet(43)) - raft.server.log.statemachine.data.sync.timeout = 10s (default)
2019-10-04 15:32:47,116 [pool-227-thread-1] INFO  segmented.SegmentedRaftLogWorker (SegmentedRaftLogWorker.java:<init>(173)) - new aa2f742d-1aa3-4d94-aa6c-e8e052b0a6f5@group-37BA3EDC0ABD-SegmentedRaftLogWorker for RaftStorage:Storage Directory /workdir/hadoop-ozone/integration-test/target/test-dir/MiniOzoneClusterImpl-fd766fb6-1411-4689-98c5-9c021f2b9f54/datanode-2/data/ratis/48ea3235-1394-4854-83d3-37ba3edc0abd
2019-10-04 15:32:47,117 [pool-217-thread-1] INFO  server.RaftServerConfigKeys (ConfUtils.java:logGet(43)) - raft.server.log.statemachine.data.sync.timeout.retry = -1 (default)
2019-10-04 15:32:47,116 [pool-207-thread-1] INFO  segmented.SegmentedRaftLogWorker (SegmentedRaftLogWorker.java:<init>(173)) - new b46a1829-9c1c-43c9-8f23-f1cf878f156c@group-37BA3EDC0ABD-SegmentedRaftLogWorker for RaftStorage:Storage Directory /workdir/hadoop-ozone/integration-test/target/test-dir/MiniOzoneClusterImpl-fd766fb6-1411-4689-98c5-9c021f2b9f54/datanode-0/data/ratis/48ea3235-1394-4854-83d3-37ba3edc0abd
2019-10-04 15:32:47,117 [pool-217-thread-1] INFO  server.RaftServerConfigKeys (ConfUtils.java:logGet(43)) - raft.server.log.statemachine.data.caching.enabled = true (custom)
2019-10-04 15:32:47,117 [pool-227-thread-1] INFO  server.RaftServerConfigKeys (ConfUtils.java:logGet(43)) - raft.server.log.queue.byte-limit = 2147483647 (custom)
2019-10-04 15:32:47,117 [pool-207-thread-1] INFO  server.RaftServerConfigKeys (ConfUtils.java:logGet(43)) - raft.server.log.queue.byte-limit = 2147483647 (custom)
2019-10-04 15:32:47,117 [pool-227-thread-1] INFO  server.RaftServerConfigKeys (ConfUtils.java:logGet(43)) - raft.server.log.queue.element-limit = 1024 (custom)
2019-10-04 15:32:47,117 [pool-217-thread-1] INFO  segmented.SegmentedRaftLogWorker (SegmentedRaftLogWorker.java:lambda$new$0(128)) - 6e12a70d-a44a-4f5b-9ec5-f7c9b940dc20@group-37BA3EDC0ABD-SegmentedRaftLogWorker: flushIndex: setUnconditionally 0 -> -1
2019-10-04 15:32:47,117 [pool-227-thread-1] INFO  server.RaftServerConfigKeys (ConfUtils.java:logGet(43)) - raft.server.log.segment.size.max = 1048576 (custom)
2019-10-04 15:32:47,117 [pool-207-thread-1] INFO  server.RaftServerConfigKeys (ConfUtils.java:logGet(43)) - raft.server.log.queue.element-limit = 1024 (custom)
2019-10-04 15:32:47,118 [pool-217-thread-1] INFO  server.RaftServerConfigKeys (ConfUtils.java:logGet(43)) - raft.server.snapshot.auto.trigger.enabled = true (custom)
2019-10-04 15:32:47,118 [pool-227-thread-1] INFO  server.RaftServerConfigKeys (ConfUtils.java:logGet(43)) - raft.server.log.preallocated.size = 16384 (custom)
2019-10-04 15:32:47,118 [pool-217-thread-1] INFO  server.RaftServerConfigKeys (ConfUtils.java:logGet(43)) - raft.server.snapshot.auto.trigger.threshold = 10000 (custom)
2019-10-04 15:32:47,118 [pool-207-thread-1] INFO  server.RaftServerConfigKeys (ConfUtils.java:logGet(43)) - raft.server.log.segment.size.max = 1048576 (custom)
2019-10-04 15:32:47,118 [pool-217-thread-1] INFO  server.RaftServerConfigKeys (ConfUtils.java:logGet(43)) - raft.server.snapshot.retention.file.num = 5 (custom)
2019-10-04 15:32:47,118 [pool-227-thread-1] INFO  server.RaftServerConfigKeys (ConfUtils.java:logGet(43)) - raft.server.log.write.buffer.size = 33554432 (custom)
2019-10-04 15:32:47,118 [pool-217-thread-1] INFO  server.RaftServerConfigKeys (ConfUtils.java:logGet(43)) - raft.server.retrycache.expirytime = 600000ms (custom)
2019-10-04 15:32:47,118 [pool-207-thread-1] INFO  server.RaftServerConfigKeys (ConfUtils.java:logGet(43)) - raft.server.log.preallocated.size = 16384 (custom)
2019-10-04 15:32:47,118 [pool-227-thread-1] INFO  server.RaftServerConfigKeys (ConfUtils.java:logGet(43)) - raft.server.log.force.sync.num = 128 (default)
2019-10-04 15:32:47,119 [pool-207-thread-1] INFO  server.RaftServerConfigKeys (ConfUtils.java:logGet(43)) - raft.server.log.write.buffer.size = 33554432 (custom)
2019-10-04 15:32:47,119 [pool-227-thread-1] INFO  server.RaftServerConfigKeys (ConfUtils.java:logGet(43)) - raft.server.log.statemachine.data.sync = true (default)
2019-10-04 15:32:47,119 [pool-207-thread-1] INFO  server.RaftServerConfigKeys (ConfUtils.java:logGet(43)) - raft.server.log.force.sync.num = 128 (default)
2019-10-04 15:32:47,119 [pool-227-thread-1] INFO  server.RaftServerConfigKeys (ConfUtils.java:logGet(43)) - raft.server.log.statemachine.data.sync.timeout = 10s (default)
2019-10-04 15:32:47,119 [pool-207-thread-1] INFO  server.RaftServerConfigKeys (ConfUtils.java:logGet(43)) - raft.server.log.statemachine.data.sync = true (default)
2019-10-04 15:32:47,119 [pool-227-thread-1] INFO  server.RaftServerConfigKeys (ConfUtils.java:logGet(43)) - raft.server.log.statemachine.data.sync.timeout.retry = -1 (default)
2019-10-04 15:32:47,120 [pool-207-thread-1] INFO  server.RaftServerConfigKeys (ConfUtils.java:logGet(43)) - raft.server.log.statemachine.data.sync.timeout = 10s (default)
2019-10-04 15:32:47,120 [pool-227-thread-1] INFO  server.RaftServerConfigKeys (ConfUtils.java:logGet(43)) - raft.server.log.statemachine.data.caching.enabled = true (custom)
2019-10-04 15:32:47,120 [pool-217-thread-1] INFO  impl.RaftServerImpl (RaftServerImpl.java:start(181)) - 6e12a70d-a44a-4f5b-9ec5-f7c9b940dc20@group-37BA3EDC0ABD: start as a follower, conf=-1: [6e12a70d-a44a-4f5b-9ec5-f7c9b940dc20:192.168.164.204:42570, aa2f742d-1aa3-4d94-aa6c-e8e052b0a6f5:192.168.164.204:38260, b46a1829-9c1c-43c9-8f23-f1cf878f156c:192.168.164.204:36833], old=null
2019-10-04 15:32:47,120 [pool-207-thread-1] INFO  server.RaftServerConfigKeys (ConfUtils.java:logGet(43)) - raft.server.log.statemachine.data.sync.timeout.retry = -1 (default)
2019-10-04 15:32:47,120 [pool-227-thread-1] INFO  segmented.SegmentedRaftLogWorker (SegmentedRaftLogWorker.java:lambda$new$0(128)) - aa2f742d-1aa3-4d94-aa6c-e8e052b0a6f5@group-37BA3EDC0ABD-SegmentedRaftLogWorker: flushIndex: setUnconditionally 0 -> -1
2019-10-04 15:32:47,120 [pool-217-thread-1] INFO  impl.RaftServerImpl (RaftServerImpl.java:setRole(170)) - 6e12a70d-a44a-4f5b-9ec5-f7c9b940dc20@group-37BA3EDC0ABD: changes role from      null to FOLLOWER at term 0 for startAsFollower
2019-10-04 15:32:47,120 [pool-207-thread-1] INFO  server.RaftServerConfigKeys (ConfUtils.java:logGet(43)) - raft.server.log.statemachine.data.caching.enabled = true (custom)
2019-10-04 15:32:47,120 [pool-227-thread-1] INFO  server.RaftServerConfigKeys (ConfUtils.java:logGet(43)) - raft.server.snapshot.auto.trigger.enabled = true (custom)
2019-10-04 15:32:47,120 [pool-217-thread-1] INFO  impl.RoleInfo (RoleInfo.java:updateAndGet(143)) - 6e12a70d-a44a-4f5b-9ec5-f7c9b940dc20: start FollowerState
2019-10-04 15:32:47,121 [pool-227-thread-1] INFO  server.RaftServerConfigKeys (ConfUtils.java:logGet(43)) - raft.server.snapshot.auto.trigger.threshold = 10000 (custom)
2019-10-04 15:32:47,121 [pool-207-thread-1] INFO  segmented.SegmentedRaftLogWorker (SegmentedRaftLogWorker.java:lambda$new$0(128)) - b46a1829-9c1c-43c9-8f23-f1cf878f156c@group-37BA3EDC0ABD-SegmentedRaftLogWorker: flushIndex: setUnconditionally 0 -> -1
2019-10-04 15:32:47,121 [pool-217-thread-1] INFO  util.JmxRegister (JmxRegister.java:tryRegister(44)) - Successfully registered JMX Bean with object name Ratis:service=RaftServer,group=group-37BA3EDC0ABD,id=6e12a70d-a44a-4f5b-9ec5-f7c9b940dc20
2019-10-04 15:32:47,121 [pool-227-thread-1] INFO  server.RaftServerConfigKeys (ConfUtils.java:logGet(43)) - raft.server.snapshot.retention.file.num = 5 (custom)
2019-10-04 15:32:47,121 [pool-207-thread-1] INFO  server.RaftServerConfigKeys (ConfUtils.java:logGet(43)) - raft.server.snapshot.auto.trigger.enabled = true (custom)
2019-10-04 15:32:47,121 [pool-227-thread-1] INFO  server.RaftServerConfigKeys (ConfUtils.java:logGet(43)) - raft.server.retrycache.expirytime = 600000ms (custom)
2019-10-04 15:32:47,121 [pool-207-thread-1] INFO  server.RaftServerConfigKeys (ConfUtils.java:logGet(43)) - raft.server.snapshot.auto.trigger.threshold = 10000 (custom)
2019-10-04 15:32:47,121 [pool-207-thread-1] INFO  server.RaftServerConfigKeys (ConfUtils.java:logGet(43)) - raft.server.snapshot.retention.file.num = 5 (custom)
2019-10-04 15:32:47,122 [pool-207-thread-1] INFO  server.RaftServerConfigKeys (ConfUtils.java:logGet(43)) - raft.server.retrycache.expirytime = 600000ms (custom)
2019-10-04 15:32:47,126 [pool-227-thread-1] INFO  impl.RaftServerImpl (RaftServerImpl.java:start(181)) - aa2f742d-1aa3-4d94-aa6c-e8e052b0a6f5@group-37BA3EDC0ABD: start as a follower, conf=-1: [6e12a70d-a44a-4f5b-9ec5-f7c9b940dc20:192.168.164.204:42570, aa2f742d-1aa3-4d94-aa6c-e8e052b0a6f5:192.168.164.204:38260, b46a1829-9c1c-43c9-8f23-f1cf878f156c:192.168.164.204:36833], old=null
2019-10-04 15:32:47,126 [pool-227-thread-1] INFO  impl.RaftServerImpl (RaftServerImpl.java:setRole(170)) - aa2f742d-1aa3-4d94-aa6c-e8e052b0a6f5@group-37BA3EDC0ABD: changes role from      null to FOLLOWER at term 0 for startAsFollower
2019-10-04 15:32:47,127 [pool-227-thread-1] INFO  impl.RoleInfo (RoleInfo.java:updateAndGet(143)) - aa2f742d-1aa3-4d94-aa6c-e8e052b0a6f5: start FollowerState
2019-10-04 15:32:47,127 [pool-207-thread-1] INFO  impl.RaftServerImpl (RaftServerImpl.java:start(181)) - b46a1829-9c1c-43c9-8f23-f1cf878f156c@group-37BA3EDC0ABD: start as a follower, conf=-1: [6e12a70d-a44a-4f5b-9ec5-f7c9b940dc20:192.168.164.204:42570, aa2f742d-1aa3-4d94-aa6c-e8e052b0a6f5:192.168.164.204:38260, b46a1829-9c1c-43c9-8f23-f1cf878f156c:192.168.164.204:36833], old=null
2019-10-04 15:32:47,127 [pool-227-thread-1] INFO  util.JmxRegister (JmxRegister.java:tryRegister(44)) - Successfully registered JMX Bean with object name Ratis:service=RaftServer,group=group-37BA3EDC0ABD,id=aa2f742d-1aa3-4d94-aa6c-e8e052b0a6f5
2019-10-04 15:32:47,127 [pool-207-thread-1] INFO  impl.RaftServerImpl (RaftServerImpl.java:setRole(170)) - b46a1829-9c1c-43c9-8f23-f1cf878f156c@group-37BA3EDC0ABD: changes role from      null to FOLLOWER at term 0 for startAsFollower
2019-10-04 15:32:47,127 [pool-207-thread-1] INFO  impl.RoleInfo (RoleInfo.java:updateAndGet(143)) - b46a1829-9c1c-43c9-8f23-f1cf878f156c: start FollowerState
2019-10-04 15:32:47,128 [pool-207-thread-1] INFO  util.JmxRegister (JmxRegister.java:tryRegister(44)) - Successfully registered JMX Bean with object name Ratis:service=RaftServer,group=group-37BA3EDC0ABD,id=b46a1829-9c1c-43c9-8f23-f1cf878f156c
2019-10-04 15:32:47,136 [RatisPipelineUtilsThread] INFO  pipeline.PipelineStateManager (PipelineStateManager.java:addPipeline(56)) - Created pipeline Pipeline[ Id: 48ea3235-1394-4854-83d3-37ba3edc0abd, Nodes: 6e12a70d-a44a-4f5b-9ec5-f7c9b940dc20{ip: 192.168.164.204, host: pr-hdds-2237-hhfs2-232792562, networkLocation: /default-rack, certSerialId: null}b46a1829-9c1c-43c9-8f23-f1cf878f156c{ip: 192.168.164.204, host: pr-hdds-2237-hhfs2-232792562, networkLocation: /default-rack, certSerialId: null}aa2f742d-1aa3-4d94-aa6c-e8e052b0a6f5{ip: 192.168.164.204, host: pr-hdds-2237-hhfs2-232792562, networkLocation: /default-rack, certSerialId: null}, Type:RATIS, Factor:THREE, State:OPEN]
2019-10-04 15:32:47,166 [IPC Server handler 2 on 42573] INFO  net.NetworkTopology (NetworkTopologyImpl.java:add(111)) - Added a new node: /default-rack/0decd62e-80e0-4e5c-b25d-8770daaeb30f
2019-10-04 15:32:47,167 [IPC Server handler 2 on 42573] INFO  node.SCMNodeManager (SCMNodeManager.java:register(266)) - Registered Data node : 0decd62e-80e0-4e5c-b25d-8770daaeb30f{ip: 192.168.164.204, host: pr-hdds-2237-hhfs2-232792562, networkLocation: /default-rack, certSerialId: null}
2019-10-04 15:32:47,176 [grpc-default-executor-3] INFO  impl.RaftServerProxy (RaftServerProxy.java:addNew(89)) - 510155e9-1ff2-4eee-a1f0-82904282d417: addNew group-2C0D3EC6F466:[510155e9-1ff2-4eee-a1f0-82904282d417:192.168.164.204:40133] returns group-2C0D3EC6F466:java.util.concurrent.CompletableFuture@880e3dc[Not completed]
2019-10-04 15:32:47,179 [pool-237-thread-1] INFO  impl.RaftServerImpl (RaftServerImpl.java:<init>(95)) - 510155e9-1ff2-4eee-a1f0-82904282d417: new RaftServerImpl for group-2C0D3EC6F466:[510155e9-1ff2-4eee-a1f0-82904282d417:192.168.164.204:40133] with ContainerStateMachine:uninitialized
2019-10-04 15:32:47,179 [pool-237-thread-1] INFO  server.RaftServerConfigKeys (ConfUtils.java:logGet(43)) - raft.server.rpc.timeout.min = 5s (custom)
2019-10-04 15:32:47,179 [pool-237-thread-1] INFO  server.RaftServerConfigKeys (ConfUtils.java:logGet(43)) - raft.server.rpc.timeout.max = 5200ms (custom)
2019-10-04 15:32:47,180 [pool-237-thread-1] INFO  server.RaftServerConfigKeys (ConfUtils.java:logGet(43)) - raft.server.rpcslowness.timeout = 120s (custom)
2019-10-04 15:32:47,180 [pool-237-thread-1] INFO  server.RaftServerConfigKeys (ConfUtils.java:logGet(43)) - raft.server.sleep.deviation.threshold = 300 (default)
2019-10-04 15:32:47,180 [pool-237-thread-1] INFO  server.RaftServerConfigKeys (ConfUtils.java:logGet(43)) - raft.server.log.appender.install.snapshot.enabled = false (custom)
2019-10-04 15:32:47,180 [pool-237-thread-1] INFO  impl.RaftServerImpl (ServerState.java:<init>(103)) - 510155e9-1ff2-4eee-a1f0-82904282d417@group-2C0D3EC6F466: ConfigurationManager, init=-1: [510155e9-1ff2-4eee-a1f0-82904282d417:192.168.164.204:40133], old=null, confs=<EMPTY_MAP>
2019-10-04 15:32:47,180 [pool-237-thread-1] INFO  server.RaftServerConfigKeys (ConfUtils.java:logGet(43)) - raft.server.storage.dir = [/workdir/hadoop-ozone/integration-test/target/test-dir/MiniOzoneClusterImpl-fd766fb6-1411-4689-98c5-9c021f2b9f54/datanode-3/data/ratis] (custom)
2019-10-04 15:32:47,180 [pool-237-thread-1] INFO  server.RaftServerConfigKeys (ConfUtils.java:logGet(43)) - raft.server.log.corruption.policy = EXCEPTION (default)
2019-10-04 15:32:47,181 [pool-237-thread-1] INFO  storage.RaftStorageDirectory (RaftStorageDirectory.java:analyzeStorage(246)) - The storage directory /workdir/hadoop-ozone/integration-test/target/test-dir/MiniOzoneClusterImpl-fd766fb6-1411-4689-98c5-9c021f2b9f54/datanode-3/data/ratis/04ae9234-5483-4eb7-8e2a-2c0d3ec6f466 does not exist. Creating ...
2019-10-04 15:32:47,236 [pool-237-thread-1] INFO  storage.RaftStorageDirectory (RaftStorageDirectory.java:tryLock(328)) - Lock on /workdir/hadoop-ozone/integration-test/target/test-dir/MiniOzoneClusterImpl-fd766fb6-1411-4689-98c5-9c021f2b9f54/datanode-3/data/ratis/04ae9234-5483-4eb7-8e2a-2c0d3ec6f466/in_use.lock acquired by nodename 17050@pr-hdds-2237-hhfs2-232792562
2019-10-04 15:32:47,244 [pool-237-thread-1] INFO  storage.RaftStorage (RaftStorage.java:format(84)) - Storage directory /workdir/hadoop-ozone/integration-test/target/test-dir/MiniOzoneClusterImpl-fd766fb6-1411-4689-98c5-9c021f2b9f54/datanode-3/data/ratis/04ae9234-5483-4eb7-8e2a-2c0d3ec6f466 has been successfully formatted.
2019-10-04 15:32:47,244 [pool-237-thread-1] INFO  ratis.ContainerStateMachine (ContainerStateMachine.java:loadSnapshot(230)) - group-2C0D3EC6F466: The snapshot info is null. Setting the last applied indexto:(t:0, i:~)
2019-10-04 15:32:47,245 [pool-237-thread-1] INFO  server.RaftServerConfigKeys (ConfUtils.java:logGet(43)) - raft.server.notification.no-leader.timeout = 120s (custom)
2019-10-04 15:32:47,245 [pool-237-thread-1] INFO  server.RaftServerConfigKeys (ConfUtils.java:logGet(43)) - raft.server.log.use.memory = false (default)
2019-10-04 15:32:47,245 [pool-237-thread-1] INFO  server.RaftServerConfigKeys (ConfUtils.java:logGet(43)) - raft.server.log.purge.gap = 1000000 (custom)
2019-10-04 15:32:47,245 [pool-237-thread-1] INFO  server.RaftServerConfigKeys (ConfUtils.java:logGet(43)) - raft.server.log.appender.buffer.byte-limit = 33554432 (custom)
2019-10-04 15:32:47,245 [pool-237-thread-1] INFO  server.RaftServerConfigKeys (ConfUtils.java:logGet(43)) - raft.server.log.segment.size.max = 1048576 (custom)
2019-10-04 15:32:47,247 [pool-237-thread-1] INFO  server.RaftServerConfigKeys (ConfUtils.java:logGet(43)) - raft.server.log.segment.cache.num.max = 2 (custom)
2019-10-04 15:32:47,247 [pool-237-thread-1] INFO  segmented.SegmentedRaftLogWorker (SegmentedRaftLogWorker.java:<init>(173)) - new 510155e9-1ff2-4eee-a1f0-82904282d417@group-2C0D3EC6F466-SegmentedRaftLogWorker for RaftStorage:Storage Directory /workdir/hadoop-ozone/integration-test/target/test-dir/MiniOzoneClusterImpl-fd766fb6-1411-4689-98c5-9c021f2b9f54/datanode-3/data/ratis/04ae9234-5483-4eb7-8e2a-2c0d3ec6f466
2019-10-04 15:32:47,247 [pool-237-thread-1] INFO  server.RaftServerConfigKeys (ConfUtils.java:logGet(43)) - raft.server.log.queue.byte-limit = 2147483647 (custom)
2019-10-04 15:32:47,247 [pool-237-thread-1] INFO  server.RaftServerConfigKeys (ConfUtils.java:logGet(43)) - raft.server.log.queue.element-limit = 1024 (custom)
2019-10-04 15:32:47,247 [pool-237-thread-1] INFO  server.RaftServerConfigKeys (ConfUtils.java:logGet(43)) - raft.server.log.segment.size.max = 1048576 (custom)
2019-10-04 15:32:47,247 [pool-237-thread-1] INFO  server.RaftServerConfigKeys (ConfUtils.java:logGet(43)) - raft.server.log.preallocated.size = 16384 (custom)
2019-10-04 15:32:47,247 [pool-237-thread-1] INFO  server.RaftServerConfigKeys (ConfUtils.java:logGet(43)) - raft.server.log.write.buffer.size = 33554432 (custom)
2019-10-04 15:32:47,248 [pool-237-thread-1] INFO  server.RaftServerConfigKeys (ConfUtils.java:logGet(43)) - raft.server.log.force.sync.num = 128 (default)
2019-10-04 15:32:47,248 [pool-237-thread-1] INFO  server.RaftServerConfigKeys (ConfUtils.java:logGet(43)) - raft.server.log.statemachine.data.sync = true (default)
2019-10-04 15:32:47,248 [pool-237-thread-1] INFO  server.RaftServerConfigKeys (ConfUtils.java:logGet(43)) - raft.server.log.statemachine.data.sync.timeout = 10s (default)
2019-10-04 15:32:47,248 [pool-237-thread-1] INFO  server.RaftServerConfigKeys (ConfUtils.java:logGet(43)) - raft.server.log.statemachine.data.sync.timeout.retry = -1 (default)
2019-10-04 15:32:47,248 [pool-237-thread-1] INFO  server.RaftServerConfigKeys (ConfUtils.java:logGet(43)) - raft.server.log.statemachine.data.caching.enabled = true (custom)
2019-10-04 15:32:47,248 [pool-237-thread-1] INFO  segmented.SegmentedRaftLogWorker (SegmentedRaftLogWorker.java:lambda$new$0(128)) - 510155e9-1ff2-4eee-a1f0-82904282d417@group-2C0D3EC6F466-SegmentedRaftLogWorker: flushIndex: setUnconditionally 0 -> -1
2019-10-04 15:32:47,249 [pool-237-thread-1] INFO  server.RaftServerConfigKeys (ConfUtils.java:logGet(43)) - raft.server.snapshot.auto.trigger.enabled = true (custom)
2019-10-04 15:32:47,249 [pool-237-thread-1] INFO  server.RaftServerConfigKeys (ConfUtils.java:logGet(43)) - raft.server.snapshot.auto.trigger.threshold = 10000 (custom)
2019-10-04 15:32:47,249 [pool-237-thread-1] INFO  server.RaftServerConfigKeys (ConfUtils.java:logGet(43)) - raft.server.snapshot.retention.file.num = 5 (custom)
2019-10-04 15:32:47,249 [pool-237-thread-1] INFO  server.RaftServerConfigKeys (ConfUtils.java:logGet(43)) - raft.server.retrycache.expirytime = 600000ms (custom)
2019-10-04 15:32:47,250 [pool-237-thread-1] INFO  impl.RaftServerImpl (RaftServerImpl.java:start(181)) - 510155e9-1ff2-4eee-a1f0-82904282d417@group-2C0D3EC6F466: start as a follower, conf=-1: [510155e9-1ff2-4eee-a1f0-82904282d417:192.168.164.204:40133], old=null
2019-10-04 15:32:47,250 [pool-237-thread-1] INFO  impl.RaftServerImpl (RaftServerImpl.java:setRole(170)) - 510155e9-1ff2-4eee-a1f0-82904282d417@group-2C0D3EC6F466: changes role from      null to FOLLOWER at term 0 for startAsFollower
2019-10-04 15:32:47,250 [pool-237-thread-1] INFO  impl.RoleInfo (RoleInfo.java:updateAndGet(143)) - 510155e9-1ff2-4eee-a1f0-82904282d417: start FollowerState
2019-10-04 15:32:47,251 [pool-237-thread-1] INFO  util.JmxRegister (JmxRegister.java:tryRegister(44)) - Successfully registered JMX Bean with object name Ratis:service=RaftServer,group=group-2C0D3EC6F466,id=510155e9-1ff2-4eee-a1f0-82904282d417
2019-10-04 15:32:47,251 [IPC Server handler 4 on 42573] INFO  net.NetworkTopology (NetworkTopologyImpl.java:add(111)) - Added a new node: /default-rack/48428e1f-d04f-4e60-a3da-a20d4689e94c
2019-10-04 15:32:47,251 [IPC Server handler 4 on 42573] INFO  node.SCMNodeManager (SCMNodeManager.java:register(266)) - Registered Data node : 48428e1f-d04f-4e60-a3da-a20d4689e94c{ip: 192.168.164.204, host: pr-hdds-2237-hhfs2-232792562, networkLocation: /default-rack, certSerialId: null}
2019-10-04 15:32:47,257 [RatisPipelineUtilsThread] INFO  pipeline.PipelineStateManager (PipelineStateManager.java:addPipeline(56)) - Created pipeline Pipeline[ Id: 04ae9234-5483-4eb7-8e2a-2c0d3ec6f466, Nodes: 510155e9-1ff2-4eee-a1f0-82904282d417{ip: 192.168.164.204, host: pr-hdds-2237-hhfs2-232792562, networkLocation: /default-rack, certSerialId: null}, Type:RATIS, Factor:ONE, State:OPEN]
2019-10-04 15:32:47,266 [grpc-default-executor-3] INFO  impl.RaftServerProxy (RaftServerProxy.java:addNew(89)) - 48428e1f-d04f-4e60-a3da-a20d4689e94c: addNew group-25EF126B9993:[48428e1f-d04f-4e60-a3da-a20d4689e94c:192.168.164.204:41584] returns group-25EF126B9993:java.util.concurrent.CompletableFuture@51684c8a[Not completed]
2019-10-04 15:32:47,267 [pool-257-thread-1] INFO  impl.RaftServerImpl (RaftServerImpl.java:<init>(95)) - 48428e1f-d04f-4e60-a3da-a20d4689e94c: new RaftServerImpl for group-25EF126B9993:[48428e1f-d04f-4e60-a3da-a20d4689e94c:192.168.164.204:41584] with ContainerStateMachine:uninitialized
2019-10-04 15:32:47,268 [pool-257-thread-1] INFO  server.RaftServerConfigKeys (ConfUtils.java:logGet(43)) - raft.server.rpc.timeout.min = 5s (custom)
2019-10-04 15:32:47,268 [pool-257-thread-1] INFO  server.RaftServerConfigKeys (ConfUtils.java:logGet(43)) - raft.server.rpc.timeout.max = 5200ms (custom)
2019-10-04 15:32:47,268 [pool-257-thread-1] INFO  server.RaftServerConfigKeys (ConfUtils.java:logGet(43)) - raft.server.rpcslowness.timeout = 120s (custom)
2019-10-04 15:32:47,268 [pool-257-thread-1] INFO  server.RaftServerConfigKeys (ConfUtils.java:logGet(43)) - raft.server.sleep.deviation.threshold = 300 (default)
2019-10-04 15:32:47,268 [pool-257-thread-1] INFO  server.RaftServerConfigKeys (ConfUtils.java:logGet(43)) - raft.server.log.appender.install.snapshot.enabled = false (custom)
2019-10-04 15:32:47,268 [pool-257-thread-1] INFO  impl.RaftServerImpl (ServerState.java:<init>(103)) - 48428e1f-d04f-4e60-a3da-a20d4689e94c@group-25EF126B9993: ConfigurationManager, init=-1: [48428e1f-d04f-4e60-a3da-a20d4689e94c:192.168.164.204:41584], old=null, confs=<EMPTY_MAP>
2019-10-04 15:32:47,268 [pool-257-thread-1] INFO  server.RaftServerConfigKeys (ConfUtils.java:logGet(43)) - raft.server.storage.dir = [/workdir/hadoop-ozone/integration-test/target/test-dir/MiniOzoneClusterImpl-fd766fb6-1411-4689-98c5-9c021f2b9f54/datanode-5/data/ratis] (custom)
2019-10-04 15:32:47,269 [pool-257-thread-1] INFO  server.RaftServerConfigKeys (ConfUtils.java:logGet(43)) - raft.server.log.corruption.policy = EXCEPTION (default)
2019-10-04 15:32:47,269 [pool-257-thread-1] INFO  storage.RaftStorageDirectory (RaftStorageDirectory.java:analyzeStorage(246)) - The storage directory /workdir/hadoop-ozone/integration-test/target/test-dir/MiniOzoneClusterImpl-fd766fb6-1411-4689-98c5-9c021f2b9f54/datanode-5/data/ratis/01450853-bc4e-403c-8af8-25ef126b9993 does not exist. Creating ...
2019-10-04 15:32:47,280 [pool-257-thread-1] INFO  storage.RaftStorageDirectory (RaftStorageDirectory.java:tryLock(328)) - Lock on /workdir/hadoop-ozone/integration-test/target/test-dir/MiniOzoneClusterImpl-fd766fb6-1411-4689-98c5-9c021f2b9f54/datanode-5/data/ratis/01450853-bc4e-403c-8af8-25ef126b9993/in_use.lock acquired by nodename 17050@pr-hdds-2237-hhfs2-232792562
2019-10-04 15:32:47,304 [pool-257-thread-1] INFO  storage.RaftStorage (RaftStorage.java:format(84)) - Storage directory /workdir/hadoop-ozone/integration-test/target/test-dir/MiniOzoneClusterImpl-fd766fb6-1411-4689-98c5-9c021f2b9f54/datanode-5/data/ratis/01450853-bc4e-403c-8af8-25ef126b9993 has been successfully formatted.
2019-10-04 15:32:47,304 [pool-257-thread-1] INFO  ratis.ContainerStateMachine (ContainerStateMachine.java:loadSnapshot(230)) - group-25EF126B9993: The snapshot info is null. Setting the last applied indexto:(t:0, i:~)
2019-10-04 15:32:47,304 [pool-257-thread-1] INFO  server.RaftServerConfigKeys (ConfUtils.java:logGet(43)) - raft.server.notification.no-leader.timeout = 120s (custom)
2019-10-04 15:32:47,305 [pool-257-thread-1] INFO  server.RaftServerConfigKeys (ConfUtils.java:logGet(43)) - raft.server.log.use.memory = false (default)
2019-10-04 15:32:47,305 [pool-257-thread-1] INFO  server.RaftServerConfigKeys (ConfUtils.java:logGet(43)) - raft.server.log.purge.gap = 1000000 (custom)
2019-10-04 15:32:47,305 [pool-257-thread-1] INFO  server.RaftServerConfigKeys (ConfUtils.java:logGet(43)) - raft.server.log.appender.buffer.byte-limit = 33554432 (custom)
2019-10-04 15:32:47,305 [pool-257-thread-1] INFO  server.RaftServerConfigKeys (ConfUtils.java:logGet(43)) - raft.server.log.segment.size.max = 1048576 (custom)
2019-10-04 15:32:47,306 [pool-257-thread-1] INFO  server.RaftServerConfigKeys (ConfUtils.java:logGet(43)) - raft.server.log.segment.cache.num.max = 2 (custom)
2019-10-04 15:32:47,306 [pool-257-thread-1] INFO  segmented.SegmentedRaftLogWorker (SegmentedRaftLogWorker.java:<init>(173)) - new 48428e1f-d04f-4e60-a3da-a20d4689e94c@group-25EF126B9993-SegmentedRaftLogWorker for RaftStorage:Storage Directory /workdir/hadoop-ozone/integration-test/target/test-dir/MiniOzoneClusterImpl-fd766fb6-1411-4689-98c5-9c021f2b9f54/datanode-5/data/ratis/01450853-bc4e-403c-8af8-25ef126b9993
2019-10-04 15:32:47,306 [pool-257-thread-1] INFO  server.RaftServerConfigKeys (ConfUtils.java:logGet(43)) - raft.server.log.queue.byte-limit = 2147483647 (custom)
2019-10-04 15:32:47,307 [pool-257-thread-1] INFO  server.RaftServerConfigKeys (ConfUtils.java:logGet(43)) - raft.server.log.queue.element-limit = 1024 (custom)
2019-10-04 15:32:47,307 [pool-257-thread-1] INFO  server.RaftServerConfigKeys (ConfUtils.java:logGet(43)) - raft.server.log.segment.size.max = 1048576 (custom)
2019-10-04 15:32:47,307 [pool-257-thread-1] INFO  server.RaftServerConfigKeys (ConfUtils.java:logGet(43)) - raft.server.log.preallocated.size = 16384 (custom)
2019-10-04 15:32:47,307 [pool-257-thread-1] INFO  server.RaftServerConfigKeys (ConfUtils.java:logGet(43)) - raft.server.log.write.buffer.size = 33554432 (custom)
2019-10-04 15:32:47,307 [pool-257-thread-1] INFO  server.RaftServerConfigKeys (ConfUtils.java:logGet(43)) - raft.server.log.force.sync.num = 128 (default)
2019-10-04 15:32:47,307 [pool-257-thread-1] INFO  server.RaftServerConfigKeys (ConfUtils.java:logGet(43)) - raft.server.log.statemachine.data.sync = true (default)
2019-10-04 15:32:47,307 [pool-257-thread-1] INFO  server.RaftServerConfigKeys (ConfUtils.java:logGet(43)) - raft.server.log.statemachine.data.sync.timeout = 10s (default)
2019-10-04 15:32:47,307 [pool-257-thread-1] INFO  server.RaftServerConfigKeys (ConfUtils.java:logGet(43)) - raft.server.log.statemachine.data.sync.timeout.retry = -1 (default)
2019-10-04 15:32:47,308 [pool-257-thread-1] INFO  server.RaftServerConfigKeys (ConfUtils.java:logGet(43)) - raft.server.log.statemachine.data.caching.enabled = true (custom)
2019-10-04 15:32:47,308 [pool-257-thread-1] INFO  segmented.SegmentedRaftLogWorker (SegmentedRaftLogWorker.java:lambda$new$0(128)) - 48428e1f-d04f-4e60-a3da-a20d4689e94c@group-25EF126B9993-SegmentedRaftLogWorker: flushIndex: setUnconditionally 0 -> -1
2019-10-04 15:32:47,308 [pool-257-thread-1] INFO  server.RaftServerConfigKeys (ConfUtils.java:logGet(43)) - raft.server.snapshot.auto.trigger.enabled = true (custom)
2019-10-04 15:32:47,308 [pool-257-thread-1] INFO  server.RaftServerConfigKeys (ConfUtils.java:logGet(43)) - raft.server.snapshot.auto.trigger.threshold = 10000 (custom)
2019-10-04 15:32:47,308 [pool-257-thread-1] INFO  server.RaftServerConfigKeys (ConfUtils.java:logGet(43)) - raft.server.snapshot.retention.file.num = 5 (custom)
2019-10-04 15:32:47,308 [pool-257-thread-1] INFO  server.RaftServerConfigKeys (ConfUtils.java:logGet(43)) - raft.server.retrycache.expirytime = 600000ms (custom)
2019-10-04 15:32:47,310 [pool-257-thread-1] INFO  impl.RaftServerImpl (RaftServerImpl.java:start(181)) - 48428e1f-d04f-4e60-a3da-a20d4689e94c@group-25EF126B9993: start as a follower, conf=-1: [48428e1f-d04f-4e60-a3da-a20d4689e94c:192.168.164.204:41584], old=null
2019-10-04 15:32:47,310 [pool-257-thread-1] INFO  impl.RaftServerImpl (RaftServerImpl.java:setRole(170)) - 48428e1f-d04f-4e60-a3da-a20d4689e94c@group-25EF126B9993: changes role from      null to FOLLOWER at term 0 for startAsFollower
2019-10-04 15:32:47,310 [pool-257-thread-1] INFO  impl.RoleInfo (RoleInfo.java:updateAndGet(143)) - 48428e1f-d04f-4e60-a3da-a20d4689e94c: start FollowerState
2019-10-04 15:32:47,310 [pool-257-thread-1] INFO  util.JmxRegister (JmxRegister.java:tryRegister(44)) - Successfully registered JMX Bean with object name Ratis:service=RaftServer,group=group-25EF126B9993,id=48428e1f-d04f-4e60-a3da-a20d4689e94c
2019-10-04 15:32:47,316 [RatisPipelineUtilsThread] INFO  pipeline.PipelineStateManager (PipelineStateManager.java:addPipeline(56)) - Created pipeline Pipeline[ Id: 01450853-bc4e-403c-8af8-25ef126b9993, Nodes: 48428e1f-d04f-4e60-a3da-a20d4689e94c{ip: 192.168.164.204, host: pr-hdds-2237-hhfs2-232792562, networkLocation: /default-rack, certSerialId: null}, Type:RATIS, Factor:ONE, State:OPEN]
2019-10-04 15:32:47,330 [main] INFO  ozone.MiniOzoneClusterImpl (MiniOzoneClusterImpl.java:lambda$waitForClusterToBeReady$0(147)) - Waiting for cluster to be ready. Got 6 of 7 DN Heartbeats.
2019-10-04 15:32:47,330 [grpc-default-executor-3] INFO  impl.RaftServerProxy (RaftServerProxy.java:addNew(89)) - 0decd62e-80e0-4e5c-b25d-8770daaeb30f: addNew group-9DF569BD8146:[0decd62e-80e0-4e5c-b25d-8770daaeb30f:192.168.164.204:44334] returns group-9DF569BD8146:java.util.concurrent.CompletableFuture@789c102c[Not completed]
2019-10-04 15:32:47,331 [pool-247-thread-1] INFO  impl.RaftServerImpl (RaftServerImpl.java:<init>(95)) - 0decd62e-80e0-4e5c-b25d-8770daaeb30f: new RaftServerImpl for group-9DF569BD8146:[0decd62e-80e0-4e5c-b25d-8770daaeb30f:192.168.164.204:44334] with ContainerStateMachine:uninitialized
2019-10-04 15:32:47,331 [IPC Server handler 5 on 42573] INFO  net.NetworkTopology (NetworkTopologyImpl.java:add(111)) - Added a new node: /default-rack/fc7eab08-a0fa-4ee4-abb6-29abd26b0c5d
2019-10-04 15:32:47,331 [pool-247-thread-1] INFO  server.RaftServerConfigKeys (ConfUtils.java:logGet(43)) - raft.server.rpc.timeout.min = 5s (custom)
2019-10-04 15:32:47,331 [pool-247-thread-1] INFO  server.RaftServerConfigKeys (ConfUtils.java:logGet(43)) - raft.server.rpc.timeout.max = 5200ms (custom)
2019-10-04 15:32:47,331 [IPC Server handler 5 on 42573] INFO  node.SCMNodeManager (SCMNodeManager.java:register(266)) - Registered Data node : fc7eab08-a0fa-4ee4-abb6-29abd26b0c5d{ip: 192.168.164.204, host: pr-hdds-2237-hhfs2-232792562, networkLocation: /default-rack, certSerialId: null}
2019-10-04 15:32:47,331 [pool-247-thread-1] INFO  server.RaftServerConfigKeys (ConfUtils.java:logGet(43)) - raft.server.rpcslowness.timeout = 120s (custom)
2019-10-04 15:32:47,332 [pool-247-thread-1] INFO  server.RaftServerConfigKeys (ConfUtils.java:logGet(43)) - raft.server.sleep.deviation.threshold = 300 (default)
2019-10-04 15:32:47,332 [pool-247-thread-1] INFO  server.RaftServerConfigKeys (ConfUtils.java:logGet(43)) - raft.server.log.appender.install.snapshot.enabled = false (custom)
2019-10-04 15:32:47,332 [pool-247-thread-1] INFO  impl.RaftServerImpl (ServerState.java:<init>(103)) - 0decd62e-80e0-4e5c-b25d-8770daaeb30f@group-9DF569BD8146: ConfigurationManager, init=-1: [0decd62e-80e0-4e5c-b25d-8770daaeb30f:192.168.164.204:44334], old=null, confs=<EMPTY_MAP>
2019-10-04 15:32:47,332 [pool-247-thread-1] INFO  server.RaftServerConfigKeys (ConfUtils.java:logGet(43)) - raft.server.storage.dir = [/workdir/hadoop-ozone/integration-test/target/test-dir/MiniOzoneClusterImpl-fd766fb6-1411-4689-98c5-9c021f2b9f54/datanode-4/data/ratis] (custom)
2019-10-04 15:32:47,332 [pool-247-thread-1] INFO  server.RaftServerConfigKeys (ConfUtils.java:logGet(43)) - raft.server.log.corruption.policy = EXCEPTION (default)
2019-10-04 15:32:47,332 [pool-247-thread-1] INFO  storage.RaftStorageDirectory (RaftStorageDirectory.java:analyzeStorage(246)) - The storage directory /workdir/hadoop-ozone/integration-test/target/test-dir/MiniOzoneClusterImpl-fd766fb6-1411-4689-98c5-9c021f2b9f54/datanode-4/data/ratis/980edc7c-db50-41d4-9479-9df569bd8146 does not exist. Creating ...
2019-10-04 15:32:47,347 [pool-247-thread-1] INFO  storage.RaftStorageDirectory (RaftStorageDirectory.java:tryLock(328)) - Lock on /workdir/hadoop-ozone/integration-test/target/test-dir/MiniOzoneClusterImpl-fd766fb6-1411-4689-98c5-9c021f2b9f54/datanode-4/data/ratis/980edc7c-db50-41d4-9479-9df569bd8146/in_use.lock acquired by nodename 17050@pr-hdds-2237-hhfs2-232792562
2019-10-04 15:32:47,362 [pool-247-thread-1] INFO  storage.RaftStorage (RaftStorage.java:format(84)) - Storage directory /workdir/hadoop-ozone/integration-test/target/test-dir/MiniOzoneClusterImpl-fd766fb6-1411-4689-98c5-9c021f2b9f54/datanode-4/data/ratis/980edc7c-db50-41d4-9479-9df569bd8146 has been successfully formatted.
2019-10-04 15:32:47,362 [pool-247-thread-1] INFO  ratis.ContainerStateMachine (ContainerStateMachine.java:loadSnapshot(230)) - group-9DF569BD8146: The snapshot info is null. Setting the last applied indexto:(t:0, i:~)
2019-10-04 15:32:47,362 [pool-247-thread-1] INFO  server.RaftServerConfigKeys (ConfUtils.java:logGet(43)) - raft.server.notification.no-leader.timeout = 120s (custom)
2019-10-04 15:32:47,362 [pool-247-thread-1] INFO  server.RaftServerConfigKeys (ConfUtils.java:logGet(43)) - raft.server.log.use.memory = false (default)
2019-10-04 15:32:47,362 [pool-247-thread-1] INFO  server.RaftServerConfigKeys (ConfUtils.java:logGet(43)) - raft.server.log.purge.gap = 1000000 (custom)
2019-10-04 15:32:47,362 [pool-247-thread-1] INFO  server.RaftServerConfigKeys (ConfUtils.java:logGet(43)) - raft.server.log.appender.buffer.byte-limit = 33554432 (custom)
2019-10-04 15:32:47,363 [pool-247-thread-1] INFO  server.RaftServerConfigKeys (ConfUtils.java:logGet(43)) - raft.server.log.segment.size.max = 1048576 (custom)
2019-10-04 15:32:47,364 [pool-247-thread-1] INFO  server.RaftServerConfigKeys (ConfUtils.java:logGet(43)) - raft.server.log.segment.cache.num.max = 2 (custom)
2019-10-04 15:32:47,364 [pool-247-thread-1] INFO  segmented.SegmentedRaftLogWorker (SegmentedRaftLogWorker.java:<init>(173)) - new 0decd62e-80e0-4e5c-b25d-8770daaeb30f@group-9DF569BD8146-SegmentedRaftLogWorker for RaftStorage:Storage Directory /workdir/hadoop-ozone/integration-test/target/test-dir/MiniOzoneClusterImpl-fd766fb6-1411-4689-98c5-9c021f2b9f54/datanode-4/data/ratis/980edc7c-db50-41d4-9479-9df569bd8146
2019-10-04 15:32:47,364 [pool-247-thread-1] INFO  server.RaftServerConfigKeys (ConfUtils.java:logGet(43)) - raft.server.log.queue.byte-limit = 2147483647 (custom)
2019-10-04 15:32:47,364 [pool-247-thread-1] INFO  server.RaftServerConfigKeys (ConfUtils.java:logGet(43)) - raft.server.log.queue.element-limit = 1024 (custom)
2019-10-04 15:32:47,364 [pool-247-thread-1] INFO  server.RaftServerConfigKeys (ConfUtils.java:logGet(43)) - raft.server.log.segment.size.max = 1048576 (custom)
2019-10-04 15:32:47,364 [pool-247-thread-1] INFO  server.RaftServerConfigKeys (ConfUtils.java:logGet(43)) - raft.server.log.preallocated.size = 16384 (custom)
2019-10-04 15:32:47,364 [pool-247-thread-1] INFO  server.RaftServerConfigKeys (ConfUtils.java:logGet(43)) - raft.server.log.write.buffer.size = 33554432 (custom)
2019-10-04 15:32:47,364 [pool-247-thread-1] INFO  server.RaftServerConfigKeys (ConfUtils.java:logGet(43)) - raft.server.log.force.sync.num = 128 (default)
2019-10-04 15:32:47,364 [pool-247-thread-1] INFO  server.RaftServerConfigKeys (ConfUtils.java:logGet(43)) - raft.server.log.statemachine.data.sync = true (default)
2019-10-04 15:32:47,364 [pool-247-thread-1] INFO  server.RaftServerConfigKeys (ConfUtils.java:logGet(43)) - raft.server.log.statemachine.data.sync.timeout = 10s (default)
2019-10-04 15:32:47,365 [pool-247-thread-1] INFO  server.RaftServerConfigKeys (ConfUtils.java:logGet(43)) - raft.server.log.statemachine.data.sync.timeout.retry = -1 (default)
2019-10-04 15:32:47,365 [pool-247-thread-1] INFO  server.RaftServerConfigKeys (ConfUtils.java:logGet(43)) - raft.server.log.statemachine.data.caching.enabled = true (custom)
2019-10-04 15:32:47,365 [pool-247-thread-1] INFO  segmented.SegmentedRaftLogWorker (SegmentedRaftLogWorker.java:lambda$new$0(128)) - 0decd62e-80e0-4e5c-b25d-8770daaeb30f@group-9DF569BD8146-SegmentedRaftLogWorker: flushIndex: setUnconditionally 0 -> -1
2019-10-04 15:32:47,365 [pool-247-thread-1] INFO  server.RaftServerConfigKeys (ConfUtils.java:logGet(43)) - raft.server.snapshot.auto.trigger.enabled = true (custom)
2019-10-04 15:32:47,365 [pool-247-thread-1] INFO  server.RaftServerConfigKeys (ConfUtils.java:logGet(43)) - raft.server.snapshot.auto.trigger.threshold = 10000 (custom)
2019-10-04 15:32:47,365 [pool-247-thread-1] INFO  server.RaftServerConfigKeys (ConfUtils.java:logGet(43)) - raft.server.snapshot.retention.file.num = 5 (custom)
2019-10-04 15:32:47,366 [pool-247-thread-1] INFO  server.RaftServerConfigKeys (ConfUtils.java:logGet(43)) - raft.server.retrycache.expirytime = 600000ms (custom)
2019-10-04 15:32:47,367 [pool-247-thread-1] INFO  impl.RaftServerImpl (RaftServerImpl.java:start(181)) - 0decd62e-80e0-4e5c-b25d-8770daaeb30f@group-9DF569BD8146: start as a follower, conf=-1: [0decd62e-80e0-4e5c-b25d-8770daaeb30f:192.168.164.204:44334], old=null
2019-10-04 15:32:47,367 [pool-247-thread-1] INFO  impl.RaftServerImpl (RaftServerImpl.java:setRole(170)) - 0decd62e-80e0-4e5c-b25d-8770daaeb30f@group-9DF569BD8146: changes role from      null to FOLLOWER at term 0 for startAsFollower
2019-10-04 15:32:47,367 [pool-247-thread-1] INFO  impl.RoleInfo (RoleInfo.java:updateAndGet(143)) - 0decd62e-80e0-4e5c-b25d-8770daaeb30f: start FollowerState
2019-10-04 15:32:47,367 [pool-247-thread-1] INFO  util.JmxRegister (JmxRegister.java:tryRegister(44)) - Successfully registered JMX Bean with object name Ratis:service=RaftServer,group=group-9DF569BD8146,id=0decd62e-80e0-4e5c-b25d-8770daaeb30f
2019-10-04 15:32:47,373 [RatisPipelineUtilsThread] INFO  pipeline.PipelineStateManager (PipelineStateManager.java:addPipeline(56)) - Created pipeline Pipeline[ Id: 980edc7c-db50-41d4-9479-9df569bd8146, Nodes: 0decd62e-80e0-4e5c-b25d-8770daaeb30f{ip: 192.168.164.204, host: pr-hdds-2237-hhfs2-232792562, networkLocation: /default-rack, certSerialId: null}, Type:RATIS, Factor:ONE, State:OPEN]
2019-10-04 15:32:47,383 [grpc-default-executor-3] INFO  impl.RaftServerProxy (RaftServerProxy.java:addNew(89)) - fc7eab08-a0fa-4ee4-abb6-29abd26b0c5d: addNew group-D6D12603C821:[fc7eab08-a0fa-4ee4-abb6-29abd26b0c5d:192.168.164.204:32870] returns group-D6D12603C821:java.util.concurrent.CompletableFuture@4f43663d[Not completed]
2019-10-04 15:32:47,383 [pool-267-thread-1] INFO  impl.RaftServerImpl (RaftServerImpl.java:<init>(95)) - fc7eab08-a0fa-4ee4-abb6-29abd26b0c5d: new RaftServerImpl for group-D6D12603C821:[fc7eab08-a0fa-4ee4-abb6-29abd26b0c5d:192.168.164.204:32870] with ContainerStateMachine:uninitialized
2019-10-04 15:32:47,384 [pool-267-thread-1] INFO  server.RaftServerConfigKeys (ConfUtils.java:logGet(43)) - raft.server.rpc.timeout.min = 5s (custom)
2019-10-04 15:32:47,384 [pool-267-thread-1] INFO  server.RaftServerConfigKeys (ConfUtils.java:logGet(43)) - raft.server.rpc.timeout.max = 5200ms (custom)
2019-10-04 15:32:47,384 [pool-267-thread-1] INFO  server.RaftServerConfigKeys (ConfUtils.java:logGet(43)) - raft.server.rpcslowness.timeout = 120s (custom)
2019-10-04 15:32:47,384 [pool-267-thread-1] INFO  server.RaftServerConfigKeys (ConfUtils.java:logGet(43)) - raft.server.sleep.deviation.threshold = 300 (default)
2019-10-04 15:32:47,384 [pool-267-thread-1] INFO  server.RaftServerConfigKeys (ConfUtils.java:logGet(43)) - raft.server.log.appender.install.snapshot.enabled = false (custom)
2019-10-04 15:32:47,384 [pool-267-thread-1] INFO  impl.RaftServerImpl (ServerState.java:<init>(103)) - fc7eab08-a0fa-4ee4-abb6-29abd26b0c5d@group-D6D12603C821: ConfigurationManager, init=-1: [fc7eab08-a0fa-4ee4-abb6-29abd26b0c5d:192.168.164.204:32870], old=null, confs=<EMPTY_MAP>
2019-10-04 15:32:47,384 [pool-267-thread-1] INFO  server.RaftServerConfigKeys (ConfUtils.java:logGet(43)) - raft.server.storage.dir = [/workdir/hadoop-ozone/integration-test/target/test-dir/MiniOzoneClusterImpl-fd766fb6-1411-4689-98c5-9c021f2b9f54/datanode-6/data/ratis] (custom)
2019-10-04 15:32:47,384 [pool-267-thread-1] INFO  server.RaftServerConfigKeys (ConfUtils.java:logGet(43)) - raft.server.log.corruption.policy = EXCEPTION (default)
2019-10-04 15:32:47,384 [pool-267-thread-1] INFO  storage.RaftStorageDirectory (RaftStorageDirectory.java:analyzeStorage(246)) - The storage directory /workdir/hadoop-ozone/integration-test/target/test-dir/MiniOzoneClusterImpl-fd766fb6-1411-4689-98c5-9c021f2b9f54/datanode-6/data/ratis/919f4a6e-9527-4733-be80-d6d12603c821 does not exist. Creating ...
2019-10-04 15:32:47,391 [pool-267-thread-1] INFO  storage.RaftStorageDirectory (RaftStorageDirectory.java:tryLock(328)) - Lock on /workdir/hadoop-ozone/integration-test/target/test-dir/MiniOzoneClusterImpl-fd766fb6-1411-4689-98c5-9c021f2b9f54/datanode-6/data/ratis/919f4a6e-9527-4733-be80-d6d12603c821/in_use.lock acquired by nodename 17050@pr-hdds-2237-hhfs2-232792562
2019-10-04 15:32:47,404 [pool-267-thread-1] INFO  storage.RaftStorage (RaftStorage.java:format(84)) - Storage directory /workdir/hadoop-ozone/integration-test/target/test-dir/MiniOzoneClusterImpl-fd766fb6-1411-4689-98c5-9c021f2b9f54/datanode-6/data/ratis/919f4a6e-9527-4733-be80-d6d12603c821 has been successfully formatted.
2019-10-04 15:32:47,405 [pool-267-thread-1] INFO  ratis.ContainerStateMachine (ContainerStateMachine.java:loadSnapshot(230)) - group-D6D12603C821: The snapshot info is null. Setting the last applied indexto:(t:0, i:~)
2019-10-04 15:32:47,405 [pool-267-thread-1] INFO  server.RaftServerConfigKeys (ConfUtils.java:logGet(43)) - raft.server.notification.no-leader.timeout = 120s (custom)
2019-10-04 15:32:47,405 [pool-267-thread-1] INFO  server.RaftServerConfigKeys (ConfUtils.java:logGet(43)) - raft.server.log.use.memory = false (default)
2019-10-04 15:32:47,405 [pool-267-thread-1] INFO  server.RaftServerConfigKeys (ConfUtils.java:logGet(43)) - raft.server.log.purge.gap = 1000000 (custom)
2019-10-04 15:32:47,405 [pool-267-thread-1] INFO  server.RaftServerConfigKeys (ConfUtils.java:logGet(43)) - raft.server.log.appender.buffer.byte-limit = 33554432 (custom)
2019-10-04 15:32:47,405 [pool-267-thread-1] INFO  server.RaftServerConfigKeys (ConfUtils.java:logGet(43)) - raft.server.log.segment.size.max = 1048576 (custom)
2019-10-04 15:32:47,406 [pool-267-thread-1] INFO  server.RaftServerConfigKeys (ConfUtils.java:logGet(43)) - raft.server.log.segment.cache.num.max = 2 (custom)
2019-10-04 15:32:47,406 [pool-267-thread-1] INFO  segmented.SegmentedRaftLogWorker (SegmentedRaftLogWorker.java:<init>(173)) - new fc7eab08-a0fa-4ee4-abb6-29abd26b0c5d@group-D6D12603C821-SegmentedRaftLogWorker for RaftStorage:Storage Directory /workdir/hadoop-ozone/integration-test/target/test-dir/MiniOzoneClusterImpl-fd766fb6-1411-4689-98c5-9c021f2b9f54/datanode-6/data/ratis/919f4a6e-9527-4733-be80-d6d12603c821
2019-10-04 15:32:47,406 [pool-267-thread-1] INFO  server.RaftServerConfigKeys (ConfUtils.java:logGet(43)) - raft.server.log.queue.byte-limit = 2147483647 (custom)
2019-10-04 15:32:47,407 [pool-267-thread-1] INFO  server.RaftServerConfigKeys (ConfUtils.java:logGet(43)) - raft.server.log.queue.element-limit = 1024 (custom)
2019-10-04 15:32:47,407 [pool-267-thread-1] INFO  server.RaftServerConfigKeys (ConfUtils.java:logGet(43)) - raft.server.log.segment.size.max = 1048576 (custom)
2019-10-04 15:32:47,407 [pool-267-thread-1] INFO  server.RaftServerConfigKeys (ConfUtils.java:logGet(43)) - raft.server.log.preallocated.size = 16384 (custom)
2019-10-04 15:32:47,407 [pool-267-thread-1] INFO  server.RaftServerConfigKeys (ConfUtils.java:logGet(43)) - raft.server.log.write.buffer.size = 33554432 (custom)
2019-10-04 15:32:47,407 [pool-267-thread-1] INFO  server.RaftServerConfigKeys (ConfUtils.java:logGet(43)) - raft.server.log.force.sync.num = 128 (default)
2019-10-04 15:32:47,407 [pool-267-thread-1] INFO  server.RaftServerConfigKeys (ConfUtils.java:logGet(43)) - raft.server.log.statemachine.data.sync = true (default)
2019-10-04 15:32:47,407 [pool-267-thread-1] INFO  server.RaftServerConfigKeys (ConfUtils.java:logGet(43)) - raft.server.log.statemachine.data.sync.timeout = 10s (default)
2019-10-04 15:32:47,407 [pool-267-thread-1] INFO  server.RaftServerConfigKeys (ConfUtils.java:logGet(43)) - raft.server.log.statemachine.data.sync.timeout.retry = -1 (default)
2019-10-04 15:32:47,408 [pool-267-thread-1] INFO  server.RaftServerConfigKeys (ConfUtils.java:logGet(43)) - raft.server.log.statemachine.data.caching.enabled = true (custom)
2019-10-04 15:32:47,408 [pool-267-thread-1] INFO  segmented.SegmentedRaftLogWorker (SegmentedRaftLogWorker.java:lambda$new$0(128)) - fc7eab08-a0fa-4ee4-abb6-29abd26b0c5d@group-D6D12603C821-SegmentedRaftLogWorker: flushIndex: setUnconditionally 0 -> -1
2019-10-04 15:32:47,408 [pool-267-thread-1] INFO  server.RaftServerConfigKeys (ConfUtils.java:logGet(43)) - raft.server.snapshot.auto.trigger.enabled = true (custom)
2019-10-04 15:32:47,408 [pool-267-thread-1] INFO  server.RaftServerConfigKeys (ConfUtils.java:logGet(43)) - raft.server.snapshot.auto.trigger.threshold = 10000 (custom)
2019-10-04 15:32:47,408 [pool-267-thread-1] INFO  server.RaftServerConfigKeys (ConfUtils.java:logGet(43)) - raft.server.snapshot.retention.file.num = 5 (custom)
2019-10-04 15:32:47,408 [pool-267-thread-1] INFO  server.RaftServerConfigKeys (ConfUtils.java:logGet(43)) - raft.server.retrycache.expirytime = 600000ms (custom)
2019-10-04 15:32:47,410 [pool-267-thread-1] INFO  impl.RaftServerImpl (RaftServerImpl.java:start(181)) - fc7eab08-a0fa-4ee4-abb6-29abd26b0c5d@group-D6D12603C821: start as a follower, conf=-1: [fc7eab08-a0fa-4ee4-abb6-29abd26b0c5d:192.168.164.204:32870], old=null
2019-10-04 15:32:47,410 [pool-267-thread-1] INFO  impl.RaftServerImpl (RaftServerImpl.java:setRole(170)) - fc7eab08-a0fa-4ee4-abb6-29abd26b0c5d@group-D6D12603C821: changes role from      null to FOLLOWER at term 0 for startAsFollower
2019-10-04 15:32:47,410 [pool-267-thread-1] INFO  impl.RoleInfo (RoleInfo.java:updateAndGet(143)) - fc7eab08-a0fa-4ee4-abb6-29abd26b0c5d: start FollowerState
2019-10-04 15:32:47,410 [pool-267-thread-1] INFO  util.JmxRegister (JmxRegister.java:tryRegister(44)) - Successfully registered JMX Bean with object name Ratis:service=RaftServer,group=group-D6D12603C821,id=fc7eab08-a0fa-4ee4-abb6-29abd26b0c5d
2019-10-04 15:32:47,417 [RatisPipelineUtilsThread] INFO  pipeline.PipelineStateManager (PipelineStateManager.java:addPipeline(56)) - Created pipeline Pipeline[ Id: 919f4a6e-9527-4733-be80-d6d12603c821, Nodes: fc7eab08-a0fa-4ee4-abb6-29abd26b0c5d{ip: 192.168.164.204, host: pr-hdds-2237-hhfs2-232792562, networkLocation: /default-rack, certSerialId: null}, Type:RATIS, Factor:ONE, State:OPEN]
2019-10-04 15:32:47,430 [grpc-default-executor-2] INFO  impl.RaftServerProxy (RaftServerProxy.java:addNew(89)) - 510155e9-1ff2-4eee-a1f0-82904282d417: addNew group-5059C48ADF9B:[0decd62e-80e0-4e5c-b25d-8770daaeb30f:192.168.164.204:44334, 48428e1f-d04f-4e60-a3da-a20d4689e94c:192.168.164.204:41584, 510155e9-1ff2-4eee-a1f0-82904282d417:192.168.164.204:40133] returns group-5059C48ADF9B:java.util.concurrent.CompletableFuture@21ce0cf5[Not completed]
2019-10-04 15:32:47,433 [grpc-default-executor-2] INFO  impl.RaftServerProxy (RaftServerProxy.java:addNew(89)) - 0decd62e-80e0-4e5c-b25d-8770daaeb30f: addNew group-5059C48ADF9B:[0decd62e-80e0-4e5c-b25d-8770daaeb30f:192.168.164.204:44334, 48428e1f-d04f-4e60-a3da-a20d4689e94c:192.168.164.204:41584, 510155e9-1ff2-4eee-a1f0-82904282d417:192.168.164.204:40133] returns group-5059C48ADF9B:java.util.concurrent.CompletableFuture@5f0885e7[Not completed]
2019-10-04 15:32:47,434 [grpc-default-executor-6] INFO  impl.RaftServerProxy (RaftServerProxy.java:addNew(89)) - 48428e1f-d04f-4e60-a3da-a20d4689e94c: addNew group-5059C48ADF9B:[0decd62e-80e0-4e5c-b25d-8770daaeb30f:192.168.164.204:44334, 48428e1f-d04f-4e60-a3da-a20d4689e94c:192.168.164.204:41584, 510155e9-1ff2-4eee-a1f0-82904282d417:192.168.164.204:40133] returns group-5059C48ADF9B:java.util.concurrent.CompletableFuture@3e991def[Not completed]
2019-10-04 15:32:47,434 [pool-237-thread-1] INFO  impl.RaftServerImpl (RaftServerImpl.java:<init>(95)) - 510155e9-1ff2-4eee-a1f0-82904282d417: new RaftServerImpl for group-5059C48ADF9B:[0decd62e-80e0-4e5c-b25d-8770daaeb30f:192.168.164.204:44334, 48428e1f-d04f-4e60-a3da-a20d4689e94c:192.168.164.204:41584, 510155e9-1ff2-4eee-a1f0-82904282d417:192.168.164.204:40133] with ContainerStateMachine:uninitialized
2019-10-04 15:32:47,434 [pool-237-thread-1] INFO  server.RaftServerConfigKeys (ConfUtils.java:logGet(43)) - raft.server.rpc.timeout.min = 5s (custom)
2019-10-04 15:32:47,434 [pool-237-thread-1] INFO  server.RaftServerConfigKeys (ConfUtils.java:logGet(43)) - raft.server.rpc.timeout.max = 5200ms (custom)
2019-10-04 15:32:47,435 [pool-247-thread-1] INFO  impl.RaftServerImpl (RaftServerImpl.java:<init>(95)) - 0decd62e-80e0-4e5c-b25d-8770daaeb30f: new RaftServerImpl for group-5059C48ADF9B:[0decd62e-80e0-4e5c-b25d-8770daaeb30f:192.168.164.204:44334, 48428e1f-d04f-4e60-a3da-a20d4689e94c:192.168.164.204:41584, 510155e9-1ff2-4eee-a1f0-82904282d417:192.168.164.204:40133] with ContainerStateMachine:uninitialized
2019-10-04 15:32:47,435 [pool-237-thread-1] INFO  server.RaftServerConfigKeys (ConfUtils.java:logGet(43)) - raft.server.rpcslowness.timeout = 120s (custom)
2019-10-04 15:32:47,435 [pool-247-thread-1] INFO  server.RaftServerConfigKeys (ConfUtils.java:logGet(43)) - raft.server.rpc.timeout.min = 5s (custom)
2019-10-04 15:32:47,435 [pool-237-thread-1] INFO  server.RaftServerConfigKeys (ConfUtils.java:logGet(43)) - raft.server.sleep.deviation.threshold = 300 (default)
2019-10-04 15:32:47,435 [pool-247-thread-1] INFO  server.RaftServerConfigKeys (ConfUtils.java:logGet(43)) - raft.server.rpc.timeout.max = 5200ms (custom)
2019-10-04 15:32:47,435 [pool-237-thread-1] INFO  server.RaftServerConfigKeys (ConfUtils.java:logGet(43)) - raft.server.log.appender.install.snapshot.enabled = false (custom)
2019-10-04 15:32:47,435 [pool-257-thread-1] INFO  impl.RaftServerImpl (RaftServerImpl.java:<init>(95)) - 48428e1f-d04f-4e60-a3da-a20d4689e94c: new RaftServerImpl for group-5059C48ADF9B:[0decd62e-80e0-4e5c-b25d-8770daaeb30f:192.168.164.204:44334, 48428e1f-d04f-4e60-a3da-a20d4689e94c:192.168.164.204:41584, 510155e9-1ff2-4eee-a1f0-82904282d417:192.168.164.204:40133] with ContainerStateMachine:uninitialized
2019-10-04 15:32:47,435 [pool-247-thread-1] INFO  server.RaftServerConfigKeys (ConfUtils.java:logGet(43)) - raft.server.rpcslowness.timeout = 120s (custom)
2019-10-04 15:32:47,436 [pool-257-thread-1] INFO  server.RaftServerConfigKeys (ConfUtils.java:logGet(43)) - raft.server.rpc.timeout.min = 5s (custom)
2019-10-04 15:32:47,435 [pool-237-thread-1] INFO  impl.RaftServerImpl (ServerState.java:<init>(103)) - 510155e9-1ff2-4eee-a1f0-82904282d417@group-5059C48ADF9B: ConfigurationManager, init=-1: [0decd62e-80e0-4e5c-b25d-8770daaeb30f:192.168.164.204:44334, 48428e1f-d04f-4e60-a3da-a20d4689e94c:192.168.164.204:41584, 510155e9-1ff2-4eee-a1f0-82904282d417:192.168.164.204:40133], old=null, confs=<EMPTY_MAP>
2019-10-04 15:32:47,436 [pool-257-thread-1] INFO  server.RaftServerConfigKeys (ConfUtils.java:logGet(43)) - raft.server.rpc.timeout.max = 5200ms (custom)
2019-10-04 15:32:47,436 [pool-247-thread-1] INFO  server.RaftServerConfigKeys (ConfUtils.java:logGet(43)) - raft.server.sleep.deviation.threshold = 300 (default)
2019-10-04 15:32:47,436 [pool-257-thread-1] INFO  server.RaftServerConfigKeys (ConfUtils.java:logGet(43)) - raft.server.rpcslowness.timeout = 120s (custom)
2019-10-04 15:32:47,436 [pool-237-thread-1] INFO  server.RaftServerConfigKeys (ConfUtils.java:logGet(43)) - raft.server.storage.dir = [/workdir/hadoop-ozone/integration-test/target/test-dir/MiniOzoneClusterImpl-fd766fb6-1411-4689-98c5-9c021f2b9f54/datanode-3/data/ratis] (custom)
2019-10-04 15:32:47,436 [pool-257-thread-1] INFO  server.RaftServerConfigKeys (ConfUtils.java:logGet(43)) - raft.server.sleep.deviation.threshold = 300 (default)
2019-10-04 15:32:47,436 [pool-247-thread-1] INFO  server.RaftServerConfigKeys (ConfUtils.java:logGet(43)) - raft.server.log.appender.install.snapshot.enabled = false (custom)
2019-10-04 15:32:47,437 [pool-237-thread-1] INFO  server.RaftServerConfigKeys (ConfUtils.java:logGet(43)) - raft.server.log.corruption.policy = EXCEPTION (default)
2019-10-04 15:32:47,437 [pool-247-thread-1] INFO  impl.RaftServerImpl (ServerState.java:<init>(103)) - 0decd62e-80e0-4e5c-b25d-8770daaeb30f@group-5059C48ADF9B: ConfigurationManager, init=-1: [0decd62e-80e0-4e5c-b25d-8770daaeb30f:192.168.164.204:44334, 48428e1f-d04f-4e60-a3da-a20d4689e94c:192.168.164.204:41584, 510155e9-1ff2-4eee-a1f0-82904282d417:192.168.164.204:40133], old=null, confs=<EMPTY_MAP>
2019-10-04 15:32:47,436 [pool-257-thread-1] INFO  server.RaftServerConfigKeys (ConfUtils.java:logGet(43)) - raft.server.log.appender.install.snapshot.enabled = false (custom)
2019-10-04 15:32:47,437 [pool-237-thread-1] INFO  storage.RaftStorageDirectory (RaftStorageDirectory.java:analyzeStorage(246)) - The storage directory /workdir/hadoop-ozone/integration-test/target/test-dir/MiniOzoneClusterImpl-fd766fb6-1411-4689-98c5-9c021f2b9f54/datanode-3/data/ratis/aaf59889-e566-4ebd-ae02-5059c48adf9b does not exist. Creating ...
2019-10-04 15:32:47,437 [pool-247-thread-1] INFO  server.RaftServerConfigKeys (ConfUtils.java:logGet(43)) - raft.server.storage.dir = [/workdir/hadoop-ozone/integration-test/target/test-dir/MiniOzoneClusterImpl-fd766fb6-1411-4689-98c5-9c021f2b9f54/datanode-4/data/ratis] (custom)
2019-10-04 15:32:47,437 [pool-257-thread-1] INFO  impl.RaftServerImpl (ServerState.java:<init>(103)) - 48428e1f-d04f-4e60-a3da-a20d4689e94c@group-5059C48ADF9B: ConfigurationManager, init=-1: [0decd62e-80e0-4e5c-b25d-8770daaeb30f:192.168.164.204:44334, 48428e1f-d04f-4e60-a3da-a20d4689e94c:192.168.164.204:41584, 510155e9-1ff2-4eee-a1f0-82904282d417:192.168.164.204:40133], old=null, confs=<EMPTY_MAP>
2019-10-04 15:32:47,437 [pool-247-thread-1] INFO  server.RaftServerConfigKeys (ConfUtils.java:logGet(43)) - raft.server.log.corruption.policy = EXCEPTION (default)
2019-10-04 15:32:47,437 [pool-257-thread-1] INFO  server.RaftServerConfigKeys (ConfUtils.java:logGet(43)) - raft.server.storage.dir = [/workdir/hadoop-ozone/integration-test/target/test-dir/MiniOzoneClusterImpl-fd766fb6-1411-4689-98c5-9c021f2b9f54/datanode-5/data/ratis] (custom)
2019-10-04 15:32:47,437 [pool-247-thread-1] INFO  storage.RaftStorageDirectory (RaftStorageDirectory.java:analyzeStorage(246)) - The storage directory /workdir/hadoop-ozone/integration-test/target/test-dir/MiniOzoneClusterImpl-fd766fb6-1411-4689-98c5-9c021f2b9f54/datanode-4/data/ratis/aaf59889-e566-4ebd-ae02-5059c48adf9b does not exist. Creating ...
2019-10-04 15:32:47,438 [pool-257-thread-1] INFO  server.RaftServerConfigKeys (ConfUtils.java:logGet(43)) - raft.server.log.corruption.policy = EXCEPTION (default)
2019-10-04 15:32:47,438 [pool-257-thread-1] INFO  storage.RaftStorageDirectory (RaftStorageDirectory.java:analyzeStorage(246)) - The storage directory /workdir/hadoop-ozone/integration-test/target/test-dir/MiniOzoneClusterImpl-fd766fb6-1411-4689-98c5-9c021f2b9f54/datanode-5/data/ratis/aaf59889-e566-4ebd-ae02-5059c48adf9b does not exist. Creating ...
2019-10-04 15:32:47,449 [pool-257-thread-1] INFO  storage.RaftStorageDirectory (RaftStorageDirectory.java:tryLock(328)) - Lock on /workdir/hadoop-ozone/integration-test/target/test-dir/MiniOzoneClusterImpl-fd766fb6-1411-4689-98c5-9c021f2b9f54/datanode-5/data/ratis/aaf59889-e566-4ebd-ae02-5059c48adf9b/in_use.lock acquired by nodename 17050@pr-hdds-2237-hhfs2-232792562
2019-10-04 15:32:47,449 [pool-247-thread-1] INFO  storage.RaftStorageDirectory (RaftStorageDirectory.java:tryLock(328)) - Lock on /workdir/hadoop-ozone/integration-test/target/test-dir/MiniOzoneClusterImpl-fd766fb6-1411-4689-98c5-9c021f2b9f54/datanode-4/data/ratis/aaf59889-e566-4ebd-ae02-5059c48adf9b/in_use.lock acquired by nodename 17050@pr-hdds-2237-hhfs2-232792562
2019-10-04 15:32:47,449 [pool-237-thread-1] INFO  storage.RaftStorageDirectory (RaftStorageDirectory.java:tryLock(328)) - Lock on /workdir/hadoop-ozone/integration-test/target/test-dir/MiniOzoneClusterImpl-fd766fb6-1411-4689-98c5-9c021f2b9f54/datanode-3/data/ratis/aaf59889-e566-4ebd-ae02-5059c48adf9b/in_use.lock acquired by nodename 17050@pr-hdds-2237-hhfs2-232792562
2019-10-04 15:32:47,463 [pool-237-thread-1] INFO  storage.RaftStorage (RaftStorage.java:format(84)) - Storage directory /workdir/hadoop-ozone/integration-test/target/test-dir/MiniOzoneClusterImpl-fd766fb6-1411-4689-98c5-9c021f2b9f54/datanode-3/data/ratis/aaf59889-e566-4ebd-ae02-5059c48adf9b has been successfully formatted.
2019-10-04 15:32:47,463 [pool-257-thread-1] INFO  storage.RaftStorage (RaftStorage.java:format(84)) - Storage directory /workdir/hadoop-ozone/integration-test/target/test-dir/MiniOzoneClusterImpl-fd766fb6-1411-4689-98c5-9c021f2b9f54/datanode-5/data/ratis/aaf59889-e566-4ebd-ae02-5059c48adf9b has been successfully formatted.
2019-10-04 15:32:47,463 [pool-247-thread-1] INFO  storage.RaftStorage (RaftStorage.java:format(84)) - Storage directory /workdir/hadoop-ozone/integration-test/target/test-dir/MiniOzoneClusterImpl-fd766fb6-1411-4689-98c5-9c021f2b9f54/datanode-4/data/ratis/aaf59889-e566-4ebd-ae02-5059c48adf9b has been successfully formatted.
2019-10-04 15:32:47,463 [pool-237-thread-1] INFO  ratis.ContainerStateMachine (ContainerStateMachine.java:loadSnapshot(230)) - group-5059C48ADF9B: The snapshot info is null. Setting the last applied indexto:(t:0, i:~)
2019-10-04 15:32:47,464 [pool-247-thread-1] INFO  ratis.ContainerStateMachine (ContainerStateMachine.java:loadSnapshot(230)) - group-5059C48ADF9B: The snapshot info is null. Setting the last applied indexto:(t:0, i:~)
2019-10-04 15:32:47,464 [pool-257-thread-1] INFO  ratis.ContainerStateMachine (ContainerStateMachine.java:loadSnapshot(230)) - group-5059C48ADF9B: The snapshot info is null. Setting the last applied indexto:(t:0, i:~)
2019-10-04 15:32:47,464 [pool-247-thread-1] INFO  server.RaftServerConfigKeys (ConfUtils.java:logGet(43)) - raft.server.notification.no-leader.timeout = 120s (custom)
2019-10-04 15:32:47,464 [pool-237-thread-1] INFO  server.RaftServerConfigKeys (ConfUtils.java:logGet(43)) - raft.server.notification.no-leader.timeout = 120s (custom)
2019-10-04 15:32:47,464 [pool-247-thread-1] INFO  server.RaftServerConfigKeys (ConfUtils.java:logGet(43)) - raft.server.log.use.memory = false (default)
2019-10-04 15:32:47,464 [pool-257-thread-1] INFO  server.RaftServerConfigKeys (ConfUtils.java:logGet(43)) - raft.server.notification.no-leader.timeout = 120s (custom)
2019-10-04 15:32:47,464 [pool-247-thread-1] INFO  server.RaftServerConfigKeys (ConfUtils.java:logGet(43)) - raft.server.log.purge.gap = 1000000 (custom)
2019-10-04 15:32:47,464 [pool-237-thread-1] INFO  server.RaftServerConfigKeys (ConfUtils.java:logGet(43)) - raft.server.log.use.memory = false (default)
2019-10-04 15:32:47,464 [pool-247-thread-1] INFO  server.RaftServerConfigKeys (ConfUtils.java:logGet(43)) - raft.server.log.appender.buffer.byte-limit = 33554432 (custom)
2019-10-04 15:32:47,464 [pool-257-thread-1] INFO  server.RaftServerConfigKeys (ConfUtils.java:logGet(43)) - raft.server.log.use.memory = false (default)
2019-10-04 15:32:47,465 [pool-247-thread-1] INFO  server.RaftServerConfigKeys (ConfUtils.java:logGet(43)) - raft.server.log.segment.size.max = 1048576 (custom)
2019-10-04 15:32:47,465 [pool-237-thread-1] INFO  server.RaftServerConfigKeys (ConfUtils.java:logGet(43)) - raft.server.log.purge.gap = 1000000 (custom)
2019-10-04 15:32:47,465 [pool-247-thread-1] INFO  server.RaftServerConfigKeys (ConfUtils.java:logGet(43)) - raft.server.log.segment.cache.num.max = 2 (custom)
2019-10-04 15:32:47,465 [pool-257-thread-1] INFO  server.RaftServerConfigKeys (ConfUtils.java:logGet(43)) - raft.server.log.purge.gap = 1000000 (custom)
2019-10-04 15:32:47,465 [pool-247-thread-1] INFO  segmented.SegmentedRaftLogWorker (SegmentedRaftLogWorker.java:<init>(173)) - new 0decd62e-80e0-4e5c-b25d-8770daaeb30f@group-5059C48ADF9B-SegmentedRaftLogWorker for RaftStorage:Storage Directory /workdir/hadoop-ozone/integration-test/target/test-dir/MiniOzoneClusterImpl-fd766fb6-1411-4689-98c5-9c021f2b9f54/datanode-4/data/ratis/aaf59889-e566-4ebd-ae02-5059c48adf9b
2019-10-04 15:32:47,465 [pool-237-thread-1] INFO  server.RaftServerConfigKeys (ConfUtils.java:logGet(43)) - raft.server.log.appender.buffer.byte-limit = 33554432 (custom)
2019-10-04 15:32:47,465 [pool-247-thread-1] INFO  server.RaftServerConfigKeys (ConfUtils.java:logGet(43)) - raft.server.log.queue.byte-limit = 2147483647 (custom)
2019-10-04 15:32:47,465 [pool-257-thread-1] INFO  server.RaftServerConfigKeys (ConfUtils.java:logGet(43)) - raft.server.log.appender.buffer.byte-limit = 33554432 (custom)
2019-10-04 15:32:47,465 [pool-247-thread-1] INFO  server.RaftServerConfigKeys (ConfUtils.java:logGet(43)) - raft.server.log.queue.element-limit = 1024 (custom)
2019-10-04 15:32:47,465 [pool-237-thread-1] INFO  server.RaftServerConfigKeys (ConfUtils.java:logGet(43)) - raft.server.log.segment.size.max = 1048576 (custom)
2019-10-04 15:32:47,466 [pool-247-thread-1] INFO  server.RaftServerConfigKeys (ConfUtils.java:logGet(43)) - raft.server.log.segment.size.max = 1048576 (custom)
2019-10-04 15:32:47,466 [pool-247-thread-1] INFO  server.RaftServerConfigKeys (ConfUtils.java:logGet(43)) - raft.server.log.preallocated.size = 16384 (custom)
2019-10-04 15:32:47,466 [pool-257-thread-1] INFO  server.RaftServerConfigKeys (ConfUtils.java:logGet(43)) - raft.server.log.segment.size.max = 1048576 (custom)
2019-10-04 15:32:47,466 [pool-247-thread-1] INFO  server.RaftServerConfigKeys (ConfUtils.java:logGet(43)) - raft.server.log.write.buffer.size = 33554432 (custom)
2019-10-04 15:32:47,466 [pool-237-thread-1] INFO  server.RaftServerConfigKeys (ConfUtils.java:logGet(43)) - raft.server.log.segment.cache.num.max = 2 (custom)
2019-10-04 15:32:47,466 [pool-247-thread-1] INFO  server.RaftServerConfigKeys (ConfUtils.java:logGet(43)) - raft.server.log.force.sync.num = 128 (default)
2019-10-04 15:32:47,466 [pool-257-thread-1] INFO  server.RaftServerConfigKeys (ConfUtils.java:logGet(43)) - raft.server.log.segment.cache.num.max = 2 (custom)
2019-10-04 15:32:47,466 [pool-247-thread-1] INFO  server.RaftServerConfigKeys (ConfUtils.java:logGet(43)) - raft.server.log.statemachine.data.sync = true (default)
2019-10-04 15:32:47,466 [pool-237-thread-1] INFO  segmented.SegmentedRaftLogWorker (SegmentedRaftLogWorker.java:<init>(173)) - new 510155e9-1ff2-4eee-a1f0-82904282d417@group-5059C48ADF9B-SegmentedRaftLogWorker for RaftStorage:Storage Directory /workdir/hadoop-ozone/integration-test/target/test-dir/MiniOzoneClusterImpl-fd766fb6-1411-4689-98c5-9c021f2b9f54/datanode-3/data/ratis/aaf59889-e566-4ebd-ae02-5059c48adf9b
2019-10-04 15:32:47,467 [pool-247-thread-1] INFO  server.RaftServerConfigKeys (ConfUtils.java:logGet(43)) - raft.server.log.statemachine.data.sync.timeout = 10s (default)
2019-10-04 15:32:47,467 [pool-247-thread-1] INFO  server.RaftServerConfigKeys (ConfUtils.java:logGet(43)) - raft.server.log.statemachine.data.sync.timeout.retry = -1 (default)
2019-10-04 15:32:47,466 [pool-257-thread-1] INFO  segmented.SegmentedRaftLogWorker (SegmentedRaftLogWorker.java:<init>(173)) - new 48428e1f-d04f-4e60-a3da-a20d4689e94c@group-5059C48ADF9B-SegmentedRaftLogWorker for RaftStorage:Storage Directory /workdir/hadoop-ozone/integration-test/target/test-dir/MiniOzoneClusterImpl-fd766fb6-1411-4689-98c5-9c021f2b9f54/datanode-5/data/ratis/aaf59889-e566-4ebd-ae02-5059c48adf9b
2019-10-04 15:32:47,467 [pool-247-thread-1] INFO  server.RaftServerConfigKeys (ConfUtils.java:logGet(43)) - raft.server.log.statemachine.data.caching.enabled = true (custom)
2019-10-04 15:32:47,467 [pool-237-thread-1] INFO  server.RaftServerConfigKeys (ConfUtils.java:logGet(43)) - raft.server.log.queue.byte-limit = 2147483647 (custom)
2019-10-04 15:32:47,467 [pool-257-thread-1] INFO  server.RaftServerConfigKeys (ConfUtils.java:logGet(43)) - raft.server.log.queue.byte-limit = 2147483647 (custom)
2019-10-04 15:32:47,467 [pool-247-thread-1] INFO  segmented.SegmentedRaftLogWorker (SegmentedRaftLogWorker.java:lambda$new$0(128)) - 0decd62e-80e0-4e5c-b25d-8770daaeb30f@group-5059C48ADF9B-SegmentedRaftLogWorker: flushIndex: setUnconditionally 0 -> -1
2019-10-04 15:32:47,467 [pool-237-thread-1] INFO  server.RaftServerConfigKeys (ConfUtils.java:logGet(43)) - raft.server.log.queue.element-limit = 1024 (custom)
2019-10-04 15:32:47,467 [pool-257-thread-1] INFO  server.RaftServerConfigKeys (ConfUtils.java:logGet(43)) - raft.server.log.queue.element-limit = 1024 (custom)
2019-10-04 15:32:47,468 [pool-237-thread-1] INFO  server.RaftServerConfigKeys (ConfUtils.java:logGet(43)) - raft.server.log.segment.size.max = 1048576 (custom)
2019-10-04 15:32:47,468 [pool-247-thread-1] INFO  server.RaftServerConfigKeys (ConfUtils.java:logGet(43)) - raft.server.snapshot.auto.trigger.enabled = true (custom)
2019-10-04 15:32:47,468 [pool-237-thread-1] INFO  server.RaftServerConfigKeys (ConfUtils.java:logGet(43)) - raft.server.log.preallocated.size = 16384 (custom)
2019-10-04 15:32:47,468 [pool-257-thread-1] INFO  server.RaftServerConfigKeys (ConfUtils.java:logGet(43)) - raft.server.log.segment.size.max = 1048576 (custom)
2019-10-04 15:32:47,468 [pool-237-thread-1] INFO  server.RaftServerConfigKeys (ConfUtils.java:logGet(43)) - raft.server.log.write.buffer.size = 33554432 (custom)
2019-10-04 15:32:47,468 [pool-247-thread-1] INFO  server.RaftServerConfigKeys (ConfUtils.java:logGet(43)) - raft.server.snapshot.auto.trigger.threshold = 10000 (custom)
2019-10-04 15:32:47,468 [pool-237-thread-1] INFO  server.RaftServerConfigKeys (ConfUtils.java:logGet(43)) - raft.server.log.force.sync.num = 128 (default)
2019-10-04 15:32:47,468 [pool-257-thread-1] INFO  server.RaftServerConfigKeys (ConfUtils.java:logGet(43)) - raft.server.log.preallocated.size = 16384 (custom)
2019-10-04 15:32:47,468 [pool-237-thread-1] INFO  server.RaftServerConfigKeys (ConfUtils.java:logGet(43)) - raft.server.log.statemachine.data.sync = true (default)
2019-10-04 15:32:47,468 [pool-247-thread-1] INFO  server.RaftServerConfigKeys (ConfUtils.java:logGet(43)) - raft.server.snapshot.retention.file.num = 5 (custom)
2019-10-04 15:32:47,469 [pool-237-thread-1] INFO  server.RaftServerConfigKeys (ConfUtils.java:logGet(43)) - raft.server.log.statemachine.data.sync.timeout = 10s (default)
2019-10-04 15:32:47,469 [pool-237-thread-1] INFO  server.RaftServerConfigKeys (ConfUtils.java:logGet(43)) - raft.server.log.statemachine.data.sync.timeout.retry = -1 (default)
2019-10-04 15:32:47,469 [pool-257-thread-1] INFO  server.RaftServerConfigKeys (ConfUtils.java:logGet(43)) - raft.server.log.write.buffer.size = 33554432 (custom)
2019-10-04 15:32:47,469 [pool-237-thread-1] INFO  server.RaftServerConfigKeys (ConfUtils.java:logGet(43)) - raft.server.log.statemachine.data.caching.enabled = true (custom)
2019-10-04 15:32:47,469 [pool-247-thread-1] INFO  server.RaftServerConfigKeys (ConfUtils.java:logGet(43)) - raft.server.retrycache.expirytime = 600000ms (custom)
2019-10-04 15:32:47,469 [pool-257-thread-1] INFO  server.RaftServerConfigKeys (ConfUtils.java:logGet(43)) - raft.server.log.force.sync.num = 128 (default)
2019-10-04 15:32:47,469 [pool-237-thread-1] INFO  segmented.SegmentedRaftLogWorker (SegmentedRaftLogWorker.java:lambda$new$0(128)) - 510155e9-1ff2-4eee-a1f0-82904282d417@group-5059C48ADF9B-SegmentedRaftLogWorker: flushIndex: setUnconditionally 0 -> -1
2019-10-04 15:32:47,470 [pool-257-thread-1] INFO  server.RaftServerConfigKeys (ConfUtils.java:logGet(43)) - raft.server.log.statemachine.data.sync = true (default)
2019-10-04 15:32:47,470 [pool-237-thread-1] INFO  server.RaftServerConfigKeys (ConfUtils.java:logGet(43)) - raft.server.snapshot.auto.trigger.enabled = true (custom)
2019-10-04 15:32:47,470 [pool-257-thread-1] INFO  server.RaftServerConfigKeys (ConfUtils.java:logGet(43)) - raft.server.log.statemachine.data.sync.timeout = 10s (default)
2019-10-04 15:32:47,470 [pool-237-thread-1] INFO  server.RaftServerConfigKeys (ConfUtils.java:logGet(43)) - raft.server.snapshot.auto.trigger.threshold = 10000 (custom)
2019-10-04 15:32:47,470 [pool-257-thread-1] INFO  server.RaftServerConfigKeys (ConfUtils.java:logGet(43)) - raft.server.log.statemachine.data.sync.timeout.retry = -1 (default)
2019-10-04 15:32:47,470 [pool-237-thread-1] INFO  server.RaftServerConfigKeys (ConfUtils.java:logGet(43)) - raft.server.snapshot.retention.file.num = 5 (custom)
2019-10-04 15:32:47,470 [pool-257-thread-1] INFO  server.RaftServerConfigKeys (ConfUtils.java:logGet(43)) - raft.server.log.statemachine.data.caching.enabled = true (custom)
2019-10-04 15:32:47,471 [pool-237-thread-1] INFO  server.RaftServerConfigKeys (ConfUtils.java:logGet(43)) - raft.server.retrycache.expirytime = 600000ms (custom)
2019-10-04 15:32:47,471 [pool-257-thread-1] INFO  segmented.SegmentedRaftLogWorker (SegmentedRaftLogWorker.java:lambda$new$0(128)) - 48428e1f-d04f-4e60-a3da-a20d4689e94c@group-5059C48ADF9B-SegmentedRaftLogWorker: flushIndex: setUnconditionally 0 -> -1
2019-10-04 15:32:47,471 [pool-247-thread-1] INFO  impl.RaftServerImpl (RaftServerImpl.java:start(181)) - 0decd62e-80e0-4e5c-b25d-8770daaeb30f@group-5059C48ADF9B: start as a follower, conf=-1: [0decd62e-80e0-4e5c-b25d-8770daaeb30f:192.168.164.204:44334, 48428e1f-d04f-4e60-a3da-a20d4689e94c:192.168.164.204:41584, 510155e9-1ff2-4eee-a1f0-82904282d417:192.168.164.204:40133], old=null
2019-10-04 15:32:47,471 [pool-247-thread-1] INFO  impl.RaftServerImpl (RaftServerImpl.java:setRole(170)) - 0decd62e-80e0-4e5c-b25d-8770daaeb30f@group-5059C48ADF9B: changes role from      null to FOLLOWER at term 0 for startAsFollower
2019-10-04 15:32:47,471 [pool-257-thread-1] INFO  server.RaftServerConfigKeys (ConfUtils.java:logGet(43)) - raft.server.snapshot.auto.trigger.enabled = true (custom)
2019-10-04 15:32:47,471 [pool-247-thread-1] INFO  impl.RoleInfo (RoleInfo.java:updateAndGet(143)) - 0decd62e-80e0-4e5c-b25d-8770daaeb30f: start FollowerState
2019-10-04 15:32:47,471 [pool-257-thread-1] INFO  server.RaftServerConfigKeys (ConfUtils.java:logGet(43)) - raft.server.snapshot.auto.trigger.threshold = 10000 (custom)
2019-10-04 15:32:47,472 [pool-257-thread-1] INFO  server.RaftServerConfigKeys (ConfUtils.java:logGet(43)) - raft.server.snapshot.retention.file.num = 5 (custom)
2019-10-04 15:32:47,472 [pool-247-thread-1] INFO  util.JmxRegister (JmxRegister.java:tryRegister(44)) - Successfully registered JMX Bean with object name Ratis:service=RaftServer,group=group-5059C48ADF9B,id=0decd62e-80e0-4e5c-b25d-8770daaeb30f
2019-10-04 15:32:47,472 [pool-257-thread-1] INFO  server.RaftServerConfigKeys (ConfUtils.java:logGet(43)) - raft.server.retrycache.expirytime = 600000ms (custom)
2019-10-04 15:32:47,473 [pool-237-thread-1] INFO  impl.RaftServerImpl (RaftServerImpl.java:start(181)) - 510155e9-1ff2-4eee-a1f0-82904282d417@group-5059C48ADF9B: start as a follower, conf=-1: [0decd62e-80e0-4e5c-b25d-8770daaeb30f:192.168.164.204:44334, 48428e1f-d04f-4e60-a3da-a20d4689e94c:192.168.164.204:41584, 510155e9-1ff2-4eee-a1f0-82904282d417:192.168.164.204:40133], old=null
2019-10-04 15:32:47,473 [pool-237-thread-1] INFO  impl.RaftServerImpl (RaftServerImpl.java:setRole(170)) - 510155e9-1ff2-4eee-a1f0-82904282d417@group-5059C48ADF9B: changes role from      null to FOLLOWER at term 0 for startAsFollower
2019-10-04 15:32:47,473 [pool-237-thread-1] INFO  impl.RoleInfo (RoleInfo.java:updateAndGet(143)) - 510155e9-1ff2-4eee-a1f0-82904282d417: start FollowerState
2019-10-04 15:32:47,473 [pool-237-thread-1] INFO  util.JmxRegister (JmxRegister.java:tryRegister(44)) - Successfully registered JMX Bean with object name Ratis:service=RaftServer,group=group-5059C48ADF9B,id=510155e9-1ff2-4eee-a1f0-82904282d417
2019-10-04 15:32:47,475 [pool-257-thread-1] INFO  impl.RaftServerImpl (RaftServerImpl.java:start(181)) - 48428e1f-d04f-4e60-a3da-a20d4689e94c@group-5059C48ADF9B: start as a follower, conf=-1: [0decd62e-80e0-4e5c-b25d-8770daaeb30f:192.168.164.204:44334, 48428e1f-d04f-4e60-a3da-a20d4689e94c:192.168.164.204:41584, 510155e9-1ff2-4eee-a1f0-82904282d417:192.168.164.204:40133], old=null
2019-10-04 15:32:47,478 [pool-257-thread-1] INFO  impl.RaftServerImpl (RaftServerImpl.java:setRole(170)) - 48428e1f-d04f-4e60-a3da-a20d4689e94c@group-5059C48ADF9B: changes role from      null to FOLLOWER at term 0 for startAsFollower
2019-10-04 15:32:47,478 [pool-257-thread-1] INFO  impl.RoleInfo (RoleInfo.java:updateAndGet(143)) - 48428e1f-d04f-4e60-a3da-a20d4689e94c: start FollowerState
2019-10-04 15:32:47,479 [pool-257-thread-1] INFO  util.JmxRegister (JmxRegister.java:tryRegister(44)) - Successfully registered JMX Bean with object name Ratis:service=RaftServer,group=group-5059C48ADF9B,id=48428e1f-d04f-4e60-a3da-a20d4689e94c
2019-10-04 15:32:47,488 [RatisPipelineUtilsThread] INFO  pipeline.PipelineStateManager (PipelineStateManager.java:addPipeline(56)) - Created pipeline Pipeline[ Id: aaf59889-e566-4ebd-ae02-5059c48adf9b, Nodes: 48428e1f-d04f-4e60-a3da-a20d4689e94c{ip: 192.168.164.204, host: pr-hdds-2237-hhfs2-232792562, networkLocation: /default-rack, certSerialId: null}510155e9-1ff2-4eee-a1f0-82904282d417{ip: 192.168.164.204, host: pr-hdds-2237-hhfs2-232792562, networkLocation: /default-rack, certSerialId: null}0decd62e-80e0-4e5c-b25d-8770daaeb30f{ip: 192.168.164.204, host: pr-hdds-2237-hhfs2-232792562, networkLocation: /default-rack, certSerialId: null}, Type:RATIS, Factor:THREE, State:OPEN]
2019-10-04 15:32:48,330 [main] INFO  ozone.MiniOzoneClusterImpl (MiniOzoneClusterImpl.java:lambda$waitForClusterToBeReady$0(147)) - Cluster is ready. Got 7 of 7 DN Heartbeats.
2019-10-04 15:32:48,368 [main] INFO  rpc.RpcClient (RpcClient.java:createVolume(277)) - Creating Volume: watchforcommithandlingtest, with jenkins1000 as owner.
2019-10-04 15:32:48,372 [IPC Server handler 4 on 37926] INFO  volume.OMVolumeCreateRequest (OMVolumeCreateRequest.java:validateAndUpdateCache(193)) - created volume:watchforcommithandlingtest for user:jenkins1000
2019-10-04 15:32:48,396 [main] INFO  rpc.RpcClient (RpcClient.java:createBucket(416)) - Creating Bucket: watchforcommithandlingtest/watchforcommithandlingtest, with Versioning false and Storage Type set to DISK and Encryption set to false 
2019-10-04 15:32:48,400 [main] INFO  ozone.MiniOzoneClusterImpl (MiniOzoneClusterImpl.java:getStorageContainerLocationClient(234)) - Creating StorageContainerLocationProtocol RPC client with address /0.0.0.0:44957
2019-10-04 15:32:49,871 [Thread-1429] INFO  container.ReplicationManager (ReplicationManager.java:start(162)) - Starting Replication Monitor Thread.
2019-10-04 15:32:49,875 [ReplicationMonitor] INFO  container.ReplicationManager (ReplicationManager.java:run(225)) - Replication Monitor Thread took 0 milliseconds for processing 1 containers.
2019-10-04 15:32:51,957 [Thread-1431] INFO  impl.FollowerState (FollowerState.java:run(108)) - b46a1829-9c1c-43c9-8f23-f1cf878f156c@group-DFDDF1E31ACF-FollowerState: change to CANDIDATE, lastRpcTime:5036ms, electionTimeout:5036ms
2019-10-04 15:32:51,958 [Thread-1431] INFO  impl.RoleInfo (RoleInfo.java:shutdownFollowerState(121)) - b46a1829-9c1c-43c9-8f23-f1cf878f156c: shutdown FollowerState
2019-10-04 15:32:51,958 [Thread-1431] INFO  impl.RaftServerImpl (RaftServerImpl.java:setRole(170)) - b46a1829-9c1c-43c9-8f23-f1cf878f156c@group-DFDDF1E31ACF: changes role from  FOLLOWER to CANDIDATE at term 0 for changeToCandidate
2019-10-04 15:32:51,958 [Thread-1431] INFO  impl.RoleInfo (RoleInfo.java:updateAndGet(143)) - b46a1829-9c1c-43c9-8f23-f1cf878f156c: start LeaderElection
2019-10-04 15:32:51,982 [b46a1829-9c1c-43c9-8f23-f1cf878f156c@group-DFDDF1E31ACF-LeaderElection51] INFO  impl.LeaderElection (LeaderElection.java:askForVotes(178)) - b46a1829-9c1c-43c9-8f23-f1cf878f156c@group-DFDDF1E31ACF-LeaderElection51: begin an election at term 1 for -1: [b46a1829-9c1c-43c9-8f23-f1cf878f156c:192.168.164.204:36833], old=null
2019-10-04 15:32:51,982 [b46a1829-9c1c-43c9-8f23-f1cf878f156c@group-DFDDF1E31ACF-LeaderElection51] INFO  impl.RoleInfo (RoleInfo.java:shutdownLeaderElection(134)) - b46a1829-9c1c-43c9-8f23-f1cf878f156c: shutdown LeaderElection
2019-10-04 15:32:51,983 [b46a1829-9c1c-43c9-8f23-f1cf878f156c@group-DFDDF1E31ACF-LeaderElection51] INFO  impl.RaftServerImpl (RaftServerImpl.java:setRole(170)) - b46a1829-9c1c-43c9-8f23-f1cf878f156c@group-DFDDF1E31ACF: changes role from CANDIDATE to LEADER at term 1 for changeToLeader
2019-10-04 15:32:51,983 [b46a1829-9c1c-43c9-8f23-f1cf878f156c@group-DFDDF1E31ACF-LeaderElection51] INFO  impl.RaftServerImpl (ServerState.java:setLeader(255)) - b46a1829-9c1c-43c9-8f23-f1cf878f156c@group-DFDDF1E31ACF: change Leader from null to b46a1829-9c1c-43c9-8f23-f1cf878f156c at term 1 for becomeLeader, leader elected after 5070ms
2019-10-04 15:32:51,983 [b46a1829-9c1c-43c9-8f23-f1cf878f156c@group-DFDDF1E31ACF-LeaderElection51] INFO  server.RaftServerConfigKeys (ConfUtils.java:logGet(43)) - raft.server.staging.catchup.gap = 1000 (default)
2019-10-04 15:32:51,983 [b46a1829-9c1c-43c9-8f23-f1cf878f156c@group-DFDDF1E31ACF-LeaderElection51] INFO  server.RaftServerConfigKeys (ConfUtils.java:logGet(43)) - raft.server.rpc.sleep.time = 25ms (default)
2019-10-04 15:32:51,983 [b46a1829-9c1c-43c9-8f23-f1cf878f156c@group-DFDDF1E31ACF-LeaderElection51] INFO  server.RaftServerConfigKeys (ConfUtils.java:logGet(43)) - raft.server.write.element-limit = 4096 (default)
2019-10-04 15:32:51,984 [b46a1829-9c1c-43c9-8f23-f1cf878f156c@group-DFDDF1E31ACF-LeaderElection51] INFO  server.RaftServerConfigKeys (ConfUtils.java:logGet(43)) - raft.server.watch.timeout = 10s (default)
2019-10-04 15:32:51,984 [b46a1829-9c1c-43c9-8f23-f1cf878f156c@group-DFDDF1E31ACF-LeaderElection51] INFO  server.RaftServerConfigKeys (ConfUtils.java:logGet(43)) - raft.server.watch.timeout.denomination = 1s (default)
2019-10-04 15:32:51,984 [b46a1829-9c1c-43c9-8f23-f1cf878f156c@group-DFDDF1E31ACF-LeaderElection51] INFO  server.RaftServerConfigKeys (ConfUtils.java:logGet(43)) - raft.server.watch.element-limit = 65536 (default)
2019-10-04 15:32:51,986 [b46a1829-9c1c-43c9-8f23-f1cf878f156c@group-DFDDF1E31ACF-LeaderElection51] INFO  impl.RoleInfo (RoleInfo.java:updateAndGet(143)) - b46a1829-9c1c-43c9-8f23-f1cf878f156c: start LeaderState
2019-10-04 15:32:51,987 [b46a1829-9c1c-43c9-8f23-f1cf878f156c@group-DFDDF1E31ACF-LeaderElection51] INFO  segmented.SegmentedRaftLogWorker (SegmentedRaftLogWorker.java:startLogSegment(385)) - b46a1829-9c1c-43c9-8f23-f1cf878f156c@group-DFDDF1E31ACF-SegmentedRaftLogWorker: Starting segment from index:0
2019-10-04 15:32:51,987 [b46a1829-9c1c-43c9-8f23-f1cf878f156c@group-DFDDF1E31ACF-LeaderElection51] INFO  impl.RaftServerImpl (ServerState.java:setRaftConf(356)) - b46a1829-9c1c-43c9-8f23-f1cf878f156c@group-DFDDF1E31ACF: set configuration 0: [b46a1829-9c1c-43c9-8f23-f1cf878f156c:192.168.164.204:36833], old=null at 0
2019-10-04 15:32:52,030 [b46a1829-9c1c-43c9-8f23-f1cf878f156c@group-DFDDF1E31ACF-SegmentedRaftLogWorker] INFO  segmented.SegmentedRaftLogWorker (SegmentedRaftLogWorker.java:execute(574)) - b46a1829-9c1c-43c9-8f23-f1cf878f156c@group-DFDDF1E31ACF-SegmentedRaftLogWorker: created new log segment /workdir/hadoop-ozone/integration-test/target/test-dir/MiniOzoneClusterImpl-fd766fb6-1411-4689-98c5-9c021f2b9f54/datanode-0/data/ratis/4c48dfd3-801b-4199-888e-dfddf1e31acf/current/log_inprogress_0
2019-10-04 15:32:52,129 [Thread-1444] INFO  impl.FollowerState (FollowerState.java:run(108)) - aa2f742d-1aa3-4d94-aa6c-e8e052b0a6f5@group-37BA3EDC0ABD-FollowerState: change to CANDIDATE, lastRpcTime:5002ms, electionTimeout:5002ms
2019-10-04 15:32:52,129 [Thread-1444] INFO  impl.RoleInfo (RoleInfo.java:shutdownFollowerState(121)) - aa2f742d-1aa3-4d94-aa6c-e8e052b0a6f5: shutdown FollowerState
2019-10-04 15:32:52,129 [Thread-1444] INFO  impl.RaftServerImpl (RaftServerImpl.java:setRole(170)) - aa2f742d-1aa3-4d94-aa6c-e8e052b0a6f5@group-37BA3EDC0ABD: changes role from  FOLLOWER to CANDIDATE at term 0 for changeToCandidate
2019-10-04 15:32:52,130 [Thread-1444] INFO  impl.RoleInfo (RoleInfo.java:updateAndGet(143)) - aa2f742d-1aa3-4d94-aa6c-e8e052b0a6f5: start LeaderElection
2019-10-04 15:32:52,149 [aa2f742d-1aa3-4d94-aa6c-e8e052b0a6f5@group-37BA3EDC0ABD-LeaderElection52] INFO  impl.LeaderElection (LeaderElection.java:askForVotes(178)) - aa2f742d-1aa3-4d94-aa6c-e8e052b0a6f5@group-37BA3EDC0ABD-LeaderElection52: begin an election at term 1 for -1: [6e12a70d-a44a-4f5b-9ec5-f7c9b940dc20:192.168.164.204:42570, aa2f742d-1aa3-4d94-aa6c-e8e052b0a6f5:192.168.164.204:38260, b46a1829-9c1c-43c9-8f23-f1cf878f156c:192.168.164.204:36833], old=null
2019-10-04 15:32:52,158 [grpc-default-executor-6] INFO  impl.RaftServerImpl (RaftServerImpl.java:setRole(170)) - b46a1829-9c1c-43c9-8f23-f1cf878f156c@group-37BA3EDC0ABD: changes role from  FOLLOWER to FOLLOWER at term 1 for recognizeCandidate:aa2f742d-1aa3-4d94-aa6c-e8e052b0a6f5
2019-10-04 15:32:52,158 [grpc-default-executor-6] INFO  impl.RoleInfo (RoleInfo.java:shutdownFollowerState(121)) - b46a1829-9c1c-43c9-8f23-f1cf878f156c: shutdown FollowerState
2019-10-04 15:32:52,159 [grpc-default-executor-6] INFO  impl.RoleInfo (RoleInfo.java:updateAndGet(143)) - b46a1829-9c1c-43c9-8f23-f1cf878f156c: start FollowerState
2019-10-04 15:32:52,159 [Thread-1445] INFO  impl.FollowerState (FollowerState.java:run(117)) - b46a1829-9c1c-43c9-8f23-f1cf878f156c@group-37BA3EDC0ABD-FollowerState was interrupted: java.lang.InterruptedException: sleep interrupted
2019-10-04 15:32:52,159 [grpc-default-executor-2] INFO  impl.RaftServerImpl (RaftServerImpl.java:setRole(170)) - 6e12a70d-a44a-4f5b-9ec5-f7c9b940dc20@group-37BA3EDC0ABD: changes role from  FOLLOWER to FOLLOWER at term 1 for recognizeCandidate:aa2f742d-1aa3-4d94-aa6c-e8e052b0a6f5
2019-10-04 15:32:52,159 [grpc-default-executor-2] INFO  impl.RoleInfo (RoleInfo.java:shutdownFollowerState(121)) - 6e12a70d-a44a-4f5b-9ec5-f7c9b940dc20: shutdown FollowerState
2019-10-04 15:32:52,164 [grpc-default-executor-2] INFO  impl.RoleInfo (RoleInfo.java:updateAndGet(143)) - 6e12a70d-a44a-4f5b-9ec5-f7c9b940dc20: start FollowerState
2019-10-04 15:32:52,164 [Thread-1440] INFO  impl.FollowerState (FollowerState.java:run(117)) - 6e12a70d-a44a-4f5b-9ec5-f7c9b940dc20@group-37BA3EDC0ABD-FollowerState was interrupted: java.lang.InterruptedException: sleep interrupted
2019-10-04 15:32:52,184 [Thread-1434] INFO  impl.FollowerState (FollowerState.java:run(108)) - 6e12a70d-a44a-4f5b-9ec5-f7c9b940dc20@group-E096BC493966-FollowerState: change to CANDIDATE, lastRpcTime:5175ms, electionTimeout:5173ms
2019-10-04 15:32:52,185 [Thread-1434] INFO  impl.RoleInfo (RoleInfo.java:shutdownFollowerState(121)) - 6e12a70d-a44a-4f5b-9ec5-f7c9b940dc20: shutdown FollowerState
2019-10-04 15:32:52,185 [Thread-1434] INFO  impl.RaftServerImpl (RaftServerImpl.java:setRole(170)) - 6e12a70d-a44a-4f5b-9ec5-f7c9b940dc20@group-E096BC493966: changes role from  FOLLOWER to CANDIDATE at term 0 for changeToCandidate
2019-10-04 15:32:52,185 [aa2f742d-1aa3-4d94-aa6c-e8e052b0a6f5@group-37BA3EDC0ABD-LeaderElection52] INFO  impl.LeaderElection (LeaderElection.java:logAndReturn(56)) - aa2f742d-1aa3-4d94-aa6c-e8e052b0a6f5@group-37BA3EDC0ABD-LeaderElection52: Election PASSED; received 1 response(s) [aa2f742d-1aa3-4d94-aa6c-e8e052b0a6f5<-6e12a70d-a44a-4f5b-9ec5-f7c9b940dc20#0:OK-t1] and 0 exception(s); aa2f742d-1aa3-4d94-aa6c-e8e052b0a6f5@group-37BA3EDC0ABD:t1, leader=null, voted=aa2f742d-1aa3-4d94-aa6c-e8e052b0a6f5, raftlog=aa2f742d-1aa3-4d94-aa6c-e8e052b0a6f5@group-37BA3EDC0ABD-SegmentedRaftLog:OPENED:c-1,f-1,i0, conf=-1: [6e12a70d-a44a-4f5b-9ec5-f7c9b940dc20:192.168.164.204:42570, aa2f742d-1aa3-4d94-aa6c-e8e052b0a6f5:192.168.164.204:38260, b46a1829-9c1c-43c9-8f23-f1cf878f156c:192.168.164.204:36833], old=null
2019-10-04 15:32:52,185 [Thread-1434] INFO  impl.RoleInfo (RoleInfo.java:updateAndGet(143)) - 6e12a70d-a44a-4f5b-9ec5-f7c9b940dc20: start LeaderElection
2019-10-04 15:32:52,185 [aa2f742d-1aa3-4d94-aa6c-e8e052b0a6f5@group-37BA3EDC0ABD-LeaderElection52] INFO  impl.RoleInfo (RoleInfo.java:shutdownLeaderElection(134)) - aa2f742d-1aa3-4d94-aa6c-e8e052b0a6f5: shutdown LeaderElection
2019-10-04 15:32:52,193 [aa2f742d-1aa3-4d94-aa6c-e8e052b0a6f5@group-37BA3EDC0ABD-LeaderElection52] INFO  impl.RaftServerImpl (RaftServerImpl.java:setRole(170)) - aa2f742d-1aa3-4d94-aa6c-e8e052b0a6f5@group-37BA3EDC0ABD: changes role from CANDIDATE to LEADER at term 1 for changeToLeader
2019-10-04 15:32:52,194 [aa2f742d-1aa3-4d94-aa6c-e8e052b0a6f5@group-37BA3EDC0ABD-LeaderElection52] INFO  impl.RaftServerImpl (ServerState.java:setLeader(255)) - aa2f742d-1aa3-4d94-aa6c-e8e052b0a6f5@group-37BA3EDC0ABD: change Leader from null to aa2f742d-1aa3-4d94-aa6c-e8e052b0a6f5 at term 1 for becomeLeader, leader elected after 5080ms
2019-10-04 15:32:52,194 [aa2f742d-1aa3-4d94-aa6c-e8e052b0a6f5@group-37BA3EDC0ABD-LeaderElection52] INFO  server.RaftServerConfigKeys (ConfUtils.java:logGet(43)) - raft.server.staging.catchup.gap = 1000 (default)
2019-10-04 15:32:52,194 [aa2f742d-1aa3-4d94-aa6c-e8e052b0a6f5@group-37BA3EDC0ABD-LeaderElection52] INFO  server.RaftServerConfigKeys (ConfUtils.java:logGet(43)) - raft.server.rpc.sleep.time = 25ms (default)
2019-10-04 15:32:52,194 [aa2f742d-1aa3-4d94-aa6c-e8e052b0a6f5@group-37BA3EDC0ABD-LeaderElection52] INFO  server.RaftServerConfigKeys (ConfUtils.java:logGet(43)) - raft.server.write.element-limit = 4096 (default)
2019-10-04 15:32:52,194 [aa2f742d-1aa3-4d94-aa6c-e8e052b0a6f5@group-37BA3EDC0ABD-LeaderElection52] INFO  server.RaftServerConfigKeys (ConfUtils.java:logGet(43)) - raft.server.watch.timeout = 10s (default)
2019-10-04 15:32:52,194 [aa2f742d-1aa3-4d94-aa6c-e8e052b0a6f5@group-37BA3EDC0ABD-LeaderElection52] INFO  server.RaftServerConfigKeys (ConfUtils.java:logGet(43)) - raft.server.watch.timeout.denomination = 1s (default)
2019-10-04 15:32:52,194 [aa2f742d-1aa3-4d94-aa6c-e8e052b0a6f5@group-37BA3EDC0ABD-LeaderElection52] INFO  server.RaftServerConfigKeys (ConfUtils.java:logGet(43)) - raft.server.watch.element-limit = 65536 (default)
2019-10-04 15:32:52,196 [aa2f742d-1aa3-4d94-aa6c-e8e052b0a6f5@group-37BA3EDC0ABD-LeaderElection52] INFO  server.RaftServerConfigKeys (ConfUtils.java:logGet(43)) - raft.server.log.appender.snapshot.chunk.size.max = 16MB (=16777216) (default)
2019-10-04 15:32:52,196 [aa2f742d-1aa3-4d94-aa6c-e8e052b0a6f5@group-37BA3EDC0ABD-LeaderElection52] INFO  server.RaftServerConfigKeys (ConfUtils.java:logGet(43)) - raft.server.log.appender.buffer.byte-limit = 33554432 (custom)
2019-10-04 15:32:52,196 [aa2f742d-1aa3-4d94-aa6c-e8e052b0a6f5@group-37BA3EDC0ABD-LeaderElection52] INFO  server.RaftServerConfigKeys (ConfUtils.java:logGet(43)) - raft.server.log.appender.buffer.element-limit = 1 (custom)
2019-10-04 15:32:52,196 [aa2f742d-1aa3-4d94-aa6c-e8e052b0a6f5@group-37BA3EDC0ABD-LeaderElection52] INFO  grpc.GrpcConfigKeys$Server (ConfUtils.java:logGet(43)) - raft.grpc.server.leader.outstanding.appends.max = 128 (default)
2019-10-04 15:32:52,197 [aa2f742d-1aa3-4d94-aa6c-e8e052b0a6f5@group-37BA3EDC0ABD-LeaderElection52] INFO  server.RaftServerConfigKeys (ConfUtils.java:logGet(43)) - raft.server.rpc.request.timeout = 3000ms (default)
2019-10-04 15:32:52,197 [aa2f742d-1aa3-4d94-aa6c-e8e052b0a6f5@group-37BA3EDC0ABD-LeaderElection52] INFO  server.RaftServerConfigKeys (ConfUtils.java:logGet(43)) - raft.server.log.appender.install.snapshot.enabled = false (custom)
2019-10-04 15:32:52,197 [aa2f742d-1aa3-4d94-aa6c-e8e052b0a6f5@group-37BA3EDC0ABD-LeaderElection52] INFO  server.RaftServerConfigKeys (ConfUtils.java:logGet(43)) - raft.server.log.appender.snapshot.chunk.size.max = 16MB (=16777216) (default)
2019-10-04 15:32:52,197 [aa2f742d-1aa3-4d94-aa6c-e8e052b0a6f5@group-37BA3EDC0ABD-LeaderElection52] INFO  server.RaftServerConfigKeys (ConfUtils.java:logGet(43)) - raft.server.log.appender.buffer.byte-limit = 33554432 (custom)
2019-10-04 15:32:52,197 [aa2f742d-1aa3-4d94-aa6c-e8e052b0a6f5@group-37BA3EDC0ABD-LeaderElection52] INFO  server.RaftServerConfigKeys (ConfUtils.java:logGet(43)) - raft.server.log.appender.buffer.element-limit = 1 (custom)
2019-10-04 15:32:52,197 [aa2f742d-1aa3-4d94-aa6c-e8e052b0a6f5@group-37BA3EDC0ABD-LeaderElection52] INFO  grpc.GrpcConfigKeys$Server (ConfUtils.java:logGet(43)) - raft.grpc.server.leader.outstanding.appends.max = 128 (default)
2019-10-04 15:32:52,197 [aa2f742d-1aa3-4d94-aa6c-e8e052b0a6f5@group-37BA3EDC0ABD-LeaderElection52] INFO  server.RaftServerConfigKeys (ConfUtils.java:logGet(43)) - raft.server.rpc.request.timeout = 3000ms (default)
2019-10-04 15:32:52,198 [aa2f742d-1aa3-4d94-aa6c-e8e052b0a6f5@group-37BA3EDC0ABD-LeaderElection52] INFO  server.RaftServerConfigKeys (ConfUtils.java:logGet(43)) - raft.server.log.appender.install.snapshot.enabled = false (custom)
2019-10-04 15:32:52,198 [aa2f742d-1aa3-4d94-aa6c-e8e052b0a6f5@group-37BA3EDC0ABD-LeaderElection52] INFO  impl.RoleInfo (RoleInfo.java:updateAndGet(143)) - aa2f742d-1aa3-4d94-aa6c-e8e052b0a6f5: start LeaderState
2019-10-04 15:32:52,198 [aa2f742d-1aa3-4d94-aa6c-e8e052b0a6f5@group-37BA3EDC0ABD-LeaderElection52] INFO  segmented.SegmentedRaftLogWorker (SegmentedRaftLogWorker.java:startLogSegment(385)) - aa2f742d-1aa3-4d94-aa6c-e8e052b0a6f5@group-37BA3EDC0ABD-SegmentedRaftLogWorker: Starting segment from index:0
2019-10-04 15:32:52,199 [aa2f742d-1aa3-4d94-aa6c-e8e052b0a6f5@group-37BA3EDC0ABD-LeaderElection52] INFO  impl.RaftServerImpl (ServerState.java:setRaftConf(356)) - aa2f742d-1aa3-4d94-aa6c-e8e052b0a6f5@group-37BA3EDC0ABD: set configuration 0: [6e12a70d-a44a-4f5b-9ec5-f7c9b940dc20:192.168.164.204:42570, aa2f742d-1aa3-4d94-aa6c-e8e052b0a6f5:192.168.164.204:38260, b46a1829-9c1c-43c9-8f23-f1cf878f156c:192.168.164.204:36833], old=null at 0
2019-10-04 15:32:52,228 [6e12a70d-a44a-4f5b-9ec5-f7c9b940dc20@group-E096BC493966-LeaderElection53] INFO  impl.LeaderElection (LeaderElection.java:askForVotes(178)) - 6e12a70d-a44a-4f5b-9ec5-f7c9b940dc20@group-E096BC493966-LeaderElection53: begin an election at term 1 for -1: [6e12a70d-a44a-4f5b-9ec5-f7c9b940dc20:192.168.164.204:42570], old=null
2019-10-04 15:32:52,228 [6e12a70d-a44a-4f5b-9ec5-f7c9b940dc20@group-E096BC493966-LeaderElection53] INFO  impl.RoleInfo (RoleInfo.java:shutdownLeaderElection(134)) - 6e12a70d-a44a-4f5b-9ec5-f7c9b940dc20: shutdown LeaderElection
2019-10-04 15:32:52,228 [6e12a70d-a44a-4f5b-9ec5-f7c9b940dc20@group-E096BC493966-LeaderElection53] INFO  impl.RaftServerImpl (RaftServerImpl.java:setRole(170)) - 6e12a70d-a44a-4f5b-9ec5-f7c9b940dc20@group-E096BC493966: changes role from CANDIDATE to LEADER at term 1 for changeToLeader
2019-10-04 15:32:52,228 [6e12a70d-a44a-4f5b-9ec5-f7c9b940dc20@group-E096BC493966-LeaderElection53] INFO  impl.RaftServerImpl (ServerState.java:setLeader(255)) - 6e12a70d-a44a-4f5b-9ec5-f7c9b940dc20@group-E096BC493966: change Leader from null to 6e12a70d-a44a-4f5b-9ec5-f7c9b940dc20 at term 1 for becomeLeader, leader elected after 5226ms
2019-10-04 15:32:52,228 [6e12a70d-a44a-4f5b-9ec5-f7c9b940dc20@group-E096BC493966-LeaderElection53] INFO  server.RaftServerConfigKeys (ConfUtils.java:logGet(43)) - raft.server.staging.catchup.gap = 1000 (default)
2019-10-04 15:32:52,228 [6e12a70d-a44a-4f5b-9ec5-f7c9b940dc20@group-E096BC493966-LeaderElection53] INFO  server.RaftServerConfigKeys (ConfUtils.java:logGet(43)) - raft.server.rpc.sleep.time = 25ms (default)
2019-10-04 15:32:52,228 [Thread-1437] INFO  impl.FollowerState (FollowerState.java:run(108)) - aa2f742d-1aa3-4d94-aa6c-e8e052b0a6f5@group-04B028D2BDA1-FollowerState: change to CANDIDATE, lastRpcTime:5162ms, electionTimeout:5162ms
2019-10-04 15:32:52,229 [6e12a70d-a44a-4f5b-9ec5-f7c9b940dc20@group-E096BC493966-LeaderElection53] INFO  server.RaftServerConfigKeys (ConfUtils.java:logGet(43)) - raft.server.write.element-limit = 4096 (default)
2019-10-04 15:32:52,229 [Thread-1437] INFO  impl.RoleInfo (RoleInfo.java:shutdownFollowerState(121)) - aa2f742d-1aa3-4d94-aa6c-e8e052b0a6f5: shutdown FollowerState
2019-10-04 15:32:52,229 [6e12a70d-a44a-4f5b-9ec5-f7c9b940dc20@group-E096BC493966-LeaderElection53] INFO  server.RaftServerConfigKeys (ConfUtils.java:logGet(43)) - raft.server.watch.timeout = 10s (default)
2019-10-04 15:32:52,229 [Thread-1437] INFO  impl.RaftServerImpl (RaftServerImpl.java:setRole(170)) - aa2f742d-1aa3-4d94-aa6c-e8e052b0a6f5@group-04B028D2BDA1: changes role from  FOLLOWER to CANDIDATE at term 0 for changeToCandidate
2019-10-04 15:32:52,229 [6e12a70d-a44a-4f5b-9ec5-f7c9b940dc20@group-E096BC493966-LeaderElection53] INFO  server.RaftServerConfigKeys (ConfUtils.java:logGet(43)) - raft.server.watch.timeout.denomination = 1s (default)
2019-10-04 15:32:52,229 [Thread-1437] INFO  impl.RoleInfo (RoleInfo.java:updateAndGet(143)) - aa2f742d-1aa3-4d94-aa6c-e8e052b0a6f5: start LeaderElection
2019-10-04 15:32:52,229 [6e12a70d-a44a-4f5b-9ec5-f7c9b940dc20@group-E096BC493966-LeaderElection53] INFO  server.RaftServerConfigKeys (ConfUtils.java:logGet(43)) - raft.server.watch.element-limit = 65536 (default)
2019-10-04 15:32:52,232 [grpc-default-executor-6] INFO  impl.RaftServerImpl (ServerState.java:setLeader(255)) - 6e12a70d-a44a-4f5b-9ec5-f7c9b940dc20@group-37BA3EDC0ABD: change Leader from null to aa2f742d-1aa3-4d94-aa6c-e8e052b0a6f5 at term 1 for appendEntries, leader elected after 5118ms
2019-10-04 15:32:52,240 [aa2f742d-1aa3-4d94-aa6c-e8e052b0a6f5@group-37BA3EDC0ABD-SegmentedRaftLogWorker] INFO  segmented.SegmentedRaftLogWorker (SegmentedRaftLogWorker.java:execute(574)) - aa2f742d-1aa3-4d94-aa6c-e8e052b0a6f5@group-37BA3EDC0ABD-SegmentedRaftLogWorker: created new log segment /workdir/hadoop-ozone/integration-test/target/test-dir/MiniOzoneClusterImpl-fd766fb6-1411-4689-98c5-9c021f2b9f54/datanode-2/data/ratis/48ea3235-1394-4854-83d3-37ba3edc0abd/current/log_inprogress_0
2019-10-04 15:32:52,232 [grpc-default-executor-2] INFO  impl.RaftServerImpl (ServerState.java:setLeader(255)) - b46a1829-9c1c-43c9-8f23-f1cf878f156c@group-37BA3EDC0ABD: change Leader from null to aa2f742d-1aa3-4d94-aa6c-e8e052b0a6f5 at term 1 for appendEntries, leader elected after 5118ms
2019-10-04 15:32:52,241 [6e12a70d-a44a-4f5b-9ec5-f7c9b940dc20@group-E096BC493966-LeaderElection53] INFO  impl.RoleInfo (RoleInfo.java:updateAndGet(143)) - 6e12a70d-a44a-4f5b-9ec5-f7c9b940dc20: start LeaderState
2019-10-04 15:32:52,241 [6e12a70d-a44a-4f5b-9ec5-f7c9b940dc20@group-E096BC493966-LeaderElection53] INFO  segmented.SegmentedRaftLogWorker (SegmentedRaftLogWorker.java:startLogSegment(385)) - 6e12a70d-a44a-4f5b-9ec5-f7c9b940dc20@group-E096BC493966-SegmentedRaftLogWorker: Starting segment from index:0
2019-10-04 15:32:52,242 [6e12a70d-a44a-4f5b-9ec5-f7c9b940dc20@group-E096BC493966-LeaderElection53] INFO  impl.RaftServerImpl (ServerState.java:setRaftConf(356)) - 6e12a70d-a44a-4f5b-9ec5-f7c9b940dc20@group-E096BC493966: set configuration 0: [6e12a70d-a44a-4f5b-9ec5-f7c9b940dc20:192.168.164.204:42570], old=null at 0
2019-10-04 15:32:52,242 [grpc-default-executor-6] INFO  impl.RaftServerImpl (ServerState.java:setRaftConf(356)) - b46a1829-9c1c-43c9-8f23-f1cf878f156c@group-37BA3EDC0ABD: set configuration 0: [6e12a70d-a44a-4f5b-9ec5-f7c9b940dc20:192.168.164.204:42570, aa2f742d-1aa3-4d94-aa6c-e8e052b0a6f5:192.168.164.204:38260, b46a1829-9c1c-43c9-8f23-f1cf878f156c:192.168.164.204:36833], old=null at 0
2019-10-04 15:32:52,242 [grpc-default-executor-2] INFO  impl.RaftServerImpl (ServerState.java:setRaftConf(356)) - 6e12a70d-a44a-4f5b-9ec5-f7c9b940dc20@group-37BA3EDC0ABD: set configuration 0: [6e12a70d-a44a-4f5b-9ec5-f7c9b940dc20:192.168.164.204:42570, aa2f742d-1aa3-4d94-aa6c-e8e052b0a6f5:192.168.164.204:38260, b46a1829-9c1c-43c9-8f23-f1cf878f156c:192.168.164.204:36833], old=null at 0
2019-10-04 15:32:52,243 [grpc-default-executor-6] INFO  segmented.SegmentedRaftLogWorker (SegmentedRaftLogWorker.java:startLogSegment(385)) - b46a1829-9c1c-43c9-8f23-f1cf878f156c@group-37BA3EDC0ABD-SegmentedRaftLogWorker: Starting segment from index:0
2019-10-04 15:32:52,243 [grpc-default-executor-2] INFO  segmented.SegmentedRaftLogWorker (SegmentedRaftLogWorker.java:startLogSegment(385)) - 6e12a70d-a44a-4f5b-9ec5-f7c9b940dc20@group-37BA3EDC0ABD-SegmentedRaftLogWorker: Starting segment from index:0
2019-10-04 15:32:52,262 [aa2f742d-1aa3-4d94-aa6c-e8e052b0a6f5@group-04B028D2BDA1-LeaderElection54] INFO  impl.LeaderElection (LeaderElection.java:askForVotes(178)) - aa2f742d-1aa3-4d94-aa6c-e8e052b0a6f5@group-04B028D2BDA1-LeaderElection54: begin an election at term 1 for -1: [aa2f742d-1aa3-4d94-aa6c-e8e052b0a6f5:192.168.164.204:38260], old=null
2019-10-04 15:32:52,262 [aa2f742d-1aa3-4d94-aa6c-e8e052b0a6f5@group-04B028D2BDA1-LeaderElection54] INFO  impl.RoleInfo (RoleInfo.java:shutdownLeaderElection(134)) - aa2f742d-1aa3-4d94-aa6c-e8e052b0a6f5: shutdown LeaderElection
2019-10-04 15:32:52,263 [aa2f742d-1aa3-4d94-aa6c-e8e052b0a6f5@group-04B028D2BDA1-LeaderElection54] INFO  impl.RaftServerImpl (RaftServerImpl.java:setRole(170)) - aa2f742d-1aa3-4d94-aa6c-e8e052b0a6f5@group-04B028D2BDA1: changes role from CANDIDATE to LEADER at term 1 for changeToLeader
2019-10-04 15:32:52,263 [aa2f742d-1aa3-4d94-aa6c-e8e052b0a6f5@group-04B028D2BDA1-LeaderElection54] INFO  impl.RaftServerImpl (ServerState.java:setLeader(255)) - aa2f742d-1aa3-4d94-aa6c-e8e052b0a6f5@group-04B028D2BDA1: change Leader from null to aa2f742d-1aa3-4d94-aa6c-e8e052b0a6f5 at term 1 for becomeLeader, leader elected after 5202ms
2019-10-04 15:32:52,263 [aa2f742d-1aa3-4d94-aa6c-e8e052b0a6f5@group-04B028D2BDA1-LeaderElection54] INFO  server.RaftServerConfigKeys (ConfUtils.java:logGet(43)) - raft.server.staging.catchup.gap = 1000 (default)
2019-10-04 15:32:52,263 [aa2f742d-1aa3-4d94-aa6c-e8e052b0a6f5@group-04B028D2BDA1-LeaderElection54] INFO  server.RaftServerConfigKeys (ConfUtils.java:logGet(43)) - raft.server.rpc.sleep.time = 25ms (default)
2019-10-04 15:32:52,263 [aa2f742d-1aa3-4d94-aa6c-e8e052b0a6f5@group-04B028D2BDA1-LeaderElection54] INFO  server.RaftServerConfigKeys (ConfUtils.java:logGet(43)) - raft.server.write.element-limit = 4096 (default)
2019-10-04 15:32:52,263 [aa2f742d-1aa3-4d94-aa6c-e8e052b0a6f5@group-04B028D2BDA1-LeaderElection54] INFO  server.RaftServerConfigKeys (ConfUtils.java:logGet(43)) - raft.server.watch.timeout = 10s (default)
2019-10-04 15:32:52,263 [aa2f742d-1aa3-4d94-aa6c-e8e052b0a6f5@group-04B028D2BDA1-LeaderElection54] INFO  server.RaftServerConfigKeys (ConfUtils.java:logGet(43)) - raft.server.watch.timeout.denomination = 1s (default)
2019-10-04 15:32:52,263 [aa2f742d-1aa3-4d94-aa6c-e8e052b0a6f5@group-04B028D2BDA1-LeaderElection54] INFO  server.RaftServerConfigKeys (ConfUtils.java:logGet(43)) - raft.server.watch.element-limit = 65536 (default)
2019-10-04 15:32:52,265 [aa2f742d-1aa3-4d94-aa6c-e8e052b0a6f5@group-04B028D2BDA1-LeaderElection54] INFO  impl.RoleInfo (RoleInfo.java:updateAndGet(143)) - aa2f742d-1aa3-4d94-aa6c-e8e052b0a6f5: start LeaderState
2019-10-04 15:32:52,266 [aa2f742d-1aa3-4d94-aa6c-e8e052b0a6f5@group-04B028D2BDA1-LeaderElection54] INFO  segmented.SegmentedRaftLogWorker (SegmentedRaftLogWorker.java:startLogSegment(385)) - aa2f742d-1aa3-4d94-aa6c-e8e052b0a6f5@group-04B028D2BDA1-SegmentedRaftLogWorker: Starting segment from index:0
2019-10-04 15:32:52,266 [aa2f742d-1aa3-4d94-aa6c-e8e052b0a6f5@group-04B028D2BDA1-LeaderElection54] INFO  impl.RaftServerImpl (ServerState.java:setRaftConf(356)) - aa2f742d-1aa3-4d94-aa6c-e8e052b0a6f5@group-04B028D2BDA1: set configuration 0: [aa2f742d-1aa3-4d94-aa6c-e8e052b0a6f5:192.168.164.204:38260], old=null at 0
2019-10-04 15:32:52,279 [6e12a70d-a44a-4f5b-9ec5-f7c9b940dc20@group-E096BC493966-SegmentedRaftLogWorker] INFO  segmented.SegmentedRaftLogWorker (SegmentedRaftLogWorker.java:execute(574)) - 6e12a70d-a44a-4f5b-9ec5-f7c9b940dc20@group-E096BC493966-SegmentedRaftLogWorker: created new log segment /workdir/hadoop-ozone/integration-test/target/test-dir/MiniOzoneClusterImpl-fd766fb6-1411-4689-98c5-9c021f2b9f54/datanode-1/data/ratis/f7a258d3-7c1b-422a-bbf1-e096bc493966/current/log_inprogress_0
2019-10-04 15:32:52,279 [6e12a70d-a44a-4f5b-9ec5-f7c9b940dc20@group-37BA3EDC0ABD-SegmentedRaftLogWorker] INFO  segmented.SegmentedRaftLogWorker (SegmentedRaftLogWorker.java:execute(574)) - 6e12a70d-a44a-4f5b-9ec5-f7c9b940dc20@group-37BA3EDC0ABD-SegmentedRaftLogWorker: created new log segment /workdir/hadoop-ozone/integration-test/target/test-dir/MiniOzoneClusterImpl-fd766fb6-1411-4689-98c5-9c021f2b9f54/datanode-1/data/ratis/48ea3235-1394-4854-83d3-37ba3edc0abd/current/log_inprogress_0
2019-10-04 15:32:52,279 [b46a1829-9c1c-43c9-8f23-f1cf878f156c@group-37BA3EDC0ABD-SegmentedRaftLogWorker] INFO  segmented.SegmentedRaftLogWorker (SegmentedRaftLogWorker.java:execute(574)) - b46a1829-9c1c-43c9-8f23-f1cf878f156c@group-37BA3EDC0ABD-SegmentedRaftLogWorker: created new log segment /workdir/hadoop-ozone/integration-test/target/test-dir/MiniOzoneClusterImpl-fd766fb6-1411-4689-98c5-9c021f2b9f54/datanode-0/data/ratis/48ea3235-1394-4854-83d3-37ba3edc0abd/current/log_inprogress_0
2019-10-04 15:32:52,280 [Thread-1449] INFO  impl.FollowerState (FollowerState.java:run(108)) - 510155e9-1ff2-4eee-a1f0-82904282d417@group-2C0D3EC6F466-FollowerState: change to CANDIDATE, lastRpcTime:5029ms, electionTimeout:5029ms
2019-10-04 15:32:52,280 [Thread-1449] INFO  impl.RoleInfo (RoleInfo.java:shutdownFollowerState(121)) - 510155e9-1ff2-4eee-a1f0-82904282d417: shutdown FollowerState
2019-10-04 15:32:52,280 [Thread-1449] INFO  impl.RaftServerImpl (RaftServerImpl.java:setRole(170)) - 510155e9-1ff2-4eee-a1f0-82904282d417@group-2C0D3EC6F466: changes role from  FOLLOWER to CANDIDATE at term 0 for changeToCandidate
2019-10-04 15:32:52,280 [Thread-1449] INFO  impl.RoleInfo (RoleInfo.java:updateAndGet(143)) - 510155e9-1ff2-4eee-a1f0-82904282d417: start LeaderElection
2019-10-04 15:32:52,304 [aa2f742d-1aa3-4d94-aa6c-e8e052b0a6f5@group-04B028D2BDA1-SegmentedRaftLogWorker] INFO  segmented.SegmentedRaftLogWorker (SegmentedRaftLogWorker.java:execute(574)) - aa2f742d-1aa3-4d94-aa6c-e8e052b0a6f5@group-04B028D2BDA1-SegmentedRaftLogWorker: created new log segment /workdir/hadoop-ozone/integration-test/target/test-dir/MiniOzoneClusterImpl-fd766fb6-1411-4689-98c5-9c021f2b9f54/datanode-2/data/ratis/eb9ccfda-9ca5-453d-9960-04b028d2bda1/current/log_inprogress_0
2019-10-04 15:32:52,304 [510155e9-1ff2-4eee-a1f0-82904282d417@group-2C0D3EC6F466-LeaderElection55] INFO  impl.LeaderElection (LeaderElection.java:askForVotes(178)) - 510155e9-1ff2-4eee-a1f0-82904282d417@group-2C0D3EC6F466-LeaderElection55: begin an election at term 1 for -1: [510155e9-1ff2-4eee-a1f0-82904282d417:192.168.164.204:40133], old=null
2019-10-04 15:32:52,304 [510155e9-1ff2-4eee-a1f0-82904282d417@group-2C0D3EC6F466-LeaderElection55] INFO  impl.RoleInfo (RoleInfo.java:shutdownLeaderElection(134)) - 510155e9-1ff2-4eee-a1f0-82904282d417: shutdown LeaderElection
2019-10-04 15:32:52,305 [510155e9-1ff2-4eee-a1f0-82904282d417@group-2C0D3EC6F466-LeaderElection55] INFO  impl.RaftServerImpl (RaftServerImpl.java:setRole(170)) - 510155e9-1ff2-4eee-a1f0-82904282d417@group-2C0D3EC6F466: changes role from CANDIDATE to LEADER at term 1 for changeToLeader
2019-10-04 15:32:52,305 [510155e9-1ff2-4eee-a1f0-82904282d417@group-2C0D3EC6F466-LeaderElection55] INFO  impl.RaftServerImpl (ServerState.java:setLeader(255)) - 510155e9-1ff2-4eee-a1f0-82904282d417@group-2C0D3EC6F466: change Leader from null to 510155e9-1ff2-4eee-a1f0-82904282d417 at term 1 for becomeLeader, leader elected after 5060ms
2019-10-04 15:32:52,305 [510155e9-1ff2-4eee-a1f0-82904282d417@group-2C0D3EC6F466-LeaderElection55] INFO  server.RaftServerConfigKeys (ConfUtils.java:logGet(43)) - raft.server.staging.catchup.gap = 1000 (default)
2019-10-04 15:32:52,305 [510155e9-1ff2-4eee-a1f0-82904282d417@group-2C0D3EC6F466-LeaderElection55] INFO  server.RaftServerConfigKeys (ConfUtils.java:logGet(43)) - raft.server.rpc.sleep.time = 25ms (default)
2019-10-04 15:32:52,305 [510155e9-1ff2-4eee-a1f0-82904282d417@group-2C0D3EC6F466-LeaderElection55] INFO  server.RaftServerConfigKeys (ConfUtils.java:logGet(43)) - raft.server.write.element-limit = 4096 (default)
2019-10-04 15:32:52,305 [510155e9-1ff2-4eee-a1f0-82904282d417@group-2C0D3EC6F466-LeaderElection55] INFO  server.RaftServerConfigKeys (ConfUtils.java:logGet(43)) - raft.server.watch.timeout = 10s (default)
2019-10-04 15:32:52,305 [510155e9-1ff2-4eee-a1f0-82904282d417@group-2C0D3EC6F466-LeaderElection55] INFO  server.RaftServerConfigKeys (ConfUtils.java:logGet(43)) - raft.server.watch.timeout.denomination = 1s (default)
2019-10-04 15:32:52,305 [510155e9-1ff2-4eee-a1f0-82904282d417@group-2C0D3EC6F466-LeaderElection55] INFO  server.RaftServerConfigKeys (ConfUtils.java:logGet(43)) - raft.server.watch.element-limit = 65536 (default)
2019-10-04 15:32:52,307 [510155e9-1ff2-4eee-a1f0-82904282d417@group-2C0D3EC6F466-LeaderElection55] INFO  impl.RoleInfo (RoleInfo.java:updateAndGet(143)) - 510155e9-1ff2-4eee-a1f0-82904282d417: start LeaderState
2019-10-04 15:32:52,307 [510155e9-1ff2-4eee-a1f0-82904282d417@group-2C0D3EC6F466-LeaderElection55] INFO  segmented.SegmentedRaftLogWorker (SegmentedRaftLogWorker.java:startLogSegment(385)) - 510155e9-1ff2-4eee-a1f0-82904282d417@group-2C0D3EC6F466-SegmentedRaftLogWorker: Starting segment from index:0
2019-10-04 15:32:52,308 [510155e9-1ff2-4eee-a1f0-82904282d417@group-2C0D3EC6F466-LeaderElection55] INFO  impl.RaftServerImpl (ServerState.java:setRaftConf(356)) - 510155e9-1ff2-4eee-a1f0-82904282d417@group-2C0D3EC6F466: set configuration 0: [510155e9-1ff2-4eee-a1f0-82904282d417:192.168.164.204:40133], old=null at 0
2019-10-04 15:32:52,345 [510155e9-1ff2-4eee-a1f0-82904282d417@group-2C0D3EC6F466-SegmentedRaftLogWorker] INFO  segmented.SegmentedRaftLogWorker (SegmentedRaftLogWorker.java:execute(574)) - 510155e9-1ff2-4eee-a1f0-82904282d417@group-2C0D3EC6F466-SegmentedRaftLogWorker: created new log segment /workdir/hadoop-ozone/integration-test/target/test-dir/MiniOzoneClusterImpl-fd766fb6-1411-4689-98c5-9c021f2b9f54/datanode-3/data/ratis/04ae9234-5483-4eb7-8e2a-2c0d3ec6f466/current/log_inprogress_0
2019-10-04 15:32:52,399 [Thread-1452] INFO  impl.FollowerState (FollowerState.java:run(108)) - 48428e1f-d04f-4e60-a3da-a20d4689e94c@group-25EF126B9993-FollowerState: change to CANDIDATE, lastRpcTime:5089ms, electionTimeout:5089ms
2019-10-04 15:32:52,400 [Thread-1452] INFO  impl.RoleInfo (RoleInfo.java:shutdownFollowerState(121)) - 48428e1f-d04f-4e60-a3da-a20d4689e94c: shutdown FollowerState
2019-10-04 15:32:52,400 [Thread-1452] INFO  impl.RaftServerImpl (RaftServerImpl.java:setRole(170)) - 48428e1f-d04f-4e60-a3da-a20d4689e94c@group-25EF126B9993: changes role from  FOLLOWER to CANDIDATE at term 0 for changeToCandidate
2019-10-04 15:32:52,400 [Thread-1452] INFO  impl.RoleInfo (RoleInfo.java:updateAndGet(143)) - 48428e1f-d04f-4e60-a3da-a20d4689e94c: start LeaderElection
2019-10-04 15:32:52,422 [48428e1f-d04f-4e60-a3da-a20d4689e94c@group-25EF126B9993-LeaderElection56] INFO  impl.LeaderElection (LeaderElection.java:askForVotes(178)) - 48428e1f-d04f-4e60-a3da-a20d4689e94c@group-25EF126B9993-LeaderElection56: begin an election at term 1 for -1: [48428e1f-d04f-4e60-a3da-a20d4689e94c:192.168.164.204:41584], old=null
2019-10-04 15:32:52,422 [48428e1f-d04f-4e60-a3da-a20d4689e94c@group-25EF126B9993-LeaderElection56] INFO  impl.RoleInfo (RoleInfo.java:shutdownLeaderElection(134)) - 48428e1f-d04f-4e60-a3da-a20d4689e94c: shutdown LeaderElection
2019-10-04 15:32:52,422 [48428e1f-d04f-4e60-a3da-a20d4689e94c@group-25EF126B9993-LeaderElection56] INFO  impl.RaftServerImpl (RaftServerImpl.java:setRole(170)) - 48428e1f-d04f-4e60-a3da-a20d4689e94c@group-25EF126B9993: changes role from CANDIDATE to LEADER at term 1 for changeToLeader
2019-10-04 15:32:52,423 [48428e1f-d04f-4e60-a3da-a20d4689e94c@group-25EF126B9993-LeaderElection56] INFO  impl.RaftServerImpl (ServerState.java:setLeader(255)) - 48428e1f-d04f-4e60-a3da-a20d4689e94c@group-25EF126B9993: change Leader from null to 48428e1f-d04f-4e60-a3da-a20d4689e94c at term 1 for becomeLeader, leader elected after 5118ms
2019-10-04 15:32:52,423 [48428e1f-d04f-4e60-a3da-a20d4689e94c@group-25EF126B9993-LeaderElection56] INFO  server.RaftServerConfigKeys (ConfUtils.java:logGet(43)) - raft.server.staging.catchup.gap = 1000 (default)
2019-10-04 15:32:52,423 [48428e1f-d04f-4e60-a3da-a20d4689e94c@group-25EF126B9993-LeaderElection56] INFO  server.RaftServerConfigKeys (ConfUtils.java:logGet(43)) - raft.server.rpc.sleep.time = 25ms (default)
2019-10-04 15:32:52,423 [48428e1f-d04f-4e60-a3da-a20d4689e94c@group-25EF126B9993-LeaderElection56] INFO  server.RaftServerConfigKeys (ConfUtils.java:logGet(43)) - raft.server.write.element-limit = 4096 (default)
2019-10-04 15:32:52,423 [48428e1f-d04f-4e60-a3da-a20d4689e94c@group-25EF126B9993-LeaderElection56] INFO  server.RaftServerConfigKeys (ConfUtils.java:logGet(43)) - raft.server.watch.timeout = 10s (default)
2019-10-04 15:32:52,423 [48428e1f-d04f-4e60-a3da-a20d4689e94c@group-25EF126B9993-LeaderElection56] INFO  server.RaftServerConfigKeys (ConfUtils.java:logGet(43)) - raft.server.watch.timeout.denomination = 1s (default)
2019-10-04 15:32:52,424 [48428e1f-d04f-4e60-a3da-a20d4689e94c@group-25EF126B9993-LeaderElection56] INFO  server.RaftServerConfigKeys (ConfUtils.java:logGet(43)) - raft.server.watch.element-limit = 65536 (default)
2019-10-04 15:32:52,426 [48428e1f-d04f-4e60-a3da-a20d4689e94c@group-25EF126B9993-LeaderElection56] INFO  impl.RoleInfo (RoleInfo.java:updateAndGet(143)) - 48428e1f-d04f-4e60-a3da-a20d4689e94c: start LeaderState
2019-10-04 15:32:52,426 [48428e1f-d04f-4e60-a3da-a20d4689e94c@group-25EF126B9993-LeaderElection56] INFO  segmented.SegmentedRaftLogWorker (SegmentedRaftLogWorker.java:startLogSegment(385)) - 48428e1f-d04f-4e60-a3da-a20d4689e94c@group-25EF126B9993-SegmentedRaftLogWorker: Starting segment from index:0
2019-10-04 15:32:52,427 [48428e1f-d04f-4e60-a3da-a20d4689e94c@group-25EF126B9993-LeaderElection56] INFO  impl.RaftServerImpl (ServerState.java:setRaftConf(356)) - 48428e1f-d04f-4e60-a3da-a20d4689e94c@group-25EF126B9993: set configuration 0: [48428e1f-d04f-4e60-a3da-a20d4689e94c:192.168.164.204:41584], old=null at 0
2019-10-04 15:32:52,466 [48428e1f-d04f-4e60-a3da-a20d4689e94c@group-25EF126B9993-SegmentedRaftLogWorker] INFO  segmented.SegmentedRaftLogWorker (SegmentedRaftLogWorker.java:execute(574)) - 48428e1f-d04f-4e60-a3da-a20d4689e94c@group-25EF126B9993-SegmentedRaftLogWorker: created new log segment /workdir/hadoop-ozone/integration-test/target/test-dir/MiniOzoneClusterImpl-fd766fb6-1411-4689-98c5-9c021f2b9f54/datanode-5/data/ratis/01450853-bc4e-403c-8af8-25ef126b9993/current/log_inprogress_0
2019-10-04 15:32:52,479 [Thread-1455] INFO  impl.FollowerState (FollowerState.java:run(108)) - 0decd62e-80e0-4e5c-b25d-8770daaeb30f@group-9DF569BD8146-FollowerState: change to CANDIDATE, lastRpcTime:5112ms, electionTimeout:5112ms
2019-10-04 15:32:52,479 [Thread-1455] INFO  impl.RoleInfo (RoleInfo.java:shutdownFollowerState(121)) - 0decd62e-80e0-4e5c-b25d-8770daaeb30f: shutdown FollowerState
2019-10-04 15:32:52,480 [Thread-1455] INFO  impl.RaftServerImpl (RaftServerImpl.java:setRole(170)) - 0decd62e-80e0-4e5c-b25d-8770daaeb30f@group-9DF569BD8146: changes role from  FOLLOWER to CANDIDATE at term 0 for changeToCandidate
2019-10-04 15:32:52,480 [Thread-1455] INFO  impl.RoleInfo (RoleInfo.java:updateAndGet(143)) - 0decd62e-80e0-4e5c-b25d-8770daaeb30f: start LeaderElection
2019-10-04 15:32:52,501 [0decd62e-80e0-4e5c-b25d-8770daaeb30f@group-9DF569BD8146-LeaderElection57] INFO  impl.LeaderElection (LeaderElection.java:askForVotes(178)) - 0decd62e-80e0-4e5c-b25d-8770daaeb30f@group-9DF569BD8146-LeaderElection57: begin an election at term 1 for -1: [0decd62e-80e0-4e5c-b25d-8770daaeb30f:192.168.164.204:44334], old=null
2019-10-04 15:32:52,501 [0decd62e-80e0-4e5c-b25d-8770daaeb30f@group-9DF569BD8146-LeaderElection57] INFO  impl.RoleInfo (RoleInfo.java:shutdownLeaderElection(134)) - 0decd62e-80e0-4e5c-b25d-8770daaeb30f: shutdown LeaderElection
2019-10-04 15:32:52,501 [0decd62e-80e0-4e5c-b25d-8770daaeb30f@group-9DF569BD8146-LeaderElection57] INFO  impl.RaftServerImpl (RaftServerImpl.java:setRole(170)) - 0decd62e-80e0-4e5c-b25d-8770daaeb30f@group-9DF569BD8146: changes role from CANDIDATE to LEADER at term 1 for changeToLeader
2019-10-04 15:32:52,501 [0decd62e-80e0-4e5c-b25d-8770daaeb30f@group-9DF569BD8146-LeaderElection57] INFO  impl.RaftServerImpl (ServerState.java:setLeader(255)) - 0decd62e-80e0-4e5c-b25d-8770daaeb30f@group-9DF569BD8146: change Leader from null to 0decd62e-80e0-4e5c-b25d-8770daaeb30f at term 1 for becomeLeader, leader elected after 5139ms
2019-10-04 15:32:52,502 [0decd62e-80e0-4e5c-b25d-8770daaeb30f@group-9DF569BD8146-LeaderElection57] INFO  server.RaftServerConfigKeys (ConfUtils.java:logGet(43)) - raft.server.staging.catchup.gap = 1000 (default)
2019-10-04 15:32:52,502 [0decd62e-80e0-4e5c-b25d-8770daaeb30f@group-9DF569BD8146-LeaderElection57] INFO  server.RaftServerConfigKeys (ConfUtils.java:logGet(43)) - raft.server.rpc.sleep.time = 25ms (default)
2019-10-04 15:32:52,502 [0decd62e-80e0-4e5c-b25d-8770daaeb30f@group-9DF569BD8146-LeaderElection57] INFO  server.RaftServerConfigKeys (ConfUtils.java:logGet(43)) - raft.server.write.element-limit = 4096 (default)
2019-10-04 15:32:52,502 [0decd62e-80e0-4e5c-b25d-8770daaeb30f@group-9DF569BD8146-LeaderElection57] INFO  server.RaftServerConfigKeys (ConfUtils.java:logGet(43)) - raft.server.watch.timeout = 10s (default)
2019-10-04 15:32:52,502 [0decd62e-80e0-4e5c-b25d-8770daaeb30f@group-9DF569BD8146-LeaderElection57] INFO  server.RaftServerConfigKeys (ConfUtils.java:logGet(43)) - raft.server.watch.timeout.denomination = 1s (default)
2019-10-04 15:32:52,502 [0decd62e-80e0-4e5c-b25d-8770daaeb30f@group-9DF569BD8146-LeaderElection57] INFO  server.RaftServerConfigKeys (ConfUtils.java:logGet(43)) - raft.server.watch.element-limit = 65536 (default)
2019-10-04 15:32:52,505 [0decd62e-80e0-4e5c-b25d-8770daaeb30f@group-9DF569BD8146-LeaderElection57] INFO  impl.RoleInfo (RoleInfo.java:updateAndGet(143)) - 0decd62e-80e0-4e5c-b25d-8770daaeb30f: start LeaderState
2019-10-04 15:32:52,506 [0decd62e-80e0-4e5c-b25d-8770daaeb30f@group-9DF569BD8146-LeaderElection57] INFO  segmented.SegmentedRaftLogWorker (SegmentedRaftLogWorker.java:startLogSegment(385)) - 0decd62e-80e0-4e5c-b25d-8770daaeb30f@group-9DF569BD8146-SegmentedRaftLogWorker: Starting segment from index:0
2019-10-04 15:32:52,506 [0decd62e-80e0-4e5c-b25d-8770daaeb30f@group-9DF569BD8146-LeaderElection57] INFO  impl.RaftServerImpl (ServerState.java:setRaftConf(356)) - 0decd62e-80e0-4e5c-b25d-8770daaeb30f@group-9DF569BD8146: set configuration 0: [0decd62e-80e0-4e5c-b25d-8770daaeb30f:192.168.164.204:44334], old=null at 0
2019-10-04 15:32:52,528 [Thread-1458] INFO  impl.FollowerState (FollowerState.java:run(108)) - fc7eab08-a0fa-4ee4-abb6-29abd26b0c5d@group-D6D12603C821-FollowerState: change to CANDIDATE, lastRpcTime:5118ms, electionTimeout:5118ms
2019-10-04 15:32:52,529 [Thread-1458] INFO  impl.RoleInfo (RoleInfo.java:shutdownFollowerState(121)) - fc7eab08-a0fa-4ee4-abb6-29abd26b0c5d: shutdown FollowerState
2019-10-04 15:32:52,529 [Thread-1458] INFO  impl.RaftServerImpl (RaftServerImpl.java:setRole(170)) - fc7eab08-a0fa-4ee4-abb6-29abd26b0c5d@group-D6D12603C821: changes role from  FOLLOWER to CANDIDATE at term 0 for changeToCandidate
2019-10-04 15:32:52,529 [Thread-1458] INFO  impl.RoleInfo (RoleInfo.java:updateAndGet(143)) - fc7eab08-a0fa-4ee4-abb6-29abd26b0c5d: start LeaderElection
2019-10-04 15:32:52,561 [0decd62e-80e0-4e5c-b25d-8770daaeb30f@group-9DF569BD8146-SegmentedRaftLogWorker] INFO  segmented.SegmentedRaftLogWorker (SegmentedRaftLogWorker.java:execute(574)) - 0decd62e-80e0-4e5c-b25d-8770daaeb30f@group-9DF569BD8146-SegmentedRaftLogWorker: created new log segment /workdir/hadoop-ozone/integration-test/target/test-dir/MiniOzoneClusterImpl-fd766fb6-1411-4689-98c5-9c021f2b9f54/datanode-4/data/ratis/980edc7c-db50-41d4-9479-9df569bd8146/current/log_inprogress_0
2019-10-04 15:32:52,562 [fc7eab08-a0fa-4ee4-abb6-29abd26b0c5d@group-D6D12603C821-LeaderElection58] INFO  impl.LeaderElection (LeaderElection.java:askForVotes(178)) - fc7eab08-a0fa-4ee4-abb6-29abd26b0c5d@group-D6D12603C821-LeaderElection58: begin an election at term 1 for -1: [fc7eab08-a0fa-4ee4-abb6-29abd26b0c5d:192.168.164.204:32870], old=null
2019-10-04 15:32:52,562 [fc7eab08-a0fa-4ee4-abb6-29abd26b0c5d@group-D6D12603C821-LeaderElection58] INFO  impl.RoleInfo (RoleInfo.java:shutdownLeaderElection(134)) - fc7eab08-a0fa-4ee4-abb6-29abd26b0c5d: shutdown LeaderElection
2019-10-04 15:32:52,568 [fc7eab08-a0fa-4ee4-abb6-29abd26b0c5d@group-D6D12603C821-LeaderElection58] INFO  impl.RaftServerImpl (RaftServerImpl.java:setRole(170)) - fc7eab08-a0fa-4ee4-abb6-29abd26b0c5d@group-D6D12603C821: changes role from CANDIDATE to LEADER at term 1 for changeToLeader
2019-10-04 15:32:52,569 [fc7eab08-a0fa-4ee4-abb6-29abd26b0c5d@group-D6D12603C821-LeaderElection58] INFO  impl.RaftServerImpl (ServerState.java:setLeader(255)) - fc7eab08-a0fa-4ee4-abb6-29abd26b0c5d@group-D6D12603C821: change Leader from null to fc7eab08-a0fa-4ee4-abb6-29abd26b0c5d at term 1 for becomeLeader, leader elected after 5163ms
2019-10-04 15:32:52,569 [fc7eab08-a0fa-4ee4-abb6-29abd26b0c5d@group-D6D12603C821-LeaderElection58] INFO  server.RaftServerConfigKeys (ConfUtils.java:logGet(43)) - raft.server.staging.catchup.gap = 1000 (default)
2019-10-04 15:32:52,569 [fc7eab08-a0fa-4ee4-abb6-29abd26b0c5d@group-D6D12603C821-LeaderElection58] INFO  server.RaftServerConfigKeys (ConfUtils.java:logGet(43)) - raft.server.rpc.sleep.time = 25ms (default)
2019-10-04 15:32:52,571 [Thread-1466] INFO  impl.FollowerState (FollowerState.java:run(108)) - 48428e1f-d04f-4e60-a3da-a20d4689e94c@group-5059C48ADF9B-FollowerState: change to CANDIDATE, lastRpcTime:5092ms, electionTimeout:5091ms
2019-10-04 15:32:52,571 [fc7eab08-a0fa-4ee4-abb6-29abd26b0c5d@group-D6D12603C821-LeaderElection58] INFO  server.RaftServerConfigKeys (ConfUtils.java:logGet(43)) - raft.server.write.element-limit = 4096 (default)
2019-10-04 15:32:52,571 [Thread-1466] INFO  impl.RoleInfo (RoleInfo.java:shutdownFollowerState(121)) - 48428e1f-d04f-4e60-a3da-a20d4689e94c: shutdown FollowerState
2019-10-04 15:32:52,572 [fc7eab08-a0fa-4ee4-abb6-29abd26b0c5d@group-D6D12603C821-LeaderElection58] INFO  server.RaftServerConfigKeys (ConfUtils.java:logGet(43)) - raft.server.watch.timeout = 10s (default)
2019-10-04 15:32:52,572 [Thread-1466] INFO  impl.RaftServerImpl (RaftServerImpl.java:setRole(170)) - 48428e1f-d04f-4e60-a3da-a20d4689e94c@group-5059C48ADF9B: changes role from  FOLLOWER to CANDIDATE at term 0 for changeToCandidate
2019-10-04 15:32:52,572 [fc7eab08-a0fa-4ee4-abb6-29abd26b0c5d@group-D6D12603C821-LeaderElection58] INFO  server.RaftServerConfigKeys (ConfUtils.java:logGet(43)) - raft.server.watch.timeout.denomination = 1s (default)
2019-10-04 15:32:52,572 [Thread-1466] INFO  impl.RoleInfo (RoleInfo.java:updateAndGet(143)) - 48428e1f-d04f-4e60-a3da-a20d4689e94c: start LeaderElection
2019-10-04 15:32:52,572 [fc7eab08-a0fa-4ee4-abb6-29abd26b0c5d@group-D6D12603C821-LeaderElection58] INFO  server.RaftServerConfigKeys (ConfUtils.java:logGet(43)) - raft.server.watch.element-limit = 65536 (default)
2019-10-04 15:32:52,579 [fc7eab08-a0fa-4ee4-abb6-29abd26b0c5d@group-D6D12603C821-LeaderElection58] INFO  impl.RoleInfo (RoleInfo.java:updateAndGet(143)) - fc7eab08-a0fa-4ee4-abb6-29abd26b0c5d: start LeaderState
2019-10-04 15:32:52,579 [fc7eab08-a0fa-4ee4-abb6-29abd26b0c5d@group-D6D12603C821-LeaderElection58] INFO  segmented.SegmentedRaftLogWorker (SegmentedRaftLogWorker.java:startLogSegment(385)) - fc7eab08-a0fa-4ee4-abb6-29abd26b0c5d@group-D6D12603C821-SegmentedRaftLogWorker: Starting segment from index:0
2019-10-04 15:32:52,580 [fc7eab08-a0fa-4ee4-abb6-29abd26b0c5d@group-D6D12603C821-LeaderElection58] INFO  impl.RaftServerImpl (ServerState.java:setRaftConf(356)) - fc7eab08-a0fa-4ee4-abb6-29abd26b0c5d@group-D6D12603C821: set configuration 0: [fc7eab08-a0fa-4ee4-abb6-29abd26b0c5d:192.168.164.204:32870], old=null at 0
2019-10-04 15:32:52,583 [Thread-1464] INFO  impl.FollowerState (FollowerState.java:run(108)) - 510155e9-1ff2-4eee-a1f0-82904282d417@group-5059C48ADF9B-FollowerState: change to CANDIDATE, lastRpcTime:5110ms, electionTimeout:5110ms
2019-10-04 15:32:52,583 [Thread-1464] INFO  impl.RoleInfo (RoleInfo.java:shutdownFollowerState(121)) - 510155e9-1ff2-4eee-a1f0-82904282d417: shutdown FollowerState
2019-10-04 15:32:52,584 [Thread-1464] INFO  impl.RaftServerImpl (RaftServerImpl.java:setRole(170)) - 510155e9-1ff2-4eee-a1f0-82904282d417@group-5059C48ADF9B: changes role from  FOLLOWER to CANDIDATE at term 0 for changeToCandidate
2019-10-04 15:32:52,584 [Thread-1464] INFO  impl.RoleInfo (RoleInfo.java:updateAndGet(143)) - 510155e9-1ff2-4eee-a1f0-82904282d417: start LeaderElection
2019-10-04 15:32:52,617 [48428e1f-d04f-4e60-a3da-a20d4689e94c@group-5059C48ADF9B-LeaderElection59] INFO  impl.LeaderElection (LeaderElection.java:askForVotes(178)) - 48428e1f-d04f-4e60-a3da-a20d4689e94c@group-5059C48ADF9B-LeaderElection59: begin an election at term 1 for -1: [0decd62e-80e0-4e5c-b25d-8770daaeb30f:192.168.164.204:44334, 48428e1f-d04f-4e60-a3da-a20d4689e94c:192.168.164.204:41584, 510155e9-1ff2-4eee-a1f0-82904282d417:192.168.164.204:40133], old=null
2019-10-04 15:32:52,628 [Thread-1462] INFO  impl.FollowerState (FollowerState.java:run(108)) - 0decd62e-80e0-4e5c-b25d-8770daaeb30f@group-5059C48ADF9B-FollowerState: change to CANDIDATE, lastRpcTime:5156ms, electionTimeout:5156ms
2019-10-04 15:32:52,629 [Thread-1462] INFO  impl.RoleInfo (RoleInfo.java:shutdownFollowerState(121)) - 0decd62e-80e0-4e5c-b25d-8770daaeb30f: shutdown FollowerState
2019-10-04 15:32:52,629 [Thread-1462] INFO  impl.RaftServerImpl (RaftServerImpl.java:setRole(170)) - 0decd62e-80e0-4e5c-b25d-8770daaeb30f@group-5059C48ADF9B: changes role from  FOLLOWER to CANDIDATE at term 0 for changeToCandidate
2019-10-04 15:32:52,629 [Thread-1462] INFO  impl.RoleInfo (RoleInfo.java:updateAndGet(143)) - 0decd62e-80e0-4e5c-b25d-8770daaeb30f: start LeaderElection
2019-10-04 15:32:52,632 [fc7eab08-a0fa-4ee4-abb6-29abd26b0c5d@group-D6D12603C821-SegmentedRaftLogWorker] INFO  segmented.SegmentedRaftLogWorker (SegmentedRaftLogWorker.java:execute(574)) - fc7eab08-a0fa-4ee4-abb6-29abd26b0c5d@group-D6D12603C821-SegmentedRaftLogWorker: created new log segment /workdir/hadoop-ozone/integration-test/target/test-dir/MiniOzoneClusterImpl-fd766fb6-1411-4689-98c5-9c021f2b9f54/datanode-6/data/ratis/919f4a6e-9527-4733-be80-d6d12603c821/current/log_inprogress_0
2019-10-04 15:32:52,633 [510155e9-1ff2-4eee-a1f0-82904282d417@group-5059C48ADF9B-LeaderElection60] INFO  impl.LeaderElection (LeaderElection.java:askForVotes(178)) - 510155e9-1ff2-4eee-a1f0-82904282d417@group-5059C48ADF9B-LeaderElection60: begin an election at term 1 for -1: [0decd62e-80e0-4e5c-b25d-8770daaeb30f:192.168.164.204:44334, 48428e1f-d04f-4e60-a3da-a20d4689e94c:192.168.164.204:41584, 510155e9-1ff2-4eee-a1f0-82904282d417:192.168.164.204:40133], old=null
2019-10-04 15:32:52,635 [grpc-default-executor-6] INFO  impl.RaftServerImpl (RaftServerImpl.java:setRole(170)) - 0decd62e-80e0-4e5c-b25d-8770daaeb30f@group-5059C48ADF9B: changes role from CANDIDATE to FOLLOWER at term 1 for recognizeCandidate:48428e1f-d04f-4e60-a3da-a20d4689e94c
2019-10-04 15:32:52,636 [grpc-default-executor-6] INFO  impl.RoleInfo (RoleInfo.java:shutdownLeaderElection(134)) - 0decd62e-80e0-4e5c-b25d-8770daaeb30f: shutdown LeaderElection
2019-10-04 15:32:52,636 [grpc-default-executor-6] INFO  impl.RoleInfo (RoleInfo.java:updateAndGet(143)) - 0decd62e-80e0-4e5c-b25d-8770daaeb30f: start FollowerState
2019-10-04 15:32:52,649 [grpc-default-executor-2] INFO  impl.RaftServerImpl (RaftServerImpl.java:setRole(170)) - 0decd62e-80e0-4e5c-b25d-8770daaeb30f@group-5059C48ADF9B: changes role from  FOLLOWER to FOLLOWER at term 1 for recognizeCandidate:510155e9-1ff2-4eee-a1f0-82904282d417
2019-10-04 15:32:52,649 [grpc-default-executor-2] INFO  impl.RoleInfo (RoleInfo.java:shutdownFollowerState(121)) - 0decd62e-80e0-4e5c-b25d-8770daaeb30f: shutdown FollowerState
2019-10-04 15:32:52,653 [grpc-default-executor-2] INFO  impl.RoleInfo (RoleInfo.java:updateAndGet(143)) - 0decd62e-80e0-4e5c-b25d-8770daaeb30f: start FollowerState
2019-10-04 15:32:52,653 [Thread-1526] INFO  impl.FollowerState (FollowerState.java:run(117)) - 0decd62e-80e0-4e5c-b25d-8770daaeb30f@group-5059C48ADF9B-FollowerState was interrupted: java.lang.InterruptedException: sleep interrupted
2019-10-04 15:32:52,655 [48428e1f-d04f-4e60-a3da-a20d4689e94c@group-5059C48ADF9B-LeaderElection59] INFO  impl.LeaderElection (LeaderElection.java:logAndReturn(56)) - 48428e1f-d04f-4e60-a3da-a20d4689e94c@group-5059C48ADF9B-LeaderElection59: Election REJECTED; received 2 response(s) [48428e1f-d04f-4e60-a3da-a20d4689e94c<-0decd62e-80e0-4e5c-b25d-8770daaeb30f#0:FAIL-t1, 48428e1f-d04f-4e60-a3da-a20d4689e94c<-510155e9-1ff2-4eee-a1f0-82904282d417#0:FAIL-t1] and 0 exception(s); 48428e1f-d04f-4e60-a3da-a20d4689e94c@group-5059C48ADF9B:t1, leader=null, voted=48428e1f-d04f-4e60-a3da-a20d4689e94c, raftlog=48428e1f-d04f-4e60-a3da-a20d4689e94c@group-5059C48ADF9B-SegmentedRaftLog:OPENED:c-1,f-1,i0, conf=-1: [0decd62e-80e0-4e5c-b25d-8770daaeb30f:192.168.164.204:44334, 48428e1f-d04f-4e60-a3da-a20d4689e94c:192.168.164.204:41584, 510155e9-1ff2-4eee-a1f0-82904282d417:192.168.164.204:40133], old=null
2019-10-04 15:32:52,655 [48428e1f-d04f-4e60-a3da-a20d4689e94c@group-5059C48ADF9B-LeaderElection59] INFO  impl.RaftServerImpl (RaftServerImpl.java:setRole(170)) - 48428e1f-d04f-4e60-a3da-a20d4689e94c@group-5059C48ADF9B: changes role from CANDIDATE to FOLLOWER at term 1 for DISCOVERED_A_NEW_TERM
2019-10-04 15:32:52,656 [48428e1f-d04f-4e60-a3da-a20d4689e94c@group-5059C48ADF9B-LeaderElection59] INFO  impl.RoleInfo (RoleInfo.java:shutdownLeaderElection(134)) - 48428e1f-d04f-4e60-a3da-a20d4689e94c: shutdown LeaderElection
2019-10-04 15:32:52,656 [48428e1f-d04f-4e60-a3da-a20d4689e94c@group-5059C48ADF9B-LeaderElection59] INFO  impl.RoleInfo (RoleInfo.java:updateAndGet(143)) - 48428e1f-d04f-4e60-a3da-a20d4689e94c: start FollowerState
2019-10-04 15:32:52,673 [510155e9-1ff2-4eee-a1f0-82904282d417@group-5059C48ADF9B-LeaderElection60] INFO  impl.LeaderElection (LeaderElection.java:logAndReturn(56)) - 510155e9-1ff2-4eee-a1f0-82904282d417@group-5059C48ADF9B-LeaderElection60: Election PASSED; received 2 response(s) [510155e9-1ff2-4eee-a1f0-82904282d417<-0decd62e-80e0-4e5c-b25d-8770daaeb30f#0:OK-t1, 510155e9-1ff2-4eee-a1f0-82904282d417<-48428e1f-d04f-4e60-a3da-a20d4689e94c#0:FAIL-t1] and 0 exception(s); 510155e9-1ff2-4eee-a1f0-82904282d417@group-5059C48ADF9B:t1, leader=null, voted=510155e9-1ff2-4eee-a1f0-82904282d417, raftlog=510155e9-1ff2-4eee-a1f0-82904282d417@group-5059C48ADF9B-SegmentedRaftLog:OPENED:c-1,f-1,i0, conf=-1: [0decd62e-80e0-4e5c-b25d-8770daaeb30f:192.168.164.204:44334, 48428e1f-d04f-4e60-a3da-a20d4689e94c:192.168.164.204:41584, 510155e9-1ff2-4eee-a1f0-82904282d417:192.168.164.204:40133], old=null
2019-10-04 15:32:52,675 [510155e9-1ff2-4eee-a1f0-82904282d417@group-5059C48ADF9B-LeaderElection60] INFO  impl.RoleInfo (RoleInfo.java:shutdownLeaderElection(134)) - 510155e9-1ff2-4eee-a1f0-82904282d417: shutdown LeaderElection
2019-10-04 15:32:52,676 [510155e9-1ff2-4eee-a1f0-82904282d417@group-5059C48ADF9B-LeaderElection60] INFO  impl.RaftServerImpl (RaftServerImpl.java:setRole(170)) - 510155e9-1ff2-4eee-a1f0-82904282d417@group-5059C48ADF9B: changes role from CANDIDATE to LEADER at term 1 for changeToLeader
2019-10-04 15:32:52,676 [510155e9-1ff2-4eee-a1f0-82904282d417@group-5059C48ADF9B-LeaderElection60] INFO  impl.RaftServerImpl (ServerState.java:setLeader(255)) - 510155e9-1ff2-4eee-a1f0-82904282d417@group-5059C48ADF9B: change Leader from null to 510155e9-1ff2-4eee-a1f0-82904282d417 at term 1 for becomeLeader, leader elected after 5212ms
2019-10-04 15:32:52,676 [510155e9-1ff2-4eee-a1f0-82904282d417@group-5059C48ADF9B-LeaderElection60] INFO  server.RaftServerConfigKeys (ConfUtils.java:logGet(43)) - raft.server.staging.catchup.gap = 1000 (default)
2019-10-04 15:32:52,676 [510155e9-1ff2-4eee-a1f0-82904282d417@group-5059C48ADF9B-LeaderElection60] INFO  server.RaftServerConfigKeys (ConfUtils.java:logGet(43)) - raft.server.rpc.sleep.time = 25ms (default)
2019-10-04 15:32:52,676 [510155e9-1ff2-4eee-a1f0-82904282d417@group-5059C48ADF9B-LeaderElection60] INFO  server.RaftServerConfigKeys (ConfUtils.java:logGet(43)) - raft.server.write.element-limit = 4096 (default)
2019-10-04 15:32:52,677 [510155e9-1ff2-4eee-a1f0-82904282d417@group-5059C48ADF9B-LeaderElection60] INFO  server.RaftServerConfigKeys (ConfUtils.java:logGet(43)) - raft.server.watch.timeout = 10s (default)
2019-10-04 15:32:52,677 [510155e9-1ff2-4eee-a1f0-82904282d417@group-5059C48ADF9B-LeaderElection60] INFO  server.RaftServerConfigKeys (ConfUtils.java:logGet(43)) - raft.server.watch.timeout.denomination = 1s (default)
2019-10-04 15:32:52,677 [510155e9-1ff2-4eee-a1f0-82904282d417@group-5059C48ADF9B-LeaderElection60] INFO  server.RaftServerConfigKeys (ConfUtils.java:logGet(43)) - raft.server.watch.element-limit = 65536 (default)
2019-10-04 15:32:52,679 [510155e9-1ff2-4eee-a1f0-82904282d417@group-5059C48ADF9B-LeaderElection60] INFO  server.RaftServerConfigKeys (ConfUtils.java:logGet(43)) - raft.server.log.appender.snapshot.chunk.size.max = 16MB (=16777216) (default)
2019-10-04 15:32:52,679 [510155e9-1ff2-4eee-a1f0-82904282d417@group-5059C48ADF9B-LeaderElection60] INFO  server.RaftServerConfigKeys (ConfUtils.java:logGet(43)) - raft.server.log.appender.buffer.byte-limit = 33554432 (custom)
2019-10-04 15:32:52,679 [510155e9-1ff2-4eee-a1f0-82904282d417@group-5059C48ADF9B-LeaderElection60] INFO  server.RaftServerConfigKeys (ConfUtils.java:logGet(43)) - raft.server.log.appender.buffer.element-limit = 1 (custom)
2019-10-04 15:32:52,680 [510155e9-1ff2-4eee-a1f0-82904282d417@group-5059C48ADF9B-LeaderElection60] INFO  grpc.GrpcConfigKeys$Server (ConfUtils.java:logGet(43)) - raft.grpc.server.leader.outstanding.appends.max = 128 (default)
2019-10-04 15:32:52,680 [510155e9-1ff2-4eee-a1f0-82904282d417@group-5059C48ADF9B-LeaderElection60] INFO  server.RaftServerConfigKeys (ConfUtils.java:logGet(43)) - raft.server.rpc.request.timeout = 3000ms (default)
2019-10-04 15:32:52,680 [510155e9-1ff2-4eee-a1f0-82904282d417@group-5059C48ADF9B-LeaderElection60] INFO  server.RaftServerConfigKeys (ConfUtils.java:logGet(43)) - raft.server.log.appender.install.snapshot.enabled = false (custom)
2019-10-04 15:32:52,680 [510155e9-1ff2-4eee-a1f0-82904282d417@group-5059C48ADF9B-LeaderElection60] INFO  server.RaftServerConfigKeys (ConfUtils.java:logGet(43)) - raft.server.log.appender.snapshot.chunk.size.max = 16MB (=16777216) (default)
2019-10-04 15:32:52,681 [510155e9-1ff2-4eee-a1f0-82904282d417@group-5059C48ADF9B-LeaderElection60] INFO  server.RaftServerConfigKeys (ConfUtils.java:logGet(43)) - raft.server.log.appender.buffer.byte-limit = 33554432 (custom)
2019-10-04 15:32:52,681 [510155e9-1ff2-4eee-a1f0-82904282d417@group-5059C48ADF9B-LeaderElection60] INFO  server.RaftServerConfigKeys (ConfUtils.java:logGet(43)) - raft.server.log.appender.buffer.element-limit = 1 (custom)
2019-10-04 15:32:52,681 [510155e9-1ff2-4eee-a1f0-82904282d417@group-5059C48ADF9B-LeaderElection60] INFO  grpc.GrpcConfigKeys$Server (ConfUtils.java:logGet(43)) - raft.grpc.server.leader.outstanding.appends.max = 128 (default)
2019-10-04 15:32:52,681 [510155e9-1ff2-4eee-a1f0-82904282d417@group-5059C48ADF9B-LeaderElection60] INFO  server.RaftServerConfigKeys (ConfUtils.java:logGet(43)) - raft.server.rpc.request.timeout = 3000ms (default)
2019-10-04 15:32:52,681 [510155e9-1ff2-4eee-a1f0-82904282d417@group-5059C48ADF9B-LeaderElection60] INFO  server.RaftServerConfigKeys (ConfUtils.java:logGet(43)) - raft.server.log.appender.install.snapshot.enabled = false (custom)
2019-10-04 15:32:52,682 [510155e9-1ff2-4eee-a1f0-82904282d417@group-5059C48ADF9B-LeaderElection60] INFO  impl.RoleInfo (RoleInfo.java:updateAndGet(143)) - 510155e9-1ff2-4eee-a1f0-82904282d417: start LeaderState
2019-10-04 15:32:52,682 [510155e9-1ff2-4eee-a1f0-82904282d417@group-5059C48ADF9B-LeaderElection60] INFO  segmented.SegmentedRaftLogWorker (SegmentedRaftLogWorker.java:startLogSegment(385)) - 510155e9-1ff2-4eee-a1f0-82904282d417@group-5059C48ADF9B-SegmentedRaftLogWorker: Starting segment from index:0
2019-10-04 15:32:52,683 [510155e9-1ff2-4eee-a1f0-82904282d417@group-5059C48ADF9B-LeaderElection60] INFO  impl.RaftServerImpl (ServerState.java:setRaftConf(356)) - 510155e9-1ff2-4eee-a1f0-82904282d417@group-5059C48ADF9B: set configuration 0: [0decd62e-80e0-4e5c-b25d-8770daaeb30f:192.168.164.204:44334, 48428e1f-d04f-4e60-a3da-a20d4689e94c:192.168.164.204:41584, 510155e9-1ff2-4eee-a1f0-82904282d417:192.168.164.204:40133], old=null at 0
2019-10-04 15:32:52,684 [grpc-default-executor-2] INFO  impl.RaftServerImpl (ServerState.java:setLeader(255)) - 48428e1f-d04f-4e60-a3da-a20d4689e94c@group-5059C48ADF9B: change Leader from null to 510155e9-1ff2-4eee-a1f0-82904282d417 at term 1 for appendEntries, leader elected after 5220ms
2019-10-04 15:32:52,722 [0decd62e-80e0-4e5c-b25d-8770daaeb30f@group-5059C48ADF9B-LeaderElection61] INFO  impl.LeaderElection (LeaderElection.java:askForVotes(178)) - 0decd62e-80e0-4e5c-b25d-8770daaeb30f@group-5059C48ADF9B-LeaderElection61: begin an election at term 2 for -1: [0decd62e-80e0-4e5c-b25d-8770daaeb30f:192.168.164.204:44334, 48428e1f-d04f-4e60-a3da-a20d4689e94c:192.168.164.204:41584, 510155e9-1ff2-4eee-a1f0-82904282d417:192.168.164.204:40133], old=null
2019-10-04 15:32:52,723 [0decd62e-80e0-4e5c-b25d-8770daaeb30f@group-5059C48ADF9B-LeaderElection61] INFO  impl.LeaderElection (LeaderElection.java:logAndReturn(56)) - 0decd62e-80e0-4e5c-b25d-8770daaeb30f@group-5059C48ADF9B-LeaderElection61: Election REJECTED; received 0 response(s) [] and 0 exception(s); 0decd62e-80e0-4e5c-b25d-8770daaeb30f@group-5059C48ADF9B:t2, leader=null, voted=0decd62e-80e0-4e5c-b25d-8770daaeb30f, raftlog=0decd62e-80e0-4e5c-b25d-8770daaeb30f@group-5059C48ADF9B-SegmentedRaftLog:OPENED:c-1,f-1,i0, conf=-1: [0decd62e-80e0-4e5c-b25d-8770daaeb30f:192.168.164.204:44334, 48428e1f-d04f-4e60-a3da-a20d4689e94c:192.168.164.204:41584, 510155e9-1ff2-4eee-a1f0-82904282d417:192.168.164.204:40133], old=null
2019-10-04 15:32:52,724 [Thread-1529] INFO  impl.RaftServerImpl (ServerState.java:setLeader(255)) - 510155e9-1ff2-4eee-a1f0-82904282d417@group-5059C48ADF9B: change Leader from 510155e9-1ff2-4eee-a1f0-82904282d417 to null at term 2 for updateCurrentTerm
2019-10-04 15:32:52,725 [Thread-1529] INFO  impl.RaftServerImpl (RaftServerImpl.java:setRole(170)) - 510155e9-1ff2-4eee-a1f0-82904282d417@group-5059C48ADF9B: changes role from    LEADER to FOLLOWER at term 2 for stepDown
2019-10-04 15:32:52,725 [Thread-1529] INFO  impl.RoleInfo (RoleInfo.java:shutdownLeaderState(104)) - 510155e9-1ff2-4eee-a1f0-82904282d417: shutdown LeaderState
2019-10-04 15:32:52,727 [510155e9-1ff2-4eee-a1f0-82904282d417@group-5059C48ADF9B-SegmentedRaftLogWorker] INFO  segmented.SegmentedRaftLogWorker (SegmentedRaftLogWorker.java:execute(574)) - 510155e9-1ff2-4eee-a1f0-82904282d417@group-5059C48ADF9B-SegmentedRaftLogWorker: created new log segment /workdir/hadoop-ozone/integration-test/target/test-dir/MiniOzoneClusterImpl-fd766fb6-1411-4689-98c5-9c021f2b9f54/datanode-3/data/ratis/aaf59889-e566-4ebd-ae02-5059c48adf9b/current/log_inprogress_0
2019-10-04 15:32:52,733 [org.apache.ratis.server.impl.LogAppender$AppenderDaemon$$Lambda$544/561535506@157bdacf] WARN  server.GrpcLogAppender (GrpcLogAppender.java:mayWait(143)) - 510155e9-1ff2-4eee-a1f0-82904282d417@group-5059C48ADF9B->0decd62e-80e0-4e5c-b25d-8770daaeb30f-GrpcLogAppender: Wait interrupted by java.lang.InterruptedException
2019-10-04 15:32:52,733 [Thread-1529] INFO  impl.PendingRequests (PendingRequests.java:sendNotLeaderResponses(202)) - 510155e9-1ff2-4eee-a1f0-82904282d417@group-5059C48ADF9B-PendingRequests: sendNotLeaderResponses
2019-10-04 15:32:52,733 [org.apache.ratis.server.impl.LogAppender$AppenderDaemon$$Lambda$544/561535506@46876221] WARN  server.GrpcLogAppender (GrpcLogAppender.java:mayWait(143)) - 510155e9-1ff2-4eee-a1f0-82904282d417@group-5059C48ADF9B->48428e1f-d04f-4e60-a3da-a20d4689e94c-GrpcLogAppender: Wait interrupted by java.lang.InterruptedException
2019-10-04 15:32:52,730 [grpc-default-executor-6] INFO  impl.RaftServerImpl (ServerState.java:setRaftConf(356)) - 48428e1f-d04f-4e60-a3da-a20d4689e94c@group-5059C48ADF9B: set configuration 0: [0decd62e-80e0-4e5c-b25d-8770daaeb30f:192.168.164.204:44334, 48428e1f-d04f-4e60-a3da-a20d4689e94c:192.168.164.204:41584, 510155e9-1ff2-4eee-a1f0-82904282d417:192.168.164.204:40133], old=null at 0
2019-10-04 15:32:52,734 [grpc-default-executor-3] INFO  server.GrpcServerProtocolService (GrpcServerProtocolService.java:onCompleted(113)) - 0decd62e-80e0-4e5c-b25d-8770daaeb30f: Completed APPEND_ENTRIES, lastRequest: 510155e9-1ff2-4eee-a1f0-82904282d417->0decd62e-80e0-4e5c-b25d-8770daaeb30f#0-t1, previous=(t:0, i:0), leaderCommit=-1, initializing? false, entries: <empty>
2019-10-04 15:32:52,734 [Thread-1529] INFO  impl.RoleInfo (RoleInfo.java:updateAndGet(143)) - 510155e9-1ff2-4eee-a1f0-82904282d417: start FollowerState
2019-10-04 15:32:52,734 [grpc-default-executor-6] INFO  segmented.SegmentedRaftLogWorker (SegmentedRaftLogWorker.java:startLogSegment(385)) - 48428e1f-d04f-4e60-a3da-a20d4689e94c@group-5059C48ADF9B-SegmentedRaftLogWorker: Starting segment from index:0
2019-10-04 15:32:52,734 [grpc-default-executor-3] INFO  impl.RaftServerImpl (ServerState.java:setLeader(255)) - 48428e1f-d04f-4e60-a3da-a20d4689e94c@group-5059C48ADF9B: change Leader from 510155e9-1ff2-4eee-a1f0-82904282d417 to null at term 2 for updateCurrentTerm
2019-10-04 15:32:52,735 [grpc-default-executor-2] INFO  server.GrpcLogAppender (GrpcLogAppender.java:onCompleted(293)) - 510155e9-1ff2-4eee-a1f0-82904282d417@group-5059C48ADF9B->0decd62e-80e0-4e5c-b25d-8770daaeb30f-AppendLogResponseHandler: follower responses appendEntries COMPLETED
2019-10-04 15:32:52,735 [grpc-default-executor-3] INFO  impl.RaftServerImpl (RaftServerImpl.java:setRole(170)) - 48428e1f-d04f-4e60-a3da-a20d4689e94c@group-5059C48ADF9B: changes role from  FOLLOWER to FOLLOWER at term 2 for recognizeCandidate:0decd62e-80e0-4e5c-b25d-8770daaeb30f
2019-10-04 15:32:52,735 [grpc-default-executor-6] INFO  server.GrpcServerProtocolService (GrpcServerProtocolService.java:onCompleted(113)) - 48428e1f-d04f-4e60-a3da-a20d4689e94c: Completed APPEND_ENTRIES, lastRequest: 510155e9-1ff2-4eee-a1f0-82904282d417->48428e1f-d04f-4e60-a3da-a20d4689e94c#1-t1, previous=(t:0, i:0), leaderCommit=-1, initializing? false, entries: size=1, first=(t:1, i:0), CONFIGURATIONENTRY
2019-10-04 15:32:52,735 [grpc-default-executor-3] INFO  impl.RoleInfo (RoleInfo.java:shutdownFollowerState(121)) - 48428e1f-d04f-4e60-a3da-a20d4689e94c: shutdown FollowerState
2019-10-04 15:32:52,735 [grpc-default-executor-2] INFO  impl.FollowerInfo (FollowerInfo.java:lambda$new$0(51)) - 510155e9-1ff2-4eee-a1f0-82904282d417@group-5059C48ADF9B->0decd62e-80e0-4e5c-b25d-8770daaeb30f: nextIndex: updateUnconditionally 0 -> 0
2019-10-04 15:32:52,736 [grpc-default-executor-6] INFO  server.GrpcLogAppender (GrpcLogAppender.java:onCompleted(293)) - 510155e9-1ff2-4eee-a1f0-82904282d417@group-5059C48ADF9B->48428e1f-d04f-4e60-a3da-a20d4689e94c-AppendLogResponseHandler: follower responses appendEntries COMPLETED
2019-10-04 15:32:52,736 [Thread-1528] INFO  impl.FollowerState (FollowerState.java:run(117)) - 48428e1f-d04f-4e60-a3da-a20d4689e94c@group-5059C48ADF9B-FollowerState was interrupted: java.lang.InterruptedException: sleep interrupted
2019-10-04 15:32:52,736 [grpc-default-executor-3] INFO  impl.RoleInfo (RoleInfo.java:updateAndGet(143)) - 48428e1f-d04f-4e60-a3da-a20d4689e94c: start FollowerState
2019-10-04 15:32:52,774 [48428e1f-d04f-4e60-a3da-a20d4689e94c@group-5059C48ADF9B-SegmentedRaftLogWorker] INFO  segmented.SegmentedRaftLogWorker (SegmentedRaftLogWorker.java:execute(574)) - 48428e1f-d04f-4e60-a3da-a20d4689e94c@group-5059C48ADF9B-SegmentedRaftLogWorker: created new log segment /workdir/hadoop-ozone/integration-test/target/test-dir/MiniOzoneClusterImpl-fd766fb6-1411-4689-98c5-9c021f2b9f54/datanode-5/data/ratis/aaf59889-e566-4ebd-ae02-5059c48adf9b/current/log_inprogress_0
2019-10-04 15:32:52,774 [grpc-default-executor-6] INFO  impl.FollowerInfo (FollowerInfo.java:lambda$new$0(51)) - 510155e9-1ff2-4eee-a1f0-82904282d417@group-5059C48ADF9B->48428e1f-d04f-4e60-a3da-a20d4689e94c: nextIndex: updateUnconditionally 1 -> 0
2019-10-04 15:32:52,774 [grpc-default-executor-12] INFO  impl.RaftServerImpl (RaftServerImpl.java:setRole(170)) - 510155e9-1ff2-4eee-a1f0-82904282d417@group-5059C48ADF9B: changes role from  FOLLOWER to FOLLOWER at term 2 for recognizeCandidate:0decd62e-80e0-4e5c-b25d-8770daaeb30f
2019-10-04 15:32:52,775 [grpc-default-executor-12] INFO  impl.RoleInfo (RoleInfo.java:shutdownFollowerState(121)) - 510155e9-1ff2-4eee-a1f0-82904282d417: shutdown FollowerState
2019-10-04 15:32:52,775 [grpc-default-executor-12] INFO  impl.RoleInfo (RoleInfo.java:updateAndGet(143)) - 510155e9-1ff2-4eee-a1f0-82904282d417: start FollowerState
2019-10-04 15:32:52,775 [Thread-1537] INFO  impl.FollowerState (FollowerState.java:run(117)) - 510155e9-1ff2-4eee-a1f0-82904282d417@group-5059C48ADF9B-FollowerState was interrupted: java.lang.InterruptedException: sleep interrupted
2019-10-04 15:32:57,804 [Datanode State Machine Thread - 0] INFO  statemachine.DatanodeStateMachine (DatanodeStateMachine.java:lambda$startDaemon$0(350)) - Ozone container server started.
2019-10-04 15:32:57,805 [main] INFO  ozoneimpl.OzoneContainer (OzoneContainer.java:stop(231)) - Attempting to stop container services.
2019-10-04 15:32:57,807 [main] INFO  impl.RaftServerProxy (RaftServerProxy.java:lambda$close$4(314)) - 6e12a70d-a44a-4f5b-9ec5-f7c9b940dc20: close
2019-10-04 15:32:57,808 [main] INFO  impl.RaftServerImpl (RaftServerImpl.java:lambda$shutdown$3(247)) - 6e12a70d-a44a-4f5b-9ec5-f7c9b940dc20@group-37BA3EDC0ABD: shutdown
2019-10-04 15:32:57,808 [ForkJoinPool.commonPool-worker-0] INFO  impl.RaftServerImpl (RaftServerImpl.java:lambda$shutdown$3(247)) - 6e12a70d-a44a-4f5b-9ec5-f7c9b940dc20@group-E096BC493966: shutdown
2019-10-04 15:32:57,808 [main] INFO  util.JmxRegister (JmxRegister.java:unregister(73)) - Successfully un-registered JMX Bean with object name Ratis:service=RaftServer,group=group-37BA3EDC0ABD,id=6e12a70d-a44a-4f5b-9ec5-f7c9b940dc20
2019-10-04 15:32:57,808 [ForkJoinPool.commonPool-worker-0] INFO  util.JmxRegister (JmxRegister.java:unregister(73)) - Successfully un-registered JMX Bean with object name Ratis:service=RaftServer,group=group-E096BC493966,id=6e12a70d-a44a-4f5b-9ec5-f7c9b940dc20
2019-10-04 15:32:57,809 [main] INFO  impl.RoleInfo (RoleInfo.java:shutdownFollowerState(121)) - 6e12a70d-a44a-4f5b-9ec5-f7c9b940dc20: shutdown FollowerState
2019-10-04 15:32:57,809 [ForkJoinPool.commonPool-worker-0] INFO  impl.RoleInfo (RoleInfo.java:shutdownLeaderState(104)) - 6e12a70d-a44a-4f5b-9ec5-f7c9b940dc20: shutdown LeaderState
2019-10-04 15:32:57,809 [Thread-1487] INFO  impl.FollowerState (FollowerState.java:run(117)) - 6e12a70d-a44a-4f5b-9ec5-f7c9b940dc20@group-37BA3EDC0ABD-FollowerState was interrupted: java.lang.InterruptedException: sleep interrupted
2019-10-04 15:32:57,809 [main] INFO  impl.StateMachineUpdater (StateMachineUpdater.java:stopAndJoin(136)) - 6e12a70d-a44a-4f5b-9ec5-f7c9b940dc20@group-37BA3EDC0ABD-StateMachineUpdater: set stopIndex = 2
2019-10-04 15:32:57,809 [6e12a70d-a44a-4f5b-9ec5-f7c9b940dc20@group-37BA3EDC0ABD-StateMachineUpdater] INFO  ratis.ContainerStateMachine (ContainerStateMachine.java:takeSnapshot(293)) - group-37BA3EDC0ABD: Taking a snapshot at:(t:1, i:1) file /workdir/hadoop-ozone/integration-test/target/test-dir/MiniOzoneClusterImpl-fd766fb6-1411-4689-98c5-9c021f2b9f54/datanode-1/data/ratis/48ea3235-1394-4854-83d3-37ba3edc0abd/sm/snapshot.1_1
2019-10-04 15:32:57,809 [ForkJoinPool.commonPool-worker-0] INFO  impl.PendingRequests (PendingRequests.java:sendNotLeaderResponses(202)) - 6e12a70d-a44a-4f5b-9ec5-f7c9b940dc20@group-E096BC493966-PendingRequests: sendNotLeaderResponses
2019-10-04 15:32:57,814 [ForkJoinPool.commonPool-worker-0] INFO  impl.StateMachineUpdater (StateMachineUpdater.java:stopAndJoin(136)) - 6e12a70d-a44a-4f5b-9ec5-f7c9b940dc20@group-E096BC493966-StateMachineUpdater: set stopIndex = 0
2019-10-04 15:32:57,814 [ForkJoinPool.commonPool-worker-0] INFO  impl.RaftServerImpl (ServerState.java:close(387)) - 6e12a70d-a44a-4f5b-9ec5-f7c9b940dc20@group-E096BC493966: closes. applyIndex: 0
2019-10-04 15:32:57,815 [6e12a70d-a44a-4f5b-9ec5-f7c9b940dc20@group-E096BC493966-SegmentedRaftLogWorker] INFO  segmented.SegmentedRaftLogWorker (SegmentedRaftLogWorker.java:run(316)) - 6e12a70d-a44a-4f5b-9ec5-f7c9b940dc20@group-E096BC493966-SegmentedRaftLogWorker was interrupted, exiting. There are 0 tasks remaining in the queue.
2019-10-04 15:32:57,825 [ForkJoinPool.commonPool-worker-0] INFO  segmented.SegmentedRaftLogWorker (SegmentedRaftLogWorker.java:close(224)) - 6e12a70d-a44a-4f5b-9ec5-f7c9b940dc20@group-E096BC493966-SegmentedRaftLogWorker close()
2019-10-04 15:32:57,830 [Thread-1538] INFO  impl.FollowerState (FollowerState.java:run(108)) - 48428e1f-d04f-4e60-a3da-a20d4689e94c@group-5059C48ADF9B-FollowerState: change to CANDIDATE, lastRpcTime:5094ms, electionTimeout:5055ms
2019-10-04 15:32:57,830 [Thread-1538] INFO  impl.RoleInfo (RoleInfo.java:shutdownFollowerState(121)) - 48428e1f-d04f-4e60-a3da-a20d4689e94c: shutdown FollowerState
2019-10-04 15:32:57,831 [Thread-1538] INFO  impl.RaftServerImpl (RaftServerImpl.java:setRole(170)) - 48428e1f-d04f-4e60-a3da-a20d4689e94c@group-5059C48ADF9B: changes role from  FOLLOWER to CANDIDATE at term 2 for changeToCandidate
2019-10-04 15:32:57,831 [Thread-1538] INFO  impl.RoleInfo (RoleInfo.java:updateAndGet(143)) - 48428e1f-d04f-4e60-a3da-a20d4689e94c: start LeaderElection
2019-10-04 15:32:57,842 [Thread-1527] INFO  impl.FollowerState (FollowerState.java:run(108)) - 0decd62e-80e0-4e5c-b25d-8770daaeb30f@group-5059C48ADF9B-FollowerState: change to CANDIDATE, lastRpcTime:5192ms, electionTimeout:5186ms
2019-10-04 15:32:57,842 [Thread-1527] INFO  impl.RoleInfo (RoleInfo.java:shutdownFollowerState(121)) - 0decd62e-80e0-4e5c-b25d-8770daaeb30f: shutdown FollowerState
2019-10-04 15:32:57,842 [Thread-1527] INFO  impl.RaftServerImpl (RaftServerImpl.java:setRole(170)) - 0decd62e-80e0-4e5c-b25d-8770daaeb30f@group-5059C48ADF9B: changes role from  FOLLOWER to CANDIDATE at term 2 for changeToCandidate
2019-10-04 15:32:57,842 [Thread-1527] INFO  impl.RoleInfo (RoleInfo.java:updateAndGet(143)) - 0decd62e-80e0-4e5c-b25d-8770daaeb30f: start LeaderElection
2019-10-04 15:32:57,845 [6e12a70d-a44a-4f5b-9ec5-f7c9b940dc20@group-37BA3EDC0ABD-StateMachineUpdater] INFO  ratis.ContainerStateMachine (ContainerStateMachine.java:takeSnapshot(304)) - group-37BA3EDC0ABD: Finished taking a snapshot at:(t:1, i:1) file:/workdir/hadoop-ozone/integration-test/target/test-dir/MiniOzoneClusterImpl-fd766fb6-1411-4689-98c5-9c021f2b9f54/datanode-1/data/ratis/48ea3235-1394-4854-83d3-37ba3edc0abd/sm/snapshot.1_1 time:36
2019-10-04 15:32:57,845 [48428e1f-d04f-4e60-a3da-a20d4689e94c@group-5059C48ADF9B-LeaderElection62] INFO  impl.LeaderElection (LeaderElection.java:askForVotes(178)) - 48428e1f-d04f-4e60-a3da-a20d4689e94c@group-5059C48ADF9B-LeaderElection62: begin an election at term 3 for 0: [0decd62e-80e0-4e5c-b25d-8770daaeb30f:192.168.164.204:44334, 48428e1f-d04f-4e60-a3da-a20d4689e94c:192.168.164.204:41584, 510155e9-1ff2-4eee-a1f0-82904282d417:192.168.164.204:40133], old=null
2019-10-04 15:32:57,846 [6e12a70d-a44a-4f5b-9ec5-f7c9b940dc20@group-37BA3EDC0ABD-StateMachineUpdater] INFO  impl.StateMachineUpdater (StateMachineUpdater.java:takeSnapshot(269)) - 6e12a70d-a44a-4f5b-9ec5-f7c9b940dc20@group-37BA3EDC0ABD-StateMachineUpdater: Took a snapshot at index 1
2019-10-04 15:32:57,846 [6e12a70d-a44a-4f5b-9ec5-f7c9b940dc20@group-37BA3EDC0ABD-StateMachineUpdater] INFO  impl.StateMachineUpdater (StateMachineUpdater.java:lambda$new$0(84)) - 6e12a70d-a44a-4f5b-9ec5-f7c9b940dc20@group-37BA3EDC0ABD-StateMachineUpdater: snapshotIndex: updateIncreasingly -1 -> 1
2019-10-04 15:32:57,847 [6e12a70d-a44a-4f5b-9ec5-f7c9b940dc20@group-37BA3EDC0ABD-StateMachineUpdater] INFO  ratis.ContainerStateMachine (ContainerStateMachine.java:takeSnapshot(293)) - group-37BA3EDC0ABD: Taking a snapshot at:(t:1, i:1) file /workdir/hadoop-ozone/integration-test/target/test-dir/MiniOzoneClusterImpl-fd766fb6-1411-4689-98c5-9c021f2b9f54/datanode-1/data/ratis/48ea3235-1394-4854-83d3-37ba3edc0abd/sm/snapshot.1_1
2019-10-04 15:32:57,853 [grpc-default-executor-3] INFO  impl.RaftServerImpl (RaftServerImpl.java:setRole(170)) - 510155e9-1ff2-4eee-a1f0-82904282d417@group-5059C48ADF9B: changes role from  FOLLOWER to FOLLOWER at term 3 for recognizeCandidate:48428e1f-d04f-4e60-a3da-a20d4689e94c
2019-10-04 15:32:57,854 [grpc-default-executor-3] INFO  impl.RoleInfo (RoleInfo.java:shutdownFollowerState(121)) - 510155e9-1ff2-4eee-a1f0-82904282d417: shutdown FollowerState
2019-10-04 15:32:57,854 [grpc-default-executor-3] INFO  impl.RoleInfo (RoleInfo.java:updateAndGet(143)) - 510155e9-1ff2-4eee-a1f0-82904282d417: start FollowerState
2019-10-04 15:32:57,857 [Thread-1539] INFO  impl.FollowerState (FollowerState.java:run(117)) - 510155e9-1ff2-4eee-a1f0-82904282d417@group-5059C48ADF9B-FollowerState was interrupted: java.lang.InterruptedException: sleep interrupted
2019-10-04 15:32:57,861 [6e12a70d-a44a-4f5b-9ec5-f7c9b940dc20@group-37BA3EDC0ABD-StateMachineUpdater] INFO  ratis.ContainerStateMachine (ContainerStateMachine.java:takeSnapshot(304)) - group-37BA3EDC0ABD: Finished taking a snapshot at:(t:1, i:1) file:/workdir/hadoop-ozone/integration-test/target/test-dir/MiniOzoneClusterImpl-fd766fb6-1411-4689-98c5-9c021f2b9f54/datanode-1/data/ratis/48ea3235-1394-4854-83d3-37ba3edc0abd/sm/snapshot.1_1 time:14
2019-10-04 15:32:57,861 [0decd62e-80e0-4e5c-b25d-8770daaeb30f@group-5059C48ADF9B-LeaderElection63] INFO  impl.LeaderElection (LeaderElection.java:askForVotes(178)) - 0decd62e-80e0-4e5c-b25d-8770daaeb30f@group-5059C48ADF9B-LeaderElection63: begin an election at term 3 for -1: [0decd62e-80e0-4e5c-b25d-8770daaeb30f:192.168.164.204:44334, 48428e1f-d04f-4e60-a3da-a20d4689e94c:192.168.164.204:41584, 510155e9-1ff2-4eee-a1f0-82904282d417:192.168.164.204:40133], old=null
2019-10-04 15:32:57,861 [6e12a70d-a44a-4f5b-9ec5-f7c9b940dc20@group-37BA3EDC0ABD-StateMachineUpdater] INFO  impl.StateMachineUpdater (StateMachineUpdater.java:takeSnapshot(269)) - 6e12a70d-a44a-4f5b-9ec5-f7c9b940dc20@group-37BA3EDC0ABD-StateMachineUpdater: Took a snapshot at index 1
2019-10-04 15:32:57,861 [6e12a70d-a44a-4f5b-9ec5-f7c9b940dc20@group-37BA3EDC0ABD-StateMachineUpdater] INFO  impl.StateMachineUpdater (StateMachineUpdater.java:lambda$new$0(84)) - 6e12a70d-a44a-4f5b-9ec5-f7c9b940dc20@group-37BA3EDC0ABD-StateMachineUpdater: snapshotIndex: updateIncreasingly 1 -> 1
2019-10-04 15:32:57,862 [main] INFO  impl.RaftServerImpl (ServerState.java:close(387)) - 6e12a70d-a44a-4f5b-9ec5-f7c9b940dc20@group-37BA3EDC0ABD: closes. applyIndex: 2
2019-10-04 15:32:57,862 [6e12a70d-a44a-4f5b-9ec5-f7c9b940dc20@group-37BA3EDC0ABD-SegmentedRaftLogWorker] INFO  segmented.SegmentedRaftLogWorker (SegmentedRaftLogWorker.java:run(316)) - 6e12a70d-a44a-4f5b-9ec5-f7c9b940dc20@group-37BA3EDC0ABD-SegmentedRaftLogWorker was interrupted, exiting. There are 0 tasks remaining in the queue.
2019-10-04 15:32:57,863 [48428e1f-d04f-4e60-a3da-a20d4689e94c@group-5059C48ADF9B-LeaderElection62] INFO  impl.LeaderElection (LeaderElection.java:logAndReturn(56)) - 48428e1f-d04f-4e60-a3da-a20d4689e94c@group-5059C48ADF9B-LeaderElection62: Election PASSED; received 2 response(s) [48428e1f-d04f-4e60-a3da-a20d4689e94c<-0decd62e-80e0-4e5c-b25d-8770daaeb30f#0:FAIL-t3, 48428e1f-d04f-4e60-a3da-a20d4689e94c<-510155e9-1ff2-4eee-a1f0-82904282d417#0:OK-t3] and 0 exception(s); 48428e1f-d04f-4e60-a3da-a20d4689e94c@group-5059C48ADF9B:t3, leader=null, voted=48428e1f-d04f-4e60-a3da-a20d4689e94c, raftlog=48428e1f-d04f-4e60-a3da-a20d4689e94c@group-5059C48ADF9B-SegmentedRaftLog:OPENED:c-1,f0,i0, conf=0: [0decd62e-80e0-4e5c-b25d-8770daaeb30f:192.168.164.204:44334, 48428e1f-d04f-4e60-a3da-a20d4689e94c:192.168.164.204:41584, 510155e9-1ff2-4eee-a1f0-82904282d417:192.168.164.204:40133], old=null
2019-10-04 15:32:57,865 [main] INFO  segmented.SegmentedRaftLogWorker (SegmentedRaftLogWorker.java:close(224)) - 6e12a70d-a44a-4f5b-9ec5-f7c9b940dc20@group-37BA3EDC0ABD-SegmentedRaftLogWorker close()
2019-10-04 15:32:57,865 [48428e1f-d04f-4e60-a3da-a20d4689e94c@group-5059C48ADF9B-LeaderElection62] INFO  impl.RoleInfo (RoleInfo.java:shutdownLeaderElection(134)) - 48428e1f-d04f-4e60-a3da-a20d4689e94c: shutdown LeaderElection
2019-10-04 15:32:57,873 [main] INFO  server.GrpcService (GrpcService.java:closeImpl(164)) - 6e12a70d-a44a-4f5b-9ec5-f7c9b940dc20: shutdown server with port 42570 now
2019-10-04 15:32:57,874 [48428e1f-d04f-4e60-a3da-a20d4689e94c@group-5059C48ADF9B-LeaderElection62] INFO  impl.RaftServerImpl (RaftServerImpl.java:setRole(170)) - 48428e1f-d04f-4e60-a3da-a20d4689e94c@group-5059C48ADF9B: changes role from CANDIDATE to LEADER at term 3 for changeToLeader
2019-10-04 15:32:57,875 [48428e1f-d04f-4e60-a3da-a20d4689e94c@group-5059C48ADF9B-LeaderElection62] INFO  impl.RaftServerImpl (ServerState.java:setLeader(255)) - 48428e1f-d04f-4e60-a3da-a20d4689e94c@group-5059C48ADF9B: change Leader from null to 48428e1f-d04f-4e60-a3da-a20d4689e94c at term 3 for becomeLeader, leader elected after 5139ms
2019-10-04 15:32:57,875 [48428e1f-d04f-4e60-a3da-a20d4689e94c@group-5059C48ADF9B-LeaderElection62] INFO  server.RaftServerConfigKeys (ConfUtils.java:logGet(43)) - raft.server.staging.catchup.gap = 1000 (default)
2019-10-04 15:32:57,875 [grpc-default-executor-6] WARN  server.GrpcServerProtocolService (LogUtils.java:warn(134)) - 6e12a70d-a44a-4f5b-9ec5-f7c9b940dc20: installSnapshot onError, lastRequest: aa2f742d-1aa3-4d94-aa6c-e8e052b0a6f5->6e12a70d-a44a-4f5b-9ec5-f7c9b940dc20#5-t1, previous=(t:1, i:2), leaderCommit=2, initializing? false, entries: <empty>: org.apache.ratis.thirdparty.io.grpc.StatusRuntimeException: CANCELLED: cancelled before receiving half close
2019-10-04 15:32:57,876 [main] INFO  server.GrpcService (GrpcService.java:closeImpl(172)) - 6e12a70d-a44a-4f5b-9ec5-f7c9b940dc20: shutdown server with port 42570 successfully
2019-10-04 15:32:57,876 [grpc-default-executor-2] WARN  server.GrpcLogAppender (LogUtils.java:warn(134)) - aa2f742d-1aa3-4d94-aa6c-e8e052b0a6f5@group-37BA3EDC0ABD->6e12a70d-a44a-4f5b-9ec5-f7c9b940dc20-AppendLogResponseHandler: Failed appendEntries: org.apache.ratis.thirdparty.io.grpc.StatusRuntimeException: CANCELLED: HTTP/2 error code: CANCEL
Received Rst Stream
2019-10-04 15:32:57,875 [48428e1f-d04f-4e60-a3da-a20d4689e94c@group-5059C48ADF9B-LeaderElection62] INFO  server.RaftServerConfigKeys (ConfUtils.java:logGet(43)) - raft.server.rpc.sleep.time = 25ms (default)
2019-10-04 15:32:57,876 [grpc-default-executor-2] INFO  impl.FollowerInfo (FollowerInfo.java:lambda$new$0(51)) - aa2f742d-1aa3-4d94-aa6c-e8e052b0a6f5@group-37BA3EDC0ABD->6e12a70d-a44a-4f5b-9ec5-f7c9b940dc20: nextIndex: updateUnconditionally 3 -> 2
2019-10-04 15:32:57,877 [48428e1f-d04f-4e60-a3da-a20d4689e94c@group-5059C48ADF9B-LeaderElection62] INFO  server.RaftServerConfigKeys (ConfUtils.java:logGet(43)) - raft.server.write.element-limit = 4096 (default)
2019-10-04 15:32:57,877 [48428e1f-d04f-4e60-a3da-a20d4689e94c@group-5059C48ADF9B-LeaderElection62] INFO  server.RaftServerConfigKeys (ConfUtils.java:logGet(43)) - raft.server.watch.timeout = 10s (default)
2019-10-04 15:32:57,877 [48428e1f-d04f-4e60-a3da-a20d4689e94c@group-5059C48ADF9B-LeaderElection62] INFO  server.RaftServerConfigKeys (ConfUtils.java:logGet(43)) - raft.server.watch.timeout.denomination = 1s (default)
2019-10-04 15:32:57,877 [48428e1f-d04f-4e60-a3da-a20d4689e94c@group-5059C48ADF9B-LeaderElection62] INFO  server.RaftServerConfigKeys (ConfUtils.java:logGet(43)) - raft.server.watch.element-limit = 65536 (default)
2019-10-04 15:32:57,879 [refreshUsed-/workdir/hadoop-ozone/integration-test/target/test-dir/MiniOzoneClusterImpl-fd766fb6-1411-4689-98c5-9c021f2b9f54/datanode-1/data/containers] WARN  fs.CachingGetSpaceUsed (CachingGetSpaceUsed.java:run(183)) - Thread Interrupted waiting to refresh disk information: sleep interrupted
2019-10-04 15:32:57,886 [48428e1f-d04f-4e60-a3da-a20d4689e94c@group-5059C48ADF9B-LeaderElection62] INFO  server.RaftServerConfigKeys (ConfUtils.java:logGet(43)) - raft.server.log.appender.snapshot.chunk.size.max = 16MB (=16777216) (default)
2019-10-04 15:32:57,886 [48428e1f-d04f-4e60-a3da-a20d4689e94c@group-5059C48ADF9B-LeaderElection62] INFO  server.RaftServerConfigKeys (ConfUtils.java:logGet(43)) - raft.server.log.appender.buffer.byte-limit = 33554432 (custom)
2019-10-04 15:32:57,886 [48428e1f-d04f-4e60-a3da-a20d4689e94c@group-5059C48ADF9B-LeaderElection62] INFO  server.RaftServerConfigKeys (ConfUtils.java:logGet(43)) - raft.server.log.appender.buffer.element-limit = 1 (custom)
2019-10-04 15:32:57,887 [48428e1f-d04f-4e60-a3da-a20d4689e94c@group-5059C48ADF9B-LeaderElection62] INFO  grpc.GrpcConfigKeys$Server (ConfUtils.java:logGet(43)) - raft.grpc.server.leader.outstanding.appends.max = 128 (default)
2019-10-04 15:32:57,887 [48428e1f-d04f-4e60-a3da-a20d4689e94c@group-5059C48ADF9B-LeaderElection62] INFO  server.RaftServerConfigKeys (ConfUtils.java:logGet(43)) - raft.server.rpc.request.timeout = 3000ms (default)
2019-10-04 15:32:57,887 [48428e1f-d04f-4e60-a3da-a20d4689e94c@group-5059C48ADF9B-LeaderElection62] INFO  server.RaftServerConfigKeys (ConfUtils.java:logGet(43)) - raft.server.log.appender.install.snapshot.enabled = false (custom)
2019-10-04 15:32:57,887 [48428e1f-d04f-4e60-a3da-a20d4689e94c@group-5059C48ADF9B-LeaderElection62] INFO  server.RaftServerConfigKeys (ConfUtils.java:logGet(43)) - raft.server.log.appender.snapshot.chunk.size.max = 16MB (=16777216) (default)
2019-10-04 15:32:57,887 [48428e1f-d04f-4e60-a3da-a20d4689e94c@group-5059C48ADF9B-LeaderElection62] INFO  server.RaftServerConfigKeys (ConfUtils.java:logGet(43)) - raft.server.log.appender.buffer.byte-limit = 33554432 (custom)
2019-10-04 15:32:57,888 [48428e1f-d04f-4e60-a3da-a20d4689e94c@group-5059C48ADF9B-LeaderElection62] INFO  server.RaftServerConfigKeys (ConfUtils.java:logGet(43)) - raft.server.log.appender.buffer.element-limit = 1 (custom)
2019-10-04 15:32:57,888 [48428e1f-d04f-4e60-a3da-a20d4689e94c@group-5059C48ADF9B-LeaderElection62] INFO  grpc.GrpcConfigKeys$Server (ConfUtils.java:logGet(43)) - raft.grpc.server.leader.outstanding.appends.max = 128 (default)
2019-10-04 15:32:57,888 [48428e1f-d04f-4e60-a3da-a20d4689e94c@group-5059C48ADF9B-LeaderElection62] INFO  server.RaftServerConfigKeys (ConfUtils.java:logGet(43)) - raft.server.rpc.request.timeout = 3000ms (default)
2019-10-04 15:32:57,888 [48428e1f-d04f-4e60-a3da-a20d4689e94c@group-5059C48ADF9B-LeaderElection62] INFO  server.RaftServerConfigKeys (ConfUtils.java:logGet(43)) - raft.server.log.appender.install.snapshot.enabled = false (custom)
2019-10-04 15:32:57,888 [48428e1f-d04f-4e60-a3da-a20d4689e94c@group-5059C48ADF9B-LeaderElection62] INFO  impl.RoleInfo (RoleInfo.java:updateAndGet(143)) - 48428e1f-d04f-4e60-a3da-a20d4689e94c: start LeaderState
2019-10-04 15:32:57,889 [48428e1f-d04f-4e60-a3da-a20d4689e94c@group-5059C48ADF9B-LeaderElection62] INFO  segmented.SegmentedRaftLogWorker (SegmentedRaftLogWorker.java:rollLogSegment(390)) - 48428e1f-d04f-4e60-a3da-a20d4689e94c@group-5059C48ADF9B-SegmentedRaftLogWorker: Rolling segment log-0_0 to index:0
2019-10-04 15:32:57,890 [48428e1f-d04f-4e60-a3da-a20d4689e94c@group-5059C48ADF9B-LeaderElection62] INFO  impl.RaftServerImpl (ServerState.java:setRaftConf(356)) - 48428e1f-d04f-4e60-a3da-a20d4689e94c@group-5059C48ADF9B: set configuration 1: [0decd62e-80e0-4e5c-b25d-8770daaeb30f:192.168.164.204:44334, 48428e1f-d04f-4e60-a3da-a20d4689e94c:192.168.164.204:41584, 510155e9-1ff2-4eee-a1f0-82904282d417:192.168.164.204:40133], old=null at 1
2019-10-04 15:32:57,891 [48428e1f-d04f-4e60-a3da-a20d4689e94c@group-5059C48ADF9B-SegmentedRaftLogWorker] INFO  segmented.SegmentedRaftLogWorker (SegmentedRaftLogWorker.java:execute(531)) - 48428e1f-d04f-4e60-a3da-a20d4689e94c@group-5059C48ADF9B-SegmentedRaftLogWorker: Rolled log segment from /workdir/hadoop-ozone/integration-test/target/test-dir/MiniOzoneClusterImpl-fd766fb6-1411-4689-98c5-9c021f2b9f54/datanode-5/data/ratis/aaf59889-e566-4ebd-ae02-5059c48adf9b/current/log_inprogress_0 to /workdir/hadoop-ozone/integration-test/target/test-dir/MiniOzoneClusterImpl-fd766fb6-1411-4689-98c5-9c021f2b9f54/datanode-5/data/ratis/aaf59889-e566-4ebd-ae02-5059c48adf9b/current/log_0-0
2019-10-04 15:32:57,891 [grpc-default-executor-12] INFO  impl.RaftServerImpl (RaftServerImpl.java:requestVote(754)) - 48428e1f-d04f-4e60-a3da-a20d4689e94c@group-5059C48ADF9B-   LEADER: Withhold vote from candidate 0decd62e-80e0-4e5c-b25d-8770daaeb30f with term 3. State: leader=48428e1f-d04f-4e60-a3da-a20d4689e94c, term=3, lastRpcElapsed=null
2019-10-04 15:32:57,892 [grpc-default-executor-12] INFO  impl.RaftServerImpl (ServerState.java:setLeader(255)) - 510155e9-1ff2-4eee-a1f0-82904282d417@group-5059C48ADF9B: change Leader from null to 48428e1f-d04f-4e60-a3da-a20d4689e94c at term 3 for appendEntries, leader elected after 5167ms
2019-10-04 15:32:57,892 [0decd62e-80e0-4e5c-b25d-8770daaeb30f@group-5059C48ADF9B-LeaderElection63] INFO  impl.LeaderElection (LeaderElection.java:logAndReturn(56)) - 0decd62e-80e0-4e5c-b25d-8770daaeb30f@group-5059C48ADF9B-LeaderElection63: Election REJECTED; received 2 response(s) [0decd62e-80e0-4e5c-b25d-8770daaeb30f<-48428e1f-d04f-4e60-a3da-a20d4689e94c#0:FAIL-t3, 0decd62e-80e0-4e5c-b25d-8770daaeb30f<-510155e9-1ff2-4eee-a1f0-82904282d417#0:FAIL-t3] and 0 exception(s); 0decd62e-80e0-4e5c-b25d-8770daaeb30f@group-5059C48ADF9B:t3, leader=null, voted=0decd62e-80e0-4e5c-b25d-8770daaeb30f, raftlog=0decd62e-80e0-4e5c-b25d-8770daaeb30f@group-5059C48ADF9B-SegmentedRaftLog:OPENED:c-1,f-1,i0, conf=-1: [0decd62e-80e0-4e5c-b25d-8770daaeb30f:192.168.164.204:44334, 48428e1f-d04f-4e60-a3da-a20d4689e94c:192.168.164.204:41584, 510155e9-1ff2-4eee-a1f0-82904282d417:192.168.164.204:40133], old=null
2019-10-04 15:32:57,917 [grpc-default-executor-6] INFO  impl.RaftServerImpl (RaftServerImpl.java:setRole(170)) - 0decd62e-80e0-4e5c-b25d-8770daaeb30f@group-5059C48ADF9B: changes role from CANDIDATE to FOLLOWER at term 3 for appendEntries
2019-10-04 15:32:57,917 [grpc-default-executor-6] INFO  impl.RoleInfo (RoleInfo.java:shutdownLeaderElection(134)) - 0decd62e-80e0-4e5c-b25d-8770daaeb30f: shutdown LeaderElection
2019-10-04 15:32:57,917 [grpc-default-executor-6] INFO  impl.RoleInfo (RoleInfo.java:updateAndGet(143)) - 0decd62e-80e0-4e5c-b25d-8770daaeb30f: start FollowerState
2019-10-04 15:32:57,918 [grpc-default-executor-6] INFO  impl.RaftServerImpl (ServerState.java:setLeader(255)) - 0decd62e-80e0-4e5c-b25d-8770daaeb30f@group-5059C48ADF9B: change Leader from null to 48428e1f-d04f-4e60-a3da-a20d4689e94c at term 3 for appendEntries, leader elected after 10453ms
2019-10-04 15:32:57,918 [grpc-default-executor-6] INFO  impl.RaftServerImpl (RaftServerImpl.java:checkInconsistentAppendEntries(999)) - 0decd62e-80e0-4e5c-b25d-8770daaeb30f@group-5059C48ADF9B: Failed appendEntries as previous log entry ((t:1, i:0)) is not found
2019-10-04 15:32:57,919 [grpc-default-executor-12] INFO  impl.RaftServerImpl (ServerState.java:setRaftConf(356)) - 510155e9-1ff2-4eee-a1f0-82904282d417@group-5059C48ADF9B: set configuration 1: [0decd62e-80e0-4e5c-b25d-8770daaeb30f:192.168.164.204:44334, 48428e1f-d04f-4e60-a3da-a20d4689e94c:192.168.164.204:41584, 510155e9-1ff2-4eee-a1f0-82904282d417:192.168.164.204:40133], old=null at 1
2019-10-04 15:32:57,919 [grpc-default-executor-6] INFO  impl.RaftServerImpl (RaftServerImpl.java:checkInconsistentAppendEntries(972)) - 0decd62e-80e0-4e5c-b25d-8770daaeb30f@group-5059C48ADF9B: inconsistency entries. Reply:48428e1f-d04f-4e60-a3da-a20d4689e94c<-0decd62e-80e0-4e5c-b25d-8770daaeb30f#0:FAIL,INCONSISTENCY,nextIndex:0,term:3,followerCommit:-1
2019-10-04 15:32:57,921 [grpc-default-executor-12] INFO  segmented.SegmentedRaftLogWorker (SegmentedRaftLogWorker.java:rollLogSegment(390)) - 510155e9-1ff2-4eee-a1f0-82904282d417@group-5059C48ADF9B-SegmentedRaftLogWorker: Rolling segment log-0_0 to index:0
2019-10-04 15:32:57,922 [510155e9-1ff2-4eee-a1f0-82904282d417@group-5059C48ADF9B-SegmentedRaftLogWorker] INFO  segmented.SegmentedRaftLogWorker (SegmentedRaftLogWorker.java:execute(531)) - 510155e9-1ff2-4eee-a1f0-82904282d417@group-5059C48ADF9B-SegmentedRaftLogWorker: Rolled log segment from /workdir/hadoop-ozone/integration-test/target/test-dir/MiniOzoneClusterImpl-fd766fb6-1411-4689-98c5-9c021f2b9f54/datanode-3/data/ratis/aaf59889-e566-4ebd-ae02-5059c48adf9b/current/log_inprogress_0 to /workdir/hadoop-ozone/integration-test/target/test-dir/MiniOzoneClusterImpl-fd766fb6-1411-4689-98c5-9c021f2b9f54/datanode-3/data/ratis/aaf59889-e566-4ebd-ae02-5059c48adf9b/current/log_0-0
2019-10-04 15:32:57,923 [main] INFO  utils.BackgroundService (BackgroundService.java:shutdown(148)) - Shutting down service BlockDeletingService
2019-10-04 15:32:57,955 [grpc-default-executor-6] INFO  impl.FollowerInfo (FollowerInfo.java:lambda$new$0(51)) - 48428e1f-d04f-4e60-a3da-a20d4689e94c@group-5059C48ADF9B->0decd62e-80e0-4e5c-b25d-8770daaeb30f: nextIndex: updateUnconditionally 1 -> 0
2019-10-04 15:32:57,957 [48428e1f-d04f-4e60-a3da-a20d4689e94c@group-5059C48ADF9B-SegmentedRaftLogWorker] INFO  segmented.SegmentedRaftLogWorker (SegmentedRaftLogWorker.java:execute(574)) - 48428e1f-d04f-4e60-a3da-a20d4689e94c@group-5059C48ADF9B-SegmentedRaftLogWorker: created new log segment /workdir/hadoop-ozone/integration-test/target/test-dir/MiniOzoneClusterImpl-fd766fb6-1411-4689-98c5-9c021f2b9f54/datanode-5/data/ratis/aaf59889-e566-4ebd-ae02-5059c48adf9b/current/log_inprogress_1
2019-10-04 15:32:57,959 [main] INFO  statemachine.DatanodeStateMachine (DatanodeStateMachine.java:stopDaemon(395)) - Ozone container server stopped.
2019-10-04 15:32:57,960 [grpc-default-executor-6] INFO  impl.RaftServerImpl (ServerState.java:setRaftConf(356)) - 0decd62e-80e0-4e5c-b25d-8770daaeb30f@group-5059C48ADF9B: set configuration 0: [0decd62e-80e0-4e5c-b25d-8770daaeb30f:192.168.164.204:44334, 48428e1f-d04f-4e60-a3da-a20d4689e94c:192.168.164.204:41584, 510155e9-1ff2-4eee-a1f0-82904282d417:192.168.164.204:40133], old=null at 0
2019-10-04 15:32:57,960 [grpc-default-executor-6] INFO  segmented.SegmentedRaftLogWorker (SegmentedRaftLogWorker.java:startLogSegment(385)) - 0decd62e-80e0-4e5c-b25d-8770daaeb30f@group-5059C48ADF9B-SegmentedRaftLogWorker: Starting segment from index:0
2019-10-04 15:32:57,961 [main] INFO  handler.ContextHandler (ContextHandler.java:doStop(910)) - Stopped o.e.j.w.WebAppContext@34414ffc{/,null,UNAVAILABLE}{/hddsDatanode}
2019-10-04 15:32:57,961 [grpc-default-executor-6] INFO  impl.RaftServerImpl (ServerState.java:setRaftConf(356)) - 0decd62e-80e0-4e5c-b25d-8770daaeb30f@group-5059C48ADF9B: set configuration 1: [0decd62e-80e0-4e5c-b25d-8770daaeb30f:192.168.164.204:44334, 48428e1f-d04f-4e60-a3da-a20d4689e94c:192.168.164.204:41584, 510155e9-1ff2-4eee-a1f0-82904282d417:192.168.164.204:40133], old=null at 1
2019-10-04 15:32:57,961 [grpc-default-executor-6] INFO  segmented.SegmentedRaftLogWorker (SegmentedRaftLogWorker.java:rollLogSegment(390)) - 0decd62e-80e0-4e5c-b25d-8770daaeb30f@group-5059C48ADF9B-SegmentedRaftLogWorker: Rolling segment log-0_0 to index:0
2019-10-04 15:32:57,962 [main] INFO  server.AbstractConnector (AbstractConnector.java:doStop(318)) - Stopped ServerConnector@1903b5d{HTTP/1.1,[http/1.1]}{0.0.0.0:0}
2019-10-04 15:32:57,963 [main] INFO  handler.ContextHandler (ContextHandler.java:doStop(910)) - Stopped o.e.j.s.ServletContextHandler@1e3ff233{/static,jar:file:/home/user/.m2/repository/org/apache/hadoop/hadoop-hdds-container-service/0.5.0-SNAPSHOT/hadoop-hdds-container-service-0.5.0-SNAPSHOT.jar!/webapps/static,UNAVAILABLE}
2019-10-04 15:32:57,963 [main] INFO  handler.ContextHandler (ContextHandler.java:doStop(910)) - Stopped o.e.j.s.ServletContextHandler@6ac4c3f7{/logs,file:///workdir/hadoop-ozone/integration-test/target/log,UNAVAILABLE}
2019-10-04 15:32:57,969 [510155e9-1ff2-4eee-a1f0-82904282d417@group-5059C48ADF9B-SegmentedRaftLogWorker] INFO  segmented.SegmentedRaftLogWorker (SegmentedRaftLogWorker.java:execute(574)) - 510155e9-1ff2-4eee-a1f0-82904282d417@group-5059C48ADF9B-SegmentedRaftLogWorker: created new log segment /workdir/hadoop-ozone/integration-test/target/test-dir/MiniOzoneClusterImpl-fd766fb6-1411-4689-98c5-9c021f2b9f54/datanode-3/data/ratis/aaf59889-e566-4ebd-ae02-5059c48adf9b/current/log_inprogress_1
2019-10-04 15:32:58,003 [0decd62e-80e0-4e5c-b25d-8770daaeb30f@group-5059C48ADF9B-SegmentedRaftLogWorker] INFO  segmented.SegmentedRaftLogWorker (SegmentedRaftLogWorker.java:execute(574)) - 0decd62e-80e0-4e5c-b25d-8770daaeb30f@group-5059C48ADF9B-SegmentedRaftLogWorker: created new log segment /workdir/hadoop-ozone/integration-test/target/test-dir/MiniOzoneClusterImpl-fd766fb6-1411-4689-98c5-9c021f2b9f54/datanode-4/data/ratis/aaf59889-e566-4ebd-ae02-5059c48adf9b/current/log_inprogress_0
2019-10-04 15:32:58,005 [0decd62e-80e0-4e5c-b25d-8770daaeb30f@group-5059C48ADF9B-SegmentedRaftLogWorker] INFO  segmented.SegmentedRaftLogWorker (SegmentedRaftLogWorker.java:execute(531)) - 0decd62e-80e0-4e5c-b25d-8770daaeb30f@group-5059C48ADF9B-SegmentedRaftLogWorker: Rolled log segment from /workdir/hadoop-ozone/integration-test/target/test-dir/MiniOzoneClusterImpl-fd766fb6-1411-4689-98c5-9c021f2b9f54/datanode-4/data/ratis/aaf59889-e566-4ebd-ae02-5059c48adf9b/current/log_inprogress_0 to /workdir/hadoop-ozone/integration-test/target/test-dir/MiniOzoneClusterImpl-fd766fb6-1411-4689-98c5-9c021f2b9f54/datanode-4/data/ratis/aaf59889-e566-4ebd-ae02-5059c48adf9b/current/log_0-0
2019-10-04 15:32:58,031 [0decd62e-80e0-4e5c-b25d-8770daaeb30f@group-5059C48ADF9B-SegmentedRaftLogWorker] INFO  segmented.SegmentedRaftLogWorker (SegmentedRaftLogWorker.java:execute(574)) - 0decd62e-80e0-4e5c-b25d-8770daaeb30f@group-5059C48ADF9B-SegmentedRaftLogWorker: created new log segment /workdir/hadoop-ozone/integration-test/target/test-dir/MiniOzoneClusterImpl-fd766fb6-1411-4689-98c5-9c021f2b9f54/datanode-4/data/ratis/aaf59889-e566-4ebd-ae02-5059c48adf9b/current/log_inprogress_1
2019-10-04 15:32:58,796 [Datanode State Machine Thread - 0] INFO  statemachine.DatanodeStateMachine (DatanodeStateMachine.java:lambda$startDaemon$0(350)) - Ozone container server started.
2019-10-04 15:33:00,152 [grpc-default-executor-2] WARN  server.GrpcLogAppender (LogUtils.java:warn(134)) - aa2f742d-1aa3-4d94-aa6c-e8e052b0a6f5@group-37BA3EDC0ABD->6e12a70d-a44a-4f5b-9ec5-f7c9b940dc20-AppendLogResponseHandler: Failed appendEntries: org.apache.ratis.thirdparty.io.grpc.StatusRuntimeException: UNAVAILABLE: io exception
2019-10-04 15:33:00,152 [grpc-default-executor-2] INFO  impl.FollowerInfo (FollowerInfo.java:lambda$new$0(51)) - aa2f742d-1aa3-4d94-aa6c-e8e052b0a6f5@group-37BA3EDC0ABD->6e12a70d-a44a-4f5b-9ec5-f7c9b940dc20: nextIndex: updateUnconditionally 2 -> 1
2019-10-04 15:33:02,654 [grpc-default-executor-6] WARN  server.GrpcLogAppender (LogUtils.java:warn(134)) - aa2f742d-1aa3-4d94-aa6c-e8e052b0a6f5@group-37BA3EDC0ABD->6e12a70d-a44a-4f5b-9ec5-f7c9b940dc20-AppendLogResponseHandler: Failed appendEntries: org.apache.ratis.thirdparty.io.grpc.StatusRuntimeException: UNAVAILABLE: io exception
2019-10-04 15:33:02,655 [grpc-default-executor-6] INFO  impl.FollowerInfo (FollowerInfo.java:lambda$new$0(51)) - aa2f742d-1aa3-4d94-aa6c-e8e052b0a6f5@group-37BA3EDC0ABD->6e12a70d-a44a-4f5b-9ec5-f7c9b940dc20: nextIndex: updateUnconditionally 1 -> 0
2019-10-04 15:33:02,966 [main] INFO  ozoneimpl.OzoneContainer (OzoneContainer.java:stop(231)) - Attempting to stop container services.
2019-10-04 15:33:02,967 [main] INFO  impl.RaftServerProxy (RaftServerProxy.java:lambda$close$4(314)) - b46a1829-9c1c-43c9-8f23-f1cf878f156c: close
2019-10-04 15:33:02,968 [main] INFO  impl.RaftServerImpl (RaftServerImpl.java:lambda$shutdown$3(247)) - b46a1829-9c1c-43c9-8f23-f1cf878f156c@group-DFDDF1E31ACF: shutdown
2019-10-04 15:33:02,968 [main] INFO  util.JmxRegister (JmxRegister.java:unregister(73)) - Successfully un-registered JMX Bean with object name Ratis:service=RaftServer,group=group-DFDDF1E31ACF,id=b46a1829-9c1c-43c9-8f23-f1cf878f156c
2019-10-04 15:33:02,968 [main] INFO  impl.RoleInfo (RoleInfo.java:shutdownLeaderState(104)) - b46a1829-9c1c-43c9-8f23-f1cf878f156c: shutdown LeaderState
2019-10-04 15:33:02,969 [main] INFO  impl.PendingRequests (PendingRequests.java:sendNotLeaderResponses(202)) - b46a1829-9c1c-43c9-8f23-f1cf878f156c@group-DFDDF1E31ACF-PendingRequests: sendNotLeaderResponses
2019-10-04 15:33:02,969 [main] INFO  impl.StateMachineUpdater (StateMachineUpdater.java:stopAndJoin(136)) - b46a1829-9c1c-43c9-8f23-f1cf878f156c@group-DFDDF1E31ACF-StateMachineUpdater: set stopIndex = 0
2019-10-04 15:33:02,970 [main] INFO  impl.RaftServerImpl (ServerState.java:close(387)) - b46a1829-9c1c-43c9-8f23-f1cf878f156c@group-DFDDF1E31ACF: closes. applyIndex: 0
2019-10-04 15:33:02,971 [b46a1829-9c1c-43c9-8f23-f1cf878f156c@group-DFDDF1E31ACF-SegmentedRaftLogWorker] INFO  segmented.SegmentedRaftLogWorker (SegmentedRaftLogWorker.java:run(316)) - b46a1829-9c1c-43c9-8f23-f1cf878f156c@group-DFDDF1E31ACF-SegmentedRaftLogWorker was interrupted, exiting. There are 0 tasks remaining in the queue.
2019-10-04 15:33:02,977 [main] INFO  segmented.SegmentedRaftLogWorker (SegmentedRaftLogWorker.java:close(224)) - b46a1829-9c1c-43c9-8f23-f1cf878f156c@group-DFDDF1E31ACF-SegmentedRaftLogWorker close()
2019-10-04 15:33:02,982 [main] INFO  impl.RaftServerImpl (RaftServerImpl.java:lambda$shutdown$3(247)) - b46a1829-9c1c-43c9-8f23-f1cf878f156c@group-37BA3EDC0ABD: shutdown
2019-10-04 15:33:02,982 [main] INFO  util.JmxRegister (JmxRegister.java:unregister(73)) - Successfully un-registered JMX Bean with object name Ratis:service=RaftServer,group=group-37BA3EDC0ABD,id=b46a1829-9c1c-43c9-8f23-f1cf878f156c
2019-10-04 15:33:02,983 [main] INFO  impl.RoleInfo (RoleInfo.java:shutdownFollowerState(121)) - b46a1829-9c1c-43c9-8f23-f1cf878f156c: shutdown FollowerState
2019-10-04 15:33:02,983 [main] INFO  impl.StateMachineUpdater (StateMachineUpdater.java:stopAndJoin(136)) - b46a1829-9c1c-43c9-8f23-f1cf878f156c@group-37BA3EDC0ABD-StateMachineUpdater: set stopIndex = 2
2019-10-04 15:33:02,983 [Thread-1486] INFO  impl.FollowerState (FollowerState.java:run(117)) - b46a1829-9c1c-43c9-8f23-f1cf878f156c@group-37BA3EDC0ABD-FollowerState was interrupted: java.lang.InterruptedException: sleep interrupted
2019-10-04 15:33:02,983 [b46a1829-9c1c-43c9-8f23-f1cf878f156c@group-37BA3EDC0ABD-StateMachineUpdater] INFO  ratis.ContainerStateMachine (ContainerStateMachine.java:takeSnapshot(293)) - group-37BA3EDC0ABD: Taking a snapshot at:(t:1, i:1) file /workdir/hadoop-ozone/integration-test/target/test-dir/MiniOzoneClusterImpl-fd766fb6-1411-4689-98c5-9c021f2b9f54/datanode-0/data/ratis/48ea3235-1394-4854-83d3-37ba3edc0abd/sm/snapshot.1_1
2019-10-04 15:33:03,000 [b46a1829-9c1c-43c9-8f23-f1cf878f156c@group-37BA3EDC0ABD-StateMachineUpdater] INFO  ratis.ContainerStateMachine (ContainerStateMachine.java:takeSnapshot(304)) - group-37BA3EDC0ABD: Finished taking a snapshot at:(t:1, i:1) file:/workdir/hadoop-ozone/integration-test/target/test-dir/MiniOzoneClusterImpl-fd766fb6-1411-4689-98c5-9c021f2b9f54/datanode-0/data/ratis/48ea3235-1394-4854-83d3-37ba3edc0abd/sm/snapshot.1_1 time:17
2019-10-04 15:33:03,000 [b46a1829-9c1c-43c9-8f23-f1cf878f156c@group-37BA3EDC0ABD-StateMachineUpdater] INFO  impl.StateMachineUpdater (StateMachineUpdater.java:takeSnapshot(269)) - b46a1829-9c1c-43c9-8f23-f1cf878f156c@group-37BA3EDC0ABD-StateMachineUpdater: Took a snapshot at index 1
2019-10-04 15:33:03,000 [b46a1829-9c1c-43c9-8f23-f1cf878f156c@group-37BA3EDC0ABD-StateMachineUpdater] INFO  impl.StateMachineUpdater (StateMachineUpdater.java:lambda$new$0(84)) - b46a1829-9c1c-43c9-8f23-f1cf878f156c@group-37BA3EDC0ABD-StateMachineUpdater: snapshotIndex: updateIncreasingly -1 -> 1
2019-10-04 15:33:03,001 [b46a1829-9c1c-43c9-8f23-f1cf878f156c@group-37BA3EDC0ABD-StateMachineUpdater] INFO  ratis.ContainerStateMachine (ContainerStateMachine.java:takeSnapshot(293)) - group-37BA3EDC0ABD: Taking a snapshot at:(t:1, i:1) file /workdir/hadoop-ozone/integration-test/target/test-dir/MiniOzoneClusterImpl-fd766fb6-1411-4689-98c5-9c021f2b9f54/datanode-0/data/ratis/48ea3235-1394-4854-83d3-37ba3edc0abd/sm/snapshot.1_1
2019-10-04 15:33:03,013 [b46a1829-9c1c-43c9-8f23-f1cf878f156c@group-37BA3EDC0ABD-StateMachineUpdater] INFO  ratis.ContainerStateMachine (ContainerStateMachine.java:takeSnapshot(304)) - group-37BA3EDC0ABD: Finished taking a snapshot at:(t:1, i:1) file:/workdir/hadoop-ozone/integration-test/target/test-dir/MiniOzoneClusterImpl-fd766fb6-1411-4689-98c5-9c021f2b9f54/datanode-0/data/ratis/48ea3235-1394-4854-83d3-37ba3edc0abd/sm/snapshot.1_1 time:13
2019-10-04 15:33:03,014 [b46a1829-9c1c-43c9-8f23-f1cf878f156c@group-37BA3EDC0ABD-StateMachineUpdater] INFO  impl.StateMachineUpdater (StateMachineUpdater.java:takeSnapshot(269)) - b46a1829-9c1c-43c9-8f23-f1cf878f156c@group-37BA3EDC0ABD-StateMachineUpdater: Took a snapshot at index 1
2019-10-04 15:33:03,014 [b46a1829-9c1c-43c9-8f23-f1cf878f156c@group-37BA3EDC0ABD-StateMachineUpdater] INFO  impl.StateMachineUpdater (StateMachineUpdater.java:lambda$new$0(84)) - b46a1829-9c1c-43c9-8f23-f1cf878f156c@group-37BA3EDC0ABD-StateMachineUpdater: snapshotIndex: updateIncreasingly 1 -> 1
2019-10-04 15:33:03,014 [main] INFO  impl.RaftServerImpl (ServerState.java:close(387)) - b46a1829-9c1c-43c9-8f23-f1cf878f156c@group-37BA3EDC0ABD: closes. applyIndex: 2
2019-10-04 15:33:03,014 [b46a1829-9c1c-43c9-8f23-f1cf878f156c@group-37BA3EDC0ABD-SegmentedRaftLogWorker] INFO  segmented.SegmentedRaftLogWorker (SegmentedRaftLogWorker.java:run(316)) - b46a1829-9c1c-43c9-8f23-f1cf878f156c@group-37BA3EDC0ABD-SegmentedRaftLogWorker was interrupted, exiting. There are 0 tasks remaining in the queue.
2019-10-04 15:33:03,017 [main] INFO  segmented.SegmentedRaftLogWorker (SegmentedRaftLogWorker.java:close(224)) - b46a1829-9c1c-43c9-8f23-f1cf878f156c@group-37BA3EDC0ABD-SegmentedRaftLogWorker close()
2019-10-04 15:33:03,021 [main] INFO  server.GrpcService (GrpcService.java:closeImpl(164)) - b46a1829-9c1c-43c9-8f23-f1cf878f156c: shutdown server with port 36833 now
2019-10-04 15:33:03,022 [grpc-default-executor-12] WARN  server.GrpcServerProtocolService (LogUtils.java:warn(134)) - b46a1829-9c1c-43c9-8f23-f1cf878f156c: installSnapshot onError, lastRequest: aa2f742d-1aa3-4d94-aa6c-e8e052b0a6f5->b46a1829-9c1c-43c9-8f23-f1cf878f156c#7-t1, previous=(t:1, i:2), leaderCommit=2, initializing? false, entries: <empty>: org.apache.ratis.thirdparty.io.grpc.StatusRuntimeException: CANCELLED: cancelled before receiving half close
2019-10-04 15:33:03,022 [main] INFO  server.GrpcService (GrpcService.java:closeImpl(172)) - b46a1829-9c1c-43c9-8f23-f1cf878f156c: shutdown server with port 36833 successfully
2019-10-04 15:33:03,022 [grpc-default-executor-2] WARN  server.GrpcLogAppender (LogUtils.java:warn(134)) - aa2f742d-1aa3-4d94-aa6c-e8e052b0a6f5@group-37BA3EDC0ABD->b46a1829-9c1c-43c9-8f23-f1cf878f156c-AppendLogResponseHandler: Failed appendEntries: org.apache.ratis.thirdparty.io.grpc.StatusRuntimeException: CANCELLED: HTTP/2 error code: CANCEL
Received Rst Stream
2019-10-04 15:33:03,023 [grpc-default-executor-2] INFO  impl.FollowerInfo (FollowerInfo.java:lambda$new$0(51)) - aa2f742d-1aa3-4d94-aa6c-e8e052b0a6f5@group-37BA3EDC0ABD->b46a1829-9c1c-43c9-8f23-f1cf878f156c: nextIndex: updateUnconditionally 3 -> 2
2019-10-04 15:33:03,025 [refreshUsed-/workdir/hadoop-ozone/integration-test/target/test-dir/MiniOzoneClusterImpl-fd766fb6-1411-4689-98c5-9c021f2b9f54/datanode-0/data/containers] WARN  fs.CachingGetSpaceUsed (CachingGetSpaceUsed.java:run(183)) - Thread Interrupted waiting to refresh disk information: sleep interrupted
2019-10-04 15:33:03,039 [main] INFO  utils.BackgroundService (BackgroundService.java:shutdown(148)) - Shutting down service BlockDeletingService
2019-10-04 15:33:03,047 [main] INFO  statemachine.DatanodeStateMachine (DatanodeStateMachine.java:stopDaemon(395)) - Ozone container server stopped.
2019-10-04 15:33:03,048 [main] INFO  handler.ContextHandler (ContextHandler.java:doStop(910)) - Stopped o.e.j.w.WebAppContext@51e3d37e{/,null,UNAVAILABLE}{/hddsDatanode}
2019-10-04 15:33:03,050 [main] INFO  server.AbstractConnector (AbstractConnector.java:doStop(318)) - Stopped ServerConnector@3a479fda{HTTP/1.1,[http/1.1]}{0.0.0.0:0}
2019-10-04 15:33:03,051 [main] INFO  handler.ContextHandler (ContextHandler.java:doStop(910)) - Stopped o.e.j.s.ServletContextHandler@2001e48c{/static,jar:file:/home/user/.m2/repository/org/apache/hadoop/hadoop-hdds-container-service/0.5.0-SNAPSHOT/hadoop-hdds-container-service-0.5.0-SNAPSHOT.jar!/webapps/static,UNAVAILABLE}
2019-10-04 15:33:03,051 [main] INFO  handler.ContextHandler (ContextHandler.java:doStop(910)) - Stopped o.e.j.s.ServletContextHandler@7af443a3{/logs,file:///workdir/hadoop-ozone/integration-test/target/log,UNAVAILABLE}
2019-10-04 15:33:05,155 [grpc-default-executor-6] WARN  server.GrpcLogAppender (LogUtils.java:warn(134)) - aa2f742d-1aa3-4d94-aa6c-e8e052b0a6f5@group-37BA3EDC0ABD->6e12a70d-a44a-4f5b-9ec5-f7c9b940dc20-AppendLogResponseHandler: Failed appendEntries: org.apache.ratis.thirdparty.io.grpc.StatusRuntimeException: UNAVAILABLE: io exception
2019-10-04 15:33:05,156 [grpc-default-executor-6] INFO  impl.FollowerInfo (FollowerInfo.java:lambda$new$0(51)) - aa2f742d-1aa3-4d94-aa6c-e8e052b0a6f5@group-37BA3EDC0ABD->6e12a70d-a44a-4f5b-9ec5-f7c9b940dc20: nextIndex: updateUnconditionally 0 -> 0
2019-10-04 15:33:05,157 [grpc-default-executor-12] WARN  server.GrpcLogAppender (LogUtils.java:warn(134)) - aa2f742d-1aa3-4d94-aa6c-e8e052b0a6f5@group-37BA3EDC0ABD->b46a1829-9c1c-43c9-8f23-f1cf878f156c-AppendLogResponseHandler: Failed appendEntries: org.apache.ratis.thirdparty.io.grpc.StatusRuntimeException: UNAVAILABLE: io exception
2019-10-04 15:33:05,157 [grpc-default-executor-12] INFO  impl.FollowerInfo (FollowerInfo.java:lambda$new$0(51)) - aa2f742d-1aa3-4d94-aa6c-e8e052b0a6f5@group-37BA3EDC0ABD->b46a1829-9c1c-43c9-8f23-f1cf878f156c: nextIndex: updateUnconditionally 2 -> 1
2019-10-04 15:33:07,659 [grpc-default-executor-6] WARN  server.GrpcLogAppender (LogUtils.java:warn(134)) - aa2f742d-1aa3-4d94-aa6c-e8e052b0a6f5@group-37BA3EDC0ABD->6e12a70d-a44a-4f5b-9ec5-f7c9b940dc20-AppendLogResponseHandler: Failed appendEntries: org.apache.ratis.thirdparty.io.grpc.StatusRuntimeException: UNAVAILABLE: io exception
2019-10-04 15:33:07,660 [grpc-default-executor-13] WARN  server.GrpcLogAppender (LogUtils.java:warn(134)) - aa2f742d-1aa3-4d94-aa6c-e8e052b0a6f5@group-37BA3EDC0ABD->b46a1829-9c1c-43c9-8f23-f1cf878f156c-AppendLogResponseHandler: Failed appendEntries: org.apache.ratis.thirdparty.io.grpc.StatusRuntimeException: UNAVAILABLE: io exception
2019-10-04 15:33:07,661 [grpc-default-executor-6] INFO  impl.FollowerInfo (FollowerInfo.java:lambda$new$0(51)) - aa2f742d-1aa3-4d94-aa6c-e8e052b0a6f5@group-37BA3EDC0ABD->6e12a70d-a44a-4f5b-9ec5-f7c9b940dc20: nextIndex: updateUnconditionally 0 -> 0
2019-10-04 15:33:07,661 [grpc-default-executor-13] INFO  impl.FollowerInfo (FollowerInfo.java:lambda$new$0(51)) - aa2f742d-1aa3-4d94-aa6c-e8e052b0a6f5@group-37BA3EDC0ABD->b46a1829-9c1c-43c9-8f23-f1cf878f156c: nextIndex: updateUnconditionally 1 -> 0
2019-10-04 15:33:10,165 [grpc-default-executor-13] WARN  server.GrpcLogAppender (LogUtils.java:warn(134)) - aa2f742d-1aa3-4d94-aa6c-e8e052b0a6f5@group-37BA3EDC0ABD->6e12a70d-a44a-4f5b-9ec5-f7c9b940dc20-AppendLogResponseHandler: Failed appendEntries: org.apache.ratis.thirdparty.io.grpc.StatusRuntimeException: UNAVAILABLE: io exception
2019-10-04 15:33:10,165 [grpc-default-executor-6] WARN  server.GrpcLogAppender (LogUtils.java:warn(134)) - aa2f742d-1aa3-4d94-aa6c-e8e052b0a6f5@group-37BA3EDC0ABD->b46a1829-9c1c-43c9-8f23-f1cf878f156c-AppendLogResponseHandler: Failed appendEntries: org.apache.ratis.thirdparty.io.grpc.StatusRuntimeException: UNAVAILABLE: io exception
2019-10-04 15:33:10,166 [grpc-default-executor-13] INFO  impl.FollowerInfo (FollowerInfo.java:lambda$new$0(51)) - aa2f742d-1aa3-4d94-aa6c-e8e052b0a6f5@group-37BA3EDC0ABD->6e12a70d-a44a-4f5b-9ec5-f7c9b940dc20: nextIndex: updateUnconditionally 0 -> 0
2019-10-04 15:33:10,167 [grpc-default-executor-6] INFO  impl.FollowerInfo (FollowerInfo.java:lambda$new$0(51)) - aa2f742d-1aa3-4d94-aa6c-e8e052b0a6f5@group-37BA3EDC0ABD->b46a1829-9c1c-43c9-8f23-f1cf878f156c: nextIndex: updateUnconditionally 0 -> 0
2019-10-04 15:33:12,666 [grpc-default-executor-6] WARN  server.GrpcLogAppender (LogUtils.java:warn(134)) - aa2f742d-1aa3-4d94-aa6c-e8e052b0a6f5@group-37BA3EDC0ABD->b46a1829-9c1c-43c9-8f23-f1cf878f156c-AppendLogResponseHandler: Failed appendEntries: org.apache.ratis.thirdparty.io.grpc.StatusRuntimeException: UNAVAILABLE: io exception
2019-10-04 15:33:12,666 [grpc-default-executor-13] WARN  server.GrpcLogAppender (LogUtils.java:warn(134)) - aa2f742d-1aa3-4d94-aa6c-e8e052b0a6f5@group-37BA3EDC0ABD->6e12a70d-a44a-4f5b-9ec5-f7c9b940dc20-AppendLogResponseHandler: Failed appendEntries: org.apache.ratis.thirdparty.io.grpc.StatusRuntimeException: UNAVAILABLE: io exception
2019-10-04 15:33:12,667 [grpc-default-executor-6] INFO  impl.FollowerInfo (FollowerInfo.java:lambda$new$0(51)) - aa2f742d-1aa3-4d94-aa6c-e8e052b0a6f5@group-37BA3EDC0ABD->b46a1829-9c1c-43c9-8f23-f1cf878f156c: nextIndex: updateUnconditionally 0 -> 0
2019-10-04 15:33:12,667 [grpc-default-executor-13] INFO  impl.FollowerInfo (FollowerInfo.java:lambda$new$0(51)) - aa2f742d-1aa3-4d94-aa6c-e8e052b0a6f5@group-37BA3EDC0ABD->6e12a70d-a44a-4f5b-9ec5-f7c9b940dc20: nextIndex: updateUnconditionally 0 -> 0
2019-10-04 15:33:13,683 [Thread-1585] INFO  client.GrpcClientProtocolService (GrpcClientProtocolService.java:lambda$processClientRequest$0(278)) - Failed RaftClientRequest:client-00EECBAB4D47->aa2f742d-1aa3-4d94-aa6c-e8e052b0a6f5@group-37BA3EDC0ABD, cid=67, seq=0, Watch-ALL_COMMITTED(18), Message:<EMPTY>, reply=RaftClientReply:client-00EECBAB4D47->aa2f742d-1aa3-4d94-aa6c-e8e052b0a6f5@group-37BA3EDC0ABD, cid=67, FAILED org.apache.ratis.protocol.NotReplicatedException: Request with call Id 67 and log index 18 is not yet replicated to ALL_COMMITTED, logIndex=18, commits[aa2f742d-1aa3-4d94-aa6c-e8e052b0a6f5:c2, 6e12a70d-a44a-4f5b-9ec5-f7c9b940dc20:c2, b46a1829-9c1c-43c9-8f23-f1cf878f156c:c2]
2019-10-04 15:33:15,170 [grpc-default-executor-6] WARN  server.GrpcLogAppender (LogUtils.java:warn(134)) - aa2f742d-1aa3-4d94-aa6c-e8e052b0a6f5@group-37BA3EDC0ABD->6e12a70d-a44a-4f5b-9ec5-f7c9b940dc20-AppendLogResponseHandler: Failed appendEntries: org.apache.ratis.thirdparty.io.grpc.StatusRuntimeException: UNAVAILABLE: io exception
2019-10-04 15:33:15,170 [grpc-default-executor-13] WARN  server.GrpcLogAppender (LogUtils.java:warn(134)) - aa2f742d-1aa3-4d94-aa6c-e8e052b0a6f5@group-37BA3EDC0ABD->b46a1829-9c1c-43c9-8f23-f1cf878f156c-AppendLogResponseHandler: Failed appendEntries: org.apache.ratis.thirdparty.io.grpc.StatusRuntimeException: UNAVAILABLE: io exception
2019-10-04 15:33:15,177 [grpc-default-executor-6] INFO  impl.FollowerInfo (FollowerInfo.java:lambda$new$0(51)) - aa2f742d-1aa3-4d94-aa6c-e8e052b0a6f5@group-37BA3EDC0ABD->6e12a70d-a44a-4f5b-9ec5-f7c9b940dc20: nextIndex: updateUnconditionally 0 -> 0
2019-10-04 15:33:15,177 [grpc-default-executor-13] INFO  impl.FollowerInfo (FollowerInfo.java:lambda$new$0(51)) - aa2f742d-1aa3-4d94-aa6c-e8e052b0a6f5@group-37BA3EDC0ABD->b46a1829-9c1c-43c9-8f23-f1cf878f156c: nextIndex: updateUnconditionally 0 -> 0
2019-10-04 15:33:17,674 [grpc-default-executor-6] WARN  server.GrpcLogAppender (LogUtils.java:warn(134)) - aa2f742d-1aa3-4d94-aa6c-e8e052b0a6f5@group-37BA3EDC0ABD->6e12a70d-a44a-4f5b-9ec5-f7c9b940dc20-AppendLogResponseHandler: Failed appendEntries: org.apache.ratis.thirdparty.io.grpc.StatusRuntimeException: UNAVAILABLE: io exception
2019-10-04 15:33:17,674 [grpc-default-executor-13] WARN  server.GrpcLogAppender (LogUtils.java:warn(134)) - aa2f742d-1aa3-4d94-aa6c-e8e052b0a6f5@group-37BA3EDC0ABD->b46a1829-9c1c-43c9-8f23-f1cf878f156c-AppendLogResponseHandler: Failed appendEntries: org.apache.ratis.thirdparty.io.grpc.StatusRuntimeException: UNAVAILABLE: io exception
2019-10-04 15:33:17,676 [grpc-default-executor-6] INFO  impl.FollowerInfo (FollowerInfo.java:lambda$new$0(51)) - aa2f742d-1aa3-4d94-aa6c-e8e052b0a6f5@group-37BA3EDC0ABD->6e12a70d-a44a-4f5b-9ec5-f7c9b940dc20: nextIndex: updateUnconditionally 0 -> 0
2019-10-04 15:33:17,676 [grpc-default-executor-13] INFO  impl.FollowerInfo (FollowerInfo.java:lambda$new$0(51)) - aa2f742d-1aa3-4d94-aa6c-e8e052b0a6f5@group-37BA3EDC0ABD->b46a1829-9c1c-43c9-8f23-f1cf878f156c: nextIndex: updateUnconditionally 0 -> 0
2019-10-04 15:33:20,175 [grpc-default-executor-13] WARN  server.GrpcLogAppender (LogUtils.java:warn(134)) - aa2f742d-1aa3-4d94-aa6c-e8e052b0a6f5@group-37BA3EDC0ABD->6e12a70d-a44a-4f5b-9ec5-f7c9b940dc20-AppendLogResponseHandler: Failed appendEntries: org.apache.ratis.thirdparty.io.grpc.StatusRuntimeException: UNAVAILABLE: io exception
2019-10-04 15:33:20,175 [grpc-default-executor-3] WARN  server.GrpcLogAppender (LogUtils.java:warn(134)) - aa2f742d-1aa3-4d94-aa6c-e8e052b0a6f5@group-37BA3EDC0ABD->b46a1829-9c1c-43c9-8f23-f1cf878f156c-AppendLogResponseHandler: Failed appendEntries: org.apache.ratis.thirdparty.io.grpc.StatusRuntimeException: UNAVAILABLE: io exception
2019-10-04 15:33:20,176 [grpc-default-executor-3] INFO  impl.FollowerInfo (FollowerInfo.java:lambda$new$0(51)) - aa2f742d-1aa3-4d94-aa6c-e8e052b0a6f5@group-37BA3EDC0ABD->b46a1829-9c1c-43c9-8f23-f1cf878f156c: nextIndex: updateUnconditionally 0 -> 0
2019-10-04 15:33:20,176 [grpc-default-executor-13] INFO  impl.FollowerInfo (FollowerInfo.java:lambda$new$0(51)) - aa2f742d-1aa3-4d94-aa6c-e8e052b0a6f5@group-37BA3EDC0ABD->6e12a70d-a44a-4f5b-9ec5-f7c9b940dc20: nextIndex: updateUnconditionally 0 -> 0
2019-10-04 15:33:22,675 [grpc-default-executor-2] WARN  server.GrpcLogAppender (LogUtils.java:warn(134)) - aa2f742d-1aa3-4d94-aa6c-e8e052b0a6f5@group-37BA3EDC0ABD->b46a1829-9c1c-43c9-8f23-f1cf878f156c-AppendLogResponseHandler: Failed appendEntries: org.apache.ratis.thirdparty.io.grpc.StatusRuntimeException: UNAVAILABLE: io exception
2019-10-04 15:33:22,676 [grpc-default-executor-12] WARN  server.GrpcLogAppender (LogUtils.java:warn(134)) - aa2f742d-1aa3-4d94-aa6c-e8e052b0a6f5@group-37BA3EDC0ABD->6e12a70d-a44a-4f5b-9ec5-f7c9b940dc20-AppendLogResponseHandler: Failed appendEntries: org.apache.ratis.thirdparty.io.grpc.StatusRuntimeException: UNAVAILABLE: io exception
2019-10-04 15:33:22,677 [grpc-default-executor-2] INFO  impl.FollowerInfo (FollowerInfo.java:lambda$new$0(51)) - aa2f742d-1aa3-4d94-aa6c-e8e052b0a6f5@group-37BA3EDC0ABD->b46a1829-9c1c-43c9-8f23-f1cf878f156c: nextIndex: updateUnconditionally 0 -> 0
2019-10-04 15:33:22,677 [grpc-default-executor-12] INFO  impl.FollowerInfo (FollowerInfo.java:lambda$new$0(51)) - aa2f742d-1aa3-4d94-aa6c-e8e052b0a6f5@group-37BA3EDC0ABD->6e12a70d-a44a-4f5b-9ec5-f7c9b940dc20: nextIndex: updateUnconditionally 0 -> 0
2019-10-04 15:33:23,056 [main] WARN  scm.XceiverClientRatis (XceiverClientRatis.java:watchForCommit(292)) - 3 way commit failed on pipeline Pipeline[ Id: 48ea3235-1394-4854-83d3-37ba3edc0abd, Nodes: 6e12a70d-a44a-4f5b-9ec5-f7c9b940dc20{ip: 192.168.164.204, host: pr-hdds-2237-hhfs2-232792562, networkLocation: /default-rack, certSerialId: null}b46a1829-9c1c-43c9-8f23-f1cf878f156c{ip: 192.168.164.204, host: pr-hdds-2237-hhfs2-232792562, networkLocation: /default-rack, certSerialId: null}aa2f742d-1aa3-4d94-aa6c-e8e052b0a6f5{ip: 192.168.164.204, host: pr-hdds-2237-hhfs2-232792562, networkLocation: /default-rack, certSerialId: null}, Type:RATIS, Factor:THREE, State:OPEN]
java.util.concurrent.TimeoutException
	at java.util.concurrent.CompletableFuture.timedGet(CompletableFuture.java:1771)
	at java.util.concurrent.CompletableFuture.get(CompletableFuture.java:1915)
	at org.apache.hadoop.hdds.scm.XceiverClientRatis.watchForCommit(XceiverClientRatis.java:289)
	at org.apache.hadoop.ozone.client.rpc.TestWatchForCommit.testWatchForCommitForRetryfailure(TestWatchForCommit.java:345)
	at sun.reflect.NativeMethodAccessorImpl.invoke0(Native Method)
	at sun.reflect.NativeMethodAccessorImpl.invoke(NativeMethodAccessorImpl.java:62)
	at sun.reflect.DelegatingMethodAccessorImpl.invoke(DelegatingMethodAccessorImpl.java:43)
	at java.lang.reflect.Method.invoke(Method.java:498)
	at org.junit.runners.model.FrameworkMethod$1.runReflectiveCall(FrameworkMethod.java:47)
	at org.junit.internal.runners.model.ReflectiveCallable.run(ReflectiveCallable.java:12)
	at org.junit.runners.model.FrameworkMethod.invokeExplosively(FrameworkMethod.java:44)
	at org.junit.internal.runners.statements.InvokeMethod.evaluate(InvokeMethod.java:17)
	at org.junit.runners.ParentRunner.runLeaf(ParentRunner.java:271)
	at org.junit.runners.BlockJUnit4ClassRunner.runChild(BlockJUnit4ClassRunner.java:70)
	at org.junit.runners.BlockJUnit4ClassRunner.runChild(BlockJUnit4ClassRunner.java:50)
	at org.junit.runners.ParentRunner$3.run(ParentRunner.java:238)
	at org.junit.runners.ParentRunner$1.schedule(ParentRunner.java:63)
	at org.junit.runners.ParentRunner.runChildren(ParentRunner.java:236)
	at org.junit.runners.ParentRunner.access$000(ParentRunner.java:53)
	at org.junit.runners.ParentRunner$2.evaluate(ParentRunner.java:229)
	at org.junit.runners.ParentRunner.run(ParentRunner.java:309)
	at org.apache.maven.surefire.junit4.JUnit4Provider.execute(JUnit4Provider.java:365)
	at org.apache.maven.surefire.junit4.JUnit4Provider.executeWithRerun(JUnit4Provider.java:273)
	at org.apache.maven.surefire.junit4.JUnit4Provider.executeTestSet(JUnit4Provider.java:238)
	at org.apache.maven.surefire.junit4.JUnit4Provider.invoke(JUnit4Provider.java:159)
	at org.apache.maven.surefire.booter.ForkedBooter.invokeProviderInSameClassLoader(ForkedBooter.java:384)
	at org.apache.maven.surefire.booter.ForkedBooter.runSuitesInProcess(ForkedBooter.java:345)
	at org.apache.maven.surefire.booter.ForkedBooter.execute(ForkedBooter.java:126)
	at org.apache.maven.surefire.booter.ForkedBooter.main(ForkedBooter.java:418)
2019-10-04 15:33:23,685 [Thread-1601] INFO  client.GrpcClientProtocolService (GrpcClientProtocolService.java:lambda$processClientRequest$0(278)) - Failed RaftClientRequest:client-00EECBAB4D47->aa2f742d-1aa3-4d94-aa6c-e8e052b0a6f5@group-37BA3EDC0ABD, cid=67, seq=0, Watch-ALL_COMMITTED(18), Message:<EMPTY>, reply=RaftClientReply:client-00EECBAB4D47->aa2f742d-1aa3-4d94-aa6c-e8e052b0a6f5@group-37BA3EDC0ABD, cid=67, FAILED org.apache.ratis.protocol.NotReplicatedException: Request with call Id 67 and log index 18 is not yet replicated to ALL_COMMITTED, logIndex=18, commits[aa2f742d-1aa3-4d94-aa6c-e8e052b0a6f5:c2, 6e12a70d-a44a-4f5b-9ec5-f7c9b940dc20:c2, b46a1829-9c1c-43c9-8f23-f1cf878f156c:c2]
2019-10-04 15:33:25,176 [grpc-default-executor-6] WARN  server.GrpcLogAppender (LogUtils.java:warn(134)) - aa2f742d-1aa3-4d94-aa6c-e8e052b0a6f5@group-37BA3EDC0ABD->b46a1829-9c1c-43c9-8f23-f1cf878f156c-AppendLogResponseHandler: Failed appendEntries: org.apache.ratis.thirdparty.io.grpc.StatusRuntimeException: UNAVAILABLE: io exception
2019-10-04 15:33:25,176 [grpc-default-executor-13] WARN  server.GrpcLogAppender (LogUtils.java:warn(134)) - aa2f742d-1aa3-4d94-aa6c-e8e052b0a6f5@group-37BA3EDC0ABD->6e12a70d-a44a-4f5b-9ec5-f7c9b940dc20-AppendLogResponseHandler: Failed appendEntries: org.apache.ratis.thirdparty.io.grpc.StatusRuntimeException: UNAVAILABLE: io exception
2019-10-04 15:33:25,179 [grpc-default-executor-6] INFO  impl.FollowerInfo (FollowerInfo.java:lambda$new$0(51)) - aa2f742d-1aa3-4d94-aa6c-e8e052b0a6f5@group-37BA3EDC0ABD->b46a1829-9c1c-43c9-8f23-f1cf878f156c: nextIndex: updateUnconditionally 0 -> 0
2019-10-04 15:33:25,180 [grpc-default-executor-13] INFO  impl.FollowerInfo (FollowerInfo.java:lambda$new$0(51)) - aa2f742d-1aa3-4d94-aa6c-e8e052b0a6f5@group-37BA3EDC0ABD->6e12a70d-a44a-4f5b-9ec5-f7c9b940dc20: nextIndex: updateUnconditionally 0 -> 0
2019-10-04 15:33:27,681 [grpc-default-executor-13] WARN  server.GrpcLogAppender (LogUtils.java:warn(134)) - aa2f742d-1aa3-4d94-aa6c-e8e052b0a6f5@group-37BA3EDC0ABD->b46a1829-9c1c-43c9-8f23-f1cf878f156c-AppendLogResponseHandler: Failed appendEntries: org.apache.ratis.thirdparty.io.grpc.StatusRuntimeException: UNAVAILABLE: io exception
2019-10-04 15:33:27,681 [grpc-default-executor-2] WARN  server.GrpcLogAppender (LogUtils.java:warn(134)) - aa2f742d-1aa3-4d94-aa6c-e8e052b0a6f5@group-37BA3EDC0ABD->6e12a70d-a44a-4f5b-9ec5-f7c9b940dc20-AppendLogResponseHandler: Failed appendEntries: org.apache.ratis.thirdparty.io.grpc.StatusRuntimeException: UNAVAILABLE: io exception
2019-10-04 15:33:27,682 [grpc-default-executor-13] INFO  impl.FollowerInfo (FollowerInfo.java:lambda$new$0(51)) - aa2f742d-1aa3-4d94-aa6c-e8e052b0a6f5@group-37BA3EDC0ABD->b46a1829-9c1c-43c9-8f23-f1cf878f156c: nextIndex: updateUnconditionally 0 -> 0
2019-10-04 15:33:27,682 [grpc-default-executor-2] INFO  impl.FollowerInfo (FollowerInfo.java:lambda$new$0(51)) - aa2f742d-1aa3-4d94-aa6c-e8e052b0a6f5@group-37BA3EDC0ABD->6e12a70d-a44a-4f5b-9ec5-f7c9b940dc20: nextIndex: updateUnconditionally 0 -> 0
2019-10-04 15:33:30,185 [grpc-default-executor-13] WARN  server.GrpcLogAppender (LogUtils.java:warn(134)) - aa2f742d-1aa3-4d94-aa6c-e8e052b0a6f5@group-37BA3EDC0ABD->6e12a70d-a44a-4f5b-9ec5-f7c9b940dc20-AppendLogResponseHandler: Failed appendEntries: org.apache.ratis.thirdparty.io.grpc.StatusRuntimeException: UNAVAILABLE: io exception
2019-10-04 15:33:30,185 [grpc-default-executor-2] WARN  server.GrpcLogAppender (LogUtils.java:warn(134)) - aa2f742d-1aa3-4d94-aa6c-e8e052b0a6f5@group-37BA3EDC0ABD->b46a1829-9c1c-43c9-8f23-f1cf878f156c-AppendLogResponseHandler: Failed appendEntries: org.apache.ratis.thirdparty.io.grpc.StatusRuntimeException: UNAVAILABLE: io exception
2019-10-04 15:33:30,186 [grpc-default-executor-13] INFO  impl.FollowerInfo (FollowerInfo.java:lambda$new$0(51)) - aa2f742d-1aa3-4d94-aa6c-e8e052b0a6f5@group-37BA3EDC0ABD->6e12a70d-a44a-4f5b-9ec5-f7c9b940dc20: nextIndex: updateUnconditionally 0 -> 0
2019-10-04 15:33:30,186 [grpc-default-executor-2] INFO  impl.FollowerInfo (FollowerInfo.java:lambda$new$0(51)) - aa2f742d-1aa3-4d94-aa6c-e8e052b0a6f5@group-37BA3EDC0ABD->b46a1829-9c1c-43c9-8f23-f1cf878f156c: nextIndex: updateUnconditionally 0 -> 0
2019-10-04 15:33:32,692 [grpc-default-executor-13] WARN  server.GrpcLogAppender (LogUtils.java:warn(134)) - aa2f742d-1aa3-4d94-aa6c-e8e052b0a6f5@group-37BA3EDC0ABD->b46a1829-9c1c-43c9-8f23-f1cf878f156c-AppendLogResponseHandler: Failed appendEntries: org.apache.ratis.thirdparty.io.grpc.StatusRuntimeException: UNAVAILABLE: io exception
2019-10-04 15:33:32,693 [grpc-default-executor-2] WARN  server.GrpcLogAppender (LogUtils.java:warn(134)) - aa2f742d-1aa3-4d94-aa6c-e8e052b0a6f5@group-37BA3EDC0ABD->6e12a70d-a44a-4f5b-9ec5-f7c9b940dc20-AppendLogResponseHandler: Failed appendEntries: org.apache.ratis.thirdparty.io.grpc.StatusRuntimeException: UNAVAILABLE: io exception
2019-10-04 15:33:32,694 [grpc-default-executor-13] INFO  impl.FollowerInfo (FollowerInfo.java:lambda$new$0(51)) - aa2f742d-1aa3-4d94-aa6c-e8e052b0a6f5@group-37BA3EDC0ABD->b46a1829-9c1c-43c9-8f23-f1cf878f156c: nextIndex: updateUnconditionally 0 -> 0
2019-10-04 15:33:32,694 [grpc-default-executor-2] INFO  impl.FollowerInfo (FollowerInfo.java:lambda$new$0(51)) - aa2f742d-1aa3-4d94-aa6c-e8e052b0a6f5@group-37BA3EDC0ABD->6e12a70d-a44a-4f5b-9ec5-f7c9b940dc20: nextIndex: updateUnconditionally 0 -> 0
2019-10-04 15:33:34,684 [Thread-1620] INFO  client.GrpcClientProtocolService (GrpcClientProtocolService.java:lambda$processClientRequest$0(278)) - Failed RaftClientRequest:client-00EECBAB4D47->aa2f742d-1aa3-4d94-aa6c-e8e052b0a6f5@group-37BA3EDC0ABD, cid=68, seq=0, Watch-MAJORITY_COMMITTED(18), Message:<EMPTY>, reply=RaftClientReply:client-00EECBAB4D47->aa2f742d-1aa3-4d94-aa6c-e8e052b0a6f5@group-37BA3EDC0ABD, cid=68, FAILED org.apache.ratis.protocol.NotReplicatedException: Request with call Id 68 and log index 18 is not yet replicated to MAJORITY_COMMITTED, logIndex=18, commits[aa2f742d-1aa3-4d94-aa6c-e8e052b0a6f5:c2, 6e12a70d-a44a-4f5b-9ec5-f7c9b940dc20:c2, b46a1829-9c1c-43c9-8f23-f1cf878f156c:c2]
2019-10-04 15:33:34,684 [Thread-1619] INFO  client.GrpcClientProtocolService (GrpcClientProtocolService.java:lambda$processClientRequest$0(278)) - Failed RaftClientRequest:client-00EECBAB4D47->aa2f742d-1aa3-4d94-aa6c-e8e052b0a6f5@group-37BA3EDC0ABD, cid=67, seq=0, Watch-ALL_COMMITTED(18), Message:<EMPTY>, reply=RaftClientReply:client-00EECBAB4D47->aa2f742d-1aa3-4d94-aa6c-e8e052b0a6f5@group-37BA3EDC0ABD, cid=67, FAILED org.apache.ratis.protocol.NotReplicatedException: Request with call Id 67 and log index 18 is not yet replicated to ALL_COMMITTED, logIndex=18, commits[aa2f742d-1aa3-4d94-aa6c-e8e052b0a6f5:c2, 6e12a70d-a44a-4f5b-9ec5-f7c9b940dc20:c2, b46a1829-9c1c-43c9-8f23-f1cf878f156c:c2]
2019-10-04 15:33:35,188 [grpc-default-executor-6] WARN  server.GrpcLogAppender (LogUtils.java:warn(134)) - aa2f742d-1aa3-4d94-aa6c-e8e052b0a6f5@group-37BA3EDC0ABD->b46a1829-9c1c-43c9-8f23-f1cf878f156c-AppendLogResponseHandler: Failed appendEntries: org.apache.ratis.thirdparty.io.grpc.StatusRuntimeException: UNAVAILABLE: io exception
2019-10-04 15:33:35,188 [grpc-default-executor-13] WARN  server.GrpcLogAppender (LogUtils.java:warn(134)) - aa2f742d-1aa3-4d94-aa6c-e8e052b0a6f5@group-37BA3EDC0ABD->6e12a70d-a44a-4f5b-9ec5-f7c9b940dc20-AppendLogResponseHandler: Failed appendEntries: org.apache.ratis.thirdparty.io.grpc.StatusRuntimeException: UNAVAILABLE: io exception
2019-10-04 15:33:35,194 [grpc-default-executor-6] INFO  impl.FollowerInfo (FollowerInfo.java:lambda$new$0(51)) - aa2f742d-1aa3-4d94-aa6c-e8e052b0a6f5@group-37BA3EDC0ABD->b46a1829-9c1c-43c9-8f23-f1cf878f156c: nextIndex: updateUnconditionally 0 -> 0
2019-10-04 15:33:35,194 [grpc-default-executor-13] INFO  impl.FollowerInfo (FollowerInfo.java:lambda$new$0(51)) - aa2f742d-1aa3-4d94-aa6c-e8e052b0a6f5@group-37BA3EDC0ABD->6e12a70d-a44a-4f5b-9ec5-f7c9b940dc20: nextIndex: updateUnconditionally 0 -> 0
2019-10-04 15:33:37,694 [grpc-default-executor-12] WARN  server.GrpcLogAppender (LogUtils.java:warn(134)) - aa2f742d-1aa3-4d94-aa6c-e8e052b0a6f5@group-37BA3EDC0ABD->b46a1829-9c1c-43c9-8f23-f1cf878f156c-AppendLogResponseHandler: Failed appendEntries: org.apache.ratis.thirdparty.io.grpc.StatusRuntimeException: UNAVAILABLE: io exception
2019-10-04 15:33:37,694 [grpc-default-executor-14] WARN  server.GrpcLogAppender (LogUtils.java:warn(134)) - aa2f742d-1aa3-4d94-aa6c-e8e052b0a6f5@group-37BA3EDC0ABD->6e12a70d-a44a-4f5b-9ec5-f7c9b940dc20-AppendLogResponseHandler: Failed appendEntries: org.apache.ratis.thirdparty.io.grpc.StatusRuntimeException: UNAVAILABLE: io exception
2019-10-04 15:33:37,695 [grpc-default-executor-14] INFO  impl.FollowerInfo (FollowerInfo.java:lambda$new$0(51)) - aa2f742d-1aa3-4d94-aa6c-e8e052b0a6f5@group-37BA3EDC0ABD->6e12a70d-a44a-4f5b-9ec5-f7c9b940dc20: nextIndex: updateUnconditionally 0 -> 0
2019-10-04 15:33:37,695 [grpc-default-executor-12] INFO  impl.FollowerInfo (FollowerInfo.java:lambda$new$0(51)) - aa2f742d-1aa3-4d94-aa6c-e8e052b0a6f5@group-37BA3EDC0ABD->b46a1829-9c1c-43c9-8f23-f1cf878f156c: nextIndex: updateUnconditionally 0 -> 0
2019-10-04 15:33:40,192 [grpc-default-executor-3] WARN  server.GrpcLogAppender (LogUtils.java:warn(134)) - aa2f742d-1aa3-4d94-aa6c-e8e052b0a6f5@group-37BA3EDC0ABD->6e12a70d-a44a-4f5b-9ec5-f7c9b940dc20-AppendLogResponseHandler: Failed appendEntries: org.apache.ratis.thirdparty.io.grpc.StatusRuntimeException: UNAVAILABLE: io exception
2019-10-04 15:33:40,192 [grpc-default-executor-6] WARN  server.GrpcLogAppender (LogUtils.java:warn(134)) - aa2f742d-1aa3-4d94-aa6c-e8e052b0a6f5@group-37BA3EDC0ABD->b46a1829-9c1c-43c9-8f23-f1cf878f156c-AppendLogResponseHandler: Failed appendEntries: org.apache.ratis.thirdparty.io.grpc.StatusRuntimeException: UNAVAILABLE: io exception
2019-10-04 15:33:40,193 [grpc-default-executor-3] INFO  impl.FollowerInfo (FollowerInfo.java:lambda$new$0(51)) - aa2f742d-1aa3-4d94-aa6c-e8e052b0a6f5@group-37BA3EDC0ABD->6e12a70d-a44a-4f5b-9ec5-f7c9b940dc20: nextIndex: updateUnconditionally 0 -> 0
2019-10-04 15:33:40,193 [grpc-default-executor-6] INFO  impl.FollowerInfo (FollowerInfo.java:lambda$new$0(51)) - aa2f742d-1aa3-4d94-aa6c-e8e052b0a6f5@group-37BA3EDC0ABD->b46a1829-9c1c-43c9-8f23-f1cf878f156c: nextIndex: updateUnconditionally 0 -> 0
2019-10-04 15:33:42,693 [grpc-default-executor-12] WARN  server.GrpcLogAppender (LogUtils.java:warn(134)) - aa2f742d-1aa3-4d94-aa6c-e8e052b0a6f5@group-37BA3EDC0ABD->6e12a70d-a44a-4f5b-9ec5-f7c9b940dc20-AppendLogResponseHandler: Failed appendEntries: org.apache.ratis.thirdparty.io.grpc.StatusRuntimeException: UNAVAILABLE: io exception
2019-10-04 15:33:42,693 [grpc-default-executor-14] WARN  server.GrpcLogAppender (LogUtils.java:warn(134)) - aa2f742d-1aa3-4d94-aa6c-e8e052b0a6f5@group-37BA3EDC0ABD->b46a1829-9c1c-43c9-8f23-f1cf878f156c-AppendLogResponseHandler: Failed appendEntries: org.apache.ratis.thirdparty.io.grpc.StatusRuntimeException: UNAVAILABLE: io exception
2019-10-04 15:33:42,694 [grpc-default-executor-12] INFO  impl.FollowerInfo (FollowerInfo.java:lambda$new$0(51)) - aa2f742d-1aa3-4d94-aa6c-e8e052b0a6f5@group-37BA3EDC0ABD->6e12a70d-a44a-4f5b-9ec5-f7c9b940dc20: nextIndex: updateUnconditionally 0 -> 0
2019-10-04 15:33:42,694 [grpc-default-executor-14] INFO  impl.FollowerInfo (FollowerInfo.java:lambda$new$0(51)) - aa2f742d-1aa3-4d94-aa6c-e8e052b0a6f5@group-37BA3EDC0ABD->b46a1829-9c1c-43c9-8f23-f1cf878f156c: nextIndex: updateUnconditionally 0 -> 0
]]></system-out>
    <system-err><![CDATA[Oct 04, 2019 3:32:57 PM org.apache.ratis.thirdparty.io.grpc.internal.SerializingExecutor run
SEVERE: Exception while executing runnable org.apache.ratis.thirdparty.io.grpc.internal.ServerImpl$JumpToApplicationThreadServerStreamListener$1Closed@5e5792e0
org.apache.ratis.thirdparty.io.grpc.StatusRuntimeException: CANCELLED: call already cancelled
	at org.apache.ratis.thirdparty.io.grpc.Status.asRuntimeException(Status.java:517)
	at org.apache.ratis.thirdparty.io.grpc.stub.ServerCalls$ServerCallStreamObserverImpl.onCompleted(ServerCalls.java:356)
	at org.apache.ratis.grpc.server.GrpcServerProtocolService$ServerRequestStreamObserver.onError(GrpcServerProtocolService.java:121)
	at org.apache.ratis.thirdparty.io.grpc.stub.ServerCalls$StreamingServerCallHandler$StreamingServerCallListener.onCancel(ServerCalls.java:269)
	at org.apache.ratis.thirdparty.io.grpc.internal.ServerCallImpl$ServerStreamListenerImpl.closed(ServerCallImpl.java:293)
	at org.apache.ratis.thirdparty.io.grpc.internal.ServerImpl$JumpToApplicationThreadServerStreamListener$1Closed.runInContext(ServerImpl.java:741)
	at org.apache.ratis.thirdparty.io.grpc.internal.ContextRunnable.run(ContextRunnable.java:37)
	at org.apache.ratis.thirdparty.io.grpc.internal.SerializingExecutor.run(SerializingExecutor.java:123)
	at java.util.concurrent.ThreadPoolExecutor.runWorker(ThreadPoolExecutor.java:1149)
	at java.util.concurrent.ThreadPoolExecutor$Worker.run(ThreadPoolExecutor.java:624)
	at java.lang.Thread.run(Thread.java:748)

Oct 04, 2019 3:33:03 PM org.apache.ratis.thirdparty.io.grpc.internal.SerializingExecutor run
SEVERE: Exception while executing runnable org.apache.ratis.thirdparty.io.grpc.internal.ServerImpl$JumpToApplicationThreadServerStreamListener$1Closed@404631f8
org.apache.ratis.thirdparty.io.grpc.StatusRuntimeException: CANCELLED: call already cancelled
	at org.apache.ratis.thirdparty.io.grpc.Status.asRuntimeException(Status.java:517)
	at org.apache.ratis.thirdparty.io.grpc.stub.ServerCalls$ServerCallStreamObserverImpl.onCompleted(ServerCalls.java:356)
	at org.apache.ratis.grpc.server.GrpcServerProtocolService$ServerRequestStreamObserver.onError(GrpcServerProtocolService.java:121)
	at org.apache.ratis.thirdparty.io.grpc.stub.ServerCalls$StreamingServerCallHandler$StreamingServerCallListener.onCancel(ServerCalls.java:269)
	at org.apache.ratis.thirdparty.io.grpc.internal.ServerCallImpl$ServerStreamListenerImpl.closed(ServerCallImpl.java:293)
	at org.apache.ratis.thirdparty.io.grpc.internal.ServerImpl$JumpToApplicationThreadServerStreamListener$1Closed.runInContext(ServerImpl.java:741)
	at org.apache.ratis.thirdparty.io.grpc.internal.ContextRunnable.run(ContextRunnable.java:37)
	at org.apache.ratis.thirdparty.io.grpc.internal.SerializingExecutor.run(SerializingExecutor.java:123)
	at java.util.concurrent.ThreadPoolExecutor.runWorker(ThreadPoolExecutor.java:1149)
	at java.util.concurrent.ThreadPoolExecutor$Worker.run(ThreadPoolExecutor.java:624)
	at java.lang.Thread.run(Thread.java:748)

]]></system-err>
  </testcase>
  <testcase name="testWatchForCommitForGroupMismatchException" classname="org.apache.hadoop.ozone.client.rpc.TestWatchForCommit" time="32.356"/>
  <testcase name="test2WayCommitForTimeoutException" classname="org.apache.hadoop.ozone.client.rpc.TestWatchForCommit" time="27.418">
    <error message="org.apache.ratis.protocol.RaftRetryFailureException: Failed RaftClientRequest:client-BDED7B249013-&gt;561132ce-6699-4b2e-bc36-b94b11377070@group-B7BAD3C390DD, cid=103, seq=2*, RW, org.apache.hadoop.hdds.scm.XceiverClientRatis$$Lambda$474/1849610076@1ab194e2 for 20 attempts with RetryLimited(maxAttempts=20, sleepTime=1000ms)" type="java.util.concurrent.ExecutionException">java.util.concurrent.ExecutionException: org.apache.ratis.protocol.RaftRetryFailureException: Failed RaftClientRequest:client-BDED7B249013->561132ce-6699-4b2e-bc36-b94b11377070@group-B7BAD3C390DD, cid=103, seq=2*, RW, org.apache.hadoop.hdds.scm.XceiverClientRatis$$Lambda$474/1849610076@1ab194e2 for 20 attempts with RetryLimited(maxAttempts=20, sleepTime=1000ms)
	at java.util.concurrent.CompletableFuture.reportGet(CompletableFuture.java:357)
	at java.util.concurrent.CompletableFuture.get(CompletableFuture.java:1895)
	at org.apache.hadoop.ozone.client.rpc.TestWatchForCommit.test2WayCommitForTimeoutException(TestWatchForCommit.java:390)
	at sun.reflect.NativeMethodAccessorImpl.invoke0(Native Method)
	at sun.reflect.NativeMethodAccessorImpl.invoke(NativeMethodAccessorImpl.java:62)
	at sun.reflect.DelegatingMethodAccessorImpl.invoke(DelegatingMethodAccessorImpl.java:43)
	at java.lang.reflect.Method.invoke(Method.java:498)
	at org.junit.runners.model.FrameworkMethod$1.runReflectiveCall(FrameworkMethod.java:47)
	at org.junit.internal.runners.model.ReflectiveCallable.run(ReflectiveCallable.java:12)
	at org.junit.runners.model.FrameworkMethod.invokeExplosively(FrameworkMethod.java:44)
	at org.junit.internal.runners.statements.InvokeMethod.evaluate(InvokeMethod.java:17)
	at org.junit.runners.ParentRunner.runLeaf(ParentRunner.java:271)
	at org.junit.runners.BlockJUnit4ClassRunner.runChild(BlockJUnit4ClassRunner.java:70)
	at org.junit.runners.BlockJUnit4ClassRunner.runChild(BlockJUnit4ClassRunner.java:50)
	at org.junit.runners.ParentRunner$3.run(ParentRunner.java:238)
	at org.junit.runners.ParentRunner$1.schedule(ParentRunner.java:63)
	at org.junit.runners.ParentRunner.runChildren(ParentRunner.java:236)
	at org.junit.runners.ParentRunner.access$000(ParentRunner.java:53)
	at org.junit.runners.ParentRunner$2.evaluate(ParentRunner.java:229)
	at org.junit.runners.ParentRunner.run(ParentRunner.java:309)
	at org.apache.maven.surefire.junit4.JUnit4Provider.execute(JUnit4Provider.java:365)
	at org.apache.maven.surefire.junit4.JUnit4Provider.executeWithRerun(JUnit4Provider.java:273)
	at org.apache.maven.surefire.junit4.JUnit4Provider.executeTestSet(JUnit4Provider.java:238)
	at org.apache.maven.surefire.junit4.JUnit4Provider.invoke(JUnit4Provider.java:159)
	at org.apache.maven.surefire.booter.ForkedBooter.invokeProviderInSameClassLoader(ForkedBooter.java:384)
	at org.apache.maven.surefire.booter.ForkedBooter.runSuitesInProcess(ForkedBooter.java:345)
	at org.apache.maven.surefire.booter.ForkedBooter.execute(ForkedBooter.java:126)
	at org.apache.maven.surefire.booter.ForkedBooter.main(ForkedBooter.java:418)
Caused by: org.apache.ratis.protocol.RaftRetryFailureException: Failed RaftClientRequest:client-BDED7B249013->561132ce-6699-4b2e-bc36-b94b11377070@group-B7BAD3C390DD, cid=103, seq=2*, RW, org.apache.hadoop.hdds.scm.XceiverClientRatis$$Lambda$474/1849610076@1ab194e2 for 20 attempts with RetryLimited(maxAttempts=20, sleepTime=1000ms)
	at org.apache.ratis.client.impl.RaftClientImpl.noMoreRetries(RaftClientImpl.java:271)
	at org.apache.ratis.client.impl.OrderedAsync.handleAsyncRetryFailure(OrderedAsync.java:138)
	at org.apache.ratis.client.impl.OrderedAsync.lambda$sendRequest$10(OrderedAsync.java:230)
	at java.util.concurrent.CompletableFuture.uniExceptionally(CompletableFuture.java:870)
	at java.util.concurrent.CompletableFuture$UniExceptionally.tryFire(CompletableFuture.java:852)
	at java.util.concurrent.CompletableFuture.postComplete(CompletableFuture.java:474)
	at java.util.concurrent.CompletableFuture.completeExceptionally(CompletableFuture.java:1977)
	at org.apache.ratis.grpc.client.GrpcClientProtocolClient$AsyncStreamObservers.completeReplyExceptionally(GrpcClientProtocolClient.java:345)
	at org.apache.ratis.grpc.client.GrpcClientProtocolClient$AsyncStreamObservers.access$000(GrpcClientProtocolClient.java:261)
	at org.apache.ratis.grpc.client.GrpcClientProtocolClient$AsyncStreamObservers$1.onNext(GrpcClientProtocolClient.java:273)
	at org.apache.ratis.grpc.client.GrpcClientProtocolClient$AsyncStreamObservers$1.onNext(GrpcClientProtocolClient.java:264)
	at org.apache.ratis.thirdparty.io.grpc.stub.ClientCalls$StreamObserverToCallListenerAdapter.onMessage(ClientCalls.java:421)
	at org.apache.ratis.thirdparty.io.grpc.ForwardingClientCallListener.onMessage(ForwardingClientCallListener.java:33)
	at org.apache.ratis.thirdparty.io.grpc.ForwardingClientCallListener.onMessage(ForwardingClientCallListener.java:33)
	at org.apache.ratis.thirdparty.io.grpc.internal.ClientCallImpl$ClientStreamListenerImpl$1MessagesAvailable.runInContext(ClientCallImpl.java:519)
	at org.apache.ratis.thirdparty.io.grpc.internal.ContextRunnable.run(ContextRunnable.java:37)
	at org.apache.ratis.thirdparty.io.grpc.internal.SerializingExecutor.run(SerializingExecutor.java:123)
	at java.util.concurrent.ThreadPoolExecutor.runWorker(ThreadPoolExecutor.java:1149)
	at java.util.concurrent.ThreadPoolExecutor$Worker.run(ThreadPoolExecutor.java:624)
	at java.lang.Thread.run(Thread.java:748)
Caused by: org.apache.ratis.protocol.NotLeaderException: Server 561132ce-6699-4b2e-bc36-b94b11377070@group-B7BAD3C390DD is not the leader 368fef35-84f3-443f-9dd6-61671900f185:192.168.164.204:34675
	at org.apache.ratis.client.impl.ClientProtoUtils.toRaftClientReply(ClientProtoUtils.java:243)
	at org.apache.ratis.grpc.client.GrpcClientProtocolClient$AsyncStreamObservers$1.onNext(GrpcClientProtocolClient.java:269)
	... 10 more
</error>
    <system-out><![CDATA[2019-10-04 15:34:15,448 [main] WARN  server.ServerUtils (ServerUtils.java:getScmDbDir(145)) - ozone.scm.db.dirs is not configured. We recommend adding this setting. Falling back to ozone.metadata.dirs instead.
2019-10-04 15:34:15,462 [main] WARN  server.ServerUtils (ServerUtils.java:getScmDbDir(145)) - ozone.scm.db.dirs is not configured. We recommend adding this setting. Falling back to ozone.metadata.dirs instead.
2019-10-04 15:34:15,463 [main] WARN  server.ServerUtils (ServerUtils.java:getScmDbDir(145)) - ozone.scm.db.dirs is not configured. We recommend adding this setting. Falling back to ozone.metadata.dirs instead.
2019-10-04 15:34:15,463 [main] INFO  db.DBStoreBuilder (DBStoreBuilder.java:addTable(110)) - using custom profile for table: deletedBlocks
2019-10-04 15:34:15,464 [main] INFO  db.DBStoreBuilder (DBStoreBuilder.java:processTables(161)) - Using default column profile:DBProfile.DISK for Table:deletedBlocks
2019-10-04 15:34:15,464 [main] INFO  db.DBStoreBuilder (DBStoreBuilder.java:addTable(110)) - using custom profile for table: validCerts
2019-10-04 15:34:15,464 [main] INFO  db.DBStoreBuilder (DBStoreBuilder.java:processTables(161)) - Using default column profile:DBProfile.DISK for Table:validCerts
2019-10-04 15:34:15,464 [main] INFO  db.DBStoreBuilder (DBStoreBuilder.java:addTable(110)) - using custom profile for table: revokedCerts
2019-10-04 15:34:15,465 [main] INFO  db.DBStoreBuilder (DBStoreBuilder.java:processTables(161)) - Using default column profile:DBProfile.DISK for Table:revokedCerts
2019-10-04 15:34:15,465 [main] INFO  db.DBStoreBuilder (DBStoreBuilder.java:addTable(110)) - using custom profile for table: default
2019-10-04 15:34:15,465 [main] INFO  db.DBStoreBuilder (DBStoreBuilder.java:processTables(167)) - Using default column profile:DBProfile.DISK for Table:default
2019-10-04 15:34:15,466 [main] INFO  db.DBStoreBuilder (DBStoreBuilder.java:getDbProfile(198)) - Using default options. DBProfile.DISK
2019-10-04 15:34:15,701 [main] INFO  net.NodeSchemaLoader (NodeSchemaLoader.java:loadSchemaFromFile(125)) - Loading file from sun.misc.CompoundEnumeration@5600a5da
2019-10-04 15:34:15,701 [main] INFO  net.NodeSchemaLoader (NodeSchemaLoader.java:loadSchema(171)) - Loading network topology layer schema file
2019-10-04 15:34:15,706 [main] WARN  server.ServerUtils (ServerUtils.java:sanitizeUserArgs(70)) - ozone.scm.stale.node.interval value = 300000 is larger than max = 100000 based on the key value of ozone.scm.heartbeat.thread.interval, reset to the max value 100000.
2019-10-04 15:34:15,707 [main] WARN  server.ServerUtils (ServerUtils.java:sanitizeUserArgs(70)) - ozone.scm.stale.node.interval value = 300000 is larger than max = 100000 based on the key value of ozone.scm.heartbeat.thread.interval, reset to the max value 100000.
2019-10-04 15:34:15,707 [main] INFO  node.SCMNodeManager (SCMNodeManager.java:<init>(114)) - Entering startup safe mode.
2019-10-04 15:34:15,708 [main] INFO  algorithms.ContainerPlacementPolicyFactory (ContainerPlacementPolicyFactory.java:getPolicy(57)) - Create container placement policy of type org.apache.hadoop.hdds.scm.container.placement.algorithms.SCMContainerPlacementRandom
2019-10-04 15:34:15,708 [main] WARN  server.ServerUtils (ServerUtils.java:getScmDbDir(145)) - ozone.scm.db.dirs is not configured. We recommend adding this setting. Falling back to ozone.metadata.dirs instead.
2019-10-04 15:34:15,779 [main] INFO  pipeline.SCMPipelineManager (SCMPipelineManager.java:initializePipelineState(132)) - No pipeline exists in current db
2019-10-04 15:34:15,779 [main] WARN  server.ServerUtils (ServerUtils.java:getScmDbDir(145)) - ozone.scm.db.dirs is not configured. We recommend adding this setting. Falling back to ozone.metadata.dirs instead.
2019-10-04 15:34:15,861 [main] WARN  events.EventQueue (EventQueue.java:fireEvent(183)) - No event handler registered for event TypedEvent{payloadType=SafeModeStatus, name='SafeModeStatus'}
2019-10-04 15:34:15,862 [main] INFO  ipc.CallQueueManager (CallQueueManager.java:<init>(84)) - Using callQueue: class java.util.concurrent.LinkedBlockingQueue, queueCapacity: 2000, scheduler: class org.apache.hadoop.ipc.DefaultRpcScheduler, ipcBackoff: false.
2019-10-04 15:34:15,863 [Socket Reader #1 for port 43209] INFO  ipc.Server (Server.java:run(1074)) - Starting Socket Reader #1 for port 43209
2019-10-04 15:34:15,867 [main] INFO  ipc.CallQueueManager (CallQueueManager.java:<init>(84)) - Using callQueue: class java.util.concurrent.LinkedBlockingQueue, queueCapacity: 2000, scheduler: class org.apache.hadoop.ipc.DefaultRpcScheduler, ipcBackoff: false.
2019-10-04 15:34:15,868 [Socket Reader #1 for port 43059] INFO  ipc.Server (Server.java:run(1074)) - Starting Socket Reader #1 for port 43059
2019-10-04 15:34:15,871 [main] INFO  ipc.CallQueueManager (CallQueueManager.java:<init>(84)) - Using callQueue: class java.util.concurrent.LinkedBlockingQueue, queueCapacity: 2000, scheduler: class org.apache.hadoop.ipc.DefaultRpcScheduler, ipcBackoff: false.
2019-10-04 15:34:15,872 [Socket Reader #1 for port 45999] INFO  ipc.Server (Server.java:run(1074)) - Starting Socket Reader #1 for port 45999
2019-10-04 15:34:15,876 [main] INFO  hdfs.DFSUtil (DFSUtil.java:httpServerTemplateForNNAndJN(1641)) - Starting Web-server for scm at: http://0.0.0.0:0
2019-10-04 15:34:15,879 [main] INFO  server.AuthenticationFilter (AuthenticationFilter.java:constructSecretProvider(240)) - Unable to initialize FileSignerSecretProvider, falling back to use random secrets.
2019-10-04 15:34:15,880 [main] WARN  http.HttpRequestLog (HttpRequestLog.java:getRequestLog(97)) - Jetty request log can only be enabled using Log4j
2019-10-04 15:34:15,883 [main] INFO  http.HttpServer2 (HttpServer2.java:addGlobalFilter(975)) - Added global filter 'safety' (class=org.apache.hadoop.http.HttpServer2$QuotingInputFilter)
2019-10-04 15:34:15,884 [main] INFO  http.HttpServer2 (HttpServer2.java:addFilter(948)) - Added filter static_user_filter (class=org.apache.hadoop.http.lib.StaticUserWebFilter$StaticUserFilter) to context scm
2019-10-04 15:34:15,885 [main] INFO  http.HttpServer2 (HttpServer2.java:addFilter(958)) - Added filter static_user_filter (class=org.apache.hadoop.http.lib.StaticUserWebFilter$StaticUserFilter) to context static
2019-10-04 15:34:15,885 [main] INFO  http.HttpServer2 (HttpServer2.java:addFilter(958)) - Added filter static_user_filter (class=org.apache.hadoop.http.lib.StaticUserWebFilter$StaticUserFilter) to context logs
2019-10-04 15:34:15,889 [main] INFO  server.StorageContainerManager (StorageContainerManager.java:start(770)) - StorageContainerLocationProtocol RPC server is listening at /0.0.0.0:45999
2019-10-04 15:34:15,892 [main] WARN  impl.MetricsConfig (MetricsConfig.java:loadFirst(134)) - Cannot locate configuration: tried hadoop-metrics2-storagecontainermanager.properties,hadoop-metrics2.properties
2019-10-04 15:34:15,894 [main] INFO  impl.MetricsSystemImpl (MetricsSystemImpl.java:startTimer(374)) - Scheduled Metric snapshot period at 10 second(s).
2019-10-04 15:34:15,894 [main] INFO  impl.MetricsSystemImpl (MetricsSystemImpl.java:start(191)) - StorageContainerManager metrics system started
2019-10-04 15:34:16,177 [main] WARN  impl.MetricsSystemImpl (MetricsSystemImpl.java:register(276)) - Sink prometheus already exists!
2019-10-04 15:34:16,428 [main] INFO  server.SCMClientProtocolServer (SCMClientProtocolServer.java:start(159)) - RPC server for Client  is listening at /0.0.0.0:45999
2019-10-04 15:34:16,428 [IPC Server listener on 45999] INFO  ipc.Server (Server.java:run(1153)) - IPC Server listener on 45999: starting
2019-10-04 15:34:16,428 [IPC Server Responder] INFO  ipc.Server (Server.java:run(1314)) - IPC Server Responder: starting
2019-10-04 15:34:16,435 [main] INFO  server.StorageContainerManager (StorageContainerManager.java:start(780)) - ScmBlockLocationProtocol RPC server is listening at /0.0.0.0:43059
2019-10-04 15:34:16,436 [main] INFO  server.SCMBlockProtocolServer (SCMBlockProtocolServer.java:start(146)) - RPC server for Block Protocol is listening at /0.0.0.0:43059
2019-10-04 15:34:16,436 [IPC Server Responder] INFO  ipc.Server (Server.java:run(1314)) - IPC Server Responder: starting
2019-10-04 15:34:16,436 [IPC Server listener on 43059] INFO  ipc.Server (Server.java:run(1153)) - IPC Server listener on 43059: starting
2019-10-04 15:34:16,444 [main] INFO  server.StorageContainerManager (StorageContainerManager.java:start(784)) - ScmDatanodeProtocl RPC server is listening at /0.0.0.0:43209
2019-10-04 15:34:16,444 [main] INFO  server.SCMDatanodeProtocolServer (SCMDatanodeProtocolServer.java:start(169)) - RPC server for DataNodes is listening at /0.0.0.0:43209
2019-10-04 15:34:16,445 [IPC Server Responder] INFO  ipc.Server (Server.java:run(1314)) - IPC Server Responder: starting
2019-10-04 15:34:16,445 [IPC Server listener on 43209] INFO  ipc.Server (Server.java:run(1153)) - IPC Server listener on 43209: starting
2019-10-04 15:34:16,453 [main] INFO  http.HttpServer2 (HttpServer2.java:bindListener(1191)) - Jetty bound to port 37539
2019-10-04 15:34:16,453 [main] INFO  server.Server (Server.java:doStart(351)) - jetty-9.3.25.v20180904, build timestamp: 2018-09-04T21:11:46Z, git hash: 3ce520221d0240229c862b122d2b06c12a625732
2019-10-04 15:34:16,455 [main] INFO  handler.ContextHandler (ContextHandler.java:doStart(781)) - Started o.e.j.s.ServletContextHandler@b30a50d{/logs,file:///workdir/hadoop-ozone/integration-test/target/log,AVAILABLE}
2019-10-04 15:34:16,455 [main] INFO  handler.ContextHandler (ContextHandler.java:doStart(781)) - Started o.e.j.s.ServletContextHandler@6c742b84{/static,file:///workdir/hadoop-ozone/integration-test/target/test-classes/webapps/static,AVAILABLE}
2019-10-04 15:34:16,459 [main] INFO  handler.ContextHandler (ContextHandler.java:doStart(781)) - Started o.e.j.w.WebAppContext@284bdeed{/,file:///workdir/hadoop-ozone/integration-test/target/test-classes/webapps/scm/,AVAILABLE}{/scm}
2019-10-04 15:34:16,459 [main] INFO  server.AbstractConnector (AbstractConnector.java:doStart(278)) - Started ServerConnector@58b311ba{HTTP/1.1,[http/1.1]}{0.0.0.0:37539}
2019-10-04 15:34:16,461 [main] INFO  server.Server (Server.java:doStart(419)) - Started @198579ms
2019-10-04 15:34:16,461 [main] WARN  impl.MetricsSystemImpl (MetricsSystemImpl.java:register(276)) - Sink prometheus already exists!
2019-10-04 15:34:16,462 [main] INFO  server.BaseHttpServer (BaseHttpServer.java:updateConnectorAddress(215)) - HTTP server of SCM is listening at http://0.0.0.0:37539
2019-10-04 15:34:16,465 [main] WARN  server.ServerUtils (ServerUtils.java:getDBPath(222)) - ozone.om.db.dirs is not configured. We recommend adding this setting. Falling back to ozone.metadata.dirs instead.
2019-10-04 15:34:16,465 [org.apache.hadoop.util.JvmPauseMonitor$Monitor@75eaba95] INFO  util.JvmPauseMonitor (JvmPauseMonitor.java:run(188)) - Starting JVM pause monitor
2019-10-04 15:34:16,480 [main] INFO  ha.OMHANodeDetails (OMHANodeDetails.java:loadOMHAConfig(190)) - Configuration either no ozone.om.address set. Falling back to the default OM address /127.0.0.1:0
2019-10-04 15:34:16,480 [main] INFO  ha.OMHANodeDetails (OMHANodeDetails.java:getOMNodeDetails(220)) - OM Service ID is not set. Setting it to the default ID: omServiceIdDefault
2019-10-04 15:34:16,481 [main] WARN  server.ServerUtils (ServerUtils.java:getDBPath(222)) - ozone.om.db.dirs is not configured. We recommend adding this setting. Falling back to ozone.metadata.dirs instead.
2019-10-04 15:34:16,481 [main] WARN  server.ServerUtils (ServerUtils.java:getDBPath(222)) - ozone.om.db.dirs is not configured. We recommend adding this setting. Falling back to ozone.metadata.dirs instead.
2019-10-04 15:34:16,490 [main] WARN  server.ServerUtils (ServerUtils.java:getDBPath(222)) - ozone.om.db.dirs is not configured. We recommend adding this setting. Falling back to ozone.metadata.dirs instead.
2019-10-04 15:34:16,491 [main] INFO  db.DBStoreBuilder (DBStoreBuilder.java:addTable(110)) - using custom profile for table: userTable
2019-10-04 15:34:16,491 [main] INFO  db.DBStoreBuilder (DBStoreBuilder.java:processTables(161)) - Using default column profile:DBProfile.DISK for Table:userTable
2019-10-04 15:34:16,491 [main] INFO  db.DBStoreBuilder (DBStoreBuilder.java:addTable(110)) - using custom profile for table: volumeTable
2019-10-04 15:34:16,491 [main] INFO  db.DBStoreBuilder (DBStoreBuilder.java:processTables(161)) - Using default column profile:DBProfile.DISK for Table:volumeTable
2019-10-04 15:34:16,492 [main] INFO  db.DBStoreBuilder (DBStoreBuilder.java:addTable(110)) - using custom profile for table: bucketTable
2019-10-04 15:34:16,492 [main] INFO  db.DBStoreBuilder (DBStoreBuilder.java:processTables(161)) - Using default column profile:DBProfile.DISK for Table:bucketTable
2019-10-04 15:34:16,492 [main] INFO  db.DBStoreBuilder (DBStoreBuilder.java:addTable(110)) - using custom profile for table: keyTable
2019-10-04 15:34:16,492 [main] INFO  db.DBStoreBuilder (DBStoreBuilder.java:processTables(161)) - Using default column profile:DBProfile.DISK for Table:keyTable
2019-10-04 15:34:16,493 [main] INFO  db.DBStoreBuilder (DBStoreBuilder.java:addTable(110)) - using custom profile for table: deletedTable
2019-10-04 15:34:16,493 [main] INFO  db.DBStoreBuilder (DBStoreBuilder.java:processTables(161)) - Using default column profile:DBProfile.DISK for Table:deletedTable
2019-10-04 15:34:16,493 [main] INFO  db.DBStoreBuilder (DBStoreBuilder.java:addTable(110)) - using custom profile for table: openKeyTable
2019-10-04 15:34:16,493 [main] INFO  db.DBStoreBuilder (DBStoreBuilder.java:processTables(161)) - Using default column profile:DBProfile.DISK for Table:openKeyTable
2019-10-04 15:34:16,494 [main] INFO  db.DBStoreBuilder (DBStoreBuilder.java:addTable(110)) - using custom profile for table: s3Table
2019-10-04 15:34:16,494 [main] INFO  db.DBStoreBuilder (DBStoreBuilder.java:processTables(161)) - Using default column profile:DBProfile.DISK for Table:s3Table
2019-10-04 15:34:16,494 [main] INFO  db.DBStoreBuilder (DBStoreBuilder.java:addTable(110)) - using custom profile for table: multipartInfoTable
2019-10-04 15:34:16,494 [main] INFO  db.DBStoreBuilder (DBStoreBuilder.java:processTables(161)) - Using default column profile:DBProfile.DISK for Table:multipartInfoTable
2019-10-04 15:34:16,495 [main] INFO  db.DBStoreBuilder (DBStoreBuilder.java:addTable(110)) - using custom profile for table: dTokenTable
2019-10-04 15:34:16,495 [main] INFO  db.DBStoreBuilder (DBStoreBuilder.java:processTables(161)) - Using default column profile:DBProfile.DISK for Table:dTokenTable
2019-10-04 15:34:16,495 [main] INFO  db.DBStoreBuilder (DBStoreBuilder.java:addTable(110)) - using custom profile for table: s3SecretTable
2019-10-04 15:34:16,495 [main] INFO  db.DBStoreBuilder (DBStoreBuilder.java:processTables(161)) - Using default column profile:DBProfile.DISK for Table:s3SecretTable
2019-10-04 15:34:16,496 [main] INFO  db.DBStoreBuilder (DBStoreBuilder.java:addTable(110)) - using custom profile for table: prefixTable
2019-10-04 15:34:16,496 [main] INFO  db.DBStoreBuilder (DBStoreBuilder.java:processTables(161)) - Using default column profile:DBProfile.DISK for Table:prefixTable
2019-10-04 15:34:16,496 [main] INFO  db.DBStoreBuilder (DBStoreBuilder.java:addTable(110)) - using custom profile for table: default
2019-10-04 15:34:16,496 [main] INFO  db.DBStoreBuilder (DBStoreBuilder.java:processTables(167)) - Using default column profile:DBProfile.DISK for Table:default
2019-10-04 15:34:16,496 [main] INFO  db.DBStoreBuilder (DBStoreBuilder.java:getDbProfile(198)) - Using default options. DBProfile.DISK
2019-10-04 15:34:17,104 [main] INFO  ipc.CallQueueManager (CallQueueManager.java:<init>(84)) - Using callQueue: class java.util.concurrent.LinkedBlockingQueue, queueCapacity: 2000, scheduler: class org.apache.hadoop.ipc.DefaultRpcScheduler, ipcBackoff: false.
2019-10-04 15:34:17,106 [Socket Reader #1 for port 35101] INFO  ipc.Server (Server.java:run(1074)) - Starting Socket Reader #1 for port 35101
2019-10-04 15:34:17,129 [main] INFO  om.OzoneManager (OzoneManager.java:start(1069)) - OzoneManager RPC server is listening at localhost/127.0.0.1:35101
2019-10-04 15:34:17,129 [main] INFO  impl.MetricsSystemImpl (MetricsSystemImpl.java:init(158)) - OzoneManager metrics system started (again)
2019-10-04 15:34:17,133 [IPC Server listener on 35101] INFO  ipc.Server (Server.java:run(1153)) - IPC Server listener on 35101: starting
2019-10-04 15:34:17,133 [IPC Server Responder] INFO  ipc.Server (Server.java:run(1314)) - IPC Server Responder: starting
2019-10-04 15:34:17,144 [main] INFO  hdfs.DFSUtil (DFSUtil.java:httpServerTemplateForNNAndJN(1641)) - Starting Web-server for ozoneManager at: http://0.0.0.0:0
2019-10-04 15:34:17,145 [main] INFO  server.AuthenticationFilter (AuthenticationFilter.java:constructSecretProvider(240)) - Unable to initialize FileSignerSecretProvider, falling back to use random secrets.
2019-10-04 15:34:17,145 [main] WARN  http.HttpRequestLog (HttpRequestLog.java:getRequestLog(97)) - Jetty request log can only be enabled using Log4j
2019-10-04 15:34:17,147 [main] INFO  http.HttpServer2 (HttpServer2.java:addGlobalFilter(975)) - Added global filter 'safety' (class=org.apache.hadoop.http.HttpServer2$QuotingInputFilter)
2019-10-04 15:34:17,147 [main] INFO  http.HttpServer2 (HttpServer2.java:addFilter(948)) - Added filter static_user_filter (class=org.apache.hadoop.http.lib.StaticUserWebFilter$StaticUserFilter) to context ozoneManager
2019-10-04 15:34:17,147 [main] INFO  http.HttpServer2 (HttpServer2.java:addFilter(958)) - Added filter static_user_filter (class=org.apache.hadoop.http.lib.StaticUserWebFilter$StaticUserFilter) to context static
2019-10-04 15:34:17,147 [main] INFO  http.HttpServer2 (HttpServer2.java:addFilter(958)) - Added filter static_user_filter (class=org.apache.hadoop.http.lib.StaticUserWebFilter$StaticUserFilter) to context logs
2019-10-04 15:34:17,148 [main] INFO  http.HttpServer2 (HttpServer2.java:bindListener(1191)) - Jetty bound to port 36681
2019-10-04 15:34:17,148 [main] INFO  server.Server (Server.java:doStart(351)) - jetty-9.3.25.v20180904, build timestamp: 2018-09-04T21:11:46Z, git hash: 3ce520221d0240229c862b122d2b06c12a625732
2019-10-04 15:34:17,150 [main] INFO  handler.ContextHandler (ContextHandler.java:doStart(781)) - Started o.e.j.s.ServletContextHandler@1b560eb0{/logs,file:///workdir/hadoop-ozone/integration-test/target/log,AVAILABLE}
2019-10-04 15:34:17,150 [main] INFO  handler.ContextHandler (ContextHandler.java:doStart(781)) - Started o.e.j.s.ServletContextHandler@1e6060f1{/static,file:///workdir/hadoop-ozone/integration-test/target/test-classes/webapps/static,AVAILABLE}
2019-10-04 15:34:17,153 [main] INFO  handler.ContextHandler (ContextHandler.java:doStart(781)) - Started o.e.j.w.WebAppContext@5b02a984{/,file:///workdir/hadoop-ozone/integration-test/target/test-classes/webapps/ozoneManager/,AVAILABLE}{/ozoneManager}
2019-10-04 15:34:17,154 [main] INFO  server.AbstractConnector (AbstractConnector.java:doStart(278)) - Started ServerConnector@57186526{HTTP/1.1,[http/1.1]}{0.0.0.0:36681}
2019-10-04 15:34:17,156 [main] INFO  server.Server (Server.java:doStart(419)) - Started @199274ms
2019-10-04 15:34:17,157 [main] WARN  impl.MetricsSystemImpl (MetricsSystemImpl.java:register(276)) - Sink prometheus already exists!
2019-10-04 15:34:17,157 [main] INFO  server.BaseHttpServer (BaseHttpServer.java:updateConnectorAddress(215)) - HTTP server of OZONEMANAGER is listening at http://0.0.0.0:36681
2019-10-04 15:34:17,173 [main] INFO  impl.MetricsSystemImpl (MetricsSystemImpl.java:init(158)) - HddsDatanode metrics system started (again)
2019-10-04 15:34:17,190 [main] INFO  ozone.HddsDatanodeService (HddsDatanodeService.java:start(184)) - HddsDatanodeService host:pr-hdds-2237-hhfs2-232792562 ip:192.168.164.204
2019-10-04 15:34:17,199 [main] INFO  volume.HddsVolume (HddsVolume.java:<init>(176)) - Creating Volume: /workdir/hadoop-ozone/integration-test/target/test-dir/MiniOzoneClusterImpl-b1993d2c-7d52-49f7-9e2e-29bde4de0e03/datanode-0/data/containers/hdds of  storage type : DISK and capacity : 1482555576320
2019-10-04 15:34:17,199 [main] INFO  volume.VolumeSet (VolumeSet.java:initializeVolumeSet(170)) - Added Volume : /workdir/hadoop-ozone/integration-test/target/test-dir/MiniOzoneClusterImpl-b1993d2c-7d52-49f7-9e2e-29bde4de0e03/datanode-0/data/containers/hdds to VolumeSet
2019-10-04 15:34:17,199 [main] INFO  volume.ThrottledAsyncChecker (ThrottledAsyncChecker.java:schedule(139)) - Scheduling a check for org.apache.hadoop.ozone.container.common.volume.HddsVolume@4f1afe8f
2019-10-04 15:34:17,200 [main] INFO  volume.HddsVolumeChecker (HddsVolumeChecker.java:checkAllVolumes(202)) - Scheduled health check for volume org.apache.hadoop.ozone.container.common.volume.HddsVolume@4f1afe8f
2019-10-04 15:34:17,219 [main] INFO  impl.RaftServerProxy (ConfUtils.java:logGet(43)) - raft.rpc.type = GRPC (default)
2019-10-04 15:34:17,219 [main] INFO  grpc.GrpcFactory (GrpcFactory.java:checkPooledByteBufAllocatorUseCacheForAllThreads(45)) - PERFORMANCE WARNING: useCacheForAllThreads is true that may cause Netty to create a lot garbage objects and, as a result, trigger GC.
	It is recommended to disable useCacheForAllThreads by setting -Dorg.apache.ratis.thirdparty.io.netty.allocator.useCacheForAllThreads=false in command line.
2019-10-04 15:34:17,220 [main] INFO  grpc.GrpcConfigKeys$Server (ConfUtils.java:logGet(43)) - raft.grpc.server.port = 0 (default)
2019-10-04 15:34:17,220 [main] INFO  server.GrpcService (ConfUtils.java:logGet(43)) - raft.grpc.message.size.max = 33570816 (custom)
2019-10-04 15:34:17,220 [main] INFO  server.RaftServerConfigKeys (ConfUtils.java:logGet(43)) - raft.server.log.appender.buffer.byte-limit = 33554432 (custom)
2019-10-04 15:34:17,220 [main] INFO  server.GrpcService (ConfUtils.java:logGet(43)) - raft.grpc.flow.control.window = 1MB (=1048576) (default)
2019-10-04 15:34:17,221 [main] INFO  server.RaftServerConfigKeys (ConfUtils.java:logGet(43)) - raft.server.rpc.request.timeout = 3000ms (default)
2019-10-04 15:34:17,221 [main] INFO  server.RaftServerConfigKeys (ConfUtils.java:logGet(43)) - raft.server.storage.dir = [/workdir/hadoop-ozone/integration-test/target/test-dir/MiniOzoneClusterImpl-b1993d2c-7d52-49f7-9e2e-29bde4de0e03/datanode-0/data/ratis] (custom)
2019-10-04 15:34:17,223 [main] INFO  hdfs.DFSUtil (DFSUtil.java:httpServerTemplateForNNAndJN(1641)) - Starting Web-server for hddsDatanode at: http://0.0.0.0:0
2019-10-04 15:34:17,225 [main] INFO  server.AuthenticationFilter (AuthenticationFilter.java:constructSecretProvider(240)) - Unable to initialize FileSignerSecretProvider, falling back to use random secrets.
2019-10-04 15:34:17,226 [main] WARN  http.HttpRequestLog (HttpRequestLog.java:getRequestLog(97)) - Jetty request log can only be enabled using Log4j
2019-10-04 15:34:17,228 [main] INFO  http.HttpServer2 (HttpServer2.java:addGlobalFilter(975)) - Added global filter 'safety' (class=org.apache.hadoop.http.HttpServer2$QuotingInputFilter)
2019-10-04 15:34:17,229 [main] INFO  http.HttpServer2 (HttpServer2.java:addFilter(948)) - Added filter static_user_filter (class=org.apache.hadoop.http.lib.StaticUserWebFilter$StaticUserFilter) to context hddsDatanode
2019-10-04 15:34:17,229 [main] INFO  http.HttpServer2 (HttpServer2.java:addFilter(958)) - Added filter static_user_filter (class=org.apache.hadoop.http.lib.StaticUserWebFilter$StaticUserFilter) to context logs
2019-10-04 15:34:17,229 [main] INFO  http.HttpServer2 (HttpServer2.java:addFilter(958)) - Added filter static_user_filter (class=org.apache.hadoop.http.lib.StaticUserWebFilter$StaticUserFilter) to context static
2019-10-04 15:34:17,230 [main] INFO  http.HttpServer2 (HttpServer2.java:bindListener(1191)) - Jetty bound to port 38721
2019-10-04 15:34:17,231 [main] INFO  server.Server (Server.java:doStart(351)) - jetty-9.3.25.v20180904, build timestamp: 2018-09-04T21:11:46Z, git hash: 3ce520221d0240229c862b122d2b06c12a625732
2019-10-04 15:34:17,233 [main] INFO  handler.ContextHandler (ContextHandler.java:doStart(781)) - Started o.e.j.s.ServletContextHandler@6b2fdffc{/logs,file:///workdir/hadoop-ozone/integration-test/target/log,AVAILABLE}
2019-10-04 15:34:17,233 [main] INFO  handler.ContextHandler (ContextHandler.java:doStart(781)) - Started o.e.j.s.ServletContextHandler@5d194314{/static,jar:file:/home/user/.m2/repository/org/apache/hadoop/hadoop-hdds-container-service/0.5.0-SNAPSHOT/hadoop-hdds-container-service-0.5.0-SNAPSHOT.jar!/webapps/static,AVAILABLE}
2019-10-04 15:34:17,279 [main] INFO  handler.ContextHandler (ContextHandler.java:doStart(781)) - Started o.e.j.w.WebAppContext@1a1c21b4{/,file:///tmp/jetty-0.0.0.0-38721-hddsDatanode-_-any-3451086002977479263.dir/webapp/,AVAILABLE}{/hddsDatanode}
2019-10-04 15:34:17,280 [main] INFO  server.AbstractConnector (AbstractConnector.java:doStart(278)) - Started ServerConnector@1cd2ff5b{HTTP/1.1,[http/1.1]}{0.0.0.0:38721}
2019-10-04 15:34:17,282 [main] INFO  server.Server (Server.java:doStart(419)) - Started @199400ms
2019-10-04 15:34:17,282 [main] WARN  impl.MetricsSystemImpl (MetricsSystemImpl.java:register(276)) - Sink prometheus already exists!
2019-10-04 15:34:17,283 [main] INFO  server.BaseHttpServer (BaseHttpServer.java:updateConnectorAddress(215)) - HTTP server of HDDSDATANODE is listening at http://0.0.0.0:38721
2019-10-04 15:34:17,283 [main] INFO  impl.MetricsSystemImpl (MetricsSystemImpl.java:init(158)) - HddsDatanode metrics system started (again)
2019-10-04 15:34:17,302 [org.apache.hadoop.util.JvmPauseMonitor$Monitor@36fc5ed1] INFO  util.JvmPauseMonitor (JvmPauseMonitor.java:run(188)) - Starting JVM pause monitor
2019-10-04 15:34:17,304 [main] INFO  ozone.HddsDatanodeService (HddsDatanodeService.java:start(184)) - HddsDatanodeService host:pr-hdds-2237-hhfs2-232792562 ip:192.168.164.204
2019-10-04 15:34:17,304 [Datanode State Machine Thread - 0] INFO  datanode.InitDatanodeState (InitDatanodeState.java:persistContainerDatanodeDetails(140)) - DatanodeDetails is persisted to /workdir/hadoop-ozone/integration-test/target/test-dir/MiniOzoneClusterImpl-b1993d2c-7d52-49f7-9e2e-29bde4de0e03/datanode-0/meta/datanode.id
2019-10-04 15:34:17,313 [main] INFO  volume.HddsVolume (HddsVolume.java:<init>(176)) - Creating Volume: /workdir/hadoop-ozone/integration-test/target/test-dir/MiniOzoneClusterImpl-b1993d2c-7d52-49f7-9e2e-29bde4de0e03/datanode-1/data/containers/hdds of  storage type : DISK and capacity : 1482555576320
2019-10-04 15:34:17,314 [main] INFO  volume.VolumeSet (VolumeSet.java:initializeVolumeSet(170)) - Added Volume : /workdir/hadoop-ozone/integration-test/target/test-dir/MiniOzoneClusterImpl-b1993d2c-7d52-49f7-9e2e-29bde4de0e03/datanode-1/data/containers/hdds to VolumeSet
2019-10-04 15:34:17,314 [main] INFO  volume.ThrottledAsyncChecker (ThrottledAsyncChecker.java:schedule(139)) - Scheduling a check for org.apache.hadoop.ozone.container.common.volume.HddsVolume@28be7fec
2019-10-04 15:34:17,314 [main] INFO  volume.HddsVolumeChecker (HddsVolumeChecker.java:checkAllVolumes(202)) - Scheduled health check for volume org.apache.hadoop.ozone.container.common.volume.HddsVolume@28be7fec
2019-10-04 15:34:17,330 [main] INFO  impl.RaftServerProxy (ConfUtils.java:logGet(43)) - raft.rpc.type = GRPC (default)
2019-10-04 15:34:17,330 [main] INFO  grpc.GrpcFactory (GrpcFactory.java:checkPooledByteBufAllocatorUseCacheForAllThreads(45)) - PERFORMANCE WARNING: useCacheForAllThreads is true that may cause Netty to create a lot garbage objects and, as a result, trigger GC.
	It is recommended to disable useCacheForAllThreads by setting -Dorg.apache.ratis.thirdparty.io.netty.allocator.useCacheForAllThreads=false in command line.
2019-10-04 15:34:17,331 [main] INFO  grpc.GrpcConfigKeys$Server (ConfUtils.java:logGet(43)) - raft.grpc.server.port = 0 (default)
2019-10-04 15:34:17,331 [main] INFO  server.GrpcService (ConfUtils.java:logGet(43)) - raft.grpc.message.size.max = 33570816 (custom)
2019-10-04 15:34:17,331 [main] INFO  server.RaftServerConfigKeys (ConfUtils.java:logGet(43)) - raft.server.log.appender.buffer.byte-limit = 33554432 (custom)
2019-10-04 15:34:17,331 [main] INFO  server.GrpcService (ConfUtils.java:logGet(43)) - raft.grpc.flow.control.window = 1MB (=1048576) (default)
2019-10-04 15:34:17,331 [main] INFO  server.RaftServerConfigKeys (ConfUtils.java:logGet(43)) - raft.server.rpc.request.timeout = 3000ms (default)
2019-10-04 15:34:17,332 [main] INFO  server.RaftServerConfigKeys (ConfUtils.java:logGet(43)) - raft.server.storage.dir = [/workdir/hadoop-ozone/integration-test/target/test-dir/MiniOzoneClusterImpl-b1993d2c-7d52-49f7-9e2e-29bde4de0e03/datanode-1/data/ratis] (custom)
2019-10-04 15:34:17,333 [main] INFO  hdfs.DFSUtil (DFSUtil.java:httpServerTemplateForNNAndJN(1641)) - Starting Web-server for hddsDatanode at: http://0.0.0.0:0
2019-10-04 15:34:17,335 [main] INFO  server.AuthenticationFilter (AuthenticationFilter.java:constructSecretProvider(240)) - Unable to initialize FileSignerSecretProvider, falling back to use random secrets.
2019-10-04 15:34:17,335 [main] WARN  http.HttpRequestLog (HttpRequestLog.java:getRequestLog(97)) - Jetty request log can only be enabled using Log4j
2019-10-04 15:34:17,337 [main] INFO  http.HttpServer2 (HttpServer2.java:addGlobalFilter(975)) - Added global filter 'safety' (class=org.apache.hadoop.http.HttpServer2$QuotingInputFilter)
2019-10-04 15:34:17,338 [main] INFO  http.HttpServer2 (HttpServer2.java:addFilter(948)) - Added filter static_user_filter (class=org.apache.hadoop.http.lib.StaticUserWebFilter$StaticUserFilter) to context hddsDatanode
2019-10-04 15:34:17,338 [main] INFO  http.HttpServer2 (HttpServer2.java:addFilter(958)) - Added filter static_user_filter (class=org.apache.hadoop.http.lib.StaticUserWebFilter$StaticUserFilter) to context logs
2019-10-04 15:34:17,338 [main] INFO  http.HttpServer2 (HttpServer2.java:addFilter(958)) - Added filter static_user_filter (class=org.apache.hadoop.http.lib.StaticUserWebFilter$StaticUserFilter) to context static
2019-10-04 15:34:17,339 [main] INFO  http.HttpServer2 (HttpServer2.java:bindListener(1191)) - Jetty bound to port 43679
2019-10-04 15:34:17,339 [main] INFO  server.Server (Server.java:doStart(351)) - jetty-9.3.25.v20180904, build timestamp: 2018-09-04T21:11:46Z, git hash: 3ce520221d0240229c862b122d2b06c12a625732
2019-10-04 15:34:17,341 [main] INFO  handler.ContextHandler (ContextHandler.java:doStart(781)) - Started o.e.j.s.ServletContextHandler@578a5ce8{/logs,file:///workdir/hadoop-ozone/integration-test/target/log,AVAILABLE}
2019-10-04 15:34:17,341 [main] INFO  handler.ContextHandler (ContextHandler.java:doStart(781)) - Started o.e.j.s.ServletContextHandler@16cb9989{/static,jar:file:/home/user/.m2/repository/org/apache/hadoop/hadoop-hdds-container-service/0.5.0-SNAPSHOT/hadoop-hdds-container-service-0.5.0-SNAPSHOT.jar!/webapps/static,AVAILABLE}
2019-10-04 15:34:17,376 [main] INFO  handler.ContextHandler (ContextHandler.java:doStart(781)) - Started o.e.j.w.WebAppContext@46f73ffa{/,file:///tmp/jetty-0.0.0.0-43679-hddsDatanode-_-any-3408564272238225264.dir/webapp/,AVAILABLE}{/hddsDatanode}
2019-10-04 15:34:17,377 [main] INFO  server.AbstractConnector (AbstractConnector.java:doStart(278)) - Started ServerConnector@41aebbb4{HTTP/1.1,[http/1.1]}{0.0.0.0:43679}
2019-10-04 15:34:17,380 [main] INFO  server.Server (Server.java:doStart(419)) - Started @199498ms
2019-10-04 15:34:17,380 [main] WARN  impl.MetricsSystemImpl (MetricsSystemImpl.java:register(276)) - Sink prometheus already exists!
2019-10-04 15:34:17,381 [main] INFO  server.BaseHttpServer (BaseHttpServer.java:updateConnectorAddress(215)) - HTTP server of HDDSDATANODE is listening at http://0.0.0.0:43679
2019-10-04 15:34:17,381 [main] INFO  impl.MetricsSystemImpl (MetricsSystemImpl.java:init(158)) - HddsDatanode metrics system started (again)
2019-10-04 15:34:17,399 [org.apache.hadoop.util.JvmPauseMonitor$Monitor@27b94dd8] INFO  util.JvmPauseMonitor (JvmPauseMonitor.java:run(188)) - Starting JVM pause monitor
2019-10-04 15:34:17,400 [Datanode State Machine Thread - 0] INFO  datanode.InitDatanodeState (InitDatanodeState.java:persistContainerDatanodeDetails(140)) - DatanodeDetails is persisted to /workdir/hadoop-ozone/integration-test/target/test-dir/MiniOzoneClusterImpl-b1993d2c-7d52-49f7-9e2e-29bde4de0e03/datanode-1/meta/datanode.id
2019-10-04 15:34:17,400 [main] INFO  ozone.HddsDatanodeService (HddsDatanodeService.java:start(184)) - HddsDatanodeService host:pr-hdds-2237-hhfs2-232792562 ip:192.168.164.204
2019-10-04 15:34:17,411 [main] INFO  volume.HddsVolume (HddsVolume.java:<init>(176)) - Creating Volume: /workdir/hadoop-ozone/integration-test/target/test-dir/MiniOzoneClusterImpl-b1993d2c-7d52-49f7-9e2e-29bde4de0e03/datanode-2/data/containers/hdds of  storage type : DISK and capacity : 1482555576320
2019-10-04 15:34:17,411 [main] INFO  volume.VolumeSet (VolumeSet.java:initializeVolumeSet(170)) - Added Volume : /workdir/hadoop-ozone/integration-test/target/test-dir/MiniOzoneClusterImpl-b1993d2c-7d52-49f7-9e2e-29bde4de0e03/datanode-2/data/containers/hdds to VolumeSet
2019-10-04 15:34:17,411 [main] INFO  volume.ThrottledAsyncChecker (ThrottledAsyncChecker.java:schedule(139)) - Scheduling a check for org.apache.hadoop.ozone.container.common.volume.HddsVolume@4ffced4e
2019-10-04 15:34:17,411 [main] INFO  volume.HddsVolumeChecker (HddsVolumeChecker.java:checkAllVolumes(202)) - Scheduled health check for volume org.apache.hadoop.ozone.container.common.volume.HddsVolume@4ffced4e
2019-10-04 15:34:17,426 [main] INFO  impl.RaftServerProxy (ConfUtils.java:logGet(43)) - raft.rpc.type = GRPC (default)
2019-10-04 15:34:17,426 [main] INFO  grpc.GrpcFactory (GrpcFactory.java:checkPooledByteBufAllocatorUseCacheForAllThreads(45)) - PERFORMANCE WARNING: useCacheForAllThreads is true that may cause Netty to create a lot garbage objects and, as a result, trigger GC.
	It is recommended to disable useCacheForAllThreads by setting -Dorg.apache.ratis.thirdparty.io.netty.allocator.useCacheForAllThreads=false in command line.
2019-10-04 15:34:17,426 [main] INFO  grpc.GrpcConfigKeys$Server (ConfUtils.java:logGet(43)) - raft.grpc.server.port = 0 (default)
2019-10-04 15:34:17,427 [main] INFO  server.GrpcService (ConfUtils.java:logGet(43)) - raft.grpc.message.size.max = 33570816 (custom)
2019-10-04 15:34:17,427 [main] INFO  server.RaftServerConfigKeys (ConfUtils.java:logGet(43)) - raft.server.log.appender.buffer.byte-limit = 33554432 (custom)
2019-10-04 15:34:17,427 [main] INFO  server.GrpcService (ConfUtils.java:logGet(43)) - raft.grpc.flow.control.window = 1MB (=1048576) (default)
2019-10-04 15:34:17,427 [main] INFO  server.RaftServerConfigKeys (ConfUtils.java:logGet(43)) - raft.server.rpc.request.timeout = 3000ms (default)
2019-10-04 15:34:17,427 [main] INFO  server.RaftServerConfigKeys (ConfUtils.java:logGet(43)) - raft.server.storage.dir = [/workdir/hadoop-ozone/integration-test/target/test-dir/MiniOzoneClusterImpl-b1993d2c-7d52-49f7-9e2e-29bde4de0e03/datanode-2/data/ratis] (custom)
2019-10-04 15:34:17,429 [main] INFO  hdfs.DFSUtil (DFSUtil.java:httpServerTemplateForNNAndJN(1641)) - Starting Web-server for hddsDatanode at: http://0.0.0.0:0
2019-10-04 15:34:17,430 [main] INFO  server.AuthenticationFilter (AuthenticationFilter.java:constructSecretProvider(240)) - Unable to initialize FileSignerSecretProvider, falling back to use random secrets.
2019-10-04 15:34:17,430 [main] WARN  http.HttpRequestLog (HttpRequestLog.java:getRequestLog(97)) - Jetty request log can only be enabled using Log4j
2019-10-04 15:34:17,431 [main] INFO  http.HttpServer2 (HttpServer2.java:addGlobalFilter(975)) - Added global filter 'safety' (class=org.apache.hadoop.http.HttpServer2$QuotingInputFilter)
2019-10-04 15:34:17,432 [main] INFO  http.HttpServer2 (HttpServer2.java:addFilter(948)) - Added filter static_user_filter (class=org.apache.hadoop.http.lib.StaticUserWebFilter$StaticUserFilter) to context hddsDatanode
2019-10-04 15:34:17,432 [main] INFO  http.HttpServer2 (HttpServer2.java:addFilter(958)) - Added filter static_user_filter (class=org.apache.hadoop.http.lib.StaticUserWebFilter$StaticUserFilter) to context logs
2019-10-04 15:34:17,432 [main] INFO  http.HttpServer2 (HttpServer2.java:addFilter(958)) - Added filter static_user_filter (class=org.apache.hadoop.http.lib.StaticUserWebFilter$StaticUserFilter) to context static
2019-10-04 15:34:17,433 [main] INFO  http.HttpServer2 (HttpServer2.java:bindListener(1191)) - Jetty bound to port 46379
2019-10-04 15:34:17,433 [main] INFO  server.Server (Server.java:doStart(351)) - jetty-9.3.25.v20180904, build timestamp: 2018-09-04T21:11:46Z, git hash: 3ce520221d0240229c862b122d2b06c12a625732
2019-10-04 15:34:17,434 [main] INFO  handler.ContextHandler (ContextHandler.java:doStart(781)) - Started o.e.j.s.ServletContextHandler@4270b142{/logs,file:///workdir/hadoop-ozone/integration-test/target/log,AVAILABLE}
2019-10-04 15:34:17,440 [main] INFO  handler.ContextHandler (ContextHandler.java:doStart(781)) - Started o.e.j.s.ServletContextHandler@6314df3c{/static,jar:file:/home/user/.m2/repository/org/apache/hadoop/hadoop-hdds-container-service/0.5.0-SNAPSHOT/hadoop-hdds-container-service-0.5.0-SNAPSHOT.jar!/webapps/static,AVAILABLE}
2019-10-04 15:34:17,469 [main] INFO  handler.ContextHandler (ContextHandler.java:doStart(781)) - Started o.e.j.w.WebAppContext@6459f4ea{/,file:///tmp/jetty-0.0.0.0-46379-hddsDatanode-_-any-2939524976496084608.dir/webapp/,AVAILABLE}{/hddsDatanode}
2019-10-04 15:34:17,470 [main] INFO  server.AbstractConnector (AbstractConnector.java:doStart(278)) - Started ServerConnector@740b9a50{HTTP/1.1,[http/1.1]}{0.0.0.0:46379}
2019-10-04 15:34:17,478 [main] INFO  server.Server (Server.java:doStart(419)) - Started @199596ms
2019-10-04 15:34:17,478 [main] WARN  impl.MetricsSystemImpl (MetricsSystemImpl.java:register(276)) - Sink prometheus already exists!
2019-10-04 15:34:17,479 [main] INFO  server.BaseHttpServer (BaseHttpServer.java:updateConnectorAddress(215)) - HTTP server of HDDSDATANODE is listening at http://0.0.0.0:46379
2019-10-04 15:34:17,479 [main] INFO  impl.MetricsSystemImpl (MetricsSystemImpl.java:init(158)) - HddsDatanode metrics system started (again)
2019-10-04 15:34:17,498 [org.apache.hadoop.util.JvmPauseMonitor$Monitor@514ee072] INFO  util.JvmPauseMonitor (JvmPauseMonitor.java:run(188)) - Starting JVM pause monitor
2019-10-04 15:34:17,499 [main] INFO  ozone.HddsDatanodeService (HddsDatanodeService.java:start(184)) - HddsDatanodeService host:pr-hdds-2237-hhfs2-232792562 ip:192.168.164.204
2019-10-04 15:34:17,500 [Datanode State Machine Thread - 0] INFO  datanode.InitDatanodeState (InitDatanodeState.java:persistContainerDatanodeDetails(140)) - DatanodeDetails is persisted to /workdir/hadoop-ozone/integration-test/target/test-dir/MiniOzoneClusterImpl-b1993d2c-7d52-49f7-9e2e-29bde4de0e03/datanode-2/meta/datanode.id
2019-10-04 15:34:17,509 [main] INFO  volume.HddsVolume (HddsVolume.java:<init>(176)) - Creating Volume: /workdir/hadoop-ozone/integration-test/target/test-dir/MiniOzoneClusterImpl-b1993d2c-7d52-49f7-9e2e-29bde4de0e03/datanode-3/data/containers/hdds of  storage type : DISK and capacity : 1482555576320
2019-10-04 15:34:17,509 [main] INFO  volume.VolumeSet (VolumeSet.java:initializeVolumeSet(170)) - Added Volume : /workdir/hadoop-ozone/integration-test/target/test-dir/MiniOzoneClusterImpl-b1993d2c-7d52-49f7-9e2e-29bde4de0e03/datanode-3/data/containers/hdds to VolumeSet
2019-10-04 15:34:17,510 [main] INFO  volume.ThrottledAsyncChecker (ThrottledAsyncChecker.java:schedule(139)) - Scheduling a check for org.apache.hadoop.ozone.container.common.volume.HddsVolume@723e2d08
2019-10-04 15:34:17,510 [main] INFO  volume.HddsVolumeChecker (HddsVolumeChecker.java:checkAllVolumes(202)) - Scheduled health check for volume org.apache.hadoop.ozone.container.common.volume.HddsVolume@723e2d08
2019-10-04 15:34:17,524 [main] INFO  impl.RaftServerProxy (ConfUtils.java:logGet(43)) - raft.rpc.type = GRPC (default)
2019-10-04 15:34:17,524 [main] INFO  grpc.GrpcFactory (GrpcFactory.java:checkPooledByteBufAllocatorUseCacheForAllThreads(45)) - PERFORMANCE WARNING: useCacheForAllThreads is true that may cause Netty to create a lot garbage objects and, as a result, trigger GC.
	It is recommended to disable useCacheForAllThreads by setting -Dorg.apache.ratis.thirdparty.io.netty.allocator.useCacheForAllThreads=false in command line.
2019-10-04 15:34:17,524 [main] INFO  grpc.GrpcConfigKeys$Server (ConfUtils.java:logGet(43)) - raft.grpc.server.port = 0 (default)
2019-10-04 15:34:17,524 [main] INFO  server.GrpcService (ConfUtils.java:logGet(43)) - raft.grpc.message.size.max = 33570816 (custom)
2019-10-04 15:34:17,524 [main] INFO  server.RaftServerConfigKeys (ConfUtils.java:logGet(43)) - raft.server.log.appender.buffer.byte-limit = 33554432 (custom)
2019-10-04 15:34:17,525 [main] INFO  server.GrpcService (ConfUtils.java:logGet(43)) - raft.grpc.flow.control.window = 1MB (=1048576) (default)
2019-10-04 15:34:17,525 [main] INFO  server.RaftServerConfigKeys (ConfUtils.java:logGet(43)) - raft.server.rpc.request.timeout = 3000ms (default)
2019-10-04 15:34:17,525 [main] INFO  server.RaftServerConfigKeys (ConfUtils.java:logGet(43)) - raft.server.storage.dir = [/workdir/hadoop-ozone/integration-test/target/test-dir/MiniOzoneClusterImpl-b1993d2c-7d52-49f7-9e2e-29bde4de0e03/datanode-3/data/ratis] (custom)
2019-10-04 15:34:17,526 [main] INFO  hdfs.DFSUtil (DFSUtil.java:httpServerTemplateForNNAndJN(1641)) - Starting Web-server for hddsDatanode at: http://0.0.0.0:0
2019-10-04 15:34:17,527 [main] INFO  server.AuthenticationFilter (AuthenticationFilter.java:constructSecretProvider(240)) - Unable to initialize FileSignerSecretProvider, falling back to use random secrets.
2019-10-04 15:34:17,528 [main] WARN  http.HttpRequestLog (HttpRequestLog.java:getRequestLog(97)) - Jetty request log can only be enabled using Log4j
2019-10-04 15:34:17,529 [main] INFO  http.HttpServer2 (HttpServer2.java:addGlobalFilter(975)) - Added global filter 'safety' (class=org.apache.hadoop.http.HttpServer2$QuotingInputFilter)
2019-10-04 15:34:17,529 [main] INFO  http.HttpServer2 (HttpServer2.java:addFilter(948)) - Added filter static_user_filter (class=org.apache.hadoop.http.lib.StaticUserWebFilter$StaticUserFilter) to context hddsDatanode
2019-10-04 15:34:17,529 [main] INFO  http.HttpServer2 (HttpServer2.java:addFilter(958)) - Added filter static_user_filter (class=org.apache.hadoop.http.lib.StaticUserWebFilter$StaticUserFilter) to context static
2019-10-04 15:34:17,530 [main] INFO  http.HttpServer2 (HttpServer2.java:addFilter(958)) - Added filter static_user_filter (class=org.apache.hadoop.http.lib.StaticUserWebFilter$StaticUserFilter) to context logs
2019-10-04 15:34:17,530 [main] INFO  http.HttpServer2 (HttpServer2.java:bindListener(1191)) - Jetty bound to port 39488
2019-10-04 15:34:17,530 [main] INFO  server.Server (Server.java:doStart(351)) - jetty-9.3.25.v20180904, build timestamp: 2018-09-04T21:11:46Z, git hash: 3ce520221d0240229c862b122d2b06c12a625732
2019-10-04 15:34:17,532 [main] INFO  handler.ContextHandler (ContextHandler.java:doStart(781)) - Started o.e.j.s.ServletContextHandler@28d739f1{/logs,file:///workdir/hadoop-ozone/integration-test/target/log,AVAILABLE}
2019-10-04 15:34:17,532 [main] INFO  handler.ContextHandler (ContextHandler.java:doStart(781)) - Started o.e.j.s.ServletContextHandler@7e3d2ebd{/static,jar:file:/home/user/.m2/repository/org/apache/hadoop/hadoop-hdds-container-service/0.5.0-SNAPSHOT/hadoop-hdds-container-service-0.5.0-SNAPSHOT.jar!/webapps/static,AVAILABLE}
2019-10-04 15:34:17,560 [main] INFO  handler.ContextHandler (ContextHandler.java:doStart(781)) - Started o.e.j.w.WebAppContext@4602f874{/,file:///tmp/jetty-0.0.0.0-39488-hddsDatanode-_-any-5622594937858942347.dir/webapp/,AVAILABLE}{/hddsDatanode}
2019-10-04 15:34:17,560 [main] INFO  server.AbstractConnector (AbstractConnector.java:doStart(278)) - Started ServerConnector@7739aac4{HTTP/1.1,[http/1.1]}{0.0.0.0:39488}
2019-10-04 15:34:17,564 [main] INFO  server.Server (Server.java:doStart(419)) - Started @199681ms
2019-10-04 15:34:17,564 [main] WARN  impl.MetricsSystemImpl (MetricsSystemImpl.java:register(276)) - Sink prometheus already exists!
2019-10-04 15:34:17,564 [main] INFO  server.BaseHttpServer (BaseHttpServer.java:updateConnectorAddress(215)) - HTTP server of HDDSDATANODE is listening at http://0.0.0.0:39488
2019-10-04 15:34:17,565 [main] INFO  impl.MetricsSystemImpl (MetricsSystemImpl.java:init(158)) - HddsDatanode metrics system started (again)
2019-10-04 15:34:17,583 [org.apache.hadoop.util.JvmPauseMonitor$Monitor@6cbf83e3] INFO  util.JvmPauseMonitor (JvmPauseMonitor.java:run(188)) - Starting JVM pause monitor
2019-10-04 15:34:17,584 [main] INFO  ozone.HddsDatanodeService (HddsDatanodeService.java:start(184)) - HddsDatanodeService host:pr-hdds-2237-hhfs2-232792562 ip:192.168.164.204
2019-10-04 15:34:17,585 [Datanode State Machine Thread - 0] INFO  datanode.InitDatanodeState (InitDatanodeState.java:persistContainerDatanodeDetails(140)) - DatanodeDetails is persisted to /workdir/hadoop-ozone/integration-test/target/test-dir/MiniOzoneClusterImpl-b1993d2c-7d52-49f7-9e2e-29bde4de0e03/datanode-3/meta/datanode.id
2019-10-04 15:34:17,594 [main] INFO  volume.HddsVolume (HddsVolume.java:<init>(176)) - Creating Volume: /workdir/hadoop-ozone/integration-test/target/test-dir/MiniOzoneClusterImpl-b1993d2c-7d52-49f7-9e2e-29bde4de0e03/datanode-4/data/containers/hdds of  storage type : DISK and capacity : 1482555576320
2019-10-04 15:34:17,595 [main] INFO  volume.VolumeSet (VolumeSet.java:initializeVolumeSet(170)) - Added Volume : /workdir/hadoop-ozone/integration-test/target/test-dir/MiniOzoneClusterImpl-b1993d2c-7d52-49f7-9e2e-29bde4de0e03/datanode-4/data/containers/hdds to VolumeSet
2019-10-04 15:34:17,595 [main] INFO  volume.ThrottledAsyncChecker (ThrottledAsyncChecker.java:schedule(139)) - Scheduling a check for org.apache.hadoop.ozone.container.common.volume.HddsVolume@67f946c3
2019-10-04 15:34:17,595 [main] INFO  volume.HddsVolumeChecker (HddsVolumeChecker.java:checkAllVolumes(202)) - Scheduled health check for volume org.apache.hadoop.ozone.container.common.volume.HddsVolume@67f946c3
2019-10-04 15:34:17,613 [main] INFO  impl.RaftServerProxy (ConfUtils.java:logGet(43)) - raft.rpc.type = GRPC (default)
2019-10-04 15:34:17,613 [main] INFO  grpc.GrpcFactory (GrpcFactory.java:checkPooledByteBufAllocatorUseCacheForAllThreads(45)) - PERFORMANCE WARNING: useCacheForAllThreads is true that may cause Netty to create a lot garbage objects and, as a result, trigger GC.
	It is recommended to disable useCacheForAllThreads by setting -Dorg.apache.ratis.thirdparty.io.netty.allocator.useCacheForAllThreads=false in command line.
2019-10-04 15:34:17,613 [main] INFO  grpc.GrpcConfigKeys$Server (ConfUtils.java:logGet(43)) - raft.grpc.server.port = 0 (default)
2019-10-04 15:34:17,613 [main] INFO  server.GrpcService (ConfUtils.java:logGet(43)) - raft.grpc.message.size.max = 33570816 (custom)
2019-10-04 15:34:17,614 [main] INFO  server.RaftServerConfigKeys (ConfUtils.java:logGet(43)) - raft.server.log.appender.buffer.byte-limit = 33554432 (custom)
2019-10-04 15:34:17,614 [main] INFO  server.GrpcService (ConfUtils.java:logGet(43)) - raft.grpc.flow.control.window = 1MB (=1048576) (default)
2019-10-04 15:34:17,614 [main] INFO  server.RaftServerConfigKeys (ConfUtils.java:logGet(43)) - raft.server.rpc.request.timeout = 3000ms (default)
2019-10-04 15:34:17,614 [main] INFO  server.RaftServerConfigKeys (ConfUtils.java:logGet(43)) - raft.server.storage.dir = [/workdir/hadoop-ozone/integration-test/target/test-dir/MiniOzoneClusterImpl-b1993d2c-7d52-49f7-9e2e-29bde4de0e03/datanode-4/data/ratis] (custom)
2019-10-04 15:34:17,615 [main] INFO  hdfs.DFSUtil (DFSUtil.java:httpServerTemplateForNNAndJN(1641)) - Starting Web-server for hddsDatanode at: http://0.0.0.0:0
2019-10-04 15:34:17,617 [main] INFO  server.AuthenticationFilter (AuthenticationFilter.java:constructSecretProvider(240)) - Unable to initialize FileSignerSecretProvider, falling back to use random secrets.
2019-10-04 15:34:17,617 [main] WARN  http.HttpRequestLog (HttpRequestLog.java:getRequestLog(97)) - Jetty request log can only be enabled using Log4j
2019-10-04 15:34:17,619 [main] INFO  http.HttpServer2 (HttpServer2.java:addGlobalFilter(975)) - Added global filter 'safety' (class=org.apache.hadoop.http.HttpServer2$QuotingInputFilter)
2019-10-04 15:34:17,619 [main] INFO  http.HttpServer2 (HttpServer2.java:addFilter(948)) - Added filter static_user_filter (class=org.apache.hadoop.http.lib.StaticUserWebFilter$StaticUserFilter) to context hddsDatanode
2019-10-04 15:34:17,619 [main] INFO  http.HttpServer2 (HttpServer2.java:addFilter(958)) - Added filter static_user_filter (class=org.apache.hadoop.http.lib.StaticUserWebFilter$StaticUserFilter) to context static
2019-10-04 15:34:17,619 [main] INFO  http.HttpServer2 (HttpServer2.java:addFilter(958)) - Added filter static_user_filter (class=org.apache.hadoop.http.lib.StaticUserWebFilter$StaticUserFilter) to context logs
2019-10-04 15:34:17,620 [main] INFO  http.HttpServer2 (HttpServer2.java:bindListener(1191)) - Jetty bound to port 44277
2019-10-04 15:34:17,620 [main] INFO  server.Server (Server.java:doStart(351)) - jetty-9.3.25.v20180904, build timestamp: 2018-09-04T21:11:46Z, git hash: 3ce520221d0240229c862b122d2b06c12a625732
2019-10-04 15:34:17,622 [main] INFO  handler.ContextHandler (ContextHandler.java:doStart(781)) - Started o.e.j.s.ServletContextHandler@4137aab0{/logs,file:///workdir/hadoop-ozone/integration-test/target/log,AVAILABLE}
2019-10-04 15:34:17,623 [main] INFO  handler.ContextHandler (ContextHandler.java:doStart(781)) - Started o.e.j.s.ServletContextHandler@682e422c{/static,jar:file:/home/user/.m2/repository/org/apache/hadoop/hadoop-hdds-container-service/0.5.0-SNAPSHOT/hadoop-hdds-container-service-0.5.0-SNAPSHOT.jar!/webapps/static,AVAILABLE}
2019-10-04 15:34:17,650 [main] INFO  handler.ContextHandler (ContextHandler.java:doStart(781)) - Started o.e.j.w.WebAppContext@46468f0{/,file:///tmp/jetty-0.0.0.0-44277-hddsDatanode-_-any-362208064369166721.dir/webapp/,AVAILABLE}{/hddsDatanode}
2019-10-04 15:34:17,651 [main] INFO  server.AbstractConnector (AbstractConnector.java:doStart(278)) - Started ServerConnector@5f8f1712{HTTP/1.1,[http/1.1]}{0.0.0.0:44277}
2019-10-04 15:34:17,654 [main] INFO  server.Server (Server.java:doStart(419)) - Started @199772ms
2019-10-04 15:34:17,654 [main] WARN  impl.MetricsSystemImpl (MetricsSystemImpl.java:register(276)) - Sink prometheus already exists!
2019-10-04 15:34:17,655 [main] INFO  server.BaseHttpServer (BaseHttpServer.java:updateConnectorAddress(215)) - HTTP server of HDDSDATANODE is listening at http://0.0.0.0:44277
2019-10-04 15:34:17,655 [main] INFO  impl.MetricsSystemImpl (MetricsSystemImpl.java:init(158)) - HddsDatanode metrics system started (again)
2019-10-04 15:34:17,677 [org.apache.hadoop.util.JvmPauseMonitor$Monitor@36e971ae] INFO  util.JvmPauseMonitor (JvmPauseMonitor.java:run(188)) - Starting JVM pause monitor
2019-10-04 15:34:17,678 [main] INFO  ozone.HddsDatanodeService (HddsDatanodeService.java:start(184)) - HddsDatanodeService host:pr-hdds-2237-hhfs2-232792562 ip:192.168.164.204
2019-10-04 15:34:17,679 [Datanode State Machine Thread - 0] INFO  datanode.InitDatanodeState (InitDatanodeState.java:persistContainerDatanodeDetails(140)) - DatanodeDetails is persisted to /workdir/hadoop-ozone/integration-test/target/test-dir/MiniOzoneClusterImpl-b1993d2c-7d52-49f7-9e2e-29bde4de0e03/datanode-4/meta/datanode.id
2019-10-04 15:34:17,690 [main] INFO  volume.HddsVolume (HddsVolume.java:<init>(176)) - Creating Volume: /workdir/hadoop-ozone/integration-test/target/test-dir/MiniOzoneClusterImpl-b1993d2c-7d52-49f7-9e2e-29bde4de0e03/datanode-5/data/containers/hdds of  storage type : DISK and capacity : 1482555576320
2019-10-04 15:34:17,690 [Thread-2266] INFO  client.GrpcClientProtocolService (GrpcClientProtocolService.java:lambda$processClientRequest$0(278)) - Failed RaftClientRequest:client-00EECBAB4D47->aa2f742d-1aa3-4d94-aa6c-e8e052b0a6f5@group-37BA3EDC0ABD, cid=68, seq=0, Watch-MAJORITY_COMMITTED(18), Message:<EMPTY>, reply=RaftClientReply:client-00EECBAB4D47->aa2f742d-1aa3-4d94-aa6c-e8e052b0a6f5@group-37BA3EDC0ABD, cid=68, FAILED org.apache.ratis.protocol.NotReplicatedException: Request with call Id 68 and log index 18 is not yet replicated to MAJORITY_COMMITTED, logIndex=18, commits[aa2f742d-1aa3-4d94-aa6c-e8e052b0a6f5:c2, 6e12a70d-a44a-4f5b-9ec5-f7c9b940dc20:c2, b46a1829-9c1c-43c9-8f23-f1cf878f156c:c2]
2019-10-04 15:34:17,690 [Thread-2267] INFO  client.GrpcClientProtocolService (GrpcClientProtocolService.java:lambda$processClientRequest$0(278)) - Failed RaftClientRequest:client-00EECBAB4D47->aa2f742d-1aa3-4d94-aa6c-e8e052b0a6f5@group-37BA3EDC0ABD, cid=67, seq=0, Watch-ALL_COMMITTED(18), Message:<EMPTY>, reply=RaftClientReply:client-00EECBAB4D47->aa2f742d-1aa3-4d94-aa6c-e8e052b0a6f5@group-37BA3EDC0ABD, cid=67, FAILED org.apache.ratis.protocol.NotReplicatedException: Request with call Id 67 and log index 18 is not yet replicated to ALL_COMMITTED, logIndex=18, commits[aa2f742d-1aa3-4d94-aa6c-e8e052b0a6f5:c2, 6e12a70d-a44a-4f5b-9ec5-f7c9b940dc20:c2, b46a1829-9c1c-43c9-8f23-f1cf878f156c:c2]
2019-10-04 15:34:17,690 [main] INFO  volume.VolumeSet (VolumeSet.java:initializeVolumeSet(170)) - Added Volume : /workdir/hadoop-ozone/integration-test/target/test-dir/MiniOzoneClusterImpl-b1993d2c-7d52-49f7-9e2e-29bde4de0e03/datanode-5/data/containers/hdds to VolumeSet
2019-10-04 15:34:17,693 [main] INFO  volume.ThrottledAsyncChecker (ThrottledAsyncChecker.java:schedule(139)) - Scheduling a check for org.apache.hadoop.ozone.container.common.volume.HddsVolume@2997ddfc
2019-10-04 15:34:17,694 [main] INFO  volume.HddsVolumeChecker (HddsVolumeChecker.java:checkAllVolumes(202)) - Scheduled health check for volume org.apache.hadoop.ozone.container.common.volume.HddsVolume@2997ddfc
2019-10-04 15:34:17,713 [grpc-default-executor-2] WARN  server.GrpcLogAppender (LogUtils.java:warn(134)) - aa2f742d-1aa3-4d94-aa6c-e8e052b0a6f5@group-37BA3EDC0ABD->b46a1829-9c1c-43c9-8f23-f1cf878f156c-AppendLogResponseHandler: Failed appendEntries: org.apache.ratis.thirdparty.io.grpc.StatusRuntimeException: UNAVAILABLE: io exception
2019-10-04 15:34:17,716 [grpc-default-executor-13] WARN  server.GrpcLogAppender (LogUtils.java:warn(134)) - aa2f742d-1aa3-4d94-aa6c-e8e052b0a6f5@group-37BA3EDC0ABD->6e12a70d-a44a-4f5b-9ec5-f7c9b940dc20-AppendLogResponseHandler: Failed appendEntries: org.apache.ratis.thirdparty.io.grpc.StatusRuntimeException: UNAVAILABLE: io exception
2019-10-04 15:34:17,716 [grpc-default-executor-2] INFO  impl.FollowerInfo (FollowerInfo.java:lambda$new$0(51)) - aa2f742d-1aa3-4d94-aa6c-e8e052b0a6f5@group-37BA3EDC0ABD->b46a1829-9c1c-43c9-8f23-f1cf878f156c: nextIndex: updateUnconditionally 0 -> 0
2019-10-04 15:34:17,716 [grpc-default-executor-13] INFO  impl.FollowerInfo (FollowerInfo.java:lambda$new$0(51)) - aa2f742d-1aa3-4d94-aa6c-e8e052b0a6f5@group-37BA3EDC0ABD->6e12a70d-a44a-4f5b-9ec5-f7c9b940dc20: nextIndex: updateUnconditionally 0 -> 0
2019-10-04 15:34:17,717 [main] INFO  impl.RaftServerProxy (ConfUtils.java:logGet(43)) - raft.rpc.type = GRPC (default)
2019-10-04 15:34:17,718 [main] INFO  grpc.GrpcFactory (GrpcFactory.java:checkPooledByteBufAllocatorUseCacheForAllThreads(45)) - PERFORMANCE WARNING: useCacheForAllThreads is true that may cause Netty to create a lot garbage objects and, as a result, trigger GC.
	It is recommended to disable useCacheForAllThreads by setting -Dorg.apache.ratis.thirdparty.io.netty.allocator.useCacheForAllThreads=false in command line.
2019-10-04 15:34:17,718 [main] INFO  grpc.GrpcConfigKeys$Server (ConfUtils.java:logGet(43)) - raft.grpc.server.port = 0 (default)
2019-10-04 15:34:17,718 [main] INFO  server.GrpcService (ConfUtils.java:logGet(43)) - raft.grpc.message.size.max = 33570816 (custom)
2019-10-04 15:34:17,718 [main] INFO  server.RaftServerConfigKeys (ConfUtils.java:logGet(43)) - raft.server.log.appender.buffer.byte-limit = 33554432 (custom)
2019-10-04 15:34:17,718 [main] INFO  server.GrpcService (ConfUtils.java:logGet(43)) - raft.grpc.flow.control.window = 1MB (=1048576) (default)
2019-10-04 15:34:17,718 [main] INFO  server.RaftServerConfigKeys (ConfUtils.java:logGet(43)) - raft.server.rpc.request.timeout = 3000ms (default)
2019-10-04 15:34:17,719 [main] INFO  server.RaftServerConfigKeys (ConfUtils.java:logGet(43)) - raft.server.storage.dir = [/workdir/hadoop-ozone/integration-test/target/test-dir/MiniOzoneClusterImpl-b1993d2c-7d52-49f7-9e2e-29bde4de0e03/datanode-5/data/ratis] (custom)
2019-10-04 15:34:17,720 [main] INFO  hdfs.DFSUtil (DFSUtil.java:httpServerTemplateForNNAndJN(1641)) - Starting Web-server for hddsDatanode at: http://0.0.0.0:0
2019-10-04 15:34:17,721 [main] INFO  server.AuthenticationFilter (AuthenticationFilter.java:constructSecretProvider(240)) - Unable to initialize FileSignerSecretProvider, falling back to use random secrets.
2019-10-04 15:34:17,721 [main] WARN  http.HttpRequestLog (HttpRequestLog.java:getRequestLog(97)) - Jetty request log can only be enabled using Log4j
2019-10-04 15:34:17,722 [main] INFO  http.HttpServer2 (HttpServer2.java:addGlobalFilter(975)) - Added global filter 'safety' (class=org.apache.hadoop.http.HttpServer2$QuotingInputFilter)
2019-10-04 15:34:17,723 [main] INFO  http.HttpServer2 (HttpServer2.java:addFilter(948)) - Added filter static_user_filter (class=org.apache.hadoop.http.lib.StaticUserWebFilter$StaticUserFilter) to context hddsDatanode
2019-10-04 15:34:17,723 [main] INFO  http.HttpServer2 (HttpServer2.java:addFilter(958)) - Added filter static_user_filter (class=org.apache.hadoop.http.lib.StaticUserWebFilter$StaticUserFilter) to context logs
2019-10-04 15:34:17,723 [main] INFO  http.HttpServer2 (HttpServer2.java:addFilter(958)) - Added filter static_user_filter (class=org.apache.hadoop.http.lib.StaticUserWebFilter$StaticUserFilter) to context static
2019-10-04 15:34:17,724 [main] INFO  http.HttpServer2 (HttpServer2.java:bindListener(1191)) - Jetty bound to port 36891
2019-10-04 15:34:17,724 [main] INFO  server.Server (Server.java:doStart(351)) - jetty-9.3.25.v20180904, build timestamp: 2018-09-04T21:11:46Z, git hash: 3ce520221d0240229c862b122d2b06c12a625732
2019-10-04 15:34:17,726 [main] INFO  handler.ContextHandler (ContextHandler.java:doStart(781)) - Started o.e.j.s.ServletContextHandler@7a64cb0c{/logs,file:///workdir/hadoop-ozone/integration-test/target/log,AVAILABLE}
2019-10-04 15:34:17,726 [main] INFO  handler.ContextHandler (ContextHandler.java:doStart(781)) - Started o.e.j.s.ServletContextHandler@6c4ce583{/static,jar:file:/home/user/.m2/repository/org/apache/hadoop/hadoop-hdds-container-service/0.5.0-SNAPSHOT/hadoop-hdds-container-service-0.5.0-SNAPSHOT.jar!/webapps/static,AVAILABLE}
2019-10-04 15:34:17,754 [main] INFO  handler.ContextHandler (ContextHandler.java:doStart(781)) - Started o.e.j.w.WebAppContext@70b48eb3{/,file:///tmp/jetty-0.0.0.0-36891-hddsDatanode-_-any-1048909185941146428.dir/webapp/,AVAILABLE}{/hddsDatanode}
2019-10-04 15:34:17,754 [main] INFO  server.AbstractConnector (AbstractConnector.java:doStart(278)) - Started ServerConnector@7b8ea1db{HTTP/1.1,[http/1.1]}{0.0.0.0:36891}
2019-10-04 15:34:17,757 [main] INFO  server.Server (Server.java:doStart(419)) - Started @199875ms
2019-10-04 15:34:17,757 [main] WARN  impl.MetricsSystemImpl (MetricsSystemImpl.java:register(276)) - Sink prometheus already exists!
2019-10-04 15:34:17,758 [main] INFO  server.BaseHttpServer (BaseHttpServer.java:updateConnectorAddress(215)) - HTTP server of HDDSDATANODE is listening at http://0.0.0.0:36891
2019-10-04 15:34:17,758 [main] INFO  impl.MetricsSystemImpl (MetricsSystemImpl.java:init(158)) - HddsDatanode metrics system started (again)
2019-10-04 15:34:17,780 [org.apache.hadoop.util.JvmPauseMonitor$Monitor@57b8f60] INFO  util.JvmPauseMonitor (JvmPauseMonitor.java:run(188)) - Starting JVM pause monitor
2019-10-04 15:34:17,781 [main] INFO  ozone.HddsDatanodeService (HddsDatanodeService.java:start(184)) - HddsDatanodeService host:pr-hdds-2237-hhfs2-232792562 ip:192.168.164.204
2019-10-04 15:34:17,782 [Datanode State Machine Thread - 0] INFO  datanode.InitDatanodeState (InitDatanodeState.java:persistContainerDatanodeDetails(140)) - DatanodeDetails is persisted to /workdir/hadoop-ozone/integration-test/target/test-dir/MiniOzoneClusterImpl-b1993d2c-7d52-49f7-9e2e-29bde4de0e03/datanode-5/meta/datanode.id
2019-10-04 15:34:17,791 [main] INFO  volume.HddsVolume (HddsVolume.java:<init>(176)) - Creating Volume: /workdir/hadoop-ozone/integration-test/target/test-dir/MiniOzoneClusterImpl-b1993d2c-7d52-49f7-9e2e-29bde4de0e03/datanode-6/data/containers/hdds of  storage type : DISK and capacity : 1482555576320
2019-10-04 15:34:17,791 [main] INFO  volume.VolumeSet (VolumeSet.java:initializeVolumeSet(170)) - Added Volume : /workdir/hadoop-ozone/integration-test/target/test-dir/MiniOzoneClusterImpl-b1993d2c-7d52-49f7-9e2e-29bde4de0e03/datanode-6/data/containers/hdds to VolumeSet
2019-10-04 15:34:17,792 [main] INFO  volume.ThrottledAsyncChecker (ThrottledAsyncChecker.java:schedule(139)) - Scheduling a check for org.apache.hadoop.ozone.container.common.volume.HddsVolume@5a30722c
2019-10-04 15:34:17,792 [main] INFO  volume.HddsVolumeChecker (HddsVolumeChecker.java:checkAllVolumes(202)) - Scheduled health check for volume org.apache.hadoop.ozone.container.common.volume.HddsVolume@5a30722c
2019-10-04 15:34:17,806 [main] INFO  impl.RaftServerProxy (ConfUtils.java:logGet(43)) - raft.rpc.type = GRPC (default)
2019-10-04 15:34:17,806 [main] INFO  grpc.GrpcFactory (GrpcFactory.java:checkPooledByteBufAllocatorUseCacheForAllThreads(45)) - PERFORMANCE WARNING: useCacheForAllThreads is true that may cause Netty to create a lot garbage objects and, as a result, trigger GC.
	It is recommended to disable useCacheForAllThreads by setting -Dorg.apache.ratis.thirdparty.io.netty.allocator.useCacheForAllThreads=false in command line.
2019-10-04 15:34:17,806 [main] INFO  grpc.GrpcConfigKeys$Server (ConfUtils.java:logGet(43)) - raft.grpc.server.port = 0 (default)
2019-10-04 15:34:17,807 [main] INFO  server.GrpcService (ConfUtils.java:logGet(43)) - raft.grpc.message.size.max = 33570816 (custom)
2019-10-04 15:34:17,807 [main] INFO  server.RaftServerConfigKeys (ConfUtils.java:logGet(43)) - raft.server.log.appender.buffer.byte-limit = 33554432 (custom)
2019-10-04 15:34:17,807 [main] INFO  server.GrpcService (ConfUtils.java:logGet(43)) - raft.grpc.flow.control.window = 1MB (=1048576) (default)
2019-10-04 15:34:17,807 [main] INFO  server.RaftServerConfigKeys (ConfUtils.java:logGet(43)) - raft.server.rpc.request.timeout = 3000ms (default)
2019-10-04 15:34:17,808 [main] INFO  server.RaftServerConfigKeys (ConfUtils.java:logGet(43)) - raft.server.storage.dir = [/workdir/hadoop-ozone/integration-test/target/test-dir/MiniOzoneClusterImpl-b1993d2c-7d52-49f7-9e2e-29bde4de0e03/datanode-6/data/ratis] (custom)
2019-10-04 15:34:17,809 [main] INFO  hdfs.DFSUtil (DFSUtil.java:httpServerTemplateForNNAndJN(1641)) - Starting Web-server for hddsDatanode at: http://0.0.0.0:0
2019-10-04 15:34:17,810 [main] INFO  server.AuthenticationFilter (AuthenticationFilter.java:constructSecretProvider(240)) - Unable to initialize FileSignerSecretProvider, falling back to use random secrets.
2019-10-04 15:34:17,810 [main] WARN  http.HttpRequestLog (HttpRequestLog.java:getRequestLog(97)) - Jetty request log can only be enabled using Log4j
2019-10-04 15:34:17,811 [main] INFO  http.HttpServer2 (HttpServer2.java:addGlobalFilter(975)) - Added global filter 'safety' (class=org.apache.hadoop.http.HttpServer2$QuotingInputFilter)
2019-10-04 15:34:17,812 [main] INFO  http.HttpServer2 (HttpServer2.java:addFilter(948)) - Added filter static_user_filter (class=org.apache.hadoop.http.lib.StaticUserWebFilter$StaticUserFilter) to context hddsDatanode
2019-10-04 15:34:17,812 [main] INFO  http.HttpServer2 (HttpServer2.java:addFilter(958)) - Added filter static_user_filter (class=org.apache.hadoop.http.lib.StaticUserWebFilter$StaticUserFilter) to context static
2019-10-04 15:34:17,812 [main] INFO  http.HttpServer2 (HttpServer2.java:addFilter(958)) - Added filter static_user_filter (class=org.apache.hadoop.http.lib.StaticUserWebFilter$StaticUserFilter) to context logs
2019-10-04 15:34:17,813 [main] INFO  http.HttpServer2 (HttpServer2.java:bindListener(1191)) - Jetty bound to port 46441
2019-10-04 15:34:17,813 [main] INFO  server.Server (Server.java:doStart(351)) - jetty-9.3.25.v20180904, build timestamp: 2018-09-04T21:11:46Z, git hash: 3ce520221d0240229c862b122d2b06c12a625732
2019-10-04 15:34:17,815 [main] INFO  handler.ContextHandler (ContextHandler.java:doStart(781)) - Started o.e.j.s.ServletContextHandler@6fbf5db2{/logs,file:///workdir/hadoop-ozone/integration-test/target/log,AVAILABLE}
2019-10-04 15:34:17,815 [main] INFO  handler.ContextHandler (ContextHandler.java:doStart(781)) - Started o.e.j.s.ServletContextHandler@57cabdc3{/static,jar:file:/home/user/.m2/repository/org/apache/hadoop/hadoop-hdds-container-service/0.5.0-SNAPSHOT/hadoop-hdds-container-service-0.5.0-SNAPSHOT.jar!/webapps/static,AVAILABLE}
2019-10-04 15:34:17,844 [main] INFO  handler.ContextHandler (ContextHandler.java:doStart(781)) - Started o.e.j.w.WebAppContext@7eb27768{/,file:///tmp/jetty-0.0.0.0-46441-hddsDatanode-_-any-5700200508229102517.dir/webapp/,AVAILABLE}{/hddsDatanode}
2019-10-04 15:34:17,844 [main] INFO  server.AbstractConnector (AbstractConnector.java:doStart(278)) - Started ServerConnector@6169be09{HTTP/1.1,[http/1.1]}{0.0.0.0:46441}
2019-10-04 15:34:17,850 [main] INFO  server.Server (Server.java:doStart(419)) - Started @199968ms
2019-10-04 15:34:17,850 [main] WARN  impl.MetricsSystemImpl (MetricsSystemImpl.java:register(276)) - Sink prometheus already exists!
2019-10-04 15:34:17,851 [main] INFO  server.BaseHttpServer (BaseHttpServer.java:updateConnectorAddress(215)) - HTTP server of HDDSDATANODE is listening at http://0.0.0.0:46441
2019-10-04 15:34:17,851 [main] INFO  ozone.MiniOzoneClusterImpl (MiniOzoneClusterImpl.java:lambda$waitForClusterToBeReady$0(147)) - Waiting for cluster to be ready. Got 0 of 7 DN Heartbeats.
2019-10-04 15:34:17,852 [org.apache.hadoop.util.JvmPauseMonitor$Monitor@38d7b628] INFO  util.JvmPauseMonitor (JvmPauseMonitor.java:run(188)) - Starting JVM pause monitor
2019-10-04 15:34:17,854 [Datanode State Machine Thread - 0] INFO  datanode.InitDatanodeState (InitDatanodeState.java:persistContainerDatanodeDetails(140)) - DatanodeDetails is persisted to /workdir/hadoop-ozone/integration-test/target/test-dir/MiniOzoneClusterImpl-b1993d2c-7d52-49f7-9e2e-29bde4de0e03/datanode-6/meta/datanode.id
2019-10-04 15:34:18,852 [main] INFO  ozone.MiniOzoneClusterImpl (MiniOzoneClusterImpl.java:lambda$waitForClusterToBeReady$0(147)) - Waiting for cluster to be ready. Got 0 of 7 DN Heartbeats.
2019-10-04 15:34:19,368 [Datanode State Machine Thread - 0] INFO  ozoneimpl.OzoneContainer (OzoneContainer.java:start(217)) - Attempting to start container services.
2019-10-04 15:34:19,369 [Datanode State Machine Thread - 0] INFO  ozoneimpl.OzoneContainer (OzoneContainer.java:startContainerScrub(179)) - Background container scanner has been disabled.
2019-10-04 15:34:19,369 [Datanode State Machine Thread - 0] INFO  ratis.XceiverServerRatis (XceiverServerRatis.java:start(417)) - Starting XceiverServerRatis 59834e59-7e39-4205-a300-511f4dc727fc at port 0
2019-10-04 15:34:19,375 [Datanode State Machine Thread - 0] INFO  impl.RaftServerProxy (RaftServerProxy.java:lambda$start$3(299)) - 59834e59-7e39-4205-a300-511f4dc727fc: start RPC server
2019-10-04 15:34:19,376 [Datanode State Machine Thread - 0] INFO  server.GrpcService (GrpcService.java:startImpl(158)) - 59834e59-7e39-4205-a300-511f4dc727fc: GrpcService started, listening on 0.0.0.0/0.0.0.0:42819
2019-10-04 15:34:19,376 [Datanode State Machine Thread - 0] INFO  ratis.XceiverServerRatis (XceiverServerRatis.java:start(427)) - XceiverServerRatis 59834e59-7e39-4205-a300-511f4dc727fc is started using port 42819
2019-10-04 15:34:19,377 [Datanode State Machine Thread - 0] INFO  server.XceiverServerGrpc (XceiverServerGrpc.java:start(149)) - XceiverServerGrpc 59834e59-7e39-4205-a300-511f4dc727fc is started using port 44339
2019-10-04 15:34:19,416 [Datanode State Machine Thread - 0] INFO  ozoneimpl.OzoneContainer (OzoneContainer.java:start(217)) - Attempting to start container services.
2019-10-04 15:34:19,417 [Datanode State Machine Thread - 0] INFO  ozoneimpl.OzoneContainer (OzoneContainer.java:startContainerScrub(179)) - Background container scanner has been disabled.
2019-10-04 15:34:19,417 [Datanode State Machine Thread - 0] INFO  ratis.XceiverServerRatis (XceiverServerRatis.java:start(417)) - Starting XceiverServerRatis 561132ce-6699-4b2e-bc36-b94b11377070 at port 0
2019-10-04 15:34:19,423 [Datanode State Machine Thread - 0] INFO  impl.RaftServerProxy (RaftServerProxy.java:lambda$start$3(299)) - 561132ce-6699-4b2e-bc36-b94b11377070: start RPC server
2019-10-04 15:34:19,424 [Datanode State Machine Thread - 0] INFO  server.GrpcService (GrpcService.java:startImpl(158)) - 561132ce-6699-4b2e-bc36-b94b11377070: GrpcService started, listening on 0.0.0.0/0.0.0.0:39340
2019-10-04 15:34:19,424 [Datanode State Machine Thread - 0] INFO  ratis.XceiverServerRatis (XceiverServerRatis.java:start(427)) - XceiverServerRatis 561132ce-6699-4b2e-bc36-b94b11377070 is started using port 39340
2019-10-04 15:34:19,424 [Datanode State Machine Thread - 0] INFO  server.XceiverServerGrpc (XceiverServerGrpc.java:start(149)) - XceiverServerGrpc 561132ce-6699-4b2e-bc36-b94b11377070 is started using port 41497
2019-10-04 15:34:19,512 [Datanode State Machine Thread - 0] INFO  ozoneimpl.OzoneContainer (OzoneContainer.java:start(217)) - Attempting to start container services.
2019-10-04 15:34:19,512 [Datanode State Machine Thread - 0] INFO  ozoneimpl.OzoneContainer (OzoneContainer.java:startContainerScrub(179)) - Background container scanner has been disabled.
2019-10-04 15:34:19,512 [Datanode State Machine Thread - 0] INFO  ratis.XceiverServerRatis (XceiverServerRatis.java:start(417)) - Starting XceiverServerRatis 368fef35-84f3-443f-9dd6-61671900f185 at port 0
2019-10-04 15:34:19,519 [Datanode State Machine Thread - 0] INFO  impl.RaftServerProxy (RaftServerProxy.java:lambda$start$3(299)) - 368fef35-84f3-443f-9dd6-61671900f185: start RPC server
2019-10-04 15:34:19,520 [Datanode State Machine Thread - 0] INFO  server.GrpcService (GrpcService.java:startImpl(158)) - 368fef35-84f3-443f-9dd6-61671900f185: GrpcService started, listening on 0.0.0.0/0.0.0.0:34675
2019-10-04 15:34:19,520 [Datanode State Machine Thread - 0] INFO  ratis.XceiverServerRatis (XceiverServerRatis.java:start(427)) - XceiverServerRatis 368fef35-84f3-443f-9dd6-61671900f185 is started using port 34675
2019-10-04 15:34:19,521 [Datanode State Machine Thread - 0] INFO  server.XceiverServerGrpc (XceiverServerGrpc.java:start(149)) - XceiverServerGrpc 368fef35-84f3-443f-9dd6-61671900f185 is started using port 35081
2019-10-04 15:34:19,598 [Datanode State Machine Thread - 0] INFO  ozoneimpl.OzoneContainer (OzoneContainer.java:start(217)) - Attempting to start container services.
2019-10-04 15:34:19,598 [Datanode State Machine Thread - 0] INFO  ozoneimpl.OzoneContainer (OzoneContainer.java:startContainerScrub(179)) - Background container scanner has been disabled.
2019-10-04 15:34:19,598 [Datanode State Machine Thread - 0] INFO  ratis.XceiverServerRatis (XceiverServerRatis.java:start(417)) - Starting XceiverServerRatis bac0eeae-2796-4ae4-8adb-79ef1733d58f at port 0
2019-10-04 15:34:19,609 [Datanode State Machine Thread - 0] INFO  impl.RaftServerProxy (RaftServerProxy.java:lambda$start$3(299)) - bac0eeae-2796-4ae4-8adb-79ef1733d58f: start RPC server
2019-10-04 15:34:19,610 [Datanode State Machine Thread - 0] INFO  server.GrpcService (GrpcService.java:startImpl(158)) - bac0eeae-2796-4ae4-8adb-79ef1733d58f: GrpcService started, listening on 0.0.0.0/0.0.0.0:33474
2019-10-04 15:34:19,610 [Datanode State Machine Thread - 0] INFO  ratis.XceiverServerRatis (XceiverServerRatis.java:start(427)) - XceiverServerRatis bac0eeae-2796-4ae4-8adb-79ef1733d58f is started using port 33474
2019-10-04 15:34:19,611 [Datanode State Machine Thread - 0] INFO  server.XceiverServerGrpc (XceiverServerGrpc.java:start(149)) - XceiverServerGrpc bac0eeae-2796-4ae4-8adb-79ef1733d58f is started using port 45545
2019-10-04 15:34:19,691 [Datanode State Machine Thread - 0] INFO  ozoneimpl.OzoneContainer (OzoneContainer.java:start(217)) - Attempting to start container services.
2019-10-04 15:34:19,691 [Datanode State Machine Thread - 0] INFO  ozoneimpl.OzoneContainer (OzoneContainer.java:startContainerScrub(179)) - Background container scanner has been disabled.
2019-10-04 15:34:19,692 [Datanode State Machine Thread - 0] INFO  ratis.XceiverServerRatis (XceiverServerRatis.java:start(417)) - Starting XceiverServerRatis 41b90895-f921-4588-baed-64b7c94401df at port 0
2019-10-04 15:34:19,699 [Datanode State Machine Thread - 0] INFO  impl.RaftServerProxy (RaftServerProxy.java:lambda$start$3(299)) - 41b90895-f921-4588-baed-64b7c94401df: start RPC server
2019-10-04 15:34:19,700 [Datanode State Machine Thread - 0] INFO  server.GrpcService (GrpcService.java:startImpl(158)) - 41b90895-f921-4588-baed-64b7c94401df: GrpcService started, listening on 0.0.0.0/0.0.0.0:34440
2019-10-04 15:34:19,700 [Datanode State Machine Thread - 0] INFO  ratis.XceiverServerRatis (XceiverServerRatis.java:start(427)) - XceiverServerRatis 41b90895-f921-4588-baed-64b7c94401df is started using port 34440
2019-10-04 15:34:19,700 [Datanode State Machine Thread - 0] INFO  server.XceiverServerGrpc (XceiverServerGrpc.java:start(149)) - XceiverServerGrpc 41b90895-f921-4588-baed-64b7c94401df is started using port 33684
2019-10-04 15:34:19,795 [Datanode State Machine Thread - 0] INFO  ozoneimpl.OzoneContainer (OzoneContainer.java:start(217)) - Attempting to start container services.
2019-10-04 15:34:19,796 [Datanode State Machine Thread - 0] INFO  ozoneimpl.OzoneContainer (OzoneContainer.java:startContainerScrub(179)) - Background container scanner has been disabled.
2019-10-04 15:34:19,796 [Datanode State Machine Thread - 0] INFO  ratis.XceiverServerRatis (XceiverServerRatis.java:start(417)) - Starting XceiverServerRatis 40538270-ed87-41a8-8881-814cf78c0432 at port 0
2019-10-04 15:34:19,803 [Datanode State Machine Thread - 0] INFO  impl.RaftServerProxy (RaftServerProxy.java:lambda$start$3(299)) - 40538270-ed87-41a8-8881-814cf78c0432: start RPC server
2019-10-04 15:34:19,804 [Datanode State Machine Thread - 0] INFO  server.GrpcService (GrpcService.java:startImpl(158)) - 40538270-ed87-41a8-8881-814cf78c0432: GrpcService started, listening on 0.0.0.0/0.0.0.0:40555
2019-10-04 15:34:19,804 [Datanode State Machine Thread - 0] INFO  ratis.XceiverServerRatis (XceiverServerRatis.java:start(427)) - XceiverServerRatis 40538270-ed87-41a8-8881-814cf78c0432 is started using port 40555
2019-10-04 15:34:19,804 [Datanode State Machine Thread - 0] INFO  server.XceiverServerGrpc (XceiverServerGrpc.java:start(149)) - XceiverServerGrpc 40538270-ed87-41a8-8881-814cf78c0432 is started using port 41330
2019-10-04 15:34:19,854 [main] INFO  ozone.MiniOzoneClusterImpl (MiniOzoneClusterImpl.java:lambda$waitForClusterToBeReady$0(147)) - Waiting for cluster to be ready. Got 0 of 7 DN Heartbeats.
2019-10-04 15:34:19,867 [Datanode State Machine Thread - 0] INFO  ozoneimpl.OzoneContainer (OzoneContainer.java:start(217)) - Attempting to start container services.
2019-10-04 15:34:19,867 [Datanode State Machine Thread - 0] INFO  ozoneimpl.OzoneContainer (OzoneContainer.java:startContainerScrub(179)) - Background container scanner has been disabled.
2019-10-04 15:34:19,867 [Datanode State Machine Thread - 0] INFO  ratis.XceiverServerRatis (XceiverServerRatis.java:start(417)) - Starting XceiverServerRatis 71681165-ab15-42b2-9386-d2e42f7ae29e at port 0
2019-10-04 15:34:19,874 [Datanode State Machine Thread - 0] INFO  impl.RaftServerProxy (RaftServerProxy.java:lambda$start$3(299)) - 71681165-ab15-42b2-9386-d2e42f7ae29e: start RPC server
2019-10-04 15:34:19,874 [Datanode State Machine Thread - 0] INFO  server.GrpcService (GrpcService.java:startImpl(158)) - 71681165-ab15-42b2-9386-d2e42f7ae29e: GrpcService started, listening on 0.0.0.0/0.0.0.0:35241
2019-10-04 15:34:19,875 [Datanode State Machine Thread - 0] INFO  ratis.XceiverServerRatis (XceiverServerRatis.java:start(427)) - XceiverServerRatis 71681165-ab15-42b2-9386-d2e42f7ae29e is started using port 35241
2019-10-04 15:34:19,875 [Datanode State Machine Thread - 0] INFO  server.XceiverServerGrpc (XceiverServerGrpc.java:start(149)) - XceiverServerGrpc 71681165-ab15-42b2-9386-d2e42f7ae29e is started using port 42836
2019-10-04 15:34:20,213 [grpc-default-executor-14] WARN  server.GrpcLogAppender (LogUtils.java:warn(134)) - aa2f742d-1aa3-4d94-aa6c-e8e052b0a6f5@group-37BA3EDC0ABD->b46a1829-9c1c-43c9-8f23-f1cf878f156c-AppendLogResponseHandler: Failed appendEntries: org.apache.ratis.thirdparty.io.grpc.StatusRuntimeException: UNAVAILABLE: io exception
2019-10-04 15:34:20,213 [grpc-default-executor-6] WARN  server.GrpcLogAppender (LogUtils.java:warn(134)) - aa2f742d-1aa3-4d94-aa6c-e8e052b0a6f5@group-37BA3EDC0ABD->6e12a70d-a44a-4f5b-9ec5-f7c9b940dc20-AppendLogResponseHandler: Failed appendEntries: org.apache.ratis.thirdparty.io.grpc.StatusRuntimeException: UNAVAILABLE: io exception
2019-10-04 15:34:20,214 [grpc-default-executor-14] INFO  impl.FollowerInfo (FollowerInfo.java:lambda$new$0(51)) - aa2f742d-1aa3-4d94-aa6c-e8e052b0a6f5@group-37BA3EDC0ABD->b46a1829-9c1c-43c9-8f23-f1cf878f156c: nextIndex: updateUnconditionally 0 -> 0
2019-10-04 15:34:20,214 [grpc-default-executor-6] INFO  impl.FollowerInfo (FollowerInfo.java:lambda$new$0(51)) - aa2f742d-1aa3-4d94-aa6c-e8e052b0a6f5@group-37BA3EDC0ABD->6e12a70d-a44a-4f5b-9ec5-f7c9b940dc20: nextIndex: updateUnconditionally 0 -> 0
2019-10-04 15:34:20,854 [main] INFO  ozone.MiniOzoneClusterImpl (MiniOzoneClusterImpl.java:lambda$waitForClusterToBeReady$0(147)) - Waiting for cluster to be ready. Got 0 of 7 DN Heartbeats.
2019-10-04 15:34:21,308 [IPC Server handler 2 on 43209] INFO  net.NetworkTopology (NetworkTopologyImpl.java:add(111)) - Added a new node: /default-rack/59834e59-7e39-4205-a300-511f4dc727fc
2019-10-04 15:34:21,311 [IPC Server handler 2 on 43209] INFO  node.SCMNodeManager (SCMNodeManager.java:register(266)) - Registered Data node : 59834e59-7e39-4205-a300-511f4dc727fc{ip: 192.168.164.204, host: pr-hdds-2237-hhfs2-232792562, networkLocation: /default-rack, certSerialId: null}
2019-10-04 15:34:21,312 [EventQueue-NodeRegistrationContainerReportForDataNodeSafeModeRule] INFO  safemode.SCMSafeModeManager (DataNodeSafeModeRule.java:process(71)) - SCM in safe mode. 1 DataNodes registered, 1 required.
2019-10-04 15:34:21,315 [EventQueue-NodeRegistrationContainerReportForDataNodeSafeModeRule] INFO  safemode.SCMSafeModeManager (SCMSafeModeManager.java:validateSafeModeExitRules(177)) - ScmSafeModeManager, all rules are successfully validated
2019-10-04 15:34:21,315 [EventQueue-NodeRegistrationContainerReportForDataNodeSafeModeRule] INFO  safemode.SCMSafeModeManager (SCMSafeModeManager.java:exitSafeMode(193)) - SCM exiting safe mode.
2019-10-04 15:34:21,327 [grpc-default-executor-6] INFO  impl.RaftServerProxy (RaftServerProxy.java:addNew(89)) - 59834e59-7e39-4205-a300-511f4dc727fc: addNew group-8B110601D498:[59834e59-7e39-4205-a300-511f4dc727fc:192.168.164.204:42819] returns group-8B110601D498:java.util.concurrent.CompletableFuture@29b7746d[Not completed]
2019-10-04 15:34:21,330 [pool-383-thread-1] INFO  impl.RaftServerImpl (RaftServerImpl.java:<init>(95)) - 59834e59-7e39-4205-a300-511f4dc727fc: new RaftServerImpl for group-8B110601D498:[59834e59-7e39-4205-a300-511f4dc727fc:192.168.164.204:42819] with ContainerStateMachine:uninitialized
2019-10-04 15:34:21,330 [pool-383-thread-1] INFO  server.RaftServerConfigKeys (ConfUtils.java:logGet(43)) - raft.server.rpc.timeout.min = 5s (custom)
2019-10-04 15:34:21,330 [pool-383-thread-1] INFO  server.RaftServerConfigKeys (ConfUtils.java:logGet(43)) - raft.server.rpc.timeout.max = 5200ms (custom)
2019-10-04 15:34:21,330 [pool-383-thread-1] INFO  server.RaftServerConfigKeys (ConfUtils.java:logGet(43)) - raft.server.rpcslowness.timeout = 120s (custom)
2019-10-04 15:34:21,330 [pool-383-thread-1] INFO  server.RaftServerConfigKeys (ConfUtils.java:logGet(43)) - raft.server.sleep.deviation.threshold = 300 (default)
2019-10-04 15:34:21,331 [pool-383-thread-1] INFO  server.RaftServerConfigKeys (ConfUtils.java:logGet(43)) - raft.server.log.appender.install.snapshot.enabled = false (custom)
2019-10-04 15:34:21,331 [pool-383-thread-1] INFO  impl.RaftServerImpl (ServerState.java:<init>(103)) - 59834e59-7e39-4205-a300-511f4dc727fc@group-8B110601D498: ConfigurationManager, init=-1: [59834e59-7e39-4205-a300-511f4dc727fc:192.168.164.204:42819], old=null, confs=<EMPTY_MAP>
2019-10-04 15:34:21,331 [pool-383-thread-1] INFO  server.RaftServerConfigKeys (ConfUtils.java:logGet(43)) - raft.server.storage.dir = [/workdir/hadoop-ozone/integration-test/target/test-dir/MiniOzoneClusterImpl-b1993d2c-7d52-49f7-9e2e-29bde4de0e03/datanode-0/data/ratis] (custom)
2019-10-04 15:34:21,331 [pool-383-thread-1] INFO  server.RaftServerConfigKeys (ConfUtils.java:logGet(43)) - raft.server.log.corruption.policy = EXCEPTION (default)
2019-10-04 15:34:21,332 [pool-383-thread-1] INFO  storage.RaftStorageDirectory (RaftStorageDirectory.java:analyzeStorage(246)) - The storage directory /workdir/hadoop-ozone/integration-test/target/test-dir/MiniOzoneClusterImpl-b1993d2c-7d52-49f7-9e2e-29bde4de0e03/datanode-0/data/ratis/270c6aee-7638-4b14-b8a5-8b110601d498 does not exist. Creating ...
2019-10-04 15:34:21,345 [pool-383-thread-1] INFO  storage.RaftStorageDirectory (RaftStorageDirectory.java:tryLock(328)) - Lock on /workdir/hadoop-ozone/integration-test/target/test-dir/MiniOzoneClusterImpl-b1993d2c-7d52-49f7-9e2e-29bde4de0e03/datanode-0/data/ratis/270c6aee-7638-4b14-b8a5-8b110601d498/in_use.lock acquired by nodename 17050@pr-hdds-2237-hhfs2-232792562
2019-10-04 15:34:21,358 [pool-383-thread-1] INFO  storage.RaftStorage (RaftStorage.java:format(84)) - Storage directory /workdir/hadoop-ozone/integration-test/target/test-dir/MiniOzoneClusterImpl-b1993d2c-7d52-49f7-9e2e-29bde4de0e03/datanode-0/data/ratis/270c6aee-7638-4b14-b8a5-8b110601d498 has been successfully formatted.
2019-10-04 15:34:21,359 [pool-383-thread-1] INFO  ratis.ContainerStateMachine (ContainerStateMachine.java:loadSnapshot(230)) - group-8B110601D498: The snapshot info is null. Setting the last applied indexto:(t:0, i:~)
2019-10-04 15:34:21,359 [pool-383-thread-1] INFO  server.RaftServerConfigKeys (ConfUtils.java:logGet(43)) - raft.server.notification.no-leader.timeout = 120s (custom)
2019-10-04 15:34:21,359 [pool-383-thread-1] INFO  server.RaftServerConfigKeys (ConfUtils.java:logGet(43)) - raft.server.log.use.memory = false (default)
2019-10-04 15:34:21,359 [pool-383-thread-1] INFO  server.RaftServerConfigKeys (ConfUtils.java:logGet(43)) - raft.server.log.purge.gap = 1000000 (custom)
2019-10-04 15:34:21,359 [pool-383-thread-1] INFO  server.RaftServerConfigKeys (ConfUtils.java:logGet(43)) - raft.server.log.appender.buffer.byte-limit = 33554432 (custom)
2019-10-04 15:34:21,359 [pool-383-thread-1] INFO  server.RaftServerConfigKeys (ConfUtils.java:logGet(43)) - raft.server.log.segment.size.max = 1048576 (custom)
2019-10-04 15:34:21,361 [pool-383-thread-1] INFO  server.RaftServerConfigKeys (ConfUtils.java:logGet(43)) - raft.server.log.segment.cache.num.max = 2 (custom)
2019-10-04 15:34:21,362 [pool-383-thread-1] INFO  segmented.SegmentedRaftLogWorker (SegmentedRaftLogWorker.java:<init>(173)) - new 59834e59-7e39-4205-a300-511f4dc727fc@group-8B110601D498-SegmentedRaftLogWorker for RaftStorage:Storage Directory /workdir/hadoop-ozone/integration-test/target/test-dir/MiniOzoneClusterImpl-b1993d2c-7d52-49f7-9e2e-29bde4de0e03/datanode-0/data/ratis/270c6aee-7638-4b14-b8a5-8b110601d498
2019-10-04 15:34:21,362 [pool-383-thread-1] INFO  server.RaftServerConfigKeys (ConfUtils.java:logGet(43)) - raft.server.log.queue.byte-limit = 2147483647 (custom)
2019-10-04 15:34:21,362 [pool-383-thread-1] INFO  server.RaftServerConfigKeys (ConfUtils.java:logGet(43)) - raft.server.log.queue.element-limit = 1024 (custom)
2019-10-04 15:34:21,362 [pool-383-thread-1] INFO  server.RaftServerConfigKeys (ConfUtils.java:logGet(43)) - raft.server.log.segment.size.max = 1048576 (custom)
2019-10-04 15:34:21,362 [pool-383-thread-1] INFO  server.RaftServerConfigKeys (ConfUtils.java:logGet(43)) - raft.server.log.preallocated.size = 16384 (custom)
2019-10-04 15:34:21,362 [pool-383-thread-1] INFO  server.RaftServerConfigKeys (ConfUtils.java:logGet(43)) - raft.server.log.write.buffer.size = 33554432 (custom)
2019-10-04 15:34:21,362 [pool-383-thread-1] INFO  server.RaftServerConfigKeys (ConfUtils.java:logGet(43)) - raft.server.log.force.sync.num = 128 (default)
2019-10-04 15:34:21,362 [pool-383-thread-1] INFO  server.RaftServerConfigKeys (ConfUtils.java:logGet(43)) - raft.server.log.statemachine.data.sync = true (default)
2019-10-04 15:34:21,363 [pool-383-thread-1] INFO  server.RaftServerConfigKeys (ConfUtils.java:logGet(43)) - raft.server.log.statemachine.data.sync.timeout = 10s (default)
2019-10-04 15:34:21,363 [pool-383-thread-1] INFO  server.RaftServerConfigKeys (ConfUtils.java:logGet(43)) - raft.server.log.statemachine.data.sync.timeout.retry = -1 (default)
2019-10-04 15:34:21,363 [pool-383-thread-1] INFO  server.RaftServerConfigKeys (ConfUtils.java:logGet(43)) - raft.server.log.statemachine.data.caching.enabled = true (custom)
2019-10-04 15:34:21,363 [pool-383-thread-1] INFO  segmented.SegmentedRaftLogWorker (SegmentedRaftLogWorker.java:lambda$new$0(128)) - 59834e59-7e39-4205-a300-511f4dc727fc@group-8B110601D498-SegmentedRaftLogWorker: flushIndex: setUnconditionally 0 -> -1
2019-10-04 15:34:21,364 [pool-383-thread-1] INFO  server.RaftServerConfigKeys (ConfUtils.java:logGet(43)) - raft.server.snapshot.auto.trigger.enabled = true (custom)
2019-10-04 15:34:21,364 [pool-383-thread-1] INFO  server.RaftServerConfigKeys (ConfUtils.java:logGet(43)) - raft.server.snapshot.auto.trigger.threshold = 10000 (custom)
2019-10-04 15:34:21,364 [pool-383-thread-1] INFO  server.RaftServerConfigKeys (ConfUtils.java:logGet(43)) - raft.server.snapshot.retention.file.num = 5 (custom)
2019-10-04 15:34:21,364 [pool-383-thread-1] INFO  server.RaftServerConfigKeys (ConfUtils.java:logGet(43)) - raft.server.retrycache.expirytime = 600000ms (custom)
2019-10-04 15:34:21,366 [pool-383-thread-1] INFO  impl.RaftServerImpl (RaftServerImpl.java:start(181)) - 59834e59-7e39-4205-a300-511f4dc727fc@group-8B110601D498: start as a follower, conf=-1: [59834e59-7e39-4205-a300-511f4dc727fc:192.168.164.204:42819], old=null
2019-10-04 15:34:21,366 [pool-383-thread-1] INFO  impl.RaftServerImpl (RaftServerImpl.java:setRole(170)) - 59834e59-7e39-4205-a300-511f4dc727fc@group-8B110601D498: changes role from      null to FOLLOWER at term 0 for startAsFollower
2019-10-04 15:34:21,366 [pool-383-thread-1] INFO  impl.RoleInfo (RoleInfo.java:updateAndGet(143)) - 59834e59-7e39-4205-a300-511f4dc727fc: start FollowerState
2019-10-04 15:34:21,367 [pool-383-thread-1] INFO  util.JmxRegister (JmxRegister.java:tryRegister(44)) - Successfully registered JMX Bean with object name Ratis:service=RaftServer,group=group-8B110601D498,id=59834e59-7e39-4205-a300-511f4dc727fc
2019-10-04 15:34:21,377 [RatisPipelineUtilsThread] INFO  pipeline.PipelineStateManager (PipelineStateManager.java:addPipeline(56)) - Created pipeline Pipeline[ Id: 270c6aee-7638-4b14-b8a5-8b110601d498, Nodes: 59834e59-7e39-4205-a300-511f4dc727fc{ip: 192.168.164.204, host: pr-hdds-2237-hhfs2-232792562, networkLocation: /default-rack, certSerialId: null}, Type:RATIS, Factor:ONE, State:OPEN]
2019-10-04 15:34:21,400 [IPC Server handler 6 on 43209] INFO  net.NetworkTopology (NetworkTopologyImpl.java:add(111)) - Added a new node: /default-rack/561132ce-6699-4b2e-bc36-b94b11377070
2019-10-04 15:34:21,400 [IPC Server handler 6 on 43209] INFO  node.SCMNodeManager (SCMNodeManager.java:register(266)) - Registered Data node : 561132ce-6699-4b2e-bc36-b94b11377070{ip: 192.168.164.204, host: pr-hdds-2237-hhfs2-232792562, networkLocation: /default-rack, certSerialId: null}
2019-10-04 15:34:21,410 [grpc-default-executor-6] INFO  impl.RaftServerProxy (RaftServerProxy.java:addNew(89)) - 561132ce-6699-4b2e-bc36-b94b11377070: addNew group-B3D2677A0B9F:[561132ce-6699-4b2e-bc36-b94b11377070:192.168.164.204:39340] returns group-B3D2677A0B9F:java.util.concurrent.CompletableFuture@41ba8e2e[Not completed]
2019-10-04 15:34:21,411 [pool-393-thread-1] INFO  impl.RaftServerImpl (RaftServerImpl.java:<init>(95)) - 561132ce-6699-4b2e-bc36-b94b11377070: new RaftServerImpl for group-B3D2677A0B9F:[561132ce-6699-4b2e-bc36-b94b11377070:192.168.164.204:39340] with ContainerStateMachine:uninitialized
2019-10-04 15:34:21,411 [pool-393-thread-1] INFO  server.RaftServerConfigKeys (ConfUtils.java:logGet(43)) - raft.server.rpc.timeout.min = 5s (custom)
2019-10-04 15:34:21,411 [pool-393-thread-1] INFO  server.RaftServerConfigKeys (ConfUtils.java:logGet(43)) - raft.server.rpc.timeout.max = 5200ms (custom)
2019-10-04 15:34:21,411 [pool-393-thread-1] INFO  server.RaftServerConfigKeys (ConfUtils.java:logGet(43)) - raft.server.rpcslowness.timeout = 120s (custom)
2019-10-04 15:34:21,411 [pool-393-thread-1] INFO  server.RaftServerConfigKeys (ConfUtils.java:logGet(43)) - raft.server.sleep.deviation.threshold = 300 (default)
2019-10-04 15:34:21,411 [pool-393-thread-1] INFO  server.RaftServerConfigKeys (ConfUtils.java:logGet(43)) - raft.server.log.appender.install.snapshot.enabled = false (custom)
2019-10-04 15:34:21,412 [pool-393-thread-1] INFO  impl.RaftServerImpl (ServerState.java:<init>(103)) - 561132ce-6699-4b2e-bc36-b94b11377070@group-B3D2677A0B9F: ConfigurationManager, init=-1: [561132ce-6699-4b2e-bc36-b94b11377070:192.168.164.204:39340], old=null, confs=<EMPTY_MAP>
2019-10-04 15:34:21,412 [pool-393-thread-1] INFO  server.RaftServerConfigKeys (ConfUtils.java:logGet(43)) - raft.server.storage.dir = [/workdir/hadoop-ozone/integration-test/target/test-dir/MiniOzoneClusterImpl-b1993d2c-7d52-49f7-9e2e-29bde4de0e03/datanode-1/data/ratis] (custom)
2019-10-04 15:34:21,412 [pool-393-thread-1] INFO  server.RaftServerConfigKeys (ConfUtils.java:logGet(43)) - raft.server.log.corruption.policy = EXCEPTION (default)
2019-10-04 15:34:21,412 [pool-393-thread-1] INFO  storage.RaftStorageDirectory (RaftStorageDirectory.java:analyzeStorage(246)) - The storage directory /workdir/hadoop-ozone/integration-test/target/test-dir/MiniOzoneClusterImpl-b1993d2c-7d52-49f7-9e2e-29bde4de0e03/datanode-1/data/ratis/a680e00b-b488-4a01-9bea-b3d2677a0b9f does not exist. Creating ...
2019-10-04 15:34:21,425 [pool-393-thread-1] INFO  storage.RaftStorageDirectory (RaftStorageDirectory.java:tryLock(328)) - Lock on /workdir/hadoop-ozone/integration-test/target/test-dir/MiniOzoneClusterImpl-b1993d2c-7d52-49f7-9e2e-29bde4de0e03/datanode-1/data/ratis/a680e00b-b488-4a01-9bea-b3d2677a0b9f/in_use.lock acquired by nodename 17050@pr-hdds-2237-hhfs2-232792562
2019-10-04 15:34:21,437 [pool-393-thread-1] INFO  storage.RaftStorage (RaftStorage.java:format(84)) - Storage directory /workdir/hadoop-ozone/integration-test/target/test-dir/MiniOzoneClusterImpl-b1993d2c-7d52-49f7-9e2e-29bde4de0e03/datanode-1/data/ratis/a680e00b-b488-4a01-9bea-b3d2677a0b9f has been successfully formatted.
2019-10-04 15:34:21,437 [pool-393-thread-1] INFO  ratis.ContainerStateMachine (ContainerStateMachine.java:loadSnapshot(230)) - group-B3D2677A0B9F: The snapshot info is null. Setting the last applied indexto:(t:0, i:~)
2019-10-04 15:34:21,437 [pool-393-thread-1] INFO  server.RaftServerConfigKeys (ConfUtils.java:logGet(43)) - raft.server.notification.no-leader.timeout = 120s (custom)
2019-10-04 15:34:21,438 [pool-393-thread-1] INFO  server.RaftServerConfigKeys (ConfUtils.java:logGet(43)) - raft.server.log.use.memory = false (default)
2019-10-04 15:34:21,438 [pool-393-thread-1] INFO  server.RaftServerConfigKeys (ConfUtils.java:logGet(43)) - raft.server.log.purge.gap = 1000000 (custom)
2019-10-04 15:34:21,438 [pool-393-thread-1] INFO  server.RaftServerConfigKeys (ConfUtils.java:logGet(43)) - raft.server.log.appender.buffer.byte-limit = 33554432 (custom)
2019-10-04 15:34:21,438 [pool-393-thread-1] INFO  server.RaftServerConfigKeys (ConfUtils.java:logGet(43)) - raft.server.log.segment.size.max = 1048576 (custom)
2019-10-04 15:34:21,439 [pool-393-thread-1] INFO  server.RaftServerConfigKeys (ConfUtils.java:logGet(43)) - raft.server.log.segment.cache.num.max = 2 (custom)
2019-10-04 15:34:21,439 [pool-393-thread-1] INFO  segmented.SegmentedRaftLogWorker (SegmentedRaftLogWorker.java:<init>(173)) - new 561132ce-6699-4b2e-bc36-b94b11377070@group-B3D2677A0B9F-SegmentedRaftLogWorker for RaftStorage:Storage Directory /workdir/hadoop-ozone/integration-test/target/test-dir/MiniOzoneClusterImpl-b1993d2c-7d52-49f7-9e2e-29bde4de0e03/datanode-1/data/ratis/a680e00b-b488-4a01-9bea-b3d2677a0b9f
2019-10-04 15:34:21,439 [pool-393-thread-1] INFO  server.RaftServerConfigKeys (ConfUtils.java:logGet(43)) - raft.server.log.queue.byte-limit = 2147483647 (custom)
2019-10-04 15:34:21,439 [pool-393-thread-1] INFO  server.RaftServerConfigKeys (ConfUtils.java:logGet(43)) - raft.server.log.queue.element-limit = 1024 (custom)
2019-10-04 15:34:21,439 [pool-393-thread-1] INFO  server.RaftServerConfigKeys (ConfUtils.java:logGet(43)) - raft.server.log.segment.size.max = 1048576 (custom)
2019-10-04 15:34:21,440 [pool-393-thread-1] INFO  server.RaftServerConfigKeys (ConfUtils.java:logGet(43)) - raft.server.log.preallocated.size = 16384 (custom)
2019-10-04 15:34:21,440 [pool-393-thread-1] INFO  server.RaftServerConfigKeys (ConfUtils.java:logGet(43)) - raft.server.log.write.buffer.size = 33554432 (custom)
2019-10-04 15:34:21,440 [pool-393-thread-1] INFO  server.RaftServerConfigKeys (ConfUtils.java:logGet(43)) - raft.server.log.force.sync.num = 128 (default)
2019-10-04 15:34:21,440 [pool-393-thread-1] INFO  server.RaftServerConfigKeys (ConfUtils.java:logGet(43)) - raft.server.log.statemachine.data.sync = true (default)
2019-10-04 15:34:21,440 [pool-393-thread-1] INFO  server.RaftServerConfigKeys (ConfUtils.java:logGet(43)) - raft.server.log.statemachine.data.sync.timeout = 10s (default)
2019-10-04 15:34:21,440 [pool-393-thread-1] INFO  server.RaftServerConfigKeys (ConfUtils.java:logGet(43)) - raft.server.log.statemachine.data.sync.timeout.retry = -1 (default)
2019-10-04 15:34:21,440 [pool-393-thread-1] INFO  server.RaftServerConfigKeys (ConfUtils.java:logGet(43)) - raft.server.log.statemachine.data.caching.enabled = true (custom)
2019-10-04 15:34:21,440 [pool-393-thread-1] INFO  segmented.SegmentedRaftLogWorker (SegmentedRaftLogWorker.java:lambda$new$0(128)) - 561132ce-6699-4b2e-bc36-b94b11377070@group-B3D2677A0B9F-SegmentedRaftLogWorker: flushIndex: setUnconditionally 0 -> -1
2019-10-04 15:34:21,441 [pool-393-thread-1] INFO  server.RaftServerConfigKeys (ConfUtils.java:logGet(43)) - raft.server.snapshot.auto.trigger.enabled = true (custom)
2019-10-04 15:34:21,441 [pool-393-thread-1] INFO  server.RaftServerConfigKeys (ConfUtils.java:logGet(43)) - raft.server.snapshot.auto.trigger.threshold = 10000 (custom)
2019-10-04 15:34:21,441 [pool-393-thread-1] INFO  server.RaftServerConfigKeys (ConfUtils.java:logGet(43)) - raft.server.snapshot.retention.file.num = 5 (custom)
2019-10-04 15:34:21,441 [pool-393-thread-1] INFO  server.RaftServerConfigKeys (ConfUtils.java:logGet(43)) - raft.server.retrycache.expirytime = 600000ms (custom)
2019-10-04 15:34:21,442 [pool-393-thread-1] INFO  impl.RaftServerImpl (RaftServerImpl.java:start(181)) - 561132ce-6699-4b2e-bc36-b94b11377070@group-B3D2677A0B9F: start as a follower, conf=-1: [561132ce-6699-4b2e-bc36-b94b11377070:192.168.164.204:39340], old=null
2019-10-04 15:34:21,442 [pool-393-thread-1] INFO  impl.RaftServerImpl (RaftServerImpl.java:setRole(170)) - 561132ce-6699-4b2e-bc36-b94b11377070@group-B3D2677A0B9F: changes role from      null to FOLLOWER at term 0 for startAsFollower
2019-10-04 15:34:21,442 [pool-393-thread-1] INFO  impl.RoleInfo (RoleInfo.java:updateAndGet(143)) - 561132ce-6699-4b2e-bc36-b94b11377070: start FollowerState
2019-10-04 15:34:21,443 [pool-393-thread-1] INFO  util.JmxRegister (JmxRegister.java:tryRegister(44)) - Successfully registered JMX Bean with object name Ratis:service=RaftServer,group=group-B3D2677A0B9F,id=561132ce-6699-4b2e-bc36-b94b11377070
2019-10-04 15:34:21,451 [RatisPipelineUtilsThread] INFO  pipeline.PipelineStateManager (PipelineStateManager.java:addPipeline(56)) - Created pipeline Pipeline[ Id: a680e00b-b488-4a01-9bea-b3d2677a0b9f, Nodes: 561132ce-6699-4b2e-bc36-b94b11377070{ip: 192.168.164.204, host: pr-hdds-2237-hhfs2-232792562, networkLocation: /default-rack, certSerialId: null}, Type:RATIS, Factor:ONE, State:OPEN]
2019-10-04 15:34:21,499 [IPC Server handler 0 on 43209] INFO  net.NetworkTopology (NetworkTopologyImpl.java:add(111)) - Added a new node: /default-rack/368fef35-84f3-443f-9dd6-61671900f185
2019-10-04 15:34:21,500 [IPC Server handler 0 on 43209] INFO  node.SCMNodeManager (SCMNodeManager.java:register(266)) - Registered Data node : 368fef35-84f3-443f-9dd6-61671900f185{ip: 192.168.164.204, host: pr-hdds-2237-hhfs2-232792562, networkLocation: /default-rack, certSerialId: null}
2019-10-04 15:34:21,513 [grpc-default-executor-6] INFO  impl.RaftServerProxy (RaftServerProxy.java:addNew(89)) - 368fef35-84f3-443f-9dd6-61671900f185: addNew group-798ECC408965:[368fef35-84f3-443f-9dd6-61671900f185:192.168.164.204:34675] returns group-798ECC408965:java.util.concurrent.CompletableFuture@5364919b[Not completed]
2019-10-04 15:34:21,514 [pool-403-thread-1] INFO  impl.RaftServerImpl (RaftServerImpl.java:<init>(95)) - 368fef35-84f3-443f-9dd6-61671900f185: new RaftServerImpl for group-798ECC408965:[368fef35-84f3-443f-9dd6-61671900f185:192.168.164.204:34675] with ContainerStateMachine:uninitialized
2019-10-04 15:34:21,514 [pool-403-thread-1] INFO  server.RaftServerConfigKeys (ConfUtils.java:logGet(43)) - raft.server.rpc.timeout.min = 5s (custom)
2019-10-04 15:34:21,514 [pool-403-thread-1] INFO  server.RaftServerConfigKeys (ConfUtils.java:logGet(43)) - raft.server.rpc.timeout.max = 5200ms (custom)
2019-10-04 15:34:21,514 [pool-403-thread-1] INFO  server.RaftServerConfigKeys (ConfUtils.java:logGet(43)) - raft.server.rpcslowness.timeout = 120s (custom)
2019-10-04 15:34:21,514 [pool-403-thread-1] INFO  server.RaftServerConfigKeys (ConfUtils.java:logGet(43)) - raft.server.sleep.deviation.threshold = 300 (default)
2019-10-04 15:34:21,515 [pool-403-thread-1] INFO  server.RaftServerConfigKeys (ConfUtils.java:logGet(43)) - raft.server.log.appender.install.snapshot.enabled = false (custom)
2019-10-04 15:34:21,515 [pool-403-thread-1] INFO  impl.RaftServerImpl (ServerState.java:<init>(103)) - 368fef35-84f3-443f-9dd6-61671900f185@group-798ECC408965: ConfigurationManager, init=-1: [368fef35-84f3-443f-9dd6-61671900f185:192.168.164.204:34675], old=null, confs=<EMPTY_MAP>
2019-10-04 15:34:21,515 [pool-403-thread-1] INFO  server.RaftServerConfigKeys (ConfUtils.java:logGet(43)) - raft.server.storage.dir = [/workdir/hadoop-ozone/integration-test/target/test-dir/MiniOzoneClusterImpl-b1993d2c-7d52-49f7-9e2e-29bde4de0e03/datanode-2/data/ratis] (custom)
2019-10-04 15:34:21,515 [pool-403-thread-1] INFO  server.RaftServerConfigKeys (ConfUtils.java:logGet(43)) - raft.server.log.corruption.policy = EXCEPTION (default)
2019-10-04 15:34:21,515 [pool-403-thread-1] INFO  storage.RaftStorageDirectory (RaftStorageDirectory.java:analyzeStorage(246)) - The storage directory /workdir/hadoop-ozone/integration-test/target/test-dir/MiniOzoneClusterImpl-b1993d2c-7d52-49f7-9e2e-29bde4de0e03/datanode-2/data/ratis/e45dc8d7-06be-4252-8637-798ecc408965 does not exist. Creating ...
2019-10-04 15:34:21,528 [pool-403-thread-1] INFO  storage.RaftStorageDirectory (RaftStorageDirectory.java:tryLock(328)) - Lock on /workdir/hadoop-ozone/integration-test/target/test-dir/MiniOzoneClusterImpl-b1993d2c-7d52-49f7-9e2e-29bde4de0e03/datanode-2/data/ratis/e45dc8d7-06be-4252-8637-798ecc408965/in_use.lock acquired by nodename 17050@pr-hdds-2237-hhfs2-232792562
2019-10-04 15:34:21,541 [pool-403-thread-1] INFO  storage.RaftStorage (RaftStorage.java:format(84)) - Storage directory /workdir/hadoop-ozone/integration-test/target/test-dir/MiniOzoneClusterImpl-b1993d2c-7d52-49f7-9e2e-29bde4de0e03/datanode-2/data/ratis/e45dc8d7-06be-4252-8637-798ecc408965 has been successfully formatted.
2019-10-04 15:34:21,541 [pool-403-thread-1] INFO  ratis.ContainerStateMachine (ContainerStateMachine.java:loadSnapshot(230)) - group-798ECC408965: The snapshot info is null. Setting the last applied indexto:(t:0, i:~)
2019-10-04 15:34:21,541 [pool-403-thread-1] INFO  server.RaftServerConfigKeys (ConfUtils.java:logGet(43)) - raft.server.notification.no-leader.timeout = 120s (custom)
2019-10-04 15:34:21,542 [pool-403-thread-1] INFO  server.RaftServerConfigKeys (ConfUtils.java:logGet(43)) - raft.server.log.use.memory = false (default)
2019-10-04 15:34:21,542 [pool-403-thread-1] INFO  server.RaftServerConfigKeys (ConfUtils.java:logGet(43)) - raft.server.log.purge.gap = 1000000 (custom)
2019-10-04 15:34:21,542 [pool-403-thread-1] INFO  server.RaftServerConfigKeys (ConfUtils.java:logGet(43)) - raft.server.log.appender.buffer.byte-limit = 33554432 (custom)
2019-10-04 15:34:21,542 [pool-403-thread-1] INFO  server.RaftServerConfigKeys (ConfUtils.java:logGet(43)) - raft.server.log.segment.size.max = 1048576 (custom)
2019-10-04 15:34:21,544 [pool-403-thread-1] INFO  server.RaftServerConfigKeys (ConfUtils.java:logGet(43)) - raft.server.log.segment.cache.num.max = 2 (custom)
2019-10-04 15:34:21,544 [pool-403-thread-1] INFO  segmented.SegmentedRaftLogWorker (SegmentedRaftLogWorker.java:<init>(173)) - new 368fef35-84f3-443f-9dd6-61671900f185@group-798ECC408965-SegmentedRaftLogWorker for RaftStorage:Storage Directory /workdir/hadoop-ozone/integration-test/target/test-dir/MiniOzoneClusterImpl-b1993d2c-7d52-49f7-9e2e-29bde4de0e03/datanode-2/data/ratis/e45dc8d7-06be-4252-8637-798ecc408965
2019-10-04 15:34:21,544 [pool-403-thread-1] INFO  server.RaftServerConfigKeys (ConfUtils.java:logGet(43)) - raft.server.log.queue.byte-limit = 2147483647 (custom)
2019-10-04 15:34:21,544 [pool-403-thread-1] INFO  server.RaftServerConfigKeys (ConfUtils.java:logGet(43)) - raft.server.log.queue.element-limit = 1024 (custom)
2019-10-04 15:34:21,544 [pool-403-thread-1] INFO  server.RaftServerConfigKeys (ConfUtils.java:logGet(43)) - raft.server.log.segment.size.max = 1048576 (custom)
2019-10-04 15:34:21,544 [pool-403-thread-1] INFO  server.RaftServerConfigKeys (ConfUtils.java:logGet(43)) - raft.server.log.preallocated.size = 16384 (custom)
2019-10-04 15:34:21,544 [pool-403-thread-1] INFO  server.RaftServerConfigKeys (ConfUtils.java:logGet(43)) - raft.server.log.write.buffer.size = 33554432 (custom)
2019-10-04 15:34:21,545 [pool-403-thread-1] INFO  server.RaftServerConfigKeys (ConfUtils.java:logGet(43)) - raft.server.log.force.sync.num = 128 (default)
2019-10-04 15:34:21,545 [pool-403-thread-1] INFO  server.RaftServerConfigKeys (ConfUtils.java:logGet(43)) - raft.server.log.statemachine.data.sync = true (default)
2019-10-04 15:34:21,545 [pool-403-thread-1] INFO  server.RaftServerConfigKeys (ConfUtils.java:logGet(43)) - raft.server.log.statemachine.data.sync.timeout = 10s (default)
2019-10-04 15:34:21,545 [pool-403-thread-1] INFO  server.RaftServerConfigKeys (ConfUtils.java:logGet(43)) - raft.server.log.statemachine.data.sync.timeout.retry = -1 (default)
2019-10-04 15:34:21,545 [pool-403-thread-1] INFO  server.RaftServerConfigKeys (ConfUtils.java:logGet(43)) - raft.server.log.statemachine.data.caching.enabled = true (custom)
2019-10-04 15:34:21,546 [pool-403-thread-1] INFO  segmented.SegmentedRaftLogWorker (SegmentedRaftLogWorker.java:lambda$new$0(128)) - 368fef35-84f3-443f-9dd6-61671900f185@group-798ECC408965-SegmentedRaftLogWorker: flushIndex: setUnconditionally 0 -> -1
2019-10-04 15:34:21,546 [pool-403-thread-1] INFO  server.RaftServerConfigKeys (ConfUtils.java:logGet(43)) - raft.server.snapshot.auto.trigger.enabled = true (custom)
2019-10-04 15:34:21,546 [pool-403-thread-1] INFO  server.RaftServerConfigKeys (ConfUtils.java:logGet(43)) - raft.server.snapshot.auto.trigger.threshold = 10000 (custom)
2019-10-04 15:34:21,546 [pool-403-thread-1] INFO  server.RaftServerConfigKeys (ConfUtils.java:logGet(43)) - raft.server.snapshot.retention.file.num = 5 (custom)
2019-10-04 15:34:21,546 [pool-403-thread-1] INFO  server.RaftServerConfigKeys (ConfUtils.java:logGet(43)) - raft.server.retrycache.expirytime = 600000ms (custom)
2019-10-04 15:34:21,548 [pool-403-thread-1] INFO  impl.RaftServerImpl (RaftServerImpl.java:start(181)) - 368fef35-84f3-443f-9dd6-61671900f185@group-798ECC408965: start as a follower, conf=-1: [368fef35-84f3-443f-9dd6-61671900f185:192.168.164.204:34675], old=null
2019-10-04 15:34:21,548 [pool-403-thread-1] INFO  impl.RaftServerImpl (RaftServerImpl.java:setRole(170)) - 368fef35-84f3-443f-9dd6-61671900f185@group-798ECC408965: changes role from      null to FOLLOWER at term 0 for startAsFollower
2019-10-04 15:34:21,548 [pool-403-thread-1] INFO  impl.RoleInfo (RoleInfo.java:updateAndGet(143)) - 368fef35-84f3-443f-9dd6-61671900f185: start FollowerState
2019-10-04 15:34:21,548 [pool-403-thread-1] INFO  util.JmxRegister (JmxRegister.java:tryRegister(44)) - Successfully registered JMX Bean with object name Ratis:service=RaftServer,group=group-798ECC408965,id=368fef35-84f3-443f-9dd6-61671900f185
2019-10-04 15:34:21,559 [RatisPipelineUtilsThread] INFO  pipeline.PipelineStateManager (PipelineStateManager.java:addPipeline(56)) - Created pipeline Pipeline[ Id: e45dc8d7-06be-4252-8637-798ecc408965, Nodes: 368fef35-84f3-443f-9dd6-61671900f185{ip: 192.168.164.204, host: pr-hdds-2237-hhfs2-232792562, networkLocation: /default-rack, certSerialId: null}, Type:RATIS, Factor:ONE, State:OPEN]
2019-10-04 15:34:21,590 [IPC Server handler 3 on 43209] INFO  net.NetworkTopology (NetworkTopologyImpl.java:add(111)) - Added a new node: /default-rack/bac0eeae-2796-4ae4-8adb-79ef1733d58f
2019-10-04 15:34:21,594 [IPC Server handler 3 on 43209] INFO  node.SCMNodeManager (SCMNodeManager.java:register(266)) - Registered Data node : bac0eeae-2796-4ae4-8adb-79ef1733d58f{ip: 192.168.164.204, host: pr-hdds-2237-hhfs2-232792562, networkLocation: /default-rack, certSerialId: null}
2019-10-04 15:34:21,599 [grpc-default-executor-3] INFO  impl.RaftServerProxy (RaftServerProxy.java:addNew(89)) - 561132ce-6699-4b2e-bc36-b94b11377070: addNew group-B7BAD3C390DD:[368fef35-84f3-443f-9dd6-61671900f185:192.168.164.204:34675, 59834e59-7e39-4205-a300-511f4dc727fc:192.168.164.204:42819, 561132ce-6699-4b2e-bc36-b94b11377070:192.168.164.204:39340] returns group-B7BAD3C390DD:java.util.concurrent.CompletableFuture@1d58c073[Not completed]
2019-10-04 15:34:21,599 [grpc-default-executor-14] INFO  impl.RaftServerProxy (RaftServerProxy.java:addNew(89)) - 368fef35-84f3-443f-9dd6-61671900f185: addNew group-B7BAD3C390DD:[368fef35-84f3-443f-9dd6-61671900f185:192.168.164.204:34675, 59834e59-7e39-4205-a300-511f4dc727fc:192.168.164.204:42819, 561132ce-6699-4b2e-bc36-b94b11377070:192.168.164.204:39340] returns group-B7BAD3C390DD:java.util.concurrent.CompletableFuture@6c0547ca[Not completed]
2019-10-04 15:34:21,600 [grpc-default-executor-3] INFO  impl.RaftServerProxy (RaftServerProxy.java:addNew(89)) - 59834e59-7e39-4205-a300-511f4dc727fc: addNew group-B7BAD3C390DD:[368fef35-84f3-443f-9dd6-61671900f185:192.168.164.204:34675, 59834e59-7e39-4205-a300-511f4dc727fc:192.168.164.204:42819, 561132ce-6699-4b2e-bc36-b94b11377070:192.168.164.204:39340] returns group-B7BAD3C390DD:java.util.concurrent.CompletableFuture@654970f9[Not completed]
2019-10-04 15:34:21,600 [pool-393-thread-1] INFO  impl.RaftServerImpl (RaftServerImpl.java:<init>(95)) - 561132ce-6699-4b2e-bc36-b94b11377070: new RaftServerImpl for group-B7BAD3C390DD:[368fef35-84f3-443f-9dd6-61671900f185:192.168.164.204:34675, 59834e59-7e39-4205-a300-511f4dc727fc:192.168.164.204:42819, 561132ce-6699-4b2e-bc36-b94b11377070:192.168.164.204:39340] with ContainerStateMachine:uninitialized
2019-10-04 15:34:21,600 [pool-393-thread-1] INFO  server.RaftServerConfigKeys (ConfUtils.java:logGet(43)) - raft.server.rpc.timeout.min = 5s (custom)
2019-10-04 15:34:21,600 [pool-393-thread-1] INFO  server.RaftServerConfigKeys (ConfUtils.java:logGet(43)) - raft.server.rpc.timeout.max = 5200ms (custom)
2019-10-04 15:34:21,600 [pool-393-thread-1] INFO  server.RaftServerConfigKeys (ConfUtils.java:logGet(43)) - raft.server.rpcslowness.timeout = 120s (custom)
2019-10-04 15:34:21,600 [pool-393-thread-1] INFO  server.RaftServerConfigKeys (ConfUtils.java:logGet(43)) - raft.server.sleep.deviation.threshold = 300 (default)
2019-10-04 15:34:21,600 [pool-403-thread-1] INFO  impl.RaftServerImpl (RaftServerImpl.java:<init>(95)) - 368fef35-84f3-443f-9dd6-61671900f185: new RaftServerImpl for group-B7BAD3C390DD:[368fef35-84f3-443f-9dd6-61671900f185:192.168.164.204:34675, 59834e59-7e39-4205-a300-511f4dc727fc:192.168.164.204:42819, 561132ce-6699-4b2e-bc36-b94b11377070:192.168.164.204:39340] with ContainerStateMachine:uninitialized
2019-10-04 15:34:21,601 [pool-393-thread-1] INFO  server.RaftServerConfigKeys (ConfUtils.java:logGet(43)) - raft.server.log.appender.install.snapshot.enabled = false (custom)
2019-10-04 15:34:21,601 [pool-403-thread-1] INFO  server.RaftServerConfigKeys (ConfUtils.java:logGet(43)) - raft.server.rpc.timeout.min = 5s (custom)
2019-10-04 15:34:21,601 [pool-393-thread-1] INFO  impl.RaftServerImpl (ServerState.java:<init>(103)) - 561132ce-6699-4b2e-bc36-b94b11377070@group-B7BAD3C390DD: ConfigurationManager, init=-1: [368fef35-84f3-443f-9dd6-61671900f185:192.168.164.204:34675, 59834e59-7e39-4205-a300-511f4dc727fc:192.168.164.204:42819, 561132ce-6699-4b2e-bc36-b94b11377070:192.168.164.204:39340], old=null, confs=<EMPTY_MAP>
2019-10-04 15:34:21,601 [pool-403-thread-1] INFO  server.RaftServerConfigKeys (ConfUtils.java:logGet(43)) - raft.server.rpc.timeout.max = 5200ms (custom)
2019-10-04 15:34:21,601 [pool-393-thread-1] INFO  server.RaftServerConfigKeys (ConfUtils.java:logGet(43)) - raft.server.storage.dir = [/workdir/hadoop-ozone/integration-test/target/test-dir/MiniOzoneClusterImpl-b1993d2c-7d52-49f7-9e2e-29bde4de0e03/datanode-1/data/ratis] (custom)
2019-10-04 15:34:21,601 [pool-383-thread-1] INFO  impl.RaftServerImpl (RaftServerImpl.java:<init>(95)) - 59834e59-7e39-4205-a300-511f4dc727fc: new RaftServerImpl for group-B7BAD3C390DD:[368fef35-84f3-443f-9dd6-61671900f185:192.168.164.204:34675, 59834e59-7e39-4205-a300-511f4dc727fc:192.168.164.204:42819, 561132ce-6699-4b2e-bc36-b94b11377070:192.168.164.204:39340] with ContainerStateMachine:uninitialized
2019-10-04 15:34:21,601 [pool-403-thread-1] INFO  server.RaftServerConfigKeys (ConfUtils.java:logGet(43)) - raft.server.rpcslowness.timeout = 120s (custom)
2019-10-04 15:34:21,602 [pool-393-thread-1] INFO  server.RaftServerConfigKeys (ConfUtils.java:logGet(43)) - raft.server.log.corruption.policy = EXCEPTION (default)
2019-10-04 15:34:21,601 [pool-383-thread-1] INFO  server.RaftServerConfigKeys (ConfUtils.java:logGet(43)) - raft.server.rpc.timeout.min = 5s (custom)
2019-10-04 15:34:21,602 [pool-393-thread-1] INFO  storage.RaftStorageDirectory (RaftStorageDirectory.java:analyzeStorage(246)) - The storage directory /workdir/hadoop-ozone/integration-test/target/test-dir/MiniOzoneClusterImpl-b1993d2c-7d52-49f7-9e2e-29bde4de0e03/datanode-1/data/ratis/d48178a5-27b3-4f76-b7b9-b7bad3c390dd does not exist. Creating ...
2019-10-04 15:34:21,602 [pool-403-thread-1] INFO  server.RaftServerConfigKeys (ConfUtils.java:logGet(43)) - raft.server.sleep.deviation.threshold = 300 (default)
2019-10-04 15:34:21,602 [pool-383-thread-1] INFO  server.RaftServerConfigKeys (ConfUtils.java:logGet(43)) - raft.server.rpc.timeout.max = 5200ms (custom)
2019-10-04 15:34:21,602 [pool-403-thread-1] INFO  server.RaftServerConfigKeys (ConfUtils.java:logGet(43)) - raft.server.log.appender.install.snapshot.enabled = false (custom)
2019-10-04 15:34:21,602 [pool-383-thread-1] INFO  server.RaftServerConfigKeys (ConfUtils.java:logGet(43)) - raft.server.rpcslowness.timeout = 120s (custom)
2019-10-04 15:34:21,602 [pool-403-thread-1] INFO  impl.RaftServerImpl (ServerState.java:<init>(103)) - 368fef35-84f3-443f-9dd6-61671900f185@group-B7BAD3C390DD: ConfigurationManager, init=-1: [368fef35-84f3-443f-9dd6-61671900f185:192.168.164.204:34675, 59834e59-7e39-4205-a300-511f4dc727fc:192.168.164.204:42819, 561132ce-6699-4b2e-bc36-b94b11377070:192.168.164.204:39340], old=null, confs=<EMPTY_MAP>
2019-10-04 15:34:21,602 [pool-383-thread-1] INFO  server.RaftServerConfigKeys (ConfUtils.java:logGet(43)) - raft.server.sleep.deviation.threshold = 300 (default)
2019-10-04 15:34:21,603 [pool-403-thread-1] INFO  server.RaftServerConfigKeys (ConfUtils.java:logGet(43)) - raft.server.storage.dir = [/workdir/hadoop-ozone/integration-test/target/test-dir/MiniOzoneClusterImpl-b1993d2c-7d52-49f7-9e2e-29bde4de0e03/datanode-2/data/ratis] (custom)
2019-10-04 15:34:21,603 [pool-383-thread-1] INFO  server.RaftServerConfigKeys (ConfUtils.java:logGet(43)) - raft.server.log.appender.install.snapshot.enabled = false (custom)
2019-10-04 15:34:21,603 [pool-403-thread-1] INFO  server.RaftServerConfigKeys (ConfUtils.java:logGet(43)) - raft.server.log.corruption.policy = EXCEPTION (default)
2019-10-04 15:34:21,603 [pool-383-thread-1] INFO  impl.RaftServerImpl (ServerState.java:<init>(103)) - 59834e59-7e39-4205-a300-511f4dc727fc@group-B7BAD3C390DD: ConfigurationManager, init=-1: [368fef35-84f3-443f-9dd6-61671900f185:192.168.164.204:34675, 59834e59-7e39-4205-a300-511f4dc727fc:192.168.164.204:42819, 561132ce-6699-4b2e-bc36-b94b11377070:192.168.164.204:39340], old=null, confs=<EMPTY_MAP>
2019-10-04 15:34:21,603 [pool-403-thread-1] INFO  storage.RaftStorageDirectory (RaftStorageDirectory.java:analyzeStorage(246)) - The storage directory /workdir/hadoop-ozone/integration-test/target/test-dir/MiniOzoneClusterImpl-b1993d2c-7d52-49f7-9e2e-29bde4de0e03/datanode-2/data/ratis/d48178a5-27b3-4f76-b7b9-b7bad3c390dd does not exist. Creating ...
2019-10-04 15:34:21,603 [pool-383-thread-1] INFO  server.RaftServerConfigKeys (ConfUtils.java:logGet(43)) - raft.server.storage.dir = [/workdir/hadoop-ozone/integration-test/target/test-dir/MiniOzoneClusterImpl-b1993d2c-7d52-49f7-9e2e-29bde4de0e03/datanode-0/data/ratis] (custom)
2019-10-04 15:34:21,604 [pool-383-thread-1] INFO  server.RaftServerConfigKeys (ConfUtils.java:logGet(43)) - raft.server.log.corruption.policy = EXCEPTION (default)
2019-10-04 15:34:21,604 [pool-383-thread-1] INFO  storage.RaftStorageDirectory (RaftStorageDirectory.java:analyzeStorage(246)) - The storage directory /workdir/hadoop-ozone/integration-test/target/test-dir/MiniOzoneClusterImpl-b1993d2c-7d52-49f7-9e2e-29bde4de0e03/datanode-0/data/ratis/d48178a5-27b3-4f76-b7b9-b7bad3c390dd does not exist. Creating ...
2019-10-04 15:34:21,615 [pool-403-thread-1] INFO  storage.RaftStorageDirectory (RaftStorageDirectory.java:tryLock(328)) - Lock on /workdir/hadoop-ozone/integration-test/target/test-dir/MiniOzoneClusterImpl-b1993d2c-7d52-49f7-9e2e-29bde4de0e03/datanode-2/data/ratis/d48178a5-27b3-4f76-b7b9-b7bad3c390dd/in_use.lock acquired by nodename 17050@pr-hdds-2237-hhfs2-232792562
2019-10-04 15:34:21,615 [pool-383-thread-1] INFO  storage.RaftStorageDirectory (RaftStorageDirectory.java:tryLock(328)) - Lock on /workdir/hadoop-ozone/integration-test/target/test-dir/MiniOzoneClusterImpl-b1993d2c-7d52-49f7-9e2e-29bde4de0e03/datanode-0/data/ratis/d48178a5-27b3-4f76-b7b9-b7bad3c390dd/in_use.lock acquired by nodename 17050@pr-hdds-2237-hhfs2-232792562
2019-10-04 15:34:21,615 [pool-393-thread-1] INFO  storage.RaftStorageDirectory (RaftStorageDirectory.java:tryLock(328)) - Lock on /workdir/hadoop-ozone/integration-test/target/test-dir/MiniOzoneClusterImpl-b1993d2c-7d52-49f7-9e2e-29bde4de0e03/datanode-1/data/ratis/d48178a5-27b3-4f76-b7b9-b7bad3c390dd/in_use.lock acquired by nodename 17050@pr-hdds-2237-hhfs2-232792562
2019-10-04 15:34:21,619 [pool-393-thread-1] INFO  storage.RaftStorage (RaftStorage.java:format(84)) - Storage directory /workdir/hadoop-ozone/integration-test/target/test-dir/MiniOzoneClusterImpl-b1993d2c-7d52-49f7-9e2e-29bde4de0e03/datanode-1/data/ratis/d48178a5-27b3-4f76-b7b9-b7bad3c390dd has been successfully formatted.
2019-10-04 15:34:21,619 [pool-383-thread-1] INFO  storage.RaftStorage (RaftStorage.java:format(84)) - Storage directory /workdir/hadoop-ozone/integration-test/target/test-dir/MiniOzoneClusterImpl-b1993d2c-7d52-49f7-9e2e-29bde4de0e03/datanode-0/data/ratis/d48178a5-27b3-4f76-b7b9-b7bad3c390dd has been successfully formatted.
2019-10-04 15:34:21,619 [pool-403-thread-1] INFO  storage.RaftStorage (RaftStorage.java:format(84)) - Storage directory /workdir/hadoop-ozone/integration-test/target/test-dir/MiniOzoneClusterImpl-b1993d2c-7d52-49f7-9e2e-29bde4de0e03/datanode-2/data/ratis/d48178a5-27b3-4f76-b7b9-b7bad3c390dd has been successfully formatted.
2019-10-04 15:34:21,620 [pool-383-thread-1] INFO  ratis.ContainerStateMachine (ContainerStateMachine.java:loadSnapshot(230)) - group-B7BAD3C390DD: The snapshot info is null. Setting the last applied indexto:(t:0, i:~)
2019-10-04 15:34:21,619 [pool-393-thread-1] INFO  ratis.ContainerStateMachine (ContainerStateMachine.java:loadSnapshot(230)) - group-B7BAD3C390DD: The snapshot info is null. Setting the last applied indexto:(t:0, i:~)
2019-10-04 15:34:21,620 [pool-383-thread-1] INFO  server.RaftServerConfigKeys (ConfUtils.java:logGet(43)) - raft.server.notification.no-leader.timeout = 120s (custom)
2019-10-04 15:34:21,620 [pool-403-thread-1] INFO  ratis.ContainerStateMachine (ContainerStateMachine.java:loadSnapshot(230)) - group-B7BAD3C390DD: The snapshot info is null. Setting the last applied indexto:(t:0, i:~)
2019-10-04 15:34:21,620 [pool-383-thread-1] INFO  server.RaftServerConfigKeys (ConfUtils.java:logGet(43)) - raft.server.log.use.memory = false (default)
2019-10-04 15:34:21,620 [pool-393-thread-1] INFO  server.RaftServerConfigKeys (ConfUtils.java:logGet(43)) - raft.server.notification.no-leader.timeout = 120s (custom)
2019-10-04 15:34:21,620 [pool-383-thread-1] INFO  server.RaftServerConfigKeys (ConfUtils.java:logGet(43)) - raft.server.log.purge.gap = 1000000 (custom)
2019-10-04 15:34:21,621 [pool-383-thread-1] INFO  server.RaftServerConfigKeys (ConfUtils.java:logGet(43)) - raft.server.log.appender.buffer.byte-limit = 33554432 (custom)
2019-10-04 15:34:21,620 [pool-403-thread-1] INFO  server.RaftServerConfigKeys (ConfUtils.java:logGet(43)) - raft.server.notification.no-leader.timeout = 120s (custom)
2019-10-04 15:34:21,621 [pool-383-thread-1] INFO  server.RaftServerConfigKeys (ConfUtils.java:logGet(43)) - raft.server.log.segment.size.max = 1048576 (custom)
2019-10-04 15:34:21,620 [pool-393-thread-1] INFO  server.RaftServerConfigKeys (ConfUtils.java:logGet(43)) - raft.server.log.use.memory = false (default)
2019-10-04 15:34:21,621 [pool-383-thread-1] INFO  server.RaftServerConfigKeys (ConfUtils.java:logGet(43)) - raft.server.log.segment.cache.num.max = 2 (custom)
2019-10-04 15:34:21,621 [pool-403-thread-1] INFO  server.RaftServerConfigKeys (ConfUtils.java:logGet(43)) - raft.server.log.use.memory = false (default)
2019-10-04 15:34:21,621 [pool-383-thread-1] INFO  segmented.SegmentedRaftLogWorker (SegmentedRaftLogWorker.java:<init>(173)) - new 59834e59-7e39-4205-a300-511f4dc727fc@group-B7BAD3C390DD-SegmentedRaftLogWorker for RaftStorage:Storage Directory /workdir/hadoop-ozone/integration-test/target/test-dir/MiniOzoneClusterImpl-b1993d2c-7d52-49f7-9e2e-29bde4de0e03/datanode-0/data/ratis/d48178a5-27b3-4f76-b7b9-b7bad3c390dd
2019-10-04 15:34:21,621 [pool-393-thread-1] INFO  server.RaftServerConfigKeys (ConfUtils.java:logGet(43)) - raft.server.log.purge.gap = 1000000 (custom)
2019-10-04 15:34:21,622 [pool-393-thread-1] INFO  server.RaftServerConfigKeys (ConfUtils.java:logGet(43)) - raft.server.log.appender.buffer.byte-limit = 33554432 (custom)
2019-10-04 15:34:21,621 [pool-383-thread-1] INFO  server.RaftServerConfigKeys (ConfUtils.java:logGet(43)) - raft.server.log.queue.byte-limit = 2147483647 (custom)
2019-10-04 15:34:21,621 [pool-403-thread-1] INFO  server.RaftServerConfigKeys (ConfUtils.java:logGet(43)) - raft.server.log.purge.gap = 1000000 (custom)
2019-10-04 15:34:21,622 [pool-383-thread-1] INFO  server.RaftServerConfigKeys (ConfUtils.java:logGet(43)) - raft.server.log.queue.element-limit = 1024 (custom)
2019-10-04 15:34:21,622 [pool-393-thread-1] INFO  server.RaftServerConfigKeys (ConfUtils.java:logGet(43)) - raft.server.log.segment.size.max = 1048576 (custom)
2019-10-04 15:34:21,622 [pool-383-thread-1] INFO  server.RaftServerConfigKeys (ConfUtils.java:logGet(43)) - raft.server.log.segment.size.max = 1048576 (custom)
2019-10-04 15:34:21,622 [pool-403-thread-1] INFO  server.RaftServerConfigKeys (ConfUtils.java:logGet(43)) - raft.server.log.appender.buffer.byte-limit = 33554432 (custom)
2019-10-04 15:34:21,622 [pool-383-thread-1] INFO  server.RaftServerConfigKeys (ConfUtils.java:logGet(43)) - raft.server.log.preallocated.size = 16384 (custom)
2019-10-04 15:34:21,622 [pool-393-thread-1] INFO  server.RaftServerConfigKeys (ConfUtils.java:logGet(43)) - raft.server.log.segment.cache.num.max = 2 (custom)
2019-10-04 15:34:21,623 [pool-383-thread-1] INFO  server.RaftServerConfigKeys (ConfUtils.java:logGet(43)) - raft.server.log.write.buffer.size = 33554432 (custom)
2019-10-04 15:34:21,623 [pool-383-thread-1] INFO  server.RaftServerConfigKeys (ConfUtils.java:logGet(43)) - raft.server.log.force.sync.num = 128 (default)
2019-10-04 15:34:21,623 [pool-403-thread-1] INFO  server.RaftServerConfigKeys (ConfUtils.java:logGet(43)) - raft.server.log.segment.size.max = 1048576 (custom)
2019-10-04 15:34:21,623 [pool-383-thread-1] INFO  server.RaftServerConfigKeys (ConfUtils.java:logGet(43)) - raft.server.log.statemachine.data.sync = true (default)
2019-10-04 15:34:21,623 [pool-393-thread-1] INFO  segmented.SegmentedRaftLogWorker (SegmentedRaftLogWorker.java:<init>(173)) - new 561132ce-6699-4b2e-bc36-b94b11377070@group-B7BAD3C390DD-SegmentedRaftLogWorker for RaftStorage:Storage Directory /workdir/hadoop-ozone/integration-test/target/test-dir/MiniOzoneClusterImpl-b1993d2c-7d52-49f7-9e2e-29bde4de0e03/datanode-1/data/ratis/d48178a5-27b3-4f76-b7b9-b7bad3c390dd
2019-10-04 15:34:21,623 [pool-383-thread-1] INFO  server.RaftServerConfigKeys (ConfUtils.java:logGet(43)) - raft.server.log.statemachine.data.sync.timeout = 10s (default)
2019-10-04 15:34:21,623 [pool-403-thread-1] INFO  server.RaftServerConfigKeys (ConfUtils.java:logGet(43)) - raft.server.log.segment.cache.num.max = 2 (custom)
2019-10-04 15:34:21,624 [pool-383-thread-1] INFO  server.RaftServerConfigKeys (ConfUtils.java:logGet(43)) - raft.server.log.statemachine.data.sync.timeout.retry = -1 (default)
2019-10-04 15:34:21,624 [pool-393-thread-1] INFO  server.RaftServerConfigKeys (ConfUtils.java:logGet(43)) - raft.server.log.queue.byte-limit = 2147483647 (custom)
2019-10-04 15:34:21,624 [pool-383-thread-1] INFO  server.RaftServerConfigKeys (ConfUtils.java:logGet(43)) - raft.server.log.statemachine.data.caching.enabled = true (custom)
2019-10-04 15:34:21,624 [pool-403-thread-1] INFO  segmented.SegmentedRaftLogWorker (SegmentedRaftLogWorker.java:<init>(173)) - new 368fef35-84f3-443f-9dd6-61671900f185@group-B7BAD3C390DD-SegmentedRaftLogWorker for RaftStorage:Storage Directory /workdir/hadoop-ozone/integration-test/target/test-dir/MiniOzoneClusterImpl-b1993d2c-7d52-49f7-9e2e-29bde4de0e03/datanode-2/data/ratis/d48178a5-27b3-4f76-b7b9-b7bad3c390dd
2019-10-04 15:34:21,624 [pool-393-thread-1] INFO  server.RaftServerConfigKeys (ConfUtils.java:logGet(43)) - raft.server.log.queue.element-limit = 1024 (custom)
2019-10-04 15:34:21,624 [pool-403-thread-1] INFO  server.RaftServerConfigKeys (ConfUtils.java:logGet(43)) - raft.server.log.queue.byte-limit = 2147483647 (custom)
2019-10-04 15:34:21,624 [pool-393-thread-1] INFO  server.RaftServerConfigKeys (ConfUtils.java:logGet(43)) - raft.server.log.segment.size.max = 1048576 (custom)
2019-10-04 15:34:21,624 [pool-383-thread-1] INFO  segmented.SegmentedRaftLogWorker (SegmentedRaftLogWorker.java:lambda$new$0(128)) - 59834e59-7e39-4205-a300-511f4dc727fc@group-B7BAD3C390DD-SegmentedRaftLogWorker: flushIndex: setUnconditionally 0 -> -1
2019-10-04 15:34:21,625 [pool-393-thread-1] INFO  server.RaftServerConfigKeys (ConfUtils.java:logGet(43)) - raft.server.log.preallocated.size = 16384 (custom)
2019-10-04 15:34:21,625 [pool-403-thread-1] INFO  server.RaftServerConfigKeys (ConfUtils.java:logGet(43)) - raft.server.log.queue.element-limit = 1024 (custom)
2019-10-04 15:34:21,625 [pool-383-thread-1] INFO  server.RaftServerConfigKeys (ConfUtils.java:logGet(43)) - raft.server.snapshot.auto.trigger.enabled = true (custom)
2019-10-04 15:34:21,625 [pool-393-thread-1] INFO  server.RaftServerConfigKeys (ConfUtils.java:logGet(43)) - raft.server.log.write.buffer.size = 33554432 (custom)
2019-10-04 15:34:21,625 [pool-383-thread-1] INFO  server.RaftServerConfigKeys (ConfUtils.java:logGet(43)) - raft.server.snapshot.auto.trigger.threshold = 10000 (custom)
2019-10-04 15:34:21,625 [pool-403-thread-1] INFO  server.RaftServerConfigKeys (ConfUtils.java:logGet(43)) - raft.server.log.segment.size.max = 1048576 (custom)
2019-10-04 15:34:21,626 [pool-383-thread-1] INFO  server.RaftServerConfigKeys (ConfUtils.java:logGet(43)) - raft.server.snapshot.retention.file.num = 5 (custom)
2019-10-04 15:34:21,625 [pool-393-thread-1] INFO  server.RaftServerConfigKeys (ConfUtils.java:logGet(43)) - raft.server.log.force.sync.num = 128 (default)
2019-10-04 15:34:21,626 [pool-383-thread-1] INFO  server.RaftServerConfigKeys (ConfUtils.java:logGet(43)) - raft.server.retrycache.expirytime = 600000ms (custom)
2019-10-04 15:34:21,626 [pool-403-thread-1] INFO  server.RaftServerConfigKeys (ConfUtils.java:logGet(43)) - raft.server.log.preallocated.size = 16384 (custom)
2019-10-04 15:34:21,626 [pool-393-thread-1] INFO  server.RaftServerConfigKeys (ConfUtils.java:logGet(43)) - raft.server.log.statemachine.data.sync = true (default)
2019-10-04 15:34:21,626 [pool-403-thread-1] INFO  server.RaftServerConfigKeys (ConfUtils.java:logGet(43)) - raft.server.log.write.buffer.size = 33554432 (custom)
2019-10-04 15:34:21,626 [pool-393-thread-1] INFO  server.RaftServerConfigKeys (ConfUtils.java:logGet(43)) - raft.server.log.statemachine.data.sync.timeout = 10s (default)
2019-10-04 15:34:21,626 [pool-403-thread-1] INFO  server.RaftServerConfigKeys (ConfUtils.java:logGet(43)) - raft.server.log.force.sync.num = 128 (default)
2019-10-04 15:34:21,627 [pool-393-thread-1] INFO  server.RaftServerConfigKeys (ConfUtils.java:logGet(43)) - raft.server.log.statemachine.data.sync.timeout.retry = -1 (default)
2019-10-04 15:34:21,627 [pool-403-thread-1] INFO  server.RaftServerConfigKeys (ConfUtils.java:logGet(43)) - raft.server.log.statemachine.data.sync = true (default)
2019-10-04 15:34:21,627 [pool-393-thread-1] INFO  server.RaftServerConfigKeys (ConfUtils.java:logGet(43)) - raft.server.log.statemachine.data.caching.enabled = true (custom)
2019-10-04 15:34:21,627 [pool-403-thread-1] INFO  server.RaftServerConfigKeys (ConfUtils.java:logGet(43)) - raft.server.log.statemachine.data.sync.timeout = 10s (default)
2019-10-04 15:34:21,627 [pool-393-thread-1] INFO  segmented.SegmentedRaftLogWorker (SegmentedRaftLogWorker.java:lambda$new$0(128)) - 561132ce-6699-4b2e-bc36-b94b11377070@group-B7BAD3C390DD-SegmentedRaftLogWorker: flushIndex: setUnconditionally 0 -> -1
2019-10-04 15:34:21,627 [pool-403-thread-1] INFO  server.RaftServerConfigKeys (ConfUtils.java:logGet(43)) - raft.server.log.statemachine.data.sync.timeout.retry = -1 (default)
2019-10-04 15:34:21,628 [pool-393-thread-1] INFO  server.RaftServerConfigKeys (ConfUtils.java:logGet(43)) - raft.server.snapshot.auto.trigger.enabled = true (custom)
2019-10-04 15:34:21,628 [pool-403-thread-1] INFO  server.RaftServerConfigKeys (ConfUtils.java:logGet(43)) - raft.server.log.statemachine.data.caching.enabled = true (custom)
2019-10-04 15:34:21,628 [pool-393-thread-1] INFO  server.RaftServerConfigKeys (ConfUtils.java:logGet(43)) - raft.server.snapshot.auto.trigger.threshold = 10000 (custom)
2019-10-04 15:34:21,628 [pool-393-thread-1] INFO  server.RaftServerConfigKeys (ConfUtils.java:logGet(43)) - raft.server.snapshot.retention.file.num = 5 (custom)
2019-10-04 15:34:21,628 [pool-403-thread-1] INFO  segmented.SegmentedRaftLogWorker (SegmentedRaftLogWorker.java:lambda$new$0(128)) - 368fef35-84f3-443f-9dd6-61671900f185@group-B7BAD3C390DD-SegmentedRaftLogWorker: flushIndex: setUnconditionally 0 -> -1
2019-10-04 15:34:21,628 [pool-383-thread-1] INFO  impl.RaftServerImpl (RaftServerImpl.java:start(181)) - 59834e59-7e39-4205-a300-511f4dc727fc@group-B7BAD3C390DD: start as a follower, conf=-1: [368fef35-84f3-443f-9dd6-61671900f185:192.168.164.204:34675, 59834e59-7e39-4205-a300-511f4dc727fc:192.168.164.204:42819, 561132ce-6699-4b2e-bc36-b94b11377070:192.168.164.204:39340], old=null
2019-10-04 15:34:21,628 [pool-393-thread-1] INFO  server.RaftServerConfigKeys (ConfUtils.java:logGet(43)) - raft.server.retrycache.expirytime = 600000ms (custom)
2019-10-04 15:34:21,628 [pool-403-thread-1] INFO  server.RaftServerConfigKeys (ConfUtils.java:logGet(43)) - raft.server.snapshot.auto.trigger.enabled = true (custom)
2019-10-04 15:34:21,628 [pool-383-thread-1] INFO  impl.RaftServerImpl (RaftServerImpl.java:setRole(170)) - 59834e59-7e39-4205-a300-511f4dc727fc@group-B7BAD3C390DD: changes role from      null to FOLLOWER at term 0 for startAsFollower
2019-10-04 15:34:21,629 [pool-403-thread-1] INFO  server.RaftServerConfigKeys (ConfUtils.java:logGet(43)) - raft.server.snapshot.auto.trigger.threshold = 10000 (custom)
2019-10-04 15:34:21,629 [pool-403-thread-1] INFO  server.RaftServerConfigKeys (ConfUtils.java:logGet(43)) - raft.server.snapshot.retention.file.num = 5 (custom)
2019-10-04 15:34:21,629 [pool-383-thread-1] INFO  impl.RoleInfo (RoleInfo.java:updateAndGet(143)) - 59834e59-7e39-4205-a300-511f4dc727fc: start FollowerState
2019-10-04 15:34:21,629 [pool-403-thread-1] INFO  server.RaftServerConfigKeys (ConfUtils.java:logGet(43)) - raft.server.retrycache.expirytime = 600000ms (custom)
2019-10-04 15:34:21,629 [pool-383-thread-1] INFO  util.JmxRegister (JmxRegister.java:tryRegister(44)) - Successfully registered JMX Bean with object name Ratis:service=RaftServer,group=group-B7BAD3C390DD,id=59834e59-7e39-4205-a300-511f4dc727fc
2019-10-04 15:34:21,630 [pool-393-thread-1] INFO  impl.RaftServerImpl (RaftServerImpl.java:start(181)) - 561132ce-6699-4b2e-bc36-b94b11377070@group-B7BAD3C390DD: start as a follower, conf=-1: [368fef35-84f3-443f-9dd6-61671900f185:192.168.164.204:34675, 59834e59-7e39-4205-a300-511f4dc727fc:192.168.164.204:42819, 561132ce-6699-4b2e-bc36-b94b11377070:192.168.164.204:39340], old=null
2019-10-04 15:34:21,630 [pool-393-thread-1] INFO  impl.RaftServerImpl (RaftServerImpl.java:setRole(170)) - 561132ce-6699-4b2e-bc36-b94b11377070@group-B7BAD3C390DD: changes role from      null to FOLLOWER at term 0 for startAsFollower
2019-10-04 15:34:21,630 [pool-393-thread-1] INFO  impl.RoleInfo (RoleInfo.java:updateAndGet(143)) - 561132ce-6699-4b2e-bc36-b94b11377070: start FollowerState
2019-10-04 15:34:21,631 [pool-393-thread-1] INFO  util.JmxRegister (JmxRegister.java:tryRegister(44)) - Successfully registered JMX Bean with object name Ratis:service=RaftServer,group=group-B7BAD3C390DD,id=561132ce-6699-4b2e-bc36-b94b11377070
2019-10-04 15:34:21,632 [pool-403-thread-1] INFO  impl.RaftServerImpl (RaftServerImpl.java:start(181)) - 368fef35-84f3-443f-9dd6-61671900f185@group-B7BAD3C390DD: start as a follower, conf=-1: [368fef35-84f3-443f-9dd6-61671900f185:192.168.164.204:34675, 59834e59-7e39-4205-a300-511f4dc727fc:192.168.164.204:42819, 561132ce-6699-4b2e-bc36-b94b11377070:192.168.164.204:39340], old=null
2019-10-04 15:34:21,632 [pool-403-thread-1] INFO  impl.RaftServerImpl (RaftServerImpl.java:setRole(170)) - 368fef35-84f3-443f-9dd6-61671900f185@group-B7BAD3C390DD: changes role from      null to FOLLOWER at term 0 for startAsFollower
2019-10-04 15:34:21,632 [pool-403-thread-1] INFO  impl.RoleInfo (RoleInfo.java:updateAndGet(143)) - 368fef35-84f3-443f-9dd6-61671900f185: start FollowerState
2019-10-04 15:34:21,633 [pool-403-thread-1] INFO  util.JmxRegister (JmxRegister.java:tryRegister(44)) - Successfully registered JMX Bean with object name Ratis:service=RaftServer,group=group-B7BAD3C390DD,id=368fef35-84f3-443f-9dd6-61671900f185
2019-10-04 15:34:21,649 [RatisPipelineUtilsThread] INFO  pipeline.PipelineStateManager (PipelineStateManager.java:addPipeline(56)) - Created pipeline Pipeline[ Id: d48178a5-27b3-4f76-b7b9-b7bad3c390dd, Nodes: 59834e59-7e39-4205-a300-511f4dc727fc{ip: 192.168.164.204, host: pr-hdds-2237-hhfs2-232792562, networkLocation: /default-rack, certSerialId: null}561132ce-6699-4b2e-bc36-b94b11377070{ip: 192.168.164.204, host: pr-hdds-2237-hhfs2-232792562, networkLocation: /default-rack, certSerialId: null}368fef35-84f3-443f-9dd6-61671900f185{ip: 192.168.164.204, host: pr-hdds-2237-hhfs2-232792562, networkLocation: /default-rack, certSerialId: null}, Type:RATIS, Factor:THREE, State:OPEN]
2019-10-04 15:34:21,678 [IPC Server handler 5 on 43209] INFO  net.NetworkTopology (NetworkTopologyImpl.java:add(111)) - Added a new node: /default-rack/41b90895-f921-4588-baed-64b7c94401df
2019-10-04 15:34:21,678 [IPC Server handler 5 on 43209] INFO  node.SCMNodeManager (SCMNodeManager.java:register(266)) - Registered Data node : 41b90895-f921-4588-baed-64b7c94401df{ip: 192.168.164.204, host: pr-hdds-2237-hhfs2-232792562, networkLocation: /default-rack, certSerialId: null}
2019-10-04 15:34:21,690 [grpc-default-executor-3] INFO  impl.RaftServerProxy (RaftServerProxy.java:addNew(89)) - bac0eeae-2796-4ae4-8adb-79ef1733d58f: addNew group-E11979FE3E09:[bac0eeae-2796-4ae4-8adb-79ef1733d58f:192.168.164.204:33474] returns group-E11979FE3E09:java.util.concurrent.CompletableFuture@640164e8[Not completed]
2019-10-04 15:34:21,696 [pool-413-thread-1] INFO  impl.RaftServerImpl (RaftServerImpl.java:<init>(95)) - bac0eeae-2796-4ae4-8adb-79ef1733d58f: new RaftServerImpl for group-E11979FE3E09:[bac0eeae-2796-4ae4-8adb-79ef1733d58f:192.168.164.204:33474] with ContainerStateMachine:uninitialized
2019-10-04 15:34:21,696 [pool-413-thread-1] INFO  server.RaftServerConfigKeys (ConfUtils.java:logGet(43)) - raft.server.rpc.timeout.min = 5s (custom)
2019-10-04 15:34:21,696 [pool-413-thread-1] INFO  server.RaftServerConfigKeys (ConfUtils.java:logGet(43)) - raft.server.rpc.timeout.max = 5200ms (custom)
2019-10-04 15:34:21,697 [pool-413-thread-1] INFO  server.RaftServerConfigKeys (ConfUtils.java:logGet(43)) - raft.server.rpcslowness.timeout = 120s (custom)
2019-10-04 15:34:21,697 [pool-413-thread-1] INFO  server.RaftServerConfigKeys (ConfUtils.java:logGet(43)) - raft.server.sleep.deviation.threshold = 300 (default)
2019-10-04 15:34:21,697 [pool-413-thread-1] INFO  server.RaftServerConfigKeys (ConfUtils.java:logGet(43)) - raft.server.log.appender.install.snapshot.enabled = false (custom)
2019-10-04 15:34:21,697 [pool-413-thread-1] INFO  impl.RaftServerImpl (ServerState.java:<init>(103)) - bac0eeae-2796-4ae4-8adb-79ef1733d58f@group-E11979FE3E09: ConfigurationManager, init=-1: [bac0eeae-2796-4ae4-8adb-79ef1733d58f:192.168.164.204:33474], old=null, confs=<EMPTY_MAP>
2019-10-04 15:34:21,697 [pool-413-thread-1] INFO  server.RaftServerConfigKeys (ConfUtils.java:logGet(43)) - raft.server.storage.dir = [/workdir/hadoop-ozone/integration-test/target/test-dir/MiniOzoneClusterImpl-b1993d2c-7d52-49f7-9e2e-29bde4de0e03/datanode-3/data/ratis] (custom)
2019-10-04 15:34:21,698 [pool-413-thread-1] INFO  server.RaftServerConfigKeys (ConfUtils.java:logGet(43)) - raft.server.log.corruption.policy = EXCEPTION (default)
2019-10-04 15:34:21,698 [pool-413-thread-1] INFO  storage.RaftStorageDirectory (RaftStorageDirectory.java:analyzeStorage(246)) - The storage directory /workdir/hadoop-ozone/integration-test/target/test-dir/MiniOzoneClusterImpl-b1993d2c-7d52-49f7-9e2e-29bde4de0e03/datanode-3/data/ratis/8fb5470e-bce5-430a-b7a6-e11979fe3e09 does not exist. Creating ...
2019-10-04 15:34:21,711 [pool-413-thread-1] INFO  storage.RaftStorageDirectory (RaftStorageDirectory.java:tryLock(328)) - Lock on /workdir/hadoop-ozone/integration-test/target/test-dir/MiniOzoneClusterImpl-b1993d2c-7d52-49f7-9e2e-29bde4de0e03/datanode-3/data/ratis/8fb5470e-bce5-430a-b7a6-e11979fe3e09/in_use.lock acquired by nodename 17050@pr-hdds-2237-hhfs2-232792562
2019-10-04 15:34:21,724 [pool-413-thread-1] INFO  storage.RaftStorage (RaftStorage.java:format(84)) - Storage directory /workdir/hadoop-ozone/integration-test/target/test-dir/MiniOzoneClusterImpl-b1993d2c-7d52-49f7-9e2e-29bde4de0e03/datanode-3/data/ratis/8fb5470e-bce5-430a-b7a6-e11979fe3e09 has been successfully formatted.
2019-10-04 15:34:21,724 [pool-413-thread-1] INFO  ratis.ContainerStateMachine (ContainerStateMachine.java:loadSnapshot(230)) - group-E11979FE3E09: The snapshot info is null. Setting the last applied indexto:(t:0, i:~)
2019-10-04 15:34:21,725 [pool-413-thread-1] INFO  server.RaftServerConfigKeys (ConfUtils.java:logGet(43)) - raft.server.notification.no-leader.timeout = 120s (custom)
2019-10-04 15:34:21,725 [pool-413-thread-1] INFO  server.RaftServerConfigKeys (ConfUtils.java:logGet(43)) - raft.server.log.use.memory = false (default)
2019-10-04 15:34:21,725 [pool-413-thread-1] INFO  server.RaftServerConfigKeys (ConfUtils.java:logGet(43)) - raft.server.log.purge.gap = 1000000 (custom)
2019-10-04 15:34:21,725 [pool-413-thread-1] INFO  server.RaftServerConfigKeys (ConfUtils.java:logGet(43)) - raft.server.log.appender.buffer.byte-limit = 33554432 (custom)
2019-10-04 15:34:21,725 [pool-413-thread-1] INFO  server.RaftServerConfigKeys (ConfUtils.java:logGet(43)) - raft.server.log.segment.size.max = 1048576 (custom)
2019-10-04 15:34:21,727 [pool-413-thread-1] INFO  server.RaftServerConfigKeys (ConfUtils.java:logGet(43)) - raft.server.log.segment.cache.num.max = 2 (custom)
2019-10-04 15:34:21,727 [pool-413-thread-1] INFO  segmented.SegmentedRaftLogWorker (SegmentedRaftLogWorker.java:<init>(173)) - new bac0eeae-2796-4ae4-8adb-79ef1733d58f@group-E11979FE3E09-SegmentedRaftLogWorker for RaftStorage:Storage Directory /workdir/hadoop-ozone/integration-test/target/test-dir/MiniOzoneClusterImpl-b1993d2c-7d52-49f7-9e2e-29bde4de0e03/datanode-3/data/ratis/8fb5470e-bce5-430a-b7a6-e11979fe3e09
2019-10-04 15:34:21,728 [pool-413-thread-1] INFO  server.RaftServerConfigKeys (ConfUtils.java:logGet(43)) - raft.server.log.queue.byte-limit = 2147483647 (custom)
2019-10-04 15:34:21,728 [pool-413-thread-1] INFO  server.RaftServerConfigKeys (ConfUtils.java:logGet(43)) - raft.server.log.queue.element-limit = 1024 (custom)
2019-10-04 15:34:21,728 [pool-413-thread-1] INFO  server.RaftServerConfigKeys (ConfUtils.java:logGet(43)) - raft.server.log.segment.size.max = 1048576 (custom)
2019-10-04 15:34:21,728 [pool-413-thread-1] INFO  server.RaftServerConfigKeys (ConfUtils.java:logGet(43)) - raft.server.log.preallocated.size = 16384 (custom)
2019-10-04 15:34:21,728 [pool-413-thread-1] INFO  server.RaftServerConfigKeys (ConfUtils.java:logGet(43)) - raft.server.log.write.buffer.size = 33554432 (custom)
2019-10-04 15:34:21,728 [pool-413-thread-1] INFO  server.RaftServerConfigKeys (ConfUtils.java:logGet(43)) - raft.server.log.force.sync.num = 128 (default)
2019-10-04 15:34:21,728 [pool-413-thread-1] INFO  server.RaftServerConfigKeys (ConfUtils.java:logGet(43)) - raft.server.log.statemachine.data.sync = true (default)
2019-10-04 15:34:21,729 [pool-413-thread-1] INFO  server.RaftServerConfigKeys (ConfUtils.java:logGet(43)) - raft.server.log.statemachine.data.sync.timeout = 10s (default)
2019-10-04 15:34:21,729 [pool-413-thread-1] INFO  server.RaftServerConfigKeys (ConfUtils.java:logGet(43)) - raft.server.log.statemachine.data.sync.timeout.retry = -1 (default)
2019-10-04 15:34:21,729 [pool-413-thread-1] INFO  server.RaftServerConfigKeys (ConfUtils.java:logGet(43)) - raft.server.log.statemachine.data.caching.enabled = true (custom)
2019-10-04 15:34:21,729 [pool-413-thread-1] INFO  segmented.SegmentedRaftLogWorker (SegmentedRaftLogWorker.java:lambda$new$0(128)) - bac0eeae-2796-4ae4-8adb-79ef1733d58f@group-E11979FE3E09-SegmentedRaftLogWorker: flushIndex: setUnconditionally 0 -> -1
2019-10-04 15:34:21,730 [pool-413-thread-1] INFO  server.RaftServerConfigKeys (ConfUtils.java:logGet(43)) - raft.server.snapshot.auto.trigger.enabled = true (custom)
2019-10-04 15:34:21,730 [pool-413-thread-1] INFO  server.RaftServerConfigKeys (ConfUtils.java:logGet(43)) - raft.server.snapshot.auto.trigger.threshold = 10000 (custom)
2019-10-04 15:34:21,730 [pool-413-thread-1] INFO  server.RaftServerConfigKeys (ConfUtils.java:logGet(43)) - raft.server.snapshot.retention.file.num = 5 (custom)
2019-10-04 15:34:21,730 [pool-413-thread-1] INFO  server.RaftServerConfigKeys (ConfUtils.java:logGet(43)) - raft.server.retrycache.expirytime = 600000ms (custom)
2019-10-04 15:34:21,732 [pool-413-thread-1] INFO  impl.RaftServerImpl (RaftServerImpl.java:start(181)) - bac0eeae-2796-4ae4-8adb-79ef1733d58f@group-E11979FE3E09: start as a follower, conf=-1: [bac0eeae-2796-4ae4-8adb-79ef1733d58f:192.168.164.204:33474], old=null
2019-10-04 15:34:21,732 [pool-413-thread-1] INFO  impl.RaftServerImpl (RaftServerImpl.java:setRole(170)) - bac0eeae-2796-4ae4-8adb-79ef1733d58f@group-E11979FE3E09: changes role from      null to FOLLOWER at term 0 for startAsFollower
2019-10-04 15:34:21,732 [pool-413-thread-1] INFO  impl.RoleInfo (RoleInfo.java:updateAndGet(143)) - bac0eeae-2796-4ae4-8adb-79ef1733d58f: start FollowerState
2019-10-04 15:34:21,733 [pool-413-thread-1] INFO  util.JmxRegister (JmxRegister.java:tryRegister(44)) - Successfully registered JMX Bean with object name Ratis:service=RaftServer,group=group-E11979FE3E09,id=bac0eeae-2796-4ae4-8adb-79ef1733d58f
2019-10-04 15:34:21,741 [RatisPipelineUtilsThread] INFO  pipeline.PipelineStateManager (PipelineStateManager.java:addPipeline(56)) - Created pipeline Pipeline[ Id: 8fb5470e-bce5-430a-b7a6-e11979fe3e09, Nodes: bac0eeae-2796-4ae4-8adb-79ef1733d58f{ip: 192.168.164.204, host: pr-hdds-2237-hhfs2-232792562, networkLocation: /default-rack, certSerialId: null}, Type:RATIS, Factor:ONE, State:OPEN]
2019-10-04 15:34:21,748 [grpc-default-executor-3] INFO  impl.RaftServerProxy (RaftServerProxy.java:addNew(89)) - 41b90895-f921-4588-baed-64b7c94401df: addNew group-FA720310E61C:[41b90895-f921-4588-baed-64b7c94401df:192.168.164.204:34440] returns group-FA720310E61C:java.util.concurrent.CompletableFuture@5a010fed[Not completed]
2019-10-04 15:34:21,750 [pool-423-thread-1] INFO  impl.RaftServerImpl (RaftServerImpl.java:<init>(95)) - 41b90895-f921-4588-baed-64b7c94401df: new RaftServerImpl for group-FA720310E61C:[41b90895-f921-4588-baed-64b7c94401df:192.168.164.204:34440] with ContainerStateMachine:uninitialized
2019-10-04 15:34:21,750 [pool-423-thread-1] INFO  server.RaftServerConfigKeys (ConfUtils.java:logGet(43)) - raft.server.rpc.timeout.min = 5s (custom)
2019-10-04 15:34:21,751 [pool-423-thread-1] INFO  server.RaftServerConfigKeys (ConfUtils.java:logGet(43)) - raft.server.rpc.timeout.max = 5200ms (custom)
2019-10-04 15:34:21,751 [pool-423-thread-1] INFO  server.RaftServerConfigKeys (ConfUtils.java:logGet(43)) - raft.server.rpcslowness.timeout = 120s (custom)
2019-10-04 15:34:21,751 [pool-423-thread-1] INFO  server.RaftServerConfigKeys (ConfUtils.java:logGet(43)) - raft.server.sleep.deviation.threshold = 300 (default)
2019-10-04 15:34:21,751 [pool-423-thread-1] INFO  server.RaftServerConfigKeys (ConfUtils.java:logGet(43)) - raft.server.log.appender.install.snapshot.enabled = false (custom)
2019-10-04 15:34:21,751 [pool-423-thread-1] INFO  impl.RaftServerImpl (ServerState.java:<init>(103)) - 41b90895-f921-4588-baed-64b7c94401df@group-FA720310E61C: ConfigurationManager, init=-1: [41b90895-f921-4588-baed-64b7c94401df:192.168.164.204:34440], old=null, confs=<EMPTY_MAP>
2019-10-04 15:34:21,752 [pool-423-thread-1] INFO  server.RaftServerConfigKeys (ConfUtils.java:logGet(43)) - raft.server.storage.dir = [/workdir/hadoop-ozone/integration-test/target/test-dir/MiniOzoneClusterImpl-b1993d2c-7d52-49f7-9e2e-29bde4de0e03/datanode-4/data/ratis] (custom)
2019-10-04 15:34:21,752 [pool-423-thread-1] INFO  server.RaftServerConfigKeys (ConfUtils.java:logGet(43)) - raft.server.log.corruption.policy = EXCEPTION (default)
2019-10-04 15:34:21,752 [pool-423-thread-1] INFO  storage.RaftStorageDirectory (RaftStorageDirectory.java:analyzeStorage(246)) - The storage directory /workdir/hadoop-ozone/integration-test/target/test-dir/MiniOzoneClusterImpl-b1993d2c-7d52-49f7-9e2e-29bde4de0e03/datanode-4/data/ratis/dc37719b-180b-4c82-9178-fa720310e61c does not exist. Creating ...
2019-10-04 15:34:21,766 [pool-423-thread-1] INFO  storage.RaftStorageDirectory (RaftStorageDirectory.java:tryLock(328)) - Lock on /workdir/hadoop-ozone/integration-test/target/test-dir/MiniOzoneClusterImpl-b1993d2c-7d52-49f7-9e2e-29bde4de0e03/datanode-4/data/ratis/dc37719b-180b-4c82-9178-fa720310e61c/in_use.lock acquired by nodename 17050@pr-hdds-2237-hhfs2-232792562
2019-10-04 15:34:21,779 [pool-423-thread-1] INFO  storage.RaftStorage (RaftStorage.java:format(84)) - Storage directory /workdir/hadoop-ozone/integration-test/target/test-dir/MiniOzoneClusterImpl-b1993d2c-7d52-49f7-9e2e-29bde4de0e03/datanode-4/data/ratis/dc37719b-180b-4c82-9178-fa720310e61c has been successfully formatted.
2019-10-04 15:34:21,779 [pool-423-thread-1] INFO  ratis.ContainerStateMachine (ContainerStateMachine.java:loadSnapshot(230)) - group-FA720310E61C: The snapshot info is null. Setting the last applied indexto:(t:0, i:~)
2019-10-04 15:34:21,779 [pool-423-thread-1] INFO  server.RaftServerConfigKeys (ConfUtils.java:logGet(43)) - raft.server.notification.no-leader.timeout = 120s (custom)
2019-10-04 15:34:21,779 [pool-423-thread-1] INFO  server.RaftServerConfigKeys (ConfUtils.java:logGet(43)) - raft.server.log.use.memory = false (default)
2019-10-04 15:34:21,780 [pool-423-thread-1] INFO  server.RaftServerConfigKeys (ConfUtils.java:logGet(43)) - raft.server.log.purge.gap = 1000000 (custom)
2019-10-04 15:34:21,780 [pool-423-thread-1] INFO  server.RaftServerConfigKeys (ConfUtils.java:logGet(43)) - raft.server.log.appender.buffer.byte-limit = 33554432 (custom)
2019-10-04 15:34:21,780 [pool-423-thread-1] INFO  server.RaftServerConfigKeys (ConfUtils.java:logGet(43)) - raft.server.log.segment.size.max = 1048576 (custom)
2019-10-04 15:34:21,781 [IPC Server handler 4 on 43209] INFO  net.NetworkTopology (NetworkTopologyImpl.java:add(111)) - Added a new node: /default-rack/40538270-ed87-41a8-8881-814cf78c0432
2019-10-04 15:34:21,781 [IPC Server handler 4 on 43209] INFO  node.SCMNodeManager (SCMNodeManager.java:register(266)) - Registered Data node : 40538270-ed87-41a8-8881-814cf78c0432{ip: 192.168.164.204, host: pr-hdds-2237-hhfs2-232792562, networkLocation: /default-rack, certSerialId: null}
2019-10-04 15:34:21,781 [pool-423-thread-1] INFO  server.RaftServerConfigKeys (ConfUtils.java:logGet(43)) - raft.server.log.segment.cache.num.max = 2 (custom)
2019-10-04 15:34:21,782 [pool-423-thread-1] INFO  segmented.SegmentedRaftLogWorker (SegmentedRaftLogWorker.java:<init>(173)) - new 41b90895-f921-4588-baed-64b7c94401df@group-FA720310E61C-SegmentedRaftLogWorker for RaftStorage:Storage Directory /workdir/hadoop-ozone/integration-test/target/test-dir/MiniOzoneClusterImpl-b1993d2c-7d52-49f7-9e2e-29bde4de0e03/datanode-4/data/ratis/dc37719b-180b-4c82-9178-fa720310e61c
2019-10-04 15:34:21,782 [pool-423-thread-1] INFO  server.RaftServerConfigKeys (ConfUtils.java:logGet(43)) - raft.server.log.queue.byte-limit = 2147483647 (custom)
2019-10-04 15:34:21,782 [pool-423-thread-1] INFO  server.RaftServerConfigKeys (ConfUtils.java:logGet(43)) - raft.server.log.queue.element-limit = 1024 (custom)
2019-10-04 15:34:21,782 [pool-423-thread-1] INFO  server.RaftServerConfigKeys (ConfUtils.java:logGet(43)) - raft.server.log.segment.size.max = 1048576 (custom)
2019-10-04 15:34:21,782 [pool-423-thread-1] INFO  server.RaftServerConfigKeys (ConfUtils.java:logGet(43)) - raft.server.log.preallocated.size = 16384 (custom)
2019-10-04 15:34:21,782 [pool-423-thread-1] INFO  server.RaftServerConfigKeys (ConfUtils.java:logGet(43)) - raft.server.log.write.buffer.size = 33554432 (custom)
2019-10-04 15:34:21,782 [pool-423-thread-1] INFO  server.RaftServerConfigKeys (ConfUtils.java:logGet(43)) - raft.server.log.force.sync.num = 128 (default)
2019-10-04 15:34:21,783 [pool-423-thread-1] INFO  server.RaftServerConfigKeys (ConfUtils.java:logGet(43)) - raft.server.log.statemachine.data.sync = true (default)
2019-10-04 15:34:21,783 [pool-423-thread-1] INFO  server.RaftServerConfigKeys (ConfUtils.java:logGet(43)) - raft.server.log.statemachine.data.sync.timeout = 10s (default)
2019-10-04 15:34:21,783 [pool-423-thread-1] INFO  server.RaftServerConfigKeys (ConfUtils.java:logGet(43)) - raft.server.log.statemachine.data.sync.timeout.retry = -1 (default)
2019-10-04 15:34:21,783 [pool-423-thread-1] INFO  server.RaftServerConfigKeys (ConfUtils.java:logGet(43)) - raft.server.log.statemachine.data.caching.enabled = true (custom)
2019-10-04 15:34:21,783 [pool-423-thread-1] INFO  segmented.SegmentedRaftLogWorker (SegmentedRaftLogWorker.java:lambda$new$0(128)) - 41b90895-f921-4588-baed-64b7c94401df@group-FA720310E61C-SegmentedRaftLogWorker: flushIndex: setUnconditionally 0 -> -1
2019-10-04 15:34:21,784 [pool-423-thread-1] INFO  server.RaftServerConfigKeys (ConfUtils.java:logGet(43)) - raft.server.snapshot.auto.trigger.enabled = true (custom)
2019-10-04 15:34:21,784 [pool-423-thread-1] INFO  server.RaftServerConfigKeys (ConfUtils.java:logGet(43)) - raft.server.snapshot.auto.trigger.threshold = 10000 (custom)
2019-10-04 15:34:21,784 [pool-423-thread-1] INFO  server.RaftServerConfigKeys (ConfUtils.java:logGet(43)) - raft.server.snapshot.retention.file.num = 5 (custom)
2019-10-04 15:34:21,784 [pool-423-thread-1] INFO  server.RaftServerConfigKeys (ConfUtils.java:logGet(43)) - raft.server.retrycache.expirytime = 600000ms (custom)
2019-10-04 15:34:21,786 [pool-423-thread-1] INFO  impl.RaftServerImpl (RaftServerImpl.java:start(181)) - 41b90895-f921-4588-baed-64b7c94401df@group-FA720310E61C: start as a follower, conf=-1: [41b90895-f921-4588-baed-64b7c94401df:192.168.164.204:34440], old=null
2019-10-04 15:34:21,786 [pool-423-thread-1] INFO  impl.RaftServerImpl (RaftServerImpl.java:setRole(170)) - 41b90895-f921-4588-baed-64b7c94401df@group-FA720310E61C: changes role from      null to FOLLOWER at term 0 for startAsFollower
2019-10-04 15:34:21,786 [pool-423-thread-1] INFO  impl.RoleInfo (RoleInfo.java:updateAndGet(143)) - 41b90895-f921-4588-baed-64b7c94401df: start FollowerState
2019-10-04 15:34:21,786 [pool-423-thread-1] INFO  util.JmxRegister (JmxRegister.java:tryRegister(44)) - Successfully registered JMX Bean with object name Ratis:service=RaftServer,group=group-FA720310E61C,id=41b90895-f921-4588-baed-64b7c94401df
2019-10-04 15:34:21,795 [RatisPipelineUtilsThread] INFO  pipeline.PipelineStateManager (PipelineStateManager.java:addPipeline(56)) - Created pipeline Pipeline[ Id: dc37719b-180b-4c82-9178-fa720310e61c, Nodes: 41b90895-f921-4588-baed-64b7c94401df{ip: 192.168.164.204, host: pr-hdds-2237-hhfs2-232792562, networkLocation: /default-rack, certSerialId: null}, Type:RATIS, Factor:ONE, State:OPEN]
2019-10-04 15:34:21,803 [grpc-default-executor-3] INFO  impl.RaftServerProxy (RaftServerProxy.java:addNew(89)) - 40538270-ed87-41a8-8881-814cf78c0432: addNew group-CCF87B8E0437:[40538270-ed87-41a8-8881-814cf78c0432:192.168.164.204:40555] returns group-CCF87B8E0437:java.util.concurrent.CompletableFuture@323954de[Not completed]
2019-10-04 15:34:21,804 [pool-433-thread-1] INFO  impl.RaftServerImpl (RaftServerImpl.java:<init>(95)) - 40538270-ed87-41a8-8881-814cf78c0432: new RaftServerImpl for group-CCF87B8E0437:[40538270-ed87-41a8-8881-814cf78c0432:192.168.164.204:40555] with ContainerStateMachine:uninitialized
2019-10-04 15:34:21,804 [pool-433-thread-1] INFO  server.RaftServerConfigKeys (ConfUtils.java:logGet(43)) - raft.server.rpc.timeout.min = 5s (custom)
2019-10-04 15:34:21,804 [pool-433-thread-1] INFO  server.RaftServerConfigKeys (ConfUtils.java:logGet(43)) - raft.server.rpc.timeout.max = 5200ms (custom)
2019-10-04 15:34:21,804 [pool-433-thread-1] INFO  server.RaftServerConfigKeys (ConfUtils.java:logGet(43)) - raft.server.rpcslowness.timeout = 120s (custom)
2019-10-04 15:34:21,804 [pool-433-thread-1] INFO  server.RaftServerConfigKeys (ConfUtils.java:logGet(43)) - raft.server.sleep.deviation.threshold = 300 (default)
2019-10-04 15:34:21,805 [pool-433-thread-1] INFO  server.RaftServerConfigKeys (ConfUtils.java:logGet(43)) - raft.server.log.appender.install.snapshot.enabled = false (custom)
2019-10-04 15:34:21,805 [pool-433-thread-1] INFO  impl.RaftServerImpl (ServerState.java:<init>(103)) - 40538270-ed87-41a8-8881-814cf78c0432@group-CCF87B8E0437: ConfigurationManager, init=-1: [40538270-ed87-41a8-8881-814cf78c0432:192.168.164.204:40555], old=null, confs=<EMPTY_MAP>
2019-10-04 15:34:21,805 [pool-433-thread-1] INFO  server.RaftServerConfigKeys (ConfUtils.java:logGet(43)) - raft.server.storage.dir = [/workdir/hadoop-ozone/integration-test/target/test-dir/MiniOzoneClusterImpl-b1993d2c-7d52-49f7-9e2e-29bde4de0e03/datanode-5/data/ratis] (custom)
2019-10-04 15:34:21,805 [pool-433-thread-1] INFO  server.RaftServerConfigKeys (ConfUtils.java:logGet(43)) - raft.server.log.corruption.policy = EXCEPTION (default)
2019-10-04 15:34:21,805 [pool-433-thread-1] INFO  storage.RaftStorageDirectory (RaftStorageDirectory.java:analyzeStorage(246)) - The storage directory /workdir/hadoop-ozone/integration-test/target/test-dir/MiniOzoneClusterImpl-b1993d2c-7d52-49f7-9e2e-29bde4de0e03/datanode-5/data/ratis/675c6f52-7b66-45c3-96af-ccf87b8e0437 does not exist. Creating ...
2019-10-04 15:34:21,818 [pool-433-thread-1] INFO  storage.RaftStorageDirectory (RaftStorageDirectory.java:tryLock(328)) - Lock on /workdir/hadoop-ozone/integration-test/target/test-dir/MiniOzoneClusterImpl-b1993d2c-7d52-49f7-9e2e-29bde4de0e03/datanode-5/data/ratis/675c6f52-7b66-45c3-96af-ccf87b8e0437/in_use.lock acquired by nodename 17050@pr-hdds-2237-hhfs2-232792562
2019-10-04 15:34:21,831 [pool-433-thread-1] INFO  storage.RaftStorage (RaftStorage.java:format(84)) - Storage directory /workdir/hadoop-ozone/integration-test/target/test-dir/MiniOzoneClusterImpl-b1993d2c-7d52-49f7-9e2e-29bde4de0e03/datanode-5/data/ratis/675c6f52-7b66-45c3-96af-ccf87b8e0437 has been successfully formatted.
2019-10-04 15:34:21,831 [pool-433-thread-1] INFO  ratis.ContainerStateMachine (ContainerStateMachine.java:loadSnapshot(230)) - group-CCF87B8E0437: The snapshot info is null. Setting the last applied indexto:(t:0, i:~)
2019-10-04 15:34:21,831 [pool-433-thread-1] INFO  server.RaftServerConfigKeys (ConfUtils.java:logGet(43)) - raft.server.notification.no-leader.timeout = 120s (custom)
2019-10-04 15:34:21,831 [pool-433-thread-1] INFO  server.RaftServerConfigKeys (ConfUtils.java:logGet(43)) - raft.server.log.use.memory = false (default)
2019-10-04 15:34:21,832 [pool-433-thread-1] INFO  server.RaftServerConfigKeys (ConfUtils.java:logGet(43)) - raft.server.log.purge.gap = 1000000 (custom)
2019-10-04 15:34:21,832 [pool-433-thread-1] INFO  server.RaftServerConfigKeys (ConfUtils.java:logGet(43)) - raft.server.log.appender.buffer.byte-limit = 33554432 (custom)
2019-10-04 15:34:21,832 [pool-433-thread-1] INFO  server.RaftServerConfigKeys (ConfUtils.java:logGet(43)) - raft.server.log.segment.size.max = 1048576 (custom)
2019-10-04 15:34:21,833 [pool-433-thread-1] INFO  server.RaftServerConfigKeys (ConfUtils.java:logGet(43)) - raft.server.log.segment.cache.num.max = 2 (custom)
2019-10-04 15:34:21,834 [pool-433-thread-1] INFO  segmented.SegmentedRaftLogWorker (SegmentedRaftLogWorker.java:<init>(173)) - new 40538270-ed87-41a8-8881-814cf78c0432@group-CCF87B8E0437-SegmentedRaftLogWorker for RaftStorage:Storage Directory /workdir/hadoop-ozone/integration-test/target/test-dir/MiniOzoneClusterImpl-b1993d2c-7d52-49f7-9e2e-29bde4de0e03/datanode-5/data/ratis/675c6f52-7b66-45c3-96af-ccf87b8e0437
2019-10-04 15:34:21,834 [pool-433-thread-1] INFO  server.RaftServerConfigKeys (ConfUtils.java:logGet(43)) - raft.server.log.queue.byte-limit = 2147483647 (custom)
2019-10-04 15:34:21,834 [pool-433-thread-1] INFO  server.RaftServerConfigKeys (ConfUtils.java:logGet(43)) - raft.server.log.queue.element-limit = 1024 (custom)
2019-10-04 15:34:21,834 [pool-433-thread-1] INFO  server.RaftServerConfigKeys (ConfUtils.java:logGet(43)) - raft.server.log.segment.size.max = 1048576 (custom)
2019-10-04 15:34:21,834 [pool-433-thread-1] INFO  server.RaftServerConfigKeys (ConfUtils.java:logGet(43)) - raft.server.log.preallocated.size = 16384 (custom)
2019-10-04 15:34:21,834 [pool-433-thread-1] INFO  server.RaftServerConfigKeys (ConfUtils.java:logGet(43)) - raft.server.log.write.buffer.size = 33554432 (custom)
2019-10-04 15:34:21,834 [pool-433-thread-1] INFO  server.RaftServerConfigKeys (ConfUtils.java:logGet(43)) - raft.server.log.force.sync.num = 128 (default)
2019-10-04 15:34:21,834 [pool-433-thread-1] INFO  server.RaftServerConfigKeys (ConfUtils.java:logGet(43)) - raft.server.log.statemachine.data.sync = true (default)
2019-10-04 15:34:21,834 [pool-433-thread-1] INFO  server.RaftServerConfigKeys (ConfUtils.java:logGet(43)) - raft.server.log.statemachine.data.sync.timeout = 10s (default)
2019-10-04 15:34:21,835 [pool-433-thread-1] INFO  server.RaftServerConfigKeys (ConfUtils.java:logGet(43)) - raft.server.log.statemachine.data.sync.timeout.retry = -1 (default)
2019-10-04 15:34:21,835 [pool-433-thread-1] INFO  server.RaftServerConfigKeys (ConfUtils.java:logGet(43)) - raft.server.log.statemachine.data.caching.enabled = true (custom)
2019-10-04 15:34:21,835 [pool-433-thread-1] INFO  segmented.SegmentedRaftLogWorker (SegmentedRaftLogWorker.java:lambda$new$0(128)) - 40538270-ed87-41a8-8881-814cf78c0432@group-CCF87B8E0437-SegmentedRaftLogWorker: flushIndex: setUnconditionally 0 -> -1
2019-10-04 15:34:21,835 [pool-433-thread-1] INFO  server.RaftServerConfigKeys (ConfUtils.java:logGet(43)) - raft.server.snapshot.auto.trigger.enabled = true (custom)
2019-10-04 15:34:21,836 [pool-433-thread-1] INFO  server.RaftServerConfigKeys (ConfUtils.java:logGet(43)) - raft.server.snapshot.auto.trigger.threshold = 10000 (custom)
2019-10-04 15:34:21,836 [pool-433-thread-1] INFO  server.RaftServerConfigKeys (ConfUtils.java:logGet(43)) - raft.server.snapshot.retention.file.num = 5 (custom)
2019-10-04 15:34:21,836 [pool-433-thread-1] INFO  server.RaftServerConfigKeys (ConfUtils.java:logGet(43)) - raft.server.retrycache.expirytime = 600000ms (custom)
2019-10-04 15:34:21,837 [pool-433-thread-1] INFO  impl.RaftServerImpl (RaftServerImpl.java:start(181)) - 40538270-ed87-41a8-8881-814cf78c0432@group-CCF87B8E0437: start as a follower, conf=-1: [40538270-ed87-41a8-8881-814cf78c0432:192.168.164.204:40555], old=null
2019-10-04 15:34:21,837 [pool-433-thread-1] INFO  impl.RaftServerImpl (RaftServerImpl.java:setRole(170)) - 40538270-ed87-41a8-8881-814cf78c0432@group-CCF87B8E0437: changes role from      null to FOLLOWER at term 0 for startAsFollower
2019-10-04 15:34:21,837 [pool-433-thread-1] INFO  impl.RoleInfo (RoleInfo.java:updateAndGet(143)) - 40538270-ed87-41a8-8881-814cf78c0432: start FollowerState
2019-10-04 15:34:21,838 [pool-433-thread-1] INFO  util.JmxRegister (JmxRegister.java:tryRegister(44)) - Successfully registered JMX Bean with object name Ratis:service=RaftServer,group=group-CCF87B8E0437,id=40538270-ed87-41a8-8881-814cf78c0432
2019-10-04 15:34:21,847 [RatisPipelineUtilsThread] INFO  pipeline.PipelineStateManager (PipelineStateManager.java:addPipeline(56)) - Created pipeline Pipeline[ Id: 675c6f52-7b66-45c3-96af-ccf87b8e0437, Nodes: 40538270-ed87-41a8-8881-814cf78c0432{ip: 192.168.164.204, host: pr-hdds-2237-hhfs2-232792562, networkLocation: /default-rack, certSerialId: null}, Type:RATIS, Factor:ONE, State:OPEN]
2019-10-04 15:34:21,855 [main] INFO  ozone.MiniOzoneClusterImpl (MiniOzoneClusterImpl.java:lambda$waitForClusterToBeReady$0(147)) - Waiting for cluster to be ready. Got 6 of 7 DN Heartbeats.
2019-10-04 15:34:21,859 [IPC Server handler 2 on 43209] INFO  net.NetworkTopology (NetworkTopologyImpl.java:add(111)) - Added a new node: /default-rack/71681165-ab15-42b2-9386-d2e42f7ae29e
2019-10-04 15:34:21,859 [IPC Server handler 2 on 43209] INFO  node.SCMNodeManager (SCMNodeManager.java:register(266)) - Registered Data node : 71681165-ab15-42b2-9386-d2e42f7ae29e{ip: 192.168.164.204, host: pr-hdds-2237-hhfs2-232792562, networkLocation: /default-rack, certSerialId: null}
2019-10-04 15:34:21,867 [grpc-default-executor-3] INFO  impl.RaftServerProxy (RaftServerProxy.java:addNew(89)) - 41b90895-f921-4588-baed-64b7c94401df: addNew group-D1D8C6678C15:[bac0eeae-2796-4ae4-8adb-79ef1733d58f:192.168.164.204:33474, 40538270-ed87-41a8-8881-814cf78c0432:192.168.164.204:40555, 41b90895-f921-4588-baed-64b7c94401df:192.168.164.204:34440] returns group-D1D8C6678C15:java.util.concurrent.CompletableFuture@151b327e[Not completed]
2019-10-04 15:34:21,868 [grpc-default-executor-14] INFO  impl.RaftServerProxy (RaftServerProxy.java:addNew(89)) - 40538270-ed87-41a8-8881-814cf78c0432: addNew group-D1D8C6678C15:[bac0eeae-2796-4ae4-8adb-79ef1733d58f:192.168.164.204:33474, 40538270-ed87-41a8-8881-814cf78c0432:192.168.164.204:40555, 41b90895-f921-4588-baed-64b7c94401df:192.168.164.204:34440] returns group-D1D8C6678C15:java.util.concurrent.CompletableFuture@33b38fc2[Not completed]
2019-10-04 15:34:21,868 [grpc-default-executor-6] INFO  impl.RaftServerProxy (RaftServerProxy.java:addNew(89)) - bac0eeae-2796-4ae4-8adb-79ef1733d58f: addNew group-D1D8C6678C15:[bac0eeae-2796-4ae4-8adb-79ef1733d58f:192.168.164.204:33474, 40538270-ed87-41a8-8881-814cf78c0432:192.168.164.204:40555, 41b90895-f921-4588-baed-64b7c94401df:192.168.164.204:34440] returns group-D1D8C6678C15:java.util.concurrent.CompletableFuture@7d924af1[Not completed]
2019-10-04 15:34:21,869 [pool-423-thread-1] INFO  impl.RaftServerImpl (RaftServerImpl.java:<init>(95)) - 41b90895-f921-4588-baed-64b7c94401df: new RaftServerImpl for group-D1D8C6678C15:[bac0eeae-2796-4ae4-8adb-79ef1733d58f:192.168.164.204:33474, 40538270-ed87-41a8-8881-814cf78c0432:192.168.164.204:40555, 41b90895-f921-4588-baed-64b7c94401df:192.168.164.204:34440] with ContainerStateMachine:uninitialized
2019-10-04 15:34:21,869 [pool-423-thread-1] INFO  server.RaftServerConfigKeys (ConfUtils.java:logGet(43)) - raft.server.rpc.timeout.min = 5s (custom)
2019-10-04 15:34:21,869 [pool-423-thread-1] INFO  server.RaftServerConfigKeys (ConfUtils.java:logGet(43)) - raft.server.rpc.timeout.max = 5200ms (custom)
2019-10-04 15:34:21,869 [pool-423-thread-1] INFO  server.RaftServerConfigKeys (ConfUtils.java:logGet(43)) - raft.server.rpcslowness.timeout = 120s (custom)
2019-10-04 15:34:21,869 [pool-423-thread-1] INFO  server.RaftServerConfigKeys (ConfUtils.java:logGet(43)) - raft.server.sleep.deviation.threshold = 300 (default)
2019-10-04 15:34:21,870 [pool-423-thread-1] INFO  server.RaftServerConfigKeys (ConfUtils.java:logGet(43)) - raft.server.log.appender.install.snapshot.enabled = false (custom)
2019-10-04 15:34:21,870 [pool-423-thread-1] INFO  impl.RaftServerImpl (ServerState.java:<init>(103)) - 41b90895-f921-4588-baed-64b7c94401df@group-D1D8C6678C15: ConfigurationManager, init=-1: [bac0eeae-2796-4ae4-8adb-79ef1733d58f:192.168.164.204:33474, 40538270-ed87-41a8-8881-814cf78c0432:192.168.164.204:40555, 41b90895-f921-4588-baed-64b7c94401df:192.168.164.204:34440], old=null, confs=<EMPTY_MAP>
2019-10-04 15:34:21,870 [pool-423-thread-1] INFO  server.RaftServerConfigKeys (ConfUtils.java:logGet(43)) - raft.server.storage.dir = [/workdir/hadoop-ozone/integration-test/target/test-dir/MiniOzoneClusterImpl-b1993d2c-7d52-49f7-9e2e-29bde4de0e03/datanode-4/data/ratis] (custom)
2019-10-04 15:34:21,870 [pool-433-thread-1] INFO  impl.RaftServerImpl (RaftServerImpl.java:<init>(95)) - 40538270-ed87-41a8-8881-814cf78c0432: new RaftServerImpl for group-D1D8C6678C15:[bac0eeae-2796-4ae4-8adb-79ef1733d58f:192.168.164.204:33474, 40538270-ed87-41a8-8881-814cf78c0432:192.168.164.204:40555, 41b90895-f921-4588-baed-64b7c94401df:192.168.164.204:34440] with ContainerStateMachine:uninitialized
2019-10-04 15:34:21,870 [pool-423-thread-1] INFO  server.RaftServerConfigKeys (ConfUtils.java:logGet(43)) - raft.server.log.corruption.policy = EXCEPTION (default)
2019-10-04 15:34:21,870 [pool-433-thread-1] INFO  server.RaftServerConfigKeys (ConfUtils.java:logGet(43)) - raft.server.rpc.timeout.min = 5s (custom)
2019-10-04 15:34:21,870 [pool-423-thread-1] INFO  storage.RaftStorageDirectory (RaftStorageDirectory.java:analyzeStorage(246)) - The storage directory /workdir/hadoop-ozone/integration-test/target/test-dir/MiniOzoneClusterImpl-b1993d2c-7d52-49f7-9e2e-29bde4de0e03/datanode-4/data/ratis/9da987ae-e301-430f-9fb0-d1d8c6678c15 does not exist. Creating ...
2019-10-04 15:34:21,870 [pool-433-thread-1] INFO  server.RaftServerConfigKeys (ConfUtils.java:logGet(43)) - raft.server.rpc.timeout.max = 5200ms (custom)
2019-10-04 15:34:21,870 [pool-413-thread-1] INFO  impl.RaftServerImpl (RaftServerImpl.java:<init>(95)) - bac0eeae-2796-4ae4-8adb-79ef1733d58f: new RaftServerImpl for group-D1D8C6678C15:[bac0eeae-2796-4ae4-8adb-79ef1733d58f:192.168.164.204:33474, 40538270-ed87-41a8-8881-814cf78c0432:192.168.164.204:40555, 41b90895-f921-4588-baed-64b7c94401df:192.168.164.204:34440] with ContainerStateMachine:uninitialized
2019-10-04 15:34:21,870 [pool-433-thread-1] INFO  server.RaftServerConfigKeys (ConfUtils.java:logGet(43)) - raft.server.rpcslowness.timeout = 120s (custom)
2019-10-04 15:34:21,871 [pool-413-thread-1] INFO  server.RaftServerConfigKeys (ConfUtils.java:logGet(43)) - raft.server.rpc.timeout.min = 5s (custom)
2019-10-04 15:34:21,871 [pool-433-thread-1] INFO  server.RaftServerConfigKeys (ConfUtils.java:logGet(43)) - raft.server.sleep.deviation.threshold = 300 (default)
2019-10-04 15:34:21,871 [pool-413-thread-1] INFO  server.RaftServerConfigKeys (ConfUtils.java:logGet(43)) - raft.server.rpc.timeout.max = 5200ms (custom)
2019-10-04 15:34:21,871 [pool-433-thread-1] INFO  server.RaftServerConfigKeys (ConfUtils.java:logGet(43)) - raft.server.log.appender.install.snapshot.enabled = false (custom)
2019-10-04 15:34:21,871 [pool-413-thread-1] INFO  server.RaftServerConfigKeys (ConfUtils.java:logGet(43)) - raft.server.rpcslowness.timeout = 120s (custom)
2019-10-04 15:34:21,871 [pool-433-thread-1] INFO  impl.RaftServerImpl (ServerState.java:<init>(103)) - 40538270-ed87-41a8-8881-814cf78c0432@group-D1D8C6678C15: ConfigurationManager, init=-1: [bac0eeae-2796-4ae4-8adb-79ef1733d58f:192.168.164.204:33474, 40538270-ed87-41a8-8881-814cf78c0432:192.168.164.204:40555, 41b90895-f921-4588-baed-64b7c94401df:192.168.164.204:34440], old=null, confs=<EMPTY_MAP>
2019-10-04 15:34:21,871 [pool-413-thread-1] INFO  server.RaftServerConfigKeys (ConfUtils.java:logGet(43)) - raft.server.sleep.deviation.threshold = 300 (default)
2019-10-04 15:34:21,871 [pool-433-thread-1] INFO  server.RaftServerConfigKeys (ConfUtils.java:logGet(43)) - raft.server.storage.dir = [/workdir/hadoop-ozone/integration-test/target/test-dir/MiniOzoneClusterImpl-b1993d2c-7d52-49f7-9e2e-29bde4de0e03/datanode-5/data/ratis] (custom)
2019-10-04 15:34:21,871 [pool-413-thread-1] INFO  server.RaftServerConfigKeys (ConfUtils.java:logGet(43)) - raft.server.log.appender.install.snapshot.enabled = false (custom)
2019-10-04 15:34:21,872 [pool-433-thread-1] INFO  server.RaftServerConfigKeys (ConfUtils.java:logGet(43)) - raft.server.log.corruption.policy = EXCEPTION (default)
2019-10-04 15:34:21,872 [pool-413-thread-1] INFO  impl.RaftServerImpl (ServerState.java:<init>(103)) - bac0eeae-2796-4ae4-8adb-79ef1733d58f@group-D1D8C6678C15: ConfigurationManager, init=-1: [bac0eeae-2796-4ae4-8adb-79ef1733d58f:192.168.164.204:33474, 40538270-ed87-41a8-8881-814cf78c0432:192.168.164.204:40555, 41b90895-f921-4588-baed-64b7c94401df:192.168.164.204:34440], old=null, confs=<EMPTY_MAP>
2019-10-04 15:34:21,872 [pool-433-thread-1] INFO  storage.RaftStorageDirectory (RaftStorageDirectory.java:analyzeStorage(246)) - The storage directory /workdir/hadoop-ozone/integration-test/target/test-dir/MiniOzoneClusterImpl-b1993d2c-7d52-49f7-9e2e-29bde4de0e03/datanode-5/data/ratis/9da987ae-e301-430f-9fb0-d1d8c6678c15 does not exist. Creating ...
2019-10-04 15:34:21,872 [pool-413-thread-1] INFO  server.RaftServerConfigKeys (ConfUtils.java:logGet(43)) - raft.server.storage.dir = [/workdir/hadoop-ozone/integration-test/target/test-dir/MiniOzoneClusterImpl-b1993d2c-7d52-49f7-9e2e-29bde4de0e03/datanode-3/data/ratis] (custom)
2019-10-04 15:34:21,872 [pool-413-thread-1] INFO  server.RaftServerConfigKeys (ConfUtils.java:logGet(43)) - raft.server.log.corruption.policy = EXCEPTION (default)
2019-10-04 15:34:21,872 [pool-413-thread-1] INFO  storage.RaftStorageDirectory (RaftStorageDirectory.java:analyzeStorage(246)) - The storage directory /workdir/hadoop-ozone/integration-test/target/test-dir/MiniOzoneClusterImpl-b1993d2c-7d52-49f7-9e2e-29bde4de0e03/datanode-3/data/ratis/9da987ae-e301-430f-9fb0-d1d8c6678c15 does not exist. Creating ...
2019-10-04 15:34:21,900 [pool-413-thread-1] INFO  storage.RaftStorageDirectory (RaftStorageDirectory.java:tryLock(328)) - Lock on /workdir/hadoop-ozone/integration-test/target/test-dir/MiniOzoneClusterImpl-b1993d2c-7d52-49f7-9e2e-29bde4de0e03/datanode-3/data/ratis/9da987ae-e301-430f-9fb0-d1d8c6678c15/in_use.lock acquired by nodename 17050@pr-hdds-2237-hhfs2-232792562
2019-10-04 15:34:21,900 [pool-423-thread-1] INFO  storage.RaftStorageDirectory (RaftStorageDirectory.java:tryLock(328)) - Lock on /workdir/hadoop-ozone/integration-test/target/test-dir/MiniOzoneClusterImpl-b1993d2c-7d52-49f7-9e2e-29bde4de0e03/datanode-4/data/ratis/9da987ae-e301-430f-9fb0-d1d8c6678c15/in_use.lock acquired by nodename 17050@pr-hdds-2237-hhfs2-232792562
2019-10-04 15:34:21,900 [pool-433-thread-1] INFO  storage.RaftStorageDirectory (RaftStorageDirectory.java:tryLock(328)) - Lock on /workdir/hadoop-ozone/integration-test/target/test-dir/MiniOzoneClusterImpl-b1993d2c-7d52-49f7-9e2e-29bde4de0e03/datanode-5/data/ratis/9da987ae-e301-430f-9fb0-d1d8c6678c15/in_use.lock acquired by nodename 17050@pr-hdds-2237-hhfs2-232792562
2019-10-04 15:34:21,911 [pool-423-thread-1] INFO  storage.RaftStorage (RaftStorage.java:format(84)) - Storage directory /workdir/hadoop-ozone/integration-test/target/test-dir/MiniOzoneClusterImpl-b1993d2c-7d52-49f7-9e2e-29bde4de0e03/datanode-4/data/ratis/9da987ae-e301-430f-9fb0-d1d8c6678c15 has been successfully formatted.
2019-10-04 15:34:21,911 [pool-413-thread-1] INFO  storage.RaftStorage (RaftStorage.java:format(84)) - Storage directory /workdir/hadoop-ozone/integration-test/target/test-dir/MiniOzoneClusterImpl-b1993d2c-7d52-49f7-9e2e-29bde4de0e03/datanode-3/data/ratis/9da987ae-e301-430f-9fb0-d1d8c6678c15 has been successfully formatted.
2019-10-04 15:34:21,911 [pool-433-thread-1] INFO  storage.RaftStorage (RaftStorage.java:format(84)) - Storage directory /workdir/hadoop-ozone/integration-test/target/test-dir/MiniOzoneClusterImpl-b1993d2c-7d52-49f7-9e2e-29bde4de0e03/datanode-5/data/ratis/9da987ae-e301-430f-9fb0-d1d8c6678c15 has been successfully formatted.
2019-10-04 15:34:21,912 [pool-413-thread-1] INFO  ratis.ContainerStateMachine (ContainerStateMachine.java:loadSnapshot(230)) - group-D1D8C6678C15: The snapshot info is null. Setting the last applied indexto:(t:0, i:~)
2019-10-04 15:34:21,912 [pool-423-thread-1] INFO  ratis.ContainerStateMachine (ContainerStateMachine.java:loadSnapshot(230)) - group-D1D8C6678C15: The snapshot info is null. Setting the last applied indexto:(t:0, i:~)
2019-10-04 15:34:21,912 [pool-413-thread-1] INFO  server.RaftServerConfigKeys (ConfUtils.java:logGet(43)) - raft.server.notification.no-leader.timeout = 120s (custom)
2019-10-04 15:34:21,912 [pool-433-thread-1] INFO  ratis.ContainerStateMachine (ContainerStateMachine.java:loadSnapshot(230)) - group-D1D8C6678C15: The snapshot info is null. Setting the last applied indexto:(t:0, i:~)
2019-10-04 15:34:21,912 [pool-413-thread-1] INFO  server.RaftServerConfigKeys (ConfUtils.java:logGet(43)) - raft.server.log.use.memory = false (default)
2019-10-04 15:34:21,912 [pool-423-thread-1] INFO  server.RaftServerConfigKeys (ConfUtils.java:logGet(43)) - raft.server.notification.no-leader.timeout = 120s (custom)
2019-10-04 15:34:21,912 [pool-413-thread-1] INFO  server.RaftServerConfigKeys (ConfUtils.java:logGet(43)) - raft.server.log.purge.gap = 1000000 (custom)
2019-10-04 15:34:21,912 [pool-433-thread-1] INFO  server.RaftServerConfigKeys (ConfUtils.java:logGet(43)) - raft.server.notification.no-leader.timeout = 120s (custom)
2019-10-04 15:34:21,913 [pool-413-thread-1] INFO  server.RaftServerConfigKeys (ConfUtils.java:logGet(43)) - raft.server.log.appender.buffer.byte-limit = 33554432 (custom)
2019-10-04 15:34:21,913 [pool-423-thread-1] INFO  server.RaftServerConfigKeys (ConfUtils.java:logGet(43)) - raft.server.log.use.memory = false (default)
2019-10-04 15:34:21,913 [pool-413-thread-1] INFO  server.RaftServerConfigKeys (ConfUtils.java:logGet(43)) - raft.server.log.segment.size.max = 1048576 (custom)
2019-10-04 15:34:21,913 [pool-433-thread-1] INFO  server.RaftServerConfigKeys (ConfUtils.java:logGet(43)) - raft.server.log.use.memory = false (default)
2019-10-04 15:34:21,913 [pool-413-thread-1] INFO  server.RaftServerConfigKeys (ConfUtils.java:logGet(43)) - raft.server.log.segment.cache.num.max = 2 (custom)
2019-10-04 15:34:21,913 [pool-423-thread-1] INFO  server.RaftServerConfigKeys (ConfUtils.java:logGet(43)) - raft.server.log.purge.gap = 1000000 (custom)
2019-10-04 15:34:21,913 [pool-413-thread-1] INFO  segmented.SegmentedRaftLogWorker (SegmentedRaftLogWorker.java:<init>(173)) - new bac0eeae-2796-4ae4-8adb-79ef1733d58f@group-D1D8C6678C15-SegmentedRaftLogWorker for RaftStorage:Storage Directory /workdir/hadoop-ozone/integration-test/target/test-dir/MiniOzoneClusterImpl-b1993d2c-7d52-49f7-9e2e-29bde4de0e03/datanode-3/data/ratis/9da987ae-e301-430f-9fb0-d1d8c6678c15
2019-10-04 15:34:21,913 [pool-433-thread-1] INFO  server.RaftServerConfigKeys (ConfUtils.java:logGet(43)) - raft.server.log.purge.gap = 1000000 (custom)
2019-10-04 15:34:21,914 [pool-413-thread-1] INFO  server.RaftServerConfigKeys (ConfUtils.java:logGet(43)) - raft.server.log.queue.byte-limit = 2147483647 (custom)
2019-10-04 15:34:21,914 [pool-413-thread-1] INFO  server.RaftServerConfigKeys (ConfUtils.java:logGet(43)) - raft.server.log.queue.element-limit = 1024 (custom)
2019-10-04 15:34:21,914 [pool-423-thread-1] INFO  server.RaftServerConfigKeys (ConfUtils.java:logGet(43)) - raft.server.log.appender.buffer.byte-limit = 33554432 (custom)
2019-10-04 15:34:21,914 [pool-413-thread-1] INFO  server.RaftServerConfigKeys (ConfUtils.java:logGet(43)) - raft.server.log.segment.size.max = 1048576 (custom)
2019-10-04 15:34:21,914 [pool-433-thread-1] INFO  server.RaftServerConfigKeys (ConfUtils.java:logGet(43)) - raft.server.log.appender.buffer.byte-limit = 33554432 (custom)
2019-10-04 15:34:21,914 [pool-413-thread-1] INFO  server.RaftServerConfigKeys (ConfUtils.java:logGet(43)) - raft.server.log.preallocated.size = 16384 (custom)
2019-10-04 15:34:21,915 [pool-413-thread-1] INFO  server.RaftServerConfigKeys (ConfUtils.java:logGet(43)) - raft.server.log.write.buffer.size = 33554432 (custom)
2019-10-04 15:34:21,914 [pool-423-thread-1] INFO  server.RaftServerConfigKeys (ConfUtils.java:logGet(43)) - raft.server.log.segment.size.max = 1048576 (custom)
2019-10-04 15:34:21,915 [pool-413-thread-1] INFO  server.RaftServerConfigKeys (ConfUtils.java:logGet(43)) - raft.server.log.force.sync.num = 128 (default)
2019-10-04 15:34:21,915 [pool-433-thread-1] INFO  server.RaftServerConfigKeys (ConfUtils.java:logGet(43)) - raft.server.log.segment.size.max = 1048576 (custom)
2019-10-04 15:34:21,915 [pool-413-thread-1] INFO  server.RaftServerConfigKeys (ConfUtils.java:logGet(43)) - raft.server.log.statemachine.data.sync = true (default)
2019-10-04 15:34:21,915 [pool-423-thread-1] INFO  server.RaftServerConfigKeys (ConfUtils.java:logGet(43)) - raft.server.log.segment.cache.num.max = 2 (custom)
2019-10-04 15:34:21,915 [pool-413-thread-1] INFO  server.RaftServerConfigKeys (ConfUtils.java:logGet(43)) - raft.server.log.statemachine.data.sync.timeout = 10s (default)
2019-10-04 15:34:21,916 [pool-413-thread-1] INFO  server.RaftServerConfigKeys (ConfUtils.java:logGet(43)) - raft.server.log.statemachine.data.sync.timeout.retry = -1 (default)
2019-10-04 15:34:21,915 [pool-433-thread-1] INFO  server.RaftServerConfigKeys (ConfUtils.java:logGet(43)) - raft.server.log.segment.cache.num.max = 2 (custom)
2019-10-04 15:34:21,916 [pool-413-thread-1] INFO  server.RaftServerConfigKeys (ConfUtils.java:logGet(43)) - raft.server.log.statemachine.data.caching.enabled = true (custom)
2019-10-04 15:34:21,915 [pool-423-thread-1] INFO  segmented.SegmentedRaftLogWorker (SegmentedRaftLogWorker.java:<init>(173)) - new 41b90895-f921-4588-baed-64b7c94401df@group-D1D8C6678C15-SegmentedRaftLogWorker for RaftStorage:Storage Directory /workdir/hadoop-ozone/integration-test/target/test-dir/MiniOzoneClusterImpl-b1993d2c-7d52-49f7-9e2e-29bde4de0e03/datanode-4/data/ratis/9da987ae-e301-430f-9fb0-d1d8c6678c15
2019-10-04 15:34:21,916 [pool-433-thread-1] INFO  segmented.SegmentedRaftLogWorker (SegmentedRaftLogWorker.java:<init>(173)) - new 40538270-ed87-41a8-8881-814cf78c0432@group-D1D8C6678C15-SegmentedRaftLogWorker for RaftStorage:Storage Directory /workdir/hadoop-ozone/integration-test/target/test-dir/MiniOzoneClusterImpl-b1993d2c-7d52-49f7-9e2e-29bde4de0e03/datanode-5/data/ratis/9da987ae-e301-430f-9fb0-d1d8c6678c15
2019-10-04 15:34:21,916 [pool-413-thread-1] INFO  segmented.SegmentedRaftLogWorker (SegmentedRaftLogWorker.java:lambda$new$0(128)) - bac0eeae-2796-4ae4-8adb-79ef1733d58f@group-D1D8C6678C15-SegmentedRaftLogWorker: flushIndex: setUnconditionally 0 -> -1
2019-10-04 15:34:21,916 [pool-423-thread-1] INFO  server.RaftServerConfigKeys (ConfUtils.java:logGet(43)) - raft.server.log.queue.byte-limit = 2147483647 (custom)
2019-10-04 15:34:21,916 [pool-433-thread-1] INFO  server.RaftServerConfigKeys (ConfUtils.java:logGet(43)) - raft.server.log.queue.byte-limit = 2147483647 (custom)
2019-10-04 15:34:21,917 [pool-413-thread-1] INFO  server.RaftServerConfigKeys (ConfUtils.java:logGet(43)) - raft.server.snapshot.auto.trigger.enabled = true (custom)
2019-10-04 15:34:21,916 [pool-423-thread-1] INFO  server.RaftServerConfigKeys (ConfUtils.java:logGet(43)) - raft.server.log.queue.element-limit = 1024 (custom)
2019-10-04 15:34:21,917 [pool-413-thread-1] INFO  server.RaftServerConfigKeys (ConfUtils.java:logGet(43)) - raft.server.snapshot.auto.trigger.threshold = 10000 (custom)
2019-10-04 15:34:21,917 [pool-433-thread-1] INFO  server.RaftServerConfigKeys (ConfUtils.java:logGet(43)) - raft.server.log.queue.element-limit = 1024 (custom)
2019-10-04 15:34:21,917 [pool-413-thread-1] INFO  server.RaftServerConfigKeys (ConfUtils.java:logGet(43)) - raft.server.snapshot.retention.file.num = 5 (custom)
2019-10-04 15:34:21,917 [pool-423-thread-1] INFO  server.RaftServerConfigKeys (ConfUtils.java:logGet(43)) - raft.server.log.segment.size.max = 1048576 (custom)
2019-10-04 15:34:21,917 [pool-413-thread-1] INFO  server.RaftServerConfigKeys (ConfUtils.java:logGet(43)) - raft.server.retrycache.expirytime = 600000ms (custom)
2019-10-04 15:34:21,917 [pool-433-thread-1] INFO  server.RaftServerConfigKeys (ConfUtils.java:logGet(43)) - raft.server.log.segment.size.max = 1048576 (custom)
2019-10-04 15:34:21,917 [pool-423-thread-1] INFO  server.RaftServerConfigKeys (ConfUtils.java:logGet(43)) - raft.server.log.preallocated.size = 16384 (custom)
2019-10-04 15:34:21,918 [pool-433-thread-1] INFO  server.RaftServerConfigKeys (ConfUtils.java:logGet(43)) - raft.server.log.preallocated.size = 16384 (custom)
2019-10-04 15:34:21,918 [pool-423-thread-1] INFO  server.RaftServerConfigKeys (ConfUtils.java:logGet(43)) - raft.server.log.write.buffer.size = 33554432 (custom)
2019-10-04 15:34:21,918 [pool-433-thread-1] INFO  server.RaftServerConfigKeys (ConfUtils.java:logGet(43)) - raft.server.log.write.buffer.size = 33554432 (custom)
2019-10-04 15:34:21,918 [pool-423-thread-1] INFO  server.RaftServerConfigKeys (ConfUtils.java:logGet(43)) - raft.server.log.force.sync.num = 128 (default)
2019-10-04 15:34:21,918 [pool-433-thread-1] INFO  server.RaftServerConfigKeys (ConfUtils.java:logGet(43)) - raft.server.log.force.sync.num = 128 (default)
2019-10-04 15:34:21,918 [pool-423-thread-1] INFO  server.RaftServerConfigKeys (ConfUtils.java:logGet(43)) - raft.server.log.statemachine.data.sync = true (default)
2019-10-04 15:34:21,918 [pool-433-thread-1] INFO  server.RaftServerConfigKeys (ConfUtils.java:logGet(43)) - raft.server.log.statemachine.data.sync = true (default)
2019-10-04 15:34:21,918 [pool-423-thread-1] INFO  server.RaftServerConfigKeys (ConfUtils.java:logGet(43)) - raft.server.log.statemachine.data.sync.timeout = 10s (default)
2019-10-04 15:34:21,918 [pool-433-thread-1] INFO  server.RaftServerConfigKeys (ConfUtils.java:logGet(43)) - raft.server.log.statemachine.data.sync.timeout = 10s (default)
2019-10-04 15:34:21,918 [pool-423-thread-1] INFO  server.RaftServerConfigKeys (ConfUtils.java:logGet(43)) - raft.server.log.statemachine.data.sync.timeout.retry = -1 (default)
2019-10-04 15:34:21,919 [pool-433-thread-1] INFO  server.RaftServerConfigKeys (ConfUtils.java:logGet(43)) - raft.server.log.statemachine.data.sync.timeout.retry = -1 (default)
2019-10-04 15:34:21,919 [pool-423-thread-1] INFO  server.RaftServerConfigKeys (ConfUtils.java:logGet(43)) - raft.server.log.statemachine.data.caching.enabled = true (custom)
2019-10-04 15:34:21,919 [pool-433-thread-1] INFO  server.RaftServerConfigKeys (ConfUtils.java:logGet(43)) - raft.server.log.statemachine.data.caching.enabled = true (custom)
2019-10-04 15:34:21,919 [pool-423-thread-1] INFO  segmented.SegmentedRaftLogWorker (SegmentedRaftLogWorker.java:lambda$new$0(128)) - 41b90895-f921-4588-baed-64b7c94401df@group-D1D8C6678C15-SegmentedRaftLogWorker: flushIndex: setUnconditionally 0 -> -1
2019-10-04 15:34:21,919 [pool-433-thread-1] INFO  segmented.SegmentedRaftLogWorker (SegmentedRaftLogWorker.java:lambda$new$0(128)) - 40538270-ed87-41a8-8881-814cf78c0432@group-D1D8C6678C15-SegmentedRaftLogWorker: flushIndex: setUnconditionally 0 -> -1
2019-10-04 15:34:21,919 [pool-423-thread-1] INFO  server.RaftServerConfigKeys (ConfUtils.java:logGet(43)) - raft.server.snapshot.auto.trigger.enabled = true (custom)
2019-10-04 15:34:21,919 [pool-423-thread-1] INFO  server.RaftServerConfigKeys (ConfUtils.java:logGet(43)) - raft.server.snapshot.auto.trigger.threshold = 10000 (custom)
2019-10-04 15:34:21,919 [pool-433-thread-1] INFO  server.RaftServerConfigKeys (ConfUtils.java:logGet(43)) - raft.server.snapshot.auto.trigger.enabled = true (custom)
2019-10-04 15:34:21,919 [pool-413-thread-1] INFO  impl.RaftServerImpl (RaftServerImpl.java:start(181)) - bac0eeae-2796-4ae4-8adb-79ef1733d58f@group-D1D8C6678C15: start as a follower, conf=-1: [bac0eeae-2796-4ae4-8adb-79ef1733d58f:192.168.164.204:33474, 40538270-ed87-41a8-8881-814cf78c0432:192.168.164.204:40555, 41b90895-f921-4588-baed-64b7c94401df:192.168.164.204:34440], old=null
2019-10-04 15:34:21,920 [pool-433-thread-1] INFO  server.RaftServerConfigKeys (ConfUtils.java:logGet(43)) - raft.server.snapshot.auto.trigger.threshold = 10000 (custom)
2019-10-04 15:34:21,919 [pool-423-thread-1] INFO  server.RaftServerConfigKeys (ConfUtils.java:logGet(43)) - raft.server.snapshot.retention.file.num = 5 (custom)
2019-10-04 15:34:21,920 [pool-433-thread-1] INFO  server.RaftServerConfigKeys (ConfUtils.java:logGet(43)) - raft.server.snapshot.retention.file.num = 5 (custom)
2019-10-04 15:34:21,920 [pool-413-thread-1] INFO  impl.RaftServerImpl (RaftServerImpl.java:setRole(170)) - bac0eeae-2796-4ae4-8adb-79ef1733d58f@group-D1D8C6678C15: changes role from      null to FOLLOWER at term 0 for startAsFollower
2019-10-04 15:34:21,920 [pool-433-thread-1] INFO  server.RaftServerConfigKeys (ConfUtils.java:logGet(43)) - raft.server.retrycache.expirytime = 600000ms (custom)
2019-10-04 15:34:21,920 [pool-423-thread-1] INFO  server.RaftServerConfigKeys (ConfUtils.java:logGet(43)) - raft.server.retrycache.expirytime = 600000ms (custom)
2019-10-04 15:34:21,920 [pool-413-thread-1] INFO  impl.RoleInfo (RoleInfo.java:updateAndGet(143)) - bac0eeae-2796-4ae4-8adb-79ef1733d58f: start FollowerState
2019-10-04 15:34:21,921 [pool-413-thread-1] INFO  util.JmxRegister (JmxRegister.java:tryRegister(44)) - Successfully registered JMX Bean with object name Ratis:service=RaftServer,group=group-D1D8C6678C15,id=bac0eeae-2796-4ae4-8adb-79ef1733d58f
2019-10-04 15:34:21,923 [pool-423-thread-1] INFO  impl.RaftServerImpl (RaftServerImpl.java:start(181)) - 41b90895-f921-4588-baed-64b7c94401df@group-D1D8C6678C15: start as a follower, conf=-1: [bac0eeae-2796-4ae4-8adb-79ef1733d58f:192.168.164.204:33474, 40538270-ed87-41a8-8881-814cf78c0432:192.168.164.204:40555, 41b90895-f921-4588-baed-64b7c94401df:192.168.164.204:34440], old=null
2019-10-04 15:34:21,923 [pool-423-thread-1] INFO  impl.RaftServerImpl (RaftServerImpl.java:setRole(170)) - 41b90895-f921-4588-baed-64b7c94401df@group-D1D8C6678C15: changes role from      null to FOLLOWER at term 0 for startAsFollower
2019-10-04 15:34:21,923 [pool-423-thread-1] INFO  impl.RoleInfo (RoleInfo.java:updateAndGet(143)) - 41b90895-f921-4588-baed-64b7c94401df: start FollowerState
2019-10-04 15:34:21,923 [pool-423-thread-1] INFO  util.JmxRegister (JmxRegister.java:tryRegister(44)) - Successfully registered JMX Bean with object name Ratis:service=RaftServer,group=group-D1D8C6678C15,id=41b90895-f921-4588-baed-64b7c94401df
2019-10-04 15:34:21,923 [pool-433-thread-1] INFO  impl.RaftServerImpl (RaftServerImpl.java:start(181)) - 40538270-ed87-41a8-8881-814cf78c0432@group-D1D8C6678C15: start as a follower, conf=-1: [bac0eeae-2796-4ae4-8adb-79ef1733d58f:192.168.164.204:33474, 40538270-ed87-41a8-8881-814cf78c0432:192.168.164.204:40555, 41b90895-f921-4588-baed-64b7c94401df:192.168.164.204:34440], old=null
2019-10-04 15:34:21,924 [pool-433-thread-1] INFO  impl.RaftServerImpl (RaftServerImpl.java:setRole(170)) - 40538270-ed87-41a8-8881-814cf78c0432@group-D1D8C6678C15: changes role from      null to FOLLOWER at term 0 for startAsFollower
2019-10-04 15:34:21,924 [pool-433-thread-1] INFO  impl.RoleInfo (RoleInfo.java:updateAndGet(143)) - 40538270-ed87-41a8-8881-814cf78c0432: start FollowerState
2019-10-04 15:34:21,924 [pool-433-thread-1] INFO  util.JmxRegister (JmxRegister.java:tryRegister(44)) - Successfully registered JMX Bean with object name Ratis:service=RaftServer,group=group-D1D8C6678C15,id=40538270-ed87-41a8-8881-814cf78c0432
2019-10-04 15:34:21,938 [RatisPipelineUtilsThread] INFO  pipeline.PipelineStateManager (PipelineStateManager.java:addPipeline(56)) - Created pipeline Pipeline[ Id: 9da987ae-e301-430f-9fb0-d1d8c6678c15, Nodes: bac0eeae-2796-4ae4-8adb-79ef1733d58f{ip: 192.168.164.204, host: pr-hdds-2237-hhfs2-232792562, networkLocation: /default-rack, certSerialId: null}41b90895-f921-4588-baed-64b7c94401df{ip: 192.168.164.204, host: pr-hdds-2237-hhfs2-232792562, networkLocation: /default-rack, certSerialId: null}40538270-ed87-41a8-8881-814cf78c0432{ip: 192.168.164.204, host: pr-hdds-2237-hhfs2-232792562, networkLocation: /default-rack, certSerialId: null}, Type:RATIS, Factor:THREE, State:OPEN]
2019-10-04 15:34:22,714 [grpc-default-executor-3] WARN  server.GrpcLogAppender (LogUtils.java:warn(134)) - aa2f742d-1aa3-4d94-aa6c-e8e052b0a6f5@group-37BA3EDC0ABD->b46a1829-9c1c-43c9-8f23-f1cf878f156c-AppendLogResponseHandler: Failed appendEntries: org.apache.ratis.thirdparty.io.grpc.StatusRuntimeException: UNAVAILABLE: io exception
2019-10-04 15:34:22,714 [grpc-default-executor-2] WARN  server.GrpcLogAppender (LogUtils.java:warn(134)) - aa2f742d-1aa3-4d94-aa6c-e8e052b0a6f5@group-37BA3EDC0ABD->6e12a70d-a44a-4f5b-9ec5-f7c9b940dc20-AppendLogResponseHandler: Failed appendEntries: org.apache.ratis.thirdparty.io.grpc.StatusRuntimeException: UNAVAILABLE: io exception
2019-10-04 15:34:22,721 [grpc-default-executor-3] INFO  impl.FollowerInfo (FollowerInfo.java:lambda$new$0(51)) - aa2f742d-1aa3-4d94-aa6c-e8e052b0a6f5@group-37BA3EDC0ABD->b46a1829-9c1c-43c9-8f23-f1cf878f156c: nextIndex: updateUnconditionally 0 -> 0
2019-10-04 15:34:22,721 [grpc-default-executor-2] INFO  impl.FollowerInfo (FollowerInfo.java:lambda$new$0(51)) - aa2f742d-1aa3-4d94-aa6c-e8e052b0a6f5@group-37BA3EDC0ABD->6e12a70d-a44a-4f5b-9ec5-f7c9b940dc20: nextIndex: updateUnconditionally 0 -> 0
2019-10-04 15:34:22,855 [main] INFO  ozone.MiniOzoneClusterImpl (MiniOzoneClusterImpl.java:lambda$waitForClusterToBeReady$0(147)) - Cluster is ready. Got 7 of 7 DN Heartbeats.
2019-10-04 15:34:22,909 [main] INFO  rpc.RpcClient (RpcClient.java:createVolume(277)) - Creating Volume: watchforcommithandlingtest, with jenkins1000 as owner.
2019-10-04 15:34:22,912 [IPC Server handler 19 on 35101] INFO  volume.OMVolumeCreateRequest (OMVolumeCreateRequest.java:validateAndUpdateCache(193)) - created volume:watchforcommithandlingtest for user:jenkins1000
2019-10-04 15:34:22,933 [main] INFO  rpc.RpcClient (RpcClient.java:createBucket(416)) - Creating Bucket: watchforcommithandlingtest/watchforcommithandlingtest, with Versioning false and Storage Type set to DISK and Encryption set to false 
2019-10-04 15:34:22,939 [main] INFO  ozone.MiniOzoneClusterImpl (MiniOzoneClusterImpl.java:getStorageContainerLocationClient(234)) - Creating StorageContainerLocationProtocol RPC client with address /0.0.0.0:45999
2019-10-04 15:34:24,317 [Thread-2320] INFO  container.ReplicationManager (ReplicationManager.java:start(162)) - Starting Replication Monitor Thread.
2019-10-04 15:34:24,322 [ReplicationMonitor] INFO  container.ReplicationManager (ReplicationManager.java:run(225)) - Replication Monitor Thread took 0 milliseconds for processing 1 containers.
2019-10-04 15:34:25,216 [grpc-default-executor-2] WARN  server.GrpcLogAppender (LogUtils.java:warn(134)) - aa2f742d-1aa3-4d94-aa6c-e8e052b0a6f5@group-37BA3EDC0ABD->6e12a70d-a44a-4f5b-9ec5-f7c9b940dc20-AppendLogResponseHandler: Failed appendEntries: org.apache.ratis.thirdparty.io.grpc.StatusRuntimeException: UNAVAILABLE: io exception
2019-10-04 15:34:25,216 [grpc-default-executor-13] WARN  server.GrpcLogAppender (LogUtils.java:warn(134)) - aa2f742d-1aa3-4d94-aa6c-e8e052b0a6f5@group-37BA3EDC0ABD->b46a1829-9c1c-43c9-8f23-f1cf878f156c-AppendLogResponseHandler: Failed appendEntries: org.apache.ratis.thirdparty.io.grpc.StatusRuntimeException: UNAVAILABLE: io exception
2019-10-04 15:34:25,216 [grpc-default-executor-2] INFO  impl.FollowerInfo (FollowerInfo.java:lambda$new$0(51)) - aa2f742d-1aa3-4d94-aa6c-e8e052b0a6f5@group-37BA3EDC0ABD->6e12a70d-a44a-4f5b-9ec5-f7c9b940dc20: nextIndex: updateUnconditionally 0 -> 0
2019-10-04 15:34:25,216 [grpc-default-executor-13] INFO  impl.FollowerInfo (FollowerInfo.java:lambda$new$0(51)) - aa2f742d-1aa3-4d94-aa6c-e8e052b0a6f5@group-37BA3EDC0ABD->b46a1829-9c1c-43c9-8f23-f1cf878f156c: nextIndex: updateUnconditionally 0 -> 0
2019-10-04 15:34:26,448 [Thread-2322] INFO  impl.FollowerState (FollowerState.java:run(108)) - 59834e59-7e39-4205-a300-511f4dc727fc@group-8B110601D498-FollowerState: change to CANDIDATE, lastRpcTime:5081ms, electionTimeout:5081ms
2019-10-04 15:34:26,448 [Thread-2322] INFO  impl.RoleInfo (RoleInfo.java:shutdownFollowerState(121)) - 59834e59-7e39-4205-a300-511f4dc727fc: shutdown FollowerState
2019-10-04 15:34:26,449 [Thread-2322] INFO  impl.RaftServerImpl (RaftServerImpl.java:setRole(170)) - 59834e59-7e39-4205-a300-511f4dc727fc@group-8B110601D498: changes role from  FOLLOWER to CANDIDATE at term 0 for changeToCandidate
2019-10-04 15:34:26,449 [Thread-2322] INFO  impl.RoleInfo (RoleInfo.java:updateAndGet(143)) - 59834e59-7e39-4205-a300-511f4dc727fc: start LeaderElection
2019-10-04 15:34:26,471 [59834e59-7e39-4205-a300-511f4dc727fc@group-8B110601D498-LeaderElection77] INFO  impl.LeaderElection (LeaderElection.java:askForVotes(178)) - 59834e59-7e39-4205-a300-511f4dc727fc@group-8B110601D498-LeaderElection77: begin an election at term 1 for -1: [59834e59-7e39-4205-a300-511f4dc727fc:192.168.164.204:42819], old=null
2019-10-04 15:34:26,471 [59834e59-7e39-4205-a300-511f4dc727fc@group-8B110601D498-LeaderElection77] INFO  impl.RoleInfo (RoleInfo.java:shutdownLeaderElection(134)) - 59834e59-7e39-4205-a300-511f4dc727fc: shutdown LeaderElection
2019-10-04 15:34:26,472 [59834e59-7e39-4205-a300-511f4dc727fc@group-8B110601D498-LeaderElection77] INFO  impl.RaftServerImpl (RaftServerImpl.java:setRole(170)) - 59834e59-7e39-4205-a300-511f4dc727fc@group-8B110601D498: changes role from CANDIDATE to LEADER at term 1 for changeToLeader
2019-10-04 15:34:26,472 [59834e59-7e39-4205-a300-511f4dc727fc@group-8B110601D498-LeaderElection77] INFO  impl.RaftServerImpl (ServerState.java:setLeader(255)) - 59834e59-7e39-4205-a300-511f4dc727fc@group-8B110601D498: change Leader from null to 59834e59-7e39-4205-a300-511f4dc727fc at term 1 for becomeLeader, leader elected after 5112ms
2019-10-04 15:34:26,472 [59834e59-7e39-4205-a300-511f4dc727fc@group-8B110601D498-LeaderElection77] INFO  server.RaftServerConfigKeys (ConfUtils.java:logGet(43)) - raft.server.staging.catchup.gap = 1000 (default)
2019-10-04 15:34:26,472 [59834e59-7e39-4205-a300-511f4dc727fc@group-8B110601D498-LeaderElection77] INFO  server.RaftServerConfigKeys (ConfUtils.java:logGet(43)) - raft.server.rpc.sleep.time = 25ms (default)
2019-10-04 15:34:26,472 [59834e59-7e39-4205-a300-511f4dc727fc@group-8B110601D498-LeaderElection77] INFO  server.RaftServerConfigKeys (ConfUtils.java:logGet(43)) - raft.server.write.element-limit = 4096 (default)
2019-10-04 15:34:26,473 [59834e59-7e39-4205-a300-511f4dc727fc@group-8B110601D498-LeaderElection77] INFO  server.RaftServerConfigKeys (ConfUtils.java:logGet(43)) - raft.server.watch.timeout = 10s (default)
2019-10-04 15:34:26,473 [59834e59-7e39-4205-a300-511f4dc727fc@group-8B110601D498-LeaderElection77] INFO  server.RaftServerConfigKeys (ConfUtils.java:logGet(43)) - raft.server.watch.timeout.denomination = 1s (default)
2019-10-04 15:34:26,473 [59834e59-7e39-4205-a300-511f4dc727fc@group-8B110601D498-LeaderElection77] INFO  server.RaftServerConfigKeys (ConfUtils.java:logGet(43)) - raft.server.watch.element-limit = 65536 (default)
2019-10-04 15:34:26,475 [59834e59-7e39-4205-a300-511f4dc727fc@group-8B110601D498-LeaderElection77] INFO  impl.RoleInfo (RoleInfo.java:updateAndGet(143)) - 59834e59-7e39-4205-a300-511f4dc727fc: start LeaderState
2019-10-04 15:34:26,476 [59834e59-7e39-4205-a300-511f4dc727fc@group-8B110601D498-LeaderElection77] INFO  segmented.SegmentedRaftLogWorker (SegmentedRaftLogWorker.java:startLogSegment(385)) - 59834e59-7e39-4205-a300-511f4dc727fc@group-8B110601D498-SegmentedRaftLogWorker: Starting segment from index:0
2019-10-04 15:34:26,477 [59834e59-7e39-4205-a300-511f4dc727fc@group-8B110601D498-LeaderElection77] INFO  impl.RaftServerImpl (ServerState.java:setRaftConf(356)) - 59834e59-7e39-4205-a300-511f4dc727fc@group-8B110601D498: set configuration 0: [59834e59-7e39-4205-a300-511f4dc727fc:192.168.164.204:42819], old=null at 0
2019-10-04 15:34:26,520 [59834e59-7e39-4205-a300-511f4dc727fc@group-8B110601D498-SegmentedRaftLogWorker] INFO  segmented.SegmentedRaftLogWorker (SegmentedRaftLogWorker.java:execute(574)) - 59834e59-7e39-4205-a300-511f4dc727fc@group-8B110601D498-SegmentedRaftLogWorker: created new log segment /workdir/hadoop-ozone/integration-test/target/test-dir/MiniOzoneClusterImpl-b1993d2c-7d52-49f7-9e2e-29bde4de0e03/datanode-0/data/ratis/270c6aee-7638-4b14-b8a5-8b110601d498/current/log_inprogress_0
2019-10-04 15:34:26,556 [Thread-2328] INFO  impl.FollowerState (FollowerState.java:run(108)) - 368fef35-84f3-443f-9dd6-61671900f185@group-798ECC408965-FollowerState: change to CANDIDATE, lastRpcTime:5008ms, electionTimeout:5008ms
2019-10-04 15:34:26,557 [Thread-2328] INFO  impl.RoleInfo (RoleInfo.java:shutdownFollowerState(121)) - 368fef35-84f3-443f-9dd6-61671900f185: shutdown FollowerState
2019-10-04 15:34:26,557 [Thread-2328] INFO  impl.RaftServerImpl (RaftServerImpl.java:setRole(170)) - 368fef35-84f3-443f-9dd6-61671900f185@group-798ECC408965: changes role from  FOLLOWER to CANDIDATE at term 0 for changeToCandidate
2019-10-04 15:34:26,557 [Thread-2328] INFO  impl.RoleInfo (RoleInfo.java:updateAndGet(143)) - 368fef35-84f3-443f-9dd6-61671900f185: start LeaderElection
2019-10-04 15:34:26,580 [368fef35-84f3-443f-9dd6-61671900f185@group-798ECC408965-LeaderElection78] INFO  impl.LeaderElection (LeaderElection.java:askForVotes(178)) - 368fef35-84f3-443f-9dd6-61671900f185@group-798ECC408965-LeaderElection78: begin an election at term 1 for -1: [368fef35-84f3-443f-9dd6-61671900f185:192.168.164.204:34675], old=null
2019-10-04 15:34:26,580 [368fef35-84f3-443f-9dd6-61671900f185@group-798ECC408965-LeaderElection78] INFO  impl.RoleInfo (RoleInfo.java:shutdownLeaderElection(134)) - 368fef35-84f3-443f-9dd6-61671900f185: shutdown LeaderElection
2019-10-04 15:34:26,580 [368fef35-84f3-443f-9dd6-61671900f185@group-798ECC408965-LeaderElection78] INFO  impl.RaftServerImpl (RaftServerImpl.java:setRole(170)) - 368fef35-84f3-443f-9dd6-61671900f185@group-798ECC408965: changes role from CANDIDATE to LEADER at term 1 for changeToLeader
2019-10-04 15:34:26,580 [368fef35-84f3-443f-9dd6-61671900f185@group-798ECC408965-LeaderElection78] INFO  impl.RaftServerImpl (ServerState.java:setLeader(255)) - 368fef35-84f3-443f-9dd6-61671900f185@group-798ECC408965: change Leader from null to 368fef35-84f3-443f-9dd6-61671900f185 at term 1 for becomeLeader, leader elected after 5038ms
2019-10-04 15:34:26,580 [368fef35-84f3-443f-9dd6-61671900f185@group-798ECC408965-LeaderElection78] INFO  server.RaftServerConfigKeys (ConfUtils.java:logGet(43)) - raft.server.staging.catchup.gap = 1000 (default)
2019-10-04 15:34:26,580 [368fef35-84f3-443f-9dd6-61671900f185@group-798ECC408965-LeaderElection78] INFO  server.RaftServerConfigKeys (ConfUtils.java:logGet(43)) - raft.server.rpc.sleep.time = 25ms (default)
2019-10-04 15:34:26,580 [368fef35-84f3-443f-9dd6-61671900f185@group-798ECC408965-LeaderElection78] INFO  server.RaftServerConfigKeys (ConfUtils.java:logGet(43)) - raft.server.write.element-limit = 4096 (default)
2019-10-04 15:34:26,580 [368fef35-84f3-443f-9dd6-61671900f185@group-798ECC408965-LeaderElection78] INFO  server.RaftServerConfigKeys (ConfUtils.java:logGet(43)) - raft.server.watch.timeout = 10s (default)
2019-10-04 15:34:26,581 [368fef35-84f3-443f-9dd6-61671900f185@group-798ECC408965-LeaderElection78] INFO  server.RaftServerConfigKeys (ConfUtils.java:logGet(43)) - raft.server.watch.timeout.denomination = 1s (default)
2019-10-04 15:34:26,581 [368fef35-84f3-443f-9dd6-61671900f185@group-798ECC408965-LeaderElection78] INFO  server.RaftServerConfigKeys (ConfUtils.java:logGet(43)) - raft.server.watch.element-limit = 65536 (default)
2019-10-04 15:34:26,582 [368fef35-84f3-443f-9dd6-61671900f185@group-798ECC408965-LeaderElection78] INFO  impl.RoleInfo (RoleInfo.java:updateAndGet(143)) - 368fef35-84f3-443f-9dd6-61671900f185: start LeaderState
2019-10-04 15:34:26,583 [368fef35-84f3-443f-9dd6-61671900f185@group-798ECC408965-LeaderElection78] INFO  segmented.SegmentedRaftLogWorker (SegmentedRaftLogWorker.java:startLogSegment(385)) - 368fef35-84f3-443f-9dd6-61671900f185@group-798ECC408965-SegmentedRaftLogWorker: Starting segment from index:0
2019-10-04 15:34:26,583 [368fef35-84f3-443f-9dd6-61671900f185@group-798ECC408965-LeaderElection78] INFO  impl.RaftServerImpl (ServerState.java:setRaftConf(356)) - 368fef35-84f3-443f-9dd6-61671900f185@group-798ECC408965: set configuration 0: [368fef35-84f3-443f-9dd6-61671900f185:192.168.164.204:34675], old=null at 0
2019-10-04 15:34:26,623 [368fef35-84f3-443f-9dd6-61671900f185@group-798ECC408965-SegmentedRaftLogWorker] INFO  segmented.SegmentedRaftLogWorker (SegmentedRaftLogWorker.java:execute(574)) - 368fef35-84f3-443f-9dd6-61671900f185@group-798ECC408965-SegmentedRaftLogWorker: created new log segment /workdir/hadoop-ozone/integration-test/target/test-dir/MiniOzoneClusterImpl-b1993d2c-7d52-49f7-9e2e-29bde4de0e03/datanode-2/data/ratis/e45dc8d7-06be-4252-8637-798ecc408965/current/log_inprogress_0
2019-10-04 15:34:26,641 [Thread-2325] INFO  impl.FollowerState (FollowerState.java:run(108)) - 561132ce-6699-4b2e-bc36-b94b11377070@group-B3D2677A0B9F-FollowerState: change to CANDIDATE, lastRpcTime:5198ms, electionTimeout:5198ms
2019-10-04 15:34:26,641 [Thread-2325] INFO  impl.RoleInfo (RoleInfo.java:shutdownFollowerState(121)) - 561132ce-6699-4b2e-bc36-b94b11377070: shutdown FollowerState
2019-10-04 15:34:26,641 [Thread-2325] INFO  impl.RaftServerImpl (RaftServerImpl.java:setRole(170)) - 561132ce-6699-4b2e-bc36-b94b11377070@group-B3D2677A0B9F: changes role from  FOLLOWER to CANDIDATE at term 0 for changeToCandidate
2019-10-04 15:34:26,641 [Thread-2325] INFO  impl.RoleInfo (RoleInfo.java:updateAndGet(143)) - 561132ce-6699-4b2e-bc36-b94b11377070: start LeaderElection
2019-10-04 15:34:26,655 [Thread-2332] INFO  impl.FollowerState (FollowerState.java:run(108)) - 59834e59-7e39-4205-a300-511f4dc727fc@group-B7BAD3C390DD-FollowerState: change to CANDIDATE, lastRpcTime:5025ms, electionTimeout:5025ms
2019-10-04 15:34:26,655 [Thread-2332] INFO  impl.RoleInfo (RoleInfo.java:shutdownFollowerState(121)) - 59834e59-7e39-4205-a300-511f4dc727fc: shutdown FollowerState
2019-10-04 15:34:26,655 [Thread-2332] INFO  impl.RaftServerImpl (RaftServerImpl.java:setRole(170)) - 59834e59-7e39-4205-a300-511f4dc727fc@group-B7BAD3C390DD: changes role from  FOLLOWER to CANDIDATE at term 0 for changeToCandidate
2019-10-04 15:34:26,655 [Thread-2332] INFO  impl.RoleInfo (RoleInfo.java:updateAndGet(143)) - 59834e59-7e39-4205-a300-511f4dc727fc: start LeaderElection
2019-10-04 15:34:26,662 [561132ce-6699-4b2e-bc36-b94b11377070@group-B3D2677A0B9F-LeaderElection79] INFO  impl.LeaderElection (LeaderElection.java:askForVotes(178)) - 561132ce-6699-4b2e-bc36-b94b11377070@group-B3D2677A0B9F-LeaderElection79: begin an election at term 1 for -1: [561132ce-6699-4b2e-bc36-b94b11377070:192.168.164.204:39340], old=null
2019-10-04 15:34:26,662 [561132ce-6699-4b2e-bc36-b94b11377070@group-B3D2677A0B9F-LeaderElection79] INFO  impl.RoleInfo (RoleInfo.java:shutdownLeaderElection(134)) - 561132ce-6699-4b2e-bc36-b94b11377070: shutdown LeaderElection
2019-10-04 15:34:26,663 [561132ce-6699-4b2e-bc36-b94b11377070@group-B3D2677A0B9F-LeaderElection79] INFO  impl.RaftServerImpl (RaftServerImpl.java:setRole(170)) - 561132ce-6699-4b2e-bc36-b94b11377070@group-B3D2677A0B9F: changes role from CANDIDATE to LEADER at term 1 for changeToLeader
2019-10-04 15:34:26,663 [561132ce-6699-4b2e-bc36-b94b11377070@group-B3D2677A0B9F-LeaderElection79] INFO  impl.RaftServerImpl (ServerState.java:setLeader(255)) - 561132ce-6699-4b2e-bc36-b94b11377070@group-B3D2677A0B9F: change Leader from null to 561132ce-6699-4b2e-bc36-b94b11377070 at term 1 for becomeLeader, leader elected after 5225ms
2019-10-04 15:34:26,663 [561132ce-6699-4b2e-bc36-b94b11377070@group-B3D2677A0B9F-LeaderElection79] INFO  server.RaftServerConfigKeys (ConfUtils.java:logGet(43)) - raft.server.staging.catchup.gap = 1000 (default)
2019-10-04 15:34:26,663 [561132ce-6699-4b2e-bc36-b94b11377070@group-B3D2677A0B9F-LeaderElection79] INFO  server.RaftServerConfigKeys (ConfUtils.java:logGet(43)) - raft.server.rpc.sleep.time = 25ms (default)
2019-10-04 15:34:26,663 [561132ce-6699-4b2e-bc36-b94b11377070@group-B3D2677A0B9F-LeaderElection79] INFO  server.RaftServerConfigKeys (ConfUtils.java:logGet(43)) - raft.server.write.element-limit = 4096 (default)
2019-10-04 15:34:26,663 [561132ce-6699-4b2e-bc36-b94b11377070@group-B3D2677A0B9F-LeaderElection79] INFO  server.RaftServerConfigKeys (ConfUtils.java:logGet(43)) - raft.server.watch.timeout = 10s (default)
2019-10-04 15:34:26,663 [561132ce-6699-4b2e-bc36-b94b11377070@group-B3D2677A0B9F-LeaderElection79] INFO  server.RaftServerConfigKeys (ConfUtils.java:logGet(43)) - raft.server.watch.timeout.denomination = 1s (default)
2019-10-04 15:34:26,663 [561132ce-6699-4b2e-bc36-b94b11377070@group-B3D2677A0B9F-LeaderElection79] INFO  server.RaftServerConfigKeys (ConfUtils.java:logGet(43)) - raft.server.watch.element-limit = 65536 (default)
2019-10-04 15:34:26,665 [561132ce-6699-4b2e-bc36-b94b11377070@group-B3D2677A0B9F-LeaderElection79] INFO  impl.RoleInfo (RoleInfo.java:updateAndGet(143)) - 561132ce-6699-4b2e-bc36-b94b11377070: start LeaderState
2019-10-04 15:34:26,665 [561132ce-6699-4b2e-bc36-b94b11377070@group-B3D2677A0B9F-LeaderElection79] INFO  segmented.SegmentedRaftLogWorker (SegmentedRaftLogWorker.java:startLogSegment(385)) - 561132ce-6699-4b2e-bc36-b94b11377070@group-B3D2677A0B9F-SegmentedRaftLogWorker: Starting segment from index:0
2019-10-04 15:34:26,665 [561132ce-6699-4b2e-bc36-b94b11377070@group-B3D2677A0B9F-LeaderElection79] INFO  impl.RaftServerImpl (ServerState.java:setRaftConf(356)) - 561132ce-6699-4b2e-bc36-b94b11377070@group-B3D2677A0B9F: set configuration 0: [561132ce-6699-4b2e-bc36-b94b11377070:192.168.164.204:39340], old=null at 0
2019-10-04 15:34:26,666 [59834e59-7e39-4205-a300-511f4dc727fc@group-B7BAD3C390DD-LeaderElection80] INFO  impl.LeaderElection (LeaderElection.java:askForVotes(178)) - 59834e59-7e39-4205-a300-511f4dc727fc@group-B7BAD3C390DD-LeaderElection80: begin an election at term 1 for -1: [368fef35-84f3-443f-9dd6-61671900f185:192.168.164.204:34675, 59834e59-7e39-4205-a300-511f4dc727fc:192.168.164.204:42819, 561132ce-6699-4b2e-bc36-b94b11377070:192.168.164.204:39340], old=null
2019-10-04 15:34:26,699 [grpc-default-executor-6] INFO  impl.RaftServerImpl (RaftServerImpl.java:setRole(170)) - 368fef35-84f3-443f-9dd6-61671900f185@group-B7BAD3C390DD: changes role from  FOLLOWER to FOLLOWER at term 1 for recognizeCandidate:59834e59-7e39-4205-a300-511f4dc727fc
2019-10-04 15:34:26,704 [grpc-default-executor-2] INFO  impl.RaftServerImpl (RaftServerImpl.java:setRole(170)) - 561132ce-6699-4b2e-bc36-b94b11377070@group-B7BAD3C390DD: changes role from  FOLLOWER to FOLLOWER at term 1 for recognizeCandidate:59834e59-7e39-4205-a300-511f4dc727fc
2019-10-04 15:34:26,704 [grpc-default-executor-6] INFO  impl.RoleInfo (RoleInfo.java:shutdownFollowerState(121)) - 368fef35-84f3-443f-9dd6-61671900f185: shutdown FollowerState
2019-10-04 15:34:26,704 [grpc-default-executor-2] INFO  impl.RoleInfo (RoleInfo.java:shutdownFollowerState(121)) - 561132ce-6699-4b2e-bc36-b94b11377070: shutdown FollowerState
2019-10-04 15:34:26,705 [grpc-default-executor-6] INFO  impl.RoleInfo (RoleInfo.java:updateAndGet(143)) - 368fef35-84f3-443f-9dd6-61671900f185: start FollowerState
2019-10-04 15:34:26,705 [grpc-default-executor-2] INFO  impl.RoleInfo (RoleInfo.java:updateAndGet(143)) - 561132ce-6699-4b2e-bc36-b94b11377070: start FollowerState
2019-10-04 15:34:26,705 [Thread-2334] INFO  impl.FollowerState (FollowerState.java:run(117)) - 561132ce-6699-4b2e-bc36-b94b11377070@group-B7BAD3C390DD-FollowerState was interrupted: java.lang.InterruptedException: sleep interrupted
2019-10-04 15:34:26,717 [561132ce-6699-4b2e-bc36-b94b11377070@group-B3D2677A0B9F-SegmentedRaftLogWorker] INFO  segmented.SegmentedRaftLogWorker (SegmentedRaftLogWorker.java:execute(574)) - 561132ce-6699-4b2e-bc36-b94b11377070@group-B3D2677A0B9F-SegmentedRaftLogWorker: created new log segment /workdir/hadoop-ozone/integration-test/target/test-dir/MiniOzoneClusterImpl-b1993d2c-7d52-49f7-9e2e-29bde4de0e03/datanode-1/data/ratis/a680e00b-b488-4a01-9bea-b3d2677a0b9f/current/log_inprogress_0
2019-10-04 15:34:26,727 [59834e59-7e39-4205-a300-511f4dc727fc@group-B7BAD3C390DD-LeaderElection80] INFO  impl.LeaderElection (LeaderElection.java:logAndReturn(56)) - 59834e59-7e39-4205-a300-511f4dc727fc@group-B7BAD3C390DD-LeaderElection80: Election PASSED; received 1 response(s) [59834e59-7e39-4205-a300-511f4dc727fc<-368fef35-84f3-443f-9dd6-61671900f185#0:OK-t1] and 0 exception(s); 59834e59-7e39-4205-a300-511f4dc727fc@group-B7BAD3C390DD:t1, leader=null, voted=59834e59-7e39-4205-a300-511f4dc727fc, raftlog=59834e59-7e39-4205-a300-511f4dc727fc@group-B7BAD3C390DD-SegmentedRaftLog:OPENED:c-1,f-1,i0, conf=-1: [368fef35-84f3-443f-9dd6-61671900f185:192.168.164.204:34675, 59834e59-7e39-4205-a300-511f4dc727fc:192.168.164.204:42819, 561132ce-6699-4b2e-bc36-b94b11377070:192.168.164.204:39340], old=null
2019-10-04 15:34:26,727 [59834e59-7e39-4205-a300-511f4dc727fc@group-B7BAD3C390DD-LeaderElection80] INFO  impl.RoleInfo (RoleInfo.java:shutdownLeaderElection(134)) - 59834e59-7e39-4205-a300-511f4dc727fc: shutdown LeaderElection
2019-10-04 15:34:26,728 [59834e59-7e39-4205-a300-511f4dc727fc@group-B7BAD3C390DD-LeaderElection80] INFO  impl.RaftServerImpl (RaftServerImpl.java:setRole(170)) - 59834e59-7e39-4205-a300-511f4dc727fc@group-B7BAD3C390DD: changes role from CANDIDATE to LEADER at term 1 for changeToLeader
2019-10-04 15:34:26,728 [59834e59-7e39-4205-a300-511f4dc727fc@group-B7BAD3C390DD-LeaderElection80] INFO  impl.RaftServerImpl (ServerState.java:setLeader(255)) - 59834e59-7e39-4205-a300-511f4dc727fc@group-B7BAD3C390DD: change Leader from null to 59834e59-7e39-4205-a300-511f4dc727fc at term 1 for becomeLeader, leader elected after 5107ms
2019-10-04 15:34:26,728 [59834e59-7e39-4205-a300-511f4dc727fc@group-B7BAD3C390DD-LeaderElection80] INFO  server.RaftServerConfigKeys (ConfUtils.java:logGet(43)) - raft.server.staging.catchup.gap = 1000 (default)
2019-10-04 15:34:26,728 [59834e59-7e39-4205-a300-511f4dc727fc@group-B7BAD3C390DD-LeaderElection80] INFO  server.RaftServerConfigKeys (ConfUtils.java:logGet(43)) - raft.server.rpc.sleep.time = 25ms (default)
2019-10-04 15:34:26,728 [59834e59-7e39-4205-a300-511f4dc727fc@group-B7BAD3C390DD-LeaderElection80] INFO  server.RaftServerConfigKeys (ConfUtils.java:logGet(43)) - raft.server.write.element-limit = 4096 (default)
2019-10-04 15:34:26,729 [59834e59-7e39-4205-a300-511f4dc727fc@group-B7BAD3C390DD-LeaderElection80] INFO  server.RaftServerConfigKeys (ConfUtils.java:logGet(43)) - raft.server.watch.timeout = 10s (default)
2019-10-04 15:34:26,729 [59834e59-7e39-4205-a300-511f4dc727fc@group-B7BAD3C390DD-LeaderElection80] INFO  server.RaftServerConfigKeys (ConfUtils.java:logGet(43)) - raft.server.watch.timeout.denomination = 1s (default)
2019-10-04 15:34:26,729 [59834e59-7e39-4205-a300-511f4dc727fc@group-B7BAD3C390DD-LeaderElection80] INFO  server.RaftServerConfigKeys (ConfUtils.java:logGet(43)) - raft.server.watch.element-limit = 65536 (default)
2019-10-04 15:34:26,731 [59834e59-7e39-4205-a300-511f4dc727fc@group-B7BAD3C390DD-LeaderElection80] INFO  server.RaftServerConfigKeys (ConfUtils.java:logGet(43)) - raft.server.log.appender.snapshot.chunk.size.max = 16MB (=16777216) (default)
2019-10-04 15:34:26,731 [59834e59-7e39-4205-a300-511f4dc727fc@group-B7BAD3C390DD-LeaderElection80] INFO  server.RaftServerConfigKeys (ConfUtils.java:logGet(43)) - raft.server.log.appender.buffer.byte-limit = 33554432 (custom)
2019-10-04 15:34:26,731 [59834e59-7e39-4205-a300-511f4dc727fc@group-B7BAD3C390DD-LeaderElection80] INFO  server.RaftServerConfigKeys (ConfUtils.java:logGet(43)) - raft.server.log.appender.buffer.element-limit = 1 (custom)
2019-10-04 15:34:26,732 [59834e59-7e39-4205-a300-511f4dc727fc@group-B7BAD3C390DD-LeaderElection80] INFO  grpc.GrpcConfigKeys$Server (ConfUtils.java:logGet(43)) - raft.grpc.server.leader.outstanding.appends.max = 128 (default)
2019-10-04 15:34:26,732 [59834e59-7e39-4205-a300-511f4dc727fc@group-B7BAD3C390DD-LeaderElection80] INFO  server.RaftServerConfigKeys (ConfUtils.java:logGet(43)) - raft.server.rpc.request.timeout = 3000ms (default)
2019-10-04 15:34:26,732 [59834e59-7e39-4205-a300-511f4dc727fc@group-B7BAD3C390DD-LeaderElection80] INFO  server.RaftServerConfigKeys (ConfUtils.java:logGet(43)) - raft.server.log.appender.install.snapshot.enabled = false (custom)
2019-10-04 15:34:26,732 [59834e59-7e39-4205-a300-511f4dc727fc@group-B7BAD3C390DD-LeaderElection80] INFO  server.RaftServerConfigKeys (ConfUtils.java:logGet(43)) - raft.server.log.appender.snapshot.chunk.size.max = 16MB (=16777216) (default)
2019-10-04 15:34:26,733 [59834e59-7e39-4205-a300-511f4dc727fc@group-B7BAD3C390DD-LeaderElection80] INFO  server.RaftServerConfigKeys (ConfUtils.java:logGet(43)) - raft.server.log.appender.buffer.byte-limit = 33554432 (custom)
2019-10-04 15:34:26,733 [59834e59-7e39-4205-a300-511f4dc727fc@group-B7BAD3C390DD-LeaderElection80] INFO  server.RaftServerConfigKeys (ConfUtils.java:logGet(43)) - raft.server.log.appender.buffer.element-limit = 1 (custom)
2019-10-04 15:34:26,733 [59834e59-7e39-4205-a300-511f4dc727fc@group-B7BAD3C390DD-LeaderElection80] INFO  grpc.GrpcConfigKeys$Server (ConfUtils.java:logGet(43)) - raft.grpc.server.leader.outstanding.appends.max = 128 (default)
2019-10-04 15:34:26,733 [59834e59-7e39-4205-a300-511f4dc727fc@group-B7BAD3C390DD-LeaderElection80] INFO  server.RaftServerConfigKeys (ConfUtils.java:logGet(43)) - raft.server.rpc.request.timeout = 3000ms (default)
2019-10-04 15:34:26,733 [59834e59-7e39-4205-a300-511f4dc727fc@group-B7BAD3C390DD-LeaderElection80] INFO  server.RaftServerConfigKeys (ConfUtils.java:logGet(43)) - raft.server.log.appender.install.snapshot.enabled = false (custom)
2019-10-04 15:34:26,734 [59834e59-7e39-4205-a300-511f4dc727fc@group-B7BAD3C390DD-LeaderElection80] INFO  impl.RoleInfo (RoleInfo.java:updateAndGet(143)) - 59834e59-7e39-4205-a300-511f4dc727fc: start LeaderState
2019-10-04 15:34:26,734 [59834e59-7e39-4205-a300-511f4dc727fc@group-B7BAD3C390DD-LeaderElection80] INFO  segmented.SegmentedRaftLogWorker (SegmentedRaftLogWorker.java:startLogSegment(385)) - 59834e59-7e39-4205-a300-511f4dc727fc@group-B7BAD3C390DD-SegmentedRaftLogWorker: Starting segment from index:0
2019-10-04 15:34:26,735 [59834e59-7e39-4205-a300-511f4dc727fc@group-B7BAD3C390DD-LeaderElection80] INFO  impl.RaftServerImpl (ServerState.java:setRaftConf(356)) - 59834e59-7e39-4205-a300-511f4dc727fc@group-B7BAD3C390DD: set configuration 0: [368fef35-84f3-443f-9dd6-61671900f185:192.168.164.204:34675, 59834e59-7e39-4205-a300-511f4dc727fc:192.168.164.204:42819, 561132ce-6699-4b2e-bc36-b94b11377070:192.168.164.204:39340], old=null at 0
2019-10-04 15:34:26,736 [grpc-default-executor-2] INFO  impl.RaftServerImpl (ServerState.java:setLeader(255)) - 368fef35-84f3-443f-9dd6-61671900f185@group-B7BAD3C390DD: change Leader from null to 59834e59-7e39-4205-a300-511f4dc727fc at term 1 for appendEntries, leader elected after 5115ms
2019-10-04 15:34:26,769 [grpc-default-executor-6] INFO  impl.RaftServerImpl (ServerState.java:setLeader(255)) - 561132ce-6699-4b2e-bc36-b94b11377070@group-B7BAD3C390DD: change Leader from null to 59834e59-7e39-4205-a300-511f4dc727fc at term 1 for appendEntries, leader elected after 5149ms
2019-10-04 15:34:26,769 [Thread-2340] INFO  impl.FollowerState (FollowerState.java:run(108)) - bac0eeae-2796-4ae4-8adb-79ef1733d58f@group-E11979FE3E09-FollowerState: change to CANDIDATE, lastRpcTime:5036ms, electionTimeout:5036ms
2019-10-04 15:34:26,770 [Thread-2340] INFO  impl.RoleInfo (RoleInfo.java:shutdownFollowerState(121)) - bac0eeae-2796-4ae4-8adb-79ef1733d58f: shutdown FollowerState
2019-10-04 15:34:26,770 [Thread-2340] INFO  impl.RaftServerImpl (RaftServerImpl.java:setRole(170)) - bac0eeae-2796-4ae4-8adb-79ef1733d58f@group-E11979FE3E09: changes role from  FOLLOWER to CANDIDATE at term 0 for changeToCandidate
2019-10-04 15:34:26,770 [Thread-2340] INFO  impl.RoleInfo (RoleInfo.java:updateAndGet(143)) - bac0eeae-2796-4ae4-8adb-79ef1733d58f: start LeaderElection
2019-10-04 15:34:26,779 [59834e59-7e39-4205-a300-511f4dc727fc@group-B7BAD3C390DD-SegmentedRaftLogWorker] INFO  segmented.SegmentedRaftLogWorker (SegmentedRaftLogWorker.java:execute(574)) - 59834e59-7e39-4205-a300-511f4dc727fc@group-B7BAD3C390DD-SegmentedRaftLogWorker: created new log segment /workdir/hadoop-ozone/integration-test/target/test-dir/MiniOzoneClusterImpl-b1993d2c-7d52-49f7-9e2e-29bde4de0e03/datanode-0/data/ratis/d48178a5-27b3-4f76-b7b9-b7bad3c390dd/current/log_inprogress_0
2019-10-04 15:34:26,779 [grpc-default-executor-6] INFO  impl.RaftServerImpl (ServerState.java:setRaftConf(356)) - 368fef35-84f3-443f-9dd6-61671900f185@group-B7BAD3C390DD: set configuration 0: [368fef35-84f3-443f-9dd6-61671900f185:192.168.164.204:34675, 59834e59-7e39-4205-a300-511f4dc727fc:192.168.164.204:42819, 561132ce-6699-4b2e-bc36-b94b11377070:192.168.164.204:39340], old=null at 0
2019-10-04 15:34:26,779 [grpc-default-executor-2] INFO  impl.RaftServerImpl (ServerState.java:setRaftConf(356)) - 561132ce-6699-4b2e-bc36-b94b11377070@group-B7BAD3C390DD: set configuration 0: [368fef35-84f3-443f-9dd6-61671900f185:192.168.164.204:34675, 59834e59-7e39-4205-a300-511f4dc727fc:192.168.164.204:42819, 561132ce-6699-4b2e-bc36-b94b11377070:192.168.164.204:39340], old=null at 0
2019-10-04 15:34:26,779 [grpc-default-executor-6] INFO  segmented.SegmentedRaftLogWorker (SegmentedRaftLogWorker.java:startLogSegment(385)) - 368fef35-84f3-443f-9dd6-61671900f185@group-B7BAD3C390DD-SegmentedRaftLogWorker: Starting segment from index:0
2019-10-04 15:34:26,780 [grpc-default-executor-2] INFO  segmented.SegmentedRaftLogWorker (SegmentedRaftLogWorker.java:startLogSegment(385)) - 561132ce-6699-4b2e-bc36-b94b11377070@group-B7BAD3C390DD-SegmentedRaftLogWorker: Starting segment from index:0
2019-10-04 15:34:26,792 [bac0eeae-2796-4ae4-8adb-79ef1733d58f@group-E11979FE3E09-LeaderElection81] INFO  impl.LeaderElection (LeaderElection.java:askForVotes(178)) - bac0eeae-2796-4ae4-8adb-79ef1733d58f@group-E11979FE3E09-LeaderElection81: begin an election at term 1 for -1: [bac0eeae-2796-4ae4-8adb-79ef1733d58f:192.168.164.204:33474], old=null
2019-10-04 15:34:26,792 [bac0eeae-2796-4ae4-8adb-79ef1733d58f@group-E11979FE3E09-LeaderElection81] INFO  impl.RoleInfo (RoleInfo.java:shutdownLeaderElection(134)) - bac0eeae-2796-4ae4-8adb-79ef1733d58f: shutdown LeaderElection
2019-10-04 15:34:26,792 [bac0eeae-2796-4ae4-8adb-79ef1733d58f@group-E11979FE3E09-LeaderElection81] INFO  impl.RaftServerImpl (RaftServerImpl.java:setRole(170)) - bac0eeae-2796-4ae4-8adb-79ef1733d58f@group-E11979FE3E09: changes role from CANDIDATE to LEADER at term 1 for changeToLeader
2019-10-04 15:34:26,793 [bac0eeae-2796-4ae4-8adb-79ef1733d58f@group-E11979FE3E09-LeaderElection81] INFO  impl.RaftServerImpl (ServerState.java:setLeader(255)) - bac0eeae-2796-4ae4-8adb-79ef1733d58f@group-E11979FE3E09: change Leader from null to bac0eeae-2796-4ae4-8adb-79ef1733d58f at term 1 for becomeLeader, leader elected after 5067ms
2019-10-04 15:34:26,793 [bac0eeae-2796-4ae4-8adb-79ef1733d58f@group-E11979FE3E09-LeaderElection81] INFO  server.RaftServerConfigKeys (ConfUtils.java:logGet(43)) - raft.server.staging.catchup.gap = 1000 (default)
2019-10-04 15:34:26,793 [bac0eeae-2796-4ae4-8adb-79ef1733d58f@group-E11979FE3E09-LeaderElection81] INFO  server.RaftServerConfigKeys (ConfUtils.java:logGet(43)) - raft.server.rpc.sleep.time = 25ms (default)
2019-10-04 15:34:26,793 [bac0eeae-2796-4ae4-8adb-79ef1733d58f@group-E11979FE3E09-LeaderElection81] INFO  server.RaftServerConfigKeys (ConfUtils.java:logGet(43)) - raft.server.write.element-limit = 4096 (default)
2019-10-04 15:34:26,793 [bac0eeae-2796-4ae4-8adb-79ef1733d58f@group-E11979FE3E09-LeaderElection81] INFO  server.RaftServerConfigKeys (ConfUtils.java:logGet(43)) - raft.server.watch.timeout = 10s (default)
2019-10-04 15:34:26,793 [bac0eeae-2796-4ae4-8adb-79ef1733d58f@group-E11979FE3E09-LeaderElection81] INFO  server.RaftServerConfigKeys (ConfUtils.java:logGet(43)) - raft.server.watch.timeout.denomination = 1s (default)
2019-10-04 15:34:26,793 [bac0eeae-2796-4ae4-8adb-79ef1733d58f@group-E11979FE3E09-LeaderElection81] INFO  server.RaftServerConfigKeys (ConfUtils.java:logGet(43)) - raft.server.watch.element-limit = 65536 (default)
2019-10-04 15:34:26,795 [bac0eeae-2796-4ae4-8adb-79ef1733d58f@group-E11979FE3E09-LeaderElection81] INFO  impl.RoleInfo (RoleInfo.java:updateAndGet(143)) - bac0eeae-2796-4ae4-8adb-79ef1733d58f: start LeaderState
2019-10-04 15:34:26,795 [bac0eeae-2796-4ae4-8adb-79ef1733d58f@group-E11979FE3E09-LeaderElection81] INFO  segmented.SegmentedRaftLogWorker (SegmentedRaftLogWorker.java:startLogSegment(385)) - bac0eeae-2796-4ae4-8adb-79ef1733d58f@group-E11979FE3E09-SegmentedRaftLogWorker: Starting segment from index:0
2019-10-04 15:34:26,796 [bac0eeae-2796-4ae4-8adb-79ef1733d58f@group-E11979FE3E09-LeaderElection81] INFO  impl.RaftServerImpl (ServerState.java:setRaftConf(356)) - bac0eeae-2796-4ae4-8adb-79ef1733d58f@group-E11979FE3E09: set configuration 0: [bac0eeae-2796-4ae4-8adb-79ef1733d58f:192.168.164.204:33474], old=null at 0
2019-10-04 15:34:26,826 [561132ce-6699-4b2e-bc36-b94b11377070@group-B7BAD3C390DD-SegmentedRaftLogWorker] INFO  segmented.SegmentedRaftLogWorker (SegmentedRaftLogWorker.java:execute(574)) - 561132ce-6699-4b2e-bc36-b94b11377070@group-B7BAD3C390DD-SegmentedRaftLogWorker: created new log segment /workdir/hadoop-ozone/integration-test/target/test-dir/MiniOzoneClusterImpl-b1993d2c-7d52-49f7-9e2e-29bde4de0e03/datanode-1/data/ratis/d48178a5-27b3-4f76-b7b9-b7bad3c390dd/current/log_inprogress_0
2019-10-04 15:34:26,826 [368fef35-84f3-443f-9dd6-61671900f185@group-B7BAD3C390DD-SegmentedRaftLogWorker] INFO  segmented.SegmentedRaftLogWorker (SegmentedRaftLogWorker.java:execute(574)) - 368fef35-84f3-443f-9dd6-61671900f185@group-B7BAD3C390DD-SegmentedRaftLogWorker: created new log segment /workdir/hadoop-ozone/integration-test/target/test-dir/MiniOzoneClusterImpl-b1993d2c-7d52-49f7-9e2e-29bde4de0e03/datanode-2/data/ratis/d48178a5-27b3-4f76-b7b9-b7bad3c390dd/current/log_inprogress_0
2019-10-04 15:34:26,842 [bac0eeae-2796-4ae4-8adb-79ef1733d58f@group-E11979FE3E09-SegmentedRaftLogWorker] INFO  segmented.SegmentedRaftLogWorker (SegmentedRaftLogWorker.java:execute(574)) - bac0eeae-2796-4ae4-8adb-79ef1733d58f@group-E11979FE3E09-SegmentedRaftLogWorker: created new log segment /workdir/hadoop-ozone/integration-test/target/test-dir/MiniOzoneClusterImpl-b1993d2c-7d52-49f7-9e2e-29bde4de0e03/datanode-3/data/ratis/8fb5470e-bce5-430a-b7a6-e11979fe3e09/current/log_inprogress_0
2019-10-04 15:34:26,857 [Thread-2346] INFO  impl.FollowerState (FollowerState.java:run(108)) - 40538270-ed87-41a8-8881-814cf78c0432@group-CCF87B8E0437-FollowerState: change to CANDIDATE, lastRpcTime:5019ms, electionTimeout:5019ms
2019-10-04 15:34:26,857 [Thread-2346] INFO  impl.RoleInfo (RoleInfo.java:shutdownFollowerState(121)) - 40538270-ed87-41a8-8881-814cf78c0432: shutdown FollowerState
2019-10-04 15:34:26,858 [Thread-2346] INFO  impl.RaftServerImpl (RaftServerImpl.java:setRole(170)) - 40538270-ed87-41a8-8881-814cf78c0432@group-CCF87B8E0437: changes role from  FOLLOWER to CANDIDATE at term 0 for changeToCandidate
2019-10-04 15:34:26,858 [Thread-2346] INFO  impl.RoleInfo (RoleInfo.java:updateAndGet(143)) - 40538270-ed87-41a8-8881-814cf78c0432: start LeaderElection
2019-10-04 15:34:26,880 [Thread-2343] INFO  impl.FollowerState (FollowerState.java:run(108)) - 41b90895-f921-4588-baed-64b7c94401df@group-FA720310E61C-FollowerState: change to CANDIDATE, lastRpcTime:5094ms, electionTimeout:5094ms
2019-10-04 15:34:26,880 [Thread-2343] INFO  impl.RoleInfo (RoleInfo.java:shutdownFollowerState(121)) - 41b90895-f921-4588-baed-64b7c94401df: shutdown FollowerState
2019-10-04 15:34:26,880 [Thread-2343] INFO  impl.RaftServerImpl (RaftServerImpl.java:setRole(170)) - 41b90895-f921-4588-baed-64b7c94401df@group-FA720310E61C: changes role from  FOLLOWER to CANDIDATE at term 0 for changeToCandidate
2019-10-04 15:34:26,881 [Thread-2343] INFO  impl.RoleInfo (RoleInfo.java:updateAndGet(143)) - 41b90895-f921-4588-baed-64b7c94401df: start LeaderElection
2019-10-04 15:34:26,893 [40538270-ed87-41a8-8881-814cf78c0432@group-CCF87B8E0437-LeaderElection82] INFO  impl.LeaderElection (LeaderElection.java:askForVotes(178)) - 40538270-ed87-41a8-8881-814cf78c0432@group-CCF87B8E0437-LeaderElection82: begin an election at term 1 for -1: [40538270-ed87-41a8-8881-814cf78c0432:192.168.164.204:40555], old=null
2019-10-04 15:34:26,893 [40538270-ed87-41a8-8881-814cf78c0432@group-CCF87B8E0437-LeaderElection82] INFO  impl.RoleInfo (RoleInfo.java:shutdownLeaderElection(134)) - 40538270-ed87-41a8-8881-814cf78c0432: shutdown LeaderElection
2019-10-04 15:34:26,893 [40538270-ed87-41a8-8881-814cf78c0432@group-CCF87B8E0437-LeaderElection82] INFO  impl.RaftServerImpl (RaftServerImpl.java:setRole(170)) - 40538270-ed87-41a8-8881-814cf78c0432@group-CCF87B8E0437: changes role from CANDIDATE to LEADER at term 1 for changeToLeader
2019-10-04 15:34:26,893 [40538270-ed87-41a8-8881-814cf78c0432@group-CCF87B8E0437-LeaderElection82] INFO  impl.RaftServerImpl (ServerState.java:setLeader(255)) - 40538270-ed87-41a8-8881-814cf78c0432@group-CCF87B8E0437: change Leader from null to 40538270-ed87-41a8-8881-814cf78c0432 at term 1 for becomeLeader, leader elected after 5062ms
2019-10-04 15:34:26,894 [40538270-ed87-41a8-8881-814cf78c0432@group-CCF87B8E0437-LeaderElection82] INFO  server.RaftServerConfigKeys (ConfUtils.java:logGet(43)) - raft.server.staging.catchup.gap = 1000 (default)
2019-10-04 15:34:26,894 [40538270-ed87-41a8-8881-814cf78c0432@group-CCF87B8E0437-LeaderElection82] INFO  server.RaftServerConfigKeys (ConfUtils.java:logGet(43)) - raft.server.rpc.sleep.time = 25ms (default)
2019-10-04 15:34:26,894 [40538270-ed87-41a8-8881-814cf78c0432@group-CCF87B8E0437-LeaderElection82] INFO  server.RaftServerConfigKeys (ConfUtils.java:logGet(43)) - raft.server.write.element-limit = 4096 (default)
2019-10-04 15:34:26,894 [40538270-ed87-41a8-8881-814cf78c0432@group-CCF87B8E0437-LeaderElection82] INFO  server.RaftServerConfigKeys (ConfUtils.java:logGet(43)) - raft.server.watch.timeout = 10s (default)
2019-10-04 15:34:26,894 [40538270-ed87-41a8-8881-814cf78c0432@group-CCF87B8E0437-LeaderElection82] INFO  server.RaftServerConfigKeys (ConfUtils.java:logGet(43)) - raft.server.watch.timeout.denomination = 1s (default)
2019-10-04 15:34:26,894 [40538270-ed87-41a8-8881-814cf78c0432@group-CCF87B8E0437-LeaderElection82] INFO  server.RaftServerConfigKeys (ConfUtils.java:logGet(43)) - raft.server.watch.element-limit = 65536 (default)
2019-10-04 15:34:26,897 [40538270-ed87-41a8-8881-814cf78c0432@group-CCF87B8E0437-LeaderElection82] INFO  impl.RoleInfo (RoleInfo.java:updateAndGet(143)) - 40538270-ed87-41a8-8881-814cf78c0432: start LeaderState
2019-10-04 15:34:26,897 [40538270-ed87-41a8-8881-814cf78c0432@group-CCF87B8E0437-LeaderElection82] INFO  segmented.SegmentedRaftLogWorker (SegmentedRaftLogWorker.java:startLogSegment(385)) - 40538270-ed87-41a8-8881-814cf78c0432@group-CCF87B8E0437-SegmentedRaftLogWorker: Starting segment from index:0
2019-10-04 15:34:26,897 [40538270-ed87-41a8-8881-814cf78c0432@group-CCF87B8E0437-LeaderElection82] INFO  impl.RaftServerImpl (ServerState.java:setRaftConf(356)) - 40538270-ed87-41a8-8881-814cf78c0432@group-CCF87B8E0437: set configuration 0: [40538270-ed87-41a8-8881-814cf78c0432:192.168.164.204:40555], old=null at 0
2019-10-04 15:34:26,905 [41b90895-f921-4588-baed-64b7c94401df@group-FA720310E61C-LeaderElection83] INFO  impl.LeaderElection (LeaderElection.java:askForVotes(178)) - 41b90895-f921-4588-baed-64b7c94401df@group-FA720310E61C-LeaderElection83: begin an election at term 1 for -1: [41b90895-f921-4588-baed-64b7c94401df:192.168.164.204:34440], old=null
2019-10-04 15:34:26,906 [41b90895-f921-4588-baed-64b7c94401df@group-FA720310E61C-LeaderElection83] INFO  impl.RoleInfo (RoleInfo.java:shutdownLeaderElection(134)) - 41b90895-f921-4588-baed-64b7c94401df: shutdown LeaderElection
2019-10-04 15:34:26,906 [41b90895-f921-4588-baed-64b7c94401df@group-FA720310E61C-LeaderElection83] INFO  impl.RaftServerImpl (RaftServerImpl.java:setRole(170)) - 41b90895-f921-4588-baed-64b7c94401df@group-FA720310E61C: changes role from CANDIDATE to LEADER at term 1 for changeToLeader
2019-10-04 15:34:26,906 [41b90895-f921-4588-baed-64b7c94401df@group-FA720310E61C-LeaderElection83] INFO  impl.RaftServerImpl (ServerState.java:setLeader(255)) - 41b90895-f921-4588-baed-64b7c94401df@group-FA720310E61C: change Leader from null to 41b90895-f921-4588-baed-64b7c94401df at term 1 for becomeLeader, leader elected after 5126ms
2019-10-04 15:34:26,906 [41b90895-f921-4588-baed-64b7c94401df@group-FA720310E61C-LeaderElection83] INFO  server.RaftServerConfigKeys (ConfUtils.java:logGet(43)) - raft.server.staging.catchup.gap = 1000 (default)
2019-10-04 15:34:26,906 [41b90895-f921-4588-baed-64b7c94401df@group-FA720310E61C-LeaderElection83] INFO  server.RaftServerConfigKeys (ConfUtils.java:logGet(43)) - raft.server.rpc.sleep.time = 25ms (default)
2019-10-04 15:34:26,906 [41b90895-f921-4588-baed-64b7c94401df@group-FA720310E61C-LeaderElection83] INFO  server.RaftServerConfigKeys (ConfUtils.java:logGet(43)) - raft.server.write.element-limit = 4096 (default)
2019-10-04 15:34:26,907 [41b90895-f921-4588-baed-64b7c94401df@group-FA720310E61C-LeaderElection83] INFO  server.RaftServerConfigKeys (ConfUtils.java:logGet(43)) - raft.server.watch.timeout = 10s (default)
2019-10-04 15:34:26,907 [41b90895-f921-4588-baed-64b7c94401df@group-FA720310E61C-LeaderElection83] INFO  server.RaftServerConfigKeys (ConfUtils.java:logGet(43)) - raft.server.watch.timeout.denomination = 1s (default)
2019-10-04 15:34:26,907 [41b90895-f921-4588-baed-64b7c94401df@group-FA720310E61C-LeaderElection83] INFO  server.RaftServerConfigKeys (ConfUtils.java:logGet(43)) - raft.server.watch.element-limit = 65536 (default)
2019-10-04 15:34:26,909 [41b90895-f921-4588-baed-64b7c94401df@group-FA720310E61C-LeaderElection83] INFO  impl.RoleInfo (RoleInfo.java:updateAndGet(143)) - 41b90895-f921-4588-baed-64b7c94401df: start LeaderState
2019-10-04 15:34:26,910 [41b90895-f921-4588-baed-64b7c94401df@group-FA720310E61C-LeaderElection83] INFO  segmented.SegmentedRaftLogWorker (SegmentedRaftLogWorker.java:startLogSegment(385)) - 41b90895-f921-4588-baed-64b7c94401df@group-FA720310E61C-SegmentedRaftLogWorker: Starting segment from index:0
2019-10-04 15:34:26,910 [41b90895-f921-4588-baed-64b7c94401df@group-FA720310E61C-LeaderElection83] INFO  impl.RaftServerImpl (ServerState.java:setRaftConf(356)) - 41b90895-f921-4588-baed-64b7c94401df@group-FA720310E61C: set configuration 0: [41b90895-f921-4588-baed-64b7c94401df:192.168.164.204:34440], old=null at 0
2019-10-04 15:34:26,927 [Thread-2352] INFO  impl.FollowerState (FollowerState.java:run(108)) - 41b90895-f921-4588-baed-64b7c94401df@group-D1D8C6678C15-FollowerState: change to CANDIDATE, lastRpcTime:5003ms, electionTimeout:5003ms
2019-10-04 15:34:26,927 [Thread-2352] INFO  impl.RoleInfo (RoleInfo.java:shutdownFollowerState(121)) - 41b90895-f921-4588-baed-64b7c94401df: shutdown FollowerState
2019-10-04 15:34:26,927 [Thread-2352] INFO  impl.RaftServerImpl (RaftServerImpl.java:setRole(170)) - 41b90895-f921-4588-baed-64b7c94401df@group-D1D8C6678C15: changes role from  FOLLOWER to CANDIDATE at term 0 for changeToCandidate
2019-10-04 15:34:26,927 [Thread-2352] INFO  impl.RoleInfo (RoleInfo.java:updateAndGet(143)) - 41b90895-f921-4588-baed-64b7c94401df: start LeaderElection
2019-10-04 15:34:26,967 [41b90895-f921-4588-baed-64b7c94401df@group-FA720310E61C-SegmentedRaftLogWorker] INFO  segmented.SegmentedRaftLogWorker (SegmentedRaftLogWorker.java:execute(574)) - 41b90895-f921-4588-baed-64b7c94401df@group-FA720310E61C-SegmentedRaftLogWorker: created new log segment /workdir/hadoop-ozone/integration-test/target/test-dir/MiniOzoneClusterImpl-b1993d2c-7d52-49f7-9e2e-29bde4de0e03/datanode-4/data/ratis/dc37719b-180b-4c82-9178-fa720310e61c/current/log_inprogress_0
2019-10-04 15:34:26,967 [41b90895-f921-4588-baed-64b7c94401df@group-D1D8C6678C15-LeaderElection84] INFO  impl.LeaderElection (LeaderElection.java:askForVotes(178)) - 41b90895-f921-4588-baed-64b7c94401df@group-D1D8C6678C15-LeaderElection84: begin an election at term 1 for -1: [bac0eeae-2796-4ae4-8adb-79ef1733d58f:192.168.164.204:33474, 40538270-ed87-41a8-8881-814cf78c0432:192.168.164.204:40555, 41b90895-f921-4588-baed-64b7c94401df:192.168.164.204:34440], old=null
2019-10-04 15:34:26,967 [40538270-ed87-41a8-8881-814cf78c0432@group-CCF87B8E0437-SegmentedRaftLogWorker] INFO  segmented.SegmentedRaftLogWorker (SegmentedRaftLogWorker.java:execute(574)) - 40538270-ed87-41a8-8881-814cf78c0432@group-CCF87B8E0437-SegmentedRaftLogWorker: created new log segment /workdir/hadoop-ozone/integration-test/target/test-dir/MiniOzoneClusterImpl-b1993d2c-7d52-49f7-9e2e-29bde4de0e03/datanode-5/data/ratis/675c6f52-7b66-45c3-96af-ccf87b8e0437/current/log_inprogress_0
2019-10-04 15:34:26,980 [grpc-default-executor-6] INFO  impl.RaftServerImpl (RaftServerImpl.java:setRole(170)) - bac0eeae-2796-4ae4-8adb-79ef1733d58f@group-D1D8C6678C15: changes role from  FOLLOWER to FOLLOWER at term 1 for recognizeCandidate:41b90895-f921-4588-baed-64b7c94401df
2019-10-04 15:34:26,980 [grpc-default-executor-6] INFO  impl.RoleInfo (RoleInfo.java:shutdownFollowerState(121)) - bac0eeae-2796-4ae4-8adb-79ef1733d58f: shutdown FollowerState
2019-10-04 15:34:26,980 [grpc-default-executor-6] INFO  impl.RoleInfo (RoleInfo.java:updateAndGet(143)) - bac0eeae-2796-4ae4-8adb-79ef1733d58f: start FollowerState
2019-10-04 15:34:26,984 [Thread-2351] INFO  impl.FollowerState (FollowerState.java:run(117)) - bac0eeae-2796-4ae4-8adb-79ef1733d58f@group-D1D8C6678C15-FollowerState was interrupted: java.lang.InterruptedException: sleep interrupted
2019-10-04 15:34:26,984 [grpc-default-executor-2] INFO  impl.RaftServerImpl (RaftServerImpl.java:setRole(170)) - 40538270-ed87-41a8-8881-814cf78c0432@group-D1D8C6678C15: changes role from  FOLLOWER to FOLLOWER at term 1 for recognizeCandidate:41b90895-f921-4588-baed-64b7c94401df
2019-10-04 15:34:26,989 [grpc-default-executor-2] INFO  impl.RoleInfo (RoleInfo.java:shutdownFollowerState(121)) - 40538270-ed87-41a8-8881-814cf78c0432: shutdown FollowerState
2019-10-04 15:34:26,989 [grpc-default-executor-2] INFO  impl.RoleInfo (RoleInfo.java:updateAndGet(143)) - 40538270-ed87-41a8-8881-814cf78c0432: start FollowerState
2019-10-04 15:34:26,989 [Thread-2353] INFO  impl.FollowerState (FollowerState.java:run(117)) - 40538270-ed87-41a8-8881-814cf78c0432@group-D1D8C6678C15-FollowerState was interrupted: java.lang.InterruptedException: sleep interrupted
2019-10-04 15:34:27,030 [41b90895-f921-4588-baed-64b7c94401df@group-D1D8C6678C15-LeaderElection84] INFO  impl.LeaderElection (LeaderElection.java:logAndReturn(56)) - 41b90895-f921-4588-baed-64b7c94401df@group-D1D8C6678C15-LeaderElection84: Election PASSED; received 1 response(s) [41b90895-f921-4588-baed-64b7c94401df<-40538270-ed87-41a8-8881-814cf78c0432#0:OK-t1] and 0 exception(s); 41b90895-f921-4588-baed-64b7c94401df@group-D1D8C6678C15:t1, leader=null, voted=41b90895-f921-4588-baed-64b7c94401df, raftlog=41b90895-f921-4588-baed-64b7c94401df@group-D1D8C6678C15-SegmentedRaftLog:OPENED:c-1,f-1,i0, conf=-1: [bac0eeae-2796-4ae4-8adb-79ef1733d58f:192.168.164.204:33474, 40538270-ed87-41a8-8881-814cf78c0432:192.168.164.204:40555, 41b90895-f921-4588-baed-64b7c94401df:192.168.164.204:34440], old=null
2019-10-04 15:34:27,030 [41b90895-f921-4588-baed-64b7c94401df@group-D1D8C6678C15-LeaderElection84] INFO  impl.RoleInfo (RoleInfo.java:shutdownLeaderElection(134)) - 41b90895-f921-4588-baed-64b7c94401df: shutdown LeaderElection
2019-10-04 15:34:27,030 [41b90895-f921-4588-baed-64b7c94401df@group-D1D8C6678C15-LeaderElection84] INFO  impl.RaftServerImpl (RaftServerImpl.java:setRole(170)) - 41b90895-f921-4588-baed-64b7c94401df@group-D1D8C6678C15: changes role from CANDIDATE to LEADER at term 1 for changeToLeader
2019-10-04 15:34:27,030 [41b90895-f921-4588-baed-64b7c94401df@group-D1D8C6678C15-LeaderElection84] INFO  impl.RaftServerImpl (ServerState.java:setLeader(255)) - 41b90895-f921-4588-baed-64b7c94401df@group-D1D8C6678C15: change Leader from null to 41b90895-f921-4588-baed-64b7c94401df at term 1 for becomeLeader, leader elected after 5118ms
2019-10-04 15:34:27,031 [41b90895-f921-4588-baed-64b7c94401df@group-D1D8C6678C15-LeaderElection84] INFO  server.RaftServerConfigKeys (ConfUtils.java:logGet(43)) - raft.server.staging.catchup.gap = 1000 (default)
2019-10-04 15:34:27,031 [41b90895-f921-4588-baed-64b7c94401df@group-D1D8C6678C15-LeaderElection84] INFO  server.RaftServerConfigKeys (ConfUtils.java:logGet(43)) - raft.server.rpc.sleep.time = 25ms (default)
2019-10-04 15:34:27,031 [41b90895-f921-4588-baed-64b7c94401df@group-D1D8C6678C15-LeaderElection84] INFO  server.RaftServerConfigKeys (ConfUtils.java:logGet(43)) - raft.server.write.element-limit = 4096 (default)
2019-10-04 15:34:27,031 [41b90895-f921-4588-baed-64b7c94401df@group-D1D8C6678C15-LeaderElection84] INFO  server.RaftServerConfigKeys (ConfUtils.java:logGet(43)) - raft.server.watch.timeout = 10s (default)
2019-10-04 15:34:27,031 [41b90895-f921-4588-baed-64b7c94401df@group-D1D8C6678C15-LeaderElection84] INFO  server.RaftServerConfigKeys (ConfUtils.java:logGet(43)) - raft.server.watch.timeout.denomination = 1s (default)
2019-10-04 15:34:27,031 [41b90895-f921-4588-baed-64b7c94401df@group-D1D8C6678C15-LeaderElection84] INFO  server.RaftServerConfigKeys (ConfUtils.java:logGet(43)) - raft.server.watch.element-limit = 65536 (default)
2019-10-04 15:34:27,034 [41b90895-f921-4588-baed-64b7c94401df@group-D1D8C6678C15-LeaderElection84] INFO  server.RaftServerConfigKeys (ConfUtils.java:logGet(43)) - raft.server.log.appender.snapshot.chunk.size.max = 16MB (=16777216) (default)
2019-10-04 15:34:27,034 [41b90895-f921-4588-baed-64b7c94401df@group-D1D8C6678C15-LeaderElection84] INFO  server.RaftServerConfigKeys (ConfUtils.java:logGet(43)) - raft.server.log.appender.buffer.byte-limit = 33554432 (custom)
2019-10-04 15:34:27,034 [41b90895-f921-4588-baed-64b7c94401df@group-D1D8C6678C15-LeaderElection84] INFO  server.RaftServerConfigKeys (ConfUtils.java:logGet(43)) - raft.server.log.appender.buffer.element-limit = 1 (custom)
2019-10-04 15:34:27,034 [41b90895-f921-4588-baed-64b7c94401df@group-D1D8C6678C15-LeaderElection84] INFO  grpc.GrpcConfigKeys$Server (ConfUtils.java:logGet(43)) - raft.grpc.server.leader.outstanding.appends.max = 128 (default)
2019-10-04 15:34:27,035 [41b90895-f921-4588-baed-64b7c94401df@group-D1D8C6678C15-LeaderElection84] INFO  server.RaftServerConfigKeys (ConfUtils.java:logGet(43)) - raft.server.rpc.request.timeout = 3000ms (default)
2019-10-04 15:34:27,035 [41b90895-f921-4588-baed-64b7c94401df@group-D1D8C6678C15-LeaderElection84] INFO  server.RaftServerConfigKeys (ConfUtils.java:logGet(43)) - raft.server.log.appender.install.snapshot.enabled = false (custom)
2019-10-04 15:34:27,035 [41b90895-f921-4588-baed-64b7c94401df@group-D1D8C6678C15-LeaderElection84] INFO  server.RaftServerConfigKeys (ConfUtils.java:logGet(43)) - raft.server.log.appender.snapshot.chunk.size.max = 16MB (=16777216) (default)
2019-10-04 15:34:27,035 [41b90895-f921-4588-baed-64b7c94401df@group-D1D8C6678C15-LeaderElection84] INFO  server.RaftServerConfigKeys (ConfUtils.java:logGet(43)) - raft.server.log.appender.buffer.byte-limit = 33554432 (custom)
2019-10-04 15:34:27,035 [41b90895-f921-4588-baed-64b7c94401df@group-D1D8C6678C15-LeaderElection84] INFO  server.RaftServerConfigKeys (ConfUtils.java:logGet(43)) - raft.server.log.appender.buffer.element-limit = 1 (custom)
2019-10-04 15:34:27,036 [41b90895-f921-4588-baed-64b7c94401df@group-D1D8C6678C15-LeaderElection84] INFO  grpc.GrpcConfigKeys$Server (ConfUtils.java:logGet(43)) - raft.grpc.server.leader.outstanding.appends.max = 128 (default)
2019-10-04 15:34:27,036 [41b90895-f921-4588-baed-64b7c94401df@group-D1D8C6678C15-LeaderElection84] INFO  server.RaftServerConfigKeys (ConfUtils.java:logGet(43)) - raft.server.rpc.request.timeout = 3000ms (default)
2019-10-04 15:34:27,036 [41b90895-f921-4588-baed-64b7c94401df@group-D1D8C6678C15-LeaderElection84] INFO  server.RaftServerConfigKeys (ConfUtils.java:logGet(43)) - raft.server.log.appender.install.snapshot.enabled = false (custom)
2019-10-04 15:34:27,036 [41b90895-f921-4588-baed-64b7c94401df@group-D1D8C6678C15-LeaderElection84] INFO  impl.RoleInfo (RoleInfo.java:updateAndGet(143)) - 41b90895-f921-4588-baed-64b7c94401df: start LeaderState
2019-10-04 15:34:27,037 [41b90895-f921-4588-baed-64b7c94401df@group-D1D8C6678C15-LeaderElection84] INFO  segmented.SegmentedRaftLogWorker (SegmentedRaftLogWorker.java:startLogSegment(385)) - 41b90895-f921-4588-baed-64b7c94401df@group-D1D8C6678C15-SegmentedRaftLogWorker: Starting segment from index:0
2019-10-04 15:34:27,038 [41b90895-f921-4588-baed-64b7c94401df@group-D1D8C6678C15-LeaderElection84] INFO  impl.RaftServerImpl (ServerState.java:setRaftConf(356)) - 41b90895-f921-4588-baed-64b7c94401df@group-D1D8C6678C15: set configuration 0: [bac0eeae-2796-4ae4-8adb-79ef1733d58f:192.168.164.204:33474, 40538270-ed87-41a8-8881-814cf78c0432:192.168.164.204:40555, 41b90895-f921-4588-baed-64b7c94401df:192.168.164.204:34440], old=null at 0
2019-10-04 15:34:27,040 [grpc-default-executor-6] INFO  impl.RaftServerImpl (ServerState.java:setLeader(255)) - bac0eeae-2796-4ae4-8adb-79ef1733d58f@group-D1D8C6678C15: change Leader from null to 41b90895-f921-4588-baed-64b7c94401df at term 1 for appendEntries, leader elected after 5127ms
2019-10-04 15:34:27,071 [grpc-default-executor-2] INFO  impl.RaftServerImpl (ServerState.java:setLeader(255)) - 40538270-ed87-41a8-8881-814cf78c0432@group-D1D8C6678C15: change Leader from null to 41b90895-f921-4588-baed-64b7c94401df at term 1 for appendEntries, leader elected after 5158ms
2019-10-04 15:34:27,075 [grpc-default-executor-2] INFO  impl.RaftServerImpl (ServerState.java:setRaftConf(356)) - bac0eeae-2796-4ae4-8adb-79ef1733d58f@group-D1D8C6678C15: set configuration 0: [bac0eeae-2796-4ae4-8adb-79ef1733d58f:192.168.164.204:33474, 40538270-ed87-41a8-8881-814cf78c0432:192.168.164.204:40555, 41b90895-f921-4588-baed-64b7c94401df:192.168.164.204:34440], old=null at 0
2019-10-04 15:34:27,075 [grpc-default-executor-2] INFO  segmented.SegmentedRaftLogWorker (SegmentedRaftLogWorker.java:startLogSegment(385)) - bac0eeae-2796-4ae4-8adb-79ef1733d58f@group-D1D8C6678C15-SegmentedRaftLogWorker: Starting segment from index:0
2019-10-04 15:34:27,076 [grpc-default-executor-6] INFO  impl.RaftServerImpl (ServerState.java:setRaftConf(356)) - 40538270-ed87-41a8-8881-814cf78c0432@group-D1D8C6678C15: set configuration 0: [bac0eeae-2796-4ae4-8adb-79ef1733d58f:192.168.164.204:33474, 40538270-ed87-41a8-8881-814cf78c0432:192.168.164.204:40555, 41b90895-f921-4588-baed-64b7c94401df:192.168.164.204:34440], old=null at 0
2019-10-04 15:34:27,076 [grpc-default-executor-6] INFO  segmented.SegmentedRaftLogWorker (SegmentedRaftLogWorker.java:startLogSegment(385)) - 40538270-ed87-41a8-8881-814cf78c0432@group-D1D8C6678C15-SegmentedRaftLogWorker: Starting segment from index:0
2019-10-04 15:34:27,080 [41b90895-f921-4588-baed-64b7c94401df@group-D1D8C6678C15-SegmentedRaftLogWorker] INFO  segmented.SegmentedRaftLogWorker (SegmentedRaftLogWorker.java:execute(574)) - 41b90895-f921-4588-baed-64b7c94401df@group-D1D8C6678C15-SegmentedRaftLogWorker: created new log segment /workdir/hadoop-ozone/integration-test/target/test-dir/MiniOzoneClusterImpl-b1993d2c-7d52-49f7-9e2e-29bde4de0e03/datanode-4/data/ratis/9da987ae-e301-430f-9fb0-d1d8c6678c15/current/log_inprogress_0
2019-10-04 15:34:27,132 [40538270-ed87-41a8-8881-814cf78c0432@group-D1D8C6678C15-SegmentedRaftLogWorker] INFO  segmented.SegmentedRaftLogWorker (SegmentedRaftLogWorker.java:execute(574)) - 40538270-ed87-41a8-8881-814cf78c0432@group-D1D8C6678C15-SegmentedRaftLogWorker: created new log segment /workdir/hadoop-ozone/integration-test/target/test-dir/MiniOzoneClusterImpl-b1993d2c-7d52-49f7-9e2e-29bde4de0e03/datanode-5/data/ratis/9da987ae-e301-430f-9fb0-d1d8c6678c15/current/log_inprogress_0
2019-10-04 15:34:27,132 [bac0eeae-2796-4ae4-8adb-79ef1733d58f@group-D1D8C6678C15-SegmentedRaftLogWorker] INFO  segmented.SegmentedRaftLogWorker (SegmentedRaftLogWorker.java:execute(574)) - bac0eeae-2796-4ae4-8adb-79ef1733d58f@group-D1D8C6678C15-SegmentedRaftLogWorker: created new log segment /workdir/hadoop-ozone/integration-test/target/test-dir/MiniOzoneClusterImpl-b1993d2c-7d52-49f7-9e2e-29bde4de0e03/datanode-3/data/ratis/9da987ae-e301-430f-9fb0-d1d8c6678c15/current/log_inprogress_0
2019-10-04 15:34:27,682 [Thread-2427] INFO  client.GrpcClientProtocolService (GrpcClientProtocolService.java:lambda$processClientRequest$0(278)) - Failed RaftClientRequest:client-00EECBAB4D47->aa2f742d-1aa3-4d94-aa6c-e8e052b0a6f5@group-37BA3EDC0ABD, cid=68, seq=0, Watch-MAJORITY_COMMITTED(18), Message:<EMPTY>, reply=RaftClientReply:client-00EECBAB4D47->aa2f742d-1aa3-4d94-aa6c-e8e052b0a6f5@group-37BA3EDC0ABD, cid=68, FAILED org.apache.ratis.protocol.NotReplicatedException: Request with call Id 68 and log index 18 is not yet replicated to MAJORITY_COMMITTED, logIndex=18, commits[aa2f742d-1aa3-4d94-aa6c-e8e052b0a6f5:c2, 6e12a70d-a44a-4f5b-9ec5-f7c9b940dc20:c2, b46a1829-9c1c-43c9-8f23-f1cf878f156c:c2]
2019-10-04 15:34:27,682 [Thread-2428] INFO  client.GrpcClientProtocolService (GrpcClientProtocolService.java:lambda$processClientRequest$0(278)) - Failed RaftClientRequest:client-00EECBAB4D47->aa2f742d-1aa3-4d94-aa6c-e8e052b0a6f5@group-37BA3EDC0ABD, cid=67, seq=0, Watch-ALL_COMMITTED(18), Message:<EMPTY>, reply=RaftClientReply:client-00EECBAB4D47->aa2f742d-1aa3-4d94-aa6c-e8e052b0a6f5@group-37BA3EDC0ABD, cid=67, FAILED org.apache.ratis.protocol.NotReplicatedException: Request with call Id 67 and log index 18 is not yet replicated to ALL_COMMITTED, logIndex=18, commits[aa2f742d-1aa3-4d94-aa6c-e8e052b0a6f5:c2, 6e12a70d-a44a-4f5b-9ec5-f7c9b940dc20:c2, b46a1829-9c1c-43c9-8f23-f1cf878f156c:c2]
2019-10-04 15:34:27,716 [grpc-default-executor-6] WARN  server.GrpcLogAppender (LogUtils.java:warn(134)) - aa2f742d-1aa3-4d94-aa6c-e8e052b0a6f5@group-37BA3EDC0ABD->6e12a70d-a44a-4f5b-9ec5-f7c9b940dc20-AppendLogResponseHandler: Failed appendEntries: org.apache.ratis.thirdparty.io.grpc.StatusRuntimeException: UNAVAILABLE: io exception
2019-10-04 15:34:27,716 [grpc-default-executor-14] WARN  server.GrpcLogAppender (LogUtils.java:warn(134)) - aa2f742d-1aa3-4d94-aa6c-e8e052b0a6f5@group-37BA3EDC0ABD->b46a1829-9c1c-43c9-8f23-f1cf878f156c-AppendLogResponseHandler: Failed appendEntries: org.apache.ratis.thirdparty.io.grpc.StatusRuntimeException: UNAVAILABLE: io exception
2019-10-04 15:34:27,724 [grpc-default-executor-6] INFO  impl.FollowerInfo (FollowerInfo.java:lambda$new$0(51)) - aa2f742d-1aa3-4d94-aa6c-e8e052b0a6f5@group-37BA3EDC0ABD->6e12a70d-a44a-4f5b-9ec5-f7c9b940dc20: nextIndex: updateUnconditionally 0 -> 0
2019-10-04 15:34:27,724 [grpc-default-executor-14] INFO  impl.FollowerInfo (FollowerInfo.java:lambda$new$0(51)) - aa2f742d-1aa3-4d94-aa6c-e8e052b0a6f5@group-37BA3EDC0ABD->b46a1829-9c1c-43c9-8f23-f1cf878f156c: nextIndex: updateUnconditionally 0 -> 0
2019-10-04 15:34:28,212 [Datanode State Machine Thread - 0] INFO  statemachine.DatanodeStateMachine (DatanodeStateMachine.java:lambda$startDaemon$0(350)) - Ozone container server started.
2019-10-04 15:34:30,220 [grpc-default-executor-2] WARN  server.GrpcLogAppender (LogUtils.java:warn(134)) - aa2f742d-1aa3-4d94-aa6c-e8e052b0a6f5@group-37BA3EDC0ABD->b46a1829-9c1c-43c9-8f23-f1cf878f156c-AppendLogResponseHandler: Failed appendEntries: org.apache.ratis.thirdparty.io.grpc.StatusRuntimeException: UNAVAILABLE: io exception
2019-10-04 15:34:30,220 [grpc-default-executor-14] WARN  server.GrpcLogAppender (LogUtils.java:warn(134)) - aa2f742d-1aa3-4d94-aa6c-e8e052b0a6f5@group-37BA3EDC0ABD->6e12a70d-a44a-4f5b-9ec5-f7c9b940dc20-AppendLogResponseHandler: Failed appendEntries: org.apache.ratis.thirdparty.io.grpc.StatusRuntimeException: UNAVAILABLE: io exception
2019-10-04 15:34:30,221 [grpc-default-executor-14] INFO  impl.FollowerInfo (FollowerInfo.java:lambda$new$0(51)) - aa2f742d-1aa3-4d94-aa6c-e8e052b0a6f5@group-37BA3EDC0ABD->6e12a70d-a44a-4f5b-9ec5-f7c9b940dc20: nextIndex: updateUnconditionally 0 -> 0
2019-10-04 15:34:30,221 [grpc-default-executor-2] INFO  impl.FollowerInfo (FollowerInfo.java:lambda$new$0(51)) - aa2f742d-1aa3-4d94-aa6c-e8e052b0a6f5@group-37BA3EDC0ABD->b46a1829-9c1c-43c9-8f23-f1cf878f156c: nextIndex: updateUnconditionally 0 -> 0
2019-10-04 15:34:32,222 [main] INFO  ozoneimpl.OzoneContainer (OzoneContainer.java:stop(231)) - Attempting to stop container services.
2019-10-04 15:34:32,223 [main] INFO  impl.RaftServerProxy (RaftServerProxy.java:lambda$close$4(314)) - 59834e59-7e39-4205-a300-511f4dc727fc: close
2019-10-04 15:34:32,224 [main] INFO  impl.RaftServerImpl (RaftServerImpl.java:lambda$shutdown$3(247)) - 59834e59-7e39-4205-a300-511f4dc727fc@group-8B110601D498: shutdown
2019-10-04 15:34:32,224 [ForkJoinPool.commonPool-worker-1] INFO  impl.RaftServerImpl (RaftServerImpl.java:lambda$shutdown$3(247)) - 59834e59-7e39-4205-a300-511f4dc727fc@group-B7BAD3C390DD: shutdown
2019-10-04 15:34:32,224 [main] INFO  util.JmxRegister (JmxRegister.java:unregister(73)) - Successfully un-registered JMX Bean with object name Ratis:service=RaftServer,group=group-8B110601D498,id=59834e59-7e39-4205-a300-511f4dc727fc
2019-10-04 15:34:32,224 [ForkJoinPool.commonPool-worker-1] INFO  util.JmxRegister (JmxRegister.java:unregister(73)) - Successfully un-registered JMX Bean with object name Ratis:service=RaftServer,group=group-B7BAD3C390DD,id=59834e59-7e39-4205-a300-511f4dc727fc
2019-10-04 15:34:32,224 [main] INFO  impl.RoleInfo (RoleInfo.java:shutdownLeaderState(104)) - 59834e59-7e39-4205-a300-511f4dc727fc: shutdown LeaderState
2019-10-04 15:34:32,224 [ForkJoinPool.commonPool-worker-1] INFO  impl.RoleInfo (RoleInfo.java:shutdownLeaderState(104)) - 59834e59-7e39-4205-a300-511f4dc727fc: shutdown LeaderState
2019-10-04 15:34:32,225 [main] INFO  impl.PendingRequests (PendingRequests.java:sendNotLeaderResponses(202)) - 59834e59-7e39-4205-a300-511f4dc727fc@group-8B110601D498-PendingRequests: sendNotLeaderResponses
2019-10-04 15:34:32,250 [org.apache.ratis.server.impl.LogAppender$AppenderDaemon$$Lambda$544/561535506@4d576e2] WARN  server.GrpcLogAppender (GrpcLogAppender.java:mayWait(143)) - 59834e59-7e39-4205-a300-511f4dc727fc@group-B7BAD3C390DD->368fef35-84f3-443f-9dd6-61671900f185-GrpcLogAppender: Wait interrupted by java.lang.InterruptedException
2019-10-04 15:34:32,250 [org.apache.ratis.server.impl.LogAppender$AppenderDaemon$$Lambda$544/561535506@3393fc5f] WARN  server.GrpcLogAppender (GrpcLogAppender.java:mayWait(143)) - 59834e59-7e39-4205-a300-511f4dc727fc@group-B7BAD3C390DD->561132ce-6699-4b2e-bc36-b94b11377070-GrpcLogAppender: Wait interrupted by java.lang.InterruptedException
2019-10-04 15:34:32,250 [ForkJoinPool.commonPool-worker-1] INFO  impl.PendingRequests (PendingRequests.java:sendNotLeaderResponses(202)) - 59834e59-7e39-4205-a300-511f4dc727fc@group-B7BAD3C390DD-PendingRequests: sendNotLeaderResponses
2019-10-04 15:34:32,251 [main] INFO  impl.StateMachineUpdater (StateMachineUpdater.java:stopAndJoin(136)) - 59834e59-7e39-4205-a300-511f4dc727fc@group-8B110601D498-StateMachineUpdater: set stopIndex = 0
2019-10-04 15:34:32,263 [ForkJoinPool.commonPool-worker-1] INFO  impl.StateMachineUpdater (StateMachineUpdater.java:stopAndJoin(136)) - 59834e59-7e39-4205-a300-511f4dc727fc@group-B7BAD3C390DD-StateMachineUpdater: set stopIndex = 2
2019-10-04 15:34:32,262 [grpc-default-executor-2] INFO  server.GrpcServerProtocolService (GrpcServerProtocolService.java:onCompleted(113)) - 561132ce-6699-4b2e-bc36-b94b11377070: Completed APPEND_ENTRIES, lastRequest: 59834e59-7e39-4205-a300-511f4dc727fc->561132ce-6699-4b2e-bc36-b94b11377070#5-t1, previous=(t:1, i:2), leaderCommit=2, initializing? false, entries: <empty>
2019-10-04 15:34:32,255 [grpc-default-executor-14] INFO  server.GrpcServerProtocolService (GrpcServerProtocolService.java:onCompleted(113)) - 368fef35-84f3-443f-9dd6-61671900f185: Completed APPEND_ENTRIES, lastRequest: 59834e59-7e39-4205-a300-511f4dc727fc->368fef35-84f3-443f-9dd6-61671900f185#5-t1, previous=(t:1, i:2), leaderCommit=2, initializing? false, entries: <empty>
2019-10-04 15:34:32,263 [59834e59-7e39-4205-a300-511f4dc727fc@group-B7BAD3C390DD-StateMachineUpdater] INFO  ratis.ContainerStateMachine (ContainerStateMachine.java:takeSnapshot(293)) - group-B7BAD3C390DD: Taking a snapshot at:(t:1, i:2) file /workdir/hadoop-ozone/integration-test/target/test-dir/MiniOzoneClusterImpl-b1993d2c-7d52-49f7-9e2e-29bde4de0e03/datanode-0/data/ratis/d48178a5-27b3-4f76-b7b9-b7bad3c390dd/sm/snapshot.1_2
2019-10-04 15:34:32,266 [main] INFO  impl.RaftServerImpl (ServerState.java:close(387)) - 59834e59-7e39-4205-a300-511f4dc727fc@group-8B110601D498: closes. applyIndex: 0
2019-10-04 15:34:32,266 [grpc-default-executor-13] INFO  server.GrpcLogAppender (GrpcLogAppender.java:onCompleted(293)) - 59834e59-7e39-4205-a300-511f4dc727fc@group-B7BAD3C390DD->368fef35-84f3-443f-9dd6-61671900f185-AppendLogResponseHandler: follower responses appendEntries COMPLETED
2019-10-04 15:34:32,266 [59834e59-7e39-4205-a300-511f4dc727fc@group-8B110601D498-SegmentedRaftLogWorker] INFO  segmented.SegmentedRaftLogWorker (SegmentedRaftLogWorker.java:run(316)) - 59834e59-7e39-4205-a300-511f4dc727fc@group-8B110601D498-SegmentedRaftLogWorker was interrupted, exiting. There are 0 tasks remaining in the queue.
2019-10-04 15:34:32,266 [grpc-default-executor-14] INFO  server.GrpcLogAppender (GrpcLogAppender.java:onCompleted(293)) - 59834e59-7e39-4205-a300-511f4dc727fc@group-B7BAD3C390DD->561132ce-6699-4b2e-bc36-b94b11377070-AppendLogResponseHandler: follower responses appendEntries COMPLETED
2019-10-04 15:34:32,271 [main] INFO  segmented.SegmentedRaftLogWorker (SegmentedRaftLogWorker.java:close(224)) - 59834e59-7e39-4205-a300-511f4dc727fc@group-8B110601D498-SegmentedRaftLogWorker close()
2019-10-04 15:34:32,279 [grpc-default-executor-13] INFO  impl.FollowerInfo (FollowerInfo.java:lambda$new$0(51)) - 59834e59-7e39-4205-a300-511f4dc727fc@group-B7BAD3C390DD->368fef35-84f3-443f-9dd6-61671900f185: nextIndex: updateUnconditionally 3 -> 2
2019-10-04 15:34:32,279 [grpc-default-executor-14] INFO  impl.FollowerInfo (FollowerInfo.java:lambda$new$0(51)) - 59834e59-7e39-4205-a300-511f4dc727fc@group-B7BAD3C390DD->561132ce-6699-4b2e-bc36-b94b11377070: nextIndex: updateUnconditionally 3 -> 2
2019-10-04 15:34:32,291 [59834e59-7e39-4205-a300-511f4dc727fc@group-B7BAD3C390DD-StateMachineUpdater] INFO  ratis.ContainerStateMachine (ContainerStateMachine.java:takeSnapshot(304)) - group-B7BAD3C390DD: Finished taking a snapshot at:(t:1, i:2) file:/workdir/hadoop-ozone/integration-test/target/test-dir/MiniOzoneClusterImpl-b1993d2c-7d52-49f7-9e2e-29bde4de0e03/datanode-0/data/ratis/d48178a5-27b3-4f76-b7b9-b7bad3c390dd/sm/snapshot.1_2 time:28
2019-10-04 15:34:32,291 [59834e59-7e39-4205-a300-511f4dc727fc@group-B7BAD3C390DD-StateMachineUpdater] INFO  impl.StateMachineUpdater (StateMachineUpdater.java:takeSnapshot(269)) - 59834e59-7e39-4205-a300-511f4dc727fc@group-B7BAD3C390DD-StateMachineUpdater: Took a snapshot at index 2
2019-10-04 15:34:32,291 [59834e59-7e39-4205-a300-511f4dc727fc@group-B7BAD3C390DD-StateMachineUpdater] INFO  impl.StateMachineUpdater (StateMachineUpdater.java:lambda$new$0(84)) - 59834e59-7e39-4205-a300-511f4dc727fc@group-B7BAD3C390DD-StateMachineUpdater: snapshotIndex: updateIncreasingly -1 -> 2
2019-10-04 15:34:32,292 [ForkJoinPool.commonPool-worker-1] INFO  impl.RaftServerImpl (ServerState.java:close(387)) - 59834e59-7e39-4205-a300-511f4dc727fc@group-B7BAD3C390DD: closes. applyIndex: 2
2019-10-04 15:34:32,292 [59834e59-7e39-4205-a300-511f4dc727fc@group-B7BAD3C390DD-SegmentedRaftLogWorker] INFO  segmented.SegmentedRaftLogWorker (SegmentedRaftLogWorker.java:run(316)) - 59834e59-7e39-4205-a300-511f4dc727fc@group-B7BAD3C390DD-SegmentedRaftLogWorker was interrupted, exiting. There are 0 tasks remaining in the queue.
2019-10-04 15:34:32,301 [ForkJoinPool.commonPool-worker-1] INFO  segmented.SegmentedRaftLogWorker (SegmentedRaftLogWorker.java:close(224)) - 59834e59-7e39-4205-a300-511f4dc727fc@group-B7BAD3C390DD-SegmentedRaftLogWorker close()
2019-10-04 15:34:32,310 [main] INFO  server.GrpcService (GrpcService.java:closeImpl(164)) - 59834e59-7e39-4205-a300-511f4dc727fc: shutdown server with port 42819 now
2019-10-04 15:34:32,310 [main] INFO  server.GrpcService (GrpcService.java:closeImpl(172)) - 59834e59-7e39-4205-a300-511f4dc727fc: shutdown server with port 42819 successfully
2019-10-04 15:34:32,312 [refreshUsed-/workdir/hadoop-ozone/integration-test/target/test-dir/MiniOzoneClusterImpl-b1993d2c-7d52-49f7-9e2e-29bde4de0e03/datanode-0/data/containers] WARN  fs.CachingGetSpaceUsed (CachingGetSpaceUsed.java:run(183)) - Thread Interrupted waiting to refresh disk information: sleep interrupted
2019-10-04 15:34:32,326 [main] INFO  utils.BackgroundService (BackgroundService.java:shutdown(148)) - Shutting down service BlockDeletingService
2019-10-04 15:34:32,337 [main] INFO  statemachine.DatanodeStateMachine (DatanodeStateMachine.java:stopDaemon(395)) - Ozone container server stopped.
2019-10-04 15:34:32,338 [main] INFO  handler.ContextHandler (ContextHandler.java:doStop(910)) - Stopped o.e.j.w.WebAppContext@1a1c21b4{/,null,UNAVAILABLE}{/hddsDatanode}
2019-10-04 15:34:32,339 [main] INFO  server.AbstractConnector (AbstractConnector.java:doStop(318)) - Stopped ServerConnector@1cd2ff5b{HTTP/1.1,[http/1.1]}{0.0.0.0:0}
2019-10-04 15:34:32,340 [main] INFO  handler.ContextHandler (ContextHandler.java:doStop(910)) - Stopped o.e.j.s.ServletContextHandler@5d194314{/static,jar:file:/home/user/.m2/repository/org/apache/hadoop/hadoop-hdds-container-service/0.5.0-SNAPSHOT/hadoop-hdds-container-service-0.5.0-SNAPSHOT.jar!/webapps/static,UNAVAILABLE}
2019-10-04 15:34:32,340 [main] INFO  handler.ContextHandler (ContextHandler.java:doStop(910)) - Stopped o.e.j.s.ServletContextHandler@6b2fdffc{/logs,file:///workdir/hadoop-ozone/integration-test/target/log,UNAVAILABLE}
2019-10-04 15:34:32,719 [grpc-default-executor-2] WARN  server.GrpcLogAppender (LogUtils.java:warn(134)) - aa2f742d-1aa3-4d94-aa6c-e8e052b0a6f5@group-37BA3EDC0ABD->6e12a70d-a44a-4f5b-9ec5-f7c9b940dc20-AppendLogResponseHandler: Failed appendEntries: org.apache.ratis.thirdparty.io.grpc.StatusRuntimeException: UNAVAILABLE: io exception
2019-10-04 15:34:32,720 [grpc-default-executor-2] INFO  impl.FollowerInfo (FollowerInfo.java:lambda$new$0(51)) - aa2f742d-1aa3-4d94-aa6c-e8e052b0a6f5@group-37BA3EDC0ABD->6e12a70d-a44a-4f5b-9ec5-f7c9b940dc20: nextIndex: updateUnconditionally 0 -> 0
2019-10-04 15:34:32,720 [grpc-default-executor-6] WARN  server.GrpcLogAppender (LogUtils.java:warn(134)) - aa2f742d-1aa3-4d94-aa6c-e8e052b0a6f5@group-37BA3EDC0ABD->b46a1829-9c1c-43c9-8f23-f1cf878f156c-AppendLogResponseHandler: Failed appendEntries: org.apache.ratis.thirdparty.io.grpc.StatusRuntimeException: UNAVAILABLE: io exception
2019-10-04 15:34:32,720 [grpc-default-executor-6] INFO  impl.FollowerInfo (FollowerInfo.java:lambda$new$0(51)) - aa2f742d-1aa3-4d94-aa6c-e8e052b0a6f5@group-37BA3EDC0ABD->b46a1829-9c1c-43c9-8f23-f1cf878f156c: nextIndex: updateUnconditionally 0 -> 0
2019-10-04 15:34:35,221 [grpc-default-executor-3] WARN  server.GrpcLogAppender (LogUtils.java:warn(134)) - aa2f742d-1aa3-4d94-aa6c-e8e052b0a6f5@group-37BA3EDC0ABD->6e12a70d-a44a-4f5b-9ec5-f7c9b940dc20-AppendLogResponseHandler: Failed appendEntries: org.apache.ratis.thirdparty.io.grpc.StatusRuntimeException: UNAVAILABLE: io exception
2019-10-04 15:34:35,221 [grpc-default-executor-2] WARN  server.GrpcLogAppender (LogUtils.java:warn(134)) - aa2f742d-1aa3-4d94-aa6c-e8e052b0a6f5@group-37BA3EDC0ABD->b46a1829-9c1c-43c9-8f23-f1cf878f156c-AppendLogResponseHandler: Failed appendEntries: org.apache.ratis.thirdparty.io.grpc.StatusRuntimeException: UNAVAILABLE: io exception
2019-10-04 15:34:35,222 [grpc-default-executor-3] INFO  impl.FollowerInfo (FollowerInfo.java:lambda$new$0(51)) - aa2f742d-1aa3-4d94-aa6c-e8e052b0a6f5@group-37BA3EDC0ABD->6e12a70d-a44a-4f5b-9ec5-f7c9b940dc20: nextIndex: updateUnconditionally 0 -> 0
2019-10-04 15:34:35,222 [grpc-default-executor-2] INFO  impl.FollowerInfo (FollowerInfo.java:lambda$new$0(51)) - aa2f742d-1aa3-4d94-aa6c-e8e052b0a6f5@group-37BA3EDC0ABD->b46a1829-9c1c-43c9-8f23-f1cf878f156c: nextIndex: updateUnconditionally 0 -> 0
2019-10-04 15:34:37,682 [Thread-2468] INFO  client.GrpcClientProtocolService (GrpcClientProtocolService.java:lambda$processClientRequest$0(278)) - Failed RaftClientRequest:client-00EECBAB4D47->aa2f742d-1aa3-4d94-aa6c-e8e052b0a6f5@group-37BA3EDC0ABD, cid=68, seq=0, Watch-MAJORITY_COMMITTED(18), Message:<EMPTY>, reply=RaftClientReply:client-00EECBAB4D47->aa2f742d-1aa3-4d94-aa6c-e8e052b0a6f5@group-37BA3EDC0ABD, cid=68, FAILED org.apache.ratis.protocol.NotReplicatedException: Request with call Id 68 and log index 18 is not yet replicated to MAJORITY_COMMITTED, logIndex=18, commits[aa2f742d-1aa3-4d94-aa6c-e8e052b0a6f5:c2, 6e12a70d-a44a-4f5b-9ec5-f7c9b940dc20:c2, b46a1829-9c1c-43c9-8f23-f1cf878f156c:c2]
2019-10-04 15:34:37,721 [grpc-default-executor-13] WARN  server.GrpcLogAppender (LogUtils.java:warn(134)) - aa2f742d-1aa3-4d94-aa6c-e8e052b0a6f5@group-37BA3EDC0ABD->6e12a70d-a44a-4f5b-9ec5-f7c9b940dc20-AppendLogResponseHandler: Failed appendEntries: org.apache.ratis.thirdparty.io.grpc.StatusRuntimeException: UNAVAILABLE: io exception
2019-10-04 15:34:37,721 [grpc-default-executor-12] WARN  server.GrpcLogAppender (LogUtils.java:warn(134)) - aa2f742d-1aa3-4d94-aa6c-e8e052b0a6f5@group-37BA3EDC0ABD->b46a1829-9c1c-43c9-8f23-f1cf878f156c-AppendLogResponseHandler: Failed appendEntries: org.apache.ratis.thirdparty.io.grpc.StatusRuntimeException: UNAVAILABLE: io exception
2019-10-04 15:34:37,726 [grpc-default-executor-13] INFO  impl.FollowerInfo (FollowerInfo.java:lambda$new$0(51)) - aa2f742d-1aa3-4d94-aa6c-e8e052b0a6f5@group-37BA3EDC0ABD->6e12a70d-a44a-4f5b-9ec5-f7c9b940dc20: nextIndex: updateUnconditionally 0 -> 0
2019-10-04 15:34:37,726 [grpc-default-executor-12] INFO  impl.FollowerInfo (FollowerInfo.java:lambda$new$0(51)) - aa2f742d-1aa3-4d94-aa6c-e8e052b0a6f5@group-37BA3EDC0ABD->b46a1829-9c1c-43c9-8f23-f1cf878f156c: nextIndex: updateUnconditionally 0 -> 0
2019-10-04 15:34:37,826 [EventQueue-StaleNodeForStaleNodeHandler] INFO  node.StaleNodeHandler (StaleNodeHandler.java:onMessage(58)) - Datanode 6e12a70d-a44a-4f5b-9ec5-f7c9b940dc20{ip: 192.168.164.204, host: pr-hdds-2237-hhfs2-232792562, networkLocation: /default-rack, certSerialId: null} moved to stale state. Finalizing its pipelines [PipelineID=48ea3235-1394-4854-83d3-37ba3edc0abd, PipelineID=f7a258d3-7c1b-422a-bbf1-e096bc493966]
2019-10-04 15:34:37,827 [EventQueue-StaleNodeForStaleNodeHandler] INFO  pipeline.SCMPipelineManager (SCMPipelineManager.java:finalizeAndDestroyPipeline(315)) - destroying pipeline:Pipeline[ Id: 48ea3235-1394-4854-83d3-37ba3edc0abd, Nodes: 6e12a70d-a44a-4f5b-9ec5-f7c9b940dc20{ip: 192.168.164.204, host: pr-hdds-2237-hhfs2-232792562, networkLocation: /default-rack, certSerialId: null}b46a1829-9c1c-43c9-8f23-f1cf878f156c{ip: 192.168.164.204, host: pr-hdds-2237-hhfs2-232792562, networkLocation: /default-rack, certSerialId: null}aa2f742d-1aa3-4d94-aa6c-e8e052b0a6f5{ip: 192.168.164.204, host: pr-hdds-2237-hhfs2-232792562, networkLocation: /default-rack, certSerialId: null}, Type:RATIS, Factor:THREE, State:OPEN]
2019-10-04 15:34:37,827 [EventQueue-StaleNodeForStaleNodeHandler] INFO  pipeline.PipelineStateManager (PipelineStateManager.java:finalizePipeline(123)) - Pipeline Pipeline[ Id: 48ea3235-1394-4854-83d3-37ba3edc0abd, Nodes: 6e12a70d-a44a-4f5b-9ec5-f7c9b940dc20{ip: 192.168.164.204, host: pr-hdds-2237-hhfs2-232792562, networkLocation: /default-rack, certSerialId: null}b46a1829-9c1c-43c9-8f23-f1cf878f156c{ip: 192.168.164.204, host: pr-hdds-2237-hhfs2-232792562, networkLocation: /default-rack, certSerialId: null}aa2f742d-1aa3-4d94-aa6c-e8e052b0a6f5{ip: 192.168.164.204, host: pr-hdds-2237-hhfs2-232792562, networkLocation: /default-rack, certSerialId: null}, Type:RATIS, Factor:THREE, State:CLOSED] moved to CLOSED state
2019-10-04 15:34:37,827 [EventQueue-StaleNodeForStaleNodeHandler] INFO  pipeline.SCMPipelineManager (SCMPipelineManager.java:finalizeAndDestroyPipeline(315)) - destroying pipeline:Pipeline[ Id: f7a258d3-7c1b-422a-bbf1-e096bc493966, Nodes: 6e12a70d-a44a-4f5b-9ec5-f7c9b940dc20{ip: 192.168.164.204, host: pr-hdds-2237-hhfs2-232792562, networkLocation: /default-rack, certSerialId: null}, Type:RATIS, Factor:ONE, State:OPEN]
2019-10-04 15:34:37,828 [EventQueue-CloseContainerForCloseContainerEventHandler] INFO  container.CloseContainerEventHandler (CloseContainerEventHandler.java:onMessage(61)) - Close container Event triggered for container : #1
2019-10-04 15:34:37,834 [EventQueue-StaleNodeForStaleNodeHandler] INFO  pipeline.PipelineStateManager (PipelineStateManager.java:finalizePipeline(123)) - Pipeline Pipeline[ Id: f7a258d3-7c1b-422a-bbf1-e096bc493966, Nodes: 6e12a70d-a44a-4f5b-9ec5-f7c9b940dc20{ip: 192.168.164.204, host: pr-hdds-2237-hhfs2-232792562, networkLocation: /default-rack, certSerialId: null}, Type:RATIS, Factor:ONE, State:CLOSED] moved to CLOSED state
2019-10-04 15:34:37,834 [EventQueue-StaleNodeForStaleNodeHandler] INFO  node.StaleNodeHandler (StaleNodeHandler.java:onMessage(58)) - Datanode b46a1829-9c1c-43c9-8f23-f1cf878f156c{ip: 192.168.164.204, host: pr-hdds-2237-hhfs2-232792562, networkLocation: /default-rack, certSerialId: null} moved to stale state. Finalizing its pipelines [PipelineID=4c48dfd3-801b-4199-888e-dfddf1e31acf, PipelineID=48ea3235-1394-4854-83d3-37ba3edc0abd]
2019-10-04 15:34:37,834 [EventQueue-StaleNodeForStaleNodeHandler] INFO  pipeline.SCMPipelineManager (SCMPipelineManager.java:finalizeAndDestroyPipeline(315)) - destroying pipeline:Pipeline[ Id: 4c48dfd3-801b-4199-888e-dfddf1e31acf, Nodes: b46a1829-9c1c-43c9-8f23-f1cf878f156c{ip: 192.168.164.204, host: pr-hdds-2237-hhfs2-232792562, networkLocation: /default-rack, certSerialId: null}, Type:RATIS, Factor:ONE, State:OPEN]
2019-10-04 15:34:37,835 [EventQueue-StaleNodeForStaleNodeHandler] INFO  pipeline.PipelineStateManager (PipelineStateManager.java:finalizePipeline(123)) - Pipeline Pipeline[ Id: 4c48dfd3-801b-4199-888e-dfddf1e31acf, Nodes: b46a1829-9c1c-43c9-8f23-f1cf878f156c{ip: 192.168.164.204, host: pr-hdds-2237-hhfs2-232792562, networkLocation: /default-rack, certSerialId: null}, Type:RATIS, Factor:ONE, State:CLOSED] moved to CLOSED state
2019-10-04 15:34:37,835 [EventQueue-StaleNodeForStaleNodeHandler] INFO  pipeline.SCMPipelineManager (SCMPipelineManager.java:finalizeAndDestroyPipeline(315)) - destroying pipeline:Pipeline[ Id: 48ea3235-1394-4854-83d3-37ba3edc0abd, Nodes: 6e12a70d-a44a-4f5b-9ec5-f7c9b940dc20{ip: 192.168.164.204, host: pr-hdds-2237-hhfs2-232792562, networkLocation: /default-rack, certSerialId: null}b46a1829-9c1c-43c9-8f23-f1cf878f156c{ip: 192.168.164.204, host: pr-hdds-2237-hhfs2-232792562, networkLocation: /default-rack, certSerialId: null}aa2f742d-1aa3-4d94-aa6c-e8e052b0a6f5{ip: 192.168.164.204, host: pr-hdds-2237-hhfs2-232792562, networkLocation: /default-rack, certSerialId: null}, Type:RATIS, Factor:THREE, State:CLOSED]
2019-10-04 15:34:39,861 [grpc-default-executor-13] WARN  server.GrpcLogAppender (LogUtils.java:warn(134)) - aa2f742d-1aa3-4d94-aa6c-e8e052b0a6f5@group-37BA3EDC0ABD->6e12a70d-a44a-4f5b-9ec5-f7c9b940dc20-AppendLogResponseHandler: Failed appendEntries: org.apache.ratis.thirdparty.io.grpc.StatusRuntimeException: UNAVAILABLE: io exception
2019-10-04 15:34:39,861 [grpc-default-executor-3] WARN  server.GrpcLogAppender (LogUtils.java:warn(134)) - aa2f742d-1aa3-4d94-aa6c-e8e052b0a6f5@group-37BA3EDC0ABD->b46a1829-9c1c-43c9-8f23-f1cf878f156c-AppendLogResponseHandler: Failed appendEntries: org.apache.ratis.thirdparty.io.grpc.StatusRuntimeException: UNAVAILABLE: io exception
2019-10-04 15:34:39,865 [grpc-default-executor-13] INFO  impl.FollowerInfo (FollowerInfo.java:lambda$new$0(51)) - aa2f742d-1aa3-4d94-aa6c-e8e052b0a6f5@group-37BA3EDC0ABD->6e12a70d-a44a-4f5b-9ec5-f7c9b940dc20: nextIndex: updateUnconditionally 1 -> 0
2019-10-04 15:34:39,865 [grpc-default-executor-3] INFO  impl.FollowerInfo (FollowerInfo.java:lambda$new$0(51)) - aa2f742d-1aa3-4d94-aa6c-e8e052b0a6f5@group-37BA3EDC0ABD->b46a1829-9c1c-43c9-8f23-f1cf878f156c: nextIndex: updateUnconditionally 1 -> 0
2019-10-04 15:34:41,910 [Thread-2385] INFO  impl.FollowerState (FollowerState.java:run(108)) - 368fef35-84f3-443f-9dd6-61671900f185@group-B7BAD3C390DD-FollowerState: change to CANDIDATE, lastRpcTime:9809ms, electionTimeout:5133ms
2019-10-04 15:34:41,910 [Thread-2385] INFO  impl.RoleInfo (RoleInfo.java:shutdownFollowerState(121)) - 368fef35-84f3-443f-9dd6-61671900f185: shutdown FollowerState
2019-10-04 15:34:41,911 [Thread-2385] INFO  impl.RaftServerImpl (RaftServerImpl.java:setRole(170)) - 368fef35-84f3-443f-9dd6-61671900f185@group-B7BAD3C390DD: changes role from  FOLLOWER to CANDIDATE at term 1 for changeToCandidate
2019-10-04 15:34:41,911 [Thread-2385] INFO  impl.RoleInfo (RoleInfo.java:updateAndGet(143)) - 368fef35-84f3-443f-9dd6-61671900f185: start LeaderElection
2019-10-04 15:34:41,917 [368fef35-84f3-443f-9dd6-61671900f185@group-B7BAD3C390DD-LeaderElection85] INFO  impl.RaftServerImpl (ServerState.java:setLeader(255)) - 368fef35-84f3-443f-9dd6-61671900f185@group-B7BAD3C390DD: change Leader from 59834e59-7e39-4205-a300-511f4dc727fc to null at term 1 for initElection
2019-10-04 15:34:41,931 [368fef35-84f3-443f-9dd6-61671900f185@group-B7BAD3C390DD-LeaderElection85] INFO  impl.LeaderElection (LeaderElection.java:askForVotes(178)) - 368fef35-84f3-443f-9dd6-61671900f185@group-B7BAD3C390DD-LeaderElection85: begin an election at term 2 for 0: [368fef35-84f3-443f-9dd6-61671900f185:192.168.164.204:34675, 59834e59-7e39-4205-a300-511f4dc727fc:192.168.164.204:42819, 561132ce-6699-4b2e-bc36-b94b11377070:192.168.164.204:39340], old=null
2019-10-04 15:34:41,935 [368fef35-84f3-443f-9dd6-61671900f185@group-B7BAD3C390DD-LeaderElection85] INFO  impl.LeaderElection (LogUtils.java:infoOrTrace(149)) - 368fef35-84f3-443f-9dd6-61671900f185@group-B7BAD3C390DD-LeaderElection85 got exception when requesting votes: {}
java.util.concurrent.ExecutionException: org.apache.ratis.thirdparty.io.grpc.StatusRuntimeException: UNAVAILABLE: io exception
	at java.util.concurrent.FutureTask.report(FutureTask.java:122)
	at java.util.concurrent.FutureTask.get(FutureTask.java:192)
	at org.apache.ratis.server.impl.LeaderElection.waitForResults(LeaderElection.java:259)
	at org.apache.ratis.server.impl.LeaderElection.askForVotes(LeaderElection.java:197)
	at org.apache.ratis.server.impl.LeaderElection.run(LeaderElection.java:133)
	at java.lang.Thread.run(Thread.java:748)
Caused by: org.apache.ratis.thirdparty.io.grpc.StatusRuntimeException: UNAVAILABLE: io exception
	at org.apache.ratis.thirdparty.io.grpc.stub.ClientCalls.toStatusRuntimeException(ClientCalls.java:233)
	at org.apache.ratis.thirdparty.io.grpc.stub.ClientCalls.getUnchecked(ClientCalls.java:214)
	at org.apache.ratis.thirdparty.io.grpc.stub.ClientCalls.blockingUnaryCall(ClientCalls.java:139)
	at org.apache.ratis.proto.grpc.RaftServerProtocolServiceGrpc$RaftServerProtocolServiceBlockingStub.requestVote(RaftServerProtocolServiceGrpc.java:265)
	at org.apache.ratis.grpc.server.GrpcServerProtocolClient.requestVote(GrpcServerProtocolClient.java:99)
	at org.apache.ratis.grpc.server.GrpcService.requestVote(GrpcService.java:204)
	at org.apache.ratis.server.impl.LeaderElection.lambda$submitRequests$1(LeaderElection.java:234)
	at java.util.concurrent.FutureTask.run(FutureTask.java:266)
	at java.util.concurrent.Executors$RunnableAdapter.call(Executors.java:511)
	at java.util.concurrent.FutureTask.run(FutureTask.java:266)
	at java.util.concurrent.ThreadPoolExecutor.runWorker(ThreadPoolExecutor.java:1149)
	at java.util.concurrent.ThreadPoolExecutor$Worker.run(ThreadPoolExecutor.java:624)
	... 1 more
Caused by: org.apache.ratis.thirdparty.io.netty.channel.AbstractChannel$AnnotatedConnectException: Connection refused: /192.168.164.204:42819
	at sun.nio.ch.SocketChannelImpl.checkConnect(Native Method)
	at sun.nio.ch.SocketChannelImpl.finishConnect(SocketChannelImpl.java:717)
	at org.apache.ratis.thirdparty.io.netty.channel.socket.nio.NioSocketChannel.doFinishConnect(NioSocketChannel.java:327)
	at org.apache.ratis.thirdparty.io.netty.channel.nio.AbstractNioChannel$AbstractNioUnsafe.finishConnect(AbstractNioChannel.java:340)
	at org.apache.ratis.thirdparty.io.netty.channel.nio.NioEventLoop.processSelectedKey(NioEventLoop.java:632)
	at org.apache.ratis.thirdparty.io.netty.channel.nio.NioEventLoop.processSelectedKeysOptimized(NioEventLoop.java:579)
	at org.apache.ratis.thirdparty.io.netty.channel.nio.NioEventLoop.processSelectedKeys(NioEventLoop.java:496)
	at org.apache.ratis.thirdparty.io.netty.channel.nio.NioEventLoop.run(NioEventLoop.java:458)
	at org.apache.ratis.thirdparty.io.netty.util.concurrent.SingleThreadEventExecutor$5.run(SingleThreadEventExecutor.java:897)
	at org.apache.ratis.thirdparty.io.netty.util.concurrent.FastThreadLocalRunnable.run(FastThreadLocalRunnable.java:30)
	... 1 more
Caused by: java.net.ConnectException: Connection refused
	... 11 more
2019-10-04 15:34:41,936 [grpc-default-executor-6] INFO  impl.RaftServerImpl (ServerState.java:setLeader(255)) - 561132ce-6699-4b2e-bc36-b94b11377070@group-B7BAD3C390DD: change Leader from 59834e59-7e39-4205-a300-511f4dc727fc to null at term 2 for updateCurrentTerm
2019-10-04 15:34:41,937 [grpc-default-executor-6] INFO  impl.RaftServerImpl (RaftServerImpl.java:setRole(170)) - 561132ce-6699-4b2e-bc36-b94b11377070@group-B7BAD3C390DD: changes role from  FOLLOWER to FOLLOWER at term 2 for recognizeCandidate:368fef35-84f3-443f-9dd6-61671900f185
2019-10-04 15:34:41,937 [grpc-default-executor-6] INFO  impl.RoleInfo (RoleInfo.java:shutdownFollowerState(121)) - 561132ce-6699-4b2e-bc36-b94b11377070: shutdown FollowerState
2019-10-04 15:34:41,937 [grpc-default-executor-6] INFO  impl.RoleInfo (RoleInfo.java:updateAndGet(143)) - 561132ce-6699-4b2e-bc36-b94b11377070: start FollowerState
2019-10-04 15:34:41,937 [Thread-2386] INFO  impl.FollowerState (FollowerState.java:run(117)) - 561132ce-6699-4b2e-bc36-b94b11377070@group-B7BAD3C390DD-FollowerState was interrupted: java.lang.InterruptedException: sleep interrupted
2019-10-04 15:34:41,960 [368fef35-84f3-443f-9dd6-61671900f185@group-B7BAD3C390DD-LeaderElection85] INFO  impl.LeaderElection (LeaderElection.java:logAndReturn(56)) - 368fef35-84f3-443f-9dd6-61671900f185@group-B7BAD3C390DD-LeaderElection85: Election PASSED; received 1 response(s) [368fef35-84f3-443f-9dd6-61671900f185<-561132ce-6699-4b2e-bc36-b94b11377070#0:OK-t2] and 1 exception(s); 368fef35-84f3-443f-9dd6-61671900f185@group-B7BAD3C390DD:t2, leader=null, voted=368fef35-84f3-443f-9dd6-61671900f185, raftlog=368fef35-84f3-443f-9dd6-61671900f185@group-B7BAD3C390DD-SegmentedRaftLog:OPENED:c2,f2,i2, conf=0: [368fef35-84f3-443f-9dd6-61671900f185:192.168.164.204:34675, 59834e59-7e39-4205-a300-511f4dc727fc:192.168.164.204:42819, 561132ce-6699-4b2e-bc36-b94b11377070:192.168.164.204:39340], old=null
2019-10-04 15:34:41,960 [368fef35-84f3-443f-9dd6-61671900f185@group-B7BAD3C390DD-LeaderElection85] INFO  impl.LeaderElection (LogUtils.java:infoOrTrace(149)) -   Exception 0: {}
java.util.concurrent.ExecutionException: org.apache.ratis.thirdparty.io.grpc.StatusRuntimeException: UNAVAILABLE: io exception
	at java.util.concurrent.FutureTask.report(FutureTask.java:122)
	at java.util.concurrent.FutureTask.get(FutureTask.java:192)
	at org.apache.ratis.server.impl.LeaderElection.waitForResults(LeaderElection.java:259)
	at org.apache.ratis.server.impl.LeaderElection.askForVotes(LeaderElection.java:197)
	at org.apache.ratis.server.impl.LeaderElection.run(LeaderElection.java:133)
	at java.lang.Thread.run(Thread.java:748)
Caused by: org.apache.ratis.thirdparty.io.grpc.StatusRuntimeException: UNAVAILABLE: io exception
	at org.apache.ratis.thirdparty.io.grpc.stub.ClientCalls.toStatusRuntimeException(ClientCalls.java:233)
	at org.apache.ratis.thirdparty.io.grpc.stub.ClientCalls.getUnchecked(ClientCalls.java:214)
	at org.apache.ratis.thirdparty.io.grpc.stub.ClientCalls.blockingUnaryCall(ClientCalls.java:139)
	at org.apache.ratis.proto.grpc.RaftServerProtocolServiceGrpc$RaftServerProtocolServiceBlockingStub.requestVote(RaftServerProtocolServiceGrpc.java:265)
	at org.apache.ratis.grpc.server.GrpcServerProtocolClient.requestVote(GrpcServerProtocolClient.java:99)
	at org.apache.ratis.grpc.server.GrpcService.requestVote(GrpcService.java:204)
	at org.apache.ratis.server.impl.LeaderElection.lambda$submitRequests$1(LeaderElection.java:234)
	at java.util.concurrent.FutureTask.run(FutureTask.java:266)
	at java.util.concurrent.Executors$RunnableAdapter.call(Executors.java:511)
	at java.util.concurrent.FutureTask.run(FutureTask.java:266)
	at java.util.concurrent.ThreadPoolExecutor.runWorker(ThreadPoolExecutor.java:1149)
	at java.util.concurrent.ThreadPoolExecutor$Worker.run(ThreadPoolExecutor.java:624)
	... 1 more
Caused by: org.apache.ratis.thirdparty.io.netty.channel.AbstractChannel$AnnotatedConnectException: Connection refused: /192.168.164.204:42819
	at sun.nio.ch.SocketChannelImpl.checkConnect(Native Method)
	at sun.nio.ch.SocketChannelImpl.finishConnect(SocketChannelImpl.java:717)
	at org.apache.ratis.thirdparty.io.netty.channel.socket.nio.NioSocketChannel.doFinishConnect(NioSocketChannel.java:327)
	at org.apache.ratis.thirdparty.io.netty.channel.nio.AbstractNioChannel$AbstractNioUnsafe.finishConnect(AbstractNioChannel.java:340)
	at org.apache.ratis.thirdparty.io.netty.channel.nio.NioEventLoop.processSelectedKey(NioEventLoop.java:632)
	at org.apache.ratis.thirdparty.io.netty.channel.nio.NioEventLoop.processSelectedKeysOptimized(NioEventLoop.java:579)
	at org.apache.ratis.thirdparty.io.netty.channel.nio.NioEventLoop.processSelectedKeys(NioEventLoop.java:496)
	at org.apache.ratis.thirdparty.io.netty.channel.nio.NioEventLoop.run(NioEventLoop.java:458)
	at org.apache.ratis.thirdparty.io.netty.util.concurrent.SingleThreadEventExecutor$5.run(SingleThreadEventExecutor.java:897)
	at org.apache.ratis.thirdparty.io.netty.util.concurrent.FastThreadLocalRunnable.run(FastThreadLocalRunnable.java:30)
	... 1 more
Caused by: java.net.ConnectException: Connection refused
	... 11 more
2019-10-04 15:34:41,961 [368fef35-84f3-443f-9dd6-61671900f185@group-B7BAD3C390DD-LeaderElection85] INFO  impl.RoleInfo (RoleInfo.java:shutdownLeaderElection(134)) - 368fef35-84f3-443f-9dd6-61671900f185: shutdown LeaderElection
2019-10-04 15:34:41,961 [368fef35-84f3-443f-9dd6-61671900f185@group-B7BAD3C390DD-LeaderElection85] INFO  impl.RaftServerImpl (RaftServerImpl.java:setRole(170)) - 368fef35-84f3-443f-9dd6-61671900f185@group-B7BAD3C390DD: changes role from CANDIDATE to LEADER at term 2 for changeToLeader
2019-10-04 15:34:41,961 [368fef35-84f3-443f-9dd6-61671900f185@group-B7BAD3C390DD-LeaderElection85] INFO  impl.RaftServerImpl (ServerState.java:setLeader(255)) - 368fef35-84f3-443f-9dd6-61671900f185@group-B7BAD3C390DD: change Leader from null to 368fef35-84f3-443f-9dd6-61671900f185 at term 2 for becomeLeader, leader elected after 44ms
2019-10-04 15:34:41,962 [368fef35-84f3-443f-9dd6-61671900f185@group-B7BAD3C390DD-LeaderElection85] INFO  server.RaftServerConfigKeys (ConfUtils.java:logGet(43)) - raft.server.staging.catchup.gap = 1000 (default)
2019-10-04 15:34:41,962 [368fef35-84f3-443f-9dd6-61671900f185@group-B7BAD3C390DD-LeaderElection85] INFO  server.RaftServerConfigKeys (ConfUtils.java:logGet(43)) - raft.server.rpc.sleep.time = 25ms (default)
2019-10-04 15:34:41,962 [368fef35-84f3-443f-9dd6-61671900f185@group-B7BAD3C390DD-LeaderElection85] INFO  server.RaftServerConfigKeys (ConfUtils.java:logGet(43)) - raft.server.write.element-limit = 4096 (default)
2019-10-04 15:34:41,963 [368fef35-84f3-443f-9dd6-61671900f185@group-B7BAD3C390DD-LeaderElection85] INFO  server.RaftServerConfigKeys (ConfUtils.java:logGet(43)) - raft.server.watch.timeout = 10s (default)
2019-10-04 15:34:41,963 [368fef35-84f3-443f-9dd6-61671900f185@group-B7BAD3C390DD-LeaderElection85] INFO  server.RaftServerConfigKeys (ConfUtils.java:logGet(43)) - raft.server.watch.timeout.denomination = 1s (default)
2019-10-04 15:34:41,963 [368fef35-84f3-443f-9dd6-61671900f185@group-B7BAD3C390DD-LeaderElection85] INFO  server.RaftServerConfigKeys (ConfUtils.java:logGet(43)) - raft.server.watch.element-limit = 65536 (default)
2019-10-04 15:34:41,966 [368fef35-84f3-443f-9dd6-61671900f185@group-B7BAD3C390DD-LeaderElection85] INFO  server.RaftServerConfigKeys (ConfUtils.java:logGet(43)) - raft.server.log.appender.snapshot.chunk.size.max = 16MB (=16777216) (default)
2019-10-04 15:34:41,967 [368fef35-84f3-443f-9dd6-61671900f185@group-B7BAD3C390DD-LeaderElection85] INFO  server.RaftServerConfigKeys (ConfUtils.java:logGet(43)) - raft.server.log.appender.buffer.byte-limit = 33554432 (custom)
2019-10-04 15:34:41,967 [368fef35-84f3-443f-9dd6-61671900f185@group-B7BAD3C390DD-LeaderElection85] INFO  server.RaftServerConfigKeys (ConfUtils.java:logGet(43)) - raft.server.log.appender.buffer.element-limit = 1 (custom)
2019-10-04 15:34:41,967 [368fef35-84f3-443f-9dd6-61671900f185@group-B7BAD3C390DD-LeaderElection85] INFO  grpc.GrpcConfigKeys$Server (ConfUtils.java:logGet(43)) - raft.grpc.server.leader.outstanding.appends.max = 128 (default)
2019-10-04 15:34:41,967 [368fef35-84f3-443f-9dd6-61671900f185@group-B7BAD3C390DD-LeaderElection85] INFO  server.RaftServerConfigKeys (ConfUtils.java:logGet(43)) - raft.server.rpc.request.timeout = 3000ms (default)
2019-10-04 15:34:41,967 [368fef35-84f3-443f-9dd6-61671900f185@group-B7BAD3C390DD-LeaderElection85] INFO  server.RaftServerConfigKeys (ConfUtils.java:logGet(43)) - raft.server.log.appender.install.snapshot.enabled = false (custom)
2019-10-04 15:34:41,968 [368fef35-84f3-443f-9dd6-61671900f185@group-B7BAD3C390DD-LeaderElection85] INFO  server.RaftServerConfigKeys (ConfUtils.java:logGet(43)) - raft.server.log.appender.snapshot.chunk.size.max = 16MB (=16777216) (default)
2019-10-04 15:34:41,968 [368fef35-84f3-443f-9dd6-61671900f185@group-B7BAD3C390DD-LeaderElection85] INFO  server.RaftServerConfigKeys (ConfUtils.java:logGet(43)) - raft.server.log.appender.buffer.byte-limit = 33554432 (custom)
2019-10-04 15:34:41,968 [368fef35-84f3-443f-9dd6-61671900f185@group-B7BAD3C390DD-LeaderElection85] INFO  server.RaftServerConfigKeys (ConfUtils.java:logGet(43)) - raft.server.log.appender.buffer.element-limit = 1 (custom)
2019-10-04 15:34:41,968 [368fef35-84f3-443f-9dd6-61671900f185@group-B7BAD3C390DD-LeaderElection85] INFO  grpc.GrpcConfigKeys$Server (ConfUtils.java:logGet(43)) - raft.grpc.server.leader.outstanding.appends.max = 128 (default)
2019-10-04 15:34:41,968 [368fef35-84f3-443f-9dd6-61671900f185@group-B7BAD3C390DD-LeaderElection85] INFO  server.RaftServerConfigKeys (ConfUtils.java:logGet(43)) - raft.server.rpc.request.timeout = 3000ms (default)
2019-10-04 15:34:41,968 [368fef35-84f3-443f-9dd6-61671900f185@group-B7BAD3C390DD-LeaderElection85] INFO  server.RaftServerConfigKeys (ConfUtils.java:logGet(43)) - raft.server.log.appender.install.snapshot.enabled = false (custom)
2019-10-04 15:34:41,969 [368fef35-84f3-443f-9dd6-61671900f185@group-B7BAD3C390DD-LeaderElection85] INFO  impl.RoleInfo (RoleInfo.java:updateAndGet(143)) - 368fef35-84f3-443f-9dd6-61671900f185: start LeaderState
2019-10-04 15:34:41,969 [368fef35-84f3-443f-9dd6-61671900f185@group-B7BAD3C390DD-LeaderElection85] INFO  segmented.SegmentedRaftLogWorker (SegmentedRaftLogWorker.java:rollLogSegment(390)) - 368fef35-84f3-443f-9dd6-61671900f185@group-B7BAD3C390DD-SegmentedRaftLogWorker: Rolling segment log-0_2 to index:2
2019-10-04 15:34:41,970 [368fef35-84f3-443f-9dd6-61671900f185@group-B7BAD3C390DD-LeaderElection85] INFO  impl.RaftServerImpl (ServerState.java:setRaftConf(356)) - 368fef35-84f3-443f-9dd6-61671900f185@group-B7BAD3C390DD: set configuration 3: [368fef35-84f3-443f-9dd6-61671900f185:192.168.164.204:34675, 59834e59-7e39-4205-a300-511f4dc727fc:192.168.164.204:42819, 561132ce-6699-4b2e-bc36-b94b11377070:192.168.164.204:39340], old=null at 3
2019-10-04 15:34:41,971 [368fef35-84f3-443f-9dd6-61671900f185@group-B7BAD3C390DD-SegmentedRaftLogWorker] INFO  segmented.SegmentedRaftLogWorker (SegmentedRaftLogWorker.java:execute(531)) - 368fef35-84f3-443f-9dd6-61671900f185@group-B7BAD3C390DD-SegmentedRaftLogWorker: Rolled log segment from /workdir/hadoop-ozone/integration-test/target/test-dir/MiniOzoneClusterImpl-b1993d2c-7d52-49f7-9e2e-29bde4de0e03/datanode-2/data/ratis/d48178a5-27b3-4f76-b7b9-b7bad3c390dd/current/log_inprogress_0 to /workdir/hadoop-ozone/integration-test/target/test-dir/MiniOzoneClusterImpl-b1993d2c-7d52-49f7-9e2e-29bde4de0e03/datanode-2/data/ratis/d48178a5-27b3-4f76-b7b9-b7bad3c390dd/current/log_0-2
2019-10-04 15:34:41,978 [grpc-default-executor-6] WARN  server.GrpcLogAppender (LogUtils.java:warn(134)) - 368fef35-84f3-443f-9dd6-61671900f185@group-B7BAD3C390DD->59834e59-7e39-4205-a300-511f4dc727fc-AppendLogResponseHandler: Failed appendEntries: org.apache.ratis.thirdparty.io.grpc.StatusRuntimeException: UNAVAILABLE: io exception
2019-10-04 15:34:41,979 [grpc-default-executor-6] INFO  impl.FollowerInfo (FollowerInfo.java:lambda$new$0(51)) - 368fef35-84f3-443f-9dd6-61671900f185@group-B7BAD3C390DD->59834e59-7e39-4205-a300-511f4dc727fc: nextIndex: updateUnconditionally 3 -> 1
2019-10-04 15:34:41,979 [grpc-default-executor-3] INFO  impl.RaftServerImpl (ServerState.java:setLeader(255)) - 561132ce-6699-4b2e-bc36-b94b11377070@group-B7BAD3C390DD: change Leader from null to 368fef35-84f3-443f-9dd6-61671900f185 at term 2 for appendEntries, leader elected after 42ms
2019-10-04 15:34:42,017 [grpc-default-executor-3] INFO  impl.RaftServerImpl (ServerState.java:setRaftConf(356)) - 561132ce-6699-4b2e-bc36-b94b11377070@group-B7BAD3C390DD: set configuration 3: [368fef35-84f3-443f-9dd6-61671900f185:192.168.164.204:34675, 59834e59-7e39-4205-a300-511f4dc727fc:192.168.164.204:42819, 561132ce-6699-4b2e-bc36-b94b11377070:192.168.164.204:39340], old=null at 3
2019-10-04 15:34:42,018 [grpc-default-executor-3] INFO  segmented.SegmentedRaftLogWorker (SegmentedRaftLogWorker.java:rollLogSegment(390)) - 561132ce-6699-4b2e-bc36-b94b11377070@group-B7BAD3C390DD-SegmentedRaftLogWorker: Rolling segment log-0_2 to index:2
2019-10-04 15:34:42,018 [561132ce-6699-4b2e-bc36-b94b11377070@group-B7BAD3C390DD-SegmentedRaftLogWorker] INFO  segmented.SegmentedRaftLogWorker (SegmentedRaftLogWorker.java:execute(531)) - 561132ce-6699-4b2e-bc36-b94b11377070@group-B7BAD3C390DD-SegmentedRaftLogWorker: Rolled log segment from /workdir/hadoop-ozone/integration-test/target/test-dir/MiniOzoneClusterImpl-b1993d2c-7d52-49f7-9e2e-29bde4de0e03/datanode-1/data/ratis/d48178a5-27b3-4f76-b7b9-b7bad3c390dd/current/log_inprogress_0 to /workdir/hadoop-ozone/integration-test/target/test-dir/MiniOzoneClusterImpl-b1993d2c-7d52-49f7-9e2e-29bde4de0e03/datanode-1/data/ratis/d48178a5-27b3-4f76-b7b9-b7bad3c390dd/current/log_0-2
2019-10-04 15:34:42,027 [368fef35-84f3-443f-9dd6-61671900f185@group-B7BAD3C390DD-SegmentedRaftLogWorker] INFO  segmented.SegmentedRaftLogWorker (SegmentedRaftLogWorker.java:execute(574)) - 368fef35-84f3-443f-9dd6-61671900f185@group-B7BAD3C390DD-SegmentedRaftLogWorker: created new log segment /workdir/hadoop-ozone/integration-test/target/test-dir/MiniOzoneClusterImpl-b1993d2c-7d52-49f7-9e2e-29bde4de0e03/datanode-2/data/ratis/d48178a5-27b3-4f76-b7b9-b7bad3c390dd/current/log_inprogress_3
2019-10-04 15:34:42,054 [561132ce-6699-4b2e-bc36-b94b11377070@group-B7BAD3C390DD-SegmentedRaftLogWorker] INFO  segmented.SegmentedRaftLogWorker (SegmentedRaftLogWorker.java:execute(574)) - 561132ce-6699-4b2e-bc36-b94b11377070@group-B7BAD3C390DD-SegmentedRaftLogWorker: created new log segment /workdir/hadoop-ozone/integration-test/target/test-dir/MiniOzoneClusterImpl-b1993d2c-7d52-49f7-9e2e-29bde4de0e03/datanode-1/data/ratis/d48178a5-27b3-4f76-b7b9-b7bad3c390dd/current/log_inprogress_3
2019-10-04 15:34:42,079 [grpc-default-executor-13] WARN  server.GrpcLogAppender (LogUtils.java:warn(134)) - 368fef35-84f3-443f-9dd6-61671900f185@group-B7BAD3C390DD->59834e59-7e39-4205-a300-511f4dc727fc-AppendLogResponseHandler: Failed appendEntries: org.apache.ratis.thirdparty.io.grpc.StatusRuntimeException: UNAVAILABLE: io exception
2019-10-04 15:34:42,080 [grpc-default-executor-13] INFO  impl.FollowerInfo (FollowerInfo.java:lambda$new$0(51)) - 368fef35-84f3-443f-9dd6-61671900f185@group-B7BAD3C390DD->59834e59-7e39-4205-a300-511f4dc727fc: nextIndex: updateUnconditionally 2 -> 1
2019-10-04 15:34:42,112 [grpc-default-executor-13] WARN  server.GrpcLogAppender (LogUtils.java:warn(134)) - 368fef35-84f3-443f-9dd6-61671900f185@group-B7BAD3C390DD->59834e59-7e39-4205-a300-511f4dc727fc-AppendLogResponseHandler: Failed appendEntries: org.apache.ratis.thirdparty.io.grpc.StatusRuntimeException: UNAVAILABLE: io exception
2019-10-04 15:34:42,112 [grpc-default-executor-13] INFO  impl.FollowerInfo (FollowerInfo.java:lambda$new$0(51)) - 368fef35-84f3-443f-9dd6-61671900f185@group-B7BAD3C390DD->59834e59-7e39-4205-a300-511f4dc727fc: nextIndex: updateUnconditionally 2 -> 1
2019-10-04 15:34:42,361 [grpc-default-executor-3] WARN  server.GrpcLogAppender (LogUtils.java:warn(134)) - aa2f742d-1aa3-4d94-aa6c-e8e052b0a6f5@group-37BA3EDC0ABD->b46a1829-9c1c-43c9-8f23-f1cf878f156c-AppendLogResponseHandler: Failed appendEntries: org.apache.ratis.thirdparty.io.grpc.StatusRuntimeException: UNAVAILABLE: io exception
2019-10-04 15:34:42,361 [grpc-default-executor-6] WARN  server.GrpcLogAppender (LogUtils.java:warn(134)) - aa2f742d-1aa3-4d94-aa6c-e8e052b0a6f5@group-37BA3EDC0ABD->6e12a70d-a44a-4f5b-9ec5-f7c9b940dc20-AppendLogResponseHandler: Failed appendEntries: org.apache.ratis.thirdparty.io.grpc.StatusRuntimeException: UNAVAILABLE: io exception
2019-10-04 15:34:42,362 [grpc-default-executor-3] INFO  impl.FollowerInfo (FollowerInfo.java:lambda$new$0(51)) - aa2f742d-1aa3-4d94-aa6c-e8e052b0a6f5@group-37BA3EDC0ABD->b46a1829-9c1c-43c9-8f23-f1cf878f156c: nextIndex: updateUnconditionally 0 -> 0
2019-10-04 15:34:42,362 [grpc-default-executor-6] INFO  impl.FollowerInfo (FollowerInfo.java:lambda$new$0(51)) - aa2f742d-1aa3-4d94-aa6c-e8e052b0a6f5@group-37BA3EDC0ABD->6e12a70d-a44a-4f5b-9ec5-f7c9b940dc20: nextIndex: updateUnconditionally 0 -> 0
]]></system-out>
  </testcase>
</testsuite>