<?xml version="1.0" encoding="UTF-8"?>
<testsuite xmlns:xsi="http://www.w3.org/2001/XMLSchema-instance" xsi:noNamespaceSchemaLocation="https://maven.apache.org/surefire/maven-surefire-plugin/xsd/surefire-test-report.xsd" name="org.apache.hadoop.ozone.client.rpc.TestWatchForCommit" time="237.372" tests="5" errors="1" skipped="0" failures="0">
  <properties>
    <property name="awt.toolkit" value="sun.awt.X11.XToolkit"/>
    <property name="file.encoding.pkg" value="sun.io"/>
    <property name="java.specification.version" value="1.8"/>
    <property name="sun.cpu.isalist" value=""/>
    <property name="sun.jnu.encoding" value="UTF-8"/>
    <property name="java.class.path" value="/workdir/hadoop-ozone/integration-test/target/test-classes:/workdir/hadoop-ozone/integration-test/target/classes:/home/user/.m2/repository/org/apache/hadoop/hadoop-ozone-common/0.5.0-SNAPSHOT/hadoop-ozone-common-0.5.0-SNAPSHOT.jar:/home/user/.m2/repository/org/apache/commons/commons-compress/1.4.1/commons-compress-1.4.1.jar:/home/user/.m2/repository/org/tukaani/xz/1.0/xz-1.0.jar:/home/user/.m2/repository/org/apache/hadoop/hadoop-common/3.2.0/hadoop-common-3.2.0.jar:/home/user/.m2/repository/org/apache/hadoop/hadoop-hdfs/3.2.0/hadoop-hdfs-3.2.0.jar:/home/user/.m2/repository/org/apache/hadoop/hadoop-hdfs-client/3.2.0/hadoop-hdfs-client-3.2.0.jar:/home/user/.m2/repository/com/fasterxml/jackson/core/jackson-annotations/2.9.9/jackson-annotations-2.9.9.jar:/home/user/.m2/repository/org/apache/hadoop/hadoop-hdds-common/0.5.0-SNAPSHOT/hadoop-hdds-common-0.5.0-SNAPSHOT.jar:/home/user/.m2/repository/javax/annotation/javax.annotation-api/1.2/javax.annotation-api-1.2.jar:/home/user/.m2/repository/org/apache/ratis/ratis-server/0.5.0-201fc85-SNAPSHOT/ratis-server-0.5.0-201fc85-SNAPSHOT.jar:/home/user/.m2/repository/org/apache/ratis/ratis-thirdparty-misc/0.2.0/ratis-thirdparty-misc-0.2.0.jar:/home/user/.m2/repository/org/apache/ratis/ratis-proto/0.5.0-201fc85-SNAPSHOT/ratis-proto-0.5.0-201fc85-SNAPSHOT.jar:/home/user/.m2/repository/org/apache/ratis/ratis-common/0.5.0-201fc85-SNAPSHOT/ratis-common-0.5.0-201fc85-SNAPSHOT.jar:/home/user/.m2/repository/org/apache/ratis/ratis-client/0.5.0-201fc85-SNAPSHOT/ratis-client-0.5.0-201fc85-SNAPSHOT.jar:/home/user/.m2/repository/org/apache/ratis/ratis-metrics/0.5.0-201fc85-SNAPSHOT/ratis-metrics-0.5.0-201fc85-SNAPSHOT.jar:/home/user/.m2/repository/com/github/joshelser/dropwizard-metrics-hadoop-metrics2-reporter/0.1.2/dropwizard-metrics-hadoop-metrics2-reporter-0.1.2.jar:/home/user/.m2/repository/io/dropwizard/metrics/metrics-jvm/3.2.5/metrics-jvm-3.2.5.jar:/home/user/.m2/repository/io/dropwizard/metrics/metrics-ganglia/3.2.5/metrics-ganglia-3.2.5.jar:/home/user/.m2/repository/info/ganglia/gmetric4j/gmetric4j/1.0.7/gmetric4j-1.0.7.jar:/home/user/.m2/repository/org/apache/ratis/ratis-netty/0.5.0-201fc85-SNAPSHOT/ratis-netty-0.5.0-201fc85-SNAPSHOT.jar:/home/user/.m2/repository/org/apache/ratis/ratis-grpc/0.5.0-201fc85-SNAPSHOT/ratis-grpc-0.5.0-201fc85-SNAPSHOT.jar:/home/user/.m2/repository/org/rocksdb/rocksdbjni/6.0.1/rocksdbjni-6.0.1.jar:/home/user/.m2/repository/org/apache/logging/log4j/log4j-api/2.11.0/log4j-api-2.11.0.jar:/home/user/.m2/repository/org/apache/logging/log4j/log4j-core/2.11.0/log4j-core-2.11.0.jar:/home/user/.m2/repository/com/lmax/disruptor/3.4.2/disruptor-3.4.2.jar:/home/user/.m2/repository/org/apache/commons/commons-pool2/2.6.0/commons-pool2-2.6.0.jar:/home/user/.m2/repository/org/bouncycastle/bcpkix-jdk15on/1.60/bcpkix-jdk15on-1.60.jar:/home/user/.m2/repository/commons-validator/commons-validator/1.6/commons-validator-1.6.jar:/home/user/.m2/repository/commons-digester/commons-digester/1.8.1/commons-digester-1.8.1.jar:/home/user/.m2/repository/io/jaegertracing/jaeger-client/0.34.0/jaeger-client-0.34.0.jar:/home/user/.m2/repository/io/jaegertracing/jaeger-thrift/0.34.0/jaeger-thrift-0.34.0.jar:/home/user/.m2/repository/org/apache/thrift/libthrift/0.12.0/libthrift-0.12.0.jar:/home/user/.m2/repository/com/squareup/okhttp3/okhttp/3.9.0/okhttp-3.9.0.jar:/home/user/.m2/repository/com/squareup/okio/okio/1.13.0/okio-1.13.0.jar:/home/user/.m2/repository/io/jaegertracing/jaeger-core/0.34.0/jaeger-core-0.34.0.jar:/home/user/.m2/repository/io/jaegertracing/jaeger-tracerresolver/0.34.0/jaeger-tracerresolver-0.34.0.jar:/home/user/.m2/repository/io/opentracing/contrib/opentracing-tracerresolver/0.1.5/opentracing-tracerresolver-0.1.5.jar:/home/user/.m2/repository/io/opentracing/opentracing-util/0.31.0/opentracing-util-0.31.0.jar:/home/user/.m2/repository/io/opentracing/opentracing-api/0.31.0/opentracing-api-0.31.0.jar:/home/user/.m2/repository/io/opentracing/opentracing-noop/0.31.0/opentracing-noop-0.31.0.jar:/home/user/.m2/repository/org/apache/hadoop/hadoop-hdds-server-framework/0.5.0-SNAPSHOT/hadoop-hdds-server-framework-0.5.0-SNAPSHOT.jar:/home/user/.m2/repository/org/apache/hadoop/hadoop-hdds-container-service/0.5.0-SNAPSHOT/hadoop-hdds-container-service-0.5.0-SNAPSHOT.jar:/home/user/.m2/repository/org/apache/hadoop/hadoop-hdds-client/0.5.0-SNAPSHOT/hadoop-hdds-client-0.5.0-SNAPSHOT.jar:/home/user/.m2/repository/org/apache/hadoop/hadoop-hdds-tools/0.5.0-SNAPSHOT/hadoop-hdds-tools-0.5.0-SNAPSHOT.jar:/home/user/.m2/repository/org/apache/hadoop/hadoop-hdds-server-scm/0.5.0-SNAPSHOT/hadoop-hdds-server-scm-0.5.0-SNAPSHOT.jar:/home/user/.m2/repository/org/apache/hadoop/hadoop-hdds-docs/0.5.0-SNAPSHOT/hadoop-hdds-docs-0.5.0-SNAPSHOT.jar:/home/user/.m2/repository/io/dropwizard/metrics/metrics-core/3.2.4/metrics-core-3.2.4.jar:/home/user/.m2/repository/org/hamcrest/hamcrest-all/1.3/hamcrest-all-1.3.jar:/home/user/.m2/repository/org/bouncycastle/bcprov-jdk15on/1.60/bcprov-jdk15on-1.60.jar:/home/user/.m2/repository/info/picocli/picocli/3.9.6/picocli-3.9.6.jar:/home/user/.m2/repository/com/google/protobuf/protobuf-java/2.5.0/protobuf-java-2.5.0.jar:/home/user/.m2/repository/com/google/guava/guava/11.0.2/guava-11.0.2.jar:/home/user/.m2/repository/org/apache/hadoop/hadoop-ozone-ozone-manager/0.5.0-SNAPSHOT/hadoop-ozone-ozone-manager-0.5.0-SNAPSHOT.jar:/home/user/.m2/repository/org/apache/hadoop/hadoop-minikdc/3.2.0/hadoop-minikdc-3.2.0.jar:/home/user/.m2/repository/commons-io/commons-io/2.5/commons-io-2.5.jar:/home/user/.m2/repository/org/apache/kerby/kerb-simplekdc/1.0.1/kerb-simplekdc-1.0.1.jar:/home/user/.m2/repository/org/apache/kerby/kerb-client/1.0.1/kerb-client-1.0.1.jar:/home/user/.m2/repository/org/apache/kerby/kerby-config/1.0.1/kerby-config-1.0.1.jar:/home/user/.m2/repository/org/apache/kerby/kerb-core/1.0.1/kerb-core-1.0.1.jar:/home/user/.m2/repository/org/apache/kerby/kerby-pkix/1.0.1/kerby-pkix-1.0.1.jar:/home/user/.m2/repository/org/apache/kerby/kerby-asn1/1.0.1/kerby-asn1-1.0.1.jar:/home/user/.m2/repository/org/apache/kerby/kerby-util/1.0.1/kerby-util-1.0.1.jar:/home/user/.m2/repository/org/apache/kerby/kerb-common/1.0.1/kerb-common-1.0.1.jar:/home/user/.m2/repository/org/apache/kerby/kerb-crypto/1.0.1/kerb-crypto-1.0.1.jar:/home/user/.m2/repository/org/apache/kerby/kerb-util/1.0.1/kerb-util-1.0.1.jar:/home/user/.m2/repository/org/apache/kerby/token-provider/1.0.1/token-provider-1.0.1.jar:/home/user/.m2/repository/org/apache/kerby/kerb-admin/1.0.1/kerb-admin-1.0.1.jar:/home/user/.m2/repository/org/apache/kerby/kerb-server/1.0.1/kerb-server-1.0.1.jar:/home/user/.m2/repository/org/apache/kerby/kerb-identity/1.0.1/kerb-identity-1.0.1.jar:/home/user/.m2/repository/org/apache/kerby/kerby-xdr/1.0.1/kerby-xdr-1.0.1.jar:/home/user/.m2/repository/org/slf4j/slf4j-log4j12/1.7.25/slf4j-log4j12-1.7.25.jar:/home/user/.m2/repository/org/apache/hadoop/hadoop-ozone-s3gateway/0.5.0-SNAPSHOT/hadoop-ozone-s3gateway-0.5.0-SNAPSHOT.jar:/home/user/.m2/repository/org/jboss/weld/servlet/weld-servlet/2.4.7.Final/weld-servlet-2.4.7.Final.jar:/home/user/.m2/repository/org/glassfish/jersey/containers/jersey-container-servlet-core/2.27/jersey-container-servlet-core-2.27.jar:/home/user/.m2/repository/org/glassfish/hk2/external/javax.inject/2.5.0-b42/javax.inject-2.5.0-b42.jar:/home/user/.m2/repository/org/glassfish/jersey/core/jersey-common/2.27/jersey-common-2.27.jar:/home/user/.m2/repository/org/glassfish/hk2/osgi-resource-locator/1.0.1/osgi-resource-locator-1.0.1.jar:/home/user/.m2/repository/javax/ws/rs/javax.ws.rs-api/2.1/javax.ws.rs-api-2.1.jar:/home/user/.m2/repository/org/glassfish/jersey/ext/cdi/jersey-cdi1x/2.27/jersey-cdi1x-2.27.jar:/home/user/.m2/repository/org/glassfish/jersey/inject/jersey-hk2/2.27/jersey-hk2-2.27.jar:/home/user/.m2/repository/org/glassfish/hk2/hk2-locator/2.5.0-b42/hk2-locator-2.5.0-b42.jar:/home/user/.m2/repository/org/javassist/javassist/3.22.0-CR2/javassist-3.22.0-CR2.jar:/home/user/.m2/repository/org/glassfish/hk2/hk2-api/2.5.0/hk2-api-2.5.0.jar:/home/user/.m2/repository/org/glassfish/hk2/external/jakarta.inject/2.5.0/jakarta.inject-2.5.0.jar:/home/user/.m2/repository/org/glassfish/hk2/hk2-utils/2.5.0/hk2-utils-2.5.0.jar:/home/user/.m2/repository/jakarta/annotation/jakarta.annotation-api/1.3.4/jakarta.annotation-api-1.3.4.jar:/home/user/.m2/repository/org/glassfish/hk2/external/aopalliance-repackaged/2.5.0/aopalliance-repackaged-2.5.0.jar:/home/user/.m2/repository/com/fasterxml/jackson/dataformat/jackson-dataformat-xml/2.9.0/jackson-dataformat-xml-2.9.0.jar:/home/user/.m2/repository/com/fasterxml/jackson/core/jackson-core/2.9.9/jackson-core-2.9.9.jar:/home/user/.m2/repository/com/fasterxml/jackson/module/jackson-module-jaxb-annotations/2.9.9/jackson-module-jaxb-annotations-2.9.9.jar:/home/user/.m2/repository/javax/enterprise/cdi-api/1.2/cdi-api-1.2.jar:/home/user/.m2/repository/javax/el/javax.el-api/3.0.0/javax.el-api-3.0.0.jar:/home/user/.m2/repository/javax/interceptor/javax.interceptor-api/1.2/javax.interceptor-api-1.2.jar:/home/user/.m2/repository/javax/inject/javax.inject/1/javax.inject-1.jar:/home/user/.m2/repository/com/sun/xml/bind/jaxb-impl/2.3.0.1/jaxb-impl-2.3.0.1.jar:/home/user/.m2/repository/com/sun/xml/bind/jaxb-core/2.3.0.1/jaxb-core-2.3.0.1.jar:/home/user/.m2/repository/javax/xml/bind/jaxb-api/2.3.0/jaxb-api-2.3.0.jar:/home/user/.m2/repository/javax/activation/activation/1.1.1/activation-1.1.1.jar:/home/user/.m2/repository/org/apache/hadoop/hadoop-ozone-csi/0.5.0-SNAPSHOT/hadoop-ozone-csi-0.5.0-SNAPSHOT.jar:/home/user/.m2/repository/com/google/protobuf/protobuf-java-util/3.5.1/protobuf-java-util-3.5.1.jar:/home/user/.m2/repository/org/apache/hadoop/hadoop-hdds-config/0.5.0-SNAPSHOT/hadoop-hdds-config-0.5.0-SNAPSHOT.jar:/home/user/.m2/repository/io/grpc/grpc-netty/1.17.1/grpc-netty-1.17.1.jar:/home/user/.m2/repository/io/grpc/grpc-core/1.17.1/grpc-core-1.17.1.jar:/home/user/.m2/repository/io/grpc/grpc-context/1.17.1/grpc-context-1.17.1.jar:/home/user/.m2/repository/com/google/errorprone/error_prone_annotations/2.2.0/error_prone_annotations-2.2.0.jar:/home/user/.m2/repository/org/codehaus/mojo/animal-sniffer-annotations/1.17/animal-sniffer-annotations-1.17.jar:/home/user/.m2/repository/io/opencensus/opencensus-api/0.17.0/opencensus-api-0.17.0.jar:/home/user/.m2/repository/io/opencensus/opencensus-contrib-grpc-metrics/0.17.0/opencensus-contrib-grpc-metrics-0.17.0.jar:/home/user/.m2/repository/io/netty/netty-codec-http2/4.1.30.Final/netty-codec-http2-4.1.30.Final.jar:/home/user/.m2/repository/io/netty/netty-codec-http/4.1.30.Final/netty-codec-http-4.1.30.Final.jar:/home/user/.m2/repository/io/netty/netty-codec/4.1.30.Final/netty-codec-4.1.30.Final.jar:/home/user/.m2/repository/io/netty/netty-handler/4.1.30.Final/netty-handler-4.1.30.Final.jar:/home/user/.m2/repository/io/netty/netty-handler-proxy/4.1.30.Final/netty-handler-proxy-4.1.30.Final.jar:/home/user/.m2/repository/io/netty/netty-codec-socks/4.1.30.Final/netty-codec-socks-4.1.30.Final.jar:/home/user/.m2/repository/io/netty/netty-transport-native-epoll/4.1.30.Final/netty-transport-native-epoll-4.1.30.Final.jar:/home/user/.m2/repository/io/netty/netty-common/4.1.30.Final/netty-common-4.1.30.Final.jar:/home/user/.m2/repository/io/netty/netty-buffer/4.1.30.Final/netty-buffer-4.1.30.Final.jar:/home/user/.m2/repository/io/netty/netty-transport/4.1.30.Final/netty-transport-4.1.30.Final.jar:/home/user/.m2/repository/io/netty/netty-resolver/4.1.30.Final/netty-resolver-4.1.30.Final.jar:/home/user/.m2/repository/io/netty/netty-transport-native-unix-common/4.1.30.Final/netty-transport-native-unix-common-4.1.30.Final.jar:/home/user/.m2/repository/io/grpc/grpc-protobuf/1.17.1/grpc-protobuf-1.17.1.jar:/home/user/.m2/repository/com/google/api/grpc/proto-google-common-protos/1.0.0/proto-google-common-protos-1.0.0.jar:/home/user/.m2/repository/io/grpc/grpc-protobuf-lite/1.17.1/grpc-protobuf-lite-1.17.1.jar:/home/user/.m2/repository/io/grpc/grpc-stub/1.17.1/grpc-stub-1.17.1.jar:/home/user/.m2/repository/org/apache/hadoop/hadoop-ozone-recon/0.5.0-SNAPSHOT/hadoop-ozone-recon-0.5.0-SNAPSHOT.jar:/home/user/.m2/repository/org/apache/hadoop/hadoop-ozone-reconcodegen/0.5.0-SNAPSHOT/hadoop-ozone-reconcodegen-0.5.0-SNAPSHOT.jar:/home/user/.m2/repository/com/google/inject/extensions/guice-multibindings/4.0/guice-multibindings-4.0.jar:/home/user/.m2/repository/com/google/inject/guice/4.0/guice-4.0.jar:/home/user/.m2/repository/aopalliance/aopalliance/1.0/aopalliance-1.0.jar:/home/user/.m2/repository/com/google/inject/extensions/guice-servlet/4.0/guice-servlet-4.0.jar:/home/user/.m2/repository/org/glassfish/jersey/containers/jersey-container-servlet/2.27/jersey-container-servlet-2.27.jar:/home/user/.m2/repository/org/glassfish/hk2/guice-bridge/2.5.0/guice-bridge-2.5.0.jar:/home/user/.m2/repository/org/glassfish/jersey/core/jersey-server/2.27/jersey-server-2.27.jar:/home/user/.m2/repository/org/glassfish/jersey/core/jersey-client/2.27/jersey-client-2.27.jar:/home/user/.m2/repository/org/glassfish/jersey/media/jersey-media-jaxb/2.27/jersey-media-jaxb-2.27.jar:/home/user/.m2/repository/javax/validation/validation-api/1.1.0.Final/validation-api-1.1.0.Final.jar:/home/user/.m2/repository/org/glassfish/jersey/media/jersey-media-json-jackson/2.27/jersey-media-json-jackson-2.27.jar:/home/user/.m2/repository/org/glassfish/jersey/ext/jersey-entity-filtering/2.27/jersey-entity-filtering-2.27.jar:/home/user/.m2/repository/com/google/inject/extensions/guice-assistedinject/4.0/guice-assistedinject-4.0.jar:/home/user/.m2/repository/org/jooq/jooq/3.11.10/jooq-3.11.10.jar:/home/user/.m2/repository/org/jooq/jooq-meta/3.11.10/jooq-meta-3.11.10.jar:/home/user/.m2/repository/org/jooq/jooq-codegen/3.11.10/jooq-codegen-3.11.10.jar:/home/user/.m2/repository/com/jolbox/bonecp/0.8.0.RELEASE/bonecp-0.8.0.RELEASE.jar:/home/user/.m2/repository/org/xerial/sqlite-jdbc/3.25.2/sqlite-jdbc-3.25.2.jar:/home/user/.m2/repository/org/springframework/spring-jdbc/5.1.3.RELEASE/spring-jdbc-5.1.3.RELEASE.jar:/home/user/.m2/repository/org/springframework/spring-beans/5.1.3.RELEASE/spring-beans-5.1.3.RELEASE.jar:/home/user/.m2/repository/org/springframework/spring-core/5.1.3.RELEASE/spring-core-5.1.3.RELEASE.jar:/home/user/.m2/repository/org/springframework/spring-jcl/5.1.3.RELEASE/spring-jcl-5.1.3.RELEASE.jar:/home/user/.m2/repository/org/springframework/spring-tx/5.1.3.RELEASE/spring-tx-5.1.3.RELEASE.jar:/home/user/.m2/repository/org/apache/hadoop/hadoop-ozone-client/0.5.0-SNAPSHOT/hadoop-ozone-client-0.5.0-SNAPSHOT.jar:/home/user/.m2/repository/commons-lang/commons-lang/2.6/commons-lang-2.6.jar:/home/user/.m2/repository/org/apache/hadoop/hadoop-ozone-ozone-manager/0.5.0-SNAPSHOT/hadoop-ozone-ozone-manager-0.5.0-SNAPSHOT-tests.jar:/home/user/.m2/repository/junit/junit/4.11/junit-4.11.jar:/home/user/.m2/repository/org/hamcrest/hamcrest-core/1.3/hamcrest-core-1.3.jar:/home/user/.m2/repository/org/openjdk/jmh/jmh-core/1.19/jmh-core-1.19.jar:/home/user/.m2/repository/net/sf/jopt-simple/jopt-simple/4.6/jopt-simple-4.6.jar:/home/user/.m2/repository/org/apache/commons/commons-math3/3.1.1/commons-math3-3.1.1.jar:/home/user/.m2/repository/org/openjdk/jmh/jmh-generator-annprocess/1.19/jmh-generator-annprocess-1.19.jar:/home/user/.m2/repository/org/mockito/mockito-all/1.8.5/mockito-all-1.8.5.jar:/home/user/.m2/repository/org/apache/hadoop/hadoop-kms/3.2.0/hadoop-kms-3.2.0.jar:/home/user/.m2/repository/org/apache/hadoop/hadoop-auth/3.2.0/hadoop-auth-3.2.0.jar:/home/user/.m2/repository/com/nimbusds/nimbus-jose-jwt/4.41.1/nimbus-jose-jwt-4.41.1.jar:/home/user/.m2/repository/com/github/stephenc/jcip/jcip-annotations/1.0-1/jcip-annotations-1.0-1.jar:/home/user/.m2/repository/net/minidev/json-smart/2.3/json-smart-2.3.jar:/home/user/.m2/repository/net/minidev/accessors-smart/1.2/accessors-smart-1.2.jar:/home/user/.m2/repository/org/ow2/asm/asm/5.0.4/asm-5.0.4.jar:/home/user/.m2/repository/org/apache/curator/curator-framework/2.12.0/curator-framework-2.12.0.jar:/home/user/.m2/repository/com/sun/jersey/jersey-core/1.19/jersey-core-1.19.jar:/home/user/.m2/repository/javax/ws/rs/jsr311-api/1.1.1/jsr311-api-1.1.1.jar:/home/user/.m2/repository/com/sun/jersey/jersey-server/1.19/jersey-server-1.19.jar:/home/user/.m2/repository/javax/servlet/javax.servlet-api/3.1.0/javax.servlet-api-3.1.0.jar:/home/user/.m2/repository/org/eclipse/jetty/jetty-server/9.3.25.v20180904/jetty-server-9.3.25.v20180904.jar:/home/user/.m2/repository/org/eclipse/jetty/jetty-http/9.3.25.v20180904/jetty-http-9.3.25.v20180904.jar:/home/user/.m2/repository/org/eclipse/jetty/jetty-io/9.3.25.v20180904/jetty-io-9.3.25.v20180904.jar:/home/user/.m2/repository/org/eclipse/jetty/jetty-webapp/9.3.25.v20180904/jetty-webapp-9.3.25.v20180904.jar:/home/user/.m2/repository/org/eclipse/jetty/jetty-xml/9.3.25.v20180904/jetty-xml-9.3.25.v20180904.jar:/home/user/.m2/repository/log4j/log4j/1.2.17/log4j-1.2.17.jar:/home/user/.m2/repository/org/slf4j/slf4j-api/1.7.25/slf4j-api-1.7.25.jar:/home/user/.m2/repository/org/slf4j/jul-to-slf4j/1.7.25/jul-to-slf4j-1.7.25.jar:/home/user/.m2/repository/org/eclipse/jetty/jetty-util/9.3.25.v20180904/jetty-util-9.3.25.v20180904.jar:/home/user/.m2/repository/com/fasterxml/jackson/core/jackson-databind/2.9.9/jackson-databind-2.9.9.jar:/home/user/.m2/repository/org/apache/hadoop/hadoop-kms/3.2.0/hadoop-kms-3.2.0-tests.jar:/home/user/.m2/repository/org/apache/hadoop/hadoop-hdds-server-scm/0.5.0-SNAPSHOT/hadoop-hdds-server-scm-0.5.0-SNAPSHOT-tests.jar:/home/user/.m2/repository/org/apache/hadoop/hadoop-hdds-container-service/0.5.0-SNAPSHOT/hadoop-hdds-container-service-0.5.0-SNAPSHOT-tests.jar:/home/user/.m2/repository/org/yaml/snakeyaml/1.16/snakeyaml-1.16.jar:/home/user/.m2/repository/org/apache/hadoop/hadoop-common/3.2.0/hadoop-common-3.2.0-tests.jar:/home/user/.m2/repository/org/apache/hadoop/hadoop-annotations/3.2.0/hadoop-annotations-3.2.0.jar:/usr/lib/jvm/java-1.8-openjdk/jre/../lib/tools.jar:/home/user/.m2/repository/commons-cli/commons-cli/1.2/commons-cli-1.2.jar:/home/user/.m2/repository/org/apache/httpcomponents/httpclient/4.5.2/httpclient-4.5.2.jar:/home/user/.m2/repository/org/apache/httpcomponents/httpcore/4.4.4/httpcore-4.4.4.jar:/home/user/.m2/repository/commons-codec/commons-codec/1.11/commons-codec-1.11.jar:/home/user/.m2/repository/commons-net/commons-net/3.6/commons-net-3.6.jar:/home/user/.m2/repository/commons-collections/commons-collections/3.2.2/commons-collections-3.2.2.jar:/home/user/.m2/repository/org/eclipse/jetty/jetty-servlet/9.3.25.v20180904/jetty-servlet-9.3.25.v20180904.jar:/home/user/.m2/repository/org/eclipse/jetty/jetty-security/9.3.25.v20180904/jetty-security-9.3.25.v20180904.jar:/home/user/.m2/repository/javax/servlet/jsp/jsp-api/2.1/jsp-api-2.1.jar:/home/user/.m2/repository/com/sun/jersey/jersey-servlet/1.19/jersey-servlet-1.19.jar:/home/user/.m2/repository/com/sun/jersey/jersey-json/1.19/jersey-json-1.19.jar:/home/user/.m2/repository/org/codehaus/jettison/jettison/1.1/jettison-1.1.jar:/home/user/.m2/repository/org/codehaus/jackson/jackson-core-asl/1.9.13/jackson-core-asl-1.9.13.jar:/home/user/.m2/repository/org/codehaus/jackson/jackson-mapper-asl/1.9.13/jackson-mapper-asl-1.9.13.jar:/home/user/.m2/repository/org/codehaus/jackson/jackson-jaxrs/1.9.13/jackson-jaxrs-1.9.13.jar:/home/user/.m2/repository/org/codehaus/jackson/jackson-xc/1.9.13/jackson-xc-1.9.13.jar:/home/user/.m2/repository/commons-logging/commons-logging/1.1.3/commons-logging-1.1.3.jar:/home/user/.m2/repository/commons-beanutils/commons-beanutils/1.9.4/commons-beanutils-1.9.4.jar:/home/user/.m2/repository/org/apache/commons/commons-configuration2/2.1.1/commons-configuration2-2.1.1.jar:/home/user/.m2/repository/org/apache/commons/commons-lang3/3.7/commons-lang3-3.7.jar:/home/user/.m2/repository/org/apache/commons/commons-text/1.4/commons-text-1.4.jar:/home/user/.m2/repository/org/apache/avro/avro/1.7.7/avro-1.7.7.jar:/home/user/.m2/repository/com/thoughtworks/paranamer/paranamer/2.3/paranamer-2.3.jar:/home/user/.m2/repository/org/xerial/snappy/snappy-java/1.0.5/snappy-java-1.0.5.jar:/home/user/.m2/repository/com/google/re2j/re2j/1.1/re2j-1.1.jar:/home/user/.m2/repository/com/google/code/gson/gson/2.2.4/gson-2.2.4.jar:/home/user/.m2/repository/com/jcraft/jsch/0.1.54/jsch-0.1.54.jar:/home/user/.m2/repository/org/apache/curator/curator-client/2.12.0/curator-client-2.12.0.jar:/home/user/.m2/repository/org/apache/curator/curator-recipes/2.12.0/curator-recipes-2.12.0.jar:/home/user/.m2/repository/com/google/code/findbugs/jsr305/3.0.0/jsr305-3.0.0.jar:/home/user/.m2/repository/org/apache/htrace/htrace-core4/4.1.0-incubating/htrace-core4-4.1.0-incubating.jar:/home/user/.m2/repository/org/apache/zookeeper/zookeeper/3.4.13/zookeeper-3.4.13.jar:/home/user/.m2/repository/jline/jline/0.9.94/jline-0.9.94.jar:/home/user/.m2/repository/org/apache/yetus/audience-annotations/0.5.0/audience-annotations-0.5.0.jar:/home/user/.m2/repository/org/codehaus/woodstox/stax2-api/3.1.4/stax2-api-3.1.4.jar:/home/user/.m2/repository/com/fasterxml/woodstox/woodstox-core/5.0.3/woodstox-core-5.0.3.jar:/home/user/.m2/repository/dnsjava/dnsjava/2.1.7/dnsjava-2.1.7.jar:/home/user/.m2/repository/org/apache/hadoop/hadoop-hdfs/3.2.0/hadoop-hdfs-3.2.0-tests.jar:/home/user/.m2/repository/org/eclipse/jetty/jetty-util-ajax/9.3.25.v20180904/jetty-util-ajax-9.3.25.v20180904.jar:/home/user/.m2/repository/commons-daemon/commons-daemon/1.0.13/commons-daemon-1.0.13.jar:/home/user/.m2/repository/io/netty/netty/3.10.5.Final/netty-3.10.5.Final.jar:/home/user/.m2/repository/io/netty/netty-all/4.0.52.Final/netty-all-4.0.52.Final.jar:/home/user/.m2/repository/org/fusesource/leveldbjni/leveldbjni-all/1.8/leveldbjni-all-1.8.jar:"/>
    <property name="java.vm.vendor" value="IcedTea"/>
    <property name="sun.arch.data.model" value="64"/>
    <property name="test.build.dir" value="/workdir/hadoop-ozone/integration-test/target/test-dir"/>
    <property name="test.cache.data" value=""/>
    <property name="java.vendor.url" value="https://icedtea.classpath.org"/>
    <property name="user.timezone" value=""/>
    <property name="java.vm.specification.version" value="1.8"/>
    <property name="os.name" value="Linux"/>
    <property name="test.build.data" value="/workdir/hadoop-ozone/integration-test/target/test-dir"/>
    <property name="user.country" value="US"/>
    <property name="sun.java.launcher" value="SUN_STANDARD"/>
    <property name="sun.boot.library.path" value="/usr/lib/jvm/java-1.8-openjdk/jre/lib/amd64"/>
    <property name="sun.java.command" value="/workdir/hadoop-ozone/integration-test/target/surefire/surefirebooter8258339298403407658.jar /workdir/hadoop-ozone/integration-test/target/surefire 2019-10-07T07-43-30_183-jvmRun1 surefire4441531560939225081tmp surefire_555303342439523808855tmp"/>
    <property name="test" value="!TestMiniChaosOzoneCluster"/>
    <property name="surefire.test.class.path" value="/workdir/hadoop-ozone/integration-test/target/test-classes:/workdir/hadoop-ozone/integration-test/target/classes:/home/user/.m2/repository/org/apache/hadoop/hadoop-ozone-common/0.5.0-SNAPSHOT/hadoop-ozone-common-0.5.0-SNAPSHOT.jar:/home/user/.m2/repository/org/apache/commons/commons-compress/1.4.1/commons-compress-1.4.1.jar:/home/user/.m2/repository/org/tukaani/xz/1.0/xz-1.0.jar:/home/user/.m2/repository/org/apache/hadoop/hadoop-common/3.2.0/hadoop-common-3.2.0.jar:/home/user/.m2/repository/org/apache/hadoop/hadoop-hdfs/3.2.0/hadoop-hdfs-3.2.0.jar:/home/user/.m2/repository/org/apache/hadoop/hadoop-hdfs-client/3.2.0/hadoop-hdfs-client-3.2.0.jar:/home/user/.m2/repository/com/fasterxml/jackson/core/jackson-annotations/2.9.9/jackson-annotations-2.9.9.jar:/home/user/.m2/repository/org/apache/hadoop/hadoop-hdds-common/0.5.0-SNAPSHOT/hadoop-hdds-common-0.5.0-SNAPSHOT.jar:/home/user/.m2/repository/javax/annotation/javax.annotation-api/1.2/javax.annotation-api-1.2.jar:/home/user/.m2/repository/org/apache/ratis/ratis-server/0.5.0-201fc85-SNAPSHOT/ratis-server-0.5.0-201fc85-SNAPSHOT.jar:/home/user/.m2/repository/org/apache/ratis/ratis-thirdparty-misc/0.2.0/ratis-thirdparty-misc-0.2.0.jar:/home/user/.m2/repository/org/apache/ratis/ratis-proto/0.5.0-201fc85-SNAPSHOT/ratis-proto-0.5.0-201fc85-SNAPSHOT.jar:/home/user/.m2/repository/org/apache/ratis/ratis-common/0.5.0-201fc85-SNAPSHOT/ratis-common-0.5.0-201fc85-SNAPSHOT.jar:/home/user/.m2/repository/org/apache/ratis/ratis-client/0.5.0-201fc85-SNAPSHOT/ratis-client-0.5.0-201fc85-SNAPSHOT.jar:/home/user/.m2/repository/org/apache/ratis/ratis-metrics/0.5.0-201fc85-SNAPSHOT/ratis-metrics-0.5.0-201fc85-SNAPSHOT.jar:/home/user/.m2/repository/com/github/joshelser/dropwizard-metrics-hadoop-metrics2-reporter/0.1.2/dropwizard-metrics-hadoop-metrics2-reporter-0.1.2.jar:/home/user/.m2/repository/io/dropwizard/metrics/metrics-jvm/3.2.5/metrics-jvm-3.2.5.jar:/home/user/.m2/repository/io/dropwizard/metrics/metrics-ganglia/3.2.5/metrics-ganglia-3.2.5.jar:/home/user/.m2/repository/info/ganglia/gmetric4j/gmetric4j/1.0.7/gmetric4j-1.0.7.jar:/home/user/.m2/repository/org/apache/ratis/ratis-netty/0.5.0-201fc85-SNAPSHOT/ratis-netty-0.5.0-201fc85-SNAPSHOT.jar:/home/user/.m2/repository/org/apache/ratis/ratis-grpc/0.5.0-201fc85-SNAPSHOT/ratis-grpc-0.5.0-201fc85-SNAPSHOT.jar:/home/user/.m2/repository/org/rocksdb/rocksdbjni/6.0.1/rocksdbjni-6.0.1.jar:/home/user/.m2/repository/org/apache/logging/log4j/log4j-api/2.11.0/log4j-api-2.11.0.jar:/home/user/.m2/repository/org/apache/logging/log4j/log4j-core/2.11.0/log4j-core-2.11.0.jar:/home/user/.m2/repository/com/lmax/disruptor/3.4.2/disruptor-3.4.2.jar:/home/user/.m2/repository/org/apache/commons/commons-pool2/2.6.0/commons-pool2-2.6.0.jar:/home/user/.m2/repository/org/bouncycastle/bcpkix-jdk15on/1.60/bcpkix-jdk15on-1.60.jar:/home/user/.m2/repository/commons-validator/commons-validator/1.6/commons-validator-1.6.jar:/home/user/.m2/repository/commons-digester/commons-digester/1.8.1/commons-digester-1.8.1.jar:/home/user/.m2/repository/io/jaegertracing/jaeger-client/0.34.0/jaeger-client-0.34.0.jar:/home/user/.m2/repository/io/jaegertracing/jaeger-thrift/0.34.0/jaeger-thrift-0.34.0.jar:/home/user/.m2/repository/org/apache/thrift/libthrift/0.12.0/libthrift-0.12.0.jar:/home/user/.m2/repository/com/squareup/okhttp3/okhttp/3.9.0/okhttp-3.9.0.jar:/home/user/.m2/repository/com/squareup/okio/okio/1.13.0/okio-1.13.0.jar:/home/user/.m2/repository/io/jaegertracing/jaeger-core/0.34.0/jaeger-core-0.34.0.jar:/home/user/.m2/repository/io/jaegertracing/jaeger-tracerresolver/0.34.0/jaeger-tracerresolver-0.34.0.jar:/home/user/.m2/repository/io/opentracing/contrib/opentracing-tracerresolver/0.1.5/opentracing-tracerresolver-0.1.5.jar:/home/user/.m2/repository/io/opentracing/opentracing-util/0.31.0/opentracing-util-0.31.0.jar:/home/user/.m2/repository/io/opentracing/opentracing-api/0.31.0/opentracing-api-0.31.0.jar:/home/user/.m2/repository/io/opentracing/opentracing-noop/0.31.0/opentracing-noop-0.31.0.jar:/home/user/.m2/repository/org/apache/hadoop/hadoop-hdds-server-framework/0.5.0-SNAPSHOT/hadoop-hdds-server-framework-0.5.0-SNAPSHOT.jar:/home/user/.m2/repository/org/apache/hadoop/hadoop-hdds-container-service/0.5.0-SNAPSHOT/hadoop-hdds-container-service-0.5.0-SNAPSHOT.jar:/home/user/.m2/repository/org/apache/hadoop/hadoop-hdds-client/0.5.0-SNAPSHOT/hadoop-hdds-client-0.5.0-SNAPSHOT.jar:/home/user/.m2/repository/org/apache/hadoop/hadoop-hdds-tools/0.5.0-SNAPSHOT/hadoop-hdds-tools-0.5.0-SNAPSHOT.jar:/home/user/.m2/repository/org/apache/hadoop/hadoop-hdds-server-scm/0.5.0-SNAPSHOT/hadoop-hdds-server-scm-0.5.0-SNAPSHOT.jar:/home/user/.m2/repository/org/apache/hadoop/hadoop-hdds-docs/0.5.0-SNAPSHOT/hadoop-hdds-docs-0.5.0-SNAPSHOT.jar:/home/user/.m2/repository/io/dropwizard/metrics/metrics-core/3.2.4/metrics-core-3.2.4.jar:/home/user/.m2/repository/org/hamcrest/hamcrest-all/1.3/hamcrest-all-1.3.jar:/home/user/.m2/repository/org/bouncycastle/bcprov-jdk15on/1.60/bcprov-jdk15on-1.60.jar:/home/user/.m2/repository/info/picocli/picocli/3.9.6/picocli-3.9.6.jar:/home/user/.m2/repository/com/google/protobuf/protobuf-java/2.5.0/protobuf-java-2.5.0.jar:/home/user/.m2/repository/com/google/guava/guava/11.0.2/guava-11.0.2.jar:/home/user/.m2/repository/org/apache/hadoop/hadoop-ozone-ozone-manager/0.5.0-SNAPSHOT/hadoop-ozone-ozone-manager-0.5.0-SNAPSHOT.jar:/home/user/.m2/repository/org/apache/hadoop/hadoop-minikdc/3.2.0/hadoop-minikdc-3.2.0.jar:/home/user/.m2/repository/commons-io/commons-io/2.5/commons-io-2.5.jar:/home/user/.m2/repository/org/apache/kerby/kerb-simplekdc/1.0.1/kerb-simplekdc-1.0.1.jar:/home/user/.m2/repository/org/apache/kerby/kerb-client/1.0.1/kerb-client-1.0.1.jar:/home/user/.m2/repository/org/apache/kerby/kerby-config/1.0.1/kerby-config-1.0.1.jar:/home/user/.m2/repository/org/apache/kerby/kerb-core/1.0.1/kerb-core-1.0.1.jar:/home/user/.m2/repository/org/apache/kerby/kerby-pkix/1.0.1/kerby-pkix-1.0.1.jar:/home/user/.m2/repository/org/apache/kerby/kerby-asn1/1.0.1/kerby-asn1-1.0.1.jar:/home/user/.m2/repository/org/apache/kerby/kerby-util/1.0.1/kerby-util-1.0.1.jar:/home/user/.m2/repository/org/apache/kerby/kerb-common/1.0.1/kerb-common-1.0.1.jar:/home/user/.m2/repository/org/apache/kerby/kerb-crypto/1.0.1/kerb-crypto-1.0.1.jar:/home/user/.m2/repository/org/apache/kerby/kerb-util/1.0.1/kerb-util-1.0.1.jar:/home/user/.m2/repository/org/apache/kerby/token-provider/1.0.1/token-provider-1.0.1.jar:/home/user/.m2/repository/org/apache/kerby/kerb-admin/1.0.1/kerb-admin-1.0.1.jar:/home/user/.m2/repository/org/apache/kerby/kerb-server/1.0.1/kerb-server-1.0.1.jar:/home/user/.m2/repository/org/apache/kerby/kerb-identity/1.0.1/kerb-identity-1.0.1.jar:/home/user/.m2/repository/org/apache/kerby/kerby-xdr/1.0.1/kerby-xdr-1.0.1.jar:/home/user/.m2/repository/org/slf4j/slf4j-log4j12/1.7.25/slf4j-log4j12-1.7.25.jar:/home/user/.m2/repository/org/apache/hadoop/hadoop-ozone-s3gateway/0.5.0-SNAPSHOT/hadoop-ozone-s3gateway-0.5.0-SNAPSHOT.jar:/home/user/.m2/repository/org/jboss/weld/servlet/weld-servlet/2.4.7.Final/weld-servlet-2.4.7.Final.jar:/home/user/.m2/repository/org/glassfish/jersey/containers/jersey-container-servlet-core/2.27/jersey-container-servlet-core-2.27.jar:/home/user/.m2/repository/org/glassfish/hk2/external/javax.inject/2.5.0-b42/javax.inject-2.5.0-b42.jar:/home/user/.m2/repository/org/glassfish/jersey/core/jersey-common/2.27/jersey-common-2.27.jar:/home/user/.m2/repository/org/glassfish/hk2/osgi-resource-locator/1.0.1/osgi-resource-locator-1.0.1.jar:/home/user/.m2/repository/javax/ws/rs/javax.ws.rs-api/2.1/javax.ws.rs-api-2.1.jar:/home/user/.m2/repository/org/glassfish/jersey/ext/cdi/jersey-cdi1x/2.27/jersey-cdi1x-2.27.jar:/home/user/.m2/repository/org/glassfish/jersey/inject/jersey-hk2/2.27/jersey-hk2-2.27.jar:/home/user/.m2/repository/org/glassfish/hk2/hk2-locator/2.5.0-b42/hk2-locator-2.5.0-b42.jar:/home/user/.m2/repository/org/javassist/javassist/3.22.0-CR2/javassist-3.22.0-CR2.jar:/home/user/.m2/repository/org/glassfish/hk2/hk2-api/2.5.0/hk2-api-2.5.0.jar:/home/user/.m2/repository/org/glassfish/hk2/external/jakarta.inject/2.5.0/jakarta.inject-2.5.0.jar:/home/user/.m2/repository/org/glassfish/hk2/hk2-utils/2.5.0/hk2-utils-2.5.0.jar:/home/user/.m2/repository/jakarta/annotation/jakarta.annotation-api/1.3.4/jakarta.annotation-api-1.3.4.jar:/home/user/.m2/repository/org/glassfish/hk2/external/aopalliance-repackaged/2.5.0/aopalliance-repackaged-2.5.0.jar:/home/user/.m2/repository/com/fasterxml/jackson/dataformat/jackson-dataformat-xml/2.9.0/jackson-dataformat-xml-2.9.0.jar:/home/user/.m2/repository/com/fasterxml/jackson/core/jackson-core/2.9.9/jackson-core-2.9.9.jar:/home/user/.m2/repository/com/fasterxml/jackson/module/jackson-module-jaxb-annotations/2.9.9/jackson-module-jaxb-annotations-2.9.9.jar:/home/user/.m2/repository/javax/enterprise/cdi-api/1.2/cdi-api-1.2.jar:/home/user/.m2/repository/javax/el/javax.el-api/3.0.0/javax.el-api-3.0.0.jar:/home/user/.m2/repository/javax/interceptor/javax.interceptor-api/1.2/javax.interceptor-api-1.2.jar:/home/user/.m2/repository/javax/inject/javax.inject/1/javax.inject-1.jar:/home/user/.m2/repository/com/sun/xml/bind/jaxb-impl/2.3.0.1/jaxb-impl-2.3.0.1.jar:/home/user/.m2/repository/com/sun/xml/bind/jaxb-core/2.3.0.1/jaxb-core-2.3.0.1.jar:/home/user/.m2/repository/javax/xml/bind/jaxb-api/2.3.0/jaxb-api-2.3.0.jar:/home/user/.m2/repository/javax/activation/activation/1.1.1/activation-1.1.1.jar:/home/user/.m2/repository/org/apache/hadoop/hadoop-ozone-csi/0.5.0-SNAPSHOT/hadoop-ozone-csi-0.5.0-SNAPSHOT.jar:/home/user/.m2/repository/com/google/protobuf/protobuf-java-util/3.5.1/protobuf-java-util-3.5.1.jar:/home/user/.m2/repository/org/apache/hadoop/hadoop-hdds-config/0.5.0-SNAPSHOT/hadoop-hdds-config-0.5.0-SNAPSHOT.jar:/home/user/.m2/repository/io/grpc/grpc-netty/1.17.1/grpc-netty-1.17.1.jar:/home/user/.m2/repository/io/grpc/grpc-core/1.17.1/grpc-core-1.17.1.jar:/home/user/.m2/repository/io/grpc/grpc-context/1.17.1/grpc-context-1.17.1.jar:/home/user/.m2/repository/com/google/errorprone/error_prone_annotations/2.2.0/error_prone_annotations-2.2.0.jar:/home/user/.m2/repository/org/codehaus/mojo/animal-sniffer-annotations/1.17/animal-sniffer-annotations-1.17.jar:/home/user/.m2/repository/io/opencensus/opencensus-api/0.17.0/opencensus-api-0.17.0.jar:/home/user/.m2/repository/io/opencensus/opencensus-contrib-grpc-metrics/0.17.0/opencensus-contrib-grpc-metrics-0.17.0.jar:/home/user/.m2/repository/io/netty/netty-codec-http2/4.1.30.Final/netty-codec-http2-4.1.30.Final.jar:/home/user/.m2/repository/io/netty/netty-codec-http/4.1.30.Final/netty-codec-http-4.1.30.Final.jar:/home/user/.m2/repository/io/netty/netty-codec/4.1.30.Final/netty-codec-4.1.30.Final.jar:/home/user/.m2/repository/io/netty/netty-handler/4.1.30.Final/netty-handler-4.1.30.Final.jar:/home/user/.m2/repository/io/netty/netty-handler-proxy/4.1.30.Final/netty-handler-proxy-4.1.30.Final.jar:/home/user/.m2/repository/io/netty/netty-codec-socks/4.1.30.Final/netty-codec-socks-4.1.30.Final.jar:/home/user/.m2/repository/io/netty/netty-transport-native-epoll/4.1.30.Final/netty-transport-native-epoll-4.1.30.Final.jar:/home/user/.m2/repository/io/netty/netty-common/4.1.30.Final/netty-common-4.1.30.Final.jar:/home/user/.m2/repository/io/netty/netty-buffer/4.1.30.Final/netty-buffer-4.1.30.Final.jar:/home/user/.m2/repository/io/netty/netty-transport/4.1.30.Final/netty-transport-4.1.30.Final.jar:/home/user/.m2/repository/io/netty/netty-resolver/4.1.30.Final/netty-resolver-4.1.30.Final.jar:/home/user/.m2/repository/io/netty/netty-transport-native-unix-common/4.1.30.Final/netty-transport-native-unix-common-4.1.30.Final.jar:/home/user/.m2/repository/io/grpc/grpc-protobuf/1.17.1/grpc-protobuf-1.17.1.jar:/home/user/.m2/repository/com/google/api/grpc/proto-google-common-protos/1.0.0/proto-google-common-protos-1.0.0.jar:/home/user/.m2/repository/io/grpc/grpc-protobuf-lite/1.17.1/grpc-protobuf-lite-1.17.1.jar:/home/user/.m2/repository/io/grpc/grpc-stub/1.17.1/grpc-stub-1.17.1.jar:/home/user/.m2/repository/org/apache/hadoop/hadoop-ozone-recon/0.5.0-SNAPSHOT/hadoop-ozone-recon-0.5.0-SNAPSHOT.jar:/home/user/.m2/repository/org/apache/hadoop/hadoop-ozone-reconcodegen/0.5.0-SNAPSHOT/hadoop-ozone-reconcodegen-0.5.0-SNAPSHOT.jar:/home/user/.m2/repository/com/google/inject/extensions/guice-multibindings/4.0/guice-multibindings-4.0.jar:/home/user/.m2/repository/com/google/inject/guice/4.0/guice-4.0.jar:/home/user/.m2/repository/aopalliance/aopalliance/1.0/aopalliance-1.0.jar:/home/user/.m2/repository/com/google/inject/extensions/guice-servlet/4.0/guice-servlet-4.0.jar:/home/user/.m2/repository/org/glassfish/jersey/containers/jersey-container-servlet/2.27/jersey-container-servlet-2.27.jar:/home/user/.m2/repository/org/glassfish/hk2/guice-bridge/2.5.0/guice-bridge-2.5.0.jar:/home/user/.m2/repository/org/glassfish/jersey/core/jersey-server/2.27/jersey-server-2.27.jar:/home/user/.m2/repository/org/glassfish/jersey/core/jersey-client/2.27/jersey-client-2.27.jar:/home/user/.m2/repository/org/glassfish/jersey/media/jersey-media-jaxb/2.27/jersey-media-jaxb-2.27.jar:/home/user/.m2/repository/javax/validation/validation-api/1.1.0.Final/validation-api-1.1.0.Final.jar:/home/user/.m2/repository/org/glassfish/jersey/media/jersey-media-json-jackson/2.27/jersey-media-json-jackson-2.27.jar:/home/user/.m2/repository/org/glassfish/jersey/ext/jersey-entity-filtering/2.27/jersey-entity-filtering-2.27.jar:/home/user/.m2/repository/com/google/inject/extensions/guice-assistedinject/4.0/guice-assistedinject-4.0.jar:/home/user/.m2/repository/org/jooq/jooq/3.11.10/jooq-3.11.10.jar:/home/user/.m2/repository/org/jooq/jooq-meta/3.11.10/jooq-meta-3.11.10.jar:/home/user/.m2/repository/org/jooq/jooq-codegen/3.11.10/jooq-codegen-3.11.10.jar:/home/user/.m2/repository/com/jolbox/bonecp/0.8.0.RELEASE/bonecp-0.8.0.RELEASE.jar:/home/user/.m2/repository/org/xerial/sqlite-jdbc/3.25.2/sqlite-jdbc-3.25.2.jar:/home/user/.m2/repository/org/springframework/spring-jdbc/5.1.3.RELEASE/spring-jdbc-5.1.3.RELEASE.jar:/home/user/.m2/repository/org/springframework/spring-beans/5.1.3.RELEASE/spring-beans-5.1.3.RELEASE.jar:/home/user/.m2/repository/org/springframework/spring-core/5.1.3.RELEASE/spring-core-5.1.3.RELEASE.jar:/home/user/.m2/repository/org/springframework/spring-jcl/5.1.3.RELEASE/spring-jcl-5.1.3.RELEASE.jar:/home/user/.m2/repository/org/springframework/spring-tx/5.1.3.RELEASE/spring-tx-5.1.3.RELEASE.jar:/home/user/.m2/repository/org/apache/hadoop/hadoop-ozone-client/0.5.0-SNAPSHOT/hadoop-ozone-client-0.5.0-SNAPSHOT.jar:/home/user/.m2/repository/commons-lang/commons-lang/2.6/commons-lang-2.6.jar:/home/user/.m2/repository/org/apache/hadoop/hadoop-ozone-ozone-manager/0.5.0-SNAPSHOT/hadoop-ozone-ozone-manager-0.5.0-SNAPSHOT-tests.jar:/home/user/.m2/repository/junit/junit/4.11/junit-4.11.jar:/home/user/.m2/repository/org/hamcrest/hamcrest-core/1.3/hamcrest-core-1.3.jar:/home/user/.m2/repository/org/openjdk/jmh/jmh-core/1.19/jmh-core-1.19.jar:/home/user/.m2/repository/net/sf/jopt-simple/jopt-simple/4.6/jopt-simple-4.6.jar:/home/user/.m2/repository/org/apache/commons/commons-math3/3.1.1/commons-math3-3.1.1.jar:/home/user/.m2/repository/org/openjdk/jmh/jmh-generator-annprocess/1.19/jmh-generator-annprocess-1.19.jar:/home/user/.m2/repository/org/mockito/mockito-all/1.8.5/mockito-all-1.8.5.jar:/home/user/.m2/repository/org/apache/hadoop/hadoop-kms/3.2.0/hadoop-kms-3.2.0.jar:/home/user/.m2/repository/org/apache/hadoop/hadoop-auth/3.2.0/hadoop-auth-3.2.0.jar:/home/user/.m2/repository/com/nimbusds/nimbus-jose-jwt/4.41.1/nimbus-jose-jwt-4.41.1.jar:/home/user/.m2/repository/com/github/stephenc/jcip/jcip-annotations/1.0-1/jcip-annotations-1.0-1.jar:/home/user/.m2/repository/net/minidev/json-smart/2.3/json-smart-2.3.jar:/home/user/.m2/repository/net/minidev/accessors-smart/1.2/accessors-smart-1.2.jar:/home/user/.m2/repository/org/ow2/asm/asm/5.0.4/asm-5.0.4.jar:/home/user/.m2/repository/org/apache/curator/curator-framework/2.12.0/curator-framework-2.12.0.jar:/home/user/.m2/repository/com/sun/jersey/jersey-core/1.19/jersey-core-1.19.jar:/home/user/.m2/repository/javax/ws/rs/jsr311-api/1.1.1/jsr311-api-1.1.1.jar:/home/user/.m2/repository/com/sun/jersey/jersey-server/1.19/jersey-server-1.19.jar:/home/user/.m2/repository/javax/servlet/javax.servlet-api/3.1.0/javax.servlet-api-3.1.0.jar:/home/user/.m2/repository/org/eclipse/jetty/jetty-server/9.3.25.v20180904/jetty-server-9.3.25.v20180904.jar:/home/user/.m2/repository/org/eclipse/jetty/jetty-http/9.3.25.v20180904/jetty-http-9.3.25.v20180904.jar:/home/user/.m2/repository/org/eclipse/jetty/jetty-io/9.3.25.v20180904/jetty-io-9.3.25.v20180904.jar:/home/user/.m2/repository/org/eclipse/jetty/jetty-webapp/9.3.25.v20180904/jetty-webapp-9.3.25.v20180904.jar:/home/user/.m2/repository/org/eclipse/jetty/jetty-xml/9.3.25.v20180904/jetty-xml-9.3.25.v20180904.jar:/home/user/.m2/repository/log4j/log4j/1.2.17/log4j-1.2.17.jar:/home/user/.m2/repository/org/slf4j/slf4j-api/1.7.25/slf4j-api-1.7.25.jar:/home/user/.m2/repository/org/slf4j/jul-to-slf4j/1.7.25/jul-to-slf4j-1.7.25.jar:/home/user/.m2/repository/org/eclipse/jetty/jetty-util/9.3.25.v20180904/jetty-util-9.3.25.v20180904.jar:/home/user/.m2/repository/com/fasterxml/jackson/core/jackson-databind/2.9.9/jackson-databind-2.9.9.jar:/home/user/.m2/repository/org/apache/hadoop/hadoop-kms/3.2.0/hadoop-kms-3.2.0-tests.jar:/home/user/.m2/repository/org/apache/hadoop/hadoop-hdds-server-scm/0.5.0-SNAPSHOT/hadoop-hdds-server-scm-0.5.0-SNAPSHOT-tests.jar:/home/user/.m2/repository/org/apache/hadoop/hadoop-hdds-container-service/0.5.0-SNAPSHOT/hadoop-hdds-container-service-0.5.0-SNAPSHOT-tests.jar:/home/user/.m2/repository/org/yaml/snakeyaml/1.16/snakeyaml-1.16.jar:/home/user/.m2/repository/org/apache/hadoop/hadoop-common/3.2.0/hadoop-common-3.2.0-tests.jar:/home/user/.m2/repository/org/apache/hadoop/hadoop-annotations/3.2.0/hadoop-annotations-3.2.0.jar:/usr/lib/jvm/java-1.8-openjdk/jre/../lib/tools.jar:/home/user/.m2/repository/commons-cli/commons-cli/1.2/commons-cli-1.2.jar:/home/user/.m2/repository/org/apache/httpcomponents/httpclient/4.5.2/httpclient-4.5.2.jar:/home/user/.m2/repository/org/apache/httpcomponents/httpcore/4.4.4/httpcore-4.4.4.jar:/home/user/.m2/repository/commons-codec/commons-codec/1.11/commons-codec-1.11.jar:/home/user/.m2/repository/commons-net/commons-net/3.6/commons-net-3.6.jar:/home/user/.m2/repository/commons-collections/commons-collections/3.2.2/commons-collections-3.2.2.jar:/home/user/.m2/repository/org/eclipse/jetty/jetty-servlet/9.3.25.v20180904/jetty-servlet-9.3.25.v20180904.jar:/home/user/.m2/repository/org/eclipse/jetty/jetty-security/9.3.25.v20180904/jetty-security-9.3.25.v20180904.jar:/home/user/.m2/repository/javax/servlet/jsp/jsp-api/2.1/jsp-api-2.1.jar:/home/user/.m2/repository/com/sun/jersey/jersey-servlet/1.19/jersey-servlet-1.19.jar:/home/user/.m2/repository/com/sun/jersey/jersey-json/1.19/jersey-json-1.19.jar:/home/user/.m2/repository/org/codehaus/jettison/jettison/1.1/jettison-1.1.jar:/home/user/.m2/repository/org/codehaus/jackson/jackson-core-asl/1.9.13/jackson-core-asl-1.9.13.jar:/home/user/.m2/repository/org/codehaus/jackson/jackson-mapper-asl/1.9.13/jackson-mapper-asl-1.9.13.jar:/home/user/.m2/repository/org/codehaus/jackson/jackson-jaxrs/1.9.13/jackson-jaxrs-1.9.13.jar:/home/user/.m2/repository/org/codehaus/jackson/jackson-xc/1.9.13/jackson-xc-1.9.13.jar:/home/user/.m2/repository/commons-logging/commons-logging/1.1.3/commons-logging-1.1.3.jar:/home/user/.m2/repository/commons-beanutils/commons-beanutils/1.9.4/commons-beanutils-1.9.4.jar:/home/user/.m2/repository/org/apache/commons/commons-configuration2/2.1.1/commons-configuration2-2.1.1.jar:/home/user/.m2/repository/org/apache/commons/commons-lang3/3.7/commons-lang3-3.7.jar:/home/user/.m2/repository/org/apache/commons/commons-text/1.4/commons-text-1.4.jar:/home/user/.m2/repository/org/apache/avro/avro/1.7.7/avro-1.7.7.jar:/home/user/.m2/repository/com/thoughtworks/paranamer/paranamer/2.3/paranamer-2.3.jar:/home/user/.m2/repository/org/xerial/snappy/snappy-java/1.0.5/snappy-java-1.0.5.jar:/home/user/.m2/repository/com/google/re2j/re2j/1.1/re2j-1.1.jar:/home/user/.m2/repository/com/google/code/gson/gson/2.2.4/gson-2.2.4.jar:/home/user/.m2/repository/com/jcraft/jsch/0.1.54/jsch-0.1.54.jar:/home/user/.m2/repository/org/apache/curator/curator-client/2.12.0/curator-client-2.12.0.jar:/home/user/.m2/repository/org/apache/curator/curator-recipes/2.12.0/curator-recipes-2.12.0.jar:/home/user/.m2/repository/com/google/code/findbugs/jsr305/3.0.0/jsr305-3.0.0.jar:/home/user/.m2/repository/org/apache/htrace/htrace-core4/4.1.0-incubating/htrace-core4-4.1.0-incubating.jar:/home/user/.m2/repository/org/apache/zookeeper/zookeeper/3.4.13/zookeeper-3.4.13.jar:/home/user/.m2/repository/jline/jline/0.9.94/jline-0.9.94.jar:/home/user/.m2/repository/org/apache/yetus/audience-annotations/0.5.0/audience-annotations-0.5.0.jar:/home/user/.m2/repository/org/codehaus/woodstox/stax2-api/3.1.4/stax2-api-3.1.4.jar:/home/user/.m2/repository/com/fasterxml/woodstox/woodstox-core/5.0.3/woodstox-core-5.0.3.jar:/home/user/.m2/repository/dnsjava/dnsjava/2.1.7/dnsjava-2.1.7.jar:/home/user/.m2/repository/org/apache/hadoop/hadoop-hdfs/3.2.0/hadoop-hdfs-3.2.0-tests.jar:/home/user/.m2/repository/org/eclipse/jetty/jetty-util-ajax/9.3.25.v20180904/jetty-util-ajax-9.3.25.v20180904.jar:/home/user/.m2/repository/commons-daemon/commons-daemon/1.0.13/commons-daemon-1.0.13.jar:/home/user/.m2/repository/io/netty/netty/3.10.5.Final/netty-3.10.5.Final.jar:/home/user/.m2/repository/io/netty/netty-all/4.0.52.Final/netty-all-4.0.52.Final.jar:/home/user/.m2/repository/org/fusesource/leveldbjni/leveldbjni-all/1.8/leveldbjni-all-1.8.jar:"/>
    <property name="sun.cpu.endian" value="little"/>
    <property name="user.home" value="/home/user"/>
    <property name="user.language" value="en"/>
    <property name="java.specification.vendor" value="Oracle Corporation"/>
    <property name="java.home" value="/usr/lib/jvm/java-1.8-openjdk/jre"/>
    <property name="java.security.krb5.conf" value="/workdir/hadoop-ozone/integration-test/target/test-classes/krb5.conf"/>
    <property name="basedir" value="/workdir/hadoop-ozone/integration-test"/>
    <property name="file.separator" value="/"/>
    <property name="line.separator" value="&#10;"/>
    <property name="java.vm.specification.vendor" value="Oracle Corporation"/>
    <property name="java.specification.name" value="Java Platform API Specification"/>
    <property name="java.awt.graphicsenv" value="sun.awt.X11GraphicsEnvironment"/>
    <property name="surefire.real.class.path" value="/workdir/hadoop-ozone/integration-test/target/surefire/surefirebooter8258339298403407658.jar"/>
    <property name="hadoop.log.dir" value="/workdir/hadoop-ozone/integration-test/target/log"/>
    <property name="sun.boot.class.path" value="/usr/lib/jvm/java-1.8-openjdk/jre/lib/resources.jar:/usr/lib/jvm/java-1.8-openjdk/jre/lib/rt.jar:/usr/lib/jvm/java-1.8-openjdk/jre/lib/sunrsasign.jar:/usr/lib/jvm/java-1.8-openjdk/jre/lib/jsse.jar:/usr/lib/jvm/java-1.8-openjdk/jre/lib/jce.jar:/usr/lib/jvm/java-1.8-openjdk/jre/lib/charsets.jar:/usr/lib/jvm/java-1.8-openjdk/jre/lib/jfr.jar:/usr/lib/jvm/java-1.8-openjdk/jre/classes"/>
    <property name="sun.management.compiler" value="HotSpot 64-Bit Tiered Compilers"/>
    <property name="java.runtime.version" value="1.8.0_212-b04"/>
    <property name="java.net.preferIPv4Stack" value="true"/>
    <property name="user.name" value="jenkins1000"/>
    <property name="path.separator" value=":"/>
    <property name="java.security.egd" value="file:///dev/urandom"/>
    <property name="os.version" value="3.10.0-957.12.2.el7.x86_64"/>
    <property name="java.endorsed.dirs" value="/usr/lib/jvm/java-1.8-openjdk/jre/lib/endorsed"/>
    <property name="java.runtime.name" value="OpenJDK Runtime Environment"/>
    <property name="file.encoding" value="UTF-8"/>
    <property name="java.vm.name" value="OpenJDK 64-Bit Server VM"/>
    <property name="test.build.webapps" value=""/>
    <property name="localRepository" value="/home/user/.m2/repository"/>
    <property name="java.vendor.url.bug" value="https://icedtea.classpath.org/bugzilla"/>
    <property name="java.io.tmpdir" value="/tmp"/>
    <property name="require.test.libhadoop" value=""/>
    <property name="java.version" value="1.8.0_212"/>
    <property name="user.dir" value="/workdir/hadoop-ozone/integration-test"/>
    <property name="os.arch" value="amd64"/>
    <property name="java.vm.specification.name" value="Java Virtual Machine Specification"/>
    <property name="test.build.classes" value="/workdir/hadoop-ozone/integration-test/target/test-classes"/>
    <property name="java.awt.printerjob" value="sun.print.PSPrinterJob"/>
    <property name="sun.os.patch.level" value="unknown"/>
    <property name="hadoop.tmp.dir" value="/workdir/hadoop-ozone/integration-test/target/tmp"/>
    <property name="java.library.path" value="/usr/lib/jvm/java-1.8-openjdk/jre/lib/amd64/server:/usr/lib/jvm/java-1.8-openjdk/jre/lib/amd64:/usr/lib/jvm/java-1.8-openjdk/jre/../lib/amd64:/workdir/hadoop-ozone/integration-test/target/native/target/usr/local/lib:/workdir/hadoop-ozone/integration-test/../../hadoop-common-project/hadoop-common/target/native/target/usr/local/lib:/usr/java/packages/lib/amd64:/usr/lib64:/lib64:/lib:/usr/lib"/>
    <property name="java.vm.info" value="mixed mode"/>
    <property name="java.vendor" value="IcedTea"/>
    <property name="java.vm.version" value="25.212-b04"/>
    <property name="java.ext.dirs" value="/usr/lib/jvm/java-1.8-openjdk/jre/lib/ext:/usr/java/packages/lib/ext"/>
    <property name="sun.io.unicode.encoding" value="UnicodeLittle"/>
    <property name="java.class.version" value="52.0"/>
  </properties>
  <testcase name="testWatchForCommitWithKeyWrite" classname="org.apache.hadoop.ozone.client.rpc.TestWatchForCommit" time="58.954"/>
  <testcase name="testWatchForCommitWithSmallerTimeoutValue" classname="org.apache.hadoop.ozone.client.rpc.TestWatchForCommit" time="43.079"/>
  <testcase name="testWatchForCommitForRetryfailure" classname="org.apache.hadoop.ozone.client.rpc.TestWatchForCommit" time="72.522"/>
  <testcase name="testWatchForCommitForGroupMismatchException" classname="org.apache.hadoop.ozone.client.rpc.TestWatchForCommit" time="38.627"/>
  <testcase name="test2WayCommitForTimeoutException" classname="org.apache.hadoop.ozone.client.rpc.TestWatchForCommit" time="24.125">
    <error type="java.util.concurrent.TimeoutException">java.util.concurrent.TimeoutException
	at java.util.concurrent.CompletableFuture.timedGet(CompletableFuture.java:1771)
	at java.util.concurrent.CompletableFuture.get(CompletableFuture.java:1915)
	at org.apache.hadoop.hdds.scm.XceiverClientRatis.watchForCommit(XceiverClientRatis.java:275)
	at org.apache.hadoop.ozone.client.rpc.TestWatchForCommit.test2WayCommitForTimeoutException(TestWatchForCommit.java:391)
	at sun.reflect.NativeMethodAccessorImpl.invoke0(Native Method)
	at sun.reflect.NativeMethodAccessorImpl.invoke(NativeMethodAccessorImpl.java:62)
	at sun.reflect.DelegatingMethodAccessorImpl.invoke(DelegatingMethodAccessorImpl.java:43)
	at java.lang.reflect.Method.invoke(Method.java:498)
	at org.junit.runners.model.FrameworkMethod$1.runReflectiveCall(FrameworkMethod.java:47)
	at org.junit.internal.runners.model.ReflectiveCallable.run(ReflectiveCallable.java:12)
	at org.junit.runners.model.FrameworkMethod.invokeExplosively(FrameworkMethod.java:44)
	at org.junit.internal.runners.statements.InvokeMethod.evaluate(InvokeMethod.java:17)
	at org.junit.runners.ParentRunner.runLeaf(ParentRunner.java:271)
	at org.junit.runners.BlockJUnit4ClassRunner.runChild(BlockJUnit4ClassRunner.java:70)
	at org.junit.runners.BlockJUnit4ClassRunner.runChild(BlockJUnit4ClassRunner.java:50)
	at org.junit.runners.ParentRunner$3.run(ParentRunner.java:238)
	at org.junit.runners.ParentRunner$1.schedule(ParentRunner.java:63)
	at org.junit.runners.ParentRunner.runChildren(ParentRunner.java:236)
	at org.junit.runners.ParentRunner.access$000(ParentRunner.java:53)
	at org.junit.runners.ParentRunner$2.evaluate(ParentRunner.java:229)
	at org.junit.runners.ParentRunner.run(ParentRunner.java:309)
	at org.apache.maven.surefire.junit4.JUnit4Provider.execute(JUnit4Provider.java:365)
	at org.apache.maven.surefire.junit4.JUnit4Provider.executeWithRerun(JUnit4Provider.java:273)
	at org.apache.maven.surefire.junit4.JUnit4Provider.executeTestSet(JUnit4Provider.java:238)
	at org.apache.maven.surefire.junit4.JUnit4Provider.invoke(JUnit4Provider.java:159)
	at org.apache.maven.surefire.booter.ForkedBooter.invokeProviderInSameClassLoader(ForkedBooter.java:384)
	at org.apache.maven.surefire.booter.ForkedBooter.runSuitesInProcess(ForkedBooter.java:345)
	at org.apache.maven.surefire.booter.ForkedBooter.execute(ForkedBooter.java:126)
	at org.apache.maven.surefire.booter.ForkedBooter.main(ForkedBooter.java:418)
</error>
    <system-out><![CDATA[2019-10-07 08:36:57,662 [main] WARN  server.ServerUtils (ServerUtils.java:getScmDbDir(145)) - ozone.scm.db.dirs is not configured. We recommend adding this setting. Falling back to ozone.metadata.dirs instead.
2019-10-07 08:36:57,688 [main] WARN  server.ServerUtils (ServerUtils.java:getScmDbDir(145)) - ozone.scm.db.dirs is not configured. We recommend adding this setting. Falling back to ozone.metadata.dirs instead.
2019-10-07 08:36:57,688 [main] WARN  server.ServerUtils (ServerUtils.java:getScmDbDir(145)) - ozone.scm.db.dirs is not configured. We recommend adding this setting. Falling back to ozone.metadata.dirs instead.
2019-10-07 08:36:57,689 [main] INFO  db.DBStoreBuilder (DBStoreBuilder.java:addTable(117)) - using custom profile for table: deletedBlocks
2019-10-07 08:36:57,689 [main] INFO  db.DBStoreBuilder (DBStoreBuilder.java:processTables(168)) - Using default column profile:DBProfile.DISK for Table:deletedBlocks
2019-10-07 08:36:57,690 [main] INFO  db.DBStoreBuilder (DBStoreBuilder.java:addTable(117)) - using custom profile for table: validCerts
2019-10-07 08:36:57,690 [main] INFO  db.DBStoreBuilder (DBStoreBuilder.java:processTables(168)) - Using default column profile:DBProfile.DISK for Table:validCerts
2019-10-07 08:36:57,690 [main] INFO  db.DBStoreBuilder (DBStoreBuilder.java:addTable(117)) - using custom profile for table: revokedCerts
2019-10-07 08:36:57,690 [main] INFO  db.DBStoreBuilder (DBStoreBuilder.java:processTables(168)) - Using default column profile:DBProfile.DISK for Table:revokedCerts
2019-10-07 08:36:57,691 [main] INFO  db.DBStoreBuilder (DBStoreBuilder.java:addTable(117)) - using custom profile for table: default
2019-10-07 08:36:57,691 [main] INFO  db.DBStoreBuilder (DBStoreBuilder.java:processTables(174)) - Using default column profile:DBProfile.DISK for Table:default
2019-10-07 08:36:57,691 [main] INFO  db.DBStoreBuilder (DBStoreBuilder.java:getDbProfile(205)) - Using default options. DBProfile.DISK
2019-10-07 08:36:58,058 [main] INFO  net.NodeSchemaLoader (NodeSchemaLoader.java:loadSchemaFromFile(125)) - Loading file from sun.misc.CompoundEnumeration@18e4674d
2019-10-07 08:36:58,058 [main] INFO  net.NodeSchemaLoader (NodeSchemaLoader.java:loadSchema(171)) - Loading network topology layer schema file
2019-10-07 08:36:58,064 [main] WARN  server.ServerUtils (ServerUtils.java:sanitizeUserArgs(70)) - ozone.scm.stale.node.interval value = 300000 is larger than max = 100000 based on the key value of ozone.scm.heartbeat.thread.interval, reset to the max value 100000.
2019-10-07 08:36:58,064 [main] WARN  server.ServerUtils (ServerUtils.java:sanitizeUserArgs(70)) - ozone.scm.stale.node.interval value = 300000 is larger than max = 100000 based on the key value of ozone.scm.heartbeat.thread.interval, reset to the max value 100000.
2019-10-07 08:36:58,065 [main] INFO  node.SCMNodeManager (SCMNodeManager.java:<init>(116)) - Entering startup safe mode.
2019-10-07 08:36:58,066 [main] INFO  algorithms.ContainerPlacementPolicyFactory (ContainerPlacementPolicyFactory.java:getPolicy(57)) - Create container placement policy of type org.apache.hadoop.hdds.scm.container.placement.algorithms.SCMContainerPlacementRandom
2019-10-07 08:36:58,066 [main] WARN  server.ServerUtils (ServerUtils.java:getScmDbDir(145)) - ozone.scm.db.dirs is not configured. We recommend adding this setting. Falling back to ozone.metadata.dirs instead.
2019-10-07 08:36:58,207 [main] INFO  pipeline.SCMPipelineManager (SCMPipelineManager.java:initializePipelineState(132)) - No pipeline exists in current db
2019-10-07 08:36:58,207 [main] WARN  server.ServerUtils (ServerUtils.java:getScmDbDir(145)) - ozone.scm.db.dirs is not configured. We recommend adding this setting. Falling back to ozone.metadata.dirs instead.
2019-10-07 08:36:58,318 [main] WARN  events.EventQueue (EventQueue.java:fireEvent(183)) - No event handler registered for event TypedEvent{payloadType=SafeModeStatus, name='SafeModeStatus'}
2019-10-07 08:36:58,319 [main] INFO  ipc.CallQueueManager (CallQueueManager.java:<init>(84)) - Using callQueue: class java.util.concurrent.LinkedBlockingQueue, queueCapacity: 2000, scheduler: class org.apache.hadoop.ipc.DefaultRpcScheduler, ipcBackoff: false.
2019-10-07 08:36:58,320 [Socket Reader #1 for port 34452] INFO  ipc.Server (Server.java:run(1074)) - Starting Socket Reader #1 for port 34452
2019-10-07 08:36:58,322 [main] INFO  ipc.CallQueueManager (CallQueueManager.java:<init>(84)) - Using callQueue: class java.util.concurrent.LinkedBlockingQueue, queueCapacity: 2000, scheduler: class org.apache.hadoop.ipc.DefaultRpcScheduler, ipcBackoff: false.
2019-10-07 08:36:58,322 [Socket Reader #1 for port 45067] INFO  ipc.Server (Server.java:run(1074)) - Starting Socket Reader #1 for port 45067
2019-10-07 08:36:58,324 [main] INFO  ipc.CallQueueManager (CallQueueManager.java:<init>(84)) - Using callQueue: class java.util.concurrent.LinkedBlockingQueue, queueCapacity: 2000, scheduler: class org.apache.hadoop.ipc.DefaultRpcScheduler, ipcBackoff: false.
2019-10-07 08:36:58,325 [Socket Reader #1 for port 41358] INFO  ipc.Server (Server.java:run(1074)) - Starting Socket Reader #1 for port 41358
2019-10-07 08:36:58,328 [main] INFO  hdfs.DFSUtil (DFSUtil.java:httpServerTemplateForNNAndJN(1641)) - Starting Web-server for scm at: http://0.0.0.0:0
2019-10-07 08:36:58,330 [main] INFO  server.AuthenticationFilter (AuthenticationFilter.java:constructSecretProvider(240)) - Unable to initialize FileSignerSecretProvider, falling back to use random secrets.
2019-10-07 08:36:58,330 [main] WARN  http.HttpRequestLog (HttpRequestLog.java:getRequestLog(97)) - Jetty request log can only be enabled using Log4j
2019-10-07 08:36:58,332 [main] INFO  http.HttpServer2 (HttpServer2.java:addGlobalFilter(975)) - Added global filter 'safety' (class=org.apache.hadoop.http.HttpServer2$QuotingInputFilter)
2019-10-07 08:36:58,333 [main] INFO  http.HttpServer2 (HttpServer2.java:addFilter(948)) - Added filter static_user_filter (class=org.apache.hadoop.http.lib.StaticUserWebFilter$StaticUserFilter) to context scm
2019-10-07 08:36:58,333 [main] INFO  http.HttpServer2 (HttpServer2.java:addFilter(958)) - Added filter static_user_filter (class=org.apache.hadoop.http.lib.StaticUserWebFilter$StaticUserFilter) to context logs
2019-10-07 08:36:58,333 [main] INFO  http.HttpServer2 (HttpServer2.java:addFilter(958)) - Added filter static_user_filter (class=org.apache.hadoop.http.lib.StaticUserWebFilter$StaticUserFilter) to context static
2019-10-07 08:36:58,335 [main] INFO  server.StorageContainerManager (StorageContainerManager.java:start(770)) - StorageContainerLocationProtocol RPC server is listening at /0.0.0.0:41358
2019-10-07 08:36:58,337 [main] WARN  impl.MetricsConfig (MetricsConfig.java:loadFirst(134)) - Cannot locate configuration: tried hadoop-metrics2-storagecontainermanager.properties,hadoop-metrics2.properties
2019-10-07 08:36:58,338 [main] INFO  impl.MetricsSystemImpl (MetricsSystemImpl.java:startTimer(374)) - Scheduled Metric snapshot period at 10 second(s).
2019-10-07 08:36:58,338 [main] INFO  impl.MetricsSystemImpl (MetricsSystemImpl.java:start(191)) - StorageContainerManager metrics system started
2019-10-07 08:36:58,398 [main] WARN  impl.MetricsSystemImpl (MetricsSystemImpl.java:register(276)) - Sink prometheus already exists!
2019-10-07 08:36:58,497 [main] INFO  server.SCMClientProtocolServer (SCMClientProtocolServer.java:start(159)) - RPC server for Client  is listening at /0.0.0.0:41358
2019-10-07 08:36:58,498 [IPC Server Responder] INFO  ipc.Server (Server.java:run(1314)) - IPC Server Responder: starting
2019-10-07 08:36:58,498 [IPC Server listener on 41358] INFO  ipc.Server (Server.java:run(1153)) - IPC Server listener on 41358: starting
2019-10-07 08:36:58,503 [main] INFO  server.StorageContainerManager (StorageContainerManager.java:start(780)) - ScmBlockLocationProtocol RPC server is listening at /0.0.0.0:45067
2019-10-07 08:36:58,503 [main] INFO  server.SCMBlockProtocolServer (SCMBlockProtocolServer.java:start(146)) - RPC server for Block Protocol is listening at /0.0.0.0:45067
2019-10-07 08:36:58,503 [IPC Server Responder] INFO  ipc.Server (Server.java:run(1314)) - IPC Server Responder: starting
2019-10-07 08:36:58,503 [IPC Server listener on 45067] INFO  ipc.Server (Server.java:run(1153)) - IPC Server listener on 45067: starting
2019-10-07 08:36:58,506 [main] INFO  server.StorageContainerManager (StorageContainerManager.java:start(784)) - ScmDatanodeProtocl RPC server is listening at /0.0.0.0:34452
2019-10-07 08:36:58,506 [main] INFO  server.SCMDatanodeProtocolServer (SCMDatanodeProtocolServer.java:start(169)) - RPC server for DataNodes is listening at /0.0.0.0:34452
2019-10-07 08:36:58,506 [IPC Server Responder] INFO  ipc.Server (Server.java:run(1314)) - IPC Server Responder: starting
2019-10-07 08:36:58,507 [IPC Server listener on 34452] INFO  ipc.Server (Server.java:run(1153)) - IPC Server listener on 34452: starting
2019-10-07 08:36:58,509 [main] INFO  http.HttpServer2 (HttpServer2.java:bindListener(1191)) - Jetty bound to port 42996
2019-10-07 08:36:58,509 [main] INFO  server.Server (Server.java:doStart(351)) - jetty-9.3.25.v20180904, build timestamp: 2018-09-04T21:11:46Z, git hash: 3ce520221d0240229c862b122d2b06c12a625732
2019-10-07 08:36:58,511 [main] INFO  handler.ContextHandler (ContextHandler.java:doStart(781)) - Started o.e.j.s.ServletContextHandler@580902cd{/logs,file:///workdir/hadoop-ozone/integration-test/target/log,AVAILABLE}
2019-10-07 08:36:58,511 [main] INFO  handler.ContextHandler (ContextHandler.java:doStart(781)) - Started o.e.j.s.ServletContextHandler@1653b84e{/static,file:///workdir/hadoop-ozone/integration-test/target/test-classes/webapps/static,AVAILABLE}
2019-10-07 08:36:58,514 [main] INFO  handler.ContextHandler (ContextHandler.java:doStart(781)) - Started o.e.j.w.WebAppContext@349c4d1c{/,file:///workdir/hadoop-ozone/integration-test/target/test-classes/webapps/scm/,AVAILABLE}{/scm}
2019-10-07 08:36:58,515 [main] INFO  server.AbstractConnector (AbstractConnector.java:doStart(278)) - Started ServerConnector@21edd891{HTTP/1.1,[http/1.1]}{0.0.0.0:42996}
2019-10-07 08:36:58,516 [main] INFO  server.Server (Server.java:doStart(419)) - Started @214476ms
2019-10-07 08:36:58,516 [main] WARN  impl.MetricsSystemImpl (MetricsSystemImpl.java:register(276)) - Sink prometheus already exists!
2019-10-07 08:36:58,516 [main] INFO  server.BaseHttpServer (BaseHttpServer.java:updateConnectorAddress(215)) - HTTP server of SCM is listening at http://0.0.0.0:42996
2019-10-07 08:36:58,517 [main] WARN  server.ServerUtils (ServerUtils.java:getDBPath(222)) - ozone.om.db.dirs is not configured. We recommend adding this setting. Falling back to ozone.metadata.dirs instead.
2019-10-07 08:36:58,517 [org.apache.hadoop.util.JvmPauseMonitor$Monitor@7971c2a9] INFO  util.JvmPauseMonitor (JvmPauseMonitor.java:run(188)) - Starting JVM pause monitor
2019-10-07 08:36:58,552 [main] INFO  ha.OMHANodeDetails (OMHANodeDetails.java:loadOMHAConfig(190)) - Configuration either no ozone.om.address set. Falling back to the default OM address /127.0.0.1:0
2019-10-07 08:36:58,553 [main] INFO  ha.OMHANodeDetails (OMHANodeDetails.java:getOMNodeDetails(220)) - OM Service ID is not set. Setting it to the default ID: omServiceIdDefault
2019-10-07 08:36:58,553 [main] WARN  server.ServerUtils (ServerUtils.java:getDBPath(222)) - ozone.om.db.dirs is not configured. We recommend adding this setting. Falling back to ozone.metadata.dirs instead.
2019-10-07 08:36:58,554 [main] WARN  server.ServerUtils (ServerUtils.java:getDBPath(222)) - ozone.om.db.dirs is not configured. We recommend adding this setting. Falling back to ozone.metadata.dirs instead.
2019-10-07 08:36:58,565 [main] WARN  server.ServerUtils (ServerUtils.java:getDBPath(222)) - ozone.om.db.dirs is not configured. We recommend adding this setting. Falling back to ozone.metadata.dirs instead.
2019-10-07 08:36:58,565 [main] INFO  db.DBStoreBuilder (DBStoreBuilder.java:addTable(117)) - using custom profile for table: userTable
2019-10-07 08:36:58,566 [main] INFO  db.DBStoreBuilder (DBStoreBuilder.java:processTables(168)) - Using default column profile:DBProfile.DISK for Table:userTable
2019-10-07 08:36:58,566 [main] INFO  db.DBStoreBuilder (DBStoreBuilder.java:addTable(117)) - using custom profile for table: volumeTable
2019-10-07 08:36:58,566 [main] INFO  db.DBStoreBuilder (DBStoreBuilder.java:processTables(168)) - Using default column profile:DBProfile.DISK for Table:volumeTable
2019-10-07 08:36:58,566 [main] INFO  db.DBStoreBuilder (DBStoreBuilder.java:addTable(117)) - using custom profile for table: bucketTable
2019-10-07 08:36:58,567 [main] INFO  db.DBStoreBuilder (DBStoreBuilder.java:processTables(168)) - Using default column profile:DBProfile.DISK for Table:bucketTable
2019-10-07 08:36:58,567 [main] INFO  db.DBStoreBuilder (DBStoreBuilder.java:addTable(117)) - using custom profile for table: keyTable
2019-10-07 08:36:58,567 [main] INFO  db.DBStoreBuilder (DBStoreBuilder.java:processTables(168)) - Using default column profile:DBProfile.DISK for Table:keyTable
2019-10-07 08:36:58,568 [main] INFO  db.DBStoreBuilder (DBStoreBuilder.java:addTable(117)) - using custom profile for table: deletedTable
2019-10-07 08:36:58,568 [main] INFO  db.DBStoreBuilder (DBStoreBuilder.java:processTables(168)) - Using default column profile:DBProfile.DISK for Table:deletedTable
2019-10-07 08:36:58,568 [main] INFO  db.DBStoreBuilder (DBStoreBuilder.java:addTable(117)) - using custom profile for table: openKeyTable
2019-10-07 08:36:58,568 [main] INFO  db.DBStoreBuilder (DBStoreBuilder.java:processTables(168)) - Using default column profile:DBProfile.DISK for Table:openKeyTable
2019-10-07 08:36:58,569 [main] INFO  db.DBStoreBuilder (DBStoreBuilder.java:addTable(117)) - using custom profile for table: s3Table
2019-10-07 08:36:58,569 [main] INFO  db.DBStoreBuilder (DBStoreBuilder.java:processTables(168)) - Using default column profile:DBProfile.DISK for Table:s3Table
2019-10-07 08:36:58,569 [main] INFO  db.DBStoreBuilder (DBStoreBuilder.java:addTable(117)) - using custom profile for table: multipartInfoTable
2019-10-07 08:36:58,569 [main] INFO  db.DBStoreBuilder (DBStoreBuilder.java:processTables(168)) - Using default column profile:DBProfile.DISK for Table:multipartInfoTable
2019-10-07 08:36:58,570 [main] INFO  db.DBStoreBuilder (DBStoreBuilder.java:addTable(117)) - using custom profile for table: dTokenTable
2019-10-07 08:36:58,570 [main] INFO  db.DBStoreBuilder (DBStoreBuilder.java:processTables(168)) - Using default column profile:DBProfile.DISK for Table:dTokenTable
2019-10-07 08:36:58,570 [main] INFO  db.DBStoreBuilder (DBStoreBuilder.java:addTable(117)) - using custom profile for table: s3SecretTable
2019-10-07 08:36:58,570 [main] INFO  db.DBStoreBuilder (DBStoreBuilder.java:processTables(168)) - Using default column profile:DBProfile.DISK for Table:s3SecretTable
2019-10-07 08:36:58,571 [main] INFO  db.DBStoreBuilder (DBStoreBuilder.java:addTable(117)) - using custom profile for table: prefixTable
2019-10-07 08:36:58,571 [main] INFO  db.DBStoreBuilder (DBStoreBuilder.java:processTables(168)) - Using default column profile:DBProfile.DISK for Table:prefixTable
2019-10-07 08:36:58,571 [main] INFO  db.DBStoreBuilder (DBStoreBuilder.java:addTable(117)) - using custom profile for table: default
2019-10-07 08:36:58,571 [main] INFO  db.DBStoreBuilder (DBStoreBuilder.java:processTables(174)) - Using default column profile:DBProfile.DISK for Table:default
2019-10-07 08:36:58,572 [main] INFO  db.DBStoreBuilder (DBStoreBuilder.java:getDbProfile(205)) - Using default options. DBProfile.DISK
2019-10-07 08:36:59,436 [main] INFO  ipc.CallQueueManager (CallQueueManager.java:<init>(84)) - Using callQueue: class java.util.concurrent.LinkedBlockingQueue, queueCapacity: 2000, scheduler: class org.apache.hadoop.ipc.DefaultRpcScheduler, ipcBackoff: false.
2019-10-07 08:36:59,437 [Socket Reader #1 for port 36774] INFO  ipc.Server (Server.java:run(1074)) - Starting Socket Reader #1 for port 36774
2019-10-07 08:36:59,456 [main] INFO  om.OzoneManager (OzoneManager.java:start(1069)) - OzoneManager RPC server is listening at localhost/127.0.0.1:36774
2019-10-07 08:36:59,456 [main] INFO  impl.MetricsSystemImpl (MetricsSystemImpl.java:init(158)) - OzoneManager metrics system started (again)
2019-10-07 08:36:59,457 [IPC Server Responder] INFO  ipc.Server (Server.java:run(1314)) - IPC Server Responder: starting
2019-10-07 08:36:59,457 [IPC Server listener on 36774] INFO  ipc.Server (Server.java:run(1153)) - IPC Server listener on 36774: starting
2019-10-07 08:36:59,464 [main] INFO  hdfs.DFSUtil (DFSUtil.java:httpServerTemplateForNNAndJN(1641)) - Starting Web-server for ozoneManager at: http://0.0.0.0:0
2019-10-07 08:36:59,465 [main] INFO  server.AuthenticationFilter (AuthenticationFilter.java:constructSecretProvider(240)) - Unable to initialize FileSignerSecretProvider, falling back to use random secrets.
2019-10-07 08:36:59,465 [main] WARN  http.HttpRequestLog (HttpRequestLog.java:getRequestLog(97)) - Jetty request log can only be enabled using Log4j
2019-10-07 08:36:59,467 [main] INFO  http.HttpServer2 (HttpServer2.java:addGlobalFilter(975)) - Added global filter 'safety' (class=org.apache.hadoop.http.HttpServer2$QuotingInputFilter)
2019-10-07 08:36:59,467 [main] INFO  http.HttpServer2 (HttpServer2.java:addFilter(948)) - Added filter static_user_filter (class=org.apache.hadoop.http.lib.StaticUserWebFilter$StaticUserFilter) to context ozoneManager
2019-10-07 08:36:59,467 [main] INFO  http.HttpServer2 (HttpServer2.java:addFilter(958)) - Added filter static_user_filter (class=org.apache.hadoop.http.lib.StaticUserWebFilter$StaticUserFilter) to context static
2019-10-07 08:36:59,467 [main] INFO  http.HttpServer2 (HttpServer2.java:addFilter(958)) - Added filter static_user_filter (class=org.apache.hadoop.http.lib.StaticUserWebFilter$StaticUserFilter) to context logs
2019-10-07 08:36:59,468 [main] INFO  http.HttpServer2 (HttpServer2.java:bindListener(1191)) - Jetty bound to port 39588
2019-10-07 08:36:59,468 [main] INFO  server.Server (Server.java:doStart(351)) - jetty-9.3.25.v20180904, build timestamp: 2018-09-04T21:11:46Z, git hash: 3ce520221d0240229c862b122d2b06c12a625732
2019-10-07 08:36:59,470 [main] INFO  handler.ContextHandler (ContextHandler.java:doStart(781)) - Started o.e.j.s.ServletContextHandler@6424e613{/logs,file:///workdir/hadoop-ozone/integration-test/target/log,AVAILABLE}
2019-10-07 08:36:59,470 [main] INFO  handler.ContextHandler (ContextHandler.java:doStart(781)) - Started o.e.j.s.ServletContextHandler@8e99809{/static,file:///workdir/hadoop-ozone/integration-test/target/test-classes/webapps/static,AVAILABLE}
2019-10-07 08:36:59,473 [main] INFO  handler.ContextHandler (ContextHandler.java:doStart(781)) - Started o.e.j.w.WebAppContext@299b9851{/,file:///workdir/hadoop-ozone/integration-test/target/test-classes/webapps/ozoneManager/,AVAILABLE}{/ozoneManager}
2019-10-07 08:36:59,473 [main] INFO  server.AbstractConnector (AbstractConnector.java:doStart(278)) - Started ServerConnector@191a0351{HTTP/1.1,[http/1.1]}{0.0.0.0:39588}
2019-10-07 08:36:59,475 [main] INFO  server.Server (Server.java:doStart(419)) - Started @215435ms
2019-10-07 08:36:59,475 [main] WARN  impl.MetricsSystemImpl (MetricsSystemImpl.java:register(276)) - Sink prometheus already exists!
2019-10-07 08:36:59,477 [main] INFO  server.BaseHttpServer (BaseHttpServer.java:updateConnectorAddress(215)) - HTTP server of OZONEMANAGER is listening at http://0.0.0.0:39588
2019-10-07 08:36:59,502 [main] INFO  impl.MetricsSystemImpl (MetricsSystemImpl.java:init(158)) - HddsDatanode metrics system started (again)
2019-10-07 08:36:59,508 [main] INFO  ozone.HddsDatanodeService (HddsDatanodeService.java:start(184)) - HddsDatanodeService host:pr-hdds-2238-79fll-759901082 ip:192.168.164.213
2019-10-07 08:36:59,515 [main] INFO  volume.HddsVolume (HddsVolume.java:<init>(176)) - Creating Volume: /workdir/hadoop-ozone/integration-test/target/test-dir/MiniOzoneClusterImpl-eeb6af2b-3ac5-495a-9d4c-d36463802584/datanode-0/data/containers/hdds of  storage type : DISK and capacity : 1482555576320
2019-10-07 08:36:59,516 [main] INFO  volume.VolumeSet (VolumeSet.java:initializeVolumeSet(170)) - Added Volume : /workdir/hadoop-ozone/integration-test/target/test-dir/MiniOzoneClusterImpl-eeb6af2b-3ac5-495a-9d4c-d36463802584/datanode-0/data/containers/hdds to VolumeSet
2019-10-07 08:36:59,516 [main] INFO  volume.ThrottledAsyncChecker (ThrottledAsyncChecker.java:schedule(139)) - Scheduling a check for org.apache.hadoop.ozone.container.common.volume.HddsVolume@1cd2143b
2019-10-07 08:36:59,517 [main] INFO  volume.HddsVolumeChecker (HddsVolumeChecker.java:checkAllVolumes(202)) - Scheduled health check for volume org.apache.hadoop.ozone.container.common.volume.HddsVolume@1cd2143b
2019-10-07 08:36:59,532 [main] INFO  impl.RaftServerProxy (ConfUtils.java:logGet(43)) - raft.rpc.type = GRPC (default)
2019-10-07 08:36:59,533 [main] INFO  grpc.GrpcFactory (GrpcFactory.java:checkPooledByteBufAllocatorUseCacheForAllThreads(45)) - PERFORMANCE WARNING: useCacheForAllThreads is true that may cause Netty to create a lot garbage objects and, as a result, trigger GC.
	It is recommended to disable useCacheForAllThreads by setting -Dorg.apache.ratis.thirdparty.io.netty.allocator.useCacheForAllThreads=false in command line.
2019-10-07 08:36:59,533 [main] INFO  grpc.GrpcConfigKeys$Server (ConfUtils.java:logGet(43)) - raft.grpc.server.port = 0 (default)
2019-10-07 08:36:59,533 [main] INFO  server.GrpcService (ConfUtils.java:logGet(43)) - raft.grpc.message.size.max = 33570816 (custom)
2019-10-07 08:36:59,533 [main] INFO  server.RaftServerConfigKeys (ConfUtils.java:logGet(43)) - raft.server.log.appender.buffer.byte-limit = 33554432 (custom)
2019-10-07 08:36:59,533 [main] INFO  server.GrpcService (ConfUtils.java:logGet(43)) - raft.grpc.flow.control.window = 1MB (=1048576) (default)
2019-10-07 08:36:59,534 [main] INFO  server.RaftServerConfigKeys (ConfUtils.java:logGet(43)) - raft.server.rpc.request.timeout = 3000ms (default)
2019-10-07 08:36:59,534 [main] INFO  server.RaftServerConfigKeys (ConfUtils.java:logGet(43)) - raft.server.storage.dir = [/workdir/hadoop-ozone/integration-test/target/test-dir/MiniOzoneClusterImpl-eeb6af2b-3ac5-495a-9d4c-d36463802584/datanode-0/data/ratis] (custom)
2019-10-07 08:36:59,536 [main] INFO  hdfs.DFSUtil (DFSUtil.java:httpServerTemplateForNNAndJN(1641)) - Starting Web-server for hddsDatanode at: http://0.0.0.0:0
2019-10-07 08:36:59,537 [main] INFO  server.AuthenticationFilter (AuthenticationFilter.java:constructSecretProvider(240)) - Unable to initialize FileSignerSecretProvider, falling back to use random secrets.
2019-10-07 08:36:59,538 [main] WARN  http.HttpRequestLog (HttpRequestLog.java:getRequestLog(97)) - Jetty request log can only be enabled using Log4j
2019-10-07 08:36:59,539 [main] INFO  http.HttpServer2 (HttpServer2.java:addGlobalFilter(975)) - Added global filter 'safety' (class=org.apache.hadoop.http.HttpServer2$QuotingInputFilter)
2019-10-07 08:36:59,540 [main] INFO  http.HttpServer2 (HttpServer2.java:addFilter(948)) - Added filter static_user_filter (class=org.apache.hadoop.http.lib.StaticUserWebFilter$StaticUserFilter) to context hddsDatanode
2019-10-07 08:36:59,540 [main] INFO  http.HttpServer2 (HttpServer2.java:addFilter(958)) - Added filter static_user_filter (class=org.apache.hadoop.http.lib.StaticUserWebFilter$StaticUserFilter) to context static
2019-10-07 08:36:59,540 [main] INFO  http.HttpServer2 (HttpServer2.java:addFilter(958)) - Added filter static_user_filter (class=org.apache.hadoop.http.lib.StaticUserWebFilter$StaticUserFilter) to context logs
2019-10-07 08:36:59,541 [main] INFO  http.HttpServer2 (HttpServer2.java:bindListener(1191)) - Jetty bound to port 40251
2019-10-07 08:36:59,541 [main] INFO  server.Server (Server.java:doStart(351)) - jetty-9.3.25.v20180904, build timestamp: 2018-09-04T21:11:46Z, git hash: 3ce520221d0240229c862b122d2b06c12a625732
2019-10-07 08:36:59,543 [main] INFO  handler.ContextHandler (ContextHandler.java:doStart(781)) - Started o.e.j.s.ServletContextHandler@75882261{/logs,file:///workdir/hadoop-ozone/integration-test/target/log,AVAILABLE}
2019-10-07 08:36:59,544 [main] INFO  handler.ContextHandler (ContextHandler.java:doStart(781)) - Started o.e.j.s.ServletContextHandler@615efd1c{/static,jar:file:/home/user/.m2/repository/org/apache/hadoop/hadoop-hdds-container-service/0.5.0-SNAPSHOT/hadoop-hdds-container-service-0.5.0-SNAPSHOT.jar!/webapps/static,AVAILABLE}
2019-10-07 08:36:59,577 [main] INFO  handler.ContextHandler (ContextHandler.java:doStart(781)) - Started o.e.j.w.WebAppContext@6da54910{/,file:///tmp/jetty-0.0.0.0-40251-hddsDatanode-_-any-1416378110043235338.dir/webapp/,AVAILABLE}{/hddsDatanode}
2019-10-07 08:36:59,578 [main] INFO  server.AbstractConnector (AbstractConnector.java:doStart(278)) - Started ServerConnector@1bd8afc8{HTTP/1.1,[http/1.1]}{0.0.0.0:40251}
2019-10-07 08:36:59,579 [main] INFO  server.Server (Server.java:doStart(419)) - Started @215540ms
2019-10-07 08:36:59,579 [main] WARN  impl.MetricsSystemImpl (MetricsSystemImpl.java:register(276)) - Sink prometheus already exists!
2019-10-07 08:36:59,580 [main] INFO  server.BaseHttpServer (BaseHttpServer.java:updateConnectorAddress(215)) - HTTP server of HDDSDATANODE is listening at http://0.0.0.0:40251
2019-10-07 08:36:59,580 [main] INFO  impl.MetricsSystemImpl (MetricsSystemImpl.java:init(158)) - HddsDatanode metrics system started (again)
2019-10-07 08:36:59,584 [org.apache.hadoop.util.JvmPauseMonitor$Monitor@4c7e7df] INFO  util.JvmPauseMonitor (JvmPauseMonitor.java:run(188)) - Starting JVM pause monitor
2019-10-07 08:36:59,584 [main] INFO  ozone.HddsDatanodeService (HddsDatanodeService.java:start(184)) - HddsDatanodeService host:pr-hdds-2238-79fll-759901082 ip:192.168.164.213
2019-10-07 08:36:59,587 [Datanode State Machine Thread - 0] INFO  datanode.InitDatanodeState (InitDatanodeState.java:persistContainerDatanodeDetails(140)) - DatanodeDetails is persisted to /workdir/hadoop-ozone/integration-test/target/test-dir/MiniOzoneClusterImpl-eeb6af2b-3ac5-495a-9d4c-d36463802584/datanode-0/meta/datanode.id
2019-10-07 08:36:59,591 [main] INFO  volume.HddsVolume (HddsVolume.java:<init>(176)) - Creating Volume: /workdir/hadoop-ozone/integration-test/target/test-dir/MiniOzoneClusterImpl-eeb6af2b-3ac5-495a-9d4c-d36463802584/datanode-1/data/containers/hdds of  storage type : DISK and capacity : 1482555576320
2019-10-07 08:36:59,591 [main] INFO  volume.VolumeSet (VolumeSet.java:initializeVolumeSet(170)) - Added Volume : /workdir/hadoop-ozone/integration-test/target/test-dir/MiniOzoneClusterImpl-eeb6af2b-3ac5-495a-9d4c-d36463802584/datanode-1/data/containers/hdds to VolumeSet
2019-10-07 08:36:59,591 [main] INFO  volume.ThrottledAsyncChecker (ThrottledAsyncChecker.java:schedule(139)) - Scheduling a check for org.apache.hadoop.ozone.container.common.volume.HddsVolume@7b96de8d
2019-10-07 08:36:59,591 [main] INFO  volume.HddsVolumeChecker (HddsVolumeChecker.java:checkAllVolumes(202)) - Scheduled health check for volume org.apache.hadoop.ozone.container.common.volume.HddsVolume@7b96de8d
2019-10-07 08:36:59,604 [main] INFO  impl.RaftServerProxy (ConfUtils.java:logGet(43)) - raft.rpc.type = GRPC (default)
2019-10-07 08:36:59,605 [main] INFO  grpc.GrpcFactory (GrpcFactory.java:checkPooledByteBufAllocatorUseCacheForAllThreads(45)) - PERFORMANCE WARNING: useCacheForAllThreads is true that may cause Netty to create a lot garbage objects and, as a result, trigger GC.
	It is recommended to disable useCacheForAllThreads by setting -Dorg.apache.ratis.thirdparty.io.netty.allocator.useCacheForAllThreads=false in command line.
2019-10-07 08:36:59,605 [main] INFO  grpc.GrpcConfigKeys$Server (ConfUtils.java:logGet(43)) - raft.grpc.server.port = 0 (default)
2019-10-07 08:36:59,605 [main] INFO  server.GrpcService (ConfUtils.java:logGet(43)) - raft.grpc.message.size.max = 33570816 (custom)
2019-10-07 08:36:59,605 [main] INFO  server.RaftServerConfigKeys (ConfUtils.java:logGet(43)) - raft.server.log.appender.buffer.byte-limit = 33554432 (custom)
2019-10-07 08:36:59,605 [main] INFO  server.GrpcService (ConfUtils.java:logGet(43)) - raft.grpc.flow.control.window = 1MB (=1048576) (default)
2019-10-07 08:36:59,606 [main] INFO  server.RaftServerConfigKeys (ConfUtils.java:logGet(43)) - raft.server.rpc.request.timeout = 3000ms (default)
2019-10-07 08:36:59,606 [main] INFO  server.RaftServerConfigKeys (ConfUtils.java:logGet(43)) - raft.server.storage.dir = [/workdir/hadoop-ozone/integration-test/target/test-dir/MiniOzoneClusterImpl-eeb6af2b-3ac5-495a-9d4c-d36463802584/datanode-1/data/ratis] (custom)
2019-10-07 08:36:59,607 [main] INFO  hdfs.DFSUtil (DFSUtil.java:httpServerTemplateForNNAndJN(1641)) - Starting Web-server for hddsDatanode at: http://0.0.0.0:0
2019-10-07 08:36:59,608 [main] INFO  server.AuthenticationFilter (AuthenticationFilter.java:constructSecretProvider(240)) - Unable to initialize FileSignerSecretProvider, falling back to use random secrets.
2019-10-07 08:36:59,608 [main] WARN  http.HttpRequestLog (HttpRequestLog.java:getRequestLog(97)) - Jetty request log can only be enabled using Log4j
2019-10-07 08:36:59,609 [main] INFO  http.HttpServer2 (HttpServer2.java:addGlobalFilter(975)) - Added global filter 'safety' (class=org.apache.hadoop.http.HttpServer2$QuotingInputFilter)
2019-10-07 08:36:59,610 [main] INFO  http.HttpServer2 (HttpServer2.java:addFilter(948)) - Added filter static_user_filter (class=org.apache.hadoop.http.lib.StaticUserWebFilter$StaticUserFilter) to context hddsDatanode
2019-10-07 08:36:59,610 [main] INFO  http.HttpServer2 (HttpServer2.java:addFilter(958)) - Added filter static_user_filter (class=org.apache.hadoop.http.lib.StaticUserWebFilter$StaticUserFilter) to context static
2019-10-07 08:36:59,610 [main] INFO  http.HttpServer2 (HttpServer2.java:addFilter(958)) - Added filter static_user_filter (class=org.apache.hadoop.http.lib.StaticUserWebFilter$StaticUserFilter) to context logs
2019-10-07 08:36:59,611 [main] INFO  http.HttpServer2 (HttpServer2.java:bindListener(1191)) - Jetty bound to port 46549
2019-10-07 08:36:59,611 [main] INFO  server.Server (Server.java:doStart(351)) - jetty-9.3.25.v20180904, build timestamp: 2018-09-04T21:11:46Z, git hash: 3ce520221d0240229c862b122d2b06c12a625732
2019-10-07 08:36:59,612 [main] INFO  handler.ContextHandler (ContextHandler.java:doStart(781)) - Started o.e.j.s.ServletContextHandler@7d30007d{/logs,file:///workdir/hadoop-ozone/integration-test/target/log,AVAILABLE}
2019-10-07 08:36:59,613 [main] INFO  handler.ContextHandler (ContextHandler.java:doStart(781)) - Started o.e.j.s.ServletContextHandler@2ca54da9{/static,jar:file:/home/user/.m2/repository/org/apache/hadoop/hadoop-hdds-container-service/0.5.0-SNAPSHOT/hadoop-hdds-container-service-0.5.0-SNAPSHOT.jar!/webapps/static,AVAILABLE}
2019-10-07 08:36:59,642 [main] INFO  handler.ContextHandler (ContextHandler.java:doStart(781)) - Started o.e.j.w.WebAppContext@8b13d91{/,file:///tmp/jetty-0.0.0.0-46549-hddsDatanode-_-any-2488421298814198902.dir/webapp/,AVAILABLE}{/hddsDatanode}
2019-10-07 08:36:59,642 [main] INFO  server.AbstractConnector (AbstractConnector.java:doStart(278)) - Started ServerConnector@285a4fe3{HTTP/1.1,[http/1.1]}{0.0.0.0:46549}
2019-10-07 08:36:59,643 [main] INFO  server.Server (Server.java:doStart(419)) - Started @215604ms
2019-10-07 08:36:59,644 [main] WARN  impl.MetricsSystemImpl (MetricsSystemImpl.java:register(276)) - Sink prometheus already exists!
2019-10-07 08:36:59,644 [main] INFO  server.BaseHttpServer (BaseHttpServer.java:updateConnectorAddress(215)) - HTTP server of HDDSDATANODE is listening at http://0.0.0.0:46549
2019-10-07 08:36:59,644 [main] INFO  impl.MetricsSystemImpl (MetricsSystemImpl.java:init(158)) - HddsDatanode metrics system started (again)
2019-10-07 08:36:59,649 [org.apache.hadoop.util.JvmPauseMonitor$Monitor@276c51e5] INFO  util.JvmPauseMonitor (JvmPauseMonitor.java:run(188)) - Starting JVM pause monitor
2019-10-07 08:36:59,649 [main] INFO  ozone.HddsDatanodeService (HddsDatanodeService.java:start(184)) - HddsDatanodeService host:pr-hdds-2238-79fll-759901082 ip:192.168.164.213
2019-10-07 08:36:59,650 [Datanode State Machine Thread - 0] INFO  datanode.InitDatanodeState (InitDatanodeState.java:persistContainerDatanodeDetails(140)) - DatanodeDetails is persisted to /workdir/hadoop-ozone/integration-test/target/test-dir/MiniOzoneClusterImpl-eeb6af2b-3ac5-495a-9d4c-d36463802584/datanode-1/meta/datanode.id
2019-10-07 08:36:59,656 [main] INFO  volume.HddsVolume (HddsVolume.java:<init>(176)) - Creating Volume: /workdir/hadoop-ozone/integration-test/target/test-dir/MiniOzoneClusterImpl-eeb6af2b-3ac5-495a-9d4c-d36463802584/datanode-2/data/containers/hdds of  storage type : DISK and capacity : 1482555576320
2019-10-07 08:36:59,657 [main] INFO  volume.VolumeSet (VolumeSet.java:initializeVolumeSet(170)) - Added Volume : /workdir/hadoop-ozone/integration-test/target/test-dir/MiniOzoneClusterImpl-eeb6af2b-3ac5-495a-9d4c-d36463802584/datanode-2/data/containers/hdds to VolumeSet
2019-10-07 08:36:59,657 [main] INFO  volume.ThrottledAsyncChecker (ThrottledAsyncChecker.java:schedule(139)) - Scheduling a check for org.apache.hadoop.ozone.container.common.volume.HddsVolume@61359e87
2019-10-07 08:36:59,657 [main] INFO  volume.HddsVolumeChecker (HddsVolumeChecker.java:checkAllVolumes(202)) - Scheduled health check for volume org.apache.hadoop.ozone.container.common.volume.HddsVolume@61359e87
2019-10-07 08:36:59,677 [main] INFO  impl.RaftServerProxy (ConfUtils.java:logGet(43)) - raft.rpc.type = GRPC (default)
2019-10-07 08:36:59,677 [main] INFO  grpc.GrpcFactory (GrpcFactory.java:checkPooledByteBufAllocatorUseCacheForAllThreads(45)) - PERFORMANCE WARNING: useCacheForAllThreads is true that may cause Netty to create a lot garbage objects and, as a result, trigger GC.
	It is recommended to disable useCacheForAllThreads by setting -Dorg.apache.ratis.thirdparty.io.netty.allocator.useCacheForAllThreads=false in command line.
2019-10-07 08:36:59,677 [main] INFO  grpc.GrpcConfigKeys$Server (ConfUtils.java:logGet(43)) - raft.grpc.server.port = 0 (default)
2019-10-07 08:36:59,678 [main] INFO  server.GrpcService (ConfUtils.java:logGet(43)) - raft.grpc.message.size.max = 33570816 (custom)
2019-10-07 08:36:59,678 [main] INFO  server.RaftServerConfigKeys (ConfUtils.java:logGet(43)) - raft.server.log.appender.buffer.byte-limit = 33554432 (custom)
2019-10-07 08:36:59,678 [main] INFO  server.GrpcService (ConfUtils.java:logGet(43)) - raft.grpc.flow.control.window = 1MB (=1048576) (default)
2019-10-07 08:36:59,678 [main] INFO  server.RaftServerConfigKeys (ConfUtils.java:logGet(43)) - raft.server.rpc.request.timeout = 3000ms (default)
2019-10-07 08:36:59,679 [main] INFO  server.RaftServerConfigKeys (ConfUtils.java:logGet(43)) - raft.server.storage.dir = [/workdir/hadoop-ozone/integration-test/target/test-dir/MiniOzoneClusterImpl-eeb6af2b-3ac5-495a-9d4c-d36463802584/datanode-2/data/ratis] (custom)
2019-10-07 08:36:59,680 [main] INFO  hdfs.DFSUtil (DFSUtil.java:httpServerTemplateForNNAndJN(1641)) - Starting Web-server for hddsDatanode at: http://0.0.0.0:0
2019-10-07 08:36:59,682 [main] INFO  server.AuthenticationFilter (AuthenticationFilter.java:constructSecretProvider(240)) - Unable to initialize FileSignerSecretProvider, falling back to use random secrets.
2019-10-07 08:36:59,682 [main] WARN  http.HttpRequestLog (HttpRequestLog.java:getRequestLog(97)) - Jetty request log can only be enabled using Log4j
2019-10-07 08:36:59,684 [main] INFO  http.HttpServer2 (HttpServer2.java:addGlobalFilter(975)) - Added global filter 'safety' (class=org.apache.hadoop.http.HttpServer2$QuotingInputFilter)
2019-10-07 08:36:59,684 [main] INFO  http.HttpServer2 (HttpServer2.java:addFilter(948)) - Added filter static_user_filter (class=org.apache.hadoop.http.lib.StaticUserWebFilter$StaticUserFilter) to context hddsDatanode
2019-10-07 08:36:59,684 [main] INFO  http.HttpServer2 (HttpServer2.java:addFilter(958)) - Added filter static_user_filter (class=org.apache.hadoop.http.lib.StaticUserWebFilter$StaticUserFilter) to context logs
2019-10-07 08:36:59,684 [main] INFO  http.HttpServer2 (HttpServer2.java:addFilter(958)) - Added filter static_user_filter (class=org.apache.hadoop.http.lib.StaticUserWebFilter$StaticUserFilter) to context static
2019-10-07 08:36:59,685 [main] INFO  http.HttpServer2 (HttpServer2.java:bindListener(1191)) - Jetty bound to port 44046
2019-10-07 08:36:59,685 [main] INFO  server.Server (Server.java:doStart(351)) - jetty-9.3.25.v20180904, build timestamp: 2018-09-04T21:11:46Z, git hash: 3ce520221d0240229c862b122d2b06c12a625732
2019-10-07 08:36:59,686 [main] INFO  handler.ContextHandler (ContextHandler.java:doStart(781)) - Started o.e.j.s.ServletContextHandler@51e7589f{/logs,file:///workdir/hadoop-ozone/integration-test/target/log,AVAILABLE}
2019-10-07 08:36:59,687 [main] INFO  handler.ContextHandler (ContextHandler.java:doStart(781)) - Started o.e.j.s.ServletContextHandler@42c12b3e{/static,jar:file:/home/user/.m2/repository/org/apache/hadoop/hadoop-hdds-container-service/0.5.0-SNAPSHOT/hadoop-hdds-container-service-0.5.0-SNAPSHOT.jar!/webapps/static,AVAILABLE}
2019-10-07 08:36:59,716 [main] INFO  handler.ContextHandler (ContextHandler.java:doStart(781)) - Started o.e.j.w.WebAppContext@69a40b3c{/,file:///tmp/jetty-0.0.0.0-44046-hddsDatanode-_-any-8336955925862376380.dir/webapp/,AVAILABLE}{/hddsDatanode}
2019-10-07 08:36:59,716 [main] INFO  server.AbstractConnector (AbstractConnector.java:doStart(278)) - Started ServerConnector@251c90f{HTTP/1.1,[http/1.1]}{0.0.0.0:44046}
2019-10-07 08:36:59,719 [main] INFO  server.Server (Server.java:doStart(419)) - Started @215679ms
2019-10-07 08:36:59,719 [main] WARN  impl.MetricsSystemImpl (MetricsSystemImpl.java:register(276)) - Sink prometheus already exists!
2019-10-07 08:36:59,720 [main] INFO  server.BaseHttpServer (BaseHttpServer.java:updateConnectorAddress(215)) - HTTP server of HDDSDATANODE is listening at http://0.0.0.0:44046
2019-10-07 08:36:59,721 [main] INFO  impl.MetricsSystemImpl (MetricsSystemImpl.java:init(158)) - HddsDatanode metrics system started (again)
2019-10-07 08:36:59,725 [org.apache.hadoop.util.JvmPauseMonitor$Monitor@33950239] INFO  util.JvmPauseMonitor (JvmPauseMonitor.java:run(188)) - Starting JVM pause monitor
2019-10-07 08:36:59,725 [main] INFO  ozone.HddsDatanodeService (HddsDatanodeService.java:start(184)) - HddsDatanodeService host:pr-hdds-2238-79fll-759901082 ip:192.168.164.213
2019-10-07 08:36:59,727 [Datanode State Machine Thread - 0] INFO  datanode.InitDatanodeState (InitDatanodeState.java:persistContainerDatanodeDetails(140)) - DatanodeDetails is persisted to /workdir/hadoop-ozone/integration-test/target/test-dir/MiniOzoneClusterImpl-eeb6af2b-3ac5-495a-9d4c-d36463802584/datanode-2/meta/datanode.id
2019-10-07 08:36:59,731 [main] INFO  volume.HddsVolume (HddsVolume.java:<init>(176)) - Creating Volume: /workdir/hadoop-ozone/integration-test/target/test-dir/MiniOzoneClusterImpl-eeb6af2b-3ac5-495a-9d4c-d36463802584/datanode-3/data/containers/hdds of  storage type : DISK and capacity : 1482555576320
2019-10-07 08:36:59,731 [main] INFO  volume.VolumeSet (VolumeSet.java:initializeVolumeSet(170)) - Added Volume : /workdir/hadoop-ozone/integration-test/target/test-dir/MiniOzoneClusterImpl-eeb6af2b-3ac5-495a-9d4c-d36463802584/datanode-3/data/containers/hdds to VolumeSet
2019-10-07 08:36:59,731 [main] INFO  volume.ThrottledAsyncChecker (ThrottledAsyncChecker.java:schedule(139)) - Scheduling a check for org.apache.hadoop.ozone.container.common.volume.HddsVolume@599f1b7
2019-10-07 08:36:59,732 [main] INFO  volume.HddsVolumeChecker (HddsVolumeChecker.java:checkAllVolumes(202)) - Scheduled health check for volume org.apache.hadoop.ozone.container.common.volume.HddsVolume@599f1b7
2019-10-07 08:36:59,743 [main] INFO  impl.RaftServerProxy (ConfUtils.java:logGet(43)) - raft.rpc.type = GRPC (default)
2019-10-07 08:36:59,744 [main] INFO  grpc.GrpcFactory (GrpcFactory.java:checkPooledByteBufAllocatorUseCacheForAllThreads(45)) - PERFORMANCE WARNING: useCacheForAllThreads is true that may cause Netty to create a lot garbage objects and, as a result, trigger GC.
	It is recommended to disable useCacheForAllThreads by setting -Dorg.apache.ratis.thirdparty.io.netty.allocator.useCacheForAllThreads=false in command line.
2019-10-07 08:36:59,744 [main] INFO  grpc.GrpcConfigKeys$Server (ConfUtils.java:logGet(43)) - raft.grpc.server.port = 0 (default)
2019-10-07 08:36:59,744 [main] INFO  server.GrpcService (ConfUtils.java:logGet(43)) - raft.grpc.message.size.max = 33570816 (custom)
2019-10-07 08:36:59,744 [main] INFO  server.RaftServerConfigKeys (ConfUtils.java:logGet(43)) - raft.server.log.appender.buffer.byte-limit = 33554432 (custom)
2019-10-07 08:36:59,744 [main] INFO  server.GrpcService (ConfUtils.java:logGet(43)) - raft.grpc.flow.control.window = 1MB (=1048576) (default)
2019-10-07 08:36:59,745 [main] INFO  server.RaftServerConfigKeys (ConfUtils.java:logGet(43)) - raft.server.rpc.request.timeout = 3000ms (default)
2019-10-07 08:36:59,745 [main] INFO  server.RaftServerConfigKeys (ConfUtils.java:logGet(43)) - raft.server.storage.dir = [/workdir/hadoop-ozone/integration-test/target/test-dir/MiniOzoneClusterImpl-eeb6af2b-3ac5-495a-9d4c-d36463802584/datanode-3/data/ratis] (custom)
2019-10-07 08:36:59,746 [main] INFO  hdfs.DFSUtil (DFSUtil.java:httpServerTemplateForNNAndJN(1641)) - Starting Web-server for hddsDatanode at: http://0.0.0.0:0
2019-10-07 08:36:59,747 [main] INFO  server.AuthenticationFilter (AuthenticationFilter.java:constructSecretProvider(240)) - Unable to initialize FileSignerSecretProvider, falling back to use random secrets.
2019-10-07 08:36:59,747 [main] WARN  http.HttpRequestLog (HttpRequestLog.java:getRequestLog(97)) - Jetty request log can only be enabled using Log4j
2019-10-07 08:36:59,749 [main] INFO  http.HttpServer2 (HttpServer2.java:addGlobalFilter(975)) - Added global filter 'safety' (class=org.apache.hadoop.http.HttpServer2$QuotingInputFilter)
2019-10-07 08:36:59,749 [main] INFO  http.HttpServer2 (HttpServer2.java:addFilter(948)) - Added filter static_user_filter (class=org.apache.hadoop.http.lib.StaticUserWebFilter$StaticUserFilter) to context hddsDatanode
2019-10-07 08:36:59,749 [main] INFO  http.HttpServer2 (HttpServer2.java:addFilter(958)) - Added filter static_user_filter (class=org.apache.hadoop.http.lib.StaticUserWebFilter$StaticUserFilter) to context logs
2019-10-07 08:36:59,750 [main] INFO  http.HttpServer2 (HttpServer2.java:addFilter(958)) - Added filter static_user_filter (class=org.apache.hadoop.http.lib.StaticUserWebFilter$StaticUserFilter) to context static
2019-10-07 08:36:59,750 [main] INFO  http.HttpServer2 (HttpServer2.java:bindListener(1191)) - Jetty bound to port 35316
2019-10-07 08:36:59,751 [main] INFO  server.Server (Server.java:doStart(351)) - jetty-9.3.25.v20180904, build timestamp: 2018-09-04T21:11:46Z, git hash: 3ce520221d0240229c862b122d2b06c12a625732
2019-10-07 08:36:59,752 [main] INFO  handler.ContextHandler (ContextHandler.java:doStart(781)) - Started o.e.j.s.ServletContextHandler@350323a0{/logs,file:///workdir/hadoop-ozone/integration-test/target/log,AVAILABLE}
2019-10-07 08:36:59,753 [main] INFO  handler.ContextHandler (ContextHandler.java:doStart(781)) - Started o.e.j.s.ServletContextHandler@5d7dd549{/static,jar:file:/home/user/.m2/repository/org/apache/hadoop/hadoop-hdds-container-service/0.5.0-SNAPSHOT/hadoop-hdds-container-service-0.5.0-SNAPSHOT.jar!/webapps/static,AVAILABLE}
2019-10-07 08:36:59,783 [main] INFO  handler.ContextHandler (ContextHandler.java:doStart(781)) - Started o.e.j.w.WebAppContext@7d59e968{/,file:///tmp/jetty-0.0.0.0-35316-hddsDatanode-_-any-3326280029580153432.dir/webapp/,AVAILABLE}{/hddsDatanode}
2019-10-07 08:36:59,783 [main] INFO  server.AbstractConnector (AbstractConnector.java:doStart(278)) - Started ServerConnector@55361f03{HTTP/1.1,[http/1.1]}{0.0.0.0:35316}
2019-10-07 08:36:59,785 [main] INFO  server.Server (Server.java:doStart(419)) - Started @215745ms
2019-10-07 08:36:59,785 [main] WARN  impl.MetricsSystemImpl (MetricsSystemImpl.java:register(276)) - Sink prometheus already exists!
2019-10-07 08:36:59,785 [main] INFO  server.BaseHttpServer (BaseHttpServer.java:updateConnectorAddress(215)) - HTTP server of HDDSDATANODE is listening at http://0.0.0.0:35316
2019-10-07 08:36:59,786 [main] INFO  impl.MetricsSystemImpl (MetricsSystemImpl.java:init(158)) - HddsDatanode metrics system started (again)
2019-10-07 08:36:59,790 [org.apache.hadoop.util.JvmPauseMonitor$Monitor@4e26d276] INFO  util.JvmPauseMonitor (JvmPauseMonitor.java:run(188)) - Starting JVM pause monitor
2019-10-07 08:36:59,790 [main] INFO  ozone.HddsDatanodeService (HddsDatanodeService.java:start(184)) - HddsDatanodeService host:pr-hdds-2238-79fll-759901082 ip:192.168.164.213
2019-10-07 08:36:59,792 [Datanode State Machine Thread - 0] INFO  datanode.InitDatanodeState (InitDatanodeState.java:persistContainerDatanodeDetails(140)) - DatanodeDetails is persisted to /workdir/hadoop-ozone/integration-test/target/test-dir/MiniOzoneClusterImpl-eeb6af2b-3ac5-495a-9d4c-d36463802584/datanode-3/meta/datanode.id
2019-10-07 08:36:59,798 [main] INFO  volume.HddsVolume (HddsVolume.java:<init>(176)) - Creating Volume: /workdir/hadoop-ozone/integration-test/target/test-dir/MiniOzoneClusterImpl-eeb6af2b-3ac5-495a-9d4c-d36463802584/datanode-4/data/containers/hdds of  storage type : DISK and capacity : 1482555576320
2019-10-07 08:36:59,798 [main] INFO  volume.VolumeSet (VolumeSet.java:initializeVolumeSet(170)) - Added Volume : /workdir/hadoop-ozone/integration-test/target/test-dir/MiniOzoneClusterImpl-eeb6af2b-3ac5-495a-9d4c-d36463802584/datanode-4/data/containers/hdds to VolumeSet
2019-10-07 08:36:59,798 [main] INFO  volume.ThrottledAsyncChecker (ThrottledAsyncChecker.java:schedule(139)) - Scheduling a check for org.apache.hadoop.ozone.container.common.volume.HddsVolume@4584304
2019-10-07 08:36:59,799 [main] INFO  volume.HddsVolumeChecker (HddsVolumeChecker.java:checkAllVolumes(202)) - Scheduled health check for volume org.apache.hadoop.ozone.container.common.volume.HddsVolume@4584304
2019-10-07 08:36:59,813 [main] INFO  impl.RaftServerProxy (ConfUtils.java:logGet(43)) - raft.rpc.type = GRPC (default)
2019-10-07 08:36:59,813 [main] INFO  grpc.GrpcFactory (GrpcFactory.java:checkPooledByteBufAllocatorUseCacheForAllThreads(45)) - PERFORMANCE WARNING: useCacheForAllThreads is true that may cause Netty to create a lot garbage objects and, as a result, trigger GC.
	It is recommended to disable useCacheForAllThreads by setting -Dorg.apache.ratis.thirdparty.io.netty.allocator.useCacheForAllThreads=false in command line.
2019-10-07 08:36:59,814 [main] INFO  grpc.GrpcConfigKeys$Server (ConfUtils.java:logGet(43)) - raft.grpc.server.port = 0 (default)
2019-10-07 08:36:59,814 [main] INFO  server.GrpcService (ConfUtils.java:logGet(43)) - raft.grpc.message.size.max = 33570816 (custom)
2019-10-07 08:36:59,814 [main] INFO  server.RaftServerConfigKeys (ConfUtils.java:logGet(43)) - raft.server.log.appender.buffer.byte-limit = 33554432 (custom)
2019-10-07 08:36:59,815 [main] INFO  server.GrpcService (ConfUtils.java:logGet(43)) - raft.grpc.flow.control.window = 1MB (=1048576) (default)
2019-10-07 08:36:59,815 [main] INFO  server.RaftServerConfigKeys (ConfUtils.java:logGet(43)) - raft.server.rpc.request.timeout = 3000ms (default)
2019-10-07 08:36:59,815 [main] INFO  server.RaftServerConfigKeys (ConfUtils.java:logGet(43)) - raft.server.storage.dir = [/workdir/hadoop-ozone/integration-test/target/test-dir/MiniOzoneClusterImpl-eeb6af2b-3ac5-495a-9d4c-d36463802584/datanode-4/data/ratis] (custom)
2019-10-07 08:36:59,817 [main] INFO  hdfs.DFSUtil (DFSUtil.java:httpServerTemplateForNNAndJN(1641)) - Starting Web-server for hddsDatanode at: http://0.0.0.0:0
2019-10-07 08:36:59,818 [main] INFO  server.AuthenticationFilter (AuthenticationFilter.java:constructSecretProvider(240)) - Unable to initialize FileSignerSecretProvider, falling back to use random secrets.
2019-10-07 08:36:59,819 [main] WARN  http.HttpRequestLog (HttpRequestLog.java:getRequestLog(97)) - Jetty request log can only be enabled using Log4j
2019-10-07 08:36:59,821 [main] INFO  http.HttpServer2 (HttpServer2.java:addGlobalFilter(975)) - Added global filter 'safety' (class=org.apache.hadoop.http.HttpServer2$QuotingInputFilter)
2019-10-07 08:36:59,821 [main] INFO  http.HttpServer2 (HttpServer2.java:addFilter(948)) - Added filter static_user_filter (class=org.apache.hadoop.http.lib.StaticUserWebFilter$StaticUserFilter) to context hddsDatanode
2019-10-07 08:36:59,822 [main] INFO  http.HttpServer2 (HttpServer2.java:addFilter(958)) - Added filter static_user_filter (class=org.apache.hadoop.http.lib.StaticUserWebFilter$StaticUserFilter) to context logs
2019-10-07 08:36:59,822 [main] INFO  http.HttpServer2 (HttpServer2.java:addFilter(958)) - Added filter static_user_filter (class=org.apache.hadoop.http.lib.StaticUserWebFilter$StaticUserFilter) to context static
2019-10-07 08:36:59,823 [main] INFO  http.HttpServer2 (HttpServer2.java:bindListener(1191)) - Jetty bound to port 45767
2019-10-07 08:36:59,823 [main] INFO  server.Server (Server.java:doStart(351)) - jetty-9.3.25.v20180904, build timestamp: 2018-09-04T21:11:46Z, git hash: 3ce520221d0240229c862b122d2b06c12a625732
2019-10-07 08:36:59,824 [main] INFO  handler.ContextHandler (ContextHandler.java:doStart(781)) - Started o.e.j.s.ServletContextHandler@10d18696{/logs,file:///workdir/hadoop-ozone/integration-test/target/log,AVAILABLE}
2019-10-07 08:36:59,825 [main] INFO  handler.ContextHandler (ContextHandler.java:doStart(781)) - Started o.e.j.s.ServletContextHandler@7d37ee0c{/static,jar:file:/home/user/.m2/repository/org/apache/hadoop/hadoop-hdds-container-service/0.5.0-SNAPSHOT/hadoop-hdds-container-service-0.5.0-SNAPSHOT.jar!/webapps/static,AVAILABLE}
2019-10-07 08:36:59,854 [main] INFO  handler.ContextHandler (ContextHandler.java:doStart(781)) - Started o.e.j.w.WebAppContext@5b8853{/,file:///tmp/jetty-0.0.0.0-45767-hddsDatanode-_-any-6831965612003120277.dir/webapp/,AVAILABLE}{/hddsDatanode}
2019-10-07 08:36:59,855 [main] INFO  server.AbstractConnector (AbstractConnector.java:doStart(278)) - Started ServerConnector@1b8aaeab{HTTP/1.1,[http/1.1]}{0.0.0.0:45767}
2019-10-07 08:36:59,857 [main] INFO  server.Server (Server.java:doStart(419)) - Started @215817ms
2019-10-07 08:36:59,857 [main] WARN  impl.MetricsSystemImpl (MetricsSystemImpl.java:register(276)) - Sink prometheus already exists!
2019-10-07 08:36:59,858 [main] INFO  server.BaseHttpServer (BaseHttpServer.java:updateConnectorAddress(215)) - HTTP server of HDDSDATANODE is listening at http://0.0.0.0:45767
2019-10-07 08:36:59,858 [main] INFO  impl.MetricsSystemImpl (MetricsSystemImpl.java:init(158)) - HddsDatanode metrics system started (again)
2019-10-07 08:36:59,863 [org.apache.hadoop.util.JvmPauseMonitor$Monitor@47c87f63] INFO  util.JvmPauseMonitor (JvmPauseMonitor.java:run(188)) - Starting JVM pause monitor
2019-10-07 08:36:59,864 [main] INFO  ozone.HddsDatanodeService (HddsDatanodeService.java:start(184)) - HddsDatanodeService host:pr-hdds-2238-79fll-759901082 ip:192.168.164.213
2019-10-07 08:36:59,865 [Datanode State Machine Thread - 0] INFO  datanode.InitDatanodeState (InitDatanodeState.java:persistContainerDatanodeDetails(140)) - DatanodeDetails is persisted to /workdir/hadoop-ozone/integration-test/target/test-dir/MiniOzoneClusterImpl-eeb6af2b-3ac5-495a-9d4c-d36463802584/datanode-4/meta/datanode.id
2019-10-07 08:36:59,870 [main] INFO  volume.HddsVolume (HddsVolume.java:<init>(176)) - Creating Volume: /workdir/hadoop-ozone/integration-test/target/test-dir/MiniOzoneClusterImpl-eeb6af2b-3ac5-495a-9d4c-d36463802584/datanode-5/data/containers/hdds of  storage type : DISK and capacity : 1482555576320
2019-10-07 08:36:59,870 [main] INFO  volume.VolumeSet (VolumeSet.java:initializeVolumeSet(170)) - Added Volume : /workdir/hadoop-ozone/integration-test/target/test-dir/MiniOzoneClusterImpl-eeb6af2b-3ac5-495a-9d4c-d36463802584/datanode-5/data/containers/hdds to VolumeSet
2019-10-07 08:36:59,870 [main] INFO  volume.ThrottledAsyncChecker (ThrottledAsyncChecker.java:schedule(139)) - Scheduling a check for org.apache.hadoop.ozone.container.common.volume.HddsVolume@66e341e9
2019-10-07 08:36:59,871 [main] INFO  volume.HddsVolumeChecker (HddsVolumeChecker.java:checkAllVolumes(202)) - Scheduled health check for volume org.apache.hadoop.ozone.container.common.volume.HddsVolume@66e341e9
2019-10-07 08:36:59,884 [main] INFO  impl.RaftServerProxy (ConfUtils.java:logGet(43)) - raft.rpc.type = GRPC (default)
2019-10-07 08:36:59,885 [main] INFO  grpc.GrpcFactory (GrpcFactory.java:checkPooledByteBufAllocatorUseCacheForAllThreads(45)) - PERFORMANCE WARNING: useCacheForAllThreads is true that may cause Netty to create a lot garbage objects and, as a result, trigger GC.
	It is recommended to disable useCacheForAllThreads by setting -Dorg.apache.ratis.thirdparty.io.netty.allocator.useCacheForAllThreads=false in command line.
2019-10-07 08:36:59,885 [main] INFO  grpc.GrpcConfigKeys$Server (ConfUtils.java:logGet(43)) - raft.grpc.server.port = 0 (default)
2019-10-07 08:36:59,885 [main] INFO  server.GrpcService (ConfUtils.java:logGet(43)) - raft.grpc.message.size.max = 33570816 (custom)
2019-10-07 08:36:59,885 [main] INFO  server.RaftServerConfigKeys (ConfUtils.java:logGet(43)) - raft.server.log.appender.buffer.byte-limit = 33554432 (custom)
2019-10-07 08:36:59,885 [main] INFO  server.GrpcService (ConfUtils.java:logGet(43)) - raft.grpc.flow.control.window = 1MB (=1048576) (default)
2019-10-07 08:36:59,886 [main] INFO  server.RaftServerConfigKeys (ConfUtils.java:logGet(43)) - raft.server.rpc.request.timeout = 3000ms (default)
2019-10-07 08:36:59,886 [main] INFO  server.RaftServerConfigKeys (ConfUtils.java:logGet(43)) - raft.server.storage.dir = [/workdir/hadoop-ozone/integration-test/target/test-dir/MiniOzoneClusterImpl-eeb6af2b-3ac5-495a-9d4c-d36463802584/datanode-5/data/ratis] (custom)
2019-10-07 08:36:59,887 [main] INFO  hdfs.DFSUtil (DFSUtil.java:httpServerTemplateForNNAndJN(1641)) - Starting Web-server for hddsDatanode at: http://0.0.0.0:0
2019-10-07 08:36:59,888 [main] INFO  server.AuthenticationFilter (AuthenticationFilter.java:constructSecretProvider(240)) - Unable to initialize FileSignerSecretProvider, falling back to use random secrets.
2019-10-07 08:36:59,889 [main] WARN  http.HttpRequestLog (HttpRequestLog.java:getRequestLog(97)) - Jetty request log can only be enabled using Log4j
2019-10-07 08:36:59,890 [main] INFO  http.HttpServer2 (HttpServer2.java:addGlobalFilter(975)) - Added global filter 'safety' (class=org.apache.hadoop.http.HttpServer2$QuotingInputFilter)
2019-10-07 08:36:59,891 [main] INFO  http.HttpServer2 (HttpServer2.java:addFilter(948)) - Added filter static_user_filter (class=org.apache.hadoop.http.lib.StaticUserWebFilter$StaticUserFilter) to context hddsDatanode
2019-10-07 08:36:59,891 [main] INFO  http.HttpServer2 (HttpServer2.java:addFilter(958)) - Added filter static_user_filter (class=org.apache.hadoop.http.lib.StaticUserWebFilter$StaticUserFilter) to context static
2019-10-07 08:36:59,891 [main] INFO  http.HttpServer2 (HttpServer2.java:addFilter(958)) - Added filter static_user_filter (class=org.apache.hadoop.http.lib.StaticUserWebFilter$StaticUserFilter) to context logs
2019-10-07 08:36:59,891 [main] INFO  http.HttpServer2 (HttpServer2.java:bindListener(1191)) - Jetty bound to port 38328
2019-10-07 08:36:59,892 [main] INFO  server.Server (Server.java:doStart(351)) - jetty-9.3.25.v20180904, build timestamp: 2018-09-04T21:11:46Z, git hash: 3ce520221d0240229c862b122d2b06c12a625732
2019-10-07 08:36:59,893 [main] INFO  handler.ContextHandler (ContextHandler.java:doStart(781)) - Started o.e.j.s.ServletContextHandler@28768e25{/logs,file:///workdir/hadoop-ozone/integration-test/target/log,AVAILABLE}
2019-10-07 08:36:59,894 [main] INFO  handler.ContextHandler (ContextHandler.java:doStart(781)) - Started o.e.j.s.ServletContextHandler@143fefaf{/static,jar:file:/home/user/.m2/repository/org/apache/hadoop/hadoop-hdds-container-service/0.5.0-SNAPSHOT/hadoop-hdds-container-service-0.5.0-SNAPSHOT.jar!/webapps/static,AVAILABLE}
2019-10-07 08:36:59,922 [main] INFO  handler.ContextHandler (ContextHandler.java:doStart(781)) - Started o.e.j.w.WebAppContext@36478bce{/,file:///tmp/jetty-0.0.0.0-38328-hddsDatanode-_-any-3809892531428214681.dir/webapp/,AVAILABLE}{/hddsDatanode}
2019-10-07 08:36:59,922 [main] INFO  server.AbstractConnector (AbstractConnector.java:doStart(278)) - Started ServerConnector@c48b543{HTTP/1.1,[http/1.1]}{0.0.0.0:38328}
2019-10-07 08:36:59,923 [main] INFO  server.Server (Server.java:doStart(419)) - Started @215884ms
2019-10-07 08:36:59,924 [main] WARN  impl.MetricsSystemImpl (MetricsSystemImpl.java:register(276)) - Sink prometheus already exists!
2019-10-07 08:36:59,924 [main] INFO  server.BaseHttpServer (BaseHttpServer.java:updateConnectorAddress(215)) - HTTP server of HDDSDATANODE is listening at http://0.0.0.0:38328
2019-10-07 08:36:59,925 [main] INFO  impl.MetricsSystemImpl (MetricsSystemImpl.java:init(158)) - HddsDatanode metrics system started (again)
2019-10-07 08:36:59,930 [org.apache.hadoop.util.JvmPauseMonitor$Monitor@51257f86] INFO  util.JvmPauseMonitor (JvmPauseMonitor.java:run(188)) - Starting JVM pause monitor
2019-10-07 08:36:59,930 [main] INFO  ozone.HddsDatanodeService (HddsDatanodeService.java:start(184)) - HddsDatanodeService host:pr-hdds-2238-79fll-759901082 ip:192.168.164.213
2019-10-07 08:36:59,932 [Datanode State Machine Thread - 0] INFO  datanode.InitDatanodeState (InitDatanodeState.java:persistContainerDatanodeDetails(140)) - DatanodeDetails is persisted to /workdir/hadoop-ozone/integration-test/target/test-dir/MiniOzoneClusterImpl-eeb6af2b-3ac5-495a-9d4c-d36463802584/datanode-5/meta/datanode.id
2019-10-07 08:36:59,938 [main] INFO  volume.HddsVolume (HddsVolume.java:<init>(176)) - Creating Volume: /workdir/hadoop-ozone/integration-test/target/test-dir/MiniOzoneClusterImpl-eeb6af2b-3ac5-495a-9d4c-d36463802584/datanode-6/data/containers/hdds of  storage type : DISK and capacity : 1482555576320
2019-10-07 08:36:59,938 [main] INFO  volume.VolumeSet (VolumeSet.java:initializeVolumeSet(170)) - Added Volume : /workdir/hadoop-ozone/integration-test/target/test-dir/MiniOzoneClusterImpl-eeb6af2b-3ac5-495a-9d4c-d36463802584/datanode-6/data/containers/hdds to VolumeSet
2019-10-07 08:36:59,939 [main] INFO  volume.ThrottledAsyncChecker (ThrottledAsyncChecker.java:schedule(139)) - Scheduling a check for org.apache.hadoop.ozone.container.common.volume.HddsVolume@743c3520
2019-10-07 08:36:59,939 [main] INFO  volume.HddsVolumeChecker (HddsVolumeChecker.java:checkAllVolumes(202)) - Scheduled health check for volume org.apache.hadoop.ozone.container.common.volume.HddsVolume@743c3520
2019-10-07 08:36:59,953 [main] INFO  impl.RaftServerProxy (ConfUtils.java:logGet(43)) - raft.rpc.type = GRPC (default)
2019-10-07 08:36:59,953 [main] INFO  grpc.GrpcFactory (GrpcFactory.java:checkPooledByteBufAllocatorUseCacheForAllThreads(45)) - PERFORMANCE WARNING: useCacheForAllThreads is true that may cause Netty to create a lot garbage objects and, as a result, trigger GC.
	It is recommended to disable useCacheForAllThreads by setting -Dorg.apache.ratis.thirdparty.io.netty.allocator.useCacheForAllThreads=false in command line.
2019-10-07 08:36:59,953 [main] INFO  grpc.GrpcConfigKeys$Server (ConfUtils.java:logGet(43)) - raft.grpc.server.port = 0 (default)
2019-10-07 08:36:59,953 [main] INFO  server.GrpcService (ConfUtils.java:logGet(43)) - raft.grpc.message.size.max = 33570816 (custom)
2019-10-07 08:36:59,953 [main] INFO  server.RaftServerConfigKeys (ConfUtils.java:logGet(43)) - raft.server.log.appender.buffer.byte-limit = 33554432 (custom)
2019-10-07 08:36:59,954 [main] INFO  server.GrpcService (ConfUtils.java:logGet(43)) - raft.grpc.flow.control.window = 1MB (=1048576) (default)
2019-10-07 08:36:59,954 [main] INFO  server.RaftServerConfigKeys (ConfUtils.java:logGet(43)) - raft.server.rpc.request.timeout = 3000ms (default)
2019-10-07 08:36:59,954 [main] INFO  server.RaftServerConfigKeys (ConfUtils.java:logGet(43)) - raft.server.storage.dir = [/workdir/hadoop-ozone/integration-test/target/test-dir/MiniOzoneClusterImpl-eeb6af2b-3ac5-495a-9d4c-d36463802584/datanode-6/data/ratis] (custom)
2019-10-07 08:36:59,955 [main] INFO  hdfs.DFSUtil (DFSUtil.java:httpServerTemplateForNNAndJN(1641)) - Starting Web-server for hddsDatanode at: http://0.0.0.0:0
2019-10-07 08:36:59,956 [main] INFO  server.AuthenticationFilter (AuthenticationFilter.java:constructSecretProvider(240)) - Unable to initialize FileSignerSecretProvider, falling back to use random secrets.
2019-10-07 08:36:59,957 [main] WARN  http.HttpRequestLog (HttpRequestLog.java:getRequestLog(97)) - Jetty request log can only be enabled using Log4j
2019-10-07 08:36:59,958 [main] INFO  http.HttpServer2 (HttpServer2.java:addGlobalFilter(975)) - Added global filter 'safety' (class=org.apache.hadoop.http.HttpServer2$QuotingInputFilter)
2019-10-07 08:36:59,959 [main] INFO  http.HttpServer2 (HttpServer2.java:addFilter(948)) - Added filter static_user_filter (class=org.apache.hadoop.http.lib.StaticUserWebFilter$StaticUserFilter) to context hddsDatanode
2019-10-07 08:36:59,959 [main] INFO  http.HttpServer2 (HttpServer2.java:addFilter(958)) - Added filter static_user_filter (class=org.apache.hadoop.http.lib.StaticUserWebFilter$StaticUserFilter) to context static
2019-10-07 08:36:59,959 [main] INFO  http.HttpServer2 (HttpServer2.java:addFilter(958)) - Added filter static_user_filter (class=org.apache.hadoop.http.lib.StaticUserWebFilter$StaticUserFilter) to context logs
2019-10-07 08:36:59,960 [main] INFO  http.HttpServer2 (HttpServer2.java:bindListener(1191)) - Jetty bound to port 36731
2019-10-07 08:36:59,960 [main] INFO  server.Server (Server.java:doStart(351)) - jetty-9.3.25.v20180904, build timestamp: 2018-09-04T21:11:46Z, git hash: 3ce520221d0240229c862b122d2b06c12a625732
2019-10-07 08:36:59,961 [main] INFO  handler.ContextHandler (ContextHandler.java:doStart(781)) - Started o.e.j.s.ServletContextHandler@497ed877{/logs,file:///workdir/hadoop-ozone/integration-test/target/log,AVAILABLE}
2019-10-07 08:36:59,962 [main] INFO  handler.ContextHandler (ContextHandler.java:doStart(781)) - Started o.e.j.s.ServletContextHandler@7b6141f0{/static,jar:file:/home/user/.m2/repository/org/apache/hadoop/hadoop-hdds-container-service/0.5.0-SNAPSHOT/hadoop-hdds-container-service-0.5.0-SNAPSHOT.jar!/webapps/static,AVAILABLE}
2019-10-07 08:36:59,989 [main] INFO  handler.ContextHandler (ContextHandler.java:doStart(781)) - Started o.e.j.w.WebAppContext@7f4a1cac{/,file:///tmp/jetty-0.0.0.0-36731-hddsDatanode-_-any-8076464514259417291.dir/webapp/,AVAILABLE}{/hddsDatanode}
2019-10-07 08:36:59,990 [main] INFO  server.AbstractConnector (AbstractConnector.java:doStart(278)) - Started ServerConnector@4a1a412e{HTTP/1.1,[http/1.1]}{0.0.0.0:36731}
2019-10-07 08:36:59,993 [main] INFO  server.Server (Server.java:doStart(419)) - Started @215954ms
2019-10-07 08:36:59,994 [main] WARN  impl.MetricsSystemImpl (MetricsSystemImpl.java:register(276)) - Sink prometheus already exists!
2019-10-07 08:36:59,994 [main] INFO  server.BaseHttpServer (BaseHttpServer.java:updateConnectorAddress(215)) - HTTP server of HDDSDATANODE is listening at http://0.0.0.0:36731
2019-10-07 08:36:59,994 [main] INFO  ozone.MiniOzoneClusterImpl (MiniOzoneClusterImpl.java:lambda$waitForClusterToBeReady$0(147)) - Waiting for cluster to be ready. Got 0 of 7 DN Heartbeats.
2019-10-07 08:36:59,996 [org.apache.hadoop.util.JvmPauseMonitor$Monitor@514ee072] INFO  util.JvmPauseMonitor (JvmPauseMonitor.java:run(188)) - Starting JVM pause monitor
2019-10-07 08:36:59,997 [Datanode State Machine Thread - 0] INFO  datanode.InitDatanodeState (InitDatanodeState.java:persistContainerDatanodeDetails(140)) - DatanodeDetails is persisted to /workdir/hadoop-ozone/integration-test/target/test-dir/MiniOzoneClusterImpl-eeb6af2b-3ac5-495a-9d4c-d36463802584/datanode-6/meta/datanode.id
2019-10-07 08:37:00,995 [main] INFO  ozone.MiniOzoneClusterImpl (MiniOzoneClusterImpl.java:lambda$waitForClusterToBeReady$0(147)) - Waiting for cluster to be ready. Got 0 of 7 DN Heartbeats.
2019-10-07 08:37:01,654 [Datanode State Machine Thread - 0] INFO  ozoneimpl.OzoneContainer (OzoneContainer.java:start(213)) - Attempting to start container services.
2019-10-07 08:37:01,655 [Datanode State Machine Thread - 0] INFO  ozoneimpl.OzoneContainer (OzoneContainer.java:startContainerScrub(177)) - Background container scanner has been disabled.
2019-10-07 08:37:01,655 [Datanode State Machine Thread - 0] INFO  ratis.XceiverServerRatis (XceiverServerRatis.java:start(418)) - Starting XceiverServerRatis 2a09ca22-1a21-4c8f-84a3-d0e80ddf3401 at port 0
2019-10-07 08:37:01,662 [Datanode State Machine Thread - 0] INFO  impl.RaftServerProxy (RaftServerProxy.java:lambda$start$3(299)) - 2a09ca22-1a21-4c8f-84a3-d0e80ddf3401: start RPC server
2019-10-07 08:37:01,665 [Datanode State Machine Thread - 0] INFO  server.GrpcService (GrpcService.java:startImpl(158)) - 2a09ca22-1a21-4c8f-84a3-d0e80ddf3401: GrpcService started, listening on 0.0.0.0/0.0.0.0:38539
2019-10-07 08:37:01,665 [Datanode State Machine Thread - 0] INFO  ratis.XceiverServerRatis (XceiverServerRatis.java:start(428)) - XceiverServerRatis 2a09ca22-1a21-4c8f-84a3-d0e80ddf3401 is started using port 38539
2019-10-07 08:37:01,665 [Datanode State Machine Thread - 0] INFO  server.XceiverServerGrpc (XceiverServerGrpc.java:start(149)) - XceiverServerGrpc 2a09ca22-1a21-4c8f-84a3-d0e80ddf3401 is started using port 43481
2019-10-07 08:37:01,680 [Datanode State Machine Thread - 0] INFO  ozoneimpl.OzoneContainer (OzoneContainer.java:start(213)) - Attempting to start container services.
2019-10-07 08:37:01,680 [Datanode State Machine Thread - 0] INFO  ozoneimpl.OzoneContainer (OzoneContainer.java:startContainerScrub(177)) - Background container scanner has been disabled.
2019-10-07 08:37:01,680 [Datanode State Machine Thread - 0] INFO  ratis.XceiverServerRatis (XceiverServerRatis.java:start(418)) - Starting XceiverServerRatis eb6a73ac-d0e4-4fb6-856e-0478ba25526d at port 0
2019-10-07 08:37:01,686 [Datanode State Machine Thread - 0] INFO  impl.RaftServerProxy (RaftServerProxy.java:lambda$start$3(299)) - eb6a73ac-d0e4-4fb6-856e-0478ba25526d: start RPC server
2019-10-07 08:37:01,689 [Datanode State Machine Thread - 0] INFO  server.GrpcService (GrpcService.java:startImpl(158)) - eb6a73ac-d0e4-4fb6-856e-0478ba25526d: GrpcService started, listening on 0.0.0.0/0.0.0.0:39316
2019-10-07 08:37:01,689 [Datanode State Machine Thread - 0] INFO  ratis.XceiverServerRatis (XceiverServerRatis.java:start(428)) - XceiverServerRatis eb6a73ac-d0e4-4fb6-856e-0478ba25526d is started using port 39316
2019-10-07 08:37:01,689 [Datanode State Machine Thread - 0] INFO  server.XceiverServerGrpc (XceiverServerGrpc.java:start(149)) - XceiverServerGrpc eb6a73ac-d0e4-4fb6-856e-0478ba25526d is started using port 33039
2019-10-07 08:37:01,755 [Datanode State Machine Thread - 0] INFO  ozoneimpl.OzoneContainer (OzoneContainer.java:start(213)) - Attempting to start container services.
2019-10-07 08:37:01,755 [Datanode State Machine Thread - 0] INFO  ozoneimpl.OzoneContainer (OzoneContainer.java:startContainerScrub(177)) - Background container scanner has been disabled.
2019-10-07 08:37:01,755 [Datanode State Machine Thread - 0] INFO  ratis.XceiverServerRatis (XceiverServerRatis.java:start(418)) - Starting XceiverServerRatis 06c4234e-1118-48a4-b33d-29d25b877864 at port 0
2019-10-07 08:37:01,761 [Datanode State Machine Thread - 0] INFO  impl.RaftServerProxy (RaftServerProxy.java:lambda$start$3(299)) - 06c4234e-1118-48a4-b33d-29d25b877864: start RPC server
2019-10-07 08:37:01,762 [Datanode State Machine Thread - 0] INFO  server.GrpcService (GrpcService.java:startImpl(158)) - 06c4234e-1118-48a4-b33d-29d25b877864: GrpcService started, listening on 0.0.0.0/0.0.0.0:45253
2019-10-07 08:37:01,762 [Datanode State Machine Thread - 0] INFO  ratis.XceiverServerRatis (XceiverServerRatis.java:start(428)) - XceiverServerRatis 06c4234e-1118-48a4-b33d-29d25b877864 is started using port 45253
2019-10-07 08:37:01,765 [Datanode State Machine Thread - 0] INFO  server.XceiverServerGrpc (XceiverServerGrpc.java:start(149)) - XceiverServerGrpc 06c4234e-1118-48a4-b33d-29d25b877864 is started using port 45327
2019-10-07 08:37:01,814 [Datanode State Machine Thread - 0] INFO  ozoneimpl.OzoneContainer (OzoneContainer.java:start(213)) - Attempting to start container services.
2019-10-07 08:37:01,815 [Datanode State Machine Thread - 0] INFO  ozoneimpl.OzoneContainer (OzoneContainer.java:startContainerScrub(177)) - Background container scanner has been disabled.
2019-10-07 08:37:01,815 [Datanode State Machine Thread - 0] INFO  ratis.XceiverServerRatis (XceiverServerRatis.java:start(418)) - Starting XceiverServerRatis e8275982-c4f0-4f6a-81d1-14244c39973d at port 0
2019-10-07 08:37:01,821 [Datanode State Machine Thread - 0] INFO  impl.RaftServerProxy (RaftServerProxy.java:lambda$start$3(299)) - e8275982-c4f0-4f6a-81d1-14244c39973d: start RPC server
2019-10-07 08:37:01,822 [Datanode State Machine Thread - 0] INFO  server.GrpcService (GrpcService.java:startImpl(158)) - e8275982-c4f0-4f6a-81d1-14244c39973d: GrpcService started, listening on 0.0.0.0/0.0.0.0:35648
2019-10-07 08:37:01,822 [Datanode State Machine Thread - 0] INFO  ratis.XceiverServerRatis (XceiverServerRatis.java:start(428)) - XceiverServerRatis e8275982-c4f0-4f6a-81d1-14244c39973d is started using port 35648
2019-10-07 08:37:01,823 [Datanode State Machine Thread - 0] INFO  server.XceiverServerGrpc (XceiverServerGrpc.java:start(149)) - XceiverServerGrpc e8275982-c4f0-4f6a-81d1-14244c39973d is started using port 40220
2019-10-07 08:37:01,878 [Datanode State Machine Thread - 0] INFO  ozoneimpl.OzoneContainer (OzoneContainer.java:start(213)) - Attempting to start container services.
2019-10-07 08:37:01,878 [Datanode State Machine Thread - 0] INFO  ozoneimpl.OzoneContainer (OzoneContainer.java:startContainerScrub(177)) - Background container scanner has been disabled.
2019-10-07 08:37:01,878 [Datanode State Machine Thread - 0] INFO  ratis.XceiverServerRatis (XceiverServerRatis.java:start(418)) - Starting XceiverServerRatis 6ae374d6-c68f-4fb2-b074-cf4b80da5fbb at port 0
2019-10-07 08:37:01,885 [Datanode State Machine Thread - 0] INFO  impl.RaftServerProxy (RaftServerProxy.java:lambda$start$3(299)) - 6ae374d6-c68f-4fb2-b074-cf4b80da5fbb: start RPC server
2019-10-07 08:37:01,886 [Datanode State Machine Thread - 0] INFO  server.GrpcService (GrpcService.java:startImpl(158)) - 6ae374d6-c68f-4fb2-b074-cf4b80da5fbb: GrpcService started, listening on 0.0.0.0/0.0.0.0:43887
2019-10-07 08:37:01,886 [Datanode State Machine Thread - 0] INFO  ratis.XceiverServerRatis (XceiverServerRatis.java:start(428)) - XceiverServerRatis 6ae374d6-c68f-4fb2-b074-cf4b80da5fbb is started using port 43887
2019-10-07 08:37:01,887 [Datanode State Machine Thread - 0] INFO  server.XceiverServerGrpc (XceiverServerGrpc.java:start(149)) - XceiverServerGrpc 6ae374d6-c68f-4fb2-b074-cf4b80da5fbb is started using port 36307
2019-10-07 08:37:01,954 [Datanode State Machine Thread - 0] INFO  ozoneimpl.OzoneContainer (OzoneContainer.java:start(213)) - Attempting to start container services.
2019-10-07 08:37:01,954 [Datanode State Machine Thread - 0] INFO  ozoneimpl.OzoneContainer (OzoneContainer.java:startContainerScrub(177)) - Background container scanner has been disabled.
2019-10-07 08:37:01,954 [Datanode State Machine Thread - 0] INFO  ratis.XceiverServerRatis (XceiverServerRatis.java:start(418)) - Starting XceiverServerRatis facc726f-eef1-4279-9ef4-5657afb49c23 at port 0
2019-10-07 08:37:01,960 [Datanode State Machine Thread - 0] INFO  impl.RaftServerProxy (RaftServerProxy.java:lambda$start$3(299)) - facc726f-eef1-4279-9ef4-5657afb49c23: start RPC server
2019-10-07 08:37:01,961 [Datanode State Machine Thread - 0] INFO  server.GrpcService (GrpcService.java:startImpl(158)) - facc726f-eef1-4279-9ef4-5657afb49c23: GrpcService started, listening on 0.0.0.0/0.0.0.0:44964
2019-10-07 08:37:01,961 [Datanode State Machine Thread - 0] INFO  ratis.XceiverServerRatis (XceiverServerRatis.java:start(428)) - XceiverServerRatis facc726f-eef1-4279-9ef4-5657afb49c23 is started using port 44964
2019-10-07 08:37:01,962 [Datanode State Machine Thread - 0] INFO  server.XceiverServerGrpc (XceiverServerGrpc.java:start(149)) - XceiverServerGrpc facc726f-eef1-4279-9ef4-5657afb49c23 is started using port 41814
2019-10-07 08:37:01,996 [main] INFO  ozone.MiniOzoneClusterImpl (MiniOzoneClusterImpl.java:lambda$waitForClusterToBeReady$0(147)) - Waiting for cluster to be ready. Got 0 of 7 DN Heartbeats.
2019-10-07 08:37:02,027 [Datanode State Machine Thread - 0] INFO  ozoneimpl.OzoneContainer (OzoneContainer.java:start(213)) - Attempting to start container services.
2019-10-07 08:37:02,028 [Datanode State Machine Thread - 0] INFO  ozoneimpl.OzoneContainer (OzoneContainer.java:startContainerScrub(177)) - Background container scanner has been disabled.
2019-10-07 08:37:02,028 [Datanode State Machine Thread - 0] INFO  ratis.XceiverServerRatis (XceiverServerRatis.java:start(418)) - Starting XceiverServerRatis 99d98ad4-d4a6-43ab-a467-4b67e7daff9b at port 0
2019-10-07 08:37:02,037 [Datanode State Machine Thread - 0] INFO  impl.RaftServerProxy (RaftServerProxy.java:lambda$start$3(299)) - 99d98ad4-d4a6-43ab-a467-4b67e7daff9b: start RPC server
2019-10-07 08:37:02,037 [Datanode State Machine Thread - 0] INFO  server.GrpcService (GrpcService.java:startImpl(158)) - 99d98ad4-d4a6-43ab-a467-4b67e7daff9b: GrpcService started, listening on 0.0.0.0/0.0.0.0:45539
2019-10-07 08:37:02,038 [Datanode State Machine Thread - 0] INFO  ratis.XceiverServerRatis (XceiverServerRatis.java:start(428)) - XceiverServerRatis 99d98ad4-d4a6-43ab-a467-4b67e7daff9b is started using port 45539
2019-10-07 08:37:02,038 [Datanode State Machine Thread - 0] INFO  server.XceiverServerGrpc (XceiverServerGrpc.java:start(149)) - XceiverServerGrpc 99d98ad4-d4a6-43ab-a467-4b67e7daff9b is started using port 36655
2019-10-07 08:37:02,996 [main] INFO  ozone.MiniOzoneClusterImpl (MiniOzoneClusterImpl.java:lambda$waitForClusterToBeReady$0(147)) - Waiting for cluster to be ready. Got 0 of 7 DN Heartbeats.
2019-10-07 08:37:03,591 [IPC Server handler 0 on 34452] INFO  net.NetworkTopology (NetworkTopologyImpl.java:add(111)) - Added a new node: /default-rack/2a09ca22-1a21-4c8f-84a3-d0e80ddf3401
2019-10-07 08:37:03,595 [IPC Server handler 0 on 34452] INFO  node.SCMNodeManager (SCMNodeManager.java:register(268)) - Registered Data node : 2a09ca22-1a21-4c8f-84a3-d0e80ddf3401{ip: 192.168.164.213, host: pr-hdds-2238-79fll-759901082, networkLocation: /default-rack, certSerialId: null}
2019-10-07 08:37:03,602 [EventQueue-NodeRegistrationContainerReportForDataNodeSafeModeRule] INFO  safemode.SCMSafeModeManager (DataNodeSafeModeRule.java:process(71)) - SCM in safe mode. 1 DataNodes registered, 1 required.
2019-10-07 08:37:03,607 [EventQueue-NodeRegistrationContainerReportForDataNodeSafeModeRule] INFO  safemode.SCMSafeModeManager (SCMSafeModeManager.java:validateSafeModeExitRules(177)) - ScmSafeModeManager, all rules are successfully validated
2019-10-07 08:37:03,607 [EventQueue-NodeRegistrationContainerReportForDataNodeSafeModeRule] INFO  safemode.SCMSafeModeManager (SCMSafeModeManager.java:exitSafeMode(193)) - SCM exiting safe mode.
2019-10-07 08:37:03,623 [grpc-default-executor-3] INFO  impl.RaftServerProxy (RaftServerProxy.java:addNew(89)) - 2a09ca22-1a21-4c8f-84a3-d0e80ddf3401: addNew group-47F942F9ACC4:[2a09ca22-1a21-4c8f-84a3-d0e80ddf3401:192.168.164.213:38539] returns group-47F942F9ACC4:java.util.concurrent.CompletableFuture@5c98041a[Not completed]
2019-10-07 08:37:03,626 [pool-383-thread-1] INFO  impl.RaftServerImpl (RaftServerImpl.java:<init>(95)) - 2a09ca22-1a21-4c8f-84a3-d0e80ddf3401: new RaftServerImpl for group-47F942F9ACC4:[2a09ca22-1a21-4c8f-84a3-d0e80ddf3401:192.168.164.213:38539] with ContainerStateMachine:uninitialized
2019-10-07 08:37:03,626 [pool-383-thread-1] INFO  server.RaftServerConfigKeys (ConfUtils.java:logGet(43)) - raft.server.rpc.timeout.min = 5s (custom)
2019-10-07 08:37:03,627 [pool-383-thread-1] INFO  server.RaftServerConfigKeys (ConfUtils.java:logGet(43)) - raft.server.rpc.timeout.max = 5200ms (custom)
2019-10-07 08:37:03,627 [pool-383-thread-1] INFO  server.RaftServerConfigKeys (ConfUtils.java:logGet(43)) - raft.server.rpcslowness.timeout = 120s (custom)
2019-10-07 08:37:03,627 [pool-383-thread-1] INFO  server.RaftServerConfigKeys (ConfUtils.java:logGet(43)) - raft.server.sleep.deviation.threshold = 300 (default)
2019-10-07 08:37:03,627 [pool-383-thread-1] INFO  server.RaftServerConfigKeys (ConfUtils.java:logGet(43)) - raft.server.log.appender.install.snapshot.enabled = false (custom)
2019-10-07 08:37:03,627 [pool-383-thread-1] INFO  impl.RaftServerImpl (ServerState.java:<init>(103)) - 2a09ca22-1a21-4c8f-84a3-d0e80ddf3401@group-47F942F9ACC4: ConfigurationManager, init=-1: [2a09ca22-1a21-4c8f-84a3-d0e80ddf3401:192.168.164.213:38539], old=null, confs=<EMPTY_MAP>
2019-10-07 08:37:03,627 [pool-383-thread-1] INFO  server.RaftServerConfigKeys (ConfUtils.java:logGet(43)) - raft.server.storage.dir = [/workdir/hadoop-ozone/integration-test/target/test-dir/MiniOzoneClusterImpl-eeb6af2b-3ac5-495a-9d4c-d36463802584/datanode-0/data/ratis] (custom)
2019-10-07 08:37:03,628 [pool-383-thread-1] INFO  server.RaftServerConfigKeys (ConfUtils.java:logGet(43)) - raft.server.log.corruption.policy = EXCEPTION (default)
2019-10-07 08:37:03,628 [pool-383-thread-1] INFO  storage.RaftStorageDirectory (RaftStorageDirectory.java:analyzeStorage(246)) - The storage directory /workdir/hadoop-ozone/integration-test/target/test-dir/MiniOzoneClusterImpl-eeb6af2b-3ac5-495a-9d4c-d36463802584/datanode-0/data/ratis/d22c262d-db83-47c2-8542-47f942f9acc4 does not exist. Creating ...
2019-10-07 08:37:03,650 [IPC Server handler 1 on 34452] INFO  net.NetworkTopology (NetworkTopologyImpl.java:add(111)) - Added a new node: /default-rack/eb6a73ac-d0e4-4fb6-856e-0478ba25526d
2019-10-07 08:37:03,650 [IPC Server handler 1 on 34452] INFO  node.SCMNodeManager (SCMNodeManager.java:register(268)) - Registered Data node : eb6a73ac-d0e4-4fb6-856e-0478ba25526d{ip: 192.168.164.213, host: pr-hdds-2238-79fll-759901082, networkLocation: /default-rack, certSerialId: null}
2019-10-07 08:37:03,651 [pool-383-thread-1] INFO  storage.RaftStorageDirectory (RaftStorageDirectory.java:tryLock(328)) - Lock on /workdir/hadoop-ozone/integration-test/target/test-dir/MiniOzoneClusterImpl-eeb6af2b-3ac5-495a-9d4c-d36463802584/datanode-0/data/ratis/d22c262d-db83-47c2-8542-47f942f9acc4/in_use.lock acquired by nodename 18073@pr-hdds-2238-79fll-759901082
2019-10-07 08:37:03,674 [pool-383-thread-1] INFO  storage.RaftStorage (RaftStorage.java:format(84)) - Storage directory /workdir/hadoop-ozone/integration-test/target/test-dir/MiniOzoneClusterImpl-eeb6af2b-3ac5-495a-9d4c-d36463802584/datanode-0/data/ratis/d22c262d-db83-47c2-8542-47f942f9acc4 has been successfully formatted.
2019-10-07 08:37:03,675 [pool-383-thread-1] INFO  ratis.ContainerStateMachine (ContainerStateMachine.java:loadSnapshot(231)) - group-47F942F9ACC4: The snapshot info is null. Setting the last applied indexto:(t:0, i:~)
2019-10-07 08:37:03,675 [pool-383-thread-1] INFO  server.RaftServerConfigKeys (ConfUtils.java:logGet(43)) - raft.server.notification.no-leader.timeout = 120s (custom)
2019-10-07 08:37:03,675 [pool-383-thread-1] INFO  server.RaftServerConfigKeys (ConfUtils.java:logGet(43)) - raft.server.log.use.memory = false (default)
2019-10-07 08:37:03,675 [pool-383-thread-1] INFO  server.RaftServerConfigKeys (ConfUtils.java:logGet(43)) - raft.server.log.purge.gap = 1000000 (custom)
2019-10-07 08:37:03,675 [pool-383-thread-1] INFO  server.RaftServerConfigKeys (ConfUtils.java:logGet(43)) - raft.server.log.appender.buffer.byte-limit = 33554432 (custom)
2019-10-07 08:37:03,675 [pool-383-thread-1] INFO  server.RaftServerConfigKeys (ConfUtils.java:logGet(43)) - raft.server.log.segment.size.max = 1048576 (custom)
2019-10-07 08:37:03,678 [pool-383-thread-1] INFO  server.RaftServerConfigKeys (ConfUtils.java:logGet(43)) - raft.server.log.segment.cache.num.max = 2 (custom)
2019-10-07 08:37:03,678 [pool-383-thread-1] INFO  segmented.SegmentedRaftLogWorker (SegmentedRaftLogWorker.java:<init>(173)) - new 2a09ca22-1a21-4c8f-84a3-d0e80ddf3401@group-47F942F9ACC4-SegmentedRaftLogWorker for RaftStorage:Storage Directory /workdir/hadoop-ozone/integration-test/target/test-dir/MiniOzoneClusterImpl-eeb6af2b-3ac5-495a-9d4c-d36463802584/datanode-0/data/ratis/d22c262d-db83-47c2-8542-47f942f9acc4
2019-10-07 08:37:03,678 [pool-383-thread-1] INFO  server.RaftServerConfigKeys (ConfUtils.java:logGet(43)) - raft.server.log.queue.byte-limit = 2147483647 (custom)
2019-10-07 08:37:03,678 [pool-383-thread-1] INFO  server.RaftServerConfigKeys (ConfUtils.java:logGet(43)) - raft.server.log.queue.element-limit = 1024 (custom)
2019-10-07 08:37:03,679 [pool-383-thread-1] INFO  server.RaftServerConfigKeys (ConfUtils.java:logGet(43)) - raft.server.log.segment.size.max = 1048576 (custom)
2019-10-07 08:37:03,679 [pool-383-thread-1] INFO  server.RaftServerConfigKeys (ConfUtils.java:logGet(43)) - raft.server.log.preallocated.size = 16384 (custom)
2019-10-07 08:37:03,679 [pool-383-thread-1] INFO  server.RaftServerConfigKeys (ConfUtils.java:logGet(43)) - raft.server.log.write.buffer.size = 33554432 (custom)
2019-10-07 08:37:03,679 [pool-383-thread-1] INFO  server.RaftServerConfigKeys (ConfUtils.java:logGet(43)) - raft.server.log.force.sync.num = 128 (default)
2019-10-07 08:37:03,679 [pool-383-thread-1] INFO  server.RaftServerConfigKeys (ConfUtils.java:logGet(43)) - raft.server.log.statemachine.data.sync = true (default)
2019-10-07 08:37:03,679 [pool-383-thread-1] INFO  server.RaftServerConfigKeys (ConfUtils.java:logGet(43)) - raft.server.log.statemachine.data.sync.timeout = 10s (default)
2019-10-07 08:37:03,679 [pool-383-thread-1] INFO  server.RaftServerConfigKeys (ConfUtils.java:logGet(43)) - raft.server.log.statemachine.data.sync.timeout.retry = -1 (default)
2019-10-07 08:37:03,679 [pool-383-thread-1] INFO  server.RaftServerConfigKeys (ConfUtils.java:logGet(43)) - raft.server.log.statemachine.data.caching.enabled = true (custom)
2019-10-07 08:37:03,680 [pool-383-thread-1] INFO  segmented.SegmentedRaftLogWorker (SegmentedRaftLogWorker.java:lambda$new$0(128)) - 2a09ca22-1a21-4c8f-84a3-d0e80ddf3401@group-47F942F9ACC4-SegmentedRaftLogWorker: flushIndex: setUnconditionally 0 -> -1
2019-10-07 08:37:03,680 [pool-383-thread-1] INFO  server.RaftServerConfigKeys (ConfUtils.java:logGet(43)) - raft.server.snapshot.auto.trigger.enabled = true (custom)
2019-10-07 08:37:03,680 [pool-383-thread-1] INFO  server.RaftServerConfigKeys (ConfUtils.java:logGet(43)) - raft.server.snapshot.auto.trigger.threshold = 10000 (custom)
2019-10-07 08:37:03,680 [pool-383-thread-1] INFO  server.RaftServerConfigKeys (ConfUtils.java:logGet(43)) - raft.server.snapshot.retention.file.num = 5 (custom)
2019-10-07 08:37:03,681 [pool-383-thread-1] INFO  server.RaftServerConfigKeys (ConfUtils.java:logGet(43)) - raft.server.retrycache.expirytime = 600000ms (custom)
2019-10-07 08:37:03,682 [pool-383-thread-1] INFO  impl.RaftServerImpl (RaftServerImpl.java:start(181)) - 2a09ca22-1a21-4c8f-84a3-d0e80ddf3401@group-47F942F9ACC4: start as a follower, conf=-1: [2a09ca22-1a21-4c8f-84a3-d0e80ddf3401:192.168.164.213:38539], old=null
2019-10-07 08:37:03,682 [pool-383-thread-1] INFO  impl.RaftServerImpl (RaftServerImpl.java:setRole(170)) - 2a09ca22-1a21-4c8f-84a3-d0e80ddf3401@group-47F942F9ACC4: changes role from      null to FOLLOWER at term 0 for startAsFollower
2019-10-07 08:37:03,682 [pool-383-thread-1] INFO  impl.RoleInfo (RoleInfo.java:updateAndGet(143)) - 2a09ca22-1a21-4c8f-84a3-d0e80ddf3401: start FollowerState
2019-10-07 08:37:03,683 [pool-383-thread-1] INFO  util.JmxRegister (JmxRegister.java:tryRegister(44)) - Successfully registered JMX Bean with object name Ratis:service=RaftServer,group=group-47F942F9ACC4,id=2a09ca22-1a21-4c8f-84a3-d0e80ddf3401
2019-10-07 08:37:03,687 [RatisPipelineUtilsThread] INFO  pipeline.PipelineStateManager (PipelineStateManager.java:addPipeline(56)) - Created pipeline Pipeline[ Id: d22c262d-db83-47c2-8542-47f942f9acc4, Nodes: 2a09ca22-1a21-4c8f-84a3-d0e80ddf3401{ip: 192.168.164.213, host: pr-hdds-2238-79fll-759901082, networkLocation: /default-rack, certSerialId: null}, Type:RATIS, Factor:ONE, State:OPEN]
2019-10-07 08:37:03,695 [grpc-default-executor-3] INFO  impl.RaftServerProxy (RaftServerProxy.java:addNew(89)) - eb6a73ac-d0e4-4fb6-856e-0478ba25526d: addNew group-67DFBB9CA428:[eb6a73ac-d0e4-4fb6-856e-0478ba25526d:192.168.164.213:39316] returns group-67DFBB9CA428:java.util.concurrent.CompletableFuture@6895114c[Not completed]
2019-10-07 08:37:03,696 [pool-393-thread-1] INFO  impl.RaftServerImpl (RaftServerImpl.java:<init>(95)) - eb6a73ac-d0e4-4fb6-856e-0478ba25526d: new RaftServerImpl for group-67DFBB9CA428:[eb6a73ac-d0e4-4fb6-856e-0478ba25526d:192.168.164.213:39316] with ContainerStateMachine:uninitialized
2019-10-07 08:37:03,696 [pool-393-thread-1] INFO  server.RaftServerConfigKeys (ConfUtils.java:logGet(43)) - raft.server.rpc.timeout.min = 5s (custom)
2019-10-07 08:37:03,696 [pool-393-thread-1] INFO  server.RaftServerConfigKeys (ConfUtils.java:logGet(43)) - raft.server.rpc.timeout.max = 5200ms (custom)
2019-10-07 08:37:03,696 [pool-393-thread-1] INFO  server.RaftServerConfigKeys (ConfUtils.java:logGet(43)) - raft.server.rpcslowness.timeout = 120s (custom)
2019-10-07 08:37:03,696 [pool-393-thread-1] INFO  server.RaftServerConfigKeys (ConfUtils.java:logGet(43)) - raft.server.sleep.deviation.threshold = 300 (default)
2019-10-07 08:37:03,696 [pool-393-thread-1] INFO  server.RaftServerConfigKeys (ConfUtils.java:logGet(43)) - raft.server.log.appender.install.snapshot.enabled = false (custom)
2019-10-07 08:37:03,696 [pool-393-thread-1] INFO  impl.RaftServerImpl (ServerState.java:<init>(103)) - eb6a73ac-d0e4-4fb6-856e-0478ba25526d@group-67DFBB9CA428: ConfigurationManager, init=-1: [eb6a73ac-d0e4-4fb6-856e-0478ba25526d:192.168.164.213:39316], old=null, confs=<EMPTY_MAP>
2019-10-07 08:37:03,696 [pool-393-thread-1] INFO  server.RaftServerConfigKeys (ConfUtils.java:logGet(43)) - raft.server.storage.dir = [/workdir/hadoop-ozone/integration-test/target/test-dir/MiniOzoneClusterImpl-eeb6af2b-3ac5-495a-9d4c-d36463802584/datanode-1/data/ratis] (custom)
2019-10-07 08:37:03,697 [pool-393-thread-1] INFO  server.RaftServerConfigKeys (ConfUtils.java:logGet(43)) - raft.server.log.corruption.policy = EXCEPTION (default)
2019-10-07 08:37:03,697 [pool-393-thread-1] INFO  storage.RaftStorageDirectory (RaftStorageDirectory.java:analyzeStorage(246)) - The storage directory /workdir/hadoop-ozone/integration-test/target/test-dir/MiniOzoneClusterImpl-eeb6af2b-3ac5-495a-9d4c-d36463802584/datanode-1/data/ratis/d8bbe342-ef14-4024-8368-67dfbb9ca428 does not exist. Creating ...
2019-10-07 08:37:03,719 [pool-393-thread-1] INFO  storage.RaftStorageDirectory (RaftStorageDirectory.java:tryLock(328)) - Lock on /workdir/hadoop-ozone/integration-test/target/test-dir/MiniOzoneClusterImpl-eeb6af2b-3ac5-495a-9d4c-d36463802584/datanode-1/data/ratis/d8bbe342-ef14-4024-8368-67dfbb9ca428/in_use.lock acquired by nodename 18073@pr-hdds-2238-79fll-759901082
2019-10-07 08:37:03,725 [IPC Server handler 2 on 34452] INFO  net.NetworkTopology (NetworkTopologyImpl.java:add(111)) - Added a new node: /default-rack/06c4234e-1118-48a4-b33d-29d25b877864
2019-10-07 08:37:03,726 [IPC Server handler 2 on 34452] INFO  node.SCMNodeManager (SCMNodeManager.java:register(268)) - Registered Data node : 06c4234e-1118-48a4-b33d-29d25b877864{ip: 192.168.164.213, host: pr-hdds-2238-79fll-759901082, networkLocation: /default-rack, certSerialId: null}
2019-10-07 08:37:03,742 [pool-393-thread-1] INFO  storage.RaftStorage (RaftStorage.java:format(84)) - Storage directory /workdir/hadoop-ozone/integration-test/target/test-dir/MiniOzoneClusterImpl-eeb6af2b-3ac5-495a-9d4c-d36463802584/datanode-1/data/ratis/d8bbe342-ef14-4024-8368-67dfbb9ca428 has been successfully formatted.
2019-10-07 08:37:03,742 [pool-393-thread-1] INFO  ratis.ContainerStateMachine (ContainerStateMachine.java:loadSnapshot(231)) - group-67DFBB9CA428: The snapshot info is null. Setting the last applied indexto:(t:0, i:~)
2019-10-07 08:37:03,742 [pool-393-thread-1] INFO  server.RaftServerConfigKeys (ConfUtils.java:logGet(43)) - raft.server.notification.no-leader.timeout = 120s (custom)
2019-10-07 08:37:03,742 [pool-393-thread-1] INFO  server.RaftServerConfigKeys (ConfUtils.java:logGet(43)) - raft.server.log.use.memory = false (default)
2019-10-07 08:37:03,743 [pool-393-thread-1] INFO  server.RaftServerConfigKeys (ConfUtils.java:logGet(43)) - raft.server.log.purge.gap = 1000000 (custom)
2019-10-07 08:37:03,743 [pool-393-thread-1] INFO  server.RaftServerConfigKeys (ConfUtils.java:logGet(43)) - raft.server.log.appender.buffer.byte-limit = 33554432 (custom)
2019-10-07 08:37:03,743 [pool-393-thread-1] INFO  server.RaftServerConfigKeys (ConfUtils.java:logGet(43)) - raft.server.log.segment.size.max = 1048576 (custom)
2019-10-07 08:37:03,744 [pool-393-thread-1] INFO  server.RaftServerConfigKeys (ConfUtils.java:logGet(43)) - raft.server.log.segment.cache.num.max = 2 (custom)
2019-10-07 08:37:03,744 [pool-393-thread-1] INFO  segmented.SegmentedRaftLogWorker (SegmentedRaftLogWorker.java:<init>(173)) - new eb6a73ac-d0e4-4fb6-856e-0478ba25526d@group-67DFBB9CA428-SegmentedRaftLogWorker for RaftStorage:Storage Directory /workdir/hadoop-ozone/integration-test/target/test-dir/MiniOzoneClusterImpl-eeb6af2b-3ac5-495a-9d4c-d36463802584/datanode-1/data/ratis/d8bbe342-ef14-4024-8368-67dfbb9ca428
2019-10-07 08:37:03,744 [pool-393-thread-1] INFO  server.RaftServerConfigKeys (ConfUtils.java:logGet(43)) - raft.server.log.queue.byte-limit = 2147483647 (custom)
2019-10-07 08:37:03,745 [pool-393-thread-1] INFO  server.RaftServerConfigKeys (ConfUtils.java:logGet(43)) - raft.server.log.queue.element-limit = 1024 (custom)
2019-10-07 08:37:03,745 [pool-393-thread-1] INFO  server.RaftServerConfigKeys (ConfUtils.java:logGet(43)) - raft.server.log.segment.size.max = 1048576 (custom)
2019-10-07 08:37:03,745 [pool-393-thread-1] INFO  server.RaftServerConfigKeys (ConfUtils.java:logGet(43)) - raft.server.log.preallocated.size = 16384 (custom)
2019-10-07 08:37:03,745 [pool-393-thread-1] INFO  server.RaftServerConfigKeys (ConfUtils.java:logGet(43)) - raft.server.log.write.buffer.size = 33554432 (custom)
2019-10-07 08:37:03,745 [pool-393-thread-1] INFO  server.RaftServerConfigKeys (ConfUtils.java:logGet(43)) - raft.server.log.force.sync.num = 128 (default)
2019-10-07 08:37:03,745 [pool-393-thread-1] INFO  server.RaftServerConfigKeys (ConfUtils.java:logGet(43)) - raft.server.log.statemachine.data.sync = true (default)
2019-10-07 08:37:03,745 [pool-393-thread-1] INFO  server.RaftServerConfigKeys (ConfUtils.java:logGet(43)) - raft.server.log.statemachine.data.sync.timeout = 10s (default)
2019-10-07 08:37:03,745 [pool-393-thread-1] INFO  server.RaftServerConfigKeys (ConfUtils.java:logGet(43)) - raft.server.log.statemachine.data.sync.timeout.retry = -1 (default)
2019-10-07 08:37:03,745 [pool-393-thread-1] INFO  server.RaftServerConfigKeys (ConfUtils.java:logGet(43)) - raft.server.log.statemachine.data.caching.enabled = true (custom)
2019-10-07 08:37:03,746 [pool-393-thread-1] INFO  segmented.SegmentedRaftLogWorker (SegmentedRaftLogWorker.java:lambda$new$0(128)) - eb6a73ac-d0e4-4fb6-856e-0478ba25526d@group-67DFBB9CA428-SegmentedRaftLogWorker: flushIndex: setUnconditionally 0 -> -1
2019-10-07 08:37:03,746 [pool-393-thread-1] INFO  server.RaftServerConfigKeys (ConfUtils.java:logGet(43)) - raft.server.snapshot.auto.trigger.enabled = true (custom)
2019-10-07 08:37:03,746 [pool-393-thread-1] INFO  server.RaftServerConfigKeys (ConfUtils.java:logGet(43)) - raft.server.snapshot.auto.trigger.threshold = 10000 (custom)
2019-10-07 08:37:03,746 [pool-393-thread-1] INFO  server.RaftServerConfigKeys (ConfUtils.java:logGet(43)) - raft.server.snapshot.retention.file.num = 5 (custom)
2019-10-07 08:37:03,746 [pool-393-thread-1] INFO  server.RaftServerConfigKeys (ConfUtils.java:logGet(43)) - raft.server.retrycache.expirytime = 600000ms (custom)
2019-10-07 08:37:03,748 [pool-393-thread-1] INFO  impl.RaftServerImpl (RaftServerImpl.java:start(181)) - eb6a73ac-d0e4-4fb6-856e-0478ba25526d@group-67DFBB9CA428: start as a follower, conf=-1: [eb6a73ac-d0e4-4fb6-856e-0478ba25526d:192.168.164.213:39316], old=null
2019-10-07 08:37:03,748 [pool-393-thread-1] INFO  impl.RaftServerImpl (RaftServerImpl.java:setRole(170)) - eb6a73ac-d0e4-4fb6-856e-0478ba25526d@group-67DFBB9CA428: changes role from      null to FOLLOWER at term 0 for startAsFollower
2019-10-07 08:37:03,748 [pool-393-thread-1] INFO  impl.RoleInfo (RoleInfo.java:updateAndGet(143)) - eb6a73ac-d0e4-4fb6-856e-0478ba25526d: start FollowerState
2019-10-07 08:37:03,748 [pool-393-thread-1] INFO  util.JmxRegister (JmxRegister.java:tryRegister(44)) - Successfully registered JMX Bean with object name Ratis:service=RaftServer,group=group-67DFBB9CA428,id=eb6a73ac-d0e4-4fb6-856e-0478ba25526d
2019-10-07 08:37:03,752 [RatisPipelineUtilsThread] INFO  pipeline.PipelineStateManager (PipelineStateManager.java:addPipeline(56)) - Created pipeline Pipeline[ Id: d8bbe342-ef14-4024-8368-67dfbb9ca428, Nodes: eb6a73ac-d0e4-4fb6-856e-0478ba25526d{ip: 192.168.164.213, host: pr-hdds-2238-79fll-759901082, networkLocation: /default-rack, certSerialId: null}, Type:RATIS, Factor:ONE, State:OPEN]
2019-10-07 08:37:03,763 [grpc-default-executor-3] INFO  impl.RaftServerProxy (RaftServerProxy.java:addNew(89)) - 06c4234e-1118-48a4-b33d-29d25b877864: addNew group-34C194BC4FBC:[06c4234e-1118-48a4-b33d-29d25b877864:192.168.164.213:45253] returns group-34C194BC4FBC:java.util.concurrent.CompletableFuture@5830b01a[Not completed]
2019-10-07 08:37:03,763 [pool-403-thread-1] INFO  impl.RaftServerImpl (RaftServerImpl.java:<init>(95)) - 06c4234e-1118-48a4-b33d-29d25b877864: new RaftServerImpl for group-34C194BC4FBC:[06c4234e-1118-48a4-b33d-29d25b877864:192.168.164.213:45253] with ContainerStateMachine:uninitialized
2019-10-07 08:37:03,764 [pool-403-thread-1] INFO  server.RaftServerConfigKeys (ConfUtils.java:logGet(43)) - raft.server.rpc.timeout.min = 5s (custom)
2019-10-07 08:37:03,764 [pool-403-thread-1] INFO  server.RaftServerConfigKeys (ConfUtils.java:logGet(43)) - raft.server.rpc.timeout.max = 5200ms (custom)
2019-10-07 08:37:03,764 [pool-403-thread-1] INFO  server.RaftServerConfigKeys (ConfUtils.java:logGet(43)) - raft.server.rpcslowness.timeout = 120s (custom)
2019-10-07 08:37:03,764 [pool-403-thread-1] INFO  server.RaftServerConfigKeys (ConfUtils.java:logGet(43)) - raft.server.sleep.deviation.threshold = 300 (default)
2019-10-07 08:37:03,764 [pool-403-thread-1] INFO  server.RaftServerConfigKeys (ConfUtils.java:logGet(43)) - raft.server.log.appender.install.snapshot.enabled = false (custom)
2019-10-07 08:37:03,764 [pool-403-thread-1] INFO  impl.RaftServerImpl (ServerState.java:<init>(103)) - 06c4234e-1118-48a4-b33d-29d25b877864@group-34C194BC4FBC: ConfigurationManager, init=-1: [06c4234e-1118-48a4-b33d-29d25b877864:192.168.164.213:45253], old=null, confs=<EMPTY_MAP>
2019-10-07 08:37:03,764 [pool-403-thread-1] INFO  server.RaftServerConfigKeys (ConfUtils.java:logGet(43)) - raft.server.storage.dir = [/workdir/hadoop-ozone/integration-test/target/test-dir/MiniOzoneClusterImpl-eeb6af2b-3ac5-495a-9d4c-d36463802584/datanode-2/data/ratis] (custom)
2019-10-07 08:37:03,764 [pool-403-thread-1] INFO  server.RaftServerConfigKeys (ConfUtils.java:logGet(43)) - raft.server.log.corruption.policy = EXCEPTION (default)
2019-10-07 08:37:03,765 [pool-403-thread-1] INFO  storage.RaftStorageDirectory (RaftStorageDirectory.java:analyzeStorage(246)) - The storage directory /workdir/hadoop-ozone/integration-test/target/test-dir/MiniOzoneClusterImpl-eeb6af2b-3ac5-495a-9d4c-d36463802584/datanode-2/data/ratis/4dbf179f-11f6-48d7-ab7e-34c194bc4fbc does not exist. Creating ...
2019-10-07 08:37:03,792 [IPC Server handler 5 on 34452] INFO  net.NetworkTopology (NetworkTopologyImpl.java:add(111)) - Added a new node: /default-rack/e8275982-c4f0-4f6a-81d1-14244c39973d
2019-10-07 08:37:03,792 [IPC Server handler 5 on 34452] INFO  node.SCMNodeManager (SCMNodeManager.java:register(268)) - Registered Data node : e8275982-c4f0-4f6a-81d1-14244c39973d{ip: 192.168.164.213, host: pr-hdds-2238-79fll-759901082, networkLocation: /default-rack, certSerialId: null}
2019-10-07 08:37:03,800 [pool-403-thread-1] INFO  storage.RaftStorageDirectory (RaftStorageDirectory.java:tryLock(328)) - Lock on /workdir/hadoop-ozone/integration-test/target/test-dir/MiniOzoneClusterImpl-eeb6af2b-3ac5-495a-9d4c-d36463802584/datanode-2/data/ratis/4dbf179f-11f6-48d7-ab7e-34c194bc4fbc/in_use.lock acquired by nodename 18073@pr-hdds-2238-79fll-759901082
2019-10-07 08:37:03,817 [pool-403-thread-1] INFO  storage.RaftStorage (RaftStorage.java:format(84)) - Storage directory /workdir/hadoop-ozone/integration-test/target/test-dir/MiniOzoneClusterImpl-eeb6af2b-3ac5-495a-9d4c-d36463802584/datanode-2/data/ratis/4dbf179f-11f6-48d7-ab7e-34c194bc4fbc has been successfully formatted.
2019-10-07 08:37:03,817 [pool-403-thread-1] INFO  ratis.ContainerStateMachine (ContainerStateMachine.java:loadSnapshot(231)) - group-34C194BC4FBC: The snapshot info is null. Setting the last applied indexto:(t:0, i:~)
2019-10-07 08:37:03,818 [pool-403-thread-1] INFO  server.RaftServerConfigKeys (ConfUtils.java:logGet(43)) - raft.server.notification.no-leader.timeout = 120s (custom)
2019-10-07 08:37:03,818 [pool-403-thread-1] INFO  server.RaftServerConfigKeys (ConfUtils.java:logGet(43)) - raft.server.log.use.memory = false (default)
2019-10-07 08:37:03,818 [pool-403-thread-1] INFO  server.RaftServerConfigKeys (ConfUtils.java:logGet(43)) - raft.server.log.purge.gap = 1000000 (custom)
2019-10-07 08:37:03,818 [pool-403-thread-1] INFO  server.RaftServerConfigKeys (ConfUtils.java:logGet(43)) - raft.server.log.appender.buffer.byte-limit = 33554432 (custom)
2019-10-07 08:37:03,818 [pool-403-thread-1] INFO  server.RaftServerConfigKeys (ConfUtils.java:logGet(43)) - raft.server.log.segment.size.max = 1048576 (custom)
2019-10-07 08:37:03,819 [pool-403-thread-1] INFO  server.RaftServerConfigKeys (ConfUtils.java:logGet(43)) - raft.server.log.segment.cache.num.max = 2 (custom)
2019-10-07 08:37:03,820 [pool-403-thread-1] INFO  segmented.SegmentedRaftLogWorker (SegmentedRaftLogWorker.java:<init>(173)) - new 06c4234e-1118-48a4-b33d-29d25b877864@group-34C194BC4FBC-SegmentedRaftLogWorker for RaftStorage:Storage Directory /workdir/hadoop-ozone/integration-test/target/test-dir/MiniOzoneClusterImpl-eeb6af2b-3ac5-495a-9d4c-d36463802584/datanode-2/data/ratis/4dbf179f-11f6-48d7-ab7e-34c194bc4fbc
2019-10-07 08:37:03,820 [pool-403-thread-1] INFO  server.RaftServerConfigKeys (ConfUtils.java:logGet(43)) - raft.server.log.queue.byte-limit = 2147483647 (custom)
2019-10-07 08:37:03,820 [pool-403-thread-1] INFO  server.RaftServerConfigKeys (ConfUtils.java:logGet(43)) - raft.server.log.queue.element-limit = 1024 (custom)
2019-10-07 08:37:03,820 [pool-403-thread-1] INFO  server.RaftServerConfigKeys (ConfUtils.java:logGet(43)) - raft.server.log.segment.size.max = 1048576 (custom)
2019-10-07 08:37:03,820 [pool-403-thread-1] INFO  server.RaftServerConfigKeys (ConfUtils.java:logGet(43)) - raft.server.log.preallocated.size = 16384 (custom)
2019-10-07 08:37:03,820 [pool-403-thread-1] INFO  server.RaftServerConfigKeys (ConfUtils.java:logGet(43)) - raft.server.log.write.buffer.size = 33554432 (custom)
2019-10-07 08:37:03,820 [pool-403-thread-1] INFO  server.RaftServerConfigKeys (ConfUtils.java:logGet(43)) - raft.server.log.force.sync.num = 128 (default)
2019-10-07 08:37:03,820 [pool-403-thread-1] INFO  server.RaftServerConfigKeys (ConfUtils.java:logGet(43)) - raft.server.log.statemachine.data.sync = true (default)
2019-10-07 08:37:03,820 [pool-403-thread-1] INFO  server.RaftServerConfigKeys (ConfUtils.java:logGet(43)) - raft.server.log.statemachine.data.sync.timeout = 10s (default)
2019-10-07 08:37:03,820 [pool-403-thread-1] INFO  server.RaftServerConfigKeys (ConfUtils.java:logGet(43)) - raft.server.log.statemachine.data.sync.timeout.retry = -1 (default)
2019-10-07 08:37:03,821 [pool-403-thread-1] INFO  server.RaftServerConfigKeys (ConfUtils.java:logGet(43)) - raft.server.log.statemachine.data.caching.enabled = true (custom)
2019-10-07 08:37:03,821 [pool-403-thread-1] INFO  segmented.SegmentedRaftLogWorker (SegmentedRaftLogWorker.java:lambda$new$0(128)) - 06c4234e-1118-48a4-b33d-29d25b877864@group-34C194BC4FBC-SegmentedRaftLogWorker: flushIndex: setUnconditionally 0 -> -1
2019-10-07 08:37:03,821 [pool-403-thread-1] INFO  server.RaftServerConfigKeys (ConfUtils.java:logGet(43)) - raft.server.snapshot.auto.trigger.enabled = true (custom)
2019-10-07 08:37:03,821 [pool-403-thread-1] INFO  server.RaftServerConfigKeys (ConfUtils.java:logGet(43)) - raft.server.snapshot.auto.trigger.threshold = 10000 (custom)
2019-10-07 08:37:03,822 [pool-403-thread-1] INFO  server.RaftServerConfigKeys (ConfUtils.java:logGet(43)) - raft.server.snapshot.retention.file.num = 5 (custom)
2019-10-07 08:37:03,822 [pool-403-thread-1] INFO  server.RaftServerConfigKeys (ConfUtils.java:logGet(43)) - raft.server.retrycache.expirytime = 600000ms (custom)
2019-10-07 08:37:03,823 [pool-403-thread-1] INFO  impl.RaftServerImpl (RaftServerImpl.java:start(181)) - 06c4234e-1118-48a4-b33d-29d25b877864@group-34C194BC4FBC: start as a follower, conf=-1: [06c4234e-1118-48a4-b33d-29d25b877864:192.168.164.213:45253], old=null
2019-10-07 08:37:03,823 [pool-403-thread-1] INFO  impl.RaftServerImpl (RaftServerImpl.java:setRole(170)) - 06c4234e-1118-48a4-b33d-29d25b877864@group-34C194BC4FBC: changes role from      null to FOLLOWER at term 0 for startAsFollower
2019-10-07 08:37:03,823 [pool-403-thread-1] INFO  impl.RoleInfo (RoleInfo.java:updateAndGet(143)) - 06c4234e-1118-48a4-b33d-29d25b877864: start FollowerState
2019-10-07 08:37:03,823 [pool-403-thread-1] INFO  util.JmxRegister (JmxRegister.java:tryRegister(44)) - Successfully registered JMX Bean with object name Ratis:service=RaftServer,group=group-34C194BC4FBC,id=06c4234e-1118-48a4-b33d-29d25b877864
2019-10-07 08:37:03,827 [RatisPipelineUtilsThread] INFO  pipeline.PipelineStateManager (PipelineStateManager.java:addPipeline(56)) - Created pipeline Pipeline[ Id: 4dbf179f-11f6-48d7-ab7e-34c194bc4fbc, Nodes: 06c4234e-1118-48a4-b33d-29d25b877864{ip: 192.168.164.213, host: pr-hdds-2238-79fll-759901082, networkLocation: /default-rack, certSerialId: null}, Type:RATIS, Factor:ONE, State:OPEN]
2019-10-07 08:37:03,834 [grpc-default-executor-3] INFO  impl.RaftServerProxy (RaftServerProxy.java:addNew(89)) - e8275982-c4f0-4f6a-81d1-14244c39973d: addNew group-AC41A559A5B5:[e8275982-c4f0-4f6a-81d1-14244c39973d:192.168.164.213:35648] returns group-AC41A559A5B5:java.util.concurrent.CompletableFuture@546ff3aa[Not completed]
2019-10-07 08:37:03,836 [pool-413-thread-1] INFO  impl.RaftServerImpl (RaftServerImpl.java:<init>(95)) - e8275982-c4f0-4f6a-81d1-14244c39973d: new RaftServerImpl for group-AC41A559A5B5:[e8275982-c4f0-4f6a-81d1-14244c39973d:192.168.164.213:35648] with ContainerStateMachine:uninitialized
2019-10-07 08:37:03,836 [pool-413-thread-1] INFO  server.RaftServerConfigKeys (ConfUtils.java:logGet(43)) - raft.server.rpc.timeout.min = 5s (custom)
2019-10-07 08:37:03,836 [pool-413-thread-1] INFO  server.RaftServerConfigKeys (ConfUtils.java:logGet(43)) - raft.server.rpc.timeout.max = 5200ms (custom)
2019-10-07 08:37:03,836 [pool-413-thread-1] INFO  server.RaftServerConfigKeys (ConfUtils.java:logGet(43)) - raft.server.rpcslowness.timeout = 120s (custom)
2019-10-07 08:37:03,836 [pool-413-thread-1] INFO  server.RaftServerConfigKeys (ConfUtils.java:logGet(43)) - raft.server.sleep.deviation.threshold = 300 (default)
2019-10-07 08:37:03,836 [pool-413-thread-1] INFO  server.RaftServerConfigKeys (ConfUtils.java:logGet(43)) - raft.server.log.appender.install.snapshot.enabled = false (custom)
2019-10-07 08:37:03,836 [pool-413-thread-1] INFO  impl.RaftServerImpl (ServerState.java:<init>(103)) - e8275982-c4f0-4f6a-81d1-14244c39973d@group-AC41A559A5B5: ConfigurationManager, init=-1: [e8275982-c4f0-4f6a-81d1-14244c39973d:192.168.164.213:35648], old=null, confs=<EMPTY_MAP>
2019-10-07 08:37:03,836 [pool-413-thread-1] INFO  server.RaftServerConfigKeys (ConfUtils.java:logGet(43)) - raft.server.storage.dir = [/workdir/hadoop-ozone/integration-test/target/test-dir/MiniOzoneClusterImpl-eeb6af2b-3ac5-495a-9d4c-d36463802584/datanode-3/data/ratis] (custom)
2019-10-07 08:37:03,837 [pool-413-thread-1] INFO  server.RaftServerConfigKeys (ConfUtils.java:logGet(43)) - raft.server.log.corruption.policy = EXCEPTION (default)
2019-10-07 08:37:03,837 [pool-413-thread-1] INFO  storage.RaftStorageDirectory (RaftStorageDirectory.java:analyzeStorage(246)) - The storage directory /workdir/hadoop-ozone/integration-test/target/test-dir/MiniOzoneClusterImpl-eeb6af2b-3ac5-495a-9d4c-d36463802584/datanode-3/data/ratis/60af9bb4-3286-42c8-bb0d-ac41a559a5b5 does not exist. Creating ...
2019-10-07 08:37:03,865 [IPC Server handler 4 on 34452] INFO  net.NetworkTopology (NetworkTopologyImpl.java:add(111)) - Added a new node: /default-rack/6ae374d6-c68f-4fb2-b074-cf4b80da5fbb
2019-10-07 08:37:03,865 [IPC Server handler 4 on 34452] INFO  node.SCMNodeManager (SCMNodeManager.java:register(268)) - Registered Data node : 6ae374d6-c68f-4fb2-b074-cf4b80da5fbb{ip: 192.168.164.213, host: pr-hdds-2238-79fll-759901082, networkLocation: /default-rack, certSerialId: null}
2019-10-07 08:37:03,867 [pool-413-thread-1] INFO  storage.RaftStorageDirectory (RaftStorageDirectory.java:tryLock(328)) - Lock on /workdir/hadoop-ozone/integration-test/target/test-dir/MiniOzoneClusterImpl-eeb6af2b-3ac5-495a-9d4c-d36463802584/datanode-3/data/ratis/60af9bb4-3286-42c8-bb0d-ac41a559a5b5/in_use.lock acquired by nodename 18073@pr-hdds-2238-79fll-759901082
2019-10-07 08:37:03,893 [pool-413-thread-1] INFO  storage.RaftStorage (RaftStorage.java:format(84)) - Storage directory /workdir/hadoop-ozone/integration-test/target/test-dir/MiniOzoneClusterImpl-eeb6af2b-3ac5-495a-9d4c-d36463802584/datanode-3/data/ratis/60af9bb4-3286-42c8-bb0d-ac41a559a5b5 has been successfully formatted.
2019-10-07 08:37:03,893 [pool-413-thread-1] INFO  ratis.ContainerStateMachine (ContainerStateMachine.java:loadSnapshot(231)) - group-AC41A559A5B5: The snapshot info is null. Setting the last applied indexto:(t:0, i:~)
2019-10-07 08:37:03,893 [pool-413-thread-1] INFO  server.RaftServerConfigKeys (ConfUtils.java:logGet(43)) - raft.server.notification.no-leader.timeout = 120s (custom)
2019-10-07 08:37:03,893 [pool-413-thread-1] INFO  server.RaftServerConfigKeys (ConfUtils.java:logGet(43)) - raft.server.log.use.memory = false (default)
2019-10-07 08:37:03,894 [pool-413-thread-1] INFO  server.RaftServerConfigKeys (ConfUtils.java:logGet(43)) - raft.server.log.purge.gap = 1000000 (custom)
2019-10-07 08:37:03,894 [pool-413-thread-1] INFO  server.RaftServerConfigKeys (ConfUtils.java:logGet(43)) - raft.server.log.appender.buffer.byte-limit = 33554432 (custom)
2019-10-07 08:37:03,894 [pool-413-thread-1] INFO  server.RaftServerConfigKeys (ConfUtils.java:logGet(43)) - raft.server.log.segment.size.max = 1048576 (custom)
2019-10-07 08:37:03,895 [pool-413-thread-1] INFO  server.RaftServerConfigKeys (ConfUtils.java:logGet(43)) - raft.server.log.segment.cache.num.max = 2 (custom)
2019-10-07 08:37:03,895 [pool-413-thread-1] INFO  segmented.SegmentedRaftLogWorker (SegmentedRaftLogWorker.java:<init>(173)) - new e8275982-c4f0-4f6a-81d1-14244c39973d@group-AC41A559A5B5-SegmentedRaftLogWorker for RaftStorage:Storage Directory /workdir/hadoop-ozone/integration-test/target/test-dir/MiniOzoneClusterImpl-eeb6af2b-3ac5-495a-9d4c-d36463802584/datanode-3/data/ratis/60af9bb4-3286-42c8-bb0d-ac41a559a5b5
2019-10-07 08:37:03,895 [pool-413-thread-1] INFO  server.RaftServerConfigKeys (ConfUtils.java:logGet(43)) - raft.server.log.queue.byte-limit = 2147483647 (custom)
2019-10-07 08:37:03,896 [pool-413-thread-1] INFO  server.RaftServerConfigKeys (ConfUtils.java:logGet(43)) - raft.server.log.queue.element-limit = 1024 (custom)
2019-10-07 08:37:03,896 [pool-413-thread-1] INFO  server.RaftServerConfigKeys (ConfUtils.java:logGet(43)) - raft.server.log.segment.size.max = 1048576 (custom)
2019-10-07 08:37:03,896 [pool-413-thread-1] INFO  server.RaftServerConfigKeys (ConfUtils.java:logGet(43)) - raft.server.log.preallocated.size = 16384 (custom)
2019-10-07 08:37:03,896 [pool-413-thread-1] INFO  server.RaftServerConfigKeys (ConfUtils.java:logGet(43)) - raft.server.log.write.buffer.size = 33554432 (custom)
2019-10-07 08:37:03,896 [pool-413-thread-1] INFO  server.RaftServerConfigKeys (ConfUtils.java:logGet(43)) - raft.server.log.force.sync.num = 128 (default)
2019-10-07 08:37:03,896 [pool-413-thread-1] INFO  server.RaftServerConfigKeys (ConfUtils.java:logGet(43)) - raft.server.log.statemachine.data.sync = true (default)
2019-10-07 08:37:03,896 [pool-413-thread-1] INFO  server.RaftServerConfigKeys (ConfUtils.java:logGet(43)) - raft.server.log.statemachine.data.sync.timeout = 10s (default)
2019-10-07 08:37:03,896 [pool-413-thread-1] INFO  server.RaftServerConfigKeys (ConfUtils.java:logGet(43)) - raft.server.log.statemachine.data.sync.timeout.retry = -1 (default)
2019-10-07 08:37:03,897 [pool-413-thread-1] INFO  server.RaftServerConfigKeys (ConfUtils.java:logGet(43)) - raft.server.log.statemachine.data.caching.enabled = true (custom)
2019-10-07 08:37:03,897 [pool-413-thread-1] INFO  segmented.SegmentedRaftLogWorker (SegmentedRaftLogWorker.java:lambda$new$0(128)) - e8275982-c4f0-4f6a-81d1-14244c39973d@group-AC41A559A5B5-SegmentedRaftLogWorker: flushIndex: setUnconditionally 0 -> -1
2019-10-07 08:37:03,897 [pool-413-thread-1] INFO  server.RaftServerConfigKeys (ConfUtils.java:logGet(43)) - raft.server.snapshot.auto.trigger.enabled = true (custom)
2019-10-07 08:37:03,897 [pool-413-thread-1] INFO  server.RaftServerConfigKeys (ConfUtils.java:logGet(43)) - raft.server.snapshot.auto.trigger.threshold = 10000 (custom)
2019-10-07 08:37:03,897 [pool-413-thread-1] INFO  server.RaftServerConfigKeys (ConfUtils.java:logGet(43)) - raft.server.snapshot.retention.file.num = 5 (custom)
2019-10-07 08:37:03,897 [pool-413-thread-1] INFO  server.RaftServerConfigKeys (ConfUtils.java:logGet(43)) - raft.server.retrycache.expirytime = 600000ms (custom)
2019-10-07 08:37:03,899 [pool-413-thread-1] INFO  impl.RaftServerImpl (RaftServerImpl.java:start(181)) - e8275982-c4f0-4f6a-81d1-14244c39973d@group-AC41A559A5B5: start as a follower, conf=-1: [e8275982-c4f0-4f6a-81d1-14244c39973d:192.168.164.213:35648], old=null
2019-10-07 08:37:03,899 [pool-413-thread-1] INFO  impl.RaftServerImpl (RaftServerImpl.java:setRole(170)) - e8275982-c4f0-4f6a-81d1-14244c39973d@group-AC41A559A5B5: changes role from      null to FOLLOWER at term 0 for startAsFollower
2019-10-07 08:37:03,900 [pool-413-thread-1] INFO  impl.RoleInfo (RoleInfo.java:updateAndGet(143)) - e8275982-c4f0-4f6a-81d1-14244c39973d: start FollowerState
2019-10-07 08:37:03,900 [pool-413-thread-1] INFO  util.JmxRegister (JmxRegister.java:tryRegister(44)) - Successfully registered JMX Bean with object name Ratis:service=RaftServer,group=group-AC41A559A5B5,id=e8275982-c4f0-4f6a-81d1-14244c39973d
2019-10-07 08:37:03,904 [RatisPipelineUtilsThread] INFO  pipeline.PipelineStateManager (PipelineStateManager.java:addPipeline(56)) - Created pipeline Pipeline[ Id: 60af9bb4-3286-42c8-bb0d-ac41a559a5b5, Nodes: e8275982-c4f0-4f6a-81d1-14244c39973d{ip: 192.168.164.213, host: pr-hdds-2238-79fll-759901082, networkLocation: /default-rack, certSerialId: null}, Type:RATIS, Factor:ONE, State:OPEN]
2019-10-07 08:37:03,911 [grpc-default-executor-3] INFO  impl.RaftServerProxy (RaftServerProxy.java:addNew(89)) - 6ae374d6-c68f-4fb2-b074-cf4b80da5fbb: addNew group-24C58D0025F0:[6ae374d6-c68f-4fb2-b074-cf4b80da5fbb:192.168.164.213:43887] returns group-24C58D0025F0:java.util.concurrent.CompletableFuture@20d2e2ca[Not completed]
2019-10-07 08:37:03,913 [pool-423-thread-1] INFO  impl.RaftServerImpl (RaftServerImpl.java:<init>(95)) - 6ae374d6-c68f-4fb2-b074-cf4b80da5fbb: new RaftServerImpl for group-24C58D0025F0:[6ae374d6-c68f-4fb2-b074-cf4b80da5fbb:192.168.164.213:43887] with ContainerStateMachine:uninitialized
2019-10-07 08:37:03,913 [pool-423-thread-1] INFO  server.RaftServerConfigKeys (ConfUtils.java:logGet(43)) - raft.server.rpc.timeout.min = 5s (custom)
2019-10-07 08:37:03,913 [pool-423-thread-1] INFO  server.RaftServerConfigKeys (ConfUtils.java:logGet(43)) - raft.server.rpc.timeout.max = 5200ms (custom)
2019-10-07 08:37:03,913 [pool-423-thread-1] INFO  server.RaftServerConfigKeys (ConfUtils.java:logGet(43)) - raft.server.rpcslowness.timeout = 120s (custom)
2019-10-07 08:37:03,913 [pool-423-thread-1] INFO  server.RaftServerConfigKeys (ConfUtils.java:logGet(43)) - raft.server.sleep.deviation.threshold = 300 (default)
2019-10-07 08:37:03,913 [pool-423-thread-1] INFO  server.RaftServerConfigKeys (ConfUtils.java:logGet(43)) - raft.server.log.appender.install.snapshot.enabled = false (custom)
2019-10-07 08:37:03,914 [pool-423-thread-1] INFO  impl.RaftServerImpl (ServerState.java:<init>(103)) - 6ae374d6-c68f-4fb2-b074-cf4b80da5fbb@group-24C58D0025F0: ConfigurationManager, init=-1: [6ae374d6-c68f-4fb2-b074-cf4b80da5fbb:192.168.164.213:43887], old=null, confs=<EMPTY_MAP>
2019-10-07 08:37:03,914 [pool-423-thread-1] INFO  server.RaftServerConfigKeys (ConfUtils.java:logGet(43)) - raft.server.storage.dir = [/workdir/hadoop-ozone/integration-test/target/test-dir/MiniOzoneClusterImpl-eeb6af2b-3ac5-495a-9d4c-d36463802584/datanode-4/data/ratis] (custom)
2019-10-07 08:37:03,914 [pool-423-thread-1] INFO  server.RaftServerConfigKeys (ConfUtils.java:logGet(43)) - raft.server.log.corruption.policy = EXCEPTION (default)
2019-10-07 08:37:03,914 [pool-423-thread-1] INFO  storage.RaftStorageDirectory (RaftStorageDirectory.java:analyzeStorage(246)) - The storage directory /workdir/hadoop-ozone/integration-test/target/test-dir/MiniOzoneClusterImpl-eeb6af2b-3ac5-495a-9d4c-d36463802584/datanode-4/data/ratis/b40ecbba-58fc-447a-ad20-24c58d0025f0 does not exist. Creating ...
2019-10-07 08:37:03,931 [IPC Server handler 6 on 34452] INFO  net.NetworkTopology (NetworkTopologyImpl.java:add(111)) - Added a new node: /default-rack/facc726f-eef1-4279-9ef4-5657afb49c23
2019-10-07 08:37:03,932 [IPC Server handler 6 on 34452] INFO  node.SCMNodeManager (SCMNodeManager.java:register(268)) - Registered Data node : facc726f-eef1-4279-9ef4-5657afb49c23{ip: 192.168.164.213, host: pr-hdds-2238-79fll-759901082, networkLocation: /default-rack, certSerialId: null}
2019-10-07 08:37:03,943 [pool-423-thread-1] INFO  storage.RaftStorageDirectory (RaftStorageDirectory.java:tryLock(328)) - Lock on /workdir/hadoop-ozone/integration-test/target/test-dir/MiniOzoneClusterImpl-eeb6af2b-3ac5-495a-9d4c-d36463802584/datanode-4/data/ratis/b40ecbba-58fc-447a-ad20-24c58d0025f0/in_use.lock acquired by nodename 18073@pr-hdds-2238-79fll-759901082
2019-10-07 08:37:03,969 [pool-423-thread-1] INFO  storage.RaftStorage (RaftStorage.java:format(84)) - Storage directory /workdir/hadoop-ozone/integration-test/target/test-dir/MiniOzoneClusterImpl-eeb6af2b-3ac5-495a-9d4c-d36463802584/datanode-4/data/ratis/b40ecbba-58fc-447a-ad20-24c58d0025f0 has been successfully formatted.
2019-10-07 08:37:03,970 [pool-423-thread-1] INFO  ratis.ContainerStateMachine (ContainerStateMachine.java:loadSnapshot(231)) - group-24C58D0025F0: The snapshot info is null. Setting the last applied indexto:(t:0, i:~)
2019-10-07 08:37:03,970 [pool-423-thread-1] INFO  server.RaftServerConfigKeys (ConfUtils.java:logGet(43)) - raft.server.notification.no-leader.timeout = 120s (custom)
2019-10-07 08:37:03,970 [pool-423-thread-1] INFO  server.RaftServerConfigKeys (ConfUtils.java:logGet(43)) - raft.server.log.use.memory = false (default)
2019-10-07 08:37:03,970 [pool-423-thread-1] INFO  server.RaftServerConfigKeys (ConfUtils.java:logGet(43)) - raft.server.log.purge.gap = 1000000 (custom)
2019-10-07 08:37:03,970 [pool-423-thread-1] INFO  server.RaftServerConfigKeys (ConfUtils.java:logGet(43)) - raft.server.log.appender.buffer.byte-limit = 33554432 (custom)
2019-10-07 08:37:03,970 [pool-423-thread-1] INFO  server.RaftServerConfigKeys (ConfUtils.java:logGet(43)) - raft.server.log.segment.size.max = 1048576 (custom)
2019-10-07 08:37:03,972 [pool-423-thread-1] INFO  server.RaftServerConfigKeys (ConfUtils.java:logGet(43)) - raft.server.log.segment.cache.num.max = 2 (custom)
2019-10-07 08:37:03,972 [pool-423-thread-1] INFO  segmented.SegmentedRaftLogWorker (SegmentedRaftLogWorker.java:<init>(173)) - new 6ae374d6-c68f-4fb2-b074-cf4b80da5fbb@group-24C58D0025F0-SegmentedRaftLogWorker for RaftStorage:Storage Directory /workdir/hadoop-ozone/integration-test/target/test-dir/MiniOzoneClusterImpl-eeb6af2b-3ac5-495a-9d4c-d36463802584/datanode-4/data/ratis/b40ecbba-58fc-447a-ad20-24c58d0025f0
2019-10-07 08:37:03,972 [pool-423-thread-1] INFO  server.RaftServerConfigKeys (ConfUtils.java:logGet(43)) - raft.server.log.queue.byte-limit = 2147483647 (custom)
2019-10-07 08:37:03,972 [pool-423-thread-1] INFO  server.RaftServerConfigKeys (ConfUtils.java:logGet(43)) - raft.server.log.queue.element-limit = 1024 (custom)
2019-10-07 08:37:03,972 [pool-423-thread-1] INFO  server.RaftServerConfigKeys (ConfUtils.java:logGet(43)) - raft.server.log.segment.size.max = 1048576 (custom)
2019-10-07 08:37:03,973 [pool-423-thread-1] INFO  server.RaftServerConfigKeys (ConfUtils.java:logGet(43)) - raft.server.log.preallocated.size = 16384 (custom)
2019-10-07 08:37:03,973 [pool-423-thread-1] INFO  server.RaftServerConfigKeys (ConfUtils.java:logGet(43)) - raft.server.log.write.buffer.size = 33554432 (custom)
2019-10-07 08:37:03,973 [pool-423-thread-1] INFO  server.RaftServerConfigKeys (ConfUtils.java:logGet(43)) - raft.server.log.force.sync.num = 128 (default)
2019-10-07 08:37:03,973 [pool-423-thread-1] INFO  server.RaftServerConfigKeys (ConfUtils.java:logGet(43)) - raft.server.log.statemachine.data.sync = true (default)
2019-10-07 08:37:03,973 [pool-423-thread-1] INFO  server.RaftServerConfigKeys (ConfUtils.java:logGet(43)) - raft.server.log.statemachine.data.sync.timeout = 10s (default)
2019-10-07 08:37:03,973 [pool-423-thread-1] INFO  server.RaftServerConfigKeys (ConfUtils.java:logGet(43)) - raft.server.log.statemachine.data.sync.timeout.retry = -1 (default)
2019-10-07 08:37:03,973 [pool-423-thread-1] INFO  server.RaftServerConfigKeys (ConfUtils.java:logGet(43)) - raft.server.log.statemachine.data.caching.enabled = true (custom)
2019-10-07 08:37:03,974 [pool-423-thread-1] INFO  segmented.SegmentedRaftLogWorker (SegmentedRaftLogWorker.java:lambda$new$0(128)) - 6ae374d6-c68f-4fb2-b074-cf4b80da5fbb@group-24C58D0025F0-SegmentedRaftLogWorker: flushIndex: setUnconditionally 0 -> -1
2019-10-07 08:37:03,974 [pool-423-thread-1] INFO  server.RaftServerConfigKeys (ConfUtils.java:logGet(43)) - raft.server.snapshot.auto.trigger.enabled = true (custom)
2019-10-07 08:37:03,974 [pool-423-thread-1] INFO  server.RaftServerConfigKeys (ConfUtils.java:logGet(43)) - raft.server.snapshot.auto.trigger.threshold = 10000 (custom)
2019-10-07 08:37:03,974 [pool-423-thread-1] INFO  server.RaftServerConfigKeys (ConfUtils.java:logGet(43)) - raft.server.snapshot.retention.file.num = 5 (custom)
2019-10-07 08:37:03,974 [pool-423-thread-1] INFO  server.RaftServerConfigKeys (ConfUtils.java:logGet(43)) - raft.server.retrycache.expirytime = 600000ms (custom)
2019-10-07 08:37:03,976 [pool-423-thread-1] INFO  impl.RaftServerImpl (RaftServerImpl.java:start(181)) - 6ae374d6-c68f-4fb2-b074-cf4b80da5fbb@group-24C58D0025F0: start as a follower, conf=-1: [6ae374d6-c68f-4fb2-b074-cf4b80da5fbb:192.168.164.213:43887], old=null
2019-10-07 08:37:03,976 [pool-423-thread-1] INFO  impl.RaftServerImpl (RaftServerImpl.java:setRole(170)) - 6ae374d6-c68f-4fb2-b074-cf4b80da5fbb@group-24C58D0025F0: changes role from      null to FOLLOWER at term 0 for startAsFollower
2019-10-07 08:37:03,976 [pool-423-thread-1] INFO  impl.RoleInfo (RoleInfo.java:updateAndGet(143)) - 6ae374d6-c68f-4fb2-b074-cf4b80da5fbb: start FollowerState
2019-10-07 08:37:03,976 [pool-423-thread-1] INFO  util.JmxRegister (JmxRegister.java:tryRegister(44)) - Successfully registered JMX Bean with object name Ratis:service=RaftServer,group=group-24C58D0025F0,id=6ae374d6-c68f-4fb2-b074-cf4b80da5fbb
2019-10-07 08:37:03,980 [RatisPipelineUtilsThread] INFO  pipeline.PipelineStateManager (PipelineStateManager.java:addPipeline(56)) - Created pipeline Pipeline[ Id: b40ecbba-58fc-447a-ad20-24c58d0025f0, Nodes: 6ae374d6-c68f-4fb2-b074-cf4b80da5fbb{ip: 192.168.164.213, host: pr-hdds-2238-79fll-759901082, networkLocation: /default-rack, certSerialId: null}, Type:RATIS, Factor:ONE, State:OPEN]
2019-10-07 08:37:03,990 [grpc-default-executor-3] INFO  impl.RaftServerProxy (RaftServerProxy.java:addNew(89)) - facc726f-eef1-4279-9ef4-5657afb49c23: addNew group-375DFFFCB630:[facc726f-eef1-4279-9ef4-5657afb49c23:192.168.164.213:44964] returns group-375DFFFCB630:java.util.concurrent.CompletableFuture@691fb865[Not completed]
2019-10-07 08:37:03,992 [pool-433-thread-1] INFO  impl.RaftServerImpl (RaftServerImpl.java:<init>(95)) - facc726f-eef1-4279-9ef4-5657afb49c23: new RaftServerImpl for group-375DFFFCB630:[facc726f-eef1-4279-9ef4-5657afb49c23:192.168.164.213:44964] with ContainerStateMachine:uninitialized
2019-10-07 08:37:03,992 [pool-433-thread-1] INFO  server.RaftServerConfigKeys (ConfUtils.java:logGet(43)) - raft.server.rpc.timeout.min = 5s (custom)
2019-10-07 08:37:03,992 [pool-433-thread-1] INFO  server.RaftServerConfigKeys (ConfUtils.java:logGet(43)) - raft.server.rpc.timeout.max = 5200ms (custom)
2019-10-07 08:37:03,992 [pool-433-thread-1] INFO  server.RaftServerConfigKeys (ConfUtils.java:logGet(43)) - raft.server.rpcslowness.timeout = 120s (custom)
2019-10-07 08:37:03,992 [pool-433-thread-1] INFO  server.RaftServerConfigKeys (ConfUtils.java:logGet(43)) - raft.server.sleep.deviation.threshold = 300 (default)
2019-10-07 08:37:03,992 [pool-433-thread-1] INFO  server.RaftServerConfigKeys (ConfUtils.java:logGet(43)) - raft.server.log.appender.install.snapshot.enabled = false (custom)
2019-10-07 08:37:03,992 [pool-433-thread-1] INFO  impl.RaftServerImpl (ServerState.java:<init>(103)) - facc726f-eef1-4279-9ef4-5657afb49c23@group-375DFFFCB630: ConfigurationManager, init=-1: [facc726f-eef1-4279-9ef4-5657afb49c23:192.168.164.213:44964], old=null, confs=<EMPTY_MAP>
2019-10-07 08:37:03,992 [pool-433-thread-1] INFO  server.RaftServerConfigKeys (ConfUtils.java:logGet(43)) - raft.server.storage.dir = [/workdir/hadoop-ozone/integration-test/target/test-dir/MiniOzoneClusterImpl-eeb6af2b-3ac5-495a-9d4c-d36463802584/datanode-5/data/ratis] (custom)
2019-10-07 08:37:03,992 [pool-433-thread-1] INFO  server.RaftServerConfigKeys (ConfUtils.java:logGet(43)) - raft.server.log.corruption.policy = EXCEPTION (default)
2019-10-07 08:37:03,993 [pool-433-thread-1] INFO  storage.RaftStorageDirectory (RaftStorageDirectory.java:analyzeStorage(246)) - The storage directory /workdir/hadoop-ozone/integration-test/target/test-dir/MiniOzoneClusterImpl-eeb6af2b-3ac5-495a-9d4c-d36463802584/datanode-5/data/ratis/7ca9d94d-4484-4721-b5b5-375dfffcb630 does not exist. Creating ...
2019-10-07 08:37:03,997 [main] INFO  ozone.MiniOzoneClusterImpl (MiniOzoneClusterImpl.java:lambda$waitForClusterToBeReady$0(147)) - Waiting for cluster to be ready. Got 6 of 7 DN Heartbeats.
2019-10-07 08:37:03,997 [IPC Server handler 7 on 34452] INFO  net.NetworkTopology (NetworkTopologyImpl.java:add(111)) - Added a new node: /default-rack/99d98ad4-d4a6-43ab-a467-4b67e7daff9b
2019-10-07 08:37:03,998 [IPC Server handler 7 on 34452] INFO  node.SCMNodeManager (SCMNodeManager.java:register(268)) - Registered Data node : 99d98ad4-d4a6-43ab-a467-4b67e7daff9b{ip: 192.168.164.213, host: pr-hdds-2238-79fll-759901082, networkLocation: /default-rack, certSerialId: null}
2019-10-07 08:37:04,020 [pool-433-thread-1] INFO  storage.RaftStorageDirectory (RaftStorageDirectory.java:tryLock(328)) - Lock on /workdir/hadoop-ozone/integration-test/target/test-dir/MiniOzoneClusterImpl-eeb6af2b-3ac5-495a-9d4c-d36463802584/datanode-5/data/ratis/7ca9d94d-4484-4721-b5b5-375dfffcb630/in_use.lock acquired by nodename 18073@pr-hdds-2238-79fll-759901082
2019-10-07 08:37:04,045 [pool-433-thread-1] INFO  storage.RaftStorage (RaftStorage.java:format(84)) - Storage directory /workdir/hadoop-ozone/integration-test/target/test-dir/MiniOzoneClusterImpl-eeb6af2b-3ac5-495a-9d4c-d36463802584/datanode-5/data/ratis/7ca9d94d-4484-4721-b5b5-375dfffcb630 has been successfully formatted.
2019-10-07 08:37:04,045 [pool-433-thread-1] INFO  ratis.ContainerStateMachine (ContainerStateMachine.java:loadSnapshot(231)) - group-375DFFFCB630: The snapshot info is null. Setting the last applied indexto:(t:0, i:~)
2019-10-07 08:37:04,046 [pool-433-thread-1] INFO  server.RaftServerConfigKeys (ConfUtils.java:logGet(43)) - raft.server.notification.no-leader.timeout = 120s (custom)
2019-10-07 08:37:04,046 [pool-433-thread-1] INFO  server.RaftServerConfigKeys (ConfUtils.java:logGet(43)) - raft.server.log.use.memory = false (default)
2019-10-07 08:37:04,046 [pool-433-thread-1] INFO  server.RaftServerConfigKeys (ConfUtils.java:logGet(43)) - raft.server.log.purge.gap = 1000000 (custom)
2019-10-07 08:37:04,046 [pool-433-thread-1] INFO  server.RaftServerConfigKeys (ConfUtils.java:logGet(43)) - raft.server.log.appender.buffer.byte-limit = 33554432 (custom)
2019-10-07 08:37:04,046 [pool-433-thread-1] INFO  server.RaftServerConfigKeys (ConfUtils.java:logGet(43)) - raft.server.log.segment.size.max = 1048576 (custom)
2019-10-07 08:37:04,047 [pool-433-thread-1] INFO  server.RaftServerConfigKeys (ConfUtils.java:logGet(43)) - raft.server.log.segment.cache.num.max = 2 (custom)
2019-10-07 08:37:04,048 [pool-433-thread-1] INFO  segmented.SegmentedRaftLogWorker (SegmentedRaftLogWorker.java:<init>(173)) - new facc726f-eef1-4279-9ef4-5657afb49c23@group-375DFFFCB630-SegmentedRaftLogWorker for RaftStorage:Storage Directory /workdir/hadoop-ozone/integration-test/target/test-dir/MiniOzoneClusterImpl-eeb6af2b-3ac5-495a-9d4c-d36463802584/datanode-5/data/ratis/7ca9d94d-4484-4721-b5b5-375dfffcb630
2019-10-07 08:37:04,048 [pool-433-thread-1] INFO  server.RaftServerConfigKeys (ConfUtils.java:logGet(43)) - raft.server.log.queue.byte-limit = 2147483647 (custom)
2019-10-07 08:37:04,048 [pool-433-thread-1] INFO  server.RaftServerConfigKeys (ConfUtils.java:logGet(43)) - raft.server.log.queue.element-limit = 1024 (custom)
2019-10-07 08:37:04,048 [pool-433-thread-1] INFO  server.RaftServerConfigKeys (ConfUtils.java:logGet(43)) - raft.server.log.segment.size.max = 1048576 (custom)
2019-10-07 08:37:04,048 [pool-433-thread-1] INFO  server.RaftServerConfigKeys (ConfUtils.java:logGet(43)) - raft.server.log.preallocated.size = 16384 (custom)
2019-10-07 08:37:04,048 [pool-433-thread-1] INFO  server.RaftServerConfigKeys (ConfUtils.java:logGet(43)) - raft.server.log.write.buffer.size = 33554432 (custom)
2019-10-07 08:37:04,048 [pool-433-thread-1] INFO  server.RaftServerConfigKeys (ConfUtils.java:logGet(43)) - raft.server.log.force.sync.num = 128 (default)
2019-10-07 08:37:04,048 [pool-433-thread-1] INFO  server.RaftServerConfigKeys (ConfUtils.java:logGet(43)) - raft.server.log.statemachine.data.sync = true (default)
2019-10-07 08:37:04,048 [pool-433-thread-1] INFO  server.RaftServerConfigKeys (ConfUtils.java:logGet(43)) - raft.server.log.statemachine.data.sync.timeout = 10s (default)
2019-10-07 08:37:04,049 [pool-433-thread-1] INFO  server.RaftServerConfigKeys (ConfUtils.java:logGet(43)) - raft.server.log.statemachine.data.sync.timeout.retry = -1 (default)
2019-10-07 08:37:04,049 [pool-433-thread-1] INFO  server.RaftServerConfigKeys (ConfUtils.java:logGet(43)) - raft.server.log.statemachine.data.caching.enabled = true (custom)
2019-10-07 08:37:04,049 [pool-433-thread-1] INFO  segmented.SegmentedRaftLogWorker (SegmentedRaftLogWorker.java:lambda$new$0(128)) - facc726f-eef1-4279-9ef4-5657afb49c23@group-375DFFFCB630-SegmentedRaftLogWorker: flushIndex: setUnconditionally 0 -> -1
2019-10-07 08:37:04,049 [pool-433-thread-1] INFO  server.RaftServerConfigKeys (ConfUtils.java:logGet(43)) - raft.server.snapshot.auto.trigger.enabled = true (custom)
2019-10-07 08:37:04,049 [pool-433-thread-1] INFO  server.RaftServerConfigKeys (ConfUtils.java:logGet(43)) - raft.server.snapshot.auto.trigger.threshold = 10000 (custom)
2019-10-07 08:37:04,050 [pool-433-thread-1] INFO  server.RaftServerConfigKeys (ConfUtils.java:logGet(43)) - raft.server.snapshot.retention.file.num = 5 (custom)
2019-10-07 08:37:04,050 [pool-433-thread-1] INFO  server.RaftServerConfigKeys (ConfUtils.java:logGet(43)) - raft.server.retrycache.expirytime = 600000ms (custom)
2019-10-07 08:37:04,051 [pool-433-thread-1] INFO  impl.RaftServerImpl (RaftServerImpl.java:start(181)) - facc726f-eef1-4279-9ef4-5657afb49c23@group-375DFFFCB630: start as a follower, conf=-1: [facc726f-eef1-4279-9ef4-5657afb49c23:192.168.164.213:44964], old=null
2019-10-07 08:37:04,051 [pool-433-thread-1] INFO  impl.RaftServerImpl (RaftServerImpl.java:setRole(170)) - facc726f-eef1-4279-9ef4-5657afb49c23@group-375DFFFCB630: changes role from      null to FOLLOWER at term 0 for startAsFollower
2019-10-07 08:37:04,051 [pool-433-thread-1] INFO  impl.RoleInfo (RoleInfo.java:updateAndGet(143)) - facc726f-eef1-4279-9ef4-5657afb49c23: start FollowerState
2019-10-07 08:37:04,052 [pool-433-thread-1] INFO  util.JmxRegister (JmxRegister.java:tryRegister(44)) - Successfully registered JMX Bean with object name Ratis:service=RaftServer,group=group-375DFFFCB630,id=facc726f-eef1-4279-9ef4-5657afb49c23
2019-10-07 08:37:04,056 [RatisPipelineUtilsThread] INFO  pipeline.PipelineStateManager (PipelineStateManager.java:addPipeline(56)) - Created pipeline Pipeline[ Id: 7ca9d94d-4484-4721-b5b5-375dfffcb630, Nodes: facc726f-eef1-4279-9ef4-5657afb49c23{ip: 192.168.164.213, host: pr-hdds-2238-79fll-759901082, networkLocation: /default-rack, certSerialId: null}, Type:RATIS, Factor:ONE, State:OPEN]
2019-10-07 08:37:04,064 [grpc-default-executor-3] INFO  impl.RaftServerProxy (RaftServerProxy.java:addNew(89)) - 99d98ad4-d4a6-43ab-a467-4b67e7daff9b: addNew group-65348B10D053:[99d98ad4-d4a6-43ab-a467-4b67e7daff9b:192.168.164.213:45539] returns group-65348B10D053:java.util.concurrent.CompletableFuture@4663aeff[Not completed]
2019-10-07 08:37:04,066 [pool-443-thread-1] INFO  impl.RaftServerImpl (RaftServerImpl.java:<init>(95)) - 99d98ad4-d4a6-43ab-a467-4b67e7daff9b: new RaftServerImpl for group-65348B10D053:[99d98ad4-d4a6-43ab-a467-4b67e7daff9b:192.168.164.213:45539] with ContainerStateMachine:uninitialized
2019-10-07 08:37:04,066 [pool-443-thread-1] INFO  server.RaftServerConfigKeys (ConfUtils.java:logGet(43)) - raft.server.rpc.timeout.min = 5s (custom)
2019-10-07 08:37:04,066 [pool-443-thread-1] INFO  server.RaftServerConfigKeys (ConfUtils.java:logGet(43)) - raft.server.rpc.timeout.max = 5200ms (custom)
2019-10-07 08:37:04,067 [pool-443-thread-1] INFO  server.RaftServerConfigKeys (ConfUtils.java:logGet(43)) - raft.server.rpcslowness.timeout = 120s (custom)
2019-10-07 08:37:04,067 [pool-443-thread-1] INFO  server.RaftServerConfigKeys (ConfUtils.java:logGet(43)) - raft.server.sleep.deviation.threshold = 300 (default)
2019-10-07 08:37:04,067 [pool-443-thread-1] INFO  server.RaftServerConfigKeys (ConfUtils.java:logGet(43)) - raft.server.log.appender.install.snapshot.enabled = false (custom)
2019-10-07 08:37:04,067 [pool-443-thread-1] INFO  impl.RaftServerImpl (ServerState.java:<init>(103)) - 99d98ad4-d4a6-43ab-a467-4b67e7daff9b@group-65348B10D053: ConfigurationManager, init=-1: [99d98ad4-d4a6-43ab-a467-4b67e7daff9b:192.168.164.213:45539], old=null, confs=<EMPTY_MAP>
2019-10-07 08:37:04,068 [pool-443-thread-1] INFO  server.RaftServerConfigKeys (ConfUtils.java:logGet(43)) - raft.server.storage.dir = [/workdir/hadoop-ozone/integration-test/target/test-dir/MiniOzoneClusterImpl-eeb6af2b-3ac5-495a-9d4c-d36463802584/datanode-6/data/ratis] (custom)
2019-10-07 08:37:04,068 [pool-443-thread-1] INFO  server.RaftServerConfigKeys (ConfUtils.java:logGet(43)) - raft.server.log.corruption.policy = EXCEPTION (default)
2019-10-07 08:37:04,068 [pool-443-thread-1] INFO  storage.RaftStorageDirectory (RaftStorageDirectory.java:analyzeStorage(246)) - The storage directory /workdir/hadoop-ozone/integration-test/target/test-dir/MiniOzoneClusterImpl-eeb6af2b-3ac5-495a-9d4c-d36463802584/datanode-6/data/ratis/79dd58d7-ff5d-48a8-938a-65348b10d053 does not exist. Creating ...
2019-10-07 08:37:04,096 [pool-443-thread-1] INFO  storage.RaftStorageDirectory (RaftStorageDirectory.java:tryLock(328)) - Lock on /workdir/hadoop-ozone/integration-test/target/test-dir/MiniOzoneClusterImpl-eeb6af2b-3ac5-495a-9d4c-d36463802584/datanode-6/data/ratis/79dd58d7-ff5d-48a8-938a-65348b10d053/in_use.lock acquired by nodename 18073@pr-hdds-2238-79fll-759901082
2019-10-07 08:37:04,121 [pool-443-thread-1] INFO  storage.RaftStorage (RaftStorage.java:format(84)) - Storage directory /workdir/hadoop-ozone/integration-test/target/test-dir/MiniOzoneClusterImpl-eeb6af2b-3ac5-495a-9d4c-d36463802584/datanode-6/data/ratis/79dd58d7-ff5d-48a8-938a-65348b10d053 has been successfully formatted.
2019-10-07 08:37:04,122 [pool-443-thread-1] INFO  ratis.ContainerStateMachine (ContainerStateMachine.java:loadSnapshot(231)) - group-65348B10D053: The snapshot info is null. Setting the last applied indexto:(t:0, i:~)
2019-10-07 08:37:04,122 [pool-443-thread-1] INFO  server.RaftServerConfigKeys (ConfUtils.java:logGet(43)) - raft.server.notification.no-leader.timeout = 120s (custom)
2019-10-07 08:37:04,122 [pool-443-thread-1] INFO  server.RaftServerConfigKeys (ConfUtils.java:logGet(43)) - raft.server.log.use.memory = false (default)
2019-10-07 08:37:04,123 [pool-443-thread-1] INFO  server.RaftServerConfigKeys (ConfUtils.java:logGet(43)) - raft.server.log.purge.gap = 1000000 (custom)
2019-10-07 08:37:04,123 [pool-443-thread-1] INFO  server.RaftServerConfigKeys (ConfUtils.java:logGet(43)) - raft.server.log.appender.buffer.byte-limit = 33554432 (custom)
2019-10-07 08:37:04,123 [pool-443-thread-1] INFO  server.RaftServerConfigKeys (ConfUtils.java:logGet(43)) - raft.server.log.segment.size.max = 1048576 (custom)
2019-10-07 08:37:04,126 [pool-443-thread-1] INFO  server.RaftServerConfigKeys (ConfUtils.java:logGet(43)) - raft.server.log.segment.cache.num.max = 2 (custom)
2019-10-07 08:37:04,127 [pool-443-thread-1] INFO  segmented.SegmentedRaftLogWorker (SegmentedRaftLogWorker.java:<init>(173)) - new 99d98ad4-d4a6-43ab-a467-4b67e7daff9b@group-65348B10D053-SegmentedRaftLogWorker for RaftStorage:Storage Directory /workdir/hadoop-ozone/integration-test/target/test-dir/MiniOzoneClusterImpl-eeb6af2b-3ac5-495a-9d4c-d36463802584/datanode-6/data/ratis/79dd58d7-ff5d-48a8-938a-65348b10d053
2019-10-07 08:37:04,127 [pool-443-thread-1] INFO  server.RaftServerConfigKeys (ConfUtils.java:logGet(43)) - raft.server.log.queue.byte-limit = 2147483647 (custom)
2019-10-07 08:37:04,127 [pool-443-thread-1] INFO  server.RaftServerConfigKeys (ConfUtils.java:logGet(43)) - raft.server.log.queue.element-limit = 1024 (custom)
2019-10-07 08:37:04,127 [pool-443-thread-1] INFO  server.RaftServerConfigKeys (ConfUtils.java:logGet(43)) - raft.server.log.segment.size.max = 1048576 (custom)
2019-10-07 08:37:04,128 [pool-443-thread-1] INFO  server.RaftServerConfigKeys (ConfUtils.java:logGet(43)) - raft.server.log.preallocated.size = 16384 (custom)
2019-10-07 08:37:04,128 [pool-443-thread-1] INFO  server.RaftServerConfigKeys (ConfUtils.java:logGet(43)) - raft.server.log.write.buffer.size = 33554432 (custom)
2019-10-07 08:37:04,128 [pool-443-thread-1] INFO  server.RaftServerConfigKeys (ConfUtils.java:logGet(43)) - raft.server.log.force.sync.num = 128 (default)
2019-10-07 08:37:04,128 [pool-443-thread-1] INFO  server.RaftServerConfigKeys (ConfUtils.java:logGet(43)) - raft.server.log.statemachine.data.sync = true (default)
2019-10-07 08:37:04,128 [pool-443-thread-1] INFO  server.RaftServerConfigKeys (ConfUtils.java:logGet(43)) - raft.server.log.statemachine.data.sync.timeout = 10s (default)
2019-10-07 08:37:04,129 [pool-443-thread-1] INFO  server.RaftServerConfigKeys (ConfUtils.java:logGet(43)) - raft.server.log.statemachine.data.sync.timeout.retry = -1 (default)
2019-10-07 08:37:04,129 [pool-443-thread-1] INFO  server.RaftServerConfigKeys (ConfUtils.java:logGet(43)) - raft.server.log.statemachine.data.caching.enabled = true (custom)
2019-10-07 08:37:04,130 [pool-443-thread-1] INFO  segmented.SegmentedRaftLogWorker (SegmentedRaftLogWorker.java:lambda$new$0(128)) - 99d98ad4-d4a6-43ab-a467-4b67e7daff9b@group-65348B10D053-SegmentedRaftLogWorker: flushIndex: setUnconditionally 0 -> -1
2019-10-07 08:37:04,130 [pool-443-thread-1] INFO  server.RaftServerConfigKeys (ConfUtils.java:logGet(43)) - raft.server.snapshot.auto.trigger.enabled = true (custom)
2019-10-07 08:37:04,130 [pool-443-thread-1] INFO  server.RaftServerConfigKeys (ConfUtils.java:logGet(43)) - raft.server.snapshot.auto.trigger.threshold = 10000 (custom)
2019-10-07 08:37:04,130 [pool-443-thread-1] INFO  server.RaftServerConfigKeys (ConfUtils.java:logGet(43)) - raft.server.snapshot.retention.file.num = 5 (custom)
2019-10-07 08:37:04,131 [pool-443-thread-1] INFO  server.RaftServerConfigKeys (ConfUtils.java:logGet(43)) - raft.server.retrycache.expirytime = 600000ms (custom)
2019-10-07 08:37:04,133 [pool-443-thread-1] INFO  impl.RaftServerImpl (RaftServerImpl.java:start(181)) - 99d98ad4-d4a6-43ab-a467-4b67e7daff9b@group-65348B10D053: start as a follower, conf=-1: [99d98ad4-d4a6-43ab-a467-4b67e7daff9b:192.168.164.213:45539], old=null
2019-10-07 08:37:04,133 [pool-443-thread-1] INFO  impl.RaftServerImpl (RaftServerImpl.java:setRole(170)) - 99d98ad4-d4a6-43ab-a467-4b67e7daff9b@group-65348B10D053: changes role from      null to FOLLOWER at term 0 for startAsFollower
2019-10-07 08:37:04,133 [pool-443-thread-1] INFO  impl.RoleInfo (RoleInfo.java:updateAndGet(143)) - 99d98ad4-d4a6-43ab-a467-4b67e7daff9b: start FollowerState
2019-10-07 08:37:04,134 [pool-443-thread-1] INFO  util.JmxRegister (JmxRegister.java:tryRegister(44)) - Successfully registered JMX Bean with object name Ratis:service=RaftServer,group=group-65348B10D053,id=99d98ad4-d4a6-43ab-a467-4b67e7daff9b
2019-10-07 08:37:04,138 [RatisPipelineUtilsThread] INFO  pipeline.PipelineStateManager (PipelineStateManager.java:addPipeline(56)) - Created pipeline Pipeline[ Id: 79dd58d7-ff5d-48a8-938a-65348b10d053, Nodes: 99d98ad4-d4a6-43ab-a467-4b67e7daff9b{ip: 192.168.164.213, host: pr-hdds-2238-79fll-759901082, networkLocation: /default-rack, certSerialId: null}, Type:RATIS, Factor:ONE, State:OPEN]
2019-10-07 08:37:04,157 [grpc-default-executor-1] INFO  impl.RaftServerProxy (RaftServerProxy.java:addNew(89)) - 6ae374d6-c68f-4fb2-b074-cf4b80da5fbb: addNew group-8C15FBA2C81E:[2a09ca22-1a21-4c8f-84a3-d0e80ddf3401:192.168.164.213:38539, 99d98ad4-d4a6-43ab-a467-4b67e7daff9b:192.168.164.213:45539, 6ae374d6-c68f-4fb2-b074-cf4b80da5fbb:192.168.164.213:43887] returns group-8C15FBA2C81E:java.util.concurrent.CompletableFuture@1ca358f5[Not completed]
2019-10-07 08:37:04,157 [grpc-default-executor-3] INFO  impl.RaftServerProxy (RaftServerProxy.java:addNew(89)) - 99d98ad4-d4a6-43ab-a467-4b67e7daff9b: addNew group-8C15FBA2C81E:[2a09ca22-1a21-4c8f-84a3-d0e80ddf3401:192.168.164.213:38539, 99d98ad4-d4a6-43ab-a467-4b67e7daff9b:192.168.164.213:45539, 6ae374d6-c68f-4fb2-b074-cf4b80da5fbb:192.168.164.213:43887] returns group-8C15FBA2C81E:java.util.concurrent.CompletableFuture@6ae6b68e[Not completed]
2019-10-07 08:37:04,157 [grpc-default-executor-1] INFO  impl.RaftServerProxy (RaftServerProxy.java:addNew(89)) - 2a09ca22-1a21-4c8f-84a3-d0e80ddf3401: addNew group-8C15FBA2C81E:[2a09ca22-1a21-4c8f-84a3-d0e80ddf3401:192.168.164.213:38539, 99d98ad4-d4a6-43ab-a467-4b67e7daff9b:192.168.164.213:45539, 6ae374d6-c68f-4fb2-b074-cf4b80da5fbb:192.168.164.213:43887] returns group-8C15FBA2C81E:java.util.concurrent.CompletableFuture@404f14ca[Not completed]
2019-10-07 08:37:04,158 [pool-423-thread-1] INFO  impl.RaftServerImpl (RaftServerImpl.java:<init>(95)) - 6ae374d6-c68f-4fb2-b074-cf4b80da5fbb: new RaftServerImpl for group-8C15FBA2C81E:[2a09ca22-1a21-4c8f-84a3-d0e80ddf3401:192.168.164.213:38539, 99d98ad4-d4a6-43ab-a467-4b67e7daff9b:192.168.164.213:45539, 6ae374d6-c68f-4fb2-b074-cf4b80da5fbb:192.168.164.213:43887] with ContainerStateMachine:uninitialized
2019-10-07 08:37:04,158 [pool-423-thread-1] INFO  server.RaftServerConfigKeys (ConfUtils.java:logGet(43)) - raft.server.rpc.timeout.min = 5s (custom)
2019-10-07 08:37:04,158 [pool-423-thread-1] INFO  server.RaftServerConfigKeys (ConfUtils.java:logGet(43)) - raft.server.rpc.timeout.max = 5200ms (custom)
2019-10-07 08:37:04,159 [pool-423-thread-1] INFO  server.RaftServerConfigKeys (ConfUtils.java:logGet(43)) - raft.server.rpcslowness.timeout = 120s (custom)
2019-10-07 08:37:04,159 [pool-423-thread-1] INFO  server.RaftServerConfigKeys (ConfUtils.java:logGet(43)) - raft.server.sleep.deviation.threshold = 300 (default)
2019-10-07 08:37:04,159 [pool-423-thread-1] INFO  server.RaftServerConfigKeys (ConfUtils.java:logGet(43)) - raft.server.log.appender.install.snapshot.enabled = false (custom)
2019-10-07 08:37:04,159 [pool-443-thread-1] INFO  impl.RaftServerImpl (RaftServerImpl.java:<init>(95)) - 99d98ad4-d4a6-43ab-a467-4b67e7daff9b: new RaftServerImpl for group-8C15FBA2C81E:[2a09ca22-1a21-4c8f-84a3-d0e80ddf3401:192.168.164.213:38539, 99d98ad4-d4a6-43ab-a467-4b67e7daff9b:192.168.164.213:45539, 6ae374d6-c68f-4fb2-b074-cf4b80da5fbb:192.168.164.213:43887] with ContainerStateMachine:uninitialized
2019-10-07 08:37:04,159 [pool-423-thread-1] INFO  impl.RaftServerImpl (ServerState.java:<init>(103)) - 6ae374d6-c68f-4fb2-b074-cf4b80da5fbb@group-8C15FBA2C81E: ConfigurationManager, init=-1: [2a09ca22-1a21-4c8f-84a3-d0e80ddf3401:192.168.164.213:38539, 99d98ad4-d4a6-43ab-a467-4b67e7daff9b:192.168.164.213:45539, 6ae374d6-c68f-4fb2-b074-cf4b80da5fbb:192.168.164.213:43887], old=null, confs=<EMPTY_MAP>
2019-10-07 08:37:04,159 [pool-443-thread-1] INFO  server.RaftServerConfigKeys (ConfUtils.java:logGet(43)) - raft.server.rpc.timeout.min = 5s (custom)
2019-10-07 08:37:04,159 [pool-383-thread-1] INFO  impl.RaftServerImpl (RaftServerImpl.java:<init>(95)) - 2a09ca22-1a21-4c8f-84a3-d0e80ddf3401: new RaftServerImpl for group-8C15FBA2C81E:[2a09ca22-1a21-4c8f-84a3-d0e80ddf3401:192.168.164.213:38539, 99d98ad4-d4a6-43ab-a467-4b67e7daff9b:192.168.164.213:45539, 6ae374d6-c68f-4fb2-b074-cf4b80da5fbb:192.168.164.213:43887] with ContainerStateMachine:uninitialized
2019-10-07 08:37:04,159 [pool-423-thread-1] INFO  server.RaftServerConfigKeys (ConfUtils.java:logGet(43)) - raft.server.storage.dir = [/workdir/hadoop-ozone/integration-test/target/test-dir/MiniOzoneClusterImpl-eeb6af2b-3ac5-495a-9d4c-d36463802584/datanode-4/data/ratis] (custom)
2019-10-07 08:37:04,160 [pool-383-thread-1] INFO  server.RaftServerConfigKeys (ConfUtils.java:logGet(43)) - raft.server.rpc.timeout.min = 5s (custom)
2019-10-07 08:37:04,160 [pool-443-thread-1] INFO  server.RaftServerConfigKeys (ConfUtils.java:logGet(43)) - raft.server.rpc.timeout.max = 5200ms (custom)
2019-10-07 08:37:04,160 [pool-423-thread-1] INFO  server.RaftServerConfigKeys (ConfUtils.java:logGet(43)) - raft.server.log.corruption.policy = EXCEPTION (default)
2019-10-07 08:37:04,160 [pool-383-thread-1] INFO  server.RaftServerConfigKeys (ConfUtils.java:logGet(43)) - raft.server.rpc.timeout.max = 5200ms (custom)
2019-10-07 08:37:04,160 [pool-423-thread-1] INFO  storage.RaftStorageDirectory (RaftStorageDirectory.java:analyzeStorage(246)) - The storage directory /workdir/hadoop-ozone/integration-test/target/test-dir/MiniOzoneClusterImpl-eeb6af2b-3ac5-495a-9d4c-d36463802584/datanode-4/data/ratis/2e5c0365-4356-4783-8684-8c15fba2c81e does not exist. Creating ...
2019-10-07 08:37:04,160 [pool-443-thread-1] INFO  server.RaftServerConfigKeys (ConfUtils.java:logGet(43)) - raft.server.rpcslowness.timeout = 120s (custom)
2019-10-07 08:37:04,160 [pool-383-thread-1] INFO  server.RaftServerConfigKeys (ConfUtils.java:logGet(43)) - raft.server.rpcslowness.timeout = 120s (custom)
2019-10-07 08:37:04,161 [pool-443-thread-1] INFO  server.RaftServerConfigKeys (ConfUtils.java:logGet(43)) - raft.server.sleep.deviation.threshold = 300 (default)
2019-10-07 08:37:04,161 [pool-383-thread-1] INFO  server.RaftServerConfigKeys (ConfUtils.java:logGet(43)) - raft.server.sleep.deviation.threshold = 300 (default)
2019-10-07 08:37:04,161 [pool-443-thread-1] INFO  server.RaftServerConfigKeys (ConfUtils.java:logGet(43)) - raft.server.log.appender.install.snapshot.enabled = false (custom)
2019-10-07 08:37:04,161 [pool-383-thread-1] INFO  server.RaftServerConfigKeys (ConfUtils.java:logGet(43)) - raft.server.log.appender.install.snapshot.enabled = false (custom)
2019-10-07 08:37:04,161 [pool-443-thread-1] INFO  impl.RaftServerImpl (ServerState.java:<init>(103)) - 99d98ad4-d4a6-43ab-a467-4b67e7daff9b@group-8C15FBA2C81E: ConfigurationManager, init=-1: [2a09ca22-1a21-4c8f-84a3-d0e80ddf3401:192.168.164.213:38539, 99d98ad4-d4a6-43ab-a467-4b67e7daff9b:192.168.164.213:45539, 6ae374d6-c68f-4fb2-b074-cf4b80da5fbb:192.168.164.213:43887], old=null, confs=<EMPTY_MAP>
2019-10-07 08:37:04,161 [pool-383-thread-1] INFO  impl.RaftServerImpl (ServerState.java:<init>(103)) - 2a09ca22-1a21-4c8f-84a3-d0e80ddf3401@group-8C15FBA2C81E: ConfigurationManager, init=-1: [2a09ca22-1a21-4c8f-84a3-d0e80ddf3401:192.168.164.213:38539, 99d98ad4-d4a6-43ab-a467-4b67e7daff9b:192.168.164.213:45539, 6ae374d6-c68f-4fb2-b074-cf4b80da5fbb:192.168.164.213:43887], old=null, confs=<EMPTY_MAP>
2019-10-07 08:37:04,161 [pool-443-thread-1] INFO  server.RaftServerConfigKeys (ConfUtils.java:logGet(43)) - raft.server.storage.dir = [/workdir/hadoop-ozone/integration-test/target/test-dir/MiniOzoneClusterImpl-eeb6af2b-3ac5-495a-9d4c-d36463802584/datanode-6/data/ratis] (custom)
2019-10-07 08:37:04,161 [pool-383-thread-1] INFO  server.RaftServerConfigKeys (ConfUtils.java:logGet(43)) - raft.server.storage.dir = [/workdir/hadoop-ozone/integration-test/target/test-dir/MiniOzoneClusterImpl-eeb6af2b-3ac5-495a-9d4c-d36463802584/datanode-0/data/ratis] (custom)
2019-10-07 08:37:04,162 [pool-443-thread-1] INFO  server.RaftServerConfigKeys (ConfUtils.java:logGet(43)) - raft.server.log.corruption.policy = EXCEPTION (default)
2019-10-07 08:37:04,162 [pool-383-thread-1] INFO  server.RaftServerConfigKeys (ConfUtils.java:logGet(43)) - raft.server.log.corruption.policy = EXCEPTION (default)
2019-10-07 08:37:04,162 [pool-443-thread-1] INFO  storage.RaftStorageDirectory (RaftStorageDirectory.java:analyzeStorage(246)) - The storage directory /workdir/hadoop-ozone/integration-test/target/test-dir/MiniOzoneClusterImpl-eeb6af2b-3ac5-495a-9d4c-d36463802584/datanode-6/data/ratis/2e5c0365-4356-4783-8684-8c15fba2c81e does not exist. Creating ...
2019-10-07 08:37:04,162 [pool-383-thread-1] INFO  storage.RaftStorageDirectory (RaftStorageDirectory.java:analyzeStorage(246)) - The storage directory /workdir/hadoop-ozone/integration-test/target/test-dir/MiniOzoneClusterImpl-eeb6af2b-3ac5-495a-9d4c-d36463802584/datanode-0/data/ratis/2e5c0365-4356-4783-8684-8c15fba2c81e does not exist. Creating ...
2019-10-07 08:37:04,188 [pool-443-thread-1] INFO  storage.RaftStorageDirectory (RaftStorageDirectory.java:tryLock(328)) - Lock on /workdir/hadoop-ozone/integration-test/target/test-dir/MiniOzoneClusterImpl-eeb6af2b-3ac5-495a-9d4c-d36463802584/datanode-6/data/ratis/2e5c0365-4356-4783-8684-8c15fba2c81e/in_use.lock acquired by nodename 18073@pr-hdds-2238-79fll-759901082
2019-10-07 08:37:04,188 [pool-423-thread-1] INFO  storage.RaftStorageDirectory (RaftStorageDirectory.java:tryLock(328)) - Lock on /workdir/hadoop-ozone/integration-test/target/test-dir/MiniOzoneClusterImpl-eeb6af2b-3ac5-495a-9d4c-d36463802584/datanode-4/data/ratis/2e5c0365-4356-4783-8684-8c15fba2c81e/in_use.lock acquired by nodename 18073@pr-hdds-2238-79fll-759901082
2019-10-07 08:37:04,188 [pool-383-thread-1] INFO  storage.RaftStorageDirectory (RaftStorageDirectory.java:tryLock(328)) - Lock on /workdir/hadoop-ozone/integration-test/target/test-dir/MiniOzoneClusterImpl-eeb6af2b-3ac5-495a-9d4c-d36463802584/datanode-0/data/ratis/2e5c0365-4356-4783-8684-8c15fba2c81e/in_use.lock acquired by nodename 18073@pr-hdds-2238-79fll-759901082
2019-10-07 08:37:04,214 [pool-383-thread-1] INFO  storage.RaftStorage (RaftStorage.java:format(84)) - Storage directory /workdir/hadoop-ozone/integration-test/target/test-dir/MiniOzoneClusterImpl-eeb6af2b-3ac5-495a-9d4c-d36463802584/datanode-0/data/ratis/2e5c0365-4356-4783-8684-8c15fba2c81e has been successfully formatted.
2019-10-07 08:37:04,214 [pool-423-thread-1] INFO  storage.RaftStorage (RaftStorage.java:format(84)) - Storage directory /workdir/hadoop-ozone/integration-test/target/test-dir/MiniOzoneClusterImpl-eeb6af2b-3ac5-495a-9d4c-d36463802584/datanode-4/data/ratis/2e5c0365-4356-4783-8684-8c15fba2c81e has been successfully formatted.
2019-10-07 08:37:04,214 [pool-443-thread-1] INFO  storage.RaftStorage (RaftStorage.java:format(84)) - Storage directory /workdir/hadoop-ozone/integration-test/target/test-dir/MiniOzoneClusterImpl-eeb6af2b-3ac5-495a-9d4c-d36463802584/datanode-6/data/ratis/2e5c0365-4356-4783-8684-8c15fba2c81e has been successfully formatted.
2019-10-07 08:37:04,214 [pool-423-thread-1] INFO  ratis.ContainerStateMachine (ContainerStateMachine.java:loadSnapshot(231)) - group-8C15FBA2C81E: The snapshot info is null. Setting the last applied indexto:(t:0, i:~)
2019-10-07 08:37:04,214 [pool-383-thread-1] INFO  ratis.ContainerStateMachine (ContainerStateMachine.java:loadSnapshot(231)) - group-8C15FBA2C81E: The snapshot info is null. Setting the last applied indexto:(t:0, i:~)
2019-10-07 08:37:04,215 [pool-443-thread-1] INFO  ratis.ContainerStateMachine (ContainerStateMachine.java:loadSnapshot(231)) - group-8C15FBA2C81E: The snapshot info is null. Setting the last applied indexto:(t:0, i:~)
2019-10-07 08:37:04,215 [pool-423-thread-1] INFO  server.RaftServerConfigKeys (ConfUtils.java:logGet(43)) - raft.server.notification.no-leader.timeout = 120s (custom)
2019-10-07 08:37:04,215 [pool-443-thread-1] INFO  server.RaftServerConfigKeys (ConfUtils.java:logGet(43)) - raft.server.notification.no-leader.timeout = 120s (custom)
2019-10-07 08:37:04,215 [pool-383-thread-1] INFO  server.RaftServerConfigKeys (ConfUtils.java:logGet(43)) - raft.server.notification.no-leader.timeout = 120s (custom)
2019-10-07 08:37:04,215 [pool-443-thread-1] INFO  server.RaftServerConfigKeys (ConfUtils.java:logGet(43)) - raft.server.log.use.memory = false (default)
2019-10-07 08:37:04,215 [pool-423-thread-1] INFO  server.RaftServerConfigKeys (ConfUtils.java:logGet(43)) - raft.server.log.use.memory = false (default)
2019-10-07 08:37:04,215 [pool-443-thread-1] INFO  server.RaftServerConfigKeys (ConfUtils.java:logGet(43)) - raft.server.log.purge.gap = 1000000 (custom)
2019-10-07 08:37:04,215 [pool-383-thread-1] INFO  server.RaftServerConfigKeys (ConfUtils.java:logGet(43)) - raft.server.log.use.memory = false (default)
2019-10-07 08:37:04,215 [pool-443-thread-1] INFO  server.RaftServerConfigKeys (ConfUtils.java:logGet(43)) - raft.server.log.appender.buffer.byte-limit = 33554432 (custom)
2019-10-07 08:37:04,215 [pool-423-thread-1] INFO  server.RaftServerConfigKeys (ConfUtils.java:logGet(43)) - raft.server.log.purge.gap = 1000000 (custom)
2019-10-07 08:37:04,216 [pool-443-thread-1] INFO  server.RaftServerConfigKeys (ConfUtils.java:logGet(43)) - raft.server.log.segment.size.max = 1048576 (custom)
2019-10-07 08:37:04,216 [pool-383-thread-1] INFO  server.RaftServerConfigKeys (ConfUtils.java:logGet(43)) - raft.server.log.purge.gap = 1000000 (custom)
2019-10-07 08:37:04,216 [pool-443-thread-1] INFO  server.RaftServerConfigKeys (ConfUtils.java:logGet(43)) - raft.server.log.segment.cache.num.max = 2 (custom)
2019-10-07 08:37:04,216 [pool-423-thread-1] INFO  server.RaftServerConfigKeys (ConfUtils.java:logGet(43)) - raft.server.log.appender.buffer.byte-limit = 33554432 (custom)
2019-10-07 08:37:04,216 [pool-443-thread-1] INFO  segmented.SegmentedRaftLogWorker (SegmentedRaftLogWorker.java:<init>(173)) - new 99d98ad4-d4a6-43ab-a467-4b67e7daff9b@group-8C15FBA2C81E-SegmentedRaftLogWorker for RaftStorage:Storage Directory /workdir/hadoop-ozone/integration-test/target/test-dir/MiniOzoneClusterImpl-eeb6af2b-3ac5-495a-9d4c-d36463802584/datanode-6/data/ratis/2e5c0365-4356-4783-8684-8c15fba2c81e
2019-10-07 08:37:04,216 [pool-383-thread-1] INFO  server.RaftServerConfigKeys (ConfUtils.java:logGet(43)) - raft.server.log.appender.buffer.byte-limit = 33554432 (custom)
2019-10-07 08:37:04,216 [pool-443-thread-1] INFO  server.RaftServerConfigKeys (ConfUtils.java:logGet(43)) - raft.server.log.queue.byte-limit = 2147483647 (custom)
2019-10-07 08:37:04,216 [pool-423-thread-1] INFO  server.RaftServerConfigKeys (ConfUtils.java:logGet(43)) - raft.server.log.segment.size.max = 1048576 (custom)
2019-10-07 08:37:04,217 [pool-443-thread-1] INFO  server.RaftServerConfigKeys (ConfUtils.java:logGet(43)) - raft.server.log.queue.element-limit = 1024 (custom)
2019-10-07 08:37:04,217 [pool-383-thread-1] INFO  server.RaftServerConfigKeys (ConfUtils.java:logGet(43)) - raft.server.log.segment.size.max = 1048576 (custom)
2019-10-07 08:37:04,217 [pool-443-thread-1] INFO  server.RaftServerConfigKeys (ConfUtils.java:logGet(43)) - raft.server.log.segment.size.max = 1048576 (custom)
2019-10-07 08:37:04,217 [pool-423-thread-1] INFO  server.RaftServerConfigKeys (ConfUtils.java:logGet(43)) - raft.server.log.segment.cache.num.max = 2 (custom)
2019-10-07 08:37:04,217 [pool-443-thread-1] INFO  server.RaftServerConfigKeys (ConfUtils.java:logGet(43)) - raft.server.log.preallocated.size = 16384 (custom)
2019-10-07 08:37:04,217 [pool-383-thread-1] INFO  server.RaftServerConfigKeys (ConfUtils.java:logGet(43)) - raft.server.log.segment.cache.num.max = 2 (custom)
2019-10-07 08:37:04,217 [pool-443-thread-1] INFO  server.RaftServerConfigKeys (ConfUtils.java:logGet(43)) - raft.server.log.write.buffer.size = 33554432 (custom)
2019-10-07 08:37:04,217 [pool-423-thread-1] INFO  segmented.SegmentedRaftLogWorker (SegmentedRaftLogWorker.java:<init>(173)) - new 6ae374d6-c68f-4fb2-b074-cf4b80da5fbb@group-8C15FBA2C81E-SegmentedRaftLogWorker for RaftStorage:Storage Directory /workdir/hadoop-ozone/integration-test/target/test-dir/MiniOzoneClusterImpl-eeb6af2b-3ac5-495a-9d4c-d36463802584/datanode-4/data/ratis/2e5c0365-4356-4783-8684-8c15fba2c81e
2019-10-07 08:37:04,218 [pool-443-thread-1] INFO  server.RaftServerConfigKeys (ConfUtils.java:logGet(43)) - raft.server.log.force.sync.num = 128 (default)
2019-10-07 08:37:04,217 [pool-383-thread-1] INFO  segmented.SegmentedRaftLogWorker (SegmentedRaftLogWorker.java:<init>(173)) - new 2a09ca22-1a21-4c8f-84a3-d0e80ddf3401@group-8C15FBA2C81E-SegmentedRaftLogWorker for RaftStorage:Storage Directory /workdir/hadoop-ozone/integration-test/target/test-dir/MiniOzoneClusterImpl-eeb6af2b-3ac5-495a-9d4c-d36463802584/datanode-0/data/ratis/2e5c0365-4356-4783-8684-8c15fba2c81e
2019-10-07 08:37:04,218 [pool-443-thread-1] INFO  server.RaftServerConfigKeys (ConfUtils.java:logGet(43)) - raft.server.log.statemachine.data.sync = true (default)
2019-10-07 08:37:04,218 [pool-423-thread-1] INFO  server.RaftServerConfigKeys (ConfUtils.java:logGet(43)) - raft.server.log.queue.byte-limit = 2147483647 (custom)
2019-10-07 08:37:04,218 [pool-443-thread-1] INFO  server.RaftServerConfigKeys (ConfUtils.java:logGet(43)) - raft.server.log.statemachine.data.sync.timeout = 10s (default)
2019-10-07 08:37:04,218 [pool-383-thread-1] INFO  server.RaftServerConfigKeys (ConfUtils.java:logGet(43)) - raft.server.log.queue.byte-limit = 2147483647 (custom)
2019-10-07 08:37:04,218 [pool-443-thread-1] INFO  server.RaftServerConfigKeys (ConfUtils.java:logGet(43)) - raft.server.log.statemachine.data.sync.timeout.retry = -1 (default)
2019-10-07 08:37:04,218 [pool-423-thread-1] INFO  server.RaftServerConfigKeys (ConfUtils.java:logGet(43)) - raft.server.log.queue.element-limit = 1024 (custom)
2019-10-07 08:37:04,219 [pool-443-thread-1] INFO  server.RaftServerConfigKeys (ConfUtils.java:logGet(43)) - raft.server.log.statemachine.data.caching.enabled = true (custom)
2019-10-07 08:37:04,218 [pool-383-thread-1] INFO  server.RaftServerConfigKeys (ConfUtils.java:logGet(43)) - raft.server.log.queue.element-limit = 1024 (custom)
2019-10-07 08:37:04,219 [pool-423-thread-1] INFO  server.RaftServerConfigKeys (ConfUtils.java:logGet(43)) - raft.server.log.segment.size.max = 1048576 (custom)
2019-10-07 08:37:04,219 [pool-443-thread-1] INFO  segmented.SegmentedRaftLogWorker (SegmentedRaftLogWorker.java:lambda$new$0(128)) - 99d98ad4-d4a6-43ab-a467-4b67e7daff9b@group-8C15FBA2C81E-SegmentedRaftLogWorker: flushIndex: setUnconditionally 0 -> -1
2019-10-07 08:37:04,219 [pool-383-thread-1] INFO  server.RaftServerConfigKeys (ConfUtils.java:logGet(43)) - raft.server.log.segment.size.max = 1048576 (custom)
2019-10-07 08:37:04,219 [pool-423-thread-1] INFO  server.RaftServerConfigKeys (ConfUtils.java:logGet(43)) - raft.server.log.preallocated.size = 16384 (custom)
2019-10-07 08:37:04,219 [pool-443-thread-1] INFO  server.RaftServerConfigKeys (ConfUtils.java:logGet(43)) - raft.server.snapshot.auto.trigger.enabled = true (custom)
2019-10-07 08:37:04,219 [pool-383-thread-1] INFO  server.RaftServerConfigKeys (ConfUtils.java:logGet(43)) - raft.server.log.preallocated.size = 16384 (custom)
2019-10-07 08:37:04,220 [pool-443-thread-1] INFO  server.RaftServerConfigKeys (ConfUtils.java:logGet(43)) - raft.server.snapshot.auto.trigger.threshold = 10000 (custom)
2019-10-07 08:37:04,219 [pool-423-thread-1] INFO  server.RaftServerConfigKeys (ConfUtils.java:logGet(43)) - raft.server.log.write.buffer.size = 33554432 (custom)
2019-10-07 08:37:04,220 [pool-443-thread-1] INFO  server.RaftServerConfigKeys (ConfUtils.java:logGet(43)) - raft.server.snapshot.retention.file.num = 5 (custom)
2019-10-07 08:37:04,220 [pool-383-thread-1] INFO  server.RaftServerConfigKeys (ConfUtils.java:logGet(43)) - raft.server.log.write.buffer.size = 33554432 (custom)
2019-10-07 08:37:04,220 [pool-443-thread-1] INFO  server.RaftServerConfigKeys (ConfUtils.java:logGet(43)) - raft.server.retrycache.expirytime = 600000ms (custom)
2019-10-07 08:37:04,220 [pool-423-thread-1] INFO  server.RaftServerConfigKeys (ConfUtils.java:logGet(43)) - raft.server.log.force.sync.num = 128 (default)
2019-10-07 08:37:04,220 [pool-383-thread-1] INFO  server.RaftServerConfigKeys (ConfUtils.java:logGet(43)) - raft.server.log.force.sync.num = 128 (default)
2019-10-07 08:37:04,220 [pool-423-thread-1] INFO  server.RaftServerConfigKeys (ConfUtils.java:logGet(43)) - raft.server.log.statemachine.data.sync = true (default)
2019-10-07 08:37:04,221 [pool-383-thread-1] INFO  server.RaftServerConfigKeys (ConfUtils.java:logGet(43)) - raft.server.log.statemachine.data.sync = true (default)
2019-10-07 08:37:04,221 [pool-423-thread-1] INFO  server.RaftServerConfigKeys (ConfUtils.java:logGet(43)) - raft.server.log.statemachine.data.sync.timeout = 10s (default)
2019-10-07 08:37:04,221 [pool-383-thread-1] INFO  server.RaftServerConfigKeys (ConfUtils.java:logGet(43)) - raft.server.log.statemachine.data.sync.timeout = 10s (default)
2019-10-07 08:37:04,221 [pool-423-thread-1] INFO  server.RaftServerConfigKeys (ConfUtils.java:logGet(43)) - raft.server.log.statemachine.data.sync.timeout.retry = -1 (default)
2019-10-07 08:37:04,221 [pool-383-thread-1] INFO  server.RaftServerConfigKeys (ConfUtils.java:logGet(43)) - raft.server.log.statemachine.data.sync.timeout.retry = -1 (default)
2019-10-07 08:37:04,221 [pool-423-thread-1] INFO  server.RaftServerConfigKeys (ConfUtils.java:logGet(43)) - raft.server.log.statemachine.data.caching.enabled = true (custom)
2019-10-07 08:37:04,221 [pool-383-thread-1] INFO  server.RaftServerConfigKeys (ConfUtils.java:logGet(43)) - raft.server.log.statemachine.data.caching.enabled = true (custom)
2019-10-07 08:37:04,222 [pool-423-thread-1] INFO  segmented.SegmentedRaftLogWorker (SegmentedRaftLogWorker.java:lambda$new$0(128)) - 6ae374d6-c68f-4fb2-b074-cf4b80da5fbb@group-8C15FBA2C81E-SegmentedRaftLogWorker: flushIndex: setUnconditionally 0 -> -1
2019-10-07 08:37:04,222 [pool-383-thread-1] INFO  segmented.SegmentedRaftLogWorker (SegmentedRaftLogWorker.java:lambda$new$0(128)) - 2a09ca22-1a21-4c8f-84a3-d0e80ddf3401@group-8C15FBA2C81E-SegmentedRaftLogWorker: flushIndex: setUnconditionally 0 -> -1
2019-10-07 08:37:04,222 [pool-423-thread-1] INFO  server.RaftServerConfigKeys (ConfUtils.java:logGet(43)) - raft.server.snapshot.auto.trigger.enabled = true (custom)
2019-10-07 08:37:04,222 [pool-423-thread-1] INFO  server.RaftServerConfigKeys (ConfUtils.java:logGet(43)) - raft.server.snapshot.auto.trigger.threshold = 10000 (custom)
2019-10-07 08:37:04,222 [pool-383-thread-1] INFO  server.RaftServerConfigKeys (ConfUtils.java:logGet(43)) - raft.server.snapshot.auto.trigger.enabled = true (custom)
2019-10-07 08:37:04,222 [pool-443-thread-1] INFO  impl.RaftServerImpl (RaftServerImpl.java:start(181)) - 99d98ad4-d4a6-43ab-a467-4b67e7daff9b@group-8C15FBA2C81E: start as a follower, conf=-1: [2a09ca22-1a21-4c8f-84a3-d0e80ddf3401:192.168.164.213:38539, 99d98ad4-d4a6-43ab-a467-4b67e7daff9b:192.168.164.213:45539, 6ae374d6-c68f-4fb2-b074-cf4b80da5fbb:192.168.164.213:43887], old=null
2019-10-07 08:37:04,222 [pool-423-thread-1] INFO  server.RaftServerConfigKeys (ConfUtils.java:logGet(43)) - raft.server.snapshot.retention.file.num = 5 (custom)
2019-10-07 08:37:04,222 [pool-443-thread-1] INFO  impl.RaftServerImpl (RaftServerImpl.java:setRole(170)) - 99d98ad4-d4a6-43ab-a467-4b67e7daff9b@group-8C15FBA2C81E: changes role from      null to FOLLOWER at term 0 for startAsFollower
2019-10-07 08:37:04,222 [pool-383-thread-1] INFO  server.RaftServerConfigKeys (ConfUtils.java:logGet(43)) - raft.server.snapshot.auto.trigger.threshold = 10000 (custom)
2019-10-07 08:37:04,223 [pool-443-thread-1] INFO  impl.RoleInfo (RoleInfo.java:updateAndGet(143)) - 99d98ad4-d4a6-43ab-a467-4b67e7daff9b: start FollowerState
2019-10-07 08:37:04,222 [pool-423-thread-1] INFO  server.RaftServerConfigKeys (ConfUtils.java:logGet(43)) - raft.server.retrycache.expirytime = 600000ms (custom)
2019-10-07 08:37:04,223 [pool-383-thread-1] INFO  server.RaftServerConfigKeys (ConfUtils.java:logGet(43)) - raft.server.snapshot.retention.file.num = 5 (custom)
2019-10-07 08:37:04,223 [pool-383-thread-1] INFO  server.RaftServerConfigKeys (ConfUtils.java:logGet(43)) - raft.server.retrycache.expirytime = 600000ms (custom)
2019-10-07 08:37:04,223 [pool-443-thread-1] INFO  util.JmxRegister (JmxRegister.java:tryRegister(44)) - Successfully registered JMX Bean with object name Ratis:service=RaftServer,group=group-8C15FBA2C81E,id=99d98ad4-d4a6-43ab-a467-4b67e7daff9b
2019-10-07 08:37:04,226 [pool-423-thread-1] INFO  impl.RaftServerImpl (RaftServerImpl.java:start(181)) - 6ae374d6-c68f-4fb2-b074-cf4b80da5fbb@group-8C15FBA2C81E: start as a follower, conf=-1: [2a09ca22-1a21-4c8f-84a3-d0e80ddf3401:192.168.164.213:38539, 99d98ad4-d4a6-43ab-a467-4b67e7daff9b:192.168.164.213:45539, 6ae374d6-c68f-4fb2-b074-cf4b80da5fbb:192.168.164.213:43887], old=null
2019-10-07 08:37:04,226 [pool-423-thread-1] INFO  impl.RaftServerImpl (RaftServerImpl.java:setRole(170)) - 6ae374d6-c68f-4fb2-b074-cf4b80da5fbb@group-8C15FBA2C81E: changes role from      null to FOLLOWER at term 0 for startAsFollower
2019-10-07 08:37:04,226 [pool-423-thread-1] INFO  impl.RoleInfo (RoleInfo.java:updateAndGet(143)) - 6ae374d6-c68f-4fb2-b074-cf4b80da5fbb: start FollowerState
2019-10-07 08:37:04,226 [pool-383-thread-1] INFO  impl.RaftServerImpl (RaftServerImpl.java:start(181)) - 2a09ca22-1a21-4c8f-84a3-d0e80ddf3401@group-8C15FBA2C81E: start as a follower, conf=-1: [2a09ca22-1a21-4c8f-84a3-d0e80ddf3401:192.168.164.213:38539, 99d98ad4-d4a6-43ab-a467-4b67e7daff9b:192.168.164.213:45539, 6ae374d6-c68f-4fb2-b074-cf4b80da5fbb:192.168.164.213:43887], old=null
2019-10-07 08:37:04,227 [pool-383-thread-1] INFO  impl.RaftServerImpl (RaftServerImpl.java:setRole(170)) - 2a09ca22-1a21-4c8f-84a3-d0e80ddf3401@group-8C15FBA2C81E: changes role from      null to FOLLOWER at term 0 for startAsFollower
2019-10-07 08:37:04,227 [pool-423-thread-1] INFO  util.JmxRegister (JmxRegister.java:tryRegister(44)) - Successfully registered JMX Bean with object name Ratis:service=RaftServer,group=group-8C15FBA2C81E,id=6ae374d6-c68f-4fb2-b074-cf4b80da5fbb
2019-10-07 08:37:04,227 [pool-383-thread-1] INFO  impl.RoleInfo (RoleInfo.java:updateAndGet(143)) - 2a09ca22-1a21-4c8f-84a3-d0e80ddf3401: start FollowerState
2019-10-07 08:37:04,227 [pool-383-thread-1] INFO  util.JmxRegister (JmxRegister.java:tryRegister(44)) - Successfully registered JMX Bean with object name Ratis:service=RaftServer,group=group-8C15FBA2C81E,id=2a09ca22-1a21-4c8f-84a3-d0e80ddf3401
2019-10-07 08:37:04,231 [RatisPipelineUtilsThread] INFO  pipeline.PipelineStateManager (PipelineStateManager.java:addPipeline(56)) - Created pipeline Pipeline[ Id: 2e5c0365-4356-4783-8684-8c15fba2c81e, Nodes: 2a09ca22-1a21-4c8f-84a3-d0e80ddf3401{ip: 192.168.164.213, host: pr-hdds-2238-79fll-759901082, networkLocation: /default-rack, certSerialId: null}99d98ad4-d4a6-43ab-a467-4b67e7daff9b{ip: 192.168.164.213, host: pr-hdds-2238-79fll-759901082, networkLocation: /default-rack, certSerialId: null}6ae374d6-c68f-4fb2-b074-cf4b80da5fbb{ip: 192.168.164.213, host: pr-hdds-2238-79fll-759901082, networkLocation: /default-rack, certSerialId: null}, Type:RATIS, Factor:THREE, State:OPEN]
2019-10-07 08:37:04,246 [grpc-default-executor-1] INFO  impl.RaftServerProxy (RaftServerProxy.java:addNew(89)) - e8275982-c4f0-4f6a-81d1-14244c39973d: addNew group-9D9B9C4666A8:[eb6a73ac-d0e4-4fb6-856e-0478ba25526d:192.168.164.213:39316, e8275982-c4f0-4f6a-81d1-14244c39973d:192.168.164.213:35648, 06c4234e-1118-48a4-b33d-29d25b877864:192.168.164.213:45253] returns group-9D9B9C4666A8:java.util.concurrent.CompletableFuture@79c3e73f[Not completed]
2019-10-07 08:37:04,246 [grpc-default-executor-3] INFO  impl.RaftServerProxy (RaftServerProxy.java:addNew(89)) - eb6a73ac-d0e4-4fb6-856e-0478ba25526d: addNew group-9D9B9C4666A8:[eb6a73ac-d0e4-4fb6-856e-0478ba25526d:192.168.164.213:39316, e8275982-c4f0-4f6a-81d1-14244c39973d:192.168.164.213:35648, 06c4234e-1118-48a4-b33d-29d25b877864:192.168.164.213:45253] returns group-9D9B9C4666A8:java.util.concurrent.CompletableFuture@45c0ddc5[Not completed]
2019-10-07 08:37:04,246 [grpc-default-executor-1] INFO  impl.RaftServerProxy (RaftServerProxy.java:addNew(89)) - 06c4234e-1118-48a4-b33d-29d25b877864: addNew group-9D9B9C4666A8:[eb6a73ac-d0e4-4fb6-856e-0478ba25526d:192.168.164.213:39316, e8275982-c4f0-4f6a-81d1-14244c39973d:192.168.164.213:35648, 06c4234e-1118-48a4-b33d-29d25b877864:192.168.164.213:45253] returns group-9D9B9C4666A8:java.util.concurrent.CompletableFuture@7f216c02[Not completed]
2019-10-07 08:37:04,247 [pool-393-thread-1] INFO  impl.RaftServerImpl (RaftServerImpl.java:<init>(95)) - eb6a73ac-d0e4-4fb6-856e-0478ba25526d: new RaftServerImpl for group-9D9B9C4666A8:[eb6a73ac-d0e4-4fb6-856e-0478ba25526d:192.168.164.213:39316, e8275982-c4f0-4f6a-81d1-14244c39973d:192.168.164.213:35648, 06c4234e-1118-48a4-b33d-29d25b877864:192.168.164.213:45253] with ContainerStateMachine:uninitialized
2019-10-07 08:37:04,247 [pool-393-thread-1] INFO  server.RaftServerConfigKeys (ConfUtils.java:logGet(43)) - raft.server.rpc.timeout.min = 5s (custom)
2019-10-07 08:37:04,247 [pool-393-thread-1] INFO  server.RaftServerConfigKeys (ConfUtils.java:logGet(43)) - raft.server.rpc.timeout.max = 5200ms (custom)
2019-10-07 08:37:04,247 [pool-393-thread-1] INFO  server.RaftServerConfigKeys (ConfUtils.java:logGet(43)) - raft.server.rpcslowness.timeout = 120s (custom)
2019-10-07 08:37:04,247 [pool-403-thread-1] INFO  impl.RaftServerImpl (RaftServerImpl.java:<init>(95)) - 06c4234e-1118-48a4-b33d-29d25b877864: new RaftServerImpl for group-9D9B9C4666A8:[eb6a73ac-d0e4-4fb6-856e-0478ba25526d:192.168.164.213:39316, e8275982-c4f0-4f6a-81d1-14244c39973d:192.168.164.213:35648, 06c4234e-1118-48a4-b33d-29d25b877864:192.168.164.213:45253] with ContainerStateMachine:uninitialized
2019-10-07 08:37:04,247 [pool-393-thread-1] INFO  server.RaftServerConfigKeys (ConfUtils.java:logGet(43)) - raft.server.sleep.deviation.threshold = 300 (default)
2019-10-07 08:37:04,247 [pool-403-thread-1] INFO  server.RaftServerConfigKeys (ConfUtils.java:logGet(43)) - raft.server.rpc.timeout.min = 5s (custom)
2019-10-07 08:37:04,247 [pool-393-thread-1] INFO  server.RaftServerConfigKeys (ConfUtils.java:logGet(43)) - raft.server.log.appender.install.snapshot.enabled = false (custom)
2019-10-07 08:37:04,248 [pool-403-thread-1] INFO  server.RaftServerConfigKeys (ConfUtils.java:logGet(43)) - raft.server.rpc.timeout.max = 5200ms (custom)
2019-10-07 08:37:04,248 [pool-393-thread-1] INFO  impl.RaftServerImpl (ServerState.java:<init>(103)) - eb6a73ac-d0e4-4fb6-856e-0478ba25526d@group-9D9B9C4666A8: ConfigurationManager, init=-1: [eb6a73ac-d0e4-4fb6-856e-0478ba25526d:192.168.164.213:39316, e8275982-c4f0-4f6a-81d1-14244c39973d:192.168.164.213:35648, 06c4234e-1118-48a4-b33d-29d25b877864:192.168.164.213:45253], old=null, confs=<EMPTY_MAP>
2019-10-07 08:37:04,248 [pool-413-thread-1] INFO  impl.RaftServerImpl (RaftServerImpl.java:<init>(95)) - e8275982-c4f0-4f6a-81d1-14244c39973d: new RaftServerImpl for group-9D9B9C4666A8:[eb6a73ac-d0e4-4fb6-856e-0478ba25526d:192.168.164.213:39316, e8275982-c4f0-4f6a-81d1-14244c39973d:192.168.164.213:35648, 06c4234e-1118-48a4-b33d-29d25b877864:192.168.164.213:45253] with ContainerStateMachine:uninitialized
2019-10-07 08:37:04,248 [pool-403-thread-1] INFO  server.RaftServerConfigKeys (ConfUtils.java:logGet(43)) - raft.server.rpcslowness.timeout = 120s (custom)
2019-10-07 08:37:04,248 [pool-413-thread-1] INFO  server.RaftServerConfigKeys (ConfUtils.java:logGet(43)) - raft.server.rpc.timeout.min = 5s (custom)
2019-10-07 08:37:04,248 [pool-393-thread-1] INFO  server.RaftServerConfigKeys (ConfUtils.java:logGet(43)) - raft.server.storage.dir = [/workdir/hadoop-ozone/integration-test/target/test-dir/MiniOzoneClusterImpl-eeb6af2b-3ac5-495a-9d4c-d36463802584/datanode-1/data/ratis] (custom)
2019-10-07 08:37:04,248 [pool-413-thread-1] INFO  server.RaftServerConfigKeys (ConfUtils.java:logGet(43)) - raft.server.rpc.timeout.max = 5200ms (custom)
2019-10-07 08:37:04,248 [pool-403-thread-1] INFO  server.RaftServerConfigKeys (ConfUtils.java:logGet(43)) - raft.server.sleep.deviation.threshold = 300 (default)
2019-10-07 08:37:04,248 [pool-413-thread-1] INFO  server.RaftServerConfigKeys (ConfUtils.java:logGet(43)) - raft.server.rpcslowness.timeout = 120s (custom)
2019-10-07 08:37:04,248 [pool-403-thread-1] INFO  server.RaftServerConfigKeys (ConfUtils.java:logGet(43)) - raft.server.log.appender.install.snapshot.enabled = false (custom)
2019-10-07 08:37:04,248 [pool-393-thread-1] INFO  server.RaftServerConfigKeys (ConfUtils.java:logGet(43)) - raft.server.log.corruption.policy = EXCEPTION (default)
2019-10-07 08:37:04,248 [pool-403-thread-1] INFO  impl.RaftServerImpl (ServerState.java:<init>(103)) - 06c4234e-1118-48a4-b33d-29d25b877864@group-9D9B9C4666A8: ConfigurationManager, init=-1: [eb6a73ac-d0e4-4fb6-856e-0478ba25526d:192.168.164.213:39316, e8275982-c4f0-4f6a-81d1-14244c39973d:192.168.164.213:35648, 06c4234e-1118-48a4-b33d-29d25b877864:192.168.164.213:45253], old=null, confs=<EMPTY_MAP>
2019-10-07 08:37:04,249 [pool-393-thread-1] INFO  storage.RaftStorageDirectory (RaftStorageDirectory.java:analyzeStorage(246)) - The storage directory /workdir/hadoop-ozone/integration-test/target/test-dir/MiniOzoneClusterImpl-eeb6af2b-3ac5-495a-9d4c-d36463802584/datanode-1/data/ratis/4386dcae-f6d3-400b-ac3c-9d9b9c4666a8 does not exist. Creating ...
2019-10-07 08:37:04,248 [pool-413-thread-1] INFO  server.RaftServerConfigKeys (ConfUtils.java:logGet(43)) - raft.server.sleep.deviation.threshold = 300 (default)
2019-10-07 08:37:04,249 [pool-403-thread-1] INFO  server.RaftServerConfigKeys (ConfUtils.java:logGet(43)) - raft.server.storage.dir = [/workdir/hadoop-ozone/integration-test/target/test-dir/MiniOzoneClusterImpl-eeb6af2b-3ac5-495a-9d4c-d36463802584/datanode-2/data/ratis] (custom)
2019-10-07 08:37:04,249 [pool-413-thread-1] INFO  server.RaftServerConfigKeys (ConfUtils.java:logGet(43)) - raft.server.log.appender.install.snapshot.enabled = false (custom)
2019-10-07 08:37:04,249 [pool-413-thread-1] INFO  impl.RaftServerImpl (ServerState.java:<init>(103)) - e8275982-c4f0-4f6a-81d1-14244c39973d@group-9D9B9C4666A8: ConfigurationManager, init=-1: [eb6a73ac-d0e4-4fb6-856e-0478ba25526d:192.168.164.213:39316, e8275982-c4f0-4f6a-81d1-14244c39973d:192.168.164.213:35648, 06c4234e-1118-48a4-b33d-29d25b877864:192.168.164.213:45253], old=null, confs=<EMPTY_MAP>
2019-10-07 08:37:04,249 [pool-403-thread-1] INFO  server.RaftServerConfigKeys (ConfUtils.java:logGet(43)) - raft.server.log.corruption.policy = EXCEPTION (default)
2019-10-07 08:37:04,249 [pool-413-thread-1] INFO  server.RaftServerConfigKeys (ConfUtils.java:logGet(43)) - raft.server.storage.dir = [/workdir/hadoop-ozone/integration-test/target/test-dir/MiniOzoneClusterImpl-eeb6af2b-3ac5-495a-9d4c-d36463802584/datanode-3/data/ratis] (custom)
2019-10-07 08:37:04,249 [pool-403-thread-1] INFO  storage.RaftStorageDirectory (RaftStorageDirectory.java:analyzeStorage(246)) - The storage directory /workdir/hadoop-ozone/integration-test/target/test-dir/MiniOzoneClusterImpl-eeb6af2b-3ac5-495a-9d4c-d36463802584/datanode-2/data/ratis/4386dcae-f6d3-400b-ac3c-9d9b9c4666a8 does not exist. Creating ...
2019-10-07 08:37:04,249 [pool-413-thread-1] INFO  server.RaftServerConfigKeys (ConfUtils.java:logGet(43)) - raft.server.log.corruption.policy = EXCEPTION (default)
2019-10-07 08:37:04,249 [pool-413-thread-1] INFO  storage.RaftStorageDirectory (RaftStorageDirectory.java:analyzeStorage(246)) - The storage directory /workdir/hadoop-ozone/integration-test/target/test-dir/MiniOzoneClusterImpl-eeb6af2b-3ac5-495a-9d4c-d36463802584/datanode-3/data/ratis/4386dcae-f6d3-400b-ac3c-9d9b9c4666a8 does not exist. Creating ...
2019-10-07 08:37:04,273 [pool-413-thread-1] INFO  storage.RaftStorageDirectory (RaftStorageDirectory.java:tryLock(328)) - Lock on /workdir/hadoop-ozone/integration-test/target/test-dir/MiniOzoneClusterImpl-eeb6af2b-3ac5-495a-9d4c-d36463802584/datanode-3/data/ratis/4386dcae-f6d3-400b-ac3c-9d9b9c4666a8/in_use.lock acquired by nodename 18073@pr-hdds-2238-79fll-759901082
2019-10-07 08:37:04,273 [pool-393-thread-1] INFO  storage.RaftStorageDirectory (RaftStorageDirectory.java:tryLock(328)) - Lock on /workdir/hadoop-ozone/integration-test/target/test-dir/MiniOzoneClusterImpl-eeb6af2b-3ac5-495a-9d4c-d36463802584/datanode-1/data/ratis/4386dcae-f6d3-400b-ac3c-9d9b9c4666a8/in_use.lock acquired by nodename 18073@pr-hdds-2238-79fll-759901082
2019-10-07 08:37:04,273 [pool-403-thread-1] INFO  storage.RaftStorageDirectory (RaftStorageDirectory.java:tryLock(328)) - Lock on /workdir/hadoop-ozone/integration-test/target/test-dir/MiniOzoneClusterImpl-eeb6af2b-3ac5-495a-9d4c-d36463802584/datanode-2/data/ratis/4386dcae-f6d3-400b-ac3c-9d9b9c4666a8/in_use.lock acquired by nodename 18073@pr-hdds-2238-79fll-759901082
2019-10-07 08:37:04,299 [pool-403-thread-1] INFO  storage.RaftStorage (RaftStorage.java:format(84)) - Storage directory /workdir/hadoop-ozone/integration-test/target/test-dir/MiniOzoneClusterImpl-eeb6af2b-3ac5-495a-9d4c-d36463802584/datanode-2/data/ratis/4386dcae-f6d3-400b-ac3c-9d9b9c4666a8 has been successfully formatted.
2019-10-07 08:37:04,299 [pool-413-thread-1] INFO  storage.RaftStorage (RaftStorage.java:format(84)) - Storage directory /workdir/hadoop-ozone/integration-test/target/test-dir/MiniOzoneClusterImpl-eeb6af2b-3ac5-495a-9d4c-d36463802584/datanode-3/data/ratis/4386dcae-f6d3-400b-ac3c-9d9b9c4666a8 has been successfully formatted.
2019-10-07 08:37:04,299 [pool-393-thread-1] INFO  storage.RaftStorage (RaftStorage.java:format(84)) - Storage directory /workdir/hadoop-ozone/integration-test/target/test-dir/MiniOzoneClusterImpl-eeb6af2b-3ac5-495a-9d4c-d36463802584/datanode-1/data/ratis/4386dcae-f6d3-400b-ac3c-9d9b9c4666a8 has been successfully formatted.
2019-10-07 08:37:04,299 [pool-413-thread-1] INFO  ratis.ContainerStateMachine (ContainerStateMachine.java:loadSnapshot(231)) - group-9D9B9C4666A8: The snapshot info is null. Setting the last applied indexto:(t:0, i:~)
2019-10-07 08:37:04,299 [pool-393-thread-1] INFO  ratis.ContainerStateMachine (ContainerStateMachine.java:loadSnapshot(231)) - group-9D9B9C4666A8: The snapshot info is null. Setting the last applied indexto:(t:0, i:~)
2019-10-07 08:37:04,299 [pool-403-thread-1] INFO  ratis.ContainerStateMachine (ContainerStateMachine.java:loadSnapshot(231)) - group-9D9B9C4666A8: The snapshot info is null. Setting the last applied indexto:(t:0, i:~)
2019-10-07 08:37:04,299 [pool-393-thread-1] INFO  server.RaftServerConfigKeys (ConfUtils.java:logGet(43)) - raft.server.notification.no-leader.timeout = 120s (custom)
2019-10-07 08:37:04,299 [pool-413-thread-1] INFO  server.RaftServerConfigKeys (ConfUtils.java:logGet(43)) - raft.server.notification.no-leader.timeout = 120s (custom)
2019-10-07 08:37:04,299 [pool-393-thread-1] INFO  server.RaftServerConfigKeys (ConfUtils.java:logGet(43)) - raft.server.log.use.memory = false (default)
2019-10-07 08:37:04,299 [pool-403-thread-1] INFO  server.RaftServerConfigKeys (ConfUtils.java:logGet(43)) - raft.server.notification.no-leader.timeout = 120s (custom)
2019-10-07 08:37:04,299 [pool-393-thread-1] INFO  server.RaftServerConfigKeys (ConfUtils.java:logGet(43)) - raft.server.log.purge.gap = 1000000 (custom)
2019-10-07 08:37:04,299 [pool-413-thread-1] INFO  server.RaftServerConfigKeys (ConfUtils.java:logGet(43)) - raft.server.log.use.memory = false (default)
2019-10-07 08:37:04,300 [pool-393-thread-1] INFO  server.RaftServerConfigKeys (ConfUtils.java:logGet(43)) - raft.server.log.appender.buffer.byte-limit = 33554432 (custom)
2019-10-07 08:37:04,300 [pool-403-thread-1] INFO  server.RaftServerConfigKeys (ConfUtils.java:logGet(43)) - raft.server.log.use.memory = false (default)
2019-10-07 08:37:04,300 [pool-393-thread-1] INFO  server.RaftServerConfigKeys (ConfUtils.java:logGet(43)) - raft.server.log.segment.size.max = 1048576 (custom)
2019-10-07 08:37:04,300 [pool-413-thread-1] INFO  server.RaftServerConfigKeys (ConfUtils.java:logGet(43)) - raft.server.log.purge.gap = 1000000 (custom)
2019-10-07 08:37:04,300 [pool-393-thread-1] INFO  server.RaftServerConfigKeys (ConfUtils.java:logGet(43)) - raft.server.log.segment.cache.num.max = 2 (custom)
2019-10-07 08:37:04,300 [pool-403-thread-1] INFO  server.RaftServerConfigKeys (ConfUtils.java:logGet(43)) - raft.server.log.purge.gap = 1000000 (custom)
2019-10-07 08:37:04,300 [pool-393-thread-1] INFO  segmented.SegmentedRaftLogWorker (SegmentedRaftLogWorker.java:<init>(173)) - new eb6a73ac-d0e4-4fb6-856e-0478ba25526d@group-9D9B9C4666A8-SegmentedRaftLogWorker for RaftStorage:Storage Directory /workdir/hadoop-ozone/integration-test/target/test-dir/MiniOzoneClusterImpl-eeb6af2b-3ac5-495a-9d4c-d36463802584/datanode-1/data/ratis/4386dcae-f6d3-400b-ac3c-9d9b9c4666a8
2019-10-07 08:37:04,300 [pool-413-thread-1] INFO  server.RaftServerConfigKeys (ConfUtils.java:logGet(43)) - raft.server.log.appender.buffer.byte-limit = 33554432 (custom)
2019-10-07 08:37:04,300 [pool-393-thread-1] INFO  server.RaftServerConfigKeys (ConfUtils.java:logGet(43)) - raft.server.log.queue.byte-limit = 2147483647 (custom)
2019-10-07 08:37:04,301 [pool-393-thread-1] INFO  server.RaftServerConfigKeys (ConfUtils.java:logGet(43)) - raft.server.log.queue.element-limit = 1024 (custom)
2019-10-07 08:37:04,300 [pool-403-thread-1] INFO  server.RaftServerConfigKeys (ConfUtils.java:logGet(43)) - raft.server.log.appender.buffer.byte-limit = 33554432 (custom)
2019-10-07 08:37:04,301 [pool-393-thread-1] INFO  server.RaftServerConfigKeys (ConfUtils.java:logGet(43)) - raft.server.log.segment.size.max = 1048576 (custom)
2019-10-07 08:37:04,301 [pool-413-thread-1] INFO  server.RaftServerConfigKeys (ConfUtils.java:logGet(43)) - raft.server.log.segment.size.max = 1048576 (custom)
2019-10-07 08:37:04,301 [pool-393-thread-1] INFO  server.RaftServerConfigKeys (ConfUtils.java:logGet(43)) - raft.server.log.preallocated.size = 16384 (custom)
2019-10-07 08:37:04,301 [pool-393-thread-1] INFO  server.RaftServerConfigKeys (ConfUtils.java:logGet(43)) - raft.server.log.write.buffer.size = 33554432 (custom)
2019-10-07 08:37:04,301 [pool-403-thread-1] INFO  server.RaftServerConfigKeys (ConfUtils.java:logGet(43)) - raft.server.log.segment.size.max = 1048576 (custom)
2019-10-07 08:37:04,301 [pool-393-thread-1] INFO  server.RaftServerConfigKeys (ConfUtils.java:logGet(43)) - raft.server.log.force.sync.num = 128 (default)
2019-10-07 08:37:04,301 [pool-413-thread-1] INFO  server.RaftServerConfigKeys (ConfUtils.java:logGet(43)) - raft.server.log.segment.cache.num.max = 2 (custom)
2019-10-07 08:37:04,302 [pool-393-thread-1] INFO  server.RaftServerConfigKeys (ConfUtils.java:logGet(43)) - raft.server.log.statemachine.data.sync = true (default)
2019-10-07 08:37:04,301 [pool-403-thread-1] INFO  server.RaftServerConfigKeys (ConfUtils.java:logGet(43)) - raft.server.log.segment.cache.num.max = 2 (custom)
2019-10-07 08:37:04,302 [pool-393-thread-1] INFO  server.RaftServerConfigKeys (ConfUtils.java:logGet(43)) - raft.server.log.statemachine.data.sync.timeout = 10s (default)
2019-10-07 08:37:04,302 [pool-413-thread-1] INFO  segmented.SegmentedRaftLogWorker (SegmentedRaftLogWorker.java:<init>(173)) - new e8275982-c4f0-4f6a-81d1-14244c39973d@group-9D9B9C4666A8-SegmentedRaftLogWorker for RaftStorage:Storage Directory /workdir/hadoop-ozone/integration-test/target/test-dir/MiniOzoneClusterImpl-eeb6af2b-3ac5-495a-9d4c-d36463802584/datanode-3/data/ratis/4386dcae-f6d3-400b-ac3c-9d9b9c4666a8
2019-10-07 08:37:04,302 [pool-393-thread-1] INFO  server.RaftServerConfigKeys (ConfUtils.java:logGet(43)) - raft.server.log.statemachine.data.sync.timeout.retry = -1 (default)
2019-10-07 08:37:04,302 [pool-403-thread-1] INFO  segmented.SegmentedRaftLogWorker (SegmentedRaftLogWorker.java:<init>(173)) - new 06c4234e-1118-48a4-b33d-29d25b877864@group-9D9B9C4666A8-SegmentedRaftLogWorker for RaftStorage:Storage Directory /workdir/hadoop-ozone/integration-test/target/test-dir/MiniOzoneClusterImpl-eeb6af2b-3ac5-495a-9d4c-d36463802584/datanode-2/data/ratis/4386dcae-f6d3-400b-ac3c-9d9b9c4666a8
2019-10-07 08:37:04,302 [pool-393-thread-1] INFO  server.RaftServerConfigKeys (ConfUtils.java:logGet(43)) - raft.server.log.statemachine.data.caching.enabled = true (custom)
2019-10-07 08:37:04,302 [pool-413-thread-1] INFO  server.RaftServerConfigKeys (ConfUtils.java:logGet(43)) - raft.server.log.queue.byte-limit = 2147483647 (custom)
2019-10-07 08:37:04,303 [pool-403-thread-1] INFO  server.RaftServerConfigKeys (ConfUtils.java:logGet(43)) - raft.server.log.queue.byte-limit = 2147483647 (custom)
2019-10-07 08:37:04,303 [pool-393-thread-1] INFO  segmented.SegmentedRaftLogWorker (SegmentedRaftLogWorker.java:lambda$new$0(128)) - eb6a73ac-d0e4-4fb6-856e-0478ba25526d@group-9D9B9C4666A8-SegmentedRaftLogWorker: flushIndex: setUnconditionally 0 -> -1
2019-10-07 08:37:04,303 [pool-413-thread-1] INFO  server.RaftServerConfigKeys (ConfUtils.java:logGet(43)) - raft.server.log.queue.element-limit = 1024 (custom)
2019-10-07 08:37:04,303 [pool-403-thread-1] INFO  server.RaftServerConfigKeys (ConfUtils.java:logGet(43)) - raft.server.log.queue.element-limit = 1024 (custom)
2019-10-07 08:37:04,303 [pool-413-thread-1] INFO  server.RaftServerConfigKeys (ConfUtils.java:logGet(43)) - raft.server.log.segment.size.max = 1048576 (custom)
2019-10-07 08:37:04,303 [pool-393-thread-1] INFO  server.RaftServerConfigKeys (ConfUtils.java:logGet(43)) - raft.server.snapshot.auto.trigger.enabled = true (custom)
2019-10-07 08:37:04,303 [pool-413-thread-1] INFO  server.RaftServerConfigKeys (ConfUtils.java:logGet(43)) - raft.server.log.preallocated.size = 16384 (custom)
2019-10-07 08:37:04,303 [pool-403-thread-1] INFO  server.RaftServerConfigKeys (ConfUtils.java:logGet(43)) - raft.server.log.segment.size.max = 1048576 (custom)
2019-10-07 08:37:04,304 [pool-413-thread-1] INFO  server.RaftServerConfigKeys (ConfUtils.java:logGet(43)) - raft.server.log.write.buffer.size = 33554432 (custom)
2019-10-07 08:37:04,303 [pool-393-thread-1] INFO  server.RaftServerConfigKeys (ConfUtils.java:logGet(43)) - raft.server.snapshot.auto.trigger.threshold = 10000 (custom)
2019-10-07 08:37:04,304 [pool-413-thread-1] INFO  server.RaftServerConfigKeys (ConfUtils.java:logGet(43)) - raft.server.log.force.sync.num = 128 (default)
2019-10-07 08:37:04,304 [pool-403-thread-1] INFO  server.RaftServerConfigKeys (ConfUtils.java:logGet(43)) - raft.server.log.preallocated.size = 16384 (custom)
2019-10-07 08:37:04,304 [pool-413-thread-1] INFO  server.RaftServerConfigKeys (ConfUtils.java:logGet(43)) - raft.server.log.statemachine.data.sync = true (default)
2019-10-07 08:37:04,304 [pool-393-thread-1] INFO  server.RaftServerConfigKeys (ConfUtils.java:logGet(43)) - raft.server.snapshot.retention.file.num = 5 (custom)
2019-10-07 08:37:04,304 [pool-413-thread-1] INFO  server.RaftServerConfigKeys (ConfUtils.java:logGet(43)) - raft.server.log.statemachine.data.sync.timeout = 10s (default)
2019-10-07 08:37:04,304 [pool-403-thread-1] INFO  server.RaftServerConfigKeys (ConfUtils.java:logGet(43)) - raft.server.log.write.buffer.size = 33554432 (custom)
2019-10-07 08:37:04,304 [pool-413-thread-1] INFO  server.RaftServerConfigKeys (ConfUtils.java:logGet(43)) - raft.server.log.statemachine.data.sync.timeout.retry = -1 (default)
2019-10-07 08:37:04,304 [pool-393-thread-1] INFO  server.RaftServerConfigKeys (ConfUtils.java:logGet(43)) - raft.server.retrycache.expirytime = 600000ms (custom)
2019-10-07 08:37:04,305 [pool-413-thread-1] INFO  server.RaftServerConfigKeys (ConfUtils.java:logGet(43)) - raft.server.log.statemachine.data.caching.enabled = true (custom)
2019-10-07 08:37:04,305 [pool-403-thread-1] INFO  server.RaftServerConfigKeys (ConfUtils.java:logGet(43)) - raft.server.log.force.sync.num = 128 (default)
2019-10-07 08:37:04,305 [pool-413-thread-1] INFO  segmented.SegmentedRaftLogWorker (SegmentedRaftLogWorker.java:lambda$new$0(128)) - e8275982-c4f0-4f6a-81d1-14244c39973d@group-9D9B9C4666A8-SegmentedRaftLogWorker: flushIndex: setUnconditionally 0 -> -1
2019-10-07 08:37:04,305 [pool-403-thread-1] INFO  server.RaftServerConfigKeys (ConfUtils.java:logGet(43)) - raft.server.log.statemachine.data.sync = true (default)
2019-10-07 08:37:04,305 [pool-403-thread-1] INFO  server.RaftServerConfigKeys (ConfUtils.java:logGet(43)) - raft.server.log.statemachine.data.sync.timeout = 10s (default)
2019-10-07 08:37:04,305 [pool-413-thread-1] INFO  server.RaftServerConfigKeys (ConfUtils.java:logGet(43)) - raft.server.snapshot.auto.trigger.enabled = true (custom)
2019-10-07 08:37:04,305 [pool-403-thread-1] INFO  server.RaftServerConfigKeys (ConfUtils.java:logGet(43)) - raft.server.log.statemachine.data.sync.timeout.retry = -1 (default)
2019-10-07 08:37:04,305 [pool-413-thread-1] INFO  server.RaftServerConfigKeys (ConfUtils.java:logGet(43)) - raft.server.snapshot.auto.trigger.threshold = 10000 (custom)
2019-10-07 08:37:04,306 [pool-403-thread-1] INFO  server.RaftServerConfigKeys (ConfUtils.java:logGet(43)) - raft.server.log.statemachine.data.caching.enabled = true (custom)
2019-10-07 08:37:04,306 [pool-413-thread-1] INFO  server.RaftServerConfigKeys (ConfUtils.java:logGet(43)) - raft.server.snapshot.retention.file.num = 5 (custom)
2019-10-07 08:37:04,306 [pool-403-thread-1] INFO  segmented.SegmentedRaftLogWorker (SegmentedRaftLogWorker.java:lambda$new$0(128)) - 06c4234e-1118-48a4-b33d-29d25b877864@group-9D9B9C4666A8-SegmentedRaftLogWorker: flushIndex: setUnconditionally 0 -> -1
2019-10-07 08:37:04,306 [pool-413-thread-1] INFO  server.RaftServerConfigKeys (ConfUtils.java:logGet(43)) - raft.server.retrycache.expirytime = 600000ms (custom)
2019-10-07 08:37:04,306 [pool-403-thread-1] INFO  server.RaftServerConfigKeys (ConfUtils.java:logGet(43)) - raft.server.snapshot.auto.trigger.enabled = true (custom)
2019-10-07 08:37:04,306 [pool-403-thread-1] INFO  server.RaftServerConfigKeys (ConfUtils.java:logGet(43)) - raft.server.snapshot.auto.trigger.threshold = 10000 (custom)
2019-10-07 08:37:04,306 [pool-393-thread-1] INFO  impl.RaftServerImpl (RaftServerImpl.java:start(181)) - eb6a73ac-d0e4-4fb6-856e-0478ba25526d@group-9D9B9C4666A8: start as a follower, conf=-1: [eb6a73ac-d0e4-4fb6-856e-0478ba25526d:192.168.164.213:39316, e8275982-c4f0-4f6a-81d1-14244c39973d:192.168.164.213:35648, 06c4234e-1118-48a4-b33d-29d25b877864:192.168.164.213:45253], old=null
2019-10-07 08:37:04,306 [pool-403-thread-1] INFO  server.RaftServerConfigKeys (ConfUtils.java:logGet(43)) - raft.server.snapshot.retention.file.num = 5 (custom)
2019-10-07 08:37:04,306 [pool-393-thread-1] INFO  impl.RaftServerImpl (RaftServerImpl.java:setRole(170)) - eb6a73ac-d0e4-4fb6-856e-0478ba25526d@group-9D9B9C4666A8: changes role from      null to FOLLOWER at term 0 for startAsFollower
2019-10-07 08:37:04,306 [pool-403-thread-1] INFO  server.RaftServerConfigKeys (ConfUtils.java:logGet(43)) - raft.server.retrycache.expirytime = 600000ms (custom)
2019-10-07 08:37:04,307 [pool-393-thread-1] INFO  impl.RoleInfo (RoleInfo.java:updateAndGet(143)) - eb6a73ac-d0e4-4fb6-856e-0478ba25526d: start FollowerState
2019-10-07 08:37:04,307 [pool-393-thread-1] INFO  util.JmxRegister (JmxRegister.java:tryRegister(44)) - Successfully registered JMX Bean with object name Ratis:service=RaftServer,group=group-9D9B9C4666A8,id=eb6a73ac-d0e4-4fb6-856e-0478ba25526d
2019-10-07 08:37:04,308 [pool-413-thread-1] INFO  impl.RaftServerImpl (RaftServerImpl.java:start(181)) - e8275982-c4f0-4f6a-81d1-14244c39973d@group-9D9B9C4666A8: start as a follower, conf=-1: [eb6a73ac-d0e4-4fb6-856e-0478ba25526d:192.168.164.213:39316, e8275982-c4f0-4f6a-81d1-14244c39973d:192.168.164.213:35648, 06c4234e-1118-48a4-b33d-29d25b877864:192.168.164.213:45253], old=null
2019-10-07 08:37:04,308 [pool-413-thread-1] INFO  impl.RaftServerImpl (RaftServerImpl.java:setRole(170)) - e8275982-c4f0-4f6a-81d1-14244c39973d@group-9D9B9C4666A8: changes role from      null to FOLLOWER at term 0 for startAsFollower
2019-10-07 08:37:04,308 [pool-413-thread-1] INFO  impl.RoleInfo (RoleInfo.java:updateAndGet(143)) - e8275982-c4f0-4f6a-81d1-14244c39973d: start FollowerState
2019-10-07 08:37:04,309 [pool-413-thread-1] INFO  util.JmxRegister (JmxRegister.java:tryRegister(44)) - Successfully registered JMX Bean with object name Ratis:service=RaftServer,group=group-9D9B9C4666A8,id=e8275982-c4f0-4f6a-81d1-14244c39973d
2019-10-07 08:37:04,309 [pool-403-thread-1] INFO  impl.RaftServerImpl (RaftServerImpl.java:start(181)) - 06c4234e-1118-48a4-b33d-29d25b877864@group-9D9B9C4666A8: start as a follower, conf=-1: [eb6a73ac-d0e4-4fb6-856e-0478ba25526d:192.168.164.213:39316, e8275982-c4f0-4f6a-81d1-14244c39973d:192.168.164.213:35648, 06c4234e-1118-48a4-b33d-29d25b877864:192.168.164.213:45253], old=null
2019-10-07 08:37:04,310 [pool-403-thread-1] INFO  impl.RaftServerImpl (RaftServerImpl.java:setRole(170)) - 06c4234e-1118-48a4-b33d-29d25b877864@group-9D9B9C4666A8: changes role from      null to FOLLOWER at term 0 for startAsFollower
2019-10-07 08:37:04,310 [pool-403-thread-1] INFO  impl.RoleInfo (RoleInfo.java:updateAndGet(143)) - 06c4234e-1118-48a4-b33d-29d25b877864: start FollowerState
2019-10-07 08:37:04,310 [pool-403-thread-1] INFO  util.JmxRegister (JmxRegister.java:tryRegister(44)) - Successfully registered JMX Bean with object name Ratis:service=RaftServer,group=group-9D9B9C4666A8,id=06c4234e-1118-48a4-b33d-29d25b877864
2019-10-07 08:37:04,314 [RatisPipelineUtilsThread] INFO  pipeline.PipelineStateManager (PipelineStateManager.java:addPipeline(56)) - Created pipeline Pipeline[ Id: 4386dcae-f6d3-400b-ac3c-9d9b9c4666a8, Nodes: eb6a73ac-d0e4-4fb6-856e-0478ba25526d{ip: 192.168.164.213, host: pr-hdds-2238-79fll-759901082, networkLocation: /default-rack, certSerialId: null}06c4234e-1118-48a4-b33d-29d25b877864{ip: 192.168.164.213, host: pr-hdds-2238-79fll-759901082, networkLocation: /default-rack, certSerialId: null}e8275982-c4f0-4f6a-81d1-14244c39973d{ip: 192.168.164.213, host: pr-hdds-2238-79fll-759901082, networkLocation: /default-rack, certSerialId: null}, Type:RATIS, Factor:THREE, State:OPEN]
2019-10-07 08:37:04,997 [main] INFO  ozone.MiniOzoneClusterImpl (MiniOzoneClusterImpl.java:lambda$waitForClusterToBeReady$0(147)) - Cluster is ready. Got 7 of 7 DN Heartbeats.
2019-10-07 08:37:05,064 [main] INFO  rpc.RpcClient (RpcClient.java:createVolume(277)) - Creating Volume: watchforcommithandlingtest, with jenkins1000 as owner.
2019-10-07 08:37:05,068 [IPC Server handler 4 on 36774] INFO  volume.OMVolumeCreateRequest (OMVolumeCreateRequest.java:validateAndUpdateCache(193)) - created volume:watchforcommithandlingtest for user:jenkins1000
2019-10-07 08:37:05,084 [main] INFO  rpc.RpcClient (RpcClient.java:createBucket(416)) - Creating Bucket: watchforcommithandlingtest/watchforcommithandlingtest, with Versioning false and Storage Type set to DISK and Encryption set to false 
2019-10-07 08:37:05,090 [main] INFO  ozone.MiniOzoneClusterImpl (MiniOzoneClusterImpl.java:getStorageContainerLocationClient(234)) - Creating StorageContainerLocationProtocol RPC client with address /0.0.0.0:41358
2019-10-07 08:37:06,609 [Thread-2348] INFO  container.ReplicationManager (ReplicationManager.java:start(162)) - Starting Replication Monitor Thread.
2019-10-07 08:37:06,614 [ReplicationMonitor] INFO  container.ReplicationManager (ReplicationManager.java:run(225)) - Replication Monitor Thread took 0 milliseconds for processing 1 containers.
2019-10-07 08:37:08,721 [Thread-2350] INFO  impl.FollowerState (FollowerState.java:run(108)) - 2a09ca22-1a21-4c8f-84a3-d0e80ddf3401@group-47F942F9ACC4-FollowerState: change to CANDIDATE, lastRpcTime:5038ms, electionTimeout:5038ms
2019-10-07 08:37:08,721 [Thread-2350] INFO  impl.RoleInfo (RoleInfo.java:shutdownFollowerState(121)) - 2a09ca22-1a21-4c8f-84a3-d0e80ddf3401: shutdown FollowerState
2019-10-07 08:37:08,721 [Thread-2350] INFO  impl.RaftServerImpl (RaftServerImpl.java:setRole(170)) - 2a09ca22-1a21-4c8f-84a3-d0e80ddf3401@group-47F942F9ACC4: changes role from  FOLLOWER to CANDIDATE at term 0 for changeToCandidate
2019-10-07 08:37:08,721 [Thread-2350] INFO  impl.RoleInfo (RoleInfo.java:updateAndGet(143)) - 2a09ca22-1a21-4c8f-84a3-d0e80ddf3401: start LeaderElection
2019-10-07 08:37:08,760 [2a09ca22-1a21-4c8f-84a3-d0e80ddf3401@group-47F942F9ACC4-LeaderElection80] INFO  impl.LeaderElection (LeaderElection.java:askForVotes(178)) - 2a09ca22-1a21-4c8f-84a3-d0e80ddf3401@group-47F942F9ACC4-LeaderElection80: begin an election at term 1 for -1: [2a09ca22-1a21-4c8f-84a3-d0e80ddf3401:192.168.164.213:38539], old=null
2019-10-07 08:37:08,760 [2a09ca22-1a21-4c8f-84a3-d0e80ddf3401@group-47F942F9ACC4-LeaderElection80] INFO  impl.RoleInfo (RoleInfo.java:shutdownLeaderElection(134)) - 2a09ca22-1a21-4c8f-84a3-d0e80ddf3401: shutdown LeaderElection
2019-10-07 08:37:08,760 [2a09ca22-1a21-4c8f-84a3-d0e80ddf3401@group-47F942F9ACC4-LeaderElection80] INFO  impl.RaftServerImpl (RaftServerImpl.java:setRole(170)) - 2a09ca22-1a21-4c8f-84a3-d0e80ddf3401@group-47F942F9ACC4: changes role from CANDIDATE to LEADER at term 1 for changeToLeader
2019-10-07 08:37:08,760 [2a09ca22-1a21-4c8f-84a3-d0e80ddf3401@group-47F942F9ACC4-LeaderElection80] INFO  impl.RaftServerImpl (ServerState.java:setLeader(255)) - 2a09ca22-1a21-4c8f-84a3-d0e80ddf3401@group-47F942F9ACC4: change Leader from null to 2a09ca22-1a21-4c8f-84a3-d0e80ddf3401 at term 1 for becomeLeader, leader elected after 5085ms
2019-10-07 08:37:08,761 [2a09ca22-1a21-4c8f-84a3-d0e80ddf3401@group-47F942F9ACC4-LeaderElection80] INFO  server.RaftServerConfigKeys (ConfUtils.java:logGet(43)) - raft.server.staging.catchup.gap = 1000 (default)
2019-10-07 08:37:08,761 [2a09ca22-1a21-4c8f-84a3-d0e80ddf3401@group-47F942F9ACC4-LeaderElection80] INFO  server.RaftServerConfigKeys (ConfUtils.java:logGet(43)) - raft.server.rpc.sleep.time = 25ms (default)
2019-10-07 08:37:08,761 [2a09ca22-1a21-4c8f-84a3-d0e80ddf3401@group-47F942F9ACC4-LeaderElection80] INFO  server.RaftServerConfigKeys (ConfUtils.java:logGet(43)) - raft.server.write.element-limit = 4096 (default)
2019-10-07 08:37:08,761 [2a09ca22-1a21-4c8f-84a3-d0e80ddf3401@group-47F942F9ACC4-LeaderElection80] INFO  server.RaftServerConfigKeys (ConfUtils.java:logGet(43)) - raft.server.watch.timeout = 10s (default)
2019-10-07 08:37:08,762 [2a09ca22-1a21-4c8f-84a3-d0e80ddf3401@group-47F942F9ACC4-LeaderElection80] INFO  server.RaftServerConfigKeys (ConfUtils.java:logGet(43)) - raft.server.watch.timeout.denomination = 1s (default)
2019-10-07 08:37:08,762 [2a09ca22-1a21-4c8f-84a3-d0e80ddf3401@group-47F942F9ACC4-LeaderElection80] INFO  server.RaftServerConfigKeys (ConfUtils.java:logGet(43)) - raft.server.watch.element-limit = 65536 (default)
2019-10-07 08:37:08,765 [2a09ca22-1a21-4c8f-84a3-d0e80ddf3401@group-47F942F9ACC4-LeaderElection80] INFO  impl.RoleInfo (RoleInfo.java:updateAndGet(143)) - 2a09ca22-1a21-4c8f-84a3-d0e80ddf3401: start LeaderState
2019-10-07 08:37:08,766 [2a09ca22-1a21-4c8f-84a3-d0e80ddf3401@group-47F942F9ACC4-LeaderElection80] INFO  segmented.SegmentedRaftLogWorker (SegmentedRaftLogWorker.java:startLogSegment(385)) - 2a09ca22-1a21-4c8f-84a3-d0e80ddf3401@group-47F942F9ACC4-SegmentedRaftLogWorker: Starting segment from index:0
2019-10-07 08:37:08,766 [2a09ca22-1a21-4c8f-84a3-d0e80ddf3401@group-47F942F9ACC4-LeaderElection80] INFO  impl.RaftServerImpl (ServerState.java:setRaftConf(356)) - 2a09ca22-1a21-4c8f-84a3-d0e80ddf3401@group-47F942F9ACC4: set configuration 0: [2a09ca22-1a21-4c8f-84a3-d0e80ddf3401:192.168.164.213:38539], old=null at 0
2019-10-07 08:37:08,818 [2a09ca22-1a21-4c8f-84a3-d0e80ddf3401@group-47F942F9ACC4-SegmentedRaftLogWorker] INFO  segmented.SegmentedRaftLogWorker (SegmentedRaftLogWorker.java:execute(574)) - 2a09ca22-1a21-4c8f-84a3-d0e80ddf3401@group-47F942F9ACC4-SegmentedRaftLogWorker: created new log segment /workdir/hadoop-ozone/integration-test/target/test-dir/MiniOzoneClusterImpl-eeb6af2b-3ac5-495a-9d4c-d36463802584/datanode-0/data/ratis/d22c262d-db83-47c2-8542-47f942f9acc4/current/log_inprogress_0
2019-10-07 08:37:08,871 [Thread-2353] INFO  impl.FollowerState (FollowerState.java:run(108)) - eb6a73ac-d0e4-4fb6-856e-0478ba25526d@group-67DFBB9CA428-FollowerState: change to CANDIDATE, lastRpcTime:5123ms, electionTimeout:5123ms
2019-10-07 08:37:08,871 [Thread-2353] INFO  impl.RoleInfo (RoleInfo.java:shutdownFollowerState(121)) - eb6a73ac-d0e4-4fb6-856e-0478ba25526d: shutdown FollowerState
2019-10-07 08:37:08,872 [Thread-2353] INFO  impl.RaftServerImpl (RaftServerImpl.java:setRole(170)) - eb6a73ac-d0e4-4fb6-856e-0478ba25526d@group-67DFBB9CA428: changes role from  FOLLOWER to CANDIDATE at term 0 for changeToCandidate
2019-10-07 08:37:08,872 [Thread-2353] INFO  impl.RoleInfo (RoleInfo.java:updateAndGet(143)) - eb6a73ac-d0e4-4fb6-856e-0478ba25526d: start LeaderElection
2019-10-07 08:37:08,902 [eb6a73ac-d0e4-4fb6-856e-0478ba25526d@group-67DFBB9CA428-LeaderElection81] INFO  impl.LeaderElection (LeaderElection.java:askForVotes(178)) - eb6a73ac-d0e4-4fb6-856e-0478ba25526d@group-67DFBB9CA428-LeaderElection81: begin an election at term 1 for -1: [eb6a73ac-d0e4-4fb6-856e-0478ba25526d:192.168.164.213:39316], old=null
2019-10-07 08:37:08,902 [eb6a73ac-d0e4-4fb6-856e-0478ba25526d@group-67DFBB9CA428-LeaderElection81] INFO  impl.RoleInfo (RoleInfo.java:shutdownLeaderElection(134)) - eb6a73ac-d0e4-4fb6-856e-0478ba25526d: shutdown LeaderElection
2019-10-07 08:37:08,902 [eb6a73ac-d0e4-4fb6-856e-0478ba25526d@group-67DFBB9CA428-LeaderElection81] INFO  impl.RaftServerImpl (RaftServerImpl.java:setRole(170)) - eb6a73ac-d0e4-4fb6-856e-0478ba25526d@group-67DFBB9CA428: changes role from CANDIDATE to LEADER at term 1 for changeToLeader
2019-10-07 08:37:08,902 [eb6a73ac-d0e4-4fb6-856e-0478ba25526d@group-67DFBB9CA428-LeaderElection81] INFO  impl.RaftServerImpl (ServerState.java:setLeader(255)) - eb6a73ac-d0e4-4fb6-856e-0478ba25526d@group-67DFBB9CA428: change Leader from null to eb6a73ac-d0e4-4fb6-856e-0478ba25526d at term 1 for becomeLeader, leader elected after 5159ms
2019-10-07 08:37:08,902 [eb6a73ac-d0e4-4fb6-856e-0478ba25526d@group-67DFBB9CA428-LeaderElection81] INFO  server.RaftServerConfigKeys (ConfUtils.java:logGet(43)) - raft.server.staging.catchup.gap = 1000 (default)
2019-10-07 08:37:08,903 [eb6a73ac-d0e4-4fb6-856e-0478ba25526d@group-67DFBB9CA428-LeaderElection81] INFO  server.RaftServerConfigKeys (ConfUtils.java:logGet(43)) - raft.server.rpc.sleep.time = 25ms (default)
2019-10-07 08:37:08,903 [eb6a73ac-d0e4-4fb6-856e-0478ba25526d@group-67DFBB9CA428-LeaderElection81] INFO  server.RaftServerConfigKeys (ConfUtils.java:logGet(43)) - raft.server.write.element-limit = 4096 (default)
2019-10-07 08:37:08,903 [eb6a73ac-d0e4-4fb6-856e-0478ba25526d@group-67DFBB9CA428-LeaderElection81] INFO  server.RaftServerConfigKeys (ConfUtils.java:logGet(43)) - raft.server.watch.timeout = 10s (default)
2019-10-07 08:37:08,903 [eb6a73ac-d0e4-4fb6-856e-0478ba25526d@group-67DFBB9CA428-LeaderElection81] INFO  server.RaftServerConfigKeys (ConfUtils.java:logGet(43)) - raft.server.watch.timeout.denomination = 1s (default)
2019-10-07 08:37:08,903 [eb6a73ac-d0e4-4fb6-856e-0478ba25526d@group-67DFBB9CA428-LeaderElection81] INFO  server.RaftServerConfigKeys (ConfUtils.java:logGet(43)) - raft.server.watch.element-limit = 65536 (default)
2019-10-07 08:37:08,905 [eb6a73ac-d0e4-4fb6-856e-0478ba25526d@group-67DFBB9CA428-LeaderElection81] INFO  impl.RoleInfo (RoleInfo.java:updateAndGet(143)) - eb6a73ac-d0e4-4fb6-856e-0478ba25526d: start LeaderState
2019-10-07 08:37:08,905 [eb6a73ac-d0e4-4fb6-856e-0478ba25526d@group-67DFBB9CA428-LeaderElection81] INFO  segmented.SegmentedRaftLogWorker (SegmentedRaftLogWorker.java:startLogSegment(385)) - eb6a73ac-d0e4-4fb6-856e-0478ba25526d@group-67DFBB9CA428-SegmentedRaftLogWorker: Starting segment from index:0
2019-10-07 08:37:08,906 [eb6a73ac-d0e4-4fb6-856e-0478ba25526d@group-67DFBB9CA428-LeaderElection81] INFO  impl.RaftServerImpl (ServerState.java:setRaftConf(356)) - eb6a73ac-d0e4-4fb6-856e-0478ba25526d@group-67DFBB9CA428: set configuration 0: [eb6a73ac-d0e4-4fb6-856e-0478ba25526d:192.168.164.213:39316], old=null at 0
2019-10-07 08:37:08,960 [eb6a73ac-d0e4-4fb6-856e-0478ba25526d@group-67DFBB9CA428-SegmentedRaftLogWorker] INFO  segmented.SegmentedRaftLogWorker (SegmentedRaftLogWorker.java:execute(574)) - eb6a73ac-d0e4-4fb6-856e-0478ba25526d@group-67DFBB9CA428-SegmentedRaftLogWorker: created new log segment /workdir/hadoop-ozone/integration-test/target/test-dir/MiniOzoneClusterImpl-eeb6af2b-3ac5-495a-9d4c-d36463802584/datanode-1/data/ratis/d8bbe342-ef14-4024-8368-67dfbb9ca428/current/log_inprogress_0
2019-10-07 08:37:08,978 [Thread-2356] INFO  impl.FollowerState (FollowerState.java:run(108)) - 06c4234e-1118-48a4-b33d-29d25b877864@group-34C194BC4FBC-FollowerState: change to CANDIDATE, lastRpcTime:5154ms, electionTimeout:5154ms
2019-10-07 08:37:08,978 [Thread-2356] INFO  impl.RoleInfo (RoleInfo.java:shutdownFollowerState(121)) - 06c4234e-1118-48a4-b33d-29d25b877864: shutdown FollowerState
2019-10-07 08:37:08,978 [Thread-2356] INFO  impl.RaftServerImpl (RaftServerImpl.java:setRole(170)) - 06c4234e-1118-48a4-b33d-29d25b877864@group-34C194BC4FBC: changes role from  FOLLOWER to CANDIDATE at term 0 for changeToCandidate
2019-10-07 08:37:08,978 [Thread-2356] INFO  impl.RoleInfo (RoleInfo.java:updateAndGet(143)) - 06c4234e-1118-48a4-b33d-29d25b877864: start LeaderElection
2019-10-07 08:37:08,996 [06c4234e-1118-48a4-b33d-29d25b877864@group-34C194BC4FBC-LeaderElection82] INFO  impl.LeaderElection (LeaderElection.java:askForVotes(178)) - 06c4234e-1118-48a4-b33d-29d25b877864@group-34C194BC4FBC-LeaderElection82: begin an election at term 1 for -1: [06c4234e-1118-48a4-b33d-29d25b877864:192.168.164.213:45253], old=null
2019-10-07 08:37:08,997 [06c4234e-1118-48a4-b33d-29d25b877864@group-34C194BC4FBC-LeaderElection82] INFO  impl.RoleInfo (RoleInfo.java:shutdownLeaderElection(134)) - 06c4234e-1118-48a4-b33d-29d25b877864: shutdown LeaderElection
2019-10-07 08:37:08,997 [06c4234e-1118-48a4-b33d-29d25b877864@group-34C194BC4FBC-LeaderElection82] INFO  impl.RaftServerImpl (RaftServerImpl.java:setRole(170)) - 06c4234e-1118-48a4-b33d-29d25b877864@group-34C194BC4FBC: changes role from CANDIDATE to LEADER at term 1 for changeToLeader
2019-10-07 08:37:08,997 [06c4234e-1118-48a4-b33d-29d25b877864@group-34C194BC4FBC-LeaderElection82] INFO  impl.RaftServerImpl (ServerState.java:setLeader(255)) - 06c4234e-1118-48a4-b33d-29d25b877864@group-34C194BC4FBC: change Leader from null to 06c4234e-1118-48a4-b33d-29d25b877864 at term 1 for becomeLeader, leader elected after 5179ms
2019-10-07 08:37:08,997 [06c4234e-1118-48a4-b33d-29d25b877864@group-34C194BC4FBC-LeaderElection82] INFO  server.RaftServerConfigKeys (ConfUtils.java:logGet(43)) - raft.server.staging.catchup.gap = 1000 (default)
2019-10-07 08:37:08,997 [06c4234e-1118-48a4-b33d-29d25b877864@group-34C194BC4FBC-LeaderElection82] INFO  server.RaftServerConfigKeys (ConfUtils.java:logGet(43)) - raft.server.rpc.sleep.time = 25ms (default)
2019-10-07 08:37:08,997 [06c4234e-1118-48a4-b33d-29d25b877864@group-34C194BC4FBC-LeaderElection82] INFO  server.RaftServerConfigKeys (ConfUtils.java:logGet(43)) - raft.server.write.element-limit = 4096 (default)
2019-10-07 08:37:08,998 [06c4234e-1118-48a4-b33d-29d25b877864@group-34C194BC4FBC-LeaderElection82] INFO  server.RaftServerConfigKeys (ConfUtils.java:logGet(43)) - raft.server.watch.timeout = 10s (default)
2019-10-07 08:37:08,998 [06c4234e-1118-48a4-b33d-29d25b877864@group-34C194BC4FBC-LeaderElection82] INFO  server.RaftServerConfigKeys (ConfUtils.java:logGet(43)) - raft.server.watch.timeout.denomination = 1s (default)
2019-10-07 08:37:08,998 [06c4234e-1118-48a4-b33d-29d25b877864@group-34C194BC4FBC-LeaderElection82] INFO  server.RaftServerConfigKeys (ConfUtils.java:logGet(43)) - raft.server.watch.element-limit = 65536 (default)
2019-10-07 08:37:09,000 [06c4234e-1118-48a4-b33d-29d25b877864@group-34C194BC4FBC-LeaderElection82] INFO  impl.RoleInfo (RoleInfo.java:updateAndGet(143)) - 06c4234e-1118-48a4-b33d-29d25b877864: start LeaderState
2019-10-07 08:37:09,000 [06c4234e-1118-48a4-b33d-29d25b877864@group-34C194BC4FBC-LeaderElection82] INFO  segmented.SegmentedRaftLogWorker (SegmentedRaftLogWorker.java:startLogSegment(385)) - 06c4234e-1118-48a4-b33d-29d25b877864@group-34C194BC4FBC-SegmentedRaftLogWorker: Starting segment from index:0
2019-10-07 08:37:09,001 [06c4234e-1118-48a4-b33d-29d25b877864@group-34C194BC4FBC-LeaderElection82] INFO  impl.RaftServerImpl (ServerState.java:setRaftConf(356)) - 06c4234e-1118-48a4-b33d-29d25b877864@group-34C194BC4FBC: set configuration 0: [06c4234e-1118-48a4-b33d-29d25b877864:192.168.164.213:45253], old=null at 0
2019-10-07 08:37:09,002 [Thread-2359] INFO  impl.FollowerState (FollowerState.java:run(108)) - e8275982-c4f0-4f6a-81d1-14244c39973d@group-AC41A559A5B5-FollowerState: change to CANDIDATE, lastRpcTime:5102ms, electionTimeout:5102ms
2019-10-07 08:37:09,002 [Thread-2359] INFO  impl.RoleInfo (RoleInfo.java:shutdownFollowerState(121)) - e8275982-c4f0-4f6a-81d1-14244c39973d: shutdown FollowerState
2019-10-07 08:37:09,002 [Thread-2359] INFO  impl.RaftServerImpl (RaftServerImpl.java:setRole(170)) - e8275982-c4f0-4f6a-81d1-14244c39973d@group-AC41A559A5B5: changes role from  FOLLOWER to CANDIDATE at term 0 for changeToCandidate
2019-10-07 08:37:09,002 [Thread-2359] INFO  impl.RoleInfo (RoleInfo.java:updateAndGet(143)) - e8275982-c4f0-4f6a-81d1-14244c39973d: start LeaderElection
2019-10-07 08:37:09,031 [e8275982-c4f0-4f6a-81d1-14244c39973d@group-AC41A559A5B5-LeaderElection83] INFO  impl.LeaderElection (LeaderElection.java:askForVotes(178)) - e8275982-c4f0-4f6a-81d1-14244c39973d@group-AC41A559A5B5-LeaderElection83: begin an election at term 1 for -1: [e8275982-c4f0-4f6a-81d1-14244c39973d:192.168.164.213:35648], old=null
2019-10-07 08:37:09,031 [e8275982-c4f0-4f6a-81d1-14244c39973d@group-AC41A559A5B5-LeaderElection83] INFO  impl.RoleInfo (RoleInfo.java:shutdownLeaderElection(134)) - e8275982-c4f0-4f6a-81d1-14244c39973d: shutdown LeaderElection
2019-10-07 08:37:09,031 [e8275982-c4f0-4f6a-81d1-14244c39973d@group-AC41A559A5B5-LeaderElection83] INFO  impl.RaftServerImpl (RaftServerImpl.java:setRole(170)) - e8275982-c4f0-4f6a-81d1-14244c39973d@group-AC41A559A5B5: changes role from CANDIDATE to LEADER at term 1 for changeToLeader
2019-10-07 08:37:09,031 [e8275982-c4f0-4f6a-81d1-14244c39973d@group-AC41A559A5B5-LeaderElection83] INFO  impl.RaftServerImpl (ServerState.java:setLeader(255)) - e8275982-c4f0-4f6a-81d1-14244c39973d@group-AC41A559A5B5: change Leader from null to e8275982-c4f0-4f6a-81d1-14244c39973d at term 1 for becomeLeader, leader elected after 5137ms
2019-10-07 08:37:09,031 [e8275982-c4f0-4f6a-81d1-14244c39973d@group-AC41A559A5B5-LeaderElection83] INFO  server.RaftServerConfigKeys (ConfUtils.java:logGet(43)) - raft.server.staging.catchup.gap = 1000 (default)
2019-10-07 08:37:09,032 [e8275982-c4f0-4f6a-81d1-14244c39973d@group-AC41A559A5B5-LeaderElection83] INFO  server.RaftServerConfigKeys (ConfUtils.java:logGet(43)) - raft.server.rpc.sleep.time = 25ms (default)
2019-10-07 08:37:09,032 [e8275982-c4f0-4f6a-81d1-14244c39973d@group-AC41A559A5B5-LeaderElection83] INFO  server.RaftServerConfigKeys (ConfUtils.java:logGet(43)) - raft.server.write.element-limit = 4096 (default)
2019-10-07 08:37:09,032 [e8275982-c4f0-4f6a-81d1-14244c39973d@group-AC41A559A5B5-LeaderElection83] INFO  server.RaftServerConfigKeys (ConfUtils.java:logGet(43)) - raft.server.watch.timeout = 10s (default)
2019-10-07 08:37:09,032 [e8275982-c4f0-4f6a-81d1-14244c39973d@group-AC41A559A5B5-LeaderElection83] INFO  server.RaftServerConfigKeys (ConfUtils.java:logGet(43)) - raft.server.watch.timeout.denomination = 1s (default)
2019-10-07 08:37:09,032 [e8275982-c4f0-4f6a-81d1-14244c39973d@group-AC41A559A5B5-LeaderElection83] INFO  server.RaftServerConfigKeys (ConfUtils.java:logGet(43)) - raft.server.watch.element-limit = 65536 (default)
2019-10-07 08:37:09,035 [e8275982-c4f0-4f6a-81d1-14244c39973d@group-AC41A559A5B5-LeaderElection83] INFO  impl.RoleInfo (RoleInfo.java:updateAndGet(143)) - e8275982-c4f0-4f6a-81d1-14244c39973d: start LeaderState
2019-10-07 08:37:09,035 [e8275982-c4f0-4f6a-81d1-14244c39973d@group-AC41A559A5B5-LeaderElection83] INFO  segmented.SegmentedRaftLogWorker (SegmentedRaftLogWorker.java:startLogSegment(385)) - e8275982-c4f0-4f6a-81d1-14244c39973d@group-AC41A559A5B5-SegmentedRaftLogWorker: Starting segment from index:0
2019-10-07 08:37:09,035 [e8275982-c4f0-4f6a-81d1-14244c39973d@group-AC41A559A5B5-LeaderElection83] INFO  impl.RaftServerImpl (ServerState.java:setRaftConf(356)) - e8275982-c4f0-4f6a-81d1-14244c39973d@group-AC41A559A5B5: set configuration 0: [e8275982-c4f0-4f6a-81d1-14244c39973d:192.168.164.213:35648], old=null at 0
2019-10-07 08:37:09,054 [06c4234e-1118-48a4-b33d-29d25b877864@group-34C194BC4FBC-SegmentedRaftLogWorker] INFO  segmented.SegmentedRaftLogWorker (SegmentedRaftLogWorker.java:execute(574)) - 06c4234e-1118-48a4-b33d-29d25b877864@group-34C194BC4FBC-SegmentedRaftLogWorker: created new log segment /workdir/hadoop-ozone/integration-test/target/test-dir/MiniOzoneClusterImpl-eeb6af2b-3ac5-495a-9d4c-d36463802584/datanode-2/data/ratis/4dbf179f-11f6-48d7-ab7e-34c194bc4fbc/current/log_inprogress_0
2019-10-07 08:37:09,069 [Thread-2362] INFO  impl.FollowerState (FollowerState.java:run(108)) - 6ae374d6-c68f-4fb2-b074-cf4b80da5fbb@group-24C58D0025F0-FollowerState: change to CANDIDATE, lastRpcTime:5093ms, electionTimeout:5093ms
2019-10-07 08:37:09,070 [Thread-2362] INFO  impl.RoleInfo (RoleInfo.java:shutdownFollowerState(121)) - 6ae374d6-c68f-4fb2-b074-cf4b80da5fbb: shutdown FollowerState
2019-10-07 08:37:09,070 [Thread-2362] INFO  impl.RaftServerImpl (RaftServerImpl.java:setRole(170)) - 6ae374d6-c68f-4fb2-b074-cf4b80da5fbb@group-24C58D0025F0: changes role from  FOLLOWER to CANDIDATE at term 0 for changeToCandidate
2019-10-07 08:37:09,070 [Thread-2362] INFO  impl.RoleInfo (RoleInfo.java:updateAndGet(143)) - 6ae374d6-c68f-4fb2-b074-cf4b80da5fbb: start LeaderElection
2019-10-07 08:37:09,081 [Thread-2365] INFO  impl.FollowerState (FollowerState.java:run(108)) - facc726f-eef1-4279-9ef4-5657afb49c23@group-375DFFFCB630-FollowerState: change to CANDIDATE, lastRpcTime:5029ms, electionTimeout:5029ms
2019-10-07 08:37:09,081 [Thread-2365] INFO  impl.RoleInfo (RoleInfo.java:shutdownFollowerState(121)) - facc726f-eef1-4279-9ef4-5657afb49c23: shutdown FollowerState
2019-10-07 08:37:09,081 [Thread-2365] INFO  impl.RaftServerImpl (RaftServerImpl.java:setRole(170)) - facc726f-eef1-4279-9ef4-5657afb49c23@group-375DFFFCB630: changes role from  FOLLOWER to CANDIDATE at term 0 for changeToCandidate
2019-10-07 08:37:09,081 [Thread-2365] INFO  impl.RoleInfo (RoleInfo.java:updateAndGet(143)) - facc726f-eef1-4279-9ef4-5657afb49c23: start LeaderElection
2019-10-07 08:37:09,099 [e8275982-c4f0-4f6a-81d1-14244c39973d@group-AC41A559A5B5-SegmentedRaftLogWorker] INFO  segmented.SegmentedRaftLogWorker (SegmentedRaftLogWorker.java:execute(574)) - e8275982-c4f0-4f6a-81d1-14244c39973d@group-AC41A559A5B5-SegmentedRaftLogWorker: created new log segment /workdir/hadoop-ozone/integration-test/target/test-dir/MiniOzoneClusterImpl-eeb6af2b-3ac5-495a-9d4c-d36463802584/datanode-3/data/ratis/60af9bb4-3286-42c8-bb0d-ac41a559a5b5/current/log_inprogress_0
2019-10-07 08:37:09,099 [6ae374d6-c68f-4fb2-b074-cf4b80da5fbb@group-24C58D0025F0-LeaderElection84] INFO  impl.LeaderElection (LeaderElection.java:askForVotes(178)) - 6ae374d6-c68f-4fb2-b074-cf4b80da5fbb@group-24C58D0025F0-LeaderElection84: begin an election at term 1 for -1: [6ae374d6-c68f-4fb2-b074-cf4b80da5fbb:192.168.164.213:43887], old=null
2019-10-07 08:37:09,099 [facc726f-eef1-4279-9ef4-5657afb49c23@group-375DFFFCB630-LeaderElection85] INFO  impl.LeaderElection (LeaderElection.java:askForVotes(178)) - facc726f-eef1-4279-9ef4-5657afb49c23@group-375DFFFCB630-LeaderElection85: begin an election at term 1 for -1: [facc726f-eef1-4279-9ef4-5657afb49c23:192.168.164.213:44964], old=null
2019-10-07 08:37:09,099 [6ae374d6-c68f-4fb2-b074-cf4b80da5fbb@group-24C58D0025F0-LeaderElection84] INFO  impl.RoleInfo (RoleInfo.java:shutdownLeaderElection(134)) - 6ae374d6-c68f-4fb2-b074-cf4b80da5fbb: shutdown LeaderElection
2019-10-07 08:37:09,099 [facc726f-eef1-4279-9ef4-5657afb49c23@group-375DFFFCB630-LeaderElection85] INFO  impl.RoleInfo (RoleInfo.java:shutdownLeaderElection(134)) - facc726f-eef1-4279-9ef4-5657afb49c23: shutdown LeaderElection
2019-10-07 08:37:09,100 [6ae374d6-c68f-4fb2-b074-cf4b80da5fbb@group-24C58D0025F0-LeaderElection84] INFO  impl.RaftServerImpl (RaftServerImpl.java:setRole(170)) - 6ae374d6-c68f-4fb2-b074-cf4b80da5fbb@group-24C58D0025F0: changes role from CANDIDATE to LEADER at term 1 for changeToLeader
2019-10-07 08:37:09,100 [facc726f-eef1-4279-9ef4-5657afb49c23@group-375DFFFCB630-LeaderElection85] INFO  impl.RaftServerImpl (RaftServerImpl.java:setRole(170)) - facc726f-eef1-4279-9ef4-5657afb49c23@group-375DFFFCB630: changes role from CANDIDATE to LEADER at term 1 for changeToLeader
2019-10-07 08:37:09,100 [6ae374d6-c68f-4fb2-b074-cf4b80da5fbb@group-24C58D0025F0-LeaderElection84] INFO  impl.RaftServerImpl (ServerState.java:setLeader(255)) - 6ae374d6-c68f-4fb2-b074-cf4b80da5fbb@group-24C58D0025F0: change Leader from null to 6ae374d6-c68f-4fb2-b074-cf4b80da5fbb at term 1 for becomeLeader, leader elected after 5129ms
2019-10-07 08:37:09,100 [facc726f-eef1-4279-9ef4-5657afb49c23@group-375DFFFCB630-LeaderElection85] INFO  impl.RaftServerImpl (ServerState.java:setLeader(255)) - facc726f-eef1-4279-9ef4-5657afb49c23@group-375DFFFCB630: change Leader from null to facc726f-eef1-4279-9ef4-5657afb49c23 at term 1 for becomeLeader, leader elected after 5054ms
2019-10-07 08:37:09,100 [6ae374d6-c68f-4fb2-b074-cf4b80da5fbb@group-24C58D0025F0-LeaderElection84] INFO  server.RaftServerConfigKeys (ConfUtils.java:logGet(43)) - raft.server.staging.catchup.gap = 1000 (default)
2019-10-07 08:37:09,100 [facc726f-eef1-4279-9ef4-5657afb49c23@group-375DFFFCB630-LeaderElection85] INFO  server.RaftServerConfigKeys (ConfUtils.java:logGet(43)) - raft.server.staging.catchup.gap = 1000 (default)
2019-10-07 08:37:09,100 [6ae374d6-c68f-4fb2-b074-cf4b80da5fbb@group-24C58D0025F0-LeaderElection84] INFO  server.RaftServerConfigKeys (ConfUtils.java:logGet(43)) - raft.server.rpc.sleep.time = 25ms (default)
2019-10-07 08:37:09,100 [facc726f-eef1-4279-9ef4-5657afb49c23@group-375DFFFCB630-LeaderElection85] INFO  server.RaftServerConfigKeys (ConfUtils.java:logGet(43)) - raft.server.rpc.sleep.time = 25ms (default)
2019-10-07 08:37:09,101 [6ae374d6-c68f-4fb2-b074-cf4b80da5fbb@group-24C58D0025F0-LeaderElection84] INFO  server.RaftServerConfigKeys (ConfUtils.java:logGet(43)) - raft.server.write.element-limit = 4096 (default)
2019-10-07 08:37:09,101 [facc726f-eef1-4279-9ef4-5657afb49c23@group-375DFFFCB630-LeaderElection85] INFO  server.RaftServerConfigKeys (ConfUtils.java:logGet(43)) - raft.server.write.element-limit = 4096 (default)
2019-10-07 08:37:09,101 [6ae374d6-c68f-4fb2-b074-cf4b80da5fbb@group-24C58D0025F0-LeaderElection84] INFO  server.RaftServerConfigKeys (ConfUtils.java:logGet(43)) - raft.server.watch.timeout = 10s (default)
2019-10-07 08:37:09,101 [facc726f-eef1-4279-9ef4-5657afb49c23@group-375DFFFCB630-LeaderElection85] INFO  server.RaftServerConfigKeys (ConfUtils.java:logGet(43)) - raft.server.watch.timeout = 10s (default)
2019-10-07 08:37:09,101 [6ae374d6-c68f-4fb2-b074-cf4b80da5fbb@group-24C58D0025F0-LeaderElection84] INFO  server.RaftServerConfigKeys (ConfUtils.java:logGet(43)) - raft.server.watch.timeout.denomination = 1s (default)
2019-10-07 08:37:09,101 [facc726f-eef1-4279-9ef4-5657afb49c23@group-375DFFFCB630-LeaderElection85] INFO  server.RaftServerConfigKeys (ConfUtils.java:logGet(43)) - raft.server.watch.timeout.denomination = 1s (default)
2019-10-07 08:37:09,102 [6ae374d6-c68f-4fb2-b074-cf4b80da5fbb@group-24C58D0025F0-LeaderElection84] INFO  server.RaftServerConfigKeys (ConfUtils.java:logGet(43)) - raft.server.watch.element-limit = 65536 (default)
2019-10-07 08:37:09,102 [facc726f-eef1-4279-9ef4-5657afb49c23@group-375DFFFCB630-LeaderElection85] INFO  server.RaftServerConfigKeys (ConfUtils.java:logGet(43)) - raft.server.watch.element-limit = 65536 (default)
2019-10-07 08:37:09,105 [6ae374d6-c68f-4fb2-b074-cf4b80da5fbb@group-24C58D0025F0-LeaderElection84] INFO  impl.RoleInfo (RoleInfo.java:updateAndGet(143)) - 6ae374d6-c68f-4fb2-b074-cf4b80da5fbb: start LeaderState
2019-10-07 08:37:09,105 [facc726f-eef1-4279-9ef4-5657afb49c23@group-375DFFFCB630-LeaderElection85] INFO  impl.RoleInfo (RoleInfo.java:updateAndGet(143)) - facc726f-eef1-4279-9ef4-5657afb49c23: start LeaderState
2019-10-07 08:37:09,105 [facc726f-eef1-4279-9ef4-5657afb49c23@group-375DFFFCB630-LeaderElection85] INFO  segmented.SegmentedRaftLogWorker (SegmentedRaftLogWorker.java:startLogSegment(385)) - facc726f-eef1-4279-9ef4-5657afb49c23@group-375DFFFCB630-SegmentedRaftLogWorker: Starting segment from index:0
2019-10-07 08:37:09,105 [6ae374d6-c68f-4fb2-b074-cf4b80da5fbb@group-24C58D0025F0-LeaderElection84] INFO  segmented.SegmentedRaftLogWorker (SegmentedRaftLogWorker.java:startLogSegment(385)) - 6ae374d6-c68f-4fb2-b074-cf4b80da5fbb@group-24C58D0025F0-SegmentedRaftLogWorker: Starting segment from index:0
2019-10-07 08:37:09,106 [facc726f-eef1-4279-9ef4-5657afb49c23@group-375DFFFCB630-LeaderElection85] INFO  impl.RaftServerImpl (ServerState.java:setRaftConf(356)) - facc726f-eef1-4279-9ef4-5657afb49c23@group-375DFFFCB630: set configuration 0: [facc726f-eef1-4279-9ef4-5657afb49c23:192.168.164.213:44964], old=null at 0
2019-10-07 08:37:09,106 [6ae374d6-c68f-4fb2-b074-cf4b80da5fbb@group-24C58D0025F0-LeaderElection84] INFO  impl.RaftServerImpl (ServerState.java:setRaftConf(356)) - 6ae374d6-c68f-4fb2-b074-cf4b80da5fbb@group-24C58D0025F0: set configuration 0: [6ae374d6-c68f-4fb2-b074-cf4b80da5fbb:192.168.164.213:43887], old=null at 0
2019-10-07 08:37:09,152 [facc726f-eef1-4279-9ef4-5657afb49c23@group-375DFFFCB630-SegmentedRaftLogWorker] INFO  segmented.SegmentedRaftLogWorker (SegmentedRaftLogWorker.java:execute(574)) - facc726f-eef1-4279-9ef4-5657afb49c23@group-375DFFFCB630-SegmentedRaftLogWorker: created new log segment /workdir/hadoop-ozone/integration-test/target/test-dir/MiniOzoneClusterImpl-eeb6af2b-3ac5-495a-9d4c-d36463802584/datanode-5/data/ratis/7ca9d94d-4484-4721-b5b5-375dfffcb630/current/log_inprogress_0
2019-10-07 08:37:09,152 [6ae374d6-c68f-4fb2-b074-cf4b80da5fbb@group-24C58D0025F0-SegmentedRaftLogWorker] INFO  segmented.SegmentedRaftLogWorker (SegmentedRaftLogWorker.java:execute(574)) - 6ae374d6-c68f-4fb2-b074-cf4b80da5fbb@group-24C58D0025F0-SegmentedRaftLogWorker: created new log segment /workdir/hadoop-ozone/integration-test/target/test-dir/MiniOzoneClusterImpl-eeb6af2b-3ac5-495a-9d4c-d36463802584/datanode-4/data/ratis/b40ecbba-58fc-447a-ad20-24c58d0025f0/current/log_inprogress_0
2019-10-07 08:37:09,291 [Thread-2372] INFO  impl.FollowerState (FollowerState.java:run(108)) - 99d98ad4-d4a6-43ab-a467-4b67e7daff9b@group-8C15FBA2C81E-FollowerState: change to CANDIDATE, lastRpcTime:5068ms, electionTimeout:5068ms
2019-10-07 08:37:09,291 [Thread-2372] INFO  impl.RoleInfo (RoleInfo.java:shutdownFollowerState(121)) - 99d98ad4-d4a6-43ab-a467-4b67e7daff9b: shutdown FollowerState
2019-10-07 08:37:09,292 [Thread-2372] INFO  impl.RaftServerImpl (RaftServerImpl.java:setRole(170)) - 99d98ad4-d4a6-43ab-a467-4b67e7daff9b@group-8C15FBA2C81E: changes role from  FOLLOWER to CANDIDATE at term 0 for changeToCandidate
2019-10-07 08:37:09,292 [Thread-2372] INFO  impl.RoleInfo (RoleInfo.java:updateAndGet(143)) - 99d98ad4-d4a6-43ab-a467-4b67e7daff9b: start LeaderElection
2019-10-07 08:37:09,301 [Thread-2368] INFO  impl.FollowerState (FollowerState.java:run(108)) - 99d98ad4-d4a6-43ab-a467-4b67e7daff9b@group-65348B10D053-FollowerState: change to CANDIDATE, lastRpcTime:5167ms, electionTimeout:5167ms
2019-10-07 08:37:09,301 [Thread-2368] INFO  impl.RoleInfo (RoleInfo.java:shutdownFollowerState(121)) - 99d98ad4-d4a6-43ab-a467-4b67e7daff9b: shutdown FollowerState
2019-10-07 08:37:09,301 [Thread-2368] INFO  impl.RaftServerImpl (RaftServerImpl.java:setRole(170)) - 99d98ad4-d4a6-43ab-a467-4b67e7daff9b@group-65348B10D053: changes role from  FOLLOWER to CANDIDATE at term 0 for changeToCandidate
2019-10-07 08:37:09,301 [Thread-2368] INFO  impl.RoleInfo (RoleInfo.java:updateAndGet(143)) - 99d98ad4-d4a6-43ab-a467-4b67e7daff9b: start LeaderElection
2019-10-07 08:37:09,306 [Thread-2375] INFO  impl.FollowerState (FollowerState.java:run(108)) - 2a09ca22-1a21-4c8f-84a3-d0e80ddf3401@group-8C15FBA2C81E-FollowerState: change to CANDIDATE, lastRpcTime:5079ms, electionTimeout:5077ms
2019-10-07 08:37:09,306 [Thread-2375] INFO  impl.RoleInfo (RoleInfo.java:shutdownFollowerState(121)) - 2a09ca22-1a21-4c8f-84a3-d0e80ddf3401: shutdown FollowerState
2019-10-07 08:37:09,307 [Thread-2375] INFO  impl.RaftServerImpl (RaftServerImpl.java:setRole(170)) - 2a09ca22-1a21-4c8f-84a3-d0e80ddf3401@group-8C15FBA2C81E: changes role from  FOLLOWER to CANDIDATE at term 0 for changeToCandidate
2019-10-07 08:37:09,307 [Thread-2375] INFO  impl.RoleInfo (RoleInfo.java:updateAndGet(143)) - 2a09ca22-1a21-4c8f-84a3-d0e80ddf3401: start LeaderElection
2019-10-07 08:37:09,318 [99d98ad4-d4a6-43ab-a467-4b67e7daff9b@group-8C15FBA2C81E-LeaderElection86] INFO  impl.LeaderElection (LeaderElection.java:askForVotes(178)) - 99d98ad4-d4a6-43ab-a467-4b67e7daff9b@group-8C15FBA2C81E-LeaderElection86: begin an election at term 1 for -1: [2a09ca22-1a21-4c8f-84a3-d0e80ddf3401:192.168.164.213:38539, 99d98ad4-d4a6-43ab-a467-4b67e7daff9b:192.168.164.213:45539, 6ae374d6-c68f-4fb2-b074-cf4b80da5fbb:192.168.164.213:43887], old=null
2019-10-07 08:37:09,322 [grpc-default-executor-3] INFO  impl.RaftServerImpl (RaftServerImpl.java:setRole(170)) - 6ae374d6-c68f-4fb2-b074-cf4b80da5fbb@group-8C15FBA2C81E: changes role from  FOLLOWER to FOLLOWER at term 1 for recognizeCandidate:99d98ad4-d4a6-43ab-a467-4b67e7daff9b
2019-10-07 08:37:09,322 [grpc-default-executor-3] INFO  impl.RoleInfo (RoleInfo.java:shutdownFollowerState(121)) - 6ae374d6-c68f-4fb2-b074-cf4b80da5fbb: shutdown FollowerState
2019-10-07 08:37:09,322 [grpc-default-executor-3] INFO  impl.RoleInfo (RoleInfo.java:updateAndGet(143)) - 6ae374d6-c68f-4fb2-b074-cf4b80da5fbb: start FollowerState
2019-10-07 08:37:09,322 [Thread-2374] INFO  impl.FollowerState (FollowerState.java:run(117)) - 6ae374d6-c68f-4fb2-b074-cf4b80da5fbb@group-8C15FBA2C81E-FollowerState was interrupted: java.lang.InterruptedException: sleep interrupted
2019-10-07 08:37:09,348 [Thread-2382] INFO  impl.FollowerState (FollowerState.java:run(108)) - eb6a73ac-d0e4-4fb6-856e-0478ba25526d@group-9D9B9C4666A8-FollowerState: change to CANDIDATE, lastRpcTime:5041ms, electionTimeout:5041ms
2019-10-07 08:37:09,348 [Thread-2382] INFO  impl.RoleInfo (RoleInfo.java:shutdownFollowerState(121)) - eb6a73ac-d0e4-4fb6-856e-0478ba25526d: shutdown FollowerState
2019-10-07 08:37:09,348 [Thread-2382] INFO  impl.RaftServerImpl (RaftServerImpl.java:setRole(170)) - eb6a73ac-d0e4-4fb6-856e-0478ba25526d@group-9D9B9C4666A8: changes role from  FOLLOWER to CANDIDATE at term 0 for changeToCandidate
2019-10-07 08:37:09,348 [Thread-2382] INFO  impl.RoleInfo (RoleInfo.java:updateAndGet(143)) - eb6a73ac-d0e4-4fb6-856e-0478ba25526d: start LeaderElection
2019-10-07 08:37:09,355 [99d98ad4-d4a6-43ab-a467-4b67e7daff9b@group-65348B10D053-LeaderElection87] INFO  impl.LeaderElection (LeaderElection.java:askForVotes(178)) - 99d98ad4-d4a6-43ab-a467-4b67e7daff9b@group-65348B10D053-LeaderElection87: begin an election at term 1 for -1: [99d98ad4-d4a6-43ab-a467-4b67e7daff9b:192.168.164.213:45539], old=null
2019-10-07 08:37:09,355 [2a09ca22-1a21-4c8f-84a3-d0e80ddf3401@group-8C15FBA2C81E-LeaderElection88] INFO  impl.LeaderElection (LeaderElection.java:askForVotes(178)) - 2a09ca22-1a21-4c8f-84a3-d0e80ddf3401@group-8C15FBA2C81E-LeaderElection88: begin an election at term 1 for -1: [2a09ca22-1a21-4c8f-84a3-d0e80ddf3401:192.168.164.213:38539, 99d98ad4-d4a6-43ab-a467-4b67e7daff9b:192.168.164.213:45539, 6ae374d6-c68f-4fb2-b074-cf4b80da5fbb:192.168.164.213:43887], old=null
2019-10-07 08:37:09,355 [99d98ad4-d4a6-43ab-a467-4b67e7daff9b@group-65348B10D053-LeaderElection87] INFO  impl.RoleInfo (RoleInfo.java:shutdownLeaderElection(134)) - 99d98ad4-d4a6-43ab-a467-4b67e7daff9b: shutdown LeaderElection
2019-10-07 08:37:09,355 [99d98ad4-d4a6-43ab-a467-4b67e7daff9b@group-65348B10D053-LeaderElection87] INFO  impl.RaftServerImpl (RaftServerImpl.java:setRole(170)) - 99d98ad4-d4a6-43ab-a467-4b67e7daff9b@group-65348B10D053: changes role from CANDIDATE to LEADER at term 1 for changeToLeader
2019-10-07 08:37:09,355 [99d98ad4-d4a6-43ab-a467-4b67e7daff9b@group-65348B10D053-LeaderElection87] INFO  impl.RaftServerImpl (ServerState.java:setLeader(255)) - 99d98ad4-d4a6-43ab-a467-4b67e7daff9b@group-65348B10D053: change Leader from null to 99d98ad4-d4a6-43ab-a467-4b67e7daff9b at term 1 for becomeLeader, leader elected after 5233ms
2019-10-07 08:37:09,356 [99d98ad4-d4a6-43ab-a467-4b67e7daff9b@group-65348B10D053-LeaderElection87] INFO  server.RaftServerConfigKeys (ConfUtils.java:logGet(43)) - raft.server.staging.catchup.gap = 1000 (default)
2019-10-07 08:37:09,356 [99d98ad4-d4a6-43ab-a467-4b67e7daff9b@group-65348B10D053-LeaderElection87] INFO  server.RaftServerConfigKeys (ConfUtils.java:logGet(43)) - raft.server.rpc.sleep.time = 25ms (default)
2019-10-07 08:37:09,356 [99d98ad4-d4a6-43ab-a467-4b67e7daff9b@group-65348B10D053-LeaderElection87] INFO  server.RaftServerConfigKeys (ConfUtils.java:logGet(43)) - raft.server.write.element-limit = 4096 (default)
2019-10-07 08:37:09,356 [99d98ad4-d4a6-43ab-a467-4b67e7daff9b@group-8C15FBA2C81E-LeaderElection86] INFO  impl.LeaderElection (LeaderElection.java:logAndReturn(56)) - 99d98ad4-d4a6-43ab-a467-4b67e7daff9b@group-8C15FBA2C81E-LeaderElection86: Election PASSED; received 1 response(s) [99d98ad4-d4a6-43ab-a467-4b67e7daff9b<-6ae374d6-c68f-4fb2-b074-cf4b80da5fbb#0:OK-t1] and 0 exception(s); 99d98ad4-d4a6-43ab-a467-4b67e7daff9b@group-8C15FBA2C81E:t1, leader=null, voted=99d98ad4-d4a6-43ab-a467-4b67e7daff9b, raftlog=99d98ad4-d4a6-43ab-a467-4b67e7daff9b@group-8C15FBA2C81E-SegmentedRaftLog:OPENED:c-1,f-1,i0, conf=-1: [2a09ca22-1a21-4c8f-84a3-d0e80ddf3401:192.168.164.213:38539, 99d98ad4-d4a6-43ab-a467-4b67e7daff9b:192.168.164.213:45539, 6ae374d6-c68f-4fb2-b074-cf4b80da5fbb:192.168.164.213:43887], old=null
2019-10-07 08:37:09,356 [99d98ad4-d4a6-43ab-a467-4b67e7daff9b@group-65348B10D053-LeaderElection87] INFO  server.RaftServerConfigKeys (ConfUtils.java:logGet(43)) - raft.server.watch.timeout = 10s (default)
2019-10-07 08:37:09,356 [99d98ad4-d4a6-43ab-a467-4b67e7daff9b@group-8C15FBA2C81E-LeaderElection86] INFO  impl.RoleInfo (RoleInfo.java:shutdownLeaderElection(134)) - 99d98ad4-d4a6-43ab-a467-4b67e7daff9b: shutdown LeaderElection
2019-10-07 08:37:09,357 [99d98ad4-d4a6-43ab-a467-4b67e7daff9b@group-65348B10D053-LeaderElection87] INFO  server.RaftServerConfigKeys (ConfUtils.java:logGet(43)) - raft.server.watch.timeout.denomination = 1s (default)
2019-10-07 08:37:09,357 [99d98ad4-d4a6-43ab-a467-4b67e7daff9b@group-8C15FBA2C81E-LeaderElection86] INFO  impl.RaftServerImpl (RaftServerImpl.java:setRole(170)) - 99d98ad4-d4a6-43ab-a467-4b67e7daff9b@group-8C15FBA2C81E: changes role from CANDIDATE to LEADER at term 1 for changeToLeader
2019-10-07 08:37:09,357 [99d98ad4-d4a6-43ab-a467-4b67e7daff9b@group-65348B10D053-LeaderElection87] INFO  server.RaftServerConfigKeys (ConfUtils.java:logGet(43)) - raft.server.watch.element-limit = 65536 (default)
2019-10-07 08:37:09,357 [99d98ad4-d4a6-43ab-a467-4b67e7daff9b@group-8C15FBA2C81E-LeaderElection86] INFO  impl.RaftServerImpl (ServerState.java:setLeader(255)) - 99d98ad4-d4a6-43ab-a467-4b67e7daff9b@group-8C15FBA2C81E: change Leader from null to 99d98ad4-d4a6-43ab-a467-4b67e7daff9b at term 1 for becomeLeader, leader elected after 5142ms
2019-10-07 08:37:09,357 [99d98ad4-d4a6-43ab-a467-4b67e7daff9b@group-8C15FBA2C81E-LeaderElection86] INFO  server.RaftServerConfigKeys (ConfUtils.java:logGet(43)) - raft.server.staging.catchup.gap = 1000 (default)
2019-10-07 08:37:09,357 [99d98ad4-d4a6-43ab-a467-4b67e7daff9b@group-8C15FBA2C81E-LeaderElection86] INFO  server.RaftServerConfigKeys (ConfUtils.java:logGet(43)) - raft.server.rpc.sleep.time = 25ms (default)
2019-10-07 08:37:09,357 [99d98ad4-d4a6-43ab-a467-4b67e7daff9b@group-8C15FBA2C81E-LeaderElection86] INFO  server.RaftServerConfigKeys (ConfUtils.java:logGet(43)) - raft.server.write.element-limit = 4096 (default)
2019-10-07 08:37:09,358 [99d98ad4-d4a6-43ab-a467-4b67e7daff9b@group-8C15FBA2C81E-LeaderElection86] INFO  server.RaftServerConfigKeys (ConfUtils.java:logGet(43)) - raft.server.watch.timeout = 10s (default)
2019-10-07 08:37:09,358 [99d98ad4-d4a6-43ab-a467-4b67e7daff9b@group-8C15FBA2C81E-LeaderElection86] INFO  server.RaftServerConfigKeys (ConfUtils.java:logGet(43)) - raft.server.watch.timeout.denomination = 1s (default)
2019-10-07 08:37:09,358 [99d98ad4-d4a6-43ab-a467-4b67e7daff9b@group-8C15FBA2C81E-LeaderElection86] INFO  server.RaftServerConfigKeys (ConfUtils.java:logGet(43)) - raft.server.watch.element-limit = 65536 (default)
2019-10-07 08:37:09,361 [Thread-2383] INFO  impl.FollowerState (FollowerState.java:run(108)) - e8275982-c4f0-4f6a-81d1-14244c39973d@group-9D9B9C4666A8-FollowerState: change to CANDIDATE, lastRpcTime:5052ms, electionTimeout:5052ms
2019-10-07 08:37:09,361 [Thread-2383] INFO  impl.RoleInfo (RoleInfo.java:shutdownFollowerState(121)) - e8275982-c4f0-4f6a-81d1-14244c39973d: shutdown FollowerState
2019-10-07 08:37:09,361 [Thread-2383] INFO  impl.RaftServerImpl (RaftServerImpl.java:setRole(170)) - e8275982-c4f0-4f6a-81d1-14244c39973d@group-9D9B9C4666A8: changes role from  FOLLOWER to CANDIDATE at term 0 for changeToCandidate
2019-10-07 08:37:09,361 [Thread-2383] INFO  impl.RoleInfo (RoleInfo.java:updateAndGet(143)) - e8275982-c4f0-4f6a-81d1-14244c39973d: start LeaderElection
2019-10-07 08:37:09,369 [99d98ad4-d4a6-43ab-a467-4b67e7daff9b@group-65348B10D053-LeaderElection87] INFO  impl.RoleInfo (RoleInfo.java:updateAndGet(143)) - 99d98ad4-d4a6-43ab-a467-4b67e7daff9b: start LeaderState
2019-10-07 08:37:09,369 [99d98ad4-d4a6-43ab-a467-4b67e7daff9b@group-65348B10D053-LeaderElection87] INFO  segmented.SegmentedRaftLogWorker (SegmentedRaftLogWorker.java:startLogSegment(385)) - 99d98ad4-d4a6-43ab-a467-4b67e7daff9b@group-65348B10D053-SegmentedRaftLogWorker: Starting segment from index:0
2019-10-07 08:37:09,370 [99d98ad4-d4a6-43ab-a467-4b67e7daff9b@group-8C15FBA2C81E-LeaderElection86] INFO  server.RaftServerConfigKeys (ConfUtils.java:logGet(43)) - raft.server.log.appender.snapshot.chunk.size.max = 16MB (=16777216) (default)
2019-10-07 08:37:09,370 [99d98ad4-d4a6-43ab-a467-4b67e7daff9b@group-65348B10D053-LeaderElection87] INFO  impl.RaftServerImpl (ServerState.java:setRaftConf(356)) - 99d98ad4-d4a6-43ab-a467-4b67e7daff9b@group-65348B10D053: set configuration 0: [99d98ad4-d4a6-43ab-a467-4b67e7daff9b:192.168.164.213:45539], old=null at 0
2019-10-07 08:37:09,370 [99d98ad4-d4a6-43ab-a467-4b67e7daff9b@group-8C15FBA2C81E-LeaderElection86] INFO  server.RaftServerConfigKeys (ConfUtils.java:logGet(43)) - raft.server.log.appender.buffer.byte-limit = 33554432 (custom)
2019-10-07 08:37:09,370 [99d98ad4-d4a6-43ab-a467-4b67e7daff9b@group-8C15FBA2C81E-LeaderElection86] INFO  server.RaftServerConfigKeys (ConfUtils.java:logGet(43)) - raft.server.log.appender.buffer.element-limit = 1 (custom)
2019-10-07 08:37:09,371 [99d98ad4-d4a6-43ab-a467-4b67e7daff9b@group-8C15FBA2C81E-LeaderElection86] INFO  grpc.GrpcConfigKeys$Server (ConfUtils.java:logGet(43)) - raft.grpc.server.leader.outstanding.appends.max = 128 (default)
2019-10-07 08:37:09,371 [99d98ad4-d4a6-43ab-a467-4b67e7daff9b@group-8C15FBA2C81E-LeaderElection86] INFO  server.RaftServerConfigKeys (ConfUtils.java:logGet(43)) - raft.server.rpc.request.timeout = 3000ms (default)
2019-10-07 08:37:09,371 [99d98ad4-d4a6-43ab-a467-4b67e7daff9b@group-8C15FBA2C81E-LeaderElection86] INFO  server.RaftServerConfigKeys (ConfUtils.java:logGet(43)) - raft.server.log.appender.install.snapshot.enabled = false (custom)
2019-10-07 08:37:09,371 [99d98ad4-d4a6-43ab-a467-4b67e7daff9b@group-8C15FBA2C81E-LeaderElection86] INFO  server.RaftServerConfigKeys (ConfUtils.java:logGet(43)) - raft.server.log.appender.snapshot.chunk.size.max = 16MB (=16777216) (default)
2019-10-07 08:37:09,371 [99d98ad4-d4a6-43ab-a467-4b67e7daff9b@group-8C15FBA2C81E-LeaderElection86] INFO  server.RaftServerConfigKeys (ConfUtils.java:logGet(43)) - raft.server.log.appender.buffer.byte-limit = 33554432 (custom)
2019-10-07 08:37:09,371 [99d98ad4-d4a6-43ab-a467-4b67e7daff9b@group-8C15FBA2C81E-LeaderElection86] INFO  server.RaftServerConfigKeys (ConfUtils.java:logGet(43)) - raft.server.log.appender.buffer.element-limit = 1 (custom)
2019-10-07 08:37:09,372 [99d98ad4-d4a6-43ab-a467-4b67e7daff9b@group-8C15FBA2C81E-LeaderElection86] INFO  grpc.GrpcConfigKeys$Server (ConfUtils.java:logGet(43)) - raft.grpc.server.leader.outstanding.appends.max = 128 (default)
2019-10-07 08:37:09,372 [99d98ad4-d4a6-43ab-a467-4b67e7daff9b@group-8C15FBA2C81E-LeaderElection86] INFO  server.RaftServerConfigKeys (ConfUtils.java:logGet(43)) - raft.server.rpc.request.timeout = 3000ms (default)
2019-10-07 08:37:09,372 [99d98ad4-d4a6-43ab-a467-4b67e7daff9b@group-8C15FBA2C81E-LeaderElection86] INFO  server.RaftServerConfigKeys (ConfUtils.java:logGet(43)) - raft.server.log.appender.install.snapshot.enabled = false (custom)
2019-10-07 08:37:09,372 [99d98ad4-d4a6-43ab-a467-4b67e7daff9b@group-8C15FBA2C81E-LeaderElection86] INFO  impl.RoleInfo (RoleInfo.java:updateAndGet(143)) - 99d98ad4-d4a6-43ab-a467-4b67e7daff9b: start LeaderState
2019-10-07 08:37:09,372 [99d98ad4-d4a6-43ab-a467-4b67e7daff9b@group-8C15FBA2C81E-LeaderElection86] INFO  segmented.SegmentedRaftLogWorker (SegmentedRaftLogWorker.java:startLogSegment(385)) - 99d98ad4-d4a6-43ab-a467-4b67e7daff9b@group-8C15FBA2C81E-SegmentedRaftLogWorker: Starting segment from index:0
2019-10-07 08:37:09,373 [99d98ad4-d4a6-43ab-a467-4b67e7daff9b@group-8C15FBA2C81E-LeaderElection86] INFO  impl.RaftServerImpl (ServerState.java:setRaftConf(356)) - 99d98ad4-d4a6-43ab-a467-4b67e7daff9b@group-8C15FBA2C81E: set configuration 0: [2a09ca22-1a21-4c8f-84a3-d0e80ddf3401:192.168.164.213:38539, 99d98ad4-d4a6-43ab-a467-4b67e7daff9b:192.168.164.213:45539, 6ae374d6-c68f-4fb2-b074-cf4b80da5fbb:192.168.164.213:43887], old=null at 0
2019-10-07 08:37:09,373 [grpc-default-executor-1] INFO  impl.RaftServerImpl (RaftServerImpl.java:requestVote(754)) - 99d98ad4-d4a6-43ab-a467-4b67e7daff9b@group-8C15FBA2C81E-   LEADER: Withhold vote from candidate 2a09ca22-1a21-4c8f-84a3-d0e80ddf3401 with term 1. State: leader=99d98ad4-d4a6-43ab-a467-4b67e7daff9b, term=1, lastRpcElapsed=null
2019-10-07 08:37:09,375 [2a09ca22-1a21-4c8f-84a3-d0e80ddf3401@group-8C15FBA2C81E-LeaderElection88] INFO  impl.LeaderElection (LeaderElection.java:logAndReturn(56)) - 2a09ca22-1a21-4c8f-84a3-d0e80ddf3401@group-8C15FBA2C81E-LeaderElection88: Election REJECTED; received 2 response(s) [2a09ca22-1a21-4c8f-84a3-d0e80ddf3401<-99d98ad4-d4a6-43ab-a467-4b67e7daff9b#0:FAIL-t1, 2a09ca22-1a21-4c8f-84a3-d0e80ddf3401<-6ae374d6-c68f-4fb2-b074-cf4b80da5fbb#0:FAIL-t1] and 0 exception(s); 2a09ca22-1a21-4c8f-84a3-d0e80ddf3401@group-8C15FBA2C81E:t1, leader=null, voted=2a09ca22-1a21-4c8f-84a3-d0e80ddf3401, raftlog=2a09ca22-1a21-4c8f-84a3-d0e80ddf3401@group-8C15FBA2C81E-SegmentedRaftLog:OPENED:c-1,f-1,i0, conf=-1: [2a09ca22-1a21-4c8f-84a3-d0e80ddf3401:192.168.164.213:38539, 99d98ad4-d4a6-43ab-a467-4b67e7daff9b:192.168.164.213:45539, 6ae374d6-c68f-4fb2-b074-cf4b80da5fbb:192.168.164.213:43887], old=null
2019-10-07 08:37:09,375 [grpc-default-executor-3] INFO  impl.RaftServerImpl (RaftServerImpl.java:setRole(170)) - 2a09ca22-1a21-4c8f-84a3-d0e80ddf3401@group-8C15FBA2C81E: changes role from CANDIDATE to FOLLOWER at term 1 for appendEntries
2019-10-07 08:37:09,375 [grpc-default-executor-1] INFO  impl.RaftServerImpl (ServerState.java:setLeader(255)) - 6ae374d6-c68f-4fb2-b074-cf4b80da5fbb@group-8C15FBA2C81E: change Leader from null to 99d98ad4-d4a6-43ab-a467-4b67e7daff9b at term 1 for appendEntries, leader elected after 5160ms
2019-10-07 08:37:09,375 [grpc-default-executor-3] INFO  impl.RoleInfo (RoleInfo.java:shutdownLeaderElection(134)) - 2a09ca22-1a21-4c8f-84a3-d0e80ddf3401: shutdown LeaderElection
2019-10-07 08:37:09,376 [grpc-default-executor-3] INFO  impl.RoleInfo (RoleInfo.java:updateAndGet(143)) - 2a09ca22-1a21-4c8f-84a3-d0e80ddf3401: start FollowerState
2019-10-07 08:37:09,376 [grpc-default-executor-3] INFO  impl.RaftServerImpl (ServerState.java:setLeader(255)) - 2a09ca22-1a21-4c8f-84a3-d0e80ddf3401@group-8C15FBA2C81E: change Leader from null to 99d98ad4-d4a6-43ab-a467-4b67e7daff9b at term 1 for appendEntries, leader elected after 5161ms
2019-10-07 08:37:09,377 [eb6a73ac-d0e4-4fb6-856e-0478ba25526d@group-9D9B9C4666A8-LeaderElection89] INFO  impl.LeaderElection (LeaderElection.java:askForVotes(178)) - eb6a73ac-d0e4-4fb6-856e-0478ba25526d@group-9D9B9C4666A8-LeaderElection89: begin an election at term 1 for -1: [eb6a73ac-d0e4-4fb6-856e-0478ba25526d:192.168.164.213:39316, e8275982-c4f0-4f6a-81d1-14244c39973d:192.168.164.213:35648, 06c4234e-1118-48a4-b33d-29d25b877864:192.168.164.213:45253], old=null
2019-10-07 08:37:09,378 [grpc-default-executor-1] INFO  impl.RaftServerImpl (ServerState.java:setRaftConf(356)) - 6ae374d6-c68f-4fb2-b074-cf4b80da5fbb@group-8C15FBA2C81E: set configuration 0: [2a09ca22-1a21-4c8f-84a3-d0e80ddf3401:192.168.164.213:38539, 99d98ad4-d4a6-43ab-a467-4b67e7daff9b:192.168.164.213:45539, 6ae374d6-c68f-4fb2-b074-cf4b80da5fbb:192.168.164.213:43887], old=null at 0
2019-10-07 08:37:09,378 [grpc-default-executor-1] INFO  segmented.SegmentedRaftLogWorker (SegmentedRaftLogWorker.java:startLogSegment(385)) - 6ae374d6-c68f-4fb2-b074-cf4b80da5fbb@group-8C15FBA2C81E-SegmentedRaftLogWorker: Starting segment from index:0
2019-10-07 08:37:09,379 [grpc-default-executor-1] INFO  impl.RaftServerImpl (ServerState.java:setRaftConf(356)) - 2a09ca22-1a21-4c8f-84a3-d0e80ddf3401@group-8C15FBA2C81E: set configuration 0: [2a09ca22-1a21-4c8f-84a3-d0e80ddf3401:192.168.164.213:38539, 99d98ad4-d4a6-43ab-a467-4b67e7daff9b:192.168.164.213:45539, 6ae374d6-c68f-4fb2-b074-cf4b80da5fbb:192.168.164.213:43887], old=null at 0
2019-10-07 08:37:09,417 [e8275982-c4f0-4f6a-81d1-14244c39973d@group-9D9B9C4666A8-LeaderElection90] INFO  impl.LeaderElection (LeaderElection.java:askForVotes(178)) - e8275982-c4f0-4f6a-81d1-14244c39973d@group-9D9B9C4666A8-LeaderElection90: begin an election at term 1 for -1: [eb6a73ac-d0e4-4fb6-856e-0478ba25526d:192.168.164.213:39316, e8275982-c4f0-4f6a-81d1-14244c39973d:192.168.164.213:35648, 06c4234e-1118-48a4-b33d-29d25b877864:192.168.164.213:45253], old=null
2019-10-07 08:37:09,417 [grpc-default-executor-1] INFO  segmented.SegmentedRaftLogWorker (SegmentedRaftLogWorker.java:startLogSegment(385)) - 2a09ca22-1a21-4c8f-84a3-d0e80ddf3401@group-8C15FBA2C81E-SegmentedRaftLogWorker: Starting segment from index:0
2019-10-07 08:37:09,451 [grpc-default-executor-1] INFO  impl.RaftServerImpl (RaftServerImpl.java:setRole(170)) - 06c4234e-1118-48a4-b33d-29d25b877864@group-9D9B9C4666A8: changes role from  FOLLOWER to FOLLOWER at term 1 for recognizeCandidate:eb6a73ac-d0e4-4fb6-856e-0478ba25526d
2019-10-07 08:37:09,451 [99d98ad4-d4a6-43ab-a467-4b67e7daff9b@group-65348B10D053-SegmentedRaftLogWorker] INFO  segmented.SegmentedRaftLogWorker (SegmentedRaftLogWorker.java:execute(574)) - 99d98ad4-d4a6-43ab-a467-4b67e7daff9b@group-65348B10D053-SegmentedRaftLogWorker: created new log segment /workdir/hadoop-ozone/integration-test/target/test-dir/MiniOzoneClusterImpl-eeb6af2b-3ac5-495a-9d4c-d36463802584/datanode-6/data/ratis/79dd58d7-ff5d-48a8-938a-65348b10d053/current/log_inprogress_0
2019-10-07 08:37:09,451 [6ae374d6-c68f-4fb2-b074-cf4b80da5fbb@group-8C15FBA2C81E-SegmentedRaftLogWorker] INFO  segmented.SegmentedRaftLogWorker (SegmentedRaftLogWorker.java:execute(574)) - 6ae374d6-c68f-4fb2-b074-cf4b80da5fbb@group-8C15FBA2C81E-SegmentedRaftLogWorker: created new log segment /workdir/hadoop-ozone/integration-test/target/test-dir/MiniOzoneClusterImpl-eeb6af2b-3ac5-495a-9d4c-d36463802584/datanode-4/data/ratis/2e5c0365-4356-4783-8684-8c15fba2c81e/current/log_inprogress_0
2019-10-07 08:37:09,451 [99d98ad4-d4a6-43ab-a467-4b67e7daff9b@group-8C15FBA2C81E-SegmentedRaftLogWorker] INFO  segmented.SegmentedRaftLogWorker (SegmentedRaftLogWorker.java:execute(574)) - 99d98ad4-d4a6-43ab-a467-4b67e7daff9b@group-8C15FBA2C81E-SegmentedRaftLogWorker: created new log segment /workdir/hadoop-ozone/integration-test/target/test-dir/MiniOzoneClusterImpl-eeb6af2b-3ac5-495a-9d4c-d36463802584/datanode-6/data/ratis/2e5c0365-4356-4783-8684-8c15fba2c81e/current/log_inprogress_0
2019-10-07 08:37:09,453 [grpc-default-executor-1] INFO  impl.RoleInfo (RoleInfo.java:shutdownFollowerState(121)) - 06c4234e-1118-48a4-b33d-29d25b877864: shutdown FollowerState
2019-10-07 08:37:09,454 [grpc-default-executor-1] INFO  impl.RoleInfo (RoleInfo.java:updateAndGet(143)) - 06c4234e-1118-48a4-b33d-29d25b877864: start FollowerState
2019-10-07 08:37:09,463 [2a09ca22-1a21-4c8f-84a3-d0e80ddf3401@group-8C15FBA2C81E-SegmentedRaftLogWorker] INFO  segmented.SegmentedRaftLogWorker (SegmentedRaftLogWorker.java:execute(574)) - 2a09ca22-1a21-4c8f-84a3-d0e80ddf3401@group-8C15FBA2C81E-SegmentedRaftLogWorker: created new log segment /workdir/hadoop-ozone/integration-test/target/test-dir/MiniOzoneClusterImpl-eeb6af2b-3ac5-495a-9d4c-d36463802584/datanode-0/data/ratis/2e5c0365-4356-4783-8684-8c15fba2c81e/current/log_inprogress_0
2019-10-07 08:37:09,464 [e8275982-c4f0-4f6a-81d1-14244c39973d@group-9D9B9C4666A8-LeaderElection90] INFO  impl.LeaderElection (LeaderElection.java:logAndReturn(56)) - e8275982-c4f0-4f6a-81d1-14244c39973d@group-9D9B9C4666A8-LeaderElection90: Election REJECTED; received 2 response(s) [e8275982-c4f0-4f6a-81d1-14244c39973d<-eb6a73ac-d0e4-4fb6-856e-0478ba25526d#0:FAIL-t1, e8275982-c4f0-4f6a-81d1-14244c39973d<-06c4234e-1118-48a4-b33d-29d25b877864#0:FAIL-t1] and 0 exception(s); e8275982-c4f0-4f6a-81d1-14244c39973d@group-9D9B9C4666A8:t1, leader=null, voted=e8275982-c4f0-4f6a-81d1-14244c39973d, raftlog=e8275982-c4f0-4f6a-81d1-14244c39973d@group-9D9B9C4666A8-SegmentedRaftLog:OPENED:c-1,f-1,i0, conf=-1: [eb6a73ac-d0e4-4fb6-856e-0478ba25526d:192.168.164.213:39316, e8275982-c4f0-4f6a-81d1-14244c39973d:192.168.164.213:35648, 06c4234e-1118-48a4-b33d-29d25b877864:192.168.164.213:45253], old=null
2019-10-07 08:37:09,464 [eb6a73ac-d0e4-4fb6-856e-0478ba25526d@group-9D9B9C4666A8-LeaderElection89] INFO  impl.LeaderElection (LeaderElection.java:logAndReturn(56)) - eb6a73ac-d0e4-4fb6-856e-0478ba25526d@group-9D9B9C4666A8-LeaderElection89: Election PASSED; received 2 response(s) [eb6a73ac-d0e4-4fb6-856e-0478ba25526d<-e8275982-c4f0-4f6a-81d1-14244c39973d#0:FAIL-t1, eb6a73ac-d0e4-4fb6-856e-0478ba25526d<-06c4234e-1118-48a4-b33d-29d25b877864#0:OK-t1] and 0 exception(s); eb6a73ac-d0e4-4fb6-856e-0478ba25526d@group-9D9B9C4666A8:t1, leader=null, voted=eb6a73ac-d0e4-4fb6-856e-0478ba25526d, raftlog=eb6a73ac-d0e4-4fb6-856e-0478ba25526d@group-9D9B9C4666A8-SegmentedRaftLog:OPENED:c-1,f-1,i0, conf=-1: [eb6a73ac-d0e4-4fb6-856e-0478ba25526d:192.168.164.213:39316, e8275982-c4f0-4f6a-81d1-14244c39973d:192.168.164.213:35648, 06c4234e-1118-48a4-b33d-29d25b877864:192.168.164.213:45253], old=null
2019-10-07 08:37:09,464 [e8275982-c4f0-4f6a-81d1-14244c39973d@group-9D9B9C4666A8-LeaderElection90] INFO  impl.RaftServerImpl (RaftServerImpl.java:setRole(170)) - e8275982-c4f0-4f6a-81d1-14244c39973d@group-9D9B9C4666A8: changes role from CANDIDATE to FOLLOWER at term 1 for DISCOVERED_A_NEW_TERM
2019-10-07 08:37:09,465 [eb6a73ac-d0e4-4fb6-856e-0478ba25526d@group-9D9B9C4666A8-LeaderElection89] INFO  impl.RoleInfo (RoleInfo.java:shutdownLeaderElection(134)) - eb6a73ac-d0e4-4fb6-856e-0478ba25526d: shutdown LeaderElection
2019-10-07 08:37:09,465 [e8275982-c4f0-4f6a-81d1-14244c39973d@group-9D9B9C4666A8-LeaderElection90] INFO  impl.RoleInfo (RoleInfo.java:shutdownLeaderElection(134)) - e8275982-c4f0-4f6a-81d1-14244c39973d: shutdown LeaderElection
2019-10-07 08:37:09,465 [eb6a73ac-d0e4-4fb6-856e-0478ba25526d@group-9D9B9C4666A8-LeaderElection89] INFO  impl.RaftServerImpl (RaftServerImpl.java:setRole(170)) - eb6a73ac-d0e4-4fb6-856e-0478ba25526d@group-9D9B9C4666A8: changes role from CANDIDATE to LEADER at term 1 for changeToLeader
2019-10-07 08:37:09,465 [e8275982-c4f0-4f6a-81d1-14244c39973d@group-9D9B9C4666A8-LeaderElection90] INFO  impl.RoleInfo (RoleInfo.java:updateAndGet(143)) - e8275982-c4f0-4f6a-81d1-14244c39973d: start FollowerState
2019-10-07 08:37:09,465 [eb6a73ac-d0e4-4fb6-856e-0478ba25526d@group-9D9B9C4666A8-LeaderElection89] INFO  impl.RaftServerImpl (ServerState.java:setLeader(255)) - eb6a73ac-d0e4-4fb6-856e-0478ba25526d@group-9D9B9C4666A8: change Leader from null to eb6a73ac-d0e4-4fb6-856e-0478ba25526d at term 1 for becomeLeader, leader elected after 5166ms
2019-10-07 08:37:09,465 [eb6a73ac-d0e4-4fb6-856e-0478ba25526d@group-9D9B9C4666A8-LeaderElection89] INFO  server.RaftServerConfigKeys (ConfUtils.java:logGet(43)) - raft.server.staging.catchup.gap = 1000 (default)
2019-10-07 08:37:09,465 [eb6a73ac-d0e4-4fb6-856e-0478ba25526d@group-9D9B9C4666A8-LeaderElection89] INFO  server.RaftServerConfigKeys (ConfUtils.java:logGet(43)) - raft.server.rpc.sleep.time = 25ms (default)
2019-10-07 08:37:09,466 [eb6a73ac-d0e4-4fb6-856e-0478ba25526d@group-9D9B9C4666A8-LeaderElection89] INFO  server.RaftServerConfigKeys (ConfUtils.java:logGet(43)) - raft.server.write.element-limit = 4096 (default)
2019-10-07 08:37:09,466 [eb6a73ac-d0e4-4fb6-856e-0478ba25526d@group-9D9B9C4666A8-LeaderElection89] INFO  server.RaftServerConfigKeys (ConfUtils.java:logGet(43)) - raft.server.watch.timeout = 10s (default)
2019-10-07 08:37:09,466 [eb6a73ac-d0e4-4fb6-856e-0478ba25526d@group-9D9B9C4666A8-LeaderElection89] INFO  server.RaftServerConfigKeys (ConfUtils.java:logGet(43)) - raft.server.watch.timeout.denomination = 1s (default)
2019-10-07 08:37:09,466 [eb6a73ac-d0e4-4fb6-856e-0478ba25526d@group-9D9B9C4666A8-LeaderElection89] INFO  server.RaftServerConfigKeys (ConfUtils.java:logGet(43)) - raft.server.watch.element-limit = 65536 (default)
2019-10-07 08:37:09,467 [eb6a73ac-d0e4-4fb6-856e-0478ba25526d@group-9D9B9C4666A8-LeaderElection89] INFO  server.RaftServerConfigKeys (ConfUtils.java:logGet(43)) - raft.server.log.appender.snapshot.chunk.size.max = 16MB (=16777216) (default)
2019-10-07 08:37:09,467 [eb6a73ac-d0e4-4fb6-856e-0478ba25526d@group-9D9B9C4666A8-LeaderElection89] INFO  server.RaftServerConfigKeys (ConfUtils.java:logGet(43)) - raft.server.log.appender.buffer.byte-limit = 33554432 (custom)
2019-10-07 08:37:09,468 [eb6a73ac-d0e4-4fb6-856e-0478ba25526d@group-9D9B9C4666A8-LeaderElection89] INFO  server.RaftServerConfigKeys (ConfUtils.java:logGet(43)) - raft.server.log.appender.buffer.element-limit = 1 (custom)
2019-10-07 08:37:09,468 [eb6a73ac-d0e4-4fb6-856e-0478ba25526d@group-9D9B9C4666A8-LeaderElection89] INFO  grpc.GrpcConfigKeys$Server (ConfUtils.java:logGet(43)) - raft.grpc.server.leader.outstanding.appends.max = 128 (default)
2019-10-07 08:37:09,468 [eb6a73ac-d0e4-4fb6-856e-0478ba25526d@group-9D9B9C4666A8-LeaderElection89] INFO  server.RaftServerConfigKeys (ConfUtils.java:logGet(43)) - raft.server.rpc.request.timeout = 3000ms (default)
2019-10-07 08:37:09,468 [eb6a73ac-d0e4-4fb6-856e-0478ba25526d@group-9D9B9C4666A8-LeaderElection89] INFO  server.RaftServerConfigKeys (ConfUtils.java:logGet(43)) - raft.server.log.appender.install.snapshot.enabled = false (custom)
2019-10-07 08:37:09,468 [eb6a73ac-d0e4-4fb6-856e-0478ba25526d@group-9D9B9C4666A8-LeaderElection89] INFO  server.RaftServerConfigKeys (ConfUtils.java:logGet(43)) - raft.server.log.appender.snapshot.chunk.size.max = 16MB (=16777216) (default)
2019-10-07 08:37:09,468 [eb6a73ac-d0e4-4fb6-856e-0478ba25526d@group-9D9B9C4666A8-LeaderElection89] INFO  server.RaftServerConfigKeys (ConfUtils.java:logGet(43)) - raft.server.log.appender.buffer.byte-limit = 33554432 (custom)
2019-10-07 08:37:09,468 [eb6a73ac-d0e4-4fb6-856e-0478ba25526d@group-9D9B9C4666A8-LeaderElection89] INFO  server.RaftServerConfigKeys (ConfUtils.java:logGet(43)) - raft.server.log.appender.buffer.element-limit = 1 (custom)
2019-10-07 08:37:09,469 [eb6a73ac-d0e4-4fb6-856e-0478ba25526d@group-9D9B9C4666A8-LeaderElection89] INFO  grpc.GrpcConfigKeys$Server (ConfUtils.java:logGet(43)) - raft.grpc.server.leader.outstanding.appends.max = 128 (default)
2019-10-07 08:37:09,469 [eb6a73ac-d0e4-4fb6-856e-0478ba25526d@group-9D9B9C4666A8-LeaderElection89] INFO  server.RaftServerConfigKeys (ConfUtils.java:logGet(43)) - raft.server.rpc.request.timeout = 3000ms (default)
2019-10-07 08:37:09,469 [eb6a73ac-d0e4-4fb6-856e-0478ba25526d@group-9D9B9C4666A8-LeaderElection89] INFO  server.RaftServerConfigKeys (ConfUtils.java:logGet(43)) - raft.server.log.appender.install.snapshot.enabled = false (custom)
2019-10-07 08:37:09,469 [eb6a73ac-d0e4-4fb6-856e-0478ba25526d@group-9D9B9C4666A8-LeaderElection89] INFO  impl.RoleInfo (RoleInfo.java:updateAndGet(143)) - eb6a73ac-d0e4-4fb6-856e-0478ba25526d: start LeaderState
2019-10-07 08:37:09,469 [eb6a73ac-d0e4-4fb6-856e-0478ba25526d@group-9D9B9C4666A8-LeaderElection89] INFO  segmented.SegmentedRaftLogWorker (SegmentedRaftLogWorker.java:startLogSegment(385)) - eb6a73ac-d0e4-4fb6-856e-0478ba25526d@group-9D9B9C4666A8-SegmentedRaftLogWorker: Starting segment from index:0
2019-10-07 08:37:09,470 [eb6a73ac-d0e4-4fb6-856e-0478ba25526d@group-9D9B9C4666A8-LeaderElection89] INFO  impl.RaftServerImpl (ServerState.java:setRaftConf(356)) - eb6a73ac-d0e4-4fb6-856e-0478ba25526d@group-9D9B9C4666A8: set configuration 0: [eb6a73ac-d0e4-4fb6-856e-0478ba25526d:192.168.164.213:39316, e8275982-c4f0-4f6a-81d1-14244c39973d:192.168.164.213:35648, 06c4234e-1118-48a4-b33d-29d25b877864:192.168.164.213:45253], old=null at 0
2019-10-07 08:37:09,471 [grpc-default-executor-1] INFO  impl.RaftServerImpl (ServerState.java:setLeader(255)) - e8275982-c4f0-4f6a-81d1-14244c39973d@group-9D9B9C4666A8: change Leader from null to eb6a73ac-d0e4-4fb6-856e-0478ba25526d at term 1 for appendEntries, leader elected after 5171ms
2019-10-07 08:37:09,471 [grpc-default-executor-3] INFO  impl.RaftServerImpl (ServerState.java:setLeader(255)) - 06c4234e-1118-48a4-b33d-29d25b877864@group-9D9B9C4666A8: change Leader from null to eb6a73ac-d0e4-4fb6-856e-0478ba25526d at term 1 for appendEntries, leader elected after 5171ms
2019-10-07 08:37:09,473 [grpc-default-executor-1] INFO  impl.RaftServerImpl (ServerState.java:setRaftConf(356)) - e8275982-c4f0-4f6a-81d1-14244c39973d@group-9D9B9C4666A8: set configuration 0: [eb6a73ac-d0e4-4fb6-856e-0478ba25526d:192.168.164.213:39316, e8275982-c4f0-4f6a-81d1-14244c39973d:192.168.164.213:35648, 06c4234e-1118-48a4-b33d-29d25b877864:192.168.164.213:45253], old=null at 0
2019-10-07 08:37:09,473 [grpc-default-executor-1] INFO  segmented.SegmentedRaftLogWorker (SegmentedRaftLogWorker.java:startLogSegment(385)) - e8275982-c4f0-4f6a-81d1-14244c39973d@group-9D9B9C4666A8-SegmentedRaftLogWorker: Starting segment from index:0
2019-10-07 08:37:09,473 [grpc-default-executor-3] INFO  impl.RaftServerImpl (ServerState.java:setRaftConf(356)) - 06c4234e-1118-48a4-b33d-29d25b877864@group-9D9B9C4666A8: set configuration 0: [eb6a73ac-d0e4-4fb6-856e-0478ba25526d:192.168.164.213:39316, e8275982-c4f0-4f6a-81d1-14244c39973d:192.168.164.213:35648, 06c4234e-1118-48a4-b33d-29d25b877864:192.168.164.213:45253], old=null at 0
2019-10-07 08:37:09,474 [grpc-default-executor-3] INFO  segmented.SegmentedRaftLogWorker (SegmentedRaftLogWorker.java:startLogSegment(385)) - 06c4234e-1118-48a4-b33d-29d25b877864@group-9D9B9C4666A8-SegmentedRaftLogWorker: Starting segment from index:0
2019-10-07 08:37:09,521 [06c4234e-1118-48a4-b33d-29d25b877864@group-9D9B9C4666A8-SegmentedRaftLogWorker] INFO  segmented.SegmentedRaftLogWorker (SegmentedRaftLogWorker.java:execute(574)) - 06c4234e-1118-48a4-b33d-29d25b877864@group-9D9B9C4666A8-SegmentedRaftLogWorker: created new log segment /workdir/hadoop-ozone/integration-test/target/test-dir/MiniOzoneClusterImpl-eeb6af2b-3ac5-495a-9d4c-d36463802584/datanode-2/data/ratis/4386dcae-f6d3-400b-ac3c-9d9b9c4666a8/current/log_inprogress_0
2019-10-07 08:37:09,521 [e8275982-c4f0-4f6a-81d1-14244c39973d@group-9D9B9C4666A8-SegmentedRaftLogWorker] INFO  segmented.SegmentedRaftLogWorker (SegmentedRaftLogWorker.java:execute(574)) - e8275982-c4f0-4f6a-81d1-14244c39973d@group-9D9B9C4666A8-SegmentedRaftLogWorker: created new log segment /workdir/hadoop-ozone/integration-test/target/test-dir/MiniOzoneClusterImpl-eeb6af2b-3ac5-495a-9d4c-d36463802584/datanode-3/data/ratis/4386dcae-f6d3-400b-ac3c-9d9b9c4666a8/current/log_inprogress_0
2019-10-07 08:37:09,521 [eb6a73ac-d0e4-4fb6-856e-0478ba25526d@group-9D9B9C4666A8-SegmentedRaftLogWorker] INFO  segmented.SegmentedRaftLogWorker (SegmentedRaftLogWorker.java:execute(574)) - eb6a73ac-d0e4-4fb6-856e-0478ba25526d@group-9D9B9C4666A8-SegmentedRaftLogWorker: created new log segment /workdir/hadoop-ozone/integration-test/target/test-dir/MiniOzoneClusterImpl-eeb6af2b-3ac5-495a-9d4c-d36463802584/datanode-1/data/ratis/4386dcae-f6d3-400b-ac3c-9d9b9c4666a8/current/log_inprogress_0
2019-10-07 08:37:10,419 [Datanode State Machine Thread - 0] INFO  statemachine.DatanodeStateMachine (DatanodeStateMachine.java:lambda$startDaemon$0(350)) - Ozone container server started.
2019-10-07 08:37:15,386 [main] INFO  ozoneimpl.OzoneContainer (OzoneContainer.java:stop(227)) - Attempting to stop container services.
2019-10-07 08:37:15,388 [main] INFO  impl.RaftServerProxy (RaftServerProxy.java:lambda$close$4(314)) - 2a09ca22-1a21-4c8f-84a3-d0e80ddf3401: close
2019-10-07 08:37:15,388 [main] INFO  impl.RaftServerImpl (RaftServerImpl.java:lambda$shutdown$3(247)) - 2a09ca22-1a21-4c8f-84a3-d0e80ddf3401@group-8C15FBA2C81E: shutdown
2019-10-07 08:37:15,389 [main] INFO  util.JmxRegister (JmxRegister.java:unregister(73)) - Successfully un-registered JMX Bean with object name Ratis:service=RaftServer,group=group-8C15FBA2C81E,id=2a09ca22-1a21-4c8f-84a3-d0e80ddf3401
2019-10-07 08:37:15,389 [main] INFO  impl.RoleInfo (RoleInfo.java:shutdownFollowerState(121)) - 2a09ca22-1a21-4c8f-84a3-d0e80ddf3401: shutdown FollowerState
2019-10-07 08:37:15,390 [main] INFO  impl.StateMachineUpdater (StateMachineUpdater.java:stopAndJoin(136)) - 2a09ca22-1a21-4c8f-84a3-d0e80ddf3401@group-8C15FBA2C81E-StateMachineUpdater: set stopIndex = 2
2019-10-07 08:37:15,390 [2a09ca22-1a21-4c8f-84a3-d0e80ddf3401@group-8C15FBA2C81E-StateMachineUpdater] INFO  ratis.ContainerStateMachine (ContainerStateMachine.java:takeSnapshot(294)) - group-8C15FBA2C81E: Taking a snapshot at:(t:1, i:1) file /workdir/hadoop-ozone/integration-test/target/test-dir/MiniOzoneClusterImpl-eeb6af2b-3ac5-495a-9d4c-d36463802584/datanode-0/data/ratis/2e5c0365-4356-4783-8684-8c15fba2c81e/sm/snapshot.1_1
2019-10-07 08:37:15,390 [Thread-2431] INFO  impl.FollowerState (FollowerState.java:run(117)) - 2a09ca22-1a21-4c8f-84a3-d0e80ddf3401@group-8C15FBA2C81E-FollowerState was interrupted: java.lang.InterruptedException: sleep interrupted
2019-10-07 08:37:15,414 [2a09ca22-1a21-4c8f-84a3-d0e80ddf3401@group-8C15FBA2C81E-StateMachineUpdater] INFO  ratis.ContainerStateMachine (ContainerStateMachine.java:takeSnapshot(305)) - group-8C15FBA2C81E: Finished taking a snapshot at:(t:1, i:1) file:/workdir/hadoop-ozone/integration-test/target/test-dir/MiniOzoneClusterImpl-eeb6af2b-3ac5-495a-9d4c-d36463802584/datanode-0/data/ratis/2e5c0365-4356-4783-8684-8c15fba2c81e/sm/snapshot.1_1 time:24
2019-10-07 08:37:15,414 [2a09ca22-1a21-4c8f-84a3-d0e80ddf3401@group-8C15FBA2C81E-StateMachineUpdater] INFO  impl.StateMachineUpdater (StateMachineUpdater.java:takeSnapshot(269)) - 2a09ca22-1a21-4c8f-84a3-d0e80ddf3401@group-8C15FBA2C81E-StateMachineUpdater: Took a snapshot at index 1
2019-10-07 08:37:15,414 [2a09ca22-1a21-4c8f-84a3-d0e80ddf3401@group-8C15FBA2C81E-StateMachineUpdater] INFO  impl.StateMachineUpdater (StateMachineUpdater.java:lambda$new$0(84)) - 2a09ca22-1a21-4c8f-84a3-d0e80ddf3401@group-8C15FBA2C81E-StateMachineUpdater: snapshotIndex: updateIncreasingly -1 -> 1
2019-10-07 08:37:15,415 [2a09ca22-1a21-4c8f-84a3-d0e80ddf3401@group-8C15FBA2C81E-StateMachineUpdater] INFO  ratis.ContainerStateMachine (ContainerStateMachine.java:takeSnapshot(294)) - group-8C15FBA2C81E: Taking a snapshot at:(t:1, i:1) file /workdir/hadoop-ozone/integration-test/target/test-dir/MiniOzoneClusterImpl-eeb6af2b-3ac5-495a-9d4c-d36463802584/datanode-0/data/ratis/2e5c0365-4356-4783-8684-8c15fba2c81e/sm/snapshot.1_1
2019-10-07 08:37:15,437 [2a09ca22-1a21-4c8f-84a3-d0e80ddf3401@group-8C15FBA2C81E-StateMachineUpdater] INFO  ratis.ContainerStateMachine (ContainerStateMachine.java:takeSnapshot(305)) - group-8C15FBA2C81E: Finished taking a snapshot at:(t:1, i:1) file:/workdir/hadoop-ozone/integration-test/target/test-dir/MiniOzoneClusterImpl-eeb6af2b-3ac5-495a-9d4c-d36463802584/datanode-0/data/ratis/2e5c0365-4356-4783-8684-8c15fba2c81e/sm/snapshot.1_1 time:22
2019-10-07 08:37:15,437 [2a09ca22-1a21-4c8f-84a3-d0e80ddf3401@group-8C15FBA2C81E-StateMachineUpdater] INFO  impl.StateMachineUpdater (StateMachineUpdater.java:takeSnapshot(269)) - 2a09ca22-1a21-4c8f-84a3-d0e80ddf3401@group-8C15FBA2C81E-StateMachineUpdater: Took a snapshot at index 1
2019-10-07 08:37:15,437 [2a09ca22-1a21-4c8f-84a3-d0e80ddf3401@group-8C15FBA2C81E-StateMachineUpdater] INFO  impl.StateMachineUpdater (StateMachineUpdater.java:lambda$new$0(84)) - 2a09ca22-1a21-4c8f-84a3-d0e80ddf3401@group-8C15FBA2C81E-StateMachineUpdater: snapshotIndex: updateIncreasingly 1 -> 1
2019-10-07 08:37:15,437 [main] INFO  impl.RaftServerImpl (ServerState.java:close(387)) - 2a09ca22-1a21-4c8f-84a3-d0e80ddf3401@group-8C15FBA2C81E: closes. applyIndex: 2
2019-10-07 08:37:15,438 [2a09ca22-1a21-4c8f-84a3-d0e80ddf3401@group-8C15FBA2C81E-SegmentedRaftLogWorker] INFO  segmented.SegmentedRaftLogWorker (SegmentedRaftLogWorker.java:run(316)) - 2a09ca22-1a21-4c8f-84a3-d0e80ddf3401@group-8C15FBA2C81E-SegmentedRaftLogWorker was interrupted, exiting. There are 0 tasks remaining in the queue.
2019-10-07 08:37:15,441 [main] INFO  segmented.SegmentedRaftLogWorker (SegmentedRaftLogWorker.java:close(224)) - 2a09ca22-1a21-4c8f-84a3-d0e80ddf3401@group-8C15FBA2C81E-SegmentedRaftLogWorker close()
2019-10-07 08:37:15,446 [main] INFO  impl.RaftServerImpl (RaftServerImpl.java:lambda$shutdown$3(247)) - 2a09ca22-1a21-4c8f-84a3-d0e80ddf3401@group-47F942F9ACC4: shutdown
2019-10-07 08:37:15,447 [main] INFO  util.JmxRegister (JmxRegister.java:unregister(73)) - Successfully un-registered JMX Bean with object name Ratis:service=RaftServer,group=group-47F942F9ACC4,id=2a09ca22-1a21-4c8f-84a3-d0e80ddf3401
2019-10-07 08:37:15,447 [main] INFO  impl.RoleInfo (RoleInfo.java:shutdownLeaderState(104)) - 2a09ca22-1a21-4c8f-84a3-d0e80ddf3401: shutdown LeaderState
2019-10-07 08:37:15,447 [main] INFO  impl.PendingRequests (PendingRequests.java:sendNotLeaderResponses(202)) - 2a09ca22-1a21-4c8f-84a3-d0e80ddf3401@group-47F942F9ACC4-PendingRequests: sendNotLeaderResponses
2019-10-07 08:37:15,448 [main] INFO  impl.StateMachineUpdater (StateMachineUpdater.java:stopAndJoin(136)) - 2a09ca22-1a21-4c8f-84a3-d0e80ddf3401@group-47F942F9ACC4-StateMachineUpdater: set stopIndex = 0
2019-10-07 08:37:15,448 [main] INFO  impl.RaftServerImpl (ServerState.java:close(387)) - 2a09ca22-1a21-4c8f-84a3-d0e80ddf3401@group-47F942F9ACC4: closes. applyIndex: 0
2019-10-07 08:37:15,448 [2a09ca22-1a21-4c8f-84a3-d0e80ddf3401@group-47F942F9ACC4-SegmentedRaftLogWorker] INFO  segmented.SegmentedRaftLogWorker (SegmentedRaftLogWorker.java:run(316)) - 2a09ca22-1a21-4c8f-84a3-d0e80ddf3401@group-47F942F9ACC4-SegmentedRaftLogWorker was interrupted, exiting. There are 0 tasks remaining in the queue.
2019-10-07 08:37:15,452 [main] INFO  segmented.SegmentedRaftLogWorker (SegmentedRaftLogWorker.java:close(224)) - 2a09ca22-1a21-4c8f-84a3-d0e80ddf3401@group-47F942F9ACC4-SegmentedRaftLogWorker close()
2019-10-07 08:37:15,456 [main] INFO  server.GrpcService (GrpcService.java:closeImpl(164)) - 2a09ca22-1a21-4c8f-84a3-d0e80ddf3401: shutdown server with port 38539 now
2019-10-07 08:37:15,457 [grpc-default-executor-1] WARN  server.GrpcServerProtocolService (LogUtils.java:warn(134)) - 2a09ca22-1a21-4c8f-84a3-d0e80ddf3401: installSnapshot onError, lastRequest: 99d98ad4-d4a6-43ab-a467-4b67e7daff9b->2a09ca22-1a21-4c8f-84a3-d0e80ddf3401#5-t1, previous=(t:1, i:2), leaderCommit=2, initializing? false, entries: <empty>: org.apache.ratis.thirdparty.io.grpc.StatusRuntimeException: CANCELLED: cancelled before receiving half close
2019-10-07 08:37:15,457 [grpc-default-executor-3] WARN  server.GrpcLogAppender (LogUtils.java:warn(134)) - 99d98ad4-d4a6-43ab-a467-4b67e7daff9b@group-8C15FBA2C81E->2a09ca22-1a21-4c8f-84a3-d0e80ddf3401-AppendLogResponseHandler: Failed appendEntries: org.apache.ratis.thirdparty.io.grpc.StatusRuntimeException: CANCELLED: HTTP/2 error code: CANCEL
Received Rst Stream
2019-10-07 08:37:15,457 [main] INFO  server.GrpcService (GrpcService.java:closeImpl(172)) - 2a09ca22-1a21-4c8f-84a3-d0e80ddf3401: shutdown server with port 38539 successfully
2019-10-07 08:37:15,457 [grpc-default-executor-3] INFO  impl.FollowerInfo (FollowerInfo.java:lambda$new$0(51)) - 99d98ad4-d4a6-43ab-a467-4b67e7daff9b@group-8C15FBA2C81E->2a09ca22-1a21-4c8f-84a3-d0e80ddf3401: nextIndex: updateUnconditionally 3 -> 2
2019-10-07 08:37:15,459 [refreshUsed-/workdir/hadoop-ozone/integration-test/target/test-dir/MiniOzoneClusterImpl-eeb6af2b-3ac5-495a-9d4c-d36463802584/datanode-0/data/containers] WARN  fs.CachingGetSpaceUsed (CachingGetSpaceUsed.java:run(183)) - Thread Interrupted waiting to refresh disk information: sleep interrupted
2019-10-07 08:37:15,479 [main] INFO  utils.BackgroundService (BackgroundService.java:shutdown(148)) - Shutting down service BlockDeletingService
2019-10-07 08:37:15,487 [main] INFO  statemachine.DatanodeStateMachine (DatanodeStateMachine.java:stopDaemon(395)) - Ozone container server stopped.
2019-10-07 08:37:15,489 [main] INFO  handler.ContextHandler (ContextHandler.java:doStop(910)) - Stopped o.e.j.w.WebAppContext@6da54910{/,null,UNAVAILABLE}{/hddsDatanode}
2019-10-07 08:37:15,490 [main] INFO  server.AbstractConnector (AbstractConnector.java:doStop(318)) - Stopped ServerConnector@1bd8afc8{HTTP/1.1,[http/1.1]}{0.0.0.0:0}
2019-10-07 08:37:15,490 [main] INFO  handler.ContextHandler (ContextHandler.java:doStop(910)) - Stopped o.e.j.s.ServletContextHandler@615efd1c{/static,jar:file:/home/user/.m2/repository/org/apache/hadoop/hadoop-hdds-container-service/0.5.0-SNAPSHOT/hadoop-hdds-container-service-0.5.0-SNAPSHOT.jar!/webapps/static,UNAVAILABLE}
2019-10-07 08:37:15,490 [main] INFO  handler.ContextHandler (ContextHandler.java:doStop(910)) - Stopped o.e.j.s.ServletContextHandler@75882261{/logs,file:///workdir/hadoop-ozone/integration-test/target/log,UNAVAILABLE}
2019-10-07 08:37:15,497 [grpc-default-executor-1] WARN  server.GrpcLogAppender (LogUtils.java:warn(134)) - 99d98ad4-d4a6-43ab-a467-4b67e7daff9b@group-8C15FBA2C81E->2a09ca22-1a21-4c8f-84a3-d0e80ddf3401-AppendLogResponseHandler: Failed appendEntries: org.apache.ratis.thirdparty.io.grpc.StatusRuntimeException: UNAVAILABLE: io exception
2019-10-07 08:37:15,497 [grpc-default-executor-1] INFO  impl.FollowerInfo (FollowerInfo.java:lambda$new$0(51)) - 99d98ad4-d4a6-43ab-a467-4b67e7daff9b@group-8C15FBA2C81E->2a09ca22-1a21-4c8f-84a3-d0e80ddf3401: nextIndex: updateUnconditionally 3 -> 2
2019-10-07 08:37:15,519 [grpc-default-executor-8] WARN  server.GrpcLogAppender (LogUtils.java:warn(134)) - 99d98ad4-d4a6-43ab-a467-4b67e7daff9b@group-8C15FBA2C81E->2a09ca22-1a21-4c8f-84a3-d0e80ddf3401-AppendLogResponseHandler: Failed appendEntries: org.apache.ratis.thirdparty.io.grpc.StatusRuntimeException: UNAVAILABLE: io exception
2019-10-07 08:37:15,520 [grpc-default-executor-8] INFO  impl.FollowerInfo (FollowerInfo.java:lambda$new$0(51)) - 99d98ad4-d4a6-43ab-a467-4b67e7daff9b@group-8C15FBA2C81E->2a09ca22-1a21-4c8f-84a3-d0e80ddf3401: nextIndex: updateUnconditionally 3 -> 2
2019-10-07 08:37:15,544 [grpc-default-executor-1] WARN  server.GrpcLogAppender (LogUtils.java:warn(134)) - 99d98ad4-d4a6-43ab-a467-4b67e7daff9b@group-8C15FBA2C81E->2a09ca22-1a21-4c8f-84a3-d0e80ddf3401-AppendLogResponseHandler: Failed appendEntries: org.apache.ratis.thirdparty.io.grpc.StatusRuntimeException: UNAVAILABLE: io exception
2019-10-07 08:37:15,544 [grpc-default-executor-1] INFO  impl.FollowerInfo (FollowerInfo.java:lambda$new$0(51)) - 99d98ad4-d4a6-43ab-a467-4b67e7daff9b@group-8C15FBA2C81E->2a09ca22-1a21-4c8f-84a3-d0e80ddf3401: nextIndex: updateUnconditionally 3 -> 2
2019-10-07 08:37:15,552 [EventQueue-IncrementalContainerReportForIncrementalContainerReportHandler] WARN  container.IncrementalContainerReportHandler (AbstractContainerReportHandler.java:updateContainerState(143)) - Container #1 is in OPEN state, but the datanode 99d98ad4-d4a6-43ab-a467-4b67e7daff9b{ip: 192.168.164.213, host: pr-hdds-2238-79fll-759901082, networkLocation: /default-rack, certSerialId: null} reports an CLOSING replica.
2019-10-07 08:37:15,565 [EventQueue-IncrementalContainerReportForIncrementalContainerReportHandler] WARN  container.IncrementalContainerReportHandler (AbstractContainerReportHandler.java:updateContainerState(143)) - Container #1 is in OPEN state, but the datanode 6ae374d6-c68f-4fb2-b074-cf4b80da5fbb{ip: 192.168.164.213, host: pr-hdds-2238-79fll-759901082, networkLocation: /default-rack, certSerialId: null} reports an CLOSING replica.
2019-10-07 08:37:15,607 [RatisApplyTransactionExecutor 1] INFO  interfaces.Container (KeyValueContainer.java:flushAndSyncDB(386)) - Container 1 is synced with bcsId 0.
2019-10-07 08:37:15,658 [RatisApplyTransactionExecutor 1] INFO  interfaces.Container (KeyValueContainer.java:flushAndSyncDB(386)) - Container 1 is synced with bcsId 0.
2019-10-07 08:37:15,660 [RatisApplyTransactionExecutor 1] INFO  interfaces.Container (KeyValueContainer.java:flushAndSyncDB(386)) - Container 1 is synced with bcsId 0.
2019-10-07 08:37:15,660 [RatisApplyTransactionExecutor 1] INFO  interfaces.Container (KeyValueContainer.java:flushAndSyncDB(386)) - Container 1 is synced with bcsId 0.
2019-10-07 08:37:15,714 [RatisApplyTransactionExecutor 1] INFO  interfaces.Container (KeyValueContainer.java:close(335)) - Container 1 is closed with bcsId 0.
2019-10-07 08:37:15,714 [RatisApplyTransactionExecutor 1] INFO  interfaces.Container (KeyValueContainer.java:close(335)) - Container 1 is closed with bcsId 0.
2019-10-07 08:37:15,726 [EventQueue-IncrementalContainerReportForIncrementalContainerReportHandler] WARN  container.IncrementalContainerReportHandler (AbstractContainerReportHandler.java:updateContainerState(143)) - Container #1 is in OPEN state, but the datanode 99d98ad4-d4a6-43ab-a467-4b67e7daff9b{ip: 192.168.164.213, host: pr-hdds-2238-79fll-759901082, networkLocation: /default-rack, certSerialId: null} reports an CLOSED replica.
2019-10-07 08:37:15,726 [EventQueue-IncrementalContainerReportForIncrementalContainerReportHandler] WARN  container.IncrementalContainerReportHandler (AbstractContainerReportHandler.java:updateContainerState(143)) - Container #1 is in OPEN state, but the datanode 6ae374d6-c68f-4fb2-b074-cf4b80da5fbb{ip: 192.168.164.213, host: pr-hdds-2238-79fll-759901082, networkLocation: /default-rack, certSerialId: null} reports an CLOSED replica.
2019-10-07 08:37:18,046 [grpc-default-executor-8] WARN  server.GrpcLogAppender (LogUtils.java:warn(134)) - 99d98ad4-d4a6-43ab-a467-4b67e7daff9b@group-8C15FBA2C81E->2a09ca22-1a21-4c8f-84a3-d0e80ddf3401-AppendLogResponseHandler: Failed appendEntries: org.apache.ratis.thirdparty.io.grpc.StatusRuntimeException: UNAVAILABLE: io exception
2019-10-07 08:37:18,046 [grpc-default-executor-8] INFO  impl.FollowerInfo (FollowerInfo.java:lambda$new$0(51)) - 99d98ad4-d4a6-43ab-a467-4b67e7daff9b@group-8C15FBA2C81E->2a09ca22-1a21-4c8f-84a3-d0e80ddf3401: nextIndex: updateUnconditionally 2 -> 1
2019-10-07 08:37:18,748 [main] WARN  scm.XceiverClientRatis (XceiverClientRatis.java:watchForCommit(269)) - 3 way commit failed on pipeline Pipeline[ Id: 2e5c0365-4356-4783-8684-8c15fba2c81e, Nodes: 2a09ca22-1a21-4c8f-84a3-d0e80ddf3401{ip: 192.168.164.213, host: pr-hdds-2238-79fll-759901082, networkLocation: /default-rack, certSerialId: null}99d98ad4-d4a6-43ab-a467-4b67e7daff9b{ip: 192.168.164.213, host: pr-hdds-2238-79fll-759901082, networkLocation: /default-rack, certSerialId: null}6ae374d6-c68f-4fb2-b074-cf4b80da5fbb{ip: 192.168.164.213, host: pr-hdds-2238-79fll-759901082, networkLocation: /default-rack, certSerialId: null}, Type:RATIS, Factor:THREE, State:OPEN]
java.util.concurrent.TimeoutException
	at java.util.concurrent.CompletableFuture.timedGet(CompletableFuture.java:1771)
	at java.util.concurrent.CompletableFuture.get(CompletableFuture.java:1915)
	at org.apache.hadoop.hdds.scm.XceiverClientRatis.watchForCommit(XceiverClientRatis.java:266)
	at org.apache.hadoop.ozone.client.rpc.TestWatchForCommit.test2WayCommitForTimeoutException(TestWatchForCommit.java:391)
	at sun.reflect.NativeMethodAccessorImpl.invoke0(Native Method)
	at sun.reflect.NativeMethodAccessorImpl.invoke(NativeMethodAccessorImpl.java:62)
	at sun.reflect.DelegatingMethodAccessorImpl.invoke(DelegatingMethodAccessorImpl.java:43)
	at java.lang.reflect.Method.invoke(Method.java:498)
	at org.junit.runners.model.FrameworkMethod$1.runReflectiveCall(FrameworkMethod.java:47)
	at org.junit.internal.runners.model.ReflectiveCallable.run(ReflectiveCallable.java:12)
	at org.junit.runners.model.FrameworkMethod.invokeExplosively(FrameworkMethod.java:44)
	at org.junit.internal.runners.statements.InvokeMethod.evaluate(InvokeMethod.java:17)
	at org.junit.runners.ParentRunner.runLeaf(ParentRunner.java:271)
	at org.junit.runners.BlockJUnit4ClassRunner.runChild(BlockJUnit4ClassRunner.java:70)
	at org.junit.runners.BlockJUnit4ClassRunner.runChild(BlockJUnit4ClassRunner.java:50)
	at org.junit.runners.ParentRunner$3.run(ParentRunner.java:238)
	at org.junit.runners.ParentRunner$1.schedule(ParentRunner.java:63)
	at org.junit.runners.ParentRunner.runChildren(ParentRunner.java:236)
	at org.junit.runners.ParentRunner.access$000(ParentRunner.java:53)
	at org.junit.runners.ParentRunner$2.evaluate(ParentRunner.java:229)
	at org.junit.runners.ParentRunner.run(ParentRunner.java:309)
	at org.apache.maven.surefire.junit4.JUnit4Provider.execute(JUnit4Provider.java:365)
	at org.apache.maven.surefire.junit4.JUnit4Provider.executeWithRerun(JUnit4Provider.java:273)
	at org.apache.maven.surefire.junit4.JUnit4Provider.executeTestSet(JUnit4Provider.java:238)
	at org.apache.maven.surefire.junit4.JUnit4Provider.invoke(JUnit4Provider.java:159)
	at org.apache.maven.surefire.booter.ForkedBooter.invokeProviderInSameClassLoader(ForkedBooter.java:384)
	at org.apache.maven.surefire.booter.ForkedBooter.runSuitesInProcess(ForkedBooter.java:345)
	at org.apache.maven.surefire.booter.ForkedBooter.execute(ForkedBooter.java:126)
	at org.apache.maven.surefire.booter.ForkedBooter.main(ForkedBooter.java:418)
2019-10-07 08:37:20,548 [grpc-default-executor-1] WARN  server.GrpcLogAppender (LogUtils.java:warn(134)) - 99d98ad4-d4a6-43ab-a467-4b67e7daff9b@group-8C15FBA2C81E->2a09ca22-1a21-4c8f-84a3-d0e80ddf3401-AppendLogResponseHandler: Failed appendEntries: org.apache.ratis.thirdparty.io.grpc.StatusRuntimeException: UNAVAILABLE: io exception
2019-10-07 08:37:20,549 [grpc-default-executor-1] INFO  impl.FollowerInfo (FollowerInfo.java:lambda$new$0(51)) - 99d98ad4-d4a6-43ab-a467-4b67e7daff9b@group-8C15FBA2C81E->2a09ca22-1a21-4c8f-84a3-d0e80ddf3401: nextIndex: updateUnconditionally 1 -> 0
]]></system-out>
    <system-err><![CDATA[Oct 07, 2019 8:37:15 AM org.apache.ratis.thirdparty.io.grpc.internal.SerializingExecutor run
SEVERE: Exception while executing runnable org.apache.ratis.thirdparty.io.grpc.internal.ServerImpl$JumpToApplicationThreadServerStreamListener$1Closed@69585738
org.apache.ratis.thirdparty.io.grpc.StatusRuntimeException: CANCELLED: call already cancelled
	at org.apache.ratis.thirdparty.io.grpc.Status.asRuntimeException(Status.java:517)
	at org.apache.ratis.thirdparty.io.grpc.stub.ServerCalls$ServerCallStreamObserverImpl.onCompleted(ServerCalls.java:356)
	at org.apache.ratis.grpc.server.GrpcServerProtocolService$ServerRequestStreamObserver.onError(GrpcServerProtocolService.java:121)
	at org.apache.ratis.thirdparty.io.grpc.stub.ServerCalls$StreamingServerCallHandler$StreamingServerCallListener.onCancel(ServerCalls.java:269)
	at org.apache.ratis.thirdparty.io.grpc.internal.ServerCallImpl$ServerStreamListenerImpl.closed(ServerCallImpl.java:293)
	at org.apache.ratis.thirdparty.io.grpc.internal.ServerImpl$JumpToApplicationThreadServerStreamListener$1Closed.runInContext(ServerImpl.java:741)
	at org.apache.ratis.thirdparty.io.grpc.internal.ContextRunnable.run(ContextRunnable.java:37)
	at org.apache.ratis.thirdparty.io.grpc.internal.SerializingExecutor.run(SerializingExecutor.java:123)
	at java.util.concurrent.ThreadPoolExecutor.runWorker(ThreadPoolExecutor.java:1149)
	at java.util.concurrent.ThreadPoolExecutor$Worker.run(ThreadPoolExecutor.java:624)
	at java.lang.Thread.run(Thread.java:748)

]]></system-err>
  </testcase>
</testsuite>