<?xml version="1.0" encoding="UTF-8"?>
<testsuite xmlns:xsi="http://www.w3.org/2001/XMLSchema-instance" xsi:noNamespaceSchemaLocation="https://maven.apache.org/surefire/maven-surefire-plugin/xsd/surefire-test-report.xsd" name="org.apache.hadoop.ozone.client.rpc.TestOzoneClientRetriesOnException" time="187.889" tests="2" errors="1" skipped="0" failures="0">
  <properties>
    <property name="awt.toolkit" value="sun.awt.X11.XToolkit"/>
    <property name="file.encoding.pkg" value="sun.io"/>
    <property name="java.specification.version" value="1.8"/>
    <property name="sun.cpu.isalist" value=""/>
    <property name="sun.jnu.encoding" value="UTF-8"/>
    <property name="java.class.path" value="/workdir/hadoop-ozone/integration-test/target/test-classes:/workdir/hadoop-ozone/integration-test/target/classes:/home/user/.m2/repository/org/apache/hadoop/hadoop-ozone-common/0.5.0-SNAPSHOT/hadoop-ozone-common-0.5.0-SNAPSHOT.jar:/home/user/.m2/repository/org/apache/commons/commons-compress/1.4.1/commons-compress-1.4.1.jar:/home/user/.m2/repository/org/tukaani/xz/1.0/xz-1.0.jar:/home/user/.m2/repository/org/apache/hadoop/hadoop-common/3.2.0/hadoop-common-3.2.0.jar:/home/user/.m2/repository/org/apache/hadoop/hadoop-hdfs/3.2.0/hadoop-hdfs-3.2.0.jar:/home/user/.m2/repository/org/apache/hadoop/hadoop-hdfs-client/3.2.0/hadoop-hdfs-client-3.2.0.jar:/home/user/.m2/repository/com/fasterxml/jackson/core/jackson-annotations/2.9.9/jackson-annotations-2.9.9.jar:/home/user/.m2/repository/org/apache/hadoop/hadoop-hdds-common/0.5.0-SNAPSHOT/hadoop-hdds-common-0.5.0-SNAPSHOT.jar:/home/user/.m2/repository/javax/annotation/javax.annotation-api/1.2/javax.annotation-api-1.2.jar:/home/user/.m2/repository/org/apache/ratis/ratis-server/0.5.0-201fc85-SNAPSHOT/ratis-server-0.5.0-201fc85-SNAPSHOT.jar:/home/user/.m2/repository/org/apache/ratis/ratis-thirdparty-misc/0.2.0/ratis-thirdparty-misc-0.2.0.jar:/home/user/.m2/repository/org/apache/ratis/ratis-proto/0.5.0-201fc85-SNAPSHOT/ratis-proto-0.5.0-201fc85-SNAPSHOT.jar:/home/user/.m2/repository/org/apache/ratis/ratis-common/0.5.0-201fc85-SNAPSHOT/ratis-common-0.5.0-201fc85-SNAPSHOT.jar:/home/user/.m2/repository/org/apache/ratis/ratis-client/0.5.0-201fc85-SNAPSHOT/ratis-client-0.5.0-201fc85-SNAPSHOT.jar:/home/user/.m2/repository/org/apache/ratis/ratis-metrics/0.5.0-201fc85-SNAPSHOT/ratis-metrics-0.5.0-201fc85-SNAPSHOT.jar:/home/user/.m2/repository/com/github/joshelser/dropwizard-metrics-hadoop-metrics2-reporter/0.1.2/dropwizard-metrics-hadoop-metrics2-reporter-0.1.2.jar:/home/user/.m2/repository/io/dropwizard/metrics/metrics-jvm/3.2.5/metrics-jvm-3.2.5.jar:/home/user/.m2/repository/io/dropwizard/metrics/metrics-ganglia/3.2.5/metrics-ganglia-3.2.5.jar:/home/user/.m2/repository/info/ganglia/gmetric4j/gmetric4j/1.0.7/gmetric4j-1.0.7.jar:/home/user/.m2/repository/org/apache/ratis/ratis-netty/0.5.0-201fc85-SNAPSHOT/ratis-netty-0.5.0-201fc85-SNAPSHOT.jar:/home/user/.m2/repository/org/apache/ratis/ratis-grpc/0.5.0-201fc85-SNAPSHOT/ratis-grpc-0.5.0-201fc85-SNAPSHOT.jar:/home/user/.m2/repository/org/rocksdb/rocksdbjni/6.0.1/rocksdbjni-6.0.1.jar:/home/user/.m2/repository/org/apache/logging/log4j/log4j-api/2.11.0/log4j-api-2.11.0.jar:/home/user/.m2/repository/org/apache/logging/log4j/log4j-core/2.11.0/log4j-core-2.11.0.jar:/home/user/.m2/repository/com/lmax/disruptor/3.4.2/disruptor-3.4.2.jar:/home/user/.m2/repository/org/apache/commons/commons-pool2/2.6.0/commons-pool2-2.6.0.jar:/home/user/.m2/repository/org/bouncycastle/bcpkix-jdk15on/1.60/bcpkix-jdk15on-1.60.jar:/home/user/.m2/repository/commons-validator/commons-validator/1.6/commons-validator-1.6.jar:/home/user/.m2/repository/commons-digester/commons-digester/1.8.1/commons-digester-1.8.1.jar:/home/user/.m2/repository/io/jaegertracing/jaeger-client/0.34.0/jaeger-client-0.34.0.jar:/home/user/.m2/repository/io/jaegertracing/jaeger-thrift/0.34.0/jaeger-thrift-0.34.0.jar:/home/user/.m2/repository/org/apache/thrift/libthrift/0.12.0/libthrift-0.12.0.jar:/home/user/.m2/repository/com/squareup/okhttp3/okhttp/3.9.0/okhttp-3.9.0.jar:/home/user/.m2/repository/com/squareup/okio/okio/1.13.0/okio-1.13.0.jar:/home/user/.m2/repository/io/jaegertracing/jaeger-core/0.34.0/jaeger-core-0.34.0.jar:/home/user/.m2/repository/io/jaegertracing/jaeger-tracerresolver/0.34.0/jaeger-tracerresolver-0.34.0.jar:/home/user/.m2/repository/io/opentracing/contrib/opentracing-tracerresolver/0.1.5/opentracing-tracerresolver-0.1.5.jar:/home/user/.m2/repository/io/opentracing/opentracing-util/0.31.0/opentracing-util-0.31.0.jar:/home/user/.m2/repository/io/opentracing/opentracing-api/0.31.0/opentracing-api-0.31.0.jar:/home/user/.m2/repository/io/opentracing/opentracing-noop/0.31.0/opentracing-noop-0.31.0.jar:/home/user/.m2/repository/org/apache/hadoop/hadoop-hdds-server-framework/0.5.0-SNAPSHOT/hadoop-hdds-server-framework-0.5.0-SNAPSHOT.jar:/home/user/.m2/repository/org/apache/hadoop/hadoop-hdds-container-service/0.5.0-SNAPSHOT/hadoop-hdds-container-service-0.5.0-SNAPSHOT.jar:/home/user/.m2/repository/org/apache/hadoop/hadoop-hdds-client/0.5.0-SNAPSHOT/hadoop-hdds-client-0.5.0-SNAPSHOT.jar:/home/user/.m2/repository/org/apache/hadoop/hadoop-hdds-tools/0.5.0-SNAPSHOT/hadoop-hdds-tools-0.5.0-SNAPSHOT.jar:/home/user/.m2/repository/org/apache/hadoop/hadoop-hdds-server-scm/0.5.0-SNAPSHOT/hadoop-hdds-server-scm-0.5.0-SNAPSHOT.jar:/home/user/.m2/repository/org/apache/hadoop/hadoop-hdds-docs/0.5.0-SNAPSHOT/hadoop-hdds-docs-0.5.0-SNAPSHOT.jar:/home/user/.m2/repository/io/dropwizard/metrics/metrics-core/3.2.4/metrics-core-3.2.4.jar:/home/user/.m2/repository/org/hamcrest/hamcrest-all/1.3/hamcrest-all-1.3.jar:/home/user/.m2/repository/org/bouncycastle/bcprov-jdk15on/1.60/bcprov-jdk15on-1.60.jar:/home/user/.m2/repository/info/picocli/picocli/3.9.6/picocli-3.9.6.jar:/home/user/.m2/repository/com/google/protobuf/protobuf-java/2.5.0/protobuf-java-2.5.0.jar:/home/user/.m2/repository/com/google/guava/guava/11.0.2/guava-11.0.2.jar:/home/user/.m2/repository/org/apache/hadoop/hadoop-ozone-ozone-manager/0.5.0-SNAPSHOT/hadoop-ozone-ozone-manager-0.5.0-SNAPSHOT.jar:/home/user/.m2/repository/org/apache/hadoop/hadoop-minikdc/3.2.0/hadoop-minikdc-3.2.0.jar:/home/user/.m2/repository/commons-io/commons-io/2.5/commons-io-2.5.jar:/home/user/.m2/repository/org/apache/kerby/kerb-simplekdc/1.0.1/kerb-simplekdc-1.0.1.jar:/home/user/.m2/repository/org/apache/kerby/kerb-client/1.0.1/kerb-client-1.0.1.jar:/home/user/.m2/repository/org/apache/kerby/kerby-config/1.0.1/kerby-config-1.0.1.jar:/home/user/.m2/repository/org/apache/kerby/kerb-core/1.0.1/kerb-core-1.0.1.jar:/home/user/.m2/repository/org/apache/kerby/kerby-pkix/1.0.1/kerby-pkix-1.0.1.jar:/home/user/.m2/repository/org/apache/kerby/kerby-asn1/1.0.1/kerby-asn1-1.0.1.jar:/home/user/.m2/repository/org/apache/kerby/kerby-util/1.0.1/kerby-util-1.0.1.jar:/home/user/.m2/repository/org/apache/kerby/kerb-common/1.0.1/kerb-common-1.0.1.jar:/home/user/.m2/repository/org/apache/kerby/kerb-crypto/1.0.1/kerb-crypto-1.0.1.jar:/home/user/.m2/repository/org/apache/kerby/kerb-util/1.0.1/kerb-util-1.0.1.jar:/home/user/.m2/repository/org/apache/kerby/token-provider/1.0.1/token-provider-1.0.1.jar:/home/user/.m2/repository/org/apache/kerby/kerb-admin/1.0.1/kerb-admin-1.0.1.jar:/home/user/.m2/repository/org/apache/kerby/kerb-server/1.0.1/kerb-server-1.0.1.jar:/home/user/.m2/repository/org/apache/kerby/kerb-identity/1.0.1/kerb-identity-1.0.1.jar:/home/user/.m2/repository/org/apache/kerby/kerby-xdr/1.0.1/kerby-xdr-1.0.1.jar:/home/user/.m2/repository/org/slf4j/slf4j-log4j12/1.7.25/slf4j-log4j12-1.7.25.jar:/home/user/.m2/repository/org/apache/hadoop/hadoop-ozone-s3gateway/0.5.0-SNAPSHOT/hadoop-ozone-s3gateway-0.5.0-SNAPSHOT.jar:/home/user/.m2/repository/org/jboss/weld/servlet/weld-servlet/2.4.7.Final/weld-servlet-2.4.7.Final.jar:/home/user/.m2/repository/org/glassfish/jersey/containers/jersey-container-servlet-core/2.27/jersey-container-servlet-core-2.27.jar:/home/user/.m2/repository/org/glassfish/hk2/external/javax.inject/2.5.0-b42/javax.inject-2.5.0-b42.jar:/home/user/.m2/repository/org/glassfish/jersey/core/jersey-common/2.27/jersey-common-2.27.jar:/home/user/.m2/repository/org/glassfish/hk2/osgi-resource-locator/1.0.1/osgi-resource-locator-1.0.1.jar:/home/user/.m2/repository/javax/ws/rs/javax.ws.rs-api/2.1/javax.ws.rs-api-2.1.jar:/home/user/.m2/repository/org/glassfish/jersey/ext/cdi/jersey-cdi1x/2.27/jersey-cdi1x-2.27.jar:/home/user/.m2/repository/org/glassfish/jersey/inject/jersey-hk2/2.27/jersey-hk2-2.27.jar:/home/user/.m2/repository/org/glassfish/hk2/hk2-locator/2.5.0-b42/hk2-locator-2.5.0-b42.jar:/home/user/.m2/repository/org/javassist/javassist/3.22.0-CR2/javassist-3.22.0-CR2.jar:/home/user/.m2/repository/org/glassfish/hk2/hk2-api/2.5.0/hk2-api-2.5.0.jar:/home/user/.m2/repository/org/glassfish/hk2/external/jakarta.inject/2.5.0/jakarta.inject-2.5.0.jar:/home/user/.m2/repository/org/glassfish/hk2/hk2-utils/2.5.0/hk2-utils-2.5.0.jar:/home/user/.m2/repository/jakarta/annotation/jakarta.annotation-api/1.3.4/jakarta.annotation-api-1.3.4.jar:/home/user/.m2/repository/org/glassfish/hk2/external/aopalliance-repackaged/2.5.0/aopalliance-repackaged-2.5.0.jar:/home/user/.m2/repository/com/fasterxml/jackson/dataformat/jackson-dataformat-xml/2.9.0/jackson-dataformat-xml-2.9.0.jar:/home/user/.m2/repository/com/fasterxml/jackson/core/jackson-core/2.9.9/jackson-core-2.9.9.jar:/home/user/.m2/repository/com/fasterxml/jackson/module/jackson-module-jaxb-annotations/2.9.9/jackson-module-jaxb-annotations-2.9.9.jar:/home/user/.m2/repository/javax/enterprise/cdi-api/1.2/cdi-api-1.2.jar:/home/user/.m2/repository/javax/el/javax.el-api/3.0.0/javax.el-api-3.0.0.jar:/home/user/.m2/repository/javax/interceptor/javax.interceptor-api/1.2/javax.interceptor-api-1.2.jar:/home/user/.m2/repository/javax/inject/javax.inject/1/javax.inject-1.jar:/home/user/.m2/repository/com/sun/xml/bind/jaxb-impl/2.3.0.1/jaxb-impl-2.3.0.1.jar:/home/user/.m2/repository/com/sun/xml/bind/jaxb-core/2.3.0.1/jaxb-core-2.3.0.1.jar:/home/user/.m2/repository/javax/xml/bind/jaxb-api/2.3.0/jaxb-api-2.3.0.jar:/home/user/.m2/repository/javax/activation/activation/1.1.1/activation-1.1.1.jar:/home/user/.m2/repository/org/apache/hadoop/hadoop-ozone-csi/0.5.0-SNAPSHOT/hadoop-ozone-csi-0.5.0-SNAPSHOT.jar:/home/user/.m2/repository/com/google/protobuf/protobuf-java-util/3.5.1/protobuf-java-util-3.5.1.jar:/home/user/.m2/repository/org/apache/hadoop/hadoop-hdds-config/0.5.0-SNAPSHOT/hadoop-hdds-config-0.5.0-SNAPSHOT.jar:/home/user/.m2/repository/io/grpc/grpc-netty/1.17.1/grpc-netty-1.17.1.jar:/home/user/.m2/repository/io/grpc/grpc-core/1.17.1/grpc-core-1.17.1.jar:/home/user/.m2/repository/io/grpc/grpc-context/1.17.1/grpc-context-1.17.1.jar:/home/user/.m2/repository/com/google/errorprone/error_prone_annotations/2.2.0/error_prone_annotations-2.2.0.jar:/home/user/.m2/repository/org/codehaus/mojo/animal-sniffer-annotations/1.17/animal-sniffer-annotations-1.17.jar:/home/user/.m2/repository/io/opencensus/opencensus-api/0.17.0/opencensus-api-0.17.0.jar:/home/user/.m2/repository/io/opencensus/opencensus-contrib-grpc-metrics/0.17.0/opencensus-contrib-grpc-metrics-0.17.0.jar:/home/user/.m2/repository/io/netty/netty-codec-http2/4.1.30.Final/netty-codec-http2-4.1.30.Final.jar:/home/user/.m2/repository/io/netty/netty-codec-http/4.1.30.Final/netty-codec-http-4.1.30.Final.jar:/home/user/.m2/repository/io/netty/netty-codec/4.1.30.Final/netty-codec-4.1.30.Final.jar:/home/user/.m2/repository/io/netty/netty-handler/4.1.30.Final/netty-handler-4.1.30.Final.jar:/home/user/.m2/repository/io/netty/netty-handler-proxy/4.1.30.Final/netty-handler-proxy-4.1.30.Final.jar:/home/user/.m2/repository/io/netty/netty-codec-socks/4.1.30.Final/netty-codec-socks-4.1.30.Final.jar:/home/user/.m2/repository/io/netty/netty-transport-native-epoll/4.1.30.Final/netty-transport-native-epoll-4.1.30.Final.jar:/home/user/.m2/repository/io/netty/netty-common/4.1.30.Final/netty-common-4.1.30.Final.jar:/home/user/.m2/repository/io/netty/netty-buffer/4.1.30.Final/netty-buffer-4.1.30.Final.jar:/home/user/.m2/repository/io/netty/netty-transport/4.1.30.Final/netty-transport-4.1.30.Final.jar:/home/user/.m2/repository/io/netty/netty-resolver/4.1.30.Final/netty-resolver-4.1.30.Final.jar:/home/user/.m2/repository/io/netty/netty-transport-native-unix-common/4.1.30.Final/netty-transport-native-unix-common-4.1.30.Final.jar:/home/user/.m2/repository/io/grpc/grpc-protobuf/1.17.1/grpc-protobuf-1.17.1.jar:/home/user/.m2/repository/com/google/api/grpc/proto-google-common-protos/1.0.0/proto-google-common-protos-1.0.0.jar:/home/user/.m2/repository/io/grpc/grpc-protobuf-lite/1.17.1/grpc-protobuf-lite-1.17.1.jar:/home/user/.m2/repository/io/grpc/grpc-stub/1.17.1/grpc-stub-1.17.1.jar:/home/user/.m2/repository/org/apache/hadoop/hadoop-ozone-recon/0.5.0-SNAPSHOT/hadoop-ozone-recon-0.5.0-SNAPSHOT.jar:/home/user/.m2/repository/org/apache/hadoop/hadoop-ozone-reconcodegen/0.5.0-SNAPSHOT/hadoop-ozone-reconcodegen-0.5.0-SNAPSHOT.jar:/home/user/.m2/repository/com/google/inject/extensions/guice-multibindings/4.0/guice-multibindings-4.0.jar:/home/user/.m2/repository/com/google/inject/guice/4.0/guice-4.0.jar:/home/user/.m2/repository/aopalliance/aopalliance/1.0/aopalliance-1.0.jar:/home/user/.m2/repository/com/google/inject/extensions/guice-servlet/4.0/guice-servlet-4.0.jar:/home/user/.m2/repository/org/glassfish/jersey/containers/jersey-container-servlet/2.27/jersey-container-servlet-2.27.jar:/home/user/.m2/repository/org/glassfish/hk2/guice-bridge/2.5.0/guice-bridge-2.5.0.jar:/home/user/.m2/repository/org/glassfish/jersey/core/jersey-server/2.27/jersey-server-2.27.jar:/home/user/.m2/repository/org/glassfish/jersey/core/jersey-client/2.27/jersey-client-2.27.jar:/home/user/.m2/repository/org/glassfish/jersey/media/jersey-media-jaxb/2.27/jersey-media-jaxb-2.27.jar:/home/user/.m2/repository/javax/validation/validation-api/1.1.0.Final/validation-api-1.1.0.Final.jar:/home/user/.m2/repository/org/glassfish/jersey/media/jersey-media-json-jackson/2.27/jersey-media-json-jackson-2.27.jar:/home/user/.m2/repository/org/glassfish/jersey/ext/jersey-entity-filtering/2.27/jersey-entity-filtering-2.27.jar:/home/user/.m2/repository/com/google/inject/extensions/guice-assistedinject/4.0/guice-assistedinject-4.0.jar:/home/user/.m2/repository/org/jooq/jooq/3.11.10/jooq-3.11.10.jar:/home/user/.m2/repository/org/jooq/jooq-meta/3.11.10/jooq-meta-3.11.10.jar:/home/user/.m2/repository/org/jooq/jooq-codegen/3.11.10/jooq-codegen-3.11.10.jar:/home/user/.m2/repository/com/jolbox/bonecp/0.8.0.RELEASE/bonecp-0.8.0.RELEASE.jar:/home/user/.m2/repository/org/xerial/sqlite-jdbc/3.25.2/sqlite-jdbc-3.25.2.jar:/home/user/.m2/repository/org/springframework/spring-jdbc/5.1.3.RELEASE/spring-jdbc-5.1.3.RELEASE.jar:/home/user/.m2/repository/org/springframework/spring-beans/5.1.3.RELEASE/spring-beans-5.1.3.RELEASE.jar:/home/user/.m2/repository/org/springframework/spring-core/5.1.3.RELEASE/spring-core-5.1.3.RELEASE.jar:/home/user/.m2/repository/org/springframework/spring-jcl/5.1.3.RELEASE/spring-jcl-5.1.3.RELEASE.jar:/home/user/.m2/repository/org/springframework/spring-tx/5.1.3.RELEASE/spring-tx-5.1.3.RELEASE.jar:/home/user/.m2/repository/org/apache/hadoop/hadoop-ozone-client/0.5.0-SNAPSHOT/hadoop-ozone-client-0.5.0-SNAPSHOT.jar:/home/user/.m2/repository/commons-lang/commons-lang/2.6/commons-lang-2.6.jar:/home/user/.m2/repository/org/apache/hadoop/hadoop-ozone-ozone-manager/0.5.0-SNAPSHOT/hadoop-ozone-ozone-manager-0.5.0-SNAPSHOT-tests.jar:/home/user/.m2/repository/junit/junit/4.11/junit-4.11.jar:/home/user/.m2/repository/org/hamcrest/hamcrest-core/1.3/hamcrest-core-1.3.jar:/home/user/.m2/repository/org/openjdk/jmh/jmh-core/1.19/jmh-core-1.19.jar:/home/user/.m2/repository/net/sf/jopt-simple/jopt-simple/4.6/jopt-simple-4.6.jar:/home/user/.m2/repository/org/apache/commons/commons-math3/3.1.1/commons-math3-3.1.1.jar:/home/user/.m2/repository/org/openjdk/jmh/jmh-generator-annprocess/1.19/jmh-generator-annprocess-1.19.jar:/home/user/.m2/repository/org/mockito/mockito-all/1.8.5/mockito-all-1.8.5.jar:/home/user/.m2/repository/org/apache/hadoop/hadoop-kms/3.2.0/hadoop-kms-3.2.0.jar:/home/user/.m2/repository/org/apache/hadoop/hadoop-auth/3.2.0/hadoop-auth-3.2.0.jar:/home/user/.m2/repository/com/nimbusds/nimbus-jose-jwt/4.41.1/nimbus-jose-jwt-4.41.1.jar:/home/user/.m2/repository/com/github/stephenc/jcip/jcip-annotations/1.0-1/jcip-annotations-1.0-1.jar:/home/user/.m2/repository/net/minidev/json-smart/2.3/json-smart-2.3.jar:/home/user/.m2/repository/net/minidev/accessors-smart/1.2/accessors-smart-1.2.jar:/home/user/.m2/repository/org/ow2/asm/asm/5.0.4/asm-5.0.4.jar:/home/user/.m2/repository/org/apache/curator/curator-framework/2.12.0/curator-framework-2.12.0.jar:/home/user/.m2/repository/com/sun/jersey/jersey-core/1.19/jersey-core-1.19.jar:/home/user/.m2/repository/javax/ws/rs/jsr311-api/1.1.1/jsr311-api-1.1.1.jar:/home/user/.m2/repository/com/sun/jersey/jersey-server/1.19/jersey-server-1.19.jar:/home/user/.m2/repository/javax/servlet/javax.servlet-api/3.1.0/javax.servlet-api-3.1.0.jar:/home/user/.m2/repository/org/eclipse/jetty/jetty-server/9.3.25.v20180904/jetty-server-9.3.25.v20180904.jar:/home/user/.m2/repository/org/eclipse/jetty/jetty-http/9.3.25.v20180904/jetty-http-9.3.25.v20180904.jar:/home/user/.m2/repository/org/eclipse/jetty/jetty-io/9.3.25.v20180904/jetty-io-9.3.25.v20180904.jar:/home/user/.m2/repository/org/eclipse/jetty/jetty-webapp/9.3.25.v20180904/jetty-webapp-9.3.25.v20180904.jar:/home/user/.m2/repository/org/eclipse/jetty/jetty-xml/9.3.25.v20180904/jetty-xml-9.3.25.v20180904.jar:/home/user/.m2/repository/log4j/log4j/1.2.17/log4j-1.2.17.jar:/home/user/.m2/repository/org/slf4j/slf4j-api/1.7.25/slf4j-api-1.7.25.jar:/home/user/.m2/repository/org/slf4j/jul-to-slf4j/1.7.25/jul-to-slf4j-1.7.25.jar:/home/user/.m2/repository/org/eclipse/jetty/jetty-util/9.3.25.v20180904/jetty-util-9.3.25.v20180904.jar:/home/user/.m2/repository/com/fasterxml/jackson/core/jackson-databind/2.9.9/jackson-databind-2.9.9.jar:/home/user/.m2/repository/org/apache/hadoop/hadoop-kms/3.2.0/hadoop-kms-3.2.0-tests.jar:/home/user/.m2/repository/org/apache/hadoop/hadoop-hdds-server-scm/0.5.0-SNAPSHOT/hadoop-hdds-server-scm-0.5.0-SNAPSHOT-tests.jar:/home/user/.m2/repository/org/apache/hadoop/hadoop-hdds-container-service/0.5.0-SNAPSHOT/hadoop-hdds-container-service-0.5.0-SNAPSHOT-tests.jar:/home/user/.m2/repository/org/yaml/snakeyaml/1.16/snakeyaml-1.16.jar:/home/user/.m2/repository/org/apache/hadoop/hadoop-common/3.2.0/hadoop-common-3.2.0-tests.jar:/home/user/.m2/repository/org/apache/hadoop/hadoop-annotations/3.2.0/hadoop-annotations-3.2.0.jar:/usr/lib/jvm/java-1.8-openjdk/jre/../lib/tools.jar:/home/user/.m2/repository/commons-cli/commons-cli/1.2/commons-cli-1.2.jar:/home/user/.m2/repository/org/apache/httpcomponents/httpclient/4.5.2/httpclient-4.5.2.jar:/home/user/.m2/repository/org/apache/httpcomponents/httpcore/4.4.4/httpcore-4.4.4.jar:/home/user/.m2/repository/commons-codec/commons-codec/1.11/commons-codec-1.11.jar:/home/user/.m2/repository/commons-net/commons-net/3.6/commons-net-3.6.jar:/home/user/.m2/repository/commons-collections/commons-collections/3.2.2/commons-collections-3.2.2.jar:/home/user/.m2/repository/org/eclipse/jetty/jetty-servlet/9.3.25.v20180904/jetty-servlet-9.3.25.v20180904.jar:/home/user/.m2/repository/org/eclipse/jetty/jetty-security/9.3.25.v20180904/jetty-security-9.3.25.v20180904.jar:/home/user/.m2/repository/javax/servlet/jsp/jsp-api/2.1/jsp-api-2.1.jar:/home/user/.m2/repository/com/sun/jersey/jersey-servlet/1.19/jersey-servlet-1.19.jar:/home/user/.m2/repository/com/sun/jersey/jersey-json/1.19/jersey-json-1.19.jar:/home/user/.m2/repository/org/codehaus/jettison/jettison/1.1/jettison-1.1.jar:/home/user/.m2/repository/org/codehaus/jackson/jackson-core-asl/1.9.13/jackson-core-asl-1.9.13.jar:/home/user/.m2/repository/org/codehaus/jackson/jackson-mapper-asl/1.9.13/jackson-mapper-asl-1.9.13.jar:/home/user/.m2/repository/org/codehaus/jackson/jackson-jaxrs/1.9.13/jackson-jaxrs-1.9.13.jar:/home/user/.m2/repository/org/codehaus/jackson/jackson-xc/1.9.13/jackson-xc-1.9.13.jar:/home/user/.m2/repository/commons-logging/commons-logging/1.1.3/commons-logging-1.1.3.jar:/home/user/.m2/repository/commons-beanutils/commons-beanutils/1.9.4/commons-beanutils-1.9.4.jar:/home/user/.m2/repository/org/apache/commons/commons-configuration2/2.1.1/commons-configuration2-2.1.1.jar:/home/user/.m2/repository/org/apache/commons/commons-lang3/3.7/commons-lang3-3.7.jar:/home/user/.m2/repository/org/apache/commons/commons-text/1.4/commons-text-1.4.jar:/home/user/.m2/repository/org/apache/avro/avro/1.7.7/avro-1.7.7.jar:/home/user/.m2/repository/com/thoughtworks/paranamer/paranamer/2.3/paranamer-2.3.jar:/home/user/.m2/repository/org/xerial/snappy/snappy-java/1.0.5/snappy-java-1.0.5.jar:/home/user/.m2/repository/com/google/re2j/re2j/1.1/re2j-1.1.jar:/home/user/.m2/repository/com/google/code/gson/gson/2.2.4/gson-2.2.4.jar:/home/user/.m2/repository/com/jcraft/jsch/0.1.54/jsch-0.1.54.jar:/home/user/.m2/repository/org/apache/curator/curator-client/2.12.0/curator-client-2.12.0.jar:/home/user/.m2/repository/org/apache/curator/curator-recipes/2.12.0/curator-recipes-2.12.0.jar:/home/user/.m2/repository/com/google/code/findbugs/jsr305/3.0.0/jsr305-3.0.0.jar:/home/user/.m2/repository/org/apache/htrace/htrace-core4/4.1.0-incubating/htrace-core4-4.1.0-incubating.jar:/home/user/.m2/repository/org/apache/zookeeper/zookeeper/3.4.13/zookeeper-3.4.13.jar:/home/user/.m2/repository/jline/jline/0.9.94/jline-0.9.94.jar:/home/user/.m2/repository/org/apache/yetus/audience-annotations/0.5.0/audience-annotations-0.5.0.jar:/home/user/.m2/repository/org/codehaus/woodstox/stax2-api/3.1.4/stax2-api-3.1.4.jar:/home/user/.m2/repository/com/fasterxml/woodstox/woodstox-core/5.0.3/woodstox-core-5.0.3.jar:/home/user/.m2/repository/dnsjava/dnsjava/2.1.7/dnsjava-2.1.7.jar:/home/user/.m2/repository/org/apache/hadoop/hadoop-hdfs/3.2.0/hadoop-hdfs-3.2.0-tests.jar:/home/user/.m2/repository/org/eclipse/jetty/jetty-util-ajax/9.3.25.v20180904/jetty-util-ajax-9.3.25.v20180904.jar:/home/user/.m2/repository/commons-daemon/commons-daemon/1.0.13/commons-daemon-1.0.13.jar:/home/user/.m2/repository/io/netty/netty/3.10.5.Final/netty-3.10.5.Final.jar:/home/user/.m2/repository/io/netty/netty-all/4.0.52.Final/netty-all-4.0.52.Final.jar:/home/user/.m2/repository/org/fusesource/leveldbjni/leveldbjni-all/1.8/leveldbjni-all-1.8.jar:"/>
    <property name="java.vm.vendor" value="IcedTea"/>
    <property name="sun.arch.data.model" value="64"/>
    <property name="test.build.dir" value="/workdir/hadoop-ozone/integration-test/target/test-dir"/>
    <property name="test.cache.data" value=""/>
    <property name="java.vendor.url" value="https://icedtea.classpath.org"/>
    <property name="user.timezone" value=""/>
    <property name="java.vm.specification.version" value="1.8"/>
    <property name="os.name" value="Linux"/>
    <property name="test.build.data" value="/workdir/hadoop-ozone/integration-test/target/test-dir"/>
    <property name="user.country" value="US"/>
    <property name="sun.java.launcher" value="SUN_STANDARD"/>
    <property name="sun.boot.library.path" value="/usr/lib/jvm/java-1.8-openjdk/jre/lib/amd64"/>
    <property name="sun.java.command" value="/workdir/hadoop-ozone/integration-test/target/surefire/surefirebooter4188242884674954113.jar /workdir/hadoop-ozone/integration-test/target/surefire 2019-10-07T07-43-30_183-jvmRun1 surefire2764611715056047791tmp surefire_521545582071805402389tmp"/>
    <property name="test" value="!TestMiniChaosOzoneCluster"/>
    <property name="surefire.test.class.path" value="/workdir/hadoop-ozone/integration-test/target/test-classes:/workdir/hadoop-ozone/integration-test/target/classes:/home/user/.m2/repository/org/apache/hadoop/hadoop-ozone-common/0.5.0-SNAPSHOT/hadoop-ozone-common-0.5.0-SNAPSHOT.jar:/home/user/.m2/repository/org/apache/commons/commons-compress/1.4.1/commons-compress-1.4.1.jar:/home/user/.m2/repository/org/tukaani/xz/1.0/xz-1.0.jar:/home/user/.m2/repository/org/apache/hadoop/hadoop-common/3.2.0/hadoop-common-3.2.0.jar:/home/user/.m2/repository/org/apache/hadoop/hadoop-hdfs/3.2.0/hadoop-hdfs-3.2.0.jar:/home/user/.m2/repository/org/apache/hadoop/hadoop-hdfs-client/3.2.0/hadoop-hdfs-client-3.2.0.jar:/home/user/.m2/repository/com/fasterxml/jackson/core/jackson-annotations/2.9.9/jackson-annotations-2.9.9.jar:/home/user/.m2/repository/org/apache/hadoop/hadoop-hdds-common/0.5.0-SNAPSHOT/hadoop-hdds-common-0.5.0-SNAPSHOT.jar:/home/user/.m2/repository/javax/annotation/javax.annotation-api/1.2/javax.annotation-api-1.2.jar:/home/user/.m2/repository/org/apache/ratis/ratis-server/0.5.0-201fc85-SNAPSHOT/ratis-server-0.5.0-201fc85-SNAPSHOT.jar:/home/user/.m2/repository/org/apache/ratis/ratis-thirdparty-misc/0.2.0/ratis-thirdparty-misc-0.2.0.jar:/home/user/.m2/repository/org/apache/ratis/ratis-proto/0.5.0-201fc85-SNAPSHOT/ratis-proto-0.5.0-201fc85-SNAPSHOT.jar:/home/user/.m2/repository/org/apache/ratis/ratis-common/0.5.0-201fc85-SNAPSHOT/ratis-common-0.5.0-201fc85-SNAPSHOT.jar:/home/user/.m2/repository/org/apache/ratis/ratis-client/0.5.0-201fc85-SNAPSHOT/ratis-client-0.5.0-201fc85-SNAPSHOT.jar:/home/user/.m2/repository/org/apache/ratis/ratis-metrics/0.5.0-201fc85-SNAPSHOT/ratis-metrics-0.5.0-201fc85-SNAPSHOT.jar:/home/user/.m2/repository/com/github/joshelser/dropwizard-metrics-hadoop-metrics2-reporter/0.1.2/dropwizard-metrics-hadoop-metrics2-reporter-0.1.2.jar:/home/user/.m2/repository/io/dropwizard/metrics/metrics-jvm/3.2.5/metrics-jvm-3.2.5.jar:/home/user/.m2/repository/io/dropwizard/metrics/metrics-ganglia/3.2.5/metrics-ganglia-3.2.5.jar:/home/user/.m2/repository/info/ganglia/gmetric4j/gmetric4j/1.0.7/gmetric4j-1.0.7.jar:/home/user/.m2/repository/org/apache/ratis/ratis-netty/0.5.0-201fc85-SNAPSHOT/ratis-netty-0.5.0-201fc85-SNAPSHOT.jar:/home/user/.m2/repository/org/apache/ratis/ratis-grpc/0.5.0-201fc85-SNAPSHOT/ratis-grpc-0.5.0-201fc85-SNAPSHOT.jar:/home/user/.m2/repository/org/rocksdb/rocksdbjni/6.0.1/rocksdbjni-6.0.1.jar:/home/user/.m2/repository/org/apache/logging/log4j/log4j-api/2.11.0/log4j-api-2.11.0.jar:/home/user/.m2/repository/org/apache/logging/log4j/log4j-core/2.11.0/log4j-core-2.11.0.jar:/home/user/.m2/repository/com/lmax/disruptor/3.4.2/disruptor-3.4.2.jar:/home/user/.m2/repository/org/apache/commons/commons-pool2/2.6.0/commons-pool2-2.6.0.jar:/home/user/.m2/repository/org/bouncycastle/bcpkix-jdk15on/1.60/bcpkix-jdk15on-1.60.jar:/home/user/.m2/repository/commons-validator/commons-validator/1.6/commons-validator-1.6.jar:/home/user/.m2/repository/commons-digester/commons-digester/1.8.1/commons-digester-1.8.1.jar:/home/user/.m2/repository/io/jaegertracing/jaeger-client/0.34.0/jaeger-client-0.34.0.jar:/home/user/.m2/repository/io/jaegertracing/jaeger-thrift/0.34.0/jaeger-thrift-0.34.0.jar:/home/user/.m2/repository/org/apache/thrift/libthrift/0.12.0/libthrift-0.12.0.jar:/home/user/.m2/repository/com/squareup/okhttp3/okhttp/3.9.0/okhttp-3.9.0.jar:/home/user/.m2/repository/com/squareup/okio/okio/1.13.0/okio-1.13.0.jar:/home/user/.m2/repository/io/jaegertracing/jaeger-core/0.34.0/jaeger-core-0.34.0.jar:/home/user/.m2/repository/io/jaegertracing/jaeger-tracerresolver/0.34.0/jaeger-tracerresolver-0.34.0.jar:/home/user/.m2/repository/io/opentracing/contrib/opentracing-tracerresolver/0.1.5/opentracing-tracerresolver-0.1.5.jar:/home/user/.m2/repository/io/opentracing/opentracing-util/0.31.0/opentracing-util-0.31.0.jar:/home/user/.m2/repository/io/opentracing/opentracing-api/0.31.0/opentracing-api-0.31.0.jar:/home/user/.m2/repository/io/opentracing/opentracing-noop/0.31.0/opentracing-noop-0.31.0.jar:/home/user/.m2/repository/org/apache/hadoop/hadoop-hdds-server-framework/0.5.0-SNAPSHOT/hadoop-hdds-server-framework-0.5.0-SNAPSHOT.jar:/home/user/.m2/repository/org/apache/hadoop/hadoop-hdds-container-service/0.5.0-SNAPSHOT/hadoop-hdds-container-service-0.5.0-SNAPSHOT.jar:/home/user/.m2/repository/org/apache/hadoop/hadoop-hdds-client/0.5.0-SNAPSHOT/hadoop-hdds-client-0.5.0-SNAPSHOT.jar:/home/user/.m2/repository/org/apache/hadoop/hadoop-hdds-tools/0.5.0-SNAPSHOT/hadoop-hdds-tools-0.5.0-SNAPSHOT.jar:/home/user/.m2/repository/org/apache/hadoop/hadoop-hdds-server-scm/0.5.0-SNAPSHOT/hadoop-hdds-server-scm-0.5.0-SNAPSHOT.jar:/home/user/.m2/repository/org/apache/hadoop/hadoop-hdds-docs/0.5.0-SNAPSHOT/hadoop-hdds-docs-0.5.0-SNAPSHOT.jar:/home/user/.m2/repository/io/dropwizard/metrics/metrics-core/3.2.4/metrics-core-3.2.4.jar:/home/user/.m2/repository/org/hamcrest/hamcrest-all/1.3/hamcrest-all-1.3.jar:/home/user/.m2/repository/org/bouncycastle/bcprov-jdk15on/1.60/bcprov-jdk15on-1.60.jar:/home/user/.m2/repository/info/picocli/picocli/3.9.6/picocli-3.9.6.jar:/home/user/.m2/repository/com/google/protobuf/protobuf-java/2.5.0/protobuf-java-2.5.0.jar:/home/user/.m2/repository/com/google/guava/guava/11.0.2/guava-11.0.2.jar:/home/user/.m2/repository/org/apache/hadoop/hadoop-ozone-ozone-manager/0.5.0-SNAPSHOT/hadoop-ozone-ozone-manager-0.5.0-SNAPSHOT.jar:/home/user/.m2/repository/org/apache/hadoop/hadoop-minikdc/3.2.0/hadoop-minikdc-3.2.0.jar:/home/user/.m2/repository/commons-io/commons-io/2.5/commons-io-2.5.jar:/home/user/.m2/repository/org/apache/kerby/kerb-simplekdc/1.0.1/kerb-simplekdc-1.0.1.jar:/home/user/.m2/repository/org/apache/kerby/kerb-client/1.0.1/kerb-client-1.0.1.jar:/home/user/.m2/repository/org/apache/kerby/kerby-config/1.0.1/kerby-config-1.0.1.jar:/home/user/.m2/repository/org/apache/kerby/kerb-core/1.0.1/kerb-core-1.0.1.jar:/home/user/.m2/repository/org/apache/kerby/kerby-pkix/1.0.1/kerby-pkix-1.0.1.jar:/home/user/.m2/repository/org/apache/kerby/kerby-asn1/1.0.1/kerby-asn1-1.0.1.jar:/home/user/.m2/repository/org/apache/kerby/kerby-util/1.0.1/kerby-util-1.0.1.jar:/home/user/.m2/repository/org/apache/kerby/kerb-common/1.0.1/kerb-common-1.0.1.jar:/home/user/.m2/repository/org/apache/kerby/kerb-crypto/1.0.1/kerb-crypto-1.0.1.jar:/home/user/.m2/repository/org/apache/kerby/kerb-util/1.0.1/kerb-util-1.0.1.jar:/home/user/.m2/repository/org/apache/kerby/token-provider/1.0.1/token-provider-1.0.1.jar:/home/user/.m2/repository/org/apache/kerby/kerb-admin/1.0.1/kerb-admin-1.0.1.jar:/home/user/.m2/repository/org/apache/kerby/kerb-server/1.0.1/kerb-server-1.0.1.jar:/home/user/.m2/repository/org/apache/kerby/kerb-identity/1.0.1/kerb-identity-1.0.1.jar:/home/user/.m2/repository/org/apache/kerby/kerby-xdr/1.0.1/kerby-xdr-1.0.1.jar:/home/user/.m2/repository/org/slf4j/slf4j-log4j12/1.7.25/slf4j-log4j12-1.7.25.jar:/home/user/.m2/repository/org/apache/hadoop/hadoop-ozone-s3gateway/0.5.0-SNAPSHOT/hadoop-ozone-s3gateway-0.5.0-SNAPSHOT.jar:/home/user/.m2/repository/org/jboss/weld/servlet/weld-servlet/2.4.7.Final/weld-servlet-2.4.7.Final.jar:/home/user/.m2/repository/org/glassfish/jersey/containers/jersey-container-servlet-core/2.27/jersey-container-servlet-core-2.27.jar:/home/user/.m2/repository/org/glassfish/hk2/external/javax.inject/2.5.0-b42/javax.inject-2.5.0-b42.jar:/home/user/.m2/repository/org/glassfish/jersey/core/jersey-common/2.27/jersey-common-2.27.jar:/home/user/.m2/repository/org/glassfish/hk2/osgi-resource-locator/1.0.1/osgi-resource-locator-1.0.1.jar:/home/user/.m2/repository/javax/ws/rs/javax.ws.rs-api/2.1/javax.ws.rs-api-2.1.jar:/home/user/.m2/repository/org/glassfish/jersey/ext/cdi/jersey-cdi1x/2.27/jersey-cdi1x-2.27.jar:/home/user/.m2/repository/org/glassfish/jersey/inject/jersey-hk2/2.27/jersey-hk2-2.27.jar:/home/user/.m2/repository/org/glassfish/hk2/hk2-locator/2.5.0-b42/hk2-locator-2.5.0-b42.jar:/home/user/.m2/repository/org/javassist/javassist/3.22.0-CR2/javassist-3.22.0-CR2.jar:/home/user/.m2/repository/org/glassfish/hk2/hk2-api/2.5.0/hk2-api-2.5.0.jar:/home/user/.m2/repository/org/glassfish/hk2/external/jakarta.inject/2.5.0/jakarta.inject-2.5.0.jar:/home/user/.m2/repository/org/glassfish/hk2/hk2-utils/2.5.0/hk2-utils-2.5.0.jar:/home/user/.m2/repository/jakarta/annotation/jakarta.annotation-api/1.3.4/jakarta.annotation-api-1.3.4.jar:/home/user/.m2/repository/org/glassfish/hk2/external/aopalliance-repackaged/2.5.0/aopalliance-repackaged-2.5.0.jar:/home/user/.m2/repository/com/fasterxml/jackson/dataformat/jackson-dataformat-xml/2.9.0/jackson-dataformat-xml-2.9.0.jar:/home/user/.m2/repository/com/fasterxml/jackson/core/jackson-core/2.9.9/jackson-core-2.9.9.jar:/home/user/.m2/repository/com/fasterxml/jackson/module/jackson-module-jaxb-annotations/2.9.9/jackson-module-jaxb-annotations-2.9.9.jar:/home/user/.m2/repository/javax/enterprise/cdi-api/1.2/cdi-api-1.2.jar:/home/user/.m2/repository/javax/el/javax.el-api/3.0.0/javax.el-api-3.0.0.jar:/home/user/.m2/repository/javax/interceptor/javax.interceptor-api/1.2/javax.interceptor-api-1.2.jar:/home/user/.m2/repository/javax/inject/javax.inject/1/javax.inject-1.jar:/home/user/.m2/repository/com/sun/xml/bind/jaxb-impl/2.3.0.1/jaxb-impl-2.3.0.1.jar:/home/user/.m2/repository/com/sun/xml/bind/jaxb-core/2.3.0.1/jaxb-core-2.3.0.1.jar:/home/user/.m2/repository/javax/xml/bind/jaxb-api/2.3.0/jaxb-api-2.3.0.jar:/home/user/.m2/repository/javax/activation/activation/1.1.1/activation-1.1.1.jar:/home/user/.m2/repository/org/apache/hadoop/hadoop-ozone-csi/0.5.0-SNAPSHOT/hadoop-ozone-csi-0.5.0-SNAPSHOT.jar:/home/user/.m2/repository/com/google/protobuf/protobuf-java-util/3.5.1/protobuf-java-util-3.5.1.jar:/home/user/.m2/repository/org/apache/hadoop/hadoop-hdds-config/0.5.0-SNAPSHOT/hadoop-hdds-config-0.5.0-SNAPSHOT.jar:/home/user/.m2/repository/io/grpc/grpc-netty/1.17.1/grpc-netty-1.17.1.jar:/home/user/.m2/repository/io/grpc/grpc-core/1.17.1/grpc-core-1.17.1.jar:/home/user/.m2/repository/io/grpc/grpc-context/1.17.1/grpc-context-1.17.1.jar:/home/user/.m2/repository/com/google/errorprone/error_prone_annotations/2.2.0/error_prone_annotations-2.2.0.jar:/home/user/.m2/repository/org/codehaus/mojo/animal-sniffer-annotations/1.17/animal-sniffer-annotations-1.17.jar:/home/user/.m2/repository/io/opencensus/opencensus-api/0.17.0/opencensus-api-0.17.0.jar:/home/user/.m2/repository/io/opencensus/opencensus-contrib-grpc-metrics/0.17.0/opencensus-contrib-grpc-metrics-0.17.0.jar:/home/user/.m2/repository/io/netty/netty-codec-http2/4.1.30.Final/netty-codec-http2-4.1.30.Final.jar:/home/user/.m2/repository/io/netty/netty-codec-http/4.1.30.Final/netty-codec-http-4.1.30.Final.jar:/home/user/.m2/repository/io/netty/netty-codec/4.1.30.Final/netty-codec-4.1.30.Final.jar:/home/user/.m2/repository/io/netty/netty-handler/4.1.30.Final/netty-handler-4.1.30.Final.jar:/home/user/.m2/repository/io/netty/netty-handler-proxy/4.1.30.Final/netty-handler-proxy-4.1.30.Final.jar:/home/user/.m2/repository/io/netty/netty-codec-socks/4.1.30.Final/netty-codec-socks-4.1.30.Final.jar:/home/user/.m2/repository/io/netty/netty-transport-native-epoll/4.1.30.Final/netty-transport-native-epoll-4.1.30.Final.jar:/home/user/.m2/repository/io/netty/netty-common/4.1.30.Final/netty-common-4.1.30.Final.jar:/home/user/.m2/repository/io/netty/netty-buffer/4.1.30.Final/netty-buffer-4.1.30.Final.jar:/home/user/.m2/repository/io/netty/netty-transport/4.1.30.Final/netty-transport-4.1.30.Final.jar:/home/user/.m2/repository/io/netty/netty-resolver/4.1.30.Final/netty-resolver-4.1.30.Final.jar:/home/user/.m2/repository/io/netty/netty-transport-native-unix-common/4.1.30.Final/netty-transport-native-unix-common-4.1.30.Final.jar:/home/user/.m2/repository/io/grpc/grpc-protobuf/1.17.1/grpc-protobuf-1.17.1.jar:/home/user/.m2/repository/com/google/api/grpc/proto-google-common-protos/1.0.0/proto-google-common-protos-1.0.0.jar:/home/user/.m2/repository/io/grpc/grpc-protobuf-lite/1.17.1/grpc-protobuf-lite-1.17.1.jar:/home/user/.m2/repository/io/grpc/grpc-stub/1.17.1/grpc-stub-1.17.1.jar:/home/user/.m2/repository/org/apache/hadoop/hadoop-ozone-recon/0.5.0-SNAPSHOT/hadoop-ozone-recon-0.5.0-SNAPSHOT.jar:/home/user/.m2/repository/org/apache/hadoop/hadoop-ozone-reconcodegen/0.5.0-SNAPSHOT/hadoop-ozone-reconcodegen-0.5.0-SNAPSHOT.jar:/home/user/.m2/repository/com/google/inject/extensions/guice-multibindings/4.0/guice-multibindings-4.0.jar:/home/user/.m2/repository/com/google/inject/guice/4.0/guice-4.0.jar:/home/user/.m2/repository/aopalliance/aopalliance/1.0/aopalliance-1.0.jar:/home/user/.m2/repository/com/google/inject/extensions/guice-servlet/4.0/guice-servlet-4.0.jar:/home/user/.m2/repository/org/glassfish/jersey/containers/jersey-container-servlet/2.27/jersey-container-servlet-2.27.jar:/home/user/.m2/repository/org/glassfish/hk2/guice-bridge/2.5.0/guice-bridge-2.5.0.jar:/home/user/.m2/repository/org/glassfish/jersey/core/jersey-server/2.27/jersey-server-2.27.jar:/home/user/.m2/repository/org/glassfish/jersey/core/jersey-client/2.27/jersey-client-2.27.jar:/home/user/.m2/repository/org/glassfish/jersey/media/jersey-media-jaxb/2.27/jersey-media-jaxb-2.27.jar:/home/user/.m2/repository/javax/validation/validation-api/1.1.0.Final/validation-api-1.1.0.Final.jar:/home/user/.m2/repository/org/glassfish/jersey/media/jersey-media-json-jackson/2.27/jersey-media-json-jackson-2.27.jar:/home/user/.m2/repository/org/glassfish/jersey/ext/jersey-entity-filtering/2.27/jersey-entity-filtering-2.27.jar:/home/user/.m2/repository/com/google/inject/extensions/guice-assistedinject/4.0/guice-assistedinject-4.0.jar:/home/user/.m2/repository/org/jooq/jooq/3.11.10/jooq-3.11.10.jar:/home/user/.m2/repository/org/jooq/jooq-meta/3.11.10/jooq-meta-3.11.10.jar:/home/user/.m2/repository/org/jooq/jooq-codegen/3.11.10/jooq-codegen-3.11.10.jar:/home/user/.m2/repository/com/jolbox/bonecp/0.8.0.RELEASE/bonecp-0.8.0.RELEASE.jar:/home/user/.m2/repository/org/xerial/sqlite-jdbc/3.25.2/sqlite-jdbc-3.25.2.jar:/home/user/.m2/repository/org/springframework/spring-jdbc/5.1.3.RELEASE/spring-jdbc-5.1.3.RELEASE.jar:/home/user/.m2/repository/org/springframework/spring-beans/5.1.3.RELEASE/spring-beans-5.1.3.RELEASE.jar:/home/user/.m2/repository/org/springframework/spring-core/5.1.3.RELEASE/spring-core-5.1.3.RELEASE.jar:/home/user/.m2/repository/org/springframework/spring-jcl/5.1.3.RELEASE/spring-jcl-5.1.3.RELEASE.jar:/home/user/.m2/repository/org/springframework/spring-tx/5.1.3.RELEASE/spring-tx-5.1.3.RELEASE.jar:/home/user/.m2/repository/org/apache/hadoop/hadoop-ozone-client/0.5.0-SNAPSHOT/hadoop-ozone-client-0.5.0-SNAPSHOT.jar:/home/user/.m2/repository/commons-lang/commons-lang/2.6/commons-lang-2.6.jar:/home/user/.m2/repository/org/apache/hadoop/hadoop-ozone-ozone-manager/0.5.0-SNAPSHOT/hadoop-ozone-ozone-manager-0.5.0-SNAPSHOT-tests.jar:/home/user/.m2/repository/junit/junit/4.11/junit-4.11.jar:/home/user/.m2/repository/org/hamcrest/hamcrest-core/1.3/hamcrest-core-1.3.jar:/home/user/.m2/repository/org/openjdk/jmh/jmh-core/1.19/jmh-core-1.19.jar:/home/user/.m2/repository/net/sf/jopt-simple/jopt-simple/4.6/jopt-simple-4.6.jar:/home/user/.m2/repository/org/apache/commons/commons-math3/3.1.1/commons-math3-3.1.1.jar:/home/user/.m2/repository/org/openjdk/jmh/jmh-generator-annprocess/1.19/jmh-generator-annprocess-1.19.jar:/home/user/.m2/repository/org/mockito/mockito-all/1.8.5/mockito-all-1.8.5.jar:/home/user/.m2/repository/org/apache/hadoop/hadoop-kms/3.2.0/hadoop-kms-3.2.0.jar:/home/user/.m2/repository/org/apache/hadoop/hadoop-auth/3.2.0/hadoop-auth-3.2.0.jar:/home/user/.m2/repository/com/nimbusds/nimbus-jose-jwt/4.41.1/nimbus-jose-jwt-4.41.1.jar:/home/user/.m2/repository/com/github/stephenc/jcip/jcip-annotations/1.0-1/jcip-annotations-1.0-1.jar:/home/user/.m2/repository/net/minidev/json-smart/2.3/json-smart-2.3.jar:/home/user/.m2/repository/net/minidev/accessors-smart/1.2/accessors-smart-1.2.jar:/home/user/.m2/repository/org/ow2/asm/asm/5.0.4/asm-5.0.4.jar:/home/user/.m2/repository/org/apache/curator/curator-framework/2.12.0/curator-framework-2.12.0.jar:/home/user/.m2/repository/com/sun/jersey/jersey-core/1.19/jersey-core-1.19.jar:/home/user/.m2/repository/javax/ws/rs/jsr311-api/1.1.1/jsr311-api-1.1.1.jar:/home/user/.m2/repository/com/sun/jersey/jersey-server/1.19/jersey-server-1.19.jar:/home/user/.m2/repository/javax/servlet/javax.servlet-api/3.1.0/javax.servlet-api-3.1.0.jar:/home/user/.m2/repository/org/eclipse/jetty/jetty-server/9.3.25.v20180904/jetty-server-9.3.25.v20180904.jar:/home/user/.m2/repository/org/eclipse/jetty/jetty-http/9.3.25.v20180904/jetty-http-9.3.25.v20180904.jar:/home/user/.m2/repository/org/eclipse/jetty/jetty-io/9.3.25.v20180904/jetty-io-9.3.25.v20180904.jar:/home/user/.m2/repository/org/eclipse/jetty/jetty-webapp/9.3.25.v20180904/jetty-webapp-9.3.25.v20180904.jar:/home/user/.m2/repository/org/eclipse/jetty/jetty-xml/9.3.25.v20180904/jetty-xml-9.3.25.v20180904.jar:/home/user/.m2/repository/log4j/log4j/1.2.17/log4j-1.2.17.jar:/home/user/.m2/repository/org/slf4j/slf4j-api/1.7.25/slf4j-api-1.7.25.jar:/home/user/.m2/repository/org/slf4j/jul-to-slf4j/1.7.25/jul-to-slf4j-1.7.25.jar:/home/user/.m2/repository/org/eclipse/jetty/jetty-util/9.3.25.v20180904/jetty-util-9.3.25.v20180904.jar:/home/user/.m2/repository/com/fasterxml/jackson/core/jackson-databind/2.9.9/jackson-databind-2.9.9.jar:/home/user/.m2/repository/org/apache/hadoop/hadoop-kms/3.2.0/hadoop-kms-3.2.0-tests.jar:/home/user/.m2/repository/org/apache/hadoop/hadoop-hdds-server-scm/0.5.0-SNAPSHOT/hadoop-hdds-server-scm-0.5.0-SNAPSHOT-tests.jar:/home/user/.m2/repository/org/apache/hadoop/hadoop-hdds-container-service/0.5.0-SNAPSHOT/hadoop-hdds-container-service-0.5.0-SNAPSHOT-tests.jar:/home/user/.m2/repository/org/yaml/snakeyaml/1.16/snakeyaml-1.16.jar:/home/user/.m2/repository/org/apache/hadoop/hadoop-common/3.2.0/hadoop-common-3.2.0-tests.jar:/home/user/.m2/repository/org/apache/hadoop/hadoop-annotations/3.2.0/hadoop-annotations-3.2.0.jar:/usr/lib/jvm/java-1.8-openjdk/jre/../lib/tools.jar:/home/user/.m2/repository/commons-cli/commons-cli/1.2/commons-cli-1.2.jar:/home/user/.m2/repository/org/apache/httpcomponents/httpclient/4.5.2/httpclient-4.5.2.jar:/home/user/.m2/repository/org/apache/httpcomponents/httpcore/4.4.4/httpcore-4.4.4.jar:/home/user/.m2/repository/commons-codec/commons-codec/1.11/commons-codec-1.11.jar:/home/user/.m2/repository/commons-net/commons-net/3.6/commons-net-3.6.jar:/home/user/.m2/repository/commons-collections/commons-collections/3.2.2/commons-collections-3.2.2.jar:/home/user/.m2/repository/org/eclipse/jetty/jetty-servlet/9.3.25.v20180904/jetty-servlet-9.3.25.v20180904.jar:/home/user/.m2/repository/org/eclipse/jetty/jetty-security/9.3.25.v20180904/jetty-security-9.3.25.v20180904.jar:/home/user/.m2/repository/javax/servlet/jsp/jsp-api/2.1/jsp-api-2.1.jar:/home/user/.m2/repository/com/sun/jersey/jersey-servlet/1.19/jersey-servlet-1.19.jar:/home/user/.m2/repository/com/sun/jersey/jersey-json/1.19/jersey-json-1.19.jar:/home/user/.m2/repository/org/codehaus/jettison/jettison/1.1/jettison-1.1.jar:/home/user/.m2/repository/org/codehaus/jackson/jackson-core-asl/1.9.13/jackson-core-asl-1.9.13.jar:/home/user/.m2/repository/org/codehaus/jackson/jackson-mapper-asl/1.9.13/jackson-mapper-asl-1.9.13.jar:/home/user/.m2/repository/org/codehaus/jackson/jackson-jaxrs/1.9.13/jackson-jaxrs-1.9.13.jar:/home/user/.m2/repository/org/codehaus/jackson/jackson-xc/1.9.13/jackson-xc-1.9.13.jar:/home/user/.m2/repository/commons-logging/commons-logging/1.1.3/commons-logging-1.1.3.jar:/home/user/.m2/repository/commons-beanutils/commons-beanutils/1.9.4/commons-beanutils-1.9.4.jar:/home/user/.m2/repository/org/apache/commons/commons-configuration2/2.1.1/commons-configuration2-2.1.1.jar:/home/user/.m2/repository/org/apache/commons/commons-lang3/3.7/commons-lang3-3.7.jar:/home/user/.m2/repository/org/apache/commons/commons-text/1.4/commons-text-1.4.jar:/home/user/.m2/repository/org/apache/avro/avro/1.7.7/avro-1.7.7.jar:/home/user/.m2/repository/com/thoughtworks/paranamer/paranamer/2.3/paranamer-2.3.jar:/home/user/.m2/repository/org/xerial/snappy/snappy-java/1.0.5/snappy-java-1.0.5.jar:/home/user/.m2/repository/com/google/re2j/re2j/1.1/re2j-1.1.jar:/home/user/.m2/repository/com/google/code/gson/gson/2.2.4/gson-2.2.4.jar:/home/user/.m2/repository/com/jcraft/jsch/0.1.54/jsch-0.1.54.jar:/home/user/.m2/repository/org/apache/curator/curator-client/2.12.0/curator-client-2.12.0.jar:/home/user/.m2/repository/org/apache/curator/curator-recipes/2.12.0/curator-recipes-2.12.0.jar:/home/user/.m2/repository/com/google/code/findbugs/jsr305/3.0.0/jsr305-3.0.0.jar:/home/user/.m2/repository/org/apache/htrace/htrace-core4/4.1.0-incubating/htrace-core4-4.1.0-incubating.jar:/home/user/.m2/repository/org/apache/zookeeper/zookeeper/3.4.13/zookeeper-3.4.13.jar:/home/user/.m2/repository/jline/jline/0.9.94/jline-0.9.94.jar:/home/user/.m2/repository/org/apache/yetus/audience-annotations/0.5.0/audience-annotations-0.5.0.jar:/home/user/.m2/repository/org/codehaus/woodstox/stax2-api/3.1.4/stax2-api-3.1.4.jar:/home/user/.m2/repository/com/fasterxml/woodstox/woodstox-core/5.0.3/woodstox-core-5.0.3.jar:/home/user/.m2/repository/dnsjava/dnsjava/2.1.7/dnsjava-2.1.7.jar:/home/user/.m2/repository/org/apache/hadoop/hadoop-hdfs/3.2.0/hadoop-hdfs-3.2.0-tests.jar:/home/user/.m2/repository/org/eclipse/jetty/jetty-util-ajax/9.3.25.v20180904/jetty-util-ajax-9.3.25.v20180904.jar:/home/user/.m2/repository/commons-daemon/commons-daemon/1.0.13/commons-daemon-1.0.13.jar:/home/user/.m2/repository/io/netty/netty/3.10.5.Final/netty-3.10.5.Final.jar:/home/user/.m2/repository/io/netty/netty-all/4.0.52.Final/netty-all-4.0.52.Final.jar:/home/user/.m2/repository/org/fusesource/leveldbjni/leveldbjni-all/1.8/leveldbjni-all-1.8.jar:"/>
    <property name="sun.cpu.endian" value="little"/>
    <property name="user.home" value="/home/user"/>
    <property name="user.language" value="en"/>
    <property name="java.specification.vendor" value="Oracle Corporation"/>
    <property name="java.home" value="/usr/lib/jvm/java-1.8-openjdk/jre"/>
    <property name="java.security.krb5.conf" value="/workdir/hadoop-ozone/integration-test/target/test-classes/krb5.conf"/>
    <property name="basedir" value="/workdir/hadoop-ozone/integration-test"/>
    <property name="file.separator" value="/"/>
    <property name="line.separator" value="&#10;"/>
    <property name="java.vm.specification.vendor" value="Oracle Corporation"/>
    <property name="java.specification.name" value="Java Platform API Specification"/>
    <property name="java.awt.graphicsenv" value="sun.awt.X11GraphicsEnvironment"/>
    <property name="surefire.real.class.path" value="/workdir/hadoop-ozone/integration-test/target/surefire/surefirebooter4188242884674954113.jar"/>
    <property name="hadoop.log.dir" value="/workdir/hadoop-ozone/integration-test/target/log"/>
    <property name="sun.boot.class.path" value="/usr/lib/jvm/java-1.8-openjdk/jre/lib/resources.jar:/usr/lib/jvm/java-1.8-openjdk/jre/lib/rt.jar:/usr/lib/jvm/java-1.8-openjdk/jre/lib/sunrsasign.jar:/usr/lib/jvm/java-1.8-openjdk/jre/lib/jsse.jar:/usr/lib/jvm/java-1.8-openjdk/jre/lib/jce.jar:/usr/lib/jvm/java-1.8-openjdk/jre/lib/charsets.jar:/usr/lib/jvm/java-1.8-openjdk/jre/lib/jfr.jar:/usr/lib/jvm/java-1.8-openjdk/jre/classes"/>
    <property name="sun.management.compiler" value="HotSpot 64-Bit Tiered Compilers"/>
    <property name="java.runtime.version" value="1.8.0_212-b04"/>
    <property name="java.net.preferIPv4Stack" value="true"/>
    <property name="user.name" value="jenkins1000"/>
    <property name="path.separator" value=":"/>
    <property name="java.security.egd" value="file:///dev/urandom"/>
    <property name="os.version" value="3.10.0-957.12.2.el7.x86_64"/>
    <property name="java.endorsed.dirs" value="/usr/lib/jvm/java-1.8-openjdk/jre/lib/endorsed"/>
    <property name="java.runtime.name" value="OpenJDK Runtime Environment"/>
    <property name="file.encoding" value="UTF-8"/>
    <property name="java.vm.name" value="OpenJDK 64-Bit Server VM"/>
    <property name="test.build.webapps" value=""/>
    <property name="localRepository" value="/home/user/.m2/repository"/>
    <property name="java.vendor.url.bug" value="https://icedtea.classpath.org/bugzilla"/>
    <property name="java.io.tmpdir" value="/tmp"/>
    <property name="require.test.libhadoop" value=""/>
    <property name="java.version" value="1.8.0_212"/>
    <property name="user.dir" value="/workdir/hadoop-ozone/integration-test"/>
    <property name="os.arch" value="amd64"/>
    <property name="java.vm.specification.name" value="Java Virtual Machine Specification"/>
    <property name="test.build.classes" value="/workdir/hadoop-ozone/integration-test/target/test-classes"/>
    <property name="java.awt.printerjob" value="sun.print.PSPrinterJob"/>
    <property name="sun.os.patch.level" value="unknown"/>
    <property name="hadoop.tmp.dir" value="/workdir/hadoop-ozone/integration-test/target/tmp"/>
    <property name="java.library.path" value="/usr/lib/jvm/java-1.8-openjdk/jre/lib/amd64/server:/usr/lib/jvm/java-1.8-openjdk/jre/lib/amd64:/usr/lib/jvm/java-1.8-openjdk/jre/../lib/amd64:/workdir/hadoop-ozone/integration-test/target/native/target/usr/local/lib:/workdir/hadoop-ozone/integration-test/../../hadoop-common-project/hadoop-common/target/native/target/usr/local/lib:/usr/java/packages/lib/amd64:/usr/lib64:/lib64:/lib:/usr/lib"/>
    <property name="java.vm.info" value="mixed mode"/>
    <property name="java.vendor" value="IcedTea"/>
    <property name="java.vm.version" value="25.212-b04"/>
    <property name="java.ext.dirs" value="/usr/lib/jvm/java-1.8-openjdk/jre/lib/ext:/usr/java/packages/lib/ext"/>
    <property name="sun.io.unicode.encoding" value="UnicodeLittle"/>
    <property name="java.class.version" value="52.0"/>
  </properties>
  <testcase name="testGroupMismatchExceptionHandling" classname="org.apache.hadoop.ozone.client.rpc.TestOzoneClientRetriesOnException" time="44.988"/>
  <testcase name="testMaxRetriesByOzoneClient" classname="org.apache.hadoop.ozone.client.rpc.TestOzoneClientRetriesOnException" time="142.698">
    <error message="Failed to command cmdType: CreateContainer&#10;containerID: 1&#10;datanodeUuid: &quot;48f0ddbd-ecfe-47e7-95da-5ecbab1cbdb9&quot;&#10;createContainer {&#10;}&#10;" type="java.io.IOException">java.io.IOException: 
Failed to command cmdType: CreateContainer
containerID: 1
datanodeUuid: "48f0ddbd-ecfe-47e7-95da-5ecbab1cbdb9"
createContainer {
}

	at org.apache.hadoop.hdds.scm.XceiverClientSpi.sendCommand(XceiverClientSpi.java:113)
	at org.apache.hadoop.ozone.client.rpc.TestOzoneClientRetriesOnException.testMaxRetriesByOzoneClient(TestOzoneClientRetriesOnException.java:190)
	at sun.reflect.NativeMethodAccessorImpl.invoke0(Native Method)
	at sun.reflect.NativeMethodAccessorImpl.invoke(NativeMethodAccessorImpl.java:62)
	at sun.reflect.DelegatingMethodAccessorImpl.invoke(DelegatingMethodAccessorImpl.java:43)
	at java.lang.reflect.Method.invoke(Method.java:498)
	at org.junit.runners.model.FrameworkMethod$1.runReflectiveCall(FrameworkMethod.java:47)
	at org.junit.internal.runners.model.ReflectiveCallable.run(ReflectiveCallable.java:12)
	at org.junit.runners.model.FrameworkMethod.invokeExplosively(FrameworkMethod.java:44)
	at org.junit.internal.runners.statements.InvokeMethod.evaluate(InvokeMethod.java:17)
	at org.junit.internal.runners.statements.RunBefores.evaluate(RunBefores.java:26)
	at org.junit.internal.runners.statements.RunAfters.evaluate(RunAfters.java:27)
	at org.junit.runners.ParentRunner.runLeaf(ParentRunner.java:271)
	at org.junit.runners.BlockJUnit4ClassRunner.runChild(BlockJUnit4ClassRunner.java:70)
	at org.junit.runners.BlockJUnit4ClassRunner.runChild(BlockJUnit4ClassRunner.java:50)
	at org.junit.runners.ParentRunner$3.run(ParentRunner.java:238)
	at org.junit.runners.ParentRunner$1.schedule(ParentRunner.java:63)
	at org.junit.runners.ParentRunner.runChildren(ParentRunner.java:236)
	at org.junit.runners.ParentRunner.access$000(ParentRunner.java:53)
	at org.junit.runners.ParentRunner$2.evaluate(ParentRunner.java:229)
	at org.junit.runners.ParentRunner.run(ParentRunner.java:309)
	at org.apache.maven.surefire.junit4.JUnit4Provider.execute(JUnit4Provider.java:365)
	at org.apache.maven.surefire.junit4.JUnit4Provider.executeWithRerun(JUnit4Provider.java:273)
	at org.apache.maven.surefire.junit4.JUnit4Provider.executeTestSet(JUnit4Provider.java:238)
	at org.apache.maven.surefire.junit4.JUnit4Provider.invoke(JUnit4Provider.java:159)
	at org.apache.maven.surefire.booter.ForkedBooter.invokeProviderInSameClassLoader(ForkedBooter.java:384)
	at org.apache.maven.surefire.booter.ForkedBooter.runSuitesInProcess(ForkedBooter.java:345)
	at org.apache.maven.surefire.booter.ForkedBooter.execute(ForkedBooter.java:126)
	at org.apache.maven.surefire.booter.ForkedBooter.main(ForkedBooter.java:418)
Caused by: java.util.concurrent.ExecutionException: org.apache.ratis.protocol.RaftRetryFailureException: Failed RaftClientRequest:client-C9BB85834D0F->48f0ddbd-ecfe-47e7-95da-5ecbab1cbdb9@group-E6DC2C34446F, cid=45, seq=4*, RW, cmdType: CreateContainer
traceID: "2b1a76ccdfc81088:2b1a76ccdfc81088:0:0"
containerID: 1
datanodeUuid: "48f0ddbd-ecfe-47e7-95da-5ecbab1cbdb9"
createContainer {
}
, data.size=0 for 180 attempts with RetryLimited(maxAttempts=180, sleepTime=1000ms)
	at java.util.concurrent.CompletableFuture.reportGet(CompletableFuture.java:357)
	at java.util.concurrent.CompletableFuture.get(CompletableFuture.java:1895)
	at org.apache.hadoop.hdds.scm.XceiverClientSpi.sendCommand(XceiverClientSpi.java:110)
	... 28 more
Caused by: org.apache.ratis.protocol.RaftRetryFailureException: Failed RaftClientRequest:client-C9BB85834D0F->48f0ddbd-ecfe-47e7-95da-5ecbab1cbdb9@group-E6DC2C34446F, cid=45, seq=4*, RW, cmdType: CreateContainer
traceID: "2b1a76ccdfc81088:2b1a76ccdfc81088:0:0"
containerID: 1
datanodeUuid: "48f0ddbd-ecfe-47e7-95da-5ecbab1cbdb9"
createContainer {
}
, data.size=0 for 180 attempts with RetryLimited(maxAttempts=180, sleepTime=1000ms)
	at org.apache.ratis.client.impl.RaftClientImpl.noMoreRetries(RaftClientImpl.java:271)
	at org.apache.ratis.client.impl.OrderedAsync.handleAsyncRetryFailure(OrderedAsync.java:138)
	at org.apache.ratis.client.impl.OrderedAsync.lambda$sendRequest$10(OrderedAsync.java:230)
	at java.util.concurrent.CompletableFuture.uniExceptionally(CompletableFuture.java:870)
	at java.util.concurrent.CompletableFuture$UniExceptionally.tryFire(CompletableFuture.java:852)
	at java.util.concurrent.CompletableFuture.postComplete(CompletableFuture.java:474)
	at java.util.concurrent.CompletableFuture.completeExceptionally(CompletableFuture.java:1977)
	at org.apache.ratis.grpc.client.GrpcClientProtocolClient$AsyncStreamObservers.completeReplyExceptionally(GrpcClientProtocolClient.java:345)
	at org.apache.ratis.grpc.client.GrpcClientProtocolClient$AsyncStreamObservers.access$000(GrpcClientProtocolClient.java:261)
	at org.apache.ratis.grpc.client.GrpcClientProtocolClient$AsyncStreamObservers$1.onNext(GrpcClientProtocolClient.java:273)
	at org.apache.ratis.grpc.client.GrpcClientProtocolClient$AsyncStreamObservers$1.onNext(GrpcClientProtocolClient.java:264)
	at org.apache.ratis.thirdparty.io.grpc.stub.ClientCalls$StreamObserverToCallListenerAdapter.onMessage(ClientCalls.java:421)
	at org.apache.ratis.thirdparty.io.grpc.ForwardingClientCallListener.onMessage(ForwardingClientCallListener.java:33)
	at org.apache.ratis.thirdparty.io.grpc.ForwardingClientCallListener.onMessage(ForwardingClientCallListener.java:33)
	at org.apache.ratis.thirdparty.io.grpc.internal.ClientCallImpl$ClientStreamListenerImpl$1MessagesAvailable.runInContext(ClientCallImpl.java:519)
	at org.apache.ratis.thirdparty.io.grpc.internal.ContextRunnable.run(ContextRunnable.java:37)
	at org.apache.ratis.thirdparty.io.grpc.internal.SerializingExecutor.run(SerializingExecutor.java:123)
	at java.util.concurrent.ThreadPoolExecutor.runWorker(ThreadPoolExecutor.java:1149)
	at java.util.concurrent.ThreadPoolExecutor$Worker.run(ThreadPoolExecutor.java:624)
	at java.lang.Thread.run(Thread.java:748)
Caused by: org.apache.ratis.protocol.NotLeaderException: Server 48f0ddbd-ecfe-47e7-95da-5ecbab1cbdb9@group-E6DC2C34446F is not the leader 146ceb2f-fc11-43ba-b6ba-1106dcb1a363:192.168.164.213:44226
	at org.apache.ratis.client.impl.ClientProtoUtils.toRaftClientReply(ClientProtoUtils.java:243)
	at org.apache.ratis.grpc.client.GrpcClientProtocolClient$AsyncStreamObservers$1.onNext(GrpcClientProtocolClient.java:269)
	... 10 more
</error>
    <system-out><![CDATA[2019-10-07 08:28:04,168 [main] WARN  server.ServerUtils (ServerUtils.java:getScmDbDir(145)) - ozone.scm.db.dirs is not configured. We recommend adding this setting. Falling back to ozone.metadata.dirs instead.
2019-10-07 08:28:04,208 [main] WARN  server.ServerUtils (ServerUtils.java:getScmDbDir(145)) - ozone.scm.db.dirs is not configured. We recommend adding this setting. Falling back to ozone.metadata.dirs instead.
2019-10-07 08:28:04,209 [main] WARN  server.ServerUtils (ServerUtils.java:getScmDbDir(145)) - ozone.scm.db.dirs is not configured. We recommend adding this setting. Falling back to ozone.metadata.dirs instead.
2019-10-07 08:28:04,210 [main] INFO  db.DBStoreBuilder (DBStoreBuilder.java:addTable(117)) - using custom profile for table: deletedBlocks
2019-10-07 08:28:04,210 [main] INFO  db.DBStoreBuilder (DBStoreBuilder.java:processTables(168)) - Using default column profile:DBProfile.DISK for Table:deletedBlocks
2019-10-07 08:28:04,210 [main] INFO  db.DBStoreBuilder (DBStoreBuilder.java:addTable(117)) - using custom profile for table: validCerts
2019-10-07 08:28:04,211 [main] INFO  db.DBStoreBuilder (DBStoreBuilder.java:processTables(168)) - Using default column profile:DBProfile.DISK for Table:validCerts
2019-10-07 08:28:04,211 [main] INFO  db.DBStoreBuilder (DBStoreBuilder.java:addTable(117)) - using custom profile for table: revokedCerts
2019-10-07 08:28:04,211 [main] INFO  db.DBStoreBuilder (DBStoreBuilder.java:processTables(168)) - Using default column profile:DBProfile.DISK for Table:revokedCerts
2019-10-07 08:28:04,212 [main] INFO  db.DBStoreBuilder (DBStoreBuilder.java:addTable(117)) - using custom profile for table: default
2019-10-07 08:28:04,212 [main] INFO  db.DBStoreBuilder (DBStoreBuilder.java:processTables(174)) - Using default column profile:DBProfile.DISK for Table:default
2019-10-07 08:28:04,212 [main] INFO  db.DBStoreBuilder (DBStoreBuilder.java:getDbProfile(205)) - Using default options. DBProfile.DISK
2019-10-07 08:28:04,433 [main] INFO  net.NodeSchemaLoader (NodeSchemaLoader.java:loadSchemaFromFile(125)) - Loading file from sun.misc.CompoundEnumeration@75babb67
2019-10-07 08:28:04,433 [main] INFO  net.NodeSchemaLoader (NodeSchemaLoader.java:loadSchema(171)) - Loading network topology layer schema file
2019-10-07 08:28:04,437 [main] WARN  server.ServerUtils (ServerUtils.java:sanitizeUserArgs(70)) - ozone.scm.stale.node.interval value = 300000 is larger than max = 100000 based on the key value of ozone.scm.heartbeat.thread.interval, reset to the max value 100000.
2019-10-07 08:28:04,438 [main] WARN  server.ServerUtils (ServerUtils.java:sanitizeUserArgs(70)) - ozone.scm.stale.node.interval value = 300000 is larger than max = 100000 based on the key value of ozone.scm.heartbeat.thread.interval, reset to the max value 100000.
2019-10-07 08:28:04,438 [main] INFO  node.SCMNodeManager (SCMNodeManager.java:<init>(116)) - Entering startup safe mode.
2019-10-07 08:28:04,439 [main] INFO  algorithms.ContainerPlacementPolicyFactory (ContainerPlacementPolicyFactory.java:getPolicy(57)) - Create container placement policy of type org.apache.hadoop.hdds.scm.container.placement.algorithms.SCMContainerPlacementRandom
2019-10-07 08:28:04,439 [main] WARN  server.ServerUtils (ServerUtils.java:getScmDbDir(145)) - ozone.scm.db.dirs is not configured. We recommend adding this setting. Falling back to ozone.metadata.dirs instead.
2019-10-07 08:28:04,577 [main] INFO  pipeline.SCMPipelineManager (SCMPipelineManager.java:initializePipelineState(132)) - No pipeline exists in current db
2019-10-07 08:28:04,578 [main] WARN  server.ServerUtils (ServerUtils.java:getScmDbDir(145)) - ozone.scm.db.dirs is not configured. We recommend adding this setting. Falling back to ozone.metadata.dirs instead.
2019-10-07 08:28:04,689 [main] WARN  events.EventQueue (EventQueue.java:fireEvent(183)) - No event handler registered for event TypedEvent{payloadType=SafeModeStatus, name='SafeModeStatus'}
2019-10-07 08:28:04,691 [main] INFO  ipc.CallQueueManager (CallQueueManager.java:<init>(84)) - Using callQueue: class java.util.concurrent.LinkedBlockingQueue, queueCapacity: 2000, scheduler: class org.apache.hadoop.ipc.DefaultRpcScheduler, ipcBackoff: false.
2019-10-07 08:28:04,692 [Socket Reader #1 for port 45755] INFO  ipc.Server (Server.java:run(1074)) - Starting Socket Reader #1 for port 45755
2019-10-07 08:28:04,694 [main] INFO  ipc.CallQueueManager (CallQueueManager.java:<init>(84)) - Using callQueue: class java.util.concurrent.LinkedBlockingQueue, queueCapacity: 2000, scheduler: class org.apache.hadoop.ipc.DefaultRpcScheduler, ipcBackoff: false.
2019-10-07 08:28:04,695 [Socket Reader #1 for port 46006] INFO  ipc.Server (Server.java:run(1074)) - Starting Socket Reader #1 for port 46006
2019-10-07 08:28:04,696 [main] INFO  ipc.CallQueueManager (CallQueueManager.java:<init>(84)) - Using callQueue: class java.util.concurrent.LinkedBlockingQueue, queueCapacity: 2000, scheduler: class org.apache.hadoop.ipc.DefaultRpcScheduler, ipcBackoff: false.
2019-10-07 08:28:04,697 [Socket Reader #1 for port 34238] INFO  ipc.Server (Server.java:run(1074)) - Starting Socket Reader #1 for port 34238
2019-10-07 08:28:04,699 [main] INFO  hdfs.DFSUtil (DFSUtil.java:httpServerTemplateForNNAndJN(1641)) - Starting Web-server for scm at: http://0.0.0.0:0
2019-10-07 08:28:04,701 [main] INFO  server.AuthenticationFilter (AuthenticationFilter.java:constructSecretProvider(240)) - Unable to initialize FileSignerSecretProvider, falling back to use random secrets.
2019-10-07 08:28:04,701 [main] WARN  http.HttpRequestLog (HttpRequestLog.java:getRequestLog(97)) - Jetty request log can only be enabled using Log4j
2019-10-07 08:28:04,703 [main] INFO  http.HttpServer2 (HttpServer2.java:addGlobalFilter(975)) - Added global filter 'safety' (class=org.apache.hadoop.http.HttpServer2$QuotingInputFilter)
2019-10-07 08:28:04,704 [main] INFO  http.HttpServer2 (HttpServer2.java:addFilter(948)) - Added filter static_user_filter (class=org.apache.hadoop.http.lib.StaticUserWebFilter$StaticUserFilter) to context scm
2019-10-07 08:28:04,704 [main] INFO  http.HttpServer2 (HttpServer2.java:addFilter(958)) - Added filter static_user_filter (class=org.apache.hadoop.http.lib.StaticUserWebFilter$StaticUserFilter) to context static
2019-10-07 08:28:04,704 [main] INFO  http.HttpServer2 (HttpServer2.java:addFilter(958)) - Added filter static_user_filter (class=org.apache.hadoop.http.lib.StaticUserWebFilter$StaticUserFilter) to context logs
2019-10-07 08:28:04,706 [main] INFO  server.StorageContainerManager (StorageContainerManager.java:start(770)) - StorageContainerLocationProtocol RPC server is listening at /0.0.0.0:34238
2019-10-07 08:28:04,708 [main] WARN  impl.MetricsConfig (MetricsConfig.java:loadFirst(134)) - Cannot locate configuration: tried hadoop-metrics2-storagecontainermanager.properties,hadoop-metrics2.properties
2019-10-07 08:28:04,709 [main] INFO  impl.MetricsSystemImpl (MetricsSystemImpl.java:startTimer(374)) - Scheduled Metric snapshot period at 10 second(s).
2019-10-07 08:28:04,709 [main] INFO  impl.MetricsSystemImpl (MetricsSystemImpl.java:start(191)) - StorageContainerManager metrics system started
2019-10-07 08:28:04,739 [main] WARN  impl.MetricsSystemImpl (MetricsSystemImpl.java:register(276)) - Sink prometheus already exists!
2019-10-07 08:28:04,743 [main] INFO  server.SCMClientProtocolServer (SCMClientProtocolServer.java:start(159)) - RPC server for Client  is listening at /0.0.0.0:34238
2019-10-07 08:28:04,744 [IPC Server Responder] INFO  ipc.Server (Server.java:run(1314)) - IPC Server Responder: starting
2019-10-07 08:28:04,744 [IPC Server listener on 34238] INFO  ipc.Server (Server.java:run(1153)) - IPC Server listener on 34238: starting
2019-10-07 08:28:04,747 [main] INFO  server.StorageContainerManager (StorageContainerManager.java:start(780)) - ScmBlockLocationProtocol RPC server is listening at /0.0.0.0:46006
2019-10-07 08:28:04,747 [main] INFO  server.SCMBlockProtocolServer (SCMBlockProtocolServer.java:start(146)) - RPC server for Block Protocol is listening at /0.0.0.0:46006
2019-10-07 08:28:04,747 [IPC Server Responder] INFO  ipc.Server (Server.java:run(1314)) - IPC Server Responder: starting
2019-10-07 08:28:04,748 [IPC Server listener on 46006] INFO  ipc.Server (Server.java:run(1153)) - IPC Server listener on 46006: starting
2019-10-07 08:28:04,750 [main] INFO  server.StorageContainerManager (StorageContainerManager.java:start(784)) - ScmDatanodeProtocl RPC server is listening at /0.0.0.0:45755
2019-10-07 08:28:04,750 [main] INFO  server.SCMDatanodeProtocolServer (SCMDatanodeProtocolServer.java:start(169)) - RPC server for DataNodes is listening at /0.0.0.0:45755
2019-10-07 08:28:04,751 [IPC Server Responder] INFO  ipc.Server (Server.java:run(1314)) - IPC Server Responder: starting
2019-10-07 08:28:04,751 [IPC Server listener on 45755] INFO  ipc.Server (Server.java:run(1153)) - IPC Server listener on 45755: starting
2019-10-07 08:28:04,753 [main] INFO  http.HttpServer2 (HttpServer2.java:bindListener(1191)) - Jetty bound to port 37645
2019-10-07 08:28:04,754 [main] INFO  server.Server (Server.java:doStart(351)) - jetty-9.3.25.v20180904, build timestamp: 2018-09-04T21:11:46Z, git hash: 3ce520221d0240229c862b122d2b06c12a625732
2019-10-07 08:28:04,755 [main] INFO  handler.ContextHandler (ContextHandler.java:doStart(781)) - Started o.e.j.s.ServletContextHandler@1756f7cc{/logs,file:///workdir/hadoop-ozone/integration-test/target/log,AVAILABLE}
2019-10-07 08:28:04,756 [main] INFO  handler.ContextHandler (ContextHandler.java:doStart(781)) - Started o.e.j.s.ServletContextHandler@27df95e{/static,file:///workdir/hadoop-ozone/integration-test/target/test-classes/webapps/static,AVAILABLE}
2019-10-07 08:28:04,760 [main] INFO  handler.ContextHandler (ContextHandler.java:doStart(781)) - Started o.e.j.w.WebAppContext@7ed3df3b{/,file:///workdir/hadoop-ozone/integration-test/target/test-classes/webapps/scm/,AVAILABLE}{/scm}
2019-10-07 08:28:04,760 [main] INFO  server.AbstractConnector (AbstractConnector.java:doStart(278)) - Started ServerConnector@465b38e6{HTTP/1.1,[http/1.1]}{0.0.0.0:37645}
2019-10-07 08:28:04,761 [main] INFO  server.Server (Server.java:doStart(419)) - Started @46117ms
2019-10-07 08:28:04,761 [main] WARN  impl.MetricsSystemImpl (MetricsSystemImpl.java:register(276)) - Sink prometheus already exists!
2019-10-07 08:28:04,761 [main] INFO  server.BaseHttpServer (BaseHttpServer.java:updateConnectorAddress(215)) - HTTP server of SCM is listening at http://0.0.0.0:37645
2019-10-07 08:28:04,762 [main] WARN  server.ServerUtils (ServerUtils.java:getDBPath(222)) - ozone.om.db.dirs is not configured. We recommend adding this setting. Falling back to ozone.metadata.dirs instead.
2019-10-07 08:28:04,762 [org.apache.hadoop.util.JvmPauseMonitor$Monitor@1b13467c] INFO  util.JvmPauseMonitor (JvmPauseMonitor.java:run(188)) - Starting JVM pause monitor
2019-10-07 08:28:04,798 [main] INFO  ha.OMHANodeDetails (OMHANodeDetails.java:loadOMHAConfig(190)) - Configuration either no ozone.om.address set. Falling back to the default OM address /127.0.0.1:0
2019-10-07 08:28:04,799 [main] INFO  ha.OMHANodeDetails (OMHANodeDetails.java:getOMNodeDetails(220)) - OM Service ID is not set. Setting it to the default ID: omServiceIdDefault
2019-10-07 08:28:04,799 [main] WARN  server.ServerUtils (ServerUtils.java:getDBPath(222)) - ozone.om.db.dirs is not configured. We recommend adding this setting. Falling back to ozone.metadata.dirs instead.
2019-10-07 08:28:04,799 [main] WARN  server.ServerUtils (ServerUtils.java:getDBPath(222)) - ozone.om.db.dirs is not configured. We recommend adding this setting. Falling back to ozone.metadata.dirs instead.
2019-10-07 08:28:04,806 [main] WARN  server.ServerUtils (ServerUtils.java:getDBPath(222)) - ozone.om.db.dirs is not configured. We recommend adding this setting. Falling back to ozone.metadata.dirs instead.
2019-10-07 08:28:04,806 [main] INFO  db.DBStoreBuilder (DBStoreBuilder.java:addTable(117)) - using custom profile for table: userTable
2019-10-07 08:28:04,806 [main] INFO  db.DBStoreBuilder (DBStoreBuilder.java:processTables(168)) - Using default column profile:DBProfile.DISK for Table:userTable
2019-10-07 08:28:04,807 [main] INFO  db.DBStoreBuilder (DBStoreBuilder.java:addTable(117)) - using custom profile for table: volumeTable
2019-10-07 08:28:04,807 [main] INFO  db.DBStoreBuilder (DBStoreBuilder.java:processTables(168)) - Using default column profile:DBProfile.DISK for Table:volumeTable
2019-10-07 08:28:04,807 [main] INFO  db.DBStoreBuilder (DBStoreBuilder.java:addTable(117)) - using custom profile for table: bucketTable
2019-10-07 08:28:04,807 [main] INFO  db.DBStoreBuilder (DBStoreBuilder.java:processTables(168)) - Using default column profile:DBProfile.DISK for Table:bucketTable
2019-10-07 08:28:04,808 [main] INFO  db.DBStoreBuilder (DBStoreBuilder.java:addTable(117)) - using custom profile for table: keyTable
2019-10-07 08:28:04,808 [main] INFO  db.DBStoreBuilder (DBStoreBuilder.java:processTables(168)) - Using default column profile:DBProfile.DISK for Table:keyTable
2019-10-07 08:28:04,808 [main] INFO  db.DBStoreBuilder (DBStoreBuilder.java:addTable(117)) - using custom profile for table: deletedTable
2019-10-07 08:28:04,808 [main] INFO  db.DBStoreBuilder (DBStoreBuilder.java:processTables(168)) - Using default column profile:DBProfile.DISK for Table:deletedTable
2019-10-07 08:28:04,809 [main] INFO  db.DBStoreBuilder (DBStoreBuilder.java:addTable(117)) - using custom profile for table: openKeyTable
2019-10-07 08:28:04,809 [main] INFO  db.DBStoreBuilder (DBStoreBuilder.java:processTables(168)) - Using default column profile:DBProfile.DISK for Table:openKeyTable
2019-10-07 08:28:04,809 [main] INFO  db.DBStoreBuilder (DBStoreBuilder.java:addTable(117)) - using custom profile for table: s3Table
2019-10-07 08:28:04,810 [main] INFO  db.DBStoreBuilder (DBStoreBuilder.java:processTables(168)) - Using default column profile:DBProfile.DISK for Table:s3Table
2019-10-07 08:28:04,810 [main] INFO  db.DBStoreBuilder (DBStoreBuilder.java:addTable(117)) - using custom profile for table: multipartInfoTable
2019-10-07 08:28:04,810 [main] INFO  db.DBStoreBuilder (DBStoreBuilder.java:processTables(168)) - Using default column profile:DBProfile.DISK for Table:multipartInfoTable
2019-10-07 08:28:04,811 [main] INFO  db.DBStoreBuilder (DBStoreBuilder.java:addTable(117)) - using custom profile for table: dTokenTable
2019-10-07 08:28:04,811 [main] INFO  db.DBStoreBuilder (DBStoreBuilder.java:processTables(168)) - Using default column profile:DBProfile.DISK for Table:dTokenTable
2019-10-07 08:28:04,811 [main] INFO  db.DBStoreBuilder (DBStoreBuilder.java:addTable(117)) - using custom profile for table: s3SecretTable
2019-10-07 08:28:04,811 [main] INFO  db.DBStoreBuilder (DBStoreBuilder.java:processTables(168)) - Using default column profile:DBProfile.DISK for Table:s3SecretTable
2019-10-07 08:28:04,812 [main] INFO  db.DBStoreBuilder (DBStoreBuilder.java:addTable(117)) - using custom profile for table: prefixTable
2019-10-07 08:28:04,812 [main] INFO  db.DBStoreBuilder (DBStoreBuilder.java:processTables(168)) - Using default column profile:DBProfile.DISK for Table:prefixTable
2019-10-07 08:28:04,812 [main] INFO  db.DBStoreBuilder (DBStoreBuilder.java:addTable(117)) - using custom profile for table: default
2019-10-07 08:28:04,812 [main] INFO  db.DBStoreBuilder (DBStoreBuilder.java:processTables(174)) - Using default column profile:DBProfile.DISK for Table:default
2019-10-07 08:28:04,813 [main] INFO  db.DBStoreBuilder (DBStoreBuilder.java:getDbProfile(205)) - Using default options. DBProfile.DISK
2019-10-07 08:28:05,680 [main] INFO  ipc.CallQueueManager (CallQueueManager.java:<init>(84)) - Using callQueue: class java.util.concurrent.LinkedBlockingQueue, queueCapacity: 2000, scheduler: class org.apache.hadoop.ipc.DefaultRpcScheduler, ipcBackoff: false.
2019-10-07 08:28:05,681 [Socket Reader #1 for port 33933] INFO  ipc.Server (Server.java:run(1074)) - Starting Socket Reader #1 for port 33933
2019-10-07 08:28:05,696 [main] INFO  om.OzoneManager (OzoneManager.java:start(1069)) - OzoneManager RPC server is listening at localhost/127.0.0.1:33933
2019-10-07 08:28:05,696 [main] INFO  impl.MetricsSystemImpl (MetricsSystemImpl.java:init(158)) - OzoneManager metrics system started (again)
2019-10-07 08:28:05,697 [IPC Server Responder] INFO  ipc.Server (Server.java:run(1314)) - IPC Server Responder: starting
2019-10-07 08:28:05,698 [IPC Server listener on 33933] INFO  ipc.Server (Server.java:run(1153)) - IPC Server listener on 33933: starting
2019-10-07 08:28:05,703 [main] INFO  hdfs.DFSUtil (DFSUtil.java:httpServerTemplateForNNAndJN(1641)) - Starting Web-server for ozoneManager at: http://0.0.0.0:0
2019-10-07 08:28:05,704 [main] INFO  server.AuthenticationFilter (AuthenticationFilter.java:constructSecretProvider(240)) - Unable to initialize FileSignerSecretProvider, falling back to use random secrets.
2019-10-07 08:28:05,704 [main] WARN  http.HttpRequestLog (HttpRequestLog.java:getRequestLog(97)) - Jetty request log can only be enabled using Log4j
2019-10-07 08:28:05,706 [main] INFO  http.HttpServer2 (HttpServer2.java:addGlobalFilter(975)) - Added global filter 'safety' (class=org.apache.hadoop.http.HttpServer2$QuotingInputFilter)
2019-10-07 08:28:05,706 [main] INFO  http.HttpServer2 (HttpServer2.java:addFilter(948)) - Added filter static_user_filter (class=org.apache.hadoop.http.lib.StaticUserWebFilter$StaticUserFilter) to context ozoneManager
2019-10-07 08:28:05,706 [main] INFO  http.HttpServer2 (HttpServer2.java:addFilter(958)) - Added filter static_user_filter (class=org.apache.hadoop.http.lib.StaticUserWebFilter$StaticUserFilter) to context static
2019-10-07 08:28:05,707 [main] INFO  http.HttpServer2 (HttpServer2.java:addFilter(958)) - Added filter static_user_filter (class=org.apache.hadoop.http.lib.StaticUserWebFilter$StaticUserFilter) to context logs
2019-10-07 08:28:05,707 [main] INFO  http.HttpServer2 (HttpServer2.java:bindListener(1191)) - Jetty bound to port 43171
2019-10-07 08:28:05,707 [main] INFO  server.Server (Server.java:doStart(351)) - jetty-9.3.25.v20180904, build timestamp: 2018-09-04T21:11:46Z, git hash: 3ce520221d0240229c862b122d2b06c12a625732
2019-10-07 08:28:05,709 [main] INFO  handler.ContextHandler (ContextHandler.java:doStart(781)) - Started o.e.j.s.ServletContextHandler@6690b9fa{/logs,file:///workdir/hadoop-ozone/integration-test/target/log,AVAILABLE}
2019-10-07 08:28:05,710 [main] INFO  handler.ContextHandler (ContextHandler.java:doStart(781)) - Started o.e.j.s.ServletContextHandler@493b01ef{/static,file:///workdir/hadoop-ozone/integration-test/target/test-classes/webapps/static,AVAILABLE}
2019-10-07 08:28:05,714 [main] INFO  handler.ContextHandler (ContextHandler.java:doStart(781)) - Started o.e.j.w.WebAppContext@3ba0ae41{/,file:///workdir/hadoop-ozone/integration-test/target/test-classes/webapps/ozoneManager/,AVAILABLE}{/ozoneManager}
2019-10-07 08:28:05,714 [main] INFO  server.AbstractConnector (AbstractConnector.java:doStart(278)) - Started ServerConnector@76fe6cdc{HTTP/1.1,[http/1.1]}{0.0.0.0:43171}
2019-10-07 08:28:05,715 [main] INFO  server.Server (Server.java:doStart(419)) - Started @47071ms
2019-10-07 08:28:05,715 [main] WARN  impl.MetricsSystemImpl (MetricsSystemImpl.java:register(276)) - Sink prometheus already exists!
2019-10-07 08:28:05,716 [main] INFO  server.BaseHttpServer (BaseHttpServer.java:updateConnectorAddress(215)) - HTTP server of OZONEMANAGER is listening at http://0.0.0.0:43171
2019-10-07 08:28:05,735 [main] INFO  impl.MetricsSystemImpl (MetricsSystemImpl.java:init(158)) - HddsDatanode metrics system started (again)
2019-10-07 08:28:05,737 [main] INFO  ozone.HddsDatanodeService (HddsDatanodeService.java:start(184)) - HddsDatanodeService host:pr-hdds-2238-79fll-759901082 ip:192.168.164.213
2019-10-07 08:28:05,743 [main] INFO  volume.HddsVolume (HddsVolume.java:<init>(176)) - Creating Volume: /workdir/hadoop-ozone/integration-test/target/test-dir/MiniOzoneClusterImpl-d41106c3-64a1-4add-af3d-d5cb16e1af83/datanode-0/data/containers/hdds of  storage type : DISK and capacity : 1482555576320
2019-10-07 08:28:05,744 [main] INFO  volume.VolumeSet (VolumeSet.java:initializeVolumeSet(170)) - Added Volume : /workdir/hadoop-ozone/integration-test/target/test-dir/MiniOzoneClusterImpl-d41106c3-64a1-4add-af3d-d5cb16e1af83/datanode-0/data/containers/hdds to VolumeSet
2019-10-07 08:28:05,744 [main] INFO  volume.ThrottledAsyncChecker (ThrottledAsyncChecker.java:schedule(139)) - Scheduling a check for org.apache.hadoop.ozone.container.common.volume.HddsVolume@1668919e
2019-10-07 08:28:05,744 [main] INFO  volume.HddsVolumeChecker (HddsVolumeChecker.java:checkAllVolumes(202)) - Scheduled health check for volume org.apache.hadoop.ozone.container.common.volume.HddsVolume@1668919e
2019-10-07 08:28:05,757 [main] INFO  impl.RaftServerProxy (ConfUtils.java:logGet(43)) - raft.rpc.type = GRPC (default)
2019-10-07 08:28:05,757 [main] INFO  grpc.GrpcFactory (GrpcFactory.java:checkPooledByteBufAllocatorUseCacheForAllThreads(45)) - PERFORMANCE WARNING: useCacheForAllThreads is true that may cause Netty to create a lot garbage objects and, as a result, trigger GC.
	It is recommended to disable useCacheForAllThreads by setting -Dorg.apache.ratis.thirdparty.io.netty.allocator.useCacheForAllThreads=false in command line.
2019-10-07 08:28:05,758 [main] INFO  grpc.GrpcConfigKeys$Server (ConfUtils.java:logGet(43)) - raft.grpc.server.port = 0 (default)
2019-10-07 08:28:05,758 [main] INFO  server.GrpcService (ConfUtils.java:logGet(43)) - raft.grpc.message.size.max = 33570816 (custom)
2019-10-07 08:28:05,758 [main] INFO  server.RaftServerConfigKeys (ConfUtils.java:logGet(43)) - raft.server.log.appender.buffer.byte-limit = 33554432 (custom)
2019-10-07 08:28:05,758 [main] INFO  server.GrpcService (ConfUtils.java:logGet(43)) - raft.grpc.flow.control.window = 1MB (=1048576) (default)
2019-10-07 08:28:05,759 [main] INFO  server.RaftServerConfigKeys (ConfUtils.java:logGet(43)) - raft.server.rpc.request.timeout = 3000ms (default)
2019-10-07 08:28:05,759 [main] INFO  server.RaftServerConfigKeys (ConfUtils.java:logGet(43)) - raft.server.storage.dir = [/workdir/hadoop-ozone/integration-test/target/test-dir/MiniOzoneClusterImpl-d41106c3-64a1-4add-af3d-d5cb16e1af83/datanode-0/data/ratis] (custom)
2019-10-07 08:28:05,761 [main] INFO  hdfs.DFSUtil (DFSUtil.java:httpServerTemplateForNNAndJN(1641)) - Starting Web-server for hddsDatanode at: http://0.0.0.0:0
2019-10-07 08:28:05,762 [main] INFO  server.AuthenticationFilter (AuthenticationFilter.java:constructSecretProvider(240)) - Unable to initialize FileSignerSecretProvider, falling back to use random secrets.
2019-10-07 08:28:05,763 [main] WARN  http.HttpRequestLog (HttpRequestLog.java:getRequestLog(97)) - Jetty request log can only be enabled using Log4j
2019-10-07 08:28:05,764 [main] INFO  http.HttpServer2 (HttpServer2.java:addGlobalFilter(975)) - Added global filter 'safety' (class=org.apache.hadoop.http.HttpServer2$QuotingInputFilter)
2019-10-07 08:28:05,765 [main] INFO  http.HttpServer2 (HttpServer2.java:addFilter(948)) - Added filter static_user_filter (class=org.apache.hadoop.http.lib.StaticUserWebFilter$StaticUserFilter) to context hddsDatanode
2019-10-07 08:28:05,765 [main] INFO  http.HttpServer2 (HttpServer2.java:addFilter(958)) - Added filter static_user_filter (class=org.apache.hadoop.http.lib.StaticUserWebFilter$StaticUserFilter) to context logs
2019-10-07 08:28:05,765 [main] INFO  http.HttpServer2 (HttpServer2.java:addFilter(958)) - Added filter static_user_filter (class=org.apache.hadoop.http.lib.StaticUserWebFilter$StaticUserFilter) to context static
2019-10-07 08:28:05,766 [main] INFO  http.HttpServer2 (HttpServer2.java:bindListener(1191)) - Jetty bound to port 37908
2019-10-07 08:28:05,766 [main] INFO  server.Server (Server.java:doStart(351)) - jetty-9.3.25.v20180904, build timestamp: 2018-09-04T21:11:46Z, git hash: 3ce520221d0240229c862b122d2b06c12a625732
2019-10-07 08:28:05,767 [main] INFO  handler.ContextHandler (ContextHandler.java:doStart(781)) - Started o.e.j.s.ServletContextHandler@5e99b9c{/logs,file:///workdir/hadoop-ozone/integration-test/target/log,AVAILABLE}
2019-10-07 08:28:05,768 [main] INFO  handler.ContextHandler (ContextHandler.java:doStart(781)) - Started o.e.j.s.ServletContextHandler@1c3259fa{/static,jar:file:/home/user/.m2/repository/org/apache/hadoop/hadoop-hdds-container-service/0.5.0-SNAPSHOT/hadoop-hdds-container-service-0.5.0-SNAPSHOT.jar!/webapps/static,AVAILABLE}
2019-10-07 08:28:05,798 [main] INFO  handler.ContextHandler (ContextHandler.java:doStart(781)) - Started o.e.j.w.WebAppContext@20eaeaf8{/,file:///tmp/jetty-0.0.0.0-37908-hddsDatanode-_-any-2955679608014135569.dir/webapp/,AVAILABLE}{/hddsDatanode}
2019-10-07 08:28:05,799 [main] INFO  server.AbstractConnector (AbstractConnector.java:doStart(278)) - Started ServerConnector@748ac6f3{HTTP/1.1,[http/1.1]}{0.0.0.0:37908}
2019-10-07 08:28:05,800 [main] INFO  server.Server (Server.java:doStart(419)) - Started @47156ms
2019-10-07 08:28:05,800 [main] WARN  impl.MetricsSystemImpl (MetricsSystemImpl.java:register(276)) - Sink prometheus already exists!
2019-10-07 08:28:05,801 [main] INFO  server.BaseHttpServer (BaseHttpServer.java:updateConnectorAddress(215)) - HTTP server of HDDSDATANODE is listening at http://0.0.0.0:37908
2019-10-07 08:28:05,801 [main] INFO  impl.MetricsSystemImpl (MetricsSystemImpl.java:init(158)) - HddsDatanode metrics system started (again)
2019-10-07 08:28:05,805 [org.apache.hadoop.util.JvmPauseMonitor$Monitor@2013600a] INFO  util.JvmPauseMonitor (JvmPauseMonitor.java:run(188)) - Starting JVM pause monitor
2019-10-07 08:28:05,805 [main] INFO  ozone.HddsDatanodeService (HddsDatanodeService.java:start(184)) - HddsDatanodeService host:pr-hdds-2238-79fll-759901082 ip:192.168.164.213
2019-10-07 08:28:05,807 [Datanode State Machine Thread - 0] INFO  datanode.InitDatanodeState (InitDatanodeState.java:persistContainerDatanodeDetails(140)) - DatanodeDetails is persisted to /workdir/hadoop-ozone/integration-test/target/test-dir/MiniOzoneClusterImpl-d41106c3-64a1-4add-af3d-d5cb16e1af83/datanode-0/meta/datanode.id
2019-10-07 08:28:05,810 [main] INFO  volume.HddsVolume (HddsVolume.java:<init>(176)) - Creating Volume: /workdir/hadoop-ozone/integration-test/target/test-dir/MiniOzoneClusterImpl-d41106c3-64a1-4add-af3d-d5cb16e1af83/datanode-1/data/containers/hdds of  storage type : DISK and capacity : 1482555576320
2019-10-07 08:28:05,810 [main] INFO  volume.VolumeSet (VolumeSet.java:initializeVolumeSet(170)) - Added Volume : /workdir/hadoop-ozone/integration-test/target/test-dir/MiniOzoneClusterImpl-d41106c3-64a1-4add-af3d-d5cb16e1af83/datanode-1/data/containers/hdds to VolumeSet
2019-10-07 08:28:05,810 [main] INFO  volume.ThrottledAsyncChecker (ThrottledAsyncChecker.java:schedule(139)) - Scheduling a check for org.apache.hadoop.ozone.container.common.volume.HddsVolume@54e12f4c
2019-10-07 08:28:05,811 [main] INFO  volume.HddsVolumeChecker (HddsVolumeChecker.java:checkAllVolumes(202)) - Scheduled health check for volume org.apache.hadoop.ozone.container.common.volume.HddsVolume@54e12f4c
2019-10-07 08:28:05,825 [main] INFO  impl.RaftServerProxy (ConfUtils.java:logGet(43)) - raft.rpc.type = GRPC (default)
2019-10-07 08:28:05,825 [main] INFO  grpc.GrpcFactory (GrpcFactory.java:checkPooledByteBufAllocatorUseCacheForAllThreads(45)) - PERFORMANCE WARNING: useCacheForAllThreads is true that may cause Netty to create a lot garbage objects and, as a result, trigger GC.
	It is recommended to disable useCacheForAllThreads by setting -Dorg.apache.ratis.thirdparty.io.netty.allocator.useCacheForAllThreads=false in command line.
2019-10-07 08:28:05,825 [main] INFO  grpc.GrpcConfigKeys$Server (ConfUtils.java:logGet(43)) - raft.grpc.server.port = 0 (default)
2019-10-07 08:28:05,825 [main] INFO  server.GrpcService (ConfUtils.java:logGet(43)) - raft.grpc.message.size.max = 33570816 (custom)
2019-10-07 08:28:05,826 [main] INFO  server.RaftServerConfigKeys (ConfUtils.java:logGet(43)) - raft.server.log.appender.buffer.byte-limit = 33554432 (custom)
2019-10-07 08:28:05,826 [main] INFO  server.GrpcService (ConfUtils.java:logGet(43)) - raft.grpc.flow.control.window = 1MB (=1048576) (default)
2019-10-07 08:28:05,826 [main] INFO  server.RaftServerConfigKeys (ConfUtils.java:logGet(43)) - raft.server.rpc.request.timeout = 3000ms (default)
2019-10-07 08:28:05,827 [main] INFO  server.RaftServerConfigKeys (ConfUtils.java:logGet(43)) - raft.server.storage.dir = [/workdir/hadoop-ozone/integration-test/target/test-dir/MiniOzoneClusterImpl-d41106c3-64a1-4add-af3d-d5cb16e1af83/datanode-1/data/ratis] (custom)
2019-10-07 08:28:05,829 [main] INFO  hdfs.DFSUtil (DFSUtil.java:httpServerTemplateForNNAndJN(1641)) - Starting Web-server for hddsDatanode at: http://0.0.0.0:0
2019-10-07 08:28:05,830 [main] INFO  server.AuthenticationFilter (AuthenticationFilter.java:constructSecretProvider(240)) - Unable to initialize FileSignerSecretProvider, falling back to use random secrets.
2019-10-07 08:28:05,830 [main] WARN  http.HttpRequestLog (HttpRequestLog.java:getRequestLog(97)) - Jetty request log can only be enabled using Log4j
2019-10-07 08:28:05,832 [main] INFO  http.HttpServer2 (HttpServer2.java:addGlobalFilter(975)) - Added global filter 'safety' (class=org.apache.hadoop.http.HttpServer2$QuotingInputFilter)
2019-10-07 08:28:05,832 [main] INFO  http.HttpServer2 (HttpServer2.java:addFilter(948)) - Added filter static_user_filter (class=org.apache.hadoop.http.lib.StaticUserWebFilter$StaticUserFilter) to context hddsDatanode
2019-10-07 08:28:05,832 [main] INFO  http.HttpServer2 (HttpServer2.java:addFilter(958)) - Added filter static_user_filter (class=org.apache.hadoop.http.lib.StaticUserWebFilter$StaticUserFilter) to context static
2019-10-07 08:28:05,832 [main] INFO  http.HttpServer2 (HttpServer2.java:addFilter(958)) - Added filter static_user_filter (class=org.apache.hadoop.http.lib.StaticUserWebFilter$StaticUserFilter) to context logs
2019-10-07 08:28:05,833 [main] INFO  http.HttpServer2 (HttpServer2.java:bindListener(1191)) - Jetty bound to port 46578
2019-10-07 08:28:05,833 [main] INFO  server.Server (Server.java:doStart(351)) - jetty-9.3.25.v20180904, build timestamp: 2018-09-04T21:11:46Z, git hash: 3ce520221d0240229c862b122d2b06c12a625732
2019-10-07 08:28:05,834 [main] INFO  handler.ContextHandler (ContextHandler.java:doStart(781)) - Started o.e.j.s.ServletContextHandler@124dac75{/logs,file:///workdir/hadoop-ozone/integration-test/target/log,AVAILABLE}
2019-10-07 08:28:05,835 [main] INFO  handler.ContextHandler (ContextHandler.java:doStart(781)) - Started o.e.j.s.ServletContextHandler@7b61bf11{/static,jar:file:/home/user/.m2/repository/org/apache/hadoop/hadoop-hdds-container-service/0.5.0-SNAPSHOT/hadoop-hdds-container-service-0.5.0-SNAPSHOT.jar!/webapps/static,AVAILABLE}
2019-10-07 08:28:05,864 [main] INFO  handler.ContextHandler (ContextHandler.java:doStart(781)) - Started o.e.j.w.WebAppContext@40de8f93{/,file:///tmp/jetty-0.0.0.0-46578-hddsDatanode-_-any-6163182850253446084.dir/webapp/,AVAILABLE}{/hddsDatanode}
2019-10-07 08:28:05,865 [main] INFO  server.AbstractConnector (AbstractConnector.java:doStart(278)) - Started ServerConnector@6ff0b1cc{HTTP/1.1,[http/1.1]}{0.0.0.0:46578}
2019-10-07 08:28:05,866 [main] INFO  server.Server (Server.java:doStart(419)) - Started @47222ms
2019-10-07 08:28:05,866 [main] WARN  impl.MetricsSystemImpl (MetricsSystemImpl.java:register(276)) - Sink prometheus already exists!
2019-10-07 08:28:05,866 [main] INFO  server.BaseHttpServer (BaseHttpServer.java:updateConnectorAddress(215)) - HTTP server of HDDSDATANODE is listening at http://0.0.0.0:46578
2019-10-07 08:28:05,867 [main] INFO  impl.MetricsSystemImpl (MetricsSystemImpl.java:init(158)) - HddsDatanode metrics system started (again)
2019-10-07 08:28:05,871 [main] INFO  ozone.HddsDatanodeService (HddsDatanodeService.java:start(184)) - HddsDatanodeService host:pr-hdds-2238-79fll-759901082 ip:192.168.164.213
2019-10-07 08:28:05,871 [org.apache.hadoop.util.JvmPauseMonitor$Monitor@255d86f2] INFO  util.JvmPauseMonitor (JvmPauseMonitor.java:run(188)) - Starting JVM pause monitor
2019-10-07 08:28:05,874 [Datanode State Machine Thread - 0] INFO  datanode.InitDatanodeState (InitDatanodeState.java:persistContainerDatanodeDetails(140)) - DatanodeDetails is persisted to /workdir/hadoop-ozone/integration-test/target/test-dir/MiniOzoneClusterImpl-d41106c3-64a1-4add-af3d-d5cb16e1af83/datanode-1/meta/datanode.id
2019-10-07 08:28:05,877 [main] INFO  volume.HddsVolume (HddsVolume.java:<init>(176)) - Creating Volume: /workdir/hadoop-ozone/integration-test/target/test-dir/MiniOzoneClusterImpl-d41106c3-64a1-4add-af3d-d5cb16e1af83/datanode-2/data/containers/hdds of  storage type : DISK and capacity : 1482555576320
2019-10-07 08:28:05,877 [main] INFO  volume.VolumeSet (VolumeSet.java:initializeVolumeSet(170)) - Added Volume : /workdir/hadoop-ozone/integration-test/target/test-dir/MiniOzoneClusterImpl-d41106c3-64a1-4add-af3d-d5cb16e1af83/datanode-2/data/containers/hdds to VolumeSet
2019-10-07 08:28:05,877 [main] INFO  volume.ThrottledAsyncChecker (ThrottledAsyncChecker.java:schedule(139)) - Scheduling a check for org.apache.hadoop.ozone.container.common.volume.HddsVolume@502a4156
2019-10-07 08:28:05,878 [main] INFO  volume.HddsVolumeChecker (HddsVolumeChecker.java:checkAllVolumes(202)) - Scheduled health check for volume org.apache.hadoop.ozone.container.common.volume.HddsVolume@502a4156
2019-10-07 08:28:05,895 [main] INFO  impl.RaftServerProxy (ConfUtils.java:logGet(43)) - raft.rpc.type = GRPC (default)
2019-10-07 08:28:05,896 [main] INFO  grpc.GrpcFactory (GrpcFactory.java:checkPooledByteBufAllocatorUseCacheForAllThreads(45)) - PERFORMANCE WARNING: useCacheForAllThreads is true that may cause Netty to create a lot garbage objects and, as a result, trigger GC.
	It is recommended to disable useCacheForAllThreads by setting -Dorg.apache.ratis.thirdparty.io.netty.allocator.useCacheForAllThreads=false in command line.
2019-10-07 08:28:05,896 [main] INFO  grpc.GrpcConfigKeys$Server (ConfUtils.java:logGet(43)) - raft.grpc.server.port = 0 (default)
2019-10-07 08:28:05,896 [main] INFO  server.GrpcService (ConfUtils.java:logGet(43)) - raft.grpc.message.size.max = 33570816 (custom)
2019-10-07 08:28:05,896 [main] INFO  server.RaftServerConfigKeys (ConfUtils.java:logGet(43)) - raft.server.log.appender.buffer.byte-limit = 33554432 (custom)
2019-10-07 08:28:05,897 [main] INFO  server.GrpcService (ConfUtils.java:logGet(43)) - raft.grpc.flow.control.window = 1MB (=1048576) (default)
2019-10-07 08:28:05,897 [main] INFO  server.RaftServerConfigKeys (ConfUtils.java:logGet(43)) - raft.server.rpc.request.timeout = 3000ms (default)
2019-10-07 08:28:05,897 [main] INFO  server.RaftServerConfigKeys (ConfUtils.java:logGet(43)) - raft.server.storage.dir = [/workdir/hadoop-ozone/integration-test/target/test-dir/MiniOzoneClusterImpl-d41106c3-64a1-4add-af3d-d5cb16e1af83/datanode-2/data/ratis] (custom)
2019-10-07 08:28:05,899 [main] INFO  hdfs.DFSUtil (DFSUtil.java:httpServerTemplateForNNAndJN(1641)) - Starting Web-server for hddsDatanode at: http://0.0.0.0:0
2019-10-07 08:28:05,901 [main] INFO  server.AuthenticationFilter (AuthenticationFilter.java:constructSecretProvider(240)) - Unable to initialize FileSignerSecretProvider, falling back to use random secrets.
2019-10-07 08:28:05,901 [main] WARN  http.HttpRequestLog (HttpRequestLog.java:getRequestLog(97)) - Jetty request log can only be enabled using Log4j
2019-10-07 08:28:05,903 [main] INFO  http.HttpServer2 (HttpServer2.java:addGlobalFilter(975)) - Added global filter 'safety' (class=org.apache.hadoop.http.HttpServer2$QuotingInputFilter)
2019-10-07 08:28:05,905 [main] INFO  http.HttpServer2 (HttpServer2.java:addFilter(948)) - Added filter static_user_filter (class=org.apache.hadoop.http.lib.StaticUserWebFilter$StaticUserFilter) to context hddsDatanode
2019-10-07 08:28:05,905 [main] INFO  http.HttpServer2 (HttpServer2.java:addFilter(958)) - Added filter static_user_filter (class=org.apache.hadoop.http.lib.StaticUserWebFilter$StaticUserFilter) to context logs
2019-10-07 08:28:05,905 [main] INFO  http.HttpServer2 (HttpServer2.java:addFilter(958)) - Added filter static_user_filter (class=org.apache.hadoop.http.lib.StaticUserWebFilter$StaticUserFilter) to context static
2019-10-07 08:28:05,906 [main] INFO  http.HttpServer2 (HttpServer2.java:bindListener(1191)) - Jetty bound to port 35987
2019-10-07 08:28:05,906 [main] INFO  server.Server (Server.java:doStart(351)) - jetty-9.3.25.v20180904, build timestamp: 2018-09-04T21:11:46Z, git hash: 3ce520221d0240229c862b122d2b06c12a625732
2019-10-07 08:28:05,908 [main] INFO  handler.ContextHandler (ContextHandler.java:doStart(781)) - Started o.e.j.s.ServletContextHandler@6968bcec{/logs,file:///workdir/hadoop-ozone/integration-test/target/log,AVAILABLE}
2019-10-07 08:28:05,908 [main] INFO  handler.ContextHandler (ContextHandler.java:doStart(781)) - Started o.e.j.s.ServletContextHandler@e784320{/static,jar:file:/home/user/.m2/repository/org/apache/hadoop/hadoop-hdds-container-service/0.5.0-SNAPSHOT/hadoop-hdds-container-service-0.5.0-SNAPSHOT.jar!/webapps/static,AVAILABLE}
2019-10-07 08:28:05,939 [main] INFO  handler.ContextHandler (ContextHandler.java:doStart(781)) - Started o.e.j.w.WebAppContext@31b82e0f{/,file:///tmp/jetty-0.0.0.0-35987-hddsDatanode-_-any-7786181734904583841.dir/webapp/,AVAILABLE}{/hddsDatanode}
2019-10-07 08:28:05,939 [main] INFO  server.AbstractConnector (AbstractConnector.java:doStart(278)) - Started ServerConnector@27a09971{HTTP/1.1,[http/1.1]}{0.0.0.0:35987}
2019-10-07 08:28:05,940 [main] INFO  server.Server (Server.java:doStart(419)) - Started @47296ms
2019-10-07 08:28:05,940 [main] WARN  impl.MetricsSystemImpl (MetricsSystemImpl.java:register(276)) - Sink prometheus already exists!
2019-10-07 08:28:05,941 [main] INFO  server.BaseHttpServer (BaseHttpServer.java:updateConnectorAddress(215)) - HTTP server of HDDSDATANODE is listening at http://0.0.0.0:35987
2019-10-07 08:28:05,941 [main] INFO  impl.MetricsSystemImpl (MetricsSystemImpl.java:init(158)) - HddsDatanode metrics system started (again)
2019-10-07 08:28:05,945 [org.apache.hadoop.util.JvmPauseMonitor$Monitor@777d8249] INFO  util.JvmPauseMonitor (JvmPauseMonitor.java:run(188)) - Starting JVM pause monitor
2019-10-07 08:28:05,945 [main] INFO  ozone.HddsDatanodeService (HddsDatanodeService.java:start(184)) - HddsDatanodeService host:pr-hdds-2238-79fll-759901082 ip:192.168.164.213
2019-10-07 08:28:05,947 [Datanode State Machine Thread - 0] INFO  datanode.InitDatanodeState (InitDatanodeState.java:persistContainerDatanodeDetails(140)) - DatanodeDetails is persisted to /workdir/hadoop-ozone/integration-test/target/test-dir/MiniOzoneClusterImpl-d41106c3-64a1-4add-af3d-d5cb16e1af83/datanode-2/meta/datanode.id
2019-10-07 08:28:05,952 [main] INFO  volume.HddsVolume (HddsVolume.java:<init>(176)) - Creating Volume: /workdir/hadoop-ozone/integration-test/target/test-dir/MiniOzoneClusterImpl-d41106c3-64a1-4add-af3d-d5cb16e1af83/datanode-3/data/containers/hdds of  storage type : DISK and capacity : 1482555576320
2019-10-07 08:28:05,952 [main] INFO  volume.VolumeSet (VolumeSet.java:initializeVolumeSet(170)) - Added Volume : /workdir/hadoop-ozone/integration-test/target/test-dir/MiniOzoneClusterImpl-d41106c3-64a1-4add-af3d-d5cb16e1af83/datanode-3/data/containers/hdds to VolumeSet
2019-10-07 08:28:05,953 [main] INFO  volume.ThrottledAsyncChecker (ThrottledAsyncChecker.java:schedule(139)) - Scheduling a check for org.apache.hadoop.ozone.container.common.volume.HddsVolume@1b410308
2019-10-07 08:28:05,953 [main] INFO  volume.HddsVolumeChecker (HddsVolumeChecker.java:checkAllVolumes(202)) - Scheduled health check for volume org.apache.hadoop.ozone.container.common.volume.HddsVolume@1b410308
2019-10-07 08:28:05,969 [main] INFO  impl.RaftServerProxy (ConfUtils.java:logGet(43)) - raft.rpc.type = GRPC (default)
2019-10-07 08:28:05,970 [main] INFO  grpc.GrpcFactory (GrpcFactory.java:checkPooledByteBufAllocatorUseCacheForAllThreads(45)) - PERFORMANCE WARNING: useCacheForAllThreads is true that may cause Netty to create a lot garbage objects and, as a result, trigger GC.
	It is recommended to disable useCacheForAllThreads by setting -Dorg.apache.ratis.thirdparty.io.netty.allocator.useCacheForAllThreads=false in command line.
2019-10-07 08:28:05,970 [main] INFO  grpc.GrpcConfigKeys$Server (ConfUtils.java:logGet(43)) - raft.grpc.server.port = 0 (default)
2019-10-07 08:28:05,970 [main] INFO  server.GrpcService (ConfUtils.java:logGet(43)) - raft.grpc.message.size.max = 33570816 (custom)
2019-10-07 08:28:05,971 [main] INFO  server.RaftServerConfigKeys (ConfUtils.java:logGet(43)) - raft.server.log.appender.buffer.byte-limit = 33554432 (custom)
2019-10-07 08:28:05,971 [main] INFO  server.GrpcService (ConfUtils.java:logGet(43)) - raft.grpc.flow.control.window = 1MB (=1048576) (default)
2019-10-07 08:28:05,971 [main] INFO  server.RaftServerConfigKeys (ConfUtils.java:logGet(43)) - raft.server.rpc.request.timeout = 3000ms (default)
2019-10-07 08:28:05,972 [main] INFO  server.RaftServerConfigKeys (ConfUtils.java:logGet(43)) - raft.server.storage.dir = [/workdir/hadoop-ozone/integration-test/target/test-dir/MiniOzoneClusterImpl-d41106c3-64a1-4add-af3d-d5cb16e1af83/datanode-3/data/ratis] (custom)
2019-10-07 08:28:05,973 [main] INFO  hdfs.DFSUtil (DFSUtil.java:httpServerTemplateForNNAndJN(1641)) - Starting Web-server for hddsDatanode at: http://0.0.0.0:0
2019-10-07 08:28:05,975 [main] INFO  server.AuthenticationFilter (AuthenticationFilter.java:constructSecretProvider(240)) - Unable to initialize FileSignerSecretProvider, falling back to use random secrets.
2019-10-07 08:28:05,975 [main] WARN  http.HttpRequestLog (HttpRequestLog.java:getRequestLog(97)) - Jetty request log can only be enabled using Log4j
2019-10-07 08:28:05,977 [main] INFO  http.HttpServer2 (HttpServer2.java:addGlobalFilter(975)) - Added global filter 'safety' (class=org.apache.hadoop.http.HttpServer2$QuotingInputFilter)
2019-10-07 08:28:05,977 [main] INFO  http.HttpServer2 (HttpServer2.java:addFilter(948)) - Added filter static_user_filter (class=org.apache.hadoop.http.lib.StaticUserWebFilter$StaticUserFilter) to context hddsDatanode
2019-10-07 08:28:05,977 [main] INFO  http.HttpServer2 (HttpServer2.java:addFilter(958)) - Added filter static_user_filter (class=org.apache.hadoop.http.lib.StaticUserWebFilter$StaticUserFilter) to context static
2019-10-07 08:28:05,978 [main] INFO  http.HttpServer2 (HttpServer2.java:addFilter(958)) - Added filter static_user_filter (class=org.apache.hadoop.http.lib.StaticUserWebFilter$StaticUserFilter) to context logs
2019-10-07 08:28:05,978 [main] INFO  http.HttpServer2 (HttpServer2.java:bindListener(1191)) - Jetty bound to port 38263
2019-10-07 08:28:05,979 [main] INFO  server.Server (Server.java:doStart(351)) - jetty-9.3.25.v20180904, build timestamp: 2018-09-04T21:11:46Z, git hash: 3ce520221d0240229c862b122d2b06c12a625732
2019-10-07 08:28:05,980 [main] INFO  handler.ContextHandler (ContextHandler.java:doStart(781)) - Started o.e.j.s.ServletContextHandler@4debbf0{/logs,file:///workdir/hadoop-ozone/integration-test/target/log,AVAILABLE}
2019-10-07 08:28:05,981 [main] INFO  handler.ContextHandler (ContextHandler.java:doStart(781)) - Started o.e.j.s.ServletContextHandler@60e06f7d{/static,jar:file:/home/user/.m2/repository/org/apache/hadoop/hadoop-hdds-container-service/0.5.0-SNAPSHOT/hadoop-hdds-container-service-0.5.0-SNAPSHOT.jar!/webapps/static,AVAILABLE}
2019-10-07 08:28:06,012 [main] INFO  handler.ContextHandler (ContextHandler.java:doStart(781)) - Started o.e.j.w.WebAppContext@78cfa264{/,file:///tmp/jetty-0.0.0.0-38263-hddsDatanode-_-any-1434473819299752324.dir/webapp/,AVAILABLE}{/hddsDatanode}
2019-10-07 08:28:06,012 [main] INFO  server.AbstractConnector (AbstractConnector.java:doStart(278)) - Started ServerConnector@3408f695{HTTP/1.1,[http/1.1]}{0.0.0.0:38263}
2019-10-07 08:28:06,013 [main] INFO  server.Server (Server.java:doStart(419)) - Started @47370ms
2019-10-07 08:28:06,014 [main] WARN  impl.MetricsSystemImpl (MetricsSystemImpl.java:register(276)) - Sink prometheus already exists!
2019-10-07 08:28:06,014 [main] INFO  server.BaseHttpServer (BaseHttpServer.java:updateConnectorAddress(215)) - HTTP server of HDDSDATANODE is listening at http://0.0.0.0:38263
2019-10-07 08:28:06,015 [main] INFO  impl.MetricsSystemImpl (MetricsSystemImpl.java:init(158)) - HddsDatanode metrics system started (again)
2019-10-07 08:28:06,018 [org.apache.hadoop.util.JvmPauseMonitor$Monitor@4b2bde50] INFO  util.JvmPauseMonitor (JvmPauseMonitor.java:run(188)) - Starting JVM pause monitor
2019-10-07 08:28:06,019 [main] INFO  ozone.HddsDatanodeService (HddsDatanodeService.java:start(184)) - HddsDatanodeService host:pr-hdds-2238-79fll-759901082 ip:192.168.164.213
2019-10-07 08:28:06,021 [Datanode State Machine Thread - 0] INFO  datanode.InitDatanodeState (InitDatanodeState.java:persistContainerDatanodeDetails(140)) - DatanodeDetails is persisted to /workdir/hadoop-ozone/integration-test/target/test-dir/MiniOzoneClusterImpl-d41106c3-64a1-4add-af3d-d5cb16e1af83/datanode-3/meta/datanode.id
2019-10-07 08:28:06,024 [main] INFO  volume.HddsVolume (HddsVolume.java:<init>(176)) - Creating Volume: /workdir/hadoop-ozone/integration-test/target/test-dir/MiniOzoneClusterImpl-d41106c3-64a1-4add-af3d-d5cb16e1af83/datanode-4/data/containers/hdds of  storage type : DISK and capacity : 1482555576320
2019-10-07 08:28:06,024 [main] INFO  volume.VolumeSet (VolumeSet.java:initializeVolumeSet(170)) - Added Volume : /workdir/hadoop-ozone/integration-test/target/test-dir/MiniOzoneClusterImpl-d41106c3-64a1-4add-af3d-d5cb16e1af83/datanode-4/data/containers/hdds to VolumeSet
2019-10-07 08:28:06,024 [main] INFO  volume.ThrottledAsyncChecker (ThrottledAsyncChecker.java:schedule(139)) - Scheduling a check for org.apache.hadoop.ozone.container.common.volume.HddsVolume@405b6d75
2019-10-07 08:28:06,025 [main] INFO  volume.HddsVolumeChecker (HddsVolumeChecker.java:checkAllVolumes(202)) - Scheduled health check for volume org.apache.hadoop.ozone.container.common.volume.HddsVolume@405b6d75
2019-10-07 08:28:06,039 [main] INFO  impl.RaftServerProxy (ConfUtils.java:logGet(43)) - raft.rpc.type = GRPC (default)
2019-10-07 08:28:06,039 [main] INFO  grpc.GrpcFactory (GrpcFactory.java:checkPooledByteBufAllocatorUseCacheForAllThreads(45)) - PERFORMANCE WARNING: useCacheForAllThreads is true that may cause Netty to create a lot garbage objects and, as a result, trigger GC.
	It is recommended to disable useCacheForAllThreads by setting -Dorg.apache.ratis.thirdparty.io.netty.allocator.useCacheForAllThreads=false in command line.
2019-10-07 08:28:06,040 [main] INFO  grpc.GrpcConfigKeys$Server (ConfUtils.java:logGet(43)) - raft.grpc.server.port = 0 (default)
2019-10-07 08:28:06,040 [main] INFO  server.GrpcService (ConfUtils.java:logGet(43)) - raft.grpc.message.size.max = 33570816 (custom)
2019-10-07 08:28:06,040 [main] INFO  server.RaftServerConfigKeys (ConfUtils.java:logGet(43)) - raft.server.log.appender.buffer.byte-limit = 33554432 (custom)
2019-10-07 08:28:06,040 [main] INFO  server.GrpcService (ConfUtils.java:logGet(43)) - raft.grpc.flow.control.window = 1MB (=1048576) (default)
2019-10-07 08:28:06,040 [main] INFO  server.RaftServerConfigKeys (ConfUtils.java:logGet(43)) - raft.server.rpc.request.timeout = 3000ms (default)
2019-10-07 08:28:06,041 [main] INFO  server.RaftServerConfigKeys (ConfUtils.java:logGet(43)) - raft.server.storage.dir = [/workdir/hadoop-ozone/integration-test/target/test-dir/MiniOzoneClusterImpl-d41106c3-64a1-4add-af3d-d5cb16e1af83/datanode-4/data/ratis] (custom)
2019-10-07 08:28:06,042 [main] INFO  hdfs.DFSUtil (DFSUtil.java:httpServerTemplateForNNAndJN(1641)) - Starting Web-server for hddsDatanode at: http://0.0.0.0:0
2019-10-07 08:28:06,043 [main] INFO  server.AuthenticationFilter (AuthenticationFilter.java:constructSecretProvider(240)) - Unable to initialize FileSignerSecretProvider, falling back to use random secrets.
2019-10-07 08:28:06,044 [main] WARN  http.HttpRequestLog (HttpRequestLog.java:getRequestLog(97)) - Jetty request log can only be enabled using Log4j
2019-10-07 08:28:06,045 [main] INFO  http.HttpServer2 (HttpServer2.java:addGlobalFilter(975)) - Added global filter 'safety' (class=org.apache.hadoop.http.HttpServer2$QuotingInputFilter)
2019-10-07 08:28:06,046 [main] INFO  http.HttpServer2 (HttpServer2.java:addFilter(948)) - Added filter static_user_filter (class=org.apache.hadoop.http.lib.StaticUserWebFilter$StaticUserFilter) to context hddsDatanode
2019-10-07 08:28:06,046 [main] INFO  http.HttpServer2 (HttpServer2.java:addFilter(958)) - Added filter static_user_filter (class=org.apache.hadoop.http.lib.StaticUserWebFilter$StaticUserFilter) to context logs
2019-10-07 08:28:06,046 [main] INFO  http.HttpServer2 (HttpServer2.java:addFilter(958)) - Added filter static_user_filter (class=org.apache.hadoop.http.lib.StaticUserWebFilter$StaticUserFilter) to context static
2019-10-07 08:28:06,047 [main] INFO  http.HttpServer2 (HttpServer2.java:bindListener(1191)) - Jetty bound to port 40312
2019-10-07 08:28:06,047 [main] INFO  server.Server (Server.java:doStart(351)) - jetty-9.3.25.v20180904, build timestamp: 2018-09-04T21:11:46Z, git hash: 3ce520221d0240229c862b122d2b06c12a625732
2019-10-07 08:28:06,049 [main] INFO  handler.ContextHandler (ContextHandler.java:doStart(781)) - Started o.e.j.s.ServletContextHandler@7af52ec7{/logs,file:///workdir/hadoop-ozone/integration-test/target/log,AVAILABLE}
2019-10-07 08:28:06,050 [main] INFO  handler.ContextHandler (ContextHandler.java:doStart(781)) - Started o.e.j.s.ServletContextHandler@12c0c0b3{/static,jar:file:/home/user/.m2/repository/org/apache/hadoop/hadoop-hdds-container-service/0.5.0-SNAPSHOT/hadoop-hdds-container-service-0.5.0-SNAPSHOT.jar!/webapps/static,AVAILABLE}
2019-10-07 08:28:06,082 [main] INFO  handler.ContextHandler (ContextHandler.java:doStart(781)) - Started o.e.j.w.WebAppContext@7c281eb8{/,file:///tmp/jetty-0.0.0.0-40312-hddsDatanode-_-any-7732936349315764785.dir/webapp/,AVAILABLE}{/hddsDatanode}
2019-10-07 08:28:06,082 [main] INFO  server.AbstractConnector (AbstractConnector.java:doStart(278)) - Started ServerConnector@65f40689{HTTP/1.1,[http/1.1]}{0.0.0.0:40312}
2019-10-07 08:28:06,083 [main] INFO  server.Server (Server.java:doStart(419)) - Started @47439ms
2019-10-07 08:28:06,083 [main] WARN  impl.MetricsSystemImpl (MetricsSystemImpl.java:register(276)) - Sink prometheus already exists!
2019-10-07 08:28:06,083 [main] INFO  server.BaseHttpServer (BaseHttpServer.java:updateConnectorAddress(215)) - HTTP server of HDDSDATANODE is listening at http://0.0.0.0:40312
2019-10-07 08:28:06,084 [main] INFO  impl.MetricsSystemImpl (MetricsSystemImpl.java:init(158)) - HddsDatanode metrics system started (again)
2019-10-07 08:28:06,089 [main] INFO  ozone.HddsDatanodeService (HddsDatanodeService.java:start(184)) - HddsDatanodeService host:pr-hdds-2238-79fll-759901082 ip:192.168.164.213
2019-10-07 08:28:06,089 [org.apache.hadoop.util.JvmPauseMonitor$Monitor@7cedf405] INFO  util.JvmPauseMonitor (JvmPauseMonitor.java:run(188)) - Starting JVM pause monitor
2019-10-07 08:28:06,090 [Datanode State Machine Thread - 0] INFO  datanode.InitDatanodeState (InitDatanodeState.java:persistContainerDatanodeDetails(140)) - DatanodeDetails is persisted to /workdir/hadoop-ozone/integration-test/target/test-dir/MiniOzoneClusterImpl-d41106c3-64a1-4add-af3d-d5cb16e1af83/datanode-4/meta/datanode.id
2019-10-07 08:28:06,095 [main] INFO  volume.HddsVolume (HddsVolume.java:<init>(176)) - Creating Volume: /workdir/hadoop-ozone/integration-test/target/test-dir/MiniOzoneClusterImpl-d41106c3-64a1-4add-af3d-d5cb16e1af83/datanode-5/data/containers/hdds of  storage type : DISK and capacity : 1482555576320
2019-10-07 08:28:06,095 [main] INFO  volume.VolumeSet (VolumeSet.java:initializeVolumeSet(170)) - Added Volume : /workdir/hadoop-ozone/integration-test/target/test-dir/MiniOzoneClusterImpl-d41106c3-64a1-4add-af3d-d5cb16e1af83/datanode-5/data/containers/hdds to VolumeSet
2019-10-07 08:28:06,095 [main] INFO  volume.ThrottledAsyncChecker (ThrottledAsyncChecker.java:schedule(139)) - Scheduling a check for org.apache.hadoop.ozone.container.common.volume.HddsVolume@448b808a
2019-10-07 08:28:06,096 [main] INFO  volume.HddsVolumeChecker (HddsVolumeChecker.java:checkAllVolumes(202)) - Scheduled health check for volume org.apache.hadoop.ozone.container.common.volume.HddsVolume@448b808a
2019-10-07 08:28:06,107 [main] INFO  impl.RaftServerProxy (ConfUtils.java:logGet(43)) - raft.rpc.type = GRPC (default)
2019-10-07 08:28:06,107 [main] INFO  grpc.GrpcFactory (GrpcFactory.java:checkPooledByteBufAllocatorUseCacheForAllThreads(45)) - PERFORMANCE WARNING: useCacheForAllThreads is true that may cause Netty to create a lot garbage objects and, as a result, trigger GC.
	It is recommended to disable useCacheForAllThreads by setting -Dorg.apache.ratis.thirdparty.io.netty.allocator.useCacheForAllThreads=false in command line.
2019-10-07 08:28:06,108 [main] INFO  grpc.GrpcConfigKeys$Server (ConfUtils.java:logGet(43)) - raft.grpc.server.port = 0 (default)
2019-10-07 08:28:06,108 [main] INFO  server.GrpcService (ConfUtils.java:logGet(43)) - raft.grpc.message.size.max = 33570816 (custom)
2019-10-07 08:28:06,108 [main] INFO  server.RaftServerConfigKeys (ConfUtils.java:logGet(43)) - raft.server.log.appender.buffer.byte-limit = 33554432 (custom)
2019-10-07 08:28:06,108 [main] INFO  server.GrpcService (ConfUtils.java:logGet(43)) - raft.grpc.flow.control.window = 1MB (=1048576) (default)
2019-10-07 08:28:06,108 [main] INFO  server.RaftServerConfigKeys (ConfUtils.java:logGet(43)) - raft.server.rpc.request.timeout = 3000ms (default)
2019-10-07 08:28:06,109 [main] INFO  server.RaftServerConfigKeys (ConfUtils.java:logGet(43)) - raft.server.storage.dir = [/workdir/hadoop-ozone/integration-test/target/test-dir/MiniOzoneClusterImpl-d41106c3-64a1-4add-af3d-d5cb16e1af83/datanode-5/data/ratis] (custom)
2019-10-07 08:28:06,110 [main] INFO  hdfs.DFSUtil (DFSUtil.java:httpServerTemplateForNNAndJN(1641)) - Starting Web-server for hddsDatanode at: http://0.0.0.0:0
2019-10-07 08:28:06,111 [main] INFO  server.AuthenticationFilter (AuthenticationFilter.java:constructSecretProvider(240)) - Unable to initialize FileSignerSecretProvider, falling back to use random secrets.
2019-10-07 08:28:06,111 [main] WARN  http.HttpRequestLog (HttpRequestLog.java:getRequestLog(97)) - Jetty request log can only be enabled using Log4j
2019-10-07 08:28:06,113 [main] INFO  http.HttpServer2 (HttpServer2.java:addGlobalFilter(975)) - Added global filter 'safety' (class=org.apache.hadoop.http.HttpServer2$QuotingInputFilter)
2019-10-07 08:28:06,113 [main] INFO  http.HttpServer2 (HttpServer2.java:addFilter(948)) - Added filter static_user_filter (class=org.apache.hadoop.http.lib.StaticUserWebFilter$StaticUserFilter) to context hddsDatanode
2019-10-07 08:28:06,113 [main] INFO  http.HttpServer2 (HttpServer2.java:addFilter(958)) - Added filter static_user_filter (class=org.apache.hadoop.http.lib.StaticUserWebFilter$StaticUserFilter) to context logs
2019-10-07 08:28:06,113 [main] INFO  http.HttpServer2 (HttpServer2.java:addFilter(958)) - Added filter static_user_filter (class=org.apache.hadoop.http.lib.StaticUserWebFilter$StaticUserFilter) to context static
2019-10-07 08:28:06,114 [main] INFO  http.HttpServer2 (HttpServer2.java:bindListener(1191)) - Jetty bound to port 34542
2019-10-07 08:28:06,114 [main] INFO  server.Server (Server.java:doStart(351)) - jetty-9.3.25.v20180904, build timestamp: 2018-09-04T21:11:46Z, git hash: 3ce520221d0240229c862b122d2b06c12a625732
2019-10-07 08:28:06,116 [main] INFO  handler.ContextHandler (ContextHandler.java:doStart(781)) - Started o.e.j.s.ServletContextHandler@3a17b2e3{/logs,file:///workdir/hadoop-ozone/integration-test/target/log,AVAILABLE}
2019-10-07 08:28:06,116 [main] INFO  handler.ContextHandler (ContextHandler.java:doStart(781)) - Started o.e.j.s.ServletContextHandler@310ed6b4{/static,jar:file:/home/user/.m2/repository/org/apache/hadoop/hadoop-hdds-container-service/0.5.0-SNAPSHOT/hadoop-hdds-container-service-0.5.0-SNAPSHOT.jar!/webapps/static,AVAILABLE}
2019-10-07 08:28:06,142 [main] INFO  handler.ContextHandler (ContextHandler.java:doStart(781)) - Started o.e.j.w.WebAppContext@16a2ed51{/,file:///tmp/jetty-0.0.0.0-34542-hddsDatanode-_-any-5300459687986747641.dir/webapp/,AVAILABLE}{/hddsDatanode}
2019-10-07 08:28:06,142 [main] INFO  server.AbstractConnector (AbstractConnector.java:doStart(278)) - Started ServerConnector@3b332962{HTTP/1.1,[http/1.1]}{0.0.0.0:34542}
2019-10-07 08:28:06,144 [main] INFO  server.Server (Server.java:doStart(419)) - Started @47500ms
2019-10-07 08:28:06,144 [main] WARN  impl.MetricsSystemImpl (MetricsSystemImpl.java:register(276)) - Sink prometheus already exists!
2019-10-07 08:28:06,145 [main] INFO  server.BaseHttpServer (BaseHttpServer.java:updateConnectorAddress(215)) - HTTP server of HDDSDATANODE is listening at http://0.0.0.0:34542
2019-10-07 08:28:06,145 [main] INFO  impl.MetricsSystemImpl (MetricsSystemImpl.java:init(158)) - HddsDatanode metrics system started (again)
2019-10-07 08:28:06,150 [main] INFO  ozone.HddsDatanodeService (HddsDatanodeService.java:start(184)) - HddsDatanodeService host:pr-hdds-2238-79fll-759901082 ip:192.168.164.213
2019-10-07 08:28:06,150 [org.apache.hadoop.util.JvmPauseMonitor$Monitor@5d7802db] INFO  util.JvmPauseMonitor (JvmPauseMonitor.java:run(188)) - Starting JVM pause monitor
2019-10-07 08:28:06,152 [Datanode State Machine Thread - 0] INFO  datanode.InitDatanodeState (InitDatanodeState.java:persistContainerDatanodeDetails(140)) - DatanodeDetails is persisted to /workdir/hadoop-ozone/integration-test/target/test-dir/MiniOzoneClusterImpl-d41106c3-64a1-4add-af3d-d5cb16e1af83/datanode-5/meta/datanode.id
2019-10-07 08:28:06,156 [main] INFO  volume.HddsVolume (HddsVolume.java:<init>(176)) - Creating Volume: /workdir/hadoop-ozone/integration-test/target/test-dir/MiniOzoneClusterImpl-d41106c3-64a1-4add-af3d-d5cb16e1af83/datanode-6/data/containers/hdds of  storage type : DISK and capacity : 1482555576320
2019-10-07 08:28:06,157 [main] INFO  volume.VolumeSet (VolumeSet.java:initializeVolumeSet(170)) - Added Volume : /workdir/hadoop-ozone/integration-test/target/test-dir/MiniOzoneClusterImpl-d41106c3-64a1-4add-af3d-d5cb16e1af83/datanode-6/data/containers/hdds to VolumeSet
2019-10-07 08:28:06,157 [main] INFO  volume.ThrottledAsyncChecker (ThrottledAsyncChecker.java:schedule(139)) - Scheduling a check for org.apache.hadoop.ozone.container.common.volume.HddsVolume@4e224df5
2019-10-07 08:28:06,157 [main] INFO  volume.HddsVolumeChecker (HddsVolumeChecker.java:checkAllVolumes(202)) - Scheduled health check for volume org.apache.hadoop.ozone.container.common.volume.HddsVolume@4e224df5
2019-10-07 08:28:06,169 [main] INFO  impl.RaftServerProxy (ConfUtils.java:logGet(43)) - raft.rpc.type = GRPC (default)
2019-10-07 08:28:06,169 [main] INFO  grpc.GrpcFactory (GrpcFactory.java:checkPooledByteBufAllocatorUseCacheForAllThreads(45)) - PERFORMANCE WARNING: useCacheForAllThreads is true that may cause Netty to create a lot garbage objects and, as a result, trigger GC.
	It is recommended to disable useCacheForAllThreads by setting -Dorg.apache.ratis.thirdparty.io.netty.allocator.useCacheForAllThreads=false in command line.
2019-10-07 08:28:06,170 [main] INFO  grpc.GrpcConfigKeys$Server (ConfUtils.java:logGet(43)) - raft.grpc.server.port = 0 (default)
2019-10-07 08:28:06,170 [main] INFO  server.GrpcService (ConfUtils.java:logGet(43)) - raft.grpc.message.size.max = 33570816 (custom)
2019-10-07 08:28:06,170 [main] INFO  server.RaftServerConfigKeys (ConfUtils.java:logGet(43)) - raft.server.log.appender.buffer.byte-limit = 33554432 (custom)
2019-10-07 08:28:06,170 [main] INFO  server.GrpcService (ConfUtils.java:logGet(43)) - raft.grpc.flow.control.window = 1MB (=1048576) (default)
2019-10-07 08:28:06,170 [main] INFO  server.RaftServerConfigKeys (ConfUtils.java:logGet(43)) - raft.server.rpc.request.timeout = 3000ms (default)
2019-10-07 08:28:06,171 [main] INFO  server.RaftServerConfigKeys (ConfUtils.java:logGet(43)) - raft.server.storage.dir = [/workdir/hadoop-ozone/integration-test/target/test-dir/MiniOzoneClusterImpl-d41106c3-64a1-4add-af3d-d5cb16e1af83/datanode-6/data/ratis] (custom)
2019-10-07 08:28:06,172 [main] INFO  hdfs.DFSUtil (DFSUtil.java:httpServerTemplateForNNAndJN(1641)) - Starting Web-server for hddsDatanode at: http://0.0.0.0:0
2019-10-07 08:28:06,173 [main] INFO  server.AuthenticationFilter (AuthenticationFilter.java:constructSecretProvider(240)) - Unable to initialize FileSignerSecretProvider, falling back to use random secrets.
2019-10-07 08:28:06,173 [main] WARN  http.HttpRequestLog (HttpRequestLog.java:getRequestLog(97)) - Jetty request log can only be enabled using Log4j
2019-10-07 08:28:06,175 [main] INFO  http.HttpServer2 (HttpServer2.java:addGlobalFilter(975)) - Added global filter 'safety' (class=org.apache.hadoop.http.HttpServer2$QuotingInputFilter)
2019-10-07 08:28:06,175 [main] INFO  http.HttpServer2 (HttpServer2.java:addFilter(948)) - Added filter static_user_filter (class=org.apache.hadoop.http.lib.StaticUserWebFilter$StaticUserFilter) to context hddsDatanode
2019-10-07 08:28:06,175 [main] INFO  http.HttpServer2 (HttpServer2.java:addFilter(958)) - Added filter static_user_filter (class=org.apache.hadoop.http.lib.StaticUserWebFilter$StaticUserFilter) to context logs
2019-10-07 08:28:06,175 [main] INFO  http.HttpServer2 (HttpServer2.java:addFilter(958)) - Added filter static_user_filter (class=org.apache.hadoop.http.lib.StaticUserWebFilter$StaticUserFilter) to context static
2019-10-07 08:28:06,176 [main] INFO  http.HttpServer2 (HttpServer2.java:bindListener(1191)) - Jetty bound to port 35266
2019-10-07 08:28:06,176 [main] INFO  server.Server (Server.java:doStart(351)) - jetty-9.3.25.v20180904, build timestamp: 2018-09-04T21:11:46Z, git hash: 3ce520221d0240229c862b122d2b06c12a625732
2019-10-07 08:28:06,177 [main] INFO  handler.ContextHandler (ContextHandler.java:doStart(781)) - Started o.e.j.s.ServletContextHandler@79f90a3a{/logs,file:///workdir/hadoop-ozone/integration-test/target/log,AVAILABLE}
2019-10-07 08:28:06,178 [main] INFO  handler.ContextHandler (ContextHandler.java:doStart(781)) - Started o.e.j.s.ServletContextHandler@67b355c8{/static,jar:file:/home/user/.m2/repository/org/apache/hadoop/hadoop-hdds-container-service/0.5.0-SNAPSHOT/hadoop-hdds-container-service-0.5.0-SNAPSHOT.jar!/webapps/static,AVAILABLE}
2019-10-07 08:28:06,203 [main] INFO  handler.ContextHandler (ContextHandler.java:doStart(781)) - Started o.e.j.w.WebAppContext@a6c54c3{/,file:///tmp/jetty-0.0.0.0-35266-hddsDatanode-_-any-8979788533508718764.dir/webapp/,AVAILABLE}{/hddsDatanode}
2019-10-07 08:28:06,204 [main] INFO  server.AbstractConnector (AbstractConnector.java:doStart(278)) - Started ServerConnector@580fd26b{HTTP/1.1,[http/1.1]}{0.0.0.0:35266}
2019-10-07 08:28:06,205 [main] INFO  server.Server (Server.java:doStart(419)) - Started @47561ms
2019-10-07 08:28:06,205 [main] WARN  impl.MetricsSystemImpl (MetricsSystemImpl.java:register(276)) - Sink prometheus already exists!
2019-10-07 08:28:06,206 [main] INFO  server.BaseHttpServer (BaseHttpServer.java:updateConnectorAddress(215)) - HTTP server of HDDSDATANODE is listening at http://0.0.0.0:35266
2019-10-07 08:28:06,206 [main] INFO  ozone.MiniOzoneClusterImpl (MiniOzoneClusterImpl.java:lambda$waitForClusterToBeReady$0(147)) - Waiting for cluster to be ready. Got 0 of 7 DN Heartbeats.
2019-10-07 08:28:06,209 [org.apache.hadoop.util.JvmPauseMonitor$Monitor@23a555bd] INFO  util.JvmPauseMonitor (JvmPauseMonitor.java:run(188)) - Starting JVM pause monitor
2019-10-07 08:28:06,211 [Datanode State Machine Thread - 0] INFO  datanode.InitDatanodeState (InitDatanodeState.java:persistContainerDatanodeDetails(140)) - DatanodeDetails is persisted to /workdir/hadoop-ozone/integration-test/target/test-dir/MiniOzoneClusterImpl-d41106c3-64a1-4add-af3d-d5cb16e1af83/datanode-6/meta/datanode.id
2019-10-07 08:28:07,207 [main] INFO  ozone.MiniOzoneClusterImpl (MiniOzoneClusterImpl.java:lambda$waitForClusterToBeReady$0(147)) - Waiting for cluster to be ready. Got 0 of 7 DN Heartbeats.
2019-10-07 08:28:07,841 [Datanode State Machine Thread - 0] INFO  ozoneimpl.OzoneContainer (OzoneContainer.java:start(213)) - Attempting to start container services.
2019-10-07 08:28:07,845 [Datanode State Machine Thread - 0] INFO  ozoneimpl.OzoneContainer (OzoneContainer.java:startContainerScrub(177)) - Background container scanner has been disabled.
2019-10-07 08:28:07,845 [Datanode State Machine Thread - 0] INFO  ratis.XceiverServerRatis (XceiverServerRatis.java:start(418)) - Starting XceiverServerRatis 06af8296-9e1f-4dab-9512-19c5c9938ca2 at port 0
2019-10-07 08:28:07,853 [Datanode State Machine Thread - 0] INFO  impl.RaftServerProxy (RaftServerProxy.java:lambda$start$3(299)) - 06af8296-9e1f-4dab-9512-19c5c9938ca2: start RPC server
2019-10-07 08:28:07,856 [Datanode State Machine Thread - 0] INFO  server.GrpcService (GrpcService.java:startImpl(158)) - 06af8296-9e1f-4dab-9512-19c5c9938ca2: GrpcService started, listening on 0.0.0.0/0.0.0.0:36446
2019-10-07 08:28:07,857 [Datanode State Machine Thread - 0] INFO  ratis.XceiverServerRatis (XceiverServerRatis.java:start(428)) - XceiverServerRatis 06af8296-9e1f-4dab-9512-19c5c9938ca2 is started using port 36446
2019-10-07 08:28:07,857 [Datanode State Machine Thread - 0] INFO  server.XceiverServerGrpc (XceiverServerGrpc.java:start(149)) - XceiverServerGrpc 06af8296-9e1f-4dab-9512-19c5c9938ca2 is started using port 39607
2019-10-07 08:28:07,902 [Datanode State Machine Thread - 0] INFO  ozoneimpl.OzoneContainer (OzoneContainer.java:start(213)) - Attempting to start container services.
2019-10-07 08:28:07,906 [Datanode State Machine Thread - 0] INFO  ozoneimpl.OzoneContainer (OzoneContainer.java:startContainerScrub(177)) - Background container scanner has been disabled.
2019-10-07 08:28:07,906 [Datanode State Machine Thread - 0] INFO  ratis.XceiverServerRatis (XceiverServerRatis.java:start(418)) - Starting XceiverServerRatis ea0720c5-3010-41f9-8b28-0e30b881918f at port 0
2019-10-07 08:28:07,914 [Datanode State Machine Thread - 0] INFO  impl.RaftServerProxy (RaftServerProxy.java:lambda$start$3(299)) - ea0720c5-3010-41f9-8b28-0e30b881918f: start RPC server
2019-10-07 08:28:07,914 [Datanode State Machine Thread - 0] INFO  server.GrpcService (GrpcService.java:startImpl(158)) - ea0720c5-3010-41f9-8b28-0e30b881918f: GrpcService started, listening on 0.0.0.0/0.0.0.0:33267
2019-10-07 08:28:07,915 [Datanode State Machine Thread - 0] INFO  ratis.XceiverServerRatis (XceiverServerRatis.java:start(428)) - XceiverServerRatis ea0720c5-3010-41f9-8b28-0e30b881918f is started using port 33267
2019-10-07 08:28:07,925 [Datanode State Machine Thread - 0] INFO  server.XceiverServerGrpc (XceiverServerGrpc.java:start(149)) - XceiverServerGrpc ea0720c5-3010-41f9-8b28-0e30b881918f is started using port 39161
2019-10-07 08:28:07,979 [Datanode State Machine Thread - 0] INFO  ozoneimpl.OzoneContainer (OzoneContainer.java:start(213)) - Attempting to start container services.
2019-10-07 08:28:07,985 [Datanode State Machine Thread - 0] INFO  ozoneimpl.OzoneContainer (OzoneContainer.java:startContainerScrub(177)) - Background container scanner has been disabled.
2019-10-07 08:28:07,986 [Datanode State Machine Thread - 0] INFO  ratis.XceiverServerRatis (XceiverServerRatis.java:start(418)) - Starting XceiverServerRatis 146ceb2f-fc11-43ba-b6ba-1106dcb1a363 at port 0
2019-10-07 08:28:07,992 [Datanode State Machine Thread - 0] INFO  impl.RaftServerProxy (RaftServerProxy.java:lambda$start$3(299)) - 146ceb2f-fc11-43ba-b6ba-1106dcb1a363: start RPC server
2019-10-07 08:28:07,993 [Datanode State Machine Thread - 0] INFO  server.GrpcService (GrpcService.java:startImpl(158)) - 146ceb2f-fc11-43ba-b6ba-1106dcb1a363: GrpcService started, listening on 0.0.0.0/0.0.0.0:44226
2019-10-07 08:28:07,993 [Datanode State Machine Thread - 0] INFO  ratis.XceiverServerRatis (XceiverServerRatis.java:start(428)) - XceiverServerRatis 146ceb2f-fc11-43ba-b6ba-1106dcb1a363 is started using port 44226
2019-10-07 08:28:08,005 [Datanode State Machine Thread - 0] INFO  server.XceiverServerGrpc (XceiverServerGrpc.java:start(149)) - XceiverServerGrpc 146ceb2f-fc11-43ba-b6ba-1106dcb1a363 is started using port 45686
2019-10-07 08:28:08,059 [Datanode State Machine Thread - 0] INFO  ozoneimpl.OzoneContainer (OzoneContainer.java:start(213)) - Attempting to start container services.
2019-10-07 08:28:08,060 [Datanode State Machine Thread - 0] INFO  ozoneimpl.OzoneContainer (OzoneContainer.java:startContainerScrub(177)) - Background container scanner has been disabled.
2019-10-07 08:28:08,060 [Datanode State Machine Thread - 0] INFO  ratis.XceiverServerRatis (XceiverServerRatis.java:start(418)) - Starting XceiverServerRatis f9f653bc-0d42-4710-abb1-893c5b9e2104 at port 0
2019-10-07 08:28:08,066 [Datanode State Machine Thread - 0] INFO  impl.RaftServerProxy (RaftServerProxy.java:lambda$start$3(299)) - f9f653bc-0d42-4710-abb1-893c5b9e2104: start RPC server
2019-10-07 08:28:08,069 [Datanode State Machine Thread - 0] INFO  server.GrpcService (GrpcService.java:startImpl(158)) - f9f653bc-0d42-4710-abb1-893c5b9e2104: GrpcService started, listening on 0.0.0.0/0.0.0.0:38354
2019-10-07 08:28:08,069 [Datanode State Machine Thread - 0] INFO  ratis.XceiverServerRatis (XceiverServerRatis.java:start(428)) - XceiverServerRatis f9f653bc-0d42-4710-abb1-893c5b9e2104 is started using port 38354
2019-10-07 08:28:08,070 [Datanode State Machine Thread - 0] INFO  server.XceiverServerGrpc (XceiverServerGrpc.java:start(149)) - XceiverServerGrpc f9f653bc-0d42-4710-abb1-893c5b9e2104 is started using port 37734
2019-10-07 08:28:08,119 [Datanode State Machine Thread - 0] INFO  ozoneimpl.OzoneContainer (OzoneContainer.java:start(213)) - Attempting to start container services.
2019-10-07 08:28:08,119 [Datanode State Machine Thread - 0] INFO  ozoneimpl.OzoneContainer (OzoneContainer.java:startContainerScrub(177)) - Background container scanner has been disabled.
2019-10-07 08:28:08,120 [Datanode State Machine Thread - 0] INFO  ratis.XceiverServerRatis (XceiverServerRatis.java:start(418)) - Starting XceiverServerRatis 60fa8d9c-eec5-47da-8279-dc7d6429838e at port 0
2019-10-07 08:28:08,127 [Datanode State Machine Thread - 0] INFO  impl.RaftServerProxy (RaftServerProxy.java:lambda$start$3(299)) - 60fa8d9c-eec5-47da-8279-dc7d6429838e: start RPC server
2019-10-07 08:28:08,128 [Datanode State Machine Thread - 0] INFO  server.GrpcService (GrpcService.java:startImpl(158)) - 60fa8d9c-eec5-47da-8279-dc7d6429838e: GrpcService started, listening on 0.0.0.0/0.0.0.0:39789
2019-10-07 08:28:08,128 [Datanode State Machine Thread - 0] INFO  ratis.XceiverServerRatis (XceiverServerRatis.java:start(428)) - XceiverServerRatis 60fa8d9c-eec5-47da-8279-dc7d6429838e is started using port 39789
2019-10-07 08:28:08,129 [Datanode State Machine Thread - 0] INFO  server.XceiverServerGrpc (XceiverServerGrpc.java:start(149)) - XceiverServerGrpc 60fa8d9c-eec5-47da-8279-dc7d6429838e is started using port 43494
2019-10-07 08:28:08,171 [Datanode State Machine Thread - 0] INFO  ozoneimpl.OzoneContainer (OzoneContainer.java:start(213)) - Attempting to start container services.
2019-10-07 08:28:08,171 [Datanode State Machine Thread - 0] INFO  ozoneimpl.OzoneContainer (OzoneContainer.java:startContainerScrub(177)) - Background container scanner has been disabled.
2019-10-07 08:28:08,172 [Datanode State Machine Thread - 0] INFO  ratis.XceiverServerRatis (XceiverServerRatis.java:start(418)) - Starting XceiverServerRatis 48f0ddbd-ecfe-47e7-95da-5ecbab1cbdb9 at port 0
2019-10-07 08:28:08,176 [Datanode State Machine Thread - 0] INFO  impl.RaftServerProxy (RaftServerProxy.java:lambda$start$3(299)) - 48f0ddbd-ecfe-47e7-95da-5ecbab1cbdb9: start RPC server
2019-10-07 08:28:08,177 [Datanode State Machine Thread - 0] INFO  server.GrpcService (GrpcService.java:startImpl(158)) - 48f0ddbd-ecfe-47e7-95da-5ecbab1cbdb9: GrpcService started, listening on 0.0.0.0/0.0.0.0:45044
2019-10-07 08:28:08,177 [Datanode State Machine Thread - 0] INFO  ratis.XceiverServerRatis (XceiverServerRatis.java:start(428)) - XceiverServerRatis 48f0ddbd-ecfe-47e7-95da-5ecbab1cbdb9 is started using port 45044
2019-10-07 08:28:08,177 [Datanode State Machine Thread - 0] INFO  server.XceiverServerGrpc (XceiverServerGrpc.java:start(149)) - XceiverServerGrpc 48f0ddbd-ecfe-47e7-95da-5ecbab1cbdb9 is started using port 38396
2019-10-07 08:28:08,208 [main] INFO  ozone.MiniOzoneClusterImpl (MiniOzoneClusterImpl.java:lambda$waitForClusterToBeReady$0(147)) - Waiting for cluster to be ready. Got 0 of 7 DN Heartbeats.
2019-10-07 08:28:08,241 [Datanode State Machine Thread - 0] INFO  ozoneimpl.OzoneContainer (OzoneContainer.java:start(213)) - Attempting to start container services.
2019-10-07 08:28:08,242 [Datanode State Machine Thread - 0] INFO  ozoneimpl.OzoneContainer (OzoneContainer.java:startContainerScrub(177)) - Background container scanner has been disabled.
2019-10-07 08:28:08,242 [Datanode State Machine Thread - 0] INFO  ratis.XceiverServerRatis (XceiverServerRatis.java:start(418)) - Starting XceiverServerRatis 470bbc53-1579-4bd2-a31d-68f148926eb5 at port 0
2019-10-07 08:28:08,247 [Datanode State Machine Thread - 0] INFO  impl.RaftServerProxy (RaftServerProxy.java:lambda$start$3(299)) - 470bbc53-1579-4bd2-a31d-68f148926eb5: start RPC server
2019-10-07 08:28:08,248 [Datanode State Machine Thread - 0] INFO  server.GrpcService (GrpcService.java:startImpl(158)) - 470bbc53-1579-4bd2-a31d-68f148926eb5: GrpcService started, listening on 0.0.0.0/0.0.0.0:45795
2019-10-07 08:28:08,248 [Datanode State Machine Thread - 0] INFO  ratis.XceiverServerRatis (XceiverServerRatis.java:start(428)) - XceiverServerRatis 470bbc53-1579-4bd2-a31d-68f148926eb5 is started using port 45795
2019-10-07 08:28:08,248 [Datanode State Machine Thread - 0] INFO  server.XceiverServerGrpc (XceiverServerGrpc.java:start(149)) - XceiverServerGrpc 470bbc53-1579-4bd2-a31d-68f148926eb5 is started using port 39788
2019-10-07 08:28:09,209 [main] INFO  ozone.MiniOzoneClusterImpl (MiniOzoneClusterImpl.java:lambda$waitForClusterToBeReady$0(147)) - Waiting for cluster to be ready. Got 0 of 7 DN Heartbeats.
2019-10-07 08:28:09,815 [IPC Server handler 0 on 45755] INFO  net.NetworkTopology (NetworkTopologyImpl.java:add(111)) - Added a new node: /default-rack/06af8296-9e1f-4dab-9512-19c5c9938ca2
2019-10-07 08:28:09,818 [IPC Server handler 0 on 45755] INFO  node.SCMNodeManager (SCMNodeManager.java:register(268)) - Registered Data node : 06af8296-9e1f-4dab-9512-19c5c9938ca2{ip: 192.168.164.213, host: pr-hdds-2238-79fll-759901082, networkLocation: /default-rack, certSerialId: null}
2019-10-07 08:28:09,819 [EventQueue-NodeRegistrationContainerReportForDataNodeSafeModeRule] INFO  safemode.SCMSafeModeManager (DataNodeSafeModeRule.java:process(71)) - SCM in safe mode. 1 DataNodes registered, 1 required.
2019-10-07 08:28:09,821 [EventQueue-NodeRegistrationContainerReportForDataNodeSafeModeRule] INFO  safemode.SCMSafeModeManager (SCMSafeModeManager.java:validateSafeModeExitRules(177)) - ScmSafeModeManager, all rules are successfully validated
2019-10-07 08:28:09,821 [EventQueue-NodeRegistrationContainerReportForDataNodeSafeModeRule] INFO  safemode.SCMSafeModeManager (SCMSafeModeManager.java:exitSafeMode(193)) - SCM exiting safe mode.
2019-10-07 08:28:09,849 [grpc-default-executor-1] INFO  impl.RaftServerProxy (RaftServerProxy.java:addNew(89)) - 06af8296-9e1f-4dab-9512-19c5c9938ca2: addNew group-63F3B4F3BF8D:[06af8296-9e1f-4dab-9512-19c5c9938ca2:192.168.164.213:36446] returns group-63F3B4F3BF8D:java.util.concurrent.CompletableFuture@6d25ccd8[Not completed]
2019-10-07 08:28:09,852 [pool-119-thread-1] INFO  impl.RaftServerImpl (RaftServerImpl.java:<init>(95)) - 06af8296-9e1f-4dab-9512-19c5c9938ca2: new RaftServerImpl for group-63F3B4F3BF8D:[06af8296-9e1f-4dab-9512-19c5c9938ca2:192.168.164.213:36446] with ContainerStateMachine:uninitialized
2019-10-07 08:28:09,853 [pool-119-thread-1] INFO  server.RaftServerConfigKeys (ConfUtils.java:logGet(43)) - raft.server.rpc.timeout.min = 5s (custom)
2019-10-07 08:28:09,853 [pool-119-thread-1] INFO  server.RaftServerConfigKeys (ConfUtils.java:logGet(43)) - raft.server.rpc.timeout.max = 5200ms (custom)
2019-10-07 08:28:09,853 [pool-119-thread-1] INFO  server.RaftServerConfigKeys (ConfUtils.java:logGet(43)) - raft.server.rpcslowness.timeout = 120s (custom)
2019-10-07 08:28:09,853 [pool-119-thread-1] INFO  server.RaftServerConfigKeys (ConfUtils.java:logGet(43)) - raft.server.sleep.deviation.threshold = 300 (default)
2019-10-07 08:28:09,853 [pool-119-thread-1] INFO  server.RaftServerConfigKeys (ConfUtils.java:logGet(43)) - raft.server.log.appender.install.snapshot.enabled = false (custom)
2019-10-07 08:28:09,853 [pool-119-thread-1] INFO  impl.RaftServerImpl (ServerState.java:<init>(103)) - 06af8296-9e1f-4dab-9512-19c5c9938ca2@group-63F3B4F3BF8D: ConfigurationManager, init=-1: [06af8296-9e1f-4dab-9512-19c5c9938ca2:192.168.164.213:36446], old=null, confs=<EMPTY_MAP>
2019-10-07 08:28:09,853 [pool-119-thread-1] INFO  server.RaftServerConfigKeys (ConfUtils.java:logGet(43)) - raft.server.storage.dir = [/workdir/hadoop-ozone/integration-test/target/test-dir/MiniOzoneClusterImpl-d41106c3-64a1-4add-af3d-d5cb16e1af83/datanode-0/data/ratis] (custom)
2019-10-07 08:28:09,854 [pool-119-thread-1] INFO  server.RaftServerConfigKeys (ConfUtils.java:logGet(43)) - raft.server.log.corruption.policy = EXCEPTION (default)
2019-10-07 08:28:09,854 [pool-119-thread-1] INFO  storage.RaftStorageDirectory (RaftStorageDirectory.java:analyzeStorage(246)) - The storage directory /workdir/hadoop-ozone/integration-test/target/test-dir/MiniOzoneClusterImpl-d41106c3-64a1-4add-af3d-d5cb16e1af83/datanode-0/data/ratis/87c24896-4325-4c50-96af-63f3b4f3bf8d does not exist. Creating ...
2019-10-07 08:28:09,873 [IPC Server handler 1 on 45755] INFO  net.NetworkTopology (NetworkTopologyImpl.java:add(111)) - Added a new node: /default-rack/ea0720c5-3010-41f9-8b28-0e30b881918f
2019-10-07 08:28:09,873 [IPC Server handler 1 on 45755] INFO  node.SCMNodeManager (SCMNodeManager.java:register(268)) - Registered Data node : ea0720c5-3010-41f9-8b28-0e30b881918f{ip: 192.168.164.213, host: pr-hdds-2238-79fll-759901082, networkLocation: /default-rack, certSerialId: null}
2019-10-07 08:28:09,878 [pool-119-thread-1] INFO  storage.RaftStorageDirectory (RaftStorageDirectory.java:tryLock(328)) - Lock on /workdir/hadoop-ozone/integration-test/target/test-dir/MiniOzoneClusterImpl-d41106c3-64a1-4add-af3d-d5cb16e1af83/datanode-0/data/ratis/87c24896-4325-4c50-96af-63f3b4f3bf8d/in_use.lock acquired by nodename 11634@pr-hdds-2238-79fll-759901082
2019-10-07 08:28:09,894 [pool-119-thread-1] INFO  storage.RaftStorage (RaftStorage.java:format(84)) - Storage directory /workdir/hadoop-ozone/integration-test/target/test-dir/MiniOzoneClusterImpl-d41106c3-64a1-4add-af3d-d5cb16e1af83/datanode-0/data/ratis/87c24896-4325-4c50-96af-63f3b4f3bf8d has been successfully formatted.
2019-10-07 08:28:09,894 [pool-119-thread-1] INFO  ratis.ContainerStateMachine (ContainerStateMachine.java:loadSnapshot(231)) - group-63F3B4F3BF8D: The snapshot info is null. Setting the last applied indexto:(t:0, i:~)
2019-10-07 08:28:09,894 [pool-119-thread-1] INFO  server.RaftServerConfigKeys (ConfUtils.java:logGet(43)) - raft.server.notification.no-leader.timeout = 120s (custom)
2019-10-07 08:28:09,894 [pool-119-thread-1] INFO  server.RaftServerConfigKeys (ConfUtils.java:logGet(43)) - raft.server.log.use.memory = false (default)
2019-10-07 08:28:09,895 [pool-119-thread-1] INFO  server.RaftServerConfigKeys (ConfUtils.java:logGet(43)) - raft.server.log.purge.gap = 1000000 (custom)
2019-10-07 08:28:09,895 [pool-119-thread-1] INFO  server.RaftServerConfigKeys (ConfUtils.java:logGet(43)) - raft.server.log.appender.buffer.byte-limit = 33554432 (custom)
2019-10-07 08:28:09,895 [pool-119-thread-1] INFO  server.RaftServerConfigKeys (ConfUtils.java:logGet(43)) - raft.server.log.segment.size.max = 1048576 (custom)
2019-10-07 08:28:09,897 [pool-119-thread-1] INFO  server.RaftServerConfigKeys (ConfUtils.java:logGet(43)) - raft.server.log.segment.cache.num.max = 2 (custom)
2019-10-07 08:28:09,898 [pool-119-thread-1] INFO  segmented.SegmentedRaftLogWorker (SegmentedRaftLogWorker.java:<init>(173)) - new 06af8296-9e1f-4dab-9512-19c5c9938ca2@group-63F3B4F3BF8D-SegmentedRaftLogWorker for RaftStorage:Storage Directory /workdir/hadoop-ozone/integration-test/target/test-dir/MiniOzoneClusterImpl-d41106c3-64a1-4add-af3d-d5cb16e1af83/datanode-0/data/ratis/87c24896-4325-4c50-96af-63f3b4f3bf8d
2019-10-07 08:28:09,898 [pool-119-thread-1] INFO  server.RaftServerConfigKeys (ConfUtils.java:logGet(43)) - raft.server.log.queue.byte-limit = 2147483647 (custom)
2019-10-07 08:28:09,898 [pool-119-thread-1] INFO  server.RaftServerConfigKeys (ConfUtils.java:logGet(43)) - raft.server.log.queue.element-limit = 1024 (custom)
2019-10-07 08:28:09,898 [pool-119-thread-1] INFO  server.RaftServerConfigKeys (ConfUtils.java:logGet(43)) - raft.server.log.segment.size.max = 1048576 (custom)
2019-10-07 08:28:09,898 [pool-119-thread-1] INFO  server.RaftServerConfigKeys (ConfUtils.java:logGet(43)) - raft.server.log.preallocated.size = 16384 (custom)
2019-10-07 08:28:09,898 [pool-119-thread-1] INFO  server.RaftServerConfigKeys (ConfUtils.java:logGet(43)) - raft.server.log.write.buffer.size = 33554432 (custom)
2019-10-07 08:28:09,898 [pool-119-thread-1] INFO  server.RaftServerConfigKeys (ConfUtils.java:logGet(43)) - raft.server.log.force.sync.num = 128 (default)
2019-10-07 08:28:09,898 [pool-119-thread-1] INFO  server.RaftServerConfigKeys (ConfUtils.java:logGet(43)) - raft.server.log.statemachine.data.sync = true (default)
2019-10-07 08:28:09,899 [pool-119-thread-1] INFO  server.RaftServerConfigKeys (ConfUtils.java:logGet(43)) - raft.server.log.statemachine.data.sync.timeout = 10s (default)
2019-10-07 08:28:09,899 [pool-119-thread-1] INFO  server.RaftServerConfigKeys (ConfUtils.java:logGet(43)) - raft.server.log.statemachine.data.sync.timeout.retry = -1 (default)
2019-10-07 08:28:09,899 [pool-119-thread-1] INFO  server.RaftServerConfigKeys (ConfUtils.java:logGet(43)) - raft.server.log.statemachine.data.caching.enabled = true (custom)
2019-10-07 08:28:09,900 [pool-119-thread-1] INFO  segmented.SegmentedRaftLogWorker (SegmentedRaftLogWorker.java:lambda$new$0(128)) - 06af8296-9e1f-4dab-9512-19c5c9938ca2@group-63F3B4F3BF8D-SegmentedRaftLogWorker: flushIndex: setUnconditionally 0 -> -1
2019-10-07 08:28:09,900 [pool-119-thread-1] INFO  server.RaftServerConfigKeys (ConfUtils.java:logGet(43)) - raft.server.snapshot.auto.trigger.enabled = true (custom)
2019-10-07 08:28:09,900 [pool-119-thread-1] INFO  server.RaftServerConfigKeys (ConfUtils.java:logGet(43)) - raft.server.snapshot.auto.trigger.threshold = 10000 (custom)
2019-10-07 08:28:09,900 [pool-119-thread-1] INFO  server.RaftServerConfigKeys (ConfUtils.java:logGet(43)) - raft.server.snapshot.retention.file.num = 5 (custom)
2019-10-07 08:28:09,900 [pool-119-thread-1] INFO  server.RaftServerConfigKeys (ConfUtils.java:logGet(43)) - raft.server.retrycache.expirytime = 600000ms (custom)
2019-10-07 08:28:09,903 [pool-119-thread-1] INFO  impl.RaftServerImpl (RaftServerImpl.java:start(181)) - 06af8296-9e1f-4dab-9512-19c5c9938ca2@group-63F3B4F3BF8D: start as a follower, conf=-1: [06af8296-9e1f-4dab-9512-19c5c9938ca2:192.168.164.213:36446], old=null
2019-10-07 08:28:09,903 [pool-119-thread-1] INFO  impl.RaftServerImpl (RaftServerImpl.java:setRole(170)) - 06af8296-9e1f-4dab-9512-19c5c9938ca2@group-63F3B4F3BF8D: changes role from      null to FOLLOWER at term 0 for startAsFollower
2019-10-07 08:28:09,904 [pool-119-thread-1] INFO  impl.RoleInfo (RoleInfo.java:updateAndGet(143)) - 06af8296-9e1f-4dab-9512-19c5c9938ca2: start FollowerState
2019-10-07 08:28:09,904 [pool-119-thread-1] INFO  util.JmxRegister (JmxRegister.java:tryRegister(44)) - Successfully registered JMX Bean with object name Ratis:service=RaftServer,group=group-63F3B4F3BF8D,id=06af8296-9e1f-4dab-9512-19c5c9938ca2
2019-10-07 08:28:09,911 [RatisPipelineUtilsThread] INFO  pipeline.PipelineStateManager (PipelineStateManager.java:addPipeline(56)) - Created pipeline Pipeline[ Id: 87c24896-4325-4c50-96af-63f3b4f3bf8d, Nodes: 06af8296-9e1f-4dab-9512-19c5c9938ca2{ip: 192.168.164.213, host: pr-hdds-2238-79fll-759901082, networkLocation: /default-rack, certSerialId: null}, Type:RATIS, Factor:ONE, State:OPEN]
2019-10-07 08:28:09,922 [grpc-default-executor-1] INFO  impl.RaftServerProxy (RaftServerProxy.java:addNew(89)) - ea0720c5-3010-41f9-8b28-0e30b881918f: addNew group-FFC89DBAA88C:[ea0720c5-3010-41f9-8b28-0e30b881918f:192.168.164.213:33267] returns group-FFC89DBAA88C:java.util.concurrent.CompletableFuture@8489aeb[Not completed]
2019-10-07 08:28:09,923 [pool-129-thread-1] INFO  impl.RaftServerImpl (RaftServerImpl.java:<init>(95)) - ea0720c5-3010-41f9-8b28-0e30b881918f: new RaftServerImpl for group-FFC89DBAA88C:[ea0720c5-3010-41f9-8b28-0e30b881918f:192.168.164.213:33267] with ContainerStateMachine:uninitialized
2019-10-07 08:28:09,923 [pool-129-thread-1] INFO  server.RaftServerConfigKeys (ConfUtils.java:logGet(43)) - raft.server.rpc.timeout.min = 5s (custom)
2019-10-07 08:28:09,923 [pool-129-thread-1] INFO  server.RaftServerConfigKeys (ConfUtils.java:logGet(43)) - raft.server.rpc.timeout.max = 5200ms (custom)
2019-10-07 08:28:09,923 [pool-129-thread-1] INFO  server.RaftServerConfigKeys (ConfUtils.java:logGet(43)) - raft.server.rpcslowness.timeout = 120s (custom)
2019-10-07 08:28:09,923 [pool-129-thread-1] INFO  server.RaftServerConfigKeys (ConfUtils.java:logGet(43)) - raft.server.sleep.deviation.threshold = 300 (default)
2019-10-07 08:28:09,923 [pool-129-thread-1] INFO  server.RaftServerConfigKeys (ConfUtils.java:logGet(43)) - raft.server.log.appender.install.snapshot.enabled = false (custom)
2019-10-07 08:28:09,923 [pool-129-thread-1] INFO  impl.RaftServerImpl (ServerState.java:<init>(103)) - ea0720c5-3010-41f9-8b28-0e30b881918f@group-FFC89DBAA88C: ConfigurationManager, init=-1: [ea0720c5-3010-41f9-8b28-0e30b881918f:192.168.164.213:33267], old=null, confs=<EMPTY_MAP>
2019-10-07 08:28:09,924 [pool-129-thread-1] INFO  server.RaftServerConfigKeys (ConfUtils.java:logGet(43)) - raft.server.storage.dir = [/workdir/hadoop-ozone/integration-test/target/test-dir/MiniOzoneClusterImpl-d41106c3-64a1-4add-af3d-d5cb16e1af83/datanode-1/data/ratis] (custom)
2019-10-07 08:28:09,924 [pool-129-thread-1] INFO  server.RaftServerConfigKeys (ConfUtils.java:logGet(43)) - raft.server.log.corruption.policy = EXCEPTION (default)
2019-10-07 08:28:09,924 [pool-129-thread-1] INFO  storage.RaftStorageDirectory (RaftStorageDirectory.java:analyzeStorage(246)) - The storage directory /workdir/hadoop-ozone/integration-test/target/test-dir/MiniOzoneClusterImpl-d41106c3-64a1-4add-af3d-d5cb16e1af83/datanode-1/data/ratis/7355b0e9-da08-4daf-a7af-ffc89dbaa88c does not exist. Creating ...
2019-10-07 08:28:09,947 [pool-129-thread-1] INFO  storage.RaftStorageDirectory (RaftStorageDirectory.java:tryLock(328)) - Lock on /workdir/hadoop-ozone/integration-test/target/test-dir/MiniOzoneClusterImpl-d41106c3-64a1-4add-af3d-d5cb16e1af83/datanode-1/data/ratis/7355b0e9-da08-4daf-a7af-ffc89dbaa88c/in_use.lock acquired by nodename 11634@pr-hdds-2238-79fll-759901082
2019-10-07 08:28:09,947 [IPC Server handler 2 on 45755] INFO  net.NetworkTopology (NetworkTopologyImpl.java:add(111)) - Added a new node: /default-rack/146ceb2f-fc11-43ba-b6ba-1106dcb1a363
2019-10-07 08:28:09,947 [IPC Server handler 2 on 45755] INFO  node.SCMNodeManager (SCMNodeManager.java:register(268)) - Registered Data node : 146ceb2f-fc11-43ba-b6ba-1106dcb1a363{ip: 192.168.164.213, host: pr-hdds-2238-79fll-759901082, networkLocation: /default-rack, certSerialId: null}
2019-10-07 08:28:09,970 [pool-129-thread-1] INFO  storage.RaftStorage (RaftStorage.java:format(84)) - Storage directory /workdir/hadoop-ozone/integration-test/target/test-dir/MiniOzoneClusterImpl-d41106c3-64a1-4add-af3d-d5cb16e1af83/datanode-1/data/ratis/7355b0e9-da08-4daf-a7af-ffc89dbaa88c has been successfully formatted.
2019-10-07 08:28:09,970 [pool-129-thread-1] INFO  ratis.ContainerStateMachine (ContainerStateMachine.java:loadSnapshot(231)) - group-FFC89DBAA88C: The snapshot info is null. Setting the last applied indexto:(t:0, i:~)
2019-10-07 08:28:09,971 [pool-129-thread-1] INFO  server.RaftServerConfigKeys (ConfUtils.java:logGet(43)) - raft.server.notification.no-leader.timeout = 120s (custom)
2019-10-07 08:28:09,971 [pool-129-thread-1] INFO  server.RaftServerConfigKeys (ConfUtils.java:logGet(43)) - raft.server.log.use.memory = false (default)
2019-10-07 08:28:09,971 [pool-129-thread-1] INFO  server.RaftServerConfigKeys (ConfUtils.java:logGet(43)) - raft.server.log.purge.gap = 1000000 (custom)
2019-10-07 08:28:09,971 [pool-129-thread-1] INFO  server.RaftServerConfigKeys (ConfUtils.java:logGet(43)) - raft.server.log.appender.buffer.byte-limit = 33554432 (custom)
2019-10-07 08:28:09,971 [pool-129-thread-1] INFO  server.RaftServerConfigKeys (ConfUtils.java:logGet(43)) - raft.server.log.segment.size.max = 1048576 (custom)
2019-10-07 08:28:09,973 [pool-129-thread-1] INFO  server.RaftServerConfigKeys (ConfUtils.java:logGet(43)) - raft.server.log.segment.cache.num.max = 2 (custom)
2019-10-07 08:28:09,973 [pool-129-thread-1] INFO  segmented.SegmentedRaftLogWorker (SegmentedRaftLogWorker.java:<init>(173)) - new ea0720c5-3010-41f9-8b28-0e30b881918f@group-FFC89DBAA88C-SegmentedRaftLogWorker for RaftStorage:Storage Directory /workdir/hadoop-ozone/integration-test/target/test-dir/MiniOzoneClusterImpl-d41106c3-64a1-4add-af3d-d5cb16e1af83/datanode-1/data/ratis/7355b0e9-da08-4daf-a7af-ffc89dbaa88c
2019-10-07 08:28:09,973 [pool-129-thread-1] INFO  server.RaftServerConfigKeys (ConfUtils.java:logGet(43)) - raft.server.log.queue.byte-limit = 2147483647 (custom)
2019-10-07 08:28:09,973 [pool-129-thread-1] INFO  server.RaftServerConfigKeys (ConfUtils.java:logGet(43)) - raft.server.log.queue.element-limit = 1024 (custom)
2019-10-07 08:28:09,974 [pool-129-thread-1] INFO  server.RaftServerConfigKeys (ConfUtils.java:logGet(43)) - raft.server.log.segment.size.max = 1048576 (custom)
2019-10-07 08:28:09,974 [pool-129-thread-1] INFO  server.RaftServerConfigKeys (ConfUtils.java:logGet(43)) - raft.server.log.preallocated.size = 16384 (custom)
2019-10-07 08:28:09,974 [pool-129-thread-1] INFO  server.RaftServerConfigKeys (ConfUtils.java:logGet(43)) - raft.server.log.write.buffer.size = 33554432 (custom)
2019-10-07 08:28:09,974 [pool-129-thread-1] INFO  server.RaftServerConfigKeys (ConfUtils.java:logGet(43)) - raft.server.log.force.sync.num = 128 (default)
2019-10-07 08:28:09,974 [pool-129-thread-1] INFO  server.RaftServerConfigKeys (ConfUtils.java:logGet(43)) - raft.server.log.statemachine.data.sync = true (default)
2019-10-07 08:28:09,974 [pool-129-thread-1] INFO  server.RaftServerConfigKeys (ConfUtils.java:logGet(43)) - raft.server.log.statemachine.data.sync.timeout = 10s (default)
2019-10-07 08:28:09,974 [pool-129-thread-1] INFO  server.RaftServerConfigKeys (ConfUtils.java:logGet(43)) - raft.server.log.statemachine.data.sync.timeout.retry = -1 (default)
2019-10-07 08:28:09,975 [pool-129-thread-1] INFO  server.RaftServerConfigKeys (ConfUtils.java:logGet(43)) - raft.server.log.statemachine.data.caching.enabled = true (custom)
2019-10-07 08:28:09,975 [pool-129-thread-1] INFO  segmented.SegmentedRaftLogWorker (SegmentedRaftLogWorker.java:lambda$new$0(128)) - ea0720c5-3010-41f9-8b28-0e30b881918f@group-FFC89DBAA88C-SegmentedRaftLogWorker: flushIndex: setUnconditionally 0 -> -1
2019-10-07 08:28:09,975 [pool-129-thread-1] INFO  server.RaftServerConfigKeys (ConfUtils.java:logGet(43)) - raft.server.snapshot.auto.trigger.enabled = true (custom)
2019-10-07 08:28:09,975 [pool-129-thread-1] INFO  server.RaftServerConfigKeys (ConfUtils.java:logGet(43)) - raft.server.snapshot.auto.trigger.threshold = 10000 (custom)
2019-10-07 08:28:09,975 [pool-129-thread-1] INFO  server.RaftServerConfigKeys (ConfUtils.java:logGet(43)) - raft.server.snapshot.retention.file.num = 5 (custom)
2019-10-07 08:28:09,976 [pool-129-thread-1] INFO  server.RaftServerConfigKeys (ConfUtils.java:logGet(43)) - raft.server.retrycache.expirytime = 600000ms (custom)
2019-10-07 08:28:09,978 [pool-129-thread-1] INFO  impl.RaftServerImpl (RaftServerImpl.java:start(181)) - ea0720c5-3010-41f9-8b28-0e30b881918f@group-FFC89DBAA88C: start as a follower, conf=-1: [ea0720c5-3010-41f9-8b28-0e30b881918f:192.168.164.213:33267], old=null
2019-10-07 08:28:09,978 [pool-129-thread-1] INFO  impl.RaftServerImpl (RaftServerImpl.java:setRole(170)) - ea0720c5-3010-41f9-8b28-0e30b881918f@group-FFC89DBAA88C: changes role from      null to FOLLOWER at term 0 for startAsFollower
2019-10-07 08:28:09,978 [pool-129-thread-1] INFO  impl.RoleInfo (RoleInfo.java:updateAndGet(143)) - ea0720c5-3010-41f9-8b28-0e30b881918f: start FollowerState
2019-10-07 08:28:09,978 [pool-129-thread-1] INFO  util.JmxRegister (JmxRegister.java:tryRegister(44)) - Successfully registered JMX Bean with object name Ratis:service=RaftServer,group=group-FFC89DBAA88C,id=ea0720c5-3010-41f9-8b28-0e30b881918f
2019-10-07 08:28:09,983 [RatisPipelineUtilsThread] INFO  pipeline.PipelineStateManager (PipelineStateManager.java:addPipeline(56)) - Created pipeline Pipeline[ Id: 7355b0e9-da08-4daf-a7af-ffc89dbaa88c, Nodes: ea0720c5-3010-41f9-8b28-0e30b881918f{ip: 192.168.164.213, host: pr-hdds-2238-79fll-759901082, networkLocation: /default-rack, certSerialId: null}, Type:RATIS, Factor:ONE, State:OPEN]
2019-10-07 08:28:09,992 [grpc-default-executor-1] INFO  impl.RaftServerProxy (RaftServerProxy.java:addNew(89)) - 146ceb2f-fc11-43ba-b6ba-1106dcb1a363: addNew group-8C38DC083FB3:[146ceb2f-fc11-43ba-b6ba-1106dcb1a363:192.168.164.213:44226] returns group-8C38DC083FB3:java.util.concurrent.CompletableFuture@5e9c7af6[Not completed]
2019-10-07 08:28:09,996 [pool-139-thread-1] INFO  impl.RaftServerImpl (RaftServerImpl.java:<init>(95)) - 146ceb2f-fc11-43ba-b6ba-1106dcb1a363: new RaftServerImpl for group-8C38DC083FB3:[146ceb2f-fc11-43ba-b6ba-1106dcb1a363:192.168.164.213:44226] with ContainerStateMachine:uninitialized
2019-10-07 08:28:09,996 [pool-139-thread-1] INFO  server.RaftServerConfigKeys (ConfUtils.java:logGet(43)) - raft.server.rpc.timeout.min = 5s (custom)
2019-10-07 08:28:09,996 [pool-139-thread-1] INFO  server.RaftServerConfigKeys (ConfUtils.java:logGet(43)) - raft.server.rpc.timeout.max = 5200ms (custom)
2019-10-07 08:28:09,996 [pool-139-thread-1] INFO  server.RaftServerConfigKeys (ConfUtils.java:logGet(43)) - raft.server.rpcslowness.timeout = 120s (custom)
2019-10-07 08:28:09,996 [pool-139-thread-1] INFO  server.RaftServerConfigKeys (ConfUtils.java:logGet(43)) - raft.server.sleep.deviation.threshold = 300 (default)
2019-10-07 08:28:09,997 [pool-139-thread-1] INFO  server.RaftServerConfigKeys (ConfUtils.java:logGet(43)) - raft.server.log.appender.install.snapshot.enabled = false (custom)
2019-10-07 08:28:09,997 [pool-139-thread-1] INFO  impl.RaftServerImpl (ServerState.java:<init>(103)) - 146ceb2f-fc11-43ba-b6ba-1106dcb1a363@group-8C38DC083FB3: ConfigurationManager, init=-1: [146ceb2f-fc11-43ba-b6ba-1106dcb1a363:192.168.164.213:44226], old=null, confs=<EMPTY_MAP>
2019-10-07 08:28:09,997 [pool-139-thread-1] INFO  server.RaftServerConfigKeys (ConfUtils.java:logGet(43)) - raft.server.storage.dir = [/workdir/hadoop-ozone/integration-test/target/test-dir/MiniOzoneClusterImpl-d41106c3-64a1-4add-af3d-d5cb16e1af83/datanode-2/data/ratis] (custom)
2019-10-07 08:28:09,997 [pool-139-thread-1] INFO  server.RaftServerConfigKeys (ConfUtils.java:logGet(43)) - raft.server.log.corruption.policy = EXCEPTION (default)
2019-10-07 08:28:09,997 [pool-139-thread-1] INFO  storage.RaftStorageDirectory (RaftStorageDirectory.java:analyzeStorage(246)) - The storage directory /workdir/hadoop-ozone/integration-test/target/test-dir/MiniOzoneClusterImpl-d41106c3-64a1-4add-af3d-d5cb16e1af83/datanode-2/data/ratis/3ee5c62b-59f1-4430-ad9f-8c38dc083fb3 does not exist. Creating ...
2019-10-07 08:28:10,019 [IPC Server handler 3 on 45755] INFO  net.NetworkTopology (NetworkTopologyImpl.java:add(111)) - Added a new node: /default-rack/f9f653bc-0d42-4710-abb1-893c5b9e2104
2019-10-07 08:28:10,020 [IPC Server handler 3 on 45755] INFO  node.SCMNodeManager (SCMNodeManager.java:register(268)) - Registered Data node : f9f653bc-0d42-4710-abb1-893c5b9e2104{ip: 192.168.164.213, host: pr-hdds-2238-79fll-759901082, networkLocation: /default-rack, certSerialId: null}
2019-10-07 08:28:10,020 [pool-139-thread-1] INFO  storage.RaftStorageDirectory (RaftStorageDirectory.java:tryLock(328)) - Lock on /workdir/hadoop-ozone/integration-test/target/test-dir/MiniOzoneClusterImpl-d41106c3-64a1-4add-af3d-d5cb16e1af83/datanode-2/data/ratis/3ee5c62b-59f1-4430-ad9f-8c38dc083fb3/in_use.lock acquired by nodename 11634@pr-hdds-2238-79fll-759901082
2019-10-07 08:28:10,043 [pool-139-thread-1] INFO  storage.RaftStorage (RaftStorage.java:format(84)) - Storage directory /workdir/hadoop-ozone/integration-test/target/test-dir/MiniOzoneClusterImpl-d41106c3-64a1-4add-af3d-d5cb16e1af83/datanode-2/data/ratis/3ee5c62b-59f1-4430-ad9f-8c38dc083fb3 has been successfully formatted.
2019-10-07 08:28:10,044 [pool-139-thread-1] INFO  ratis.ContainerStateMachine (ContainerStateMachine.java:loadSnapshot(231)) - group-8C38DC083FB3: The snapshot info is null. Setting the last applied indexto:(t:0, i:~)
2019-10-07 08:28:10,044 [pool-139-thread-1] INFO  server.RaftServerConfigKeys (ConfUtils.java:logGet(43)) - raft.server.notification.no-leader.timeout = 120s (custom)
2019-10-07 08:28:10,044 [pool-139-thread-1] INFO  server.RaftServerConfigKeys (ConfUtils.java:logGet(43)) - raft.server.log.use.memory = false (default)
2019-10-07 08:28:10,045 [pool-139-thread-1] INFO  server.RaftServerConfigKeys (ConfUtils.java:logGet(43)) - raft.server.log.purge.gap = 1000000 (custom)
2019-10-07 08:28:10,045 [pool-139-thread-1] INFO  server.RaftServerConfigKeys (ConfUtils.java:logGet(43)) - raft.server.log.appender.buffer.byte-limit = 33554432 (custom)
2019-10-07 08:28:10,045 [pool-139-thread-1] INFO  server.RaftServerConfigKeys (ConfUtils.java:logGet(43)) - raft.server.log.segment.size.max = 1048576 (custom)
2019-10-07 08:28:10,049 [pool-139-thread-1] INFO  server.RaftServerConfigKeys (ConfUtils.java:logGet(43)) - raft.server.log.segment.cache.num.max = 2 (custom)
2019-10-07 08:28:10,049 [pool-139-thread-1] INFO  segmented.SegmentedRaftLogWorker (SegmentedRaftLogWorker.java:<init>(173)) - new 146ceb2f-fc11-43ba-b6ba-1106dcb1a363@group-8C38DC083FB3-SegmentedRaftLogWorker for RaftStorage:Storage Directory /workdir/hadoop-ozone/integration-test/target/test-dir/MiniOzoneClusterImpl-d41106c3-64a1-4add-af3d-d5cb16e1af83/datanode-2/data/ratis/3ee5c62b-59f1-4430-ad9f-8c38dc083fb3
2019-10-07 08:28:10,049 [pool-139-thread-1] INFO  server.RaftServerConfigKeys (ConfUtils.java:logGet(43)) - raft.server.log.queue.byte-limit = 2147483647 (custom)
2019-10-07 08:28:10,049 [pool-139-thread-1] INFO  server.RaftServerConfigKeys (ConfUtils.java:logGet(43)) - raft.server.log.queue.element-limit = 1024 (custom)
2019-10-07 08:28:10,050 [pool-139-thread-1] INFO  server.RaftServerConfigKeys (ConfUtils.java:logGet(43)) - raft.server.log.segment.size.max = 1048576 (custom)
2019-10-07 08:28:10,050 [pool-139-thread-1] INFO  server.RaftServerConfigKeys (ConfUtils.java:logGet(43)) - raft.server.log.preallocated.size = 16384 (custom)
2019-10-07 08:28:10,050 [pool-139-thread-1] INFO  server.RaftServerConfigKeys (ConfUtils.java:logGet(43)) - raft.server.log.write.buffer.size = 33554432 (custom)
2019-10-07 08:28:10,050 [pool-139-thread-1] INFO  server.RaftServerConfigKeys (ConfUtils.java:logGet(43)) - raft.server.log.force.sync.num = 128 (default)
2019-10-07 08:28:10,050 [pool-139-thread-1] INFO  server.RaftServerConfigKeys (ConfUtils.java:logGet(43)) - raft.server.log.statemachine.data.sync = true (default)
2019-10-07 08:28:10,051 [pool-139-thread-1] INFO  server.RaftServerConfigKeys (ConfUtils.java:logGet(43)) - raft.server.log.statemachine.data.sync.timeout = 10s (default)
2019-10-07 08:28:10,051 [pool-139-thread-1] INFO  server.RaftServerConfigKeys (ConfUtils.java:logGet(43)) - raft.server.log.statemachine.data.sync.timeout.retry = -1 (default)
2019-10-07 08:28:10,051 [pool-139-thread-1] INFO  server.RaftServerConfigKeys (ConfUtils.java:logGet(43)) - raft.server.log.statemachine.data.caching.enabled = true (custom)
2019-10-07 08:28:10,052 [pool-139-thread-1] INFO  segmented.SegmentedRaftLogWorker (SegmentedRaftLogWorker.java:lambda$new$0(128)) - 146ceb2f-fc11-43ba-b6ba-1106dcb1a363@group-8C38DC083FB3-SegmentedRaftLogWorker: flushIndex: setUnconditionally 0 -> -1
2019-10-07 08:28:10,052 [pool-139-thread-1] INFO  server.RaftServerConfigKeys (ConfUtils.java:logGet(43)) - raft.server.snapshot.auto.trigger.enabled = true (custom)
2019-10-07 08:28:10,053 [pool-139-thread-1] INFO  server.RaftServerConfigKeys (ConfUtils.java:logGet(43)) - raft.server.snapshot.auto.trigger.threshold = 10000 (custom)
2019-10-07 08:28:10,053 [pool-139-thread-1] INFO  server.RaftServerConfigKeys (ConfUtils.java:logGet(43)) - raft.server.snapshot.retention.file.num = 5 (custom)
2019-10-07 08:28:10,053 [pool-139-thread-1] INFO  server.RaftServerConfigKeys (ConfUtils.java:logGet(43)) - raft.server.retrycache.expirytime = 600000ms (custom)
2019-10-07 08:28:10,056 [pool-139-thread-1] INFO  impl.RaftServerImpl (RaftServerImpl.java:start(181)) - 146ceb2f-fc11-43ba-b6ba-1106dcb1a363@group-8C38DC083FB3: start as a follower, conf=-1: [146ceb2f-fc11-43ba-b6ba-1106dcb1a363:192.168.164.213:44226], old=null
2019-10-07 08:28:10,056 [pool-139-thread-1] INFO  impl.RaftServerImpl (RaftServerImpl.java:setRole(170)) - 146ceb2f-fc11-43ba-b6ba-1106dcb1a363@group-8C38DC083FB3: changes role from      null to FOLLOWER at term 0 for startAsFollower
2019-10-07 08:28:10,056 [pool-139-thread-1] INFO  impl.RoleInfo (RoleInfo.java:updateAndGet(143)) - 146ceb2f-fc11-43ba-b6ba-1106dcb1a363: start FollowerState
2019-10-07 08:28:10,057 [pool-139-thread-1] INFO  util.JmxRegister (JmxRegister.java:tryRegister(44)) - Successfully registered JMX Bean with object name Ratis:service=RaftServer,group=group-8C38DC083FB3,id=146ceb2f-fc11-43ba-b6ba-1106dcb1a363
2019-10-07 08:28:10,063 [RatisPipelineUtilsThread] INFO  pipeline.PipelineStateManager (PipelineStateManager.java:addPipeline(56)) - Created pipeline Pipeline[ Id: 3ee5c62b-59f1-4430-ad9f-8c38dc083fb3, Nodes: 146ceb2f-fc11-43ba-b6ba-1106dcb1a363{ip: 192.168.164.213, host: pr-hdds-2238-79fll-759901082, networkLocation: /default-rack, certSerialId: null}, Type:RATIS, Factor:ONE, State:OPEN]
2019-10-07 08:28:10,074 [grpc-default-executor-1] INFO  impl.RaftServerProxy (RaftServerProxy.java:addNew(89)) - f9f653bc-0d42-4710-abb1-893c5b9e2104: addNew group-238A2224A31B:[f9f653bc-0d42-4710-abb1-893c5b9e2104:192.168.164.213:38354] returns group-238A2224A31B:java.util.concurrent.CompletableFuture@edecf1[Not completed]
2019-10-07 08:28:10,078 [pool-149-thread-1] INFO  impl.RaftServerImpl (RaftServerImpl.java:<init>(95)) - f9f653bc-0d42-4710-abb1-893c5b9e2104: new RaftServerImpl for group-238A2224A31B:[f9f653bc-0d42-4710-abb1-893c5b9e2104:192.168.164.213:38354] with ContainerStateMachine:uninitialized
2019-10-07 08:28:10,078 [pool-149-thread-1] INFO  server.RaftServerConfigKeys (ConfUtils.java:logGet(43)) - raft.server.rpc.timeout.min = 5s (custom)
2019-10-07 08:28:10,078 [pool-149-thread-1] INFO  server.RaftServerConfigKeys (ConfUtils.java:logGet(43)) - raft.server.rpc.timeout.max = 5200ms (custom)
2019-10-07 08:28:10,079 [pool-149-thread-1] INFO  server.RaftServerConfigKeys (ConfUtils.java:logGet(43)) - raft.server.rpcslowness.timeout = 120s (custom)
2019-10-07 08:28:10,079 [pool-149-thread-1] INFO  server.RaftServerConfigKeys (ConfUtils.java:logGet(43)) - raft.server.sleep.deviation.threshold = 300 (default)
2019-10-07 08:28:10,079 [pool-149-thread-1] INFO  server.RaftServerConfigKeys (ConfUtils.java:logGet(43)) - raft.server.log.appender.install.snapshot.enabled = false (custom)
2019-10-07 08:28:10,079 [pool-149-thread-1] INFO  impl.RaftServerImpl (ServerState.java:<init>(103)) - f9f653bc-0d42-4710-abb1-893c5b9e2104@group-238A2224A31B: ConfigurationManager, init=-1: [f9f653bc-0d42-4710-abb1-893c5b9e2104:192.168.164.213:38354], old=null, confs=<EMPTY_MAP>
2019-10-07 08:28:10,079 [pool-149-thread-1] INFO  server.RaftServerConfigKeys (ConfUtils.java:logGet(43)) - raft.server.storage.dir = [/workdir/hadoop-ozone/integration-test/target/test-dir/MiniOzoneClusterImpl-d41106c3-64a1-4add-af3d-d5cb16e1af83/datanode-3/data/ratis] (custom)
2019-10-07 08:28:10,079 [pool-149-thread-1] INFO  server.RaftServerConfigKeys (ConfUtils.java:logGet(43)) - raft.server.log.corruption.policy = EXCEPTION (default)
2019-10-07 08:28:10,080 [pool-149-thread-1] INFO  storage.RaftStorageDirectory (RaftStorageDirectory.java:analyzeStorage(246)) - The storage directory /workdir/hadoop-ozone/integration-test/target/test-dir/MiniOzoneClusterImpl-d41106c3-64a1-4add-af3d-d5cb16e1af83/datanode-3/data/ratis/f579ae40-9dca-41be-b4ca-238a2224a31b does not exist. Creating ...
2019-10-07 08:28:10,090 [IPC Server handler 6 on 45755] INFO  net.NetworkTopology (NetworkTopologyImpl.java:add(111)) - Added a new node: /default-rack/60fa8d9c-eec5-47da-8279-dc7d6429838e
2019-10-07 08:28:10,090 [IPC Server handler 6 on 45755] INFO  node.SCMNodeManager (SCMNodeManager.java:register(268)) - Registered Data node : 60fa8d9c-eec5-47da-8279-dc7d6429838e{ip: 192.168.164.213, host: pr-hdds-2238-79fll-759901082, networkLocation: /default-rack, certSerialId: null}
2019-10-07 08:28:10,119 [pool-149-thread-1] INFO  storage.RaftStorageDirectory (RaftStorageDirectory.java:tryLock(328)) - Lock on /workdir/hadoop-ozone/integration-test/target/test-dir/MiniOzoneClusterImpl-d41106c3-64a1-4add-af3d-d5cb16e1af83/datanode-3/data/ratis/f579ae40-9dca-41be-b4ca-238a2224a31b/in_use.lock acquired by nodename 11634@pr-hdds-2238-79fll-759901082
2019-10-07 08:28:10,144 [pool-149-thread-1] INFO  storage.RaftStorage (RaftStorage.java:format(84)) - Storage directory /workdir/hadoop-ozone/integration-test/target/test-dir/MiniOzoneClusterImpl-d41106c3-64a1-4add-af3d-d5cb16e1af83/datanode-3/data/ratis/f579ae40-9dca-41be-b4ca-238a2224a31b has been successfully formatted.
2019-10-07 08:28:10,144 [pool-149-thread-1] INFO  ratis.ContainerStateMachine (ContainerStateMachine.java:loadSnapshot(231)) - group-238A2224A31B: The snapshot info is null. Setting the last applied indexto:(t:0, i:~)
2019-10-07 08:28:10,145 [pool-149-thread-1] INFO  server.RaftServerConfigKeys (ConfUtils.java:logGet(43)) - raft.server.notification.no-leader.timeout = 120s (custom)
2019-10-07 08:28:10,145 [pool-149-thread-1] INFO  server.RaftServerConfigKeys (ConfUtils.java:logGet(43)) - raft.server.log.use.memory = false (default)
2019-10-07 08:28:10,145 [pool-149-thread-1] INFO  server.RaftServerConfigKeys (ConfUtils.java:logGet(43)) - raft.server.log.purge.gap = 1000000 (custom)
2019-10-07 08:28:10,145 [pool-149-thread-1] INFO  server.RaftServerConfigKeys (ConfUtils.java:logGet(43)) - raft.server.log.appender.buffer.byte-limit = 33554432 (custom)
2019-10-07 08:28:10,145 [pool-149-thread-1] INFO  server.RaftServerConfigKeys (ConfUtils.java:logGet(43)) - raft.server.log.segment.size.max = 1048576 (custom)
2019-10-07 08:28:10,148 [pool-149-thread-1] INFO  server.RaftServerConfigKeys (ConfUtils.java:logGet(43)) - raft.server.log.segment.cache.num.max = 2 (custom)
2019-10-07 08:28:10,148 [pool-149-thread-1] INFO  segmented.SegmentedRaftLogWorker (SegmentedRaftLogWorker.java:<init>(173)) - new f9f653bc-0d42-4710-abb1-893c5b9e2104@group-238A2224A31B-SegmentedRaftLogWorker for RaftStorage:Storage Directory /workdir/hadoop-ozone/integration-test/target/test-dir/MiniOzoneClusterImpl-d41106c3-64a1-4add-af3d-d5cb16e1af83/datanode-3/data/ratis/f579ae40-9dca-41be-b4ca-238a2224a31b
2019-10-07 08:28:10,148 [pool-149-thread-1] INFO  server.RaftServerConfigKeys (ConfUtils.java:logGet(43)) - raft.server.log.queue.byte-limit = 2147483647 (custom)
2019-10-07 08:28:10,148 [pool-149-thread-1] INFO  server.RaftServerConfigKeys (ConfUtils.java:logGet(43)) - raft.server.log.queue.element-limit = 1024 (custom)
2019-10-07 08:28:10,149 [pool-149-thread-1] INFO  server.RaftServerConfigKeys (ConfUtils.java:logGet(43)) - raft.server.log.segment.size.max = 1048576 (custom)
2019-10-07 08:28:10,149 [pool-149-thread-1] INFO  server.RaftServerConfigKeys (ConfUtils.java:logGet(43)) - raft.server.log.preallocated.size = 16384 (custom)
2019-10-07 08:28:10,149 [pool-149-thread-1] INFO  server.RaftServerConfigKeys (ConfUtils.java:logGet(43)) - raft.server.log.write.buffer.size = 33554432 (custom)
2019-10-07 08:28:10,149 [pool-149-thread-1] INFO  server.RaftServerConfigKeys (ConfUtils.java:logGet(43)) - raft.server.log.force.sync.num = 128 (default)
2019-10-07 08:28:10,149 [pool-149-thread-1] INFO  server.RaftServerConfigKeys (ConfUtils.java:logGet(43)) - raft.server.log.statemachine.data.sync = true (default)
2019-10-07 08:28:10,149 [pool-149-thread-1] INFO  server.RaftServerConfigKeys (ConfUtils.java:logGet(43)) - raft.server.log.statemachine.data.sync.timeout = 10s (default)
2019-10-07 08:28:10,150 [pool-149-thread-1] INFO  server.RaftServerConfigKeys (ConfUtils.java:logGet(43)) - raft.server.log.statemachine.data.sync.timeout.retry = -1 (default)
2019-10-07 08:28:10,150 [pool-149-thread-1] INFO  server.RaftServerConfigKeys (ConfUtils.java:logGet(43)) - raft.server.log.statemachine.data.caching.enabled = true (custom)
2019-10-07 08:28:10,151 [pool-149-thread-1] INFO  segmented.SegmentedRaftLogWorker (SegmentedRaftLogWorker.java:lambda$new$0(128)) - f9f653bc-0d42-4710-abb1-893c5b9e2104@group-238A2224A31B-SegmentedRaftLogWorker: flushIndex: setUnconditionally 0 -> -1
2019-10-07 08:28:10,151 [pool-149-thread-1] INFO  server.RaftServerConfigKeys (ConfUtils.java:logGet(43)) - raft.server.snapshot.auto.trigger.enabled = true (custom)
2019-10-07 08:28:10,151 [pool-149-thread-1] INFO  server.RaftServerConfigKeys (ConfUtils.java:logGet(43)) - raft.server.snapshot.auto.trigger.threshold = 10000 (custom)
2019-10-07 08:28:10,151 [pool-149-thread-1] INFO  server.RaftServerConfigKeys (ConfUtils.java:logGet(43)) - raft.server.snapshot.retention.file.num = 5 (custom)
2019-10-07 08:28:10,152 [pool-149-thread-1] INFO  server.RaftServerConfigKeys (ConfUtils.java:logGet(43)) - raft.server.retrycache.expirytime = 600000ms (custom)
2019-10-07 08:28:10,152 [IPC Server handler 4 on 45755] INFO  net.NetworkTopology (NetworkTopologyImpl.java:add(111)) - Added a new node: /default-rack/48f0ddbd-ecfe-47e7-95da-5ecbab1cbdb9
2019-10-07 08:28:10,152 [IPC Server handler 4 on 45755] INFO  node.SCMNodeManager (SCMNodeManager.java:register(268)) - Registered Data node : 48f0ddbd-ecfe-47e7-95da-5ecbab1cbdb9{ip: 192.168.164.213, host: pr-hdds-2238-79fll-759901082, networkLocation: /default-rack, certSerialId: null}
2019-10-07 08:28:10,154 [pool-149-thread-1] INFO  impl.RaftServerImpl (RaftServerImpl.java:start(181)) - f9f653bc-0d42-4710-abb1-893c5b9e2104@group-238A2224A31B: start as a follower, conf=-1: [f9f653bc-0d42-4710-abb1-893c5b9e2104:192.168.164.213:38354], old=null
2019-10-07 08:28:10,154 [pool-149-thread-1] INFO  impl.RaftServerImpl (RaftServerImpl.java:setRole(170)) - f9f653bc-0d42-4710-abb1-893c5b9e2104@group-238A2224A31B: changes role from      null to FOLLOWER at term 0 for startAsFollower
2019-10-07 08:28:10,155 [pool-149-thread-1] INFO  impl.RoleInfo (RoleInfo.java:updateAndGet(143)) - f9f653bc-0d42-4710-abb1-893c5b9e2104: start FollowerState
2019-10-07 08:28:10,169 [pool-149-thread-1] INFO  util.JmxRegister (JmxRegister.java:tryRegister(44)) - Successfully registered JMX Bean with object name Ratis:service=RaftServer,group=group-238A2224A31B,id=f9f653bc-0d42-4710-abb1-893c5b9e2104
2019-10-07 08:28:10,181 [RatisPipelineUtilsThread] INFO  pipeline.PipelineStateManager (PipelineStateManager.java:addPipeline(56)) - Created pipeline Pipeline[ Id: f579ae40-9dca-41be-b4ca-238a2224a31b, Nodes: f9f653bc-0d42-4710-abb1-893c5b9e2104{ip: 192.168.164.213, host: pr-hdds-2238-79fll-759901082, networkLocation: /default-rack, certSerialId: null}, Type:RATIS, Factor:ONE, State:OPEN]
2019-10-07 08:28:10,190 [grpc-default-executor-1] INFO  impl.RaftServerProxy (RaftServerProxy.java:addNew(89)) - 48f0ddbd-ecfe-47e7-95da-5ecbab1cbdb9: addNew group-D6E4D0E605B8:[48f0ddbd-ecfe-47e7-95da-5ecbab1cbdb9:192.168.164.213:45044] returns group-D6E4D0E605B8:java.util.concurrent.CompletableFuture@14ae2be4[Not completed]
2019-10-07 08:28:10,194 [pool-169-thread-1] INFO  impl.RaftServerImpl (RaftServerImpl.java:<init>(95)) - 48f0ddbd-ecfe-47e7-95da-5ecbab1cbdb9: new RaftServerImpl for group-D6E4D0E605B8:[48f0ddbd-ecfe-47e7-95da-5ecbab1cbdb9:192.168.164.213:45044] with ContainerStateMachine:uninitialized
2019-10-07 08:28:10,195 [pool-169-thread-1] INFO  server.RaftServerConfigKeys (ConfUtils.java:logGet(43)) - raft.server.rpc.timeout.min = 5s (custom)
2019-10-07 08:28:10,195 [pool-169-thread-1] INFO  server.RaftServerConfigKeys (ConfUtils.java:logGet(43)) - raft.server.rpc.timeout.max = 5200ms (custom)
2019-10-07 08:28:10,195 [pool-169-thread-1] INFO  server.RaftServerConfigKeys (ConfUtils.java:logGet(43)) - raft.server.rpcslowness.timeout = 120s (custom)
2019-10-07 08:28:10,195 [pool-169-thread-1] INFO  server.RaftServerConfigKeys (ConfUtils.java:logGet(43)) - raft.server.sleep.deviation.threshold = 300 (default)
2019-10-07 08:28:10,195 [pool-169-thread-1] INFO  server.RaftServerConfigKeys (ConfUtils.java:logGet(43)) - raft.server.log.appender.install.snapshot.enabled = false (custom)
2019-10-07 08:28:10,195 [pool-169-thread-1] INFO  impl.RaftServerImpl (ServerState.java:<init>(103)) - 48f0ddbd-ecfe-47e7-95da-5ecbab1cbdb9@group-D6E4D0E605B8: ConfigurationManager, init=-1: [48f0ddbd-ecfe-47e7-95da-5ecbab1cbdb9:192.168.164.213:45044], old=null, confs=<EMPTY_MAP>
2019-10-07 08:28:10,195 [pool-169-thread-1] INFO  server.RaftServerConfigKeys (ConfUtils.java:logGet(43)) - raft.server.storage.dir = [/workdir/hadoop-ozone/integration-test/target/test-dir/MiniOzoneClusterImpl-d41106c3-64a1-4add-af3d-d5cb16e1af83/datanode-5/data/ratis] (custom)
2019-10-07 08:28:10,196 [pool-169-thread-1] INFO  server.RaftServerConfigKeys (ConfUtils.java:logGet(43)) - raft.server.log.corruption.policy = EXCEPTION (default)
2019-10-07 08:28:10,196 [pool-169-thread-1] INFO  storage.RaftStorageDirectory (RaftStorageDirectory.java:analyzeStorage(246)) - The storage directory /workdir/hadoop-ozone/integration-test/target/test-dir/MiniOzoneClusterImpl-d41106c3-64a1-4add-af3d-d5cb16e1af83/datanode-5/data/ratis/a102c8c2-2b19-48aa-9f48-d6e4d0e605b8 does not exist. Creating ...
2019-10-07 08:28:10,210 [IPC Server handler 8 on 45755] INFO  net.NetworkTopology (NetworkTopologyImpl.java:add(111)) - Added a new node: /default-rack/470bbc53-1579-4bd2-a31d-68f148926eb5
2019-10-07 08:28:10,210 [IPC Server handler 8 on 45755] INFO  node.SCMNodeManager (SCMNodeManager.java:register(268)) - Registered Data node : 470bbc53-1579-4bd2-a31d-68f148926eb5{ip: 192.168.164.213, host: pr-hdds-2238-79fll-759901082, networkLocation: /default-rack, certSerialId: null}
2019-10-07 08:28:10,210 [main] INFO  ozone.MiniOzoneClusterImpl (MiniOzoneClusterImpl.java:lambda$waitForClusterToBeReady$0(147)) - Cluster is ready. Got 7 of 7 DN Heartbeats.
2019-10-07 08:28:10,219 [pool-169-thread-1] INFO  storage.RaftStorageDirectory (RaftStorageDirectory.java:tryLock(328)) - Lock on /workdir/hadoop-ozone/integration-test/target/test-dir/MiniOzoneClusterImpl-d41106c3-64a1-4add-af3d-d5cb16e1af83/datanode-5/data/ratis/a102c8c2-2b19-48aa-9f48-d6e4d0e605b8/in_use.lock acquired by nodename 11634@pr-hdds-2238-79fll-759901082
2019-10-07 08:28:10,243 [main] INFO  rpc.RpcClient (RpcClient.java:createVolume(277)) - Creating Volume: testblockoutputstreamwithretries, with jenkins1000 as owner.
2019-10-07 08:28:10,245 [pool-169-thread-1] INFO  storage.RaftStorage (RaftStorage.java:format(84)) - Storage directory /workdir/hadoop-ozone/integration-test/target/test-dir/MiniOzoneClusterImpl-d41106c3-64a1-4add-af3d-d5cb16e1af83/datanode-5/data/ratis/a102c8c2-2b19-48aa-9f48-d6e4d0e605b8 has been successfully formatted.
2019-10-07 08:28:10,245 [pool-169-thread-1] INFO  ratis.ContainerStateMachine (ContainerStateMachine.java:loadSnapshot(231)) - group-D6E4D0E605B8: The snapshot info is null. Setting the last applied indexto:(t:0, i:~)
2019-10-07 08:28:10,245 [pool-169-thread-1] INFO  server.RaftServerConfigKeys (ConfUtils.java:logGet(43)) - raft.server.notification.no-leader.timeout = 120s (custom)
2019-10-07 08:28:10,245 [pool-169-thread-1] INFO  server.RaftServerConfigKeys (ConfUtils.java:logGet(43)) - raft.server.log.use.memory = false (default)
2019-10-07 08:28:10,245 [pool-169-thread-1] INFO  server.RaftServerConfigKeys (ConfUtils.java:logGet(43)) - raft.server.log.purge.gap = 1000000 (custom)
2019-10-07 08:28:10,245 [pool-169-thread-1] INFO  server.RaftServerConfigKeys (ConfUtils.java:logGet(43)) - raft.server.log.appender.buffer.byte-limit = 33554432 (custom)
2019-10-07 08:28:10,245 [pool-169-thread-1] INFO  server.RaftServerConfigKeys (ConfUtils.java:logGet(43)) - raft.server.log.segment.size.max = 1048576 (custom)
2019-10-07 08:28:10,247 [pool-169-thread-1] INFO  server.RaftServerConfigKeys (ConfUtils.java:logGet(43)) - raft.server.log.segment.cache.num.max = 2 (custom)
2019-10-07 08:28:10,247 [pool-169-thread-1] INFO  segmented.SegmentedRaftLogWorker (SegmentedRaftLogWorker.java:<init>(173)) - new 48f0ddbd-ecfe-47e7-95da-5ecbab1cbdb9@group-D6E4D0E605B8-SegmentedRaftLogWorker for RaftStorage:Storage Directory /workdir/hadoop-ozone/integration-test/target/test-dir/MiniOzoneClusterImpl-d41106c3-64a1-4add-af3d-d5cb16e1af83/datanode-5/data/ratis/a102c8c2-2b19-48aa-9f48-d6e4d0e605b8
2019-10-07 08:28:10,247 [IPC Server handler 2 on 33933] INFO  volume.OMVolumeCreateRequest (OMVolumeCreateRequest.java:validateAndUpdateCache(193)) - created volume:testblockoutputstreamwithretries for user:jenkins1000
2019-10-07 08:28:10,247 [pool-169-thread-1] INFO  server.RaftServerConfigKeys (ConfUtils.java:logGet(43)) - raft.server.log.queue.byte-limit = 2147483647 (custom)
2019-10-07 08:28:10,248 [pool-169-thread-1] INFO  server.RaftServerConfigKeys (ConfUtils.java:logGet(43)) - raft.server.log.queue.element-limit = 1024 (custom)
2019-10-07 08:28:10,248 [pool-169-thread-1] INFO  server.RaftServerConfigKeys (ConfUtils.java:logGet(43)) - raft.server.log.segment.size.max = 1048576 (custom)
2019-10-07 08:28:10,248 [pool-169-thread-1] INFO  server.RaftServerConfigKeys (ConfUtils.java:logGet(43)) - raft.server.log.preallocated.size = 16384 (custom)
2019-10-07 08:28:10,248 [pool-169-thread-1] INFO  server.RaftServerConfigKeys (ConfUtils.java:logGet(43)) - raft.server.log.write.buffer.size = 33554432 (custom)
2019-10-07 08:28:10,248 [pool-169-thread-1] INFO  server.RaftServerConfigKeys (ConfUtils.java:logGet(43)) - raft.server.log.force.sync.num = 128 (default)
2019-10-07 08:28:10,248 [pool-169-thread-1] INFO  server.RaftServerConfigKeys (ConfUtils.java:logGet(43)) - raft.server.log.statemachine.data.sync = true (default)
2019-10-07 08:28:10,248 [pool-169-thread-1] INFO  server.RaftServerConfigKeys (ConfUtils.java:logGet(43)) - raft.server.log.statemachine.data.sync.timeout = 10s (default)
2019-10-07 08:28:10,249 [pool-169-thread-1] INFO  server.RaftServerConfigKeys (ConfUtils.java:logGet(43)) - raft.server.log.statemachine.data.sync.timeout.retry = -1 (default)
2019-10-07 08:28:10,249 [pool-169-thread-1] INFO  server.RaftServerConfigKeys (ConfUtils.java:logGet(43)) - raft.server.log.statemachine.data.caching.enabled = true (custom)
2019-10-07 08:28:10,251 [pool-169-thread-1] INFO  segmented.SegmentedRaftLogWorker (SegmentedRaftLogWorker.java:lambda$new$0(128)) - 48f0ddbd-ecfe-47e7-95da-5ecbab1cbdb9@group-D6E4D0E605B8-SegmentedRaftLogWorker: flushIndex: setUnconditionally 0 -> -1
2019-10-07 08:28:10,251 [pool-169-thread-1] INFO  server.RaftServerConfigKeys (ConfUtils.java:logGet(43)) - raft.server.snapshot.auto.trigger.enabled = true (custom)
2019-10-07 08:28:10,251 [pool-169-thread-1] INFO  server.RaftServerConfigKeys (ConfUtils.java:logGet(43)) - raft.server.snapshot.auto.trigger.threshold = 10000 (custom)
2019-10-07 08:28:10,251 [pool-169-thread-1] INFO  server.RaftServerConfigKeys (ConfUtils.java:logGet(43)) - raft.server.snapshot.retention.file.num = 5 (custom)
2019-10-07 08:28:10,251 [pool-169-thread-1] INFO  server.RaftServerConfigKeys (ConfUtils.java:logGet(43)) - raft.server.retrycache.expirytime = 600000ms (custom)
2019-10-07 08:28:10,259 [pool-169-thread-1] INFO  impl.RaftServerImpl (RaftServerImpl.java:start(181)) - 48f0ddbd-ecfe-47e7-95da-5ecbab1cbdb9@group-D6E4D0E605B8: start as a follower, conf=-1: [48f0ddbd-ecfe-47e7-95da-5ecbab1cbdb9:192.168.164.213:45044], old=null
2019-10-07 08:28:10,259 [main] INFO  rpc.RpcClient (RpcClient.java:createBucket(416)) - Creating Bucket: testblockoutputstreamwithretries/testblockoutputstreamwithretries, with Versioning false and Storage Type set to DISK and Encryption set to false 
2019-10-07 08:28:10,259 [pool-169-thread-1] INFO  impl.RaftServerImpl (RaftServerImpl.java:setRole(170)) - 48f0ddbd-ecfe-47e7-95da-5ecbab1cbdb9@group-D6E4D0E605B8: changes role from      null to FOLLOWER at term 0 for startAsFollower
2019-10-07 08:28:10,260 [pool-169-thread-1] INFO  impl.RoleInfo (RoleInfo.java:updateAndGet(143)) - 48f0ddbd-ecfe-47e7-95da-5ecbab1cbdb9: start FollowerState
2019-10-07 08:28:10,260 [pool-169-thread-1] INFO  util.JmxRegister (JmxRegister.java:tryRegister(44)) - Successfully registered JMX Bean with object name Ratis:service=RaftServer,group=group-D6E4D0E605B8,id=48f0ddbd-ecfe-47e7-95da-5ecbab1cbdb9
2019-10-07 08:28:10,266 [RatisPipelineUtilsThread] INFO  pipeline.PipelineStateManager (PipelineStateManager.java:addPipeline(56)) - Created pipeline Pipeline[ Id: a102c8c2-2b19-48aa-9f48-d6e4d0e605b8, Nodes: 48f0ddbd-ecfe-47e7-95da-5ecbab1cbdb9{ip: 192.168.164.213, host: pr-hdds-2238-79fll-759901082, networkLocation: /default-rack, certSerialId: null}, Type:RATIS, Factor:ONE, State:OPEN]
2019-10-07 08:28:10,273 [grpc-default-executor-1] INFO  impl.RaftServerProxy (RaftServerProxy.java:addNew(89)) - 470bbc53-1579-4bd2-a31d-68f148926eb5: addNew group-A4FA8BE4B253:[470bbc53-1579-4bd2-a31d-68f148926eb5:192.168.164.213:45795] returns group-A4FA8BE4B253:java.util.concurrent.CompletableFuture@3764d429[Not completed]
2019-10-07 08:28:10,277 [pool-179-thread-1] INFO  impl.RaftServerImpl (RaftServerImpl.java:<init>(95)) - 470bbc53-1579-4bd2-a31d-68f148926eb5: new RaftServerImpl for group-A4FA8BE4B253:[470bbc53-1579-4bd2-a31d-68f148926eb5:192.168.164.213:45795] with ContainerStateMachine:uninitialized
2019-10-07 08:28:10,277 [pool-179-thread-1] INFO  server.RaftServerConfigKeys (ConfUtils.java:logGet(43)) - raft.server.rpc.timeout.min = 5s (custom)
2019-10-07 08:28:10,277 [pool-179-thread-1] INFO  server.RaftServerConfigKeys (ConfUtils.java:logGet(43)) - raft.server.rpc.timeout.max = 5200ms (custom)
2019-10-07 08:28:10,277 [pool-179-thread-1] INFO  server.RaftServerConfigKeys (ConfUtils.java:logGet(43)) - raft.server.rpcslowness.timeout = 120s (custom)
2019-10-07 08:28:10,277 [pool-179-thread-1] INFO  server.RaftServerConfigKeys (ConfUtils.java:logGet(43)) - raft.server.sleep.deviation.threshold = 300 (default)
2019-10-07 08:28:10,277 [pool-179-thread-1] INFO  server.RaftServerConfigKeys (ConfUtils.java:logGet(43)) - raft.server.log.appender.install.snapshot.enabled = false (custom)
2019-10-07 08:28:10,277 [pool-179-thread-1] INFO  impl.RaftServerImpl (ServerState.java:<init>(103)) - 470bbc53-1579-4bd2-a31d-68f148926eb5@group-A4FA8BE4B253: ConfigurationManager, init=-1: [470bbc53-1579-4bd2-a31d-68f148926eb5:192.168.164.213:45795], old=null, confs=<EMPTY_MAP>
2019-10-07 08:28:10,277 [pool-179-thread-1] INFO  server.RaftServerConfigKeys (ConfUtils.java:logGet(43)) - raft.server.storage.dir = [/workdir/hadoop-ozone/integration-test/target/test-dir/MiniOzoneClusterImpl-d41106c3-64a1-4add-af3d-d5cb16e1af83/datanode-6/data/ratis] (custom)
2019-10-07 08:28:10,278 [pool-179-thread-1] INFO  server.RaftServerConfigKeys (ConfUtils.java:logGet(43)) - raft.server.log.corruption.policy = EXCEPTION (default)
2019-10-07 08:28:10,278 [pool-179-thread-1] INFO  storage.RaftStorageDirectory (RaftStorageDirectory.java:analyzeStorage(246)) - The storage directory /workdir/hadoop-ozone/integration-test/target/test-dir/MiniOzoneClusterImpl-d41106c3-64a1-4add-af3d-d5cb16e1af83/datanode-6/data/ratis/083c6bc7-3d3c-4d70-88d5-a4fa8be4b253 does not exist. Creating ...
2019-10-07 08:28:10,303 [pool-179-thread-1] INFO  storage.RaftStorageDirectory (RaftStorageDirectory.java:tryLock(328)) - Lock on /workdir/hadoop-ozone/integration-test/target/test-dir/MiniOzoneClusterImpl-d41106c3-64a1-4add-af3d-d5cb16e1af83/datanode-6/data/ratis/083c6bc7-3d3c-4d70-88d5-a4fa8be4b253/in_use.lock acquired by nodename 11634@pr-hdds-2238-79fll-759901082
2019-10-07 08:28:10,329 [pool-179-thread-1] INFO  storage.RaftStorage (RaftStorage.java:format(84)) - Storage directory /workdir/hadoop-ozone/integration-test/target/test-dir/MiniOzoneClusterImpl-d41106c3-64a1-4add-af3d-d5cb16e1af83/datanode-6/data/ratis/083c6bc7-3d3c-4d70-88d5-a4fa8be4b253 has been successfully formatted.
2019-10-07 08:28:10,329 [pool-179-thread-1] INFO  ratis.ContainerStateMachine (ContainerStateMachine.java:loadSnapshot(231)) - group-A4FA8BE4B253: The snapshot info is null. Setting the last applied indexto:(t:0, i:~)
2019-10-07 08:28:10,329 [pool-179-thread-1] INFO  server.RaftServerConfigKeys (ConfUtils.java:logGet(43)) - raft.server.notification.no-leader.timeout = 120s (custom)
2019-10-07 08:28:10,329 [pool-179-thread-1] INFO  server.RaftServerConfigKeys (ConfUtils.java:logGet(43)) - raft.server.log.use.memory = false (default)
2019-10-07 08:28:10,329 [pool-179-thread-1] INFO  server.RaftServerConfigKeys (ConfUtils.java:logGet(43)) - raft.server.log.purge.gap = 1000000 (custom)
2019-10-07 08:28:10,330 [pool-179-thread-1] INFO  server.RaftServerConfigKeys (ConfUtils.java:logGet(43)) - raft.server.log.appender.buffer.byte-limit = 33554432 (custom)
2019-10-07 08:28:10,330 [pool-179-thread-1] INFO  server.RaftServerConfigKeys (ConfUtils.java:logGet(43)) - raft.server.log.segment.size.max = 1048576 (custom)
2019-10-07 08:28:10,493 [pool-179-thread-1] INFO  server.RaftServerConfigKeys (ConfUtils.java:logGet(43)) - raft.server.log.segment.cache.num.max = 2 (custom)
2019-10-07 08:28:10,493 [pool-179-thread-1] INFO  segmented.SegmentedRaftLogWorker (SegmentedRaftLogWorker.java:<init>(173)) - new 470bbc53-1579-4bd2-a31d-68f148926eb5@group-A4FA8BE4B253-SegmentedRaftLogWorker for RaftStorage:Storage Directory /workdir/hadoop-ozone/integration-test/target/test-dir/MiniOzoneClusterImpl-d41106c3-64a1-4add-af3d-d5cb16e1af83/datanode-6/data/ratis/083c6bc7-3d3c-4d70-88d5-a4fa8be4b253
2019-10-07 08:28:10,493 [pool-179-thread-1] INFO  server.RaftServerConfigKeys (ConfUtils.java:logGet(43)) - raft.server.log.queue.byte-limit = 2147483647 (custom)
2019-10-07 08:28:10,494 [pool-179-thread-1] INFO  server.RaftServerConfigKeys (ConfUtils.java:logGet(43)) - raft.server.log.queue.element-limit = 1024 (custom)
2019-10-07 08:28:10,494 [pool-179-thread-1] INFO  server.RaftServerConfigKeys (ConfUtils.java:logGet(43)) - raft.server.log.segment.size.max = 1048576 (custom)
2019-10-07 08:28:10,494 [pool-179-thread-1] INFO  server.RaftServerConfigKeys (ConfUtils.java:logGet(43)) - raft.server.log.preallocated.size = 16384 (custom)
2019-10-07 08:28:10,494 [pool-179-thread-1] INFO  server.RaftServerConfigKeys (ConfUtils.java:logGet(43)) - raft.server.log.write.buffer.size = 33554432 (custom)
2019-10-07 08:28:10,494 [pool-179-thread-1] INFO  server.RaftServerConfigKeys (ConfUtils.java:logGet(43)) - raft.server.log.force.sync.num = 128 (default)
2019-10-07 08:28:10,494 [pool-179-thread-1] INFO  server.RaftServerConfigKeys (ConfUtils.java:logGet(43)) - raft.server.log.statemachine.data.sync = true (default)
2019-10-07 08:28:10,495 [pool-179-thread-1] INFO  server.RaftServerConfigKeys (ConfUtils.java:logGet(43)) - raft.server.log.statemachine.data.sync.timeout = 10s (default)
2019-10-07 08:28:10,495 [pool-179-thread-1] INFO  server.RaftServerConfigKeys (ConfUtils.java:logGet(43)) - raft.server.log.statemachine.data.sync.timeout.retry = -1 (default)
2019-10-07 08:28:10,495 [pool-179-thread-1] INFO  server.RaftServerConfigKeys (ConfUtils.java:logGet(43)) - raft.server.log.statemachine.data.caching.enabled = true (custom)
2019-10-07 08:28:10,496 [pool-179-thread-1] INFO  segmented.SegmentedRaftLogWorker (SegmentedRaftLogWorker.java:lambda$new$0(128)) - 470bbc53-1579-4bd2-a31d-68f148926eb5@group-A4FA8BE4B253-SegmentedRaftLogWorker: flushIndex: setUnconditionally 0 -> -1
2019-10-07 08:28:10,502 [pool-179-thread-1] INFO  server.RaftServerConfigKeys (ConfUtils.java:logGet(43)) - raft.server.snapshot.auto.trigger.enabled = true (custom)
2019-10-07 08:28:10,502 [pool-179-thread-1] INFO  server.RaftServerConfigKeys (ConfUtils.java:logGet(43)) - raft.server.snapshot.auto.trigger.threshold = 10000 (custom)
2019-10-07 08:28:10,502 [pool-179-thread-1] INFO  server.RaftServerConfigKeys (ConfUtils.java:logGet(43)) - raft.server.snapshot.retention.file.num = 5 (custom)
2019-10-07 08:28:10,502 [pool-179-thread-1] INFO  server.RaftServerConfigKeys (ConfUtils.java:logGet(43)) - raft.server.retrycache.expirytime = 600000ms (custom)
2019-10-07 08:28:10,508 [pool-179-thread-1] INFO  impl.RaftServerImpl (RaftServerImpl.java:start(181)) - 470bbc53-1579-4bd2-a31d-68f148926eb5@group-A4FA8BE4B253: start as a follower, conf=-1: [470bbc53-1579-4bd2-a31d-68f148926eb5:192.168.164.213:45795], old=null
2019-10-07 08:28:10,508 [pool-179-thread-1] INFO  impl.RaftServerImpl (RaftServerImpl.java:setRole(170)) - 470bbc53-1579-4bd2-a31d-68f148926eb5@group-A4FA8BE4B253: changes role from      null to FOLLOWER at term 0 for startAsFollower
2019-10-07 08:28:10,508 [pool-179-thread-1] INFO  impl.RoleInfo (RoleInfo.java:updateAndGet(143)) - 470bbc53-1579-4bd2-a31d-68f148926eb5: start FollowerState
2019-10-07 08:28:10,515 [pool-179-thread-1] INFO  util.JmxRegister (JmxRegister.java:tryRegister(44)) - Successfully registered JMX Bean with object name Ratis:service=RaftServer,group=group-A4FA8BE4B253,id=470bbc53-1579-4bd2-a31d-68f148926eb5
2019-10-07 08:28:10,549 [RatisPipelineUtilsThread] INFO  pipeline.PipelineStateManager (PipelineStateManager.java:addPipeline(56)) - Created pipeline Pipeline[ Id: 083c6bc7-3d3c-4d70-88d5-a4fa8be4b253, Nodes: 470bbc53-1579-4bd2-a31d-68f148926eb5{ip: 192.168.164.213, host: pr-hdds-2238-79fll-759901082, networkLocation: /default-rack, certSerialId: null}, Type:RATIS, Factor:ONE, State:OPEN]
2019-10-07 08:28:10,596 [grpc-default-executor-1] INFO  impl.RaftServerProxy (RaftServerProxy.java:addNew(89)) - 60fa8d9c-eec5-47da-8279-dc7d6429838e: addNew group-D432434B2D64:[60fa8d9c-eec5-47da-8279-dc7d6429838e:192.168.164.213:39789] returns group-D432434B2D64:java.util.concurrent.CompletableFuture@2c272263[Not completed]
2019-10-07 08:28:10,600 [pool-159-thread-1] INFO  impl.RaftServerImpl (RaftServerImpl.java:<init>(95)) - 60fa8d9c-eec5-47da-8279-dc7d6429838e: new RaftServerImpl for group-D432434B2D64:[60fa8d9c-eec5-47da-8279-dc7d6429838e:192.168.164.213:39789] with ContainerStateMachine:uninitialized
2019-10-07 08:28:10,600 [pool-159-thread-1] INFO  server.RaftServerConfigKeys (ConfUtils.java:logGet(43)) - raft.server.rpc.timeout.min = 5s (custom)
2019-10-07 08:28:10,601 [pool-159-thread-1] INFO  server.RaftServerConfigKeys (ConfUtils.java:logGet(43)) - raft.server.rpc.timeout.max = 5200ms (custom)
2019-10-07 08:28:10,601 [pool-159-thread-1] INFO  server.RaftServerConfigKeys (ConfUtils.java:logGet(43)) - raft.server.rpcslowness.timeout = 120s (custom)
2019-10-07 08:28:10,601 [pool-159-thread-1] INFO  server.RaftServerConfigKeys (ConfUtils.java:logGet(43)) - raft.server.sleep.deviation.threshold = 300 (default)
2019-10-07 08:28:10,601 [pool-159-thread-1] INFO  server.RaftServerConfigKeys (ConfUtils.java:logGet(43)) - raft.server.log.appender.install.snapshot.enabled = false (custom)
2019-10-07 08:28:10,601 [pool-159-thread-1] INFO  impl.RaftServerImpl (ServerState.java:<init>(103)) - 60fa8d9c-eec5-47da-8279-dc7d6429838e@group-D432434B2D64: ConfigurationManager, init=-1: [60fa8d9c-eec5-47da-8279-dc7d6429838e:192.168.164.213:39789], old=null, confs=<EMPTY_MAP>
2019-10-07 08:28:10,602 [pool-159-thread-1] INFO  server.RaftServerConfigKeys (ConfUtils.java:logGet(43)) - raft.server.storage.dir = [/workdir/hadoop-ozone/integration-test/target/test-dir/MiniOzoneClusterImpl-d41106c3-64a1-4add-af3d-d5cb16e1af83/datanode-4/data/ratis] (custom)
2019-10-07 08:28:10,602 [pool-159-thread-1] INFO  server.RaftServerConfigKeys (ConfUtils.java:logGet(43)) - raft.server.log.corruption.policy = EXCEPTION (default)
2019-10-07 08:28:10,602 [pool-159-thread-1] INFO  storage.RaftStorageDirectory (RaftStorageDirectory.java:analyzeStorage(246)) - The storage directory /workdir/hadoop-ozone/integration-test/target/test-dir/MiniOzoneClusterImpl-d41106c3-64a1-4add-af3d-d5cb16e1af83/datanode-4/data/ratis/52d98128-9be6-4ac2-bb02-d432434b2d64 does not exist. Creating ...
2019-10-07 08:28:10,629 [pool-159-thread-1] INFO  storage.RaftStorageDirectory (RaftStorageDirectory.java:tryLock(328)) - Lock on /workdir/hadoop-ozone/integration-test/target/test-dir/MiniOzoneClusterImpl-d41106c3-64a1-4add-af3d-d5cb16e1af83/datanode-4/data/ratis/52d98128-9be6-4ac2-bb02-d432434b2d64/in_use.lock acquired by nodename 11634@pr-hdds-2238-79fll-759901082
2019-10-07 08:28:10,655 [pool-159-thread-1] INFO  storage.RaftStorage (RaftStorage.java:format(84)) - Storage directory /workdir/hadoop-ozone/integration-test/target/test-dir/MiniOzoneClusterImpl-d41106c3-64a1-4add-af3d-d5cb16e1af83/datanode-4/data/ratis/52d98128-9be6-4ac2-bb02-d432434b2d64 has been successfully formatted.
2019-10-07 08:28:10,655 [pool-159-thread-1] INFO  ratis.ContainerStateMachine (ContainerStateMachine.java:loadSnapshot(231)) - group-D432434B2D64: The snapshot info is null. Setting the last applied indexto:(t:0, i:~)
2019-10-07 08:28:10,655 [pool-159-thread-1] INFO  server.RaftServerConfigKeys (ConfUtils.java:logGet(43)) - raft.server.notification.no-leader.timeout = 120s (custom)
2019-10-07 08:28:10,655 [pool-159-thread-1] INFO  server.RaftServerConfigKeys (ConfUtils.java:logGet(43)) - raft.server.log.use.memory = false (default)
2019-10-07 08:28:10,656 [pool-159-thread-1] INFO  server.RaftServerConfigKeys (ConfUtils.java:logGet(43)) - raft.server.log.purge.gap = 1000000 (custom)
2019-10-07 08:28:10,656 [pool-159-thread-1] INFO  server.RaftServerConfigKeys (ConfUtils.java:logGet(43)) - raft.server.log.appender.buffer.byte-limit = 33554432 (custom)
2019-10-07 08:28:10,656 [pool-159-thread-1] INFO  server.RaftServerConfigKeys (ConfUtils.java:logGet(43)) - raft.server.log.segment.size.max = 1048576 (custom)
2019-10-07 08:28:10,659 [pool-159-thread-1] INFO  server.RaftServerConfigKeys (ConfUtils.java:logGet(43)) - raft.server.log.segment.cache.num.max = 2 (custom)
2019-10-07 08:28:10,659 [pool-159-thread-1] INFO  segmented.SegmentedRaftLogWorker (SegmentedRaftLogWorker.java:<init>(173)) - new 60fa8d9c-eec5-47da-8279-dc7d6429838e@group-D432434B2D64-SegmentedRaftLogWorker for RaftStorage:Storage Directory /workdir/hadoop-ozone/integration-test/target/test-dir/MiniOzoneClusterImpl-d41106c3-64a1-4add-af3d-d5cb16e1af83/datanode-4/data/ratis/52d98128-9be6-4ac2-bb02-d432434b2d64
2019-10-07 08:28:10,659 [pool-159-thread-1] INFO  server.RaftServerConfigKeys (ConfUtils.java:logGet(43)) - raft.server.log.queue.byte-limit = 2147483647 (custom)
2019-10-07 08:28:10,659 [pool-159-thread-1] INFO  server.RaftServerConfigKeys (ConfUtils.java:logGet(43)) - raft.server.log.queue.element-limit = 1024 (custom)
2019-10-07 08:28:10,659 [pool-159-thread-1] INFO  server.RaftServerConfigKeys (ConfUtils.java:logGet(43)) - raft.server.log.segment.size.max = 1048576 (custom)
2019-10-07 08:28:10,660 [pool-159-thread-1] INFO  server.RaftServerConfigKeys (ConfUtils.java:logGet(43)) - raft.server.log.preallocated.size = 16384 (custom)
2019-10-07 08:28:10,660 [pool-159-thread-1] INFO  server.RaftServerConfigKeys (ConfUtils.java:logGet(43)) - raft.server.log.write.buffer.size = 33554432 (custom)
2019-10-07 08:28:10,660 [pool-159-thread-1] INFO  server.RaftServerConfigKeys (ConfUtils.java:logGet(43)) - raft.server.log.force.sync.num = 128 (default)
2019-10-07 08:28:10,660 [pool-159-thread-1] INFO  server.RaftServerConfigKeys (ConfUtils.java:logGet(43)) - raft.server.log.statemachine.data.sync = true (default)
2019-10-07 08:28:10,660 [pool-159-thread-1] INFO  server.RaftServerConfigKeys (ConfUtils.java:logGet(43)) - raft.server.log.statemachine.data.sync.timeout = 10s (default)
2019-10-07 08:28:10,660 [pool-159-thread-1] INFO  server.RaftServerConfigKeys (ConfUtils.java:logGet(43)) - raft.server.log.statemachine.data.sync.timeout.retry = -1 (default)
2019-10-07 08:28:10,661 [pool-159-thread-1] INFO  server.RaftServerConfigKeys (ConfUtils.java:logGet(43)) - raft.server.log.statemachine.data.caching.enabled = true (custom)
2019-10-07 08:28:10,661 [pool-159-thread-1] INFO  segmented.SegmentedRaftLogWorker (SegmentedRaftLogWorker.java:lambda$new$0(128)) - 60fa8d9c-eec5-47da-8279-dc7d6429838e@group-D432434B2D64-SegmentedRaftLogWorker: flushIndex: setUnconditionally 0 -> -1
2019-10-07 08:28:10,662 [pool-159-thread-1] INFO  server.RaftServerConfigKeys (ConfUtils.java:logGet(43)) - raft.server.snapshot.auto.trigger.enabled = true (custom)
2019-10-07 08:28:10,662 [pool-159-thread-1] INFO  server.RaftServerConfigKeys (ConfUtils.java:logGet(43)) - raft.server.snapshot.auto.trigger.threshold = 10000 (custom)
2019-10-07 08:28:10,662 [pool-159-thread-1] INFO  server.RaftServerConfigKeys (ConfUtils.java:logGet(43)) - raft.server.snapshot.retention.file.num = 5 (custom)
2019-10-07 08:28:10,662 [pool-159-thread-1] INFO  server.RaftServerConfigKeys (ConfUtils.java:logGet(43)) - raft.server.retrycache.expirytime = 600000ms (custom)
2019-10-07 08:28:10,666 [pool-159-thread-1] INFO  impl.RaftServerImpl (RaftServerImpl.java:start(181)) - 60fa8d9c-eec5-47da-8279-dc7d6429838e@group-D432434B2D64: start as a follower, conf=-1: [60fa8d9c-eec5-47da-8279-dc7d6429838e:192.168.164.213:39789], old=null
2019-10-07 08:28:10,666 [pool-159-thread-1] INFO  impl.RaftServerImpl (RaftServerImpl.java:setRole(170)) - 60fa8d9c-eec5-47da-8279-dc7d6429838e@group-D432434B2D64: changes role from      null to FOLLOWER at term 0 for startAsFollower
2019-10-07 08:28:10,667 [pool-159-thread-1] INFO  impl.RoleInfo (RoleInfo.java:updateAndGet(143)) - 60fa8d9c-eec5-47da-8279-dc7d6429838e: start FollowerState
2019-10-07 08:28:10,667 [pool-159-thread-1] INFO  util.JmxRegister (JmxRegister.java:tryRegister(44)) - Successfully registered JMX Bean with object name Ratis:service=RaftServer,group=group-D432434B2D64,id=60fa8d9c-eec5-47da-8279-dc7d6429838e
2019-10-07 08:28:10,674 [RatisPipelineUtilsThread] INFO  pipeline.PipelineStateManager (PipelineStateManager.java:addPipeline(56)) - Created pipeline Pipeline[ Id: 52d98128-9be6-4ac2-bb02-d432434b2d64, Nodes: 60fa8d9c-eec5-47da-8279-dc7d6429838e{ip: 192.168.164.213, host: pr-hdds-2238-79fll-759901082, networkLocation: /default-rack, certSerialId: null}, Type:RATIS, Factor:ONE, State:OPEN]
2019-10-07 08:28:10,695 [grpc-default-executor-0] INFO  impl.RaftServerProxy (RaftServerProxy.java:addNew(89)) - 470bbc53-1579-4bd2-a31d-68f148926eb5: addNew group-E6DC2C34446F:[470bbc53-1579-4bd2-a31d-68f148926eb5:192.168.164.213:45795, 146ceb2f-fc11-43ba-b6ba-1106dcb1a363:192.168.164.213:44226, 48f0ddbd-ecfe-47e7-95da-5ecbab1cbdb9:192.168.164.213:45044] returns group-E6DC2C34446F:java.util.concurrent.CompletableFuture@22a8a876[Not completed]
2019-10-07 08:28:10,695 [grpc-default-executor-3] INFO  impl.RaftServerProxy (RaftServerProxy.java:addNew(89)) - 146ceb2f-fc11-43ba-b6ba-1106dcb1a363: addNew group-E6DC2C34446F:[470bbc53-1579-4bd2-a31d-68f148926eb5:192.168.164.213:45795, 146ceb2f-fc11-43ba-b6ba-1106dcb1a363:192.168.164.213:44226, 48f0ddbd-ecfe-47e7-95da-5ecbab1cbdb9:192.168.164.213:45044] returns group-E6DC2C34446F:java.util.concurrent.CompletableFuture@3b23bfb5[Not completed]
2019-10-07 08:28:10,696 [grpc-default-executor-3] INFO  impl.RaftServerProxy (RaftServerProxy.java:addNew(89)) - 48f0ddbd-ecfe-47e7-95da-5ecbab1cbdb9: addNew group-E6DC2C34446F:[470bbc53-1579-4bd2-a31d-68f148926eb5:192.168.164.213:45795, 146ceb2f-fc11-43ba-b6ba-1106dcb1a363:192.168.164.213:44226, 48f0ddbd-ecfe-47e7-95da-5ecbab1cbdb9:192.168.164.213:45044] returns group-E6DC2C34446F:java.util.concurrent.CompletableFuture@7ad9e5fa[Not completed]
2019-10-07 08:28:10,696 [pool-179-thread-1] INFO  impl.RaftServerImpl (RaftServerImpl.java:<init>(95)) - 470bbc53-1579-4bd2-a31d-68f148926eb5: new RaftServerImpl for group-E6DC2C34446F:[470bbc53-1579-4bd2-a31d-68f148926eb5:192.168.164.213:45795, 146ceb2f-fc11-43ba-b6ba-1106dcb1a363:192.168.164.213:44226, 48f0ddbd-ecfe-47e7-95da-5ecbab1cbdb9:192.168.164.213:45044] with ContainerStateMachine:uninitialized
2019-10-07 08:28:10,696 [pool-179-thread-1] INFO  server.RaftServerConfigKeys (ConfUtils.java:logGet(43)) - raft.server.rpc.timeout.min = 5s (custom)
2019-10-07 08:28:10,696 [pool-179-thread-1] INFO  server.RaftServerConfigKeys (ConfUtils.java:logGet(43)) - raft.server.rpc.timeout.max = 5200ms (custom)
2019-10-07 08:28:10,696 [pool-179-thread-1] INFO  server.RaftServerConfigKeys (ConfUtils.java:logGet(43)) - raft.server.rpcslowness.timeout = 120s (custom)
2019-10-07 08:28:10,697 [pool-179-thread-1] INFO  server.RaftServerConfigKeys (ConfUtils.java:logGet(43)) - raft.server.sleep.deviation.threshold = 300 (default)
2019-10-07 08:28:10,697 [pool-169-thread-1] INFO  impl.RaftServerImpl (RaftServerImpl.java:<init>(95)) - 48f0ddbd-ecfe-47e7-95da-5ecbab1cbdb9: new RaftServerImpl for group-E6DC2C34446F:[470bbc53-1579-4bd2-a31d-68f148926eb5:192.168.164.213:45795, 146ceb2f-fc11-43ba-b6ba-1106dcb1a363:192.168.164.213:44226, 48f0ddbd-ecfe-47e7-95da-5ecbab1cbdb9:192.168.164.213:45044] with ContainerStateMachine:uninitialized
2019-10-07 08:28:10,697 [pool-179-thread-1] INFO  server.RaftServerConfigKeys (ConfUtils.java:logGet(43)) - raft.server.log.appender.install.snapshot.enabled = false (custom)
2019-10-07 08:28:10,697 [pool-169-thread-1] INFO  server.RaftServerConfigKeys (ConfUtils.java:logGet(43)) - raft.server.rpc.timeout.min = 5s (custom)
2019-10-07 08:28:10,697 [pool-179-thread-1] INFO  impl.RaftServerImpl (ServerState.java:<init>(103)) - 470bbc53-1579-4bd2-a31d-68f148926eb5@group-E6DC2C34446F: ConfigurationManager, init=-1: [470bbc53-1579-4bd2-a31d-68f148926eb5:192.168.164.213:45795, 146ceb2f-fc11-43ba-b6ba-1106dcb1a363:192.168.164.213:44226, 48f0ddbd-ecfe-47e7-95da-5ecbab1cbdb9:192.168.164.213:45044], old=null, confs=<EMPTY_MAP>
2019-10-07 08:28:10,697 [pool-169-thread-1] INFO  server.RaftServerConfigKeys (ConfUtils.java:logGet(43)) - raft.server.rpc.timeout.max = 5200ms (custom)
2019-10-07 08:28:10,697 [pool-139-thread-1] INFO  impl.RaftServerImpl (RaftServerImpl.java:<init>(95)) - 146ceb2f-fc11-43ba-b6ba-1106dcb1a363: new RaftServerImpl for group-E6DC2C34446F:[470bbc53-1579-4bd2-a31d-68f148926eb5:192.168.164.213:45795, 146ceb2f-fc11-43ba-b6ba-1106dcb1a363:192.168.164.213:44226, 48f0ddbd-ecfe-47e7-95da-5ecbab1cbdb9:192.168.164.213:45044] with ContainerStateMachine:uninitialized
2019-10-07 08:28:10,697 [pool-179-thread-1] INFO  server.RaftServerConfigKeys (ConfUtils.java:logGet(43)) - raft.server.storage.dir = [/workdir/hadoop-ozone/integration-test/target/test-dir/MiniOzoneClusterImpl-d41106c3-64a1-4add-af3d-d5cb16e1af83/datanode-6/data/ratis] (custom)
2019-10-07 08:28:10,697 [pool-139-thread-1] INFO  server.RaftServerConfigKeys (ConfUtils.java:logGet(43)) - raft.server.rpc.timeout.min = 5s (custom)
2019-10-07 08:28:10,697 [pool-169-thread-1] INFO  server.RaftServerConfigKeys (ConfUtils.java:logGet(43)) - raft.server.rpcslowness.timeout = 120s (custom)
2019-10-07 08:28:10,697 [pool-179-thread-1] INFO  server.RaftServerConfigKeys (ConfUtils.java:logGet(43)) - raft.server.log.corruption.policy = EXCEPTION (default)
2019-10-07 08:28:10,697 [pool-139-thread-1] INFO  server.RaftServerConfigKeys (ConfUtils.java:logGet(43)) - raft.server.rpc.timeout.max = 5200ms (custom)
2019-10-07 08:28:10,698 [pool-179-thread-1] INFO  storage.RaftStorageDirectory (RaftStorageDirectory.java:analyzeStorage(246)) - The storage directory /workdir/hadoop-ozone/integration-test/target/test-dir/MiniOzoneClusterImpl-d41106c3-64a1-4add-af3d-d5cb16e1af83/datanode-6/data/ratis/fdfd6383-4d60-4f7b-ab0b-e6dc2c34446f does not exist. Creating ...
2019-10-07 08:28:10,698 [pool-139-thread-1] INFO  server.RaftServerConfigKeys (ConfUtils.java:logGet(43)) - raft.server.rpcslowness.timeout = 120s (custom)
2019-10-07 08:28:10,697 [pool-169-thread-1] INFO  server.RaftServerConfigKeys (ConfUtils.java:logGet(43)) - raft.server.sleep.deviation.threshold = 300 (default)
2019-10-07 08:28:10,698 [pool-139-thread-1] INFO  server.RaftServerConfigKeys (ConfUtils.java:logGet(43)) - raft.server.sleep.deviation.threshold = 300 (default)
2019-10-07 08:28:10,698 [pool-169-thread-1] INFO  server.RaftServerConfigKeys (ConfUtils.java:logGet(43)) - raft.server.log.appender.install.snapshot.enabled = false (custom)
2019-10-07 08:28:10,698 [pool-139-thread-1] INFO  server.RaftServerConfigKeys (ConfUtils.java:logGet(43)) - raft.server.log.appender.install.snapshot.enabled = false (custom)
2019-10-07 08:28:10,698 [pool-169-thread-1] INFO  impl.RaftServerImpl (ServerState.java:<init>(103)) - 48f0ddbd-ecfe-47e7-95da-5ecbab1cbdb9@group-E6DC2C34446F: ConfigurationManager, init=-1: [470bbc53-1579-4bd2-a31d-68f148926eb5:192.168.164.213:45795, 146ceb2f-fc11-43ba-b6ba-1106dcb1a363:192.168.164.213:44226, 48f0ddbd-ecfe-47e7-95da-5ecbab1cbdb9:192.168.164.213:45044], old=null, confs=<EMPTY_MAP>
2019-10-07 08:28:10,698 [pool-139-thread-1] INFO  impl.RaftServerImpl (ServerState.java:<init>(103)) - 146ceb2f-fc11-43ba-b6ba-1106dcb1a363@group-E6DC2C34446F: ConfigurationManager, init=-1: [470bbc53-1579-4bd2-a31d-68f148926eb5:192.168.164.213:45795, 146ceb2f-fc11-43ba-b6ba-1106dcb1a363:192.168.164.213:44226, 48f0ddbd-ecfe-47e7-95da-5ecbab1cbdb9:192.168.164.213:45044], old=null, confs=<EMPTY_MAP>
2019-10-07 08:28:10,698 [pool-169-thread-1] INFO  server.RaftServerConfigKeys (ConfUtils.java:logGet(43)) - raft.server.storage.dir = [/workdir/hadoop-ozone/integration-test/target/test-dir/MiniOzoneClusterImpl-d41106c3-64a1-4add-af3d-d5cb16e1af83/datanode-5/data/ratis] (custom)
2019-10-07 08:28:10,698 [pool-139-thread-1] INFO  server.RaftServerConfigKeys (ConfUtils.java:logGet(43)) - raft.server.storage.dir = [/workdir/hadoop-ozone/integration-test/target/test-dir/MiniOzoneClusterImpl-d41106c3-64a1-4add-af3d-d5cb16e1af83/datanode-2/data/ratis] (custom)
2019-10-07 08:28:10,699 [pool-169-thread-1] INFO  server.RaftServerConfigKeys (ConfUtils.java:logGet(43)) - raft.server.log.corruption.policy = EXCEPTION (default)
2019-10-07 08:28:10,699 [pool-139-thread-1] INFO  server.RaftServerConfigKeys (ConfUtils.java:logGet(43)) - raft.server.log.corruption.policy = EXCEPTION (default)
2019-10-07 08:28:10,699 [pool-169-thread-1] INFO  storage.RaftStorageDirectory (RaftStorageDirectory.java:analyzeStorage(246)) - The storage directory /workdir/hadoop-ozone/integration-test/target/test-dir/MiniOzoneClusterImpl-d41106c3-64a1-4add-af3d-d5cb16e1af83/datanode-5/data/ratis/fdfd6383-4d60-4f7b-ab0b-e6dc2c34446f does not exist. Creating ...
2019-10-07 08:28:10,699 [pool-139-thread-1] INFO  storage.RaftStorageDirectory (RaftStorageDirectory.java:analyzeStorage(246)) - The storage directory /workdir/hadoop-ozone/integration-test/target/test-dir/MiniOzoneClusterImpl-d41106c3-64a1-4add-af3d-d5cb16e1af83/datanode-2/data/ratis/fdfd6383-4d60-4f7b-ab0b-e6dc2c34446f does not exist. Creating ...
2019-10-07 08:28:10,720 [pool-139-thread-1] INFO  storage.RaftStorageDirectory (RaftStorageDirectory.java:tryLock(328)) - Lock on /workdir/hadoop-ozone/integration-test/target/test-dir/MiniOzoneClusterImpl-d41106c3-64a1-4add-af3d-d5cb16e1af83/datanode-2/data/ratis/fdfd6383-4d60-4f7b-ab0b-e6dc2c34446f/in_use.lock acquired by nodename 11634@pr-hdds-2238-79fll-759901082
2019-10-07 08:28:10,720 [pool-169-thread-1] INFO  storage.RaftStorageDirectory (RaftStorageDirectory.java:tryLock(328)) - Lock on /workdir/hadoop-ozone/integration-test/target/test-dir/MiniOzoneClusterImpl-d41106c3-64a1-4add-af3d-d5cb16e1af83/datanode-5/data/ratis/fdfd6383-4d60-4f7b-ab0b-e6dc2c34446f/in_use.lock acquired by nodename 11634@pr-hdds-2238-79fll-759901082
2019-10-07 08:28:10,720 [pool-179-thread-1] INFO  storage.RaftStorageDirectory (RaftStorageDirectory.java:tryLock(328)) - Lock on /workdir/hadoop-ozone/integration-test/target/test-dir/MiniOzoneClusterImpl-d41106c3-64a1-4add-af3d-d5cb16e1af83/datanode-6/data/ratis/fdfd6383-4d60-4f7b-ab0b-e6dc2c34446f/in_use.lock acquired by nodename 11634@pr-hdds-2238-79fll-759901082
2019-10-07 08:28:10,743 [pool-179-thread-1] INFO  storage.RaftStorage (RaftStorage.java:format(84)) - Storage directory /workdir/hadoop-ozone/integration-test/target/test-dir/MiniOzoneClusterImpl-d41106c3-64a1-4add-af3d-d5cb16e1af83/datanode-6/data/ratis/fdfd6383-4d60-4f7b-ab0b-e6dc2c34446f has been successfully formatted.
2019-10-07 08:28:10,743 [pool-169-thread-1] INFO  storage.RaftStorage (RaftStorage.java:format(84)) - Storage directory /workdir/hadoop-ozone/integration-test/target/test-dir/MiniOzoneClusterImpl-d41106c3-64a1-4add-af3d-d5cb16e1af83/datanode-5/data/ratis/fdfd6383-4d60-4f7b-ab0b-e6dc2c34446f has been successfully formatted.
2019-10-07 08:28:10,743 [pool-139-thread-1] INFO  storage.RaftStorage (RaftStorage.java:format(84)) - Storage directory /workdir/hadoop-ozone/integration-test/target/test-dir/MiniOzoneClusterImpl-d41106c3-64a1-4add-af3d-d5cb16e1af83/datanode-2/data/ratis/fdfd6383-4d60-4f7b-ab0b-e6dc2c34446f has been successfully formatted.
2019-10-07 08:28:10,743 [pool-179-thread-1] INFO  ratis.ContainerStateMachine (ContainerStateMachine.java:loadSnapshot(231)) - group-E6DC2C34446F: The snapshot info is null. Setting the last applied indexto:(t:0, i:~)
2019-10-07 08:28:10,744 [pool-139-thread-1] INFO  ratis.ContainerStateMachine (ContainerStateMachine.java:loadSnapshot(231)) - group-E6DC2C34446F: The snapshot info is null. Setting the last applied indexto:(t:0, i:~)
2019-10-07 08:28:10,743 [pool-169-thread-1] INFO  ratis.ContainerStateMachine (ContainerStateMachine.java:loadSnapshot(231)) - group-E6DC2C34446F: The snapshot info is null. Setting the last applied indexto:(t:0, i:~)
2019-10-07 08:28:10,744 [pool-139-thread-1] INFO  server.RaftServerConfigKeys (ConfUtils.java:logGet(43)) - raft.server.notification.no-leader.timeout = 120s (custom)
2019-10-07 08:28:10,744 [pool-179-thread-1] INFO  server.RaftServerConfigKeys (ConfUtils.java:logGet(43)) - raft.server.notification.no-leader.timeout = 120s (custom)
2019-10-07 08:28:10,744 [pool-139-thread-1] INFO  server.RaftServerConfigKeys (ConfUtils.java:logGet(43)) - raft.server.log.use.memory = false (default)
2019-10-07 08:28:10,744 [pool-169-thread-1] INFO  server.RaftServerConfigKeys (ConfUtils.java:logGet(43)) - raft.server.notification.no-leader.timeout = 120s (custom)
2019-10-07 08:28:10,744 [pool-139-thread-1] INFO  server.RaftServerConfigKeys (ConfUtils.java:logGet(43)) - raft.server.log.purge.gap = 1000000 (custom)
2019-10-07 08:28:10,744 [pool-179-thread-1] INFO  server.RaftServerConfigKeys (ConfUtils.java:logGet(43)) - raft.server.log.use.memory = false (default)
2019-10-07 08:28:10,744 [pool-139-thread-1] INFO  server.RaftServerConfigKeys (ConfUtils.java:logGet(43)) - raft.server.log.appender.buffer.byte-limit = 33554432 (custom)
2019-10-07 08:28:10,744 [pool-169-thread-1] INFO  server.RaftServerConfigKeys (ConfUtils.java:logGet(43)) - raft.server.log.use.memory = false (default)
2019-10-07 08:28:10,744 [pool-139-thread-1] INFO  server.RaftServerConfigKeys (ConfUtils.java:logGet(43)) - raft.server.log.segment.size.max = 1048576 (custom)
2019-10-07 08:28:10,744 [pool-179-thread-1] INFO  server.RaftServerConfigKeys (ConfUtils.java:logGet(43)) - raft.server.log.purge.gap = 1000000 (custom)
2019-10-07 08:28:10,745 [pool-139-thread-1] INFO  server.RaftServerConfigKeys (ConfUtils.java:logGet(43)) - raft.server.log.segment.cache.num.max = 2 (custom)
2019-10-07 08:28:10,745 [pool-169-thread-1] INFO  server.RaftServerConfigKeys (ConfUtils.java:logGet(43)) - raft.server.log.purge.gap = 1000000 (custom)
2019-10-07 08:28:10,745 [pool-139-thread-1] INFO  segmented.SegmentedRaftLogWorker (SegmentedRaftLogWorker.java:<init>(173)) - new 146ceb2f-fc11-43ba-b6ba-1106dcb1a363@group-E6DC2C34446F-SegmentedRaftLogWorker for RaftStorage:Storage Directory /workdir/hadoop-ozone/integration-test/target/test-dir/MiniOzoneClusterImpl-d41106c3-64a1-4add-af3d-d5cb16e1af83/datanode-2/data/ratis/fdfd6383-4d60-4f7b-ab0b-e6dc2c34446f
2019-10-07 08:28:10,745 [pool-179-thread-1] INFO  server.RaftServerConfigKeys (ConfUtils.java:logGet(43)) - raft.server.log.appender.buffer.byte-limit = 33554432 (custom)
2019-10-07 08:28:10,745 [pool-139-thread-1] INFO  server.RaftServerConfigKeys (ConfUtils.java:logGet(43)) - raft.server.log.queue.byte-limit = 2147483647 (custom)
2019-10-07 08:28:10,745 [pool-169-thread-1] INFO  server.RaftServerConfigKeys (ConfUtils.java:logGet(43)) - raft.server.log.appender.buffer.byte-limit = 33554432 (custom)
2019-10-07 08:28:10,745 [pool-139-thread-1] INFO  server.RaftServerConfigKeys (ConfUtils.java:logGet(43)) - raft.server.log.queue.element-limit = 1024 (custom)
2019-10-07 08:28:10,745 [pool-179-thread-1] INFO  server.RaftServerConfigKeys (ConfUtils.java:logGet(43)) - raft.server.log.segment.size.max = 1048576 (custom)
2019-10-07 08:28:10,746 [pool-139-thread-1] INFO  server.RaftServerConfigKeys (ConfUtils.java:logGet(43)) - raft.server.log.segment.size.max = 1048576 (custom)
2019-10-07 08:28:10,746 [pool-169-thread-1] INFO  server.RaftServerConfigKeys (ConfUtils.java:logGet(43)) - raft.server.log.segment.size.max = 1048576 (custom)
2019-10-07 08:28:10,746 [pool-139-thread-1] INFO  server.RaftServerConfigKeys (ConfUtils.java:logGet(43)) - raft.server.log.preallocated.size = 16384 (custom)
2019-10-07 08:28:10,746 [pool-179-thread-1] INFO  server.RaftServerConfigKeys (ConfUtils.java:logGet(43)) - raft.server.log.segment.cache.num.max = 2 (custom)
2019-10-07 08:28:10,746 [pool-139-thread-1] INFO  server.RaftServerConfigKeys (ConfUtils.java:logGet(43)) - raft.server.log.write.buffer.size = 33554432 (custom)
2019-10-07 08:28:10,746 [pool-169-thread-1] INFO  server.RaftServerConfigKeys (ConfUtils.java:logGet(43)) - raft.server.log.segment.cache.num.max = 2 (custom)
2019-10-07 08:28:10,746 [pool-139-thread-1] INFO  server.RaftServerConfigKeys (ConfUtils.java:logGet(43)) - raft.server.log.force.sync.num = 128 (default)
2019-10-07 08:28:10,746 [pool-179-thread-1] INFO  segmented.SegmentedRaftLogWorker (SegmentedRaftLogWorker.java:<init>(173)) - new 470bbc53-1579-4bd2-a31d-68f148926eb5@group-E6DC2C34446F-SegmentedRaftLogWorker for RaftStorage:Storage Directory /workdir/hadoop-ozone/integration-test/target/test-dir/MiniOzoneClusterImpl-d41106c3-64a1-4add-af3d-d5cb16e1af83/datanode-6/data/ratis/fdfd6383-4d60-4f7b-ab0b-e6dc2c34446f
2019-10-07 08:28:10,746 [pool-139-thread-1] INFO  server.RaftServerConfigKeys (ConfUtils.java:logGet(43)) - raft.server.log.statemachine.data.sync = true (default)
2019-10-07 08:28:10,746 [pool-169-thread-1] INFO  segmented.SegmentedRaftLogWorker (SegmentedRaftLogWorker.java:<init>(173)) - new 48f0ddbd-ecfe-47e7-95da-5ecbab1cbdb9@group-E6DC2C34446F-SegmentedRaftLogWorker for RaftStorage:Storage Directory /workdir/hadoop-ozone/integration-test/target/test-dir/MiniOzoneClusterImpl-d41106c3-64a1-4add-af3d-d5cb16e1af83/datanode-5/data/ratis/fdfd6383-4d60-4f7b-ab0b-e6dc2c34446f
2019-10-07 08:28:10,747 [pool-139-thread-1] INFO  server.RaftServerConfigKeys (ConfUtils.java:logGet(43)) - raft.server.log.statemachine.data.sync.timeout = 10s (default)
2019-10-07 08:28:10,746 [pool-179-thread-1] INFO  server.RaftServerConfigKeys (ConfUtils.java:logGet(43)) - raft.server.log.queue.byte-limit = 2147483647 (custom)
2019-10-07 08:28:10,747 [pool-169-thread-1] INFO  server.RaftServerConfigKeys (ConfUtils.java:logGet(43)) - raft.server.log.queue.byte-limit = 2147483647 (custom)
2019-10-07 08:28:10,747 [pool-139-thread-1] INFO  server.RaftServerConfigKeys (ConfUtils.java:logGet(43)) - raft.server.log.statemachine.data.sync.timeout.retry = -1 (default)
2019-10-07 08:28:10,747 [pool-169-thread-1] INFO  server.RaftServerConfigKeys (ConfUtils.java:logGet(43)) - raft.server.log.queue.element-limit = 1024 (custom)
2019-10-07 08:28:10,747 [pool-179-thread-1] INFO  server.RaftServerConfigKeys (ConfUtils.java:logGet(43)) - raft.server.log.queue.element-limit = 1024 (custom)
2019-10-07 08:28:10,747 [pool-169-thread-1] INFO  server.RaftServerConfigKeys (ConfUtils.java:logGet(43)) - raft.server.log.segment.size.max = 1048576 (custom)
2019-10-07 08:28:10,747 [pool-139-thread-1] INFO  server.RaftServerConfigKeys (ConfUtils.java:logGet(43)) - raft.server.log.statemachine.data.caching.enabled = true (custom)
2019-10-07 08:28:10,748 [pool-169-thread-1] INFO  server.RaftServerConfigKeys (ConfUtils.java:logGet(43)) - raft.server.log.preallocated.size = 16384 (custom)
2019-10-07 08:28:10,748 [pool-139-thread-1] INFO  segmented.SegmentedRaftLogWorker (SegmentedRaftLogWorker.java:lambda$new$0(128)) - 146ceb2f-fc11-43ba-b6ba-1106dcb1a363@group-E6DC2C34446F-SegmentedRaftLogWorker: flushIndex: setUnconditionally 0 -> -1
2019-10-07 08:28:10,747 [pool-179-thread-1] INFO  server.RaftServerConfigKeys (ConfUtils.java:logGet(43)) - raft.server.log.segment.size.max = 1048576 (custom)
2019-10-07 08:28:10,748 [pool-169-thread-1] INFO  server.RaftServerConfigKeys (ConfUtils.java:logGet(43)) - raft.server.log.write.buffer.size = 33554432 (custom)
2019-10-07 08:28:10,748 [pool-139-thread-1] INFO  server.RaftServerConfigKeys (ConfUtils.java:logGet(43)) - raft.server.snapshot.auto.trigger.enabled = true (custom)
2019-10-07 08:28:10,748 [pool-179-thread-1] INFO  server.RaftServerConfigKeys (ConfUtils.java:logGet(43)) - raft.server.log.preallocated.size = 16384 (custom)
2019-10-07 08:28:10,748 [pool-139-thread-1] INFO  server.RaftServerConfigKeys (ConfUtils.java:logGet(43)) - raft.server.snapshot.auto.trigger.threshold = 10000 (custom)
2019-10-07 08:28:10,748 [pool-169-thread-1] INFO  server.RaftServerConfigKeys (ConfUtils.java:logGet(43)) - raft.server.log.force.sync.num = 128 (default)
2019-10-07 08:28:10,748 [pool-139-thread-1] INFO  server.RaftServerConfigKeys (ConfUtils.java:logGet(43)) - raft.server.snapshot.retention.file.num = 5 (custom)
2019-10-07 08:28:10,748 [pool-179-thread-1] INFO  server.RaftServerConfigKeys (ConfUtils.java:logGet(43)) - raft.server.log.write.buffer.size = 33554432 (custom)
2019-10-07 08:28:10,749 [pool-139-thread-1] INFO  server.RaftServerConfigKeys (ConfUtils.java:logGet(43)) - raft.server.retrycache.expirytime = 600000ms (custom)
2019-10-07 08:28:10,749 [pool-169-thread-1] INFO  server.RaftServerConfigKeys (ConfUtils.java:logGet(43)) - raft.server.log.statemachine.data.sync = true (default)
2019-10-07 08:28:10,749 [pool-179-thread-1] INFO  server.RaftServerConfigKeys (ConfUtils.java:logGet(43)) - raft.server.log.force.sync.num = 128 (default)
2019-10-07 08:28:10,749 [pool-169-thread-1] INFO  server.RaftServerConfigKeys (ConfUtils.java:logGet(43)) - raft.server.log.statemachine.data.sync.timeout = 10s (default)
2019-10-07 08:28:10,749 [pool-179-thread-1] INFO  server.RaftServerConfigKeys (ConfUtils.java:logGet(43)) - raft.server.log.statemachine.data.sync = true (default)
2019-10-07 08:28:10,749 [pool-169-thread-1] INFO  server.RaftServerConfigKeys (ConfUtils.java:logGet(43)) - raft.server.log.statemachine.data.sync.timeout.retry = -1 (default)
2019-10-07 08:28:10,749 [pool-179-thread-1] INFO  server.RaftServerConfigKeys (ConfUtils.java:logGet(43)) - raft.server.log.statemachine.data.sync.timeout = 10s (default)
2019-10-07 08:28:10,750 [pool-169-thread-1] INFO  server.RaftServerConfigKeys (ConfUtils.java:logGet(43)) - raft.server.log.statemachine.data.caching.enabled = true (custom)
2019-10-07 08:28:10,750 [pool-179-thread-1] INFO  server.RaftServerConfigKeys (ConfUtils.java:logGet(43)) - raft.server.log.statemachine.data.sync.timeout.retry = -1 (default)
2019-10-07 08:28:10,750 [pool-169-thread-1] INFO  segmented.SegmentedRaftLogWorker (SegmentedRaftLogWorker.java:lambda$new$0(128)) - 48f0ddbd-ecfe-47e7-95da-5ecbab1cbdb9@group-E6DC2C34446F-SegmentedRaftLogWorker: flushIndex: setUnconditionally 0 -> -1
2019-10-07 08:28:10,750 [pool-179-thread-1] INFO  server.RaftServerConfigKeys (ConfUtils.java:logGet(43)) - raft.server.log.statemachine.data.caching.enabled = true (custom)
2019-10-07 08:28:10,750 [pool-169-thread-1] INFO  server.RaftServerConfigKeys (ConfUtils.java:logGet(43)) - raft.server.snapshot.auto.trigger.enabled = true (custom)
2019-10-07 08:28:10,750 [pool-139-thread-1] INFO  impl.RaftServerImpl (RaftServerImpl.java:start(181)) - 146ceb2f-fc11-43ba-b6ba-1106dcb1a363@group-E6DC2C34446F: start as a follower, conf=-1: [470bbc53-1579-4bd2-a31d-68f148926eb5:192.168.164.213:45795, 146ceb2f-fc11-43ba-b6ba-1106dcb1a363:192.168.164.213:44226, 48f0ddbd-ecfe-47e7-95da-5ecbab1cbdb9:192.168.164.213:45044], old=null
2019-10-07 08:28:10,750 [pool-179-thread-1] INFO  segmented.SegmentedRaftLogWorker (SegmentedRaftLogWorker.java:lambda$new$0(128)) - 470bbc53-1579-4bd2-a31d-68f148926eb5@group-E6DC2C34446F-SegmentedRaftLogWorker: flushIndex: setUnconditionally 0 -> -1
2019-10-07 08:28:10,750 [pool-139-thread-1] INFO  impl.RaftServerImpl (RaftServerImpl.java:setRole(170)) - 146ceb2f-fc11-43ba-b6ba-1106dcb1a363@group-E6DC2C34446F: changes role from      null to FOLLOWER at term 0 for startAsFollower
2019-10-07 08:28:10,750 [pool-169-thread-1] INFO  server.RaftServerConfigKeys (ConfUtils.java:logGet(43)) - raft.server.snapshot.auto.trigger.threshold = 10000 (custom)
2019-10-07 08:28:10,751 [pool-179-thread-1] INFO  server.RaftServerConfigKeys (ConfUtils.java:logGet(43)) - raft.server.snapshot.auto.trigger.enabled = true (custom)
2019-10-07 08:28:10,751 [pool-139-thread-1] INFO  impl.RoleInfo (RoleInfo.java:updateAndGet(143)) - 146ceb2f-fc11-43ba-b6ba-1106dcb1a363: start FollowerState
2019-10-07 08:28:10,751 [pool-179-thread-1] INFO  server.RaftServerConfigKeys (ConfUtils.java:logGet(43)) - raft.server.snapshot.auto.trigger.threshold = 10000 (custom)
2019-10-07 08:28:10,751 [pool-169-thread-1] INFO  server.RaftServerConfigKeys (ConfUtils.java:logGet(43)) - raft.server.snapshot.retention.file.num = 5 (custom)
2019-10-07 08:28:10,751 [pool-179-thread-1] INFO  server.RaftServerConfigKeys (ConfUtils.java:logGet(43)) - raft.server.snapshot.retention.file.num = 5 (custom)
2019-10-07 08:28:10,751 [pool-139-thread-1] INFO  util.JmxRegister (JmxRegister.java:tryRegister(44)) - Successfully registered JMX Bean with object name Ratis:service=RaftServer,group=group-E6DC2C34446F,id=146ceb2f-fc11-43ba-b6ba-1106dcb1a363
2019-10-07 08:28:10,752 [pool-179-thread-1] INFO  server.RaftServerConfigKeys (ConfUtils.java:logGet(43)) - raft.server.retrycache.expirytime = 600000ms (custom)
2019-10-07 08:28:10,752 [pool-169-thread-1] INFO  server.RaftServerConfigKeys (ConfUtils.java:logGet(43)) - raft.server.retrycache.expirytime = 600000ms (custom)
2019-10-07 08:28:10,756 [pool-179-thread-1] INFO  impl.RaftServerImpl (RaftServerImpl.java:start(181)) - 470bbc53-1579-4bd2-a31d-68f148926eb5@group-E6DC2C34446F: start as a follower, conf=-1: [470bbc53-1579-4bd2-a31d-68f148926eb5:192.168.164.213:45795, 146ceb2f-fc11-43ba-b6ba-1106dcb1a363:192.168.164.213:44226, 48f0ddbd-ecfe-47e7-95da-5ecbab1cbdb9:192.168.164.213:45044], old=null
2019-10-07 08:28:10,756 [pool-169-thread-1] INFO  impl.RaftServerImpl (RaftServerImpl.java:start(181)) - 48f0ddbd-ecfe-47e7-95da-5ecbab1cbdb9@group-E6DC2C34446F: start as a follower, conf=-1: [470bbc53-1579-4bd2-a31d-68f148926eb5:192.168.164.213:45795, 146ceb2f-fc11-43ba-b6ba-1106dcb1a363:192.168.164.213:44226, 48f0ddbd-ecfe-47e7-95da-5ecbab1cbdb9:192.168.164.213:45044], old=null
2019-10-07 08:28:10,756 [pool-179-thread-1] INFO  impl.RaftServerImpl (RaftServerImpl.java:setRole(170)) - 470bbc53-1579-4bd2-a31d-68f148926eb5@group-E6DC2C34446F: changes role from      null to FOLLOWER at term 0 for startAsFollower
2019-10-07 08:28:10,756 [pool-169-thread-1] INFO  impl.RaftServerImpl (RaftServerImpl.java:setRole(170)) - 48f0ddbd-ecfe-47e7-95da-5ecbab1cbdb9@group-E6DC2C34446F: changes role from      null to FOLLOWER at term 0 for startAsFollower
2019-10-07 08:28:10,757 [pool-179-thread-1] INFO  impl.RoleInfo (RoleInfo.java:updateAndGet(143)) - 470bbc53-1579-4bd2-a31d-68f148926eb5: start FollowerState
2019-10-07 08:28:10,757 [pool-169-thread-1] INFO  impl.RoleInfo (RoleInfo.java:updateAndGet(143)) - 48f0ddbd-ecfe-47e7-95da-5ecbab1cbdb9: start FollowerState
2019-10-07 08:28:10,757 [pool-179-thread-1] INFO  util.JmxRegister (JmxRegister.java:tryRegister(44)) - Successfully registered JMX Bean with object name Ratis:service=RaftServer,group=group-E6DC2C34446F,id=470bbc53-1579-4bd2-a31d-68f148926eb5
2019-10-07 08:28:10,757 [pool-169-thread-1] INFO  util.JmxRegister (JmxRegister.java:tryRegister(44)) - Successfully registered JMX Bean with object name Ratis:service=RaftServer,group=group-E6DC2C34446F,id=48f0ddbd-ecfe-47e7-95da-5ecbab1cbdb9
2019-10-07 08:28:10,763 [RatisPipelineUtilsThread] INFO  pipeline.PipelineStateManager (PipelineStateManager.java:addPipeline(56)) - Created pipeline Pipeline[ Id: fdfd6383-4d60-4f7b-ab0b-e6dc2c34446f, Nodes: 48f0ddbd-ecfe-47e7-95da-5ecbab1cbdb9{ip: 192.168.164.213, host: pr-hdds-2238-79fll-759901082, networkLocation: /default-rack, certSerialId: null}146ceb2f-fc11-43ba-b6ba-1106dcb1a363{ip: 192.168.164.213, host: pr-hdds-2238-79fll-759901082, networkLocation: /default-rack, certSerialId: null}470bbc53-1579-4bd2-a31d-68f148926eb5{ip: 192.168.164.213, host: pr-hdds-2238-79fll-759901082, networkLocation: /default-rack, certSerialId: null}, Type:RATIS, Factor:THREE, State:OPEN]
2019-10-07 08:28:10,777 [grpc-default-executor-1] INFO  impl.RaftServerProxy (RaftServerProxy.java:addNew(89)) - 60fa8d9c-eec5-47da-8279-dc7d6429838e: addNew group-7F16216947DC:[ea0720c5-3010-41f9-8b28-0e30b881918f:192.168.164.213:33267, 60fa8d9c-eec5-47da-8279-dc7d6429838e:192.168.164.213:39789, 06af8296-9e1f-4dab-9512-19c5c9938ca2:192.168.164.213:36446] returns group-7F16216947DC:java.util.concurrent.CompletableFuture@14c11e02[Not completed]
2019-10-07 08:28:10,777 [grpc-default-executor-3] INFO  impl.RaftServerProxy (RaftServerProxy.java:addNew(89)) - 06af8296-9e1f-4dab-9512-19c5c9938ca2: addNew group-7F16216947DC:[ea0720c5-3010-41f9-8b28-0e30b881918f:192.168.164.213:33267, 60fa8d9c-eec5-47da-8279-dc7d6429838e:192.168.164.213:39789, 06af8296-9e1f-4dab-9512-19c5c9938ca2:192.168.164.213:36446] returns group-7F16216947DC:java.util.concurrent.CompletableFuture@11ff3088[Not completed]
2019-10-07 08:28:10,777 [grpc-default-executor-0] INFO  impl.RaftServerProxy (RaftServerProxy.java:addNew(89)) - ea0720c5-3010-41f9-8b28-0e30b881918f: addNew group-7F16216947DC:[ea0720c5-3010-41f9-8b28-0e30b881918f:192.168.164.213:33267, 60fa8d9c-eec5-47da-8279-dc7d6429838e:192.168.164.213:39789, 06af8296-9e1f-4dab-9512-19c5c9938ca2:192.168.164.213:36446] returns group-7F16216947DC:java.util.concurrent.CompletableFuture@115c3a78[Not completed]
2019-10-07 08:28:10,781 [pool-129-thread-1] INFO  impl.RaftServerImpl (RaftServerImpl.java:<init>(95)) - ea0720c5-3010-41f9-8b28-0e30b881918f: new RaftServerImpl for group-7F16216947DC:[ea0720c5-3010-41f9-8b28-0e30b881918f:192.168.164.213:33267, 60fa8d9c-eec5-47da-8279-dc7d6429838e:192.168.164.213:39789, 06af8296-9e1f-4dab-9512-19c5c9938ca2:192.168.164.213:36446] with ContainerStateMachine:uninitialized
2019-10-07 08:28:10,781 [pool-129-thread-1] INFO  server.RaftServerConfigKeys (ConfUtils.java:logGet(43)) - raft.server.rpc.timeout.min = 5s (custom)
2019-10-07 08:28:10,781 [pool-129-thread-1] INFO  server.RaftServerConfigKeys (ConfUtils.java:logGet(43)) - raft.server.rpc.timeout.max = 5200ms (custom)
2019-10-07 08:28:10,781 [pool-129-thread-1] INFO  server.RaftServerConfigKeys (ConfUtils.java:logGet(43)) - raft.server.rpcslowness.timeout = 120s (custom)
2019-10-07 08:28:10,781 [pool-129-thread-1] INFO  server.RaftServerConfigKeys (ConfUtils.java:logGet(43)) - raft.server.sleep.deviation.threshold = 300 (default)
2019-10-07 08:28:10,781 [pool-129-thread-1] INFO  server.RaftServerConfigKeys (ConfUtils.java:logGet(43)) - raft.server.log.appender.install.snapshot.enabled = false (custom)
2019-10-07 08:28:10,781 [pool-119-thread-1] INFO  impl.RaftServerImpl (RaftServerImpl.java:<init>(95)) - 06af8296-9e1f-4dab-9512-19c5c9938ca2: new RaftServerImpl for group-7F16216947DC:[ea0720c5-3010-41f9-8b28-0e30b881918f:192.168.164.213:33267, 60fa8d9c-eec5-47da-8279-dc7d6429838e:192.168.164.213:39789, 06af8296-9e1f-4dab-9512-19c5c9938ca2:192.168.164.213:36446] with ContainerStateMachine:uninitialized
2019-10-07 08:28:10,782 [pool-129-thread-1] INFO  impl.RaftServerImpl (ServerState.java:<init>(103)) - ea0720c5-3010-41f9-8b28-0e30b881918f@group-7F16216947DC: ConfigurationManager, init=-1: [ea0720c5-3010-41f9-8b28-0e30b881918f:192.168.164.213:33267, 60fa8d9c-eec5-47da-8279-dc7d6429838e:192.168.164.213:39789, 06af8296-9e1f-4dab-9512-19c5c9938ca2:192.168.164.213:36446], old=null, confs=<EMPTY_MAP>
2019-10-07 08:28:10,782 [pool-119-thread-1] INFO  server.RaftServerConfigKeys (ConfUtils.java:logGet(43)) - raft.server.rpc.timeout.min = 5s (custom)
2019-10-07 08:28:10,782 [pool-129-thread-1] INFO  server.RaftServerConfigKeys (ConfUtils.java:logGet(43)) - raft.server.storage.dir = [/workdir/hadoop-ozone/integration-test/target/test-dir/MiniOzoneClusterImpl-d41106c3-64a1-4add-af3d-d5cb16e1af83/datanode-1/data/ratis] (custom)
2019-10-07 08:28:10,782 [pool-159-thread-1] INFO  impl.RaftServerImpl (RaftServerImpl.java:<init>(95)) - 60fa8d9c-eec5-47da-8279-dc7d6429838e: new RaftServerImpl for group-7F16216947DC:[ea0720c5-3010-41f9-8b28-0e30b881918f:192.168.164.213:33267, 60fa8d9c-eec5-47da-8279-dc7d6429838e:192.168.164.213:39789, 06af8296-9e1f-4dab-9512-19c5c9938ca2:192.168.164.213:36446] with ContainerStateMachine:uninitialized
2019-10-07 08:28:10,782 [pool-119-thread-1] INFO  server.RaftServerConfigKeys (ConfUtils.java:logGet(43)) - raft.server.rpc.timeout.max = 5200ms (custom)
2019-10-07 08:28:10,782 [pool-129-thread-1] INFO  server.RaftServerConfigKeys (ConfUtils.java:logGet(43)) - raft.server.log.corruption.policy = EXCEPTION (default)
2019-10-07 08:28:10,782 [pool-159-thread-1] INFO  server.RaftServerConfigKeys (ConfUtils.java:logGet(43)) - raft.server.rpc.timeout.min = 5s (custom)
2019-10-07 08:28:10,782 [pool-119-thread-1] INFO  server.RaftServerConfigKeys (ConfUtils.java:logGet(43)) - raft.server.rpcslowness.timeout = 120s (custom)
2019-10-07 08:28:10,782 [pool-129-thread-1] INFO  storage.RaftStorageDirectory (RaftStorageDirectory.java:analyzeStorage(246)) - The storage directory /workdir/hadoop-ozone/integration-test/target/test-dir/MiniOzoneClusterImpl-d41106c3-64a1-4add-af3d-d5cb16e1af83/datanode-1/data/ratis/831e3d60-52a1-403c-a48f-7f16216947dc does not exist. Creating ...
2019-10-07 08:28:10,782 [pool-159-thread-1] INFO  server.RaftServerConfigKeys (ConfUtils.java:logGet(43)) - raft.server.rpc.timeout.max = 5200ms (custom)
2019-10-07 08:28:10,783 [pool-119-thread-1] INFO  server.RaftServerConfigKeys (ConfUtils.java:logGet(43)) - raft.server.sleep.deviation.threshold = 300 (default)
2019-10-07 08:28:10,783 [pool-159-thread-1] INFO  server.RaftServerConfigKeys (ConfUtils.java:logGet(43)) - raft.server.rpcslowness.timeout = 120s (custom)
2019-10-07 08:28:10,783 [pool-119-thread-1] INFO  server.RaftServerConfigKeys (ConfUtils.java:logGet(43)) - raft.server.log.appender.install.snapshot.enabled = false (custom)
2019-10-07 08:28:10,783 [pool-159-thread-1] INFO  server.RaftServerConfigKeys (ConfUtils.java:logGet(43)) - raft.server.sleep.deviation.threshold = 300 (default)
2019-10-07 08:28:10,783 [pool-119-thread-1] INFO  impl.RaftServerImpl (ServerState.java:<init>(103)) - 06af8296-9e1f-4dab-9512-19c5c9938ca2@group-7F16216947DC: ConfigurationManager, init=-1: [ea0720c5-3010-41f9-8b28-0e30b881918f:192.168.164.213:33267, 60fa8d9c-eec5-47da-8279-dc7d6429838e:192.168.164.213:39789, 06af8296-9e1f-4dab-9512-19c5c9938ca2:192.168.164.213:36446], old=null, confs=<EMPTY_MAP>
2019-10-07 08:28:10,783 [pool-159-thread-1] INFO  server.RaftServerConfigKeys (ConfUtils.java:logGet(43)) - raft.server.log.appender.install.snapshot.enabled = false (custom)
2019-10-07 08:28:10,783 [pool-119-thread-1] INFO  server.RaftServerConfigKeys (ConfUtils.java:logGet(43)) - raft.server.storage.dir = [/workdir/hadoop-ozone/integration-test/target/test-dir/MiniOzoneClusterImpl-d41106c3-64a1-4add-af3d-d5cb16e1af83/datanode-0/data/ratis] (custom)
2019-10-07 08:28:10,783 [pool-159-thread-1] INFO  impl.RaftServerImpl (ServerState.java:<init>(103)) - 60fa8d9c-eec5-47da-8279-dc7d6429838e@group-7F16216947DC: ConfigurationManager, init=-1: [ea0720c5-3010-41f9-8b28-0e30b881918f:192.168.164.213:33267, 60fa8d9c-eec5-47da-8279-dc7d6429838e:192.168.164.213:39789, 06af8296-9e1f-4dab-9512-19c5c9938ca2:192.168.164.213:36446], old=null, confs=<EMPTY_MAP>
2019-10-07 08:28:10,784 [pool-159-thread-1] INFO  server.RaftServerConfigKeys (ConfUtils.java:logGet(43)) - raft.server.storage.dir = [/workdir/hadoop-ozone/integration-test/target/test-dir/MiniOzoneClusterImpl-d41106c3-64a1-4add-af3d-d5cb16e1af83/datanode-4/data/ratis] (custom)
2019-10-07 08:28:10,784 [pool-119-thread-1] INFO  server.RaftServerConfigKeys (ConfUtils.java:logGet(43)) - raft.server.log.corruption.policy = EXCEPTION (default)
2019-10-07 08:28:10,784 [pool-159-thread-1] INFO  server.RaftServerConfigKeys (ConfUtils.java:logGet(43)) - raft.server.log.corruption.policy = EXCEPTION (default)
2019-10-07 08:28:10,784 [pool-119-thread-1] INFO  storage.RaftStorageDirectory (RaftStorageDirectory.java:analyzeStorage(246)) - The storage directory /workdir/hadoop-ozone/integration-test/target/test-dir/MiniOzoneClusterImpl-d41106c3-64a1-4add-af3d-d5cb16e1af83/datanode-0/data/ratis/831e3d60-52a1-403c-a48f-7f16216947dc does not exist. Creating ...
2019-10-07 08:28:10,784 [pool-159-thread-1] INFO  storage.RaftStorageDirectory (RaftStorageDirectory.java:analyzeStorage(246)) - The storage directory /workdir/hadoop-ozone/integration-test/target/test-dir/MiniOzoneClusterImpl-d41106c3-64a1-4add-af3d-d5cb16e1af83/datanode-4/data/ratis/831e3d60-52a1-403c-a48f-7f16216947dc does not exist. Creating ...
2019-10-07 08:28:10,804 [pool-119-thread-1] INFO  storage.RaftStorageDirectory (RaftStorageDirectory.java:tryLock(328)) - Lock on /workdir/hadoop-ozone/integration-test/target/test-dir/MiniOzoneClusterImpl-d41106c3-64a1-4add-af3d-d5cb16e1af83/datanode-0/data/ratis/831e3d60-52a1-403c-a48f-7f16216947dc/in_use.lock acquired by nodename 11634@pr-hdds-2238-79fll-759901082
2019-10-07 08:28:10,804 [pool-159-thread-1] INFO  storage.RaftStorageDirectory (RaftStorageDirectory.java:tryLock(328)) - Lock on /workdir/hadoop-ozone/integration-test/target/test-dir/MiniOzoneClusterImpl-d41106c3-64a1-4add-af3d-d5cb16e1af83/datanode-4/data/ratis/831e3d60-52a1-403c-a48f-7f16216947dc/in_use.lock acquired by nodename 11634@pr-hdds-2238-79fll-759901082
2019-10-07 08:28:10,804 [pool-129-thread-1] INFO  storage.RaftStorageDirectory (RaftStorageDirectory.java:tryLock(328)) - Lock on /workdir/hadoop-ozone/integration-test/target/test-dir/MiniOzoneClusterImpl-d41106c3-64a1-4add-af3d-d5cb16e1af83/datanode-1/data/ratis/831e3d60-52a1-403c-a48f-7f16216947dc/in_use.lock acquired by nodename 11634@pr-hdds-2238-79fll-759901082
2019-10-07 08:28:10,818 [pool-119-thread-1] INFO  storage.RaftStorage (RaftStorage.java:format(84)) - Storage directory /workdir/hadoop-ozone/integration-test/target/test-dir/MiniOzoneClusterImpl-d41106c3-64a1-4add-af3d-d5cb16e1af83/datanode-0/data/ratis/831e3d60-52a1-403c-a48f-7f16216947dc has been successfully formatted.
2019-10-07 08:28:10,818 [pool-129-thread-1] INFO  storage.RaftStorage (RaftStorage.java:format(84)) - Storage directory /workdir/hadoop-ozone/integration-test/target/test-dir/MiniOzoneClusterImpl-d41106c3-64a1-4add-af3d-d5cb16e1af83/datanode-1/data/ratis/831e3d60-52a1-403c-a48f-7f16216947dc has been successfully formatted.
2019-10-07 08:28:10,818 [pool-159-thread-1] INFO  storage.RaftStorage (RaftStorage.java:format(84)) - Storage directory /workdir/hadoop-ozone/integration-test/target/test-dir/MiniOzoneClusterImpl-d41106c3-64a1-4add-af3d-d5cb16e1af83/datanode-4/data/ratis/831e3d60-52a1-403c-a48f-7f16216947dc has been successfully formatted.
2019-10-07 08:28:10,818 [pool-119-thread-1] INFO  ratis.ContainerStateMachine (ContainerStateMachine.java:loadSnapshot(231)) - group-7F16216947DC: The snapshot info is null. Setting the last applied indexto:(t:0, i:~)
2019-10-07 08:28:10,818 [pool-129-thread-1] INFO  ratis.ContainerStateMachine (ContainerStateMachine.java:loadSnapshot(231)) - group-7F16216947DC: The snapshot info is null. Setting the last applied indexto:(t:0, i:~)
2019-10-07 08:28:10,818 [pool-119-thread-1] INFO  server.RaftServerConfigKeys (ConfUtils.java:logGet(43)) - raft.server.notification.no-leader.timeout = 120s (custom)
2019-10-07 08:28:10,818 [pool-159-thread-1] INFO  ratis.ContainerStateMachine (ContainerStateMachine.java:loadSnapshot(231)) - group-7F16216947DC: The snapshot info is null. Setting the last applied indexto:(t:0, i:~)
2019-10-07 08:28:10,819 [pool-119-thread-1] INFO  server.RaftServerConfigKeys (ConfUtils.java:logGet(43)) - raft.server.log.use.memory = false (default)
2019-10-07 08:28:10,819 [pool-129-thread-1] INFO  server.RaftServerConfigKeys (ConfUtils.java:logGet(43)) - raft.server.notification.no-leader.timeout = 120s (custom)
2019-10-07 08:28:10,819 [pool-119-thread-1] INFO  server.RaftServerConfigKeys (ConfUtils.java:logGet(43)) - raft.server.log.purge.gap = 1000000 (custom)
2019-10-07 08:28:10,819 [pool-159-thread-1] INFO  server.RaftServerConfigKeys (ConfUtils.java:logGet(43)) - raft.server.notification.no-leader.timeout = 120s (custom)
2019-10-07 08:28:10,819 [pool-119-thread-1] INFO  server.RaftServerConfigKeys (ConfUtils.java:logGet(43)) - raft.server.log.appender.buffer.byte-limit = 33554432 (custom)
2019-10-07 08:28:10,819 [pool-129-thread-1] INFO  server.RaftServerConfigKeys (ConfUtils.java:logGet(43)) - raft.server.log.use.memory = false (default)
2019-10-07 08:28:10,820 [pool-119-thread-1] INFO  server.RaftServerConfigKeys (ConfUtils.java:logGet(43)) - raft.server.log.segment.size.max = 1048576 (custom)
2019-10-07 08:28:10,819 [pool-159-thread-1] INFO  server.RaftServerConfigKeys (ConfUtils.java:logGet(43)) - raft.server.log.use.memory = false (default)
2019-10-07 08:28:10,820 [pool-119-thread-1] INFO  server.RaftServerConfigKeys (ConfUtils.java:logGet(43)) - raft.server.log.segment.cache.num.max = 2 (custom)
2019-10-07 08:28:10,820 [pool-129-thread-1] INFO  server.RaftServerConfigKeys (ConfUtils.java:logGet(43)) - raft.server.log.purge.gap = 1000000 (custom)
2019-10-07 08:28:10,820 [pool-119-thread-1] INFO  segmented.SegmentedRaftLogWorker (SegmentedRaftLogWorker.java:<init>(173)) - new 06af8296-9e1f-4dab-9512-19c5c9938ca2@group-7F16216947DC-SegmentedRaftLogWorker for RaftStorage:Storage Directory /workdir/hadoop-ozone/integration-test/target/test-dir/MiniOzoneClusterImpl-d41106c3-64a1-4add-af3d-d5cb16e1af83/datanode-0/data/ratis/831e3d60-52a1-403c-a48f-7f16216947dc
2019-10-07 08:28:10,820 [pool-159-thread-1] INFO  server.RaftServerConfigKeys (ConfUtils.java:logGet(43)) - raft.server.log.purge.gap = 1000000 (custom)
2019-10-07 08:28:10,820 [pool-119-thread-1] INFO  server.RaftServerConfigKeys (ConfUtils.java:logGet(43)) - raft.server.log.queue.byte-limit = 2147483647 (custom)
2019-10-07 08:28:10,820 [pool-129-thread-1] INFO  server.RaftServerConfigKeys (ConfUtils.java:logGet(43)) - raft.server.log.appender.buffer.byte-limit = 33554432 (custom)
2019-10-07 08:28:10,821 [pool-119-thread-1] INFO  server.RaftServerConfigKeys (ConfUtils.java:logGet(43)) - raft.server.log.queue.element-limit = 1024 (custom)
2019-10-07 08:28:10,821 [pool-159-thread-1] INFO  server.RaftServerConfigKeys (ConfUtils.java:logGet(43)) - raft.server.log.appender.buffer.byte-limit = 33554432 (custom)
2019-10-07 08:28:10,821 [pool-119-thread-1] INFO  server.RaftServerConfigKeys (ConfUtils.java:logGet(43)) - raft.server.log.segment.size.max = 1048576 (custom)
2019-10-07 08:28:10,821 [pool-129-thread-1] INFO  server.RaftServerConfigKeys (ConfUtils.java:logGet(43)) - raft.server.log.segment.size.max = 1048576 (custom)
2019-10-07 08:28:10,821 [pool-119-thread-1] INFO  server.RaftServerConfigKeys (ConfUtils.java:logGet(43)) - raft.server.log.preallocated.size = 16384 (custom)
2019-10-07 08:28:10,821 [pool-159-thread-1] INFO  server.RaftServerConfigKeys (ConfUtils.java:logGet(43)) - raft.server.log.segment.size.max = 1048576 (custom)
2019-10-07 08:28:10,822 [pool-119-thread-1] INFO  server.RaftServerConfigKeys (ConfUtils.java:logGet(43)) - raft.server.log.write.buffer.size = 33554432 (custom)
2019-10-07 08:28:10,822 [pool-119-thread-1] INFO  server.RaftServerConfigKeys (ConfUtils.java:logGet(43)) - raft.server.log.force.sync.num = 128 (default)
2019-10-07 08:28:10,822 [pool-129-thread-1] INFO  server.RaftServerConfigKeys (ConfUtils.java:logGet(43)) - raft.server.log.segment.cache.num.max = 2 (custom)
2019-10-07 08:28:10,822 [pool-119-thread-1] INFO  server.RaftServerConfigKeys (ConfUtils.java:logGet(43)) - raft.server.log.statemachine.data.sync = true (default)
2019-10-07 08:28:10,822 [pool-159-thread-1] INFO  server.RaftServerConfigKeys (ConfUtils.java:logGet(43)) - raft.server.log.segment.cache.num.max = 2 (custom)
2019-10-07 08:28:10,822 [pool-119-thread-1] INFO  server.RaftServerConfigKeys (ConfUtils.java:logGet(43)) - raft.server.log.statemachine.data.sync.timeout = 10s (default)
2019-10-07 08:28:10,822 [pool-129-thread-1] INFO  segmented.SegmentedRaftLogWorker (SegmentedRaftLogWorker.java:<init>(173)) - new ea0720c5-3010-41f9-8b28-0e30b881918f@group-7F16216947DC-SegmentedRaftLogWorker for RaftStorage:Storage Directory /workdir/hadoop-ozone/integration-test/target/test-dir/MiniOzoneClusterImpl-d41106c3-64a1-4add-af3d-d5cb16e1af83/datanode-1/data/ratis/831e3d60-52a1-403c-a48f-7f16216947dc
2019-10-07 08:28:10,823 [pool-119-thread-1] INFO  server.RaftServerConfigKeys (ConfUtils.java:logGet(43)) - raft.server.log.statemachine.data.sync.timeout.retry = -1 (default)
2019-10-07 08:28:10,823 [pool-159-thread-1] INFO  segmented.SegmentedRaftLogWorker (SegmentedRaftLogWorker.java:<init>(173)) - new 60fa8d9c-eec5-47da-8279-dc7d6429838e@group-7F16216947DC-SegmentedRaftLogWorker for RaftStorage:Storage Directory /workdir/hadoop-ozone/integration-test/target/test-dir/MiniOzoneClusterImpl-d41106c3-64a1-4add-af3d-d5cb16e1af83/datanode-4/data/ratis/831e3d60-52a1-403c-a48f-7f16216947dc
2019-10-07 08:28:10,823 [pool-129-thread-1] INFO  server.RaftServerConfigKeys (ConfUtils.java:logGet(43)) - raft.server.log.queue.byte-limit = 2147483647 (custom)
2019-10-07 08:28:10,823 [pool-159-thread-1] INFO  server.RaftServerConfigKeys (ConfUtils.java:logGet(43)) - raft.server.log.queue.byte-limit = 2147483647 (custom)
2019-10-07 08:28:10,823 [pool-119-thread-1] INFO  server.RaftServerConfigKeys (ConfUtils.java:logGet(43)) - raft.server.log.statemachine.data.caching.enabled = true (custom)
2019-10-07 08:28:10,824 [pool-159-thread-1] INFO  server.RaftServerConfigKeys (ConfUtils.java:logGet(43)) - raft.server.log.queue.element-limit = 1024 (custom)
2019-10-07 08:28:10,824 [pool-119-thread-1] INFO  segmented.SegmentedRaftLogWorker (SegmentedRaftLogWorker.java:lambda$new$0(128)) - 06af8296-9e1f-4dab-9512-19c5c9938ca2@group-7F16216947DC-SegmentedRaftLogWorker: flushIndex: setUnconditionally 0 -> -1
2019-10-07 08:28:10,823 [pool-129-thread-1] INFO  server.RaftServerConfigKeys (ConfUtils.java:logGet(43)) - raft.server.log.queue.element-limit = 1024 (custom)
2019-10-07 08:28:10,824 [pool-159-thread-1] INFO  server.RaftServerConfigKeys (ConfUtils.java:logGet(43)) - raft.server.log.segment.size.max = 1048576 (custom)
2019-10-07 08:28:10,824 [pool-129-thread-1] INFO  server.RaftServerConfigKeys (ConfUtils.java:logGet(43)) - raft.server.log.segment.size.max = 1048576 (custom)
2019-10-07 08:28:10,824 [pool-119-thread-1] INFO  server.RaftServerConfigKeys (ConfUtils.java:logGet(43)) - raft.server.snapshot.auto.trigger.enabled = true (custom)
2019-10-07 08:28:10,824 [pool-129-thread-1] INFO  server.RaftServerConfigKeys (ConfUtils.java:logGet(43)) - raft.server.log.preallocated.size = 16384 (custom)
2019-10-07 08:28:10,824 [pool-159-thread-1] INFO  server.RaftServerConfigKeys (ConfUtils.java:logGet(43)) - raft.server.log.preallocated.size = 16384 (custom)
2019-10-07 08:28:10,825 [pool-129-thread-1] INFO  server.RaftServerConfigKeys (ConfUtils.java:logGet(43)) - raft.server.log.write.buffer.size = 33554432 (custom)
2019-10-07 08:28:10,825 [pool-119-thread-1] INFO  server.RaftServerConfigKeys (ConfUtils.java:logGet(43)) - raft.server.snapshot.auto.trigger.threshold = 10000 (custom)
2019-10-07 08:28:10,825 [pool-129-thread-1] INFO  server.RaftServerConfigKeys (ConfUtils.java:logGet(43)) - raft.server.log.force.sync.num = 128 (default)
2019-10-07 08:28:10,825 [pool-159-thread-1] INFO  server.RaftServerConfigKeys (ConfUtils.java:logGet(43)) - raft.server.log.write.buffer.size = 33554432 (custom)
2019-10-07 08:28:10,825 [pool-129-thread-1] INFO  server.RaftServerConfigKeys (ConfUtils.java:logGet(43)) - raft.server.log.statemachine.data.sync = true (default)
2019-10-07 08:28:10,825 [pool-119-thread-1] INFO  server.RaftServerConfigKeys (ConfUtils.java:logGet(43)) - raft.server.snapshot.retention.file.num = 5 (custom)
2019-10-07 08:28:10,826 [pool-129-thread-1] INFO  server.RaftServerConfigKeys (ConfUtils.java:logGet(43)) - raft.server.log.statemachine.data.sync.timeout = 10s (default)
2019-10-07 08:28:10,826 [pool-159-thread-1] INFO  server.RaftServerConfigKeys (ConfUtils.java:logGet(43)) - raft.server.log.force.sync.num = 128 (default)
2019-10-07 08:28:10,826 [pool-129-thread-1] INFO  server.RaftServerConfigKeys (ConfUtils.java:logGet(43)) - raft.server.log.statemachine.data.sync.timeout.retry = -1 (default)
2019-10-07 08:28:10,826 [pool-119-thread-1] INFO  server.RaftServerConfigKeys (ConfUtils.java:logGet(43)) - raft.server.retrycache.expirytime = 600000ms (custom)
2019-10-07 08:28:10,826 [pool-159-thread-1] INFO  server.RaftServerConfigKeys (ConfUtils.java:logGet(43)) - raft.server.log.statemachine.data.sync = true (default)
2019-10-07 08:28:10,827 [pool-129-thread-1] INFO  server.RaftServerConfigKeys (ConfUtils.java:logGet(43)) - raft.server.log.statemachine.data.caching.enabled = true (custom)
2019-10-07 08:28:10,827 [pool-159-thread-1] INFO  server.RaftServerConfigKeys (ConfUtils.java:logGet(43)) - raft.server.log.statemachine.data.sync.timeout = 10s (default)
2019-10-07 08:28:10,827 [pool-129-thread-1] INFO  segmented.SegmentedRaftLogWorker (SegmentedRaftLogWorker.java:lambda$new$0(128)) - ea0720c5-3010-41f9-8b28-0e30b881918f@group-7F16216947DC-SegmentedRaftLogWorker: flushIndex: setUnconditionally 0 -> -1
2019-10-07 08:28:10,827 [pool-159-thread-1] INFO  server.RaftServerConfigKeys (ConfUtils.java:logGet(43)) - raft.server.log.statemachine.data.sync.timeout.retry = -1 (default)
2019-10-07 08:28:10,827 [pool-129-thread-1] INFO  server.RaftServerConfigKeys (ConfUtils.java:logGet(43)) - raft.server.snapshot.auto.trigger.enabled = true (custom)
2019-10-07 08:28:10,828 [pool-159-thread-1] INFO  server.RaftServerConfigKeys (ConfUtils.java:logGet(43)) - raft.server.log.statemachine.data.caching.enabled = true (custom)
2019-10-07 08:28:10,828 [pool-129-thread-1] INFO  server.RaftServerConfigKeys (ConfUtils.java:logGet(43)) - raft.server.snapshot.auto.trigger.threshold = 10000 (custom)
2019-10-07 08:28:10,828 [pool-129-thread-1] INFO  server.RaftServerConfigKeys (ConfUtils.java:logGet(43)) - raft.server.snapshot.retention.file.num = 5 (custom)
2019-10-07 08:28:10,828 [pool-159-thread-1] INFO  segmented.SegmentedRaftLogWorker (SegmentedRaftLogWorker.java:lambda$new$0(128)) - 60fa8d9c-eec5-47da-8279-dc7d6429838e@group-7F16216947DC-SegmentedRaftLogWorker: flushIndex: setUnconditionally 0 -> -1
2019-10-07 08:28:10,828 [pool-129-thread-1] INFO  server.RaftServerConfigKeys (ConfUtils.java:logGet(43)) - raft.server.retrycache.expirytime = 600000ms (custom)
2019-10-07 08:28:10,828 [pool-159-thread-1] INFO  server.RaftServerConfigKeys (ConfUtils.java:logGet(43)) - raft.server.snapshot.auto.trigger.enabled = true (custom)
2019-10-07 08:28:10,829 [pool-159-thread-1] INFO  server.RaftServerConfigKeys (ConfUtils.java:logGet(43)) - raft.server.snapshot.auto.trigger.threshold = 10000 (custom)
2019-10-07 08:28:10,829 [pool-159-thread-1] INFO  server.RaftServerConfigKeys (ConfUtils.java:logGet(43)) - raft.server.snapshot.retention.file.num = 5 (custom)
2019-10-07 08:28:10,829 [pool-159-thread-1] INFO  server.RaftServerConfigKeys (ConfUtils.java:logGet(43)) - raft.server.retrycache.expirytime = 600000ms (custom)
2019-10-07 08:28:10,829 [pool-119-thread-1] INFO  impl.RaftServerImpl (RaftServerImpl.java:start(181)) - 06af8296-9e1f-4dab-9512-19c5c9938ca2@group-7F16216947DC: start as a follower, conf=-1: [ea0720c5-3010-41f9-8b28-0e30b881918f:192.168.164.213:33267, 60fa8d9c-eec5-47da-8279-dc7d6429838e:192.168.164.213:39789, 06af8296-9e1f-4dab-9512-19c5c9938ca2:192.168.164.213:36446], old=null
2019-10-07 08:28:10,829 [pool-119-thread-1] INFO  impl.RaftServerImpl (RaftServerImpl.java:setRole(170)) - 06af8296-9e1f-4dab-9512-19c5c9938ca2@group-7F16216947DC: changes role from      null to FOLLOWER at term 0 for startAsFollower
2019-10-07 08:28:10,829 [pool-119-thread-1] INFO  impl.RoleInfo (RoleInfo.java:updateAndGet(143)) - 06af8296-9e1f-4dab-9512-19c5c9938ca2: start FollowerState
2019-10-07 08:28:10,830 [pool-119-thread-1] INFO  util.JmxRegister (JmxRegister.java:tryRegister(44)) - Successfully registered JMX Bean with object name Ratis:service=RaftServer,group=group-7F16216947DC,id=06af8296-9e1f-4dab-9512-19c5c9938ca2
2019-10-07 08:28:10,833 [pool-129-thread-1] INFO  impl.RaftServerImpl (RaftServerImpl.java:start(181)) - ea0720c5-3010-41f9-8b28-0e30b881918f@group-7F16216947DC: start as a follower, conf=-1: [ea0720c5-3010-41f9-8b28-0e30b881918f:192.168.164.213:33267, 60fa8d9c-eec5-47da-8279-dc7d6429838e:192.168.164.213:39789, 06af8296-9e1f-4dab-9512-19c5c9938ca2:192.168.164.213:36446], old=null
2019-10-07 08:28:10,833 [pool-129-thread-1] INFO  impl.RaftServerImpl (RaftServerImpl.java:setRole(170)) - ea0720c5-3010-41f9-8b28-0e30b881918f@group-7F16216947DC: changes role from      null to FOLLOWER at term 0 for startAsFollower
2019-10-07 08:28:10,833 [pool-129-thread-1] INFO  impl.RoleInfo (RoleInfo.java:updateAndGet(143)) - ea0720c5-3010-41f9-8b28-0e30b881918f: start FollowerState
2019-10-07 08:28:10,833 [pool-159-thread-1] INFO  impl.RaftServerImpl (RaftServerImpl.java:start(181)) - 60fa8d9c-eec5-47da-8279-dc7d6429838e@group-7F16216947DC: start as a follower, conf=-1: [ea0720c5-3010-41f9-8b28-0e30b881918f:192.168.164.213:33267, 60fa8d9c-eec5-47da-8279-dc7d6429838e:192.168.164.213:39789, 06af8296-9e1f-4dab-9512-19c5c9938ca2:192.168.164.213:36446], old=null
2019-10-07 08:28:10,833 [pool-129-thread-1] INFO  util.JmxRegister (JmxRegister.java:tryRegister(44)) - Successfully registered JMX Bean with object name Ratis:service=RaftServer,group=group-7F16216947DC,id=ea0720c5-3010-41f9-8b28-0e30b881918f
2019-10-07 08:28:10,834 [pool-159-thread-1] INFO  impl.RaftServerImpl (RaftServerImpl.java:setRole(170)) - 60fa8d9c-eec5-47da-8279-dc7d6429838e@group-7F16216947DC: changes role from      null to FOLLOWER at term 0 for startAsFollower
2019-10-07 08:28:10,834 [pool-159-thread-1] INFO  impl.RoleInfo (RoleInfo.java:updateAndGet(143)) - 60fa8d9c-eec5-47da-8279-dc7d6429838e: start FollowerState
2019-10-07 08:28:10,834 [pool-159-thread-1] INFO  util.JmxRegister (JmxRegister.java:tryRegister(44)) - Successfully registered JMX Bean with object name Ratis:service=RaftServer,group=group-7F16216947DC,id=60fa8d9c-eec5-47da-8279-dc7d6429838e
2019-10-07 08:28:10,840 [RatisPipelineUtilsThread] INFO  pipeline.PipelineStateManager (PipelineStateManager.java:addPipeline(56)) - Created pipeline Pipeline[ Id: 831e3d60-52a1-403c-a48f-7f16216947dc, Nodes: 60fa8d9c-eec5-47da-8279-dc7d6429838e{ip: 192.168.164.213, host: pr-hdds-2238-79fll-759901082, networkLocation: /default-rack, certSerialId: null}06af8296-9e1f-4dab-9512-19c5c9938ca2{ip: 192.168.164.213, host: pr-hdds-2238-79fll-759901082, networkLocation: /default-rack, certSerialId: null}ea0720c5-3010-41f9-8b28-0e30b881918f{ip: 192.168.164.213, host: pr-hdds-2238-79fll-759901082, networkLocation: /default-rack, certSerialId: null}, Type:RATIS, Factor:THREE, State:OPEN]
2019-10-07 08:28:12,827 [Thread-696] INFO  container.ReplicationManager (ReplicationManager.java:start(162)) - Starting Replication Monitor Thread.
2019-10-07 08:28:12,831 [ReplicationMonitor] INFO  container.ReplicationManager (ReplicationManager.java:run(225)) - Replication Monitor Thread took 0 milliseconds for processing 3 containers.
2019-10-07 08:28:14,950 [Thread-698] INFO  impl.FollowerState (FollowerState.java:run(108)) - 06af8296-9e1f-4dab-9512-19c5c9938ca2@group-63F3B4F3BF8D-FollowerState: change to CANDIDATE, lastRpcTime:5046ms, electionTimeout:5046ms
2019-10-07 08:28:14,953 [Thread-698] INFO  impl.RoleInfo (RoleInfo.java:shutdownFollowerState(121)) - 06af8296-9e1f-4dab-9512-19c5c9938ca2: shutdown FollowerState
2019-10-07 08:28:14,953 [Thread-698] INFO  impl.RaftServerImpl (RaftServerImpl.java:setRole(170)) - 06af8296-9e1f-4dab-9512-19c5c9938ca2@group-63F3B4F3BF8D: changes role from  FOLLOWER to CANDIDATE at term 0 for changeToCandidate
2019-10-07 08:28:14,954 [Thread-698] INFO  impl.RoleInfo (RoleInfo.java:updateAndGet(143)) - 06af8296-9e1f-4dab-9512-19c5c9938ca2: start LeaderElection
2019-10-07 08:28:15,005 [06af8296-9e1f-4dab-9512-19c5c9938ca2@group-63F3B4F3BF8D-LeaderElection18] INFO  impl.LeaderElection (LeaderElection.java:askForVotes(178)) - 06af8296-9e1f-4dab-9512-19c5c9938ca2@group-63F3B4F3BF8D-LeaderElection18: begin an election at term 1 for -1: [06af8296-9e1f-4dab-9512-19c5c9938ca2:192.168.164.213:36446], old=null
2019-10-07 08:28:15,005 [06af8296-9e1f-4dab-9512-19c5c9938ca2@group-63F3B4F3BF8D-LeaderElection18] INFO  impl.RoleInfo (RoleInfo.java:shutdownLeaderElection(134)) - 06af8296-9e1f-4dab-9512-19c5c9938ca2: shutdown LeaderElection
2019-10-07 08:28:15,006 [06af8296-9e1f-4dab-9512-19c5c9938ca2@group-63F3B4F3BF8D-LeaderElection18] INFO  impl.RaftServerImpl (RaftServerImpl.java:setRole(170)) - 06af8296-9e1f-4dab-9512-19c5c9938ca2@group-63F3B4F3BF8D: changes role from CANDIDATE to LEADER at term 1 for changeToLeader
2019-10-07 08:28:15,006 [06af8296-9e1f-4dab-9512-19c5c9938ca2@group-63F3B4F3BF8D-LeaderElection18] INFO  impl.RaftServerImpl (ServerState.java:setLeader(255)) - 06af8296-9e1f-4dab-9512-19c5c9938ca2@group-63F3B4F3BF8D: change Leader from null to 06af8296-9e1f-4dab-9512-19c5c9938ca2 at term 1 for becomeLeader, leader elected after 5111ms
2019-10-07 08:28:15,008 [06af8296-9e1f-4dab-9512-19c5c9938ca2@group-63F3B4F3BF8D-LeaderElection18] INFO  server.RaftServerConfigKeys (ConfUtils.java:logGet(43)) - raft.server.staging.catchup.gap = 1000 (default)
2019-10-07 08:28:15,009 [06af8296-9e1f-4dab-9512-19c5c9938ca2@group-63F3B4F3BF8D-LeaderElection18] INFO  server.RaftServerConfigKeys (ConfUtils.java:logGet(43)) - raft.server.rpc.sleep.time = 25ms (default)
2019-10-07 08:28:15,009 [06af8296-9e1f-4dab-9512-19c5c9938ca2@group-63F3B4F3BF8D-LeaderElection18] INFO  server.RaftServerConfigKeys (ConfUtils.java:logGet(43)) - raft.server.write.element-limit = 4096 (default)
2019-10-07 08:28:15,009 [06af8296-9e1f-4dab-9512-19c5c9938ca2@group-63F3B4F3BF8D-LeaderElection18] INFO  server.RaftServerConfigKeys (ConfUtils.java:logGet(43)) - raft.server.watch.timeout = 10s (default)
2019-10-07 08:28:15,009 [06af8296-9e1f-4dab-9512-19c5c9938ca2@group-63F3B4F3BF8D-LeaderElection18] INFO  server.RaftServerConfigKeys (ConfUtils.java:logGet(43)) - raft.server.watch.timeout.denomination = 1s (default)
2019-10-07 08:28:15,009 [06af8296-9e1f-4dab-9512-19c5c9938ca2@group-63F3B4F3BF8D-LeaderElection18] INFO  server.RaftServerConfigKeys (ConfUtils.java:logGet(43)) - raft.server.watch.element-limit = 65536 (default)
2019-10-07 08:28:15,012 [06af8296-9e1f-4dab-9512-19c5c9938ca2@group-63F3B4F3BF8D-LeaderElection18] INFO  impl.RoleInfo (RoleInfo.java:updateAndGet(143)) - 06af8296-9e1f-4dab-9512-19c5c9938ca2: start LeaderState
2019-10-07 08:28:15,012 [06af8296-9e1f-4dab-9512-19c5c9938ca2@group-63F3B4F3BF8D-LeaderElection18] INFO  segmented.SegmentedRaftLogWorker (SegmentedRaftLogWorker.java:startLogSegment(385)) - 06af8296-9e1f-4dab-9512-19c5c9938ca2@group-63F3B4F3BF8D-SegmentedRaftLogWorker: Starting segment from index:0
2019-10-07 08:28:15,013 [06af8296-9e1f-4dab-9512-19c5c9938ca2@group-63F3B4F3BF8D-LeaderElection18] INFO  impl.RaftServerImpl (ServerState.java:setRaftConf(356)) - 06af8296-9e1f-4dab-9512-19c5c9938ca2@group-63F3B4F3BF8D: set configuration 0: [06af8296-9e1f-4dab-9512-19c5c9938ca2:192.168.164.213:36446], old=null at 0
2019-10-07 08:28:15,062 [06af8296-9e1f-4dab-9512-19c5c9938ca2@group-63F3B4F3BF8D-SegmentedRaftLogWorker] INFO  segmented.SegmentedRaftLogWorker (SegmentedRaftLogWorker.java:execute(574)) - 06af8296-9e1f-4dab-9512-19c5c9938ca2@group-63F3B4F3BF8D-SegmentedRaftLogWorker: created new log segment /workdir/hadoop-ozone/integration-test/target/test-dir/MiniOzoneClusterImpl-d41106c3-64a1-4add-af3d-d5cb16e1af83/datanode-0/data/ratis/87c24896-4325-4c50-96af-63f3b4f3bf8d/current/log_inprogress_0
2019-10-07 08:28:15,114 [Thread-701] INFO  impl.FollowerState (FollowerState.java:run(108)) - ea0720c5-3010-41f9-8b28-0e30b881918f@group-FFC89DBAA88C-FollowerState: change to CANDIDATE, lastRpcTime:5136ms, electionTimeout:5136ms
2019-10-07 08:28:15,114 [Thread-701] INFO  impl.RoleInfo (RoleInfo.java:shutdownFollowerState(121)) - ea0720c5-3010-41f9-8b28-0e30b881918f: shutdown FollowerState
2019-10-07 08:28:15,115 [Thread-701] INFO  impl.RaftServerImpl (RaftServerImpl.java:setRole(170)) - ea0720c5-3010-41f9-8b28-0e30b881918f@group-FFC89DBAA88C: changes role from  FOLLOWER to CANDIDATE at term 0 for changeToCandidate
2019-10-07 08:28:15,115 [Thread-701] INFO  impl.RoleInfo (RoleInfo.java:updateAndGet(143)) - ea0720c5-3010-41f9-8b28-0e30b881918f: start LeaderElection
2019-10-07 08:28:15,134 [ea0720c5-3010-41f9-8b28-0e30b881918f@group-FFC89DBAA88C-LeaderElection19] INFO  impl.LeaderElection (LeaderElection.java:askForVotes(178)) - ea0720c5-3010-41f9-8b28-0e30b881918f@group-FFC89DBAA88C-LeaderElection19: begin an election at term 1 for -1: [ea0720c5-3010-41f9-8b28-0e30b881918f:192.168.164.213:33267], old=null
2019-10-07 08:28:15,134 [ea0720c5-3010-41f9-8b28-0e30b881918f@group-FFC89DBAA88C-LeaderElection19] INFO  impl.RoleInfo (RoleInfo.java:shutdownLeaderElection(134)) - ea0720c5-3010-41f9-8b28-0e30b881918f: shutdown LeaderElection
2019-10-07 08:28:15,134 [ea0720c5-3010-41f9-8b28-0e30b881918f@group-FFC89DBAA88C-LeaderElection19] INFO  impl.RaftServerImpl (RaftServerImpl.java:setRole(170)) - ea0720c5-3010-41f9-8b28-0e30b881918f@group-FFC89DBAA88C: changes role from CANDIDATE to LEADER at term 1 for changeToLeader
2019-10-07 08:28:15,134 [ea0720c5-3010-41f9-8b28-0e30b881918f@group-FFC89DBAA88C-LeaderElection19] INFO  impl.RaftServerImpl (ServerState.java:setLeader(255)) - ea0720c5-3010-41f9-8b28-0e30b881918f@group-FFC89DBAA88C: change Leader from null to ea0720c5-3010-41f9-8b28-0e30b881918f at term 1 for becomeLeader, leader elected after 5163ms
2019-10-07 08:28:15,136 [ea0720c5-3010-41f9-8b28-0e30b881918f@group-FFC89DBAA88C-LeaderElection19] INFO  server.RaftServerConfigKeys (ConfUtils.java:logGet(43)) - raft.server.staging.catchup.gap = 1000 (default)
2019-10-07 08:28:15,137 [ea0720c5-3010-41f9-8b28-0e30b881918f@group-FFC89DBAA88C-LeaderElection19] INFO  server.RaftServerConfigKeys (ConfUtils.java:logGet(43)) - raft.server.rpc.sleep.time = 25ms (default)
2019-10-07 08:28:15,137 [ea0720c5-3010-41f9-8b28-0e30b881918f@group-FFC89DBAA88C-LeaderElection19] INFO  server.RaftServerConfigKeys (ConfUtils.java:logGet(43)) - raft.server.write.element-limit = 4096 (default)
2019-10-07 08:28:15,137 [ea0720c5-3010-41f9-8b28-0e30b881918f@group-FFC89DBAA88C-LeaderElection19] INFO  server.RaftServerConfigKeys (ConfUtils.java:logGet(43)) - raft.server.watch.timeout = 10s (default)
2019-10-07 08:28:15,137 [ea0720c5-3010-41f9-8b28-0e30b881918f@group-FFC89DBAA88C-LeaderElection19] INFO  server.RaftServerConfigKeys (ConfUtils.java:logGet(43)) - raft.server.watch.timeout.denomination = 1s (default)
2019-10-07 08:28:15,137 [ea0720c5-3010-41f9-8b28-0e30b881918f@group-FFC89DBAA88C-LeaderElection19] INFO  server.RaftServerConfigKeys (ConfUtils.java:logGet(43)) - raft.server.watch.element-limit = 65536 (default)
2019-10-07 08:28:15,140 [ea0720c5-3010-41f9-8b28-0e30b881918f@group-FFC89DBAA88C-LeaderElection19] INFO  impl.RoleInfo (RoleInfo.java:updateAndGet(143)) - ea0720c5-3010-41f9-8b28-0e30b881918f: start LeaderState
2019-10-07 08:28:15,140 [ea0720c5-3010-41f9-8b28-0e30b881918f@group-FFC89DBAA88C-LeaderElection19] INFO  segmented.SegmentedRaftLogWorker (SegmentedRaftLogWorker.java:startLogSegment(385)) - ea0720c5-3010-41f9-8b28-0e30b881918f@group-FFC89DBAA88C-SegmentedRaftLogWorker: Starting segment from index:0
2019-10-07 08:28:15,141 [ea0720c5-3010-41f9-8b28-0e30b881918f@group-FFC89DBAA88C-LeaderElection19] INFO  impl.RaftServerImpl (ServerState.java:setRaftConf(356)) - ea0720c5-3010-41f9-8b28-0e30b881918f@group-FFC89DBAA88C: set configuration 0: [ea0720c5-3010-41f9-8b28-0e30b881918f:192.168.164.213:33267], old=null at 0
2019-10-07 08:28:15,177 [Thread-704] INFO  impl.FollowerState (FollowerState.java:run(108)) - 146ceb2f-fc11-43ba-b6ba-1106dcb1a363@group-8C38DC083FB3-FollowerState: change to CANDIDATE, lastRpcTime:5120ms, electionTimeout:5102ms
2019-10-07 08:28:15,177 [Thread-704] INFO  impl.RoleInfo (RoleInfo.java:shutdownFollowerState(121)) - 146ceb2f-fc11-43ba-b6ba-1106dcb1a363: shutdown FollowerState
2019-10-07 08:28:15,177 [Thread-704] INFO  impl.RaftServerImpl (RaftServerImpl.java:setRole(170)) - 146ceb2f-fc11-43ba-b6ba-1106dcb1a363@group-8C38DC083FB3: changes role from  FOLLOWER to CANDIDATE at term 0 for changeToCandidate
2019-10-07 08:28:15,178 [Thread-704] INFO  impl.RoleInfo (RoleInfo.java:updateAndGet(143)) - 146ceb2f-fc11-43ba-b6ba-1106dcb1a363: start LeaderElection
2019-10-07 08:28:15,194 [ea0720c5-3010-41f9-8b28-0e30b881918f@group-FFC89DBAA88C-SegmentedRaftLogWorker] INFO  segmented.SegmentedRaftLogWorker (SegmentedRaftLogWorker.java:execute(574)) - ea0720c5-3010-41f9-8b28-0e30b881918f@group-FFC89DBAA88C-SegmentedRaftLogWorker: created new log segment /workdir/hadoop-ozone/integration-test/target/test-dir/MiniOzoneClusterImpl-d41106c3-64a1-4add-af3d-d5cb16e1af83/datanode-1/data/ratis/7355b0e9-da08-4daf-a7af-ffc89dbaa88c/current/log_inprogress_0
2019-10-07 08:28:15,194 [146ceb2f-fc11-43ba-b6ba-1106dcb1a363@group-8C38DC083FB3-LeaderElection20] INFO  impl.LeaderElection (LeaderElection.java:askForVotes(178)) - 146ceb2f-fc11-43ba-b6ba-1106dcb1a363@group-8C38DC083FB3-LeaderElection20: begin an election at term 1 for -1: [146ceb2f-fc11-43ba-b6ba-1106dcb1a363:192.168.164.213:44226], old=null
2019-10-07 08:28:15,194 [146ceb2f-fc11-43ba-b6ba-1106dcb1a363@group-8C38DC083FB3-LeaderElection20] INFO  impl.RoleInfo (RoleInfo.java:shutdownLeaderElection(134)) - 146ceb2f-fc11-43ba-b6ba-1106dcb1a363: shutdown LeaderElection
2019-10-07 08:28:15,195 [146ceb2f-fc11-43ba-b6ba-1106dcb1a363@group-8C38DC083FB3-LeaderElection20] INFO  impl.RaftServerImpl (RaftServerImpl.java:setRole(170)) - 146ceb2f-fc11-43ba-b6ba-1106dcb1a363@group-8C38DC083FB3: changes role from CANDIDATE to LEADER at term 1 for changeToLeader
2019-10-07 08:28:15,195 [146ceb2f-fc11-43ba-b6ba-1106dcb1a363@group-8C38DC083FB3-LeaderElection20] INFO  impl.RaftServerImpl (ServerState.java:setLeader(255)) - 146ceb2f-fc11-43ba-b6ba-1106dcb1a363@group-8C38DC083FB3: change Leader from null to 146ceb2f-fc11-43ba-b6ba-1106dcb1a363 at term 1 for becomeLeader, leader elected after 5150ms
2019-10-07 08:28:15,197 [146ceb2f-fc11-43ba-b6ba-1106dcb1a363@group-8C38DC083FB3-LeaderElection20] INFO  server.RaftServerConfigKeys (ConfUtils.java:logGet(43)) - raft.server.staging.catchup.gap = 1000 (default)
2019-10-07 08:28:15,197 [146ceb2f-fc11-43ba-b6ba-1106dcb1a363@group-8C38DC083FB3-LeaderElection20] INFO  server.RaftServerConfigKeys (ConfUtils.java:logGet(43)) - raft.server.rpc.sleep.time = 25ms (default)
2019-10-07 08:28:15,197 [146ceb2f-fc11-43ba-b6ba-1106dcb1a363@group-8C38DC083FB3-LeaderElection20] INFO  server.RaftServerConfigKeys (ConfUtils.java:logGet(43)) - raft.server.write.element-limit = 4096 (default)
2019-10-07 08:28:15,197 [146ceb2f-fc11-43ba-b6ba-1106dcb1a363@group-8C38DC083FB3-LeaderElection20] INFO  server.RaftServerConfigKeys (ConfUtils.java:logGet(43)) - raft.server.watch.timeout = 10s (default)
2019-10-07 08:28:15,197 [146ceb2f-fc11-43ba-b6ba-1106dcb1a363@group-8C38DC083FB3-LeaderElection20] INFO  server.RaftServerConfigKeys (ConfUtils.java:logGet(43)) - raft.server.watch.timeout.denomination = 1s (default)
2019-10-07 08:28:15,198 [146ceb2f-fc11-43ba-b6ba-1106dcb1a363@group-8C38DC083FB3-LeaderElection20] INFO  server.RaftServerConfigKeys (ConfUtils.java:logGet(43)) - raft.server.watch.element-limit = 65536 (default)
2019-10-07 08:28:15,200 [146ceb2f-fc11-43ba-b6ba-1106dcb1a363@group-8C38DC083FB3-LeaderElection20] INFO  impl.RoleInfo (RoleInfo.java:updateAndGet(143)) - 146ceb2f-fc11-43ba-b6ba-1106dcb1a363: start LeaderState
2019-10-07 08:28:15,200 [146ceb2f-fc11-43ba-b6ba-1106dcb1a363@group-8C38DC083FB3-LeaderElection20] INFO  segmented.SegmentedRaftLogWorker (SegmentedRaftLogWorker.java:startLogSegment(385)) - 146ceb2f-fc11-43ba-b6ba-1106dcb1a363@group-8C38DC083FB3-SegmentedRaftLogWorker: Starting segment from index:0
2019-10-07 08:28:15,200 [146ceb2f-fc11-43ba-b6ba-1106dcb1a363@group-8C38DC083FB3-LeaderElection20] INFO  impl.RaftServerImpl (ServerState.java:setRaftConf(356)) - 146ceb2f-fc11-43ba-b6ba-1106dcb1a363@group-8C38DC083FB3: set configuration 0: [146ceb2f-fc11-43ba-b6ba-1106dcb1a363:192.168.164.213:44226], old=null at 0
2019-10-07 08:28:15,248 [146ceb2f-fc11-43ba-b6ba-1106dcb1a363@group-8C38DC083FB3-SegmentedRaftLogWorker] INFO  segmented.SegmentedRaftLogWorker (SegmentedRaftLogWorker.java:execute(574)) - 146ceb2f-fc11-43ba-b6ba-1106dcb1a363@group-8C38DC083FB3-SegmentedRaftLogWorker: created new log segment /workdir/hadoop-ozone/integration-test/target/test-dir/MiniOzoneClusterImpl-d41106c3-64a1-4add-af3d-d5cb16e1af83/datanode-2/data/ratis/3ee5c62b-59f1-4430-ad9f-8c38dc083fb3/current/log_inprogress_0
2019-10-07 08:28:15,314 [Thread-707] INFO  impl.FollowerState (FollowerState.java:run(108)) - f9f653bc-0d42-4710-abb1-893c5b9e2104@group-238A2224A31B-FollowerState: change to CANDIDATE, lastRpcTime:5159ms, electionTimeout:5159ms
2019-10-07 08:28:15,314 [Thread-707] INFO  impl.RoleInfo (RoleInfo.java:shutdownFollowerState(121)) - f9f653bc-0d42-4710-abb1-893c5b9e2104: shutdown FollowerState
2019-10-07 08:28:15,314 [Thread-707] INFO  impl.RaftServerImpl (RaftServerImpl.java:setRole(170)) - f9f653bc-0d42-4710-abb1-893c5b9e2104@group-238A2224A31B: changes role from  FOLLOWER to CANDIDATE at term 0 for changeToCandidate
2019-10-07 08:28:15,314 [Thread-707] INFO  impl.RoleInfo (RoleInfo.java:updateAndGet(143)) - f9f653bc-0d42-4710-abb1-893c5b9e2104: start LeaderElection
2019-10-07 08:28:15,330 [Thread-712] INFO  impl.FollowerState (FollowerState.java:run(108)) - 48f0ddbd-ecfe-47e7-95da-5ecbab1cbdb9@group-D6E4D0E605B8-FollowerState: change to CANDIDATE, lastRpcTime:5070ms, electionTimeout:5070ms
2019-10-07 08:28:15,330 [Thread-712] INFO  impl.RoleInfo (RoleInfo.java:shutdownFollowerState(121)) - 48f0ddbd-ecfe-47e7-95da-5ecbab1cbdb9: shutdown FollowerState
2019-10-07 08:28:15,330 [Thread-712] INFO  impl.RaftServerImpl (RaftServerImpl.java:setRole(170)) - 48f0ddbd-ecfe-47e7-95da-5ecbab1cbdb9@group-D6E4D0E605B8: changes role from  FOLLOWER to CANDIDATE at term 0 for changeToCandidate
2019-10-07 08:28:15,331 [Thread-712] INFO  impl.RoleInfo (RoleInfo.java:updateAndGet(143)) - 48f0ddbd-ecfe-47e7-95da-5ecbab1cbdb9: start LeaderElection
2019-10-07 08:28:15,355 [f9f653bc-0d42-4710-abb1-893c5b9e2104@group-238A2224A31B-LeaderElection21] INFO  impl.LeaderElection (LeaderElection.java:askForVotes(178)) - f9f653bc-0d42-4710-abb1-893c5b9e2104@group-238A2224A31B-LeaderElection21: begin an election at term 1 for -1: [f9f653bc-0d42-4710-abb1-893c5b9e2104:192.168.164.213:38354], old=null
2019-10-07 08:28:15,355 [48f0ddbd-ecfe-47e7-95da-5ecbab1cbdb9@group-D6E4D0E605B8-LeaderElection22] INFO  impl.LeaderElection (LeaderElection.java:askForVotes(178)) - 48f0ddbd-ecfe-47e7-95da-5ecbab1cbdb9@group-D6E4D0E605B8-LeaderElection22: begin an election at term 1 for -1: [48f0ddbd-ecfe-47e7-95da-5ecbab1cbdb9:192.168.164.213:45044], old=null
2019-10-07 08:28:15,355 [f9f653bc-0d42-4710-abb1-893c5b9e2104@group-238A2224A31B-LeaderElection21] INFO  impl.RoleInfo (RoleInfo.java:shutdownLeaderElection(134)) - f9f653bc-0d42-4710-abb1-893c5b9e2104: shutdown LeaderElection
2019-10-07 08:28:15,355 [48f0ddbd-ecfe-47e7-95da-5ecbab1cbdb9@group-D6E4D0E605B8-LeaderElection22] INFO  impl.RoleInfo (RoleInfo.java:shutdownLeaderElection(134)) - 48f0ddbd-ecfe-47e7-95da-5ecbab1cbdb9: shutdown LeaderElection
2019-10-07 08:28:15,355 [f9f653bc-0d42-4710-abb1-893c5b9e2104@group-238A2224A31B-LeaderElection21] INFO  impl.RaftServerImpl (RaftServerImpl.java:setRole(170)) - f9f653bc-0d42-4710-abb1-893c5b9e2104@group-238A2224A31B: changes role from CANDIDATE to LEADER at term 1 for changeToLeader
2019-10-07 08:28:15,356 [48f0ddbd-ecfe-47e7-95da-5ecbab1cbdb9@group-D6E4D0E605B8-LeaderElection22] INFO  impl.RaftServerImpl (RaftServerImpl.java:setRole(170)) - 48f0ddbd-ecfe-47e7-95da-5ecbab1cbdb9@group-D6E4D0E605B8: changes role from CANDIDATE to LEADER at term 1 for changeToLeader
2019-10-07 08:28:15,356 [f9f653bc-0d42-4710-abb1-893c5b9e2104@group-238A2224A31B-LeaderElection21] INFO  impl.RaftServerImpl (ServerState.java:setLeader(255)) - f9f653bc-0d42-4710-abb1-893c5b9e2104@group-238A2224A31B: change Leader from null to f9f653bc-0d42-4710-abb1-893c5b9e2104 at term 1 for becomeLeader, leader elected after 5211ms
2019-10-07 08:28:15,356 [48f0ddbd-ecfe-47e7-95da-5ecbab1cbdb9@group-D6E4D0E605B8-LeaderElection22] INFO  impl.RaftServerImpl (ServerState.java:setLeader(255)) - 48f0ddbd-ecfe-47e7-95da-5ecbab1cbdb9@group-D6E4D0E605B8: change Leader from null to 48f0ddbd-ecfe-47e7-95da-5ecbab1cbdb9 at term 1 for becomeLeader, leader elected after 5110ms
2019-10-07 08:28:15,358 [f9f653bc-0d42-4710-abb1-893c5b9e2104@group-238A2224A31B-LeaderElection21] INFO  server.RaftServerConfigKeys (ConfUtils.java:logGet(43)) - raft.server.staging.catchup.gap = 1000 (default)
2019-10-07 08:28:15,360 [48f0ddbd-ecfe-47e7-95da-5ecbab1cbdb9@group-D6E4D0E605B8-LeaderElection22] INFO  server.RaftServerConfigKeys (ConfUtils.java:logGet(43)) - raft.server.staging.catchup.gap = 1000 (default)
2019-10-07 08:28:15,360 [f9f653bc-0d42-4710-abb1-893c5b9e2104@group-238A2224A31B-LeaderElection21] INFO  server.RaftServerConfigKeys (ConfUtils.java:logGet(43)) - raft.server.rpc.sleep.time = 25ms (default)
2019-10-07 08:28:15,360 [48f0ddbd-ecfe-47e7-95da-5ecbab1cbdb9@group-D6E4D0E605B8-LeaderElection22] INFO  server.RaftServerConfigKeys (ConfUtils.java:logGet(43)) - raft.server.rpc.sleep.time = 25ms (default)
2019-10-07 08:28:15,360 [f9f653bc-0d42-4710-abb1-893c5b9e2104@group-238A2224A31B-LeaderElection21] INFO  server.RaftServerConfigKeys (ConfUtils.java:logGet(43)) - raft.server.write.element-limit = 4096 (default)
2019-10-07 08:28:15,360 [48f0ddbd-ecfe-47e7-95da-5ecbab1cbdb9@group-D6E4D0E605B8-LeaderElection22] INFO  server.RaftServerConfigKeys (ConfUtils.java:logGet(43)) - raft.server.write.element-limit = 4096 (default)
2019-10-07 08:28:15,360 [f9f653bc-0d42-4710-abb1-893c5b9e2104@group-238A2224A31B-LeaderElection21] INFO  server.RaftServerConfigKeys (ConfUtils.java:logGet(43)) - raft.server.watch.timeout = 10s (default)
2019-10-07 08:28:15,360 [48f0ddbd-ecfe-47e7-95da-5ecbab1cbdb9@group-D6E4D0E605B8-LeaderElection22] INFO  server.RaftServerConfigKeys (ConfUtils.java:logGet(43)) - raft.server.watch.timeout = 10s (default)
2019-10-07 08:28:15,360 [f9f653bc-0d42-4710-abb1-893c5b9e2104@group-238A2224A31B-LeaderElection21] INFO  server.RaftServerConfigKeys (ConfUtils.java:logGet(43)) - raft.server.watch.timeout.denomination = 1s (default)
2019-10-07 08:28:15,361 [48f0ddbd-ecfe-47e7-95da-5ecbab1cbdb9@group-D6E4D0E605B8-LeaderElection22] INFO  server.RaftServerConfigKeys (ConfUtils.java:logGet(43)) - raft.server.watch.timeout.denomination = 1s (default)
2019-10-07 08:28:15,361 [f9f653bc-0d42-4710-abb1-893c5b9e2104@group-238A2224A31B-LeaderElection21] INFO  server.RaftServerConfigKeys (ConfUtils.java:logGet(43)) - raft.server.watch.element-limit = 65536 (default)
2019-10-07 08:28:15,361 [48f0ddbd-ecfe-47e7-95da-5ecbab1cbdb9@group-D6E4D0E605B8-LeaderElection22] INFO  server.RaftServerConfigKeys (ConfUtils.java:logGet(43)) - raft.server.watch.element-limit = 65536 (default)
2019-10-07 08:28:15,363 [f9f653bc-0d42-4710-abb1-893c5b9e2104@group-238A2224A31B-LeaderElection21] INFO  impl.RoleInfo (RoleInfo.java:updateAndGet(143)) - f9f653bc-0d42-4710-abb1-893c5b9e2104: start LeaderState
2019-10-07 08:28:15,363 [48f0ddbd-ecfe-47e7-95da-5ecbab1cbdb9@group-D6E4D0E605B8-LeaderElection22] INFO  impl.RoleInfo (RoleInfo.java:updateAndGet(143)) - 48f0ddbd-ecfe-47e7-95da-5ecbab1cbdb9: start LeaderState
2019-10-07 08:28:15,364 [f9f653bc-0d42-4710-abb1-893c5b9e2104@group-238A2224A31B-LeaderElection21] INFO  segmented.SegmentedRaftLogWorker (SegmentedRaftLogWorker.java:startLogSegment(385)) - f9f653bc-0d42-4710-abb1-893c5b9e2104@group-238A2224A31B-SegmentedRaftLogWorker: Starting segment from index:0
2019-10-07 08:28:15,364 [48f0ddbd-ecfe-47e7-95da-5ecbab1cbdb9@group-D6E4D0E605B8-LeaderElection22] INFO  segmented.SegmentedRaftLogWorker (SegmentedRaftLogWorker.java:startLogSegment(385)) - 48f0ddbd-ecfe-47e7-95da-5ecbab1cbdb9@group-D6E4D0E605B8-SegmentedRaftLogWorker: Starting segment from index:0
2019-10-07 08:28:15,364 [f9f653bc-0d42-4710-abb1-893c5b9e2104@group-238A2224A31B-LeaderElection21] INFO  impl.RaftServerImpl (ServerState.java:setRaftConf(356)) - f9f653bc-0d42-4710-abb1-893c5b9e2104@group-238A2224A31B: set configuration 0: [f9f653bc-0d42-4710-abb1-893c5b9e2104:192.168.164.213:38354], old=null at 0
2019-10-07 08:28:15,364 [48f0ddbd-ecfe-47e7-95da-5ecbab1cbdb9@group-D6E4D0E605B8-LeaderElection22] INFO  impl.RaftServerImpl (ServerState.java:setRaftConf(356)) - 48f0ddbd-ecfe-47e7-95da-5ecbab1cbdb9@group-D6E4D0E605B8: set configuration 0: [48f0ddbd-ecfe-47e7-95da-5ecbab1cbdb9:192.168.164.213:45044], old=null at 0
2019-10-07 08:28:15,467 [f9f653bc-0d42-4710-abb1-893c5b9e2104@group-238A2224A31B-SegmentedRaftLogWorker] INFO  segmented.SegmentedRaftLogWorker (SegmentedRaftLogWorker.java:execute(574)) - f9f653bc-0d42-4710-abb1-893c5b9e2104@group-238A2224A31B-SegmentedRaftLogWorker: created new log segment /workdir/hadoop-ozone/integration-test/target/test-dir/MiniOzoneClusterImpl-d41106c3-64a1-4add-af3d-d5cb16e1af83/datanode-3/data/ratis/f579ae40-9dca-41be-b4ca-238a2224a31b/current/log_inprogress_0
2019-10-07 08:28:15,467 [48f0ddbd-ecfe-47e7-95da-5ecbab1cbdb9@group-D6E4D0E605B8-SegmentedRaftLogWorker] INFO  segmented.SegmentedRaftLogWorker (SegmentedRaftLogWorker.java:execute(574)) - 48f0ddbd-ecfe-47e7-95da-5ecbab1cbdb9@group-D6E4D0E605B8-SegmentedRaftLogWorker: created new log segment /workdir/hadoop-ozone/integration-test/target/test-dir/MiniOzoneClusterImpl-d41106c3-64a1-4add-af3d-d5cb16e1af83/datanode-5/data/ratis/a102c8c2-2b19-48aa-9f48-d6e4d0e605b8/current/log_inprogress_0
2019-10-07 08:28:15,652 [Thread-715] INFO  impl.FollowerState (FollowerState.java:run(108)) - 470bbc53-1579-4bd2-a31d-68f148926eb5@group-A4FA8BE4B253-FollowerState: change to CANDIDATE, lastRpcTime:5143ms, electionTimeout:5108ms
2019-10-07 08:28:15,652 [Thread-715] INFO  impl.RoleInfo (RoleInfo.java:shutdownFollowerState(121)) - 470bbc53-1579-4bd2-a31d-68f148926eb5: shutdown FollowerState
2019-10-07 08:28:15,652 [Thread-715] INFO  impl.RaftServerImpl (RaftServerImpl.java:setRole(170)) - 470bbc53-1579-4bd2-a31d-68f148926eb5@group-A4FA8BE4B253: changes role from  FOLLOWER to CANDIDATE at term 0 for changeToCandidate
2019-10-07 08:28:15,652 [Thread-715] INFO  impl.RoleInfo (RoleInfo.java:updateAndGet(143)) - 470bbc53-1579-4bd2-a31d-68f148926eb5: start LeaderElection
2019-10-07 08:28:15,672 [Thread-718] INFO  impl.FollowerState (FollowerState.java:run(108)) - 60fa8d9c-eec5-47da-8279-dc7d6429838e@group-D432434B2D64-FollowerState: change to CANDIDATE, lastRpcTime:5005ms, electionTimeout:5005ms
2019-10-07 08:28:15,672 [Thread-718] INFO  impl.RoleInfo (RoleInfo.java:shutdownFollowerState(121)) - 60fa8d9c-eec5-47da-8279-dc7d6429838e: shutdown FollowerState
2019-10-07 08:28:15,673 [Thread-718] INFO  impl.RaftServerImpl (RaftServerImpl.java:setRole(170)) - 60fa8d9c-eec5-47da-8279-dc7d6429838e@group-D432434B2D64: changes role from  FOLLOWER to CANDIDATE at term 0 for changeToCandidate
2019-10-07 08:28:15,673 [Thread-718] INFO  impl.RoleInfo (RoleInfo.java:updateAndGet(143)) - 60fa8d9c-eec5-47da-8279-dc7d6429838e: start LeaderElection
2019-10-07 08:28:15,681 [470bbc53-1579-4bd2-a31d-68f148926eb5@group-A4FA8BE4B253-LeaderElection23] INFO  impl.LeaderElection (LeaderElection.java:askForVotes(178)) - 470bbc53-1579-4bd2-a31d-68f148926eb5@group-A4FA8BE4B253-LeaderElection23: begin an election at term 1 for -1: [470bbc53-1579-4bd2-a31d-68f148926eb5:192.168.164.213:45795], old=null
2019-10-07 08:28:15,681 [470bbc53-1579-4bd2-a31d-68f148926eb5@group-A4FA8BE4B253-LeaderElection23] INFO  impl.RoleInfo (RoleInfo.java:shutdownLeaderElection(134)) - 470bbc53-1579-4bd2-a31d-68f148926eb5: shutdown LeaderElection
2019-10-07 08:28:15,681 [470bbc53-1579-4bd2-a31d-68f148926eb5@group-A4FA8BE4B253-LeaderElection23] INFO  impl.RaftServerImpl (RaftServerImpl.java:setRole(170)) - 470bbc53-1579-4bd2-a31d-68f148926eb5@group-A4FA8BE4B253: changes role from CANDIDATE to LEADER at term 1 for changeToLeader
2019-10-07 08:28:15,681 [470bbc53-1579-4bd2-a31d-68f148926eb5@group-A4FA8BE4B253-LeaderElection23] INFO  impl.RaftServerImpl (ServerState.java:setLeader(255)) - 470bbc53-1579-4bd2-a31d-68f148926eb5@group-A4FA8BE4B253: change Leader from null to 470bbc53-1579-4bd2-a31d-68f148926eb5 at term 1 for becomeLeader, leader elected after 5352ms
2019-10-07 08:28:15,684 [470bbc53-1579-4bd2-a31d-68f148926eb5@group-A4FA8BE4B253-LeaderElection23] INFO  server.RaftServerConfigKeys (ConfUtils.java:logGet(43)) - raft.server.staging.catchup.gap = 1000 (default)
2019-10-07 08:28:15,684 [470bbc53-1579-4bd2-a31d-68f148926eb5@group-A4FA8BE4B253-LeaderElection23] INFO  server.RaftServerConfigKeys (ConfUtils.java:logGet(43)) - raft.server.rpc.sleep.time = 25ms (default)
2019-10-07 08:28:15,685 [470bbc53-1579-4bd2-a31d-68f148926eb5@group-A4FA8BE4B253-LeaderElection23] INFO  server.RaftServerConfigKeys (ConfUtils.java:logGet(43)) - raft.server.write.element-limit = 4096 (default)
2019-10-07 08:28:15,685 [470bbc53-1579-4bd2-a31d-68f148926eb5@group-A4FA8BE4B253-LeaderElection23] INFO  server.RaftServerConfigKeys (ConfUtils.java:logGet(43)) - raft.server.watch.timeout = 10s (default)
2019-10-07 08:28:15,685 [470bbc53-1579-4bd2-a31d-68f148926eb5@group-A4FA8BE4B253-LeaderElection23] INFO  server.RaftServerConfigKeys (ConfUtils.java:logGet(43)) - raft.server.watch.timeout.denomination = 1s (default)
2019-10-07 08:28:15,685 [470bbc53-1579-4bd2-a31d-68f148926eb5@group-A4FA8BE4B253-LeaderElection23] INFO  server.RaftServerConfigKeys (ConfUtils.java:logGet(43)) - raft.server.watch.element-limit = 65536 (default)
2019-10-07 08:28:15,688 [470bbc53-1579-4bd2-a31d-68f148926eb5@group-A4FA8BE4B253-LeaderElection23] INFO  impl.RoleInfo (RoleInfo.java:updateAndGet(143)) - 470bbc53-1579-4bd2-a31d-68f148926eb5: start LeaderState
2019-10-07 08:28:15,688 [470bbc53-1579-4bd2-a31d-68f148926eb5@group-A4FA8BE4B253-LeaderElection23] INFO  segmented.SegmentedRaftLogWorker (SegmentedRaftLogWorker.java:startLogSegment(385)) - 470bbc53-1579-4bd2-a31d-68f148926eb5@group-A4FA8BE4B253-SegmentedRaftLogWorker: Starting segment from index:0
2019-10-07 08:28:15,689 [470bbc53-1579-4bd2-a31d-68f148926eb5@group-A4FA8BE4B253-LeaderElection23] INFO  impl.RaftServerImpl (ServerState.java:setRaftConf(356)) - 470bbc53-1579-4bd2-a31d-68f148926eb5@group-A4FA8BE4B253: set configuration 0: [470bbc53-1579-4bd2-a31d-68f148926eb5:192.168.164.213:45795], old=null at 0
2019-10-07 08:28:15,698 [60fa8d9c-eec5-47da-8279-dc7d6429838e@group-D432434B2D64-LeaderElection24] INFO  impl.LeaderElection (LeaderElection.java:askForVotes(178)) - 60fa8d9c-eec5-47da-8279-dc7d6429838e@group-D432434B2D64-LeaderElection24: begin an election at term 1 for -1: [60fa8d9c-eec5-47da-8279-dc7d6429838e:192.168.164.213:39789], old=null
2019-10-07 08:28:15,699 [60fa8d9c-eec5-47da-8279-dc7d6429838e@group-D432434B2D64-LeaderElection24] INFO  impl.RoleInfo (RoleInfo.java:shutdownLeaderElection(134)) - 60fa8d9c-eec5-47da-8279-dc7d6429838e: shutdown LeaderElection
2019-10-07 08:28:15,699 [60fa8d9c-eec5-47da-8279-dc7d6429838e@group-D432434B2D64-LeaderElection24] INFO  impl.RaftServerImpl (RaftServerImpl.java:setRole(170)) - 60fa8d9c-eec5-47da-8279-dc7d6429838e@group-D432434B2D64: changes role from CANDIDATE to LEADER at term 1 for changeToLeader
2019-10-07 08:28:15,699 [60fa8d9c-eec5-47da-8279-dc7d6429838e@group-D432434B2D64-LeaderElection24] INFO  impl.RaftServerImpl (ServerState.java:setLeader(255)) - 60fa8d9c-eec5-47da-8279-dc7d6429838e@group-D432434B2D64: change Leader from null to 60fa8d9c-eec5-47da-8279-dc7d6429838e at term 1 for becomeLeader, leader elected after 5043ms
2019-10-07 08:28:15,739 [60fa8d9c-eec5-47da-8279-dc7d6429838e@group-D432434B2D64-LeaderElection24] INFO  server.RaftServerConfigKeys (ConfUtils.java:logGet(43)) - raft.server.staging.catchup.gap = 1000 (default)
2019-10-07 08:28:15,739 [60fa8d9c-eec5-47da-8279-dc7d6429838e@group-D432434B2D64-LeaderElection24] INFO  server.RaftServerConfigKeys (ConfUtils.java:logGet(43)) - raft.server.rpc.sleep.time = 25ms (default)
2019-10-07 08:28:15,740 [60fa8d9c-eec5-47da-8279-dc7d6429838e@group-D432434B2D64-LeaderElection24] INFO  server.RaftServerConfigKeys (ConfUtils.java:logGet(43)) - raft.server.write.element-limit = 4096 (default)
2019-10-07 08:28:15,740 [60fa8d9c-eec5-47da-8279-dc7d6429838e@group-D432434B2D64-LeaderElection24] INFO  server.RaftServerConfigKeys (ConfUtils.java:logGet(43)) - raft.server.watch.timeout = 10s (default)
2019-10-07 08:28:15,740 [60fa8d9c-eec5-47da-8279-dc7d6429838e@group-D432434B2D64-LeaderElection24] INFO  server.RaftServerConfigKeys (ConfUtils.java:logGet(43)) - raft.server.watch.timeout.denomination = 1s (default)
2019-10-07 08:28:15,740 [60fa8d9c-eec5-47da-8279-dc7d6429838e@group-D432434B2D64-LeaderElection24] INFO  server.RaftServerConfigKeys (ConfUtils.java:logGet(43)) - raft.server.watch.element-limit = 65536 (default)
2019-10-07 08:28:15,742 [60fa8d9c-eec5-47da-8279-dc7d6429838e@group-D432434B2D64-LeaderElection24] INFO  impl.RoleInfo (RoleInfo.java:updateAndGet(143)) - 60fa8d9c-eec5-47da-8279-dc7d6429838e: start LeaderState
2019-10-07 08:28:15,743 [60fa8d9c-eec5-47da-8279-dc7d6429838e@group-D432434B2D64-LeaderElection24] INFO  segmented.SegmentedRaftLogWorker (SegmentedRaftLogWorker.java:startLogSegment(385)) - 60fa8d9c-eec5-47da-8279-dc7d6429838e@group-D432434B2D64-SegmentedRaftLogWorker: Starting segment from index:0
2019-10-07 08:28:15,744 [60fa8d9c-eec5-47da-8279-dc7d6429838e@group-D432434B2D64-LeaderElection24] INFO  impl.RaftServerImpl (ServerState.java:setRaftConf(356)) - 60fa8d9c-eec5-47da-8279-dc7d6429838e@group-D432434B2D64: set configuration 0: [60fa8d9c-eec5-47da-8279-dc7d6429838e:192.168.164.213:39789], old=null at 0
2019-10-07 08:28:15,774 [Thread-725] INFO  impl.FollowerState (FollowerState.java:run(108)) - 470bbc53-1579-4bd2-a31d-68f148926eb5@group-E6DC2C34446F-FollowerState: change to CANDIDATE, lastRpcTime:5017ms, electionTimeout:5017ms
2019-10-07 08:28:15,774 [470bbc53-1579-4bd2-a31d-68f148926eb5@group-A4FA8BE4B253-SegmentedRaftLogWorker] INFO  segmented.SegmentedRaftLogWorker (SegmentedRaftLogWorker.java:execute(574)) - 470bbc53-1579-4bd2-a31d-68f148926eb5@group-A4FA8BE4B253-SegmentedRaftLogWorker: created new log segment /workdir/hadoop-ozone/integration-test/target/test-dir/MiniOzoneClusterImpl-d41106c3-64a1-4add-af3d-d5cb16e1af83/datanode-6/data/ratis/083c6bc7-3d3c-4d70-88d5-a4fa8be4b253/current/log_inprogress_0
2019-10-07 08:28:15,774 [Thread-721] INFO  impl.FollowerState (FollowerState.java:run(108)) - 146ceb2f-fc11-43ba-b6ba-1106dcb1a363@group-E6DC2C34446F-FollowerState: change to CANDIDATE, lastRpcTime:5023ms, electionTimeout:5023ms
2019-10-07 08:28:15,774 [Thread-725] INFO  impl.RoleInfo (RoleInfo.java:shutdownFollowerState(121)) - 470bbc53-1579-4bd2-a31d-68f148926eb5: shutdown FollowerState
2019-10-07 08:28:15,775 [Thread-721] INFO  impl.RoleInfo (RoleInfo.java:shutdownFollowerState(121)) - 146ceb2f-fc11-43ba-b6ba-1106dcb1a363: shutdown FollowerState
2019-10-07 08:28:15,775 [Thread-725] INFO  impl.RaftServerImpl (RaftServerImpl.java:setRole(170)) - 470bbc53-1579-4bd2-a31d-68f148926eb5@group-E6DC2C34446F: changes role from  FOLLOWER to CANDIDATE at term 0 for changeToCandidate
2019-10-07 08:28:15,775 [Thread-721] INFO  impl.RaftServerImpl (RaftServerImpl.java:setRole(170)) - 146ceb2f-fc11-43ba-b6ba-1106dcb1a363@group-E6DC2C34446F: changes role from  FOLLOWER to CANDIDATE at term 0 for changeToCandidate
2019-10-07 08:28:15,775 [Thread-725] INFO  impl.RoleInfo (RoleInfo.java:updateAndGet(143)) - 470bbc53-1579-4bd2-a31d-68f148926eb5: start LeaderElection
2019-10-07 08:28:15,775 [Thread-721] INFO  impl.RoleInfo (RoleInfo.java:updateAndGet(143)) - 146ceb2f-fc11-43ba-b6ba-1106dcb1a363: start LeaderElection
2019-10-07 08:28:15,798 [60fa8d9c-eec5-47da-8279-dc7d6429838e@group-D432434B2D64-SegmentedRaftLogWorker] INFO  segmented.SegmentedRaftLogWorker (SegmentedRaftLogWorker.java:execute(574)) - 60fa8d9c-eec5-47da-8279-dc7d6429838e@group-D432434B2D64-SegmentedRaftLogWorker: created new log segment /workdir/hadoop-ozone/integration-test/target/test-dir/MiniOzoneClusterImpl-d41106c3-64a1-4add-af3d-d5cb16e1af83/datanode-4/data/ratis/52d98128-9be6-4ac2-bb02-d432434b2d64/current/log_inprogress_0
2019-10-07 08:28:15,809 [146ceb2f-fc11-43ba-b6ba-1106dcb1a363@group-E6DC2C34446F-LeaderElection26] INFO  impl.LeaderElection (LeaderElection.java:askForVotes(178)) - 146ceb2f-fc11-43ba-b6ba-1106dcb1a363@group-E6DC2C34446F-LeaderElection26: begin an election at term 1 for -1: [470bbc53-1579-4bd2-a31d-68f148926eb5:192.168.164.213:45795, 146ceb2f-fc11-43ba-b6ba-1106dcb1a363:192.168.164.213:44226, 48f0ddbd-ecfe-47e7-95da-5ecbab1cbdb9:192.168.164.213:45044], old=null
2019-10-07 08:28:15,810 [470bbc53-1579-4bd2-a31d-68f148926eb5@group-E6DC2C34446F-LeaderElection25] INFO  impl.LeaderElection (LeaderElection.java:askForVotes(178)) - 470bbc53-1579-4bd2-a31d-68f148926eb5@group-E6DC2C34446F-LeaderElection25: begin an election at term 1 for -1: [470bbc53-1579-4bd2-a31d-68f148926eb5:192.168.164.213:45795, 146ceb2f-fc11-43ba-b6ba-1106dcb1a363:192.168.164.213:44226, 48f0ddbd-ecfe-47e7-95da-5ecbab1cbdb9:192.168.164.213:45044], old=null
2019-10-07 08:28:15,815 [grpc-default-executor-1] INFO  impl.RaftServerImpl (RaftServerImpl.java:setRole(170)) - 48f0ddbd-ecfe-47e7-95da-5ecbab1cbdb9@group-E6DC2C34446F: changes role from  FOLLOWER to FOLLOWER at term 1 for recognizeCandidate:146ceb2f-fc11-43ba-b6ba-1106dcb1a363
2019-10-07 08:28:15,816 [grpc-default-executor-1] INFO  impl.RoleInfo (RoleInfo.java:shutdownFollowerState(121)) - 48f0ddbd-ecfe-47e7-95da-5ecbab1cbdb9: shutdown FollowerState
2019-10-07 08:28:15,816 [grpc-default-executor-1] INFO  impl.RoleInfo (RoleInfo.java:updateAndGet(143)) - 48f0ddbd-ecfe-47e7-95da-5ecbab1cbdb9: start FollowerState
2019-10-07 08:28:15,816 [Thread-726] INFO  impl.FollowerState (FollowerState.java:run(117)) - 48f0ddbd-ecfe-47e7-95da-5ecbab1cbdb9@group-E6DC2C34446F-FollowerState was interrupted: java.lang.InterruptedException: sleep interrupted
2019-10-07 08:28:15,838 [470bbc53-1579-4bd2-a31d-68f148926eb5@group-E6DC2C34446F-LeaderElection25] INFO  impl.LeaderElection (LeaderElection.java:logAndReturn(56)) - 470bbc53-1579-4bd2-a31d-68f148926eb5@group-E6DC2C34446F-LeaderElection25: Election REJECTED; received 2 response(s) [470bbc53-1579-4bd2-a31d-68f148926eb5<-146ceb2f-fc11-43ba-b6ba-1106dcb1a363#0:FAIL-t1, 470bbc53-1579-4bd2-a31d-68f148926eb5<-48f0ddbd-ecfe-47e7-95da-5ecbab1cbdb9#0:FAIL-t1] and 0 exception(s); 470bbc53-1579-4bd2-a31d-68f148926eb5@group-E6DC2C34446F:t1, leader=null, voted=470bbc53-1579-4bd2-a31d-68f148926eb5, raftlog=470bbc53-1579-4bd2-a31d-68f148926eb5@group-E6DC2C34446F-SegmentedRaftLog:OPENED:c-1,f-1,i0, conf=-1: [470bbc53-1579-4bd2-a31d-68f148926eb5:192.168.164.213:45795, 146ceb2f-fc11-43ba-b6ba-1106dcb1a363:192.168.164.213:44226, 48f0ddbd-ecfe-47e7-95da-5ecbab1cbdb9:192.168.164.213:45044], old=null
2019-10-07 08:28:15,838 [146ceb2f-fc11-43ba-b6ba-1106dcb1a363@group-E6DC2C34446F-LeaderElection26] INFO  impl.LeaderElection (LeaderElection.java:logAndReturn(56)) - 146ceb2f-fc11-43ba-b6ba-1106dcb1a363@group-E6DC2C34446F-LeaderElection26: Election PASSED; received 2 response(s) [146ceb2f-fc11-43ba-b6ba-1106dcb1a363<-470bbc53-1579-4bd2-a31d-68f148926eb5#0:FAIL-t1, 146ceb2f-fc11-43ba-b6ba-1106dcb1a363<-48f0ddbd-ecfe-47e7-95da-5ecbab1cbdb9#0:OK-t1] and 0 exception(s); 146ceb2f-fc11-43ba-b6ba-1106dcb1a363@group-E6DC2C34446F:t1, leader=null, voted=146ceb2f-fc11-43ba-b6ba-1106dcb1a363, raftlog=146ceb2f-fc11-43ba-b6ba-1106dcb1a363@group-E6DC2C34446F-SegmentedRaftLog:OPENED:c-1,f-1,i0, conf=-1: [470bbc53-1579-4bd2-a31d-68f148926eb5:192.168.164.213:45795, 146ceb2f-fc11-43ba-b6ba-1106dcb1a363:192.168.164.213:44226, 48f0ddbd-ecfe-47e7-95da-5ecbab1cbdb9:192.168.164.213:45044], old=null
2019-10-07 08:28:15,838 [470bbc53-1579-4bd2-a31d-68f148926eb5@group-E6DC2C34446F-LeaderElection25] INFO  impl.RaftServerImpl (RaftServerImpl.java:setRole(170)) - 470bbc53-1579-4bd2-a31d-68f148926eb5@group-E6DC2C34446F: changes role from CANDIDATE to FOLLOWER at term 1 for DISCOVERED_A_NEW_TERM
2019-10-07 08:28:15,841 [470bbc53-1579-4bd2-a31d-68f148926eb5@group-E6DC2C34446F-LeaderElection25] INFO  impl.RoleInfo (RoleInfo.java:shutdownLeaderElection(134)) - 470bbc53-1579-4bd2-a31d-68f148926eb5: shutdown LeaderElection
2019-10-07 08:28:15,838 [146ceb2f-fc11-43ba-b6ba-1106dcb1a363@group-E6DC2C34446F-LeaderElection26] INFO  impl.RoleInfo (RoleInfo.java:shutdownLeaderElection(134)) - 146ceb2f-fc11-43ba-b6ba-1106dcb1a363: shutdown LeaderElection
2019-10-07 08:28:15,842 [470bbc53-1579-4bd2-a31d-68f148926eb5@group-E6DC2C34446F-LeaderElection25] INFO  impl.RoleInfo (RoleInfo.java:updateAndGet(143)) - 470bbc53-1579-4bd2-a31d-68f148926eb5: start FollowerState
2019-10-07 08:28:15,842 [146ceb2f-fc11-43ba-b6ba-1106dcb1a363@group-E6DC2C34446F-LeaderElection26] INFO  impl.RaftServerImpl (RaftServerImpl.java:setRole(170)) - 146ceb2f-fc11-43ba-b6ba-1106dcb1a363@group-E6DC2C34446F: changes role from CANDIDATE to LEADER at term 1 for changeToLeader
2019-10-07 08:28:15,843 [146ceb2f-fc11-43ba-b6ba-1106dcb1a363@group-E6DC2C34446F-LeaderElection26] INFO  impl.RaftServerImpl (ServerState.java:setLeader(255)) - 146ceb2f-fc11-43ba-b6ba-1106dcb1a363@group-E6DC2C34446F: change Leader from null to 146ceb2f-fc11-43ba-b6ba-1106dcb1a363 at term 1 for becomeLeader, leader elected after 5098ms
2019-10-07 08:28:15,843 [146ceb2f-fc11-43ba-b6ba-1106dcb1a363@group-E6DC2C34446F-LeaderElection26] INFO  server.RaftServerConfigKeys (ConfUtils.java:logGet(43)) - raft.server.staging.catchup.gap = 1000 (default)
2019-10-07 08:28:15,843 [146ceb2f-fc11-43ba-b6ba-1106dcb1a363@group-E6DC2C34446F-LeaderElection26] INFO  server.RaftServerConfigKeys (ConfUtils.java:logGet(43)) - raft.server.rpc.sleep.time = 25ms (default)
2019-10-07 08:28:15,843 [146ceb2f-fc11-43ba-b6ba-1106dcb1a363@group-E6DC2C34446F-LeaderElection26] INFO  server.RaftServerConfigKeys (ConfUtils.java:logGet(43)) - raft.server.write.element-limit = 4096 (default)
2019-10-07 08:28:15,843 [146ceb2f-fc11-43ba-b6ba-1106dcb1a363@group-E6DC2C34446F-LeaderElection26] INFO  server.RaftServerConfigKeys (ConfUtils.java:logGet(43)) - raft.server.watch.timeout = 10s (default)
2019-10-07 08:28:15,843 [146ceb2f-fc11-43ba-b6ba-1106dcb1a363@group-E6DC2C34446F-LeaderElection26] INFO  server.RaftServerConfigKeys (ConfUtils.java:logGet(43)) - raft.server.watch.timeout.denomination = 1s (default)
2019-10-07 08:28:15,844 [146ceb2f-fc11-43ba-b6ba-1106dcb1a363@group-E6DC2C34446F-LeaderElection26] INFO  server.RaftServerConfigKeys (ConfUtils.java:logGet(43)) - raft.server.watch.element-limit = 65536 (default)
2019-10-07 08:28:15,846 [146ceb2f-fc11-43ba-b6ba-1106dcb1a363@group-E6DC2C34446F-LeaderElection26] INFO  server.RaftServerConfigKeys (ConfUtils.java:logGet(43)) - raft.server.log.appender.snapshot.chunk.size.max = 16MB (=16777216) (default)
2019-10-07 08:28:15,846 [146ceb2f-fc11-43ba-b6ba-1106dcb1a363@group-E6DC2C34446F-LeaderElection26] INFO  server.RaftServerConfigKeys (ConfUtils.java:logGet(43)) - raft.server.log.appender.buffer.byte-limit = 33554432 (custom)
2019-10-07 08:28:15,846 [146ceb2f-fc11-43ba-b6ba-1106dcb1a363@group-E6DC2C34446F-LeaderElection26] INFO  server.RaftServerConfigKeys (ConfUtils.java:logGet(43)) - raft.server.log.appender.buffer.element-limit = 1 (custom)
2019-10-07 08:28:15,847 [146ceb2f-fc11-43ba-b6ba-1106dcb1a363@group-E6DC2C34446F-LeaderElection26] INFO  grpc.GrpcConfigKeys$Server (ConfUtils.java:logGet(43)) - raft.grpc.server.leader.outstanding.appends.max = 128 (default)
2019-10-07 08:28:15,847 [146ceb2f-fc11-43ba-b6ba-1106dcb1a363@group-E6DC2C34446F-LeaderElection26] INFO  server.RaftServerConfigKeys (ConfUtils.java:logGet(43)) - raft.server.rpc.request.timeout = 3000ms (default)
2019-10-07 08:28:15,847 [146ceb2f-fc11-43ba-b6ba-1106dcb1a363@group-E6DC2C34446F-LeaderElection26] INFO  server.RaftServerConfigKeys (ConfUtils.java:logGet(43)) - raft.server.log.appender.install.snapshot.enabled = false (custom)
2019-10-07 08:28:15,847 [146ceb2f-fc11-43ba-b6ba-1106dcb1a363@group-E6DC2C34446F-LeaderElection26] INFO  server.RaftServerConfigKeys (ConfUtils.java:logGet(43)) - raft.server.log.appender.snapshot.chunk.size.max = 16MB (=16777216) (default)
2019-10-07 08:28:15,847 [146ceb2f-fc11-43ba-b6ba-1106dcb1a363@group-E6DC2C34446F-LeaderElection26] INFO  server.RaftServerConfigKeys (ConfUtils.java:logGet(43)) - raft.server.log.appender.buffer.byte-limit = 33554432 (custom)
2019-10-07 08:28:15,848 [146ceb2f-fc11-43ba-b6ba-1106dcb1a363@group-E6DC2C34446F-LeaderElection26] INFO  server.RaftServerConfigKeys (ConfUtils.java:logGet(43)) - raft.server.log.appender.buffer.element-limit = 1 (custom)
2019-10-07 08:28:15,848 [146ceb2f-fc11-43ba-b6ba-1106dcb1a363@group-E6DC2C34446F-LeaderElection26] INFO  grpc.GrpcConfigKeys$Server (ConfUtils.java:logGet(43)) - raft.grpc.server.leader.outstanding.appends.max = 128 (default)
2019-10-07 08:28:15,848 [146ceb2f-fc11-43ba-b6ba-1106dcb1a363@group-E6DC2C34446F-LeaderElection26] INFO  server.RaftServerConfigKeys (ConfUtils.java:logGet(43)) - raft.server.rpc.request.timeout = 3000ms (default)
2019-10-07 08:28:15,848 [146ceb2f-fc11-43ba-b6ba-1106dcb1a363@group-E6DC2C34446F-LeaderElection26] INFO  server.RaftServerConfigKeys (ConfUtils.java:logGet(43)) - raft.server.log.appender.install.snapshot.enabled = false (custom)
2019-10-07 08:28:15,848 [146ceb2f-fc11-43ba-b6ba-1106dcb1a363@group-E6DC2C34446F-LeaderElection26] INFO  impl.RoleInfo (RoleInfo.java:updateAndGet(143)) - 146ceb2f-fc11-43ba-b6ba-1106dcb1a363: start LeaderState
2019-10-07 08:28:15,848 [146ceb2f-fc11-43ba-b6ba-1106dcb1a363@group-E6DC2C34446F-LeaderElection26] INFO  segmented.SegmentedRaftLogWorker (SegmentedRaftLogWorker.java:startLogSegment(385)) - 146ceb2f-fc11-43ba-b6ba-1106dcb1a363@group-E6DC2C34446F-SegmentedRaftLogWorker: Starting segment from index:0
2019-10-07 08:28:15,849 [146ceb2f-fc11-43ba-b6ba-1106dcb1a363@group-E6DC2C34446F-LeaderElection26] INFO  impl.RaftServerImpl (ServerState.java:setRaftConf(356)) - 146ceb2f-fc11-43ba-b6ba-1106dcb1a363@group-E6DC2C34446F: set configuration 0: [470bbc53-1579-4bd2-a31d-68f148926eb5:192.168.164.213:45795, 146ceb2f-fc11-43ba-b6ba-1106dcb1a363:192.168.164.213:44226, 48f0ddbd-ecfe-47e7-95da-5ecbab1cbdb9:192.168.164.213:45044], old=null at 0
2019-10-07 08:28:15,851 [grpc-default-executor-1] INFO  impl.RaftServerImpl (ServerState.java:setLeader(255)) - 470bbc53-1579-4bd2-a31d-68f148926eb5@group-E6DC2C34446F: change Leader from null to 146ceb2f-fc11-43ba-b6ba-1106dcb1a363 at term 1 for appendEntries, leader elected after 5107ms
2019-10-07 08:28:15,851 [grpc-default-executor-3] INFO  impl.RaftServerImpl (ServerState.java:setLeader(255)) - 48f0ddbd-ecfe-47e7-95da-5ecbab1cbdb9@group-E6DC2C34446F: change Leader from null to 146ceb2f-fc11-43ba-b6ba-1106dcb1a363 at term 1 for appendEntries, leader elected after 5107ms
2019-10-07 08:28:15,854 [grpc-default-executor-3] INFO  impl.RaftServerImpl (ServerState.java:setRaftConf(356)) - 48f0ddbd-ecfe-47e7-95da-5ecbab1cbdb9@group-E6DC2C34446F: set configuration 0: [470bbc53-1579-4bd2-a31d-68f148926eb5:192.168.164.213:45795, 146ceb2f-fc11-43ba-b6ba-1106dcb1a363:192.168.164.213:44226, 48f0ddbd-ecfe-47e7-95da-5ecbab1cbdb9:192.168.164.213:45044], old=null at 0
2019-10-07 08:28:15,854 [grpc-default-executor-3] INFO  segmented.SegmentedRaftLogWorker (SegmentedRaftLogWorker.java:startLogSegment(385)) - 48f0ddbd-ecfe-47e7-95da-5ecbab1cbdb9@group-E6DC2C34446F-SegmentedRaftLogWorker: Starting segment from index:0
2019-10-07 08:28:15,854 [grpc-default-executor-1] INFO  impl.RaftServerImpl (ServerState.java:setRaftConf(356)) - 470bbc53-1579-4bd2-a31d-68f148926eb5@group-E6DC2C34446F: set configuration 0: [470bbc53-1579-4bd2-a31d-68f148926eb5:192.168.164.213:45795, 146ceb2f-fc11-43ba-b6ba-1106dcb1a363:192.168.164.213:44226, 48f0ddbd-ecfe-47e7-95da-5ecbab1cbdb9:192.168.164.213:45044], old=null at 0
2019-10-07 08:28:15,855 [grpc-default-executor-1] INFO  segmented.SegmentedRaftLogWorker (SegmentedRaftLogWorker.java:startLogSegment(385)) - 470bbc53-1579-4bd2-a31d-68f148926eb5@group-E6DC2C34446F-SegmentedRaftLogWorker: Starting segment from index:0
2019-10-07 08:28:15,857 [Thread-733] INFO  impl.FollowerState (FollowerState.java:run(108)) - ea0720c5-3010-41f9-8b28-0e30b881918f@group-7F16216947DC-FollowerState: change to CANDIDATE, lastRpcTime:5024ms, electionTimeout:5024ms
2019-10-07 08:28:15,858 [Thread-733] INFO  impl.RoleInfo (RoleInfo.java:shutdownFollowerState(121)) - ea0720c5-3010-41f9-8b28-0e30b881918f: shutdown FollowerState
2019-10-07 08:28:15,858 [Thread-733] INFO  impl.RaftServerImpl (RaftServerImpl.java:setRole(170)) - ea0720c5-3010-41f9-8b28-0e30b881918f@group-7F16216947DC: changes role from  FOLLOWER to CANDIDATE at term 0 for changeToCandidate
2019-10-07 08:28:15,858 [Thread-733] INFO  impl.RoleInfo (RoleInfo.java:updateAndGet(143)) - ea0720c5-3010-41f9-8b28-0e30b881918f: start LeaderElection
2019-10-07 08:28:15,887 [Thread-734] INFO  impl.FollowerState (FollowerState.java:run(108)) - 60fa8d9c-eec5-47da-8279-dc7d6429838e@group-7F16216947DC-FollowerState: change to CANDIDATE, lastRpcTime:5053ms, electionTimeout:5053ms
2019-10-07 08:28:15,890 [Thread-734] INFO  impl.RoleInfo (RoleInfo.java:shutdownFollowerState(121)) - 60fa8d9c-eec5-47da-8279-dc7d6429838e: shutdown FollowerState
2019-10-07 08:28:15,890 [Thread-734] INFO  impl.RaftServerImpl (RaftServerImpl.java:setRole(170)) - 60fa8d9c-eec5-47da-8279-dc7d6429838e@group-7F16216947DC: changes role from  FOLLOWER to CANDIDATE at term 0 for changeToCandidate
2019-10-07 08:28:15,890 [Thread-734] INFO  impl.RoleInfo (RoleInfo.java:updateAndGet(143)) - 60fa8d9c-eec5-47da-8279-dc7d6429838e: start LeaderElection
2019-10-07 08:28:15,912 [146ceb2f-fc11-43ba-b6ba-1106dcb1a363@group-E6DC2C34446F-SegmentedRaftLogWorker] INFO  segmented.SegmentedRaftLogWorker (SegmentedRaftLogWorker.java:execute(574)) - 146ceb2f-fc11-43ba-b6ba-1106dcb1a363@group-E6DC2C34446F-SegmentedRaftLogWorker: created new log segment /workdir/hadoop-ozone/integration-test/target/test-dir/MiniOzoneClusterImpl-d41106c3-64a1-4add-af3d-d5cb16e1af83/datanode-2/data/ratis/fdfd6383-4d60-4f7b-ab0b-e6dc2c34446f/current/log_inprogress_0
2019-10-07 08:28:15,912 [ea0720c5-3010-41f9-8b28-0e30b881918f@group-7F16216947DC-LeaderElection27] INFO  impl.LeaderElection (LeaderElection.java:askForVotes(178)) - ea0720c5-3010-41f9-8b28-0e30b881918f@group-7F16216947DC-LeaderElection27: begin an election at term 1 for -1: [ea0720c5-3010-41f9-8b28-0e30b881918f:192.168.164.213:33267, 60fa8d9c-eec5-47da-8279-dc7d6429838e:192.168.164.213:39789, 06af8296-9e1f-4dab-9512-19c5c9938ca2:192.168.164.213:36446], old=null
2019-10-07 08:28:15,912 [60fa8d9c-eec5-47da-8279-dc7d6429838e@group-7F16216947DC-LeaderElection28] INFO  impl.LeaderElection (LeaderElection.java:askForVotes(178)) - 60fa8d9c-eec5-47da-8279-dc7d6429838e@group-7F16216947DC-LeaderElection28: begin an election at term 1 for -1: [ea0720c5-3010-41f9-8b28-0e30b881918f:192.168.164.213:33267, 60fa8d9c-eec5-47da-8279-dc7d6429838e:192.168.164.213:39789, 06af8296-9e1f-4dab-9512-19c5c9938ca2:192.168.164.213:36446], old=null
2019-10-07 08:28:15,912 [48f0ddbd-ecfe-47e7-95da-5ecbab1cbdb9@group-E6DC2C34446F-SegmentedRaftLogWorker] INFO  segmented.SegmentedRaftLogWorker (SegmentedRaftLogWorker.java:execute(574)) - 48f0ddbd-ecfe-47e7-95da-5ecbab1cbdb9@group-E6DC2C34446F-SegmentedRaftLogWorker: created new log segment /workdir/hadoop-ozone/integration-test/target/test-dir/MiniOzoneClusterImpl-d41106c3-64a1-4add-af3d-d5cb16e1af83/datanode-5/data/ratis/fdfd6383-4d60-4f7b-ab0b-e6dc2c34446f/current/log_inprogress_0
2019-10-07 08:28:15,912 [470bbc53-1579-4bd2-a31d-68f148926eb5@group-E6DC2C34446F-SegmentedRaftLogWorker] INFO  segmented.SegmentedRaftLogWorker (SegmentedRaftLogWorker.java:execute(574)) - 470bbc53-1579-4bd2-a31d-68f148926eb5@group-E6DC2C34446F-SegmentedRaftLogWorker: created new log segment /workdir/hadoop-ozone/integration-test/target/test-dir/MiniOzoneClusterImpl-d41106c3-64a1-4add-af3d-d5cb16e1af83/datanode-6/data/ratis/fdfd6383-4d60-4f7b-ab0b-e6dc2c34446f/current/log_inprogress_0
2019-10-07 08:28:15,924 [grpc-default-executor-1] INFO  impl.RaftServerImpl (RaftServerImpl.java:setRole(170)) - 06af8296-9e1f-4dab-9512-19c5c9938ca2@group-7F16216947DC: changes role from  FOLLOWER to FOLLOWER at term 1 for recognizeCandidate:ea0720c5-3010-41f9-8b28-0e30b881918f
2019-10-07 08:28:15,925 [grpc-default-executor-1] INFO  impl.RoleInfo (RoleInfo.java:shutdownFollowerState(121)) - 06af8296-9e1f-4dab-9512-19c5c9938ca2: shutdown FollowerState
2019-10-07 08:28:15,927 [grpc-default-executor-1] INFO  impl.RoleInfo (RoleInfo.java:updateAndGet(143)) - 06af8296-9e1f-4dab-9512-19c5c9938ca2: start FollowerState
2019-10-07 08:28:15,927 [Thread-732] INFO  impl.FollowerState (FollowerState.java:run(117)) - 06af8296-9e1f-4dab-9512-19c5c9938ca2@group-7F16216947DC-FollowerState was interrupted: java.lang.InterruptedException: sleep interrupted
2019-10-07 08:28:15,956 [ea0720c5-3010-41f9-8b28-0e30b881918f@group-7F16216947DC-LeaderElection27] INFO  impl.LeaderElection (LeaderElection.java:logAndReturn(56)) - ea0720c5-3010-41f9-8b28-0e30b881918f@group-7F16216947DC-LeaderElection27: Election PASSED; received 2 response(s) [ea0720c5-3010-41f9-8b28-0e30b881918f<-60fa8d9c-eec5-47da-8279-dc7d6429838e#0:FAIL-t1, ea0720c5-3010-41f9-8b28-0e30b881918f<-06af8296-9e1f-4dab-9512-19c5c9938ca2#0:OK-t1] and 0 exception(s); ea0720c5-3010-41f9-8b28-0e30b881918f@group-7F16216947DC:t1, leader=null, voted=ea0720c5-3010-41f9-8b28-0e30b881918f, raftlog=ea0720c5-3010-41f9-8b28-0e30b881918f@group-7F16216947DC-SegmentedRaftLog:OPENED:c-1,f-1,i0, conf=-1: [ea0720c5-3010-41f9-8b28-0e30b881918f:192.168.164.213:33267, 60fa8d9c-eec5-47da-8279-dc7d6429838e:192.168.164.213:39789, 06af8296-9e1f-4dab-9512-19c5c9938ca2:192.168.164.213:36446], old=null
2019-10-07 08:28:15,957 [60fa8d9c-eec5-47da-8279-dc7d6429838e@group-7F16216947DC-LeaderElection28] INFO  impl.LeaderElection (LeaderElection.java:logAndReturn(56)) - 60fa8d9c-eec5-47da-8279-dc7d6429838e@group-7F16216947DC-LeaderElection28: Election REJECTED; received 2 response(s) [60fa8d9c-eec5-47da-8279-dc7d6429838e<-ea0720c5-3010-41f9-8b28-0e30b881918f#0:FAIL-t1, 60fa8d9c-eec5-47da-8279-dc7d6429838e<-06af8296-9e1f-4dab-9512-19c5c9938ca2#0:FAIL-t1] and 0 exception(s); 60fa8d9c-eec5-47da-8279-dc7d6429838e@group-7F16216947DC:t1, leader=null, voted=60fa8d9c-eec5-47da-8279-dc7d6429838e, raftlog=60fa8d9c-eec5-47da-8279-dc7d6429838e@group-7F16216947DC-SegmentedRaftLog:OPENED:c-1,f-1,i0, conf=-1: [ea0720c5-3010-41f9-8b28-0e30b881918f:192.168.164.213:33267, 60fa8d9c-eec5-47da-8279-dc7d6429838e:192.168.164.213:39789, 06af8296-9e1f-4dab-9512-19c5c9938ca2:192.168.164.213:36446], old=null
2019-10-07 08:28:15,957 [ea0720c5-3010-41f9-8b28-0e30b881918f@group-7F16216947DC-LeaderElection27] INFO  impl.RoleInfo (RoleInfo.java:shutdownLeaderElection(134)) - ea0720c5-3010-41f9-8b28-0e30b881918f: shutdown LeaderElection
2019-10-07 08:28:15,959 [ea0720c5-3010-41f9-8b28-0e30b881918f@group-7F16216947DC-LeaderElection27] INFO  impl.RaftServerImpl (RaftServerImpl.java:setRole(170)) - ea0720c5-3010-41f9-8b28-0e30b881918f@group-7F16216947DC: changes role from CANDIDATE to LEADER at term 1 for changeToLeader
2019-10-07 08:28:15,959 [60fa8d9c-eec5-47da-8279-dc7d6429838e@group-7F16216947DC-LeaderElection28] INFO  impl.RaftServerImpl (RaftServerImpl.java:setRole(170)) - 60fa8d9c-eec5-47da-8279-dc7d6429838e@group-7F16216947DC: changes role from CANDIDATE to FOLLOWER at term 1 for DISCOVERED_A_NEW_TERM
2019-10-07 08:28:15,960 [ea0720c5-3010-41f9-8b28-0e30b881918f@group-7F16216947DC-LeaderElection27] INFO  impl.RaftServerImpl (ServerState.java:setLeader(255)) - ea0720c5-3010-41f9-8b28-0e30b881918f@group-7F16216947DC: change Leader from null to ea0720c5-3010-41f9-8b28-0e30b881918f at term 1 for becomeLeader, leader elected after 5140ms
2019-10-07 08:28:15,960 [60fa8d9c-eec5-47da-8279-dc7d6429838e@group-7F16216947DC-LeaderElection28] INFO  impl.RoleInfo (RoleInfo.java:shutdownLeaderElection(134)) - 60fa8d9c-eec5-47da-8279-dc7d6429838e: shutdown LeaderElection
2019-10-07 08:28:15,960 [ea0720c5-3010-41f9-8b28-0e30b881918f@group-7F16216947DC-LeaderElection27] INFO  server.RaftServerConfigKeys (ConfUtils.java:logGet(43)) - raft.server.staging.catchup.gap = 1000 (default)
2019-10-07 08:28:15,960 [60fa8d9c-eec5-47da-8279-dc7d6429838e@group-7F16216947DC-LeaderElection28] INFO  impl.RoleInfo (RoleInfo.java:updateAndGet(143)) - 60fa8d9c-eec5-47da-8279-dc7d6429838e: start FollowerState
2019-10-07 08:28:15,960 [ea0720c5-3010-41f9-8b28-0e30b881918f@group-7F16216947DC-LeaderElection27] INFO  server.RaftServerConfigKeys (ConfUtils.java:logGet(43)) - raft.server.rpc.sleep.time = 25ms (default)
2019-10-07 08:28:15,961 [ea0720c5-3010-41f9-8b28-0e30b881918f@group-7F16216947DC-LeaderElection27] INFO  server.RaftServerConfigKeys (ConfUtils.java:logGet(43)) - raft.server.write.element-limit = 4096 (default)
2019-10-07 08:28:15,961 [ea0720c5-3010-41f9-8b28-0e30b881918f@group-7F16216947DC-LeaderElection27] INFO  server.RaftServerConfigKeys (ConfUtils.java:logGet(43)) - raft.server.watch.timeout = 10s (default)
2019-10-07 08:28:15,961 [ea0720c5-3010-41f9-8b28-0e30b881918f@group-7F16216947DC-LeaderElection27] INFO  server.RaftServerConfigKeys (ConfUtils.java:logGet(43)) - raft.server.watch.timeout.denomination = 1s (default)
2019-10-07 08:28:15,961 [ea0720c5-3010-41f9-8b28-0e30b881918f@group-7F16216947DC-LeaderElection27] INFO  server.RaftServerConfigKeys (ConfUtils.java:logGet(43)) - raft.server.watch.element-limit = 65536 (default)
2019-10-07 08:28:15,963 [ea0720c5-3010-41f9-8b28-0e30b881918f@group-7F16216947DC-LeaderElection27] INFO  server.RaftServerConfigKeys (ConfUtils.java:logGet(43)) - raft.server.log.appender.snapshot.chunk.size.max = 16MB (=16777216) (default)
2019-10-07 08:28:15,963 [ea0720c5-3010-41f9-8b28-0e30b881918f@group-7F16216947DC-LeaderElection27] INFO  server.RaftServerConfigKeys (ConfUtils.java:logGet(43)) - raft.server.log.appender.buffer.byte-limit = 33554432 (custom)
2019-10-07 08:28:15,963 [ea0720c5-3010-41f9-8b28-0e30b881918f@group-7F16216947DC-LeaderElection27] INFO  server.RaftServerConfigKeys (ConfUtils.java:logGet(43)) - raft.server.log.appender.buffer.element-limit = 1 (custom)
2019-10-07 08:28:15,963 [ea0720c5-3010-41f9-8b28-0e30b881918f@group-7F16216947DC-LeaderElection27] INFO  grpc.GrpcConfigKeys$Server (ConfUtils.java:logGet(43)) - raft.grpc.server.leader.outstanding.appends.max = 128 (default)
2019-10-07 08:28:15,963 [ea0720c5-3010-41f9-8b28-0e30b881918f@group-7F16216947DC-LeaderElection27] INFO  server.RaftServerConfigKeys (ConfUtils.java:logGet(43)) - raft.server.rpc.request.timeout = 3000ms (default)
2019-10-07 08:28:15,963 [ea0720c5-3010-41f9-8b28-0e30b881918f@group-7F16216947DC-LeaderElection27] INFO  server.RaftServerConfigKeys (ConfUtils.java:logGet(43)) - raft.server.log.appender.install.snapshot.enabled = false (custom)
2019-10-07 08:28:15,963 [ea0720c5-3010-41f9-8b28-0e30b881918f@group-7F16216947DC-LeaderElection27] INFO  server.RaftServerConfigKeys (ConfUtils.java:logGet(43)) - raft.server.log.appender.snapshot.chunk.size.max = 16MB (=16777216) (default)
2019-10-07 08:28:15,964 [ea0720c5-3010-41f9-8b28-0e30b881918f@group-7F16216947DC-LeaderElection27] INFO  server.RaftServerConfigKeys (ConfUtils.java:logGet(43)) - raft.server.log.appender.buffer.byte-limit = 33554432 (custom)
2019-10-07 08:28:15,964 [ea0720c5-3010-41f9-8b28-0e30b881918f@group-7F16216947DC-LeaderElection27] INFO  server.RaftServerConfigKeys (ConfUtils.java:logGet(43)) - raft.server.log.appender.buffer.element-limit = 1 (custom)
2019-10-07 08:28:15,964 [ea0720c5-3010-41f9-8b28-0e30b881918f@group-7F16216947DC-LeaderElection27] INFO  grpc.GrpcConfigKeys$Server (ConfUtils.java:logGet(43)) - raft.grpc.server.leader.outstanding.appends.max = 128 (default)
2019-10-07 08:28:15,964 [ea0720c5-3010-41f9-8b28-0e30b881918f@group-7F16216947DC-LeaderElection27] INFO  server.RaftServerConfigKeys (ConfUtils.java:logGet(43)) - raft.server.rpc.request.timeout = 3000ms (default)
2019-10-07 08:28:15,964 [ea0720c5-3010-41f9-8b28-0e30b881918f@group-7F16216947DC-LeaderElection27] INFO  server.RaftServerConfigKeys (ConfUtils.java:logGet(43)) - raft.server.log.appender.install.snapshot.enabled = false (custom)
2019-10-07 08:28:15,964 [ea0720c5-3010-41f9-8b28-0e30b881918f@group-7F16216947DC-LeaderElection27] INFO  impl.RoleInfo (RoleInfo.java:updateAndGet(143)) - ea0720c5-3010-41f9-8b28-0e30b881918f: start LeaderState
2019-10-07 08:28:15,964 [ea0720c5-3010-41f9-8b28-0e30b881918f@group-7F16216947DC-LeaderElection27] INFO  segmented.SegmentedRaftLogWorker (SegmentedRaftLogWorker.java:startLogSegment(385)) - ea0720c5-3010-41f9-8b28-0e30b881918f@group-7F16216947DC-SegmentedRaftLogWorker: Starting segment from index:0
2019-10-07 08:28:15,965 [ea0720c5-3010-41f9-8b28-0e30b881918f@group-7F16216947DC-LeaderElection27] INFO  impl.RaftServerImpl (ServerState.java:setRaftConf(356)) - ea0720c5-3010-41f9-8b28-0e30b881918f@group-7F16216947DC: set configuration 0: [ea0720c5-3010-41f9-8b28-0e30b881918f:192.168.164.213:33267, 60fa8d9c-eec5-47da-8279-dc7d6429838e:192.168.164.213:39789, 06af8296-9e1f-4dab-9512-19c5c9938ca2:192.168.164.213:36446], old=null at 0
2019-10-07 08:28:15,967 [grpc-default-executor-3] INFO  impl.RaftServerImpl (ServerState.java:setLeader(255)) - 06af8296-9e1f-4dab-9512-19c5c9938ca2@group-7F16216947DC: change Leader from null to ea0720c5-3010-41f9-8b28-0e30b881918f at term 1 for appendEntries, leader elected after 5148ms
2019-10-07 08:28:15,967 [grpc-default-executor-1] INFO  impl.RaftServerImpl (ServerState.java:setLeader(255)) - 60fa8d9c-eec5-47da-8279-dc7d6429838e@group-7F16216947DC: change Leader from null to ea0720c5-3010-41f9-8b28-0e30b881918f at term 1 for appendEntries, leader elected after 5148ms
2019-10-07 08:28:15,969 [grpc-default-executor-1] INFO  impl.RaftServerImpl (ServerState.java:setRaftConf(356)) - 06af8296-9e1f-4dab-9512-19c5c9938ca2@group-7F16216947DC: set configuration 0: [ea0720c5-3010-41f9-8b28-0e30b881918f:192.168.164.213:33267, 60fa8d9c-eec5-47da-8279-dc7d6429838e:192.168.164.213:39789, 06af8296-9e1f-4dab-9512-19c5c9938ca2:192.168.164.213:36446], old=null at 0
2019-10-07 08:28:15,969 [grpc-default-executor-1] INFO  segmented.SegmentedRaftLogWorker (SegmentedRaftLogWorker.java:startLogSegment(385)) - 06af8296-9e1f-4dab-9512-19c5c9938ca2@group-7F16216947DC-SegmentedRaftLogWorker: Starting segment from index:0
2019-10-07 08:28:15,969 [grpc-default-executor-3] INFO  impl.RaftServerImpl (ServerState.java:setRaftConf(356)) - 60fa8d9c-eec5-47da-8279-dc7d6429838e@group-7F16216947DC: set configuration 0: [ea0720c5-3010-41f9-8b28-0e30b881918f:192.168.164.213:33267, 60fa8d9c-eec5-47da-8279-dc7d6429838e:192.168.164.213:39789, 06af8296-9e1f-4dab-9512-19c5c9938ca2:192.168.164.213:36446], old=null at 0
2019-10-07 08:28:15,970 [grpc-default-executor-3] INFO  segmented.SegmentedRaftLogWorker (SegmentedRaftLogWorker.java:startLogSegment(385)) - 60fa8d9c-eec5-47da-8279-dc7d6429838e@group-7F16216947DC-SegmentedRaftLogWorker: Starting segment from index:0
2019-10-07 08:28:16,017 [60fa8d9c-eec5-47da-8279-dc7d6429838e@group-7F16216947DC-SegmentedRaftLogWorker] INFO  segmented.SegmentedRaftLogWorker (SegmentedRaftLogWorker.java:execute(574)) - 60fa8d9c-eec5-47da-8279-dc7d6429838e@group-7F16216947DC-SegmentedRaftLogWorker: created new log segment /workdir/hadoop-ozone/integration-test/target/test-dir/MiniOzoneClusterImpl-d41106c3-64a1-4add-af3d-d5cb16e1af83/datanode-4/data/ratis/831e3d60-52a1-403c-a48f-7f16216947dc/current/log_inprogress_0
2019-10-07 08:28:16,017 [06af8296-9e1f-4dab-9512-19c5c9938ca2@group-7F16216947DC-SegmentedRaftLogWorker] INFO  segmented.SegmentedRaftLogWorker (SegmentedRaftLogWorker.java:execute(574)) - 06af8296-9e1f-4dab-9512-19c5c9938ca2@group-7F16216947DC-SegmentedRaftLogWorker: created new log segment /workdir/hadoop-ozone/integration-test/target/test-dir/MiniOzoneClusterImpl-d41106c3-64a1-4add-af3d-d5cb16e1af83/datanode-0/data/ratis/831e3d60-52a1-403c-a48f-7f16216947dc/current/log_inprogress_0
2019-10-07 08:28:16,017 [ea0720c5-3010-41f9-8b28-0e30b881918f@group-7F16216947DC-SegmentedRaftLogWorker] INFO  segmented.SegmentedRaftLogWorker (SegmentedRaftLogWorker.java:execute(574)) - ea0720c5-3010-41f9-8b28-0e30b881918f@group-7F16216947DC-SegmentedRaftLogWorker: created new log segment /workdir/hadoop-ozone/integration-test/target/test-dir/MiniOzoneClusterImpl-d41106c3-64a1-4add-af3d-d5cb16e1af83/datanode-1/data/ratis/831e3d60-52a1-403c-a48f-7f16216947dc/current/log_inprogress_0
2019-10-07 08:28:16,634 [RatisApplyTransactionExecutor 1] ERROR ratis.ContainerStateMachine (ContainerStateMachine.java:lambda$applyTransaction$6(731)) - gid group-E6DC2C34446F : ApplyTransaction failed. cmd CreateContainer logIndex 7 exception {}
java.lang.IllegalArgumentException
	at com.google.common.base.Preconditions.checkArgument(Preconditions.java:72)
	at org.apache.hadoop.ozone.container.keyvalue.KeyValueHandler.handleCreateContainer(KeyValueHandler.java:215)
	at org.apache.hadoop.ozone.container.keyvalue.KeyValueHandler.handle(KeyValueHandler.java:152)
	at org.apache.hadoop.ozone.container.common.impl.HddsDispatcher.dispatchRequest(HddsDispatcher.java:275)
	at org.apache.hadoop.ozone.container.common.impl.HddsDispatcher.dispatch(HddsDispatcher.java:150)
	at org.apache.hadoop.ozone.container.common.transport.server.ratis.ContainerStateMachine.dispatchCommand(ContainerStateMachine.java:411)
	at org.apache.hadoop.ozone.container.common.transport.server.ratis.ContainerStateMachine.runCommand(ContainerStateMachine.java:419)
	at org.apache.hadoop.ozone.container.common.transport.server.ratis.ContainerStateMachine.lambda$applyTransaction$6(ContainerStateMachine.java:729)
	at java.util.concurrent.CompletableFuture$AsyncSupply.run(CompletableFuture.java:1590)
	at java.util.concurrent.ThreadPoolExecutor.runWorker(ThreadPoolExecutor.java:1149)
	at java.util.concurrent.ThreadPoolExecutor$Worker.run(ThreadPoolExecutor.java:624)
	at java.lang.Thread.run(Thread.java:748)
2019-10-07 08:28:16,649 [RatisApplyTransactionExecutor 1] ERROR ratis.ContainerStateMachine (ContainerStateMachine.java:lambda$applyTransaction$6(731)) - gid group-E6DC2C34446F : ApplyTransaction failed. cmd CreateContainer logIndex 7 exception {}
java.lang.IllegalArgumentException
	at com.google.common.base.Preconditions.checkArgument(Preconditions.java:72)
	at org.apache.hadoop.ozone.container.keyvalue.KeyValueHandler.handleCreateContainer(KeyValueHandler.java:215)
	at org.apache.hadoop.ozone.container.keyvalue.KeyValueHandler.handle(KeyValueHandler.java:152)
	at org.apache.hadoop.ozone.container.common.impl.HddsDispatcher.dispatchRequest(HddsDispatcher.java:275)
	at org.apache.hadoop.ozone.container.common.impl.HddsDispatcher.dispatch(HddsDispatcher.java:150)
	at org.apache.hadoop.ozone.container.common.transport.server.ratis.ContainerStateMachine.dispatchCommand(ContainerStateMachine.java:411)
	at org.apache.hadoop.ozone.container.common.transport.server.ratis.ContainerStateMachine.runCommand(ContainerStateMachine.java:419)
	at org.apache.hadoop.ozone.container.common.transport.server.ratis.ContainerStateMachine.lambda$applyTransaction$6(ContainerStateMachine.java:729)
	at java.util.concurrent.CompletableFuture$AsyncSupply.run(CompletableFuture.java:1590)
	at java.util.concurrent.ThreadPoolExecutor.runWorker(ThreadPoolExecutor.java:1149)
	at java.util.concurrent.ThreadPoolExecutor$Worker.run(ThreadPoolExecutor.java:624)
	at java.lang.Thread.run(Thread.java:748)
2019-10-07 08:28:16,649 [RatisApplyTransactionExecutor 1] ERROR ratis.ContainerStateMachine (ContainerStateMachine.java:lambda$applyTransaction$6(731)) - gid group-E6DC2C34446F : ApplyTransaction failed. cmd CreateContainer logIndex 7 exception {}
java.lang.IllegalArgumentException
	at com.google.common.base.Preconditions.checkArgument(Preconditions.java:72)
	at org.apache.hadoop.ozone.container.keyvalue.KeyValueHandler.handleCreateContainer(KeyValueHandler.java:215)
	at org.apache.hadoop.ozone.container.keyvalue.KeyValueHandler.handle(KeyValueHandler.java:152)
	at org.apache.hadoop.ozone.container.common.impl.HddsDispatcher.dispatchRequest(HddsDispatcher.java:275)
	at org.apache.hadoop.ozone.container.common.impl.HddsDispatcher.dispatch(HddsDispatcher.java:150)
	at org.apache.hadoop.ozone.container.common.transport.server.ratis.ContainerStateMachine.dispatchCommand(ContainerStateMachine.java:411)
	at org.apache.hadoop.ozone.container.common.transport.server.ratis.ContainerStateMachine.runCommand(ContainerStateMachine.java:419)
	at org.apache.hadoop.ozone.container.common.transport.server.ratis.ContainerStateMachine.lambda$applyTransaction$6(ContainerStateMachine.java:729)
	at java.util.concurrent.CompletableFuture$AsyncSupply.run(CompletableFuture.java:1590)
	at java.util.concurrent.ThreadPoolExecutor.runWorker(ThreadPoolExecutor.java:1149)
	at java.util.concurrent.ThreadPoolExecutor$Worker.run(ThreadPoolExecutor.java:624)
	at java.lang.Thread.run(Thread.java:748)
2019-10-07 08:29:48,505 [main] INFO  ozone.MiniOzoneClusterImpl (MiniOzoneClusterImpl.java:shutdown(314)) - Shutting down the Mini Ozone Cluster
2019-10-07 08:29:48,506 [main] INFO  ozone.MiniOzoneClusterImpl (MiniOzoneClusterImpl.java:stop(330)) - Stopping the Mini Ozone Cluster
2019-10-07 08:29:48,506 [main] INFO  ozone.MiniOzoneClusterImpl (MiniOzoneClusterImpl.java:stopOM(400)) - Stopping the OzoneManager
2019-10-07 08:29:48,506 [main] INFO  ipc.Server (Server.java:stop(3082)) - Stopping server on 33933
2019-10-07 08:29:48,516 [IPC Server listener on 33933] INFO  ipc.Server (Server.java:run(1185)) - Stopping IPC Server listener on 33933
2019-10-07 08:29:48,522 [IPC Server Responder] INFO  ipc.Server (Server.java:run(1319)) - Stopping IPC Server Responder
2019-10-07 08:29:48,520 [main] INFO  ratis.OzoneManagerDoubleBuffer (OzoneManagerDoubleBuffer.java:stop(248)) - Stopping OMDoubleBuffer flush thread
2019-10-07 08:29:48,534 [OMDoubleBufferFlushThread] INFO  ratis.OzoneManagerDoubleBuffer (OzoneManagerDoubleBuffer.java:flushTransactions(191)) - OMDoubleBuffer flush thread OMDoubleBufferFlushThread is interrupted and will exit. OMDoubleBufferFlushThread
2019-10-07 08:29:48,535 [main] INFO  utils.BackgroundService (BackgroundService.java:shutdown(148)) - Shutting down service KeyDeletingService
2019-10-07 08:29:48,537 [main] INFO  handler.ContextHandler (ContextHandler.java:doStop(910)) - Stopped o.e.j.w.WebAppContext@3ba0ae41{/,null,UNAVAILABLE}{/ozoneManager}
2019-10-07 08:29:48,538 [main] INFO  server.AbstractConnector (AbstractConnector.java:doStop(318)) - Stopped ServerConnector@76fe6cdc{HTTP/1.1,[http/1.1]}{0.0.0.0:0}
2019-10-07 08:29:48,538 [main] INFO  handler.ContextHandler (ContextHandler.java:doStop(910)) - Stopped o.e.j.s.ServletContextHandler@493b01ef{/static,file:///workdir/hadoop-ozone/integration-test/target/test-classes/webapps/static,UNAVAILABLE}
2019-10-07 08:29:48,538 [main] INFO  handler.ContextHandler (ContextHandler.java:doStop(910)) - Stopped o.e.j.s.ServletContextHandler@6690b9fa{/logs,file:///workdir/hadoop-ozone/integration-test/target/log,UNAVAILABLE}
2019-10-07 08:29:48,542 [main] INFO  ozone.MiniOzoneClusterImpl (MiniOzoneClusterImpl.java:stopDatanodes(377)) - Stopping the HddsDatanodes
2019-10-07 08:29:48,897 [Datanode State Machine Thread - 0] INFO  statemachine.DatanodeStateMachine (DatanodeStateMachine.java:lambda$startDaemon$0(350)) - Ozone container server started.
2019-10-07 08:29:49,095 [Datanode State Machine Thread - 0] INFO  statemachine.DatanodeStateMachine (DatanodeStateMachine.java:lambda$startDaemon$0(350)) - Ozone container server started.
2019-10-07 08:29:53,544 [main] INFO  ozoneimpl.OzoneContainer (OzoneContainer.java:stop(227)) - Attempting to stop container services.
2019-10-07 08:29:53,545 [ForkJoinPool.commonPool-worker-0] INFO  ozoneimpl.OzoneContainer (OzoneContainer.java:stop(227)) - Attempting to stop container services.
2019-10-07 08:29:53,551 [ForkJoinPool.commonPool-worker-0] INFO  impl.RaftServerProxy (RaftServerProxy.java:lambda$close$4(314)) - ea0720c5-3010-41f9-8b28-0e30b881918f: close
2019-10-07 08:29:53,551 [main] INFO  impl.RaftServerProxy (RaftServerProxy.java:lambda$close$4(314)) - 60fa8d9c-eec5-47da-8279-dc7d6429838e: close
2019-10-07 08:29:53,552 [ForkJoinPool.commonPool-worker-0] INFO  impl.RaftServerImpl (RaftServerImpl.java:lambda$shutdown$3(247)) - ea0720c5-3010-41f9-8b28-0e30b881918f@group-FFC89DBAA88C: shutdown
2019-10-07 08:29:53,552 [main] INFO  impl.RaftServerImpl (RaftServerImpl.java:lambda$shutdown$3(247)) - 60fa8d9c-eec5-47da-8279-dc7d6429838e@group-D432434B2D64: shutdown
2019-10-07 08:29:53,552 [ForkJoinPool.commonPool-worker-0] INFO  util.JmxRegister (JmxRegister.java:unregister(73)) - Successfully un-registered JMX Bean with object name Ratis:service=RaftServer,group=group-FFC89DBAA88C,id=ea0720c5-3010-41f9-8b28-0e30b881918f
2019-10-07 08:29:53,552 [main] INFO  util.JmxRegister (JmxRegister.java:unregister(73)) - Successfully un-registered JMX Bean with object name Ratis:service=RaftServer,group=group-D432434B2D64,id=60fa8d9c-eec5-47da-8279-dc7d6429838e
2019-10-07 08:29:53,553 [ForkJoinPool.commonPool-worker-0] INFO  impl.RoleInfo (RoleInfo.java:shutdownLeaderState(104)) - ea0720c5-3010-41f9-8b28-0e30b881918f: shutdown LeaderState
2019-10-07 08:29:53,553 [main] INFO  impl.RoleInfo (RoleInfo.java:shutdownLeaderState(104)) - 60fa8d9c-eec5-47da-8279-dc7d6429838e: shutdown LeaderState
2019-10-07 08:29:53,554 [ForkJoinPool.commonPool-worker-0] INFO  impl.PendingRequests (PendingRequests.java:sendNotLeaderResponses(202)) - ea0720c5-3010-41f9-8b28-0e30b881918f@group-FFC89DBAA88C-PendingRequests: sendNotLeaderResponses
2019-10-07 08:29:53,554 [main] INFO  impl.PendingRequests (PendingRequests.java:sendNotLeaderResponses(202)) - 60fa8d9c-eec5-47da-8279-dc7d6429838e@group-D432434B2D64-PendingRequests: sendNotLeaderResponses
2019-10-07 08:29:53,554 [ForkJoinPool.commonPool-worker-0] INFO  impl.StateMachineUpdater (StateMachineUpdater.java:stopAndJoin(136)) - ea0720c5-3010-41f9-8b28-0e30b881918f@group-FFC89DBAA88C-StateMachineUpdater: set stopIndex = 0
2019-10-07 08:29:53,554 [main] INFO  impl.StateMachineUpdater (StateMachineUpdater.java:stopAndJoin(136)) - 60fa8d9c-eec5-47da-8279-dc7d6429838e@group-D432434B2D64-StateMachineUpdater: set stopIndex = 0
2019-10-07 08:29:53,555 [ForkJoinPool.commonPool-worker-0] INFO  impl.RaftServerImpl (ServerState.java:close(387)) - ea0720c5-3010-41f9-8b28-0e30b881918f@group-FFC89DBAA88C: closes. applyIndex: 0
2019-10-07 08:29:53,555 [main] INFO  impl.RaftServerImpl (ServerState.java:close(387)) - 60fa8d9c-eec5-47da-8279-dc7d6429838e@group-D432434B2D64: closes. applyIndex: 0
2019-10-07 08:29:53,555 [ea0720c5-3010-41f9-8b28-0e30b881918f@group-FFC89DBAA88C-SegmentedRaftLogWorker] INFO  segmented.SegmentedRaftLogWorker (SegmentedRaftLogWorker.java:run(316)) - ea0720c5-3010-41f9-8b28-0e30b881918f@group-FFC89DBAA88C-SegmentedRaftLogWorker was interrupted, exiting. There are 0 tasks remaining in the queue.
2019-10-07 08:29:53,558 [60fa8d9c-eec5-47da-8279-dc7d6429838e@group-D432434B2D64-SegmentedRaftLogWorker] INFO  segmented.SegmentedRaftLogWorker (SegmentedRaftLogWorker.java:run(316)) - 60fa8d9c-eec5-47da-8279-dc7d6429838e@group-D432434B2D64-SegmentedRaftLogWorker was interrupted, exiting. There are 0 tasks remaining in the queue.
2019-10-07 08:29:53,558 [ForkJoinPool.commonPool-worker-0] INFO  segmented.SegmentedRaftLogWorker (SegmentedRaftLogWorker.java:close(224)) - ea0720c5-3010-41f9-8b28-0e30b881918f@group-FFC89DBAA88C-SegmentedRaftLogWorker close()
2019-10-07 08:29:53,560 [main] INFO  segmented.SegmentedRaftLogWorker (SegmentedRaftLogWorker.java:close(224)) - 60fa8d9c-eec5-47da-8279-dc7d6429838e@group-D432434B2D64-SegmentedRaftLogWorker close()
2019-10-07 08:29:53,565 [ForkJoinPool.commonPool-worker-0] INFO  impl.RaftServerImpl (RaftServerImpl.java:lambda$shutdown$3(247)) - ea0720c5-3010-41f9-8b28-0e30b881918f@group-7F16216947DC: shutdown
2019-10-07 08:29:53,569 [main] INFO  impl.RaftServerImpl (RaftServerImpl.java:lambda$shutdown$3(247)) - 60fa8d9c-eec5-47da-8279-dc7d6429838e@group-7F16216947DC: shutdown
2019-10-07 08:29:53,569 [ForkJoinPool.commonPool-worker-0] INFO  util.JmxRegister (JmxRegister.java:unregister(73)) - Successfully un-registered JMX Bean with object name Ratis:service=RaftServer,group=group-7F16216947DC,id=ea0720c5-3010-41f9-8b28-0e30b881918f
2019-10-07 08:29:53,569 [main] INFO  util.JmxRegister (JmxRegister.java:unregister(73)) - Successfully un-registered JMX Bean with object name Ratis:service=RaftServer,group=group-7F16216947DC,id=60fa8d9c-eec5-47da-8279-dc7d6429838e
2019-10-07 08:29:53,569 [ForkJoinPool.commonPool-worker-0] INFO  impl.RoleInfo (RoleInfo.java:shutdownLeaderState(104)) - ea0720c5-3010-41f9-8b28-0e30b881918f: shutdown LeaderState
2019-10-07 08:29:53,569 [main] INFO  impl.RoleInfo (RoleInfo.java:shutdownFollowerState(121)) - 60fa8d9c-eec5-47da-8279-dc7d6429838e: shutdown FollowerState
2019-10-07 08:29:53,574 [org.apache.ratis.server.impl.LogAppender$AppenderDaemon$$Lambda$517/1499096024@44200cd8] WARN  server.GrpcLogAppender (GrpcLogAppender.java:mayWait(143)) - ea0720c5-3010-41f9-8b28-0e30b881918f@group-7F16216947DC->06af8296-9e1f-4dab-9512-19c5c9938ca2-GrpcLogAppender: Wait interrupted by java.lang.InterruptedException
2019-10-07 08:29:53,574 [Thread-788] INFO  impl.FollowerState (FollowerState.java:run(117)) - 60fa8d9c-eec5-47da-8279-dc7d6429838e@group-7F16216947DC-FollowerState was interrupted: java.lang.InterruptedException: sleep interrupted
2019-10-07 08:29:53,574 [org.apache.ratis.server.impl.LogAppender$AppenderDaemon$$Lambda$517/1499096024@7eeb9e6b] WARN  server.GrpcLogAppender (GrpcLogAppender.java:mayWait(143)) - ea0720c5-3010-41f9-8b28-0e30b881918f@group-7F16216947DC->60fa8d9c-eec5-47da-8279-dc7d6429838e-GrpcLogAppender: Wait interrupted by java.lang.InterruptedException
2019-10-07 08:29:53,574 [ForkJoinPool.commonPool-worker-0] INFO  impl.PendingRequests (PendingRequests.java:sendNotLeaderResponses(202)) - ea0720c5-3010-41f9-8b28-0e30b881918f@group-7F16216947DC-PendingRequests: sendNotLeaderResponses
2019-10-07 08:29:53,574 [main] INFO  impl.StateMachineUpdater (StateMachineUpdater.java:stopAndJoin(136)) - 60fa8d9c-eec5-47da-8279-dc7d6429838e@group-7F16216947DC-StateMachineUpdater: set stopIndex = 0
2019-10-07 08:29:53,577 [ForkJoinPool.commonPool-worker-0] INFO  impl.StateMachineUpdater (StateMachineUpdater.java:stopAndJoin(136)) - ea0720c5-3010-41f9-8b28-0e30b881918f@group-7F16216947DC-StateMachineUpdater: set stopIndex = 0
2019-10-07 08:29:53,578 [ForkJoinPool.commonPool-worker-0] INFO  impl.RaftServerImpl (ServerState.java:close(387)) - ea0720c5-3010-41f9-8b28-0e30b881918f@group-7F16216947DC: closes. applyIndex: 0
2019-10-07 08:29:53,578 [grpc-default-executor-1] INFO  server.GrpcServerProtocolService (GrpcServerProtocolService.java:onCompleted(113)) - 06af8296-9e1f-4dab-9512-19c5c9938ca2: Completed APPEND_ENTRIES, lastRequest: ea0720c5-3010-41f9-8b28-0e30b881918f->06af8296-9e1f-4dab-9512-19c5c9938ca2#39-t1, previous=(t:1, i:0), leaderCommit=0, initializing? false, entries: <empty>
2019-10-07 08:29:53,578 [ea0720c5-3010-41f9-8b28-0e30b881918f@group-7F16216947DC-SegmentedRaftLogWorker] INFO  segmented.SegmentedRaftLogWorker (SegmentedRaftLogWorker.java:run(316)) - ea0720c5-3010-41f9-8b28-0e30b881918f@group-7F16216947DC-SegmentedRaftLogWorker was interrupted, exiting. There are 0 tasks remaining in the queue.
2019-10-07 08:29:53,577 [main] INFO  impl.RaftServerImpl (ServerState.java:close(387)) - 60fa8d9c-eec5-47da-8279-dc7d6429838e@group-7F16216947DC: closes. applyIndex: 0
2019-10-07 08:29:53,580 [ForkJoinPool.commonPool-worker-0] INFO  segmented.SegmentedRaftLogWorker (SegmentedRaftLogWorker.java:close(224)) - ea0720c5-3010-41f9-8b28-0e30b881918f@group-7F16216947DC-SegmentedRaftLogWorker close()
2019-10-07 08:29:53,578 [grpc-default-executor-4] INFO  server.GrpcServerProtocolService (GrpcServerProtocolService.java:onCompleted(113)) - 60fa8d9c-eec5-47da-8279-dc7d6429838e: Completed APPEND_ENTRIES, lastRequest: ea0720c5-3010-41f9-8b28-0e30b881918f->60fa8d9c-eec5-47da-8279-dc7d6429838e#39-t1, previous=(t:1, i:0), leaderCommit=0, initializing? false, entries: <empty>
2019-10-07 08:29:53,585 [ForkJoinPool.commonPool-worker-0] INFO  server.GrpcService (GrpcService.java:closeImpl(164)) - ea0720c5-3010-41f9-8b28-0e30b881918f: shutdown server with port 33267 now
2019-10-07 08:29:53,581 [60fa8d9c-eec5-47da-8279-dc7d6429838e@group-7F16216947DC-SegmentedRaftLogWorker] INFO  segmented.SegmentedRaftLogWorker (SegmentedRaftLogWorker.java:run(316)) - 60fa8d9c-eec5-47da-8279-dc7d6429838e@group-7F16216947DC-SegmentedRaftLogWorker was interrupted, exiting. There are 0 tasks remaining in the queue.
2019-10-07 08:29:53,585 [grpc-default-executor-1] INFO  server.GrpcLogAppender (GrpcLogAppender.java:onCompleted(293)) - ea0720c5-3010-41f9-8b28-0e30b881918f@group-7F16216947DC->60fa8d9c-eec5-47da-8279-dc7d6429838e-AppendLogResponseHandler: follower responses appendEntries COMPLETED
2019-10-07 08:29:53,585 [grpc-default-executor-4] INFO  server.GrpcLogAppender (GrpcLogAppender.java:onCompleted(293)) - ea0720c5-3010-41f9-8b28-0e30b881918f@group-7F16216947DC->06af8296-9e1f-4dab-9512-19c5c9938ca2-AppendLogResponseHandler: follower responses appendEntries COMPLETED
2019-10-07 08:29:53,588 [main] INFO  segmented.SegmentedRaftLogWorker (SegmentedRaftLogWorker.java:close(224)) - 60fa8d9c-eec5-47da-8279-dc7d6429838e@group-7F16216947DC-SegmentedRaftLogWorker close()
2019-10-07 08:29:53,601 [main] INFO  server.GrpcService (GrpcService.java:closeImpl(164)) - 60fa8d9c-eec5-47da-8279-dc7d6429838e: shutdown server with port 39789 now
2019-10-07 08:29:53,602 [grpc-default-executor-1] INFO  impl.FollowerInfo (FollowerInfo.java:lambda$new$0(51)) - ea0720c5-3010-41f9-8b28-0e30b881918f@group-7F16216947DC->60fa8d9c-eec5-47da-8279-dc7d6429838e: nextIndex: updateUnconditionally 1 -> 0
2019-10-07 08:29:53,602 [main] INFO  server.GrpcService (GrpcService.java:closeImpl(172)) - 60fa8d9c-eec5-47da-8279-dc7d6429838e: shutdown server with port 39789 successfully
2019-10-07 08:29:53,602 [grpc-default-executor-4] INFO  impl.FollowerInfo (FollowerInfo.java:lambda$new$0(51)) - ea0720c5-3010-41f9-8b28-0e30b881918f@group-7F16216947DC->06af8296-9e1f-4dab-9512-19c5c9938ca2: nextIndex: updateUnconditionally 1 -> 0
2019-10-07 08:29:53,602 [ForkJoinPool.commonPool-worker-0] INFO  server.GrpcService (GrpcService.java:closeImpl(172)) - ea0720c5-3010-41f9-8b28-0e30b881918f: shutdown server with port 33267 successfully
2019-10-07 08:29:53,604 [refreshUsed-/workdir/hadoop-ozone/integration-test/target/test-dir/MiniOzoneClusterImpl-d41106c3-64a1-4add-af3d-d5cb16e1af83/datanode-4/data/containers] WARN  fs.CachingGetSpaceUsed (CachingGetSpaceUsed.java:run(183)) - Thread Interrupted waiting to refresh disk information: sleep interrupted
2019-10-07 08:29:53,605 [refreshUsed-/workdir/hadoop-ozone/integration-test/target/test-dir/MiniOzoneClusterImpl-d41106c3-64a1-4add-af3d-d5cb16e1af83/datanode-1/data/containers] WARN  fs.CachingGetSpaceUsed (CachingGetSpaceUsed.java:run(183)) - Thread Interrupted waiting to refresh disk information: sleep interrupted
2019-10-07 08:29:53,625 [main] INFO  utils.BackgroundService (BackgroundService.java:shutdown(148)) - Shutting down service BlockDeletingService
2019-10-07 08:29:53,626 [ForkJoinPool.commonPool-worker-0] INFO  utils.BackgroundService (BackgroundService.java:shutdown(148)) - Shutting down service BlockDeletingService
2019-10-07 08:29:53,630 [main] INFO  statemachine.DatanodeStateMachine (DatanodeStateMachine.java:stopDaemon(395)) - Ozone container server stopped.
2019-10-07 08:29:53,634 [ForkJoinPool.commonPool-worker-0] INFO  statemachine.DatanodeStateMachine (DatanodeStateMachine.java:stopDaemon(395)) - Ozone container server stopped.
2019-10-07 08:29:53,638 [main] INFO  handler.ContextHandler (ContextHandler.java:doStop(910)) - Stopped o.e.j.w.WebAppContext@7c281eb8{/,null,UNAVAILABLE}{/hddsDatanode}
2019-10-07 08:29:53,639 [ForkJoinPool.commonPool-worker-0] INFO  handler.ContextHandler (ContextHandler.java:doStop(910)) - Stopped o.e.j.w.WebAppContext@40de8f93{/,null,UNAVAILABLE}{/hddsDatanode}
2019-10-07 08:29:53,640 [main] INFO  server.AbstractConnector (AbstractConnector.java:doStop(318)) - Stopped ServerConnector@65f40689{HTTP/1.1,[http/1.1]}{0.0.0.0:0}
2019-10-07 08:29:53,640 [ForkJoinPool.commonPool-worker-0] INFO  server.AbstractConnector (AbstractConnector.java:doStop(318)) - Stopped ServerConnector@6ff0b1cc{HTTP/1.1,[http/1.1]}{0.0.0.0:0}
2019-10-07 08:29:53,640 [main] INFO  handler.ContextHandler (ContextHandler.java:doStop(910)) - Stopped o.e.j.s.ServletContextHandler@12c0c0b3{/static,jar:file:/home/user/.m2/repository/org/apache/hadoop/hadoop-hdds-container-service/0.5.0-SNAPSHOT/hadoop-hdds-container-service-0.5.0-SNAPSHOT.jar!/webapps/static,UNAVAILABLE}
2019-10-07 08:29:53,641 [ForkJoinPool.commonPool-worker-0] INFO  handler.ContextHandler (ContextHandler.java:doStop(910)) - Stopped o.e.j.s.ServletContextHandler@7b61bf11{/static,jar:file:/home/user/.m2/repository/org/apache/hadoop/hadoop-hdds-container-service/0.5.0-SNAPSHOT/hadoop-hdds-container-service-0.5.0-SNAPSHOT.jar!/webapps/static,UNAVAILABLE}
2019-10-07 08:29:53,641 [main] INFO  handler.ContextHandler (ContextHandler.java:doStop(910)) - Stopped o.e.j.s.ServletContextHandler@7af52ec7{/logs,file:///workdir/hadoop-ozone/integration-test/target/log,UNAVAILABLE}
2019-10-07 08:29:53,643 [ForkJoinPool.commonPool-worker-0] INFO  handler.ContextHandler (ContextHandler.java:doStop(910)) - Stopped o.e.j.s.ServletContextHandler@124dac75{/logs,file:///workdir/hadoop-ozone/integration-test/target/log,UNAVAILABLE}
2019-10-07 08:29:54,051 [Datanode State Machine Thread - 0] INFO  statemachine.DatanodeStateMachine (DatanodeStateMachine.java:lambda$startDaemon$0(350)) - Ozone container server started.
2019-10-07 08:29:54,639 [Datanode State Machine Thread - 0] INFO  statemachine.DatanodeStateMachine (DatanodeStateMachine.java:lambda$startDaemon$0(350)) - Ozone container server started.
2019-10-07 08:29:57,552 [Thread-787] INFO  impl.FollowerState (FollowerState.java:run(108)) - 06af8296-9e1f-4dab-9512-19c5c9938ca2@group-7F16216947DC-FollowerState: change to CANDIDATE, lastRpcTime:6400ms, electionTimeout:5008ms
2019-10-07 08:29:57,553 [Thread-787] INFO  impl.RoleInfo (RoleInfo.java:shutdownFollowerState(121)) - 06af8296-9e1f-4dab-9512-19c5c9938ca2: shutdown FollowerState
2019-10-07 08:29:57,554 [Thread-787] INFO  impl.RaftServerImpl (RaftServerImpl.java:setRole(170)) - 06af8296-9e1f-4dab-9512-19c5c9938ca2@group-7F16216947DC: changes role from  FOLLOWER to CANDIDATE at term 1 for changeToCandidate
2019-10-07 08:29:57,554 [Thread-787] INFO  impl.RoleInfo (RoleInfo.java:updateAndGet(143)) - 06af8296-9e1f-4dab-9512-19c5c9938ca2: start LeaderElection
2019-10-07 08:29:57,559 [06af8296-9e1f-4dab-9512-19c5c9938ca2@group-7F16216947DC-LeaderElection29] INFO  impl.RaftServerImpl (ServerState.java:setLeader(255)) - 06af8296-9e1f-4dab-9512-19c5c9938ca2@group-7F16216947DC: change Leader from ea0720c5-3010-41f9-8b28-0e30b881918f to null at term 1 for initElection
2019-10-07 08:29:57,606 [06af8296-9e1f-4dab-9512-19c5c9938ca2@group-7F16216947DC-LeaderElection29] INFO  impl.LeaderElection (LeaderElection.java:askForVotes(178)) - 06af8296-9e1f-4dab-9512-19c5c9938ca2@group-7F16216947DC-LeaderElection29: begin an election at term 2 for 0: [ea0720c5-3010-41f9-8b28-0e30b881918f:192.168.164.213:33267, 60fa8d9c-eec5-47da-8279-dc7d6429838e:192.168.164.213:39789, 06af8296-9e1f-4dab-9512-19c5c9938ca2:192.168.164.213:36446], old=null
2019-10-07 08:29:57,613 [06af8296-9e1f-4dab-9512-19c5c9938ca2@group-7F16216947DC-LeaderElection29] INFO  impl.LeaderElection (LogUtils.java:infoOrTrace(149)) - 06af8296-9e1f-4dab-9512-19c5c9938ca2@group-7F16216947DC-LeaderElection29 got exception when requesting votes: {}
java.util.concurrent.ExecutionException: org.apache.ratis.thirdparty.io.grpc.StatusRuntimeException: UNAVAILABLE: io exception
	at java.util.concurrent.FutureTask.report(FutureTask.java:122)
	at java.util.concurrent.FutureTask.get(FutureTask.java:192)
	at org.apache.ratis.server.impl.LeaderElection.waitForResults(LeaderElection.java:259)
	at org.apache.ratis.server.impl.LeaderElection.askForVotes(LeaderElection.java:197)
	at org.apache.ratis.server.impl.LeaderElection.run(LeaderElection.java:133)
	at java.lang.Thread.run(Thread.java:748)
Caused by: org.apache.ratis.thirdparty.io.grpc.StatusRuntimeException: UNAVAILABLE: io exception
	at org.apache.ratis.thirdparty.io.grpc.stub.ClientCalls.toStatusRuntimeException(ClientCalls.java:233)
	at org.apache.ratis.thirdparty.io.grpc.stub.ClientCalls.getUnchecked(ClientCalls.java:214)
	at org.apache.ratis.thirdparty.io.grpc.stub.ClientCalls.blockingUnaryCall(ClientCalls.java:139)
	at org.apache.ratis.proto.grpc.RaftServerProtocolServiceGrpc$RaftServerProtocolServiceBlockingStub.requestVote(RaftServerProtocolServiceGrpc.java:265)
	at org.apache.ratis.grpc.server.GrpcServerProtocolClient.requestVote(GrpcServerProtocolClient.java:99)
	at org.apache.ratis.grpc.server.GrpcService.requestVote(GrpcService.java:204)
	at org.apache.ratis.server.impl.LeaderElection.lambda$submitRequests$1(LeaderElection.java:234)
	at java.util.concurrent.FutureTask.run(FutureTask.java:266)
	at java.util.concurrent.Executors$RunnableAdapter.call(Executors.java:511)
	at java.util.concurrent.FutureTask.run(FutureTask.java:266)
	at java.util.concurrent.ThreadPoolExecutor.runWorker(ThreadPoolExecutor.java:1149)
	at java.util.concurrent.ThreadPoolExecutor$Worker.run(ThreadPoolExecutor.java:624)
	... 1 more
Caused by: org.apache.ratis.thirdparty.io.netty.channel.AbstractChannel$AnnotatedConnectException: Connection refused: /192.168.164.213:33267
	at sun.nio.ch.SocketChannelImpl.checkConnect(Native Method)
	at sun.nio.ch.SocketChannelImpl.finishConnect(SocketChannelImpl.java:717)
	at org.apache.ratis.thirdparty.io.netty.channel.socket.nio.NioSocketChannel.doFinishConnect(NioSocketChannel.java:327)
	at org.apache.ratis.thirdparty.io.netty.channel.nio.AbstractNioChannel$AbstractNioUnsafe.finishConnect(AbstractNioChannel.java:340)
	at org.apache.ratis.thirdparty.io.netty.channel.nio.NioEventLoop.processSelectedKey(NioEventLoop.java:632)
	at org.apache.ratis.thirdparty.io.netty.channel.nio.NioEventLoop.processSelectedKeysOptimized(NioEventLoop.java:579)
	at org.apache.ratis.thirdparty.io.netty.channel.nio.NioEventLoop.processSelectedKeys(NioEventLoop.java:496)
	at org.apache.ratis.thirdparty.io.netty.channel.nio.NioEventLoop.run(NioEventLoop.java:458)
	at org.apache.ratis.thirdparty.io.netty.util.concurrent.SingleThreadEventExecutor$5.run(SingleThreadEventExecutor.java:897)
	at org.apache.ratis.thirdparty.io.netty.util.concurrent.FastThreadLocalRunnable.run(FastThreadLocalRunnable.java:30)
	... 1 more
Caused by: java.net.ConnectException: Connection refused
	... 11 more
2019-10-07 08:29:57,615 [06af8296-9e1f-4dab-9512-19c5c9938ca2@group-7F16216947DC-LeaderElection29] INFO  impl.LeaderElection (LogUtils.java:infoOrTrace(149)) - 06af8296-9e1f-4dab-9512-19c5c9938ca2@group-7F16216947DC-LeaderElection29 got exception when requesting votes: {}
java.util.concurrent.ExecutionException: org.apache.ratis.thirdparty.io.grpc.StatusRuntimeException: UNAVAILABLE: io exception
	at java.util.concurrent.FutureTask.report(FutureTask.java:122)
	at java.util.concurrent.FutureTask.get(FutureTask.java:192)
	at org.apache.ratis.server.impl.LeaderElection.waitForResults(LeaderElection.java:259)
	at org.apache.ratis.server.impl.LeaderElection.askForVotes(LeaderElection.java:197)
	at org.apache.ratis.server.impl.LeaderElection.run(LeaderElection.java:133)
	at java.lang.Thread.run(Thread.java:748)
Caused by: org.apache.ratis.thirdparty.io.grpc.StatusRuntimeException: UNAVAILABLE: io exception
	at org.apache.ratis.thirdparty.io.grpc.stub.ClientCalls.toStatusRuntimeException(ClientCalls.java:233)
	at org.apache.ratis.thirdparty.io.grpc.stub.ClientCalls.getUnchecked(ClientCalls.java:214)
	at org.apache.ratis.thirdparty.io.grpc.stub.ClientCalls.blockingUnaryCall(ClientCalls.java:139)
	at org.apache.ratis.proto.grpc.RaftServerProtocolServiceGrpc$RaftServerProtocolServiceBlockingStub.requestVote(RaftServerProtocolServiceGrpc.java:265)
	at org.apache.ratis.grpc.server.GrpcServerProtocolClient.requestVote(GrpcServerProtocolClient.java:99)
	at org.apache.ratis.grpc.server.GrpcService.requestVote(GrpcService.java:204)
	at org.apache.ratis.server.impl.LeaderElection.lambda$submitRequests$1(LeaderElection.java:234)
	at java.util.concurrent.FutureTask.run(FutureTask.java:266)
	at java.util.concurrent.Executors$RunnableAdapter.call(Executors.java:511)
	at java.util.concurrent.FutureTask.run(FutureTask.java:266)
	at java.util.concurrent.ThreadPoolExecutor.runWorker(ThreadPoolExecutor.java:1149)
	at java.util.concurrent.ThreadPoolExecutor$Worker.run(ThreadPoolExecutor.java:624)
	... 1 more
Caused by: org.apache.ratis.thirdparty.io.netty.channel.AbstractChannel$AnnotatedConnectException: Connection refused: /192.168.164.213:39789
	at sun.nio.ch.SocketChannelImpl.checkConnect(Native Method)
	at sun.nio.ch.SocketChannelImpl.finishConnect(SocketChannelImpl.java:717)
	at org.apache.ratis.thirdparty.io.netty.channel.socket.nio.NioSocketChannel.doFinishConnect(NioSocketChannel.java:327)
	at org.apache.ratis.thirdparty.io.netty.channel.nio.AbstractNioChannel$AbstractNioUnsafe.finishConnect(AbstractNioChannel.java:340)
	at org.apache.ratis.thirdparty.io.netty.channel.nio.NioEventLoop.processSelectedKey(NioEventLoop.java:632)
	at org.apache.ratis.thirdparty.io.netty.channel.nio.NioEventLoop.processSelectedKeysOptimized(NioEventLoop.java:579)
	at org.apache.ratis.thirdparty.io.netty.channel.nio.NioEventLoop.processSelectedKeys(NioEventLoop.java:496)
	at org.apache.ratis.thirdparty.io.netty.channel.nio.NioEventLoop.run(NioEventLoop.java:458)
	at org.apache.ratis.thirdparty.io.netty.util.concurrent.SingleThreadEventExecutor$5.run(SingleThreadEventExecutor.java:897)
	at org.apache.ratis.thirdparty.io.netty.util.concurrent.FastThreadLocalRunnable.run(FastThreadLocalRunnable.java:30)
	... 1 more
Caused by: java.net.ConnectException: Connection refused
	... 11 more
2019-10-07 08:29:57,618 [06af8296-9e1f-4dab-9512-19c5c9938ca2@group-7F16216947DC-LeaderElection29] INFO  impl.LeaderElection (LeaderElection.java:logAndReturn(56)) - 06af8296-9e1f-4dab-9512-19c5c9938ca2@group-7F16216947DC-LeaderElection29: Election REJECTED; received 0 response(s) [] and 2 exception(s); 06af8296-9e1f-4dab-9512-19c5c9938ca2@group-7F16216947DC:t2, leader=null, voted=06af8296-9e1f-4dab-9512-19c5c9938ca2, raftlog=06af8296-9e1f-4dab-9512-19c5c9938ca2@group-7F16216947DC-SegmentedRaftLog:OPENED:c0,f0,i0, conf=0: [ea0720c5-3010-41f9-8b28-0e30b881918f:192.168.164.213:33267, 60fa8d9c-eec5-47da-8279-dc7d6429838e:192.168.164.213:39789, 06af8296-9e1f-4dab-9512-19c5c9938ca2:192.168.164.213:36446], old=null
2019-10-07 08:29:57,618 [06af8296-9e1f-4dab-9512-19c5c9938ca2@group-7F16216947DC-LeaderElection29] INFO  impl.LeaderElection (LogUtils.java:infoOrTrace(149)) -   Exception 0: {}
java.util.concurrent.ExecutionException: org.apache.ratis.thirdparty.io.grpc.StatusRuntimeException: UNAVAILABLE: io exception
	at java.util.concurrent.FutureTask.report(FutureTask.java:122)
	at java.util.concurrent.FutureTask.get(FutureTask.java:192)
	at org.apache.ratis.server.impl.LeaderElection.waitForResults(LeaderElection.java:259)
	at org.apache.ratis.server.impl.LeaderElection.askForVotes(LeaderElection.java:197)
	at org.apache.ratis.server.impl.LeaderElection.run(LeaderElection.java:133)
	at java.lang.Thread.run(Thread.java:748)
Caused by: org.apache.ratis.thirdparty.io.grpc.StatusRuntimeException: UNAVAILABLE: io exception
	at org.apache.ratis.thirdparty.io.grpc.stub.ClientCalls.toStatusRuntimeException(ClientCalls.java:233)
	at org.apache.ratis.thirdparty.io.grpc.stub.ClientCalls.getUnchecked(ClientCalls.java:214)
	at org.apache.ratis.thirdparty.io.grpc.stub.ClientCalls.blockingUnaryCall(ClientCalls.java:139)
	at org.apache.ratis.proto.grpc.RaftServerProtocolServiceGrpc$RaftServerProtocolServiceBlockingStub.requestVote(RaftServerProtocolServiceGrpc.java:265)
	at org.apache.ratis.grpc.server.GrpcServerProtocolClient.requestVote(GrpcServerProtocolClient.java:99)
	at org.apache.ratis.grpc.server.GrpcService.requestVote(GrpcService.java:204)
	at org.apache.ratis.server.impl.LeaderElection.lambda$submitRequests$1(LeaderElection.java:234)
	at java.util.concurrent.FutureTask.run(FutureTask.java:266)
	at java.util.concurrent.Executors$RunnableAdapter.call(Executors.java:511)
	at java.util.concurrent.FutureTask.run(FutureTask.java:266)
	at java.util.concurrent.ThreadPoolExecutor.runWorker(ThreadPoolExecutor.java:1149)
	at java.util.concurrent.ThreadPoolExecutor$Worker.run(ThreadPoolExecutor.java:624)
	... 1 more
Caused by: org.apache.ratis.thirdparty.io.netty.channel.AbstractChannel$AnnotatedConnectException: Connection refused: /192.168.164.213:33267
	at sun.nio.ch.SocketChannelImpl.checkConnect(Native Method)
	at sun.nio.ch.SocketChannelImpl.finishConnect(SocketChannelImpl.java:717)
	at org.apache.ratis.thirdparty.io.netty.channel.socket.nio.NioSocketChannel.doFinishConnect(NioSocketChannel.java:327)
	at org.apache.ratis.thirdparty.io.netty.channel.nio.AbstractNioChannel$AbstractNioUnsafe.finishConnect(AbstractNioChannel.java:340)
	at org.apache.ratis.thirdparty.io.netty.channel.nio.NioEventLoop.processSelectedKey(NioEventLoop.java:632)
	at org.apache.ratis.thirdparty.io.netty.channel.nio.NioEventLoop.processSelectedKeysOptimized(NioEventLoop.java:579)
	at org.apache.ratis.thirdparty.io.netty.channel.nio.NioEventLoop.processSelectedKeys(NioEventLoop.java:496)
	at org.apache.ratis.thirdparty.io.netty.channel.nio.NioEventLoop.run(NioEventLoop.java:458)
	at org.apache.ratis.thirdparty.io.netty.util.concurrent.SingleThreadEventExecutor$5.run(SingleThreadEventExecutor.java:897)
	at org.apache.ratis.thirdparty.io.netty.util.concurrent.FastThreadLocalRunnable.run(FastThreadLocalRunnable.java:30)
	... 1 more
Caused by: java.net.ConnectException: Connection refused
	... 11 more
2019-10-07 08:29:57,618 [06af8296-9e1f-4dab-9512-19c5c9938ca2@group-7F16216947DC-LeaderElection29] INFO  impl.LeaderElection (LogUtils.java:infoOrTrace(149)) -   Exception 1: {}
java.util.concurrent.ExecutionException: org.apache.ratis.thirdparty.io.grpc.StatusRuntimeException: UNAVAILABLE: io exception
	at java.util.concurrent.FutureTask.report(FutureTask.java:122)
	at java.util.concurrent.FutureTask.get(FutureTask.java:192)
	at org.apache.ratis.server.impl.LeaderElection.waitForResults(LeaderElection.java:259)
	at org.apache.ratis.server.impl.LeaderElection.askForVotes(LeaderElection.java:197)
	at org.apache.ratis.server.impl.LeaderElection.run(LeaderElection.java:133)
	at java.lang.Thread.run(Thread.java:748)
Caused by: org.apache.ratis.thirdparty.io.grpc.StatusRuntimeException: UNAVAILABLE: io exception
	at org.apache.ratis.thirdparty.io.grpc.stub.ClientCalls.toStatusRuntimeException(ClientCalls.java:233)
	at org.apache.ratis.thirdparty.io.grpc.stub.ClientCalls.getUnchecked(ClientCalls.java:214)
	at org.apache.ratis.thirdparty.io.grpc.stub.ClientCalls.blockingUnaryCall(ClientCalls.java:139)
	at org.apache.ratis.proto.grpc.RaftServerProtocolServiceGrpc$RaftServerProtocolServiceBlockingStub.requestVote(RaftServerProtocolServiceGrpc.java:265)
	at org.apache.ratis.grpc.server.GrpcServerProtocolClient.requestVote(GrpcServerProtocolClient.java:99)
	at org.apache.ratis.grpc.server.GrpcService.requestVote(GrpcService.java:204)
	at org.apache.ratis.server.impl.LeaderElection.lambda$submitRequests$1(LeaderElection.java:234)
	at java.util.concurrent.FutureTask.run(FutureTask.java:266)
	at java.util.concurrent.Executors$RunnableAdapter.call(Executors.java:511)
	at java.util.concurrent.FutureTask.run(FutureTask.java:266)
	at java.util.concurrent.ThreadPoolExecutor.runWorker(ThreadPoolExecutor.java:1149)
	at java.util.concurrent.ThreadPoolExecutor$Worker.run(ThreadPoolExecutor.java:624)
	... 1 more
Caused by: org.apache.ratis.thirdparty.io.netty.channel.AbstractChannel$AnnotatedConnectException: Connection refused: /192.168.164.213:39789
	at sun.nio.ch.SocketChannelImpl.checkConnect(Native Method)
	at sun.nio.ch.SocketChannelImpl.finishConnect(SocketChannelImpl.java:717)
	at org.apache.ratis.thirdparty.io.netty.channel.socket.nio.NioSocketChannel.doFinishConnect(NioSocketChannel.java:327)
	at org.apache.ratis.thirdparty.io.netty.channel.nio.AbstractNioChannel$AbstractNioUnsafe.finishConnect(AbstractNioChannel.java:340)
	at org.apache.ratis.thirdparty.io.netty.channel.nio.NioEventLoop.processSelectedKey(NioEventLoop.java:632)
	at org.apache.ratis.thirdparty.io.netty.channel.nio.NioEventLoop.processSelectedKeysOptimized(NioEventLoop.java:579)
	at org.apache.ratis.thirdparty.io.netty.channel.nio.NioEventLoop.processSelectedKeys(NioEventLoop.java:496)
	at org.apache.ratis.thirdparty.io.netty.channel.nio.NioEventLoop.run(NioEventLoop.java:458)
	at org.apache.ratis.thirdparty.io.netty.util.concurrent.SingleThreadEventExecutor$5.run(SingleThreadEventExecutor.java:897)
	at org.apache.ratis.thirdparty.io.netty.util.concurrent.FastThreadLocalRunnable.run(FastThreadLocalRunnable.java:30)
	... 1 more
Caused by: java.net.ConnectException: Connection refused
	... 11 more
2019-10-07 08:29:57,618 [06af8296-9e1f-4dab-9512-19c5c9938ca2@group-7F16216947DC-LeaderElection29] INFO  impl.RaftServerImpl (RaftServerImpl.java:setRole(170)) - 06af8296-9e1f-4dab-9512-19c5c9938ca2@group-7F16216947DC: changes role from CANDIDATE to FOLLOWER at term 2 for DISCOVERED_A_NEW_TERM
2019-10-07 08:29:57,619 [06af8296-9e1f-4dab-9512-19c5c9938ca2@group-7F16216947DC-LeaderElection29] INFO  impl.RoleInfo (RoleInfo.java:shutdownLeaderElection(134)) - 06af8296-9e1f-4dab-9512-19c5c9938ca2: shutdown LeaderElection
2019-10-07 08:29:57,619 [06af8296-9e1f-4dab-9512-19c5c9938ca2@group-7F16216947DC-LeaderElection29] INFO  impl.RoleInfo (RoleInfo.java:updateAndGet(143)) - 06af8296-9e1f-4dab-9512-19c5c9938ca2: start FollowerState
2019-10-07 08:29:58,645 [ForkJoinPool.commonPool-worker-0] INFO  ozoneimpl.OzoneContainer (OzoneContainer.java:stop(227)) - Attempting to stop container services.
2019-10-07 08:29:58,645 [main] INFO  ozoneimpl.OzoneContainer (OzoneContainer.java:stop(227)) - Attempting to stop container services.
2019-10-07 08:29:58,648 [ForkJoinPool.commonPool-worker-0] INFO  impl.RaftServerProxy (RaftServerProxy.java:lambda$close$4(314)) - 146ceb2f-fc11-43ba-b6ba-1106dcb1a363: close
2019-10-07 08:29:58,648 [main] INFO  impl.RaftServerProxy (RaftServerProxy.java:lambda$close$4(314)) - f9f653bc-0d42-4710-abb1-893c5b9e2104: close
2019-10-07 08:29:58,649 [ForkJoinPool.commonPool-worker-0] INFO  impl.RaftServerImpl (RaftServerImpl.java:lambda$shutdown$3(247)) - 146ceb2f-fc11-43ba-b6ba-1106dcb1a363@group-8C38DC083FB3: shutdown
2019-10-07 08:29:58,649 [main] INFO  impl.RaftServerImpl (RaftServerImpl.java:lambda$shutdown$3(247)) - f9f653bc-0d42-4710-abb1-893c5b9e2104@group-238A2224A31B: shutdown
2019-10-07 08:29:58,649 [ForkJoinPool.commonPool-worker-0] INFO  util.JmxRegister (JmxRegister.java:unregister(73)) - Successfully un-registered JMX Bean with object name Ratis:service=RaftServer,group=group-8C38DC083FB3,id=146ceb2f-fc11-43ba-b6ba-1106dcb1a363
2019-10-07 08:29:58,649 [main] INFO  util.JmxRegister (JmxRegister.java:unregister(73)) - Successfully un-registered JMX Bean with object name Ratis:service=RaftServer,group=group-238A2224A31B,id=f9f653bc-0d42-4710-abb1-893c5b9e2104
2019-10-07 08:29:58,649 [ForkJoinPool.commonPool-worker-0] INFO  impl.RoleInfo (RoleInfo.java:shutdownLeaderState(104)) - 146ceb2f-fc11-43ba-b6ba-1106dcb1a363: shutdown LeaderState
2019-10-07 08:29:58,650 [main] INFO  impl.RoleInfo (RoleInfo.java:shutdownLeaderState(104)) - f9f653bc-0d42-4710-abb1-893c5b9e2104: shutdown LeaderState
2019-10-07 08:29:58,650 [ForkJoinPool.commonPool-worker-0] INFO  impl.PendingRequests (PendingRequests.java:sendNotLeaderResponses(202)) - 146ceb2f-fc11-43ba-b6ba-1106dcb1a363@group-8C38DC083FB3-PendingRequests: sendNotLeaderResponses
2019-10-07 08:29:58,650 [main] INFO  impl.PendingRequests (PendingRequests.java:sendNotLeaderResponses(202)) - f9f653bc-0d42-4710-abb1-893c5b9e2104@group-238A2224A31B-PendingRequests: sendNotLeaderResponses
2019-10-07 08:29:58,651 [ForkJoinPool.commonPool-worker-0] INFO  impl.StateMachineUpdater (StateMachineUpdater.java:stopAndJoin(136)) - 146ceb2f-fc11-43ba-b6ba-1106dcb1a363@group-8C38DC083FB3-StateMachineUpdater: set stopIndex = 0
2019-10-07 08:29:58,651 [main] INFO  impl.StateMachineUpdater (StateMachineUpdater.java:stopAndJoin(136)) - f9f653bc-0d42-4710-abb1-893c5b9e2104@group-238A2224A31B-StateMachineUpdater: set stopIndex = 0
2019-10-07 08:29:58,651 [ForkJoinPool.commonPool-worker-0] INFO  impl.RaftServerImpl (ServerState.java:close(387)) - 146ceb2f-fc11-43ba-b6ba-1106dcb1a363@group-8C38DC083FB3: closes. applyIndex: 0
2019-10-07 08:29:58,651 [main] INFO  impl.RaftServerImpl (ServerState.java:close(387)) - f9f653bc-0d42-4710-abb1-893c5b9e2104@group-238A2224A31B: closes. applyIndex: 0
2019-10-07 08:29:58,652 [146ceb2f-fc11-43ba-b6ba-1106dcb1a363@group-8C38DC083FB3-SegmentedRaftLogWorker] INFO  segmented.SegmentedRaftLogWorker (SegmentedRaftLogWorker.java:run(316)) - 146ceb2f-fc11-43ba-b6ba-1106dcb1a363@group-8C38DC083FB3-SegmentedRaftLogWorker was interrupted, exiting. There are 0 tasks remaining in the queue.
2019-10-07 08:29:58,652 [f9f653bc-0d42-4710-abb1-893c5b9e2104@group-238A2224A31B-SegmentedRaftLogWorker] INFO  segmented.SegmentedRaftLogWorker (SegmentedRaftLogWorker.java:run(316)) - f9f653bc-0d42-4710-abb1-893c5b9e2104@group-238A2224A31B-SegmentedRaftLogWorker was interrupted, exiting. There are 0 tasks remaining in the queue.
2019-10-07 08:29:58,654 [ForkJoinPool.commonPool-worker-0] INFO  segmented.SegmentedRaftLogWorker (SegmentedRaftLogWorker.java:close(224)) - 146ceb2f-fc11-43ba-b6ba-1106dcb1a363@group-8C38DC083FB3-SegmentedRaftLogWorker close()
2019-10-07 08:29:58,656 [main] INFO  segmented.SegmentedRaftLogWorker (SegmentedRaftLogWorker.java:close(224)) - f9f653bc-0d42-4710-abb1-893c5b9e2104@group-238A2224A31B-SegmentedRaftLogWorker close()
2019-10-07 08:29:58,658 [ForkJoinPool.commonPool-worker-0] INFO  impl.RaftServerImpl (RaftServerImpl.java:lambda$shutdown$3(247)) - 146ceb2f-fc11-43ba-b6ba-1106dcb1a363@group-E6DC2C34446F: shutdown
2019-10-07 08:29:58,660 [main] INFO  server.GrpcService (GrpcService.java:closeImpl(164)) - f9f653bc-0d42-4710-abb1-893c5b9e2104: shutdown server with port 38354 now
2019-10-07 08:29:58,660 [ForkJoinPool.commonPool-worker-0] INFO  util.JmxRegister (JmxRegister.java:unregister(73)) - Successfully un-registered JMX Bean with object name Ratis:service=RaftServer,group=group-E6DC2C34446F,id=146ceb2f-fc11-43ba-b6ba-1106dcb1a363
2019-10-07 08:29:58,661 [ForkJoinPool.commonPool-worker-0] INFO  impl.RoleInfo (RoleInfo.java:shutdownLeaderState(104)) - 146ceb2f-fc11-43ba-b6ba-1106dcb1a363: shutdown LeaderState
2019-10-07 08:29:58,666 [ForkJoinPool.commonPool-worker-0] INFO  impl.PendingRequests (PendingRequests.java:sendNotLeaderResponses(202)) - 146ceb2f-fc11-43ba-b6ba-1106dcb1a363@group-E6DC2C34446F-PendingRequests: sendNotLeaderResponses
2019-10-07 08:29:58,666 [org.apache.ratis.server.impl.LogAppender$AppenderDaemon$$Lambda$517/1499096024@76201e97] WARN  server.GrpcLogAppender (GrpcLogAppender.java:mayWait(143)) - 146ceb2f-fc11-43ba-b6ba-1106dcb1a363@group-E6DC2C34446F->470bbc53-1579-4bd2-a31d-68f148926eb5-GrpcLogAppender: Wait interrupted by java.lang.InterruptedException
2019-10-07 08:29:58,666 [main] INFO  server.GrpcService (GrpcService.java:closeImpl(172)) - f9f653bc-0d42-4710-abb1-893c5b9e2104: shutdown server with port 38354 successfully
2019-10-07 08:29:58,666 [org.apache.ratis.server.impl.LogAppender$AppenderDaemon$$Lambda$517/1499096024@187b6061] WARN  server.GrpcLogAppender (GrpcLogAppender.java:mayWait(143)) - 146ceb2f-fc11-43ba-b6ba-1106dcb1a363@group-E6DC2C34446F->48f0ddbd-ecfe-47e7-95da-5ecbab1cbdb9-GrpcLogAppender: Wait interrupted by java.lang.InterruptedException
2019-10-07 08:29:58,670 [146ceb2f-fc11-43ba-b6ba-1106dcb1a363@group-E6DC2C34446F-StateMachineUpdater] INFO  ratis.ContainerStateMachine (ContainerStateMachine.java:takeSnapshot(294)) - group-E6DC2C34446F: Taking a snapshot at:(t:1, i:6) file /workdir/hadoop-ozone/integration-test/target/test-dir/MiniOzoneClusterImpl-d41106c3-64a1-4add-af3d-d5cb16e1af83/datanode-2/data/ratis/fdfd6383-4d60-4f7b-ab0b-e6dc2c34446f/sm/snapshot.1_6
2019-10-07 08:29:58,670 [ForkJoinPool.commonPool-worker-0] INFO  impl.StateMachineUpdater (StateMachineUpdater.java:stopAndJoin(136)) - 146ceb2f-fc11-43ba-b6ba-1106dcb1a363@group-E6DC2C34446F-StateMachineUpdater: set stopIndex = 8
2019-10-07 08:29:58,671 [grpc-default-executor-4] INFO  server.GrpcServerProtocolService (GrpcServerProtocolService.java:onCompleted(113)) - 48f0ddbd-ecfe-47e7-95da-5ecbab1cbdb9: Completed APPEND_ENTRIES, lastRequest: 146ceb2f-fc11-43ba-b6ba-1106dcb1a363->48f0ddbd-ecfe-47e7-95da-5ecbab1cbdb9#49-t1, previous=(t:1, i:8), leaderCommit=8, initializing? false, entries: <empty>
2019-10-07 08:29:58,671 [grpc-default-executor-1] INFO  server.GrpcServerProtocolService (GrpcServerProtocolService.java:onCompleted(113)) - 470bbc53-1579-4bd2-a31d-68f148926eb5: Completed APPEND_ENTRIES, lastRequest: 146ceb2f-fc11-43ba-b6ba-1106dcb1a363->470bbc53-1579-4bd2-a31d-68f148926eb5#49-t1, previous=(t:1, i:8), leaderCommit=8, initializing? false, entries: <empty>
2019-10-07 08:29:58,672 [refreshUsed-/workdir/hadoop-ozone/integration-test/target/test-dir/MiniOzoneClusterImpl-d41106c3-64a1-4add-af3d-d5cb16e1af83/datanode-3/data/containers] WARN  fs.CachingGetSpaceUsed (CachingGetSpaceUsed.java:run(183)) - Thread Interrupted waiting to refresh disk information: sleep interrupted
2019-10-07 08:29:58,673 [grpc-default-executor-1] INFO  server.GrpcLogAppender (GrpcLogAppender.java:onCompleted(293)) - 146ceb2f-fc11-43ba-b6ba-1106dcb1a363@group-E6DC2C34446F->48f0ddbd-ecfe-47e7-95da-5ecbab1cbdb9-AppendLogResponseHandler: follower responses appendEntries COMPLETED
2019-10-07 08:29:58,673 [grpc-default-executor-4] INFO  server.GrpcLogAppender (GrpcLogAppender.java:onCompleted(293)) - 146ceb2f-fc11-43ba-b6ba-1106dcb1a363@group-E6DC2C34446F->470bbc53-1579-4bd2-a31d-68f148926eb5-AppendLogResponseHandler: follower responses appendEntries COMPLETED
2019-10-07 08:29:58,674 [grpc-default-executor-1] INFO  impl.FollowerInfo (FollowerInfo.java:lambda$new$0(51)) - 146ceb2f-fc11-43ba-b6ba-1106dcb1a363@group-E6DC2C34446F->48f0ddbd-ecfe-47e7-95da-5ecbab1cbdb9: nextIndex: updateUnconditionally 9 -> 8
2019-10-07 08:29:58,674 [grpc-default-executor-4] INFO  impl.FollowerInfo (FollowerInfo.java:lambda$new$0(51)) - 146ceb2f-fc11-43ba-b6ba-1106dcb1a363@group-E6DC2C34446F->470bbc53-1579-4bd2-a31d-68f148926eb5: nextIndex: updateUnconditionally 9 -> 8
2019-10-07 08:29:58,689 [main] INFO  utils.BackgroundService (BackgroundService.java:shutdown(148)) - Shutting down service BlockDeletingService
2019-10-07 08:29:58,695 [main] INFO  statemachine.DatanodeStateMachine (DatanodeStateMachine.java:stopDaemon(395)) - Ozone container server stopped.
2019-10-07 08:29:58,696 [main] INFO  handler.ContextHandler (ContextHandler.java:doStop(910)) - Stopped o.e.j.w.WebAppContext@78cfa264{/,null,UNAVAILABLE}{/hddsDatanode}
2019-10-07 08:29:58,697 [main] INFO  server.AbstractConnector (AbstractConnector.java:doStop(318)) - Stopped ServerConnector@3408f695{HTTP/1.1,[http/1.1]}{0.0.0.0:0}
2019-10-07 08:29:58,698 [main] INFO  handler.ContextHandler (ContextHandler.java:doStop(910)) - Stopped o.e.j.s.ServletContextHandler@60e06f7d{/static,jar:file:/home/user/.m2/repository/org/apache/hadoop/hadoop-hdds-container-service/0.5.0-SNAPSHOT/hadoop-hdds-container-service-0.5.0-SNAPSHOT.jar!/webapps/static,UNAVAILABLE}
2019-10-07 08:29:58,698 [146ceb2f-fc11-43ba-b6ba-1106dcb1a363@group-E6DC2C34446F-StateMachineUpdater] INFO  ratis.ContainerStateMachine (ContainerStateMachine.java:takeSnapshot(305)) - group-E6DC2C34446F: Finished taking a snapshot at:(t:1, i:6) file:/workdir/hadoop-ozone/integration-test/target/test-dir/MiniOzoneClusterImpl-d41106c3-64a1-4add-af3d-d5cb16e1af83/datanode-2/data/ratis/fdfd6383-4d60-4f7b-ab0b-e6dc2c34446f/sm/snapshot.1_6 time:28
2019-10-07 08:29:58,698 [main] INFO  handler.ContextHandler (ContextHandler.java:doStop(910)) - Stopped o.e.j.s.ServletContextHandler@4debbf0{/logs,file:///workdir/hadoop-ozone/integration-test/target/log,UNAVAILABLE}
2019-10-07 08:29:58,699 [146ceb2f-fc11-43ba-b6ba-1106dcb1a363@group-E6DC2C34446F-StateMachineUpdater] INFO  impl.StateMachineUpdater (StateMachineUpdater.java:takeSnapshot(269)) - 146ceb2f-fc11-43ba-b6ba-1106dcb1a363@group-E6DC2C34446F-StateMachineUpdater: Took a snapshot at index 6
2019-10-07 08:29:58,699 [146ceb2f-fc11-43ba-b6ba-1106dcb1a363@group-E6DC2C34446F-StateMachineUpdater] INFO  impl.StateMachineUpdater (StateMachineUpdater.java:lambda$new$0(84)) - 146ceb2f-fc11-43ba-b6ba-1106dcb1a363@group-E6DC2C34446F-StateMachineUpdater: snapshotIndex: updateIncreasingly -1 -> 6
2019-10-07 08:29:58,700 [146ceb2f-fc11-43ba-b6ba-1106dcb1a363@group-E6DC2C34446F-StateMachineUpdater] INFO  ratis.ContainerStateMachine (ContainerStateMachine.java:takeSnapshot(294)) - group-E6DC2C34446F: Taking a snapshot at:(t:1, i:6) file /workdir/hadoop-ozone/integration-test/target/test-dir/MiniOzoneClusterImpl-d41106c3-64a1-4add-af3d-d5cb16e1af83/datanode-2/data/ratis/fdfd6383-4d60-4f7b-ab0b-e6dc2c34446f/sm/snapshot.1_6
2019-10-07 08:29:58,723 [146ceb2f-fc11-43ba-b6ba-1106dcb1a363@group-E6DC2C34446F-StateMachineUpdater] INFO  ratis.ContainerStateMachine (ContainerStateMachine.java:takeSnapshot(305)) - group-E6DC2C34446F: Finished taking a snapshot at:(t:1, i:6) file:/workdir/hadoop-ozone/integration-test/target/test-dir/MiniOzoneClusterImpl-d41106c3-64a1-4add-af3d-d5cb16e1af83/datanode-2/data/ratis/fdfd6383-4d60-4f7b-ab0b-e6dc2c34446f/sm/snapshot.1_6 time:23
2019-10-07 08:29:58,723 [146ceb2f-fc11-43ba-b6ba-1106dcb1a363@group-E6DC2C34446F-StateMachineUpdater] INFO  impl.StateMachineUpdater (StateMachineUpdater.java:takeSnapshot(269)) - 146ceb2f-fc11-43ba-b6ba-1106dcb1a363@group-E6DC2C34446F-StateMachineUpdater: Took a snapshot at index 6
2019-10-07 08:29:58,723 [146ceb2f-fc11-43ba-b6ba-1106dcb1a363@group-E6DC2C34446F-StateMachineUpdater] INFO  impl.StateMachineUpdater (StateMachineUpdater.java:lambda$new$0(84)) - 146ceb2f-fc11-43ba-b6ba-1106dcb1a363@group-E6DC2C34446F-StateMachineUpdater: snapshotIndex: updateIncreasingly 6 -> 6
2019-10-07 08:29:58,724 [ForkJoinPool.commonPool-worker-0] INFO  impl.RaftServerImpl (ServerState.java:close(387)) - 146ceb2f-fc11-43ba-b6ba-1106dcb1a363@group-E6DC2C34446F: closes. applyIndex: 8
2019-10-07 08:29:58,724 [146ceb2f-fc11-43ba-b6ba-1106dcb1a363@group-E6DC2C34446F-SegmentedRaftLogWorker] INFO  segmented.SegmentedRaftLogWorker (SegmentedRaftLogWorker.java:run(316)) - 146ceb2f-fc11-43ba-b6ba-1106dcb1a363@group-E6DC2C34446F-SegmentedRaftLogWorker was interrupted, exiting. There are 0 tasks remaining in the queue.
2019-10-07 08:29:58,726 [ForkJoinPool.commonPool-worker-0] INFO  segmented.SegmentedRaftLogWorker (SegmentedRaftLogWorker.java:close(224)) - 146ceb2f-fc11-43ba-b6ba-1106dcb1a363@group-E6DC2C34446F-SegmentedRaftLogWorker close()
2019-10-07 08:29:58,728 [ForkJoinPool.commonPool-worker-0] INFO  server.GrpcService (GrpcService.java:closeImpl(164)) - 146ceb2f-fc11-43ba-b6ba-1106dcb1a363: shutdown server with port 44226 now
2019-10-07 08:29:58,729 [ForkJoinPool.commonPool-worker-0] INFO  server.GrpcService (GrpcService.java:closeImpl(172)) - 146ceb2f-fc11-43ba-b6ba-1106dcb1a363: shutdown server with port 44226 successfully
2019-10-07 08:29:58,731 [refreshUsed-/workdir/hadoop-ozone/integration-test/target/test-dir/MiniOzoneClusterImpl-d41106c3-64a1-4add-af3d-d5cb16e1af83/datanode-2/data/containers] WARN  fs.CachingGetSpaceUsed (CachingGetSpaceUsed.java:run(183)) - Thread Interrupted waiting to refresh disk information: sleep interrupted
2019-10-07 08:29:58,746 [ForkJoinPool.commonPool-worker-0] INFO  utils.BackgroundService (BackgroundService.java:shutdown(148)) - Shutting down service BlockDeletingService
2019-10-07 08:29:58,749 [ForkJoinPool.commonPool-worker-0] INFO  statemachine.DatanodeStateMachine (DatanodeStateMachine.java:stopDaemon(395)) - Ozone container server stopped.
2019-10-07 08:29:58,753 [ForkJoinPool.commonPool-worker-0] INFO  handler.ContextHandler (ContextHandler.java:doStop(910)) - Stopped o.e.j.w.WebAppContext@31b82e0f{/,null,UNAVAILABLE}{/hddsDatanode}
2019-10-07 08:29:58,753 [ForkJoinPool.commonPool-worker-0] INFO  server.AbstractConnector (AbstractConnector.java:doStop(318)) - Stopped ServerConnector@27a09971{HTTP/1.1,[http/1.1]}{0.0.0.0:0}
2019-10-07 08:29:58,755 [ForkJoinPool.commonPool-worker-0] INFO  handler.ContextHandler (ContextHandler.java:doStop(910)) - Stopped o.e.j.s.ServletContextHandler@e784320{/static,jar:file:/home/user/.m2/repository/org/apache/hadoop/hadoop-hdds-container-service/0.5.0-SNAPSHOT/hadoop-hdds-container-service-0.5.0-SNAPSHOT.jar!/webapps/static,UNAVAILABLE}
2019-10-07 08:29:58,756 [ForkJoinPool.commonPool-worker-0] INFO  handler.ContextHandler (ContextHandler.java:doStop(910)) - Stopped o.e.j.s.ServletContextHandler@6968bcec{/logs,file:///workdir/hadoop-ozone/integration-test/target/log,UNAVAILABLE}
2019-10-07 08:29:58,820 [Datanode State Machine Thread - 0] INFO  statemachine.DatanodeStateMachine (DatanodeStateMachine.java:lambda$startDaemon$0(350)) - Ozone container server started.
2019-10-07 08:29:59,639 [Datanode State Machine Thread - 0] INFO  statemachine.DatanodeStateMachine (DatanodeStateMachine.java:lambda$startDaemon$0(350)) - Ozone container server started.
2019-10-07 08:30:02,677 [Thread-770] INFO  impl.FollowerState (FollowerState.java:run(108)) - 48f0ddbd-ecfe-47e7-95da-5ecbab1cbdb9@group-E6DC2C34446F-FollowerState: change to CANDIDATE, lastRpcTime:5903ms, electionTimeout:5003ms
2019-10-07 08:30:02,678 [Thread-770] INFO  impl.RoleInfo (RoleInfo.java:shutdownFollowerState(121)) - 48f0ddbd-ecfe-47e7-95da-5ecbab1cbdb9: shutdown FollowerState
2019-10-07 08:30:02,678 [Thread-770] INFO  impl.RaftServerImpl (RaftServerImpl.java:setRole(170)) - 48f0ddbd-ecfe-47e7-95da-5ecbab1cbdb9@group-E6DC2C34446F: changes role from  FOLLOWER to CANDIDATE at term 1 for changeToCandidate
2019-10-07 08:30:02,678 [Thread-770] INFO  impl.RoleInfo (RoleInfo.java:updateAndGet(143)) - 48f0ddbd-ecfe-47e7-95da-5ecbab1cbdb9: start LeaderElection
2019-10-07 08:30:02,684 [48f0ddbd-ecfe-47e7-95da-5ecbab1cbdb9@group-E6DC2C34446F-LeaderElection30] INFO  impl.RaftServerImpl (ServerState.java:setLeader(255)) - 48f0ddbd-ecfe-47e7-95da-5ecbab1cbdb9@group-E6DC2C34446F: change Leader from 146ceb2f-fc11-43ba-b6ba-1106dcb1a363 to null at term 1 for initElection
2019-10-07 08:30:02,716 [48f0ddbd-ecfe-47e7-95da-5ecbab1cbdb9@group-E6DC2C34446F-LeaderElection30] INFO  impl.LeaderElection (LeaderElection.java:askForVotes(178)) - 48f0ddbd-ecfe-47e7-95da-5ecbab1cbdb9@group-E6DC2C34446F-LeaderElection30: begin an election at term 2 for 0: [470bbc53-1579-4bd2-a31d-68f148926eb5:192.168.164.213:45795, 146ceb2f-fc11-43ba-b6ba-1106dcb1a363:192.168.164.213:44226, 48f0ddbd-ecfe-47e7-95da-5ecbab1cbdb9:192.168.164.213:45044], old=null
2019-10-07 08:30:02,733 [48f0ddbd-ecfe-47e7-95da-5ecbab1cbdb9@group-E6DC2C34446F-LeaderElection30] INFO  impl.LeaderElection (LogUtils.java:infoOrTrace(149)) - 48f0ddbd-ecfe-47e7-95da-5ecbab1cbdb9@group-E6DC2C34446F-LeaderElection30 got exception when requesting votes: {}
java.util.concurrent.ExecutionException: org.apache.ratis.thirdparty.io.grpc.StatusRuntimeException: UNAVAILABLE: io exception
	at java.util.concurrent.FutureTask.report(FutureTask.java:122)
	at java.util.concurrent.FutureTask.get(FutureTask.java:192)
	at org.apache.ratis.server.impl.LeaderElection.waitForResults(LeaderElection.java:259)
	at org.apache.ratis.server.impl.LeaderElection.askForVotes(LeaderElection.java:197)
	at org.apache.ratis.server.impl.LeaderElection.run(LeaderElection.java:133)
	at java.lang.Thread.run(Thread.java:748)
Caused by: org.apache.ratis.thirdparty.io.grpc.StatusRuntimeException: UNAVAILABLE: io exception
	at org.apache.ratis.thirdparty.io.grpc.stub.ClientCalls.toStatusRuntimeException(ClientCalls.java:233)
	at org.apache.ratis.thirdparty.io.grpc.stub.ClientCalls.getUnchecked(ClientCalls.java:214)
	at org.apache.ratis.thirdparty.io.grpc.stub.ClientCalls.blockingUnaryCall(ClientCalls.java:139)
	at org.apache.ratis.proto.grpc.RaftServerProtocolServiceGrpc$RaftServerProtocolServiceBlockingStub.requestVote(RaftServerProtocolServiceGrpc.java:265)
	at org.apache.ratis.grpc.server.GrpcServerProtocolClient.requestVote(GrpcServerProtocolClient.java:99)
	at org.apache.ratis.grpc.server.GrpcService.requestVote(GrpcService.java:204)
	at org.apache.ratis.server.impl.LeaderElection.lambda$submitRequests$1(LeaderElection.java:234)
	at java.util.concurrent.FutureTask.run(FutureTask.java:266)
	at java.util.concurrent.Executors$RunnableAdapter.call(Executors.java:511)
	at java.util.concurrent.FutureTask.run(FutureTask.java:266)
	at java.util.concurrent.ThreadPoolExecutor.runWorker(ThreadPoolExecutor.java:1149)
	at java.util.concurrent.ThreadPoolExecutor$Worker.run(ThreadPoolExecutor.java:624)
	... 1 more
Caused by: org.apache.ratis.thirdparty.io.netty.channel.AbstractChannel$AnnotatedConnectException: Connection refused: /192.168.164.213:44226
	at sun.nio.ch.SocketChannelImpl.checkConnect(Native Method)
	at sun.nio.ch.SocketChannelImpl.finishConnect(SocketChannelImpl.java:717)
	at org.apache.ratis.thirdparty.io.netty.channel.socket.nio.NioSocketChannel.doFinishConnect(NioSocketChannel.java:327)
	at org.apache.ratis.thirdparty.io.netty.channel.nio.AbstractNioChannel$AbstractNioUnsafe.finishConnect(AbstractNioChannel.java:340)
	at org.apache.ratis.thirdparty.io.netty.channel.nio.NioEventLoop.processSelectedKey(NioEventLoop.java:632)
	at org.apache.ratis.thirdparty.io.netty.channel.nio.NioEventLoop.processSelectedKeysOptimized(NioEventLoop.java:579)
	at org.apache.ratis.thirdparty.io.netty.channel.nio.NioEventLoop.processSelectedKeys(NioEventLoop.java:496)
	at org.apache.ratis.thirdparty.io.netty.channel.nio.NioEventLoop.run(NioEventLoop.java:458)
	at org.apache.ratis.thirdparty.io.netty.util.concurrent.SingleThreadEventExecutor$5.run(SingleThreadEventExecutor.java:897)
	at org.apache.ratis.thirdparty.io.netty.util.concurrent.FastThreadLocalRunnable.run(FastThreadLocalRunnable.java:30)
	... 1 more
Caused by: java.net.ConnectException: Connection refused
	... 11 more
2019-10-07 08:30:02,736 [grpc-default-executor-1] INFO  impl.RaftServerImpl (ServerState.java:setLeader(255)) - 470bbc53-1579-4bd2-a31d-68f148926eb5@group-E6DC2C34446F: change Leader from 146ceb2f-fc11-43ba-b6ba-1106dcb1a363 to null at term 2 for updateCurrentTerm
2019-10-07 08:30:02,737 [grpc-default-executor-1] INFO  impl.RaftServerImpl (RaftServerImpl.java:setRole(170)) - 470bbc53-1579-4bd2-a31d-68f148926eb5@group-E6DC2C34446F: changes role from  FOLLOWER to FOLLOWER at term 2 for recognizeCandidate:48f0ddbd-ecfe-47e7-95da-5ecbab1cbdb9
2019-10-07 08:30:02,737 [grpc-default-executor-1] INFO  impl.RoleInfo (RoleInfo.java:shutdownFollowerState(121)) - 470bbc53-1579-4bd2-a31d-68f148926eb5: shutdown FollowerState
2019-10-07 08:30:02,737 [grpc-default-executor-1] INFO  impl.RoleInfo (RoleInfo.java:updateAndGet(143)) - 470bbc53-1579-4bd2-a31d-68f148926eb5: start FollowerState
2019-10-07 08:30:02,737 [Thread-771] INFO  impl.FollowerState (FollowerState.java:run(117)) - 470bbc53-1579-4bd2-a31d-68f148926eb5@group-E6DC2C34446F-FollowerState was interrupted: java.lang.InterruptedException: sleep interrupted
2019-10-07 08:30:02,769 [48f0ddbd-ecfe-47e7-95da-5ecbab1cbdb9@group-E6DC2C34446F-LeaderElection30] INFO  impl.LeaderElection (LeaderElection.java:logAndReturn(56)) - 48f0ddbd-ecfe-47e7-95da-5ecbab1cbdb9@group-E6DC2C34446F-LeaderElection30: Election PASSED; received 1 response(s) [48f0ddbd-ecfe-47e7-95da-5ecbab1cbdb9<-470bbc53-1579-4bd2-a31d-68f148926eb5#0:OK-t2] and 1 exception(s); 48f0ddbd-ecfe-47e7-95da-5ecbab1cbdb9@group-E6DC2C34446F:t2, leader=null, voted=48f0ddbd-ecfe-47e7-95da-5ecbab1cbdb9, raftlog=48f0ddbd-ecfe-47e7-95da-5ecbab1cbdb9@group-E6DC2C34446F-SegmentedRaftLog:OPENED:c8,f8,i8, conf=0: [470bbc53-1579-4bd2-a31d-68f148926eb5:192.168.164.213:45795, 146ceb2f-fc11-43ba-b6ba-1106dcb1a363:192.168.164.213:44226, 48f0ddbd-ecfe-47e7-95da-5ecbab1cbdb9:192.168.164.213:45044], old=null
2019-10-07 08:30:02,769 [48f0ddbd-ecfe-47e7-95da-5ecbab1cbdb9@group-E6DC2C34446F-LeaderElection30] INFO  impl.LeaderElection (LogUtils.java:infoOrTrace(149)) -   Exception 0: {}
java.util.concurrent.ExecutionException: org.apache.ratis.thirdparty.io.grpc.StatusRuntimeException: UNAVAILABLE: io exception
	at java.util.concurrent.FutureTask.report(FutureTask.java:122)
	at java.util.concurrent.FutureTask.get(FutureTask.java:192)
	at org.apache.ratis.server.impl.LeaderElection.waitForResults(LeaderElection.java:259)
	at org.apache.ratis.server.impl.LeaderElection.askForVotes(LeaderElection.java:197)
	at org.apache.ratis.server.impl.LeaderElection.run(LeaderElection.java:133)
	at java.lang.Thread.run(Thread.java:748)
Caused by: org.apache.ratis.thirdparty.io.grpc.StatusRuntimeException: UNAVAILABLE: io exception
	at org.apache.ratis.thirdparty.io.grpc.stub.ClientCalls.toStatusRuntimeException(ClientCalls.java:233)
	at org.apache.ratis.thirdparty.io.grpc.stub.ClientCalls.getUnchecked(ClientCalls.java:214)
	at org.apache.ratis.thirdparty.io.grpc.stub.ClientCalls.blockingUnaryCall(ClientCalls.java:139)
	at org.apache.ratis.proto.grpc.RaftServerProtocolServiceGrpc$RaftServerProtocolServiceBlockingStub.requestVote(RaftServerProtocolServiceGrpc.java:265)
	at org.apache.ratis.grpc.server.GrpcServerProtocolClient.requestVote(GrpcServerProtocolClient.java:99)
	at org.apache.ratis.grpc.server.GrpcService.requestVote(GrpcService.java:204)
	at org.apache.ratis.server.impl.LeaderElection.lambda$submitRequests$1(LeaderElection.java:234)
	at java.util.concurrent.FutureTask.run(FutureTask.java:266)
	at java.util.concurrent.Executors$RunnableAdapter.call(Executors.java:511)
	at java.util.concurrent.FutureTask.run(FutureTask.java:266)
	at java.util.concurrent.ThreadPoolExecutor.runWorker(ThreadPoolExecutor.java:1149)
	at java.util.concurrent.ThreadPoolExecutor$Worker.run(ThreadPoolExecutor.java:624)
	... 1 more
Caused by: org.apache.ratis.thirdparty.io.netty.channel.AbstractChannel$AnnotatedConnectException: Connection refused: /192.168.164.213:44226
	at sun.nio.ch.SocketChannelImpl.checkConnect(Native Method)
	at sun.nio.ch.SocketChannelImpl.finishConnect(SocketChannelImpl.java:717)
	at org.apache.ratis.thirdparty.io.netty.channel.socket.nio.NioSocketChannel.doFinishConnect(NioSocketChannel.java:327)
	at org.apache.ratis.thirdparty.io.netty.channel.nio.AbstractNioChannel$AbstractNioUnsafe.finishConnect(AbstractNioChannel.java:340)
	at org.apache.ratis.thirdparty.io.netty.channel.nio.NioEventLoop.processSelectedKey(NioEventLoop.java:632)
	at org.apache.ratis.thirdparty.io.netty.channel.nio.NioEventLoop.processSelectedKeysOptimized(NioEventLoop.java:579)
	at org.apache.ratis.thirdparty.io.netty.channel.nio.NioEventLoop.processSelectedKeys(NioEventLoop.java:496)
	at org.apache.ratis.thirdparty.io.netty.channel.nio.NioEventLoop.run(NioEventLoop.java:458)
	at org.apache.ratis.thirdparty.io.netty.util.concurrent.SingleThreadEventExecutor$5.run(SingleThreadEventExecutor.java:897)
	at org.apache.ratis.thirdparty.io.netty.util.concurrent.FastThreadLocalRunnable.run(FastThreadLocalRunnable.java:30)
	... 1 more
Caused by: java.net.ConnectException: Connection refused
	... 11 more
2019-10-07 08:30:02,770 [48f0ddbd-ecfe-47e7-95da-5ecbab1cbdb9@group-E6DC2C34446F-LeaderElection30] INFO  impl.RoleInfo (RoleInfo.java:shutdownLeaderElection(134)) - 48f0ddbd-ecfe-47e7-95da-5ecbab1cbdb9: shutdown LeaderElection
2019-10-07 08:30:02,771 [48f0ddbd-ecfe-47e7-95da-5ecbab1cbdb9@group-E6DC2C34446F-LeaderElection30] INFO  impl.RaftServerImpl (RaftServerImpl.java:setRole(170)) - 48f0ddbd-ecfe-47e7-95da-5ecbab1cbdb9@group-E6DC2C34446F: changes role from CANDIDATE to LEADER at term 2 for changeToLeader
2019-10-07 08:30:02,771 [48f0ddbd-ecfe-47e7-95da-5ecbab1cbdb9@group-E6DC2C34446F-LeaderElection30] INFO  impl.RaftServerImpl (ServerState.java:setLeader(255)) - 48f0ddbd-ecfe-47e7-95da-5ecbab1cbdb9@group-E6DC2C34446F: change Leader from null to 48f0ddbd-ecfe-47e7-95da-5ecbab1cbdb9 at term 2 for becomeLeader, leader elected after 86ms
2019-10-07 08:30:02,772 [48f0ddbd-ecfe-47e7-95da-5ecbab1cbdb9@group-E6DC2C34446F-LeaderElection30] INFO  server.RaftServerConfigKeys (ConfUtils.java:logGet(43)) - raft.server.staging.catchup.gap = 1000 (default)
2019-10-07 08:30:02,772 [48f0ddbd-ecfe-47e7-95da-5ecbab1cbdb9@group-E6DC2C34446F-LeaderElection30] INFO  server.RaftServerConfigKeys (ConfUtils.java:logGet(43)) - raft.server.rpc.sleep.time = 25ms (default)
2019-10-07 08:30:02,772 [48f0ddbd-ecfe-47e7-95da-5ecbab1cbdb9@group-E6DC2C34446F-LeaderElection30] INFO  server.RaftServerConfigKeys (ConfUtils.java:logGet(43)) - raft.server.write.element-limit = 4096 (default)
2019-10-07 08:30:02,773 [48f0ddbd-ecfe-47e7-95da-5ecbab1cbdb9@group-E6DC2C34446F-LeaderElection30] INFO  server.RaftServerConfigKeys (ConfUtils.java:logGet(43)) - raft.server.watch.timeout = 10s (default)
2019-10-07 08:30:02,773 [48f0ddbd-ecfe-47e7-95da-5ecbab1cbdb9@group-E6DC2C34446F-LeaderElection30] INFO  server.RaftServerConfigKeys (ConfUtils.java:logGet(43)) - raft.server.watch.timeout.denomination = 1s (default)
2019-10-07 08:30:02,773 [48f0ddbd-ecfe-47e7-95da-5ecbab1cbdb9@group-E6DC2C34446F-LeaderElection30] INFO  server.RaftServerConfigKeys (ConfUtils.java:logGet(43)) - raft.server.watch.element-limit = 65536 (default)
2019-10-07 08:30:02,778 [48f0ddbd-ecfe-47e7-95da-5ecbab1cbdb9@group-E6DC2C34446F-LeaderElection30] INFO  server.RaftServerConfigKeys (ConfUtils.java:logGet(43)) - raft.server.log.appender.snapshot.chunk.size.max = 16MB (=16777216) (default)
2019-10-07 08:30:02,779 [48f0ddbd-ecfe-47e7-95da-5ecbab1cbdb9@group-E6DC2C34446F-LeaderElection30] INFO  server.RaftServerConfigKeys (ConfUtils.java:logGet(43)) - raft.server.log.appender.buffer.byte-limit = 33554432 (custom)
2019-10-07 08:30:02,779 [48f0ddbd-ecfe-47e7-95da-5ecbab1cbdb9@group-E6DC2C34446F-LeaderElection30] INFO  server.RaftServerConfigKeys (ConfUtils.java:logGet(43)) - raft.server.log.appender.buffer.element-limit = 1 (custom)
2019-10-07 08:30:02,779 [48f0ddbd-ecfe-47e7-95da-5ecbab1cbdb9@group-E6DC2C34446F-LeaderElection30] INFO  grpc.GrpcConfigKeys$Server (ConfUtils.java:logGet(43)) - raft.grpc.server.leader.outstanding.appends.max = 128 (default)
2019-10-07 08:30:02,780 [48f0ddbd-ecfe-47e7-95da-5ecbab1cbdb9@group-E6DC2C34446F-LeaderElection30] INFO  server.RaftServerConfigKeys (ConfUtils.java:logGet(43)) - raft.server.rpc.request.timeout = 3000ms (default)
2019-10-07 08:30:02,780 [48f0ddbd-ecfe-47e7-95da-5ecbab1cbdb9@group-E6DC2C34446F-LeaderElection30] INFO  server.RaftServerConfigKeys (ConfUtils.java:logGet(43)) - raft.server.log.appender.install.snapshot.enabled = false (custom)
2019-10-07 08:30:02,780 [48f0ddbd-ecfe-47e7-95da-5ecbab1cbdb9@group-E6DC2C34446F-LeaderElection30] INFO  server.RaftServerConfigKeys (ConfUtils.java:logGet(43)) - raft.server.log.appender.snapshot.chunk.size.max = 16MB (=16777216) (default)
2019-10-07 08:30:02,780 [48f0ddbd-ecfe-47e7-95da-5ecbab1cbdb9@group-E6DC2C34446F-LeaderElection30] INFO  server.RaftServerConfigKeys (ConfUtils.java:logGet(43)) - raft.server.log.appender.buffer.byte-limit = 33554432 (custom)
2019-10-07 08:30:02,781 [48f0ddbd-ecfe-47e7-95da-5ecbab1cbdb9@group-E6DC2C34446F-LeaderElection30] INFO  server.RaftServerConfigKeys (ConfUtils.java:logGet(43)) - raft.server.log.appender.buffer.element-limit = 1 (custom)
2019-10-07 08:30:02,781 [48f0ddbd-ecfe-47e7-95da-5ecbab1cbdb9@group-E6DC2C34446F-LeaderElection30] INFO  grpc.GrpcConfigKeys$Server (ConfUtils.java:logGet(43)) - raft.grpc.server.leader.outstanding.appends.max = 128 (default)
2019-10-07 08:30:02,781 [48f0ddbd-ecfe-47e7-95da-5ecbab1cbdb9@group-E6DC2C34446F-LeaderElection30] INFO  server.RaftServerConfigKeys (ConfUtils.java:logGet(43)) - raft.server.rpc.request.timeout = 3000ms (default)
2019-10-07 08:30:02,782 [48f0ddbd-ecfe-47e7-95da-5ecbab1cbdb9@group-E6DC2C34446F-LeaderElection30] INFO  server.RaftServerConfigKeys (ConfUtils.java:logGet(43)) - raft.server.log.appender.install.snapshot.enabled = false (custom)
2019-10-07 08:30:02,782 [48f0ddbd-ecfe-47e7-95da-5ecbab1cbdb9@group-E6DC2C34446F-LeaderElection30] INFO  impl.RoleInfo (RoleInfo.java:updateAndGet(143)) - 48f0ddbd-ecfe-47e7-95da-5ecbab1cbdb9: start LeaderState
2019-10-07 08:30:02,783 [48f0ddbd-ecfe-47e7-95da-5ecbab1cbdb9@group-E6DC2C34446F-LeaderElection30] INFO  segmented.SegmentedRaftLogWorker (SegmentedRaftLogWorker.java:rollLogSegment(390)) - 48f0ddbd-ecfe-47e7-95da-5ecbab1cbdb9@group-E6DC2C34446F-SegmentedRaftLogWorker: Rolling segment log-0_8 to index:8
2019-10-07 08:30:02,788 [48f0ddbd-ecfe-47e7-95da-5ecbab1cbdb9@group-E6DC2C34446F-LeaderElection30] INFO  impl.RaftServerImpl (ServerState.java:setRaftConf(356)) - 48f0ddbd-ecfe-47e7-95da-5ecbab1cbdb9@group-E6DC2C34446F: set configuration 9: [470bbc53-1579-4bd2-a31d-68f148926eb5:192.168.164.213:45795, 146ceb2f-fc11-43ba-b6ba-1106dcb1a363:192.168.164.213:44226, 48f0ddbd-ecfe-47e7-95da-5ecbab1cbdb9:192.168.164.213:45044], old=null at 9
2019-10-07 08:30:02,788 [48f0ddbd-ecfe-47e7-95da-5ecbab1cbdb9@group-E6DC2C34446F-SegmentedRaftLogWorker] INFO  segmented.SegmentedRaftLogWorker (SegmentedRaftLogWorker.java:execute(531)) - 48f0ddbd-ecfe-47e7-95da-5ecbab1cbdb9@group-E6DC2C34446F-SegmentedRaftLogWorker: Rolled log segment from /workdir/hadoop-ozone/integration-test/target/test-dir/MiniOzoneClusterImpl-d41106c3-64a1-4add-af3d-d5cb16e1af83/datanode-5/data/ratis/fdfd6383-4d60-4f7b-ab0b-e6dc2c34446f/current/log_inprogress_0 to /workdir/hadoop-ozone/integration-test/target/test-dir/MiniOzoneClusterImpl-d41106c3-64a1-4add-af3d-d5cb16e1af83/datanode-5/data/ratis/fdfd6383-4d60-4f7b-ab0b-e6dc2c34446f/current/log_0-8
2019-10-07 08:30:02,790 [grpc-default-executor-1] WARN  server.GrpcLogAppender (LogUtils.java:warn(134)) - 48f0ddbd-ecfe-47e7-95da-5ecbab1cbdb9@group-E6DC2C34446F->146ceb2f-fc11-43ba-b6ba-1106dcb1a363-AppendLogResponseHandler: Failed appendEntries: org.apache.ratis.thirdparty.io.grpc.StatusRuntimeException: UNAVAILABLE: io exception
2019-10-07 08:30:02,790 [grpc-default-executor-4] INFO  impl.RaftServerImpl (ServerState.java:setLeader(255)) - 470bbc53-1579-4bd2-a31d-68f148926eb5@group-E6DC2C34446F: change Leader from null to 48f0ddbd-ecfe-47e7-95da-5ecbab1cbdb9 at term 2 for appendEntries, leader elected after 53ms
2019-10-07 08:30:02,825 [Thread-1354] INFO  impl.FollowerState (FollowerState.java:run(108)) - 06af8296-9e1f-4dab-9512-19c5c9938ca2@group-7F16216947DC-FollowerState: change to CANDIDATE, lastRpcTime:5206ms, electionTimeout:5183ms
2019-10-07 08:30:02,826 [Thread-1354] INFO  impl.RoleInfo (RoleInfo.java:shutdownFollowerState(121)) - 06af8296-9e1f-4dab-9512-19c5c9938ca2: shutdown FollowerState
2019-10-07 08:30:02,826 [Thread-1354] INFO  impl.RaftServerImpl (RaftServerImpl.java:setRole(170)) - 06af8296-9e1f-4dab-9512-19c5c9938ca2@group-7F16216947DC: changes role from  FOLLOWER to CANDIDATE at term 2 for changeToCandidate
2019-10-07 08:30:02,826 [grpc-default-executor-1] INFO  impl.FollowerInfo (FollowerInfo.java:lambda$new$0(51)) - 48f0ddbd-ecfe-47e7-95da-5ecbab1cbdb9@group-E6DC2C34446F->146ceb2f-fc11-43ba-b6ba-1106dcb1a363: nextIndex: updateUnconditionally 9 -> 1
2019-10-07 08:30:02,826 [Thread-1354] INFO  impl.RoleInfo (RoleInfo.java:updateAndGet(143)) - 06af8296-9e1f-4dab-9512-19c5c9938ca2: start LeaderElection
2019-10-07 08:30:02,829 [grpc-default-executor-1] INFO  impl.RaftServerImpl (ServerState.java:setRaftConf(356)) - 470bbc53-1579-4bd2-a31d-68f148926eb5@group-E6DC2C34446F: set configuration 9: [470bbc53-1579-4bd2-a31d-68f148926eb5:192.168.164.213:45795, 146ceb2f-fc11-43ba-b6ba-1106dcb1a363:192.168.164.213:44226, 48f0ddbd-ecfe-47e7-95da-5ecbab1cbdb9:192.168.164.213:45044], old=null at 9
2019-10-07 08:30:02,829 [grpc-default-executor-1] INFO  segmented.SegmentedRaftLogWorker (SegmentedRaftLogWorker.java:rollLogSegment(390)) - 470bbc53-1579-4bd2-a31d-68f148926eb5@group-E6DC2C34446F-SegmentedRaftLogWorker: Rolling segment log-0_8 to index:8
2019-10-07 08:30:02,830 [470bbc53-1579-4bd2-a31d-68f148926eb5@group-E6DC2C34446F-SegmentedRaftLogWorker] INFO  segmented.SegmentedRaftLogWorker (SegmentedRaftLogWorker.java:execute(531)) - 470bbc53-1579-4bd2-a31d-68f148926eb5@group-E6DC2C34446F-SegmentedRaftLogWorker: Rolled log segment from /workdir/hadoop-ozone/integration-test/target/test-dir/MiniOzoneClusterImpl-d41106c3-64a1-4add-af3d-d5cb16e1af83/datanode-6/data/ratis/fdfd6383-4d60-4f7b-ab0b-e6dc2c34446f/current/log_inprogress_0 to /workdir/hadoop-ozone/integration-test/target/test-dir/MiniOzoneClusterImpl-d41106c3-64a1-4add-af3d-d5cb16e1af83/datanode-6/data/ratis/fdfd6383-4d60-4f7b-ab0b-e6dc2c34446f/current/log_0-8
2019-10-07 08:30:02,851 [48f0ddbd-ecfe-47e7-95da-5ecbab1cbdb9@group-E6DC2C34446F-SegmentedRaftLogWorker] INFO  segmented.SegmentedRaftLogWorker (SegmentedRaftLogWorker.java:execute(574)) - 48f0ddbd-ecfe-47e7-95da-5ecbab1cbdb9@group-E6DC2C34446F-SegmentedRaftLogWorker: created new log segment /workdir/hadoop-ozone/integration-test/target/test-dir/MiniOzoneClusterImpl-d41106c3-64a1-4add-af3d-d5cb16e1af83/datanode-5/data/ratis/fdfd6383-4d60-4f7b-ab0b-e6dc2c34446f/current/log_inprogress_9
2019-10-07 08:30:02,851 [06af8296-9e1f-4dab-9512-19c5c9938ca2@group-7F16216947DC-LeaderElection31] INFO  impl.LeaderElection (LeaderElection.java:askForVotes(178)) - 06af8296-9e1f-4dab-9512-19c5c9938ca2@group-7F16216947DC-LeaderElection31: begin an election at term 3 for 0: [ea0720c5-3010-41f9-8b28-0e30b881918f:192.168.164.213:33267, 60fa8d9c-eec5-47da-8279-dc7d6429838e:192.168.164.213:39789, 06af8296-9e1f-4dab-9512-19c5c9938ca2:192.168.164.213:36446], old=null
2019-10-07 08:30:02,866 [06af8296-9e1f-4dab-9512-19c5c9938ca2@group-7F16216947DC-LeaderElection31] INFO  impl.LeaderElection (LogUtils.java:infoOrTrace(149)) - 06af8296-9e1f-4dab-9512-19c5c9938ca2@group-7F16216947DC-LeaderElection31 got exception when requesting votes: {}
java.util.concurrent.ExecutionException: org.apache.ratis.thirdparty.io.grpc.StatusRuntimeException: UNAVAILABLE: io exception
	at java.util.concurrent.FutureTask.report(FutureTask.java:122)
	at java.util.concurrent.FutureTask.get(FutureTask.java:192)
	at org.apache.ratis.server.impl.LeaderElection.waitForResults(LeaderElection.java:259)
	at org.apache.ratis.server.impl.LeaderElection.askForVotes(LeaderElection.java:197)
	at org.apache.ratis.server.impl.LeaderElection.run(LeaderElection.java:133)
	at java.lang.Thread.run(Thread.java:748)
Caused by: org.apache.ratis.thirdparty.io.grpc.StatusRuntimeException: UNAVAILABLE: io exception
	at org.apache.ratis.thirdparty.io.grpc.stub.ClientCalls.toStatusRuntimeException(ClientCalls.java:233)
	at org.apache.ratis.thirdparty.io.grpc.stub.ClientCalls.getUnchecked(ClientCalls.java:214)
	at org.apache.ratis.thirdparty.io.grpc.stub.ClientCalls.blockingUnaryCall(ClientCalls.java:139)
	at org.apache.ratis.proto.grpc.RaftServerProtocolServiceGrpc$RaftServerProtocolServiceBlockingStub.requestVote(RaftServerProtocolServiceGrpc.java:265)
	at org.apache.ratis.grpc.server.GrpcServerProtocolClient.requestVote(GrpcServerProtocolClient.java:99)
	at org.apache.ratis.grpc.server.GrpcService.requestVote(GrpcService.java:204)
	at org.apache.ratis.server.impl.LeaderElection.lambda$submitRequests$1(LeaderElection.java:234)
	at java.util.concurrent.FutureTask.run(FutureTask.java:266)
	at java.util.concurrent.Executors$RunnableAdapter.call(Executors.java:511)
	at java.util.concurrent.FutureTask.run(FutureTask.java:266)
	at java.util.concurrent.ThreadPoolExecutor.runWorker(ThreadPoolExecutor.java:1149)
	at java.util.concurrent.ThreadPoolExecutor$Worker.run(ThreadPoolExecutor.java:624)
	... 1 more
Caused by: org.apache.ratis.thirdparty.io.netty.channel.AbstractChannel$AnnotatedConnectException: Connection refused: /192.168.164.213:33267
	at sun.nio.ch.SocketChannelImpl.checkConnect(Native Method)
	at sun.nio.ch.SocketChannelImpl.finishConnect(SocketChannelImpl.java:717)
	at org.apache.ratis.thirdparty.io.netty.channel.socket.nio.NioSocketChannel.doFinishConnect(NioSocketChannel.java:327)
	at org.apache.ratis.thirdparty.io.netty.channel.nio.AbstractNioChannel$AbstractNioUnsafe.finishConnect(AbstractNioChannel.java:340)
	at org.apache.ratis.thirdparty.io.netty.channel.nio.NioEventLoop.processSelectedKey(NioEventLoop.java:632)
	at org.apache.ratis.thirdparty.io.netty.channel.nio.NioEventLoop.processSelectedKeysOptimized(NioEventLoop.java:579)
	at org.apache.ratis.thirdparty.io.netty.channel.nio.NioEventLoop.processSelectedKeys(NioEventLoop.java:496)
	at org.apache.ratis.thirdparty.io.netty.channel.nio.NioEventLoop.run(NioEventLoop.java:458)
	at org.apache.ratis.thirdparty.io.netty.util.concurrent.SingleThreadEventExecutor$5.run(SingleThreadEventExecutor.java:897)
	at org.apache.ratis.thirdparty.io.netty.util.concurrent.FastThreadLocalRunnable.run(FastThreadLocalRunnable.java:30)
	... 1 more
Caused by: java.net.ConnectException: Connection refused
	... 11 more
2019-10-07 08:30:02,868 [06af8296-9e1f-4dab-9512-19c5c9938ca2@group-7F16216947DC-LeaderElection31] INFO  impl.LeaderElection (LogUtils.java:infoOrTrace(149)) - 06af8296-9e1f-4dab-9512-19c5c9938ca2@group-7F16216947DC-LeaderElection31 got exception when requesting votes: {}
java.util.concurrent.ExecutionException: org.apache.ratis.thirdparty.io.grpc.StatusRuntimeException: UNAVAILABLE: io exception
	at java.util.concurrent.FutureTask.report(FutureTask.java:122)
	at java.util.concurrent.FutureTask.get(FutureTask.java:192)
	at org.apache.ratis.server.impl.LeaderElection.waitForResults(LeaderElection.java:259)
	at org.apache.ratis.server.impl.LeaderElection.askForVotes(LeaderElection.java:197)
	at org.apache.ratis.server.impl.LeaderElection.run(LeaderElection.java:133)
	at java.lang.Thread.run(Thread.java:748)
Caused by: org.apache.ratis.thirdparty.io.grpc.StatusRuntimeException: UNAVAILABLE: io exception
	at org.apache.ratis.thirdparty.io.grpc.stub.ClientCalls.toStatusRuntimeException(ClientCalls.java:233)
	at org.apache.ratis.thirdparty.io.grpc.stub.ClientCalls.getUnchecked(ClientCalls.java:214)
	at org.apache.ratis.thirdparty.io.grpc.stub.ClientCalls.blockingUnaryCall(ClientCalls.java:139)
	at org.apache.ratis.proto.grpc.RaftServerProtocolServiceGrpc$RaftServerProtocolServiceBlockingStub.requestVote(RaftServerProtocolServiceGrpc.java:265)
	at org.apache.ratis.grpc.server.GrpcServerProtocolClient.requestVote(GrpcServerProtocolClient.java:99)
	at org.apache.ratis.grpc.server.GrpcService.requestVote(GrpcService.java:204)
	at org.apache.ratis.server.impl.LeaderElection.lambda$submitRequests$1(LeaderElection.java:234)
	at java.util.concurrent.FutureTask.run(FutureTask.java:266)
	at java.util.concurrent.Executors$RunnableAdapter.call(Executors.java:511)
	at java.util.concurrent.FutureTask.run(FutureTask.java:266)
	at java.util.concurrent.ThreadPoolExecutor.runWorker(ThreadPoolExecutor.java:1149)
	at java.util.concurrent.ThreadPoolExecutor$Worker.run(ThreadPoolExecutor.java:624)
	... 1 more
Caused by: org.apache.ratis.thirdparty.io.netty.channel.AbstractChannel$AnnotatedConnectException: Connection refused: /192.168.164.213:39789
	at sun.nio.ch.SocketChannelImpl.checkConnect(Native Method)
	at sun.nio.ch.SocketChannelImpl.finishConnect(SocketChannelImpl.java:717)
	at org.apache.ratis.thirdparty.io.netty.channel.socket.nio.NioSocketChannel.doFinishConnect(NioSocketChannel.java:327)
	at org.apache.ratis.thirdparty.io.netty.channel.nio.AbstractNioChannel$AbstractNioUnsafe.finishConnect(AbstractNioChannel.java:340)
	at org.apache.ratis.thirdparty.io.netty.channel.nio.NioEventLoop.processSelectedKey(NioEventLoop.java:632)
	at org.apache.ratis.thirdparty.io.netty.channel.nio.NioEventLoop.processSelectedKeysOptimized(NioEventLoop.java:579)
	at org.apache.ratis.thirdparty.io.netty.channel.nio.NioEventLoop.processSelectedKeys(NioEventLoop.java:496)
	at org.apache.ratis.thirdparty.io.netty.channel.nio.NioEventLoop.run(NioEventLoop.java:458)
	at org.apache.ratis.thirdparty.io.netty.util.concurrent.SingleThreadEventExecutor$5.run(SingleThreadEventExecutor.java:897)
	at org.apache.ratis.thirdparty.io.netty.util.concurrent.FastThreadLocalRunnable.run(FastThreadLocalRunnable.java:30)
	... 1 more
Caused by: java.net.ConnectException: Connection refused
	... 11 more
2019-10-07 08:30:02,870 [06af8296-9e1f-4dab-9512-19c5c9938ca2@group-7F16216947DC-LeaderElection31] INFO  impl.LeaderElection (LeaderElection.java:logAndReturn(56)) - 06af8296-9e1f-4dab-9512-19c5c9938ca2@group-7F16216947DC-LeaderElection31: Election REJECTED; received 0 response(s) [] and 2 exception(s); 06af8296-9e1f-4dab-9512-19c5c9938ca2@group-7F16216947DC:t3, leader=null, voted=06af8296-9e1f-4dab-9512-19c5c9938ca2, raftlog=06af8296-9e1f-4dab-9512-19c5c9938ca2@group-7F16216947DC-SegmentedRaftLog:OPENED:c0,f0,i0, conf=0: [ea0720c5-3010-41f9-8b28-0e30b881918f:192.168.164.213:33267, 60fa8d9c-eec5-47da-8279-dc7d6429838e:192.168.164.213:39789, 06af8296-9e1f-4dab-9512-19c5c9938ca2:192.168.164.213:36446], old=null
2019-10-07 08:30:02,870 [06af8296-9e1f-4dab-9512-19c5c9938ca2@group-7F16216947DC-LeaderElection31] INFO  impl.LeaderElection (LogUtils.java:infoOrTrace(149)) -   Exception 0: {}
java.util.concurrent.ExecutionException: org.apache.ratis.thirdparty.io.grpc.StatusRuntimeException: UNAVAILABLE: io exception
	at java.util.concurrent.FutureTask.report(FutureTask.java:122)
	at java.util.concurrent.FutureTask.get(FutureTask.java:192)
	at org.apache.ratis.server.impl.LeaderElection.waitForResults(LeaderElection.java:259)
	at org.apache.ratis.server.impl.LeaderElection.askForVotes(LeaderElection.java:197)
	at org.apache.ratis.server.impl.LeaderElection.run(LeaderElection.java:133)
	at java.lang.Thread.run(Thread.java:748)
Caused by: org.apache.ratis.thirdparty.io.grpc.StatusRuntimeException: UNAVAILABLE: io exception
	at org.apache.ratis.thirdparty.io.grpc.stub.ClientCalls.toStatusRuntimeException(ClientCalls.java:233)
	at org.apache.ratis.thirdparty.io.grpc.stub.ClientCalls.getUnchecked(ClientCalls.java:214)
	at org.apache.ratis.thirdparty.io.grpc.stub.ClientCalls.blockingUnaryCall(ClientCalls.java:139)
	at org.apache.ratis.proto.grpc.RaftServerProtocolServiceGrpc$RaftServerProtocolServiceBlockingStub.requestVote(RaftServerProtocolServiceGrpc.java:265)
	at org.apache.ratis.grpc.server.GrpcServerProtocolClient.requestVote(GrpcServerProtocolClient.java:99)
	at org.apache.ratis.grpc.server.GrpcService.requestVote(GrpcService.java:204)
	at org.apache.ratis.server.impl.LeaderElection.lambda$submitRequests$1(LeaderElection.java:234)
	at java.util.concurrent.FutureTask.run(FutureTask.java:266)
	at java.util.concurrent.Executors$RunnableAdapter.call(Executors.java:511)
	at java.util.concurrent.FutureTask.run(FutureTask.java:266)
	at java.util.concurrent.ThreadPoolExecutor.runWorker(ThreadPoolExecutor.java:1149)
	at java.util.concurrent.ThreadPoolExecutor$Worker.run(ThreadPoolExecutor.java:624)
	... 1 more
Caused by: org.apache.ratis.thirdparty.io.netty.channel.AbstractChannel$AnnotatedConnectException: Connection refused: /192.168.164.213:33267
	at sun.nio.ch.SocketChannelImpl.checkConnect(Native Method)
	at sun.nio.ch.SocketChannelImpl.finishConnect(SocketChannelImpl.java:717)
	at org.apache.ratis.thirdparty.io.netty.channel.socket.nio.NioSocketChannel.doFinishConnect(NioSocketChannel.java:327)
	at org.apache.ratis.thirdparty.io.netty.channel.nio.AbstractNioChannel$AbstractNioUnsafe.finishConnect(AbstractNioChannel.java:340)
	at org.apache.ratis.thirdparty.io.netty.channel.nio.NioEventLoop.processSelectedKey(NioEventLoop.java:632)
	at org.apache.ratis.thirdparty.io.netty.channel.nio.NioEventLoop.processSelectedKeysOptimized(NioEventLoop.java:579)
	at org.apache.ratis.thirdparty.io.netty.channel.nio.NioEventLoop.processSelectedKeys(NioEventLoop.java:496)
	at org.apache.ratis.thirdparty.io.netty.channel.nio.NioEventLoop.run(NioEventLoop.java:458)
	at org.apache.ratis.thirdparty.io.netty.util.concurrent.SingleThreadEventExecutor$5.run(SingleThreadEventExecutor.java:897)
	at org.apache.ratis.thirdparty.io.netty.util.concurrent.FastThreadLocalRunnable.run(FastThreadLocalRunnable.java:30)
	... 1 more
Caused by: java.net.ConnectException: Connection refused
	... 11 more
2019-10-07 08:30:02,871 [06af8296-9e1f-4dab-9512-19c5c9938ca2@group-7F16216947DC-LeaderElection31] INFO  impl.LeaderElection (LogUtils.java:infoOrTrace(149)) -   Exception 1: {}
java.util.concurrent.ExecutionException: org.apache.ratis.thirdparty.io.grpc.StatusRuntimeException: UNAVAILABLE: io exception
	at java.util.concurrent.FutureTask.report(FutureTask.java:122)
	at java.util.concurrent.FutureTask.get(FutureTask.java:192)
	at org.apache.ratis.server.impl.LeaderElection.waitForResults(LeaderElection.java:259)
	at org.apache.ratis.server.impl.LeaderElection.askForVotes(LeaderElection.java:197)
	at org.apache.ratis.server.impl.LeaderElection.run(LeaderElection.java:133)
	at java.lang.Thread.run(Thread.java:748)
Caused by: org.apache.ratis.thirdparty.io.grpc.StatusRuntimeException: UNAVAILABLE: io exception
	at org.apache.ratis.thirdparty.io.grpc.stub.ClientCalls.toStatusRuntimeException(ClientCalls.java:233)
	at org.apache.ratis.thirdparty.io.grpc.stub.ClientCalls.getUnchecked(ClientCalls.java:214)
	at org.apache.ratis.thirdparty.io.grpc.stub.ClientCalls.blockingUnaryCall(ClientCalls.java:139)
	at org.apache.ratis.proto.grpc.RaftServerProtocolServiceGrpc$RaftServerProtocolServiceBlockingStub.requestVote(RaftServerProtocolServiceGrpc.java:265)
	at org.apache.ratis.grpc.server.GrpcServerProtocolClient.requestVote(GrpcServerProtocolClient.java:99)
	at org.apache.ratis.grpc.server.GrpcService.requestVote(GrpcService.java:204)
	at org.apache.ratis.server.impl.LeaderElection.lambda$submitRequests$1(LeaderElection.java:234)
	at java.util.concurrent.FutureTask.run(FutureTask.java:266)
	at java.util.concurrent.Executors$RunnableAdapter.call(Executors.java:511)
	at java.util.concurrent.FutureTask.run(FutureTask.java:266)
	at java.util.concurrent.ThreadPoolExecutor.runWorker(ThreadPoolExecutor.java:1149)
	at java.util.concurrent.ThreadPoolExecutor$Worker.run(ThreadPoolExecutor.java:624)
	... 1 more
Caused by: org.apache.ratis.thirdparty.io.netty.channel.AbstractChannel$AnnotatedConnectException: Connection refused: /192.168.164.213:39789
	at sun.nio.ch.SocketChannelImpl.checkConnect(Native Method)
	at sun.nio.ch.SocketChannelImpl.finishConnect(SocketChannelImpl.java:717)
	at org.apache.ratis.thirdparty.io.netty.channel.socket.nio.NioSocketChannel.doFinishConnect(NioSocketChannel.java:327)
	at org.apache.ratis.thirdparty.io.netty.channel.nio.AbstractNioChannel$AbstractNioUnsafe.finishConnect(AbstractNioChannel.java:340)
	at org.apache.ratis.thirdparty.io.netty.channel.nio.NioEventLoop.processSelectedKey(NioEventLoop.java:632)
	at org.apache.ratis.thirdparty.io.netty.channel.nio.NioEventLoop.processSelectedKeysOptimized(NioEventLoop.java:579)
	at org.apache.ratis.thirdparty.io.netty.channel.nio.NioEventLoop.processSelectedKeys(NioEventLoop.java:496)
	at org.apache.ratis.thirdparty.io.netty.channel.nio.NioEventLoop.run(NioEventLoop.java:458)
	at org.apache.ratis.thirdparty.io.netty.util.concurrent.SingleThreadEventExecutor$5.run(SingleThreadEventExecutor.java:897)
	at org.apache.ratis.thirdparty.io.netty.util.concurrent.FastThreadLocalRunnable.run(FastThreadLocalRunnable.java:30)
	... 1 more
Caused by: java.net.ConnectException: Connection refused
	... 11 more
2019-10-07 08:30:02,871 [06af8296-9e1f-4dab-9512-19c5c9938ca2@group-7F16216947DC-LeaderElection31] INFO  impl.RaftServerImpl (RaftServerImpl.java:setRole(170)) - 06af8296-9e1f-4dab-9512-19c5c9938ca2@group-7F16216947DC: changes role from CANDIDATE to FOLLOWER at term 3 for DISCOVERED_A_NEW_TERM
2019-10-07 08:30:02,871 [06af8296-9e1f-4dab-9512-19c5c9938ca2@group-7F16216947DC-LeaderElection31] INFO  impl.RoleInfo (RoleInfo.java:shutdownLeaderElection(134)) - 06af8296-9e1f-4dab-9512-19c5c9938ca2: shutdown LeaderElection
2019-10-07 08:30:02,872 [06af8296-9e1f-4dab-9512-19c5c9938ca2@group-7F16216947DC-LeaderElection31] INFO  impl.RoleInfo (RoleInfo.java:updateAndGet(143)) - 06af8296-9e1f-4dab-9512-19c5c9938ca2: start FollowerState
2019-10-07 08:30:02,877 [470bbc53-1579-4bd2-a31d-68f148926eb5@group-E6DC2C34446F-SegmentedRaftLogWorker] INFO  segmented.SegmentedRaftLogWorker (SegmentedRaftLogWorker.java:execute(574)) - 470bbc53-1579-4bd2-a31d-68f148926eb5@group-E6DC2C34446F-SegmentedRaftLogWorker: created new log segment /workdir/hadoop-ozone/integration-test/target/test-dir/MiniOzoneClusterImpl-d41106c3-64a1-4add-af3d-d5cb16e1af83/datanode-6/data/ratis/fdfd6383-4d60-4f7b-ab0b-e6dc2c34446f/current/log_inprogress_9
2019-10-07 08:30:02,896 [grpc-default-executor-3] WARN  server.GrpcLogAppender (LogUtils.java:warn(134)) - 48f0ddbd-ecfe-47e7-95da-5ecbab1cbdb9@group-E6DC2C34446F->146ceb2f-fc11-43ba-b6ba-1106dcb1a363-AppendLogResponseHandler: Failed appendEntries: org.apache.ratis.thirdparty.io.grpc.StatusRuntimeException: UNAVAILABLE: io exception
2019-10-07 08:30:02,897 [grpc-default-executor-3] INFO  impl.FollowerInfo (FollowerInfo.java:lambda$new$0(51)) - 48f0ddbd-ecfe-47e7-95da-5ecbab1cbdb9@group-E6DC2C34446F->146ceb2f-fc11-43ba-b6ba-1106dcb1a363: nextIndex: updateUnconditionally 2 -> 1
2019-10-07 08:30:02,915 [grpc-default-executor-1] WARN  server.GrpcLogAppender (LogUtils.java:warn(134)) - 48f0ddbd-ecfe-47e7-95da-5ecbab1cbdb9@group-E6DC2C34446F->146ceb2f-fc11-43ba-b6ba-1106dcb1a363-AppendLogResponseHandler: Failed appendEntries: org.apache.ratis.thirdparty.io.grpc.StatusRuntimeException: UNAVAILABLE: io exception
2019-10-07 08:30:02,915 [grpc-default-executor-1] INFO  impl.FollowerInfo (FollowerInfo.java:lambda$new$0(51)) - 48f0ddbd-ecfe-47e7-95da-5ecbab1cbdb9@group-E6DC2C34446F->146ceb2f-fc11-43ba-b6ba-1106dcb1a363: nextIndex: updateUnconditionally 2 -> 1
2019-10-07 08:30:03,700 [main] INFO  ozoneimpl.OzoneContainer (OzoneContainer.java:stop(227)) - Attempting to stop container services.
2019-10-07 08:30:03,702 [main] INFO  impl.RaftServerProxy (RaftServerProxy.java:lambda$close$4(314)) - 470bbc53-1579-4bd2-a31d-68f148926eb5: close
2019-10-07 08:30:03,702 [main] INFO  impl.RaftServerImpl (RaftServerImpl.java:lambda$shutdown$3(247)) - 470bbc53-1579-4bd2-a31d-68f148926eb5@group-E6DC2C34446F: shutdown
2019-10-07 08:30:03,703 [main] INFO  util.JmxRegister (JmxRegister.java:unregister(73)) - Successfully un-registered JMX Bean with object name Ratis:service=RaftServer,group=group-E6DC2C34446F,id=470bbc53-1579-4bd2-a31d-68f148926eb5
2019-10-07 08:30:03,703 [main] INFO  impl.RoleInfo (RoleInfo.java:shutdownFollowerState(121)) - 470bbc53-1579-4bd2-a31d-68f148926eb5: shutdown FollowerState
2019-10-07 08:30:03,703 [main] INFO  impl.StateMachineUpdater (StateMachineUpdater.java:stopAndJoin(136)) - 470bbc53-1579-4bd2-a31d-68f148926eb5@group-E6DC2C34446F-StateMachineUpdater: set stopIndex = 9
2019-10-07 08:30:03,704 [Thread-1358] INFO  impl.FollowerState (FollowerState.java:run(117)) - 470bbc53-1579-4bd2-a31d-68f148926eb5@group-E6DC2C34446F-FollowerState was interrupted: java.lang.InterruptedException: sleep interrupted
2019-10-07 08:30:03,703 [470bbc53-1579-4bd2-a31d-68f148926eb5@group-E6DC2C34446F-StateMachineUpdater] INFO  ratis.ContainerStateMachine (ContainerStateMachine.java:takeSnapshot(294)) - group-E6DC2C34446F: Taking a snapshot at:(t:1, i:5) file /workdir/hadoop-ozone/integration-test/target/test-dir/MiniOzoneClusterImpl-d41106c3-64a1-4add-af3d-d5cb16e1af83/datanode-6/data/ratis/fdfd6383-4d60-4f7b-ab0b-e6dc2c34446f/sm/snapshot.1_5
2019-10-07 08:30:03,719 [470bbc53-1579-4bd2-a31d-68f148926eb5@group-E6DC2C34446F-StateMachineUpdater] INFO  ratis.ContainerStateMachine (ContainerStateMachine.java:takeSnapshot(305)) - group-E6DC2C34446F: Finished taking a snapshot at:(t:1, i:5) file:/workdir/hadoop-ozone/integration-test/target/test-dir/MiniOzoneClusterImpl-d41106c3-64a1-4add-af3d-d5cb16e1af83/datanode-6/data/ratis/fdfd6383-4d60-4f7b-ab0b-e6dc2c34446f/sm/snapshot.1_5 time:15
2019-10-07 08:30:03,719 [470bbc53-1579-4bd2-a31d-68f148926eb5@group-E6DC2C34446F-StateMachineUpdater] INFO  impl.StateMachineUpdater (StateMachineUpdater.java:takeSnapshot(269)) - 470bbc53-1579-4bd2-a31d-68f148926eb5@group-E6DC2C34446F-StateMachineUpdater: Took a snapshot at index 5
2019-10-07 08:30:03,719 [470bbc53-1579-4bd2-a31d-68f148926eb5@group-E6DC2C34446F-StateMachineUpdater] INFO  impl.StateMachineUpdater (StateMachineUpdater.java:lambda$new$0(84)) - 470bbc53-1579-4bd2-a31d-68f148926eb5@group-E6DC2C34446F-StateMachineUpdater: snapshotIndex: updateIncreasingly -1 -> 5
2019-10-07 08:30:03,720 [470bbc53-1579-4bd2-a31d-68f148926eb5@group-E6DC2C34446F-StateMachineUpdater] INFO  ratis.ContainerStateMachine (ContainerStateMachine.java:takeSnapshot(294)) - group-E6DC2C34446F: Taking a snapshot at:(t:1, i:5) file /workdir/hadoop-ozone/integration-test/target/test-dir/MiniOzoneClusterImpl-d41106c3-64a1-4add-af3d-d5cb16e1af83/datanode-6/data/ratis/fdfd6383-4d60-4f7b-ab0b-e6dc2c34446f/sm/snapshot.1_5
2019-10-07 08:30:03,732 [470bbc53-1579-4bd2-a31d-68f148926eb5@group-E6DC2C34446F-StateMachineUpdater] INFO  ratis.ContainerStateMachine (ContainerStateMachine.java:takeSnapshot(305)) - group-E6DC2C34446F: Finished taking a snapshot at:(t:1, i:5) file:/workdir/hadoop-ozone/integration-test/target/test-dir/MiniOzoneClusterImpl-d41106c3-64a1-4add-af3d-d5cb16e1af83/datanode-6/data/ratis/fdfd6383-4d60-4f7b-ab0b-e6dc2c34446f/sm/snapshot.1_5 time:12
2019-10-07 08:30:03,732 [470bbc53-1579-4bd2-a31d-68f148926eb5@group-E6DC2C34446F-StateMachineUpdater] INFO  impl.StateMachineUpdater (StateMachineUpdater.java:takeSnapshot(269)) - 470bbc53-1579-4bd2-a31d-68f148926eb5@group-E6DC2C34446F-StateMachineUpdater: Took a snapshot at index 5
2019-10-07 08:30:03,732 [470bbc53-1579-4bd2-a31d-68f148926eb5@group-E6DC2C34446F-StateMachineUpdater] INFO  impl.StateMachineUpdater (StateMachineUpdater.java:lambda$new$0(84)) - 470bbc53-1579-4bd2-a31d-68f148926eb5@group-E6DC2C34446F-StateMachineUpdater: snapshotIndex: updateIncreasingly 5 -> 5
2019-10-07 08:30:03,733 [main] INFO  impl.RaftServerImpl (ServerState.java:close(387)) - 470bbc53-1579-4bd2-a31d-68f148926eb5@group-E6DC2C34446F: closes. applyIndex: 9
2019-10-07 08:30:03,734 [470bbc53-1579-4bd2-a31d-68f148926eb5@group-E6DC2C34446F-SegmentedRaftLogWorker] INFO  segmented.SegmentedRaftLogWorker (SegmentedRaftLogWorker.java:run(316)) - 470bbc53-1579-4bd2-a31d-68f148926eb5@group-E6DC2C34446F-SegmentedRaftLogWorker was interrupted, exiting. There are 0 tasks remaining in the queue.
2019-10-07 08:30:03,736 [main] INFO  segmented.SegmentedRaftLogWorker (SegmentedRaftLogWorker.java:close(224)) - 470bbc53-1579-4bd2-a31d-68f148926eb5@group-E6DC2C34446F-SegmentedRaftLogWorker close()
2019-10-07 08:30:03,737 [main] INFO  impl.RaftServerImpl (RaftServerImpl.java:lambda$shutdown$3(247)) - 470bbc53-1579-4bd2-a31d-68f148926eb5@group-A4FA8BE4B253: shutdown
2019-10-07 08:30:03,738 [main] INFO  util.JmxRegister (JmxRegister.java:unregister(73)) - Successfully un-registered JMX Bean with object name Ratis:service=RaftServer,group=group-A4FA8BE4B253,id=470bbc53-1579-4bd2-a31d-68f148926eb5
2019-10-07 08:30:03,738 [main] INFO  impl.RoleInfo (RoleInfo.java:shutdownLeaderState(104)) - 470bbc53-1579-4bd2-a31d-68f148926eb5: shutdown LeaderState
2019-10-07 08:30:03,739 [main] INFO  impl.PendingRequests (PendingRequests.java:sendNotLeaderResponses(202)) - 470bbc53-1579-4bd2-a31d-68f148926eb5@group-A4FA8BE4B253-PendingRequests: sendNotLeaderResponses
2019-10-07 08:30:03,739 [main] INFO  impl.StateMachineUpdater (StateMachineUpdater.java:stopAndJoin(136)) - 470bbc53-1579-4bd2-a31d-68f148926eb5@group-A4FA8BE4B253-StateMachineUpdater: set stopIndex = 0
2019-10-07 08:30:03,740 [main] INFO  impl.RaftServerImpl (ServerState.java:close(387)) - 470bbc53-1579-4bd2-a31d-68f148926eb5@group-A4FA8BE4B253: closes. applyIndex: 0
2019-10-07 08:30:03,741 [470bbc53-1579-4bd2-a31d-68f148926eb5@group-A4FA8BE4B253-SegmentedRaftLogWorker] INFO  segmented.SegmentedRaftLogWorker (SegmentedRaftLogWorker.java:run(316)) - 470bbc53-1579-4bd2-a31d-68f148926eb5@group-A4FA8BE4B253-SegmentedRaftLogWorker was interrupted, exiting. There are 0 tasks remaining in the queue.
2019-10-07 08:30:03,742 [main] INFO  segmented.SegmentedRaftLogWorker (SegmentedRaftLogWorker.java:close(224)) - 470bbc53-1579-4bd2-a31d-68f148926eb5@group-A4FA8BE4B253-SegmentedRaftLogWorker close()
2019-10-07 08:30:03,743 [main] INFO  server.GrpcService (GrpcService.java:closeImpl(164)) - 470bbc53-1579-4bd2-a31d-68f148926eb5: shutdown server with port 45795 now
2019-10-07 08:30:03,746 [main] INFO  server.GrpcService (GrpcService.java:closeImpl(172)) - 470bbc53-1579-4bd2-a31d-68f148926eb5: shutdown server with port 45795 successfully
2019-10-07 08:30:03,747 [grpc-default-executor-3] WARN  server.GrpcServerProtocolService (LogUtils.java:warn(134)) - 470bbc53-1579-4bd2-a31d-68f148926eb5: installSnapshot onError, lastRequest: 48f0ddbd-ecfe-47e7-95da-5ecbab1cbdb9->470bbc53-1579-4bd2-a31d-68f148926eb5#2-t2, previous=(t:2, i:9), leaderCommit=9, initializing? false, entries: size=1, first=(t:2, i:10), METADATAENTRY(c9): org.apache.ratis.thirdparty.io.grpc.StatusRuntimeException: CANCELLED: cancelled before receiving half close
2019-10-07 08:30:03,747 [grpc-default-executor-1] WARN  server.GrpcLogAppender (LogUtils.java:warn(134)) - 48f0ddbd-ecfe-47e7-95da-5ecbab1cbdb9@group-E6DC2C34446F->470bbc53-1579-4bd2-a31d-68f148926eb5-AppendLogResponseHandler: Failed appendEntries: org.apache.ratis.thirdparty.io.grpc.StatusRuntimeException: CANCELLED: HTTP/2 error code: CANCEL
Received Rst Stream
2019-10-07 08:30:03,748 [grpc-default-executor-1] INFO  impl.FollowerInfo (FollowerInfo.java:lambda$new$0(51)) - 48f0ddbd-ecfe-47e7-95da-5ecbab1cbdb9@group-E6DC2C34446F->470bbc53-1579-4bd2-a31d-68f148926eb5: nextIndex: updateUnconditionally 11 -> 10
2019-10-07 08:30:03,748 [refreshUsed-/workdir/hadoop-ozone/integration-test/target/test-dir/MiniOzoneClusterImpl-d41106c3-64a1-4add-af3d-d5cb16e1af83/datanode-6/data/containers] WARN  fs.CachingGetSpaceUsed (CachingGetSpaceUsed.java:run(183)) - Thread Interrupted waiting to refresh disk information: sleep interrupted
2019-10-07 08:30:03,758 [ForkJoinPool.commonPool-worker-0] INFO  ozoneimpl.OzoneContainer (OzoneContainer.java:stop(227)) - Attempting to stop container services.
2019-10-07 08:30:03,759 [ForkJoinPool.commonPool-worker-0] INFO  impl.RaftServerProxy (RaftServerProxy.java:lambda$close$4(314)) - 06af8296-9e1f-4dab-9512-19c5c9938ca2: close
2019-10-07 08:30:03,759 [ForkJoinPool.commonPool-worker-0] INFO  impl.RaftServerImpl (RaftServerImpl.java:lambda$shutdown$3(247)) - 06af8296-9e1f-4dab-9512-19c5c9938ca2@group-63F3B4F3BF8D: shutdown
2019-10-07 08:30:03,759 [ForkJoinPool.commonPool-worker-0] INFO  util.JmxRegister (JmxRegister.java:unregister(73)) - Successfully un-registered JMX Bean with object name Ratis:service=RaftServer,group=group-63F3B4F3BF8D,id=06af8296-9e1f-4dab-9512-19c5c9938ca2
2019-10-07 08:30:03,759 [ForkJoinPool.commonPool-worker-0] INFO  impl.RoleInfo (RoleInfo.java:shutdownLeaderState(104)) - 06af8296-9e1f-4dab-9512-19c5c9938ca2: shutdown LeaderState
2019-10-07 08:30:03,760 [ForkJoinPool.commonPool-worker-0] INFO  impl.PendingRequests (PendingRequests.java:sendNotLeaderResponses(202)) - 06af8296-9e1f-4dab-9512-19c5c9938ca2@group-63F3B4F3BF8D-PendingRequests: sendNotLeaderResponses
2019-10-07 08:30:03,760 [ForkJoinPool.commonPool-worker-0] INFO  impl.StateMachineUpdater (StateMachineUpdater.java:stopAndJoin(136)) - 06af8296-9e1f-4dab-9512-19c5c9938ca2@group-63F3B4F3BF8D-StateMachineUpdater: set stopIndex = 0
2019-10-07 08:30:03,760 [ForkJoinPool.commonPool-worker-0] INFO  impl.RaftServerImpl (ServerState.java:close(387)) - 06af8296-9e1f-4dab-9512-19c5c9938ca2@group-63F3B4F3BF8D: closes. applyIndex: 0
2019-10-07 08:30:03,761 [06af8296-9e1f-4dab-9512-19c5c9938ca2@group-63F3B4F3BF8D-SegmentedRaftLogWorker] INFO  segmented.SegmentedRaftLogWorker (SegmentedRaftLogWorker.java:run(316)) - 06af8296-9e1f-4dab-9512-19c5c9938ca2@group-63F3B4F3BF8D-SegmentedRaftLogWorker was interrupted, exiting. There are 0 tasks remaining in the queue.
2019-10-07 08:30:03,762 [ForkJoinPool.commonPool-worker-0] INFO  segmented.SegmentedRaftLogWorker (SegmentedRaftLogWorker.java:close(224)) - 06af8296-9e1f-4dab-9512-19c5c9938ca2@group-63F3B4F3BF8D-SegmentedRaftLogWorker close()
2019-10-07 08:30:03,766 [ForkJoinPool.commonPool-worker-0] INFO  impl.RaftServerImpl (RaftServerImpl.java:lambda$shutdown$3(247)) - 06af8296-9e1f-4dab-9512-19c5c9938ca2@group-7F16216947DC: shutdown
2019-10-07 08:30:03,766 [ForkJoinPool.commonPool-worker-0] INFO  util.JmxRegister (JmxRegister.java:unregister(73)) - Successfully un-registered JMX Bean with object name Ratis:service=RaftServer,group=group-7F16216947DC,id=06af8296-9e1f-4dab-9512-19c5c9938ca2
2019-10-07 08:30:03,766 [ForkJoinPool.commonPool-worker-0] INFO  impl.RoleInfo (RoleInfo.java:shutdownFollowerState(121)) - 06af8296-9e1f-4dab-9512-19c5c9938ca2: shutdown FollowerState
2019-10-07 08:30:03,766 [ForkJoinPool.commonPool-worker-0] INFO  impl.StateMachineUpdater (StateMachineUpdater.java:stopAndJoin(136)) - 06af8296-9e1f-4dab-9512-19c5c9938ca2@group-7F16216947DC-StateMachineUpdater: set stopIndex = 0
2019-10-07 08:30:03,766 [Thread-1368] INFO  impl.FollowerState (FollowerState.java:run(117)) - 06af8296-9e1f-4dab-9512-19c5c9938ca2@group-7F16216947DC-FollowerState was interrupted: java.lang.InterruptedException: sleep interrupted
2019-10-07 08:30:03,767 [ForkJoinPool.commonPool-worker-0] INFO  impl.RaftServerImpl (ServerState.java:close(387)) - 06af8296-9e1f-4dab-9512-19c5c9938ca2@group-7F16216947DC: closes. applyIndex: 0
2019-10-07 08:30:03,770 [06af8296-9e1f-4dab-9512-19c5c9938ca2@group-7F16216947DC-SegmentedRaftLogWorker] INFO  segmented.SegmentedRaftLogWorker (SegmentedRaftLogWorker.java:run(316)) - 06af8296-9e1f-4dab-9512-19c5c9938ca2@group-7F16216947DC-SegmentedRaftLogWorker was interrupted, exiting. There are 0 tasks remaining in the queue.
2019-10-07 08:30:03,770 [ForkJoinPool.commonPool-worker-0] INFO  segmented.SegmentedRaftLogWorker (SegmentedRaftLogWorker.java:close(224)) - 06af8296-9e1f-4dab-9512-19c5c9938ca2@group-7F16216947DC-SegmentedRaftLogWorker close()
2019-10-07 08:30:03,771 [ForkJoinPool.commonPool-worker-0] INFO  server.GrpcService (GrpcService.java:closeImpl(164)) - 06af8296-9e1f-4dab-9512-19c5c9938ca2: shutdown server with port 36446 now
2019-10-07 08:30:03,771 [ForkJoinPool.commonPool-worker-0] INFO  server.GrpcService (GrpcService.java:closeImpl(172)) - 06af8296-9e1f-4dab-9512-19c5c9938ca2: shutdown server with port 36446 successfully
2019-10-07 08:30:03,776 [refreshUsed-/workdir/hadoop-ozone/integration-test/target/test-dir/MiniOzoneClusterImpl-d41106c3-64a1-4add-af3d-d5cb16e1af83/datanode-0/data/containers] WARN  fs.CachingGetSpaceUsed (CachingGetSpaceUsed.java:run(183)) - Thread Interrupted waiting to refresh disk information: sleep interrupted
2019-10-07 08:30:03,780 [main] INFO  utils.BackgroundService (BackgroundService.java:shutdown(148)) - Shutting down service BlockDeletingService
2019-10-07 08:30:03,783 [main] INFO  statemachine.DatanodeStateMachine (DatanodeStateMachine.java:stopDaemon(395)) - Ozone container server stopped.
2019-10-07 08:30:03,784 [main] INFO  handler.ContextHandler (ContextHandler.java:doStop(910)) - Stopped o.e.j.w.WebAppContext@a6c54c3{/,null,UNAVAILABLE}{/hddsDatanode}
2019-10-07 08:30:03,785 [main] INFO  server.AbstractConnector (AbstractConnector.java:doStop(318)) - Stopped ServerConnector@580fd26b{HTTP/1.1,[http/1.1]}{0.0.0.0:0}
2019-10-07 08:30:03,785 [main] INFO  handler.ContextHandler (ContextHandler.java:doStop(910)) - Stopped o.e.j.s.ServletContextHandler@67b355c8{/static,jar:file:/home/user/.m2/repository/org/apache/hadoop/hadoop-hdds-container-service/0.5.0-SNAPSHOT/hadoop-hdds-container-service-0.5.0-SNAPSHOT.jar!/webapps/static,UNAVAILABLE}
2019-10-07 08:30:03,785 [main] INFO  handler.ContextHandler (ContextHandler.java:doStop(910)) - Stopped o.e.j.s.ServletContextHandler@79f90a3a{/logs,file:///workdir/hadoop-ozone/integration-test/target/log,UNAVAILABLE}
2019-10-07 08:30:03,793 [ForkJoinPool.commonPool-worker-0] INFO  utils.BackgroundService (BackgroundService.java:shutdown(148)) - Shutting down service BlockDeletingService
2019-10-07 08:30:03,796 [ForkJoinPool.commonPool-worker-0] INFO  statemachine.DatanodeStateMachine (DatanodeStateMachine.java:stopDaemon(395)) - Ozone container server stopped.
2019-10-07 08:30:03,798 [ForkJoinPool.commonPool-worker-0] INFO  handler.ContextHandler (ContextHandler.java:doStop(910)) - Stopped o.e.j.w.WebAppContext@20eaeaf8{/,null,UNAVAILABLE}{/hddsDatanode}
2019-10-07 08:30:03,799 [ForkJoinPool.commonPool-worker-0] INFO  server.AbstractConnector (AbstractConnector.java:doStop(318)) - Stopped ServerConnector@748ac6f3{HTTP/1.1,[http/1.1]}{0.0.0.0:0}
2019-10-07 08:30:03,800 [ForkJoinPool.commonPool-worker-0] INFO  handler.ContextHandler (ContextHandler.java:doStop(910)) - Stopped o.e.j.s.ServletContextHandler@1c3259fa{/static,jar:file:/home/user/.m2/repository/org/apache/hadoop/hadoop-hdds-container-service/0.5.0-SNAPSHOT/hadoop-hdds-container-service-0.5.0-SNAPSHOT.jar!/webapps/static,UNAVAILABLE}
2019-10-07 08:30:03,801 [ForkJoinPool.commonPool-worker-0] INFO  handler.ContextHandler (ContextHandler.java:doStop(910)) - Stopped o.e.j.s.ServletContextHandler@5e99b9c{/logs,file:///workdir/hadoop-ozone/integration-test/target/log,UNAVAILABLE}
2019-10-07 08:30:04,639 [Datanode State Machine Thread - 0] INFO  statemachine.DatanodeStateMachine (DatanodeStateMachine.java:lambda$startDaemon$0(350)) - Ozone container server started.
2019-10-07 08:30:05,415 [grpc-default-executor-5] WARN  server.GrpcLogAppender (LogUtils.java:warn(134)) - 48f0ddbd-ecfe-47e7-95da-5ecbab1cbdb9@group-E6DC2C34446F->470bbc53-1579-4bd2-a31d-68f148926eb5-AppendLogResponseHandler: Failed appendEntries: org.apache.ratis.thirdparty.io.grpc.StatusRuntimeException: UNAVAILABLE: io exception
2019-10-07 08:30:05,416 [grpc-default-executor-1] WARN  server.GrpcLogAppender (LogUtils.java:warn(134)) - 48f0ddbd-ecfe-47e7-95da-5ecbab1cbdb9@group-E6DC2C34446F->146ceb2f-fc11-43ba-b6ba-1106dcb1a363-AppendLogResponseHandler: Failed appendEntries: org.apache.ratis.thirdparty.io.grpc.StatusRuntimeException: UNAVAILABLE: io exception
2019-10-07 08:30:05,416 [grpc-default-executor-5] INFO  impl.FollowerInfo (FollowerInfo.java:lambda$new$0(51)) - 48f0ddbd-ecfe-47e7-95da-5ecbab1cbdb9@group-E6DC2C34446F->470bbc53-1579-4bd2-a31d-68f148926eb5: nextIndex: updateUnconditionally 10 -> 9
2019-10-07 08:30:05,416 [grpc-default-executor-1] INFO  impl.FollowerInfo (FollowerInfo.java:lambda$new$0(51)) - 48f0ddbd-ecfe-47e7-95da-5ecbab1cbdb9@group-E6DC2C34446F->146ceb2f-fc11-43ba-b6ba-1106dcb1a363: nextIndex: updateUnconditionally 1 -> 0
2019-10-07 08:30:07,916 [grpc-default-executor-4] WARN  server.GrpcLogAppender (LogUtils.java:warn(134)) - 48f0ddbd-ecfe-47e7-95da-5ecbab1cbdb9@group-E6DC2C34446F->470bbc53-1579-4bd2-a31d-68f148926eb5-AppendLogResponseHandler: Failed appendEntries: org.apache.ratis.thirdparty.io.grpc.StatusRuntimeException: UNAVAILABLE: io exception
2019-10-07 08:30:07,916 [grpc-default-executor-3] WARN  server.GrpcLogAppender (LogUtils.java:warn(134)) - 48f0ddbd-ecfe-47e7-95da-5ecbab1cbdb9@group-E6DC2C34446F->146ceb2f-fc11-43ba-b6ba-1106dcb1a363-AppendLogResponseHandler: Failed appendEntries: org.apache.ratis.thirdparty.io.grpc.StatusRuntimeException: UNAVAILABLE: io exception
2019-10-07 08:30:07,917 [grpc-default-executor-4] INFO  impl.FollowerInfo (FollowerInfo.java:lambda$new$0(51)) - 48f0ddbd-ecfe-47e7-95da-5ecbab1cbdb9@group-E6DC2C34446F->470bbc53-1579-4bd2-a31d-68f148926eb5: nextIndex: updateUnconditionally 9 -> 8
2019-10-07 08:30:07,917 [grpc-default-executor-3] INFO  impl.FollowerInfo (FollowerInfo.java:lambda$new$0(51)) - 48f0ddbd-ecfe-47e7-95da-5ecbab1cbdb9@group-E6DC2C34446F->146ceb2f-fc11-43ba-b6ba-1106dcb1a363: nextIndex: updateUnconditionally 0 -> 0
2019-10-07 08:30:08,787 [main] INFO  ozoneimpl.OzoneContainer (OzoneContainer.java:stop(227)) - Attempting to stop container services.
2019-10-07 08:30:08,788 [main] INFO  impl.RaftServerProxy (RaftServerProxy.java:lambda$close$4(314)) - 48f0ddbd-ecfe-47e7-95da-5ecbab1cbdb9: close
2019-10-07 08:30:08,789 [main] INFO  impl.RaftServerImpl (RaftServerImpl.java:lambda$shutdown$3(247)) - 48f0ddbd-ecfe-47e7-95da-5ecbab1cbdb9@group-D6E4D0E605B8: shutdown
2019-10-07 08:30:08,789 [ForkJoinPool.commonPool-worker-1] INFO  impl.RaftServerImpl (RaftServerImpl.java:lambda$shutdown$3(247)) - 48f0ddbd-ecfe-47e7-95da-5ecbab1cbdb9@group-E6DC2C34446F: shutdown
2019-10-07 08:30:08,789 [main] INFO  util.JmxRegister (JmxRegister.java:unregister(73)) - Successfully un-registered JMX Bean with object name Ratis:service=RaftServer,group=group-D6E4D0E605B8,id=48f0ddbd-ecfe-47e7-95da-5ecbab1cbdb9
2019-10-07 08:30:08,789 [ForkJoinPool.commonPool-worker-1] INFO  util.JmxRegister (JmxRegister.java:unregister(73)) - Successfully un-registered JMX Bean with object name Ratis:service=RaftServer,group=group-E6DC2C34446F,id=48f0ddbd-ecfe-47e7-95da-5ecbab1cbdb9
2019-10-07 08:30:08,790 [main] INFO  impl.RoleInfo (RoleInfo.java:shutdownLeaderState(104)) - 48f0ddbd-ecfe-47e7-95da-5ecbab1cbdb9: shutdown LeaderState
2019-10-07 08:30:08,790 [ForkJoinPool.commonPool-worker-1] INFO  impl.RoleInfo (RoleInfo.java:shutdownLeaderState(104)) - 48f0ddbd-ecfe-47e7-95da-5ecbab1cbdb9: shutdown LeaderState
2019-10-07 08:30:08,790 [main] INFO  impl.PendingRequests (PendingRequests.java:sendNotLeaderResponses(202)) - 48f0ddbd-ecfe-47e7-95da-5ecbab1cbdb9@group-D6E4D0E605B8-PendingRequests: sendNotLeaderResponses
2019-10-07 08:30:08,793 [org.apache.ratis.server.impl.LogAppender$AppenderDaemon$$Lambda$517/1499096024@5a8ce7c9] WARN  server.GrpcLogAppender (GrpcLogAppender.java:mayWait(143)) - 48f0ddbd-ecfe-47e7-95da-5ecbab1cbdb9@group-E6DC2C34446F->146ceb2f-fc11-43ba-b6ba-1106dcb1a363-GrpcLogAppender: Wait interrupted by java.lang.InterruptedException
2019-10-07 08:30:08,793 [ForkJoinPool.commonPool-worker-1] INFO  impl.PendingRequests (PendingRequests.java:sendNotLeaderResponses(202)) - 48f0ddbd-ecfe-47e7-95da-5ecbab1cbdb9@group-E6DC2C34446F-PendingRequests: sendNotLeaderResponses
2019-10-07 08:30:08,793 [org.apache.ratis.server.impl.LogAppender$AppenderDaemon$$Lambda$517/1499096024@54482a26] WARN  server.GrpcLogAppender (GrpcLogAppender.java:mayWait(143)) - 48f0ddbd-ecfe-47e7-95da-5ecbab1cbdb9@group-E6DC2C34446F->470bbc53-1579-4bd2-a31d-68f148926eb5-GrpcLogAppender: Wait interrupted by java.lang.InterruptedException
2019-10-07 08:30:08,794 [main] INFO  impl.StateMachineUpdater (StateMachineUpdater.java:stopAndJoin(136)) - 48f0ddbd-ecfe-47e7-95da-5ecbab1cbdb9@group-D6E4D0E605B8-StateMachineUpdater: set stopIndex = 0
2019-10-07 08:30:08,794 [48f0ddbd-ecfe-47e7-95da-5ecbab1cbdb9@group-E6DC2C34446F-StateMachineUpdater] INFO  ratis.ContainerStateMachine (ContainerStateMachine.java:takeSnapshot(294)) - group-E6DC2C34446F: Taking a snapshot at:(t:1, i:5) file /workdir/hadoop-ozone/integration-test/target/test-dir/MiniOzoneClusterImpl-d41106c3-64a1-4add-af3d-d5cb16e1af83/datanode-5/data/ratis/fdfd6383-4d60-4f7b-ab0b-e6dc2c34446f/sm/snapshot.1_5
2019-10-07 08:30:08,794 [ForkJoinPool.commonPool-worker-1] INFO  impl.StateMachineUpdater (StateMachineUpdater.java:stopAndJoin(136)) - 48f0ddbd-ecfe-47e7-95da-5ecbab1cbdb9@group-E6DC2C34446F-StateMachineUpdater: set stopIndex = 10
2019-10-07 08:30:08,794 [main] INFO  impl.RaftServerImpl (ServerState.java:close(387)) - 48f0ddbd-ecfe-47e7-95da-5ecbab1cbdb9@group-D6E4D0E605B8: closes. applyIndex: 0
2019-10-07 08:30:08,795 [48f0ddbd-ecfe-47e7-95da-5ecbab1cbdb9@group-D6E4D0E605B8-SegmentedRaftLogWorker] INFO  segmented.SegmentedRaftLogWorker (SegmentedRaftLogWorker.java:run(316)) - 48f0ddbd-ecfe-47e7-95da-5ecbab1cbdb9@group-D6E4D0E605B8-SegmentedRaftLogWorker was interrupted, exiting. There are 0 tasks remaining in the queue.
2019-10-07 08:30:08,796 [main] INFO  segmented.SegmentedRaftLogWorker (SegmentedRaftLogWorker.java:close(224)) - 48f0ddbd-ecfe-47e7-95da-5ecbab1cbdb9@group-D6E4D0E605B8-SegmentedRaftLogWorker close()
2019-10-07 08:30:26,652 [48f0ddbd-ecfe-47e7-95da-5ecbab1cbdb9@group-E6DC2C34446F-StateMachineUpdater] INFO  ratis.ContainerStateMachine (ContainerStateMachine.java:takeSnapshot(305)) - group-E6DC2C34446F: Finished taking a snapshot at:(t:1, i:5) file:/workdir/hadoop-ozone/integration-test/target/test-dir/MiniOzoneClusterImpl-d41106c3-64a1-4add-af3d-d5cb16e1af83/datanode-5/data/ratis/fdfd6383-4d60-4f7b-ab0b-e6dc2c34446f/sm/snapshot.1_5 time:17857
2019-10-07 08:30:26,654 [48f0ddbd-ecfe-47e7-95da-5ecbab1cbdb9@group-E6DC2C34446F-StateMachineUpdater] INFO  impl.StateMachineUpdater (StateMachineUpdater.java:takeSnapshot(269)) - 48f0ddbd-ecfe-47e7-95da-5ecbab1cbdb9@group-E6DC2C34446F-StateMachineUpdater: Took a snapshot at index 5
2019-10-07 08:30:26,654 [48f0ddbd-ecfe-47e7-95da-5ecbab1cbdb9@group-E6DC2C34446F-StateMachineUpdater] INFO  impl.StateMachineUpdater (StateMachineUpdater.java:lambda$new$0(84)) - 48f0ddbd-ecfe-47e7-95da-5ecbab1cbdb9@group-E6DC2C34446F-StateMachineUpdater: snapshotIndex: updateIncreasingly -1 -> 5
2019-10-07 08:30:26,655 [48f0ddbd-ecfe-47e7-95da-5ecbab1cbdb9@group-E6DC2C34446F-StateMachineUpdater] INFO  ratis.ContainerStateMachine (ContainerStateMachine.java:takeSnapshot(294)) - group-E6DC2C34446F: Taking a snapshot at:(t:1, i:5) file /workdir/hadoop-ozone/integration-test/target/test-dir/MiniOzoneClusterImpl-d41106c3-64a1-4add-af3d-d5cb16e1af83/datanode-5/data/ratis/fdfd6383-4d60-4f7b-ab0b-e6dc2c34446f/sm/snapshot.1_5
2019-10-07 08:30:26,668 [48f0ddbd-ecfe-47e7-95da-5ecbab1cbdb9@group-E6DC2C34446F-StateMachineUpdater] INFO  ratis.ContainerStateMachine (ContainerStateMachine.java:takeSnapshot(305)) - group-E6DC2C34446F: Finished taking a snapshot at:(t:1, i:5) file:/workdir/hadoop-ozone/integration-test/target/test-dir/MiniOzoneClusterImpl-d41106c3-64a1-4add-af3d-d5cb16e1af83/datanode-5/data/ratis/fdfd6383-4d60-4f7b-ab0b-e6dc2c34446f/sm/snapshot.1_5 time:13
2019-10-07 08:30:26,668 [48f0ddbd-ecfe-47e7-95da-5ecbab1cbdb9@group-E6DC2C34446F-StateMachineUpdater] INFO  impl.StateMachineUpdater (StateMachineUpdater.java:takeSnapshot(269)) - 48f0ddbd-ecfe-47e7-95da-5ecbab1cbdb9@group-E6DC2C34446F-StateMachineUpdater: Took a snapshot at index 5
2019-10-07 08:30:26,669 [48f0ddbd-ecfe-47e7-95da-5ecbab1cbdb9@group-E6DC2C34446F-StateMachineUpdater] INFO  impl.StateMachineUpdater (StateMachineUpdater.java:lambda$new$0(84)) - 48f0ddbd-ecfe-47e7-95da-5ecbab1cbdb9@group-E6DC2C34446F-StateMachineUpdater: snapshotIndex: updateIncreasingly 5 -> 5
2019-10-07 08:30:26,670 [ForkJoinPool.commonPool-worker-1] INFO  impl.RaftServerImpl (ServerState.java:close(387)) - 48f0ddbd-ecfe-47e7-95da-5ecbab1cbdb9@group-E6DC2C34446F: closes. applyIndex: 10
2019-10-07 08:30:26,671 [48f0ddbd-ecfe-47e7-95da-5ecbab1cbdb9@group-E6DC2C34446F-SegmentedRaftLogWorker] INFO  segmented.SegmentedRaftLogWorker (SegmentedRaftLogWorker.java:run(316)) - 48f0ddbd-ecfe-47e7-95da-5ecbab1cbdb9@group-E6DC2C34446F-SegmentedRaftLogWorker was interrupted, exiting. There are 0 tasks remaining in the queue.
2019-10-07 08:30:26,672 [ForkJoinPool.commonPool-worker-1] INFO  segmented.SegmentedRaftLogWorker (SegmentedRaftLogWorker.java:close(224)) - 48f0ddbd-ecfe-47e7-95da-5ecbab1cbdb9@group-E6DC2C34446F-SegmentedRaftLogWorker close()
2019-10-07 08:30:26,673 [main] INFO  server.GrpcService (GrpcService.java:closeImpl(164)) - 48f0ddbd-ecfe-47e7-95da-5ecbab1cbdb9: shutdown server with port 45044 now
2019-10-07 08:30:26,675 [main] INFO  server.GrpcService (GrpcService.java:closeImpl(172)) - 48f0ddbd-ecfe-47e7-95da-5ecbab1cbdb9: shutdown server with port 45044 successfully
2019-10-07 08:30:26,678 [refreshUsed-/workdir/hadoop-ozone/integration-test/target/test-dir/MiniOzoneClusterImpl-d41106c3-64a1-4add-af3d-d5cb16e1af83/datanode-5/data/containers] WARN  fs.CachingGetSpaceUsed (CachingGetSpaceUsed.java:run(183)) - Thread Interrupted waiting to refresh disk information: sleep interrupted
2019-10-07 08:30:26,698 [main] INFO  utils.BackgroundService (BackgroundService.java:shutdown(148)) - Shutting down service BlockDeletingService
2019-10-07 08:30:26,702 [main] INFO  statemachine.DatanodeStateMachine (DatanodeStateMachine.java:stopDaemon(395)) - Ozone container server stopped.
2019-10-07 08:30:26,704 [main] INFO  handler.ContextHandler (ContextHandler.java:doStop(910)) - Stopped o.e.j.w.WebAppContext@16a2ed51{/,null,UNAVAILABLE}{/hddsDatanode}
2019-10-07 08:30:26,705 [main] INFO  server.AbstractConnector (AbstractConnector.java:doStop(318)) - Stopped ServerConnector@3b332962{HTTP/1.1,[http/1.1]}{0.0.0.0:0}
2019-10-07 08:30:26,705 [main] INFO  handler.ContextHandler (ContextHandler.java:doStop(910)) - Stopped o.e.j.s.ServletContextHandler@310ed6b4{/static,jar:file:/home/user/.m2/repository/org/apache/hadoop/hadoop-hdds-container-service/0.5.0-SNAPSHOT/hadoop-hdds-container-service-0.5.0-SNAPSHOT.jar!/webapps/static,UNAVAILABLE}
2019-10-07 08:30:26,706 [main] INFO  handler.ContextHandler (ContextHandler.java:doStop(910)) - Stopped o.e.j.s.ServletContextHandler@3a17b2e3{/logs,file:///workdir/hadoop-ozone/integration-test/target/log,UNAVAILABLE}
2019-10-07 08:30:26,707 [main] INFO  ozone.MiniOzoneClusterImpl (MiniOzoneClusterImpl.java:stopSCM(392)) - Stopping the StorageContainerManager
2019-10-07 08:30:26,707 [main] INFO  server.StorageContainerManager (StorageContainerManager.java:stop(808)) - Stopping Replication Manager Service.
2019-10-07 08:30:26,707 [main] INFO  container.ReplicationManager (ReplicationManager.java:stop(203)) - Stopping Replication Monitor Thread.
2019-10-07 08:30:26,707 [main] INFO  server.StorageContainerManager (StorageContainerManager.java:stop(815)) - Stopping Lease Manager of the command watchers
2019-10-07 08:30:26,708 [main] INFO  server.StorageContainerManager (StorageContainerManager.java:stop(822)) - Stopping datanode service RPC server
2019-10-07 08:30:26,708 [main] INFO  server.SCMDatanodeProtocolServer (SCMDatanodeProtocolServer.java:stop(346)) - Stopping the RPC server for DataNodes
2019-10-07 08:30:26,708 [main] INFO  ipc.Server (Server.java:stop(3082)) - Stopping server on 45755
2019-10-07 08:30:26,710 [IPC Server listener on 45755] INFO  ipc.Server (Server.java:run(1185)) - Stopping IPC Server listener on 45755
2019-10-07 08:30:26,710 [IPC Server Responder] INFO  ipc.Server (Server.java:run(1319)) - Stopping IPC Server Responder
2019-10-07 08:30:26,780 [SCM Heartbeat Processing Thread - 0] WARN  node.NodeStateManager (NodeStateManager.java:scheduleNextHealthCheck(646)) - Current Thread is interrupted, shutting down HB processing thread for Node Manager.
2019-10-07 08:30:26,780 [main] INFO  server.StorageContainerManager (StorageContainerManager.java:stop(830)) - Stopping block service RPC server
2019-10-07 08:30:26,780 [main] INFO  server.SCMBlockProtocolServer (SCMBlockProtocolServer.java:stop(155)) - Stopping the RPC server for Block Protocol
2019-10-07 08:30:26,780 [main] INFO  ipc.Server (Server.java:stop(3082)) - Stopping server on 46006
2019-10-07 08:30:26,783 [IPC Server listener on 46006] INFO  ipc.Server (Server.java:run(1185)) - Stopping IPC Server listener on 46006
2019-10-07 08:30:26,783 [main] INFO  server.StorageContainerManager (StorageContainerManager.java:stop(837)) - Stopping the StorageContainerLocationProtocol RPC server
2019-10-07 08:30:26,783 [IPC Server Responder] INFO  ipc.Server (Server.java:run(1319)) - Stopping IPC Server Responder
2019-10-07 08:30:26,783 [main] INFO  server.SCMClientProtocolServer (SCMClientProtocolServer.java:stop(168)) - Stopping the RPC server for Client Protocol
2019-10-07 08:30:26,783 [main] INFO  ipc.Server (Server.java:stop(3082)) - Stopping server on 34238
2019-10-07 08:30:26,786 [IPC Server listener on 34238] INFO  ipc.Server (Server.java:run(1185)) - Stopping IPC Server listener on 34238
2019-10-07 08:30:26,786 [IPC Server Responder] INFO  ipc.Server (Server.java:run(1319)) - Stopping IPC Server Responder
2019-10-07 08:30:26,786 [main] INFO  server.StorageContainerManager (StorageContainerManager.java:stop(844)) - Stopping Storage Container Manager HTTP server.
2019-10-07 08:30:26,787 [main] INFO  handler.ContextHandler (ContextHandler.java:doStop(910)) - Stopped o.e.j.w.WebAppContext@7ed3df3b{/,null,UNAVAILABLE}{/scm}
2019-10-07 08:30:26,788 [main] INFO  server.AbstractConnector (AbstractConnector.java:doStop(318)) - Stopped ServerConnector@465b38e6{HTTP/1.1,[http/1.1]}{0.0.0.0:0}
2019-10-07 08:30:26,788 [main] INFO  handler.ContextHandler (ContextHandler.java:doStop(910)) - Stopped o.e.j.s.ServletContextHandler@27df95e{/static,file:///workdir/hadoop-ozone/integration-test/target/test-classes/webapps/static,UNAVAILABLE}
2019-10-07 08:30:26,788 [main] INFO  handler.ContextHandler (ContextHandler.java:doStop(910)) - Stopped o.e.j.s.ServletContextHandler@1756f7cc{/logs,file:///workdir/hadoop-ozone/integration-test/target/log,UNAVAILABLE}
2019-10-07 08:30:26,789 [main] INFO  server.StorageContainerManager (StorageContainerManager.java:stop(855)) - Stopping Block Manager Service.
2019-10-07 08:30:26,789 [main] INFO  utils.BackgroundService (BackgroundService.java:shutdown(148)) - Shutting down service SCMBlockDeletingService
2019-10-07 08:30:26,789 [main] INFO  utils.BackgroundService (BackgroundService.java:shutdown(148)) - Shutting down service SCMBlockDeletingService
2019-10-07 08:30:26,790 [main] INFO  server.StorageContainerManager (StorageContainerManager.java:stop(877)) - Stopping SCM Event Queue.
2019-10-07 08:30:26,793 [main] INFO  impl.MetricsSystemImpl (MetricsSystemImpl.java:stop(210)) - Stopping HddsDatanode metrics system...
2019-10-07 08:30:26,806 [main] INFO  impl.MetricsSystemImpl (MetricsSystemImpl.java:stop(216)) - HddsDatanode metrics system stopped.
]]></system-out>
    <system-err><![CDATA[Oct 07, 2019 8:30:03 AM org.apache.ratis.thirdparty.io.grpc.internal.SerializingExecutor run
SEVERE: Exception while executing runnable org.apache.ratis.thirdparty.io.grpc.internal.ServerImpl$JumpToApplicationThreadServerStreamListener$1Closed@a57e52
org.apache.ratis.thirdparty.io.grpc.StatusRuntimeException: CANCELLED: call already cancelled
	at org.apache.ratis.thirdparty.io.grpc.Status.asRuntimeException(Status.java:517)
	at org.apache.ratis.thirdparty.io.grpc.stub.ServerCalls$ServerCallStreamObserverImpl.onCompleted(ServerCalls.java:356)
	at org.apache.ratis.grpc.server.GrpcServerProtocolService$ServerRequestStreamObserver.onError(GrpcServerProtocolService.java:121)
	at org.apache.ratis.thirdparty.io.grpc.stub.ServerCalls$StreamingServerCallHandler$StreamingServerCallListener.onCancel(ServerCalls.java:269)
	at org.apache.ratis.thirdparty.io.grpc.internal.ServerCallImpl$ServerStreamListenerImpl.closed(ServerCallImpl.java:293)
	at org.apache.ratis.thirdparty.io.grpc.internal.ServerImpl$JumpToApplicationThreadServerStreamListener$1Closed.runInContext(ServerImpl.java:741)
	at org.apache.ratis.thirdparty.io.grpc.internal.ContextRunnable.run(ContextRunnable.java:37)
	at org.apache.ratis.thirdparty.io.grpc.internal.SerializingExecutor.run(SerializingExecutor.java:123)
	at java.util.concurrent.ThreadPoolExecutor.runWorker(ThreadPoolExecutor.java:1149)
	at java.util.concurrent.ThreadPoolExecutor$Worker.run(ThreadPoolExecutor.java:624)
	at java.lang.Thread.run(Thread.java:748)

]]></system-err>
  </testcase>
</testsuite>