<?xml version="1.0" encoding="UTF-8"?>
<testsuite xmlns:xsi="http://www.w3.org/2001/XMLSchema-instance" xsi:noNamespaceSchemaLocation="https://maven.apache.org/surefire/maven-surefire-plugin/xsd/surefire-test-report.xsd" name="org.apache.hadoop.ozone.client.rpc.TestBlockOutputStreamWithFailures" time="719.563" tests="8" errors="0" skipped="0" failures="1">
  <properties>
    <property name="awt.toolkit" value="sun.awt.X11.XToolkit"/>
    <property name="file.encoding.pkg" value="sun.io"/>
    <property name="java.specification.version" value="1.8"/>
    <property name="sun.cpu.isalist" value=""/>
    <property name="sun.jnu.encoding" value="UTF-8"/>
    <property name="java.class.path" value="/workdir/hadoop-ozone/integration-test/target/test-classes:/workdir/hadoop-ozone/integration-test/target/classes:/home/user/.m2/repository/org/apache/hadoop/hadoop-ozone-common/0.5.0-SNAPSHOT/hadoop-ozone-common-0.5.0-SNAPSHOT.jar:/home/user/.m2/repository/org/apache/commons/commons-compress/1.4.1/commons-compress-1.4.1.jar:/home/user/.m2/repository/org/tukaani/xz/1.0/xz-1.0.jar:/home/user/.m2/repository/org/apache/hadoop/hadoop-common/3.2.0/hadoop-common-3.2.0.jar:/home/user/.m2/repository/org/apache/hadoop/hadoop-hdfs/3.2.0/hadoop-hdfs-3.2.0.jar:/home/user/.m2/repository/org/apache/hadoop/hadoop-hdfs-client/3.2.0/hadoop-hdfs-client-3.2.0.jar:/home/user/.m2/repository/com/fasterxml/jackson/core/jackson-annotations/2.9.9/jackson-annotations-2.9.9.jar:/home/user/.m2/repository/org/apache/hadoop/hadoop-hdds-common/0.5.0-SNAPSHOT/hadoop-hdds-common-0.5.0-SNAPSHOT.jar:/home/user/.m2/repository/javax/annotation/javax.annotation-api/1.2/javax.annotation-api-1.2.jar:/home/user/.m2/repository/org/apache/ratis/ratis-server/0.5.0-201fc85-SNAPSHOT/ratis-server-0.5.0-201fc85-SNAPSHOT.jar:/home/user/.m2/repository/org/apache/ratis/ratis-thirdparty-misc/0.2.0/ratis-thirdparty-misc-0.2.0.jar:/home/user/.m2/repository/org/apache/ratis/ratis-proto/0.5.0-201fc85-SNAPSHOT/ratis-proto-0.5.0-201fc85-SNAPSHOT.jar:/home/user/.m2/repository/org/apache/ratis/ratis-common/0.5.0-201fc85-SNAPSHOT/ratis-common-0.5.0-201fc85-SNAPSHOT.jar:/home/user/.m2/repository/org/apache/ratis/ratis-client/0.5.0-201fc85-SNAPSHOT/ratis-client-0.5.0-201fc85-SNAPSHOT.jar:/home/user/.m2/repository/org/apache/ratis/ratis-metrics/0.5.0-201fc85-SNAPSHOT/ratis-metrics-0.5.0-201fc85-SNAPSHOT.jar:/home/user/.m2/repository/com/github/joshelser/dropwizard-metrics-hadoop-metrics2-reporter/0.1.2/dropwizard-metrics-hadoop-metrics2-reporter-0.1.2.jar:/home/user/.m2/repository/io/dropwizard/metrics/metrics-jvm/3.2.5/metrics-jvm-3.2.5.jar:/home/user/.m2/repository/io/dropwizard/metrics/metrics-ganglia/3.2.5/metrics-ganglia-3.2.5.jar:/home/user/.m2/repository/info/ganglia/gmetric4j/gmetric4j/1.0.7/gmetric4j-1.0.7.jar:/home/user/.m2/repository/org/apache/ratis/ratis-netty/0.5.0-201fc85-SNAPSHOT/ratis-netty-0.5.0-201fc85-SNAPSHOT.jar:/home/user/.m2/repository/org/apache/ratis/ratis-grpc/0.5.0-201fc85-SNAPSHOT/ratis-grpc-0.5.0-201fc85-SNAPSHOT.jar:/home/user/.m2/repository/org/rocksdb/rocksdbjni/6.0.1/rocksdbjni-6.0.1.jar:/home/user/.m2/repository/org/apache/logging/log4j/log4j-api/2.11.0/log4j-api-2.11.0.jar:/home/user/.m2/repository/org/apache/logging/log4j/log4j-core/2.11.0/log4j-core-2.11.0.jar:/home/user/.m2/repository/com/lmax/disruptor/3.4.2/disruptor-3.4.2.jar:/home/user/.m2/repository/org/apache/commons/commons-pool2/2.6.0/commons-pool2-2.6.0.jar:/home/user/.m2/repository/org/bouncycastle/bcpkix-jdk15on/1.60/bcpkix-jdk15on-1.60.jar:/home/user/.m2/repository/commons-validator/commons-validator/1.6/commons-validator-1.6.jar:/home/user/.m2/repository/commons-digester/commons-digester/1.8.1/commons-digester-1.8.1.jar:/home/user/.m2/repository/io/jaegertracing/jaeger-client/0.34.0/jaeger-client-0.34.0.jar:/home/user/.m2/repository/io/jaegertracing/jaeger-thrift/0.34.0/jaeger-thrift-0.34.0.jar:/home/user/.m2/repository/org/apache/thrift/libthrift/0.12.0/libthrift-0.12.0.jar:/home/user/.m2/repository/com/squareup/okhttp3/okhttp/3.9.0/okhttp-3.9.0.jar:/home/user/.m2/repository/com/squareup/okio/okio/1.13.0/okio-1.13.0.jar:/home/user/.m2/repository/io/jaegertracing/jaeger-core/0.34.0/jaeger-core-0.34.0.jar:/home/user/.m2/repository/io/jaegertracing/jaeger-tracerresolver/0.34.0/jaeger-tracerresolver-0.34.0.jar:/home/user/.m2/repository/io/opentracing/contrib/opentracing-tracerresolver/0.1.5/opentracing-tracerresolver-0.1.5.jar:/home/user/.m2/repository/io/opentracing/opentracing-util/0.31.0/opentracing-util-0.31.0.jar:/home/user/.m2/repository/io/opentracing/opentracing-api/0.31.0/opentracing-api-0.31.0.jar:/home/user/.m2/repository/io/opentracing/opentracing-noop/0.31.0/opentracing-noop-0.31.0.jar:/home/user/.m2/repository/org/apache/hadoop/hadoop-hdds-server-framework/0.5.0-SNAPSHOT/hadoop-hdds-server-framework-0.5.0-SNAPSHOT.jar:/home/user/.m2/repository/org/apache/hadoop/hadoop-hdds-container-service/0.5.0-SNAPSHOT/hadoop-hdds-container-service-0.5.0-SNAPSHOT.jar:/home/user/.m2/repository/org/apache/hadoop/hadoop-hdds-client/0.5.0-SNAPSHOT/hadoop-hdds-client-0.5.0-SNAPSHOT.jar:/home/user/.m2/repository/org/apache/hadoop/hadoop-hdds-tools/0.5.0-SNAPSHOT/hadoop-hdds-tools-0.5.0-SNAPSHOT.jar:/home/user/.m2/repository/org/apache/hadoop/hadoop-hdds-server-scm/0.5.0-SNAPSHOT/hadoop-hdds-server-scm-0.5.0-SNAPSHOT.jar:/home/user/.m2/repository/org/apache/hadoop/hadoop-hdds-docs/0.5.0-SNAPSHOT/hadoop-hdds-docs-0.5.0-SNAPSHOT.jar:/home/user/.m2/repository/io/dropwizard/metrics/metrics-core/3.2.4/metrics-core-3.2.4.jar:/home/user/.m2/repository/org/hamcrest/hamcrest-all/1.3/hamcrest-all-1.3.jar:/home/user/.m2/repository/org/bouncycastle/bcprov-jdk15on/1.60/bcprov-jdk15on-1.60.jar:/home/user/.m2/repository/info/picocli/picocli/3.9.6/picocli-3.9.6.jar:/home/user/.m2/repository/com/google/protobuf/protobuf-java/2.5.0/protobuf-java-2.5.0.jar:/home/user/.m2/repository/com/google/guava/guava/11.0.2/guava-11.0.2.jar:/home/user/.m2/repository/org/apache/hadoop/hadoop-ozone-ozone-manager/0.5.0-SNAPSHOT/hadoop-ozone-ozone-manager-0.5.0-SNAPSHOT.jar:/home/user/.m2/repository/org/apache/hadoop/hadoop-minikdc/3.2.0/hadoop-minikdc-3.2.0.jar:/home/user/.m2/repository/commons-io/commons-io/2.5/commons-io-2.5.jar:/home/user/.m2/repository/org/apache/kerby/kerb-simplekdc/1.0.1/kerb-simplekdc-1.0.1.jar:/home/user/.m2/repository/org/apache/kerby/kerb-client/1.0.1/kerb-client-1.0.1.jar:/home/user/.m2/repository/org/apache/kerby/kerby-config/1.0.1/kerby-config-1.0.1.jar:/home/user/.m2/repository/org/apache/kerby/kerb-core/1.0.1/kerb-core-1.0.1.jar:/home/user/.m2/repository/org/apache/kerby/kerby-pkix/1.0.1/kerby-pkix-1.0.1.jar:/home/user/.m2/repository/org/apache/kerby/kerby-asn1/1.0.1/kerby-asn1-1.0.1.jar:/home/user/.m2/repository/org/apache/kerby/kerby-util/1.0.1/kerby-util-1.0.1.jar:/home/user/.m2/repository/org/apache/kerby/kerb-common/1.0.1/kerb-common-1.0.1.jar:/home/user/.m2/repository/org/apache/kerby/kerb-crypto/1.0.1/kerb-crypto-1.0.1.jar:/home/user/.m2/repository/org/apache/kerby/kerb-util/1.0.1/kerb-util-1.0.1.jar:/home/user/.m2/repository/org/apache/kerby/token-provider/1.0.1/token-provider-1.0.1.jar:/home/user/.m2/repository/org/apache/kerby/kerb-admin/1.0.1/kerb-admin-1.0.1.jar:/home/user/.m2/repository/org/apache/kerby/kerb-server/1.0.1/kerb-server-1.0.1.jar:/home/user/.m2/repository/org/apache/kerby/kerb-identity/1.0.1/kerb-identity-1.0.1.jar:/home/user/.m2/repository/org/apache/kerby/kerby-xdr/1.0.1/kerby-xdr-1.0.1.jar:/home/user/.m2/repository/org/slf4j/slf4j-log4j12/1.7.25/slf4j-log4j12-1.7.25.jar:/home/user/.m2/repository/org/apache/hadoop/hadoop-ozone-s3gateway/0.5.0-SNAPSHOT/hadoop-ozone-s3gateway-0.5.0-SNAPSHOT.jar:/home/user/.m2/repository/org/jboss/weld/servlet/weld-servlet/2.4.7.Final/weld-servlet-2.4.7.Final.jar:/home/user/.m2/repository/org/glassfish/jersey/containers/jersey-container-servlet-core/2.27/jersey-container-servlet-core-2.27.jar:/home/user/.m2/repository/org/glassfish/hk2/external/javax.inject/2.5.0-b42/javax.inject-2.5.0-b42.jar:/home/user/.m2/repository/org/glassfish/jersey/core/jersey-common/2.27/jersey-common-2.27.jar:/home/user/.m2/repository/org/glassfish/hk2/osgi-resource-locator/1.0.1/osgi-resource-locator-1.0.1.jar:/home/user/.m2/repository/javax/ws/rs/javax.ws.rs-api/2.1/javax.ws.rs-api-2.1.jar:/home/user/.m2/repository/org/glassfish/jersey/ext/cdi/jersey-cdi1x/2.27/jersey-cdi1x-2.27.jar:/home/user/.m2/repository/org/glassfish/jersey/inject/jersey-hk2/2.27/jersey-hk2-2.27.jar:/home/user/.m2/repository/org/glassfish/hk2/hk2-locator/2.5.0-b42/hk2-locator-2.5.0-b42.jar:/home/user/.m2/repository/org/javassist/javassist/3.22.0-CR2/javassist-3.22.0-CR2.jar:/home/user/.m2/repository/org/glassfish/hk2/hk2-api/2.5.0/hk2-api-2.5.0.jar:/home/user/.m2/repository/org/glassfish/hk2/external/jakarta.inject/2.5.0/jakarta.inject-2.5.0.jar:/home/user/.m2/repository/org/glassfish/hk2/hk2-utils/2.5.0/hk2-utils-2.5.0.jar:/home/user/.m2/repository/jakarta/annotation/jakarta.annotation-api/1.3.4/jakarta.annotation-api-1.3.4.jar:/home/user/.m2/repository/org/glassfish/hk2/external/aopalliance-repackaged/2.5.0/aopalliance-repackaged-2.5.0.jar:/home/user/.m2/repository/com/fasterxml/jackson/dataformat/jackson-dataformat-xml/2.9.0/jackson-dataformat-xml-2.9.0.jar:/home/user/.m2/repository/com/fasterxml/jackson/core/jackson-core/2.9.9/jackson-core-2.9.9.jar:/home/user/.m2/repository/com/fasterxml/jackson/module/jackson-module-jaxb-annotations/2.9.9/jackson-module-jaxb-annotations-2.9.9.jar:/home/user/.m2/repository/javax/enterprise/cdi-api/1.2/cdi-api-1.2.jar:/home/user/.m2/repository/javax/el/javax.el-api/3.0.0/javax.el-api-3.0.0.jar:/home/user/.m2/repository/javax/interceptor/javax.interceptor-api/1.2/javax.interceptor-api-1.2.jar:/home/user/.m2/repository/javax/inject/javax.inject/1/javax.inject-1.jar:/home/user/.m2/repository/com/sun/xml/bind/jaxb-impl/2.3.0.1/jaxb-impl-2.3.0.1.jar:/home/user/.m2/repository/com/sun/xml/bind/jaxb-core/2.3.0.1/jaxb-core-2.3.0.1.jar:/home/user/.m2/repository/javax/xml/bind/jaxb-api/2.3.0/jaxb-api-2.3.0.jar:/home/user/.m2/repository/javax/activation/activation/1.1.1/activation-1.1.1.jar:/home/user/.m2/repository/org/apache/hadoop/hadoop-ozone-csi/0.5.0-SNAPSHOT/hadoop-ozone-csi-0.5.0-SNAPSHOT.jar:/home/user/.m2/repository/com/google/protobuf/protobuf-java-util/3.5.1/protobuf-java-util-3.5.1.jar:/home/user/.m2/repository/org/apache/hadoop/hadoop-hdds-config/0.5.0-SNAPSHOT/hadoop-hdds-config-0.5.0-SNAPSHOT.jar:/home/user/.m2/repository/io/grpc/grpc-netty/1.17.1/grpc-netty-1.17.1.jar:/home/user/.m2/repository/io/grpc/grpc-core/1.17.1/grpc-core-1.17.1.jar:/home/user/.m2/repository/io/grpc/grpc-context/1.17.1/grpc-context-1.17.1.jar:/home/user/.m2/repository/com/google/errorprone/error_prone_annotations/2.2.0/error_prone_annotations-2.2.0.jar:/home/user/.m2/repository/org/codehaus/mojo/animal-sniffer-annotations/1.17/animal-sniffer-annotations-1.17.jar:/home/user/.m2/repository/io/opencensus/opencensus-api/0.17.0/opencensus-api-0.17.0.jar:/home/user/.m2/repository/io/opencensus/opencensus-contrib-grpc-metrics/0.17.0/opencensus-contrib-grpc-metrics-0.17.0.jar:/home/user/.m2/repository/io/netty/netty-codec-http2/4.1.30.Final/netty-codec-http2-4.1.30.Final.jar:/home/user/.m2/repository/io/netty/netty-codec-http/4.1.30.Final/netty-codec-http-4.1.30.Final.jar:/home/user/.m2/repository/io/netty/netty-codec/4.1.30.Final/netty-codec-4.1.30.Final.jar:/home/user/.m2/repository/io/netty/netty-handler/4.1.30.Final/netty-handler-4.1.30.Final.jar:/home/user/.m2/repository/io/netty/netty-handler-proxy/4.1.30.Final/netty-handler-proxy-4.1.30.Final.jar:/home/user/.m2/repository/io/netty/netty-codec-socks/4.1.30.Final/netty-codec-socks-4.1.30.Final.jar:/home/user/.m2/repository/io/netty/netty-transport-native-epoll/4.1.30.Final/netty-transport-native-epoll-4.1.30.Final.jar:/home/user/.m2/repository/io/netty/netty-common/4.1.30.Final/netty-common-4.1.30.Final.jar:/home/user/.m2/repository/io/netty/netty-buffer/4.1.30.Final/netty-buffer-4.1.30.Final.jar:/home/user/.m2/repository/io/netty/netty-transport/4.1.30.Final/netty-transport-4.1.30.Final.jar:/home/user/.m2/repository/io/netty/netty-resolver/4.1.30.Final/netty-resolver-4.1.30.Final.jar:/home/user/.m2/repository/io/netty/netty-transport-native-unix-common/4.1.30.Final/netty-transport-native-unix-common-4.1.30.Final.jar:/home/user/.m2/repository/io/grpc/grpc-protobuf/1.17.1/grpc-protobuf-1.17.1.jar:/home/user/.m2/repository/com/google/api/grpc/proto-google-common-protos/1.0.0/proto-google-common-protos-1.0.0.jar:/home/user/.m2/repository/io/grpc/grpc-protobuf-lite/1.17.1/grpc-protobuf-lite-1.17.1.jar:/home/user/.m2/repository/io/grpc/grpc-stub/1.17.1/grpc-stub-1.17.1.jar:/home/user/.m2/repository/org/apache/hadoop/hadoop-ozone-recon/0.5.0-SNAPSHOT/hadoop-ozone-recon-0.5.0-SNAPSHOT.jar:/home/user/.m2/repository/org/apache/hadoop/hadoop-ozone-reconcodegen/0.5.0-SNAPSHOT/hadoop-ozone-reconcodegen-0.5.0-SNAPSHOT.jar:/home/user/.m2/repository/com/google/inject/extensions/guice-multibindings/4.0/guice-multibindings-4.0.jar:/home/user/.m2/repository/com/google/inject/guice/4.0/guice-4.0.jar:/home/user/.m2/repository/aopalliance/aopalliance/1.0/aopalliance-1.0.jar:/home/user/.m2/repository/com/google/inject/extensions/guice-servlet/4.0/guice-servlet-4.0.jar:/home/user/.m2/repository/org/glassfish/jersey/containers/jersey-container-servlet/2.27/jersey-container-servlet-2.27.jar:/home/user/.m2/repository/org/glassfish/hk2/guice-bridge/2.5.0/guice-bridge-2.5.0.jar:/home/user/.m2/repository/org/glassfish/jersey/core/jersey-server/2.27/jersey-server-2.27.jar:/home/user/.m2/repository/org/glassfish/jersey/core/jersey-client/2.27/jersey-client-2.27.jar:/home/user/.m2/repository/org/glassfish/jersey/media/jersey-media-jaxb/2.27/jersey-media-jaxb-2.27.jar:/home/user/.m2/repository/javax/validation/validation-api/1.1.0.Final/validation-api-1.1.0.Final.jar:/home/user/.m2/repository/org/glassfish/jersey/media/jersey-media-json-jackson/2.27/jersey-media-json-jackson-2.27.jar:/home/user/.m2/repository/org/glassfish/jersey/ext/jersey-entity-filtering/2.27/jersey-entity-filtering-2.27.jar:/home/user/.m2/repository/com/google/inject/extensions/guice-assistedinject/4.0/guice-assistedinject-4.0.jar:/home/user/.m2/repository/org/jooq/jooq/3.11.10/jooq-3.11.10.jar:/home/user/.m2/repository/org/jooq/jooq-meta/3.11.10/jooq-meta-3.11.10.jar:/home/user/.m2/repository/org/jooq/jooq-codegen/3.11.10/jooq-codegen-3.11.10.jar:/home/user/.m2/repository/com/jolbox/bonecp/0.8.0.RELEASE/bonecp-0.8.0.RELEASE.jar:/home/user/.m2/repository/org/xerial/sqlite-jdbc/3.25.2/sqlite-jdbc-3.25.2.jar:/home/user/.m2/repository/org/springframework/spring-jdbc/5.1.3.RELEASE/spring-jdbc-5.1.3.RELEASE.jar:/home/user/.m2/repository/org/springframework/spring-beans/5.1.3.RELEASE/spring-beans-5.1.3.RELEASE.jar:/home/user/.m2/repository/org/springframework/spring-core/5.1.3.RELEASE/spring-core-5.1.3.RELEASE.jar:/home/user/.m2/repository/org/springframework/spring-jcl/5.1.3.RELEASE/spring-jcl-5.1.3.RELEASE.jar:/home/user/.m2/repository/org/springframework/spring-tx/5.1.3.RELEASE/spring-tx-5.1.3.RELEASE.jar:/home/user/.m2/repository/org/apache/hadoop/hadoop-ozone-client/0.5.0-SNAPSHOT/hadoop-ozone-client-0.5.0-SNAPSHOT.jar:/home/user/.m2/repository/commons-lang/commons-lang/2.6/commons-lang-2.6.jar:/home/user/.m2/repository/org/apache/hadoop/hadoop-ozone-ozone-manager/0.5.0-SNAPSHOT/hadoop-ozone-ozone-manager-0.5.0-SNAPSHOT-tests.jar:/home/user/.m2/repository/junit/junit/4.11/junit-4.11.jar:/home/user/.m2/repository/org/hamcrest/hamcrest-core/1.3/hamcrest-core-1.3.jar:/home/user/.m2/repository/org/openjdk/jmh/jmh-core/1.19/jmh-core-1.19.jar:/home/user/.m2/repository/net/sf/jopt-simple/jopt-simple/4.6/jopt-simple-4.6.jar:/home/user/.m2/repository/org/apache/commons/commons-math3/3.1.1/commons-math3-3.1.1.jar:/home/user/.m2/repository/org/openjdk/jmh/jmh-generator-annprocess/1.19/jmh-generator-annprocess-1.19.jar:/home/user/.m2/repository/org/mockito/mockito-all/1.8.5/mockito-all-1.8.5.jar:/home/user/.m2/repository/org/apache/hadoop/hadoop-kms/3.2.0/hadoop-kms-3.2.0.jar:/home/user/.m2/repository/org/apache/hadoop/hadoop-auth/3.2.0/hadoop-auth-3.2.0.jar:/home/user/.m2/repository/com/nimbusds/nimbus-jose-jwt/4.41.1/nimbus-jose-jwt-4.41.1.jar:/home/user/.m2/repository/com/github/stephenc/jcip/jcip-annotations/1.0-1/jcip-annotations-1.0-1.jar:/home/user/.m2/repository/net/minidev/json-smart/2.3/json-smart-2.3.jar:/home/user/.m2/repository/net/minidev/accessors-smart/1.2/accessors-smart-1.2.jar:/home/user/.m2/repository/org/ow2/asm/asm/5.0.4/asm-5.0.4.jar:/home/user/.m2/repository/org/apache/curator/curator-framework/2.12.0/curator-framework-2.12.0.jar:/home/user/.m2/repository/com/sun/jersey/jersey-core/1.19/jersey-core-1.19.jar:/home/user/.m2/repository/javax/ws/rs/jsr311-api/1.1.1/jsr311-api-1.1.1.jar:/home/user/.m2/repository/com/sun/jersey/jersey-server/1.19/jersey-server-1.19.jar:/home/user/.m2/repository/javax/servlet/javax.servlet-api/3.1.0/javax.servlet-api-3.1.0.jar:/home/user/.m2/repository/org/eclipse/jetty/jetty-server/9.3.25.v20180904/jetty-server-9.3.25.v20180904.jar:/home/user/.m2/repository/org/eclipse/jetty/jetty-http/9.3.25.v20180904/jetty-http-9.3.25.v20180904.jar:/home/user/.m2/repository/org/eclipse/jetty/jetty-io/9.3.25.v20180904/jetty-io-9.3.25.v20180904.jar:/home/user/.m2/repository/org/eclipse/jetty/jetty-webapp/9.3.25.v20180904/jetty-webapp-9.3.25.v20180904.jar:/home/user/.m2/repository/org/eclipse/jetty/jetty-xml/9.3.25.v20180904/jetty-xml-9.3.25.v20180904.jar:/home/user/.m2/repository/log4j/log4j/1.2.17/log4j-1.2.17.jar:/home/user/.m2/repository/org/slf4j/slf4j-api/1.7.25/slf4j-api-1.7.25.jar:/home/user/.m2/repository/org/slf4j/jul-to-slf4j/1.7.25/jul-to-slf4j-1.7.25.jar:/home/user/.m2/repository/org/eclipse/jetty/jetty-util/9.3.25.v20180904/jetty-util-9.3.25.v20180904.jar:/home/user/.m2/repository/com/fasterxml/jackson/core/jackson-databind/2.9.9/jackson-databind-2.9.9.jar:/home/user/.m2/repository/org/apache/hadoop/hadoop-kms/3.2.0/hadoop-kms-3.2.0-tests.jar:/home/user/.m2/repository/org/apache/hadoop/hadoop-hdds-server-scm/0.5.0-SNAPSHOT/hadoop-hdds-server-scm-0.5.0-SNAPSHOT-tests.jar:/home/user/.m2/repository/org/apache/hadoop/hadoop-hdds-container-service/0.5.0-SNAPSHOT/hadoop-hdds-container-service-0.5.0-SNAPSHOT-tests.jar:/home/user/.m2/repository/org/yaml/snakeyaml/1.16/snakeyaml-1.16.jar:/home/user/.m2/repository/org/apache/hadoop/hadoop-common/3.2.0/hadoop-common-3.2.0-tests.jar:/home/user/.m2/repository/org/apache/hadoop/hadoop-annotations/3.2.0/hadoop-annotations-3.2.0.jar:/usr/lib/jvm/java-1.8-openjdk/jre/../lib/tools.jar:/home/user/.m2/repository/commons-cli/commons-cli/1.2/commons-cli-1.2.jar:/home/user/.m2/repository/org/apache/httpcomponents/httpclient/4.5.2/httpclient-4.5.2.jar:/home/user/.m2/repository/org/apache/httpcomponents/httpcore/4.4.4/httpcore-4.4.4.jar:/home/user/.m2/repository/commons-codec/commons-codec/1.11/commons-codec-1.11.jar:/home/user/.m2/repository/commons-net/commons-net/3.6/commons-net-3.6.jar:/home/user/.m2/repository/commons-collections/commons-collections/3.2.2/commons-collections-3.2.2.jar:/home/user/.m2/repository/org/eclipse/jetty/jetty-servlet/9.3.25.v20180904/jetty-servlet-9.3.25.v20180904.jar:/home/user/.m2/repository/org/eclipse/jetty/jetty-security/9.3.25.v20180904/jetty-security-9.3.25.v20180904.jar:/home/user/.m2/repository/javax/servlet/jsp/jsp-api/2.1/jsp-api-2.1.jar:/home/user/.m2/repository/com/sun/jersey/jersey-servlet/1.19/jersey-servlet-1.19.jar:/home/user/.m2/repository/com/sun/jersey/jersey-json/1.19/jersey-json-1.19.jar:/home/user/.m2/repository/org/codehaus/jettison/jettison/1.1/jettison-1.1.jar:/home/user/.m2/repository/org/codehaus/jackson/jackson-core-asl/1.9.13/jackson-core-asl-1.9.13.jar:/home/user/.m2/repository/org/codehaus/jackson/jackson-mapper-asl/1.9.13/jackson-mapper-asl-1.9.13.jar:/home/user/.m2/repository/org/codehaus/jackson/jackson-jaxrs/1.9.13/jackson-jaxrs-1.9.13.jar:/home/user/.m2/repository/org/codehaus/jackson/jackson-xc/1.9.13/jackson-xc-1.9.13.jar:/home/user/.m2/repository/commons-logging/commons-logging/1.1.3/commons-logging-1.1.3.jar:/home/user/.m2/repository/commons-beanutils/commons-beanutils/1.9.4/commons-beanutils-1.9.4.jar:/home/user/.m2/repository/org/apache/commons/commons-configuration2/2.1.1/commons-configuration2-2.1.1.jar:/home/user/.m2/repository/org/apache/commons/commons-lang3/3.7/commons-lang3-3.7.jar:/home/user/.m2/repository/org/apache/commons/commons-text/1.4/commons-text-1.4.jar:/home/user/.m2/repository/org/apache/avro/avro/1.7.7/avro-1.7.7.jar:/home/user/.m2/repository/com/thoughtworks/paranamer/paranamer/2.3/paranamer-2.3.jar:/home/user/.m2/repository/org/xerial/snappy/snappy-java/1.0.5/snappy-java-1.0.5.jar:/home/user/.m2/repository/com/google/re2j/re2j/1.1/re2j-1.1.jar:/home/user/.m2/repository/com/google/code/gson/gson/2.2.4/gson-2.2.4.jar:/home/user/.m2/repository/com/jcraft/jsch/0.1.54/jsch-0.1.54.jar:/home/user/.m2/repository/org/apache/curator/curator-client/2.12.0/curator-client-2.12.0.jar:/home/user/.m2/repository/org/apache/curator/curator-recipes/2.12.0/curator-recipes-2.12.0.jar:/home/user/.m2/repository/com/google/code/findbugs/jsr305/3.0.0/jsr305-3.0.0.jar:/home/user/.m2/repository/org/apache/htrace/htrace-core4/4.1.0-incubating/htrace-core4-4.1.0-incubating.jar:/home/user/.m2/repository/org/apache/zookeeper/zookeeper/3.4.13/zookeeper-3.4.13.jar:/home/user/.m2/repository/jline/jline/0.9.94/jline-0.9.94.jar:/home/user/.m2/repository/org/apache/yetus/audience-annotations/0.5.0/audience-annotations-0.5.0.jar:/home/user/.m2/repository/org/codehaus/woodstox/stax2-api/3.1.4/stax2-api-3.1.4.jar:/home/user/.m2/repository/com/fasterxml/woodstox/woodstox-core/5.0.3/woodstox-core-5.0.3.jar:/home/user/.m2/repository/dnsjava/dnsjava/2.1.7/dnsjava-2.1.7.jar:/home/user/.m2/repository/org/apache/hadoop/hadoop-hdfs/3.2.0/hadoop-hdfs-3.2.0-tests.jar:/home/user/.m2/repository/org/eclipse/jetty/jetty-util-ajax/9.3.25.v20180904/jetty-util-ajax-9.3.25.v20180904.jar:/home/user/.m2/repository/commons-daemon/commons-daemon/1.0.13/commons-daemon-1.0.13.jar:/home/user/.m2/repository/io/netty/netty/3.10.5.Final/netty-3.10.5.Final.jar:/home/user/.m2/repository/io/netty/netty-all/4.0.52.Final/netty-all-4.0.52.Final.jar:/home/user/.m2/repository/org/fusesource/leveldbjni/leveldbjni-all/1.8/leveldbjni-all-1.8.jar:"/>
    <property name="java.vm.vendor" value="IcedTea"/>
    <property name="sun.arch.data.model" value="64"/>
    <property name="test.build.dir" value="/workdir/hadoop-ozone/integration-test/target/test-dir"/>
    <property name="test.cache.data" value=""/>
    <property name="java.vendor.url" value="https://icedtea.classpath.org"/>
    <property name="user.timezone" value=""/>
    <property name="java.vm.specification.version" value="1.8"/>
    <property name="os.name" value="Linux"/>
    <property name="test.build.data" value="/workdir/hadoop-ozone/integration-test/target/test-dir"/>
    <property name="user.country" value="US"/>
    <property name="sun.java.launcher" value="SUN_STANDARD"/>
    <property name="sun.boot.library.path" value="/usr/lib/jvm/java-1.8-openjdk/jre/lib/amd64"/>
    <property name="sun.java.command" value="/workdir/hadoop-ozone/integration-test/target/surefire/surefirebooter4508039739725037082.jar /workdir/hadoop-ozone/integration-test/target/surefire 2019-10-11T05-59-33_266-jvmRun1 surefire2167307150667018257tmp surefire_661288994959026694105tmp"/>
    <property name="test" value="!TestMiniChaosOzoneCluster"/>
    <property name="surefire.test.class.path" value="/workdir/hadoop-ozone/integration-test/target/test-classes:/workdir/hadoop-ozone/integration-test/target/classes:/home/user/.m2/repository/org/apache/hadoop/hadoop-ozone-common/0.5.0-SNAPSHOT/hadoop-ozone-common-0.5.0-SNAPSHOT.jar:/home/user/.m2/repository/org/apache/commons/commons-compress/1.4.1/commons-compress-1.4.1.jar:/home/user/.m2/repository/org/tukaani/xz/1.0/xz-1.0.jar:/home/user/.m2/repository/org/apache/hadoop/hadoop-common/3.2.0/hadoop-common-3.2.0.jar:/home/user/.m2/repository/org/apache/hadoop/hadoop-hdfs/3.2.0/hadoop-hdfs-3.2.0.jar:/home/user/.m2/repository/org/apache/hadoop/hadoop-hdfs-client/3.2.0/hadoop-hdfs-client-3.2.0.jar:/home/user/.m2/repository/com/fasterxml/jackson/core/jackson-annotations/2.9.9/jackson-annotations-2.9.9.jar:/home/user/.m2/repository/org/apache/hadoop/hadoop-hdds-common/0.5.0-SNAPSHOT/hadoop-hdds-common-0.5.0-SNAPSHOT.jar:/home/user/.m2/repository/javax/annotation/javax.annotation-api/1.2/javax.annotation-api-1.2.jar:/home/user/.m2/repository/org/apache/ratis/ratis-server/0.5.0-201fc85-SNAPSHOT/ratis-server-0.5.0-201fc85-SNAPSHOT.jar:/home/user/.m2/repository/org/apache/ratis/ratis-thirdparty-misc/0.2.0/ratis-thirdparty-misc-0.2.0.jar:/home/user/.m2/repository/org/apache/ratis/ratis-proto/0.5.0-201fc85-SNAPSHOT/ratis-proto-0.5.0-201fc85-SNAPSHOT.jar:/home/user/.m2/repository/org/apache/ratis/ratis-common/0.5.0-201fc85-SNAPSHOT/ratis-common-0.5.0-201fc85-SNAPSHOT.jar:/home/user/.m2/repository/org/apache/ratis/ratis-client/0.5.0-201fc85-SNAPSHOT/ratis-client-0.5.0-201fc85-SNAPSHOT.jar:/home/user/.m2/repository/org/apache/ratis/ratis-metrics/0.5.0-201fc85-SNAPSHOT/ratis-metrics-0.5.0-201fc85-SNAPSHOT.jar:/home/user/.m2/repository/com/github/joshelser/dropwizard-metrics-hadoop-metrics2-reporter/0.1.2/dropwizard-metrics-hadoop-metrics2-reporter-0.1.2.jar:/home/user/.m2/repository/io/dropwizard/metrics/metrics-jvm/3.2.5/metrics-jvm-3.2.5.jar:/home/user/.m2/repository/io/dropwizard/metrics/metrics-ganglia/3.2.5/metrics-ganglia-3.2.5.jar:/home/user/.m2/repository/info/ganglia/gmetric4j/gmetric4j/1.0.7/gmetric4j-1.0.7.jar:/home/user/.m2/repository/org/apache/ratis/ratis-netty/0.5.0-201fc85-SNAPSHOT/ratis-netty-0.5.0-201fc85-SNAPSHOT.jar:/home/user/.m2/repository/org/apache/ratis/ratis-grpc/0.5.0-201fc85-SNAPSHOT/ratis-grpc-0.5.0-201fc85-SNAPSHOT.jar:/home/user/.m2/repository/org/rocksdb/rocksdbjni/6.0.1/rocksdbjni-6.0.1.jar:/home/user/.m2/repository/org/apache/logging/log4j/log4j-api/2.11.0/log4j-api-2.11.0.jar:/home/user/.m2/repository/org/apache/logging/log4j/log4j-core/2.11.0/log4j-core-2.11.0.jar:/home/user/.m2/repository/com/lmax/disruptor/3.4.2/disruptor-3.4.2.jar:/home/user/.m2/repository/org/apache/commons/commons-pool2/2.6.0/commons-pool2-2.6.0.jar:/home/user/.m2/repository/org/bouncycastle/bcpkix-jdk15on/1.60/bcpkix-jdk15on-1.60.jar:/home/user/.m2/repository/commons-validator/commons-validator/1.6/commons-validator-1.6.jar:/home/user/.m2/repository/commons-digester/commons-digester/1.8.1/commons-digester-1.8.1.jar:/home/user/.m2/repository/io/jaegertracing/jaeger-client/0.34.0/jaeger-client-0.34.0.jar:/home/user/.m2/repository/io/jaegertracing/jaeger-thrift/0.34.0/jaeger-thrift-0.34.0.jar:/home/user/.m2/repository/org/apache/thrift/libthrift/0.12.0/libthrift-0.12.0.jar:/home/user/.m2/repository/com/squareup/okhttp3/okhttp/3.9.0/okhttp-3.9.0.jar:/home/user/.m2/repository/com/squareup/okio/okio/1.13.0/okio-1.13.0.jar:/home/user/.m2/repository/io/jaegertracing/jaeger-core/0.34.0/jaeger-core-0.34.0.jar:/home/user/.m2/repository/io/jaegertracing/jaeger-tracerresolver/0.34.0/jaeger-tracerresolver-0.34.0.jar:/home/user/.m2/repository/io/opentracing/contrib/opentracing-tracerresolver/0.1.5/opentracing-tracerresolver-0.1.5.jar:/home/user/.m2/repository/io/opentracing/opentracing-util/0.31.0/opentracing-util-0.31.0.jar:/home/user/.m2/repository/io/opentracing/opentracing-api/0.31.0/opentracing-api-0.31.0.jar:/home/user/.m2/repository/io/opentracing/opentracing-noop/0.31.0/opentracing-noop-0.31.0.jar:/home/user/.m2/repository/org/apache/hadoop/hadoop-hdds-server-framework/0.5.0-SNAPSHOT/hadoop-hdds-server-framework-0.5.0-SNAPSHOT.jar:/home/user/.m2/repository/org/apache/hadoop/hadoop-hdds-container-service/0.5.0-SNAPSHOT/hadoop-hdds-container-service-0.5.0-SNAPSHOT.jar:/home/user/.m2/repository/org/apache/hadoop/hadoop-hdds-client/0.5.0-SNAPSHOT/hadoop-hdds-client-0.5.0-SNAPSHOT.jar:/home/user/.m2/repository/org/apache/hadoop/hadoop-hdds-tools/0.5.0-SNAPSHOT/hadoop-hdds-tools-0.5.0-SNAPSHOT.jar:/home/user/.m2/repository/org/apache/hadoop/hadoop-hdds-server-scm/0.5.0-SNAPSHOT/hadoop-hdds-server-scm-0.5.0-SNAPSHOT.jar:/home/user/.m2/repository/org/apache/hadoop/hadoop-hdds-docs/0.5.0-SNAPSHOT/hadoop-hdds-docs-0.5.0-SNAPSHOT.jar:/home/user/.m2/repository/io/dropwizard/metrics/metrics-core/3.2.4/metrics-core-3.2.4.jar:/home/user/.m2/repository/org/hamcrest/hamcrest-all/1.3/hamcrest-all-1.3.jar:/home/user/.m2/repository/org/bouncycastle/bcprov-jdk15on/1.60/bcprov-jdk15on-1.60.jar:/home/user/.m2/repository/info/picocli/picocli/3.9.6/picocli-3.9.6.jar:/home/user/.m2/repository/com/google/protobuf/protobuf-java/2.5.0/protobuf-java-2.5.0.jar:/home/user/.m2/repository/com/google/guava/guava/11.0.2/guava-11.0.2.jar:/home/user/.m2/repository/org/apache/hadoop/hadoop-ozone-ozone-manager/0.5.0-SNAPSHOT/hadoop-ozone-ozone-manager-0.5.0-SNAPSHOT.jar:/home/user/.m2/repository/org/apache/hadoop/hadoop-minikdc/3.2.0/hadoop-minikdc-3.2.0.jar:/home/user/.m2/repository/commons-io/commons-io/2.5/commons-io-2.5.jar:/home/user/.m2/repository/org/apache/kerby/kerb-simplekdc/1.0.1/kerb-simplekdc-1.0.1.jar:/home/user/.m2/repository/org/apache/kerby/kerb-client/1.0.1/kerb-client-1.0.1.jar:/home/user/.m2/repository/org/apache/kerby/kerby-config/1.0.1/kerby-config-1.0.1.jar:/home/user/.m2/repository/org/apache/kerby/kerb-core/1.0.1/kerb-core-1.0.1.jar:/home/user/.m2/repository/org/apache/kerby/kerby-pkix/1.0.1/kerby-pkix-1.0.1.jar:/home/user/.m2/repository/org/apache/kerby/kerby-asn1/1.0.1/kerby-asn1-1.0.1.jar:/home/user/.m2/repository/org/apache/kerby/kerby-util/1.0.1/kerby-util-1.0.1.jar:/home/user/.m2/repository/org/apache/kerby/kerb-common/1.0.1/kerb-common-1.0.1.jar:/home/user/.m2/repository/org/apache/kerby/kerb-crypto/1.0.1/kerb-crypto-1.0.1.jar:/home/user/.m2/repository/org/apache/kerby/kerb-util/1.0.1/kerb-util-1.0.1.jar:/home/user/.m2/repository/org/apache/kerby/token-provider/1.0.1/token-provider-1.0.1.jar:/home/user/.m2/repository/org/apache/kerby/kerb-admin/1.0.1/kerb-admin-1.0.1.jar:/home/user/.m2/repository/org/apache/kerby/kerb-server/1.0.1/kerb-server-1.0.1.jar:/home/user/.m2/repository/org/apache/kerby/kerb-identity/1.0.1/kerb-identity-1.0.1.jar:/home/user/.m2/repository/org/apache/kerby/kerby-xdr/1.0.1/kerby-xdr-1.0.1.jar:/home/user/.m2/repository/org/slf4j/slf4j-log4j12/1.7.25/slf4j-log4j12-1.7.25.jar:/home/user/.m2/repository/org/apache/hadoop/hadoop-ozone-s3gateway/0.5.0-SNAPSHOT/hadoop-ozone-s3gateway-0.5.0-SNAPSHOT.jar:/home/user/.m2/repository/org/jboss/weld/servlet/weld-servlet/2.4.7.Final/weld-servlet-2.4.7.Final.jar:/home/user/.m2/repository/org/glassfish/jersey/containers/jersey-container-servlet-core/2.27/jersey-container-servlet-core-2.27.jar:/home/user/.m2/repository/org/glassfish/hk2/external/javax.inject/2.5.0-b42/javax.inject-2.5.0-b42.jar:/home/user/.m2/repository/org/glassfish/jersey/core/jersey-common/2.27/jersey-common-2.27.jar:/home/user/.m2/repository/org/glassfish/hk2/osgi-resource-locator/1.0.1/osgi-resource-locator-1.0.1.jar:/home/user/.m2/repository/javax/ws/rs/javax.ws.rs-api/2.1/javax.ws.rs-api-2.1.jar:/home/user/.m2/repository/org/glassfish/jersey/ext/cdi/jersey-cdi1x/2.27/jersey-cdi1x-2.27.jar:/home/user/.m2/repository/org/glassfish/jersey/inject/jersey-hk2/2.27/jersey-hk2-2.27.jar:/home/user/.m2/repository/org/glassfish/hk2/hk2-locator/2.5.0-b42/hk2-locator-2.5.0-b42.jar:/home/user/.m2/repository/org/javassist/javassist/3.22.0-CR2/javassist-3.22.0-CR2.jar:/home/user/.m2/repository/org/glassfish/hk2/hk2-api/2.5.0/hk2-api-2.5.0.jar:/home/user/.m2/repository/org/glassfish/hk2/external/jakarta.inject/2.5.0/jakarta.inject-2.5.0.jar:/home/user/.m2/repository/org/glassfish/hk2/hk2-utils/2.5.0/hk2-utils-2.5.0.jar:/home/user/.m2/repository/jakarta/annotation/jakarta.annotation-api/1.3.4/jakarta.annotation-api-1.3.4.jar:/home/user/.m2/repository/org/glassfish/hk2/external/aopalliance-repackaged/2.5.0/aopalliance-repackaged-2.5.0.jar:/home/user/.m2/repository/com/fasterxml/jackson/dataformat/jackson-dataformat-xml/2.9.0/jackson-dataformat-xml-2.9.0.jar:/home/user/.m2/repository/com/fasterxml/jackson/core/jackson-core/2.9.9/jackson-core-2.9.9.jar:/home/user/.m2/repository/com/fasterxml/jackson/module/jackson-module-jaxb-annotations/2.9.9/jackson-module-jaxb-annotations-2.9.9.jar:/home/user/.m2/repository/javax/enterprise/cdi-api/1.2/cdi-api-1.2.jar:/home/user/.m2/repository/javax/el/javax.el-api/3.0.0/javax.el-api-3.0.0.jar:/home/user/.m2/repository/javax/interceptor/javax.interceptor-api/1.2/javax.interceptor-api-1.2.jar:/home/user/.m2/repository/javax/inject/javax.inject/1/javax.inject-1.jar:/home/user/.m2/repository/com/sun/xml/bind/jaxb-impl/2.3.0.1/jaxb-impl-2.3.0.1.jar:/home/user/.m2/repository/com/sun/xml/bind/jaxb-core/2.3.0.1/jaxb-core-2.3.0.1.jar:/home/user/.m2/repository/javax/xml/bind/jaxb-api/2.3.0/jaxb-api-2.3.0.jar:/home/user/.m2/repository/javax/activation/activation/1.1.1/activation-1.1.1.jar:/home/user/.m2/repository/org/apache/hadoop/hadoop-ozone-csi/0.5.0-SNAPSHOT/hadoop-ozone-csi-0.5.0-SNAPSHOT.jar:/home/user/.m2/repository/com/google/protobuf/protobuf-java-util/3.5.1/protobuf-java-util-3.5.1.jar:/home/user/.m2/repository/org/apache/hadoop/hadoop-hdds-config/0.5.0-SNAPSHOT/hadoop-hdds-config-0.5.0-SNAPSHOT.jar:/home/user/.m2/repository/io/grpc/grpc-netty/1.17.1/grpc-netty-1.17.1.jar:/home/user/.m2/repository/io/grpc/grpc-core/1.17.1/grpc-core-1.17.1.jar:/home/user/.m2/repository/io/grpc/grpc-context/1.17.1/grpc-context-1.17.1.jar:/home/user/.m2/repository/com/google/errorprone/error_prone_annotations/2.2.0/error_prone_annotations-2.2.0.jar:/home/user/.m2/repository/org/codehaus/mojo/animal-sniffer-annotations/1.17/animal-sniffer-annotations-1.17.jar:/home/user/.m2/repository/io/opencensus/opencensus-api/0.17.0/opencensus-api-0.17.0.jar:/home/user/.m2/repository/io/opencensus/opencensus-contrib-grpc-metrics/0.17.0/opencensus-contrib-grpc-metrics-0.17.0.jar:/home/user/.m2/repository/io/netty/netty-codec-http2/4.1.30.Final/netty-codec-http2-4.1.30.Final.jar:/home/user/.m2/repository/io/netty/netty-codec-http/4.1.30.Final/netty-codec-http-4.1.30.Final.jar:/home/user/.m2/repository/io/netty/netty-codec/4.1.30.Final/netty-codec-4.1.30.Final.jar:/home/user/.m2/repository/io/netty/netty-handler/4.1.30.Final/netty-handler-4.1.30.Final.jar:/home/user/.m2/repository/io/netty/netty-handler-proxy/4.1.30.Final/netty-handler-proxy-4.1.30.Final.jar:/home/user/.m2/repository/io/netty/netty-codec-socks/4.1.30.Final/netty-codec-socks-4.1.30.Final.jar:/home/user/.m2/repository/io/netty/netty-transport-native-epoll/4.1.30.Final/netty-transport-native-epoll-4.1.30.Final.jar:/home/user/.m2/repository/io/netty/netty-common/4.1.30.Final/netty-common-4.1.30.Final.jar:/home/user/.m2/repository/io/netty/netty-buffer/4.1.30.Final/netty-buffer-4.1.30.Final.jar:/home/user/.m2/repository/io/netty/netty-transport/4.1.30.Final/netty-transport-4.1.30.Final.jar:/home/user/.m2/repository/io/netty/netty-resolver/4.1.30.Final/netty-resolver-4.1.30.Final.jar:/home/user/.m2/repository/io/netty/netty-transport-native-unix-common/4.1.30.Final/netty-transport-native-unix-common-4.1.30.Final.jar:/home/user/.m2/repository/io/grpc/grpc-protobuf/1.17.1/grpc-protobuf-1.17.1.jar:/home/user/.m2/repository/com/google/api/grpc/proto-google-common-protos/1.0.0/proto-google-common-protos-1.0.0.jar:/home/user/.m2/repository/io/grpc/grpc-protobuf-lite/1.17.1/grpc-protobuf-lite-1.17.1.jar:/home/user/.m2/repository/io/grpc/grpc-stub/1.17.1/grpc-stub-1.17.1.jar:/home/user/.m2/repository/org/apache/hadoop/hadoop-ozone-recon/0.5.0-SNAPSHOT/hadoop-ozone-recon-0.5.0-SNAPSHOT.jar:/home/user/.m2/repository/org/apache/hadoop/hadoop-ozone-reconcodegen/0.5.0-SNAPSHOT/hadoop-ozone-reconcodegen-0.5.0-SNAPSHOT.jar:/home/user/.m2/repository/com/google/inject/extensions/guice-multibindings/4.0/guice-multibindings-4.0.jar:/home/user/.m2/repository/com/google/inject/guice/4.0/guice-4.0.jar:/home/user/.m2/repository/aopalliance/aopalliance/1.0/aopalliance-1.0.jar:/home/user/.m2/repository/com/google/inject/extensions/guice-servlet/4.0/guice-servlet-4.0.jar:/home/user/.m2/repository/org/glassfish/jersey/containers/jersey-container-servlet/2.27/jersey-container-servlet-2.27.jar:/home/user/.m2/repository/org/glassfish/hk2/guice-bridge/2.5.0/guice-bridge-2.5.0.jar:/home/user/.m2/repository/org/glassfish/jersey/core/jersey-server/2.27/jersey-server-2.27.jar:/home/user/.m2/repository/org/glassfish/jersey/core/jersey-client/2.27/jersey-client-2.27.jar:/home/user/.m2/repository/org/glassfish/jersey/media/jersey-media-jaxb/2.27/jersey-media-jaxb-2.27.jar:/home/user/.m2/repository/javax/validation/validation-api/1.1.0.Final/validation-api-1.1.0.Final.jar:/home/user/.m2/repository/org/glassfish/jersey/media/jersey-media-json-jackson/2.27/jersey-media-json-jackson-2.27.jar:/home/user/.m2/repository/org/glassfish/jersey/ext/jersey-entity-filtering/2.27/jersey-entity-filtering-2.27.jar:/home/user/.m2/repository/com/google/inject/extensions/guice-assistedinject/4.0/guice-assistedinject-4.0.jar:/home/user/.m2/repository/org/jooq/jooq/3.11.10/jooq-3.11.10.jar:/home/user/.m2/repository/org/jooq/jooq-meta/3.11.10/jooq-meta-3.11.10.jar:/home/user/.m2/repository/org/jooq/jooq-codegen/3.11.10/jooq-codegen-3.11.10.jar:/home/user/.m2/repository/com/jolbox/bonecp/0.8.0.RELEASE/bonecp-0.8.0.RELEASE.jar:/home/user/.m2/repository/org/xerial/sqlite-jdbc/3.25.2/sqlite-jdbc-3.25.2.jar:/home/user/.m2/repository/org/springframework/spring-jdbc/5.1.3.RELEASE/spring-jdbc-5.1.3.RELEASE.jar:/home/user/.m2/repository/org/springframework/spring-beans/5.1.3.RELEASE/spring-beans-5.1.3.RELEASE.jar:/home/user/.m2/repository/org/springframework/spring-core/5.1.3.RELEASE/spring-core-5.1.3.RELEASE.jar:/home/user/.m2/repository/org/springframework/spring-jcl/5.1.3.RELEASE/spring-jcl-5.1.3.RELEASE.jar:/home/user/.m2/repository/org/springframework/spring-tx/5.1.3.RELEASE/spring-tx-5.1.3.RELEASE.jar:/home/user/.m2/repository/org/apache/hadoop/hadoop-ozone-client/0.5.0-SNAPSHOT/hadoop-ozone-client-0.5.0-SNAPSHOT.jar:/home/user/.m2/repository/commons-lang/commons-lang/2.6/commons-lang-2.6.jar:/home/user/.m2/repository/org/apache/hadoop/hadoop-ozone-ozone-manager/0.5.0-SNAPSHOT/hadoop-ozone-ozone-manager-0.5.0-SNAPSHOT-tests.jar:/home/user/.m2/repository/junit/junit/4.11/junit-4.11.jar:/home/user/.m2/repository/org/hamcrest/hamcrest-core/1.3/hamcrest-core-1.3.jar:/home/user/.m2/repository/org/openjdk/jmh/jmh-core/1.19/jmh-core-1.19.jar:/home/user/.m2/repository/net/sf/jopt-simple/jopt-simple/4.6/jopt-simple-4.6.jar:/home/user/.m2/repository/org/apache/commons/commons-math3/3.1.1/commons-math3-3.1.1.jar:/home/user/.m2/repository/org/openjdk/jmh/jmh-generator-annprocess/1.19/jmh-generator-annprocess-1.19.jar:/home/user/.m2/repository/org/mockito/mockito-all/1.8.5/mockito-all-1.8.5.jar:/home/user/.m2/repository/org/apache/hadoop/hadoop-kms/3.2.0/hadoop-kms-3.2.0.jar:/home/user/.m2/repository/org/apache/hadoop/hadoop-auth/3.2.0/hadoop-auth-3.2.0.jar:/home/user/.m2/repository/com/nimbusds/nimbus-jose-jwt/4.41.1/nimbus-jose-jwt-4.41.1.jar:/home/user/.m2/repository/com/github/stephenc/jcip/jcip-annotations/1.0-1/jcip-annotations-1.0-1.jar:/home/user/.m2/repository/net/minidev/json-smart/2.3/json-smart-2.3.jar:/home/user/.m2/repository/net/minidev/accessors-smart/1.2/accessors-smart-1.2.jar:/home/user/.m2/repository/org/ow2/asm/asm/5.0.4/asm-5.0.4.jar:/home/user/.m2/repository/org/apache/curator/curator-framework/2.12.0/curator-framework-2.12.0.jar:/home/user/.m2/repository/com/sun/jersey/jersey-core/1.19/jersey-core-1.19.jar:/home/user/.m2/repository/javax/ws/rs/jsr311-api/1.1.1/jsr311-api-1.1.1.jar:/home/user/.m2/repository/com/sun/jersey/jersey-server/1.19/jersey-server-1.19.jar:/home/user/.m2/repository/javax/servlet/javax.servlet-api/3.1.0/javax.servlet-api-3.1.0.jar:/home/user/.m2/repository/org/eclipse/jetty/jetty-server/9.3.25.v20180904/jetty-server-9.3.25.v20180904.jar:/home/user/.m2/repository/org/eclipse/jetty/jetty-http/9.3.25.v20180904/jetty-http-9.3.25.v20180904.jar:/home/user/.m2/repository/org/eclipse/jetty/jetty-io/9.3.25.v20180904/jetty-io-9.3.25.v20180904.jar:/home/user/.m2/repository/org/eclipse/jetty/jetty-webapp/9.3.25.v20180904/jetty-webapp-9.3.25.v20180904.jar:/home/user/.m2/repository/org/eclipse/jetty/jetty-xml/9.3.25.v20180904/jetty-xml-9.3.25.v20180904.jar:/home/user/.m2/repository/log4j/log4j/1.2.17/log4j-1.2.17.jar:/home/user/.m2/repository/org/slf4j/slf4j-api/1.7.25/slf4j-api-1.7.25.jar:/home/user/.m2/repository/org/slf4j/jul-to-slf4j/1.7.25/jul-to-slf4j-1.7.25.jar:/home/user/.m2/repository/org/eclipse/jetty/jetty-util/9.3.25.v20180904/jetty-util-9.3.25.v20180904.jar:/home/user/.m2/repository/com/fasterxml/jackson/core/jackson-databind/2.9.9/jackson-databind-2.9.9.jar:/home/user/.m2/repository/org/apache/hadoop/hadoop-kms/3.2.0/hadoop-kms-3.2.0-tests.jar:/home/user/.m2/repository/org/apache/hadoop/hadoop-hdds-server-scm/0.5.0-SNAPSHOT/hadoop-hdds-server-scm-0.5.0-SNAPSHOT-tests.jar:/home/user/.m2/repository/org/apache/hadoop/hadoop-hdds-container-service/0.5.0-SNAPSHOT/hadoop-hdds-container-service-0.5.0-SNAPSHOT-tests.jar:/home/user/.m2/repository/org/yaml/snakeyaml/1.16/snakeyaml-1.16.jar:/home/user/.m2/repository/org/apache/hadoop/hadoop-common/3.2.0/hadoop-common-3.2.0-tests.jar:/home/user/.m2/repository/org/apache/hadoop/hadoop-annotations/3.2.0/hadoop-annotations-3.2.0.jar:/usr/lib/jvm/java-1.8-openjdk/jre/../lib/tools.jar:/home/user/.m2/repository/commons-cli/commons-cli/1.2/commons-cli-1.2.jar:/home/user/.m2/repository/org/apache/httpcomponents/httpclient/4.5.2/httpclient-4.5.2.jar:/home/user/.m2/repository/org/apache/httpcomponents/httpcore/4.4.4/httpcore-4.4.4.jar:/home/user/.m2/repository/commons-codec/commons-codec/1.11/commons-codec-1.11.jar:/home/user/.m2/repository/commons-net/commons-net/3.6/commons-net-3.6.jar:/home/user/.m2/repository/commons-collections/commons-collections/3.2.2/commons-collections-3.2.2.jar:/home/user/.m2/repository/org/eclipse/jetty/jetty-servlet/9.3.25.v20180904/jetty-servlet-9.3.25.v20180904.jar:/home/user/.m2/repository/org/eclipse/jetty/jetty-security/9.3.25.v20180904/jetty-security-9.3.25.v20180904.jar:/home/user/.m2/repository/javax/servlet/jsp/jsp-api/2.1/jsp-api-2.1.jar:/home/user/.m2/repository/com/sun/jersey/jersey-servlet/1.19/jersey-servlet-1.19.jar:/home/user/.m2/repository/com/sun/jersey/jersey-json/1.19/jersey-json-1.19.jar:/home/user/.m2/repository/org/codehaus/jettison/jettison/1.1/jettison-1.1.jar:/home/user/.m2/repository/org/codehaus/jackson/jackson-core-asl/1.9.13/jackson-core-asl-1.9.13.jar:/home/user/.m2/repository/org/codehaus/jackson/jackson-mapper-asl/1.9.13/jackson-mapper-asl-1.9.13.jar:/home/user/.m2/repository/org/codehaus/jackson/jackson-jaxrs/1.9.13/jackson-jaxrs-1.9.13.jar:/home/user/.m2/repository/org/codehaus/jackson/jackson-xc/1.9.13/jackson-xc-1.9.13.jar:/home/user/.m2/repository/commons-logging/commons-logging/1.1.3/commons-logging-1.1.3.jar:/home/user/.m2/repository/commons-beanutils/commons-beanutils/1.9.4/commons-beanutils-1.9.4.jar:/home/user/.m2/repository/org/apache/commons/commons-configuration2/2.1.1/commons-configuration2-2.1.1.jar:/home/user/.m2/repository/org/apache/commons/commons-lang3/3.7/commons-lang3-3.7.jar:/home/user/.m2/repository/org/apache/commons/commons-text/1.4/commons-text-1.4.jar:/home/user/.m2/repository/org/apache/avro/avro/1.7.7/avro-1.7.7.jar:/home/user/.m2/repository/com/thoughtworks/paranamer/paranamer/2.3/paranamer-2.3.jar:/home/user/.m2/repository/org/xerial/snappy/snappy-java/1.0.5/snappy-java-1.0.5.jar:/home/user/.m2/repository/com/google/re2j/re2j/1.1/re2j-1.1.jar:/home/user/.m2/repository/com/google/code/gson/gson/2.2.4/gson-2.2.4.jar:/home/user/.m2/repository/com/jcraft/jsch/0.1.54/jsch-0.1.54.jar:/home/user/.m2/repository/org/apache/curator/curator-client/2.12.0/curator-client-2.12.0.jar:/home/user/.m2/repository/org/apache/curator/curator-recipes/2.12.0/curator-recipes-2.12.0.jar:/home/user/.m2/repository/com/google/code/findbugs/jsr305/3.0.0/jsr305-3.0.0.jar:/home/user/.m2/repository/org/apache/htrace/htrace-core4/4.1.0-incubating/htrace-core4-4.1.0-incubating.jar:/home/user/.m2/repository/org/apache/zookeeper/zookeeper/3.4.13/zookeeper-3.4.13.jar:/home/user/.m2/repository/jline/jline/0.9.94/jline-0.9.94.jar:/home/user/.m2/repository/org/apache/yetus/audience-annotations/0.5.0/audience-annotations-0.5.0.jar:/home/user/.m2/repository/org/codehaus/woodstox/stax2-api/3.1.4/stax2-api-3.1.4.jar:/home/user/.m2/repository/com/fasterxml/woodstox/woodstox-core/5.0.3/woodstox-core-5.0.3.jar:/home/user/.m2/repository/dnsjava/dnsjava/2.1.7/dnsjava-2.1.7.jar:/home/user/.m2/repository/org/apache/hadoop/hadoop-hdfs/3.2.0/hadoop-hdfs-3.2.0-tests.jar:/home/user/.m2/repository/org/eclipse/jetty/jetty-util-ajax/9.3.25.v20180904/jetty-util-ajax-9.3.25.v20180904.jar:/home/user/.m2/repository/commons-daemon/commons-daemon/1.0.13/commons-daemon-1.0.13.jar:/home/user/.m2/repository/io/netty/netty/3.10.5.Final/netty-3.10.5.Final.jar:/home/user/.m2/repository/io/netty/netty-all/4.0.52.Final/netty-all-4.0.52.Final.jar:/home/user/.m2/repository/org/fusesource/leveldbjni/leveldbjni-all/1.8/leveldbjni-all-1.8.jar:"/>
    <property name="sun.cpu.endian" value="little"/>
    <property name="user.home" value="/home/user"/>
    <property name="user.language" value="en"/>
    <property name="java.specification.vendor" value="Oracle Corporation"/>
    <property name="java.home" value="/usr/lib/jvm/java-1.8-openjdk/jre"/>
    <property name="java.security.krb5.conf" value="/workdir/hadoop-ozone/integration-test/target/test-classes/krb5.conf"/>
    <property name="basedir" value="/workdir/hadoop-ozone/integration-test"/>
    <property name="file.separator" value="/"/>
    <property name="line.separator" value="&#10;"/>
    <property name="java.vm.specification.vendor" value="Oracle Corporation"/>
    <property name="java.specification.name" value="Java Platform API Specification"/>
    <property name="java.awt.graphicsenv" value="sun.awt.X11GraphicsEnvironment"/>
    <property name="surefire.real.class.path" value="/workdir/hadoop-ozone/integration-test/target/surefire/surefirebooter4508039739725037082.jar"/>
    <property name="hadoop.log.dir" value="/workdir/hadoop-ozone/integration-test/target/log"/>
    <property name="sun.boot.class.path" value="/usr/lib/jvm/java-1.8-openjdk/jre/lib/resources.jar:/usr/lib/jvm/java-1.8-openjdk/jre/lib/rt.jar:/usr/lib/jvm/java-1.8-openjdk/jre/lib/sunrsasign.jar:/usr/lib/jvm/java-1.8-openjdk/jre/lib/jsse.jar:/usr/lib/jvm/java-1.8-openjdk/jre/lib/jce.jar:/usr/lib/jvm/java-1.8-openjdk/jre/lib/charsets.jar:/usr/lib/jvm/java-1.8-openjdk/jre/lib/jfr.jar:/usr/lib/jvm/java-1.8-openjdk/jre/classes"/>
    <property name="sun.management.compiler" value="HotSpot 64-Bit Tiered Compilers"/>
    <property name="java.runtime.version" value="1.8.0_212-b04"/>
    <property name="java.net.preferIPv4Stack" value="true"/>
    <property name="user.name" value="jenkins1000"/>
    <property name="path.separator" value=":"/>
    <property name="java.security.egd" value="file:///dev/urandom"/>
    <property name="os.version" value="3.10.0-957.12.2.el7.x86_64"/>
    <property name="java.endorsed.dirs" value="/usr/lib/jvm/java-1.8-openjdk/jre/lib/endorsed"/>
    <property name="java.runtime.name" value="OpenJDK Runtime Environment"/>
    <property name="file.encoding" value="UTF-8"/>
    <property name="java.vm.name" value="OpenJDK 64-Bit Server VM"/>
    <property name="test.build.webapps" value=""/>
    <property name="localRepository" value="/home/user/.m2/repository"/>
    <property name="java.vendor.url.bug" value="https://icedtea.classpath.org/bugzilla"/>
    <property name="java.io.tmpdir" value="/tmp"/>
    <property name="require.test.libhadoop" value=""/>
    <property name="java.version" value="1.8.0_212"/>
    <property name="user.dir" value="/workdir/hadoop-ozone/integration-test"/>
    <property name="os.arch" value="amd64"/>
    <property name="java.vm.specification.name" value="Java Virtual Machine Specification"/>
    <property name="test.build.classes" value="/workdir/hadoop-ozone/integration-test/target/test-classes"/>
    <property name="java.awt.printerjob" value="sun.print.PSPrinterJob"/>
    <property name="sun.os.patch.level" value="unknown"/>
    <property name="hadoop.tmp.dir" value="/workdir/hadoop-ozone/integration-test/target/tmp"/>
    <property name="java.library.path" value="/usr/lib/jvm/java-1.8-openjdk/jre/lib/amd64/server:/usr/lib/jvm/java-1.8-openjdk/jre/lib/amd64:/usr/lib/jvm/java-1.8-openjdk/jre/../lib/amd64:/workdir/hadoop-ozone/integration-test/target/native/target/usr/local/lib:/workdir/hadoop-ozone/integration-test/../../hadoop-common-project/hadoop-common/target/native/target/usr/local/lib:/usr/java/packages/lib/amd64:/usr/lib64:/lib64:/lib:/usr/lib"/>
    <property name="java.vm.info" value="mixed mode"/>
    <property name="java.vendor" value="IcedTea"/>
    <property name="java.vm.version" value="25.212-b04"/>
    <property name="java.ext.dirs" value="/usr/lib/jvm/java-1.8-openjdk/jre/lib/ext:/usr/java/packages/lib/ext"/>
    <property name="sun.io.unicode.encoding" value="UnicodeLittle"/>
    <property name="java.class.version" value="52.0"/>
  </properties>
  <testcase name="test2DatanodesFailure" classname="org.apache.hadoop.ozone.client.rpc.TestBlockOutputStreamWithFailures" time="49.486"/>
  <testcase name="testDatanodeFailureWithPreAllocation" classname="org.apache.hadoop.ozone.client.rpc.TestBlockOutputStreamWithFailures" time="225.205"/>
  <testcase name="testDatanodeFailureWithSingleNodeRatis" classname="org.apache.hadoop.ozone.client.rpc.TestBlockOutputStreamWithFailures" time="222.869"/>
  <testcase name="testWatchForCommitWithSingleNodeRatis" classname="org.apache.hadoop.ozone.client.rpc.TestBlockOutputStreamWithFailures" time="35.594"/>
  <testcase name="testWatchForCommitDatanodeFailure" classname="org.apache.hadoop.ozone.client.rpc.TestBlockOutputStreamWithFailures" time="70.607">
    <failure message="expected:&lt;2&gt; but was:&lt;3&gt;" type="java.lang.AssertionError"><![CDATA[java.lang.AssertionError: expected:<2> but was:<3>
	at org.junit.Assert.fail(Assert.java:88)
	at org.junit.Assert.failNotEquals(Assert.java:743)
	at org.junit.Assert.assertEquals(Assert.java:118)
	at org.junit.Assert.assertEquals(Assert.java:555)
	at org.junit.Assert.assertEquals(Assert.java:542)
	at org.apache.hadoop.ozone.client.rpc.TestBlockOutputStreamWithFailures.testWatchForCommitDatanodeFailure(TestBlockOutputStreamWithFailures.java:366)
	at sun.reflect.NativeMethodAccessorImpl.invoke0(Native Method)
	at sun.reflect.NativeMethodAccessorImpl.invoke(NativeMethodAccessorImpl.java:62)
	at sun.reflect.DelegatingMethodAccessorImpl.invoke(DelegatingMethodAccessorImpl.java:43)
	at java.lang.reflect.Method.invoke(Method.java:498)
	at org.junit.runners.model.FrameworkMethod$1.runReflectiveCall(FrameworkMethod.java:47)
	at org.junit.internal.runners.model.ReflectiveCallable.run(ReflectiveCallable.java:12)
	at org.junit.runners.model.FrameworkMethod.invokeExplosively(FrameworkMethod.java:44)
	at org.junit.internal.runners.statements.InvokeMethod.evaluate(InvokeMethod.java:17)
	at org.junit.internal.runners.statements.RunBefores.evaluate(RunBefores.java:26)
	at org.junit.internal.runners.statements.RunAfters.evaluate(RunAfters.java:27)
	at org.junit.runners.ParentRunner.runLeaf(ParentRunner.java:271)
	at org.junit.runners.BlockJUnit4ClassRunner.runChild(BlockJUnit4ClassRunner.java:70)
	at org.junit.runners.BlockJUnit4ClassRunner.runChild(BlockJUnit4ClassRunner.java:50)
	at org.junit.runners.ParentRunner$3.run(ParentRunner.java:238)
	at org.junit.runners.ParentRunner$1.schedule(ParentRunner.java:63)
	at org.junit.runners.ParentRunner.runChildren(ParentRunner.java:236)
	at org.junit.runners.ParentRunner.access$000(ParentRunner.java:53)
	at org.junit.runners.ParentRunner$2.evaluate(ParentRunner.java:229)
	at org.junit.runners.ParentRunner.run(ParentRunner.java:309)
	at org.apache.maven.surefire.junit4.JUnit4Provider.execute(JUnit4Provider.java:365)
	at org.apache.maven.surefire.junit4.JUnit4Provider.executeWithRerun(JUnit4Provider.java:273)
	at org.apache.maven.surefire.junit4.JUnit4Provider.executeTestSet(JUnit4Provider.java:238)
	at org.apache.maven.surefire.junit4.JUnit4Provider.invoke(JUnit4Provider.java:159)
	at org.apache.maven.surefire.booter.ForkedBooter.invokeProviderInSameClassLoader(ForkedBooter.java:384)
	at org.apache.maven.surefire.booter.ForkedBooter.runSuitesInProcess(ForkedBooter.java:345)
	at org.apache.maven.surefire.booter.ForkedBooter.execute(ForkedBooter.java:126)
	at org.apache.maven.surefire.booter.ForkedBooter.main(ForkedBooter.java:418)
]]></failure>
    <system-out><![CDATA[2019-10-11 07:35:05,648 [main] WARN  server.ServerUtils (ServerUtils.java:getScmDbDir(145)) - ozone.scm.db.dirs is not configured. We recommend adding this setting. Falling back to ozone.metadata.dirs instead.
2019-10-11 07:35:05,668 [main] WARN  server.ServerUtils (ServerUtils.java:getScmDbDir(145)) - ozone.scm.db.dirs is not configured. We recommend adding this setting. Falling back to ozone.metadata.dirs instead.
2019-10-11 07:35:05,668 [main] WARN  server.ServerUtils (ServerUtils.java:getScmDbDir(145)) - ozone.scm.db.dirs is not configured. We recommend adding this setting. Falling back to ozone.metadata.dirs instead.
2019-10-11 07:35:05,669 [main] INFO  db.DBStoreBuilder (DBStoreBuilder.java:addTable(117)) - using custom profile for table: deletedBlocks
2019-10-11 07:35:05,669 [main] INFO  db.DBStoreBuilder (DBStoreBuilder.java:processTables(168)) - Using default column profile:DBProfile.DISK for Table:deletedBlocks
2019-10-11 07:35:05,670 [main] INFO  db.DBStoreBuilder (DBStoreBuilder.java:addTable(117)) - using custom profile for table: validCerts
2019-10-11 07:35:05,670 [main] INFO  db.DBStoreBuilder (DBStoreBuilder.java:processTables(168)) - Using default column profile:DBProfile.DISK for Table:validCerts
2019-10-11 07:35:05,670 [main] INFO  db.DBStoreBuilder (DBStoreBuilder.java:addTable(117)) - using custom profile for table: revokedCerts
2019-10-11 07:35:05,671 [main] INFO  db.DBStoreBuilder (DBStoreBuilder.java:processTables(168)) - Using default column profile:DBProfile.DISK for Table:revokedCerts
2019-10-11 07:35:05,671 [main] INFO  db.DBStoreBuilder (DBStoreBuilder.java:addTable(117)) - using custom profile for table: default
2019-10-11 07:35:05,671 [main] INFO  db.DBStoreBuilder (DBStoreBuilder.java:processTables(174)) - Using default column profile:DBProfile.DISK for Table:default
2019-10-11 07:35:05,672 [main] INFO  db.DBStoreBuilder (DBStoreBuilder.java:getDbProfile(205)) - Using default options. DBProfile.DISK
2019-10-11 07:35:05,917 [main] INFO  net.NodeSchemaLoader (NodeSchemaLoader.java:loadSchemaFromFile(125)) - Loading file from sun.misc.CompoundEnumeration@216372b7
2019-10-11 07:35:05,918 [main] INFO  net.NodeSchemaLoader (NodeSchemaLoader.java:loadSchema(171)) - Loading network topology layer schema file
2019-10-11 07:35:05,922 [main] INFO  node.SCMNodeManager (SCMNodeManager.java:<init>(116)) - Entering startup safe mode.
2019-10-11 07:35:05,923 [main] INFO  algorithms.ContainerPlacementPolicyFactory (ContainerPlacementPolicyFactory.java:getPolicy(57)) - Create container placement policy of type org.apache.hadoop.hdds.scm.container.placement.algorithms.SCMContainerPlacementRandom
2019-10-11 07:35:05,923 [main] WARN  server.ServerUtils (ServerUtils.java:getScmDbDir(145)) - ozone.scm.db.dirs is not configured. We recommend adding this setting. Falling back to ozone.metadata.dirs instead.
2019-10-11 07:35:06,012 [main] INFO  pipeline.SCMPipelineManager (SCMPipelineManager.java:initializePipelineState(132)) - No pipeline exists in current db
2019-10-11 07:35:06,012 [main] WARN  server.ServerUtils (ServerUtils.java:getScmDbDir(145)) - ozone.scm.db.dirs is not configured. We recommend adding this setting. Falling back to ozone.metadata.dirs instead.
2019-10-11 07:35:06,120 [main] WARN  events.EventQueue (EventQueue.java:fireEvent(183)) - No event handler registered for event TypedEvent{payloadType=SafeModeStatus, name='SafeModeStatus'}
2019-10-11 07:35:06,122 [main] INFO  ipc.CallQueueManager (CallQueueManager.java:<init>(84)) - Using callQueue: class java.util.concurrent.LinkedBlockingQueue, queueCapacity: 2000, scheduler: class org.apache.hadoop.ipc.DefaultRpcScheduler, ipcBackoff: false.
2019-10-11 07:35:06,123 [Socket Reader #1 for port 37540] INFO  ipc.Server (Server.java:run(1074)) - Starting Socket Reader #1 for port 37540
2019-10-11 07:35:06,128 [main] INFO  ipc.CallQueueManager (CallQueueManager.java:<init>(84)) - Using callQueue: class java.util.concurrent.LinkedBlockingQueue, queueCapacity: 2000, scheduler: class org.apache.hadoop.ipc.DefaultRpcScheduler, ipcBackoff: false.
2019-10-11 07:35:06,129 [Socket Reader #1 for port 41911] INFO  ipc.Server (Server.java:run(1074)) - Starting Socket Reader #1 for port 41911
2019-10-11 07:35:06,134 [main] INFO  ipc.CallQueueManager (CallQueueManager.java:<init>(84)) - Using callQueue: class java.util.concurrent.LinkedBlockingQueue, queueCapacity: 2000, scheduler: class org.apache.hadoop.ipc.DefaultRpcScheduler, ipcBackoff: false.
2019-10-11 07:35:06,135 [Socket Reader #1 for port 41178] INFO  ipc.Server (Server.java:run(1074)) - Starting Socket Reader #1 for port 41178
2019-10-11 07:35:06,140 [main] INFO  hdfs.DFSUtil (DFSUtil.java:httpServerTemplateForNNAndJN(1641)) - Starting Web-server for scm at: http://0.0.0.0:0
2019-10-11 07:35:06,142 [main] INFO  server.AuthenticationFilter (AuthenticationFilter.java:constructSecretProvider(240)) - Unable to initialize FileSignerSecretProvider, falling back to use random secrets.
2019-10-11 07:35:06,143 [main] WARN  http.HttpRequestLog (HttpRequestLog.java:getRequestLog(97)) - Jetty request log can only be enabled using Log4j
2019-10-11 07:35:06,144 [main] INFO  http.HttpServer2 (HttpServer2.java:addGlobalFilter(975)) - Added global filter 'safety' (class=org.apache.hadoop.http.HttpServer2$QuotingInputFilter)
2019-10-11 07:35:06,145 [main] INFO  http.HttpServer2 (HttpServer2.java:addFilter(948)) - Added filter static_user_filter (class=org.apache.hadoop.http.lib.StaticUserWebFilter$StaticUserFilter) to context scm
2019-10-11 07:35:06,145 [main] INFO  http.HttpServer2 (HttpServer2.java:addFilter(958)) - Added filter static_user_filter (class=org.apache.hadoop.http.lib.StaticUserWebFilter$StaticUserFilter) to context static
2019-10-11 07:35:06,145 [main] INFO  http.HttpServer2 (HttpServer2.java:addFilter(958)) - Added filter static_user_filter (class=org.apache.hadoop.http.lib.StaticUserWebFilter$StaticUserFilter) to context logs
2019-10-11 07:35:06,147 [main] INFO  server.StorageContainerManager (StorageContainerManager.java:start(772)) - StorageContainerLocationProtocol RPC server is listening at /0.0.0.0:41178
2019-10-11 07:35:06,149 [main] WARN  impl.MetricsConfig (MetricsConfig.java:loadFirst(134)) - Cannot locate configuration: tried hadoop-metrics2-storagecontainermanager.properties,hadoop-metrics2.properties
2019-10-11 07:35:06,149 [main] INFO  impl.MetricsSystemImpl (MetricsSystemImpl.java:startTimer(374)) - Scheduled Metric snapshot period at 10 second(s).
2019-10-11 07:35:06,150 [main] INFO  impl.MetricsSystemImpl (MetricsSystemImpl.java:start(191)) - StorageContainerManager metrics system started
2019-10-11 07:35:06,224 [main] WARN  impl.MetricsSystemImpl (MetricsSystemImpl.java:register(276)) - Sink prometheus already exists!
2019-10-11 07:35:06,325 [main] INFO  server.SCMClientProtocolServer (SCMClientProtocolServer.java:start(159)) - RPC server for Client  is listening at /0.0.0.0:41178
2019-10-11 07:35:06,326 [IPC Server Responder] INFO  ipc.Server (Server.java:run(1314)) - IPC Server Responder: starting
2019-10-11 07:35:06,327 [IPC Server listener on 41178] INFO  ipc.Server (Server.java:run(1153)) - IPC Server listener on 41178: starting
2019-10-11 07:35:06,330 [main] INFO  server.StorageContainerManager (StorageContainerManager.java:start(782)) - ScmBlockLocationProtocol RPC server is listening at /0.0.0.0:41911
2019-10-11 07:35:06,330 [main] INFO  server.SCMBlockProtocolServer (SCMBlockProtocolServer.java:start(146)) - RPC server for Block Protocol is listening at /0.0.0.0:41911
2019-10-11 07:35:06,331 [IPC Server Responder] INFO  ipc.Server (Server.java:run(1314)) - IPC Server Responder: starting
2019-10-11 07:35:06,331 [IPC Server listener on 41911] INFO  ipc.Server (Server.java:run(1153)) - IPC Server listener on 41911: starting
2019-10-11 07:35:06,335 [main] INFO  server.StorageContainerManager (StorageContainerManager.java:start(786)) - ScmDatanodeProtocl RPC server is listening at /0.0.0.0:37540
2019-10-11 07:35:06,335 [main] INFO  server.SCMDatanodeProtocolServer (SCMDatanodeProtocolServer.java:start(169)) - RPC server for DataNodes is listening at /0.0.0.0:37540
2019-10-11 07:35:06,335 [IPC Server listener on 37540] INFO  ipc.Server (Server.java:run(1153)) - IPC Server listener on 37540: starting
2019-10-11 07:35:06,336 [IPC Server Responder] INFO  ipc.Server (Server.java:run(1314)) - IPC Server Responder: starting
2019-10-11 07:35:06,339 [main] INFO  http.HttpServer2 (HttpServer2.java:bindListener(1191)) - Jetty bound to port 45287
2019-10-11 07:35:06,339 [main] INFO  server.Server (Server.java:doStart(351)) - jetty-9.3.25.v20180904, build timestamp: 2018-09-04T21:11:46Z, git hash: 3ce520221d0240229c862b122d2b06c12a625732
2019-10-11 07:35:06,341 [main] INFO  handler.ContextHandler (ContextHandler.java:doStart(781)) - Started o.e.j.s.ServletContextHandler@11e9ac24{/logs,file:///workdir/hadoop-ozone/integration-test/target/log,AVAILABLE}
2019-10-11 07:35:06,341 [main] INFO  handler.ContextHandler (ContextHandler.java:doStart(781)) - Started o.e.j.s.ServletContextHandler@675b18ff{/static,file:///workdir/hadoop-ozone/integration-test/target/test-classes/webapps/static,AVAILABLE}
2019-10-11 07:35:06,345 [main] INFO  handler.ContextHandler (ContextHandler.java:doStart(781)) - Started o.e.j.w.WebAppContext@23bd0c81{/,file:///workdir/hadoop-ozone/integration-test/target/test-classes/webapps/scm/,AVAILABLE}{/scm}
2019-10-11 07:35:06,345 [main] INFO  server.AbstractConnector (AbstractConnector.java:doStart(278)) - Started ServerConnector@1332dec4{HTTP/1.1,[http/1.1]}{0.0.0.0:45287}
2019-10-11 07:35:06,345 [main] INFO  server.Server (Server.java:doStart(419)) - Started @534424ms
2019-10-11 07:35:06,346 [main] WARN  impl.MetricsSystemImpl (MetricsSystemImpl.java:register(276)) - Sink prometheus already exists!
2019-10-11 07:35:06,348 [main] INFO  server.BaseHttpServer (BaseHttpServer.java:updateConnectorAddress(215)) - HTTP server of SCM is listening at http://0.0.0.0:45287
2019-10-11 07:35:06,350 [main] WARN  server.ServerUtils (ServerUtils.java:getDBPath(222)) - ozone.om.db.dirs is not configured. We recommend adding this setting. Falling back to ozone.metadata.dirs instead.
2019-10-11 07:35:06,350 [org.apache.hadoop.util.JvmPauseMonitor$Monitor@6889f56f] INFO  util.JvmPauseMonitor (JvmPauseMonitor.java:run(188)) - Starting JVM pause monitor
2019-10-11 07:35:06,374 [main] INFO  ha.OMHANodeDetails (OMHANodeDetails.java:loadOMHAConfig(190)) - Configuration either no ozone.om.address set. Falling back to the default OM address /127.0.0.1:0
2019-10-11 07:35:06,374 [main] INFO  ha.OMHANodeDetails (OMHANodeDetails.java:getOMNodeDetails(220)) - OM Service ID is not set. Setting it to the default ID: omServiceIdDefault
2019-10-11 07:35:06,374 [main] WARN  server.ServerUtils (ServerUtils.java:getDBPath(222)) - ozone.om.db.dirs is not configured. We recommend adding this setting. Falling back to ozone.metadata.dirs instead.
2019-10-11 07:35:06,375 [main] WARN  server.ServerUtils (ServerUtils.java:getDBPath(222)) - ozone.om.db.dirs is not configured. We recommend adding this setting. Falling back to ozone.metadata.dirs instead.
2019-10-11 07:35:06,384 [main] WARN  server.ServerUtils (ServerUtils.java:getDBPath(222)) - ozone.om.db.dirs is not configured. We recommend adding this setting. Falling back to ozone.metadata.dirs instead.
2019-10-11 07:35:06,385 [main] INFO  db.DBStoreBuilder (DBStoreBuilder.java:addTable(117)) - using custom profile for table: userTable
2019-10-11 07:35:06,385 [main] INFO  db.DBStoreBuilder (DBStoreBuilder.java:processTables(168)) - Using default column profile:DBProfile.DISK for Table:userTable
2019-10-11 07:35:06,385 [main] INFO  db.DBStoreBuilder (DBStoreBuilder.java:addTable(117)) - using custom profile for table: volumeTable
2019-10-11 07:35:06,386 [main] INFO  db.DBStoreBuilder (DBStoreBuilder.java:processTables(168)) - Using default column profile:DBProfile.DISK for Table:volumeTable
2019-10-11 07:35:06,386 [main] INFO  db.DBStoreBuilder (DBStoreBuilder.java:addTable(117)) - using custom profile for table: bucketTable
2019-10-11 07:35:06,386 [main] INFO  db.DBStoreBuilder (DBStoreBuilder.java:processTables(168)) - Using default column profile:DBProfile.DISK for Table:bucketTable
2019-10-11 07:35:06,387 [main] INFO  db.DBStoreBuilder (DBStoreBuilder.java:addTable(117)) - using custom profile for table: keyTable
2019-10-11 07:35:06,387 [main] INFO  db.DBStoreBuilder (DBStoreBuilder.java:processTables(168)) - Using default column profile:DBProfile.DISK for Table:keyTable
2019-10-11 07:35:06,387 [main] INFO  db.DBStoreBuilder (DBStoreBuilder.java:addTable(117)) - using custom profile for table: deletedTable
2019-10-11 07:35:06,387 [main] INFO  db.DBStoreBuilder (DBStoreBuilder.java:processTables(168)) - Using default column profile:DBProfile.DISK for Table:deletedTable
2019-10-11 07:35:06,388 [main] INFO  db.DBStoreBuilder (DBStoreBuilder.java:addTable(117)) - using custom profile for table: openKeyTable
2019-10-11 07:35:06,388 [main] INFO  db.DBStoreBuilder (DBStoreBuilder.java:processTables(168)) - Using default column profile:DBProfile.DISK for Table:openKeyTable
2019-10-11 07:35:06,388 [main] INFO  db.DBStoreBuilder (DBStoreBuilder.java:addTable(117)) - using custom profile for table: s3Table
2019-10-11 07:35:06,389 [main] INFO  db.DBStoreBuilder (DBStoreBuilder.java:processTables(168)) - Using default column profile:DBProfile.DISK for Table:s3Table
2019-10-11 07:35:06,389 [main] INFO  db.DBStoreBuilder (DBStoreBuilder.java:addTable(117)) - using custom profile for table: multipartInfoTable
2019-10-11 07:35:06,389 [main] INFO  db.DBStoreBuilder (DBStoreBuilder.java:processTables(168)) - Using default column profile:DBProfile.DISK for Table:multipartInfoTable
2019-10-11 07:35:06,390 [main] INFO  db.DBStoreBuilder (DBStoreBuilder.java:addTable(117)) - using custom profile for table: dTokenTable
2019-10-11 07:35:06,390 [main] INFO  db.DBStoreBuilder (DBStoreBuilder.java:processTables(168)) - Using default column profile:DBProfile.DISK for Table:dTokenTable
2019-10-11 07:35:06,390 [main] INFO  db.DBStoreBuilder (DBStoreBuilder.java:addTable(117)) - using custom profile for table: s3SecretTable
2019-10-11 07:35:06,390 [main] INFO  db.DBStoreBuilder (DBStoreBuilder.java:processTables(168)) - Using default column profile:DBProfile.DISK for Table:s3SecretTable
2019-10-11 07:35:06,391 [main] INFO  db.DBStoreBuilder (DBStoreBuilder.java:addTable(117)) - using custom profile for table: prefixTable
2019-10-11 07:35:06,391 [main] INFO  db.DBStoreBuilder (DBStoreBuilder.java:processTables(168)) - Using default column profile:DBProfile.DISK for Table:prefixTable
2019-10-11 07:35:06,391 [main] INFO  db.DBStoreBuilder (DBStoreBuilder.java:addTable(117)) - using custom profile for table: default
2019-10-11 07:35:06,392 [main] INFO  db.DBStoreBuilder (DBStoreBuilder.java:processTables(174)) - Using default column profile:DBProfile.DISK for Table:default
2019-10-11 07:35:06,392 [main] INFO  db.DBStoreBuilder (DBStoreBuilder.java:getDbProfile(205)) - Using default options. DBProfile.DISK
2019-10-11 07:35:07,066 [main] INFO  ipc.CallQueueManager (CallQueueManager.java:<init>(84)) - Using callQueue: class java.util.concurrent.LinkedBlockingQueue, queueCapacity: 2000, scheduler: class org.apache.hadoop.ipc.DefaultRpcScheduler, ipcBackoff: false.
2019-10-11 07:35:07,067 [Socket Reader #1 for port 43508] INFO  ipc.Server (Server.java:run(1074)) - Starting Socket Reader #1 for port 43508
2019-10-11 07:35:07,082 [main] INFO  om.OzoneManager (OzoneManager.java:start(1061)) - OzoneManager RPC server is listening at localhost/127.0.0.1:43508
2019-10-11 07:35:07,082 [main] INFO  impl.MetricsSystemImpl (MetricsSystemImpl.java:init(158)) - OzoneManager metrics system started (again)
2019-10-11 07:35:07,083 [IPC Server Responder] INFO  ipc.Server (Server.java:run(1314)) - IPC Server Responder: starting
2019-10-11 07:35:07,085 [IPC Server listener on 43508] INFO  ipc.Server (Server.java:run(1153)) - IPC Server listener on 43508: starting
2019-10-11 07:35:07,089 [main] INFO  hdfs.DFSUtil (DFSUtil.java:httpServerTemplateForNNAndJN(1641)) - Starting Web-server for ozoneManager at: http://0.0.0.0:0
2019-10-11 07:35:07,090 [main] INFO  server.AuthenticationFilter (AuthenticationFilter.java:constructSecretProvider(240)) - Unable to initialize FileSignerSecretProvider, falling back to use random secrets.
2019-10-11 07:35:07,091 [main] WARN  http.HttpRequestLog (HttpRequestLog.java:getRequestLog(97)) - Jetty request log can only be enabled using Log4j
2019-10-11 07:35:07,093 [main] INFO  http.HttpServer2 (HttpServer2.java:addGlobalFilter(975)) - Added global filter 'safety' (class=org.apache.hadoop.http.HttpServer2$QuotingInputFilter)
2019-10-11 07:35:07,093 [main] INFO  http.HttpServer2 (HttpServer2.java:addFilter(948)) - Added filter static_user_filter (class=org.apache.hadoop.http.lib.StaticUserWebFilter$StaticUserFilter) to context ozoneManager
2019-10-11 07:35:07,093 [main] INFO  http.HttpServer2 (HttpServer2.java:addFilter(958)) - Added filter static_user_filter (class=org.apache.hadoop.http.lib.StaticUserWebFilter$StaticUserFilter) to context logs
2019-10-11 07:35:07,094 [main] INFO  http.HttpServer2 (HttpServer2.java:addFilter(958)) - Added filter static_user_filter (class=org.apache.hadoop.http.lib.StaticUserWebFilter$StaticUserFilter) to context static
2019-10-11 07:35:07,094 [main] INFO  http.HttpServer2 (HttpServer2.java:bindListener(1191)) - Jetty bound to port 40635
2019-10-11 07:35:07,094 [main] INFO  server.Server (Server.java:doStart(351)) - jetty-9.3.25.v20180904, build timestamp: 2018-09-04T21:11:46Z, git hash: 3ce520221d0240229c862b122d2b06c12a625732
2019-10-11 07:35:07,096 [main] INFO  handler.ContextHandler (ContextHandler.java:doStart(781)) - Started o.e.j.s.ServletContextHandler@46468f0{/logs,file:///workdir/hadoop-ozone/integration-test/target/log,AVAILABLE}
2019-10-11 07:35:07,096 [main] INFO  handler.ContextHandler (ContextHandler.java:doStart(781)) - Started o.e.j.s.ServletContextHandler@34a6d9db{/static,file:///workdir/hadoop-ozone/integration-test/target/test-classes/webapps/static,AVAILABLE}
2019-10-11 07:35:07,100 [main] INFO  handler.ContextHandler (ContextHandler.java:doStart(781)) - Started o.e.j.w.WebAppContext@39d77de9{/,file:///workdir/hadoop-ozone/integration-test/target/test-classes/webapps/ozoneManager/,AVAILABLE}{/ozoneManager}
2019-10-11 07:35:07,101 [main] INFO  server.AbstractConnector (AbstractConnector.java:doStart(278)) - Started ServerConnector@696fad31{HTTP/1.1,[http/1.1]}{0.0.0.0:40635}
2019-10-11 07:35:07,101 [main] INFO  server.Server (Server.java:doStart(419)) - Started @535180ms
2019-10-11 07:35:07,102 [main] WARN  impl.MetricsSystemImpl (MetricsSystemImpl.java:register(276)) - Sink prometheus already exists!
2019-10-11 07:35:07,103 [main] INFO  server.BaseHttpServer (BaseHttpServer.java:updateConnectorAddress(215)) - HTTP server of OZONEMANAGER is listening at http://0.0.0.0:40635
2019-10-11 07:35:07,120 [main] INFO  impl.MetricsSystemImpl (MetricsSystemImpl.java:init(158)) - HddsDatanode metrics system started (again)
2019-10-11 07:35:07,124 [main] INFO  ozone.HddsDatanodeService (HddsDatanodeService.java:start(184)) - HddsDatanodeService host:pr-hdds-2206-npvv8-3563359771 ip:192.168.164.209
2019-10-11 07:35:07,131 [main] INFO  volume.HddsVolume (HddsVolume.java:<init>(176)) - Creating Volume: /workdir/hadoop-ozone/integration-test/target/test-dir/MiniOzoneClusterImpl-b5204cf2-bad7-4711-9a54-58405b1ee90d/datanode-0/data/containers/hdds of  storage type : DISK and capacity : 1482555576320
2019-10-11 07:35:07,132 [main] INFO  volume.VolumeSet (VolumeSet.java:initializeVolumeSet(170)) - Added Volume : /workdir/hadoop-ozone/integration-test/target/test-dir/MiniOzoneClusterImpl-b5204cf2-bad7-4711-9a54-58405b1ee90d/datanode-0/data/containers/hdds to VolumeSet
2019-10-11 07:35:07,132 [main] INFO  volume.ThrottledAsyncChecker (ThrottledAsyncChecker.java:schedule(141)) - Scheduling a check for org.apache.hadoop.ozone.container.common.volume.HddsVolume@4fb64a52
2019-10-11 07:35:07,134 [main] INFO  volume.HddsVolumeChecker (HddsVolumeChecker.java:checkAllVolumes(204)) - Scheduled health check for volume org.apache.hadoop.ozone.container.common.volume.HddsVolume@4fb64a52
2019-10-11 07:35:07,149 [main] INFO  impl.RaftServerProxy (ConfUtils.java:logGet(43)) - raft.rpc.type = GRPC (default)
2019-10-11 07:35:07,149 [main] INFO  grpc.GrpcFactory (GrpcFactory.java:checkPooledByteBufAllocatorUseCacheForAllThreads(45)) - PERFORMANCE WARNING: useCacheForAllThreads is true that may cause Netty to create a lot garbage objects and, as a result, trigger GC.
	It is recommended to disable useCacheForAllThreads by setting -Dorg.apache.ratis.thirdparty.io.netty.allocator.useCacheForAllThreads=false in command line.
2019-10-11 07:35:07,149 [main] INFO  grpc.GrpcConfigKeys$Server (ConfUtils.java:logGet(43)) - raft.grpc.server.port = 0 (default)
2019-10-11 07:35:07,149 [main] INFO  server.GrpcService (ConfUtils.java:logGet(43)) - raft.grpc.message.size.max = 33570816 (custom)
2019-10-11 07:35:07,150 [main] INFO  server.RaftServerConfigKeys (ConfUtils.java:logGet(43)) - raft.server.log.appender.buffer.byte-limit = 33554432 (custom)
2019-10-11 07:35:07,150 [main] INFO  server.GrpcService (ConfUtils.java:logGet(43)) - raft.grpc.flow.control.window = 1MB (=1048576) (default)
2019-10-11 07:35:07,150 [main] INFO  server.RaftServerConfigKeys (ConfUtils.java:logGet(43)) - raft.server.rpc.request.timeout = 3000ms (default)
2019-10-11 07:35:07,151 [main] INFO  server.RaftServerConfigKeys (ConfUtils.java:logGet(43)) - raft.server.storage.dir = [/workdir/hadoop-ozone/integration-test/target/test-dir/MiniOzoneClusterImpl-b5204cf2-bad7-4711-9a54-58405b1ee90d/datanode-0/data/ratis] (custom)
2019-10-11 07:35:07,152 [main] INFO  hdfs.DFSUtil (DFSUtil.java:httpServerTemplateForNNAndJN(1641)) - Starting Web-server for hddsDatanode at: http://0.0.0.0:0
2019-10-11 07:35:07,153 [main] INFO  server.AuthenticationFilter (AuthenticationFilter.java:constructSecretProvider(240)) - Unable to initialize FileSignerSecretProvider, falling back to use random secrets.
2019-10-11 07:35:07,154 [main] WARN  http.HttpRequestLog (HttpRequestLog.java:getRequestLog(97)) - Jetty request log can only be enabled using Log4j
2019-10-11 07:35:07,155 [main] INFO  http.HttpServer2 (HttpServer2.java:addGlobalFilter(975)) - Added global filter 'safety' (class=org.apache.hadoop.http.HttpServer2$QuotingInputFilter)
2019-10-11 07:35:07,156 [main] INFO  http.HttpServer2 (HttpServer2.java:addFilter(948)) - Added filter static_user_filter (class=org.apache.hadoop.http.lib.StaticUserWebFilter$StaticUserFilter) to context hddsDatanode
2019-10-11 07:35:07,156 [main] INFO  http.HttpServer2 (HttpServer2.java:addFilter(958)) - Added filter static_user_filter (class=org.apache.hadoop.http.lib.StaticUserWebFilter$StaticUserFilter) to context logs
2019-10-11 07:35:07,156 [main] INFO  http.HttpServer2 (HttpServer2.java:addFilter(958)) - Added filter static_user_filter (class=org.apache.hadoop.http.lib.StaticUserWebFilter$StaticUserFilter) to context static
2019-10-11 07:35:07,157 [main] INFO  http.HttpServer2 (HttpServer2.java:bindListener(1191)) - Jetty bound to port 45781
2019-10-11 07:35:07,157 [main] INFO  server.Server (Server.java:doStart(351)) - jetty-9.3.25.v20180904, build timestamp: 2018-09-04T21:11:46Z, git hash: 3ce520221d0240229c862b122d2b06c12a625732
2019-10-11 07:35:07,158 [main] INFO  handler.ContextHandler (ContextHandler.java:doStart(781)) - Started o.e.j.s.ServletContextHandler@2484dbb7{/logs,file:///workdir/hadoop-ozone/integration-test/target/log,AVAILABLE}
2019-10-11 07:35:07,158 [main] INFO  handler.ContextHandler (ContextHandler.java:doStart(781)) - Started o.e.j.s.ServletContextHandler@48e41b5d{/static,jar:file:/home/user/.m2/repository/org/apache/hadoop/hadoop-hdds-container-service/0.5.0-SNAPSHOT/hadoop-hdds-container-service-0.5.0-SNAPSHOT.jar!/webapps/static,AVAILABLE}
2019-10-11 07:35:07,186 [main] INFO  handler.ContextHandler (ContextHandler.java:doStart(781)) - Started o.e.j.w.WebAppContext@279126f5{/,file:///tmp/jetty-0.0.0.0-45781-hddsDatanode-_-any-4307091936541893532.dir/webapp/,AVAILABLE}{/hddsDatanode}
2019-10-11 07:35:07,187 [main] INFO  server.AbstractConnector (AbstractConnector.java:doStart(278)) - Started ServerConnector@7781263c{HTTP/1.1,[http/1.1]}{0.0.0.0:45781}
2019-10-11 07:35:07,188 [main] INFO  server.Server (Server.java:doStart(419)) - Started @535267ms
2019-10-11 07:35:07,188 [main] WARN  impl.MetricsSystemImpl (MetricsSystemImpl.java:register(276)) - Sink prometheus already exists!
2019-10-11 07:35:07,189 [main] INFO  server.BaseHttpServer (BaseHttpServer.java:updateConnectorAddress(215)) - HTTP server of HDDSDATANODE is listening at http://0.0.0.0:45781
2019-10-11 07:35:07,189 [main] INFO  impl.MetricsSystemImpl (MetricsSystemImpl.java:init(158)) - HddsDatanode metrics system started (again)
2019-10-11 07:35:07,193 [org.apache.hadoop.util.JvmPauseMonitor$Monitor@1378337e] INFO  util.JvmPauseMonitor (JvmPauseMonitor.java:run(188)) - Starting JVM pause monitor
2019-10-11 07:35:07,193 [main] INFO  ozone.HddsDatanodeService (HddsDatanodeService.java:start(184)) - HddsDatanodeService host:pr-hdds-2206-npvv8-3563359771 ip:192.168.164.209
2019-10-11 07:35:07,195 [Datanode State Machine Thread - 0] INFO  datanode.InitDatanodeState (InitDatanodeState.java:persistContainerDatanodeDetails(140)) - DatanodeDetails is persisted to /workdir/hadoop-ozone/integration-test/target/test-dir/MiniOzoneClusterImpl-b5204cf2-bad7-4711-9a54-58405b1ee90d/datanode-0/meta/datanode.id
2019-10-11 07:35:07,198 [main] INFO  volume.HddsVolume (HddsVolume.java:<init>(176)) - Creating Volume: /workdir/hadoop-ozone/integration-test/target/test-dir/MiniOzoneClusterImpl-b5204cf2-bad7-4711-9a54-58405b1ee90d/datanode-1/data/containers/hdds of  storage type : DISK and capacity : 1482555576320
2019-10-11 07:35:07,199 [main] INFO  volume.VolumeSet (VolumeSet.java:initializeVolumeSet(170)) - Added Volume : /workdir/hadoop-ozone/integration-test/target/test-dir/MiniOzoneClusterImpl-b5204cf2-bad7-4711-9a54-58405b1ee90d/datanode-1/data/containers/hdds to VolumeSet
2019-10-11 07:35:07,199 [main] INFO  volume.ThrottledAsyncChecker (ThrottledAsyncChecker.java:schedule(141)) - Scheduling a check for org.apache.hadoop.ozone.container.common.volume.HddsVolume@7d133fb7
2019-10-11 07:35:07,199 [main] INFO  volume.HddsVolumeChecker (HddsVolumeChecker.java:checkAllVolumes(204)) - Scheduled health check for volume org.apache.hadoop.ozone.container.common.volume.HddsVolume@7d133fb7
2019-10-11 07:35:07,213 [main] INFO  impl.RaftServerProxy (ConfUtils.java:logGet(43)) - raft.rpc.type = GRPC (default)
2019-10-11 07:35:07,213 [main] INFO  grpc.GrpcFactory (GrpcFactory.java:checkPooledByteBufAllocatorUseCacheForAllThreads(45)) - PERFORMANCE WARNING: useCacheForAllThreads is true that may cause Netty to create a lot garbage objects and, as a result, trigger GC.
	It is recommended to disable useCacheForAllThreads by setting -Dorg.apache.ratis.thirdparty.io.netty.allocator.useCacheForAllThreads=false in command line.
2019-10-11 07:35:07,213 [main] INFO  grpc.GrpcConfigKeys$Server (ConfUtils.java:logGet(43)) - raft.grpc.server.port = 0 (default)
2019-10-11 07:35:07,213 [main] INFO  server.GrpcService (ConfUtils.java:logGet(43)) - raft.grpc.message.size.max = 33570816 (custom)
2019-10-11 07:35:07,214 [main] INFO  server.RaftServerConfigKeys (ConfUtils.java:logGet(43)) - raft.server.log.appender.buffer.byte-limit = 33554432 (custom)
2019-10-11 07:35:07,214 [main] INFO  server.GrpcService (ConfUtils.java:logGet(43)) - raft.grpc.flow.control.window = 1MB (=1048576) (default)
2019-10-11 07:35:07,214 [main] INFO  server.RaftServerConfigKeys (ConfUtils.java:logGet(43)) - raft.server.rpc.request.timeout = 3000ms (default)
2019-10-11 07:35:07,214 [main] INFO  server.RaftServerConfigKeys (ConfUtils.java:logGet(43)) - raft.server.storage.dir = [/workdir/hadoop-ozone/integration-test/target/test-dir/MiniOzoneClusterImpl-b5204cf2-bad7-4711-9a54-58405b1ee90d/datanode-1/data/ratis] (custom)
2019-10-11 07:35:07,215 [main] INFO  hdfs.DFSUtil (DFSUtil.java:httpServerTemplateForNNAndJN(1641)) - Starting Web-server for hddsDatanode at: http://0.0.0.0:0
2019-10-11 07:35:07,217 [main] INFO  server.AuthenticationFilter (AuthenticationFilter.java:constructSecretProvider(240)) - Unable to initialize FileSignerSecretProvider, falling back to use random secrets.
2019-10-11 07:35:07,217 [main] WARN  http.HttpRequestLog (HttpRequestLog.java:getRequestLog(97)) - Jetty request log can only be enabled using Log4j
2019-10-11 07:35:07,218 [main] INFO  http.HttpServer2 (HttpServer2.java:addGlobalFilter(975)) - Added global filter 'safety' (class=org.apache.hadoop.http.HttpServer2$QuotingInputFilter)
2019-10-11 07:35:07,219 [main] INFO  http.HttpServer2 (HttpServer2.java:addFilter(948)) - Added filter static_user_filter (class=org.apache.hadoop.http.lib.StaticUserWebFilter$StaticUserFilter) to context hddsDatanode
2019-10-11 07:35:07,219 [main] INFO  http.HttpServer2 (HttpServer2.java:addFilter(958)) - Added filter static_user_filter (class=org.apache.hadoop.http.lib.StaticUserWebFilter$StaticUserFilter) to context static
2019-10-11 07:35:07,219 [main] INFO  http.HttpServer2 (HttpServer2.java:addFilter(958)) - Added filter static_user_filter (class=org.apache.hadoop.http.lib.StaticUserWebFilter$StaticUserFilter) to context logs
2019-10-11 07:35:07,220 [main] INFO  http.HttpServer2 (HttpServer2.java:bindListener(1191)) - Jetty bound to port 45573
2019-10-11 07:35:07,220 [main] INFO  server.Server (Server.java:doStart(351)) - jetty-9.3.25.v20180904, build timestamp: 2018-09-04T21:11:46Z, git hash: 3ce520221d0240229c862b122d2b06c12a625732
2019-10-11 07:35:07,221 [main] INFO  handler.ContextHandler (ContextHandler.java:doStart(781)) - Started o.e.j.s.ServletContextHandler@16681017{/logs,file:///workdir/hadoop-ozone/integration-test/target/log,AVAILABLE}
2019-10-11 07:35:07,222 [main] INFO  handler.ContextHandler (ContextHandler.java:doStart(781)) - Started o.e.j.s.ServletContextHandler@37775bb1{/static,jar:file:/home/user/.m2/repository/org/apache/hadoop/hadoop-hdds-container-service/0.5.0-SNAPSHOT/hadoop-hdds-container-service-0.5.0-SNAPSHOT.jar!/webapps/static,AVAILABLE}
2019-10-11 07:35:07,250 [main] INFO  handler.ContextHandler (ContextHandler.java:doStart(781)) - Started o.e.j.w.WebAppContext@559991f5{/,file:///tmp/jetty-0.0.0.0-45573-hddsDatanode-_-any-2664473942469541944.dir/webapp/,AVAILABLE}{/hddsDatanode}
2019-10-11 07:35:07,250 [main] INFO  server.AbstractConnector (AbstractConnector.java:doStart(278)) - Started ServerConnector@34c76167{HTTP/1.1,[http/1.1]}{0.0.0.0:45573}
2019-10-11 07:35:07,251 [main] INFO  server.Server (Server.java:doStart(419)) - Started @535329ms
2019-10-11 07:35:07,251 [main] WARN  impl.MetricsSystemImpl (MetricsSystemImpl.java:register(276)) - Sink prometheus already exists!
2019-10-11 07:35:07,252 [main] INFO  server.BaseHttpServer (BaseHttpServer.java:updateConnectorAddress(215)) - HTTP server of HDDSDATANODE is listening at http://0.0.0.0:45573
2019-10-11 07:35:07,252 [main] INFO  impl.MetricsSystemImpl (MetricsSystemImpl.java:init(158)) - HddsDatanode metrics system started (again)
2019-10-11 07:35:07,256 [org.apache.hadoop.util.JvmPauseMonitor$Monitor@47d974a8] INFO  util.JvmPauseMonitor (JvmPauseMonitor.java:run(188)) - Starting JVM pause monitor
2019-10-11 07:35:07,257 [main] INFO  ozone.HddsDatanodeService (HddsDatanodeService.java:start(184)) - HddsDatanodeService host:pr-hdds-2206-npvv8-3563359771 ip:192.168.164.209
2019-10-11 07:35:07,257 [Datanode State Machine Thread - 0] INFO  datanode.InitDatanodeState (InitDatanodeState.java:persistContainerDatanodeDetails(140)) - DatanodeDetails is persisted to /workdir/hadoop-ozone/integration-test/target/test-dir/MiniOzoneClusterImpl-b5204cf2-bad7-4711-9a54-58405b1ee90d/datanode-1/meta/datanode.id
2019-10-11 07:35:07,263 [main] INFO  volume.HddsVolume (HddsVolume.java:<init>(176)) - Creating Volume: /workdir/hadoop-ozone/integration-test/target/test-dir/MiniOzoneClusterImpl-b5204cf2-bad7-4711-9a54-58405b1ee90d/datanode-2/data/containers/hdds of  storage type : DISK and capacity : 1482555576320
2019-10-11 07:35:07,263 [main] INFO  volume.VolumeSet (VolumeSet.java:initializeVolumeSet(170)) - Added Volume : /workdir/hadoop-ozone/integration-test/target/test-dir/MiniOzoneClusterImpl-b5204cf2-bad7-4711-9a54-58405b1ee90d/datanode-2/data/containers/hdds to VolumeSet
2019-10-11 07:35:07,263 [main] INFO  volume.ThrottledAsyncChecker (ThrottledAsyncChecker.java:schedule(141)) - Scheduling a check for org.apache.hadoop.ozone.container.common.volume.HddsVolume@39133244
2019-10-11 07:35:07,264 [main] INFO  volume.HddsVolumeChecker (HddsVolumeChecker.java:checkAllVolumes(204)) - Scheduled health check for volume org.apache.hadoop.ozone.container.common.volume.HddsVolume@39133244
2019-10-11 07:35:07,278 [main] INFO  impl.RaftServerProxy (ConfUtils.java:logGet(43)) - raft.rpc.type = GRPC (default)
2019-10-11 07:35:07,278 [main] INFO  grpc.GrpcFactory (GrpcFactory.java:checkPooledByteBufAllocatorUseCacheForAllThreads(45)) - PERFORMANCE WARNING: useCacheForAllThreads is true that may cause Netty to create a lot garbage objects and, as a result, trigger GC.
	It is recommended to disable useCacheForAllThreads by setting -Dorg.apache.ratis.thirdparty.io.netty.allocator.useCacheForAllThreads=false in command line.
2019-10-11 07:35:07,278 [main] INFO  grpc.GrpcConfigKeys$Server (ConfUtils.java:logGet(43)) - raft.grpc.server.port = 0 (default)
2019-10-11 07:35:07,279 [main] INFO  server.GrpcService (ConfUtils.java:logGet(43)) - raft.grpc.message.size.max = 33570816 (custom)
2019-10-11 07:35:07,279 [main] INFO  server.RaftServerConfigKeys (ConfUtils.java:logGet(43)) - raft.server.log.appender.buffer.byte-limit = 33554432 (custom)
2019-10-11 07:35:07,279 [main] INFO  server.GrpcService (ConfUtils.java:logGet(43)) - raft.grpc.flow.control.window = 1MB (=1048576) (default)
2019-10-11 07:35:07,279 [main] INFO  server.RaftServerConfigKeys (ConfUtils.java:logGet(43)) - raft.server.rpc.request.timeout = 3000ms (default)
2019-10-11 07:35:07,280 [main] INFO  server.RaftServerConfigKeys (ConfUtils.java:logGet(43)) - raft.server.storage.dir = [/workdir/hadoop-ozone/integration-test/target/test-dir/MiniOzoneClusterImpl-b5204cf2-bad7-4711-9a54-58405b1ee90d/datanode-2/data/ratis] (custom)
2019-10-11 07:35:07,281 [main] INFO  hdfs.DFSUtil (DFSUtil.java:httpServerTemplateForNNAndJN(1641)) - Starting Web-server for hddsDatanode at: http://0.0.0.0:0
2019-10-11 07:35:07,282 [main] INFO  server.AuthenticationFilter (AuthenticationFilter.java:constructSecretProvider(240)) - Unable to initialize FileSignerSecretProvider, falling back to use random secrets.
2019-10-11 07:35:07,282 [main] WARN  http.HttpRequestLog (HttpRequestLog.java:getRequestLog(97)) - Jetty request log can only be enabled using Log4j
2019-10-11 07:35:07,284 [main] INFO  http.HttpServer2 (HttpServer2.java:addGlobalFilter(975)) - Added global filter 'safety' (class=org.apache.hadoop.http.HttpServer2$QuotingInputFilter)
2019-10-11 07:35:07,284 [main] INFO  http.HttpServer2 (HttpServer2.java:addFilter(948)) - Added filter static_user_filter (class=org.apache.hadoop.http.lib.StaticUserWebFilter$StaticUserFilter) to context hddsDatanode
2019-10-11 07:35:07,284 [main] INFO  http.HttpServer2 (HttpServer2.java:addFilter(958)) - Added filter static_user_filter (class=org.apache.hadoop.http.lib.StaticUserWebFilter$StaticUserFilter) to context static
2019-10-11 07:35:07,285 [main] INFO  http.HttpServer2 (HttpServer2.java:addFilter(958)) - Added filter static_user_filter (class=org.apache.hadoop.http.lib.StaticUserWebFilter$StaticUserFilter) to context logs
2019-10-11 07:35:07,285 [main] INFO  http.HttpServer2 (HttpServer2.java:bindListener(1191)) - Jetty bound to port 45786
2019-10-11 07:35:07,285 [main] INFO  server.Server (Server.java:doStart(351)) - jetty-9.3.25.v20180904, build timestamp: 2018-09-04T21:11:46Z, git hash: 3ce520221d0240229c862b122d2b06c12a625732
2019-10-11 07:35:07,287 [main] INFO  handler.ContextHandler (ContextHandler.java:doStart(781)) - Started o.e.j.s.ServletContextHandler@58a7dc4{/logs,file:///workdir/hadoop-ozone/integration-test/target/log,AVAILABLE}
2019-10-11 07:35:07,287 [main] INFO  handler.ContextHandler (ContextHandler.java:doStart(781)) - Started o.e.j.s.ServletContextHandler@27f71195{/static,jar:file:/home/user/.m2/repository/org/apache/hadoop/hadoop-hdds-container-service/0.5.0-SNAPSHOT/hadoop-hdds-container-service-0.5.0-SNAPSHOT.jar!/webapps/static,AVAILABLE}
2019-10-11 07:35:07,316 [main] INFO  handler.ContextHandler (ContextHandler.java:doStart(781)) - Started o.e.j.w.WebAppContext@241b971f{/,file:///tmp/jetty-0.0.0.0-45786-hddsDatanode-_-any-7843126454660190985.dir/webapp/,AVAILABLE}{/hddsDatanode}
2019-10-11 07:35:07,317 [main] INFO  server.AbstractConnector (AbstractConnector.java:doStart(278)) - Started ServerConnector@125f16b2{HTTP/1.1,[http/1.1]}{0.0.0.0:45786}
2019-10-11 07:35:07,318 [main] INFO  server.Server (Server.java:doStart(419)) - Started @535397ms
2019-10-11 07:35:07,318 [main] WARN  impl.MetricsSystemImpl (MetricsSystemImpl.java:register(276)) - Sink prometheus already exists!
2019-10-11 07:35:07,319 [main] INFO  server.BaseHttpServer (BaseHttpServer.java:updateConnectorAddress(215)) - HTTP server of HDDSDATANODE is listening at http://0.0.0.0:45786
2019-10-11 07:35:07,319 [main] INFO  impl.MetricsSystemImpl (MetricsSystemImpl.java:init(158)) - HddsDatanode metrics system started (again)
2019-10-11 07:35:07,324 [org.apache.hadoop.util.JvmPauseMonitor$Monitor@2cfdc219] INFO  util.JvmPauseMonitor (JvmPauseMonitor.java:run(188)) - Starting JVM pause monitor
2019-10-11 07:35:07,325 [Datanode State Machine Thread - 0] INFO  datanode.InitDatanodeState (InitDatanodeState.java:persistContainerDatanodeDetails(140)) - DatanodeDetails is persisted to /workdir/hadoop-ozone/integration-test/target/test-dir/MiniOzoneClusterImpl-b5204cf2-bad7-4711-9a54-58405b1ee90d/datanode-2/meta/datanode.id
2019-10-11 07:35:07,325 [main] INFO  ozone.HddsDatanodeService (HddsDatanodeService.java:start(184)) - HddsDatanodeService host:pr-hdds-2206-npvv8-3563359771 ip:192.168.164.209
2019-10-11 07:35:07,330 [main] INFO  volume.HddsVolume (HddsVolume.java:<init>(176)) - Creating Volume: /workdir/hadoop-ozone/integration-test/target/test-dir/MiniOzoneClusterImpl-b5204cf2-bad7-4711-9a54-58405b1ee90d/datanode-3/data/containers/hdds of  storage type : DISK and capacity : 1482555576320
2019-10-11 07:35:07,331 [main] INFO  volume.VolumeSet (VolumeSet.java:initializeVolumeSet(170)) - Added Volume : /workdir/hadoop-ozone/integration-test/target/test-dir/MiniOzoneClusterImpl-b5204cf2-bad7-4711-9a54-58405b1ee90d/datanode-3/data/containers/hdds to VolumeSet
2019-10-11 07:35:07,331 [main] INFO  volume.ThrottledAsyncChecker (ThrottledAsyncChecker.java:schedule(141)) - Scheduling a check for org.apache.hadoop.ozone.container.common.volume.HddsVolume@3de79067
2019-10-11 07:35:07,331 [main] INFO  volume.HddsVolumeChecker (HddsVolumeChecker.java:checkAllVolumes(204)) - Scheduled health check for volume org.apache.hadoop.ozone.container.common.volume.HddsVolume@3de79067
2019-10-11 07:35:07,346 [main] INFO  impl.RaftServerProxy (ConfUtils.java:logGet(43)) - raft.rpc.type = GRPC (default)
2019-10-11 07:35:07,347 [main] INFO  grpc.GrpcFactory (GrpcFactory.java:checkPooledByteBufAllocatorUseCacheForAllThreads(45)) - PERFORMANCE WARNING: useCacheForAllThreads is true that may cause Netty to create a lot garbage objects and, as a result, trigger GC.
	It is recommended to disable useCacheForAllThreads by setting -Dorg.apache.ratis.thirdparty.io.netty.allocator.useCacheForAllThreads=false in command line.
2019-10-11 07:35:07,347 [main] INFO  grpc.GrpcConfigKeys$Server (ConfUtils.java:logGet(43)) - raft.grpc.server.port = 0 (default)
2019-10-11 07:35:07,347 [main] INFO  server.GrpcService (ConfUtils.java:logGet(43)) - raft.grpc.message.size.max = 33570816 (custom)
2019-10-11 07:35:07,347 [main] INFO  server.RaftServerConfigKeys (ConfUtils.java:logGet(43)) - raft.server.log.appender.buffer.byte-limit = 33554432 (custom)
2019-10-11 07:35:07,347 [main] INFO  server.GrpcService (ConfUtils.java:logGet(43)) - raft.grpc.flow.control.window = 1MB (=1048576) (default)
2019-10-11 07:35:07,347 [main] INFO  server.RaftServerConfigKeys (ConfUtils.java:logGet(43)) - raft.server.rpc.request.timeout = 3000ms (default)
2019-10-11 07:35:07,348 [main] INFO  server.RaftServerConfigKeys (ConfUtils.java:logGet(43)) - raft.server.storage.dir = [/workdir/hadoop-ozone/integration-test/target/test-dir/MiniOzoneClusterImpl-b5204cf2-bad7-4711-9a54-58405b1ee90d/datanode-3/data/ratis] (custom)
2019-10-11 07:35:07,349 [main] INFO  hdfs.DFSUtil (DFSUtil.java:httpServerTemplateForNNAndJN(1641)) - Starting Web-server for hddsDatanode at: http://0.0.0.0:0
2019-10-11 07:35:07,350 [main] INFO  server.AuthenticationFilter (AuthenticationFilter.java:constructSecretProvider(240)) - Unable to initialize FileSignerSecretProvider, falling back to use random secrets.
2019-10-11 07:35:07,351 [main] WARN  http.HttpRequestLog (HttpRequestLog.java:getRequestLog(97)) - Jetty request log can only be enabled using Log4j
2019-10-11 07:35:07,352 [main] INFO  http.HttpServer2 (HttpServer2.java:addGlobalFilter(975)) - Added global filter 'safety' (class=org.apache.hadoop.http.HttpServer2$QuotingInputFilter)
2019-10-11 07:35:07,353 [main] INFO  http.HttpServer2 (HttpServer2.java:addFilter(948)) - Added filter static_user_filter (class=org.apache.hadoop.http.lib.StaticUserWebFilter$StaticUserFilter) to context hddsDatanode
2019-10-11 07:35:07,353 [main] INFO  http.HttpServer2 (HttpServer2.java:addFilter(958)) - Added filter static_user_filter (class=org.apache.hadoop.http.lib.StaticUserWebFilter$StaticUserFilter) to context logs
2019-10-11 07:35:07,353 [main] INFO  http.HttpServer2 (HttpServer2.java:addFilter(958)) - Added filter static_user_filter (class=org.apache.hadoop.http.lib.StaticUserWebFilter$StaticUserFilter) to context static
2019-10-11 07:35:07,354 [main] INFO  http.HttpServer2 (HttpServer2.java:bindListener(1191)) - Jetty bound to port 43805
2019-10-11 07:35:07,354 [main] INFO  server.Server (Server.java:doStart(351)) - jetty-9.3.25.v20180904, build timestamp: 2018-09-04T21:11:46Z, git hash: 3ce520221d0240229c862b122d2b06c12a625732
2019-10-11 07:35:07,355 [main] INFO  handler.ContextHandler (ContextHandler.java:doStart(781)) - Started o.e.j.s.ServletContextHandler@2fde9469{/logs,file:///workdir/hadoop-ozone/integration-test/target/log,AVAILABLE}
2019-10-11 07:35:07,355 [main] INFO  handler.ContextHandler (ContextHandler.java:doStart(781)) - Started o.e.j.s.ServletContextHandler@458031da{/static,jar:file:/home/user/.m2/repository/org/apache/hadoop/hadoop-hdds-container-service/0.5.0-SNAPSHOT/hadoop-hdds-container-service-0.5.0-SNAPSHOT.jar!/webapps/static,AVAILABLE}
2019-10-11 07:35:07,384 [main] INFO  handler.ContextHandler (ContextHandler.java:doStart(781)) - Started o.e.j.w.WebAppContext@25a5c8e{/,file:///tmp/jetty-0.0.0.0-43805-hddsDatanode-_-any-4436288867356250351.dir/webapp/,AVAILABLE}{/hddsDatanode}
2019-10-11 07:35:07,384 [main] INFO  server.AbstractConnector (AbstractConnector.java:doStart(278)) - Started ServerConnector@656c5c3{HTTP/1.1,[http/1.1]}{0.0.0.0:43805}
2019-10-11 07:35:07,386 [main] INFO  server.Server (Server.java:doStart(419)) - Started @535463ms
2019-10-11 07:35:07,386 [main] WARN  impl.MetricsSystemImpl (MetricsSystemImpl.java:register(276)) - Sink prometheus already exists!
2019-10-11 07:35:07,387 [main] INFO  server.BaseHttpServer (BaseHttpServer.java:updateConnectorAddress(215)) - HTTP server of HDDSDATANODE is listening at http://0.0.0.0:43805
2019-10-11 07:35:07,387 [main] INFO  impl.MetricsSystemImpl (MetricsSystemImpl.java:init(158)) - HddsDatanode metrics system started (again)
2019-10-11 07:35:07,392 [org.apache.hadoop.util.JvmPauseMonitor$Monitor@19a9cd4e] INFO  util.JvmPauseMonitor (JvmPauseMonitor.java:run(188)) - Starting JVM pause monitor
2019-10-11 07:35:07,393 [main] INFO  ozone.HddsDatanodeService (HddsDatanodeService.java:start(184)) - HddsDatanodeService host:pr-hdds-2206-npvv8-3563359771 ip:192.168.164.209
2019-10-11 07:35:07,394 [Datanode State Machine Thread - 0] INFO  datanode.InitDatanodeState (InitDatanodeState.java:persistContainerDatanodeDetails(140)) - DatanodeDetails is persisted to /workdir/hadoop-ozone/integration-test/target/test-dir/MiniOzoneClusterImpl-b5204cf2-bad7-4711-9a54-58405b1ee90d/datanode-3/meta/datanode.id
2019-10-11 07:35:07,400 [main] INFO  volume.HddsVolume (HddsVolume.java:<init>(176)) - Creating Volume: /workdir/hadoop-ozone/integration-test/target/test-dir/MiniOzoneClusterImpl-b5204cf2-bad7-4711-9a54-58405b1ee90d/datanode-4/data/containers/hdds of  storage type : DISK and capacity : 1482555576320
2019-10-11 07:35:07,400 [main] INFO  volume.VolumeSet (VolumeSet.java:initializeVolumeSet(170)) - Added Volume : /workdir/hadoop-ozone/integration-test/target/test-dir/MiniOzoneClusterImpl-b5204cf2-bad7-4711-9a54-58405b1ee90d/datanode-4/data/containers/hdds to VolumeSet
2019-10-11 07:35:07,400 [main] INFO  volume.ThrottledAsyncChecker (ThrottledAsyncChecker.java:schedule(141)) - Scheduling a check for org.apache.hadoop.ozone.container.common.volume.HddsVolume@191ec193
2019-10-11 07:35:07,401 [main] INFO  volume.HddsVolumeChecker (HddsVolumeChecker.java:checkAllVolumes(204)) - Scheduled health check for volume org.apache.hadoop.ozone.container.common.volume.HddsVolume@191ec193
2019-10-11 07:35:07,415 [main] INFO  impl.RaftServerProxy (ConfUtils.java:logGet(43)) - raft.rpc.type = GRPC (default)
2019-10-11 07:35:07,415 [main] INFO  grpc.GrpcFactory (GrpcFactory.java:checkPooledByteBufAllocatorUseCacheForAllThreads(45)) - PERFORMANCE WARNING: useCacheForAllThreads is true that may cause Netty to create a lot garbage objects and, as a result, trigger GC.
	It is recommended to disable useCacheForAllThreads by setting -Dorg.apache.ratis.thirdparty.io.netty.allocator.useCacheForAllThreads=false in command line.
2019-10-11 07:35:07,415 [main] INFO  grpc.GrpcConfigKeys$Server (ConfUtils.java:logGet(43)) - raft.grpc.server.port = 0 (default)
2019-10-11 07:35:07,416 [main] INFO  server.GrpcService (ConfUtils.java:logGet(43)) - raft.grpc.message.size.max = 33570816 (custom)
2019-10-11 07:35:07,416 [main] INFO  server.RaftServerConfigKeys (ConfUtils.java:logGet(43)) - raft.server.log.appender.buffer.byte-limit = 33554432 (custom)
2019-10-11 07:35:07,416 [main] INFO  server.GrpcService (ConfUtils.java:logGet(43)) - raft.grpc.flow.control.window = 1MB (=1048576) (default)
2019-10-11 07:35:07,416 [main] INFO  server.RaftServerConfigKeys (ConfUtils.java:logGet(43)) - raft.server.rpc.request.timeout = 3000ms (default)
2019-10-11 07:35:07,417 [main] INFO  server.RaftServerConfigKeys (ConfUtils.java:logGet(43)) - raft.server.storage.dir = [/workdir/hadoop-ozone/integration-test/target/test-dir/MiniOzoneClusterImpl-b5204cf2-bad7-4711-9a54-58405b1ee90d/datanode-4/data/ratis] (custom)
2019-10-11 07:35:07,417 [main] INFO  hdfs.DFSUtil (DFSUtil.java:httpServerTemplateForNNAndJN(1641)) - Starting Web-server for hddsDatanode at: http://0.0.0.0:0
2019-10-11 07:35:07,418 [main] INFO  server.AuthenticationFilter (AuthenticationFilter.java:constructSecretProvider(240)) - Unable to initialize FileSignerSecretProvider, falling back to use random secrets.
2019-10-11 07:35:07,419 [main] WARN  http.HttpRequestLog (HttpRequestLog.java:getRequestLog(97)) - Jetty request log can only be enabled using Log4j
2019-10-11 07:35:07,420 [main] INFO  http.HttpServer2 (HttpServer2.java:addGlobalFilter(975)) - Added global filter 'safety' (class=org.apache.hadoop.http.HttpServer2$QuotingInputFilter)
2019-10-11 07:35:07,420 [main] INFO  http.HttpServer2 (HttpServer2.java:addFilter(948)) - Added filter static_user_filter (class=org.apache.hadoop.http.lib.StaticUserWebFilter$StaticUserFilter) to context hddsDatanode
2019-10-11 07:35:07,420 [main] INFO  http.HttpServer2 (HttpServer2.java:addFilter(958)) - Added filter static_user_filter (class=org.apache.hadoop.http.lib.StaticUserWebFilter$StaticUserFilter) to context logs
2019-10-11 07:35:07,421 [main] INFO  http.HttpServer2 (HttpServer2.java:addFilter(958)) - Added filter static_user_filter (class=org.apache.hadoop.http.lib.StaticUserWebFilter$StaticUserFilter) to context static
2019-10-11 07:35:07,421 [main] INFO  http.HttpServer2 (HttpServer2.java:bindListener(1191)) - Jetty bound to port 42029
2019-10-11 07:35:07,421 [main] INFO  server.Server (Server.java:doStart(351)) - jetty-9.3.25.v20180904, build timestamp: 2018-09-04T21:11:46Z, git hash: 3ce520221d0240229c862b122d2b06c12a625732
2019-10-11 07:35:07,422 [main] INFO  handler.ContextHandler (ContextHandler.java:doStart(781)) - Started o.e.j.s.ServletContextHandler@6dd79214{/logs,file:///workdir/hadoop-ozone/integration-test/target/log,AVAILABLE}
2019-10-11 07:35:07,423 [main] INFO  handler.ContextHandler (ContextHandler.java:doStart(781)) - Started o.e.j.s.ServletContextHandler@123307c4{/static,jar:file:/home/user/.m2/repository/org/apache/hadoop/hadoop-hdds-container-service/0.5.0-SNAPSHOT/hadoop-hdds-container-service-0.5.0-SNAPSHOT.jar!/webapps/static,AVAILABLE}
2019-10-11 07:35:07,451 [main] INFO  handler.ContextHandler (ContextHandler.java:doStart(781)) - Started o.e.j.w.WebAppContext@342beaf6{/,file:///tmp/jetty-0.0.0.0-42029-hddsDatanode-_-any-6119942950136480519.dir/webapp/,AVAILABLE}{/hddsDatanode}
2019-10-11 07:35:07,451 [main] INFO  server.AbstractConnector (AbstractConnector.java:doStart(278)) - Started ServerConnector@222acad{HTTP/1.1,[http/1.1]}{0.0.0.0:42029}
2019-10-11 07:35:07,451 [main] INFO  server.Server (Server.java:doStart(419)) - Started @535530ms
2019-10-11 07:35:07,453 [main] WARN  impl.MetricsSystemImpl (MetricsSystemImpl.java:register(276)) - Sink prometheus already exists!
2019-10-11 07:35:07,453 [main] INFO  server.BaseHttpServer (BaseHttpServer.java:updateConnectorAddress(215)) - HTTP server of HDDSDATANODE is listening at http://0.0.0.0:42029
2019-10-11 07:35:07,453 [main] INFO  impl.MetricsSystemImpl (MetricsSystemImpl.java:init(158)) - HddsDatanode metrics system started (again)
2019-10-11 07:35:07,458 [org.apache.hadoop.util.JvmPauseMonitor$Monitor@2a6427d8] INFO  util.JvmPauseMonitor (JvmPauseMonitor.java:run(188)) - Starting JVM pause monitor
2019-10-11 07:35:07,459 [main] INFO  ozone.HddsDatanodeService (HddsDatanodeService.java:start(184)) - HddsDatanodeService host:pr-hdds-2206-npvv8-3563359771 ip:192.168.164.209
2019-10-11 07:35:07,460 [Datanode State Machine Thread - 0] INFO  datanode.InitDatanodeState (InitDatanodeState.java:persistContainerDatanodeDetails(140)) - DatanodeDetails is persisted to /workdir/hadoop-ozone/integration-test/target/test-dir/MiniOzoneClusterImpl-b5204cf2-bad7-4711-9a54-58405b1ee90d/datanode-4/meta/datanode.id
2019-10-11 07:35:07,466 [main] INFO  volume.HddsVolume (HddsVolume.java:<init>(176)) - Creating Volume: /workdir/hadoop-ozone/integration-test/target/test-dir/MiniOzoneClusterImpl-b5204cf2-bad7-4711-9a54-58405b1ee90d/datanode-5/data/containers/hdds of  storage type : DISK and capacity : 1482555576320
2019-10-11 07:35:07,466 [main] INFO  volume.VolumeSet (VolumeSet.java:initializeVolumeSet(170)) - Added Volume : /workdir/hadoop-ozone/integration-test/target/test-dir/MiniOzoneClusterImpl-b5204cf2-bad7-4711-9a54-58405b1ee90d/datanode-5/data/containers/hdds to VolumeSet
2019-10-11 07:35:07,466 [main] INFO  volume.ThrottledAsyncChecker (ThrottledAsyncChecker.java:schedule(141)) - Scheduling a check for org.apache.hadoop.ozone.container.common.volume.HddsVolume@7ea71fc2
2019-10-11 07:35:07,466 [main] INFO  volume.HddsVolumeChecker (HddsVolumeChecker.java:checkAllVolumes(204)) - Scheduled health check for volume org.apache.hadoop.ozone.container.common.volume.HddsVolume@7ea71fc2
2019-10-11 07:35:07,478 [main] INFO  impl.RaftServerProxy (ConfUtils.java:logGet(43)) - raft.rpc.type = GRPC (default)
2019-10-11 07:35:07,479 [main] INFO  grpc.GrpcFactory (GrpcFactory.java:checkPooledByteBufAllocatorUseCacheForAllThreads(45)) - PERFORMANCE WARNING: useCacheForAllThreads is true that may cause Netty to create a lot garbage objects and, as a result, trigger GC.
	It is recommended to disable useCacheForAllThreads by setting -Dorg.apache.ratis.thirdparty.io.netty.allocator.useCacheForAllThreads=false in command line.
2019-10-11 07:35:07,479 [main] INFO  grpc.GrpcConfigKeys$Server (ConfUtils.java:logGet(43)) - raft.grpc.server.port = 0 (default)
2019-10-11 07:35:07,479 [main] INFO  server.GrpcService (ConfUtils.java:logGet(43)) - raft.grpc.message.size.max = 33570816 (custom)
2019-10-11 07:35:07,479 [main] INFO  server.RaftServerConfigKeys (ConfUtils.java:logGet(43)) - raft.server.log.appender.buffer.byte-limit = 33554432 (custom)
2019-10-11 07:35:07,479 [main] INFO  server.GrpcService (ConfUtils.java:logGet(43)) - raft.grpc.flow.control.window = 1MB (=1048576) (default)
2019-10-11 07:35:07,480 [main] INFO  server.RaftServerConfigKeys (ConfUtils.java:logGet(43)) - raft.server.rpc.request.timeout = 3000ms (default)
2019-10-11 07:35:07,480 [main] INFO  server.RaftServerConfigKeys (ConfUtils.java:logGet(43)) - raft.server.storage.dir = [/workdir/hadoop-ozone/integration-test/target/test-dir/MiniOzoneClusterImpl-b5204cf2-bad7-4711-9a54-58405b1ee90d/datanode-5/data/ratis] (custom)
2019-10-11 07:35:07,481 [main] INFO  hdfs.DFSUtil (DFSUtil.java:httpServerTemplateForNNAndJN(1641)) - Starting Web-server for hddsDatanode at: http://0.0.0.0:0
2019-10-11 07:35:07,482 [main] INFO  server.AuthenticationFilter (AuthenticationFilter.java:constructSecretProvider(240)) - Unable to initialize FileSignerSecretProvider, falling back to use random secrets.
2019-10-11 07:35:07,482 [main] WARN  http.HttpRequestLog (HttpRequestLog.java:getRequestLog(97)) - Jetty request log can only be enabled using Log4j
2019-10-11 07:35:07,483 [main] INFO  http.HttpServer2 (HttpServer2.java:addGlobalFilter(975)) - Added global filter 'safety' (class=org.apache.hadoop.http.HttpServer2$QuotingInputFilter)
2019-10-11 07:35:07,484 [main] INFO  http.HttpServer2 (HttpServer2.java:addFilter(948)) - Added filter static_user_filter (class=org.apache.hadoop.http.lib.StaticUserWebFilter$StaticUserFilter) to context hddsDatanode
2019-10-11 07:35:07,484 [main] INFO  http.HttpServer2 (HttpServer2.java:addFilter(958)) - Added filter static_user_filter (class=org.apache.hadoop.http.lib.StaticUserWebFilter$StaticUserFilter) to context static
2019-10-11 07:35:07,484 [main] INFO  http.HttpServer2 (HttpServer2.java:addFilter(958)) - Added filter static_user_filter (class=org.apache.hadoop.http.lib.StaticUserWebFilter$StaticUserFilter) to context logs
2019-10-11 07:35:07,484 [main] INFO  http.HttpServer2 (HttpServer2.java:bindListener(1191)) - Jetty bound to port 44671
2019-10-11 07:35:07,485 [main] INFO  server.Server (Server.java:doStart(351)) - jetty-9.3.25.v20180904, build timestamp: 2018-09-04T21:11:46Z, git hash: 3ce520221d0240229c862b122d2b06c12a625732
2019-10-11 07:35:07,486 [main] INFO  handler.ContextHandler (ContextHandler.java:doStart(781)) - Started o.e.j.s.ServletContextHandler@3be3e76c{/logs,file:///workdir/hadoop-ozone/integration-test/target/log,AVAILABLE}
2019-10-11 07:35:07,486 [main] INFO  handler.ContextHandler (ContextHandler.java:doStart(781)) - Started o.e.j.s.ServletContextHandler@10ed037a{/static,jar:file:/home/user/.m2/repository/org/apache/hadoop/hadoop-hdds-container-service/0.5.0-SNAPSHOT/hadoop-hdds-container-service-0.5.0-SNAPSHOT.jar!/webapps/static,AVAILABLE}
2019-10-11 07:35:07,514 [main] INFO  handler.ContextHandler (ContextHandler.java:doStart(781)) - Started o.e.j.w.WebAppContext@751d7425{/,file:///tmp/jetty-0.0.0.0-44671-hddsDatanode-_-any-7129458178481450791.dir/webapp/,AVAILABLE}{/hddsDatanode}
2019-10-11 07:35:07,514 [main] INFO  server.AbstractConnector (AbstractConnector.java:doStart(278)) - Started ServerConnector@7eaa2bc6{HTTP/1.1,[http/1.1]}{0.0.0.0:44671}
2019-10-11 07:35:07,514 [main] INFO  server.Server (Server.java:doStart(419)) - Started @535593ms
2019-10-11 07:35:07,516 [main] WARN  impl.MetricsSystemImpl (MetricsSystemImpl.java:register(276)) - Sink prometheus already exists!
2019-10-11 07:35:07,516 [main] INFO  server.BaseHttpServer (BaseHttpServer.java:updateConnectorAddress(215)) - HTTP server of HDDSDATANODE is listening at http://0.0.0.0:44671
2019-10-11 07:35:07,517 [main] INFO  impl.MetricsSystemImpl (MetricsSystemImpl.java:init(158)) - HddsDatanode metrics system started (again)
2019-10-11 07:35:07,522 [org.apache.hadoop.util.JvmPauseMonitor$Monitor@313f6935] INFO  util.JvmPauseMonitor (JvmPauseMonitor.java:run(188)) - Starting JVM pause monitor
2019-10-11 07:35:07,523 [main] INFO  ozone.HddsDatanodeService (HddsDatanodeService.java:start(184)) - HddsDatanodeService host:pr-hdds-2206-npvv8-3563359771 ip:192.168.164.209
2019-10-11 07:35:07,523 [Datanode State Machine Thread - 0] INFO  datanode.InitDatanodeState (InitDatanodeState.java:persistContainerDatanodeDetails(140)) - DatanodeDetails is persisted to /workdir/hadoop-ozone/integration-test/target/test-dir/MiniOzoneClusterImpl-b5204cf2-bad7-4711-9a54-58405b1ee90d/datanode-5/meta/datanode.id
2019-10-11 07:35:07,531 [main] INFO  volume.HddsVolume (HddsVolume.java:<init>(176)) - Creating Volume: /workdir/hadoop-ozone/integration-test/target/test-dir/MiniOzoneClusterImpl-b5204cf2-bad7-4711-9a54-58405b1ee90d/datanode-6/data/containers/hdds of  storage type : DISK and capacity : 1482555576320
2019-10-11 07:35:07,531 [main] INFO  volume.VolumeSet (VolumeSet.java:initializeVolumeSet(170)) - Added Volume : /workdir/hadoop-ozone/integration-test/target/test-dir/MiniOzoneClusterImpl-b5204cf2-bad7-4711-9a54-58405b1ee90d/datanode-6/data/containers/hdds to VolumeSet
2019-10-11 07:35:07,531 [main] INFO  volume.ThrottledAsyncChecker (ThrottledAsyncChecker.java:schedule(141)) - Scheduling a check for org.apache.hadoop.ozone.container.common.volume.HddsVolume@4b93dd6a
2019-10-11 07:35:07,532 [main] INFO  volume.HddsVolumeChecker (HddsVolumeChecker.java:checkAllVolumes(204)) - Scheduled health check for volume org.apache.hadoop.ozone.container.common.volume.HddsVolume@4b93dd6a
2019-10-11 07:35:07,545 [main] INFO  impl.RaftServerProxy (ConfUtils.java:logGet(43)) - raft.rpc.type = GRPC (default)
2019-10-11 07:35:07,545 [main] INFO  grpc.GrpcFactory (GrpcFactory.java:checkPooledByteBufAllocatorUseCacheForAllThreads(45)) - PERFORMANCE WARNING: useCacheForAllThreads is true that may cause Netty to create a lot garbage objects and, as a result, trigger GC.
	It is recommended to disable useCacheForAllThreads by setting -Dorg.apache.ratis.thirdparty.io.netty.allocator.useCacheForAllThreads=false in command line.
2019-10-11 07:35:07,545 [main] INFO  grpc.GrpcConfigKeys$Server (ConfUtils.java:logGet(43)) - raft.grpc.server.port = 0 (default)
2019-10-11 07:35:07,545 [main] INFO  server.GrpcService (ConfUtils.java:logGet(43)) - raft.grpc.message.size.max = 33570816 (custom)
2019-10-11 07:35:07,545 [main] INFO  server.RaftServerConfigKeys (ConfUtils.java:logGet(43)) - raft.server.log.appender.buffer.byte-limit = 33554432 (custom)
2019-10-11 07:35:07,546 [main] INFO  server.GrpcService (ConfUtils.java:logGet(43)) - raft.grpc.flow.control.window = 1MB (=1048576) (default)
2019-10-11 07:35:07,546 [main] INFO  server.RaftServerConfigKeys (ConfUtils.java:logGet(43)) - raft.server.rpc.request.timeout = 3000ms (default)
2019-10-11 07:35:07,546 [main] INFO  server.RaftServerConfigKeys (ConfUtils.java:logGet(43)) - raft.server.storage.dir = [/workdir/hadoop-ozone/integration-test/target/test-dir/MiniOzoneClusterImpl-b5204cf2-bad7-4711-9a54-58405b1ee90d/datanode-6/data/ratis] (custom)
2019-10-11 07:35:07,547 [main] INFO  hdfs.DFSUtil (DFSUtil.java:httpServerTemplateForNNAndJN(1641)) - Starting Web-server for hddsDatanode at: http://0.0.0.0:0
2019-10-11 07:35:07,549 [main] INFO  server.AuthenticationFilter (AuthenticationFilter.java:constructSecretProvider(240)) - Unable to initialize FileSignerSecretProvider, falling back to use random secrets.
2019-10-11 07:35:07,549 [main] WARN  http.HttpRequestLog (HttpRequestLog.java:getRequestLog(97)) - Jetty request log can only be enabled using Log4j
2019-10-11 07:35:07,551 [main] INFO  http.HttpServer2 (HttpServer2.java:addGlobalFilter(975)) - Added global filter 'safety' (class=org.apache.hadoop.http.HttpServer2$QuotingInputFilter)
2019-10-11 07:35:07,552 [main] INFO  http.HttpServer2 (HttpServer2.java:addFilter(948)) - Added filter static_user_filter (class=org.apache.hadoop.http.lib.StaticUserWebFilter$StaticUserFilter) to context hddsDatanode
2019-10-11 07:35:07,553 [main] INFO  http.HttpServer2 (HttpServer2.java:addFilter(958)) - Added filter static_user_filter (class=org.apache.hadoop.http.lib.StaticUserWebFilter$StaticUserFilter) to context static
2019-10-11 07:35:07,553 [main] INFO  http.HttpServer2 (HttpServer2.java:addFilter(958)) - Added filter static_user_filter (class=org.apache.hadoop.http.lib.StaticUserWebFilter$StaticUserFilter) to context logs
2019-10-11 07:35:07,554 [main] INFO  http.HttpServer2 (HttpServer2.java:bindListener(1191)) - Jetty bound to port 42557
2019-10-11 07:35:07,554 [main] INFO  server.Server (Server.java:doStart(351)) - jetty-9.3.25.v20180904, build timestamp: 2018-09-04T21:11:46Z, git hash: 3ce520221d0240229c862b122d2b06c12a625732
2019-10-11 07:35:07,556 [main] INFO  handler.ContextHandler (ContextHandler.java:doStart(781)) - Started o.e.j.s.ServletContextHandler@5c59a0f7{/logs,file:///workdir/hadoop-ozone/integration-test/target/log,AVAILABLE}
2019-10-11 07:35:07,556 [main] INFO  handler.ContextHandler (ContextHandler.java:doStart(781)) - Started o.e.j.s.ServletContextHandler@625487a6{/static,jar:file:/home/user/.m2/repository/org/apache/hadoop/hadoop-hdds-container-service/0.5.0-SNAPSHOT/hadoop-hdds-container-service-0.5.0-SNAPSHOT.jar!/webapps/static,AVAILABLE}
2019-10-11 07:35:07,596 [main] INFO  handler.ContextHandler (ContextHandler.java:doStart(781)) - Started o.e.j.w.WebAppContext@70f148dc{/,file:///tmp/jetty-0.0.0.0-42557-hddsDatanode-_-any-7863460546910242930.dir/webapp/,AVAILABLE}{/hddsDatanode}
2019-10-11 07:35:07,597 [main] INFO  server.AbstractConnector (AbstractConnector.java:doStart(278)) - Started ServerConnector@3360283{HTTP/1.1,[http/1.1]}{0.0.0.0:42557}
2019-10-11 07:35:07,597 [main] INFO  server.Server (Server.java:doStart(419)) - Started @535676ms
2019-10-11 07:35:07,604 [main] WARN  impl.MetricsSystemImpl (MetricsSystemImpl.java:register(276)) - Sink prometheus already exists!
2019-10-11 07:35:07,604 [main] INFO  server.BaseHttpServer (BaseHttpServer.java:updateConnectorAddress(215)) - HTTP server of HDDSDATANODE is listening at http://0.0.0.0:42557
2019-10-11 07:35:07,605 [main] INFO  ozone.MiniOzoneClusterImpl (MiniOzoneClusterImpl.java:lambda$waitForClusterToBeReady$0(147)) - Waiting for cluster to be ready. Got 0 of 7 DN Heartbeats.
2019-10-11 07:35:07,606 [org.apache.hadoop.util.JvmPauseMonitor$Monitor@158a4c15] INFO  util.JvmPauseMonitor (JvmPauseMonitor.java:run(188)) - Starting JVM pause monitor
2019-10-11 07:35:07,608 [Datanode State Machine Thread - 0] INFO  datanode.InitDatanodeState (InitDatanodeState.java:persistContainerDatanodeDetails(140)) - DatanodeDetails is persisted to /workdir/hadoop-ozone/integration-test/target/test-dir/MiniOzoneClusterImpl-b5204cf2-bad7-4711-9a54-58405b1ee90d/datanode-6/meta/datanode.id
2019-10-11 07:35:08,605 [main] INFO  ozone.MiniOzoneClusterImpl (MiniOzoneClusterImpl.java:lambda$waitForClusterToBeReady$0(147)) - Waiting for cluster to be ready. Got 0 of 7 DN Heartbeats.
2019-10-11 07:35:09,232 [Datanode State Machine Thread - 0] INFO  ozoneimpl.OzoneContainer (OzoneContainer.java:start(213)) - Attempting to start container services.
2019-10-11 07:35:09,233 [Datanode State Machine Thread - 0] INFO  ozoneimpl.OzoneContainer (OzoneContainer.java:startContainerScrub(177)) - Background container scanner has been disabled.
2019-10-11 07:35:09,233 [Datanode State Machine Thread - 0] INFO  ratis.XceiverServerRatis (XceiverServerRatis.java:start(418)) - Starting XceiverServerRatis def6d75b-2bd6-4a47-993f-f7560187f71d at port 0
2019-10-11 07:35:09,241 [Datanode State Machine Thread - 0] INFO  impl.RaftServerProxy (RaftServerProxy.java:lambda$start$3(299)) - def6d75b-2bd6-4a47-993f-f7560187f71d: start RPC server
2019-10-11 07:35:09,244 [Datanode State Machine Thread - 0] INFO  server.GrpcService (GrpcService.java:startImpl(158)) - def6d75b-2bd6-4a47-993f-f7560187f71d: GrpcService started, listening on 0.0.0.0/0.0.0.0:35462
2019-10-11 07:35:09,244 [Datanode State Machine Thread - 0] INFO  ratis.XceiverServerRatis (XceiverServerRatis.java:start(428)) - XceiverServerRatis def6d75b-2bd6-4a47-993f-f7560187f71d is started using port 35462
2019-10-11 07:35:09,253 [Datanode State Machine Thread - 0] INFO  server.XceiverServerGrpc (XceiverServerGrpc.java:start(149)) - XceiverServerGrpc def6d75b-2bd6-4a47-993f-f7560187f71d is started using port 40454
2019-10-11 07:35:09,283 [Datanode State Machine Thread - 0] INFO  ozoneimpl.OzoneContainer (OzoneContainer.java:start(213)) - Attempting to start container services.
2019-10-11 07:35:09,283 [Datanode State Machine Thread - 0] INFO  ozoneimpl.OzoneContainer (OzoneContainer.java:startContainerScrub(177)) - Background container scanner has been disabled.
2019-10-11 07:35:09,283 [Datanode State Machine Thread - 0] INFO  ratis.XceiverServerRatis (XceiverServerRatis.java:start(418)) - Starting XceiverServerRatis 4d415cff-0964-4c64-a0ba-bf5399f54beb at port 0
2019-10-11 07:35:09,291 [Datanode State Machine Thread - 0] INFO  impl.RaftServerProxy (RaftServerProxy.java:lambda$start$3(299)) - 4d415cff-0964-4c64-a0ba-bf5399f54beb: start RPC server
2019-10-11 07:35:09,293 [Datanode State Machine Thread - 0] INFO  server.GrpcService (GrpcService.java:startImpl(158)) - 4d415cff-0964-4c64-a0ba-bf5399f54beb: GrpcService started, listening on 0.0.0.0/0.0.0.0:36258
2019-10-11 07:35:09,293 [Datanode State Machine Thread - 0] INFO  ratis.XceiverServerRatis (XceiverServerRatis.java:start(428)) - XceiverServerRatis 4d415cff-0964-4c64-a0ba-bf5399f54beb is started using port 36258
2019-10-11 07:35:09,296 [Datanode State Machine Thread - 0] INFO  server.XceiverServerGrpc (XceiverServerGrpc.java:start(149)) - XceiverServerGrpc 4d415cff-0964-4c64-a0ba-bf5399f54beb is started using port 39647
2019-10-11 07:35:09,359 [Datanode State Machine Thread - 0] INFO  ozoneimpl.OzoneContainer (OzoneContainer.java:start(213)) - Attempting to start container services.
2019-10-11 07:35:09,360 [Datanode State Machine Thread - 0] INFO  ozoneimpl.OzoneContainer (OzoneContainer.java:startContainerScrub(177)) - Background container scanner has been disabled.
2019-10-11 07:35:09,360 [Datanode State Machine Thread - 0] INFO  ratis.XceiverServerRatis (XceiverServerRatis.java:start(418)) - Starting XceiverServerRatis b749c4c9-dc72-43f4-ab80-303d15046f89 at port 0
2019-10-11 07:35:09,368 [Datanode State Machine Thread - 0] INFO  impl.RaftServerProxy (RaftServerProxy.java:lambda$start$3(299)) - b749c4c9-dc72-43f4-ab80-303d15046f89: start RPC server
2019-10-11 07:35:09,369 [Datanode State Machine Thread - 0] INFO  server.GrpcService (GrpcService.java:startImpl(158)) - b749c4c9-dc72-43f4-ab80-303d15046f89: GrpcService started, listening on 0.0.0.0/0.0.0.0:35267
2019-10-11 07:35:09,369 [Datanode State Machine Thread - 0] INFO  ratis.XceiverServerRatis (XceiverServerRatis.java:start(428)) - XceiverServerRatis b749c4c9-dc72-43f4-ab80-303d15046f89 is started using port 35267
2019-10-11 07:35:09,369 [Datanode State Machine Thread - 0] INFO  server.XceiverServerGrpc (XceiverServerGrpc.java:start(149)) - XceiverServerGrpc b749c4c9-dc72-43f4-ab80-303d15046f89 is started using port 45994
2019-10-11 07:35:09,417 [Datanode State Machine Thread - 0] INFO  ozoneimpl.OzoneContainer (OzoneContainer.java:start(213)) - Attempting to start container services.
2019-10-11 07:35:09,417 [Datanode State Machine Thread - 0] INFO  ozoneimpl.OzoneContainer (OzoneContainer.java:startContainerScrub(177)) - Background container scanner has been disabled.
2019-10-11 07:35:09,417 [Datanode State Machine Thread - 0] INFO  ratis.XceiverServerRatis (XceiverServerRatis.java:start(418)) - Starting XceiverServerRatis 8acf1b93-5a98-4af7-bf94-e05f3d01800a at port 0
2019-10-11 07:35:09,425 [Datanode State Machine Thread - 0] INFO  impl.RaftServerProxy (RaftServerProxy.java:lambda$start$3(299)) - 8acf1b93-5a98-4af7-bf94-e05f3d01800a: start RPC server
2019-10-11 07:35:09,426 [Datanode State Machine Thread - 0] INFO  server.GrpcService (GrpcService.java:startImpl(158)) - 8acf1b93-5a98-4af7-bf94-e05f3d01800a: GrpcService started, listening on 0.0.0.0/0.0.0.0:44902
2019-10-11 07:35:09,426 [Datanode State Machine Thread - 0] INFO  ratis.XceiverServerRatis (XceiverServerRatis.java:start(428)) - XceiverServerRatis 8acf1b93-5a98-4af7-bf94-e05f3d01800a is started using port 44902
2019-10-11 07:35:09,427 [Datanode State Machine Thread - 0] INFO  server.XceiverServerGrpc (XceiverServerGrpc.java:start(149)) - XceiverServerGrpc 8acf1b93-5a98-4af7-bf94-e05f3d01800a is started using port 40562
2019-10-11 07:35:09,484 [Datanode State Machine Thread - 0] INFO  ozoneimpl.OzoneContainer (OzoneContainer.java:start(213)) - Attempting to start container services.
2019-10-11 07:35:09,484 [Datanode State Machine Thread - 0] INFO  ozoneimpl.OzoneContainer (OzoneContainer.java:startContainerScrub(177)) - Background container scanner has been disabled.
2019-10-11 07:35:09,484 [Datanode State Machine Thread - 0] INFO  ratis.XceiverServerRatis (XceiverServerRatis.java:start(418)) - Starting XceiverServerRatis a3f9250e-d589-4d23-8f76-3d1d54b6f453 at port 0
2019-10-11 07:35:09,491 [Datanode State Machine Thread - 0] INFO  impl.RaftServerProxy (RaftServerProxy.java:lambda$start$3(299)) - a3f9250e-d589-4d23-8f76-3d1d54b6f453: start RPC server
2019-10-11 07:35:09,494 [Datanode State Machine Thread - 0] INFO  server.GrpcService (GrpcService.java:startImpl(158)) - a3f9250e-d589-4d23-8f76-3d1d54b6f453: GrpcService started, listening on 0.0.0.0/0.0.0.0:41727
2019-10-11 07:35:09,494 [Datanode State Machine Thread - 0] INFO  ratis.XceiverServerRatis (XceiverServerRatis.java:start(428)) - XceiverServerRatis a3f9250e-d589-4d23-8f76-3d1d54b6f453 is started using port 41727
2019-10-11 07:35:09,494 [Datanode State Machine Thread - 0] INFO  server.XceiverServerGrpc (XceiverServerGrpc.java:start(149)) - XceiverServerGrpc a3f9250e-d589-4d23-8f76-3d1d54b6f453 is started using port 39472
2019-10-11 07:35:09,552 [Datanode State Machine Thread - 0] INFO  ozoneimpl.OzoneContainer (OzoneContainer.java:start(213)) - Attempting to start container services.
2019-10-11 07:35:09,552 [Datanode State Machine Thread - 0] INFO  ozoneimpl.OzoneContainer (OzoneContainer.java:startContainerScrub(177)) - Background container scanner has been disabled.
2019-10-11 07:35:09,553 [Datanode State Machine Thread - 0] INFO  ratis.XceiverServerRatis (XceiverServerRatis.java:start(418)) - Starting XceiverServerRatis d4e9d99a-b039-46d3-8051-60a60674dea5 at port 0
2019-10-11 07:35:09,560 [Datanode State Machine Thread - 0] INFO  impl.RaftServerProxy (RaftServerProxy.java:lambda$start$3(299)) - d4e9d99a-b039-46d3-8051-60a60674dea5: start RPC server
2019-10-11 07:35:09,562 [Datanode State Machine Thread - 0] INFO  server.GrpcService (GrpcService.java:startImpl(158)) - d4e9d99a-b039-46d3-8051-60a60674dea5: GrpcService started, listening on 0.0.0.0/0.0.0.0:40945
2019-10-11 07:35:09,562 [Datanode State Machine Thread - 0] INFO  ratis.XceiverServerRatis (XceiverServerRatis.java:start(428)) - XceiverServerRatis d4e9d99a-b039-46d3-8051-60a60674dea5 is started using port 40945
2019-10-11 07:35:09,565 [Datanode State Machine Thread - 0] INFO  server.XceiverServerGrpc (XceiverServerGrpc.java:start(149)) - XceiverServerGrpc d4e9d99a-b039-46d3-8051-60a60674dea5 is started using port 34970
2019-10-11 07:35:09,607 [main] INFO  ozone.MiniOzoneClusterImpl (MiniOzoneClusterImpl.java:lambda$waitForClusterToBeReady$0(147)) - Waiting for cluster to be ready. Got 0 of 7 DN Heartbeats.
2019-10-11 07:35:09,635 [Datanode State Machine Thread - 0] INFO  ozoneimpl.OzoneContainer (OzoneContainer.java:start(213)) - Attempting to start container services.
2019-10-11 07:35:09,635 [Datanode State Machine Thread - 0] INFO  ozoneimpl.OzoneContainer (OzoneContainer.java:startContainerScrub(177)) - Background container scanner has been disabled.
2019-10-11 07:35:09,635 [Datanode State Machine Thread - 0] INFO  ratis.XceiverServerRatis (XceiverServerRatis.java:start(418)) - Starting XceiverServerRatis 672bb6f8-5131-4da7-8320-8bbddbc4a98b at port 0
2019-10-11 07:35:09,642 [Datanode State Machine Thread - 0] INFO  impl.RaftServerProxy (RaftServerProxy.java:lambda$start$3(299)) - 672bb6f8-5131-4da7-8320-8bbddbc4a98b: start RPC server
2019-10-11 07:35:09,642 [Datanode State Machine Thread - 0] INFO  server.GrpcService (GrpcService.java:startImpl(158)) - 672bb6f8-5131-4da7-8320-8bbddbc4a98b: GrpcService started, listening on 0.0.0.0/0.0.0.0:42241
2019-10-11 07:35:09,643 [Datanode State Machine Thread - 0] INFO  ratis.XceiverServerRatis (XceiverServerRatis.java:start(428)) - XceiverServerRatis 672bb6f8-5131-4da7-8320-8bbddbc4a98b is started using port 42241
2019-10-11 07:35:09,643 [Datanode State Machine Thread - 0] INFO  server.XceiverServerGrpc (XceiverServerGrpc.java:start(149)) - XceiverServerGrpc 672bb6f8-5131-4da7-8320-8bbddbc4a98b is started using port 35810
2019-10-11 07:35:10,608 [main] INFO  ozone.MiniOzoneClusterImpl (MiniOzoneClusterImpl.java:lambda$waitForClusterToBeReady$0(147)) - Waiting for cluster to be ready. Got 0 of 7 DN Heartbeats.
2019-10-11 07:35:11,201 [IPC Server handler 4 on 37540] INFO  net.NetworkTopology (NetworkTopologyImpl.java:add(111)) - Added a new node: /default-rack/def6d75b-2bd6-4a47-993f-f7560187f71d
2019-10-11 07:35:11,203 [IPC Server handler 4 on 37540] INFO  node.SCMNodeManager (SCMNodeManager.java:register(268)) - Registered Data node : def6d75b-2bd6-4a47-993f-f7560187f71d{ip: 192.168.164.209, host: pr-hdds-2206-npvv8-3563359771, networkLocation: /default-rack, certSerialId: null}
2019-10-11 07:35:11,205 [EventQueue-NodeRegistrationContainerReportForDataNodeSafeModeRule] INFO  safemode.SCMSafeModeManager (DataNodeSafeModeRule.java:process(71)) - SCM in safe mode. 1 DataNodes registered, 1 required.
2019-10-11 07:35:11,207 [EventQueue-NodeRegistrationContainerReportForDataNodeSafeModeRule] INFO  safemode.SCMSafeModeManager (SCMSafeModeManager.java:validateSafeModeExitRules(177)) - ScmSafeModeManager, all rules are successfully validated
2019-10-11 07:35:11,207 [EventQueue-NodeRegistrationContainerReportForDataNodeSafeModeRule] INFO  safemode.SCMSafeModeManager (SCMSafeModeManager.java:exitSafeMode(193)) - SCM exiting safe mode.
2019-10-11 07:35:11,219 [grpc-default-executor-8] INFO  impl.RaftServerProxy (RaftServerProxy.java:addNew(89)) - def6d75b-2bd6-4a47-993f-f7560187f71d: addNew group-43854C185A25:[def6d75b-2bd6-4a47-993f-f7560187f71d:192.168.164.209:35462] returns group-43854C185A25:java.util.concurrent.CompletableFuture@337a7e88[Not completed]
2019-10-11 07:35:11,223 [pool-409-thread-1] INFO  impl.RaftServerImpl (RaftServerImpl.java:<init>(95)) - def6d75b-2bd6-4a47-993f-f7560187f71d: new RaftServerImpl for group-43854C185A25:[def6d75b-2bd6-4a47-993f-f7560187f71d:192.168.164.209:35462] with ContainerStateMachine:uninitialized
2019-10-11 07:35:11,223 [pool-409-thread-1] INFO  server.RaftServerConfigKeys (ConfUtils.java:logGet(43)) - raft.server.rpc.timeout.min = 5s (custom)
2019-10-11 07:35:11,223 [pool-409-thread-1] INFO  server.RaftServerConfigKeys (ConfUtils.java:logGet(43)) - raft.server.rpc.timeout.max = 5200ms (custom)
2019-10-11 07:35:11,224 [pool-409-thread-1] INFO  server.RaftServerConfigKeys (ConfUtils.java:logGet(43)) - raft.server.rpcslowness.timeout = 120s (custom)
2019-10-11 07:35:11,224 [pool-409-thread-1] INFO  server.RaftServerConfigKeys (ConfUtils.java:logGet(43)) - raft.server.sleep.deviation.threshold = 300 (default)
2019-10-11 07:35:11,224 [pool-409-thread-1] INFO  server.RaftServerConfigKeys (ConfUtils.java:logGet(43)) - raft.server.log.appender.install.snapshot.enabled = false (custom)
2019-10-11 07:35:11,224 [pool-409-thread-1] INFO  impl.RaftServerImpl (ServerState.java:<init>(103)) - def6d75b-2bd6-4a47-993f-f7560187f71d@group-43854C185A25: ConfigurationManager, init=-1: [def6d75b-2bd6-4a47-993f-f7560187f71d:192.168.164.209:35462], old=null, confs=<EMPTY_MAP>
2019-10-11 07:35:11,224 [pool-409-thread-1] INFO  server.RaftServerConfigKeys (ConfUtils.java:logGet(43)) - raft.server.storage.dir = [/workdir/hadoop-ozone/integration-test/target/test-dir/MiniOzoneClusterImpl-b5204cf2-bad7-4711-9a54-58405b1ee90d/datanode-0/data/ratis] (custom)
2019-10-11 07:35:11,224 [pool-409-thread-1] INFO  server.RaftServerConfigKeys (ConfUtils.java:logGet(43)) - raft.server.log.corruption.policy = EXCEPTION (default)
2019-10-11 07:35:11,225 [pool-409-thread-1] INFO  storage.RaftStorageDirectory (RaftStorageDirectory.java:analyzeStorage(246)) - The storage directory /workdir/hadoop-ozone/integration-test/target/test-dir/MiniOzoneClusterImpl-b5204cf2-bad7-4711-9a54-58405b1ee90d/datanode-0/data/ratis/9bf314bb-d1b9-46ba-9259-43854c185a25 does not exist. Creating ...
2019-10-11 07:35:11,252 [pool-409-thread-1] INFO  storage.RaftStorageDirectory (RaftStorageDirectory.java:tryLock(328)) - Lock on /workdir/hadoop-ozone/integration-test/target/test-dir/MiniOzoneClusterImpl-b5204cf2-bad7-4711-9a54-58405b1ee90d/datanode-0/data/ratis/9bf314bb-d1b9-46ba-9259-43854c185a25/in_use.lock acquired by nodename 15316@pr-hdds-2206-npvv8-3563359771
2019-10-11 07:35:11,257 [IPC Server handler 6 on 37540] INFO  net.NetworkTopology (NetworkTopologyImpl.java:add(111)) - Added a new node: /default-rack/4d415cff-0964-4c64-a0ba-bf5399f54beb
2019-10-11 07:35:11,258 [IPC Server handler 6 on 37540] INFO  node.SCMNodeManager (SCMNodeManager.java:register(268)) - Registered Data node : 4d415cff-0964-4c64-a0ba-bf5399f54beb{ip: 192.168.164.209, host: pr-hdds-2206-npvv8-3563359771, networkLocation: /default-rack, certSerialId: null}
2019-10-11 07:35:11,278 [pool-409-thread-1] INFO  storage.RaftStorage (RaftStorage.java:format(84)) - Storage directory /workdir/hadoop-ozone/integration-test/target/test-dir/MiniOzoneClusterImpl-b5204cf2-bad7-4711-9a54-58405b1ee90d/datanode-0/data/ratis/9bf314bb-d1b9-46ba-9259-43854c185a25 has been successfully formatted.
2019-10-11 07:35:11,279 [pool-409-thread-1] INFO  ratis.ContainerStateMachine (ContainerStateMachine.java:loadSnapshot(231)) - group-43854C185A25: The snapshot info is null. Setting the last applied indexto:(t:0, i:~)
2019-10-11 07:35:11,279 [pool-409-thread-1] INFO  server.RaftServerConfigKeys (ConfUtils.java:logGet(43)) - raft.server.notification.no-leader.timeout = 120s (custom)
2019-10-11 07:35:11,279 [pool-409-thread-1] INFO  server.RaftServerConfigKeys (ConfUtils.java:logGet(43)) - raft.server.log.use.memory = false (default)
2019-10-11 07:35:11,279 [pool-409-thread-1] INFO  server.RaftServerConfigKeys (ConfUtils.java:logGet(43)) - raft.server.log.purge.gap = 1000000 (custom)
2019-10-11 07:35:11,279 [pool-409-thread-1] INFO  server.RaftServerConfigKeys (ConfUtils.java:logGet(43)) - raft.server.log.appender.buffer.byte-limit = 33554432 (custom)
2019-10-11 07:35:11,280 [pool-409-thread-1] INFO  server.RaftServerConfigKeys (ConfUtils.java:logGet(43)) - raft.server.log.segment.size.max = 1048576 (custom)
2019-10-11 07:35:11,283 [pool-409-thread-1] INFO  server.RaftServerConfigKeys (ConfUtils.java:logGet(43)) - raft.server.log.segment.cache.num.max = 2 (custom)
2019-10-11 07:35:11,283 [pool-409-thread-1] INFO  segmented.SegmentedRaftLogWorker (SegmentedRaftLogWorker.java:<init>(173)) - new def6d75b-2bd6-4a47-993f-f7560187f71d@group-43854C185A25-SegmentedRaftLogWorker for RaftStorage:Storage Directory /workdir/hadoop-ozone/integration-test/target/test-dir/MiniOzoneClusterImpl-b5204cf2-bad7-4711-9a54-58405b1ee90d/datanode-0/data/ratis/9bf314bb-d1b9-46ba-9259-43854c185a25
2019-10-11 07:35:11,284 [pool-409-thread-1] INFO  server.RaftServerConfigKeys (ConfUtils.java:logGet(43)) - raft.server.log.queue.byte-limit = 2147483647 (custom)
2019-10-11 07:35:11,284 [pool-409-thread-1] INFO  server.RaftServerConfigKeys (ConfUtils.java:logGet(43)) - raft.server.log.queue.element-limit = 1024 (custom)
2019-10-11 07:35:11,284 [pool-409-thread-1] INFO  server.RaftServerConfigKeys (ConfUtils.java:logGet(43)) - raft.server.log.segment.size.max = 1048576 (custom)
2019-10-11 07:35:11,284 [pool-409-thread-1] INFO  server.RaftServerConfigKeys (ConfUtils.java:logGet(43)) - raft.server.log.preallocated.size = 16384 (custom)
2019-10-11 07:35:11,284 [pool-409-thread-1] INFO  server.RaftServerConfigKeys (ConfUtils.java:logGet(43)) - raft.server.log.write.buffer.size = 33554432 (custom)
2019-10-11 07:35:11,284 [pool-409-thread-1] INFO  server.RaftServerConfigKeys (ConfUtils.java:logGet(43)) - raft.server.log.force.sync.num = 128 (default)
2019-10-11 07:35:11,284 [pool-409-thread-1] INFO  server.RaftServerConfigKeys (ConfUtils.java:logGet(43)) - raft.server.log.statemachine.data.sync = true (default)
2019-10-11 07:35:11,285 [pool-409-thread-1] INFO  server.RaftServerConfigKeys (ConfUtils.java:logGet(43)) - raft.server.log.statemachine.data.sync.timeout = 10s (default)
2019-10-11 07:35:11,285 [pool-409-thread-1] INFO  server.RaftServerConfigKeys (ConfUtils.java:logGet(43)) - raft.server.log.statemachine.data.sync.timeout.retry = -1 (default)
2019-10-11 07:35:11,285 [pool-409-thread-1] INFO  server.RaftServerConfigKeys (ConfUtils.java:logGet(43)) - raft.server.log.statemachine.data.caching.enabled = true (custom)
2019-10-11 07:35:11,286 [pool-409-thread-1] INFO  segmented.SegmentedRaftLogWorker (SegmentedRaftLogWorker.java:lambda$new$0(128)) - def6d75b-2bd6-4a47-993f-f7560187f71d@group-43854C185A25-SegmentedRaftLogWorker: flushIndex: setUnconditionally 0 -> -1
2019-10-11 07:35:11,286 [pool-409-thread-1] INFO  server.RaftServerConfigKeys (ConfUtils.java:logGet(43)) - raft.server.snapshot.auto.trigger.enabled = true (custom)
2019-10-11 07:35:11,286 [pool-409-thread-1] INFO  server.RaftServerConfigKeys (ConfUtils.java:logGet(43)) - raft.server.snapshot.auto.trigger.threshold = 10000 (custom)
2019-10-11 07:35:11,287 [pool-409-thread-1] INFO  server.RaftServerConfigKeys (ConfUtils.java:logGet(43)) - raft.server.snapshot.retention.file.num = 5 (custom)
2019-10-11 07:35:11,287 [pool-409-thread-1] INFO  server.RaftServerConfigKeys (ConfUtils.java:logGet(43)) - raft.server.retrycache.expirytime = 600000ms (custom)
2019-10-11 07:35:11,289 [pool-409-thread-1] INFO  impl.RaftServerImpl (RaftServerImpl.java:start(181)) - def6d75b-2bd6-4a47-993f-f7560187f71d@group-43854C185A25: start as a follower, conf=-1: [def6d75b-2bd6-4a47-993f-f7560187f71d:192.168.164.209:35462], old=null
2019-10-11 07:35:11,289 [pool-409-thread-1] INFO  impl.RaftServerImpl (RaftServerImpl.java:setRole(170)) - def6d75b-2bd6-4a47-993f-f7560187f71d@group-43854C185A25: changes role from      null to FOLLOWER at term 0 for startAsFollower
2019-10-11 07:35:11,289 [pool-409-thread-1] INFO  impl.RoleInfo (RoleInfo.java:updateAndGet(143)) - def6d75b-2bd6-4a47-993f-f7560187f71d: start FollowerState
2019-10-11 07:35:11,290 [pool-409-thread-1] INFO  util.JmxRegister (JmxRegister.java:tryRegister(44)) - Successfully registered JMX Bean with object name Ratis:service=RaftServer,group=group-43854C185A25,id=def6d75b-2bd6-4a47-993f-f7560187f71d
2019-10-11 07:35:11,297 [RatisPipelineUtilsThread] INFO  pipeline.PipelineStateManager (PipelineStateManager.java:addPipeline(56)) - Created pipeline Pipeline[ Id: 9bf314bb-d1b9-46ba-9259-43854c185a25, Nodes: def6d75b-2bd6-4a47-993f-f7560187f71d{ip: 192.168.164.209, host: pr-hdds-2206-npvv8-3563359771, networkLocation: /default-rack, certSerialId: null}, Type:RATIS, Factor:ONE, State:OPEN]
2019-10-11 07:35:11,304 [grpc-default-executor-8] INFO  impl.RaftServerProxy (RaftServerProxy.java:addNew(89)) - 4d415cff-0964-4c64-a0ba-bf5399f54beb: addNew group-118D21D46D68:[4d415cff-0964-4c64-a0ba-bf5399f54beb:192.168.164.209:36258] returns group-118D21D46D68:java.util.concurrent.CompletableFuture@2654cec[Not completed]
2019-10-11 07:35:11,306 [pool-419-thread-1] INFO  impl.RaftServerImpl (RaftServerImpl.java:<init>(95)) - 4d415cff-0964-4c64-a0ba-bf5399f54beb: new RaftServerImpl for group-118D21D46D68:[4d415cff-0964-4c64-a0ba-bf5399f54beb:192.168.164.209:36258] with ContainerStateMachine:uninitialized
2019-10-11 07:35:11,306 [pool-419-thread-1] INFO  server.RaftServerConfigKeys (ConfUtils.java:logGet(43)) - raft.server.rpc.timeout.min = 5s (custom)
2019-10-11 07:35:11,307 [pool-419-thread-1] INFO  server.RaftServerConfigKeys (ConfUtils.java:logGet(43)) - raft.server.rpc.timeout.max = 5200ms (custom)
2019-10-11 07:35:11,307 [pool-419-thread-1] INFO  server.RaftServerConfigKeys (ConfUtils.java:logGet(43)) - raft.server.rpcslowness.timeout = 120s (custom)
2019-10-11 07:35:11,307 [pool-419-thread-1] INFO  server.RaftServerConfigKeys (ConfUtils.java:logGet(43)) - raft.server.sleep.deviation.threshold = 300 (default)
2019-10-11 07:35:11,307 [pool-419-thread-1] INFO  server.RaftServerConfigKeys (ConfUtils.java:logGet(43)) - raft.server.log.appender.install.snapshot.enabled = false (custom)
2019-10-11 07:35:11,307 [pool-419-thread-1] INFO  impl.RaftServerImpl (ServerState.java:<init>(103)) - 4d415cff-0964-4c64-a0ba-bf5399f54beb@group-118D21D46D68: ConfigurationManager, init=-1: [4d415cff-0964-4c64-a0ba-bf5399f54beb:192.168.164.209:36258], old=null, confs=<EMPTY_MAP>
2019-10-11 07:35:11,307 [pool-419-thread-1] INFO  server.RaftServerConfigKeys (ConfUtils.java:logGet(43)) - raft.server.storage.dir = [/workdir/hadoop-ozone/integration-test/target/test-dir/MiniOzoneClusterImpl-b5204cf2-bad7-4711-9a54-58405b1ee90d/datanode-1/data/ratis] (custom)
2019-10-11 07:35:11,308 [pool-419-thread-1] INFO  server.RaftServerConfigKeys (ConfUtils.java:logGet(43)) - raft.server.log.corruption.policy = EXCEPTION (default)
2019-10-11 07:35:11,308 [pool-419-thread-1] INFO  storage.RaftStorageDirectory (RaftStorageDirectory.java:analyzeStorage(246)) - The storage directory /workdir/hadoop-ozone/integration-test/target/test-dir/MiniOzoneClusterImpl-b5204cf2-bad7-4711-9a54-58405b1ee90d/datanode-1/data/ratis/d55855b8-106d-469e-875f-118d21d46d68 does not exist. Creating ...
2019-10-11 07:35:11,325 [IPC Server handler 5 on 37540] INFO  net.NetworkTopology (NetworkTopologyImpl.java:add(111)) - Added a new node: /default-rack/b749c4c9-dc72-43f4-ab80-303d15046f89
2019-10-11 07:35:11,325 [IPC Server handler 5 on 37540] INFO  node.SCMNodeManager (SCMNodeManager.java:register(268)) - Registered Data node : b749c4c9-dc72-43f4-ab80-303d15046f89{ip: 192.168.164.209, host: pr-hdds-2206-npvv8-3563359771, networkLocation: /default-rack, certSerialId: null}
2019-10-11 07:35:11,337 [pool-419-thread-1] INFO  storage.RaftStorageDirectory (RaftStorageDirectory.java:tryLock(328)) - Lock on /workdir/hadoop-ozone/integration-test/target/test-dir/MiniOzoneClusterImpl-b5204cf2-bad7-4711-9a54-58405b1ee90d/datanode-1/data/ratis/d55855b8-106d-469e-875f-118d21d46d68/in_use.lock acquired by nodename 15316@pr-hdds-2206-npvv8-3563359771
2019-10-11 07:35:11,362 [pool-419-thread-1] INFO  storage.RaftStorage (RaftStorage.java:format(84)) - Storage directory /workdir/hadoop-ozone/integration-test/target/test-dir/MiniOzoneClusterImpl-b5204cf2-bad7-4711-9a54-58405b1ee90d/datanode-1/data/ratis/d55855b8-106d-469e-875f-118d21d46d68 has been successfully formatted.
2019-10-11 07:35:11,363 [pool-419-thread-1] INFO  ratis.ContainerStateMachine (ContainerStateMachine.java:loadSnapshot(231)) - group-118D21D46D68: The snapshot info is null. Setting the last applied indexto:(t:0, i:~)
2019-10-11 07:35:11,363 [pool-419-thread-1] INFO  server.RaftServerConfigKeys (ConfUtils.java:logGet(43)) - raft.server.notification.no-leader.timeout = 120s (custom)
2019-10-11 07:35:11,363 [pool-419-thread-1] INFO  server.RaftServerConfigKeys (ConfUtils.java:logGet(43)) - raft.server.log.use.memory = false (default)
2019-10-11 07:35:11,363 [pool-419-thread-1] INFO  server.RaftServerConfigKeys (ConfUtils.java:logGet(43)) - raft.server.log.purge.gap = 1000000 (custom)
2019-10-11 07:35:11,364 [pool-419-thread-1] INFO  server.RaftServerConfigKeys (ConfUtils.java:logGet(43)) - raft.server.log.appender.buffer.byte-limit = 33554432 (custom)
2019-10-11 07:35:11,364 [pool-419-thread-1] INFO  server.RaftServerConfigKeys (ConfUtils.java:logGet(43)) - raft.server.log.segment.size.max = 1048576 (custom)
2019-10-11 07:35:11,366 [pool-419-thread-1] INFO  server.RaftServerConfigKeys (ConfUtils.java:logGet(43)) - raft.server.log.segment.cache.num.max = 2 (custom)
2019-10-11 07:35:11,366 [pool-419-thread-1] INFO  segmented.SegmentedRaftLogWorker (SegmentedRaftLogWorker.java:<init>(173)) - new 4d415cff-0964-4c64-a0ba-bf5399f54beb@group-118D21D46D68-SegmentedRaftLogWorker for RaftStorage:Storage Directory /workdir/hadoop-ozone/integration-test/target/test-dir/MiniOzoneClusterImpl-b5204cf2-bad7-4711-9a54-58405b1ee90d/datanode-1/data/ratis/d55855b8-106d-469e-875f-118d21d46d68
2019-10-11 07:35:11,366 [pool-419-thread-1] INFO  server.RaftServerConfigKeys (ConfUtils.java:logGet(43)) - raft.server.log.queue.byte-limit = 2147483647 (custom)
2019-10-11 07:35:11,367 [pool-419-thread-1] INFO  server.RaftServerConfigKeys (ConfUtils.java:logGet(43)) - raft.server.log.queue.element-limit = 1024 (custom)
2019-10-11 07:35:11,367 [pool-419-thread-1] INFO  server.RaftServerConfigKeys (ConfUtils.java:logGet(43)) - raft.server.log.segment.size.max = 1048576 (custom)
2019-10-11 07:35:11,367 [pool-419-thread-1] INFO  server.RaftServerConfigKeys (ConfUtils.java:logGet(43)) - raft.server.log.preallocated.size = 16384 (custom)
2019-10-11 07:35:11,367 [pool-419-thread-1] INFO  server.RaftServerConfigKeys (ConfUtils.java:logGet(43)) - raft.server.log.write.buffer.size = 33554432 (custom)
2019-10-11 07:35:11,367 [pool-419-thread-1] INFO  server.RaftServerConfigKeys (ConfUtils.java:logGet(43)) - raft.server.log.force.sync.num = 128 (default)
2019-10-11 07:35:11,367 [pool-419-thread-1] INFO  server.RaftServerConfigKeys (ConfUtils.java:logGet(43)) - raft.server.log.statemachine.data.sync = true (default)
2019-10-11 07:35:11,368 [pool-419-thread-1] INFO  server.RaftServerConfigKeys (ConfUtils.java:logGet(43)) - raft.server.log.statemachine.data.sync.timeout = 10s (default)
2019-10-11 07:35:11,368 [pool-419-thread-1] INFO  server.RaftServerConfigKeys (ConfUtils.java:logGet(43)) - raft.server.log.statemachine.data.sync.timeout.retry = -1 (default)
2019-10-11 07:35:11,368 [pool-419-thread-1] INFO  server.RaftServerConfigKeys (ConfUtils.java:logGet(43)) - raft.server.log.statemachine.data.caching.enabled = true (custom)
2019-10-11 07:35:11,369 [pool-419-thread-1] INFO  segmented.SegmentedRaftLogWorker (SegmentedRaftLogWorker.java:lambda$new$0(128)) - 4d415cff-0964-4c64-a0ba-bf5399f54beb@group-118D21D46D68-SegmentedRaftLogWorker: flushIndex: setUnconditionally 0 -> -1
2019-10-11 07:35:11,369 [pool-419-thread-1] INFO  server.RaftServerConfigKeys (ConfUtils.java:logGet(43)) - raft.server.snapshot.auto.trigger.enabled = true (custom)
2019-10-11 07:35:11,369 [pool-419-thread-1] INFO  server.RaftServerConfigKeys (ConfUtils.java:logGet(43)) - raft.server.snapshot.auto.trigger.threshold = 10000 (custom)
2019-10-11 07:35:11,369 [pool-419-thread-1] INFO  server.RaftServerConfigKeys (ConfUtils.java:logGet(43)) - raft.server.snapshot.retention.file.num = 5 (custom)
2019-10-11 07:35:11,369 [pool-419-thread-1] INFO  server.RaftServerConfigKeys (ConfUtils.java:logGet(43)) - raft.server.retrycache.expirytime = 600000ms (custom)
2019-10-11 07:35:11,372 [pool-419-thread-1] INFO  impl.RaftServerImpl (RaftServerImpl.java:start(181)) - 4d415cff-0964-4c64-a0ba-bf5399f54beb@group-118D21D46D68: start as a follower, conf=-1: [4d415cff-0964-4c64-a0ba-bf5399f54beb:192.168.164.209:36258], old=null
2019-10-11 07:35:11,372 [pool-419-thread-1] INFO  impl.RaftServerImpl (RaftServerImpl.java:setRole(170)) - 4d415cff-0964-4c64-a0ba-bf5399f54beb@group-118D21D46D68: changes role from      null to FOLLOWER at term 0 for startAsFollower
2019-10-11 07:35:11,372 [pool-419-thread-1] INFO  impl.RoleInfo (RoleInfo.java:updateAndGet(143)) - 4d415cff-0964-4c64-a0ba-bf5399f54beb: start FollowerState
2019-10-11 07:35:11,373 [pool-419-thread-1] INFO  util.JmxRegister (JmxRegister.java:tryRegister(44)) - Successfully registered JMX Bean with object name Ratis:service=RaftServer,group=group-118D21D46D68,id=4d415cff-0964-4c64-a0ba-bf5399f54beb
2019-10-11 07:35:11,378 [RatisPipelineUtilsThread] INFO  pipeline.PipelineStateManager (PipelineStateManager.java:addPipeline(56)) - Created pipeline Pipeline[ Id: d55855b8-106d-469e-875f-118d21d46d68, Nodes: 4d415cff-0964-4c64-a0ba-bf5399f54beb{ip: 192.168.164.209, host: pr-hdds-2206-npvv8-3563359771, networkLocation: /default-rack, certSerialId: null}, Type:RATIS, Factor:ONE, State:OPEN]
2019-10-11 07:35:11,388 [grpc-default-executor-8] INFO  impl.RaftServerProxy (RaftServerProxy.java:addNew(89)) - b749c4c9-dc72-43f4-ab80-303d15046f89: addNew group-B27FB7EFA7AA:[b749c4c9-dc72-43f4-ab80-303d15046f89:192.168.164.209:35267] returns group-B27FB7EFA7AA:java.util.concurrent.CompletableFuture@2c493ca0[Not completed]
2019-10-11 07:35:11,390 [pool-429-thread-1] INFO  impl.RaftServerImpl (RaftServerImpl.java:<init>(95)) - b749c4c9-dc72-43f4-ab80-303d15046f89: new RaftServerImpl for group-B27FB7EFA7AA:[b749c4c9-dc72-43f4-ab80-303d15046f89:192.168.164.209:35267] with ContainerStateMachine:uninitialized
2019-10-11 07:35:11,390 [pool-429-thread-1] INFO  server.RaftServerConfigKeys (ConfUtils.java:logGet(43)) - raft.server.rpc.timeout.min = 5s (custom)
2019-10-11 07:35:11,390 [pool-429-thread-1] INFO  server.RaftServerConfigKeys (ConfUtils.java:logGet(43)) - raft.server.rpc.timeout.max = 5200ms (custom)
2019-10-11 07:35:11,390 [pool-429-thread-1] INFO  server.RaftServerConfigKeys (ConfUtils.java:logGet(43)) - raft.server.rpcslowness.timeout = 120s (custom)
2019-10-11 07:35:11,390 [pool-429-thread-1] INFO  server.RaftServerConfigKeys (ConfUtils.java:logGet(43)) - raft.server.sleep.deviation.threshold = 300 (default)
2019-10-11 07:35:11,390 [pool-429-thread-1] INFO  server.RaftServerConfigKeys (ConfUtils.java:logGet(43)) - raft.server.log.appender.install.snapshot.enabled = false (custom)
2019-10-11 07:35:11,391 [pool-429-thread-1] INFO  impl.RaftServerImpl (ServerState.java:<init>(103)) - b749c4c9-dc72-43f4-ab80-303d15046f89@group-B27FB7EFA7AA: ConfigurationManager, init=-1: [b749c4c9-dc72-43f4-ab80-303d15046f89:192.168.164.209:35267], old=null, confs=<EMPTY_MAP>
2019-10-11 07:35:11,391 [pool-429-thread-1] INFO  server.RaftServerConfigKeys (ConfUtils.java:logGet(43)) - raft.server.storage.dir = [/workdir/hadoop-ozone/integration-test/target/test-dir/MiniOzoneClusterImpl-b5204cf2-bad7-4711-9a54-58405b1ee90d/datanode-2/data/ratis] (custom)
2019-10-11 07:35:11,391 [pool-429-thread-1] INFO  server.RaftServerConfigKeys (ConfUtils.java:logGet(43)) - raft.server.log.corruption.policy = EXCEPTION (default)
2019-10-11 07:35:11,392 [pool-429-thread-1] INFO  storage.RaftStorageDirectory (RaftStorageDirectory.java:analyzeStorage(246)) - The storage directory /workdir/hadoop-ozone/integration-test/target/test-dir/MiniOzoneClusterImpl-b5204cf2-bad7-4711-9a54-58405b1ee90d/datanode-2/data/ratis/ee258a37-0b9a-4d90-9b0f-b27fb7efa7aa does not exist. Creating ...
2019-10-11 07:35:11,393 [IPC Server handler 0 on 37540] INFO  net.NetworkTopology (NetworkTopologyImpl.java:add(111)) - Added a new node: /default-rack/8acf1b93-5a98-4af7-bf94-e05f3d01800a
2019-10-11 07:35:11,393 [IPC Server handler 0 on 37540] INFO  node.SCMNodeManager (SCMNodeManager.java:register(268)) - Registered Data node : 8acf1b93-5a98-4af7-bf94-e05f3d01800a{ip: 192.168.164.209, host: pr-hdds-2206-npvv8-3563359771, networkLocation: /default-rack, certSerialId: null}
2019-10-11 07:35:11,421 [pool-429-thread-1] INFO  storage.RaftStorageDirectory (RaftStorageDirectory.java:tryLock(328)) - Lock on /workdir/hadoop-ozone/integration-test/target/test-dir/MiniOzoneClusterImpl-b5204cf2-bad7-4711-9a54-58405b1ee90d/datanode-2/data/ratis/ee258a37-0b9a-4d90-9b0f-b27fb7efa7aa/in_use.lock acquired by nodename 15316@pr-hdds-2206-npvv8-3563359771
2019-10-11 07:35:11,446 [pool-429-thread-1] INFO  storage.RaftStorage (RaftStorage.java:format(84)) - Storage directory /workdir/hadoop-ozone/integration-test/target/test-dir/MiniOzoneClusterImpl-b5204cf2-bad7-4711-9a54-58405b1ee90d/datanode-2/data/ratis/ee258a37-0b9a-4d90-9b0f-b27fb7efa7aa has been successfully formatted.
2019-10-11 07:35:11,447 [pool-429-thread-1] INFO  ratis.ContainerStateMachine (ContainerStateMachine.java:loadSnapshot(231)) - group-B27FB7EFA7AA: The snapshot info is null. Setting the last applied indexto:(t:0, i:~)
2019-10-11 07:35:11,447 [pool-429-thread-1] INFO  server.RaftServerConfigKeys (ConfUtils.java:logGet(43)) - raft.server.notification.no-leader.timeout = 120s (custom)
2019-10-11 07:35:11,447 [pool-429-thread-1] INFO  server.RaftServerConfigKeys (ConfUtils.java:logGet(43)) - raft.server.log.use.memory = false (default)
2019-10-11 07:35:11,447 [pool-429-thread-1] INFO  server.RaftServerConfigKeys (ConfUtils.java:logGet(43)) - raft.server.log.purge.gap = 1000000 (custom)
2019-10-11 07:35:11,447 [pool-429-thread-1] INFO  server.RaftServerConfigKeys (ConfUtils.java:logGet(43)) - raft.server.log.appender.buffer.byte-limit = 33554432 (custom)
2019-10-11 07:35:11,448 [pool-429-thread-1] INFO  server.RaftServerConfigKeys (ConfUtils.java:logGet(43)) - raft.server.log.segment.size.max = 1048576 (custom)
2019-10-11 07:35:11,450 [pool-429-thread-1] INFO  server.RaftServerConfigKeys (ConfUtils.java:logGet(43)) - raft.server.log.segment.cache.num.max = 2 (custom)
2019-10-11 07:35:11,450 [pool-429-thread-1] INFO  segmented.SegmentedRaftLogWorker (SegmentedRaftLogWorker.java:<init>(173)) - new b749c4c9-dc72-43f4-ab80-303d15046f89@group-B27FB7EFA7AA-SegmentedRaftLogWorker for RaftStorage:Storage Directory /workdir/hadoop-ozone/integration-test/target/test-dir/MiniOzoneClusterImpl-b5204cf2-bad7-4711-9a54-58405b1ee90d/datanode-2/data/ratis/ee258a37-0b9a-4d90-9b0f-b27fb7efa7aa
2019-10-11 07:35:11,450 [pool-429-thread-1] INFO  server.RaftServerConfigKeys (ConfUtils.java:logGet(43)) - raft.server.log.queue.byte-limit = 2147483647 (custom)
2019-10-11 07:35:11,450 [pool-429-thread-1] INFO  server.RaftServerConfigKeys (ConfUtils.java:logGet(43)) - raft.server.log.queue.element-limit = 1024 (custom)
2019-10-11 07:35:11,450 [pool-429-thread-1] INFO  server.RaftServerConfigKeys (ConfUtils.java:logGet(43)) - raft.server.log.segment.size.max = 1048576 (custom)
2019-10-11 07:35:11,450 [pool-429-thread-1] INFO  server.RaftServerConfigKeys (ConfUtils.java:logGet(43)) - raft.server.log.preallocated.size = 16384 (custom)
2019-10-11 07:35:11,451 [pool-429-thread-1] INFO  server.RaftServerConfigKeys (ConfUtils.java:logGet(43)) - raft.server.log.write.buffer.size = 33554432 (custom)
2019-10-11 07:35:11,451 [pool-429-thread-1] INFO  server.RaftServerConfigKeys (ConfUtils.java:logGet(43)) - raft.server.log.force.sync.num = 128 (default)
2019-10-11 07:35:11,451 [pool-429-thread-1] INFO  server.RaftServerConfigKeys (ConfUtils.java:logGet(43)) - raft.server.log.statemachine.data.sync = true (default)
2019-10-11 07:35:11,451 [pool-429-thread-1] INFO  server.RaftServerConfigKeys (ConfUtils.java:logGet(43)) - raft.server.log.statemachine.data.sync.timeout = 10s (default)
2019-10-11 07:35:11,451 [pool-429-thread-1] INFO  server.RaftServerConfigKeys (ConfUtils.java:logGet(43)) - raft.server.log.statemachine.data.sync.timeout.retry = -1 (default)
2019-10-11 07:35:11,452 [pool-429-thread-1] INFO  server.RaftServerConfigKeys (ConfUtils.java:logGet(43)) - raft.server.log.statemachine.data.caching.enabled = true (custom)
2019-10-11 07:35:11,452 [pool-429-thread-1] INFO  segmented.SegmentedRaftLogWorker (SegmentedRaftLogWorker.java:lambda$new$0(128)) - b749c4c9-dc72-43f4-ab80-303d15046f89@group-B27FB7EFA7AA-SegmentedRaftLogWorker: flushIndex: setUnconditionally 0 -> -1
2019-10-11 07:35:11,452 [pool-429-thread-1] INFO  server.RaftServerConfigKeys (ConfUtils.java:logGet(43)) - raft.server.snapshot.auto.trigger.enabled = true (custom)
2019-10-11 07:35:11,453 [pool-429-thread-1] INFO  server.RaftServerConfigKeys (ConfUtils.java:logGet(43)) - raft.server.snapshot.auto.trigger.threshold = 10000 (custom)
2019-10-11 07:35:11,453 [pool-429-thread-1] INFO  server.RaftServerConfigKeys (ConfUtils.java:logGet(43)) - raft.server.snapshot.retention.file.num = 5 (custom)
2019-10-11 07:35:11,453 [pool-429-thread-1] INFO  server.RaftServerConfigKeys (ConfUtils.java:logGet(43)) - raft.server.retrycache.expirytime = 600000ms (custom)
2019-10-11 07:35:11,455 [pool-429-thread-1] INFO  impl.RaftServerImpl (RaftServerImpl.java:start(181)) - b749c4c9-dc72-43f4-ab80-303d15046f89@group-B27FB7EFA7AA: start as a follower, conf=-1: [b749c4c9-dc72-43f4-ab80-303d15046f89:192.168.164.209:35267], old=null
2019-10-11 07:35:11,455 [pool-429-thread-1] INFO  impl.RaftServerImpl (RaftServerImpl.java:setRole(170)) - b749c4c9-dc72-43f4-ab80-303d15046f89@group-B27FB7EFA7AA: changes role from      null to FOLLOWER at term 0 for startAsFollower
2019-10-11 07:35:11,455 [pool-429-thread-1] INFO  impl.RoleInfo (RoleInfo.java:updateAndGet(143)) - b749c4c9-dc72-43f4-ab80-303d15046f89: start FollowerState
2019-10-11 07:35:11,455 [pool-429-thread-1] INFO  util.JmxRegister (JmxRegister.java:tryRegister(44)) - Successfully registered JMX Bean with object name Ratis:service=RaftServer,group=group-B27FB7EFA7AA,id=b749c4c9-dc72-43f4-ab80-303d15046f89
2019-10-11 07:35:11,458 [IPC Server handler 1 on 37540] INFO  net.NetworkTopology (NetworkTopologyImpl.java:add(111)) - Added a new node: /default-rack/a3f9250e-d589-4d23-8f76-3d1d54b6f453
2019-10-11 07:35:11,459 [IPC Server handler 1 on 37540] INFO  node.SCMNodeManager (SCMNodeManager.java:register(268)) - Registered Data node : a3f9250e-d589-4d23-8f76-3d1d54b6f453{ip: 192.168.164.209, host: pr-hdds-2206-npvv8-3563359771, networkLocation: /default-rack, certSerialId: null}
2019-10-11 07:35:11,459 [RatisPipelineUtilsThread] INFO  pipeline.PipelineStateManager (PipelineStateManager.java:addPipeline(56)) - Created pipeline Pipeline[ Id: ee258a37-0b9a-4d90-9b0f-b27fb7efa7aa, Nodes: b749c4c9-dc72-43f4-ab80-303d15046f89{ip: 192.168.164.209, host: pr-hdds-2206-npvv8-3563359771, networkLocation: /default-rack, certSerialId: null}, Type:RATIS, Factor:ONE, State:OPEN]
2019-10-11 07:35:11,466 [grpc-default-executor-8] INFO  impl.RaftServerProxy (RaftServerProxy.java:addNew(89)) - 8acf1b93-5a98-4af7-bf94-e05f3d01800a: addNew group-227FCEC49493:[8acf1b93-5a98-4af7-bf94-e05f3d01800a:192.168.164.209:44902] returns group-227FCEC49493:java.util.concurrent.CompletableFuture@58192725[Not completed]
2019-10-11 07:35:11,467 [pool-439-thread-1] INFO  impl.RaftServerImpl (RaftServerImpl.java:<init>(95)) - 8acf1b93-5a98-4af7-bf94-e05f3d01800a: new RaftServerImpl for group-227FCEC49493:[8acf1b93-5a98-4af7-bf94-e05f3d01800a:192.168.164.209:44902] with ContainerStateMachine:uninitialized
2019-10-11 07:35:11,468 [pool-439-thread-1] INFO  server.RaftServerConfigKeys (ConfUtils.java:logGet(43)) - raft.server.rpc.timeout.min = 5s (custom)
2019-10-11 07:35:11,468 [pool-439-thread-1] INFO  server.RaftServerConfigKeys (ConfUtils.java:logGet(43)) - raft.server.rpc.timeout.max = 5200ms (custom)
2019-10-11 07:35:11,468 [pool-439-thread-1] INFO  server.RaftServerConfigKeys (ConfUtils.java:logGet(43)) - raft.server.rpcslowness.timeout = 120s (custom)
2019-10-11 07:35:11,468 [pool-439-thread-1] INFO  server.RaftServerConfigKeys (ConfUtils.java:logGet(43)) - raft.server.sleep.deviation.threshold = 300 (default)
2019-10-11 07:35:11,468 [pool-439-thread-1] INFO  server.RaftServerConfigKeys (ConfUtils.java:logGet(43)) - raft.server.log.appender.install.snapshot.enabled = false (custom)
2019-10-11 07:35:11,468 [pool-439-thread-1] INFO  impl.RaftServerImpl (ServerState.java:<init>(103)) - 8acf1b93-5a98-4af7-bf94-e05f3d01800a@group-227FCEC49493: ConfigurationManager, init=-1: [8acf1b93-5a98-4af7-bf94-e05f3d01800a:192.168.164.209:44902], old=null, confs=<EMPTY_MAP>
2019-10-11 07:35:11,468 [pool-439-thread-1] INFO  server.RaftServerConfigKeys (ConfUtils.java:logGet(43)) - raft.server.storage.dir = [/workdir/hadoop-ozone/integration-test/target/test-dir/MiniOzoneClusterImpl-b5204cf2-bad7-4711-9a54-58405b1ee90d/datanode-3/data/ratis] (custom)
2019-10-11 07:35:11,469 [pool-439-thread-1] INFO  server.RaftServerConfigKeys (ConfUtils.java:logGet(43)) - raft.server.log.corruption.policy = EXCEPTION (default)
2019-10-11 07:35:11,469 [pool-439-thread-1] INFO  storage.RaftStorageDirectory (RaftStorageDirectory.java:analyzeStorage(246)) - The storage directory /workdir/hadoop-ozone/integration-test/target/test-dir/MiniOzoneClusterImpl-b5204cf2-bad7-4711-9a54-58405b1ee90d/datanode-3/data/ratis/94d01255-3857-47dc-8655-227fcec49493 does not exist. Creating ...
2019-10-11 07:35:11,497 [pool-439-thread-1] INFO  storage.RaftStorageDirectory (RaftStorageDirectory.java:tryLock(328)) - Lock on /workdir/hadoop-ozone/integration-test/target/test-dir/MiniOzoneClusterImpl-b5204cf2-bad7-4711-9a54-58405b1ee90d/datanode-3/data/ratis/94d01255-3857-47dc-8655-227fcec49493/in_use.lock acquired by nodename 15316@pr-hdds-2206-npvv8-3563359771
2019-10-11 07:35:11,522 [pool-439-thread-1] INFO  storage.RaftStorage (RaftStorage.java:format(84)) - Storage directory /workdir/hadoop-ozone/integration-test/target/test-dir/MiniOzoneClusterImpl-b5204cf2-bad7-4711-9a54-58405b1ee90d/datanode-3/data/ratis/94d01255-3857-47dc-8655-227fcec49493 has been successfully formatted.
2019-10-11 07:35:11,522 [pool-439-thread-1] INFO  ratis.ContainerStateMachine (ContainerStateMachine.java:loadSnapshot(231)) - group-227FCEC49493: The snapshot info is null. Setting the last applied indexto:(t:0, i:~)
2019-10-11 07:35:11,522 [pool-439-thread-1] INFO  server.RaftServerConfigKeys (ConfUtils.java:logGet(43)) - raft.server.notification.no-leader.timeout = 120s (custom)
2019-10-11 07:35:11,523 [pool-439-thread-1] INFO  server.RaftServerConfigKeys (ConfUtils.java:logGet(43)) - raft.server.log.use.memory = false (default)
2019-10-11 07:35:11,523 [IPC Server handler 2 on 37540] INFO  net.NetworkTopology (NetworkTopologyImpl.java:add(111)) - Added a new node: /default-rack/d4e9d99a-b039-46d3-8051-60a60674dea5
2019-10-11 07:35:11,523 [pool-439-thread-1] INFO  server.RaftServerConfigKeys (ConfUtils.java:logGet(43)) - raft.server.log.purge.gap = 1000000 (custom)
2019-10-11 07:35:11,523 [IPC Server handler 2 on 37540] INFO  node.SCMNodeManager (SCMNodeManager.java:register(268)) - Registered Data node : d4e9d99a-b039-46d3-8051-60a60674dea5{ip: 192.168.164.209, host: pr-hdds-2206-npvv8-3563359771, networkLocation: /default-rack, certSerialId: null}
2019-10-11 07:35:11,523 [pool-439-thread-1] INFO  server.RaftServerConfigKeys (ConfUtils.java:logGet(43)) - raft.server.log.appender.buffer.byte-limit = 33554432 (custom)
2019-10-11 07:35:11,523 [pool-439-thread-1] INFO  server.RaftServerConfigKeys (ConfUtils.java:logGet(43)) - raft.server.log.segment.size.max = 1048576 (custom)
2019-10-11 07:35:11,525 [pool-439-thread-1] INFO  server.RaftServerConfigKeys (ConfUtils.java:logGet(43)) - raft.server.log.segment.cache.num.max = 2 (custom)
2019-10-11 07:35:11,525 [pool-439-thread-1] INFO  segmented.SegmentedRaftLogWorker (SegmentedRaftLogWorker.java:<init>(173)) - new 8acf1b93-5a98-4af7-bf94-e05f3d01800a@group-227FCEC49493-SegmentedRaftLogWorker for RaftStorage:Storage Directory /workdir/hadoop-ozone/integration-test/target/test-dir/MiniOzoneClusterImpl-b5204cf2-bad7-4711-9a54-58405b1ee90d/datanode-3/data/ratis/94d01255-3857-47dc-8655-227fcec49493
2019-10-11 07:35:11,525 [pool-439-thread-1] INFO  server.RaftServerConfigKeys (ConfUtils.java:logGet(43)) - raft.server.log.queue.byte-limit = 2147483647 (custom)
2019-10-11 07:35:11,525 [pool-439-thread-1] INFO  server.RaftServerConfigKeys (ConfUtils.java:logGet(43)) - raft.server.log.queue.element-limit = 1024 (custom)
2019-10-11 07:35:11,526 [pool-439-thread-1] INFO  server.RaftServerConfigKeys (ConfUtils.java:logGet(43)) - raft.server.log.segment.size.max = 1048576 (custom)
2019-10-11 07:35:11,526 [pool-439-thread-1] INFO  server.RaftServerConfigKeys (ConfUtils.java:logGet(43)) - raft.server.log.preallocated.size = 16384 (custom)
2019-10-11 07:35:11,526 [pool-439-thread-1] INFO  server.RaftServerConfigKeys (ConfUtils.java:logGet(43)) - raft.server.log.write.buffer.size = 33554432 (custom)
2019-10-11 07:35:11,526 [pool-439-thread-1] INFO  server.RaftServerConfigKeys (ConfUtils.java:logGet(43)) - raft.server.log.force.sync.num = 128 (default)
2019-10-11 07:35:11,526 [pool-439-thread-1] INFO  server.RaftServerConfigKeys (ConfUtils.java:logGet(43)) - raft.server.log.statemachine.data.sync = true (default)
2019-10-11 07:35:11,526 [pool-439-thread-1] INFO  server.RaftServerConfigKeys (ConfUtils.java:logGet(43)) - raft.server.log.statemachine.data.sync.timeout = 10s (default)
2019-10-11 07:35:11,526 [pool-439-thread-1] INFO  server.RaftServerConfigKeys (ConfUtils.java:logGet(43)) - raft.server.log.statemachine.data.sync.timeout.retry = -1 (default)
2019-10-11 07:35:11,527 [pool-439-thread-1] INFO  server.RaftServerConfigKeys (ConfUtils.java:logGet(43)) - raft.server.log.statemachine.data.caching.enabled = true (custom)
2019-10-11 07:35:11,527 [pool-439-thread-1] INFO  segmented.SegmentedRaftLogWorker (SegmentedRaftLogWorker.java:lambda$new$0(128)) - 8acf1b93-5a98-4af7-bf94-e05f3d01800a@group-227FCEC49493-SegmentedRaftLogWorker: flushIndex: setUnconditionally 0 -> -1
2019-10-11 07:35:11,527 [pool-439-thread-1] INFO  server.RaftServerConfigKeys (ConfUtils.java:logGet(43)) - raft.server.snapshot.auto.trigger.enabled = true (custom)
2019-10-11 07:35:11,528 [pool-439-thread-1] INFO  server.RaftServerConfigKeys (ConfUtils.java:logGet(43)) - raft.server.snapshot.auto.trigger.threshold = 10000 (custom)
2019-10-11 07:35:11,528 [pool-439-thread-1] INFO  server.RaftServerConfigKeys (ConfUtils.java:logGet(43)) - raft.server.snapshot.retention.file.num = 5 (custom)
2019-10-11 07:35:11,528 [pool-439-thread-1] INFO  server.RaftServerConfigKeys (ConfUtils.java:logGet(43)) - raft.server.retrycache.expirytime = 600000ms (custom)
2019-10-11 07:35:11,530 [pool-439-thread-1] INFO  impl.RaftServerImpl (RaftServerImpl.java:start(181)) - 8acf1b93-5a98-4af7-bf94-e05f3d01800a@group-227FCEC49493: start as a follower, conf=-1: [8acf1b93-5a98-4af7-bf94-e05f3d01800a:192.168.164.209:44902], old=null
2019-10-11 07:35:11,530 [pool-439-thread-1] INFO  impl.RaftServerImpl (RaftServerImpl.java:setRole(170)) - 8acf1b93-5a98-4af7-bf94-e05f3d01800a@group-227FCEC49493: changes role from      null to FOLLOWER at term 0 for startAsFollower
2019-10-11 07:35:11,530 [pool-439-thread-1] INFO  impl.RoleInfo (RoleInfo.java:updateAndGet(143)) - 8acf1b93-5a98-4af7-bf94-e05f3d01800a: start FollowerState
2019-10-11 07:35:11,530 [pool-439-thread-1] INFO  util.JmxRegister (JmxRegister.java:tryRegister(44)) - Successfully registered JMX Bean with object name Ratis:service=RaftServer,group=group-227FCEC49493,id=8acf1b93-5a98-4af7-bf94-e05f3d01800a
2019-10-11 07:35:11,534 [RatisPipelineUtilsThread] INFO  pipeline.PipelineStateManager (PipelineStateManager.java:addPipeline(56)) - Created pipeline Pipeline[ Id: 94d01255-3857-47dc-8655-227fcec49493, Nodes: 8acf1b93-5a98-4af7-bf94-e05f3d01800a{ip: 192.168.164.209, host: pr-hdds-2206-npvv8-3563359771, networkLocation: /default-rack, certSerialId: null}, Type:RATIS, Factor:ONE, State:OPEN]
2019-10-11 07:35:11,543 [grpc-default-executor-8] INFO  impl.RaftServerProxy (RaftServerProxy.java:addNew(89)) - a3f9250e-d589-4d23-8f76-3d1d54b6f453: addNew group-CD09C165DB09:[a3f9250e-d589-4d23-8f76-3d1d54b6f453:192.168.164.209:41727] returns group-CD09C165DB09:java.util.concurrent.CompletableFuture@3134d073[Not completed]
2019-10-11 07:35:11,544 [pool-449-thread-1] INFO  impl.RaftServerImpl (RaftServerImpl.java:<init>(95)) - a3f9250e-d589-4d23-8f76-3d1d54b6f453: new RaftServerImpl for group-CD09C165DB09:[a3f9250e-d589-4d23-8f76-3d1d54b6f453:192.168.164.209:41727] with ContainerStateMachine:uninitialized
2019-10-11 07:35:11,544 [pool-449-thread-1] INFO  server.RaftServerConfigKeys (ConfUtils.java:logGet(43)) - raft.server.rpc.timeout.min = 5s (custom)
2019-10-11 07:35:11,544 [pool-449-thread-1] INFO  server.RaftServerConfigKeys (ConfUtils.java:logGet(43)) - raft.server.rpc.timeout.max = 5200ms (custom)
2019-10-11 07:35:11,545 [pool-449-thread-1] INFO  server.RaftServerConfigKeys (ConfUtils.java:logGet(43)) - raft.server.rpcslowness.timeout = 120s (custom)
2019-10-11 07:35:11,545 [pool-449-thread-1] INFO  server.RaftServerConfigKeys (ConfUtils.java:logGet(43)) - raft.server.sleep.deviation.threshold = 300 (default)
2019-10-11 07:35:11,545 [pool-449-thread-1] INFO  server.RaftServerConfigKeys (ConfUtils.java:logGet(43)) - raft.server.log.appender.install.snapshot.enabled = false (custom)
2019-10-11 07:35:11,545 [pool-449-thread-1] INFO  impl.RaftServerImpl (ServerState.java:<init>(103)) - a3f9250e-d589-4d23-8f76-3d1d54b6f453@group-CD09C165DB09: ConfigurationManager, init=-1: [a3f9250e-d589-4d23-8f76-3d1d54b6f453:192.168.164.209:41727], old=null, confs=<EMPTY_MAP>
2019-10-11 07:35:11,545 [pool-449-thread-1] INFO  server.RaftServerConfigKeys (ConfUtils.java:logGet(43)) - raft.server.storage.dir = [/workdir/hadoop-ozone/integration-test/target/test-dir/MiniOzoneClusterImpl-b5204cf2-bad7-4711-9a54-58405b1ee90d/datanode-4/data/ratis] (custom)
2019-10-11 07:35:11,545 [pool-449-thread-1] INFO  server.RaftServerConfigKeys (ConfUtils.java:logGet(43)) - raft.server.log.corruption.policy = EXCEPTION (default)
2019-10-11 07:35:11,546 [pool-449-thread-1] INFO  storage.RaftStorageDirectory (RaftStorageDirectory.java:analyzeStorage(246)) - The storage directory /workdir/hadoop-ozone/integration-test/target/test-dir/MiniOzoneClusterImpl-b5204cf2-bad7-4711-9a54-58405b1ee90d/datanode-4/data/ratis/b7fc47df-20ba-4bd3-90e1-cd09c165db09 does not exist. Creating ...
2019-10-11 07:35:11,572 [pool-449-thread-1] INFO  storage.RaftStorageDirectory (RaftStorageDirectory.java:tryLock(328)) - Lock on /workdir/hadoop-ozone/integration-test/target/test-dir/MiniOzoneClusterImpl-b5204cf2-bad7-4711-9a54-58405b1ee90d/datanode-4/data/ratis/b7fc47df-20ba-4bd3-90e1-cd09c165db09/in_use.lock acquired by nodename 15316@pr-hdds-2206-npvv8-3563359771
2019-10-11 07:35:11,598 [pool-449-thread-1] INFO  storage.RaftStorage (RaftStorage.java:format(84)) - Storage directory /workdir/hadoop-ozone/integration-test/target/test-dir/MiniOzoneClusterImpl-b5204cf2-bad7-4711-9a54-58405b1ee90d/datanode-4/data/ratis/b7fc47df-20ba-4bd3-90e1-cd09c165db09 has been successfully formatted.
2019-10-11 07:35:11,598 [pool-449-thread-1] INFO  ratis.ContainerStateMachine (ContainerStateMachine.java:loadSnapshot(231)) - group-CD09C165DB09: The snapshot info is null. Setting the last applied indexto:(t:0, i:~)
2019-10-11 07:35:11,598 [pool-449-thread-1] INFO  server.RaftServerConfigKeys (ConfUtils.java:logGet(43)) - raft.server.notification.no-leader.timeout = 120s (custom)
2019-10-11 07:35:11,598 [pool-449-thread-1] INFO  server.RaftServerConfigKeys (ConfUtils.java:logGet(43)) - raft.server.log.use.memory = false (default)
2019-10-11 07:35:11,598 [pool-449-thread-1] INFO  server.RaftServerConfigKeys (ConfUtils.java:logGet(43)) - raft.server.log.purge.gap = 1000000 (custom)
2019-10-11 07:35:11,599 [pool-449-thread-1] INFO  server.RaftServerConfigKeys (ConfUtils.java:logGet(43)) - raft.server.log.appender.buffer.byte-limit = 33554432 (custom)
2019-10-11 07:35:11,599 [pool-449-thread-1] INFO  server.RaftServerConfigKeys (ConfUtils.java:logGet(43)) - raft.server.log.segment.size.max = 1048576 (custom)
2019-10-11 07:35:11,600 [pool-449-thread-1] INFO  server.RaftServerConfigKeys (ConfUtils.java:logGet(43)) - raft.server.log.segment.cache.num.max = 2 (custom)
2019-10-11 07:35:11,601 [pool-449-thread-1] INFO  segmented.SegmentedRaftLogWorker (SegmentedRaftLogWorker.java:<init>(173)) - new a3f9250e-d589-4d23-8f76-3d1d54b6f453@group-CD09C165DB09-SegmentedRaftLogWorker for RaftStorage:Storage Directory /workdir/hadoop-ozone/integration-test/target/test-dir/MiniOzoneClusterImpl-b5204cf2-bad7-4711-9a54-58405b1ee90d/datanode-4/data/ratis/b7fc47df-20ba-4bd3-90e1-cd09c165db09
2019-10-11 07:35:11,601 [pool-449-thread-1] INFO  server.RaftServerConfigKeys (ConfUtils.java:logGet(43)) - raft.server.log.queue.byte-limit = 2147483647 (custom)
2019-10-11 07:35:11,601 [pool-449-thread-1] INFO  server.RaftServerConfigKeys (ConfUtils.java:logGet(43)) - raft.server.log.queue.element-limit = 1024 (custom)
2019-10-11 07:35:11,601 [pool-449-thread-1] INFO  server.RaftServerConfigKeys (ConfUtils.java:logGet(43)) - raft.server.log.segment.size.max = 1048576 (custom)
2019-10-11 07:35:11,601 [pool-449-thread-1] INFO  server.RaftServerConfigKeys (ConfUtils.java:logGet(43)) - raft.server.log.preallocated.size = 16384 (custom)
2019-10-11 07:35:11,601 [pool-449-thread-1] INFO  server.RaftServerConfigKeys (ConfUtils.java:logGet(43)) - raft.server.log.write.buffer.size = 33554432 (custom)
2019-10-11 07:35:11,602 [pool-449-thread-1] INFO  server.RaftServerConfigKeys (ConfUtils.java:logGet(43)) - raft.server.log.force.sync.num = 128 (default)
2019-10-11 07:35:11,602 [pool-449-thread-1] INFO  server.RaftServerConfigKeys (ConfUtils.java:logGet(43)) - raft.server.log.statemachine.data.sync = true (default)
2019-10-11 07:35:11,602 [pool-449-thread-1] INFO  server.RaftServerConfigKeys (ConfUtils.java:logGet(43)) - raft.server.log.statemachine.data.sync.timeout = 10s (default)
2019-10-11 07:35:11,602 [pool-449-thread-1] INFO  server.RaftServerConfigKeys (ConfUtils.java:logGet(43)) - raft.server.log.statemachine.data.sync.timeout.retry = -1 (default)
2019-10-11 07:35:11,602 [pool-449-thread-1] INFO  server.RaftServerConfigKeys (ConfUtils.java:logGet(43)) - raft.server.log.statemachine.data.caching.enabled = true (custom)
2019-10-11 07:35:11,603 [pool-449-thread-1] INFO  segmented.SegmentedRaftLogWorker (SegmentedRaftLogWorker.java:lambda$new$0(128)) - a3f9250e-d589-4d23-8f76-3d1d54b6f453@group-CD09C165DB09-SegmentedRaftLogWorker: flushIndex: setUnconditionally 0 -> -1
2019-10-11 07:35:11,603 [pool-449-thread-1] INFO  server.RaftServerConfigKeys (ConfUtils.java:logGet(43)) - raft.server.snapshot.auto.trigger.enabled = true (custom)
2019-10-11 07:35:11,603 [pool-449-thread-1] INFO  server.RaftServerConfigKeys (ConfUtils.java:logGet(43)) - raft.server.snapshot.auto.trigger.threshold = 10000 (custom)
2019-10-11 07:35:11,603 [pool-449-thread-1] INFO  server.RaftServerConfigKeys (ConfUtils.java:logGet(43)) - raft.server.snapshot.retention.file.num = 5 (custom)
2019-10-11 07:35:11,604 [pool-449-thread-1] INFO  server.RaftServerConfigKeys (ConfUtils.java:logGet(43)) - raft.server.retrycache.expirytime = 600000ms (custom)
2019-10-11 07:35:11,605 [pool-449-thread-1] INFO  impl.RaftServerImpl (RaftServerImpl.java:start(181)) - a3f9250e-d589-4d23-8f76-3d1d54b6f453@group-CD09C165DB09: start as a follower, conf=-1: [a3f9250e-d589-4d23-8f76-3d1d54b6f453:192.168.164.209:41727], old=null
2019-10-11 07:35:11,606 [pool-449-thread-1] INFO  impl.RaftServerImpl (RaftServerImpl.java:setRole(170)) - a3f9250e-d589-4d23-8f76-3d1d54b6f453@group-CD09C165DB09: changes role from      null to FOLLOWER at term 0 for startAsFollower
2019-10-11 07:35:11,606 [pool-449-thread-1] INFO  impl.RoleInfo (RoleInfo.java:updateAndGet(143)) - a3f9250e-d589-4d23-8f76-3d1d54b6f453: start FollowerState
2019-10-11 07:35:11,606 [pool-449-thread-1] INFO  util.JmxRegister (JmxRegister.java:tryRegister(44)) - Successfully registered JMX Bean with object name Ratis:service=RaftServer,group=group-CD09C165DB09,id=a3f9250e-d589-4d23-8f76-3d1d54b6f453
2019-10-11 07:35:11,606 [IPC Server handler 3 on 37540] INFO  net.NetworkTopology (NetworkTopologyImpl.java:add(111)) - Added a new node: /default-rack/672bb6f8-5131-4da7-8320-8bbddbc4a98b
2019-10-11 07:35:11,607 [IPC Server handler 3 on 37540] INFO  node.SCMNodeManager (SCMNodeManager.java:register(268)) - Registered Data node : 672bb6f8-5131-4da7-8320-8bbddbc4a98b{ip: 192.168.164.209, host: pr-hdds-2206-npvv8-3563359771, networkLocation: /default-rack, certSerialId: null}
2019-10-11 07:35:11,609 [main] INFO  ozone.MiniOzoneClusterImpl (MiniOzoneClusterImpl.java:lambda$waitForClusterToBeReady$0(147)) - Cluster is ready. Got 7 of 7 DN Heartbeats.
2019-10-11 07:35:11,611 [RatisPipelineUtilsThread] INFO  pipeline.PipelineStateManager (PipelineStateManager.java:addPipeline(56)) - Created pipeline Pipeline[ Id: b7fc47df-20ba-4bd3-90e1-cd09c165db09, Nodes: a3f9250e-d589-4d23-8f76-3d1d54b6f453{ip: 192.168.164.209, host: pr-hdds-2206-npvv8-3563359771, networkLocation: /default-rack, certSerialId: null}, Type:RATIS, Factor:ONE, State:OPEN]
2019-10-11 07:35:11,623 [grpc-default-executor-8] INFO  impl.RaftServerProxy (RaftServerProxy.java:addNew(89)) - 672bb6f8-5131-4da7-8320-8bbddbc4a98b: addNew group-ED35E500CDB9:[672bb6f8-5131-4da7-8320-8bbddbc4a98b:192.168.164.209:42241] returns group-ED35E500CDB9:java.util.concurrent.CompletableFuture@387dfa86[Not completed]
2019-10-11 07:35:11,625 [pool-469-thread-1] INFO  impl.RaftServerImpl (RaftServerImpl.java:<init>(95)) - 672bb6f8-5131-4da7-8320-8bbddbc4a98b: new RaftServerImpl for group-ED35E500CDB9:[672bb6f8-5131-4da7-8320-8bbddbc4a98b:192.168.164.209:42241] with ContainerStateMachine:uninitialized
2019-10-11 07:35:11,625 [pool-469-thread-1] INFO  server.RaftServerConfigKeys (ConfUtils.java:logGet(43)) - raft.server.rpc.timeout.min = 5s (custom)
2019-10-11 07:35:11,625 [pool-469-thread-1] INFO  server.RaftServerConfigKeys (ConfUtils.java:logGet(43)) - raft.server.rpc.timeout.max = 5200ms (custom)
2019-10-11 07:35:11,625 [pool-469-thread-1] INFO  server.RaftServerConfigKeys (ConfUtils.java:logGet(43)) - raft.server.rpcslowness.timeout = 120s (custom)
2019-10-11 07:35:11,626 [pool-469-thread-1] INFO  server.RaftServerConfigKeys (ConfUtils.java:logGet(43)) - raft.server.sleep.deviation.threshold = 300 (default)
2019-10-11 07:35:11,626 [pool-469-thread-1] INFO  server.RaftServerConfigKeys (ConfUtils.java:logGet(43)) - raft.server.log.appender.install.snapshot.enabled = false (custom)
2019-10-11 07:35:11,626 [pool-469-thread-1] INFO  impl.RaftServerImpl (ServerState.java:<init>(103)) - 672bb6f8-5131-4da7-8320-8bbddbc4a98b@group-ED35E500CDB9: ConfigurationManager, init=-1: [672bb6f8-5131-4da7-8320-8bbddbc4a98b:192.168.164.209:42241], old=null, confs=<EMPTY_MAP>
2019-10-11 07:35:11,626 [pool-469-thread-1] INFO  server.RaftServerConfigKeys (ConfUtils.java:logGet(43)) - raft.server.storage.dir = [/workdir/hadoop-ozone/integration-test/target/test-dir/MiniOzoneClusterImpl-b5204cf2-bad7-4711-9a54-58405b1ee90d/datanode-6/data/ratis] (custom)
2019-10-11 07:35:11,629 [pool-469-thread-1] INFO  server.RaftServerConfigKeys (ConfUtils.java:logGet(43)) - raft.server.log.corruption.policy = EXCEPTION (default)
2019-10-11 07:35:11,630 [pool-469-thread-1] INFO  storage.RaftStorageDirectory (RaftStorageDirectory.java:analyzeStorage(246)) - The storage directory /workdir/hadoop-ozone/integration-test/target/test-dir/MiniOzoneClusterImpl-b5204cf2-bad7-4711-9a54-58405b1ee90d/datanode-6/data/ratis/f5071804-d603-44bc-8aac-ed35e500cdb9 does not exist. Creating ...
2019-10-11 07:35:11,652 [main] INFO  rpc.RpcClient (RpcClient.java:createVolume(272)) - Creating Volume: testblockoutputstream, with jenkins1000 as owner.
2019-10-11 07:35:11,655 [IPC Server handler 3 on 43508] INFO  volume.OMVolumeCreateRequest (OMVolumeCreateRequest.java:validateAndUpdateCache(193)) - created volume:testblockoutputstream for user:jenkins1000
2019-10-11 07:35:11,667 [pool-469-thread-1] INFO  storage.RaftStorageDirectory (RaftStorageDirectory.java:tryLock(328)) - Lock on /workdir/hadoop-ozone/integration-test/target/test-dir/MiniOzoneClusterImpl-b5204cf2-bad7-4711-9a54-58405b1ee90d/datanode-6/data/ratis/f5071804-d603-44bc-8aac-ed35e500cdb9/in_use.lock acquired by nodename 15316@pr-hdds-2206-npvv8-3563359771
2019-10-11 07:35:11,669 [main] INFO  rpc.RpcClient (RpcClient.java:createBucket(411)) - Creating Bucket: testblockoutputstream/testblockoutputstream, with Versioning false and Storage Type set to DISK and Encryption set to false 
2019-10-11 07:35:11,690 [pool-469-thread-1] INFO  storage.RaftStorage (RaftStorage.java:format(84)) - Storage directory /workdir/hadoop-ozone/integration-test/target/test-dir/MiniOzoneClusterImpl-b5204cf2-bad7-4711-9a54-58405b1ee90d/datanode-6/data/ratis/f5071804-d603-44bc-8aac-ed35e500cdb9 has been successfully formatted.
2019-10-11 07:35:11,690 [pool-469-thread-1] INFO  ratis.ContainerStateMachine (ContainerStateMachine.java:loadSnapshot(231)) - group-ED35E500CDB9: The snapshot info is null. Setting the last applied indexto:(t:0, i:~)
2019-10-11 07:35:11,691 [pool-469-thread-1] INFO  server.RaftServerConfigKeys (ConfUtils.java:logGet(43)) - raft.server.notification.no-leader.timeout = 120s (custom)
2019-10-11 07:35:11,691 [pool-469-thread-1] INFO  server.RaftServerConfigKeys (ConfUtils.java:logGet(43)) - raft.server.log.use.memory = false (default)
2019-10-11 07:35:11,691 [pool-469-thread-1] INFO  server.RaftServerConfigKeys (ConfUtils.java:logGet(43)) - raft.server.log.purge.gap = 1000000 (custom)
2019-10-11 07:35:11,691 [pool-469-thread-1] INFO  server.RaftServerConfigKeys (ConfUtils.java:logGet(43)) - raft.server.log.appender.buffer.byte-limit = 33554432 (custom)
2019-10-11 07:35:11,691 [pool-469-thread-1] INFO  server.RaftServerConfigKeys (ConfUtils.java:logGet(43)) - raft.server.log.segment.size.max = 1048576 (custom)
2019-10-11 07:35:11,693 [pool-469-thread-1] INFO  server.RaftServerConfigKeys (ConfUtils.java:logGet(43)) - raft.server.log.segment.cache.num.max = 2 (custom)
2019-10-11 07:35:11,693 [pool-469-thread-1] INFO  segmented.SegmentedRaftLogWorker (SegmentedRaftLogWorker.java:<init>(173)) - new 672bb6f8-5131-4da7-8320-8bbddbc4a98b@group-ED35E500CDB9-SegmentedRaftLogWorker for RaftStorage:Storage Directory /workdir/hadoop-ozone/integration-test/target/test-dir/MiniOzoneClusterImpl-b5204cf2-bad7-4711-9a54-58405b1ee90d/datanode-6/data/ratis/f5071804-d603-44bc-8aac-ed35e500cdb9
2019-10-11 07:35:11,693 [pool-469-thread-1] INFO  server.RaftServerConfigKeys (ConfUtils.java:logGet(43)) - raft.server.log.queue.byte-limit = 2147483647 (custom)
2019-10-11 07:35:11,693 [pool-469-thread-1] INFO  server.RaftServerConfigKeys (ConfUtils.java:logGet(43)) - raft.server.log.queue.element-limit = 1024 (custom)
2019-10-11 07:35:11,693 [pool-469-thread-1] INFO  server.RaftServerConfigKeys (ConfUtils.java:logGet(43)) - raft.server.log.segment.size.max = 1048576 (custom)
2019-10-11 07:35:11,694 [pool-469-thread-1] INFO  server.RaftServerConfigKeys (ConfUtils.java:logGet(43)) - raft.server.log.preallocated.size = 16384 (custom)
2019-10-11 07:35:11,694 [pool-469-thread-1] INFO  server.RaftServerConfigKeys (ConfUtils.java:logGet(43)) - raft.server.log.write.buffer.size = 33554432 (custom)
2019-10-11 07:35:11,694 [pool-469-thread-1] INFO  server.RaftServerConfigKeys (ConfUtils.java:logGet(43)) - raft.server.log.force.sync.num = 128 (default)
2019-10-11 07:35:11,694 [pool-469-thread-1] INFO  server.RaftServerConfigKeys (ConfUtils.java:logGet(43)) - raft.server.log.statemachine.data.sync = true (default)
2019-10-11 07:35:11,694 [pool-469-thread-1] INFO  server.RaftServerConfigKeys (ConfUtils.java:logGet(43)) - raft.server.log.statemachine.data.sync.timeout = 10s (default)
2019-10-11 07:35:11,694 [pool-469-thread-1] INFO  server.RaftServerConfigKeys (ConfUtils.java:logGet(43)) - raft.server.log.statemachine.data.sync.timeout.retry = -1 (default)
2019-10-11 07:35:11,695 [pool-469-thread-1] INFO  server.RaftServerConfigKeys (ConfUtils.java:logGet(43)) - raft.server.log.statemachine.data.caching.enabled = true (custom)
2019-10-11 07:35:11,695 [pool-469-thread-1] INFO  segmented.SegmentedRaftLogWorker (SegmentedRaftLogWorker.java:lambda$new$0(128)) - 672bb6f8-5131-4da7-8320-8bbddbc4a98b@group-ED35E500CDB9-SegmentedRaftLogWorker: flushIndex: setUnconditionally 0 -> -1
2019-10-11 07:35:11,695 [pool-469-thread-1] INFO  server.RaftServerConfigKeys (ConfUtils.java:logGet(43)) - raft.server.snapshot.auto.trigger.enabled = true (custom)
2019-10-11 07:35:11,695 [pool-469-thread-1] INFO  server.RaftServerConfigKeys (ConfUtils.java:logGet(43)) - raft.server.snapshot.auto.trigger.threshold = 10000 (custom)
2019-10-11 07:35:11,695 [pool-469-thread-1] INFO  server.RaftServerConfigKeys (ConfUtils.java:logGet(43)) - raft.server.snapshot.retention.file.num = 5 (custom)
2019-10-11 07:35:11,696 [pool-469-thread-1] INFO  server.RaftServerConfigKeys (ConfUtils.java:logGet(43)) - raft.server.retrycache.expirytime = 600000ms (custom)
2019-10-11 07:35:11,697 [pool-469-thread-1] INFO  impl.RaftServerImpl (RaftServerImpl.java:start(181)) - 672bb6f8-5131-4da7-8320-8bbddbc4a98b@group-ED35E500CDB9: start as a follower, conf=-1: [672bb6f8-5131-4da7-8320-8bbddbc4a98b:192.168.164.209:42241], old=null
2019-10-11 07:35:11,697 [pool-469-thread-1] INFO  impl.RaftServerImpl (RaftServerImpl.java:setRole(170)) - 672bb6f8-5131-4da7-8320-8bbddbc4a98b@group-ED35E500CDB9: changes role from      null to FOLLOWER at term 0 for startAsFollower
2019-10-11 07:35:11,698 [pool-469-thread-1] INFO  impl.RoleInfo (RoleInfo.java:updateAndGet(143)) - 672bb6f8-5131-4da7-8320-8bbddbc4a98b: start FollowerState
2019-10-11 07:35:11,698 [pool-469-thread-1] INFO  util.JmxRegister (JmxRegister.java:tryRegister(44)) - Successfully registered JMX Bean with object name Ratis:service=RaftServer,group=group-ED35E500CDB9,id=672bb6f8-5131-4da7-8320-8bbddbc4a98b
2019-10-11 07:35:11,702 [RatisPipelineUtilsThread] INFO  pipeline.PipelineStateManager (PipelineStateManager.java:addPipeline(56)) - Created pipeline Pipeline[ Id: f5071804-d603-44bc-8aac-ed35e500cdb9, Nodes: 672bb6f8-5131-4da7-8320-8bbddbc4a98b{ip: 192.168.164.209, host: pr-hdds-2206-npvv8-3563359771, networkLocation: /default-rack, certSerialId: null}, Type:RATIS, Factor:ONE, State:OPEN]
2019-10-11 07:35:11,708 [grpc-default-executor-8] INFO  impl.RaftServerProxy (RaftServerProxy.java:addNew(89)) - d4e9d99a-b039-46d3-8051-60a60674dea5: addNew group-003A427D8BA1:[d4e9d99a-b039-46d3-8051-60a60674dea5:192.168.164.209:40945] returns group-003A427D8BA1:java.util.concurrent.CompletableFuture@79e81d71[Not completed]
2019-10-11 07:35:11,710 [pool-459-thread-1] INFO  impl.RaftServerImpl (RaftServerImpl.java:<init>(95)) - d4e9d99a-b039-46d3-8051-60a60674dea5: new RaftServerImpl for group-003A427D8BA1:[d4e9d99a-b039-46d3-8051-60a60674dea5:192.168.164.209:40945] with ContainerStateMachine:uninitialized
2019-10-11 07:35:11,710 [pool-459-thread-1] INFO  server.RaftServerConfigKeys (ConfUtils.java:logGet(43)) - raft.server.rpc.timeout.min = 5s (custom)
2019-10-11 07:35:11,710 [pool-459-thread-1] INFO  server.RaftServerConfigKeys (ConfUtils.java:logGet(43)) - raft.server.rpc.timeout.max = 5200ms (custom)
2019-10-11 07:35:11,710 [pool-459-thread-1] INFO  server.RaftServerConfigKeys (ConfUtils.java:logGet(43)) - raft.server.rpcslowness.timeout = 120s (custom)
2019-10-11 07:35:11,710 [pool-459-thread-1] INFO  server.RaftServerConfigKeys (ConfUtils.java:logGet(43)) - raft.server.sleep.deviation.threshold = 300 (default)
2019-10-11 07:35:11,710 [pool-459-thread-1] INFO  server.RaftServerConfigKeys (ConfUtils.java:logGet(43)) - raft.server.log.appender.install.snapshot.enabled = false (custom)
2019-10-11 07:35:11,711 [pool-459-thread-1] INFO  impl.RaftServerImpl (ServerState.java:<init>(103)) - d4e9d99a-b039-46d3-8051-60a60674dea5@group-003A427D8BA1: ConfigurationManager, init=-1: [d4e9d99a-b039-46d3-8051-60a60674dea5:192.168.164.209:40945], old=null, confs=<EMPTY_MAP>
2019-10-11 07:35:11,711 [pool-459-thread-1] INFO  server.RaftServerConfigKeys (ConfUtils.java:logGet(43)) - raft.server.storage.dir = [/workdir/hadoop-ozone/integration-test/target/test-dir/MiniOzoneClusterImpl-b5204cf2-bad7-4711-9a54-58405b1ee90d/datanode-5/data/ratis] (custom)
2019-10-11 07:35:11,711 [pool-459-thread-1] INFO  server.RaftServerConfigKeys (ConfUtils.java:logGet(43)) - raft.server.log.corruption.policy = EXCEPTION (default)
2019-10-11 07:35:11,711 [pool-459-thread-1] INFO  storage.RaftStorageDirectory (RaftStorageDirectory.java:analyzeStorage(246)) - The storage directory /workdir/hadoop-ozone/integration-test/target/test-dir/MiniOzoneClusterImpl-b5204cf2-bad7-4711-9a54-58405b1ee90d/datanode-5/data/ratis/74bf1228-5b4e-4825-ae4b-003a427d8ba1 does not exist. Creating ...
2019-10-11 07:35:11,740 [pool-459-thread-1] INFO  storage.RaftStorageDirectory (RaftStorageDirectory.java:tryLock(328)) - Lock on /workdir/hadoop-ozone/integration-test/target/test-dir/MiniOzoneClusterImpl-b5204cf2-bad7-4711-9a54-58405b1ee90d/datanode-5/data/ratis/74bf1228-5b4e-4825-ae4b-003a427d8ba1/in_use.lock acquired by nodename 15316@pr-hdds-2206-npvv8-3563359771
2019-10-11 07:35:11,766 [pool-459-thread-1] INFO  storage.RaftStorage (RaftStorage.java:format(84)) - Storage directory /workdir/hadoop-ozone/integration-test/target/test-dir/MiniOzoneClusterImpl-b5204cf2-bad7-4711-9a54-58405b1ee90d/datanode-5/data/ratis/74bf1228-5b4e-4825-ae4b-003a427d8ba1 has been successfully formatted.
2019-10-11 07:35:11,766 [pool-459-thread-1] INFO  ratis.ContainerStateMachine (ContainerStateMachine.java:loadSnapshot(231)) - group-003A427D8BA1: The snapshot info is null. Setting the last applied indexto:(t:0, i:~)
2019-10-11 07:35:11,766 [pool-459-thread-1] INFO  server.RaftServerConfigKeys (ConfUtils.java:logGet(43)) - raft.server.notification.no-leader.timeout = 120s (custom)
2019-10-11 07:35:11,767 [pool-459-thread-1] INFO  server.RaftServerConfigKeys (ConfUtils.java:logGet(43)) - raft.server.log.use.memory = false (default)
2019-10-11 07:35:11,767 [pool-459-thread-1] INFO  server.RaftServerConfigKeys (ConfUtils.java:logGet(43)) - raft.server.log.purge.gap = 1000000 (custom)
2019-10-11 07:35:11,767 [pool-459-thread-1] INFO  server.RaftServerConfigKeys (ConfUtils.java:logGet(43)) - raft.server.log.appender.buffer.byte-limit = 33554432 (custom)
2019-10-11 07:35:11,767 [pool-459-thread-1] INFO  server.RaftServerConfigKeys (ConfUtils.java:logGet(43)) - raft.server.log.segment.size.max = 1048576 (custom)
2019-10-11 07:35:11,769 [pool-459-thread-1] INFO  server.RaftServerConfigKeys (ConfUtils.java:logGet(43)) - raft.server.log.segment.cache.num.max = 2 (custom)
2019-10-11 07:35:11,770 [pool-459-thread-1] INFO  segmented.SegmentedRaftLogWorker (SegmentedRaftLogWorker.java:<init>(173)) - new d4e9d99a-b039-46d3-8051-60a60674dea5@group-003A427D8BA1-SegmentedRaftLogWorker for RaftStorage:Storage Directory /workdir/hadoop-ozone/integration-test/target/test-dir/MiniOzoneClusterImpl-b5204cf2-bad7-4711-9a54-58405b1ee90d/datanode-5/data/ratis/74bf1228-5b4e-4825-ae4b-003a427d8ba1
2019-10-11 07:35:11,770 [pool-459-thread-1] INFO  server.RaftServerConfigKeys (ConfUtils.java:logGet(43)) - raft.server.log.queue.byte-limit = 2147483647 (custom)
2019-10-11 07:35:11,770 [pool-459-thread-1] INFO  server.RaftServerConfigKeys (ConfUtils.java:logGet(43)) - raft.server.log.queue.element-limit = 1024 (custom)
2019-10-11 07:35:11,770 [pool-459-thread-1] INFO  server.RaftServerConfigKeys (ConfUtils.java:logGet(43)) - raft.server.log.segment.size.max = 1048576 (custom)
2019-10-11 07:35:11,770 [pool-459-thread-1] INFO  server.RaftServerConfigKeys (ConfUtils.java:logGet(43)) - raft.server.log.preallocated.size = 16384 (custom)
2019-10-11 07:35:11,770 [pool-459-thread-1] INFO  server.RaftServerConfigKeys (ConfUtils.java:logGet(43)) - raft.server.log.write.buffer.size = 33554432 (custom)
2019-10-11 07:35:11,770 [pool-459-thread-1] INFO  server.RaftServerConfigKeys (ConfUtils.java:logGet(43)) - raft.server.log.force.sync.num = 128 (default)
2019-10-11 07:35:11,771 [pool-459-thread-1] INFO  server.RaftServerConfigKeys (ConfUtils.java:logGet(43)) - raft.server.log.statemachine.data.sync = true (default)
2019-10-11 07:35:11,771 [pool-459-thread-1] INFO  server.RaftServerConfigKeys (ConfUtils.java:logGet(43)) - raft.server.log.statemachine.data.sync.timeout = 10s (default)
2019-10-11 07:35:11,771 [pool-459-thread-1] INFO  server.RaftServerConfigKeys (ConfUtils.java:logGet(43)) - raft.server.log.statemachine.data.sync.timeout.retry = -1 (default)
2019-10-11 07:35:11,771 [pool-459-thread-1] INFO  server.RaftServerConfigKeys (ConfUtils.java:logGet(43)) - raft.server.log.statemachine.data.caching.enabled = true (custom)
2019-10-11 07:35:11,772 [pool-459-thread-1] INFO  segmented.SegmentedRaftLogWorker (SegmentedRaftLogWorker.java:lambda$new$0(128)) - d4e9d99a-b039-46d3-8051-60a60674dea5@group-003A427D8BA1-SegmentedRaftLogWorker: flushIndex: setUnconditionally 0 -> -1
2019-10-11 07:35:11,772 [pool-459-thread-1] INFO  server.RaftServerConfigKeys (ConfUtils.java:logGet(43)) - raft.server.snapshot.auto.trigger.enabled = true (custom)
2019-10-11 07:35:11,772 [pool-459-thread-1] INFO  server.RaftServerConfigKeys (ConfUtils.java:logGet(43)) - raft.server.snapshot.auto.trigger.threshold = 10000 (custom)
2019-10-11 07:35:11,772 [pool-459-thread-1] INFO  server.RaftServerConfigKeys (ConfUtils.java:logGet(43)) - raft.server.snapshot.retention.file.num = 5 (custom)
2019-10-11 07:35:11,772 [pool-459-thread-1] INFO  server.RaftServerConfigKeys (ConfUtils.java:logGet(43)) - raft.server.retrycache.expirytime = 600000ms (custom)
2019-10-11 07:35:11,774 [pool-459-thread-1] INFO  impl.RaftServerImpl (RaftServerImpl.java:start(181)) - d4e9d99a-b039-46d3-8051-60a60674dea5@group-003A427D8BA1: start as a follower, conf=-1: [d4e9d99a-b039-46d3-8051-60a60674dea5:192.168.164.209:40945], old=null
2019-10-11 07:35:11,774 [pool-459-thread-1] INFO  impl.RaftServerImpl (RaftServerImpl.java:setRole(170)) - d4e9d99a-b039-46d3-8051-60a60674dea5@group-003A427D8BA1: changes role from      null to FOLLOWER at term 0 for startAsFollower
2019-10-11 07:35:11,775 [pool-459-thread-1] INFO  impl.RoleInfo (RoleInfo.java:updateAndGet(143)) - d4e9d99a-b039-46d3-8051-60a60674dea5: start FollowerState
2019-10-11 07:35:11,785 [pool-459-thread-1] INFO  util.JmxRegister (JmxRegister.java:tryRegister(44)) - Successfully registered JMX Bean with object name Ratis:service=RaftServer,group=group-003A427D8BA1,id=d4e9d99a-b039-46d3-8051-60a60674dea5
2019-10-11 07:35:11,797 [RatisPipelineUtilsThread] INFO  pipeline.PipelineStateManager (PipelineStateManager.java:addPipeline(56)) - Created pipeline Pipeline[ Id: 74bf1228-5b4e-4825-ae4b-003a427d8ba1, Nodes: d4e9d99a-b039-46d3-8051-60a60674dea5{ip: 192.168.164.209, host: pr-hdds-2206-npvv8-3563359771, networkLocation: /default-rack, certSerialId: null}, Type:RATIS, Factor:ONE, State:OPEN]
2019-10-11 07:35:11,807 [grpc-default-executor-8] INFO  impl.RaftServerProxy (RaftServerProxy.java:addNew(89)) - a3f9250e-d589-4d23-8f76-3d1d54b6f453: addNew group-6799D91081E1:[b749c4c9-dc72-43f4-ab80-303d15046f89:192.168.164.209:35267, 8acf1b93-5a98-4af7-bf94-e05f3d01800a:192.168.164.209:44902, a3f9250e-d589-4d23-8f76-3d1d54b6f453:192.168.164.209:41727] returns group-6799D91081E1:java.util.concurrent.CompletableFuture@69193ef2[Not completed]
2019-10-11 07:35:11,807 [grpc-default-executor-6] INFO  impl.RaftServerProxy (RaftServerProxy.java:addNew(89)) - 8acf1b93-5a98-4af7-bf94-e05f3d01800a: addNew group-6799D91081E1:[b749c4c9-dc72-43f4-ab80-303d15046f89:192.168.164.209:35267, 8acf1b93-5a98-4af7-bf94-e05f3d01800a:192.168.164.209:44902, a3f9250e-d589-4d23-8f76-3d1d54b6f453:192.168.164.209:41727] returns group-6799D91081E1:java.util.concurrent.CompletableFuture@29cbe567[Not completed]
2019-10-11 07:35:11,807 [grpc-default-executor-2] INFO  impl.RaftServerProxy (RaftServerProxy.java:addNew(89)) - b749c4c9-dc72-43f4-ab80-303d15046f89: addNew group-6799D91081E1:[b749c4c9-dc72-43f4-ab80-303d15046f89:192.168.164.209:35267, 8acf1b93-5a98-4af7-bf94-e05f3d01800a:192.168.164.209:44902, a3f9250e-d589-4d23-8f76-3d1d54b6f453:192.168.164.209:41727] returns group-6799D91081E1:java.util.concurrent.CompletableFuture@6ea380ec[Not completed]
2019-10-11 07:35:11,808 [pool-439-thread-1] INFO  impl.RaftServerImpl (RaftServerImpl.java:<init>(95)) - 8acf1b93-5a98-4af7-bf94-e05f3d01800a: new RaftServerImpl for group-6799D91081E1:[b749c4c9-dc72-43f4-ab80-303d15046f89:192.168.164.209:35267, 8acf1b93-5a98-4af7-bf94-e05f3d01800a:192.168.164.209:44902, a3f9250e-d589-4d23-8f76-3d1d54b6f453:192.168.164.209:41727] with ContainerStateMachine:uninitialized
2019-10-11 07:35:11,808 [pool-439-thread-1] INFO  server.RaftServerConfigKeys (ConfUtils.java:logGet(43)) - raft.server.rpc.timeout.min = 5s (custom)
2019-10-11 07:35:11,808 [pool-439-thread-1] INFO  server.RaftServerConfigKeys (ConfUtils.java:logGet(43)) - raft.server.rpc.timeout.max = 5200ms (custom)
2019-10-11 07:35:11,808 [pool-449-thread-1] INFO  impl.RaftServerImpl (RaftServerImpl.java:<init>(95)) - a3f9250e-d589-4d23-8f76-3d1d54b6f453: new RaftServerImpl for group-6799D91081E1:[b749c4c9-dc72-43f4-ab80-303d15046f89:192.168.164.209:35267, 8acf1b93-5a98-4af7-bf94-e05f3d01800a:192.168.164.209:44902, a3f9250e-d589-4d23-8f76-3d1d54b6f453:192.168.164.209:41727] with ContainerStateMachine:uninitialized
2019-10-11 07:35:11,808 [pool-439-thread-1] INFO  server.RaftServerConfigKeys (ConfUtils.java:logGet(43)) - raft.server.rpcslowness.timeout = 120s (custom)
2019-10-11 07:35:11,809 [pool-449-thread-1] INFO  server.RaftServerConfigKeys (ConfUtils.java:logGet(43)) - raft.server.rpc.timeout.min = 5s (custom)
2019-10-11 07:35:11,809 [pool-439-thread-1] INFO  server.RaftServerConfigKeys (ConfUtils.java:logGet(43)) - raft.server.sleep.deviation.threshold = 300 (default)
2019-10-11 07:35:11,809 [pool-429-thread-1] INFO  impl.RaftServerImpl (RaftServerImpl.java:<init>(95)) - b749c4c9-dc72-43f4-ab80-303d15046f89: new RaftServerImpl for group-6799D91081E1:[b749c4c9-dc72-43f4-ab80-303d15046f89:192.168.164.209:35267, 8acf1b93-5a98-4af7-bf94-e05f3d01800a:192.168.164.209:44902, a3f9250e-d589-4d23-8f76-3d1d54b6f453:192.168.164.209:41727] with ContainerStateMachine:uninitialized
2019-10-11 07:35:11,809 [pool-449-thread-1] INFO  server.RaftServerConfigKeys (ConfUtils.java:logGet(43)) - raft.server.rpc.timeout.max = 5200ms (custom)
2019-10-11 07:35:11,809 [pool-429-thread-1] INFO  server.RaftServerConfigKeys (ConfUtils.java:logGet(43)) - raft.server.rpc.timeout.min = 5s (custom)
2019-10-11 07:35:11,809 [pool-439-thread-1] INFO  server.RaftServerConfigKeys (ConfUtils.java:logGet(43)) - raft.server.log.appender.install.snapshot.enabled = false (custom)
2019-10-11 07:35:11,809 [pool-429-thread-1] INFO  server.RaftServerConfigKeys (ConfUtils.java:logGet(43)) - raft.server.rpc.timeout.max = 5200ms (custom)
2019-10-11 07:35:11,809 [pool-449-thread-1] INFO  server.RaftServerConfigKeys (ConfUtils.java:logGet(43)) - raft.server.rpcslowness.timeout = 120s (custom)
2019-10-11 07:35:11,809 [pool-429-thread-1] INFO  server.RaftServerConfigKeys (ConfUtils.java:logGet(43)) - raft.server.rpcslowness.timeout = 120s (custom)
2019-10-11 07:35:11,809 [pool-439-thread-1] INFO  impl.RaftServerImpl (ServerState.java:<init>(103)) - 8acf1b93-5a98-4af7-bf94-e05f3d01800a@group-6799D91081E1: ConfigurationManager, init=-1: [b749c4c9-dc72-43f4-ab80-303d15046f89:192.168.164.209:35267, 8acf1b93-5a98-4af7-bf94-e05f3d01800a:192.168.164.209:44902, a3f9250e-d589-4d23-8f76-3d1d54b6f453:192.168.164.209:41727], old=null, confs=<EMPTY_MAP>
2019-10-11 07:35:11,809 [pool-429-thread-1] INFO  server.RaftServerConfigKeys (ConfUtils.java:logGet(43)) - raft.server.sleep.deviation.threshold = 300 (default)
2019-10-11 07:35:11,809 [pool-449-thread-1] INFO  server.RaftServerConfigKeys (ConfUtils.java:logGet(43)) - raft.server.sleep.deviation.threshold = 300 (default)
2019-10-11 07:35:11,810 [pool-429-thread-1] INFO  server.RaftServerConfigKeys (ConfUtils.java:logGet(43)) - raft.server.log.appender.install.snapshot.enabled = false (custom)
2019-10-11 07:35:11,810 [pool-439-thread-1] INFO  server.RaftServerConfigKeys (ConfUtils.java:logGet(43)) - raft.server.storage.dir = [/workdir/hadoop-ozone/integration-test/target/test-dir/MiniOzoneClusterImpl-b5204cf2-bad7-4711-9a54-58405b1ee90d/datanode-3/data/ratis] (custom)
2019-10-11 07:35:11,810 [pool-429-thread-1] INFO  impl.RaftServerImpl (ServerState.java:<init>(103)) - b749c4c9-dc72-43f4-ab80-303d15046f89@group-6799D91081E1: ConfigurationManager, init=-1: [b749c4c9-dc72-43f4-ab80-303d15046f89:192.168.164.209:35267, 8acf1b93-5a98-4af7-bf94-e05f3d01800a:192.168.164.209:44902, a3f9250e-d589-4d23-8f76-3d1d54b6f453:192.168.164.209:41727], old=null, confs=<EMPTY_MAP>
2019-10-11 07:35:11,810 [pool-449-thread-1] INFO  server.RaftServerConfigKeys (ConfUtils.java:logGet(43)) - raft.server.log.appender.install.snapshot.enabled = false (custom)
2019-10-11 07:35:11,810 [pool-439-thread-1] INFO  server.RaftServerConfigKeys (ConfUtils.java:logGet(43)) - raft.server.log.corruption.policy = EXCEPTION (default)
2019-10-11 07:35:11,810 [pool-429-thread-1] INFO  server.RaftServerConfigKeys (ConfUtils.java:logGet(43)) - raft.server.storage.dir = [/workdir/hadoop-ozone/integration-test/target/test-dir/MiniOzoneClusterImpl-b5204cf2-bad7-4711-9a54-58405b1ee90d/datanode-2/data/ratis] (custom)
2019-10-11 07:35:11,810 [pool-449-thread-1] INFO  impl.RaftServerImpl (ServerState.java:<init>(103)) - a3f9250e-d589-4d23-8f76-3d1d54b6f453@group-6799D91081E1: ConfigurationManager, init=-1: [b749c4c9-dc72-43f4-ab80-303d15046f89:192.168.164.209:35267, 8acf1b93-5a98-4af7-bf94-e05f3d01800a:192.168.164.209:44902, a3f9250e-d589-4d23-8f76-3d1d54b6f453:192.168.164.209:41727], old=null, confs=<EMPTY_MAP>
2019-10-11 07:35:11,810 [pool-439-thread-1] INFO  storage.RaftStorageDirectory (RaftStorageDirectory.java:analyzeStorage(246)) - The storage directory /workdir/hadoop-ozone/integration-test/target/test-dir/MiniOzoneClusterImpl-b5204cf2-bad7-4711-9a54-58405b1ee90d/datanode-3/data/ratis/b35b295e-ebcf-4543-be69-6799d91081e1 does not exist. Creating ...
2019-10-11 07:35:11,810 [pool-429-thread-1] INFO  server.RaftServerConfigKeys (ConfUtils.java:logGet(43)) - raft.server.log.corruption.policy = EXCEPTION (default)
2019-10-11 07:35:11,810 [pool-449-thread-1] INFO  server.RaftServerConfigKeys (ConfUtils.java:logGet(43)) - raft.server.storage.dir = [/workdir/hadoop-ozone/integration-test/target/test-dir/MiniOzoneClusterImpl-b5204cf2-bad7-4711-9a54-58405b1ee90d/datanode-4/data/ratis] (custom)
2019-10-11 07:35:11,811 [pool-429-thread-1] INFO  storage.RaftStorageDirectory (RaftStorageDirectory.java:analyzeStorage(246)) - The storage directory /workdir/hadoop-ozone/integration-test/target/test-dir/MiniOzoneClusterImpl-b5204cf2-bad7-4711-9a54-58405b1ee90d/datanode-2/data/ratis/b35b295e-ebcf-4543-be69-6799d91081e1 does not exist. Creating ...
2019-10-11 07:35:11,811 [pool-449-thread-1] INFO  server.RaftServerConfigKeys (ConfUtils.java:logGet(43)) - raft.server.log.corruption.policy = EXCEPTION (default)
2019-10-11 07:35:11,811 [pool-449-thread-1] INFO  storage.RaftStorageDirectory (RaftStorageDirectory.java:analyzeStorage(246)) - The storage directory /workdir/hadoop-ozone/integration-test/target/test-dir/MiniOzoneClusterImpl-b5204cf2-bad7-4711-9a54-58405b1ee90d/datanode-4/data/ratis/b35b295e-ebcf-4543-be69-6799d91081e1 does not exist. Creating ...
2019-10-11 07:35:11,833 [pool-449-thread-1] INFO  storage.RaftStorageDirectory (RaftStorageDirectory.java:tryLock(328)) - Lock on /workdir/hadoop-ozone/integration-test/target/test-dir/MiniOzoneClusterImpl-b5204cf2-bad7-4711-9a54-58405b1ee90d/datanode-4/data/ratis/b35b295e-ebcf-4543-be69-6799d91081e1/in_use.lock acquired by nodename 15316@pr-hdds-2206-npvv8-3563359771
2019-10-11 07:35:11,833 [pool-429-thread-1] INFO  storage.RaftStorageDirectory (RaftStorageDirectory.java:tryLock(328)) - Lock on /workdir/hadoop-ozone/integration-test/target/test-dir/MiniOzoneClusterImpl-b5204cf2-bad7-4711-9a54-58405b1ee90d/datanode-2/data/ratis/b35b295e-ebcf-4543-be69-6799d91081e1/in_use.lock acquired by nodename 15316@pr-hdds-2206-npvv8-3563359771
2019-10-11 07:35:11,833 [pool-439-thread-1] INFO  storage.RaftStorageDirectory (RaftStorageDirectory.java:tryLock(328)) - Lock on /workdir/hadoop-ozone/integration-test/target/test-dir/MiniOzoneClusterImpl-b5204cf2-bad7-4711-9a54-58405b1ee90d/datanode-3/data/ratis/b35b295e-ebcf-4543-be69-6799d91081e1/in_use.lock acquired by nodename 15316@pr-hdds-2206-npvv8-3563359771
2019-10-11 07:35:11,859 [pool-439-thread-1] INFO  storage.RaftStorage (RaftStorage.java:format(84)) - Storage directory /workdir/hadoop-ozone/integration-test/target/test-dir/MiniOzoneClusterImpl-b5204cf2-bad7-4711-9a54-58405b1ee90d/datanode-3/data/ratis/b35b295e-ebcf-4543-be69-6799d91081e1 has been successfully formatted.
2019-10-11 07:35:11,859 [pool-429-thread-1] INFO  storage.RaftStorage (RaftStorage.java:format(84)) - Storage directory /workdir/hadoop-ozone/integration-test/target/test-dir/MiniOzoneClusterImpl-b5204cf2-bad7-4711-9a54-58405b1ee90d/datanode-2/data/ratis/b35b295e-ebcf-4543-be69-6799d91081e1 has been successfully formatted.
2019-10-11 07:35:11,859 [pool-449-thread-1] INFO  storage.RaftStorage (RaftStorage.java:format(84)) - Storage directory /workdir/hadoop-ozone/integration-test/target/test-dir/MiniOzoneClusterImpl-b5204cf2-bad7-4711-9a54-58405b1ee90d/datanode-4/data/ratis/b35b295e-ebcf-4543-be69-6799d91081e1 has been successfully formatted.
2019-10-11 07:35:11,859 [pool-429-thread-1] INFO  ratis.ContainerStateMachine (ContainerStateMachine.java:loadSnapshot(231)) - group-6799D91081E1: The snapshot info is null. Setting the last applied indexto:(t:0, i:~)
2019-10-11 07:35:11,859 [pool-449-thread-1] INFO  ratis.ContainerStateMachine (ContainerStateMachine.java:loadSnapshot(231)) - group-6799D91081E1: The snapshot info is null. Setting the last applied indexto:(t:0, i:~)
2019-10-11 07:35:11,859 [pool-439-thread-1] INFO  ratis.ContainerStateMachine (ContainerStateMachine.java:loadSnapshot(231)) - group-6799D91081E1: The snapshot info is null. Setting the last applied indexto:(t:0, i:~)
2019-10-11 07:35:11,859 [pool-449-thread-1] INFO  server.RaftServerConfigKeys (ConfUtils.java:logGet(43)) - raft.server.notification.no-leader.timeout = 120s (custom)
2019-10-11 07:35:11,859 [pool-429-thread-1] INFO  server.RaftServerConfigKeys (ConfUtils.java:logGet(43)) - raft.server.notification.no-leader.timeout = 120s (custom)
2019-10-11 07:35:11,860 [pool-449-thread-1] INFO  server.RaftServerConfigKeys (ConfUtils.java:logGet(43)) - raft.server.log.use.memory = false (default)
2019-10-11 07:35:11,859 [pool-439-thread-1] INFO  server.RaftServerConfigKeys (ConfUtils.java:logGet(43)) - raft.server.notification.no-leader.timeout = 120s (custom)
2019-10-11 07:35:11,860 [pool-449-thread-1] INFO  server.RaftServerConfigKeys (ConfUtils.java:logGet(43)) - raft.server.log.purge.gap = 1000000 (custom)
2019-10-11 07:35:11,860 [pool-429-thread-1] INFO  server.RaftServerConfigKeys (ConfUtils.java:logGet(43)) - raft.server.log.use.memory = false (default)
2019-10-11 07:35:11,860 [pool-449-thread-1] INFO  server.RaftServerConfigKeys (ConfUtils.java:logGet(43)) - raft.server.log.appender.buffer.byte-limit = 33554432 (custom)
2019-10-11 07:35:11,860 [pool-439-thread-1] INFO  server.RaftServerConfigKeys (ConfUtils.java:logGet(43)) - raft.server.log.use.memory = false (default)
2019-10-11 07:35:11,860 [pool-449-thread-1] INFO  server.RaftServerConfigKeys (ConfUtils.java:logGet(43)) - raft.server.log.segment.size.max = 1048576 (custom)
2019-10-11 07:35:11,860 [pool-429-thread-1] INFO  server.RaftServerConfigKeys (ConfUtils.java:logGet(43)) - raft.server.log.purge.gap = 1000000 (custom)
2019-10-11 07:35:11,861 [pool-449-thread-1] INFO  server.RaftServerConfigKeys (ConfUtils.java:logGet(43)) - raft.server.log.segment.cache.num.max = 2 (custom)
2019-10-11 07:35:11,860 [pool-439-thread-1] INFO  server.RaftServerConfigKeys (ConfUtils.java:logGet(43)) - raft.server.log.purge.gap = 1000000 (custom)
2019-10-11 07:35:11,861 [pool-449-thread-1] INFO  segmented.SegmentedRaftLogWorker (SegmentedRaftLogWorker.java:<init>(173)) - new a3f9250e-d589-4d23-8f76-3d1d54b6f453@group-6799D91081E1-SegmentedRaftLogWorker for RaftStorage:Storage Directory /workdir/hadoop-ozone/integration-test/target/test-dir/MiniOzoneClusterImpl-b5204cf2-bad7-4711-9a54-58405b1ee90d/datanode-4/data/ratis/b35b295e-ebcf-4543-be69-6799d91081e1
2019-10-11 07:35:11,861 [pool-429-thread-1] INFO  server.RaftServerConfigKeys (ConfUtils.java:logGet(43)) - raft.server.log.appender.buffer.byte-limit = 33554432 (custom)
2019-10-11 07:35:11,861 [pool-449-thread-1] INFO  server.RaftServerConfigKeys (ConfUtils.java:logGet(43)) - raft.server.log.queue.byte-limit = 2147483647 (custom)
2019-10-11 07:35:11,861 [pool-439-thread-1] INFO  server.RaftServerConfigKeys (ConfUtils.java:logGet(43)) - raft.server.log.appender.buffer.byte-limit = 33554432 (custom)
2019-10-11 07:35:11,861 [pool-449-thread-1] INFO  server.RaftServerConfigKeys (ConfUtils.java:logGet(43)) - raft.server.log.queue.element-limit = 1024 (custom)
2019-10-11 07:35:11,861 [pool-429-thread-1] INFO  server.RaftServerConfigKeys (ConfUtils.java:logGet(43)) - raft.server.log.segment.size.max = 1048576 (custom)
2019-10-11 07:35:11,862 [pool-449-thread-1] INFO  server.RaftServerConfigKeys (ConfUtils.java:logGet(43)) - raft.server.log.segment.size.max = 1048576 (custom)
2019-10-11 07:35:11,861 [pool-439-thread-1] INFO  server.RaftServerConfigKeys (ConfUtils.java:logGet(43)) - raft.server.log.segment.size.max = 1048576 (custom)
2019-10-11 07:35:11,862 [pool-449-thread-1] INFO  server.RaftServerConfigKeys (ConfUtils.java:logGet(43)) - raft.server.log.preallocated.size = 16384 (custom)
2019-10-11 07:35:11,862 [pool-429-thread-1] INFO  server.RaftServerConfigKeys (ConfUtils.java:logGet(43)) - raft.server.log.segment.cache.num.max = 2 (custom)
2019-10-11 07:35:11,862 [pool-449-thread-1] INFO  server.RaftServerConfigKeys (ConfUtils.java:logGet(43)) - raft.server.log.write.buffer.size = 33554432 (custom)
2019-10-11 07:35:11,862 [pool-439-thread-1] INFO  server.RaftServerConfigKeys (ConfUtils.java:logGet(43)) - raft.server.log.segment.cache.num.max = 2 (custom)
2019-10-11 07:35:11,862 [pool-449-thread-1] INFO  server.RaftServerConfigKeys (ConfUtils.java:logGet(43)) - raft.server.log.force.sync.num = 128 (default)
2019-10-11 07:35:11,862 [pool-429-thread-1] INFO  segmented.SegmentedRaftLogWorker (SegmentedRaftLogWorker.java:<init>(173)) - new b749c4c9-dc72-43f4-ab80-303d15046f89@group-6799D91081E1-SegmentedRaftLogWorker for RaftStorage:Storage Directory /workdir/hadoop-ozone/integration-test/target/test-dir/MiniOzoneClusterImpl-b5204cf2-bad7-4711-9a54-58405b1ee90d/datanode-2/data/ratis/b35b295e-ebcf-4543-be69-6799d91081e1
2019-10-11 07:35:11,863 [pool-449-thread-1] INFO  server.RaftServerConfigKeys (ConfUtils.java:logGet(43)) - raft.server.log.statemachine.data.sync = true (default)
2019-10-11 07:35:11,862 [pool-439-thread-1] INFO  segmented.SegmentedRaftLogWorker (SegmentedRaftLogWorker.java:<init>(173)) - new 8acf1b93-5a98-4af7-bf94-e05f3d01800a@group-6799D91081E1-SegmentedRaftLogWorker for RaftStorage:Storage Directory /workdir/hadoop-ozone/integration-test/target/test-dir/MiniOzoneClusterImpl-b5204cf2-bad7-4711-9a54-58405b1ee90d/datanode-3/data/ratis/b35b295e-ebcf-4543-be69-6799d91081e1
2019-10-11 07:35:11,863 [pool-449-thread-1] INFO  server.RaftServerConfigKeys (ConfUtils.java:logGet(43)) - raft.server.log.statemachine.data.sync.timeout = 10s (default)
2019-10-11 07:35:11,863 [pool-429-thread-1] INFO  server.RaftServerConfigKeys (ConfUtils.java:logGet(43)) - raft.server.log.queue.byte-limit = 2147483647 (custom)
2019-10-11 07:35:11,863 [pool-449-thread-1] INFO  server.RaftServerConfigKeys (ConfUtils.java:logGet(43)) - raft.server.log.statemachine.data.sync.timeout.retry = -1 (default)
2019-10-11 07:35:11,863 [pool-439-thread-1] INFO  server.RaftServerConfigKeys (ConfUtils.java:logGet(43)) - raft.server.log.queue.byte-limit = 2147483647 (custom)
2019-10-11 07:35:11,863 [pool-449-thread-1] INFO  server.RaftServerConfigKeys (ConfUtils.java:logGet(43)) - raft.server.log.statemachine.data.caching.enabled = true (custom)
2019-10-11 07:35:11,863 [pool-429-thread-1] INFO  server.RaftServerConfigKeys (ConfUtils.java:logGet(43)) - raft.server.log.queue.element-limit = 1024 (custom)
2019-10-11 07:35:11,863 [pool-439-thread-1] INFO  server.RaftServerConfigKeys (ConfUtils.java:logGet(43)) - raft.server.log.queue.element-limit = 1024 (custom)
2019-10-11 07:35:11,864 [pool-449-thread-1] INFO  segmented.SegmentedRaftLogWorker (SegmentedRaftLogWorker.java:lambda$new$0(128)) - a3f9250e-d589-4d23-8f76-3d1d54b6f453@group-6799D91081E1-SegmentedRaftLogWorker: flushIndex: setUnconditionally 0 -> -1
2019-10-11 07:35:11,864 [pool-429-thread-1] INFO  server.RaftServerConfigKeys (ConfUtils.java:logGet(43)) - raft.server.log.segment.size.max = 1048576 (custom)
2019-10-11 07:35:11,864 [pool-439-thread-1] INFO  server.RaftServerConfigKeys (ConfUtils.java:logGet(43)) - raft.server.log.segment.size.max = 1048576 (custom)
2019-10-11 07:35:11,864 [pool-449-thread-1] INFO  server.RaftServerConfigKeys (ConfUtils.java:logGet(43)) - raft.server.snapshot.auto.trigger.enabled = true (custom)
2019-10-11 07:35:11,864 [pool-429-thread-1] INFO  server.RaftServerConfigKeys (ConfUtils.java:logGet(43)) - raft.server.log.preallocated.size = 16384 (custom)
2019-10-11 07:35:11,864 [pool-449-thread-1] INFO  server.RaftServerConfigKeys (ConfUtils.java:logGet(43)) - raft.server.snapshot.auto.trigger.threshold = 10000 (custom)
2019-10-11 07:35:11,865 [pool-449-thread-1] INFO  server.RaftServerConfigKeys (ConfUtils.java:logGet(43)) - raft.server.snapshot.retention.file.num = 5 (custom)
2019-10-11 07:35:11,864 [pool-439-thread-1] INFO  server.RaftServerConfigKeys (ConfUtils.java:logGet(43)) - raft.server.log.preallocated.size = 16384 (custom)
2019-10-11 07:35:11,865 [pool-449-thread-1] INFO  server.RaftServerConfigKeys (ConfUtils.java:logGet(43)) - raft.server.retrycache.expirytime = 600000ms (custom)
2019-10-11 07:35:11,865 [pool-429-thread-1] INFO  server.RaftServerConfigKeys (ConfUtils.java:logGet(43)) - raft.server.log.write.buffer.size = 33554432 (custom)
2019-10-11 07:35:11,865 [pool-439-thread-1] INFO  server.RaftServerConfigKeys (ConfUtils.java:logGet(43)) - raft.server.log.write.buffer.size = 33554432 (custom)
2019-10-11 07:35:11,865 [pool-439-thread-1] INFO  server.RaftServerConfigKeys (ConfUtils.java:logGet(43)) - raft.server.log.force.sync.num = 128 (default)
2019-10-11 07:35:11,865 [pool-429-thread-1] INFO  server.RaftServerConfigKeys (ConfUtils.java:logGet(43)) - raft.server.log.force.sync.num = 128 (default)
2019-10-11 07:35:11,865 [pool-439-thread-1] INFO  server.RaftServerConfigKeys (ConfUtils.java:logGet(43)) - raft.server.log.statemachine.data.sync = true (default)
2019-10-11 07:35:11,865 [pool-429-thread-1] INFO  server.RaftServerConfigKeys (ConfUtils.java:logGet(43)) - raft.server.log.statemachine.data.sync = true (default)
2019-10-11 07:35:11,866 [pool-439-thread-1] INFO  server.RaftServerConfigKeys (ConfUtils.java:logGet(43)) - raft.server.log.statemachine.data.sync.timeout = 10s (default)
2019-10-11 07:35:11,866 [pool-429-thread-1] INFO  server.RaftServerConfigKeys (ConfUtils.java:logGet(43)) - raft.server.log.statemachine.data.sync.timeout = 10s (default)
2019-10-11 07:35:11,866 [pool-439-thread-1] INFO  server.RaftServerConfigKeys (ConfUtils.java:logGet(43)) - raft.server.log.statemachine.data.sync.timeout.retry = -1 (default)
2019-10-11 07:35:11,866 [pool-429-thread-1] INFO  server.RaftServerConfigKeys (ConfUtils.java:logGet(43)) - raft.server.log.statemachine.data.sync.timeout.retry = -1 (default)
2019-10-11 07:35:11,866 [pool-439-thread-1] INFO  server.RaftServerConfigKeys (ConfUtils.java:logGet(43)) - raft.server.log.statemachine.data.caching.enabled = true (custom)
2019-10-11 07:35:11,866 [pool-429-thread-1] INFO  server.RaftServerConfigKeys (ConfUtils.java:logGet(43)) - raft.server.log.statemachine.data.caching.enabled = true (custom)
2019-10-11 07:35:11,866 [pool-439-thread-1] INFO  segmented.SegmentedRaftLogWorker (SegmentedRaftLogWorker.java:lambda$new$0(128)) - 8acf1b93-5a98-4af7-bf94-e05f3d01800a@group-6799D91081E1-SegmentedRaftLogWorker: flushIndex: setUnconditionally 0 -> -1
2019-10-11 07:35:11,866 [pool-429-thread-1] INFO  segmented.SegmentedRaftLogWorker (SegmentedRaftLogWorker.java:lambda$new$0(128)) - b749c4c9-dc72-43f4-ab80-303d15046f89@group-6799D91081E1-SegmentedRaftLogWorker: flushIndex: setUnconditionally 0 -> -1
2019-10-11 07:35:11,866 [pool-439-thread-1] INFO  server.RaftServerConfigKeys (ConfUtils.java:logGet(43)) - raft.server.snapshot.auto.trigger.enabled = true (custom)
2019-10-11 07:35:11,867 [pool-429-thread-1] INFO  server.RaftServerConfigKeys (ConfUtils.java:logGet(43)) - raft.server.snapshot.auto.trigger.enabled = true (custom)
2019-10-11 07:35:11,867 [pool-439-thread-1] INFO  server.RaftServerConfigKeys (ConfUtils.java:logGet(43)) - raft.server.snapshot.auto.trigger.threshold = 10000 (custom)
2019-10-11 07:35:11,867 [pool-429-thread-1] INFO  server.RaftServerConfigKeys (ConfUtils.java:logGet(43)) - raft.server.snapshot.auto.trigger.threshold = 10000 (custom)
2019-10-11 07:35:11,867 [pool-439-thread-1] INFO  server.RaftServerConfigKeys (ConfUtils.java:logGet(43)) - raft.server.snapshot.retention.file.num = 5 (custom)
2019-10-11 07:35:11,867 [pool-429-thread-1] INFO  server.RaftServerConfigKeys (ConfUtils.java:logGet(43)) - raft.server.snapshot.retention.file.num = 5 (custom)
2019-10-11 07:35:11,867 [pool-449-thread-1] INFO  impl.RaftServerImpl (RaftServerImpl.java:start(181)) - a3f9250e-d589-4d23-8f76-3d1d54b6f453@group-6799D91081E1: start as a follower, conf=-1: [b749c4c9-dc72-43f4-ab80-303d15046f89:192.168.164.209:35267, 8acf1b93-5a98-4af7-bf94-e05f3d01800a:192.168.164.209:44902, a3f9250e-d589-4d23-8f76-3d1d54b6f453:192.168.164.209:41727], old=null
2019-10-11 07:35:11,867 [pool-439-thread-1] INFO  server.RaftServerConfigKeys (ConfUtils.java:logGet(43)) - raft.server.retrycache.expirytime = 600000ms (custom)
2019-10-11 07:35:11,867 [pool-449-thread-1] INFO  impl.RaftServerImpl (RaftServerImpl.java:setRole(170)) - a3f9250e-d589-4d23-8f76-3d1d54b6f453@group-6799D91081E1: changes role from      null to FOLLOWER at term 0 for startAsFollower
2019-10-11 07:35:11,867 [pool-429-thread-1] INFO  server.RaftServerConfigKeys (ConfUtils.java:logGet(43)) - raft.server.retrycache.expirytime = 600000ms (custom)
2019-10-11 07:35:11,867 [pool-449-thread-1] INFO  impl.RoleInfo (RoleInfo.java:updateAndGet(143)) - a3f9250e-d589-4d23-8f76-3d1d54b6f453: start FollowerState
2019-10-11 07:35:11,868 [pool-449-thread-1] INFO  util.JmxRegister (JmxRegister.java:tryRegister(44)) - Successfully registered JMX Bean with object name Ratis:service=RaftServer,group=group-6799D91081E1,id=a3f9250e-d589-4d23-8f76-3d1d54b6f453
2019-10-11 07:35:11,869 [pool-439-thread-1] INFO  impl.RaftServerImpl (RaftServerImpl.java:start(181)) - 8acf1b93-5a98-4af7-bf94-e05f3d01800a@group-6799D91081E1: start as a follower, conf=-1: [b749c4c9-dc72-43f4-ab80-303d15046f89:192.168.164.209:35267, 8acf1b93-5a98-4af7-bf94-e05f3d01800a:192.168.164.209:44902, a3f9250e-d589-4d23-8f76-3d1d54b6f453:192.168.164.209:41727], old=null
2019-10-11 07:35:11,869 [pool-439-thread-1] INFO  impl.RaftServerImpl (RaftServerImpl.java:setRole(170)) - 8acf1b93-5a98-4af7-bf94-e05f3d01800a@group-6799D91081E1: changes role from      null to FOLLOWER at term 0 for startAsFollower
2019-10-11 07:35:11,869 [pool-439-thread-1] INFO  impl.RoleInfo (RoleInfo.java:updateAndGet(143)) - 8acf1b93-5a98-4af7-bf94-e05f3d01800a: start FollowerState
2019-10-11 07:35:11,869 [pool-439-thread-1] INFO  util.JmxRegister (JmxRegister.java:tryRegister(44)) - Successfully registered JMX Bean with object name Ratis:service=RaftServer,group=group-6799D91081E1,id=8acf1b93-5a98-4af7-bf94-e05f3d01800a
2019-10-11 07:35:11,869 [pool-429-thread-1] INFO  impl.RaftServerImpl (RaftServerImpl.java:start(181)) - b749c4c9-dc72-43f4-ab80-303d15046f89@group-6799D91081E1: start as a follower, conf=-1: [b749c4c9-dc72-43f4-ab80-303d15046f89:192.168.164.209:35267, 8acf1b93-5a98-4af7-bf94-e05f3d01800a:192.168.164.209:44902, a3f9250e-d589-4d23-8f76-3d1d54b6f453:192.168.164.209:41727], old=null
2019-10-11 07:35:11,869 [pool-429-thread-1] INFO  impl.RaftServerImpl (RaftServerImpl.java:setRole(170)) - b749c4c9-dc72-43f4-ab80-303d15046f89@group-6799D91081E1: changes role from      null to FOLLOWER at term 0 for startAsFollower
2019-10-11 07:35:11,870 [pool-429-thread-1] INFO  impl.RoleInfo (RoleInfo.java:updateAndGet(143)) - b749c4c9-dc72-43f4-ab80-303d15046f89: start FollowerState
2019-10-11 07:35:11,870 [pool-429-thread-1] INFO  util.JmxRegister (JmxRegister.java:tryRegister(44)) - Successfully registered JMX Bean with object name Ratis:service=RaftServer,group=group-6799D91081E1,id=b749c4c9-dc72-43f4-ab80-303d15046f89
2019-10-11 07:35:11,873 [RatisPipelineUtilsThread] INFO  pipeline.PipelineStateManager (PipelineStateManager.java:addPipeline(56)) - Created pipeline Pipeline[ Id: b35b295e-ebcf-4543-be69-6799d91081e1, Nodes: 8acf1b93-5a98-4af7-bf94-e05f3d01800a{ip: 192.168.164.209, host: pr-hdds-2206-npvv8-3563359771, networkLocation: /default-rack, certSerialId: null}a3f9250e-d589-4d23-8f76-3d1d54b6f453{ip: 192.168.164.209, host: pr-hdds-2206-npvv8-3563359771, networkLocation: /default-rack, certSerialId: null}b749c4c9-dc72-43f4-ab80-303d15046f89{ip: 192.168.164.209, host: pr-hdds-2206-npvv8-3563359771, networkLocation: /default-rack, certSerialId: null}, Type:RATIS, Factor:THREE, State:OPEN]
2019-10-11 07:35:11,906 [grpc-default-executor-8] INFO  impl.RaftServerProxy (RaftServerProxy.java:addNew(89)) - def6d75b-2bd6-4a47-993f-f7560187f71d: addNew group-B6E563493923:[4d415cff-0964-4c64-a0ba-bf5399f54beb:192.168.164.209:36258, def6d75b-2bd6-4a47-993f-f7560187f71d:192.168.164.209:35462, 672bb6f8-5131-4da7-8320-8bbddbc4a98b:192.168.164.209:42241] returns group-B6E563493923:java.util.concurrent.CompletableFuture@123c9d12[Not completed]
2019-10-11 07:35:11,906 [grpc-default-executor-6] INFO  impl.RaftServerProxy (RaftServerProxy.java:addNew(89)) - 4d415cff-0964-4c64-a0ba-bf5399f54beb: addNew group-B6E563493923:[4d415cff-0964-4c64-a0ba-bf5399f54beb:192.168.164.209:36258, def6d75b-2bd6-4a47-993f-f7560187f71d:192.168.164.209:35462, 672bb6f8-5131-4da7-8320-8bbddbc4a98b:192.168.164.209:42241] returns group-B6E563493923:java.util.concurrent.CompletableFuture@150ad159[Not completed]
2019-10-11 07:35:11,906 [grpc-default-executor-2] INFO  impl.RaftServerProxy (RaftServerProxy.java:addNew(89)) - 672bb6f8-5131-4da7-8320-8bbddbc4a98b: addNew group-B6E563493923:[4d415cff-0964-4c64-a0ba-bf5399f54beb:192.168.164.209:36258, def6d75b-2bd6-4a47-993f-f7560187f71d:192.168.164.209:35462, 672bb6f8-5131-4da7-8320-8bbddbc4a98b:192.168.164.209:42241] returns group-B6E563493923:java.util.concurrent.CompletableFuture@a2caf33[Not completed]
2019-10-11 07:35:11,910 [pool-469-thread-1] INFO  impl.RaftServerImpl (RaftServerImpl.java:<init>(95)) - 672bb6f8-5131-4da7-8320-8bbddbc4a98b: new RaftServerImpl for group-B6E563493923:[4d415cff-0964-4c64-a0ba-bf5399f54beb:192.168.164.209:36258, def6d75b-2bd6-4a47-993f-f7560187f71d:192.168.164.209:35462, 672bb6f8-5131-4da7-8320-8bbddbc4a98b:192.168.164.209:42241] with ContainerStateMachine:uninitialized
2019-10-11 07:35:11,910 [pool-469-thread-1] INFO  server.RaftServerConfigKeys (ConfUtils.java:logGet(43)) - raft.server.rpc.timeout.min = 5s (custom)
2019-10-11 07:35:11,910 [pool-469-thread-1] INFO  server.RaftServerConfigKeys (ConfUtils.java:logGet(43)) - raft.server.rpc.timeout.max = 5200ms (custom)
2019-10-11 07:35:11,910 [pool-469-thread-1] INFO  server.RaftServerConfigKeys (ConfUtils.java:logGet(43)) - raft.server.rpcslowness.timeout = 120s (custom)
2019-10-11 07:35:11,910 [pool-469-thread-1] INFO  server.RaftServerConfigKeys (ConfUtils.java:logGet(43)) - raft.server.sleep.deviation.threshold = 300 (default)
2019-10-11 07:35:11,910 [pool-469-thread-1] INFO  server.RaftServerConfigKeys (ConfUtils.java:logGet(43)) - raft.server.log.appender.install.snapshot.enabled = false (custom)
2019-10-11 07:35:11,910 [pool-469-thread-1] INFO  impl.RaftServerImpl (ServerState.java:<init>(103)) - 672bb6f8-5131-4da7-8320-8bbddbc4a98b@group-B6E563493923: ConfigurationManager, init=-1: [4d415cff-0964-4c64-a0ba-bf5399f54beb:192.168.164.209:36258, def6d75b-2bd6-4a47-993f-f7560187f71d:192.168.164.209:35462, 672bb6f8-5131-4da7-8320-8bbddbc4a98b:192.168.164.209:42241], old=null, confs=<EMPTY_MAP>
2019-10-11 07:35:11,910 [pool-419-thread-1] INFO  impl.RaftServerImpl (RaftServerImpl.java:<init>(95)) - 4d415cff-0964-4c64-a0ba-bf5399f54beb: new RaftServerImpl for group-B6E563493923:[4d415cff-0964-4c64-a0ba-bf5399f54beb:192.168.164.209:36258, def6d75b-2bd6-4a47-993f-f7560187f71d:192.168.164.209:35462, 672bb6f8-5131-4da7-8320-8bbddbc4a98b:192.168.164.209:42241] with ContainerStateMachine:uninitialized
2019-10-11 07:35:11,911 [pool-469-thread-1] INFO  server.RaftServerConfigKeys (ConfUtils.java:logGet(43)) - raft.server.storage.dir = [/workdir/hadoop-ozone/integration-test/target/test-dir/MiniOzoneClusterImpl-b5204cf2-bad7-4711-9a54-58405b1ee90d/datanode-6/data/ratis] (custom)
2019-10-11 07:35:11,911 [pool-419-thread-1] INFO  server.RaftServerConfigKeys (ConfUtils.java:logGet(43)) - raft.server.rpc.timeout.min = 5s (custom)
2019-10-11 07:35:11,911 [pool-409-thread-1] INFO  impl.RaftServerImpl (RaftServerImpl.java:<init>(95)) - def6d75b-2bd6-4a47-993f-f7560187f71d: new RaftServerImpl for group-B6E563493923:[4d415cff-0964-4c64-a0ba-bf5399f54beb:192.168.164.209:36258, def6d75b-2bd6-4a47-993f-f7560187f71d:192.168.164.209:35462, 672bb6f8-5131-4da7-8320-8bbddbc4a98b:192.168.164.209:42241] with ContainerStateMachine:uninitialized
2019-10-11 07:35:11,911 [pool-419-thread-1] INFO  server.RaftServerConfigKeys (ConfUtils.java:logGet(43)) - raft.server.rpc.timeout.max = 5200ms (custom)
2019-10-11 07:35:11,911 [pool-469-thread-1] INFO  server.RaftServerConfigKeys (ConfUtils.java:logGet(43)) - raft.server.log.corruption.policy = EXCEPTION (default)
2019-10-11 07:35:11,911 [pool-419-thread-1] INFO  server.RaftServerConfigKeys (ConfUtils.java:logGet(43)) - raft.server.rpcslowness.timeout = 120s (custom)
2019-10-11 07:35:11,911 [pool-409-thread-1] INFO  server.RaftServerConfigKeys (ConfUtils.java:logGet(43)) - raft.server.rpc.timeout.min = 5s (custom)
2019-10-11 07:35:11,911 [pool-419-thread-1] INFO  server.RaftServerConfigKeys (ConfUtils.java:logGet(43)) - raft.server.sleep.deviation.threshold = 300 (default)
2019-10-11 07:35:11,911 [pool-469-thread-1] INFO  storage.RaftStorageDirectory (RaftStorageDirectory.java:analyzeStorage(246)) - The storage directory /workdir/hadoop-ozone/integration-test/target/test-dir/MiniOzoneClusterImpl-b5204cf2-bad7-4711-9a54-58405b1ee90d/datanode-6/data/ratis/632ea63f-7cf4-4be4-bfda-b6e563493923 does not exist. Creating ...
2019-10-11 07:35:11,912 [pool-419-thread-1] INFO  server.RaftServerConfigKeys (ConfUtils.java:logGet(43)) - raft.server.log.appender.install.snapshot.enabled = false (custom)
2019-10-11 07:35:11,911 [pool-409-thread-1] INFO  server.RaftServerConfigKeys (ConfUtils.java:logGet(43)) - raft.server.rpc.timeout.max = 5200ms (custom)
2019-10-11 07:35:11,912 [pool-419-thread-1] INFO  impl.RaftServerImpl (ServerState.java:<init>(103)) - 4d415cff-0964-4c64-a0ba-bf5399f54beb@group-B6E563493923: ConfigurationManager, init=-1: [4d415cff-0964-4c64-a0ba-bf5399f54beb:192.168.164.209:36258, def6d75b-2bd6-4a47-993f-f7560187f71d:192.168.164.209:35462, 672bb6f8-5131-4da7-8320-8bbddbc4a98b:192.168.164.209:42241], old=null, confs=<EMPTY_MAP>
2019-10-11 07:35:11,912 [pool-409-thread-1] INFO  server.RaftServerConfigKeys (ConfUtils.java:logGet(43)) - raft.server.rpcslowness.timeout = 120s (custom)
2019-10-11 07:35:11,912 [pool-419-thread-1] INFO  server.RaftServerConfigKeys (ConfUtils.java:logGet(43)) - raft.server.storage.dir = [/workdir/hadoop-ozone/integration-test/target/test-dir/MiniOzoneClusterImpl-b5204cf2-bad7-4711-9a54-58405b1ee90d/datanode-1/data/ratis] (custom)
2019-10-11 07:35:11,912 [pool-409-thread-1] INFO  server.RaftServerConfigKeys (ConfUtils.java:logGet(43)) - raft.server.sleep.deviation.threshold = 300 (default)
2019-10-11 07:35:11,912 [pool-409-thread-1] INFO  server.RaftServerConfigKeys (ConfUtils.java:logGet(43)) - raft.server.log.appender.install.snapshot.enabled = false (custom)
2019-10-11 07:35:11,912 [pool-409-thread-1] INFO  impl.RaftServerImpl (ServerState.java:<init>(103)) - def6d75b-2bd6-4a47-993f-f7560187f71d@group-B6E563493923: ConfigurationManager, init=-1: [4d415cff-0964-4c64-a0ba-bf5399f54beb:192.168.164.209:36258, def6d75b-2bd6-4a47-993f-f7560187f71d:192.168.164.209:35462, 672bb6f8-5131-4da7-8320-8bbddbc4a98b:192.168.164.209:42241], old=null, confs=<EMPTY_MAP>
2019-10-11 07:35:11,912 [pool-419-thread-1] INFO  server.RaftServerConfigKeys (ConfUtils.java:logGet(43)) - raft.server.log.corruption.policy = EXCEPTION (default)
2019-10-11 07:35:11,912 [pool-409-thread-1] INFO  server.RaftServerConfigKeys (ConfUtils.java:logGet(43)) - raft.server.storage.dir = [/workdir/hadoop-ozone/integration-test/target/test-dir/MiniOzoneClusterImpl-b5204cf2-bad7-4711-9a54-58405b1ee90d/datanode-0/data/ratis] (custom)
2019-10-11 07:35:11,913 [pool-419-thread-1] INFO  storage.RaftStorageDirectory (RaftStorageDirectory.java:analyzeStorage(246)) - The storage directory /workdir/hadoop-ozone/integration-test/target/test-dir/MiniOzoneClusterImpl-b5204cf2-bad7-4711-9a54-58405b1ee90d/datanode-1/data/ratis/632ea63f-7cf4-4be4-bfda-b6e563493923 does not exist. Creating ...
2019-10-11 07:35:11,913 [pool-409-thread-1] INFO  server.RaftServerConfigKeys (ConfUtils.java:logGet(43)) - raft.server.log.corruption.policy = EXCEPTION (default)
2019-10-11 07:35:11,913 [pool-409-thread-1] INFO  storage.RaftStorageDirectory (RaftStorageDirectory.java:analyzeStorage(246)) - The storage directory /workdir/hadoop-ozone/integration-test/target/test-dir/MiniOzoneClusterImpl-b5204cf2-bad7-4711-9a54-58405b1ee90d/datanode-0/data/ratis/632ea63f-7cf4-4be4-bfda-b6e563493923 does not exist. Creating ...
2019-10-11 07:35:11,934 [pool-409-thread-1] INFO  storage.RaftStorageDirectory (RaftStorageDirectory.java:tryLock(328)) - Lock on /workdir/hadoop-ozone/integration-test/target/test-dir/MiniOzoneClusterImpl-b5204cf2-bad7-4711-9a54-58405b1ee90d/datanode-0/data/ratis/632ea63f-7cf4-4be4-bfda-b6e563493923/in_use.lock acquired by nodename 15316@pr-hdds-2206-npvv8-3563359771
2019-10-11 07:35:11,934 [pool-419-thread-1] INFO  storage.RaftStorageDirectory (RaftStorageDirectory.java:tryLock(328)) - Lock on /workdir/hadoop-ozone/integration-test/target/test-dir/MiniOzoneClusterImpl-b5204cf2-bad7-4711-9a54-58405b1ee90d/datanode-1/data/ratis/632ea63f-7cf4-4be4-bfda-b6e563493923/in_use.lock acquired by nodename 15316@pr-hdds-2206-npvv8-3563359771
2019-10-11 07:35:11,934 [pool-469-thread-1] INFO  storage.RaftStorageDirectory (RaftStorageDirectory.java:tryLock(328)) - Lock on /workdir/hadoop-ozone/integration-test/target/test-dir/MiniOzoneClusterImpl-b5204cf2-bad7-4711-9a54-58405b1ee90d/datanode-6/data/ratis/632ea63f-7cf4-4be4-bfda-b6e563493923/in_use.lock acquired by nodename 15316@pr-hdds-2206-npvv8-3563359771
2019-10-11 07:35:11,960 [pool-409-thread-1] INFO  storage.RaftStorage (RaftStorage.java:format(84)) - Storage directory /workdir/hadoop-ozone/integration-test/target/test-dir/MiniOzoneClusterImpl-b5204cf2-bad7-4711-9a54-58405b1ee90d/datanode-0/data/ratis/632ea63f-7cf4-4be4-bfda-b6e563493923 has been successfully formatted.
2019-10-11 07:35:11,960 [pool-419-thread-1] INFO  storage.RaftStorage (RaftStorage.java:format(84)) - Storage directory /workdir/hadoop-ozone/integration-test/target/test-dir/MiniOzoneClusterImpl-b5204cf2-bad7-4711-9a54-58405b1ee90d/datanode-1/data/ratis/632ea63f-7cf4-4be4-bfda-b6e563493923 has been successfully formatted.
2019-10-11 07:35:11,960 [pool-469-thread-1] INFO  storage.RaftStorage (RaftStorage.java:format(84)) - Storage directory /workdir/hadoop-ozone/integration-test/target/test-dir/MiniOzoneClusterImpl-b5204cf2-bad7-4711-9a54-58405b1ee90d/datanode-6/data/ratis/632ea63f-7cf4-4be4-bfda-b6e563493923 has been successfully formatted.
2019-10-11 07:35:11,960 [pool-419-thread-1] INFO  ratis.ContainerStateMachine (ContainerStateMachine.java:loadSnapshot(231)) - group-B6E563493923: The snapshot info is null. Setting the last applied indexto:(t:0, i:~)
2019-10-11 07:35:11,960 [pool-409-thread-1] INFO  ratis.ContainerStateMachine (ContainerStateMachine.java:loadSnapshot(231)) - group-B6E563493923: The snapshot info is null. Setting the last applied indexto:(t:0, i:~)
2019-10-11 07:35:11,960 [pool-419-thread-1] INFO  server.RaftServerConfigKeys (ConfUtils.java:logGet(43)) - raft.server.notification.no-leader.timeout = 120s (custom)
2019-10-11 07:35:11,960 [pool-469-thread-1] INFO  ratis.ContainerStateMachine (ContainerStateMachine.java:loadSnapshot(231)) - group-B6E563493923: The snapshot info is null. Setting the last applied indexto:(t:0, i:~)
2019-10-11 07:35:11,961 [pool-419-thread-1] INFO  server.RaftServerConfigKeys (ConfUtils.java:logGet(43)) - raft.server.log.use.memory = false (default)
2019-10-11 07:35:11,961 [pool-409-thread-1] INFO  server.RaftServerConfigKeys (ConfUtils.java:logGet(43)) - raft.server.notification.no-leader.timeout = 120s (custom)
2019-10-11 07:35:11,961 [pool-419-thread-1] INFO  server.RaftServerConfigKeys (ConfUtils.java:logGet(43)) - raft.server.log.purge.gap = 1000000 (custom)
2019-10-11 07:35:11,961 [pool-469-thread-1] INFO  server.RaftServerConfigKeys (ConfUtils.java:logGet(43)) - raft.server.notification.no-leader.timeout = 120s (custom)
2019-10-11 07:35:11,961 [pool-419-thread-1] INFO  server.RaftServerConfigKeys (ConfUtils.java:logGet(43)) - raft.server.log.appender.buffer.byte-limit = 33554432 (custom)
2019-10-11 07:35:11,961 [pool-409-thread-1] INFO  server.RaftServerConfigKeys (ConfUtils.java:logGet(43)) - raft.server.log.use.memory = false (default)
2019-10-11 07:35:11,961 [pool-419-thread-1] INFO  server.RaftServerConfigKeys (ConfUtils.java:logGet(43)) - raft.server.log.segment.size.max = 1048576 (custom)
2019-10-11 07:35:11,961 [pool-469-thread-1] INFO  server.RaftServerConfigKeys (ConfUtils.java:logGet(43)) - raft.server.log.use.memory = false (default)
2019-10-11 07:35:11,962 [pool-419-thread-1] INFO  server.RaftServerConfigKeys (ConfUtils.java:logGet(43)) - raft.server.log.segment.cache.num.max = 2 (custom)
2019-10-11 07:35:11,962 [pool-409-thread-1] INFO  server.RaftServerConfigKeys (ConfUtils.java:logGet(43)) - raft.server.log.purge.gap = 1000000 (custom)
2019-10-11 07:35:11,962 [pool-419-thread-1] INFO  segmented.SegmentedRaftLogWorker (SegmentedRaftLogWorker.java:<init>(173)) - new 4d415cff-0964-4c64-a0ba-bf5399f54beb@group-B6E563493923-SegmentedRaftLogWorker for RaftStorage:Storage Directory /workdir/hadoop-ozone/integration-test/target/test-dir/MiniOzoneClusterImpl-b5204cf2-bad7-4711-9a54-58405b1ee90d/datanode-1/data/ratis/632ea63f-7cf4-4be4-bfda-b6e563493923
2019-10-11 07:35:11,962 [pool-469-thread-1] INFO  server.RaftServerConfigKeys (ConfUtils.java:logGet(43)) - raft.server.log.purge.gap = 1000000 (custom)
2019-10-11 07:35:11,962 [pool-419-thread-1] INFO  server.RaftServerConfigKeys (ConfUtils.java:logGet(43)) - raft.server.log.queue.byte-limit = 2147483647 (custom)
2019-10-11 07:35:11,962 [pool-409-thread-1] INFO  server.RaftServerConfigKeys (ConfUtils.java:logGet(43)) - raft.server.log.appender.buffer.byte-limit = 33554432 (custom)
2019-10-11 07:35:11,962 [pool-419-thread-1] INFO  server.RaftServerConfigKeys (ConfUtils.java:logGet(43)) - raft.server.log.queue.element-limit = 1024 (custom)
2019-10-11 07:35:11,963 [pool-419-thread-1] INFO  server.RaftServerConfigKeys (ConfUtils.java:logGet(43)) - raft.server.log.segment.size.max = 1048576 (custom)
2019-10-11 07:35:11,962 [pool-469-thread-1] INFO  server.RaftServerConfigKeys (ConfUtils.java:logGet(43)) - raft.server.log.appender.buffer.byte-limit = 33554432 (custom)
2019-10-11 07:35:11,963 [pool-419-thread-1] INFO  server.RaftServerConfigKeys (ConfUtils.java:logGet(43)) - raft.server.log.preallocated.size = 16384 (custom)
2019-10-11 07:35:11,962 [pool-409-thread-1] INFO  server.RaftServerConfigKeys (ConfUtils.java:logGet(43)) - raft.server.log.segment.size.max = 1048576 (custom)
2019-10-11 07:35:11,963 [pool-419-thread-1] INFO  server.RaftServerConfigKeys (ConfUtils.java:logGet(43)) - raft.server.log.write.buffer.size = 33554432 (custom)
2019-10-11 07:35:11,963 [pool-469-thread-1] INFO  server.RaftServerConfigKeys (ConfUtils.java:logGet(43)) - raft.server.log.segment.size.max = 1048576 (custom)
2019-10-11 07:35:11,963 [pool-419-thread-1] INFO  server.RaftServerConfigKeys (ConfUtils.java:logGet(43)) - raft.server.log.force.sync.num = 128 (default)
2019-10-11 07:35:11,963 [pool-409-thread-1] INFO  server.RaftServerConfigKeys (ConfUtils.java:logGet(43)) - raft.server.log.segment.cache.num.max = 2 (custom)
2019-10-11 07:35:11,963 [pool-419-thread-1] INFO  server.RaftServerConfigKeys (ConfUtils.java:logGet(43)) - raft.server.log.statemachine.data.sync = true (default)
2019-10-11 07:35:11,963 [pool-469-thread-1] INFO  server.RaftServerConfigKeys (ConfUtils.java:logGet(43)) - raft.server.log.segment.cache.num.max = 2 (custom)
2019-10-11 07:35:11,964 [pool-419-thread-1] INFO  server.RaftServerConfigKeys (ConfUtils.java:logGet(43)) - raft.server.log.statemachine.data.sync.timeout = 10s (default)
2019-10-11 07:35:11,964 [pool-419-thread-1] INFO  server.RaftServerConfigKeys (ConfUtils.java:logGet(43)) - raft.server.log.statemachine.data.sync.timeout.retry = -1 (default)
2019-10-11 07:35:11,964 [pool-409-thread-1] INFO  segmented.SegmentedRaftLogWorker (SegmentedRaftLogWorker.java:<init>(173)) - new def6d75b-2bd6-4a47-993f-f7560187f71d@group-B6E563493923-SegmentedRaftLogWorker for RaftStorage:Storage Directory /workdir/hadoop-ozone/integration-test/target/test-dir/MiniOzoneClusterImpl-b5204cf2-bad7-4711-9a54-58405b1ee90d/datanode-0/data/ratis/632ea63f-7cf4-4be4-bfda-b6e563493923
2019-10-11 07:35:11,964 [pool-419-thread-1] INFO  server.RaftServerConfigKeys (ConfUtils.java:logGet(43)) - raft.server.log.statemachine.data.caching.enabled = true (custom)
2019-10-11 07:35:11,964 [pool-469-thread-1] INFO  segmented.SegmentedRaftLogWorker (SegmentedRaftLogWorker.java:<init>(173)) - new 672bb6f8-5131-4da7-8320-8bbddbc4a98b@group-B6E563493923-SegmentedRaftLogWorker for RaftStorage:Storage Directory /workdir/hadoop-ozone/integration-test/target/test-dir/MiniOzoneClusterImpl-b5204cf2-bad7-4711-9a54-58405b1ee90d/datanode-6/data/ratis/632ea63f-7cf4-4be4-bfda-b6e563493923
2019-10-11 07:35:11,964 [pool-409-thread-1] INFO  server.RaftServerConfigKeys (ConfUtils.java:logGet(43)) - raft.server.log.queue.byte-limit = 2147483647 (custom)
2019-10-11 07:35:11,964 [pool-419-thread-1] INFO  segmented.SegmentedRaftLogWorker (SegmentedRaftLogWorker.java:lambda$new$0(128)) - 4d415cff-0964-4c64-a0ba-bf5399f54beb@group-B6E563493923-SegmentedRaftLogWorker: flushIndex: setUnconditionally 0 -> -1
2019-10-11 07:35:11,964 [pool-469-thread-1] INFO  server.RaftServerConfigKeys (ConfUtils.java:logGet(43)) - raft.server.log.queue.byte-limit = 2147483647 (custom)
2019-10-11 07:35:11,965 [pool-409-thread-1] INFO  server.RaftServerConfigKeys (ConfUtils.java:logGet(43)) - raft.server.log.queue.element-limit = 1024 (custom)
2019-10-11 07:35:11,965 [pool-419-thread-1] INFO  server.RaftServerConfigKeys (ConfUtils.java:logGet(43)) - raft.server.snapshot.auto.trigger.enabled = true (custom)
2019-10-11 07:35:11,965 [pool-469-thread-1] INFO  server.RaftServerConfigKeys (ConfUtils.java:logGet(43)) - raft.server.log.queue.element-limit = 1024 (custom)
2019-10-11 07:35:11,965 [pool-419-thread-1] INFO  server.RaftServerConfigKeys (ConfUtils.java:logGet(43)) - raft.server.snapshot.auto.trigger.threshold = 10000 (custom)
2019-10-11 07:35:11,965 [pool-419-thread-1] INFO  server.RaftServerConfigKeys (ConfUtils.java:logGet(43)) - raft.server.snapshot.retention.file.num = 5 (custom)
2019-10-11 07:35:11,965 [pool-409-thread-1] INFO  server.RaftServerConfigKeys (ConfUtils.java:logGet(43)) - raft.server.log.segment.size.max = 1048576 (custom)
2019-10-11 07:35:11,965 [pool-419-thread-1] INFO  server.RaftServerConfigKeys (ConfUtils.java:logGet(43)) - raft.server.retrycache.expirytime = 600000ms (custom)
2019-10-11 07:35:11,965 [pool-469-thread-1] INFO  server.RaftServerConfigKeys (ConfUtils.java:logGet(43)) - raft.server.log.segment.size.max = 1048576 (custom)
2019-10-11 07:35:11,966 [pool-409-thread-1] INFO  server.RaftServerConfigKeys (ConfUtils.java:logGet(43)) - raft.server.log.preallocated.size = 16384 (custom)
2019-10-11 07:35:11,966 [pool-469-thread-1] INFO  server.RaftServerConfigKeys (ConfUtils.java:logGet(43)) - raft.server.log.preallocated.size = 16384 (custom)
2019-10-11 07:35:11,966 [pool-409-thread-1] INFO  server.RaftServerConfigKeys (ConfUtils.java:logGet(43)) - raft.server.log.write.buffer.size = 33554432 (custom)
2019-10-11 07:35:11,966 [pool-469-thread-1] INFO  server.RaftServerConfigKeys (ConfUtils.java:logGet(43)) - raft.server.log.write.buffer.size = 33554432 (custom)
2019-10-11 07:35:11,966 [pool-409-thread-1] INFO  server.RaftServerConfigKeys (ConfUtils.java:logGet(43)) - raft.server.log.force.sync.num = 128 (default)
2019-10-11 07:35:11,966 [pool-469-thread-1] INFO  server.RaftServerConfigKeys (ConfUtils.java:logGet(43)) - raft.server.log.force.sync.num = 128 (default)
2019-10-11 07:35:11,967 [pool-409-thread-1] INFO  server.RaftServerConfigKeys (ConfUtils.java:logGet(43)) - raft.server.log.statemachine.data.sync = true (default)
2019-10-11 07:35:11,967 [pool-469-thread-1] INFO  server.RaftServerConfigKeys (ConfUtils.java:logGet(43)) - raft.server.log.statemachine.data.sync = true (default)
2019-10-11 07:35:11,967 [pool-409-thread-1] INFO  server.RaftServerConfigKeys (ConfUtils.java:logGet(43)) - raft.server.log.statemachine.data.sync.timeout = 10s (default)
2019-10-11 07:35:11,967 [pool-469-thread-1] INFO  server.RaftServerConfigKeys (ConfUtils.java:logGet(43)) - raft.server.log.statemachine.data.sync.timeout = 10s (default)
2019-10-11 07:35:11,967 [pool-409-thread-1] INFO  server.RaftServerConfigKeys (ConfUtils.java:logGet(43)) - raft.server.log.statemachine.data.sync.timeout.retry = -1 (default)
2019-10-11 07:35:11,967 [pool-469-thread-1] INFO  server.RaftServerConfigKeys (ConfUtils.java:logGet(43)) - raft.server.log.statemachine.data.sync.timeout.retry = -1 (default)
2019-10-11 07:35:11,967 [pool-419-thread-1] INFO  impl.RaftServerImpl (RaftServerImpl.java:start(181)) - 4d415cff-0964-4c64-a0ba-bf5399f54beb@group-B6E563493923: start as a follower, conf=-1: [4d415cff-0964-4c64-a0ba-bf5399f54beb:192.168.164.209:36258, def6d75b-2bd6-4a47-993f-f7560187f71d:192.168.164.209:35462, 672bb6f8-5131-4da7-8320-8bbddbc4a98b:192.168.164.209:42241], old=null
2019-10-11 07:35:11,968 [pool-469-thread-1] INFO  server.RaftServerConfigKeys (ConfUtils.java:logGet(43)) - raft.server.log.statemachine.data.caching.enabled = true (custom)
2019-10-11 07:35:11,967 [pool-409-thread-1] INFO  server.RaftServerConfigKeys (ConfUtils.java:logGet(43)) - raft.server.log.statemachine.data.caching.enabled = true (custom)
2019-10-11 07:35:11,968 [pool-419-thread-1] INFO  impl.RaftServerImpl (RaftServerImpl.java:setRole(170)) - 4d415cff-0964-4c64-a0ba-bf5399f54beb@group-B6E563493923: changes role from      null to FOLLOWER at term 0 for startAsFollower
2019-10-11 07:35:11,968 [pool-469-thread-1] INFO  segmented.SegmentedRaftLogWorker (SegmentedRaftLogWorker.java:lambda$new$0(128)) - 672bb6f8-5131-4da7-8320-8bbddbc4a98b@group-B6E563493923-SegmentedRaftLogWorker: flushIndex: setUnconditionally 0 -> -1
2019-10-11 07:35:11,968 [pool-419-thread-1] INFO  impl.RoleInfo (RoleInfo.java:updateAndGet(143)) - 4d415cff-0964-4c64-a0ba-bf5399f54beb: start FollowerState
2019-10-11 07:35:11,968 [pool-409-thread-1] INFO  segmented.SegmentedRaftLogWorker (SegmentedRaftLogWorker.java:lambda$new$0(128)) - def6d75b-2bd6-4a47-993f-f7560187f71d@group-B6E563493923-SegmentedRaftLogWorker: flushIndex: setUnconditionally 0 -> -1
2019-10-11 07:35:11,968 [pool-469-thread-1] INFO  server.RaftServerConfigKeys (ConfUtils.java:logGet(43)) - raft.server.snapshot.auto.trigger.enabled = true (custom)
2019-10-11 07:35:11,968 [pool-469-thread-1] INFO  server.RaftServerConfigKeys (ConfUtils.java:logGet(43)) - raft.server.snapshot.auto.trigger.threshold = 10000 (custom)
2019-10-11 07:35:11,969 [pool-419-thread-1] INFO  util.JmxRegister (JmxRegister.java:tryRegister(44)) - Successfully registered JMX Bean with object name Ratis:service=RaftServer,group=group-B6E563493923,id=4d415cff-0964-4c64-a0ba-bf5399f54beb
2019-10-11 07:35:11,969 [pool-469-thread-1] INFO  server.RaftServerConfigKeys (ConfUtils.java:logGet(43)) - raft.server.snapshot.retention.file.num = 5 (custom)
2019-10-11 07:35:11,969 [pool-409-thread-1] INFO  server.RaftServerConfigKeys (ConfUtils.java:logGet(43)) - raft.server.snapshot.auto.trigger.enabled = true (custom)
2019-10-11 07:35:11,969 [pool-469-thread-1] INFO  server.RaftServerConfigKeys (ConfUtils.java:logGet(43)) - raft.server.retrycache.expirytime = 600000ms (custom)
2019-10-11 07:35:11,969 [pool-409-thread-1] INFO  server.RaftServerConfigKeys (ConfUtils.java:logGet(43)) - raft.server.snapshot.auto.trigger.threshold = 10000 (custom)
2019-10-11 07:35:11,969 [pool-409-thread-1] INFO  server.RaftServerConfigKeys (ConfUtils.java:logGet(43)) - raft.server.snapshot.retention.file.num = 5 (custom)
2019-10-11 07:35:11,969 [pool-409-thread-1] INFO  server.RaftServerConfigKeys (ConfUtils.java:logGet(43)) - raft.server.retrycache.expirytime = 600000ms (custom)
2019-10-11 07:35:11,972 [pool-409-thread-1] INFO  impl.RaftServerImpl (RaftServerImpl.java:start(181)) - def6d75b-2bd6-4a47-993f-f7560187f71d@group-B6E563493923: start as a follower, conf=-1: [4d415cff-0964-4c64-a0ba-bf5399f54beb:192.168.164.209:36258, def6d75b-2bd6-4a47-993f-f7560187f71d:192.168.164.209:35462, 672bb6f8-5131-4da7-8320-8bbddbc4a98b:192.168.164.209:42241], old=null
2019-10-11 07:35:11,972 [pool-469-thread-1] INFO  impl.RaftServerImpl (RaftServerImpl.java:start(181)) - 672bb6f8-5131-4da7-8320-8bbddbc4a98b@group-B6E563493923: start as a follower, conf=-1: [4d415cff-0964-4c64-a0ba-bf5399f54beb:192.168.164.209:36258, def6d75b-2bd6-4a47-993f-f7560187f71d:192.168.164.209:35462, 672bb6f8-5131-4da7-8320-8bbddbc4a98b:192.168.164.209:42241], old=null
2019-10-11 07:35:11,972 [pool-409-thread-1] INFO  impl.RaftServerImpl (RaftServerImpl.java:setRole(170)) - def6d75b-2bd6-4a47-993f-f7560187f71d@group-B6E563493923: changes role from      null to FOLLOWER at term 0 for startAsFollower
2019-10-11 07:35:11,972 [pool-469-thread-1] INFO  impl.RaftServerImpl (RaftServerImpl.java:setRole(170)) - 672bb6f8-5131-4da7-8320-8bbddbc4a98b@group-B6E563493923: changes role from      null to FOLLOWER at term 0 for startAsFollower
2019-10-11 07:35:11,972 [pool-409-thread-1] INFO  impl.RoleInfo (RoleInfo.java:updateAndGet(143)) - def6d75b-2bd6-4a47-993f-f7560187f71d: start FollowerState
2019-10-11 07:35:11,972 [pool-469-thread-1] INFO  impl.RoleInfo (RoleInfo.java:updateAndGet(143)) - 672bb6f8-5131-4da7-8320-8bbddbc4a98b: start FollowerState
2019-10-11 07:35:11,973 [pool-409-thread-1] INFO  util.JmxRegister (JmxRegister.java:tryRegister(44)) - Successfully registered JMX Bean with object name Ratis:service=RaftServer,group=group-B6E563493923,id=def6d75b-2bd6-4a47-993f-f7560187f71d
2019-10-11 07:35:11,973 [pool-469-thread-1] INFO  util.JmxRegister (JmxRegister.java:tryRegister(44)) - Successfully registered JMX Bean with object name Ratis:service=RaftServer,group=group-B6E563493923,id=672bb6f8-5131-4da7-8320-8bbddbc4a98b
2019-10-11 07:35:11,978 [RatisPipelineUtilsThread] INFO  pipeline.PipelineStateManager (PipelineStateManager.java:addPipeline(56)) - Created pipeline Pipeline[ Id: 632ea63f-7cf4-4be4-bfda-b6e563493923, Nodes: 672bb6f8-5131-4da7-8320-8bbddbc4a98b{ip: 192.168.164.209, host: pr-hdds-2206-npvv8-3563359771, networkLocation: /default-rack, certSerialId: null}4d415cff-0964-4c64-a0ba-bf5399f54beb{ip: 192.168.164.209, host: pr-hdds-2206-npvv8-3563359771, networkLocation: /default-rack, certSerialId: null}def6d75b-2bd6-4a47-993f-f7560187f71d{ip: 192.168.164.209, host: pr-hdds-2206-npvv8-3563359771, networkLocation: /default-rack, certSerialId: null}, Type:RATIS, Factor:THREE, State:OPEN]
2019-10-11 07:35:14,209 [Thread-2919] INFO  container.ReplicationManager (ReplicationManager.java:start(162)) - Starting Replication Monitor Thread.
2019-10-11 07:35:14,214 [ReplicationMonitor] INFO  container.ReplicationManager (ReplicationManager.java:run(225)) - Replication Monitor Thread took 1 milliseconds for processing 1 containers.
2019-10-11 07:35:16,337 [Thread-2921] INFO  impl.FollowerState (FollowerState.java:run(108)) - def6d75b-2bd6-4a47-993f-f7560187f71d@group-43854C185A25-FollowerState: change to CANDIDATE, lastRpcTime:5047ms, electionTimeout:5047ms
2019-10-11 07:35:16,338 [Thread-2921] INFO  impl.RoleInfo (RoleInfo.java:shutdownFollowerState(121)) - def6d75b-2bd6-4a47-993f-f7560187f71d: shutdown FollowerState
2019-10-11 07:35:16,339 [Thread-2921] INFO  impl.RaftServerImpl (RaftServerImpl.java:setRole(170)) - def6d75b-2bd6-4a47-993f-f7560187f71d@group-43854C185A25: changes role from  FOLLOWER to CANDIDATE at term 0 for changeToCandidate
2019-10-11 07:35:16,339 [Thread-2921] INFO  impl.RoleInfo (RoleInfo.java:updateAndGet(143)) - def6d75b-2bd6-4a47-993f-f7560187f71d: start LeaderElection
2019-10-11 07:35:16,373 [def6d75b-2bd6-4a47-993f-f7560187f71d@group-43854C185A25-LeaderElection59] INFO  impl.LeaderElection (LeaderElection.java:askForVotes(178)) - def6d75b-2bd6-4a47-993f-f7560187f71d@group-43854C185A25-LeaderElection59: begin an election at term 1 for -1: [def6d75b-2bd6-4a47-993f-f7560187f71d:192.168.164.209:35462], old=null
2019-10-11 07:35:16,373 [def6d75b-2bd6-4a47-993f-f7560187f71d@group-43854C185A25-LeaderElection59] INFO  impl.RoleInfo (RoleInfo.java:shutdownLeaderElection(134)) - def6d75b-2bd6-4a47-993f-f7560187f71d: shutdown LeaderElection
2019-10-11 07:35:16,373 [def6d75b-2bd6-4a47-993f-f7560187f71d@group-43854C185A25-LeaderElection59] INFO  impl.RaftServerImpl (RaftServerImpl.java:setRole(170)) - def6d75b-2bd6-4a47-993f-f7560187f71d@group-43854C185A25: changes role from CANDIDATE to LEADER at term 1 for changeToLeader
2019-10-11 07:35:16,374 [def6d75b-2bd6-4a47-993f-f7560187f71d@group-43854C185A25-LeaderElection59] INFO  impl.RaftServerImpl (ServerState.java:setLeader(255)) - def6d75b-2bd6-4a47-993f-f7560187f71d@group-43854C185A25: change Leader from null to def6d75b-2bd6-4a47-993f-f7560187f71d at term 1 for becomeLeader, leader elected after 5094ms
2019-10-11 07:35:16,374 [def6d75b-2bd6-4a47-993f-f7560187f71d@group-43854C185A25-LeaderElection59] INFO  server.RaftServerConfigKeys (ConfUtils.java:logGet(43)) - raft.server.staging.catchup.gap = 1000 (default)
2019-10-11 07:35:16,374 [def6d75b-2bd6-4a47-993f-f7560187f71d@group-43854C185A25-LeaderElection59] INFO  server.RaftServerConfigKeys (ConfUtils.java:logGet(43)) - raft.server.rpc.sleep.time = 25ms (default)
2019-10-11 07:35:16,375 [def6d75b-2bd6-4a47-993f-f7560187f71d@group-43854C185A25-LeaderElection59] INFO  server.RaftServerConfigKeys (ConfUtils.java:logGet(43)) - raft.server.write.element-limit = 4096 (default)
2019-10-11 07:35:16,375 [def6d75b-2bd6-4a47-993f-f7560187f71d@group-43854C185A25-LeaderElection59] INFO  server.RaftServerConfigKeys (ConfUtils.java:logGet(43)) - raft.server.watch.timeout = 10s (default)
2019-10-11 07:35:16,375 [def6d75b-2bd6-4a47-993f-f7560187f71d@group-43854C185A25-LeaderElection59] INFO  server.RaftServerConfigKeys (ConfUtils.java:logGet(43)) - raft.server.watch.timeout.denomination = 1s (default)
2019-10-11 07:35:16,375 [def6d75b-2bd6-4a47-993f-f7560187f71d@group-43854C185A25-LeaderElection59] INFO  server.RaftServerConfigKeys (ConfUtils.java:logGet(43)) - raft.server.watch.element-limit = 65536 (default)
2019-10-11 07:35:16,379 [def6d75b-2bd6-4a47-993f-f7560187f71d@group-43854C185A25-LeaderElection59] INFO  impl.RoleInfo (RoleInfo.java:updateAndGet(143)) - def6d75b-2bd6-4a47-993f-f7560187f71d: start LeaderState
2019-10-11 07:35:16,380 [def6d75b-2bd6-4a47-993f-f7560187f71d@group-43854C185A25-LeaderElection59] INFO  segmented.SegmentedRaftLogWorker (SegmentedRaftLogWorker.java:startLogSegment(385)) - def6d75b-2bd6-4a47-993f-f7560187f71d@group-43854C185A25-SegmentedRaftLogWorker: Starting segment from index:0
2019-10-11 07:35:16,381 [def6d75b-2bd6-4a47-993f-f7560187f71d@group-43854C185A25-LeaderElection59] INFO  impl.RaftServerImpl (ServerState.java:setRaftConf(356)) - def6d75b-2bd6-4a47-993f-f7560187f71d@group-43854C185A25: set configuration 0: [def6d75b-2bd6-4a47-993f-f7560187f71d:192.168.164.209:35462], old=null at 0
2019-10-11 07:35:16,435 [def6d75b-2bd6-4a47-993f-f7560187f71d@group-43854C185A25-SegmentedRaftLogWorker] INFO  segmented.SegmentedRaftLogWorker (SegmentedRaftLogWorker.java:execute(574)) - def6d75b-2bd6-4a47-993f-f7560187f71d@group-43854C185A25-SegmentedRaftLogWorker: created new log segment /workdir/hadoop-ozone/integration-test/target/test-dir/MiniOzoneClusterImpl-b5204cf2-bad7-4711-9a54-58405b1ee90d/datanode-0/data/ratis/9bf314bb-d1b9-46ba-9259-43854c185a25/current/log_inprogress_0
2019-10-11 07:35:16,473 [Thread-2927] INFO  impl.FollowerState (FollowerState.java:run(108)) - b749c4c9-dc72-43f4-ab80-303d15046f89@group-B27FB7EFA7AA-FollowerState: change to CANDIDATE, lastRpcTime:5017ms, electionTimeout:5017ms
2019-10-11 07:35:16,473 [Thread-2927] INFO  impl.RoleInfo (RoleInfo.java:shutdownFollowerState(121)) - b749c4c9-dc72-43f4-ab80-303d15046f89: shutdown FollowerState
2019-10-11 07:35:16,473 [Thread-2927] INFO  impl.RaftServerImpl (RaftServerImpl.java:setRole(170)) - b749c4c9-dc72-43f4-ab80-303d15046f89@group-B27FB7EFA7AA: changes role from  FOLLOWER to CANDIDATE at term 0 for changeToCandidate
2019-10-11 07:35:16,473 [Thread-2927] INFO  impl.RoleInfo (RoleInfo.java:updateAndGet(143)) - b749c4c9-dc72-43f4-ab80-303d15046f89: start LeaderElection
2019-10-11 07:35:16,503 [b749c4c9-dc72-43f4-ab80-303d15046f89@group-B27FB7EFA7AA-LeaderElection60] INFO  impl.LeaderElection (LeaderElection.java:askForVotes(178)) - b749c4c9-dc72-43f4-ab80-303d15046f89@group-B27FB7EFA7AA-LeaderElection60: begin an election at term 1 for -1: [b749c4c9-dc72-43f4-ab80-303d15046f89:192.168.164.209:35267], old=null
2019-10-11 07:35:16,503 [b749c4c9-dc72-43f4-ab80-303d15046f89@group-B27FB7EFA7AA-LeaderElection60] INFO  impl.RoleInfo (RoleInfo.java:shutdownLeaderElection(134)) - b749c4c9-dc72-43f4-ab80-303d15046f89: shutdown LeaderElection
2019-10-11 07:35:16,504 [b749c4c9-dc72-43f4-ab80-303d15046f89@group-B27FB7EFA7AA-LeaderElection60] INFO  impl.RaftServerImpl (RaftServerImpl.java:setRole(170)) - b749c4c9-dc72-43f4-ab80-303d15046f89@group-B27FB7EFA7AA: changes role from CANDIDATE to LEADER at term 1 for changeToLeader
2019-10-11 07:35:16,504 [b749c4c9-dc72-43f4-ab80-303d15046f89@group-B27FB7EFA7AA-LeaderElection60] INFO  impl.RaftServerImpl (ServerState.java:setLeader(255)) - b749c4c9-dc72-43f4-ab80-303d15046f89@group-B27FB7EFA7AA: change Leader from null to b749c4c9-dc72-43f4-ab80-303d15046f89 at term 1 for becomeLeader, leader elected after 5056ms
2019-10-11 07:35:16,504 [b749c4c9-dc72-43f4-ab80-303d15046f89@group-B27FB7EFA7AA-LeaderElection60] INFO  server.RaftServerConfigKeys (ConfUtils.java:logGet(43)) - raft.server.staging.catchup.gap = 1000 (default)
2019-10-11 07:35:16,504 [b749c4c9-dc72-43f4-ab80-303d15046f89@group-B27FB7EFA7AA-LeaderElection60] INFO  server.RaftServerConfigKeys (ConfUtils.java:logGet(43)) - raft.server.rpc.sleep.time = 25ms (default)
2019-10-11 07:35:16,504 [b749c4c9-dc72-43f4-ab80-303d15046f89@group-B27FB7EFA7AA-LeaderElection60] INFO  server.RaftServerConfigKeys (ConfUtils.java:logGet(43)) - raft.server.write.element-limit = 4096 (default)
2019-10-11 07:35:16,504 [b749c4c9-dc72-43f4-ab80-303d15046f89@group-B27FB7EFA7AA-LeaderElection60] INFO  server.RaftServerConfigKeys (ConfUtils.java:logGet(43)) - raft.server.watch.timeout = 10s (default)
2019-10-11 07:35:16,504 [b749c4c9-dc72-43f4-ab80-303d15046f89@group-B27FB7EFA7AA-LeaderElection60] INFO  server.RaftServerConfigKeys (ConfUtils.java:logGet(43)) - raft.server.watch.timeout.denomination = 1s (default)
2019-10-11 07:35:16,504 [b749c4c9-dc72-43f4-ab80-303d15046f89@group-B27FB7EFA7AA-LeaderElection60] INFO  server.RaftServerConfigKeys (ConfUtils.java:logGet(43)) - raft.server.watch.element-limit = 65536 (default)
2019-10-11 07:35:16,507 [b749c4c9-dc72-43f4-ab80-303d15046f89@group-B27FB7EFA7AA-LeaderElection60] INFO  impl.RoleInfo (RoleInfo.java:updateAndGet(143)) - b749c4c9-dc72-43f4-ab80-303d15046f89: start LeaderState
2019-10-11 07:35:16,507 [b749c4c9-dc72-43f4-ab80-303d15046f89@group-B27FB7EFA7AA-LeaderElection60] INFO  segmented.SegmentedRaftLogWorker (SegmentedRaftLogWorker.java:startLogSegment(385)) - b749c4c9-dc72-43f4-ab80-303d15046f89@group-B27FB7EFA7AA-SegmentedRaftLogWorker: Starting segment from index:0
2019-10-11 07:35:16,508 [b749c4c9-dc72-43f4-ab80-303d15046f89@group-B27FB7EFA7AA-LeaderElection60] INFO  impl.RaftServerImpl (ServerState.java:setRaftConf(356)) - b749c4c9-dc72-43f4-ab80-303d15046f89@group-B27FB7EFA7AA: set configuration 0: [b749c4c9-dc72-43f4-ab80-303d15046f89:192.168.164.209:35267], old=null at 0
2019-10-11 07:35:16,533 [Thread-2930] INFO  impl.FollowerState (FollowerState.java:run(108)) - 8acf1b93-5a98-4af7-bf94-e05f3d01800a@group-227FCEC49493-FollowerState: change to CANDIDATE, lastRpcTime:5003ms, electionTimeout:5003ms
2019-10-11 07:35:16,534 [Thread-2930] INFO  impl.RoleInfo (RoleInfo.java:shutdownFollowerState(121)) - 8acf1b93-5a98-4af7-bf94-e05f3d01800a: shutdown FollowerState
2019-10-11 07:35:16,534 [Thread-2930] INFO  impl.RaftServerImpl (RaftServerImpl.java:setRole(170)) - 8acf1b93-5a98-4af7-bf94-e05f3d01800a@group-227FCEC49493: changes role from  FOLLOWER to CANDIDATE at term 0 for changeToCandidate
2019-10-11 07:35:16,534 [Thread-2930] INFO  impl.RoleInfo (RoleInfo.java:updateAndGet(143)) - 8acf1b93-5a98-4af7-bf94-e05f3d01800a: start LeaderElection
2019-10-11 07:35:16,549 [Thread-2924] INFO  impl.FollowerState (FollowerState.java:run(108)) - 4d415cff-0964-4c64-a0ba-bf5399f54beb@group-118D21D46D68-FollowerState: change to CANDIDATE, lastRpcTime:5174ms, electionTimeout:5173ms
2019-10-11 07:35:16,550 [Thread-2924] INFO  impl.RoleInfo (RoleInfo.java:shutdownFollowerState(121)) - 4d415cff-0964-4c64-a0ba-bf5399f54beb: shutdown FollowerState
2019-10-11 07:35:16,550 [Thread-2924] INFO  impl.RaftServerImpl (RaftServerImpl.java:setRole(170)) - 4d415cff-0964-4c64-a0ba-bf5399f54beb@group-118D21D46D68: changes role from  FOLLOWER to CANDIDATE at term 0 for changeToCandidate
2019-10-11 07:35:16,550 [Thread-2924] INFO  impl.RoleInfo (RoleInfo.java:updateAndGet(143)) - 4d415cff-0964-4c64-a0ba-bf5399f54beb: start LeaderElection
2019-10-11 07:35:16,577 [b749c4c9-dc72-43f4-ab80-303d15046f89@group-B27FB7EFA7AA-SegmentedRaftLogWorker] INFO  segmented.SegmentedRaftLogWorker (SegmentedRaftLogWorker.java:execute(574)) - b749c4c9-dc72-43f4-ab80-303d15046f89@group-B27FB7EFA7AA-SegmentedRaftLogWorker: created new log segment /workdir/hadoop-ozone/integration-test/target/test-dir/MiniOzoneClusterImpl-b5204cf2-bad7-4711-9a54-58405b1ee90d/datanode-2/data/ratis/ee258a37-0b9a-4d90-9b0f-b27fb7efa7aa/current/log_inprogress_0
2019-10-11 07:35:16,599 [8acf1b93-5a98-4af7-bf94-e05f3d01800a@group-227FCEC49493-LeaderElection61] INFO  impl.LeaderElection (LeaderElection.java:askForVotes(178)) - 8acf1b93-5a98-4af7-bf94-e05f3d01800a@group-227FCEC49493-LeaderElection61: begin an election at term 1 for -1: [8acf1b93-5a98-4af7-bf94-e05f3d01800a:192.168.164.209:44902], old=null
2019-10-11 07:35:16,599 [4d415cff-0964-4c64-a0ba-bf5399f54beb@group-118D21D46D68-LeaderElection62] INFO  impl.LeaderElection (LeaderElection.java:askForVotes(178)) - 4d415cff-0964-4c64-a0ba-bf5399f54beb@group-118D21D46D68-LeaderElection62: begin an election at term 1 for -1: [4d415cff-0964-4c64-a0ba-bf5399f54beb:192.168.164.209:36258], old=null
2019-10-11 07:35:16,599 [8acf1b93-5a98-4af7-bf94-e05f3d01800a@group-227FCEC49493-LeaderElection61] INFO  impl.RoleInfo (RoleInfo.java:shutdownLeaderElection(134)) - 8acf1b93-5a98-4af7-bf94-e05f3d01800a: shutdown LeaderElection
2019-10-11 07:35:16,600 [4d415cff-0964-4c64-a0ba-bf5399f54beb@group-118D21D46D68-LeaderElection62] INFO  impl.RoleInfo (RoleInfo.java:shutdownLeaderElection(134)) - 4d415cff-0964-4c64-a0ba-bf5399f54beb: shutdown LeaderElection
2019-10-11 07:35:16,600 [8acf1b93-5a98-4af7-bf94-e05f3d01800a@group-227FCEC49493-LeaderElection61] INFO  impl.RaftServerImpl (RaftServerImpl.java:setRole(170)) - 8acf1b93-5a98-4af7-bf94-e05f3d01800a@group-227FCEC49493: changes role from CANDIDATE to LEADER at term 1 for changeToLeader
2019-10-11 07:35:16,600 [4d415cff-0964-4c64-a0ba-bf5399f54beb@group-118D21D46D68-LeaderElection62] INFO  impl.RaftServerImpl (RaftServerImpl.java:setRole(170)) - 4d415cff-0964-4c64-a0ba-bf5399f54beb@group-118D21D46D68: changes role from CANDIDATE to LEADER at term 1 for changeToLeader
2019-10-11 07:35:16,600 [8acf1b93-5a98-4af7-bf94-e05f3d01800a@group-227FCEC49493-LeaderElection61] INFO  impl.RaftServerImpl (ServerState.java:setLeader(255)) - 8acf1b93-5a98-4af7-bf94-e05f3d01800a@group-227FCEC49493: change Leader from null to 8acf1b93-5a98-4af7-bf94-e05f3d01800a at term 1 for becomeLeader, leader elected after 5077ms
2019-10-11 07:35:16,600 [4d415cff-0964-4c64-a0ba-bf5399f54beb@group-118D21D46D68-LeaderElection62] INFO  impl.RaftServerImpl (ServerState.java:setLeader(255)) - 4d415cff-0964-4c64-a0ba-bf5399f54beb@group-118D21D46D68: change Leader from null to 4d415cff-0964-4c64-a0ba-bf5399f54beb at term 1 for becomeLeader, leader elected after 5237ms
2019-10-11 07:35:16,600 [8acf1b93-5a98-4af7-bf94-e05f3d01800a@group-227FCEC49493-LeaderElection61] INFO  server.RaftServerConfigKeys (ConfUtils.java:logGet(43)) - raft.server.staging.catchup.gap = 1000 (default)
2019-10-11 07:35:16,601 [4d415cff-0964-4c64-a0ba-bf5399f54beb@group-118D21D46D68-LeaderElection62] INFO  server.RaftServerConfigKeys (ConfUtils.java:logGet(43)) - raft.server.staging.catchup.gap = 1000 (default)
2019-10-11 07:35:16,601 [8acf1b93-5a98-4af7-bf94-e05f3d01800a@group-227FCEC49493-LeaderElection61] INFO  server.RaftServerConfigKeys (ConfUtils.java:logGet(43)) - raft.server.rpc.sleep.time = 25ms (default)
2019-10-11 07:35:16,601 [4d415cff-0964-4c64-a0ba-bf5399f54beb@group-118D21D46D68-LeaderElection62] INFO  server.RaftServerConfigKeys (ConfUtils.java:logGet(43)) - raft.server.rpc.sleep.time = 25ms (default)
2019-10-11 07:35:16,601 [8acf1b93-5a98-4af7-bf94-e05f3d01800a@group-227FCEC49493-LeaderElection61] INFO  server.RaftServerConfigKeys (ConfUtils.java:logGet(43)) - raft.server.write.element-limit = 4096 (default)
2019-10-11 07:35:16,601 [4d415cff-0964-4c64-a0ba-bf5399f54beb@group-118D21D46D68-LeaderElection62] INFO  server.RaftServerConfigKeys (ConfUtils.java:logGet(43)) - raft.server.write.element-limit = 4096 (default)
2019-10-11 07:35:16,601 [8acf1b93-5a98-4af7-bf94-e05f3d01800a@group-227FCEC49493-LeaderElection61] INFO  server.RaftServerConfigKeys (ConfUtils.java:logGet(43)) - raft.server.watch.timeout = 10s (default)
2019-10-11 07:35:16,602 [4d415cff-0964-4c64-a0ba-bf5399f54beb@group-118D21D46D68-LeaderElection62] INFO  server.RaftServerConfigKeys (ConfUtils.java:logGet(43)) - raft.server.watch.timeout = 10s (default)
2019-10-11 07:35:16,602 [8acf1b93-5a98-4af7-bf94-e05f3d01800a@group-227FCEC49493-LeaderElection61] INFO  server.RaftServerConfigKeys (ConfUtils.java:logGet(43)) - raft.server.watch.timeout.denomination = 1s (default)
2019-10-11 07:35:16,602 [4d415cff-0964-4c64-a0ba-bf5399f54beb@group-118D21D46D68-LeaderElection62] INFO  server.RaftServerConfigKeys (ConfUtils.java:logGet(43)) - raft.server.watch.timeout.denomination = 1s (default)
2019-10-11 07:35:16,602 [8acf1b93-5a98-4af7-bf94-e05f3d01800a@group-227FCEC49493-LeaderElection61] INFO  server.RaftServerConfigKeys (ConfUtils.java:logGet(43)) - raft.server.watch.element-limit = 65536 (default)
2019-10-11 07:35:16,602 [4d415cff-0964-4c64-a0ba-bf5399f54beb@group-118D21D46D68-LeaderElection62] INFO  server.RaftServerConfigKeys (ConfUtils.java:logGet(43)) - raft.server.watch.element-limit = 65536 (default)
2019-10-11 07:35:16,606 [8acf1b93-5a98-4af7-bf94-e05f3d01800a@group-227FCEC49493-LeaderElection61] INFO  impl.RoleInfo (RoleInfo.java:updateAndGet(143)) - 8acf1b93-5a98-4af7-bf94-e05f3d01800a: start LeaderState
2019-10-11 07:35:16,606 [4d415cff-0964-4c64-a0ba-bf5399f54beb@group-118D21D46D68-LeaderElection62] INFO  impl.RoleInfo (RoleInfo.java:updateAndGet(143)) - 4d415cff-0964-4c64-a0ba-bf5399f54beb: start LeaderState
2019-10-11 07:35:16,607 [8acf1b93-5a98-4af7-bf94-e05f3d01800a@group-227FCEC49493-LeaderElection61] INFO  segmented.SegmentedRaftLogWorker (SegmentedRaftLogWorker.java:startLogSegment(385)) - 8acf1b93-5a98-4af7-bf94-e05f3d01800a@group-227FCEC49493-SegmentedRaftLogWorker: Starting segment from index:0
2019-10-11 07:35:16,607 [4d415cff-0964-4c64-a0ba-bf5399f54beb@group-118D21D46D68-LeaderElection62] INFO  segmented.SegmentedRaftLogWorker (SegmentedRaftLogWorker.java:startLogSegment(385)) - 4d415cff-0964-4c64-a0ba-bf5399f54beb@group-118D21D46D68-SegmentedRaftLogWorker: Starting segment from index:0
2019-10-11 07:35:16,607 [8acf1b93-5a98-4af7-bf94-e05f3d01800a@group-227FCEC49493-LeaderElection61] INFO  impl.RaftServerImpl (ServerState.java:setRaftConf(356)) - 8acf1b93-5a98-4af7-bf94-e05f3d01800a@group-227FCEC49493: set configuration 0: [8acf1b93-5a98-4af7-bf94-e05f3d01800a:192.168.164.209:44902], old=null at 0
2019-10-11 07:35:16,608 [4d415cff-0964-4c64-a0ba-bf5399f54beb@group-118D21D46D68-LeaderElection62] INFO  impl.RaftServerImpl (ServerState.java:setRaftConf(356)) - 4d415cff-0964-4c64-a0ba-bf5399f54beb@group-118D21D46D68: set configuration 0: [4d415cff-0964-4c64-a0ba-bf5399f54beb:192.168.164.209:36258], old=null at 0
2019-10-11 07:35:16,674 [4d415cff-0964-4c64-a0ba-bf5399f54beb@group-118D21D46D68-SegmentedRaftLogWorker] INFO  segmented.SegmentedRaftLogWorker (SegmentedRaftLogWorker.java:execute(574)) - 4d415cff-0964-4c64-a0ba-bf5399f54beb@group-118D21D46D68-SegmentedRaftLogWorker: created new log segment /workdir/hadoop-ozone/integration-test/target/test-dir/MiniOzoneClusterImpl-b5204cf2-bad7-4711-9a54-58405b1ee90d/datanode-1/data/ratis/d55855b8-106d-469e-875f-118d21d46d68/current/log_inprogress_0
2019-10-11 07:35:16,674 [8acf1b93-5a98-4af7-bf94-e05f3d01800a@group-227FCEC49493-SegmentedRaftLogWorker] INFO  segmented.SegmentedRaftLogWorker (SegmentedRaftLogWorker.java:execute(574)) - 8acf1b93-5a98-4af7-bf94-e05f3d01800a@group-227FCEC49493-SegmentedRaftLogWorker: created new log segment /workdir/hadoop-ozone/integration-test/target/test-dir/MiniOzoneClusterImpl-b5204cf2-bad7-4711-9a54-58405b1ee90d/datanode-3/data/ratis/94d01255-3857-47dc-8655-227fcec49493/current/log_inprogress_0
2019-10-11 07:35:16,718 [Thread-2933] INFO  impl.FollowerState (FollowerState.java:run(108)) - a3f9250e-d589-4d23-8f76-3d1d54b6f453@group-CD09C165DB09-FollowerState: change to CANDIDATE, lastRpcTime:5111ms, electionTimeout:5111ms
2019-10-11 07:35:16,718 [Thread-2933] INFO  impl.RoleInfo (RoleInfo.java:shutdownFollowerState(121)) - a3f9250e-d589-4d23-8f76-3d1d54b6f453: shutdown FollowerState
2019-10-11 07:35:16,718 [Thread-2933] INFO  impl.RaftServerImpl (RaftServerImpl.java:setRole(170)) - a3f9250e-d589-4d23-8f76-3d1d54b6f453@group-CD09C165DB09: changes role from  FOLLOWER to CANDIDATE at term 0 for changeToCandidate
2019-10-11 07:35:16,718 [Thread-2933] INFO  impl.RoleInfo (RoleInfo.java:updateAndGet(143)) - a3f9250e-d589-4d23-8f76-3d1d54b6f453: start LeaderElection
2019-10-11 07:35:16,745 [Thread-2938] INFO  impl.FollowerState (FollowerState.java:run(108)) - 672bb6f8-5131-4da7-8320-8bbddbc4a98b@group-ED35E500CDB9-FollowerState: change to CANDIDATE, lastRpcTime:5047ms, electionTimeout:5047ms
2019-10-11 07:35:16,745 [Thread-2938] INFO  impl.RoleInfo (RoleInfo.java:shutdownFollowerState(121)) - 672bb6f8-5131-4da7-8320-8bbddbc4a98b: shutdown FollowerState
2019-10-11 07:35:16,745 [Thread-2938] INFO  impl.RaftServerImpl (RaftServerImpl.java:setRole(170)) - 672bb6f8-5131-4da7-8320-8bbddbc4a98b@group-ED35E500CDB9: changes role from  FOLLOWER to CANDIDATE at term 0 for changeToCandidate
2019-10-11 07:35:16,746 [Thread-2938] INFO  impl.RoleInfo (RoleInfo.java:updateAndGet(143)) - 672bb6f8-5131-4da7-8320-8bbddbc4a98b: start LeaderElection
2019-10-11 07:35:16,751 [a3f9250e-d589-4d23-8f76-3d1d54b6f453@group-CD09C165DB09-LeaderElection63] INFO  impl.LeaderElection (LeaderElection.java:askForVotes(178)) - a3f9250e-d589-4d23-8f76-3d1d54b6f453@group-CD09C165DB09-LeaderElection63: begin an election at term 1 for -1: [a3f9250e-d589-4d23-8f76-3d1d54b6f453:192.168.164.209:41727], old=null
2019-10-11 07:35:16,751 [a3f9250e-d589-4d23-8f76-3d1d54b6f453@group-CD09C165DB09-LeaderElection63] INFO  impl.RoleInfo (RoleInfo.java:shutdownLeaderElection(134)) - a3f9250e-d589-4d23-8f76-3d1d54b6f453: shutdown LeaderElection
2019-10-11 07:35:16,751 [a3f9250e-d589-4d23-8f76-3d1d54b6f453@group-CD09C165DB09-LeaderElection63] INFO  impl.RaftServerImpl (RaftServerImpl.java:setRole(170)) - a3f9250e-d589-4d23-8f76-3d1d54b6f453@group-CD09C165DB09: changes role from CANDIDATE to LEADER at term 1 for changeToLeader
2019-10-11 07:35:16,752 [a3f9250e-d589-4d23-8f76-3d1d54b6f453@group-CD09C165DB09-LeaderElection63] INFO  impl.RaftServerImpl (ServerState.java:setLeader(255)) - a3f9250e-d589-4d23-8f76-3d1d54b6f453@group-CD09C165DB09: change Leader from null to a3f9250e-d589-4d23-8f76-3d1d54b6f453 at term 1 for becomeLeader, leader elected after 5153ms
2019-10-11 07:35:16,752 [a3f9250e-d589-4d23-8f76-3d1d54b6f453@group-CD09C165DB09-LeaderElection63] INFO  server.RaftServerConfigKeys (ConfUtils.java:logGet(43)) - raft.server.staging.catchup.gap = 1000 (default)
2019-10-11 07:35:16,752 [a3f9250e-d589-4d23-8f76-3d1d54b6f453@group-CD09C165DB09-LeaderElection63] INFO  server.RaftServerConfigKeys (ConfUtils.java:logGet(43)) - raft.server.rpc.sleep.time = 25ms (default)
2019-10-11 07:35:16,752 [a3f9250e-d589-4d23-8f76-3d1d54b6f453@group-CD09C165DB09-LeaderElection63] INFO  server.RaftServerConfigKeys (ConfUtils.java:logGet(43)) - raft.server.write.element-limit = 4096 (default)
2019-10-11 07:35:16,752 [a3f9250e-d589-4d23-8f76-3d1d54b6f453@group-CD09C165DB09-LeaderElection63] INFO  server.RaftServerConfigKeys (ConfUtils.java:logGet(43)) - raft.server.watch.timeout = 10s (default)
2019-10-11 07:35:16,752 [a3f9250e-d589-4d23-8f76-3d1d54b6f453@group-CD09C165DB09-LeaderElection63] INFO  server.RaftServerConfigKeys (ConfUtils.java:logGet(43)) - raft.server.watch.timeout.denomination = 1s (default)
2019-10-11 07:35:16,753 [a3f9250e-d589-4d23-8f76-3d1d54b6f453@group-CD09C165DB09-LeaderElection63] INFO  server.RaftServerConfigKeys (ConfUtils.java:logGet(43)) - raft.server.watch.element-limit = 65536 (default)
2019-10-11 07:35:16,755 [a3f9250e-d589-4d23-8f76-3d1d54b6f453@group-CD09C165DB09-LeaderElection63] INFO  impl.RoleInfo (RoleInfo.java:updateAndGet(143)) - a3f9250e-d589-4d23-8f76-3d1d54b6f453: start LeaderState
2019-10-11 07:35:16,755 [a3f9250e-d589-4d23-8f76-3d1d54b6f453@group-CD09C165DB09-LeaderElection63] INFO  segmented.SegmentedRaftLogWorker (SegmentedRaftLogWorker.java:startLogSegment(385)) - a3f9250e-d589-4d23-8f76-3d1d54b6f453@group-CD09C165DB09-SegmentedRaftLogWorker: Starting segment from index:0
2019-10-11 07:35:16,756 [a3f9250e-d589-4d23-8f76-3d1d54b6f453@group-CD09C165DB09-LeaderElection63] INFO  impl.RaftServerImpl (ServerState.java:setRaftConf(356)) - a3f9250e-d589-4d23-8f76-3d1d54b6f453@group-CD09C165DB09: set configuration 0: [a3f9250e-d589-4d23-8f76-3d1d54b6f453:192.168.164.209:41727], old=null at 0
2019-10-11 07:35:16,794 [672bb6f8-5131-4da7-8320-8bbddbc4a98b@group-ED35E500CDB9-LeaderElection64] INFO  impl.LeaderElection (LeaderElection.java:askForVotes(178)) - 672bb6f8-5131-4da7-8320-8bbddbc4a98b@group-ED35E500CDB9-LeaderElection64: begin an election at term 1 for -1: [672bb6f8-5131-4da7-8320-8bbddbc4a98b:192.168.164.209:42241], old=null
2019-10-11 07:35:16,794 [672bb6f8-5131-4da7-8320-8bbddbc4a98b@group-ED35E500CDB9-LeaderElection64] INFO  impl.RoleInfo (RoleInfo.java:shutdownLeaderElection(134)) - 672bb6f8-5131-4da7-8320-8bbddbc4a98b: shutdown LeaderElection
2019-10-11 07:35:16,794 [672bb6f8-5131-4da7-8320-8bbddbc4a98b@group-ED35E500CDB9-LeaderElection64] INFO  impl.RaftServerImpl (RaftServerImpl.java:setRole(170)) - 672bb6f8-5131-4da7-8320-8bbddbc4a98b@group-ED35E500CDB9: changes role from CANDIDATE to LEADER at term 1 for changeToLeader
2019-10-11 07:35:16,794 [672bb6f8-5131-4da7-8320-8bbddbc4a98b@group-ED35E500CDB9-LeaderElection64] INFO  impl.RaftServerImpl (ServerState.java:setLeader(255)) - 672bb6f8-5131-4da7-8320-8bbddbc4a98b@group-ED35E500CDB9: change Leader from null to 672bb6f8-5131-4da7-8320-8bbddbc4a98b at term 1 for becomeLeader, leader elected after 5103ms
2019-10-11 07:35:16,794 [672bb6f8-5131-4da7-8320-8bbddbc4a98b@group-ED35E500CDB9-LeaderElection64] INFO  server.RaftServerConfigKeys (ConfUtils.java:logGet(43)) - raft.server.staging.catchup.gap = 1000 (default)
2019-10-11 07:35:16,794 [672bb6f8-5131-4da7-8320-8bbddbc4a98b@group-ED35E500CDB9-LeaderElection64] INFO  server.RaftServerConfigKeys (ConfUtils.java:logGet(43)) - raft.server.rpc.sleep.time = 25ms (default)
2019-10-11 07:35:16,795 [672bb6f8-5131-4da7-8320-8bbddbc4a98b@group-ED35E500CDB9-LeaderElection64] INFO  server.RaftServerConfigKeys (ConfUtils.java:logGet(43)) - raft.server.write.element-limit = 4096 (default)
2019-10-11 07:35:16,795 [672bb6f8-5131-4da7-8320-8bbddbc4a98b@group-ED35E500CDB9-LeaderElection64] INFO  server.RaftServerConfigKeys (ConfUtils.java:logGet(43)) - raft.server.watch.timeout = 10s (default)
2019-10-11 07:35:16,795 [672bb6f8-5131-4da7-8320-8bbddbc4a98b@group-ED35E500CDB9-LeaderElection64] INFO  server.RaftServerConfigKeys (ConfUtils.java:logGet(43)) - raft.server.watch.timeout.denomination = 1s (default)
2019-10-11 07:35:16,795 [672bb6f8-5131-4da7-8320-8bbddbc4a98b@group-ED35E500CDB9-LeaderElection64] INFO  server.RaftServerConfigKeys (ConfUtils.java:logGet(43)) - raft.server.watch.element-limit = 65536 (default)
2019-10-11 07:35:16,797 [672bb6f8-5131-4da7-8320-8bbddbc4a98b@group-ED35E500CDB9-LeaderElection64] INFO  impl.RoleInfo (RoleInfo.java:updateAndGet(143)) - 672bb6f8-5131-4da7-8320-8bbddbc4a98b: start LeaderState
2019-10-11 07:35:16,798 [672bb6f8-5131-4da7-8320-8bbddbc4a98b@group-ED35E500CDB9-LeaderElection64] INFO  segmented.SegmentedRaftLogWorker (SegmentedRaftLogWorker.java:startLogSegment(385)) - 672bb6f8-5131-4da7-8320-8bbddbc4a98b@group-ED35E500CDB9-SegmentedRaftLogWorker: Starting segment from index:0
2019-10-11 07:35:16,798 [672bb6f8-5131-4da7-8320-8bbddbc4a98b@group-ED35E500CDB9-LeaderElection64] INFO  impl.RaftServerImpl (ServerState.java:setRaftConf(356)) - 672bb6f8-5131-4da7-8320-8bbddbc4a98b@group-ED35E500CDB9: set configuration 0: [672bb6f8-5131-4da7-8320-8bbddbc4a98b:192.168.164.209:42241], old=null at 0
2019-10-11 07:35:16,833 [a3f9250e-d589-4d23-8f76-3d1d54b6f453@group-CD09C165DB09-SegmentedRaftLogWorker] INFO  segmented.SegmentedRaftLogWorker (SegmentedRaftLogWorker.java:execute(574)) - a3f9250e-d589-4d23-8f76-3d1d54b6f453@group-CD09C165DB09-SegmentedRaftLogWorker: created new log segment /workdir/hadoop-ozone/integration-test/target/test-dir/MiniOzoneClusterImpl-b5204cf2-bad7-4711-9a54-58405b1ee90d/datanode-4/data/ratis/b7fc47df-20ba-4bd3-90e1-cd09c165db09/current/log_inprogress_0
2019-10-11 07:35:16,856 [672bb6f8-5131-4da7-8320-8bbddbc4a98b@group-ED35E500CDB9-SegmentedRaftLogWorker] INFO  segmented.SegmentedRaftLogWorker (SegmentedRaftLogWorker.java:execute(574)) - 672bb6f8-5131-4da7-8320-8bbddbc4a98b@group-ED35E500CDB9-SegmentedRaftLogWorker: created new log segment /workdir/hadoop-ozone/integration-test/target/test-dir/MiniOzoneClusterImpl-b5204cf2-bad7-4711-9a54-58405b1ee90d/datanode-6/data/ratis/f5071804-d603-44bc-8aac-ed35e500cdb9/current/log_inprogress_0
2019-10-11 07:35:16,924 [Thread-2946] INFO  impl.FollowerState (FollowerState.java:run(108)) - a3f9250e-d589-4d23-8f76-3d1d54b6f453@group-6799D91081E1-FollowerState: change to CANDIDATE, lastRpcTime:5056ms, electionTimeout:5056ms
2019-10-11 07:35:16,925 [Thread-2946] INFO  impl.RoleInfo (RoleInfo.java:shutdownFollowerState(121)) - a3f9250e-d589-4d23-8f76-3d1d54b6f453: shutdown FollowerState
2019-10-11 07:35:16,925 [Thread-2946] INFO  impl.RaftServerImpl (RaftServerImpl.java:setRole(170)) - a3f9250e-d589-4d23-8f76-3d1d54b6f453@group-6799D91081E1: changes role from  FOLLOWER to CANDIDATE at term 0 for changeToCandidate
2019-10-11 07:35:16,925 [Thread-2946] INFO  impl.RoleInfo (RoleInfo.java:updateAndGet(143)) - a3f9250e-d589-4d23-8f76-3d1d54b6f453: start LeaderElection
2019-10-11 07:35:16,949 [Thread-2948] INFO  impl.FollowerState (FollowerState.java:run(108)) - b749c4c9-dc72-43f4-ab80-303d15046f89@group-6799D91081E1-FollowerState: change to CANDIDATE, lastRpcTime:5079ms, electionTimeout:5079ms
2019-10-11 07:35:16,949 [Thread-2948] INFO  impl.RoleInfo (RoleInfo.java:shutdownFollowerState(121)) - b749c4c9-dc72-43f4-ab80-303d15046f89: shutdown FollowerState
2019-10-11 07:35:16,950 [Thread-2948] INFO  impl.RaftServerImpl (RaftServerImpl.java:setRole(170)) - b749c4c9-dc72-43f4-ab80-303d15046f89@group-6799D91081E1: changes role from  FOLLOWER to CANDIDATE at term 0 for changeToCandidate
2019-10-11 07:35:16,950 [Thread-2948] INFO  impl.RoleInfo (RoleInfo.java:updateAndGet(143)) - b749c4c9-dc72-43f4-ab80-303d15046f89: start LeaderElection
2019-10-11 07:35:16,956 [a3f9250e-d589-4d23-8f76-3d1d54b6f453@group-6799D91081E1-LeaderElection65] INFO  impl.LeaderElection (LeaderElection.java:askForVotes(178)) - a3f9250e-d589-4d23-8f76-3d1d54b6f453@group-6799D91081E1-LeaderElection65: begin an election at term 1 for -1: [b749c4c9-dc72-43f4-ab80-303d15046f89:192.168.164.209:35267, 8acf1b93-5a98-4af7-bf94-e05f3d01800a:192.168.164.209:44902, a3f9250e-d589-4d23-8f76-3d1d54b6f453:192.168.164.209:41727], old=null
2019-10-11 07:35:16,958 [Thread-2941] INFO  impl.FollowerState (FollowerState.java:run(108)) - d4e9d99a-b039-46d3-8051-60a60674dea5@group-003A427D8BA1-FollowerState: change to CANDIDATE, lastRpcTime:5183ms, electionTimeout:5183ms
2019-10-11 07:35:16,958 [Thread-2941] INFO  impl.RoleInfo (RoleInfo.java:shutdownFollowerState(121)) - d4e9d99a-b039-46d3-8051-60a60674dea5: shutdown FollowerState
2019-10-11 07:35:16,959 [Thread-2941] INFO  impl.RaftServerImpl (RaftServerImpl.java:setRole(170)) - d4e9d99a-b039-46d3-8051-60a60674dea5@group-003A427D8BA1: changes role from  FOLLOWER to CANDIDATE at term 0 for changeToCandidate
2019-10-11 07:35:16,959 [Thread-2941] INFO  impl.RoleInfo (RoleInfo.java:updateAndGet(143)) - d4e9d99a-b039-46d3-8051-60a60674dea5: start LeaderElection
2019-10-11 07:35:16,968 [grpc-default-executor-6] INFO  impl.RaftServerImpl (RaftServerImpl.java:setRole(170)) - 8acf1b93-5a98-4af7-bf94-e05f3d01800a@group-6799D91081E1: changes role from  FOLLOWER to FOLLOWER at term 1 for recognizeCandidate:a3f9250e-d589-4d23-8f76-3d1d54b6f453
2019-10-11 07:35:16,968 [grpc-default-executor-6] INFO  impl.RoleInfo (RoleInfo.java:shutdownFollowerState(121)) - 8acf1b93-5a98-4af7-bf94-e05f3d01800a: shutdown FollowerState
2019-10-11 07:35:16,968 [grpc-default-executor-6] INFO  impl.RoleInfo (RoleInfo.java:updateAndGet(143)) - 8acf1b93-5a98-4af7-bf94-e05f3d01800a: start FollowerState
2019-10-11 07:35:16,968 [Thread-2947] INFO  impl.FollowerState (FollowerState.java:run(117)) - 8acf1b93-5a98-4af7-bf94-e05f3d01800a@group-6799D91081E1-FollowerState was interrupted: java.lang.InterruptedException: sleep interrupted
2019-10-11 07:35:16,982 [b749c4c9-dc72-43f4-ab80-303d15046f89@group-6799D91081E1-LeaderElection66] INFO  impl.LeaderElection (LeaderElection.java:askForVotes(178)) - b749c4c9-dc72-43f4-ab80-303d15046f89@group-6799D91081E1-LeaderElection66: begin an election at term 1 for -1: [b749c4c9-dc72-43f4-ab80-303d15046f89:192.168.164.209:35267, 8acf1b93-5a98-4af7-bf94-e05f3d01800a:192.168.164.209:44902, a3f9250e-d589-4d23-8f76-3d1d54b6f453:192.168.164.209:41727], old=null
2019-10-11 07:35:16,982 [d4e9d99a-b039-46d3-8051-60a60674dea5@group-003A427D8BA1-LeaderElection67] INFO  impl.LeaderElection (LeaderElection.java:askForVotes(178)) - d4e9d99a-b039-46d3-8051-60a60674dea5@group-003A427D8BA1-LeaderElection67: begin an election at term 1 for -1: [d4e9d99a-b039-46d3-8051-60a60674dea5:192.168.164.209:40945], old=null
2019-10-11 07:35:16,984 [d4e9d99a-b039-46d3-8051-60a60674dea5@group-003A427D8BA1-LeaderElection67] INFO  impl.RoleInfo (RoleInfo.java:shutdownLeaderElection(134)) - d4e9d99a-b039-46d3-8051-60a60674dea5: shutdown LeaderElection
2019-10-11 07:35:16,985 [d4e9d99a-b039-46d3-8051-60a60674dea5@group-003A427D8BA1-LeaderElection67] INFO  impl.RaftServerImpl (RaftServerImpl.java:setRole(170)) - d4e9d99a-b039-46d3-8051-60a60674dea5@group-003A427D8BA1: changes role from CANDIDATE to LEADER at term 1 for changeToLeader
2019-10-11 07:35:16,985 [d4e9d99a-b039-46d3-8051-60a60674dea5@group-003A427D8BA1-LeaderElection67] INFO  impl.RaftServerImpl (ServerState.java:setLeader(255)) - d4e9d99a-b039-46d3-8051-60a60674dea5@group-003A427D8BA1: change Leader from null to d4e9d99a-b039-46d3-8051-60a60674dea5 at term 1 for becomeLeader, leader elected after 5218ms
2019-10-11 07:35:16,985 [d4e9d99a-b039-46d3-8051-60a60674dea5@group-003A427D8BA1-LeaderElection67] INFO  server.RaftServerConfigKeys (ConfUtils.java:logGet(43)) - raft.server.staging.catchup.gap = 1000 (default)
2019-10-11 07:35:16,985 [d4e9d99a-b039-46d3-8051-60a60674dea5@group-003A427D8BA1-LeaderElection67] INFO  server.RaftServerConfigKeys (ConfUtils.java:logGet(43)) - raft.server.rpc.sleep.time = 25ms (default)
2019-10-11 07:35:16,985 [d4e9d99a-b039-46d3-8051-60a60674dea5@group-003A427D8BA1-LeaderElection67] INFO  server.RaftServerConfigKeys (ConfUtils.java:logGet(43)) - raft.server.write.element-limit = 4096 (default)
2019-10-11 07:35:16,986 [d4e9d99a-b039-46d3-8051-60a60674dea5@group-003A427D8BA1-LeaderElection67] INFO  server.RaftServerConfigKeys (ConfUtils.java:logGet(43)) - raft.server.watch.timeout = 10s (default)
2019-10-11 07:35:16,986 [d4e9d99a-b039-46d3-8051-60a60674dea5@group-003A427D8BA1-LeaderElection67] INFO  server.RaftServerConfigKeys (ConfUtils.java:logGet(43)) - raft.server.watch.timeout.denomination = 1s (default)
2019-10-11 07:35:16,986 [d4e9d99a-b039-46d3-8051-60a60674dea5@group-003A427D8BA1-LeaderElection67] INFO  server.RaftServerConfigKeys (ConfUtils.java:logGet(43)) - raft.server.watch.element-limit = 65536 (default)
2019-10-11 07:35:16,988 [d4e9d99a-b039-46d3-8051-60a60674dea5@group-003A427D8BA1-LeaderElection67] INFO  impl.RoleInfo (RoleInfo.java:updateAndGet(143)) - d4e9d99a-b039-46d3-8051-60a60674dea5: start LeaderState
2019-10-11 07:35:16,993 [d4e9d99a-b039-46d3-8051-60a60674dea5@group-003A427D8BA1-LeaderElection67] INFO  segmented.SegmentedRaftLogWorker (SegmentedRaftLogWorker.java:startLogSegment(385)) - d4e9d99a-b039-46d3-8051-60a60674dea5@group-003A427D8BA1-SegmentedRaftLogWorker: Starting segment from index:0
2019-10-11 07:35:16,994 [d4e9d99a-b039-46d3-8051-60a60674dea5@group-003A427D8BA1-LeaderElection67] INFO  impl.RaftServerImpl (ServerState.java:setRaftConf(356)) - d4e9d99a-b039-46d3-8051-60a60674dea5@group-003A427D8BA1: set configuration 0: [d4e9d99a-b039-46d3-8051-60a60674dea5:192.168.164.209:40945], old=null at 0
2019-10-11 07:35:17,037 [b749c4c9-dc72-43f4-ab80-303d15046f89@group-6799D91081E1-LeaderElection66] INFO  impl.LeaderElection (LeaderElection.java:logAndReturn(56)) - b749c4c9-dc72-43f4-ab80-303d15046f89@group-6799D91081E1-LeaderElection66: Election REJECTED; received 2 response(s) [b749c4c9-dc72-43f4-ab80-303d15046f89<-8acf1b93-5a98-4af7-bf94-e05f3d01800a#0:FAIL-t1, b749c4c9-dc72-43f4-ab80-303d15046f89<-a3f9250e-d589-4d23-8f76-3d1d54b6f453#0:FAIL-t1] and 0 exception(s); b749c4c9-dc72-43f4-ab80-303d15046f89@group-6799D91081E1:t1, leader=null, voted=b749c4c9-dc72-43f4-ab80-303d15046f89, raftlog=b749c4c9-dc72-43f4-ab80-303d15046f89@group-6799D91081E1-SegmentedRaftLog:OPENED:c-1,f-1,i0, conf=-1: [b749c4c9-dc72-43f4-ab80-303d15046f89:192.168.164.209:35267, 8acf1b93-5a98-4af7-bf94-e05f3d01800a:192.168.164.209:44902, a3f9250e-d589-4d23-8f76-3d1d54b6f453:192.168.164.209:41727], old=null
2019-10-11 07:35:17,037 [a3f9250e-d589-4d23-8f76-3d1d54b6f453@group-6799D91081E1-LeaderElection65] INFO  impl.LeaderElection (LeaderElection.java:logAndReturn(56)) - a3f9250e-d589-4d23-8f76-3d1d54b6f453@group-6799D91081E1-LeaderElection65: Election PASSED; received 2 response(s) [a3f9250e-d589-4d23-8f76-3d1d54b6f453<-b749c4c9-dc72-43f4-ab80-303d15046f89#0:FAIL-t1, a3f9250e-d589-4d23-8f76-3d1d54b6f453<-8acf1b93-5a98-4af7-bf94-e05f3d01800a#0:OK-t1] and 0 exception(s); a3f9250e-d589-4d23-8f76-3d1d54b6f453@group-6799D91081E1:t1, leader=null, voted=a3f9250e-d589-4d23-8f76-3d1d54b6f453, raftlog=a3f9250e-d589-4d23-8f76-3d1d54b6f453@group-6799D91081E1-SegmentedRaftLog:OPENED:c-1,f-1,i0, conf=-1: [b749c4c9-dc72-43f4-ab80-303d15046f89:192.168.164.209:35267, 8acf1b93-5a98-4af7-bf94-e05f3d01800a:192.168.164.209:44902, a3f9250e-d589-4d23-8f76-3d1d54b6f453:192.168.164.209:41727], old=null
2019-10-11 07:35:17,037 [b749c4c9-dc72-43f4-ab80-303d15046f89@group-6799D91081E1-LeaderElection66] INFO  impl.RaftServerImpl (RaftServerImpl.java:setRole(170)) - b749c4c9-dc72-43f4-ab80-303d15046f89@group-6799D91081E1: changes role from CANDIDATE to FOLLOWER at term 1 for DISCOVERED_A_NEW_TERM
2019-10-11 07:35:17,037 [a3f9250e-d589-4d23-8f76-3d1d54b6f453@group-6799D91081E1-LeaderElection65] INFO  impl.RoleInfo (RoleInfo.java:shutdownLeaderElection(134)) - a3f9250e-d589-4d23-8f76-3d1d54b6f453: shutdown LeaderElection
2019-10-11 07:35:17,041 [b749c4c9-dc72-43f4-ab80-303d15046f89@group-6799D91081E1-LeaderElection66] INFO  impl.RoleInfo (RoleInfo.java:shutdownLeaderElection(134)) - b749c4c9-dc72-43f4-ab80-303d15046f89: shutdown LeaderElection
2019-10-11 07:35:17,044 [a3f9250e-d589-4d23-8f76-3d1d54b6f453@group-6799D91081E1-LeaderElection65] INFO  impl.RaftServerImpl (RaftServerImpl.java:setRole(170)) - a3f9250e-d589-4d23-8f76-3d1d54b6f453@group-6799D91081E1: changes role from CANDIDATE to LEADER at term 1 for changeToLeader
2019-10-11 07:35:17,044 [b749c4c9-dc72-43f4-ab80-303d15046f89@group-6799D91081E1-LeaderElection66] INFO  impl.RoleInfo (RoleInfo.java:updateAndGet(143)) - b749c4c9-dc72-43f4-ab80-303d15046f89: start FollowerState
2019-10-11 07:35:17,044 [a3f9250e-d589-4d23-8f76-3d1d54b6f453@group-6799D91081E1-LeaderElection65] INFO  impl.RaftServerImpl (ServerState.java:setLeader(255)) - a3f9250e-d589-4d23-8f76-3d1d54b6f453@group-6799D91081E1: change Leader from null to a3f9250e-d589-4d23-8f76-3d1d54b6f453 at term 1 for becomeLeader, leader elected after 5184ms
2019-10-11 07:35:17,045 [a3f9250e-d589-4d23-8f76-3d1d54b6f453@group-6799D91081E1-LeaderElection65] INFO  server.RaftServerConfigKeys (ConfUtils.java:logGet(43)) - raft.server.staging.catchup.gap = 1000 (default)
2019-10-11 07:35:17,045 [a3f9250e-d589-4d23-8f76-3d1d54b6f453@group-6799D91081E1-LeaderElection65] INFO  server.RaftServerConfigKeys (ConfUtils.java:logGet(43)) - raft.server.rpc.sleep.time = 25ms (default)
2019-10-11 07:35:17,045 [a3f9250e-d589-4d23-8f76-3d1d54b6f453@group-6799D91081E1-LeaderElection65] INFO  server.RaftServerConfigKeys (ConfUtils.java:logGet(43)) - raft.server.write.element-limit = 4096 (default)
2019-10-11 07:35:17,045 [a3f9250e-d589-4d23-8f76-3d1d54b6f453@group-6799D91081E1-LeaderElection65] INFO  server.RaftServerConfigKeys (ConfUtils.java:logGet(43)) - raft.server.watch.timeout = 10s (default)
2019-10-11 07:35:17,045 [a3f9250e-d589-4d23-8f76-3d1d54b6f453@group-6799D91081E1-LeaderElection65] INFO  server.RaftServerConfigKeys (ConfUtils.java:logGet(43)) - raft.server.watch.timeout.denomination = 1s (default)
2019-10-11 07:35:17,046 [a3f9250e-d589-4d23-8f76-3d1d54b6f453@group-6799D91081E1-LeaderElection65] INFO  server.RaftServerConfigKeys (ConfUtils.java:logGet(43)) - raft.server.watch.element-limit = 65536 (default)
2019-10-11 07:35:17,048 [a3f9250e-d589-4d23-8f76-3d1d54b6f453@group-6799D91081E1-LeaderElection65] INFO  server.RaftServerConfigKeys (ConfUtils.java:logGet(43)) - raft.server.log.appender.snapshot.chunk.size.max = 16MB (=16777216) (default)
2019-10-11 07:35:17,048 [a3f9250e-d589-4d23-8f76-3d1d54b6f453@group-6799D91081E1-LeaderElection65] INFO  server.RaftServerConfigKeys (ConfUtils.java:logGet(43)) - raft.server.log.appender.buffer.byte-limit = 33554432 (custom)
2019-10-11 07:35:17,048 [a3f9250e-d589-4d23-8f76-3d1d54b6f453@group-6799D91081E1-LeaderElection65] INFO  server.RaftServerConfigKeys (ConfUtils.java:logGet(43)) - raft.server.log.appender.buffer.element-limit = 1 (custom)
2019-10-11 07:35:17,049 [a3f9250e-d589-4d23-8f76-3d1d54b6f453@group-6799D91081E1-LeaderElection65] INFO  grpc.GrpcConfigKeys$Server (ConfUtils.java:logGet(43)) - raft.grpc.server.leader.outstanding.appends.max = 128 (default)
2019-10-11 07:35:17,049 [a3f9250e-d589-4d23-8f76-3d1d54b6f453@group-6799D91081E1-LeaderElection65] INFO  server.RaftServerConfigKeys (ConfUtils.java:logGet(43)) - raft.server.rpc.request.timeout = 3000ms (default)
2019-10-11 07:35:17,049 [a3f9250e-d589-4d23-8f76-3d1d54b6f453@group-6799D91081E1-LeaderElection65] INFO  server.RaftServerConfigKeys (ConfUtils.java:logGet(43)) - raft.server.log.appender.install.snapshot.enabled = false (custom)
2019-10-11 07:35:17,050 [a3f9250e-d589-4d23-8f76-3d1d54b6f453@group-6799D91081E1-LeaderElection65] INFO  server.RaftServerConfigKeys (ConfUtils.java:logGet(43)) - raft.server.log.appender.snapshot.chunk.size.max = 16MB (=16777216) (default)
2019-10-11 07:35:17,050 [a3f9250e-d589-4d23-8f76-3d1d54b6f453@group-6799D91081E1-LeaderElection65] INFO  server.RaftServerConfigKeys (ConfUtils.java:logGet(43)) - raft.server.log.appender.buffer.byte-limit = 33554432 (custom)
2019-10-11 07:35:17,050 [a3f9250e-d589-4d23-8f76-3d1d54b6f453@group-6799D91081E1-LeaderElection65] INFO  server.RaftServerConfigKeys (ConfUtils.java:logGet(43)) - raft.server.log.appender.buffer.element-limit = 1 (custom)
2019-10-11 07:35:17,050 [a3f9250e-d589-4d23-8f76-3d1d54b6f453@group-6799D91081E1-LeaderElection65] INFO  grpc.GrpcConfigKeys$Server (ConfUtils.java:logGet(43)) - raft.grpc.server.leader.outstanding.appends.max = 128 (default)
2019-10-11 07:35:17,051 [a3f9250e-d589-4d23-8f76-3d1d54b6f453@group-6799D91081E1-LeaderElection65] INFO  server.RaftServerConfigKeys (ConfUtils.java:logGet(43)) - raft.server.rpc.request.timeout = 3000ms (default)
2019-10-11 07:35:17,051 [a3f9250e-d589-4d23-8f76-3d1d54b6f453@group-6799D91081E1-LeaderElection65] INFO  server.RaftServerConfigKeys (ConfUtils.java:logGet(43)) - raft.server.log.appender.install.snapshot.enabled = false (custom)
2019-10-11 07:35:17,051 [a3f9250e-d589-4d23-8f76-3d1d54b6f453@group-6799D91081E1-LeaderElection65] INFO  impl.RoleInfo (RoleInfo.java:updateAndGet(143)) - a3f9250e-d589-4d23-8f76-3d1d54b6f453: start LeaderState
2019-10-11 07:35:17,052 [a3f9250e-d589-4d23-8f76-3d1d54b6f453@group-6799D91081E1-LeaderElection65] INFO  segmented.SegmentedRaftLogWorker (SegmentedRaftLogWorker.java:startLogSegment(385)) - a3f9250e-d589-4d23-8f76-3d1d54b6f453@group-6799D91081E1-SegmentedRaftLogWorker: Starting segment from index:0
2019-10-11 07:35:17,053 [a3f9250e-d589-4d23-8f76-3d1d54b6f453@group-6799D91081E1-LeaderElection65] INFO  impl.RaftServerImpl (ServerState.java:setRaftConf(356)) - a3f9250e-d589-4d23-8f76-3d1d54b6f453@group-6799D91081E1: set configuration 0: [b749c4c9-dc72-43f4-ab80-303d15046f89:192.168.164.209:35267, 8acf1b93-5a98-4af7-bf94-e05f3d01800a:192.168.164.209:44902, a3f9250e-d589-4d23-8f76-3d1d54b6f453:192.168.164.209:41727], old=null at 0
2019-10-11 07:35:17,054 [grpc-default-executor-6] INFO  impl.RaftServerImpl (ServerState.java:setLeader(255)) - b749c4c9-dc72-43f4-ab80-303d15046f89@group-6799D91081E1: change Leader from null to a3f9250e-d589-4d23-8f76-3d1d54b6f453 at term 1 for appendEntries, leader elected after 5195ms
2019-10-11 07:35:17,055 [grpc-default-executor-2] INFO  impl.RaftServerImpl (ServerState.java:setLeader(255)) - 8acf1b93-5a98-4af7-bf94-e05f3d01800a@group-6799D91081E1: change Leader from null to a3f9250e-d589-4d23-8f76-3d1d54b6f453 at term 1 for appendEntries, leader elected after 5195ms
2019-10-11 07:35:17,057 [d4e9d99a-b039-46d3-8051-60a60674dea5@group-003A427D8BA1-SegmentedRaftLogWorker] INFO  segmented.SegmentedRaftLogWorker (SegmentedRaftLogWorker.java:execute(574)) - d4e9d99a-b039-46d3-8051-60a60674dea5@group-003A427D8BA1-SegmentedRaftLogWorker: created new log segment /workdir/hadoop-ozone/integration-test/target/test-dir/MiniOzoneClusterImpl-b5204cf2-bad7-4711-9a54-58405b1ee90d/datanode-5/data/ratis/74bf1228-5b4e-4825-ae4b-003a427d8ba1/current/log_inprogress_0
2019-10-11 07:35:17,057 [grpc-default-executor-6] INFO  impl.RaftServerImpl (ServerState.java:setRaftConf(356)) - 8acf1b93-5a98-4af7-bf94-e05f3d01800a@group-6799D91081E1: set configuration 0: [b749c4c9-dc72-43f4-ab80-303d15046f89:192.168.164.209:35267, 8acf1b93-5a98-4af7-bf94-e05f3d01800a:192.168.164.209:44902, a3f9250e-d589-4d23-8f76-3d1d54b6f453:192.168.164.209:41727], old=null at 0
2019-10-11 07:35:17,057 [grpc-default-executor-2] INFO  impl.RaftServerImpl (ServerState.java:setRaftConf(356)) - b749c4c9-dc72-43f4-ab80-303d15046f89@group-6799D91081E1: set configuration 0: [b749c4c9-dc72-43f4-ab80-303d15046f89:192.168.164.209:35267, 8acf1b93-5a98-4af7-bf94-e05f3d01800a:192.168.164.209:44902, a3f9250e-d589-4d23-8f76-3d1d54b6f453:192.168.164.209:41727], old=null at 0
2019-10-11 07:35:17,058 [grpc-default-executor-6] INFO  segmented.SegmentedRaftLogWorker (SegmentedRaftLogWorker.java:startLogSegment(385)) - 8acf1b93-5a98-4af7-bf94-e05f3d01800a@group-6799D91081E1-SegmentedRaftLogWorker: Starting segment from index:0
2019-10-11 07:35:17,058 [grpc-default-executor-2] INFO  segmented.SegmentedRaftLogWorker (SegmentedRaftLogWorker.java:startLogSegment(385)) - b749c4c9-dc72-43f4-ab80-303d15046f89@group-6799D91081E1-SegmentedRaftLogWorker: Starting segment from index:0
2019-10-11 07:35:17,087 [Thread-2953] INFO  impl.FollowerState (FollowerState.java:run(108)) - 4d415cff-0964-4c64-a0ba-bf5399f54beb@group-B6E563493923-FollowerState: change to CANDIDATE, lastRpcTime:5118ms, electionTimeout:5118ms
2019-10-11 07:35:17,087 [Thread-2953] INFO  impl.RoleInfo (RoleInfo.java:shutdownFollowerState(121)) - 4d415cff-0964-4c64-a0ba-bf5399f54beb: shutdown FollowerState
2019-10-11 07:35:17,087 [Thread-2953] INFO  impl.RaftServerImpl (RaftServerImpl.java:setRole(170)) - 4d415cff-0964-4c64-a0ba-bf5399f54beb@group-B6E563493923: changes role from  FOLLOWER to CANDIDATE at term 0 for changeToCandidate
2019-10-11 07:35:17,088 [Thread-2953] INFO  impl.RoleInfo (RoleInfo.java:updateAndGet(143)) - 4d415cff-0964-4c64-a0ba-bf5399f54beb: start LeaderElection
2019-10-11 07:35:17,101 [Thread-2958] INFO  impl.FollowerState (FollowerState.java:run(108)) - 672bb6f8-5131-4da7-8320-8bbddbc4a98b@group-B6E563493923-FollowerState: change to CANDIDATE, lastRpcTime:5128ms, electionTimeout:5124ms
2019-10-11 07:35:17,101 [Thread-2958] INFO  impl.RoleInfo (RoleInfo.java:shutdownFollowerState(121)) - 672bb6f8-5131-4da7-8320-8bbddbc4a98b: shutdown FollowerState
2019-10-11 07:35:17,101 [Thread-2958] INFO  impl.RaftServerImpl (RaftServerImpl.java:setRole(170)) - 672bb6f8-5131-4da7-8320-8bbddbc4a98b@group-B6E563493923: changes role from  FOLLOWER to CANDIDATE at term 0 for changeToCandidate
2019-10-11 07:35:17,104 [Thread-2958] INFO  impl.RoleInfo (RoleInfo.java:updateAndGet(143)) - 672bb6f8-5131-4da7-8320-8bbddbc4a98b: start LeaderElection
2019-10-11 07:35:17,124 [b749c4c9-dc72-43f4-ab80-303d15046f89@group-6799D91081E1-SegmentedRaftLogWorker] INFO  segmented.SegmentedRaftLogWorker (SegmentedRaftLogWorker.java:execute(574)) - b749c4c9-dc72-43f4-ab80-303d15046f89@group-6799D91081E1-SegmentedRaftLogWorker: created new log segment /workdir/hadoop-ozone/integration-test/target/test-dir/MiniOzoneClusterImpl-b5204cf2-bad7-4711-9a54-58405b1ee90d/datanode-2/data/ratis/b35b295e-ebcf-4543-be69-6799d91081e1/current/log_inprogress_0
2019-10-11 07:35:17,125 [672bb6f8-5131-4da7-8320-8bbddbc4a98b@group-B6E563493923-LeaderElection69] INFO  impl.LeaderElection (LeaderElection.java:askForVotes(178)) - 672bb6f8-5131-4da7-8320-8bbddbc4a98b@group-B6E563493923-LeaderElection69: begin an election at term 1 for -1: [4d415cff-0964-4c64-a0ba-bf5399f54beb:192.168.164.209:36258, def6d75b-2bd6-4a47-993f-f7560187f71d:192.168.164.209:35462, 672bb6f8-5131-4da7-8320-8bbddbc4a98b:192.168.164.209:42241], old=null
2019-10-11 07:35:17,125 [4d415cff-0964-4c64-a0ba-bf5399f54beb@group-B6E563493923-LeaderElection68] INFO  impl.LeaderElection (LeaderElection.java:askForVotes(178)) - 4d415cff-0964-4c64-a0ba-bf5399f54beb@group-B6E563493923-LeaderElection68: begin an election at term 1 for -1: [4d415cff-0964-4c64-a0ba-bf5399f54beb:192.168.164.209:36258, def6d75b-2bd6-4a47-993f-f7560187f71d:192.168.164.209:35462, 672bb6f8-5131-4da7-8320-8bbddbc4a98b:192.168.164.209:42241], old=null
2019-10-11 07:35:17,124 [8acf1b93-5a98-4af7-bf94-e05f3d01800a@group-6799D91081E1-SegmentedRaftLogWorker] INFO  segmented.SegmentedRaftLogWorker (SegmentedRaftLogWorker.java:execute(574)) - 8acf1b93-5a98-4af7-bf94-e05f3d01800a@group-6799D91081E1-SegmentedRaftLogWorker: created new log segment /workdir/hadoop-ozone/integration-test/target/test-dir/MiniOzoneClusterImpl-b5204cf2-bad7-4711-9a54-58405b1ee90d/datanode-3/data/ratis/b35b295e-ebcf-4543-be69-6799d91081e1/current/log_inprogress_0
2019-10-11 07:35:17,124 [a3f9250e-d589-4d23-8f76-3d1d54b6f453@group-6799D91081E1-SegmentedRaftLogWorker] INFO  segmented.SegmentedRaftLogWorker (SegmentedRaftLogWorker.java:execute(574)) - a3f9250e-d589-4d23-8f76-3d1d54b6f453@group-6799D91081E1-SegmentedRaftLogWorker: created new log segment /workdir/hadoop-ozone/integration-test/target/test-dir/MiniOzoneClusterImpl-b5204cf2-bad7-4711-9a54-58405b1ee90d/datanode-4/data/ratis/b35b295e-ebcf-4543-be69-6799d91081e1/current/log_inprogress_0
2019-10-11 07:35:17,129 [grpc-default-executor-8] INFO  impl.RaftServerImpl (RaftServerImpl.java:setRole(170)) - def6d75b-2bd6-4a47-993f-f7560187f71d@group-B6E563493923: changes role from  FOLLOWER to FOLLOWER at term 1 for recognizeCandidate:672bb6f8-5131-4da7-8320-8bbddbc4a98b
2019-10-11 07:35:17,129 [grpc-default-executor-8] INFO  impl.RoleInfo (RoleInfo.java:shutdownFollowerState(121)) - def6d75b-2bd6-4a47-993f-f7560187f71d: shutdown FollowerState
2019-10-11 07:35:17,129 [grpc-default-executor-8] INFO  impl.RoleInfo (RoleInfo.java:updateAndGet(143)) - def6d75b-2bd6-4a47-993f-f7560187f71d: start FollowerState
2019-10-11 07:35:17,129 [Thread-2957] INFO  impl.FollowerState (FollowerState.java:run(117)) - def6d75b-2bd6-4a47-993f-f7560187f71d@group-B6E563493923-FollowerState was interrupted: java.lang.InterruptedException: sleep interrupted
2019-10-11 07:35:17,151 [672bb6f8-5131-4da7-8320-8bbddbc4a98b@group-B6E563493923-LeaderElection69] INFO  impl.LeaderElection (LeaderElection.java:logAndReturn(56)) - 672bb6f8-5131-4da7-8320-8bbddbc4a98b@group-B6E563493923-LeaderElection69: Election PASSED; received 2 response(s) [672bb6f8-5131-4da7-8320-8bbddbc4a98b<-4d415cff-0964-4c64-a0ba-bf5399f54beb#0:FAIL-t1, 672bb6f8-5131-4da7-8320-8bbddbc4a98b<-def6d75b-2bd6-4a47-993f-f7560187f71d#0:OK-t1] and 0 exception(s); 672bb6f8-5131-4da7-8320-8bbddbc4a98b@group-B6E563493923:t1, leader=null, voted=672bb6f8-5131-4da7-8320-8bbddbc4a98b, raftlog=672bb6f8-5131-4da7-8320-8bbddbc4a98b@group-B6E563493923-SegmentedRaftLog:OPENED:c-1,f-1,i0, conf=-1: [4d415cff-0964-4c64-a0ba-bf5399f54beb:192.168.164.209:36258, def6d75b-2bd6-4a47-993f-f7560187f71d:192.168.164.209:35462, 672bb6f8-5131-4da7-8320-8bbddbc4a98b:192.168.164.209:42241], old=null
2019-10-11 07:35:17,151 [672bb6f8-5131-4da7-8320-8bbddbc4a98b@group-B6E563493923-LeaderElection69] INFO  impl.RoleInfo (RoleInfo.java:shutdownLeaderElection(134)) - 672bb6f8-5131-4da7-8320-8bbddbc4a98b: shutdown LeaderElection
2019-10-11 07:35:17,151 [672bb6f8-5131-4da7-8320-8bbddbc4a98b@group-B6E563493923-LeaderElection69] INFO  impl.RaftServerImpl (RaftServerImpl.java:setRole(170)) - 672bb6f8-5131-4da7-8320-8bbddbc4a98b@group-B6E563493923: changes role from CANDIDATE to LEADER at term 1 for changeToLeader
2019-10-11 07:35:17,151 [4d415cff-0964-4c64-a0ba-bf5399f54beb@group-B6E563493923-LeaderElection68] INFO  impl.LeaderElection (LeaderElection.java:logAndReturn(56)) - 4d415cff-0964-4c64-a0ba-bf5399f54beb@group-B6E563493923-LeaderElection68: Election REJECTED; received 2 response(s) [4d415cff-0964-4c64-a0ba-bf5399f54beb<-def6d75b-2bd6-4a47-993f-f7560187f71d#0:FAIL-t1, 4d415cff-0964-4c64-a0ba-bf5399f54beb<-672bb6f8-5131-4da7-8320-8bbddbc4a98b#0:FAIL-t1] and 0 exception(s); 4d415cff-0964-4c64-a0ba-bf5399f54beb@group-B6E563493923:t1, leader=null, voted=4d415cff-0964-4c64-a0ba-bf5399f54beb, raftlog=4d415cff-0964-4c64-a0ba-bf5399f54beb@group-B6E563493923-SegmentedRaftLog:OPENED:c-1,f-1,i0, conf=-1: [4d415cff-0964-4c64-a0ba-bf5399f54beb:192.168.164.209:36258, def6d75b-2bd6-4a47-993f-f7560187f71d:192.168.164.209:35462, 672bb6f8-5131-4da7-8320-8bbddbc4a98b:192.168.164.209:42241], old=null
2019-10-11 07:35:17,151 [672bb6f8-5131-4da7-8320-8bbddbc4a98b@group-B6E563493923-LeaderElection69] INFO  impl.RaftServerImpl (ServerState.java:setLeader(255)) - 672bb6f8-5131-4da7-8320-8bbddbc4a98b@group-B6E563493923: change Leader from null to 672bb6f8-5131-4da7-8320-8bbddbc4a98b at term 1 for becomeLeader, leader elected after 5190ms
2019-10-11 07:35:17,154 [4d415cff-0964-4c64-a0ba-bf5399f54beb@group-B6E563493923-LeaderElection68] INFO  impl.RaftServerImpl (RaftServerImpl.java:setRole(170)) - 4d415cff-0964-4c64-a0ba-bf5399f54beb@group-B6E563493923: changes role from CANDIDATE to FOLLOWER at term 1 for DISCOVERED_A_NEW_TERM
2019-10-11 07:35:17,157 [672bb6f8-5131-4da7-8320-8bbddbc4a98b@group-B6E563493923-LeaderElection69] INFO  server.RaftServerConfigKeys (ConfUtils.java:logGet(43)) - raft.server.staging.catchup.gap = 1000 (default)
2019-10-11 07:35:17,157 [4d415cff-0964-4c64-a0ba-bf5399f54beb@group-B6E563493923-LeaderElection68] INFO  impl.RoleInfo (RoleInfo.java:shutdownLeaderElection(134)) - 4d415cff-0964-4c64-a0ba-bf5399f54beb: shutdown LeaderElection
2019-10-11 07:35:17,157 [672bb6f8-5131-4da7-8320-8bbddbc4a98b@group-B6E563493923-LeaderElection69] INFO  server.RaftServerConfigKeys (ConfUtils.java:logGet(43)) - raft.server.rpc.sleep.time = 25ms (default)
2019-10-11 07:35:17,157 [4d415cff-0964-4c64-a0ba-bf5399f54beb@group-B6E563493923-LeaderElection68] INFO  impl.RoleInfo (RoleInfo.java:updateAndGet(143)) - 4d415cff-0964-4c64-a0ba-bf5399f54beb: start FollowerState
2019-10-11 07:35:17,157 [672bb6f8-5131-4da7-8320-8bbddbc4a98b@group-B6E563493923-LeaderElection69] INFO  server.RaftServerConfigKeys (ConfUtils.java:logGet(43)) - raft.server.write.element-limit = 4096 (default)
2019-10-11 07:35:17,158 [672bb6f8-5131-4da7-8320-8bbddbc4a98b@group-B6E563493923-LeaderElection69] INFO  server.RaftServerConfigKeys (ConfUtils.java:logGet(43)) - raft.server.watch.timeout = 10s (default)
2019-10-11 07:35:17,158 [672bb6f8-5131-4da7-8320-8bbddbc4a98b@group-B6E563493923-LeaderElection69] INFO  server.RaftServerConfigKeys (ConfUtils.java:logGet(43)) - raft.server.watch.timeout.denomination = 1s (default)
2019-10-11 07:35:17,158 [672bb6f8-5131-4da7-8320-8bbddbc4a98b@group-B6E563493923-LeaderElection69] INFO  server.RaftServerConfigKeys (ConfUtils.java:logGet(43)) - raft.server.watch.element-limit = 65536 (default)
2019-10-11 07:35:17,159 [672bb6f8-5131-4da7-8320-8bbddbc4a98b@group-B6E563493923-LeaderElection69] INFO  server.RaftServerConfigKeys (ConfUtils.java:logGet(43)) - raft.server.log.appender.snapshot.chunk.size.max = 16MB (=16777216) (default)
2019-10-11 07:35:17,159 [672bb6f8-5131-4da7-8320-8bbddbc4a98b@group-B6E563493923-LeaderElection69] INFO  server.RaftServerConfigKeys (ConfUtils.java:logGet(43)) - raft.server.log.appender.buffer.byte-limit = 33554432 (custom)
2019-10-11 07:35:17,160 [672bb6f8-5131-4da7-8320-8bbddbc4a98b@group-B6E563493923-LeaderElection69] INFO  server.RaftServerConfigKeys (ConfUtils.java:logGet(43)) - raft.server.log.appender.buffer.element-limit = 1 (custom)
2019-10-11 07:35:17,160 [672bb6f8-5131-4da7-8320-8bbddbc4a98b@group-B6E563493923-LeaderElection69] INFO  grpc.GrpcConfigKeys$Server (ConfUtils.java:logGet(43)) - raft.grpc.server.leader.outstanding.appends.max = 128 (default)
2019-10-11 07:35:17,160 [672bb6f8-5131-4da7-8320-8bbddbc4a98b@group-B6E563493923-LeaderElection69] INFO  server.RaftServerConfigKeys (ConfUtils.java:logGet(43)) - raft.server.rpc.request.timeout = 3000ms (default)
2019-10-11 07:35:17,160 [672bb6f8-5131-4da7-8320-8bbddbc4a98b@group-B6E563493923-LeaderElection69] INFO  server.RaftServerConfigKeys (ConfUtils.java:logGet(43)) - raft.server.log.appender.install.snapshot.enabled = false (custom)
2019-10-11 07:35:17,160 [672bb6f8-5131-4da7-8320-8bbddbc4a98b@group-B6E563493923-LeaderElection69] INFO  server.RaftServerConfigKeys (ConfUtils.java:logGet(43)) - raft.server.log.appender.snapshot.chunk.size.max = 16MB (=16777216) (default)
2019-10-11 07:35:17,160 [672bb6f8-5131-4da7-8320-8bbddbc4a98b@group-B6E563493923-LeaderElection69] INFO  server.RaftServerConfigKeys (ConfUtils.java:logGet(43)) - raft.server.log.appender.buffer.byte-limit = 33554432 (custom)
2019-10-11 07:35:17,161 [672bb6f8-5131-4da7-8320-8bbddbc4a98b@group-B6E563493923-LeaderElection69] INFO  server.RaftServerConfigKeys (ConfUtils.java:logGet(43)) - raft.server.log.appender.buffer.element-limit = 1 (custom)
2019-10-11 07:35:17,161 [672bb6f8-5131-4da7-8320-8bbddbc4a98b@group-B6E563493923-LeaderElection69] INFO  grpc.GrpcConfigKeys$Server (ConfUtils.java:logGet(43)) - raft.grpc.server.leader.outstanding.appends.max = 128 (default)
2019-10-11 07:35:17,161 [672bb6f8-5131-4da7-8320-8bbddbc4a98b@group-B6E563493923-LeaderElection69] INFO  server.RaftServerConfigKeys (ConfUtils.java:logGet(43)) - raft.server.rpc.request.timeout = 3000ms (default)
2019-10-11 07:35:17,161 [672bb6f8-5131-4da7-8320-8bbddbc4a98b@group-B6E563493923-LeaderElection69] INFO  server.RaftServerConfigKeys (ConfUtils.java:logGet(43)) - raft.server.log.appender.install.snapshot.enabled = false (custom)
2019-10-11 07:35:17,161 [672bb6f8-5131-4da7-8320-8bbddbc4a98b@group-B6E563493923-LeaderElection69] INFO  impl.RoleInfo (RoleInfo.java:updateAndGet(143)) - 672bb6f8-5131-4da7-8320-8bbddbc4a98b: start LeaderState
2019-10-11 07:35:17,161 [672bb6f8-5131-4da7-8320-8bbddbc4a98b@group-B6E563493923-LeaderElection69] INFO  segmented.SegmentedRaftLogWorker (SegmentedRaftLogWorker.java:startLogSegment(385)) - 672bb6f8-5131-4da7-8320-8bbddbc4a98b@group-B6E563493923-SegmentedRaftLogWorker: Starting segment from index:0
2019-10-11 07:35:17,162 [672bb6f8-5131-4da7-8320-8bbddbc4a98b@group-B6E563493923-LeaderElection69] INFO  impl.RaftServerImpl (ServerState.java:setRaftConf(356)) - 672bb6f8-5131-4da7-8320-8bbddbc4a98b@group-B6E563493923: set configuration 0: [4d415cff-0964-4c64-a0ba-bf5399f54beb:192.168.164.209:36258, def6d75b-2bd6-4a47-993f-f7560187f71d:192.168.164.209:35462, 672bb6f8-5131-4da7-8320-8bbddbc4a98b:192.168.164.209:42241], old=null at 0
2019-10-11 07:35:17,163 [grpc-default-executor-4] INFO  impl.RaftServerImpl (ServerState.java:setLeader(255)) - 4d415cff-0964-4c64-a0ba-bf5399f54beb@group-B6E563493923: change Leader from null to 672bb6f8-5131-4da7-8320-8bbddbc4a98b at term 1 for appendEntries, leader elected after 5202ms
2019-10-11 07:35:17,163 [grpc-default-executor-4] INFO  impl.RaftServerImpl (ServerState.java:setLeader(255)) - def6d75b-2bd6-4a47-993f-f7560187f71d@group-B6E563493923: change Leader from null to 672bb6f8-5131-4da7-8320-8bbddbc4a98b at term 1 for appendEntries, leader elected after 5202ms
2019-10-11 07:35:17,165 [grpc-default-executor-4] INFO  impl.RaftServerImpl (ServerState.java:setRaftConf(356)) - 4d415cff-0964-4c64-a0ba-bf5399f54beb@group-B6E563493923: set configuration 0: [4d415cff-0964-4c64-a0ba-bf5399f54beb:192.168.164.209:36258, def6d75b-2bd6-4a47-993f-f7560187f71d:192.168.164.209:35462, 672bb6f8-5131-4da7-8320-8bbddbc4a98b:192.168.164.209:42241], old=null at 0
2019-10-11 07:35:17,165 [grpc-default-executor-4] INFO  segmented.SegmentedRaftLogWorker (SegmentedRaftLogWorker.java:startLogSegment(385)) - 4d415cff-0964-4c64-a0ba-bf5399f54beb@group-B6E563493923-SegmentedRaftLogWorker: Starting segment from index:0
2019-10-11 07:35:17,165 [grpc-default-executor-8] INFO  impl.RaftServerImpl (ServerState.java:setRaftConf(356)) - def6d75b-2bd6-4a47-993f-f7560187f71d@group-B6E563493923: set configuration 0: [4d415cff-0964-4c64-a0ba-bf5399f54beb:192.168.164.209:36258, def6d75b-2bd6-4a47-993f-f7560187f71d:192.168.164.209:35462, 672bb6f8-5131-4da7-8320-8bbddbc4a98b:192.168.164.209:42241], old=null at 0
2019-10-11 07:35:17,165 [grpc-default-executor-8] INFO  segmented.SegmentedRaftLogWorker (SegmentedRaftLogWorker.java:startLogSegment(385)) - def6d75b-2bd6-4a47-993f-f7560187f71d@group-B6E563493923-SegmentedRaftLogWorker: Starting segment from index:0
2019-10-11 07:35:17,217 [4d415cff-0964-4c64-a0ba-bf5399f54beb@group-B6E563493923-SegmentedRaftLogWorker] INFO  segmented.SegmentedRaftLogWorker (SegmentedRaftLogWorker.java:execute(574)) - 4d415cff-0964-4c64-a0ba-bf5399f54beb@group-B6E563493923-SegmentedRaftLogWorker: created new log segment /workdir/hadoop-ozone/integration-test/target/test-dir/MiniOzoneClusterImpl-b5204cf2-bad7-4711-9a54-58405b1ee90d/datanode-1/data/ratis/632ea63f-7cf4-4be4-bfda-b6e563493923/current/log_inprogress_0
2019-10-11 07:35:17,217 [672bb6f8-5131-4da7-8320-8bbddbc4a98b@group-B6E563493923-SegmentedRaftLogWorker] INFO  segmented.SegmentedRaftLogWorker (SegmentedRaftLogWorker.java:execute(574)) - 672bb6f8-5131-4da7-8320-8bbddbc4a98b@group-B6E563493923-SegmentedRaftLogWorker: created new log segment /workdir/hadoop-ozone/integration-test/target/test-dir/MiniOzoneClusterImpl-b5204cf2-bad7-4711-9a54-58405b1ee90d/datanode-6/data/ratis/632ea63f-7cf4-4be4-bfda-b6e563493923/current/log_inprogress_0
2019-10-11 07:35:17,217 [def6d75b-2bd6-4a47-993f-f7560187f71d@group-B6E563493923-SegmentedRaftLogWorker] INFO  segmented.SegmentedRaftLogWorker (SegmentedRaftLogWorker.java:execute(574)) - def6d75b-2bd6-4a47-993f-f7560187f71d@group-B6E563493923-SegmentedRaftLogWorker: created new log segment /workdir/hadoop-ozone/integration-test/target/test-dir/MiniOzoneClusterImpl-b5204cf2-bad7-4711-9a54-58405b1ee90d/datanode-0/data/ratis/632ea63f-7cf4-4be4-bfda-b6e563493923/current/log_inprogress_0
2019-10-11 07:35:19,240 [Datanode State Machine Thread - 0] INFO  statemachine.DatanodeStateMachine (DatanodeStateMachine.java:lambda$startDaemon$0(350)) - Ozone container server started.
2019-10-11 07:35:23,257 [EventQueue-StaleNodeForStaleNodeHandler] INFO  node.StaleNodeHandler (StaleNodeHandler.java:onMessage(58)) - Datanode 672bb6f8-5131-4da7-8320-8bbddbc4a98b{ip: 192.168.164.209, host: pr-hdds-2206-npvv8-3563359771, networkLocation: /default-rack, certSerialId: null} moved to stale state. Finalizing its pipelines [PipelineID=632ea63f-7cf4-4be4-bfda-b6e563493923, PipelineID=f5071804-d603-44bc-8aac-ed35e500cdb9]
2019-10-11 07:35:23,258 [EventQueue-StaleNodeForStaleNodeHandler] INFO  pipeline.SCMPipelineManager (SCMPipelineManager.java:finalizeAndDestroyPipeline(315)) - destroying pipeline:Pipeline[ Id: 632ea63f-7cf4-4be4-bfda-b6e563493923, Nodes: 672bb6f8-5131-4da7-8320-8bbddbc4a98b{ip: 192.168.164.209, host: pr-hdds-2206-npvv8-3563359771, networkLocation: /default-rack, certSerialId: null}4d415cff-0964-4c64-a0ba-bf5399f54beb{ip: 192.168.164.209, host: pr-hdds-2206-npvv8-3563359771, networkLocation: /default-rack, certSerialId: null}def6d75b-2bd6-4a47-993f-f7560187f71d{ip: 192.168.164.209, host: pr-hdds-2206-npvv8-3563359771, networkLocation: /default-rack, certSerialId: null}, Type:RATIS, Factor:THREE, State:OPEN]
2019-10-11 07:35:23,258 [EventQueue-StaleNodeForStaleNodeHandler] INFO  pipeline.PipelineStateManager (PipelineStateManager.java:finalizePipeline(123)) - Pipeline Pipeline[ Id: 632ea63f-7cf4-4be4-bfda-b6e563493923, Nodes: 672bb6f8-5131-4da7-8320-8bbddbc4a98b{ip: 192.168.164.209, host: pr-hdds-2206-npvv8-3563359771, networkLocation: /default-rack, certSerialId: null}4d415cff-0964-4c64-a0ba-bf5399f54beb{ip: 192.168.164.209, host: pr-hdds-2206-npvv8-3563359771, networkLocation: /default-rack, certSerialId: null}def6d75b-2bd6-4a47-993f-f7560187f71d{ip: 192.168.164.209, host: pr-hdds-2206-npvv8-3563359771, networkLocation: /default-rack, certSerialId: null}, Type:RATIS, Factor:THREE, State:CLOSED] moved to CLOSED state
2019-10-11 07:35:23,259 [EventQueue-CloseContainerForCloseContainerEventHandler] INFO  container.CloseContainerEventHandler (CloseContainerEventHandler.java:onMessage(61)) - Close container Event triggered for container : #1
2019-10-11 07:35:23,264 [EventQueue-StaleNodeForStaleNodeHandler] INFO  pipeline.SCMPipelineManager (SCMPipelineManager.java:finalizeAndDestroyPipeline(315)) - destroying pipeline:Pipeline[ Id: f5071804-d603-44bc-8aac-ed35e500cdb9, Nodes: 672bb6f8-5131-4da7-8320-8bbddbc4a98b{ip: 192.168.164.209, host: pr-hdds-2206-npvv8-3563359771, networkLocation: /default-rack, certSerialId: null}, Type:RATIS, Factor:ONE, State:OPEN]
2019-10-11 07:35:23,267 [EventQueue-StaleNodeForStaleNodeHandler] INFO  pipeline.PipelineStateManager (PipelineStateManager.java:finalizePipeline(123)) - Pipeline Pipeline[ Id: f5071804-d603-44bc-8aac-ed35e500cdb9, Nodes: 672bb6f8-5131-4da7-8320-8bbddbc4a98b{ip: 192.168.164.209, host: pr-hdds-2206-npvv8-3563359771, networkLocation: /default-rack, certSerialId: null}, Type:RATIS, Factor:ONE, State:CLOSED] moved to CLOSED state
2019-10-11 07:35:23,526 [main] INFO  ozoneimpl.OzoneContainer (OzoneContainer.java:stop(227)) - Attempting to stop container services.
2019-10-11 07:35:23,527 [main] INFO  impl.RaftServerProxy (RaftServerProxy.java:lambda$close$4(314)) - 672bb6f8-5131-4da7-8320-8bbddbc4a98b: close
2019-10-11 07:35:23,528 [main] INFO  impl.RaftServerImpl (RaftServerImpl.java:lambda$shutdown$3(247)) - 672bb6f8-5131-4da7-8320-8bbddbc4a98b@group-B6E563493923: shutdown
2019-10-11 07:35:23,528 [ForkJoinPool.commonPool-worker-1] INFO  impl.RaftServerImpl (RaftServerImpl.java:lambda$shutdown$3(247)) - 672bb6f8-5131-4da7-8320-8bbddbc4a98b@group-ED35E500CDB9: shutdown
2019-10-11 07:35:23,528 [main] INFO  util.JmxRegister (JmxRegister.java:unregister(73)) - Successfully un-registered JMX Bean with object name Ratis:service=RaftServer,group=group-B6E563493923,id=672bb6f8-5131-4da7-8320-8bbddbc4a98b
2019-10-11 07:35:23,529 [ForkJoinPool.commonPool-worker-1] INFO  util.JmxRegister (JmxRegister.java:unregister(73)) - Successfully un-registered JMX Bean with object name Ratis:service=RaftServer,group=group-ED35E500CDB9,id=672bb6f8-5131-4da7-8320-8bbddbc4a98b
2019-10-11 07:35:23,529 [main] INFO  impl.RoleInfo (RoleInfo.java:shutdownLeaderState(104)) - 672bb6f8-5131-4da7-8320-8bbddbc4a98b: shutdown LeaderState
2019-10-11 07:35:23,529 [ForkJoinPool.commonPool-worker-1] INFO  impl.RoleInfo (RoleInfo.java:shutdownLeaderState(104)) - 672bb6f8-5131-4da7-8320-8bbddbc4a98b: shutdown LeaderState
2019-10-11 07:35:23,537 [main] INFO  impl.PendingRequests (PendingRequests.java:sendNotLeaderResponses(202)) - 672bb6f8-5131-4da7-8320-8bbddbc4a98b@group-B6E563493923-PendingRequests: sendNotLeaderResponses
2019-10-11 07:35:23,537 [ForkJoinPool.commonPool-worker-1] INFO  impl.PendingRequests (PendingRequests.java:sendNotLeaderResponses(202)) - 672bb6f8-5131-4da7-8320-8bbddbc4a98b@group-ED35E500CDB9-PendingRequests: sendNotLeaderResponses
2019-10-11 07:35:23,537 [org.apache.ratis.server.impl.LogAppender$AppenderDaemon$$Lambda$521/302733554@644701] WARN  server.GrpcLogAppender (GrpcLogAppender.java:mayWait(143)) - 672bb6f8-5131-4da7-8320-8bbddbc4a98b@group-B6E563493923->def6d75b-2bd6-4a47-993f-f7560187f71d-GrpcLogAppender: Wait interrupted by java.lang.InterruptedException
2019-10-11 07:35:23,537 [org.apache.ratis.server.impl.LogAppender$AppenderDaemon$$Lambda$521/302733554@75631e73] WARN  server.GrpcLogAppender (GrpcLogAppender.java:mayWait(143)) - 672bb6f8-5131-4da7-8320-8bbddbc4a98b@group-B6E563493923->4d415cff-0964-4c64-a0ba-bf5399f54beb-GrpcLogAppender: Wait interrupted by java.lang.InterruptedException
2019-10-11 07:35:23,543 [672bb6f8-5131-4da7-8320-8bbddbc4a98b@group-B6E563493923-StateMachineUpdater] INFO  ratis.ContainerStateMachine (ContainerStateMachine.java:takeSnapshot(294)) - group-B6E563493923: Taking a snapshot at:(t:1, i:13) file /workdir/hadoop-ozone/integration-test/target/test-dir/MiniOzoneClusterImpl-b5204cf2-bad7-4711-9a54-58405b1ee90d/datanode-6/data/ratis/632ea63f-7cf4-4be4-bfda-b6e563493923/sm/snapshot.1_13
2019-10-11 07:35:23,543 [main] INFO  impl.StateMachineUpdater (StateMachineUpdater.java:stopAndJoin(136)) - 672bb6f8-5131-4da7-8320-8bbddbc4a98b@group-B6E563493923-StateMachineUpdater: set stopIndex = 15
2019-10-11 07:35:23,543 [ForkJoinPool.commonPool-worker-1] INFO  impl.StateMachineUpdater (StateMachineUpdater.java:stopAndJoin(136)) - 672bb6f8-5131-4da7-8320-8bbddbc4a98b@group-ED35E500CDB9-StateMachineUpdater: set stopIndex = 0
2019-10-11 07:35:23,544 [grpc-default-executor-4] INFO  server.GrpcServerProtocolService (GrpcServerProtocolService.java:onCompleted(113)) - def6d75b-2bd6-4a47-993f-f7560187f71d: Completed APPEND_ENTRIES, lastRequest: 672bb6f8-5131-4da7-8320-8bbddbc4a98b->def6d75b-2bd6-4a47-993f-f7560187f71d#18-t1, previous=(t:1, i:15), leaderCommit=15, initializing? false, entries: <empty>
2019-10-11 07:35:23,544 [grpc-default-executor-7] INFO  server.GrpcServerProtocolService (GrpcServerProtocolService.java:onCompleted(113)) - 4d415cff-0964-4c64-a0ba-bf5399f54beb: Completed APPEND_ENTRIES, lastRequest: 672bb6f8-5131-4da7-8320-8bbddbc4a98b->4d415cff-0964-4c64-a0ba-bf5399f54beb#18-t1, previous=(t:1, i:15), leaderCommit=15, initializing? false, entries: <empty>
2019-10-11 07:35:23,545 [ForkJoinPool.commonPool-worker-1] INFO  impl.RaftServerImpl (ServerState.java:close(387)) - 672bb6f8-5131-4da7-8320-8bbddbc4a98b@group-ED35E500CDB9: closes. applyIndex: 0
2019-10-11 07:35:23,545 [grpc-default-executor-7] INFO  server.GrpcLogAppender (GrpcLogAppender.java:onCompleted(293)) - 672bb6f8-5131-4da7-8320-8bbddbc4a98b@group-B6E563493923->def6d75b-2bd6-4a47-993f-f7560187f71d-AppendLogResponseHandler: follower responses appendEntries COMPLETED
2019-10-11 07:35:23,546 [672bb6f8-5131-4da7-8320-8bbddbc4a98b@group-ED35E500CDB9-SegmentedRaftLogWorker] INFO  segmented.SegmentedRaftLogWorker (SegmentedRaftLogWorker.java:run(316)) - 672bb6f8-5131-4da7-8320-8bbddbc4a98b@group-ED35E500CDB9-SegmentedRaftLogWorker was interrupted, exiting. There are 0 tasks remaining in the queue.
2019-10-11 07:35:23,545 [grpc-default-executor-4] INFO  server.GrpcLogAppender (GrpcLogAppender.java:onCompleted(293)) - 672bb6f8-5131-4da7-8320-8bbddbc4a98b@group-B6E563493923->4d415cff-0964-4c64-a0ba-bf5399f54beb-AppendLogResponseHandler: follower responses appendEntries COMPLETED
2019-10-11 07:35:23,549 [ForkJoinPool.commonPool-worker-1] INFO  segmented.SegmentedRaftLogWorker (SegmentedRaftLogWorker.java:close(224)) - 672bb6f8-5131-4da7-8320-8bbddbc4a98b@group-ED35E500CDB9-SegmentedRaftLogWorker close()
2019-10-11 07:35:23,550 [grpc-default-executor-7] INFO  impl.FollowerInfo (FollowerInfo.java:lambda$new$0(51)) - 672bb6f8-5131-4da7-8320-8bbddbc4a98b@group-B6E563493923->def6d75b-2bd6-4a47-993f-f7560187f71d: nextIndex: updateUnconditionally 16 -> 15
2019-10-11 07:35:23,550 [grpc-default-executor-4] INFO  impl.FollowerInfo (FollowerInfo.java:lambda$new$0(51)) - 672bb6f8-5131-4da7-8320-8bbddbc4a98b@group-B6E563493923->4d415cff-0964-4c64-a0ba-bf5399f54beb: nextIndex: updateUnconditionally 16 -> 15
2019-10-11 07:35:23,567 [672bb6f8-5131-4da7-8320-8bbddbc4a98b@group-B6E563493923-StateMachineUpdater] INFO  ratis.ContainerStateMachine (ContainerStateMachine.java:takeSnapshot(305)) - group-B6E563493923: Finished taking a snapshot at:(t:1, i:13) file:/workdir/hadoop-ozone/integration-test/target/test-dir/MiniOzoneClusterImpl-b5204cf2-bad7-4711-9a54-58405b1ee90d/datanode-6/data/ratis/632ea63f-7cf4-4be4-bfda-b6e563493923/sm/snapshot.1_13 time:23
2019-10-11 07:35:23,567 [672bb6f8-5131-4da7-8320-8bbddbc4a98b@group-B6E563493923-StateMachineUpdater] INFO  impl.StateMachineUpdater (StateMachineUpdater.java:takeSnapshot(269)) - 672bb6f8-5131-4da7-8320-8bbddbc4a98b@group-B6E563493923-StateMachineUpdater: Took a snapshot at index 13
2019-10-11 07:35:23,567 [672bb6f8-5131-4da7-8320-8bbddbc4a98b@group-B6E563493923-StateMachineUpdater] INFO  impl.StateMachineUpdater (StateMachineUpdater.java:lambda$new$0(84)) - 672bb6f8-5131-4da7-8320-8bbddbc4a98b@group-B6E563493923-StateMachineUpdater: snapshotIndex: updateIncreasingly -1 -> 13
2019-10-11 07:35:23,568 [672bb6f8-5131-4da7-8320-8bbddbc4a98b@group-B6E563493923-StateMachineUpdater] INFO  ratis.ContainerStateMachine (ContainerStateMachine.java:takeSnapshot(294)) - group-B6E563493923: Taking a snapshot at:(t:1, i:13) file /workdir/hadoop-ozone/integration-test/target/test-dir/MiniOzoneClusterImpl-b5204cf2-bad7-4711-9a54-58405b1ee90d/datanode-6/data/ratis/632ea63f-7cf4-4be4-bfda-b6e563493923/sm/snapshot.1_13
2019-10-11 07:35:23,591 [672bb6f8-5131-4da7-8320-8bbddbc4a98b@group-B6E563493923-StateMachineUpdater] INFO  ratis.ContainerStateMachine (ContainerStateMachine.java:takeSnapshot(305)) - group-B6E563493923: Finished taking a snapshot at:(t:1, i:13) file:/workdir/hadoop-ozone/integration-test/target/test-dir/MiniOzoneClusterImpl-b5204cf2-bad7-4711-9a54-58405b1ee90d/datanode-6/data/ratis/632ea63f-7cf4-4be4-bfda-b6e563493923/sm/snapshot.1_13 time:23
2019-10-11 07:35:23,591 [672bb6f8-5131-4da7-8320-8bbddbc4a98b@group-B6E563493923-StateMachineUpdater] INFO  impl.StateMachineUpdater (StateMachineUpdater.java:takeSnapshot(269)) - 672bb6f8-5131-4da7-8320-8bbddbc4a98b@group-B6E563493923-StateMachineUpdater: Took a snapshot at index 13
2019-10-11 07:35:23,591 [672bb6f8-5131-4da7-8320-8bbddbc4a98b@group-B6E563493923-StateMachineUpdater] INFO  impl.StateMachineUpdater (StateMachineUpdater.java:lambda$new$0(84)) - 672bb6f8-5131-4da7-8320-8bbddbc4a98b@group-B6E563493923-StateMachineUpdater: snapshotIndex: updateIncreasingly 13 -> 13
2019-10-11 07:35:23,591 [main] INFO  impl.RaftServerImpl (ServerState.java:close(387)) - 672bb6f8-5131-4da7-8320-8bbddbc4a98b@group-B6E563493923: closes. applyIndex: 15
2019-10-11 07:35:23,592 [672bb6f8-5131-4da7-8320-8bbddbc4a98b@group-B6E563493923-SegmentedRaftLogWorker] INFO  segmented.SegmentedRaftLogWorker (SegmentedRaftLogWorker.java:run(316)) - 672bb6f8-5131-4da7-8320-8bbddbc4a98b@group-B6E563493923-SegmentedRaftLogWorker was interrupted, exiting. There are 0 tasks remaining in the queue.
2019-10-11 07:35:23,595 [main] INFO  segmented.SegmentedRaftLogWorker (SegmentedRaftLogWorker.java:close(224)) - 672bb6f8-5131-4da7-8320-8bbddbc4a98b@group-B6E563493923-SegmentedRaftLogWorker close()
2019-10-11 07:35:23,601 [main] INFO  server.GrpcService (GrpcService.java:closeImpl(164)) - 672bb6f8-5131-4da7-8320-8bbddbc4a98b: shutdown server with port 42241 now
2019-10-11 07:35:23,602 [grpc-default-executor-7] WARN  client.GrpcClientProtocolService (LogUtils.java:warn(134)) - 3-UnorderedRequestStreamObserver3: onError: org.apache.ratis.thirdparty.io.grpc.StatusRuntimeException: CANCELLED: cancelled before receiving half close
2019-10-11 07:35:23,602 [main] INFO  server.GrpcService (GrpcService.java:closeImpl(172)) - 672bb6f8-5131-4da7-8320-8bbddbc4a98b: shutdown server with port 42241 successfully
2019-10-11 07:35:23,606 [refreshUsed-/workdir/hadoop-ozone/integration-test/target/test-dir/MiniOzoneClusterImpl-b5204cf2-bad7-4711-9a54-58405b1ee90d/datanode-6/data/containers] WARN  fs.CachingGetSpaceUsed (CachingGetSpaceUsed.java:run(183)) - Thread Interrupted waiting to refresh disk information: sleep interrupted
2019-10-11 07:35:23,618 [main] INFO  utils.BackgroundService (BackgroundService.java:shutdown(151)) - Shutting down service BlockDeletingService
2019-10-11 07:35:23,627 [main] INFO  statemachine.DatanodeStateMachine (DatanodeStateMachine.java:stopDaemon(395)) - Ozone container server stopped.
2019-10-11 07:35:23,629 [main] INFO  handler.ContextHandler (ContextHandler.java:doStop(910)) - Stopped o.e.j.w.WebAppContext@70f148dc{/,null,UNAVAILABLE}{/hddsDatanode}
2019-10-11 07:35:23,631 [main] INFO  server.AbstractConnector (AbstractConnector.java:doStop(318)) - Stopped ServerConnector@3360283{HTTP/1.1,[http/1.1]}{0.0.0.0:0}
2019-10-11 07:35:23,632 [main] INFO  handler.ContextHandler (ContextHandler.java:doStop(910)) - Stopped o.e.j.s.ServletContextHandler@625487a6{/static,jar:file:/home/user/.m2/repository/org/apache/hadoop/hadoop-hdds-container-service/0.5.0-SNAPSHOT/hadoop-hdds-container-service-0.5.0-SNAPSHOT.jar!/webapps/static,UNAVAILABLE}
2019-10-11 07:35:23,632 [main] INFO  handler.ContextHandler (ContextHandler.java:doStop(910)) - Stopped o.e.j.s.ServletContextHandler@5c59a0f7{/logs,file:///workdir/hadoop-ozone/integration-test/target/log,UNAVAILABLE}
2019-10-11 07:35:32,391 [Thread-3013] INFO  impl.FollowerState (FollowerState.java:run(108)) - 4d415cff-0964-4c64-a0ba-bf5399f54beb@group-B6E563493923-FollowerState: change to CANDIDATE, lastRpcTime:8861ms, electionTimeout:5037ms
2019-10-11 07:35:32,393 [Thread-3013] INFO  impl.RoleInfo (RoleInfo.java:shutdownFollowerState(121)) - 4d415cff-0964-4c64-a0ba-bf5399f54beb: shutdown FollowerState
2019-10-11 07:35:32,393 [Thread-3013] INFO  impl.RaftServerImpl (RaftServerImpl.java:setRole(170)) - 4d415cff-0964-4c64-a0ba-bf5399f54beb@group-B6E563493923: changes role from  FOLLOWER to CANDIDATE at term 1 for changeToCandidate
2019-10-11 07:35:32,393 [Thread-3013] INFO  impl.RoleInfo (RoleInfo.java:updateAndGet(143)) - 4d415cff-0964-4c64-a0ba-bf5399f54beb: start LeaderElection
2019-10-11 07:35:32,397 [4d415cff-0964-4c64-a0ba-bf5399f54beb@group-B6E563493923-LeaderElection70] INFO  impl.RaftServerImpl (ServerState.java:setLeader(255)) - 4d415cff-0964-4c64-a0ba-bf5399f54beb@group-B6E563493923: change Leader from 672bb6f8-5131-4da7-8320-8bbddbc4a98b to null at term 1 for initElection
2019-10-11 07:35:32,408 [Thread-3010] INFO  impl.FollowerState (FollowerState.java:run(108)) - def6d75b-2bd6-4a47-993f-f7560187f71d@group-B6E563493923-FollowerState: change to CANDIDATE, lastRpcTime:8878ms, electionTimeout:5161ms
2019-10-11 07:35:32,408 [Thread-3010] INFO  impl.RoleInfo (RoleInfo.java:shutdownFollowerState(121)) - def6d75b-2bd6-4a47-993f-f7560187f71d: shutdown FollowerState
2019-10-11 07:35:32,408 [Thread-3010] INFO  impl.RaftServerImpl (RaftServerImpl.java:setRole(170)) - def6d75b-2bd6-4a47-993f-f7560187f71d@group-B6E563493923: changes role from  FOLLOWER to CANDIDATE at term 1 for changeToCandidate
2019-10-11 07:35:32,408 [Thread-3010] INFO  impl.RoleInfo (RoleInfo.java:updateAndGet(143)) - def6d75b-2bd6-4a47-993f-f7560187f71d: start LeaderElection
2019-10-11 07:35:32,411 [def6d75b-2bd6-4a47-993f-f7560187f71d@group-B6E563493923-LeaderElection71] INFO  impl.RaftServerImpl (ServerState.java:setLeader(255)) - def6d75b-2bd6-4a47-993f-f7560187f71d@group-B6E563493923: change Leader from 672bb6f8-5131-4da7-8320-8bbddbc4a98b to null at term 1 for initElection
2019-10-11 07:35:32,422 [4d415cff-0964-4c64-a0ba-bf5399f54beb@group-B6E563493923-LeaderElection70] INFO  impl.LeaderElection (LeaderElection.java:askForVotes(178)) - 4d415cff-0964-4c64-a0ba-bf5399f54beb@group-B6E563493923-LeaderElection70: begin an election at term 2 for 0: [4d415cff-0964-4c64-a0ba-bf5399f54beb:192.168.164.209:36258, def6d75b-2bd6-4a47-993f-f7560187f71d:192.168.164.209:35462, 672bb6f8-5131-4da7-8320-8bbddbc4a98b:192.168.164.209:42241], old=null
2019-10-11 07:35:32,426 [4d415cff-0964-4c64-a0ba-bf5399f54beb@group-B6E563493923-LeaderElection70] INFO  impl.LeaderElection (LogUtils.java:infoOrTrace(149)) - 4d415cff-0964-4c64-a0ba-bf5399f54beb@group-B6E563493923-LeaderElection70 got exception when requesting votes: {}
java.util.concurrent.ExecutionException: org.apache.ratis.thirdparty.io.grpc.StatusRuntimeException: UNAVAILABLE: io exception
	at java.util.concurrent.FutureTask.report(FutureTask.java:122)
	at java.util.concurrent.FutureTask.get(FutureTask.java:192)
	at org.apache.ratis.server.impl.LeaderElection.waitForResults(LeaderElection.java:259)
	at org.apache.ratis.server.impl.LeaderElection.askForVotes(LeaderElection.java:197)
	at org.apache.ratis.server.impl.LeaderElection.run(LeaderElection.java:133)
	at java.lang.Thread.run(Thread.java:748)
Caused by: org.apache.ratis.thirdparty.io.grpc.StatusRuntimeException: UNAVAILABLE: io exception
	at org.apache.ratis.thirdparty.io.grpc.stub.ClientCalls.toStatusRuntimeException(ClientCalls.java:233)
	at org.apache.ratis.thirdparty.io.grpc.stub.ClientCalls.getUnchecked(ClientCalls.java:214)
	at org.apache.ratis.thirdparty.io.grpc.stub.ClientCalls.blockingUnaryCall(ClientCalls.java:139)
	at org.apache.ratis.proto.grpc.RaftServerProtocolServiceGrpc$RaftServerProtocolServiceBlockingStub.requestVote(RaftServerProtocolServiceGrpc.java:265)
	at org.apache.ratis.grpc.server.GrpcServerProtocolClient.requestVote(GrpcServerProtocolClient.java:99)
	at org.apache.ratis.grpc.server.GrpcService.requestVote(GrpcService.java:204)
	at org.apache.ratis.server.impl.LeaderElection.lambda$submitRequests$1(LeaderElection.java:234)
	at java.util.concurrent.FutureTask.run(FutureTask.java:266)
	at java.util.concurrent.Executors$RunnableAdapter.call(Executors.java:511)
	at java.util.concurrent.FutureTask.run(FutureTask.java:266)
	at java.util.concurrent.ThreadPoolExecutor.runWorker(ThreadPoolExecutor.java:1149)
	at java.util.concurrent.ThreadPoolExecutor$Worker.run(ThreadPoolExecutor.java:624)
	... 1 more
Caused by: org.apache.ratis.thirdparty.io.netty.channel.AbstractChannel$AnnotatedConnectException: Connection refused: /192.168.164.209:42241
	at sun.nio.ch.SocketChannelImpl.checkConnect(Native Method)
	at sun.nio.ch.SocketChannelImpl.finishConnect(SocketChannelImpl.java:717)
	at org.apache.ratis.thirdparty.io.netty.channel.socket.nio.NioSocketChannel.doFinishConnect(NioSocketChannel.java:327)
	at org.apache.ratis.thirdparty.io.netty.channel.nio.AbstractNioChannel$AbstractNioUnsafe.finishConnect(AbstractNioChannel.java:340)
	at org.apache.ratis.thirdparty.io.netty.channel.nio.NioEventLoop.processSelectedKey(NioEventLoop.java:632)
	at org.apache.ratis.thirdparty.io.netty.channel.nio.NioEventLoop.processSelectedKeysOptimized(NioEventLoop.java:579)
	at org.apache.ratis.thirdparty.io.netty.channel.nio.NioEventLoop.processSelectedKeys(NioEventLoop.java:496)
	at org.apache.ratis.thirdparty.io.netty.channel.nio.NioEventLoop.run(NioEventLoop.java:458)
	at org.apache.ratis.thirdparty.io.netty.util.concurrent.SingleThreadEventExecutor$5.run(SingleThreadEventExecutor.java:897)
	at org.apache.ratis.thirdparty.io.netty.util.concurrent.FastThreadLocalRunnable.run(FastThreadLocalRunnable.java:30)
	... 1 more
Caused by: java.net.ConnectException: Connection refused
	... 11 more
2019-10-11 07:35:32,443 [def6d75b-2bd6-4a47-993f-f7560187f71d@group-B6E563493923-LeaderElection71] INFO  impl.LeaderElection (LeaderElection.java:askForVotes(178)) - def6d75b-2bd6-4a47-993f-f7560187f71d@group-B6E563493923-LeaderElection71: begin an election at term 2 for 0: [4d415cff-0964-4c64-a0ba-bf5399f54beb:192.168.164.209:36258, def6d75b-2bd6-4a47-993f-f7560187f71d:192.168.164.209:35462, 672bb6f8-5131-4da7-8320-8bbddbc4a98b:192.168.164.209:42241], old=null
2019-10-11 07:35:32,445 [4d415cff-0964-4c64-a0ba-bf5399f54beb@group-B6E563493923-LeaderElection70] INFO  impl.LeaderElection (LeaderElection.java:logAndReturn(56)) - 4d415cff-0964-4c64-a0ba-bf5399f54beb@group-B6E563493923-LeaderElection70: Election REJECTED; received 1 response(s) [4d415cff-0964-4c64-a0ba-bf5399f54beb<-def6d75b-2bd6-4a47-993f-f7560187f71d#0:FAIL-t2] and 1 exception(s); 4d415cff-0964-4c64-a0ba-bf5399f54beb@group-B6E563493923:t2, leader=null, voted=4d415cff-0964-4c64-a0ba-bf5399f54beb, raftlog=4d415cff-0964-4c64-a0ba-bf5399f54beb@group-B6E563493923-SegmentedRaftLog:OPENED:c15,f15,i15, conf=0: [4d415cff-0964-4c64-a0ba-bf5399f54beb:192.168.164.209:36258, def6d75b-2bd6-4a47-993f-f7560187f71d:192.168.164.209:35462, 672bb6f8-5131-4da7-8320-8bbddbc4a98b:192.168.164.209:42241], old=null
2019-10-11 07:35:32,445 [4d415cff-0964-4c64-a0ba-bf5399f54beb@group-B6E563493923-LeaderElection70] INFO  impl.LeaderElection (LogUtils.java:infoOrTrace(149)) -   Exception 0: {}
java.util.concurrent.ExecutionException: org.apache.ratis.thirdparty.io.grpc.StatusRuntimeException: UNAVAILABLE: io exception
	at java.util.concurrent.FutureTask.report(FutureTask.java:122)
	at java.util.concurrent.FutureTask.get(FutureTask.java:192)
	at org.apache.ratis.server.impl.LeaderElection.waitForResults(LeaderElection.java:259)
	at org.apache.ratis.server.impl.LeaderElection.askForVotes(LeaderElection.java:197)
	at org.apache.ratis.server.impl.LeaderElection.run(LeaderElection.java:133)
	at java.lang.Thread.run(Thread.java:748)
Caused by: org.apache.ratis.thirdparty.io.grpc.StatusRuntimeException: UNAVAILABLE: io exception
	at org.apache.ratis.thirdparty.io.grpc.stub.ClientCalls.toStatusRuntimeException(ClientCalls.java:233)
	at org.apache.ratis.thirdparty.io.grpc.stub.ClientCalls.getUnchecked(ClientCalls.java:214)
	at org.apache.ratis.thirdparty.io.grpc.stub.ClientCalls.blockingUnaryCall(ClientCalls.java:139)
	at org.apache.ratis.proto.grpc.RaftServerProtocolServiceGrpc$RaftServerProtocolServiceBlockingStub.requestVote(RaftServerProtocolServiceGrpc.java:265)
	at org.apache.ratis.grpc.server.GrpcServerProtocolClient.requestVote(GrpcServerProtocolClient.java:99)
	at org.apache.ratis.grpc.server.GrpcService.requestVote(GrpcService.java:204)
	at org.apache.ratis.server.impl.LeaderElection.lambda$submitRequests$1(LeaderElection.java:234)
	at java.util.concurrent.FutureTask.run(FutureTask.java:266)
	at java.util.concurrent.Executors$RunnableAdapter.call(Executors.java:511)
	at java.util.concurrent.FutureTask.run(FutureTask.java:266)
	at java.util.concurrent.ThreadPoolExecutor.runWorker(ThreadPoolExecutor.java:1149)
	at java.util.concurrent.ThreadPoolExecutor$Worker.run(ThreadPoolExecutor.java:624)
	... 1 more
Caused by: org.apache.ratis.thirdparty.io.netty.channel.AbstractChannel$AnnotatedConnectException: Connection refused: /192.168.164.209:42241
	at sun.nio.ch.SocketChannelImpl.checkConnect(Native Method)
	at sun.nio.ch.SocketChannelImpl.finishConnect(SocketChannelImpl.java:717)
	at org.apache.ratis.thirdparty.io.netty.channel.socket.nio.NioSocketChannel.doFinishConnect(NioSocketChannel.java:327)
	at org.apache.ratis.thirdparty.io.netty.channel.nio.AbstractNioChannel$AbstractNioUnsafe.finishConnect(AbstractNioChannel.java:340)
	at org.apache.ratis.thirdparty.io.netty.channel.nio.NioEventLoop.processSelectedKey(NioEventLoop.java:632)
	at org.apache.ratis.thirdparty.io.netty.channel.nio.NioEventLoop.processSelectedKeysOptimized(NioEventLoop.java:579)
	at org.apache.ratis.thirdparty.io.netty.channel.nio.NioEventLoop.processSelectedKeys(NioEventLoop.java:496)
	at org.apache.ratis.thirdparty.io.netty.channel.nio.NioEventLoop.run(NioEventLoop.java:458)
	at org.apache.ratis.thirdparty.io.netty.util.concurrent.SingleThreadEventExecutor$5.run(SingleThreadEventExecutor.java:897)
	at org.apache.ratis.thirdparty.io.netty.util.concurrent.FastThreadLocalRunnable.run(FastThreadLocalRunnable.java:30)
	... 1 more
Caused by: java.net.ConnectException: Connection refused
	... 11 more
2019-10-11 07:35:32,445 [4d415cff-0964-4c64-a0ba-bf5399f54beb@group-B6E563493923-LeaderElection70] INFO  impl.RaftServerImpl (RaftServerImpl.java:setRole(170)) - 4d415cff-0964-4c64-a0ba-bf5399f54beb@group-B6E563493923: changes role from CANDIDATE to FOLLOWER at term 2 for DISCOVERED_A_NEW_TERM
2019-10-11 07:35:32,445 [def6d75b-2bd6-4a47-993f-f7560187f71d@group-B6E563493923-LeaderElection71] INFO  impl.LeaderElection (LogUtils.java:infoOrTrace(149)) - def6d75b-2bd6-4a47-993f-f7560187f71d@group-B6E563493923-LeaderElection71 got exception when requesting votes: {}
java.util.concurrent.ExecutionException: org.apache.ratis.thirdparty.io.grpc.StatusRuntimeException: UNAVAILABLE: io exception
	at java.util.concurrent.FutureTask.report(FutureTask.java:122)
	at java.util.concurrent.FutureTask.get(FutureTask.java:192)
	at org.apache.ratis.server.impl.LeaderElection.waitForResults(LeaderElection.java:259)
	at org.apache.ratis.server.impl.LeaderElection.askForVotes(LeaderElection.java:197)
	at org.apache.ratis.server.impl.LeaderElection.run(LeaderElection.java:133)
	at java.lang.Thread.run(Thread.java:748)
Caused by: org.apache.ratis.thirdparty.io.grpc.StatusRuntimeException: UNAVAILABLE: io exception
	at org.apache.ratis.thirdparty.io.grpc.stub.ClientCalls.toStatusRuntimeException(ClientCalls.java:233)
	at org.apache.ratis.thirdparty.io.grpc.stub.ClientCalls.getUnchecked(ClientCalls.java:214)
	at org.apache.ratis.thirdparty.io.grpc.stub.ClientCalls.blockingUnaryCall(ClientCalls.java:139)
	at org.apache.ratis.proto.grpc.RaftServerProtocolServiceGrpc$RaftServerProtocolServiceBlockingStub.requestVote(RaftServerProtocolServiceGrpc.java:265)
	at org.apache.ratis.grpc.server.GrpcServerProtocolClient.requestVote(GrpcServerProtocolClient.java:99)
	at org.apache.ratis.grpc.server.GrpcService.requestVote(GrpcService.java:204)
	at org.apache.ratis.server.impl.LeaderElection.lambda$submitRequests$1(LeaderElection.java:234)
	at java.util.concurrent.FutureTask.run(FutureTask.java:266)
	at java.util.concurrent.Executors$RunnableAdapter.call(Executors.java:511)
	at java.util.concurrent.FutureTask.run(FutureTask.java:266)
	at java.util.concurrent.ThreadPoolExecutor.runWorker(ThreadPoolExecutor.java:1149)
	at java.util.concurrent.ThreadPoolExecutor$Worker.run(ThreadPoolExecutor.java:624)
	... 1 more
Caused by: org.apache.ratis.thirdparty.io.netty.channel.AbstractChannel$AnnotatedConnectException: Connection refused: /192.168.164.209:42241
	at sun.nio.ch.SocketChannelImpl.checkConnect(Native Method)
	at sun.nio.ch.SocketChannelImpl.finishConnect(SocketChannelImpl.java:717)
	at org.apache.ratis.thirdparty.io.netty.channel.socket.nio.NioSocketChannel.doFinishConnect(NioSocketChannel.java:327)
	at org.apache.ratis.thirdparty.io.netty.channel.nio.AbstractNioChannel$AbstractNioUnsafe.finishConnect(AbstractNioChannel.java:340)
	at org.apache.ratis.thirdparty.io.netty.channel.nio.NioEventLoop.processSelectedKey(NioEventLoop.java:632)
	at org.apache.ratis.thirdparty.io.netty.channel.nio.NioEventLoop.processSelectedKeysOptimized(NioEventLoop.java:579)
	at org.apache.ratis.thirdparty.io.netty.channel.nio.NioEventLoop.processSelectedKeys(NioEventLoop.java:496)
	at org.apache.ratis.thirdparty.io.netty.channel.nio.NioEventLoop.run(NioEventLoop.java:458)
	at org.apache.ratis.thirdparty.io.netty.util.concurrent.SingleThreadEventExecutor$5.run(SingleThreadEventExecutor.java:897)
	at org.apache.ratis.thirdparty.io.netty.util.concurrent.FastThreadLocalRunnable.run(FastThreadLocalRunnable.java:30)
	... 1 more
Caused by: java.net.ConnectException: Connection refused
	... 11 more
2019-10-11 07:35:32,446 [4d415cff-0964-4c64-a0ba-bf5399f54beb@group-B6E563493923-LeaderElection70] INFO  impl.RoleInfo (RoleInfo.java:shutdownLeaderElection(134)) - 4d415cff-0964-4c64-a0ba-bf5399f54beb: shutdown LeaderElection
2019-10-11 07:35:32,450 [4d415cff-0964-4c64-a0ba-bf5399f54beb@group-B6E563493923-LeaderElection70] INFO  impl.RoleInfo (RoleInfo.java:updateAndGet(143)) - 4d415cff-0964-4c64-a0ba-bf5399f54beb: start FollowerState
2019-10-11 07:35:32,452 [def6d75b-2bd6-4a47-993f-f7560187f71d@group-B6E563493923-LeaderElection71] INFO  impl.LeaderElection (LeaderElection.java:logAndReturn(56)) - def6d75b-2bd6-4a47-993f-f7560187f71d@group-B6E563493923-LeaderElection71: Election REJECTED; received 1 response(s) [def6d75b-2bd6-4a47-993f-f7560187f71d<-4d415cff-0964-4c64-a0ba-bf5399f54beb#0:FAIL-t2] and 1 exception(s); def6d75b-2bd6-4a47-993f-f7560187f71d@group-B6E563493923:t2, leader=null, voted=def6d75b-2bd6-4a47-993f-f7560187f71d, raftlog=def6d75b-2bd6-4a47-993f-f7560187f71d@group-B6E563493923-SegmentedRaftLog:OPENED:c15,f15,i15, conf=0: [4d415cff-0964-4c64-a0ba-bf5399f54beb:192.168.164.209:36258, def6d75b-2bd6-4a47-993f-f7560187f71d:192.168.164.209:35462, 672bb6f8-5131-4da7-8320-8bbddbc4a98b:192.168.164.209:42241], old=null
2019-10-11 07:35:32,452 [def6d75b-2bd6-4a47-993f-f7560187f71d@group-B6E563493923-LeaderElection71] INFO  impl.LeaderElection (LogUtils.java:infoOrTrace(149)) -   Exception 0: {}
java.util.concurrent.ExecutionException: org.apache.ratis.thirdparty.io.grpc.StatusRuntimeException: UNAVAILABLE: io exception
	at java.util.concurrent.FutureTask.report(FutureTask.java:122)
	at java.util.concurrent.FutureTask.get(FutureTask.java:192)
	at org.apache.ratis.server.impl.LeaderElection.waitForResults(LeaderElection.java:259)
	at org.apache.ratis.server.impl.LeaderElection.askForVotes(LeaderElection.java:197)
	at org.apache.ratis.server.impl.LeaderElection.run(LeaderElection.java:133)
	at java.lang.Thread.run(Thread.java:748)
Caused by: org.apache.ratis.thirdparty.io.grpc.StatusRuntimeException: UNAVAILABLE: io exception
	at org.apache.ratis.thirdparty.io.grpc.stub.ClientCalls.toStatusRuntimeException(ClientCalls.java:233)
	at org.apache.ratis.thirdparty.io.grpc.stub.ClientCalls.getUnchecked(ClientCalls.java:214)
	at org.apache.ratis.thirdparty.io.grpc.stub.ClientCalls.blockingUnaryCall(ClientCalls.java:139)
	at org.apache.ratis.proto.grpc.RaftServerProtocolServiceGrpc$RaftServerProtocolServiceBlockingStub.requestVote(RaftServerProtocolServiceGrpc.java:265)
	at org.apache.ratis.grpc.server.GrpcServerProtocolClient.requestVote(GrpcServerProtocolClient.java:99)
	at org.apache.ratis.grpc.server.GrpcService.requestVote(GrpcService.java:204)
	at org.apache.ratis.server.impl.LeaderElection.lambda$submitRequests$1(LeaderElection.java:234)
	at java.util.concurrent.FutureTask.run(FutureTask.java:266)
	at java.util.concurrent.Executors$RunnableAdapter.call(Executors.java:511)
	at java.util.concurrent.FutureTask.run(FutureTask.java:266)
	at java.util.concurrent.ThreadPoolExecutor.runWorker(ThreadPoolExecutor.java:1149)
	at java.util.concurrent.ThreadPoolExecutor$Worker.run(ThreadPoolExecutor.java:624)
	... 1 more
Caused by: org.apache.ratis.thirdparty.io.netty.channel.AbstractChannel$AnnotatedConnectException: Connection refused: /192.168.164.209:42241
	at sun.nio.ch.SocketChannelImpl.checkConnect(Native Method)
	at sun.nio.ch.SocketChannelImpl.finishConnect(SocketChannelImpl.java:717)
	at org.apache.ratis.thirdparty.io.netty.channel.socket.nio.NioSocketChannel.doFinishConnect(NioSocketChannel.java:327)
	at org.apache.ratis.thirdparty.io.netty.channel.nio.AbstractNioChannel$AbstractNioUnsafe.finishConnect(AbstractNioChannel.java:340)
	at org.apache.ratis.thirdparty.io.netty.channel.nio.NioEventLoop.processSelectedKey(NioEventLoop.java:632)
	at org.apache.ratis.thirdparty.io.netty.channel.nio.NioEventLoop.processSelectedKeysOptimized(NioEventLoop.java:579)
	at org.apache.ratis.thirdparty.io.netty.channel.nio.NioEventLoop.processSelectedKeys(NioEventLoop.java:496)
	at org.apache.ratis.thirdparty.io.netty.channel.nio.NioEventLoop.run(NioEventLoop.java:458)
	at org.apache.ratis.thirdparty.io.netty.util.concurrent.SingleThreadEventExecutor$5.run(SingleThreadEventExecutor.java:897)
	at org.apache.ratis.thirdparty.io.netty.util.concurrent.FastThreadLocalRunnable.run(FastThreadLocalRunnable.java:30)
	... 1 more
Caused by: java.net.ConnectException: Connection refused
	... 11 more
2019-10-11 07:35:32,453 [def6d75b-2bd6-4a47-993f-f7560187f71d@group-B6E563493923-LeaderElection71] INFO  impl.RaftServerImpl (RaftServerImpl.java:setRole(170)) - def6d75b-2bd6-4a47-993f-f7560187f71d@group-B6E563493923: changes role from CANDIDATE to FOLLOWER at term 2 for DISCOVERED_A_NEW_TERM
2019-10-11 07:35:32,453 [def6d75b-2bd6-4a47-993f-f7560187f71d@group-B6E563493923-LeaderElection71] INFO  impl.RoleInfo (RoleInfo.java:shutdownLeaderElection(134)) - def6d75b-2bd6-4a47-993f-f7560187f71d: shutdown LeaderElection
2019-10-11 07:35:32,453 [def6d75b-2bd6-4a47-993f-f7560187f71d@group-B6E563493923-LeaderElection71] INFO  impl.RoleInfo (RoleInfo.java:updateAndGet(143)) - def6d75b-2bd6-4a47-993f-f7560187f71d: start FollowerState
2019-10-11 07:35:37,478 [Thread-3119] INFO  impl.FollowerState (FollowerState.java:run(108)) - def6d75b-2bd6-4a47-993f-f7560187f71d@group-B6E563493923-FollowerState: change to CANDIDATE, lastRpcTime:5024ms, electionTimeout:5024ms
2019-10-11 07:35:37,485 [Thread-3118] INFO  impl.FollowerState (FollowerState.java:run(108)) - 4d415cff-0964-4c64-a0ba-bf5399f54beb@group-B6E563493923-FollowerState: change to CANDIDATE, lastRpcTime:5034ms, electionTimeout:5027ms
2019-10-11 07:35:37,485 [Thread-3119] INFO  impl.RoleInfo (RoleInfo.java:shutdownFollowerState(121)) - def6d75b-2bd6-4a47-993f-f7560187f71d: shutdown FollowerState
2019-10-11 07:35:37,485 [Thread-3118] INFO  impl.RoleInfo (RoleInfo.java:shutdownFollowerState(121)) - 4d415cff-0964-4c64-a0ba-bf5399f54beb: shutdown FollowerState
2019-10-11 07:35:37,485 [Thread-3119] INFO  impl.RaftServerImpl (RaftServerImpl.java:setRole(170)) - def6d75b-2bd6-4a47-993f-f7560187f71d@group-B6E563493923: changes role from  FOLLOWER to CANDIDATE at term 2 for changeToCandidate
2019-10-11 07:35:37,485 [Thread-3118] INFO  impl.RaftServerImpl (RaftServerImpl.java:setRole(170)) - 4d415cff-0964-4c64-a0ba-bf5399f54beb@group-B6E563493923: changes role from  FOLLOWER to CANDIDATE at term 2 for changeToCandidate
2019-10-11 07:35:37,485 [Thread-3119] INFO  impl.RoleInfo (RoleInfo.java:updateAndGet(143)) - def6d75b-2bd6-4a47-993f-f7560187f71d: start LeaderElection
2019-10-11 07:35:37,485 [Thread-3118] INFO  impl.RoleInfo (RoleInfo.java:updateAndGet(143)) - 4d415cff-0964-4c64-a0ba-bf5399f54beb: start LeaderElection
2019-10-11 07:35:37,524 [4d415cff-0964-4c64-a0ba-bf5399f54beb@group-B6E563493923-LeaderElection73] INFO  impl.LeaderElection (LeaderElection.java:askForVotes(178)) - 4d415cff-0964-4c64-a0ba-bf5399f54beb@group-B6E563493923-LeaderElection73: begin an election at term 3 for 0: [4d415cff-0964-4c64-a0ba-bf5399f54beb:192.168.164.209:36258, def6d75b-2bd6-4a47-993f-f7560187f71d:192.168.164.209:35462, 672bb6f8-5131-4da7-8320-8bbddbc4a98b:192.168.164.209:42241], old=null
2019-10-11 07:35:37,524 [def6d75b-2bd6-4a47-993f-f7560187f71d@group-B6E563493923-LeaderElection72] INFO  impl.LeaderElection (LeaderElection.java:askForVotes(178)) - def6d75b-2bd6-4a47-993f-f7560187f71d@group-B6E563493923-LeaderElection72: begin an election at term 3 for 0: [4d415cff-0964-4c64-a0ba-bf5399f54beb:192.168.164.209:36258, def6d75b-2bd6-4a47-993f-f7560187f71d:192.168.164.209:35462, 672bb6f8-5131-4da7-8320-8bbddbc4a98b:192.168.164.209:42241], old=null
2019-10-11 07:35:37,526 [def6d75b-2bd6-4a47-993f-f7560187f71d@group-B6E563493923-LeaderElection72] INFO  impl.LeaderElection (LogUtils.java:infoOrTrace(149)) - def6d75b-2bd6-4a47-993f-f7560187f71d@group-B6E563493923-LeaderElection72 got exception when requesting votes: {}
java.util.concurrent.ExecutionException: org.apache.ratis.thirdparty.io.grpc.StatusRuntimeException: UNAVAILABLE: io exception
	at java.util.concurrent.FutureTask.report(FutureTask.java:122)
	at java.util.concurrent.FutureTask.get(FutureTask.java:192)
	at org.apache.ratis.server.impl.LeaderElection.waitForResults(LeaderElection.java:259)
	at org.apache.ratis.server.impl.LeaderElection.askForVotes(LeaderElection.java:197)
	at org.apache.ratis.server.impl.LeaderElection.run(LeaderElection.java:133)
	at java.lang.Thread.run(Thread.java:748)
Caused by: org.apache.ratis.thirdparty.io.grpc.StatusRuntimeException: UNAVAILABLE: io exception
	at org.apache.ratis.thirdparty.io.grpc.stub.ClientCalls.toStatusRuntimeException(ClientCalls.java:233)
	at org.apache.ratis.thirdparty.io.grpc.stub.ClientCalls.getUnchecked(ClientCalls.java:214)
	at org.apache.ratis.thirdparty.io.grpc.stub.ClientCalls.blockingUnaryCall(ClientCalls.java:139)
	at org.apache.ratis.proto.grpc.RaftServerProtocolServiceGrpc$RaftServerProtocolServiceBlockingStub.requestVote(RaftServerProtocolServiceGrpc.java:265)
	at org.apache.ratis.grpc.server.GrpcServerProtocolClient.requestVote(GrpcServerProtocolClient.java:99)
	at org.apache.ratis.grpc.server.GrpcService.requestVote(GrpcService.java:204)
	at org.apache.ratis.server.impl.LeaderElection.lambda$submitRequests$1(LeaderElection.java:234)
	at java.util.concurrent.FutureTask.run(FutureTask.java:266)
	at java.util.concurrent.Executors$RunnableAdapter.call(Executors.java:511)
	at java.util.concurrent.FutureTask.run(FutureTask.java:266)
	at java.util.concurrent.ThreadPoolExecutor.runWorker(ThreadPoolExecutor.java:1149)
	at java.util.concurrent.ThreadPoolExecutor$Worker.run(ThreadPoolExecutor.java:624)
	... 1 more
Caused by: org.apache.ratis.thirdparty.io.netty.channel.AbstractChannel$AnnotatedConnectException: Connection refused: /192.168.164.209:42241
	at sun.nio.ch.SocketChannelImpl.checkConnect(Native Method)
	at sun.nio.ch.SocketChannelImpl.finishConnect(SocketChannelImpl.java:717)
	at org.apache.ratis.thirdparty.io.netty.channel.socket.nio.NioSocketChannel.doFinishConnect(NioSocketChannel.java:327)
	at org.apache.ratis.thirdparty.io.netty.channel.nio.AbstractNioChannel$AbstractNioUnsafe.finishConnect(AbstractNioChannel.java:340)
	at org.apache.ratis.thirdparty.io.netty.channel.nio.NioEventLoop.processSelectedKey(NioEventLoop.java:632)
	at org.apache.ratis.thirdparty.io.netty.channel.nio.NioEventLoop.processSelectedKeysOptimized(NioEventLoop.java:579)
	at org.apache.ratis.thirdparty.io.netty.channel.nio.NioEventLoop.processSelectedKeys(NioEventLoop.java:496)
	at org.apache.ratis.thirdparty.io.netty.channel.nio.NioEventLoop.run(NioEventLoop.java:458)
	at org.apache.ratis.thirdparty.io.netty.util.concurrent.SingleThreadEventExecutor$5.run(SingleThreadEventExecutor.java:897)
	at org.apache.ratis.thirdparty.io.netty.util.concurrent.FastThreadLocalRunnable.run(FastThreadLocalRunnable.java:30)
	... 1 more
Caused by: java.net.ConnectException: Connection refused
	... 11 more
2019-10-11 07:35:37,526 [4d415cff-0964-4c64-a0ba-bf5399f54beb@group-B6E563493923-LeaderElection73] INFO  impl.LeaderElection (LogUtils.java:infoOrTrace(149)) - 4d415cff-0964-4c64-a0ba-bf5399f54beb@group-B6E563493923-LeaderElection73 got exception when requesting votes: {}
java.util.concurrent.ExecutionException: org.apache.ratis.thirdparty.io.grpc.StatusRuntimeException: UNAVAILABLE: io exception
	at java.util.concurrent.FutureTask.report(FutureTask.java:122)
	at java.util.concurrent.FutureTask.get(FutureTask.java:192)
	at org.apache.ratis.server.impl.LeaderElection.waitForResults(LeaderElection.java:259)
	at org.apache.ratis.server.impl.LeaderElection.askForVotes(LeaderElection.java:197)
	at org.apache.ratis.server.impl.LeaderElection.run(LeaderElection.java:133)
	at java.lang.Thread.run(Thread.java:748)
Caused by: org.apache.ratis.thirdparty.io.grpc.StatusRuntimeException: UNAVAILABLE: io exception
	at org.apache.ratis.thirdparty.io.grpc.stub.ClientCalls.toStatusRuntimeException(ClientCalls.java:233)
	at org.apache.ratis.thirdparty.io.grpc.stub.ClientCalls.getUnchecked(ClientCalls.java:214)
	at org.apache.ratis.thirdparty.io.grpc.stub.ClientCalls.blockingUnaryCall(ClientCalls.java:139)
	at org.apache.ratis.proto.grpc.RaftServerProtocolServiceGrpc$RaftServerProtocolServiceBlockingStub.requestVote(RaftServerProtocolServiceGrpc.java:265)
	at org.apache.ratis.grpc.server.GrpcServerProtocolClient.requestVote(GrpcServerProtocolClient.java:99)
	at org.apache.ratis.grpc.server.GrpcService.requestVote(GrpcService.java:204)
	at org.apache.ratis.server.impl.LeaderElection.lambda$submitRequests$1(LeaderElection.java:234)
	at java.util.concurrent.FutureTask.run(FutureTask.java:266)
	at java.util.concurrent.Executors$RunnableAdapter.call(Executors.java:511)
	at java.util.concurrent.FutureTask.run(FutureTask.java:266)
	at java.util.concurrent.ThreadPoolExecutor.runWorker(ThreadPoolExecutor.java:1149)
	at java.util.concurrent.ThreadPoolExecutor$Worker.run(ThreadPoolExecutor.java:624)
	... 1 more
Caused by: org.apache.ratis.thirdparty.io.netty.channel.AbstractChannel$AnnotatedConnectException: Connection refused: /192.168.164.209:42241
	at sun.nio.ch.SocketChannelImpl.checkConnect(Native Method)
	at sun.nio.ch.SocketChannelImpl.finishConnect(SocketChannelImpl.java:717)
	at org.apache.ratis.thirdparty.io.netty.channel.socket.nio.NioSocketChannel.doFinishConnect(NioSocketChannel.java:327)
	at org.apache.ratis.thirdparty.io.netty.channel.nio.AbstractNioChannel$AbstractNioUnsafe.finishConnect(AbstractNioChannel.java:340)
	at org.apache.ratis.thirdparty.io.netty.channel.nio.NioEventLoop.processSelectedKey(NioEventLoop.java:632)
	at org.apache.ratis.thirdparty.io.netty.channel.nio.NioEventLoop.processSelectedKeysOptimized(NioEventLoop.java:579)
	at org.apache.ratis.thirdparty.io.netty.channel.nio.NioEventLoop.processSelectedKeys(NioEventLoop.java:496)
	at org.apache.ratis.thirdparty.io.netty.channel.nio.NioEventLoop.run(NioEventLoop.java:458)
	at org.apache.ratis.thirdparty.io.netty.util.concurrent.SingleThreadEventExecutor$5.run(SingleThreadEventExecutor.java:897)
	at org.apache.ratis.thirdparty.io.netty.util.concurrent.FastThreadLocalRunnable.run(FastThreadLocalRunnable.java:30)
	... 1 more
Caused by: java.net.ConnectException: Connection refused
	... 11 more
2019-10-11 07:35:37,532 [def6d75b-2bd6-4a47-993f-f7560187f71d@group-B6E563493923-LeaderElection72] INFO  impl.LeaderElection (LeaderElection.java:logAndReturn(56)) - def6d75b-2bd6-4a47-993f-f7560187f71d@group-B6E563493923-LeaderElection72: Election REJECTED; received 1 response(s) [def6d75b-2bd6-4a47-993f-f7560187f71d<-4d415cff-0964-4c64-a0ba-bf5399f54beb#0:FAIL-t3] and 1 exception(s); def6d75b-2bd6-4a47-993f-f7560187f71d@group-B6E563493923:t3, leader=null, voted=def6d75b-2bd6-4a47-993f-f7560187f71d, raftlog=def6d75b-2bd6-4a47-993f-f7560187f71d@group-B6E563493923-SegmentedRaftLog:OPENED:c15,f15,i15, conf=0: [4d415cff-0964-4c64-a0ba-bf5399f54beb:192.168.164.209:36258, def6d75b-2bd6-4a47-993f-f7560187f71d:192.168.164.209:35462, 672bb6f8-5131-4da7-8320-8bbddbc4a98b:192.168.164.209:42241], old=null
2019-10-11 07:35:37,532 [def6d75b-2bd6-4a47-993f-f7560187f71d@group-B6E563493923-LeaderElection72] INFO  impl.LeaderElection (LogUtils.java:infoOrTrace(149)) -   Exception 0: {}
java.util.concurrent.ExecutionException: org.apache.ratis.thirdparty.io.grpc.StatusRuntimeException: UNAVAILABLE: io exception
	at java.util.concurrent.FutureTask.report(FutureTask.java:122)
	at java.util.concurrent.FutureTask.get(FutureTask.java:192)
	at org.apache.ratis.server.impl.LeaderElection.waitForResults(LeaderElection.java:259)
	at org.apache.ratis.server.impl.LeaderElection.askForVotes(LeaderElection.java:197)
	at org.apache.ratis.server.impl.LeaderElection.run(LeaderElection.java:133)
	at java.lang.Thread.run(Thread.java:748)
Caused by: org.apache.ratis.thirdparty.io.grpc.StatusRuntimeException: UNAVAILABLE: io exception
	at org.apache.ratis.thirdparty.io.grpc.stub.ClientCalls.toStatusRuntimeException(ClientCalls.java:233)
	at org.apache.ratis.thirdparty.io.grpc.stub.ClientCalls.getUnchecked(ClientCalls.java:214)
	at org.apache.ratis.thirdparty.io.grpc.stub.ClientCalls.blockingUnaryCall(ClientCalls.java:139)
	at org.apache.ratis.proto.grpc.RaftServerProtocolServiceGrpc$RaftServerProtocolServiceBlockingStub.requestVote(RaftServerProtocolServiceGrpc.java:265)
	at org.apache.ratis.grpc.server.GrpcServerProtocolClient.requestVote(GrpcServerProtocolClient.java:99)
	at org.apache.ratis.grpc.server.GrpcService.requestVote(GrpcService.java:204)
	at org.apache.ratis.server.impl.LeaderElection.lambda$submitRequests$1(LeaderElection.java:234)
	at java.util.concurrent.FutureTask.run(FutureTask.java:266)
	at java.util.concurrent.Executors$RunnableAdapter.call(Executors.java:511)
	at java.util.concurrent.FutureTask.run(FutureTask.java:266)
	at java.util.concurrent.ThreadPoolExecutor.runWorker(ThreadPoolExecutor.java:1149)
	at java.util.concurrent.ThreadPoolExecutor$Worker.run(ThreadPoolExecutor.java:624)
	... 1 more
Caused by: org.apache.ratis.thirdparty.io.netty.channel.AbstractChannel$AnnotatedConnectException: Connection refused: /192.168.164.209:42241
	at sun.nio.ch.SocketChannelImpl.checkConnect(Native Method)
	at sun.nio.ch.SocketChannelImpl.finishConnect(SocketChannelImpl.java:717)
	at org.apache.ratis.thirdparty.io.netty.channel.socket.nio.NioSocketChannel.doFinishConnect(NioSocketChannel.java:327)
	at org.apache.ratis.thirdparty.io.netty.channel.nio.AbstractNioChannel$AbstractNioUnsafe.finishConnect(AbstractNioChannel.java:340)
	at org.apache.ratis.thirdparty.io.netty.channel.nio.NioEventLoop.processSelectedKey(NioEventLoop.java:632)
	at org.apache.ratis.thirdparty.io.netty.channel.nio.NioEventLoop.processSelectedKeysOptimized(NioEventLoop.java:579)
	at org.apache.ratis.thirdparty.io.netty.channel.nio.NioEventLoop.processSelectedKeys(NioEventLoop.java:496)
	at org.apache.ratis.thirdparty.io.netty.channel.nio.NioEventLoop.run(NioEventLoop.java:458)
	at org.apache.ratis.thirdparty.io.netty.util.concurrent.SingleThreadEventExecutor$5.run(SingleThreadEventExecutor.java:897)
	at org.apache.ratis.thirdparty.io.netty.util.concurrent.FastThreadLocalRunnable.run(FastThreadLocalRunnable.java:30)
	... 1 more
Caused by: java.net.ConnectException: Connection refused
	... 11 more
2019-10-11 07:35:37,533 [4d415cff-0964-4c64-a0ba-bf5399f54beb@group-B6E563493923-LeaderElection73] INFO  impl.LeaderElection (LeaderElection.java:logAndReturn(56)) - 4d415cff-0964-4c64-a0ba-bf5399f54beb@group-B6E563493923-LeaderElection73: Election REJECTED; received 1 response(s) [4d415cff-0964-4c64-a0ba-bf5399f54beb<-def6d75b-2bd6-4a47-993f-f7560187f71d#0:FAIL-t3] and 1 exception(s); 4d415cff-0964-4c64-a0ba-bf5399f54beb@group-B6E563493923:t3, leader=null, voted=4d415cff-0964-4c64-a0ba-bf5399f54beb, raftlog=4d415cff-0964-4c64-a0ba-bf5399f54beb@group-B6E563493923-SegmentedRaftLog:OPENED:c15,f15,i15, conf=0: [4d415cff-0964-4c64-a0ba-bf5399f54beb:192.168.164.209:36258, def6d75b-2bd6-4a47-993f-f7560187f71d:192.168.164.209:35462, 672bb6f8-5131-4da7-8320-8bbddbc4a98b:192.168.164.209:42241], old=null
2019-10-11 07:35:37,535 [4d415cff-0964-4c64-a0ba-bf5399f54beb@group-B6E563493923-LeaderElection73] INFO  impl.LeaderElection (LogUtils.java:infoOrTrace(149)) -   Exception 0: {}
java.util.concurrent.ExecutionException: org.apache.ratis.thirdparty.io.grpc.StatusRuntimeException: UNAVAILABLE: io exception
	at java.util.concurrent.FutureTask.report(FutureTask.java:122)
	at java.util.concurrent.FutureTask.get(FutureTask.java:192)
	at org.apache.ratis.server.impl.LeaderElection.waitForResults(LeaderElection.java:259)
	at org.apache.ratis.server.impl.LeaderElection.askForVotes(LeaderElection.java:197)
	at org.apache.ratis.server.impl.LeaderElection.run(LeaderElection.java:133)
	at java.lang.Thread.run(Thread.java:748)
Caused by: org.apache.ratis.thirdparty.io.grpc.StatusRuntimeException: UNAVAILABLE: io exception
	at org.apache.ratis.thirdparty.io.grpc.stub.ClientCalls.toStatusRuntimeException(ClientCalls.java:233)
	at org.apache.ratis.thirdparty.io.grpc.stub.ClientCalls.getUnchecked(ClientCalls.java:214)
	at org.apache.ratis.thirdparty.io.grpc.stub.ClientCalls.blockingUnaryCall(ClientCalls.java:139)
	at org.apache.ratis.proto.grpc.RaftServerProtocolServiceGrpc$RaftServerProtocolServiceBlockingStub.requestVote(RaftServerProtocolServiceGrpc.java:265)
	at org.apache.ratis.grpc.server.GrpcServerProtocolClient.requestVote(GrpcServerProtocolClient.java:99)
	at org.apache.ratis.grpc.server.GrpcService.requestVote(GrpcService.java:204)
	at org.apache.ratis.server.impl.LeaderElection.lambda$submitRequests$1(LeaderElection.java:234)
	at java.util.concurrent.FutureTask.run(FutureTask.java:266)
	at java.util.concurrent.Executors$RunnableAdapter.call(Executors.java:511)
	at java.util.concurrent.FutureTask.run(FutureTask.java:266)
	at java.util.concurrent.ThreadPoolExecutor.runWorker(ThreadPoolExecutor.java:1149)
	at java.util.concurrent.ThreadPoolExecutor$Worker.run(ThreadPoolExecutor.java:624)
	... 1 more
Caused by: org.apache.ratis.thirdparty.io.netty.channel.AbstractChannel$AnnotatedConnectException: Connection refused: /192.168.164.209:42241
	at sun.nio.ch.SocketChannelImpl.checkConnect(Native Method)
	at sun.nio.ch.SocketChannelImpl.finishConnect(SocketChannelImpl.java:717)
	at org.apache.ratis.thirdparty.io.netty.channel.socket.nio.NioSocketChannel.doFinishConnect(NioSocketChannel.java:327)
	at org.apache.ratis.thirdparty.io.netty.channel.nio.AbstractNioChannel$AbstractNioUnsafe.finishConnect(AbstractNioChannel.java:340)
	at org.apache.ratis.thirdparty.io.netty.channel.nio.NioEventLoop.processSelectedKey(NioEventLoop.java:632)
	at org.apache.ratis.thirdparty.io.netty.channel.nio.NioEventLoop.processSelectedKeysOptimized(NioEventLoop.java:579)
	at org.apache.ratis.thirdparty.io.netty.channel.nio.NioEventLoop.processSelectedKeys(NioEventLoop.java:496)
	at org.apache.ratis.thirdparty.io.netty.channel.nio.NioEventLoop.run(NioEventLoop.java:458)
	at org.apache.ratis.thirdparty.io.netty.util.concurrent.SingleThreadEventExecutor$5.run(SingleThreadEventExecutor.java:897)
	at org.apache.ratis.thirdparty.io.netty.util.concurrent.FastThreadLocalRunnable.run(FastThreadLocalRunnable.java:30)
	... 1 more
Caused by: java.net.ConnectException: Connection refused
	... 11 more
2019-10-11 07:35:37,535 [def6d75b-2bd6-4a47-993f-f7560187f71d@group-B6E563493923-LeaderElection72] INFO  impl.RaftServerImpl (RaftServerImpl.java:setRole(170)) - def6d75b-2bd6-4a47-993f-f7560187f71d@group-B6E563493923: changes role from CANDIDATE to FOLLOWER at term 3 for DISCOVERED_A_NEW_TERM
2019-10-11 07:35:37,537 [4d415cff-0964-4c64-a0ba-bf5399f54beb@group-B6E563493923-LeaderElection73] INFO  impl.RaftServerImpl (RaftServerImpl.java:setRole(170)) - 4d415cff-0964-4c64-a0ba-bf5399f54beb@group-B6E563493923: changes role from CANDIDATE to FOLLOWER at term 3 for DISCOVERED_A_NEW_TERM
2019-10-11 07:35:37,538 [def6d75b-2bd6-4a47-993f-f7560187f71d@group-B6E563493923-LeaderElection72] INFO  impl.RoleInfo (RoleInfo.java:shutdownLeaderElection(134)) - def6d75b-2bd6-4a47-993f-f7560187f71d: shutdown LeaderElection
2019-10-11 07:35:37,538 [4d415cff-0964-4c64-a0ba-bf5399f54beb@group-B6E563493923-LeaderElection73] INFO  impl.RoleInfo (RoleInfo.java:shutdownLeaderElection(134)) - 4d415cff-0964-4c64-a0ba-bf5399f54beb: shutdown LeaderElection
2019-10-11 07:35:37,538 [def6d75b-2bd6-4a47-993f-f7560187f71d@group-B6E563493923-LeaderElection72] INFO  impl.RoleInfo (RoleInfo.java:updateAndGet(143)) - def6d75b-2bd6-4a47-993f-f7560187f71d: start FollowerState
2019-10-11 07:35:37,538 [4d415cff-0964-4c64-a0ba-bf5399f54beb@group-B6E563493923-LeaderElection73] INFO  impl.RoleInfo (RoleInfo.java:updateAndGet(143)) - 4d415cff-0964-4c64-a0ba-bf5399f54beb: start FollowerState
2019-10-11 07:35:42,628 [Thread-3139] INFO  impl.FollowerState (FollowerState.java:run(108)) - def6d75b-2bd6-4a47-993f-f7560187f71d@group-B6E563493923-FollowerState: change to CANDIDATE, lastRpcTime:5090ms, electionTimeout:5090ms
2019-10-11 07:35:42,629 [Thread-3139] INFO  impl.RoleInfo (RoleInfo.java:shutdownFollowerState(121)) - def6d75b-2bd6-4a47-993f-f7560187f71d: shutdown FollowerState
2019-10-11 07:35:42,629 [Thread-3139] INFO  impl.RaftServerImpl (RaftServerImpl.java:setRole(170)) - def6d75b-2bd6-4a47-993f-f7560187f71d@group-B6E563493923: changes role from  FOLLOWER to CANDIDATE at term 3 for changeToCandidate
2019-10-11 07:35:42,629 [Thread-3139] INFO  impl.RoleInfo (RoleInfo.java:updateAndGet(143)) - def6d75b-2bd6-4a47-993f-f7560187f71d: start LeaderElection
2019-10-11 07:35:42,633 [Thread-3140] INFO  impl.FollowerState (FollowerState.java:run(108)) - 4d415cff-0964-4c64-a0ba-bf5399f54beb@group-B6E563493923-FollowerState: change to CANDIDATE, lastRpcTime:5094ms, electionTimeout:5094ms
2019-10-11 07:35:42,633 [Thread-3140] INFO  impl.RoleInfo (RoleInfo.java:shutdownFollowerState(121)) - 4d415cff-0964-4c64-a0ba-bf5399f54beb: shutdown FollowerState
2019-10-11 07:35:42,633 [Thread-3140] INFO  impl.RaftServerImpl (RaftServerImpl.java:setRole(170)) - 4d415cff-0964-4c64-a0ba-bf5399f54beb@group-B6E563493923: changes role from  FOLLOWER to CANDIDATE at term 3 for changeToCandidate
2019-10-11 07:35:42,633 [Thread-3140] INFO  impl.RoleInfo (RoleInfo.java:updateAndGet(143)) - 4d415cff-0964-4c64-a0ba-bf5399f54beb: start LeaderElection
2019-10-11 07:35:42,657 [4d415cff-0964-4c64-a0ba-bf5399f54beb@group-B6E563493923-LeaderElection75] INFO  impl.LeaderElection (LeaderElection.java:askForVotes(178)) - 4d415cff-0964-4c64-a0ba-bf5399f54beb@group-B6E563493923-LeaderElection75: begin an election at term 4 for 0: [4d415cff-0964-4c64-a0ba-bf5399f54beb:192.168.164.209:36258, def6d75b-2bd6-4a47-993f-f7560187f71d:192.168.164.209:35462, 672bb6f8-5131-4da7-8320-8bbddbc4a98b:192.168.164.209:42241], old=null
2019-10-11 07:35:42,657 [def6d75b-2bd6-4a47-993f-f7560187f71d@group-B6E563493923-LeaderElection74] INFO  impl.LeaderElection (LeaderElection.java:askForVotes(178)) - def6d75b-2bd6-4a47-993f-f7560187f71d@group-B6E563493923-LeaderElection74: begin an election at term 4 for 0: [4d415cff-0964-4c64-a0ba-bf5399f54beb:192.168.164.209:36258, def6d75b-2bd6-4a47-993f-f7560187f71d:192.168.164.209:35462, 672bb6f8-5131-4da7-8320-8bbddbc4a98b:192.168.164.209:42241], old=null
2019-10-11 07:35:42,659 [def6d75b-2bd6-4a47-993f-f7560187f71d@group-B6E563493923-LeaderElection74] INFO  impl.LeaderElection (LogUtils.java:infoOrTrace(149)) - def6d75b-2bd6-4a47-993f-f7560187f71d@group-B6E563493923-LeaderElection74 got exception when requesting votes: {}
java.util.concurrent.ExecutionException: org.apache.ratis.thirdparty.io.grpc.StatusRuntimeException: UNAVAILABLE: io exception
	at java.util.concurrent.FutureTask.report(FutureTask.java:122)
	at java.util.concurrent.FutureTask.get(FutureTask.java:192)
	at org.apache.ratis.server.impl.LeaderElection.waitForResults(LeaderElection.java:259)
	at org.apache.ratis.server.impl.LeaderElection.askForVotes(LeaderElection.java:197)
	at org.apache.ratis.server.impl.LeaderElection.run(LeaderElection.java:133)
	at java.lang.Thread.run(Thread.java:748)
Caused by: org.apache.ratis.thirdparty.io.grpc.StatusRuntimeException: UNAVAILABLE: io exception
	at org.apache.ratis.thirdparty.io.grpc.stub.ClientCalls.toStatusRuntimeException(ClientCalls.java:233)
	at org.apache.ratis.thirdparty.io.grpc.stub.ClientCalls.getUnchecked(ClientCalls.java:214)
	at org.apache.ratis.thirdparty.io.grpc.stub.ClientCalls.blockingUnaryCall(ClientCalls.java:139)
	at org.apache.ratis.proto.grpc.RaftServerProtocolServiceGrpc$RaftServerProtocolServiceBlockingStub.requestVote(RaftServerProtocolServiceGrpc.java:265)
	at org.apache.ratis.grpc.server.GrpcServerProtocolClient.requestVote(GrpcServerProtocolClient.java:99)
	at org.apache.ratis.grpc.server.GrpcService.requestVote(GrpcService.java:204)
	at org.apache.ratis.server.impl.LeaderElection.lambda$submitRequests$1(LeaderElection.java:234)
	at java.util.concurrent.FutureTask.run(FutureTask.java:266)
	at java.util.concurrent.Executors$RunnableAdapter.call(Executors.java:511)
	at java.util.concurrent.FutureTask.run(FutureTask.java:266)
	at java.util.concurrent.ThreadPoolExecutor.runWorker(ThreadPoolExecutor.java:1149)
	at java.util.concurrent.ThreadPoolExecutor$Worker.run(ThreadPoolExecutor.java:624)
	... 1 more
Caused by: org.apache.ratis.thirdparty.io.netty.channel.AbstractChannel$AnnotatedConnectException: Connection refused: /192.168.164.209:42241
	at sun.nio.ch.SocketChannelImpl.checkConnect(Native Method)
	at sun.nio.ch.SocketChannelImpl.finishConnect(SocketChannelImpl.java:717)
	at org.apache.ratis.thirdparty.io.netty.channel.socket.nio.NioSocketChannel.doFinishConnect(NioSocketChannel.java:327)
	at org.apache.ratis.thirdparty.io.netty.channel.nio.AbstractNioChannel$AbstractNioUnsafe.finishConnect(AbstractNioChannel.java:340)
	at org.apache.ratis.thirdparty.io.netty.channel.nio.NioEventLoop.processSelectedKey(NioEventLoop.java:632)
	at org.apache.ratis.thirdparty.io.netty.channel.nio.NioEventLoop.processSelectedKeysOptimized(NioEventLoop.java:579)
	at org.apache.ratis.thirdparty.io.netty.channel.nio.NioEventLoop.processSelectedKeys(NioEventLoop.java:496)
	at org.apache.ratis.thirdparty.io.netty.channel.nio.NioEventLoop.run(NioEventLoop.java:458)
	at org.apache.ratis.thirdparty.io.netty.util.concurrent.SingleThreadEventExecutor$5.run(SingleThreadEventExecutor.java:897)
	at org.apache.ratis.thirdparty.io.netty.util.concurrent.FastThreadLocalRunnable.run(FastThreadLocalRunnable.java:30)
	... 1 more
Caused by: java.net.ConnectException: Connection refused
	... 11 more
2019-10-11 07:35:42,659 [4d415cff-0964-4c64-a0ba-bf5399f54beb@group-B6E563493923-LeaderElection75] INFO  impl.LeaderElection (LogUtils.java:infoOrTrace(149)) - 4d415cff-0964-4c64-a0ba-bf5399f54beb@group-B6E563493923-LeaderElection75 got exception when requesting votes: {}
java.util.concurrent.ExecutionException: org.apache.ratis.thirdparty.io.grpc.StatusRuntimeException: UNAVAILABLE: io exception
	at java.util.concurrent.FutureTask.report(FutureTask.java:122)
	at java.util.concurrent.FutureTask.get(FutureTask.java:192)
	at org.apache.ratis.server.impl.LeaderElection.waitForResults(LeaderElection.java:259)
	at org.apache.ratis.server.impl.LeaderElection.askForVotes(LeaderElection.java:197)
	at org.apache.ratis.server.impl.LeaderElection.run(LeaderElection.java:133)
	at java.lang.Thread.run(Thread.java:748)
Caused by: org.apache.ratis.thirdparty.io.grpc.StatusRuntimeException: UNAVAILABLE: io exception
	at org.apache.ratis.thirdparty.io.grpc.stub.ClientCalls.toStatusRuntimeException(ClientCalls.java:233)
	at org.apache.ratis.thirdparty.io.grpc.stub.ClientCalls.getUnchecked(ClientCalls.java:214)
	at org.apache.ratis.thirdparty.io.grpc.stub.ClientCalls.blockingUnaryCall(ClientCalls.java:139)
	at org.apache.ratis.proto.grpc.RaftServerProtocolServiceGrpc$RaftServerProtocolServiceBlockingStub.requestVote(RaftServerProtocolServiceGrpc.java:265)
	at org.apache.ratis.grpc.server.GrpcServerProtocolClient.requestVote(GrpcServerProtocolClient.java:99)
	at org.apache.ratis.grpc.server.GrpcService.requestVote(GrpcService.java:204)
	at org.apache.ratis.server.impl.LeaderElection.lambda$submitRequests$1(LeaderElection.java:234)
	at java.util.concurrent.FutureTask.run(FutureTask.java:266)
	at java.util.concurrent.Executors$RunnableAdapter.call(Executors.java:511)
	at java.util.concurrent.FutureTask.run(FutureTask.java:266)
	at java.util.concurrent.ThreadPoolExecutor.runWorker(ThreadPoolExecutor.java:1149)
	at java.util.concurrent.ThreadPoolExecutor$Worker.run(ThreadPoolExecutor.java:624)
	... 1 more
Caused by: org.apache.ratis.thirdparty.io.netty.channel.AbstractChannel$AnnotatedConnectException: Connection refused: /192.168.164.209:42241
	at sun.nio.ch.SocketChannelImpl.checkConnect(Native Method)
	at sun.nio.ch.SocketChannelImpl.finishConnect(SocketChannelImpl.java:717)
	at org.apache.ratis.thirdparty.io.netty.channel.socket.nio.NioSocketChannel.doFinishConnect(NioSocketChannel.java:327)
	at org.apache.ratis.thirdparty.io.netty.channel.nio.AbstractNioChannel$AbstractNioUnsafe.finishConnect(AbstractNioChannel.java:340)
	at org.apache.ratis.thirdparty.io.netty.channel.nio.NioEventLoop.processSelectedKey(NioEventLoop.java:632)
	at org.apache.ratis.thirdparty.io.netty.channel.nio.NioEventLoop.processSelectedKeysOptimized(NioEventLoop.java:579)
	at org.apache.ratis.thirdparty.io.netty.channel.nio.NioEventLoop.processSelectedKeys(NioEventLoop.java:496)
	at org.apache.ratis.thirdparty.io.netty.channel.nio.NioEventLoop.run(NioEventLoop.java:458)
	at org.apache.ratis.thirdparty.io.netty.util.concurrent.SingleThreadEventExecutor$5.run(SingleThreadEventExecutor.java:897)
	at org.apache.ratis.thirdparty.io.netty.util.concurrent.FastThreadLocalRunnable.run(FastThreadLocalRunnable.java:30)
	... 1 more
Caused by: java.net.ConnectException: Connection refused
	... 11 more
2019-10-11 07:35:42,667 [4d415cff-0964-4c64-a0ba-bf5399f54beb@group-B6E563493923-LeaderElection75] INFO  impl.LeaderElection (LeaderElection.java:logAndReturn(56)) - 4d415cff-0964-4c64-a0ba-bf5399f54beb@group-B6E563493923-LeaderElection75: Election REJECTED; received 1 response(s) [4d415cff-0964-4c64-a0ba-bf5399f54beb<-def6d75b-2bd6-4a47-993f-f7560187f71d#0:FAIL-t4] and 1 exception(s); 4d415cff-0964-4c64-a0ba-bf5399f54beb@group-B6E563493923:t4, leader=null, voted=4d415cff-0964-4c64-a0ba-bf5399f54beb, raftlog=4d415cff-0964-4c64-a0ba-bf5399f54beb@group-B6E563493923-SegmentedRaftLog:OPENED:c15,f15,i15, conf=0: [4d415cff-0964-4c64-a0ba-bf5399f54beb:192.168.164.209:36258, def6d75b-2bd6-4a47-993f-f7560187f71d:192.168.164.209:35462, 672bb6f8-5131-4da7-8320-8bbddbc4a98b:192.168.164.209:42241], old=null
2019-10-11 07:35:42,667 [4d415cff-0964-4c64-a0ba-bf5399f54beb@group-B6E563493923-LeaderElection75] INFO  impl.LeaderElection (LogUtils.java:infoOrTrace(149)) -   Exception 0: {}
java.util.concurrent.ExecutionException: org.apache.ratis.thirdparty.io.grpc.StatusRuntimeException: UNAVAILABLE: io exception
	at java.util.concurrent.FutureTask.report(FutureTask.java:122)
	at java.util.concurrent.FutureTask.get(FutureTask.java:192)
	at org.apache.ratis.server.impl.LeaderElection.waitForResults(LeaderElection.java:259)
	at org.apache.ratis.server.impl.LeaderElection.askForVotes(LeaderElection.java:197)
	at org.apache.ratis.server.impl.LeaderElection.run(LeaderElection.java:133)
	at java.lang.Thread.run(Thread.java:748)
Caused by: org.apache.ratis.thirdparty.io.grpc.StatusRuntimeException: UNAVAILABLE: io exception
	at org.apache.ratis.thirdparty.io.grpc.stub.ClientCalls.toStatusRuntimeException(ClientCalls.java:233)
	at org.apache.ratis.thirdparty.io.grpc.stub.ClientCalls.getUnchecked(ClientCalls.java:214)
	at org.apache.ratis.thirdparty.io.grpc.stub.ClientCalls.blockingUnaryCall(ClientCalls.java:139)
	at org.apache.ratis.proto.grpc.RaftServerProtocolServiceGrpc$RaftServerProtocolServiceBlockingStub.requestVote(RaftServerProtocolServiceGrpc.java:265)
	at org.apache.ratis.grpc.server.GrpcServerProtocolClient.requestVote(GrpcServerProtocolClient.java:99)
	at org.apache.ratis.grpc.server.GrpcService.requestVote(GrpcService.java:204)
	at org.apache.ratis.server.impl.LeaderElection.lambda$submitRequests$1(LeaderElection.java:234)
	at java.util.concurrent.FutureTask.run(FutureTask.java:266)
	at java.util.concurrent.Executors$RunnableAdapter.call(Executors.java:511)
	at java.util.concurrent.FutureTask.run(FutureTask.java:266)
	at java.util.concurrent.ThreadPoolExecutor.runWorker(ThreadPoolExecutor.java:1149)
	at java.util.concurrent.ThreadPoolExecutor$Worker.run(ThreadPoolExecutor.java:624)
	... 1 more
Caused by: org.apache.ratis.thirdparty.io.netty.channel.AbstractChannel$AnnotatedConnectException: Connection refused: /192.168.164.209:42241
	at sun.nio.ch.SocketChannelImpl.checkConnect(Native Method)
	at sun.nio.ch.SocketChannelImpl.finishConnect(SocketChannelImpl.java:717)
	at org.apache.ratis.thirdparty.io.netty.channel.socket.nio.NioSocketChannel.doFinishConnect(NioSocketChannel.java:327)
	at org.apache.ratis.thirdparty.io.netty.channel.nio.AbstractNioChannel$AbstractNioUnsafe.finishConnect(AbstractNioChannel.java:340)
	at org.apache.ratis.thirdparty.io.netty.channel.nio.NioEventLoop.processSelectedKey(NioEventLoop.java:632)
	at org.apache.ratis.thirdparty.io.netty.channel.nio.NioEventLoop.processSelectedKeysOptimized(NioEventLoop.java:579)
	at org.apache.ratis.thirdparty.io.netty.channel.nio.NioEventLoop.processSelectedKeys(NioEventLoop.java:496)
	at org.apache.ratis.thirdparty.io.netty.channel.nio.NioEventLoop.run(NioEventLoop.java:458)
	at org.apache.ratis.thirdparty.io.netty.util.concurrent.SingleThreadEventExecutor$5.run(SingleThreadEventExecutor.java:897)
	at org.apache.ratis.thirdparty.io.netty.util.concurrent.FastThreadLocalRunnable.run(FastThreadLocalRunnable.java:30)
	... 1 more
Caused by: java.net.ConnectException: Connection refused
	... 11 more
2019-10-11 07:35:42,667 [def6d75b-2bd6-4a47-993f-f7560187f71d@group-B6E563493923-LeaderElection74] INFO  impl.LeaderElection (LeaderElection.java:logAndReturn(56)) - def6d75b-2bd6-4a47-993f-f7560187f71d@group-B6E563493923-LeaderElection74: Election REJECTED; received 1 response(s) [def6d75b-2bd6-4a47-993f-f7560187f71d<-4d415cff-0964-4c64-a0ba-bf5399f54beb#0:FAIL-t4] and 1 exception(s); def6d75b-2bd6-4a47-993f-f7560187f71d@group-B6E563493923:t4, leader=null, voted=def6d75b-2bd6-4a47-993f-f7560187f71d, raftlog=def6d75b-2bd6-4a47-993f-f7560187f71d@group-B6E563493923-SegmentedRaftLog:OPENED:c15,f15,i15, conf=0: [4d415cff-0964-4c64-a0ba-bf5399f54beb:192.168.164.209:36258, def6d75b-2bd6-4a47-993f-f7560187f71d:192.168.164.209:35462, 672bb6f8-5131-4da7-8320-8bbddbc4a98b:192.168.164.209:42241], old=null
2019-10-11 07:35:42,667 [4d415cff-0964-4c64-a0ba-bf5399f54beb@group-B6E563493923-LeaderElection75] INFO  impl.RaftServerImpl (RaftServerImpl.java:setRole(170)) - 4d415cff-0964-4c64-a0ba-bf5399f54beb@group-B6E563493923: changes role from CANDIDATE to FOLLOWER at term 4 for DISCOVERED_A_NEW_TERM
2019-10-11 07:35:42,670 [4d415cff-0964-4c64-a0ba-bf5399f54beb@group-B6E563493923-LeaderElection75] INFO  impl.RoleInfo (RoleInfo.java:shutdownLeaderElection(134)) - 4d415cff-0964-4c64-a0ba-bf5399f54beb: shutdown LeaderElection
2019-10-11 07:35:42,670 [def6d75b-2bd6-4a47-993f-f7560187f71d@group-B6E563493923-LeaderElection74] INFO  impl.LeaderElection (LogUtils.java:infoOrTrace(149)) -   Exception 0: {}
java.util.concurrent.ExecutionException: org.apache.ratis.thirdparty.io.grpc.StatusRuntimeException: UNAVAILABLE: io exception
	at java.util.concurrent.FutureTask.report(FutureTask.java:122)
	at java.util.concurrent.FutureTask.get(FutureTask.java:192)
	at org.apache.ratis.server.impl.LeaderElection.waitForResults(LeaderElection.java:259)
	at org.apache.ratis.server.impl.LeaderElection.askForVotes(LeaderElection.java:197)
	at org.apache.ratis.server.impl.LeaderElection.run(LeaderElection.java:133)
	at java.lang.Thread.run(Thread.java:748)
Caused by: org.apache.ratis.thirdparty.io.grpc.StatusRuntimeException: UNAVAILABLE: io exception
	at org.apache.ratis.thirdparty.io.grpc.stub.ClientCalls.toStatusRuntimeException(ClientCalls.java:233)
	at org.apache.ratis.thirdparty.io.grpc.stub.ClientCalls.getUnchecked(ClientCalls.java:214)
	at org.apache.ratis.thirdparty.io.grpc.stub.ClientCalls.blockingUnaryCall(ClientCalls.java:139)
	at org.apache.ratis.proto.grpc.RaftServerProtocolServiceGrpc$RaftServerProtocolServiceBlockingStub.requestVote(RaftServerProtocolServiceGrpc.java:265)
	at org.apache.ratis.grpc.server.GrpcServerProtocolClient.requestVote(GrpcServerProtocolClient.java:99)
	at org.apache.ratis.grpc.server.GrpcService.requestVote(GrpcService.java:204)
	at org.apache.ratis.server.impl.LeaderElection.lambda$submitRequests$1(LeaderElection.java:234)
	at java.util.concurrent.FutureTask.run(FutureTask.java:266)
	at java.util.concurrent.Executors$RunnableAdapter.call(Executors.java:511)
	at java.util.concurrent.FutureTask.run(FutureTask.java:266)
	at java.util.concurrent.ThreadPoolExecutor.runWorker(ThreadPoolExecutor.java:1149)
	at java.util.concurrent.ThreadPoolExecutor$Worker.run(ThreadPoolExecutor.java:624)
	... 1 more
Caused by: org.apache.ratis.thirdparty.io.netty.channel.AbstractChannel$AnnotatedConnectException: Connection refused: /192.168.164.209:42241
	at sun.nio.ch.SocketChannelImpl.checkConnect(Native Method)
	at sun.nio.ch.SocketChannelImpl.finishConnect(SocketChannelImpl.java:717)
	at org.apache.ratis.thirdparty.io.netty.channel.socket.nio.NioSocketChannel.doFinishConnect(NioSocketChannel.java:327)
	at org.apache.ratis.thirdparty.io.netty.channel.nio.AbstractNioChannel$AbstractNioUnsafe.finishConnect(AbstractNioChannel.java:340)
	at org.apache.ratis.thirdparty.io.netty.channel.nio.NioEventLoop.processSelectedKey(NioEventLoop.java:632)
	at org.apache.ratis.thirdparty.io.netty.channel.nio.NioEventLoop.processSelectedKeysOptimized(NioEventLoop.java:579)
	at org.apache.ratis.thirdparty.io.netty.channel.nio.NioEventLoop.processSelectedKeys(NioEventLoop.java:496)
	at org.apache.ratis.thirdparty.io.netty.channel.nio.NioEventLoop.run(NioEventLoop.java:458)
	at org.apache.ratis.thirdparty.io.netty.util.concurrent.SingleThreadEventExecutor$5.run(SingleThreadEventExecutor.java:897)
	at org.apache.ratis.thirdparty.io.netty.util.concurrent.FastThreadLocalRunnable.run(FastThreadLocalRunnable.java:30)
	... 1 more
Caused by: java.net.ConnectException: Connection refused
	... 11 more
2019-10-11 07:35:42,670 [4d415cff-0964-4c64-a0ba-bf5399f54beb@group-B6E563493923-LeaderElection75] INFO  impl.RoleInfo (RoleInfo.java:updateAndGet(143)) - 4d415cff-0964-4c64-a0ba-bf5399f54beb: start FollowerState
2019-10-11 07:35:42,672 [def6d75b-2bd6-4a47-993f-f7560187f71d@group-B6E563493923-LeaderElection74] INFO  impl.RaftServerImpl (RaftServerImpl.java:setRole(170)) - def6d75b-2bd6-4a47-993f-f7560187f71d@group-B6E563493923: changes role from CANDIDATE to FOLLOWER at term 4 for DISCOVERED_A_NEW_TERM
2019-10-11 07:35:42,673 [def6d75b-2bd6-4a47-993f-f7560187f71d@group-B6E563493923-LeaderElection74] INFO  impl.RoleInfo (RoleInfo.java:shutdownLeaderElection(134)) - def6d75b-2bd6-4a47-993f-f7560187f71d: shutdown LeaderElection
2019-10-11 07:35:42,673 [def6d75b-2bd6-4a47-993f-f7560187f71d@group-B6E563493923-LeaderElection74] INFO  impl.RoleInfo (RoleInfo.java:updateAndGet(143)) - def6d75b-2bd6-4a47-993f-f7560187f71d: start FollowerState
2019-10-11 07:35:47,705 [Thread-3160] INFO  impl.FollowerState (FollowerState.java:run(108)) - def6d75b-2bd6-4a47-993f-f7560187f71d@group-B6E563493923-FollowerState: change to CANDIDATE, lastRpcTime:5031ms, electionTimeout:5031ms
2019-10-11 07:35:47,707 [Thread-3160] INFO  impl.RoleInfo (RoleInfo.java:shutdownFollowerState(121)) - def6d75b-2bd6-4a47-993f-f7560187f71d: shutdown FollowerState
2019-10-11 07:35:47,707 [Thread-3160] INFO  impl.RaftServerImpl (RaftServerImpl.java:setRole(170)) - def6d75b-2bd6-4a47-993f-f7560187f71d@group-B6E563493923: changes role from  FOLLOWER to CANDIDATE at term 4 for changeToCandidate
2019-10-11 07:35:47,708 [Thread-3160] INFO  impl.RoleInfo (RoleInfo.java:updateAndGet(143)) - def6d75b-2bd6-4a47-993f-f7560187f71d: start LeaderElection
2019-10-11 07:35:47,731 [Thread-3159] INFO  impl.FollowerState (FollowerState.java:run(108)) - 4d415cff-0964-4c64-a0ba-bf5399f54beb@group-B6E563493923-FollowerState: change to CANDIDATE, lastRpcTime:5061ms, electionTimeout:5058ms
2019-10-11 07:35:47,731 [Thread-3159] INFO  impl.RoleInfo (RoleInfo.java:shutdownFollowerState(121)) - 4d415cff-0964-4c64-a0ba-bf5399f54beb: shutdown FollowerState
2019-10-11 07:35:47,731 [Thread-3159] INFO  impl.RaftServerImpl (RaftServerImpl.java:setRole(170)) - 4d415cff-0964-4c64-a0ba-bf5399f54beb@group-B6E563493923: changes role from  FOLLOWER to CANDIDATE at term 4 for changeToCandidate
2019-10-11 07:35:47,732 [Thread-3159] INFO  impl.RoleInfo (RoleInfo.java:updateAndGet(143)) - 4d415cff-0964-4c64-a0ba-bf5399f54beb: start LeaderElection
2019-10-11 07:35:47,763 [def6d75b-2bd6-4a47-993f-f7560187f71d@group-B6E563493923-LeaderElection76] INFO  impl.LeaderElection (LeaderElection.java:askForVotes(178)) - def6d75b-2bd6-4a47-993f-f7560187f71d@group-B6E563493923-LeaderElection76: begin an election at term 5 for 0: [4d415cff-0964-4c64-a0ba-bf5399f54beb:192.168.164.209:36258, def6d75b-2bd6-4a47-993f-f7560187f71d:192.168.164.209:35462, 672bb6f8-5131-4da7-8320-8bbddbc4a98b:192.168.164.209:42241], old=null
2019-10-11 07:35:47,763 [4d415cff-0964-4c64-a0ba-bf5399f54beb@group-B6E563493923-LeaderElection77] INFO  impl.LeaderElection (LeaderElection.java:askForVotes(178)) - 4d415cff-0964-4c64-a0ba-bf5399f54beb@group-B6E563493923-LeaderElection77: begin an election at term 5 for 0: [4d415cff-0964-4c64-a0ba-bf5399f54beb:192.168.164.209:36258, def6d75b-2bd6-4a47-993f-f7560187f71d:192.168.164.209:35462, 672bb6f8-5131-4da7-8320-8bbddbc4a98b:192.168.164.209:42241], old=null
2019-10-11 07:35:47,765 [def6d75b-2bd6-4a47-993f-f7560187f71d@group-B6E563493923-LeaderElection76] INFO  impl.LeaderElection (LogUtils.java:infoOrTrace(149)) - def6d75b-2bd6-4a47-993f-f7560187f71d@group-B6E563493923-LeaderElection76 got exception when requesting votes: {}
java.util.concurrent.ExecutionException: org.apache.ratis.thirdparty.io.grpc.StatusRuntimeException: UNAVAILABLE: io exception
	at java.util.concurrent.FutureTask.report(FutureTask.java:122)
	at java.util.concurrent.FutureTask.get(FutureTask.java:192)
	at org.apache.ratis.server.impl.LeaderElection.waitForResults(LeaderElection.java:259)
	at org.apache.ratis.server.impl.LeaderElection.askForVotes(LeaderElection.java:197)
	at org.apache.ratis.server.impl.LeaderElection.run(LeaderElection.java:133)
	at java.lang.Thread.run(Thread.java:748)
Caused by: org.apache.ratis.thirdparty.io.grpc.StatusRuntimeException: UNAVAILABLE: io exception
	at org.apache.ratis.thirdparty.io.grpc.stub.ClientCalls.toStatusRuntimeException(ClientCalls.java:233)
	at org.apache.ratis.thirdparty.io.grpc.stub.ClientCalls.getUnchecked(ClientCalls.java:214)
	at org.apache.ratis.thirdparty.io.grpc.stub.ClientCalls.blockingUnaryCall(ClientCalls.java:139)
	at org.apache.ratis.proto.grpc.RaftServerProtocolServiceGrpc$RaftServerProtocolServiceBlockingStub.requestVote(RaftServerProtocolServiceGrpc.java:265)
	at org.apache.ratis.grpc.server.GrpcServerProtocolClient.requestVote(GrpcServerProtocolClient.java:99)
	at org.apache.ratis.grpc.server.GrpcService.requestVote(GrpcService.java:204)
	at org.apache.ratis.server.impl.LeaderElection.lambda$submitRequests$1(LeaderElection.java:234)
	at java.util.concurrent.FutureTask.run(FutureTask.java:266)
	at java.util.concurrent.Executors$RunnableAdapter.call(Executors.java:511)
	at java.util.concurrent.FutureTask.run(FutureTask.java:266)
	at java.util.concurrent.ThreadPoolExecutor.runWorker(ThreadPoolExecutor.java:1149)
	at java.util.concurrent.ThreadPoolExecutor$Worker.run(ThreadPoolExecutor.java:624)
	... 1 more
Caused by: org.apache.ratis.thirdparty.io.netty.channel.AbstractChannel$AnnotatedConnectException: Connection refused: /192.168.164.209:42241
	at sun.nio.ch.SocketChannelImpl.checkConnect(Native Method)
	at sun.nio.ch.SocketChannelImpl.finishConnect(SocketChannelImpl.java:717)
	at org.apache.ratis.thirdparty.io.netty.channel.socket.nio.NioSocketChannel.doFinishConnect(NioSocketChannel.java:327)
	at org.apache.ratis.thirdparty.io.netty.channel.nio.AbstractNioChannel$AbstractNioUnsafe.finishConnect(AbstractNioChannel.java:340)
	at org.apache.ratis.thirdparty.io.netty.channel.nio.NioEventLoop.processSelectedKey(NioEventLoop.java:632)
	at org.apache.ratis.thirdparty.io.netty.channel.nio.NioEventLoop.processSelectedKeysOptimized(NioEventLoop.java:579)
	at org.apache.ratis.thirdparty.io.netty.channel.nio.NioEventLoop.processSelectedKeys(NioEventLoop.java:496)
	at org.apache.ratis.thirdparty.io.netty.channel.nio.NioEventLoop.run(NioEventLoop.java:458)
	at org.apache.ratis.thirdparty.io.netty.util.concurrent.SingleThreadEventExecutor$5.run(SingleThreadEventExecutor.java:897)
	at org.apache.ratis.thirdparty.io.netty.util.concurrent.FastThreadLocalRunnable.run(FastThreadLocalRunnable.java:30)
	... 1 more
Caused by: java.net.ConnectException: Connection refused
	... 11 more
2019-10-11 07:35:47,765 [4d415cff-0964-4c64-a0ba-bf5399f54beb@group-B6E563493923-LeaderElection77] INFO  impl.LeaderElection (LogUtils.java:infoOrTrace(149)) - 4d415cff-0964-4c64-a0ba-bf5399f54beb@group-B6E563493923-LeaderElection77 got exception when requesting votes: {}
java.util.concurrent.ExecutionException: org.apache.ratis.thirdparty.io.grpc.StatusRuntimeException: UNAVAILABLE: io exception
	at java.util.concurrent.FutureTask.report(FutureTask.java:122)
	at java.util.concurrent.FutureTask.get(FutureTask.java:192)
	at org.apache.ratis.server.impl.LeaderElection.waitForResults(LeaderElection.java:259)
	at org.apache.ratis.server.impl.LeaderElection.askForVotes(LeaderElection.java:197)
	at org.apache.ratis.server.impl.LeaderElection.run(LeaderElection.java:133)
	at java.lang.Thread.run(Thread.java:748)
Caused by: org.apache.ratis.thirdparty.io.grpc.StatusRuntimeException: UNAVAILABLE: io exception
	at org.apache.ratis.thirdparty.io.grpc.stub.ClientCalls.toStatusRuntimeException(ClientCalls.java:233)
	at org.apache.ratis.thirdparty.io.grpc.stub.ClientCalls.getUnchecked(ClientCalls.java:214)
	at org.apache.ratis.thirdparty.io.grpc.stub.ClientCalls.blockingUnaryCall(ClientCalls.java:139)
	at org.apache.ratis.proto.grpc.RaftServerProtocolServiceGrpc$RaftServerProtocolServiceBlockingStub.requestVote(RaftServerProtocolServiceGrpc.java:265)
	at org.apache.ratis.grpc.server.GrpcServerProtocolClient.requestVote(GrpcServerProtocolClient.java:99)
	at org.apache.ratis.grpc.server.GrpcService.requestVote(GrpcService.java:204)
	at org.apache.ratis.server.impl.LeaderElection.lambda$submitRequests$1(LeaderElection.java:234)
	at java.util.concurrent.FutureTask.run(FutureTask.java:266)
	at java.util.concurrent.Executors$RunnableAdapter.call(Executors.java:511)
	at java.util.concurrent.FutureTask.run(FutureTask.java:266)
	at java.util.concurrent.ThreadPoolExecutor.runWorker(ThreadPoolExecutor.java:1149)
	at java.util.concurrent.ThreadPoolExecutor$Worker.run(ThreadPoolExecutor.java:624)
	... 1 more
Caused by: org.apache.ratis.thirdparty.io.netty.channel.AbstractChannel$AnnotatedConnectException: Connection refused: /192.168.164.209:42241
	at sun.nio.ch.SocketChannelImpl.checkConnect(Native Method)
	at sun.nio.ch.SocketChannelImpl.finishConnect(SocketChannelImpl.java:717)
	at org.apache.ratis.thirdparty.io.netty.channel.socket.nio.NioSocketChannel.doFinishConnect(NioSocketChannel.java:327)
	at org.apache.ratis.thirdparty.io.netty.channel.nio.AbstractNioChannel$AbstractNioUnsafe.finishConnect(AbstractNioChannel.java:340)
	at org.apache.ratis.thirdparty.io.netty.channel.nio.NioEventLoop.processSelectedKey(NioEventLoop.java:632)
	at org.apache.ratis.thirdparty.io.netty.channel.nio.NioEventLoop.processSelectedKeysOptimized(NioEventLoop.java:579)
	at org.apache.ratis.thirdparty.io.netty.channel.nio.NioEventLoop.processSelectedKeys(NioEventLoop.java:496)
	at org.apache.ratis.thirdparty.io.netty.channel.nio.NioEventLoop.run(NioEventLoop.java:458)
	at org.apache.ratis.thirdparty.io.netty.util.concurrent.SingleThreadEventExecutor$5.run(SingleThreadEventExecutor.java:897)
	at org.apache.ratis.thirdparty.io.netty.util.concurrent.FastThreadLocalRunnable.run(FastThreadLocalRunnable.java:30)
	... 1 more
Caused by: java.net.ConnectException: Connection refused
	... 11 more
2019-10-11 07:35:47,782 [def6d75b-2bd6-4a47-993f-f7560187f71d@group-B6E563493923-LeaderElection76] INFO  impl.LeaderElection (LeaderElection.java:logAndReturn(56)) - def6d75b-2bd6-4a47-993f-f7560187f71d@group-B6E563493923-LeaderElection76: Election REJECTED; received 1 response(s) [def6d75b-2bd6-4a47-993f-f7560187f71d<-4d415cff-0964-4c64-a0ba-bf5399f54beb#0:FAIL-t5] and 1 exception(s); def6d75b-2bd6-4a47-993f-f7560187f71d@group-B6E563493923:t5, leader=null, voted=def6d75b-2bd6-4a47-993f-f7560187f71d, raftlog=def6d75b-2bd6-4a47-993f-f7560187f71d@group-B6E563493923-SegmentedRaftLog:OPENED:c15,f15,i15, conf=0: [4d415cff-0964-4c64-a0ba-bf5399f54beb:192.168.164.209:36258, def6d75b-2bd6-4a47-993f-f7560187f71d:192.168.164.209:35462, 672bb6f8-5131-4da7-8320-8bbddbc4a98b:192.168.164.209:42241], old=null
2019-10-11 07:35:47,782 [def6d75b-2bd6-4a47-993f-f7560187f71d@group-B6E563493923-LeaderElection76] INFO  impl.LeaderElection (LogUtils.java:infoOrTrace(149)) -   Exception 0: {}
java.util.concurrent.ExecutionException: org.apache.ratis.thirdparty.io.grpc.StatusRuntimeException: UNAVAILABLE: io exception
	at java.util.concurrent.FutureTask.report(FutureTask.java:122)
	at java.util.concurrent.FutureTask.get(FutureTask.java:192)
	at org.apache.ratis.server.impl.LeaderElection.waitForResults(LeaderElection.java:259)
	at org.apache.ratis.server.impl.LeaderElection.askForVotes(LeaderElection.java:197)
	at org.apache.ratis.server.impl.LeaderElection.run(LeaderElection.java:133)
	at java.lang.Thread.run(Thread.java:748)
Caused by: org.apache.ratis.thirdparty.io.grpc.StatusRuntimeException: UNAVAILABLE: io exception
	at org.apache.ratis.thirdparty.io.grpc.stub.ClientCalls.toStatusRuntimeException(ClientCalls.java:233)
	at org.apache.ratis.thirdparty.io.grpc.stub.ClientCalls.getUnchecked(ClientCalls.java:214)
	at org.apache.ratis.thirdparty.io.grpc.stub.ClientCalls.blockingUnaryCall(ClientCalls.java:139)
	at org.apache.ratis.proto.grpc.RaftServerProtocolServiceGrpc$RaftServerProtocolServiceBlockingStub.requestVote(RaftServerProtocolServiceGrpc.java:265)
	at org.apache.ratis.grpc.server.GrpcServerProtocolClient.requestVote(GrpcServerProtocolClient.java:99)
	at org.apache.ratis.grpc.server.GrpcService.requestVote(GrpcService.java:204)
	at org.apache.ratis.server.impl.LeaderElection.lambda$submitRequests$1(LeaderElection.java:234)
	at java.util.concurrent.FutureTask.run(FutureTask.java:266)
	at java.util.concurrent.Executors$RunnableAdapter.call(Executors.java:511)
	at java.util.concurrent.FutureTask.run(FutureTask.java:266)
	at java.util.concurrent.ThreadPoolExecutor.runWorker(ThreadPoolExecutor.java:1149)
	at java.util.concurrent.ThreadPoolExecutor$Worker.run(ThreadPoolExecutor.java:624)
	... 1 more
Caused by: org.apache.ratis.thirdparty.io.netty.channel.AbstractChannel$AnnotatedConnectException: Connection refused: /192.168.164.209:42241
	at sun.nio.ch.SocketChannelImpl.checkConnect(Native Method)
	at sun.nio.ch.SocketChannelImpl.finishConnect(SocketChannelImpl.java:717)
	at org.apache.ratis.thirdparty.io.netty.channel.socket.nio.NioSocketChannel.doFinishConnect(NioSocketChannel.java:327)
	at org.apache.ratis.thirdparty.io.netty.channel.nio.AbstractNioChannel$AbstractNioUnsafe.finishConnect(AbstractNioChannel.java:340)
	at org.apache.ratis.thirdparty.io.netty.channel.nio.NioEventLoop.processSelectedKey(NioEventLoop.java:632)
	at org.apache.ratis.thirdparty.io.netty.channel.nio.NioEventLoop.processSelectedKeysOptimized(NioEventLoop.java:579)
	at org.apache.ratis.thirdparty.io.netty.channel.nio.NioEventLoop.processSelectedKeys(NioEventLoop.java:496)
	at org.apache.ratis.thirdparty.io.netty.channel.nio.NioEventLoop.run(NioEventLoop.java:458)
	at org.apache.ratis.thirdparty.io.netty.util.concurrent.SingleThreadEventExecutor$5.run(SingleThreadEventExecutor.java:897)
	at org.apache.ratis.thirdparty.io.netty.util.concurrent.FastThreadLocalRunnable.run(FastThreadLocalRunnable.java:30)
	... 1 more
Caused by: java.net.ConnectException: Connection refused
	... 11 more
2019-10-11 07:35:47,782 [4d415cff-0964-4c64-a0ba-bf5399f54beb@group-B6E563493923-LeaderElection77] INFO  impl.LeaderElection (LeaderElection.java:logAndReturn(56)) - 4d415cff-0964-4c64-a0ba-bf5399f54beb@group-B6E563493923-LeaderElection77: Election REJECTED; received 1 response(s) [4d415cff-0964-4c64-a0ba-bf5399f54beb<-def6d75b-2bd6-4a47-993f-f7560187f71d#0:FAIL-t5] and 1 exception(s); 4d415cff-0964-4c64-a0ba-bf5399f54beb@group-B6E563493923:t5, leader=null, voted=4d415cff-0964-4c64-a0ba-bf5399f54beb, raftlog=4d415cff-0964-4c64-a0ba-bf5399f54beb@group-B6E563493923-SegmentedRaftLog:OPENED:c15,f15,i15, conf=0: [4d415cff-0964-4c64-a0ba-bf5399f54beb:192.168.164.209:36258, def6d75b-2bd6-4a47-993f-f7560187f71d:192.168.164.209:35462, 672bb6f8-5131-4da7-8320-8bbddbc4a98b:192.168.164.209:42241], old=null
2019-10-11 07:35:47,783 [def6d75b-2bd6-4a47-993f-f7560187f71d@group-B6E563493923-LeaderElection76] INFO  impl.RaftServerImpl (RaftServerImpl.java:setRole(170)) - def6d75b-2bd6-4a47-993f-f7560187f71d@group-B6E563493923: changes role from CANDIDATE to FOLLOWER at term 5 for DISCOVERED_A_NEW_TERM
2019-10-11 07:35:47,785 [4d415cff-0964-4c64-a0ba-bf5399f54beb@group-B6E563493923-LeaderElection77] INFO  impl.LeaderElection (LogUtils.java:infoOrTrace(149)) -   Exception 0: {}
java.util.concurrent.ExecutionException: org.apache.ratis.thirdparty.io.grpc.StatusRuntimeException: UNAVAILABLE: io exception
	at java.util.concurrent.FutureTask.report(FutureTask.java:122)
	at java.util.concurrent.FutureTask.get(FutureTask.java:192)
	at org.apache.ratis.server.impl.LeaderElection.waitForResults(LeaderElection.java:259)
	at org.apache.ratis.server.impl.LeaderElection.askForVotes(LeaderElection.java:197)
	at org.apache.ratis.server.impl.LeaderElection.run(LeaderElection.java:133)
	at java.lang.Thread.run(Thread.java:748)
Caused by: org.apache.ratis.thirdparty.io.grpc.StatusRuntimeException: UNAVAILABLE: io exception
	at org.apache.ratis.thirdparty.io.grpc.stub.ClientCalls.toStatusRuntimeException(ClientCalls.java:233)
	at org.apache.ratis.thirdparty.io.grpc.stub.ClientCalls.getUnchecked(ClientCalls.java:214)
	at org.apache.ratis.thirdparty.io.grpc.stub.ClientCalls.blockingUnaryCall(ClientCalls.java:139)
	at org.apache.ratis.proto.grpc.RaftServerProtocolServiceGrpc$RaftServerProtocolServiceBlockingStub.requestVote(RaftServerProtocolServiceGrpc.java:265)
	at org.apache.ratis.grpc.server.GrpcServerProtocolClient.requestVote(GrpcServerProtocolClient.java:99)
	at org.apache.ratis.grpc.server.GrpcService.requestVote(GrpcService.java:204)
	at org.apache.ratis.server.impl.LeaderElection.lambda$submitRequests$1(LeaderElection.java:234)
	at java.util.concurrent.FutureTask.run(FutureTask.java:266)
	at java.util.concurrent.Executors$RunnableAdapter.call(Executors.java:511)
	at java.util.concurrent.FutureTask.run(FutureTask.java:266)
	at java.util.concurrent.ThreadPoolExecutor.runWorker(ThreadPoolExecutor.java:1149)
	at java.util.concurrent.ThreadPoolExecutor$Worker.run(ThreadPoolExecutor.java:624)
	... 1 more
Caused by: org.apache.ratis.thirdparty.io.netty.channel.AbstractChannel$AnnotatedConnectException: Connection refused: /192.168.164.209:42241
	at sun.nio.ch.SocketChannelImpl.checkConnect(Native Method)
	at sun.nio.ch.SocketChannelImpl.finishConnect(SocketChannelImpl.java:717)
	at org.apache.ratis.thirdparty.io.netty.channel.socket.nio.NioSocketChannel.doFinishConnect(NioSocketChannel.java:327)
	at org.apache.ratis.thirdparty.io.netty.channel.nio.AbstractNioChannel$AbstractNioUnsafe.finishConnect(AbstractNioChannel.java:340)
	at org.apache.ratis.thirdparty.io.netty.channel.nio.NioEventLoop.processSelectedKey(NioEventLoop.java:632)
	at org.apache.ratis.thirdparty.io.netty.channel.nio.NioEventLoop.processSelectedKeysOptimized(NioEventLoop.java:579)
	at org.apache.ratis.thirdparty.io.netty.channel.nio.NioEventLoop.processSelectedKeys(NioEventLoop.java:496)
	at org.apache.ratis.thirdparty.io.netty.channel.nio.NioEventLoop.run(NioEventLoop.java:458)
	at org.apache.ratis.thirdparty.io.netty.util.concurrent.SingleThreadEventExecutor$5.run(SingleThreadEventExecutor.java:897)
	at org.apache.ratis.thirdparty.io.netty.util.concurrent.FastThreadLocalRunnable.run(FastThreadLocalRunnable.java:30)
	... 1 more
Caused by: java.net.ConnectException: Connection refused
	... 11 more
2019-10-11 07:35:47,786 [def6d75b-2bd6-4a47-993f-f7560187f71d@group-B6E563493923-LeaderElection76] INFO  impl.RoleInfo (RoleInfo.java:shutdownLeaderElection(134)) - def6d75b-2bd6-4a47-993f-f7560187f71d: shutdown LeaderElection
2019-10-11 07:35:47,789 [4d415cff-0964-4c64-a0ba-bf5399f54beb@group-B6E563493923-LeaderElection77] INFO  impl.RaftServerImpl (RaftServerImpl.java:setRole(170)) - 4d415cff-0964-4c64-a0ba-bf5399f54beb@group-B6E563493923: changes role from CANDIDATE to FOLLOWER at term 5 for DISCOVERED_A_NEW_TERM
2019-10-11 07:35:47,789 [def6d75b-2bd6-4a47-993f-f7560187f71d@group-B6E563493923-LeaderElection76] INFO  impl.RoleInfo (RoleInfo.java:updateAndGet(143)) - def6d75b-2bd6-4a47-993f-f7560187f71d: start FollowerState
2019-10-11 07:35:47,789 [4d415cff-0964-4c64-a0ba-bf5399f54beb@group-B6E563493923-LeaderElection77] INFO  impl.RoleInfo (RoleInfo.java:shutdownLeaderElection(134)) - 4d415cff-0964-4c64-a0ba-bf5399f54beb: shutdown LeaderElection
2019-10-11 07:35:47,789 [4d415cff-0964-4c64-a0ba-bf5399f54beb@group-B6E563493923-LeaderElection77] INFO  impl.RoleInfo (RoleInfo.java:updateAndGet(143)) - 4d415cff-0964-4c64-a0ba-bf5399f54beb: start FollowerState
2019-10-11 07:35:52,903 [Thread-3180] INFO  impl.FollowerState (FollowerState.java:run(108)) - def6d75b-2bd6-4a47-993f-f7560187f71d@group-B6E563493923-FollowerState: change to CANDIDATE, lastRpcTime:5113ms, electionTimeout:5113ms
2019-10-11 07:35:52,904 [Thread-3180] INFO  impl.RoleInfo (RoleInfo.java:shutdownFollowerState(121)) - def6d75b-2bd6-4a47-993f-f7560187f71d: shutdown FollowerState
2019-10-11 07:35:52,904 [Thread-3180] INFO  impl.RaftServerImpl (RaftServerImpl.java:setRole(170)) - def6d75b-2bd6-4a47-993f-f7560187f71d@group-B6E563493923: changes role from  FOLLOWER to CANDIDATE at term 5 for changeToCandidate
2019-10-11 07:35:52,904 [Thread-3180] INFO  impl.RoleInfo (RoleInfo.java:updateAndGet(143)) - def6d75b-2bd6-4a47-993f-f7560187f71d: start LeaderElection
2019-10-11 07:35:52,922 [Thread-3181] INFO  impl.FollowerState (FollowerState.java:run(108)) - 4d415cff-0964-4c64-a0ba-bf5399f54beb@group-B6E563493923-FollowerState: change to CANDIDATE, lastRpcTime:5132ms, electionTimeout:5132ms
2019-10-11 07:35:52,922 [Thread-3181] INFO  impl.RoleInfo (RoleInfo.java:shutdownFollowerState(121)) - 4d415cff-0964-4c64-a0ba-bf5399f54beb: shutdown FollowerState
2019-10-11 07:35:52,922 [Thread-3181] INFO  impl.RaftServerImpl (RaftServerImpl.java:setRole(170)) - 4d415cff-0964-4c64-a0ba-bf5399f54beb@group-B6E563493923: changes role from  FOLLOWER to CANDIDATE at term 5 for changeToCandidate
2019-10-11 07:35:52,922 [Thread-3181] INFO  impl.RoleInfo (RoleInfo.java:updateAndGet(143)) - 4d415cff-0964-4c64-a0ba-bf5399f54beb: start LeaderElection
2019-10-11 07:35:52,944 [def6d75b-2bd6-4a47-993f-f7560187f71d@group-B6E563493923-LeaderElection78] INFO  impl.LeaderElection (LeaderElection.java:askForVotes(178)) - def6d75b-2bd6-4a47-993f-f7560187f71d@group-B6E563493923-LeaderElection78: begin an election at term 6 for 0: [4d415cff-0964-4c64-a0ba-bf5399f54beb:192.168.164.209:36258, def6d75b-2bd6-4a47-993f-f7560187f71d:192.168.164.209:35462, 672bb6f8-5131-4da7-8320-8bbddbc4a98b:192.168.164.209:42241], old=null
2019-10-11 07:35:52,944 [4d415cff-0964-4c64-a0ba-bf5399f54beb@group-B6E563493923-LeaderElection79] INFO  impl.LeaderElection (LeaderElection.java:askForVotes(178)) - 4d415cff-0964-4c64-a0ba-bf5399f54beb@group-B6E563493923-LeaderElection79: begin an election at term 6 for 0: [4d415cff-0964-4c64-a0ba-bf5399f54beb:192.168.164.209:36258, def6d75b-2bd6-4a47-993f-f7560187f71d:192.168.164.209:35462, 672bb6f8-5131-4da7-8320-8bbddbc4a98b:192.168.164.209:42241], old=null
2019-10-11 07:35:52,947 [4d415cff-0964-4c64-a0ba-bf5399f54beb@group-B6E563493923-LeaderElection79] INFO  impl.LeaderElection (LogUtils.java:infoOrTrace(149)) - 4d415cff-0964-4c64-a0ba-bf5399f54beb@group-B6E563493923-LeaderElection79 got exception when requesting votes: {}
java.util.concurrent.ExecutionException: org.apache.ratis.thirdparty.io.grpc.StatusRuntimeException: UNAVAILABLE: io exception
	at java.util.concurrent.FutureTask.report(FutureTask.java:122)
	at java.util.concurrent.FutureTask.get(FutureTask.java:192)
	at org.apache.ratis.server.impl.LeaderElection.waitForResults(LeaderElection.java:259)
	at org.apache.ratis.server.impl.LeaderElection.askForVotes(LeaderElection.java:197)
	at org.apache.ratis.server.impl.LeaderElection.run(LeaderElection.java:133)
	at java.lang.Thread.run(Thread.java:748)
Caused by: org.apache.ratis.thirdparty.io.grpc.StatusRuntimeException: UNAVAILABLE: io exception
	at org.apache.ratis.thirdparty.io.grpc.stub.ClientCalls.toStatusRuntimeException(ClientCalls.java:233)
	at org.apache.ratis.thirdparty.io.grpc.stub.ClientCalls.getUnchecked(ClientCalls.java:214)
	at org.apache.ratis.thirdparty.io.grpc.stub.ClientCalls.blockingUnaryCall(ClientCalls.java:139)
	at org.apache.ratis.proto.grpc.RaftServerProtocolServiceGrpc$RaftServerProtocolServiceBlockingStub.requestVote(RaftServerProtocolServiceGrpc.java:265)
	at org.apache.ratis.grpc.server.GrpcServerProtocolClient.requestVote(GrpcServerProtocolClient.java:99)
	at org.apache.ratis.grpc.server.GrpcService.requestVote(GrpcService.java:204)
	at org.apache.ratis.server.impl.LeaderElection.lambda$submitRequests$1(LeaderElection.java:234)
	at java.util.concurrent.FutureTask.run(FutureTask.java:266)
	at java.util.concurrent.Executors$RunnableAdapter.call(Executors.java:511)
	at java.util.concurrent.FutureTask.run(FutureTask.java:266)
	at java.util.concurrent.ThreadPoolExecutor.runWorker(ThreadPoolExecutor.java:1149)
	at java.util.concurrent.ThreadPoolExecutor$Worker.run(ThreadPoolExecutor.java:624)
	... 1 more
Caused by: org.apache.ratis.thirdparty.io.netty.channel.AbstractChannel$AnnotatedConnectException: Connection refused: /192.168.164.209:42241
	at sun.nio.ch.SocketChannelImpl.checkConnect(Native Method)
	at sun.nio.ch.SocketChannelImpl.finishConnect(SocketChannelImpl.java:717)
	at org.apache.ratis.thirdparty.io.netty.channel.socket.nio.NioSocketChannel.doFinishConnect(NioSocketChannel.java:327)
	at org.apache.ratis.thirdparty.io.netty.channel.nio.AbstractNioChannel$AbstractNioUnsafe.finishConnect(AbstractNioChannel.java:340)
	at org.apache.ratis.thirdparty.io.netty.channel.nio.NioEventLoop.processSelectedKey(NioEventLoop.java:632)
	at org.apache.ratis.thirdparty.io.netty.channel.nio.NioEventLoop.processSelectedKeysOptimized(NioEventLoop.java:579)
	at org.apache.ratis.thirdparty.io.netty.channel.nio.NioEventLoop.processSelectedKeys(NioEventLoop.java:496)
	at org.apache.ratis.thirdparty.io.netty.channel.nio.NioEventLoop.run(NioEventLoop.java:458)
	at org.apache.ratis.thirdparty.io.netty.util.concurrent.SingleThreadEventExecutor$5.run(SingleThreadEventExecutor.java:897)
	at org.apache.ratis.thirdparty.io.netty.util.concurrent.FastThreadLocalRunnable.run(FastThreadLocalRunnable.java:30)
	... 1 more
Caused by: java.net.ConnectException: Connection refused
	... 11 more
2019-10-11 07:35:52,947 [def6d75b-2bd6-4a47-993f-f7560187f71d@group-B6E563493923-LeaderElection78] INFO  impl.LeaderElection (LogUtils.java:infoOrTrace(149)) - def6d75b-2bd6-4a47-993f-f7560187f71d@group-B6E563493923-LeaderElection78 got exception when requesting votes: {}
java.util.concurrent.ExecutionException: org.apache.ratis.thirdparty.io.grpc.StatusRuntimeException: UNAVAILABLE: io exception
	at java.util.concurrent.FutureTask.report(FutureTask.java:122)
	at java.util.concurrent.FutureTask.get(FutureTask.java:192)
	at org.apache.ratis.server.impl.LeaderElection.waitForResults(LeaderElection.java:259)
	at org.apache.ratis.server.impl.LeaderElection.askForVotes(LeaderElection.java:197)
	at org.apache.ratis.server.impl.LeaderElection.run(LeaderElection.java:133)
	at java.lang.Thread.run(Thread.java:748)
Caused by: org.apache.ratis.thirdparty.io.grpc.StatusRuntimeException: UNAVAILABLE: io exception
	at org.apache.ratis.thirdparty.io.grpc.stub.ClientCalls.toStatusRuntimeException(ClientCalls.java:233)
	at org.apache.ratis.thirdparty.io.grpc.stub.ClientCalls.getUnchecked(ClientCalls.java:214)
	at org.apache.ratis.thirdparty.io.grpc.stub.ClientCalls.blockingUnaryCall(ClientCalls.java:139)
	at org.apache.ratis.proto.grpc.RaftServerProtocolServiceGrpc$RaftServerProtocolServiceBlockingStub.requestVote(RaftServerProtocolServiceGrpc.java:265)
	at org.apache.ratis.grpc.server.GrpcServerProtocolClient.requestVote(GrpcServerProtocolClient.java:99)
	at org.apache.ratis.grpc.server.GrpcService.requestVote(GrpcService.java:204)
	at org.apache.ratis.server.impl.LeaderElection.lambda$submitRequests$1(LeaderElection.java:234)
	at java.util.concurrent.FutureTask.run(FutureTask.java:266)
	at java.util.concurrent.Executors$RunnableAdapter.call(Executors.java:511)
	at java.util.concurrent.FutureTask.run(FutureTask.java:266)
	at java.util.concurrent.ThreadPoolExecutor.runWorker(ThreadPoolExecutor.java:1149)
	at java.util.concurrent.ThreadPoolExecutor$Worker.run(ThreadPoolExecutor.java:624)
	... 1 more
Caused by: org.apache.ratis.thirdparty.io.netty.channel.AbstractChannel$AnnotatedConnectException: Connection refused: /192.168.164.209:42241
	at sun.nio.ch.SocketChannelImpl.checkConnect(Native Method)
	at sun.nio.ch.SocketChannelImpl.finishConnect(SocketChannelImpl.java:717)
	at org.apache.ratis.thirdparty.io.netty.channel.socket.nio.NioSocketChannel.doFinishConnect(NioSocketChannel.java:327)
	at org.apache.ratis.thirdparty.io.netty.channel.nio.AbstractNioChannel$AbstractNioUnsafe.finishConnect(AbstractNioChannel.java:340)
	at org.apache.ratis.thirdparty.io.netty.channel.nio.NioEventLoop.processSelectedKey(NioEventLoop.java:632)
	at org.apache.ratis.thirdparty.io.netty.channel.nio.NioEventLoop.processSelectedKeysOptimized(NioEventLoop.java:579)
	at org.apache.ratis.thirdparty.io.netty.channel.nio.NioEventLoop.processSelectedKeys(NioEventLoop.java:496)
	at org.apache.ratis.thirdparty.io.netty.channel.nio.NioEventLoop.run(NioEventLoop.java:458)
	at org.apache.ratis.thirdparty.io.netty.util.concurrent.SingleThreadEventExecutor$5.run(SingleThreadEventExecutor.java:897)
	at org.apache.ratis.thirdparty.io.netty.util.concurrent.FastThreadLocalRunnable.run(FastThreadLocalRunnable.java:30)
	... 1 more
Caused by: java.net.ConnectException: Connection refused
	... 11 more
2019-10-11 07:35:52,956 [def6d75b-2bd6-4a47-993f-f7560187f71d@group-B6E563493923-LeaderElection78] INFO  impl.LeaderElection (LeaderElection.java:logAndReturn(56)) - def6d75b-2bd6-4a47-993f-f7560187f71d@group-B6E563493923-LeaderElection78: Election REJECTED; received 1 response(s) [def6d75b-2bd6-4a47-993f-f7560187f71d<-4d415cff-0964-4c64-a0ba-bf5399f54beb#0:FAIL-t6] and 1 exception(s); def6d75b-2bd6-4a47-993f-f7560187f71d@group-B6E563493923:t6, leader=null, voted=def6d75b-2bd6-4a47-993f-f7560187f71d, raftlog=def6d75b-2bd6-4a47-993f-f7560187f71d@group-B6E563493923-SegmentedRaftLog:OPENED:c15,f15,i15, conf=0: [4d415cff-0964-4c64-a0ba-bf5399f54beb:192.168.164.209:36258, def6d75b-2bd6-4a47-993f-f7560187f71d:192.168.164.209:35462, 672bb6f8-5131-4da7-8320-8bbddbc4a98b:192.168.164.209:42241], old=null
2019-10-11 07:35:52,956 [4d415cff-0964-4c64-a0ba-bf5399f54beb@group-B6E563493923-LeaderElection79] INFO  impl.LeaderElection (LeaderElection.java:logAndReturn(56)) - 4d415cff-0964-4c64-a0ba-bf5399f54beb@group-B6E563493923-LeaderElection79: Election REJECTED; received 1 response(s) [4d415cff-0964-4c64-a0ba-bf5399f54beb<-def6d75b-2bd6-4a47-993f-f7560187f71d#0:FAIL-t6] and 1 exception(s); 4d415cff-0964-4c64-a0ba-bf5399f54beb@group-B6E563493923:t6, leader=null, voted=4d415cff-0964-4c64-a0ba-bf5399f54beb, raftlog=4d415cff-0964-4c64-a0ba-bf5399f54beb@group-B6E563493923-SegmentedRaftLog:OPENED:c15,f15,i15, conf=0: [4d415cff-0964-4c64-a0ba-bf5399f54beb:192.168.164.209:36258, def6d75b-2bd6-4a47-993f-f7560187f71d:192.168.164.209:35462, 672bb6f8-5131-4da7-8320-8bbddbc4a98b:192.168.164.209:42241], old=null
2019-10-11 07:35:52,956 [def6d75b-2bd6-4a47-993f-f7560187f71d@group-B6E563493923-LeaderElection78] INFO  impl.LeaderElection (LogUtils.java:infoOrTrace(149)) -   Exception 0: {}
java.util.concurrent.ExecutionException: org.apache.ratis.thirdparty.io.grpc.StatusRuntimeException: UNAVAILABLE: io exception
	at java.util.concurrent.FutureTask.report(FutureTask.java:122)
	at java.util.concurrent.FutureTask.get(FutureTask.java:192)
	at org.apache.ratis.server.impl.LeaderElection.waitForResults(LeaderElection.java:259)
	at org.apache.ratis.server.impl.LeaderElection.askForVotes(LeaderElection.java:197)
	at org.apache.ratis.server.impl.LeaderElection.run(LeaderElection.java:133)
	at java.lang.Thread.run(Thread.java:748)
Caused by: org.apache.ratis.thirdparty.io.grpc.StatusRuntimeException: UNAVAILABLE: io exception
	at org.apache.ratis.thirdparty.io.grpc.stub.ClientCalls.toStatusRuntimeException(ClientCalls.java:233)
	at org.apache.ratis.thirdparty.io.grpc.stub.ClientCalls.getUnchecked(ClientCalls.java:214)
	at org.apache.ratis.thirdparty.io.grpc.stub.ClientCalls.blockingUnaryCall(ClientCalls.java:139)
	at org.apache.ratis.proto.grpc.RaftServerProtocolServiceGrpc$RaftServerProtocolServiceBlockingStub.requestVote(RaftServerProtocolServiceGrpc.java:265)
	at org.apache.ratis.grpc.server.GrpcServerProtocolClient.requestVote(GrpcServerProtocolClient.java:99)
	at org.apache.ratis.grpc.server.GrpcService.requestVote(GrpcService.java:204)
	at org.apache.ratis.server.impl.LeaderElection.lambda$submitRequests$1(LeaderElection.java:234)
	at java.util.concurrent.FutureTask.run(FutureTask.java:266)
	at java.util.concurrent.Executors$RunnableAdapter.call(Executors.java:511)
	at java.util.concurrent.FutureTask.run(FutureTask.java:266)
	at java.util.concurrent.ThreadPoolExecutor.runWorker(ThreadPoolExecutor.java:1149)
	at java.util.concurrent.ThreadPoolExecutor$Worker.run(ThreadPoolExecutor.java:624)
	... 1 more
Caused by: org.apache.ratis.thirdparty.io.netty.channel.AbstractChannel$AnnotatedConnectException: Connection refused: /192.168.164.209:42241
	at sun.nio.ch.SocketChannelImpl.checkConnect(Native Method)
	at sun.nio.ch.SocketChannelImpl.finishConnect(SocketChannelImpl.java:717)
	at org.apache.ratis.thirdparty.io.netty.channel.socket.nio.NioSocketChannel.doFinishConnect(NioSocketChannel.java:327)
	at org.apache.ratis.thirdparty.io.netty.channel.nio.AbstractNioChannel$AbstractNioUnsafe.finishConnect(AbstractNioChannel.java:340)
	at org.apache.ratis.thirdparty.io.netty.channel.nio.NioEventLoop.processSelectedKey(NioEventLoop.java:632)
	at org.apache.ratis.thirdparty.io.netty.channel.nio.NioEventLoop.processSelectedKeysOptimized(NioEventLoop.java:579)
	at org.apache.ratis.thirdparty.io.netty.channel.nio.NioEventLoop.processSelectedKeys(NioEventLoop.java:496)
	at org.apache.ratis.thirdparty.io.netty.channel.nio.NioEventLoop.run(NioEventLoop.java:458)
	at org.apache.ratis.thirdparty.io.netty.util.concurrent.SingleThreadEventExecutor$5.run(SingleThreadEventExecutor.java:897)
	at org.apache.ratis.thirdparty.io.netty.util.concurrent.FastThreadLocalRunnable.run(FastThreadLocalRunnable.java:30)
	... 1 more
Caused by: java.net.ConnectException: Connection refused
	... 11 more
2019-10-11 07:35:52,957 [4d415cff-0964-4c64-a0ba-bf5399f54beb@group-B6E563493923-LeaderElection79] INFO  impl.LeaderElection (LogUtils.java:infoOrTrace(149)) -   Exception 0: {}
java.util.concurrent.ExecutionException: org.apache.ratis.thirdparty.io.grpc.StatusRuntimeException: UNAVAILABLE: io exception
	at java.util.concurrent.FutureTask.report(FutureTask.java:122)
	at java.util.concurrent.FutureTask.get(FutureTask.java:192)
	at org.apache.ratis.server.impl.LeaderElection.waitForResults(LeaderElection.java:259)
	at org.apache.ratis.server.impl.LeaderElection.askForVotes(LeaderElection.java:197)
	at org.apache.ratis.server.impl.LeaderElection.run(LeaderElection.java:133)
	at java.lang.Thread.run(Thread.java:748)
Caused by: org.apache.ratis.thirdparty.io.grpc.StatusRuntimeException: UNAVAILABLE: io exception
	at org.apache.ratis.thirdparty.io.grpc.stub.ClientCalls.toStatusRuntimeException(ClientCalls.java:233)
	at org.apache.ratis.thirdparty.io.grpc.stub.ClientCalls.getUnchecked(ClientCalls.java:214)
	at org.apache.ratis.thirdparty.io.grpc.stub.ClientCalls.blockingUnaryCall(ClientCalls.java:139)
	at org.apache.ratis.proto.grpc.RaftServerProtocolServiceGrpc$RaftServerProtocolServiceBlockingStub.requestVote(RaftServerProtocolServiceGrpc.java:265)
	at org.apache.ratis.grpc.server.GrpcServerProtocolClient.requestVote(GrpcServerProtocolClient.java:99)
	at org.apache.ratis.grpc.server.GrpcService.requestVote(GrpcService.java:204)
	at org.apache.ratis.server.impl.LeaderElection.lambda$submitRequests$1(LeaderElection.java:234)
	at java.util.concurrent.FutureTask.run(FutureTask.java:266)
	at java.util.concurrent.Executors$RunnableAdapter.call(Executors.java:511)
	at java.util.concurrent.FutureTask.run(FutureTask.java:266)
	at java.util.concurrent.ThreadPoolExecutor.runWorker(ThreadPoolExecutor.java:1149)
	at java.util.concurrent.ThreadPoolExecutor$Worker.run(ThreadPoolExecutor.java:624)
	... 1 more
Caused by: org.apache.ratis.thirdparty.io.netty.channel.AbstractChannel$AnnotatedConnectException: Connection refused: /192.168.164.209:42241
	at sun.nio.ch.SocketChannelImpl.checkConnect(Native Method)
	at sun.nio.ch.SocketChannelImpl.finishConnect(SocketChannelImpl.java:717)
	at org.apache.ratis.thirdparty.io.netty.channel.socket.nio.NioSocketChannel.doFinishConnect(NioSocketChannel.java:327)
	at org.apache.ratis.thirdparty.io.netty.channel.nio.AbstractNioChannel$AbstractNioUnsafe.finishConnect(AbstractNioChannel.java:340)
	at org.apache.ratis.thirdparty.io.netty.channel.nio.NioEventLoop.processSelectedKey(NioEventLoop.java:632)
	at org.apache.ratis.thirdparty.io.netty.channel.nio.NioEventLoop.processSelectedKeysOptimized(NioEventLoop.java:579)
	at org.apache.ratis.thirdparty.io.netty.channel.nio.NioEventLoop.processSelectedKeys(NioEventLoop.java:496)
	at org.apache.ratis.thirdparty.io.netty.channel.nio.NioEventLoop.run(NioEventLoop.java:458)
	at org.apache.ratis.thirdparty.io.netty.util.concurrent.SingleThreadEventExecutor$5.run(SingleThreadEventExecutor.java:897)
	at org.apache.ratis.thirdparty.io.netty.util.concurrent.FastThreadLocalRunnable.run(FastThreadLocalRunnable.java:30)
	... 1 more
Caused by: java.net.ConnectException: Connection refused
	... 11 more
2019-10-11 07:35:52,962 [def6d75b-2bd6-4a47-993f-f7560187f71d@group-B6E563493923-LeaderElection78] INFO  impl.RaftServerImpl (RaftServerImpl.java:setRole(170)) - def6d75b-2bd6-4a47-993f-f7560187f71d@group-B6E563493923: changes role from CANDIDATE to FOLLOWER at term 6 for DISCOVERED_A_NEW_TERM
2019-10-11 07:35:52,963 [4d415cff-0964-4c64-a0ba-bf5399f54beb@group-B6E563493923-LeaderElection79] INFO  impl.RaftServerImpl (RaftServerImpl.java:setRole(170)) - 4d415cff-0964-4c64-a0ba-bf5399f54beb@group-B6E563493923: changes role from CANDIDATE to FOLLOWER at term 6 for DISCOVERED_A_NEW_TERM
2019-10-11 07:35:52,963 [def6d75b-2bd6-4a47-993f-f7560187f71d@group-B6E563493923-LeaderElection78] INFO  impl.RoleInfo (RoleInfo.java:shutdownLeaderElection(134)) - def6d75b-2bd6-4a47-993f-f7560187f71d: shutdown LeaderElection
2019-10-11 07:35:52,963 [4d415cff-0964-4c64-a0ba-bf5399f54beb@group-B6E563493923-LeaderElection79] INFO  impl.RoleInfo (RoleInfo.java:shutdownLeaderElection(134)) - 4d415cff-0964-4c64-a0ba-bf5399f54beb: shutdown LeaderElection
2019-10-11 07:35:52,963 [def6d75b-2bd6-4a47-993f-f7560187f71d@group-B6E563493923-LeaderElection78] INFO  impl.RoleInfo (RoleInfo.java:updateAndGet(143)) - def6d75b-2bd6-4a47-993f-f7560187f71d: start FollowerState
2019-10-11 07:35:52,963 [4d415cff-0964-4c64-a0ba-bf5399f54beb@group-B6E563493923-LeaderElection79] INFO  impl.RoleInfo (RoleInfo.java:updateAndGet(143)) - 4d415cff-0964-4c64-a0ba-bf5399f54beb: start FollowerState
2019-10-11 07:35:57,964 [Thread-3201] INFO  impl.FollowerState (FollowerState.java:run(108)) - 4d415cff-0964-4c64-a0ba-bf5399f54beb@group-B6E563493923-FollowerState: change to CANDIDATE, lastRpcTime:5000ms, electionTimeout:5000ms
2019-10-11 07:35:57,965 [Thread-3201] INFO  impl.RoleInfo (RoleInfo.java:shutdownFollowerState(121)) - 4d415cff-0964-4c64-a0ba-bf5399f54beb: shutdown FollowerState
2019-10-11 07:35:57,966 [Thread-3201] INFO  impl.RaftServerImpl (RaftServerImpl.java:setRole(170)) - 4d415cff-0964-4c64-a0ba-bf5399f54beb@group-B6E563493923: changes role from  FOLLOWER to CANDIDATE at term 6 for changeToCandidate
2019-10-11 07:35:57,966 [Thread-3201] INFO  impl.RoleInfo (RoleInfo.java:updateAndGet(143)) - 4d415cff-0964-4c64-a0ba-bf5399f54beb: start LeaderElection
2019-10-11 07:35:58,000 [4d415cff-0964-4c64-a0ba-bf5399f54beb@group-B6E563493923-LeaderElection80] INFO  impl.LeaderElection (LeaderElection.java:askForVotes(178)) - 4d415cff-0964-4c64-a0ba-bf5399f54beb@group-B6E563493923-LeaderElection80: begin an election at term 7 for 0: [4d415cff-0964-4c64-a0ba-bf5399f54beb:192.168.164.209:36258, def6d75b-2bd6-4a47-993f-f7560187f71d:192.168.164.209:35462, 672bb6f8-5131-4da7-8320-8bbddbc4a98b:192.168.164.209:42241], old=null
2019-10-11 07:35:58,002 [4d415cff-0964-4c64-a0ba-bf5399f54beb@group-B6E563493923-LeaderElection80] INFO  impl.LeaderElection (LogUtils.java:infoOrTrace(149)) - 4d415cff-0964-4c64-a0ba-bf5399f54beb@group-B6E563493923-LeaderElection80 got exception when requesting votes: {}
java.util.concurrent.ExecutionException: org.apache.ratis.thirdparty.io.grpc.StatusRuntimeException: UNAVAILABLE: io exception
	at java.util.concurrent.FutureTask.report(FutureTask.java:122)
	at java.util.concurrent.FutureTask.get(FutureTask.java:192)
	at org.apache.ratis.server.impl.LeaderElection.waitForResults(LeaderElection.java:259)
	at org.apache.ratis.server.impl.LeaderElection.askForVotes(LeaderElection.java:197)
	at org.apache.ratis.server.impl.LeaderElection.run(LeaderElection.java:133)
	at java.lang.Thread.run(Thread.java:748)
Caused by: org.apache.ratis.thirdparty.io.grpc.StatusRuntimeException: UNAVAILABLE: io exception
	at org.apache.ratis.thirdparty.io.grpc.stub.ClientCalls.toStatusRuntimeException(ClientCalls.java:233)
	at org.apache.ratis.thirdparty.io.grpc.stub.ClientCalls.getUnchecked(ClientCalls.java:214)
	at org.apache.ratis.thirdparty.io.grpc.stub.ClientCalls.blockingUnaryCall(ClientCalls.java:139)
	at org.apache.ratis.proto.grpc.RaftServerProtocolServiceGrpc$RaftServerProtocolServiceBlockingStub.requestVote(RaftServerProtocolServiceGrpc.java:265)
	at org.apache.ratis.grpc.server.GrpcServerProtocolClient.requestVote(GrpcServerProtocolClient.java:99)
	at org.apache.ratis.grpc.server.GrpcService.requestVote(GrpcService.java:204)
	at org.apache.ratis.server.impl.LeaderElection.lambda$submitRequests$1(LeaderElection.java:234)
	at java.util.concurrent.FutureTask.run(FutureTask.java:266)
	at java.util.concurrent.Executors$RunnableAdapter.call(Executors.java:511)
	at java.util.concurrent.FutureTask.run(FutureTask.java:266)
	at java.util.concurrent.ThreadPoolExecutor.runWorker(ThreadPoolExecutor.java:1149)
	at java.util.concurrent.ThreadPoolExecutor$Worker.run(ThreadPoolExecutor.java:624)
	... 1 more
Caused by: org.apache.ratis.thirdparty.io.netty.channel.AbstractChannel$AnnotatedConnectException: Connection refused: /192.168.164.209:42241
	at sun.nio.ch.SocketChannelImpl.checkConnect(Native Method)
	at sun.nio.ch.SocketChannelImpl.finishConnect(SocketChannelImpl.java:717)
	at org.apache.ratis.thirdparty.io.netty.channel.socket.nio.NioSocketChannel.doFinishConnect(NioSocketChannel.java:327)
	at org.apache.ratis.thirdparty.io.netty.channel.nio.AbstractNioChannel$AbstractNioUnsafe.finishConnect(AbstractNioChannel.java:340)
	at org.apache.ratis.thirdparty.io.netty.channel.nio.NioEventLoop.processSelectedKey(NioEventLoop.java:632)
	at org.apache.ratis.thirdparty.io.netty.channel.nio.NioEventLoop.processSelectedKeysOptimized(NioEventLoop.java:579)
	at org.apache.ratis.thirdparty.io.netty.channel.nio.NioEventLoop.processSelectedKeys(NioEventLoop.java:496)
	at org.apache.ratis.thirdparty.io.netty.channel.nio.NioEventLoop.run(NioEventLoop.java:458)
	at org.apache.ratis.thirdparty.io.netty.util.concurrent.SingleThreadEventExecutor$5.run(SingleThreadEventExecutor.java:897)
	at org.apache.ratis.thirdparty.io.netty.util.concurrent.FastThreadLocalRunnable.run(FastThreadLocalRunnable.java:30)
	... 1 more
Caused by: java.net.ConnectException: Connection refused
	... 11 more
2019-10-11 07:35:58,008 [grpc-default-executor-4] INFO  impl.RaftServerImpl (RaftServerImpl.java:setRole(170)) - def6d75b-2bd6-4a47-993f-f7560187f71d@group-B6E563493923: changes role from  FOLLOWER to FOLLOWER at term 7 for recognizeCandidate:4d415cff-0964-4c64-a0ba-bf5399f54beb
2019-10-11 07:35:58,009 [grpc-default-executor-4] INFO  impl.RoleInfo (RoleInfo.java:shutdownFollowerState(121)) - def6d75b-2bd6-4a47-993f-f7560187f71d: shutdown FollowerState
2019-10-11 07:35:58,009 [grpc-default-executor-4] INFO  impl.RoleInfo (RoleInfo.java:updateAndGet(143)) - def6d75b-2bd6-4a47-993f-f7560187f71d: start FollowerState
2019-10-11 07:35:58,009 [Thread-3200] INFO  impl.FollowerState (FollowerState.java:run(117)) - def6d75b-2bd6-4a47-993f-f7560187f71d@group-B6E563493923-FollowerState was interrupted: java.lang.InterruptedException: sleep interrupted
2019-10-11 07:35:58,036 [4d415cff-0964-4c64-a0ba-bf5399f54beb@group-B6E563493923-LeaderElection80] INFO  impl.LeaderElection (LeaderElection.java:logAndReturn(56)) - 4d415cff-0964-4c64-a0ba-bf5399f54beb@group-B6E563493923-LeaderElection80: Election PASSED; received 1 response(s) [4d415cff-0964-4c64-a0ba-bf5399f54beb<-def6d75b-2bd6-4a47-993f-f7560187f71d#0:OK-t7] and 1 exception(s); 4d415cff-0964-4c64-a0ba-bf5399f54beb@group-B6E563493923:t7, leader=null, voted=4d415cff-0964-4c64-a0ba-bf5399f54beb, raftlog=4d415cff-0964-4c64-a0ba-bf5399f54beb@group-B6E563493923-SegmentedRaftLog:OPENED:c15,f15,i15, conf=0: [4d415cff-0964-4c64-a0ba-bf5399f54beb:192.168.164.209:36258, def6d75b-2bd6-4a47-993f-f7560187f71d:192.168.164.209:35462, 672bb6f8-5131-4da7-8320-8bbddbc4a98b:192.168.164.209:42241], old=null
2019-10-11 07:35:58,036 [4d415cff-0964-4c64-a0ba-bf5399f54beb@group-B6E563493923-LeaderElection80] INFO  impl.LeaderElection (LogUtils.java:infoOrTrace(149)) -   Exception 0: {}
java.util.concurrent.ExecutionException: org.apache.ratis.thirdparty.io.grpc.StatusRuntimeException: UNAVAILABLE: io exception
	at java.util.concurrent.FutureTask.report(FutureTask.java:122)
	at java.util.concurrent.FutureTask.get(FutureTask.java:192)
	at org.apache.ratis.server.impl.LeaderElection.waitForResults(LeaderElection.java:259)
	at org.apache.ratis.server.impl.LeaderElection.askForVotes(LeaderElection.java:197)
	at org.apache.ratis.server.impl.LeaderElection.run(LeaderElection.java:133)
	at java.lang.Thread.run(Thread.java:748)
Caused by: org.apache.ratis.thirdparty.io.grpc.StatusRuntimeException: UNAVAILABLE: io exception
	at org.apache.ratis.thirdparty.io.grpc.stub.ClientCalls.toStatusRuntimeException(ClientCalls.java:233)
	at org.apache.ratis.thirdparty.io.grpc.stub.ClientCalls.getUnchecked(ClientCalls.java:214)
	at org.apache.ratis.thirdparty.io.grpc.stub.ClientCalls.blockingUnaryCall(ClientCalls.java:139)
	at org.apache.ratis.proto.grpc.RaftServerProtocolServiceGrpc$RaftServerProtocolServiceBlockingStub.requestVote(RaftServerProtocolServiceGrpc.java:265)
	at org.apache.ratis.grpc.server.GrpcServerProtocolClient.requestVote(GrpcServerProtocolClient.java:99)
	at org.apache.ratis.grpc.server.GrpcService.requestVote(GrpcService.java:204)
	at org.apache.ratis.server.impl.LeaderElection.lambda$submitRequests$1(LeaderElection.java:234)
	at java.util.concurrent.FutureTask.run(FutureTask.java:266)
	at java.util.concurrent.Executors$RunnableAdapter.call(Executors.java:511)
	at java.util.concurrent.FutureTask.run(FutureTask.java:266)
	at java.util.concurrent.ThreadPoolExecutor.runWorker(ThreadPoolExecutor.java:1149)
	at java.util.concurrent.ThreadPoolExecutor$Worker.run(ThreadPoolExecutor.java:624)
	... 1 more
Caused by: org.apache.ratis.thirdparty.io.netty.channel.AbstractChannel$AnnotatedConnectException: Connection refused: /192.168.164.209:42241
	at sun.nio.ch.SocketChannelImpl.checkConnect(Native Method)
	at sun.nio.ch.SocketChannelImpl.finishConnect(SocketChannelImpl.java:717)
	at org.apache.ratis.thirdparty.io.netty.channel.socket.nio.NioSocketChannel.doFinishConnect(NioSocketChannel.java:327)
	at org.apache.ratis.thirdparty.io.netty.channel.nio.AbstractNioChannel$AbstractNioUnsafe.finishConnect(AbstractNioChannel.java:340)
	at org.apache.ratis.thirdparty.io.netty.channel.nio.NioEventLoop.processSelectedKey(NioEventLoop.java:632)
	at org.apache.ratis.thirdparty.io.netty.channel.nio.NioEventLoop.processSelectedKeysOptimized(NioEventLoop.java:579)
	at org.apache.ratis.thirdparty.io.netty.channel.nio.NioEventLoop.processSelectedKeys(NioEventLoop.java:496)
	at org.apache.ratis.thirdparty.io.netty.channel.nio.NioEventLoop.run(NioEventLoop.java:458)
	at org.apache.ratis.thirdparty.io.netty.util.concurrent.SingleThreadEventExecutor$5.run(SingleThreadEventExecutor.java:897)
	at org.apache.ratis.thirdparty.io.netty.util.concurrent.FastThreadLocalRunnable.run(FastThreadLocalRunnable.java:30)
	... 1 more
Caused by: java.net.ConnectException: Connection refused
	... 11 more
2019-10-11 07:35:58,037 [4d415cff-0964-4c64-a0ba-bf5399f54beb@group-B6E563493923-LeaderElection80] INFO  impl.RoleInfo (RoleInfo.java:shutdownLeaderElection(134)) - 4d415cff-0964-4c64-a0ba-bf5399f54beb: shutdown LeaderElection
2019-10-11 07:35:58,037 [4d415cff-0964-4c64-a0ba-bf5399f54beb@group-B6E563493923-LeaderElection80] INFO  impl.RaftServerImpl (RaftServerImpl.java:setRole(170)) - 4d415cff-0964-4c64-a0ba-bf5399f54beb@group-B6E563493923: changes role from CANDIDATE to LEADER at term 7 for changeToLeader
2019-10-11 07:35:58,037 [4d415cff-0964-4c64-a0ba-bf5399f54beb@group-B6E563493923-LeaderElection80] INFO  impl.RaftServerImpl (ServerState.java:setLeader(255)) - 4d415cff-0964-4c64-a0ba-bf5399f54beb@group-B6E563493923: change Leader from null to 4d415cff-0964-4c64-a0ba-bf5399f54beb at term 7 for becomeLeader, leader elected after 25639ms
2019-10-11 07:35:58,037 [4d415cff-0964-4c64-a0ba-bf5399f54beb@group-B6E563493923-LeaderElection80] INFO  server.RaftServerConfigKeys (ConfUtils.java:logGet(43)) - raft.server.staging.catchup.gap = 1000 (default)
2019-10-11 07:35:58,037 [4d415cff-0964-4c64-a0ba-bf5399f54beb@group-B6E563493923-LeaderElection80] INFO  server.RaftServerConfigKeys (ConfUtils.java:logGet(43)) - raft.server.rpc.sleep.time = 25ms (default)
2019-10-11 07:35:58,037 [4d415cff-0964-4c64-a0ba-bf5399f54beb@group-B6E563493923-LeaderElection80] INFO  server.RaftServerConfigKeys (ConfUtils.java:logGet(43)) - raft.server.write.element-limit = 4096 (default)
2019-10-11 07:35:58,038 [4d415cff-0964-4c64-a0ba-bf5399f54beb@group-B6E563493923-LeaderElection80] INFO  server.RaftServerConfigKeys (ConfUtils.java:logGet(43)) - raft.server.watch.timeout = 10s (default)
2019-10-11 07:35:58,038 [4d415cff-0964-4c64-a0ba-bf5399f54beb@group-B6E563493923-LeaderElection80] INFO  server.RaftServerConfigKeys (ConfUtils.java:logGet(43)) - raft.server.watch.timeout.denomination = 1s (default)
2019-10-11 07:35:58,038 [4d415cff-0964-4c64-a0ba-bf5399f54beb@group-B6E563493923-LeaderElection80] INFO  server.RaftServerConfigKeys (ConfUtils.java:logGet(43)) - raft.server.watch.element-limit = 65536 (default)
2019-10-11 07:35:58,040 [4d415cff-0964-4c64-a0ba-bf5399f54beb@group-B6E563493923-LeaderElection80] INFO  server.RaftServerConfigKeys (ConfUtils.java:logGet(43)) - raft.server.log.appender.snapshot.chunk.size.max = 16MB (=16777216) (default)
2019-10-11 07:35:58,040 [4d415cff-0964-4c64-a0ba-bf5399f54beb@group-B6E563493923-LeaderElection80] INFO  server.RaftServerConfigKeys (ConfUtils.java:logGet(43)) - raft.server.log.appender.buffer.byte-limit = 33554432 (custom)
2019-10-11 07:35:58,040 [4d415cff-0964-4c64-a0ba-bf5399f54beb@group-B6E563493923-LeaderElection80] INFO  server.RaftServerConfigKeys (ConfUtils.java:logGet(43)) - raft.server.log.appender.buffer.element-limit = 1 (custom)
2019-10-11 07:35:58,040 [4d415cff-0964-4c64-a0ba-bf5399f54beb@group-B6E563493923-LeaderElection80] INFO  grpc.GrpcConfigKeys$Server (ConfUtils.java:logGet(43)) - raft.grpc.server.leader.outstanding.appends.max = 128 (default)
2019-10-11 07:35:58,040 [4d415cff-0964-4c64-a0ba-bf5399f54beb@group-B6E563493923-LeaderElection80] INFO  server.RaftServerConfigKeys (ConfUtils.java:logGet(43)) - raft.server.rpc.request.timeout = 3000ms (default)
2019-10-11 07:35:58,041 [4d415cff-0964-4c64-a0ba-bf5399f54beb@group-B6E563493923-LeaderElection80] INFO  server.RaftServerConfigKeys (ConfUtils.java:logGet(43)) - raft.server.log.appender.install.snapshot.enabled = false (custom)
2019-10-11 07:35:58,041 [4d415cff-0964-4c64-a0ba-bf5399f54beb@group-B6E563493923-LeaderElection80] INFO  server.RaftServerConfigKeys (ConfUtils.java:logGet(43)) - raft.server.log.appender.snapshot.chunk.size.max = 16MB (=16777216) (default)
2019-10-11 07:35:58,041 [4d415cff-0964-4c64-a0ba-bf5399f54beb@group-B6E563493923-LeaderElection80] INFO  server.RaftServerConfigKeys (ConfUtils.java:logGet(43)) - raft.server.log.appender.buffer.byte-limit = 33554432 (custom)
2019-10-11 07:35:58,041 [4d415cff-0964-4c64-a0ba-bf5399f54beb@group-B6E563493923-LeaderElection80] INFO  server.RaftServerConfigKeys (ConfUtils.java:logGet(43)) - raft.server.log.appender.buffer.element-limit = 1 (custom)
2019-10-11 07:35:58,041 [4d415cff-0964-4c64-a0ba-bf5399f54beb@group-B6E563493923-LeaderElection80] INFO  grpc.GrpcConfigKeys$Server (ConfUtils.java:logGet(43)) - raft.grpc.server.leader.outstanding.appends.max = 128 (default)
2019-10-11 07:35:58,041 [4d415cff-0964-4c64-a0ba-bf5399f54beb@group-B6E563493923-LeaderElection80] INFO  server.RaftServerConfigKeys (ConfUtils.java:logGet(43)) - raft.server.rpc.request.timeout = 3000ms (default)
2019-10-11 07:35:58,041 [4d415cff-0964-4c64-a0ba-bf5399f54beb@group-B6E563493923-LeaderElection80] INFO  server.RaftServerConfigKeys (ConfUtils.java:logGet(43)) - raft.server.log.appender.install.snapshot.enabled = false (custom)
2019-10-11 07:35:58,041 [4d415cff-0964-4c64-a0ba-bf5399f54beb@group-B6E563493923-LeaderElection80] INFO  impl.RoleInfo (RoleInfo.java:updateAndGet(143)) - 4d415cff-0964-4c64-a0ba-bf5399f54beb: start LeaderState
2019-10-11 07:35:58,042 [4d415cff-0964-4c64-a0ba-bf5399f54beb@group-B6E563493923-LeaderElection80] INFO  segmented.SegmentedRaftLogWorker (SegmentedRaftLogWorker.java:rollLogSegment(390)) - 4d415cff-0964-4c64-a0ba-bf5399f54beb@group-B6E563493923-SegmentedRaftLogWorker: Rolling segment log-0_15 to index:15
2019-10-11 07:35:58,043 [4d415cff-0964-4c64-a0ba-bf5399f54beb@group-B6E563493923-LeaderElection80] INFO  impl.RaftServerImpl (ServerState.java:setRaftConf(356)) - 4d415cff-0964-4c64-a0ba-bf5399f54beb@group-B6E563493923: set configuration 16: [4d415cff-0964-4c64-a0ba-bf5399f54beb:192.168.164.209:36258, def6d75b-2bd6-4a47-993f-f7560187f71d:192.168.164.209:35462, 672bb6f8-5131-4da7-8320-8bbddbc4a98b:192.168.164.209:42241], old=null at 16
2019-10-11 07:35:58,043 [grpc-default-executor-4] WARN  server.GrpcLogAppender (LogUtils.java:warn(134)) - 4d415cff-0964-4c64-a0ba-bf5399f54beb@group-B6E563493923->672bb6f8-5131-4da7-8320-8bbddbc4a98b-AppendLogResponseHandler: Failed appendEntries: org.apache.ratis.thirdparty.io.grpc.StatusRuntimeException: UNAVAILABLE: io exception
2019-10-11 07:35:58,047 [4d415cff-0964-4c64-a0ba-bf5399f54beb@group-B6E563493923-SegmentedRaftLogWorker] INFO  segmented.SegmentedRaftLogWorker (SegmentedRaftLogWorker.java:execute(531)) - 4d415cff-0964-4c64-a0ba-bf5399f54beb@group-B6E563493923-SegmentedRaftLogWorker: Rolled log segment from /workdir/hadoop-ozone/integration-test/target/test-dir/MiniOzoneClusterImpl-b5204cf2-bad7-4711-9a54-58405b1ee90d/datanode-1/data/ratis/632ea63f-7cf4-4be4-bfda-b6e563493923/current/log_inprogress_0 to /workdir/hadoop-ozone/integration-test/target/test-dir/MiniOzoneClusterImpl-b5204cf2-bad7-4711-9a54-58405b1ee90d/datanode-1/data/ratis/632ea63f-7cf4-4be4-bfda-b6e563493923/current/log_0-15
2019-10-11 07:35:58,047 [grpc-default-executor-7] INFO  impl.RaftServerImpl (ServerState.java:setLeader(255)) - def6d75b-2bd6-4a47-993f-f7560187f71d@group-B6E563493923: change Leader from null to 4d415cff-0964-4c64-a0ba-bf5399f54beb at term 7 for appendEntries, leader elected after 25636ms
2019-10-11 07:35:58,047 [grpc-default-executor-4] INFO  impl.FollowerInfo (FollowerInfo.java:lambda$new$0(51)) - 4d415cff-0964-4c64-a0ba-bf5399f54beb@group-B6E563493923->672bb6f8-5131-4da7-8320-8bbddbc4a98b: nextIndex: updateUnconditionally 16 -> 1
2019-10-11 07:35:58,052 [grpc-default-executor-7] INFO  impl.RaftServerImpl (ServerState.java:setRaftConf(356)) - def6d75b-2bd6-4a47-993f-f7560187f71d@group-B6E563493923: set configuration 16: [4d415cff-0964-4c64-a0ba-bf5399f54beb:192.168.164.209:36258, def6d75b-2bd6-4a47-993f-f7560187f71d:192.168.164.209:35462, 672bb6f8-5131-4da7-8320-8bbddbc4a98b:192.168.164.209:42241], old=null at 16
2019-10-11 07:35:58,052 [grpc-default-executor-7] INFO  segmented.SegmentedRaftLogWorker (SegmentedRaftLogWorker.java:rollLogSegment(390)) - def6d75b-2bd6-4a47-993f-f7560187f71d@group-B6E563493923-SegmentedRaftLogWorker: Rolling segment log-0_15 to index:15
2019-10-11 07:35:58,053 [def6d75b-2bd6-4a47-993f-f7560187f71d@group-B6E563493923-SegmentedRaftLogWorker] INFO  segmented.SegmentedRaftLogWorker (SegmentedRaftLogWorker.java:execute(531)) - def6d75b-2bd6-4a47-993f-f7560187f71d@group-B6E563493923-SegmentedRaftLogWorker: Rolled log segment from /workdir/hadoop-ozone/integration-test/target/test-dir/MiniOzoneClusterImpl-b5204cf2-bad7-4711-9a54-58405b1ee90d/datanode-0/data/ratis/632ea63f-7cf4-4be4-bfda-b6e563493923/current/log_inprogress_0 to /workdir/hadoop-ozone/integration-test/target/test-dir/MiniOzoneClusterImpl-b5204cf2-bad7-4711-9a54-58405b1ee90d/datanode-0/data/ratis/632ea63f-7cf4-4be4-bfda-b6e563493923/current/log_0-15
2019-10-11 07:35:58,113 [4d415cff-0964-4c64-a0ba-bf5399f54beb@group-B6E563493923-SegmentedRaftLogWorker] INFO  segmented.SegmentedRaftLogWorker (SegmentedRaftLogWorker.java:execute(574)) - 4d415cff-0964-4c64-a0ba-bf5399f54beb@group-B6E563493923-SegmentedRaftLogWorker: created new log segment /workdir/hadoop-ozone/integration-test/target/test-dir/MiniOzoneClusterImpl-b5204cf2-bad7-4711-9a54-58405b1ee90d/datanode-1/data/ratis/632ea63f-7cf4-4be4-bfda-b6e563493923/current/log_inprogress_16
2019-10-11 07:35:58,113 [def6d75b-2bd6-4a47-993f-f7560187f71d@group-B6E563493923-SegmentedRaftLogWorker] INFO  segmented.SegmentedRaftLogWorker (SegmentedRaftLogWorker.java:execute(574)) - def6d75b-2bd6-4a47-993f-f7560187f71d@group-B6E563493923-SegmentedRaftLogWorker: created new log segment /workdir/hadoop-ozone/integration-test/target/test-dir/MiniOzoneClusterImpl-b5204cf2-bad7-4711-9a54-58405b1ee90d/datanode-0/data/ratis/632ea63f-7cf4-4be4-bfda-b6e563493923/current/log_inprogress_16
2019-10-11 07:35:58,136 [grpc-default-executor-8] WARN  server.GrpcLogAppender (LogUtils.java:warn(134)) - 4d415cff-0964-4c64-a0ba-bf5399f54beb@group-B6E563493923->672bb6f8-5131-4da7-8320-8bbddbc4a98b-AppendLogResponseHandler: Failed appendEntries: org.apache.ratis.thirdparty.io.grpc.StatusRuntimeException: UNAVAILABLE: io exception
2019-10-11 07:35:58,136 [grpc-default-executor-8] INFO  impl.FollowerInfo (FollowerInfo.java:lambda$new$0(51)) - 4d415cff-0964-4c64-a0ba-bf5399f54beb@group-B6E563493923->672bb6f8-5131-4da7-8320-8bbddbc4a98b: nextIndex: updateUnconditionally 2 -> 1
2019-10-11 07:35:58,161 [grpc-default-executor-8] WARN  server.GrpcLogAppender (LogUtils.java:warn(134)) - 4d415cff-0964-4c64-a0ba-bf5399f54beb@group-B6E563493923->672bb6f8-5131-4da7-8320-8bbddbc4a98b-AppendLogResponseHandler: Failed appendEntries: org.apache.ratis.thirdparty.io.grpc.StatusRuntimeException: UNAVAILABLE: io exception
2019-10-11 07:35:58,161 [grpc-default-executor-8] INFO  impl.FollowerInfo (FollowerInfo.java:lambda$new$0(51)) - 4d415cff-0964-4c64-a0ba-bf5399f54beb@group-B6E563493923->672bb6f8-5131-4da7-8320-8bbddbc4a98b: nextIndex: updateUnconditionally 2 -> 1
07:36:00.129 [grpc-default-executor-8] ERROR DNAudit - user=null | ip=null | op=WRITE_CHUNK {blockData=conID: 1 locID: 102942592990117901 bcsId: 13} | ret=FAILURE
org.apache.hadoop.hdds.scm.container.common.helpers.ContainerNotOpenException: Container 1 in CLOSING state
	at org.apache.hadoop.ozone.container.common.impl.HddsDispatcher.validateContainerCommand(HddsDispatcher.java:436) ~[hadoop-hdds-container-service-0.5.0-SNAPSHOT.jar:?]
	at org.apache.hadoop.ozone.container.common.transport.server.ratis.ContainerStateMachine.startTransaction(ContainerStateMachine.java:320) ~[hadoop-hdds-container-service-0.5.0-SNAPSHOT.jar:?]
	at org.apache.ratis.server.impl.RaftServerImpl.submitClientRequestAsync(RaftServerImpl.java:569) ~[ratis-server-0.5.0-201fc85-SNAPSHOT.jar:0.5.0-201fc85-SNAPSHOT]
	at org.apache.ratis.server.impl.RaftServerProxy.lambda$submitClientRequestAsync$7(RaftServerProxy.java:333) ~[ratis-server-0.5.0-201fc85-SNAPSHOT.jar:0.5.0-201fc85-SNAPSHOT]
	at org.apache.ratis.server.impl.RaftServerProxy.lambda$null$5(RaftServerProxy.java:328) ~[ratis-server-0.5.0-201fc85-SNAPSHOT.jar:0.5.0-201fc85-SNAPSHOT]
	at org.apache.ratis.util.JavaUtils.callAsUnchecked(JavaUtils.java:109) ~[ratis-common-0.5.0-201fc85-SNAPSHOT.jar:0.5.0-201fc85-SNAPSHOT]
	at org.apache.ratis.server.impl.RaftServerProxy.lambda$submitRequest$6(RaftServerProxy.java:328) ~[ratis-server-0.5.0-201fc85-SNAPSHOT.jar:0.5.0-201fc85-SNAPSHOT]
	at java.util.concurrent.CompletableFuture.uniComposeStage(CompletableFuture.java:981) ~[?:1.8.0_212]
	at java.util.concurrent.CompletableFuture.thenCompose(CompletableFuture.java:2124) ~[?:1.8.0_212]
	at org.apache.ratis.server.impl.RaftServerProxy.submitRequest(RaftServerProxy.java:327) ~[ratis-server-0.5.0-201fc85-SNAPSHOT.jar:0.5.0-201fc85-SNAPSHOT]
	at org.apache.ratis.server.impl.RaftServerProxy.submitClientRequestAsync(RaftServerProxy.java:333) ~[ratis-server-0.5.0-201fc85-SNAPSHOT.jar:0.5.0-201fc85-SNAPSHOT]
	at org.apache.ratis.grpc.client.GrpcClientProtocolService$RequestStreamObserver.processClientRequest(GrpcClientProtocolService.java:220) ~[ratis-grpc-0.5.0-201fc85-SNAPSHOT.jar:0.5.0-201fc85-SNAPSHOT]
	at org.apache.ratis.grpc.client.GrpcClientProtocolService$OrderedRequestStreamObserver.processClientRequest(GrpcClientProtocolService.java:326) ~[ratis-grpc-0.5.0-201fc85-SNAPSHOT.jar:0.5.0-201fc85-SNAPSHOT]
	at org.apache.ratis.util.SlidingWindow$Server.processRequestsFromHead(SlidingWindow.java:429) [ratis-common-0.5.0-201fc85-SNAPSHOT.jar:0.5.0-201fc85-SNAPSHOT]
	at org.apache.ratis.util.SlidingWindow$Server.receivedRequest(SlidingWindow.java:421) [ratis-common-0.5.0-201fc85-SNAPSHOT.jar:0.5.0-201fc85-SNAPSHOT]
	at org.apache.ratis.grpc.client.GrpcClientProtocolService$OrderedRequestStreamObserver.processClientRequest(GrpcClientProtocolService.java:345) [ratis-grpc-0.5.0-201fc85-SNAPSHOT.jar:0.5.0-201fc85-SNAPSHOT]
	at org.apache.ratis.grpc.client.GrpcClientProtocolService$RequestStreamObserver.onNext(GrpcClientProtocolService.java:240) [ratis-grpc-0.5.0-201fc85-SNAPSHOT.jar:0.5.0-201fc85-SNAPSHOT]
	at org.apache.ratis.grpc.client.GrpcClientProtocolService$RequestStreamObserver.onNext(GrpcClientProtocolService.java:168) [ratis-grpc-0.5.0-201fc85-SNAPSHOT.jar:0.5.0-201fc85-SNAPSHOT]
	at org.apache.ratis.thirdparty.io.grpc.stub.ServerCalls$StreamingServerCallHandler$StreamingServerCallListener.onMessage(ServerCalls.java:248) [ratis-thirdparty-misc-0.2.0.jar:0.2.0]
	at org.apache.ratis.thirdparty.io.grpc.internal.ServerCallImpl$ServerStreamListenerImpl.messagesAvailable(ServerCallImpl.java:263) [ratis-thirdparty-misc-0.2.0.jar:0.2.0]
	at org.apache.ratis.thirdparty.io.grpc.internal.ServerImpl$JumpToApplicationThreadServerStreamListener$1MessagesAvailable.runInContext(ServerImpl.java:686) [ratis-thirdparty-misc-0.2.0.jar:0.2.0]
	at org.apache.ratis.thirdparty.io.grpc.internal.ContextRunnable.run(ContextRunnable.java:37) [ratis-thirdparty-misc-0.2.0.jar:0.2.0]
	at org.apache.ratis.thirdparty.io.grpc.internal.SerializingExecutor.run(SerializingExecutor.java:123) [ratis-thirdparty-misc-0.2.0.jar:0.2.0]
	at java.util.concurrent.ThreadPoolExecutor.runWorker(ThreadPoolExecutor.java:1149) [?:1.8.0_212]
	at java.util.concurrent.ThreadPoolExecutor$Worker.run(ThreadPoolExecutor.java:624) [?:1.8.0_212]
	at java.lang.Thread.run(Thread.java:748) [?:1.8.0_212]
07:36:00.143 [grpc-default-executor-7] ERROR DNAudit - user=null | ip=null | op=WRITE_CHUNK {blockData=conID: 1 locID: 102942592990117901 bcsId: 13} | ret=FAILURE
org.apache.hadoop.hdds.scm.container.common.helpers.ContainerNotOpenException: Container 1 in CLOSING state
	at org.apache.hadoop.ozone.container.common.impl.HddsDispatcher.validateContainerCommand(HddsDispatcher.java:436) ~[hadoop-hdds-container-service-0.5.0-SNAPSHOT.jar:?]
	at org.apache.hadoop.ozone.container.common.transport.server.ratis.ContainerStateMachine.startTransaction(ContainerStateMachine.java:320) ~[hadoop-hdds-container-service-0.5.0-SNAPSHOT.jar:?]
	at org.apache.ratis.server.impl.RaftServerImpl.submitClientRequestAsync(RaftServerImpl.java:569) ~[ratis-server-0.5.0-201fc85-SNAPSHOT.jar:0.5.0-201fc85-SNAPSHOT]
	at org.apache.ratis.server.impl.RaftServerProxy.lambda$submitClientRequestAsync$7(RaftServerProxy.java:333) ~[ratis-server-0.5.0-201fc85-SNAPSHOT.jar:0.5.0-201fc85-SNAPSHOT]
	at org.apache.ratis.server.impl.RaftServerProxy.lambda$null$5(RaftServerProxy.java:328) ~[ratis-server-0.5.0-201fc85-SNAPSHOT.jar:0.5.0-201fc85-SNAPSHOT]
	at org.apache.ratis.util.JavaUtils.callAsUnchecked(JavaUtils.java:109) ~[ratis-common-0.5.0-201fc85-SNAPSHOT.jar:0.5.0-201fc85-SNAPSHOT]
	at org.apache.ratis.server.impl.RaftServerProxy.lambda$submitRequest$6(RaftServerProxy.java:328) ~[ratis-server-0.5.0-201fc85-SNAPSHOT.jar:0.5.0-201fc85-SNAPSHOT]
	at java.util.concurrent.CompletableFuture.uniComposeStage(CompletableFuture.java:981) ~[?:1.8.0_212]
	at java.util.concurrent.CompletableFuture.thenCompose(CompletableFuture.java:2124) ~[?:1.8.0_212]
	at org.apache.ratis.server.impl.RaftServerProxy.submitRequest(RaftServerProxy.java:327) ~[ratis-server-0.5.0-201fc85-SNAPSHOT.jar:0.5.0-201fc85-SNAPSHOT]
	at org.apache.ratis.server.impl.RaftServerProxy.submitClientRequestAsync(RaftServerProxy.java:333) ~[ratis-server-0.5.0-201fc85-SNAPSHOT.jar:0.5.0-201fc85-SNAPSHOT]
	at org.apache.ratis.grpc.client.GrpcClientProtocolService$RequestStreamObserver.processClientRequest(GrpcClientProtocolService.java:220) ~[ratis-grpc-0.5.0-201fc85-SNAPSHOT.jar:0.5.0-201fc85-SNAPSHOT]
	at org.apache.ratis.grpc.client.GrpcClientProtocolService$OrderedRequestStreamObserver.processClientRequest(GrpcClientProtocolService.java:326) ~[ratis-grpc-0.5.0-201fc85-SNAPSHOT.jar:0.5.0-201fc85-SNAPSHOT]
	at org.apache.ratis.util.SlidingWindow$Server.processRequestsFromHead(SlidingWindow.java:429) [ratis-common-0.5.0-201fc85-SNAPSHOT.jar:0.5.0-201fc85-SNAPSHOT]
	at org.apache.ratis.util.SlidingWindow$Server.receivedRequest(SlidingWindow.java:421) [ratis-common-0.5.0-201fc85-SNAPSHOT.jar:0.5.0-201fc85-SNAPSHOT]
	at org.apache.ratis.grpc.client.GrpcClientProtocolService$OrderedRequestStreamObserver.processClientRequest(GrpcClientProtocolService.java:345) [ratis-grpc-0.5.0-201fc85-SNAPSHOT.jar:0.5.0-201fc85-SNAPSHOT]
	at org.apache.ratis.grpc.client.GrpcClientProtocolService$RequestStreamObserver.onNext(GrpcClientProtocolService.java:240) [ratis-grpc-0.5.0-201fc85-SNAPSHOT.jar:0.5.0-201fc85-SNAPSHOT]
	at org.apache.ratis.grpc.client.GrpcClientProtocolService$RequestStreamObserver.onNext(GrpcClientProtocolService.java:168) [ratis-grpc-0.5.0-201fc85-SNAPSHOT.jar:0.5.0-201fc85-SNAPSHOT]
	at org.apache.ratis.thirdparty.io.grpc.stub.ServerCalls$StreamingServerCallHandler$StreamingServerCallListener.onMessage(ServerCalls.java:248) [ratis-thirdparty-misc-0.2.0.jar:0.2.0]
	at org.apache.ratis.thirdparty.io.grpc.internal.ServerCallImpl$ServerStreamListenerImpl.messagesAvailable(ServerCallImpl.java:263) [ratis-thirdparty-misc-0.2.0.jar:0.2.0]
	at org.apache.ratis.thirdparty.io.grpc.internal.ServerImpl$JumpToApplicationThreadServerStreamListener$1MessagesAvailable.runInContext(ServerImpl.java:686) [ratis-thirdparty-misc-0.2.0.jar:0.2.0]
	at org.apache.ratis.thirdparty.io.grpc.internal.ContextRunnable.run(ContextRunnable.java:37) [ratis-thirdparty-misc-0.2.0.jar:0.2.0]
	at org.apache.ratis.thirdparty.io.grpc.internal.SerializingExecutor.run(SerializingExecutor.java:123) [ratis-thirdparty-misc-0.2.0.jar:0.2.0]
	at java.util.concurrent.ThreadPoolExecutor.runWorker(ThreadPoolExecutor.java:1149) [?:1.8.0_212]
	at java.util.concurrent.ThreadPoolExecutor$Worker.run(ThreadPoolExecutor.java:624) [?:1.8.0_212]
	at java.lang.Thread.run(Thread.java:748) [?:1.8.0_212]
07:36:00.154 [grpc-default-executor-7] ERROR DNAudit - user=null | ip=null | op=PUT_BLOCK {blockData=[blockId=conID: 1 locID: 102942592990117901 bcsId: 0,size=650]} | ret=FAILURE
org.apache.hadoop.hdds.scm.container.common.helpers.ContainerNotOpenException: Container 1 in CLOSING state
	at org.apache.hadoop.ozone.container.common.impl.HddsDispatcher.validateContainerCommand(HddsDispatcher.java:436) ~[hadoop-hdds-container-service-0.5.0-SNAPSHOT.jar:?]
	at org.apache.hadoop.ozone.container.common.transport.server.ratis.ContainerStateMachine.startTransaction(ContainerStateMachine.java:320) ~[hadoop-hdds-container-service-0.5.0-SNAPSHOT.jar:?]
	at org.apache.ratis.server.impl.RaftServerImpl.submitClientRequestAsync(RaftServerImpl.java:569) ~[ratis-server-0.5.0-201fc85-SNAPSHOT.jar:0.5.0-201fc85-SNAPSHOT]
	at org.apache.ratis.server.impl.RaftServerProxy.lambda$submitClientRequestAsync$7(RaftServerProxy.java:333) ~[ratis-server-0.5.0-201fc85-SNAPSHOT.jar:0.5.0-201fc85-SNAPSHOT]
	at org.apache.ratis.server.impl.RaftServerProxy.lambda$null$5(RaftServerProxy.java:328) ~[ratis-server-0.5.0-201fc85-SNAPSHOT.jar:0.5.0-201fc85-SNAPSHOT]
	at org.apache.ratis.util.JavaUtils.callAsUnchecked(JavaUtils.java:109) ~[ratis-common-0.5.0-201fc85-SNAPSHOT.jar:0.5.0-201fc85-SNAPSHOT]
	at org.apache.ratis.server.impl.RaftServerProxy.lambda$submitRequest$6(RaftServerProxy.java:328) ~[ratis-server-0.5.0-201fc85-SNAPSHOT.jar:0.5.0-201fc85-SNAPSHOT]
	at java.util.concurrent.CompletableFuture.uniComposeStage(CompletableFuture.java:981) ~[?:1.8.0_212]
	at java.util.concurrent.CompletableFuture.thenCompose(CompletableFuture.java:2124) ~[?:1.8.0_212]
	at org.apache.ratis.server.impl.RaftServerProxy.submitRequest(RaftServerProxy.java:327) ~[ratis-server-0.5.0-201fc85-SNAPSHOT.jar:0.5.0-201fc85-SNAPSHOT]
	at org.apache.ratis.server.impl.RaftServerProxy.submitClientRequestAsync(RaftServerProxy.java:333) ~[ratis-server-0.5.0-201fc85-SNAPSHOT.jar:0.5.0-201fc85-SNAPSHOT]
	at org.apache.ratis.grpc.client.GrpcClientProtocolService$RequestStreamObserver.processClientRequest(GrpcClientProtocolService.java:220) ~[ratis-grpc-0.5.0-201fc85-SNAPSHOT.jar:0.5.0-201fc85-SNAPSHOT]
	at org.apache.ratis.grpc.client.GrpcClientProtocolService$OrderedRequestStreamObserver.processClientRequest(GrpcClientProtocolService.java:326) ~[ratis-grpc-0.5.0-201fc85-SNAPSHOT.jar:0.5.0-201fc85-SNAPSHOT]
	at org.apache.ratis.util.SlidingWindow$Server.processRequestsFromHead(SlidingWindow.java:429) [ratis-common-0.5.0-201fc85-SNAPSHOT.jar:0.5.0-201fc85-SNAPSHOT]
	at org.apache.ratis.util.SlidingWindow$Server.receivedRequest(SlidingWindow.java:421) [ratis-common-0.5.0-201fc85-SNAPSHOT.jar:0.5.0-201fc85-SNAPSHOT]
	at org.apache.ratis.grpc.client.GrpcClientProtocolService$OrderedRequestStreamObserver.processClientRequest(GrpcClientProtocolService.java:345) [ratis-grpc-0.5.0-201fc85-SNAPSHOT.jar:0.5.0-201fc85-SNAPSHOT]
	at org.apache.ratis.grpc.client.GrpcClientProtocolService$RequestStreamObserver.onNext(GrpcClientProtocolService.java:240) [ratis-grpc-0.5.0-201fc85-SNAPSHOT.jar:0.5.0-201fc85-SNAPSHOT]
	at org.apache.ratis.grpc.client.GrpcClientProtocolService$RequestStreamObserver.onNext(GrpcClientProtocolService.java:168) [ratis-grpc-0.5.0-201fc85-SNAPSHOT.jar:0.5.0-201fc85-SNAPSHOT]
	at org.apache.ratis.thirdparty.io.grpc.stub.ServerCalls$StreamingServerCallHandler$StreamingServerCallListener.onMessage(ServerCalls.java:248) [ratis-thirdparty-misc-0.2.0.jar:0.2.0]
	at org.apache.ratis.thirdparty.io.grpc.internal.ServerCallImpl$ServerStreamListenerImpl.messagesAvailable(ServerCallImpl.java:263) [ratis-thirdparty-misc-0.2.0.jar:0.2.0]
	at org.apache.ratis.thirdparty.io.grpc.internal.ServerImpl$JumpToApplicationThreadServerStreamListener$1MessagesAvailable.runInContext(ServerImpl.java:686) [ratis-thirdparty-misc-0.2.0.jar:0.2.0]
	at org.apache.ratis.thirdparty.io.grpc.internal.ContextRunnable.run(ContextRunnable.java:37) [ratis-thirdparty-misc-0.2.0.jar:0.2.0]
	at org.apache.ratis.thirdparty.io.grpc.internal.SerializingExecutor.run(SerializingExecutor.java:123) [ratis-thirdparty-misc-0.2.0.jar:0.2.0]
	at java.util.concurrent.ThreadPoolExecutor.runWorker(ThreadPoolExecutor.java:1149) [?:1.8.0_212]
	at java.util.concurrent.ThreadPoolExecutor$Worker.run(ThreadPoolExecutor.java:624) [?:1.8.0_212]
	at java.lang.Thread.run(Thread.java:748) [?:1.8.0_212]
07:36:00.155 [grpc-default-executor-7] ERROR DNAudit - user=null | ip=null | op=WRITE_CHUNK {blockData=conID: 1 locID: 102942592990117901 bcsId: 13} | ret=FAILURE
org.apache.hadoop.hdds.scm.container.common.helpers.ContainerNotOpenException: Container 1 in CLOSING state
	at org.apache.hadoop.ozone.container.common.impl.HddsDispatcher.validateContainerCommand(HddsDispatcher.java:436) ~[hadoop-hdds-container-service-0.5.0-SNAPSHOT.jar:?]
	at org.apache.hadoop.ozone.container.common.transport.server.ratis.ContainerStateMachine.startTransaction(ContainerStateMachine.java:320) ~[hadoop-hdds-container-service-0.5.0-SNAPSHOT.jar:?]
	at org.apache.ratis.server.impl.RaftServerImpl.submitClientRequestAsync(RaftServerImpl.java:569) ~[ratis-server-0.5.0-201fc85-SNAPSHOT.jar:0.5.0-201fc85-SNAPSHOT]
	at org.apache.ratis.server.impl.RaftServerProxy.lambda$submitClientRequestAsync$7(RaftServerProxy.java:333) ~[ratis-server-0.5.0-201fc85-SNAPSHOT.jar:0.5.0-201fc85-SNAPSHOT]
	at org.apache.ratis.server.impl.RaftServerProxy.lambda$null$5(RaftServerProxy.java:328) ~[ratis-server-0.5.0-201fc85-SNAPSHOT.jar:0.5.0-201fc85-SNAPSHOT]
	at org.apache.ratis.util.JavaUtils.callAsUnchecked(JavaUtils.java:109) ~[ratis-common-0.5.0-201fc85-SNAPSHOT.jar:0.5.0-201fc85-SNAPSHOT]
	at org.apache.ratis.server.impl.RaftServerProxy.lambda$submitRequest$6(RaftServerProxy.java:328) ~[ratis-server-0.5.0-201fc85-SNAPSHOT.jar:0.5.0-201fc85-SNAPSHOT]
	at java.util.concurrent.CompletableFuture.uniComposeStage(CompletableFuture.java:981) ~[?:1.8.0_212]
	at java.util.concurrent.CompletableFuture.thenCompose(CompletableFuture.java:2124) ~[?:1.8.0_212]
	at org.apache.ratis.server.impl.RaftServerProxy.submitRequest(RaftServerProxy.java:327) ~[ratis-server-0.5.0-201fc85-SNAPSHOT.jar:0.5.0-201fc85-SNAPSHOT]
	at org.apache.ratis.server.impl.RaftServerProxy.submitClientRequestAsync(RaftServerProxy.java:333) ~[ratis-server-0.5.0-201fc85-SNAPSHOT.jar:0.5.0-201fc85-SNAPSHOT]
	at org.apache.ratis.grpc.client.GrpcClientProtocolService$RequestStreamObserver.processClientRequest(GrpcClientProtocolService.java:220) ~[ratis-grpc-0.5.0-201fc85-SNAPSHOT.jar:0.5.0-201fc85-SNAPSHOT]
	at org.apache.ratis.grpc.client.GrpcClientProtocolService$OrderedRequestStreamObserver.processClientRequest(GrpcClientProtocolService.java:326) ~[ratis-grpc-0.5.0-201fc85-SNAPSHOT.jar:0.5.0-201fc85-SNAPSHOT]
	at org.apache.ratis.util.SlidingWindow$Server.processRequestsFromHead(SlidingWindow.java:429) [ratis-common-0.5.0-201fc85-SNAPSHOT.jar:0.5.0-201fc85-SNAPSHOT]
	at org.apache.ratis.util.SlidingWindow$Server.receivedRequest(SlidingWindow.java:421) [ratis-common-0.5.0-201fc85-SNAPSHOT.jar:0.5.0-201fc85-SNAPSHOT]
	at org.apache.ratis.grpc.client.GrpcClientProtocolService$OrderedRequestStreamObserver.processClientRequest(GrpcClientProtocolService.java:345) [ratis-grpc-0.5.0-201fc85-SNAPSHOT.jar:0.5.0-201fc85-SNAPSHOT]
	at org.apache.ratis.grpc.client.GrpcClientProtocolService$RequestStreamObserver.onNext(GrpcClientProtocolService.java:240) [ratis-grpc-0.5.0-201fc85-SNAPSHOT.jar:0.5.0-201fc85-SNAPSHOT]
	at org.apache.ratis.grpc.client.GrpcClientProtocolService$RequestStreamObserver.onNext(GrpcClientProtocolService.java:168) [ratis-grpc-0.5.0-201fc85-SNAPSHOT.jar:0.5.0-201fc85-SNAPSHOT]
	at org.apache.ratis.thirdparty.io.grpc.stub.ServerCalls$StreamingServerCallHandler$StreamingServerCallListener.onMessage(ServerCalls.java:248) [ratis-thirdparty-misc-0.2.0.jar:0.2.0]
	at org.apache.ratis.thirdparty.io.grpc.internal.ServerCallImpl$ServerStreamListenerImpl.messagesAvailable(ServerCallImpl.java:263) [ratis-thirdparty-misc-0.2.0.jar:0.2.0]
	at org.apache.ratis.thirdparty.io.grpc.internal.ServerImpl$JumpToApplicationThreadServerStreamListener$1MessagesAvailable.runInContext(ServerImpl.java:686) [ratis-thirdparty-misc-0.2.0.jar:0.2.0]
	at org.apache.ratis.thirdparty.io.grpc.internal.ContextRunnable.run(ContextRunnable.java:37) [ratis-thirdparty-misc-0.2.0.jar:0.2.0]
	at org.apache.ratis.thirdparty.io.grpc.internal.SerializingExecutor.run(SerializingExecutor.java:123) [ratis-thirdparty-misc-0.2.0.jar:0.2.0]
	at java.util.concurrent.ThreadPoolExecutor.runWorker(ThreadPoolExecutor.java:1149) [?:1.8.0_212]
	at java.util.concurrent.ThreadPoolExecutor$Worker.run(ThreadPoolExecutor.java:624) [?:1.8.0_212]
	at java.lang.Thread.run(Thread.java:748) [?:1.8.0_212]
07:36:00.162 [grpc-default-executor-7] ERROR DNAudit - user=null | ip=null | op=WRITE_CHUNK {blockData=conID: 1 locID: 102942592990117901 bcsId: 13} | ret=FAILURE
org.apache.hadoop.hdds.scm.container.common.helpers.ContainerNotOpenException: Container 1 in CLOSING state
	at org.apache.hadoop.ozone.container.common.impl.HddsDispatcher.validateContainerCommand(HddsDispatcher.java:436) ~[hadoop-hdds-container-service-0.5.0-SNAPSHOT.jar:?]
	at org.apache.hadoop.ozone.container.common.transport.server.ratis.ContainerStateMachine.startTransaction(ContainerStateMachine.java:320) ~[hadoop-hdds-container-service-0.5.0-SNAPSHOT.jar:?]
	at org.apache.ratis.server.impl.RaftServerImpl.submitClientRequestAsync(RaftServerImpl.java:569) ~[ratis-server-0.5.0-201fc85-SNAPSHOT.jar:0.5.0-201fc85-SNAPSHOT]
	at org.apache.ratis.server.impl.RaftServerProxy.lambda$submitClientRequestAsync$7(RaftServerProxy.java:333) ~[ratis-server-0.5.0-201fc85-SNAPSHOT.jar:0.5.0-201fc85-SNAPSHOT]
	at org.apache.ratis.server.impl.RaftServerProxy.lambda$null$5(RaftServerProxy.java:328) ~[ratis-server-0.5.0-201fc85-SNAPSHOT.jar:0.5.0-201fc85-SNAPSHOT]
	at org.apache.ratis.util.JavaUtils.callAsUnchecked(JavaUtils.java:109) ~[ratis-common-0.5.0-201fc85-SNAPSHOT.jar:0.5.0-201fc85-SNAPSHOT]
	at org.apache.ratis.server.impl.RaftServerProxy.lambda$submitRequest$6(RaftServerProxy.java:328) ~[ratis-server-0.5.0-201fc85-SNAPSHOT.jar:0.5.0-201fc85-SNAPSHOT]
	at java.util.concurrent.CompletableFuture.uniComposeStage(CompletableFuture.java:981) ~[?:1.8.0_212]
	at java.util.concurrent.CompletableFuture.thenCompose(CompletableFuture.java:2124) ~[?:1.8.0_212]
	at org.apache.ratis.server.impl.RaftServerProxy.submitRequest(RaftServerProxy.java:327) ~[ratis-server-0.5.0-201fc85-SNAPSHOT.jar:0.5.0-201fc85-SNAPSHOT]
	at org.apache.ratis.server.impl.RaftServerProxy.submitClientRequestAsync(RaftServerProxy.java:333) ~[ratis-server-0.5.0-201fc85-SNAPSHOT.jar:0.5.0-201fc85-SNAPSHOT]
	at org.apache.ratis.grpc.client.GrpcClientProtocolService$RequestStreamObserver.processClientRequest(GrpcClientProtocolService.java:220) ~[ratis-grpc-0.5.0-201fc85-SNAPSHOT.jar:0.5.0-201fc85-SNAPSHOT]
	at org.apache.ratis.grpc.client.GrpcClientProtocolService$OrderedRequestStreamObserver.processClientRequest(GrpcClientProtocolService.java:326) ~[ratis-grpc-0.5.0-201fc85-SNAPSHOT.jar:0.5.0-201fc85-SNAPSHOT]
	at org.apache.ratis.util.SlidingWindow$Server.processRequestsFromHead(SlidingWindow.java:429) [ratis-common-0.5.0-201fc85-SNAPSHOT.jar:0.5.0-201fc85-SNAPSHOT]
	at org.apache.ratis.util.SlidingWindow$Server.receivedRequest(SlidingWindow.java:421) [ratis-common-0.5.0-201fc85-SNAPSHOT.jar:0.5.0-201fc85-SNAPSHOT]
	at org.apache.ratis.grpc.client.GrpcClientProtocolService$OrderedRequestStreamObserver.processClientRequest(GrpcClientProtocolService.java:345) [ratis-grpc-0.5.0-201fc85-SNAPSHOT.jar:0.5.0-201fc85-SNAPSHOT]
	at org.apache.ratis.grpc.client.GrpcClientProtocolService$RequestStreamObserver.onNext(GrpcClientProtocolService.java:240) [ratis-grpc-0.5.0-201fc85-SNAPSHOT.jar:0.5.0-201fc85-SNAPSHOT]
	at org.apache.ratis.grpc.client.GrpcClientProtocolService$RequestStreamObserver.onNext(GrpcClientProtocolService.java:168) [ratis-grpc-0.5.0-201fc85-SNAPSHOT.jar:0.5.0-201fc85-SNAPSHOT]
	at org.apache.ratis.thirdparty.io.grpc.stub.ServerCalls$StreamingServerCallHandler$StreamingServerCallListener.onMessage(ServerCalls.java:248) [ratis-thirdparty-misc-0.2.0.jar:0.2.0]
	at org.apache.ratis.thirdparty.io.grpc.internal.ServerCallImpl$ServerStreamListenerImpl.messagesAvailable(ServerCallImpl.java:263) [ratis-thirdparty-misc-0.2.0.jar:0.2.0]
	at org.apache.ratis.thirdparty.io.grpc.internal.ServerImpl$JumpToApplicationThreadServerStreamListener$1MessagesAvailable.runInContext(ServerImpl.java:686) [ratis-thirdparty-misc-0.2.0.jar:0.2.0]
	at org.apache.ratis.thirdparty.io.grpc.internal.ContextRunnable.run(ContextRunnable.java:37) [ratis-thirdparty-misc-0.2.0.jar:0.2.0]
	at org.apache.ratis.thirdparty.io.grpc.internal.SerializingExecutor.run(SerializingExecutor.java:123) [ratis-thirdparty-misc-0.2.0.jar:0.2.0]
	at java.util.concurrent.ThreadPoolExecutor.runWorker(ThreadPoolExecutor.java:1149) [?:1.8.0_212]
	at java.util.concurrent.ThreadPoolExecutor$Worker.run(ThreadPoolExecutor.java:624) [?:1.8.0_212]
	at java.lang.Thread.run(Thread.java:748) [?:1.8.0_212]
07:36:00.174 [grpc-default-executor-7] ERROR DNAudit - user=null | ip=null | op=PUT_BLOCK {blockData=[blockId=conID: 1 locID: 102942592990117901 bcsId: 0,size=800]} | ret=FAILURE
org.apache.hadoop.hdds.scm.container.common.helpers.ContainerNotOpenException: Container 1 in CLOSING state
	at org.apache.hadoop.ozone.container.common.impl.HddsDispatcher.validateContainerCommand(HddsDispatcher.java:436) ~[hadoop-hdds-container-service-0.5.0-SNAPSHOT.jar:?]
	at org.apache.hadoop.ozone.container.common.transport.server.ratis.ContainerStateMachine.startTransaction(ContainerStateMachine.java:320) ~[hadoop-hdds-container-service-0.5.0-SNAPSHOT.jar:?]
	at org.apache.ratis.server.impl.RaftServerImpl.submitClientRequestAsync(RaftServerImpl.java:569) ~[ratis-server-0.5.0-201fc85-SNAPSHOT.jar:0.5.0-201fc85-SNAPSHOT]
	at org.apache.ratis.server.impl.RaftServerProxy.lambda$submitClientRequestAsync$7(RaftServerProxy.java:333) ~[ratis-server-0.5.0-201fc85-SNAPSHOT.jar:0.5.0-201fc85-SNAPSHOT]
	at org.apache.ratis.server.impl.RaftServerProxy.lambda$null$5(RaftServerProxy.java:328) ~[ratis-server-0.5.0-201fc85-SNAPSHOT.jar:0.5.0-201fc85-SNAPSHOT]
	at org.apache.ratis.util.JavaUtils.callAsUnchecked(JavaUtils.java:109) ~[ratis-common-0.5.0-201fc85-SNAPSHOT.jar:0.5.0-201fc85-SNAPSHOT]
	at org.apache.ratis.server.impl.RaftServerProxy.lambda$submitRequest$6(RaftServerProxy.java:328) ~[ratis-server-0.5.0-201fc85-SNAPSHOT.jar:0.5.0-201fc85-SNAPSHOT]
	at java.util.concurrent.CompletableFuture.uniComposeStage(CompletableFuture.java:981) ~[?:1.8.0_212]
	at java.util.concurrent.CompletableFuture.thenCompose(CompletableFuture.java:2124) ~[?:1.8.0_212]
	at org.apache.ratis.server.impl.RaftServerProxy.submitRequest(RaftServerProxy.java:327) ~[ratis-server-0.5.0-201fc85-SNAPSHOT.jar:0.5.0-201fc85-SNAPSHOT]
	at org.apache.ratis.server.impl.RaftServerProxy.submitClientRequestAsync(RaftServerProxy.java:333) ~[ratis-server-0.5.0-201fc85-SNAPSHOT.jar:0.5.0-201fc85-SNAPSHOT]
	at org.apache.ratis.grpc.client.GrpcClientProtocolService$RequestStreamObserver.processClientRequest(GrpcClientProtocolService.java:220) ~[ratis-grpc-0.5.0-201fc85-SNAPSHOT.jar:0.5.0-201fc85-SNAPSHOT]
	at org.apache.ratis.grpc.client.GrpcClientProtocolService$OrderedRequestStreamObserver.processClientRequest(GrpcClientProtocolService.java:326) ~[ratis-grpc-0.5.0-201fc85-SNAPSHOT.jar:0.5.0-201fc85-SNAPSHOT]
	at org.apache.ratis.util.SlidingWindow$Server.processRequestsFromHead(SlidingWindow.java:429) [ratis-common-0.5.0-201fc85-SNAPSHOT.jar:0.5.0-201fc85-SNAPSHOT]
	at org.apache.ratis.util.SlidingWindow$Server.receivedRequest(SlidingWindow.java:421) [ratis-common-0.5.0-201fc85-SNAPSHOT.jar:0.5.0-201fc85-SNAPSHOT]
	at org.apache.ratis.grpc.client.GrpcClientProtocolService$OrderedRequestStreamObserver.processClientRequest(GrpcClientProtocolService.java:345) [ratis-grpc-0.5.0-201fc85-SNAPSHOT.jar:0.5.0-201fc85-SNAPSHOT]
	at org.apache.ratis.grpc.client.GrpcClientProtocolService$RequestStreamObserver.onNext(GrpcClientProtocolService.java:240) [ratis-grpc-0.5.0-201fc85-SNAPSHOT.jar:0.5.0-201fc85-SNAPSHOT]
	at org.apache.ratis.grpc.client.GrpcClientProtocolService$RequestStreamObserver.onNext(GrpcClientProtocolService.java:168) [ratis-grpc-0.5.0-201fc85-SNAPSHOT.jar:0.5.0-201fc85-SNAPSHOT]
	at org.apache.ratis.thirdparty.io.grpc.stub.ServerCalls$StreamingServerCallHandler$StreamingServerCallListener.onMessage(ServerCalls.java:248) [ratis-thirdparty-misc-0.2.0.jar:0.2.0]
	at org.apache.ratis.thirdparty.io.grpc.internal.ServerCallImpl$ServerStreamListenerImpl.messagesAvailable(ServerCallImpl.java:263) [ratis-thirdparty-misc-0.2.0.jar:0.2.0]
	at org.apache.ratis.thirdparty.io.grpc.internal.ServerImpl$JumpToApplicationThreadServerStreamListener$1MessagesAvailable.runInContext(ServerImpl.java:686) [ratis-thirdparty-misc-0.2.0.jar:0.2.0]
	at org.apache.ratis.thirdparty.io.grpc.internal.ContextRunnable.run(ContextRunnable.java:37) [ratis-thirdparty-misc-0.2.0.jar:0.2.0]
	at org.apache.ratis.thirdparty.io.grpc.internal.SerializingExecutor.run(SerializingExecutor.java:123) [ratis-thirdparty-misc-0.2.0.jar:0.2.0]
	at java.util.concurrent.ThreadPoolExecutor.runWorker(ThreadPoolExecutor.java:1149) [?:1.8.0_212]
	at java.util.concurrent.ThreadPoolExecutor$Worker.run(ThreadPoolExecutor.java:624) [?:1.8.0_212]
	at java.lang.Thread.run(Thread.java:748) [?:1.8.0_212]
2019-10-11 07:36:00,662 [grpc-default-executor-8] WARN  server.GrpcLogAppender (LogUtils.java:warn(134)) - 4d415cff-0964-4c64-a0ba-bf5399f54beb@group-B6E563493923->672bb6f8-5131-4da7-8320-8bbddbc4a98b-AppendLogResponseHandler: Failed appendEntries: org.apache.ratis.thirdparty.io.grpc.StatusRuntimeException: UNAVAILABLE: io exception
2019-10-11 07:36:00,662 [grpc-default-executor-8] INFO  impl.FollowerInfo (FollowerInfo.java:lambda$new$0(51)) - 4d415cff-0964-4c64-a0ba-bf5399f54beb@group-B6E563493923->672bb6f8-5131-4da7-8320-8bbddbc4a98b: nextIndex: updateUnconditionally 1 -> 0
2019-10-11 07:36:00,723 [main] INFO  ozone.MiniOzoneClusterImpl (MiniOzoneClusterImpl.java:shutdown(314)) - Shutting down the Mini Ozone Cluster
2019-10-11 07:36:00,723 [main] INFO  ozone.MiniOzoneClusterImpl (MiniOzoneClusterImpl.java:stop(330)) - Stopping the Mini Ozone Cluster
2019-10-11 07:36:00,723 [main] INFO  ozone.MiniOzoneClusterImpl (MiniOzoneClusterImpl.java:stopOM(400)) - Stopping the OzoneManager
2019-10-11 07:36:00,724 [main] INFO  ipc.Server (Server.java:stop(3082)) - Stopping server on 43508
2019-10-11 07:36:00,736 [IPC Server listener on 43508] INFO  ipc.Server (Server.java:run(1185)) - Stopping IPC Server listener on 43508
2019-10-11 07:36:00,741 [main] INFO  ratis.OzoneManagerDoubleBuffer (OzoneManagerDoubleBuffer.java:stop(248)) - Stopping OMDoubleBuffer flush thread
2019-10-11 07:36:00,741 [IPC Server Responder] INFO  ipc.Server (Server.java:run(1319)) - Stopping IPC Server Responder
2019-10-11 07:36:00,752 [OMDoubleBufferFlushThread] INFO  ratis.OzoneManagerDoubleBuffer (OzoneManagerDoubleBuffer.java:flushTransactions(191)) - OMDoubleBuffer flush thread OMDoubleBufferFlushThread is interrupted and will exit. OMDoubleBufferFlushThread
2019-10-11 07:36:00,759 [main] INFO  utils.BackgroundService (BackgroundService.java:shutdown(151)) - Shutting down service KeyDeletingService
2019-10-11 07:36:00,761 [main] INFO  handler.ContextHandler (ContextHandler.java:doStop(910)) - Stopped o.e.j.w.WebAppContext@39d77de9{/,null,UNAVAILABLE}{/ozoneManager}
2019-10-11 07:36:00,763 [main] INFO  server.AbstractConnector (AbstractConnector.java:doStop(318)) - Stopped ServerConnector@696fad31{HTTP/1.1,[http/1.1]}{0.0.0.0:0}
2019-10-11 07:36:00,763 [main] INFO  handler.ContextHandler (ContextHandler.java:doStop(910)) - Stopped o.e.j.s.ServletContextHandler@34a6d9db{/static,file:///workdir/hadoop-ozone/integration-test/target/test-classes/webapps/static,UNAVAILABLE}
2019-10-11 07:36:00,763 [main] INFO  handler.ContextHandler (ContextHandler.java:doStop(910)) - Stopped o.e.j.s.ServletContextHandler@46468f0{/logs,file:///workdir/hadoop-ozone/integration-test/target/log,UNAVAILABLE}
2019-10-11 07:36:00,766 [main] INFO  ozone.MiniOzoneClusterImpl (MiniOzoneClusterImpl.java:stopDatanodes(377)) - Stopping the HddsDatanodes
2019-10-11 07:36:01,271 [Datanode State Machine Thread - 0] INFO  statemachine.DatanodeStateMachine (DatanodeStateMachine.java:lambda$startDaemon$0(350)) - Ozone container server started.
2019-10-11 07:36:01,425 [Datanode State Machine Thread - 0] INFO  statemachine.DatanodeStateMachine (DatanodeStateMachine.java:lambda$startDaemon$0(350)) - Ozone container server started.
2019-10-11 07:36:03,163 [grpc-default-executor-8] WARN  server.GrpcLogAppender (LogUtils.java:warn(134)) - 4d415cff-0964-4c64-a0ba-bf5399f54beb@group-B6E563493923->672bb6f8-5131-4da7-8320-8bbddbc4a98b-AppendLogResponseHandler: Failed appendEntries: org.apache.ratis.thirdparty.io.grpc.StatusRuntimeException: UNAVAILABLE: io exception
2019-10-11 07:36:03,163 [grpc-default-executor-8] INFO  impl.FollowerInfo (FollowerInfo.java:lambda$new$0(51)) - 4d415cff-0964-4c64-a0ba-bf5399f54beb@group-B6E563493923->672bb6f8-5131-4da7-8320-8bbddbc4a98b: nextIndex: updateUnconditionally 0 -> 0
2019-10-11 07:36:05,333 [EventQueue-StaleNodeForStaleNodeHandler] INFO  node.StaleNodeHandler (StaleNodeHandler.java:onMessage(58)) - Datanode 4d415cff-0964-4c64-a0ba-bf5399f54beb{ip: 192.168.164.209, host: pr-hdds-2206-npvv8-3563359771, networkLocation: /default-rack, certSerialId: null} moved to stale state. Finalizing its pipelines [PipelineID=632ea63f-7cf4-4be4-bfda-b6e563493923, PipelineID=d55855b8-106d-469e-875f-118d21d46d68]
2019-10-11 07:36:05,334 [EventQueue-StaleNodeForStaleNodeHandler] INFO  pipeline.SCMPipelineManager (SCMPipelineManager.java:finalizeAndDestroyPipeline(315)) - destroying pipeline:Pipeline[ Id: 632ea63f-7cf4-4be4-bfda-b6e563493923, Nodes: 672bb6f8-5131-4da7-8320-8bbddbc4a98b{ip: 192.168.164.209, host: pr-hdds-2206-npvv8-3563359771, networkLocation: /default-rack, certSerialId: null}4d415cff-0964-4c64-a0ba-bf5399f54beb{ip: 192.168.164.209, host: pr-hdds-2206-npvv8-3563359771, networkLocation: /default-rack, certSerialId: null}def6d75b-2bd6-4a47-993f-f7560187f71d{ip: 192.168.164.209, host: pr-hdds-2206-npvv8-3563359771, networkLocation: /default-rack, certSerialId: null}, Type:RATIS, Factor:THREE, State:CLOSED]
2019-10-11 07:36:05,335 [EventQueue-StaleNodeForStaleNodeHandler] INFO  pipeline.SCMPipelineManager (SCMPipelineManager.java:finalizeAndDestroyPipeline(315)) - destroying pipeline:Pipeline[ Id: d55855b8-106d-469e-875f-118d21d46d68, Nodes: 4d415cff-0964-4c64-a0ba-bf5399f54beb{ip: 192.168.164.209, host: pr-hdds-2206-npvv8-3563359771, networkLocation: /default-rack, certSerialId: null}, Type:RATIS, Factor:ONE, State:OPEN]
2019-10-11 07:36:05,335 [EventQueue-StaleNodeForStaleNodeHandler] INFO  pipeline.PipelineStateManager (PipelineStateManager.java:finalizePipeline(123)) - Pipeline Pipeline[ Id: d55855b8-106d-469e-875f-118d21d46d68, Nodes: 4d415cff-0964-4c64-a0ba-bf5399f54beb{ip: 192.168.164.209, host: pr-hdds-2206-npvv8-3563359771, networkLocation: /default-rack, certSerialId: null}, Type:RATIS, Factor:ONE, State:CLOSED] moved to CLOSED state
2019-10-11 07:36:05,433 [EventQueue-StaleNodeForStaleNodeHandler] INFO  node.StaleNodeHandler (StaleNodeHandler.java:onMessage(58)) - Datanode a3f9250e-d589-4d23-8f76-3d1d54b6f453{ip: 192.168.164.209, host: pr-hdds-2206-npvv8-3563359771, networkLocation: /default-rack, certSerialId: null} moved to stale state. Finalizing its pipelines [PipelineID=b35b295e-ebcf-4543-be69-6799d91081e1, PipelineID=b7fc47df-20ba-4bd3-90e1-cd09c165db09]
2019-10-11 07:36:05,434 [EventQueue-StaleNodeForStaleNodeHandler] INFO  pipeline.SCMPipelineManager (SCMPipelineManager.java:finalizeAndDestroyPipeline(315)) - destroying pipeline:Pipeline[ Id: b35b295e-ebcf-4543-be69-6799d91081e1, Nodes: 8acf1b93-5a98-4af7-bf94-e05f3d01800a{ip: 192.168.164.209, host: pr-hdds-2206-npvv8-3563359771, networkLocation: /default-rack, certSerialId: null}a3f9250e-d589-4d23-8f76-3d1d54b6f453{ip: 192.168.164.209, host: pr-hdds-2206-npvv8-3563359771, networkLocation: /default-rack, certSerialId: null}b749c4c9-dc72-43f4-ab80-303d15046f89{ip: 192.168.164.209, host: pr-hdds-2206-npvv8-3563359771, networkLocation: /default-rack, certSerialId: null}, Type:RATIS, Factor:THREE, State:OPEN]
2019-10-11 07:36:05,435 [EventQueue-StaleNodeForStaleNodeHandler] INFO  pipeline.PipelineStateManager (PipelineStateManager.java:finalizePipeline(123)) - Pipeline Pipeline[ Id: b35b295e-ebcf-4543-be69-6799d91081e1, Nodes: 8acf1b93-5a98-4af7-bf94-e05f3d01800a{ip: 192.168.164.209, host: pr-hdds-2206-npvv8-3563359771, networkLocation: /default-rack, certSerialId: null}a3f9250e-d589-4d23-8f76-3d1d54b6f453{ip: 192.168.164.209, host: pr-hdds-2206-npvv8-3563359771, networkLocation: /default-rack, certSerialId: null}b749c4c9-dc72-43f4-ab80-303d15046f89{ip: 192.168.164.209, host: pr-hdds-2206-npvv8-3563359771, networkLocation: /default-rack, certSerialId: null}, Type:RATIS, Factor:THREE, State:CLOSED] moved to CLOSED state
2019-10-11 07:36:05,435 [EventQueue-StaleNodeForStaleNodeHandler] INFO  pipeline.SCMPipelineManager (SCMPipelineManager.java:finalizeAndDestroyPipeline(315)) - destroying pipeline:Pipeline[ Id: b7fc47df-20ba-4bd3-90e1-cd09c165db09, Nodes: a3f9250e-d589-4d23-8f76-3d1d54b6f453{ip: 192.168.164.209, host: pr-hdds-2206-npvv8-3563359771, networkLocation: /default-rack, certSerialId: null}, Type:RATIS, Factor:ONE, State:OPEN]
2019-10-11 07:36:05,435 [EventQueue-CloseContainerForCloseContainerEventHandler] INFO  container.CloseContainerEventHandler (CloseContainerEventHandler.java:onMessage(61)) - Close container Event triggered for container : #2
2019-10-11 07:36:05,444 [EventQueue-StaleNodeForStaleNodeHandler] INFO  pipeline.PipelineStateManager (PipelineStateManager.java:finalizePipeline(123)) - Pipeline Pipeline[ Id: b7fc47df-20ba-4bd3-90e1-cd09c165db09, Nodes: a3f9250e-d589-4d23-8f76-3d1d54b6f453{ip: 192.168.164.209, host: pr-hdds-2206-npvv8-3563359771, networkLocation: /default-rack, certSerialId: null}, Type:RATIS, Factor:ONE, State:CLOSED] moved to CLOSED state
2019-10-11 07:36:05,669 [grpc-default-executor-2] WARN  server.GrpcLogAppender (LogUtils.java:warn(134)) - 4d415cff-0964-4c64-a0ba-bf5399f54beb@group-B6E563493923->672bb6f8-5131-4da7-8320-8bbddbc4a98b-AppendLogResponseHandler: Failed appendEntries: org.apache.ratis.thirdparty.io.grpc.StatusRuntimeException: UNAVAILABLE: io exception
2019-10-11 07:36:05,670 [grpc-default-executor-2] INFO  impl.FollowerInfo (FollowerInfo.java:lambda$new$0(51)) - 4d415cff-0964-4c64-a0ba-bf5399f54beb@group-B6E563493923->672bb6f8-5131-4da7-8320-8bbddbc4a98b: nextIndex: updateUnconditionally 0 -> 0
2019-10-11 07:36:05,768 [main] INFO  ozoneimpl.OzoneContainer (OzoneContainer.java:stop(227)) - Attempting to stop container services.
2019-10-11 07:36:05,768 [ForkJoinPool.commonPool-worker-0] INFO  ozoneimpl.OzoneContainer (OzoneContainer.java:stop(227)) - Attempting to stop container services.
2019-10-11 07:36:05,769 [main] INFO  impl.RaftServerProxy (RaftServerProxy.java:lambda$close$4(314)) - a3f9250e-d589-4d23-8f76-3d1d54b6f453: close
2019-10-11 07:36:05,769 [ForkJoinPool.commonPool-worker-0] INFO  impl.RaftServerProxy (RaftServerProxy.java:lambda$close$4(314)) - 4d415cff-0964-4c64-a0ba-bf5399f54beb: close
2019-10-11 07:36:05,770 [main] INFO  impl.RaftServerImpl (RaftServerImpl.java:lambda$shutdown$3(247)) - a3f9250e-d589-4d23-8f76-3d1d54b6f453@group-6799D91081E1: shutdown
2019-10-11 07:36:05,770 [ForkJoinPool.commonPool-worker-0] INFO  impl.RaftServerImpl (RaftServerImpl.java:lambda$shutdown$3(247)) - 4d415cff-0964-4c64-a0ba-bf5399f54beb@group-B6E563493923: shutdown
2019-10-11 07:36:05,771 [main] INFO  util.JmxRegister (JmxRegister.java:unregister(73)) - Successfully un-registered JMX Bean with object name Ratis:service=RaftServer,group=group-6799D91081E1,id=a3f9250e-d589-4d23-8f76-3d1d54b6f453
2019-10-11 07:36:05,771 [ForkJoinPool.commonPool-worker-0] INFO  util.JmxRegister (JmxRegister.java:unregister(73)) - Successfully un-registered JMX Bean with object name Ratis:service=RaftServer,group=group-B6E563493923,id=4d415cff-0964-4c64-a0ba-bf5399f54beb
2019-10-11 07:36:05,771 [main] INFO  impl.RoleInfo (RoleInfo.java:shutdownLeaderState(104)) - a3f9250e-d589-4d23-8f76-3d1d54b6f453: shutdown LeaderState
2019-10-11 07:36:05,772 [ForkJoinPool.commonPool-worker-0] INFO  impl.RoleInfo (RoleInfo.java:shutdownLeaderState(104)) - 4d415cff-0964-4c64-a0ba-bf5399f54beb: shutdown LeaderState
2019-10-11 07:36:05,776 [main] INFO  impl.PendingRequests (PendingRequests.java:sendNotLeaderResponses(202)) - a3f9250e-d589-4d23-8f76-3d1d54b6f453@group-6799D91081E1-PendingRequests: sendNotLeaderResponses
2019-10-11 07:36:05,776 [org.apache.ratis.server.impl.LogAppender$AppenderDaemon$$Lambda$521/302733554@6da71eff] WARN  server.GrpcLogAppender (GrpcLogAppender.java:mayWait(143)) - a3f9250e-d589-4d23-8f76-3d1d54b6f453@group-6799D91081E1->8acf1b93-5a98-4af7-bf94-e05f3d01800a-GrpcLogAppender: Wait interrupted by java.lang.InterruptedException
2019-10-11 07:36:05,779 [org.apache.ratis.server.impl.LogAppender$AppenderDaemon$$Lambda$521/302733554@46e32182] WARN  server.GrpcLogAppender (GrpcLogAppender.java:mayWait(143)) - 4d415cff-0964-4c64-a0ba-bf5399f54beb@group-B6E563493923->def6d75b-2bd6-4a47-993f-f7560187f71d-GrpcLogAppender: Wait interrupted by java.lang.InterruptedException
2019-10-11 07:36:05,779 [ForkJoinPool.commonPool-worker-0] INFO  impl.PendingRequests (PendingRequests.java:sendNotLeaderResponses(202)) - 4d415cff-0964-4c64-a0ba-bf5399f54beb@group-B6E563493923-PendingRequests: sendNotLeaderResponses
2019-10-11 07:36:05,779 [org.apache.ratis.server.impl.LogAppender$AppenderDaemon$$Lambda$521/302733554@17967a2a] WARN  server.GrpcLogAppender (GrpcLogAppender.java:mayWait(143)) - 4d415cff-0964-4c64-a0ba-bf5399f54beb@group-B6E563493923->672bb6f8-5131-4da7-8320-8bbddbc4a98b-GrpcLogAppender: Wait interrupted by java.lang.InterruptedException
2019-10-11 07:36:05,779 [org.apache.ratis.server.impl.LogAppender$AppenderDaemon$$Lambda$521/302733554@2f1ebbb6] WARN  server.GrpcLogAppender (GrpcLogAppender.java:mayWait(143)) - a3f9250e-d589-4d23-8f76-3d1d54b6f453@group-6799D91081E1->b749c4c9-dc72-43f4-ab80-303d15046f89-GrpcLogAppender: Wait interrupted by java.lang.InterruptedException
2019-10-11 07:36:05,785 [main] INFO  impl.StateMachineUpdater (StateMachineUpdater.java:stopAndJoin(136)) - a3f9250e-d589-4d23-8f76-3d1d54b6f453@group-6799D91081E1-StateMachineUpdater: set stopIndex = 15
2019-10-11 07:36:05,786 [grpc-default-executor-8] INFO  server.GrpcServerProtocolService (GrpcServerProtocolService.java:onCompleted(113)) - b749c4c9-dc72-43f4-ab80-303d15046f89: Completed APPEND_ENTRIES, lastRequest: a3f9250e-d589-4d23-8f76-3d1d54b6f453->b749c4c9-dc72-43f4-ab80-303d15046f89#35-t1, previous=(t:1, i:15), leaderCommit=15, initializing? false, entries: <empty>
2019-10-11 07:36:05,786 [4d415cff-0964-4c64-a0ba-bf5399f54beb@group-B6E563493923-StateMachineUpdater] INFO  ratis.ContainerStateMachine (ContainerStateMachine.java:takeSnapshot(294)) - group-B6E563493923: Taking a snapshot at:(t:1, i:13) file /workdir/hadoop-ozone/integration-test/target/test-dir/MiniOzoneClusterImpl-b5204cf2-bad7-4711-9a54-58405b1ee90d/datanode-1/data/ratis/632ea63f-7cf4-4be4-bfda-b6e563493923/sm/snapshot.1_13
2019-10-11 07:36:05,786 [a3f9250e-d589-4d23-8f76-3d1d54b6f453@group-6799D91081E1-StateMachineUpdater] INFO  ratis.ContainerStateMachine (ContainerStateMachine.java:takeSnapshot(294)) - group-6799D91081E1: Taking a snapshot at:(t:1, i:13) file /workdir/hadoop-ozone/integration-test/target/test-dir/MiniOzoneClusterImpl-b5204cf2-bad7-4711-9a54-58405b1ee90d/datanode-4/data/ratis/b35b295e-ebcf-4543-be69-6799d91081e1/sm/snapshot.1_13
2019-10-11 07:36:05,786 [grpc-default-executor-7] INFO  server.GrpcServerProtocolService (GrpcServerProtocolService.java:onCompleted(113)) - 8acf1b93-5a98-4af7-bf94-e05f3d01800a: Completed APPEND_ENTRIES, lastRequest: a3f9250e-d589-4d23-8f76-3d1d54b6f453->8acf1b93-5a98-4af7-bf94-e05f3d01800a#35-t1, previous=(t:1, i:15), leaderCommit=15, initializing? false, entries: <empty>
2019-10-11 07:36:05,786 [grpc-default-executor-2] INFO  server.GrpcServerProtocolService (GrpcServerProtocolService.java:onCompleted(113)) - def6d75b-2bd6-4a47-993f-f7560187f71d: Completed APPEND_ENTRIES, lastRequest: 4d415cff-0964-4c64-a0ba-bf5399f54beb->def6d75b-2bd6-4a47-993f-f7560187f71d#5-t7, previous=(t:7, i:17), leaderCommit=17, initializing? false, entries: <empty>
2019-10-11 07:36:05,785 [ForkJoinPool.commonPool-worker-0] INFO  impl.StateMachineUpdater (StateMachineUpdater.java:stopAndJoin(136)) - 4d415cff-0964-4c64-a0ba-bf5399f54beb@group-B6E563493923-StateMachineUpdater: set stopIndex = 17
2019-10-11 07:36:05,787 [grpc-default-executor-7] INFO  server.GrpcLogAppender (GrpcLogAppender.java:onCompleted(293)) - a3f9250e-d589-4d23-8f76-3d1d54b6f453@group-6799D91081E1->8acf1b93-5a98-4af7-bf94-e05f3d01800a-AppendLogResponseHandler: follower responses appendEntries COMPLETED
2019-10-11 07:36:05,786 [grpc-default-executor-8] INFO  server.GrpcLogAppender (GrpcLogAppender.java:onCompleted(293)) - a3f9250e-d589-4d23-8f76-3d1d54b6f453@group-6799D91081E1->b749c4c9-dc72-43f4-ab80-303d15046f89-AppendLogResponseHandler: follower responses appendEntries COMPLETED
2019-10-11 07:36:05,787 [grpc-default-executor-2] INFO  server.GrpcLogAppender (GrpcLogAppender.java:onCompleted(293)) - 4d415cff-0964-4c64-a0ba-bf5399f54beb@group-B6E563493923->def6d75b-2bd6-4a47-993f-f7560187f71d-AppendLogResponseHandler: follower responses appendEntries COMPLETED
2019-10-11 07:36:05,788 [grpc-default-executor-7] INFO  impl.FollowerInfo (FollowerInfo.java:lambda$new$0(51)) - a3f9250e-d589-4d23-8f76-3d1d54b6f453@group-6799D91081E1->8acf1b93-5a98-4af7-bf94-e05f3d01800a: nextIndex: updateUnconditionally 16 -> 15
2019-10-11 07:36:05,788 [grpc-default-executor-2] INFO  impl.FollowerInfo (FollowerInfo.java:lambda$new$0(51)) - 4d415cff-0964-4c64-a0ba-bf5399f54beb@group-B6E563493923->def6d75b-2bd6-4a47-993f-f7560187f71d: nextIndex: updateUnconditionally 18 -> 17
2019-10-11 07:36:05,788 [grpc-default-executor-8] INFO  impl.FollowerInfo (FollowerInfo.java:lambda$new$0(51)) - a3f9250e-d589-4d23-8f76-3d1d54b6f453@group-6799D91081E1->b749c4c9-dc72-43f4-ab80-303d15046f89: nextIndex: updateUnconditionally 16 -> 15
2019-10-11 07:36:05,820 [4d415cff-0964-4c64-a0ba-bf5399f54beb@group-B6E563493923-StateMachineUpdater] INFO  ratis.ContainerStateMachine (ContainerStateMachine.java:takeSnapshot(305)) - group-B6E563493923: Finished taking a snapshot at:(t:1, i:13) file:/workdir/hadoop-ozone/integration-test/target/test-dir/MiniOzoneClusterImpl-b5204cf2-bad7-4711-9a54-58405b1ee90d/datanode-1/data/ratis/632ea63f-7cf4-4be4-bfda-b6e563493923/sm/snapshot.1_13 time:34
2019-10-11 07:36:05,820 [a3f9250e-d589-4d23-8f76-3d1d54b6f453@group-6799D91081E1-StateMachineUpdater] INFO  ratis.ContainerStateMachine (ContainerStateMachine.java:takeSnapshot(305)) - group-6799D91081E1: Finished taking a snapshot at:(t:1, i:13) file:/workdir/hadoop-ozone/integration-test/target/test-dir/MiniOzoneClusterImpl-b5204cf2-bad7-4711-9a54-58405b1ee90d/datanode-4/data/ratis/b35b295e-ebcf-4543-be69-6799d91081e1/sm/snapshot.1_13 time:34
2019-10-11 07:36:05,820 [4d415cff-0964-4c64-a0ba-bf5399f54beb@group-B6E563493923-StateMachineUpdater] INFO  impl.StateMachineUpdater (StateMachineUpdater.java:takeSnapshot(269)) - 4d415cff-0964-4c64-a0ba-bf5399f54beb@group-B6E563493923-StateMachineUpdater: Took a snapshot at index 13
2019-10-11 07:36:05,820 [a3f9250e-d589-4d23-8f76-3d1d54b6f453@group-6799D91081E1-StateMachineUpdater] INFO  impl.StateMachineUpdater (StateMachineUpdater.java:takeSnapshot(269)) - a3f9250e-d589-4d23-8f76-3d1d54b6f453@group-6799D91081E1-StateMachineUpdater: Took a snapshot at index 13
2019-10-11 07:36:05,820 [4d415cff-0964-4c64-a0ba-bf5399f54beb@group-B6E563493923-StateMachineUpdater] INFO  impl.StateMachineUpdater (StateMachineUpdater.java:lambda$new$0(84)) - 4d415cff-0964-4c64-a0ba-bf5399f54beb@group-B6E563493923-StateMachineUpdater: snapshotIndex: updateIncreasingly -1 -> 13
2019-10-11 07:36:05,821 [a3f9250e-d589-4d23-8f76-3d1d54b6f453@group-6799D91081E1-StateMachineUpdater] INFO  impl.StateMachineUpdater (StateMachineUpdater.java:lambda$new$0(84)) - a3f9250e-d589-4d23-8f76-3d1d54b6f453@group-6799D91081E1-StateMachineUpdater: snapshotIndex: updateIncreasingly -1 -> 13
2019-10-11 07:36:05,821 [4d415cff-0964-4c64-a0ba-bf5399f54beb@group-B6E563493923-StateMachineUpdater] INFO  ratis.ContainerStateMachine (ContainerStateMachine.java:takeSnapshot(294)) - group-B6E563493923: Taking a snapshot at:(t:1, i:13) file /workdir/hadoop-ozone/integration-test/target/test-dir/MiniOzoneClusterImpl-b5204cf2-bad7-4711-9a54-58405b1ee90d/datanode-1/data/ratis/632ea63f-7cf4-4be4-bfda-b6e563493923/sm/snapshot.1_13
2019-10-11 07:36:05,821 [a3f9250e-d589-4d23-8f76-3d1d54b6f453@group-6799D91081E1-StateMachineUpdater] INFO  ratis.ContainerStateMachine (ContainerStateMachine.java:takeSnapshot(294)) - group-6799D91081E1: Taking a snapshot at:(t:1, i:13) file /workdir/hadoop-ozone/integration-test/target/test-dir/MiniOzoneClusterImpl-b5204cf2-bad7-4711-9a54-58405b1ee90d/datanode-4/data/ratis/b35b295e-ebcf-4543-be69-6799d91081e1/sm/snapshot.1_13
2019-10-11 07:36:05,845 [4d415cff-0964-4c64-a0ba-bf5399f54beb@group-B6E563493923-StateMachineUpdater] INFO  ratis.ContainerStateMachine (ContainerStateMachine.java:takeSnapshot(305)) - group-B6E563493923: Finished taking a snapshot at:(t:1, i:13) file:/workdir/hadoop-ozone/integration-test/target/test-dir/MiniOzoneClusterImpl-b5204cf2-bad7-4711-9a54-58405b1ee90d/datanode-1/data/ratis/632ea63f-7cf4-4be4-bfda-b6e563493923/sm/snapshot.1_13 time:24
2019-10-11 07:36:05,845 [a3f9250e-d589-4d23-8f76-3d1d54b6f453@group-6799D91081E1-StateMachineUpdater] INFO  ratis.ContainerStateMachine (ContainerStateMachine.java:takeSnapshot(305)) - group-6799D91081E1: Finished taking a snapshot at:(t:1, i:13) file:/workdir/hadoop-ozone/integration-test/target/test-dir/MiniOzoneClusterImpl-b5204cf2-bad7-4711-9a54-58405b1ee90d/datanode-4/data/ratis/b35b295e-ebcf-4543-be69-6799d91081e1/sm/snapshot.1_13 time:24
2019-10-11 07:36:05,846 [4d415cff-0964-4c64-a0ba-bf5399f54beb@group-B6E563493923-StateMachineUpdater] INFO  impl.StateMachineUpdater (StateMachineUpdater.java:takeSnapshot(269)) - 4d415cff-0964-4c64-a0ba-bf5399f54beb@group-B6E563493923-StateMachineUpdater: Took a snapshot at index 13
2019-10-11 07:36:05,846 [4d415cff-0964-4c64-a0ba-bf5399f54beb@group-B6E563493923-StateMachineUpdater] INFO  impl.StateMachineUpdater (StateMachineUpdater.java:lambda$new$0(84)) - 4d415cff-0964-4c64-a0ba-bf5399f54beb@group-B6E563493923-StateMachineUpdater: snapshotIndex: updateIncreasingly 13 -> 13
2019-10-11 07:36:05,846 [a3f9250e-d589-4d23-8f76-3d1d54b6f453@group-6799D91081E1-StateMachineUpdater] INFO  impl.StateMachineUpdater (StateMachineUpdater.java:takeSnapshot(269)) - a3f9250e-d589-4d23-8f76-3d1d54b6f453@group-6799D91081E1-StateMachineUpdater: Took a snapshot at index 13
2019-10-11 07:36:05,846 [a3f9250e-d589-4d23-8f76-3d1d54b6f453@group-6799D91081E1-StateMachineUpdater] INFO  impl.StateMachineUpdater (StateMachineUpdater.java:lambda$new$0(84)) - a3f9250e-d589-4d23-8f76-3d1d54b6f453@group-6799D91081E1-StateMachineUpdater: snapshotIndex: updateIncreasingly 13 -> 13
2019-10-11 07:36:05,846 [ForkJoinPool.commonPool-worker-0] INFO  impl.RaftServerImpl (ServerState.java:close(387)) - 4d415cff-0964-4c64-a0ba-bf5399f54beb@group-B6E563493923: closes. applyIndex: 17
2019-10-11 07:36:05,846 [main] INFO  impl.RaftServerImpl (ServerState.java:close(387)) - a3f9250e-d589-4d23-8f76-3d1d54b6f453@group-6799D91081E1: closes. applyIndex: 15
2019-10-11 07:36:05,847 [4d415cff-0964-4c64-a0ba-bf5399f54beb@group-B6E563493923-SegmentedRaftLogWorker] INFO  segmented.SegmentedRaftLogWorker (SegmentedRaftLogWorker.java:run(316)) - 4d415cff-0964-4c64-a0ba-bf5399f54beb@group-B6E563493923-SegmentedRaftLogWorker was interrupted, exiting. There are 0 tasks remaining in the queue.
2019-10-11 07:36:05,847 [a3f9250e-d589-4d23-8f76-3d1d54b6f453@group-6799D91081E1-SegmentedRaftLogWorker] INFO  segmented.SegmentedRaftLogWorker (SegmentedRaftLogWorker.java:run(316)) - a3f9250e-d589-4d23-8f76-3d1d54b6f453@group-6799D91081E1-SegmentedRaftLogWorker was interrupted, exiting. There are 0 tasks remaining in the queue.
2019-10-11 07:36:05,851 [main] INFO  segmented.SegmentedRaftLogWorker (SegmentedRaftLogWorker.java:close(224)) - a3f9250e-d589-4d23-8f76-3d1d54b6f453@group-6799D91081E1-SegmentedRaftLogWorker close()
2019-10-11 07:36:05,851 [ForkJoinPool.commonPool-worker-0] INFO  segmented.SegmentedRaftLogWorker (SegmentedRaftLogWorker.java:close(224)) - 4d415cff-0964-4c64-a0ba-bf5399f54beb@group-B6E563493923-SegmentedRaftLogWorker close()
2019-10-11 07:36:05,855 [main] INFO  impl.RaftServerImpl (RaftServerImpl.java:lambda$shutdown$3(247)) - a3f9250e-d589-4d23-8f76-3d1d54b6f453@group-CD09C165DB09: shutdown
2019-10-11 07:36:05,858 [ForkJoinPool.commonPool-worker-0] INFO  impl.RaftServerImpl (RaftServerImpl.java:lambda$shutdown$3(247)) - 4d415cff-0964-4c64-a0ba-bf5399f54beb@group-118D21D46D68: shutdown
2019-10-11 07:36:05,858 [main] INFO  util.JmxRegister (JmxRegister.java:unregister(73)) - Successfully un-registered JMX Bean with object name Ratis:service=RaftServer,group=group-CD09C165DB09,id=a3f9250e-d589-4d23-8f76-3d1d54b6f453
2019-10-11 07:36:05,858 [ForkJoinPool.commonPool-worker-0] INFO  util.JmxRegister (JmxRegister.java:unregister(73)) - Successfully un-registered JMX Bean with object name Ratis:service=RaftServer,group=group-118D21D46D68,id=4d415cff-0964-4c64-a0ba-bf5399f54beb
2019-10-11 07:36:05,859 [main] INFO  impl.RoleInfo (RoleInfo.java:shutdownLeaderState(104)) - a3f9250e-d589-4d23-8f76-3d1d54b6f453: shutdown LeaderState
2019-10-11 07:36:05,859 [ForkJoinPool.commonPool-worker-0] INFO  impl.RoleInfo (RoleInfo.java:shutdownLeaderState(104)) - 4d415cff-0964-4c64-a0ba-bf5399f54beb: shutdown LeaderState
2019-10-11 07:36:05,859 [main] INFO  impl.PendingRequests (PendingRequests.java:sendNotLeaderResponses(202)) - a3f9250e-d589-4d23-8f76-3d1d54b6f453@group-CD09C165DB09-PendingRequests: sendNotLeaderResponses
2019-10-11 07:36:05,859 [ForkJoinPool.commonPool-worker-0] INFO  impl.PendingRequests (PendingRequests.java:sendNotLeaderResponses(202)) - 4d415cff-0964-4c64-a0ba-bf5399f54beb@group-118D21D46D68-PendingRequests: sendNotLeaderResponses
2019-10-11 07:36:05,860 [main] INFO  impl.StateMachineUpdater (StateMachineUpdater.java:stopAndJoin(136)) - a3f9250e-d589-4d23-8f76-3d1d54b6f453@group-CD09C165DB09-StateMachineUpdater: set stopIndex = 0
2019-10-11 07:36:05,860 [ForkJoinPool.commonPool-worker-0] INFO  impl.StateMachineUpdater (StateMachineUpdater.java:stopAndJoin(136)) - 4d415cff-0964-4c64-a0ba-bf5399f54beb@group-118D21D46D68-StateMachineUpdater: set stopIndex = 0
2019-10-11 07:36:05,860 [main] INFO  impl.RaftServerImpl (ServerState.java:close(387)) - a3f9250e-d589-4d23-8f76-3d1d54b6f453@group-CD09C165DB09: closes. applyIndex: 0
2019-10-11 07:36:05,860 [ForkJoinPool.commonPool-worker-0] INFO  impl.RaftServerImpl (ServerState.java:close(387)) - 4d415cff-0964-4c64-a0ba-bf5399f54beb@group-118D21D46D68: closes. applyIndex: 0
2019-10-11 07:36:05,861 [a3f9250e-d589-4d23-8f76-3d1d54b6f453@group-CD09C165DB09-SegmentedRaftLogWorker] INFO  segmented.SegmentedRaftLogWorker (SegmentedRaftLogWorker.java:run(316)) - a3f9250e-d589-4d23-8f76-3d1d54b6f453@group-CD09C165DB09-SegmentedRaftLogWorker was interrupted, exiting. There are 0 tasks remaining in the queue.
2019-10-11 07:36:05,861 [4d415cff-0964-4c64-a0ba-bf5399f54beb@group-118D21D46D68-SegmentedRaftLogWorker] INFO  segmented.SegmentedRaftLogWorker (SegmentedRaftLogWorker.java:run(316)) - 4d415cff-0964-4c64-a0ba-bf5399f54beb@group-118D21D46D68-SegmentedRaftLogWorker was interrupted, exiting. There are 0 tasks remaining in the queue.
2019-10-11 07:36:05,862 [main] INFO  segmented.SegmentedRaftLogWorker (SegmentedRaftLogWorker.java:close(224)) - a3f9250e-d589-4d23-8f76-3d1d54b6f453@group-CD09C165DB09-SegmentedRaftLogWorker close()
2019-10-11 07:36:05,864 [ForkJoinPool.commonPool-worker-0] INFO  segmented.SegmentedRaftLogWorker (SegmentedRaftLogWorker.java:close(224)) - 4d415cff-0964-4c64-a0ba-bf5399f54beb@group-118D21D46D68-SegmentedRaftLogWorker close()
2019-10-11 07:36:05,867 [main] INFO  server.GrpcService (GrpcService.java:closeImpl(164)) - a3f9250e-d589-4d23-8f76-3d1d54b6f453: shutdown server with port 41727 now
2019-10-11 07:36:05,870 [ForkJoinPool.commonPool-worker-0] INFO  server.GrpcService (GrpcService.java:closeImpl(164)) - 4d415cff-0964-4c64-a0ba-bf5399f54beb: shutdown server with port 36258 now
2019-10-11 07:36:05,871 [grpc-default-executor-2] WARN  client.GrpcClientProtocolService (LogUtils.java:warn(134)) - 1-UnorderedRequestStreamObserver1: onError: org.apache.ratis.thirdparty.io.grpc.StatusRuntimeException: CANCELLED: cancelled before receiving half close
2019-10-11 07:36:05,871 [main] INFO  server.GrpcService (GrpcService.java:closeImpl(172)) - a3f9250e-d589-4d23-8f76-3d1d54b6f453: shutdown server with port 41727 successfully
2019-10-11 07:36:05,871 [ForkJoinPool.commonPool-worker-0] INFO  server.GrpcService (GrpcService.java:closeImpl(172)) - 4d415cff-0964-4c64-a0ba-bf5399f54beb: shutdown server with port 36258 successfully
2019-10-11 07:36:05,875 [refreshUsed-/workdir/hadoop-ozone/integration-test/target/test-dir/MiniOzoneClusterImpl-b5204cf2-bad7-4711-9a54-58405b1ee90d/datanode-4/data/containers] WARN  fs.CachingGetSpaceUsed (CachingGetSpaceUsed.java:run(183)) - Thread Interrupted waiting to refresh disk information: sleep interrupted
2019-10-11 07:36:05,875 [refreshUsed-/workdir/hadoop-ozone/integration-test/target/test-dir/MiniOzoneClusterImpl-b5204cf2-bad7-4711-9a54-58405b1ee90d/datanode-1/data/containers] WARN  fs.CachingGetSpaceUsed (CachingGetSpaceUsed.java:run(183)) - Thread Interrupted waiting to refresh disk information: sleep interrupted
2019-10-11 07:36:05,893 [ForkJoinPool.commonPool-worker-0] INFO  utils.BackgroundService (BackgroundService.java:shutdown(151)) - Shutting down service BlockDeletingService
2019-10-11 07:36:05,893 [main] INFO  utils.BackgroundService (BackgroundService.java:shutdown(151)) - Shutting down service BlockDeletingService
2019-10-11 07:36:05,899 [ForkJoinPool.commonPool-worker-0] INFO  statemachine.DatanodeStateMachine (DatanodeStateMachine.java:stopDaemon(395)) - Ozone container server stopped.
2019-10-11 07:36:05,900 [main] INFO  statemachine.DatanodeStateMachine (DatanodeStateMachine.java:stopDaemon(395)) - Ozone container server stopped.
2019-10-11 07:36:05,905 [main] INFO  handler.ContextHandler (ContextHandler.java:doStop(910)) - Stopped o.e.j.w.WebAppContext@342beaf6{/,null,UNAVAILABLE}{/hddsDatanode}
2019-10-11 07:36:05,905 [ForkJoinPool.commonPool-worker-0] INFO  handler.ContextHandler (ContextHandler.java:doStop(910)) - Stopped o.e.j.w.WebAppContext@559991f5{/,null,UNAVAILABLE}{/hddsDatanode}
2019-10-11 07:36:05,906 [main] INFO  server.AbstractConnector (AbstractConnector.java:doStop(318)) - Stopped ServerConnector@222acad{HTTP/1.1,[http/1.1]}{0.0.0.0:0}
2019-10-11 07:36:05,906 [ForkJoinPool.commonPool-worker-0] INFO  server.AbstractConnector (AbstractConnector.java:doStop(318)) - Stopped ServerConnector@34c76167{HTTP/1.1,[http/1.1]}{0.0.0.0:0}
2019-10-11 07:36:05,907 [main] INFO  handler.ContextHandler (ContextHandler.java:doStop(910)) - Stopped o.e.j.s.ServletContextHandler@123307c4{/static,jar:file:/home/user/.m2/repository/org/apache/hadoop/hadoop-hdds-container-service/0.5.0-SNAPSHOT/hadoop-hdds-container-service-0.5.0-SNAPSHOT.jar!/webapps/static,UNAVAILABLE}
2019-10-11 07:36:05,907 [ForkJoinPool.commonPool-worker-0] INFO  handler.ContextHandler (ContextHandler.java:doStop(910)) - Stopped o.e.j.s.ServletContextHandler@37775bb1{/static,jar:file:/home/user/.m2/repository/org/apache/hadoop/hadoop-hdds-container-service/0.5.0-SNAPSHOT/hadoop-hdds-container-service-0.5.0-SNAPSHOT.jar!/webapps/static,UNAVAILABLE}
2019-10-11 07:36:05,908 [main] INFO  handler.ContextHandler (ContextHandler.java:doStop(910)) - Stopped o.e.j.s.ServletContextHandler@6dd79214{/logs,file:///workdir/hadoop-ozone/integration-test/target/log,UNAVAILABLE}
2019-10-11 07:36:05,909 [ForkJoinPool.commonPool-worker-0] INFO  handler.ContextHandler (ContextHandler.java:doStop(910)) - Stopped o.e.j.s.ServletContextHandler@16681017{/logs,file:///workdir/hadoop-ozone/integration-test/target/log,UNAVAILABLE}
2019-10-11 07:36:06,426 [Datanode State Machine Thread - 0] INFO  statemachine.DatanodeStateMachine (DatanodeStateMachine.java:lambda$startDaemon$0(350)) - Ozone container server started.
2019-10-11 07:36:06,426 [Datanode State Machine Thread - 0] INFO  statemachine.DatanodeStateMachine (DatanodeStateMachine.java:lambda$startDaemon$0(350)) - Ozone container server started.
2019-10-11 07:36:10,440 [EventQueue-StaleNodeForStaleNodeHandler] INFO  node.StaleNodeHandler (StaleNodeHandler.java:onMessage(58)) - Datanode 8acf1b93-5a98-4af7-bf94-e05f3d01800a{ip: 192.168.164.209, host: pr-hdds-2206-npvv8-3563359771, networkLocation: /default-rack, certSerialId: null} moved to stale state. Finalizing its pipelines [PipelineID=94d01255-3857-47dc-8655-227fcec49493, PipelineID=b35b295e-ebcf-4543-be69-6799d91081e1]
2019-10-11 07:36:10,442 [EventQueue-StaleNodeForStaleNodeHandler] INFO  pipeline.SCMPipelineManager (SCMPipelineManager.java:finalizeAndDestroyPipeline(315)) - destroying pipeline:Pipeline[ Id: 94d01255-3857-47dc-8655-227fcec49493, Nodes: 8acf1b93-5a98-4af7-bf94-e05f3d01800a{ip: 192.168.164.209, host: pr-hdds-2206-npvv8-3563359771, networkLocation: /default-rack, certSerialId: null}, Type:RATIS, Factor:ONE, State:OPEN]
2019-10-11 07:36:10,443 [EventQueue-StaleNodeForStaleNodeHandler] INFO  pipeline.PipelineStateManager (PipelineStateManager.java:finalizePipeline(123)) - Pipeline Pipeline[ Id: 94d01255-3857-47dc-8655-227fcec49493, Nodes: 8acf1b93-5a98-4af7-bf94-e05f3d01800a{ip: 192.168.164.209, host: pr-hdds-2206-npvv8-3563359771, networkLocation: /default-rack, certSerialId: null}, Type:RATIS, Factor:ONE, State:CLOSED] moved to CLOSED state
2019-10-11 07:36:10,443 [EventQueue-StaleNodeForStaleNodeHandler] INFO  pipeline.SCMPipelineManager (SCMPipelineManager.java:finalizeAndDestroyPipeline(315)) - destroying pipeline:Pipeline[ Id: b35b295e-ebcf-4543-be69-6799d91081e1, Nodes: 8acf1b93-5a98-4af7-bf94-e05f3d01800a{ip: 192.168.164.209, host: pr-hdds-2206-npvv8-3563359771, networkLocation: /default-rack, certSerialId: null}a3f9250e-d589-4d23-8f76-3d1d54b6f453{ip: 192.168.164.209, host: pr-hdds-2206-npvv8-3563359771, networkLocation: /default-rack, certSerialId: null}b749c4c9-dc72-43f4-ab80-303d15046f89{ip: 192.168.164.209, host: pr-hdds-2206-npvv8-3563359771, networkLocation: /default-rack, certSerialId: null}, Type:RATIS, Factor:THREE, State:CLOSED]
2019-10-11 07:36:10,444 [EventQueue-StaleNodeForStaleNodeHandler] INFO  node.StaleNodeHandler (StaleNodeHandler.java:onMessage(58)) - Datanode b749c4c9-dc72-43f4-ab80-303d15046f89{ip: 192.168.164.209, host: pr-hdds-2206-npvv8-3563359771, networkLocation: /default-rack, certSerialId: null} moved to stale state. Finalizing its pipelines [PipelineID=b35b295e-ebcf-4543-be69-6799d91081e1, PipelineID=ee258a37-0b9a-4d90-9b0f-b27fb7efa7aa]
2019-10-11 07:36:10,444 [EventQueue-StaleNodeForStaleNodeHandler] INFO  pipeline.SCMPipelineManager (SCMPipelineManager.java:finalizeAndDestroyPipeline(315)) - destroying pipeline:Pipeline[ Id: b35b295e-ebcf-4543-be69-6799d91081e1, Nodes: 8acf1b93-5a98-4af7-bf94-e05f3d01800a{ip: 192.168.164.209, host: pr-hdds-2206-npvv8-3563359771, networkLocation: /default-rack, certSerialId: null}a3f9250e-d589-4d23-8f76-3d1d54b6f453{ip: 192.168.164.209, host: pr-hdds-2206-npvv8-3563359771, networkLocation: /default-rack, certSerialId: null}b749c4c9-dc72-43f4-ab80-303d15046f89{ip: 192.168.164.209, host: pr-hdds-2206-npvv8-3563359771, networkLocation: /default-rack, certSerialId: null}, Type:RATIS, Factor:THREE, State:CLOSED]
2019-10-11 07:36:10,444 [EventQueue-StaleNodeForStaleNodeHandler] INFO  pipeline.SCMPipelineManager (SCMPipelineManager.java:finalizeAndDestroyPipeline(315)) - destroying pipeline:Pipeline[ Id: ee258a37-0b9a-4d90-9b0f-b27fb7efa7aa, Nodes: b749c4c9-dc72-43f4-ab80-303d15046f89{ip: 192.168.164.209, host: pr-hdds-2206-npvv8-3563359771, networkLocation: /default-rack, certSerialId: null}, Type:RATIS, Factor:ONE, State:OPEN]
2019-10-11 07:36:10,444 [EventQueue-StaleNodeForStaleNodeHandler] INFO  pipeline.PipelineStateManager (PipelineStateManager.java:finalizePipeline(123)) - Pipeline Pipeline[ Id: ee258a37-0b9a-4d90-9b0f-b27fb7efa7aa, Nodes: b749c4c9-dc72-43f4-ab80-303d15046f89{ip: 192.168.164.209, host: pr-hdds-2206-npvv8-3563359771, networkLocation: /default-rack, certSerialId: null}, Type:RATIS, Factor:ONE, State:CLOSED] moved to CLOSED state
2019-10-11 07:36:10,912 [main] INFO  ozoneimpl.OzoneContainer (OzoneContainer.java:stop(227)) - Attempting to stop container services.
2019-10-11 07:36:10,912 [ForkJoinPool.commonPool-worker-0] INFO  ozoneimpl.OzoneContainer (OzoneContainer.java:stop(227)) - Attempting to stop container services.
2019-10-11 07:36:10,917 [main] INFO  impl.RaftServerProxy (RaftServerProxy.java:lambda$close$4(314)) - 8acf1b93-5a98-4af7-bf94-e05f3d01800a: close
2019-10-11 07:36:10,917 [ForkJoinPool.commonPool-worker-0] INFO  impl.RaftServerProxy (RaftServerProxy.java:lambda$close$4(314)) - b749c4c9-dc72-43f4-ab80-303d15046f89: close
2019-10-11 07:36:10,918 [main] INFO  impl.RaftServerImpl (RaftServerImpl.java:lambda$shutdown$3(247)) - 8acf1b93-5a98-4af7-bf94-e05f3d01800a@group-227FCEC49493: shutdown
2019-10-11 07:36:10,918 [ForkJoinPool.commonPool-worker-0] INFO  impl.RaftServerImpl (RaftServerImpl.java:lambda$shutdown$3(247)) - b749c4c9-dc72-43f4-ab80-303d15046f89@group-6799D91081E1: shutdown
2019-10-11 07:36:10,919 [main] INFO  util.JmxRegister (JmxRegister.java:unregister(73)) - Successfully un-registered JMX Bean with object name Ratis:service=RaftServer,group=group-227FCEC49493,id=8acf1b93-5a98-4af7-bf94-e05f3d01800a
2019-10-11 07:36:10,919 [ForkJoinPool.commonPool-worker-0] INFO  util.JmxRegister (JmxRegister.java:unregister(73)) - Successfully un-registered JMX Bean with object name Ratis:service=RaftServer,group=group-6799D91081E1,id=b749c4c9-dc72-43f4-ab80-303d15046f89
2019-10-11 07:36:10,920 [main] INFO  impl.RoleInfo (RoleInfo.java:shutdownLeaderState(104)) - 8acf1b93-5a98-4af7-bf94-e05f3d01800a: shutdown LeaderState
2019-10-11 07:36:10,920 [ForkJoinPool.commonPool-worker-0] INFO  impl.RoleInfo (RoleInfo.java:shutdownFollowerState(121)) - b749c4c9-dc72-43f4-ab80-303d15046f89: shutdown FollowerState
2019-10-11 07:36:10,921 [main] INFO  impl.PendingRequests (PendingRequests.java:sendNotLeaderResponses(202)) - 8acf1b93-5a98-4af7-bf94-e05f3d01800a@group-227FCEC49493-PendingRequests: sendNotLeaderResponses
2019-10-11 07:36:10,921 [Thread-2994] INFO  impl.FollowerState (FollowerState.java:run(117)) - b749c4c9-dc72-43f4-ab80-303d15046f89@group-6799D91081E1-FollowerState was interrupted: java.lang.InterruptedException: sleep interrupted
2019-10-11 07:36:10,921 [ForkJoinPool.commonPool-worker-0] INFO  impl.StateMachineUpdater (StateMachineUpdater.java:stopAndJoin(136)) - b749c4c9-dc72-43f4-ab80-303d15046f89@group-6799D91081E1-StateMachineUpdater: set stopIndex = 15
2019-10-11 07:36:10,922 [main] INFO  impl.StateMachineUpdater (StateMachineUpdater.java:stopAndJoin(136)) - 8acf1b93-5a98-4af7-bf94-e05f3d01800a@group-227FCEC49493-StateMachineUpdater: set stopIndex = 0
2019-10-11 07:36:10,921 [b749c4c9-dc72-43f4-ab80-303d15046f89@group-6799D91081E1-StateMachineUpdater] INFO  ratis.ContainerStateMachine (ContainerStateMachine.java:takeSnapshot(294)) - group-6799D91081E1: Taking a snapshot at:(t:1, i:13) file /workdir/hadoop-ozone/integration-test/target/test-dir/MiniOzoneClusterImpl-b5204cf2-bad7-4711-9a54-58405b1ee90d/datanode-2/data/ratis/b35b295e-ebcf-4543-be69-6799d91081e1/sm/snapshot.1_13
2019-10-11 07:36:10,922 [main] INFO  impl.RaftServerImpl (ServerState.java:close(387)) - 8acf1b93-5a98-4af7-bf94-e05f3d01800a@group-227FCEC49493: closes. applyIndex: 0
2019-10-11 07:36:10,924 [8acf1b93-5a98-4af7-bf94-e05f3d01800a@group-227FCEC49493-SegmentedRaftLogWorker] INFO  segmented.SegmentedRaftLogWorker (SegmentedRaftLogWorker.java:run(316)) - 8acf1b93-5a98-4af7-bf94-e05f3d01800a@group-227FCEC49493-SegmentedRaftLogWorker was interrupted, exiting. There are 0 tasks remaining in the queue.
2019-10-11 07:36:10,935 [main] INFO  segmented.SegmentedRaftLogWorker (SegmentedRaftLogWorker.java:close(224)) - 8acf1b93-5a98-4af7-bf94-e05f3d01800a@group-227FCEC49493-SegmentedRaftLogWorker close()
2019-10-11 07:36:10,939 [main] INFO  impl.RaftServerImpl (RaftServerImpl.java:lambda$shutdown$3(247)) - 8acf1b93-5a98-4af7-bf94-e05f3d01800a@group-6799D91081E1: shutdown
2019-10-11 07:36:10,940 [main] INFO  util.JmxRegister (JmxRegister.java:unregister(73)) - Successfully un-registered JMX Bean with object name Ratis:service=RaftServer,group=group-6799D91081E1,id=8acf1b93-5a98-4af7-bf94-e05f3d01800a
2019-10-11 07:36:10,940 [main] INFO  impl.RoleInfo (RoleInfo.java:shutdownFollowerState(121)) - 8acf1b93-5a98-4af7-bf94-e05f3d01800a: shutdown FollowerState
2019-10-11 07:36:10,941 [main] INFO  impl.StateMachineUpdater (StateMachineUpdater.java:stopAndJoin(136)) - 8acf1b93-5a98-4af7-bf94-e05f3d01800a@group-6799D91081E1-StateMachineUpdater: set stopIndex = 15
2019-10-11 07:36:10,941 [8acf1b93-5a98-4af7-bf94-e05f3d01800a@group-6799D91081E1-StateMachineUpdater] INFO  ratis.ContainerStateMachine (ContainerStateMachine.java:takeSnapshot(294)) - group-6799D91081E1: Taking a snapshot at:(t:1, i:13) file /workdir/hadoop-ozone/integration-test/target/test-dir/MiniOzoneClusterImpl-b5204cf2-bad7-4711-9a54-58405b1ee90d/datanode-3/data/ratis/b35b295e-ebcf-4543-be69-6799d91081e1/sm/snapshot.1_13
2019-10-11 07:36:10,941 [Thread-2990] INFO  impl.FollowerState (FollowerState.java:run(117)) - 8acf1b93-5a98-4af7-bf94-e05f3d01800a@group-6799D91081E1-FollowerState was interrupted: java.lang.InterruptedException: sleep interrupted
2019-10-11 07:36:10,949 [b749c4c9-dc72-43f4-ab80-303d15046f89@group-6799D91081E1-StateMachineUpdater] INFO  ratis.ContainerStateMachine (ContainerStateMachine.java:takeSnapshot(305)) - group-6799D91081E1: Finished taking a snapshot at:(t:1, i:13) file:/workdir/hadoop-ozone/integration-test/target/test-dir/MiniOzoneClusterImpl-b5204cf2-bad7-4711-9a54-58405b1ee90d/datanode-2/data/ratis/b35b295e-ebcf-4543-be69-6799d91081e1/sm/snapshot.1_13 time:28
2019-10-11 07:36:10,949 [b749c4c9-dc72-43f4-ab80-303d15046f89@group-6799D91081E1-StateMachineUpdater] INFO  impl.StateMachineUpdater (StateMachineUpdater.java:takeSnapshot(269)) - b749c4c9-dc72-43f4-ab80-303d15046f89@group-6799D91081E1-StateMachineUpdater: Took a snapshot at index 13
2019-10-11 07:36:10,950 [b749c4c9-dc72-43f4-ab80-303d15046f89@group-6799D91081E1-StateMachineUpdater] INFO  impl.StateMachineUpdater (StateMachineUpdater.java:lambda$new$0(84)) - b749c4c9-dc72-43f4-ab80-303d15046f89@group-6799D91081E1-StateMachineUpdater: snapshotIndex: updateIncreasingly -1 -> 13
2019-10-11 07:36:10,950 [b749c4c9-dc72-43f4-ab80-303d15046f89@group-6799D91081E1-StateMachineUpdater] INFO  ratis.ContainerStateMachine (ContainerStateMachine.java:takeSnapshot(294)) - group-6799D91081E1: Taking a snapshot at:(t:1, i:13) file /workdir/hadoop-ozone/integration-test/target/test-dir/MiniOzoneClusterImpl-b5204cf2-bad7-4711-9a54-58405b1ee90d/datanode-2/data/ratis/b35b295e-ebcf-4543-be69-6799d91081e1/sm/snapshot.1_13
2019-10-11 07:36:10,969 [b749c4c9-dc72-43f4-ab80-303d15046f89@group-6799D91081E1-StateMachineUpdater] INFO  ratis.ContainerStateMachine (ContainerStateMachine.java:takeSnapshot(305)) - group-6799D91081E1: Finished taking a snapshot at:(t:1, i:13) file:/workdir/hadoop-ozone/integration-test/target/test-dir/MiniOzoneClusterImpl-b5204cf2-bad7-4711-9a54-58405b1ee90d/datanode-2/data/ratis/b35b295e-ebcf-4543-be69-6799d91081e1/sm/snapshot.1_13 time:18
2019-10-11 07:36:10,969 [8acf1b93-5a98-4af7-bf94-e05f3d01800a@group-6799D91081E1-StateMachineUpdater] INFO  ratis.ContainerStateMachine (ContainerStateMachine.java:takeSnapshot(305)) - group-6799D91081E1: Finished taking a snapshot at:(t:1, i:13) file:/workdir/hadoop-ozone/integration-test/target/test-dir/MiniOzoneClusterImpl-b5204cf2-bad7-4711-9a54-58405b1ee90d/datanode-3/data/ratis/b35b295e-ebcf-4543-be69-6799d91081e1/sm/snapshot.1_13 time:28
2019-10-11 07:36:10,969 [b749c4c9-dc72-43f4-ab80-303d15046f89@group-6799D91081E1-StateMachineUpdater] INFO  impl.StateMachineUpdater (StateMachineUpdater.java:takeSnapshot(269)) - b749c4c9-dc72-43f4-ab80-303d15046f89@group-6799D91081E1-StateMachineUpdater: Took a snapshot at index 13
2019-10-11 07:36:10,969 [b749c4c9-dc72-43f4-ab80-303d15046f89@group-6799D91081E1-StateMachineUpdater] INFO  impl.StateMachineUpdater (StateMachineUpdater.java:lambda$new$0(84)) - b749c4c9-dc72-43f4-ab80-303d15046f89@group-6799D91081E1-StateMachineUpdater: snapshotIndex: updateIncreasingly 13 -> 13
2019-10-11 07:36:10,969 [8acf1b93-5a98-4af7-bf94-e05f3d01800a@group-6799D91081E1-StateMachineUpdater] INFO  impl.StateMachineUpdater (StateMachineUpdater.java:takeSnapshot(269)) - 8acf1b93-5a98-4af7-bf94-e05f3d01800a@group-6799D91081E1-StateMachineUpdater: Took a snapshot at index 13
2019-10-11 07:36:10,970 [8acf1b93-5a98-4af7-bf94-e05f3d01800a@group-6799D91081E1-StateMachineUpdater] INFO  impl.StateMachineUpdater (StateMachineUpdater.java:lambda$new$0(84)) - 8acf1b93-5a98-4af7-bf94-e05f3d01800a@group-6799D91081E1-StateMachineUpdater: snapshotIndex: updateIncreasingly -1 -> 13
2019-10-11 07:36:10,970 [ForkJoinPool.commonPool-worker-0] INFO  impl.RaftServerImpl (ServerState.java:close(387)) - b749c4c9-dc72-43f4-ab80-303d15046f89@group-6799D91081E1: closes. applyIndex: 15
2019-10-11 07:36:10,970 [8acf1b93-5a98-4af7-bf94-e05f3d01800a@group-6799D91081E1-StateMachineUpdater] INFO  ratis.ContainerStateMachine (ContainerStateMachine.java:takeSnapshot(294)) - group-6799D91081E1: Taking a snapshot at:(t:1, i:13) file /workdir/hadoop-ozone/integration-test/target/test-dir/MiniOzoneClusterImpl-b5204cf2-bad7-4711-9a54-58405b1ee90d/datanode-3/data/ratis/b35b295e-ebcf-4543-be69-6799d91081e1/sm/snapshot.1_13
2019-10-11 07:36:10,970 [b749c4c9-dc72-43f4-ab80-303d15046f89@group-6799D91081E1-SegmentedRaftLogWorker] INFO  segmented.SegmentedRaftLogWorker (SegmentedRaftLogWorker.java:run(316)) - b749c4c9-dc72-43f4-ab80-303d15046f89@group-6799D91081E1-SegmentedRaftLogWorker was interrupted, exiting. There are 0 tasks remaining in the queue.
2019-10-11 07:36:10,972 [ForkJoinPool.commonPool-worker-0] INFO  segmented.SegmentedRaftLogWorker (SegmentedRaftLogWorker.java:close(224)) - b749c4c9-dc72-43f4-ab80-303d15046f89@group-6799D91081E1-SegmentedRaftLogWorker close()
2019-10-11 07:36:10,976 [ForkJoinPool.commonPool-worker-0] INFO  impl.RaftServerImpl (RaftServerImpl.java:lambda$shutdown$3(247)) - b749c4c9-dc72-43f4-ab80-303d15046f89@group-B27FB7EFA7AA: shutdown
2019-10-11 07:36:10,976 [ForkJoinPool.commonPool-worker-0] INFO  util.JmxRegister (JmxRegister.java:unregister(73)) - Successfully un-registered JMX Bean with object name Ratis:service=RaftServer,group=group-B27FB7EFA7AA,id=b749c4c9-dc72-43f4-ab80-303d15046f89
2019-10-11 07:36:10,976 [ForkJoinPool.commonPool-worker-0] INFO  impl.RoleInfo (RoleInfo.java:shutdownLeaderState(104)) - b749c4c9-dc72-43f4-ab80-303d15046f89: shutdown LeaderState
2019-10-11 07:36:10,977 [ForkJoinPool.commonPool-worker-0] INFO  impl.PendingRequests (PendingRequests.java:sendNotLeaderResponses(202)) - b749c4c9-dc72-43f4-ab80-303d15046f89@group-B27FB7EFA7AA-PendingRequests: sendNotLeaderResponses
2019-10-11 07:36:10,977 [ForkJoinPool.commonPool-worker-0] INFO  impl.StateMachineUpdater (StateMachineUpdater.java:stopAndJoin(136)) - b749c4c9-dc72-43f4-ab80-303d15046f89@group-B27FB7EFA7AA-StateMachineUpdater: set stopIndex = 0
2019-10-11 07:36:10,978 [ForkJoinPool.commonPool-worker-0] INFO  impl.RaftServerImpl (ServerState.java:close(387)) - b749c4c9-dc72-43f4-ab80-303d15046f89@group-B27FB7EFA7AA: closes. applyIndex: 0
2019-10-11 07:36:10,978 [b749c4c9-dc72-43f4-ab80-303d15046f89@group-B27FB7EFA7AA-SegmentedRaftLogWorker] INFO  segmented.SegmentedRaftLogWorker (SegmentedRaftLogWorker.java:run(316)) - b749c4c9-dc72-43f4-ab80-303d15046f89@group-B27FB7EFA7AA-SegmentedRaftLogWorker was interrupted, exiting. There are 0 tasks remaining in the queue.
2019-10-11 07:36:10,980 [ForkJoinPool.commonPool-worker-0] INFO  segmented.SegmentedRaftLogWorker (SegmentedRaftLogWorker.java:close(224)) - b749c4c9-dc72-43f4-ab80-303d15046f89@group-B27FB7EFA7AA-SegmentedRaftLogWorker close()
2019-10-11 07:36:10,983 [ForkJoinPool.commonPool-worker-0] INFO  server.GrpcService (GrpcService.java:closeImpl(164)) - b749c4c9-dc72-43f4-ab80-303d15046f89: shutdown server with port 35267 now
2019-10-11 07:36:10,985 [ForkJoinPool.commonPool-worker-0] INFO  server.GrpcService (GrpcService.java:closeImpl(172)) - b749c4c9-dc72-43f4-ab80-303d15046f89: shutdown server with port 35267 successfully
2019-10-11 07:36:10,993 [8acf1b93-5a98-4af7-bf94-e05f3d01800a@group-6799D91081E1-StateMachineUpdater] INFO  ratis.ContainerStateMachine (ContainerStateMachine.java:takeSnapshot(305)) - group-6799D91081E1: Finished taking a snapshot at:(t:1, i:13) file:/workdir/hadoop-ozone/integration-test/target/test-dir/MiniOzoneClusterImpl-b5204cf2-bad7-4711-9a54-58405b1ee90d/datanode-3/data/ratis/b35b295e-ebcf-4543-be69-6799d91081e1/sm/snapshot.1_13 time:23
2019-10-11 07:36:10,993 [refreshUsed-/workdir/hadoop-ozone/integration-test/target/test-dir/MiniOzoneClusterImpl-b5204cf2-bad7-4711-9a54-58405b1ee90d/datanode-2/data/containers] WARN  fs.CachingGetSpaceUsed (CachingGetSpaceUsed.java:run(183)) - Thread Interrupted waiting to refresh disk information: sleep interrupted
2019-10-11 07:36:10,993 [8acf1b93-5a98-4af7-bf94-e05f3d01800a@group-6799D91081E1-StateMachineUpdater] INFO  impl.StateMachineUpdater (StateMachineUpdater.java:takeSnapshot(269)) - 8acf1b93-5a98-4af7-bf94-e05f3d01800a@group-6799D91081E1-StateMachineUpdater: Took a snapshot at index 13
2019-10-11 07:36:10,993 [8acf1b93-5a98-4af7-bf94-e05f3d01800a@group-6799D91081E1-StateMachineUpdater] INFO  impl.StateMachineUpdater (StateMachineUpdater.java:lambda$new$0(84)) - 8acf1b93-5a98-4af7-bf94-e05f3d01800a@group-6799D91081E1-StateMachineUpdater: snapshotIndex: updateIncreasingly 13 -> 13
2019-10-11 07:36:10,994 [main] INFO  impl.RaftServerImpl (ServerState.java:close(387)) - 8acf1b93-5a98-4af7-bf94-e05f3d01800a@group-6799D91081E1: closes. applyIndex: 15
2019-10-11 07:36:10,995 [8acf1b93-5a98-4af7-bf94-e05f3d01800a@group-6799D91081E1-SegmentedRaftLogWorker] INFO  segmented.SegmentedRaftLogWorker (SegmentedRaftLogWorker.java:run(316)) - 8acf1b93-5a98-4af7-bf94-e05f3d01800a@group-6799D91081E1-SegmentedRaftLogWorker was interrupted, exiting. There are 0 tasks remaining in the queue.
2019-10-11 07:36:10,996 [main] INFO  segmented.SegmentedRaftLogWorker (SegmentedRaftLogWorker.java:close(224)) - 8acf1b93-5a98-4af7-bf94-e05f3d01800a@group-6799D91081E1-SegmentedRaftLogWorker close()
2019-10-11 07:36:11,000 [main] INFO  server.GrpcService (GrpcService.java:closeImpl(164)) - 8acf1b93-5a98-4af7-bf94-e05f3d01800a: shutdown server with port 44902 now
2019-10-11 07:36:11,000 [main] INFO  server.GrpcService (GrpcService.java:closeImpl(172)) - 8acf1b93-5a98-4af7-bf94-e05f3d01800a: shutdown server with port 44902 successfully
2019-10-11 07:36:11,003 [refreshUsed-/workdir/hadoop-ozone/integration-test/target/test-dir/MiniOzoneClusterImpl-b5204cf2-bad7-4711-9a54-58405b1ee90d/datanode-3/data/containers] WARN  fs.CachingGetSpaceUsed (CachingGetSpaceUsed.java:run(183)) - Thread Interrupted waiting to refresh disk information: sleep interrupted
2019-10-11 07:36:11,018 [ForkJoinPool.commonPool-worker-0] INFO  utils.BackgroundService (BackgroundService.java:shutdown(151)) - Shutting down service BlockDeletingService
2019-10-11 07:36:11,023 [ForkJoinPool.commonPool-worker-0] INFO  statemachine.DatanodeStateMachine (DatanodeStateMachine.java:stopDaemon(395)) - Ozone container server stopped.
2019-10-11 07:36:11,028 [ForkJoinPool.commonPool-worker-0] INFO  handler.ContextHandler (ContextHandler.java:doStop(910)) - Stopped o.e.j.w.WebAppContext@241b971f{/,null,UNAVAILABLE}{/hddsDatanode}
2019-10-11 07:36:11,028 [main] INFO  utils.BackgroundService (BackgroundService.java:shutdown(151)) - Shutting down service BlockDeletingService
2019-10-11 07:36:11,029 [ForkJoinPool.commonPool-worker-0] INFO  server.AbstractConnector (AbstractConnector.java:doStop(318)) - Stopped ServerConnector@125f16b2{HTTP/1.1,[http/1.1]}{0.0.0.0:0}
2019-10-11 07:36:11,033 [ForkJoinPool.commonPool-worker-0] INFO  handler.ContextHandler (ContextHandler.java:doStop(910)) - Stopped o.e.j.s.ServletContextHandler@27f71195{/static,jar:file:/home/user/.m2/repository/org/apache/hadoop/hadoop-hdds-container-service/0.5.0-SNAPSHOT/hadoop-hdds-container-service-0.5.0-SNAPSHOT.jar!/webapps/static,UNAVAILABLE}
2019-10-11 07:36:11,034 [main] INFO  statemachine.DatanodeStateMachine (DatanodeStateMachine.java:stopDaemon(395)) - Ozone container server stopped.
2019-10-11 07:36:11,035 [ForkJoinPool.commonPool-worker-0] INFO  handler.ContextHandler (ContextHandler.java:doStop(910)) - Stopped o.e.j.s.ServletContextHandler@58a7dc4{/logs,file:///workdir/hadoop-ozone/integration-test/target/log,UNAVAILABLE}
2019-10-11 07:36:11,036 [main] INFO  handler.ContextHandler (ContextHandler.java:doStop(910)) - Stopped o.e.j.w.WebAppContext@25a5c8e{/,null,UNAVAILABLE}{/hddsDatanode}
2019-10-11 07:36:11,037 [main] INFO  server.AbstractConnector (AbstractConnector.java:doStop(318)) - Stopped ServerConnector@656c5c3{HTTP/1.1,[http/1.1]}{0.0.0.0:0}
2019-10-11 07:36:11,037 [main] INFO  handler.ContextHandler (ContextHandler.java:doStop(910)) - Stopped o.e.j.s.ServletContextHandler@458031da{/static,jar:file:/home/user/.m2/repository/org/apache/hadoop/hadoop-hdds-container-service/0.5.0-SNAPSHOT/hadoop-hdds-container-service-0.5.0-SNAPSHOT.jar!/webapps/static,UNAVAILABLE}
2019-10-11 07:36:11,038 [main] INFO  handler.ContextHandler (ContextHandler.java:doStop(910)) - Stopped o.e.j.s.ServletContextHandler@2fde9469{/logs,file:///workdir/hadoop-ozone/integration-test/target/log,UNAVAILABLE}
2019-10-11 07:36:11,272 [Datanode State Machine Thread - 0] INFO  statemachine.DatanodeStateMachine (DatanodeStateMachine.java:lambda$startDaemon$0(350)) - Ozone container server started.
2019-10-11 07:36:11,526 [Datanode State Machine Thread - 0] INFO  statemachine.DatanodeStateMachine (DatanodeStateMachine.java:lambda$startDaemon$0(350)) - Ozone container server started.
2019-10-11 07:36:13,166 [Thread-3217] INFO  impl.FollowerState (FollowerState.java:run(108)) - def6d75b-2bd6-4a47-993f-f7560187f71d@group-B6E563493923-FollowerState: change to CANDIDATE, lastRpcTime:7514ms, electionTimeout:5027ms
2019-10-11 07:36:13,166 [Thread-3217] INFO  impl.RoleInfo (RoleInfo.java:shutdownFollowerState(121)) - def6d75b-2bd6-4a47-993f-f7560187f71d: shutdown FollowerState
2019-10-11 07:36:13,166 [Thread-3217] INFO  impl.RaftServerImpl (RaftServerImpl.java:setRole(170)) - def6d75b-2bd6-4a47-993f-f7560187f71d@group-B6E563493923: changes role from  FOLLOWER to CANDIDATE at term 7 for changeToCandidate
2019-10-11 07:36:13,166 [Thread-3217] INFO  impl.RoleInfo (RoleInfo.java:updateAndGet(143)) - def6d75b-2bd6-4a47-993f-f7560187f71d: start LeaderElection
2019-10-11 07:36:13,169 [def6d75b-2bd6-4a47-993f-f7560187f71d@group-B6E563493923-LeaderElection81] INFO  impl.RaftServerImpl (ServerState.java:setLeader(255)) - def6d75b-2bd6-4a47-993f-f7560187f71d@group-B6E563493923: change Leader from 4d415cff-0964-4c64-a0ba-bf5399f54beb to null at term 7 for initElection
2019-10-11 07:36:13,194 [def6d75b-2bd6-4a47-993f-f7560187f71d@group-B6E563493923-LeaderElection81] INFO  impl.LeaderElection (LeaderElection.java:askForVotes(178)) - def6d75b-2bd6-4a47-993f-f7560187f71d@group-B6E563493923-LeaderElection81: begin an election at term 8 for 16: [4d415cff-0964-4c64-a0ba-bf5399f54beb:192.168.164.209:36258, def6d75b-2bd6-4a47-993f-f7560187f71d:192.168.164.209:35462, 672bb6f8-5131-4da7-8320-8bbddbc4a98b:192.168.164.209:42241], old=null
2019-10-11 07:36:13,198 [def6d75b-2bd6-4a47-993f-f7560187f71d@group-B6E563493923-LeaderElection81] INFO  impl.LeaderElection (LogUtils.java:infoOrTrace(149)) - def6d75b-2bd6-4a47-993f-f7560187f71d@group-B6E563493923-LeaderElection81 got exception when requesting votes: {}
java.util.concurrent.ExecutionException: org.apache.ratis.thirdparty.io.grpc.StatusRuntimeException: UNAVAILABLE: io exception
	at java.util.concurrent.FutureTask.report(FutureTask.java:122)
	at java.util.concurrent.FutureTask.get(FutureTask.java:192)
	at org.apache.ratis.server.impl.LeaderElection.waitForResults(LeaderElection.java:259)
	at org.apache.ratis.server.impl.LeaderElection.askForVotes(LeaderElection.java:197)
	at org.apache.ratis.server.impl.LeaderElection.run(LeaderElection.java:133)
	at java.lang.Thread.run(Thread.java:748)
Caused by: org.apache.ratis.thirdparty.io.grpc.StatusRuntimeException: UNAVAILABLE: io exception
	at org.apache.ratis.thirdparty.io.grpc.stub.ClientCalls.toStatusRuntimeException(ClientCalls.java:233)
	at org.apache.ratis.thirdparty.io.grpc.stub.ClientCalls.getUnchecked(ClientCalls.java:214)
	at org.apache.ratis.thirdparty.io.grpc.stub.ClientCalls.blockingUnaryCall(ClientCalls.java:139)
	at org.apache.ratis.proto.grpc.RaftServerProtocolServiceGrpc$RaftServerProtocolServiceBlockingStub.requestVote(RaftServerProtocolServiceGrpc.java:265)
	at org.apache.ratis.grpc.server.GrpcServerProtocolClient.requestVote(GrpcServerProtocolClient.java:99)
	at org.apache.ratis.grpc.server.GrpcService.requestVote(GrpcService.java:204)
	at org.apache.ratis.server.impl.LeaderElection.lambda$submitRequests$1(LeaderElection.java:234)
	at java.util.concurrent.FutureTask.run(FutureTask.java:266)
	at java.util.concurrent.Executors$RunnableAdapter.call(Executors.java:511)
	at java.util.concurrent.FutureTask.run(FutureTask.java:266)
	at java.util.concurrent.ThreadPoolExecutor.runWorker(ThreadPoolExecutor.java:1149)
	at java.util.concurrent.ThreadPoolExecutor$Worker.run(ThreadPoolExecutor.java:624)
	... 1 more
Caused by: org.apache.ratis.thirdparty.io.netty.channel.AbstractChannel$AnnotatedConnectException: Connection refused: /192.168.164.209:42241
	at sun.nio.ch.SocketChannelImpl.checkConnect(Native Method)
	at sun.nio.ch.SocketChannelImpl.finishConnect(SocketChannelImpl.java:717)
	at org.apache.ratis.thirdparty.io.netty.channel.socket.nio.NioSocketChannel.doFinishConnect(NioSocketChannel.java:327)
	at org.apache.ratis.thirdparty.io.netty.channel.nio.AbstractNioChannel$AbstractNioUnsafe.finishConnect(AbstractNioChannel.java:340)
	at org.apache.ratis.thirdparty.io.netty.channel.nio.NioEventLoop.processSelectedKey(NioEventLoop.java:632)
	at org.apache.ratis.thirdparty.io.netty.channel.nio.NioEventLoop.processSelectedKeysOptimized(NioEventLoop.java:579)
	at org.apache.ratis.thirdparty.io.netty.channel.nio.NioEventLoop.processSelectedKeys(NioEventLoop.java:496)
	at org.apache.ratis.thirdparty.io.netty.channel.nio.NioEventLoop.run(NioEventLoop.java:458)
	at org.apache.ratis.thirdparty.io.netty.util.concurrent.SingleThreadEventExecutor$5.run(SingleThreadEventExecutor.java:897)
	at org.apache.ratis.thirdparty.io.netty.util.concurrent.FastThreadLocalRunnable.run(FastThreadLocalRunnable.java:30)
	... 1 more
Caused by: java.net.ConnectException: Connection refused
	... 11 more
2019-10-11 07:36:13,200 [def6d75b-2bd6-4a47-993f-f7560187f71d@group-B6E563493923-LeaderElection81] INFO  impl.LeaderElection (LogUtils.java:infoOrTrace(149)) - def6d75b-2bd6-4a47-993f-f7560187f71d@group-B6E563493923-LeaderElection81 got exception when requesting votes: {}
java.util.concurrent.ExecutionException: org.apache.ratis.thirdparty.io.grpc.StatusRuntimeException: UNAVAILABLE: io exception
	at java.util.concurrent.FutureTask.report(FutureTask.java:122)
	at java.util.concurrent.FutureTask.get(FutureTask.java:192)
	at org.apache.ratis.server.impl.LeaderElection.waitForResults(LeaderElection.java:259)
	at org.apache.ratis.server.impl.LeaderElection.askForVotes(LeaderElection.java:197)
	at org.apache.ratis.server.impl.LeaderElection.run(LeaderElection.java:133)
	at java.lang.Thread.run(Thread.java:748)
Caused by: org.apache.ratis.thirdparty.io.grpc.StatusRuntimeException: UNAVAILABLE: io exception
	at org.apache.ratis.thirdparty.io.grpc.stub.ClientCalls.toStatusRuntimeException(ClientCalls.java:233)
	at org.apache.ratis.thirdparty.io.grpc.stub.ClientCalls.getUnchecked(ClientCalls.java:214)
	at org.apache.ratis.thirdparty.io.grpc.stub.ClientCalls.blockingUnaryCall(ClientCalls.java:139)
	at org.apache.ratis.proto.grpc.RaftServerProtocolServiceGrpc$RaftServerProtocolServiceBlockingStub.requestVote(RaftServerProtocolServiceGrpc.java:265)
	at org.apache.ratis.grpc.server.GrpcServerProtocolClient.requestVote(GrpcServerProtocolClient.java:99)
	at org.apache.ratis.grpc.server.GrpcService.requestVote(GrpcService.java:204)
	at org.apache.ratis.server.impl.LeaderElection.lambda$submitRequests$1(LeaderElection.java:234)
	at java.util.concurrent.FutureTask.run(FutureTask.java:266)
	at java.util.concurrent.Executors$RunnableAdapter.call(Executors.java:511)
	at java.util.concurrent.FutureTask.run(FutureTask.java:266)
	at java.util.concurrent.ThreadPoolExecutor.runWorker(ThreadPoolExecutor.java:1149)
	at java.util.concurrent.ThreadPoolExecutor$Worker.run(ThreadPoolExecutor.java:624)
	... 1 more
Caused by: org.apache.ratis.thirdparty.io.netty.channel.AbstractChannel$AnnotatedConnectException: Connection refused: /192.168.164.209:36258
	at sun.nio.ch.SocketChannelImpl.checkConnect(Native Method)
	at sun.nio.ch.SocketChannelImpl.finishConnect(SocketChannelImpl.java:717)
	at org.apache.ratis.thirdparty.io.netty.channel.socket.nio.NioSocketChannel.doFinishConnect(NioSocketChannel.java:327)
	at org.apache.ratis.thirdparty.io.netty.channel.nio.AbstractNioChannel$AbstractNioUnsafe.finishConnect(AbstractNioChannel.java:340)
	at org.apache.ratis.thirdparty.io.netty.channel.nio.NioEventLoop.processSelectedKey(NioEventLoop.java:632)
	at org.apache.ratis.thirdparty.io.netty.channel.nio.NioEventLoop.processSelectedKeysOptimized(NioEventLoop.java:579)
	at org.apache.ratis.thirdparty.io.netty.channel.nio.NioEventLoop.processSelectedKeys(NioEventLoop.java:496)
	at org.apache.ratis.thirdparty.io.netty.channel.nio.NioEventLoop.run(NioEventLoop.java:458)
	at org.apache.ratis.thirdparty.io.netty.util.concurrent.SingleThreadEventExecutor$5.run(SingleThreadEventExecutor.java:897)
	at org.apache.ratis.thirdparty.io.netty.util.concurrent.FastThreadLocalRunnable.run(FastThreadLocalRunnable.java:30)
	... 1 more
Caused by: java.net.ConnectException: Connection refused
	... 11 more
2019-10-11 07:36:13,201 [def6d75b-2bd6-4a47-993f-f7560187f71d@group-B6E563493923-LeaderElection81] INFO  impl.LeaderElection (LeaderElection.java:logAndReturn(56)) - def6d75b-2bd6-4a47-993f-f7560187f71d@group-B6E563493923-LeaderElection81: Election REJECTED; received 0 response(s) [] and 2 exception(s); def6d75b-2bd6-4a47-993f-f7560187f71d@group-B6E563493923:t8, leader=null, voted=def6d75b-2bd6-4a47-993f-f7560187f71d, raftlog=def6d75b-2bd6-4a47-993f-f7560187f71d@group-B6E563493923-SegmentedRaftLog:OPENED:c17,f17,i17, conf=16: [4d415cff-0964-4c64-a0ba-bf5399f54beb:192.168.164.209:36258, def6d75b-2bd6-4a47-993f-f7560187f71d:192.168.164.209:35462, 672bb6f8-5131-4da7-8320-8bbddbc4a98b:192.168.164.209:42241], old=null
2019-10-11 07:36:13,202 [def6d75b-2bd6-4a47-993f-f7560187f71d@group-B6E563493923-LeaderElection81] INFO  impl.LeaderElection (LogUtils.java:infoOrTrace(149)) -   Exception 0: {}
java.util.concurrent.ExecutionException: org.apache.ratis.thirdparty.io.grpc.StatusRuntimeException: UNAVAILABLE: io exception
	at java.util.concurrent.FutureTask.report(FutureTask.java:122)
	at java.util.concurrent.FutureTask.get(FutureTask.java:192)
	at org.apache.ratis.server.impl.LeaderElection.waitForResults(LeaderElection.java:259)
	at org.apache.ratis.server.impl.LeaderElection.askForVotes(LeaderElection.java:197)
	at org.apache.ratis.server.impl.LeaderElection.run(LeaderElection.java:133)
	at java.lang.Thread.run(Thread.java:748)
Caused by: org.apache.ratis.thirdparty.io.grpc.StatusRuntimeException: UNAVAILABLE: io exception
	at org.apache.ratis.thirdparty.io.grpc.stub.ClientCalls.toStatusRuntimeException(ClientCalls.java:233)
	at org.apache.ratis.thirdparty.io.grpc.stub.ClientCalls.getUnchecked(ClientCalls.java:214)
	at org.apache.ratis.thirdparty.io.grpc.stub.ClientCalls.blockingUnaryCall(ClientCalls.java:139)
	at org.apache.ratis.proto.grpc.RaftServerProtocolServiceGrpc$RaftServerProtocolServiceBlockingStub.requestVote(RaftServerProtocolServiceGrpc.java:265)
	at org.apache.ratis.grpc.server.GrpcServerProtocolClient.requestVote(GrpcServerProtocolClient.java:99)
	at org.apache.ratis.grpc.server.GrpcService.requestVote(GrpcService.java:204)
	at org.apache.ratis.server.impl.LeaderElection.lambda$submitRequests$1(LeaderElection.java:234)
	at java.util.concurrent.FutureTask.run(FutureTask.java:266)
	at java.util.concurrent.Executors$RunnableAdapter.call(Executors.java:511)
	at java.util.concurrent.FutureTask.run(FutureTask.java:266)
	at java.util.concurrent.ThreadPoolExecutor.runWorker(ThreadPoolExecutor.java:1149)
	at java.util.concurrent.ThreadPoolExecutor$Worker.run(ThreadPoolExecutor.java:624)
	... 1 more
Caused by: org.apache.ratis.thirdparty.io.netty.channel.AbstractChannel$AnnotatedConnectException: Connection refused: /192.168.164.209:42241
	at sun.nio.ch.SocketChannelImpl.checkConnect(Native Method)
	at sun.nio.ch.SocketChannelImpl.finishConnect(SocketChannelImpl.java:717)
	at org.apache.ratis.thirdparty.io.netty.channel.socket.nio.NioSocketChannel.doFinishConnect(NioSocketChannel.java:327)
	at org.apache.ratis.thirdparty.io.netty.channel.nio.AbstractNioChannel$AbstractNioUnsafe.finishConnect(AbstractNioChannel.java:340)
	at org.apache.ratis.thirdparty.io.netty.channel.nio.NioEventLoop.processSelectedKey(NioEventLoop.java:632)
	at org.apache.ratis.thirdparty.io.netty.channel.nio.NioEventLoop.processSelectedKeysOptimized(NioEventLoop.java:579)
	at org.apache.ratis.thirdparty.io.netty.channel.nio.NioEventLoop.processSelectedKeys(NioEventLoop.java:496)
	at org.apache.ratis.thirdparty.io.netty.channel.nio.NioEventLoop.run(NioEventLoop.java:458)
	at org.apache.ratis.thirdparty.io.netty.util.concurrent.SingleThreadEventExecutor$5.run(SingleThreadEventExecutor.java:897)
	at org.apache.ratis.thirdparty.io.netty.util.concurrent.FastThreadLocalRunnable.run(FastThreadLocalRunnable.java:30)
	... 1 more
Caused by: java.net.ConnectException: Connection refused
	... 11 more
2019-10-11 07:36:13,202 [def6d75b-2bd6-4a47-993f-f7560187f71d@group-B6E563493923-LeaderElection81] INFO  impl.LeaderElection (LogUtils.java:infoOrTrace(149)) -   Exception 1: {}
java.util.concurrent.ExecutionException: org.apache.ratis.thirdparty.io.grpc.StatusRuntimeException: UNAVAILABLE: io exception
	at java.util.concurrent.FutureTask.report(FutureTask.java:122)
	at java.util.concurrent.FutureTask.get(FutureTask.java:192)
	at org.apache.ratis.server.impl.LeaderElection.waitForResults(LeaderElection.java:259)
	at org.apache.ratis.server.impl.LeaderElection.askForVotes(LeaderElection.java:197)
	at org.apache.ratis.server.impl.LeaderElection.run(LeaderElection.java:133)
	at java.lang.Thread.run(Thread.java:748)
Caused by: org.apache.ratis.thirdparty.io.grpc.StatusRuntimeException: UNAVAILABLE: io exception
	at org.apache.ratis.thirdparty.io.grpc.stub.ClientCalls.toStatusRuntimeException(ClientCalls.java:233)
	at org.apache.ratis.thirdparty.io.grpc.stub.ClientCalls.getUnchecked(ClientCalls.java:214)
	at org.apache.ratis.thirdparty.io.grpc.stub.ClientCalls.blockingUnaryCall(ClientCalls.java:139)
	at org.apache.ratis.proto.grpc.RaftServerProtocolServiceGrpc$RaftServerProtocolServiceBlockingStub.requestVote(RaftServerProtocolServiceGrpc.java:265)
	at org.apache.ratis.grpc.server.GrpcServerProtocolClient.requestVote(GrpcServerProtocolClient.java:99)
	at org.apache.ratis.grpc.server.GrpcService.requestVote(GrpcService.java:204)
	at org.apache.ratis.server.impl.LeaderElection.lambda$submitRequests$1(LeaderElection.java:234)
	at java.util.concurrent.FutureTask.run(FutureTask.java:266)
	at java.util.concurrent.Executors$RunnableAdapter.call(Executors.java:511)
	at java.util.concurrent.FutureTask.run(FutureTask.java:266)
	at java.util.concurrent.ThreadPoolExecutor.runWorker(ThreadPoolExecutor.java:1149)
	at java.util.concurrent.ThreadPoolExecutor$Worker.run(ThreadPoolExecutor.java:624)
	... 1 more
Caused by: org.apache.ratis.thirdparty.io.netty.channel.AbstractChannel$AnnotatedConnectException: Connection refused: /192.168.164.209:36258
	at sun.nio.ch.SocketChannelImpl.checkConnect(Native Method)
	at sun.nio.ch.SocketChannelImpl.finishConnect(SocketChannelImpl.java:717)
	at org.apache.ratis.thirdparty.io.netty.channel.socket.nio.NioSocketChannel.doFinishConnect(NioSocketChannel.java:327)
	at org.apache.ratis.thirdparty.io.netty.channel.nio.AbstractNioChannel$AbstractNioUnsafe.finishConnect(AbstractNioChannel.java:340)
	at org.apache.ratis.thirdparty.io.netty.channel.nio.NioEventLoop.processSelectedKey(NioEventLoop.java:632)
	at org.apache.ratis.thirdparty.io.netty.channel.nio.NioEventLoop.processSelectedKeysOptimized(NioEventLoop.java:579)
	at org.apache.ratis.thirdparty.io.netty.channel.nio.NioEventLoop.processSelectedKeys(NioEventLoop.java:496)
	at org.apache.ratis.thirdparty.io.netty.channel.nio.NioEventLoop.run(NioEventLoop.java:458)
	at org.apache.ratis.thirdparty.io.netty.util.concurrent.SingleThreadEventExecutor$5.run(SingleThreadEventExecutor.java:897)
	at org.apache.ratis.thirdparty.io.netty.util.concurrent.FastThreadLocalRunnable.run(FastThreadLocalRunnable.java:30)
	... 1 more
Caused by: java.net.ConnectException: Connection refused
	... 11 more
2019-10-11 07:36:13,202 [def6d75b-2bd6-4a47-993f-f7560187f71d@group-B6E563493923-LeaderElection81] INFO  impl.RaftServerImpl (RaftServerImpl.java:setRole(170)) - def6d75b-2bd6-4a47-993f-f7560187f71d@group-B6E563493923: changes role from CANDIDATE to FOLLOWER at term 8 for DISCOVERED_A_NEW_TERM
2019-10-11 07:36:13,202 [def6d75b-2bd6-4a47-993f-f7560187f71d@group-B6E563493923-LeaderElection81] INFO  impl.RoleInfo (RoleInfo.java:shutdownLeaderElection(134)) - def6d75b-2bd6-4a47-993f-f7560187f71d: shutdown LeaderElection
2019-10-11 07:36:13,203 [def6d75b-2bd6-4a47-993f-f7560187f71d@group-B6E563493923-LeaderElection81] INFO  impl.RoleInfo (RoleInfo.java:updateAndGet(143)) - def6d75b-2bd6-4a47-993f-f7560187f71d: start FollowerState
2019-10-11 07:36:15,348 [EventQueue-StaleNodeForStaleNodeHandler] INFO  node.StaleNodeHandler (StaleNodeHandler.java:onMessage(58)) - Datanode def6d75b-2bd6-4a47-993f-f7560187f71d{ip: 192.168.164.209, host: pr-hdds-2206-npvv8-3563359771, networkLocation: /default-rack, certSerialId: null} moved to stale state. Finalizing its pipelines [PipelineID=632ea63f-7cf4-4be4-bfda-b6e563493923, PipelineID=9bf314bb-d1b9-46ba-9259-43854c185a25]
2019-10-11 07:36:15,354 [EventQueue-StaleNodeForStaleNodeHandler] INFO  pipeline.SCMPipelineManager (SCMPipelineManager.java:finalizeAndDestroyPipeline(315)) - destroying pipeline:Pipeline[ Id: 632ea63f-7cf4-4be4-bfda-b6e563493923, Nodes: 672bb6f8-5131-4da7-8320-8bbddbc4a98b{ip: 192.168.164.209, host: pr-hdds-2206-npvv8-3563359771, networkLocation: /default-rack, certSerialId: null}4d415cff-0964-4c64-a0ba-bf5399f54beb{ip: 192.168.164.209, host: pr-hdds-2206-npvv8-3563359771, networkLocation: /default-rack, certSerialId: null}def6d75b-2bd6-4a47-993f-f7560187f71d{ip: 192.168.164.209, host: pr-hdds-2206-npvv8-3563359771, networkLocation: /default-rack, certSerialId: null}, Type:RATIS, Factor:THREE, State:CLOSED]
2019-10-11 07:36:15,355 [EventQueue-StaleNodeForStaleNodeHandler] INFO  pipeline.SCMPipelineManager (SCMPipelineManager.java:finalizeAndDestroyPipeline(315)) - destroying pipeline:Pipeline[ Id: 9bf314bb-d1b9-46ba-9259-43854c185a25, Nodes: def6d75b-2bd6-4a47-993f-f7560187f71d{ip: 192.168.164.209, host: pr-hdds-2206-npvv8-3563359771, networkLocation: /default-rack, certSerialId: null}, Type:RATIS, Factor:ONE, State:OPEN]
2019-10-11 07:36:15,355 [EventQueue-StaleNodeForStaleNodeHandler] INFO  pipeline.PipelineStateManager (PipelineStateManager.java:finalizePipeline(123)) - Pipeline Pipeline[ Id: 9bf314bb-d1b9-46ba-9259-43854c185a25, Nodes: def6d75b-2bd6-4a47-993f-f7560187f71d{ip: 192.168.164.209, host: pr-hdds-2206-npvv8-3563359771, networkLocation: /default-rack, certSerialId: null}, Type:RATIS, Factor:ONE, State:CLOSED] moved to CLOSED state
2019-10-11 07:36:15,548 [EventQueue-StaleNodeForStaleNodeHandler] INFO  node.StaleNodeHandler (StaleNodeHandler.java:onMessage(58)) - Datanode d4e9d99a-b039-46d3-8051-60a60674dea5{ip: 192.168.164.209, host: pr-hdds-2206-npvv8-3563359771, networkLocation: /default-rack, certSerialId: null} moved to stale state. Finalizing its pipelines [PipelineID=74bf1228-5b4e-4825-ae4b-003a427d8ba1]
2019-10-11 07:36:15,548 [EventQueue-StaleNodeForStaleNodeHandler] INFO  pipeline.SCMPipelineManager (SCMPipelineManager.java:finalizeAndDestroyPipeline(315)) - destroying pipeline:Pipeline[ Id: 74bf1228-5b4e-4825-ae4b-003a427d8ba1, Nodes: d4e9d99a-b039-46d3-8051-60a60674dea5{ip: 192.168.164.209, host: pr-hdds-2206-npvv8-3563359771, networkLocation: /default-rack, certSerialId: null}, Type:RATIS, Factor:ONE, State:OPEN]
2019-10-11 07:36:15,548 [EventQueue-StaleNodeForStaleNodeHandler] INFO  pipeline.PipelineStateManager (PipelineStateManager.java:finalizePipeline(123)) - Pipeline Pipeline[ Id: 74bf1228-5b4e-4825-ae4b-003a427d8ba1, Nodes: d4e9d99a-b039-46d3-8051-60a60674dea5{ip: 192.168.164.209, host: pr-hdds-2206-npvv8-3563359771, networkLocation: /default-rack, certSerialId: null}, Type:RATIS, Factor:ONE, State:CLOSED] moved to CLOSED state
2019-10-11 07:36:16,038 [ForkJoinPool.commonPool-worker-0] INFO  ozoneimpl.OzoneContainer (OzoneContainer.java:stop(227)) - Attempting to stop container services.
2019-10-11 07:36:16,042 [main] INFO  ozoneimpl.OzoneContainer (OzoneContainer.java:stop(227)) - Attempting to stop container services.
2019-10-11 07:36:16,043 [ForkJoinPool.commonPool-worker-0] INFO  impl.RaftServerProxy (RaftServerProxy.java:lambda$close$4(314)) - def6d75b-2bd6-4a47-993f-f7560187f71d: close
2019-10-11 07:36:16,043 [main] INFO  impl.RaftServerProxy (RaftServerProxy.java:lambda$close$4(314)) - d4e9d99a-b039-46d3-8051-60a60674dea5: close
2019-10-11 07:36:16,043 [ForkJoinPool.commonPool-worker-0] INFO  impl.RaftServerImpl (RaftServerImpl.java:lambda$shutdown$3(247)) - def6d75b-2bd6-4a47-993f-f7560187f71d@group-B6E563493923: shutdown
2019-10-11 07:36:16,043 [main] INFO  impl.RaftServerImpl (RaftServerImpl.java:lambda$shutdown$3(247)) - d4e9d99a-b039-46d3-8051-60a60674dea5@group-003A427D8BA1: shutdown
2019-10-11 07:36:16,044 [ForkJoinPool.commonPool-worker-0] INFO  util.JmxRegister (JmxRegister.java:unregister(73)) - Successfully un-registered JMX Bean with object name Ratis:service=RaftServer,group=group-B6E563493923,id=def6d75b-2bd6-4a47-993f-f7560187f71d
2019-10-11 07:36:16,044 [main] INFO  util.JmxRegister (JmxRegister.java:unregister(73)) - Successfully un-registered JMX Bean with object name Ratis:service=RaftServer,group=group-003A427D8BA1,id=d4e9d99a-b039-46d3-8051-60a60674dea5
2019-10-11 07:36:16,044 [ForkJoinPool.commonPool-worker-0] INFO  impl.RoleInfo (RoleInfo.java:shutdownFollowerState(121)) - def6d75b-2bd6-4a47-993f-f7560187f71d: shutdown FollowerState
2019-10-11 07:36:16,044 [main] INFO  impl.RoleInfo (RoleInfo.java:shutdownLeaderState(104)) - d4e9d99a-b039-46d3-8051-60a60674dea5: shutdown LeaderState
2019-10-11 07:36:16,045 [ForkJoinPool.commonPool-worker-0] INFO  impl.StateMachineUpdater (StateMachineUpdater.java:stopAndJoin(136)) - def6d75b-2bd6-4a47-993f-f7560187f71d@group-B6E563493923-StateMachineUpdater: set stopIndex = 17
2019-10-11 07:36:16,045 [def6d75b-2bd6-4a47-993f-f7560187f71d@group-B6E563493923-StateMachineUpdater] INFO  ratis.ContainerStateMachine (ContainerStateMachine.java:takeSnapshot(294)) - group-B6E563493923: Taking a snapshot at:(t:1, i:13) file /workdir/hadoop-ozone/integration-test/target/test-dir/MiniOzoneClusterImpl-b5204cf2-bad7-4711-9a54-58405b1ee90d/datanode-0/data/ratis/632ea63f-7cf4-4be4-bfda-b6e563493923/sm/snapshot.1_13
2019-10-11 07:36:16,045 [Thread-3304] INFO  impl.FollowerState (FollowerState.java:run(117)) - def6d75b-2bd6-4a47-993f-f7560187f71d@group-B6E563493923-FollowerState was interrupted: java.lang.InterruptedException: sleep interrupted
2019-10-11 07:36:16,045 [main] INFO  impl.PendingRequests (PendingRequests.java:sendNotLeaderResponses(202)) - d4e9d99a-b039-46d3-8051-60a60674dea5@group-003A427D8BA1-PendingRequests: sendNotLeaderResponses
2019-10-11 07:36:16,047 [main] INFO  impl.StateMachineUpdater (StateMachineUpdater.java:stopAndJoin(136)) - d4e9d99a-b039-46d3-8051-60a60674dea5@group-003A427D8BA1-StateMachineUpdater: set stopIndex = 0
2019-10-11 07:36:16,048 [main] INFO  impl.RaftServerImpl (ServerState.java:close(387)) - d4e9d99a-b039-46d3-8051-60a60674dea5@group-003A427D8BA1: closes. applyIndex: 0
2019-10-11 07:36:16,049 [d4e9d99a-b039-46d3-8051-60a60674dea5@group-003A427D8BA1-SegmentedRaftLogWorker] INFO  segmented.SegmentedRaftLogWorker (SegmentedRaftLogWorker.java:run(316)) - d4e9d99a-b039-46d3-8051-60a60674dea5@group-003A427D8BA1-SegmentedRaftLogWorker was interrupted, exiting. There are 0 tasks remaining in the queue.
2019-10-11 07:36:16,050 [main] INFO  segmented.SegmentedRaftLogWorker (SegmentedRaftLogWorker.java:close(224)) - d4e9d99a-b039-46d3-8051-60a60674dea5@group-003A427D8BA1-SegmentedRaftLogWorker close()
2019-10-11 07:36:16,053 [main] INFO  server.GrpcService (GrpcService.java:closeImpl(164)) - d4e9d99a-b039-46d3-8051-60a60674dea5: shutdown server with port 40945 now
2019-10-11 07:36:16,060 [main] INFO  server.GrpcService (GrpcService.java:closeImpl(172)) - d4e9d99a-b039-46d3-8051-60a60674dea5: shutdown server with port 40945 successfully
2019-10-11 07:36:16,070 [refreshUsed-/workdir/hadoop-ozone/integration-test/target/test-dir/MiniOzoneClusterImpl-b5204cf2-bad7-4711-9a54-58405b1ee90d/datanode-5/data/containers] WARN  fs.CachingGetSpaceUsed (CachingGetSpaceUsed.java:run(183)) - Thread Interrupted waiting to refresh disk information: sleep interrupted
2019-10-11 07:36:16,070 [def6d75b-2bd6-4a47-993f-f7560187f71d@group-B6E563493923-StateMachineUpdater] INFO  ratis.ContainerStateMachine (ContainerStateMachine.java:takeSnapshot(305)) - group-B6E563493923: Finished taking a snapshot at:(t:1, i:13) file:/workdir/hadoop-ozone/integration-test/target/test-dir/MiniOzoneClusterImpl-b5204cf2-bad7-4711-9a54-58405b1ee90d/datanode-0/data/ratis/632ea63f-7cf4-4be4-bfda-b6e563493923/sm/snapshot.1_13 time:25
2019-10-11 07:36:16,071 [def6d75b-2bd6-4a47-993f-f7560187f71d@group-B6E563493923-StateMachineUpdater] INFO  impl.StateMachineUpdater (StateMachineUpdater.java:takeSnapshot(269)) - def6d75b-2bd6-4a47-993f-f7560187f71d@group-B6E563493923-StateMachineUpdater: Took a snapshot at index 13
2019-10-11 07:36:16,071 [def6d75b-2bd6-4a47-993f-f7560187f71d@group-B6E563493923-StateMachineUpdater] INFO  impl.StateMachineUpdater (StateMachineUpdater.java:lambda$new$0(84)) - def6d75b-2bd6-4a47-993f-f7560187f71d@group-B6E563493923-StateMachineUpdater: snapshotIndex: updateIncreasingly -1 -> 13
2019-10-11 07:36:16,071 [def6d75b-2bd6-4a47-993f-f7560187f71d@group-B6E563493923-StateMachineUpdater] INFO  ratis.ContainerStateMachine (ContainerStateMachine.java:takeSnapshot(294)) - group-B6E563493923: Taking a snapshot at:(t:1, i:13) file /workdir/hadoop-ozone/integration-test/target/test-dir/MiniOzoneClusterImpl-b5204cf2-bad7-4711-9a54-58405b1ee90d/datanode-0/data/ratis/632ea63f-7cf4-4be4-bfda-b6e563493923/sm/snapshot.1_13
2019-10-11 07:36:16,086 [main] INFO  utils.BackgroundService (BackgroundService.java:shutdown(151)) - Shutting down service BlockDeletingService
2019-10-11 07:36:16,089 [main] INFO  statemachine.DatanodeStateMachine (DatanodeStateMachine.java:stopDaemon(395)) - Ozone container server stopped.
2019-10-11 07:36:16,094 [def6d75b-2bd6-4a47-993f-f7560187f71d@group-B6E563493923-StateMachineUpdater] INFO  ratis.ContainerStateMachine (ContainerStateMachine.java:takeSnapshot(305)) - group-B6E563493923: Finished taking a snapshot at:(t:1, i:13) file:/workdir/hadoop-ozone/integration-test/target/test-dir/MiniOzoneClusterImpl-b5204cf2-bad7-4711-9a54-58405b1ee90d/datanode-0/data/ratis/632ea63f-7cf4-4be4-bfda-b6e563493923/sm/snapshot.1_13 time:22
2019-10-11 07:36:16,094 [def6d75b-2bd6-4a47-993f-f7560187f71d@group-B6E563493923-StateMachineUpdater] INFO  impl.StateMachineUpdater (StateMachineUpdater.java:takeSnapshot(269)) - def6d75b-2bd6-4a47-993f-f7560187f71d@group-B6E563493923-StateMachineUpdater: Took a snapshot at index 13
2019-10-11 07:36:16,094 [def6d75b-2bd6-4a47-993f-f7560187f71d@group-B6E563493923-StateMachineUpdater] INFO  impl.StateMachineUpdater (StateMachineUpdater.java:lambda$new$0(84)) - def6d75b-2bd6-4a47-993f-f7560187f71d@group-B6E563493923-StateMachineUpdater: snapshotIndex: updateIncreasingly 13 -> 13
2019-10-11 07:36:16,094 [ForkJoinPool.commonPool-worker-0] INFO  impl.RaftServerImpl (ServerState.java:close(387)) - def6d75b-2bd6-4a47-993f-f7560187f71d@group-B6E563493923: closes. applyIndex: 17
2019-10-11 07:36:16,095 [def6d75b-2bd6-4a47-993f-f7560187f71d@group-B6E563493923-SegmentedRaftLogWorker] INFO  segmented.SegmentedRaftLogWorker (SegmentedRaftLogWorker.java:run(316)) - def6d75b-2bd6-4a47-993f-f7560187f71d@group-B6E563493923-SegmentedRaftLogWorker was interrupted, exiting. There are 0 tasks remaining in the queue.
2019-10-11 07:36:16,096 [ForkJoinPool.commonPool-worker-0] INFO  segmented.SegmentedRaftLogWorker (SegmentedRaftLogWorker.java:close(224)) - def6d75b-2bd6-4a47-993f-f7560187f71d@group-B6E563493923-SegmentedRaftLogWorker close()
2019-10-11 07:36:16,100 [ForkJoinPool.commonPool-worker-0] INFO  impl.RaftServerImpl (RaftServerImpl.java:lambda$shutdown$3(247)) - def6d75b-2bd6-4a47-993f-f7560187f71d@group-43854C185A25: shutdown
2019-10-11 07:36:16,100 [ForkJoinPool.commonPool-worker-0] INFO  util.JmxRegister (JmxRegister.java:unregister(73)) - Successfully un-registered JMX Bean with object name Ratis:service=RaftServer,group=group-43854C185A25,id=def6d75b-2bd6-4a47-993f-f7560187f71d
2019-10-11 07:36:16,100 [ForkJoinPool.commonPool-worker-0] INFO  impl.RoleInfo (RoleInfo.java:shutdownLeaderState(104)) - def6d75b-2bd6-4a47-993f-f7560187f71d: shutdown LeaderState
2019-10-11 07:36:16,100 [ForkJoinPool.commonPool-worker-0] INFO  impl.PendingRequests (PendingRequests.java:sendNotLeaderResponses(202)) - def6d75b-2bd6-4a47-993f-f7560187f71d@group-43854C185A25-PendingRequests: sendNotLeaderResponses
2019-10-11 07:36:16,100 [ForkJoinPool.commonPool-worker-0] INFO  impl.StateMachineUpdater (StateMachineUpdater.java:stopAndJoin(136)) - def6d75b-2bd6-4a47-993f-f7560187f71d@group-43854C185A25-StateMachineUpdater: set stopIndex = 0
2019-10-11 07:36:16,101 [ForkJoinPool.commonPool-worker-0] INFO  impl.RaftServerImpl (ServerState.java:close(387)) - def6d75b-2bd6-4a47-993f-f7560187f71d@group-43854C185A25: closes. applyIndex: 0
2019-10-11 07:36:16,101 [def6d75b-2bd6-4a47-993f-f7560187f71d@group-43854C185A25-SegmentedRaftLogWorker] INFO  segmented.SegmentedRaftLogWorker (SegmentedRaftLogWorker.java:run(316)) - def6d75b-2bd6-4a47-993f-f7560187f71d@group-43854C185A25-SegmentedRaftLogWorker was interrupted, exiting. There are 0 tasks remaining in the queue.
2019-10-11 07:36:16,101 [ForkJoinPool.commonPool-worker-0] INFO  segmented.SegmentedRaftLogWorker (SegmentedRaftLogWorker.java:close(224)) - def6d75b-2bd6-4a47-993f-f7560187f71d@group-43854C185A25-SegmentedRaftLogWorker close()
2019-10-11 07:36:16,102 [ForkJoinPool.commonPool-worker-0] INFO  server.GrpcService (GrpcService.java:closeImpl(164)) - def6d75b-2bd6-4a47-993f-f7560187f71d: shutdown server with port 35462 now
2019-10-11 07:36:16,103 [main] INFO  handler.ContextHandler (ContextHandler.java:doStop(910)) - Stopped o.e.j.w.WebAppContext@751d7425{/,null,UNAVAILABLE}{/hddsDatanode}
2019-10-11 07:36:16,103 [ForkJoinPool.commonPool-worker-0] INFO  server.GrpcService (GrpcService.java:closeImpl(172)) - def6d75b-2bd6-4a47-993f-f7560187f71d: shutdown server with port 35462 successfully
2019-10-11 07:36:16,104 [main] INFO  server.AbstractConnector (AbstractConnector.java:doStop(318)) - Stopped ServerConnector@7eaa2bc6{HTTP/1.1,[http/1.1]}{0.0.0.0:0}
2019-10-11 07:36:16,104 [main] INFO  handler.ContextHandler (ContextHandler.java:doStop(910)) - Stopped o.e.j.s.ServletContextHandler@10ed037a{/static,jar:file:/home/user/.m2/repository/org/apache/hadoop/hadoop-hdds-container-service/0.5.0-SNAPSHOT/hadoop-hdds-container-service-0.5.0-SNAPSHOT.jar!/webapps/static,UNAVAILABLE}
2019-10-11 07:36:16,105 [main] INFO  handler.ContextHandler (ContextHandler.java:doStop(910)) - Stopped o.e.j.s.ServletContextHandler@3be3e76c{/logs,file:///workdir/hadoop-ozone/integration-test/target/log,UNAVAILABLE}
2019-10-11 07:36:16,109 [refreshUsed-/workdir/hadoop-ozone/integration-test/target/test-dir/MiniOzoneClusterImpl-b5204cf2-bad7-4711-9a54-58405b1ee90d/datanode-0/data/containers] WARN  fs.CachingGetSpaceUsed (CachingGetSpaceUsed.java:run(183)) - Thread Interrupted waiting to refresh disk information: sleep interrupted
2019-10-11 07:36:16,118 [ForkJoinPool.commonPool-worker-0] INFO  utils.BackgroundService (BackgroundService.java:shutdown(151)) - Shutting down service BlockDeletingService
2019-10-11 07:36:16,122 [ForkJoinPool.commonPool-worker-0] INFO  statemachine.DatanodeStateMachine (DatanodeStateMachine.java:stopDaemon(395)) - Ozone container server stopped.
2019-10-11 07:36:16,125 [ForkJoinPool.commonPool-worker-0] INFO  handler.ContextHandler (ContextHandler.java:doStop(910)) - Stopped o.e.j.w.WebAppContext@279126f5{/,null,UNAVAILABLE}{/hddsDatanode}
2019-10-11 07:36:16,126 [ForkJoinPool.commonPool-worker-0] INFO  server.AbstractConnector (AbstractConnector.java:doStop(318)) - Stopped ServerConnector@7781263c{HTTP/1.1,[http/1.1]}{0.0.0.0:0}
2019-10-11 07:36:16,129 [ForkJoinPool.commonPool-worker-0] INFO  handler.ContextHandler (ContextHandler.java:doStop(910)) - Stopped o.e.j.s.ServletContextHandler@48e41b5d{/static,jar:file:/home/user/.m2/repository/org/apache/hadoop/hadoop-hdds-container-service/0.5.0-SNAPSHOT/hadoop-hdds-container-service-0.5.0-SNAPSHOT.jar!/webapps/static,UNAVAILABLE}
2019-10-11 07:36:16,130 [ForkJoinPool.commonPool-worker-0] INFO  handler.ContextHandler (ContextHandler.java:doStop(910)) - Stopped o.e.j.s.ServletContextHandler@2484dbb7{/logs,file:///workdir/hadoop-ozone/integration-test/target/log,UNAVAILABLE}
2019-10-11 07:36:16,130 [main] INFO  ozone.MiniOzoneClusterImpl (MiniOzoneClusterImpl.java:stopSCM(392)) - Stopping the StorageContainerManager
2019-10-11 07:36:16,130 [main] INFO  server.StorageContainerManager (StorageContainerManager.java:stop(810)) - Stopping Replication Manager Service.
2019-10-11 07:36:16,131 [main] INFO  container.ReplicationManager (ReplicationManager.java:stop(203)) - Stopping Replication Monitor Thread.
2019-10-11 07:36:16,131 [main] INFO  server.StorageContainerManager (StorageContainerManager.java:stop(817)) - Stopping Lease Manager of the command watchers
2019-10-11 07:36:16,131 [main] INFO  server.StorageContainerManager (StorageContainerManager.java:stop(824)) - Stopping datanode service RPC server
2019-10-11 07:36:16,131 [main] INFO  server.SCMDatanodeProtocolServer (SCMDatanodeProtocolServer.java:stop(346)) - Stopping the RPC server for DataNodes
2019-10-11 07:36:16,131 [main] INFO  ipc.Server (Server.java:stop(3082)) - Stopping server on 37540
2019-10-11 07:36:16,134 [IPC Server listener on 37540] INFO  ipc.Server (Server.java:run(1185)) - Stopping IPC Server listener on 37540
2019-10-11 07:36:16,134 [IPC Server Responder] INFO  ipc.Server (Server.java:run(1319)) - Stopping IPC Server Responder
2019-10-11 07:36:16,148 [SCM Heartbeat Processing Thread - 0] WARN  node.NodeStateManager (NodeStateManager.java:scheduleNextHealthCheck(646)) - Current Thread is interrupted, shutting down HB processing thread for Node Manager.
2019-10-11 07:36:16,149 [main] INFO  server.StorageContainerManager (StorageContainerManager.java:stop(832)) - Stopping block service RPC server
2019-10-11 07:36:16,149 [main] INFO  server.SCMBlockProtocolServer (SCMBlockProtocolServer.java:stop(155)) - Stopping the RPC server for Block Protocol
2019-10-11 07:36:16,149 [main] INFO  ipc.Server (Server.java:stop(3082)) - Stopping server on 41911
2019-10-11 07:36:16,151 [IPC Server listener on 41911] INFO  ipc.Server (Server.java:run(1185)) - Stopping IPC Server listener on 41911
2019-10-11 07:36:16,151 [main] INFO  server.StorageContainerManager (StorageContainerManager.java:stop(839)) - Stopping the StorageContainerLocationProtocol RPC server
2019-10-11 07:36:16,151 [IPC Server Responder] INFO  ipc.Server (Server.java:run(1319)) - Stopping IPC Server Responder
2019-10-11 07:36:16,152 [main] INFO  server.SCMClientProtocolServer (SCMClientProtocolServer.java:stop(168)) - Stopping the RPC server for Client Protocol
2019-10-11 07:36:16,152 [main] INFO  ipc.Server (Server.java:stop(3082)) - Stopping server on 41178
2019-10-11 07:36:16,155 [main] INFO  server.StorageContainerManager (StorageContainerManager.java:stop(846)) - Stopping Storage Container Manager HTTP server.
2019-10-11 07:36:16,155 [IPC Server listener on 41178] INFO  ipc.Server (Server.java:run(1185)) - Stopping IPC Server listener on 41178
2019-10-11 07:36:16,155 [IPC Server Responder] INFO  ipc.Server (Server.java:run(1319)) - Stopping IPC Server Responder
2019-10-11 07:36:16,157 [main] INFO  handler.ContextHandler (ContextHandler.java:doStop(910)) - Stopped o.e.j.w.WebAppContext@23bd0c81{/,null,UNAVAILABLE}{/scm}
2019-10-11 07:36:16,157 [main] INFO  server.AbstractConnector (AbstractConnector.java:doStop(318)) - Stopped ServerConnector@1332dec4{HTTP/1.1,[http/1.1]}{0.0.0.0:0}
2019-10-11 07:36:16,157 [main] INFO  handler.ContextHandler (ContextHandler.java:doStop(910)) - Stopped o.e.j.s.ServletContextHandler@675b18ff{/static,file:///workdir/hadoop-ozone/integration-test/target/test-classes/webapps/static,UNAVAILABLE}
2019-10-11 07:36:16,158 [main] INFO  handler.ContextHandler (ContextHandler.java:doStop(910)) - Stopped o.e.j.s.ServletContextHandler@11e9ac24{/logs,file:///workdir/hadoop-ozone/integration-test/target/log,UNAVAILABLE}
2019-10-11 07:36:16,158 [main] INFO  server.StorageContainerManager (StorageContainerManager.java:stop(857)) - Stopping Block Manager Service.
2019-10-11 07:36:16,158 [main] INFO  utils.BackgroundService (BackgroundService.java:shutdown(151)) - Shutting down service SCMBlockDeletingService
2019-10-11 07:36:16,159 [main] INFO  utils.BackgroundService (BackgroundService.java:shutdown(151)) - Shutting down service SCMBlockDeletingService
2019-10-11 07:36:16,159 [main] INFO  server.StorageContainerManager (StorageContainerManager.java:stop(879)) - Stopping SCM Event Queue.
2019-10-11 07:36:16,164 [main] INFO  impl.MetricsSystemImpl (MetricsSystemImpl.java:stop(210)) - Stopping HddsDatanode metrics system...
2019-10-11 07:36:16,196 [main] INFO  impl.MetricsSystemImpl (MetricsSystemImpl.java:stop(216)) - HddsDatanode metrics system stopped.
]]></system-out>
  </testcase>
  <testcase name="testFailureWithPrimeSizedData" classname="org.apache.hadoop.ozone.client.rpc.TestBlockOutputStreamWithFailures" time="43.787"/>
  <testcase name="testWatchForCommitWithCloseContainerException" classname="org.apache.hadoop.ozone.client.rpc.TestBlockOutputStreamWithFailures" time="35.485"/>
  <testcase name="testExceptionDuringClose" classname="org.apache.hadoop.ozone.client.rpc.TestBlockOutputStreamWithFailures" time="36.29"/>
</testsuite>