<?xml version="1.0" encoding="UTF-8"?>
<testsuite xmlns:xsi="http://www.w3.org/2001/XMLSchema-instance" xsi:noNamespaceSchemaLocation="https://maven.apache.org/surefire/maven-surefire-plugin/xsd/surefire-test-report.xsd" name="org.apache.hadoop.ozone.client.rpc.TestWatchForCommit" time="474.028" tests="5" errors="1" skipped="0" failures="1">
  <properties>
    <property name="awt.toolkit" value="sun.awt.X11.XToolkit"/>
    <property name="file.encoding.pkg" value="sun.io"/>
    <property name="java.specification.version" value="1.8"/>
    <property name="sun.cpu.isalist" value=""/>
    <property name="sun.jnu.encoding" value="UTF-8"/>
    <property name="java.class.path" value="/workdir/hadoop-ozone/integration-test/target/test-classes:/workdir/hadoop-ozone/integration-test/target/classes:/home/user/.m2/repository/org/apache/hadoop/hadoop-ozone-common/0.5.0-SNAPSHOT/hadoop-ozone-common-0.5.0-SNAPSHOT.jar:/home/user/.m2/repository/org/apache/commons/commons-compress/1.4.1/commons-compress-1.4.1.jar:/home/user/.m2/repository/org/tukaani/xz/1.0/xz-1.0.jar:/home/user/.m2/repository/org/apache/hadoop/hadoop-common/3.2.0/hadoop-common-3.2.0.jar:/home/user/.m2/repository/org/apache/hadoop/hadoop-hdfs/3.2.0/hadoop-hdfs-3.2.0.jar:/home/user/.m2/repository/org/apache/hadoop/hadoop-hdfs-client/3.2.0/hadoop-hdfs-client-3.2.0.jar:/home/user/.m2/repository/com/fasterxml/jackson/core/jackson-annotations/2.9.9/jackson-annotations-2.9.9.jar:/home/user/.m2/repository/org/apache/hadoop/hadoop-hdds-common/0.5.0-SNAPSHOT/hadoop-hdds-common-0.5.0-SNAPSHOT.jar:/home/user/.m2/repository/javax/annotation/javax.annotation-api/1.2/javax.annotation-api-1.2.jar:/home/user/.m2/repository/org/apache/ratis/ratis-server/0.5.0-201fc85-SNAPSHOT/ratis-server-0.5.0-201fc85-SNAPSHOT.jar:/home/user/.m2/repository/org/apache/ratis/ratis-thirdparty-misc/0.2.0/ratis-thirdparty-misc-0.2.0.jar:/home/user/.m2/repository/org/apache/ratis/ratis-proto/0.5.0-201fc85-SNAPSHOT/ratis-proto-0.5.0-201fc85-SNAPSHOT.jar:/home/user/.m2/repository/org/apache/ratis/ratis-common/0.5.0-201fc85-SNAPSHOT/ratis-common-0.5.0-201fc85-SNAPSHOT.jar:/home/user/.m2/repository/org/apache/ratis/ratis-client/0.5.0-201fc85-SNAPSHOT/ratis-client-0.5.0-201fc85-SNAPSHOT.jar:/home/user/.m2/repository/org/apache/ratis/ratis-metrics/0.5.0-201fc85-SNAPSHOT/ratis-metrics-0.5.0-201fc85-SNAPSHOT.jar:/home/user/.m2/repository/com/github/joshelser/dropwizard-metrics-hadoop-metrics2-reporter/0.1.2/dropwizard-metrics-hadoop-metrics2-reporter-0.1.2.jar:/home/user/.m2/repository/io/dropwizard/metrics/metrics-jvm/3.2.5/metrics-jvm-3.2.5.jar:/home/user/.m2/repository/io/dropwizard/metrics/metrics-ganglia/3.2.5/metrics-ganglia-3.2.5.jar:/home/user/.m2/repository/info/ganglia/gmetric4j/gmetric4j/1.0.7/gmetric4j-1.0.7.jar:/home/user/.m2/repository/org/apache/ratis/ratis-netty/0.5.0-201fc85-SNAPSHOT/ratis-netty-0.5.0-201fc85-SNAPSHOT.jar:/home/user/.m2/repository/org/apache/ratis/ratis-grpc/0.5.0-201fc85-SNAPSHOT/ratis-grpc-0.5.0-201fc85-SNAPSHOT.jar:/home/user/.m2/repository/org/rocksdb/rocksdbjni/6.0.1/rocksdbjni-6.0.1.jar:/home/user/.m2/repository/org/apache/logging/log4j/log4j-api/2.11.0/log4j-api-2.11.0.jar:/home/user/.m2/repository/org/apache/logging/log4j/log4j-core/2.11.0/log4j-core-2.11.0.jar:/home/user/.m2/repository/com/lmax/disruptor/3.4.2/disruptor-3.4.2.jar:/home/user/.m2/repository/org/apache/commons/commons-pool2/2.6.0/commons-pool2-2.6.0.jar:/home/user/.m2/repository/org/bouncycastle/bcpkix-jdk15on/1.60/bcpkix-jdk15on-1.60.jar:/home/user/.m2/repository/commons-validator/commons-validator/1.6/commons-validator-1.6.jar:/home/user/.m2/repository/commons-digester/commons-digester/1.8.1/commons-digester-1.8.1.jar:/home/user/.m2/repository/io/jaegertracing/jaeger-client/0.34.0/jaeger-client-0.34.0.jar:/home/user/.m2/repository/io/jaegertracing/jaeger-thrift/0.34.0/jaeger-thrift-0.34.0.jar:/home/user/.m2/repository/org/apache/thrift/libthrift/0.12.0/libthrift-0.12.0.jar:/home/user/.m2/repository/com/squareup/okhttp3/okhttp/3.9.0/okhttp-3.9.0.jar:/home/user/.m2/repository/com/squareup/okio/okio/1.13.0/okio-1.13.0.jar:/home/user/.m2/repository/io/jaegertracing/jaeger-core/0.34.0/jaeger-core-0.34.0.jar:/home/user/.m2/repository/io/jaegertracing/jaeger-tracerresolver/0.34.0/jaeger-tracerresolver-0.34.0.jar:/home/user/.m2/repository/io/opentracing/contrib/opentracing-tracerresolver/0.1.5/opentracing-tracerresolver-0.1.5.jar:/home/user/.m2/repository/io/opentracing/opentracing-util/0.31.0/opentracing-util-0.31.0.jar:/home/user/.m2/repository/io/opentracing/opentracing-api/0.31.0/opentracing-api-0.31.0.jar:/home/user/.m2/repository/io/opentracing/opentracing-noop/0.31.0/opentracing-noop-0.31.0.jar:/home/user/.m2/repository/org/apache/hadoop/hadoop-hdds-server-framework/0.5.0-SNAPSHOT/hadoop-hdds-server-framework-0.5.0-SNAPSHOT.jar:/home/user/.m2/repository/org/apache/hadoop/hadoop-hdds-container-service/0.5.0-SNAPSHOT/hadoop-hdds-container-service-0.5.0-SNAPSHOT.jar:/home/user/.m2/repository/org/apache/hadoop/hadoop-hdds-client/0.5.0-SNAPSHOT/hadoop-hdds-client-0.5.0-SNAPSHOT.jar:/home/user/.m2/repository/org/apache/hadoop/hadoop-hdds-tools/0.5.0-SNAPSHOT/hadoop-hdds-tools-0.5.0-SNAPSHOT.jar:/home/user/.m2/repository/org/apache/hadoop/hadoop-hdds-server-scm/0.5.0-SNAPSHOT/hadoop-hdds-server-scm-0.5.0-SNAPSHOT.jar:/home/user/.m2/repository/org/apache/hadoop/hadoop-hdds-docs/0.5.0-SNAPSHOT/hadoop-hdds-docs-0.5.0-SNAPSHOT.jar:/home/user/.m2/repository/io/dropwizard/metrics/metrics-core/3.2.4/metrics-core-3.2.4.jar:/home/user/.m2/repository/org/hamcrest/hamcrest-all/1.3/hamcrest-all-1.3.jar:/home/user/.m2/repository/org/bouncycastle/bcprov-jdk15on/1.60/bcprov-jdk15on-1.60.jar:/home/user/.m2/repository/info/picocli/picocli/3.9.6/picocli-3.9.6.jar:/home/user/.m2/repository/com/google/protobuf/protobuf-java/2.5.0/protobuf-java-2.5.0.jar:/home/user/.m2/repository/com/google/guava/guava/11.0.2/guava-11.0.2.jar:/home/user/.m2/repository/org/apache/hadoop/hadoop-ozone-ozone-manager/0.5.0-SNAPSHOT/hadoop-ozone-ozone-manager-0.5.0-SNAPSHOT.jar:/home/user/.m2/repository/org/apache/hadoop/hadoop-minikdc/3.2.0/hadoop-minikdc-3.2.0.jar:/home/user/.m2/repository/commons-io/commons-io/2.5/commons-io-2.5.jar:/home/user/.m2/repository/org/apache/kerby/kerb-simplekdc/1.0.1/kerb-simplekdc-1.0.1.jar:/home/user/.m2/repository/org/apache/kerby/kerb-client/1.0.1/kerb-client-1.0.1.jar:/home/user/.m2/repository/org/apache/kerby/kerby-config/1.0.1/kerby-config-1.0.1.jar:/home/user/.m2/repository/org/apache/kerby/kerb-core/1.0.1/kerb-core-1.0.1.jar:/home/user/.m2/repository/org/apache/kerby/kerby-pkix/1.0.1/kerby-pkix-1.0.1.jar:/home/user/.m2/repository/org/apache/kerby/kerby-asn1/1.0.1/kerby-asn1-1.0.1.jar:/home/user/.m2/repository/org/apache/kerby/kerby-util/1.0.1/kerby-util-1.0.1.jar:/home/user/.m2/repository/org/apache/kerby/kerb-common/1.0.1/kerb-common-1.0.1.jar:/home/user/.m2/repository/org/apache/kerby/kerb-crypto/1.0.1/kerb-crypto-1.0.1.jar:/home/user/.m2/repository/org/apache/kerby/kerb-util/1.0.1/kerb-util-1.0.1.jar:/home/user/.m2/repository/org/apache/kerby/token-provider/1.0.1/token-provider-1.0.1.jar:/home/user/.m2/repository/org/apache/kerby/kerb-admin/1.0.1/kerb-admin-1.0.1.jar:/home/user/.m2/repository/org/apache/kerby/kerb-server/1.0.1/kerb-server-1.0.1.jar:/home/user/.m2/repository/org/apache/kerby/kerb-identity/1.0.1/kerb-identity-1.0.1.jar:/home/user/.m2/repository/org/apache/kerby/kerby-xdr/1.0.1/kerby-xdr-1.0.1.jar:/home/user/.m2/repository/org/slf4j/slf4j-log4j12/1.7.25/slf4j-log4j12-1.7.25.jar:/home/user/.m2/repository/org/apache/hadoop/hadoop-ozone-s3gateway/0.5.0-SNAPSHOT/hadoop-ozone-s3gateway-0.5.0-SNAPSHOT.jar:/home/user/.m2/repository/org/jboss/weld/servlet/weld-servlet/2.4.7.Final/weld-servlet-2.4.7.Final.jar:/home/user/.m2/repository/org/glassfish/jersey/containers/jersey-container-servlet-core/2.27/jersey-container-servlet-core-2.27.jar:/home/user/.m2/repository/org/glassfish/hk2/external/javax.inject/2.5.0-b42/javax.inject-2.5.0-b42.jar:/home/user/.m2/repository/org/glassfish/jersey/core/jersey-common/2.27/jersey-common-2.27.jar:/home/user/.m2/repository/org/glassfish/hk2/osgi-resource-locator/1.0.1/osgi-resource-locator-1.0.1.jar:/home/user/.m2/repository/javax/ws/rs/javax.ws.rs-api/2.1/javax.ws.rs-api-2.1.jar:/home/user/.m2/repository/org/glassfish/jersey/ext/cdi/jersey-cdi1x/2.27/jersey-cdi1x-2.27.jar:/home/user/.m2/repository/org/glassfish/jersey/inject/jersey-hk2/2.27/jersey-hk2-2.27.jar:/home/user/.m2/repository/org/glassfish/hk2/hk2-locator/2.5.0-b42/hk2-locator-2.5.0-b42.jar:/home/user/.m2/repository/org/javassist/javassist/3.22.0-CR2/javassist-3.22.0-CR2.jar:/home/user/.m2/repository/org/glassfish/hk2/hk2-api/2.5.0/hk2-api-2.5.0.jar:/home/user/.m2/repository/org/glassfish/hk2/external/jakarta.inject/2.5.0/jakarta.inject-2.5.0.jar:/home/user/.m2/repository/org/glassfish/hk2/hk2-utils/2.5.0/hk2-utils-2.5.0.jar:/home/user/.m2/repository/jakarta/annotation/jakarta.annotation-api/1.3.4/jakarta.annotation-api-1.3.4.jar:/home/user/.m2/repository/org/glassfish/hk2/external/aopalliance-repackaged/2.5.0/aopalliance-repackaged-2.5.0.jar:/home/user/.m2/repository/com/fasterxml/jackson/dataformat/jackson-dataformat-xml/2.9.0/jackson-dataformat-xml-2.9.0.jar:/home/user/.m2/repository/com/fasterxml/jackson/core/jackson-core/2.9.9/jackson-core-2.9.9.jar:/home/user/.m2/repository/com/fasterxml/jackson/module/jackson-module-jaxb-annotations/2.9.9/jackson-module-jaxb-annotations-2.9.9.jar:/home/user/.m2/repository/javax/enterprise/cdi-api/1.2/cdi-api-1.2.jar:/home/user/.m2/repository/javax/el/javax.el-api/3.0.0/javax.el-api-3.0.0.jar:/home/user/.m2/repository/javax/interceptor/javax.interceptor-api/1.2/javax.interceptor-api-1.2.jar:/home/user/.m2/repository/javax/inject/javax.inject/1/javax.inject-1.jar:/home/user/.m2/repository/com/sun/xml/bind/jaxb-impl/2.3.0.1/jaxb-impl-2.3.0.1.jar:/home/user/.m2/repository/com/sun/xml/bind/jaxb-core/2.3.0.1/jaxb-core-2.3.0.1.jar:/home/user/.m2/repository/javax/xml/bind/jaxb-api/2.3.0/jaxb-api-2.3.0.jar:/home/user/.m2/repository/javax/activation/activation/1.1.1/activation-1.1.1.jar:/home/user/.m2/repository/org/apache/hadoop/hadoop-ozone-csi/0.5.0-SNAPSHOT/hadoop-ozone-csi-0.5.0-SNAPSHOT.jar:/home/user/.m2/repository/com/google/protobuf/protobuf-java-util/3.5.1/protobuf-java-util-3.5.1.jar:/home/user/.m2/repository/org/apache/hadoop/hadoop-hdds-config/0.5.0-SNAPSHOT/hadoop-hdds-config-0.5.0-SNAPSHOT.jar:/home/user/.m2/repository/io/grpc/grpc-netty/1.17.1/grpc-netty-1.17.1.jar:/home/user/.m2/repository/io/grpc/grpc-core/1.17.1/grpc-core-1.17.1.jar:/home/user/.m2/repository/io/grpc/grpc-context/1.17.1/grpc-context-1.17.1.jar:/home/user/.m2/repository/com/google/errorprone/error_prone_annotations/2.2.0/error_prone_annotations-2.2.0.jar:/home/user/.m2/repository/org/codehaus/mojo/animal-sniffer-annotations/1.17/animal-sniffer-annotations-1.17.jar:/home/user/.m2/repository/io/opencensus/opencensus-api/0.17.0/opencensus-api-0.17.0.jar:/home/user/.m2/repository/io/opencensus/opencensus-contrib-grpc-metrics/0.17.0/opencensus-contrib-grpc-metrics-0.17.0.jar:/home/user/.m2/repository/io/netty/netty-codec-http2/4.1.30.Final/netty-codec-http2-4.1.30.Final.jar:/home/user/.m2/repository/io/netty/netty-codec-http/4.1.30.Final/netty-codec-http-4.1.30.Final.jar:/home/user/.m2/repository/io/netty/netty-codec/4.1.30.Final/netty-codec-4.1.30.Final.jar:/home/user/.m2/repository/io/netty/netty-handler/4.1.30.Final/netty-handler-4.1.30.Final.jar:/home/user/.m2/repository/io/netty/netty-handler-proxy/4.1.30.Final/netty-handler-proxy-4.1.30.Final.jar:/home/user/.m2/repository/io/netty/netty-codec-socks/4.1.30.Final/netty-codec-socks-4.1.30.Final.jar:/home/user/.m2/repository/io/netty/netty-transport-native-epoll/4.1.30.Final/netty-transport-native-epoll-4.1.30.Final.jar:/home/user/.m2/repository/io/netty/netty-common/4.1.30.Final/netty-common-4.1.30.Final.jar:/home/user/.m2/repository/io/netty/netty-buffer/4.1.30.Final/netty-buffer-4.1.30.Final.jar:/home/user/.m2/repository/io/netty/netty-transport/4.1.30.Final/netty-transport-4.1.30.Final.jar:/home/user/.m2/repository/io/netty/netty-resolver/4.1.30.Final/netty-resolver-4.1.30.Final.jar:/home/user/.m2/repository/io/netty/netty-transport-native-unix-common/4.1.30.Final/netty-transport-native-unix-common-4.1.30.Final.jar:/home/user/.m2/repository/io/grpc/grpc-protobuf/1.17.1/grpc-protobuf-1.17.1.jar:/home/user/.m2/repository/com/google/api/grpc/proto-google-common-protos/1.0.0/proto-google-common-protos-1.0.0.jar:/home/user/.m2/repository/io/grpc/grpc-protobuf-lite/1.17.1/grpc-protobuf-lite-1.17.1.jar:/home/user/.m2/repository/io/grpc/grpc-stub/1.17.1/grpc-stub-1.17.1.jar:/home/user/.m2/repository/org/apache/hadoop/hadoop-ozone-recon/0.5.0-SNAPSHOT/hadoop-ozone-recon-0.5.0-SNAPSHOT.jar:/home/user/.m2/repository/org/apache/hadoop/hadoop-ozone-reconcodegen/0.5.0-SNAPSHOT/hadoop-ozone-reconcodegen-0.5.0-SNAPSHOT.jar:/home/user/.m2/repository/com/google/inject/extensions/guice-multibindings/4.0/guice-multibindings-4.0.jar:/home/user/.m2/repository/com/google/inject/guice/4.0/guice-4.0.jar:/home/user/.m2/repository/aopalliance/aopalliance/1.0/aopalliance-1.0.jar:/home/user/.m2/repository/com/google/inject/extensions/guice-servlet/4.0/guice-servlet-4.0.jar:/home/user/.m2/repository/org/glassfish/jersey/containers/jersey-container-servlet/2.27/jersey-container-servlet-2.27.jar:/home/user/.m2/repository/org/glassfish/hk2/guice-bridge/2.5.0/guice-bridge-2.5.0.jar:/home/user/.m2/repository/org/glassfish/jersey/core/jersey-server/2.27/jersey-server-2.27.jar:/home/user/.m2/repository/org/glassfish/jersey/core/jersey-client/2.27/jersey-client-2.27.jar:/home/user/.m2/repository/org/glassfish/jersey/media/jersey-media-jaxb/2.27/jersey-media-jaxb-2.27.jar:/home/user/.m2/repository/javax/validation/validation-api/1.1.0.Final/validation-api-1.1.0.Final.jar:/home/user/.m2/repository/org/glassfish/jersey/media/jersey-media-json-jackson/2.27/jersey-media-json-jackson-2.27.jar:/home/user/.m2/repository/org/glassfish/jersey/ext/jersey-entity-filtering/2.27/jersey-entity-filtering-2.27.jar:/home/user/.m2/repository/com/google/inject/extensions/guice-assistedinject/4.0/guice-assistedinject-4.0.jar:/home/user/.m2/repository/org/jooq/jooq/3.11.10/jooq-3.11.10.jar:/home/user/.m2/repository/org/jooq/jooq-meta/3.11.10/jooq-meta-3.11.10.jar:/home/user/.m2/repository/org/jooq/jooq-codegen/3.11.10/jooq-codegen-3.11.10.jar:/home/user/.m2/repository/com/jolbox/bonecp/0.8.0.RELEASE/bonecp-0.8.0.RELEASE.jar:/home/user/.m2/repository/org/xerial/sqlite-jdbc/3.25.2/sqlite-jdbc-3.25.2.jar:/home/user/.m2/repository/org/springframework/spring-jdbc/5.1.3.RELEASE/spring-jdbc-5.1.3.RELEASE.jar:/home/user/.m2/repository/org/springframework/spring-beans/5.1.3.RELEASE/spring-beans-5.1.3.RELEASE.jar:/home/user/.m2/repository/org/springframework/spring-core/5.1.3.RELEASE/spring-core-5.1.3.RELEASE.jar:/home/user/.m2/repository/org/springframework/spring-jcl/5.1.3.RELEASE/spring-jcl-5.1.3.RELEASE.jar:/home/user/.m2/repository/org/springframework/spring-tx/5.1.3.RELEASE/spring-tx-5.1.3.RELEASE.jar:/home/user/.m2/repository/org/apache/hadoop/hadoop-ozone-client/0.5.0-SNAPSHOT/hadoop-ozone-client-0.5.0-SNAPSHOT.jar:/home/user/.m2/repository/commons-lang/commons-lang/2.6/commons-lang-2.6.jar:/home/user/.m2/repository/org/apache/hadoop/hadoop-ozone-ozone-manager/0.5.0-SNAPSHOT/hadoop-ozone-ozone-manager-0.5.0-SNAPSHOT-tests.jar:/home/user/.m2/repository/junit/junit/4.11/junit-4.11.jar:/home/user/.m2/repository/org/hamcrest/hamcrest-core/1.3/hamcrest-core-1.3.jar:/home/user/.m2/repository/org/openjdk/jmh/jmh-core/1.19/jmh-core-1.19.jar:/home/user/.m2/repository/net/sf/jopt-simple/jopt-simple/4.6/jopt-simple-4.6.jar:/home/user/.m2/repository/org/apache/commons/commons-math3/3.1.1/commons-math3-3.1.1.jar:/home/user/.m2/repository/org/openjdk/jmh/jmh-generator-annprocess/1.19/jmh-generator-annprocess-1.19.jar:/home/user/.m2/repository/org/mockito/mockito-all/1.8.5/mockito-all-1.8.5.jar:/home/user/.m2/repository/org/apache/hadoop/hadoop-kms/3.2.0/hadoop-kms-3.2.0.jar:/home/user/.m2/repository/org/apache/hadoop/hadoop-auth/3.2.0/hadoop-auth-3.2.0.jar:/home/user/.m2/repository/com/nimbusds/nimbus-jose-jwt/4.41.1/nimbus-jose-jwt-4.41.1.jar:/home/user/.m2/repository/com/github/stephenc/jcip/jcip-annotations/1.0-1/jcip-annotations-1.0-1.jar:/home/user/.m2/repository/net/minidev/json-smart/2.3/json-smart-2.3.jar:/home/user/.m2/repository/net/minidev/accessors-smart/1.2/accessors-smart-1.2.jar:/home/user/.m2/repository/org/ow2/asm/asm/5.0.4/asm-5.0.4.jar:/home/user/.m2/repository/org/apache/curator/curator-framework/2.12.0/curator-framework-2.12.0.jar:/home/user/.m2/repository/com/sun/jersey/jersey-core/1.19/jersey-core-1.19.jar:/home/user/.m2/repository/javax/ws/rs/jsr311-api/1.1.1/jsr311-api-1.1.1.jar:/home/user/.m2/repository/com/sun/jersey/jersey-server/1.19/jersey-server-1.19.jar:/home/user/.m2/repository/javax/servlet/javax.servlet-api/3.1.0/javax.servlet-api-3.1.0.jar:/home/user/.m2/repository/org/eclipse/jetty/jetty-server/9.3.25.v20180904/jetty-server-9.3.25.v20180904.jar:/home/user/.m2/repository/org/eclipse/jetty/jetty-http/9.3.25.v20180904/jetty-http-9.3.25.v20180904.jar:/home/user/.m2/repository/org/eclipse/jetty/jetty-io/9.3.25.v20180904/jetty-io-9.3.25.v20180904.jar:/home/user/.m2/repository/org/eclipse/jetty/jetty-webapp/9.3.25.v20180904/jetty-webapp-9.3.25.v20180904.jar:/home/user/.m2/repository/org/eclipse/jetty/jetty-xml/9.3.25.v20180904/jetty-xml-9.3.25.v20180904.jar:/home/user/.m2/repository/log4j/log4j/1.2.17/log4j-1.2.17.jar:/home/user/.m2/repository/org/slf4j/slf4j-api/1.7.25/slf4j-api-1.7.25.jar:/home/user/.m2/repository/org/slf4j/jul-to-slf4j/1.7.25/jul-to-slf4j-1.7.25.jar:/home/user/.m2/repository/org/eclipse/jetty/jetty-util/9.3.25.v20180904/jetty-util-9.3.25.v20180904.jar:/home/user/.m2/repository/com/fasterxml/jackson/core/jackson-databind/2.9.9/jackson-databind-2.9.9.jar:/home/user/.m2/repository/org/apache/hadoop/hadoop-kms/3.2.0/hadoop-kms-3.2.0-tests.jar:/home/user/.m2/repository/org/apache/hadoop/hadoop-hdds-server-scm/0.5.0-SNAPSHOT/hadoop-hdds-server-scm-0.5.0-SNAPSHOT-tests.jar:/home/user/.m2/repository/org/apache/hadoop/hadoop-hdds-container-service/0.5.0-SNAPSHOT/hadoop-hdds-container-service-0.5.0-SNAPSHOT-tests.jar:/home/user/.m2/repository/org/yaml/snakeyaml/1.16/snakeyaml-1.16.jar:/home/user/.m2/repository/org/apache/hadoop/hadoop-common/3.2.0/hadoop-common-3.2.0-tests.jar:/home/user/.m2/repository/org/apache/hadoop/hadoop-annotations/3.2.0/hadoop-annotations-3.2.0.jar:/usr/lib/jvm/java-1.8-openjdk/jre/../lib/tools.jar:/home/user/.m2/repository/commons-cli/commons-cli/1.2/commons-cli-1.2.jar:/home/user/.m2/repository/org/apache/httpcomponents/httpclient/4.5.2/httpclient-4.5.2.jar:/home/user/.m2/repository/org/apache/httpcomponents/httpcore/4.4.4/httpcore-4.4.4.jar:/home/user/.m2/repository/commons-codec/commons-codec/1.11/commons-codec-1.11.jar:/home/user/.m2/repository/commons-net/commons-net/3.6/commons-net-3.6.jar:/home/user/.m2/repository/commons-collections/commons-collections/3.2.2/commons-collections-3.2.2.jar:/home/user/.m2/repository/org/eclipse/jetty/jetty-servlet/9.3.25.v20180904/jetty-servlet-9.3.25.v20180904.jar:/home/user/.m2/repository/org/eclipse/jetty/jetty-security/9.3.25.v20180904/jetty-security-9.3.25.v20180904.jar:/home/user/.m2/repository/javax/servlet/jsp/jsp-api/2.1/jsp-api-2.1.jar:/home/user/.m2/repository/com/sun/jersey/jersey-servlet/1.19/jersey-servlet-1.19.jar:/home/user/.m2/repository/com/sun/jersey/jersey-json/1.19/jersey-json-1.19.jar:/home/user/.m2/repository/org/codehaus/jettison/jettison/1.1/jettison-1.1.jar:/home/user/.m2/repository/org/codehaus/jackson/jackson-core-asl/1.9.13/jackson-core-asl-1.9.13.jar:/home/user/.m2/repository/org/codehaus/jackson/jackson-mapper-asl/1.9.13/jackson-mapper-asl-1.9.13.jar:/home/user/.m2/repository/org/codehaus/jackson/jackson-jaxrs/1.9.13/jackson-jaxrs-1.9.13.jar:/home/user/.m2/repository/org/codehaus/jackson/jackson-xc/1.9.13/jackson-xc-1.9.13.jar:/home/user/.m2/repository/commons-logging/commons-logging/1.1.3/commons-logging-1.1.3.jar:/home/user/.m2/repository/commons-beanutils/commons-beanutils/1.9.4/commons-beanutils-1.9.4.jar:/home/user/.m2/repository/org/apache/commons/commons-configuration2/2.1.1/commons-configuration2-2.1.1.jar:/home/user/.m2/repository/org/apache/commons/commons-lang3/3.7/commons-lang3-3.7.jar:/home/user/.m2/repository/org/apache/commons/commons-text/1.4/commons-text-1.4.jar:/home/user/.m2/repository/org/apache/avro/avro/1.7.7/avro-1.7.7.jar:/home/user/.m2/repository/com/thoughtworks/paranamer/paranamer/2.3/paranamer-2.3.jar:/home/user/.m2/repository/org/xerial/snappy/snappy-java/1.0.5/snappy-java-1.0.5.jar:/home/user/.m2/repository/com/google/re2j/re2j/1.1/re2j-1.1.jar:/home/user/.m2/repository/com/google/code/gson/gson/2.2.4/gson-2.2.4.jar:/home/user/.m2/repository/com/jcraft/jsch/0.1.54/jsch-0.1.54.jar:/home/user/.m2/repository/org/apache/curator/curator-client/2.12.0/curator-client-2.12.0.jar:/home/user/.m2/repository/org/apache/curator/curator-recipes/2.12.0/curator-recipes-2.12.0.jar:/home/user/.m2/repository/com/google/code/findbugs/jsr305/3.0.0/jsr305-3.0.0.jar:/home/user/.m2/repository/org/apache/htrace/htrace-core4/4.1.0-incubating/htrace-core4-4.1.0-incubating.jar:/home/user/.m2/repository/org/apache/zookeeper/zookeeper/3.4.13/zookeeper-3.4.13.jar:/home/user/.m2/repository/jline/jline/0.9.94/jline-0.9.94.jar:/home/user/.m2/repository/org/apache/yetus/audience-annotations/0.5.0/audience-annotations-0.5.0.jar:/home/user/.m2/repository/org/codehaus/woodstox/stax2-api/3.1.4/stax2-api-3.1.4.jar:/home/user/.m2/repository/com/fasterxml/woodstox/woodstox-core/5.0.3/woodstox-core-5.0.3.jar:/home/user/.m2/repository/dnsjava/dnsjava/2.1.7/dnsjava-2.1.7.jar:/home/user/.m2/repository/org/apache/hadoop/hadoop-hdfs/3.2.0/hadoop-hdfs-3.2.0-tests.jar:/home/user/.m2/repository/org/eclipse/jetty/jetty-util-ajax/9.3.25.v20180904/jetty-util-ajax-9.3.25.v20180904.jar:/home/user/.m2/repository/commons-daemon/commons-daemon/1.0.13/commons-daemon-1.0.13.jar:/home/user/.m2/repository/io/netty/netty/3.10.5.Final/netty-3.10.5.Final.jar:/home/user/.m2/repository/io/netty/netty-all/4.0.52.Final/netty-all-4.0.52.Final.jar:/home/user/.m2/repository/org/fusesource/leveldbjni/leveldbjni-all/1.8/leveldbjni-all-1.8.jar:"/>
    <property name="java.vm.vendor" value="IcedTea"/>
    <property name="sun.arch.data.model" value="64"/>
    <property name="test.build.dir" value="/workdir/hadoop-ozone/integration-test/target/test-dir"/>
    <property name="test.cache.data" value=""/>
    <property name="java.vendor.url" value="https://icedtea.classpath.org"/>
    <property name="user.timezone" value=""/>
    <property name="java.vm.specification.version" value="1.8"/>
    <property name="os.name" value="Linux"/>
    <property name="test.build.data" value="/workdir/hadoop-ozone/integration-test/target/test-dir"/>
    <property name="user.country" value="US"/>
    <property name="sun.java.launcher" value="SUN_STANDARD"/>
    <property name="sun.boot.library.path" value="/usr/lib/jvm/java-1.8-openjdk/jre/lib/amd64"/>
    <property name="sun.java.command" value="/workdir/hadoop-ozone/integration-test/target/surefire/surefirebooter4869176632562834991.jar /workdir/hadoop-ozone/integration-test/target/surefire 2019-10-11T05-59-33_266-jvmRun1 surefire8276907661250236283tmp surefire_55227870281900712696tmp"/>
    <property name="test" value="!TestMiniChaosOzoneCluster"/>
    <property name="surefire.test.class.path" value="/workdir/hadoop-ozone/integration-test/target/test-classes:/workdir/hadoop-ozone/integration-test/target/classes:/home/user/.m2/repository/org/apache/hadoop/hadoop-ozone-common/0.5.0-SNAPSHOT/hadoop-ozone-common-0.5.0-SNAPSHOT.jar:/home/user/.m2/repository/org/apache/commons/commons-compress/1.4.1/commons-compress-1.4.1.jar:/home/user/.m2/repository/org/tukaani/xz/1.0/xz-1.0.jar:/home/user/.m2/repository/org/apache/hadoop/hadoop-common/3.2.0/hadoop-common-3.2.0.jar:/home/user/.m2/repository/org/apache/hadoop/hadoop-hdfs/3.2.0/hadoop-hdfs-3.2.0.jar:/home/user/.m2/repository/org/apache/hadoop/hadoop-hdfs-client/3.2.0/hadoop-hdfs-client-3.2.0.jar:/home/user/.m2/repository/com/fasterxml/jackson/core/jackson-annotations/2.9.9/jackson-annotations-2.9.9.jar:/home/user/.m2/repository/org/apache/hadoop/hadoop-hdds-common/0.5.0-SNAPSHOT/hadoop-hdds-common-0.5.0-SNAPSHOT.jar:/home/user/.m2/repository/javax/annotation/javax.annotation-api/1.2/javax.annotation-api-1.2.jar:/home/user/.m2/repository/org/apache/ratis/ratis-server/0.5.0-201fc85-SNAPSHOT/ratis-server-0.5.0-201fc85-SNAPSHOT.jar:/home/user/.m2/repository/org/apache/ratis/ratis-thirdparty-misc/0.2.0/ratis-thirdparty-misc-0.2.0.jar:/home/user/.m2/repository/org/apache/ratis/ratis-proto/0.5.0-201fc85-SNAPSHOT/ratis-proto-0.5.0-201fc85-SNAPSHOT.jar:/home/user/.m2/repository/org/apache/ratis/ratis-common/0.5.0-201fc85-SNAPSHOT/ratis-common-0.5.0-201fc85-SNAPSHOT.jar:/home/user/.m2/repository/org/apache/ratis/ratis-client/0.5.0-201fc85-SNAPSHOT/ratis-client-0.5.0-201fc85-SNAPSHOT.jar:/home/user/.m2/repository/org/apache/ratis/ratis-metrics/0.5.0-201fc85-SNAPSHOT/ratis-metrics-0.5.0-201fc85-SNAPSHOT.jar:/home/user/.m2/repository/com/github/joshelser/dropwizard-metrics-hadoop-metrics2-reporter/0.1.2/dropwizard-metrics-hadoop-metrics2-reporter-0.1.2.jar:/home/user/.m2/repository/io/dropwizard/metrics/metrics-jvm/3.2.5/metrics-jvm-3.2.5.jar:/home/user/.m2/repository/io/dropwizard/metrics/metrics-ganglia/3.2.5/metrics-ganglia-3.2.5.jar:/home/user/.m2/repository/info/ganglia/gmetric4j/gmetric4j/1.0.7/gmetric4j-1.0.7.jar:/home/user/.m2/repository/org/apache/ratis/ratis-netty/0.5.0-201fc85-SNAPSHOT/ratis-netty-0.5.0-201fc85-SNAPSHOT.jar:/home/user/.m2/repository/org/apache/ratis/ratis-grpc/0.5.0-201fc85-SNAPSHOT/ratis-grpc-0.5.0-201fc85-SNAPSHOT.jar:/home/user/.m2/repository/org/rocksdb/rocksdbjni/6.0.1/rocksdbjni-6.0.1.jar:/home/user/.m2/repository/org/apache/logging/log4j/log4j-api/2.11.0/log4j-api-2.11.0.jar:/home/user/.m2/repository/org/apache/logging/log4j/log4j-core/2.11.0/log4j-core-2.11.0.jar:/home/user/.m2/repository/com/lmax/disruptor/3.4.2/disruptor-3.4.2.jar:/home/user/.m2/repository/org/apache/commons/commons-pool2/2.6.0/commons-pool2-2.6.0.jar:/home/user/.m2/repository/org/bouncycastle/bcpkix-jdk15on/1.60/bcpkix-jdk15on-1.60.jar:/home/user/.m2/repository/commons-validator/commons-validator/1.6/commons-validator-1.6.jar:/home/user/.m2/repository/commons-digester/commons-digester/1.8.1/commons-digester-1.8.1.jar:/home/user/.m2/repository/io/jaegertracing/jaeger-client/0.34.0/jaeger-client-0.34.0.jar:/home/user/.m2/repository/io/jaegertracing/jaeger-thrift/0.34.0/jaeger-thrift-0.34.0.jar:/home/user/.m2/repository/org/apache/thrift/libthrift/0.12.0/libthrift-0.12.0.jar:/home/user/.m2/repository/com/squareup/okhttp3/okhttp/3.9.0/okhttp-3.9.0.jar:/home/user/.m2/repository/com/squareup/okio/okio/1.13.0/okio-1.13.0.jar:/home/user/.m2/repository/io/jaegertracing/jaeger-core/0.34.0/jaeger-core-0.34.0.jar:/home/user/.m2/repository/io/jaegertracing/jaeger-tracerresolver/0.34.0/jaeger-tracerresolver-0.34.0.jar:/home/user/.m2/repository/io/opentracing/contrib/opentracing-tracerresolver/0.1.5/opentracing-tracerresolver-0.1.5.jar:/home/user/.m2/repository/io/opentracing/opentracing-util/0.31.0/opentracing-util-0.31.0.jar:/home/user/.m2/repository/io/opentracing/opentracing-api/0.31.0/opentracing-api-0.31.0.jar:/home/user/.m2/repository/io/opentracing/opentracing-noop/0.31.0/opentracing-noop-0.31.0.jar:/home/user/.m2/repository/org/apache/hadoop/hadoop-hdds-server-framework/0.5.0-SNAPSHOT/hadoop-hdds-server-framework-0.5.0-SNAPSHOT.jar:/home/user/.m2/repository/org/apache/hadoop/hadoop-hdds-container-service/0.5.0-SNAPSHOT/hadoop-hdds-container-service-0.5.0-SNAPSHOT.jar:/home/user/.m2/repository/org/apache/hadoop/hadoop-hdds-client/0.5.0-SNAPSHOT/hadoop-hdds-client-0.5.0-SNAPSHOT.jar:/home/user/.m2/repository/org/apache/hadoop/hadoop-hdds-tools/0.5.0-SNAPSHOT/hadoop-hdds-tools-0.5.0-SNAPSHOT.jar:/home/user/.m2/repository/org/apache/hadoop/hadoop-hdds-server-scm/0.5.0-SNAPSHOT/hadoop-hdds-server-scm-0.5.0-SNAPSHOT.jar:/home/user/.m2/repository/org/apache/hadoop/hadoop-hdds-docs/0.5.0-SNAPSHOT/hadoop-hdds-docs-0.5.0-SNAPSHOT.jar:/home/user/.m2/repository/io/dropwizard/metrics/metrics-core/3.2.4/metrics-core-3.2.4.jar:/home/user/.m2/repository/org/hamcrest/hamcrest-all/1.3/hamcrest-all-1.3.jar:/home/user/.m2/repository/org/bouncycastle/bcprov-jdk15on/1.60/bcprov-jdk15on-1.60.jar:/home/user/.m2/repository/info/picocli/picocli/3.9.6/picocli-3.9.6.jar:/home/user/.m2/repository/com/google/protobuf/protobuf-java/2.5.0/protobuf-java-2.5.0.jar:/home/user/.m2/repository/com/google/guava/guava/11.0.2/guava-11.0.2.jar:/home/user/.m2/repository/org/apache/hadoop/hadoop-ozone-ozone-manager/0.5.0-SNAPSHOT/hadoop-ozone-ozone-manager-0.5.0-SNAPSHOT.jar:/home/user/.m2/repository/org/apache/hadoop/hadoop-minikdc/3.2.0/hadoop-minikdc-3.2.0.jar:/home/user/.m2/repository/commons-io/commons-io/2.5/commons-io-2.5.jar:/home/user/.m2/repository/org/apache/kerby/kerb-simplekdc/1.0.1/kerb-simplekdc-1.0.1.jar:/home/user/.m2/repository/org/apache/kerby/kerb-client/1.0.1/kerb-client-1.0.1.jar:/home/user/.m2/repository/org/apache/kerby/kerby-config/1.0.1/kerby-config-1.0.1.jar:/home/user/.m2/repository/org/apache/kerby/kerb-core/1.0.1/kerb-core-1.0.1.jar:/home/user/.m2/repository/org/apache/kerby/kerby-pkix/1.0.1/kerby-pkix-1.0.1.jar:/home/user/.m2/repository/org/apache/kerby/kerby-asn1/1.0.1/kerby-asn1-1.0.1.jar:/home/user/.m2/repository/org/apache/kerby/kerby-util/1.0.1/kerby-util-1.0.1.jar:/home/user/.m2/repository/org/apache/kerby/kerb-common/1.0.1/kerb-common-1.0.1.jar:/home/user/.m2/repository/org/apache/kerby/kerb-crypto/1.0.1/kerb-crypto-1.0.1.jar:/home/user/.m2/repository/org/apache/kerby/kerb-util/1.0.1/kerb-util-1.0.1.jar:/home/user/.m2/repository/org/apache/kerby/token-provider/1.0.1/token-provider-1.0.1.jar:/home/user/.m2/repository/org/apache/kerby/kerb-admin/1.0.1/kerb-admin-1.0.1.jar:/home/user/.m2/repository/org/apache/kerby/kerb-server/1.0.1/kerb-server-1.0.1.jar:/home/user/.m2/repository/org/apache/kerby/kerb-identity/1.0.1/kerb-identity-1.0.1.jar:/home/user/.m2/repository/org/apache/kerby/kerby-xdr/1.0.1/kerby-xdr-1.0.1.jar:/home/user/.m2/repository/org/slf4j/slf4j-log4j12/1.7.25/slf4j-log4j12-1.7.25.jar:/home/user/.m2/repository/org/apache/hadoop/hadoop-ozone-s3gateway/0.5.0-SNAPSHOT/hadoop-ozone-s3gateway-0.5.0-SNAPSHOT.jar:/home/user/.m2/repository/org/jboss/weld/servlet/weld-servlet/2.4.7.Final/weld-servlet-2.4.7.Final.jar:/home/user/.m2/repository/org/glassfish/jersey/containers/jersey-container-servlet-core/2.27/jersey-container-servlet-core-2.27.jar:/home/user/.m2/repository/org/glassfish/hk2/external/javax.inject/2.5.0-b42/javax.inject-2.5.0-b42.jar:/home/user/.m2/repository/org/glassfish/jersey/core/jersey-common/2.27/jersey-common-2.27.jar:/home/user/.m2/repository/org/glassfish/hk2/osgi-resource-locator/1.0.1/osgi-resource-locator-1.0.1.jar:/home/user/.m2/repository/javax/ws/rs/javax.ws.rs-api/2.1/javax.ws.rs-api-2.1.jar:/home/user/.m2/repository/org/glassfish/jersey/ext/cdi/jersey-cdi1x/2.27/jersey-cdi1x-2.27.jar:/home/user/.m2/repository/org/glassfish/jersey/inject/jersey-hk2/2.27/jersey-hk2-2.27.jar:/home/user/.m2/repository/org/glassfish/hk2/hk2-locator/2.5.0-b42/hk2-locator-2.5.0-b42.jar:/home/user/.m2/repository/org/javassist/javassist/3.22.0-CR2/javassist-3.22.0-CR2.jar:/home/user/.m2/repository/org/glassfish/hk2/hk2-api/2.5.0/hk2-api-2.5.0.jar:/home/user/.m2/repository/org/glassfish/hk2/external/jakarta.inject/2.5.0/jakarta.inject-2.5.0.jar:/home/user/.m2/repository/org/glassfish/hk2/hk2-utils/2.5.0/hk2-utils-2.5.0.jar:/home/user/.m2/repository/jakarta/annotation/jakarta.annotation-api/1.3.4/jakarta.annotation-api-1.3.4.jar:/home/user/.m2/repository/org/glassfish/hk2/external/aopalliance-repackaged/2.5.0/aopalliance-repackaged-2.5.0.jar:/home/user/.m2/repository/com/fasterxml/jackson/dataformat/jackson-dataformat-xml/2.9.0/jackson-dataformat-xml-2.9.0.jar:/home/user/.m2/repository/com/fasterxml/jackson/core/jackson-core/2.9.9/jackson-core-2.9.9.jar:/home/user/.m2/repository/com/fasterxml/jackson/module/jackson-module-jaxb-annotations/2.9.9/jackson-module-jaxb-annotations-2.9.9.jar:/home/user/.m2/repository/javax/enterprise/cdi-api/1.2/cdi-api-1.2.jar:/home/user/.m2/repository/javax/el/javax.el-api/3.0.0/javax.el-api-3.0.0.jar:/home/user/.m2/repository/javax/interceptor/javax.interceptor-api/1.2/javax.interceptor-api-1.2.jar:/home/user/.m2/repository/javax/inject/javax.inject/1/javax.inject-1.jar:/home/user/.m2/repository/com/sun/xml/bind/jaxb-impl/2.3.0.1/jaxb-impl-2.3.0.1.jar:/home/user/.m2/repository/com/sun/xml/bind/jaxb-core/2.3.0.1/jaxb-core-2.3.0.1.jar:/home/user/.m2/repository/javax/xml/bind/jaxb-api/2.3.0/jaxb-api-2.3.0.jar:/home/user/.m2/repository/javax/activation/activation/1.1.1/activation-1.1.1.jar:/home/user/.m2/repository/org/apache/hadoop/hadoop-ozone-csi/0.5.0-SNAPSHOT/hadoop-ozone-csi-0.5.0-SNAPSHOT.jar:/home/user/.m2/repository/com/google/protobuf/protobuf-java-util/3.5.1/protobuf-java-util-3.5.1.jar:/home/user/.m2/repository/org/apache/hadoop/hadoop-hdds-config/0.5.0-SNAPSHOT/hadoop-hdds-config-0.5.0-SNAPSHOT.jar:/home/user/.m2/repository/io/grpc/grpc-netty/1.17.1/grpc-netty-1.17.1.jar:/home/user/.m2/repository/io/grpc/grpc-core/1.17.1/grpc-core-1.17.1.jar:/home/user/.m2/repository/io/grpc/grpc-context/1.17.1/grpc-context-1.17.1.jar:/home/user/.m2/repository/com/google/errorprone/error_prone_annotations/2.2.0/error_prone_annotations-2.2.0.jar:/home/user/.m2/repository/org/codehaus/mojo/animal-sniffer-annotations/1.17/animal-sniffer-annotations-1.17.jar:/home/user/.m2/repository/io/opencensus/opencensus-api/0.17.0/opencensus-api-0.17.0.jar:/home/user/.m2/repository/io/opencensus/opencensus-contrib-grpc-metrics/0.17.0/opencensus-contrib-grpc-metrics-0.17.0.jar:/home/user/.m2/repository/io/netty/netty-codec-http2/4.1.30.Final/netty-codec-http2-4.1.30.Final.jar:/home/user/.m2/repository/io/netty/netty-codec-http/4.1.30.Final/netty-codec-http-4.1.30.Final.jar:/home/user/.m2/repository/io/netty/netty-codec/4.1.30.Final/netty-codec-4.1.30.Final.jar:/home/user/.m2/repository/io/netty/netty-handler/4.1.30.Final/netty-handler-4.1.30.Final.jar:/home/user/.m2/repository/io/netty/netty-handler-proxy/4.1.30.Final/netty-handler-proxy-4.1.30.Final.jar:/home/user/.m2/repository/io/netty/netty-codec-socks/4.1.30.Final/netty-codec-socks-4.1.30.Final.jar:/home/user/.m2/repository/io/netty/netty-transport-native-epoll/4.1.30.Final/netty-transport-native-epoll-4.1.30.Final.jar:/home/user/.m2/repository/io/netty/netty-common/4.1.30.Final/netty-common-4.1.30.Final.jar:/home/user/.m2/repository/io/netty/netty-buffer/4.1.30.Final/netty-buffer-4.1.30.Final.jar:/home/user/.m2/repository/io/netty/netty-transport/4.1.30.Final/netty-transport-4.1.30.Final.jar:/home/user/.m2/repository/io/netty/netty-resolver/4.1.30.Final/netty-resolver-4.1.30.Final.jar:/home/user/.m2/repository/io/netty/netty-transport-native-unix-common/4.1.30.Final/netty-transport-native-unix-common-4.1.30.Final.jar:/home/user/.m2/repository/io/grpc/grpc-protobuf/1.17.1/grpc-protobuf-1.17.1.jar:/home/user/.m2/repository/com/google/api/grpc/proto-google-common-protos/1.0.0/proto-google-common-protos-1.0.0.jar:/home/user/.m2/repository/io/grpc/grpc-protobuf-lite/1.17.1/grpc-protobuf-lite-1.17.1.jar:/home/user/.m2/repository/io/grpc/grpc-stub/1.17.1/grpc-stub-1.17.1.jar:/home/user/.m2/repository/org/apache/hadoop/hadoop-ozone-recon/0.5.0-SNAPSHOT/hadoop-ozone-recon-0.5.0-SNAPSHOT.jar:/home/user/.m2/repository/org/apache/hadoop/hadoop-ozone-reconcodegen/0.5.0-SNAPSHOT/hadoop-ozone-reconcodegen-0.5.0-SNAPSHOT.jar:/home/user/.m2/repository/com/google/inject/extensions/guice-multibindings/4.0/guice-multibindings-4.0.jar:/home/user/.m2/repository/com/google/inject/guice/4.0/guice-4.0.jar:/home/user/.m2/repository/aopalliance/aopalliance/1.0/aopalliance-1.0.jar:/home/user/.m2/repository/com/google/inject/extensions/guice-servlet/4.0/guice-servlet-4.0.jar:/home/user/.m2/repository/org/glassfish/jersey/containers/jersey-container-servlet/2.27/jersey-container-servlet-2.27.jar:/home/user/.m2/repository/org/glassfish/hk2/guice-bridge/2.5.0/guice-bridge-2.5.0.jar:/home/user/.m2/repository/org/glassfish/jersey/core/jersey-server/2.27/jersey-server-2.27.jar:/home/user/.m2/repository/org/glassfish/jersey/core/jersey-client/2.27/jersey-client-2.27.jar:/home/user/.m2/repository/org/glassfish/jersey/media/jersey-media-jaxb/2.27/jersey-media-jaxb-2.27.jar:/home/user/.m2/repository/javax/validation/validation-api/1.1.0.Final/validation-api-1.1.0.Final.jar:/home/user/.m2/repository/org/glassfish/jersey/media/jersey-media-json-jackson/2.27/jersey-media-json-jackson-2.27.jar:/home/user/.m2/repository/org/glassfish/jersey/ext/jersey-entity-filtering/2.27/jersey-entity-filtering-2.27.jar:/home/user/.m2/repository/com/google/inject/extensions/guice-assistedinject/4.0/guice-assistedinject-4.0.jar:/home/user/.m2/repository/org/jooq/jooq/3.11.10/jooq-3.11.10.jar:/home/user/.m2/repository/org/jooq/jooq-meta/3.11.10/jooq-meta-3.11.10.jar:/home/user/.m2/repository/org/jooq/jooq-codegen/3.11.10/jooq-codegen-3.11.10.jar:/home/user/.m2/repository/com/jolbox/bonecp/0.8.0.RELEASE/bonecp-0.8.0.RELEASE.jar:/home/user/.m2/repository/org/xerial/sqlite-jdbc/3.25.2/sqlite-jdbc-3.25.2.jar:/home/user/.m2/repository/org/springframework/spring-jdbc/5.1.3.RELEASE/spring-jdbc-5.1.3.RELEASE.jar:/home/user/.m2/repository/org/springframework/spring-beans/5.1.3.RELEASE/spring-beans-5.1.3.RELEASE.jar:/home/user/.m2/repository/org/springframework/spring-core/5.1.3.RELEASE/spring-core-5.1.3.RELEASE.jar:/home/user/.m2/repository/org/springframework/spring-jcl/5.1.3.RELEASE/spring-jcl-5.1.3.RELEASE.jar:/home/user/.m2/repository/org/springframework/spring-tx/5.1.3.RELEASE/spring-tx-5.1.3.RELEASE.jar:/home/user/.m2/repository/org/apache/hadoop/hadoop-ozone-client/0.5.0-SNAPSHOT/hadoop-ozone-client-0.5.0-SNAPSHOT.jar:/home/user/.m2/repository/commons-lang/commons-lang/2.6/commons-lang-2.6.jar:/home/user/.m2/repository/org/apache/hadoop/hadoop-ozone-ozone-manager/0.5.0-SNAPSHOT/hadoop-ozone-ozone-manager-0.5.0-SNAPSHOT-tests.jar:/home/user/.m2/repository/junit/junit/4.11/junit-4.11.jar:/home/user/.m2/repository/org/hamcrest/hamcrest-core/1.3/hamcrest-core-1.3.jar:/home/user/.m2/repository/org/openjdk/jmh/jmh-core/1.19/jmh-core-1.19.jar:/home/user/.m2/repository/net/sf/jopt-simple/jopt-simple/4.6/jopt-simple-4.6.jar:/home/user/.m2/repository/org/apache/commons/commons-math3/3.1.1/commons-math3-3.1.1.jar:/home/user/.m2/repository/org/openjdk/jmh/jmh-generator-annprocess/1.19/jmh-generator-annprocess-1.19.jar:/home/user/.m2/repository/org/mockito/mockito-all/1.8.5/mockito-all-1.8.5.jar:/home/user/.m2/repository/org/apache/hadoop/hadoop-kms/3.2.0/hadoop-kms-3.2.0.jar:/home/user/.m2/repository/org/apache/hadoop/hadoop-auth/3.2.0/hadoop-auth-3.2.0.jar:/home/user/.m2/repository/com/nimbusds/nimbus-jose-jwt/4.41.1/nimbus-jose-jwt-4.41.1.jar:/home/user/.m2/repository/com/github/stephenc/jcip/jcip-annotations/1.0-1/jcip-annotations-1.0-1.jar:/home/user/.m2/repository/net/minidev/json-smart/2.3/json-smart-2.3.jar:/home/user/.m2/repository/net/minidev/accessors-smart/1.2/accessors-smart-1.2.jar:/home/user/.m2/repository/org/ow2/asm/asm/5.0.4/asm-5.0.4.jar:/home/user/.m2/repository/org/apache/curator/curator-framework/2.12.0/curator-framework-2.12.0.jar:/home/user/.m2/repository/com/sun/jersey/jersey-core/1.19/jersey-core-1.19.jar:/home/user/.m2/repository/javax/ws/rs/jsr311-api/1.1.1/jsr311-api-1.1.1.jar:/home/user/.m2/repository/com/sun/jersey/jersey-server/1.19/jersey-server-1.19.jar:/home/user/.m2/repository/javax/servlet/javax.servlet-api/3.1.0/javax.servlet-api-3.1.0.jar:/home/user/.m2/repository/org/eclipse/jetty/jetty-server/9.3.25.v20180904/jetty-server-9.3.25.v20180904.jar:/home/user/.m2/repository/org/eclipse/jetty/jetty-http/9.3.25.v20180904/jetty-http-9.3.25.v20180904.jar:/home/user/.m2/repository/org/eclipse/jetty/jetty-io/9.3.25.v20180904/jetty-io-9.3.25.v20180904.jar:/home/user/.m2/repository/org/eclipse/jetty/jetty-webapp/9.3.25.v20180904/jetty-webapp-9.3.25.v20180904.jar:/home/user/.m2/repository/org/eclipse/jetty/jetty-xml/9.3.25.v20180904/jetty-xml-9.3.25.v20180904.jar:/home/user/.m2/repository/log4j/log4j/1.2.17/log4j-1.2.17.jar:/home/user/.m2/repository/org/slf4j/slf4j-api/1.7.25/slf4j-api-1.7.25.jar:/home/user/.m2/repository/org/slf4j/jul-to-slf4j/1.7.25/jul-to-slf4j-1.7.25.jar:/home/user/.m2/repository/org/eclipse/jetty/jetty-util/9.3.25.v20180904/jetty-util-9.3.25.v20180904.jar:/home/user/.m2/repository/com/fasterxml/jackson/core/jackson-databind/2.9.9/jackson-databind-2.9.9.jar:/home/user/.m2/repository/org/apache/hadoop/hadoop-kms/3.2.0/hadoop-kms-3.2.0-tests.jar:/home/user/.m2/repository/org/apache/hadoop/hadoop-hdds-server-scm/0.5.0-SNAPSHOT/hadoop-hdds-server-scm-0.5.0-SNAPSHOT-tests.jar:/home/user/.m2/repository/org/apache/hadoop/hadoop-hdds-container-service/0.5.0-SNAPSHOT/hadoop-hdds-container-service-0.5.0-SNAPSHOT-tests.jar:/home/user/.m2/repository/org/yaml/snakeyaml/1.16/snakeyaml-1.16.jar:/home/user/.m2/repository/org/apache/hadoop/hadoop-common/3.2.0/hadoop-common-3.2.0-tests.jar:/home/user/.m2/repository/org/apache/hadoop/hadoop-annotations/3.2.0/hadoop-annotations-3.2.0.jar:/usr/lib/jvm/java-1.8-openjdk/jre/../lib/tools.jar:/home/user/.m2/repository/commons-cli/commons-cli/1.2/commons-cli-1.2.jar:/home/user/.m2/repository/org/apache/httpcomponents/httpclient/4.5.2/httpclient-4.5.2.jar:/home/user/.m2/repository/org/apache/httpcomponents/httpcore/4.4.4/httpcore-4.4.4.jar:/home/user/.m2/repository/commons-codec/commons-codec/1.11/commons-codec-1.11.jar:/home/user/.m2/repository/commons-net/commons-net/3.6/commons-net-3.6.jar:/home/user/.m2/repository/commons-collections/commons-collections/3.2.2/commons-collections-3.2.2.jar:/home/user/.m2/repository/org/eclipse/jetty/jetty-servlet/9.3.25.v20180904/jetty-servlet-9.3.25.v20180904.jar:/home/user/.m2/repository/org/eclipse/jetty/jetty-security/9.3.25.v20180904/jetty-security-9.3.25.v20180904.jar:/home/user/.m2/repository/javax/servlet/jsp/jsp-api/2.1/jsp-api-2.1.jar:/home/user/.m2/repository/com/sun/jersey/jersey-servlet/1.19/jersey-servlet-1.19.jar:/home/user/.m2/repository/com/sun/jersey/jersey-json/1.19/jersey-json-1.19.jar:/home/user/.m2/repository/org/codehaus/jettison/jettison/1.1/jettison-1.1.jar:/home/user/.m2/repository/org/codehaus/jackson/jackson-core-asl/1.9.13/jackson-core-asl-1.9.13.jar:/home/user/.m2/repository/org/codehaus/jackson/jackson-mapper-asl/1.9.13/jackson-mapper-asl-1.9.13.jar:/home/user/.m2/repository/org/codehaus/jackson/jackson-jaxrs/1.9.13/jackson-jaxrs-1.9.13.jar:/home/user/.m2/repository/org/codehaus/jackson/jackson-xc/1.9.13/jackson-xc-1.9.13.jar:/home/user/.m2/repository/commons-logging/commons-logging/1.1.3/commons-logging-1.1.3.jar:/home/user/.m2/repository/commons-beanutils/commons-beanutils/1.9.4/commons-beanutils-1.9.4.jar:/home/user/.m2/repository/org/apache/commons/commons-configuration2/2.1.1/commons-configuration2-2.1.1.jar:/home/user/.m2/repository/org/apache/commons/commons-lang3/3.7/commons-lang3-3.7.jar:/home/user/.m2/repository/org/apache/commons/commons-text/1.4/commons-text-1.4.jar:/home/user/.m2/repository/org/apache/avro/avro/1.7.7/avro-1.7.7.jar:/home/user/.m2/repository/com/thoughtworks/paranamer/paranamer/2.3/paranamer-2.3.jar:/home/user/.m2/repository/org/xerial/snappy/snappy-java/1.0.5/snappy-java-1.0.5.jar:/home/user/.m2/repository/com/google/re2j/re2j/1.1/re2j-1.1.jar:/home/user/.m2/repository/com/google/code/gson/gson/2.2.4/gson-2.2.4.jar:/home/user/.m2/repository/com/jcraft/jsch/0.1.54/jsch-0.1.54.jar:/home/user/.m2/repository/org/apache/curator/curator-client/2.12.0/curator-client-2.12.0.jar:/home/user/.m2/repository/org/apache/curator/curator-recipes/2.12.0/curator-recipes-2.12.0.jar:/home/user/.m2/repository/com/google/code/findbugs/jsr305/3.0.0/jsr305-3.0.0.jar:/home/user/.m2/repository/org/apache/htrace/htrace-core4/4.1.0-incubating/htrace-core4-4.1.0-incubating.jar:/home/user/.m2/repository/org/apache/zookeeper/zookeeper/3.4.13/zookeeper-3.4.13.jar:/home/user/.m2/repository/jline/jline/0.9.94/jline-0.9.94.jar:/home/user/.m2/repository/org/apache/yetus/audience-annotations/0.5.0/audience-annotations-0.5.0.jar:/home/user/.m2/repository/org/codehaus/woodstox/stax2-api/3.1.4/stax2-api-3.1.4.jar:/home/user/.m2/repository/com/fasterxml/woodstox/woodstox-core/5.0.3/woodstox-core-5.0.3.jar:/home/user/.m2/repository/dnsjava/dnsjava/2.1.7/dnsjava-2.1.7.jar:/home/user/.m2/repository/org/apache/hadoop/hadoop-hdfs/3.2.0/hadoop-hdfs-3.2.0-tests.jar:/home/user/.m2/repository/org/eclipse/jetty/jetty-util-ajax/9.3.25.v20180904/jetty-util-ajax-9.3.25.v20180904.jar:/home/user/.m2/repository/commons-daemon/commons-daemon/1.0.13/commons-daemon-1.0.13.jar:/home/user/.m2/repository/io/netty/netty/3.10.5.Final/netty-3.10.5.Final.jar:/home/user/.m2/repository/io/netty/netty-all/4.0.52.Final/netty-all-4.0.52.Final.jar:/home/user/.m2/repository/org/fusesource/leveldbjni/leveldbjni-all/1.8/leveldbjni-all-1.8.jar:"/>
    <property name="sun.cpu.endian" value="little"/>
    <property name="user.home" value="/home/user"/>
    <property name="user.language" value="en"/>
    <property name="java.specification.vendor" value="Oracle Corporation"/>
    <property name="java.home" value="/usr/lib/jvm/java-1.8-openjdk/jre"/>
    <property name="java.security.krb5.conf" value="/workdir/hadoop-ozone/integration-test/target/test-classes/krb5.conf"/>
    <property name="basedir" value="/workdir/hadoop-ozone/integration-test"/>
    <property name="file.separator" value="/"/>
    <property name="line.separator" value="&#10;"/>
    <property name="java.vm.specification.vendor" value="Oracle Corporation"/>
    <property name="java.specification.name" value="Java Platform API Specification"/>
    <property name="java.awt.graphicsenv" value="sun.awt.X11GraphicsEnvironment"/>
    <property name="surefire.real.class.path" value="/workdir/hadoop-ozone/integration-test/target/surefire/surefirebooter4869176632562834991.jar"/>
    <property name="hadoop.log.dir" value="/workdir/hadoop-ozone/integration-test/target/log"/>
    <property name="sun.boot.class.path" value="/usr/lib/jvm/java-1.8-openjdk/jre/lib/resources.jar:/usr/lib/jvm/java-1.8-openjdk/jre/lib/rt.jar:/usr/lib/jvm/java-1.8-openjdk/jre/lib/sunrsasign.jar:/usr/lib/jvm/java-1.8-openjdk/jre/lib/jsse.jar:/usr/lib/jvm/java-1.8-openjdk/jre/lib/jce.jar:/usr/lib/jvm/java-1.8-openjdk/jre/lib/charsets.jar:/usr/lib/jvm/java-1.8-openjdk/jre/lib/jfr.jar:/usr/lib/jvm/java-1.8-openjdk/jre/classes"/>
    <property name="sun.management.compiler" value="HotSpot 64-Bit Tiered Compilers"/>
    <property name="java.runtime.version" value="1.8.0_212-b04"/>
    <property name="java.net.preferIPv4Stack" value="true"/>
    <property name="user.name" value="jenkins1000"/>
    <property name="path.separator" value=":"/>
    <property name="java.security.egd" value="file:///dev/urandom"/>
    <property name="os.version" value="3.10.0-957.12.2.el7.x86_64"/>
    <property name="java.endorsed.dirs" value="/usr/lib/jvm/java-1.8-openjdk/jre/lib/endorsed"/>
    <property name="java.runtime.name" value="OpenJDK Runtime Environment"/>
    <property name="file.encoding" value="UTF-8"/>
    <property name="java.vm.name" value="OpenJDK 64-Bit Server VM"/>
    <property name="test.build.webapps" value=""/>
    <property name="localRepository" value="/home/user/.m2/repository"/>
    <property name="java.vendor.url.bug" value="https://icedtea.classpath.org/bugzilla"/>
    <property name="java.io.tmpdir" value="/tmp"/>
    <property name="require.test.libhadoop" value=""/>
    <property name="java.version" value="1.8.0_212"/>
    <property name="user.dir" value="/workdir/hadoop-ozone/integration-test"/>
    <property name="os.arch" value="amd64"/>
    <property name="java.vm.specification.name" value="Java Virtual Machine Specification"/>
    <property name="test.build.classes" value="/workdir/hadoop-ozone/integration-test/target/test-classes"/>
    <property name="java.awt.printerjob" value="sun.print.PSPrinterJob"/>
    <property name="sun.os.patch.level" value="unknown"/>
    <property name="hadoop.tmp.dir" value="/workdir/hadoop-ozone/integration-test/target/tmp"/>
    <property name="java.library.path" value="/usr/lib/jvm/java-1.8-openjdk/jre/lib/amd64/server:/usr/lib/jvm/java-1.8-openjdk/jre/lib/amd64:/usr/lib/jvm/java-1.8-openjdk/jre/../lib/amd64:/workdir/hadoop-ozone/integration-test/target/native/target/usr/local/lib:/workdir/hadoop-ozone/integration-test/../../hadoop-common-project/hadoop-common/target/native/target/usr/local/lib:/usr/java/packages/lib/amd64:/usr/lib64:/lib64:/lib:/usr/lib"/>
    <property name="java.vm.info" value="mixed mode"/>
    <property name="java.vendor" value="IcedTea"/>
    <property name="java.vm.version" value="25.212-b04"/>
    <property name="java.ext.dirs" value="/usr/lib/jvm/java-1.8-openjdk/jre/lib/ext:/usr/java/packages/lib/ext"/>
    <property name="sun.io.unicode.encoding" value="UnicodeLittle"/>
    <property name="java.class.version" value="52.0"/>
  </properties>
  <testcase name="testWatchForCommitWithKeyWrite" classname="org.apache.hadoop.ozone.client.rpc.TestWatchForCommit" time="113.415"/>
  <testcase name="testWatchForCommitWithSmallerTimeoutValue" classname="org.apache.hadoop.ozone.client.rpc.TestWatchForCommit" time="79.469"/>
  <testcase name="testWatchForCommitForRetryfailure" classname="org.apache.hadoop.ozone.client.rpc.TestWatchForCommit" time="122.375">
    <failure type="java.lang.AssertionError">java.lang.AssertionError
	at org.junit.Assert.fail(Assert.java:86)
	at org.junit.Assert.assertTrue(Assert.java:41)
	at org.junit.Assert.assertTrue(Assert.java:52)
	at org.apache.hadoop.ozone.client.rpc.TestWatchForCommit.testWatchForCommitForRetryfailure(TestWatchForCommit.java:348)
	at sun.reflect.NativeMethodAccessorImpl.invoke0(Native Method)
	at sun.reflect.NativeMethodAccessorImpl.invoke(NativeMethodAccessorImpl.java:62)
	at sun.reflect.DelegatingMethodAccessorImpl.invoke(DelegatingMethodAccessorImpl.java:43)
	at java.lang.reflect.Method.invoke(Method.java:498)
	at org.junit.runners.model.FrameworkMethod$1.runReflectiveCall(FrameworkMethod.java:47)
	at org.junit.internal.runners.model.ReflectiveCallable.run(ReflectiveCallable.java:12)
	at org.junit.runners.model.FrameworkMethod.invokeExplosively(FrameworkMethod.java:44)
	at org.junit.internal.runners.statements.InvokeMethod.evaluate(InvokeMethod.java:17)
	at org.junit.runners.ParentRunner.runLeaf(ParentRunner.java:271)
	at org.junit.runners.BlockJUnit4ClassRunner.runChild(BlockJUnit4ClassRunner.java:70)
	at org.junit.runners.BlockJUnit4ClassRunner.runChild(BlockJUnit4ClassRunner.java:50)
	at org.junit.runners.ParentRunner$3.run(ParentRunner.java:238)
	at org.junit.runners.ParentRunner$1.schedule(ParentRunner.java:63)
	at org.junit.runners.ParentRunner.runChildren(ParentRunner.java:236)
	at org.junit.runners.ParentRunner.access$000(ParentRunner.java:53)
	at org.junit.runners.ParentRunner$2.evaluate(ParentRunner.java:229)
	at org.junit.runners.ParentRunner.run(ParentRunner.java:309)
	at org.apache.maven.surefire.junit4.JUnit4Provider.execute(JUnit4Provider.java:365)
	at org.apache.maven.surefire.junit4.JUnit4Provider.executeWithRerun(JUnit4Provider.java:273)
	at org.apache.maven.surefire.junit4.JUnit4Provider.executeTestSet(JUnit4Provider.java:238)
	at org.apache.maven.surefire.junit4.JUnit4Provider.invoke(JUnit4Provider.java:159)
	at org.apache.maven.surefire.booter.ForkedBooter.invokeProviderInSameClassLoader(ForkedBooter.java:384)
	at org.apache.maven.surefire.booter.ForkedBooter.runSuitesInProcess(ForkedBooter.java:345)
	at org.apache.maven.surefire.booter.ForkedBooter.execute(ForkedBooter.java:126)
	at org.apache.maven.surefire.booter.ForkedBooter.main(ForkedBooter.java:418)
</failure>
    <system-out><![CDATA[2019-10-11 07:09:06,129 [main] WARN  server.ServerUtils (ServerUtils.java:getScmDbDir(145)) - ozone.scm.db.dirs is not configured. We recommend adding this setting. Falling back to ozone.metadata.dirs instead.
2019-10-11 07:09:06,154 [main] WARN  server.ServerUtils (ServerUtils.java:getScmDbDir(145)) - ozone.scm.db.dirs is not configured. We recommend adding this setting. Falling back to ozone.metadata.dirs instead.
2019-10-11 07:09:06,155 [main] WARN  server.ServerUtils (ServerUtils.java:getScmDbDir(145)) - ozone.scm.db.dirs is not configured. We recommend adding this setting. Falling back to ozone.metadata.dirs instead.
2019-10-11 07:09:06,155 [main] INFO  db.DBStoreBuilder (DBStoreBuilder.java:addTable(117)) - using custom profile for table: deletedBlocks
2019-10-11 07:09:06,155 [main] INFO  db.DBStoreBuilder (DBStoreBuilder.java:processTables(168)) - Using default column profile:DBProfile.DISK for Table:deletedBlocks
2019-10-11 07:09:06,156 [main] INFO  db.DBStoreBuilder (DBStoreBuilder.java:addTable(117)) - using custom profile for table: validCerts
2019-10-11 07:09:06,156 [main] INFO  db.DBStoreBuilder (DBStoreBuilder.java:processTables(168)) - Using default column profile:DBProfile.DISK for Table:validCerts
2019-10-11 07:09:06,156 [main] INFO  db.DBStoreBuilder (DBStoreBuilder.java:addTable(117)) - using custom profile for table: revokedCerts
2019-10-11 07:09:06,156 [main] INFO  db.DBStoreBuilder (DBStoreBuilder.java:processTables(168)) - Using default column profile:DBProfile.DISK for Table:revokedCerts
2019-10-11 07:09:06,156 [main] INFO  db.DBStoreBuilder (DBStoreBuilder.java:addTable(117)) - using custom profile for table: default
2019-10-11 07:09:06,157 [main] INFO  db.DBStoreBuilder (DBStoreBuilder.java:processTables(174)) - Using default column profile:DBProfile.DISK for Table:default
2019-10-11 07:09:06,157 [main] INFO  db.DBStoreBuilder (DBStoreBuilder.java:getDbProfile(205)) - Using default options. DBProfile.DISK
2019-10-11 07:09:06,346 [main] INFO  net.NodeSchemaLoader (NodeSchemaLoader.java:loadSchemaFromFile(125)) - Loading file from sun.misc.CompoundEnumeration@1d0cac30
2019-10-11 07:09:06,346 [main] INFO  net.NodeSchemaLoader (NodeSchemaLoader.java:loadSchema(171)) - Loading network topology layer schema file
2019-10-11 07:09:06,350 [main] WARN  server.ServerUtils (ServerUtils.java:sanitizeUserArgs(70)) - ozone.scm.stale.node.interval value = 300000 is larger than max = 100000 based on the key value of ozone.scm.heartbeat.thread.interval, reset to the max value 100000.
2019-10-11 07:09:06,350 [main] WARN  server.ServerUtils (ServerUtils.java:sanitizeUserArgs(70)) - ozone.scm.stale.node.interval value = 300000 is larger than max = 100000 based on the key value of ozone.scm.heartbeat.thread.interval, reset to the max value 100000.
2019-10-11 07:09:06,351 [main] INFO  node.SCMNodeManager (SCMNodeManager.java:<init>(116)) - Entering startup safe mode.
2019-10-11 07:09:06,351 [main] INFO  algorithms.ContainerPlacementPolicyFactory (ContainerPlacementPolicyFactory.java:getPolicy(57)) - Create container placement policy of type org.apache.hadoop.hdds.scm.container.placement.algorithms.SCMContainerPlacementRandom
2019-10-11 07:09:06,352 [main] WARN  server.ServerUtils (ServerUtils.java:getScmDbDir(145)) - ozone.scm.db.dirs is not configured. We recommend adding this setting. Falling back to ozone.metadata.dirs instead.
2019-10-11 07:09:06,391 [main] INFO  pipeline.SCMPipelineManager (SCMPipelineManager.java:initializePipelineState(132)) - No pipeline exists in current db
2019-10-11 07:09:06,391 [main] WARN  server.ServerUtils (ServerUtils.java:getScmDbDir(145)) - ozone.scm.db.dirs is not configured. We recommend adding this setting. Falling back to ozone.metadata.dirs instead.
2019-10-11 07:09:06,494 [main] WARN  events.EventQueue (EventQueue.java:fireEvent(183)) - No event handler registered for event TypedEvent{payloadType=SafeModeStatus, name='SafeModeStatus'}
2019-10-11 07:09:06,495 [main] INFO  ipc.CallQueueManager (CallQueueManager.java:<init>(84)) - Using callQueue: class java.util.concurrent.LinkedBlockingQueue, queueCapacity: 2000, scheduler: class org.apache.hadoop.ipc.DefaultRpcScheduler, ipcBackoff: false.
2019-10-11 07:09:06,496 [Socket Reader #1 for port 40375] INFO  ipc.Server (Server.java:run(1074)) - Starting Socket Reader #1 for port 40375
2019-10-11 07:09:06,498 [main] INFO  ipc.CallQueueManager (CallQueueManager.java:<init>(84)) - Using callQueue: class java.util.concurrent.LinkedBlockingQueue, queueCapacity: 2000, scheduler: class org.apache.hadoop.ipc.DefaultRpcScheduler, ipcBackoff: false.
2019-10-11 07:09:06,499 [Socket Reader #1 for port 33340] INFO  ipc.Server (Server.java:run(1074)) - Starting Socket Reader #1 for port 33340
2019-10-11 07:09:06,500 [main] INFO  ipc.CallQueueManager (CallQueueManager.java:<init>(84)) - Using callQueue: class java.util.concurrent.LinkedBlockingQueue, queueCapacity: 2000, scheduler: class org.apache.hadoop.ipc.DefaultRpcScheduler, ipcBackoff: false.
2019-10-11 07:09:06,501 [Socket Reader #1 for port 34225] INFO  ipc.Server (Server.java:run(1074)) - Starting Socket Reader #1 for port 34225
2019-10-11 07:09:11,509 [main] INFO  hdfs.DFSUtil (DFSUtil.java:httpServerTemplateForNNAndJN(1641)) - Starting Web-server for scm at: http://0.0.0.0:0
2019-10-11 07:09:11,516 [main] INFO  server.AuthenticationFilter (AuthenticationFilter.java:constructSecretProvider(240)) - Unable to initialize FileSignerSecretProvider, falling back to use random secrets.
2019-10-11 07:09:11,518 [main] WARN  http.HttpRequestLog (HttpRequestLog.java:getRequestLog(97)) - Jetty request log can only be enabled using Log4j
2019-10-11 07:09:11,521 [main] INFO  http.HttpServer2 (HttpServer2.java:addGlobalFilter(975)) - Added global filter 'safety' (class=org.apache.hadoop.http.HttpServer2$QuotingInputFilter)
2019-10-11 07:09:11,523 [main] INFO  http.HttpServer2 (HttpServer2.java:addFilter(948)) - Added filter static_user_filter (class=org.apache.hadoop.http.lib.StaticUserWebFilter$StaticUserFilter) to context scm
2019-10-11 07:09:11,523 [main] INFO  http.HttpServer2 (HttpServer2.java:addFilter(958)) - Added filter static_user_filter (class=org.apache.hadoop.http.lib.StaticUserWebFilter$StaticUserFilter) to context static
2019-10-11 07:09:11,523 [main] INFO  http.HttpServer2 (HttpServer2.java:addFilter(958)) - Added filter static_user_filter (class=org.apache.hadoop.http.lib.StaticUserWebFilter$StaticUserFilter) to context logs
2019-10-11 07:09:11,528 [main] INFO  server.StorageContainerManager (StorageContainerManager.java:start(772)) - StorageContainerLocationProtocol RPC server is listening at /0.0.0.0:34225
2019-10-11 07:09:11,534 [main] WARN  impl.MetricsConfig (MetricsConfig.java:loadFirst(134)) - Cannot locate configuration: tried hadoop-metrics2-storagecontainermanager.properties,hadoop-metrics2.properties
2019-10-11 07:09:11,536 [main] INFO  impl.MetricsSystemImpl (MetricsSystemImpl.java:startTimer(374)) - Scheduled Metric snapshot period at 10 second(s).
2019-10-11 07:09:11,536 [main] INFO  impl.MetricsSystemImpl (MetricsSystemImpl.java:start(191)) - StorageContainerManager metrics system started
2019-10-11 07:09:11,548 [main] INFO  lib.Interns (Interns.java:removeEldestEntry(50)) - Metrics intern cache overflow at 2011 for MetricsSystem={MetricsSystem=MetricsInfoImpl{name=MetricsSystem, description=MetricsSystem}, MetricsSystem record=MetricsInfoImpl{name=MetricsSystem, description=MetricsSystem record}}
2019-10-11 07:09:11,566 [main] WARN  impl.MetricsSystemImpl (MetricsSystemImpl.java:register(276)) - Sink prometheus already exists!
2019-10-11 07:09:11,611 [main] INFO  server.SCMClientProtocolServer (SCMClientProtocolServer.java:start(159)) - RPC server for Client  is listening at /0.0.0.0:34225
2019-10-11 07:09:11,612 [IPC Server Responder] INFO  ipc.Server (Server.java:run(1314)) - IPC Server Responder: starting
2019-10-11 07:09:11,612 [IPC Server listener on 34225] INFO  ipc.Server (Server.java:run(1153)) - IPC Server listener on 34225: starting
2019-10-11 07:09:11,617 [main] INFO  server.StorageContainerManager (StorageContainerManager.java:start(782)) - ScmBlockLocationProtocol RPC server is listening at /0.0.0.0:33340
2019-10-11 07:09:11,617 [main] INFO  server.SCMBlockProtocolServer (SCMBlockProtocolServer.java:start(146)) - RPC server for Block Protocol is listening at /0.0.0.0:33340
2019-10-11 07:09:11,618 [IPC Server Responder] INFO  ipc.Server (Server.java:run(1314)) - IPC Server Responder: starting
2019-10-11 07:09:11,618 [IPC Server listener on 33340] INFO  ipc.Server (Server.java:run(1153)) - IPC Server listener on 33340: starting
2019-10-11 07:09:11,623 [main] INFO  server.StorageContainerManager (StorageContainerManager.java:start(786)) - ScmDatanodeProtocl RPC server is listening at /0.0.0.0:40375
2019-10-11 07:09:11,623 [main] INFO  server.SCMDatanodeProtocolServer (SCMDatanodeProtocolServer.java:start(169)) - RPC server for DataNodes is listening at /0.0.0.0:40375
2019-10-11 07:09:11,623 [IPC Server Responder] INFO  ipc.Server (Server.java:run(1314)) - IPC Server Responder: starting
2019-10-11 07:09:11,624 [IPC Server listener on 40375] INFO  ipc.Server (Server.java:run(1153)) - IPC Server listener on 40375: starting
2019-10-11 07:09:11,629 [main] INFO  http.HttpServer2 (HttpServer2.java:bindListener(1191)) - Jetty bound to port 44119
2019-10-11 07:09:11,629 [main] INFO  server.Server (Server.java:doStart(351)) - jetty-9.3.25.v20180904, build timestamp: 2018-09-04T21:11:46Z, git hash: 3ce520221d0240229c862b122d2b06c12a625732
2019-10-11 07:09:11,631 [main] INFO  handler.ContextHandler (ContextHandler.java:doStart(781)) - Started o.e.j.s.ServletContextHandler@468173fa{/logs,file:///workdir/hadoop-ozone/integration-test/target/log,AVAILABLE}
2019-10-11 07:09:11,631 [main] INFO  handler.ContextHandler (ContextHandler.java:doStart(781)) - Started o.e.j.s.ServletContextHandler@6f5bd362{/static,file:///workdir/hadoop-ozone/integration-test/target/test-classes/webapps/static,AVAILABLE}
2019-10-11 07:09:11,636 [main] INFO  handler.ContextHandler (ContextHandler.java:doStart(781)) - Started o.e.j.w.WebAppContext@48eaf42f{/,file:///workdir/hadoop-ozone/integration-test/target/test-classes/webapps/scm/,AVAILABLE}{/scm}
2019-10-11 07:09:11,636 [main] INFO  server.AbstractConnector (AbstractConnector.java:doStart(278)) - Started ServerConnector@488f3dd1{HTTP/1.1,[http/1.1]}{0.0.0.0:44119}
2019-10-11 07:09:11,637 [main] INFO  server.Server (Server.java:doStart(419)) - Started @198799ms
2019-10-11 07:09:11,637 [main] WARN  impl.MetricsSystemImpl (MetricsSystemImpl.java:register(276)) - Sink prometheus already exists!
2019-10-11 07:09:16,644 [main] INFO  server.BaseHttpServer (BaseHttpServer.java:updateConnectorAddress(215)) - HTTP server of SCM is listening at http://0.0.0.0:44119
2019-10-11 07:09:16,652 [main] WARN  server.ServerUtils (ServerUtils.java:getDBPath(222)) - ozone.om.db.dirs is not configured. We recommend adding this setting. Falling back to ozone.metadata.dirs instead.
2019-10-11 07:09:16,652 [org.apache.hadoop.util.JvmPauseMonitor$Monitor@7bc58891] INFO  util.JvmPauseMonitor (JvmPauseMonitor.java:run(188)) - Starting JVM pause monitor
2019-10-11 07:09:16,667 [main] INFO  ha.OMHANodeDetails (OMHANodeDetails.java:loadOMHAConfig(190)) - Configuration either no ozone.om.address set. Falling back to the default OM address /127.0.0.1:0
2019-10-11 07:09:16,668 [main] INFO  ha.OMHANodeDetails (OMHANodeDetails.java:getOMNodeDetails(220)) - OM Service ID is not set. Setting it to the default ID: omServiceIdDefault
2019-10-11 07:09:16,668 [main] WARN  server.ServerUtils (ServerUtils.java:getDBPath(222)) - ozone.om.db.dirs is not configured. We recommend adding this setting. Falling back to ozone.metadata.dirs instead.
2019-10-11 07:09:16,669 [main] WARN  server.ServerUtils (ServerUtils.java:getDBPath(222)) - ozone.om.db.dirs is not configured. We recommend adding this setting. Falling back to ozone.metadata.dirs instead.
2019-10-11 07:09:16,682 [main] WARN  server.ServerUtils (ServerUtils.java:getDBPath(222)) - ozone.om.db.dirs is not configured. We recommend adding this setting. Falling back to ozone.metadata.dirs instead.
2019-10-11 07:09:16,683 [main] INFO  db.DBStoreBuilder (DBStoreBuilder.java:addTable(117)) - using custom profile for table: userTable
2019-10-11 07:09:16,683 [main] INFO  db.DBStoreBuilder (DBStoreBuilder.java:processTables(168)) - Using default column profile:DBProfile.DISK for Table:userTable
2019-10-11 07:09:16,684 [main] INFO  db.DBStoreBuilder (DBStoreBuilder.java:addTable(117)) - using custom profile for table: volumeTable
2019-10-11 07:09:16,684 [main] INFO  db.DBStoreBuilder (DBStoreBuilder.java:processTables(168)) - Using default column profile:DBProfile.DISK for Table:volumeTable
2019-10-11 07:09:16,685 [main] INFO  db.DBStoreBuilder (DBStoreBuilder.java:addTable(117)) - using custom profile for table: bucketTable
2019-10-11 07:09:16,685 [main] INFO  db.DBStoreBuilder (DBStoreBuilder.java:processTables(168)) - Using default column profile:DBProfile.DISK for Table:bucketTable
2019-10-11 07:09:16,685 [main] INFO  db.DBStoreBuilder (DBStoreBuilder.java:addTable(117)) - using custom profile for table: keyTable
2019-10-11 07:09:16,685 [main] INFO  db.DBStoreBuilder (DBStoreBuilder.java:processTables(168)) - Using default column profile:DBProfile.DISK for Table:keyTable
2019-10-11 07:09:16,686 [main] INFO  db.DBStoreBuilder (DBStoreBuilder.java:addTable(117)) - using custom profile for table: deletedTable
2019-10-11 07:09:16,686 [main] INFO  db.DBStoreBuilder (DBStoreBuilder.java:processTables(168)) - Using default column profile:DBProfile.DISK for Table:deletedTable
2019-10-11 07:09:16,686 [main] INFO  db.DBStoreBuilder (DBStoreBuilder.java:addTable(117)) - using custom profile for table: openKeyTable
2019-10-11 07:09:16,686 [main] INFO  db.DBStoreBuilder (DBStoreBuilder.java:processTables(168)) - Using default column profile:DBProfile.DISK for Table:openKeyTable
2019-10-11 07:09:16,687 [main] INFO  db.DBStoreBuilder (DBStoreBuilder.java:addTable(117)) - using custom profile for table: s3Table
2019-10-11 07:09:16,687 [main] INFO  db.DBStoreBuilder (DBStoreBuilder.java:processTables(168)) - Using default column profile:DBProfile.DISK for Table:s3Table
2019-10-11 07:09:16,687 [main] INFO  db.DBStoreBuilder (DBStoreBuilder.java:addTable(117)) - using custom profile for table: multipartInfoTable
2019-10-11 07:09:16,688 [main] INFO  db.DBStoreBuilder (DBStoreBuilder.java:processTables(168)) - Using default column profile:DBProfile.DISK for Table:multipartInfoTable
2019-10-11 07:09:16,688 [main] INFO  db.DBStoreBuilder (DBStoreBuilder.java:addTable(117)) - using custom profile for table: dTokenTable
2019-10-11 07:09:16,688 [main] INFO  db.DBStoreBuilder (DBStoreBuilder.java:processTables(168)) - Using default column profile:DBProfile.DISK for Table:dTokenTable
2019-10-11 07:09:16,688 [main] INFO  db.DBStoreBuilder (DBStoreBuilder.java:addTable(117)) - using custom profile for table: s3SecretTable
2019-10-11 07:09:16,689 [main] INFO  db.DBStoreBuilder (DBStoreBuilder.java:processTables(168)) - Using default column profile:DBProfile.DISK for Table:s3SecretTable
2019-10-11 07:09:16,689 [main] INFO  db.DBStoreBuilder (DBStoreBuilder.java:addTable(117)) - using custom profile for table: prefixTable
2019-10-11 07:09:16,689 [main] INFO  db.DBStoreBuilder (DBStoreBuilder.java:processTables(168)) - Using default column profile:DBProfile.DISK for Table:prefixTable
2019-10-11 07:09:16,690 [main] INFO  db.DBStoreBuilder (DBStoreBuilder.java:addTable(117)) - using custom profile for table: default
2019-10-11 07:09:16,690 [main] INFO  db.DBStoreBuilder (DBStoreBuilder.java:processTables(174)) - Using default column profile:DBProfile.DISK for Table:default
2019-10-11 07:09:16,690 [main] INFO  db.DBStoreBuilder (DBStoreBuilder.java:getDbProfile(205)) - Using default options. DBProfile.DISK
2019-10-11 07:09:17,005 [main] INFO  ipc.CallQueueManager (CallQueueManager.java:<init>(84)) - Using callQueue: class java.util.concurrent.LinkedBlockingQueue, queueCapacity: 2000, scheduler: class org.apache.hadoop.ipc.DefaultRpcScheduler, ipcBackoff: false.
2019-10-11 07:09:17,007 [Socket Reader #1 for port 42058] INFO  ipc.Server (Server.java:run(1074)) - Starting Socket Reader #1 for port 42058
2019-10-11 07:09:17,029 [main] INFO  om.OzoneManager (OzoneManager.java:start(1061)) - OzoneManager RPC server is listening at localhost/127.0.0.1:42058
2019-10-11 07:09:17,029 [main] INFO  impl.MetricsSystemImpl (MetricsSystemImpl.java:init(158)) - OzoneManager metrics system started (again)
2019-10-11 07:09:17,032 [IPC Server Responder] INFO  ipc.Server (Server.java:run(1314)) - IPC Server Responder: starting
2019-10-11 07:09:17,032 [IPC Server listener on 42058] INFO  ipc.Server (Server.java:run(1153)) - IPC Server listener on 42058: starting
2019-10-11 07:09:17,036 [main] INFO  hdfs.DFSUtil (DFSUtil.java:httpServerTemplateForNNAndJN(1641)) - Starting Web-server for ozoneManager at: http://0.0.0.0:0
2019-10-11 07:09:17,042 [main] INFO  server.AuthenticationFilter (AuthenticationFilter.java:constructSecretProvider(240)) - Unable to initialize FileSignerSecretProvider, falling back to use random secrets.
2019-10-11 07:09:17,043 [main] WARN  http.HttpRequestLog (HttpRequestLog.java:getRequestLog(97)) - Jetty request log can only be enabled using Log4j
2019-10-11 07:09:17,045 [main] INFO  http.HttpServer2 (HttpServer2.java:addGlobalFilter(975)) - Added global filter 'safety' (class=org.apache.hadoop.http.HttpServer2$QuotingInputFilter)
2019-10-11 07:09:17,046 [main] INFO  http.HttpServer2 (HttpServer2.java:addFilter(948)) - Added filter static_user_filter (class=org.apache.hadoop.http.lib.StaticUserWebFilter$StaticUserFilter) to context ozoneManager
2019-10-11 07:09:17,046 [main] INFO  http.HttpServer2 (HttpServer2.java:addFilter(958)) - Added filter static_user_filter (class=org.apache.hadoop.http.lib.StaticUserWebFilter$StaticUserFilter) to context static
2019-10-11 07:09:17,046 [main] INFO  http.HttpServer2 (HttpServer2.java:addFilter(958)) - Added filter static_user_filter (class=org.apache.hadoop.http.lib.StaticUserWebFilter$StaticUserFilter) to context logs
2019-10-11 07:09:17,047 [main] INFO  http.HttpServer2 (HttpServer2.java:bindListener(1191)) - Jetty bound to port 45044
2019-10-11 07:09:17,047 [main] INFO  server.Server (Server.java:doStart(351)) - jetty-9.3.25.v20180904, build timestamp: 2018-09-04T21:11:46Z, git hash: 3ce520221d0240229c862b122d2b06c12a625732
2019-10-11 07:09:17,050 [main] INFO  handler.ContextHandler (ContextHandler.java:doStart(781)) - Started o.e.j.s.ServletContextHandler@72bd2871{/logs,file:///workdir/hadoop-ozone/integration-test/target/log,AVAILABLE}
2019-10-11 07:09:17,050 [main] INFO  handler.ContextHandler (ContextHandler.java:doStart(781)) - Started o.e.j.s.ServletContextHandler@2d2b6960{/static,file:///workdir/hadoop-ozone/integration-test/target/test-classes/webapps/static,AVAILABLE}
2019-10-11 07:09:17,056 [main] INFO  handler.ContextHandler (ContextHandler.java:doStart(781)) - Started o.e.j.w.WebAppContext@707ca986{/,file:///workdir/hadoop-ozone/integration-test/target/test-classes/webapps/ozoneManager/,AVAILABLE}{/ozoneManager}
2019-10-11 07:09:17,056 [main] INFO  server.AbstractConnector (AbstractConnector.java:doStart(278)) - Started ServerConnector@4de79b7d{HTTP/1.1,[http/1.1]}{0.0.0.0:45044}
2019-10-11 07:09:17,059 [main] INFO  server.Server (Server.java:doStart(419)) - Started @204221ms
2019-10-11 07:09:17,060 [main] WARN  impl.MetricsSystemImpl (MetricsSystemImpl.java:register(276)) - Sink prometheus already exists!
2019-10-11 07:09:22,066 [main] INFO  server.BaseHttpServer (BaseHttpServer.java:updateConnectorAddress(215)) - HTTP server of OZONEMANAGER is listening at http://0.0.0.0:45044
2019-10-11 07:09:22,110 [main] INFO  impl.MetricsSystemImpl (MetricsSystemImpl.java:init(158)) - HddsDatanode metrics system started (again)
2019-10-11 07:09:22,116 [main] INFO  ozone.HddsDatanodeService (HddsDatanodeService.java:start(184)) - HddsDatanodeService host:pr-hdds-2206-npvv8-3563359771 ip:192.168.164.209
2019-10-11 07:09:22,125 [main] INFO  volume.HddsVolume (HddsVolume.java:<init>(176)) - Creating Volume: /workdir/hadoop-ozone/integration-test/target/test-dir/MiniOzoneClusterImpl-85c8d926-9ea3-4b64-86e7-7cfbc5065fac/datanode-0/data/containers/hdds of  storage type : DISK and capacity : 1482555576320
2019-10-11 07:09:22,125 [main] INFO  volume.VolumeSet (VolumeSet.java:initializeVolumeSet(170)) - Added Volume : /workdir/hadoop-ozone/integration-test/target/test-dir/MiniOzoneClusterImpl-85c8d926-9ea3-4b64-86e7-7cfbc5065fac/datanode-0/data/containers/hdds to VolumeSet
2019-10-11 07:09:22,126 [main] INFO  volume.ThrottledAsyncChecker (ThrottledAsyncChecker.java:schedule(141)) - Scheduling a check for org.apache.hadoop.ozone.container.common.volume.HddsVolume@53940e2f
2019-10-11 07:09:22,126 [main] INFO  volume.HddsVolumeChecker (HddsVolumeChecker.java:checkAllVolumes(204)) - Scheduled health check for volume org.apache.hadoop.ozone.container.common.volume.HddsVolume@53940e2f
2019-10-11 07:09:22,148 [main] INFO  impl.RaftServerProxy (ConfUtils.java:logGet(43)) - raft.rpc.type = GRPC (default)
2019-10-11 07:09:22,148 [main] INFO  grpc.GrpcFactory (GrpcFactory.java:checkPooledByteBufAllocatorUseCacheForAllThreads(45)) - PERFORMANCE WARNING: useCacheForAllThreads is true that may cause Netty to create a lot garbage objects and, as a result, trigger GC.
	It is recommended to disable useCacheForAllThreads by setting -Dorg.apache.ratis.thirdparty.io.netty.allocator.useCacheForAllThreads=false in command line.
2019-10-11 07:09:22,149 [main] INFO  grpc.GrpcConfigKeys$Server (ConfUtils.java:logGet(43)) - raft.grpc.server.port = 0 (default)
2019-10-11 07:09:22,149 [main] INFO  server.GrpcService (ConfUtils.java:logGet(43)) - raft.grpc.message.size.max = 33570816 (custom)
2019-10-11 07:09:22,149 [main] INFO  server.RaftServerConfigKeys (ConfUtils.java:logGet(43)) - raft.server.log.appender.buffer.byte-limit = 33554432 (custom)
2019-10-11 07:09:22,150 [main] INFO  server.GrpcService (ConfUtils.java:logGet(43)) - raft.grpc.flow.control.window = 1MB (=1048576) (default)
2019-10-11 07:09:22,150 [main] INFO  server.RaftServerConfigKeys (ConfUtils.java:logGet(43)) - raft.server.rpc.request.timeout = 3000ms (default)
2019-10-11 07:09:22,152 [main] INFO  server.RaftServerConfigKeys (ConfUtils.java:logGet(43)) - raft.server.storage.dir = [/workdir/hadoop-ozone/integration-test/target/test-dir/MiniOzoneClusterImpl-85c8d926-9ea3-4b64-86e7-7cfbc5065fac/datanode-0/data/ratis] (custom)
2019-10-11 07:09:27,159 [main] INFO  hdfs.DFSUtil (DFSUtil.java:httpServerTemplateForNNAndJN(1641)) - Starting Web-server for hddsDatanode at: http://0.0.0.0:0
2019-10-11 07:09:27,164 [main] INFO  server.AuthenticationFilter (AuthenticationFilter.java:constructSecretProvider(240)) - Unable to initialize FileSignerSecretProvider, falling back to use random secrets.
2019-10-11 07:09:27,165 [main] WARN  http.HttpRequestLog (HttpRequestLog.java:getRequestLog(97)) - Jetty request log can only be enabled using Log4j
2019-10-11 07:09:27,168 [main] INFO  http.HttpServer2 (HttpServer2.java:addGlobalFilter(975)) - Added global filter 'safety' (class=org.apache.hadoop.http.HttpServer2$QuotingInputFilter)
2019-10-11 07:09:27,169 [main] INFO  http.HttpServer2 (HttpServer2.java:addFilter(948)) - Added filter static_user_filter (class=org.apache.hadoop.http.lib.StaticUserWebFilter$StaticUserFilter) to context hddsDatanode
2019-10-11 07:09:27,169 [main] INFO  http.HttpServer2 (HttpServer2.java:addFilter(958)) - Added filter static_user_filter (class=org.apache.hadoop.http.lib.StaticUserWebFilter$StaticUserFilter) to context static
2019-10-11 07:09:27,169 [main] INFO  http.HttpServer2 (HttpServer2.java:addFilter(958)) - Added filter static_user_filter (class=org.apache.hadoop.http.lib.StaticUserWebFilter$StaticUserFilter) to context logs
2019-10-11 07:09:27,170 [main] INFO  http.HttpServer2 (HttpServer2.java:bindListener(1191)) - Jetty bound to port 38848
2019-10-11 07:09:27,171 [main] INFO  server.Server (Server.java:doStart(351)) - jetty-9.3.25.v20180904, build timestamp: 2018-09-04T21:11:46Z, git hash: 3ce520221d0240229c862b122d2b06c12a625732
2019-10-11 07:09:27,174 [main] INFO  handler.ContextHandler (ContextHandler.java:doStart(781)) - Started o.e.j.s.ServletContextHandler@664632e9{/logs,file:///workdir/hadoop-ozone/integration-test/target/log,AVAILABLE}
2019-10-11 07:09:27,174 [main] INFO  handler.ContextHandler (ContextHandler.java:doStart(781)) - Started o.e.j.s.ServletContextHandler@4f379769{/static,jar:file:/home/user/.m2/repository/org/apache/hadoop/hadoop-hdds-container-service/0.5.0-SNAPSHOT/hadoop-hdds-container-service-0.5.0-SNAPSHOT.jar!/webapps/static,AVAILABLE}
2019-10-11 07:09:27,207 [main] INFO  handler.ContextHandler (ContextHandler.java:doStart(781)) - Started o.e.j.w.WebAppContext@4d7a64ca{/,file:///tmp/jetty-0.0.0.0-38848-hddsDatanode-_-any-4885179290176556722.dir/webapp/,AVAILABLE}{/hddsDatanode}
2019-10-11 07:09:27,210 [main] INFO  server.AbstractConnector (AbstractConnector.java:doStart(278)) - Started ServerConnector@76ff68c5{HTTP/1.1,[http/1.1]}{0.0.0.0:38848}
2019-10-11 07:09:27,210 [main] INFO  server.Server (Server.java:doStart(419)) - Started @214372ms
2019-10-11 07:09:27,211 [main] WARN  impl.MetricsSystemImpl (MetricsSystemImpl.java:register(276)) - Sink prometheus already exists!
2019-10-11 07:09:27,212 [main] INFO  server.BaseHttpServer (BaseHttpServer.java:updateConnectorAddress(215)) - HTTP server of HDDSDATANODE is listening at http://0.0.0.0:38848
2019-10-11 07:09:27,213 [main] INFO  impl.MetricsSystemImpl (MetricsSystemImpl.java:init(158)) - HddsDatanode metrics system started (again)
2019-10-11 07:09:27,215 [org.apache.hadoop.util.JvmPauseMonitor$Monitor@3bfa31c7] INFO  util.JvmPauseMonitor (JvmPauseMonitor.java:run(188)) - Starting JVM pause monitor
2019-10-11 07:09:27,218 [main] INFO  ozone.HddsDatanodeService (HddsDatanodeService.java:start(184)) - HddsDatanodeService host:pr-hdds-2206-npvv8-3563359771 ip:192.168.164.209
2019-10-11 07:09:27,231 [Datanode State Machine Thread - 0] INFO  datanode.InitDatanodeState (InitDatanodeState.java:persistContainerDatanodeDetails(140)) - DatanodeDetails is persisted to /workdir/hadoop-ozone/integration-test/target/test-dir/MiniOzoneClusterImpl-85c8d926-9ea3-4b64-86e7-7cfbc5065fac/datanode-0/meta/datanode.id
2019-10-11 07:09:27,233 [main] INFO  volume.HddsVolume (HddsVolume.java:<init>(176)) - Creating Volume: /workdir/hadoop-ozone/integration-test/target/test-dir/MiniOzoneClusterImpl-85c8d926-9ea3-4b64-86e7-7cfbc5065fac/datanode-1/data/containers/hdds of  storage type : DISK and capacity : 1482555576320
2019-10-11 07:09:27,234 [main] INFO  volume.VolumeSet (VolumeSet.java:initializeVolumeSet(170)) - Added Volume : /workdir/hadoop-ozone/integration-test/target/test-dir/MiniOzoneClusterImpl-85c8d926-9ea3-4b64-86e7-7cfbc5065fac/datanode-1/data/containers/hdds to VolumeSet
2019-10-11 07:09:27,234 [main] INFO  volume.ThrottledAsyncChecker (ThrottledAsyncChecker.java:schedule(141)) - Scheduling a check for org.apache.hadoop.ozone.container.common.volume.HddsVolume@4aa31ffc
2019-10-11 07:09:27,234 [main] INFO  volume.HddsVolumeChecker (HddsVolumeChecker.java:checkAllVolumes(204)) - Scheduled health check for volume org.apache.hadoop.ozone.container.common.volume.HddsVolume@4aa31ffc
2019-10-11 07:09:27,252 [main] INFO  impl.RaftServerProxy (ConfUtils.java:logGet(43)) - raft.rpc.type = GRPC (default)
2019-10-11 07:09:27,252 [main] INFO  grpc.GrpcFactory (GrpcFactory.java:checkPooledByteBufAllocatorUseCacheForAllThreads(45)) - PERFORMANCE WARNING: useCacheForAllThreads is true that may cause Netty to create a lot garbage objects and, as a result, trigger GC.
	It is recommended to disable useCacheForAllThreads by setting -Dorg.apache.ratis.thirdparty.io.netty.allocator.useCacheForAllThreads=false in command line.
2019-10-11 07:09:27,253 [main] INFO  grpc.GrpcConfigKeys$Server (ConfUtils.java:logGet(43)) - raft.grpc.server.port = 0 (default)
2019-10-11 07:09:27,253 [main] INFO  server.GrpcService (ConfUtils.java:logGet(43)) - raft.grpc.message.size.max = 33570816 (custom)
2019-10-11 07:09:27,253 [main] INFO  server.RaftServerConfigKeys (ConfUtils.java:logGet(43)) - raft.server.log.appender.buffer.byte-limit = 33554432 (custom)
2019-10-11 07:09:27,253 [main] INFO  server.GrpcService (ConfUtils.java:logGet(43)) - raft.grpc.flow.control.window = 1MB (=1048576) (default)
2019-10-11 07:09:27,253 [main] INFO  server.RaftServerConfigKeys (ConfUtils.java:logGet(43)) - raft.server.rpc.request.timeout = 3000ms (default)
2019-10-11 07:09:27,254 [main] INFO  server.RaftServerConfigKeys (ConfUtils.java:logGet(43)) - raft.server.storage.dir = [/workdir/hadoop-ozone/integration-test/target/test-dir/MiniOzoneClusterImpl-85c8d926-9ea3-4b64-86e7-7cfbc5065fac/datanode-1/data/ratis] (custom)
2019-10-11 07:09:29,247 [Datanode State Machine Thread - 0] INFO  ozoneimpl.OzoneContainer (OzoneContainer.java:start(213)) - Attempting to start container services.
2019-10-11 07:09:29,248 [Datanode State Machine Thread - 0] INFO  ozoneimpl.OzoneContainer (OzoneContainer.java:startContainerScrub(177)) - Background container scanner has been disabled.
2019-10-11 07:09:29,248 [Datanode State Machine Thread - 0] INFO  ratis.XceiverServerRatis (XceiverServerRatis.java:start(418)) - Starting XceiverServerRatis 58d7d782-e238-4c9b-b037-a54f89fdb2a5 at port 0
2019-10-11 07:09:29,255 [Datanode State Machine Thread - 0] INFO  impl.RaftServerProxy (RaftServerProxy.java:lambda$start$3(299)) - 58d7d782-e238-4c9b-b037-a54f89fdb2a5: start RPC server
2019-10-11 07:09:29,259 [Datanode State Machine Thread - 0] INFO  server.GrpcService (GrpcService.java:startImpl(158)) - 58d7d782-e238-4c9b-b037-a54f89fdb2a5: GrpcService started, listening on 0.0.0.0/0.0.0.0:35497
2019-10-11 07:09:29,259 [Datanode State Machine Thread - 0] INFO  ratis.XceiverServerRatis (XceiverServerRatis.java:start(428)) - XceiverServerRatis 58d7d782-e238-4c9b-b037-a54f89fdb2a5 is started using port 35497
2019-10-11 07:09:29,260 [Datanode State Machine Thread - 0] INFO  server.XceiverServerGrpc (XceiverServerGrpc.java:start(149)) - XceiverServerGrpc 58d7d782-e238-4c9b-b037-a54f89fdb2a5 is started using port 44831
2019-10-11 07:09:31,222 [IPC Server handler 0 on 40375] INFO  net.NetworkTopology (NetworkTopologyImpl.java:add(111)) - Added a new node: /default-rack/58d7d782-e238-4c9b-b037-a54f89fdb2a5
2019-10-11 07:09:31,224 [IPC Server handler 0 on 40375] INFO  node.SCMNodeManager (SCMNodeManager.java:register(268)) - Registered Data node : 58d7d782-e238-4c9b-b037-a54f89fdb2a5{ip: 192.168.164.209, host: pr-hdds-2206-npvv8-3563359771, networkLocation: /default-rack, certSerialId: null}
2019-10-11 07:09:31,225 [EventQueue-NodeRegistrationContainerReportForDataNodeSafeModeRule] INFO  safemode.SCMSafeModeManager (DataNodeSafeModeRule.java:process(71)) - SCM in safe mode. 1 DataNodes registered, 1 required.
2019-10-11 07:09:31,226 [EventQueue-NodeRegistrationContainerReportForDataNodeSafeModeRule] INFO  safemode.SCMSafeModeManager (SCMSafeModeManager.java:validateSafeModeExitRules(177)) - ScmSafeModeManager, all rules are successfully validated
2019-10-11 07:09:31,227 [EventQueue-NodeRegistrationContainerReportForDataNodeSafeModeRule] INFO  safemode.SCMSafeModeManager (SCMSafeModeManager.java:exitSafeMode(193)) - SCM exiting safe mode.
2019-10-11 07:09:31,246 [grpc-default-executor-6] INFO  impl.RaftServerProxy (RaftServerProxy.java:addNew(89)) - 58d7d782-e238-4c9b-b037-a54f89fdb2a5: addNew group-346A59803FD3:[58d7d782-e238-4c9b-b037-a54f89fdb2a5:192.168.164.209:35497] returns group-346A59803FD3:java.util.concurrent.CompletableFuture@1f6fb452[Not completed]
2019-10-11 07:09:31,252 [pool-207-thread-1] INFO  impl.RaftServerImpl (RaftServerImpl.java:<init>(95)) - 58d7d782-e238-4c9b-b037-a54f89fdb2a5: new RaftServerImpl for group-346A59803FD3:[58d7d782-e238-4c9b-b037-a54f89fdb2a5:192.168.164.209:35497] with ContainerStateMachine:uninitialized
2019-10-11 07:09:31,252 [pool-207-thread-1] INFO  server.RaftServerConfigKeys (ConfUtils.java:logGet(43)) - raft.server.rpc.timeout.min = 5s (custom)
2019-10-11 07:09:31,252 [pool-207-thread-1] INFO  server.RaftServerConfigKeys (ConfUtils.java:logGet(43)) - raft.server.rpc.timeout.max = 5200ms (custom)
2019-10-11 07:09:31,252 [pool-207-thread-1] INFO  server.RaftServerConfigKeys (ConfUtils.java:logGet(43)) - raft.server.rpcslowness.timeout = 120s (custom)
2019-10-11 07:09:31,253 [pool-207-thread-1] INFO  server.RaftServerConfigKeys (ConfUtils.java:logGet(43)) - raft.server.sleep.deviation.threshold = 300 (default)
2019-10-11 07:09:31,253 [pool-207-thread-1] INFO  server.RaftServerConfigKeys (ConfUtils.java:logGet(43)) - raft.server.log.appender.install.snapshot.enabled = false (custom)
2019-10-11 07:09:31,253 [pool-207-thread-1] INFO  impl.RaftServerImpl (ServerState.java:<init>(103)) - 58d7d782-e238-4c9b-b037-a54f89fdb2a5@group-346A59803FD3: ConfigurationManager, init=-1: [58d7d782-e238-4c9b-b037-a54f89fdb2a5:192.168.164.209:35497], old=null, confs=<EMPTY_MAP>
2019-10-11 07:09:31,253 [pool-207-thread-1] INFO  server.RaftServerConfigKeys (ConfUtils.java:logGet(43)) - raft.server.storage.dir = [/workdir/hadoop-ozone/integration-test/target/test-dir/MiniOzoneClusterImpl-85c8d926-9ea3-4b64-86e7-7cfbc5065fac/datanode-0/data/ratis] (custom)
2019-10-11 07:09:31,254 [pool-207-thread-1] INFO  server.RaftServerConfigKeys (ConfUtils.java:logGet(43)) - raft.server.log.corruption.policy = EXCEPTION (default)
2019-10-11 07:09:31,255 [pool-207-thread-1] INFO  storage.RaftStorageDirectory (RaftStorageDirectory.java:analyzeStorage(246)) - The storage directory /workdir/hadoop-ozone/integration-test/target/test-dir/MiniOzoneClusterImpl-85c8d926-9ea3-4b64-86e7-7cfbc5065fac/datanode-0/data/ratis/4bd782d4-cb83-4085-836b-346a59803fd3 does not exist. Creating ...
2019-10-11 07:09:31,279 [pool-207-thread-1] INFO  storage.RaftStorageDirectory (RaftStorageDirectory.java:tryLock(328)) - Lock on /workdir/hadoop-ozone/integration-test/target/test-dir/MiniOzoneClusterImpl-85c8d926-9ea3-4b64-86e7-7cfbc5065fac/datanode-0/data/ratis/4bd782d4-cb83-4085-836b-346a59803fd3/in_use.lock acquired by nodename 16310@pr-hdds-2206-npvv8-3563359771
2019-10-11 07:09:31,302 [pool-207-thread-1] INFO  storage.RaftStorage (RaftStorage.java:format(84)) - Storage directory /workdir/hadoop-ozone/integration-test/target/test-dir/MiniOzoneClusterImpl-85c8d926-9ea3-4b64-86e7-7cfbc5065fac/datanode-0/data/ratis/4bd782d4-cb83-4085-836b-346a59803fd3 has been successfully formatted.
2019-10-11 07:09:31,302 [pool-207-thread-1] INFO  ratis.ContainerStateMachine (ContainerStateMachine.java:loadSnapshot(231)) - group-346A59803FD3: The snapshot info is null. Setting the last applied indexto:(t:0, i:~)
2019-10-11 07:09:31,302 [pool-207-thread-1] INFO  server.RaftServerConfigKeys (ConfUtils.java:logGet(43)) - raft.server.notification.no-leader.timeout = 120s (custom)
2019-10-11 07:09:31,303 [pool-207-thread-1] INFO  server.RaftServerConfigKeys (ConfUtils.java:logGet(43)) - raft.server.log.use.memory = false (default)
2019-10-11 07:09:31,303 [pool-207-thread-1] INFO  server.RaftServerConfigKeys (ConfUtils.java:logGet(43)) - raft.server.log.purge.gap = 1000000 (custom)
2019-10-11 07:09:31,303 [pool-207-thread-1] INFO  server.RaftServerConfigKeys (ConfUtils.java:logGet(43)) - raft.server.log.appender.buffer.byte-limit = 33554432 (custom)
2019-10-11 07:09:31,303 [pool-207-thread-1] INFO  server.RaftServerConfigKeys (ConfUtils.java:logGet(43)) - raft.server.log.segment.size.max = 1048576 (custom)
2019-10-11 07:09:31,306 [pool-207-thread-1] INFO  server.RaftServerConfigKeys (ConfUtils.java:logGet(43)) - raft.server.log.segment.cache.num.max = 2 (custom)
2019-10-11 07:09:31,306 [pool-207-thread-1] INFO  segmented.SegmentedRaftLogWorker (SegmentedRaftLogWorker.java:<init>(173)) - new 58d7d782-e238-4c9b-b037-a54f89fdb2a5@group-346A59803FD3-SegmentedRaftLogWorker for RaftStorage:Storage Directory /workdir/hadoop-ozone/integration-test/target/test-dir/MiniOzoneClusterImpl-85c8d926-9ea3-4b64-86e7-7cfbc5065fac/datanode-0/data/ratis/4bd782d4-cb83-4085-836b-346a59803fd3
2019-10-11 07:09:31,306 [pool-207-thread-1] INFO  server.RaftServerConfigKeys (ConfUtils.java:logGet(43)) - raft.server.log.queue.byte-limit = 2147483647 (custom)
2019-10-11 07:09:31,306 [pool-207-thread-1] INFO  server.RaftServerConfigKeys (ConfUtils.java:logGet(43)) - raft.server.log.queue.element-limit = 1024 (custom)
2019-10-11 07:09:31,307 [pool-207-thread-1] INFO  server.RaftServerConfigKeys (ConfUtils.java:logGet(43)) - raft.server.log.segment.size.max = 1048576 (custom)
2019-10-11 07:09:31,307 [pool-207-thread-1] INFO  server.RaftServerConfigKeys (ConfUtils.java:logGet(43)) - raft.server.log.preallocated.size = 16384 (custom)
2019-10-11 07:09:31,307 [pool-207-thread-1] INFO  server.RaftServerConfigKeys (ConfUtils.java:logGet(43)) - raft.server.log.write.buffer.size = 33554432 (custom)
2019-10-11 07:09:31,307 [pool-207-thread-1] INFO  server.RaftServerConfigKeys (ConfUtils.java:logGet(43)) - raft.server.log.force.sync.num = 128 (default)
2019-10-11 07:09:31,307 [pool-207-thread-1] INFO  server.RaftServerConfigKeys (ConfUtils.java:logGet(43)) - raft.server.log.statemachine.data.sync = true (default)
2019-10-11 07:09:31,307 [pool-207-thread-1] INFO  server.RaftServerConfigKeys (ConfUtils.java:logGet(43)) - raft.server.log.statemachine.data.sync.timeout = 10s (default)
2019-10-11 07:09:31,308 [pool-207-thread-1] INFO  server.RaftServerConfigKeys (ConfUtils.java:logGet(43)) - raft.server.log.statemachine.data.sync.timeout.retry = -1 (default)
2019-10-11 07:09:31,308 [pool-207-thread-1] INFO  server.RaftServerConfigKeys (ConfUtils.java:logGet(43)) - raft.server.log.statemachine.data.caching.enabled = true (custom)
2019-10-11 07:09:31,308 [pool-207-thread-1] INFO  segmented.SegmentedRaftLogWorker (SegmentedRaftLogWorker.java:lambda$new$0(128)) - 58d7d782-e238-4c9b-b037-a54f89fdb2a5@group-346A59803FD3-SegmentedRaftLogWorker: flushIndex: setUnconditionally 0 -> -1
2019-10-11 07:09:31,309 [pool-207-thread-1] INFO  server.RaftServerConfigKeys (ConfUtils.java:logGet(43)) - raft.server.snapshot.auto.trigger.enabled = true (custom)
2019-10-11 07:09:31,309 [pool-207-thread-1] INFO  server.RaftServerConfigKeys (ConfUtils.java:logGet(43)) - raft.server.snapshot.auto.trigger.threshold = 10000 (custom)
2019-10-11 07:09:31,309 [pool-207-thread-1] INFO  server.RaftServerConfigKeys (ConfUtils.java:logGet(43)) - raft.server.snapshot.retention.file.num = 5 (custom)
2019-10-11 07:09:31,310 [pool-207-thread-1] INFO  server.RaftServerConfigKeys (ConfUtils.java:logGet(43)) - raft.server.retrycache.expirytime = 600000ms (custom)
2019-10-11 07:09:31,312 [pool-207-thread-1] INFO  impl.RaftServerImpl (RaftServerImpl.java:start(181)) - 58d7d782-e238-4c9b-b037-a54f89fdb2a5@group-346A59803FD3: start as a follower, conf=-1: [58d7d782-e238-4c9b-b037-a54f89fdb2a5:192.168.164.209:35497], old=null
2019-10-11 07:09:31,312 [pool-207-thread-1] INFO  impl.RaftServerImpl (RaftServerImpl.java:setRole(170)) - 58d7d782-e238-4c9b-b037-a54f89fdb2a5@group-346A59803FD3: changes role from      null to FOLLOWER at term 0 for startAsFollower
2019-10-11 07:09:31,312 [pool-207-thread-1] INFO  impl.RoleInfo (RoleInfo.java:updateAndGet(143)) - 58d7d782-e238-4c9b-b037-a54f89fdb2a5: start FollowerState
2019-10-11 07:09:31,313 [pool-207-thread-1] INFO  util.JmxRegister (JmxRegister.java:tryRegister(44)) - Successfully registered JMX Bean with object name Ratis:service=RaftServer,group=group-346A59803FD3,id=58d7d782-e238-4c9b-b037-a54f89fdb2a5
2019-10-11 07:09:31,322 [RatisPipelineUtilsThread] INFO  pipeline.PipelineStateManager (PipelineStateManager.java:addPipeline(56)) - Created pipeline Pipeline[ Id: 4bd782d4-cb83-4085-836b-346a59803fd3, Nodes: 58d7d782-e238-4c9b-b037-a54f89fdb2a5{ip: 192.168.164.209, host: pr-hdds-2206-npvv8-3563359771, networkLocation: /default-rack, certSerialId: null}, Type:RATIS, Factor:ONE, State:OPEN]
2019-10-11 07:09:32,260 [main] INFO  hdfs.DFSUtil (DFSUtil.java:httpServerTemplateForNNAndJN(1641)) - Starting Web-server for hddsDatanode at: http://0.0.0.0:0
2019-10-11 07:09:32,264 [main] INFO  server.AuthenticationFilter (AuthenticationFilter.java:constructSecretProvider(240)) - Unable to initialize FileSignerSecretProvider, falling back to use random secrets.
2019-10-11 07:09:32,265 [main] WARN  http.HttpRequestLog (HttpRequestLog.java:getRequestLog(97)) - Jetty request log can only be enabled using Log4j
2019-10-11 07:09:32,268 [main] INFO  http.HttpServer2 (HttpServer2.java:addGlobalFilter(975)) - Added global filter 'safety' (class=org.apache.hadoop.http.HttpServer2$QuotingInputFilter)
2019-10-11 07:09:32,269 [main] INFO  http.HttpServer2 (HttpServer2.java:addFilter(948)) - Added filter static_user_filter (class=org.apache.hadoop.http.lib.StaticUserWebFilter$StaticUserFilter) to context hddsDatanode
2019-10-11 07:09:32,269 [main] INFO  http.HttpServer2 (HttpServer2.java:addFilter(958)) - Added filter static_user_filter (class=org.apache.hadoop.http.lib.StaticUserWebFilter$StaticUserFilter) to context logs
2019-10-11 07:09:32,269 [main] INFO  http.HttpServer2 (HttpServer2.java:addFilter(958)) - Added filter static_user_filter (class=org.apache.hadoop.http.lib.StaticUserWebFilter$StaticUserFilter) to context static
2019-10-11 07:09:32,270 [main] INFO  http.HttpServer2 (HttpServer2.java:bindListener(1191)) - Jetty bound to port 43523
2019-10-11 07:09:32,271 [main] INFO  server.Server (Server.java:doStart(351)) - jetty-9.3.25.v20180904, build timestamp: 2018-09-04T21:11:46Z, git hash: 3ce520221d0240229c862b122d2b06c12a625732
2019-10-11 07:09:32,274 [main] INFO  handler.ContextHandler (ContextHandler.java:doStart(781)) - Started o.e.j.s.ServletContextHandler@1150d471{/logs,file:///workdir/hadoop-ozone/integration-test/target/log,AVAILABLE}
2019-10-11 07:09:32,275 [main] INFO  handler.ContextHandler (ContextHandler.java:doStart(781)) - Started o.e.j.s.ServletContextHandler@654e6a90{/static,jar:file:/home/user/.m2/repository/org/apache/hadoop/hadoop-hdds-container-service/0.5.0-SNAPSHOT/hadoop-hdds-container-service-0.5.0-SNAPSHOT.jar!/webapps/static,AVAILABLE}
2019-10-11 07:09:32,317 [main] INFO  handler.ContextHandler (ContextHandler.java:doStart(781)) - Started o.e.j.w.WebAppContext@62b57479{/,file:///tmp/jetty-0.0.0.0-43523-hddsDatanode-_-any-115245459410445547.dir/webapp/,AVAILABLE}{/hddsDatanode}
2019-10-11 07:09:32,320 [main] INFO  server.AbstractConnector (AbstractConnector.java:doStart(278)) - Started ServerConnector@29a33620{HTTP/1.1,[http/1.1]}{0.0.0.0:43523}
2019-10-11 07:09:32,320 [main] INFO  server.Server (Server.java:doStart(419)) - Started @219482ms
2019-10-11 07:09:32,320 [main] WARN  impl.MetricsSystemImpl (MetricsSystemImpl.java:register(276)) - Sink prometheus already exists!
2019-10-11 07:09:32,321 [main] INFO  server.BaseHttpServer (BaseHttpServer.java:updateConnectorAddress(215)) - HTTP server of HDDSDATANODE is listening at http://0.0.0.0:43523
2019-10-11 07:09:32,322 [main] INFO  impl.MetricsSystemImpl (MetricsSystemImpl.java:init(158)) - HddsDatanode metrics system started (again)
2019-10-11 07:09:32,324 [org.apache.hadoop.util.JvmPauseMonitor$Monitor@4a847551] INFO  util.JvmPauseMonitor (JvmPauseMonitor.java:run(188)) - Starting JVM pause monitor
2019-10-11 07:09:32,331 [Datanode State Machine Thread - 0] INFO  datanode.InitDatanodeState (InitDatanodeState.java:persistContainerDatanodeDetails(140)) - DatanodeDetails is persisted to /workdir/hadoop-ozone/integration-test/target/test-dir/MiniOzoneClusterImpl-85c8d926-9ea3-4b64-86e7-7cfbc5065fac/datanode-1/meta/datanode.id
2019-10-11 07:09:32,331 [main] INFO  ozone.HddsDatanodeService (HddsDatanodeService.java:start(184)) - HddsDatanodeService host:pr-hdds-2206-npvv8-3563359771 ip:192.168.164.209
2019-10-11 07:09:32,340 [main] INFO  volume.HddsVolume (HddsVolume.java:<init>(176)) - Creating Volume: /workdir/hadoop-ozone/integration-test/target/test-dir/MiniOzoneClusterImpl-85c8d926-9ea3-4b64-86e7-7cfbc5065fac/datanode-2/data/containers/hdds of  storage type : DISK and capacity : 1482555576320
2019-10-11 07:09:32,341 [main] INFO  volume.VolumeSet (VolumeSet.java:initializeVolumeSet(170)) - Added Volume : /workdir/hadoop-ozone/integration-test/target/test-dir/MiniOzoneClusterImpl-85c8d926-9ea3-4b64-86e7-7cfbc5065fac/datanode-2/data/containers/hdds to VolumeSet
2019-10-11 07:09:32,341 [main] INFO  volume.ThrottledAsyncChecker (ThrottledAsyncChecker.java:schedule(141)) - Scheduling a check for org.apache.hadoop.ozone.container.common.volume.HddsVolume@77f4c040
2019-10-11 07:09:32,343 [main] INFO  volume.HddsVolumeChecker (HddsVolumeChecker.java:checkAllVolumes(204)) - Scheduled health check for volume org.apache.hadoop.ozone.container.common.volume.HddsVolume@77f4c040
2019-10-11 07:09:32,368 [main] INFO  impl.RaftServerProxy (ConfUtils.java:logGet(43)) - raft.rpc.type = GRPC (default)
2019-10-11 07:09:32,368 [main] INFO  grpc.GrpcFactory (GrpcFactory.java:checkPooledByteBufAllocatorUseCacheForAllThreads(45)) - PERFORMANCE WARNING: useCacheForAllThreads is true that may cause Netty to create a lot garbage objects and, as a result, trigger GC.
	It is recommended to disable useCacheForAllThreads by setting -Dorg.apache.ratis.thirdparty.io.netty.allocator.useCacheForAllThreads=false in command line.
2019-10-11 07:09:32,369 [main] INFO  grpc.GrpcConfigKeys$Server (ConfUtils.java:logGet(43)) - raft.grpc.server.port = 0 (default)
2019-10-11 07:09:32,369 [main] INFO  server.GrpcService (ConfUtils.java:logGet(43)) - raft.grpc.message.size.max = 33570816 (custom)
2019-10-11 07:09:32,369 [main] INFO  server.RaftServerConfigKeys (ConfUtils.java:logGet(43)) - raft.server.log.appender.buffer.byte-limit = 33554432 (custom)
2019-10-11 07:09:32,369 [main] INFO  server.GrpcService (ConfUtils.java:logGet(43)) - raft.grpc.flow.control.window = 1MB (=1048576) (default)
2019-10-11 07:09:32,370 [main] INFO  server.RaftServerConfigKeys (ConfUtils.java:logGet(43)) - raft.server.rpc.request.timeout = 3000ms (default)
2019-10-11 07:09:32,371 [main] INFO  server.RaftServerConfigKeys (ConfUtils.java:logGet(43)) - raft.server.storage.dir = [/workdir/hadoop-ozone/integration-test/target/test-dir/MiniOzoneClusterImpl-85c8d926-9ea3-4b64-86e7-7cfbc5065fac/datanode-2/data/ratis] (custom)
2019-10-11 07:09:34,228 [Thread-1490] INFO  container.ReplicationManager (ReplicationManager.java:start(162)) - Starting Replication Monitor Thread.
2019-10-11 07:09:34,232 [ReplicationMonitor] INFO  container.ReplicationManager (ReplicationManager.java:run(225)) - Replication Monitor Thread took 0 milliseconds for processing 0 containers.
2019-10-11 07:09:34,341 [Datanode State Machine Thread - 0] INFO  ozoneimpl.OzoneContainer (OzoneContainer.java:start(213)) - Attempting to start container services.
2019-10-11 07:09:34,343 [Datanode State Machine Thread - 0] INFO  ozoneimpl.OzoneContainer (OzoneContainer.java:startContainerScrub(177)) - Background container scanner has been disabled.
2019-10-11 07:09:34,343 [Datanode State Machine Thread - 0] INFO  ratis.XceiverServerRatis (XceiverServerRatis.java:start(418)) - Starting XceiverServerRatis b8d03a4d-e915-4eff-b2e5-95cc028c1e9d at port 0
2019-10-11 07:09:34,350 [Datanode State Machine Thread - 0] INFO  impl.RaftServerProxy (RaftServerProxy.java:lambda$start$3(299)) - b8d03a4d-e915-4eff-b2e5-95cc028c1e9d: start RPC server
2019-10-11 07:09:34,351 [Datanode State Machine Thread - 0] INFO  server.GrpcService (GrpcService.java:startImpl(158)) - b8d03a4d-e915-4eff-b2e5-95cc028c1e9d: GrpcService started, listening on 0.0.0.0/0.0.0.0:43671
2019-10-11 07:09:34,351 [Datanode State Machine Thread - 0] INFO  ratis.XceiverServerRatis (XceiverServerRatis.java:start(428)) - XceiverServerRatis b8d03a4d-e915-4eff-b2e5-95cc028c1e9d is started using port 43671
2019-10-11 07:09:34,351 [Datanode State Machine Thread - 0] INFO  server.XceiverServerGrpc (XceiverServerGrpc.java:start(149)) - XceiverServerGrpc b8d03a4d-e915-4eff-b2e5-95cc028c1e9d is started using port 37020
2019-10-11 07:09:36,325 [IPC Server handler 4 on 40375] INFO  net.NetworkTopology (NetworkTopologyImpl.java:add(111)) - Added a new node: /default-rack/b8d03a4d-e915-4eff-b2e5-95cc028c1e9d
2019-10-11 07:09:36,325 [IPC Server handler 4 on 40375] INFO  node.SCMNodeManager (SCMNodeManager.java:register(268)) - Registered Data node : b8d03a4d-e915-4eff-b2e5-95cc028c1e9d{ip: 192.168.164.209, host: pr-hdds-2206-npvv8-3563359771, networkLocation: /default-rack, certSerialId: null}
2019-10-11 07:09:36,345 [grpc-default-executor-6] INFO  impl.RaftServerProxy (RaftServerProxy.java:addNew(89)) - b8d03a4d-e915-4eff-b2e5-95cc028c1e9d: addNew group-B7A0D0F9DB94:[b8d03a4d-e915-4eff-b2e5-95cc028c1e9d:192.168.164.209:43671] returns group-B7A0D0F9DB94:java.util.concurrent.CompletableFuture@15c8f3c7[Not completed]
2019-10-11 07:09:36,347 [pool-217-thread-1] INFO  impl.RaftServerImpl (RaftServerImpl.java:<init>(95)) - b8d03a4d-e915-4eff-b2e5-95cc028c1e9d: new RaftServerImpl for group-B7A0D0F9DB94:[b8d03a4d-e915-4eff-b2e5-95cc028c1e9d:192.168.164.209:43671] with ContainerStateMachine:uninitialized
2019-10-11 07:09:36,347 [pool-217-thread-1] INFO  server.RaftServerConfigKeys (ConfUtils.java:logGet(43)) - raft.server.rpc.timeout.min = 5s (custom)
2019-10-11 07:09:36,347 [pool-217-thread-1] INFO  server.RaftServerConfigKeys (ConfUtils.java:logGet(43)) - raft.server.rpc.timeout.max = 5200ms (custom)
2019-10-11 07:09:36,347 [pool-217-thread-1] INFO  server.RaftServerConfigKeys (ConfUtils.java:logGet(43)) - raft.server.rpcslowness.timeout = 120s (custom)
2019-10-11 07:09:36,348 [pool-217-thread-1] INFO  server.RaftServerConfigKeys (ConfUtils.java:logGet(43)) - raft.server.sleep.deviation.threshold = 300 (default)
2019-10-11 07:09:36,348 [pool-217-thread-1] INFO  server.RaftServerConfigKeys (ConfUtils.java:logGet(43)) - raft.server.log.appender.install.snapshot.enabled = false (custom)
2019-10-11 07:09:36,348 [pool-217-thread-1] INFO  impl.RaftServerImpl (ServerState.java:<init>(103)) - b8d03a4d-e915-4eff-b2e5-95cc028c1e9d@group-B7A0D0F9DB94: ConfigurationManager, init=-1: [b8d03a4d-e915-4eff-b2e5-95cc028c1e9d:192.168.164.209:43671], old=null, confs=<EMPTY_MAP>
2019-10-11 07:09:36,348 [pool-217-thread-1] INFO  server.RaftServerConfigKeys (ConfUtils.java:logGet(43)) - raft.server.storage.dir = [/workdir/hadoop-ozone/integration-test/target/test-dir/MiniOzoneClusterImpl-85c8d926-9ea3-4b64-86e7-7cfbc5065fac/datanode-1/data/ratis] (custom)
2019-10-11 07:09:36,348 [pool-217-thread-1] INFO  server.RaftServerConfigKeys (ConfUtils.java:logGet(43)) - raft.server.log.corruption.policy = EXCEPTION (default)
2019-10-11 07:09:36,349 [pool-217-thread-1] INFO  storage.RaftStorageDirectory (RaftStorageDirectory.java:analyzeStorage(246)) - The storage directory /workdir/hadoop-ozone/integration-test/target/test-dir/MiniOzoneClusterImpl-85c8d926-9ea3-4b64-86e7-7cfbc5065fac/datanode-1/data/ratis/431be79b-7ff1-405e-8492-b7a0d0f9db94 does not exist. Creating ...
2019-10-11 07:09:36,372 [pool-217-thread-1] INFO  storage.RaftStorageDirectory (RaftStorageDirectory.java:tryLock(328)) - Lock on /workdir/hadoop-ozone/integration-test/target/test-dir/MiniOzoneClusterImpl-85c8d926-9ea3-4b64-86e7-7cfbc5065fac/datanode-1/data/ratis/431be79b-7ff1-405e-8492-b7a0d0f9db94/in_use.lock acquired by nodename 16310@pr-hdds-2206-npvv8-3563359771
2019-10-11 07:09:36,395 [pool-217-thread-1] INFO  storage.RaftStorage (RaftStorage.java:format(84)) - Storage directory /workdir/hadoop-ozone/integration-test/target/test-dir/MiniOzoneClusterImpl-85c8d926-9ea3-4b64-86e7-7cfbc5065fac/datanode-1/data/ratis/431be79b-7ff1-405e-8492-b7a0d0f9db94 has been successfully formatted.
2019-10-11 07:09:36,396 [pool-217-thread-1] INFO  ratis.ContainerStateMachine (ContainerStateMachine.java:loadSnapshot(231)) - group-B7A0D0F9DB94: The snapshot info is null. Setting the last applied indexto:(t:0, i:~)
2019-10-11 07:09:36,396 [pool-217-thread-1] INFO  server.RaftServerConfigKeys (ConfUtils.java:logGet(43)) - raft.server.notification.no-leader.timeout = 120s (custom)
2019-10-11 07:09:36,396 [pool-217-thread-1] INFO  server.RaftServerConfigKeys (ConfUtils.java:logGet(43)) - raft.server.log.use.memory = false (default)
2019-10-11 07:09:36,396 [pool-217-thread-1] INFO  server.RaftServerConfigKeys (ConfUtils.java:logGet(43)) - raft.server.log.purge.gap = 1000000 (custom)
2019-10-11 07:09:36,396 [pool-217-thread-1] INFO  server.RaftServerConfigKeys (ConfUtils.java:logGet(43)) - raft.server.log.appender.buffer.byte-limit = 33554432 (custom)
2019-10-11 07:09:36,397 [pool-217-thread-1] INFO  server.RaftServerConfigKeys (ConfUtils.java:logGet(43)) - raft.server.log.segment.size.max = 1048576 (custom)
2019-10-11 07:09:36,400 [pool-217-thread-1] INFO  server.RaftServerConfigKeys (ConfUtils.java:logGet(43)) - raft.server.log.segment.cache.num.max = 2 (custom)
2019-10-11 07:09:36,400 [pool-217-thread-1] INFO  segmented.SegmentedRaftLogWorker (SegmentedRaftLogWorker.java:<init>(173)) - new b8d03a4d-e915-4eff-b2e5-95cc028c1e9d@group-B7A0D0F9DB94-SegmentedRaftLogWorker for RaftStorage:Storage Directory /workdir/hadoop-ozone/integration-test/target/test-dir/MiniOzoneClusterImpl-85c8d926-9ea3-4b64-86e7-7cfbc5065fac/datanode-1/data/ratis/431be79b-7ff1-405e-8492-b7a0d0f9db94
2019-10-11 07:09:36,400 [pool-217-thread-1] INFO  server.RaftServerConfigKeys (ConfUtils.java:logGet(43)) - raft.server.log.queue.byte-limit = 2147483647 (custom)
2019-10-11 07:09:36,400 [pool-217-thread-1] INFO  server.RaftServerConfigKeys (ConfUtils.java:logGet(43)) - raft.server.log.queue.element-limit = 1024 (custom)
2019-10-11 07:09:36,400 [pool-217-thread-1] INFO  server.RaftServerConfigKeys (ConfUtils.java:logGet(43)) - raft.server.log.segment.size.max = 1048576 (custom)
2019-10-11 07:09:36,400 [pool-217-thread-1] INFO  server.RaftServerConfigKeys (ConfUtils.java:logGet(43)) - raft.server.log.preallocated.size = 16384 (custom)
2019-10-11 07:09:36,401 [pool-217-thread-1] INFO  server.RaftServerConfigKeys (ConfUtils.java:logGet(43)) - raft.server.log.write.buffer.size = 33554432 (custom)
2019-10-11 07:09:36,401 [pool-217-thread-1] INFO  server.RaftServerConfigKeys (ConfUtils.java:logGet(43)) - raft.server.log.force.sync.num = 128 (default)
2019-10-11 07:09:36,401 [pool-217-thread-1] INFO  server.RaftServerConfigKeys (ConfUtils.java:logGet(43)) - raft.server.log.statemachine.data.sync = true (default)
2019-10-11 07:09:36,401 [pool-217-thread-1] INFO  server.RaftServerConfigKeys (ConfUtils.java:logGet(43)) - raft.server.log.statemachine.data.sync.timeout = 10s (default)
2019-10-11 07:09:36,401 [pool-217-thread-1] INFO  server.RaftServerConfigKeys (ConfUtils.java:logGet(43)) - raft.server.log.statemachine.data.sync.timeout.retry = -1 (default)
2019-10-11 07:09:36,402 [pool-217-thread-1] INFO  server.RaftServerConfigKeys (ConfUtils.java:logGet(43)) - raft.server.log.statemachine.data.caching.enabled = true (custom)
2019-10-11 07:09:36,403 [pool-217-thread-1] INFO  segmented.SegmentedRaftLogWorker (SegmentedRaftLogWorker.java:lambda$new$0(128)) - b8d03a4d-e915-4eff-b2e5-95cc028c1e9d@group-B7A0D0F9DB94-SegmentedRaftLogWorker: flushIndex: setUnconditionally 0 -> -1
2019-10-11 07:09:36,404 [pool-217-thread-1] INFO  server.RaftServerConfigKeys (ConfUtils.java:logGet(43)) - raft.server.snapshot.auto.trigger.enabled = true (custom)
2019-10-11 07:09:36,404 [pool-217-thread-1] INFO  server.RaftServerConfigKeys (ConfUtils.java:logGet(43)) - raft.server.snapshot.auto.trigger.threshold = 10000 (custom)
2019-10-11 07:09:36,404 [pool-217-thread-1] INFO  server.RaftServerConfigKeys (ConfUtils.java:logGet(43)) - raft.server.snapshot.retention.file.num = 5 (custom)
2019-10-11 07:09:36,404 [pool-217-thread-1] INFO  server.RaftServerConfigKeys (ConfUtils.java:logGet(43)) - raft.server.retrycache.expirytime = 600000ms (custom)
2019-10-11 07:09:36,406 [pool-217-thread-1] INFO  impl.RaftServerImpl (RaftServerImpl.java:start(181)) - b8d03a4d-e915-4eff-b2e5-95cc028c1e9d@group-B7A0D0F9DB94: start as a follower, conf=-1: [b8d03a4d-e915-4eff-b2e5-95cc028c1e9d:192.168.164.209:43671], old=null
2019-10-11 07:09:36,406 [pool-217-thread-1] INFO  impl.RaftServerImpl (RaftServerImpl.java:setRole(170)) - b8d03a4d-e915-4eff-b2e5-95cc028c1e9d@group-B7A0D0F9DB94: changes role from      null to FOLLOWER at term 0 for startAsFollower
2019-10-11 07:09:36,407 [pool-217-thread-1] INFO  impl.RoleInfo (RoleInfo.java:updateAndGet(143)) - b8d03a4d-e915-4eff-b2e5-95cc028c1e9d: start FollowerState
2019-10-11 07:09:36,407 [pool-217-thread-1] INFO  util.JmxRegister (JmxRegister.java:tryRegister(44)) - Successfully registered JMX Bean with object name Ratis:service=RaftServer,group=group-B7A0D0F9DB94,id=b8d03a4d-e915-4eff-b2e5-95cc028c1e9d
2019-10-11 07:09:36,414 [RatisPipelineUtilsThread] INFO  pipeline.PipelineStateManager (PipelineStateManager.java:addPipeline(56)) - Created pipeline Pipeline[ Id: 431be79b-7ff1-405e-8492-b7a0d0f9db94, Nodes: b8d03a4d-e915-4eff-b2e5-95cc028c1e9d{ip: 192.168.164.209, host: pr-hdds-2206-npvv8-3563359771, networkLocation: /default-rack, certSerialId: null}, Type:RATIS, Factor:ONE, State:OPEN]
2019-10-11 07:09:36,491 [Thread-1492] INFO  impl.FollowerState (FollowerState.java:run(108)) - 58d7d782-e238-4c9b-b037-a54f89fdb2a5@group-346A59803FD3-FollowerState: change to CANDIDATE, lastRpcTime:5178ms, electionTimeout:5178ms
2019-10-11 07:09:36,491 [Thread-1492] INFO  impl.RoleInfo (RoleInfo.java:shutdownFollowerState(121)) - 58d7d782-e238-4c9b-b037-a54f89fdb2a5: shutdown FollowerState
2019-10-11 07:09:36,491 [Thread-1492] INFO  impl.RaftServerImpl (RaftServerImpl.java:setRole(170)) - 58d7d782-e238-4c9b-b037-a54f89fdb2a5@group-346A59803FD3: changes role from  FOLLOWER to CANDIDATE at term 0 for changeToCandidate
2019-10-11 07:09:36,491 [Thread-1492] INFO  impl.RoleInfo (RoleInfo.java:updateAndGet(143)) - 58d7d782-e238-4c9b-b037-a54f89fdb2a5: start LeaderElection
2019-10-11 07:09:36,516 [58d7d782-e238-4c9b-b037-a54f89fdb2a5@group-346A59803FD3-LeaderElection53] INFO  impl.LeaderElection (LeaderElection.java:askForVotes(178)) - 58d7d782-e238-4c9b-b037-a54f89fdb2a5@group-346A59803FD3-LeaderElection53: begin an election at term 1 for -1: [58d7d782-e238-4c9b-b037-a54f89fdb2a5:192.168.164.209:35497], old=null
2019-10-11 07:09:36,516 [58d7d782-e238-4c9b-b037-a54f89fdb2a5@group-346A59803FD3-LeaderElection53] INFO  impl.RoleInfo (RoleInfo.java:shutdownLeaderElection(134)) - 58d7d782-e238-4c9b-b037-a54f89fdb2a5: shutdown LeaderElection
2019-10-11 07:09:36,516 [58d7d782-e238-4c9b-b037-a54f89fdb2a5@group-346A59803FD3-LeaderElection53] INFO  impl.RaftServerImpl (RaftServerImpl.java:setRole(170)) - 58d7d782-e238-4c9b-b037-a54f89fdb2a5@group-346A59803FD3: changes role from CANDIDATE to LEADER at term 1 for changeToLeader
2019-10-11 07:09:36,517 [58d7d782-e238-4c9b-b037-a54f89fdb2a5@group-346A59803FD3-LeaderElection53] INFO  impl.RaftServerImpl (ServerState.java:setLeader(255)) - 58d7d782-e238-4c9b-b037-a54f89fdb2a5@group-346A59803FD3: change Leader from null to 58d7d782-e238-4c9b-b037-a54f89fdb2a5 at term 1 for becomeLeader, leader elected after 5214ms
2019-10-11 07:09:36,517 [58d7d782-e238-4c9b-b037-a54f89fdb2a5@group-346A59803FD3-LeaderElection53] INFO  server.RaftServerConfigKeys (ConfUtils.java:logGet(43)) - raft.server.staging.catchup.gap = 1000 (default)
2019-10-11 07:09:36,517 [58d7d782-e238-4c9b-b037-a54f89fdb2a5@group-346A59803FD3-LeaderElection53] INFO  server.RaftServerConfigKeys (ConfUtils.java:logGet(43)) - raft.server.rpc.sleep.time = 25ms (default)
2019-10-11 07:09:36,517 [58d7d782-e238-4c9b-b037-a54f89fdb2a5@group-346A59803FD3-LeaderElection53] INFO  server.RaftServerConfigKeys (ConfUtils.java:logGet(43)) - raft.server.write.element-limit = 4096 (default)
2019-10-11 07:09:36,517 [58d7d782-e238-4c9b-b037-a54f89fdb2a5@group-346A59803FD3-LeaderElection53] INFO  server.RaftServerConfigKeys (ConfUtils.java:logGet(43)) - raft.server.watch.timeout = 10s (default)
2019-10-11 07:09:36,518 [58d7d782-e238-4c9b-b037-a54f89fdb2a5@group-346A59803FD3-LeaderElection53] INFO  server.RaftServerConfigKeys (ConfUtils.java:logGet(43)) - raft.server.watch.timeout.denomination = 1s (default)
2019-10-11 07:09:36,518 [58d7d782-e238-4c9b-b037-a54f89fdb2a5@group-346A59803FD3-LeaderElection53] INFO  server.RaftServerConfigKeys (ConfUtils.java:logGet(43)) - raft.server.watch.element-limit = 65536 (default)
2019-10-11 07:09:36,520 [58d7d782-e238-4c9b-b037-a54f89fdb2a5@group-346A59803FD3-LeaderElection53] INFO  impl.RoleInfo (RoleInfo.java:updateAndGet(143)) - 58d7d782-e238-4c9b-b037-a54f89fdb2a5: start LeaderState
2019-10-11 07:09:36,520 [58d7d782-e238-4c9b-b037-a54f89fdb2a5@group-346A59803FD3-LeaderElection53] INFO  segmented.SegmentedRaftLogWorker (SegmentedRaftLogWorker.java:startLogSegment(385)) - 58d7d782-e238-4c9b-b037-a54f89fdb2a5@group-346A59803FD3-SegmentedRaftLogWorker: Starting segment from index:0
2019-10-11 07:09:36,521 [58d7d782-e238-4c9b-b037-a54f89fdb2a5@group-346A59803FD3-LeaderElection53] INFO  impl.RaftServerImpl (ServerState.java:setRaftConf(356)) - 58d7d782-e238-4c9b-b037-a54f89fdb2a5@group-346A59803FD3: set configuration 0: [58d7d782-e238-4c9b-b037-a54f89fdb2a5:192.168.164.209:35497], old=null at 0
2019-10-11 07:09:36,575 [58d7d782-e238-4c9b-b037-a54f89fdb2a5@group-346A59803FD3-SegmentedRaftLogWorker] INFO  segmented.SegmentedRaftLogWorker (SegmentedRaftLogWorker.java:execute(574)) - 58d7d782-e238-4c9b-b037-a54f89fdb2a5@group-346A59803FD3-SegmentedRaftLogWorker: created new log segment /workdir/hadoop-ozone/integration-test/target/test-dir/MiniOzoneClusterImpl-85c8d926-9ea3-4b64-86e7-7cfbc5065fac/datanode-0/data/ratis/4bd782d4-cb83-4085-836b-346a59803fd3/current/log_inprogress_0
2019-10-11 07:09:37,378 [main] INFO  hdfs.DFSUtil (DFSUtil.java:httpServerTemplateForNNAndJN(1641)) - Starting Web-server for hddsDatanode at: http://0.0.0.0:0
2019-10-11 07:09:37,380 [main] INFO  server.AuthenticationFilter (AuthenticationFilter.java:constructSecretProvider(240)) - Unable to initialize FileSignerSecretProvider, falling back to use random secrets.
2019-10-11 07:09:37,381 [main] WARN  http.HttpRequestLog (HttpRequestLog.java:getRequestLog(97)) - Jetty request log can only be enabled using Log4j
2019-10-11 07:09:37,383 [main] INFO  http.HttpServer2 (HttpServer2.java:addGlobalFilter(975)) - Added global filter 'safety' (class=org.apache.hadoop.http.HttpServer2$QuotingInputFilter)
2019-10-11 07:09:37,384 [main] INFO  http.HttpServer2 (HttpServer2.java:addFilter(948)) - Added filter static_user_filter (class=org.apache.hadoop.http.lib.StaticUserWebFilter$StaticUserFilter) to context hddsDatanode
2019-10-11 07:09:37,385 [main] INFO  http.HttpServer2 (HttpServer2.java:addFilter(958)) - Added filter static_user_filter (class=org.apache.hadoop.http.lib.StaticUserWebFilter$StaticUserFilter) to context static
2019-10-11 07:09:37,385 [main] INFO  http.HttpServer2 (HttpServer2.java:addFilter(958)) - Added filter static_user_filter (class=org.apache.hadoop.http.lib.StaticUserWebFilter$StaticUserFilter) to context logs
2019-10-11 07:09:37,386 [main] INFO  http.HttpServer2 (HttpServer2.java:bindListener(1191)) - Jetty bound to port 42393
2019-10-11 07:09:37,386 [main] INFO  server.Server (Server.java:doStart(351)) - jetty-9.3.25.v20180904, build timestamp: 2018-09-04T21:11:46Z, git hash: 3ce520221d0240229c862b122d2b06c12a625732
2019-10-11 07:09:37,389 [main] INFO  handler.ContextHandler (ContextHandler.java:doStart(781)) - Started o.e.j.s.ServletContextHandler@79e7188e{/logs,file:///workdir/hadoop-ozone/integration-test/target/log,AVAILABLE}
2019-10-11 07:09:37,389 [main] INFO  handler.ContextHandler (ContextHandler.java:doStart(781)) - Started o.e.j.s.ServletContextHandler@7fedb795{/static,jar:file:/home/user/.m2/repository/org/apache/hadoop/hadoop-hdds-container-service/0.5.0-SNAPSHOT/hadoop-hdds-container-service-0.5.0-SNAPSHOT.jar!/webapps/static,AVAILABLE}
2019-10-11 07:09:37,432 [main] INFO  handler.ContextHandler (ContextHandler.java:doStart(781)) - Started o.e.j.w.WebAppContext@19fd43da{/,file:///tmp/jetty-0.0.0.0-42393-hddsDatanode-_-any-6655569709850276484.dir/webapp/,AVAILABLE}{/hddsDatanode}
2019-10-11 07:09:37,433 [main] INFO  server.AbstractConnector (AbstractConnector.java:doStart(278)) - Started ServerConnector@115dcaea{HTTP/1.1,[http/1.1]}{0.0.0.0:42393}
2019-10-11 07:09:37,436 [main] INFO  server.Server (Server.java:doStart(419)) - Started @224597ms
2019-10-11 07:09:37,436 [main] WARN  impl.MetricsSystemImpl (MetricsSystemImpl.java:register(276)) - Sink prometheus already exists!
2019-10-11 07:09:41,466 [Thread-1511] INFO  impl.FollowerState (FollowerState.java:run(108)) - b8d03a4d-e915-4eff-b2e5-95cc028c1e9d@group-B7A0D0F9DB94-FollowerState: change to CANDIDATE, lastRpcTime:5059ms, electionTimeout:5059ms
2019-10-11 07:09:41,467 [Thread-1511] INFO  impl.RoleInfo (RoleInfo.java:shutdownFollowerState(121)) - b8d03a4d-e915-4eff-b2e5-95cc028c1e9d: shutdown FollowerState
2019-10-11 07:09:41,468 [Thread-1511] INFO  impl.RaftServerImpl (RaftServerImpl.java:setRole(170)) - b8d03a4d-e915-4eff-b2e5-95cc028c1e9d@group-B7A0D0F9DB94: changes role from  FOLLOWER to CANDIDATE at term 0 for changeToCandidate
2019-10-11 07:09:41,468 [Thread-1511] INFO  impl.RoleInfo (RoleInfo.java:updateAndGet(143)) - b8d03a4d-e915-4eff-b2e5-95cc028c1e9d: start LeaderElection
2019-10-11 07:09:41,496 [b8d03a4d-e915-4eff-b2e5-95cc028c1e9d@group-B7A0D0F9DB94-LeaderElection54] INFO  impl.LeaderElection (LeaderElection.java:askForVotes(178)) - b8d03a4d-e915-4eff-b2e5-95cc028c1e9d@group-B7A0D0F9DB94-LeaderElection54: begin an election at term 1 for -1: [b8d03a4d-e915-4eff-b2e5-95cc028c1e9d:192.168.164.209:43671], old=null
2019-10-11 07:09:41,497 [b8d03a4d-e915-4eff-b2e5-95cc028c1e9d@group-B7A0D0F9DB94-LeaderElection54] INFO  impl.RoleInfo (RoleInfo.java:shutdownLeaderElection(134)) - b8d03a4d-e915-4eff-b2e5-95cc028c1e9d: shutdown LeaderElection
2019-10-11 07:09:41,497 [b8d03a4d-e915-4eff-b2e5-95cc028c1e9d@group-B7A0D0F9DB94-LeaderElection54] INFO  impl.RaftServerImpl (RaftServerImpl.java:setRole(170)) - b8d03a4d-e915-4eff-b2e5-95cc028c1e9d@group-B7A0D0F9DB94: changes role from CANDIDATE to LEADER at term 1 for changeToLeader
2019-10-11 07:09:41,497 [b8d03a4d-e915-4eff-b2e5-95cc028c1e9d@group-B7A0D0F9DB94-LeaderElection54] INFO  impl.RaftServerImpl (ServerState.java:setLeader(255)) - b8d03a4d-e915-4eff-b2e5-95cc028c1e9d@group-B7A0D0F9DB94: change Leader from null to b8d03a4d-e915-4eff-b2e5-95cc028c1e9d at term 1 for becomeLeader, leader elected after 5101ms
2019-10-11 07:09:41,498 [b8d03a4d-e915-4eff-b2e5-95cc028c1e9d@group-B7A0D0F9DB94-LeaderElection54] INFO  server.RaftServerConfigKeys (ConfUtils.java:logGet(43)) - raft.server.staging.catchup.gap = 1000 (default)
2019-10-11 07:09:41,498 [b8d03a4d-e915-4eff-b2e5-95cc028c1e9d@group-B7A0D0F9DB94-LeaderElection54] INFO  server.RaftServerConfigKeys (ConfUtils.java:logGet(43)) - raft.server.rpc.sleep.time = 25ms (default)
2019-10-11 07:09:41,498 [b8d03a4d-e915-4eff-b2e5-95cc028c1e9d@group-B7A0D0F9DB94-LeaderElection54] INFO  server.RaftServerConfigKeys (ConfUtils.java:logGet(43)) - raft.server.write.element-limit = 4096 (default)
2019-10-11 07:09:41,499 [b8d03a4d-e915-4eff-b2e5-95cc028c1e9d@group-B7A0D0F9DB94-LeaderElection54] INFO  server.RaftServerConfigKeys (ConfUtils.java:logGet(43)) - raft.server.watch.timeout = 10s (default)
2019-10-11 07:09:41,499 [b8d03a4d-e915-4eff-b2e5-95cc028c1e9d@group-B7A0D0F9DB94-LeaderElection54] INFO  server.RaftServerConfigKeys (ConfUtils.java:logGet(43)) - raft.server.watch.timeout.denomination = 1s (default)
2019-10-11 07:09:41,499 [b8d03a4d-e915-4eff-b2e5-95cc028c1e9d@group-B7A0D0F9DB94-LeaderElection54] INFO  server.RaftServerConfigKeys (ConfUtils.java:logGet(43)) - raft.server.watch.element-limit = 65536 (default)
2019-10-11 07:09:41,503 [b8d03a4d-e915-4eff-b2e5-95cc028c1e9d@group-B7A0D0F9DB94-LeaderElection54] INFO  impl.RoleInfo (RoleInfo.java:updateAndGet(143)) - b8d03a4d-e915-4eff-b2e5-95cc028c1e9d: start LeaderState
2019-10-11 07:09:41,504 [b8d03a4d-e915-4eff-b2e5-95cc028c1e9d@group-B7A0D0F9DB94-LeaderElection54] INFO  segmented.SegmentedRaftLogWorker (SegmentedRaftLogWorker.java:startLogSegment(385)) - b8d03a4d-e915-4eff-b2e5-95cc028c1e9d@group-B7A0D0F9DB94-SegmentedRaftLogWorker: Starting segment from index:0
2019-10-11 07:09:41,506 [b8d03a4d-e915-4eff-b2e5-95cc028c1e9d@group-B7A0D0F9DB94-LeaderElection54] INFO  impl.RaftServerImpl (ServerState.java:setRaftConf(356)) - b8d03a4d-e915-4eff-b2e5-95cc028c1e9d@group-B7A0D0F9DB94: set configuration 0: [b8d03a4d-e915-4eff-b2e5-95cc028c1e9d:192.168.164.209:43671], old=null at 0
2019-10-11 07:09:41,568 [b8d03a4d-e915-4eff-b2e5-95cc028c1e9d@group-B7A0D0F9DB94-SegmentedRaftLogWorker] INFO  segmented.SegmentedRaftLogWorker (SegmentedRaftLogWorker.java:execute(574)) - b8d03a4d-e915-4eff-b2e5-95cc028c1e9d@group-B7A0D0F9DB94-SegmentedRaftLogWorker: created new log segment /workdir/hadoop-ozone/integration-test/target/test-dir/MiniOzoneClusterImpl-85c8d926-9ea3-4b64-86e7-7cfbc5065fac/datanode-1/data/ratis/431be79b-7ff1-405e-8492-b7a0d0f9db94/current/log_inprogress_0
2019-10-11 07:09:42,440 [main] INFO  server.BaseHttpServer (BaseHttpServer.java:updateConnectorAddress(215)) - HTTP server of HDDSDATANODE is listening at http://0.0.0.0:42393
2019-10-11 07:09:42,441 [main] INFO  impl.MetricsSystemImpl (MetricsSystemImpl.java:init(158)) - HddsDatanode metrics system started (again)
2019-10-11 07:09:42,447 [org.apache.hadoop.util.JvmPauseMonitor$Monitor@4f08109c] INFO  util.JvmPauseMonitor (JvmPauseMonitor.java:run(188)) - Starting JVM pause monitor
2019-10-11 07:09:42,447 [main] INFO  ozone.HddsDatanodeService (HddsDatanodeService.java:start(184)) - HddsDatanodeService host:pr-hdds-2206-npvv8-3563359771 ip:192.168.164.209
2019-10-11 07:09:42,450 [Datanode State Machine Thread - 0] INFO  datanode.InitDatanodeState (InitDatanodeState.java:persistContainerDatanodeDetails(140)) - DatanodeDetails is persisted to /workdir/hadoop-ozone/integration-test/target/test-dir/MiniOzoneClusterImpl-85c8d926-9ea3-4b64-86e7-7cfbc5065fac/datanode-2/meta/datanode.id
2019-10-11 07:09:42,455 [main] INFO  volume.HddsVolume (HddsVolume.java:<init>(176)) - Creating Volume: /workdir/hadoop-ozone/integration-test/target/test-dir/MiniOzoneClusterImpl-85c8d926-9ea3-4b64-86e7-7cfbc5065fac/datanode-3/data/containers/hdds of  storage type : DISK and capacity : 1482555576320
2019-10-11 07:09:42,455 [main] INFO  volume.VolumeSet (VolumeSet.java:initializeVolumeSet(170)) - Added Volume : /workdir/hadoop-ozone/integration-test/target/test-dir/MiniOzoneClusterImpl-85c8d926-9ea3-4b64-86e7-7cfbc5065fac/datanode-3/data/containers/hdds to VolumeSet
2019-10-11 07:09:42,456 [main] INFO  volume.ThrottledAsyncChecker (ThrottledAsyncChecker.java:schedule(141)) - Scheduling a check for org.apache.hadoop.ozone.container.common.volume.HddsVolume@12f279b5
2019-10-11 07:09:42,457 [main] INFO  volume.HddsVolumeChecker (HddsVolumeChecker.java:checkAllVolumes(204)) - Scheduled health check for volume org.apache.hadoop.ozone.container.common.volume.HddsVolume@12f279b5
2019-10-11 07:09:42,483 [main] INFO  impl.RaftServerProxy (ConfUtils.java:logGet(43)) - raft.rpc.type = GRPC (default)
2019-10-11 07:09:42,483 [main] INFO  grpc.GrpcFactory (GrpcFactory.java:checkPooledByteBufAllocatorUseCacheForAllThreads(45)) - PERFORMANCE WARNING: useCacheForAllThreads is true that may cause Netty to create a lot garbage objects and, as a result, trigger GC.
	It is recommended to disable useCacheForAllThreads by setting -Dorg.apache.ratis.thirdparty.io.netty.allocator.useCacheForAllThreads=false in command line.
2019-10-11 07:09:42,484 [main] INFO  grpc.GrpcConfigKeys$Server (ConfUtils.java:logGet(43)) - raft.grpc.server.port = 0 (default)
2019-10-11 07:09:42,484 [main] INFO  server.GrpcService (ConfUtils.java:logGet(43)) - raft.grpc.message.size.max = 33570816 (custom)
2019-10-11 07:09:42,484 [main] INFO  server.RaftServerConfigKeys (ConfUtils.java:logGet(43)) - raft.server.log.appender.buffer.byte-limit = 33554432 (custom)
2019-10-11 07:09:42,485 [main] INFO  server.GrpcService (ConfUtils.java:logGet(43)) - raft.grpc.flow.control.window = 1MB (=1048576) (default)
2019-10-11 07:09:42,485 [main] INFO  server.RaftServerConfigKeys (ConfUtils.java:logGet(43)) - raft.server.rpc.request.timeout = 3000ms (default)
2019-10-11 07:09:42,486 [main] INFO  server.RaftServerConfigKeys (ConfUtils.java:logGet(43)) - raft.server.storage.dir = [/workdir/hadoop-ozone/integration-test/target/test-dir/MiniOzoneClusterImpl-85c8d926-9ea3-4b64-86e7-7cfbc5065fac/datanode-3/data/ratis] (custom)
2019-10-11 07:09:44,472 [Datanode State Machine Thread - 0] INFO  ozoneimpl.OzoneContainer (OzoneContainer.java:start(213)) - Attempting to start container services.
2019-10-11 07:09:44,473 [Datanode State Machine Thread - 0] INFO  ozoneimpl.OzoneContainer (OzoneContainer.java:startContainerScrub(177)) - Background container scanner has been disabled.
2019-10-11 07:09:44,473 [Datanode State Machine Thread - 0] INFO  ratis.XceiverServerRatis (XceiverServerRatis.java:start(418)) - Starting XceiverServerRatis 0f24eb1f-961d-4620-8d5d-0b1f3f575a32 at port 0
2019-10-11 07:09:44,478 [Datanode State Machine Thread - 0] INFO  impl.RaftServerProxy (RaftServerProxy.java:lambda$start$3(299)) - 0f24eb1f-961d-4620-8d5d-0b1f3f575a32: start RPC server
2019-10-11 07:09:44,479 [Datanode State Machine Thread - 0] INFO  server.GrpcService (GrpcService.java:startImpl(158)) - 0f24eb1f-961d-4620-8d5d-0b1f3f575a32: GrpcService started, listening on 0.0.0.0/0.0.0.0:41020
2019-10-11 07:09:44,479 [Datanode State Machine Thread - 0] INFO  ratis.XceiverServerRatis (XceiverServerRatis.java:start(428)) - XceiverServerRatis 0f24eb1f-961d-4620-8d5d-0b1f3f575a32 is started using port 41020
2019-10-11 07:09:44,480 [Datanode State Machine Thread - 0] INFO  server.XceiverServerGrpc (XceiverServerGrpc.java:start(149)) - XceiverServerGrpc 0f24eb1f-961d-4620-8d5d-0b1f3f575a32 is started using port 36273
2019-10-11 07:09:46,450 [IPC Server handler 5 on 40375] INFO  net.NetworkTopology (NetworkTopologyImpl.java:add(111)) - Added a new node: /default-rack/0f24eb1f-961d-4620-8d5d-0b1f3f575a32
2019-10-11 07:09:46,450 [IPC Server handler 5 on 40375] INFO  node.SCMNodeManager (SCMNodeManager.java:register(268)) - Registered Data node : 0f24eb1f-961d-4620-8d5d-0b1f3f575a32{ip: 192.168.164.209, host: pr-hdds-2206-npvv8-3563359771, networkLocation: /default-rack, certSerialId: null}
2019-10-11 07:09:46,468 [grpc-default-executor-6] INFO  impl.RaftServerProxy (RaftServerProxy.java:addNew(89)) - 0f24eb1f-961d-4620-8d5d-0b1f3f575a32: addNew group-982829F90A63:[0f24eb1f-961d-4620-8d5d-0b1f3f575a32:192.168.164.209:41020] returns group-982829F90A63:java.util.concurrent.CompletableFuture@64d33650[Not completed]
2019-10-11 07:09:46,471 [pool-227-thread-1] INFO  impl.RaftServerImpl (RaftServerImpl.java:<init>(95)) - 0f24eb1f-961d-4620-8d5d-0b1f3f575a32: new RaftServerImpl for group-982829F90A63:[0f24eb1f-961d-4620-8d5d-0b1f3f575a32:192.168.164.209:41020] with ContainerStateMachine:uninitialized
2019-10-11 07:09:46,471 [pool-227-thread-1] INFO  server.RaftServerConfigKeys (ConfUtils.java:logGet(43)) - raft.server.rpc.timeout.min = 5s (custom)
2019-10-11 07:09:46,471 [pool-227-thread-1] INFO  server.RaftServerConfigKeys (ConfUtils.java:logGet(43)) - raft.server.rpc.timeout.max = 5200ms (custom)
2019-10-11 07:09:46,471 [pool-227-thread-1] INFO  server.RaftServerConfigKeys (ConfUtils.java:logGet(43)) - raft.server.rpcslowness.timeout = 120s (custom)
2019-10-11 07:09:46,472 [pool-227-thread-1] INFO  server.RaftServerConfigKeys (ConfUtils.java:logGet(43)) - raft.server.sleep.deviation.threshold = 300 (default)
2019-10-11 07:09:46,472 [pool-227-thread-1] INFO  server.RaftServerConfigKeys (ConfUtils.java:logGet(43)) - raft.server.log.appender.install.snapshot.enabled = false (custom)
2019-10-11 07:09:46,472 [pool-227-thread-1] INFO  impl.RaftServerImpl (ServerState.java:<init>(103)) - 0f24eb1f-961d-4620-8d5d-0b1f3f575a32@group-982829F90A63: ConfigurationManager, init=-1: [0f24eb1f-961d-4620-8d5d-0b1f3f575a32:192.168.164.209:41020], old=null, confs=<EMPTY_MAP>
2019-10-11 07:09:46,472 [pool-227-thread-1] INFO  server.RaftServerConfigKeys (ConfUtils.java:logGet(43)) - raft.server.storage.dir = [/workdir/hadoop-ozone/integration-test/target/test-dir/MiniOzoneClusterImpl-85c8d926-9ea3-4b64-86e7-7cfbc5065fac/datanode-2/data/ratis] (custom)
2019-10-11 07:09:46,472 [pool-227-thread-1] INFO  server.RaftServerConfigKeys (ConfUtils.java:logGet(43)) - raft.server.log.corruption.policy = EXCEPTION (default)
2019-10-11 07:09:46,473 [pool-227-thread-1] INFO  storage.RaftStorageDirectory (RaftStorageDirectory.java:analyzeStorage(246)) - The storage directory /workdir/hadoop-ozone/integration-test/target/test-dir/MiniOzoneClusterImpl-85c8d926-9ea3-4b64-86e7-7cfbc5065fac/datanode-2/data/ratis/1153aa22-2bfd-4725-8f5a-982829f90a63 does not exist. Creating ...
2019-10-11 07:09:46,497 [pool-227-thread-1] INFO  storage.RaftStorageDirectory (RaftStorageDirectory.java:tryLock(328)) - Lock on /workdir/hadoop-ozone/integration-test/target/test-dir/MiniOzoneClusterImpl-85c8d926-9ea3-4b64-86e7-7cfbc5065fac/datanode-2/data/ratis/1153aa22-2bfd-4725-8f5a-982829f90a63/in_use.lock acquired by nodename 16310@pr-hdds-2206-npvv8-3563359771
2019-10-11 07:09:46,520 [pool-227-thread-1] INFO  storage.RaftStorage (RaftStorage.java:format(84)) - Storage directory /workdir/hadoop-ozone/integration-test/target/test-dir/MiniOzoneClusterImpl-85c8d926-9ea3-4b64-86e7-7cfbc5065fac/datanode-2/data/ratis/1153aa22-2bfd-4725-8f5a-982829f90a63 has been successfully formatted.
2019-10-11 07:09:46,521 [pool-227-thread-1] INFO  ratis.ContainerStateMachine (ContainerStateMachine.java:loadSnapshot(231)) - group-982829F90A63: The snapshot info is null. Setting the last applied indexto:(t:0, i:~)
2019-10-11 07:09:46,521 [pool-227-thread-1] INFO  server.RaftServerConfigKeys (ConfUtils.java:logGet(43)) - raft.server.notification.no-leader.timeout = 120s (custom)
2019-10-11 07:09:46,521 [pool-227-thread-1] INFO  server.RaftServerConfigKeys (ConfUtils.java:logGet(43)) - raft.server.log.use.memory = false (default)
2019-10-11 07:09:46,521 [pool-227-thread-1] INFO  server.RaftServerConfigKeys (ConfUtils.java:logGet(43)) - raft.server.log.purge.gap = 1000000 (custom)
2019-10-11 07:09:46,522 [pool-227-thread-1] INFO  server.RaftServerConfigKeys (ConfUtils.java:logGet(43)) - raft.server.log.appender.buffer.byte-limit = 33554432 (custom)
2019-10-11 07:09:46,522 [pool-227-thread-1] INFO  server.RaftServerConfigKeys (ConfUtils.java:logGet(43)) - raft.server.log.segment.size.max = 1048576 (custom)
2019-10-11 07:09:46,524 [pool-227-thread-1] INFO  server.RaftServerConfigKeys (ConfUtils.java:logGet(43)) - raft.server.log.segment.cache.num.max = 2 (custom)
2019-10-11 07:09:46,524 [pool-227-thread-1] INFO  segmented.SegmentedRaftLogWorker (SegmentedRaftLogWorker.java:<init>(173)) - new 0f24eb1f-961d-4620-8d5d-0b1f3f575a32@group-982829F90A63-SegmentedRaftLogWorker for RaftStorage:Storage Directory /workdir/hadoop-ozone/integration-test/target/test-dir/MiniOzoneClusterImpl-85c8d926-9ea3-4b64-86e7-7cfbc5065fac/datanode-2/data/ratis/1153aa22-2bfd-4725-8f5a-982829f90a63
2019-10-11 07:09:46,524 [pool-227-thread-1] INFO  server.RaftServerConfigKeys (ConfUtils.java:logGet(43)) - raft.server.log.queue.byte-limit = 2147483647 (custom)
2019-10-11 07:09:46,524 [pool-227-thread-1] INFO  server.RaftServerConfigKeys (ConfUtils.java:logGet(43)) - raft.server.log.queue.element-limit = 1024 (custom)
2019-10-11 07:09:46,525 [pool-227-thread-1] INFO  server.RaftServerConfigKeys (ConfUtils.java:logGet(43)) - raft.server.log.segment.size.max = 1048576 (custom)
2019-10-11 07:09:46,525 [pool-227-thread-1] INFO  server.RaftServerConfigKeys (ConfUtils.java:logGet(43)) - raft.server.log.preallocated.size = 16384 (custom)
2019-10-11 07:09:46,525 [pool-227-thread-1] INFO  server.RaftServerConfigKeys (ConfUtils.java:logGet(43)) - raft.server.log.write.buffer.size = 33554432 (custom)
2019-10-11 07:09:46,525 [pool-227-thread-1] INFO  server.RaftServerConfigKeys (ConfUtils.java:logGet(43)) - raft.server.log.force.sync.num = 128 (default)
2019-10-11 07:09:46,525 [pool-227-thread-1] INFO  server.RaftServerConfigKeys (ConfUtils.java:logGet(43)) - raft.server.log.statemachine.data.sync = true (default)
2019-10-11 07:09:46,525 [pool-227-thread-1] INFO  server.RaftServerConfigKeys (ConfUtils.java:logGet(43)) - raft.server.log.statemachine.data.sync.timeout = 10s (default)
2019-10-11 07:09:46,526 [pool-227-thread-1] INFO  server.RaftServerConfigKeys (ConfUtils.java:logGet(43)) - raft.server.log.statemachine.data.sync.timeout.retry = -1 (default)
2019-10-11 07:09:46,526 [pool-227-thread-1] INFO  server.RaftServerConfigKeys (ConfUtils.java:logGet(43)) - raft.server.log.statemachine.data.caching.enabled = true (custom)
2019-10-11 07:09:46,527 [pool-227-thread-1] INFO  segmented.SegmentedRaftLogWorker (SegmentedRaftLogWorker.java:lambda$new$0(128)) - 0f24eb1f-961d-4620-8d5d-0b1f3f575a32@group-982829F90A63-SegmentedRaftLogWorker: flushIndex: setUnconditionally 0 -> -1
2019-10-11 07:09:46,527 [pool-227-thread-1] INFO  server.RaftServerConfigKeys (ConfUtils.java:logGet(43)) - raft.server.snapshot.auto.trigger.enabled = true (custom)
2019-10-11 07:09:46,527 [pool-227-thread-1] INFO  server.RaftServerConfigKeys (ConfUtils.java:logGet(43)) - raft.server.snapshot.auto.trigger.threshold = 10000 (custom)
2019-10-11 07:09:46,528 [pool-227-thread-1] INFO  server.RaftServerConfigKeys (ConfUtils.java:logGet(43)) - raft.server.snapshot.retention.file.num = 5 (custom)
2019-10-11 07:09:46,528 [pool-227-thread-1] INFO  server.RaftServerConfigKeys (ConfUtils.java:logGet(43)) - raft.server.retrycache.expirytime = 600000ms (custom)
2019-10-11 07:09:46,530 [pool-227-thread-1] INFO  impl.RaftServerImpl (RaftServerImpl.java:start(181)) - 0f24eb1f-961d-4620-8d5d-0b1f3f575a32@group-982829F90A63: start as a follower, conf=-1: [0f24eb1f-961d-4620-8d5d-0b1f3f575a32:192.168.164.209:41020], old=null
2019-10-11 07:09:46,530 [pool-227-thread-1] INFO  impl.RaftServerImpl (RaftServerImpl.java:setRole(170)) - 0f24eb1f-961d-4620-8d5d-0b1f3f575a32@group-982829F90A63: changes role from      null to FOLLOWER at term 0 for startAsFollower
2019-10-11 07:09:46,530 [pool-227-thread-1] INFO  impl.RoleInfo (RoleInfo.java:updateAndGet(143)) - 0f24eb1f-961d-4620-8d5d-0b1f3f575a32: start FollowerState
2019-10-11 07:09:46,531 [pool-227-thread-1] INFO  util.JmxRegister (JmxRegister.java:tryRegister(44)) - Successfully registered JMX Bean with object name Ratis:service=RaftServer,group=group-982829F90A63,id=0f24eb1f-961d-4620-8d5d-0b1f3f575a32
2019-10-11 07:09:46,538 [RatisPipelineUtilsThread] INFO  pipeline.PipelineStateManager (PipelineStateManager.java:addPipeline(56)) - Created pipeline Pipeline[ Id: 1153aa22-2bfd-4725-8f5a-982829f90a63, Nodes: 0f24eb1f-961d-4620-8d5d-0b1f3f575a32{ip: 192.168.164.209, host: pr-hdds-2206-npvv8-3563359771, networkLocation: /default-rack, certSerialId: null}, Type:RATIS, Factor:ONE, State:OPEN]
2019-10-11 07:09:46,552 [grpc-default-executor-1] INFO  impl.RaftServerProxy (RaftServerProxy.java:addNew(89)) - 0f24eb1f-961d-4620-8d5d-0b1f3f575a32: addNew group-B0675D9502C4:[58d7d782-e238-4c9b-b037-a54f89fdb2a5:192.168.164.209:35497, b8d03a4d-e915-4eff-b2e5-95cc028c1e9d:192.168.164.209:43671, 0f24eb1f-961d-4620-8d5d-0b1f3f575a32:192.168.164.209:41020] returns group-B0675D9502C4:java.util.concurrent.CompletableFuture@1394530e[Not completed]
2019-10-11 07:09:46,554 [grpc-default-executor-6] INFO  impl.RaftServerProxy (RaftServerProxy.java:addNew(89)) - b8d03a4d-e915-4eff-b2e5-95cc028c1e9d: addNew group-B0675D9502C4:[58d7d782-e238-4c9b-b037-a54f89fdb2a5:192.168.164.209:35497, b8d03a4d-e915-4eff-b2e5-95cc028c1e9d:192.168.164.209:43671, 0f24eb1f-961d-4620-8d5d-0b1f3f575a32:192.168.164.209:41020] returns group-B0675D9502C4:java.util.concurrent.CompletableFuture@793f5e4c[Not completed]
2019-10-11 07:09:46,554 [grpc-default-executor-3] INFO  impl.RaftServerProxy (RaftServerProxy.java:addNew(89)) - 58d7d782-e238-4c9b-b037-a54f89fdb2a5: addNew group-B0675D9502C4:[58d7d782-e238-4c9b-b037-a54f89fdb2a5:192.168.164.209:35497, b8d03a4d-e915-4eff-b2e5-95cc028c1e9d:192.168.164.209:43671, 0f24eb1f-961d-4620-8d5d-0b1f3f575a32:192.168.164.209:41020] returns group-B0675D9502C4:java.util.concurrent.CompletableFuture@486a18fb[Not completed]
2019-10-11 07:09:46,555 [pool-227-thread-1] INFO  impl.RaftServerImpl (RaftServerImpl.java:<init>(95)) - 0f24eb1f-961d-4620-8d5d-0b1f3f575a32: new RaftServerImpl for group-B0675D9502C4:[58d7d782-e238-4c9b-b037-a54f89fdb2a5:192.168.164.209:35497, b8d03a4d-e915-4eff-b2e5-95cc028c1e9d:192.168.164.209:43671, 0f24eb1f-961d-4620-8d5d-0b1f3f575a32:192.168.164.209:41020] with ContainerStateMachine:uninitialized
2019-10-11 07:09:46,555 [pool-227-thread-1] INFO  server.RaftServerConfigKeys (ConfUtils.java:logGet(43)) - raft.server.rpc.timeout.min = 5s (custom)
2019-10-11 07:09:46,555 [pool-227-thread-1] INFO  server.RaftServerConfigKeys (ConfUtils.java:logGet(43)) - raft.server.rpc.timeout.max = 5200ms (custom)
2019-10-11 07:09:46,555 [pool-227-thread-1] INFO  server.RaftServerConfigKeys (ConfUtils.java:logGet(43)) - raft.server.rpcslowness.timeout = 120s (custom)
2019-10-11 07:09:46,555 [pool-227-thread-1] INFO  server.RaftServerConfigKeys (ConfUtils.java:logGet(43)) - raft.server.sleep.deviation.threshold = 300 (default)
2019-10-11 07:09:46,555 [pool-227-thread-1] INFO  server.RaftServerConfigKeys (ConfUtils.java:logGet(43)) - raft.server.log.appender.install.snapshot.enabled = false (custom)
2019-10-11 07:09:46,556 [pool-217-thread-1] INFO  impl.RaftServerImpl (RaftServerImpl.java:<init>(95)) - b8d03a4d-e915-4eff-b2e5-95cc028c1e9d: new RaftServerImpl for group-B0675D9502C4:[58d7d782-e238-4c9b-b037-a54f89fdb2a5:192.168.164.209:35497, b8d03a4d-e915-4eff-b2e5-95cc028c1e9d:192.168.164.209:43671, 0f24eb1f-961d-4620-8d5d-0b1f3f575a32:192.168.164.209:41020] with ContainerStateMachine:uninitialized
2019-10-11 07:09:46,556 [pool-227-thread-1] INFO  impl.RaftServerImpl (ServerState.java:<init>(103)) - 0f24eb1f-961d-4620-8d5d-0b1f3f575a32@group-B0675D9502C4: ConfigurationManager, init=-1: [58d7d782-e238-4c9b-b037-a54f89fdb2a5:192.168.164.209:35497, b8d03a4d-e915-4eff-b2e5-95cc028c1e9d:192.168.164.209:43671, 0f24eb1f-961d-4620-8d5d-0b1f3f575a32:192.168.164.209:41020], old=null, confs=<EMPTY_MAP>
2019-10-11 07:09:46,556 [pool-217-thread-1] INFO  server.RaftServerConfigKeys (ConfUtils.java:logGet(43)) - raft.server.rpc.timeout.min = 5s (custom)
2019-10-11 07:09:46,556 [pool-227-thread-1] INFO  server.RaftServerConfigKeys (ConfUtils.java:logGet(43)) - raft.server.storage.dir = [/workdir/hadoop-ozone/integration-test/target/test-dir/MiniOzoneClusterImpl-85c8d926-9ea3-4b64-86e7-7cfbc5065fac/datanode-2/data/ratis] (custom)
2019-10-11 07:09:46,556 [pool-217-thread-1] INFO  server.RaftServerConfigKeys (ConfUtils.java:logGet(43)) - raft.server.rpc.timeout.max = 5200ms (custom)
2019-10-11 07:09:46,556 [pool-217-thread-1] INFO  server.RaftServerConfigKeys (ConfUtils.java:logGet(43)) - raft.server.rpcslowness.timeout = 120s (custom)
2019-10-11 07:09:46,556 [pool-227-thread-1] INFO  server.RaftServerConfigKeys (ConfUtils.java:logGet(43)) - raft.server.log.corruption.policy = EXCEPTION (default)
2019-10-11 07:09:46,556 [pool-217-thread-1] INFO  server.RaftServerConfigKeys (ConfUtils.java:logGet(43)) - raft.server.sleep.deviation.threshold = 300 (default)
2019-10-11 07:09:46,557 [pool-227-thread-1] INFO  storage.RaftStorageDirectory (RaftStorageDirectory.java:analyzeStorage(246)) - The storage directory /workdir/hadoop-ozone/integration-test/target/test-dir/MiniOzoneClusterImpl-85c8d926-9ea3-4b64-86e7-7cfbc5065fac/datanode-2/data/ratis/4b7d3e2b-a92f-4375-b350-b0675d9502c4 does not exist. Creating ...
2019-10-11 07:09:46,557 [pool-207-thread-1] INFO  impl.RaftServerImpl (RaftServerImpl.java:<init>(95)) - 58d7d782-e238-4c9b-b037-a54f89fdb2a5: new RaftServerImpl for group-B0675D9502C4:[58d7d782-e238-4c9b-b037-a54f89fdb2a5:192.168.164.209:35497, b8d03a4d-e915-4eff-b2e5-95cc028c1e9d:192.168.164.209:43671, 0f24eb1f-961d-4620-8d5d-0b1f3f575a32:192.168.164.209:41020] with ContainerStateMachine:uninitialized
2019-10-11 07:09:46,557 [pool-217-thread-1] INFO  server.RaftServerConfigKeys (ConfUtils.java:logGet(43)) - raft.server.log.appender.install.snapshot.enabled = false (custom)
2019-10-11 07:09:46,557 [pool-207-thread-1] INFO  server.RaftServerConfigKeys (ConfUtils.java:logGet(43)) - raft.server.rpc.timeout.min = 5s (custom)
2019-10-11 07:09:46,557 [pool-217-thread-1] INFO  impl.RaftServerImpl (ServerState.java:<init>(103)) - b8d03a4d-e915-4eff-b2e5-95cc028c1e9d@group-B0675D9502C4: ConfigurationManager, init=-1: [58d7d782-e238-4c9b-b037-a54f89fdb2a5:192.168.164.209:35497, b8d03a4d-e915-4eff-b2e5-95cc028c1e9d:192.168.164.209:43671, 0f24eb1f-961d-4620-8d5d-0b1f3f575a32:192.168.164.209:41020], old=null, confs=<EMPTY_MAP>
2019-10-11 07:09:46,557 [pool-207-thread-1] INFO  server.RaftServerConfigKeys (ConfUtils.java:logGet(43)) - raft.server.rpc.timeout.max = 5200ms (custom)
2019-10-11 07:09:46,557 [pool-217-thread-1] INFO  server.RaftServerConfigKeys (ConfUtils.java:logGet(43)) - raft.server.storage.dir = [/workdir/hadoop-ozone/integration-test/target/test-dir/MiniOzoneClusterImpl-85c8d926-9ea3-4b64-86e7-7cfbc5065fac/datanode-1/data/ratis] (custom)
2019-10-11 07:09:46,557 [pool-207-thread-1] INFO  server.RaftServerConfigKeys (ConfUtils.java:logGet(43)) - raft.server.rpcslowness.timeout = 120s (custom)
2019-10-11 07:09:46,558 [pool-217-thread-1] INFO  server.RaftServerConfigKeys (ConfUtils.java:logGet(43)) - raft.server.log.corruption.policy = EXCEPTION (default)
2019-10-11 07:09:46,558 [pool-207-thread-1] INFO  server.RaftServerConfigKeys (ConfUtils.java:logGet(43)) - raft.server.sleep.deviation.threshold = 300 (default)
2019-10-11 07:09:46,558 [pool-217-thread-1] INFO  storage.RaftStorageDirectory (RaftStorageDirectory.java:analyzeStorage(246)) - The storage directory /workdir/hadoop-ozone/integration-test/target/test-dir/MiniOzoneClusterImpl-85c8d926-9ea3-4b64-86e7-7cfbc5065fac/datanode-1/data/ratis/4b7d3e2b-a92f-4375-b350-b0675d9502c4 does not exist. Creating ...
2019-10-11 07:09:46,558 [pool-207-thread-1] INFO  server.RaftServerConfigKeys (ConfUtils.java:logGet(43)) - raft.server.log.appender.install.snapshot.enabled = false (custom)
2019-10-11 07:09:46,558 [pool-207-thread-1] INFO  impl.RaftServerImpl (ServerState.java:<init>(103)) - 58d7d782-e238-4c9b-b037-a54f89fdb2a5@group-B0675D9502C4: ConfigurationManager, init=-1: [58d7d782-e238-4c9b-b037-a54f89fdb2a5:192.168.164.209:35497, b8d03a4d-e915-4eff-b2e5-95cc028c1e9d:192.168.164.209:43671, 0f24eb1f-961d-4620-8d5d-0b1f3f575a32:192.168.164.209:41020], old=null, confs=<EMPTY_MAP>
2019-10-11 07:09:46,558 [pool-207-thread-1] INFO  server.RaftServerConfigKeys (ConfUtils.java:logGet(43)) - raft.server.storage.dir = [/workdir/hadoop-ozone/integration-test/target/test-dir/MiniOzoneClusterImpl-85c8d926-9ea3-4b64-86e7-7cfbc5065fac/datanode-0/data/ratis] (custom)
2019-10-11 07:09:46,559 [pool-207-thread-1] INFO  server.RaftServerConfigKeys (ConfUtils.java:logGet(43)) - raft.server.log.corruption.policy = EXCEPTION (default)
2019-10-11 07:09:46,559 [pool-207-thread-1] INFO  storage.RaftStorageDirectory (RaftStorageDirectory.java:analyzeStorage(246)) - The storage directory /workdir/hadoop-ozone/integration-test/target/test-dir/MiniOzoneClusterImpl-85c8d926-9ea3-4b64-86e7-7cfbc5065fac/datanode-0/data/ratis/4b7d3e2b-a92f-4375-b350-b0675d9502c4 does not exist. Creating ...
2019-10-11 07:09:46,579 [pool-207-thread-1] INFO  storage.RaftStorageDirectory (RaftStorageDirectory.java:tryLock(328)) - Lock on /workdir/hadoop-ozone/integration-test/target/test-dir/MiniOzoneClusterImpl-85c8d926-9ea3-4b64-86e7-7cfbc5065fac/datanode-0/data/ratis/4b7d3e2b-a92f-4375-b350-b0675d9502c4/in_use.lock acquired by nodename 16310@pr-hdds-2206-npvv8-3563359771
2019-10-11 07:09:46,579 [pool-227-thread-1] INFO  storage.RaftStorageDirectory (RaftStorageDirectory.java:tryLock(328)) - Lock on /workdir/hadoop-ozone/integration-test/target/test-dir/MiniOzoneClusterImpl-85c8d926-9ea3-4b64-86e7-7cfbc5065fac/datanode-2/data/ratis/4b7d3e2b-a92f-4375-b350-b0675d9502c4/in_use.lock acquired by nodename 16310@pr-hdds-2206-npvv8-3563359771
2019-10-11 07:09:46,579 [pool-217-thread-1] INFO  storage.RaftStorageDirectory (RaftStorageDirectory.java:tryLock(328)) - Lock on /workdir/hadoop-ozone/integration-test/target/test-dir/MiniOzoneClusterImpl-85c8d926-9ea3-4b64-86e7-7cfbc5065fac/datanode-1/data/ratis/4b7d3e2b-a92f-4375-b350-b0675d9502c4/in_use.lock acquired by nodename 16310@pr-hdds-2206-npvv8-3563359771
2019-10-11 07:09:46,603 [pool-207-thread-1] INFO  storage.RaftStorage (RaftStorage.java:format(84)) - Storage directory /workdir/hadoop-ozone/integration-test/target/test-dir/MiniOzoneClusterImpl-85c8d926-9ea3-4b64-86e7-7cfbc5065fac/datanode-0/data/ratis/4b7d3e2b-a92f-4375-b350-b0675d9502c4 has been successfully formatted.
2019-10-11 07:09:46,603 [pool-217-thread-1] INFO  storage.RaftStorage (RaftStorage.java:format(84)) - Storage directory /workdir/hadoop-ozone/integration-test/target/test-dir/MiniOzoneClusterImpl-85c8d926-9ea3-4b64-86e7-7cfbc5065fac/datanode-1/data/ratis/4b7d3e2b-a92f-4375-b350-b0675d9502c4 has been successfully formatted.
2019-10-11 07:09:46,603 [pool-227-thread-1] INFO  storage.RaftStorage (RaftStorage.java:format(84)) - Storage directory /workdir/hadoop-ozone/integration-test/target/test-dir/MiniOzoneClusterImpl-85c8d926-9ea3-4b64-86e7-7cfbc5065fac/datanode-2/data/ratis/4b7d3e2b-a92f-4375-b350-b0675d9502c4 has been successfully formatted.
2019-10-11 07:09:46,603 [pool-217-thread-1] INFO  ratis.ContainerStateMachine (ContainerStateMachine.java:loadSnapshot(231)) - group-B0675D9502C4: The snapshot info is null. Setting the last applied indexto:(t:0, i:~)
2019-10-11 07:09:46,603 [pool-207-thread-1] INFO  ratis.ContainerStateMachine (ContainerStateMachine.java:loadSnapshot(231)) - group-B0675D9502C4: The snapshot info is null. Setting the last applied indexto:(t:0, i:~)
2019-10-11 07:09:46,603 [pool-217-thread-1] INFO  server.RaftServerConfigKeys (ConfUtils.java:logGet(43)) - raft.server.notification.no-leader.timeout = 120s (custom)
2019-10-11 07:09:46,603 [pool-227-thread-1] INFO  ratis.ContainerStateMachine (ContainerStateMachine.java:loadSnapshot(231)) - group-B0675D9502C4: The snapshot info is null. Setting the last applied indexto:(t:0, i:~)
2019-10-11 07:09:46,604 [pool-217-thread-1] INFO  server.RaftServerConfigKeys (ConfUtils.java:logGet(43)) - raft.server.log.use.memory = false (default)
2019-10-11 07:09:46,604 [pool-207-thread-1] INFO  server.RaftServerConfigKeys (ConfUtils.java:logGet(43)) - raft.server.notification.no-leader.timeout = 120s (custom)
2019-10-11 07:09:46,604 [pool-217-thread-1] INFO  server.RaftServerConfigKeys (ConfUtils.java:logGet(43)) - raft.server.log.purge.gap = 1000000 (custom)
2019-10-11 07:09:46,604 [pool-227-thread-1] INFO  server.RaftServerConfigKeys (ConfUtils.java:logGet(43)) - raft.server.notification.no-leader.timeout = 120s (custom)
2019-10-11 07:09:46,604 [pool-217-thread-1] INFO  server.RaftServerConfigKeys (ConfUtils.java:logGet(43)) - raft.server.log.appender.buffer.byte-limit = 33554432 (custom)
2019-10-11 07:09:46,605 [pool-217-thread-1] INFO  server.RaftServerConfigKeys (ConfUtils.java:logGet(43)) - raft.server.log.segment.size.max = 1048576 (custom)
2019-10-11 07:09:46,604 [pool-207-thread-1] INFO  server.RaftServerConfigKeys (ConfUtils.java:logGet(43)) - raft.server.log.use.memory = false (default)
2019-10-11 07:09:46,605 [pool-217-thread-1] INFO  server.RaftServerConfigKeys (ConfUtils.java:logGet(43)) - raft.server.log.segment.cache.num.max = 2 (custom)
2019-10-11 07:09:46,604 [pool-227-thread-1] INFO  server.RaftServerConfigKeys (ConfUtils.java:logGet(43)) - raft.server.log.use.memory = false (default)
2019-10-11 07:09:46,605 [pool-217-thread-1] INFO  segmented.SegmentedRaftLogWorker (SegmentedRaftLogWorker.java:<init>(173)) - new b8d03a4d-e915-4eff-b2e5-95cc028c1e9d@group-B0675D9502C4-SegmentedRaftLogWorker for RaftStorage:Storage Directory /workdir/hadoop-ozone/integration-test/target/test-dir/MiniOzoneClusterImpl-85c8d926-9ea3-4b64-86e7-7cfbc5065fac/datanode-1/data/ratis/4b7d3e2b-a92f-4375-b350-b0675d9502c4
2019-10-11 07:09:46,605 [pool-207-thread-1] INFO  server.RaftServerConfigKeys (ConfUtils.java:logGet(43)) - raft.server.log.purge.gap = 1000000 (custom)
2019-10-11 07:09:46,605 [pool-217-thread-1] INFO  server.RaftServerConfigKeys (ConfUtils.java:logGet(43)) - raft.server.log.queue.byte-limit = 2147483647 (custom)
2019-10-11 07:09:46,606 [pool-217-thread-1] INFO  server.RaftServerConfigKeys (ConfUtils.java:logGet(43)) - raft.server.log.queue.element-limit = 1024 (custom)
2019-10-11 07:09:46,605 [pool-227-thread-1] INFO  server.RaftServerConfigKeys (ConfUtils.java:logGet(43)) - raft.server.log.purge.gap = 1000000 (custom)
2019-10-11 07:09:46,606 [pool-217-thread-1] INFO  server.RaftServerConfigKeys (ConfUtils.java:logGet(43)) - raft.server.log.segment.size.max = 1048576 (custom)
2019-10-11 07:09:46,606 [pool-217-thread-1] INFO  server.RaftServerConfigKeys (ConfUtils.java:logGet(43)) - raft.server.log.preallocated.size = 16384 (custom)
2019-10-11 07:09:46,605 [pool-207-thread-1] INFO  server.RaftServerConfigKeys (ConfUtils.java:logGet(43)) - raft.server.log.appender.buffer.byte-limit = 33554432 (custom)
2019-10-11 07:09:46,606 [pool-217-thread-1] INFO  server.RaftServerConfigKeys (ConfUtils.java:logGet(43)) - raft.server.log.write.buffer.size = 33554432 (custom)
2019-10-11 07:09:46,606 [pool-227-thread-1] INFO  server.RaftServerConfigKeys (ConfUtils.java:logGet(43)) - raft.server.log.appender.buffer.byte-limit = 33554432 (custom)
2019-10-11 07:09:46,606 [pool-217-thread-1] INFO  server.RaftServerConfigKeys (ConfUtils.java:logGet(43)) - raft.server.log.force.sync.num = 128 (default)
2019-10-11 07:09:46,606 [pool-207-thread-1] INFO  server.RaftServerConfigKeys (ConfUtils.java:logGet(43)) - raft.server.log.segment.size.max = 1048576 (custom)
2019-10-11 07:09:46,607 [pool-217-thread-1] INFO  server.RaftServerConfigKeys (ConfUtils.java:logGet(43)) - raft.server.log.statemachine.data.sync = true (default)
2019-10-11 07:09:46,607 [pool-227-thread-1] INFO  server.RaftServerConfigKeys (ConfUtils.java:logGet(43)) - raft.server.log.segment.size.max = 1048576 (custom)
2019-10-11 07:09:46,607 [pool-217-thread-1] INFO  server.RaftServerConfigKeys (ConfUtils.java:logGet(43)) - raft.server.log.statemachine.data.sync.timeout = 10s (default)
2019-10-11 07:09:46,607 [pool-207-thread-1] INFO  server.RaftServerConfigKeys (ConfUtils.java:logGet(43)) - raft.server.log.segment.cache.num.max = 2 (custom)
2019-10-11 07:09:46,607 [pool-217-thread-1] INFO  server.RaftServerConfigKeys (ConfUtils.java:logGet(43)) - raft.server.log.statemachine.data.sync.timeout.retry = -1 (default)
2019-10-11 07:09:46,607 [pool-227-thread-1] INFO  server.RaftServerConfigKeys (ConfUtils.java:logGet(43)) - raft.server.log.segment.cache.num.max = 2 (custom)
2019-10-11 07:09:46,608 [pool-217-thread-1] INFO  server.RaftServerConfigKeys (ConfUtils.java:logGet(43)) - raft.server.log.statemachine.data.caching.enabled = true (custom)
2019-10-11 07:09:46,608 [pool-207-thread-1] INFO  segmented.SegmentedRaftLogWorker (SegmentedRaftLogWorker.java:<init>(173)) - new 58d7d782-e238-4c9b-b037-a54f89fdb2a5@group-B0675D9502C4-SegmentedRaftLogWorker for RaftStorage:Storage Directory /workdir/hadoop-ozone/integration-test/target/test-dir/MiniOzoneClusterImpl-85c8d926-9ea3-4b64-86e7-7cfbc5065fac/datanode-0/data/ratis/4b7d3e2b-a92f-4375-b350-b0675d9502c4
2019-10-11 07:09:46,608 [pool-227-thread-1] INFO  segmented.SegmentedRaftLogWorker (SegmentedRaftLogWorker.java:<init>(173)) - new 0f24eb1f-961d-4620-8d5d-0b1f3f575a32@group-B0675D9502C4-SegmentedRaftLogWorker for RaftStorage:Storage Directory /workdir/hadoop-ozone/integration-test/target/test-dir/MiniOzoneClusterImpl-85c8d926-9ea3-4b64-86e7-7cfbc5065fac/datanode-2/data/ratis/4b7d3e2b-a92f-4375-b350-b0675d9502c4
2019-10-11 07:09:46,608 [pool-217-thread-1] INFO  segmented.SegmentedRaftLogWorker (SegmentedRaftLogWorker.java:lambda$new$0(128)) - b8d03a4d-e915-4eff-b2e5-95cc028c1e9d@group-B0675D9502C4-SegmentedRaftLogWorker: flushIndex: setUnconditionally 0 -> -1
2019-10-11 07:09:46,608 [pool-207-thread-1] INFO  server.RaftServerConfigKeys (ConfUtils.java:logGet(43)) - raft.server.log.queue.byte-limit = 2147483647 (custom)
2019-10-11 07:09:46,608 [pool-227-thread-1] INFO  server.RaftServerConfigKeys (ConfUtils.java:logGet(43)) - raft.server.log.queue.byte-limit = 2147483647 (custom)
2019-10-11 07:09:46,609 [pool-217-thread-1] INFO  server.RaftServerConfigKeys (ConfUtils.java:logGet(43)) - raft.server.snapshot.auto.trigger.enabled = true (custom)
2019-10-11 07:09:46,609 [pool-207-thread-1] INFO  server.RaftServerConfigKeys (ConfUtils.java:logGet(43)) - raft.server.log.queue.element-limit = 1024 (custom)
2019-10-11 07:09:46,609 [pool-217-thread-1] INFO  server.RaftServerConfigKeys (ConfUtils.java:logGet(43)) - raft.server.snapshot.auto.trigger.threshold = 10000 (custom)
2019-10-11 07:09:46,609 [pool-217-thread-1] INFO  server.RaftServerConfigKeys (ConfUtils.java:logGet(43)) - raft.server.snapshot.retention.file.num = 5 (custom)
2019-10-11 07:09:46,609 [pool-227-thread-1] INFO  server.RaftServerConfigKeys (ConfUtils.java:logGet(43)) - raft.server.log.queue.element-limit = 1024 (custom)
2019-10-11 07:09:46,609 [pool-217-thread-1] INFO  server.RaftServerConfigKeys (ConfUtils.java:logGet(43)) - raft.server.retrycache.expirytime = 600000ms (custom)
2019-10-11 07:09:46,609 [pool-207-thread-1] INFO  server.RaftServerConfigKeys (ConfUtils.java:logGet(43)) - raft.server.log.segment.size.max = 1048576 (custom)
2019-10-11 07:09:46,609 [pool-227-thread-1] INFO  server.RaftServerConfigKeys (ConfUtils.java:logGet(43)) - raft.server.log.segment.size.max = 1048576 (custom)
2019-10-11 07:09:46,610 [pool-207-thread-1] INFO  server.RaftServerConfigKeys (ConfUtils.java:logGet(43)) - raft.server.log.preallocated.size = 16384 (custom)
2019-10-11 07:09:46,610 [pool-227-thread-1] INFO  server.RaftServerConfigKeys (ConfUtils.java:logGet(43)) - raft.server.log.preallocated.size = 16384 (custom)
2019-10-11 07:09:46,610 [pool-207-thread-1] INFO  server.RaftServerConfigKeys (ConfUtils.java:logGet(43)) - raft.server.log.write.buffer.size = 33554432 (custom)
2019-10-11 07:09:46,610 [pool-227-thread-1] INFO  server.RaftServerConfigKeys (ConfUtils.java:logGet(43)) - raft.server.log.write.buffer.size = 33554432 (custom)
2019-10-11 07:09:46,610 [pool-207-thread-1] INFO  server.RaftServerConfigKeys (ConfUtils.java:logGet(43)) - raft.server.log.force.sync.num = 128 (default)
2019-10-11 07:09:46,610 [pool-227-thread-1] INFO  server.RaftServerConfigKeys (ConfUtils.java:logGet(43)) - raft.server.log.force.sync.num = 128 (default)
2019-10-11 07:09:46,611 [pool-207-thread-1] INFO  server.RaftServerConfigKeys (ConfUtils.java:logGet(43)) - raft.server.log.statemachine.data.sync = true (default)
2019-10-11 07:09:46,611 [pool-227-thread-1] INFO  server.RaftServerConfigKeys (ConfUtils.java:logGet(43)) - raft.server.log.statemachine.data.sync = true (default)
2019-10-11 07:09:46,611 [pool-207-thread-1] INFO  server.RaftServerConfigKeys (ConfUtils.java:logGet(43)) - raft.server.log.statemachine.data.sync.timeout = 10s (default)
2019-10-11 07:09:46,611 [pool-227-thread-1] INFO  server.RaftServerConfigKeys (ConfUtils.java:logGet(43)) - raft.server.log.statemachine.data.sync.timeout = 10s (default)
2019-10-11 07:09:46,611 [pool-207-thread-1] INFO  server.RaftServerConfigKeys (ConfUtils.java:logGet(43)) - raft.server.log.statemachine.data.sync.timeout.retry = -1 (default)
2019-10-11 07:09:46,611 [pool-217-thread-1] INFO  impl.RaftServerImpl (RaftServerImpl.java:start(181)) - b8d03a4d-e915-4eff-b2e5-95cc028c1e9d@group-B0675D9502C4: start as a follower, conf=-1: [58d7d782-e238-4c9b-b037-a54f89fdb2a5:192.168.164.209:35497, b8d03a4d-e915-4eff-b2e5-95cc028c1e9d:192.168.164.209:43671, 0f24eb1f-961d-4620-8d5d-0b1f3f575a32:192.168.164.209:41020], old=null
2019-10-11 07:09:46,611 [pool-227-thread-1] INFO  server.RaftServerConfigKeys (ConfUtils.java:logGet(43)) - raft.server.log.statemachine.data.sync.timeout.retry = -1 (default)
2019-10-11 07:09:46,611 [pool-217-thread-1] INFO  impl.RaftServerImpl (RaftServerImpl.java:setRole(170)) - b8d03a4d-e915-4eff-b2e5-95cc028c1e9d@group-B0675D9502C4: changes role from      null to FOLLOWER at term 0 for startAsFollower
2019-10-11 07:09:46,611 [pool-207-thread-1] INFO  server.RaftServerConfigKeys (ConfUtils.java:logGet(43)) - raft.server.log.statemachine.data.caching.enabled = true (custom)
2019-10-11 07:09:46,612 [pool-217-thread-1] INFO  impl.RoleInfo (RoleInfo.java:updateAndGet(143)) - b8d03a4d-e915-4eff-b2e5-95cc028c1e9d: start FollowerState
2019-10-11 07:09:46,612 [pool-227-thread-1] INFO  server.RaftServerConfigKeys (ConfUtils.java:logGet(43)) - raft.server.log.statemachine.data.caching.enabled = true (custom)
2019-10-11 07:09:46,612 [pool-207-thread-1] INFO  segmented.SegmentedRaftLogWorker (SegmentedRaftLogWorker.java:lambda$new$0(128)) - 58d7d782-e238-4c9b-b037-a54f89fdb2a5@group-B0675D9502C4-SegmentedRaftLogWorker: flushIndex: setUnconditionally 0 -> -1
2019-10-11 07:09:46,612 [pool-217-thread-1] INFO  util.JmxRegister (JmxRegister.java:tryRegister(44)) - Successfully registered JMX Bean with object name Ratis:service=RaftServer,group=group-B0675D9502C4,id=b8d03a4d-e915-4eff-b2e5-95cc028c1e9d
2019-10-11 07:09:46,612 [pool-227-thread-1] INFO  segmented.SegmentedRaftLogWorker (SegmentedRaftLogWorker.java:lambda$new$0(128)) - 0f24eb1f-961d-4620-8d5d-0b1f3f575a32@group-B0675D9502C4-SegmentedRaftLogWorker: flushIndex: setUnconditionally 0 -> -1
2019-10-11 07:09:46,612 [pool-207-thread-1] INFO  server.RaftServerConfigKeys (ConfUtils.java:logGet(43)) - raft.server.snapshot.auto.trigger.enabled = true (custom)
2019-10-11 07:09:46,613 [pool-227-thread-1] INFO  server.RaftServerConfigKeys (ConfUtils.java:logGet(43)) - raft.server.snapshot.auto.trigger.enabled = true (custom)
2019-10-11 07:09:46,613 [pool-207-thread-1] INFO  server.RaftServerConfigKeys (ConfUtils.java:logGet(43)) - raft.server.snapshot.auto.trigger.threshold = 10000 (custom)
2019-10-11 07:09:46,613 [pool-227-thread-1] INFO  server.RaftServerConfigKeys (ConfUtils.java:logGet(43)) - raft.server.snapshot.auto.trigger.threshold = 10000 (custom)
2019-10-11 07:09:46,613 [pool-207-thread-1] INFO  server.RaftServerConfigKeys (ConfUtils.java:logGet(43)) - raft.server.snapshot.retention.file.num = 5 (custom)
2019-10-11 07:09:46,613 [pool-227-thread-1] INFO  server.RaftServerConfigKeys (ConfUtils.java:logGet(43)) - raft.server.snapshot.retention.file.num = 5 (custom)
2019-10-11 07:09:46,613 [pool-207-thread-1] INFO  server.RaftServerConfigKeys (ConfUtils.java:logGet(43)) - raft.server.retrycache.expirytime = 600000ms (custom)
2019-10-11 07:09:46,613 [pool-227-thread-1] INFO  server.RaftServerConfigKeys (ConfUtils.java:logGet(43)) - raft.server.retrycache.expirytime = 600000ms (custom)
2019-10-11 07:09:46,619 [pool-207-thread-1] INFO  impl.RaftServerImpl (RaftServerImpl.java:start(181)) - 58d7d782-e238-4c9b-b037-a54f89fdb2a5@group-B0675D9502C4: start as a follower, conf=-1: [58d7d782-e238-4c9b-b037-a54f89fdb2a5:192.168.164.209:35497, b8d03a4d-e915-4eff-b2e5-95cc028c1e9d:192.168.164.209:43671, 0f24eb1f-961d-4620-8d5d-0b1f3f575a32:192.168.164.209:41020], old=null
2019-10-11 07:09:46,619 [pool-207-thread-1] INFO  impl.RaftServerImpl (RaftServerImpl.java:setRole(170)) - 58d7d782-e238-4c9b-b037-a54f89fdb2a5@group-B0675D9502C4: changes role from      null to FOLLOWER at term 0 for startAsFollower
2019-10-11 07:09:46,619 [pool-227-thread-1] INFO  impl.RaftServerImpl (RaftServerImpl.java:start(181)) - 0f24eb1f-961d-4620-8d5d-0b1f3f575a32@group-B0675D9502C4: start as a follower, conf=-1: [58d7d782-e238-4c9b-b037-a54f89fdb2a5:192.168.164.209:35497, b8d03a4d-e915-4eff-b2e5-95cc028c1e9d:192.168.164.209:43671, 0f24eb1f-961d-4620-8d5d-0b1f3f575a32:192.168.164.209:41020], old=null
2019-10-11 07:09:46,619 [pool-207-thread-1] INFO  impl.RoleInfo (RoleInfo.java:updateAndGet(143)) - 58d7d782-e238-4c9b-b037-a54f89fdb2a5: start FollowerState
2019-10-11 07:09:46,619 [pool-227-thread-1] INFO  impl.RaftServerImpl (RaftServerImpl.java:setRole(170)) - 0f24eb1f-961d-4620-8d5d-0b1f3f575a32@group-B0675D9502C4: changes role from      null to FOLLOWER at term 0 for startAsFollower
2019-10-11 07:09:46,620 [pool-227-thread-1] INFO  impl.RoleInfo (RoleInfo.java:updateAndGet(143)) - 0f24eb1f-961d-4620-8d5d-0b1f3f575a32: start FollowerState
2019-10-11 07:09:46,620 [pool-207-thread-1] INFO  util.JmxRegister (JmxRegister.java:tryRegister(44)) - Successfully registered JMX Bean with object name Ratis:service=RaftServer,group=group-B0675D9502C4,id=58d7d782-e238-4c9b-b037-a54f89fdb2a5
2019-10-11 07:09:46,620 [pool-227-thread-1] INFO  util.JmxRegister (JmxRegister.java:tryRegister(44)) - Successfully registered JMX Bean with object name Ratis:service=RaftServer,group=group-B0675D9502C4,id=0f24eb1f-961d-4620-8d5d-0b1f3f575a32
2019-10-11 07:09:46,629 [RatisPipelineUtilsThread] INFO  pipeline.PipelineStateManager (PipelineStateManager.java:addPipeline(56)) - Created pipeline Pipeline[ Id: 4b7d3e2b-a92f-4375-b350-b0675d9502c4, Nodes: 0f24eb1f-961d-4620-8d5d-0b1f3f575a32{ip: 192.168.164.209, host: pr-hdds-2206-npvv8-3563359771, networkLocation: /default-rack, certSerialId: null}58d7d782-e238-4c9b-b037-a54f89fdb2a5{ip: 192.168.164.209, host: pr-hdds-2206-npvv8-3563359771, networkLocation: /default-rack, certSerialId: null}b8d03a4d-e915-4eff-b2e5-95cc028c1e9d{ip: 192.168.164.209, host: pr-hdds-2206-npvv8-3563359771, networkLocation: /default-rack, certSerialId: null}, Type:RATIS, Factor:THREE, State:OPEN]
2019-10-11 07:09:47,491 [main] INFO  hdfs.DFSUtil (DFSUtil.java:httpServerTemplateForNNAndJN(1641)) - Starting Web-server for hddsDatanode at: http://0.0.0.0:0
2019-10-11 07:09:47,495 [main] INFO  server.AuthenticationFilter (AuthenticationFilter.java:constructSecretProvider(240)) - Unable to initialize FileSignerSecretProvider, falling back to use random secrets.
2019-10-11 07:09:47,496 [main] WARN  http.HttpRequestLog (HttpRequestLog.java:getRequestLog(97)) - Jetty request log can only be enabled using Log4j
2019-10-11 07:09:47,498 [main] INFO  http.HttpServer2 (HttpServer2.java:addGlobalFilter(975)) - Added global filter 'safety' (class=org.apache.hadoop.http.HttpServer2$QuotingInputFilter)
2019-10-11 07:09:47,499 [main] INFO  http.HttpServer2 (HttpServer2.java:addFilter(948)) - Added filter static_user_filter (class=org.apache.hadoop.http.lib.StaticUserWebFilter$StaticUserFilter) to context hddsDatanode
2019-10-11 07:09:47,499 [main] INFO  http.HttpServer2 (HttpServer2.java:addFilter(958)) - Added filter static_user_filter (class=org.apache.hadoop.http.lib.StaticUserWebFilter$StaticUserFilter) to context logs
2019-10-11 07:09:47,499 [main] INFO  http.HttpServer2 (HttpServer2.java:addFilter(958)) - Added filter static_user_filter (class=org.apache.hadoop.http.lib.StaticUserWebFilter$StaticUserFilter) to context static
2019-10-11 07:09:47,501 [main] INFO  http.HttpServer2 (HttpServer2.java:bindListener(1191)) - Jetty bound to port 45219
2019-10-11 07:09:47,501 [main] INFO  server.Server (Server.java:doStart(351)) - jetty-9.3.25.v20180904, build timestamp: 2018-09-04T21:11:46Z, git hash: 3ce520221d0240229c862b122d2b06c12a625732
2019-10-11 07:09:47,504 [main] INFO  handler.ContextHandler (ContextHandler.java:doStart(781)) - Started o.e.j.s.ServletContextHandler@7741d346{/logs,file:///workdir/hadoop-ozone/integration-test/target/log,AVAILABLE}
2019-10-11 07:09:47,505 [main] INFO  handler.ContextHandler (ContextHandler.java:doStart(781)) - Started o.e.j.s.ServletContextHandler@4130a648{/static,jar:file:/home/user/.m2/repository/org/apache/hadoop/hadoop-hdds-container-service/0.5.0-SNAPSHOT/hadoop-hdds-container-service-0.5.0-SNAPSHOT.jar!/webapps/static,AVAILABLE}
2019-10-11 07:09:47,546 [main] INFO  handler.ContextHandler (ContextHandler.java:doStart(781)) - Started o.e.j.w.WebAppContext@67332b1e{/,file:///tmp/jetty-0.0.0.0-45219-hddsDatanode-_-any-922862918025059739.dir/webapp/,AVAILABLE}{/hddsDatanode}
2019-10-11 07:09:47,547 [main] INFO  server.AbstractConnector (AbstractConnector.java:doStart(278)) - Started ServerConnector@7e34b127{HTTP/1.1,[http/1.1]}{0.0.0.0:45219}
2019-10-11 07:09:47,550 [main] INFO  server.Server (Server.java:doStart(419)) - Started @234712ms
2019-10-11 07:09:47,550 [main] WARN  impl.MetricsSystemImpl (MetricsSystemImpl.java:register(276)) - Sink prometheus already exists!
2019-10-11 07:09:47,551 [main] INFO  server.BaseHttpServer (BaseHttpServer.java:updateConnectorAddress(215)) - HTTP server of HDDSDATANODE is listening at http://0.0.0.0:45219
2019-10-11 07:09:47,551 [main] INFO  impl.MetricsSystemImpl (MetricsSystemImpl.java:init(158)) - HddsDatanode metrics system started (again)
2019-10-11 07:09:47,560 [org.apache.hadoop.util.JvmPauseMonitor$Monitor@8430310] INFO  util.JvmPauseMonitor (JvmPauseMonitor.java:run(188)) - Starting JVM pause monitor
2019-10-11 07:09:47,562 [main] INFO  ozone.HddsDatanodeService (HddsDatanodeService.java:start(184)) - HddsDatanodeService host:pr-hdds-2206-npvv8-3563359771 ip:192.168.164.209
2019-10-11 07:09:47,562 [Datanode State Machine Thread - 0] INFO  datanode.InitDatanodeState (InitDatanodeState.java:persistContainerDatanodeDetails(140)) - DatanodeDetails is persisted to /workdir/hadoop-ozone/integration-test/target/test-dir/MiniOzoneClusterImpl-85c8d926-9ea3-4b64-86e7-7cfbc5065fac/datanode-3/meta/datanode.id
2019-10-11 07:09:47,579 [main] INFO  volume.HddsVolume (HddsVolume.java:<init>(176)) - Creating Volume: /workdir/hadoop-ozone/integration-test/target/test-dir/MiniOzoneClusterImpl-85c8d926-9ea3-4b64-86e7-7cfbc5065fac/datanode-4/data/containers/hdds of  storage type : DISK and capacity : 1482555576320
2019-10-11 07:09:47,580 [main] INFO  volume.VolumeSet (VolumeSet.java:initializeVolumeSet(170)) - Added Volume : /workdir/hadoop-ozone/integration-test/target/test-dir/MiniOzoneClusterImpl-85c8d926-9ea3-4b64-86e7-7cfbc5065fac/datanode-4/data/containers/hdds to VolumeSet
2019-10-11 07:09:47,580 [main] INFO  volume.ThrottledAsyncChecker (ThrottledAsyncChecker.java:schedule(141)) - Scheduling a check for org.apache.hadoop.ozone.container.common.volume.HddsVolume@286855ea
2019-10-11 07:09:47,580 [main] INFO  volume.HddsVolumeChecker (HddsVolumeChecker.java:checkAllVolumes(204)) - Scheduled health check for volume org.apache.hadoop.ozone.container.common.volume.HddsVolume@286855ea
2019-10-11 07:09:47,599 [main] INFO  impl.RaftServerProxy (ConfUtils.java:logGet(43)) - raft.rpc.type = GRPC (default)
2019-10-11 07:09:47,599 [main] INFO  grpc.GrpcFactory (GrpcFactory.java:checkPooledByteBufAllocatorUseCacheForAllThreads(45)) - PERFORMANCE WARNING: useCacheForAllThreads is true that may cause Netty to create a lot garbage objects and, as a result, trigger GC.
	It is recommended to disable useCacheForAllThreads by setting -Dorg.apache.ratis.thirdparty.io.netty.allocator.useCacheForAllThreads=false in command line.
2019-10-11 07:09:47,599 [main] INFO  grpc.GrpcConfigKeys$Server (ConfUtils.java:logGet(43)) - raft.grpc.server.port = 0 (default)
2019-10-11 07:09:47,600 [main] INFO  server.GrpcService (ConfUtils.java:logGet(43)) - raft.grpc.message.size.max = 33570816 (custom)
2019-10-11 07:09:47,600 [main] INFO  server.RaftServerConfigKeys (ConfUtils.java:logGet(43)) - raft.server.log.appender.buffer.byte-limit = 33554432 (custom)
2019-10-11 07:09:47,600 [main] INFO  server.GrpcService (ConfUtils.java:logGet(43)) - raft.grpc.flow.control.window = 1MB (=1048576) (default)
2019-10-11 07:09:47,600 [main] INFO  server.RaftServerConfigKeys (ConfUtils.java:logGet(43)) - raft.server.rpc.request.timeout = 3000ms (default)
2019-10-11 07:09:47,601 [main] INFO  server.RaftServerConfigKeys (ConfUtils.java:logGet(43)) - raft.server.storage.dir = [/workdir/hadoop-ozone/integration-test/target/test-dir/MiniOzoneClusterImpl-85c8d926-9ea3-4b64-86e7-7cfbc5065fac/datanode-4/data/ratis] (custom)
2019-10-11 07:09:47,602 [main] INFO  hdfs.DFSUtil (DFSUtil.java:httpServerTemplateForNNAndJN(1641)) - Starting Web-server for hddsDatanode at: http://0.0.0.0:0
2019-10-11 07:09:47,604 [main] INFO  server.AuthenticationFilter (AuthenticationFilter.java:constructSecretProvider(240)) - Unable to initialize FileSignerSecretProvider, falling back to use random secrets.
2019-10-11 07:09:47,604 [main] WARN  http.HttpRequestLog (HttpRequestLog.java:getRequestLog(97)) - Jetty request log can only be enabled using Log4j
2019-10-11 07:09:47,606 [main] INFO  http.HttpServer2 (HttpServer2.java:addGlobalFilter(975)) - Added global filter 'safety' (class=org.apache.hadoop.http.HttpServer2$QuotingInputFilter)
2019-10-11 07:09:47,606 [main] INFO  http.HttpServer2 (HttpServer2.java:addFilter(948)) - Added filter static_user_filter (class=org.apache.hadoop.http.lib.StaticUserWebFilter$StaticUserFilter) to context hddsDatanode
2019-10-11 07:09:47,607 [main] INFO  http.HttpServer2 (HttpServer2.java:addFilter(958)) - Added filter static_user_filter (class=org.apache.hadoop.http.lib.StaticUserWebFilter$StaticUserFilter) to context static
2019-10-11 07:09:47,607 [main] INFO  http.HttpServer2 (HttpServer2.java:addFilter(958)) - Added filter static_user_filter (class=org.apache.hadoop.http.lib.StaticUserWebFilter$StaticUserFilter) to context logs
2019-10-11 07:09:47,608 [main] INFO  http.HttpServer2 (HttpServer2.java:bindListener(1191)) - Jetty bound to port 40548
2019-10-11 07:09:47,608 [main] INFO  server.Server (Server.java:doStart(351)) - jetty-9.3.25.v20180904, build timestamp: 2018-09-04T21:11:46Z, git hash: 3ce520221d0240229c862b122d2b06c12a625732
2019-10-11 07:09:47,610 [main] INFO  handler.ContextHandler (ContextHandler.java:doStart(781)) - Started o.e.j.s.ServletContextHandler@6588b715{/logs,file:///workdir/hadoop-ozone/integration-test/target/log,AVAILABLE}
2019-10-11 07:09:47,610 [main] INFO  handler.ContextHandler (ContextHandler.java:doStart(781)) - Started o.e.j.s.ServletContextHandler@52c9d3d0{/static,jar:file:/home/user/.m2/repository/org/apache/hadoop/hadoop-hdds-container-service/0.5.0-SNAPSHOT/hadoop-hdds-container-service-0.5.0-SNAPSHOT.jar!/webapps/static,AVAILABLE}
2019-10-11 07:09:47,644 [main] INFO  handler.ContextHandler (ContextHandler.java:doStart(781)) - Started o.e.j.w.WebAppContext@4998e74b{/,file:///tmp/jetty-0.0.0.0-40548-hddsDatanode-_-any-5857449432632037268.dir/webapp/,AVAILABLE}{/hddsDatanode}
2019-10-11 07:09:47,644 [main] INFO  server.AbstractConnector (AbstractConnector.java:doStart(278)) - Started ServerConnector@5d878b25{HTTP/1.1,[http/1.1]}{0.0.0.0:40548}
2019-10-11 07:09:47,646 [main] INFO  server.Server (Server.java:doStart(419)) - Started @234807ms
2019-10-11 07:09:47,646 [main] WARN  impl.MetricsSystemImpl (MetricsSystemImpl.java:register(276)) - Sink prometheus already exists!
2019-10-11 07:09:47,646 [main] INFO  server.BaseHttpServer (BaseHttpServer.java:updateConnectorAddress(215)) - HTTP server of HDDSDATANODE is listening at http://0.0.0.0:40548
2019-10-11 07:09:47,647 [main] INFO  impl.MetricsSystemImpl (MetricsSystemImpl.java:init(158)) - HddsDatanode metrics system started (again)
2019-10-11 07:09:47,654 [org.apache.hadoop.util.JvmPauseMonitor$Monitor@3fc67dfd] INFO  util.JvmPauseMonitor (JvmPauseMonitor.java:run(188)) - Starting JVM pause monitor
2019-10-11 07:09:47,654 [main] INFO  ozone.HddsDatanodeService (HddsDatanodeService.java:start(184)) - HddsDatanodeService host:pr-hdds-2206-npvv8-3563359771 ip:192.168.164.209
2019-10-11 07:09:47,655 [Datanode State Machine Thread - 0] INFO  datanode.InitDatanodeState (InitDatanodeState.java:persistContainerDatanodeDetails(140)) - DatanodeDetails is persisted to /workdir/hadoop-ozone/integration-test/target/test-dir/MiniOzoneClusterImpl-85c8d926-9ea3-4b64-86e7-7cfbc5065fac/datanode-4/meta/datanode.id
2019-10-11 07:09:47,661 [main] INFO  volume.HddsVolume (HddsVolume.java:<init>(176)) - Creating Volume: /workdir/hadoop-ozone/integration-test/target/test-dir/MiniOzoneClusterImpl-85c8d926-9ea3-4b64-86e7-7cfbc5065fac/datanode-5/data/containers/hdds of  storage type : DISK and capacity : 1482555576320
2019-10-11 07:09:47,661 [main] INFO  volume.VolumeSet (VolumeSet.java:initializeVolumeSet(170)) - Added Volume : /workdir/hadoop-ozone/integration-test/target/test-dir/MiniOzoneClusterImpl-85c8d926-9ea3-4b64-86e7-7cfbc5065fac/datanode-5/data/containers/hdds to VolumeSet
2019-10-11 07:09:47,662 [main] INFO  volume.ThrottledAsyncChecker (ThrottledAsyncChecker.java:schedule(141)) - Scheduling a check for org.apache.hadoop.ozone.container.common.volume.HddsVolume@588545ac
2019-10-11 07:09:47,662 [main] INFO  volume.HddsVolumeChecker (HddsVolumeChecker.java:checkAllVolumes(204)) - Scheduled health check for volume org.apache.hadoop.ozone.container.common.volume.HddsVolume@588545ac
2019-10-11 07:09:47,684 [main] INFO  impl.RaftServerProxy (ConfUtils.java:logGet(43)) - raft.rpc.type = GRPC (default)
2019-10-11 07:09:47,685 [main] INFO  grpc.GrpcFactory (GrpcFactory.java:checkPooledByteBufAllocatorUseCacheForAllThreads(45)) - PERFORMANCE WARNING: useCacheForAllThreads is true that may cause Netty to create a lot garbage objects and, as a result, trigger GC.
	It is recommended to disable useCacheForAllThreads by setting -Dorg.apache.ratis.thirdparty.io.netty.allocator.useCacheForAllThreads=false in command line.
2019-10-11 07:09:47,685 [main] INFO  grpc.GrpcConfigKeys$Server (ConfUtils.java:logGet(43)) - raft.grpc.server.port = 0 (default)
2019-10-11 07:09:47,685 [main] INFO  server.GrpcService (ConfUtils.java:logGet(43)) - raft.grpc.message.size.max = 33570816 (custom)
2019-10-11 07:09:47,685 [main] INFO  server.RaftServerConfigKeys (ConfUtils.java:logGet(43)) - raft.server.log.appender.buffer.byte-limit = 33554432 (custom)
2019-10-11 07:09:47,686 [main] INFO  server.GrpcService (ConfUtils.java:logGet(43)) - raft.grpc.flow.control.window = 1MB (=1048576) (default)
2019-10-11 07:09:47,686 [main] INFO  server.RaftServerConfigKeys (ConfUtils.java:logGet(43)) - raft.server.rpc.request.timeout = 3000ms (default)
2019-10-11 07:09:47,687 [main] INFO  server.RaftServerConfigKeys (ConfUtils.java:logGet(43)) - raft.server.storage.dir = [/workdir/hadoop-ozone/integration-test/target/test-dir/MiniOzoneClusterImpl-85c8d926-9ea3-4b64-86e7-7cfbc5065fac/datanode-5/data/ratis] (custom)
2019-10-11 07:09:49,585 [Datanode State Machine Thread - 0] INFO  ozoneimpl.OzoneContainer (OzoneContainer.java:start(213)) - Attempting to start container services.
2019-10-11 07:09:49,586 [Datanode State Machine Thread - 0] INFO  ozoneimpl.OzoneContainer (OzoneContainer.java:startContainerScrub(177)) - Background container scanner has been disabled.
2019-10-11 07:09:49,586 [Datanode State Machine Thread - 0] INFO  ratis.XceiverServerRatis (XceiverServerRatis.java:start(418)) - Starting XceiverServerRatis 53640dff-d63a-40f5-bfa6-9d6488a25d19 at port 0
2019-10-11 07:09:49,594 [Datanode State Machine Thread - 0] INFO  impl.RaftServerProxy (RaftServerProxy.java:lambda$start$3(299)) - 53640dff-d63a-40f5-bfa6-9d6488a25d19: start RPC server
2019-10-11 07:09:49,598 [Datanode State Machine Thread - 0] INFO  server.GrpcService (GrpcService.java:startImpl(158)) - 53640dff-d63a-40f5-bfa6-9d6488a25d19: GrpcService started, listening on 0.0.0.0/0.0.0.0:39937
2019-10-11 07:09:49,598 [Datanode State Machine Thread - 0] INFO  ratis.XceiverServerRatis (XceiverServerRatis.java:start(428)) - XceiverServerRatis 53640dff-d63a-40f5-bfa6-9d6488a25d19 is started using port 39937
2019-10-11 07:09:49,600 [Datanode State Machine Thread - 0] INFO  server.XceiverServerGrpc (XceiverServerGrpc.java:start(149)) - XceiverServerGrpc 53640dff-d63a-40f5-bfa6-9d6488a25d19 is started using port 39031
2019-10-11 07:09:49,678 [Datanode State Machine Thread - 0] INFO  ozoneimpl.OzoneContainer (OzoneContainer.java:start(213)) - Attempting to start container services.
2019-10-11 07:09:49,678 [Datanode State Machine Thread - 0] INFO  ozoneimpl.OzoneContainer (OzoneContainer.java:startContainerScrub(177)) - Background container scanner has been disabled.
2019-10-11 07:09:49,678 [Datanode State Machine Thread - 0] INFO  ratis.XceiverServerRatis (XceiverServerRatis.java:start(418)) - Starting XceiverServerRatis 45bdfbdb-cef3-4a4c-bb56-68d5d29f1ba8 at port 0
2019-10-11 07:09:49,685 [Datanode State Machine Thread - 0] INFO  impl.RaftServerProxy (RaftServerProxy.java:lambda$start$3(299)) - 45bdfbdb-cef3-4a4c-bb56-68d5d29f1ba8: start RPC server
2019-10-11 07:09:49,686 [Datanode State Machine Thread - 0] INFO  server.GrpcService (GrpcService.java:startImpl(158)) - 45bdfbdb-cef3-4a4c-bb56-68d5d29f1ba8: GrpcService started, listening on 0.0.0.0/0.0.0.0:37502
2019-10-11 07:09:49,686 [Datanode State Machine Thread - 0] INFO  ratis.XceiverServerRatis (XceiverServerRatis.java:start(428)) - XceiverServerRatis 45bdfbdb-cef3-4a4c-bb56-68d5d29f1ba8 is started using port 37502
2019-10-11 07:09:49,689 [Datanode State Machine Thread - 0] INFO  server.XceiverServerGrpc (XceiverServerGrpc.java:start(149)) - XceiverServerGrpc 45bdfbdb-cef3-4a4c-bb56-68d5d29f1ba8 is started using port 45498
2019-10-11 07:09:51,561 [IPC Server handler 8 on 40375] INFO  net.NetworkTopology (NetworkTopologyImpl.java:add(111)) - Added a new node: /default-rack/53640dff-d63a-40f5-bfa6-9d6488a25d19
2019-10-11 07:09:51,562 [IPC Server handler 8 on 40375] INFO  node.SCMNodeManager (SCMNodeManager.java:register(268)) - Registered Data node : 53640dff-d63a-40f5-bfa6-9d6488a25d19{ip: 192.168.164.209, host: pr-hdds-2206-npvv8-3563359771, networkLocation: /default-rack, certSerialId: null}
2019-10-11 07:09:51,580 [grpc-default-executor-6] INFO  impl.RaftServerProxy (RaftServerProxy.java:addNew(89)) - 53640dff-d63a-40f5-bfa6-9d6488a25d19: addNew group-F9D1BF9E87A7:[53640dff-d63a-40f5-bfa6-9d6488a25d19:192.168.164.209:39937] returns group-F9D1BF9E87A7:java.util.concurrent.CompletableFuture@20ffdee2[Not completed]
2019-10-11 07:09:51,582 [pool-237-thread-1] INFO  impl.RaftServerImpl (RaftServerImpl.java:<init>(95)) - 53640dff-d63a-40f5-bfa6-9d6488a25d19: new RaftServerImpl for group-F9D1BF9E87A7:[53640dff-d63a-40f5-bfa6-9d6488a25d19:192.168.164.209:39937] with ContainerStateMachine:uninitialized
2019-10-11 07:09:51,583 [pool-237-thread-1] INFO  server.RaftServerConfigKeys (ConfUtils.java:logGet(43)) - raft.server.rpc.timeout.min = 5s (custom)
2019-10-11 07:09:51,583 [pool-237-thread-1] INFO  server.RaftServerConfigKeys (ConfUtils.java:logGet(43)) - raft.server.rpc.timeout.max = 5200ms (custom)
2019-10-11 07:09:51,583 [pool-237-thread-1] INFO  server.RaftServerConfigKeys (ConfUtils.java:logGet(43)) - raft.server.rpcslowness.timeout = 120s (custom)
2019-10-11 07:09:51,583 [pool-237-thread-1] INFO  server.RaftServerConfigKeys (ConfUtils.java:logGet(43)) - raft.server.sleep.deviation.threshold = 300 (default)
2019-10-11 07:09:51,583 [pool-237-thread-1] INFO  server.RaftServerConfigKeys (ConfUtils.java:logGet(43)) - raft.server.log.appender.install.snapshot.enabled = false (custom)
2019-10-11 07:09:51,583 [pool-237-thread-1] INFO  impl.RaftServerImpl (ServerState.java:<init>(103)) - 53640dff-d63a-40f5-bfa6-9d6488a25d19@group-F9D1BF9E87A7: ConfigurationManager, init=-1: [53640dff-d63a-40f5-bfa6-9d6488a25d19:192.168.164.209:39937], old=null, confs=<EMPTY_MAP>
2019-10-11 07:09:51,584 [pool-237-thread-1] INFO  server.RaftServerConfigKeys (ConfUtils.java:logGet(43)) - raft.server.storage.dir = [/workdir/hadoop-ozone/integration-test/target/test-dir/MiniOzoneClusterImpl-85c8d926-9ea3-4b64-86e7-7cfbc5065fac/datanode-3/data/ratis] (custom)
2019-10-11 07:09:51,584 [pool-237-thread-1] INFO  server.RaftServerConfigKeys (ConfUtils.java:logGet(43)) - raft.server.log.corruption.policy = EXCEPTION (default)
2019-10-11 07:09:51,584 [pool-237-thread-1] INFO  storage.RaftStorageDirectory (RaftStorageDirectory.java:analyzeStorage(246)) - The storage directory /workdir/hadoop-ozone/integration-test/target/test-dir/MiniOzoneClusterImpl-85c8d926-9ea3-4b64-86e7-7cfbc5065fac/datanode-3/data/ratis/cced8ec8-a7ed-4317-9b1b-f9d1bf9e87a7 does not exist. Creating ...
2019-10-11 07:09:51,615 [Thread-1533] INFO  impl.FollowerState (FollowerState.java:run(108)) - 0f24eb1f-961d-4620-8d5d-0b1f3f575a32@group-982829F90A63-FollowerState: change to CANDIDATE, lastRpcTime:5084ms, electionTimeout:5084ms
2019-10-11 07:09:51,616 [Thread-1533] INFO  impl.RoleInfo (RoleInfo.java:shutdownFollowerState(121)) - 0f24eb1f-961d-4620-8d5d-0b1f3f575a32: shutdown FollowerState
2019-10-11 07:09:51,616 [Thread-1533] INFO  impl.RaftServerImpl (RaftServerImpl.java:setRole(170)) - 0f24eb1f-961d-4620-8d5d-0b1f3f575a32@group-982829F90A63: changes role from  FOLLOWER to CANDIDATE at term 0 for changeToCandidate
2019-10-11 07:09:51,616 [Thread-1533] INFO  impl.RoleInfo (RoleInfo.java:updateAndGet(143)) - 0f24eb1f-961d-4620-8d5d-0b1f3f575a32: start LeaderElection
2019-10-11 07:09:51,616 [pool-237-thread-1] INFO  storage.RaftStorageDirectory (RaftStorageDirectory.java:tryLock(328)) - Lock on /workdir/hadoop-ozone/integration-test/target/test-dir/MiniOzoneClusterImpl-85c8d926-9ea3-4b64-86e7-7cfbc5065fac/datanode-3/data/ratis/cced8ec8-a7ed-4317-9b1b-f9d1bf9e87a7/in_use.lock acquired by nodename 16310@pr-hdds-2206-npvv8-3563359771
2019-10-11 07:09:51,644 [pool-237-thread-1] INFO  storage.RaftStorage (RaftStorage.java:format(84)) - Storage directory /workdir/hadoop-ozone/integration-test/target/test-dir/MiniOzoneClusterImpl-85c8d926-9ea3-4b64-86e7-7cfbc5065fac/datanode-3/data/ratis/cced8ec8-a7ed-4317-9b1b-f9d1bf9e87a7 has been successfully formatted.
2019-10-11 07:09:51,644 [0f24eb1f-961d-4620-8d5d-0b1f3f575a32@group-982829F90A63-LeaderElection55] INFO  impl.LeaderElection (LeaderElection.java:askForVotes(178)) - 0f24eb1f-961d-4620-8d5d-0b1f3f575a32@group-982829F90A63-LeaderElection55: begin an election at term 1 for -1: [0f24eb1f-961d-4620-8d5d-0b1f3f575a32:192.168.164.209:41020], old=null
2019-10-11 07:09:51,645 [0f24eb1f-961d-4620-8d5d-0b1f3f575a32@group-982829F90A63-LeaderElection55] INFO  impl.RoleInfo (RoleInfo.java:shutdownLeaderElection(134)) - 0f24eb1f-961d-4620-8d5d-0b1f3f575a32: shutdown LeaderElection
2019-10-11 07:09:51,645 [pool-237-thread-1] INFO  ratis.ContainerStateMachine (ContainerStateMachine.java:loadSnapshot(231)) - group-F9D1BF9E87A7: The snapshot info is null. Setting the last applied indexto:(t:0, i:~)
2019-10-11 07:09:51,645 [0f24eb1f-961d-4620-8d5d-0b1f3f575a32@group-982829F90A63-LeaderElection55] INFO  impl.RaftServerImpl (RaftServerImpl.java:setRole(170)) - 0f24eb1f-961d-4620-8d5d-0b1f3f575a32@group-982829F90A63: changes role from CANDIDATE to LEADER at term 1 for changeToLeader
2019-10-11 07:09:51,645 [pool-237-thread-1] INFO  server.RaftServerConfigKeys (ConfUtils.java:logGet(43)) - raft.server.notification.no-leader.timeout = 120s (custom)
2019-10-11 07:09:51,645 [0f24eb1f-961d-4620-8d5d-0b1f3f575a32@group-982829F90A63-LeaderElection55] INFO  impl.RaftServerImpl (ServerState.java:setLeader(255)) - 0f24eb1f-961d-4620-8d5d-0b1f3f575a32@group-982829F90A63: change Leader from null to 0f24eb1f-961d-4620-8d5d-0b1f3f575a32 at term 1 for becomeLeader, leader elected after 5124ms
2019-10-11 07:09:51,645 [pool-237-thread-1] INFO  server.RaftServerConfigKeys (ConfUtils.java:logGet(43)) - raft.server.log.use.memory = false (default)
2019-10-11 07:09:51,645 [0f24eb1f-961d-4620-8d5d-0b1f3f575a32@group-982829F90A63-LeaderElection55] INFO  server.RaftServerConfigKeys (ConfUtils.java:logGet(43)) - raft.server.staging.catchup.gap = 1000 (default)
2019-10-11 07:09:51,645 [pool-237-thread-1] INFO  server.RaftServerConfigKeys (ConfUtils.java:logGet(43)) - raft.server.log.purge.gap = 1000000 (custom)
2019-10-11 07:09:51,645 [0f24eb1f-961d-4620-8d5d-0b1f3f575a32@group-982829F90A63-LeaderElection55] INFO  server.RaftServerConfigKeys (ConfUtils.java:logGet(43)) - raft.server.rpc.sleep.time = 25ms (default)
2019-10-11 07:09:51,646 [pool-237-thread-1] INFO  server.RaftServerConfigKeys (ConfUtils.java:logGet(43)) - raft.server.log.appender.buffer.byte-limit = 33554432 (custom)
2019-10-11 07:09:51,646 [pool-237-thread-1] INFO  server.RaftServerConfigKeys (ConfUtils.java:logGet(43)) - raft.server.log.segment.size.max = 1048576 (custom)
2019-10-11 07:09:51,646 [0f24eb1f-961d-4620-8d5d-0b1f3f575a32@group-982829F90A63-LeaderElection55] INFO  server.RaftServerConfigKeys (ConfUtils.java:logGet(43)) - raft.server.write.element-limit = 4096 (default)
2019-10-11 07:09:51,646 [0f24eb1f-961d-4620-8d5d-0b1f3f575a32@group-982829F90A63-LeaderElection55] INFO  server.RaftServerConfigKeys (ConfUtils.java:logGet(43)) - raft.server.watch.timeout = 10s (default)
2019-10-11 07:09:51,646 [0f24eb1f-961d-4620-8d5d-0b1f3f575a32@group-982829F90A63-LeaderElection55] INFO  server.RaftServerConfigKeys (ConfUtils.java:logGet(43)) - raft.server.watch.timeout.denomination = 1s (default)
2019-10-11 07:09:51,647 [0f24eb1f-961d-4620-8d5d-0b1f3f575a32@group-982829F90A63-LeaderElection55] INFO  server.RaftServerConfigKeys (ConfUtils.java:logGet(43)) - raft.server.watch.element-limit = 65536 (default)
2019-10-11 07:09:51,648 [pool-237-thread-1] INFO  server.RaftServerConfigKeys (ConfUtils.java:logGet(43)) - raft.server.log.segment.cache.num.max = 2 (custom)
2019-10-11 07:09:51,648 [pool-237-thread-1] INFO  segmented.SegmentedRaftLogWorker (SegmentedRaftLogWorker.java:<init>(173)) - new 53640dff-d63a-40f5-bfa6-9d6488a25d19@group-F9D1BF9E87A7-SegmentedRaftLogWorker for RaftStorage:Storage Directory /workdir/hadoop-ozone/integration-test/target/test-dir/MiniOzoneClusterImpl-85c8d926-9ea3-4b64-86e7-7cfbc5065fac/datanode-3/data/ratis/cced8ec8-a7ed-4317-9b1b-f9d1bf9e87a7
2019-10-11 07:09:51,648 [pool-237-thread-1] INFO  server.RaftServerConfigKeys (ConfUtils.java:logGet(43)) - raft.server.log.queue.byte-limit = 2147483647 (custom)
2019-10-11 07:09:51,648 [pool-237-thread-1] INFO  server.RaftServerConfigKeys (ConfUtils.java:logGet(43)) - raft.server.log.queue.element-limit = 1024 (custom)
2019-10-11 07:09:51,648 [pool-237-thread-1] INFO  server.RaftServerConfigKeys (ConfUtils.java:logGet(43)) - raft.server.log.segment.size.max = 1048576 (custom)
2019-10-11 07:09:51,648 [pool-237-thread-1] INFO  server.RaftServerConfigKeys (ConfUtils.java:logGet(43)) - raft.server.log.preallocated.size = 16384 (custom)
2019-10-11 07:09:51,649 [pool-237-thread-1] INFO  server.RaftServerConfigKeys (ConfUtils.java:logGet(43)) - raft.server.log.write.buffer.size = 33554432 (custom)
2019-10-11 07:09:51,649 [pool-237-thread-1] INFO  server.RaftServerConfigKeys (ConfUtils.java:logGet(43)) - raft.server.log.force.sync.num = 128 (default)
2019-10-11 07:09:51,649 [pool-237-thread-1] INFO  server.RaftServerConfigKeys (ConfUtils.java:logGet(43)) - raft.server.log.statemachine.data.sync = true (default)
2019-10-11 07:09:51,649 [0f24eb1f-961d-4620-8d5d-0b1f3f575a32@group-982829F90A63-LeaderElection55] INFO  impl.RoleInfo (RoleInfo.java:updateAndGet(143)) - 0f24eb1f-961d-4620-8d5d-0b1f3f575a32: start LeaderState
2019-10-11 07:09:51,649 [pool-237-thread-1] INFO  server.RaftServerConfigKeys (ConfUtils.java:logGet(43)) - raft.server.log.statemachine.data.sync.timeout = 10s (default)
2019-10-11 07:09:51,649 [pool-237-thread-1] INFO  server.RaftServerConfigKeys (ConfUtils.java:logGet(43)) - raft.server.log.statemachine.data.sync.timeout.retry = -1 (default)
2019-10-11 07:09:51,649 [0f24eb1f-961d-4620-8d5d-0b1f3f575a32@group-982829F90A63-LeaderElection55] INFO  segmented.SegmentedRaftLogWorker (SegmentedRaftLogWorker.java:startLogSegment(385)) - 0f24eb1f-961d-4620-8d5d-0b1f3f575a32@group-982829F90A63-SegmentedRaftLogWorker: Starting segment from index:0
2019-10-11 07:09:51,649 [pool-237-thread-1] INFO  server.RaftServerConfigKeys (ConfUtils.java:logGet(43)) - raft.server.log.statemachine.data.caching.enabled = true (custom)
2019-10-11 07:09:51,650 [pool-237-thread-1] INFO  segmented.SegmentedRaftLogWorker (SegmentedRaftLogWorker.java:lambda$new$0(128)) - 53640dff-d63a-40f5-bfa6-9d6488a25d19@group-F9D1BF9E87A7-SegmentedRaftLogWorker: flushIndex: setUnconditionally 0 -> -1
2019-10-11 07:09:51,650 [0f24eb1f-961d-4620-8d5d-0b1f3f575a32@group-982829F90A63-LeaderElection55] INFO  impl.RaftServerImpl (ServerState.java:setRaftConf(356)) - 0f24eb1f-961d-4620-8d5d-0b1f3f575a32@group-982829F90A63: set configuration 0: [0f24eb1f-961d-4620-8d5d-0b1f3f575a32:192.168.164.209:41020], old=null at 0
2019-10-11 07:09:51,650 [pool-237-thread-1] INFO  server.RaftServerConfigKeys (ConfUtils.java:logGet(43)) - raft.server.snapshot.auto.trigger.enabled = true (custom)
2019-10-11 07:09:51,650 [pool-237-thread-1] INFO  server.RaftServerConfigKeys (ConfUtils.java:logGet(43)) - raft.server.snapshot.auto.trigger.threshold = 10000 (custom)
2019-10-11 07:09:51,651 [pool-237-thread-1] INFO  server.RaftServerConfigKeys (ConfUtils.java:logGet(43)) - raft.server.snapshot.retention.file.num = 5 (custom)
2019-10-11 07:09:51,651 [pool-237-thread-1] INFO  server.RaftServerConfigKeys (ConfUtils.java:logGet(43)) - raft.server.retrycache.expirytime = 600000ms (custom)
2019-10-11 07:09:51,652 [pool-237-thread-1] INFO  impl.RaftServerImpl (RaftServerImpl.java:start(181)) - 53640dff-d63a-40f5-bfa6-9d6488a25d19@group-F9D1BF9E87A7: start as a follower, conf=-1: [53640dff-d63a-40f5-bfa6-9d6488a25d19:192.168.164.209:39937], old=null
2019-10-11 07:09:51,652 [pool-237-thread-1] INFO  impl.RaftServerImpl (RaftServerImpl.java:setRole(170)) - 53640dff-d63a-40f5-bfa6-9d6488a25d19@group-F9D1BF9E87A7: changes role from      null to FOLLOWER at term 0 for startAsFollower
2019-10-11 07:09:51,652 [pool-237-thread-1] INFO  impl.RoleInfo (RoleInfo.java:updateAndGet(143)) - 53640dff-d63a-40f5-bfa6-9d6488a25d19: start FollowerState
2019-10-11 07:09:51,653 [pool-237-thread-1] INFO  util.JmxRegister (JmxRegister.java:tryRegister(44)) - Successfully registered JMX Bean with object name Ratis:service=RaftServer,group=group-F9D1BF9E87A7,id=53640dff-d63a-40f5-bfa6-9d6488a25d19
2019-10-11 07:09:51,686 [Thread-1536] INFO  impl.FollowerState (FollowerState.java:run(108)) - b8d03a4d-e915-4eff-b2e5-95cc028c1e9d@group-B0675D9502C4-FollowerState: change to CANDIDATE, lastRpcTime:5073ms, electionTimeout:5043ms
2019-10-11 07:09:51,686 [IPC Server handler 0 on 40375] INFO  net.NetworkTopology (NetworkTopologyImpl.java:add(111)) - Added a new node: /default-rack/45bdfbdb-cef3-4a4c-bb56-68d5d29f1ba8
2019-10-11 07:09:51,686 [Thread-1536] INFO  impl.RoleInfo (RoleInfo.java:shutdownFollowerState(121)) - b8d03a4d-e915-4eff-b2e5-95cc028c1e9d: shutdown FollowerState
2019-10-11 07:09:51,686 [IPC Server handler 0 on 40375] INFO  node.SCMNodeManager (SCMNodeManager.java:register(268)) - Registered Data node : 45bdfbdb-cef3-4a4c-bb56-68d5d29f1ba8{ip: 192.168.164.209, host: pr-hdds-2206-npvv8-3563359771, networkLocation: /default-rack, certSerialId: null}
2019-10-11 07:09:51,686 [Thread-1536] INFO  impl.RaftServerImpl (RaftServerImpl.java:setRole(170)) - b8d03a4d-e915-4eff-b2e5-95cc028c1e9d@group-B0675D9502C4: changes role from  FOLLOWER to CANDIDATE at term 0 for changeToCandidate
2019-10-11 07:09:51,687 [Thread-1536] INFO  impl.RoleInfo (RoleInfo.java:updateAndGet(143)) - b8d03a4d-e915-4eff-b2e5-95cc028c1e9d: start LeaderElection
2019-10-11 07:09:51,694 [RatisPipelineUtilsThread] INFO  pipeline.PipelineStateManager (PipelineStateManager.java:addPipeline(56)) - Created pipeline Pipeline[ Id: cced8ec8-a7ed-4317-9b1b-f9d1bf9e87a7, Nodes: 53640dff-d63a-40f5-bfa6-9d6488a25d19{ip: 192.168.164.209, host: pr-hdds-2206-npvv8-3563359771, networkLocation: /default-rack, certSerialId: null}, Type:RATIS, Factor:ONE, State:OPEN]
2019-10-11 07:09:51,702 [Thread-1541] INFO  impl.FollowerState (FollowerState.java:run(108)) - 0f24eb1f-961d-4620-8d5d-0b1f3f575a32@group-B0675D9502C4-FollowerState: change to CANDIDATE, lastRpcTime:5082ms, electionTimeout:5082ms
2019-10-11 07:09:51,704 [Thread-1541] INFO  impl.RoleInfo (RoleInfo.java:shutdownFollowerState(121)) - 0f24eb1f-961d-4620-8d5d-0b1f3f575a32: shutdown FollowerState
2019-10-11 07:09:51,704 [Thread-1541] INFO  impl.RaftServerImpl (RaftServerImpl.java:setRole(170)) - 0f24eb1f-961d-4620-8d5d-0b1f3f575a32@group-B0675D9502C4: changes role from  FOLLOWER to CANDIDATE at term 0 for changeToCandidate
2019-10-11 07:09:51,706 [Thread-1541] INFO  impl.RoleInfo (RoleInfo.java:updateAndGet(143)) - 0f24eb1f-961d-4620-8d5d-0b1f3f575a32: start LeaderElection
2019-10-11 07:09:51,706 [grpc-default-executor-6] INFO  impl.RaftServerProxy (RaftServerProxy.java:addNew(89)) - 45bdfbdb-cef3-4a4c-bb56-68d5d29f1ba8: addNew group-7E0AD43C2A97:[45bdfbdb-cef3-4a4c-bb56-68d5d29f1ba8:192.168.164.209:37502] returns group-7E0AD43C2A97:java.util.concurrent.CompletableFuture@385fbae7[Not completed]
2019-10-11 07:09:51,713 [pool-247-thread-1] INFO  impl.RaftServerImpl (RaftServerImpl.java:<init>(95)) - 45bdfbdb-cef3-4a4c-bb56-68d5d29f1ba8: new RaftServerImpl for group-7E0AD43C2A97:[45bdfbdb-cef3-4a4c-bb56-68d5d29f1ba8:192.168.164.209:37502] with ContainerStateMachine:uninitialized
2019-10-11 07:09:51,713 [pool-247-thread-1] INFO  server.RaftServerConfigKeys (ConfUtils.java:logGet(43)) - raft.server.rpc.timeout.min = 5s (custom)
2019-10-11 07:09:51,713 [pool-247-thread-1] INFO  server.RaftServerConfigKeys (ConfUtils.java:logGet(43)) - raft.server.rpc.timeout.max = 5200ms (custom)
2019-10-11 07:09:51,713 [pool-247-thread-1] INFO  server.RaftServerConfigKeys (ConfUtils.java:logGet(43)) - raft.server.rpcslowness.timeout = 120s (custom)
2019-10-11 07:09:51,713 [pool-247-thread-1] INFO  server.RaftServerConfigKeys (ConfUtils.java:logGet(43)) - raft.server.sleep.deviation.threshold = 300 (default)
2019-10-11 07:09:51,714 [pool-247-thread-1] INFO  server.RaftServerConfigKeys (ConfUtils.java:logGet(43)) - raft.server.log.appender.install.snapshot.enabled = false (custom)
2019-10-11 07:09:51,714 [pool-247-thread-1] INFO  impl.RaftServerImpl (ServerState.java:<init>(103)) - 45bdfbdb-cef3-4a4c-bb56-68d5d29f1ba8@group-7E0AD43C2A97: ConfigurationManager, init=-1: [45bdfbdb-cef3-4a4c-bb56-68d5d29f1ba8:192.168.164.209:37502], old=null, confs=<EMPTY_MAP>
2019-10-11 07:09:51,714 [pool-247-thread-1] INFO  server.RaftServerConfigKeys (ConfUtils.java:logGet(43)) - raft.server.storage.dir = [/workdir/hadoop-ozone/integration-test/target/test-dir/MiniOzoneClusterImpl-85c8d926-9ea3-4b64-86e7-7cfbc5065fac/datanode-4/data/ratis] (custom)
2019-10-11 07:09:51,714 [pool-247-thread-1] INFO  server.RaftServerConfigKeys (ConfUtils.java:logGet(43)) - raft.server.log.corruption.policy = EXCEPTION (default)
2019-10-11 07:09:51,715 [pool-247-thread-1] INFO  storage.RaftStorageDirectory (RaftStorageDirectory.java:analyzeStorage(246)) - The storage directory /workdir/hadoop-ozone/integration-test/target/test-dir/MiniOzoneClusterImpl-85c8d926-9ea3-4b64-86e7-7cfbc5065fac/datanode-4/data/ratis/bed70e28-7bc9-4f52-b5e8-7e0ad43c2a97 does not exist. Creating ...
2019-10-11 07:09:51,716 [0f24eb1f-961d-4620-8d5d-0b1f3f575a32@group-982829F90A63-SegmentedRaftLogWorker] INFO  segmented.SegmentedRaftLogWorker (SegmentedRaftLogWorker.java:execute(574)) - 0f24eb1f-961d-4620-8d5d-0b1f3f575a32@group-982829F90A63-SegmentedRaftLogWorker: created new log segment /workdir/hadoop-ozone/integration-test/target/test-dir/MiniOzoneClusterImpl-85c8d926-9ea3-4b64-86e7-7cfbc5065fac/datanode-2/data/ratis/1153aa22-2bfd-4725-8f5a-982829f90a63/current/log_inprogress_0
2019-10-11 07:09:51,716 [b8d03a4d-e915-4eff-b2e5-95cc028c1e9d@group-B0675D9502C4-LeaderElection56] INFO  impl.LeaderElection (LeaderElection.java:askForVotes(178)) - b8d03a4d-e915-4eff-b2e5-95cc028c1e9d@group-B0675D9502C4-LeaderElection56: begin an election at term 1 for -1: [58d7d782-e238-4c9b-b037-a54f89fdb2a5:192.168.164.209:35497, b8d03a4d-e915-4eff-b2e5-95cc028c1e9d:192.168.164.209:43671, 0f24eb1f-961d-4620-8d5d-0b1f3f575a32:192.168.164.209:41020], old=null
2019-10-11 07:09:51,729 [pool-247-thread-1] INFO  storage.RaftStorageDirectory (RaftStorageDirectory.java:tryLock(328)) - Lock on /workdir/hadoop-ozone/integration-test/target/test-dir/MiniOzoneClusterImpl-85c8d926-9ea3-4b64-86e7-7cfbc5065fac/datanode-4/data/ratis/bed70e28-7bc9-4f52-b5e8-7e0ad43c2a97/in_use.lock acquired by nodename 16310@pr-hdds-2206-npvv8-3563359771
2019-10-11 07:09:51,729 [grpc-default-executor-6] INFO  impl.RaftServerImpl (RaftServerImpl.java:setRole(170)) - 58d7d782-e238-4c9b-b037-a54f89fdb2a5@group-B0675D9502C4: changes role from  FOLLOWER to FOLLOWER at term 1 for recognizeCandidate:b8d03a4d-e915-4eff-b2e5-95cc028c1e9d
2019-10-11 07:09:51,729 [0f24eb1f-961d-4620-8d5d-0b1f3f575a32@group-B0675D9502C4-LeaderElection57] INFO  impl.LeaderElection (LeaderElection.java:askForVotes(178)) - 0f24eb1f-961d-4620-8d5d-0b1f3f575a32@group-B0675D9502C4-LeaderElection57: begin an election at term 1 for -1: [58d7d782-e238-4c9b-b037-a54f89fdb2a5:192.168.164.209:35497, b8d03a4d-e915-4eff-b2e5-95cc028c1e9d:192.168.164.209:43671, 0f24eb1f-961d-4620-8d5d-0b1f3f575a32:192.168.164.209:41020], old=null
2019-10-11 07:09:51,730 [grpc-default-executor-6] INFO  impl.RoleInfo (RoleInfo.java:shutdownFollowerState(121)) - 58d7d782-e238-4c9b-b037-a54f89fdb2a5: shutdown FollowerState
2019-10-11 07:09:51,730 [Thread-1540] INFO  impl.FollowerState (FollowerState.java:run(117)) - 58d7d782-e238-4c9b-b037-a54f89fdb2a5@group-B0675D9502C4-FollowerState was interrupted: java.lang.InterruptedException: sleep interrupted
2019-10-11 07:09:51,732 [grpc-default-executor-6] INFO  impl.RoleInfo (RoleInfo.java:updateAndGet(143)) - 58d7d782-e238-4c9b-b037-a54f89fdb2a5: start FollowerState
2019-10-11 07:09:51,743 [pool-247-thread-1] INFO  storage.RaftStorage (RaftStorage.java:format(84)) - Storage directory /workdir/hadoop-ozone/integration-test/target/test-dir/MiniOzoneClusterImpl-85c8d926-9ea3-4b64-86e7-7cfbc5065fac/datanode-4/data/ratis/bed70e28-7bc9-4f52-b5e8-7e0ad43c2a97 has been successfully formatted.
2019-10-11 07:09:51,744 [pool-247-thread-1] INFO  ratis.ContainerStateMachine (ContainerStateMachine.java:loadSnapshot(231)) - group-7E0AD43C2A97: The snapshot info is null. Setting the last applied indexto:(t:0, i:~)
2019-10-11 07:09:51,744 [pool-247-thread-1] INFO  server.RaftServerConfigKeys (ConfUtils.java:logGet(43)) - raft.server.notification.no-leader.timeout = 120s (custom)
2019-10-11 07:09:51,744 [pool-247-thread-1] INFO  server.RaftServerConfigKeys (ConfUtils.java:logGet(43)) - raft.server.log.use.memory = false (default)
2019-10-11 07:09:51,746 [pool-247-thread-1] INFO  server.RaftServerConfigKeys (ConfUtils.java:logGet(43)) - raft.server.log.purge.gap = 1000000 (custom)
2019-10-11 07:09:51,746 [pool-247-thread-1] INFO  server.RaftServerConfigKeys (ConfUtils.java:logGet(43)) - raft.server.log.appender.buffer.byte-limit = 33554432 (custom)
2019-10-11 07:09:51,746 [pool-247-thread-1] INFO  server.RaftServerConfigKeys (ConfUtils.java:logGet(43)) - raft.server.log.segment.size.max = 1048576 (custom)
2019-10-11 07:09:51,747 [b8d03a4d-e915-4eff-b2e5-95cc028c1e9d@group-B0675D9502C4-LeaderElection56] INFO  impl.LeaderElection (LeaderElection.java:logAndReturn(56)) - b8d03a4d-e915-4eff-b2e5-95cc028c1e9d@group-B0675D9502C4-LeaderElection56: Election PASSED; received 2 response(s) [b8d03a4d-e915-4eff-b2e5-95cc028c1e9d<-58d7d782-e238-4c9b-b037-a54f89fdb2a5#0:OK-t1, b8d03a4d-e915-4eff-b2e5-95cc028c1e9d<-0f24eb1f-961d-4620-8d5d-0b1f3f575a32#0:FAIL-t1] and 0 exception(s); b8d03a4d-e915-4eff-b2e5-95cc028c1e9d@group-B0675D9502C4:t1, leader=null, voted=b8d03a4d-e915-4eff-b2e5-95cc028c1e9d, raftlog=b8d03a4d-e915-4eff-b2e5-95cc028c1e9d@group-B0675D9502C4-SegmentedRaftLog:OPENED:c-1,f-1,i0, conf=-1: [58d7d782-e238-4c9b-b037-a54f89fdb2a5:192.168.164.209:35497, b8d03a4d-e915-4eff-b2e5-95cc028c1e9d:192.168.164.209:43671, 0f24eb1f-961d-4620-8d5d-0b1f3f575a32:192.168.164.209:41020], old=null
2019-10-11 07:09:51,747 [b8d03a4d-e915-4eff-b2e5-95cc028c1e9d@group-B0675D9502C4-LeaderElection56] INFO  impl.RoleInfo (RoleInfo.java:shutdownLeaderElection(134)) - b8d03a4d-e915-4eff-b2e5-95cc028c1e9d: shutdown LeaderElection
2019-10-11 07:09:51,747 [b8d03a4d-e915-4eff-b2e5-95cc028c1e9d@group-B0675D9502C4-LeaderElection56] INFO  impl.RaftServerImpl (RaftServerImpl.java:setRole(170)) - b8d03a4d-e915-4eff-b2e5-95cc028c1e9d@group-B0675D9502C4: changes role from CANDIDATE to LEADER at term 1 for changeToLeader
2019-10-11 07:09:51,750 [b8d03a4d-e915-4eff-b2e5-95cc028c1e9d@group-B0675D9502C4-LeaderElection56] INFO  impl.RaftServerImpl (ServerState.java:setLeader(255)) - b8d03a4d-e915-4eff-b2e5-95cc028c1e9d@group-B0675D9502C4: change Leader from null to b8d03a4d-e915-4eff-b2e5-95cc028c1e9d at term 1 for becomeLeader, leader elected after 5146ms
2019-10-11 07:09:51,754 [b8d03a4d-e915-4eff-b2e5-95cc028c1e9d@group-B0675D9502C4-LeaderElection56] INFO  server.RaftServerConfigKeys (ConfUtils.java:logGet(43)) - raft.server.staging.catchup.gap = 1000 (default)
2019-10-11 07:09:51,754 [b8d03a4d-e915-4eff-b2e5-95cc028c1e9d@group-B0675D9502C4-LeaderElection56] INFO  server.RaftServerConfigKeys (ConfUtils.java:logGet(43)) - raft.server.rpc.sleep.time = 25ms (default)
2019-10-11 07:09:51,754 [b8d03a4d-e915-4eff-b2e5-95cc028c1e9d@group-B0675D9502C4-LeaderElection56] INFO  server.RaftServerConfigKeys (ConfUtils.java:logGet(43)) - raft.server.write.element-limit = 4096 (default)
2019-10-11 07:09:51,754 [b8d03a4d-e915-4eff-b2e5-95cc028c1e9d@group-B0675D9502C4-LeaderElection56] INFO  server.RaftServerConfigKeys (ConfUtils.java:logGet(43)) - raft.server.watch.timeout = 10s (default)
2019-10-11 07:09:51,754 [b8d03a4d-e915-4eff-b2e5-95cc028c1e9d@group-B0675D9502C4-LeaderElection56] INFO  server.RaftServerConfigKeys (ConfUtils.java:logGet(43)) - raft.server.watch.timeout.denomination = 1s (default)
2019-10-11 07:09:51,754 [b8d03a4d-e915-4eff-b2e5-95cc028c1e9d@group-B0675D9502C4-LeaderElection56] INFO  server.RaftServerConfigKeys (ConfUtils.java:logGet(43)) - raft.server.watch.element-limit = 65536 (default)
2019-10-11 07:09:51,755 [pool-247-thread-1] INFO  server.RaftServerConfigKeys (ConfUtils.java:logGet(43)) - raft.server.log.segment.cache.num.max = 2 (custom)
2019-10-11 07:09:51,755 [pool-247-thread-1] INFO  segmented.SegmentedRaftLogWorker (SegmentedRaftLogWorker.java:<init>(173)) - new 45bdfbdb-cef3-4a4c-bb56-68d5d29f1ba8@group-7E0AD43C2A97-SegmentedRaftLogWorker for RaftStorage:Storage Directory /workdir/hadoop-ozone/integration-test/target/test-dir/MiniOzoneClusterImpl-85c8d926-9ea3-4b64-86e7-7cfbc5065fac/datanode-4/data/ratis/bed70e28-7bc9-4f52-b5e8-7e0ad43c2a97
2019-10-11 07:09:51,755 [pool-247-thread-1] INFO  server.RaftServerConfigKeys (ConfUtils.java:logGet(43)) - raft.server.log.queue.byte-limit = 2147483647 (custom)
2019-10-11 07:09:51,755 [pool-247-thread-1] INFO  server.RaftServerConfigKeys (ConfUtils.java:logGet(43)) - raft.server.log.queue.element-limit = 1024 (custom)
2019-10-11 07:09:51,755 [pool-247-thread-1] INFO  server.RaftServerConfigKeys (ConfUtils.java:logGet(43)) - raft.server.log.segment.size.max = 1048576 (custom)
2019-10-11 07:09:51,755 [pool-247-thread-1] INFO  server.RaftServerConfigKeys (ConfUtils.java:logGet(43)) - raft.server.log.preallocated.size = 16384 (custom)
2019-10-11 07:09:51,756 [pool-247-thread-1] INFO  server.RaftServerConfigKeys (ConfUtils.java:logGet(43)) - raft.server.log.write.buffer.size = 33554432 (custom)
2019-10-11 07:09:51,756 [pool-247-thread-1] INFO  server.RaftServerConfigKeys (ConfUtils.java:logGet(43)) - raft.server.log.force.sync.num = 128 (default)
2019-10-11 07:09:51,756 [pool-247-thread-1] INFO  server.RaftServerConfigKeys (ConfUtils.java:logGet(43)) - raft.server.log.statemachine.data.sync = true (default)
2019-10-11 07:09:51,756 [b8d03a4d-e915-4eff-b2e5-95cc028c1e9d@group-B0675D9502C4-LeaderElection56] INFO  server.RaftServerConfigKeys (ConfUtils.java:logGet(43)) - raft.server.log.appender.snapshot.chunk.size.max = 16MB (=16777216) (default)
2019-10-11 07:09:51,756 [pool-247-thread-1] INFO  server.RaftServerConfigKeys (ConfUtils.java:logGet(43)) - raft.server.log.statemachine.data.sync.timeout = 10s (default)
2019-10-11 07:09:51,756 [b8d03a4d-e915-4eff-b2e5-95cc028c1e9d@group-B0675D9502C4-LeaderElection56] INFO  server.RaftServerConfigKeys (ConfUtils.java:logGet(43)) - raft.server.log.appender.buffer.byte-limit = 33554432 (custom)
2019-10-11 07:09:51,756 [pool-247-thread-1] INFO  server.RaftServerConfigKeys (ConfUtils.java:logGet(43)) - raft.server.log.statemachine.data.sync.timeout.retry = -1 (default)
2019-10-11 07:09:51,757 [b8d03a4d-e915-4eff-b2e5-95cc028c1e9d@group-B0675D9502C4-LeaderElection56] INFO  server.RaftServerConfigKeys (ConfUtils.java:logGet(43)) - raft.server.log.appender.buffer.element-limit = 1 (custom)
2019-10-11 07:09:51,757 [b8d03a4d-e915-4eff-b2e5-95cc028c1e9d@group-B0675D9502C4-LeaderElection56] INFO  grpc.GrpcConfigKeys$Server (ConfUtils.java:logGet(43)) - raft.grpc.server.leader.outstanding.appends.max = 128 (default)
2019-10-11 07:09:51,757 [pool-247-thread-1] INFO  server.RaftServerConfigKeys (ConfUtils.java:logGet(43)) - raft.server.log.statemachine.data.caching.enabled = true (custom)
2019-10-11 07:09:51,757 [b8d03a4d-e915-4eff-b2e5-95cc028c1e9d@group-B0675D9502C4-LeaderElection56] INFO  server.RaftServerConfigKeys (ConfUtils.java:logGet(43)) - raft.server.rpc.request.timeout = 3000ms (default)
2019-10-11 07:09:51,757 [b8d03a4d-e915-4eff-b2e5-95cc028c1e9d@group-B0675D9502C4-LeaderElection56] INFO  server.RaftServerConfigKeys (ConfUtils.java:logGet(43)) - raft.server.log.appender.install.snapshot.enabled = false (custom)
2019-10-11 07:09:51,757 [pool-247-thread-1] INFO  segmented.SegmentedRaftLogWorker (SegmentedRaftLogWorker.java:lambda$new$0(128)) - 45bdfbdb-cef3-4a4c-bb56-68d5d29f1ba8@group-7E0AD43C2A97-SegmentedRaftLogWorker: flushIndex: setUnconditionally 0 -> -1
2019-10-11 07:09:51,758 [b8d03a4d-e915-4eff-b2e5-95cc028c1e9d@group-B0675D9502C4-LeaderElection56] INFO  server.RaftServerConfigKeys (ConfUtils.java:logGet(43)) - raft.server.log.appender.snapshot.chunk.size.max = 16MB (=16777216) (default)
2019-10-11 07:09:51,758 [b8d03a4d-e915-4eff-b2e5-95cc028c1e9d@group-B0675D9502C4-LeaderElection56] INFO  server.RaftServerConfigKeys (ConfUtils.java:logGet(43)) - raft.server.log.appender.buffer.byte-limit = 33554432 (custom)
2019-10-11 07:09:51,758 [pool-247-thread-1] INFO  server.RaftServerConfigKeys (ConfUtils.java:logGet(43)) - raft.server.snapshot.auto.trigger.enabled = true (custom)
2019-10-11 07:09:51,758 [b8d03a4d-e915-4eff-b2e5-95cc028c1e9d@group-B0675D9502C4-LeaderElection56] INFO  server.RaftServerConfigKeys (ConfUtils.java:logGet(43)) - raft.server.log.appender.buffer.element-limit = 1 (custom)
2019-10-11 07:09:51,758 [pool-247-thread-1] INFO  server.RaftServerConfigKeys (ConfUtils.java:logGet(43)) - raft.server.snapshot.auto.trigger.threshold = 10000 (custom)
2019-10-11 07:09:51,758 [b8d03a4d-e915-4eff-b2e5-95cc028c1e9d@group-B0675D9502C4-LeaderElection56] INFO  grpc.GrpcConfigKeys$Server (ConfUtils.java:logGet(43)) - raft.grpc.server.leader.outstanding.appends.max = 128 (default)
2019-10-11 07:09:51,759 [pool-247-thread-1] INFO  server.RaftServerConfigKeys (ConfUtils.java:logGet(43)) - raft.server.snapshot.retention.file.num = 5 (custom)
2019-10-11 07:09:51,759 [b8d03a4d-e915-4eff-b2e5-95cc028c1e9d@group-B0675D9502C4-LeaderElection56] INFO  server.RaftServerConfigKeys (ConfUtils.java:logGet(43)) - raft.server.rpc.request.timeout = 3000ms (default)
2019-10-11 07:09:51,759 [pool-247-thread-1] INFO  server.RaftServerConfigKeys (ConfUtils.java:logGet(43)) - raft.server.retrycache.expirytime = 600000ms (custom)
2019-10-11 07:09:51,759 [b8d03a4d-e915-4eff-b2e5-95cc028c1e9d@group-B0675D9502C4-LeaderElection56] INFO  server.RaftServerConfigKeys (ConfUtils.java:logGet(43)) - raft.server.log.appender.install.snapshot.enabled = false (custom)
2019-10-11 07:09:51,759 [b8d03a4d-e915-4eff-b2e5-95cc028c1e9d@group-B0675D9502C4-LeaderElection56] INFO  impl.RoleInfo (RoleInfo.java:updateAndGet(143)) - b8d03a4d-e915-4eff-b2e5-95cc028c1e9d: start LeaderState
2019-10-11 07:09:51,760 [b8d03a4d-e915-4eff-b2e5-95cc028c1e9d@group-B0675D9502C4-LeaderElection56] INFO  segmented.SegmentedRaftLogWorker (SegmentedRaftLogWorker.java:startLogSegment(385)) - b8d03a4d-e915-4eff-b2e5-95cc028c1e9d@group-B0675D9502C4-SegmentedRaftLogWorker: Starting segment from index:0
2019-10-11 07:09:51,760 [b8d03a4d-e915-4eff-b2e5-95cc028c1e9d@group-B0675D9502C4-LeaderElection56] INFO  impl.RaftServerImpl (ServerState.java:setRaftConf(356)) - b8d03a4d-e915-4eff-b2e5-95cc028c1e9d@group-B0675D9502C4: set configuration 0: [58d7d782-e238-4c9b-b037-a54f89fdb2a5:192.168.164.209:35497, b8d03a4d-e915-4eff-b2e5-95cc028c1e9d:192.168.164.209:43671, 0f24eb1f-961d-4620-8d5d-0b1f3f575a32:192.168.164.209:41020], old=null at 0
2019-10-11 07:09:51,761 [grpc-default-executor-3] INFO  impl.RaftServerImpl (RaftServerImpl.java:requestVote(754)) - b8d03a4d-e915-4eff-b2e5-95cc028c1e9d@group-B0675D9502C4-   LEADER: Withhold vote from candidate 0f24eb1f-961d-4620-8d5d-0b1f3f575a32 with term 1. State: leader=b8d03a4d-e915-4eff-b2e5-95cc028c1e9d, term=1, lastRpcElapsed=null
2019-10-11 07:09:51,794 [pool-247-thread-1] INFO  impl.RaftServerImpl (RaftServerImpl.java:start(181)) - 45bdfbdb-cef3-4a4c-bb56-68d5d29f1ba8@group-7E0AD43C2A97: start as a follower, conf=-1: [45bdfbdb-cef3-4a4c-bb56-68d5d29f1ba8:192.168.164.209:37502], old=null
2019-10-11 07:09:51,794 [pool-247-thread-1] INFO  impl.RaftServerImpl (RaftServerImpl.java:setRole(170)) - 45bdfbdb-cef3-4a4c-bb56-68d5d29f1ba8@group-7E0AD43C2A97: changes role from      null to FOLLOWER at term 0 for startAsFollower
2019-10-11 07:09:51,797 [pool-247-thread-1] INFO  impl.RoleInfo (RoleInfo.java:updateAndGet(143)) - 45bdfbdb-cef3-4a4c-bb56-68d5d29f1ba8: start FollowerState
2019-10-11 07:09:51,797 [0f24eb1f-961d-4620-8d5d-0b1f3f575a32@group-B0675D9502C4-LeaderElection57] INFO  impl.LeaderElection (LeaderElection.java:logAndReturn(56)) - 0f24eb1f-961d-4620-8d5d-0b1f3f575a32@group-B0675D9502C4-LeaderElection57: Election REJECTED; received 2 response(s) [0f24eb1f-961d-4620-8d5d-0b1f3f575a32<-58d7d782-e238-4c9b-b037-a54f89fdb2a5#0:FAIL-t1, 0f24eb1f-961d-4620-8d5d-0b1f3f575a32<-b8d03a4d-e915-4eff-b2e5-95cc028c1e9d#0:FAIL-t1] and 0 exception(s); 0f24eb1f-961d-4620-8d5d-0b1f3f575a32@group-B0675D9502C4:t1, leader=null, voted=0f24eb1f-961d-4620-8d5d-0b1f3f575a32, raftlog=0f24eb1f-961d-4620-8d5d-0b1f3f575a32@group-B0675D9502C4-SegmentedRaftLog:OPENED:c-1,f-1,i0, conf=-1: [58d7d782-e238-4c9b-b037-a54f89fdb2a5:192.168.164.209:35497, b8d03a4d-e915-4eff-b2e5-95cc028c1e9d:192.168.164.209:43671, 0f24eb1f-961d-4620-8d5d-0b1f3f575a32:192.168.164.209:41020], old=null
2019-10-11 07:09:51,797 [pool-247-thread-1] INFO  util.JmxRegister (JmxRegister.java:tryRegister(44)) - Successfully registered JMX Bean with object name Ratis:service=RaftServer,group=group-7E0AD43C2A97,id=45bdfbdb-cef3-4a4c-bb56-68d5d29f1ba8
2019-10-11 07:09:51,797 [0f24eb1f-961d-4620-8d5d-0b1f3f575a32@group-B0675D9502C4-LeaderElection57] INFO  impl.RaftServerImpl (RaftServerImpl.java:setRole(170)) - 0f24eb1f-961d-4620-8d5d-0b1f3f575a32@group-B0675D9502C4: changes role from CANDIDATE to FOLLOWER at term 1 for DISCOVERED_A_NEW_TERM
2019-10-11 07:09:51,798 [grpc-default-executor-6] INFO  impl.RaftServerImpl (ServerState.java:setLeader(255)) - 58d7d782-e238-4c9b-b037-a54f89fdb2a5@group-B0675D9502C4: change Leader from null to b8d03a4d-e915-4eff-b2e5-95cc028c1e9d at term 1 for appendEntries, leader elected after 5193ms
2019-10-11 07:09:51,798 [0f24eb1f-961d-4620-8d5d-0b1f3f575a32@group-B0675D9502C4-LeaderElection57] INFO  impl.RoleInfo (RoleInfo.java:shutdownLeaderElection(134)) - 0f24eb1f-961d-4620-8d5d-0b1f3f575a32: shutdown LeaderElection
2019-10-11 07:09:51,798 [0f24eb1f-961d-4620-8d5d-0b1f3f575a32@group-B0675D9502C4-LeaderElection57] INFO  impl.RoleInfo (RoleInfo.java:updateAndGet(143)) - 0f24eb1f-961d-4620-8d5d-0b1f3f575a32: start FollowerState
2019-10-11 07:09:51,799 [grpc-default-executor-3] INFO  impl.RaftServerImpl (ServerState.java:setLeader(255)) - 0f24eb1f-961d-4620-8d5d-0b1f3f575a32@group-B0675D9502C4: change Leader from null to b8d03a4d-e915-4eff-b2e5-95cc028c1e9d at term 1 for appendEntries, leader elected after 5194ms
2019-10-11 07:09:51,805 [grpc-default-executor-3] INFO  impl.RaftServerImpl (ServerState.java:setRaftConf(356)) - 58d7d782-e238-4c9b-b037-a54f89fdb2a5@group-B0675D9502C4: set configuration 0: [58d7d782-e238-4c9b-b037-a54f89fdb2a5:192.168.164.209:35497, b8d03a4d-e915-4eff-b2e5-95cc028c1e9d:192.168.164.209:43671, 0f24eb1f-961d-4620-8d5d-0b1f3f575a32:192.168.164.209:41020], old=null at 0
2019-10-11 07:09:51,806 [grpc-default-executor-3] INFO  segmented.SegmentedRaftLogWorker (SegmentedRaftLogWorker.java:startLogSegment(385)) - 58d7d782-e238-4c9b-b037-a54f89fdb2a5@group-B0675D9502C4-SegmentedRaftLogWorker: Starting segment from index:0
2019-10-11 07:09:51,806 [grpc-default-executor-6] INFO  impl.RaftServerImpl (ServerState.java:setRaftConf(356)) - 0f24eb1f-961d-4620-8d5d-0b1f3f575a32@group-B0675D9502C4: set configuration 0: [58d7d782-e238-4c9b-b037-a54f89fdb2a5:192.168.164.209:35497, b8d03a4d-e915-4eff-b2e5-95cc028c1e9d:192.168.164.209:43671, 0f24eb1f-961d-4620-8d5d-0b1f3f575a32:192.168.164.209:41020], old=null at 0
2019-10-11 07:09:51,806 [grpc-default-executor-6] INFO  segmented.SegmentedRaftLogWorker (SegmentedRaftLogWorker.java:startLogSegment(385)) - 0f24eb1f-961d-4620-8d5d-0b1f3f575a32@group-B0675D9502C4-SegmentedRaftLogWorker: Starting segment from index:0
2019-10-11 07:09:51,806 [RatisPipelineUtilsThread] INFO  pipeline.PipelineStateManager (PipelineStateManager.java:addPipeline(56)) - Created pipeline Pipeline[ Id: bed70e28-7bc9-4f52-b5e8-7e0ad43c2a97, Nodes: 45bdfbdb-cef3-4a4c-bb56-68d5d29f1ba8{ip: 192.168.164.209, host: pr-hdds-2206-npvv8-3563359771, networkLocation: /default-rack, certSerialId: null}, Type:RATIS, Factor:ONE, State:OPEN]
2019-10-11 07:09:51,814 [b8d03a4d-e915-4eff-b2e5-95cc028c1e9d@group-B0675D9502C4-SegmentedRaftLogWorker] INFO  segmented.SegmentedRaftLogWorker (SegmentedRaftLogWorker.java:execute(574)) - b8d03a4d-e915-4eff-b2e5-95cc028c1e9d@group-B0675D9502C4-SegmentedRaftLogWorker: created new log segment /workdir/hadoop-ozone/integration-test/target/test-dir/MiniOzoneClusterImpl-85c8d926-9ea3-4b64-86e7-7cfbc5065fac/datanode-1/data/ratis/4b7d3e2b-a92f-4375-b350-b0675d9502c4/current/log_inprogress_0
2019-10-11 07:09:51,855 [58d7d782-e238-4c9b-b037-a54f89fdb2a5@group-B0675D9502C4-SegmentedRaftLogWorker] INFO  segmented.SegmentedRaftLogWorker (SegmentedRaftLogWorker.java:execute(574)) - 58d7d782-e238-4c9b-b037-a54f89fdb2a5@group-B0675D9502C4-SegmentedRaftLogWorker: created new log segment /workdir/hadoop-ozone/integration-test/target/test-dir/MiniOzoneClusterImpl-85c8d926-9ea3-4b64-86e7-7cfbc5065fac/datanode-0/data/ratis/4b7d3e2b-a92f-4375-b350-b0675d9502c4/current/log_inprogress_0
2019-10-11 07:09:51,855 [0f24eb1f-961d-4620-8d5d-0b1f3f575a32@group-B0675D9502C4-SegmentedRaftLogWorker] INFO  segmented.SegmentedRaftLogWorker (SegmentedRaftLogWorker.java:execute(574)) - 0f24eb1f-961d-4620-8d5d-0b1f3f575a32@group-B0675D9502C4-SegmentedRaftLogWorker: created new log segment /workdir/hadoop-ozone/integration-test/target/test-dir/MiniOzoneClusterImpl-85c8d926-9ea3-4b64-86e7-7cfbc5065fac/datanode-2/data/ratis/4b7d3e2b-a92f-4375-b350-b0675d9502c4/current/log_inprogress_0
2019-10-11 07:09:52,693 [main] INFO  hdfs.DFSUtil (DFSUtil.java:httpServerTemplateForNNAndJN(1641)) - Starting Web-server for hddsDatanode at: http://0.0.0.0:0
2019-10-11 07:09:52,696 [main] INFO  server.AuthenticationFilter (AuthenticationFilter.java:constructSecretProvider(240)) - Unable to initialize FileSignerSecretProvider, falling back to use random secrets.
2019-10-11 07:09:52,697 [main] WARN  http.HttpRequestLog (HttpRequestLog.java:getRequestLog(97)) - Jetty request log can only be enabled using Log4j
2019-10-11 07:09:52,700 [main] INFO  http.HttpServer2 (HttpServer2.java:addGlobalFilter(975)) - Added global filter 'safety' (class=org.apache.hadoop.http.HttpServer2$QuotingInputFilter)
2019-10-11 07:09:52,701 [main] INFO  http.HttpServer2 (HttpServer2.java:addFilter(948)) - Added filter static_user_filter (class=org.apache.hadoop.http.lib.StaticUserWebFilter$StaticUserFilter) to context hddsDatanode
2019-10-11 07:09:52,701 [main] INFO  http.HttpServer2 (HttpServer2.java:addFilter(958)) - Added filter static_user_filter (class=org.apache.hadoop.http.lib.StaticUserWebFilter$StaticUserFilter) to context logs
2019-10-11 07:09:52,701 [main] INFO  http.HttpServer2 (HttpServer2.java:addFilter(958)) - Added filter static_user_filter (class=org.apache.hadoop.http.lib.StaticUserWebFilter$StaticUserFilter) to context static
2019-10-11 07:09:52,702 [main] INFO  http.HttpServer2 (HttpServer2.java:bindListener(1191)) - Jetty bound to port 43191
2019-10-11 07:09:52,703 [main] INFO  server.Server (Server.java:doStart(351)) - jetty-9.3.25.v20180904, build timestamp: 2018-09-04T21:11:46Z, git hash: 3ce520221d0240229c862b122d2b06c12a625732
2019-10-11 07:09:52,705 [main] INFO  handler.ContextHandler (ContextHandler.java:doStart(781)) - Started o.e.j.s.ServletContextHandler@412c5e8b{/logs,file:///workdir/hadoop-ozone/integration-test/target/log,AVAILABLE}
2019-10-11 07:09:52,706 [main] INFO  handler.ContextHandler (ContextHandler.java:doStart(781)) - Started o.e.j.s.ServletContextHandler@3b0c3951{/static,jar:file:/home/user/.m2/repository/org/apache/hadoop/hadoop-hdds-container-service/0.5.0-SNAPSHOT/hadoop-hdds-container-service-0.5.0-SNAPSHOT.jar!/webapps/static,AVAILABLE}
2019-10-11 07:09:52,750 [main] INFO  handler.ContextHandler (ContextHandler.java:doStart(781)) - Started o.e.j.w.WebAppContext@6be6931f{/,file:///tmp/jetty-0.0.0.0-43191-hddsDatanode-_-any-8104489469582802012.dir/webapp/,AVAILABLE}{/hddsDatanode}
2019-10-11 07:09:52,751 [main] INFO  server.AbstractConnector (AbstractConnector.java:doStart(278)) - Started ServerConnector@6b4125ed{HTTP/1.1,[http/1.1]}{0.0.0.0:43191}
2019-10-11 07:09:52,754 [main] INFO  server.Server (Server.java:doStart(419)) - Started @239916ms
2019-10-11 07:09:52,754 [main] WARN  impl.MetricsSystemImpl (MetricsSystemImpl.java:register(276)) - Sink prometheus already exists!
2019-10-11 07:09:56,821 [Thread-1577] INFO  impl.FollowerState (FollowerState.java:run(108)) - 53640dff-d63a-40f5-bfa6-9d6488a25d19@group-F9D1BF9E87A7-FollowerState: change to CANDIDATE, lastRpcTime:5168ms, electionTimeout:5168ms
2019-10-11 07:09:56,821 [Thread-1577] INFO  impl.RoleInfo (RoleInfo.java:shutdownFollowerState(121)) - 53640dff-d63a-40f5-bfa6-9d6488a25d19: shutdown FollowerState
2019-10-11 07:09:56,821 [Thread-1577] INFO  impl.RaftServerImpl (RaftServerImpl.java:setRole(170)) - 53640dff-d63a-40f5-bfa6-9d6488a25d19@group-F9D1BF9E87A7: changes role from  FOLLOWER to CANDIDATE at term 0 for changeToCandidate
2019-10-11 07:09:56,822 [Thread-1577] INFO  impl.RoleInfo (RoleInfo.java:updateAndGet(143)) - 53640dff-d63a-40f5-bfa6-9d6488a25d19: start LeaderElection
2019-10-11 07:09:56,860 [53640dff-d63a-40f5-bfa6-9d6488a25d19@group-F9D1BF9E87A7-LeaderElection58] INFO  impl.LeaderElection (LeaderElection.java:askForVotes(178)) - 53640dff-d63a-40f5-bfa6-9d6488a25d19@group-F9D1BF9E87A7-LeaderElection58: begin an election at term 1 for -1: [53640dff-d63a-40f5-bfa6-9d6488a25d19:192.168.164.209:39937], old=null
2019-10-11 07:09:56,860 [53640dff-d63a-40f5-bfa6-9d6488a25d19@group-F9D1BF9E87A7-LeaderElection58] INFO  impl.RoleInfo (RoleInfo.java:shutdownLeaderElection(134)) - 53640dff-d63a-40f5-bfa6-9d6488a25d19: shutdown LeaderElection
2019-10-11 07:09:56,860 [53640dff-d63a-40f5-bfa6-9d6488a25d19@group-F9D1BF9E87A7-LeaderElection58] INFO  impl.RaftServerImpl (RaftServerImpl.java:setRole(170)) - 53640dff-d63a-40f5-bfa6-9d6488a25d19@group-F9D1BF9E87A7: changes role from CANDIDATE to LEADER at term 1 for changeToLeader
2019-10-11 07:09:56,860 [53640dff-d63a-40f5-bfa6-9d6488a25d19@group-F9D1BF9E87A7-LeaderElection58] INFO  impl.RaftServerImpl (ServerState.java:setLeader(255)) - 53640dff-d63a-40f5-bfa6-9d6488a25d19@group-F9D1BF9E87A7: change Leader from null to 53640dff-d63a-40f5-bfa6-9d6488a25d19 at term 1 for becomeLeader, leader elected after 5215ms
2019-10-11 07:09:56,860 [53640dff-d63a-40f5-bfa6-9d6488a25d19@group-F9D1BF9E87A7-LeaderElection58] INFO  server.RaftServerConfigKeys (ConfUtils.java:logGet(43)) - raft.server.staging.catchup.gap = 1000 (default)
2019-10-11 07:09:56,860 [53640dff-d63a-40f5-bfa6-9d6488a25d19@group-F9D1BF9E87A7-LeaderElection58] INFO  server.RaftServerConfigKeys (ConfUtils.java:logGet(43)) - raft.server.rpc.sleep.time = 25ms (default)
2019-10-11 07:09:56,861 [53640dff-d63a-40f5-bfa6-9d6488a25d19@group-F9D1BF9E87A7-LeaderElection58] INFO  server.RaftServerConfigKeys (ConfUtils.java:logGet(43)) - raft.server.write.element-limit = 4096 (default)
2019-10-11 07:09:56,861 [53640dff-d63a-40f5-bfa6-9d6488a25d19@group-F9D1BF9E87A7-LeaderElection58] INFO  server.RaftServerConfigKeys (ConfUtils.java:logGet(43)) - raft.server.watch.timeout = 10s (default)
2019-10-11 07:09:56,861 [53640dff-d63a-40f5-bfa6-9d6488a25d19@group-F9D1BF9E87A7-LeaderElection58] INFO  server.RaftServerConfigKeys (ConfUtils.java:logGet(43)) - raft.server.watch.timeout.denomination = 1s (default)
2019-10-11 07:09:56,861 [53640dff-d63a-40f5-bfa6-9d6488a25d19@group-F9D1BF9E87A7-LeaderElection58] INFO  server.RaftServerConfigKeys (ConfUtils.java:logGet(43)) - raft.server.watch.element-limit = 65536 (default)
2019-10-11 07:09:56,864 [53640dff-d63a-40f5-bfa6-9d6488a25d19@group-F9D1BF9E87A7-LeaderElection58] INFO  impl.RoleInfo (RoleInfo.java:updateAndGet(143)) - 53640dff-d63a-40f5-bfa6-9d6488a25d19: start LeaderState
2019-10-11 07:09:56,864 [53640dff-d63a-40f5-bfa6-9d6488a25d19@group-F9D1BF9E87A7-LeaderElection58] INFO  segmented.SegmentedRaftLogWorker (SegmentedRaftLogWorker.java:startLogSegment(385)) - 53640dff-d63a-40f5-bfa6-9d6488a25d19@group-F9D1BF9E87A7-SegmentedRaftLogWorker: Starting segment from index:0
2019-10-11 07:09:56,865 [53640dff-d63a-40f5-bfa6-9d6488a25d19@group-F9D1BF9E87A7-LeaderElection58] INFO  impl.RaftServerImpl (ServerState.java:setRaftConf(356)) - 53640dff-d63a-40f5-bfa6-9d6488a25d19@group-F9D1BF9E87A7: set configuration 0: [53640dff-d63a-40f5-bfa6-9d6488a25d19:192.168.164.209:39937], old=null at 0
2019-10-11 07:09:56,911 [53640dff-d63a-40f5-bfa6-9d6488a25d19@group-F9D1BF9E87A7-SegmentedRaftLogWorker] INFO  segmented.SegmentedRaftLogWorker (SegmentedRaftLogWorker.java:execute(574)) - 53640dff-d63a-40f5-bfa6-9d6488a25d19@group-F9D1BF9E87A7-SegmentedRaftLogWorker: created new log segment /workdir/hadoop-ozone/integration-test/target/test-dir/MiniOzoneClusterImpl-85c8d926-9ea3-4b64-86e7-7cfbc5065fac/datanode-3/data/ratis/cced8ec8-a7ed-4317-9b1b-f9d1bf9e87a7/current/log_inprogress_0
2019-10-11 07:09:56,990 [Thread-1591] INFO  impl.FollowerState (FollowerState.java:run(108)) - 45bdfbdb-cef3-4a4c-bb56-68d5d29f1ba8@group-7E0AD43C2A97-FollowerState: change to CANDIDATE, lastRpcTime:5193ms, electionTimeout:5193ms
2019-10-11 07:09:56,991 [Thread-1591] INFO  impl.RoleInfo (RoleInfo.java:shutdownFollowerState(121)) - 45bdfbdb-cef3-4a4c-bb56-68d5d29f1ba8: shutdown FollowerState
2019-10-11 07:09:56,991 [Thread-1591] INFO  impl.RaftServerImpl (RaftServerImpl.java:setRole(170)) - 45bdfbdb-cef3-4a4c-bb56-68d5d29f1ba8@group-7E0AD43C2A97: changes role from  FOLLOWER to CANDIDATE at term 0 for changeToCandidate
2019-10-11 07:09:56,991 [Thread-1591] INFO  impl.RoleInfo (RoleInfo.java:updateAndGet(143)) - 45bdfbdb-cef3-4a4c-bb56-68d5d29f1ba8: start LeaderElection
2019-10-11 07:09:57,020 [45bdfbdb-cef3-4a4c-bb56-68d5d29f1ba8@group-7E0AD43C2A97-LeaderElection59] INFO  impl.LeaderElection (LeaderElection.java:askForVotes(178)) - 45bdfbdb-cef3-4a4c-bb56-68d5d29f1ba8@group-7E0AD43C2A97-LeaderElection59: begin an election at term 1 for -1: [45bdfbdb-cef3-4a4c-bb56-68d5d29f1ba8:192.168.164.209:37502], old=null
2019-10-11 07:09:57,020 [45bdfbdb-cef3-4a4c-bb56-68d5d29f1ba8@group-7E0AD43C2A97-LeaderElection59] INFO  impl.RoleInfo (RoleInfo.java:shutdownLeaderElection(134)) - 45bdfbdb-cef3-4a4c-bb56-68d5d29f1ba8: shutdown LeaderElection
2019-10-11 07:09:57,020 [45bdfbdb-cef3-4a4c-bb56-68d5d29f1ba8@group-7E0AD43C2A97-LeaderElection59] INFO  impl.RaftServerImpl (RaftServerImpl.java:setRole(170)) - 45bdfbdb-cef3-4a4c-bb56-68d5d29f1ba8@group-7E0AD43C2A97: changes role from CANDIDATE to LEADER at term 1 for changeToLeader
2019-10-11 07:09:57,020 [45bdfbdb-cef3-4a4c-bb56-68d5d29f1ba8@group-7E0AD43C2A97-LeaderElection59] INFO  impl.RaftServerImpl (ServerState.java:setLeader(255)) - 45bdfbdb-cef3-4a4c-bb56-68d5d29f1ba8@group-7E0AD43C2A97: change Leader from null to 45bdfbdb-cef3-4a4c-bb56-68d5d29f1ba8 at term 1 for becomeLeader, leader elected after 5276ms
2019-10-11 07:09:57,020 [45bdfbdb-cef3-4a4c-bb56-68d5d29f1ba8@group-7E0AD43C2A97-LeaderElection59] INFO  server.RaftServerConfigKeys (ConfUtils.java:logGet(43)) - raft.server.staging.catchup.gap = 1000 (default)
2019-10-11 07:09:57,020 [45bdfbdb-cef3-4a4c-bb56-68d5d29f1ba8@group-7E0AD43C2A97-LeaderElection59] INFO  server.RaftServerConfigKeys (ConfUtils.java:logGet(43)) - raft.server.rpc.sleep.time = 25ms (default)
2019-10-11 07:09:57,021 [45bdfbdb-cef3-4a4c-bb56-68d5d29f1ba8@group-7E0AD43C2A97-LeaderElection59] INFO  server.RaftServerConfigKeys (ConfUtils.java:logGet(43)) - raft.server.write.element-limit = 4096 (default)
2019-10-11 07:09:57,021 [45bdfbdb-cef3-4a4c-bb56-68d5d29f1ba8@group-7E0AD43C2A97-LeaderElection59] INFO  server.RaftServerConfigKeys (ConfUtils.java:logGet(43)) - raft.server.watch.timeout = 10s (default)
2019-10-11 07:09:57,021 [45bdfbdb-cef3-4a4c-bb56-68d5d29f1ba8@group-7E0AD43C2A97-LeaderElection59] INFO  server.RaftServerConfigKeys (ConfUtils.java:logGet(43)) - raft.server.watch.timeout.denomination = 1s (default)
2019-10-11 07:09:57,021 [45bdfbdb-cef3-4a4c-bb56-68d5d29f1ba8@group-7E0AD43C2A97-LeaderElection59] INFO  server.RaftServerConfigKeys (ConfUtils.java:logGet(43)) - raft.server.watch.element-limit = 65536 (default)
2019-10-11 07:09:57,023 [45bdfbdb-cef3-4a4c-bb56-68d5d29f1ba8@group-7E0AD43C2A97-LeaderElection59] INFO  impl.RoleInfo (RoleInfo.java:updateAndGet(143)) - 45bdfbdb-cef3-4a4c-bb56-68d5d29f1ba8: start LeaderState
2019-10-11 07:09:57,024 [45bdfbdb-cef3-4a4c-bb56-68d5d29f1ba8@group-7E0AD43C2A97-LeaderElection59] INFO  segmented.SegmentedRaftLogWorker (SegmentedRaftLogWorker.java:startLogSegment(385)) - 45bdfbdb-cef3-4a4c-bb56-68d5d29f1ba8@group-7E0AD43C2A97-SegmentedRaftLogWorker: Starting segment from index:0
2019-10-11 07:09:57,024 [45bdfbdb-cef3-4a4c-bb56-68d5d29f1ba8@group-7E0AD43C2A97-LeaderElection59] INFO  impl.RaftServerImpl (ServerState.java:setRaftConf(356)) - 45bdfbdb-cef3-4a4c-bb56-68d5d29f1ba8@group-7E0AD43C2A97: set configuration 0: [45bdfbdb-cef3-4a4c-bb56-68d5d29f1ba8:192.168.164.209:37502], old=null at 0
2019-10-11 07:09:57,071 [45bdfbdb-cef3-4a4c-bb56-68d5d29f1ba8@group-7E0AD43C2A97-SegmentedRaftLogWorker] INFO  segmented.SegmentedRaftLogWorker (SegmentedRaftLogWorker.java:execute(574)) - 45bdfbdb-cef3-4a4c-bb56-68d5d29f1ba8@group-7E0AD43C2A97-SegmentedRaftLogWorker: created new log segment /workdir/hadoop-ozone/integration-test/target/test-dir/MiniOzoneClusterImpl-85c8d926-9ea3-4b64-86e7-7cfbc5065fac/datanode-4/data/ratis/bed70e28-7bc9-4f52-b5e8-7e0ad43c2a97/current/log_inprogress_0
2019-10-11 07:09:57,759 [main] INFO  server.BaseHttpServer (BaseHttpServer.java:updateConnectorAddress(215)) - HTTP server of HDDSDATANODE is listening at http://0.0.0.0:43191
2019-10-11 07:09:57,760 [main] INFO  impl.MetricsSystemImpl (MetricsSystemImpl.java:init(158)) - HddsDatanode metrics system started (again)
2019-10-11 07:09:57,763 [org.apache.hadoop.util.JvmPauseMonitor$Monitor@21bea854] INFO  util.JvmPauseMonitor (JvmPauseMonitor.java:run(188)) - Starting JVM pause monitor
2019-10-11 07:09:57,774 [Datanode State Machine Thread - 0] INFO  datanode.InitDatanodeState (InitDatanodeState.java:persistContainerDatanodeDetails(140)) - DatanodeDetails is persisted to /workdir/hadoop-ozone/integration-test/target/test-dir/MiniOzoneClusterImpl-85c8d926-9ea3-4b64-86e7-7cfbc5065fac/datanode-5/meta/datanode.id
2019-10-11 07:09:57,774 [main] INFO  ozone.HddsDatanodeService (HddsDatanodeService.java:start(184)) - HddsDatanodeService host:pr-hdds-2206-npvv8-3563359771 ip:192.168.164.209
2019-10-11 07:09:57,791 [main] INFO  volume.HddsVolume (HddsVolume.java:<init>(176)) - Creating Volume: /workdir/hadoop-ozone/integration-test/target/test-dir/MiniOzoneClusterImpl-85c8d926-9ea3-4b64-86e7-7cfbc5065fac/datanode-6/data/containers/hdds of  storage type : DISK and capacity : 1482555576320
2019-10-11 07:09:57,792 [main] INFO  volume.VolumeSet (VolumeSet.java:initializeVolumeSet(170)) - Added Volume : /workdir/hadoop-ozone/integration-test/target/test-dir/MiniOzoneClusterImpl-85c8d926-9ea3-4b64-86e7-7cfbc5065fac/datanode-6/data/containers/hdds to VolumeSet
2019-10-11 07:09:57,792 [main] INFO  volume.ThrottledAsyncChecker (ThrottledAsyncChecker.java:schedule(141)) - Scheduling a check for org.apache.hadoop.ozone.container.common.volume.HddsVolume@69cd7630
2019-10-11 07:09:57,798 [main] INFO  volume.HddsVolumeChecker (HddsVolumeChecker.java:checkAllVolumes(204)) - Scheduled health check for volume org.apache.hadoop.ozone.container.common.volume.HddsVolume@69cd7630
2019-10-11 07:09:57,822 [main] INFO  impl.RaftServerProxy (ConfUtils.java:logGet(43)) - raft.rpc.type = GRPC (default)
2019-10-11 07:09:57,823 [main] INFO  grpc.GrpcFactory (GrpcFactory.java:checkPooledByteBufAllocatorUseCacheForAllThreads(45)) - PERFORMANCE WARNING: useCacheForAllThreads is true that may cause Netty to create a lot garbage objects and, as a result, trigger GC.
	It is recommended to disable useCacheForAllThreads by setting -Dorg.apache.ratis.thirdparty.io.netty.allocator.useCacheForAllThreads=false in command line.
2019-10-11 07:09:57,823 [main] INFO  grpc.GrpcConfigKeys$Server (ConfUtils.java:logGet(43)) - raft.grpc.server.port = 0 (default)
2019-10-11 07:09:57,823 [main] INFO  server.GrpcService (ConfUtils.java:logGet(43)) - raft.grpc.message.size.max = 33570816 (custom)
2019-10-11 07:09:57,824 [main] INFO  server.RaftServerConfigKeys (ConfUtils.java:logGet(43)) - raft.server.log.appender.buffer.byte-limit = 33554432 (custom)
2019-10-11 07:09:57,824 [main] INFO  server.GrpcService (ConfUtils.java:logGet(43)) - raft.grpc.flow.control.window = 1MB (=1048576) (default)
2019-10-11 07:09:57,824 [main] INFO  server.RaftServerConfigKeys (ConfUtils.java:logGet(43)) - raft.server.rpc.request.timeout = 3000ms (default)
2019-10-11 07:09:57,825 [main] INFO  server.RaftServerConfigKeys (ConfUtils.java:logGet(43)) - raft.server.storage.dir = [/workdir/hadoop-ozone/integration-test/target/test-dir/MiniOzoneClusterImpl-85c8d926-9ea3-4b64-86e7-7cfbc5065fac/datanode-6/data/ratis] (custom)
2019-10-11 07:09:57,828 [main] INFO  hdfs.DFSUtil (DFSUtil.java:httpServerTemplateForNNAndJN(1641)) - Starting Web-server for hddsDatanode at: http://0.0.0.0:0
2019-10-11 07:09:57,830 [main] INFO  server.AuthenticationFilter (AuthenticationFilter.java:constructSecretProvider(240)) - Unable to initialize FileSignerSecretProvider, falling back to use random secrets.
2019-10-11 07:09:57,831 [main] WARN  http.HttpRequestLog (HttpRequestLog.java:getRequestLog(97)) - Jetty request log can only be enabled using Log4j
2019-10-11 07:09:57,833 [main] INFO  http.HttpServer2 (HttpServer2.java:addGlobalFilter(975)) - Added global filter 'safety' (class=org.apache.hadoop.http.HttpServer2$QuotingInputFilter)
2019-10-11 07:09:57,833 [main] INFO  http.HttpServer2 (HttpServer2.java:addFilter(948)) - Added filter static_user_filter (class=org.apache.hadoop.http.lib.StaticUserWebFilter$StaticUserFilter) to context hddsDatanode
2019-10-11 07:09:57,833 [main] INFO  http.HttpServer2 (HttpServer2.java:addFilter(958)) - Added filter static_user_filter (class=org.apache.hadoop.http.lib.StaticUserWebFilter$StaticUserFilter) to context logs
2019-10-11 07:09:57,834 [main] INFO  http.HttpServer2 (HttpServer2.java:addFilter(958)) - Added filter static_user_filter (class=org.apache.hadoop.http.lib.StaticUserWebFilter$StaticUserFilter) to context static
2019-10-11 07:09:57,835 [main] INFO  http.HttpServer2 (HttpServer2.java:bindListener(1191)) - Jetty bound to port 44684
2019-10-11 07:09:57,835 [main] INFO  server.Server (Server.java:doStart(351)) - jetty-9.3.25.v20180904, build timestamp: 2018-09-04T21:11:46Z, git hash: 3ce520221d0240229c862b122d2b06c12a625732
2019-10-11 07:09:57,838 [main] INFO  handler.ContextHandler (ContextHandler.java:doStart(781)) - Started o.e.j.s.ServletContextHandler@1376883{/logs,file:///workdir/hadoop-ozone/integration-test/target/log,AVAILABLE}
2019-10-11 07:09:57,838 [main] INFO  handler.ContextHandler (ContextHandler.java:doStart(781)) - Started o.e.j.s.ServletContextHandler@523a7801{/static,jar:file:/home/user/.m2/repository/org/apache/hadoop/hadoop-hdds-container-service/0.5.0-SNAPSHOT/hadoop-hdds-container-service-0.5.0-SNAPSHOT.jar!/webapps/static,AVAILABLE}
2019-10-11 07:09:57,884 [main] INFO  handler.ContextHandler (ContextHandler.java:doStart(781)) - Started o.e.j.w.WebAppContext@c8f97a7{/,file:///tmp/jetty-0.0.0.0-44684-hddsDatanode-_-any-7985500769463446769.dir/webapp/,AVAILABLE}{/hddsDatanode}
2019-10-11 07:09:57,885 [main] INFO  server.AbstractConnector (AbstractConnector.java:doStart(278)) - Started ServerConnector@2b736fee{HTTP/1.1,[http/1.1]}{0.0.0.0:44684}
2019-10-11 07:09:57,888 [main] INFO  server.Server (Server.java:doStart(419)) - Started @245049ms
2019-10-11 07:09:57,888 [main] WARN  impl.MetricsSystemImpl (MetricsSystemImpl.java:register(276)) - Sink prometheus already exists!
2019-10-11 07:09:59,784 [Datanode State Machine Thread - 0] INFO  ozoneimpl.OzoneContainer (OzoneContainer.java:start(213)) - Attempting to start container services.
2019-10-11 07:09:59,785 [Datanode State Machine Thread - 0] INFO  ozoneimpl.OzoneContainer (OzoneContainer.java:startContainerScrub(177)) - Background container scanner has been disabled.
2019-10-11 07:09:59,785 [Datanode State Machine Thread - 0] INFO  ratis.XceiverServerRatis (XceiverServerRatis.java:start(418)) - Starting XceiverServerRatis f1ece2e6-15a1-40e6-a99f-0011a76476d4 at port 0
2019-10-11 07:09:59,793 [Datanode State Machine Thread - 0] INFO  impl.RaftServerProxy (RaftServerProxy.java:lambda$start$3(299)) - f1ece2e6-15a1-40e6-a99f-0011a76476d4: start RPC server
2019-10-11 07:09:59,794 [Datanode State Machine Thread - 0] INFO  server.GrpcService (GrpcService.java:startImpl(158)) - f1ece2e6-15a1-40e6-a99f-0011a76476d4: GrpcService started, listening on 0.0.0.0/0.0.0.0:37454
2019-10-11 07:09:59,795 [Datanode State Machine Thread - 0] INFO  ratis.XceiverServerRatis (XceiverServerRatis.java:start(428)) - XceiverServerRatis f1ece2e6-15a1-40e6-a99f-0011a76476d4 is started using port 37454
2019-10-11 07:09:59,795 [Datanode State Machine Thread - 0] INFO  server.XceiverServerGrpc (XceiverServerGrpc.java:start(149)) - XceiverServerGrpc f1ece2e6-15a1-40e6-a99f-0011a76476d4 is started using port 32951
2019-10-11 07:10:01,764 [IPC Server handler 4 on 40375] INFO  net.NetworkTopology (NetworkTopologyImpl.java:add(111)) - Added a new node: /default-rack/f1ece2e6-15a1-40e6-a99f-0011a76476d4
2019-10-11 07:10:01,765 [IPC Server handler 4 on 40375] INFO  node.SCMNodeManager (SCMNodeManager.java:register(268)) - Registered Data node : f1ece2e6-15a1-40e6-a99f-0011a76476d4{ip: 192.168.164.209, host: pr-hdds-2206-npvv8-3563359771, networkLocation: /default-rack, certSerialId: null}
2019-10-11 07:10:01,798 [grpc-default-executor-3] INFO  impl.RaftServerProxy (RaftServerProxy.java:addNew(89)) - f1ece2e6-15a1-40e6-a99f-0011a76476d4: addNew group-A0BA6AFEA904:[f1ece2e6-15a1-40e6-a99f-0011a76476d4:192.168.164.209:37454] returns group-A0BA6AFEA904:java.util.concurrent.CompletableFuture@60ab43bf[Not completed]
2019-10-11 07:10:01,800 [pool-257-thread-1] INFO  impl.RaftServerImpl (RaftServerImpl.java:<init>(95)) - f1ece2e6-15a1-40e6-a99f-0011a76476d4: new RaftServerImpl for group-A0BA6AFEA904:[f1ece2e6-15a1-40e6-a99f-0011a76476d4:192.168.164.209:37454] with ContainerStateMachine:uninitialized
2019-10-11 07:10:01,800 [pool-257-thread-1] INFO  server.RaftServerConfigKeys (ConfUtils.java:logGet(43)) - raft.server.rpc.timeout.min = 5s (custom)
2019-10-11 07:10:01,800 [pool-257-thread-1] INFO  server.RaftServerConfigKeys (ConfUtils.java:logGet(43)) - raft.server.rpc.timeout.max = 5200ms (custom)
2019-10-11 07:10:01,801 [pool-257-thread-1] INFO  server.RaftServerConfigKeys (ConfUtils.java:logGet(43)) - raft.server.rpcslowness.timeout = 120s (custom)
2019-10-11 07:10:01,801 [pool-257-thread-1] INFO  server.RaftServerConfigKeys (ConfUtils.java:logGet(43)) - raft.server.sleep.deviation.threshold = 300 (default)
2019-10-11 07:10:01,801 [pool-257-thread-1] INFO  server.RaftServerConfigKeys (ConfUtils.java:logGet(43)) - raft.server.log.appender.install.snapshot.enabled = false (custom)
2019-10-11 07:10:01,801 [pool-257-thread-1] INFO  impl.RaftServerImpl (ServerState.java:<init>(103)) - f1ece2e6-15a1-40e6-a99f-0011a76476d4@group-A0BA6AFEA904: ConfigurationManager, init=-1: [f1ece2e6-15a1-40e6-a99f-0011a76476d4:192.168.164.209:37454], old=null, confs=<EMPTY_MAP>
2019-10-11 07:10:01,801 [pool-257-thread-1] INFO  server.RaftServerConfigKeys (ConfUtils.java:logGet(43)) - raft.server.storage.dir = [/workdir/hadoop-ozone/integration-test/target/test-dir/MiniOzoneClusterImpl-85c8d926-9ea3-4b64-86e7-7cfbc5065fac/datanode-5/data/ratis] (custom)
2019-10-11 07:10:01,801 [pool-257-thread-1] INFO  server.RaftServerConfigKeys (ConfUtils.java:logGet(43)) - raft.server.log.corruption.policy = EXCEPTION (default)
2019-10-11 07:10:01,802 [pool-257-thread-1] INFO  storage.RaftStorageDirectory (RaftStorageDirectory.java:analyzeStorage(246)) - The storage directory /workdir/hadoop-ozone/integration-test/target/test-dir/MiniOzoneClusterImpl-85c8d926-9ea3-4b64-86e7-7cfbc5065fac/datanode-5/data/ratis/7c0d5bf5-4600-4be7-b6b9-a0ba6afea904 does not exist. Creating ...
2019-10-11 07:10:01,825 [pool-257-thread-1] INFO  storage.RaftStorageDirectory (RaftStorageDirectory.java:tryLock(328)) - Lock on /workdir/hadoop-ozone/integration-test/target/test-dir/MiniOzoneClusterImpl-85c8d926-9ea3-4b64-86e7-7cfbc5065fac/datanode-5/data/ratis/7c0d5bf5-4600-4be7-b6b9-a0ba6afea904/in_use.lock acquired by nodename 16310@pr-hdds-2206-npvv8-3563359771
2019-10-11 07:10:01,848 [pool-257-thread-1] INFO  storage.RaftStorage (RaftStorage.java:format(84)) - Storage directory /workdir/hadoop-ozone/integration-test/target/test-dir/MiniOzoneClusterImpl-85c8d926-9ea3-4b64-86e7-7cfbc5065fac/datanode-5/data/ratis/7c0d5bf5-4600-4be7-b6b9-a0ba6afea904 has been successfully formatted.
2019-10-11 07:10:01,849 [pool-257-thread-1] INFO  ratis.ContainerStateMachine (ContainerStateMachine.java:loadSnapshot(231)) - group-A0BA6AFEA904: The snapshot info is null. Setting the last applied indexto:(t:0, i:~)
2019-10-11 07:10:01,849 [pool-257-thread-1] INFO  server.RaftServerConfigKeys (ConfUtils.java:logGet(43)) - raft.server.notification.no-leader.timeout = 120s (custom)
2019-10-11 07:10:01,849 [pool-257-thread-1] INFO  server.RaftServerConfigKeys (ConfUtils.java:logGet(43)) - raft.server.log.use.memory = false (default)
2019-10-11 07:10:01,849 [pool-257-thread-1] INFO  server.RaftServerConfigKeys (ConfUtils.java:logGet(43)) - raft.server.log.purge.gap = 1000000 (custom)
2019-10-11 07:10:01,849 [pool-257-thread-1] INFO  server.RaftServerConfigKeys (ConfUtils.java:logGet(43)) - raft.server.log.appender.buffer.byte-limit = 33554432 (custom)
2019-10-11 07:10:01,849 [pool-257-thread-1] INFO  server.RaftServerConfigKeys (ConfUtils.java:logGet(43)) - raft.server.log.segment.size.max = 1048576 (custom)
2019-10-11 07:10:01,851 [pool-257-thread-1] INFO  server.RaftServerConfigKeys (ConfUtils.java:logGet(43)) - raft.server.log.segment.cache.num.max = 2 (custom)
2019-10-11 07:10:01,851 [pool-257-thread-1] INFO  segmented.SegmentedRaftLogWorker (SegmentedRaftLogWorker.java:<init>(173)) - new f1ece2e6-15a1-40e6-a99f-0011a76476d4@group-A0BA6AFEA904-SegmentedRaftLogWorker for RaftStorage:Storage Directory /workdir/hadoop-ozone/integration-test/target/test-dir/MiniOzoneClusterImpl-85c8d926-9ea3-4b64-86e7-7cfbc5065fac/datanode-5/data/ratis/7c0d5bf5-4600-4be7-b6b9-a0ba6afea904
2019-10-11 07:10:01,851 [pool-257-thread-1] INFO  server.RaftServerConfigKeys (ConfUtils.java:logGet(43)) - raft.server.log.queue.byte-limit = 2147483647 (custom)
2019-10-11 07:10:01,851 [pool-257-thread-1] INFO  server.RaftServerConfigKeys (ConfUtils.java:logGet(43)) - raft.server.log.queue.element-limit = 1024 (custom)
2019-10-11 07:10:01,851 [pool-257-thread-1] INFO  server.RaftServerConfigKeys (ConfUtils.java:logGet(43)) - raft.server.log.segment.size.max = 1048576 (custom)
2019-10-11 07:10:01,851 [pool-257-thread-1] INFO  server.RaftServerConfigKeys (ConfUtils.java:logGet(43)) - raft.server.log.preallocated.size = 16384 (custom)
2019-10-11 07:10:01,851 [pool-257-thread-1] INFO  server.RaftServerConfigKeys (ConfUtils.java:logGet(43)) - raft.server.log.write.buffer.size = 33554432 (custom)
2019-10-11 07:10:01,852 [pool-257-thread-1] INFO  server.RaftServerConfigKeys (ConfUtils.java:logGet(43)) - raft.server.log.force.sync.num = 128 (default)
2019-10-11 07:10:01,852 [pool-257-thread-1] INFO  server.RaftServerConfigKeys (ConfUtils.java:logGet(43)) - raft.server.log.statemachine.data.sync = true (default)
2019-10-11 07:10:01,852 [pool-257-thread-1] INFO  server.RaftServerConfigKeys (ConfUtils.java:logGet(43)) - raft.server.log.statemachine.data.sync.timeout = 10s (default)
2019-10-11 07:10:01,852 [pool-257-thread-1] INFO  server.RaftServerConfigKeys (ConfUtils.java:logGet(43)) - raft.server.log.statemachine.data.sync.timeout.retry = -1 (default)
2019-10-11 07:10:01,852 [pool-257-thread-1] INFO  server.RaftServerConfigKeys (ConfUtils.java:logGet(43)) - raft.server.log.statemachine.data.caching.enabled = true (custom)
2019-10-11 07:10:01,853 [pool-257-thread-1] INFO  segmented.SegmentedRaftLogWorker (SegmentedRaftLogWorker.java:lambda$new$0(128)) - f1ece2e6-15a1-40e6-a99f-0011a76476d4@group-A0BA6AFEA904-SegmentedRaftLogWorker: flushIndex: setUnconditionally 0 -> -1
2019-10-11 07:10:01,853 [pool-257-thread-1] INFO  server.RaftServerConfigKeys (ConfUtils.java:logGet(43)) - raft.server.snapshot.auto.trigger.enabled = true (custom)
2019-10-11 07:10:01,853 [pool-257-thread-1] INFO  server.RaftServerConfigKeys (ConfUtils.java:logGet(43)) - raft.server.snapshot.auto.trigger.threshold = 10000 (custom)
2019-10-11 07:10:01,853 [pool-257-thread-1] INFO  server.RaftServerConfigKeys (ConfUtils.java:logGet(43)) - raft.server.snapshot.retention.file.num = 5 (custom)
2019-10-11 07:10:01,853 [pool-257-thread-1] INFO  server.RaftServerConfigKeys (ConfUtils.java:logGet(43)) - raft.server.retrycache.expirytime = 600000ms (custom)
2019-10-11 07:10:01,854 [pool-257-thread-1] INFO  impl.RaftServerImpl (RaftServerImpl.java:start(181)) - f1ece2e6-15a1-40e6-a99f-0011a76476d4@group-A0BA6AFEA904: start as a follower, conf=-1: [f1ece2e6-15a1-40e6-a99f-0011a76476d4:192.168.164.209:37454], old=null
2019-10-11 07:10:01,855 [pool-257-thread-1] INFO  impl.RaftServerImpl (RaftServerImpl.java:setRole(170)) - f1ece2e6-15a1-40e6-a99f-0011a76476d4@group-A0BA6AFEA904: changes role from      null to FOLLOWER at term 0 for startAsFollower
2019-10-11 07:10:01,855 [pool-257-thread-1] INFO  impl.RoleInfo (RoleInfo.java:updateAndGet(143)) - f1ece2e6-15a1-40e6-a99f-0011a76476d4: start FollowerState
2019-10-11 07:10:01,855 [pool-257-thread-1] INFO  util.JmxRegister (JmxRegister.java:tryRegister(44)) - Successfully registered JMX Bean with object name Ratis:service=RaftServer,group=group-A0BA6AFEA904,id=f1ece2e6-15a1-40e6-a99f-0011a76476d4
2019-10-11 07:10:01,862 [RatisPipelineUtilsThread] INFO  pipeline.PipelineStateManager (PipelineStateManager.java:addPipeline(56)) - Created pipeline Pipeline[ Id: 7c0d5bf5-4600-4be7-b6b9-a0ba6afea904, Nodes: f1ece2e6-15a1-40e6-a99f-0011a76476d4{ip: 192.168.164.209, host: pr-hdds-2206-npvv8-3563359771, networkLocation: /default-rack, certSerialId: null}, Type:RATIS, Factor:ONE, State:OPEN]
2019-10-11 07:10:01,902 [grpc-default-executor-6] INFO  impl.RaftServerProxy (RaftServerProxy.java:addNew(89)) - 53640dff-d63a-40f5-bfa6-9d6488a25d19: addNew group-586E321B064F:[53640dff-d63a-40f5-bfa6-9d6488a25d19:192.168.164.209:39937, f1ece2e6-15a1-40e6-a99f-0011a76476d4:192.168.164.209:37454, 45bdfbdb-cef3-4a4c-bb56-68d5d29f1ba8:192.168.164.209:37502] returns group-586E321B064F:java.util.concurrent.CompletableFuture@4765e918[Not completed]
2019-10-11 07:10:01,902 [grpc-default-executor-3] INFO  impl.RaftServerProxy (RaftServerProxy.java:addNew(89)) - f1ece2e6-15a1-40e6-a99f-0011a76476d4: addNew group-586E321B064F:[53640dff-d63a-40f5-bfa6-9d6488a25d19:192.168.164.209:39937, f1ece2e6-15a1-40e6-a99f-0011a76476d4:192.168.164.209:37454, 45bdfbdb-cef3-4a4c-bb56-68d5d29f1ba8:192.168.164.209:37502] returns group-586E321B064F:java.util.concurrent.CompletableFuture@3d75fa34[Not completed]
2019-10-11 07:10:01,903 [grpc-default-executor-1] INFO  impl.RaftServerProxy (RaftServerProxy.java:addNew(89)) - 45bdfbdb-cef3-4a4c-bb56-68d5d29f1ba8: addNew group-586E321B064F:[53640dff-d63a-40f5-bfa6-9d6488a25d19:192.168.164.209:39937, f1ece2e6-15a1-40e6-a99f-0011a76476d4:192.168.164.209:37454, 45bdfbdb-cef3-4a4c-bb56-68d5d29f1ba8:192.168.164.209:37502] returns group-586E321B064F:java.util.concurrent.CompletableFuture@6fa0d4ff[Not completed]
2019-10-11 07:10:01,904 [pool-257-thread-1] INFO  impl.RaftServerImpl (RaftServerImpl.java:<init>(95)) - f1ece2e6-15a1-40e6-a99f-0011a76476d4: new RaftServerImpl for group-586E321B064F:[53640dff-d63a-40f5-bfa6-9d6488a25d19:192.168.164.209:39937, f1ece2e6-15a1-40e6-a99f-0011a76476d4:192.168.164.209:37454, 45bdfbdb-cef3-4a4c-bb56-68d5d29f1ba8:192.168.164.209:37502] with ContainerStateMachine:uninitialized
2019-10-11 07:10:01,904 [pool-257-thread-1] INFO  server.RaftServerConfigKeys (ConfUtils.java:logGet(43)) - raft.server.rpc.timeout.min = 5s (custom)
2019-10-11 07:10:01,904 [pool-257-thread-1] INFO  server.RaftServerConfigKeys (ConfUtils.java:logGet(43)) - raft.server.rpc.timeout.max = 5200ms (custom)
2019-10-11 07:10:01,904 [pool-257-thread-1] INFO  server.RaftServerConfigKeys (ConfUtils.java:logGet(43)) - raft.server.rpcslowness.timeout = 120s (custom)
2019-10-11 07:10:01,904 [pool-257-thread-1] INFO  server.RaftServerConfigKeys (ConfUtils.java:logGet(43)) - raft.server.sleep.deviation.threshold = 300 (default)
2019-10-11 07:10:01,904 [pool-257-thread-1] INFO  server.RaftServerConfigKeys (ConfUtils.java:logGet(43)) - raft.server.log.appender.install.snapshot.enabled = false (custom)
2019-10-11 07:10:01,904 [pool-257-thread-1] INFO  impl.RaftServerImpl (ServerState.java:<init>(103)) - f1ece2e6-15a1-40e6-a99f-0011a76476d4@group-586E321B064F: ConfigurationManager, init=-1: [53640dff-d63a-40f5-bfa6-9d6488a25d19:192.168.164.209:39937, f1ece2e6-15a1-40e6-a99f-0011a76476d4:192.168.164.209:37454, 45bdfbdb-cef3-4a4c-bb56-68d5d29f1ba8:192.168.164.209:37502], old=null, confs=<EMPTY_MAP>
2019-10-11 07:10:01,905 [pool-257-thread-1] INFO  server.RaftServerConfigKeys (ConfUtils.java:logGet(43)) - raft.server.storage.dir = [/workdir/hadoop-ozone/integration-test/target/test-dir/MiniOzoneClusterImpl-85c8d926-9ea3-4b64-86e7-7cfbc5065fac/datanode-5/data/ratis] (custom)
2019-10-11 07:10:01,905 [pool-257-thread-1] INFO  server.RaftServerConfigKeys (ConfUtils.java:logGet(43)) - raft.server.log.corruption.policy = EXCEPTION (default)
2019-10-11 07:10:01,905 [pool-257-thread-1] INFO  storage.RaftStorageDirectory (RaftStorageDirectory.java:analyzeStorage(246)) - The storage directory /workdir/hadoop-ozone/integration-test/target/test-dir/MiniOzoneClusterImpl-85c8d926-9ea3-4b64-86e7-7cfbc5065fac/datanode-5/data/ratis/d2bf7a45-6cc0-49ae-ab1b-586e321b064f does not exist. Creating ...
2019-10-11 07:10:01,905 [pool-247-thread-1] INFO  impl.RaftServerImpl (RaftServerImpl.java:<init>(95)) - 45bdfbdb-cef3-4a4c-bb56-68d5d29f1ba8: new RaftServerImpl for group-586E321B064F:[53640dff-d63a-40f5-bfa6-9d6488a25d19:192.168.164.209:39937, f1ece2e6-15a1-40e6-a99f-0011a76476d4:192.168.164.209:37454, 45bdfbdb-cef3-4a4c-bb56-68d5d29f1ba8:192.168.164.209:37502] with ContainerStateMachine:uninitialized
2019-10-11 07:10:01,905 [pool-247-thread-1] INFO  server.RaftServerConfigKeys (ConfUtils.java:logGet(43)) - raft.server.rpc.timeout.min = 5s (custom)
2019-10-11 07:10:01,905 [pool-247-thread-1] INFO  server.RaftServerConfigKeys (ConfUtils.java:logGet(43)) - raft.server.rpc.timeout.max = 5200ms (custom)
2019-10-11 07:10:01,906 [pool-247-thread-1] INFO  server.RaftServerConfigKeys (ConfUtils.java:logGet(43)) - raft.server.rpcslowness.timeout = 120s (custom)
2019-10-11 07:10:01,906 [pool-247-thread-1] INFO  server.RaftServerConfigKeys (ConfUtils.java:logGet(43)) - raft.server.sleep.deviation.threshold = 300 (default)
2019-10-11 07:10:01,906 [pool-247-thread-1] INFO  server.RaftServerConfigKeys (ConfUtils.java:logGet(43)) - raft.server.log.appender.install.snapshot.enabled = false (custom)
2019-10-11 07:10:01,906 [pool-247-thread-1] INFO  impl.RaftServerImpl (ServerState.java:<init>(103)) - 45bdfbdb-cef3-4a4c-bb56-68d5d29f1ba8@group-586E321B064F: ConfigurationManager, init=-1: [53640dff-d63a-40f5-bfa6-9d6488a25d19:192.168.164.209:39937, f1ece2e6-15a1-40e6-a99f-0011a76476d4:192.168.164.209:37454, 45bdfbdb-cef3-4a4c-bb56-68d5d29f1ba8:192.168.164.209:37502], old=null, confs=<EMPTY_MAP>
2019-10-11 07:10:01,906 [pool-237-thread-1] INFO  impl.RaftServerImpl (RaftServerImpl.java:<init>(95)) - 53640dff-d63a-40f5-bfa6-9d6488a25d19: new RaftServerImpl for group-586E321B064F:[53640dff-d63a-40f5-bfa6-9d6488a25d19:192.168.164.209:39937, f1ece2e6-15a1-40e6-a99f-0011a76476d4:192.168.164.209:37454, 45bdfbdb-cef3-4a4c-bb56-68d5d29f1ba8:192.168.164.209:37502] with ContainerStateMachine:uninitialized
2019-10-11 07:10:01,906 [pool-247-thread-1] INFO  server.RaftServerConfigKeys (ConfUtils.java:logGet(43)) - raft.server.storage.dir = [/workdir/hadoop-ozone/integration-test/target/test-dir/MiniOzoneClusterImpl-85c8d926-9ea3-4b64-86e7-7cfbc5065fac/datanode-4/data/ratis] (custom)
2019-10-11 07:10:01,906 [pool-237-thread-1] INFO  server.RaftServerConfigKeys (ConfUtils.java:logGet(43)) - raft.server.rpc.timeout.min = 5s (custom)
2019-10-11 07:10:01,907 [pool-237-thread-1] INFO  server.RaftServerConfigKeys (ConfUtils.java:logGet(43)) - raft.server.rpc.timeout.max = 5200ms (custom)
2019-10-11 07:10:01,907 [pool-247-thread-1] INFO  server.RaftServerConfigKeys (ConfUtils.java:logGet(43)) - raft.server.log.corruption.policy = EXCEPTION (default)
2019-10-11 07:10:01,907 [pool-237-thread-1] INFO  server.RaftServerConfigKeys (ConfUtils.java:logGet(43)) - raft.server.rpcslowness.timeout = 120s (custom)
2019-10-11 07:10:01,907 [pool-247-thread-1] INFO  storage.RaftStorageDirectory (RaftStorageDirectory.java:analyzeStorage(246)) - The storage directory /workdir/hadoop-ozone/integration-test/target/test-dir/MiniOzoneClusterImpl-85c8d926-9ea3-4b64-86e7-7cfbc5065fac/datanode-4/data/ratis/d2bf7a45-6cc0-49ae-ab1b-586e321b064f does not exist. Creating ...
2019-10-11 07:10:01,907 [pool-237-thread-1] INFO  server.RaftServerConfigKeys (ConfUtils.java:logGet(43)) - raft.server.sleep.deviation.threshold = 300 (default)
2019-10-11 07:10:01,907 [pool-237-thread-1] INFO  server.RaftServerConfigKeys (ConfUtils.java:logGet(43)) - raft.server.log.appender.install.snapshot.enabled = false (custom)
2019-10-11 07:10:01,908 [pool-237-thread-1] INFO  impl.RaftServerImpl (ServerState.java:<init>(103)) - 53640dff-d63a-40f5-bfa6-9d6488a25d19@group-586E321B064F: ConfigurationManager, init=-1: [53640dff-d63a-40f5-bfa6-9d6488a25d19:192.168.164.209:39937, f1ece2e6-15a1-40e6-a99f-0011a76476d4:192.168.164.209:37454, 45bdfbdb-cef3-4a4c-bb56-68d5d29f1ba8:192.168.164.209:37502], old=null, confs=<EMPTY_MAP>
2019-10-11 07:10:01,908 [pool-237-thread-1] INFO  server.RaftServerConfigKeys (ConfUtils.java:logGet(43)) - raft.server.storage.dir = [/workdir/hadoop-ozone/integration-test/target/test-dir/MiniOzoneClusterImpl-85c8d926-9ea3-4b64-86e7-7cfbc5065fac/datanode-3/data/ratis] (custom)
2019-10-11 07:10:01,908 [pool-237-thread-1] INFO  server.RaftServerConfigKeys (ConfUtils.java:logGet(43)) - raft.server.log.corruption.policy = EXCEPTION (default)
2019-10-11 07:10:01,908 [pool-237-thread-1] INFO  storage.RaftStorageDirectory (RaftStorageDirectory.java:analyzeStorage(246)) - The storage directory /workdir/hadoop-ozone/integration-test/target/test-dir/MiniOzoneClusterImpl-85c8d926-9ea3-4b64-86e7-7cfbc5065fac/datanode-3/data/ratis/d2bf7a45-6cc0-49ae-ab1b-586e321b064f does not exist. Creating ...
2019-10-11 07:10:01,927 [pool-257-thread-1] INFO  storage.RaftStorageDirectory (RaftStorageDirectory.java:tryLock(328)) - Lock on /workdir/hadoop-ozone/integration-test/target/test-dir/MiniOzoneClusterImpl-85c8d926-9ea3-4b64-86e7-7cfbc5065fac/datanode-5/data/ratis/d2bf7a45-6cc0-49ae-ab1b-586e321b064f/in_use.lock acquired by nodename 16310@pr-hdds-2206-npvv8-3563359771
2019-10-11 07:10:01,927 [pool-237-thread-1] INFO  storage.RaftStorageDirectory (RaftStorageDirectory.java:tryLock(328)) - Lock on /workdir/hadoop-ozone/integration-test/target/test-dir/MiniOzoneClusterImpl-85c8d926-9ea3-4b64-86e7-7cfbc5065fac/datanode-3/data/ratis/d2bf7a45-6cc0-49ae-ab1b-586e321b064f/in_use.lock acquired by nodename 16310@pr-hdds-2206-npvv8-3563359771
2019-10-11 07:10:01,927 [pool-247-thread-1] INFO  storage.RaftStorageDirectory (RaftStorageDirectory.java:tryLock(328)) - Lock on /workdir/hadoop-ozone/integration-test/target/test-dir/MiniOzoneClusterImpl-85c8d926-9ea3-4b64-86e7-7cfbc5065fac/datanode-4/data/ratis/d2bf7a45-6cc0-49ae-ab1b-586e321b064f/in_use.lock acquired by nodename 16310@pr-hdds-2206-npvv8-3563359771
2019-10-11 07:10:01,951 [pool-247-thread-1] INFO  storage.RaftStorage (RaftStorage.java:format(84)) - Storage directory /workdir/hadoop-ozone/integration-test/target/test-dir/MiniOzoneClusterImpl-85c8d926-9ea3-4b64-86e7-7cfbc5065fac/datanode-4/data/ratis/d2bf7a45-6cc0-49ae-ab1b-586e321b064f has been successfully formatted.
2019-10-11 07:10:01,951 [pool-257-thread-1] INFO  storage.RaftStorage (RaftStorage.java:format(84)) - Storage directory /workdir/hadoop-ozone/integration-test/target/test-dir/MiniOzoneClusterImpl-85c8d926-9ea3-4b64-86e7-7cfbc5065fac/datanode-5/data/ratis/d2bf7a45-6cc0-49ae-ab1b-586e321b064f has been successfully formatted.
2019-10-11 07:10:01,951 [pool-237-thread-1] INFO  storage.RaftStorage (RaftStorage.java:format(84)) - Storage directory /workdir/hadoop-ozone/integration-test/target/test-dir/MiniOzoneClusterImpl-85c8d926-9ea3-4b64-86e7-7cfbc5065fac/datanode-3/data/ratis/d2bf7a45-6cc0-49ae-ab1b-586e321b064f has been successfully formatted.
2019-10-11 07:10:01,951 [pool-247-thread-1] INFO  ratis.ContainerStateMachine (ContainerStateMachine.java:loadSnapshot(231)) - group-586E321B064F: The snapshot info is null. Setting the last applied indexto:(t:0, i:~)
2019-10-11 07:10:01,951 [pool-237-thread-1] INFO  ratis.ContainerStateMachine (ContainerStateMachine.java:loadSnapshot(231)) - group-586E321B064F: The snapshot info is null. Setting the last applied indexto:(t:0, i:~)
2019-10-11 07:10:01,951 [pool-257-thread-1] INFO  ratis.ContainerStateMachine (ContainerStateMachine.java:loadSnapshot(231)) - group-586E321B064F: The snapshot info is null. Setting the last applied indexto:(t:0, i:~)
2019-10-11 07:10:01,952 [pool-237-thread-1] INFO  server.RaftServerConfigKeys (ConfUtils.java:logGet(43)) - raft.server.notification.no-leader.timeout = 120s (custom)
2019-10-11 07:10:01,952 [pool-247-thread-1] INFO  server.RaftServerConfigKeys (ConfUtils.java:logGet(43)) - raft.server.notification.no-leader.timeout = 120s (custom)
2019-10-11 07:10:01,952 [pool-237-thread-1] INFO  server.RaftServerConfigKeys (ConfUtils.java:logGet(43)) - raft.server.log.use.memory = false (default)
2019-10-11 07:10:01,952 [pool-257-thread-1] INFO  server.RaftServerConfigKeys (ConfUtils.java:logGet(43)) - raft.server.notification.no-leader.timeout = 120s (custom)
2019-10-11 07:10:01,952 [pool-237-thread-1] INFO  server.RaftServerConfigKeys (ConfUtils.java:logGet(43)) - raft.server.log.purge.gap = 1000000 (custom)
2019-10-11 07:10:01,952 [pool-247-thread-1] INFO  server.RaftServerConfigKeys (ConfUtils.java:logGet(43)) - raft.server.log.use.memory = false (default)
2019-10-11 07:10:01,952 [pool-237-thread-1] INFO  server.RaftServerConfigKeys (ConfUtils.java:logGet(43)) - raft.server.log.appender.buffer.byte-limit = 33554432 (custom)
2019-10-11 07:10:01,952 [pool-257-thread-1] INFO  server.RaftServerConfigKeys (ConfUtils.java:logGet(43)) - raft.server.log.use.memory = false (default)
2019-10-11 07:10:01,952 [pool-237-thread-1] INFO  server.RaftServerConfigKeys (ConfUtils.java:logGet(43)) - raft.server.log.segment.size.max = 1048576 (custom)
2019-10-11 07:10:01,952 [pool-247-thread-1] INFO  server.RaftServerConfigKeys (ConfUtils.java:logGet(43)) - raft.server.log.purge.gap = 1000000 (custom)
2019-10-11 07:10:01,953 [pool-237-thread-1] INFO  server.RaftServerConfigKeys (ConfUtils.java:logGet(43)) - raft.server.log.segment.cache.num.max = 2 (custom)
2019-10-11 07:10:01,953 [pool-257-thread-1] INFO  server.RaftServerConfigKeys (ConfUtils.java:logGet(43)) - raft.server.log.purge.gap = 1000000 (custom)
2019-10-11 07:10:01,953 [pool-237-thread-1] INFO  segmented.SegmentedRaftLogWorker (SegmentedRaftLogWorker.java:<init>(173)) - new 53640dff-d63a-40f5-bfa6-9d6488a25d19@group-586E321B064F-SegmentedRaftLogWorker for RaftStorage:Storage Directory /workdir/hadoop-ozone/integration-test/target/test-dir/MiniOzoneClusterImpl-85c8d926-9ea3-4b64-86e7-7cfbc5065fac/datanode-3/data/ratis/d2bf7a45-6cc0-49ae-ab1b-586e321b064f
2019-10-11 07:10:01,953 [pool-247-thread-1] INFO  server.RaftServerConfigKeys (ConfUtils.java:logGet(43)) - raft.server.log.appender.buffer.byte-limit = 33554432 (custom)
2019-10-11 07:10:01,953 [pool-237-thread-1] INFO  server.RaftServerConfigKeys (ConfUtils.java:logGet(43)) - raft.server.log.queue.byte-limit = 2147483647 (custom)
2019-10-11 07:10:01,953 [pool-257-thread-1] INFO  server.RaftServerConfigKeys (ConfUtils.java:logGet(43)) - raft.server.log.appender.buffer.byte-limit = 33554432 (custom)
2019-10-11 07:10:01,953 [pool-237-thread-1] INFO  server.RaftServerConfigKeys (ConfUtils.java:logGet(43)) - raft.server.log.queue.element-limit = 1024 (custom)
2019-10-11 07:10:01,953 [pool-247-thread-1] INFO  server.RaftServerConfigKeys (ConfUtils.java:logGet(43)) - raft.server.log.segment.size.max = 1048576 (custom)
2019-10-11 07:10:01,953 [pool-237-thread-1] INFO  server.RaftServerConfigKeys (ConfUtils.java:logGet(43)) - raft.server.log.segment.size.max = 1048576 (custom)
2019-10-11 07:10:01,953 [pool-257-thread-1] INFO  server.RaftServerConfigKeys (ConfUtils.java:logGet(43)) - raft.server.log.segment.size.max = 1048576 (custom)
2019-10-11 07:10:01,954 [pool-237-thread-1] INFO  server.RaftServerConfigKeys (ConfUtils.java:logGet(43)) - raft.server.log.preallocated.size = 16384 (custom)
2019-10-11 07:10:01,954 [pool-247-thread-1] INFO  server.RaftServerConfigKeys (ConfUtils.java:logGet(43)) - raft.server.log.segment.cache.num.max = 2 (custom)
2019-10-11 07:10:01,954 [pool-237-thread-1] INFO  server.RaftServerConfigKeys (ConfUtils.java:logGet(43)) - raft.server.log.write.buffer.size = 33554432 (custom)
2019-10-11 07:10:01,954 [pool-257-thread-1] INFO  server.RaftServerConfigKeys (ConfUtils.java:logGet(43)) - raft.server.log.segment.cache.num.max = 2 (custom)
2019-10-11 07:10:01,954 [pool-237-thread-1] INFO  server.RaftServerConfigKeys (ConfUtils.java:logGet(43)) - raft.server.log.force.sync.num = 128 (default)
2019-10-11 07:10:01,954 [pool-247-thread-1] INFO  segmented.SegmentedRaftLogWorker (SegmentedRaftLogWorker.java:<init>(173)) - new 45bdfbdb-cef3-4a4c-bb56-68d5d29f1ba8@group-586E321B064F-SegmentedRaftLogWorker for RaftStorage:Storage Directory /workdir/hadoop-ozone/integration-test/target/test-dir/MiniOzoneClusterImpl-85c8d926-9ea3-4b64-86e7-7cfbc5065fac/datanode-4/data/ratis/d2bf7a45-6cc0-49ae-ab1b-586e321b064f
2019-10-11 07:10:01,954 [pool-247-thread-1] INFO  server.RaftServerConfigKeys (ConfUtils.java:logGet(43)) - raft.server.log.queue.byte-limit = 2147483647 (custom)
2019-10-11 07:10:01,954 [pool-237-thread-1] INFO  server.RaftServerConfigKeys (ConfUtils.java:logGet(43)) - raft.server.log.statemachine.data.sync = true (default)
2019-10-11 07:10:01,954 [pool-257-thread-1] INFO  segmented.SegmentedRaftLogWorker (SegmentedRaftLogWorker.java:<init>(173)) - new f1ece2e6-15a1-40e6-a99f-0011a76476d4@group-586E321B064F-SegmentedRaftLogWorker for RaftStorage:Storage Directory /workdir/hadoop-ozone/integration-test/target/test-dir/MiniOzoneClusterImpl-85c8d926-9ea3-4b64-86e7-7cfbc5065fac/datanode-5/data/ratis/d2bf7a45-6cc0-49ae-ab1b-586e321b064f
2019-10-11 07:10:01,955 [pool-237-thread-1] INFO  server.RaftServerConfigKeys (ConfUtils.java:logGet(43)) - raft.server.log.statemachine.data.sync.timeout = 10s (default)
2019-10-11 07:10:01,954 [pool-247-thread-1] INFO  server.RaftServerConfigKeys (ConfUtils.java:logGet(43)) - raft.server.log.queue.element-limit = 1024 (custom)
2019-10-11 07:10:01,955 [pool-237-thread-1] INFO  server.RaftServerConfigKeys (ConfUtils.java:logGet(43)) - raft.server.log.statemachine.data.sync.timeout.retry = -1 (default)
2019-10-11 07:10:01,955 [pool-257-thread-1] INFO  server.RaftServerConfigKeys (ConfUtils.java:logGet(43)) - raft.server.log.queue.byte-limit = 2147483647 (custom)
2019-10-11 07:10:01,955 [pool-237-thread-1] INFO  server.RaftServerConfigKeys (ConfUtils.java:logGet(43)) - raft.server.log.statemachine.data.caching.enabled = true (custom)
2019-10-11 07:10:01,955 [pool-247-thread-1] INFO  server.RaftServerConfigKeys (ConfUtils.java:logGet(43)) - raft.server.log.segment.size.max = 1048576 (custom)
2019-10-11 07:10:01,955 [pool-257-thread-1] INFO  server.RaftServerConfigKeys (ConfUtils.java:logGet(43)) - raft.server.log.queue.element-limit = 1024 (custom)
2019-10-11 07:10:01,956 [pool-237-thread-1] INFO  segmented.SegmentedRaftLogWorker (SegmentedRaftLogWorker.java:lambda$new$0(128)) - 53640dff-d63a-40f5-bfa6-9d6488a25d19@group-586E321B064F-SegmentedRaftLogWorker: flushIndex: setUnconditionally 0 -> -1
2019-10-11 07:10:01,956 [pool-247-thread-1] INFO  server.RaftServerConfigKeys (ConfUtils.java:logGet(43)) - raft.server.log.preallocated.size = 16384 (custom)
2019-10-11 07:10:01,956 [pool-257-thread-1] INFO  server.RaftServerConfigKeys (ConfUtils.java:logGet(43)) - raft.server.log.segment.size.max = 1048576 (custom)
2019-10-11 07:10:01,956 [pool-237-thread-1] INFO  server.RaftServerConfigKeys (ConfUtils.java:logGet(43)) - raft.server.snapshot.auto.trigger.enabled = true (custom)
2019-10-11 07:10:01,956 [pool-247-thread-1] INFO  server.RaftServerConfigKeys (ConfUtils.java:logGet(43)) - raft.server.log.write.buffer.size = 33554432 (custom)
2019-10-11 07:10:01,956 [pool-237-thread-1] INFO  server.RaftServerConfigKeys (ConfUtils.java:logGet(43)) - raft.server.snapshot.auto.trigger.threshold = 10000 (custom)
2019-10-11 07:10:01,956 [pool-257-thread-1] INFO  server.RaftServerConfigKeys (ConfUtils.java:logGet(43)) - raft.server.log.preallocated.size = 16384 (custom)
2019-10-11 07:10:01,956 [pool-237-thread-1] INFO  server.RaftServerConfigKeys (ConfUtils.java:logGet(43)) - raft.server.snapshot.retention.file.num = 5 (custom)
2019-10-11 07:10:01,956 [pool-247-thread-1] INFO  server.RaftServerConfigKeys (ConfUtils.java:logGet(43)) - raft.server.log.force.sync.num = 128 (default)
2019-10-11 07:10:01,957 [pool-237-thread-1] INFO  server.RaftServerConfigKeys (ConfUtils.java:logGet(43)) - raft.server.retrycache.expirytime = 600000ms (custom)
2019-10-11 07:10:01,957 [pool-257-thread-1] INFO  server.RaftServerConfigKeys (ConfUtils.java:logGet(43)) - raft.server.log.write.buffer.size = 33554432 (custom)
2019-10-11 07:10:01,957 [pool-247-thread-1] INFO  server.RaftServerConfigKeys (ConfUtils.java:logGet(43)) - raft.server.log.statemachine.data.sync = true (default)
2019-10-11 07:10:01,957 [pool-257-thread-1] INFO  server.RaftServerConfigKeys (ConfUtils.java:logGet(43)) - raft.server.log.force.sync.num = 128 (default)
2019-10-11 07:10:01,957 [pool-247-thread-1] INFO  server.RaftServerConfigKeys (ConfUtils.java:logGet(43)) - raft.server.log.statemachine.data.sync.timeout = 10s (default)
2019-10-11 07:10:01,957 [pool-257-thread-1] INFO  server.RaftServerConfigKeys (ConfUtils.java:logGet(43)) - raft.server.log.statemachine.data.sync = true (default)
2019-10-11 07:10:01,957 [pool-247-thread-1] INFO  server.RaftServerConfigKeys (ConfUtils.java:logGet(43)) - raft.server.log.statemachine.data.sync.timeout.retry = -1 (default)
2019-10-11 07:10:01,957 [pool-257-thread-1] INFO  server.RaftServerConfigKeys (ConfUtils.java:logGet(43)) - raft.server.log.statemachine.data.sync.timeout = 10s (default)
2019-10-11 07:10:01,958 [pool-247-thread-1] INFO  server.RaftServerConfigKeys (ConfUtils.java:logGet(43)) - raft.server.log.statemachine.data.caching.enabled = true (custom)
2019-10-11 07:10:01,958 [pool-257-thread-1] INFO  server.RaftServerConfigKeys (ConfUtils.java:logGet(43)) - raft.server.log.statemachine.data.sync.timeout.retry = -1 (default)
2019-10-11 07:10:01,958 [pool-247-thread-1] INFO  segmented.SegmentedRaftLogWorker (SegmentedRaftLogWorker.java:lambda$new$0(128)) - 45bdfbdb-cef3-4a4c-bb56-68d5d29f1ba8@group-586E321B064F-SegmentedRaftLogWorker: flushIndex: setUnconditionally 0 -> -1
2019-10-11 07:10:01,958 [pool-257-thread-1] INFO  server.RaftServerConfigKeys (ConfUtils.java:logGet(43)) - raft.server.log.statemachine.data.caching.enabled = true (custom)
2019-10-11 07:10:01,958 [pool-247-thread-1] INFO  server.RaftServerConfigKeys (ConfUtils.java:logGet(43)) - raft.server.snapshot.auto.trigger.enabled = true (custom)
2019-10-11 07:10:01,958 [pool-247-thread-1] INFO  server.RaftServerConfigKeys (ConfUtils.java:logGet(43)) - raft.server.snapshot.auto.trigger.threshold = 10000 (custom)
2019-10-11 07:10:01,958 [pool-257-thread-1] INFO  segmented.SegmentedRaftLogWorker (SegmentedRaftLogWorker.java:lambda$new$0(128)) - f1ece2e6-15a1-40e6-a99f-0011a76476d4@group-586E321B064F-SegmentedRaftLogWorker: flushIndex: setUnconditionally 0 -> -1
2019-10-11 07:10:01,958 [pool-247-thread-1] INFO  server.RaftServerConfigKeys (ConfUtils.java:logGet(43)) - raft.server.snapshot.retention.file.num = 5 (custom)
2019-10-11 07:10:01,959 [pool-247-thread-1] INFO  server.RaftServerConfigKeys (ConfUtils.java:logGet(43)) - raft.server.retrycache.expirytime = 600000ms (custom)
2019-10-11 07:10:01,959 [pool-257-thread-1] INFO  server.RaftServerConfigKeys (ConfUtils.java:logGet(43)) - raft.server.snapshot.auto.trigger.enabled = true (custom)
2019-10-11 07:10:01,959 [pool-257-thread-1] INFO  server.RaftServerConfigKeys (ConfUtils.java:logGet(43)) - raft.server.snapshot.auto.trigger.threshold = 10000 (custom)
2019-10-11 07:10:01,959 [pool-257-thread-1] INFO  server.RaftServerConfigKeys (ConfUtils.java:logGet(43)) - raft.server.snapshot.retention.file.num = 5 (custom)
2019-10-11 07:10:01,959 [pool-257-thread-1] INFO  server.RaftServerConfigKeys (ConfUtils.java:logGet(43)) - raft.server.retrycache.expirytime = 600000ms (custom)
2019-10-11 07:10:01,959 [pool-237-thread-1] INFO  impl.RaftServerImpl (RaftServerImpl.java:start(181)) - 53640dff-d63a-40f5-bfa6-9d6488a25d19@group-586E321B064F: start as a follower, conf=-1: [53640dff-d63a-40f5-bfa6-9d6488a25d19:192.168.164.209:39937, f1ece2e6-15a1-40e6-a99f-0011a76476d4:192.168.164.209:37454, 45bdfbdb-cef3-4a4c-bb56-68d5d29f1ba8:192.168.164.209:37502], old=null
2019-10-11 07:10:01,960 [pool-237-thread-1] INFO  impl.RaftServerImpl (RaftServerImpl.java:setRole(170)) - 53640dff-d63a-40f5-bfa6-9d6488a25d19@group-586E321B064F: changes role from      null to FOLLOWER at term 0 for startAsFollower
2019-10-11 07:10:01,960 [pool-237-thread-1] INFO  impl.RoleInfo (RoleInfo.java:updateAndGet(143)) - 53640dff-d63a-40f5-bfa6-9d6488a25d19: start FollowerState
2019-10-11 07:10:01,960 [pool-237-thread-1] INFO  util.JmxRegister (JmxRegister.java:tryRegister(44)) - Successfully registered JMX Bean with object name Ratis:service=RaftServer,group=group-586E321B064F,id=53640dff-d63a-40f5-bfa6-9d6488a25d19
2019-10-11 07:10:01,961 [pool-247-thread-1] INFO  impl.RaftServerImpl (RaftServerImpl.java:start(181)) - 45bdfbdb-cef3-4a4c-bb56-68d5d29f1ba8@group-586E321B064F: start as a follower, conf=-1: [53640dff-d63a-40f5-bfa6-9d6488a25d19:192.168.164.209:39937, f1ece2e6-15a1-40e6-a99f-0011a76476d4:192.168.164.209:37454, 45bdfbdb-cef3-4a4c-bb56-68d5d29f1ba8:192.168.164.209:37502], old=null
2019-10-11 07:10:01,961 [pool-247-thread-1] INFO  impl.RaftServerImpl (RaftServerImpl.java:setRole(170)) - 45bdfbdb-cef3-4a4c-bb56-68d5d29f1ba8@group-586E321B064F: changes role from      null to FOLLOWER at term 0 for startAsFollower
2019-10-11 07:10:01,961 [pool-247-thread-1] INFO  impl.RoleInfo (RoleInfo.java:updateAndGet(143)) - 45bdfbdb-cef3-4a4c-bb56-68d5d29f1ba8: start FollowerState
2019-10-11 07:10:01,962 [pool-247-thread-1] INFO  util.JmxRegister (JmxRegister.java:tryRegister(44)) - Successfully registered JMX Bean with object name Ratis:service=RaftServer,group=group-586E321B064F,id=45bdfbdb-cef3-4a4c-bb56-68d5d29f1ba8
2019-10-11 07:10:01,962 [pool-257-thread-1] INFO  impl.RaftServerImpl (RaftServerImpl.java:start(181)) - f1ece2e6-15a1-40e6-a99f-0011a76476d4@group-586E321B064F: start as a follower, conf=-1: [53640dff-d63a-40f5-bfa6-9d6488a25d19:192.168.164.209:39937, f1ece2e6-15a1-40e6-a99f-0011a76476d4:192.168.164.209:37454, 45bdfbdb-cef3-4a4c-bb56-68d5d29f1ba8:192.168.164.209:37502], old=null
2019-10-11 07:10:01,962 [pool-257-thread-1] INFO  impl.RaftServerImpl (RaftServerImpl.java:setRole(170)) - f1ece2e6-15a1-40e6-a99f-0011a76476d4@group-586E321B064F: changes role from      null to FOLLOWER at term 0 for startAsFollower
2019-10-11 07:10:01,962 [pool-257-thread-1] INFO  impl.RoleInfo (RoleInfo.java:updateAndGet(143)) - f1ece2e6-15a1-40e6-a99f-0011a76476d4: start FollowerState
2019-10-11 07:10:01,962 [pool-257-thread-1] INFO  util.JmxRegister (JmxRegister.java:tryRegister(44)) - Successfully registered JMX Bean with object name Ratis:service=RaftServer,group=group-586E321B064F,id=f1ece2e6-15a1-40e6-a99f-0011a76476d4
2019-10-11 07:10:01,977 [RatisPipelineUtilsThread] INFO  pipeline.PipelineStateManager (PipelineStateManager.java:addPipeline(56)) - Created pipeline Pipeline[ Id: d2bf7a45-6cc0-49ae-ab1b-586e321b064f, Nodes: f1ece2e6-15a1-40e6-a99f-0011a76476d4{ip: 192.168.164.209, host: pr-hdds-2206-npvv8-3563359771, networkLocation: /default-rack, certSerialId: null}53640dff-d63a-40f5-bfa6-9d6488a25d19{ip: 192.168.164.209, host: pr-hdds-2206-npvv8-3563359771, networkLocation: /default-rack, certSerialId: null}45bdfbdb-cef3-4a4c-bb56-68d5d29f1ba8{ip: 192.168.164.209, host: pr-hdds-2206-npvv8-3563359771, networkLocation: /default-rack, certSerialId: null}, Type:RATIS, Factor:THREE, State:OPEN]
2019-10-11 07:10:02,892 [main] INFO  server.BaseHttpServer (BaseHttpServer.java:updateConnectorAddress(215)) - HTTP server of HDDSDATANODE is listening at http://0.0.0.0:44684
2019-10-11 07:10:02,892 [main] INFO  ozone.MiniOzoneClusterImpl (MiniOzoneClusterImpl.java:lambda$waitForClusterToBeReady$0(147)) - Waiting for cluster to be ready. Got 6 of 7 DN Heartbeats.
2019-10-11 07:10:02,894 [org.apache.hadoop.util.JvmPauseMonitor$Monitor@36bac1cb] INFO  util.JvmPauseMonitor (JvmPauseMonitor.java:run(188)) - Starting JVM pause monitor
2019-10-11 07:10:02,896 [Datanode State Machine Thread - 0] INFO  datanode.InitDatanodeState (InitDatanodeState.java:persistContainerDatanodeDetails(140)) - DatanodeDetails is persisted to /workdir/hadoop-ozone/integration-test/target/test-dir/MiniOzoneClusterImpl-85c8d926-9ea3-4b64-86e7-7cfbc5065fac/datanode-6/meta/datanode.id
2019-10-11 07:10:03,893 [main] INFO  ozone.MiniOzoneClusterImpl (MiniOzoneClusterImpl.java:lambda$waitForClusterToBeReady$0(147)) - Waiting for cluster to be ready. Got 6 of 7 DN Heartbeats.
2019-10-11 07:10:04,893 [main] INFO  ozone.MiniOzoneClusterImpl (MiniOzoneClusterImpl.java:lambda$waitForClusterToBeReady$0(147)) - Waiting for cluster to be ready. Got 6 of 7 DN Heartbeats.
2019-10-11 07:10:04,919 [Datanode State Machine Thread - 0] INFO  ozoneimpl.OzoneContainer (OzoneContainer.java:start(213)) - Attempting to start container services.
2019-10-11 07:10:04,919 [Datanode State Machine Thread - 0] INFO  ozoneimpl.OzoneContainer (OzoneContainer.java:startContainerScrub(177)) - Background container scanner has been disabled.
2019-10-11 07:10:04,919 [Datanode State Machine Thread - 0] INFO  ratis.XceiverServerRatis (XceiverServerRatis.java:start(418)) - Starting XceiverServerRatis 9ba9da79-cca7-415b-a23c-3659525ba029 at port 0
2019-10-11 07:10:04,927 [Datanode State Machine Thread - 0] INFO  impl.RaftServerProxy (RaftServerProxy.java:lambda$start$3(299)) - 9ba9da79-cca7-415b-a23c-3659525ba029: start RPC server
2019-10-11 07:10:04,930 [Datanode State Machine Thread - 0] INFO  server.GrpcService (GrpcService.java:startImpl(158)) - 9ba9da79-cca7-415b-a23c-3659525ba029: GrpcService started, listening on 0.0.0.0/0.0.0.0:44026
2019-10-11 07:10:04,930 [Datanode State Machine Thread - 0] INFO  ratis.XceiverServerRatis (XceiverServerRatis.java:start(428)) - XceiverServerRatis 9ba9da79-cca7-415b-a23c-3659525ba029 is started using port 44026
2019-10-11 07:10:04,939 [Datanode State Machine Thread - 0] INFO  server.XceiverServerGrpc (XceiverServerGrpc.java:start(149)) - XceiverServerGrpc 9ba9da79-cca7-415b-a23c-3659525ba029 is started using port 35367
2019-10-11 07:10:05,894 [main] INFO  ozone.MiniOzoneClusterImpl (MiniOzoneClusterImpl.java:lambda$waitForClusterToBeReady$0(147)) - Waiting for cluster to be ready. Got 6 of 7 DN Heartbeats.
2019-10-11 07:10:06,895 [main] INFO  ozone.MiniOzoneClusterImpl (MiniOzoneClusterImpl.java:lambda$waitForClusterToBeReady$0(147)) - Waiting for cluster to be ready. Got 6 of 7 DN Heartbeats.
2019-10-11 07:10:06,896 [IPC Server handler 1 on 40375] INFO  net.NetworkTopology (NetworkTopologyImpl.java:add(111)) - Added a new node: /default-rack/9ba9da79-cca7-415b-a23c-3659525ba029
2019-10-11 07:10:06,896 [IPC Server handler 1 on 40375] INFO  node.SCMNodeManager (SCMNodeManager.java:register(268)) - Registered Data node : 9ba9da79-cca7-415b-a23c-3659525ba029{ip: 192.168.164.209, host: pr-hdds-2206-npvv8-3563359771, networkLocation: /default-rack, certSerialId: null}
2019-10-11 07:10:06,912 [grpc-default-executor-1] INFO  impl.RaftServerProxy (RaftServerProxy.java:addNew(89)) - 9ba9da79-cca7-415b-a23c-3659525ba029: addNew group-D1444592CE42:[9ba9da79-cca7-415b-a23c-3659525ba029:192.168.164.209:44026] returns group-D1444592CE42:java.util.concurrent.CompletableFuture@50c06454[Not completed]
2019-10-11 07:10:06,914 [pool-267-thread-1] INFO  impl.RaftServerImpl (RaftServerImpl.java:<init>(95)) - 9ba9da79-cca7-415b-a23c-3659525ba029: new RaftServerImpl for group-D1444592CE42:[9ba9da79-cca7-415b-a23c-3659525ba029:192.168.164.209:44026] with ContainerStateMachine:uninitialized
2019-10-11 07:10:06,914 [pool-267-thread-1] INFO  server.RaftServerConfigKeys (ConfUtils.java:logGet(43)) - raft.server.rpc.timeout.min = 5s (custom)
2019-10-11 07:10:06,914 [pool-267-thread-1] INFO  server.RaftServerConfigKeys (ConfUtils.java:logGet(43)) - raft.server.rpc.timeout.max = 5200ms (custom)
2019-10-11 07:10:06,914 [pool-267-thread-1] INFO  server.RaftServerConfigKeys (ConfUtils.java:logGet(43)) - raft.server.rpcslowness.timeout = 120s (custom)
2019-10-11 07:10:06,914 [pool-267-thread-1] INFO  server.RaftServerConfigKeys (ConfUtils.java:logGet(43)) - raft.server.sleep.deviation.threshold = 300 (default)
2019-10-11 07:10:06,914 [pool-267-thread-1] INFO  server.RaftServerConfigKeys (ConfUtils.java:logGet(43)) - raft.server.log.appender.install.snapshot.enabled = false (custom)
2019-10-11 07:10:06,914 [pool-267-thread-1] INFO  impl.RaftServerImpl (ServerState.java:<init>(103)) - 9ba9da79-cca7-415b-a23c-3659525ba029@group-D1444592CE42: ConfigurationManager, init=-1: [9ba9da79-cca7-415b-a23c-3659525ba029:192.168.164.209:44026], old=null, confs=<EMPTY_MAP>
2019-10-11 07:10:06,915 [pool-267-thread-1] INFO  server.RaftServerConfigKeys (ConfUtils.java:logGet(43)) - raft.server.storage.dir = [/workdir/hadoop-ozone/integration-test/target/test-dir/MiniOzoneClusterImpl-85c8d926-9ea3-4b64-86e7-7cfbc5065fac/datanode-6/data/ratis] (custom)
2019-10-11 07:10:06,915 [pool-267-thread-1] INFO  server.RaftServerConfigKeys (ConfUtils.java:logGet(43)) - raft.server.log.corruption.policy = EXCEPTION (default)
2019-10-11 07:10:06,915 [pool-267-thread-1] INFO  storage.RaftStorageDirectory (RaftStorageDirectory.java:analyzeStorage(246)) - The storage directory /workdir/hadoop-ozone/integration-test/target/test-dir/MiniOzoneClusterImpl-85c8d926-9ea3-4b64-86e7-7cfbc5065fac/datanode-6/data/ratis/bd60be56-a1db-45fa-b950-d1444592ce42 does not exist. Creating ...
2019-10-11 07:10:06,938 [pool-267-thread-1] INFO  storage.RaftStorageDirectory (RaftStorageDirectory.java:tryLock(328)) - Lock on /workdir/hadoop-ozone/integration-test/target/test-dir/MiniOzoneClusterImpl-85c8d926-9ea3-4b64-86e7-7cfbc5065fac/datanode-6/data/ratis/bd60be56-a1db-45fa-b950-d1444592ce42/in_use.lock acquired by nodename 16310@pr-hdds-2206-npvv8-3563359771
2019-10-11 07:10:06,960 [pool-267-thread-1] INFO  storage.RaftStorage (RaftStorage.java:format(84)) - Storage directory /workdir/hadoop-ozone/integration-test/target/test-dir/MiniOzoneClusterImpl-85c8d926-9ea3-4b64-86e7-7cfbc5065fac/datanode-6/data/ratis/bd60be56-a1db-45fa-b950-d1444592ce42 has been successfully formatted.
2019-10-11 07:10:06,961 [pool-267-thread-1] INFO  ratis.ContainerStateMachine (ContainerStateMachine.java:loadSnapshot(231)) - group-D1444592CE42: The snapshot info is null. Setting the last applied indexto:(t:0, i:~)
2019-10-11 07:10:06,961 [pool-267-thread-1] INFO  server.RaftServerConfigKeys (ConfUtils.java:logGet(43)) - raft.server.notification.no-leader.timeout = 120s (custom)
2019-10-11 07:10:06,961 [pool-267-thread-1] INFO  server.RaftServerConfigKeys (ConfUtils.java:logGet(43)) - raft.server.log.use.memory = false (default)
2019-10-11 07:10:06,961 [pool-267-thread-1] INFO  server.RaftServerConfigKeys (ConfUtils.java:logGet(43)) - raft.server.log.purge.gap = 1000000 (custom)
2019-10-11 07:10:06,961 [pool-267-thread-1] INFO  server.RaftServerConfigKeys (ConfUtils.java:logGet(43)) - raft.server.log.appender.buffer.byte-limit = 33554432 (custom)
2019-10-11 07:10:06,961 [pool-267-thread-1] INFO  server.RaftServerConfigKeys (ConfUtils.java:logGet(43)) - raft.server.log.segment.size.max = 1048576 (custom)
2019-10-11 07:10:06,962 [pool-267-thread-1] INFO  server.RaftServerConfigKeys (ConfUtils.java:logGet(43)) - raft.server.log.segment.cache.num.max = 2 (custom)
2019-10-11 07:10:06,962 [pool-267-thread-1] INFO  segmented.SegmentedRaftLogWorker (SegmentedRaftLogWorker.java:<init>(173)) - new 9ba9da79-cca7-415b-a23c-3659525ba029@group-D1444592CE42-SegmentedRaftLogWorker for RaftStorage:Storage Directory /workdir/hadoop-ozone/integration-test/target/test-dir/MiniOzoneClusterImpl-85c8d926-9ea3-4b64-86e7-7cfbc5065fac/datanode-6/data/ratis/bd60be56-a1db-45fa-b950-d1444592ce42
2019-10-11 07:10:06,963 [pool-267-thread-1] INFO  server.RaftServerConfigKeys (ConfUtils.java:logGet(43)) - raft.server.log.queue.byte-limit = 2147483647 (custom)
2019-10-11 07:10:06,963 [pool-267-thread-1] INFO  server.RaftServerConfigKeys (ConfUtils.java:logGet(43)) - raft.server.log.queue.element-limit = 1024 (custom)
2019-10-11 07:10:06,963 [pool-267-thread-1] INFO  server.RaftServerConfigKeys (ConfUtils.java:logGet(43)) - raft.server.log.segment.size.max = 1048576 (custom)
2019-10-11 07:10:06,963 [pool-267-thread-1] INFO  server.RaftServerConfigKeys (ConfUtils.java:logGet(43)) - raft.server.log.preallocated.size = 16384 (custom)
2019-10-11 07:10:06,963 [pool-267-thread-1] INFO  server.RaftServerConfigKeys (ConfUtils.java:logGet(43)) - raft.server.log.write.buffer.size = 33554432 (custom)
2019-10-11 07:10:06,963 [pool-267-thread-1] INFO  server.RaftServerConfigKeys (ConfUtils.java:logGet(43)) - raft.server.log.force.sync.num = 128 (default)
2019-10-11 07:10:06,963 [pool-267-thread-1] INFO  server.RaftServerConfigKeys (ConfUtils.java:logGet(43)) - raft.server.log.statemachine.data.sync = true (default)
2019-10-11 07:10:06,963 [pool-267-thread-1] INFO  server.RaftServerConfigKeys (ConfUtils.java:logGet(43)) - raft.server.log.statemachine.data.sync.timeout = 10s (default)
2019-10-11 07:10:06,963 [pool-267-thread-1] INFO  server.RaftServerConfigKeys (ConfUtils.java:logGet(43)) - raft.server.log.statemachine.data.sync.timeout.retry = -1 (default)
2019-10-11 07:10:06,964 [pool-267-thread-1] INFO  server.RaftServerConfigKeys (ConfUtils.java:logGet(43)) - raft.server.log.statemachine.data.caching.enabled = true (custom)
2019-10-11 07:10:06,964 [pool-267-thread-1] INFO  segmented.SegmentedRaftLogWorker (SegmentedRaftLogWorker.java:lambda$new$0(128)) - 9ba9da79-cca7-415b-a23c-3659525ba029@group-D1444592CE42-SegmentedRaftLogWorker: flushIndex: setUnconditionally 0 -> -1
2019-10-11 07:10:06,964 [pool-267-thread-1] INFO  server.RaftServerConfigKeys (ConfUtils.java:logGet(43)) - raft.server.snapshot.auto.trigger.enabled = true (custom)
2019-10-11 07:10:06,964 [pool-267-thread-1] INFO  server.RaftServerConfigKeys (ConfUtils.java:logGet(43)) - raft.server.snapshot.auto.trigger.threshold = 10000 (custom)
2019-10-11 07:10:06,964 [pool-267-thread-1] INFO  server.RaftServerConfigKeys (ConfUtils.java:logGet(43)) - raft.server.snapshot.retention.file.num = 5 (custom)
2019-10-11 07:10:06,964 [pool-267-thread-1] INFO  server.RaftServerConfigKeys (ConfUtils.java:logGet(43)) - raft.server.retrycache.expirytime = 600000ms (custom)
2019-10-11 07:10:06,966 [pool-267-thread-1] INFO  impl.RaftServerImpl (RaftServerImpl.java:start(181)) - 9ba9da79-cca7-415b-a23c-3659525ba029@group-D1444592CE42: start as a follower, conf=-1: [9ba9da79-cca7-415b-a23c-3659525ba029:192.168.164.209:44026], old=null
2019-10-11 07:10:06,966 [pool-267-thread-1] INFO  impl.RaftServerImpl (RaftServerImpl.java:setRole(170)) - 9ba9da79-cca7-415b-a23c-3659525ba029@group-D1444592CE42: changes role from      null to FOLLOWER at term 0 for startAsFollower
2019-10-11 07:10:06,966 [pool-267-thread-1] INFO  impl.RoleInfo (RoleInfo.java:updateAndGet(143)) - 9ba9da79-cca7-415b-a23c-3659525ba029: start FollowerState
2019-10-11 07:10:06,966 [pool-267-thread-1] INFO  util.JmxRegister (JmxRegister.java:tryRegister(44)) - Successfully registered JMX Bean with object name Ratis:service=RaftServer,group=group-D1444592CE42,id=9ba9da79-cca7-415b-a23c-3659525ba029
2019-10-11 07:10:06,973 [RatisPipelineUtilsThread] INFO  pipeline.PipelineStateManager (PipelineStateManager.java:addPipeline(56)) - Created pipeline Pipeline[ Id: bd60be56-a1db-45fa-b950-d1444592ce42, Nodes: 9ba9da79-cca7-415b-a23c-3659525ba029{ip: 192.168.164.209, host: pr-hdds-2206-npvv8-3563359771, networkLocation: /default-rack, certSerialId: null}, Type:RATIS, Factor:ONE, State:OPEN]
2019-10-11 07:10:06,977 [Thread-1633] INFO  impl.FollowerState (FollowerState.java:run(108)) - f1ece2e6-15a1-40e6-a99f-0011a76476d4@group-A0BA6AFEA904-FollowerState: change to CANDIDATE, lastRpcTime:5122ms, electionTimeout:5121ms
2019-10-11 07:10:06,977 [Thread-1633] INFO  impl.RoleInfo (RoleInfo.java:shutdownFollowerState(121)) - f1ece2e6-15a1-40e6-a99f-0011a76476d4: shutdown FollowerState
2019-10-11 07:10:06,977 [Thread-1633] INFO  impl.RaftServerImpl (RaftServerImpl.java:setRole(170)) - f1ece2e6-15a1-40e6-a99f-0011a76476d4@group-A0BA6AFEA904: changes role from  FOLLOWER to CANDIDATE at term 0 for changeToCandidate
2019-10-11 07:10:06,977 [Thread-1633] INFO  impl.RoleInfo (RoleInfo.java:updateAndGet(143)) - f1ece2e6-15a1-40e6-a99f-0011a76476d4: start LeaderElection
2019-10-11 07:10:07,005 [f1ece2e6-15a1-40e6-a99f-0011a76476d4@group-A0BA6AFEA904-LeaderElection60] INFO  impl.LeaderElection (LeaderElection.java:askForVotes(178)) - f1ece2e6-15a1-40e6-a99f-0011a76476d4@group-A0BA6AFEA904-LeaderElection60: begin an election at term 1 for -1: [f1ece2e6-15a1-40e6-a99f-0011a76476d4:192.168.164.209:37454], old=null
2019-10-11 07:10:07,006 [f1ece2e6-15a1-40e6-a99f-0011a76476d4@group-A0BA6AFEA904-LeaderElection60] INFO  impl.RoleInfo (RoleInfo.java:shutdownLeaderElection(134)) - f1ece2e6-15a1-40e6-a99f-0011a76476d4: shutdown LeaderElection
2019-10-11 07:10:07,006 [f1ece2e6-15a1-40e6-a99f-0011a76476d4@group-A0BA6AFEA904-LeaderElection60] INFO  impl.RaftServerImpl (RaftServerImpl.java:setRole(170)) - f1ece2e6-15a1-40e6-a99f-0011a76476d4@group-A0BA6AFEA904: changes role from CANDIDATE to LEADER at term 1 for changeToLeader
2019-10-11 07:10:07,006 [f1ece2e6-15a1-40e6-a99f-0011a76476d4@group-A0BA6AFEA904-LeaderElection60] INFO  impl.RaftServerImpl (ServerState.java:setLeader(255)) - f1ece2e6-15a1-40e6-a99f-0011a76476d4@group-A0BA6AFEA904: change Leader from null to f1ece2e6-15a1-40e6-a99f-0011a76476d4 at term 1 for becomeLeader, leader elected after 5157ms
2019-10-11 07:10:07,006 [f1ece2e6-15a1-40e6-a99f-0011a76476d4@group-A0BA6AFEA904-LeaderElection60] INFO  server.RaftServerConfigKeys (ConfUtils.java:logGet(43)) - raft.server.staging.catchup.gap = 1000 (default)
2019-10-11 07:10:07,006 [f1ece2e6-15a1-40e6-a99f-0011a76476d4@group-A0BA6AFEA904-LeaderElection60] INFO  server.RaftServerConfigKeys (ConfUtils.java:logGet(43)) - raft.server.rpc.sleep.time = 25ms (default)
2019-10-11 07:10:07,006 [f1ece2e6-15a1-40e6-a99f-0011a76476d4@group-A0BA6AFEA904-LeaderElection60] INFO  server.RaftServerConfigKeys (ConfUtils.java:logGet(43)) - raft.server.write.element-limit = 4096 (default)
2019-10-11 07:10:07,007 [f1ece2e6-15a1-40e6-a99f-0011a76476d4@group-A0BA6AFEA904-LeaderElection60] INFO  server.RaftServerConfigKeys (ConfUtils.java:logGet(43)) - raft.server.watch.timeout = 10s (default)
2019-10-11 07:10:07,007 [f1ece2e6-15a1-40e6-a99f-0011a76476d4@group-A0BA6AFEA904-LeaderElection60] INFO  server.RaftServerConfigKeys (ConfUtils.java:logGet(43)) - raft.server.watch.timeout.denomination = 1s (default)
2019-10-11 07:10:07,007 [f1ece2e6-15a1-40e6-a99f-0011a76476d4@group-A0BA6AFEA904-LeaderElection60] INFO  server.RaftServerConfigKeys (ConfUtils.java:logGet(43)) - raft.server.watch.element-limit = 65536 (default)
2019-10-11 07:10:07,009 [f1ece2e6-15a1-40e6-a99f-0011a76476d4@group-A0BA6AFEA904-LeaderElection60] INFO  impl.RoleInfo (RoleInfo.java:updateAndGet(143)) - f1ece2e6-15a1-40e6-a99f-0011a76476d4: start LeaderState
2019-10-11 07:10:07,009 [f1ece2e6-15a1-40e6-a99f-0011a76476d4@group-A0BA6AFEA904-LeaderElection60] INFO  segmented.SegmentedRaftLogWorker (SegmentedRaftLogWorker.java:startLogSegment(385)) - f1ece2e6-15a1-40e6-a99f-0011a76476d4@group-A0BA6AFEA904-SegmentedRaftLogWorker: Starting segment from index:0
2019-10-11 07:10:07,010 [f1ece2e6-15a1-40e6-a99f-0011a76476d4@group-A0BA6AFEA904-LeaderElection60] INFO  impl.RaftServerImpl (ServerState.java:setRaftConf(356)) - f1ece2e6-15a1-40e6-a99f-0011a76476d4@group-A0BA6AFEA904: set configuration 0: [f1ece2e6-15a1-40e6-a99f-0011a76476d4:192.168.164.209:37454], old=null at 0
2019-10-11 07:10:07,039 [Thread-1641] INFO  impl.FollowerState (FollowerState.java:run(108)) - 45bdfbdb-cef3-4a4c-bb56-68d5d29f1ba8@group-586E321B064F-FollowerState: change to CANDIDATE, lastRpcTime:5077ms, electionTimeout:5077ms
2019-10-11 07:10:07,039 [Thread-1641] INFO  impl.RoleInfo (RoleInfo.java:shutdownFollowerState(121)) - 45bdfbdb-cef3-4a4c-bb56-68d5d29f1ba8: shutdown FollowerState
2019-10-11 07:10:07,039 [Thread-1641] INFO  impl.RaftServerImpl (RaftServerImpl.java:setRole(170)) - 45bdfbdb-cef3-4a4c-bb56-68d5d29f1ba8@group-586E321B064F: changes role from  FOLLOWER to CANDIDATE at term 0 for changeToCandidate
2019-10-11 07:10:07,039 [Thread-1641] INFO  impl.RoleInfo (RoleInfo.java:updateAndGet(143)) - 45bdfbdb-cef3-4a4c-bb56-68d5d29f1ba8: start LeaderElection
2019-10-11 07:10:07,070 [f1ece2e6-15a1-40e6-a99f-0011a76476d4@group-A0BA6AFEA904-SegmentedRaftLogWorker] INFO  segmented.SegmentedRaftLogWorker (SegmentedRaftLogWorker.java:execute(574)) - f1ece2e6-15a1-40e6-a99f-0011a76476d4@group-A0BA6AFEA904-SegmentedRaftLogWorker: created new log segment /workdir/hadoop-ozone/integration-test/target/test-dir/MiniOzoneClusterImpl-85c8d926-9ea3-4b64-86e7-7cfbc5065fac/datanode-5/data/ratis/7c0d5bf5-4600-4be7-b6b9-a0ba6afea904/current/log_inprogress_0
2019-10-11 07:10:07,070 [45bdfbdb-cef3-4a4c-bb56-68d5d29f1ba8@group-586E321B064F-LeaderElection61] INFO  impl.LeaderElection (LeaderElection.java:askForVotes(178)) - 45bdfbdb-cef3-4a4c-bb56-68d5d29f1ba8@group-586E321B064F-LeaderElection61: begin an election at term 1 for -1: [53640dff-d63a-40f5-bfa6-9d6488a25d19:192.168.164.209:39937, f1ece2e6-15a1-40e6-a99f-0011a76476d4:192.168.164.209:37454, 45bdfbdb-cef3-4a4c-bb56-68d5d29f1ba8:192.168.164.209:37502], old=null
2019-10-11 07:10:07,083 [grpc-default-executor-1] INFO  impl.RaftServerImpl (RaftServerImpl.java:setRole(170)) - 53640dff-d63a-40f5-bfa6-9d6488a25d19@group-586E321B064F: changes role from  FOLLOWER to FOLLOWER at term 1 for recognizeCandidate:45bdfbdb-cef3-4a4c-bb56-68d5d29f1ba8
2019-10-11 07:10:07,083 [grpc-default-executor-7] INFO  impl.RaftServerImpl (RaftServerImpl.java:setRole(170)) - f1ece2e6-15a1-40e6-a99f-0011a76476d4@group-586E321B064F: changes role from  FOLLOWER to FOLLOWER at term 1 for recognizeCandidate:45bdfbdb-cef3-4a4c-bb56-68d5d29f1ba8
2019-10-11 07:10:07,083 [grpc-default-executor-1] INFO  impl.RoleInfo (RoleInfo.java:shutdownFollowerState(121)) - 53640dff-d63a-40f5-bfa6-9d6488a25d19: shutdown FollowerState
2019-10-11 07:10:07,084 [grpc-default-executor-7] INFO  impl.RoleInfo (RoleInfo.java:shutdownFollowerState(121)) - f1ece2e6-15a1-40e6-a99f-0011a76476d4: shutdown FollowerState
2019-10-11 07:10:07,084 [grpc-default-executor-1] INFO  impl.RoleInfo (RoleInfo.java:updateAndGet(143)) - 53640dff-d63a-40f5-bfa6-9d6488a25d19: start FollowerState
2019-10-11 07:10:07,084 [Thread-1642] INFO  impl.FollowerState (FollowerState.java:run(117)) - f1ece2e6-15a1-40e6-a99f-0011a76476d4@group-586E321B064F-FollowerState was interrupted: java.lang.InterruptedException: sleep interrupted
2019-10-11 07:10:07,084 [grpc-default-executor-7] INFO  impl.RoleInfo (RoleInfo.java:updateAndGet(143)) - f1ece2e6-15a1-40e6-a99f-0011a76476d4: start FollowerState
2019-10-11 07:10:07,084 [Thread-1640] INFO  impl.FollowerState (FollowerState.java:run(117)) - 53640dff-d63a-40f5-bfa6-9d6488a25d19@group-586E321B064F-FollowerState was interrupted: java.lang.InterruptedException: sleep interrupted
2019-10-11 07:10:07,111 [45bdfbdb-cef3-4a4c-bb56-68d5d29f1ba8@group-586E321B064F-LeaderElection61] INFO  impl.LeaderElection (LeaderElection.java:logAndReturn(56)) - 45bdfbdb-cef3-4a4c-bb56-68d5d29f1ba8@group-586E321B064F-LeaderElection61: Election PASSED; received 1 response(s) [45bdfbdb-cef3-4a4c-bb56-68d5d29f1ba8<-f1ece2e6-15a1-40e6-a99f-0011a76476d4#0:OK-t1] and 0 exception(s); 45bdfbdb-cef3-4a4c-bb56-68d5d29f1ba8@group-586E321B064F:t1, leader=null, voted=45bdfbdb-cef3-4a4c-bb56-68d5d29f1ba8, raftlog=45bdfbdb-cef3-4a4c-bb56-68d5d29f1ba8@group-586E321B064F-SegmentedRaftLog:OPENED:c-1,f-1,i0, conf=-1: [53640dff-d63a-40f5-bfa6-9d6488a25d19:192.168.164.209:39937, f1ece2e6-15a1-40e6-a99f-0011a76476d4:192.168.164.209:37454, 45bdfbdb-cef3-4a4c-bb56-68d5d29f1ba8:192.168.164.209:37502], old=null
2019-10-11 07:10:07,112 [45bdfbdb-cef3-4a4c-bb56-68d5d29f1ba8@group-586E321B064F-LeaderElection61] INFO  impl.RoleInfo (RoleInfo.java:shutdownLeaderElection(134)) - 45bdfbdb-cef3-4a4c-bb56-68d5d29f1ba8: shutdown LeaderElection
2019-10-11 07:10:07,112 [45bdfbdb-cef3-4a4c-bb56-68d5d29f1ba8@group-586E321B064F-LeaderElection61] INFO  impl.RaftServerImpl (RaftServerImpl.java:setRole(170)) - 45bdfbdb-cef3-4a4c-bb56-68d5d29f1ba8@group-586E321B064F: changes role from CANDIDATE to LEADER at term 1 for changeToLeader
2019-10-11 07:10:07,112 [45bdfbdb-cef3-4a4c-bb56-68d5d29f1ba8@group-586E321B064F-LeaderElection61] INFO  impl.RaftServerImpl (ServerState.java:setLeader(255)) - 45bdfbdb-cef3-4a4c-bb56-68d5d29f1ba8@group-586E321B064F: change Leader from null to 45bdfbdb-cef3-4a4c-bb56-68d5d29f1ba8 at term 1 for becomeLeader, leader elected after 5160ms
2019-10-11 07:10:07,112 [45bdfbdb-cef3-4a4c-bb56-68d5d29f1ba8@group-586E321B064F-LeaderElection61] INFO  server.RaftServerConfigKeys (ConfUtils.java:logGet(43)) - raft.server.staging.catchup.gap = 1000 (default)
2019-10-11 07:10:07,112 [45bdfbdb-cef3-4a4c-bb56-68d5d29f1ba8@group-586E321B064F-LeaderElection61] INFO  server.RaftServerConfigKeys (ConfUtils.java:logGet(43)) - raft.server.rpc.sleep.time = 25ms (default)
2019-10-11 07:10:07,112 [45bdfbdb-cef3-4a4c-bb56-68d5d29f1ba8@group-586E321B064F-LeaderElection61] INFO  server.RaftServerConfigKeys (ConfUtils.java:logGet(43)) - raft.server.write.element-limit = 4096 (default)
2019-10-11 07:10:07,112 [45bdfbdb-cef3-4a4c-bb56-68d5d29f1ba8@group-586E321B064F-LeaderElection61] INFO  server.RaftServerConfigKeys (ConfUtils.java:logGet(43)) - raft.server.watch.timeout = 10s (default)
2019-10-11 07:10:07,113 [45bdfbdb-cef3-4a4c-bb56-68d5d29f1ba8@group-586E321B064F-LeaderElection61] INFO  server.RaftServerConfigKeys (ConfUtils.java:logGet(43)) - raft.server.watch.timeout.denomination = 1s (default)
2019-10-11 07:10:07,113 [45bdfbdb-cef3-4a4c-bb56-68d5d29f1ba8@group-586E321B064F-LeaderElection61] INFO  server.RaftServerConfigKeys (ConfUtils.java:logGet(43)) - raft.server.watch.element-limit = 65536 (default)
2019-10-11 07:10:07,115 [45bdfbdb-cef3-4a4c-bb56-68d5d29f1ba8@group-586E321B064F-LeaderElection61] INFO  server.RaftServerConfigKeys (ConfUtils.java:logGet(43)) - raft.server.log.appender.snapshot.chunk.size.max = 16MB (=16777216) (default)
2019-10-11 07:10:07,115 [45bdfbdb-cef3-4a4c-bb56-68d5d29f1ba8@group-586E321B064F-LeaderElection61] INFO  server.RaftServerConfigKeys (ConfUtils.java:logGet(43)) - raft.server.log.appender.buffer.byte-limit = 33554432 (custom)
2019-10-11 07:10:07,115 [45bdfbdb-cef3-4a4c-bb56-68d5d29f1ba8@group-586E321B064F-LeaderElection61] INFO  server.RaftServerConfigKeys (ConfUtils.java:logGet(43)) - raft.server.log.appender.buffer.element-limit = 1 (custom)
2019-10-11 07:10:07,115 [45bdfbdb-cef3-4a4c-bb56-68d5d29f1ba8@group-586E321B064F-LeaderElection61] INFO  grpc.GrpcConfigKeys$Server (ConfUtils.java:logGet(43)) - raft.grpc.server.leader.outstanding.appends.max = 128 (default)
2019-10-11 07:10:07,116 [45bdfbdb-cef3-4a4c-bb56-68d5d29f1ba8@group-586E321B064F-LeaderElection61] INFO  server.RaftServerConfigKeys (ConfUtils.java:logGet(43)) - raft.server.rpc.request.timeout = 3000ms (default)
2019-10-11 07:10:07,116 [45bdfbdb-cef3-4a4c-bb56-68d5d29f1ba8@group-586E321B064F-LeaderElection61] INFO  server.RaftServerConfigKeys (ConfUtils.java:logGet(43)) - raft.server.log.appender.install.snapshot.enabled = false (custom)
2019-10-11 07:10:07,116 [45bdfbdb-cef3-4a4c-bb56-68d5d29f1ba8@group-586E321B064F-LeaderElection61] INFO  server.RaftServerConfigKeys (ConfUtils.java:logGet(43)) - raft.server.log.appender.snapshot.chunk.size.max = 16MB (=16777216) (default)
2019-10-11 07:10:07,116 [45bdfbdb-cef3-4a4c-bb56-68d5d29f1ba8@group-586E321B064F-LeaderElection61] INFO  server.RaftServerConfigKeys (ConfUtils.java:logGet(43)) - raft.server.log.appender.buffer.byte-limit = 33554432 (custom)
2019-10-11 07:10:07,116 [45bdfbdb-cef3-4a4c-bb56-68d5d29f1ba8@group-586E321B064F-LeaderElection61] INFO  server.RaftServerConfigKeys (ConfUtils.java:logGet(43)) - raft.server.log.appender.buffer.element-limit = 1 (custom)
2019-10-11 07:10:07,117 [45bdfbdb-cef3-4a4c-bb56-68d5d29f1ba8@group-586E321B064F-LeaderElection61] INFO  grpc.GrpcConfigKeys$Server (ConfUtils.java:logGet(43)) - raft.grpc.server.leader.outstanding.appends.max = 128 (default)
2019-10-11 07:10:07,117 [45bdfbdb-cef3-4a4c-bb56-68d5d29f1ba8@group-586E321B064F-LeaderElection61] INFO  server.RaftServerConfigKeys (ConfUtils.java:logGet(43)) - raft.server.rpc.request.timeout = 3000ms (default)
2019-10-11 07:10:07,117 [45bdfbdb-cef3-4a4c-bb56-68d5d29f1ba8@group-586E321B064F-LeaderElection61] INFO  server.RaftServerConfigKeys (ConfUtils.java:logGet(43)) - raft.server.log.appender.install.snapshot.enabled = false (custom)
2019-10-11 07:10:07,117 [45bdfbdb-cef3-4a4c-bb56-68d5d29f1ba8@group-586E321B064F-LeaderElection61] INFO  impl.RoleInfo (RoleInfo.java:updateAndGet(143)) - 45bdfbdb-cef3-4a4c-bb56-68d5d29f1ba8: start LeaderState
2019-10-11 07:10:07,117 [45bdfbdb-cef3-4a4c-bb56-68d5d29f1ba8@group-586E321B064F-LeaderElection61] INFO  segmented.SegmentedRaftLogWorker (SegmentedRaftLogWorker.java:startLogSegment(385)) - 45bdfbdb-cef3-4a4c-bb56-68d5d29f1ba8@group-586E321B064F-SegmentedRaftLogWorker: Starting segment from index:0
2019-10-11 07:10:07,118 [45bdfbdb-cef3-4a4c-bb56-68d5d29f1ba8@group-586E321B064F-LeaderElection61] INFO  impl.RaftServerImpl (ServerState.java:setRaftConf(356)) - 45bdfbdb-cef3-4a4c-bb56-68d5d29f1ba8@group-586E321B064F: set configuration 0: [53640dff-d63a-40f5-bfa6-9d6488a25d19:192.168.164.209:39937, f1ece2e6-15a1-40e6-a99f-0011a76476d4:192.168.164.209:37454, 45bdfbdb-cef3-4a4c-bb56-68d5d29f1ba8:192.168.164.209:37502], old=null at 0
2019-10-11 07:10:07,120 [grpc-default-executor-7] INFO  impl.RaftServerImpl (ServerState.java:setLeader(255)) - f1ece2e6-15a1-40e6-a99f-0011a76476d4@group-586E321B064F: change Leader from null to 45bdfbdb-cef3-4a4c-bb56-68d5d29f1ba8 at term 1 for appendEntries, leader elected after 5168ms
2019-10-11 07:10:07,159 [grpc-default-executor-1] INFO  impl.RaftServerImpl (ServerState.java:setLeader(255)) - 53640dff-d63a-40f5-bfa6-9d6488a25d19@group-586E321B064F: change Leader from null to 45bdfbdb-cef3-4a4c-bb56-68d5d29f1ba8 at term 1 for appendEntries, leader elected after 5207ms
2019-10-11 07:10:07,165 [grpc-default-executor-7] INFO  impl.RaftServerImpl (ServerState.java:setRaftConf(356)) - f1ece2e6-15a1-40e6-a99f-0011a76476d4@group-586E321B064F: set configuration 0: [53640dff-d63a-40f5-bfa6-9d6488a25d19:192.168.164.209:39937, f1ece2e6-15a1-40e6-a99f-0011a76476d4:192.168.164.209:37454, 45bdfbdb-cef3-4a4c-bb56-68d5d29f1ba8:192.168.164.209:37502], old=null at 0
2019-10-11 07:10:07,165 [grpc-default-executor-7] INFO  segmented.SegmentedRaftLogWorker (SegmentedRaftLogWorker.java:startLogSegment(385)) - f1ece2e6-15a1-40e6-a99f-0011a76476d4@group-586E321B064F-SegmentedRaftLogWorker: Starting segment from index:0
2019-10-11 07:10:07,165 [grpc-default-executor-1] INFO  impl.RaftServerImpl (ServerState.java:setRaftConf(356)) - 53640dff-d63a-40f5-bfa6-9d6488a25d19@group-586E321B064F: set configuration 0: [53640dff-d63a-40f5-bfa6-9d6488a25d19:192.168.164.209:39937, f1ece2e6-15a1-40e6-a99f-0011a76476d4:192.168.164.209:37454, 45bdfbdb-cef3-4a4c-bb56-68d5d29f1ba8:192.168.164.209:37502], old=null at 0
2019-10-11 07:10:07,166 [grpc-default-executor-1] INFO  segmented.SegmentedRaftLogWorker (SegmentedRaftLogWorker.java:startLogSegment(385)) - 53640dff-d63a-40f5-bfa6-9d6488a25d19@group-586E321B064F-SegmentedRaftLogWorker: Starting segment from index:0
2019-10-11 07:10:07,182 [45bdfbdb-cef3-4a4c-bb56-68d5d29f1ba8@group-586E321B064F-SegmentedRaftLogWorker] INFO  segmented.SegmentedRaftLogWorker (SegmentedRaftLogWorker.java:execute(574)) - 45bdfbdb-cef3-4a4c-bb56-68d5d29f1ba8@group-586E321B064F-SegmentedRaftLogWorker: created new log segment /workdir/hadoop-ozone/integration-test/target/test-dir/MiniOzoneClusterImpl-85c8d926-9ea3-4b64-86e7-7cfbc5065fac/datanode-4/data/ratis/d2bf7a45-6cc0-49ae-ab1b-586e321b064f/current/log_inprogress_0
2019-10-11 07:10:07,210 [53640dff-d63a-40f5-bfa6-9d6488a25d19@group-586E321B064F-SegmentedRaftLogWorker] INFO  segmented.SegmentedRaftLogWorker (SegmentedRaftLogWorker.java:execute(574)) - 53640dff-d63a-40f5-bfa6-9d6488a25d19@group-586E321B064F-SegmentedRaftLogWorker: created new log segment /workdir/hadoop-ozone/integration-test/target/test-dir/MiniOzoneClusterImpl-85c8d926-9ea3-4b64-86e7-7cfbc5065fac/datanode-3/data/ratis/d2bf7a45-6cc0-49ae-ab1b-586e321b064f/current/log_inprogress_0
2019-10-11 07:10:07,210 [f1ece2e6-15a1-40e6-a99f-0011a76476d4@group-586E321B064F-SegmentedRaftLogWorker] INFO  segmented.SegmentedRaftLogWorker (SegmentedRaftLogWorker.java:execute(574)) - f1ece2e6-15a1-40e6-a99f-0011a76476d4@group-586E321B064F-SegmentedRaftLogWorker: created new log segment /workdir/hadoop-ozone/integration-test/target/test-dir/MiniOzoneClusterImpl-85c8d926-9ea3-4b64-86e7-7cfbc5065fac/datanode-5/data/ratis/d2bf7a45-6cc0-49ae-ab1b-586e321b064f/current/log_inprogress_0
2019-10-11 07:10:07,895 [main] INFO  ozone.MiniOzoneClusterImpl (MiniOzoneClusterImpl.java:lambda$waitForClusterToBeReady$0(147)) - Cluster is ready. Got 7 of 7 DN Heartbeats.
2019-10-11 07:10:12,153 [Thread-1655] INFO  impl.FollowerState (FollowerState.java:run(108)) - 9ba9da79-cca7-415b-a23c-3659525ba029@group-D1444592CE42-FollowerState: change to CANDIDATE, lastRpcTime:5187ms, electionTimeout:5187ms
2019-10-11 07:10:12,154 [Thread-1655] INFO  impl.RoleInfo (RoleInfo.java:shutdownFollowerState(121)) - 9ba9da79-cca7-415b-a23c-3659525ba029: shutdown FollowerState
2019-10-11 07:10:12,154 [Thread-1655] INFO  impl.RaftServerImpl (RaftServerImpl.java:setRole(170)) - 9ba9da79-cca7-415b-a23c-3659525ba029@group-D1444592CE42: changes role from  FOLLOWER to CANDIDATE at term 0 for changeToCandidate
2019-10-11 07:10:12,154 [Thread-1655] INFO  impl.RoleInfo (RoleInfo.java:updateAndGet(143)) - 9ba9da79-cca7-415b-a23c-3659525ba029: start LeaderElection
2019-10-11 07:10:12,183 [9ba9da79-cca7-415b-a23c-3659525ba029@group-D1444592CE42-LeaderElection62] INFO  impl.LeaderElection (LeaderElection.java:askForVotes(178)) - 9ba9da79-cca7-415b-a23c-3659525ba029@group-D1444592CE42-LeaderElection62: begin an election at term 1 for -1: [9ba9da79-cca7-415b-a23c-3659525ba029:192.168.164.209:44026], old=null
2019-10-11 07:10:12,183 [9ba9da79-cca7-415b-a23c-3659525ba029@group-D1444592CE42-LeaderElection62] INFO  impl.RoleInfo (RoleInfo.java:shutdownLeaderElection(134)) - 9ba9da79-cca7-415b-a23c-3659525ba029: shutdown LeaderElection
2019-10-11 07:10:12,184 [9ba9da79-cca7-415b-a23c-3659525ba029@group-D1444592CE42-LeaderElection62] INFO  impl.RaftServerImpl (RaftServerImpl.java:setRole(170)) - 9ba9da79-cca7-415b-a23c-3659525ba029@group-D1444592CE42: changes role from CANDIDATE to LEADER at term 1 for changeToLeader
2019-10-11 07:10:12,184 [9ba9da79-cca7-415b-a23c-3659525ba029@group-D1444592CE42-LeaderElection62] INFO  impl.RaftServerImpl (ServerState.java:setLeader(255)) - 9ba9da79-cca7-415b-a23c-3659525ba029@group-D1444592CE42: change Leader from null to 9ba9da79-cca7-415b-a23c-3659525ba029 at term 1 for becomeLeader, leader elected after 5222ms
2019-10-11 07:10:12,184 [9ba9da79-cca7-415b-a23c-3659525ba029@group-D1444592CE42-LeaderElection62] INFO  server.RaftServerConfigKeys (ConfUtils.java:logGet(43)) - raft.server.staging.catchup.gap = 1000 (default)
2019-10-11 07:10:12,184 [9ba9da79-cca7-415b-a23c-3659525ba029@group-D1444592CE42-LeaderElection62] INFO  server.RaftServerConfigKeys (ConfUtils.java:logGet(43)) - raft.server.rpc.sleep.time = 25ms (default)
2019-10-11 07:10:12,184 [9ba9da79-cca7-415b-a23c-3659525ba029@group-D1444592CE42-LeaderElection62] INFO  server.RaftServerConfigKeys (ConfUtils.java:logGet(43)) - raft.server.write.element-limit = 4096 (default)
2019-10-11 07:10:12,184 [9ba9da79-cca7-415b-a23c-3659525ba029@group-D1444592CE42-LeaderElection62] INFO  server.RaftServerConfigKeys (ConfUtils.java:logGet(43)) - raft.server.watch.timeout = 10s (default)
2019-10-11 07:10:12,184 [9ba9da79-cca7-415b-a23c-3659525ba029@group-D1444592CE42-LeaderElection62] INFO  server.RaftServerConfigKeys (ConfUtils.java:logGet(43)) - raft.server.watch.timeout.denomination = 1s (default)
2019-10-11 07:10:12,185 [9ba9da79-cca7-415b-a23c-3659525ba029@group-D1444592CE42-LeaderElection62] INFO  server.RaftServerConfigKeys (ConfUtils.java:logGet(43)) - raft.server.watch.element-limit = 65536 (default)
2019-10-11 07:10:12,187 [9ba9da79-cca7-415b-a23c-3659525ba029@group-D1444592CE42-LeaderElection62] INFO  impl.RoleInfo (RoleInfo.java:updateAndGet(143)) - 9ba9da79-cca7-415b-a23c-3659525ba029: start LeaderState
2019-10-11 07:10:12,187 [9ba9da79-cca7-415b-a23c-3659525ba029@group-D1444592CE42-LeaderElection62] INFO  segmented.SegmentedRaftLogWorker (SegmentedRaftLogWorker.java:startLogSegment(385)) - 9ba9da79-cca7-415b-a23c-3659525ba029@group-D1444592CE42-SegmentedRaftLogWorker: Starting segment from index:0
2019-10-11 07:10:12,188 [9ba9da79-cca7-415b-a23c-3659525ba029@group-D1444592CE42-LeaderElection62] INFO  impl.RaftServerImpl (ServerState.java:setRaftConf(356)) - 9ba9da79-cca7-415b-a23c-3659525ba029@group-D1444592CE42: set configuration 0: [9ba9da79-cca7-415b-a23c-3659525ba029:192.168.164.209:44026], old=null at 0
2019-10-11 07:10:12,240 [9ba9da79-cca7-415b-a23c-3659525ba029@group-D1444592CE42-SegmentedRaftLogWorker] INFO  segmented.SegmentedRaftLogWorker (SegmentedRaftLogWorker.java:execute(574)) - 9ba9da79-cca7-415b-a23c-3659525ba029@group-D1444592CE42-SegmentedRaftLogWorker: created new log segment /workdir/hadoop-ozone/integration-test/target/test-dir/MiniOzoneClusterImpl-85c8d926-9ea3-4b64-86e7-7cfbc5065fac/datanode-6/data/ratis/bd60be56-a1db-45fa-b950-d1444592ce42/current/log_inprogress_0
2019-10-11 07:10:17,946 [main] INFO  rpc.RpcClient (RpcClient.java:createVolume(272)) - Creating Volume: watchforcommithandlingtest, with jenkins1000 as owner.
2019-10-11 07:10:17,959 [IPC Server handler 1 on 42058] INFO  volume.OMVolumeCreateRequest (OMVolumeCreateRequest.java:validateAndUpdateCache(193)) - created volume:watchforcommithandlingtest for user:jenkins1000
2019-10-11 07:10:17,977 [main] INFO  rpc.RpcClient (RpcClient.java:createBucket(411)) - Creating Bucket: watchforcommithandlingtest/watchforcommithandlingtest, with Versioning false and Storage Type set to DISK and Encryption set to false 
2019-10-11 07:10:17,983 [main] INFO  ozone.MiniOzoneClusterImpl (MiniOzoneClusterImpl.java:getStorageContainerLocationClient(234)) - Creating StorageContainerLocationProtocol RPC client with address /0.0.0.0:34225
2019-10-11 07:10:19,232 [Datanode State Machine Thread - 0] INFO  statemachine.DatanodeStateMachine (DatanodeStateMachine.java:lambda$startDaemon$0(350)) - Ozone container server started.
2019-10-11 07:10:23,243 [main] INFO  ozoneimpl.OzoneContainer (OzoneContainer.java:stop(227)) - Attempting to stop container services.
2019-10-11 07:10:23,244 [main] INFO  impl.RaftServerProxy (RaftServerProxy.java:lambda$close$4(314)) - 0f24eb1f-961d-4620-8d5d-0b1f3f575a32: close
2019-10-11 07:10:23,245 [main] INFO  impl.RaftServerImpl (RaftServerImpl.java:lambda$shutdown$3(247)) - 0f24eb1f-961d-4620-8d5d-0b1f3f575a32@group-982829F90A63: shutdown
2019-10-11 07:10:23,245 [ForkJoinPool.commonPool-worker-1] INFO  impl.RaftServerImpl (RaftServerImpl.java:lambda$shutdown$3(247)) - 0f24eb1f-961d-4620-8d5d-0b1f3f575a32@group-B0675D9502C4: shutdown
2019-10-11 07:10:23,245 [main] INFO  util.JmxRegister (JmxRegister.java:unregister(73)) - Successfully un-registered JMX Bean with object name Ratis:service=RaftServer,group=group-982829F90A63,id=0f24eb1f-961d-4620-8d5d-0b1f3f575a32
2019-10-11 07:10:23,246 [ForkJoinPool.commonPool-worker-1] INFO  util.JmxRegister (JmxRegister.java:unregister(73)) - Successfully un-registered JMX Bean with object name Ratis:service=RaftServer,group=group-B0675D9502C4,id=0f24eb1f-961d-4620-8d5d-0b1f3f575a32
2019-10-11 07:10:23,246 [main] INFO  impl.RoleInfo (RoleInfo.java:shutdownLeaderState(104)) - 0f24eb1f-961d-4620-8d5d-0b1f3f575a32: shutdown LeaderState
2019-10-11 07:10:23,246 [ForkJoinPool.commonPool-worker-1] INFO  impl.RoleInfo (RoleInfo.java:shutdownFollowerState(121)) - 0f24eb1f-961d-4620-8d5d-0b1f3f575a32: shutdown FollowerState
2019-10-11 07:10:23,247 [main] INFO  impl.PendingRequests (PendingRequests.java:sendNotLeaderResponses(202)) - 0f24eb1f-961d-4620-8d5d-0b1f3f575a32@group-982829F90A63-PendingRequests: sendNotLeaderResponses
2019-10-11 07:10:23,247 [Thread-1594] INFO  impl.FollowerState (FollowerState.java:run(117)) - 0f24eb1f-961d-4620-8d5d-0b1f3f575a32@group-B0675D9502C4-FollowerState was interrupted: java.lang.InterruptedException: sleep interrupted
2019-10-11 07:10:23,247 [ForkJoinPool.commonPool-worker-1] INFO  impl.StateMachineUpdater (StateMachineUpdater.java:stopAndJoin(136)) - 0f24eb1f-961d-4620-8d5d-0b1f3f575a32@group-B0675D9502C4-StateMachineUpdater: set stopIndex = 2
2019-10-11 07:10:23,247 [0f24eb1f-961d-4620-8d5d-0b1f3f575a32@group-B0675D9502C4-StateMachineUpdater] INFO  ratis.ContainerStateMachine (ContainerStateMachine.java:takeSnapshot(294)) - group-B0675D9502C4: Taking a snapshot at:(t:1, i:1) file /workdir/hadoop-ozone/integration-test/target/test-dir/MiniOzoneClusterImpl-85c8d926-9ea3-4b64-86e7-7cfbc5065fac/datanode-2/data/ratis/4b7d3e2b-a92f-4375-b350-b0675d9502c4/sm/snapshot.1_1
2019-10-11 07:10:23,251 [main] INFO  impl.StateMachineUpdater (StateMachineUpdater.java:stopAndJoin(136)) - 0f24eb1f-961d-4620-8d5d-0b1f3f575a32@group-982829F90A63-StateMachineUpdater: set stopIndex = 0
2019-10-11 07:10:23,251 [main] INFO  impl.RaftServerImpl (ServerState.java:close(387)) - 0f24eb1f-961d-4620-8d5d-0b1f3f575a32@group-982829F90A63: closes. applyIndex: 0
2019-10-11 07:10:23,252 [0f24eb1f-961d-4620-8d5d-0b1f3f575a32@group-982829F90A63-SegmentedRaftLogWorker] INFO  segmented.SegmentedRaftLogWorker (SegmentedRaftLogWorker.java:run(316)) - 0f24eb1f-961d-4620-8d5d-0b1f3f575a32@group-982829F90A63-SegmentedRaftLogWorker was interrupted, exiting. There are 0 tasks remaining in the queue.
2019-10-11 07:10:23,262 [main] INFO  segmented.SegmentedRaftLogWorker (SegmentedRaftLogWorker.java:close(224)) - 0f24eb1f-961d-4620-8d5d-0b1f3f575a32@group-982829F90A63-SegmentedRaftLogWorker close()
2019-10-11 07:10:23,284 [0f24eb1f-961d-4620-8d5d-0b1f3f575a32@group-B0675D9502C4-StateMachineUpdater] INFO  ratis.ContainerStateMachine (ContainerStateMachine.java:takeSnapshot(305)) - group-B0675D9502C4: Finished taking a snapshot at:(t:1, i:1) file:/workdir/hadoop-ozone/integration-test/target/test-dir/MiniOzoneClusterImpl-85c8d926-9ea3-4b64-86e7-7cfbc5065fac/datanode-2/data/ratis/4b7d3e2b-a92f-4375-b350-b0675d9502c4/sm/snapshot.1_1 time:37
2019-10-11 07:10:23,285 [0f24eb1f-961d-4620-8d5d-0b1f3f575a32@group-B0675D9502C4-StateMachineUpdater] INFO  impl.StateMachineUpdater (StateMachineUpdater.java:takeSnapshot(269)) - 0f24eb1f-961d-4620-8d5d-0b1f3f575a32@group-B0675D9502C4-StateMachineUpdater: Took a snapshot at index 1
2019-10-11 07:10:23,285 [0f24eb1f-961d-4620-8d5d-0b1f3f575a32@group-B0675D9502C4-StateMachineUpdater] INFO  impl.StateMachineUpdater (StateMachineUpdater.java:lambda$new$0(84)) - 0f24eb1f-961d-4620-8d5d-0b1f3f575a32@group-B0675D9502C4-StateMachineUpdater: snapshotIndex: updateIncreasingly -1 -> 1
2019-10-11 07:10:23,285 [0f24eb1f-961d-4620-8d5d-0b1f3f575a32@group-B0675D9502C4-StateMachineUpdater] INFO  ratis.ContainerStateMachine (ContainerStateMachine.java:takeSnapshot(294)) - group-B0675D9502C4: Taking a snapshot at:(t:1, i:1) file /workdir/hadoop-ozone/integration-test/target/test-dir/MiniOzoneClusterImpl-85c8d926-9ea3-4b64-86e7-7cfbc5065fac/datanode-2/data/ratis/4b7d3e2b-a92f-4375-b350-b0675d9502c4/sm/snapshot.1_1
2019-10-11 07:10:23,307 [0f24eb1f-961d-4620-8d5d-0b1f3f575a32@group-B0675D9502C4-StateMachineUpdater] INFO  ratis.ContainerStateMachine (ContainerStateMachine.java:takeSnapshot(305)) - group-B0675D9502C4: Finished taking a snapshot at:(t:1, i:1) file:/workdir/hadoop-ozone/integration-test/target/test-dir/MiniOzoneClusterImpl-85c8d926-9ea3-4b64-86e7-7cfbc5065fac/datanode-2/data/ratis/4b7d3e2b-a92f-4375-b350-b0675d9502c4/sm/snapshot.1_1 time:23
2019-10-11 07:10:23,308 [0f24eb1f-961d-4620-8d5d-0b1f3f575a32@group-B0675D9502C4-StateMachineUpdater] INFO  impl.StateMachineUpdater (StateMachineUpdater.java:takeSnapshot(269)) - 0f24eb1f-961d-4620-8d5d-0b1f3f575a32@group-B0675D9502C4-StateMachineUpdater: Took a snapshot at index 1
2019-10-11 07:10:23,308 [0f24eb1f-961d-4620-8d5d-0b1f3f575a32@group-B0675D9502C4-StateMachineUpdater] INFO  impl.StateMachineUpdater (StateMachineUpdater.java:lambda$new$0(84)) - 0f24eb1f-961d-4620-8d5d-0b1f3f575a32@group-B0675D9502C4-StateMachineUpdater: snapshotIndex: updateIncreasingly 1 -> 1
2019-10-11 07:10:23,308 [ForkJoinPool.commonPool-worker-1] INFO  impl.RaftServerImpl (ServerState.java:close(387)) - 0f24eb1f-961d-4620-8d5d-0b1f3f575a32@group-B0675D9502C4: closes. applyIndex: 2
2019-10-11 07:10:23,309 [0f24eb1f-961d-4620-8d5d-0b1f3f575a32@group-B0675D9502C4-SegmentedRaftLogWorker] INFO  segmented.SegmentedRaftLogWorker (SegmentedRaftLogWorker.java:run(316)) - 0f24eb1f-961d-4620-8d5d-0b1f3f575a32@group-B0675D9502C4-SegmentedRaftLogWorker was interrupted, exiting. There are 0 tasks remaining in the queue.
2019-10-11 07:10:23,311 [ForkJoinPool.commonPool-worker-1] INFO  segmented.SegmentedRaftLogWorker (SegmentedRaftLogWorker.java:close(224)) - 0f24eb1f-961d-4620-8d5d-0b1f3f575a32@group-B0675D9502C4-SegmentedRaftLogWorker close()
2019-10-11 07:10:23,316 [main] INFO  server.GrpcService (GrpcService.java:closeImpl(164)) - 0f24eb1f-961d-4620-8d5d-0b1f3f575a32: shutdown server with port 41020 now
2019-10-11 07:10:23,318 [main] INFO  server.GrpcService (GrpcService.java:closeImpl(172)) - 0f24eb1f-961d-4620-8d5d-0b1f3f575a32: shutdown server with port 41020 successfully
2019-10-11 07:10:23,319 [grpc-default-executor-1] WARN  server.GrpcLogAppender (LogUtils.java:warn(134)) - b8d03a4d-e915-4eff-b2e5-95cc028c1e9d@group-B0675D9502C4->0f24eb1f-961d-4620-8d5d-0b1f3f575a32-AppendLogResponseHandler: Failed appendEntries: org.apache.ratis.thirdparty.io.grpc.StatusRuntimeException: CANCELLED: HTTP/2 error code: CANCEL
Received Rst Stream
2019-10-11 07:10:23,318 [grpc-default-executor-3] WARN  server.GrpcServerProtocolService (LogUtils.java:warn(134)) - 0f24eb1f-961d-4620-8d5d-0b1f3f575a32: installSnapshot onError, lastRequest: b8d03a4d-e915-4eff-b2e5-95cc028c1e9d->0f24eb1f-961d-4620-8d5d-0b1f3f575a32#15-t1, previous=(t:1, i:2), leaderCommit=2, initializing? false, entries: <empty>: org.apache.ratis.thirdparty.io.grpc.StatusRuntimeException: CANCELLED: cancelled before receiving half close
2019-10-11 07:10:23,319 [grpc-default-executor-1] INFO  impl.FollowerInfo (FollowerInfo.java:lambda$new$0(51)) - b8d03a4d-e915-4eff-b2e5-95cc028c1e9d@group-B0675D9502C4->0f24eb1f-961d-4620-8d5d-0b1f3f575a32: nextIndex: updateUnconditionally 3 -> 2
2019-10-11 07:10:23,323 [refreshUsed-/workdir/hadoop-ozone/integration-test/target/test-dir/MiniOzoneClusterImpl-85c8d926-9ea3-4b64-86e7-7cfbc5065fac/datanode-2/data/containers] WARN  fs.CachingGetSpaceUsed (CachingGetSpaceUsed.java:run(183)) - Thread Interrupted waiting to refresh disk information: sleep interrupted
2019-10-11 07:10:23,345 [main] INFO  utils.BackgroundService (BackgroundService.java:shutdown(151)) - Shutting down service BlockDeletingService
2019-10-11 07:10:23,350 [main] INFO  statemachine.DatanodeStateMachine (DatanodeStateMachine.java:stopDaemon(395)) - Ozone container server stopped.
2019-10-11 07:10:23,352 [main] INFO  handler.ContextHandler (ContextHandler.java:doStop(910)) - Stopped o.e.j.w.WebAppContext@19fd43da{/,null,UNAVAILABLE}{/hddsDatanode}
2019-10-11 07:10:23,352 [main] INFO  server.AbstractConnector (AbstractConnector.java:doStop(318)) - Stopped ServerConnector@115dcaea{HTTP/1.1,[http/1.1]}{0.0.0.0:0}
2019-10-11 07:10:23,353 [main] INFO  handler.ContextHandler (ContextHandler.java:doStop(910)) - Stopped o.e.j.s.ServletContextHandler@7fedb795{/static,jar:file:/home/user/.m2/repository/org/apache/hadoop/hadoop-hdds-container-service/0.5.0-SNAPSHOT/hadoop-hdds-container-service-0.5.0-SNAPSHOT.jar!/webapps/static,UNAVAILABLE}
2019-10-11 07:10:23,353 [main] INFO  handler.ContextHandler (ContextHandler.java:doStop(910)) - Stopped o.e.j.s.ServletContextHandler@79e7188e{/logs,file:///workdir/hadoop-ozone/integration-test/target/log,UNAVAILABLE}
2019-10-11 07:10:24,231 [Datanode State Machine Thread - 0] INFO  statemachine.DatanodeStateMachine (DatanodeStateMachine.java:lambda$startDaemon$0(350)) - Ozone container server started.
2019-10-11 07:10:25,592 [grpc-default-executor-7] WARN  server.GrpcLogAppender (LogUtils.java:warn(134)) - b8d03a4d-e915-4eff-b2e5-95cc028c1e9d@group-B0675D9502C4->0f24eb1f-961d-4620-8d5d-0b1f3f575a32-AppendLogResponseHandler: Failed appendEntries: org.apache.ratis.thirdparty.io.grpc.StatusRuntimeException: UNAVAILABLE: io exception
2019-10-11 07:10:25,593 [grpc-default-executor-7] INFO  impl.FollowerInfo (FollowerInfo.java:lambda$new$0(51)) - b8d03a4d-e915-4eff-b2e5-95cc028c1e9d@group-B0675D9502C4->0f24eb1f-961d-4620-8d5d-0b1f3f575a32: nextIndex: updateUnconditionally 2 -> 1
2019-10-11 07:10:28,101 [grpc-default-executor-3] WARN  server.GrpcLogAppender (LogUtils.java:warn(134)) - b8d03a4d-e915-4eff-b2e5-95cc028c1e9d@group-B0675D9502C4->0f24eb1f-961d-4620-8d5d-0b1f3f575a32-AppendLogResponseHandler: Failed appendEntries: org.apache.ratis.thirdparty.io.grpc.StatusRuntimeException: UNAVAILABLE: io exception
2019-10-11 07:10:28,102 [grpc-default-executor-3] INFO  impl.FollowerInfo (FollowerInfo.java:lambda$new$0(51)) - b8d03a4d-e915-4eff-b2e5-95cc028c1e9d@group-B0675D9502C4->0f24eb1f-961d-4620-8d5d-0b1f3f575a32: nextIndex: updateUnconditionally 1 -> 0
2019-10-11 07:10:28,356 [main] INFO  ozoneimpl.OzoneContainer (OzoneContainer.java:stop(227)) - Attempting to stop container services.
2019-10-11 07:10:28,357 [main] INFO  impl.RaftServerProxy (RaftServerProxy.java:lambda$close$4(314)) - 58d7d782-e238-4c9b-b037-a54f89fdb2a5: close
2019-10-11 07:10:28,358 [main] INFO  impl.RaftServerImpl (RaftServerImpl.java:lambda$shutdown$3(247)) - 58d7d782-e238-4c9b-b037-a54f89fdb2a5@group-346A59803FD3: shutdown
2019-10-11 07:10:28,358 [ForkJoinPool.commonPool-worker-0] INFO  impl.RaftServerImpl (RaftServerImpl.java:lambda$shutdown$3(247)) - 58d7d782-e238-4c9b-b037-a54f89fdb2a5@group-B0675D9502C4: shutdown
2019-10-11 07:10:28,359 [main] INFO  util.JmxRegister (JmxRegister.java:unregister(73)) - Successfully un-registered JMX Bean with object name Ratis:service=RaftServer,group=group-346A59803FD3,id=58d7d782-e238-4c9b-b037-a54f89fdb2a5
2019-10-11 07:10:28,359 [ForkJoinPool.commonPool-worker-0] INFO  util.JmxRegister (JmxRegister.java:unregister(73)) - Successfully un-registered JMX Bean with object name Ratis:service=RaftServer,group=group-B0675D9502C4,id=58d7d782-e238-4c9b-b037-a54f89fdb2a5
2019-10-11 07:10:28,359 [main] INFO  impl.RoleInfo (RoleInfo.java:shutdownLeaderState(104)) - 58d7d782-e238-4c9b-b037-a54f89fdb2a5: shutdown LeaderState
2019-10-11 07:10:28,360 [ForkJoinPool.commonPool-worker-0] INFO  impl.RoleInfo (RoleInfo.java:shutdownFollowerState(121)) - 58d7d782-e238-4c9b-b037-a54f89fdb2a5: shutdown FollowerState
2019-10-11 07:10:28,360 [main] INFO  impl.PendingRequests (PendingRequests.java:sendNotLeaderResponses(202)) - 58d7d782-e238-4c9b-b037-a54f89fdb2a5@group-346A59803FD3-PendingRequests: sendNotLeaderResponses
2019-10-11 07:10:28,360 [Thread-1584] INFO  impl.FollowerState (FollowerState.java:run(117)) - 58d7d782-e238-4c9b-b037-a54f89fdb2a5@group-B0675D9502C4-FollowerState was interrupted: java.lang.InterruptedException: sleep interrupted
2019-10-11 07:10:28,360 [ForkJoinPool.commonPool-worker-0] INFO  impl.StateMachineUpdater (StateMachineUpdater.java:stopAndJoin(136)) - 58d7d782-e238-4c9b-b037-a54f89fdb2a5@group-B0675D9502C4-StateMachineUpdater: set stopIndex = 2
2019-10-11 07:10:28,361 [58d7d782-e238-4c9b-b037-a54f89fdb2a5@group-B0675D9502C4-StateMachineUpdater] INFO  ratis.ContainerStateMachine (ContainerStateMachine.java:takeSnapshot(294)) - group-B0675D9502C4: Taking a snapshot at:(t:1, i:1) file /workdir/hadoop-ozone/integration-test/target/test-dir/MiniOzoneClusterImpl-85c8d926-9ea3-4b64-86e7-7cfbc5065fac/datanode-0/data/ratis/4b7d3e2b-a92f-4375-b350-b0675d9502c4/sm/snapshot.1_1
2019-10-11 07:10:28,363 [main] INFO  impl.StateMachineUpdater (StateMachineUpdater.java:stopAndJoin(136)) - 58d7d782-e238-4c9b-b037-a54f89fdb2a5@group-346A59803FD3-StateMachineUpdater: set stopIndex = 0
2019-10-11 07:10:28,364 [main] INFO  impl.RaftServerImpl (ServerState.java:close(387)) - 58d7d782-e238-4c9b-b037-a54f89fdb2a5@group-346A59803FD3: closes. applyIndex: 0
2019-10-11 07:10:28,365 [58d7d782-e238-4c9b-b037-a54f89fdb2a5@group-346A59803FD3-SegmentedRaftLogWorker] INFO  segmented.SegmentedRaftLogWorker (SegmentedRaftLogWorker.java:run(316)) - 58d7d782-e238-4c9b-b037-a54f89fdb2a5@group-346A59803FD3-SegmentedRaftLogWorker was interrupted, exiting. There are 0 tasks remaining in the queue.
2019-10-11 07:10:28,366 [main] INFO  segmented.SegmentedRaftLogWorker (SegmentedRaftLogWorker.java:close(224)) - 58d7d782-e238-4c9b-b037-a54f89fdb2a5@group-346A59803FD3-SegmentedRaftLogWorker close()
2019-10-11 07:10:28,387 [58d7d782-e238-4c9b-b037-a54f89fdb2a5@group-B0675D9502C4-StateMachineUpdater] INFO  ratis.ContainerStateMachine (ContainerStateMachine.java:takeSnapshot(305)) - group-B0675D9502C4: Finished taking a snapshot at:(t:1, i:1) file:/workdir/hadoop-ozone/integration-test/target/test-dir/MiniOzoneClusterImpl-85c8d926-9ea3-4b64-86e7-7cfbc5065fac/datanode-0/data/ratis/4b7d3e2b-a92f-4375-b350-b0675d9502c4/sm/snapshot.1_1 time:26
2019-10-11 07:10:28,387 [58d7d782-e238-4c9b-b037-a54f89fdb2a5@group-B0675D9502C4-StateMachineUpdater] INFO  impl.StateMachineUpdater (StateMachineUpdater.java:takeSnapshot(269)) - 58d7d782-e238-4c9b-b037-a54f89fdb2a5@group-B0675D9502C4-StateMachineUpdater: Took a snapshot at index 1
2019-10-11 07:10:28,387 [58d7d782-e238-4c9b-b037-a54f89fdb2a5@group-B0675D9502C4-StateMachineUpdater] INFO  impl.StateMachineUpdater (StateMachineUpdater.java:lambda$new$0(84)) - 58d7d782-e238-4c9b-b037-a54f89fdb2a5@group-B0675D9502C4-StateMachineUpdater: snapshotIndex: updateIncreasingly -1 -> 1
2019-10-11 07:10:28,388 [58d7d782-e238-4c9b-b037-a54f89fdb2a5@group-B0675D9502C4-StateMachineUpdater] INFO  ratis.ContainerStateMachine (ContainerStateMachine.java:takeSnapshot(294)) - group-B0675D9502C4: Taking a snapshot at:(t:1, i:1) file /workdir/hadoop-ozone/integration-test/target/test-dir/MiniOzoneClusterImpl-85c8d926-9ea3-4b64-86e7-7cfbc5065fac/datanode-0/data/ratis/4b7d3e2b-a92f-4375-b350-b0675d9502c4/sm/snapshot.1_1
2019-10-11 07:10:28,410 [58d7d782-e238-4c9b-b037-a54f89fdb2a5@group-B0675D9502C4-StateMachineUpdater] INFO  ratis.ContainerStateMachine (ContainerStateMachine.java:takeSnapshot(305)) - group-B0675D9502C4: Finished taking a snapshot at:(t:1, i:1) file:/workdir/hadoop-ozone/integration-test/target/test-dir/MiniOzoneClusterImpl-85c8d926-9ea3-4b64-86e7-7cfbc5065fac/datanode-0/data/ratis/4b7d3e2b-a92f-4375-b350-b0675d9502c4/sm/snapshot.1_1 time:23
2019-10-11 07:10:28,411 [58d7d782-e238-4c9b-b037-a54f89fdb2a5@group-B0675D9502C4-StateMachineUpdater] INFO  impl.StateMachineUpdater (StateMachineUpdater.java:takeSnapshot(269)) - 58d7d782-e238-4c9b-b037-a54f89fdb2a5@group-B0675D9502C4-StateMachineUpdater: Took a snapshot at index 1
2019-10-11 07:10:28,411 [58d7d782-e238-4c9b-b037-a54f89fdb2a5@group-B0675D9502C4-StateMachineUpdater] INFO  impl.StateMachineUpdater (StateMachineUpdater.java:lambda$new$0(84)) - 58d7d782-e238-4c9b-b037-a54f89fdb2a5@group-B0675D9502C4-StateMachineUpdater: snapshotIndex: updateIncreasingly 1 -> 1
2019-10-11 07:10:28,411 [ForkJoinPool.commonPool-worker-0] INFO  impl.RaftServerImpl (ServerState.java:close(387)) - 58d7d782-e238-4c9b-b037-a54f89fdb2a5@group-B0675D9502C4: closes. applyIndex: 2
2019-10-11 07:10:28,412 [58d7d782-e238-4c9b-b037-a54f89fdb2a5@group-B0675D9502C4-SegmentedRaftLogWorker] INFO  segmented.SegmentedRaftLogWorker (SegmentedRaftLogWorker.java:run(316)) - 58d7d782-e238-4c9b-b037-a54f89fdb2a5@group-B0675D9502C4-SegmentedRaftLogWorker was interrupted, exiting. There are 0 tasks remaining in the queue.
2019-10-11 07:10:28,414 [ForkJoinPool.commonPool-worker-0] INFO  segmented.SegmentedRaftLogWorker (SegmentedRaftLogWorker.java:close(224)) - 58d7d782-e238-4c9b-b037-a54f89fdb2a5@group-B0675D9502C4-SegmentedRaftLogWorker close()
2019-10-11 07:10:28,417 [main] INFO  server.GrpcService (GrpcService.java:closeImpl(164)) - 58d7d782-e238-4c9b-b037-a54f89fdb2a5: shutdown server with port 35497 now
2019-10-11 07:10:28,418 [grpc-default-executor-7] WARN  server.GrpcServerProtocolService (LogUtils.java:warn(134)) - 58d7d782-e238-4c9b-b037-a54f89fdb2a5: installSnapshot onError, lastRequest: b8d03a4d-e915-4eff-b2e5-95cc028c1e9d->58d7d782-e238-4c9b-b037-a54f89fdb2a5#17-t1, previous=(t:1, i:2), leaderCommit=2, initializing? false, entries: <empty>: org.apache.ratis.thirdparty.io.grpc.StatusRuntimeException: CANCELLED: cancelled before receiving half close
2019-10-11 07:10:28,418 [grpc-default-executor-1] WARN  server.GrpcLogAppender (LogUtils.java:warn(134)) - b8d03a4d-e915-4eff-b2e5-95cc028c1e9d@group-B0675D9502C4->58d7d782-e238-4c9b-b037-a54f89fdb2a5-AppendLogResponseHandler: Failed appendEntries: org.apache.ratis.thirdparty.io.grpc.StatusRuntimeException: CANCELLED: HTTP/2 error code: CANCEL
Received Rst Stream
2019-10-11 07:10:28,418 [main] INFO  server.GrpcService (GrpcService.java:closeImpl(172)) - 58d7d782-e238-4c9b-b037-a54f89fdb2a5: shutdown server with port 35497 successfully
2019-10-11 07:10:28,420 [grpc-default-executor-1] INFO  impl.FollowerInfo (FollowerInfo.java:lambda$new$0(51)) - b8d03a4d-e915-4eff-b2e5-95cc028c1e9d@group-B0675D9502C4->58d7d782-e238-4c9b-b037-a54f89fdb2a5: nextIndex: updateUnconditionally 3 -> 2
2019-10-11 07:10:28,423 [refreshUsed-/workdir/hadoop-ozone/integration-test/target/test-dir/MiniOzoneClusterImpl-85c8d926-9ea3-4b64-86e7-7cfbc5065fac/datanode-0/data/containers] WARN  fs.CachingGetSpaceUsed (CachingGetSpaceUsed.java:run(183)) - Thread Interrupted waiting to refresh disk information: sleep interrupted
2019-10-11 07:10:28,443 [main] INFO  utils.BackgroundService (BackgroundService.java:shutdown(151)) - Shutting down service BlockDeletingService
2019-10-11 07:10:28,458 [main] INFO  statemachine.DatanodeStateMachine (DatanodeStateMachine.java:stopDaemon(395)) - Ozone container server stopped.
2019-10-11 07:10:28,459 [main] INFO  handler.ContextHandler (ContextHandler.java:doStop(910)) - Stopped o.e.j.w.WebAppContext@4d7a64ca{/,null,UNAVAILABLE}{/hddsDatanode}
2019-10-11 07:10:28,460 [main] INFO  server.AbstractConnector (AbstractConnector.java:doStop(318)) - Stopped ServerConnector@76ff68c5{HTTP/1.1,[http/1.1]}{0.0.0.0:0}
2019-10-11 07:10:28,460 [main] INFO  handler.ContextHandler (ContextHandler.java:doStop(910)) - Stopped o.e.j.s.ServletContextHandler@4f379769{/static,jar:file:/home/user/.m2/repository/org/apache/hadoop/hadoop-hdds-container-service/0.5.0-SNAPSHOT/hadoop-hdds-container-service-0.5.0-SNAPSHOT.jar!/webapps/static,UNAVAILABLE}
2019-10-11 07:10:28,461 [main] INFO  handler.ContextHandler (ContextHandler.java:doStop(910)) - Stopped o.e.j.s.ServletContextHandler@664632e9{/logs,file:///workdir/hadoop-ozone/integration-test/target/log,UNAVAILABLE}
2019-10-11 07:10:30,602 [grpc-default-executor-3] WARN  server.GrpcLogAppender (LogUtils.java:warn(134)) - b8d03a4d-e915-4eff-b2e5-95cc028c1e9d@group-B0675D9502C4->0f24eb1f-961d-4620-8d5d-0b1f3f575a32-AppendLogResponseHandler: Failed appendEntries: org.apache.ratis.thirdparty.io.grpc.StatusRuntimeException: UNAVAILABLE: io exception
2019-10-11 07:10:30,604 [grpc-default-executor-3] INFO  impl.FollowerInfo (FollowerInfo.java:lambda$new$0(51)) - b8d03a4d-e915-4eff-b2e5-95cc028c1e9d@group-B0675D9502C4->0f24eb1f-961d-4620-8d5d-0b1f3f575a32: nextIndex: updateUnconditionally 0 -> 0
2019-10-11 07:10:30,605 [grpc-default-executor-7] WARN  server.GrpcLogAppender (LogUtils.java:warn(134)) - b8d03a4d-e915-4eff-b2e5-95cc028c1e9d@group-B0675D9502C4->58d7d782-e238-4c9b-b037-a54f89fdb2a5-AppendLogResponseHandler: Failed appendEntries: org.apache.ratis.thirdparty.io.grpc.StatusRuntimeException: UNAVAILABLE: io exception
2019-10-11 07:10:30,606 [grpc-default-executor-7] INFO  impl.FollowerInfo (FollowerInfo.java:lambda$new$0(51)) - b8d03a4d-e915-4eff-b2e5-95cc028c1e9d@group-B0675D9502C4->58d7d782-e238-4c9b-b037-a54f89fdb2a5: nextIndex: updateUnconditionally 2 -> 1
2019-10-11 07:10:33,108 [grpc-default-executor-7] WARN  server.GrpcLogAppender (LogUtils.java:warn(134)) - b8d03a4d-e915-4eff-b2e5-95cc028c1e9d@group-B0675D9502C4->0f24eb1f-961d-4620-8d5d-0b1f3f575a32-AppendLogResponseHandler: Failed appendEntries: org.apache.ratis.thirdparty.io.grpc.StatusRuntimeException: UNAVAILABLE: io exception
2019-10-11 07:10:33,108 [grpc-default-executor-3] WARN  server.GrpcLogAppender (LogUtils.java:warn(134)) - b8d03a4d-e915-4eff-b2e5-95cc028c1e9d@group-B0675D9502C4->58d7d782-e238-4c9b-b037-a54f89fdb2a5-AppendLogResponseHandler: Failed appendEntries: org.apache.ratis.thirdparty.io.grpc.StatusRuntimeException: UNAVAILABLE: io exception
2019-10-11 07:10:33,109 [grpc-default-executor-7] INFO  impl.FollowerInfo (FollowerInfo.java:lambda$new$0(51)) - b8d03a4d-e915-4eff-b2e5-95cc028c1e9d@group-B0675D9502C4->0f24eb1f-961d-4620-8d5d-0b1f3f575a32: nextIndex: updateUnconditionally 0 -> 0
2019-10-11 07:10:33,109 [grpc-default-executor-3] INFO  impl.FollowerInfo (FollowerInfo.java:lambda$new$0(51)) - b8d03a4d-e915-4eff-b2e5-95cc028c1e9d@group-B0675D9502C4->58d7d782-e238-4c9b-b037-a54f89fdb2a5: nextIndex: updateUnconditionally 1 -> 0
2019-10-11 07:10:35,614 [grpc-default-executor-9] WARN  server.GrpcLogAppender (LogUtils.java:warn(134)) - b8d03a4d-e915-4eff-b2e5-95cc028c1e9d@group-B0675D9502C4->58d7d782-e238-4c9b-b037-a54f89fdb2a5-AppendLogResponseHandler: Failed appendEntries: org.apache.ratis.thirdparty.io.grpc.StatusRuntimeException: UNAVAILABLE: io exception
2019-10-11 07:10:35,614 [grpc-default-executor-8] WARN  server.GrpcLogAppender (LogUtils.java:warn(134)) - b8d03a4d-e915-4eff-b2e5-95cc028c1e9d@group-B0675D9502C4->0f24eb1f-961d-4620-8d5d-0b1f3f575a32-AppendLogResponseHandler: Failed appendEntries: org.apache.ratis.thirdparty.io.grpc.StatusRuntimeException: UNAVAILABLE: io exception
2019-10-11 07:10:35,615 [grpc-default-executor-9] INFO  impl.FollowerInfo (FollowerInfo.java:lambda$new$0(51)) - b8d03a4d-e915-4eff-b2e5-95cc028c1e9d@group-B0675D9502C4->58d7d782-e238-4c9b-b037-a54f89fdb2a5: nextIndex: updateUnconditionally 0 -> 0
2019-10-11 07:10:35,615 [grpc-default-executor-8] INFO  impl.FollowerInfo (FollowerInfo.java:lambda$new$0(51)) - b8d03a4d-e915-4eff-b2e5-95cc028c1e9d@group-B0675D9502C4->0f24eb1f-961d-4620-8d5d-0b1f3f575a32: nextIndex: updateUnconditionally 0 -> 0
2019-10-11 07:10:38,129 [grpc-default-executor-8] WARN  server.GrpcLogAppender (LogUtils.java:warn(134)) - b8d03a4d-e915-4eff-b2e5-95cc028c1e9d@group-B0675D9502C4->0f24eb1f-961d-4620-8d5d-0b1f3f575a32-AppendLogResponseHandler: Failed appendEntries: org.apache.ratis.thirdparty.io.grpc.StatusRuntimeException: UNAVAILABLE: io exception
2019-10-11 07:10:38,129 [grpc-default-executor-3] WARN  server.GrpcLogAppender (LogUtils.java:warn(134)) - b8d03a4d-e915-4eff-b2e5-95cc028c1e9d@group-B0675D9502C4->58d7d782-e238-4c9b-b037-a54f89fdb2a5-AppendLogResponseHandler: Failed appendEntries: org.apache.ratis.thirdparty.io.grpc.StatusRuntimeException: UNAVAILABLE: io exception
2019-10-11 07:10:38,130 [grpc-default-executor-8] INFO  impl.FollowerInfo (FollowerInfo.java:lambda$new$0(51)) - b8d03a4d-e915-4eff-b2e5-95cc028c1e9d@group-B0675D9502C4->0f24eb1f-961d-4620-8d5d-0b1f3f575a32: nextIndex: updateUnconditionally 0 -> 0
2019-10-11 07:10:38,130 [grpc-default-executor-3] INFO  impl.FollowerInfo (FollowerInfo.java:lambda$new$0(51)) - b8d03a4d-e915-4eff-b2e5-95cc028c1e9d@group-B0675D9502C4->58d7d782-e238-4c9b-b037-a54f89fdb2a5: nextIndex: updateUnconditionally 0 -> 0
2019-10-11 07:10:38,683 [Thread-1736] INFO  client.GrpcClientProtocolService (GrpcClientProtocolService.java:lambda$processClientRequest$0(278)) - Failed RaftClientRequest:client-138BFCD2F6DE->b8d03a4d-e915-4eff-b2e5-95cc028c1e9d@group-B0675D9502C4, cid=67, seq=0, Watch-ALL_COMMITTED(63), Message:<EMPTY>, reply=RaftClientReply:client-138BFCD2F6DE->b8d03a4d-e915-4eff-b2e5-95cc028c1e9d@group-B0675D9502C4, cid=67, FAILED org.apache.ratis.protocol.NotReplicatedException: Request with call Id 67 and log index 63 is not yet replicated to ALL_COMMITTED, logIndex=63, commits[b8d03a4d-e915-4eff-b2e5-95cc028c1e9d:c2, 58d7d782-e238-4c9b-b037-a54f89fdb2a5:c2, 0f24eb1f-961d-4620-8d5d-0b1f3f575a32:c2]
2019-10-11 07:10:40,639 [grpc-default-executor-8] WARN  server.GrpcLogAppender (LogUtils.java:warn(134)) - b8d03a4d-e915-4eff-b2e5-95cc028c1e9d@group-B0675D9502C4->58d7d782-e238-4c9b-b037-a54f89fdb2a5-AppendLogResponseHandler: Failed appendEntries: org.apache.ratis.thirdparty.io.grpc.StatusRuntimeException: UNAVAILABLE: io exception
2019-10-11 07:10:40,639 [grpc-default-executor-3] WARN  server.GrpcLogAppender (LogUtils.java:warn(134)) - b8d03a4d-e915-4eff-b2e5-95cc028c1e9d@group-B0675D9502C4->0f24eb1f-961d-4620-8d5d-0b1f3f575a32-AppendLogResponseHandler: Failed appendEntries: org.apache.ratis.thirdparty.io.grpc.StatusRuntimeException: UNAVAILABLE: io exception
2019-10-11 07:10:40,639 [grpc-default-executor-8] INFO  impl.FollowerInfo (FollowerInfo.java:lambda$new$0(51)) - b8d03a4d-e915-4eff-b2e5-95cc028c1e9d@group-B0675D9502C4->58d7d782-e238-4c9b-b037-a54f89fdb2a5: nextIndex: updateUnconditionally 0 -> 0
2019-10-11 07:10:40,639 [grpc-default-executor-3] INFO  impl.FollowerInfo (FollowerInfo.java:lambda$new$0(51)) - b8d03a4d-e915-4eff-b2e5-95cc028c1e9d@group-B0675D9502C4->0f24eb1f-961d-4620-8d5d-0b1f3f575a32: nextIndex: updateUnconditionally 0 -> 0
2019-10-11 07:10:43,144 [grpc-default-executor-6] WARN  server.GrpcLogAppender (LogUtils.java:warn(134)) - b8d03a4d-e915-4eff-b2e5-95cc028c1e9d@group-B0675D9502C4->0f24eb1f-961d-4620-8d5d-0b1f3f575a32-AppendLogResponseHandler: Failed appendEntries: org.apache.ratis.thirdparty.io.grpc.StatusRuntimeException: UNAVAILABLE: io exception
2019-10-11 07:10:43,144 [grpc-default-executor-7] WARN  server.GrpcLogAppender (LogUtils.java:warn(134)) - b8d03a4d-e915-4eff-b2e5-95cc028c1e9d@group-B0675D9502C4->58d7d782-e238-4c9b-b037-a54f89fdb2a5-AppendLogResponseHandler: Failed appendEntries: org.apache.ratis.thirdparty.io.grpc.StatusRuntimeException: UNAVAILABLE: io exception
2019-10-11 07:10:43,145 [grpc-default-executor-6] INFO  impl.FollowerInfo (FollowerInfo.java:lambda$new$0(51)) - b8d03a4d-e915-4eff-b2e5-95cc028c1e9d@group-B0675D9502C4->0f24eb1f-961d-4620-8d5d-0b1f3f575a32: nextIndex: updateUnconditionally 0 -> 0
2019-10-11 07:10:43,145 [grpc-default-executor-7] INFO  impl.FollowerInfo (FollowerInfo.java:lambda$new$0(51)) - b8d03a4d-e915-4eff-b2e5-95cc028c1e9d@group-B0675D9502C4->58d7d782-e238-4c9b-b037-a54f89fdb2a5: nextIndex: updateUnconditionally 0 -> 0
2019-10-11 07:10:45,650 [grpc-default-executor-6] WARN  server.GrpcLogAppender (LogUtils.java:warn(134)) - b8d03a4d-e915-4eff-b2e5-95cc028c1e9d@group-B0675D9502C4->0f24eb1f-961d-4620-8d5d-0b1f3f575a32-AppendLogResponseHandler: Failed appendEntries: org.apache.ratis.thirdparty.io.grpc.StatusRuntimeException: UNAVAILABLE: io exception
2019-10-11 07:10:45,651 [grpc-default-executor-3] WARN  server.GrpcLogAppender (LogUtils.java:warn(134)) - b8d03a4d-e915-4eff-b2e5-95cc028c1e9d@group-B0675D9502C4->58d7d782-e238-4c9b-b037-a54f89fdb2a5-AppendLogResponseHandler: Failed appendEntries: org.apache.ratis.thirdparty.io.grpc.StatusRuntimeException: UNAVAILABLE: io exception
2019-10-11 07:10:45,652 [grpc-default-executor-6] INFO  impl.FollowerInfo (FollowerInfo.java:lambda$new$0(51)) - b8d03a4d-e915-4eff-b2e5-95cc028c1e9d@group-B0675D9502C4->0f24eb1f-961d-4620-8d5d-0b1f3f575a32: nextIndex: updateUnconditionally 0 -> 0
2019-10-11 07:10:45,652 [grpc-default-executor-3] INFO  impl.FollowerInfo (FollowerInfo.java:lambda$new$0(51)) - b8d03a4d-e915-4eff-b2e5-95cc028c1e9d@group-B0675D9502C4->58d7d782-e238-4c9b-b037-a54f89fdb2a5: nextIndex: updateUnconditionally 0 -> 0
2019-10-11 07:10:48,151 [grpc-default-executor-3] WARN  server.GrpcLogAppender (LogUtils.java:warn(134)) - b8d03a4d-e915-4eff-b2e5-95cc028c1e9d@group-B0675D9502C4->0f24eb1f-961d-4620-8d5d-0b1f3f575a32-AppendLogResponseHandler: Failed appendEntries: org.apache.ratis.thirdparty.io.grpc.StatusRuntimeException: UNAVAILABLE: io exception
2019-10-11 07:10:48,151 [grpc-default-executor-7] WARN  server.GrpcLogAppender (LogUtils.java:warn(134)) - b8d03a4d-e915-4eff-b2e5-95cc028c1e9d@group-B0675D9502C4->58d7d782-e238-4c9b-b037-a54f89fdb2a5-AppendLogResponseHandler: Failed appendEntries: org.apache.ratis.thirdparty.io.grpc.StatusRuntimeException: UNAVAILABLE: io exception
2019-10-11 07:10:48,152 [grpc-default-executor-3] INFO  impl.FollowerInfo (FollowerInfo.java:lambda$new$0(51)) - b8d03a4d-e915-4eff-b2e5-95cc028c1e9d@group-B0675D9502C4->0f24eb1f-961d-4620-8d5d-0b1f3f575a32: nextIndex: updateUnconditionally 0 -> 0
2019-10-11 07:10:48,152 [grpc-default-executor-7] INFO  impl.FollowerInfo (FollowerInfo.java:lambda$new$0(51)) - b8d03a4d-e915-4eff-b2e5-95cc028c1e9d@group-B0675D9502C4->58d7d782-e238-4c9b-b037-a54f89fdb2a5: nextIndex: updateUnconditionally 0 -> 0
2019-10-11 07:10:48,464 [main] WARN  scm.XceiverClientRatis (XceiverClientRatis.java:watchForCommit(277)) - 3 way commit failed on pipeline Pipeline[ Id: 4b7d3e2b-a92f-4375-b350-b0675d9502c4, Nodes: 0f24eb1f-961d-4620-8d5d-0b1f3f575a32{ip: 192.168.164.209, host: pr-hdds-2206-npvv8-3563359771, networkLocation: /default-rack, certSerialId: null}58d7d782-e238-4c9b-b037-a54f89fdb2a5{ip: 192.168.164.209, host: pr-hdds-2206-npvv8-3563359771, networkLocation: /default-rack, certSerialId: null}b8d03a4d-e915-4eff-b2e5-95cc028c1e9d{ip: 192.168.164.209, host: pr-hdds-2206-npvv8-3563359771, networkLocation: /default-rack, certSerialId: null}, Type:RATIS, Factor:THREE, State:OPEN]
java.util.concurrent.TimeoutException
	at java.util.concurrent.CompletableFuture.timedGet(CompletableFuture.java:1771)
	at java.util.concurrent.CompletableFuture.get(CompletableFuture.java:1915)
	at org.apache.hadoop.hdds.scm.XceiverClientRatis.watchForCommit(XceiverClientRatis.java:274)
	at org.apache.hadoop.ozone.client.rpc.TestWatchForCommit.testWatchForCommitForRetryfailure(TestWatchForCommit.java:345)
	at sun.reflect.NativeMethodAccessorImpl.invoke0(Native Method)
	at sun.reflect.NativeMethodAccessorImpl.invoke(NativeMethodAccessorImpl.java:62)
	at sun.reflect.DelegatingMethodAccessorImpl.invoke(DelegatingMethodAccessorImpl.java:43)
	at java.lang.reflect.Method.invoke(Method.java:498)
	at org.junit.runners.model.FrameworkMethod$1.runReflectiveCall(FrameworkMethod.java:47)
	at org.junit.internal.runners.model.ReflectiveCallable.run(ReflectiveCallable.java:12)
	at org.junit.runners.model.FrameworkMethod.invokeExplosively(FrameworkMethod.java:44)
	at org.junit.internal.runners.statements.InvokeMethod.evaluate(InvokeMethod.java:17)
	at org.junit.runners.ParentRunner.runLeaf(ParentRunner.java:271)
	at org.junit.runners.BlockJUnit4ClassRunner.runChild(BlockJUnit4ClassRunner.java:70)
	at org.junit.runners.BlockJUnit4ClassRunner.runChild(BlockJUnit4ClassRunner.java:50)
	at org.junit.runners.ParentRunner$3.run(ParentRunner.java:238)
	at org.junit.runners.ParentRunner$1.schedule(ParentRunner.java:63)
	at org.junit.runners.ParentRunner.runChildren(ParentRunner.java:236)
	at org.junit.runners.ParentRunner.access$000(ParentRunner.java:53)
	at org.junit.runners.ParentRunner$2.evaluate(ParentRunner.java:229)
	at org.junit.runners.ParentRunner.run(ParentRunner.java:309)
	at org.apache.maven.surefire.junit4.JUnit4Provider.execute(JUnit4Provider.java:365)
	at org.apache.maven.surefire.junit4.JUnit4Provider.executeWithRerun(JUnit4Provider.java:273)
	at org.apache.maven.surefire.junit4.JUnit4Provider.executeTestSet(JUnit4Provider.java:238)
	at org.apache.maven.surefire.junit4.JUnit4Provider.invoke(JUnit4Provider.java:159)
	at org.apache.maven.surefire.booter.ForkedBooter.invokeProviderInSameClassLoader(ForkedBooter.java:384)
	at org.apache.maven.surefire.booter.ForkedBooter.runSuitesInProcess(ForkedBooter.java:345)
	at org.apache.maven.surefire.booter.ForkedBooter.execute(ForkedBooter.java:126)
	at org.apache.maven.surefire.booter.ForkedBooter.main(ForkedBooter.java:418)
2019-10-11 07:10:48,685 [Thread-1752] INFO  client.GrpcClientProtocolService (GrpcClientProtocolService.java:lambda$processClientRequest$0(278)) - Failed RaftClientRequest:client-138BFCD2F6DE->b8d03a4d-e915-4eff-b2e5-95cc028c1e9d@group-B0675D9502C4, cid=67, seq=0, Watch-ALL_COMMITTED(63), Message:<EMPTY>, reply=RaftClientReply:client-138BFCD2F6DE->b8d03a4d-e915-4eff-b2e5-95cc028c1e9d@group-B0675D9502C4, cid=67, FAILED org.apache.ratis.protocol.NotReplicatedException: Request with call Id 67 and log index 63 is not yet replicated to ALL_COMMITTED, logIndex=63, commits[b8d03a4d-e915-4eff-b2e5-95cc028c1e9d:c2, 58d7d782-e238-4c9b-b037-a54f89fdb2a5:c2, 0f24eb1f-961d-4620-8d5d-0b1f3f575a32:c2]
2019-10-11 07:10:50,655 [grpc-default-executor-3] WARN  server.GrpcLogAppender (LogUtils.java:warn(134)) - b8d03a4d-e915-4eff-b2e5-95cc028c1e9d@group-B0675D9502C4->58d7d782-e238-4c9b-b037-a54f89fdb2a5-AppendLogResponseHandler: Failed appendEntries: org.apache.ratis.thirdparty.io.grpc.StatusRuntimeException: UNAVAILABLE: io exception
2019-10-11 07:10:50,655 [grpc-default-executor-9] WARN  server.GrpcLogAppender (LogUtils.java:warn(134)) - b8d03a4d-e915-4eff-b2e5-95cc028c1e9d@group-B0675D9502C4->0f24eb1f-961d-4620-8d5d-0b1f3f575a32-AppendLogResponseHandler: Failed appendEntries: org.apache.ratis.thirdparty.io.grpc.StatusRuntimeException: UNAVAILABLE: io exception
2019-10-11 07:10:50,656 [grpc-default-executor-3] INFO  impl.FollowerInfo (FollowerInfo.java:lambda$new$0(51)) - b8d03a4d-e915-4eff-b2e5-95cc028c1e9d@group-B0675D9502C4->58d7d782-e238-4c9b-b037-a54f89fdb2a5: nextIndex: updateUnconditionally 0 -> 0
2019-10-11 07:10:50,656 [grpc-default-executor-9] INFO  impl.FollowerInfo (FollowerInfo.java:lambda$new$0(51)) - b8d03a4d-e915-4eff-b2e5-95cc028c1e9d@group-B0675D9502C4->0f24eb1f-961d-4620-8d5d-0b1f3f575a32: nextIndex: updateUnconditionally 0 -> 0
2019-10-11 07:10:53,165 [grpc-default-executor-9] WARN  server.GrpcLogAppender (LogUtils.java:warn(134)) - b8d03a4d-e915-4eff-b2e5-95cc028c1e9d@group-B0675D9502C4->0f24eb1f-961d-4620-8d5d-0b1f3f575a32-AppendLogResponseHandler: Failed appendEntries: org.apache.ratis.thirdparty.io.grpc.StatusRuntimeException: UNAVAILABLE: io exception
2019-10-11 07:10:53,165 [grpc-default-executor-3] WARN  server.GrpcLogAppender (LogUtils.java:warn(134)) - b8d03a4d-e915-4eff-b2e5-95cc028c1e9d@group-B0675D9502C4->58d7d782-e238-4c9b-b037-a54f89fdb2a5-AppendLogResponseHandler: Failed appendEntries: org.apache.ratis.thirdparty.io.grpc.StatusRuntimeException: UNAVAILABLE: io exception
2019-10-11 07:10:53,166 [grpc-default-executor-9] INFO  impl.FollowerInfo (FollowerInfo.java:lambda$new$0(51)) - b8d03a4d-e915-4eff-b2e5-95cc028c1e9d@group-B0675D9502C4->0f24eb1f-961d-4620-8d5d-0b1f3f575a32: nextIndex: updateUnconditionally 0 -> 0
2019-10-11 07:10:53,166 [grpc-default-executor-3] INFO  impl.FollowerInfo (FollowerInfo.java:lambda$new$0(51)) - b8d03a4d-e915-4eff-b2e5-95cc028c1e9d@group-B0675D9502C4->58d7d782-e238-4c9b-b037-a54f89fdb2a5: nextIndex: updateUnconditionally 0 -> 0
2019-10-11 07:10:55,690 [grpc-default-executor-8] WARN  server.GrpcLogAppender (LogUtils.java:warn(134)) - b8d03a4d-e915-4eff-b2e5-95cc028c1e9d@group-B0675D9502C4->58d7d782-e238-4c9b-b037-a54f89fdb2a5-AppendLogResponseHandler: Failed appendEntries: org.apache.ratis.thirdparty.io.grpc.StatusRuntimeException: UNAVAILABLE: io exception
2019-10-11 07:10:55,690 [grpc-default-executor-9] WARN  server.GrpcLogAppender (LogUtils.java:warn(134)) - b8d03a4d-e915-4eff-b2e5-95cc028c1e9d@group-B0675D9502C4->0f24eb1f-961d-4620-8d5d-0b1f3f575a32-AppendLogResponseHandler: Failed appendEntries: org.apache.ratis.thirdparty.io.grpc.StatusRuntimeException: UNAVAILABLE: io exception
2019-10-11 07:10:55,691 [grpc-default-executor-8] INFO  impl.FollowerInfo (FollowerInfo.java:lambda$new$0(51)) - b8d03a4d-e915-4eff-b2e5-95cc028c1e9d@group-B0675D9502C4->58d7d782-e238-4c9b-b037-a54f89fdb2a5: nextIndex: updateUnconditionally 0 -> 0
2019-10-11 07:10:55,692 [grpc-default-executor-9] INFO  impl.FollowerInfo (FollowerInfo.java:lambda$new$0(51)) - b8d03a4d-e915-4eff-b2e5-95cc028c1e9d@group-B0675D9502C4->0f24eb1f-961d-4620-8d5d-0b1f3f575a32: nextIndex: updateUnconditionally 0 -> 0
2019-10-11 07:10:58,191 [grpc-default-executor-8] WARN  server.GrpcLogAppender (LogUtils.java:warn(134)) - b8d03a4d-e915-4eff-b2e5-95cc028c1e9d@group-B0675D9502C4->0f24eb1f-961d-4620-8d5d-0b1f3f575a32-AppendLogResponseHandler: Failed appendEntries: org.apache.ratis.thirdparty.io.grpc.StatusRuntimeException: UNAVAILABLE: io exception
2019-10-11 07:10:58,191 [grpc-default-executor-6] WARN  server.GrpcLogAppender (LogUtils.java:warn(134)) - b8d03a4d-e915-4eff-b2e5-95cc028c1e9d@group-B0675D9502C4->58d7d782-e238-4c9b-b037-a54f89fdb2a5-AppendLogResponseHandler: Failed appendEntries: org.apache.ratis.thirdparty.io.grpc.StatusRuntimeException: UNAVAILABLE: io exception
2019-10-11 07:10:58,192 [grpc-default-executor-8] INFO  impl.FollowerInfo (FollowerInfo.java:lambda$new$0(51)) - b8d03a4d-e915-4eff-b2e5-95cc028c1e9d@group-B0675D9502C4->0f24eb1f-961d-4620-8d5d-0b1f3f575a32: nextIndex: updateUnconditionally 0 -> 0
2019-10-11 07:10:58,192 [grpc-default-executor-6] INFO  impl.FollowerInfo (FollowerInfo.java:lambda$new$0(51)) - b8d03a4d-e915-4eff-b2e5-95cc028c1e9d@group-B0675D9502C4->58d7d782-e238-4c9b-b037-a54f89fdb2a5: nextIndex: updateUnconditionally 0 -> 0
2019-10-11 07:10:59,682 [Thread-1770] INFO  client.GrpcClientProtocolService (GrpcClientProtocolService.java:lambda$processClientRequest$0(278)) - Failed RaftClientRequest:client-138BFCD2F6DE->b8d03a4d-e915-4eff-b2e5-95cc028c1e9d@group-B0675D9502C4, cid=67, seq=0, Watch-ALL_COMMITTED(63), Message:<EMPTY>, reply=RaftClientReply:client-138BFCD2F6DE->b8d03a4d-e915-4eff-b2e5-95cc028c1e9d@group-B0675D9502C4, cid=67, FAILED org.apache.ratis.protocol.NotReplicatedException: Request with call Id 67 and log index 63 is not yet replicated to ALL_COMMITTED, logIndex=63, commits[b8d03a4d-e915-4eff-b2e5-95cc028c1e9d:c2, 58d7d782-e238-4c9b-b037-a54f89fdb2a5:c2, 0f24eb1f-961d-4620-8d5d-0b1f3f575a32:c2]
2019-10-11 07:10:59,700 [Thread-1771] INFO  client.GrpcClientProtocolService (GrpcClientProtocolService.java:lambda$processClientRequest$0(278)) - Failed RaftClientRequest:client-138BFCD2F6DE->b8d03a4d-e915-4eff-b2e5-95cc028c1e9d@group-B0675D9502C4, cid=68, seq=0, Watch-MAJORITY_COMMITTED(63), Message:<EMPTY>, reply=RaftClientReply:client-138BFCD2F6DE->b8d03a4d-e915-4eff-b2e5-95cc028c1e9d@group-B0675D9502C4, cid=68, FAILED org.apache.ratis.protocol.NotReplicatedException: Request with call Id 68 and log index 63 is not yet replicated to MAJORITY_COMMITTED, logIndex=63, commits[b8d03a4d-e915-4eff-b2e5-95cc028c1e9d:c2, 58d7d782-e238-4c9b-b037-a54f89fdb2a5:c2, 0f24eb1f-961d-4620-8d5d-0b1f3f575a32:c2]
2019-10-11 07:11:00,695 [grpc-default-executor-7] WARN  server.GrpcLogAppender (LogUtils.java:warn(134)) - b8d03a4d-e915-4eff-b2e5-95cc028c1e9d@group-B0675D9502C4->58d7d782-e238-4c9b-b037-a54f89fdb2a5-AppendLogResponseHandler: Failed appendEntries: org.apache.ratis.thirdparty.io.grpc.StatusRuntimeException: UNAVAILABLE: io exception
2019-10-11 07:11:00,695 [grpc-default-executor-3] WARN  server.GrpcLogAppender (LogUtils.java:warn(134)) - b8d03a4d-e915-4eff-b2e5-95cc028c1e9d@group-B0675D9502C4->0f24eb1f-961d-4620-8d5d-0b1f3f575a32-AppendLogResponseHandler: Failed appendEntries: org.apache.ratis.thirdparty.io.grpc.StatusRuntimeException: UNAVAILABLE: io exception
2019-10-11 07:11:00,696 [grpc-default-executor-7] INFO  impl.FollowerInfo (FollowerInfo.java:lambda$new$0(51)) - b8d03a4d-e915-4eff-b2e5-95cc028c1e9d@group-B0675D9502C4->58d7d782-e238-4c9b-b037-a54f89fdb2a5: nextIndex: updateUnconditionally 0 -> 0
2019-10-11 07:11:00,696 [grpc-default-executor-3] INFO  impl.FollowerInfo (FollowerInfo.java:lambda$new$0(51)) - b8d03a4d-e915-4eff-b2e5-95cc028c1e9d@group-B0675D9502C4->0f24eb1f-961d-4620-8d5d-0b1f3f575a32: nextIndex: updateUnconditionally 0 -> 0
2019-10-11 07:11:03,197 [grpc-default-executor-3] WARN  server.GrpcLogAppender (LogUtils.java:warn(134)) - b8d03a4d-e915-4eff-b2e5-95cc028c1e9d@group-B0675D9502C4->0f24eb1f-961d-4620-8d5d-0b1f3f575a32-AppendLogResponseHandler: Failed appendEntries: org.apache.ratis.thirdparty.io.grpc.StatusRuntimeException: UNAVAILABLE: io exception
2019-10-11 07:11:03,197 [grpc-default-executor-7] WARN  server.GrpcLogAppender (LogUtils.java:warn(134)) - b8d03a4d-e915-4eff-b2e5-95cc028c1e9d@group-B0675D9502C4->58d7d782-e238-4c9b-b037-a54f89fdb2a5-AppendLogResponseHandler: Failed appendEntries: org.apache.ratis.thirdparty.io.grpc.StatusRuntimeException: UNAVAILABLE: io exception
2019-10-11 07:11:03,198 [grpc-default-executor-3] INFO  impl.FollowerInfo (FollowerInfo.java:lambda$new$0(51)) - b8d03a4d-e915-4eff-b2e5-95cc028c1e9d@group-B0675D9502C4->0f24eb1f-961d-4620-8d5d-0b1f3f575a32: nextIndex: updateUnconditionally 0 -> 0
2019-10-11 07:11:03,198 [grpc-default-executor-7] INFO  impl.FollowerInfo (FollowerInfo.java:lambda$new$0(51)) - b8d03a4d-e915-4eff-b2e5-95cc028c1e9d@group-B0675D9502C4->58d7d782-e238-4c9b-b037-a54f89fdb2a5: nextIndex: updateUnconditionally 0 -> 0
2019-10-11 07:11:05,701 [grpc-default-executor-3] WARN  server.GrpcLogAppender (LogUtils.java:warn(134)) - b8d03a4d-e915-4eff-b2e5-95cc028c1e9d@group-B0675D9502C4->58d7d782-e238-4c9b-b037-a54f89fdb2a5-AppendLogResponseHandler: Failed appendEntries: org.apache.ratis.thirdparty.io.grpc.StatusRuntimeException: UNAVAILABLE: io exception
2019-10-11 07:11:05,701 [grpc-default-executor-7] WARN  server.GrpcLogAppender (LogUtils.java:warn(134)) - b8d03a4d-e915-4eff-b2e5-95cc028c1e9d@group-B0675D9502C4->0f24eb1f-961d-4620-8d5d-0b1f3f575a32-AppendLogResponseHandler: Failed appendEntries: org.apache.ratis.thirdparty.io.grpc.StatusRuntimeException: UNAVAILABLE: io exception
2019-10-11 07:11:05,703 [grpc-default-executor-3] INFO  impl.FollowerInfo (FollowerInfo.java:lambda$new$0(51)) - b8d03a4d-e915-4eff-b2e5-95cc028c1e9d@group-B0675D9502C4->58d7d782-e238-4c9b-b037-a54f89fdb2a5: nextIndex: updateUnconditionally 0 -> 0
2019-10-11 07:11:05,703 [grpc-default-executor-7] INFO  impl.FollowerInfo (FollowerInfo.java:lambda$new$0(51)) - b8d03a4d-e915-4eff-b2e5-95cc028c1e9d@group-B0675D9502C4->0f24eb1f-961d-4620-8d5d-0b1f3f575a32: nextIndex: updateUnconditionally 0 -> 0
2019-10-11 07:11:08,202 [grpc-default-executor-7] WARN  server.GrpcLogAppender (LogUtils.java:warn(134)) - b8d03a4d-e915-4eff-b2e5-95cc028c1e9d@group-B0675D9502C4->0f24eb1f-961d-4620-8d5d-0b1f3f575a32-AppendLogResponseHandler: Failed appendEntries: org.apache.ratis.thirdparty.io.grpc.StatusRuntimeException: UNAVAILABLE: io exception
2019-10-11 07:11:08,202 [grpc-default-executor-3] WARN  server.GrpcLogAppender (LogUtils.java:warn(134)) - b8d03a4d-e915-4eff-b2e5-95cc028c1e9d@group-B0675D9502C4->58d7d782-e238-4c9b-b037-a54f89fdb2a5-AppendLogResponseHandler: Failed appendEntries: org.apache.ratis.thirdparty.io.grpc.StatusRuntimeException: UNAVAILABLE: io exception
2019-10-11 07:11:08,203 [grpc-default-executor-7] INFO  impl.FollowerInfo (FollowerInfo.java:lambda$new$0(51)) - b8d03a4d-e915-4eff-b2e5-95cc028c1e9d@group-B0675D9502C4->0f24eb1f-961d-4620-8d5d-0b1f3f575a32: nextIndex: updateUnconditionally 0 -> 0
2019-10-11 07:11:08,203 [grpc-default-executor-3] INFO  impl.FollowerInfo (FollowerInfo.java:lambda$new$0(51)) - b8d03a4d-e915-4eff-b2e5-95cc028c1e9d@group-B0675D9502C4->58d7d782-e238-4c9b-b037-a54f89fdb2a5: nextIndex: updateUnconditionally 0 -> 0
]]></system-out>
    <system-err><![CDATA[Oct 11, 2019 7:10:23 AM org.apache.ratis.thirdparty.io.grpc.internal.SerializingExecutor run
SEVERE: Exception while executing runnable org.apache.ratis.thirdparty.io.grpc.internal.ServerImpl$JumpToApplicationThreadServerStreamListener$1Closed@25c65276
org.apache.ratis.thirdparty.io.grpc.StatusRuntimeException: CANCELLED: call already cancelled
	at org.apache.ratis.thirdparty.io.grpc.Status.asRuntimeException(Status.java:517)
	at org.apache.ratis.thirdparty.io.grpc.stub.ServerCalls$ServerCallStreamObserverImpl.onCompleted(ServerCalls.java:356)
	at org.apache.ratis.grpc.server.GrpcServerProtocolService$ServerRequestStreamObserver.onError(GrpcServerProtocolService.java:121)
	at org.apache.ratis.thirdparty.io.grpc.stub.ServerCalls$StreamingServerCallHandler$StreamingServerCallListener.onCancel(ServerCalls.java:269)
	at org.apache.ratis.thirdparty.io.grpc.internal.ServerCallImpl$ServerStreamListenerImpl.closed(ServerCallImpl.java:293)
	at org.apache.ratis.thirdparty.io.grpc.internal.ServerImpl$JumpToApplicationThreadServerStreamListener$1Closed.runInContext(ServerImpl.java:741)
	at org.apache.ratis.thirdparty.io.grpc.internal.ContextRunnable.run(ContextRunnable.java:37)
	at org.apache.ratis.thirdparty.io.grpc.internal.SerializingExecutor.run(SerializingExecutor.java:123)
	at java.util.concurrent.ThreadPoolExecutor.runWorker(ThreadPoolExecutor.java:1149)
	at java.util.concurrent.ThreadPoolExecutor$Worker.run(ThreadPoolExecutor.java:624)
	at java.lang.Thread.run(Thread.java:748)

Oct 11, 2019 7:10:28 AM org.apache.ratis.thirdparty.io.grpc.internal.SerializingExecutor run
SEVERE: Exception while executing runnable org.apache.ratis.thirdparty.io.grpc.internal.ServerImpl$JumpToApplicationThreadServerStreamListener$1Closed@559a5a49
org.apache.ratis.thirdparty.io.grpc.StatusRuntimeException: CANCELLED: call already cancelled
	at org.apache.ratis.thirdparty.io.grpc.Status.asRuntimeException(Status.java:517)
	at org.apache.ratis.thirdparty.io.grpc.stub.ServerCalls$ServerCallStreamObserverImpl.onCompleted(ServerCalls.java:356)
	at org.apache.ratis.grpc.server.GrpcServerProtocolService$ServerRequestStreamObserver.onError(GrpcServerProtocolService.java:121)
	at org.apache.ratis.thirdparty.io.grpc.stub.ServerCalls$StreamingServerCallHandler$StreamingServerCallListener.onCancel(ServerCalls.java:269)
	at org.apache.ratis.thirdparty.io.grpc.internal.ServerCallImpl$ServerStreamListenerImpl.closed(ServerCallImpl.java:293)
	at org.apache.ratis.thirdparty.io.grpc.internal.ServerImpl$JumpToApplicationThreadServerStreamListener$1Closed.runInContext(ServerImpl.java:741)
	at org.apache.ratis.thirdparty.io.grpc.internal.ContextRunnable.run(ContextRunnable.java:37)
	at org.apache.ratis.thirdparty.io.grpc.internal.SerializingExecutor.run(SerializingExecutor.java:123)
	at java.util.concurrent.ThreadPoolExecutor.runWorker(ThreadPoolExecutor.java:1149)
	at java.util.concurrent.ThreadPoolExecutor$Worker.run(ThreadPoolExecutor.java:624)
	at java.lang.Thread.run(Thread.java:748)

]]></system-err>
  </testcase>
  <testcase name="testWatchForCommitForGroupMismatchException" classname="org.apache.hadoop.ozone.client.rpc.TestWatchForCommit" time="74.315"/>
  <testcase name="test2WayCommitForTimeoutException" classname="org.apache.hadoop.ozone.client.rpc.TestWatchForCommit" time="84.389">
    <error type="java.util.concurrent.TimeoutException">java.util.concurrent.TimeoutException
	at java.util.concurrent.CompletableFuture.timedGet(CompletableFuture.java:1771)
	at java.util.concurrent.CompletableFuture.get(CompletableFuture.java:1915)
	at org.apache.hadoop.hdds.scm.XceiverClientRatis.watchForCommit(XceiverClientRatis.java:283)
	at org.apache.hadoop.ozone.client.rpc.TestWatchForCommit.test2WayCommitForTimeoutException(TestWatchForCommit.java:391)
	at sun.reflect.NativeMethodAccessorImpl.invoke0(Native Method)
	at sun.reflect.NativeMethodAccessorImpl.invoke(NativeMethodAccessorImpl.java:62)
	at sun.reflect.DelegatingMethodAccessorImpl.invoke(DelegatingMethodAccessorImpl.java:43)
	at java.lang.reflect.Method.invoke(Method.java:498)
	at org.junit.runners.model.FrameworkMethod$1.runReflectiveCall(FrameworkMethod.java:47)
	at org.junit.internal.runners.model.ReflectiveCallable.run(ReflectiveCallable.java:12)
	at org.junit.runners.model.FrameworkMethod.invokeExplosively(FrameworkMethod.java:44)
	at org.junit.internal.runners.statements.InvokeMethod.evaluate(InvokeMethod.java:17)
	at org.junit.runners.ParentRunner.runLeaf(ParentRunner.java:271)
	at org.junit.runners.BlockJUnit4ClassRunner.runChild(BlockJUnit4ClassRunner.java:70)
	at org.junit.runners.BlockJUnit4ClassRunner.runChild(BlockJUnit4ClassRunner.java:50)
	at org.junit.runners.ParentRunner$3.run(ParentRunner.java:238)
	at org.junit.runners.ParentRunner$1.schedule(ParentRunner.java:63)
	at org.junit.runners.ParentRunner.runChildren(ParentRunner.java:236)
	at org.junit.runners.ParentRunner.access$000(ParentRunner.java:53)
	at org.junit.runners.ParentRunner$2.evaluate(ParentRunner.java:229)
	at org.junit.runners.ParentRunner.run(ParentRunner.java:309)
	at org.apache.maven.surefire.junit4.JUnit4Provider.execute(JUnit4Provider.java:365)
	at org.apache.maven.surefire.junit4.JUnit4Provider.executeWithRerun(JUnit4Provider.java:273)
	at org.apache.maven.surefire.junit4.JUnit4Provider.executeTestSet(JUnit4Provider.java:238)
	at org.apache.maven.surefire.junit4.JUnit4Provider.invoke(JUnit4Provider.java:159)
	at org.apache.maven.surefire.booter.ForkedBooter.invokeProviderInSameClassLoader(ForkedBooter.java:384)
	at org.apache.maven.surefire.booter.ForkedBooter.runSuitesInProcess(ForkedBooter.java:345)
	at org.apache.maven.surefire.booter.ForkedBooter.execute(ForkedBooter.java:126)
	at org.apache.maven.surefire.booter.ForkedBooter.main(ForkedBooter.java:418)
</error>
    <system-out><![CDATA[2019-10-11 07:12:22,827 [main] WARN  server.ServerUtils (ServerUtils.java:getScmDbDir(145)) - ozone.scm.db.dirs is not configured. We recommend adding this setting. Falling back to ozone.metadata.dirs instead.
2019-10-11 07:12:22,852 [main] WARN  server.ServerUtils (ServerUtils.java:getScmDbDir(145)) - ozone.scm.db.dirs is not configured. We recommend adding this setting. Falling back to ozone.metadata.dirs instead.
2019-10-11 07:12:22,853 [main] WARN  server.ServerUtils (ServerUtils.java:getScmDbDir(145)) - ozone.scm.db.dirs is not configured. We recommend adding this setting. Falling back to ozone.metadata.dirs instead.
2019-10-11 07:12:22,853 [main] INFO  db.DBStoreBuilder (DBStoreBuilder.java:addTable(117)) - using custom profile for table: deletedBlocks
2019-10-11 07:12:22,853 [main] INFO  db.DBStoreBuilder (DBStoreBuilder.java:processTables(168)) - Using default column profile:DBProfile.DISK for Table:deletedBlocks
2019-10-11 07:12:22,854 [main] INFO  db.DBStoreBuilder (DBStoreBuilder.java:addTable(117)) - using custom profile for table: validCerts
2019-10-11 07:12:22,854 [main] INFO  db.DBStoreBuilder (DBStoreBuilder.java:processTables(168)) - Using default column profile:DBProfile.DISK for Table:validCerts
2019-10-11 07:12:22,854 [main] INFO  db.DBStoreBuilder (DBStoreBuilder.java:addTable(117)) - using custom profile for table: revokedCerts
2019-10-11 07:12:22,855 [main] INFO  db.DBStoreBuilder (DBStoreBuilder.java:processTables(168)) - Using default column profile:DBProfile.DISK for Table:revokedCerts
2019-10-11 07:12:22,855 [main] INFO  db.DBStoreBuilder (DBStoreBuilder.java:addTable(117)) - using custom profile for table: default
2019-10-11 07:12:22,855 [main] INFO  db.DBStoreBuilder (DBStoreBuilder.java:processTables(174)) - Using default column profile:DBProfile.DISK for Table:default
2019-10-11 07:12:22,855 [main] INFO  db.DBStoreBuilder (DBStoreBuilder.java:getDbProfile(205)) - Using default options. DBProfile.DISK
2019-10-11 07:12:23,036 [main] INFO  net.NodeSchemaLoader (NodeSchemaLoader.java:loadSchemaFromFile(125)) - Loading file from sun.misc.CompoundEnumeration@1d2fb82
2019-10-11 07:12:23,036 [main] INFO  net.NodeSchemaLoader (NodeSchemaLoader.java:loadSchema(171)) - Loading network topology layer schema file
2019-10-11 07:12:23,040 [main] WARN  server.ServerUtils (ServerUtils.java:sanitizeUserArgs(70)) - ozone.scm.stale.node.interval value = 300000 is larger than max = 100000 based on the key value of ozone.scm.heartbeat.thread.interval, reset to the max value 100000.
2019-10-11 07:12:23,040 [main] WARN  server.ServerUtils (ServerUtils.java:sanitizeUserArgs(70)) - ozone.scm.stale.node.interval value = 300000 is larger than max = 100000 based on the key value of ozone.scm.heartbeat.thread.interval, reset to the max value 100000.
2019-10-11 07:12:23,041 [main] INFO  node.SCMNodeManager (SCMNodeManager.java:<init>(116)) - Entering startup safe mode.
2019-10-11 07:12:23,041 [main] INFO  algorithms.ContainerPlacementPolicyFactory (ContainerPlacementPolicyFactory.java:getPolicy(57)) - Create container placement policy of type org.apache.hadoop.hdds.scm.container.placement.algorithms.SCMContainerPlacementRandom
2019-10-11 07:12:23,042 [main] WARN  server.ServerUtils (ServerUtils.java:getScmDbDir(145)) - ozone.scm.db.dirs is not configured. We recommend adding this setting. Falling back to ozone.metadata.dirs instead.
2019-10-11 07:12:23,090 [main] INFO  pipeline.SCMPipelineManager (SCMPipelineManager.java:initializePipelineState(132)) - No pipeline exists in current db
2019-10-11 07:12:23,091 [main] WARN  server.ServerUtils (ServerUtils.java:getScmDbDir(145)) - ozone.scm.db.dirs is not configured. We recommend adding this setting. Falling back to ozone.metadata.dirs instead.
2019-10-11 07:12:23,165 [main] WARN  events.EventQueue (EventQueue.java:fireEvent(183)) - No event handler registered for event TypedEvent{payloadType=SafeModeStatus, name='SafeModeStatus'}
2019-10-11 07:12:23,166 [main] INFO  ipc.CallQueueManager (CallQueueManager.java:<init>(84)) - Using callQueue: class java.util.concurrent.LinkedBlockingQueue, queueCapacity: 2000, scheduler: class org.apache.hadoop.ipc.DefaultRpcScheduler, ipcBackoff: false.
2019-10-11 07:12:23,167 [Socket Reader #1 for port 43389] INFO  ipc.Server (Server.java:run(1074)) - Starting Socket Reader #1 for port 43389
2019-10-11 07:12:23,172 [main] INFO  ipc.CallQueueManager (CallQueueManager.java:<init>(84)) - Using callQueue: class java.util.concurrent.LinkedBlockingQueue, queueCapacity: 2000, scheduler: class org.apache.hadoop.ipc.DefaultRpcScheduler, ipcBackoff: false.
2019-10-11 07:12:23,173 [Socket Reader #1 for port 36390] INFO  ipc.Server (Server.java:run(1074)) - Starting Socket Reader #1 for port 36390
2019-10-11 07:12:23,176 [main] INFO  ipc.CallQueueManager (CallQueueManager.java:<init>(84)) - Using callQueue: class java.util.concurrent.LinkedBlockingQueue, queueCapacity: 2000, scheduler: class org.apache.hadoop.ipc.DefaultRpcScheduler, ipcBackoff: false.
2019-10-11 07:12:23,177 [Socket Reader #1 for port 34144] INFO  ipc.Server (Server.java:run(1074)) - Starting Socket Reader #1 for port 34144
2019-10-11 07:12:23,793 [grpc-default-executor-6] WARN  server.GrpcLogAppender (LogUtils.java:warn(134)) - b8d03a4d-e915-4eff-b2e5-95cc028c1e9d@group-B0675D9502C4->0f24eb1f-961d-4620-8d5d-0b1f3f575a32-AppendLogResponseHandler: Failed appendEntries: org.apache.ratis.thirdparty.io.grpc.StatusRuntimeException: UNAVAILABLE: io exception
2019-10-11 07:12:23,793 [grpc-default-executor-6] INFO  impl.FollowerInfo (FollowerInfo.java:lambda$new$0(51)) - b8d03a4d-e915-4eff-b2e5-95cc028c1e9d@group-B0675D9502C4->0f24eb1f-961d-4620-8d5d-0b1f3f575a32: nextIndex: updateUnconditionally 0 -> 0
2019-10-11 07:12:23,799 [grpc-default-executor-7] WARN  server.GrpcLogAppender (LogUtils.java:warn(134)) - b8d03a4d-e915-4eff-b2e5-95cc028c1e9d@group-B0675D9502C4->58d7d782-e238-4c9b-b037-a54f89fdb2a5-AppendLogResponseHandler: Failed appendEntries: org.apache.ratis.thirdparty.io.grpc.StatusRuntimeException: UNAVAILABLE: io exception
2019-10-11 07:12:23,800 [grpc-default-executor-7] INFO  impl.FollowerInfo (FollowerInfo.java:lambda$new$0(51)) - b8d03a4d-e915-4eff-b2e5-95cc028c1e9d@group-B0675D9502C4->58d7d782-e238-4c9b-b037-a54f89fdb2a5: nextIndex: updateUnconditionally 0 -> 0
2019-10-11 07:12:23,833 [org.apache.ratis.server.impl.LogAppender$AppenderDaemon$$Lambda$383/1636840563@102097dc] ERROR ratis.XceiverServerRatis (XceiverServerRatis.java:triggerPipelineClose(582)) - pipeline Action CLOSE  on pipeline PipelineID=4b7d3e2b-a92f-4375-b350-b0675d9502c4.Reason : b8d03a4d-e915-4eff-b2e5-95cc028c1e9d has not seen follower/s 0f24eb1f-961d-4620-8d5d-0b1f3f575a32 for 120734ms
2019-10-11 07:12:23,834 [org.apache.ratis.server.impl.LogAppender$AppenderDaemon$$Lambda$383/1636840563@102097dc] ERROR ratis.XceiverServerRatis (XceiverServerRatis.java:triggerPipelineClose(582)) - pipeline Action CLOSE  on pipeline PipelineID=4b7d3e2b-a92f-4375-b350-b0675d9502c4.Reason : b8d03a4d-e915-4eff-b2e5-95cc028c1e9d has not seen follower/s 0f24eb1f-961d-4620-8d5d-0b1f3f575a32 for 120751ms
2019-10-11 07:12:23,835 [grpc-default-executor-6] WARN  server.GrpcLogAppender (LogUtils.java:warn(134)) - b8d03a4d-e915-4eff-b2e5-95cc028c1e9d@group-B0675D9502C4->0f24eb1f-961d-4620-8d5d-0b1f3f575a32-AppendLogResponseHandler: Failed appendEntries: org.apache.ratis.thirdparty.io.grpc.StatusRuntimeException: UNAVAILABLE: io exception
2019-10-11 07:12:23,836 [grpc-default-executor-6] INFO  impl.FollowerInfo (FollowerInfo.java:lambda$new$0(51)) - b8d03a4d-e915-4eff-b2e5-95cc028c1e9d@group-B0675D9502C4->0f24eb1f-961d-4620-8d5d-0b1f3f575a32: nextIndex: updateUnconditionally 1 -> 0
2019-10-11 07:12:24,277 [EventQueue-PipelineActionsForPipelineActionHandler] ERROR pipeline.PipelineActionHandler (PipelineActionHandler.java:onMessage(60)) - Received pipeline action CLOSE for Pipeline[ Id: 4b7d3e2b-a92f-4375-b350-b0675d9502c4, Nodes: 0f24eb1f-961d-4620-8d5d-0b1f3f575a32{ip: 192.168.164.209, host: pr-hdds-2206-npvv8-3563359771, networkLocation: /default-rack, certSerialId: null}58d7d782-e238-4c9b-b037-a54f89fdb2a5{ip: 192.168.164.209, host: pr-hdds-2206-npvv8-3563359771, networkLocation: /default-rack, certSerialId: null}b8d03a4d-e915-4eff-b2e5-95cc028c1e9d{ip: 192.168.164.209, host: pr-hdds-2206-npvv8-3563359771, networkLocation: /default-rack, certSerialId: null}, Type:RATIS, Factor:THREE, State:CLOSED] from datanode b8d03a4d-e915-4eff-b2e5-95cc028c1e9d{ip: 192.168.164.209, host: pr-hdds-2206-npvv8-3563359771, networkLocation: /default-rack, certSerialId: null}. Reason : b8d03a4d-e915-4eff-b2e5-95cc028c1e9d has not seen follower/s 0f24eb1f-961d-4620-8d5d-0b1f3f575a32 for 120734ms
2019-10-11 07:12:24,278 [EventQueue-PipelineActionsForPipelineActionHandler] INFO  pipeline.SCMPipelineManager (SCMPipelineManager.java:finalizeAndDestroyPipeline(315)) - destroying pipeline:Pipeline[ Id: 4b7d3e2b-a92f-4375-b350-b0675d9502c4, Nodes: 0f24eb1f-961d-4620-8d5d-0b1f3f575a32{ip: 192.168.164.209, host: pr-hdds-2206-npvv8-3563359771, networkLocation: /default-rack, certSerialId: null}58d7d782-e238-4c9b-b037-a54f89fdb2a5{ip: 192.168.164.209, host: pr-hdds-2206-npvv8-3563359771, networkLocation: /default-rack, certSerialId: null}b8d03a4d-e915-4eff-b2e5-95cc028c1e9d{ip: 192.168.164.209, host: pr-hdds-2206-npvv8-3563359771, networkLocation: /default-rack, certSerialId: null}, Type:RATIS, Factor:THREE, State:CLOSED]
2019-10-11 07:12:26,301 [grpc-default-executor-6] WARN  server.GrpcLogAppender (LogUtils.java:warn(134)) - b8d03a4d-e915-4eff-b2e5-95cc028c1e9d@group-B0675D9502C4->58d7d782-e238-4c9b-b037-a54f89fdb2a5-AppendLogResponseHandler: Failed appendEntries: org.apache.ratis.thirdparty.io.grpc.StatusRuntimeException: UNAVAILABLE: io exception
2019-10-11 07:12:26,302 [grpc-default-executor-6] INFO  impl.FollowerInfo (FollowerInfo.java:lambda$new$0(51)) - b8d03a4d-e915-4eff-b2e5-95cc028c1e9d@group-B0675D9502C4->58d7d782-e238-4c9b-b037-a54f89fdb2a5: nextIndex: updateUnconditionally 0 -> 0
2019-10-11 07:12:26,335 [org.apache.ratis.server.impl.LogAppender$AppenderDaemon$$Lambda$383/1636840563@102097dc] ERROR ratis.XceiverServerRatis (XceiverServerRatis.java:triggerPipelineClose(582)) - pipeline Action CLOSE  on pipeline PipelineID=4b7d3e2b-a92f-4375-b350-b0675d9502c4.Reason : b8d03a4d-e915-4eff-b2e5-95cc028c1e9d has not seen follower/s 0f24eb1f-961d-4620-8d5d-0b1f3f575a32 for 123252ms
2019-10-11 07:12:26,336 [grpc-default-executor-6] WARN  server.GrpcLogAppender (LogUtils.java:warn(134)) - b8d03a4d-e915-4eff-b2e5-95cc028c1e9d@group-B0675D9502C4->0f24eb1f-961d-4620-8d5d-0b1f3f575a32-AppendLogResponseHandler: Failed appendEntries: org.apache.ratis.thirdparty.io.grpc.StatusRuntimeException: UNAVAILABLE: io exception
2019-10-11 07:12:26,336 [grpc-default-executor-6] INFO  impl.FollowerInfo (FollowerInfo.java:lambda$new$0(51)) - b8d03a4d-e915-4eff-b2e5-95cc028c1e9d@group-B0675D9502C4->0f24eb1f-961d-4620-8d5d-0b1f3f575a32: nextIndex: updateUnconditionally 0 -> 0
2019-10-11 07:12:27,276 [EventQueue-PipelineActionsForPipelineActionHandler] ERROR pipeline.PipelineActionHandler (PipelineActionHandler.java:onMessage(60)) - Received pipeline action CLOSE for Pipeline[ Id: 4b7d3e2b-a92f-4375-b350-b0675d9502c4, Nodes: 0f24eb1f-961d-4620-8d5d-0b1f3f575a32{ip: 192.168.164.209, host: pr-hdds-2206-npvv8-3563359771, networkLocation: /default-rack, certSerialId: null}58d7d782-e238-4c9b-b037-a54f89fdb2a5{ip: 192.168.164.209, host: pr-hdds-2206-npvv8-3563359771, networkLocation: /default-rack, certSerialId: null}b8d03a4d-e915-4eff-b2e5-95cc028c1e9d{ip: 192.168.164.209, host: pr-hdds-2206-npvv8-3563359771, networkLocation: /default-rack, certSerialId: null}, Type:RATIS, Factor:THREE, State:CLOSED] from datanode b8d03a4d-e915-4eff-b2e5-95cc028c1e9d{ip: 192.168.164.209, host: pr-hdds-2206-npvv8-3563359771, networkLocation: /default-rack, certSerialId: null}. Reason : b8d03a4d-e915-4eff-b2e5-95cc028c1e9d has not seen follower/s 0f24eb1f-961d-4620-8d5d-0b1f3f575a32 for 123252ms
2019-10-11 07:12:27,276 [EventQueue-PipelineActionsForPipelineActionHandler] INFO  pipeline.SCMPipelineManager (SCMPipelineManager.java:finalizeAndDestroyPipeline(315)) - destroying pipeline:Pipeline[ Id: 4b7d3e2b-a92f-4375-b350-b0675d9502c4, Nodes: 0f24eb1f-961d-4620-8d5d-0b1f3f575a32{ip: 192.168.164.209, host: pr-hdds-2206-npvv8-3563359771, networkLocation: /default-rack, certSerialId: null}58d7d782-e238-4c9b-b037-a54f89fdb2a5{ip: 192.168.164.209, host: pr-hdds-2206-npvv8-3563359771, networkLocation: /default-rack, certSerialId: null}b8d03a4d-e915-4eff-b2e5-95cc028c1e9d{ip: 192.168.164.209, host: pr-hdds-2206-npvv8-3563359771, networkLocation: /default-rack, certSerialId: null}, Type:RATIS, Factor:THREE, State:CLOSED]
2019-10-11 07:12:28,186 [main] INFO  hdfs.DFSUtil (DFSUtil.java:httpServerTemplateForNNAndJN(1641)) - Starting Web-server for scm at: http://0.0.0.0:0
2019-10-11 07:12:28,191 [main] INFO  server.AuthenticationFilter (AuthenticationFilter.java:constructSecretProvider(240)) - Unable to initialize FileSignerSecretProvider, falling back to use random secrets.
2019-10-11 07:12:28,192 [main] WARN  http.HttpRequestLog (HttpRequestLog.java:getRequestLog(97)) - Jetty request log can only be enabled using Log4j
2019-10-11 07:12:28,196 [main] INFO  http.HttpServer2 (HttpServer2.java:addGlobalFilter(975)) - Added global filter 'safety' (class=org.apache.hadoop.http.HttpServer2$QuotingInputFilter)
2019-10-11 07:12:28,197 [main] INFO  http.HttpServer2 (HttpServer2.java:addFilter(948)) - Added filter static_user_filter (class=org.apache.hadoop.http.lib.StaticUserWebFilter$StaticUserFilter) to context scm
2019-10-11 07:12:28,197 [main] INFO  http.HttpServer2 (HttpServer2.java:addFilter(958)) - Added filter static_user_filter (class=org.apache.hadoop.http.lib.StaticUserWebFilter$StaticUserFilter) to context static
2019-10-11 07:12:28,197 [main] INFO  http.HttpServer2 (HttpServer2.java:addFilter(958)) - Added filter static_user_filter (class=org.apache.hadoop.http.lib.StaticUserWebFilter$StaticUserFilter) to context logs
2019-10-11 07:12:28,201 [main] INFO  server.StorageContainerManager (StorageContainerManager.java:start(772)) - StorageContainerLocationProtocol RPC server is listening at /0.0.0.0:34144
2019-10-11 07:12:28,208 [main] WARN  impl.MetricsConfig (MetricsConfig.java:loadFirst(134)) - Cannot locate configuration: tried hadoop-metrics2-storagecontainermanager.properties,hadoop-metrics2.properties
2019-10-11 07:12:28,210 [main] INFO  impl.MetricsSystemImpl (MetricsSystemImpl.java:startTimer(374)) - Scheduled Metric snapshot period at 10 second(s).
2019-10-11 07:12:28,210 [main] INFO  impl.MetricsSystemImpl (MetricsSystemImpl.java:start(191)) - StorageContainerManager metrics system started
2019-10-11 07:12:28,467 [main] WARN  impl.MetricsSystemImpl (MetricsSystemImpl.java:register(276)) - Sink prometheus already exists!
2019-10-11 07:12:28,742 [main] INFO  server.SCMClientProtocolServer (SCMClientProtocolServer.java:start(159)) - RPC server for Client  is listening at /0.0.0.0:34144
2019-10-11 07:12:28,742 [IPC Server Responder] INFO  ipc.Server (Server.java:run(1314)) - IPC Server Responder: starting
2019-10-11 07:12:28,743 [IPC Server listener on 34144] INFO  ipc.Server (Server.java:run(1153)) - IPC Server listener on 34144: starting
2019-10-11 07:12:28,753 [main] INFO  server.StorageContainerManager (StorageContainerManager.java:start(782)) - ScmBlockLocationProtocol RPC server is listening at /0.0.0.0:36390
2019-10-11 07:12:28,753 [main] INFO  server.SCMBlockProtocolServer (SCMBlockProtocolServer.java:start(146)) - RPC server for Block Protocol is listening at /0.0.0.0:36390
2019-10-11 07:12:28,754 [IPC Server Responder] INFO  ipc.Server (Server.java:run(1314)) - IPC Server Responder: starting
2019-10-11 07:12:28,754 [IPC Server listener on 36390] INFO  ipc.Server (Server.java:run(1153)) - IPC Server listener on 36390: starting
2019-10-11 07:12:28,761 [main] INFO  server.StorageContainerManager (StorageContainerManager.java:start(786)) - ScmDatanodeProtocl RPC server is listening at /0.0.0.0:43389
2019-10-11 07:12:28,761 [main] INFO  server.SCMDatanodeProtocolServer (SCMDatanodeProtocolServer.java:start(169)) - RPC server for DataNodes is listening at /0.0.0.0:43389
2019-10-11 07:12:28,761 [IPC Server Responder] INFO  ipc.Server (Server.java:run(1314)) - IPC Server Responder: starting
2019-10-11 07:12:28,761 [IPC Server listener on 43389] INFO  ipc.Server (Server.java:run(1153)) - IPC Server listener on 43389: starting
2019-10-11 07:12:28,770 [main] INFO  http.HttpServer2 (HttpServer2.java:bindListener(1191)) - Jetty bound to port 42622
2019-10-11 07:12:28,771 [main] INFO  server.Server (Server.java:doStart(351)) - jetty-9.3.25.v20180904, build timestamp: 2018-09-04T21:11:46Z, git hash: 3ce520221d0240229c862b122d2b06c12a625732
2019-10-11 07:12:28,773 [main] INFO  handler.ContextHandler (ContextHandler.java:doStart(781)) - Started o.e.j.s.ServletContextHandler@291a4791{/logs,file:///workdir/hadoop-ozone/integration-test/target/log,AVAILABLE}
2019-10-11 07:12:28,774 [main] INFO  handler.ContextHandler (ContextHandler.java:doStart(781)) - Started o.e.j.s.ServletContextHandler@340cb97f{/static,file:///workdir/hadoop-ozone/integration-test/target/test-classes/webapps/static,AVAILABLE}
2019-10-11 07:12:28,777 [main] INFO  handler.ContextHandler (ContextHandler.java:doStart(781)) - Started o.e.j.w.WebAppContext@3d3c886f{/,file:///workdir/hadoop-ozone/integration-test/target/test-classes/webapps/scm/,AVAILABLE}{/scm}
2019-10-11 07:12:28,778 [main] INFO  server.AbstractConnector (AbstractConnector.java:doStart(278)) - Started ServerConnector@7d66e544{HTTP/1.1,[http/1.1]}{0.0.0.0:42622}
2019-10-11 07:12:28,780 [main] INFO  server.Server (Server.java:doStart(419)) - Started @395942ms
2019-10-11 07:12:28,781 [main] WARN  impl.MetricsSystemImpl (MetricsSystemImpl.java:register(276)) - Sink prometheus already exists!
2019-10-11 07:12:28,801 [org.apache.ratis.server.impl.LogAppender$AppenderDaemon$$Lambda$383/1636840563@bd104fc] ERROR ratis.XceiverServerRatis (XceiverServerRatis.java:triggerPipelineClose(582)) - pipeline Action CLOSE  on pipeline PipelineID=4b7d3e2b-a92f-4375-b350-b0675d9502c4.Reason : b8d03a4d-e915-4eff-b2e5-95cc028c1e9d has not seen follower/s 58d7d782-e238-4c9b-b037-a54f89fdb2a5 for 120700ms 0f24eb1f-961d-4620-8d5d-0b1f3f575a32 for 125718ms
2019-10-11 07:12:28,803 [grpc-default-executor-6] WARN  server.GrpcLogAppender (LogUtils.java:warn(134)) - b8d03a4d-e915-4eff-b2e5-95cc028c1e9d@group-B0675D9502C4->58d7d782-e238-4c9b-b037-a54f89fdb2a5-AppendLogResponseHandler: Failed appendEntries: org.apache.ratis.thirdparty.io.grpc.StatusRuntimeException: UNAVAILABLE: io exception
2019-10-11 07:12:28,804 [grpc-default-executor-6] INFO  impl.FollowerInfo (FollowerInfo.java:lambda$new$0(51)) - b8d03a4d-e915-4eff-b2e5-95cc028c1e9d@group-B0675D9502C4->58d7d782-e238-4c9b-b037-a54f89fdb2a5: nextIndex: updateUnconditionally 0 -> 0
2019-10-11 07:12:28,836 [org.apache.ratis.server.impl.LogAppender$AppenderDaemon$$Lambda$383/1636840563@102097dc] ERROR ratis.XceiverServerRatis (XceiverServerRatis.java:triggerPipelineClose(582)) - pipeline Action CLOSE  on pipeline PipelineID=4b7d3e2b-a92f-4375-b350-b0675d9502c4.Reason : b8d03a4d-e915-4eff-b2e5-95cc028c1e9d has not seen follower/s 58d7d782-e238-4c9b-b037-a54f89fdb2a5 for 120735ms 0f24eb1f-961d-4620-8d5d-0b1f3f575a32 for 125753ms
2019-10-11 07:12:28,837 [grpc-default-executor-7] WARN  server.GrpcLogAppender (LogUtils.java:warn(134)) - b8d03a4d-e915-4eff-b2e5-95cc028c1e9d@group-B0675D9502C4->0f24eb1f-961d-4620-8d5d-0b1f3f575a32-AppendLogResponseHandler: Failed appendEntries: org.apache.ratis.thirdparty.io.grpc.StatusRuntimeException: UNAVAILABLE: io exception
2019-10-11 07:12:28,837 [grpc-default-executor-7] INFO  impl.FollowerInfo (FollowerInfo.java:lambda$new$0(51)) - b8d03a4d-e915-4eff-b2e5-95cc028c1e9d@group-B0675D9502C4->0f24eb1f-961d-4620-8d5d-0b1f3f575a32: nextIndex: updateUnconditionally 0 -> 0
2019-10-11 07:12:29,277 [EventQueue-PipelineActionsForPipelineActionHandler] ERROR pipeline.PipelineActionHandler (PipelineActionHandler.java:onMessage(60)) - Received pipeline action CLOSE for Pipeline[ Id: 4b7d3e2b-a92f-4375-b350-b0675d9502c4, Nodes: 0f24eb1f-961d-4620-8d5d-0b1f3f575a32{ip: 192.168.164.209, host: pr-hdds-2206-npvv8-3563359771, networkLocation: /default-rack, certSerialId: null}58d7d782-e238-4c9b-b037-a54f89fdb2a5{ip: 192.168.164.209, host: pr-hdds-2206-npvv8-3563359771, networkLocation: /default-rack, certSerialId: null}b8d03a4d-e915-4eff-b2e5-95cc028c1e9d{ip: 192.168.164.209, host: pr-hdds-2206-npvv8-3563359771, networkLocation: /default-rack, certSerialId: null}, Type:RATIS, Factor:THREE, State:CLOSED] from datanode b8d03a4d-e915-4eff-b2e5-95cc028c1e9d{ip: 192.168.164.209, host: pr-hdds-2206-npvv8-3563359771, networkLocation: /default-rack, certSerialId: null}. Reason : b8d03a4d-e915-4eff-b2e5-95cc028c1e9d has not seen follower/s 58d7d782-e238-4c9b-b037-a54f89fdb2a5 for 120700ms 0f24eb1f-961d-4620-8d5d-0b1f3f575a32 for 125718ms
2019-10-11 07:12:29,277 [EventQueue-PipelineActionsForPipelineActionHandler] INFO  pipeline.SCMPipelineManager (SCMPipelineManager.java:finalizeAndDestroyPipeline(315)) - destroying pipeline:Pipeline[ Id: 4b7d3e2b-a92f-4375-b350-b0675d9502c4, Nodes: 0f24eb1f-961d-4620-8d5d-0b1f3f575a32{ip: 192.168.164.209, host: pr-hdds-2206-npvv8-3563359771, networkLocation: /default-rack, certSerialId: null}58d7d782-e238-4c9b-b037-a54f89fdb2a5{ip: 192.168.164.209, host: pr-hdds-2206-npvv8-3563359771, networkLocation: /default-rack, certSerialId: null}b8d03a4d-e915-4eff-b2e5-95cc028c1e9d{ip: 192.168.164.209, host: pr-hdds-2206-npvv8-3563359771, networkLocation: /default-rack, certSerialId: null}, Type:RATIS, Factor:THREE, State:CLOSED]
2019-10-11 07:12:31,303 [org.apache.ratis.server.impl.LogAppender$AppenderDaemon$$Lambda$383/1636840563@bd104fc] ERROR ratis.XceiverServerRatis (XceiverServerRatis.java:triggerPipelineClose(582)) - pipeline Action CLOSE  on pipeline PipelineID=4b7d3e2b-a92f-4375-b350-b0675d9502c4.Reason : b8d03a4d-e915-4eff-b2e5-95cc028c1e9d has not seen follower/s 58d7d782-e238-4c9b-b037-a54f89fdb2a5 for 123202ms 0f24eb1f-961d-4620-8d5d-0b1f3f575a32 for 128220ms
2019-10-11 07:12:31,305 [grpc-default-executor-3] WARN  server.GrpcLogAppender (LogUtils.java:warn(134)) - b8d03a4d-e915-4eff-b2e5-95cc028c1e9d@group-B0675D9502C4->58d7d782-e238-4c9b-b037-a54f89fdb2a5-AppendLogResponseHandler: Failed appendEntries: org.apache.ratis.thirdparty.io.grpc.StatusRuntimeException: UNAVAILABLE: io exception
2019-10-11 07:12:31,306 [grpc-default-executor-3] INFO  impl.FollowerInfo (FollowerInfo.java:lambda$new$0(51)) - b8d03a4d-e915-4eff-b2e5-95cc028c1e9d@group-B0675D9502C4->58d7d782-e238-4c9b-b037-a54f89fdb2a5: nextIndex: updateUnconditionally 0 -> 0
2019-10-11 07:12:31,337 [org.apache.ratis.server.impl.LogAppender$AppenderDaemon$$Lambda$383/1636840563@102097dc] ERROR ratis.XceiverServerRatis (XceiverServerRatis.java:triggerPipelineClose(582)) - pipeline Action CLOSE  on pipeline PipelineID=4b7d3e2b-a92f-4375-b350-b0675d9502c4.Reason : b8d03a4d-e915-4eff-b2e5-95cc028c1e9d has not seen follower/s 58d7d782-e238-4c9b-b037-a54f89fdb2a5 for 123235ms 0f24eb1f-961d-4620-8d5d-0b1f3f575a32 for 128254ms
2019-10-11 07:12:31,338 [grpc-default-executor-3] WARN  server.GrpcLogAppender (LogUtils.java:warn(134)) - b8d03a4d-e915-4eff-b2e5-95cc028c1e9d@group-B0675D9502C4->0f24eb1f-961d-4620-8d5d-0b1f3f575a32-AppendLogResponseHandler: Failed appendEntries: org.apache.ratis.thirdparty.io.grpc.StatusRuntimeException: UNAVAILABLE: io exception
2019-10-11 07:12:31,338 [grpc-default-executor-3] INFO  impl.FollowerInfo (FollowerInfo.java:lambda$new$0(51)) - b8d03a4d-e915-4eff-b2e5-95cc028c1e9d@group-B0675D9502C4->0f24eb1f-961d-4620-8d5d-0b1f3f575a32: nextIndex: updateUnconditionally 0 -> 0
2019-10-11 07:12:32,277 [EventQueue-PipelineActionsForPipelineActionHandler] ERROR pipeline.PipelineActionHandler (PipelineActionHandler.java:onMessage(60)) - Received pipeline action CLOSE for Pipeline[ Id: 4b7d3e2b-a92f-4375-b350-b0675d9502c4, Nodes: 0f24eb1f-961d-4620-8d5d-0b1f3f575a32{ip: 192.168.164.209, host: pr-hdds-2206-npvv8-3563359771, networkLocation: /default-rack, certSerialId: null}58d7d782-e238-4c9b-b037-a54f89fdb2a5{ip: 192.168.164.209, host: pr-hdds-2206-npvv8-3563359771, networkLocation: /default-rack, certSerialId: null}b8d03a4d-e915-4eff-b2e5-95cc028c1e9d{ip: 192.168.164.209, host: pr-hdds-2206-npvv8-3563359771, networkLocation: /default-rack, certSerialId: null}, Type:RATIS, Factor:THREE, State:CLOSED] from datanode b8d03a4d-e915-4eff-b2e5-95cc028c1e9d{ip: 192.168.164.209, host: pr-hdds-2206-npvv8-3563359771, networkLocation: /default-rack, certSerialId: null}. Reason : b8d03a4d-e915-4eff-b2e5-95cc028c1e9d has not seen follower/s 58d7d782-e238-4c9b-b037-a54f89fdb2a5 for 123202ms 0f24eb1f-961d-4620-8d5d-0b1f3f575a32 for 128220ms
2019-10-11 07:12:32,277 [EventQueue-PipelineActionsForPipelineActionHandler] INFO  pipeline.SCMPipelineManager (SCMPipelineManager.java:finalizeAndDestroyPipeline(315)) - destroying pipeline:Pipeline[ Id: 4b7d3e2b-a92f-4375-b350-b0675d9502c4, Nodes: 0f24eb1f-961d-4620-8d5d-0b1f3f575a32{ip: 192.168.164.209, host: pr-hdds-2206-npvv8-3563359771, networkLocation: /default-rack, certSerialId: null}58d7d782-e238-4c9b-b037-a54f89fdb2a5{ip: 192.168.164.209, host: pr-hdds-2206-npvv8-3563359771, networkLocation: /default-rack, certSerialId: null}b8d03a4d-e915-4eff-b2e5-95cc028c1e9d{ip: 192.168.164.209, host: pr-hdds-2206-npvv8-3563359771, networkLocation: /default-rack, certSerialId: null}, Type:RATIS, Factor:THREE, State:CLOSED]
2019-10-11 07:12:33,786 [main] INFO  server.BaseHttpServer (BaseHttpServer.java:updateConnectorAddress(215)) - HTTP server of SCM is listening at http://0.0.0.0:42622
2019-10-11 07:12:33,792 [org.apache.hadoop.util.JvmPauseMonitor$Monitor@5b1c32e4] INFO  util.JvmPauseMonitor (JvmPauseMonitor.java:run(188)) - Starting JVM pause monitor
2019-10-11 07:12:33,792 [main] WARN  server.ServerUtils (ServerUtils.java:getDBPath(222)) - ozone.om.db.dirs is not configured. We recommend adding this setting. Falling back to ozone.metadata.dirs instead.
2019-10-11 07:12:33,807 [org.apache.ratis.server.impl.LogAppender$AppenderDaemon$$Lambda$383/1636840563@bd104fc] ERROR ratis.XceiverServerRatis (XceiverServerRatis.java:triggerPipelineClose(582)) - pipeline Action CLOSE  on pipeline PipelineID=4b7d3e2b-a92f-4375-b350-b0675d9502c4.Reason : b8d03a4d-e915-4eff-b2e5-95cc028c1e9d has not seen follower/s 58d7d782-e238-4c9b-b037-a54f89fdb2a5 for 125705ms 0f24eb1f-961d-4620-8d5d-0b1f3f575a32 for 130723ms
2019-10-11 07:12:33,810 [grpc-default-executor-7] WARN  server.GrpcLogAppender (LogUtils.java:warn(134)) - b8d03a4d-e915-4eff-b2e5-95cc028c1e9d@group-B0675D9502C4->58d7d782-e238-4c9b-b037-a54f89fdb2a5-AppendLogResponseHandler: Failed appendEntries: org.apache.ratis.thirdparty.io.grpc.StatusRuntimeException: UNAVAILABLE: io exception
2019-10-11 07:12:33,811 [grpc-default-executor-7] INFO  impl.FollowerInfo (FollowerInfo.java:lambda$new$0(51)) - b8d03a4d-e915-4eff-b2e5-95cc028c1e9d@group-B0675D9502C4->58d7d782-e238-4c9b-b037-a54f89fdb2a5: nextIndex: updateUnconditionally 0 -> 0
2019-10-11 07:12:33,817 [main] INFO  ha.OMHANodeDetails (OMHANodeDetails.java:loadOMHAConfig(190)) - Configuration either no ozone.om.address set. Falling back to the default OM address /127.0.0.1:0
2019-10-11 07:12:33,817 [main] INFO  ha.OMHANodeDetails (OMHANodeDetails.java:getOMNodeDetails(220)) - OM Service ID is not set. Setting it to the default ID: omServiceIdDefault
2019-10-11 07:12:33,818 [main] WARN  server.ServerUtils (ServerUtils.java:getDBPath(222)) - ozone.om.db.dirs is not configured. We recommend adding this setting. Falling back to ozone.metadata.dirs instead.
2019-10-11 07:12:33,818 [main] WARN  server.ServerUtils (ServerUtils.java:getDBPath(222)) - ozone.om.db.dirs is not configured. We recommend adding this setting. Falling back to ozone.metadata.dirs instead.
2019-10-11 07:12:33,830 [main] WARN  server.ServerUtils (ServerUtils.java:getDBPath(222)) - ozone.om.db.dirs is not configured. We recommend adding this setting. Falling back to ozone.metadata.dirs instead.
2019-10-11 07:12:33,831 [main] INFO  db.DBStoreBuilder (DBStoreBuilder.java:addTable(117)) - using custom profile for table: userTable
2019-10-11 07:12:33,831 [main] INFO  db.DBStoreBuilder (DBStoreBuilder.java:processTables(168)) - Using default column profile:DBProfile.DISK for Table:userTable
2019-10-11 07:12:33,832 [main] INFO  db.DBStoreBuilder (DBStoreBuilder.java:addTable(117)) - using custom profile for table: volumeTable
2019-10-11 07:12:33,832 [main] INFO  db.DBStoreBuilder (DBStoreBuilder.java:processTables(168)) - Using default column profile:DBProfile.DISK for Table:volumeTable
2019-10-11 07:12:33,832 [main] INFO  db.DBStoreBuilder (DBStoreBuilder.java:addTable(117)) - using custom profile for table: bucketTable
2019-10-11 07:12:33,832 [main] INFO  db.DBStoreBuilder (DBStoreBuilder.java:processTables(168)) - Using default column profile:DBProfile.DISK for Table:bucketTable
2019-10-11 07:12:33,833 [main] INFO  db.DBStoreBuilder (DBStoreBuilder.java:addTable(117)) - using custom profile for table: keyTable
2019-10-11 07:12:33,833 [main] INFO  db.DBStoreBuilder (DBStoreBuilder.java:processTables(168)) - Using default column profile:DBProfile.DISK for Table:keyTable
2019-10-11 07:12:33,833 [main] INFO  db.DBStoreBuilder (DBStoreBuilder.java:addTable(117)) - using custom profile for table: deletedTable
2019-10-11 07:12:33,833 [main] INFO  db.DBStoreBuilder (DBStoreBuilder.java:processTables(168)) - Using default column profile:DBProfile.DISK for Table:deletedTable
2019-10-11 07:12:33,834 [main] INFO  db.DBStoreBuilder (DBStoreBuilder.java:addTable(117)) - using custom profile for table: openKeyTable
2019-10-11 07:12:33,834 [main] INFO  db.DBStoreBuilder (DBStoreBuilder.java:processTables(168)) - Using default column profile:DBProfile.DISK for Table:openKeyTable
2019-10-11 07:12:33,834 [main] INFO  db.DBStoreBuilder (DBStoreBuilder.java:addTable(117)) - using custom profile for table: s3Table
2019-10-11 07:12:33,834 [main] INFO  db.DBStoreBuilder (DBStoreBuilder.java:processTables(168)) - Using default column profile:DBProfile.DISK for Table:s3Table
2019-10-11 07:12:33,835 [main] INFO  db.DBStoreBuilder (DBStoreBuilder.java:addTable(117)) - using custom profile for table: multipartInfoTable
2019-10-11 07:12:33,835 [main] INFO  db.DBStoreBuilder (DBStoreBuilder.java:processTables(168)) - Using default column profile:DBProfile.DISK for Table:multipartInfoTable
2019-10-11 07:12:33,835 [main] INFO  db.DBStoreBuilder (DBStoreBuilder.java:addTable(117)) - using custom profile for table: dTokenTable
2019-10-11 07:12:33,835 [main] INFO  db.DBStoreBuilder (DBStoreBuilder.java:processTables(168)) - Using default column profile:DBProfile.DISK for Table:dTokenTable
2019-10-11 07:12:33,835 [main] INFO  db.DBStoreBuilder (DBStoreBuilder.java:addTable(117)) - using custom profile for table: s3SecretTable
2019-10-11 07:12:33,836 [main] INFO  db.DBStoreBuilder (DBStoreBuilder.java:processTables(168)) - Using default column profile:DBProfile.DISK for Table:s3SecretTable
2019-10-11 07:12:33,836 [main] INFO  db.DBStoreBuilder (DBStoreBuilder.java:addTable(117)) - using custom profile for table: prefixTable
2019-10-11 07:12:33,836 [main] INFO  db.DBStoreBuilder (DBStoreBuilder.java:processTables(168)) - Using default column profile:DBProfile.DISK for Table:prefixTable
2019-10-11 07:12:33,836 [main] INFO  db.DBStoreBuilder (DBStoreBuilder.java:addTable(117)) - using custom profile for table: default
2019-10-11 07:12:33,837 [main] INFO  db.DBStoreBuilder (DBStoreBuilder.java:processTables(174)) - Using default column profile:DBProfile.DISK for Table:default
2019-10-11 07:12:33,837 [main] INFO  db.DBStoreBuilder (DBStoreBuilder.java:getDbProfile(205)) - Using default options. DBProfile.DISK
2019-10-11 07:12:33,838 [org.apache.ratis.server.impl.LogAppender$AppenderDaemon$$Lambda$383/1636840563@102097dc] ERROR ratis.XceiverServerRatis (XceiverServerRatis.java:triggerPipelineClose(582)) - pipeline Action CLOSE  on pipeline PipelineID=4b7d3e2b-a92f-4375-b350-b0675d9502c4.Reason : b8d03a4d-e915-4eff-b2e5-95cc028c1e9d has not seen follower/s 58d7d782-e238-4c9b-b037-a54f89fdb2a5 for 125736ms 0f24eb1f-961d-4620-8d5d-0b1f3f575a32 for 130754ms
2019-10-11 07:12:33,839 [grpc-default-executor-6] WARN  server.GrpcLogAppender (LogUtils.java:warn(134)) - b8d03a4d-e915-4eff-b2e5-95cc028c1e9d@group-B0675D9502C4->0f24eb1f-961d-4620-8d5d-0b1f3f575a32-AppendLogResponseHandler: Failed appendEntries: org.apache.ratis.thirdparty.io.grpc.StatusRuntimeException: UNAVAILABLE: io exception
2019-10-11 07:12:33,840 [grpc-default-executor-6] INFO  impl.FollowerInfo (FollowerInfo.java:lambda$new$0(51)) - b8d03a4d-e915-4eff-b2e5-95cc028c1e9d@group-B0675D9502C4->0f24eb1f-961d-4620-8d5d-0b1f3f575a32: nextIndex: updateUnconditionally 0 -> 0
2019-10-11 07:12:34,277 [EventQueue-PipelineActionsForPipelineActionHandler] ERROR pipeline.PipelineActionHandler (PipelineActionHandler.java:onMessage(60)) - Received pipeline action CLOSE for Pipeline[ Id: 4b7d3e2b-a92f-4375-b350-b0675d9502c4, Nodes: 0f24eb1f-961d-4620-8d5d-0b1f3f575a32{ip: 192.168.164.209, host: pr-hdds-2206-npvv8-3563359771, networkLocation: /default-rack, certSerialId: null}58d7d782-e238-4c9b-b037-a54f89fdb2a5{ip: 192.168.164.209, host: pr-hdds-2206-npvv8-3563359771, networkLocation: /default-rack, certSerialId: null}b8d03a4d-e915-4eff-b2e5-95cc028c1e9d{ip: 192.168.164.209, host: pr-hdds-2206-npvv8-3563359771, networkLocation: /default-rack, certSerialId: null}, Type:RATIS, Factor:THREE, State:CLOSED] from datanode b8d03a4d-e915-4eff-b2e5-95cc028c1e9d{ip: 192.168.164.209, host: pr-hdds-2206-npvv8-3563359771, networkLocation: /default-rack, certSerialId: null}. Reason : b8d03a4d-e915-4eff-b2e5-95cc028c1e9d has not seen follower/s 58d7d782-e238-4c9b-b037-a54f89fdb2a5 for 125705ms 0f24eb1f-961d-4620-8d5d-0b1f3f575a32 for 130723ms
2019-10-11 07:12:34,278 [EventQueue-PipelineActionsForPipelineActionHandler] INFO  pipeline.SCMPipelineManager (SCMPipelineManager.java:finalizeAndDestroyPipeline(315)) - destroying pipeline:Pipeline[ Id: 4b7d3e2b-a92f-4375-b350-b0675d9502c4, Nodes: 0f24eb1f-961d-4620-8d5d-0b1f3f575a32{ip: 192.168.164.209, host: pr-hdds-2206-npvv8-3563359771, networkLocation: /default-rack, certSerialId: null}58d7d782-e238-4c9b-b037-a54f89fdb2a5{ip: 192.168.164.209, host: pr-hdds-2206-npvv8-3563359771, networkLocation: /default-rack, certSerialId: null}b8d03a4d-e915-4eff-b2e5-95cc028c1e9d{ip: 192.168.164.209, host: pr-hdds-2206-npvv8-3563359771, networkLocation: /default-rack, certSerialId: null}, Type:RATIS, Factor:THREE, State:CLOSED]
2019-10-11 07:12:34,422 [main] INFO  ipc.CallQueueManager (CallQueueManager.java:<init>(84)) - Using callQueue: class java.util.concurrent.LinkedBlockingQueue, queueCapacity: 2000, scheduler: class org.apache.hadoop.ipc.DefaultRpcScheduler, ipcBackoff: false.
2019-10-11 07:12:34,423 [Socket Reader #1 for port 43702] INFO  ipc.Server (Server.java:run(1074)) - Starting Socket Reader #1 for port 43702
2019-10-11 07:12:34,439 [main] INFO  om.OzoneManager (OzoneManager.java:start(1061)) - OzoneManager RPC server is listening at localhost/127.0.0.1:43702
2019-10-11 07:12:34,439 [main] INFO  impl.MetricsSystemImpl (MetricsSystemImpl.java:init(158)) - OzoneManager metrics system started (again)
2019-10-11 07:12:34,442 [IPC Server Responder] INFO  ipc.Server (Server.java:run(1314)) - IPC Server Responder: starting
2019-10-11 07:12:34,442 [IPC Server listener on 43702] INFO  ipc.Server (Server.java:run(1153)) - IPC Server listener on 43702: starting
2019-10-11 07:12:36,308 [org.apache.ratis.server.impl.LogAppender$AppenderDaemon$$Lambda$383/1636840563@bd104fc] ERROR ratis.XceiverServerRatis (XceiverServerRatis.java:triggerPipelineClose(582)) - pipeline Action CLOSE  on pipeline PipelineID=4b7d3e2b-a92f-4375-b350-b0675d9502c4.Reason : b8d03a4d-e915-4eff-b2e5-95cc028c1e9d has not seen follower/s 58d7d782-e238-4c9b-b037-a54f89fdb2a5 for 128206ms 0f24eb1f-961d-4620-8d5d-0b1f3f575a32 for 133224ms
2019-10-11 07:12:36,309 [grpc-default-executor-7] WARN  server.GrpcLogAppender (LogUtils.java:warn(134)) - b8d03a4d-e915-4eff-b2e5-95cc028c1e9d@group-B0675D9502C4->58d7d782-e238-4c9b-b037-a54f89fdb2a5-AppendLogResponseHandler: Failed appendEntries: org.apache.ratis.thirdparty.io.grpc.StatusRuntimeException: UNAVAILABLE: io exception
2019-10-11 07:12:36,309 [grpc-default-executor-7] INFO  impl.FollowerInfo (FollowerInfo.java:lambda$new$0(51)) - b8d03a4d-e915-4eff-b2e5-95cc028c1e9d@group-B0675D9502C4->58d7d782-e238-4c9b-b037-a54f89fdb2a5: nextIndex: updateUnconditionally 0 -> 0
2019-10-11 07:12:36,339 [org.apache.ratis.server.impl.LogAppender$AppenderDaemon$$Lambda$383/1636840563@102097dc] ERROR ratis.XceiverServerRatis (XceiverServerRatis.java:triggerPipelineClose(582)) - pipeline Action CLOSE  on pipeline PipelineID=4b7d3e2b-a92f-4375-b350-b0675d9502c4.Reason : b8d03a4d-e915-4eff-b2e5-95cc028c1e9d has not seen follower/s 58d7d782-e238-4c9b-b037-a54f89fdb2a5 for 128237ms 0f24eb1f-961d-4620-8d5d-0b1f3f575a32 for 133255ms
2019-10-11 07:12:36,339 [grpc-default-executor-3] WARN  server.GrpcLogAppender (LogUtils.java:warn(134)) - b8d03a4d-e915-4eff-b2e5-95cc028c1e9d@group-B0675D9502C4->0f24eb1f-961d-4620-8d5d-0b1f3f575a32-AppendLogResponseHandler: Failed appendEntries: org.apache.ratis.thirdparty.io.grpc.StatusRuntimeException: UNAVAILABLE: io exception
2019-10-11 07:12:36,340 [grpc-default-executor-3] INFO  impl.FollowerInfo (FollowerInfo.java:lambda$new$0(51)) - b8d03a4d-e915-4eff-b2e5-95cc028c1e9d@group-B0675D9502C4->0f24eb1f-961d-4620-8d5d-0b1f3f575a32: nextIndex: updateUnconditionally 0 -> 0
2019-10-11 07:12:37,281 [EventQueue-PipelineActionsForPipelineActionHandler] ERROR pipeline.PipelineActionHandler (PipelineActionHandler.java:onMessage(60)) - Received pipeline action CLOSE for Pipeline[ Id: 4b7d3e2b-a92f-4375-b350-b0675d9502c4, Nodes: 0f24eb1f-961d-4620-8d5d-0b1f3f575a32{ip: 192.168.164.209, host: pr-hdds-2206-npvv8-3563359771, networkLocation: /default-rack, certSerialId: null}58d7d782-e238-4c9b-b037-a54f89fdb2a5{ip: 192.168.164.209, host: pr-hdds-2206-npvv8-3563359771, networkLocation: /default-rack, certSerialId: null}b8d03a4d-e915-4eff-b2e5-95cc028c1e9d{ip: 192.168.164.209, host: pr-hdds-2206-npvv8-3563359771, networkLocation: /default-rack, certSerialId: null}, Type:RATIS, Factor:THREE, State:CLOSED] from datanode b8d03a4d-e915-4eff-b2e5-95cc028c1e9d{ip: 192.168.164.209, host: pr-hdds-2206-npvv8-3563359771, networkLocation: /default-rack, certSerialId: null}. Reason : b8d03a4d-e915-4eff-b2e5-95cc028c1e9d has not seen follower/s 58d7d782-e238-4c9b-b037-a54f89fdb2a5 for 128206ms 0f24eb1f-961d-4620-8d5d-0b1f3f575a32 for 133224ms
2019-10-11 07:12:37,282 [EventQueue-PipelineActionsForPipelineActionHandler] INFO  pipeline.SCMPipelineManager (SCMPipelineManager.java:finalizeAndDestroyPipeline(315)) - destroying pipeline:Pipeline[ Id: 4b7d3e2b-a92f-4375-b350-b0675d9502c4, Nodes: 0f24eb1f-961d-4620-8d5d-0b1f3f575a32{ip: 192.168.164.209, host: pr-hdds-2206-npvv8-3563359771, networkLocation: /default-rack, certSerialId: null}58d7d782-e238-4c9b-b037-a54f89fdb2a5{ip: 192.168.164.209, host: pr-hdds-2206-npvv8-3563359771, networkLocation: /default-rack, certSerialId: null}b8d03a4d-e915-4eff-b2e5-95cc028c1e9d{ip: 192.168.164.209, host: pr-hdds-2206-npvv8-3563359771, networkLocation: /default-rack, certSerialId: null}, Type:RATIS, Factor:THREE, State:CLOSED]
2019-10-11 07:12:38,810 [org.apache.ratis.server.impl.LogAppender$AppenderDaemon$$Lambda$383/1636840563@bd104fc] ERROR ratis.XceiverServerRatis (XceiverServerRatis.java:triggerPipelineClose(582)) - pipeline Action CLOSE  on pipeline PipelineID=4b7d3e2b-a92f-4375-b350-b0675d9502c4.Reason : b8d03a4d-e915-4eff-b2e5-95cc028c1e9d has not seen follower/s 58d7d782-e238-4c9b-b037-a54f89fdb2a5 for 130709ms 0f24eb1f-961d-4620-8d5d-0b1f3f575a32 for 135727ms
2019-10-11 07:12:38,813 [grpc-default-executor-7] WARN  server.GrpcLogAppender (LogUtils.java:warn(134)) - b8d03a4d-e915-4eff-b2e5-95cc028c1e9d@group-B0675D9502C4->58d7d782-e238-4c9b-b037-a54f89fdb2a5-AppendLogResponseHandler: Failed appendEntries: org.apache.ratis.thirdparty.io.grpc.StatusRuntimeException: UNAVAILABLE: io exception
2019-10-11 07:12:38,813 [grpc-default-executor-7] INFO  impl.FollowerInfo (FollowerInfo.java:lambda$new$0(51)) - b8d03a4d-e915-4eff-b2e5-95cc028c1e9d@group-B0675D9502C4->58d7d782-e238-4c9b-b037-a54f89fdb2a5: nextIndex: updateUnconditionally 0 -> 0
2019-10-11 07:12:38,839 [org.apache.ratis.server.impl.LogAppender$AppenderDaemon$$Lambda$383/1636840563@102097dc] ERROR ratis.XceiverServerRatis (XceiverServerRatis.java:triggerPipelineClose(582)) - pipeline Action CLOSE  on pipeline PipelineID=4b7d3e2b-a92f-4375-b350-b0675d9502c4.Reason : b8d03a4d-e915-4eff-b2e5-95cc028c1e9d has not seen follower/s 58d7d782-e238-4c9b-b037-a54f89fdb2a5 for 130738ms 0f24eb1f-961d-4620-8d5d-0b1f3f575a32 for 135756ms
2019-10-11 07:12:38,840 [grpc-default-executor-7] WARN  server.GrpcLogAppender (LogUtils.java:warn(134)) - b8d03a4d-e915-4eff-b2e5-95cc028c1e9d@group-B0675D9502C4->0f24eb1f-961d-4620-8d5d-0b1f3f575a32-AppendLogResponseHandler: Failed appendEntries: org.apache.ratis.thirdparty.io.grpc.StatusRuntimeException: UNAVAILABLE: io exception
2019-10-11 07:12:38,841 [grpc-default-executor-7] INFO  impl.FollowerInfo (FollowerInfo.java:lambda$new$0(51)) - b8d03a4d-e915-4eff-b2e5-95cc028c1e9d@group-B0675D9502C4->0f24eb1f-961d-4620-8d5d-0b1f3f575a32: nextIndex: updateUnconditionally 0 -> 0
2019-10-11 07:12:39,286 [EventQueue-PipelineActionsForPipelineActionHandler] ERROR pipeline.PipelineActionHandler (PipelineActionHandler.java:onMessage(60)) - Received pipeline action CLOSE for Pipeline[ Id: 4b7d3e2b-a92f-4375-b350-b0675d9502c4, Nodes: 0f24eb1f-961d-4620-8d5d-0b1f3f575a32{ip: 192.168.164.209, host: pr-hdds-2206-npvv8-3563359771, networkLocation: /default-rack, certSerialId: null}58d7d782-e238-4c9b-b037-a54f89fdb2a5{ip: 192.168.164.209, host: pr-hdds-2206-npvv8-3563359771, networkLocation: /default-rack, certSerialId: null}b8d03a4d-e915-4eff-b2e5-95cc028c1e9d{ip: 192.168.164.209, host: pr-hdds-2206-npvv8-3563359771, networkLocation: /default-rack, certSerialId: null}, Type:RATIS, Factor:THREE, State:CLOSED] from datanode b8d03a4d-e915-4eff-b2e5-95cc028c1e9d{ip: 192.168.164.209, host: pr-hdds-2206-npvv8-3563359771, networkLocation: /default-rack, certSerialId: null}. Reason : b8d03a4d-e915-4eff-b2e5-95cc028c1e9d has not seen follower/s 58d7d782-e238-4c9b-b037-a54f89fdb2a5 for 130709ms 0f24eb1f-961d-4620-8d5d-0b1f3f575a32 for 135727ms
2019-10-11 07:12:39,286 [EventQueue-PipelineActionsForPipelineActionHandler] INFO  pipeline.SCMPipelineManager (SCMPipelineManager.java:finalizeAndDestroyPipeline(315)) - destroying pipeline:Pipeline[ Id: 4b7d3e2b-a92f-4375-b350-b0675d9502c4, Nodes: 0f24eb1f-961d-4620-8d5d-0b1f3f575a32{ip: 192.168.164.209, host: pr-hdds-2206-npvv8-3563359771, networkLocation: /default-rack, certSerialId: null}58d7d782-e238-4c9b-b037-a54f89fdb2a5{ip: 192.168.164.209, host: pr-hdds-2206-npvv8-3563359771, networkLocation: /default-rack, certSerialId: null}b8d03a4d-e915-4eff-b2e5-95cc028c1e9d{ip: 192.168.164.209, host: pr-hdds-2206-npvv8-3563359771, networkLocation: /default-rack, certSerialId: null}, Type:RATIS, Factor:THREE, State:CLOSED]
2019-10-11 07:12:39,454 [main] INFO  hdfs.DFSUtil (DFSUtil.java:httpServerTemplateForNNAndJN(1641)) - Starting Web-server for ozoneManager at: http://0.0.0.0:0
2019-10-11 07:12:39,458 [main] INFO  server.AuthenticationFilter (AuthenticationFilter.java:constructSecretProvider(240)) - Unable to initialize FileSignerSecretProvider, falling back to use random secrets.
2019-10-11 07:12:39,459 [main] WARN  http.HttpRequestLog (HttpRequestLog.java:getRequestLog(97)) - Jetty request log can only be enabled using Log4j
2019-10-11 07:12:39,462 [main] INFO  http.HttpServer2 (HttpServer2.java:addGlobalFilter(975)) - Added global filter 'safety' (class=org.apache.hadoop.http.HttpServer2$QuotingInputFilter)
2019-10-11 07:12:39,463 [main] INFO  http.HttpServer2 (HttpServer2.java:addFilter(948)) - Added filter static_user_filter (class=org.apache.hadoop.http.lib.StaticUserWebFilter$StaticUserFilter) to context ozoneManager
2019-10-11 07:12:39,463 [main] INFO  http.HttpServer2 (HttpServer2.java:addFilter(958)) - Added filter static_user_filter (class=org.apache.hadoop.http.lib.StaticUserWebFilter$StaticUserFilter) to context logs
2019-10-11 07:12:39,463 [main] INFO  http.HttpServer2 (HttpServer2.java:addFilter(958)) - Added filter static_user_filter (class=org.apache.hadoop.http.lib.StaticUserWebFilter$StaticUserFilter) to context static
2019-10-11 07:12:39,465 [main] INFO  http.HttpServer2 (HttpServer2.java:bindListener(1191)) - Jetty bound to port 45538
2019-10-11 07:12:39,465 [main] INFO  server.Server (Server.java:doStart(351)) - jetty-9.3.25.v20180904, build timestamp: 2018-09-04T21:11:46Z, git hash: 3ce520221d0240229c862b122d2b06c12a625732
2019-10-11 07:12:39,467 [main] INFO  handler.ContextHandler (ContextHandler.java:doStart(781)) - Started o.e.j.s.ServletContextHandler@4f1afe8f{/logs,file:///workdir/hadoop-ozone/integration-test/target/log,AVAILABLE}
2019-10-11 07:12:39,468 [main] INFO  handler.ContextHandler (ContextHandler.java:doStart(781)) - Started o.e.j.s.ServletContextHandler@443a06ad{/static,file:///workdir/hadoop-ozone/integration-test/target/test-classes/webapps/static,AVAILABLE}
2019-10-11 07:12:39,476 [main] INFO  handler.ContextHandler (ContextHandler.java:doStart(781)) - Started o.e.j.w.WebAppContext@5438fa43{/,file:///workdir/hadoop-ozone/integration-test/target/test-classes/webapps/ozoneManager/,AVAILABLE}{/ozoneManager}
2019-10-11 07:12:39,477 [main] INFO  server.AbstractConnector (AbstractConnector.java:doStart(278)) - Started ServerConnector@512abf25{HTTP/1.1,[http/1.1]}{0.0.0.0:45538}
2019-10-11 07:12:39,480 [main] INFO  server.Server (Server.java:doStart(419)) - Started @406642ms
2019-10-11 07:12:39,480 [main] WARN  impl.MetricsSystemImpl (MetricsSystemImpl.java:register(276)) - Sink prometheus already exists!
2019-10-11 07:12:39,481 [main] INFO  server.BaseHttpServer (BaseHttpServer.java:updateConnectorAddress(215)) - HTTP server of OZONEMANAGER is listening at http://0.0.0.0:45538
2019-10-11 07:12:39,509 [main] INFO  impl.MetricsSystemImpl (MetricsSystemImpl.java:init(158)) - HddsDatanode metrics system started (again)
2019-10-11 07:12:39,530 [main] INFO  ozone.HddsDatanodeService (HddsDatanodeService.java:start(184)) - HddsDatanodeService host:pr-hdds-2206-npvv8-3563359771 ip:192.168.164.209
2019-10-11 07:12:39,539 [main] INFO  volume.HddsVolume (HddsVolume.java:<init>(176)) - Creating Volume: /workdir/hadoop-ozone/integration-test/target/test-dir/MiniOzoneClusterImpl-06bc33bc-b6bc-4d69-8e6b-09fb0b06b8ae/datanode-0/data/containers/hdds of  storage type : DISK and capacity : 1482555576320
2019-10-11 07:12:39,539 [main] INFO  volume.VolumeSet (VolumeSet.java:initializeVolumeSet(170)) - Added Volume : /workdir/hadoop-ozone/integration-test/target/test-dir/MiniOzoneClusterImpl-06bc33bc-b6bc-4d69-8e6b-09fb0b06b8ae/datanode-0/data/containers/hdds to VolumeSet
2019-10-11 07:12:39,540 [main] INFO  volume.ThrottledAsyncChecker (ThrottledAsyncChecker.java:schedule(141)) - Scheduling a check for org.apache.hadoop.ozone.container.common.volume.HddsVolume@28be7fec
2019-10-11 07:12:39,540 [main] INFO  volume.HddsVolumeChecker (HddsVolumeChecker.java:checkAllVolumes(204)) - Scheduled health check for volume org.apache.hadoop.ozone.container.common.volume.HddsVolume@28be7fec
2019-10-11 07:12:39,556 [main] INFO  impl.RaftServerProxy (ConfUtils.java:logGet(43)) - raft.rpc.type = GRPC (default)
2019-10-11 07:12:39,556 [main] INFO  grpc.GrpcFactory (GrpcFactory.java:checkPooledByteBufAllocatorUseCacheForAllThreads(45)) - PERFORMANCE WARNING: useCacheForAllThreads is true that may cause Netty to create a lot garbage objects and, as a result, trigger GC.
	It is recommended to disable useCacheForAllThreads by setting -Dorg.apache.ratis.thirdparty.io.netty.allocator.useCacheForAllThreads=false in command line.
2019-10-11 07:12:39,557 [main] INFO  grpc.GrpcConfigKeys$Server (ConfUtils.java:logGet(43)) - raft.grpc.server.port = 0 (default)
2019-10-11 07:12:39,557 [main] INFO  server.GrpcService (ConfUtils.java:logGet(43)) - raft.grpc.message.size.max = 33570816 (custom)
2019-10-11 07:12:39,557 [main] INFO  server.RaftServerConfigKeys (ConfUtils.java:logGet(43)) - raft.server.log.appender.buffer.byte-limit = 33554432 (custom)
2019-10-11 07:12:39,557 [main] INFO  server.GrpcService (ConfUtils.java:logGet(43)) - raft.grpc.flow.control.window = 1MB (=1048576) (default)
2019-10-11 07:12:39,557 [main] INFO  server.RaftServerConfigKeys (ConfUtils.java:logGet(43)) - raft.server.rpc.request.timeout = 3000ms (default)
2019-10-11 07:12:39,558 [main] INFO  server.RaftServerConfigKeys (ConfUtils.java:logGet(43)) - raft.server.storage.dir = [/workdir/hadoop-ozone/integration-test/target/test-dir/MiniOzoneClusterImpl-06bc33bc-b6bc-4d69-8e6b-09fb0b06b8ae/datanode-0/data/ratis] (custom)
2019-10-11 07:12:41,313 [org.apache.ratis.server.impl.LogAppender$AppenderDaemon$$Lambda$383/1636840563@bd104fc] ERROR ratis.XceiverServerRatis (XceiverServerRatis.java:triggerPipelineClose(582)) - pipeline Action CLOSE  on pipeline PipelineID=4b7d3e2b-a92f-4375-b350-b0675d9502c4.Reason : b8d03a4d-e915-4eff-b2e5-95cc028c1e9d has not seen follower/s 58d7d782-e238-4c9b-b037-a54f89fdb2a5 for 133211ms 0f24eb1f-961d-4620-8d5d-0b1f3f575a32 for 138229ms
2019-10-11 07:12:41,315 [grpc-default-executor-3] WARN  server.GrpcLogAppender (LogUtils.java:warn(134)) - b8d03a4d-e915-4eff-b2e5-95cc028c1e9d@group-B0675D9502C4->58d7d782-e238-4c9b-b037-a54f89fdb2a5-AppendLogResponseHandler: Failed appendEntries: org.apache.ratis.thirdparty.io.grpc.StatusRuntimeException: UNAVAILABLE: io exception
2019-10-11 07:12:41,315 [grpc-default-executor-3] INFO  impl.FollowerInfo (FollowerInfo.java:lambda$new$0(51)) - b8d03a4d-e915-4eff-b2e5-95cc028c1e9d@group-B0675D9502C4->58d7d782-e238-4c9b-b037-a54f89fdb2a5: nextIndex: updateUnconditionally 0 -> 0
2019-10-11 07:12:41,340 [org.apache.ratis.server.impl.LogAppender$AppenderDaemon$$Lambda$383/1636840563@102097dc] ERROR ratis.XceiverServerRatis (XceiverServerRatis.java:triggerPipelineClose(582)) - pipeline Action CLOSE  on pipeline PipelineID=4b7d3e2b-a92f-4375-b350-b0675d9502c4.Reason : b8d03a4d-e915-4eff-b2e5-95cc028c1e9d has not seen follower/s 58d7d782-e238-4c9b-b037-a54f89fdb2a5 for 133239ms 0f24eb1f-961d-4620-8d5d-0b1f3f575a32 for 138257ms
2019-10-11 07:12:41,341 [grpc-default-executor-6] WARN  server.GrpcLogAppender (LogUtils.java:warn(134)) - b8d03a4d-e915-4eff-b2e5-95cc028c1e9d@group-B0675D9502C4->0f24eb1f-961d-4620-8d5d-0b1f3f575a32-AppendLogResponseHandler: Failed appendEntries: org.apache.ratis.thirdparty.io.grpc.StatusRuntimeException: UNAVAILABLE: io exception
2019-10-11 07:12:41,341 [grpc-default-executor-6] INFO  impl.FollowerInfo (FollowerInfo.java:lambda$new$0(51)) - b8d03a4d-e915-4eff-b2e5-95cc028c1e9d@group-B0675D9502C4->0f24eb1f-961d-4620-8d5d-0b1f3f575a32: nextIndex: updateUnconditionally 0 -> 0
2019-10-11 07:12:42,286 [EventQueue-PipelineActionsForPipelineActionHandler] ERROR pipeline.PipelineActionHandler (PipelineActionHandler.java:onMessage(60)) - Received pipeline action CLOSE for Pipeline[ Id: 4b7d3e2b-a92f-4375-b350-b0675d9502c4, Nodes: 0f24eb1f-961d-4620-8d5d-0b1f3f575a32{ip: 192.168.164.209, host: pr-hdds-2206-npvv8-3563359771, networkLocation: /default-rack, certSerialId: null}58d7d782-e238-4c9b-b037-a54f89fdb2a5{ip: 192.168.164.209, host: pr-hdds-2206-npvv8-3563359771, networkLocation: /default-rack, certSerialId: null}b8d03a4d-e915-4eff-b2e5-95cc028c1e9d{ip: 192.168.164.209, host: pr-hdds-2206-npvv8-3563359771, networkLocation: /default-rack, certSerialId: null}, Type:RATIS, Factor:THREE, State:CLOSED] from datanode b8d03a4d-e915-4eff-b2e5-95cc028c1e9d{ip: 192.168.164.209, host: pr-hdds-2206-npvv8-3563359771, networkLocation: /default-rack, certSerialId: null}. Reason : b8d03a4d-e915-4eff-b2e5-95cc028c1e9d has not seen follower/s 58d7d782-e238-4c9b-b037-a54f89fdb2a5 for 133211ms 0f24eb1f-961d-4620-8d5d-0b1f3f575a32 for 138229ms
2019-10-11 07:12:42,287 [EventQueue-PipelineActionsForPipelineActionHandler] INFO  pipeline.SCMPipelineManager (SCMPipelineManager.java:finalizeAndDestroyPipeline(315)) - destroying pipeline:Pipeline[ Id: 4b7d3e2b-a92f-4375-b350-b0675d9502c4, Nodes: 0f24eb1f-961d-4620-8d5d-0b1f3f575a32{ip: 192.168.164.209, host: pr-hdds-2206-npvv8-3563359771, networkLocation: /default-rack, certSerialId: null}58d7d782-e238-4c9b-b037-a54f89fdb2a5{ip: 192.168.164.209, host: pr-hdds-2206-npvv8-3563359771, networkLocation: /default-rack, certSerialId: null}b8d03a4d-e915-4eff-b2e5-95cc028c1e9d{ip: 192.168.164.209, host: pr-hdds-2206-npvv8-3563359771, networkLocation: /default-rack, certSerialId: null}, Type:RATIS, Factor:THREE, State:CLOSED]
2019-10-11 07:12:43,817 [org.apache.ratis.server.impl.LogAppender$AppenderDaemon$$Lambda$383/1636840563@bd104fc] ERROR ratis.XceiverServerRatis (XceiverServerRatis.java:triggerPipelineClose(582)) - pipeline Action CLOSE  on pipeline PipelineID=4b7d3e2b-a92f-4375-b350-b0675d9502c4.Reason : b8d03a4d-e915-4eff-b2e5-95cc028c1e9d has not seen follower/s 58d7d782-e238-4c9b-b037-a54f89fdb2a5 for 135716ms 0f24eb1f-961d-4620-8d5d-0b1f3f575a32 for 140734ms
2019-10-11 07:12:43,821 [grpc-default-executor-6] WARN  server.GrpcLogAppender (LogUtils.java:warn(134)) - b8d03a4d-e915-4eff-b2e5-95cc028c1e9d@group-B0675D9502C4->58d7d782-e238-4c9b-b037-a54f89fdb2a5-AppendLogResponseHandler: Failed appendEntries: org.apache.ratis.thirdparty.io.grpc.StatusRuntimeException: UNAVAILABLE: io exception
2019-10-11 07:12:43,821 [grpc-default-executor-6] INFO  impl.FollowerInfo (FollowerInfo.java:lambda$new$0(51)) - b8d03a4d-e915-4eff-b2e5-95cc028c1e9d@group-B0675D9502C4->58d7d782-e238-4c9b-b037-a54f89fdb2a5: nextIndex: updateUnconditionally 0 -> 0
2019-10-11 07:12:43,842 [org.apache.ratis.server.impl.LogAppender$AppenderDaemon$$Lambda$383/1636840563@102097dc] ERROR ratis.XceiverServerRatis (XceiverServerRatis.java:triggerPipelineClose(582)) - pipeline Action CLOSE  on pipeline PipelineID=4b7d3e2b-a92f-4375-b350-b0675d9502c4.Reason : b8d03a4d-e915-4eff-b2e5-95cc028c1e9d has not seen follower/s 58d7d782-e238-4c9b-b037-a54f89fdb2a5 for 135740ms 0f24eb1f-961d-4620-8d5d-0b1f3f575a32 for 140758ms
2019-10-11 07:12:43,843 [grpc-default-executor-7] WARN  server.GrpcLogAppender (LogUtils.java:warn(134)) - b8d03a4d-e915-4eff-b2e5-95cc028c1e9d@group-B0675D9502C4->0f24eb1f-961d-4620-8d5d-0b1f3f575a32-AppendLogResponseHandler: Failed appendEntries: org.apache.ratis.thirdparty.io.grpc.StatusRuntimeException: UNAVAILABLE: io exception
2019-10-11 07:12:43,844 [grpc-default-executor-7] INFO  impl.FollowerInfo (FollowerInfo.java:lambda$new$0(51)) - b8d03a4d-e915-4eff-b2e5-95cc028c1e9d@group-B0675D9502C4->0f24eb1f-961d-4620-8d5d-0b1f3f575a32: nextIndex: updateUnconditionally 0 -> 0
2019-10-11 07:12:44,287 [EventQueue-PipelineActionsForPipelineActionHandler] ERROR pipeline.PipelineActionHandler (PipelineActionHandler.java:onMessage(60)) - Received pipeline action CLOSE for Pipeline[ Id: 4b7d3e2b-a92f-4375-b350-b0675d9502c4, Nodes: 0f24eb1f-961d-4620-8d5d-0b1f3f575a32{ip: 192.168.164.209, host: pr-hdds-2206-npvv8-3563359771, networkLocation: /default-rack, certSerialId: null}58d7d782-e238-4c9b-b037-a54f89fdb2a5{ip: 192.168.164.209, host: pr-hdds-2206-npvv8-3563359771, networkLocation: /default-rack, certSerialId: null}b8d03a4d-e915-4eff-b2e5-95cc028c1e9d{ip: 192.168.164.209, host: pr-hdds-2206-npvv8-3563359771, networkLocation: /default-rack, certSerialId: null}, Type:RATIS, Factor:THREE, State:CLOSED] from datanode b8d03a4d-e915-4eff-b2e5-95cc028c1e9d{ip: 192.168.164.209, host: pr-hdds-2206-npvv8-3563359771, networkLocation: /default-rack, certSerialId: null}. Reason : b8d03a4d-e915-4eff-b2e5-95cc028c1e9d has not seen follower/s 58d7d782-e238-4c9b-b037-a54f89fdb2a5 for 135716ms 0f24eb1f-961d-4620-8d5d-0b1f3f575a32 for 140734ms
2019-10-11 07:12:44,287 [EventQueue-PipelineActionsForPipelineActionHandler] INFO  pipeline.SCMPipelineManager (SCMPipelineManager.java:finalizeAndDestroyPipeline(315)) - destroying pipeline:Pipeline[ Id: 4b7d3e2b-a92f-4375-b350-b0675d9502c4, Nodes: 0f24eb1f-961d-4620-8d5d-0b1f3f575a32{ip: 192.168.164.209, host: pr-hdds-2206-npvv8-3563359771, networkLocation: /default-rack, certSerialId: null}58d7d782-e238-4c9b-b037-a54f89fdb2a5{ip: 192.168.164.209, host: pr-hdds-2206-npvv8-3563359771, networkLocation: /default-rack, certSerialId: null}b8d03a4d-e915-4eff-b2e5-95cc028c1e9d{ip: 192.168.164.209, host: pr-hdds-2206-npvv8-3563359771, networkLocation: /default-rack, certSerialId: null}, Type:RATIS, Factor:THREE, State:CLOSED]
2019-10-11 07:12:44,564 [main] INFO  hdfs.DFSUtil (DFSUtil.java:httpServerTemplateForNNAndJN(1641)) - Starting Web-server for hddsDatanode at: http://0.0.0.0:0
2019-10-11 07:12:44,569 [main] INFO  server.AuthenticationFilter (AuthenticationFilter.java:constructSecretProvider(240)) - Unable to initialize FileSignerSecretProvider, falling back to use random secrets.
2019-10-11 07:12:44,571 [main] WARN  http.HttpRequestLog (HttpRequestLog.java:getRequestLog(97)) - Jetty request log can only be enabled using Log4j
2019-10-11 07:12:44,573 [main] INFO  http.HttpServer2 (HttpServer2.java:addGlobalFilter(975)) - Added global filter 'safety' (class=org.apache.hadoop.http.HttpServer2$QuotingInputFilter)
2019-10-11 07:12:44,574 [main] INFO  http.HttpServer2 (HttpServer2.java:addFilter(948)) - Added filter static_user_filter (class=org.apache.hadoop.http.lib.StaticUserWebFilter$StaticUserFilter) to context hddsDatanode
2019-10-11 07:12:44,575 [main] INFO  http.HttpServer2 (HttpServer2.java:addFilter(958)) - Added filter static_user_filter (class=org.apache.hadoop.http.lib.StaticUserWebFilter$StaticUserFilter) to context logs
2019-10-11 07:12:44,575 [main] INFO  http.HttpServer2 (HttpServer2.java:addFilter(958)) - Added filter static_user_filter (class=org.apache.hadoop.http.lib.StaticUserWebFilter$StaticUserFilter) to context static
2019-10-11 07:12:44,576 [main] INFO  http.HttpServer2 (HttpServer2.java:bindListener(1191)) - Jetty bound to port 45961
2019-10-11 07:12:44,576 [main] INFO  server.Server (Server.java:doStart(351)) - jetty-9.3.25.v20180904, build timestamp: 2018-09-04T21:11:46Z, git hash: 3ce520221d0240229c862b122d2b06c12a625732
2019-10-11 07:12:44,579 [main] INFO  handler.ContextHandler (ContextHandler.java:doStart(781)) - Started o.e.j.s.ServletContextHandler@578a5ce8{/logs,file:///workdir/hadoop-ozone/integration-test/target/log,AVAILABLE}
2019-10-11 07:12:44,580 [main] INFO  handler.ContextHandler (ContextHandler.java:doStart(781)) - Started o.e.j.s.ServletContextHandler@16cb9989{/static,jar:file:/home/user/.m2/repository/org/apache/hadoop/hadoop-hdds-container-service/0.5.0-SNAPSHOT/hadoop-hdds-container-service-0.5.0-SNAPSHOT.jar!/webapps/static,AVAILABLE}
2019-10-11 07:12:44,634 [main] INFO  handler.ContextHandler (ContextHandler.java:doStart(781)) - Started o.e.j.w.WebAppContext@46f73ffa{/,file:///tmp/jetty-0.0.0.0-45961-hddsDatanode-_-any-6110517709955385692.dir/webapp/,AVAILABLE}{/hddsDatanode}
2019-10-11 07:12:44,638 [main] INFO  server.AbstractConnector (AbstractConnector.java:doStart(278)) - Started ServerConnector@41aebbb4{HTTP/1.1,[http/1.1]}{0.0.0.0:45961}
2019-10-11 07:12:44,638 [main] INFO  server.Server (Server.java:doStart(419)) - Started @411800ms
2019-10-11 07:12:44,638 [main] WARN  impl.MetricsSystemImpl (MetricsSystemImpl.java:register(276)) - Sink prometheus already exists!
2019-10-11 07:12:46,320 [org.apache.ratis.server.impl.LogAppender$AppenderDaemon$$Lambda$383/1636840563@bd104fc] ERROR ratis.XceiverServerRatis (XceiverServerRatis.java:triggerPipelineClose(582)) - pipeline Action CLOSE  on pipeline PipelineID=4b7d3e2b-a92f-4375-b350-b0675d9502c4.Reason : b8d03a4d-e915-4eff-b2e5-95cc028c1e9d has not seen follower/s 58d7d782-e238-4c9b-b037-a54f89fdb2a5 for 138218ms 0f24eb1f-961d-4620-8d5d-0b1f3f575a32 for 143236ms
2019-10-11 07:12:46,322 [grpc-default-executor-7] WARN  server.GrpcLogAppender (LogUtils.java:warn(134)) - b8d03a4d-e915-4eff-b2e5-95cc028c1e9d@group-B0675D9502C4->58d7d782-e238-4c9b-b037-a54f89fdb2a5-AppendLogResponseHandler: Failed appendEntries: org.apache.ratis.thirdparty.io.grpc.StatusRuntimeException: UNAVAILABLE: io exception
2019-10-11 07:12:46,322 [grpc-default-executor-7] INFO  impl.FollowerInfo (FollowerInfo.java:lambda$new$0(51)) - b8d03a4d-e915-4eff-b2e5-95cc028c1e9d@group-B0675D9502C4->58d7d782-e238-4c9b-b037-a54f89fdb2a5: nextIndex: updateUnconditionally 0 -> 0
2019-10-11 07:12:46,343 [org.apache.ratis.server.impl.LogAppender$AppenderDaemon$$Lambda$383/1636840563@102097dc] ERROR ratis.XceiverServerRatis (XceiverServerRatis.java:triggerPipelineClose(582)) - pipeline Action CLOSE  on pipeline PipelineID=4b7d3e2b-a92f-4375-b350-b0675d9502c4.Reason : b8d03a4d-e915-4eff-b2e5-95cc028c1e9d has not seen follower/s 58d7d782-e238-4c9b-b037-a54f89fdb2a5 for 138241ms 0f24eb1f-961d-4620-8d5d-0b1f3f575a32 for 143260ms
2019-10-11 07:12:46,344 [grpc-default-executor-6] WARN  server.GrpcLogAppender (LogUtils.java:warn(134)) - b8d03a4d-e915-4eff-b2e5-95cc028c1e9d@group-B0675D9502C4->0f24eb1f-961d-4620-8d5d-0b1f3f575a32-AppendLogResponseHandler: Failed appendEntries: org.apache.ratis.thirdparty.io.grpc.StatusRuntimeException: UNAVAILABLE: io exception
2019-10-11 07:12:46,344 [grpc-default-executor-6] INFO  impl.FollowerInfo (FollowerInfo.java:lambda$new$0(51)) - b8d03a4d-e915-4eff-b2e5-95cc028c1e9d@group-B0675D9502C4->0f24eb1f-961d-4620-8d5d-0b1f3f575a32: nextIndex: updateUnconditionally 0 -> 0
2019-10-11 07:12:47,286 [EventQueue-PipelineActionsForPipelineActionHandler] ERROR pipeline.PipelineActionHandler (PipelineActionHandler.java:onMessage(60)) - Received pipeline action CLOSE for Pipeline[ Id: 4b7d3e2b-a92f-4375-b350-b0675d9502c4, Nodes: 0f24eb1f-961d-4620-8d5d-0b1f3f575a32{ip: 192.168.164.209, host: pr-hdds-2206-npvv8-3563359771, networkLocation: /default-rack, certSerialId: null}58d7d782-e238-4c9b-b037-a54f89fdb2a5{ip: 192.168.164.209, host: pr-hdds-2206-npvv8-3563359771, networkLocation: /default-rack, certSerialId: null}b8d03a4d-e915-4eff-b2e5-95cc028c1e9d{ip: 192.168.164.209, host: pr-hdds-2206-npvv8-3563359771, networkLocation: /default-rack, certSerialId: null}, Type:RATIS, Factor:THREE, State:CLOSED] from datanode b8d03a4d-e915-4eff-b2e5-95cc028c1e9d{ip: 192.168.164.209, host: pr-hdds-2206-npvv8-3563359771, networkLocation: /default-rack, certSerialId: null}. Reason : b8d03a4d-e915-4eff-b2e5-95cc028c1e9d has not seen follower/s 58d7d782-e238-4c9b-b037-a54f89fdb2a5 for 138218ms 0f24eb1f-961d-4620-8d5d-0b1f3f575a32 for 143236ms
2019-10-11 07:12:47,287 [EventQueue-PipelineActionsForPipelineActionHandler] INFO  pipeline.SCMPipelineManager (SCMPipelineManager.java:finalizeAndDestroyPipeline(315)) - destroying pipeline:Pipeline[ Id: 4b7d3e2b-a92f-4375-b350-b0675d9502c4, Nodes: 0f24eb1f-961d-4620-8d5d-0b1f3f575a32{ip: 192.168.164.209, host: pr-hdds-2206-npvv8-3563359771, networkLocation: /default-rack, certSerialId: null}58d7d782-e238-4c9b-b037-a54f89fdb2a5{ip: 192.168.164.209, host: pr-hdds-2206-npvv8-3563359771, networkLocation: /default-rack, certSerialId: null}b8d03a4d-e915-4eff-b2e5-95cc028c1e9d{ip: 192.168.164.209, host: pr-hdds-2206-npvv8-3563359771, networkLocation: /default-rack, certSerialId: null}, Type:RATIS, Factor:THREE, State:CLOSED]
2019-10-11 07:12:48,824 [org.apache.ratis.server.impl.LogAppender$AppenderDaemon$$Lambda$383/1636840563@bd104fc] ERROR ratis.XceiverServerRatis (XceiverServerRatis.java:triggerPipelineClose(582)) - pipeline Action CLOSE  on pipeline PipelineID=4b7d3e2b-a92f-4375-b350-b0675d9502c4.Reason : b8d03a4d-e915-4eff-b2e5-95cc028c1e9d has not seen follower/s 58d7d782-e238-4c9b-b037-a54f89fdb2a5 for 140722ms 0f24eb1f-961d-4620-8d5d-0b1f3f575a32 for 145740ms
2019-10-11 07:12:48,826 [grpc-default-executor-3] WARN  server.GrpcLogAppender (LogUtils.java:warn(134)) - b8d03a4d-e915-4eff-b2e5-95cc028c1e9d@group-B0675D9502C4->58d7d782-e238-4c9b-b037-a54f89fdb2a5-AppendLogResponseHandler: Failed appendEntries: org.apache.ratis.thirdparty.io.grpc.StatusRuntimeException: UNAVAILABLE: io exception
2019-10-11 07:12:48,827 [grpc-default-executor-3] INFO  impl.FollowerInfo (FollowerInfo.java:lambda$new$0(51)) - b8d03a4d-e915-4eff-b2e5-95cc028c1e9d@group-B0675D9502C4->58d7d782-e238-4c9b-b037-a54f89fdb2a5: nextIndex: updateUnconditionally 0 -> 0
2019-10-11 07:12:48,846 [org.apache.ratis.server.impl.LogAppender$AppenderDaemon$$Lambda$383/1636840563@102097dc] ERROR ratis.XceiverServerRatis (XceiverServerRatis.java:triggerPipelineClose(582)) - pipeline Action CLOSE  on pipeline PipelineID=4b7d3e2b-a92f-4375-b350-b0675d9502c4.Reason : b8d03a4d-e915-4eff-b2e5-95cc028c1e9d has not seen follower/s 58d7d782-e238-4c9b-b037-a54f89fdb2a5 for 140744ms 0f24eb1f-961d-4620-8d5d-0b1f3f575a32 for 145762ms
2019-10-11 07:12:48,848 [grpc-default-executor-3] WARN  server.GrpcLogAppender (LogUtils.java:warn(134)) - b8d03a4d-e915-4eff-b2e5-95cc028c1e9d@group-B0675D9502C4->0f24eb1f-961d-4620-8d5d-0b1f3f575a32-AppendLogResponseHandler: Failed appendEntries: org.apache.ratis.thirdparty.io.grpc.StatusRuntimeException: UNAVAILABLE: io exception
2019-10-11 07:12:48,848 [grpc-default-executor-3] INFO  impl.FollowerInfo (FollowerInfo.java:lambda$new$0(51)) - b8d03a4d-e915-4eff-b2e5-95cc028c1e9d@group-B0675D9502C4->0f24eb1f-961d-4620-8d5d-0b1f3f575a32: nextIndex: updateUnconditionally 0 -> 0
2019-10-11 07:12:49,287 [EventQueue-PipelineActionsForPipelineActionHandler] ERROR pipeline.PipelineActionHandler (PipelineActionHandler.java:onMessage(60)) - Received pipeline action CLOSE for Pipeline[ Id: 4b7d3e2b-a92f-4375-b350-b0675d9502c4, Nodes: 0f24eb1f-961d-4620-8d5d-0b1f3f575a32{ip: 192.168.164.209, host: pr-hdds-2206-npvv8-3563359771, networkLocation: /default-rack, certSerialId: null}58d7d782-e238-4c9b-b037-a54f89fdb2a5{ip: 192.168.164.209, host: pr-hdds-2206-npvv8-3563359771, networkLocation: /default-rack, certSerialId: null}b8d03a4d-e915-4eff-b2e5-95cc028c1e9d{ip: 192.168.164.209, host: pr-hdds-2206-npvv8-3563359771, networkLocation: /default-rack, certSerialId: null}, Type:RATIS, Factor:THREE, State:CLOSED] from datanode b8d03a4d-e915-4eff-b2e5-95cc028c1e9d{ip: 192.168.164.209, host: pr-hdds-2206-npvv8-3563359771, networkLocation: /default-rack, certSerialId: null}. Reason : b8d03a4d-e915-4eff-b2e5-95cc028c1e9d has not seen follower/s 58d7d782-e238-4c9b-b037-a54f89fdb2a5 for 140722ms 0f24eb1f-961d-4620-8d5d-0b1f3f575a32 for 145740ms
2019-10-11 07:12:49,288 [EventQueue-PipelineActionsForPipelineActionHandler] INFO  pipeline.SCMPipelineManager (SCMPipelineManager.java:finalizeAndDestroyPipeline(315)) - destroying pipeline:Pipeline[ Id: 4b7d3e2b-a92f-4375-b350-b0675d9502c4, Nodes: 0f24eb1f-961d-4620-8d5d-0b1f3f575a32{ip: 192.168.164.209, host: pr-hdds-2206-npvv8-3563359771, networkLocation: /default-rack, certSerialId: null}58d7d782-e238-4c9b-b037-a54f89fdb2a5{ip: 192.168.164.209, host: pr-hdds-2206-npvv8-3563359771, networkLocation: /default-rack, certSerialId: null}b8d03a4d-e915-4eff-b2e5-95cc028c1e9d{ip: 192.168.164.209, host: pr-hdds-2206-npvv8-3563359771, networkLocation: /default-rack, certSerialId: null}, Type:RATIS, Factor:THREE, State:CLOSED]
2019-10-11 07:12:49,643 [main] INFO  server.BaseHttpServer (BaseHttpServer.java:updateConnectorAddress(215)) - HTTP server of HDDSDATANODE is listening at http://0.0.0.0:45961
2019-10-11 07:12:49,645 [main] INFO  impl.MetricsSystemImpl (MetricsSystemImpl.java:init(158)) - HddsDatanode metrics system started (again)
2019-10-11 07:12:49,646 [org.apache.hadoop.util.JvmPauseMonitor$Monitor@58a6705] INFO  util.JvmPauseMonitor (JvmPauseMonitor.java:run(188)) - Starting JVM pause monitor
2019-10-11 07:12:49,651 [Datanode State Machine Thread - 0] INFO  datanode.InitDatanodeState (InitDatanodeState.java:persistContainerDatanodeDetails(140)) - DatanodeDetails is persisted to /workdir/hadoop-ozone/integration-test/target/test-dir/MiniOzoneClusterImpl-06bc33bc-b6bc-4d69-8e6b-09fb0b06b8ae/datanode-0/meta/datanode.id
2019-10-11 07:12:49,675 [main] INFO  ozone.HddsDatanodeService (HddsDatanodeService.java:start(184)) - HddsDatanodeService host:pr-hdds-2206-npvv8-3563359771 ip:192.168.164.209
2019-10-11 07:12:49,687 [main] INFO  volume.HddsVolume (HddsVolume.java:<init>(176)) - Creating Volume: /workdir/hadoop-ozone/integration-test/target/test-dir/MiniOzoneClusterImpl-06bc33bc-b6bc-4d69-8e6b-09fb0b06b8ae/datanode-1/data/containers/hdds of  storage type : DISK and capacity : 1482555576320
2019-10-11 07:12:49,688 [main] INFO  volume.VolumeSet (VolumeSet.java:initializeVolumeSet(170)) - Added Volume : /workdir/hadoop-ozone/integration-test/target/test-dir/MiniOzoneClusterImpl-06bc33bc-b6bc-4d69-8e6b-09fb0b06b8ae/datanode-1/data/containers/hdds to VolumeSet
2019-10-11 07:12:49,688 [main] INFO  volume.ThrottledAsyncChecker (ThrottledAsyncChecker.java:schedule(141)) - Scheduling a check for org.apache.hadoop.ozone.container.common.volume.HddsVolume@4ffced4e
2019-10-11 07:12:49,691 [main] INFO  volume.HddsVolumeChecker (HddsVolumeChecker.java:checkAllVolumes(204)) - Scheduled health check for volume org.apache.hadoop.ozone.container.common.volume.HddsVolume@4ffced4e
2019-10-11 07:12:49,712 [main] INFO  impl.RaftServerProxy (ConfUtils.java:logGet(43)) - raft.rpc.type = GRPC (default)
2019-10-11 07:12:49,713 [main] INFO  grpc.GrpcFactory (GrpcFactory.java:checkPooledByteBufAllocatorUseCacheForAllThreads(45)) - PERFORMANCE WARNING: useCacheForAllThreads is true that may cause Netty to create a lot garbage objects and, as a result, trigger GC.
	It is recommended to disable useCacheForAllThreads by setting -Dorg.apache.ratis.thirdparty.io.netty.allocator.useCacheForAllThreads=false in command line.
2019-10-11 07:12:49,713 [main] INFO  grpc.GrpcConfigKeys$Server (ConfUtils.java:logGet(43)) - raft.grpc.server.port = 0 (default)
2019-10-11 07:12:49,713 [main] INFO  server.GrpcService (ConfUtils.java:logGet(43)) - raft.grpc.message.size.max = 33570816 (custom)
2019-10-11 07:12:49,713 [main] INFO  server.RaftServerConfigKeys (ConfUtils.java:logGet(43)) - raft.server.log.appender.buffer.byte-limit = 33554432 (custom)
2019-10-11 07:12:49,714 [main] INFO  server.GrpcService (ConfUtils.java:logGet(43)) - raft.grpc.flow.control.window = 1MB (=1048576) (default)
2019-10-11 07:12:49,714 [main] INFO  server.RaftServerConfigKeys (ConfUtils.java:logGet(43)) - raft.server.rpc.request.timeout = 3000ms (default)
2019-10-11 07:12:49,715 [main] INFO  server.RaftServerConfigKeys (ConfUtils.java:logGet(43)) - raft.server.storage.dir = [/workdir/hadoop-ozone/integration-test/target/test-dir/MiniOzoneClusterImpl-06bc33bc-b6bc-4d69-8e6b-09fb0b06b8ae/datanode-1/data/ratis] (custom)
2019-10-11 07:12:49,716 [main] INFO  hdfs.DFSUtil (DFSUtil.java:httpServerTemplateForNNAndJN(1641)) - Starting Web-server for hddsDatanode at: http://0.0.0.0:0
2019-10-11 07:12:49,720 [main] INFO  server.AuthenticationFilter (AuthenticationFilter.java:constructSecretProvider(240)) - Unable to initialize FileSignerSecretProvider, falling back to use random secrets.
2019-10-11 07:12:49,721 [main] WARN  http.HttpRequestLog (HttpRequestLog.java:getRequestLog(97)) - Jetty request log can only be enabled using Log4j
2019-10-11 07:12:49,723 [main] INFO  http.HttpServer2 (HttpServer2.java:addGlobalFilter(975)) - Added global filter 'safety' (class=org.apache.hadoop.http.HttpServer2$QuotingInputFilter)
2019-10-11 07:12:49,724 [main] INFO  http.HttpServer2 (HttpServer2.java:addFilter(948)) - Added filter static_user_filter (class=org.apache.hadoop.http.lib.StaticUserWebFilter$StaticUserFilter) to context hddsDatanode
2019-10-11 07:12:49,724 [main] INFO  http.HttpServer2 (HttpServer2.java:addFilter(958)) - Added filter static_user_filter (class=org.apache.hadoop.http.lib.StaticUserWebFilter$StaticUserFilter) to context logs
2019-10-11 07:12:49,725 [main] INFO  http.HttpServer2 (HttpServer2.java:addFilter(958)) - Added filter static_user_filter (class=org.apache.hadoop.http.lib.StaticUserWebFilter$StaticUserFilter) to context static
2019-10-11 07:12:49,726 [main] INFO  http.HttpServer2 (HttpServer2.java:bindListener(1191)) - Jetty bound to port 39511
2019-10-11 07:12:49,726 [main] INFO  server.Server (Server.java:doStart(351)) - jetty-9.3.25.v20180904, build timestamp: 2018-09-04T21:11:46Z, git hash: 3ce520221d0240229c862b122d2b06c12a625732
2019-10-11 07:12:49,729 [main] INFO  handler.ContextHandler (ContextHandler.java:doStart(781)) - Started o.e.j.s.ServletContextHandler@4270b142{/logs,file:///workdir/hadoop-ozone/integration-test/target/log,AVAILABLE}
2019-10-11 07:12:49,729 [main] INFO  handler.ContextHandler (ContextHandler.java:doStart(781)) - Started o.e.j.s.ServletContextHandler@6314df3c{/static,jar:file:/home/user/.m2/repository/org/apache/hadoop/hadoop-hdds-container-service/0.5.0-SNAPSHOT/hadoop-hdds-container-service-0.5.0-SNAPSHOT.jar!/webapps/static,AVAILABLE}
2019-10-11 07:12:49,782 [main] INFO  handler.ContextHandler (ContextHandler.java:doStart(781)) - Started o.e.j.w.WebAppContext@6459f4ea{/,file:///tmp/jetty-0.0.0.0-39511-hddsDatanode-_-any-6599203513507840070.dir/webapp/,AVAILABLE}{/hddsDatanode}
2019-10-11 07:12:49,783 [main] INFO  server.AbstractConnector (AbstractConnector.java:doStart(278)) - Started ServerConnector@740b9a50{HTTP/1.1,[http/1.1]}{0.0.0.0:39511}
2019-10-11 07:12:49,786 [main] INFO  server.Server (Server.java:doStart(419)) - Started @416948ms
2019-10-11 07:12:49,786 [main] WARN  impl.MetricsSystemImpl (MetricsSystemImpl.java:register(276)) - Sink prometheus already exists!
2019-10-11 07:12:49,787 [main] INFO  server.BaseHttpServer (BaseHttpServer.java:updateConnectorAddress(215)) - HTTP server of HDDSDATANODE is listening at http://0.0.0.0:39511
2019-10-11 07:12:49,788 [main] INFO  impl.MetricsSystemImpl (MetricsSystemImpl.java:init(158)) - HddsDatanode metrics system started (again)
2019-10-11 07:12:49,816 [org.apache.hadoop.util.JvmPauseMonitor$Monitor@2ea10b86] INFO  util.JvmPauseMonitor (JvmPauseMonitor.java:run(188)) - Starting JVM pause monitor
2019-10-11 07:12:49,817 [Datanode State Machine Thread - 0] INFO  datanode.InitDatanodeState (InitDatanodeState.java:persistContainerDatanodeDetails(140)) - DatanodeDetails is persisted to /workdir/hadoop-ozone/integration-test/target/test-dir/MiniOzoneClusterImpl-06bc33bc-b6bc-4d69-8e6b-09fb0b06b8ae/datanode-1/meta/datanode.id
2019-10-11 07:12:49,819 [main] INFO  ozone.HddsDatanodeService (HddsDatanodeService.java:start(184)) - HddsDatanodeService host:pr-hdds-2206-npvv8-3563359771 ip:192.168.164.209
2019-10-11 07:12:49,830 [main] INFO  volume.HddsVolume (HddsVolume.java:<init>(176)) - Creating Volume: /workdir/hadoop-ozone/integration-test/target/test-dir/MiniOzoneClusterImpl-06bc33bc-b6bc-4d69-8e6b-09fb0b06b8ae/datanode-2/data/containers/hdds of  storage type : DISK and capacity : 1482555576320
2019-10-11 07:12:49,830 [main] INFO  volume.VolumeSet (VolumeSet.java:initializeVolumeSet(170)) - Added Volume : /workdir/hadoop-ozone/integration-test/target/test-dir/MiniOzoneClusterImpl-06bc33bc-b6bc-4d69-8e6b-09fb0b06b8ae/datanode-2/data/containers/hdds to VolumeSet
2019-10-11 07:12:49,831 [main] INFO  volume.ThrottledAsyncChecker (ThrottledAsyncChecker.java:schedule(141)) - Scheduling a check for org.apache.hadoop.ozone.container.common.volume.HddsVolume@723e2d08
2019-10-11 07:12:49,831 [main] INFO  volume.HddsVolumeChecker (HddsVolumeChecker.java:checkAllVolumes(204)) - Scheduled health check for volume org.apache.hadoop.ozone.container.common.volume.HddsVolume@723e2d08
2019-10-11 07:12:49,853 [main] INFO  impl.RaftServerProxy (ConfUtils.java:logGet(43)) - raft.rpc.type = GRPC (default)
2019-10-11 07:12:49,853 [main] INFO  grpc.GrpcFactory (GrpcFactory.java:checkPooledByteBufAllocatorUseCacheForAllThreads(45)) - PERFORMANCE WARNING: useCacheForAllThreads is true that may cause Netty to create a lot garbage objects and, as a result, trigger GC.
	It is recommended to disable useCacheForAllThreads by setting -Dorg.apache.ratis.thirdparty.io.netty.allocator.useCacheForAllThreads=false in command line.
2019-10-11 07:12:49,854 [main] INFO  grpc.GrpcConfigKeys$Server (ConfUtils.java:logGet(43)) - raft.grpc.server.port = 0 (default)
2019-10-11 07:12:49,854 [main] INFO  server.GrpcService (ConfUtils.java:logGet(43)) - raft.grpc.message.size.max = 33570816 (custom)
2019-10-11 07:12:49,854 [main] INFO  server.RaftServerConfigKeys (ConfUtils.java:logGet(43)) - raft.server.log.appender.buffer.byte-limit = 33554432 (custom)
2019-10-11 07:12:49,854 [main] INFO  server.GrpcService (ConfUtils.java:logGet(43)) - raft.grpc.flow.control.window = 1MB (=1048576) (default)
2019-10-11 07:12:49,855 [main] INFO  server.RaftServerConfigKeys (ConfUtils.java:logGet(43)) - raft.server.rpc.request.timeout = 3000ms (default)
2019-10-11 07:12:49,855 [main] INFO  server.RaftServerConfigKeys (ConfUtils.java:logGet(43)) - raft.server.storage.dir = [/workdir/hadoop-ozone/integration-test/target/test-dir/MiniOzoneClusterImpl-06bc33bc-b6bc-4d69-8e6b-09fb0b06b8ae/datanode-2/data/ratis] (custom)
2019-10-11 07:12:51,325 [org.apache.ratis.server.impl.LogAppender$AppenderDaemon$$Lambda$383/1636840563@bd104fc] ERROR ratis.XceiverServerRatis (XceiverServerRatis.java:triggerPipelineClose(582)) - pipeline Action CLOSE  on pipeline PipelineID=4b7d3e2b-a92f-4375-b350-b0675d9502c4.Reason : b8d03a4d-e915-4eff-b2e5-95cc028c1e9d has not seen follower/s 58d7d782-e238-4c9b-b037-a54f89fdb2a5 for 143223ms 0f24eb1f-961d-4620-8d5d-0b1f3f575a32 for 148242ms
2019-10-11 07:12:51,326 [grpc-default-executor-7] WARN  server.GrpcLogAppender (LogUtils.java:warn(134)) - b8d03a4d-e915-4eff-b2e5-95cc028c1e9d@group-B0675D9502C4->58d7d782-e238-4c9b-b037-a54f89fdb2a5-AppendLogResponseHandler: Failed appendEntries: org.apache.ratis.thirdparty.io.grpc.StatusRuntimeException: UNAVAILABLE: io exception
2019-10-11 07:12:51,327 [grpc-default-executor-7] INFO  impl.FollowerInfo (FollowerInfo.java:lambda$new$0(51)) - b8d03a4d-e915-4eff-b2e5-95cc028c1e9d@group-B0675D9502C4->58d7d782-e238-4c9b-b037-a54f89fdb2a5: nextIndex: updateUnconditionally 0 -> 0
2019-10-11 07:12:51,347 [org.apache.ratis.server.impl.LogAppender$AppenderDaemon$$Lambda$383/1636840563@102097dc] ERROR ratis.XceiverServerRatis (XceiverServerRatis.java:triggerPipelineClose(582)) - pipeline Action CLOSE  on pipeline PipelineID=4b7d3e2b-a92f-4375-b350-b0675d9502c4.Reason : b8d03a4d-e915-4eff-b2e5-95cc028c1e9d has not seen follower/s 58d7d782-e238-4c9b-b037-a54f89fdb2a5 for 143245ms 0f24eb1f-961d-4620-8d5d-0b1f3f575a32 for 148263ms
2019-10-11 07:12:51,348 [grpc-default-executor-3] WARN  server.GrpcLogAppender (LogUtils.java:warn(134)) - b8d03a4d-e915-4eff-b2e5-95cc028c1e9d@group-B0675D9502C4->0f24eb1f-961d-4620-8d5d-0b1f3f575a32-AppendLogResponseHandler: Failed appendEntries: org.apache.ratis.thirdparty.io.grpc.StatusRuntimeException: UNAVAILABLE: io exception
2019-10-11 07:12:51,348 [grpc-default-executor-3] INFO  impl.FollowerInfo (FollowerInfo.java:lambda$new$0(51)) - b8d03a4d-e915-4eff-b2e5-95cc028c1e9d@group-B0675D9502C4->0f24eb1f-961d-4620-8d5d-0b1f3f575a32: nextIndex: updateUnconditionally 0 -> 0
2019-10-11 07:12:51,681 [Datanode State Machine Thread - 0] INFO  ozoneimpl.OzoneContainer (OzoneContainer.java:start(213)) - Attempting to start container services.
2019-10-11 07:12:51,682 [Datanode State Machine Thread - 0] INFO  ozoneimpl.OzoneContainer (OzoneContainer.java:startContainerScrub(177)) - Background container scanner has been disabled.
2019-10-11 07:12:51,682 [Datanode State Machine Thread - 0] INFO  ratis.XceiverServerRatis (XceiverServerRatis.java:start(418)) - Starting XceiverServerRatis 323fda09-fb81-4e4b-9079-4a87f9cb285d at port 0
2019-10-11 07:12:51,688 [Datanode State Machine Thread - 0] INFO  impl.RaftServerProxy (RaftServerProxy.java:lambda$start$3(299)) - 323fda09-fb81-4e4b-9079-4a87f9cb285d: start RPC server
2019-10-11 07:12:51,710 [Datanode State Machine Thread - 0] INFO  server.GrpcService (GrpcService.java:startImpl(158)) - 323fda09-fb81-4e4b-9079-4a87f9cb285d: GrpcService started, listening on 0.0.0.0/0.0.0.0:39527
2019-10-11 07:12:51,711 [Datanode State Machine Thread - 0] INFO  ratis.XceiverServerRatis (XceiverServerRatis.java:start(428)) - XceiverServerRatis 323fda09-fb81-4e4b-9079-4a87f9cb285d is started using port 39527
2019-10-11 07:12:51,711 [Datanode State Machine Thread - 0] INFO  server.XceiverServerGrpc (XceiverServerGrpc.java:start(149)) - XceiverServerGrpc 323fda09-fb81-4e4b-9079-4a87f9cb285d is started using port 41487
2019-10-11 07:12:51,849 [Datanode State Machine Thread - 0] INFO  ozoneimpl.OzoneContainer (OzoneContainer.java:start(213)) - Attempting to start container services.
2019-10-11 07:12:51,849 [Datanode State Machine Thread - 0] INFO  ozoneimpl.OzoneContainer (OzoneContainer.java:startContainerScrub(177)) - Background container scanner has been disabled.
2019-10-11 07:12:51,849 [Datanode State Machine Thread - 0] INFO  ratis.XceiverServerRatis (XceiverServerRatis.java:start(418)) - Starting XceiverServerRatis abbcde68-4ece-45f8-bfb2-e9e7fef46271 at port 0
2019-10-11 07:12:51,858 [Datanode State Machine Thread - 0] INFO  impl.RaftServerProxy (RaftServerProxy.java:lambda$start$3(299)) - abbcde68-4ece-45f8-bfb2-e9e7fef46271: start RPC server
2019-10-11 07:12:51,859 [Datanode State Machine Thread - 0] INFO  server.GrpcService (GrpcService.java:startImpl(158)) - abbcde68-4ece-45f8-bfb2-e9e7fef46271: GrpcService started, listening on 0.0.0.0/0.0.0.0:41213
2019-10-11 07:12:51,859 [Datanode State Machine Thread - 0] INFO  ratis.XceiverServerRatis (XceiverServerRatis.java:start(428)) - XceiverServerRatis abbcde68-4ece-45f8-bfb2-e9e7fef46271 is started using port 41213
2019-10-11 07:12:51,859 [Datanode State Machine Thread - 0] INFO  server.XceiverServerGrpc (XceiverServerGrpc.java:start(149)) - XceiverServerGrpc abbcde68-4ece-45f8-bfb2-e9e7fef46271 is started using port 38910
2019-10-11 07:12:52,286 [EventQueue-PipelineActionsForPipelineActionHandler] ERROR pipeline.PipelineActionHandler (PipelineActionHandler.java:onMessage(60)) - Received pipeline action CLOSE for Pipeline[ Id: 4b7d3e2b-a92f-4375-b350-b0675d9502c4, Nodes: 0f24eb1f-961d-4620-8d5d-0b1f3f575a32{ip: 192.168.164.209, host: pr-hdds-2206-npvv8-3563359771, networkLocation: /default-rack, certSerialId: null}58d7d782-e238-4c9b-b037-a54f89fdb2a5{ip: 192.168.164.209, host: pr-hdds-2206-npvv8-3563359771, networkLocation: /default-rack, certSerialId: null}b8d03a4d-e915-4eff-b2e5-95cc028c1e9d{ip: 192.168.164.209, host: pr-hdds-2206-npvv8-3563359771, networkLocation: /default-rack, certSerialId: null}, Type:RATIS, Factor:THREE, State:CLOSED] from datanode b8d03a4d-e915-4eff-b2e5-95cc028c1e9d{ip: 192.168.164.209, host: pr-hdds-2206-npvv8-3563359771, networkLocation: /default-rack, certSerialId: null}. Reason : b8d03a4d-e915-4eff-b2e5-95cc028c1e9d has not seen follower/s 58d7d782-e238-4c9b-b037-a54f89fdb2a5 for 143223ms 0f24eb1f-961d-4620-8d5d-0b1f3f575a32 for 148242ms
2019-10-11 07:12:52,286 [EventQueue-PipelineActionsForPipelineActionHandler] INFO  pipeline.SCMPipelineManager (SCMPipelineManager.java:finalizeAndDestroyPipeline(315)) - destroying pipeline:Pipeline[ Id: 4b7d3e2b-a92f-4375-b350-b0675d9502c4, Nodes: 0f24eb1f-961d-4620-8d5d-0b1f3f575a32{ip: 192.168.164.209, host: pr-hdds-2206-npvv8-3563359771, networkLocation: /default-rack, certSerialId: null}58d7d782-e238-4c9b-b037-a54f89fdb2a5{ip: 192.168.164.209, host: pr-hdds-2206-npvv8-3563359771, networkLocation: /default-rack, certSerialId: null}b8d03a4d-e915-4eff-b2e5-95cc028c1e9d{ip: 192.168.164.209, host: pr-hdds-2206-npvv8-3563359771, networkLocation: /default-rack, certSerialId: null}, Type:RATIS, Factor:THREE, State:CLOSED]
2019-10-11 07:12:53,656 [IPC Server handler 3 on 43389] INFO  net.NetworkTopology (NetworkTopologyImpl.java:add(111)) - Added a new node: /default-rack/323fda09-fb81-4e4b-9079-4a87f9cb285d
2019-10-11 07:12:53,659 [IPC Server handler 3 on 43389] INFO  node.SCMNodeManager (SCMNodeManager.java:register(268)) - Registered Data node : 323fda09-fb81-4e4b-9079-4a87f9cb285d{ip: 192.168.164.209, host: pr-hdds-2206-npvv8-3563359771, networkLocation: /default-rack, certSerialId: null}
2019-10-11 07:12:53,660 [EventQueue-NodeRegistrationContainerReportForDataNodeSafeModeRule] INFO  safemode.SCMSafeModeManager (DataNodeSafeModeRule.java:process(71)) - SCM in safe mode. 1 DataNodes registered, 1 required.
2019-10-11 07:12:53,665 [EventQueue-NodeRegistrationContainerReportForDataNodeSafeModeRule] INFO  safemode.SCMSafeModeManager (SCMSafeModeManager.java:validateSafeModeExitRules(177)) - ScmSafeModeManager, all rules are successfully validated
2019-10-11 07:12:53,665 [EventQueue-NodeRegistrationContainerReportForDataNodeSafeModeRule] INFO  safemode.SCMSafeModeManager (SCMSafeModeManager.java:exitSafeMode(193)) - SCM exiting safe mode.
2019-10-11 07:12:53,676 [grpc-default-executor-7] INFO  impl.RaftServerProxy (RaftServerProxy.java:addNew(89)) - 323fda09-fb81-4e4b-9079-4a87f9cb285d: addNew group-396E0EED32B3:[323fda09-fb81-4e4b-9079-4a87f9cb285d:192.168.164.209:39527] returns group-396E0EED32B3:java.util.concurrent.CompletableFuture@ee35de3[Not completed]
2019-10-11 07:12:53,678 [pool-383-thread-1] INFO  impl.RaftServerImpl (RaftServerImpl.java:<init>(95)) - 323fda09-fb81-4e4b-9079-4a87f9cb285d: new RaftServerImpl for group-396E0EED32B3:[323fda09-fb81-4e4b-9079-4a87f9cb285d:192.168.164.209:39527] with ContainerStateMachine:uninitialized
2019-10-11 07:12:53,679 [pool-383-thread-1] INFO  server.RaftServerConfigKeys (ConfUtils.java:logGet(43)) - raft.server.rpc.timeout.min = 5s (custom)
2019-10-11 07:12:53,679 [pool-383-thread-1] INFO  server.RaftServerConfigKeys (ConfUtils.java:logGet(43)) - raft.server.rpc.timeout.max = 5200ms (custom)
2019-10-11 07:12:53,679 [pool-383-thread-1] INFO  server.RaftServerConfigKeys (ConfUtils.java:logGet(43)) - raft.server.rpcslowness.timeout = 120s (custom)
2019-10-11 07:12:53,679 [pool-383-thread-1] INFO  server.RaftServerConfigKeys (ConfUtils.java:logGet(43)) - raft.server.sleep.deviation.threshold = 300 (default)
2019-10-11 07:12:53,679 [pool-383-thread-1] INFO  server.RaftServerConfigKeys (ConfUtils.java:logGet(43)) - raft.server.log.appender.install.snapshot.enabled = false (custom)
2019-10-11 07:12:53,680 [pool-383-thread-1] INFO  impl.RaftServerImpl (ServerState.java:<init>(103)) - 323fda09-fb81-4e4b-9079-4a87f9cb285d@group-396E0EED32B3: ConfigurationManager, init=-1: [323fda09-fb81-4e4b-9079-4a87f9cb285d:192.168.164.209:39527], old=null, confs=<EMPTY_MAP>
2019-10-11 07:12:53,680 [pool-383-thread-1] INFO  server.RaftServerConfigKeys (ConfUtils.java:logGet(43)) - raft.server.storage.dir = [/workdir/hadoop-ozone/integration-test/target/test-dir/MiniOzoneClusterImpl-06bc33bc-b6bc-4d69-8e6b-09fb0b06b8ae/datanode-0/data/ratis] (custom)
2019-10-11 07:12:53,680 [pool-383-thread-1] INFO  server.RaftServerConfigKeys (ConfUtils.java:logGet(43)) - raft.server.log.corruption.policy = EXCEPTION (default)
2019-10-11 07:12:53,681 [pool-383-thread-1] INFO  storage.RaftStorageDirectory (RaftStorageDirectory.java:analyzeStorage(246)) - The storage directory /workdir/hadoop-ozone/integration-test/target/test-dir/MiniOzoneClusterImpl-06bc33bc-b6bc-4d69-8e6b-09fb0b06b8ae/datanode-0/data/ratis/dcdcb2b0-62f0-4662-b91d-396e0eed32b3 does not exist. Creating ...
2019-10-11 07:12:53,704 [pool-383-thread-1] INFO  storage.RaftStorageDirectory (RaftStorageDirectory.java:tryLock(328)) - Lock on /workdir/hadoop-ozone/integration-test/target/test-dir/MiniOzoneClusterImpl-06bc33bc-b6bc-4d69-8e6b-09fb0b06b8ae/datanode-0/data/ratis/dcdcb2b0-62f0-4662-b91d-396e0eed32b3/in_use.lock acquired by nodename 16310@pr-hdds-2206-npvv8-3563359771
2019-10-11 07:12:53,727 [pool-383-thread-1] INFO  storage.RaftStorage (RaftStorage.java:format(84)) - Storage directory /workdir/hadoop-ozone/integration-test/target/test-dir/MiniOzoneClusterImpl-06bc33bc-b6bc-4d69-8e6b-09fb0b06b8ae/datanode-0/data/ratis/dcdcb2b0-62f0-4662-b91d-396e0eed32b3 has been successfully formatted.
2019-10-11 07:12:53,727 [pool-383-thread-1] INFO  ratis.ContainerStateMachine (ContainerStateMachine.java:loadSnapshot(231)) - group-396E0EED32B3: The snapshot info is null. Setting the last applied indexto:(t:0, i:~)
2019-10-11 07:12:53,727 [pool-383-thread-1] INFO  server.RaftServerConfigKeys (ConfUtils.java:logGet(43)) - raft.server.notification.no-leader.timeout = 120s (custom)
2019-10-11 07:12:53,728 [pool-383-thread-1] INFO  server.RaftServerConfigKeys (ConfUtils.java:logGet(43)) - raft.server.log.use.memory = false (default)
2019-10-11 07:12:53,728 [pool-383-thread-1] INFO  server.RaftServerConfigKeys (ConfUtils.java:logGet(43)) - raft.server.log.purge.gap = 1000000 (custom)
2019-10-11 07:12:53,728 [pool-383-thread-1] INFO  server.RaftServerConfigKeys (ConfUtils.java:logGet(43)) - raft.server.log.appender.buffer.byte-limit = 33554432 (custom)
2019-10-11 07:12:53,728 [pool-383-thread-1] INFO  server.RaftServerConfigKeys (ConfUtils.java:logGet(43)) - raft.server.log.segment.size.max = 1048576 (custom)
2019-10-11 07:12:53,730 [pool-383-thread-1] INFO  server.RaftServerConfigKeys (ConfUtils.java:logGet(43)) - raft.server.log.segment.cache.num.max = 2 (custom)
2019-10-11 07:12:53,730 [pool-383-thread-1] INFO  segmented.SegmentedRaftLogWorker (SegmentedRaftLogWorker.java:<init>(173)) - new 323fda09-fb81-4e4b-9079-4a87f9cb285d@group-396E0EED32B3-SegmentedRaftLogWorker for RaftStorage:Storage Directory /workdir/hadoop-ozone/integration-test/target/test-dir/MiniOzoneClusterImpl-06bc33bc-b6bc-4d69-8e6b-09fb0b06b8ae/datanode-0/data/ratis/dcdcb2b0-62f0-4662-b91d-396e0eed32b3
2019-10-11 07:12:53,730 [pool-383-thread-1] INFO  server.RaftServerConfigKeys (ConfUtils.java:logGet(43)) - raft.server.log.queue.byte-limit = 2147483647 (custom)
2019-10-11 07:12:53,730 [pool-383-thread-1] INFO  server.RaftServerConfigKeys (ConfUtils.java:logGet(43)) - raft.server.log.queue.element-limit = 1024 (custom)
2019-10-11 07:12:53,730 [pool-383-thread-1] INFO  server.RaftServerConfigKeys (ConfUtils.java:logGet(43)) - raft.server.log.segment.size.max = 1048576 (custom)
2019-10-11 07:12:53,730 [pool-383-thread-1] INFO  server.RaftServerConfigKeys (ConfUtils.java:logGet(43)) - raft.server.log.preallocated.size = 16384 (custom)
2019-10-11 07:12:53,731 [pool-383-thread-1] INFO  server.RaftServerConfigKeys (ConfUtils.java:logGet(43)) - raft.server.log.write.buffer.size = 33554432 (custom)
2019-10-11 07:12:53,731 [pool-383-thread-1] INFO  server.RaftServerConfigKeys (ConfUtils.java:logGet(43)) - raft.server.log.force.sync.num = 128 (default)
2019-10-11 07:12:53,731 [pool-383-thread-1] INFO  server.RaftServerConfigKeys (ConfUtils.java:logGet(43)) - raft.server.log.statemachine.data.sync = true (default)
2019-10-11 07:12:53,731 [pool-383-thread-1] INFO  server.RaftServerConfigKeys (ConfUtils.java:logGet(43)) - raft.server.log.statemachine.data.sync.timeout = 10s (default)
2019-10-11 07:12:53,731 [pool-383-thread-1] INFO  server.RaftServerConfigKeys (ConfUtils.java:logGet(43)) - raft.server.log.statemachine.data.sync.timeout.retry = -1 (default)
2019-10-11 07:12:53,731 [pool-383-thread-1] INFO  server.RaftServerConfigKeys (ConfUtils.java:logGet(43)) - raft.server.log.statemachine.data.caching.enabled = true (custom)
2019-10-11 07:12:53,732 [pool-383-thread-1] INFO  segmented.SegmentedRaftLogWorker (SegmentedRaftLogWorker.java:lambda$new$0(128)) - 323fda09-fb81-4e4b-9079-4a87f9cb285d@group-396E0EED32B3-SegmentedRaftLogWorker: flushIndex: setUnconditionally 0 -> -1
2019-10-11 07:12:53,732 [pool-383-thread-1] INFO  server.RaftServerConfigKeys (ConfUtils.java:logGet(43)) - raft.server.snapshot.auto.trigger.enabled = true (custom)
2019-10-11 07:12:53,732 [pool-383-thread-1] INFO  server.RaftServerConfigKeys (ConfUtils.java:logGet(43)) - raft.server.snapshot.auto.trigger.threshold = 10000 (custom)
2019-10-11 07:12:53,732 [pool-383-thread-1] INFO  server.RaftServerConfigKeys (ConfUtils.java:logGet(43)) - raft.server.snapshot.retention.file.num = 5 (custom)
2019-10-11 07:12:53,733 [pool-383-thread-1] INFO  server.RaftServerConfigKeys (ConfUtils.java:logGet(43)) - raft.server.retrycache.expirytime = 600000ms (custom)
2019-10-11 07:12:53,734 [pool-383-thread-1] INFO  impl.RaftServerImpl (RaftServerImpl.java:start(181)) - 323fda09-fb81-4e4b-9079-4a87f9cb285d@group-396E0EED32B3: start as a follower, conf=-1: [323fda09-fb81-4e4b-9079-4a87f9cb285d:192.168.164.209:39527], old=null
2019-10-11 07:12:53,734 [pool-383-thread-1] INFO  impl.RaftServerImpl (RaftServerImpl.java:setRole(170)) - 323fda09-fb81-4e4b-9079-4a87f9cb285d@group-396E0EED32B3: changes role from      null to FOLLOWER at term 0 for startAsFollower
2019-10-11 07:12:53,735 [pool-383-thread-1] INFO  impl.RoleInfo (RoleInfo.java:updateAndGet(143)) - 323fda09-fb81-4e4b-9079-4a87f9cb285d: start FollowerState
2019-10-11 07:12:53,735 [pool-383-thread-1] INFO  util.JmxRegister (JmxRegister.java:tryRegister(44)) - Successfully registered JMX Bean with object name Ratis:service=RaftServer,group=group-396E0EED32B3,id=323fda09-fb81-4e4b-9079-4a87f9cb285d
2019-10-11 07:12:53,760 [RatisPipelineUtilsThread] INFO  pipeline.PipelineStateManager (PipelineStateManager.java:addPipeline(56)) - Created pipeline Pipeline[ Id: dcdcb2b0-62f0-4662-b91d-396e0eed32b3, Nodes: 323fda09-fb81-4e4b-9079-4a87f9cb285d{ip: 192.168.164.209, host: pr-hdds-2206-npvv8-3563359771, networkLocation: /default-rack, certSerialId: null}, Type:RATIS, Factor:ONE, State:OPEN]
2019-10-11 07:12:53,818 [IPC Server handler 0 on 43389] INFO  net.NetworkTopology (NetworkTopologyImpl.java:add(111)) - Added a new node: /default-rack/abbcde68-4ece-45f8-bfb2-e9e7fef46271
2019-10-11 07:12:53,819 [IPC Server handler 0 on 43389] INFO  node.SCMNodeManager (SCMNodeManager.java:register(268)) - Registered Data node : abbcde68-4ece-45f8-bfb2-e9e7fef46271{ip: 192.168.164.209, host: pr-hdds-2206-npvv8-3563359771, networkLocation: /default-rack, certSerialId: null}
2019-10-11 07:12:53,827 [grpc-default-executor-7] INFO  impl.RaftServerProxy (RaftServerProxy.java:addNew(89)) - abbcde68-4ece-45f8-bfb2-e9e7fef46271: addNew group-CFFE45428647:[abbcde68-4ece-45f8-bfb2-e9e7fef46271:192.168.164.209:41213] returns group-CFFE45428647:java.util.concurrent.CompletableFuture@2630213[Not completed]
2019-10-11 07:12:53,828 [org.apache.ratis.server.impl.LogAppender$AppenderDaemon$$Lambda$383/1636840563@bd104fc] ERROR ratis.XceiverServerRatis (XceiverServerRatis.java:triggerPipelineClose(582)) - pipeline Action CLOSE  on pipeline PipelineID=4b7d3e2b-a92f-4375-b350-b0675d9502c4.Reason : b8d03a4d-e915-4eff-b2e5-95cc028c1e9d has not seen follower/s 58d7d782-e238-4c9b-b037-a54f89fdb2a5 for 145726ms 0f24eb1f-961d-4620-8d5d-0b1f3f575a32 for 150745ms
2019-10-11 07:12:53,829 [pool-393-thread-1] INFO  impl.RaftServerImpl (RaftServerImpl.java:<init>(95)) - abbcde68-4ece-45f8-bfb2-e9e7fef46271: new RaftServerImpl for group-CFFE45428647:[abbcde68-4ece-45f8-bfb2-e9e7fef46271:192.168.164.209:41213] with ContainerStateMachine:uninitialized
2019-10-11 07:12:53,829 [pool-393-thread-1] INFO  server.RaftServerConfigKeys (ConfUtils.java:logGet(43)) - raft.server.rpc.timeout.min = 5s (custom)
2019-10-11 07:12:53,829 [pool-393-thread-1] INFO  server.RaftServerConfigKeys (ConfUtils.java:logGet(43)) - raft.server.rpc.timeout.max = 5200ms (custom)
2019-10-11 07:12:53,829 [pool-393-thread-1] INFO  server.RaftServerConfigKeys (ConfUtils.java:logGet(43)) - raft.server.rpcslowness.timeout = 120s (custom)
2019-10-11 07:12:53,829 [pool-393-thread-1] INFO  server.RaftServerConfigKeys (ConfUtils.java:logGet(43)) - raft.server.sleep.deviation.threshold = 300 (default)
2019-10-11 07:12:53,829 [grpc-default-executor-6] WARN  server.GrpcLogAppender (LogUtils.java:warn(134)) - b8d03a4d-e915-4eff-b2e5-95cc028c1e9d@group-B0675D9502C4->58d7d782-e238-4c9b-b037-a54f89fdb2a5-AppendLogResponseHandler: Failed appendEntries: org.apache.ratis.thirdparty.io.grpc.StatusRuntimeException: UNAVAILABLE: io exception
2019-10-11 07:12:53,829 [pool-393-thread-1] INFO  server.RaftServerConfigKeys (ConfUtils.java:logGet(43)) - raft.server.log.appender.install.snapshot.enabled = false (custom)
2019-10-11 07:12:53,830 [grpc-default-executor-6] INFO  impl.FollowerInfo (FollowerInfo.java:lambda$new$0(51)) - b8d03a4d-e915-4eff-b2e5-95cc028c1e9d@group-B0675D9502C4->58d7d782-e238-4c9b-b037-a54f89fdb2a5: nextIndex: updateUnconditionally 0 -> 0
2019-10-11 07:12:53,830 [pool-393-thread-1] INFO  impl.RaftServerImpl (ServerState.java:<init>(103)) - abbcde68-4ece-45f8-bfb2-e9e7fef46271@group-CFFE45428647: ConfigurationManager, init=-1: [abbcde68-4ece-45f8-bfb2-e9e7fef46271:192.168.164.209:41213], old=null, confs=<EMPTY_MAP>
2019-10-11 07:12:53,830 [pool-393-thread-1] INFO  server.RaftServerConfigKeys (ConfUtils.java:logGet(43)) - raft.server.storage.dir = [/workdir/hadoop-ozone/integration-test/target/test-dir/MiniOzoneClusterImpl-06bc33bc-b6bc-4d69-8e6b-09fb0b06b8ae/datanode-1/data/ratis] (custom)
2019-10-11 07:12:53,830 [pool-393-thread-1] INFO  server.RaftServerConfigKeys (ConfUtils.java:logGet(43)) - raft.server.log.corruption.policy = EXCEPTION (default)
2019-10-11 07:12:53,830 [pool-393-thread-1] INFO  storage.RaftStorageDirectory (RaftStorageDirectory.java:analyzeStorage(246)) - The storage directory /workdir/hadoop-ozone/integration-test/target/test-dir/MiniOzoneClusterImpl-06bc33bc-b6bc-4d69-8e6b-09fb0b06b8ae/datanode-1/data/ratis/7c4cf100-cc1b-4513-9889-cffe45428647 does not exist. Creating ...
2019-10-11 07:12:53,848 [org.apache.ratis.server.impl.LogAppender$AppenderDaemon$$Lambda$383/1636840563@102097dc] ERROR ratis.XceiverServerRatis (XceiverServerRatis.java:triggerPipelineClose(582)) - pipeline Action CLOSE  on pipeline PipelineID=4b7d3e2b-a92f-4375-b350-b0675d9502c4.Reason : b8d03a4d-e915-4eff-b2e5-95cc028c1e9d has not seen follower/s 58d7d782-e238-4c9b-b037-a54f89fdb2a5 for 145746ms 0f24eb1f-961d-4620-8d5d-0b1f3f575a32 for 150764ms
2019-10-11 07:12:53,849 [grpc-default-executor-7] WARN  server.GrpcLogAppender (LogUtils.java:warn(134)) - b8d03a4d-e915-4eff-b2e5-95cc028c1e9d@group-B0675D9502C4->0f24eb1f-961d-4620-8d5d-0b1f3f575a32-AppendLogResponseHandler: Failed appendEntries: org.apache.ratis.thirdparty.io.grpc.StatusRuntimeException: UNAVAILABLE: io exception
2019-10-11 07:12:53,849 [grpc-default-executor-7] INFO  impl.FollowerInfo (FollowerInfo.java:lambda$new$0(51)) - b8d03a4d-e915-4eff-b2e5-95cc028c1e9d@group-B0675D9502C4->0f24eb1f-961d-4620-8d5d-0b1f3f575a32: nextIndex: updateUnconditionally 0 -> 0
2019-10-11 07:12:53,854 [pool-393-thread-1] INFO  storage.RaftStorageDirectory (RaftStorageDirectory.java:tryLock(328)) - Lock on /workdir/hadoop-ozone/integration-test/target/test-dir/MiniOzoneClusterImpl-06bc33bc-b6bc-4d69-8e6b-09fb0b06b8ae/datanode-1/data/ratis/7c4cf100-cc1b-4513-9889-cffe45428647/in_use.lock acquired by nodename 16310@pr-hdds-2206-npvv8-3563359771
2019-10-11 07:12:53,890 [pool-393-thread-1] INFO  storage.RaftStorage (RaftStorage.java:format(84)) - Storage directory /workdir/hadoop-ozone/integration-test/target/test-dir/MiniOzoneClusterImpl-06bc33bc-b6bc-4d69-8e6b-09fb0b06b8ae/datanode-1/data/ratis/7c4cf100-cc1b-4513-9889-cffe45428647 has been successfully formatted.
2019-10-11 07:12:53,890 [pool-393-thread-1] INFO  ratis.ContainerStateMachine (ContainerStateMachine.java:loadSnapshot(231)) - group-CFFE45428647: The snapshot info is null. Setting the last applied indexto:(t:0, i:~)
2019-10-11 07:12:53,890 [pool-393-thread-1] INFO  server.RaftServerConfigKeys (ConfUtils.java:logGet(43)) - raft.server.notification.no-leader.timeout = 120s (custom)
2019-10-11 07:12:53,891 [pool-393-thread-1] INFO  server.RaftServerConfigKeys (ConfUtils.java:logGet(43)) - raft.server.log.use.memory = false (default)
2019-10-11 07:12:53,891 [pool-393-thread-1] INFO  server.RaftServerConfigKeys (ConfUtils.java:logGet(43)) - raft.server.log.purge.gap = 1000000 (custom)
2019-10-11 07:12:53,891 [pool-393-thread-1] INFO  server.RaftServerConfigKeys (ConfUtils.java:logGet(43)) - raft.server.log.appender.buffer.byte-limit = 33554432 (custom)
2019-10-11 07:12:53,891 [pool-393-thread-1] INFO  server.RaftServerConfigKeys (ConfUtils.java:logGet(43)) - raft.server.log.segment.size.max = 1048576 (custom)
2019-10-11 07:12:53,894 [pool-393-thread-1] INFO  server.RaftServerConfigKeys (ConfUtils.java:logGet(43)) - raft.server.log.segment.cache.num.max = 2 (custom)
2019-10-11 07:12:53,894 [pool-393-thread-1] INFO  segmented.SegmentedRaftLogWorker (SegmentedRaftLogWorker.java:<init>(173)) - new abbcde68-4ece-45f8-bfb2-e9e7fef46271@group-CFFE45428647-SegmentedRaftLogWorker for RaftStorage:Storage Directory /workdir/hadoop-ozone/integration-test/target/test-dir/MiniOzoneClusterImpl-06bc33bc-b6bc-4d69-8e6b-09fb0b06b8ae/datanode-1/data/ratis/7c4cf100-cc1b-4513-9889-cffe45428647
2019-10-11 07:12:53,894 [pool-393-thread-1] INFO  server.RaftServerConfigKeys (ConfUtils.java:logGet(43)) - raft.server.log.queue.byte-limit = 2147483647 (custom)
2019-10-11 07:12:53,894 [pool-393-thread-1] INFO  server.RaftServerConfigKeys (ConfUtils.java:logGet(43)) - raft.server.log.queue.element-limit = 1024 (custom)
2019-10-11 07:12:53,895 [pool-393-thread-1] INFO  server.RaftServerConfigKeys (ConfUtils.java:logGet(43)) - raft.server.log.segment.size.max = 1048576 (custom)
2019-10-11 07:12:53,895 [pool-393-thread-1] INFO  server.RaftServerConfigKeys (ConfUtils.java:logGet(43)) - raft.server.log.preallocated.size = 16384 (custom)
2019-10-11 07:12:53,895 [pool-393-thread-1] INFO  server.RaftServerConfigKeys (ConfUtils.java:logGet(43)) - raft.server.log.write.buffer.size = 33554432 (custom)
2019-10-11 07:12:53,895 [pool-393-thread-1] INFO  server.RaftServerConfigKeys (ConfUtils.java:logGet(43)) - raft.server.log.force.sync.num = 128 (default)
2019-10-11 07:12:53,895 [pool-393-thread-1] INFO  server.RaftServerConfigKeys (ConfUtils.java:logGet(43)) - raft.server.log.statemachine.data.sync = true (default)
2019-10-11 07:12:53,895 [pool-393-thread-1] INFO  server.RaftServerConfigKeys (ConfUtils.java:logGet(43)) - raft.server.log.statemachine.data.sync.timeout = 10s (default)
2019-10-11 07:12:53,895 [pool-393-thread-1] INFO  server.RaftServerConfigKeys (ConfUtils.java:logGet(43)) - raft.server.log.statemachine.data.sync.timeout.retry = -1 (default)
2019-10-11 07:12:53,896 [pool-393-thread-1] INFO  server.RaftServerConfigKeys (ConfUtils.java:logGet(43)) - raft.server.log.statemachine.data.caching.enabled = true (custom)
2019-10-11 07:12:53,896 [pool-393-thread-1] INFO  segmented.SegmentedRaftLogWorker (SegmentedRaftLogWorker.java:lambda$new$0(128)) - abbcde68-4ece-45f8-bfb2-e9e7fef46271@group-CFFE45428647-SegmentedRaftLogWorker: flushIndex: setUnconditionally 0 -> -1
2019-10-11 07:12:53,896 [pool-393-thread-1] INFO  server.RaftServerConfigKeys (ConfUtils.java:logGet(43)) - raft.server.snapshot.auto.trigger.enabled = true (custom)
2019-10-11 07:12:53,897 [pool-393-thread-1] INFO  server.RaftServerConfigKeys (ConfUtils.java:logGet(43)) - raft.server.snapshot.auto.trigger.threshold = 10000 (custom)
2019-10-11 07:12:53,897 [pool-393-thread-1] INFO  server.RaftServerConfigKeys (ConfUtils.java:logGet(43)) - raft.server.snapshot.retention.file.num = 5 (custom)
2019-10-11 07:12:53,897 [pool-393-thread-1] INFO  server.RaftServerConfigKeys (ConfUtils.java:logGet(43)) - raft.server.retrycache.expirytime = 600000ms (custom)
2019-10-11 07:12:53,898 [pool-393-thread-1] INFO  impl.RaftServerImpl (RaftServerImpl.java:start(181)) - abbcde68-4ece-45f8-bfb2-e9e7fef46271@group-CFFE45428647: start as a follower, conf=-1: [abbcde68-4ece-45f8-bfb2-e9e7fef46271:192.168.164.209:41213], old=null
2019-10-11 07:12:53,898 [pool-393-thread-1] INFO  impl.RaftServerImpl (RaftServerImpl.java:setRole(170)) - abbcde68-4ece-45f8-bfb2-e9e7fef46271@group-CFFE45428647: changes role from      null to FOLLOWER at term 0 for startAsFollower
2019-10-11 07:12:53,899 [pool-393-thread-1] INFO  impl.RoleInfo (RoleInfo.java:updateAndGet(143)) - abbcde68-4ece-45f8-bfb2-e9e7fef46271: start FollowerState
2019-10-11 07:12:53,899 [pool-393-thread-1] INFO  util.JmxRegister (JmxRegister.java:tryRegister(44)) - Successfully registered JMX Bean with object name Ratis:service=RaftServer,group=group-CFFE45428647,id=abbcde68-4ece-45f8-bfb2-e9e7fef46271
2019-10-11 07:12:53,908 [RatisPipelineUtilsThread] INFO  pipeline.PipelineStateManager (PipelineStateManager.java:addPipeline(56)) - Created pipeline Pipeline[ Id: 7c4cf100-cc1b-4513-9889-cffe45428647, Nodes: abbcde68-4ece-45f8-bfb2-e9e7fef46271{ip: 192.168.164.209, host: pr-hdds-2206-npvv8-3563359771, networkLocation: /default-rack, certSerialId: null}, Type:RATIS, Factor:ONE, State:OPEN]
2019-10-11 07:12:54,286 [EventQueue-PipelineActionsForPipelineActionHandler] ERROR pipeline.PipelineActionHandler (PipelineActionHandler.java:onMessage(60)) - Received pipeline action CLOSE for Pipeline[ Id: 4b7d3e2b-a92f-4375-b350-b0675d9502c4, Nodes: 0f24eb1f-961d-4620-8d5d-0b1f3f575a32{ip: 192.168.164.209, host: pr-hdds-2206-npvv8-3563359771, networkLocation: /default-rack, certSerialId: null}58d7d782-e238-4c9b-b037-a54f89fdb2a5{ip: 192.168.164.209, host: pr-hdds-2206-npvv8-3563359771, networkLocation: /default-rack, certSerialId: null}b8d03a4d-e915-4eff-b2e5-95cc028c1e9d{ip: 192.168.164.209, host: pr-hdds-2206-npvv8-3563359771, networkLocation: /default-rack, certSerialId: null}, Type:RATIS, Factor:THREE, State:CLOSED] from datanode b8d03a4d-e915-4eff-b2e5-95cc028c1e9d{ip: 192.168.164.209, host: pr-hdds-2206-npvv8-3563359771, networkLocation: /default-rack, certSerialId: null}. Reason : b8d03a4d-e915-4eff-b2e5-95cc028c1e9d has not seen follower/s 58d7d782-e238-4c9b-b037-a54f89fdb2a5 for 145726ms 0f24eb1f-961d-4620-8d5d-0b1f3f575a32 for 150745ms
2019-10-11 07:12:54,286 [EventQueue-PipelineActionsForPipelineActionHandler] INFO  pipeline.SCMPipelineManager (SCMPipelineManager.java:finalizeAndDestroyPipeline(315)) - destroying pipeline:Pipeline[ Id: 4b7d3e2b-a92f-4375-b350-b0675d9502c4, Nodes: 0f24eb1f-961d-4620-8d5d-0b1f3f575a32{ip: 192.168.164.209, host: pr-hdds-2206-npvv8-3563359771, networkLocation: /default-rack, certSerialId: null}58d7d782-e238-4c9b-b037-a54f89fdb2a5{ip: 192.168.164.209, host: pr-hdds-2206-npvv8-3563359771, networkLocation: /default-rack, certSerialId: null}b8d03a4d-e915-4eff-b2e5-95cc028c1e9d{ip: 192.168.164.209, host: pr-hdds-2206-npvv8-3563359771, networkLocation: /default-rack, certSerialId: null}, Type:RATIS, Factor:THREE, State:CLOSED]
2019-10-11 07:12:54,862 [main] INFO  hdfs.DFSUtil (DFSUtil.java:httpServerTemplateForNNAndJN(1641)) - Starting Web-server for hddsDatanode at: http://0.0.0.0:0
2019-10-11 07:12:54,866 [main] INFO  server.AuthenticationFilter (AuthenticationFilter.java:constructSecretProvider(240)) - Unable to initialize FileSignerSecretProvider, falling back to use random secrets.
2019-10-11 07:12:54,867 [main] WARN  http.HttpRequestLog (HttpRequestLog.java:getRequestLog(97)) - Jetty request log can only be enabled using Log4j
2019-10-11 07:12:54,868 [main] INFO  http.HttpServer2 (HttpServer2.java:addGlobalFilter(975)) - Added global filter 'safety' (class=org.apache.hadoop.http.HttpServer2$QuotingInputFilter)
2019-10-11 07:12:54,869 [main] INFO  http.HttpServer2 (HttpServer2.java:addFilter(948)) - Added filter static_user_filter (class=org.apache.hadoop.http.lib.StaticUserWebFilter$StaticUserFilter) to context hddsDatanode
2019-10-11 07:12:54,869 [main] INFO  http.HttpServer2 (HttpServer2.java:addFilter(958)) - Added filter static_user_filter (class=org.apache.hadoop.http.lib.StaticUserWebFilter$StaticUserFilter) to context static
2019-10-11 07:12:54,869 [main] INFO  http.HttpServer2 (HttpServer2.java:addFilter(958)) - Added filter static_user_filter (class=org.apache.hadoop.http.lib.StaticUserWebFilter$StaticUserFilter) to context logs
2019-10-11 07:12:54,870 [main] INFO  http.HttpServer2 (HttpServer2.java:bindListener(1191)) - Jetty bound to port 39759
2019-10-11 07:12:54,870 [main] INFO  server.Server (Server.java:doStart(351)) - jetty-9.3.25.v20180904, build timestamp: 2018-09-04T21:11:46Z, git hash: 3ce520221d0240229c862b122d2b06c12a625732
2019-10-11 07:12:54,872 [main] INFO  handler.ContextHandler (ContextHandler.java:doStart(781)) - Started o.e.j.s.ServletContextHandler@28d739f1{/logs,file:///workdir/hadoop-ozone/integration-test/target/log,AVAILABLE}
2019-10-11 07:12:54,872 [main] INFO  handler.ContextHandler (ContextHandler.java:doStart(781)) - Started o.e.j.s.ServletContextHandler@7e3d2ebd{/static,jar:file:/home/user/.m2/repository/org/apache/hadoop/hadoop-hdds-container-service/0.5.0-SNAPSHOT/hadoop-hdds-container-service-0.5.0-SNAPSHOT.jar!/webapps/static,AVAILABLE}
2019-10-11 07:12:54,914 [main] INFO  handler.ContextHandler (ContextHandler.java:doStart(781)) - Started o.e.j.w.WebAppContext@4602f874{/,file:///tmp/jetty-0.0.0.0-39759-hddsDatanode-_-any-1312034426062268290.dir/webapp/,AVAILABLE}{/hddsDatanode}
2019-10-11 07:12:54,915 [main] INFO  server.AbstractConnector (AbstractConnector.java:doStart(278)) - Started ServerConnector@7739aac4{HTTP/1.1,[http/1.1]}{0.0.0.0:39759}
2019-10-11 07:12:54,921 [main] INFO  server.Server (Server.java:doStart(419)) - Started @422082ms
2019-10-11 07:12:54,921 [main] WARN  impl.MetricsSystemImpl (MetricsSystemImpl.java:register(276)) - Sink prometheus already exists!
2019-10-11 07:12:56,331 [org.apache.ratis.server.impl.LogAppender$AppenderDaemon$$Lambda$383/1636840563@bd104fc] ERROR ratis.XceiverServerRatis (XceiverServerRatis.java:triggerPipelineClose(582)) - pipeline Action CLOSE  on pipeline PipelineID=4b7d3e2b-a92f-4375-b350-b0675d9502c4.Reason : b8d03a4d-e915-4eff-b2e5-95cc028c1e9d has not seen follower/s 58d7d782-e238-4c9b-b037-a54f89fdb2a5 for 148229ms 0f24eb1f-961d-4620-8d5d-0b1f3f575a32 for 153247ms
2019-10-11 07:12:56,335 [grpc-default-executor-7] WARN  server.GrpcLogAppender (LogUtils.java:warn(134)) - b8d03a4d-e915-4eff-b2e5-95cc028c1e9d@group-B0675D9502C4->58d7d782-e238-4c9b-b037-a54f89fdb2a5-AppendLogResponseHandler: Failed appendEntries: org.apache.ratis.thirdparty.io.grpc.StatusRuntimeException: UNAVAILABLE: io exception
2019-10-11 07:12:56,335 [grpc-default-executor-7] INFO  impl.FollowerInfo (FollowerInfo.java:lambda$new$0(51)) - b8d03a4d-e915-4eff-b2e5-95cc028c1e9d@group-B0675D9502C4->58d7d782-e238-4c9b-b037-a54f89fdb2a5: nextIndex: updateUnconditionally 0 -> 0
2019-10-11 07:12:56,348 [org.apache.ratis.server.impl.LogAppender$AppenderDaemon$$Lambda$383/1636840563@102097dc] ERROR ratis.XceiverServerRatis (XceiverServerRatis.java:triggerPipelineClose(582)) - pipeline Action CLOSE  on pipeline PipelineID=4b7d3e2b-a92f-4375-b350-b0675d9502c4.Reason : b8d03a4d-e915-4eff-b2e5-95cc028c1e9d has not seen follower/s 58d7d782-e238-4c9b-b037-a54f89fdb2a5 for 148247ms 0f24eb1f-961d-4620-8d5d-0b1f3f575a32 for 153265ms
2019-10-11 07:12:56,349 [grpc-default-executor-6] WARN  server.GrpcLogAppender (LogUtils.java:warn(134)) - b8d03a4d-e915-4eff-b2e5-95cc028c1e9d@group-B0675D9502C4->0f24eb1f-961d-4620-8d5d-0b1f3f575a32-AppendLogResponseHandler: Failed appendEntries: org.apache.ratis.thirdparty.io.grpc.StatusRuntimeException: UNAVAILABLE: io exception
2019-10-11 07:12:56,350 [grpc-default-executor-6] INFO  impl.FollowerInfo (FollowerInfo.java:lambda$new$0(51)) - b8d03a4d-e915-4eff-b2e5-95cc028c1e9d@group-B0675D9502C4->0f24eb1f-961d-4620-8d5d-0b1f3f575a32: nextIndex: updateUnconditionally 0 -> 0
2019-10-11 07:12:56,668 [Thread-2506] INFO  container.ReplicationManager (ReplicationManager.java:start(162)) - Starting Replication Monitor Thread.
2019-10-11 07:12:56,673 [ReplicationMonitor] INFO  container.ReplicationManager (ReplicationManager.java:run(225)) - Replication Monitor Thread took 0 milliseconds for processing 0 containers.
2019-10-11 07:12:57,287 [EventQueue-PipelineActionsForPipelineActionHandler] ERROR pipeline.PipelineActionHandler (PipelineActionHandler.java:onMessage(60)) - Received pipeline action CLOSE for Pipeline[ Id: 4b7d3e2b-a92f-4375-b350-b0675d9502c4, Nodes: 0f24eb1f-961d-4620-8d5d-0b1f3f575a32{ip: 192.168.164.209, host: pr-hdds-2206-npvv8-3563359771, networkLocation: /default-rack, certSerialId: null}58d7d782-e238-4c9b-b037-a54f89fdb2a5{ip: 192.168.164.209, host: pr-hdds-2206-npvv8-3563359771, networkLocation: /default-rack, certSerialId: null}b8d03a4d-e915-4eff-b2e5-95cc028c1e9d{ip: 192.168.164.209, host: pr-hdds-2206-npvv8-3563359771, networkLocation: /default-rack, certSerialId: null}, Type:RATIS, Factor:THREE, State:CLOSED] from datanode b8d03a4d-e915-4eff-b2e5-95cc028c1e9d{ip: 192.168.164.209, host: pr-hdds-2206-npvv8-3563359771, networkLocation: /default-rack, certSerialId: null}. Reason : b8d03a4d-e915-4eff-b2e5-95cc028c1e9d has not seen follower/s 58d7d782-e238-4c9b-b037-a54f89fdb2a5 for 148229ms 0f24eb1f-961d-4620-8d5d-0b1f3f575a32 for 153247ms
2019-10-11 07:12:57,287 [EventQueue-PipelineActionsForPipelineActionHandler] INFO  pipeline.SCMPipelineManager (SCMPipelineManager.java:finalizeAndDestroyPipeline(315)) - destroying pipeline:Pipeline[ Id: 4b7d3e2b-a92f-4375-b350-b0675d9502c4, Nodes: 0f24eb1f-961d-4620-8d5d-0b1f3f575a32{ip: 192.168.164.209, host: pr-hdds-2206-npvv8-3563359771, networkLocation: /default-rack, certSerialId: null}58d7d782-e238-4c9b-b037-a54f89fdb2a5{ip: 192.168.164.209, host: pr-hdds-2206-npvv8-3563359771, networkLocation: /default-rack, certSerialId: null}b8d03a4d-e915-4eff-b2e5-95cc028c1e9d{ip: 192.168.164.209, host: pr-hdds-2206-npvv8-3563359771, networkLocation: /default-rack, certSerialId: null}, Type:RATIS, Factor:THREE, State:CLOSED]
2019-10-11 07:12:58,834 [org.apache.ratis.server.impl.LogAppender$AppenderDaemon$$Lambda$383/1636840563@bd104fc] ERROR ratis.XceiverServerRatis (XceiverServerRatis.java:triggerPipelineClose(582)) - pipeline Action CLOSE  on pipeline PipelineID=4b7d3e2b-a92f-4375-b350-b0675d9502c4.Reason : b8d03a4d-e915-4eff-b2e5-95cc028c1e9d has not seen follower/s 58d7d782-e238-4c9b-b037-a54f89fdb2a5 for 150732ms 0f24eb1f-961d-4620-8d5d-0b1f3f575a32 for 155750ms
2019-10-11 07:12:58,837 [grpc-default-executor-3] WARN  server.GrpcLogAppender (LogUtils.java:warn(134)) - b8d03a4d-e915-4eff-b2e5-95cc028c1e9d@group-B0675D9502C4->58d7d782-e238-4c9b-b037-a54f89fdb2a5-AppendLogResponseHandler: Failed appendEntries: org.apache.ratis.thirdparty.io.grpc.StatusRuntimeException: UNAVAILABLE: io exception
2019-10-11 07:12:58,838 [grpc-default-executor-3] INFO  impl.FollowerInfo (FollowerInfo.java:lambda$new$0(51)) - b8d03a4d-e915-4eff-b2e5-95cc028c1e9d@group-B0675D9502C4->58d7d782-e238-4c9b-b037-a54f89fdb2a5: nextIndex: updateUnconditionally 0 -> 0
2019-10-11 07:12:58,849 [org.apache.ratis.server.impl.LogAppender$AppenderDaemon$$Lambda$383/1636840563@102097dc] ERROR ratis.XceiverServerRatis (XceiverServerRatis.java:triggerPipelineClose(582)) - pipeline Action CLOSE  on pipeline PipelineID=4b7d3e2b-a92f-4375-b350-b0675d9502c4.Reason : b8d03a4d-e915-4eff-b2e5-95cc028c1e9d has not seen follower/s 58d7d782-e238-4c9b-b037-a54f89fdb2a5 for 150748ms 0f24eb1f-961d-4620-8d5d-0b1f3f575a32 for 155766ms
2019-10-11 07:12:58,850 [grpc-default-executor-7] WARN  server.GrpcLogAppender (LogUtils.java:warn(134)) - b8d03a4d-e915-4eff-b2e5-95cc028c1e9d@group-B0675D9502C4->0f24eb1f-961d-4620-8d5d-0b1f3f575a32-AppendLogResponseHandler: Failed appendEntries: org.apache.ratis.thirdparty.io.grpc.StatusRuntimeException: UNAVAILABLE: io exception
2019-10-11 07:12:58,850 [grpc-default-executor-7] INFO  impl.FollowerInfo (FollowerInfo.java:lambda$new$0(51)) - b8d03a4d-e915-4eff-b2e5-95cc028c1e9d@group-B0675D9502C4->0f24eb1f-961d-4620-8d5d-0b1f3f575a32: nextIndex: updateUnconditionally 0 -> 0
2019-10-11 07:12:58,886 [Thread-2508] INFO  impl.FollowerState (FollowerState.java:run(108)) - 323fda09-fb81-4e4b-9079-4a87f9cb285d@group-396E0EED32B3-FollowerState: change to CANDIDATE, lastRpcTime:5151ms, electionTimeout:5151ms
2019-10-11 07:12:58,887 [Thread-2508] INFO  impl.RoleInfo (RoleInfo.java:shutdownFollowerState(121)) - 323fda09-fb81-4e4b-9079-4a87f9cb285d: shutdown FollowerState
2019-10-11 07:12:58,887 [Thread-2508] INFO  impl.RaftServerImpl (RaftServerImpl.java:setRole(170)) - 323fda09-fb81-4e4b-9079-4a87f9cb285d@group-396E0EED32B3: changes role from  FOLLOWER to CANDIDATE at term 0 for changeToCandidate
2019-10-11 07:12:58,887 [Thread-2508] INFO  impl.RoleInfo (RoleInfo.java:updateAndGet(143)) - 323fda09-fb81-4e4b-9079-4a87f9cb285d: start LeaderElection
2019-10-11 07:12:58,932 [323fda09-fb81-4e4b-9079-4a87f9cb285d@group-396E0EED32B3-LeaderElection78] INFO  impl.LeaderElection (LeaderElection.java:askForVotes(178)) - 323fda09-fb81-4e4b-9079-4a87f9cb285d@group-396E0EED32B3-LeaderElection78: begin an election at term 1 for -1: [323fda09-fb81-4e4b-9079-4a87f9cb285d:192.168.164.209:39527], old=null
2019-10-11 07:12:58,933 [323fda09-fb81-4e4b-9079-4a87f9cb285d@group-396E0EED32B3-LeaderElection78] INFO  impl.RoleInfo (RoleInfo.java:shutdownLeaderElection(134)) - 323fda09-fb81-4e4b-9079-4a87f9cb285d: shutdown LeaderElection
2019-10-11 07:12:58,933 [323fda09-fb81-4e4b-9079-4a87f9cb285d@group-396E0EED32B3-LeaderElection78] INFO  impl.RaftServerImpl (RaftServerImpl.java:setRole(170)) - 323fda09-fb81-4e4b-9079-4a87f9cb285d@group-396E0EED32B3: changes role from CANDIDATE to LEADER at term 1 for changeToLeader
2019-10-11 07:12:58,933 [323fda09-fb81-4e4b-9079-4a87f9cb285d@group-396E0EED32B3-LeaderElection78] INFO  impl.RaftServerImpl (ServerState.java:setLeader(255)) - 323fda09-fb81-4e4b-9079-4a87f9cb285d@group-396E0EED32B3: change Leader from null to 323fda09-fb81-4e4b-9079-4a87f9cb285d at term 1 for becomeLeader, leader elected after 5205ms
2019-10-11 07:12:58,933 [323fda09-fb81-4e4b-9079-4a87f9cb285d@group-396E0EED32B3-LeaderElection78] INFO  server.RaftServerConfigKeys (ConfUtils.java:logGet(43)) - raft.server.staging.catchup.gap = 1000 (default)
2019-10-11 07:12:58,934 [323fda09-fb81-4e4b-9079-4a87f9cb285d@group-396E0EED32B3-LeaderElection78] INFO  server.RaftServerConfigKeys (ConfUtils.java:logGet(43)) - raft.server.rpc.sleep.time = 25ms (default)
2019-10-11 07:12:58,934 [323fda09-fb81-4e4b-9079-4a87f9cb285d@group-396E0EED32B3-LeaderElection78] INFO  server.RaftServerConfigKeys (ConfUtils.java:logGet(43)) - raft.server.write.element-limit = 4096 (default)
2019-10-11 07:12:58,934 [323fda09-fb81-4e4b-9079-4a87f9cb285d@group-396E0EED32B3-LeaderElection78] INFO  server.RaftServerConfigKeys (ConfUtils.java:logGet(43)) - raft.server.watch.timeout = 10s (default)
2019-10-11 07:12:58,934 [323fda09-fb81-4e4b-9079-4a87f9cb285d@group-396E0EED32B3-LeaderElection78] INFO  server.RaftServerConfigKeys (ConfUtils.java:logGet(43)) - raft.server.watch.timeout.denomination = 1s (default)
2019-10-11 07:12:58,934 [323fda09-fb81-4e4b-9079-4a87f9cb285d@group-396E0EED32B3-LeaderElection78] INFO  server.RaftServerConfigKeys (ConfUtils.java:logGet(43)) - raft.server.watch.element-limit = 65536 (default)
2019-10-11 07:12:58,937 [323fda09-fb81-4e4b-9079-4a87f9cb285d@group-396E0EED32B3-LeaderElection78] INFO  impl.RoleInfo (RoleInfo.java:updateAndGet(143)) - 323fda09-fb81-4e4b-9079-4a87f9cb285d: start LeaderState
2019-10-11 07:12:58,938 [323fda09-fb81-4e4b-9079-4a87f9cb285d@group-396E0EED32B3-LeaderElection78] INFO  segmented.SegmentedRaftLogWorker (SegmentedRaftLogWorker.java:startLogSegment(385)) - 323fda09-fb81-4e4b-9079-4a87f9cb285d@group-396E0EED32B3-SegmentedRaftLogWorker: Starting segment from index:0
2019-10-11 07:12:58,939 [323fda09-fb81-4e4b-9079-4a87f9cb285d@group-396E0EED32B3-LeaderElection78] INFO  impl.RaftServerImpl (ServerState.java:setRaftConf(356)) - 323fda09-fb81-4e4b-9079-4a87f9cb285d@group-396E0EED32B3: set configuration 0: [323fda09-fb81-4e4b-9079-4a87f9cb285d:192.168.164.209:39527], old=null at 0
2019-10-11 07:12:58,983 [Thread-2511] INFO  impl.FollowerState (FollowerState.java:run(108)) - abbcde68-4ece-45f8-bfb2-e9e7fef46271@group-CFFE45428647-FollowerState: change to CANDIDATE, lastRpcTime:5084ms, electionTimeout:5084ms
2019-10-11 07:12:58,984 [Thread-2511] INFO  impl.RoleInfo (RoleInfo.java:shutdownFollowerState(121)) - abbcde68-4ece-45f8-bfb2-e9e7fef46271: shutdown FollowerState
2019-10-11 07:12:58,984 [Thread-2511] INFO  impl.RaftServerImpl (RaftServerImpl.java:setRole(170)) - abbcde68-4ece-45f8-bfb2-e9e7fef46271@group-CFFE45428647: changes role from  FOLLOWER to CANDIDATE at term 0 for changeToCandidate
2019-10-11 07:12:58,984 [Thread-2511] INFO  impl.RoleInfo (RoleInfo.java:updateAndGet(143)) - abbcde68-4ece-45f8-bfb2-e9e7fef46271: start LeaderElection
2019-10-11 07:12:58,997 [323fda09-fb81-4e4b-9079-4a87f9cb285d@group-396E0EED32B3-SegmentedRaftLogWorker] INFO  segmented.SegmentedRaftLogWorker (SegmentedRaftLogWorker.java:execute(574)) - 323fda09-fb81-4e4b-9079-4a87f9cb285d@group-396E0EED32B3-SegmentedRaftLogWorker: created new log segment /workdir/hadoop-ozone/integration-test/target/test-dir/MiniOzoneClusterImpl-06bc33bc-b6bc-4d69-8e6b-09fb0b06b8ae/datanode-0/data/ratis/dcdcb2b0-62f0-4662-b91d-396e0eed32b3/current/log_inprogress_0
2019-10-11 07:12:59,021 [abbcde68-4ece-45f8-bfb2-e9e7fef46271@group-CFFE45428647-LeaderElection79] INFO  impl.LeaderElection (LeaderElection.java:askForVotes(178)) - abbcde68-4ece-45f8-bfb2-e9e7fef46271@group-CFFE45428647-LeaderElection79: begin an election at term 1 for -1: [abbcde68-4ece-45f8-bfb2-e9e7fef46271:192.168.164.209:41213], old=null
2019-10-11 07:12:59,022 [abbcde68-4ece-45f8-bfb2-e9e7fef46271@group-CFFE45428647-LeaderElection79] INFO  impl.RoleInfo (RoleInfo.java:shutdownLeaderElection(134)) - abbcde68-4ece-45f8-bfb2-e9e7fef46271: shutdown LeaderElection
2019-10-11 07:12:59,022 [abbcde68-4ece-45f8-bfb2-e9e7fef46271@group-CFFE45428647-LeaderElection79] INFO  impl.RaftServerImpl (RaftServerImpl.java:setRole(170)) - abbcde68-4ece-45f8-bfb2-e9e7fef46271@group-CFFE45428647: changes role from CANDIDATE to LEADER at term 1 for changeToLeader
2019-10-11 07:12:59,022 [abbcde68-4ece-45f8-bfb2-e9e7fef46271@group-CFFE45428647-LeaderElection79] INFO  impl.RaftServerImpl (ServerState.java:setLeader(255)) - abbcde68-4ece-45f8-bfb2-e9e7fef46271@group-CFFE45428647: change Leader from null to abbcde68-4ece-45f8-bfb2-e9e7fef46271 at term 1 for becomeLeader, leader elected after 5131ms
2019-10-11 07:12:59,022 [abbcde68-4ece-45f8-bfb2-e9e7fef46271@group-CFFE45428647-LeaderElection79] INFO  server.RaftServerConfigKeys (ConfUtils.java:logGet(43)) - raft.server.staging.catchup.gap = 1000 (default)
2019-10-11 07:12:59,023 [abbcde68-4ece-45f8-bfb2-e9e7fef46271@group-CFFE45428647-LeaderElection79] INFO  server.RaftServerConfigKeys (ConfUtils.java:logGet(43)) - raft.server.rpc.sleep.time = 25ms (default)
2019-10-11 07:12:59,023 [abbcde68-4ece-45f8-bfb2-e9e7fef46271@group-CFFE45428647-LeaderElection79] INFO  server.RaftServerConfigKeys (ConfUtils.java:logGet(43)) - raft.server.write.element-limit = 4096 (default)
2019-10-11 07:12:59,023 [abbcde68-4ece-45f8-bfb2-e9e7fef46271@group-CFFE45428647-LeaderElection79] INFO  server.RaftServerConfigKeys (ConfUtils.java:logGet(43)) - raft.server.watch.timeout = 10s (default)
2019-10-11 07:12:59,023 [abbcde68-4ece-45f8-bfb2-e9e7fef46271@group-CFFE45428647-LeaderElection79] INFO  server.RaftServerConfigKeys (ConfUtils.java:logGet(43)) - raft.server.watch.timeout.denomination = 1s (default)
2019-10-11 07:12:59,023 [abbcde68-4ece-45f8-bfb2-e9e7fef46271@group-CFFE45428647-LeaderElection79] INFO  server.RaftServerConfigKeys (ConfUtils.java:logGet(43)) - raft.server.watch.element-limit = 65536 (default)
2019-10-11 07:12:59,027 [abbcde68-4ece-45f8-bfb2-e9e7fef46271@group-CFFE45428647-LeaderElection79] INFO  impl.RoleInfo (RoleInfo.java:updateAndGet(143)) - abbcde68-4ece-45f8-bfb2-e9e7fef46271: start LeaderState
2019-10-11 07:12:59,027 [abbcde68-4ece-45f8-bfb2-e9e7fef46271@group-CFFE45428647-LeaderElection79] INFO  segmented.SegmentedRaftLogWorker (SegmentedRaftLogWorker.java:startLogSegment(385)) - abbcde68-4ece-45f8-bfb2-e9e7fef46271@group-CFFE45428647-SegmentedRaftLogWorker: Starting segment from index:0
2019-10-11 07:12:59,028 [abbcde68-4ece-45f8-bfb2-e9e7fef46271@group-CFFE45428647-LeaderElection79] INFO  impl.RaftServerImpl (ServerState.java:setRaftConf(356)) - abbcde68-4ece-45f8-bfb2-e9e7fef46271@group-CFFE45428647: set configuration 0: [abbcde68-4ece-45f8-bfb2-e9e7fef46271:192.168.164.209:41213], old=null at 0
2019-10-11 07:12:59,075 [abbcde68-4ece-45f8-bfb2-e9e7fef46271@group-CFFE45428647-SegmentedRaftLogWorker] INFO  segmented.SegmentedRaftLogWorker (SegmentedRaftLogWorker.java:execute(574)) - abbcde68-4ece-45f8-bfb2-e9e7fef46271@group-CFFE45428647-SegmentedRaftLogWorker: created new log segment /workdir/hadoop-ozone/integration-test/target/test-dir/MiniOzoneClusterImpl-06bc33bc-b6bc-4d69-8e6b-09fb0b06b8ae/datanode-1/data/ratis/7c4cf100-cc1b-4513-9889-cffe45428647/current/log_inprogress_0
2019-10-11 07:12:59,288 [EventQueue-PipelineActionsForPipelineActionHandler] ERROR pipeline.PipelineActionHandler (PipelineActionHandler.java:onMessage(60)) - Received pipeline action CLOSE for Pipeline[ Id: 4b7d3e2b-a92f-4375-b350-b0675d9502c4, Nodes: 0f24eb1f-961d-4620-8d5d-0b1f3f575a32{ip: 192.168.164.209, host: pr-hdds-2206-npvv8-3563359771, networkLocation: /default-rack, certSerialId: null}58d7d782-e238-4c9b-b037-a54f89fdb2a5{ip: 192.168.164.209, host: pr-hdds-2206-npvv8-3563359771, networkLocation: /default-rack, certSerialId: null}b8d03a4d-e915-4eff-b2e5-95cc028c1e9d{ip: 192.168.164.209, host: pr-hdds-2206-npvv8-3563359771, networkLocation: /default-rack, certSerialId: null}, Type:RATIS, Factor:THREE, State:CLOSED] from datanode b8d03a4d-e915-4eff-b2e5-95cc028c1e9d{ip: 192.168.164.209, host: pr-hdds-2206-npvv8-3563359771, networkLocation: /default-rack, certSerialId: null}. Reason : b8d03a4d-e915-4eff-b2e5-95cc028c1e9d has not seen follower/s 58d7d782-e238-4c9b-b037-a54f89fdb2a5 for 150732ms 0f24eb1f-961d-4620-8d5d-0b1f3f575a32 for 155750ms
2019-10-11 07:12:59,289 [EventQueue-PipelineActionsForPipelineActionHandler] INFO  pipeline.SCMPipelineManager (SCMPipelineManager.java:finalizeAndDestroyPipeline(315)) - destroying pipeline:Pipeline[ Id: 4b7d3e2b-a92f-4375-b350-b0675d9502c4, Nodes: 0f24eb1f-961d-4620-8d5d-0b1f3f575a32{ip: 192.168.164.209, host: pr-hdds-2206-npvv8-3563359771, networkLocation: /default-rack, certSerialId: null}58d7d782-e238-4c9b-b037-a54f89fdb2a5{ip: 192.168.164.209, host: pr-hdds-2206-npvv8-3563359771, networkLocation: /default-rack, certSerialId: null}b8d03a4d-e915-4eff-b2e5-95cc028c1e9d{ip: 192.168.164.209, host: pr-hdds-2206-npvv8-3563359771, networkLocation: /default-rack, certSerialId: null}, Type:RATIS, Factor:THREE, State:CLOSED]
2019-10-11 07:12:59,927 [main] INFO  server.BaseHttpServer (BaseHttpServer.java:updateConnectorAddress(215)) - HTTP server of HDDSDATANODE is listening at http://0.0.0.0:39759
2019-10-11 07:12:59,928 [main] INFO  impl.MetricsSystemImpl (MetricsSystemImpl.java:init(158)) - HddsDatanode metrics system started (again)
2019-10-11 07:12:59,957 [org.apache.hadoop.util.JvmPauseMonitor$Monitor@4e65ee3c] INFO  util.JvmPauseMonitor (JvmPauseMonitor.java:run(188)) - Starting JVM pause monitor
2019-10-11 07:12:59,959 [main] INFO  ozone.HddsDatanodeService (HddsDatanodeService.java:start(184)) - HddsDatanodeService host:pr-hdds-2206-npvv8-3563359771 ip:192.168.164.209
2019-10-11 07:12:59,972 [main] INFO  volume.HddsVolume (HddsVolume.java:<init>(176)) - Creating Volume: /workdir/hadoop-ozone/integration-test/target/test-dir/MiniOzoneClusterImpl-06bc33bc-b6bc-4d69-8e6b-09fb0b06b8ae/datanode-3/data/containers/hdds of  storage type : DISK and capacity : 1482555576320
2019-10-11 07:12:59,973 [Datanode State Machine Thread - 0] INFO  datanode.InitDatanodeState (InitDatanodeState.java:persistContainerDatanodeDetails(140)) - DatanodeDetails is persisted to /workdir/hadoop-ozone/integration-test/target/test-dir/MiniOzoneClusterImpl-06bc33bc-b6bc-4d69-8e6b-09fb0b06b8ae/datanode-2/meta/datanode.id
2019-10-11 07:12:59,973 [main] INFO  volume.VolumeSet (VolumeSet.java:initializeVolumeSet(170)) - Added Volume : /workdir/hadoop-ozone/integration-test/target/test-dir/MiniOzoneClusterImpl-06bc33bc-b6bc-4d69-8e6b-09fb0b06b8ae/datanode-3/data/containers/hdds to VolumeSet
2019-10-11 07:12:59,973 [main] INFO  volume.ThrottledAsyncChecker (ThrottledAsyncChecker.java:schedule(141)) - Scheduling a check for org.apache.hadoop.ozone.container.common.volume.HddsVolume@5b48f0f4
2019-10-11 07:12:59,974 [main] INFO  volume.HddsVolumeChecker (HddsVolumeChecker.java:checkAllVolumes(204)) - Scheduled health check for volume org.apache.hadoop.ozone.container.common.volume.HddsVolume@5b48f0f4
2019-10-11 07:12:59,994 [main] INFO  impl.RaftServerProxy (ConfUtils.java:logGet(43)) - raft.rpc.type = GRPC (default)
2019-10-11 07:12:59,994 [main] INFO  grpc.GrpcFactory (GrpcFactory.java:checkPooledByteBufAllocatorUseCacheForAllThreads(45)) - PERFORMANCE WARNING: useCacheForAllThreads is true that may cause Netty to create a lot garbage objects and, as a result, trigger GC.
	It is recommended to disable useCacheForAllThreads by setting -Dorg.apache.ratis.thirdparty.io.netty.allocator.useCacheForAllThreads=false in command line.
2019-10-11 07:12:59,994 [main] INFO  grpc.GrpcConfigKeys$Server (ConfUtils.java:logGet(43)) - raft.grpc.server.port = 0 (default)
2019-10-11 07:12:59,994 [main] INFO  server.GrpcService (ConfUtils.java:logGet(43)) - raft.grpc.message.size.max = 33570816 (custom)
2019-10-11 07:12:59,995 [main] INFO  server.RaftServerConfigKeys (ConfUtils.java:logGet(43)) - raft.server.log.appender.buffer.byte-limit = 33554432 (custom)
2019-10-11 07:12:59,995 [main] INFO  server.GrpcService (ConfUtils.java:logGet(43)) - raft.grpc.flow.control.window = 1MB (=1048576) (default)
2019-10-11 07:12:59,995 [main] INFO  server.RaftServerConfigKeys (ConfUtils.java:logGet(43)) - raft.server.rpc.request.timeout = 3000ms (default)
2019-10-11 07:12:59,996 [main] INFO  server.RaftServerConfigKeys (ConfUtils.java:logGet(43)) - raft.server.storage.dir = [/workdir/hadoop-ozone/integration-test/target/test-dir/MiniOzoneClusterImpl-06bc33bc-b6bc-4d69-8e6b-09fb0b06b8ae/datanode-3/data/ratis] (custom)
2019-10-11 07:13:01,336 [org.apache.ratis.server.impl.LogAppender$AppenderDaemon$$Lambda$383/1636840563@bd104fc] ERROR ratis.XceiverServerRatis (XceiverServerRatis.java:triggerPipelineClose(582)) - pipeline Action CLOSE  on pipeline PipelineID=4b7d3e2b-a92f-4375-b350-b0675d9502c4.Reason : b8d03a4d-e915-4eff-b2e5-95cc028c1e9d has not seen follower/s 58d7d782-e238-4c9b-b037-a54f89fdb2a5 for 153234ms 0f24eb1f-961d-4620-8d5d-0b1f3f575a32 for 158253ms
2019-10-11 07:13:01,338 [grpc-default-executor-7] WARN  server.GrpcLogAppender (LogUtils.java:warn(134)) - b8d03a4d-e915-4eff-b2e5-95cc028c1e9d@group-B0675D9502C4->58d7d782-e238-4c9b-b037-a54f89fdb2a5-AppendLogResponseHandler: Failed appendEntries: org.apache.ratis.thirdparty.io.grpc.StatusRuntimeException: UNAVAILABLE: io exception
2019-10-11 07:13:01,338 [grpc-default-executor-7] INFO  impl.FollowerInfo (FollowerInfo.java:lambda$new$0(51)) - b8d03a4d-e915-4eff-b2e5-95cc028c1e9d@group-B0675D9502C4->58d7d782-e238-4c9b-b037-a54f89fdb2a5: nextIndex: updateUnconditionally 0 -> 0
2019-10-11 07:13:01,350 [org.apache.ratis.server.impl.LogAppender$AppenderDaemon$$Lambda$383/1636840563@102097dc] ERROR ratis.XceiverServerRatis (XceiverServerRatis.java:triggerPipelineClose(582)) - pipeline Action CLOSE  on pipeline PipelineID=4b7d3e2b-a92f-4375-b350-b0675d9502c4.Reason : b8d03a4d-e915-4eff-b2e5-95cc028c1e9d has not seen follower/s 58d7d782-e238-4c9b-b037-a54f89fdb2a5 for 153248ms 0f24eb1f-961d-4620-8d5d-0b1f3f575a32 for 158267ms
2019-10-11 07:13:01,351 [grpc-default-executor-6] WARN  server.GrpcLogAppender (LogUtils.java:warn(134)) - b8d03a4d-e915-4eff-b2e5-95cc028c1e9d@group-B0675D9502C4->0f24eb1f-961d-4620-8d5d-0b1f3f575a32-AppendLogResponseHandler: Failed appendEntries: org.apache.ratis.thirdparty.io.grpc.StatusRuntimeException: UNAVAILABLE: io exception
2019-10-11 07:13:01,351 [grpc-default-executor-6] INFO  impl.FollowerInfo (FollowerInfo.java:lambda$new$0(51)) - b8d03a4d-e915-4eff-b2e5-95cc028c1e9d@group-B0675D9502C4->0f24eb1f-961d-4620-8d5d-0b1f3f575a32: nextIndex: updateUnconditionally 0 -> 0
2019-10-11 07:13:01,986 [Datanode State Machine Thread - 0] INFO  ozoneimpl.OzoneContainer (OzoneContainer.java:start(213)) - Attempting to start container services.
2019-10-11 07:13:01,986 [Datanode State Machine Thread - 0] INFO  ozoneimpl.OzoneContainer (OzoneContainer.java:startContainerScrub(177)) - Background container scanner has been disabled.
2019-10-11 07:13:01,987 [Datanode State Machine Thread - 0] INFO  ratis.XceiverServerRatis (XceiverServerRatis.java:start(418)) - Starting XceiverServerRatis 5e2e49ae-c201-4626-b6ec-0e82458807d3 at port 0
2019-10-11 07:13:01,994 [Datanode State Machine Thread - 0] INFO  impl.RaftServerProxy (RaftServerProxy.java:lambda$start$3(299)) - 5e2e49ae-c201-4626-b6ec-0e82458807d3: start RPC server
2019-10-11 07:13:01,995 [Datanode State Machine Thread - 0] INFO  server.GrpcService (GrpcService.java:startImpl(158)) - 5e2e49ae-c201-4626-b6ec-0e82458807d3: GrpcService started, listening on 0.0.0.0/0.0.0.0:40716
2019-10-11 07:13:01,995 [Datanode State Machine Thread - 0] INFO  ratis.XceiverServerRatis (XceiverServerRatis.java:start(428)) - XceiverServerRatis 5e2e49ae-c201-4626-b6ec-0e82458807d3 is started using port 40716
2019-10-11 07:13:01,996 [Datanode State Machine Thread - 0] INFO  server.XceiverServerGrpc (XceiverServerGrpc.java:start(149)) - XceiverServerGrpc 5e2e49ae-c201-4626-b6ec-0e82458807d3 is started using port 40551
2019-10-11 07:13:02,286 [EventQueue-PipelineActionsForPipelineActionHandler] ERROR pipeline.PipelineActionHandler (PipelineActionHandler.java:onMessage(60)) - Received pipeline action CLOSE for Pipeline[ Id: 4b7d3e2b-a92f-4375-b350-b0675d9502c4, Nodes: 0f24eb1f-961d-4620-8d5d-0b1f3f575a32{ip: 192.168.164.209, host: pr-hdds-2206-npvv8-3563359771, networkLocation: /default-rack, certSerialId: null}58d7d782-e238-4c9b-b037-a54f89fdb2a5{ip: 192.168.164.209, host: pr-hdds-2206-npvv8-3563359771, networkLocation: /default-rack, certSerialId: null}b8d03a4d-e915-4eff-b2e5-95cc028c1e9d{ip: 192.168.164.209, host: pr-hdds-2206-npvv8-3563359771, networkLocation: /default-rack, certSerialId: null}, Type:RATIS, Factor:THREE, State:CLOSED] from datanode b8d03a4d-e915-4eff-b2e5-95cc028c1e9d{ip: 192.168.164.209, host: pr-hdds-2206-npvv8-3563359771, networkLocation: /default-rack, certSerialId: null}. Reason : b8d03a4d-e915-4eff-b2e5-95cc028c1e9d has not seen follower/s 58d7d782-e238-4c9b-b037-a54f89fdb2a5 for 153234ms 0f24eb1f-961d-4620-8d5d-0b1f3f575a32 for 158253ms
2019-10-11 07:13:02,287 [EventQueue-PipelineActionsForPipelineActionHandler] INFO  pipeline.SCMPipelineManager (SCMPipelineManager.java:finalizeAndDestroyPipeline(315)) - destroying pipeline:Pipeline[ Id: 4b7d3e2b-a92f-4375-b350-b0675d9502c4, Nodes: 0f24eb1f-961d-4620-8d5d-0b1f3f575a32{ip: 192.168.164.209, host: pr-hdds-2206-npvv8-3563359771, networkLocation: /default-rack, certSerialId: null}58d7d782-e238-4c9b-b037-a54f89fdb2a5{ip: 192.168.164.209, host: pr-hdds-2206-npvv8-3563359771, networkLocation: /default-rack, certSerialId: null}b8d03a4d-e915-4eff-b2e5-95cc028c1e9d{ip: 192.168.164.209, host: pr-hdds-2206-npvv8-3563359771, networkLocation: /default-rack, certSerialId: null}, Type:RATIS, Factor:THREE, State:CLOSED]
2019-10-11 07:13:03,838 [org.apache.ratis.server.impl.LogAppender$AppenderDaemon$$Lambda$383/1636840563@bd104fc] ERROR ratis.XceiverServerRatis (XceiverServerRatis.java:triggerPipelineClose(582)) - pipeline Action CLOSE  on pipeline PipelineID=4b7d3e2b-a92f-4375-b350-b0675d9502c4.Reason : b8d03a4d-e915-4eff-b2e5-95cc028c1e9d has not seen follower/s 58d7d782-e238-4c9b-b037-a54f89fdb2a5 for 155737ms 0f24eb1f-961d-4620-8d5d-0b1f3f575a32 for 160755ms
2019-10-11 07:13:03,840 [grpc-default-executor-6] WARN  server.GrpcLogAppender (LogUtils.java:warn(134)) - b8d03a4d-e915-4eff-b2e5-95cc028c1e9d@group-B0675D9502C4->58d7d782-e238-4c9b-b037-a54f89fdb2a5-AppendLogResponseHandler: Failed appendEntries: org.apache.ratis.thirdparty.io.grpc.StatusRuntimeException: UNAVAILABLE: io exception
2019-10-11 07:13:03,841 [grpc-default-executor-6] INFO  impl.FollowerInfo (FollowerInfo.java:lambda$new$0(51)) - b8d03a4d-e915-4eff-b2e5-95cc028c1e9d@group-B0675D9502C4->58d7d782-e238-4c9b-b037-a54f89fdb2a5: nextIndex: updateUnconditionally 0 -> 0
2019-10-11 07:13:03,851 [org.apache.ratis.server.impl.LogAppender$AppenderDaemon$$Lambda$383/1636840563@102097dc] ERROR ratis.XceiverServerRatis (XceiverServerRatis.java:triggerPipelineClose(582)) - pipeline Action CLOSE  on pipeline PipelineID=4b7d3e2b-a92f-4375-b350-b0675d9502c4.Reason : b8d03a4d-e915-4eff-b2e5-95cc028c1e9d has not seen follower/s 58d7d782-e238-4c9b-b037-a54f89fdb2a5 for 155749ms 0f24eb1f-961d-4620-8d5d-0b1f3f575a32 for 160767ms
2019-10-11 07:13:03,852 [grpc-default-executor-6] WARN  server.GrpcLogAppender (LogUtils.java:warn(134)) - b8d03a4d-e915-4eff-b2e5-95cc028c1e9d@group-B0675D9502C4->0f24eb1f-961d-4620-8d5d-0b1f3f575a32-AppendLogResponseHandler: Failed appendEntries: org.apache.ratis.thirdparty.io.grpc.StatusRuntimeException: UNAVAILABLE: io exception
2019-10-11 07:13:03,852 [grpc-default-executor-6] INFO  impl.FollowerInfo (FollowerInfo.java:lambda$new$0(51)) - b8d03a4d-e915-4eff-b2e5-95cc028c1e9d@group-B0675D9502C4->0f24eb1f-961d-4620-8d5d-0b1f3f575a32: nextIndex: updateUnconditionally 0 -> 0
2019-10-11 07:13:03,960 [IPC Server handler 1 on 43389] INFO  net.NetworkTopology (NetworkTopologyImpl.java:add(111)) - Added a new node: /default-rack/5e2e49ae-c201-4626-b6ec-0e82458807d3
2019-10-11 07:13:03,960 [IPC Server handler 1 on 43389] INFO  node.SCMNodeManager (SCMNodeManager.java:register(268)) - Registered Data node : 5e2e49ae-c201-4626-b6ec-0e82458807d3{ip: 192.168.164.209, host: pr-hdds-2206-npvv8-3563359771, networkLocation: /default-rack, certSerialId: null}
2019-10-11 07:13:03,974 [grpc-default-executor-6] INFO  impl.RaftServerProxy (RaftServerProxy.java:addNew(89)) - 5e2e49ae-c201-4626-b6ec-0e82458807d3: addNew group-1134329703C6:[5e2e49ae-c201-4626-b6ec-0e82458807d3:192.168.164.209:40716] returns group-1134329703C6:java.util.concurrent.CompletableFuture@43648af6[Not completed]
2019-10-11 07:13:03,976 [pool-403-thread-1] INFO  impl.RaftServerImpl (RaftServerImpl.java:<init>(95)) - 5e2e49ae-c201-4626-b6ec-0e82458807d3: new RaftServerImpl for group-1134329703C6:[5e2e49ae-c201-4626-b6ec-0e82458807d3:192.168.164.209:40716] with ContainerStateMachine:uninitialized
2019-10-11 07:13:03,976 [pool-403-thread-1] INFO  server.RaftServerConfigKeys (ConfUtils.java:logGet(43)) - raft.server.rpc.timeout.min = 5s (custom)
2019-10-11 07:13:03,976 [pool-403-thread-1] INFO  server.RaftServerConfigKeys (ConfUtils.java:logGet(43)) - raft.server.rpc.timeout.max = 5200ms (custom)
2019-10-11 07:13:03,977 [pool-403-thread-1] INFO  server.RaftServerConfigKeys (ConfUtils.java:logGet(43)) - raft.server.rpcslowness.timeout = 120s (custom)
2019-10-11 07:13:03,977 [pool-403-thread-1] INFO  server.RaftServerConfigKeys (ConfUtils.java:logGet(43)) - raft.server.sleep.deviation.threshold = 300 (default)
2019-10-11 07:13:03,977 [pool-403-thread-1] INFO  server.RaftServerConfigKeys (ConfUtils.java:logGet(43)) - raft.server.log.appender.install.snapshot.enabled = false (custom)
2019-10-11 07:13:03,977 [pool-403-thread-1] INFO  impl.RaftServerImpl (ServerState.java:<init>(103)) - 5e2e49ae-c201-4626-b6ec-0e82458807d3@group-1134329703C6: ConfigurationManager, init=-1: [5e2e49ae-c201-4626-b6ec-0e82458807d3:192.168.164.209:40716], old=null, confs=<EMPTY_MAP>
2019-10-11 07:13:03,977 [pool-403-thread-1] INFO  server.RaftServerConfigKeys (ConfUtils.java:logGet(43)) - raft.server.storage.dir = [/workdir/hadoop-ozone/integration-test/target/test-dir/MiniOzoneClusterImpl-06bc33bc-b6bc-4d69-8e6b-09fb0b06b8ae/datanode-2/data/ratis] (custom)
2019-10-11 07:13:03,978 [pool-403-thread-1] INFO  server.RaftServerConfigKeys (ConfUtils.java:logGet(43)) - raft.server.log.corruption.policy = EXCEPTION (default)
2019-10-11 07:13:03,978 [pool-403-thread-1] INFO  storage.RaftStorageDirectory (RaftStorageDirectory.java:analyzeStorage(246)) - The storage directory /workdir/hadoop-ozone/integration-test/target/test-dir/MiniOzoneClusterImpl-06bc33bc-b6bc-4d69-8e6b-09fb0b06b8ae/datanode-2/data/ratis/649a5558-52a0-47ed-a9ac-1134329703c6 does not exist. Creating ...
2019-10-11 07:13:04,002 [pool-403-thread-1] INFO  storage.RaftStorageDirectory (RaftStorageDirectory.java:tryLock(328)) - Lock on /workdir/hadoop-ozone/integration-test/target/test-dir/MiniOzoneClusterImpl-06bc33bc-b6bc-4d69-8e6b-09fb0b06b8ae/datanode-2/data/ratis/649a5558-52a0-47ed-a9ac-1134329703c6/in_use.lock acquired by nodename 16310@pr-hdds-2206-npvv8-3563359771
2019-10-11 07:13:04,035 [pool-403-thread-1] INFO  storage.RaftStorage (RaftStorage.java:format(84)) - Storage directory /workdir/hadoop-ozone/integration-test/target/test-dir/MiniOzoneClusterImpl-06bc33bc-b6bc-4d69-8e6b-09fb0b06b8ae/datanode-2/data/ratis/649a5558-52a0-47ed-a9ac-1134329703c6 has been successfully formatted.
2019-10-11 07:13:04,035 [pool-403-thread-1] INFO  ratis.ContainerStateMachine (ContainerStateMachine.java:loadSnapshot(231)) - group-1134329703C6: The snapshot info is null. Setting the last applied indexto:(t:0, i:~)
2019-10-11 07:13:04,035 [pool-403-thread-1] INFO  server.RaftServerConfigKeys (ConfUtils.java:logGet(43)) - raft.server.notification.no-leader.timeout = 120s (custom)
2019-10-11 07:13:04,035 [pool-403-thread-1] INFO  server.RaftServerConfigKeys (ConfUtils.java:logGet(43)) - raft.server.log.use.memory = false (default)
2019-10-11 07:13:04,036 [pool-403-thread-1] INFO  server.RaftServerConfigKeys (ConfUtils.java:logGet(43)) - raft.server.log.purge.gap = 1000000 (custom)
2019-10-11 07:13:04,036 [pool-403-thread-1] INFO  server.RaftServerConfigKeys (ConfUtils.java:logGet(43)) - raft.server.log.appender.buffer.byte-limit = 33554432 (custom)
2019-10-11 07:13:04,036 [pool-403-thread-1] INFO  server.RaftServerConfigKeys (ConfUtils.java:logGet(43)) - raft.server.log.segment.size.max = 1048576 (custom)
2019-10-11 07:13:04,038 [pool-403-thread-1] INFO  server.RaftServerConfigKeys (ConfUtils.java:logGet(43)) - raft.server.log.segment.cache.num.max = 2 (custom)
2019-10-11 07:13:04,039 [pool-403-thread-1] INFO  segmented.SegmentedRaftLogWorker (SegmentedRaftLogWorker.java:<init>(173)) - new 5e2e49ae-c201-4626-b6ec-0e82458807d3@group-1134329703C6-SegmentedRaftLogWorker for RaftStorage:Storage Directory /workdir/hadoop-ozone/integration-test/target/test-dir/MiniOzoneClusterImpl-06bc33bc-b6bc-4d69-8e6b-09fb0b06b8ae/datanode-2/data/ratis/649a5558-52a0-47ed-a9ac-1134329703c6
2019-10-11 07:13:04,039 [pool-403-thread-1] INFO  server.RaftServerConfigKeys (ConfUtils.java:logGet(43)) - raft.server.log.queue.byte-limit = 2147483647 (custom)
2019-10-11 07:13:04,039 [pool-403-thread-1] INFO  server.RaftServerConfigKeys (ConfUtils.java:logGet(43)) - raft.server.log.queue.element-limit = 1024 (custom)
2019-10-11 07:13:04,039 [pool-403-thread-1] INFO  server.RaftServerConfigKeys (ConfUtils.java:logGet(43)) - raft.server.log.segment.size.max = 1048576 (custom)
2019-10-11 07:13:04,039 [pool-403-thread-1] INFO  server.RaftServerConfigKeys (ConfUtils.java:logGet(43)) - raft.server.log.preallocated.size = 16384 (custom)
2019-10-11 07:13:04,039 [pool-403-thread-1] INFO  server.RaftServerConfigKeys (ConfUtils.java:logGet(43)) - raft.server.log.write.buffer.size = 33554432 (custom)
2019-10-11 07:13:04,039 [pool-403-thread-1] INFO  server.RaftServerConfigKeys (ConfUtils.java:logGet(43)) - raft.server.log.force.sync.num = 128 (default)
2019-10-11 07:13:04,040 [pool-403-thread-1] INFO  server.RaftServerConfigKeys (ConfUtils.java:logGet(43)) - raft.server.log.statemachine.data.sync = true (default)
2019-10-11 07:13:04,040 [pool-403-thread-1] INFO  server.RaftServerConfigKeys (ConfUtils.java:logGet(43)) - raft.server.log.statemachine.data.sync.timeout = 10s (default)
2019-10-11 07:13:04,040 [pool-403-thread-1] INFO  server.RaftServerConfigKeys (ConfUtils.java:logGet(43)) - raft.server.log.statemachine.data.sync.timeout.retry = -1 (default)
2019-10-11 07:13:04,040 [pool-403-thread-1] INFO  server.RaftServerConfigKeys (ConfUtils.java:logGet(43)) - raft.server.log.statemachine.data.caching.enabled = true (custom)
2019-10-11 07:13:04,041 [pool-403-thread-1] INFO  segmented.SegmentedRaftLogWorker (SegmentedRaftLogWorker.java:lambda$new$0(128)) - 5e2e49ae-c201-4626-b6ec-0e82458807d3@group-1134329703C6-SegmentedRaftLogWorker: flushIndex: setUnconditionally 0 -> -1
2019-10-11 07:13:04,041 [pool-403-thread-1] INFO  server.RaftServerConfigKeys (ConfUtils.java:logGet(43)) - raft.server.snapshot.auto.trigger.enabled = true (custom)
2019-10-11 07:13:04,041 [pool-403-thread-1] INFO  server.RaftServerConfigKeys (ConfUtils.java:logGet(43)) - raft.server.snapshot.auto.trigger.threshold = 10000 (custom)
2019-10-11 07:13:04,042 [pool-403-thread-1] INFO  server.RaftServerConfigKeys (ConfUtils.java:logGet(43)) - raft.server.snapshot.retention.file.num = 5 (custom)
2019-10-11 07:13:04,042 [pool-403-thread-1] INFO  server.RaftServerConfigKeys (ConfUtils.java:logGet(43)) - raft.server.retrycache.expirytime = 600000ms (custom)
2019-10-11 07:13:04,044 [pool-403-thread-1] INFO  impl.RaftServerImpl (RaftServerImpl.java:start(181)) - 5e2e49ae-c201-4626-b6ec-0e82458807d3@group-1134329703C6: start as a follower, conf=-1: [5e2e49ae-c201-4626-b6ec-0e82458807d3:192.168.164.209:40716], old=null
2019-10-11 07:13:04,044 [pool-403-thread-1] INFO  impl.RaftServerImpl (RaftServerImpl.java:setRole(170)) - 5e2e49ae-c201-4626-b6ec-0e82458807d3@group-1134329703C6: changes role from      null to FOLLOWER at term 0 for startAsFollower
2019-10-11 07:13:04,044 [pool-403-thread-1] INFO  impl.RoleInfo (RoleInfo.java:updateAndGet(143)) - 5e2e49ae-c201-4626-b6ec-0e82458807d3: start FollowerState
2019-10-11 07:13:04,044 [pool-403-thread-1] INFO  util.JmxRegister (JmxRegister.java:tryRegister(44)) - Successfully registered JMX Bean with object name Ratis:service=RaftServer,group=group-1134329703C6,id=5e2e49ae-c201-4626-b6ec-0e82458807d3
2019-10-11 07:13:04,053 [RatisPipelineUtilsThread] INFO  pipeline.PipelineStateManager (PipelineStateManager.java:addPipeline(56)) - Created pipeline Pipeline[ Id: 649a5558-52a0-47ed-a9ac-1134329703c6, Nodes: 5e2e49ae-c201-4626-b6ec-0e82458807d3{ip: 192.168.164.209, host: pr-hdds-2206-npvv8-3563359771, networkLocation: /default-rack, certSerialId: null}, Type:RATIS, Factor:ONE, State:OPEN]
2019-10-11 07:13:04,067 [grpc-default-executor-7] INFO  impl.RaftServerProxy (RaftServerProxy.java:addNew(89)) - 323fda09-fb81-4e4b-9079-4a87f9cb285d: addNew group-BA40C981B598:[abbcde68-4ece-45f8-bfb2-e9e7fef46271:192.168.164.209:41213, 5e2e49ae-c201-4626-b6ec-0e82458807d3:192.168.164.209:40716, 323fda09-fb81-4e4b-9079-4a87f9cb285d:192.168.164.209:39527] returns group-BA40C981B598:java.util.concurrent.CompletableFuture@d08ef88[Not completed]
2019-10-11 07:13:04,067 [grpc-default-executor-3] INFO  impl.RaftServerProxy (RaftServerProxy.java:addNew(89)) - 5e2e49ae-c201-4626-b6ec-0e82458807d3: addNew group-BA40C981B598:[abbcde68-4ece-45f8-bfb2-e9e7fef46271:192.168.164.209:41213, 5e2e49ae-c201-4626-b6ec-0e82458807d3:192.168.164.209:40716, 323fda09-fb81-4e4b-9079-4a87f9cb285d:192.168.164.209:39527] returns group-BA40C981B598:java.util.concurrent.CompletableFuture@211ece7d[Not completed]
2019-10-11 07:13:04,068 [grpc-default-executor-7] INFO  impl.RaftServerProxy (RaftServerProxy.java:addNew(89)) - abbcde68-4ece-45f8-bfb2-e9e7fef46271: addNew group-BA40C981B598:[abbcde68-4ece-45f8-bfb2-e9e7fef46271:192.168.164.209:41213, 5e2e49ae-c201-4626-b6ec-0e82458807d3:192.168.164.209:40716, 323fda09-fb81-4e4b-9079-4a87f9cb285d:192.168.164.209:39527] returns group-BA40C981B598:java.util.concurrent.CompletableFuture@7a5ab85f[Not completed]
2019-10-11 07:13:04,069 [pool-383-thread-1] INFO  impl.RaftServerImpl (RaftServerImpl.java:<init>(95)) - 323fda09-fb81-4e4b-9079-4a87f9cb285d: new RaftServerImpl for group-BA40C981B598:[abbcde68-4ece-45f8-bfb2-e9e7fef46271:192.168.164.209:41213, 5e2e49ae-c201-4626-b6ec-0e82458807d3:192.168.164.209:40716, 323fda09-fb81-4e4b-9079-4a87f9cb285d:192.168.164.209:39527] with ContainerStateMachine:uninitialized
2019-10-11 07:13:04,070 [pool-383-thread-1] INFO  server.RaftServerConfigKeys (ConfUtils.java:logGet(43)) - raft.server.rpc.timeout.min = 5s (custom)
2019-10-11 07:13:04,070 [pool-383-thread-1] INFO  server.RaftServerConfigKeys (ConfUtils.java:logGet(43)) - raft.server.rpc.timeout.max = 5200ms (custom)
2019-10-11 07:13:04,070 [pool-383-thread-1] INFO  server.RaftServerConfigKeys (ConfUtils.java:logGet(43)) - raft.server.rpcslowness.timeout = 120s (custom)
2019-10-11 07:13:04,070 [pool-383-thread-1] INFO  server.RaftServerConfigKeys (ConfUtils.java:logGet(43)) - raft.server.sleep.deviation.threshold = 300 (default)
2019-10-11 07:13:04,070 [pool-393-thread-1] INFO  impl.RaftServerImpl (RaftServerImpl.java:<init>(95)) - abbcde68-4ece-45f8-bfb2-e9e7fef46271: new RaftServerImpl for group-BA40C981B598:[abbcde68-4ece-45f8-bfb2-e9e7fef46271:192.168.164.209:41213, 5e2e49ae-c201-4626-b6ec-0e82458807d3:192.168.164.209:40716, 323fda09-fb81-4e4b-9079-4a87f9cb285d:192.168.164.209:39527] with ContainerStateMachine:uninitialized
2019-10-11 07:13:04,070 [pool-383-thread-1] INFO  server.RaftServerConfigKeys (ConfUtils.java:logGet(43)) - raft.server.log.appender.install.snapshot.enabled = false (custom)
2019-10-11 07:13:04,070 [pool-393-thread-1] INFO  server.RaftServerConfigKeys (ConfUtils.java:logGet(43)) - raft.server.rpc.timeout.min = 5s (custom)
2019-10-11 07:13:04,071 [pool-403-thread-1] INFO  impl.RaftServerImpl (RaftServerImpl.java:<init>(95)) - 5e2e49ae-c201-4626-b6ec-0e82458807d3: new RaftServerImpl for group-BA40C981B598:[abbcde68-4ece-45f8-bfb2-e9e7fef46271:192.168.164.209:41213, 5e2e49ae-c201-4626-b6ec-0e82458807d3:192.168.164.209:40716, 323fda09-fb81-4e4b-9079-4a87f9cb285d:192.168.164.209:39527] with ContainerStateMachine:uninitialized
2019-10-11 07:13:04,071 [pool-383-thread-1] INFO  impl.RaftServerImpl (ServerState.java:<init>(103)) - 323fda09-fb81-4e4b-9079-4a87f9cb285d@group-BA40C981B598: ConfigurationManager, init=-1: [abbcde68-4ece-45f8-bfb2-e9e7fef46271:192.168.164.209:41213, 5e2e49ae-c201-4626-b6ec-0e82458807d3:192.168.164.209:40716, 323fda09-fb81-4e4b-9079-4a87f9cb285d:192.168.164.209:39527], old=null, confs=<EMPTY_MAP>
2019-10-11 07:13:04,071 [pool-403-thread-1] INFO  server.RaftServerConfigKeys (ConfUtils.java:logGet(43)) - raft.server.rpc.timeout.min = 5s (custom)
2019-10-11 07:13:04,071 [pool-393-thread-1] INFO  server.RaftServerConfigKeys (ConfUtils.java:logGet(43)) - raft.server.rpc.timeout.max = 5200ms (custom)
2019-10-11 07:13:04,071 [pool-403-thread-1] INFO  server.RaftServerConfigKeys (ConfUtils.java:logGet(43)) - raft.server.rpc.timeout.max = 5200ms (custom)
2019-10-11 07:13:04,071 [pool-383-thread-1] INFO  server.RaftServerConfigKeys (ConfUtils.java:logGet(43)) - raft.server.storage.dir = [/workdir/hadoop-ozone/integration-test/target/test-dir/MiniOzoneClusterImpl-06bc33bc-b6bc-4d69-8e6b-09fb0b06b8ae/datanode-0/data/ratis] (custom)
2019-10-11 07:13:04,071 [pool-403-thread-1] INFO  server.RaftServerConfigKeys (ConfUtils.java:logGet(43)) - raft.server.rpcslowness.timeout = 120s (custom)
2019-10-11 07:13:04,071 [pool-393-thread-1] INFO  server.RaftServerConfigKeys (ConfUtils.java:logGet(43)) - raft.server.rpcslowness.timeout = 120s (custom)
2019-10-11 07:13:04,071 [pool-403-thread-1] INFO  server.RaftServerConfigKeys (ConfUtils.java:logGet(43)) - raft.server.sleep.deviation.threshold = 300 (default)
2019-10-11 07:13:04,072 [pool-383-thread-1] INFO  server.RaftServerConfigKeys (ConfUtils.java:logGet(43)) - raft.server.log.corruption.policy = EXCEPTION (default)
2019-10-11 07:13:04,072 [pool-393-thread-1] INFO  server.RaftServerConfigKeys (ConfUtils.java:logGet(43)) - raft.server.sleep.deviation.threshold = 300 (default)
2019-10-11 07:13:04,072 [pool-403-thread-1] INFO  server.RaftServerConfigKeys (ConfUtils.java:logGet(43)) - raft.server.log.appender.install.snapshot.enabled = false (custom)
2019-10-11 07:13:04,072 [pool-383-thread-1] INFO  storage.RaftStorageDirectory (RaftStorageDirectory.java:analyzeStorage(246)) - The storage directory /workdir/hadoop-ozone/integration-test/target/test-dir/MiniOzoneClusterImpl-06bc33bc-b6bc-4d69-8e6b-09fb0b06b8ae/datanode-0/data/ratis/5271b367-728f-4dfc-ab42-ba40c981b598 does not exist. Creating ...
2019-10-11 07:13:04,072 [pool-393-thread-1] INFO  server.RaftServerConfigKeys (ConfUtils.java:logGet(43)) - raft.server.log.appender.install.snapshot.enabled = false (custom)
2019-10-11 07:13:04,072 [pool-403-thread-1] INFO  impl.RaftServerImpl (ServerState.java:<init>(103)) - 5e2e49ae-c201-4626-b6ec-0e82458807d3@group-BA40C981B598: ConfigurationManager, init=-1: [abbcde68-4ece-45f8-bfb2-e9e7fef46271:192.168.164.209:41213, 5e2e49ae-c201-4626-b6ec-0e82458807d3:192.168.164.209:40716, 323fda09-fb81-4e4b-9079-4a87f9cb285d:192.168.164.209:39527], old=null, confs=<EMPTY_MAP>
2019-10-11 07:13:04,072 [pool-393-thread-1] INFO  impl.RaftServerImpl (ServerState.java:<init>(103)) - abbcde68-4ece-45f8-bfb2-e9e7fef46271@group-BA40C981B598: ConfigurationManager, init=-1: [abbcde68-4ece-45f8-bfb2-e9e7fef46271:192.168.164.209:41213, 5e2e49ae-c201-4626-b6ec-0e82458807d3:192.168.164.209:40716, 323fda09-fb81-4e4b-9079-4a87f9cb285d:192.168.164.209:39527], old=null, confs=<EMPTY_MAP>
2019-10-11 07:13:04,072 [pool-403-thread-1] INFO  server.RaftServerConfigKeys (ConfUtils.java:logGet(43)) - raft.server.storage.dir = [/workdir/hadoop-ozone/integration-test/target/test-dir/MiniOzoneClusterImpl-06bc33bc-b6bc-4d69-8e6b-09fb0b06b8ae/datanode-2/data/ratis] (custom)
2019-10-11 07:13:04,073 [pool-393-thread-1] INFO  server.RaftServerConfigKeys (ConfUtils.java:logGet(43)) - raft.server.storage.dir = [/workdir/hadoop-ozone/integration-test/target/test-dir/MiniOzoneClusterImpl-06bc33bc-b6bc-4d69-8e6b-09fb0b06b8ae/datanode-1/data/ratis] (custom)
2019-10-11 07:13:04,073 [pool-403-thread-1] INFO  server.RaftServerConfigKeys (ConfUtils.java:logGet(43)) - raft.server.log.corruption.policy = EXCEPTION (default)
2019-10-11 07:13:04,073 [pool-393-thread-1] INFO  server.RaftServerConfigKeys (ConfUtils.java:logGet(43)) - raft.server.log.corruption.policy = EXCEPTION (default)
2019-10-11 07:13:04,073 [pool-403-thread-1] INFO  storage.RaftStorageDirectory (RaftStorageDirectory.java:analyzeStorage(246)) - The storage directory /workdir/hadoop-ozone/integration-test/target/test-dir/MiniOzoneClusterImpl-06bc33bc-b6bc-4d69-8e6b-09fb0b06b8ae/datanode-2/data/ratis/5271b367-728f-4dfc-ab42-ba40c981b598 does not exist. Creating ...
2019-10-11 07:13:04,073 [pool-393-thread-1] INFO  storage.RaftStorageDirectory (RaftStorageDirectory.java:analyzeStorage(246)) - The storage directory /workdir/hadoop-ozone/integration-test/target/test-dir/MiniOzoneClusterImpl-06bc33bc-b6bc-4d69-8e6b-09fb0b06b8ae/datanode-1/data/ratis/5271b367-728f-4dfc-ab42-ba40c981b598 does not exist. Creating ...
2019-10-11 07:13:04,102 [pool-403-thread-1] INFO  storage.RaftStorageDirectory (RaftStorageDirectory.java:tryLock(328)) - Lock on /workdir/hadoop-ozone/integration-test/target/test-dir/MiniOzoneClusterImpl-06bc33bc-b6bc-4d69-8e6b-09fb0b06b8ae/datanode-2/data/ratis/5271b367-728f-4dfc-ab42-ba40c981b598/in_use.lock acquired by nodename 16310@pr-hdds-2206-npvv8-3563359771
2019-10-11 07:13:04,102 [pool-383-thread-1] INFO  storage.RaftStorageDirectory (RaftStorageDirectory.java:tryLock(328)) - Lock on /workdir/hadoop-ozone/integration-test/target/test-dir/MiniOzoneClusterImpl-06bc33bc-b6bc-4d69-8e6b-09fb0b06b8ae/datanode-0/data/ratis/5271b367-728f-4dfc-ab42-ba40c981b598/in_use.lock acquired by nodename 16310@pr-hdds-2206-npvv8-3563359771
2019-10-11 07:13:04,102 [pool-393-thread-1] INFO  storage.RaftStorageDirectory (RaftStorageDirectory.java:tryLock(328)) - Lock on /workdir/hadoop-ozone/integration-test/target/test-dir/MiniOzoneClusterImpl-06bc33bc-b6bc-4d69-8e6b-09fb0b06b8ae/datanode-1/data/ratis/5271b367-728f-4dfc-ab42-ba40c981b598/in_use.lock acquired by nodename 16310@pr-hdds-2206-npvv8-3563359771
2019-10-11 07:13:04,127 [pool-383-thread-1] INFO  storage.RaftStorage (RaftStorage.java:format(84)) - Storage directory /workdir/hadoop-ozone/integration-test/target/test-dir/MiniOzoneClusterImpl-06bc33bc-b6bc-4d69-8e6b-09fb0b06b8ae/datanode-0/data/ratis/5271b367-728f-4dfc-ab42-ba40c981b598 has been successfully formatted.
2019-10-11 07:13:04,127 [pool-393-thread-1] INFO  storage.RaftStorage (RaftStorage.java:format(84)) - Storage directory /workdir/hadoop-ozone/integration-test/target/test-dir/MiniOzoneClusterImpl-06bc33bc-b6bc-4d69-8e6b-09fb0b06b8ae/datanode-1/data/ratis/5271b367-728f-4dfc-ab42-ba40c981b598 has been successfully formatted.
2019-10-11 07:13:04,127 [pool-403-thread-1] INFO  storage.RaftStorage (RaftStorage.java:format(84)) - Storage directory /workdir/hadoop-ozone/integration-test/target/test-dir/MiniOzoneClusterImpl-06bc33bc-b6bc-4d69-8e6b-09fb0b06b8ae/datanode-2/data/ratis/5271b367-728f-4dfc-ab42-ba40c981b598 has been successfully formatted.
2019-10-11 07:13:04,128 [pool-393-thread-1] INFO  ratis.ContainerStateMachine (ContainerStateMachine.java:loadSnapshot(231)) - group-BA40C981B598: The snapshot info is null. Setting the last applied indexto:(t:0, i:~)
2019-10-11 07:13:04,128 [pool-383-thread-1] INFO  ratis.ContainerStateMachine (ContainerStateMachine.java:loadSnapshot(231)) - group-BA40C981B598: The snapshot info is null. Setting the last applied indexto:(t:0, i:~)
2019-10-11 07:13:04,128 [pool-393-thread-1] INFO  server.RaftServerConfigKeys (ConfUtils.java:logGet(43)) - raft.server.notification.no-leader.timeout = 120s (custom)
2019-10-11 07:13:04,128 [pool-403-thread-1] INFO  ratis.ContainerStateMachine (ContainerStateMachine.java:loadSnapshot(231)) - group-BA40C981B598: The snapshot info is null. Setting the last applied indexto:(t:0, i:~)
2019-10-11 07:13:04,128 [pool-393-thread-1] INFO  server.RaftServerConfigKeys (ConfUtils.java:logGet(43)) - raft.server.log.use.memory = false (default)
2019-10-11 07:13:04,128 [pool-383-thread-1] INFO  server.RaftServerConfigKeys (ConfUtils.java:logGet(43)) - raft.server.notification.no-leader.timeout = 120s (custom)
2019-10-11 07:13:04,129 [pool-393-thread-1] INFO  server.RaftServerConfigKeys (ConfUtils.java:logGet(43)) - raft.server.log.purge.gap = 1000000 (custom)
2019-10-11 07:13:04,128 [pool-403-thread-1] INFO  server.RaftServerConfigKeys (ConfUtils.java:logGet(43)) - raft.server.notification.no-leader.timeout = 120s (custom)
2019-10-11 07:13:04,129 [pool-393-thread-1] INFO  server.RaftServerConfigKeys (ConfUtils.java:logGet(43)) - raft.server.log.appender.buffer.byte-limit = 33554432 (custom)
2019-10-11 07:13:04,129 [pool-383-thread-1] INFO  server.RaftServerConfigKeys (ConfUtils.java:logGet(43)) - raft.server.log.use.memory = false (default)
2019-10-11 07:13:04,129 [pool-393-thread-1] INFO  server.RaftServerConfigKeys (ConfUtils.java:logGet(43)) - raft.server.log.segment.size.max = 1048576 (custom)
2019-10-11 07:13:04,129 [pool-403-thread-1] INFO  server.RaftServerConfigKeys (ConfUtils.java:logGet(43)) - raft.server.log.use.memory = false (default)
2019-10-11 07:13:04,130 [pool-393-thread-1] INFO  server.RaftServerConfigKeys (ConfUtils.java:logGet(43)) - raft.server.log.segment.cache.num.max = 2 (custom)
2019-10-11 07:13:04,129 [pool-383-thread-1] INFO  server.RaftServerConfigKeys (ConfUtils.java:logGet(43)) - raft.server.log.purge.gap = 1000000 (custom)
2019-10-11 07:13:04,130 [pool-393-thread-1] INFO  segmented.SegmentedRaftLogWorker (SegmentedRaftLogWorker.java:<init>(173)) - new abbcde68-4ece-45f8-bfb2-e9e7fef46271@group-BA40C981B598-SegmentedRaftLogWorker for RaftStorage:Storage Directory /workdir/hadoop-ozone/integration-test/target/test-dir/MiniOzoneClusterImpl-06bc33bc-b6bc-4d69-8e6b-09fb0b06b8ae/datanode-1/data/ratis/5271b367-728f-4dfc-ab42-ba40c981b598
2019-10-11 07:13:04,130 [pool-403-thread-1] INFO  server.RaftServerConfigKeys (ConfUtils.java:logGet(43)) - raft.server.log.purge.gap = 1000000 (custom)
2019-10-11 07:13:04,130 [pool-393-thread-1] INFO  server.RaftServerConfigKeys (ConfUtils.java:logGet(43)) - raft.server.log.queue.byte-limit = 2147483647 (custom)
2019-10-11 07:13:04,131 [pool-393-thread-1] INFO  server.RaftServerConfigKeys (ConfUtils.java:logGet(43)) - raft.server.log.queue.element-limit = 1024 (custom)
2019-10-11 07:13:04,130 [pool-383-thread-1] INFO  server.RaftServerConfigKeys (ConfUtils.java:logGet(43)) - raft.server.log.appender.buffer.byte-limit = 33554432 (custom)
2019-10-11 07:13:04,131 [pool-393-thread-1] INFO  server.RaftServerConfigKeys (ConfUtils.java:logGet(43)) - raft.server.log.segment.size.max = 1048576 (custom)
2019-10-11 07:13:04,130 [pool-403-thread-1] INFO  server.RaftServerConfigKeys (ConfUtils.java:logGet(43)) - raft.server.log.appender.buffer.byte-limit = 33554432 (custom)
2019-10-11 07:13:04,131 [pool-393-thread-1] INFO  server.RaftServerConfigKeys (ConfUtils.java:logGet(43)) - raft.server.log.preallocated.size = 16384 (custom)
2019-10-11 07:13:04,131 [pool-383-thread-1] INFO  server.RaftServerConfigKeys (ConfUtils.java:logGet(43)) - raft.server.log.segment.size.max = 1048576 (custom)
2019-10-11 07:13:04,131 [pool-393-thread-1] INFO  server.RaftServerConfigKeys (ConfUtils.java:logGet(43)) - raft.server.log.write.buffer.size = 33554432 (custom)
2019-10-11 07:13:04,132 [pool-393-thread-1] INFO  server.RaftServerConfigKeys (ConfUtils.java:logGet(43)) - raft.server.log.force.sync.num = 128 (default)
2019-10-11 07:13:04,131 [pool-403-thread-1] INFO  server.RaftServerConfigKeys (ConfUtils.java:logGet(43)) - raft.server.log.segment.size.max = 1048576 (custom)
2019-10-11 07:13:04,132 [pool-393-thread-1] INFO  server.RaftServerConfigKeys (ConfUtils.java:logGet(43)) - raft.server.log.statemachine.data.sync = true (default)
2019-10-11 07:13:04,132 [pool-383-thread-1] INFO  server.RaftServerConfigKeys (ConfUtils.java:logGet(43)) - raft.server.log.segment.cache.num.max = 2 (custom)
2019-10-11 07:13:04,132 [pool-393-thread-1] INFO  server.RaftServerConfigKeys (ConfUtils.java:logGet(43)) - raft.server.log.statemachine.data.sync.timeout = 10s (default)
2019-10-11 07:13:04,132 [pool-403-thread-1] INFO  server.RaftServerConfigKeys (ConfUtils.java:logGet(43)) - raft.server.log.segment.cache.num.max = 2 (custom)
2019-10-11 07:13:04,132 [pool-393-thread-1] INFO  server.RaftServerConfigKeys (ConfUtils.java:logGet(43)) - raft.server.log.statemachine.data.sync.timeout.retry = -1 (default)
2019-10-11 07:13:04,132 [pool-383-thread-1] INFO  segmented.SegmentedRaftLogWorker (SegmentedRaftLogWorker.java:<init>(173)) - new 323fda09-fb81-4e4b-9079-4a87f9cb285d@group-BA40C981B598-SegmentedRaftLogWorker for RaftStorage:Storage Directory /workdir/hadoop-ozone/integration-test/target/test-dir/MiniOzoneClusterImpl-06bc33bc-b6bc-4d69-8e6b-09fb0b06b8ae/datanode-0/data/ratis/5271b367-728f-4dfc-ab42-ba40c981b598
2019-10-11 07:13:04,133 [pool-393-thread-1] INFO  server.RaftServerConfigKeys (ConfUtils.java:logGet(43)) - raft.server.log.statemachine.data.caching.enabled = true (custom)
2019-10-11 07:13:04,133 [pool-403-thread-1] INFO  segmented.SegmentedRaftLogWorker (SegmentedRaftLogWorker.java:<init>(173)) - new 5e2e49ae-c201-4626-b6ec-0e82458807d3@group-BA40C981B598-SegmentedRaftLogWorker for RaftStorage:Storage Directory /workdir/hadoop-ozone/integration-test/target/test-dir/MiniOzoneClusterImpl-06bc33bc-b6bc-4d69-8e6b-09fb0b06b8ae/datanode-2/data/ratis/5271b367-728f-4dfc-ab42-ba40c981b598
2019-10-11 07:13:04,133 [pool-383-thread-1] INFO  server.RaftServerConfigKeys (ConfUtils.java:logGet(43)) - raft.server.log.queue.byte-limit = 2147483647 (custom)
2019-10-11 07:13:04,133 [pool-403-thread-1] INFO  server.RaftServerConfigKeys (ConfUtils.java:logGet(43)) - raft.server.log.queue.byte-limit = 2147483647 (custom)
2019-10-11 07:13:04,133 [pool-393-thread-1] INFO  segmented.SegmentedRaftLogWorker (SegmentedRaftLogWorker.java:lambda$new$0(128)) - abbcde68-4ece-45f8-bfb2-e9e7fef46271@group-BA40C981B598-SegmentedRaftLogWorker: flushIndex: setUnconditionally 0 -> -1
2019-10-11 07:13:04,134 [pool-403-thread-1] INFO  server.RaftServerConfigKeys (ConfUtils.java:logGet(43)) - raft.server.log.queue.element-limit = 1024 (custom)
2019-10-11 07:13:04,133 [pool-383-thread-1] INFO  server.RaftServerConfigKeys (ConfUtils.java:logGet(43)) - raft.server.log.queue.element-limit = 1024 (custom)
2019-10-11 07:13:04,134 [pool-393-thread-1] INFO  server.RaftServerConfigKeys (ConfUtils.java:logGet(43)) - raft.server.snapshot.auto.trigger.enabled = true (custom)
2019-10-11 07:13:04,134 [pool-403-thread-1] INFO  server.RaftServerConfigKeys (ConfUtils.java:logGet(43)) - raft.server.log.segment.size.max = 1048576 (custom)
2019-10-11 07:13:04,134 [pool-393-thread-1] INFO  server.RaftServerConfigKeys (ConfUtils.java:logGet(43)) - raft.server.snapshot.auto.trigger.threshold = 10000 (custom)
2019-10-11 07:13:04,134 [pool-383-thread-1] INFO  server.RaftServerConfigKeys (ConfUtils.java:logGet(43)) - raft.server.log.segment.size.max = 1048576 (custom)
2019-10-11 07:13:04,134 [pool-393-thread-1] INFO  server.RaftServerConfigKeys (ConfUtils.java:logGet(43)) - raft.server.snapshot.retention.file.num = 5 (custom)
2019-10-11 07:13:04,134 [pool-403-thread-1] INFO  server.RaftServerConfigKeys (ConfUtils.java:logGet(43)) - raft.server.log.preallocated.size = 16384 (custom)
2019-10-11 07:13:04,135 [pool-393-thread-1] INFO  server.RaftServerConfigKeys (ConfUtils.java:logGet(43)) - raft.server.retrycache.expirytime = 600000ms (custom)
2019-10-11 07:13:04,135 [pool-383-thread-1] INFO  server.RaftServerConfigKeys (ConfUtils.java:logGet(43)) - raft.server.log.preallocated.size = 16384 (custom)
2019-10-11 07:13:04,135 [pool-403-thread-1] INFO  server.RaftServerConfigKeys (ConfUtils.java:logGet(43)) - raft.server.log.write.buffer.size = 33554432 (custom)
2019-10-11 07:13:04,135 [pool-383-thread-1] INFO  server.RaftServerConfigKeys (ConfUtils.java:logGet(43)) - raft.server.log.write.buffer.size = 33554432 (custom)
2019-10-11 07:13:04,135 [pool-403-thread-1] INFO  server.RaftServerConfigKeys (ConfUtils.java:logGet(43)) - raft.server.log.force.sync.num = 128 (default)
2019-10-11 07:13:04,135 [pool-383-thread-1] INFO  server.RaftServerConfigKeys (ConfUtils.java:logGet(43)) - raft.server.log.force.sync.num = 128 (default)
2019-10-11 07:13:04,136 [pool-403-thread-1] INFO  server.RaftServerConfigKeys (ConfUtils.java:logGet(43)) - raft.server.log.statemachine.data.sync = true (default)
2019-10-11 07:13:04,136 [pool-383-thread-1] INFO  server.RaftServerConfigKeys (ConfUtils.java:logGet(43)) - raft.server.log.statemachine.data.sync = true (default)
2019-10-11 07:13:04,136 [pool-403-thread-1] INFO  server.RaftServerConfigKeys (ConfUtils.java:logGet(43)) - raft.server.log.statemachine.data.sync.timeout = 10s (default)
2019-10-11 07:13:04,136 [pool-383-thread-1] INFO  server.RaftServerConfigKeys (ConfUtils.java:logGet(43)) - raft.server.log.statemachine.data.sync.timeout = 10s (default)
2019-10-11 07:13:04,136 [pool-403-thread-1] INFO  server.RaftServerConfigKeys (ConfUtils.java:logGet(43)) - raft.server.log.statemachine.data.sync.timeout.retry = -1 (default)
2019-10-11 07:13:04,136 [pool-383-thread-1] INFO  server.RaftServerConfigKeys (ConfUtils.java:logGet(43)) - raft.server.log.statemachine.data.sync.timeout.retry = -1 (default)
2019-10-11 07:13:04,137 [pool-403-thread-1] INFO  server.RaftServerConfigKeys (ConfUtils.java:logGet(43)) - raft.server.log.statemachine.data.caching.enabled = true (custom)
2019-10-11 07:13:04,137 [pool-383-thread-1] INFO  server.RaftServerConfigKeys (ConfUtils.java:logGet(43)) - raft.server.log.statemachine.data.caching.enabled = true (custom)
2019-10-11 07:13:04,137 [pool-393-thread-1] INFO  impl.RaftServerImpl (RaftServerImpl.java:start(181)) - abbcde68-4ece-45f8-bfb2-e9e7fef46271@group-BA40C981B598: start as a follower, conf=-1: [abbcde68-4ece-45f8-bfb2-e9e7fef46271:192.168.164.209:41213, 5e2e49ae-c201-4626-b6ec-0e82458807d3:192.168.164.209:40716, 323fda09-fb81-4e4b-9079-4a87f9cb285d:192.168.164.209:39527], old=null
2019-10-11 07:13:04,137 [pool-403-thread-1] INFO  segmented.SegmentedRaftLogWorker (SegmentedRaftLogWorker.java:lambda$new$0(128)) - 5e2e49ae-c201-4626-b6ec-0e82458807d3@group-BA40C981B598-SegmentedRaftLogWorker: flushIndex: setUnconditionally 0 -> -1
2019-10-11 07:13:04,137 [pool-393-thread-1] INFO  impl.RaftServerImpl (RaftServerImpl.java:setRole(170)) - abbcde68-4ece-45f8-bfb2-e9e7fef46271@group-BA40C981B598: changes role from      null to FOLLOWER at term 0 for startAsFollower
2019-10-11 07:13:04,139 [pool-403-thread-1] INFO  server.RaftServerConfigKeys (ConfUtils.java:logGet(43)) - raft.server.snapshot.auto.trigger.enabled = true (custom)
2019-10-11 07:13:04,139 [pool-393-thread-1] INFO  impl.RoleInfo (RoleInfo.java:updateAndGet(143)) - abbcde68-4ece-45f8-bfb2-e9e7fef46271: start FollowerState
2019-10-11 07:13:04,139 [pool-403-thread-1] INFO  server.RaftServerConfigKeys (ConfUtils.java:logGet(43)) - raft.server.snapshot.auto.trigger.threshold = 10000 (custom)
2019-10-11 07:13:04,139 [pool-403-thread-1] INFO  server.RaftServerConfigKeys (ConfUtils.java:logGet(43)) - raft.server.snapshot.retention.file.num = 5 (custom)
2019-10-11 07:13:04,139 [pool-403-thread-1] INFO  server.RaftServerConfigKeys (ConfUtils.java:logGet(43)) - raft.server.retrycache.expirytime = 600000ms (custom)
2019-10-11 07:13:04,140 [pool-393-thread-1] INFO  util.JmxRegister (JmxRegister.java:tryRegister(44)) - Successfully registered JMX Bean with object name Ratis:service=RaftServer,group=group-BA40C981B598,id=abbcde68-4ece-45f8-bfb2-e9e7fef46271
2019-10-11 07:13:04,140 [pool-383-thread-1] INFO  segmented.SegmentedRaftLogWorker (SegmentedRaftLogWorker.java:lambda$new$0(128)) - 323fda09-fb81-4e4b-9079-4a87f9cb285d@group-BA40C981B598-SegmentedRaftLogWorker: flushIndex: setUnconditionally 0 -> -1
2019-10-11 07:13:04,140 [pool-383-thread-1] INFO  server.RaftServerConfigKeys (ConfUtils.java:logGet(43)) - raft.server.snapshot.auto.trigger.enabled = true (custom)
2019-10-11 07:13:04,141 [pool-383-thread-1] INFO  server.RaftServerConfigKeys (ConfUtils.java:logGet(43)) - raft.server.snapshot.auto.trigger.threshold = 10000 (custom)
2019-10-11 07:13:04,141 [pool-383-thread-1] INFO  server.RaftServerConfigKeys (ConfUtils.java:logGet(43)) - raft.server.snapshot.retention.file.num = 5 (custom)
2019-10-11 07:13:04,141 [pool-383-thread-1] INFO  server.RaftServerConfigKeys (ConfUtils.java:logGet(43)) - raft.server.retrycache.expirytime = 600000ms (custom)
2019-10-11 07:13:04,143 [pool-403-thread-1] INFO  impl.RaftServerImpl (RaftServerImpl.java:start(181)) - 5e2e49ae-c201-4626-b6ec-0e82458807d3@group-BA40C981B598: start as a follower, conf=-1: [abbcde68-4ece-45f8-bfb2-e9e7fef46271:192.168.164.209:41213, 5e2e49ae-c201-4626-b6ec-0e82458807d3:192.168.164.209:40716, 323fda09-fb81-4e4b-9079-4a87f9cb285d:192.168.164.209:39527], old=null
2019-10-11 07:13:04,143 [pool-403-thread-1] INFO  impl.RaftServerImpl (RaftServerImpl.java:setRole(170)) - 5e2e49ae-c201-4626-b6ec-0e82458807d3@group-BA40C981B598: changes role from      null to FOLLOWER at term 0 for startAsFollower
2019-10-11 07:13:04,144 [pool-403-thread-1] INFO  impl.RoleInfo (RoleInfo.java:updateAndGet(143)) - 5e2e49ae-c201-4626-b6ec-0e82458807d3: start FollowerState
2019-10-11 07:13:04,144 [pool-403-thread-1] INFO  util.JmxRegister (JmxRegister.java:tryRegister(44)) - Successfully registered JMX Bean with object name Ratis:service=RaftServer,group=group-BA40C981B598,id=5e2e49ae-c201-4626-b6ec-0e82458807d3
2019-10-11 07:13:04,144 [pool-383-thread-1] INFO  impl.RaftServerImpl (RaftServerImpl.java:start(181)) - 323fda09-fb81-4e4b-9079-4a87f9cb285d@group-BA40C981B598: start as a follower, conf=-1: [abbcde68-4ece-45f8-bfb2-e9e7fef46271:192.168.164.209:41213, 5e2e49ae-c201-4626-b6ec-0e82458807d3:192.168.164.209:40716, 323fda09-fb81-4e4b-9079-4a87f9cb285d:192.168.164.209:39527], old=null
2019-10-11 07:13:04,145 [pool-383-thread-1] INFO  impl.RaftServerImpl (RaftServerImpl.java:setRole(170)) - 323fda09-fb81-4e4b-9079-4a87f9cb285d@group-BA40C981B598: changes role from      null to FOLLOWER at term 0 for startAsFollower
2019-10-11 07:13:04,145 [pool-383-thread-1] INFO  impl.RoleInfo (RoleInfo.java:updateAndGet(143)) - 323fda09-fb81-4e4b-9079-4a87f9cb285d: start FollowerState
2019-10-11 07:13:04,145 [pool-383-thread-1] INFO  util.JmxRegister (JmxRegister.java:tryRegister(44)) - Successfully registered JMX Bean with object name Ratis:service=RaftServer,group=group-BA40C981B598,id=323fda09-fb81-4e4b-9079-4a87f9cb285d
2019-10-11 07:13:04,157 [RatisPipelineUtilsThread] INFO  pipeline.PipelineStateManager (PipelineStateManager.java:addPipeline(56)) - Created pipeline Pipeline[ Id: 5271b367-728f-4dfc-ab42-ba40c981b598, Nodes: abbcde68-4ece-45f8-bfb2-e9e7fef46271{ip: 192.168.164.209, host: pr-hdds-2206-npvv8-3563359771, networkLocation: /default-rack, certSerialId: null}5e2e49ae-c201-4626-b6ec-0e82458807d3{ip: 192.168.164.209, host: pr-hdds-2206-npvv8-3563359771, networkLocation: /default-rack, certSerialId: null}323fda09-fb81-4e4b-9079-4a87f9cb285d{ip: 192.168.164.209, host: pr-hdds-2206-npvv8-3563359771, networkLocation: /default-rack, certSerialId: null}, Type:RATIS, Factor:THREE, State:OPEN]
2019-10-11 07:13:04,278 [RatisPipelineUtilsThread] WARN  pipeline.RatisPipelineUtils (RatisPipelineUtils.java:destroyPipeline(69)) - Pipeline destroy failed for pipeline=PipelineID=1153aa22-2bfd-4725-8f5a-982829f90a63 dn=0f24eb1f-961d-4620-8d5d-0b1f3f575a32{ip: 192.168.164.209, host: pr-hdds-2206-npvv8-3563359771, networkLocation: /default-rack, certSerialId: null}
2019-10-11 07:13:04,279 [RatisPipelineUtilsThread] INFO  pipeline.PipelineStateManager (PipelineStateManager.java:removePipeline(108)) - Pipeline Pipeline[ Id: 1153aa22-2bfd-4725-8f5a-982829f90a63, Nodes: 0f24eb1f-961d-4620-8d5d-0b1f3f575a32{ip: 192.168.164.209, host: pr-hdds-2206-npvv8-3563359771, networkLocation: /default-rack, certSerialId: null}, Type:RATIS, Factor:ONE, State:CLOSED] removed from db
2019-10-11 07:13:04,280 [RatisPipelineUtilsThread] WARN  pipeline.RatisPipelineUtils (RatisPipelineUtils.java:destroyPipeline(69)) - Pipeline destroy failed for pipeline=PipelineID=4b7d3e2b-a92f-4375-b350-b0675d9502c4 dn=0f24eb1f-961d-4620-8d5d-0b1f3f575a32{ip: 192.168.164.209, host: pr-hdds-2206-npvv8-3563359771, networkLocation: /default-rack, certSerialId: null}
2019-10-11 07:13:04,282 [RatisPipelineUtilsThread] WARN  pipeline.RatisPipelineUtils (RatisPipelineUtils.java:destroyPipeline(69)) - Pipeline destroy failed for pipeline=PipelineID=4b7d3e2b-a92f-4375-b350-b0675d9502c4 dn=58d7d782-e238-4c9b-b037-a54f89fdb2a5{ip: 192.168.164.209, host: pr-hdds-2206-npvv8-3563359771, networkLocation: /default-rack, certSerialId: null}
2019-10-11 07:13:04,286 [grpc-default-executor-3] INFO  impl.RaftServerProxy (RaftServerProxy.java:remove(95)) - b8d03a4d-e915-4eff-b2e5-95cc028c1e9d: remove    LEADER b8d03a4d-e915-4eff-b2e5-95cc028c1e9d@group-B0675D9502C4:t1, leader=b8d03a4d-e915-4eff-b2e5-95cc028c1e9d, voted=b8d03a4d-e915-4eff-b2e5-95cc028c1e9d, raftlog=b8d03a4d-e915-4eff-b2e5-95cc028c1e9d@group-B0675D9502C4-SegmentedRaftLog:OPENED:c2,f3,i3, conf=0: [58d7d782-e238-4c9b-b037-a54f89fdb2a5:192.168.164.209:35497, b8d03a4d-e915-4eff-b2e5-95cc028c1e9d:192.168.164.209:43671, 0f24eb1f-961d-4620-8d5d-0b1f3f575a32:192.168.164.209:41020], old=null RUNNING
2019-10-11 07:13:04,286 [grpc-default-executor-3] INFO  impl.RaftServerImpl (RaftServerImpl.java:lambda$shutdown$3(247)) - b8d03a4d-e915-4eff-b2e5-95cc028c1e9d@group-B0675D9502C4: shutdown
2019-10-11 07:13:04,287 [grpc-default-executor-3] INFO  util.JmxRegister (JmxRegister.java:unregister(73)) - Successfully un-registered JMX Bean with object name Ratis:service=RaftServer,group=group-B0675D9502C4,id=b8d03a4d-e915-4eff-b2e5-95cc028c1e9d
2019-10-11 07:13:04,287 [grpc-default-executor-3] INFO  impl.RoleInfo (RoleInfo.java:shutdownLeaderState(104)) - b8d03a4d-e915-4eff-b2e5-95cc028c1e9d: shutdown LeaderState
2019-10-11 07:13:04,287 [grpc-default-executor-3] INFO  impl.PendingRequests (PendingRequests.java:sendNotLeaderResponses(202)) - b8d03a4d-e915-4eff-b2e5-95cc028c1e9d@group-B0675D9502C4-PendingRequests: sendNotLeaderResponses
2019-10-11 07:13:04,287 [org.apache.ratis.server.impl.LogAppender$AppenderDaemon$$Lambda$383/1636840563@bd104fc] WARN  server.GrpcLogAppender (GrpcLogAppender.java:mayWait(143)) - b8d03a4d-e915-4eff-b2e5-95cc028c1e9d@group-B0675D9502C4->58d7d782-e238-4c9b-b037-a54f89fdb2a5-GrpcLogAppender: Wait interrupted by java.lang.InterruptedException
2019-10-11 07:13:04,287 [org.apache.ratis.server.impl.LogAppender$AppenderDaemon$$Lambda$383/1636840563@102097dc] WARN  server.GrpcLogAppender (GrpcLogAppender.java:mayWait(143)) - b8d03a4d-e915-4eff-b2e5-95cc028c1e9d@group-B0675D9502C4->0f24eb1f-961d-4620-8d5d-0b1f3f575a32-GrpcLogAppender: Wait interrupted by java.lang.InterruptedException
2019-10-11 07:13:04,287 [EventQueue-PipelineActionsForPipelineActionHandler] ERROR pipeline.PipelineActionHandler (PipelineActionHandler.java:onMessage(60)) - Received pipeline action CLOSE for Pipeline[ Id: 4b7d3e2b-a92f-4375-b350-b0675d9502c4, Nodes: 0f24eb1f-961d-4620-8d5d-0b1f3f575a32{ip: 192.168.164.209, host: pr-hdds-2206-npvv8-3563359771, networkLocation: /default-rack, certSerialId: null}58d7d782-e238-4c9b-b037-a54f89fdb2a5{ip: 192.168.164.209, host: pr-hdds-2206-npvv8-3563359771, networkLocation: /default-rack, certSerialId: null}b8d03a4d-e915-4eff-b2e5-95cc028c1e9d{ip: 192.168.164.209, host: pr-hdds-2206-npvv8-3563359771, networkLocation: /default-rack, certSerialId: null}, Type:RATIS, Factor:THREE, State:CLOSED] from datanode b8d03a4d-e915-4eff-b2e5-95cc028c1e9d{ip: 192.168.164.209, host: pr-hdds-2206-npvv8-3563359771, networkLocation: /default-rack, certSerialId: null}. Reason : b8d03a4d-e915-4eff-b2e5-95cc028c1e9d has not seen follower/s 58d7d782-e238-4c9b-b037-a54f89fdb2a5 for 155737ms 0f24eb1f-961d-4620-8d5d-0b1f3f575a32 for 160755ms
2019-10-11 07:13:04,288 [EventQueue-PipelineActionsForPipelineActionHandler] INFO  pipeline.SCMPipelineManager (SCMPipelineManager.java:finalizeAndDestroyPipeline(315)) - destroying pipeline:Pipeline[ Id: 4b7d3e2b-a92f-4375-b350-b0675d9502c4, Nodes: 0f24eb1f-961d-4620-8d5d-0b1f3f575a32{ip: 192.168.164.209, host: pr-hdds-2206-npvv8-3563359771, networkLocation: /default-rack, certSerialId: null}58d7d782-e238-4c9b-b037-a54f89fdb2a5{ip: 192.168.164.209, host: pr-hdds-2206-npvv8-3563359771, networkLocation: /default-rack, certSerialId: null}b8d03a4d-e915-4eff-b2e5-95cc028c1e9d{ip: 192.168.164.209, host: pr-hdds-2206-npvv8-3563359771, networkLocation: /default-rack, certSerialId: null}, Type:RATIS, Factor:THREE, State:CLOSED]
2019-10-11 07:13:04,288 [grpc-default-executor-3] INFO  impl.StateMachineUpdater (StateMachineUpdater.java:stopAndJoin(136)) - b8d03a4d-e915-4eff-b2e5-95cc028c1e9d@group-B0675D9502C4-StateMachineUpdater: set stopIndex = 2
2019-10-11 07:13:04,288 [b8d03a4d-e915-4eff-b2e5-95cc028c1e9d@group-B0675D9502C4-StateMachineUpdater] INFO  ratis.ContainerStateMachine (ContainerStateMachine.java:takeSnapshot(294)) - group-B0675D9502C4: Taking a snapshot at:(t:1, i:2) file /workdir/hadoop-ozone/integration-test/target/test-dir/MiniOzoneClusterImpl-85c8d926-9ea3-4b64-86e7-7cfbc5065fac/datanode-1/data/ratis/4b7d3e2b-a92f-4375-b350-b0675d9502c4/sm/snapshot.1_2
2019-10-11 07:13:04,319 [b8d03a4d-e915-4eff-b2e5-95cc028c1e9d@group-B0675D9502C4-StateMachineUpdater] INFO  ratis.ContainerStateMachine (ContainerStateMachine.java:takeSnapshot(305)) - group-B0675D9502C4: Finished taking a snapshot at:(t:1, i:2) file:/workdir/hadoop-ozone/integration-test/target/test-dir/MiniOzoneClusterImpl-85c8d926-9ea3-4b64-86e7-7cfbc5065fac/datanode-1/data/ratis/4b7d3e2b-a92f-4375-b350-b0675d9502c4/sm/snapshot.1_2 time:32
2019-10-11 07:13:04,320 [b8d03a4d-e915-4eff-b2e5-95cc028c1e9d@group-B0675D9502C4-StateMachineUpdater] INFO  impl.StateMachineUpdater (StateMachineUpdater.java:takeSnapshot(269)) - b8d03a4d-e915-4eff-b2e5-95cc028c1e9d@group-B0675D9502C4-StateMachineUpdater: Took a snapshot at index 2
2019-10-11 07:13:04,320 [b8d03a4d-e915-4eff-b2e5-95cc028c1e9d@group-B0675D9502C4-StateMachineUpdater] INFO  impl.StateMachineUpdater (StateMachineUpdater.java:lambda$new$0(84)) - b8d03a4d-e915-4eff-b2e5-95cc028c1e9d@group-B0675D9502C4-StateMachineUpdater: snapshotIndex: updateIncreasingly -1 -> 2
2019-10-11 07:13:04,321 [grpc-default-executor-3] INFO  impl.RaftServerImpl (ServerState.java:close(387)) - b8d03a4d-e915-4eff-b2e5-95cc028c1e9d@group-B0675D9502C4: closes. applyIndex: 2
2019-10-11 07:13:04,321 [b8d03a4d-e915-4eff-b2e5-95cc028c1e9d@group-B0675D9502C4-SegmentedRaftLogWorker] INFO  segmented.SegmentedRaftLogWorker (SegmentedRaftLogWorker.java:run(316)) - b8d03a4d-e915-4eff-b2e5-95cc028c1e9d@group-B0675D9502C4-SegmentedRaftLogWorker was interrupted, exiting. There are 0 tasks remaining in the queue.
2019-10-11 07:13:04,321 [grpc-default-executor-3] INFO  segmented.SegmentedRaftLogWorker (SegmentedRaftLogWorker.java:close(224)) - b8d03a4d-e915-4eff-b2e5-95cc028c1e9d@group-B0675D9502C4-SegmentedRaftLogWorker close()
2019-10-11 07:13:04,426 [grpc-default-executor-3] INFO  interfaces.Container (KeyValueContainer.java:flushAndSyncDB(386)) - Container 1 is synced with bcsId 0.
2019-10-11 07:13:04,431 [grpc-default-executor-3] INFO  interfaces.Container (KeyValueContainer.java:flushAndSyncDB(386)) - Container 1 is synced with bcsId 0.
2019-10-11 07:13:04,460 [EventQueue-IncrementalContainerReportForIncrementalContainerReportHandler] INFO  container.IncrementalContainerReportHandler (AbstractContainerReportHandler.java:updateContainerState(171)) - Moving container #1 to QUASI_CLOSED state, datanode b8d03a4d-e915-4eff-b2e5-95cc028c1e9d{ip: 192.168.164.209, host: pr-hdds-2206-npvv8-3563359771, networkLocation: /default-rack, certSerialId: null} reported QUASI_CLOSED replica.
2019-10-11 07:13:04,461 [RatisPipelineUtilsThread] INFO  pipeline.PipelineStateManager (PipelineStateManager.java:removePipeline(108)) - Pipeline Pipeline[ Id: 4b7d3e2b-a92f-4375-b350-b0675d9502c4, Nodes: 0f24eb1f-961d-4620-8d5d-0b1f3f575a32{ip: 192.168.164.209, host: pr-hdds-2206-npvv8-3563359771, networkLocation: /default-rack, certSerialId: null}58d7d782-e238-4c9b-b037-a54f89fdb2a5{ip: 192.168.164.209, host: pr-hdds-2206-npvv8-3563359771, networkLocation: /default-rack, certSerialId: null}b8d03a4d-e915-4eff-b2e5-95cc028c1e9d{ip: 192.168.164.209, host: pr-hdds-2206-npvv8-3563359771, networkLocation: /default-rack, certSerialId: null}, Type:RATIS, Factor:THREE, State:CLOSED] removed from db
2019-10-11 07:13:05,002 [main] INFO  hdfs.DFSUtil (DFSUtil.java:httpServerTemplateForNNAndJN(1641)) - Starting Web-server for hddsDatanode at: http://0.0.0.0:0
2019-10-11 07:13:05,006 [main] INFO  server.AuthenticationFilter (AuthenticationFilter.java:constructSecretProvider(240)) - Unable to initialize FileSignerSecretProvider, falling back to use random secrets.
2019-10-11 07:13:05,007 [main] WARN  http.HttpRequestLog (HttpRequestLog.java:getRequestLog(97)) - Jetty request log can only be enabled using Log4j
2019-10-11 07:13:05,009 [main] INFO  http.HttpServer2 (HttpServer2.java:addGlobalFilter(975)) - Added global filter 'safety' (class=org.apache.hadoop.http.HttpServer2$QuotingInputFilter)
2019-10-11 07:13:05,010 [main] INFO  http.HttpServer2 (HttpServer2.java:addFilter(948)) - Added filter static_user_filter (class=org.apache.hadoop.http.lib.StaticUserWebFilter$StaticUserFilter) to context hddsDatanode
2019-10-11 07:13:05,010 [main] INFO  http.HttpServer2 (HttpServer2.java:addFilter(958)) - Added filter static_user_filter (class=org.apache.hadoop.http.lib.StaticUserWebFilter$StaticUserFilter) to context static
2019-10-11 07:13:05,011 [main] INFO  http.HttpServer2 (HttpServer2.java:addFilter(958)) - Added filter static_user_filter (class=org.apache.hadoop.http.lib.StaticUserWebFilter$StaticUserFilter) to context logs
2019-10-11 07:13:05,012 [main] INFO  http.HttpServer2 (HttpServer2.java:bindListener(1191)) - Jetty bound to port 33457
2019-10-11 07:13:05,012 [main] INFO  server.Server (Server.java:doStart(351)) - jetty-9.3.25.v20180904, build timestamp: 2018-09-04T21:11:46Z, git hash: 3ce520221d0240229c862b122d2b06c12a625732
2019-10-11 07:13:05,015 [main] INFO  handler.ContextHandler (ContextHandler.java:doStart(781)) - Started o.e.j.s.ServletContextHandler@310d57b1{/logs,file:///workdir/hadoop-ozone/integration-test/target/log,AVAILABLE}
2019-10-11 07:13:05,016 [main] INFO  handler.ContextHandler (ContextHandler.java:doStart(781)) - Started o.e.j.s.ServletContextHandler@18ffca6c{/static,jar:file:/home/user/.m2/repository/org/apache/hadoop/hadoop-hdds-container-service/0.5.0-SNAPSHOT/hadoop-hdds-container-service-0.5.0-SNAPSHOT.jar!/webapps/static,AVAILABLE}
2019-10-11 07:13:05,059 [main] INFO  handler.ContextHandler (ContextHandler.java:doStart(781)) - Started o.e.j.w.WebAppContext@c48b543{/,file:///tmp/jetty-0.0.0.0-33457-hddsDatanode-_-any-2270379586724158190.dir/webapp/,AVAILABLE}{/hddsDatanode}
2019-10-11 07:13:05,059 [main] INFO  server.AbstractConnector (AbstractConnector.java:doStart(278)) - Started ServerConnector@75793f17{HTTP/1.1,[http/1.1]}{0.0.0.0:33457}
2019-10-11 07:13:05,064 [main] INFO  server.Server (Server.java:doStart(419)) - Started @432226ms
2019-10-11 07:13:05,065 [main] WARN  impl.MetricsSystemImpl (MetricsSystemImpl.java:register(276)) - Sink prometheus already exists!
2019-10-11 07:13:05,066 [main] INFO  server.BaseHttpServer (BaseHttpServer.java:updateConnectorAddress(215)) - HTTP server of HDDSDATANODE is listening at http://0.0.0.0:33457
2019-10-11 07:13:05,066 [main] INFO  impl.MetricsSystemImpl (MetricsSystemImpl.java:init(158)) - HddsDatanode metrics system started (again)
2019-10-11 07:13:05,110 [org.apache.hadoop.util.JvmPauseMonitor$Monitor@5ebcd1d1] INFO  util.JvmPauseMonitor (JvmPauseMonitor.java:run(188)) - Starting JVM pause monitor
2019-10-11 07:13:05,113 [Datanode State Machine Thread - 0] INFO  datanode.InitDatanodeState (InitDatanodeState.java:persistContainerDatanodeDetails(140)) - DatanodeDetails is persisted to /workdir/hadoop-ozone/integration-test/target/test-dir/MiniOzoneClusterImpl-06bc33bc-b6bc-4d69-8e6b-09fb0b06b8ae/datanode-3/meta/datanode.id
2019-10-11 07:13:05,113 [main] INFO  ozone.HddsDatanodeService (HddsDatanodeService.java:start(184)) - HddsDatanodeService host:pr-hdds-2206-npvv8-3563359771 ip:192.168.164.209
2019-10-11 07:13:05,125 [main] INFO  volume.HddsVolume (HddsVolume.java:<init>(176)) - Creating Volume: /workdir/hadoop-ozone/integration-test/target/test-dir/MiniOzoneClusterImpl-06bc33bc-b6bc-4d69-8e6b-09fb0b06b8ae/datanode-4/data/containers/hdds of  storage type : DISK and capacity : 1482555576320
2019-10-11 07:13:05,125 [main] INFO  volume.VolumeSet (VolumeSet.java:initializeVolumeSet(170)) - Added Volume : /workdir/hadoop-ozone/integration-test/target/test-dir/MiniOzoneClusterImpl-06bc33bc-b6bc-4d69-8e6b-09fb0b06b8ae/datanode-4/data/containers/hdds to VolumeSet
2019-10-11 07:13:05,126 [main] INFO  volume.ThrottledAsyncChecker (ThrottledAsyncChecker.java:schedule(141)) - Scheduling a check for org.apache.hadoop.ozone.container.common.volume.HddsVolume@7b6141f0
2019-10-11 07:13:05,126 [main] INFO  volume.HddsVolumeChecker (HddsVolumeChecker.java:checkAllVolumes(204)) - Scheduled health check for volume org.apache.hadoop.ozone.container.common.volume.HddsVolume@7b6141f0
2019-10-11 07:13:05,143 [main] INFO  impl.RaftServerProxy (ConfUtils.java:logGet(43)) - raft.rpc.type = GRPC (default)
2019-10-11 07:13:05,143 [main] INFO  grpc.GrpcFactory (GrpcFactory.java:checkPooledByteBufAllocatorUseCacheForAllThreads(45)) - PERFORMANCE WARNING: useCacheForAllThreads is true that may cause Netty to create a lot garbage objects and, as a result, trigger GC.
	It is recommended to disable useCacheForAllThreads by setting -Dorg.apache.ratis.thirdparty.io.netty.allocator.useCacheForAllThreads=false in command line.
2019-10-11 07:13:05,143 [main] INFO  grpc.GrpcConfigKeys$Server (ConfUtils.java:logGet(43)) - raft.grpc.server.port = 0 (default)
2019-10-11 07:13:05,144 [main] INFO  server.GrpcService (ConfUtils.java:logGet(43)) - raft.grpc.message.size.max = 33570816 (custom)
2019-10-11 07:13:05,144 [main] INFO  server.RaftServerConfigKeys (ConfUtils.java:logGet(43)) - raft.server.log.appender.buffer.byte-limit = 33554432 (custom)
2019-10-11 07:13:05,144 [main] INFO  server.GrpcService (ConfUtils.java:logGet(43)) - raft.grpc.flow.control.window = 1MB (=1048576) (default)
2019-10-11 07:13:05,144 [main] INFO  server.RaftServerConfigKeys (ConfUtils.java:logGet(43)) - raft.server.rpc.request.timeout = 3000ms (default)
2019-10-11 07:13:05,145 [main] INFO  server.RaftServerConfigKeys (ConfUtils.java:logGet(43)) - raft.server.storage.dir = [/workdir/hadoop-ozone/integration-test/target/test-dir/MiniOzoneClusterImpl-06bc33bc-b6bc-4d69-8e6b-09fb0b06b8ae/datanode-4/data/ratis] (custom)
2019-10-11 07:13:07,136 [Datanode State Machine Thread - 0] INFO  ozoneimpl.OzoneContainer (OzoneContainer.java:start(213)) - Attempting to start container services.
2019-10-11 07:13:07,137 [Datanode State Machine Thread - 0] INFO  ozoneimpl.OzoneContainer (OzoneContainer.java:startContainerScrub(177)) - Background container scanner has been disabled.
2019-10-11 07:13:07,137 [Datanode State Machine Thread - 0] INFO  ratis.XceiverServerRatis (XceiverServerRatis.java:start(418)) - Starting XceiverServerRatis 4973ad19-ef58-44f1-8a76-510d167e8382 at port 0
2019-10-11 07:13:07,145 [Datanode State Machine Thread - 0] INFO  impl.RaftServerProxy (RaftServerProxy.java:lambda$start$3(299)) - 4973ad19-ef58-44f1-8a76-510d167e8382: start RPC server
2019-10-11 07:13:07,146 [Datanode State Machine Thread - 0] INFO  server.GrpcService (GrpcService.java:startImpl(158)) - 4973ad19-ef58-44f1-8a76-510d167e8382: GrpcService started, listening on 0.0.0.0/0.0.0.0:39934
2019-10-11 07:13:07,146 [Datanode State Machine Thread - 0] INFO  ratis.XceiverServerRatis (XceiverServerRatis.java:start(428)) - XceiverServerRatis 4973ad19-ef58-44f1-8a76-510d167e8382 is started using port 39934
2019-10-11 07:13:07,147 [Datanode State Machine Thread - 0] INFO  server.XceiverServerGrpc (XceiverServerGrpc.java:start(149)) - XceiverServerGrpc 4973ad19-ef58-44f1-8a76-510d167e8382 is started using port 35428
2019-10-11 07:13:09,111 [IPC Server handler 2 on 43389] INFO  net.NetworkTopology (NetworkTopologyImpl.java:add(111)) - Added a new node: /default-rack/4973ad19-ef58-44f1-8a76-510d167e8382
2019-10-11 07:13:09,112 [IPC Server handler 2 on 43389] INFO  node.SCMNodeManager (SCMNodeManager.java:register(268)) - Registered Data node : 4973ad19-ef58-44f1-8a76-510d167e8382{ip: 192.168.164.209, host: pr-hdds-2206-npvv8-3563359771, networkLocation: /default-rack, certSerialId: null}
2019-10-11 07:13:09,122 [grpc-default-executor-3] INFO  impl.RaftServerProxy (RaftServerProxy.java:addNew(89)) - 4973ad19-ef58-44f1-8a76-510d167e8382: addNew group-D09784B3080C:[4973ad19-ef58-44f1-8a76-510d167e8382:192.168.164.209:39934] returns group-D09784B3080C:java.util.concurrent.CompletableFuture@4bfce454[Not completed]
2019-10-11 07:13:09,124 [pool-413-thread-1] INFO  impl.RaftServerImpl (RaftServerImpl.java:<init>(95)) - 4973ad19-ef58-44f1-8a76-510d167e8382: new RaftServerImpl for group-D09784B3080C:[4973ad19-ef58-44f1-8a76-510d167e8382:192.168.164.209:39934] with ContainerStateMachine:uninitialized
2019-10-11 07:13:09,124 [pool-413-thread-1] INFO  server.RaftServerConfigKeys (ConfUtils.java:logGet(43)) - raft.server.rpc.timeout.min = 5s (custom)
2019-10-11 07:13:09,124 [pool-413-thread-1] INFO  server.RaftServerConfigKeys (ConfUtils.java:logGet(43)) - raft.server.rpc.timeout.max = 5200ms (custom)
2019-10-11 07:13:09,124 [pool-413-thread-1] INFO  server.RaftServerConfigKeys (ConfUtils.java:logGet(43)) - raft.server.rpcslowness.timeout = 120s (custom)
2019-10-11 07:13:09,124 [pool-413-thread-1] INFO  server.RaftServerConfigKeys (ConfUtils.java:logGet(43)) - raft.server.sleep.deviation.threshold = 300 (default)
2019-10-11 07:13:09,125 [pool-413-thread-1] INFO  server.RaftServerConfigKeys (ConfUtils.java:logGet(43)) - raft.server.log.appender.install.snapshot.enabled = false (custom)
2019-10-11 07:13:09,125 [pool-413-thread-1] INFO  impl.RaftServerImpl (ServerState.java:<init>(103)) - 4973ad19-ef58-44f1-8a76-510d167e8382@group-D09784B3080C: ConfigurationManager, init=-1: [4973ad19-ef58-44f1-8a76-510d167e8382:192.168.164.209:39934], old=null, confs=<EMPTY_MAP>
2019-10-11 07:13:09,125 [pool-413-thread-1] INFO  server.RaftServerConfigKeys (ConfUtils.java:logGet(43)) - raft.server.storage.dir = [/workdir/hadoop-ozone/integration-test/target/test-dir/MiniOzoneClusterImpl-06bc33bc-b6bc-4d69-8e6b-09fb0b06b8ae/datanode-3/data/ratis] (custom)
2019-10-11 07:13:09,125 [pool-413-thread-1] INFO  server.RaftServerConfigKeys (ConfUtils.java:logGet(43)) - raft.server.log.corruption.policy = EXCEPTION (default)
2019-10-11 07:13:09,126 [pool-413-thread-1] INFO  storage.RaftStorageDirectory (RaftStorageDirectory.java:analyzeStorage(246)) - The storage directory /workdir/hadoop-ozone/integration-test/target/test-dir/MiniOzoneClusterImpl-06bc33bc-b6bc-4d69-8e6b-09fb0b06b8ae/datanode-3/data/ratis/21e5ca0b-1fbd-4c5e-b461-d09784b3080c does not exist. Creating ...
2019-10-11 07:13:09,146 [Thread-2549] INFO  impl.FollowerState (FollowerState.java:run(108)) - 5e2e49ae-c201-4626-b6ec-0e82458807d3@group-BA40C981B598-FollowerState: change to CANDIDATE, lastRpcTime:5002ms, electionTimeout:5002ms
2019-10-11 07:13:09,146 [Thread-2549] INFO  impl.RoleInfo (RoleInfo.java:shutdownFollowerState(121)) - 5e2e49ae-c201-4626-b6ec-0e82458807d3: shutdown FollowerState
2019-10-11 07:13:09,147 [Thread-2549] INFO  impl.RaftServerImpl (RaftServerImpl.java:setRole(170)) - 5e2e49ae-c201-4626-b6ec-0e82458807d3@group-BA40C981B598: changes role from  FOLLOWER to CANDIDATE at term 0 for changeToCandidate
2019-10-11 07:13:09,147 [Thread-2549] INFO  impl.RoleInfo (RoleInfo.java:updateAndGet(143)) - 5e2e49ae-c201-4626-b6ec-0e82458807d3: start LeaderElection
2019-10-11 07:13:09,151 [pool-413-thread-1] INFO  storage.RaftStorageDirectory (RaftStorageDirectory.java:tryLock(328)) - Lock on /workdir/hadoop-ozone/integration-test/target/test-dir/MiniOzoneClusterImpl-06bc33bc-b6bc-4d69-8e6b-09fb0b06b8ae/datanode-3/data/ratis/21e5ca0b-1fbd-4c5e-b461-d09784b3080c/in_use.lock acquired by nodename 16310@pr-hdds-2206-npvv8-3563359771
2019-10-11 07:13:09,168 [pool-413-thread-1] INFO  storage.RaftStorage (RaftStorage.java:format(84)) - Storage directory /workdir/hadoop-ozone/integration-test/target/test-dir/MiniOzoneClusterImpl-06bc33bc-b6bc-4d69-8e6b-09fb0b06b8ae/datanode-3/data/ratis/21e5ca0b-1fbd-4c5e-b461-d09784b3080c has been successfully formatted.
2019-10-11 07:13:09,168 [5e2e49ae-c201-4626-b6ec-0e82458807d3@group-BA40C981B598-LeaderElection80] INFO  impl.LeaderElection (LeaderElection.java:askForVotes(178)) - 5e2e49ae-c201-4626-b6ec-0e82458807d3@group-BA40C981B598-LeaderElection80: begin an election at term 1 for -1: [abbcde68-4ece-45f8-bfb2-e9e7fef46271:192.168.164.209:41213, 5e2e49ae-c201-4626-b6ec-0e82458807d3:192.168.164.209:40716, 323fda09-fb81-4e4b-9079-4a87f9cb285d:192.168.164.209:39527], old=null
2019-10-11 07:13:09,168 [pool-413-thread-1] INFO  ratis.ContainerStateMachine (ContainerStateMachine.java:loadSnapshot(231)) - group-D09784B3080C: The snapshot info is null. Setting the last applied indexto:(t:0, i:~)
2019-10-11 07:13:09,168 [pool-413-thread-1] INFO  server.RaftServerConfigKeys (ConfUtils.java:logGet(43)) - raft.server.notification.no-leader.timeout = 120s (custom)
2019-10-11 07:13:09,168 [pool-413-thread-1] INFO  server.RaftServerConfigKeys (ConfUtils.java:logGet(43)) - raft.server.log.use.memory = false (default)
2019-10-11 07:13:09,169 [pool-413-thread-1] INFO  server.RaftServerConfigKeys (ConfUtils.java:logGet(43)) - raft.server.log.purge.gap = 1000000 (custom)
2019-10-11 07:13:09,169 [pool-413-thread-1] INFO  server.RaftServerConfigKeys (ConfUtils.java:logGet(43)) - raft.server.log.appender.buffer.byte-limit = 33554432 (custom)
2019-10-11 07:13:09,169 [pool-413-thread-1] INFO  server.RaftServerConfigKeys (ConfUtils.java:logGet(43)) - raft.server.log.segment.size.max = 1048576 (custom)
2019-10-11 07:13:09,173 [Thread-2546] INFO  impl.FollowerState (FollowerState.java:run(108)) - abbcde68-4ece-45f8-bfb2-e9e7fef46271@group-BA40C981B598-FollowerState: change to CANDIDATE, lastRpcTime:5034ms, electionTimeout:5031ms
2019-10-11 07:13:09,173 [Thread-2546] INFO  impl.RoleInfo (RoleInfo.java:shutdownFollowerState(121)) - abbcde68-4ece-45f8-bfb2-e9e7fef46271: shutdown FollowerState
2019-10-11 07:13:09,173 [Thread-2546] INFO  impl.RaftServerImpl (RaftServerImpl.java:setRole(170)) - abbcde68-4ece-45f8-bfb2-e9e7fef46271@group-BA40C981B598: changes role from  FOLLOWER to CANDIDATE at term 0 for changeToCandidate
2019-10-11 07:13:09,173 [Thread-2546] INFO  impl.RoleInfo (RoleInfo.java:updateAndGet(143)) - abbcde68-4ece-45f8-bfb2-e9e7fef46271: start LeaderElection
2019-10-11 07:13:09,173 [pool-413-thread-1] INFO  server.RaftServerConfigKeys (ConfUtils.java:logGet(43)) - raft.server.log.segment.cache.num.max = 2 (custom)
2019-10-11 07:13:09,176 [pool-413-thread-1] INFO  segmented.SegmentedRaftLogWorker (SegmentedRaftLogWorker.java:<init>(173)) - new 4973ad19-ef58-44f1-8a76-510d167e8382@group-D09784B3080C-SegmentedRaftLogWorker for RaftStorage:Storage Directory /workdir/hadoop-ozone/integration-test/target/test-dir/MiniOzoneClusterImpl-06bc33bc-b6bc-4d69-8e6b-09fb0b06b8ae/datanode-3/data/ratis/21e5ca0b-1fbd-4c5e-b461-d09784b3080c
2019-10-11 07:13:09,180 [pool-413-thread-1] INFO  server.RaftServerConfigKeys (ConfUtils.java:logGet(43)) - raft.server.log.queue.byte-limit = 2147483647 (custom)
2019-10-11 07:13:09,180 [pool-413-thread-1] INFO  server.RaftServerConfigKeys (ConfUtils.java:logGet(43)) - raft.server.log.queue.element-limit = 1024 (custom)
2019-10-11 07:13:09,181 [pool-413-thread-1] INFO  server.RaftServerConfigKeys (ConfUtils.java:logGet(43)) - raft.server.log.segment.size.max = 1048576 (custom)
2019-10-11 07:13:09,181 [pool-413-thread-1] INFO  server.RaftServerConfigKeys (ConfUtils.java:logGet(43)) - raft.server.log.preallocated.size = 16384 (custom)
2019-10-11 07:13:09,181 [pool-413-thread-1] INFO  server.RaftServerConfigKeys (ConfUtils.java:logGet(43)) - raft.server.log.write.buffer.size = 33554432 (custom)
2019-10-11 07:13:09,181 [pool-413-thread-1] INFO  server.RaftServerConfigKeys (ConfUtils.java:logGet(43)) - raft.server.log.force.sync.num = 128 (default)
2019-10-11 07:13:09,181 [pool-413-thread-1] INFO  server.RaftServerConfigKeys (ConfUtils.java:logGet(43)) - raft.server.log.statemachine.data.sync = true (default)
2019-10-11 07:13:09,181 [pool-413-thread-1] INFO  server.RaftServerConfigKeys (ConfUtils.java:logGet(43)) - raft.server.log.statemachine.data.sync.timeout = 10s (default)
2019-10-11 07:13:09,182 [pool-413-thread-1] INFO  server.RaftServerConfigKeys (ConfUtils.java:logGet(43)) - raft.server.log.statemachine.data.sync.timeout.retry = -1 (default)
2019-10-11 07:13:09,184 [grpc-default-executor-3] INFO  impl.RaftServerImpl (RaftServerImpl.java:setRole(170)) - 323fda09-fb81-4e4b-9079-4a87f9cb285d@group-BA40C981B598: changes role from  FOLLOWER to FOLLOWER at term 1 for recognizeCandidate:5e2e49ae-c201-4626-b6ec-0e82458807d3
2019-10-11 07:13:09,185 [grpc-default-executor-3] INFO  impl.RoleInfo (RoleInfo.java:shutdownFollowerState(121)) - 323fda09-fb81-4e4b-9079-4a87f9cb285d: shutdown FollowerState
2019-10-11 07:13:09,185 [pool-413-thread-1] INFO  server.RaftServerConfigKeys (ConfUtils.java:logGet(43)) - raft.server.log.statemachine.data.caching.enabled = true (custom)
2019-10-11 07:13:09,185 [Thread-2551] INFO  impl.FollowerState (FollowerState.java:run(117)) - 323fda09-fb81-4e4b-9079-4a87f9cb285d@group-BA40C981B598-FollowerState was interrupted: java.lang.InterruptedException: sleep interrupted
2019-10-11 07:13:09,185 [grpc-default-executor-3] INFO  impl.RoleInfo (RoleInfo.java:updateAndGet(143)) - 323fda09-fb81-4e4b-9079-4a87f9cb285d: start FollowerState
2019-10-11 07:13:09,188 [pool-413-thread-1] INFO  segmented.SegmentedRaftLogWorker (SegmentedRaftLogWorker.java:lambda$new$0(128)) - 4973ad19-ef58-44f1-8a76-510d167e8382@group-D09784B3080C-SegmentedRaftLogWorker: flushIndex: setUnconditionally 0 -> -1
2019-10-11 07:13:09,189 [pool-413-thread-1] INFO  server.RaftServerConfigKeys (ConfUtils.java:logGet(43)) - raft.server.snapshot.auto.trigger.enabled = true (custom)
2019-10-11 07:13:09,189 [pool-413-thread-1] INFO  server.RaftServerConfigKeys (ConfUtils.java:logGet(43)) - raft.server.snapshot.auto.trigger.threshold = 10000 (custom)
2019-10-11 07:13:09,189 [pool-413-thread-1] INFO  server.RaftServerConfigKeys (ConfUtils.java:logGet(43)) - raft.server.snapshot.retention.file.num = 5 (custom)
2019-10-11 07:13:09,189 [pool-413-thread-1] INFO  server.RaftServerConfigKeys (ConfUtils.java:logGet(43)) - raft.server.retrycache.expirytime = 600000ms (custom)
2019-10-11 07:13:09,191 [pool-413-thread-1] INFO  impl.RaftServerImpl (RaftServerImpl.java:start(181)) - 4973ad19-ef58-44f1-8a76-510d167e8382@group-D09784B3080C: start as a follower, conf=-1: [4973ad19-ef58-44f1-8a76-510d167e8382:192.168.164.209:39934], old=null
2019-10-11 07:13:09,191 [pool-413-thread-1] INFO  impl.RaftServerImpl (RaftServerImpl.java:setRole(170)) - 4973ad19-ef58-44f1-8a76-510d167e8382@group-D09784B3080C: changes role from      null to FOLLOWER at term 0 for startAsFollower
2019-10-11 07:13:09,191 [pool-413-thread-1] INFO  impl.RoleInfo (RoleInfo.java:updateAndGet(143)) - 4973ad19-ef58-44f1-8a76-510d167e8382: start FollowerState
2019-10-11 07:13:09,192 [pool-413-thread-1] INFO  util.JmxRegister (JmxRegister.java:tryRegister(44)) - Successfully registered JMX Bean with object name Ratis:service=RaftServer,group=group-D09784B3080C,id=4973ad19-ef58-44f1-8a76-510d167e8382
2019-10-11 07:13:09,199 [RatisPipelineUtilsThread] INFO  pipeline.PipelineStateManager (PipelineStateManager.java:addPipeline(56)) - Created pipeline Pipeline[ Id: 21e5ca0b-1fbd-4c5e-b461-d09784b3080c, Nodes: 4973ad19-ef58-44f1-8a76-510d167e8382{ip: 192.168.164.209, host: pr-hdds-2206-npvv8-3563359771, networkLocation: /default-rack, certSerialId: null}, Type:RATIS, Factor:ONE, State:OPEN]
2019-10-11 07:13:09,202 [abbcde68-4ece-45f8-bfb2-e9e7fef46271@group-BA40C981B598-LeaderElection81] INFO  impl.LeaderElection (LeaderElection.java:askForVotes(178)) - abbcde68-4ece-45f8-bfb2-e9e7fef46271@group-BA40C981B598-LeaderElection81: begin an election at term 1 for -1: [abbcde68-4ece-45f8-bfb2-e9e7fef46271:192.168.164.209:41213, 5e2e49ae-c201-4626-b6ec-0e82458807d3:192.168.164.209:40716, 323fda09-fb81-4e4b-9079-4a87f9cb285d:192.168.164.209:39527], old=null
2019-10-11 07:13:09,206 [5e2e49ae-c201-4626-b6ec-0e82458807d3@group-BA40C981B598-LeaderElection80] INFO  impl.LeaderElection (LeaderElection.java:logAndReturn(56)) - 5e2e49ae-c201-4626-b6ec-0e82458807d3@group-BA40C981B598-LeaderElection80: Election PASSED; received 1 response(s) [5e2e49ae-c201-4626-b6ec-0e82458807d3<-323fda09-fb81-4e4b-9079-4a87f9cb285d#0:OK-t1] and 0 exception(s); 5e2e49ae-c201-4626-b6ec-0e82458807d3@group-BA40C981B598:t1, leader=null, voted=5e2e49ae-c201-4626-b6ec-0e82458807d3, raftlog=5e2e49ae-c201-4626-b6ec-0e82458807d3@group-BA40C981B598-SegmentedRaftLog:OPENED:c-1,f-1,i0, conf=-1: [abbcde68-4ece-45f8-bfb2-e9e7fef46271:192.168.164.209:41213, 5e2e49ae-c201-4626-b6ec-0e82458807d3:192.168.164.209:40716, 323fda09-fb81-4e4b-9079-4a87f9cb285d:192.168.164.209:39527], old=null
2019-10-11 07:13:09,206 [5e2e49ae-c201-4626-b6ec-0e82458807d3@group-BA40C981B598-LeaderElection80] INFO  impl.RoleInfo (RoleInfo.java:shutdownLeaderElection(134)) - 5e2e49ae-c201-4626-b6ec-0e82458807d3: shutdown LeaderElection
2019-10-11 07:13:09,207 [5e2e49ae-c201-4626-b6ec-0e82458807d3@group-BA40C981B598-LeaderElection80] INFO  impl.RaftServerImpl (RaftServerImpl.java:setRole(170)) - 5e2e49ae-c201-4626-b6ec-0e82458807d3@group-BA40C981B598: changes role from CANDIDATE to LEADER at term 1 for changeToLeader
2019-10-11 07:13:09,207 [5e2e49ae-c201-4626-b6ec-0e82458807d3@group-BA40C981B598-LeaderElection80] INFO  impl.RaftServerImpl (ServerState.java:setLeader(255)) - 5e2e49ae-c201-4626-b6ec-0e82458807d3@group-BA40C981B598: change Leader from null to 5e2e49ae-c201-4626-b6ec-0e82458807d3 at term 1 for becomeLeader, leader elected after 5078ms
2019-10-11 07:13:09,207 [5e2e49ae-c201-4626-b6ec-0e82458807d3@group-BA40C981B598-LeaderElection80] INFO  server.RaftServerConfigKeys (ConfUtils.java:logGet(43)) - raft.server.staging.catchup.gap = 1000 (default)
2019-10-11 07:13:09,207 [5e2e49ae-c201-4626-b6ec-0e82458807d3@group-BA40C981B598-LeaderElection80] INFO  server.RaftServerConfigKeys (ConfUtils.java:logGet(43)) - raft.server.rpc.sleep.time = 25ms (default)
2019-10-11 07:13:09,207 [5e2e49ae-c201-4626-b6ec-0e82458807d3@group-BA40C981B598-LeaderElection80] INFO  server.RaftServerConfigKeys (ConfUtils.java:logGet(43)) - raft.server.write.element-limit = 4096 (default)
2019-10-11 07:13:09,208 [5e2e49ae-c201-4626-b6ec-0e82458807d3@group-BA40C981B598-LeaderElection80] INFO  server.RaftServerConfigKeys (ConfUtils.java:logGet(43)) - raft.server.watch.timeout = 10s (default)
2019-10-11 07:13:09,208 [5e2e49ae-c201-4626-b6ec-0e82458807d3@group-BA40C981B598-LeaderElection80] INFO  server.RaftServerConfigKeys (ConfUtils.java:logGet(43)) - raft.server.watch.timeout.denomination = 1s (default)
2019-10-11 07:13:09,208 [5e2e49ae-c201-4626-b6ec-0e82458807d3@group-BA40C981B598-LeaderElection80] INFO  server.RaftServerConfigKeys (ConfUtils.java:logGet(43)) - raft.server.watch.element-limit = 65536 (default)
2019-10-11 07:13:09,212 [Thread-2543] INFO  impl.FollowerState (FollowerState.java:run(108)) - 5e2e49ae-c201-4626-b6ec-0e82458807d3@group-1134329703C6-FollowerState: change to CANDIDATE, lastRpcTime:5167ms, electionTimeout:5165ms
2019-10-11 07:13:09,212 [Thread-2543] INFO  impl.RoleInfo (RoleInfo.java:shutdownFollowerState(121)) - 5e2e49ae-c201-4626-b6ec-0e82458807d3: shutdown FollowerState
2019-10-11 07:13:09,216 [Thread-2543] INFO  impl.RaftServerImpl (RaftServerImpl.java:setRole(170)) - 5e2e49ae-c201-4626-b6ec-0e82458807d3@group-1134329703C6: changes role from  FOLLOWER to CANDIDATE at term 0 for changeToCandidate
2019-10-11 07:13:09,216 [Thread-2543] INFO  impl.RoleInfo (RoleInfo.java:updateAndGet(143)) - 5e2e49ae-c201-4626-b6ec-0e82458807d3: start LeaderElection
2019-10-11 07:13:09,227 [5e2e49ae-c201-4626-b6ec-0e82458807d3@group-BA40C981B598-LeaderElection80] INFO  server.RaftServerConfigKeys (ConfUtils.java:logGet(43)) - raft.server.log.appender.snapshot.chunk.size.max = 16MB (=16777216) (default)
2019-10-11 07:13:09,227 [5e2e49ae-c201-4626-b6ec-0e82458807d3@group-BA40C981B598-LeaderElection80] INFO  server.RaftServerConfigKeys (ConfUtils.java:logGet(43)) - raft.server.log.appender.buffer.byte-limit = 33554432 (custom)
2019-10-11 07:13:09,227 [5e2e49ae-c201-4626-b6ec-0e82458807d3@group-BA40C981B598-LeaderElection80] INFO  server.RaftServerConfigKeys (ConfUtils.java:logGet(43)) - raft.server.log.appender.buffer.element-limit = 1 (custom)
2019-10-11 07:13:09,227 [5e2e49ae-c201-4626-b6ec-0e82458807d3@group-BA40C981B598-LeaderElection80] INFO  grpc.GrpcConfigKeys$Server (ConfUtils.java:logGet(43)) - raft.grpc.server.leader.outstanding.appends.max = 128 (default)
2019-10-11 07:13:09,228 [5e2e49ae-c201-4626-b6ec-0e82458807d3@group-BA40C981B598-LeaderElection80] INFO  server.RaftServerConfigKeys (ConfUtils.java:logGet(43)) - raft.server.rpc.request.timeout = 3000ms (default)
2019-10-11 07:13:09,228 [5e2e49ae-c201-4626-b6ec-0e82458807d3@group-BA40C981B598-LeaderElection80] INFO  server.RaftServerConfigKeys (ConfUtils.java:logGet(43)) - raft.server.log.appender.install.snapshot.enabled = false (custom)
2019-10-11 07:13:09,228 [5e2e49ae-c201-4626-b6ec-0e82458807d3@group-BA40C981B598-LeaderElection80] INFO  server.RaftServerConfigKeys (ConfUtils.java:logGet(43)) - raft.server.log.appender.snapshot.chunk.size.max = 16MB (=16777216) (default)
2019-10-11 07:13:09,228 [5e2e49ae-c201-4626-b6ec-0e82458807d3@group-BA40C981B598-LeaderElection80] INFO  server.RaftServerConfigKeys (ConfUtils.java:logGet(43)) - raft.server.log.appender.buffer.byte-limit = 33554432 (custom)
2019-10-11 07:13:09,228 [5e2e49ae-c201-4626-b6ec-0e82458807d3@group-BA40C981B598-LeaderElection80] INFO  server.RaftServerConfigKeys (ConfUtils.java:logGet(43)) - raft.server.log.appender.buffer.element-limit = 1 (custom)
2019-10-11 07:13:09,229 [5e2e49ae-c201-4626-b6ec-0e82458807d3@group-BA40C981B598-LeaderElection80] INFO  grpc.GrpcConfigKeys$Server (ConfUtils.java:logGet(43)) - raft.grpc.server.leader.outstanding.appends.max = 128 (default)
2019-10-11 07:13:09,229 [5e2e49ae-c201-4626-b6ec-0e82458807d3@group-BA40C981B598-LeaderElection80] INFO  server.RaftServerConfigKeys (ConfUtils.java:logGet(43)) - raft.server.rpc.request.timeout = 3000ms (default)
2019-10-11 07:13:09,229 [5e2e49ae-c201-4626-b6ec-0e82458807d3@group-BA40C981B598-LeaderElection80] INFO  server.RaftServerConfigKeys (ConfUtils.java:logGet(43)) - raft.server.log.appender.install.snapshot.enabled = false (custom)
2019-10-11 07:13:09,229 [5e2e49ae-c201-4626-b6ec-0e82458807d3@group-BA40C981B598-LeaderElection80] INFO  impl.RoleInfo (RoleInfo.java:updateAndGet(143)) - 5e2e49ae-c201-4626-b6ec-0e82458807d3: start LeaderState
2019-10-11 07:13:09,230 [5e2e49ae-c201-4626-b6ec-0e82458807d3@group-BA40C981B598-LeaderElection80] INFO  segmented.SegmentedRaftLogWorker (SegmentedRaftLogWorker.java:startLogSegment(385)) - 5e2e49ae-c201-4626-b6ec-0e82458807d3@group-BA40C981B598-SegmentedRaftLogWorker: Starting segment from index:0
2019-10-11 07:13:09,230 [5e2e49ae-c201-4626-b6ec-0e82458807d3@group-BA40C981B598-LeaderElection80] INFO  impl.RaftServerImpl (ServerState.java:setRaftConf(356)) - 5e2e49ae-c201-4626-b6ec-0e82458807d3@group-BA40C981B598: set configuration 0: [abbcde68-4ece-45f8-bfb2-e9e7fef46271:192.168.164.209:41213, 5e2e49ae-c201-4626-b6ec-0e82458807d3:192.168.164.209:40716, 323fda09-fb81-4e4b-9079-4a87f9cb285d:192.168.164.209:39527], old=null at 0
2019-10-11 07:13:09,231 [grpc-default-executor-7] INFO  impl.RaftServerImpl (RaftServerImpl.java:requestVote(754)) - 5e2e49ae-c201-4626-b6ec-0e82458807d3@group-BA40C981B598-   LEADER: Withhold vote from candidate abbcde68-4ece-45f8-bfb2-e9e7fef46271 with term 1. State: leader=5e2e49ae-c201-4626-b6ec-0e82458807d3, term=1, lastRpcElapsed=null
2019-10-11 07:13:09,267 [5e2e49ae-c201-4626-b6ec-0e82458807d3@group-1134329703C6-LeaderElection82] INFO  impl.LeaderElection (LeaderElection.java:askForVotes(178)) - 5e2e49ae-c201-4626-b6ec-0e82458807d3@group-1134329703C6-LeaderElection82: begin an election at term 1 for -1: [5e2e49ae-c201-4626-b6ec-0e82458807d3:192.168.164.209:40716], old=null
2019-10-11 07:13:09,267 [abbcde68-4ece-45f8-bfb2-e9e7fef46271@group-BA40C981B598-LeaderElection81] INFO  impl.LeaderElection (LeaderElection.java:logAndReturn(56)) - abbcde68-4ece-45f8-bfb2-e9e7fef46271@group-BA40C981B598-LeaderElection81: Election REJECTED; received 2 response(s) [abbcde68-4ece-45f8-bfb2-e9e7fef46271<-5e2e49ae-c201-4626-b6ec-0e82458807d3#0:FAIL-t1, abbcde68-4ece-45f8-bfb2-e9e7fef46271<-323fda09-fb81-4e4b-9079-4a87f9cb285d#0:FAIL-t1] and 0 exception(s); abbcde68-4ece-45f8-bfb2-e9e7fef46271@group-BA40C981B598:t1, leader=null, voted=abbcde68-4ece-45f8-bfb2-e9e7fef46271, raftlog=abbcde68-4ece-45f8-bfb2-e9e7fef46271@group-BA40C981B598-SegmentedRaftLog:OPENED:c-1,f-1,i0, conf=-1: [abbcde68-4ece-45f8-bfb2-e9e7fef46271:192.168.164.209:41213, 5e2e49ae-c201-4626-b6ec-0e82458807d3:192.168.164.209:40716, 323fda09-fb81-4e4b-9079-4a87f9cb285d:192.168.164.209:39527], old=null
2019-10-11 07:13:09,268 [5e2e49ae-c201-4626-b6ec-0e82458807d3@group-1134329703C6-LeaderElection82] INFO  impl.RoleInfo (RoleInfo.java:shutdownLeaderElection(134)) - 5e2e49ae-c201-4626-b6ec-0e82458807d3: shutdown LeaderElection
2019-10-11 07:13:09,268 [grpc-default-executor-7] INFO  impl.RaftServerImpl (RaftServerImpl.java:setRole(170)) - abbcde68-4ece-45f8-bfb2-e9e7fef46271@group-BA40C981B598: changes role from CANDIDATE to FOLLOWER at term 1 for appendEntries
2019-10-11 07:13:09,268 [grpc-default-executor-3] INFO  impl.RaftServerImpl (ServerState.java:setLeader(255)) - 323fda09-fb81-4e4b-9079-4a87f9cb285d@group-BA40C981B598: change Leader from null to 5e2e49ae-c201-4626-b6ec-0e82458807d3 at term 1 for appendEntries, leader elected after 5140ms
2019-10-11 07:13:09,268 [5e2e49ae-c201-4626-b6ec-0e82458807d3@group-1134329703C6-LeaderElection82] INFO  impl.RaftServerImpl (RaftServerImpl.java:setRole(170)) - 5e2e49ae-c201-4626-b6ec-0e82458807d3@group-1134329703C6: changes role from CANDIDATE to LEADER at term 1 for changeToLeader
2019-10-11 07:13:09,269 [5e2e49ae-c201-4626-b6ec-0e82458807d3@group-1134329703C6-LeaderElection82] INFO  impl.RaftServerImpl (ServerState.java:setLeader(255)) - 5e2e49ae-c201-4626-b6ec-0e82458807d3@group-1134329703C6: change Leader from null to 5e2e49ae-c201-4626-b6ec-0e82458807d3 at term 1 for becomeLeader, leader elected after 5233ms
2019-10-11 07:13:09,268 [grpc-default-executor-7] INFO  impl.RoleInfo (RoleInfo.java:shutdownLeaderElection(134)) - abbcde68-4ece-45f8-bfb2-e9e7fef46271: shutdown LeaderElection
2019-10-11 07:13:09,269 [5e2e49ae-c201-4626-b6ec-0e82458807d3@group-1134329703C6-LeaderElection82] INFO  server.RaftServerConfigKeys (ConfUtils.java:logGet(43)) - raft.server.staging.catchup.gap = 1000 (default)
2019-10-11 07:13:09,269 [grpc-default-executor-7] INFO  impl.RoleInfo (RoleInfo.java:updateAndGet(143)) - abbcde68-4ece-45f8-bfb2-e9e7fef46271: start FollowerState
2019-10-11 07:13:09,269 [5e2e49ae-c201-4626-b6ec-0e82458807d3@group-1134329703C6-LeaderElection82] INFO  server.RaftServerConfigKeys (ConfUtils.java:logGet(43)) - raft.server.rpc.sleep.time = 25ms (default)
2019-10-11 07:13:09,270 [grpc-default-executor-7] INFO  impl.RaftServerImpl (ServerState.java:setLeader(255)) - abbcde68-4ece-45f8-bfb2-e9e7fef46271@group-BA40C981B598: change Leader from null to 5e2e49ae-c201-4626-b6ec-0e82458807d3 at term 1 for appendEntries, leader elected after 5141ms
2019-10-11 07:13:09,270 [5e2e49ae-c201-4626-b6ec-0e82458807d3@group-1134329703C6-LeaderElection82] INFO  server.RaftServerConfigKeys (ConfUtils.java:logGet(43)) - raft.server.write.element-limit = 4096 (default)
2019-10-11 07:13:09,270 [5e2e49ae-c201-4626-b6ec-0e82458807d3@group-1134329703C6-LeaderElection82] INFO  server.RaftServerConfigKeys (ConfUtils.java:logGet(43)) - raft.server.watch.timeout = 10s (default)
2019-10-11 07:13:09,270 [5e2e49ae-c201-4626-b6ec-0e82458807d3@group-1134329703C6-LeaderElection82] INFO  server.RaftServerConfigKeys (ConfUtils.java:logGet(43)) - raft.server.watch.timeout.denomination = 1s (default)
2019-10-11 07:13:09,271 [5e2e49ae-c201-4626-b6ec-0e82458807d3@group-1134329703C6-LeaderElection82] INFO  server.RaftServerConfigKeys (ConfUtils.java:logGet(43)) - raft.server.watch.element-limit = 65536 (default)
2019-10-11 07:13:09,271 [grpc-default-executor-7] INFO  impl.RaftServerImpl (ServerState.java:setRaftConf(356)) - 323fda09-fb81-4e4b-9079-4a87f9cb285d@group-BA40C981B598: set configuration 0: [abbcde68-4ece-45f8-bfb2-e9e7fef46271:192.168.164.209:41213, 5e2e49ae-c201-4626-b6ec-0e82458807d3:192.168.164.209:40716, 323fda09-fb81-4e4b-9079-4a87f9cb285d:192.168.164.209:39527], old=null at 0
2019-10-11 07:13:09,271 [grpc-default-executor-7] INFO  segmented.SegmentedRaftLogWorker (SegmentedRaftLogWorker.java:startLogSegment(385)) - 323fda09-fb81-4e4b-9079-4a87f9cb285d@group-BA40C981B598-SegmentedRaftLogWorker: Starting segment from index:0
2019-10-11 07:13:09,272 [grpc-default-executor-3] INFO  impl.RaftServerImpl (ServerState.java:setRaftConf(356)) - abbcde68-4ece-45f8-bfb2-e9e7fef46271@group-BA40C981B598: set configuration 0: [abbcde68-4ece-45f8-bfb2-e9e7fef46271:192.168.164.209:41213, 5e2e49ae-c201-4626-b6ec-0e82458807d3:192.168.164.209:40716, 323fda09-fb81-4e4b-9079-4a87f9cb285d:192.168.164.209:39527], old=null at 0
2019-10-11 07:13:09,272 [grpc-default-executor-3] INFO  segmented.SegmentedRaftLogWorker (SegmentedRaftLogWorker.java:startLogSegment(385)) - abbcde68-4ece-45f8-bfb2-e9e7fef46271@group-BA40C981B598-SegmentedRaftLogWorker: Starting segment from index:0
2019-10-11 07:13:09,273 [5e2e49ae-c201-4626-b6ec-0e82458807d3@group-1134329703C6-LeaderElection82] INFO  impl.RoleInfo (RoleInfo.java:updateAndGet(143)) - 5e2e49ae-c201-4626-b6ec-0e82458807d3: start LeaderState
2019-10-11 07:13:09,273 [5e2e49ae-c201-4626-b6ec-0e82458807d3@group-1134329703C6-LeaderElection82] INFO  segmented.SegmentedRaftLogWorker (SegmentedRaftLogWorker.java:startLogSegment(385)) - 5e2e49ae-c201-4626-b6ec-0e82458807d3@group-1134329703C6-SegmentedRaftLogWorker: Starting segment from index:0
2019-10-11 07:13:09,274 [5e2e49ae-c201-4626-b6ec-0e82458807d3@group-1134329703C6-LeaderElection82] INFO  impl.RaftServerImpl (ServerState.java:setRaftConf(356)) - 5e2e49ae-c201-4626-b6ec-0e82458807d3@group-1134329703C6: set configuration 0: [5e2e49ae-c201-4626-b6ec-0e82458807d3:192.168.164.209:40716], old=null at 0
2019-10-11 07:13:09,280 [5e2e49ae-c201-4626-b6ec-0e82458807d3@group-BA40C981B598-SegmentedRaftLogWorker] INFO  segmented.SegmentedRaftLogWorker (SegmentedRaftLogWorker.java:execute(574)) - 5e2e49ae-c201-4626-b6ec-0e82458807d3@group-BA40C981B598-SegmentedRaftLogWorker: created new log segment /workdir/hadoop-ozone/integration-test/target/test-dir/MiniOzoneClusterImpl-06bc33bc-b6bc-4d69-8e6b-09fb0b06b8ae/datanode-2/data/ratis/5271b367-728f-4dfc-ab42-ba40c981b598/current/log_inprogress_0
2019-10-11 07:13:09,305 [RatisPipelineUtilsThread] WARN  pipeline.RatisPipelineUtils (RatisPipelineUtils.java:destroyPipeline(69)) - Pipeline destroy failed for pipeline=PipelineID=4bd782d4-cb83-4085-836b-346a59803fd3 dn=58d7d782-e238-4c9b-b037-a54f89fdb2a5{ip: 192.168.164.209, host: pr-hdds-2206-npvv8-3563359771, networkLocation: /default-rack, certSerialId: null}
2019-10-11 07:13:09,305 [RatisPipelineUtilsThread] INFO  pipeline.PipelineStateManager (PipelineStateManager.java:removePipeline(108)) - Pipeline Pipeline[ Id: 4bd782d4-cb83-4085-836b-346a59803fd3, Nodes: 58d7d782-e238-4c9b-b037-a54f89fdb2a5{ip: 192.168.164.209, host: pr-hdds-2206-npvv8-3563359771, networkLocation: /default-rack, certSerialId: null}, Type:RATIS, Factor:ONE, State:CLOSED] removed from db
2019-10-11 07:13:09,307 [RatisPipelineUtilsThread] WARN  pipeline.RatisPipelineUtils (RatisPipelineUtils.java:destroyPipeline(69)) - Pipeline destroy failed for pipeline=PipelineID=4b7d3e2b-a92f-4375-b350-b0675d9502c4 dn=0f24eb1f-961d-4620-8d5d-0b1f3f575a32{ip: 192.168.164.209, host: pr-hdds-2206-npvv8-3563359771, networkLocation: /default-rack, certSerialId: null}
2019-10-11 07:13:09,309 [RatisPipelineUtilsThread] WARN  pipeline.RatisPipelineUtils (RatisPipelineUtils.java:destroyPipeline(69)) - Pipeline destroy failed for pipeline=PipelineID=4b7d3e2b-a92f-4375-b350-b0675d9502c4 dn=58d7d782-e238-4c9b-b037-a54f89fdb2a5{ip: 192.168.164.209, host: pr-hdds-2206-npvv8-3563359771, networkLocation: /default-rack, certSerialId: null}
2019-10-11 07:13:09,313 [grpc-default-executor-3] INFO  impl.RaftServerProxy (RaftServerProxy.java:remove(95)) - b8d03a4d-e915-4eff-b2e5-95cc028c1e9d: remove group-B0675D9502C4:null
2019-10-11 07:13:09,318 [abbcde68-4ece-45f8-bfb2-e9e7fef46271@group-BA40C981B598-SegmentedRaftLogWorker] INFO  segmented.SegmentedRaftLogWorker (SegmentedRaftLogWorker.java:execute(574)) - abbcde68-4ece-45f8-bfb2-e9e7fef46271@group-BA40C981B598-SegmentedRaftLogWorker: created new log segment /workdir/hadoop-ozone/integration-test/target/test-dir/MiniOzoneClusterImpl-06bc33bc-b6bc-4d69-8e6b-09fb0b06b8ae/datanode-1/data/ratis/5271b367-728f-4dfc-ab42-ba40c981b598/current/log_inprogress_0
2019-10-11 07:13:09,318 [5e2e49ae-c201-4626-b6ec-0e82458807d3@group-1134329703C6-SegmentedRaftLogWorker] INFO  segmented.SegmentedRaftLogWorker (SegmentedRaftLogWorker.java:execute(574)) - 5e2e49ae-c201-4626-b6ec-0e82458807d3@group-1134329703C6-SegmentedRaftLogWorker: created new log segment /workdir/hadoop-ozone/integration-test/target/test-dir/MiniOzoneClusterImpl-06bc33bc-b6bc-4d69-8e6b-09fb0b06b8ae/datanode-2/data/ratis/649a5558-52a0-47ed-a9ac-1134329703c6/current/log_inprogress_0
2019-10-11 07:13:09,318 [323fda09-fb81-4e4b-9079-4a87f9cb285d@group-BA40C981B598-SegmentedRaftLogWorker] INFO  segmented.SegmentedRaftLogWorker (SegmentedRaftLogWorker.java:execute(574)) - 323fda09-fb81-4e4b-9079-4a87f9cb285d@group-BA40C981B598-SegmentedRaftLogWorker: created new log segment /workdir/hadoop-ozone/integration-test/target/test-dir/MiniOzoneClusterImpl-06bc33bc-b6bc-4d69-8e6b-09fb0b06b8ae/datanode-0/data/ratis/5271b367-728f-4dfc-ab42-ba40c981b598/current/log_inprogress_0
2019-10-11 07:13:09,328 [RatisPipelineUtilsThread] WARN  pipeline.RatisPipelineUtils (RatisPipelineUtils.java:destroyPipeline(69)) - Pipeline destroy failed for pipeline=PipelineID=4b7d3e2b-a92f-4375-b350-b0675d9502c4 dn=b8d03a4d-e915-4eff-b2e5-95cc028c1e9d{ip: 192.168.164.209, host: pr-hdds-2206-npvv8-3563359771, networkLocation: /default-rack, certSerialId: null}
2019-10-11 07:13:09,328 [RatisPipelineUtilsThread] ERROR pipeline.SCMPipelineManager (Scheduler.java:lambda$schedule$1(70)) - Destroy pipeline failed for pipeline:Pipeline[ Id: 4b7d3e2b-a92f-4375-b350-b0675d9502c4, Nodes: 0f24eb1f-961d-4620-8d5d-0b1f3f575a32{ip: 192.168.164.209, host: pr-hdds-2206-npvv8-3563359771, networkLocation: /default-rack, certSerialId: null}58d7d782-e238-4c9b-b037-a54f89fdb2a5{ip: 192.168.164.209, host: pr-hdds-2206-npvv8-3563359771, networkLocation: /default-rack, certSerialId: null}b8d03a4d-e915-4eff-b2e5-95cc028c1e9d{ip: 192.168.164.209, host: pr-hdds-2206-npvv8-3563359771, networkLocation: /default-rack, certSerialId: null}, Type:RATIS, Factor:THREE, State:CLOSED]
org.apache.hadoop.hdds.scm.pipeline.PipelineNotFoundException: PipelineID=4b7d3e2b-a92f-4375-b350-b0675d9502c4 not found
	at org.apache.hadoop.hdds.scm.pipeline.PipelineStateMap.getPipeline(PipelineStateMap.java:132)
	at org.apache.hadoop.hdds.scm.pipeline.PipelineStateMap.removePipeline(PipelineStateMap.java:322)
	at org.apache.hadoop.hdds.scm.pipeline.PipelineStateManager.removePipeline(PipelineStateManager.java:107)
	at org.apache.hadoop.hdds.scm.pipeline.SCMPipelineManager.removePipeline(SCMPipelineManager.java:427)
	at org.apache.hadoop.hdds.scm.pipeline.SCMPipelineManager.destroyPipeline(SCMPipelineManager.java:413)
	at org.apache.hadoop.hdds.scm.pipeline.SCMPipelineManager.lambda$finalizeAndDestroyPipeline$0(SCMPipelineManager.java:322)
	at org.apache.hadoop.hdds.utils.Scheduler.lambda$schedule$1(Scheduler.java:68)
	at java.util.concurrent.Executors$RunnableAdapter.call(Executors.java:511)
	at java.util.concurrent.FutureTask.run(FutureTask.java:266)
	at java.util.concurrent.ScheduledThreadPoolExecutor$ScheduledFutureTask.access$201(ScheduledThreadPoolExecutor.java:180)
	at java.util.concurrent.ScheduledThreadPoolExecutor$ScheduledFutureTask.run(ScheduledThreadPoolExecutor.java:293)
	at java.util.concurrent.ThreadPoolExecutor.runWorker(ThreadPoolExecutor.java:1149)
	at java.util.concurrent.ThreadPoolExecutor$Worker.run(ThreadPoolExecutor.java:624)
	at java.lang.Thread.run(Thread.java:748)
2019-10-11 07:13:10,151 [main] INFO  hdfs.DFSUtil (DFSUtil.java:httpServerTemplateForNNAndJN(1641)) - Starting Web-server for hddsDatanode at: http://0.0.0.0:0
2019-10-11 07:13:10,180 [main] INFO  server.AuthenticationFilter (AuthenticationFilter.java:constructSecretProvider(240)) - Unable to initialize FileSignerSecretProvider, falling back to use random secrets.
2019-10-11 07:13:10,181 [main] WARN  http.HttpRequestLog (HttpRequestLog.java:getRequestLog(97)) - Jetty request log can only be enabled using Log4j
2019-10-11 07:13:10,183 [main] INFO  http.HttpServer2 (HttpServer2.java:addGlobalFilter(975)) - Added global filter 'safety' (class=org.apache.hadoop.http.HttpServer2$QuotingInputFilter)
2019-10-11 07:13:10,183 [main] INFO  http.HttpServer2 (HttpServer2.java:addFilter(948)) - Added filter static_user_filter (class=org.apache.hadoop.http.lib.StaticUserWebFilter$StaticUserFilter) to context hddsDatanode
2019-10-11 07:13:10,184 [main] INFO  http.HttpServer2 (HttpServer2.java:addFilter(958)) - Added filter static_user_filter (class=org.apache.hadoop.http.lib.StaticUserWebFilter$StaticUserFilter) to context logs
2019-10-11 07:13:10,184 [main] INFO  http.HttpServer2 (HttpServer2.java:addFilter(958)) - Added filter static_user_filter (class=org.apache.hadoop.http.lib.StaticUserWebFilter$StaticUserFilter) to context static
2019-10-11 07:13:10,185 [main] INFO  http.HttpServer2 (HttpServer2.java:bindListener(1191)) - Jetty bound to port 45473
2019-10-11 07:13:10,185 [main] INFO  server.Server (Server.java:doStart(351)) - jetty-9.3.25.v20180904, build timestamp: 2018-09-04T21:11:46Z, git hash: 3ce520221d0240229c862b122d2b06c12a625732
2019-10-11 07:13:10,187 [main] INFO  handler.ContextHandler (ContextHandler.java:doStart(781)) - Started o.e.j.s.ServletContextHandler@4f2ac7e0{/logs,file:///workdir/hadoop-ozone/integration-test/target/log,AVAILABLE}
2019-10-11 07:13:10,188 [main] INFO  handler.ContextHandler (ContextHandler.java:doStart(781)) - Started o.e.j.s.ServletContextHandler@111cba40{/static,jar:file:/home/user/.m2/repository/org/apache/hadoop/hadoop-hdds-container-service/0.5.0-SNAPSHOT/hadoop-hdds-container-service-0.5.0-SNAPSHOT.jar!/webapps/static,AVAILABLE}
2019-10-11 07:13:10,227 [main] INFO  handler.ContextHandler (ContextHandler.java:doStart(781)) - Started o.e.j.w.WebAppContext@5396eeb1{/,file:///tmp/jetty-0.0.0.0-45473-hddsDatanode-_-any-8508638025268030813.dir/webapp/,AVAILABLE}{/hddsDatanode}
2019-10-11 07:13:10,228 [main] INFO  server.AbstractConnector (AbstractConnector.java:doStart(278)) - Started ServerConnector@279126f5{HTTP/1.1,[http/1.1]}{0.0.0.0:45473}
2019-10-11 07:13:10,245 [main] INFO  server.Server (Server.java:doStart(419)) - Started @437407ms
2019-10-11 07:13:10,246 [main] WARN  impl.MetricsSystemImpl (MetricsSystemImpl.java:register(276)) - Sink prometheus already exists!
2019-10-11 07:13:14,358 [Thread-2581] INFO  impl.FollowerState (FollowerState.java:run(108)) - 4973ad19-ef58-44f1-8a76-510d167e8382@group-D09784B3080C-FollowerState: change to CANDIDATE, lastRpcTime:5166ms, electionTimeout:5166ms
2019-10-11 07:13:14,358 [Thread-2581] INFO  impl.RoleInfo (RoleInfo.java:shutdownFollowerState(121)) - 4973ad19-ef58-44f1-8a76-510d167e8382: shutdown FollowerState
2019-10-11 07:13:14,359 [Thread-2581] INFO  impl.RaftServerImpl (RaftServerImpl.java:setRole(170)) - 4973ad19-ef58-44f1-8a76-510d167e8382@group-D09784B3080C: changes role from  FOLLOWER to CANDIDATE at term 0 for changeToCandidate
2019-10-11 07:13:14,359 [Thread-2581] INFO  impl.RoleInfo (RoleInfo.java:updateAndGet(143)) - 4973ad19-ef58-44f1-8a76-510d167e8382: start LeaderElection
2019-10-11 07:13:14,390 [4973ad19-ef58-44f1-8a76-510d167e8382@group-D09784B3080C-LeaderElection83] INFO  impl.LeaderElection (LeaderElection.java:askForVotes(178)) - 4973ad19-ef58-44f1-8a76-510d167e8382@group-D09784B3080C-LeaderElection83: begin an election at term 1 for -1: [4973ad19-ef58-44f1-8a76-510d167e8382:192.168.164.209:39934], old=null
2019-10-11 07:13:14,390 [4973ad19-ef58-44f1-8a76-510d167e8382@group-D09784B3080C-LeaderElection83] INFO  impl.RoleInfo (RoleInfo.java:shutdownLeaderElection(134)) - 4973ad19-ef58-44f1-8a76-510d167e8382: shutdown LeaderElection
2019-10-11 07:13:14,391 [4973ad19-ef58-44f1-8a76-510d167e8382@group-D09784B3080C-LeaderElection83] INFO  impl.RaftServerImpl (RaftServerImpl.java:setRole(170)) - 4973ad19-ef58-44f1-8a76-510d167e8382@group-D09784B3080C: changes role from CANDIDATE to LEADER at term 1 for changeToLeader
2019-10-11 07:13:14,391 [4973ad19-ef58-44f1-8a76-510d167e8382@group-D09784B3080C-LeaderElection83] INFO  impl.RaftServerImpl (ServerState.java:setLeader(255)) - 4973ad19-ef58-44f1-8a76-510d167e8382@group-D09784B3080C: change Leader from null to 4973ad19-ef58-44f1-8a76-510d167e8382 at term 1 for becomeLeader, leader elected after 5222ms
2019-10-11 07:13:14,391 [4973ad19-ef58-44f1-8a76-510d167e8382@group-D09784B3080C-LeaderElection83] INFO  server.RaftServerConfigKeys (ConfUtils.java:logGet(43)) - raft.server.staging.catchup.gap = 1000 (default)
2019-10-11 07:13:14,391 [4973ad19-ef58-44f1-8a76-510d167e8382@group-D09784B3080C-LeaderElection83] INFO  server.RaftServerConfigKeys (ConfUtils.java:logGet(43)) - raft.server.rpc.sleep.time = 25ms (default)
2019-10-11 07:13:14,391 [4973ad19-ef58-44f1-8a76-510d167e8382@group-D09784B3080C-LeaderElection83] INFO  server.RaftServerConfigKeys (ConfUtils.java:logGet(43)) - raft.server.write.element-limit = 4096 (default)
2019-10-11 07:13:14,391 [4973ad19-ef58-44f1-8a76-510d167e8382@group-D09784B3080C-LeaderElection83] INFO  server.RaftServerConfigKeys (ConfUtils.java:logGet(43)) - raft.server.watch.timeout = 10s (default)
2019-10-11 07:13:14,391 [4973ad19-ef58-44f1-8a76-510d167e8382@group-D09784B3080C-LeaderElection83] INFO  server.RaftServerConfigKeys (ConfUtils.java:logGet(43)) - raft.server.watch.timeout.denomination = 1s (default)
2019-10-11 07:13:14,391 [4973ad19-ef58-44f1-8a76-510d167e8382@group-D09784B3080C-LeaderElection83] INFO  server.RaftServerConfigKeys (ConfUtils.java:logGet(43)) - raft.server.watch.element-limit = 65536 (default)
2019-10-11 07:13:14,393 [4973ad19-ef58-44f1-8a76-510d167e8382@group-D09784B3080C-LeaderElection83] INFO  impl.RoleInfo (RoleInfo.java:updateAndGet(143)) - 4973ad19-ef58-44f1-8a76-510d167e8382: start LeaderState
2019-10-11 07:13:14,393 [4973ad19-ef58-44f1-8a76-510d167e8382@group-D09784B3080C-LeaderElection83] INFO  segmented.SegmentedRaftLogWorker (SegmentedRaftLogWorker.java:startLogSegment(385)) - 4973ad19-ef58-44f1-8a76-510d167e8382@group-D09784B3080C-SegmentedRaftLogWorker: Starting segment from index:0
2019-10-11 07:13:14,393 [4973ad19-ef58-44f1-8a76-510d167e8382@group-D09784B3080C-LeaderElection83] INFO  impl.RaftServerImpl (ServerState.java:setRaftConf(356)) - 4973ad19-ef58-44f1-8a76-510d167e8382@group-D09784B3080C: set configuration 0: [4973ad19-ef58-44f1-8a76-510d167e8382:192.168.164.209:39934], old=null at 0
2019-10-11 07:13:14,451 [4973ad19-ef58-44f1-8a76-510d167e8382@group-D09784B3080C-SegmentedRaftLogWorker] INFO  segmented.SegmentedRaftLogWorker (SegmentedRaftLogWorker.java:execute(574)) - 4973ad19-ef58-44f1-8a76-510d167e8382@group-D09784B3080C-SegmentedRaftLogWorker: created new log segment /workdir/hadoop-ozone/integration-test/target/test-dir/MiniOzoneClusterImpl-06bc33bc-b6bc-4d69-8e6b-09fb0b06b8ae/datanode-3/data/ratis/21e5ca0b-1fbd-4c5e-b461-d09784b3080c/current/log_inprogress_0
2019-10-11 07:13:15,248 [main] INFO  server.BaseHttpServer (BaseHttpServer.java:updateConnectorAddress(215)) - HTTP server of HDDSDATANODE is listening at http://0.0.0.0:45473
2019-10-11 07:13:15,249 [main] INFO  impl.MetricsSystemImpl (MetricsSystemImpl.java:init(158)) - HddsDatanode metrics system started (again)
2019-10-11 07:13:15,303 [org.apache.hadoop.util.JvmPauseMonitor$Monitor@3211fa0e] INFO  util.JvmPauseMonitor (JvmPauseMonitor.java:run(188)) - Starting JVM pause monitor
2019-10-11 07:13:15,306 [Datanode State Machine Thread - 0] INFO  datanode.InitDatanodeState (InitDatanodeState.java:persistContainerDatanodeDetails(140)) - DatanodeDetails is persisted to /workdir/hadoop-ozone/integration-test/target/test-dir/MiniOzoneClusterImpl-06bc33bc-b6bc-4d69-8e6b-09fb0b06b8ae/datanode-4/meta/datanode.id
2019-10-11 07:13:15,308 [main] INFO  ozone.HddsDatanodeService (HddsDatanodeService.java:start(184)) - HddsDatanodeService host:pr-hdds-2206-npvv8-3563359771 ip:192.168.164.209
2019-10-11 07:13:15,323 [main] INFO  volume.HddsVolume (HddsVolume.java:<init>(176)) - Creating Volume: /workdir/hadoop-ozone/integration-test/target/test-dir/MiniOzoneClusterImpl-06bc33bc-b6bc-4d69-8e6b-09fb0b06b8ae/datanode-5/data/containers/hdds of  storage type : DISK and capacity : 1482555576320
2019-10-11 07:13:15,323 [main] INFO  volume.VolumeSet (VolumeSet.java:initializeVolumeSet(170)) - Added Volume : /workdir/hadoop-ozone/integration-test/target/test-dir/MiniOzoneClusterImpl-06bc33bc-b6bc-4d69-8e6b-09fb0b06b8ae/datanode-5/data/containers/hdds to VolumeSet
2019-10-11 07:13:15,324 [main] INFO  volume.ThrottledAsyncChecker (ThrottledAsyncChecker.java:schedule(141)) - Scheduling a check for org.apache.hadoop.ozone.container.common.volume.HddsVolume@4a22e4d7
2019-10-11 07:13:15,325 [main] INFO  volume.HddsVolumeChecker (HddsVolumeChecker.java:checkAllVolumes(204)) - Scheduled health check for volume org.apache.hadoop.ozone.container.common.volume.HddsVolume@4a22e4d7
2019-10-11 07:13:15,347 [main] INFO  impl.RaftServerProxy (ConfUtils.java:logGet(43)) - raft.rpc.type = GRPC (default)
2019-10-11 07:13:15,347 [main] INFO  grpc.GrpcFactory (GrpcFactory.java:checkPooledByteBufAllocatorUseCacheForAllThreads(45)) - PERFORMANCE WARNING: useCacheForAllThreads is true that may cause Netty to create a lot garbage objects and, as a result, trigger GC.
	It is recommended to disable useCacheForAllThreads by setting -Dorg.apache.ratis.thirdparty.io.netty.allocator.useCacheForAllThreads=false in command line.
2019-10-11 07:13:15,348 [main] INFO  grpc.GrpcConfigKeys$Server (ConfUtils.java:logGet(43)) - raft.grpc.server.port = 0 (default)
2019-10-11 07:13:15,348 [main] INFO  server.GrpcService (ConfUtils.java:logGet(43)) - raft.grpc.message.size.max = 33570816 (custom)
2019-10-11 07:13:15,348 [main] INFO  server.RaftServerConfigKeys (ConfUtils.java:logGet(43)) - raft.server.log.appender.buffer.byte-limit = 33554432 (custom)
2019-10-11 07:13:15,349 [main] INFO  server.GrpcService (ConfUtils.java:logGet(43)) - raft.grpc.flow.control.window = 1MB (=1048576) (default)
2019-10-11 07:13:15,349 [main] INFO  server.RaftServerConfigKeys (ConfUtils.java:logGet(43)) - raft.server.rpc.request.timeout = 3000ms (default)
2019-10-11 07:13:15,350 [main] INFO  server.RaftServerConfigKeys (ConfUtils.java:logGet(43)) - raft.server.storage.dir = [/workdir/hadoop-ozone/integration-test/target/test-dir/MiniOzoneClusterImpl-06bc33bc-b6bc-4d69-8e6b-09fb0b06b8ae/datanode-5/data/ratis] (custom)
2019-10-11 07:13:17,328 [Datanode State Machine Thread - 0] INFO  ozoneimpl.OzoneContainer (OzoneContainer.java:start(213)) - Attempting to start container services.
2019-10-11 07:13:17,328 [Datanode State Machine Thread - 0] INFO  ozoneimpl.OzoneContainer (OzoneContainer.java:startContainerScrub(177)) - Background container scanner has been disabled.
2019-10-11 07:13:17,328 [Datanode State Machine Thread - 0] INFO  ratis.XceiverServerRatis (XceiverServerRatis.java:start(418)) - Starting XceiverServerRatis 9b39a305-34ae-417e-a6ef-c79dcd13344d at port 0
2019-10-11 07:13:17,341 [Datanode State Machine Thread - 0] INFO  impl.RaftServerProxy (RaftServerProxy.java:lambda$start$3(299)) - 9b39a305-34ae-417e-a6ef-c79dcd13344d: start RPC server
2019-10-11 07:13:17,342 [Datanode State Machine Thread - 0] INFO  server.GrpcService (GrpcService.java:startImpl(158)) - 9b39a305-34ae-417e-a6ef-c79dcd13344d: GrpcService started, listening on 0.0.0.0/0.0.0.0:38866
2019-10-11 07:13:17,342 [Datanode State Machine Thread - 0] INFO  ratis.XceiverServerRatis (XceiverServerRatis.java:start(428)) - XceiverServerRatis 9b39a305-34ae-417e-a6ef-c79dcd13344d is started using port 38866
2019-10-11 07:13:17,346 [Datanode State Machine Thread - 0] INFO  server.XceiverServerGrpc (XceiverServerGrpc.java:start(149)) - XceiverServerGrpc 9b39a305-34ae-417e-a6ef-c79dcd13344d is started using port 40191
2019-10-11 07:13:19,304 [IPC Server handler 6 on 43389] INFO  net.NetworkTopology (NetworkTopologyImpl.java:add(111)) - Added a new node: /default-rack/9b39a305-34ae-417e-a6ef-c79dcd13344d
2019-10-11 07:13:19,304 [IPC Server handler 6 on 43389] INFO  node.SCMNodeManager (SCMNodeManager.java:register(268)) - Registered Data node : 9b39a305-34ae-417e-a6ef-c79dcd13344d{ip: 192.168.164.209, host: pr-hdds-2206-npvv8-3563359771, networkLocation: /default-rack, certSerialId: null}
2019-10-11 07:13:19,316 [grpc-default-executor-3] INFO  impl.RaftServerProxy (RaftServerProxy.java:addNew(89)) - 9b39a305-34ae-417e-a6ef-c79dcd13344d: addNew group-22F403FCD89B:[9b39a305-34ae-417e-a6ef-c79dcd13344d:192.168.164.209:38866] returns group-22F403FCD89B:java.util.concurrent.CompletableFuture@76f80022[Not completed]
2019-10-11 07:13:19,317 [pool-423-thread-1] INFO  impl.RaftServerImpl (RaftServerImpl.java:<init>(95)) - 9b39a305-34ae-417e-a6ef-c79dcd13344d: new RaftServerImpl for group-22F403FCD89B:[9b39a305-34ae-417e-a6ef-c79dcd13344d:192.168.164.209:38866] with ContainerStateMachine:uninitialized
2019-10-11 07:13:19,318 [pool-423-thread-1] INFO  server.RaftServerConfigKeys (ConfUtils.java:logGet(43)) - raft.server.rpc.timeout.min = 5s (custom)
2019-10-11 07:13:19,318 [pool-423-thread-1] INFO  server.RaftServerConfigKeys (ConfUtils.java:logGet(43)) - raft.server.rpc.timeout.max = 5200ms (custom)
2019-10-11 07:13:19,318 [pool-423-thread-1] INFO  server.RaftServerConfigKeys (ConfUtils.java:logGet(43)) - raft.server.rpcslowness.timeout = 120s (custom)
2019-10-11 07:13:19,318 [pool-423-thread-1] INFO  server.RaftServerConfigKeys (ConfUtils.java:logGet(43)) - raft.server.sleep.deviation.threshold = 300 (default)
2019-10-11 07:13:19,318 [pool-423-thread-1] INFO  server.RaftServerConfigKeys (ConfUtils.java:logGet(43)) - raft.server.log.appender.install.snapshot.enabled = false (custom)
2019-10-11 07:13:19,318 [pool-423-thread-1] INFO  impl.RaftServerImpl (ServerState.java:<init>(103)) - 9b39a305-34ae-417e-a6ef-c79dcd13344d@group-22F403FCD89B: ConfigurationManager, init=-1: [9b39a305-34ae-417e-a6ef-c79dcd13344d:192.168.164.209:38866], old=null, confs=<EMPTY_MAP>
2019-10-11 07:13:19,319 [pool-423-thread-1] INFO  server.RaftServerConfigKeys (ConfUtils.java:logGet(43)) - raft.server.storage.dir = [/workdir/hadoop-ozone/integration-test/target/test-dir/MiniOzoneClusterImpl-06bc33bc-b6bc-4d69-8e6b-09fb0b06b8ae/datanode-4/data/ratis] (custom)
2019-10-11 07:13:19,319 [pool-423-thread-1] INFO  server.RaftServerConfigKeys (ConfUtils.java:logGet(43)) - raft.server.log.corruption.policy = EXCEPTION (default)
2019-10-11 07:13:19,319 [pool-423-thread-1] INFO  storage.RaftStorageDirectory (RaftStorageDirectory.java:analyzeStorage(246)) - The storage directory /workdir/hadoop-ozone/integration-test/target/test-dir/MiniOzoneClusterImpl-06bc33bc-b6bc-4d69-8e6b-09fb0b06b8ae/datanode-4/data/ratis/669fc2e7-c197-4c19-900f-22f403fcd89b does not exist. Creating ...
2019-10-11 07:13:19,342 [pool-423-thread-1] INFO  storage.RaftStorageDirectory (RaftStorageDirectory.java:tryLock(328)) - Lock on /workdir/hadoop-ozone/integration-test/target/test-dir/MiniOzoneClusterImpl-06bc33bc-b6bc-4d69-8e6b-09fb0b06b8ae/datanode-4/data/ratis/669fc2e7-c197-4c19-900f-22f403fcd89b/in_use.lock acquired by nodename 16310@pr-hdds-2206-npvv8-3563359771
2019-10-11 07:13:19,366 [pool-423-thread-1] INFO  storage.RaftStorage (RaftStorage.java:format(84)) - Storage directory /workdir/hadoop-ozone/integration-test/target/test-dir/MiniOzoneClusterImpl-06bc33bc-b6bc-4d69-8e6b-09fb0b06b8ae/datanode-4/data/ratis/669fc2e7-c197-4c19-900f-22f403fcd89b has been successfully formatted.
2019-10-11 07:13:19,366 [pool-423-thread-1] INFO  ratis.ContainerStateMachine (ContainerStateMachine.java:loadSnapshot(231)) - group-22F403FCD89B: The snapshot info is null. Setting the last applied indexto:(t:0, i:~)
2019-10-11 07:13:19,366 [pool-423-thread-1] INFO  server.RaftServerConfigKeys (ConfUtils.java:logGet(43)) - raft.server.notification.no-leader.timeout = 120s (custom)
2019-10-11 07:13:19,366 [pool-423-thread-1] INFO  server.RaftServerConfigKeys (ConfUtils.java:logGet(43)) - raft.server.log.use.memory = false (default)
2019-10-11 07:13:19,366 [pool-423-thread-1] INFO  server.RaftServerConfigKeys (ConfUtils.java:logGet(43)) - raft.server.log.purge.gap = 1000000 (custom)
2019-10-11 07:13:19,367 [pool-423-thread-1] INFO  server.RaftServerConfigKeys (ConfUtils.java:logGet(43)) - raft.server.log.appender.buffer.byte-limit = 33554432 (custom)
2019-10-11 07:13:19,367 [pool-423-thread-1] INFO  server.RaftServerConfigKeys (ConfUtils.java:logGet(43)) - raft.server.log.segment.size.max = 1048576 (custom)
2019-10-11 07:13:19,369 [pool-423-thread-1] INFO  server.RaftServerConfigKeys (ConfUtils.java:logGet(43)) - raft.server.log.segment.cache.num.max = 2 (custom)
2019-10-11 07:13:19,369 [pool-423-thread-1] INFO  segmented.SegmentedRaftLogWorker (SegmentedRaftLogWorker.java:<init>(173)) - new 9b39a305-34ae-417e-a6ef-c79dcd13344d@group-22F403FCD89B-SegmentedRaftLogWorker for RaftStorage:Storage Directory /workdir/hadoop-ozone/integration-test/target/test-dir/MiniOzoneClusterImpl-06bc33bc-b6bc-4d69-8e6b-09fb0b06b8ae/datanode-4/data/ratis/669fc2e7-c197-4c19-900f-22f403fcd89b
2019-10-11 07:13:19,369 [pool-423-thread-1] INFO  server.RaftServerConfigKeys (ConfUtils.java:logGet(43)) - raft.server.log.queue.byte-limit = 2147483647 (custom)
2019-10-11 07:13:19,369 [pool-423-thread-1] INFO  server.RaftServerConfigKeys (ConfUtils.java:logGet(43)) - raft.server.log.queue.element-limit = 1024 (custom)
2019-10-11 07:13:19,370 [pool-423-thread-1] INFO  server.RaftServerConfigKeys (ConfUtils.java:logGet(43)) - raft.server.log.segment.size.max = 1048576 (custom)
2019-10-11 07:13:19,370 [pool-423-thread-1] INFO  server.RaftServerConfigKeys (ConfUtils.java:logGet(43)) - raft.server.log.preallocated.size = 16384 (custom)
2019-10-11 07:13:19,370 [pool-423-thread-1] INFO  server.RaftServerConfigKeys (ConfUtils.java:logGet(43)) - raft.server.log.write.buffer.size = 33554432 (custom)
2019-10-11 07:13:19,370 [pool-423-thread-1] INFO  server.RaftServerConfigKeys (ConfUtils.java:logGet(43)) - raft.server.log.force.sync.num = 128 (default)
2019-10-11 07:13:19,370 [pool-423-thread-1] INFO  server.RaftServerConfigKeys (ConfUtils.java:logGet(43)) - raft.server.log.statemachine.data.sync = true (default)
2019-10-11 07:13:19,370 [pool-423-thread-1] INFO  server.RaftServerConfigKeys (ConfUtils.java:logGet(43)) - raft.server.log.statemachine.data.sync.timeout = 10s (default)
2019-10-11 07:13:19,370 [pool-423-thread-1] INFO  server.RaftServerConfigKeys (ConfUtils.java:logGet(43)) - raft.server.log.statemachine.data.sync.timeout.retry = -1 (default)
2019-10-11 07:13:19,371 [pool-423-thread-1] INFO  server.RaftServerConfigKeys (ConfUtils.java:logGet(43)) - raft.server.log.statemachine.data.caching.enabled = true (custom)
2019-10-11 07:13:19,371 [pool-423-thread-1] INFO  segmented.SegmentedRaftLogWorker (SegmentedRaftLogWorker.java:lambda$new$0(128)) - 9b39a305-34ae-417e-a6ef-c79dcd13344d@group-22F403FCD89B-SegmentedRaftLogWorker: flushIndex: setUnconditionally 0 -> -1
2019-10-11 07:13:19,371 [pool-423-thread-1] INFO  server.RaftServerConfigKeys (ConfUtils.java:logGet(43)) - raft.server.snapshot.auto.trigger.enabled = true (custom)
2019-10-11 07:13:19,372 [pool-423-thread-1] INFO  server.RaftServerConfigKeys (ConfUtils.java:logGet(43)) - raft.server.snapshot.auto.trigger.threshold = 10000 (custom)
2019-10-11 07:13:19,372 [pool-423-thread-1] INFO  server.RaftServerConfigKeys (ConfUtils.java:logGet(43)) - raft.server.snapshot.retention.file.num = 5 (custom)
2019-10-11 07:13:19,372 [pool-423-thread-1] INFO  server.RaftServerConfigKeys (ConfUtils.java:logGet(43)) - raft.server.retrycache.expirytime = 600000ms (custom)
2019-10-11 07:13:19,374 [pool-423-thread-1] INFO  impl.RaftServerImpl (RaftServerImpl.java:start(181)) - 9b39a305-34ae-417e-a6ef-c79dcd13344d@group-22F403FCD89B: start as a follower, conf=-1: [9b39a305-34ae-417e-a6ef-c79dcd13344d:192.168.164.209:38866], old=null
2019-10-11 07:13:19,374 [pool-423-thread-1] INFO  impl.RaftServerImpl (RaftServerImpl.java:setRole(170)) - 9b39a305-34ae-417e-a6ef-c79dcd13344d@group-22F403FCD89B: changes role from      null to FOLLOWER at term 0 for startAsFollower
2019-10-11 07:13:19,374 [pool-423-thread-1] INFO  impl.RoleInfo (RoleInfo.java:updateAndGet(143)) - 9b39a305-34ae-417e-a6ef-c79dcd13344d: start FollowerState
2019-10-11 07:13:19,375 [pool-423-thread-1] INFO  util.JmxRegister (JmxRegister.java:tryRegister(44)) - Successfully registered JMX Bean with object name Ratis:service=RaftServer,group=group-22F403FCD89B,id=9b39a305-34ae-417e-a6ef-c79dcd13344d
2019-10-11 07:13:19,385 [RatisPipelineUtilsThread] INFO  pipeline.PipelineStateManager (PipelineStateManager.java:addPipeline(56)) - Created pipeline Pipeline[ Id: 669fc2e7-c197-4c19-900f-22f403fcd89b, Nodes: 9b39a305-34ae-417e-a6ef-c79dcd13344d{ip: 192.168.164.209, host: pr-hdds-2206-npvv8-3563359771, networkLocation: /default-rack, certSerialId: null}, Type:RATIS, Factor:ONE, State:OPEN]
2019-10-11 07:13:20,355 [main] INFO  hdfs.DFSUtil (DFSUtil.java:httpServerTemplateForNNAndJN(1641)) - Starting Web-server for hddsDatanode at: http://0.0.0.0:0
2019-10-11 07:13:20,358 [main] INFO  server.AuthenticationFilter (AuthenticationFilter.java:constructSecretProvider(240)) - Unable to initialize FileSignerSecretProvider, falling back to use random secrets.
2019-10-11 07:13:20,358 [main] WARN  http.HttpRequestLog (HttpRequestLog.java:getRequestLog(97)) - Jetty request log can only be enabled using Log4j
2019-10-11 07:13:20,361 [main] INFO  http.HttpServer2 (HttpServer2.java:addGlobalFilter(975)) - Added global filter 'safety' (class=org.apache.hadoop.http.HttpServer2$QuotingInputFilter)
2019-10-11 07:13:20,361 [main] INFO  http.HttpServer2 (HttpServer2.java:addFilter(948)) - Added filter static_user_filter (class=org.apache.hadoop.http.lib.StaticUserWebFilter$StaticUserFilter) to context hddsDatanode
2019-10-11 07:13:20,362 [main] INFO  http.HttpServer2 (HttpServer2.java:addFilter(958)) - Added filter static_user_filter (class=org.apache.hadoop.http.lib.StaticUserWebFilter$StaticUserFilter) to context static
2019-10-11 07:13:20,362 [main] INFO  http.HttpServer2 (HttpServer2.java:addFilter(958)) - Added filter static_user_filter (class=org.apache.hadoop.http.lib.StaticUserWebFilter$StaticUserFilter) to context logs
2019-10-11 07:13:20,363 [main] INFO  http.HttpServer2 (HttpServer2.java:bindListener(1191)) - Jetty bound to port 41460
2019-10-11 07:13:20,363 [main] INFO  server.Server (Server.java:doStart(351)) - jetty-9.3.25.v20180904, build timestamp: 2018-09-04T21:11:46Z, git hash: 3ce520221d0240229c862b122d2b06c12a625732
2019-10-11 07:13:20,366 [main] INFO  handler.ContextHandler (ContextHandler.java:doStart(781)) - Started o.e.j.s.ServletContextHandler@42a0786f{/logs,file:///workdir/hadoop-ozone/integration-test/target/log,AVAILABLE}
2019-10-11 07:13:20,367 [main] INFO  handler.ContextHandler (ContextHandler.java:doStart(781)) - Started o.e.j.s.ServletContextHandler@203e705e{/static,jar:file:/home/user/.m2/repository/org/apache/hadoop/hadoop-hdds-container-service/0.5.0-SNAPSHOT/hadoop-hdds-container-service-0.5.0-SNAPSHOT.jar!/webapps/static,AVAILABLE}
2019-10-11 07:13:20,413 [main] INFO  handler.ContextHandler (ContextHandler.java:doStart(781)) - Started o.e.j.w.WebAppContext@ceb7701{/,file:///tmp/jetty-0.0.0.0-41460-hddsDatanode-_-any-4440377664806717866.dir/webapp/,AVAILABLE}{/hddsDatanode}
2019-10-11 07:13:20,414 [main] INFO  server.AbstractConnector (AbstractConnector.java:doStart(278)) - Started ServerConnector@5e193ef5{HTTP/1.1,[http/1.1]}{0.0.0.0:41460}
2019-10-11 07:13:20,420 [main] INFO  server.Server (Server.java:doStart(419)) - Started @447581ms
2019-10-11 07:13:20,420 [main] WARN  impl.MetricsSystemImpl (MetricsSystemImpl.java:register(276)) - Sink prometheus already exists!
2019-10-11 07:13:20,421 [main] INFO  server.BaseHttpServer (BaseHttpServer.java:updateConnectorAddress(215)) - HTTP server of HDDSDATANODE is listening at http://0.0.0.0:41460
2019-10-11 07:13:20,421 [main] INFO  impl.MetricsSystemImpl (MetricsSystemImpl.java:init(158)) - HddsDatanode metrics system started (again)
2019-10-11 07:13:20,474 [org.apache.hadoop.util.JvmPauseMonitor$Monitor@145fe2ae] INFO  util.JvmPauseMonitor (JvmPauseMonitor.java:run(188)) - Starting JVM pause monitor
2019-10-11 07:13:20,475 [Datanode State Machine Thread - 0] INFO  datanode.InitDatanodeState (InitDatanodeState.java:persistContainerDatanodeDetails(140)) - DatanodeDetails is persisted to /workdir/hadoop-ozone/integration-test/target/test-dir/MiniOzoneClusterImpl-06bc33bc-b6bc-4d69-8e6b-09fb0b06b8ae/datanode-5/meta/datanode.id
2019-10-11 07:13:20,476 [main] INFO  ozone.HddsDatanodeService (HddsDatanodeService.java:start(184)) - HddsDatanodeService host:pr-hdds-2206-npvv8-3563359771 ip:192.168.164.209
2019-10-11 07:13:20,490 [main] INFO  volume.HddsVolume (HddsVolume.java:<init>(176)) - Creating Volume: /workdir/hadoop-ozone/integration-test/target/test-dir/MiniOzoneClusterImpl-06bc33bc-b6bc-4d69-8e6b-09fb0b06b8ae/datanode-6/data/containers/hdds of  storage type : DISK and capacity : 1482555576320
2019-10-11 07:13:20,490 [main] INFO  volume.VolumeSet (VolumeSet.java:initializeVolumeSet(170)) - Added Volume : /workdir/hadoop-ozone/integration-test/target/test-dir/MiniOzoneClusterImpl-06bc33bc-b6bc-4d69-8e6b-09fb0b06b8ae/datanode-6/data/containers/hdds to VolumeSet
2019-10-11 07:13:20,490 [main] INFO  volume.ThrottledAsyncChecker (ThrottledAsyncChecker.java:schedule(141)) - Scheduling a check for org.apache.hadoop.ozone.container.common.volume.HddsVolume@2c8b8de0
2019-10-11 07:13:20,491 [main] INFO  volume.HddsVolumeChecker (HddsVolumeChecker.java:checkAllVolumes(204)) - Scheduled health check for volume org.apache.hadoop.ozone.container.common.volume.HddsVolume@2c8b8de0
2019-10-11 07:13:20,507 [main] INFO  impl.RaftServerProxy (ConfUtils.java:logGet(43)) - raft.rpc.type = GRPC (default)
2019-10-11 07:13:20,508 [main] INFO  grpc.GrpcFactory (GrpcFactory.java:checkPooledByteBufAllocatorUseCacheForAllThreads(45)) - PERFORMANCE WARNING: useCacheForAllThreads is true that may cause Netty to create a lot garbage objects and, as a result, trigger GC.
	It is recommended to disable useCacheForAllThreads by setting -Dorg.apache.ratis.thirdparty.io.netty.allocator.useCacheForAllThreads=false in command line.
2019-10-11 07:13:20,508 [main] INFO  grpc.GrpcConfigKeys$Server (ConfUtils.java:logGet(43)) - raft.grpc.server.port = 0 (default)
2019-10-11 07:13:20,508 [main] INFO  server.GrpcService (ConfUtils.java:logGet(43)) - raft.grpc.message.size.max = 33570816 (custom)
2019-10-11 07:13:20,508 [main] INFO  server.RaftServerConfigKeys (ConfUtils.java:logGet(43)) - raft.server.log.appender.buffer.byte-limit = 33554432 (custom)
2019-10-11 07:13:20,508 [main] INFO  server.GrpcService (ConfUtils.java:logGet(43)) - raft.grpc.flow.control.window = 1MB (=1048576) (default)
2019-10-11 07:13:20,508 [main] INFO  server.RaftServerConfigKeys (ConfUtils.java:logGet(43)) - raft.server.rpc.request.timeout = 3000ms (default)
2019-10-11 07:13:20,509 [main] INFO  server.RaftServerConfigKeys (ConfUtils.java:logGet(43)) - raft.server.storage.dir = [/workdir/hadoop-ozone/integration-test/target/test-dir/MiniOzoneClusterImpl-06bc33bc-b6bc-4d69-8e6b-09fb0b06b8ae/datanode-6/data/ratis] (custom)
2019-10-11 07:13:20,510 [main] INFO  hdfs.DFSUtil (DFSUtil.java:httpServerTemplateForNNAndJN(1641)) - Starting Web-server for hddsDatanode at: http://0.0.0.0:0
2019-10-11 07:13:20,512 [main] INFO  server.AuthenticationFilter (AuthenticationFilter.java:constructSecretProvider(240)) - Unable to initialize FileSignerSecretProvider, falling back to use random secrets.
2019-10-11 07:13:20,513 [main] WARN  http.HttpRequestLog (HttpRequestLog.java:getRequestLog(97)) - Jetty request log can only be enabled using Log4j
2019-10-11 07:13:20,515 [main] INFO  http.HttpServer2 (HttpServer2.java:addGlobalFilter(975)) - Added global filter 'safety' (class=org.apache.hadoop.http.HttpServer2$QuotingInputFilter)
2019-10-11 07:13:20,516 [main] INFO  http.HttpServer2 (HttpServer2.java:addFilter(948)) - Added filter static_user_filter (class=org.apache.hadoop.http.lib.StaticUserWebFilter$StaticUserFilter) to context hddsDatanode
2019-10-11 07:13:20,516 [main] INFO  http.HttpServer2 (HttpServer2.java:addFilter(958)) - Added filter static_user_filter (class=org.apache.hadoop.http.lib.StaticUserWebFilter$StaticUserFilter) to context static
2019-10-11 07:13:20,516 [main] INFO  http.HttpServer2 (HttpServer2.java:addFilter(958)) - Added filter static_user_filter (class=org.apache.hadoop.http.lib.StaticUserWebFilter$StaticUserFilter) to context logs
2019-10-11 07:13:20,517 [main] INFO  http.HttpServer2 (HttpServer2.java:bindListener(1191)) - Jetty bound to port 37348
2019-10-11 07:13:20,517 [main] INFO  server.Server (Server.java:doStart(351)) - jetty-9.3.25.v20180904, build timestamp: 2018-09-04T21:11:46Z, git hash: 3ce520221d0240229c862b122d2b06c12a625732
2019-10-11 07:13:20,520 [main] INFO  handler.ContextHandler (ContextHandler.java:doStart(781)) - Started o.e.j.s.ServletContextHandler@78116659{/logs,file:///workdir/hadoop-ozone/integration-test/target/log,AVAILABLE}
2019-10-11 07:13:20,520 [main] INFO  handler.ContextHandler (ContextHandler.java:doStart(781)) - Started o.e.j.s.ServletContextHandler@53ea380b{/static,jar:file:/home/user/.m2/repository/org/apache/hadoop/hadoop-hdds-container-service/0.5.0-SNAPSHOT/hadoop-hdds-container-service-0.5.0-SNAPSHOT.jar!/webapps/static,AVAILABLE}
2019-10-11 07:13:20,564 [main] INFO  handler.ContextHandler (ContextHandler.java:doStart(781)) - Started o.e.j.w.WebAppContext@56fda064{/,file:///tmp/jetty-0.0.0.0-37348-hddsDatanode-_-any-6545751390623107632.dir/webapp/,AVAILABLE}{/hddsDatanode}
2019-10-11 07:13:20,564 [main] INFO  server.AbstractConnector (AbstractConnector.java:doStart(278)) - Started ServerConnector@6cdee57{HTTP/1.1,[http/1.1]}{0.0.0.0:37348}
2019-10-11 07:13:20,570 [main] INFO  server.Server (Server.java:doStart(419)) - Started @447732ms
2019-10-11 07:13:20,571 [main] WARN  impl.MetricsSystemImpl (MetricsSystemImpl.java:register(276)) - Sink prometheus already exists!
2019-10-11 07:13:22,499 [Datanode State Machine Thread - 0] INFO  ozoneimpl.OzoneContainer (OzoneContainer.java:start(213)) - Attempting to start container services.
2019-10-11 07:13:22,499 [Datanode State Machine Thread - 0] INFO  ozoneimpl.OzoneContainer (OzoneContainer.java:startContainerScrub(177)) - Background container scanner has been disabled.
2019-10-11 07:13:22,499 [Datanode State Machine Thread - 0] INFO  ratis.XceiverServerRatis (XceiverServerRatis.java:start(418)) - Starting XceiverServerRatis 9f8cfb01-db61-46a1-9811-99159b4e7961 at port 0
2019-10-11 07:13:22,514 [Datanode State Machine Thread - 0] INFO  impl.RaftServerProxy (RaftServerProxy.java:lambda$start$3(299)) - 9f8cfb01-db61-46a1-9811-99159b4e7961: start RPC server
2019-10-11 07:13:22,519 [Datanode State Machine Thread - 0] INFO  server.GrpcService (GrpcService.java:startImpl(158)) - 9f8cfb01-db61-46a1-9811-99159b4e7961: GrpcService started, listening on 0.0.0.0/0.0.0.0:43739
2019-10-11 07:13:22,519 [Datanode State Machine Thread - 0] INFO  ratis.XceiverServerRatis (XceiverServerRatis.java:start(428)) - XceiverServerRatis 9f8cfb01-db61-46a1-9811-99159b4e7961 is started using port 43739
2019-10-11 07:13:22,520 [Datanode State Machine Thread - 0] INFO  server.XceiverServerGrpc (XceiverServerGrpc.java:start(149)) - XceiverServerGrpc 9f8cfb01-db61-46a1-9811-99159b4e7961 is started using port 36733
2019-10-11 07:13:24,475 [IPC Server handler 19 on 43389] INFO  net.NetworkTopology (NetworkTopologyImpl.java:add(111)) - Added a new node: /default-rack/9f8cfb01-db61-46a1-9811-99159b4e7961
2019-10-11 07:13:24,476 [IPC Server handler 19 on 43389] INFO  node.SCMNodeManager (SCMNodeManager.java:register(268)) - Registered Data node : 9f8cfb01-db61-46a1-9811-99159b4e7961{ip: 192.168.164.209, host: pr-hdds-2206-npvv8-3563359771, networkLocation: /default-rack, certSerialId: null}
2019-10-11 07:13:24,516 [grpc-default-executor-3] INFO  impl.RaftServerProxy (RaftServerProxy.java:addNew(89)) - 9f8cfb01-db61-46a1-9811-99159b4e7961: addNew group-1AB6354DF5A0:[9f8cfb01-db61-46a1-9811-99159b4e7961:192.168.164.209:43739] returns group-1AB6354DF5A0:java.util.concurrent.CompletableFuture@6c9c9bda[Not completed]
2019-10-11 07:13:24,517 [pool-433-thread-1] INFO  impl.RaftServerImpl (RaftServerImpl.java:<init>(95)) - 9f8cfb01-db61-46a1-9811-99159b4e7961: new RaftServerImpl for group-1AB6354DF5A0:[9f8cfb01-db61-46a1-9811-99159b4e7961:192.168.164.209:43739] with ContainerStateMachine:uninitialized
2019-10-11 07:13:24,517 [pool-433-thread-1] INFO  server.RaftServerConfigKeys (ConfUtils.java:logGet(43)) - raft.server.rpc.timeout.min = 5s (custom)
2019-10-11 07:13:24,518 [pool-433-thread-1] INFO  server.RaftServerConfigKeys (ConfUtils.java:logGet(43)) - raft.server.rpc.timeout.max = 5200ms (custom)
2019-10-11 07:13:24,518 [pool-433-thread-1] INFO  server.RaftServerConfigKeys (ConfUtils.java:logGet(43)) - raft.server.rpcslowness.timeout = 120s (custom)
2019-10-11 07:13:24,518 [pool-433-thread-1] INFO  server.RaftServerConfigKeys (ConfUtils.java:logGet(43)) - raft.server.sleep.deviation.threshold = 300 (default)
2019-10-11 07:13:24,518 [pool-433-thread-1] INFO  server.RaftServerConfigKeys (ConfUtils.java:logGet(43)) - raft.server.log.appender.install.snapshot.enabled = false (custom)
2019-10-11 07:13:24,518 [pool-433-thread-1] INFO  impl.RaftServerImpl (ServerState.java:<init>(103)) - 9f8cfb01-db61-46a1-9811-99159b4e7961@group-1AB6354DF5A0: ConfigurationManager, init=-1: [9f8cfb01-db61-46a1-9811-99159b4e7961:192.168.164.209:43739], old=null, confs=<EMPTY_MAP>
2019-10-11 07:13:24,518 [pool-433-thread-1] INFO  server.RaftServerConfigKeys (ConfUtils.java:logGet(43)) - raft.server.storage.dir = [/workdir/hadoop-ozone/integration-test/target/test-dir/MiniOzoneClusterImpl-06bc33bc-b6bc-4d69-8e6b-09fb0b06b8ae/datanode-5/data/ratis] (custom)
2019-10-11 07:13:24,519 [pool-433-thread-1] INFO  server.RaftServerConfigKeys (ConfUtils.java:logGet(43)) - raft.server.log.corruption.policy = EXCEPTION (default)
2019-10-11 07:13:24,519 [pool-433-thread-1] INFO  storage.RaftStorageDirectory (RaftStorageDirectory.java:analyzeStorage(246)) - The storage directory /workdir/hadoop-ozone/integration-test/target/test-dir/MiniOzoneClusterImpl-06bc33bc-b6bc-4d69-8e6b-09fb0b06b8ae/datanode-5/data/ratis/fedbc733-9756-4469-b9d1-1ab6354df5a0 does not exist. Creating ...
2019-10-11 07:13:24,530 [Thread-2632] INFO  impl.FollowerState (FollowerState.java:run(108)) - 9b39a305-34ae-417e-a6ef-c79dcd13344d@group-22F403FCD89B-FollowerState: change to CANDIDATE, lastRpcTime:5155ms, electionTimeout:5155ms
2019-10-11 07:13:24,530 [Thread-2632] INFO  impl.RoleInfo (RoleInfo.java:shutdownFollowerState(121)) - 9b39a305-34ae-417e-a6ef-c79dcd13344d: shutdown FollowerState
2019-10-11 07:13:24,530 [Thread-2632] INFO  impl.RaftServerImpl (RaftServerImpl.java:setRole(170)) - 9b39a305-34ae-417e-a6ef-c79dcd13344d@group-22F403FCD89B: changes role from  FOLLOWER to CANDIDATE at term 0 for changeToCandidate
2019-10-11 07:13:24,530 [Thread-2632] INFO  impl.RoleInfo (RoleInfo.java:updateAndGet(143)) - 9b39a305-34ae-417e-a6ef-c79dcd13344d: start LeaderElection
2019-10-11 07:13:24,542 [pool-433-thread-1] INFO  storage.RaftStorageDirectory (RaftStorageDirectory.java:tryLock(328)) - Lock on /workdir/hadoop-ozone/integration-test/target/test-dir/MiniOzoneClusterImpl-06bc33bc-b6bc-4d69-8e6b-09fb0b06b8ae/datanode-5/data/ratis/fedbc733-9756-4469-b9d1-1ab6354df5a0/in_use.lock acquired by nodename 16310@pr-hdds-2206-npvv8-3563359771
2019-10-11 07:13:24,567 [pool-433-thread-1] INFO  storage.RaftStorage (RaftStorage.java:format(84)) - Storage directory /workdir/hadoop-ozone/integration-test/target/test-dir/MiniOzoneClusterImpl-06bc33bc-b6bc-4d69-8e6b-09fb0b06b8ae/datanode-5/data/ratis/fedbc733-9756-4469-b9d1-1ab6354df5a0 has been successfully formatted.
2019-10-11 07:13:24,567 [9b39a305-34ae-417e-a6ef-c79dcd13344d@group-22F403FCD89B-LeaderElection84] INFO  impl.LeaderElection (LeaderElection.java:askForVotes(178)) - 9b39a305-34ae-417e-a6ef-c79dcd13344d@group-22F403FCD89B-LeaderElection84: begin an election at term 1 for -1: [9b39a305-34ae-417e-a6ef-c79dcd13344d:192.168.164.209:38866], old=null
2019-10-11 07:13:24,567 [pool-433-thread-1] INFO  ratis.ContainerStateMachine (ContainerStateMachine.java:loadSnapshot(231)) - group-1AB6354DF5A0: The snapshot info is null. Setting the last applied indexto:(t:0, i:~)
2019-10-11 07:13:24,567 [9b39a305-34ae-417e-a6ef-c79dcd13344d@group-22F403FCD89B-LeaderElection84] INFO  impl.RoleInfo (RoleInfo.java:shutdownLeaderElection(134)) - 9b39a305-34ae-417e-a6ef-c79dcd13344d: shutdown LeaderElection
2019-10-11 07:13:24,568 [pool-433-thread-1] INFO  server.RaftServerConfigKeys (ConfUtils.java:logGet(43)) - raft.server.notification.no-leader.timeout = 120s (custom)
2019-10-11 07:13:24,568 [9b39a305-34ae-417e-a6ef-c79dcd13344d@group-22F403FCD89B-LeaderElection84] INFO  impl.RaftServerImpl (RaftServerImpl.java:setRole(170)) - 9b39a305-34ae-417e-a6ef-c79dcd13344d@group-22F403FCD89B: changes role from CANDIDATE to LEADER at term 1 for changeToLeader
2019-10-11 07:13:24,568 [pool-433-thread-1] INFO  server.RaftServerConfigKeys (ConfUtils.java:logGet(43)) - raft.server.log.use.memory = false (default)
2019-10-11 07:13:24,568 [9b39a305-34ae-417e-a6ef-c79dcd13344d@group-22F403FCD89B-LeaderElection84] INFO  impl.RaftServerImpl (ServerState.java:setLeader(255)) - 9b39a305-34ae-417e-a6ef-c79dcd13344d@group-22F403FCD89B: change Leader from null to 9b39a305-34ae-417e-a6ef-c79dcd13344d at term 1 for becomeLeader, leader elected after 5201ms
2019-10-11 07:13:24,568 [pool-433-thread-1] INFO  server.RaftServerConfigKeys (ConfUtils.java:logGet(43)) - raft.server.log.purge.gap = 1000000 (custom)
2019-10-11 07:13:24,568 [9b39a305-34ae-417e-a6ef-c79dcd13344d@group-22F403FCD89B-LeaderElection84] INFO  server.RaftServerConfigKeys (ConfUtils.java:logGet(43)) - raft.server.staging.catchup.gap = 1000 (default)
2019-10-11 07:13:24,568 [pool-433-thread-1] INFO  server.RaftServerConfigKeys (ConfUtils.java:logGet(43)) - raft.server.log.appender.buffer.byte-limit = 33554432 (custom)
2019-10-11 07:13:24,568 [9b39a305-34ae-417e-a6ef-c79dcd13344d@group-22F403FCD89B-LeaderElection84] INFO  server.RaftServerConfigKeys (ConfUtils.java:logGet(43)) - raft.server.rpc.sleep.time = 25ms (default)
2019-10-11 07:13:24,569 [pool-433-thread-1] INFO  server.RaftServerConfigKeys (ConfUtils.java:logGet(43)) - raft.server.log.segment.size.max = 1048576 (custom)
2019-10-11 07:13:24,569 [9b39a305-34ae-417e-a6ef-c79dcd13344d@group-22F403FCD89B-LeaderElection84] INFO  server.RaftServerConfigKeys (ConfUtils.java:logGet(43)) - raft.server.write.element-limit = 4096 (default)
2019-10-11 07:13:24,569 [9b39a305-34ae-417e-a6ef-c79dcd13344d@group-22F403FCD89B-LeaderElection84] INFO  server.RaftServerConfigKeys (ConfUtils.java:logGet(43)) - raft.server.watch.timeout = 10s (default)
2019-10-11 07:13:24,569 [9b39a305-34ae-417e-a6ef-c79dcd13344d@group-22F403FCD89B-LeaderElection84] INFO  server.RaftServerConfigKeys (ConfUtils.java:logGet(43)) - raft.server.watch.timeout.denomination = 1s (default)
2019-10-11 07:13:24,569 [9b39a305-34ae-417e-a6ef-c79dcd13344d@group-22F403FCD89B-LeaderElection84] INFO  server.RaftServerConfigKeys (ConfUtils.java:logGet(43)) - raft.server.watch.element-limit = 65536 (default)
2019-10-11 07:13:24,571 [pool-433-thread-1] INFO  server.RaftServerConfigKeys (ConfUtils.java:logGet(43)) - raft.server.log.segment.cache.num.max = 2 (custom)
2019-10-11 07:13:24,571 [pool-433-thread-1] INFO  segmented.SegmentedRaftLogWorker (SegmentedRaftLogWorker.java:<init>(173)) - new 9f8cfb01-db61-46a1-9811-99159b4e7961@group-1AB6354DF5A0-SegmentedRaftLogWorker for RaftStorage:Storage Directory /workdir/hadoop-ozone/integration-test/target/test-dir/MiniOzoneClusterImpl-06bc33bc-b6bc-4d69-8e6b-09fb0b06b8ae/datanode-5/data/ratis/fedbc733-9756-4469-b9d1-1ab6354df5a0
2019-10-11 07:13:24,571 [pool-433-thread-1] INFO  server.RaftServerConfigKeys (ConfUtils.java:logGet(43)) - raft.server.log.queue.byte-limit = 2147483647 (custom)
2019-10-11 07:13:24,572 [9b39a305-34ae-417e-a6ef-c79dcd13344d@group-22F403FCD89B-LeaderElection84] INFO  impl.RoleInfo (RoleInfo.java:updateAndGet(143)) - 9b39a305-34ae-417e-a6ef-c79dcd13344d: start LeaderState
2019-10-11 07:13:24,572 [pool-433-thread-1] INFO  server.RaftServerConfigKeys (ConfUtils.java:logGet(43)) - raft.server.log.queue.element-limit = 1024 (custom)
2019-10-11 07:13:24,572 [pool-433-thread-1] INFO  server.RaftServerConfigKeys (ConfUtils.java:logGet(43)) - raft.server.log.segment.size.max = 1048576 (custom)
2019-10-11 07:13:24,572 [9b39a305-34ae-417e-a6ef-c79dcd13344d@group-22F403FCD89B-LeaderElection84] INFO  segmented.SegmentedRaftLogWorker (SegmentedRaftLogWorker.java:startLogSegment(385)) - 9b39a305-34ae-417e-a6ef-c79dcd13344d@group-22F403FCD89B-SegmentedRaftLogWorker: Starting segment from index:0
2019-10-11 07:13:24,572 [pool-433-thread-1] INFO  server.RaftServerConfigKeys (ConfUtils.java:logGet(43)) - raft.server.log.preallocated.size = 16384 (custom)
2019-10-11 07:13:24,572 [pool-433-thread-1] INFO  server.RaftServerConfigKeys (ConfUtils.java:logGet(43)) - raft.server.log.write.buffer.size = 33554432 (custom)
2019-10-11 07:13:24,573 [pool-433-thread-1] INFO  server.RaftServerConfigKeys (ConfUtils.java:logGet(43)) - raft.server.log.force.sync.num = 128 (default)
2019-10-11 07:13:24,573 [pool-433-thread-1] INFO  server.RaftServerConfigKeys (ConfUtils.java:logGet(43)) - raft.server.log.statemachine.data.sync = true (default)
2019-10-11 07:13:24,573 [9b39a305-34ae-417e-a6ef-c79dcd13344d@group-22F403FCD89B-LeaderElection84] INFO  impl.RaftServerImpl (ServerState.java:setRaftConf(356)) - 9b39a305-34ae-417e-a6ef-c79dcd13344d@group-22F403FCD89B: set configuration 0: [9b39a305-34ae-417e-a6ef-c79dcd13344d:192.168.164.209:38866], old=null at 0
2019-10-11 07:13:24,573 [pool-433-thread-1] INFO  server.RaftServerConfigKeys (ConfUtils.java:logGet(43)) - raft.server.log.statemachine.data.sync.timeout = 10s (default)
2019-10-11 07:13:24,573 [pool-433-thread-1] INFO  server.RaftServerConfigKeys (ConfUtils.java:logGet(43)) - raft.server.log.statemachine.data.sync.timeout.retry = -1 (default)
2019-10-11 07:13:24,574 [pool-433-thread-1] INFO  server.RaftServerConfigKeys (ConfUtils.java:logGet(43)) - raft.server.log.statemachine.data.caching.enabled = true (custom)
2019-10-11 07:13:24,574 [pool-433-thread-1] INFO  segmented.SegmentedRaftLogWorker (SegmentedRaftLogWorker.java:lambda$new$0(128)) - 9f8cfb01-db61-46a1-9811-99159b4e7961@group-1AB6354DF5A0-SegmentedRaftLogWorker: flushIndex: setUnconditionally 0 -> -1
2019-10-11 07:13:24,574 [pool-433-thread-1] INFO  server.RaftServerConfigKeys (ConfUtils.java:logGet(43)) - raft.server.snapshot.auto.trigger.enabled = true (custom)
2019-10-11 07:13:24,575 [pool-433-thread-1] INFO  server.RaftServerConfigKeys (ConfUtils.java:logGet(43)) - raft.server.snapshot.auto.trigger.threshold = 10000 (custom)
2019-10-11 07:13:24,575 [pool-433-thread-1] INFO  server.RaftServerConfigKeys (ConfUtils.java:logGet(43)) - raft.server.snapshot.retention.file.num = 5 (custom)
2019-10-11 07:13:24,575 [pool-433-thread-1] INFO  server.RaftServerConfigKeys (ConfUtils.java:logGet(43)) - raft.server.retrycache.expirytime = 600000ms (custom)
2019-10-11 07:13:24,578 [pool-433-thread-1] INFO  impl.RaftServerImpl (RaftServerImpl.java:start(181)) - 9f8cfb01-db61-46a1-9811-99159b4e7961@group-1AB6354DF5A0: start as a follower, conf=-1: [9f8cfb01-db61-46a1-9811-99159b4e7961:192.168.164.209:43739], old=null
2019-10-11 07:13:24,578 [pool-433-thread-1] INFO  impl.RaftServerImpl (RaftServerImpl.java:setRole(170)) - 9f8cfb01-db61-46a1-9811-99159b4e7961@group-1AB6354DF5A0: changes role from      null to FOLLOWER at term 0 for startAsFollower
2019-10-11 07:13:24,578 [pool-433-thread-1] INFO  impl.RoleInfo (RoleInfo.java:updateAndGet(143)) - 9f8cfb01-db61-46a1-9811-99159b4e7961: start FollowerState
2019-10-11 07:13:24,578 [pool-433-thread-1] INFO  util.JmxRegister (JmxRegister.java:tryRegister(44)) - Successfully registered JMX Bean with object name Ratis:service=RaftServer,group=group-1AB6354DF5A0,id=9f8cfb01-db61-46a1-9811-99159b4e7961
2019-10-11 07:13:24,607 [RatisPipelineUtilsThread] INFO  pipeline.PipelineStateManager (PipelineStateManager.java:addPipeline(56)) - Created pipeline Pipeline[ Id: fedbc733-9756-4469-b9d1-1ab6354df5a0, Nodes: 9f8cfb01-db61-46a1-9811-99159b4e7961{ip: 192.168.164.209, host: pr-hdds-2206-npvv8-3563359771, networkLocation: /default-rack, certSerialId: null}, Type:RATIS, Factor:ONE, State:OPEN]
2019-10-11 07:13:24,625 [grpc-default-executor-7] INFO  impl.RaftServerProxy (RaftServerProxy.java:addNew(89)) - 9b39a305-34ae-417e-a6ef-c79dcd13344d: addNew group-444B4C1F2A64:[4973ad19-ef58-44f1-8a76-510d167e8382:192.168.164.209:39934, 9f8cfb01-db61-46a1-9811-99159b4e7961:192.168.164.209:43739, 9b39a305-34ae-417e-a6ef-c79dcd13344d:192.168.164.209:38866] returns group-444B4C1F2A64:java.util.concurrent.CompletableFuture@16aa2518[Not completed]
2019-10-11 07:13:24,625 [grpc-default-executor-6] INFO  impl.RaftServerProxy (RaftServerProxy.java:addNew(89)) - 4973ad19-ef58-44f1-8a76-510d167e8382: addNew group-444B4C1F2A64:[4973ad19-ef58-44f1-8a76-510d167e8382:192.168.164.209:39934, 9f8cfb01-db61-46a1-9811-99159b4e7961:192.168.164.209:43739, 9b39a305-34ae-417e-a6ef-c79dcd13344d:192.168.164.209:38866] returns group-444B4C1F2A64:java.util.concurrent.CompletableFuture@42615532[Not completed]
2019-10-11 07:13:24,625 [grpc-default-executor-3] INFO  impl.RaftServerProxy (RaftServerProxy.java:addNew(89)) - 9f8cfb01-db61-46a1-9811-99159b4e7961: addNew group-444B4C1F2A64:[4973ad19-ef58-44f1-8a76-510d167e8382:192.168.164.209:39934, 9f8cfb01-db61-46a1-9811-99159b4e7961:192.168.164.209:43739, 9b39a305-34ae-417e-a6ef-c79dcd13344d:192.168.164.209:38866] returns group-444B4C1F2A64:java.util.concurrent.CompletableFuture@48c02f3[Not completed]
2019-10-11 07:13:24,627 [pool-413-thread-1] INFO  impl.RaftServerImpl (RaftServerImpl.java:<init>(95)) - 4973ad19-ef58-44f1-8a76-510d167e8382: new RaftServerImpl for group-444B4C1F2A64:[4973ad19-ef58-44f1-8a76-510d167e8382:192.168.164.209:39934, 9f8cfb01-db61-46a1-9811-99159b4e7961:192.168.164.209:43739, 9b39a305-34ae-417e-a6ef-c79dcd13344d:192.168.164.209:38866] with ContainerStateMachine:uninitialized
2019-10-11 07:13:24,627 [pool-413-thread-1] INFO  server.RaftServerConfigKeys (ConfUtils.java:logGet(43)) - raft.server.rpc.timeout.min = 5s (custom)
2019-10-11 07:13:24,627 [pool-413-thread-1] INFO  server.RaftServerConfigKeys (ConfUtils.java:logGet(43)) - raft.server.rpc.timeout.max = 5200ms (custom)
2019-10-11 07:13:24,627 [pool-433-thread-1] INFO  impl.RaftServerImpl (RaftServerImpl.java:<init>(95)) - 9f8cfb01-db61-46a1-9811-99159b4e7961: new RaftServerImpl for group-444B4C1F2A64:[4973ad19-ef58-44f1-8a76-510d167e8382:192.168.164.209:39934, 9f8cfb01-db61-46a1-9811-99159b4e7961:192.168.164.209:43739, 9b39a305-34ae-417e-a6ef-c79dcd13344d:192.168.164.209:38866] with ContainerStateMachine:uninitialized
2019-10-11 07:13:24,627 [pool-413-thread-1] INFO  server.RaftServerConfigKeys (ConfUtils.java:logGet(43)) - raft.server.rpcslowness.timeout = 120s (custom)
2019-10-11 07:13:24,628 [pool-433-thread-1] INFO  server.RaftServerConfigKeys (ConfUtils.java:logGet(43)) - raft.server.rpc.timeout.min = 5s (custom)
2019-10-11 07:13:24,628 [pool-413-thread-1] INFO  server.RaftServerConfigKeys (ConfUtils.java:logGet(43)) - raft.server.sleep.deviation.threshold = 300 (default)
2019-10-11 07:13:24,628 [pool-433-thread-1] INFO  server.RaftServerConfigKeys (ConfUtils.java:logGet(43)) - raft.server.rpc.timeout.max = 5200ms (custom)
2019-10-11 07:13:24,628 [pool-413-thread-1] INFO  server.RaftServerConfigKeys (ConfUtils.java:logGet(43)) - raft.server.log.appender.install.snapshot.enabled = false (custom)
2019-10-11 07:13:24,628 [pool-423-thread-1] INFO  impl.RaftServerImpl (RaftServerImpl.java:<init>(95)) - 9b39a305-34ae-417e-a6ef-c79dcd13344d: new RaftServerImpl for group-444B4C1F2A64:[4973ad19-ef58-44f1-8a76-510d167e8382:192.168.164.209:39934, 9f8cfb01-db61-46a1-9811-99159b4e7961:192.168.164.209:43739, 9b39a305-34ae-417e-a6ef-c79dcd13344d:192.168.164.209:38866] with ContainerStateMachine:uninitialized
2019-10-11 07:13:24,628 [pool-413-thread-1] INFO  impl.RaftServerImpl (ServerState.java:<init>(103)) - 4973ad19-ef58-44f1-8a76-510d167e8382@group-444B4C1F2A64: ConfigurationManager, init=-1: [4973ad19-ef58-44f1-8a76-510d167e8382:192.168.164.209:39934, 9f8cfb01-db61-46a1-9811-99159b4e7961:192.168.164.209:43739, 9b39a305-34ae-417e-a6ef-c79dcd13344d:192.168.164.209:38866], old=null, confs=<EMPTY_MAP>
2019-10-11 07:13:24,628 [pool-433-thread-1] INFO  server.RaftServerConfigKeys (ConfUtils.java:logGet(43)) - raft.server.rpcslowness.timeout = 120s (custom)
2019-10-11 07:13:24,628 [pool-413-thread-1] INFO  server.RaftServerConfigKeys (ConfUtils.java:logGet(43)) - raft.server.storage.dir = [/workdir/hadoop-ozone/integration-test/target/test-dir/MiniOzoneClusterImpl-06bc33bc-b6bc-4d69-8e6b-09fb0b06b8ae/datanode-3/data/ratis] (custom)
2019-10-11 07:13:24,628 [pool-423-thread-1] INFO  server.RaftServerConfigKeys (ConfUtils.java:logGet(43)) - raft.server.rpc.timeout.min = 5s (custom)
2019-10-11 07:13:24,629 [pool-433-thread-1] INFO  server.RaftServerConfigKeys (ConfUtils.java:logGet(43)) - raft.server.sleep.deviation.threshold = 300 (default)
2019-10-11 07:13:24,629 [9b39a305-34ae-417e-a6ef-c79dcd13344d@group-22F403FCD89B-SegmentedRaftLogWorker] INFO  segmented.SegmentedRaftLogWorker (SegmentedRaftLogWorker.java:execute(574)) - 9b39a305-34ae-417e-a6ef-c79dcd13344d@group-22F403FCD89B-SegmentedRaftLogWorker: created new log segment /workdir/hadoop-ozone/integration-test/target/test-dir/MiniOzoneClusterImpl-06bc33bc-b6bc-4d69-8e6b-09fb0b06b8ae/datanode-4/data/ratis/669fc2e7-c197-4c19-900f-22f403fcd89b/current/log_inprogress_0
2019-10-11 07:13:24,629 [pool-423-thread-1] INFO  server.RaftServerConfigKeys (ConfUtils.java:logGet(43)) - raft.server.rpc.timeout.max = 5200ms (custom)
2019-10-11 07:13:24,629 [pool-413-thread-1] INFO  server.RaftServerConfigKeys (ConfUtils.java:logGet(43)) - raft.server.log.corruption.policy = EXCEPTION (default)
2019-10-11 07:13:24,629 [pool-433-thread-1] INFO  server.RaftServerConfigKeys (ConfUtils.java:logGet(43)) - raft.server.log.appender.install.snapshot.enabled = false (custom)
2019-10-11 07:13:24,629 [pool-413-thread-1] INFO  storage.RaftStorageDirectory (RaftStorageDirectory.java:analyzeStorage(246)) - The storage directory /workdir/hadoop-ozone/integration-test/target/test-dir/MiniOzoneClusterImpl-06bc33bc-b6bc-4d69-8e6b-09fb0b06b8ae/datanode-3/data/ratis/34a574a2-b23e-4a2d-9b43-444b4c1f2a64 does not exist. Creating ...
2019-10-11 07:13:24,629 [pool-433-thread-1] INFO  impl.RaftServerImpl (ServerState.java:<init>(103)) - 9f8cfb01-db61-46a1-9811-99159b4e7961@group-444B4C1F2A64: ConfigurationManager, init=-1: [4973ad19-ef58-44f1-8a76-510d167e8382:192.168.164.209:39934, 9f8cfb01-db61-46a1-9811-99159b4e7961:192.168.164.209:43739, 9b39a305-34ae-417e-a6ef-c79dcd13344d:192.168.164.209:38866], old=null, confs=<EMPTY_MAP>
2019-10-11 07:13:24,629 [pool-423-thread-1] INFO  server.RaftServerConfigKeys (ConfUtils.java:logGet(43)) - raft.server.rpcslowness.timeout = 120s (custom)
2019-10-11 07:13:24,630 [pool-433-thread-1] INFO  server.RaftServerConfigKeys (ConfUtils.java:logGet(43)) - raft.server.storage.dir = [/workdir/hadoop-ozone/integration-test/target/test-dir/MiniOzoneClusterImpl-06bc33bc-b6bc-4d69-8e6b-09fb0b06b8ae/datanode-5/data/ratis] (custom)
2019-10-11 07:13:24,630 [pool-423-thread-1] INFO  server.RaftServerConfigKeys (ConfUtils.java:logGet(43)) - raft.server.sleep.deviation.threshold = 300 (default)
2019-10-11 07:13:24,630 [pool-433-thread-1] INFO  server.RaftServerConfigKeys (ConfUtils.java:logGet(43)) - raft.server.log.corruption.policy = EXCEPTION (default)
2019-10-11 07:13:24,630 [pool-423-thread-1] INFO  server.RaftServerConfigKeys (ConfUtils.java:logGet(43)) - raft.server.log.appender.install.snapshot.enabled = false (custom)
2019-10-11 07:13:24,630 [pool-433-thread-1] INFO  storage.RaftStorageDirectory (RaftStorageDirectory.java:analyzeStorage(246)) - The storage directory /workdir/hadoop-ozone/integration-test/target/test-dir/MiniOzoneClusterImpl-06bc33bc-b6bc-4d69-8e6b-09fb0b06b8ae/datanode-5/data/ratis/34a574a2-b23e-4a2d-9b43-444b4c1f2a64 does not exist. Creating ...
2019-10-11 07:13:24,630 [pool-423-thread-1] INFO  impl.RaftServerImpl (ServerState.java:<init>(103)) - 9b39a305-34ae-417e-a6ef-c79dcd13344d@group-444B4C1F2A64: ConfigurationManager, init=-1: [4973ad19-ef58-44f1-8a76-510d167e8382:192.168.164.209:39934, 9f8cfb01-db61-46a1-9811-99159b4e7961:192.168.164.209:43739, 9b39a305-34ae-417e-a6ef-c79dcd13344d:192.168.164.209:38866], old=null, confs=<EMPTY_MAP>
2019-10-11 07:13:24,630 [pool-423-thread-1] INFO  server.RaftServerConfigKeys (ConfUtils.java:logGet(43)) - raft.server.storage.dir = [/workdir/hadoop-ozone/integration-test/target/test-dir/MiniOzoneClusterImpl-06bc33bc-b6bc-4d69-8e6b-09fb0b06b8ae/datanode-4/data/ratis] (custom)
2019-10-11 07:13:24,631 [pool-423-thread-1] INFO  server.RaftServerConfigKeys (ConfUtils.java:logGet(43)) - raft.server.log.corruption.policy = EXCEPTION (default)
2019-10-11 07:13:24,631 [pool-423-thread-1] INFO  storage.RaftStorageDirectory (RaftStorageDirectory.java:analyzeStorage(246)) - The storage directory /workdir/hadoop-ozone/integration-test/target/test-dir/MiniOzoneClusterImpl-06bc33bc-b6bc-4d69-8e6b-09fb0b06b8ae/datanode-4/data/ratis/34a574a2-b23e-4a2d-9b43-444b4c1f2a64 does not exist. Creating ...
2019-10-11 07:13:24,660 [pool-423-thread-1] INFO  storage.RaftStorageDirectory (RaftStorageDirectory.java:tryLock(328)) - Lock on /workdir/hadoop-ozone/integration-test/target/test-dir/MiniOzoneClusterImpl-06bc33bc-b6bc-4d69-8e6b-09fb0b06b8ae/datanode-4/data/ratis/34a574a2-b23e-4a2d-9b43-444b4c1f2a64/in_use.lock acquired by nodename 16310@pr-hdds-2206-npvv8-3563359771
2019-10-11 07:13:24,660 [pool-433-thread-1] INFO  storage.RaftStorageDirectory (RaftStorageDirectory.java:tryLock(328)) - Lock on /workdir/hadoop-ozone/integration-test/target/test-dir/MiniOzoneClusterImpl-06bc33bc-b6bc-4d69-8e6b-09fb0b06b8ae/datanode-5/data/ratis/34a574a2-b23e-4a2d-9b43-444b4c1f2a64/in_use.lock acquired by nodename 16310@pr-hdds-2206-npvv8-3563359771
2019-10-11 07:13:24,660 [pool-413-thread-1] INFO  storage.RaftStorageDirectory (RaftStorageDirectory.java:tryLock(328)) - Lock on /workdir/hadoop-ozone/integration-test/target/test-dir/MiniOzoneClusterImpl-06bc33bc-b6bc-4d69-8e6b-09fb0b06b8ae/datanode-3/data/ratis/34a574a2-b23e-4a2d-9b43-444b4c1f2a64/in_use.lock acquired by nodename 16310@pr-hdds-2206-npvv8-3563359771
2019-10-11 07:13:24,684 [pool-413-thread-1] INFO  storage.RaftStorage (RaftStorage.java:format(84)) - Storage directory /workdir/hadoop-ozone/integration-test/target/test-dir/MiniOzoneClusterImpl-06bc33bc-b6bc-4d69-8e6b-09fb0b06b8ae/datanode-3/data/ratis/34a574a2-b23e-4a2d-9b43-444b4c1f2a64 has been successfully formatted.
2019-10-11 07:13:24,684 [pool-433-thread-1] INFO  storage.RaftStorage (RaftStorage.java:format(84)) - Storage directory /workdir/hadoop-ozone/integration-test/target/test-dir/MiniOzoneClusterImpl-06bc33bc-b6bc-4d69-8e6b-09fb0b06b8ae/datanode-5/data/ratis/34a574a2-b23e-4a2d-9b43-444b4c1f2a64 has been successfully formatted.
2019-10-11 07:13:24,684 [pool-423-thread-1] INFO  storage.RaftStorage (RaftStorage.java:format(84)) - Storage directory /workdir/hadoop-ozone/integration-test/target/test-dir/MiniOzoneClusterImpl-06bc33bc-b6bc-4d69-8e6b-09fb0b06b8ae/datanode-4/data/ratis/34a574a2-b23e-4a2d-9b43-444b4c1f2a64 has been successfully formatted.
2019-10-11 07:13:24,684 [pool-433-thread-1] INFO  ratis.ContainerStateMachine (ContainerStateMachine.java:loadSnapshot(231)) - group-444B4C1F2A64: The snapshot info is null. Setting the last applied indexto:(t:0, i:~)
2019-10-11 07:13:24,684 [pool-413-thread-1] INFO  ratis.ContainerStateMachine (ContainerStateMachine.java:loadSnapshot(231)) - group-444B4C1F2A64: The snapshot info is null. Setting the last applied indexto:(t:0, i:~)
2019-10-11 07:13:24,685 [pool-433-thread-1] INFO  server.RaftServerConfigKeys (ConfUtils.java:logGet(43)) - raft.server.notification.no-leader.timeout = 120s (custom)
2019-10-11 07:13:24,685 [pool-423-thread-1] INFO  ratis.ContainerStateMachine (ContainerStateMachine.java:loadSnapshot(231)) - group-444B4C1F2A64: The snapshot info is null. Setting the last applied indexto:(t:0, i:~)
2019-10-11 07:13:24,685 [pool-433-thread-1] INFO  server.RaftServerConfigKeys (ConfUtils.java:logGet(43)) - raft.server.log.use.memory = false (default)
2019-10-11 07:13:24,685 [pool-413-thread-1] INFO  server.RaftServerConfigKeys (ConfUtils.java:logGet(43)) - raft.server.notification.no-leader.timeout = 120s (custom)
2019-10-11 07:13:24,685 [pool-433-thread-1] INFO  server.RaftServerConfigKeys (ConfUtils.java:logGet(43)) - raft.server.log.purge.gap = 1000000 (custom)
2019-10-11 07:13:24,685 [pool-423-thread-1] INFO  server.RaftServerConfigKeys (ConfUtils.java:logGet(43)) - raft.server.notification.no-leader.timeout = 120s (custom)
2019-10-11 07:13:24,686 [pool-433-thread-1] INFO  server.RaftServerConfigKeys (ConfUtils.java:logGet(43)) - raft.server.log.appender.buffer.byte-limit = 33554432 (custom)
2019-10-11 07:13:24,685 [pool-413-thread-1] INFO  server.RaftServerConfigKeys (ConfUtils.java:logGet(43)) - raft.server.log.use.memory = false (default)
2019-10-11 07:13:24,686 [pool-433-thread-1] INFO  server.RaftServerConfigKeys (ConfUtils.java:logGet(43)) - raft.server.log.segment.size.max = 1048576 (custom)
2019-10-11 07:13:24,686 [pool-423-thread-1] INFO  server.RaftServerConfigKeys (ConfUtils.java:logGet(43)) - raft.server.log.use.memory = false (default)
2019-10-11 07:13:24,686 [pool-433-thread-1] INFO  server.RaftServerConfigKeys (ConfUtils.java:logGet(43)) - raft.server.log.segment.cache.num.max = 2 (custom)
2019-10-11 07:13:24,686 [pool-413-thread-1] INFO  server.RaftServerConfigKeys (ConfUtils.java:logGet(43)) - raft.server.log.purge.gap = 1000000 (custom)
2019-10-11 07:13:24,687 [pool-433-thread-1] INFO  segmented.SegmentedRaftLogWorker (SegmentedRaftLogWorker.java:<init>(173)) - new 9f8cfb01-db61-46a1-9811-99159b4e7961@group-444B4C1F2A64-SegmentedRaftLogWorker for RaftStorage:Storage Directory /workdir/hadoop-ozone/integration-test/target/test-dir/MiniOzoneClusterImpl-06bc33bc-b6bc-4d69-8e6b-09fb0b06b8ae/datanode-5/data/ratis/34a574a2-b23e-4a2d-9b43-444b4c1f2a64
2019-10-11 07:13:24,686 [pool-423-thread-1] INFO  server.RaftServerConfigKeys (ConfUtils.java:logGet(43)) - raft.server.log.purge.gap = 1000000 (custom)
2019-10-11 07:13:24,687 [pool-433-thread-1] INFO  server.RaftServerConfigKeys (ConfUtils.java:logGet(43)) - raft.server.log.queue.byte-limit = 2147483647 (custom)
2019-10-11 07:13:24,687 [pool-413-thread-1] INFO  server.RaftServerConfigKeys (ConfUtils.java:logGet(43)) - raft.server.log.appender.buffer.byte-limit = 33554432 (custom)
2019-10-11 07:13:24,687 [pool-433-thread-1] INFO  server.RaftServerConfigKeys (ConfUtils.java:logGet(43)) - raft.server.log.queue.element-limit = 1024 (custom)
2019-10-11 07:13:24,687 [pool-423-thread-1] INFO  server.RaftServerConfigKeys (ConfUtils.java:logGet(43)) - raft.server.log.appender.buffer.byte-limit = 33554432 (custom)
2019-10-11 07:13:24,687 [pool-433-thread-1] INFO  server.RaftServerConfigKeys (ConfUtils.java:logGet(43)) - raft.server.log.segment.size.max = 1048576 (custom)
2019-10-11 07:13:24,687 [pool-413-thread-1] INFO  server.RaftServerConfigKeys (ConfUtils.java:logGet(43)) - raft.server.log.segment.size.max = 1048576 (custom)
2019-10-11 07:13:24,688 [pool-433-thread-1] INFO  server.RaftServerConfigKeys (ConfUtils.java:logGet(43)) - raft.server.log.preallocated.size = 16384 (custom)
2019-10-11 07:13:24,688 [pool-433-thread-1] INFO  server.RaftServerConfigKeys (ConfUtils.java:logGet(43)) - raft.server.log.write.buffer.size = 33554432 (custom)
2019-10-11 07:13:24,688 [pool-423-thread-1] INFO  server.RaftServerConfigKeys (ConfUtils.java:logGet(43)) - raft.server.log.segment.size.max = 1048576 (custom)
2019-10-11 07:13:24,688 [pool-433-thread-1] INFO  server.RaftServerConfigKeys (ConfUtils.java:logGet(43)) - raft.server.log.force.sync.num = 128 (default)
2019-10-11 07:13:24,688 [pool-413-thread-1] INFO  server.RaftServerConfigKeys (ConfUtils.java:logGet(43)) - raft.server.log.segment.cache.num.max = 2 (custom)
2019-10-11 07:13:24,689 [pool-433-thread-1] INFO  server.RaftServerConfigKeys (ConfUtils.java:logGet(43)) - raft.server.log.statemachine.data.sync = true (default)
2019-10-11 07:13:24,688 [pool-423-thread-1] INFO  server.RaftServerConfigKeys (ConfUtils.java:logGet(43)) - raft.server.log.segment.cache.num.max = 2 (custom)
2019-10-11 07:13:24,689 [pool-433-thread-1] INFO  server.RaftServerConfigKeys (ConfUtils.java:logGet(43)) - raft.server.log.statemachine.data.sync.timeout = 10s (default)
2019-10-11 07:13:24,689 [pool-413-thread-1] INFO  segmented.SegmentedRaftLogWorker (SegmentedRaftLogWorker.java:<init>(173)) - new 4973ad19-ef58-44f1-8a76-510d167e8382@group-444B4C1F2A64-SegmentedRaftLogWorker for RaftStorage:Storage Directory /workdir/hadoop-ozone/integration-test/target/test-dir/MiniOzoneClusterImpl-06bc33bc-b6bc-4d69-8e6b-09fb0b06b8ae/datanode-3/data/ratis/34a574a2-b23e-4a2d-9b43-444b4c1f2a64
2019-10-11 07:13:24,689 [pool-433-thread-1] INFO  server.RaftServerConfigKeys (ConfUtils.java:logGet(43)) - raft.server.log.statemachine.data.sync.timeout.retry = -1 (default)
2019-10-11 07:13:24,689 [pool-423-thread-1] INFO  segmented.SegmentedRaftLogWorker (SegmentedRaftLogWorker.java:<init>(173)) - new 9b39a305-34ae-417e-a6ef-c79dcd13344d@group-444B4C1F2A64-SegmentedRaftLogWorker for RaftStorage:Storage Directory /workdir/hadoop-ozone/integration-test/target/test-dir/MiniOzoneClusterImpl-06bc33bc-b6bc-4d69-8e6b-09fb0b06b8ae/datanode-4/data/ratis/34a574a2-b23e-4a2d-9b43-444b4c1f2a64
2019-10-11 07:13:24,690 [pool-433-thread-1] INFO  server.RaftServerConfigKeys (ConfUtils.java:logGet(43)) - raft.server.log.statemachine.data.caching.enabled = true (custom)
2019-10-11 07:13:24,689 [pool-413-thread-1] INFO  server.RaftServerConfigKeys (ConfUtils.java:logGet(43)) - raft.server.log.queue.byte-limit = 2147483647 (custom)
2019-10-11 07:13:24,690 [pool-423-thread-1] INFO  server.RaftServerConfigKeys (ConfUtils.java:logGet(43)) - raft.server.log.queue.byte-limit = 2147483647 (custom)
2019-10-11 07:13:24,690 [pool-433-thread-1] INFO  segmented.SegmentedRaftLogWorker (SegmentedRaftLogWorker.java:lambda$new$0(128)) - 9f8cfb01-db61-46a1-9811-99159b4e7961@group-444B4C1F2A64-SegmentedRaftLogWorker: flushIndex: setUnconditionally 0 -> -1
2019-10-11 07:13:24,690 [pool-413-thread-1] INFO  server.RaftServerConfigKeys (ConfUtils.java:logGet(43)) - raft.server.log.queue.element-limit = 1024 (custom)
2019-10-11 07:13:24,690 [pool-423-thread-1] INFO  server.RaftServerConfigKeys (ConfUtils.java:logGet(43)) - raft.server.log.queue.element-limit = 1024 (custom)
2019-10-11 07:13:24,691 [pool-413-thread-1] INFO  server.RaftServerConfigKeys (ConfUtils.java:logGet(43)) - raft.server.log.segment.size.max = 1048576 (custom)
2019-10-11 07:13:24,691 [pool-433-thread-1] INFO  server.RaftServerConfigKeys (ConfUtils.java:logGet(43)) - raft.server.snapshot.auto.trigger.enabled = true (custom)
2019-10-11 07:13:24,691 [pool-413-thread-1] INFO  server.RaftServerConfigKeys (ConfUtils.java:logGet(43)) - raft.server.log.preallocated.size = 16384 (custom)
2019-10-11 07:13:24,691 [pool-423-thread-1] INFO  server.RaftServerConfigKeys (ConfUtils.java:logGet(43)) - raft.server.log.segment.size.max = 1048576 (custom)
2019-10-11 07:13:24,691 [pool-413-thread-1] INFO  server.RaftServerConfigKeys (ConfUtils.java:logGet(43)) - raft.server.log.write.buffer.size = 33554432 (custom)
2019-10-11 07:13:24,691 [pool-433-thread-1] INFO  server.RaftServerConfigKeys (ConfUtils.java:logGet(43)) - raft.server.snapshot.auto.trigger.threshold = 10000 (custom)
2019-10-11 07:13:24,691 [pool-413-thread-1] INFO  server.RaftServerConfigKeys (ConfUtils.java:logGet(43)) - raft.server.log.force.sync.num = 128 (default)
2019-10-11 07:13:24,691 [pool-423-thread-1] INFO  server.RaftServerConfigKeys (ConfUtils.java:logGet(43)) - raft.server.log.preallocated.size = 16384 (custom)
2019-10-11 07:13:24,692 [pool-413-thread-1] INFO  server.RaftServerConfigKeys (ConfUtils.java:logGet(43)) - raft.server.log.statemachine.data.sync = true (default)
2019-10-11 07:13:24,691 [pool-433-thread-1] INFO  server.RaftServerConfigKeys (ConfUtils.java:logGet(43)) - raft.server.snapshot.retention.file.num = 5 (custom)
2019-10-11 07:13:24,692 [pool-413-thread-1] INFO  server.RaftServerConfigKeys (ConfUtils.java:logGet(43)) - raft.server.log.statemachine.data.sync.timeout = 10s (default)
2019-10-11 07:13:24,692 [pool-423-thread-1] INFO  server.RaftServerConfigKeys (ConfUtils.java:logGet(43)) - raft.server.log.write.buffer.size = 33554432 (custom)
2019-10-11 07:13:24,692 [pool-413-thread-1] INFO  server.RaftServerConfigKeys (ConfUtils.java:logGet(43)) - raft.server.log.statemachine.data.sync.timeout.retry = -1 (default)
2019-10-11 07:13:24,692 [pool-433-thread-1] INFO  server.RaftServerConfigKeys (ConfUtils.java:logGet(43)) - raft.server.retrycache.expirytime = 600000ms (custom)
2019-10-11 07:13:24,692 [pool-413-thread-1] INFO  server.RaftServerConfigKeys (ConfUtils.java:logGet(43)) - raft.server.log.statemachine.data.caching.enabled = true (custom)
2019-10-11 07:13:24,692 [pool-423-thread-1] INFO  server.RaftServerConfigKeys (ConfUtils.java:logGet(43)) - raft.server.log.force.sync.num = 128 (default)
2019-10-11 07:13:24,693 [pool-413-thread-1] INFO  segmented.SegmentedRaftLogWorker (SegmentedRaftLogWorker.java:lambda$new$0(128)) - 4973ad19-ef58-44f1-8a76-510d167e8382@group-444B4C1F2A64-SegmentedRaftLogWorker: flushIndex: setUnconditionally 0 -> -1
2019-10-11 07:13:24,693 [pool-423-thread-1] INFO  server.RaftServerConfigKeys (ConfUtils.java:logGet(43)) - raft.server.log.statemachine.data.sync = true (default)
2019-10-11 07:13:24,693 [pool-423-thread-1] INFO  server.RaftServerConfigKeys (ConfUtils.java:logGet(43)) - raft.server.log.statemachine.data.sync.timeout = 10s (default)
2019-10-11 07:13:24,693 [pool-413-thread-1] INFO  server.RaftServerConfigKeys (ConfUtils.java:logGet(43)) - raft.server.snapshot.auto.trigger.enabled = true (custom)
2019-10-11 07:13:24,693 [pool-423-thread-1] INFO  server.RaftServerConfigKeys (ConfUtils.java:logGet(43)) - raft.server.log.statemachine.data.sync.timeout.retry = -1 (default)
2019-10-11 07:13:24,694 [pool-413-thread-1] INFO  server.RaftServerConfigKeys (ConfUtils.java:logGet(43)) - raft.server.snapshot.auto.trigger.threshold = 10000 (custom)
2019-10-11 07:13:24,694 [pool-423-thread-1] INFO  server.RaftServerConfigKeys (ConfUtils.java:logGet(43)) - raft.server.log.statemachine.data.caching.enabled = true (custom)
2019-10-11 07:13:24,694 [pool-413-thread-1] INFO  server.RaftServerConfigKeys (ConfUtils.java:logGet(43)) - raft.server.snapshot.retention.file.num = 5 (custom)
2019-10-11 07:13:24,694 [pool-413-thread-1] INFO  server.RaftServerConfigKeys (ConfUtils.java:logGet(43)) - raft.server.retrycache.expirytime = 600000ms (custom)
2019-10-11 07:13:24,694 [pool-423-thread-1] INFO  segmented.SegmentedRaftLogWorker (SegmentedRaftLogWorker.java:lambda$new$0(128)) - 9b39a305-34ae-417e-a6ef-c79dcd13344d@group-444B4C1F2A64-SegmentedRaftLogWorker: flushIndex: setUnconditionally 0 -> -1
2019-10-11 07:13:24,695 [pool-423-thread-1] INFO  server.RaftServerConfigKeys (ConfUtils.java:logGet(43)) - raft.server.snapshot.auto.trigger.enabled = true (custom)
2019-10-11 07:13:24,695 [pool-423-thread-1] INFO  server.RaftServerConfigKeys (ConfUtils.java:logGet(43)) - raft.server.snapshot.auto.trigger.threshold = 10000 (custom)
2019-10-11 07:13:24,695 [pool-433-thread-1] INFO  impl.RaftServerImpl (RaftServerImpl.java:start(181)) - 9f8cfb01-db61-46a1-9811-99159b4e7961@group-444B4C1F2A64: start as a follower, conf=-1: [4973ad19-ef58-44f1-8a76-510d167e8382:192.168.164.209:39934, 9f8cfb01-db61-46a1-9811-99159b4e7961:192.168.164.209:43739, 9b39a305-34ae-417e-a6ef-c79dcd13344d:192.168.164.209:38866], old=null
2019-10-11 07:13:24,695 [pool-423-thread-1] INFO  server.RaftServerConfigKeys (ConfUtils.java:logGet(43)) - raft.server.snapshot.retention.file.num = 5 (custom)
2019-10-11 07:13:24,695 [pool-433-thread-1] INFO  impl.RaftServerImpl (RaftServerImpl.java:setRole(170)) - 9f8cfb01-db61-46a1-9811-99159b4e7961@group-444B4C1F2A64: changes role from      null to FOLLOWER at term 0 for startAsFollower
2019-10-11 07:13:24,695 [pool-423-thread-1] INFO  server.RaftServerConfigKeys (ConfUtils.java:logGet(43)) - raft.server.retrycache.expirytime = 600000ms (custom)
2019-10-11 07:13:24,695 [pool-433-thread-1] INFO  impl.RoleInfo (RoleInfo.java:updateAndGet(143)) - 9f8cfb01-db61-46a1-9811-99159b4e7961: start FollowerState
2019-10-11 07:13:24,696 [pool-413-thread-1] INFO  impl.RaftServerImpl (RaftServerImpl.java:start(181)) - 4973ad19-ef58-44f1-8a76-510d167e8382@group-444B4C1F2A64: start as a follower, conf=-1: [4973ad19-ef58-44f1-8a76-510d167e8382:192.168.164.209:39934, 9f8cfb01-db61-46a1-9811-99159b4e7961:192.168.164.209:43739, 9b39a305-34ae-417e-a6ef-c79dcd13344d:192.168.164.209:38866], old=null
2019-10-11 07:13:24,696 [pool-433-thread-1] INFO  util.JmxRegister (JmxRegister.java:tryRegister(44)) - Successfully registered JMX Bean with object name Ratis:service=RaftServer,group=group-444B4C1F2A64,id=9f8cfb01-db61-46a1-9811-99159b4e7961
2019-10-11 07:13:24,696 [pool-413-thread-1] INFO  impl.RaftServerImpl (RaftServerImpl.java:setRole(170)) - 4973ad19-ef58-44f1-8a76-510d167e8382@group-444B4C1F2A64: changes role from      null to FOLLOWER at term 0 for startAsFollower
2019-10-11 07:13:24,696 [pool-413-thread-1] INFO  impl.RoleInfo (RoleInfo.java:updateAndGet(143)) - 4973ad19-ef58-44f1-8a76-510d167e8382: start FollowerState
2019-10-11 07:13:24,697 [pool-413-thread-1] INFO  util.JmxRegister (JmxRegister.java:tryRegister(44)) - Successfully registered JMX Bean with object name Ratis:service=RaftServer,group=group-444B4C1F2A64,id=4973ad19-ef58-44f1-8a76-510d167e8382
2019-10-11 07:13:24,700 [pool-423-thread-1] INFO  impl.RaftServerImpl (RaftServerImpl.java:start(181)) - 9b39a305-34ae-417e-a6ef-c79dcd13344d@group-444B4C1F2A64: start as a follower, conf=-1: [4973ad19-ef58-44f1-8a76-510d167e8382:192.168.164.209:39934, 9f8cfb01-db61-46a1-9811-99159b4e7961:192.168.164.209:43739, 9b39a305-34ae-417e-a6ef-c79dcd13344d:192.168.164.209:38866], old=null
2019-10-11 07:13:24,700 [pool-423-thread-1] INFO  impl.RaftServerImpl (RaftServerImpl.java:setRole(170)) - 9b39a305-34ae-417e-a6ef-c79dcd13344d@group-444B4C1F2A64: changes role from      null to FOLLOWER at term 0 for startAsFollower
2019-10-11 07:13:24,700 [pool-423-thread-1] INFO  impl.RoleInfo (RoleInfo.java:updateAndGet(143)) - 9b39a305-34ae-417e-a6ef-c79dcd13344d: start FollowerState
2019-10-11 07:13:24,700 [pool-423-thread-1] INFO  util.JmxRegister (JmxRegister.java:tryRegister(44)) - Successfully registered JMX Bean with object name Ratis:service=RaftServer,group=group-444B4C1F2A64,id=9b39a305-34ae-417e-a6ef-c79dcd13344d
2019-10-11 07:13:24,719 [RatisPipelineUtilsThread] INFO  pipeline.PipelineStateManager (PipelineStateManager.java:addPipeline(56)) - Created pipeline Pipeline[ Id: 34a574a2-b23e-4a2d-9b43-444b4c1f2a64, Nodes: 9b39a305-34ae-417e-a6ef-c79dcd13344d{ip: 192.168.164.209, host: pr-hdds-2206-npvv8-3563359771, networkLocation: /default-rack, certSerialId: null}4973ad19-ef58-44f1-8a76-510d167e8382{ip: 192.168.164.209, host: pr-hdds-2206-npvv8-3563359771, networkLocation: /default-rack, certSerialId: null}9f8cfb01-db61-46a1-9811-99159b4e7961{ip: 192.168.164.209, host: pr-hdds-2206-npvv8-3563359771, networkLocation: /default-rack, certSerialId: null}, Type:RATIS, Factor:THREE, State:OPEN]
2019-10-11 07:13:25,576 [main] INFO  server.BaseHttpServer (BaseHttpServer.java:updateConnectorAddress(215)) - HTTP server of HDDSDATANODE is listening at http://0.0.0.0:37348
2019-10-11 07:13:25,577 [main] INFO  ozone.MiniOzoneClusterImpl (MiniOzoneClusterImpl.java:lambda$waitForClusterToBeReady$0(147)) - Waiting for cluster to be ready. Got 6 of 7 DN Heartbeats.
2019-10-11 07:13:25,579 [org.apache.hadoop.util.JvmPauseMonitor$Monitor@75cc5f88] INFO  util.JvmPauseMonitor (JvmPauseMonitor.java:run(188)) - Starting JVM pause monitor
2019-10-11 07:13:25,581 [Datanode State Machine Thread - 0] INFO  datanode.InitDatanodeState (InitDatanodeState.java:persistContainerDatanodeDetails(140)) - DatanodeDetails is persisted to /workdir/hadoop-ozone/integration-test/target/test-dir/MiniOzoneClusterImpl-06bc33bc-b6bc-4d69-8e6b-09fb0b06b8ae/datanode-6/meta/datanode.id
2019-10-11 07:13:26,577 [main] INFO  ozone.MiniOzoneClusterImpl (MiniOzoneClusterImpl.java:lambda$waitForClusterToBeReady$0(147)) - Waiting for cluster to be ready. Got 6 of 7 DN Heartbeats.
2019-10-11 07:13:27,578 [main] INFO  ozone.MiniOzoneClusterImpl (MiniOzoneClusterImpl.java:lambda$waitForClusterToBeReady$0(147)) - Waiting for cluster to be ready. Got 6 of 7 DN Heartbeats.
2019-10-11 07:13:27,604 [Datanode State Machine Thread - 0] INFO  ozoneimpl.OzoneContainer (OzoneContainer.java:start(213)) - Attempting to start container services.
2019-10-11 07:13:27,604 [Datanode State Machine Thread - 0] INFO  ozoneimpl.OzoneContainer (OzoneContainer.java:startContainerScrub(177)) - Background container scanner has been disabled.
2019-10-11 07:13:27,604 [Datanode State Machine Thread - 0] INFO  ratis.XceiverServerRatis (XceiverServerRatis.java:start(418)) - Starting XceiverServerRatis bfcce417-ffce-4e15-8884-6dcc311fe512 at port 0
2019-10-11 07:13:27,614 [Datanode State Machine Thread - 0] INFO  impl.RaftServerProxy (RaftServerProxy.java:lambda$start$3(299)) - bfcce417-ffce-4e15-8884-6dcc311fe512: start RPC server
2019-10-11 07:13:27,622 [Datanode State Machine Thread - 0] INFO  server.GrpcService (GrpcService.java:startImpl(158)) - bfcce417-ffce-4e15-8884-6dcc311fe512: GrpcService started, listening on 0.0.0.0/0.0.0.0:37550
2019-10-11 07:13:27,622 [Datanode State Machine Thread - 0] INFO  ratis.XceiverServerRatis (XceiverServerRatis.java:start(428)) - XceiverServerRatis bfcce417-ffce-4e15-8884-6dcc311fe512 is started using port 37550
2019-10-11 07:13:27,622 [Datanode State Machine Thread - 0] INFO  server.XceiverServerGrpc (XceiverServerGrpc.java:start(149)) - XceiverServerGrpc bfcce417-ffce-4e15-8884-6dcc311fe512 is started using port 39573
2019-10-11 07:13:28,579 [main] INFO  ozone.MiniOzoneClusterImpl (MiniOzoneClusterImpl.java:lambda$waitForClusterToBeReady$0(147)) - Waiting for cluster to be ready. Got 6 of 7 DN Heartbeats.
2019-10-11 07:13:29,579 [main] INFO  ozone.MiniOzoneClusterImpl (MiniOzoneClusterImpl.java:lambda$waitForClusterToBeReady$0(147)) - Waiting for cluster to be ready. Got 6 of 7 DN Heartbeats.
2019-10-11 07:13:29,580 [IPC Server handler 16 on 43389] INFO  net.NetworkTopology (NetworkTopologyImpl.java:add(111)) - Added a new node: /default-rack/bfcce417-ffce-4e15-8884-6dcc311fe512
2019-10-11 07:13:29,581 [IPC Server handler 16 on 43389] INFO  node.SCMNodeManager (SCMNodeManager.java:register(268)) - Registered Data node : bfcce417-ffce-4e15-8884-6dcc311fe512{ip: 192.168.164.209, host: pr-hdds-2206-npvv8-3563359771, networkLocation: /default-rack, certSerialId: null}
2019-10-11 07:13:29,603 [grpc-default-executor-3] INFO  impl.RaftServerProxy (RaftServerProxy.java:addNew(89)) - bfcce417-ffce-4e15-8884-6dcc311fe512: addNew group-248D6D59B70E:[bfcce417-ffce-4e15-8884-6dcc311fe512:192.168.164.209:37550] returns group-248D6D59B70E:java.util.concurrent.CompletableFuture@62edd135[Not completed]
2019-10-11 07:13:29,605 [pool-443-thread-1] INFO  impl.RaftServerImpl (RaftServerImpl.java:<init>(95)) - bfcce417-ffce-4e15-8884-6dcc311fe512: new RaftServerImpl for group-248D6D59B70E:[bfcce417-ffce-4e15-8884-6dcc311fe512:192.168.164.209:37550] with ContainerStateMachine:uninitialized
2019-10-11 07:13:29,606 [pool-443-thread-1] INFO  server.RaftServerConfigKeys (ConfUtils.java:logGet(43)) - raft.server.rpc.timeout.min = 5s (custom)
2019-10-11 07:13:29,606 [pool-443-thread-1] INFO  server.RaftServerConfigKeys (ConfUtils.java:logGet(43)) - raft.server.rpc.timeout.max = 5200ms (custom)
2019-10-11 07:13:29,606 [pool-443-thread-1] INFO  server.RaftServerConfigKeys (ConfUtils.java:logGet(43)) - raft.server.rpcslowness.timeout = 120s (custom)
2019-10-11 07:13:29,606 [pool-443-thread-1] INFO  server.RaftServerConfigKeys (ConfUtils.java:logGet(43)) - raft.server.sleep.deviation.threshold = 300 (default)
2019-10-11 07:13:29,607 [pool-443-thread-1] INFO  server.RaftServerConfigKeys (ConfUtils.java:logGet(43)) - raft.server.log.appender.install.snapshot.enabled = false (custom)
2019-10-11 07:13:29,607 [pool-443-thread-1] INFO  impl.RaftServerImpl (ServerState.java:<init>(103)) - bfcce417-ffce-4e15-8884-6dcc311fe512@group-248D6D59B70E: ConfigurationManager, init=-1: [bfcce417-ffce-4e15-8884-6dcc311fe512:192.168.164.209:37550], old=null, confs=<EMPTY_MAP>
2019-10-11 07:13:29,607 [pool-443-thread-1] INFO  server.RaftServerConfigKeys (ConfUtils.java:logGet(43)) - raft.server.storage.dir = [/workdir/hadoop-ozone/integration-test/target/test-dir/MiniOzoneClusterImpl-06bc33bc-b6bc-4d69-8e6b-09fb0b06b8ae/datanode-6/data/ratis] (custom)
2019-10-11 07:13:29,607 [pool-443-thread-1] INFO  server.RaftServerConfigKeys (ConfUtils.java:logGet(43)) - raft.server.log.corruption.policy = EXCEPTION (default)
2019-10-11 07:13:29,608 [pool-443-thread-1] INFO  storage.RaftStorageDirectory (RaftStorageDirectory.java:analyzeStorage(246)) - The storage directory /workdir/hadoop-ozone/integration-test/target/test-dir/MiniOzoneClusterImpl-06bc33bc-b6bc-4d69-8e6b-09fb0b06b8ae/datanode-6/data/ratis/6d76f063-8d45-4d3f-b4bb-248d6d59b70e does not exist. Creating ...
2019-10-11 07:13:29,631 [pool-443-thread-1] INFO  storage.RaftStorageDirectory (RaftStorageDirectory.java:tryLock(328)) - Lock on /workdir/hadoop-ozone/integration-test/target/test-dir/MiniOzoneClusterImpl-06bc33bc-b6bc-4d69-8e6b-09fb0b06b8ae/datanode-6/data/ratis/6d76f063-8d45-4d3f-b4bb-248d6d59b70e/in_use.lock acquired by nodename 16310@pr-hdds-2206-npvv8-3563359771
2019-10-11 07:13:29,663 [pool-443-thread-1] INFO  storage.RaftStorage (RaftStorage.java:format(84)) - Storage directory /workdir/hadoop-ozone/integration-test/target/test-dir/MiniOzoneClusterImpl-06bc33bc-b6bc-4d69-8e6b-09fb0b06b8ae/datanode-6/data/ratis/6d76f063-8d45-4d3f-b4bb-248d6d59b70e has been successfully formatted.
2019-10-11 07:13:29,663 [pool-443-thread-1] INFO  ratis.ContainerStateMachine (ContainerStateMachine.java:loadSnapshot(231)) - group-248D6D59B70E: The snapshot info is null. Setting the last applied indexto:(t:0, i:~)
2019-10-11 07:13:29,664 [pool-443-thread-1] INFO  server.RaftServerConfigKeys (ConfUtils.java:logGet(43)) - raft.server.notification.no-leader.timeout = 120s (custom)
2019-10-11 07:13:29,664 [pool-443-thread-1] INFO  server.RaftServerConfigKeys (ConfUtils.java:logGet(43)) - raft.server.log.use.memory = false (default)
2019-10-11 07:13:29,664 [pool-443-thread-1] INFO  server.RaftServerConfigKeys (ConfUtils.java:logGet(43)) - raft.server.log.purge.gap = 1000000 (custom)
2019-10-11 07:13:29,664 [pool-443-thread-1] INFO  server.RaftServerConfigKeys (ConfUtils.java:logGet(43)) - raft.server.log.appender.buffer.byte-limit = 33554432 (custom)
2019-10-11 07:13:29,664 [pool-443-thread-1] INFO  server.RaftServerConfigKeys (ConfUtils.java:logGet(43)) - raft.server.log.segment.size.max = 1048576 (custom)
2019-10-11 07:13:29,666 [pool-443-thread-1] INFO  server.RaftServerConfigKeys (ConfUtils.java:logGet(43)) - raft.server.log.segment.cache.num.max = 2 (custom)
2019-10-11 07:13:29,667 [pool-443-thread-1] INFO  segmented.SegmentedRaftLogWorker (SegmentedRaftLogWorker.java:<init>(173)) - new bfcce417-ffce-4e15-8884-6dcc311fe512@group-248D6D59B70E-SegmentedRaftLogWorker for RaftStorage:Storage Directory /workdir/hadoop-ozone/integration-test/target/test-dir/MiniOzoneClusterImpl-06bc33bc-b6bc-4d69-8e6b-09fb0b06b8ae/datanode-6/data/ratis/6d76f063-8d45-4d3f-b4bb-248d6d59b70e
2019-10-11 07:13:29,667 [pool-443-thread-1] INFO  server.RaftServerConfigKeys (ConfUtils.java:logGet(43)) - raft.server.log.queue.byte-limit = 2147483647 (custom)
2019-10-11 07:13:29,667 [pool-443-thread-1] INFO  server.RaftServerConfigKeys (ConfUtils.java:logGet(43)) - raft.server.log.queue.element-limit = 1024 (custom)
2019-10-11 07:13:29,667 [pool-443-thread-1] INFO  server.RaftServerConfigKeys (ConfUtils.java:logGet(43)) - raft.server.log.segment.size.max = 1048576 (custom)
2019-10-11 07:13:29,667 [pool-443-thread-1] INFO  server.RaftServerConfigKeys (ConfUtils.java:logGet(43)) - raft.server.log.preallocated.size = 16384 (custom)
2019-10-11 07:13:29,667 [pool-443-thread-1] INFO  server.RaftServerConfigKeys (ConfUtils.java:logGet(43)) - raft.server.log.write.buffer.size = 33554432 (custom)
2019-10-11 07:13:29,667 [pool-443-thread-1] INFO  server.RaftServerConfigKeys (ConfUtils.java:logGet(43)) - raft.server.log.force.sync.num = 128 (default)
2019-10-11 07:13:29,668 [pool-443-thread-1] INFO  server.RaftServerConfigKeys (ConfUtils.java:logGet(43)) - raft.server.log.statemachine.data.sync = true (default)
2019-10-11 07:13:29,668 [pool-443-thread-1] INFO  server.RaftServerConfigKeys (ConfUtils.java:logGet(43)) - raft.server.log.statemachine.data.sync.timeout = 10s (default)
2019-10-11 07:13:29,668 [pool-443-thread-1] INFO  server.RaftServerConfigKeys (ConfUtils.java:logGet(43)) - raft.server.log.statemachine.data.sync.timeout.retry = -1 (default)
2019-10-11 07:13:29,668 [pool-443-thread-1] INFO  server.RaftServerConfigKeys (ConfUtils.java:logGet(43)) - raft.server.log.statemachine.data.caching.enabled = true (custom)
2019-10-11 07:13:29,669 [pool-443-thread-1] INFO  segmented.SegmentedRaftLogWorker (SegmentedRaftLogWorker.java:lambda$new$0(128)) - bfcce417-ffce-4e15-8884-6dcc311fe512@group-248D6D59B70E-SegmentedRaftLogWorker: flushIndex: setUnconditionally 0 -> -1
2019-10-11 07:13:29,669 [pool-443-thread-1] INFO  server.RaftServerConfigKeys (ConfUtils.java:logGet(43)) - raft.server.snapshot.auto.trigger.enabled = true (custom)
2019-10-11 07:13:29,669 [pool-443-thread-1] INFO  server.RaftServerConfigKeys (ConfUtils.java:logGet(43)) - raft.server.snapshot.auto.trigger.threshold = 10000 (custom)
2019-10-11 07:13:29,669 [pool-443-thread-1] INFO  server.RaftServerConfigKeys (ConfUtils.java:logGet(43)) - raft.server.snapshot.retention.file.num = 5 (custom)
2019-10-11 07:13:29,669 [pool-443-thread-1] INFO  server.RaftServerConfigKeys (ConfUtils.java:logGet(43)) - raft.server.retrycache.expirytime = 600000ms (custom)
2019-10-11 07:13:29,671 [pool-443-thread-1] INFO  impl.RaftServerImpl (RaftServerImpl.java:start(181)) - bfcce417-ffce-4e15-8884-6dcc311fe512@group-248D6D59B70E: start as a follower, conf=-1: [bfcce417-ffce-4e15-8884-6dcc311fe512:192.168.164.209:37550], old=null
2019-10-11 07:13:29,671 [pool-443-thread-1] INFO  impl.RaftServerImpl (RaftServerImpl.java:setRole(170)) - bfcce417-ffce-4e15-8884-6dcc311fe512@group-248D6D59B70E: changes role from      null to FOLLOWER at term 0 for startAsFollower
2019-10-11 07:13:29,671 [pool-443-thread-1] INFO  impl.RoleInfo (RoleInfo.java:updateAndGet(143)) - bfcce417-ffce-4e15-8884-6dcc311fe512: start FollowerState
2019-10-11 07:13:29,672 [pool-443-thread-1] INFO  util.JmxRegister (JmxRegister.java:tryRegister(44)) - Successfully registered JMX Bean with object name Ratis:service=RaftServer,group=group-248D6D59B70E,id=bfcce417-ffce-4e15-8884-6dcc311fe512
2019-10-11 07:13:29,683 [RatisPipelineUtilsThread] INFO  pipeline.PipelineStateManager (PipelineStateManager.java:addPipeline(56)) - Created pipeline Pipeline[ Id: 6d76f063-8d45-4d3f-b4bb-248d6d59b70e, Nodes: bfcce417-ffce-4e15-8884-6dcc311fe512{ip: 192.168.164.209, host: pr-hdds-2206-npvv8-3563359771, networkLocation: /default-rack, certSerialId: null}, Type:RATIS, Factor:ONE, State:OPEN]
2019-10-11 07:13:29,690 [Thread-2668] INFO  impl.FollowerState (FollowerState.java:run(108)) - 9f8cfb01-db61-46a1-9811-99159b4e7961@group-1AB6354DF5A0-FollowerState: change to CANDIDATE, lastRpcTime:5112ms, electionTimeout:5110ms
2019-10-11 07:13:29,697 [Thread-2668] INFO  impl.RoleInfo (RoleInfo.java:shutdownFollowerState(121)) - 9f8cfb01-db61-46a1-9811-99159b4e7961: shutdown FollowerState
2019-10-11 07:13:29,697 [Thread-2668] INFO  impl.RaftServerImpl (RaftServerImpl.java:setRole(170)) - 9f8cfb01-db61-46a1-9811-99159b4e7961@group-1AB6354DF5A0: changes role from  FOLLOWER to CANDIDATE at term 0 for changeToCandidate
2019-10-11 07:13:29,698 [Thread-2668] INFO  impl.RoleInfo (RoleInfo.java:updateAndGet(143)) - 9f8cfb01-db61-46a1-9811-99159b4e7961: start LeaderElection
2019-10-11 07:13:29,732 [Thread-2674] INFO  impl.FollowerState (FollowerState.java:run(108)) - 4973ad19-ef58-44f1-8a76-510d167e8382@group-444B4C1F2A64-FollowerState: change to CANDIDATE, lastRpcTime:5035ms, electionTimeout:5012ms
2019-10-11 07:13:29,732 [Thread-2674] INFO  impl.RoleInfo (RoleInfo.java:shutdownFollowerState(121)) - 4973ad19-ef58-44f1-8a76-510d167e8382: shutdown FollowerState
2019-10-11 07:13:29,740 [Thread-2674] INFO  impl.RaftServerImpl (RaftServerImpl.java:setRole(170)) - 4973ad19-ef58-44f1-8a76-510d167e8382@group-444B4C1F2A64: changes role from  FOLLOWER to CANDIDATE at term 0 for changeToCandidate
2019-10-11 07:13:29,740 [Thread-2674] INFO  impl.RoleInfo (RoleInfo.java:updateAndGet(143)) - 4973ad19-ef58-44f1-8a76-510d167e8382: start LeaderElection
2019-10-11 07:13:29,743 [Thread-2673] INFO  impl.FollowerState (FollowerState.java:run(108)) - 9f8cfb01-db61-46a1-9811-99159b4e7961@group-444B4C1F2A64-FollowerState: change to CANDIDATE, lastRpcTime:5047ms, electionTimeout:5047ms
2019-10-11 07:13:29,755 [Thread-2673] INFO  impl.RoleInfo (RoleInfo.java:shutdownFollowerState(121)) - 9f8cfb01-db61-46a1-9811-99159b4e7961: shutdown FollowerState
2019-10-11 07:13:29,755 [Thread-2673] INFO  impl.RaftServerImpl (RaftServerImpl.java:setRole(170)) - 9f8cfb01-db61-46a1-9811-99159b4e7961@group-444B4C1F2A64: changes role from  FOLLOWER to CANDIDATE at term 0 for changeToCandidate
2019-10-11 07:13:29,755 [Thread-2673] INFO  impl.RoleInfo (RoleInfo.java:updateAndGet(143)) - 9f8cfb01-db61-46a1-9811-99159b4e7961: start LeaderElection
2019-10-11 07:13:29,763 [9f8cfb01-db61-46a1-9811-99159b4e7961@group-1AB6354DF5A0-LeaderElection85] INFO  impl.LeaderElection (LeaderElection.java:askForVotes(178)) - 9f8cfb01-db61-46a1-9811-99159b4e7961@group-1AB6354DF5A0-LeaderElection85: begin an election at term 1 for -1: [9f8cfb01-db61-46a1-9811-99159b4e7961:192.168.164.209:43739], old=null
2019-10-11 07:13:29,763 [9f8cfb01-db61-46a1-9811-99159b4e7961@group-1AB6354DF5A0-LeaderElection85] INFO  impl.RoleInfo (RoleInfo.java:shutdownLeaderElection(134)) - 9f8cfb01-db61-46a1-9811-99159b4e7961: shutdown LeaderElection
2019-10-11 07:13:29,763 [9f8cfb01-db61-46a1-9811-99159b4e7961@group-1AB6354DF5A0-LeaderElection85] INFO  impl.RaftServerImpl (RaftServerImpl.java:setRole(170)) - 9f8cfb01-db61-46a1-9811-99159b4e7961@group-1AB6354DF5A0: changes role from CANDIDATE to LEADER at term 1 for changeToLeader
2019-10-11 07:13:29,763 [9f8cfb01-db61-46a1-9811-99159b4e7961@group-1AB6354DF5A0-LeaderElection85] INFO  impl.RaftServerImpl (ServerState.java:setLeader(255)) - 9f8cfb01-db61-46a1-9811-99159b4e7961@group-1AB6354DF5A0: change Leader from null to 9f8cfb01-db61-46a1-9811-99159b4e7961 at term 1 for becomeLeader, leader elected after 5195ms
2019-10-11 07:13:29,763 [9f8cfb01-db61-46a1-9811-99159b4e7961@group-1AB6354DF5A0-LeaderElection85] INFO  server.RaftServerConfigKeys (ConfUtils.java:logGet(43)) - raft.server.staging.catchup.gap = 1000 (default)
2019-10-11 07:13:29,763 [9f8cfb01-db61-46a1-9811-99159b4e7961@group-1AB6354DF5A0-LeaderElection85] INFO  server.RaftServerConfigKeys (ConfUtils.java:logGet(43)) - raft.server.rpc.sleep.time = 25ms (default)
2019-10-11 07:13:29,763 [9f8cfb01-db61-46a1-9811-99159b4e7961@group-1AB6354DF5A0-LeaderElection85] INFO  server.RaftServerConfigKeys (ConfUtils.java:logGet(43)) - raft.server.write.element-limit = 4096 (default)
2019-10-11 07:13:29,764 [9f8cfb01-db61-46a1-9811-99159b4e7961@group-1AB6354DF5A0-LeaderElection85] INFO  server.RaftServerConfigKeys (ConfUtils.java:logGet(43)) - raft.server.watch.timeout = 10s (default)
2019-10-11 07:13:29,764 [9f8cfb01-db61-46a1-9811-99159b4e7961@group-1AB6354DF5A0-LeaderElection85] INFO  server.RaftServerConfigKeys (ConfUtils.java:logGet(43)) - raft.server.watch.timeout.denomination = 1s (default)
2019-10-11 07:13:29,764 [9f8cfb01-db61-46a1-9811-99159b4e7961@group-1AB6354DF5A0-LeaderElection85] INFO  server.RaftServerConfigKeys (ConfUtils.java:logGet(43)) - raft.server.watch.element-limit = 65536 (default)
2019-10-11 07:13:29,765 [9f8cfb01-db61-46a1-9811-99159b4e7961@group-1AB6354DF5A0-LeaderElection85] INFO  impl.RoleInfo (RoleInfo.java:updateAndGet(143)) - 9f8cfb01-db61-46a1-9811-99159b4e7961: start LeaderState
2019-10-11 07:13:29,766 [9f8cfb01-db61-46a1-9811-99159b4e7961@group-1AB6354DF5A0-LeaderElection85] INFO  segmented.SegmentedRaftLogWorker (SegmentedRaftLogWorker.java:startLogSegment(385)) - 9f8cfb01-db61-46a1-9811-99159b4e7961@group-1AB6354DF5A0-SegmentedRaftLogWorker: Starting segment from index:0
2019-10-11 07:13:29,766 [9f8cfb01-db61-46a1-9811-99159b4e7961@group-1AB6354DF5A0-LeaderElection85] INFO  impl.RaftServerImpl (ServerState.java:setRaftConf(356)) - 9f8cfb01-db61-46a1-9811-99159b4e7961@group-1AB6354DF5A0: set configuration 0: [9f8cfb01-db61-46a1-9811-99159b4e7961:192.168.164.209:43739], old=null at 0
2019-10-11 07:13:29,777 [Thread-2675] INFO  impl.FollowerState (FollowerState.java:run(108)) - 9b39a305-34ae-417e-a6ef-c79dcd13344d@group-444B4C1F2A64-FollowerState: change to CANDIDATE, lastRpcTime:5077ms, electionTimeout:5077ms
2019-10-11 07:13:29,778 [Thread-2675] INFO  impl.RoleInfo (RoleInfo.java:shutdownFollowerState(121)) - 9b39a305-34ae-417e-a6ef-c79dcd13344d: shutdown FollowerState
2019-10-11 07:13:29,778 [Thread-2675] INFO  impl.RaftServerImpl (RaftServerImpl.java:setRole(170)) - 9b39a305-34ae-417e-a6ef-c79dcd13344d@group-444B4C1F2A64: changes role from  FOLLOWER to CANDIDATE at term 0 for changeToCandidate
2019-10-11 07:13:29,778 [Thread-2675] INFO  impl.RoleInfo (RoleInfo.java:updateAndGet(143)) - 9b39a305-34ae-417e-a6ef-c79dcd13344d: start LeaderElection
2019-10-11 07:13:29,803 [9f8cfb01-db61-46a1-9811-99159b4e7961@group-444B4C1F2A64-LeaderElection87] INFO  impl.LeaderElection (LeaderElection.java:askForVotes(178)) - 9f8cfb01-db61-46a1-9811-99159b4e7961@group-444B4C1F2A64-LeaderElection87: begin an election at term 1 for -1: [4973ad19-ef58-44f1-8a76-510d167e8382:192.168.164.209:39934, 9f8cfb01-db61-46a1-9811-99159b4e7961:192.168.164.209:43739, 9b39a305-34ae-417e-a6ef-c79dcd13344d:192.168.164.209:38866], old=null
2019-10-11 07:13:29,803 [4973ad19-ef58-44f1-8a76-510d167e8382@group-444B4C1F2A64-LeaderElection86] INFO  impl.LeaderElection (LeaderElection.java:askForVotes(178)) - 4973ad19-ef58-44f1-8a76-510d167e8382@group-444B4C1F2A64-LeaderElection86: begin an election at term 1 for -1: [4973ad19-ef58-44f1-8a76-510d167e8382:192.168.164.209:39934, 9f8cfb01-db61-46a1-9811-99159b4e7961:192.168.164.209:43739, 9b39a305-34ae-417e-a6ef-c79dcd13344d:192.168.164.209:38866], old=null
2019-10-11 07:13:29,825 [9f8cfb01-db61-46a1-9811-99159b4e7961@group-1AB6354DF5A0-SegmentedRaftLogWorker] INFO  segmented.SegmentedRaftLogWorker (SegmentedRaftLogWorker.java:execute(574)) - 9f8cfb01-db61-46a1-9811-99159b4e7961@group-1AB6354DF5A0-SegmentedRaftLogWorker: created new log segment /workdir/hadoop-ozone/integration-test/target/test-dir/MiniOzoneClusterImpl-06bc33bc-b6bc-4d69-8e6b-09fb0b06b8ae/datanode-5/data/ratis/fedbc733-9756-4469-b9d1-1ab6354df5a0/current/log_inprogress_0
2019-10-11 07:13:29,825 [9b39a305-34ae-417e-a6ef-c79dcd13344d@group-444B4C1F2A64-LeaderElection88] INFO  impl.LeaderElection (LeaderElection.java:askForVotes(178)) - 9b39a305-34ae-417e-a6ef-c79dcd13344d@group-444B4C1F2A64-LeaderElection88: begin an election at term 1 for -1: [4973ad19-ef58-44f1-8a76-510d167e8382:192.168.164.209:39934, 9f8cfb01-db61-46a1-9811-99159b4e7961:192.168.164.209:43739, 9b39a305-34ae-417e-a6ef-c79dcd13344d:192.168.164.209:38866], old=null
2019-10-11 07:13:29,835 [4973ad19-ef58-44f1-8a76-510d167e8382@group-444B4C1F2A64-LeaderElection86] INFO  impl.LeaderElection (LeaderElection.java:logAndReturn(56)) - 4973ad19-ef58-44f1-8a76-510d167e8382@group-444B4C1F2A64-LeaderElection86: Election REJECTED; received 2 response(s) [4973ad19-ef58-44f1-8a76-510d167e8382<-9f8cfb01-db61-46a1-9811-99159b4e7961#0:FAIL-t1, 4973ad19-ef58-44f1-8a76-510d167e8382<-9b39a305-34ae-417e-a6ef-c79dcd13344d#0:FAIL-t1] and 0 exception(s); 4973ad19-ef58-44f1-8a76-510d167e8382@group-444B4C1F2A64:t1, leader=null, voted=4973ad19-ef58-44f1-8a76-510d167e8382, raftlog=4973ad19-ef58-44f1-8a76-510d167e8382@group-444B4C1F2A64-SegmentedRaftLog:OPENED:c-1,f-1,i0, conf=-1: [4973ad19-ef58-44f1-8a76-510d167e8382:192.168.164.209:39934, 9f8cfb01-db61-46a1-9811-99159b4e7961:192.168.164.209:43739, 9b39a305-34ae-417e-a6ef-c79dcd13344d:192.168.164.209:38866], old=null
2019-10-11 07:13:29,835 [9f8cfb01-db61-46a1-9811-99159b4e7961@group-444B4C1F2A64-LeaderElection87] INFO  impl.LeaderElection (LeaderElection.java:logAndReturn(56)) - 9f8cfb01-db61-46a1-9811-99159b4e7961@group-444B4C1F2A64-LeaderElection87: Election REJECTED; received 2 response(s) [9f8cfb01-db61-46a1-9811-99159b4e7961<-4973ad19-ef58-44f1-8a76-510d167e8382#0:FAIL-t1, 9f8cfb01-db61-46a1-9811-99159b4e7961<-9b39a305-34ae-417e-a6ef-c79dcd13344d#0:FAIL-t1] and 0 exception(s); 9f8cfb01-db61-46a1-9811-99159b4e7961@group-444B4C1F2A64:t1, leader=null, voted=9f8cfb01-db61-46a1-9811-99159b4e7961, raftlog=9f8cfb01-db61-46a1-9811-99159b4e7961@group-444B4C1F2A64-SegmentedRaftLog:OPENED:c-1,f-1,i0, conf=-1: [4973ad19-ef58-44f1-8a76-510d167e8382:192.168.164.209:39934, 9f8cfb01-db61-46a1-9811-99159b4e7961:192.168.164.209:43739, 9b39a305-34ae-417e-a6ef-c79dcd13344d:192.168.164.209:38866], old=null
2019-10-11 07:13:29,835 [4973ad19-ef58-44f1-8a76-510d167e8382@group-444B4C1F2A64-LeaderElection86] INFO  impl.RaftServerImpl (RaftServerImpl.java:setRole(170)) - 4973ad19-ef58-44f1-8a76-510d167e8382@group-444B4C1F2A64: changes role from CANDIDATE to FOLLOWER at term 1 for DISCOVERED_A_NEW_TERM
2019-10-11 07:13:29,835 [9f8cfb01-db61-46a1-9811-99159b4e7961@group-444B4C1F2A64-LeaderElection87] INFO  impl.RaftServerImpl (RaftServerImpl.java:setRole(170)) - 9f8cfb01-db61-46a1-9811-99159b4e7961@group-444B4C1F2A64: changes role from CANDIDATE to FOLLOWER at term 1 for DISCOVERED_A_NEW_TERM
2019-10-11 07:13:29,836 [4973ad19-ef58-44f1-8a76-510d167e8382@group-444B4C1F2A64-LeaderElection86] INFO  impl.RoleInfo (RoleInfo.java:shutdownLeaderElection(134)) - 4973ad19-ef58-44f1-8a76-510d167e8382: shutdown LeaderElection
2019-10-11 07:13:29,836 [9f8cfb01-db61-46a1-9811-99159b4e7961@group-444B4C1F2A64-LeaderElection87] INFO  impl.RoleInfo (RoleInfo.java:shutdownLeaderElection(134)) - 9f8cfb01-db61-46a1-9811-99159b4e7961: shutdown LeaderElection
2019-10-11 07:13:29,836 [4973ad19-ef58-44f1-8a76-510d167e8382@group-444B4C1F2A64-LeaderElection86] INFO  impl.RoleInfo (RoleInfo.java:updateAndGet(143)) - 4973ad19-ef58-44f1-8a76-510d167e8382: start FollowerState
2019-10-11 07:13:29,836 [9f8cfb01-db61-46a1-9811-99159b4e7961@group-444B4C1F2A64-LeaderElection87] INFO  impl.RoleInfo (RoleInfo.java:updateAndGet(143)) - 9f8cfb01-db61-46a1-9811-99159b4e7961: start FollowerState
2019-10-11 07:13:29,845 [9b39a305-34ae-417e-a6ef-c79dcd13344d@group-444B4C1F2A64-LeaderElection88] INFO  impl.LeaderElection (LeaderElection.java:logAndReturn(56)) - 9b39a305-34ae-417e-a6ef-c79dcd13344d@group-444B4C1F2A64-LeaderElection88: Election REJECTED; received 2 response(s) [9b39a305-34ae-417e-a6ef-c79dcd13344d<-4973ad19-ef58-44f1-8a76-510d167e8382#0:FAIL-t1, 9b39a305-34ae-417e-a6ef-c79dcd13344d<-9f8cfb01-db61-46a1-9811-99159b4e7961#0:FAIL-t1] and 0 exception(s); 9b39a305-34ae-417e-a6ef-c79dcd13344d@group-444B4C1F2A64:t1, leader=null, voted=9b39a305-34ae-417e-a6ef-c79dcd13344d, raftlog=9b39a305-34ae-417e-a6ef-c79dcd13344d@group-444B4C1F2A64-SegmentedRaftLog:OPENED:c-1,f-1,i0, conf=-1: [4973ad19-ef58-44f1-8a76-510d167e8382:192.168.164.209:39934, 9f8cfb01-db61-46a1-9811-99159b4e7961:192.168.164.209:43739, 9b39a305-34ae-417e-a6ef-c79dcd13344d:192.168.164.209:38866], old=null
2019-10-11 07:13:29,845 [9b39a305-34ae-417e-a6ef-c79dcd13344d@group-444B4C1F2A64-LeaderElection88] INFO  impl.RaftServerImpl (RaftServerImpl.java:setRole(170)) - 9b39a305-34ae-417e-a6ef-c79dcd13344d@group-444B4C1F2A64: changes role from CANDIDATE to FOLLOWER at term 1 for DISCOVERED_A_NEW_TERM
2019-10-11 07:13:29,845 [9b39a305-34ae-417e-a6ef-c79dcd13344d@group-444B4C1F2A64-LeaderElection88] INFO  impl.RoleInfo (RoleInfo.java:shutdownLeaderElection(134)) - 9b39a305-34ae-417e-a6ef-c79dcd13344d: shutdown LeaderElection
2019-10-11 07:13:29,845 [9b39a305-34ae-417e-a6ef-c79dcd13344d@group-444B4C1F2A64-LeaderElection88] INFO  impl.RoleInfo (RoleInfo.java:updateAndGet(143)) - 9b39a305-34ae-417e-a6ef-c79dcd13344d: start FollowerState
2019-10-11 07:13:30,281 [RatisPipelineUtilsThread] WARN  pipeline.RatisPipelineUtils (RatisPipelineUtils.java:destroyPipeline(69)) - Pipeline destroy failed for pipeline=PipelineID=4b7d3e2b-a92f-4375-b350-b0675d9502c4 dn=0f24eb1f-961d-4620-8d5d-0b1f3f575a32{ip: 192.168.164.209, host: pr-hdds-2206-npvv8-3563359771, networkLocation: /default-rack, certSerialId: null}
2019-10-11 07:13:30,283 [RatisPipelineUtilsThread] WARN  pipeline.RatisPipelineUtils (RatisPipelineUtils.java:destroyPipeline(69)) - Pipeline destroy failed for pipeline=PipelineID=4b7d3e2b-a92f-4375-b350-b0675d9502c4 dn=58d7d782-e238-4c9b-b037-a54f89fdb2a5{ip: 192.168.164.209, host: pr-hdds-2206-npvv8-3563359771, networkLocation: /default-rack, certSerialId: null}
2019-10-11 07:13:30,286 [grpc-default-executor-10] INFO  impl.RaftServerProxy (RaftServerProxy.java:remove(95)) - b8d03a4d-e915-4eff-b2e5-95cc028c1e9d: remove group-B0675D9502C4:null
2019-10-11 07:13:30,304 [RatisPipelineUtilsThread] WARN  pipeline.RatisPipelineUtils (RatisPipelineUtils.java:destroyPipeline(69)) - Pipeline destroy failed for pipeline=PipelineID=4b7d3e2b-a92f-4375-b350-b0675d9502c4 dn=b8d03a4d-e915-4eff-b2e5-95cc028c1e9d{ip: 192.168.164.209, host: pr-hdds-2206-npvv8-3563359771, networkLocation: /default-rack, certSerialId: null}
2019-10-11 07:13:30,304 [RatisPipelineUtilsThread] ERROR pipeline.SCMPipelineManager (Scheduler.java:lambda$schedule$1(70)) - Destroy pipeline failed for pipeline:Pipeline[ Id: 4b7d3e2b-a92f-4375-b350-b0675d9502c4, Nodes: 0f24eb1f-961d-4620-8d5d-0b1f3f575a32{ip: 192.168.164.209, host: pr-hdds-2206-npvv8-3563359771, networkLocation: /default-rack, certSerialId: null}58d7d782-e238-4c9b-b037-a54f89fdb2a5{ip: 192.168.164.209, host: pr-hdds-2206-npvv8-3563359771, networkLocation: /default-rack, certSerialId: null}b8d03a4d-e915-4eff-b2e5-95cc028c1e9d{ip: 192.168.164.209, host: pr-hdds-2206-npvv8-3563359771, networkLocation: /default-rack, certSerialId: null}, Type:RATIS, Factor:THREE, State:CLOSED]
org.apache.hadoop.hdds.scm.pipeline.PipelineNotFoundException: PipelineID=4b7d3e2b-a92f-4375-b350-b0675d9502c4 not found
	at org.apache.hadoop.hdds.scm.pipeline.PipelineStateMap.getPipeline(PipelineStateMap.java:132)
	at org.apache.hadoop.hdds.scm.pipeline.PipelineStateMap.removePipeline(PipelineStateMap.java:322)
	at org.apache.hadoop.hdds.scm.pipeline.PipelineStateManager.removePipeline(PipelineStateManager.java:107)
	at org.apache.hadoop.hdds.scm.pipeline.SCMPipelineManager.removePipeline(SCMPipelineManager.java:427)
	at org.apache.hadoop.hdds.scm.pipeline.SCMPipelineManager.destroyPipeline(SCMPipelineManager.java:413)
	at org.apache.hadoop.hdds.scm.pipeline.SCMPipelineManager.lambda$finalizeAndDestroyPipeline$0(SCMPipelineManager.java:322)
	at org.apache.hadoop.hdds.utils.Scheduler.lambda$schedule$1(Scheduler.java:68)
	at java.util.concurrent.Executors$RunnableAdapter.call(Executors.java:511)
	at java.util.concurrent.FutureTask.run(FutureTask.java:266)
	at java.util.concurrent.ScheduledThreadPoolExecutor$ScheduledFutureTask.access$201(ScheduledThreadPoolExecutor.java:180)
	at java.util.concurrent.ScheduledThreadPoolExecutor$ScheduledFutureTask.run(ScheduledThreadPoolExecutor.java:293)
	at java.util.concurrent.ThreadPoolExecutor.runWorker(ThreadPoolExecutor.java:1149)
	at java.util.concurrent.ThreadPoolExecutor$Worker.run(ThreadPoolExecutor.java:624)
	at java.lang.Thread.run(Thread.java:748)
2019-10-11 07:13:30,580 [main] INFO  ozone.MiniOzoneClusterImpl (MiniOzoneClusterImpl.java:lambda$waitForClusterToBeReady$0(147)) - Cluster is ready. Got 7 of 7 DN Heartbeats.
2019-10-11 07:13:33,280 [RatisPipelineUtilsThread] WARN  pipeline.RatisPipelineUtils (RatisPipelineUtils.java:destroyPipeline(69)) - Pipeline destroy failed for pipeline=PipelineID=4b7d3e2b-a92f-4375-b350-b0675d9502c4 dn=0f24eb1f-961d-4620-8d5d-0b1f3f575a32{ip: 192.168.164.209, host: pr-hdds-2206-npvv8-3563359771, networkLocation: /default-rack, certSerialId: null}
2019-10-11 07:13:33,282 [RatisPipelineUtilsThread] WARN  pipeline.RatisPipelineUtils (RatisPipelineUtils.java:destroyPipeline(69)) - Pipeline destroy failed for pipeline=PipelineID=4b7d3e2b-a92f-4375-b350-b0675d9502c4 dn=58d7d782-e238-4c9b-b037-a54f89fdb2a5{ip: 192.168.164.209, host: pr-hdds-2206-npvv8-3563359771, networkLocation: /default-rack, certSerialId: null}
2019-10-11 07:13:33,286 [grpc-default-executor-7] INFO  impl.RaftServerProxy (RaftServerProxy.java:remove(95)) - b8d03a4d-e915-4eff-b2e5-95cc028c1e9d: remove group-B0675D9502C4:null
2019-10-11 07:13:33,302 [RatisPipelineUtilsThread] WARN  pipeline.RatisPipelineUtils (RatisPipelineUtils.java:destroyPipeline(69)) - Pipeline destroy failed for pipeline=PipelineID=4b7d3e2b-a92f-4375-b350-b0675d9502c4 dn=b8d03a4d-e915-4eff-b2e5-95cc028c1e9d{ip: 192.168.164.209, host: pr-hdds-2206-npvv8-3563359771, networkLocation: /default-rack, certSerialId: null}
2019-10-11 07:13:33,303 [RatisPipelineUtilsThread] ERROR pipeline.SCMPipelineManager (Scheduler.java:lambda$schedule$1(70)) - Destroy pipeline failed for pipeline:Pipeline[ Id: 4b7d3e2b-a92f-4375-b350-b0675d9502c4, Nodes: 0f24eb1f-961d-4620-8d5d-0b1f3f575a32{ip: 192.168.164.209, host: pr-hdds-2206-npvv8-3563359771, networkLocation: /default-rack, certSerialId: null}58d7d782-e238-4c9b-b037-a54f89fdb2a5{ip: 192.168.164.209, host: pr-hdds-2206-npvv8-3563359771, networkLocation: /default-rack, certSerialId: null}b8d03a4d-e915-4eff-b2e5-95cc028c1e9d{ip: 192.168.164.209, host: pr-hdds-2206-npvv8-3563359771, networkLocation: /default-rack, certSerialId: null}, Type:RATIS, Factor:THREE, State:CLOSED]
org.apache.hadoop.hdds.scm.pipeline.PipelineNotFoundException: PipelineID=4b7d3e2b-a92f-4375-b350-b0675d9502c4 not found
	at org.apache.hadoop.hdds.scm.pipeline.PipelineStateMap.getPipeline(PipelineStateMap.java:132)
	at org.apache.hadoop.hdds.scm.pipeline.PipelineStateMap.removePipeline(PipelineStateMap.java:322)
	at org.apache.hadoop.hdds.scm.pipeline.PipelineStateManager.removePipeline(PipelineStateManager.java:107)
	at org.apache.hadoop.hdds.scm.pipeline.SCMPipelineManager.removePipeline(SCMPipelineManager.java:427)
	at org.apache.hadoop.hdds.scm.pipeline.SCMPipelineManager.destroyPipeline(SCMPipelineManager.java:413)
	at org.apache.hadoop.hdds.scm.pipeline.SCMPipelineManager.lambda$finalizeAndDestroyPipeline$0(SCMPipelineManager.java:322)
	at org.apache.hadoop.hdds.utils.Scheduler.lambda$schedule$1(Scheduler.java:68)
	at java.util.concurrent.Executors$RunnableAdapter.call(Executors.java:511)
	at java.util.concurrent.FutureTask.run(FutureTask.java:266)
	at java.util.concurrent.ScheduledThreadPoolExecutor$ScheduledFutureTask.access$201(ScheduledThreadPoolExecutor.java:180)
	at java.util.concurrent.ScheduledThreadPoolExecutor$ScheduledFutureTask.run(ScheduledThreadPoolExecutor.java:293)
	at java.util.concurrent.ThreadPoolExecutor.runWorker(ThreadPoolExecutor.java:1149)
	at java.util.concurrent.ThreadPoolExecutor$Worker.run(ThreadPoolExecutor.java:624)
	at java.lang.Thread.run(Thread.java:748)
2019-10-11 07:13:34,796 [Thread-2692] INFO  impl.FollowerState (FollowerState.java:run(108)) - bfcce417-ffce-4e15-8884-6dcc311fe512@group-248D6D59B70E-FollowerState: change to CANDIDATE, lastRpcTime:5124ms, electionTimeout:5124ms
2019-10-11 07:13:34,796 [Thread-2692] INFO  impl.RoleInfo (RoleInfo.java:shutdownFollowerState(121)) - bfcce417-ffce-4e15-8884-6dcc311fe512: shutdown FollowerState
2019-10-11 07:13:34,796 [Thread-2692] INFO  impl.RaftServerImpl (RaftServerImpl.java:setRole(170)) - bfcce417-ffce-4e15-8884-6dcc311fe512@group-248D6D59B70E: changes role from  FOLLOWER to CANDIDATE at term 0 for changeToCandidate
2019-10-11 07:13:34,796 [Thread-2692] INFO  impl.RoleInfo (RoleInfo.java:updateAndGet(143)) - bfcce417-ffce-4e15-8884-6dcc311fe512: start LeaderElection
2019-10-11 07:13:34,826 [bfcce417-ffce-4e15-8884-6dcc311fe512@group-248D6D59B70E-LeaderElection89] INFO  impl.LeaderElection (LeaderElection.java:askForVotes(178)) - bfcce417-ffce-4e15-8884-6dcc311fe512@group-248D6D59B70E-LeaderElection89: begin an election at term 1 for -1: [bfcce417-ffce-4e15-8884-6dcc311fe512:192.168.164.209:37550], old=null
2019-10-11 07:13:34,827 [bfcce417-ffce-4e15-8884-6dcc311fe512@group-248D6D59B70E-LeaderElection89] INFO  impl.RoleInfo (RoleInfo.java:shutdownLeaderElection(134)) - bfcce417-ffce-4e15-8884-6dcc311fe512: shutdown LeaderElection
2019-10-11 07:13:34,827 [bfcce417-ffce-4e15-8884-6dcc311fe512@group-248D6D59B70E-LeaderElection89] INFO  impl.RaftServerImpl (RaftServerImpl.java:setRole(170)) - bfcce417-ffce-4e15-8884-6dcc311fe512@group-248D6D59B70E: changes role from CANDIDATE to LEADER at term 1 for changeToLeader
2019-10-11 07:13:34,827 [bfcce417-ffce-4e15-8884-6dcc311fe512@group-248D6D59B70E-LeaderElection89] INFO  impl.RaftServerImpl (ServerState.java:setLeader(255)) - bfcce417-ffce-4e15-8884-6dcc311fe512@group-248D6D59B70E: change Leader from null to bfcce417-ffce-4e15-8884-6dcc311fe512 at term 1 for becomeLeader, leader elected after 5163ms
2019-10-11 07:13:34,827 [bfcce417-ffce-4e15-8884-6dcc311fe512@group-248D6D59B70E-LeaderElection89] INFO  server.RaftServerConfigKeys (ConfUtils.java:logGet(43)) - raft.server.staging.catchup.gap = 1000 (default)
2019-10-11 07:13:34,827 [bfcce417-ffce-4e15-8884-6dcc311fe512@group-248D6D59B70E-LeaderElection89] INFO  server.RaftServerConfigKeys (ConfUtils.java:logGet(43)) - raft.server.rpc.sleep.time = 25ms (default)
2019-10-11 07:13:34,827 [bfcce417-ffce-4e15-8884-6dcc311fe512@group-248D6D59B70E-LeaderElection89] INFO  server.RaftServerConfigKeys (ConfUtils.java:logGet(43)) - raft.server.write.element-limit = 4096 (default)
2019-10-11 07:13:34,827 [bfcce417-ffce-4e15-8884-6dcc311fe512@group-248D6D59B70E-LeaderElection89] INFO  server.RaftServerConfigKeys (ConfUtils.java:logGet(43)) - raft.server.watch.timeout = 10s (default)
2019-10-11 07:13:34,828 [bfcce417-ffce-4e15-8884-6dcc311fe512@group-248D6D59B70E-LeaderElection89] INFO  server.RaftServerConfigKeys (ConfUtils.java:logGet(43)) - raft.server.watch.timeout.denomination = 1s (default)
2019-10-11 07:13:34,828 [bfcce417-ffce-4e15-8884-6dcc311fe512@group-248D6D59B70E-LeaderElection89] INFO  server.RaftServerConfigKeys (ConfUtils.java:logGet(43)) - raft.server.watch.element-limit = 65536 (default)
2019-10-11 07:13:34,830 [bfcce417-ffce-4e15-8884-6dcc311fe512@group-248D6D59B70E-LeaderElection89] INFO  impl.RoleInfo (RoleInfo.java:updateAndGet(143)) - bfcce417-ffce-4e15-8884-6dcc311fe512: start LeaderState
2019-10-11 07:13:34,830 [bfcce417-ffce-4e15-8884-6dcc311fe512@group-248D6D59B70E-LeaderElection89] INFO  segmented.SegmentedRaftLogWorker (SegmentedRaftLogWorker.java:startLogSegment(385)) - bfcce417-ffce-4e15-8884-6dcc311fe512@group-248D6D59B70E-SegmentedRaftLogWorker: Starting segment from index:0
2019-10-11 07:13:34,831 [bfcce417-ffce-4e15-8884-6dcc311fe512@group-248D6D59B70E-LeaderElection89] INFO  impl.RaftServerImpl (ServerState.java:setRaftConf(356)) - bfcce417-ffce-4e15-8884-6dcc311fe512@group-248D6D59B70E: set configuration 0: [bfcce417-ffce-4e15-8884-6dcc311fe512:192.168.164.209:37550], old=null at 0
2019-10-11 07:13:34,872 [Thread-2706] INFO  impl.FollowerState (FollowerState.java:run(108)) - 9f8cfb01-db61-46a1-9811-99159b4e7961@group-444B4C1F2A64-FollowerState: change to CANDIDATE, lastRpcTime:5036ms, electionTimeout:5012ms
2019-10-11 07:13:34,873 [Thread-2706] INFO  impl.RoleInfo (RoleInfo.java:shutdownFollowerState(121)) - 9f8cfb01-db61-46a1-9811-99159b4e7961: shutdown FollowerState
2019-10-11 07:13:34,873 [Thread-2706] INFO  impl.RaftServerImpl (RaftServerImpl.java:setRole(170)) - 9f8cfb01-db61-46a1-9811-99159b4e7961@group-444B4C1F2A64: changes role from  FOLLOWER to CANDIDATE at term 1 for changeToCandidate
2019-10-11 07:13:34,873 [Thread-2706] INFO  impl.RoleInfo (RoleInfo.java:updateAndGet(143)) - 9f8cfb01-db61-46a1-9811-99159b4e7961: start LeaderElection
2019-10-11 07:13:34,893 [Thread-2705] INFO  impl.FollowerState (FollowerState.java:run(108)) - 4973ad19-ef58-44f1-8a76-510d167e8382@group-444B4C1F2A64-FollowerState: change to CANDIDATE, lastRpcTime:5056ms, electionTimeout:5056ms
2019-10-11 07:13:34,893 [Thread-2705] INFO  impl.RoleInfo (RoleInfo.java:shutdownFollowerState(121)) - 4973ad19-ef58-44f1-8a76-510d167e8382: shutdown FollowerState
2019-10-11 07:13:34,893 [Thread-2705] INFO  impl.RaftServerImpl (RaftServerImpl.java:setRole(170)) - 4973ad19-ef58-44f1-8a76-510d167e8382@group-444B4C1F2A64: changes role from  FOLLOWER to CANDIDATE at term 1 for changeToCandidate
2019-10-11 07:13:34,893 [Thread-2705] INFO  impl.RoleInfo (RoleInfo.java:updateAndGet(143)) - 4973ad19-ef58-44f1-8a76-510d167e8382: start LeaderElection
2019-10-11 07:13:34,898 [bfcce417-ffce-4e15-8884-6dcc311fe512@group-248D6D59B70E-SegmentedRaftLogWorker] INFO  segmented.SegmentedRaftLogWorker (SegmentedRaftLogWorker.java:execute(574)) - bfcce417-ffce-4e15-8884-6dcc311fe512@group-248D6D59B70E-SegmentedRaftLogWorker: created new log segment /workdir/hadoop-ozone/integration-test/target/test-dir/MiniOzoneClusterImpl-06bc33bc-b6bc-4d69-8e6b-09fb0b06b8ae/datanode-6/data/ratis/6d76f063-8d45-4d3f-b4bb-248d6d59b70e/current/log_inprogress_0
2019-10-11 07:13:34,898 [9f8cfb01-db61-46a1-9811-99159b4e7961@group-444B4C1F2A64-LeaderElection90] INFO  impl.LeaderElection (LeaderElection.java:askForVotes(178)) - 9f8cfb01-db61-46a1-9811-99159b4e7961@group-444B4C1F2A64-LeaderElection90: begin an election at term 2 for -1: [4973ad19-ef58-44f1-8a76-510d167e8382:192.168.164.209:39934, 9f8cfb01-db61-46a1-9811-99159b4e7961:192.168.164.209:43739, 9b39a305-34ae-417e-a6ef-c79dcd13344d:192.168.164.209:38866], old=null
2019-10-11 07:13:34,901 [grpc-default-executor-10] INFO  impl.RaftServerImpl (RaftServerImpl.java:setRole(170)) - 9b39a305-34ae-417e-a6ef-c79dcd13344d@group-444B4C1F2A64: changes role from  FOLLOWER to FOLLOWER at term 2 for recognizeCandidate:9f8cfb01-db61-46a1-9811-99159b4e7961
2019-10-11 07:13:34,901 [grpc-default-executor-10] INFO  impl.RoleInfo (RoleInfo.java:shutdownFollowerState(121)) - 9b39a305-34ae-417e-a6ef-c79dcd13344d: shutdown FollowerState
2019-10-11 07:13:34,901 [grpc-default-executor-10] INFO  impl.RoleInfo (RoleInfo.java:updateAndGet(143)) - 9b39a305-34ae-417e-a6ef-c79dcd13344d: start FollowerState
2019-10-11 07:13:34,901 [Thread-2707] INFO  impl.FollowerState (FollowerState.java:run(117)) - 9b39a305-34ae-417e-a6ef-c79dcd13344d@group-444B4C1F2A64-FollowerState was interrupted: java.lang.InterruptedException: sleep interrupted
2019-10-11 07:13:34,921 [4973ad19-ef58-44f1-8a76-510d167e8382@group-444B4C1F2A64-LeaderElection91] INFO  impl.LeaderElection (LeaderElection.java:askForVotes(178)) - 4973ad19-ef58-44f1-8a76-510d167e8382@group-444B4C1F2A64-LeaderElection91: begin an election at term 2 for -1: [4973ad19-ef58-44f1-8a76-510d167e8382:192.168.164.209:39934, 9f8cfb01-db61-46a1-9811-99159b4e7961:192.168.164.209:43739, 9b39a305-34ae-417e-a6ef-c79dcd13344d:192.168.164.209:38866], old=null
2019-10-11 07:13:34,922 [9f8cfb01-db61-46a1-9811-99159b4e7961@group-444B4C1F2A64-LeaderElection90] INFO  impl.LeaderElection (LeaderElection.java:logAndReturn(56)) - 9f8cfb01-db61-46a1-9811-99159b4e7961@group-444B4C1F2A64-LeaderElection90: Election PASSED; received 1 response(s) [9f8cfb01-db61-46a1-9811-99159b4e7961<-9b39a305-34ae-417e-a6ef-c79dcd13344d#0:OK-t2] and 0 exception(s); 9f8cfb01-db61-46a1-9811-99159b4e7961@group-444B4C1F2A64:t2, leader=null, voted=9f8cfb01-db61-46a1-9811-99159b4e7961, raftlog=9f8cfb01-db61-46a1-9811-99159b4e7961@group-444B4C1F2A64-SegmentedRaftLog:OPENED:c-1,f-1,i0, conf=-1: [4973ad19-ef58-44f1-8a76-510d167e8382:192.168.164.209:39934, 9f8cfb01-db61-46a1-9811-99159b4e7961:192.168.164.209:43739, 9b39a305-34ae-417e-a6ef-c79dcd13344d:192.168.164.209:38866], old=null
2019-10-11 07:13:34,922 [9f8cfb01-db61-46a1-9811-99159b4e7961@group-444B4C1F2A64-LeaderElection90] INFO  impl.RoleInfo (RoleInfo.java:shutdownLeaderElection(134)) - 9f8cfb01-db61-46a1-9811-99159b4e7961: shutdown LeaderElection
2019-10-11 07:13:34,923 [9f8cfb01-db61-46a1-9811-99159b4e7961@group-444B4C1F2A64-LeaderElection90] INFO  impl.RaftServerImpl (RaftServerImpl.java:setRole(170)) - 9f8cfb01-db61-46a1-9811-99159b4e7961@group-444B4C1F2A64: changes role from CANDIDATE to LEADER at term 2 for changeToLeader
2019-10-11 07:13:34,923 [9f8cfb01-db61-46a1-9811-99159b4e7961@group-444B4C1F2A64-LeaderElection90] INFO  impl.RaftServerImpl (ServerState.java:setLeader(255)) - 9f8cfb01-db61-46a1-9811-99159b4e7961@group-444B4C1F2A64: change Leader from null to 9f8cfb01-db61-46a1-9811-99159b4e7961 at term 2 for becomeLeader, leader elected after 10238ms
2019-10-11 07:13:34,923 [9f8cfb01-db61-46a1-9811-99159b4e7961@group-444B4C1F2A64-LeaderElection90] INFO  server.RaftServerConfigKeys (ConfUtils.java:logGet(43)) - raft.server.staging.catchup.gap = 1000 (default)
2019-10-11 07:13:34,923 [9f8cfb01-db61-46a1-9811-99159b4e7961@group-444B4C1F2A64-LeaderElection90] INFO  server.RaftServerConfigKeys (ConfUtils.java:logGet(43)) - raft.server.rpc.sleep.time = 25ms (default)
2019-10-11 07:13:34,923 [9f8cfb01-db61-46a1-9811-99159b4e7961@group-444B4C1F2A64-LeaderElection90] INFO  server.RaftServerConfigKeys (ConfUtils.java:logGet(43)) - raft.server.write.element-limit = 4096 (default)
2019-10-11 07:13:34,923 [9f8cfb01-db61-46a1-9811-99159b4e7961@group-444B4C1F2A64-LeaderElection90] INFO  server.RaftServerConfigKeys (ConfUtils.java:logGet(43)) - raft.server.watch.timeout = 10s (default)
2019-10-11 07:13:34,923 [9f8cfb01-db61-46a1-9811-99159b4e7961@group-444B4C1F2A64-LeaderElection90] INFO  server.RaftServerConfigKeys (ConfUtils.java:logGet(43)) - raft.server.watch.timeout.denomination = 1s (default)
2019-10-11 07:13:34,924 [9f8cfb01-db61-46a1-9811-99159b4e7961@group-444B4C1F2A64-LeaderElection90] INFO  server.RaftServerConfigKeys (ConfUtils.java:logGet(43)) - raft.server.watch.element-limit = 65536 (default)
2019-10-11 07:13:34,927 [9f8cfb01-db61-46a1-9811-99159b4e7961@group-444B4C1F2A64-LeaderElection90] INFO  server.RaftServerConfigKeys (ConfUtils.java:logGet(43)) - raft.server.log.appender.snapshot.chunk.size.max = 16MB (=16777216) (default)
2019-10-11 07:13:34,928 [9f8cfb01-db61-46a1-9811-99159b4e7961@group-444B4C1F2A64-LeaderElection90] INFO  server.RaftServerConfigKeys (ConfUtils.java:logGet(43)) - raft.server.log.appender.buffer.byte-limit = 33554432 (custom)
2019-10-11 07:13:34,928 [9f8cfb01-db61-46a1-9811-99159b4e7961@group-444B4C1F2A64-LeaderElection90] INFO  server.RaftServerConfigKeys (ConfUtils.java:logGet(43)) - raft.server.log.appender.buffer.element-limit = 1 (custom)
2019-10-11 07:13:34,928 [9f8cfb01-db61-46a1-9811-99159b4e7961@group-444B4C1F2A64-LeaderElection90] INFO  grpc.GrpcConfigKeys$Server (ConfUtils.java:logGet(43)) - raft.grpc.server.leader.outstanding.appends.max = 128 (default)
2019-10-11 07:13:34,928 [9f8cfb01-db61-46a1-9811-99159b4e7961@group-444B4C1F2A64-LeaderElection90] INFO  server.RaftServerConfigKeys (ConfUtils.java:logGet(43)) - raft.server.rpc.request.timeout = 3000ms (default)
2019-10-11 07:13:34,928 [9f8cfb01-db61-46a1-9811-99159b4e7961@group-444B4C1F2A64-LeaderElection90] INFO  server.RaftServerConfigKeys (ConfUtils.java:logGet(43)) - raft.server.log.appender.install.snapshot.enabled = false (custom)
2019-10-11 07:13:34,929 [9f8cfb01-db61-46a1-9811-99159b4e7961@group-444B4C1F2A64-LeaderElection90] INFO  server.RaftServerConfigKeys (ConfUtils.java:logGet(43)) - raft.server.log.appender.snapshot.chunk.size.max = 16MB (=16777216) (default)
2019-10-11 07:13:34,929 [9f8cfb01-db61-46a1-9811-99159b4e7961@group-444B4C1F2A64-LeaderElection90] INFO  server.RaftServerConfigKeys (ConfUtils.java:logGet(43)) - raft.server.log.appender.buffer.byte-limit = 33554432 (custom)
2019-10-11 07:13:34,929 [9f8cfb01-db61-46a1-9811-99159b4e7961@group-444B4C1F2A64-LeaderElection90] INFO  server.RaftServerConfigKeys (ConfUtils.java:logGet(43)) - raft.server.log.appender.buffer.element-limit = 1 (custom)
2019-10-11 07:13:34,929 [9f8cfb01-db61-46a1-9811-99159b4e7961@group-444B4C1F2A64-LeaderElection90] INFO  grpc.GrpcConfigKeys$Server (ConfUtils.java:logGet(43)) - raft.grpc.server.leader.outstanding.appends.max = 128 (default)
2019-10-11 07:13:34,929 [9f8cfb01-db61-46a1-9811-99159b4e7961@group-444B4C1F2A64-LeaderElection90] INFO  server.RaftServerConfigKeys (ConfUtils.java:logGet(43)) - raft.server.rpc.request.timeout = 3000ms (default)
2019-10-11 07:13:34,929 [9f8cfb01-db61-46a1-9811-99159b4e7961@group-444B4C1F2A64-LeaderElection90] INFO  server.RaftServerConfigKeys (ConfUtils.java:logGet(43)) - raft.server.log.appender.install.snapshot.enabled = false (custom)
2019-10-11 07:13:34,929 [9f8cfb01-db61-46a1-9811-99159b4e7961@group-444B4C1F2A64-LeaderElection90] INFO  impl.RoleInfo (RoleInfo.java:updateAndGet(143)) - 9f8cfb01-db61-46a1-9811-99159b4e7961: start LeaderState
2019-10-11 07:13:34,930 [9f8cfb01-db61-46a1-9811-99159b4e7961@group-444B4C1F2A64-LeaderElection90] INFO  segmented.SegmentedRaftLogWorker (SegmentedRaftLogWorker.java:startLogSegment(385)) - 9f8cfb01-db61-46a1-9811-99159b4e7961@group-444B4C1F2A64-SegmentedRaftLogWorker: Starting segment from index:0
2019-10-11 07:13:34,930 [9f8cfb01-db61-46a1-9811-99159b4e7961@group-444B4C1F2A64-LeaderElection90] INFO  impl.RaftServerImpl (ServerState.java:setRaftConf(356)) - 9f8cfb01-db61-46a1-9811-99159b4e7961@group-444B4C1F2A64: set configuration 0: [4973ad19-ef58-44f1-8a76-510d167e8382:192.168.164.209:39934, 9f8cfb01-db61-46a1-9811-99159b4e7961:192.168.164.209:43739, 9b39a305-34ae-417e-a6ef-c79dcd13344d:192.168.164.209:38866], old=null at 0
2019-10-11 07:13:34,973 [grpc-default-executor-10] INFO  impl.RaftServerImpl (RaftServerImpl.java:requestVote(754)) - 9f8cfb01-db61-46a1-9811-99159b4e7961@group-444B4C1F2A64-   LEADER: Withhold vote from candidate 4973ad19-ef58-44f1-8a76-510d167e8382 with term 2. State: leader=9f8cfb01-db61-46a1-9811-99159b4e7961, term=2, lastRpcElapsed=null
2019-10-11 07:13:34,973 [grpc-default-executor-7] INFO  impl.RaftServerImpl (ServerState.java:setLeader(255)) - 9b39a305-34ae-417e-a6ef-c79dcd13344d@group-444B4C1F2A64: change Leader from null to 9f8cfb01-db61-46a1-9811-99159b4e7961 at term 2 for appendEntries, leader elected after 10287ms
2019-10-11 07:13:34,974 [4973ad19-ef58-44f1-8a76-510d167e8382@group-444B4C1F2A64-LeaderElection91] INFO  impl.LeaderElection (LeaderElection.java:logAndReturn(56)) - 4973ad19-ef58-44f1-8a76-510d167e8382@group-444B4C1F2A64-LeaderElection91: Election REJECTED; received 2 response(s) [4973ad19-ef58-44f1-8a76-510d167e8382<-9f8cfb01-db61-46a1-9811-99159b4e7961#0:FAIL-t2, 4973ad19-ef58-44f1-8a76-510d167e8382<-9b39a305-34ae-417e-a6ef-c79dcd13344d#0:FAIL-t2] and 0 exception(s); 4973ad19-ef58-44f1-8a76-510d167e8382@group-444B4C1F2A64:t2, leader=null, voted=4973ad19-ef58-44f1-8a76-510d167e8382, raftlog=4973ad19-ef58-44f1-8a76-510d167e8382@group-444B4C1F2A64-SegmentedRaftLog:OPENED:c-1,f-1,i0, conf=-1: [4973ad19-ef58-44f1-8a76-510d167e8382:192.168.164.209:39934, 9f8cfb01-db61-46a1-9811-99159b4e7961:192.168.164.209:43739, 9b39a305-34ae-417e-a6ef-c79dcd13344d:192.168.164.209:38866], old=null
2019-10-11 07:13:34,974 [grpc-default-executor-7] INFO  impl.RaftServerImpl (RaftServerImpl.java:setRole(170)) - 4973ad19-ef58-44f1-8a76-510d167e8382@group-444B4C1F2A64: changes role from CANDIDATE to FOLLOWER at term 2 for appendEntries
2019-10-11 07:13:34,974 [grpc-default-executor-7] INFO  impl.RoleInfo (RoleInfo.java:shutdownLeaderElection(134)) - 4973ad19-ef58-44f1-8a76-510d167e8382: shutdown LeaderElection
2019-10-11 07:13:34,974 [grpc-default-executor-7] INFO  impl.RoleInfo (RoleInfo.java:updateAndGet(143)) - 4973ad19-ef58-44f1-8a76-510d167e8382: start FollowerState
2019-10-11 07:13:34,975 [grpc-default-executor-7] INFO  impl.RaftServerImpl (ServerState.java:setLeader(255)) - 4973ad19-ef58-44f1-8a76-510d167e8382@group-444B4C1F2A64: change Leader from null to 9f8cfb01-db61-46a1-9811-99159b4e7961 at term 2 for appendEntries, leader elected after 10290ms
2019-10-11 07:13:34,976 [grpc-default-executor-7] INFO  impl.RaftServerImpl (ServerState.java:setRaftConf(356)) - 9b39a305-34ae-417e-a6ef-c79dcd13344d@group-444B4C1F2A64: set configuration 0: [4973ad19-ef58-44f1-8a76-510d167e8382:192.168.164.209:39934, 9f8cfb01-db61-46a1-9811-99159b4e7961:192.168.164.209:43739, 9b39a305-34ae-417e-a6ef-c79dcd13344d:192.168.164.209:38866], old=null at 0
2019-10-11 07:13:34,976 [grpc-default-executor-7] INFO  segmented.SegmentedRaftLogWorker (SegmentedRaftLogWorker.java:startLogSegment(385)) - 9b39a305-34ae-417e-a6ef-c79dcd13344d@group-444B4C1F2A64-SegmentedRaftLogWorker: Starting segment from index:0
2019-10-11 07:13:34,977 [grpc-default-executor-10] INFO  impl.RaftServerImpl (ServerState.java:setRaftConf(356)) - 4973ad19-ef58-44f1-8a76-510d167e8382@group-444B4C1F2A64: set configuration 0: [4973ad19-ef58-44f1-8a76-510d167e8382:192.168.164.209:39934, 9f8cfb01-db61-46a1-9811-99159b4e7961:192.168.164.209:43739, 9b39a305-34ae-417e-a6ef-c79dcd13344d:192.168.164.209:38866], old=null at 0
2019-10-11 07:13:34,977 [grpc-default-executor-10] INFO  segmented.SegmentedRaftLogWorker (SegmentedRaftLogWorker.java:startLogSegment(385)) - 4973ad19-ef58-44f1-8a76-510d167e8382@group-444B4C1F2A64-SegmentedRaftLogWorker: Starting segment from index:0
2019-10-11 07:13:34,994 [9f8cfb01-db61-46a1-9811-99159b4e7961@group-444B4C1F2A64-SegmentedRaftLogWorker] INFO  segmented.SegmentedRaftLogWorker (SegmentedRaftLogWorker.java:execute(574)) - 9f8cfb01-db61-46a1-9811-99159b4e7961@group-444B4C1F2A64-SegmentedRaftLogWorker: created new log segment /workdir/hadoop-ozone/integration-test/target/test-dir/MiniOzoneClusterImpl-06bc33bc-b6bc-4d69-8e6b-09fb0b06b8ae/datanode-5/data/ratis/34a574a2-b23e-4a2d-9b43-444b4c1f2a64/current/log_inprogress_0
2019-10-11 07:13:35,025 [9b39a305-34ae-417e-a6ef-c79dcd13344d@group-444B4C1F2A64-SegmentedRaftLogWorker] INFO  segmented.SegmentedRaftLogWorker (SegmentedRaftLogWorker.java:execute(574)) - 9b39a305-34ae-417e-a6ef-c79dcd13344d@group-444B4C1F2A64-SegmentedRaftLogWorker: created new log segment /workdir/hadoop-ozone/integration-test/target/test-dir/MiniOzoneClusterImpl-06bc33bc-b6bc-4d69-8e6b-09fb0b06b8ae/datanode-4/data/ratis/34a574a2-b23e-4a2d-9b43-444b4c1f2a64/current/log_inprogress_0
2019-10-11 07:13:35,025 [4973ad19-ef58-44f1-8a76-510d167e8382@group-444B4C1F2A64-SegmentedRaftLogWorker] INFO  segmented.SegmentedRaftLogWorker (SegmentedRaftLogWorker.java:execute(574)) - 4973ad19-ef58-44f1-8a76-510d167e8382@group-444B4C1F2A64-SegmentedRaftLogWorker: created new log segment /workdir/hadoop-ozone/integration-test/target/test-dir/MiniOzoneClusterImpl-06bc33bc-b6bc-4d69-8e6b-09fb0b06b8ae/datanode-3/data/ratis/34a574a2-b23e-4a2d-9b43-444b4c1f2a64/current/log_inprogress_0
2019-10-11 07:13:35,280 [RatisPipelineUtilsThread] WARN  pipeline.RatisPipelineUtils (RatisPipelineUtils.java:destroyPipeline(69)) - Pipeline destroy failed for pipeline=PipelineID=4b7d3e2b-a92f-4375-b350-b0675d9502c4 dn=0f24eb1f-961d-4620-8d5d-0b1f3f575a32{ip: 192.168.164.209, host: pr-hdds-2206-npvv8-3563359771, networkLocation: /default-rack, certSerialId: null}
2019-10-11 07:13:35,282 [RatisPipelineUtilsThread] WARN  pipeline.RatisPipelineUtils (RatisPipelineUtils.java:destroyPipeline(69)) - Pipeline destroy failed for pipeline=PipelineID=4b7d3e2b-a92f-4375-b350-b0675d9502c4 dn=58d7d782-e238-4c9b-b037-a54f89fdb2a5{ip: 192.168.164.209, host: pr-hdds-2206-npvv8-3563359771, networkLocation: /default-rack, certSerialId: null}
2019-10-11 07:13:35,285 [grpc-default-executor-7] INFO  impl.RaftServerProxy (RaftServerProxy.java:remove(95)) - b8d03a4d-e915-4eff-b2e5-95cc028c1e9d: remove group-B0675D9502C4:null
2019-10-11 07:13:35,299 [RatisPipelineUtilsThread] WARN  pipeline.RatisPipelineUtils (RatisPipelineUtils.java:destroyPipeline(69)) - Pipeline destroy failed for pipeline=PipelineID=4b7d3e2b-a92f-4375-b350-b0675d9502c4 dn=b8d03a4d-e915-4eff-b2e5-95cc028c1e9d{ip: 192.168.164.209, host: pr-hdds-2206-npvv8-3563359771, networkLocation: /default-rack, certSerialId: null}
2019-10-11 07:13:35,299 [RatisPipelineUtilsThread] ERROR pipeline.SCMPipelineManager (Scheduler.java:lambda$schedule$1(70)) - Destroy pipeline failed for pipeline:Pipeline[ Id: 4b7d3e2b-a92f-4375-b350-b0675d9502c4, Nodes: 0f24eb1f-961d-4620-8d5d-0b1f3f575a32{ip: 192.168.164.209, host: pr-hdds-2206-npvv8-3563359771, networkLocation: /default-rack, certSerialId: null}58d7d782-e238-4c9b-b037-a54f89fdb2a5{ip: 192.168.164.209, host: pr-hdds-2206-npvv8-3563359771, networkLocation: /default-rack, certSerialId: null}b8d03a4d-e915-4eff-b2e5-95cc028c1e9d{ip: 192.168.164.209, host: pr-hdds-2206-npvv8-3563359771, networkLocation: /default-rack, certSerialId: null}, Type:RATIS, Factor:THREE, State:CLOSED]
org.apache.hadoop.hdds.scm.pipeline.PipelineNotFoundException: PipelineID=4b7d3e2b-a92f-4375-b350-b0675d9502c4 not found
	at org.apache.hadoop.hdds.scm.pipeline.PipelineStateMap.getPipeline(PipelineStateMap.java:132)
	at org.apache.hadoop.hdds.scm.pipeline.PipelineStateMap.removePipeline(PipelineStateMap.java:322)
	at org.apache.hadoop.hdds.scm.pipeline.PipelineStateManager.removePipeline(PipelineStateManager.java:107)
	at org.apache.hadoop.hdds.scm.pipeline.SCMPipelineManager.removePipeline(SCMPipelineManager.java:427)
	at org.apache.hadoop.hdds.scm.pipeline.SCMPipelineManager.destroyPipeline(SCMPipelineManager.java:413)
	at org.apache.hadoop.hdds.scm.pipeline.SCMPipelineManager.lambda$finalizeAndDestroyPipeline$0(SCMPipelineManager.java:322)
	at org.apache.hadoop.hdds.utils.Scheduler.lambda$schedule$1(Scheduler.java:68)
	at java.util.concurrent.Executors$RunnableAdapter.call(Executors.java:511)
	at java.util.concurrent.FutureTask.run(FutureTask.java:266)
	at java.util.concurrent.ScheduledThreadPoolExecutor$ScheduledFutureTask.access$201(ScheduledThreadPoolExecutor.java:180)
	at java.util.concurrent.ScheduledThreadPoolExecutor$ScheduledFutureTask.run(ScheduledThreadPoolExecutor.java:293)
	at java.util.concurrent.ThreadPoolExecutor.runWorker(ThreadPoolExecutor.java:1149)
	at java.util.concurrent.ThreadPoolExecutor$Worker.run(ThreadPoolExecutor.java:624)
	at java.lang.Thread.run(Thread.java:748)
2019-10-11 07:13:35,637 [main] INFO  rpc.RpcClient (RpcClient.java:createVolume(272)) - Creating Volume: watchforcommithandlingtest, with jenkins1000 as owner.
2019-10-11 07:13:35,642 [IPC Server handler 1 on 43702] INFO  volume.OMVolumeCreateRequest (OMVolumeCreateRequest.java:validateAndUpdateCache(193)) - created volume:watchforcommithandlingtest for user:jenkins1000
2019-10-11 07:13:35,665 [main] INFO  rpc.RpcClient (RpcClient.java:createBucket(411)) - Creating Bucket: watchforcommithandlingtest/watchforcommithandlingtest, with Versioning false and Storage Type set to DISK and Encryption set to false 
2019-10-11 07:13:35,671 [main] INFO  ozone.MiniOzoneClusterImpl (MiniOzoneClusterImpl.java:getStorageContainerLocationClient(234)) - Creating StorageContainerLocationProtocol RPC client with address /0.0.0.0:34144
2019-10-11 07:13:35,928 [Datanode State Machine Thread - 0] INFO  statemachine.DatanodeStateMachine (DatanodeStateMachine.java:lambda$startDaemon$0(350)) - Ozone container server started.
2019-10-11 07:13:38,285 [RatisPipelineUtilsThread] WARN  pipeline.RatisPipelineUtils (RatisPipelineUtils.java:destroyPipeline(69)) - Pipeline destroy failed for pipeline=PipelineID=4b7d3e2b-a92f-4375-b350-b0675d9502c4 dn=0f24eb1f-961d-4620-8d5d-0b1f3f575a32{ip: 192.168.164.209, host: pr-hdds-2206-npvv8-3563359771, networkLocation: /default-rack, certSerialId: null}
2019-10-11 07:13:38,287 [RatisPipelineUtilsThread] WARN  pipeline.RatisPipelineUtils (RatisPipelineUtils.java:destroyPipeline(69)) - Pipeline destroy failed for pipeline=PipelineID=4b7d3e2b-a92f-4375-b350-b0675d9502c4 dn=58d7d782-e238-4c9b-b037-a54f89fdb2a5{ip: 192.168.164.209, host: pr-hdds-2206-npvv8-3563359771, networkLocation: /default-rack, certSerialId: null}
2019-10-11 07:13:38,292 [grpc-default-executor-10] INFO  impl.RaftServerProxy (RaftServerProxy.java:remove(95)) - b8d03a4d-e915-4eff-b2e5-95cc028c1e9d: remove group-B0675D9502C4:null
2019-10-11 07:13:38,306 [RatisPipelineUtilsThread] WARN  pipeline.RatisPipelineUtils (RatisPipelineUtils.java:destroyPipeline(69)) - Pipeline destroy failed for pipeline=PipelineID=4b7d3e2b-a92f-4375-b350-b0675d9502c4 dn=b8d03a4d-e915-4eff-b2e5-95cc028c1e9d{ip: 192.168.164.209, host: pr-hdds-2206-npvv8-3563359771, networkLocation: /default-rack, certSerialId: null}
2019-10-11 07:13:38,306 [RatisPipelineUtilsThread] ERROR pipeline.SCMPipelineManager (Scheduler.java:lambda$schedule$1(70)) - Destroy pipeline failed for pipeline:Pipeline[ Id: 4b7d3e2b-a92f-4375-b350-b0675d9502c4, Nodes: 0f24eb1f-961d-4620-8d5d-0b1f3f575a32{ip: 192.168.164.209, host: pr-hdds-2206-npvv8-3563359771, networkLocation: /default-rack, certSerialId: null}58d7d782-e238-4c9b-b037-a54f89fdb2a5{ip: 192.168.164.209, host: pr-hdds-2206-npvv8-3563359771, networkLocation: /default-rack, certSerialId: null}b8d03a4d-e915-4eff-b2e5-95cc028c1e9d{ip: 192.168.164.209, host: pr-hdds-2206-npvv8-3563359771, networkLocation: /default-rack, certSerialId: null}, Type:RATIS, Factor:THREE, State:CLOSED]
org.apache.hadoop.hdds.scm.pipeline.PipelineNotFoundException: PipelineID=4b7d3e2b-a92f-4375-b350-b0675d9502c4 not found
	at org.apache.hadoop.hdds.scm.pipeline.PipelineStateMap.getPipeline(PipelineStateMap.java:132)
	at org.apache.hadoop.hdds.scm.pipeline.PipelineStateMap.removePipeline(PipelineStateMap.java:322)
	at org.apache.hadoop.hdds.scm.pipeline.PipelineStateManager.removePipeline(PipelineStateManager.java:107)
	at org.apache.hadoop.hdds.scm.pipeline.SCMPipelineManager.removePipeline(SCMPipelineManager.java:427)
	at org.apache.hadoop.hdds.scm.pipeline.SCMPipelineManager.destroyPipeline(SCMPipelineManager.java:413)
	at org.apache.hadoop.hdds.scm.pipeline.SCMPipelineManager.lambda$finalizeAndDestroyPipeline$0(SCMPipelineManager.java:322)
	at org.apache.hadoop.hdds.utils.Scheduler.lambda$schedule$1(Scheduler.java:68)
	at java.util.concurrent.Executors$RunnableAdapter.call(Executors.java:511)
	at java.util.concurrent.FutureTask.run(FutureTask.java:266)
	at java.util.concurrent.ScheduledThreadPoolExecutor$ScheduledFutureTask.access$201(ScheduledThreadPoolExecutor.java:180)
	at java.util.concurrent.ScheduledThreadPoolExecutor$ScheduledFutureTask.run(ScheduledThreadPoolExecutor.java:293)
	at java.util.concurrent.ThreadPoolExecutor.runWorker(ThreadPoolExecutor.java:1149)
	at java.util.concurrent.ThreadPoolExecutor$Worker.run(ThreadPoolExecutor.java:624)
	at java.lang.Thread.run(Thread.java:748)
2019-10-11 07:13:40,281 [RatisPipelineUtilsThread] WARN  pipeline.RatisPipelineUtils (RatisPipelineUtils.java:destroyPipeline(69)) - Pipeline destroy failed for pipeline=PipelineID=4b7d3e2b-a92f-4375-b350-b0675d9502c4 dn=0f24eb1f-961d-4620-8d5d-0b1f3f575a32{ip: 192.168.164.209, host: pr-hdds-2206-npvv8-3563359771, networkLocation: /default-rack, certSerialId: null}
2019-10-11 07:13:40,283 [RatisPipelineUtilsThread] WARN  pipeline.RatisPipelineUtils (RatisPipelineUtils.java:destroyPipeline(69)) - Pipeline destroy failed for pipeline=PipelineID=4b7d3e2b-a92f-4375-b350-b0675d9502c4 dn=58d7d782-e238-4c9b-b037-a54f89fdb2a5{ip: 192.168.164.209, host: pr-hdds-2206-npvv8-3563359771, networkLocation: /default-rack, certSerialId: null}
2019-10-11 07:13:40,286 [grpc-default-executor-7] INFO  impl.RaftServerProxy (RaftServerProxy.java:remove(95)) - b8d03a4d-e915-4eff-b2e5-95cc028c1e9d: remove group-B0675D9502C4:null
2019-10-11 07:13:40,300 [RatisPipelineUtilsThread] WARN  pipeline.RatisPipelineUtils (RatisPipelineUtils.java:destroyPipeline(69)) - Pipeline destroy failed for pipeline=PipelineID=4b7d3e2b-a92f-4375-b350-b0675d9502c4 dn=b8d03a4d-e915-4eff-b2e5-95cc028c1e9d{ip: 192.168.164.209, host: pr-hdds-2206-npvv8-3563359771, networkLocation: /default-rack, certSerialId: null}
2019-10-11 07:13:40,300 [RatisPipelineUtilsThread] ERROR pipeline.SCMPipelineManager (Scheduler.java:lambda$schedule$1(70)) - Destroy pipeline failed for pipeline:Pipeline[ Id: 4b7d3e2b-a92f-4375-b350-b0675d9502c4, Nodes: 0f24eb1f-961d-4620-8d5d-0b1f3f575a32{ip: 192.168.164.209, host: pr-hdds-2206-npvv8-3563359771, networkLocation: /default-rack, certSerialId: null}58d7d782-e238-4c9b-b037-a54f89fdb2a5{ip: 192.168.164.209, host: pr-hdds-2206-npvv8-3563359771, networkLocation: /default-rack, certSerialId: null}b8d03a4d-e915-4eff-b2e5-95cc028c1e9d{ip: 192.168.164.209, host: pr-hdds-2206-npvv8-3563359771, networkLocation: /default-rack, certSerialId: null}, Type:RATIS, Factor:THREE, State:CLOSED]
org.apache.hadoop.hdds.scm.pipeline.PipelineNotFoundException: PipelineID=4b7d3e2b-a92f-4375-b350-b0675d9502c4 not found
	at org.apache.hadoop.hdds.scm.pipeline.PipelineStateMap.getPipeline(PipelineStateMap.java:132)
	at org.apache.hadoop.hdds.scm.pipeline.PipelineStateMap.removePipeline(PipelineStateMap.java:322)
	at org.apache.hadoop.hdds.scm.pipeline.PipelineStateManager.removePipeline(PipelineStateManager.java:107)
	at org.apache.hadoop.hdds.scm.pipeline.SCMPipelineManager.removePipeline(SCMPipelineManager.java:427)
	at org.apache.hadoop.hdds.scm.pipeline.SCMPipelineManager.destroyPipeline(SCMPipelineManager.java:413)
	at org.apache.hadoop.hdds.scm.pipeline.SCMPipelineManager.lambda$finalizeAndDestroyPipeline$0(SCMPipelineManager.java:322)
	at org.apache.hadoop.hdds.utils.Scheduler.lambda$schedule$1(Scheduler.java:68)
	at java.util.concurrent.Executors$RunnableAdapter.call(Executors.java:511)
	at java.util.concurrent.FutureTask.run(FutureTask.java:266)
	at java.util.concurrent.ScheduledThreadPoolExecutor$ScheduledFutureTask.access$201(ScheduledThreadPoolExecutor.java:180)
	at java.util.concurrent.ScheduledThreadPoolExecutor$ScheduledFutureTask.run(ScheduledThreadPoolExecutor.java:293)
	at java.util.concurrent.ThreadPoolExecutor.runWorker(ThreadPoolExecutor.java:1149)
	at java.util.concurrent.ThreadPoolExecutor$Worker.run(ThreadPoolExecutor.java:624)
	at java.lang.Thread.run(Thread.java:748)
2019-10-11 07:13:40,888 [main] INFO  ozoneimpl.OzoneContainer (OzoneContainer.java:stop(227)) - Attempting to stop container services.
2019-10-11 07:13:40,889 [main] INFO  impl.RaftServerProxy (RaftServerProxy.java:lambda$close$4(314)) - abbcde68-4ece-45f8-bfb2-e9e7fef46271: close
2019-10-11 07:13:40,889 [main] INFO  impl.RaftServerImpl (RaftServerImpl.java:lambda$shutdown$3(247)) - abbcde68-4ece-45f8-bfb2-e9e7fef46271@group-CFFE45428647: shutdown
2019-10-11 07:13:40,889 [ForkJoinPool.commonPool-worker-0] INFO  impl.RaftServerImpl (RaftServerImpl.java:lambda$shutdown$3(247)) - abbcde68-4ece-45f8-bfb2-e9e7fef46271@group-BA40C981B598: shutdown
2019-10-11 07:13:40,890 [main] INFO  util.JmxRegister (JmxRegister.java:unregister(73)) - Successfully un-registered JMX Bean with object name Ratis:service=RaftServer,group=group-CFFE45428647,id=abbcde68-4ece-45f8-bfb2-e9e7fef46271
2019-10-11 07:13:40,890 [ForkJoinPool.commonPool-worker-0] INFO  util.JmxRegister (JmxRegister.java:unregister(73)) - Successfully un-registered JMX Bean with object name Ratis:service=RaftServer,group=group-BA40C981B598,id=abbcde68-4ece-45f8-bfb2-e9e7fef46271
2019-10-11 07:13:40,890 [main] INFO  impl.RoleInfo (RoleInfo.java:shutdownLeaderState(104)) - abbcde68-4ece-45f8-bfb2-e9e7fef46271: shutdown LeaderState
2019-10-11 07:13:40,890 [ForkJoinPool.commonPool-worker-0] INFO  impl.RoleInfo (RoleInfo.java:shutdownFollowerState(121)) - abbcde68-4ece-45f8-bfb2-e9e7fef46271: shutdown FollowerState
2019-10-11 07:13:40,890 [main] INFO  impl.PendingRequests (PendingRequests.java:sendNotLeaderResponses(202)) - abbcde68-4ece-45f8-bfb2-e9e7fef46271@group-CFFE45428647-PendingRequests: sendNotLeaderResponses
2019-10-11 07:13:40,891 [Thread-2592] INFO  impl.FollowerState (FollowerState.java:run(117)) - abbcde68-4ece-45f8-bfb2-e9e7fef46271@group-BA40C981B598-FollowerState was interrupted: java.lang.InterruptedException: sleep interrupted
2019-10-11 07:13:40,890 [ForkJoinPool.commonPool-worker-0] INFO  impl.StateMachineUpdater (StateMachineUpdater.java:stopAndJoin(136)) - abbcde68-4ece-45f8-bfb2-e9e7fef46271@group-BA40C981B598-StateMachineUpdater: set stopIndex = 2
2019-10-11 07:13:40,891 [main] INFO  impl.StateMachineUpdater (StateMachineUpdater.java:stopAndJoin(136)) - abbcde68-4ece-45f8-bfb2-e9e7fef46271@group-CFFE45428647-StateMachineUpdater: set stopIndex = 0
2019-10-11 07:13:40,891 [abbcde68-4ece-45f8-bfb2-e9e7fef46271@group-BA40C981B598-StateMachineUpdater] INFO  ratis.ContainerStateMachine (ContainerStateMachine.java:takeSnapshot(294)) - group-BA40C981B598: Taking a snapshot at:(t:1, i:1) file /workdir/hadoop-ozone/integration-test/target/test-dir/MiniOzoneClusterImpl-06bc33bc-b6bc-4d69-8e6b-09fb0b06b8ae/datanode-1/data/ratis/5271b367-728f-4dfc-ab42-ba40c981b598/sm/snapshot.1_1
2019-10-11 07:13:40,892 [main] INFO  impl.RaftServerImpl (ServerState.java:close(387)) - abbcde68-4ece-45f8-bfb2-e9e7fef46271@group-CFFE45428647: closes. applyIndex: 0
2019-10-11 07:13:40,892 [abbcde68-4ece-45f8-bfb2-e9e7fef46271@group-CFFE45428647-SegmentedRaftLogWorker] INFO  segmented.SegmentedRaftLogWorker (SegmentedRaftLogWorker.java:run(316)) - abbcde68-4ece-45f8-bfb2-e9e7fef46271@group-CFFE45428647-SegmentedRaftLogWorker was interrupted, exiting. There are 0 tasks remaining in the queue.
2019-10-11 07:13:40,898 [main] INFO  segmented.SegmentedRaftLogWorker (SegmentedRaftLogWorker.java:close(224)) - abbcde68-4ece-45f8-bfb2-e9e7fef46271@group-CFFE45428647-SegmentedRaftLogWorker close()
2019-10-11 07:13:40,925 [abbcde68-4ece-45f8-bfb2-e9e7fef46271@group-BA40C981B598-StateMachineUpdater] INFO  ratis.ContainerStateMachine (ContainerStateMachine.java:takeSnapshot(305)) - group-BA40C981B598: Finished taking a snapshot at:(t:1, i:1) file:/workdir/hadoop-ozone/integration-test/target/test-dir/MiniOzoneClusterImpl-06bc33bc-b6bc-4d69-8e6b-09fb0b06b8ae/datanode-1/data/ratis/5271b367-728f-4dfc-ab42-ba40c981b598/sm/snapshot.1_1 time:34
2019-10-11 07:13:40,925 [abbcde68-4ece-45f8-bfb2-e9e7fef46271@group-BA40C981B598-StateMachineUpdater] INFO  impl.StateMachineUpdater (StateMachineUpdater.java:takeSnapshot(269)) - abbcde68-4ece-45f8-bfb2-e9e7fef46271@group-BA40C981B598-StateMachineUpdater: Took a snapshot at index 1
2019-10-11 07:13:40,925 [abbcde68-4ece-45f8-bfb2-e9e7fef46271@group-BA40C981B598-StateMachineUpdater] INFO  impl.StateMachineUpdater (StateMachineUpdater.java:lambda$new$0(84)) - abbcde68-4ece-45f8-bfb2-e9e7fef46271@group-BA40C981B598-StateMachineUpdater: snapshotIndex: updateIncreasingly -1 -> 1
2019-10-11 07:13:40,926 [abbcde68-4ece-45f8-bfb2-e9e7fef46271@group-BA40C981B598-StateMachineUpdater] INFO  ratis.ContainerStateMachine (ContainerStateMachine.java:takeSnapshot(294)) - group-BA40C981B598: Taking a snapshot at:(t:1, i:1) file /workdir/hadoop-ozone/integration-test/target/test-dir/MiniOzoneClusterImpl-06bc33bc-b6bc-4d69-8e6b-09fb0b06b8ae/datanode-1/data/ratis/5271b367-728f-4dfc-ab42-ba40c981b598/sm/snapshot.1_1
2019-10-11 07:13:40,938 [abbcde68-4ece-45f8-bfb2-e9e7fef46271@group-BA40C981B598-StateMachineUpdater] INFO  ratis.ContainerStateMachine (ContainerStateMachine.java:takeSnapshot(305)) - group-BA40C981B598: Finished taking a snapshot at:(t:1, i:1) file:/workdir/hadoop-ozone/integration-test/target/test-dir/MiniOzoneClusterImpl-06bc33bc-b6bc-4d69-8e6b-09fb0b06b8ae/datanode-1/data/ratis/5271b367-728f-4dfc-ab42-ba40c981b598/sm/snapshot.1_1 time:12
2019-10-11 07:13:40,938 [abbcde68-4ece-45f8-bfb2-e9e7fef46271@group-BA40C981B598-StateMachineUpdater] INFO  impl.StateMachineUpdater (StateMachineUpdater.java:takeSnapshot(269)) - abbcde68-4ece-45f8-bfb2-e9e7fef46271@group-BA40C981B598-StateMachineUpdater: Took a snapshot at index 1
2019-10-11 07:13:40,938 [abbcde68-4ece-45f8-bfb2-e9e7fef46271@group-BA40C981B598-StateMachineUpdater] INFO  impl.StateMachineUpdater (StateMachineUpdater.java:lambda$new$0(84)) - abbcde68-4ece-45f8-bfb2-e9e7fef46271@group-BA40C981B598-StateMachineUpdater: snapshotIndex: updateIncreasingly 1 -> 1
2019-10-11 07:13:40,938 [ForkJoinPool.commonPool-worker-0] INFO  impl.RaftServerImpl (ServerState.java:close(387)) - abbcde68-4ece-45f8-bfb2-e9e7fef46271@group-BA40C981B598: closes. applyIndex: 2
2019-10-11 07:13:40,939 [abbcde68-4ece-45f8-bfb2-e9e7fef46271@group-BA40C981B598-SegmentedRaftLogWorker] INFO  segmented.SegmentedRaftLogWorker (SegmentedRaftLogWorker.java:run(316)) - abbcde68-4ece-45f8-bfb2-e9e7fef46271@group-BA40C981B598-SegmentedRaftLogWorker was interrupted, exiting. There are 0 tasks remaining in the queue.
2019-10-11 07:13:40,943 [ForkJoinPool.commonPool-worker-0] INFO  segmented.SegmentedRaftLogWorker (SegmentedRaftLogWorker.java:close(224)) - abbcde68-4ece-45f8-bfb2-e9e7fef46271@group-BA40C981B598-SegmentedRaftLogWorker close()
2019-10-11 07:13:40,951 [main] INFO  server.GrpcService (GrpcService.java:closeImpl(164)) - abbcde68-4ece-45f8-bfb2-e9e7fef46271: shutdown server with port 41213 now
2019-10-11 07:13:40,952 [grpc-default-executor-10] WARN  server.GrpcServerProtocolService (LogUtils.java:warn(134)) - abbcde68-4ece-45f8-bfb2-e9e7fef46271: installSnapshot onError, lastRequest: 5e2e49ae-c201-4626-b6ec-0e82458807d3->abbcde68-4ece-45f8-bfb2-e9e7fef46271#15-t1, previous=(t:1, i:2), leaderCommit=2, initializing? false, entries: <empty>: org.apache.ratis.thirdparty.io.grpc.StatusRuntimeException: CANCELLED: cancelled before receiving half close
2019-10-11 07:13:40,952 [grpc-default-executor-7] WARN  server.GrpcLogAppender (LogUtils.java:warn(134)) - 5e2e49ae-c201-4626-b6ec-0e82458807d3@group-BA40C981B598->abbcde68-4ece-45f8-bfb2-e9e7fef46271-AppendLogResponseHandler: Failed appendEntries: org.apache.ratis.thirdparty.io.grpc.StatusRuntimeException: CANCELLED: HTTP/2 error code: CANCEL
Received Rst Stream
2019-10-11 07:13:40,952 [main] INFO  server.GrpcService (GrpcService.java:closeImpl(172)) - abbcde68-4ece-45f8-bfb2-e9e7fef46271: shutdown server with port 41213 successfully
2019-10-11 07:13:40,953 [grpc-default-executor-7] INFO  impl.FollowerInfo (FollowerInfo.java:lambda$new$0(51)) - 5e2e49ae-c201-4626-b6ec-0e82458807d3@group-BA40C981B598->abbcde68-4ece-45f8-bfb2-e9e7fef46271: nextIndex: updateUnconditionally 3 -> 2
2019-10-11 07:13:40,956 [refreshUsed-/workdir/hadoop-ozone/integration-test/target/test-dir/MiniOzoneClusterImpl-06bc33bc-b6bc-4d69-8e6b-09fb0b06b8ae/datanode-1/data/containers] WARN  fs.CachingGetSpaceUsed (CachingGetSpaceUsed.java:run(183)) - Thread Interrupted waiting to refresh disk information: sleep interrupted
2019-10-11 07:13:40,980 [main] INFO  utils.BackgroundService (BackgroundService.java:shutdown(151)) - Shutting down service BlockDeletingService
2019-10-11 07:13:40,991 [main] INFO  statemachine.DatanodeStateMachine (DatanodeStateMachine.java:stopDaemon(395)) - Ozone container server stopped.
2019-10-11 07:13:40,993 [main] INFO  handler.ContextHandler (ContextHandler.java:doStop(910)) - Stopped o.e.j.w.WebAppContext@6459f4ea{/,null,UNAVAILABLE}{/hddsDatanode}
2019-10-11 07:13:40,994 [main] INFO  server.AbstractConnector (AbstractConnector.java:doStop(318)) - Stopped ServerConnector@740b9a50{HTTP/1.1,[http/1.1]}{0.0.0.0:0}
2019-10-11 07:13:40,994 [main] INFO  handler.ContextHandler (ContextHandler.java:doStop(910)) - Stopped o.e.j.s.ServletContextHandler@6314df3c{/static,jar:file:/home/user/.m2/repository/org/apache/hadoop/hadoop-hdds-container-service/0.5.0-SNAPSHOT/hadoop-hdds-container-service-0.5.0-SNAPSHOT.jar!/webapps/static,UNAVAILABLE}
2019-10-11 07:13:40,995 [main] INFO  handler.ContextHandler (ContextHandler.java:doStop(910)) - Stopped o.e.j.s.ServletContextHandler@4270b142{/logs,file:///workdir/hadoop-ozone/integration-test/target/log,UNAVAILABLE}
2019-10-11 07:13:41,011 [grpc-default-executor-3] WARN  server.GrpcLogAppender (LogUtils.java:warn(134)) - 5e2e49ae-c201-4626-b6ec-0e82458807d3@group-BA40C981B598->abbcde68-4ece-45f8-bfb2-e9e7fef46271-AppendLogResponseHandler: Failed appendEntries: org.apache.ratis.thirdparty.io.grpc.StatusRuntimeException: UNAVAILABLE: io exception
2019-10-11 07:13:41,012 [grpc-default-executor-3] INFO  impl.FollowerInfo (FollowerInfo.java:lambda$new$0(51)) - 5e2e49ae-c201-4626-b6ec-0e82458807d3@group-BA40C981B598->abbcde68-4ece-45f8-bfb2-e9e7fef46271: nextIndex: updateUnconditionally 3 -> 2
2019-10-11 07:13:41,023 [grpc-default-executor-7] WARN  server.GrpcLogAppender (LogUtils.java:warn(134)) - 5e2e49ae-c201-4626-b6ec-0e82458807d3@group-BA40C981B598->abbcde68-4ece-45f8-bfb2-e9e7fef46271-AppendLogResponseHandler: Failed appendEntries: org.apache.ratis.thirdparty.io.grpc.StatusRuntimeException: UNAVAILABLE: io exception
2019-10-11 07:13:41,024 [grpc-default-executor-7] INFO  impl.FollowerInfo (FollowerInfo.java:lambda$new$0(51)) - 5e2e49ae-c201-4626-b6ec-0e82458807d3@group-BA40C981B598->abbcde68-4ece-45f8-bfb2-e9e7fef46271: nextIndex: updateUnconditionally 3 -> 2
2019-10-11 07:13:41,036 [grpc-default-executor-3] WARN  server.GrpcLogAppender (LogUtils.java:warn(134)) - 5e2e49ae-c201-4626-b6ec-0e82458807d3@group-BA40C981B598->abbcde68-4ece-45f8-bfb2-e9e7fef46271-AppendLogResponseHandler: Failed appendEntries: org.apache.ratis.thirdparty.io.grpc.StatusRuntimeException: UNAVAILABLE: io exception
2019-10-11 07:13:41,036 [grpc-default-executor-3] INFO  impl.FollowerInfo (FollowerInfo.java:lambda$new$0(51)) - 5e2e49ae-c201-4626-b6ec-0e82458807d3@group-BA40C981B598->abbcde68-4ece-45f8-bfb2-e9e7fef46271: nextIndex: updateUnconditionally 3 -> 2
2019-10-11 07:13:41,047 [EventQueue-IncrementalContainerReportForIncrementalContainerReportHandler] WARN  container.IncrementalContainerReportHandler (AbstractContainerReportHandler.java:updateContainerState(145)) - Container #1 is in OPEN state, but the datanode 5e2e49ae-c201-4626-b6ec-0e82458807d3{ip: 192.168.164.209, host: pr-hdds-2206-npvv8-3563359771, networkLocation: /default-rack, certSerialId: null} reports an CLOSING replica.
2019-10-11 07:13:41,063 [EventQueue-IncrementalContainerReportForIncrementalContainerReportHandler] WARN  container.IncrementalContainerReportHandler (AbstractContainerReportHandler.java:updateContainerState(145)) - Container #1 is in OPEN state, but the datanode 323fda09-fb81-4e4b-9079-4a87f9cb285d{ip: 192.168.164.209, host: pr-hdds-2206-npvv8-3563359771, networkLocation: /default-rack, certSerialId: null} reports an CLOSING replica.
2019-10-11 07:13:41,079 [RatisApplyTransactionExecutor 1] INFO  interfaces.Container (KeyValueContainer.java:flushAndSyncDB(386)) - Container 1 is synced with bcsId 0.
2019-10-11 07:13:41,118 [RatisApplyTransactionExecutor 1] INFO  interfaces.Container (KeyValueContainer.java:flushAndSyncDB(386)) - Container 1 is synced with bcsId 0.
2019-10-11 07:13:41,120 [RatisApplyTransactionExecutor 1] INFO  interfaces.Container (KeyValueContainer.java:flushAndSyncDB(386)) - Container 1 is synced with bcsId 0.
2019-10-11 07:13:41,120 [RatisApplyTransactionExecutor 1] INFO  interfaces.Container (KeyValueContainer.java:flushAndSyncDB(386)) - Container 1 is synced with bcsId 0.
2019-10-11 07:13:41,134 [RatisApplyTransactionExecutor 1] INFO  interfaces.Container (KeyValueContainer.java:close(335)) - Container 1 is closed with bcsId 0.
2019-10-11 07:13:41,134 [RatisApplyTransactionExecutor 1] INFO  interfaces.Container (KeyValueContainer.java:close(335)) - Container 1 is closed with bcsId 0.
2019-10-11 07:13:41,135 [EventQueue-IncrementalContainerReportForIncrementalContainerReportHandler] WARN  container.IncrementalContainerReportHandler (AbstractContainerReportHandler.java:updateContainerState(145)) - Container #1 is in OPEN state, but the datanode 5e2e49ae-c201-4626-b6ec-0e82458807d3{ip: 192.168.164.209, host: pr-hdds-2206-npvv8-3563359771, networkLocation: /default-rack, certSerialId: null} reports an CLOSED replica.
2019-10-11 07:13:41,139 [EventQueue-IncrementalContainerReportForIncrementalContainerReportHandler] WARN  container.IncrementalContainerReportHandler (AbstractContainerReportHandler.java:updateContainerState(145)) - Container #1 is in OPEN state, but the datanode 323fda09-fb81-4e4b-9079-4a87f9cb285d{ip: 192.168.164.209, host: pr-hdds-2206-npvv8-3563359771, networkLocation: /default-rack, certSerialId: null} reports an CLOSED replica.
2019-10-11 07:13:43,288 [RatisPipelineUtilsThread] WARN  pipeline.RatisPipelineUtils (RatisPipelineUtils.java:destroyPipeline(69)) - Pipeline destroy failed for pipeline=PipelineID=4b7d3e2b-a92f-4375-b350-b0675d9502c4 dn=0f24eb1f-961d-4620-8d5d-0b1f3f575a32{ip: 192.168.164.209, host: pr-hdds-2206-npvv8-3563359771, networkLocation: /default-rack, certSerialId: null}
2019-10-11 07:13:43,291 [RatisPipelineUtilsThread] WARN  pipeline.RatisPipelineUtils (RatisPipelineUtils.java:destroyPipeline(69)) - Pipeline destroy failed for pipeline=PipelineID=4b7d3e2b-a92f-4375-b350-b0675d9502c4 dn=58d7d782-e238-4c9b-b037-a54f89fdb2a5{ip: 192.168.164.209, host: pr-hdds-2206-npvv8-3563359771, networkLocation: /default-rack, certSerialId: null}
2019-10-11 07:13:43,295 [grpc-default-executor-3] INFO  impl.RaftServerProxy (RaftServerProxy.java:remove(95)) - b8d03a4d-e915-4eff-b2e5-95cc028c1e9d: remove group-B0675D9502C4:null
2019-10-11 07:13:43,331 [RatisPipelineUtilsThread] WARN  pipeline.RatisPipelineUtils (RatisPipelineUtils.java:destroyPipeline(69)) - Pipeline destroy failed for pipeline=PipelineID=4b7d3e2b-a92f-4375-b350-b0675d9502c4 dn=b8d03a4d-e915-4eff-b2e5-95cc028c1e9d{ip: 192.168.164.209, host: pr-hdds-2206-npvv8-3563359771, networkLocation: /default-rack, certSerialId: null}
2019-10-11 07:13:43,331 [RatisPipelineUtilsThread] ERROR pipeline.SCMPipelineManager (Scheduler.java:lambda$schedule$1(70)) - Destroy pipeline failed for pipeline:Pipeline[ Id: 4b7d3e2b-a92f-4375-b350-b0675d9502c4, Nodes: 0f24eb1f-961d-4620-8d5d-0b1f3f575a32{ip: 192.168.164.209, host: pr-hdds-2206-npvv8-3563359771, networkLocation: /default-rack, certSerialId: null}58d7d782-e238-4c9b-b037-a54f89fdb2a5{ip: 192.168.164.209, host: pr-hdds-2206-npvv8-3563359771, networkLocation: /default-rack, certSerialId: null}b8d03a4d-e915-4eff-b2e5-95cc028c1e9d{ip: 192.168.164.209, host: pr-hdds-2206-npvv8-3563359771, networkLocation: /default-rack, certSerialId: null}, Type:RATIS, Factor:THREE, State:CLOSED]
org.apache.hadoop.hdds.scm.pipeline.PipelineNotFoundException: PipelineID=4b7d3e2b-a92f-4375-b350-b0675d9502c4 not found
	at org.apache.hadoop.hdds.scm.pipeline.PipelineStateMap.getPipeline(PipelineStateMap.java:132)
	at org.apache.hadoop.hdds.scm.pipeline.PipelineStateMap.removePipeline(PipelineStateMap.java:322)
	at org.apache.hadoop.hdds.scm.pipeline.PipelineStateManager.removePipeline(PipelineStateManager.java:107)
	at org.apache.hadoop.hdds.scm.pipeline.SCMPipelineManager.removePipeline(SCMPipelineManager.java:427)
	at org.apache.hadoop.hdds.scm.pipeline.SCMPipelineManager.destroyPipeline(SCMPipelineManager.java:413)
	at org.apache.hadoop.hdds.scm.pipeline.SCMPipelineManager.lambda$finalizeAndDestroyPipeline$0(SCMPipelineManager.java:322)
	at org.apache.hadoop.hdds.utils.Scheduler.lambda$schedule$1(Scheduler.java:68)
	at java.util.concurrent.Executors$RunnableAdapter.call(Executors.java:511)
	at java.util.concurrent.FutureTask.run(FutureTask.java:266)
	at java.util.concurrent.ScheduledThreadPoolExecutor$ScheduledFutureTask.access$201(ScheduledThreadPoolExecutor.java:180)
	at java.util.concurrent.ScheduledThreadPoolExecutor$ScheduledFutureTask.run(ScheduledThreadPoolExecutor.java:293)
	at java.util.concurrent.ThreadPoolExecutor.runWorker(ThreadPoolExecutor.java:1149)
	at java.util.concurrent.ThreadPoolExecutor$Worker.run(ThreadPoolExecutor.java:624)
	at java.lang.Thread.run(Thread.java:748)
2019-10-11 07:13:43,538 [grpc-default-executor-3] WARN  server.GrpcLogAppender (LogUtils.java:warn(134)) - 5e2e49ae-c201-4626-b6ec-0e82458807d3@group-BA40C981B598->abbcde68-4ece-45f8-bfb2-e9e7fef46271-AppendLogResponseHandler: Failed appendEntries: org.apache.ratis.thirdparty.io.grpc.StatusRuntimeException: UNAVAILABLE: io exception
2019-10-11 07:13:43,539 [grpc-default-executor-3] INFO  impl.FollowerInfo (FollowerInfo.java:lambda$new$0(51)) - 5e2e49ae-c201-4626-b6ec-0e82458807d3@group-BA40C981B598->abbcde68-4ece-45f8-bfb2-e9e7fef46271: nextIndex: updateUnconditionally 2 -> 1
2019-10-11 07:13:44,144 [main] WARN  scm.XceiverClientRatis (XceiverClientRatis.java:watchForCommit(277)) - 3 way commit failed on pipeline Pipeline[ Id: 5271b367-728f-4dfc-ab42-ba40c981b598, Nodes: abbcde68-4ece-45f8-bfb2-e9e7fef46271{ip: 192.168.164.209, host: pr-hdds-2206-npvv8-3563359771, networkLocation: /default-rack, certSerialId: null}5e2e49ae-c201-4626-b6ec-0e82458807d3{ip: 192.168.164.209, host: pr-hdds-2206-npvv8-3563359771, networkLocation: /default-rack, certSerialId: null}323fda09-fb81-4e4b-9079-4a87f9cb285d{ip: 192.168.164.209, host: pr-hdds-2206-npvv8-3563359771, networkLocation: /default-rack, certSerialId: null}, Type:RATIS, Factor:THREE, State:OPEN]
java.util.concurrent.TimeoutException
	at java.util.concurrent.CompletableFuture.timedGet(CompletableFuture.java:1771)
	at java.util.concurrent.CompletableFuture.get(CompletableFuture.java:1915)
	at org.apache.hadoop.hdds.scm.XceiverClientRatis.watchForCommit(XceiverClientRatis.java:274)
	at org.apache.hadoop.ozone.client.rpc.TestWatchForCommit.test2WayCommitForTimeoutException(TestWatchForCommit.java:391)
	at sun.reflect.NativeMethodAccessorImpl.invoke0(Native Method)
	at sun.reflect.NativeMethodAccessorImpl.invoke(NativeMethodAccessorImpl.java:62)
	at sun.reflect.DelegatingMethodAccessorImpl.invoke(DelegatingMethodAccessorImpl.java:43)
	at java.lang.reflect.Method.invoke(Method.java:498)
	at org.junit.runners.model.FrameworkMethod$1.runReflectiveCall(FrameworkMethod.java:47)
	at org.junit.internal.runners.model.ReflectiveCallable.run(ReflectiveCallable.java:12)
	at org.junit.runners.model.FrameworkMethod.invokeExplosively(FrameworkMethod.java:44)
	at org.junit.internal.runners.statements.InvokeMethod.evaluate(InvokeMethod.java:17)
	at org.junit.runners.ParentRunner.runLeaf(ParentRunner.java:271)
	at org.junit.runners.BlockJUnit4ClassRunner.runChild(BlockJUnit4ClassRunner.java:70)
	at org.junit.runners.BlockJUnit4ClassRunner.runChild(BlockJUnit4ClassRunner.java:50)
	at org.junit.runners.ParentRunner$3.run(ParentRunner.java:238)
	at org.junit.runners.ParentRunner$1.schedule(ParentRunner.java:63)
	at org.junit.runners.ParentRunner.runChildren(ParentRunner.java:236)
	at org.junit.runners.ParentRunner.access$000(ParentRunner.java:53)
	at org.junit.runners.ParentRunner$2.evaluate(ParentRunner.java:229)
	at org.junit.runners.ParentRunner.run(ParentRunner.java:309)
	at org.apache.maven.surefire.junit4.JUnit4Provider.execute(JUnit4Provider.java:365)
	at org.apache.maven.surefire.junit4.JUnit4Provider.executeWithRerun(JUnit4Provider.java:273)
	at org.apache.maven.surefire.junit4.JUnit4Provider.executeTestSet(JUnit4Provider.java:238)
	at org.apache.maven.surefire.junit4.JUnit4Provider.invoke(JUnit4Provider.java:159)
	at org.apache.maven.surefire.booter.ForkedBooter.invokeProviderInSameClassLoader(ForkedBooter.java:384)
	at org.apache.maven.surefire.booter.ForkedBooter.runSuitesInProcess(ForkedBooter.java:345)
	at org.apache.maven.surefire.booter.ForkedBooter.execute(ForkedBooter.java:126)
	at org.apache.maven.surefire.booter.ForkedBooter.main(ForkedBooter.java:418)
2019-10-11 07:13:44,162 [Thread-2782] INFO  client.GrpcClientProtocolService (GrpcClientProtocolService.java:lambda$processClientRequest$0(278)) - Failed RaftClientRequest:client-DD41DF44A2CA->323fda09-fb81-4e4b-9079-4a87f9cb285d@group-BA40C981B598, cid=132, seq=0, Watch-MAJORITY_COMMITTED(3), Message:<EMPTY>, reply=RaftClientReply:client-DD41DF44A2CA->323fda09-fb81-4e4b-9079-4a87f9cb285d@group-BA40C981B598, cid=132, FAILED org.apache.ratis.protocol.NotLeaderException: Server 323fda09-fb81-4e4b-9079-4a87f9cb285d@group-BA40C981B598 is not the leader 5e2e49ae-c201-4626-b6ec-0e82458807d3:192.168.164.209:40716, logIndex=0, commits[323fda09-fb81-4e4b-9079-4a87f9cb285d:c4, abbcde68-4ece-45f8-bfb2-e9e7fef46271:c2, 5e2e49ae-c201-4626-b6ec-0e82458807d3:c4]
2019-10-11 07:13:45,296 [RatisPipelineUtilsThread] WARN  pipeline.RatisPipelineUtils (RatisPipelineUtils.java:destroyPipeline(69)) - Pipeline destroy failed for pipeline=PipelineID=4b7d3e2b-a92f-4375-b350-b0675d9502c4 dn=0f24eb1f-961d-4620-8d5d-0b1f3f575a32{ip: 192.168.164.209, host: pr-hdds-2206-npvv8-3563359771, networkLocation: /default-rack, certSerialId: null}
2019-10-11 07:13:45,299 [RatisPipelineUtilsThread] WARN  pipeline.RatisPipelineUtils (RatisPipelineUtils.java:destroyPipeline(69)) - Pipeline destroy failed for pipeline=PipelineID=4b7d3e2b-a92f-4375-b350-b0675d9502c4 dn=58d7d782-e238-4c9b-b037-a54f89fdb2a5{ip: 192.168.164.209, host: pr-hdds-2206-npvv8-3563359771, networkLocation: /default-rack, certSerialId: null}
2019-10-11 07:13:45,305 [grpc-default-executor-3] INFO  impl.RaftServerProxy (RaftServerProxy.java:remove(95)) - b8d03a4d-e915-4eff-b2e5-95cc028c1e9d: remove group-B0675D9502C4:null
2019-10-11 07:13:45,325 [RatisPipelineUtilsThread] WARN  pipeline.RatisPipelineUtils (RatisPipelineUtils.java:destroyPipeline(69)) - Pipeline destroy failed for pipeline=PipelineID=4b7d3e2b-a92f-4375-b350-b0675d9502c4 dn=b8d03a4d-e915-4eff-b2e5-95cc028c1e9d{ip: 192.168.164.209, host: pr-hdds-2206-npvv8-3563359771, networkLocation: /default-rack, certSerialId: null}
2019-10-11 07:13:45,325 [RatisPipelineUtilsThread] ERROR pipeline.SCMPipelineManager (Scheduler.java:lambda$schedule$1(70)) - Destroy pipeline failed for pipeline:Pipeline[ Id: 4b7d3e2b-a92f-4375-b350-b0675d9502c4, Nodes: 0f24eb1f-961d-4620-8d5d-0b1f3f575a32{ip: 192.168.164.209, host: pr-hdds-2206-npvv8-3563359771, networkLocation: /default-rack, certSerialId: null}58d7d782-e238-4c9b-b037-a54f89fdb2a5{ip: 192.168.164.209, host: pr-hdds-2206-npvv8-3563359771, networkLocation: /default-rack, certSerialId: null}b8d03a4d-e915-4eff-b2e5-95cc028c1e9d{ip: 192.168.164.209, host: pr-hdds-2206-npvv8-3563359771, networkLocation: /default-rack, certSerialId: null}, Type:RATIS, Factor:THREE, State:CLOSED]
org.apache.hadoop.hdds.scm.pipeline.PipelineNotFoundException: PipelineID=4b7d3e2b-a92f-4375-b350-b0675d9502c4 not found
	at org.apache.hadoop.hdds.scm.pipeline.PipelineStateMap.getPipeline(PipelineStateMap.java:132)
	at org.apache.hadoop.hdds.scm.pipeline.PipelineStateMap.removePipeline(PipelineStateMap.java:322)
	at org.apache.hadoop.hdds.scm.pipeline.PipelineStateManager.removePipeline(PipelineStateManager.java:107)
	at org.apache.hadoop.hdds.scm.pipeline.SCMPipelineManager.removePipeline(SCMPipelineManager.java:427)
	at org.apache.hadoop.hdds.scm.pipeline.SCMPipelineManager.destroyPipeline(SCMPipelineManager.java:413)
	at org.apache.hadoop.hdds.scm.pipeline.SCMPipelineManager.lambda$finalizeAndDestroyPipeline$0(SCMPipelineManager.java:322)
	at org.apache.hadoop.hdds.utils.Scheduler.lambda$schedule$1(Scheduler.java:68)
	at java.util.concurrent.Executors$RunnableAdapter.call(Executors.java:511)
	at java.util.concurrent.FutureTask.run(FutureTask.java:266)
	at java.util.concurrent.ScheduledThreadPoolExecutor$ScheduledFutureTask.access$201(ScheduledThreadPoolExecutor.java:180)
	at java.util.concurrent.ScheduledThreadPoolExecutor$ScheduledFutureTask.run(ScheduledThreadPoolExecutor.java:293)
	at java.util.concurrent.ThreadPoolExecutor.runWorker(ThreadPoolExecutor.java:1149)
	at java.util.concurrent.ThreadPoolExecutor$Worker.run(ThreadPoolExecutor.java:624)
	at java.lang.Thread.run(Thread.java:748)
2019-10-11 07:13:46,039 [grpc-default-executor-7] WARN  server.GrpcLogAppender (LogUtils.java:warn(134)) - 5e2e49ae-c201-4626-b6ec-0e82458807d3@group-BA40C981B598->abbcde68-4ece-45f8-bfb2-e9e7fef46271-AppendLogResponseHandler: Failed appendEntries: org.apache.ratis.thirdparty.io.grpc.StatusRuntimeException: UNAVAILABLE: io exception
2019-10-11 07:13:46,040 [grpc-default-executor-7] INFO  impl.FollowerInfo (FollowerInfo.java:lambda$new$0(51)) - 5e2e49ae-c201-4626-b6ec-0e82458807d3@group-BA40C981B598->abbcde68-4ece-45f8-bfb2-e9e7fef46271: nextIndex: updateUnconditionally 1 -> 0
]]></system-out>
    <system-err><![CDATA[Oct 11, 2019 7:13:40 AM org.apache.ratis.thirdparty.io.grpc.internal.SerializingExecutor run
SEVERE: Exception while executing runnable org.apache.ratis.thirdparty.io.grpc.internal.ServerImpl$JumpToApplicationThreadServerStreamListener$1Closed@6a997acf
org.apache.ratis.thirdparty.io.grpc.StatusRuntimeException: CANCELLED: call already cancelled
	at org.apache.ratis.thirdparty.io.grpc.Status.asRuntimeException(Status.java:517)
	at org.apache.ratis.thirdparty.io.grpc.stub.ServerCalls$ServerCallStreamObserverImpl.onCompleted(ServerCalls.java:356)
	at org.apache.ratis.grpc.server.GrpcServerProtocolService$ServerRequestStreamObserver.onError(GrpcServerProtocolService.java:121)
	at org.apache.ratis.thirdparty.io.grpc.stub.ServerCalls$StreamingServerCallHandler$StreamingServerCallListener.onCancel(ServerCalls.java:269)
	at org.apache.ratis.thirdparty.io.grpc.internal.ServerCallImpl$ServerStreamListenerImpl.closed(ServerCallImpl.java:293)
	at org.apache.ratis.thirdparty.io.grpc.internal.ServerImpl$JumpToApplicationThreadServerStreamListener$1Closed.runInContext(ServerImpl.java:741)
	at org.apache.ratis.thirdparty.io.grpc.internal.ContextRunnable.run(ContextRunnable.java:37)
	at org.apache.ratis.thirdparty.io.grpc.internal.SerializingExecutor.run(SerializingExecutor.java:123)
	at java.util.concurrent.ThreadPoolExecutor.runWorker(ThreadPoolExecutor.java:1149)
	at java.util.concurrent.ThreadPoolExecutor$Worker.run(ThreadPoolExecutor.java:624)
	at java.lang.Thread.run(Thread.java:748)

]]></system-err>
  </testcase>
</testsuite>