<?xml version="1.0" encoding="UTF-8"?>
<testsuite xmlns:xsi="http://www.w3.org/2001/XMLSchema-instance" xsi:noNamespaceSchemaLocation="https://maven.apache.org/surefire/maven-surefire-plugin/xsd/surefire-test-report.xsd" name="org.apache.hadoop.ozone.client.rpc.TestWatchForCommit" time="241.05" tests="5" errors="1" skipped="0" failures="0">
  <properties>
    <property name="awt.toolkit" value="sun.awt.X11.XToolkit"/>
    <property name="file.encoding.pkg" value="sun.io"/>
    <property name="java.specification.version" value="1.8"/>
    <property name="sun.cpu.isalist" value=""/>
    <property name="sun.jnu.encoding" value="ANSI_X3.4-1968"/>
    <property name="java.class.path" value="/workdir/hadoop-ozone/integration-test/target/test-classes:/workdir/hadoop-ozone/integration-test/target/classes:/home/user/.m2/repository/org/apache/hadoop/hadoop-ozone-common/0.5.0-SNAPSHOT/hadoop-ozone-common-0.5.0-SNAPSHOT.jar:/home/user/.m2/repository/org/apache/commons/commons-compress/1.4.1/commons-compress-1.4.1.jar:/home/user/.m2/repository/org/tukaani/xz/1.0/xz-1.0.jar:/home/user/.m2/repository/org/apache/hadoop/hadoop-common/3.2.0/hadoop-common-3.2.0.jar:/home/user/.m2/repository/org/apache/hadoop/hadoop-hdfs/3.2.0/hadoop-hdfs-3.2.0.jar:/home/user/.m2/repository/org/apache/hadoop/hadoop-hdfs-client/3.2.0/hadoop-hdfs-client-3.2.0.jar:/home/user/.m2/repository/com/fasterxml/jackson/core/jackson-annotations/2.9.9/jackson-annotations-2.9.9.jar:/home/user/.m2/repository/org/apache/hadoop/hadoop-hdds-common/0.5.0-SNAPSHOT/hadoop-hdds-common-0.5.0-SNAPSHOT.jar:/home/user/.m2/repository/javax/annotation/javax.annotation-api/1.2/javax.annotation-api-1.2.jar:/home/user/.m2/repository/org/apache/ratis/ratis-server/0.5.0-201fc85-SNAPSHOT/ratis-server-0.5.0-201fc85-SNAPSHOT.jar:/home/user/.m2/repository/org/apache/ratis/ratis-thirdparty-misc/0.2.0/ratis-thirdparty-misc-0.2.0.jar:/home/user/.m2/repository/org/apache/ratis/ratis-proto/0.5.0-201fc85-SNAPSHOT/ratis-proto-0.5.0-201fc85-SNAPSHOT.jar:/home/user/.m2/repository/org/apache/ratis/ratis-common/0.5.0-201fc85-SNAPSHOT/ratis-common-0.5.0-201fc85-SNAPSHOT.jar:/home/user/.m2/repository/org/apache/ratis/ratis-client/0.5.0-201fc85-SNAPSHOT/ratis-client-0.5.0-201fc85-SNAPSHOT.jar:/home/user/.m2/repository/org/apache/ratis/ratis-metrics/0.5.0-201fc85-SNAPSHOT/ratis-metrics-0.5.0-201fc85-SNAPSHOT.jar:/home/user/.m2/repository/com/github/joshelser/dropwizard-metrics-hadoop-metrics2-reporter/0.1.2/dropwizard-metrics-hadoop-metrics2-reporter-0.1.2.jar:/home/user/.m2/repository/io/dropwizard/metrics/metrics-jvm/3.2.5/metrics-jvm-3.2.5.jar:/home/user/.m2/repository/io/dropwizard/metrics/metrics-ganglia/3.2.5/metrics-ganglia-3.2.5.jar:/home/user/.m2/repository/info/ganglia/gmetric4j/gmetric4j/1.0.7/gmetric4j-1.0.7.jar:/home/user/.m2/repository/org/apache/ratis/ratis-netty/0.5.0-201fc85-SNAPSHOT/ratis-netty-0.5.0-201fc85-SNAPSHOT.jar:/home/user/.m2/repository/org/apache/ratis/ratis-grpc/0.5.0-201fc85-SNAPSHOT/ratis-grpc-0.5.0-201fc85-SNAPSHOT.jar:/home/user/.m2/repository/org/rocksdb/rocksdbjni/6.0.1/rocksdbjni-6.0.1.jar:/home/user/.m2/repository/org/apache/logging/log4j/log4j-api/2.11.0/log4j-api-2.11.0.jar:/home/user/.m2/repository/org/apache/logging/log4j/log4j-core/2.11.0/log4j-core-2.11.0.jar:/home/user/.m2/repository/com/lmax/disruptor/3.4.2/disruptor-3.4.2.jar:/home/user/.m2/repository/org/apache/commons/commons-pool2/2.6.0/commons-pool2-2.6.0.jar:/home/user/.m2/repository/org/bouncycastle/bcpkix-jdk15on/1.60/bcpkix-jdk15on-1.60.jar:/home/user/.m2/repository/commons-validator/commons-validator/1.6/commons-validator-1.6.jar:/home/user/.m2/repository/commons-digester/commons-digester/1.8.1/commons-digester-1.8.1.jar:/home/user/.m2/repository/io/jaegertracing/jaeger-client/0.34.0/jaeger-client-0.34.0.jar:/home/user/.m2/repository/io/jaegertracing/jaeger-thrift/0.34.0/jaeger-thrift-0.34.0.jar:/home/user/.m2/repository/org/apache/thrift/libthrift/0.12.0/libthrift-0.12.0.jar:/home/user/.m2/repository/com/squareup/okhttp3/okhttp/3.9.0/okhttp-3.9.0.jar:/home/user/.m2/repository/com/squareup/okio/okio/1.13.0/okio-1.13.0.jar:/home/user/.m2/repository/io/jaegertracing/jaeger-core/0.34.0/jaeger-core-0.34.0.jar:/home/user/.m2/repository/io/jaegertracing/jaeger-tracerresolver/0.34.0/jaeger-tracerresolver-0.34.0.jar:/home/user/.m2/repository/io/opentracing/contrib/opentracing-tracerresolver/0.1.5/opentracing-tracerresolver-0.1.5.jar:/home/user/.m2/repository/io/opentracing/opentracing-util/0.31.0/opentracing-util-0.31.0.jar:/home/user/.m2/repository/io/opentracing/opentracing-api/0.31.0/opentracing-api-0.31.0.jar:/home/user/.m2/repository/io/opentracing/opentracing-noop/0.31.0/opentracing-noop-0.31.0.jar:/home/user/.m2/repository/org/apache/hadoop/hadoop-hdds-server-framework/0.5.0-SNAPSHOT/hadoop-hdds-server-framework-0.5.0-SNAPSHOT.jar:/home/user/.m2/repository/org/apache/hadoop/hadoop-hdds-container-service/0.5.0-SNAPSHOT/hadoop-hdds-container-service-0.5.0-SNAPSHOT.jar:/home/user/.m2/repository/org/apache/hadoop/hadoop-hdds-client/0.5.0-SNAPSHOT/hadoop-hdds-client-0.5.0-SNAPSHOT.jar:/home/user/.m2/repository/org/apache/hadoop/hadoop-hdds-tools/0.5.0-SNAPSHOT/hadoop-hdds-tools-0.5.0-SNAPSHOT.jar:/home/user/.m2/repository/org/apache/hadoop/hadoop-hdds-server-scm/0.5.0-SNAPSHOT/hadoop-hdds-server-scm-0.5.0-SNAPSHOT.jar:/home/user/.m2/repository/org/apache/hadoop/hadoop-hdds-docs/0.5.0-SNAPSHOT/hadoop-hdds-docs-0.5.0-SNAPSHOT.jar:/home/user/.m2/repository/io/dropwizard/metrics/metrics-core/3.2.4/metrics-core-3.2.4.jar:/home/user/.m2/repository/org/hamcrest/hamcrest-all/1.3/hamcrest-all-1.3.jar:/home/user/.m2/repository/org/bouncycastle/bcprov-jdk15on/1.60/bcprov-jdk15on-1.60.jar:/home/user/.m2/repository/info/picocli/picocli/3.9.6/picocli-3.9.6.jar:/home/user/.m2/repository/com/google/protobuf/protobuf-java/2.5.0/protobuf-java-2.5.0.jar:/home/user/.m2/repository/com/google/guava/guava/11.0.2/guava-11.0.2.jar:/home/user/.m2/repository/org/apache/hadoop/hadoop-ozone-ozone-manager/0.5.0-SNAPSHOT/hadoop-ozone-ozone-manager-0.5.0-SNAPSHOT.jar:/home/user/.m2/repository/org/apache/hadoop/hadoop-minikdc/3.2.0/hadoop-minikdc-3.2.0.jar:/home/user/.m2/repository/commons-io/commons-io/2.5/commons-io-2.5.jar:/home/user/.m2/repository/org/apache/kerby/kerb-simplekdc/1.0.1/kerb-simplekdc-1.0.1.jar:/home/user/.m2/repository/org/apache/kerby/kerb-client/1.0.1/kerb-client-1.0.1.jar:/home/user/.m2/repository/org/apache/kerby/kerby-config/1.0.1/kerby-config-1.0.1.jar:/home/user/.m2/repository/org/apache/kerby/kerb-core/1.0.1/kerb-core-1.0.1.jar:/home/user/.m2/repository/org/apache/kerby/kerby-pkix/1.0.1/kerby-pkix-1.0.1.jar:/home/user/.m2/repository/org/apache/kerby/kerby-asn1/1.0.1/kerby-asn1-1.0.1.jar:/home/user/.m2/repository/org/apache/kerby/kerby-util/1.0.1/kerby-util-1.0.1.jar:/home/user/.m2/repository/org/apache/kerby/kerb-common/1.0.1/kerb-common-1.0.1.jar:/home/user/.m2/repository/org/apache/kerby/kerb-crypto/1.0.1/kerb-crypto-1.0.1.jar:/home/user/.m2/repository/org/apache/kerby/kerb-util/1.0.1/kerb-util-1.0.1.jar:/home/user/.m2/repository/org/apache/kerby/token-provider/1.0.1/token-provider-1.0.1.jar:/home/user/.m2/repository/org/apache/kerby/kerb-admin/1.0.1/kerb-admin-1.0.1.jar:/home/user/.m2/repository/org/apache/kerby/kerb-server/1.0.1/kerb-server-1.0.1.jar:/home/user/.m2/repository/org/apache/kerby/kerb-identity/1.0.1/kerb-identity-1.0.1.jar:/home/user/.m2/repository/org/apache/kerby/kerby-xdr/1.0.1/kerby-xdr-1.0.1.jar:/home/user/.m2/repository/org/slf4j/slf4j-log4j12/1.7.25/slf4j-log4j12-1.7.25.jar:/home/user/.m2/repository/org/apache/hadoop/hadoop-ozone-s3gateway/0.5.0-SNAPSHOT/hadoop-ozone-s3gateway-0.5.0-SNAPSHOT.jar:/home/user/.m2/repository/org/jboss/weld/servlet/weld-servlet/2.4.7.Final/weld-servlet-2.4.7.Final.jar:/home/user/.m2/repository/org/glassfish/jersey/containers/jersey-container-servlet-core/2.27/jersey-container-servlet-core-2.27.jar:/home/user/.m2/repository/org/glassfish/hk2/external/javax.inject/2.5.0-b42/javax.inject-2.5.0-b42.jar:/home/user/.m2/repository/org/glassfish/jersey/core/jersey-common/2.27/jersey-common-2.27.jar:/home/user/.m2/repository/org/glassfish/hk2/osgi-resource-locator/1.0.1/osgi-resource-locator-1.0.1.jar:/home/user/.m2/repository/javax/ws/rs/javax.ws.rs-api/2.1/javax.ws.rs-api-2.1.jar:/home/user/.m2/repository/org/glassfish/jersey/ext/cdi/jersey-cdi1x/2.27/jersey-cdi1x-2.27.jar:/home/user/.m2/repository/org/glassfish/jersey/inject/jersey-hk2/2.27/jersey-hk2-2.27.jar:/home/user/.m2/repository/org/glassfish/hk2/hk2-locator/2.5.0-b42/hk2-locator-2.5.0-b42.jar:/home/user/.m2/repository/org/javassist/javassist/3.22.0-CR2/javassist-3.22.0-CR2.jar:/home/user/.m2/repository/org/glassfish/hk2/hk2-api/2.5.0/hk2-api-2.5.0.jar:/home/user/.m2/repository/org/glassfish/hk2/external/jakarta.inject/2.5.0/jakarta.inject-2.5.0.jar:/home/user/.m2/repository/org/glassfish/hk2/hk2-utils/2.5.0/hk2-utils-2.5.0.jar:/home/user/.m2/repository/jakarta/annotation/jakarta.annotation-api/1.3.4/jakarta.annotation-api-1.3.4.jar:/home/user/.m2/repository/org/glassfish/hk2/external/aopalliance-repackaged/2.5.0/aopalliance-repackaged-2.5.0.jar:/home/user/.m2/repository/com/fasterxml/jackson/dataformat/jackson-dataformat-xml/2.9.0/jackson-dataformat-xml-2.9.0.jar:/home/user/.m2/repository/com/fasterxml/jackson/core/jackson-core/2.9.9/jackson-core-2.9.9.jar:/home/user/.m2/repository/com/fasterxml/jackson/module/jackson-module-jaxb-annotations/2.9.9/jackson-module-jaxb-annotations-2.9.9.jar:/home/user/.m2/repository/javax/enterprise/cdi-api/1.2/cdi-api-1.2.jar:/home/user/.m2/repository/javax/el/javax.el-api/3.0.0/javax.el-api-3.0.0.jar:/home/user/.m2/repository/javax/interceptor/javax.interceptor-api/1.2/javax.interceptor-api-1.2.jar:/home/user/.m2/repository/javax/inject/javax.inject/1/javax.inject-1.jar:/home/user/.m2/repository/com/sun/xml/bind/jaxb-impl/2.3.0.1/jaxb-impl-2.3.0.1.jar:/home/user/.m2/repository/com/sun/xml/bind/jaxb-core/2.3.0.1/jaxb-core-2.3.0.1.jar:/home/user/.m2/repository/javax/xml/bind/jaxb-api/2.3.0/jaxb-api-2.3.0.jar:/home/user/.m2/repository/javax/activation/activation/1.1.1/activation-1.1.1.jar:/home/user/.m2/repository/org/apache/hadoop/hadoop-ozone-csi/0.5.0-SNAPSHOT/hadoop-ozone-csi-0.5.0-SNAPSHOT.jar:/home/user/.m2/repository/com/google/protobuf/protobuf-java-util/3.5.1/protobuf-java-util-3.5.1.jar:/home/user/.m2/repository/org/apache/hadoop/hadoop-hdds-config/0.5.0-SNAPSHOT/hadoop-hdds-config-0.5.0-SNAPSHOT.jar:/home/user/.m2/repository/io/grpc/grpc-netty/1.17.1/grpc-netty-1.17.1.jar:/home/user/.m2/repository/io/grpc/grpc-core/1.17.1/grpc-core-1.17.1.jar:/home/user/.m2/repository/io/grpc/grpc-context/1.17.1/grpc-context-1.17.1.jar:/home/user/.m2/repository/com/google/errorprone/error_prone_annotations/2.2.0/error_prone_annotations-2.2.0.jar:/home/user/.m2/repository/org/codehaus/mojo/animal-sniffer-annotations/1.17/animal-sniffer-annotations-1.17.jar:/home/user/.m2/repository/io/opencensus/opencensus-api/0.17.0/opencensus-api-0.17.0.jar:/home/user/.m2/repository/io/opencensus/opencensus-contrib-grpc-metrics/0.17.0/opencensus-contrib-grpc-metrics-0.17.0.jar:/home/user/.m2/repository/io/netty/netty-codec-http2/4.1.30.Final/netty-codec-http2-4.1.30.Final.jar:/home/user/.m2/repository/io/netty/netty-codec-http/4.1.30.Final/netty-codec-http-4.1.30.Final.jar:/home/user/.m2/repository/io/netty/netty-codec/4.1.30.Final/netty-codec-4.1.30.Final.jar:/home/user/.m2/repository/io/netty/netty-handler/4.1.30.Final/netty-handler-4.1.30.Final.jar:/home/user/.m2/repository/io/netty/netty-handler-proxy/4.1.30.Final/netty-handler-proxy-4.1.30.Final.jar:/home/user/.m2/repository/io/netty/netty-codec-socks/4.1.30.Final/netty-codec-socks-4.1.30.Final.jar:/home/user/.m2/repository/io/netty/netty-transport-native-epoll/4.1.30.Final/netty-transport-native-epoll-4.1.30.Final.jar:/home/user/.m2/repository/io/netty/netty-common/4.1.30.Final/netty-common-4.1.30.Final.jar:/home/user/.m2/repository/io/netty/netty-buffer/4.1.30.Final/netty-buffer-4.1.30.Final.jar:/home/user/.m2/repository/io/netty/netty-transport/4.1.30.Final/netty-transport-4.1.30.Final.jar:/home/user/.m2/repository/io/netty/netty-resolver/4.1.30.Final/netty-resolver-4.1.30.Final.jar:/home/user/.m2/repository/io/netty/netty-transport-native-unix-common/4.1.30.Final/netty-transport-native-unix-common-4.1.30.Final.jar:/home/user/.m2/repository/io/grpc/grpc-protobuf/1.17.1/grpc-protobuf-1.17.1.jar:/home/user/.m2/repository/com/google/api/grpc/proto-google-common-protos/1.0.0/proto-google-common-protos-1.0.0.jar:/home/user/.m2/repository/io/grpc/grpc-protobuf-lite/1.17.1/grpc-protobuf-lite-1.17.1.jar:/home/user/.m2/repository/io/grpc/grpc-stub/1.17.1/grpc-stub-1.17.1.jar:/home/user/.m2/repository/org/apache/hadoop/hadoop-ozone-recon/0.5.0-SNAPSHOT/hadoop-ozone-recon-0.5.0-SNAPSHOT.jar:/home/user/.m2/repository/org/apache/hadoop/hadoop-ozone-reconcodegen/0.5.0-SNAPSHOT/hadoop-ozone-reconcodegen-0.5.0-SNAPSHOT.jar:/home/user/.m2/repository/com/google/inject/extensions/guice-multibindings/4.0/guice-multibindings-4.0.jar:/home/user/.m2/repository/com/google/inject/guice/4.0/guice-4.0.jar:/home/user/.m2/repository/aopalliance/aopalliance/1.0/aopalliance-1.0.jar:/home/user/.m2/repository/com/google/inject/extensions/guice-servlet/4.0/guice-servlet-4.0.jar:/home/user/.m2/repository/org/glassfish/jersey/containers/jersey-container-servlet/2.27/jersey-container-servlet-2.27.jar:/home/user/.m2/repository/org/glassfish/hk2/guice-bridge/2.5.0/guice-bridge-2.5.0.jar:/home/user/.m2/repository/org/glassfish/jersey/core/jersey-server/2.27/jersey-server-2.27.jar:/home/user/.m2/repository/org/glassfish/jersey/core/jersey-client/2.27/jersey-client-2.27.jar:/home/user/.m2/repository/org/glassfish/jersey/media/jersey-media-jaxb/2.27/jersey-media-jaxb-2.27.jar:/home/user/.m2/repository/javax/validation/validation-api/1.1.0.Final/validation-api-1.1.0.Final.jar:/home/user/.m2/repository/org/glassfish/jersey/media/jersey-media-json-jackson/2.27/jersey-media-json-jackson-2.27.jar:/home/user/.m2/repository/org/glassfish/jersey/ext/jersey-entity-filtering/2.27/jersey-entity-filtering-2.27.jar:/home/user/.m2/repository/com/google/inject/extensions/guice-assistedinject/4.0/guice-assistedinject-4.0.jar:/home/user/.m2/repository/org/jooq/jooq/3.11.10/jooq-3.11.10.jar:/home/user/.m2/repository/org/jooq/jooq-meta/3.11.10/jooq-meta-3.11.10.jar:/home/user/.m2/repository/org/jooq/jooq-codegen/3.11.10/jooq-codegen-3.11.10.jar:/home/user/.m2/repository/com/jolbox/bonecp/0.8.0.RELEASE/bonecp-0.8.0.RELEASE.jar:/home/user/.m2/repository/org/xerial/sqlite-jdbc/3.25.2/sqlite-jdbc-3.25.2.jar:/home/user/.m2/repository/org/springframework/spring-jdbc/5.1.3.RELEASE/spring-jdbc-5.1.3.RELEASE.jar:/home/user/.m2/repository/org/springframework/spring-beans/5.1.3.RELEASE/spring-beans-5.1.3.RELEASE.jar:/home/user/.m2/repository/org/springframework/spring-core/5.1.3.RELEASE/spring-core-5.1.3.RELEASE.jar:/home/user/.m2/repository/org/springframework/spring-jcl/5.1.3.RELEASE/spring-jcl-5.1.3.RELEASE.jar:/home/user/.m2/repository/org/springframework/spring-tx/5.1.3.RELEASE/spring-tx-5.1.3.RELEASE.jar:/home/user/.m2/repository/org/apache/hadoop/hadoop-ozone-client/0.5.0-SNAPSHOT/hadoop-ozone-client-0.5.0-SNAPSHOT.jar:/home/user/.m2/repository/commons-lang/commons-lang/2.6/commons-lang-2.6.jar:/home/user/.m2/repository/org/apache/hadoop/hadoop-ozone-ozone-manager/0.5.0-SNAPSHOT/hadoop-ozone-ozone-manager-0.5.0-SNAPSHOT-tests.jar:/home/user/.m2/repository/junit/junit/4.11/junit-4.11.jar:/home/user/.m2/repository/org/hamcrest/hamcrest-core/1.3/hamcrest-core-1.3.jar:/home/user/.m2/repository/org/openjdk/jmh/jmh-core/1.19/jmh-core-1.19.jar:/home/user/.m2/repository/net/sf/jopt-simple/jopt-simple/4.6/jopt-simple-4.6.jar:/home/user/.m2/repository/org/apache/commons/commons-math3/3.1.1/commons-math3-3.1.1.jar:/home/user/.m2/repository/org/openjdk/jmh/jmh-generator-annprocess/1.19/jmh-generator-annprocess-1.19.jar:/home/user/.m2/repository/org/mockito/mockito-all/1.8.5/mockito-all-1.8.5.jar:/home/user/.m2/repository/org/apache/hadoop/hadoop-kms/3.2.0/hadoop-kms-3.2.0.jar:/home/user/.m2/repository/org/apache/hadoop/hadoop-auth/3.2.0/hadoop-auth-3.2.0.jar:/home/user/.m2/repository/com/nimbusds/nimbus-jose-jwt/4.41.1/nimbus-jose-jwt-4.41.1.jar:/home/user/.m2/repository/com/github/stephenc/jcip/jcip-annotations/1.0-1/jcip-annotations-1.0-1.jar:/home/user/.m2/repository/net/minidev/json-smart/2.3/json-smart-2.3.jar:/home/user/.m2/repository/net/minidev/accessors-smart/1.2/accessors-smart-1.2.jar:/home/user/.m2/repository/org/ow2/asm/asm/5.0.4/asm-5.0.4.jar:/home/user/.m2/repository/org/apache/curator/curator-framework/2.12.0/curator-framework-2.12.0.jar:/home/user/.m2/repository/com/sun/jersey/jersey-core/1.19/jersey-core-1.19.jar:/home/user/.m2/repository/javax/ws/rs/jsr311-api/1.1.1/jsr311-api-1.1.1.jar:/home/user/.m2/repository/com/sun/jersey/jersey-server/1.19/jersey-server-1.19.jar:/home/user/.m2/repository/javax/servlet/javax.servlet-api/3.1.0/javax.servlet-api-3.1.0.jar:/home/user/.m2/repository/org/eclipse/jetty/jetty-server/9.3.25.v20180904/jetty-server-9.3.25.v20180904.jar:/home/user/.m2/repository/org/eclipse/jetty/jetty-http/9.3.25.v20180904/jetty-http-9.3.25.v20180904.jar:/home/user/.m2/repository/org/eclipse/jetty/jetty-io/9.3.25.v20180904/jetty-io-9.3.25.v20180904.jar:/home/user/.m2/repository/org/eclipse/jetty/jetty-webapp/9.3.25.v20180904/jetty-webapp-9.3.25.v20180904.jar:/home/user/.m2/repository/org/eclipse/jetty/jetty-xml/9.3.25.v20180904/jetty-xml-9.3.25.v20180904.jar:/home/user/.m2/repository/log4j/log4j/1.2.17/log4j-1.2.17.jar:/home/user/.m2/repository/org/slf4j/slf4j-api/1.7.25/slf4j-api-1.7.25.jar:/home/user/.m2/repository/org/slf4j/jul-to-slf4j/1.7.25/jul-to-slf4j-1.7.25.jar:/home/user/.m2/repository/org/eclipse/jetty/jetty-util/9.3.25.v20180904/jetty-util-9.3.25.v20180904.jar:/home/user/.m2/repository/com/fasterxml/jackson/core/jackson-databind/2.9.9/jackson-databind-2.9.9.jar:/home/user/.m2/repository/org/apache/hadoop/hadoop-kms/3.2.0/hadoop-kms-3.2.0-tests.jar:/home/user/.m2/repository/org/apache/hadoop/hadoop-hdds-server-scm/0.5.0-SNAPSHOT/hadoop-hdds-server-scm-0.5.0-SNAPSHOT-tests.jar:/home/user/.m2/repository/org/apache/hadoop/hadoop-hdds-container-service/0.5.0-SNAPSHOT/hadoop-hdds-container-service-0.5.0-SNAPSHOT-tests.jar:/home/user/.m2/repository/org/yaml/snakeyaml/1.16/snakeyaml-1.16.jar:/home/user/.m2/repository/org/apache/hadoop/hadoop-common/3.2.0/hadoop-common-3.2.0-tests.jar:/home/user/.m2/repository/org/apache/hadoop/hadoop-annotations/3.2.0/hadoop-annotations-3.2.0.jar:/usr/lib/jvm/java-1.8.0-openjdk-1.8.0.222.b10-1.el7_7.x86_64/jre/../lib/tools.jar:/home/user/.m2/repository/commons-cli/commons-cli/1.2/commons-cli-1.2.jar:/home/user/.m2/repository/org/apache/httpcomponents/httpclient/4.5.2/httpclient-4.5.2.jar:/home/user/.m2/repository/org/apache/httpcomponents/httpcore/4.4.4/httpcore-4.4.4.jar:/home/user/.m2/repository/commons-codec/commons-codec/1.11/commons-codec-1.11.jar:/home/user/.m2/repository/commons-net/commons-net/3.6/commons-net-3.6.jar:/home/user/.m2/repository/commons-collections/commons-collections/3.2.2/commons-collections-3.2.2.jar:/home/user/.m2/repository/org/eclipse/jetty/jetty-servlet/9.3.25.v20180904/jetty-servlet-9.3.25.v20180904.jar:/home/user/.m2/repository/org/eclipse/jetty/jetty-security/9.3.25.v20180904/jetty-security-9.3.25.v20180904.jar:/home/user/.m2/repository/javax/servlet/jsp/jsp-api/2.1/jsp-api-2.1.jar:/home/user/.m2/repository/com/sun/jersey/jersey-servlet/1.19/jersey-servlet-1.19.jar:/home/user/.m2/repository/com/sun/jersey/jersey-json/1.19/jersey-json-1.19.jar:/home/user/.m2/repository/org/codehaus/jettison/jettison/1.1/jettison-1.1.jar:/home/user/.m2/repository/org/codehaus/jackson/jackson-core-asl/1.9.13/jackson-core-asl-1.9.13.jar:/home/user/.m2/repository/org/codehaus/jackson/jackson-mapper-asl/1.9.13/jackson-mapper-asl-1.9.13.jar:/home/user/.m2/repository/org/codehaus/jackson/jackson-jaxrs/1.9.13/jackson-jaxrs-1.9.13.jar:/home/user/.m2/repository/org/codehaus/jackson/jackson-xc/1.9.13/jackson-xc-1.9.13.jar:/home/user/.m2/repository/commons-logging/commons-logging/1.1.3/commons-logging-1.1.3.jar:/home/user/.m2/repository/commons-beanutils/commons-beanutils/1.9.4/commons-beanutils-1.9.4.jar:/home/user/.m2/repository/org/apache/commons/commons-configuration2/2.1.1/commons-configuration2-2.1.1.jar:/home/user/.m2/repository/org/apache/commons/commons-lang3/3.7/commons-lang3-3.7.jar:/home/user/.m2/repository/org/apache/commons/commons-text/1.4/commons-text-1.4.jar:/home/user/.m2/repository/org/apache/avro/avro/1.7.7/avro-1.7.7.jar:/home/user/.m2/repository/com/thoughtworks/paranamer/paranamer/2.3/paranamer-2.3.jar:/home/user/.m2/repository/org/xerial/snappy/snappy-java/1.0.5/snappy-java-1.0.5.jar:/home/user/.m2/repository/com/google/re2j/re2j/1.1/re2j-1.1.jar:/home/user/.m2/repository/com/google/code/gson/gson/2.2.4/gson-2.2.4.jar:/home/user/.m2/repository/com/jcraft/jsch/0.1.54/jsch-0.1.54.jar:/home/user/.m2/repository/org/apache/curator/curator-client/2.12.0/curator-client-2.12.0.jar:/home/user/.m2/repository/org/apache/curator/curator-recipes/2.12.0/curator-recipes-2.12.0.jar:/home/user/.m2/repository/com/google/code/findbugs/jsr305/3.0.0/jsr305-3.0.0.jar:/home/user/.m2/repository/org/apache/htrace/htrace-core4/4.1.0-incubating/htrace-core4-4.1.0-incubating.jar:/home/user/.m2/repository/org/apache/zookeeper/zookeeper/3.4.13/zookeeper-3.4.13.jar:/home/user/.m2/repository/jline/jline/0.9.94/jline-0.9.94.jar:/home/user/.m2/repository/org/apache/yetus/audience-annotations/0.5.0/audience-annotations-0.5.0.jar:/home/user/.m2/repository/org/codehaus/woodstox/stax2-api/3.1.4/stax2-api-3.1.4.jar:/home/user/.m2/repository/com/fasterxml/woodstox/woodstox-core/5.0.3/woodstox-core-5.0.3.jar:/home/user/.m2/repository/dnsjava/dnsjava/2.1.7/dnsjava-2.1.7.jar:/home/user/.m2/repository/org/apache/hadoop/hadoop-hdfs/3.2.0/hadoop-hdfs-3.2.0-tests.jar:/home/user/.m2/repository/org/eclipse/jetty/jetty-util-ajax/9.3.25.v20180904/jetty-util-ajax-9.3.25.v20180904.jar:/home/user/.m2/repository/commons-daemon/commons-daemon/1.0.13/commons-daemon-1.0.13.jar:/home/user/.m2/repository/io/netty/netty/3.10.5.Final/netty-3.10.5.Final.jar:/home/user/.m2/repository/io/netty/netty-all/4.0.52.Final/netty-all-4.0.52.Final.jar:/home/user/.m2/repository/org/fusesource/leveldbjni/leveldbjni-all/1.8/leveldbjni-all-1.8.jar:"/>
    <property name="java.vm.vendor" value="Oracle Corporation"/>
    <property name="sun.arch.data.model" value="64"/>
    <property name="test.build.dir" value="/workdir/hadoop-ozone/integration-test/target/test-dir"/>
    <property name="test.cache.data" value=""/>
    <property name="java.vendor.url" value="http://java.oracle.com/"/>
    <property name="user.timezone" value=""/>
    <property name="java.vm.specification.version" value="1.8"/>
    <property name="os.name" value="Linux"/>
    <property name="test.build.data" value="/workdir/hadoop-ozone/integration-test/target/test-dir"/>
    <property name="user.country" value="US"/>
    <property name="sun.java.launcher" value="SUN_STANDARD"/>
    <property name="sun.boot.library.path" value="/usr/lib/jvm/java-1.8.0-openjdk-1.8.0.222.b10-1.el7_7.x86_64/jre/lib/amd64"/>
    <property name="sun.java.command" value="/workdir/hadoop-ozone/integration-test/target/surefire/surefirebooter931407201007488368.jar /workdir/hadoop-ozone/integration-test/target/surefire 2019-10-21T09-18-44_408-jvmRun1 surefire6144121918382444631tmp surefire_534346267184345946173tmp"/>
    <property name="test" value="!TestMiniChaosOzoneCluster"/>
    <property name="surefire.test.class.path" value="/workdir/hadoop-ozone/integration-test/target/test-classes:/workdir/hadoop-ozone/integration-test/target/classes:/home/user/.m2/repository/org/apache/hadoop/hadoop-ozone-common/0.5.0-SNAPSHOT/hadoop-ozone-common-0.5.0-SNAPSHOT.jar:/home/user/.m2/repository/org/apache/commons/commons-compress/1.4.1/commons-compress-1.4.1.jar:/home/user/.m2/repository/org/tukaani/xz/1.0/xz-1.0.jar:/home/user/.m2/repository/org/apache/hadoop/hadoop-common/3.2.0/hadoop-common-3.2.0.jar:/home/user/.m2/repository/org/apache/hadoop/hadoop-hdfs/3.2.0/hadoop-hdfs-3.2.0.jar:/home/user/.m2/repository/org/apache/hadoop/hadoop-hdfs-client/3.2.0/hadoop-hdfs-client-3.2.0.jar:/home/user/.m2/repository/com/fasterxml/jackson/core/jackson-annotations/2.9.9/jackson-annotations-2.9.9.jar:/home/user/.m2/repository/org/apache/hadoop/hadoop-hdds-common/0.5.0-SNAPSHOT/hadoop-hdds-common-0.5.0-SNAPSHOT.jar:/home/user/.m2/repository/javax/annotation/javax.annotation-api/1.2/javax.annotation-api-1.2.jar:/home/user/.m2/repository/org/apache/ratis/ratis-server/0.5.0-201fc85-SNAPSHOT/ratis-server-0.5.0-201fc85-SNAPSHOT.jar:/home/user/.m2/repository/org/apache/ratis/ratis-thirdparty-misc/0.2.0/ratis-thirdparty-misc-0.2.0.jar:/home/user/.m2/repository/org/apache/ratis/ratis-proto/0.5.0-201fc85-SNAPSHOT/ratis-proto-0.5.0-201fc85-SNAPSHOT.jar:/home/user/.m2/repository/org/apache/ratis/ratis-common/0.5.0-201fc85-SNAPSHOT/ratis-common-0.5.0-201fc85-SNAPSHOT.jar:/home/user/.m2/repository/org/apache/ratis/ratis-client/0.5.0-201fc85-SNAPSHOT/ratis-client-0.5.0-201fc85-SNAPSHOT.jar:/home/user/.m2/repository/org/apache/ratis/ratis-metrics/0.5.0-201fc85-SNAPSHOT/ratis-metrics-0.5.0-201fc85-SNAPSHOT.jar:/home/user/.m2/repository/com/github/joshelser/dropwizard-metrics-hadoop-metrics2-reporter/0.1.2/dropwizard-metrics-hadoop-metrics2-reporter-0.1.2.jar:/home/user/.m2/repository/io/dropwizard/metrics/metrics-jvm/3.2.5/metrics-jvm-3.2.5.jar:/home/user/.m2/repository/io/dropwizard/metrics/metrics-ganglia/3.2.5/metrics-ganglia-3.2.5.jar:/home/user/.m2/repository/info/ganglia/gmetric4j/gmetric4j/1.0.7/gmetric4j-1.0.7.jar:/home/user/.m2/repository/org/apache/ratis/ratis-netty/0.5.0-201fc85-SNAPSHOT/ratis-netty-0.5.0-201fc85-SNAPSHOT.jar:/home/user/.m2/repository/org/apache/ratis/ratis-grpc/0.5.0-201fc85-SNAPSHOT/ratis-grpc-0.5.0-201fc85-SNAPSHOT.jar:/home/user/.m2/repository/org/rocksdb/rocksdbjni/6.0.1/rocksdbjni-6.0.1.jar:/home/user/.m2/repository/org/apache/logging/log4j/log4j-api/2.11.0/log4j-api-2.11.0.jar:/home/user/.m2/repository/org/apache/logging/log4j/log4j-core/2.11.0/log4j-core-2.11.0.jar:/home/user/.m2/repository/com/lmax/disruptor/3.4.2/disruptor-3.4.2.jar:/home/user/.m2/repository/org/apache/commons/commons-pool2/2.6.0/commons-pool2-2.6.0.jar:/home/user/.m2/repository/org/bouncycastle/bcpkix-jdk15on/1.60/bcpkix-jdk15on-1.60.jar:/home/user/.m2/repository/commons-validator/commons-validator/1.6/commons-validator-1.6.jar:/home/user/.m2/repository/commons-digester/commons-digester/1.8.1/commons-digester-1.8.1.jar:/home/user/.m2/repository/io/jaegertracing/jaeger-client/0.34.0/jaeger-client-0.34.0.jar:/home/user/.m2/repository/io/jaegertracing/jaeger-thrift/0.34.0/jaeger-thrift-0.34.0.jar:/home/user/.m2/repository/org/apache/thrift/libthrift/0.12.0/libthrift-0.12.0.jar:/home/user/.m2/repository/com/squareup/okhttp3/okhttp/3.9.0/okhttp-3.9.0.jar:/home/user/.m2/repository/com/squareup/okio/okio/1.13.0/okio-1.13.0.jar:/home/user/.m2/repository/io/jaegertracing/jaeger-core/0.34.0/jaeger-core-0.34.0.jar:/home/user/.m2/repository/io/jaegertracing/jaeger-tracerresolver/0.34.0/jaeger-tracerresolver-0.34.0.jar:/home/user/.m2/repository/io/opentracing/contrib/opentracing-tracerresolver/0.1.5/opentracing-tracerresolver-0.1.5.jar:/home/user/.m2/repository/io/opentracing/opentracing-util/0.31.0/opentracing-util-0.31.0.jar:/home/user/.m2/repository/io/opentracing/opentracing-api/0.31.0/opentracing-api-0.31.0.jar:/home/user/.m2/repository/io/opentracing/opentracing-noop/0.31.0/opentracing-noop-0.31.0.jar:/home/user/.m2/repository/org/apache/hadoop/hadoop-hdds-server-framework/0.5.0-SNAPSHOT/hadoop-hdds-server-framework-0.5.0-SNAPSHOT.jar:/home/user/.m2/repository/org/apache/hadoop/hadoop-hdds-container-service/0.5.0-SNAPSHOT/hadoop-hdds-container-service-0.5.0-SNAPSHOT.jar:/home/user/.m2/repository/org/apache/hadoop/hadoop-hdds-client/0.5.0-SNAPSHOT/hadoop-hdds-client-0.5.0-SNAPSHOT.jar:/home/user/.m2/repository/org/apache/hadoop/hadoop-hdds-tools/0.5.0-SNAPSHOT/hadoop-hdds-tools-0.5.0-SNAPSHOT.jar:/home/user/.m2/repository/org/apache/hadoop/hadoop-hdds-server-scm/0.5.0-SNAPSHOT/hadoop-hdds-server-scm-0.5.0-SNAPSHOT.jar:/home/user/.m2/repository/org/apache/hadoop/hadoop-hdds-docs/0.5.0-SNAPSHOT/hadoop-hdds-docs-0.5.0-SNAPSHOT.jar:/home/user/.m2/repository/io/dropwizard/metrics/metrics-core/3.2.4/metrics-core-3.2.4.jar:/home/user/.m2/repository/org/hamcrest/hamcrest-all/1.3/hamcrest-all-1.3.jar:/home/user/.m2/repository/org/bouncycastle/bcprov-jdk15on/1.60/bcprov-jdk15on-1.60.jar:/home/user/.m2/repository/info/picocli/picocli/3.9.6/picocli-3.9.6.jar:/home/user/.m2/repository/com/google/protobuf/protobuf-java/2.5.0/protobuf-java-2.5.0.jar:/home/user/.m2/repository/com/google/guava/guava/11.0.2/guava-11.0.2.jar:/home/user/.m2/repository/org/apache/hadoop/hadoop-ozone-ozone-manager/0.5.0-SNAPSHOT/hadoop-ozone-ozone-manager-0.5.0-SNAPSHOT.jar:/home/user/.m2/repository/org/apache/hadoop/hadoop-minikdc/3.2.0/hadoop-minikdc-3.2.0.jar:/home/user/.m2/repository/commons-io/commons-io/2.5/commons-io-2.5.jar:/home/user/.m2/repository/org/apache/kerby/kerb-simplekdc/1.0.1/kerb-simplekdc-1.0.1.jar:/home/user/.m2/repository/org/apache/kerby/kerb-client/1.0.1/kerb-client-1.0.1.jar:/home/user/.m2/repository/org/apache/kerby/kerby-config/1.0.1/kerby-config-1.0.1.jar:/home/user/.m2/repository/org/apache/kerby/kerb-core/1.0.1/kerb-core-1.0.1.jar:/home/user/.m2/repository/org/apache/kerby/kerby-pkix/1.0.1/kerby-pkix-1.0.1.jar:/home/user/.m2/repository/org/apache/kerby/kerby-asn1/1.0.1/kerby-asn1-1.0.1.jar:/home/user/.m2/repository/org/apache/kerby/kerby-util/1.0.1/kerby-util-1.0.1.jar:/home/user/.m2/repository/org/apache/kerby/kerb-common/1.0.1/kerb-common-1.0.1.jar:/home/user/.m2/repository/org/apache/kerby/kerb-crypto/1.0.1/kerb-crypto-1.0.1.jar:/home/user/.m2/repository/org/apache/kerby/kerb-util/1.0.1/kerb-util-1.0.1.jar:/home/user/.m2/repository/org/apache/kerby/token-provider/1.0.1/token-provider-1.0.1.jar:/home/user/.m2/repository/org/apache/kerby/kerb-admin/1.0.1/kerb-admin-1.0.1.jar:/home/user/.m2/repository/org/apache/kerby/kerb-server/1.0.1/kerb-server-1.0.1.jar:/home/user/.m2/repository/org/apache/kerby/kerb-identity/1.0.1/kerb-identity-1.0.1.jar:/home/user/.m2/repository/org/apache/kerby/kerby-xdr/1.0.1/kerby-xdr-1.0.1.jar:/home/user/.m2/repository/org/slf4j/slf4j-log4j12/1.7.25/slf4j-log4j12-1.7.25.jar:/home/user/.m2/repository/org/apache/hadoop/hadoop-ozone-s3gateway/0.5.0-SNAPSHOT/hadoop-ozone-s3gateway-0.5.0-SNAPSHOT.jar:/home/user/.m2/repository/org/jboss/weld/servlet/weld-servlet/2.4.7.Final/weld-servlet-2.4.7.Final.jar:/home/user/.m2/repository/org/glassfish/jersey/containers/jersey-container-servlet-core/2.27/jersey-container-servlet-core-2.27.jar:/home/user/.m2/repository/org/glassfish/hk2/external/javax.inject/2.5.0-b42/javax.inject-2.5.0-b42.jar:/home/user/.m2/repository/org/glassfish/jersey/core/jersey-common/2.27/jersey-common-2.27.jar:/home/user/.m2/repository/org/glassfish/hk2/osgi-resource-locator/1.0.1/osgi-resource-locator-1.0.1.jar:/home/user/.m2/repository/javax/ws/rs/javax.ws.rs-api/2.1/javax.ws.rs-api-2.1.jar:/home/user/.m2/repository/org/glassfish/jersey/ext/cdi/jersey-cdi1x/2.27/jersey-cdi1x-2.27.jar:/home/user/.m2/repository/org/glassfish/jersey/inject/jersey-hk2/2.27/jersey-hk2-2.27.jar:/home/user/.m2/repository/org/glassfish/hk2/hk2-locator/2.5.0-b42/hk2-locator-2.5.0-b42.jar:/home/user/.m2/repository/org/javassist/javassist/3.22.0-CR2/javassist-3.22.0-CR2.jar:/home/user/.m2/repository/org/glassfish/hk2/hk2-api/2.5.0/hk2-api-2.5.0.jar:/home/user/.m2/repository/org/glassfish/hk2/external/jakarta.inject/2.5.0/jakarta.inject-2.5.0.jar:/home/user/.m2/repository/org/glassfish/hk2/hk2-utils/2.5.0/hk2-utils-2.5.0.jar:/home/user/.m2/repository/jakarta/annotation/jakarta.annotation-api/1.3.4/jakarta.annotation-api-1.3.4.jar:/home/user/.m2/repository/org/glassfish/hk2/external/aopalliance-repackaged/2.5.0/aopalliance-repackaged-2.5.0.jar:/home/user/.m2/repository/com/fasterxml/jackson/dataformat/jackson-dataformat-xml/2.9.0/jackson-dataformat-xml-2.9.0.jar:/home/user/.m2/repository/com/fasterxml/jackson/core/jackson-core/2.9.9/jackson-core-2.9.9.jar:/home/user/.m2/repository/com/fasterxml/jackson/module/jackson-module-jaxb-annotations/2.9.9/jackson-module-jaxb-annotations-2.9.9.jar:/home/user/.m2/repository/javax/enterprise/cdi-api/1.2/cdi-api-1.2.jar:/home/user/.m2/repository/javax/el/javax.el-api/3.0.0/javax.el-api-3.0.0.jar:/home/user/.m2/repository/javax/interceptor/javax.interceptor-api/1.2/javax.interceptor-api-1.2.jar:/home/user/.m2/repository/javax/inject/javax.inject/1/javax.inject-1.jar:/home/user/.m2/repository/com/sun/xml/bind/jaxb-impl/2.3.0.1/jaxb-impl-2.3.0.1.jar:/home/user/.m2/repository/com/sun/xml/bind/jaxb-core/2.3.0.1/jaxb-core-2.3.0.1.jar:/home/user/.m2/repository/javax/xml/bind/jaxb-api/2.3.0/jaxb-api-2.3.0.jar:/home/user/.m2/repository/javax/activation/activation/1.1.1/activation-1.1.1.jar:/home/user/.m2/repository/org/apache/hadoop/hadoop-ozone-csi/0.5.0-SNAPSHOT/hadoop-ozone-csi-0.5.0-SNAPSHOT.jar:/home/user/.m2/repository/com/google/protobuf/protobuf-java-util/3.5.1/protobuf-java-util-3.5.1.jar:/home/user/.m2/repository/org/apache/hadoop/hadoop-hdds-config/0.5.0-SNAPSHOT/hadoop-hdds-config-0.5.0-SNAPSHOT.jar:/home/user/.m2/repository/io/grpc/grpc-netty/1.17.1/grpc-netty-1.17.1.jar:/home/user/.m2/repository/io/grpc/grpc-core/1.17.1/grpc-core-1.17.1.jar:/home/user/.m2/repository/io/grpc/grpc-context/1.17.1/grpc-context-1.17.1.jar:/home/user/.m2/repository/com/google/errorprone/error_prone_annotations/2.2.0/error_prone_annotations-2.2.0.jar:/home/user/.m2/repository/org/codehaus/mojo/animal-sniffer-annotations/1.17/animal-sniffer-annotations-1.17.jar:/home/user/.m2/repository/io/opencensus/opencensus-api/0.17.0/opencensus-api-0.17.0.jar:/home/user/.m2/repository/io/opencensus/opencensus-contrib-grpc-metrics/0.17.0/opencensus-contrib-grpc-metrics-0.17.0.jar:/home/user/.m2/repository/io/netty/netty-codec-http2/4.1.30.Final/netty-codec-http2-4.1.30.Final.jar:/home/user/.m2/repository/io/netty/netty-codec-http/4.1.30.Final/netty-codec-http-4.1.30.Final.jar:/home/user/.m2/repository/io/netty/netty-codec/4.1.30.Final/netty-codec-4.1.30.Final.jar:/home/user/.m2/repository/io/netty/netty-handler/4.1.30.Final/netty-handler-4.1.30.Final.jar:/home/user/.m2/repository/io/netty/netty-handler-proxy/4.1.30.Final/netty-handler-proxy-4.1.30.Final.jar:/home/user/.m2/repository/io/netty/netty-codec-socks/4.1.30.Final/netty-codec-socks-4.1.30.Final.jar:/home/user/.m2/repository/io/netty/netty-transport-native-epoll/4.1.30.Final/netty-transport-native-epoll-4.1.30.Final.jar:/home/user/.m2/repository/io/netty/netty-common/4.1.30.Final/netty-common-4.1.30.Final.jar:/home/user/.m2/repository/io/netty/netty-buffer/4.1.30.Final/netty-buffer-4.1.30.Final.jar:/home/user/.m2/repository/io/netty/netty-transport/4.1.30.Final/netty-transport-4.1.30.Final.jar:/home/user/.m2/repository/io/netty/netty-resolver/4.1.30.Final/netty-resolver-4.1.30.Final.jar:/home/user/.m2/repository/io/netty/netty-transport-native-unix-common/4.1.30.Final/netty-transport-native-unix-common-4.1.30.Final.jar:/home/user/.m2/repository/io/grpc/grpc-protobuf/1.17.1/grpc-protobuf-1.17.1.jar:/home/user/.m2/repository/com/google/api/grpc/proto-google-common-protos/1.0.0/proto-google-common-protos-1.0.0.jar:/home/user/.m2/repository/io/grpc/grpc-protobuf-lite/1.17.1/grpc-protobuf-lite-1.17.1.jar:/home/user/.m2/repository/io/grpc/grpc-stub/1.17.1/grpc-stub-1.17.1.jar:/home/user/.m2/repository/org/apache/hadoop/hadoop-ozone-recon/0.5.0-SNAPSHOT/hadoop-ozone-recon-0.5.0-SNAPSHOT.jar:/home/user/.m2/repository/org/apache/hadoop/hadoop-ozone-reconcodegen/0.5.0-SNAPSHOT/hadoop-ozone-reconcodegen-0.5.0-SNAPSHOT.jar:/home/user/.m2/repository/com/google/inject/extensions/guice-multibindings/4.0/guice-multibindings-4.0.jar:/home/user/.m2/repository/com/google/inject/guice/4.0/guice-4.0.jar:/home/user/.m2/repository/aopalliance/aopalliance/1.0/aopalliance-1.0.jar:/home/user/.m2/repository/com/google/inject/extensions/guice-servlet/4.0/guice-servlet-4.0.jar:/home/user/.m2/repository/org/glassfish/jersey/containers/jersey-container-servlet/2.27/jersey-container-servlet-2.27.jar:/home/user/.m2/repository/org/glassfish/hk2/guice-bridge/2.5.0/guice-bridge-2.5.0.jar:/home/user/.m2/repository/org/glassfish/jersey/core/jersey-server/2.27/jersey-server-2.27.jar:/home/user/.m2/repository/org/glassfish/jersey/core/jersey-client/2.27/jersey-client-2.27.jar:/home/user/.m2/repository/org/glassfish/jersey/media/jersey-media-jaxb/2.27/jersey-media-jaxb-2.27.jar:/home/user/.m2/repository/javax/validation/validation-api/1.1.0.Final/validation-api-1.1.0.Final.jar:/home/user/.m2/repository/org/glassfish/jersey/media/jersey-media-json-jackson/2.27/jersey-media-json-jackson-2.27.jar:/home/user/.m2/repository/org/glassfish/jersey/ext/jersey-entity-filtering/2.27/jersey-entity-filtering-2.27.jar:/home/user/.m2/repository/com/google/inject/extensions/guice-assistedinject/4.0/guice-assistedinject-4.0.jar:/home/user/.m2/repository/org/jooq/jooq/3.11.10/jooq-3.11.10.jar:/home/user/.m2/repository/org/jooq/jooq-meta/3.11.10/jooq-meta-3.11.10.jar:/home/user/.m2/repository/org/jooq/jooq-codegen/3.11.10/jooq-codegen-3.11.10.jar:/home/user/.m2/repository/com/jolbox/bonecp/0.8.0.RELEASE/bonecp-0.8.0.RELEASE.jar:/home/user/.m2/repository/org/xerial/sqlite-jdbc/3.25.2/sqlite-jdbc-3.25.2.jar:/home/user/.m2/repository/org/springframework/spring-jdbc/5.1.3.RELEASE/spring-jdbc-5.1.3.RELEASE.jar:/home/user/.m2/repository/org/springframework/spring-beans/5.1.3.RELEASE/spring-beans-5.1.3.RELEASE.jar:/home/user/.m2/repository/org/springframework/spring-core/5.1.3.RELEASE/spring-core-5.1.3.RELEASE.jar:/home/user/.m2/repository/org/springframework/spring-jcl/5.1.3.RELEASE/spring-jcl-5.1.3.RELEASE.jar:/home/user/.m2/repository/org/springframework/spring-tx/5.1.3.RELEASE/spring-tx-5.1.3.RELEASE.jar:/home/user/.m2/repository/org/apache/hadoop/hadoop-ozone-client/0.5.0-SNAPSHOT/hadoop-ozone-client-0.5.0-SNAPSHOT.jar:/home/user/.m2/repository/commons-lang/commons-lang/2.6/commons-lang-2.6.jar:/home/user/.m2/repository/org/apache/hadoop/hadoop-ozone-ozone-manager/0.5.0-SNAPSHOT/hadoop-ozone-ozone-manager-0.5.0-SNAPSHOT-tests.jar:/home/user/.m2/repository/junit/junit/4.11/junit-4.11.jar:/home/user/.m2/repository/org/hamcrest/hamcrest-core/1.3/hamcrest-core-1.3.jar:/home/user/.m2/repository/org/openjdk/jmh/jmh-core/1.19/jmh-core-1.19.jar:/home/user/.m2/repository/net/sf/jopt-simple/jopt-simple/4.6/jopt-simple-4.6.jar:/home/user/.m2/repository/org/apache/commons/commons-math3/3.1.1/commons-math3-3.1.1.jar:/home/user/.m2/repository/org/openjdk/jmh/jmh-generator-annprocess/1.19/jmh-generator-annprocess-1.19.jar:/home/user/.m2/repository/org/mockito/mockito-all/1.8.5/mockito-all-1.8.5.jar:/home/user/.m2/repository/org/apache/hadoop/hadoop-kms/3.2.0/hadoop-kms-3.2.0.jar:/home/user/.m2/repository/org/apache/hadoop/hadoop-auth/3.2.0/hadoop-auth-3.2.0.jar:/home/user/.m2/repository/com/nimbusds/nimbus-jose-jwt/4.41.1/nimbus-jose-jwt-4.41.1.jar:/home/user/.m2/repository/com/github/stephenc/jcip/jcip-annotations/1.0-1/jcip-annotations-1.0-1.jar:/home/user/.m2/repository/net/minidev/json-smart/2.3/json-smart-2.3.jar:/home/user/.m2/repository/net/minidev/accessors-smart/1.2/accessors-smart-1.2.jar:/home/user/.m2/repository/org/ow2/asm/asm/5.0.4/asm-5.0.4.jar:/home/user/.m2/repository/org/apache/curator/curator-framework/2.12.0/curator-framework-2.12.0.jar:/home/user/.m2/repository/com/sun/jersey/jersey-core/1.19/jersey-core-1.19.jar:/home/user/.m2/repository/javax/ws/rs/jsr311-api/1.1.1/jsr311-api-1.1.1.jar:/home/user/.m2/repository/com/sun/jersey/jersey-server/1.19/jersey-server-1.19.jar:/home/user/.m2/repository/javax/servlet/javax.servlet-api/3.1.0/javax.servlet-api-3.1.0.jar:/home/user/.m2/repository/org/eclipse/jetty/jetty-server/9.3.25.v20180904/jetty-server-9.3.25.v20180904.jar:/home/user/.m2/repository/org/eclipse/jetty/jetty-http/9.3.25.v20180904/jetty-http-9.3.25.v20180904.jar:/home/user/.m2/repository/org/eclipse/jetty/jetty-io/9.3.25.v20180904/jetty-io-9.3.25.v20180904.jar:/home/user/.m2/repository/org/eclipse/jetty/jetty-webapp/9.3.25.v20180904/jetty-webapp-9.3.25.v20180904.jar:/home/user/.m2/repository/org/eclipse/jetty/jetty-xml/9.3.25.v20180904/jetty-xml-9.3.25.v20180904.jar:/home/user/.m2/repository/log4j/log4j/1.2.17/log4j-1.2.17.jar:/home/user/.m2/repository/org/slf4j/slf4j-api/1.7.25/slf4j-api-1.7.25.jar:/home/user/.m2/repository/org/slf4j/jul-to-slf4j/1.7.25/jul-to-slf4j-1.7.25.jar:/home/user/.m2/repository/org/eclipse/jetty/jetty-util/9.3.25.v20180904/jetty-util-9.3.25.v20180904.jar:/home/user/.m2/repository/com/fasterxml/jackson/core/jackson-databind/2.9.9/jackson-databind-2.9.9.jar:/home/user/.m2/repository/org/apache/hadoop/hadoop-kms/3.2.0/hadoop-kms-3.2.0-tests.jar:/home/user/.m2/repository/org/apache/hadoop/hadoop-hdds-server-scm/0.5.0-SNAPSHOT/hadoop-hdds-server-scm-0.5.0-SNAPSHOT-tests.jar:/home/user/.m2/repository/org/apache/hadoop/hadoop-hdds-container-service/0.5.0-SNAPSHOT/hadoop-hdds-container-service-0.5.0-SNAPSHOT-tests.jar:/home/user/.m2/repository/org/yaml/snakeyaml/1.16/snakeyaml-1.16.jar:/home/user/.m2/repository/org/apache/hadoop/hadoop-common/3.2.0/hadoop-common-3.2.0-tests.jar:/home/user/.m2/repository/org/apache/hadoop/hadoop-annotations/3.2.0/hadoop-annotations-3.2.0.jar:/usr/lib/jvm/java-1.8.0-openjdk-1.8.0.222.b10-1.el7_7.x86_64/jre/../lib/tools.jar:/home/user/.m2/repository/commons-cli/commons-cli/1.2/commons-cli-1.2.jar:/home/user/.m2/repository/org/apache/httpcomponents/httpclient/4.5.2/httpclient-4.5.2.jar:/home/user/.m2/repository/org/apache/httpcomponents/httpcore/4.4.4/httpcore-4.4.4.jar:/home/user/.m2/repository/commons-codec/commons-codec/1.11/commons-codec-1.11.jar:/home/user/.m2/repository/commons-net/commons-net/3.6/commons-net-3.6.jar:/home/user/.m2/repository/commons-collections/commons-collections/3.2.2/commons-collections-3.2.2.jar:/home/user/.m2/repository/org/eclipse/jetty/jetty-servlet/9.3.25.v20180904/jetty-servlet-9.3.25.v20180904.jar:/home/user/.m2/repository/org/eclipse/jetty/jetty-security/9.3.25.v20180904/jetty-security-9.3.25.v20180904.jar:/home/user/.m2/repository/javax/servlet/jsp/jsp-api/2.1/jsp-api-2.1.jar:/home/user/.m2/repository/com/sun/jersey/jersey-servlet/1.19/jersey-servlet-1.19.jar:/home/user/.m2/repository/com/sun/jersey/jersey-json/1.19/jersey-json-1.19.jar:/home/user/.m2/repository/org/codehaus/jettison/jettison/1.1/jettison-1.1.jar:/home/user/.m2/repository/org/codehaus/jackson/jackson-core-asl/1.9.13/jackson-core-asl-1.9.13.jar:/home/user/.m2/repository/org/codehaus/jackson/jackson-mapper-asl/1.9.13/jackson-mapper-asl-1.9.13.jar:/home/user/.m2/repository/org/codehaus/jackson/jackson-jaxrs/1.9.13/jackson-jaxrs-1.9.13.jar:/home/user/.m2/repository/org/codehaus/jackson/jackson-xc/1.9.13/jackson-xc-1.9.13.jar:/home/user/.m2/repository/commons-logging/commons-logging/1.1.3/commons-logging-1.1.3.jar:/home/user/.m2/repository/commons-beanutils/commons-beanutils/1.9.4/commons-beanutils-1.9.4.jar:/home/user/.m2/repository/org/apache/commons/commons-configuration2/2.1.1/commons-configuration2-2.1.1.jar:/home/user/.m2/repository/org/apache/commons/commons-lang3/3.7/commons-lang3-3.7.jar:/home/user/.m2/repository/org/apache/commons/commons-text/1.4/commons-text-1.4.jar:/home/user/.m2/repository/org/apache/avro/avro/1.7.7/avro-1.7.7.jar:/home/user/.m2/repository/com/thoughtworks/paranamer/paranamer/2.3/paranamer-2.3.jar:/home/user/.m2/repository/org/xerial/snappy/snappy-java/1.0.5/snappy-java-1.0.5.jar:/home/user/.m2/repository/com/google/re2j/re2j/1.1/re2j-1.1.jar:/home/user/.m2/repository/com/google/code/gson/gson/2.2.4/gson-2.2.4.jar:/home/user/.m2/repository/com/jcraft/jsch/0.1.54/jsch-0.1.54.jar:/home/user/.m2/repository/org/apache/curator/curator-client/2.12.0/curator-client-2.12.0.jar:/home/user/.m2/repository/org/apache/curator/curator-recipes/2.12.0/curator-recipes-2.12.0.jar:/home/user/.m2/repository/com/google/code/findbugs/jsr305/3.0.0/jsr305-3.0.0.jar:/home/user/.m2/repository/org/apache/htrace/htrace-core4/4.1.0-incubating/htrace-core4-4.1.0-incubating.jar:/home/user/.m2/repository/org/apache/zookeeper/zookeeper/3.4.13/zookeeper-3.4.13.jar:/home/user/.m2/repository/jline/jline/0.9.94/jline-0.9.94.jar:/home/user/.m2/repository/org/apache/yetus/audience-annotations/0.5.0/audience-annotations-0.5.0.jar:/home/user/.m2/repository/org/codehaus/woodstox/stax2-api/3.1.4/stax2-api-3.1.4.jar:/home/user/.m2/repository/com/fasterxml/woodstox/woodstox-core/5.0.3/woodstox-core-5.0.3.jar:/home/user/.m2/repository/dnsjava/dnsjava/2.1.7/dnsjava-2.1.7.jar:/home/user/.m2/repository/org/apache/hadoop/hadoop-hdfs/3.2.0/hadoop-hdfs-3.2.0-tests.jar:/home/user/.m2/repository/org/eclipse/jetty/jetty-util-ajax/9.3.25.v20180904/jetty-util-ajax-9.3.25.v20180904.jar:/home/user/.m2/repository/commons-daemon/commons-daemon/1.0.13/commons-daemon-1.0.13.jar:/home/user/.m2/repository/io/netty/netty/3.10.5.Final/netty-3.10.5.Final.jar:/home/user/.m2/repository/io/netty/netty-all/4.0.52.Final/netty-all-4.0.52.Final.jar:/home/user/.m2/repository/org/fusesource/leveldbjni/leveldbjni-all/1.8/leveldbjni-all-1.8.jar:"/>
    <property name="sun.cpu.endian" value="little"/>
    <property name="user.home" value="/home/user"/>
    <property name="user.language" value="en"/>
    <property name="java.specification.vendor" value="Oracle Corporation"/>
    <property name="java.home" value="/usr/lib/jvm/java-1.8.0-openjdk-1.8.0.222.b10-1.el7_7.x86_64/jre"/>
    <property name="surefire.excludesFile" value="/tools/ozone-bad-unit-tests"/>
    <property name="java.security.krb5.conf" value="/workdir/hadoop-ozone/integration-test/target/test-classes/krb5.conf"/>
    <property name="basedir" value="/workdir/hadoop-ozone/integration-test"/>
    <property name="file.separator" value="/"/>
    <property name="line.separator" value="&#10;"/>
    <property name="java.vm.specification.vendor" value="Oracle Corporation"/>
    <property name="java.specification.name" value="Java Platform API Specification"/>
    <property name="java.awt.graphicsenv" value="sun.awt.X11GraphicsEnvironment"/>
    <property name="surefire.real.class.path" value="/workdir/hadoop-ozone/integration-test/target/surefire/surefirebooter931407201007488368.jar"/>
    <property name="hadoop.log.dir" value="/workdir/hadoop-ozone/integration-test/target/log"/>
    <property name="sun.boot.class.path" value="/usr/lib/jvm/java-1.8.0-openjdk-1.8.0.222.b10-1.el7_7.x86_64/jre/lib/resources.jar:/usr/lib/jvm/java-1.8.0-openjdk-1.8.0.222.b10-1.el7_7.x86_64/jre/lib/rt.jar:/usr/lib/jvm/java-1.8.0-openjdk-1.8.0.222.b10-1.el7_7.x86_64/jre/lib/sunrsasign.jar:/usr/lib/jvm/java-1.8.0-openjdk-1.8.0.222.b10-1.el7_7.x86_64/jre/lib/jsse.jar:/usr/lib/jvm/java-1.8.0-openjdk-1.8.0.222.b10-1.el7_7.x86_64/jre/lib/jce.jar:/usr/lib/jvm/java-1.8.0-openjdk-1.8.0.222.b10-1.el7_7.x86_64/jre/lib/charsets.jar:/usr/lib/jvm/java-1.8.0-openjdk-1.8.0.222.b10-1.el7_7.x86_64/jre/lib/jfr.jar:/usr/lib/jvm/java-1.8.0-openjdk-1.8.0.222.b10-1.el7_7.x86_64/jre/classes"/>
    <property name="sun.management.compiler" value="HotSpot 64-Bit Tiered Compilers"/>
    <property name="java.runtime.version" value="1.8.0_222-b10"/>
    <property name="java.net.preferIPv4Stack" value="true"/>
    <property name="user.name" value="jenkins1000"/>
    <property name="path.separator" value=":"/>
    <property name="java.security.egd" value="file:///dev/urandom"/>
    <property name="os.version" value="3.10.0-957.12.2.el7.x86_64"/>
    <property name="java.endorsed.dirs" value="/usr/lib/jvm/java-1.8.0-openjdk-1.8.0.222.b10-1.el7_7.x86_64/jre/lib/endorsed"/>
    <property name="java.runtime.name" value="OpenJDK Runtime Environment"/>
    <property name="file.encoding" value="ANSI_X3.4-1968"/>
    <property name="java.vm.name" value="OpenJDK 64-Bit Server VM"/>
    <property name="test.build.webapps" value=""/>
    <property name="localRepository" value="/home/user/.m2/repository"/>
    <property name="java.vendor.url.bug" value="http://bugreport.sun.com/bugreport/"/>
    <property name="java.io.tmpdir" value="/tmp"/>
    <property name="require.test.libhadoop" value=""/>
    <property name="java.version" value="1.8.0_222"/>
    <property name="user.dir" value="/workdir/hadoop-ozone/integration-test"/>
    <property name="os.arch" value="amd64"/>
    <property name="java.vm.specification.name" value="Java Virtual Machine Specification"/>
    <property name="test.build.classes" value="/workdir/hadoop-ozone/integration-test/target/test-classes"/>
    <property name="java.awt.printerjob" value="sun.print.PSPrinterJob"/>
    <property name="sun.os.patch.level" value="unknown"/>
    <property name="hadoop.tmp.dir" value="/workdir/hadoop-ozone/integration-test/target/tmp"/>
    <property name="java.library.path" value="/usr/lib:/workdir/hadoop-ozone/integration-test/target/native/target/usr/local/lib:/workdir/hadoop-ozone/integration-test/../../hadoop-common-project/hadoop-common/target/native/target/usr/local/lib:/usr/java/packages/lib/amd64:/usr/lib64:/lib64:/lib:/usr/lib"/>
    <property name="java.vm.info" value="mixed mode"/>
    <property name="java.vendor" value="Oracle Corporation"/>
    <property name="java.vm.version" value="25.222-b10"/>
    <property name="java.ext.dirs" value="/usr/lib/jvm/java-1.8.0-openjdk-1.8.0.222.b10-1.el7_7.x86_64/jre/lib/ext:/usr/java/packages/lib/ext"/>
    <property name="sun.io.unicode.encoding" value="UnicodeLittle"/>
    <property name="java.class.version" value="52.0"/>
  </properties>
  <testcase name="testWatchForCommitWithKeyWrite" classname="org.apache.hadoop.ozone.client.rpc.TestWatchForCommit" time="69.284"/>
  <testcase name="testWatchForCommitWithSmallerTimeoutValue" classname="org.apache.hadoop.ozone.client.rpc.TestWatchForCommit" time="42.105"/>
  <testcase name="testWatchForCommitForRetryfailure" classname="org.apache.hadoop.ozone.client.rpc.TestWatchForCommit" time="71.661"/>
  <testcase name="testWatchForCommitForGroupMismatchException" classname="org.apache.hadoop.ozone.client.rpc.TestWatchForCommit" time="31.909"/>
  <testcase name="test2WayCommitForTimeoutException" classname="org.apache.hadoop.ozone.client.rpc.TestWatchForCommit" time="26.03">
    <error message="org.apache.ratis.protocol.RaftRetryFailureException: Failed RaftClientRequest:client-0CE50531AB03-&gt;d4d5d1c0-7c9d-47b2-b449-18f809a57908@group-15B546245171, cid=103, seq=2*, RW, cmdType: CloseContainer&#10;traceID: &quot;834d39499cefa13c:834d39499cefa13c:0:0&quot;&#10;containerID: 1&#10;datanodeUuid: &quot;0853c819-70db-4736-b114-b23cf27fe670&quot;&#10;closeContainer {&#10;}&#10;, data.size=0 for 20 attempts with RetryLimited(maxAttempts=20, sleepTime=1000ms)" type="java.util.concurrent.ExecutionException">java.util.concurrent.ExecutionException: 
org.apache.ratis.protocol.RaftRetryFailureException: Failed RaftClientRequest:client-0CE50531AB03->d4d5d1c0-7c9d-47b2-b449-18f809a57908@group-15B546245171, cid=103, seq=2*, RW, cmdType: CloseContainer
traceID: "834d39499cefa13c:834d39499cefa13c:0:0"
containerID: 1
datanodeUuid: "0853c819-70db-4736-b114-b23cf27fe670"
closeContainer {
}
, data.size=0 for 20 attempts with RetryLimited(maxAttempts=20, sleepTime=1000ms)
	at java.util.concurrent.CompletableFuture.reportGet(CompletableFuture.java:357)
	at java.util.concurrent.CompletableFuture.get(CompletableFuture.java:1895)
	at org.apache.hadoop.ozone.client.rpc.TestWatchForCommit.test2WayCommitForTimeoutException(TestWatchForCommit.java:390)
	at sun.reflect.NativeMethodAccessorImpl.invoke0(Native Method)
	at sun.reflect.NativeMethodAccessorImpl.invoke(NativeMethodAccessorImpl.java:62)
	at sun.reflect.DelegatingMethodAccessorImpl.invoke(DelegatingMethodAccessorImpl.java:43)
	at java.lang.reflect.Method.invoke(Method.java:498)
	at org.junit.runners.model.FrameworkMethod$1.runReflectiveCall(FrameworkMethod.java:47)
	at org.junit.internal.runners.model.ReflectiveCallable.run(ReflectiveCallable.java:12)
	at org.junit.runners.model.FrameworkMethod.invokeExplosively(FrameworkMethod.java:44)
	at org.junit.internal.runners.statements.InvokeMethod.evaluate(InvokeMethod.java:17)
	at org.junit.runners.ParentRunner.runLeaf(ParentRunner.java:271)
	at org.junit.runners.BlockJUnit4ClassRunner.runChild(BlockJUnit4ClassRunner.java:70)
	at org.junit.runners.BlockJUnit4ClassRunner.runChild(BlockJUnit4ClassRunner.java:50)
	at org.junit.runners.ParentRunner$3.run(ParentRunner.java:238)
	at org.junit.runners.ParentRunner$1.schedule(ParentRunner.java:63)
	at org.junit.runners.ParentRunner.runChildren(ParentRunner.java:236)
	at org.junit.runners.ParentRunner.access$000(ParentRunner.java:53)
	at org.junit.runners.ParentRunner$2.evaluate(ParentRunner.java:229)
	at org.junit.runners.ParentRunner.run(ParentRunner.java:309)
	at org.apache.maven.surefire.junit4.JUnit4Provider.execute(JUnit4Provider.java:365)
	at org.apache.maven.surefire.junit4.JUnit4Provider.executeWithRerun(JUnit4Provider.java:273)
	at org.apache.maven.surefire.junit4.JUnit4Provider.executeTestSet(JUnit4Provider.java:238)
	at org.apache.maven.surefire.junit4.JUnit4Provider.invoke(JUnit4Provider.java:159)
	at org.apache.maven.surefire.booter.ForkedBooter.invokeProviderInSameClassLoader(ForkedBooter.java:384)
	at org.apache.maven.surefire.booter.ForkedBooter.runSuitesInProcess(ForkedBooter.java:345)
	at org.apache.maven.surefire.booter.ForkedBooter.execute(ForkedBooter.java:126)
	at org.apache.maven.surefire.booter.ForkedBooter.main(ForkedBooter.java:418)
Caused by: org.apache.ratis.protocol.RaftRetryFailureException: Failed RaftClientRequest:client-0CE50531AB03->d4d5d1c0-7c9d-47b2-b449-18f809a57908@group-15B546245171, cid=103, seq=2*, RW, cmdType: CloseContainer
traceID: "834d39499cefa13c:834d39499cefa13c:0:0"
containerID: 1
datanodeUuid: "0853c819-70db-4736-b114-b23cf27fe670"
closeContainer {
}
, data.size=0 for 20 attempts with RetryLimited(maxAttempts=20, sleepTime=1000ms)
	at org.apache.ratis.client.impl.RaftClientImpl.noMoreRetries(RaftClientImpl.java:271)
	at org.apache.ratis.client.impl.OrderedAsync.handleAsyncRetryFailure(OrderedAsync.java:138)
	at org.apache.ratis.client.impl.OrderedAsync.lambda$sendRequest$10(OrderedAsync.java:230)
	at java.util.concurrent.CompletableFuture.uniExceptionally(CompletableFuture.java:870)
	at java.util.concurrent.CompletableFuture$UniExceptionally.tryFire(CompletableFuture.java:852)
	at java.util.concurrent.CompletableFuture.postComplete(CompletableFuture.java:474)
	at java.util.concurrent.CompletableFuture.completeExceptionally(CompletableFuture.java:1977)
	at org.apache.ratis.grpc.client.GrpcClientProtocolClient$AsyncStreamObservers.completeReplyExceptionally(GrpcClientProtocolClient.java:345)
	at org.apache.ratis.grpc.client.GrpcClientProtocolClient$AsyncStreamObservers.access$000(GrpcClientProtocolClient.java:261)
	at org.apache.ratis.grpc.client.GrpcClientProtocolClient$AsyncStreamObservers$1.onNext(GrpcClientProtocolClient.java:273)
	at org.apache.ratis.grpc.client.GrpcClientProtocolClient$AsyncStreamObservers$1.onNext(GrpcClientProtocolClient.java:264)
	at org.apache.ratis.thirdparty.io.grpc.stub.ClientCalls$StreamObserverToCallListenerAdapter.onMessage(ClientCalls.java:421)
	at org.apache.ratis.thirdparty.io.grpc.ForwardingClientCallListener.onMessage(ForwardingClientCallListener.java:33)
	at org.apache.ratis.thirdparty.io.grpc.ForwardingClientCallListener.onMessage(ForwardingClientCallListener.java:33)
	at org.apache.ratis.thirdparty.io.grpc.internal.ClientCallImpl$ClientStreamListenerImpl$1MessagesAvailable.runInContext(ClientCallImpl.java:519)
	at org.apache.ratis.thirdparty.io.grpc.internal.ContextRunnable.run(ContextRunnable.java:37)
	at org.apache.ratis.thirdparty.io.grpc.internal.SerializingExecutor.run(SerializingExecutor.java:123)
	at java.util.concurrent.ThreadPoolExecutor.runWorker(ThreadPoolExecutor.java:1149)
	at java.util.concurrent.ThreadPoolExecutor$Worker.run(ThreadPoolExecutor.java:624)
	at java.lang.Thread.run(Thread.java:748)
Caused by: org.apache.ratis.protocol.NotLeaderException: Server d4d5d1c0-7c9d-47b2-b449-18f809a57908@group-15B546245171 is not the leader
	at org.apache.ratis.client.impl.ClientProtoUtils.toRaftClientReply(ClientProtoUtils.java:243)
	at org.apache.ratis.grpc.client.GrpcClientProtocolClient$AsyncStreamObservers$1.onNext(GrpcClientProtocolClient.java:269)
	... 10 more
</error>
    <system-out><![CDATA[2019-10-21 10:06:01,283 [main] WARN  server.ServerUtils (ServerUtils.java:getScmDbDir(145)) - ozone.scm.db.dirs is not configured. We recommend adding this setting. Falling back to ozone.metadata.dirs instead.
2019-10-21 10:06:01,298 [main] WARN  server.ServerUtils (ServerUtils.java:getScmDbDir(145)) - ozone.scm.db.dirs is not configured. We recommend adding this setting. Falling back to ozone.metadata.dirs instead.
2019-10-21 10:06:01,298 [main] WARN  server.ServerUtils (ServerUtils.java:getScmDbDir(145)) - ozone.scm.db.dirs is not configured. We recommend adding this setting. Falling back to ozone.metadata.dirs instead.
2019-10-21 10:06:01,299 [main] INFO  db.DBStoreBuilder (DBStoreBuilder.java:addTable(117)) - using custom profile for table: deletedBlocks
2019-10-21 10:06:01,299 [main] INFO  db.DBStoreBuilder (DBStoreBuilder.java:processTables(168)) - Using default column profile:DBProfile.DISK for Table:deletedBlocks
2019-10-21 10:06:01,299 [main] INFO  db.DBStoreBuilder (DBStoreBuilder.java:addTable(117)) - using custom profile for table: validCerts
2019-10-21 10:06:01,299 [main] INFO  db.DBStoreBuilder (DBStoreBuilder.java:processTables(168)) - Using default column profile:DBProfile.DISK for Table:validCerts
2019-10-21 10:06:01,300 [main] INFO  db.DBStoreBuilder (DBStoreBuilder.java:addTable(117)) - using custom profile for table: revokedCerts
2019-10-21 10:06:01,300 [main] INFO  db.DBStoreBuilder (DBStoreBuilder.java:processTables(168)) - Using default column profile:DBProfile.DISK for Table:revokedCerts
2019-10-21 10:06:01,300 [main] INFO  db.DBStoreBuilder (DBStoreBuilder.java:addTable(117)) - using custom profile for table: default
2019-10-21 10:06:01,300 [main] INFO  db.DBStoreBuilder (DBStoreBuilder.java:processTables(174)) - Using default column profile:DBProfile.DISK for Table:default
2019-10-21 10:06:01,300 [main] INFO  db.DBStoreBuilder (DBStoreBuilder.java:getDbProfile(205)) - Using default options. DBProfile.DISK
2019-10-21 10:06:01,433 [main] INFO  net.NodeSchemaLoader (NodeSchemaLoader.java:loadSchemaFromFile(125)) - Loading file from sun.misc.CompoundEnumeration@14c99bf6
2019-10-21 10:06:01,433 [main] INFO  net.NodeSchemaLoader (NodeSchemaLoader.java:loadSchema(171)) - Loading network topology layer schema file
2019-10-21 10:06:01,437 [main] WARN  server.ServerUtils (ServerUtils.java:sanitizeUserArgs(70)) - ozone.scm.stale.node.interval value = 300000 is larger than max = 100000 based on the key value of ozone.scm.heartbeat.thread.interval, reset to the max value 100000.
2019-10-21 10:06:01,437 [main] WARN  server.ServerUtils (ServerUtils.java:sanitizeUserArgs(70)) - ozone.scm.stale.node.interval value = 300000 is larger than max = 100000 based on the key value of ozone.scm.heartbeat.thread.interval, reset to the max value 100000.
2019-10-21 10:06:01,437 [main] INFO  node.SCMNodeManager (SCMNodeManager.java:<init>(116)) - Entering startup safe mode.
2019-10-21 10:06:01,438 [main] INFO  algorithms.ContainerPlacementPolicyFactory (ContainerPlacementPolicyFactory.java:getPolicy(57)) - Create container placement policy of type org.apache.hadoop.hdds.scm.container.placement.algorithms.SCMContainerPlacementRandom
2019-10-21 10:06:01,438 [main] WARN  server.ServerUtils (ServerUtils.java:getScmDbDir(145)) - ozone.scm.db.dirs is not configured. We recommend adding this setting. Falling back to ozone.metadata.dirs instead.
2019-10-21 10:06:01,482 [main] INFO  pipeline.SCMPipelineManager (SCMPipelineManager.java:initializePipelineState(132)) - No pipeline exists in current db
2019-10-21 10:06:01,482 [main] WARN  server.ServerUtils (ServerUtils.java:getScmDbDir(145)) - ozone.scm.db.dirs is not configured. We recommend adding this setting. Falling back to ozone.metadata.dirs instead.
2019-10-21 10:06:01,528 [main] WARN  events.EventQueue (EventQueue.java:fireEvent(183)) - No event handler registered for event TypedEvent{payloadType=SafeModeStatus, name='SafeModeStatus'}
2019-10-21 10:06:01,529 [main] INFO  ipc.CallQueueManager (CallQueueManager.java:<init>(84)) - Using callQueue: class java.util.concurrent.LinkedBlockingQueue, queueCapacity: 2000, scheduler: class org.apache.hadoop.ipc.DefaultRpcScheduler, ipcBackoff: false.
2019-10-21 10:06:01,530 [Socket Reader #1 for port 41967] INFO  ipc.Server (Server.java:run(1074)) - Starting Socket Reader #1 for port 41967
2019-10-21 10:06:01,532 [main] INFO  ipc.CallQueueManager (CallQueueManager.java:<init>(84)) - Using callQueue: class java.util.concurrent.LinkedBlockingQueue, queueCapacity: 2000, scheduler: class org.apache.hadoop.ipc.DefaultRpcScheduler, ipcBackoff: false.
2019-10-21 10:06:01,533 [Socket Reader #1 for port 35910] INFO  ipc.Server (Server.java:run(1074)) - Starting Socket Reader #1 for port 35910
2019-10-21 10:06:01,534 [main] INFO  ipc.CallQueueManager (CallQueueManager.java:<init>(84)) - Using callQueue: class java.util.concurrent.LinkedBlockingQueue, queueCapacity: 2000, scheduler: class org.apache.hadoop.ipc.DefaultRpcScheduler, ipcBackoff: false.
2019-10-21 10:06:01,535 [Socket Reader #1 for port 46822] INFO  ipc.Server (Server.java:run(1074)) - Starting Socket Reader #1 for port 46822
2019-10-21 10:06:01,539 [main] INFO  hdfs.DFSUtil (DFSUtil.java:httpServerTemplateForNNAndJN(1641)) - Starting Web-server for scm at: http://0.0.0.0:0
2019-10-21 10:06:01,541 [main] INFO  server.AuthenticationFilter (AuthenticationFilter.java:constructSecretProvider(240)) - Unable to initialize FileSignerSecretProvider, falling back to use random secrets.
2019-10-21 10:06:01,542 [main] WARN  http.HttpRequestLog (HttpRequestLog.java:getRequestLog(97)) - Jetty request log can only be enabled using Log4j
2019-10-21 10:06:01,544 [main] INFO  http.HttpServer2 (HttpServer2.java:addGlobalFilter(975)) - Added global filter 'safety' (class=org.apache.hadoop.http.HttpServer2$QuotingInputFilter)
2019-10-21 10:06:01,545 [main] INFO  http.HttpServer2 (HttpServer2.java:addFilter(948)) - Added filter static_user_filter (class=org.apache.hadoop.http.lib.StaticUserWebFilter$StaticUserFilter) to context scm
2019-10-21 10:06:01,545 [main] INFO  http.HttpServer2 (HttpServer2.java:addFilter(958)) - Added filter static_user_filter (class=org.apache.hadoop.http.lib.StaticUserWebFilter$StaticUserFilter) to context logs
2019-10-21 10:06:01,545 [main] INFO  http.HttpServer2 (HttpServer2.java:addFilter(958)) - Added filter static_user_filter (class=org.apache.hadoop.http.lib.StaticUserWebFilter$StaticUserFilter) to context static
2019-10-21 10:06:01,548 [main] INFO  server.StorageContainerManager (StorageContainerManager.java:start(772)) - StorageContainerLocationProtocol RPC server is listening at /0.0.0.0:46822
2019-10-21 10:06:01,551 [main] WARN  impl.MetricsConfig (MetricsConfig.java:loadFirst(134)) - Cannot locate configuration: tried hadoop-metrics2-storagecontainermanager.properties,hadoop-metrics2.properties
2019-10-21 10:06:01,552 [main] INFO  impl.MetricsSystemImpl (MetricsSystemImpl.java:startTimer(374)) - Scheduled Metric snapshot period at 10 second(s).
2019-10-21 10:06:01,552 [main] INFO  impl.MetricsSystemImpl (MetricsSystemImpl.java:start(191)) - StorageContainerManager metrics system started
2019-10-21 10:06:01,628 [main] WARN  impl.MetricsSystemImpl (MetricsSystemImpl.java:register(276)) - Sink prometheus already exists!
2019-10-21 10:06:01,719 [main] INFO  server.SCMClientProtocolServer (SCMClientProtocolServer.java:start(159)) - RPC server for Client  is listening at /0.0.0.0:46822
2019-10-21 10:06:01,719 [IPC Server Responder] INFO  ipc.Server (Server.java:run(1314)) - IPC Server Responder: starting
2019-10-21 10:06:01,720 [IPC Server listener on 46822] INFO  ipc.Server (Server.java:run(1153)) - IPC Server listener on 46822: starting
2019-10-21 10:06:01,724 [main] INFO  server.StorageContainerManager (StorageContainerManager.java:start(782)) - ScmBlockLocationProtocol RPC server is listening at /0.0.0.0:35910
2019-10-21 10:06:01,724 [main] INFO  server.SCMBlockProtocolServer (SCMBlockProtocolServer.java:start(146)) - RPC server for Block Protocol is listening at /0.0.0.0:35910
2019-10-21 10:06:01,725 [IPC Server Responder] INFO  ipc.Server (Server.java:run(1314)) - IPC Server Responder: starting
2019-10-21 10:06:01,725 [IPC Server listener on 35910] INFO  ipc.Server (Server.java:run(1153)) - IPC Server listener on 35910: starting
2019-10-21 10:06:01,729 [main] INFO  server.StorageContainerManager (StorageContainerManager.java:start(786)) - ScmDatanodeProtocl RPC server is listening at /0.0.0.0:41967
2019-10-21 10:06:01,729 [main] INFO  server.SCMDatanodeProtocolServer (SCMDatanodeProtocolServer.java:start(169)) - RPC server for DataNodes is listening at /0.0.0.0:41967
2019-10-21 10:06:01,729 [IPC Server Responder] INFO  ipc.Server (Server.java:run(1314)) - IPC Server Responder: starting
2019-10-21 10:06:01,729 [IPC Server listener on 41967] INFO  ipc.Server (Server.java:run(1153)) - IPC Server listener on 41967: starting
2019-10-21 10:06:01,735 [main] INFO  http.HttpServer2 (HttpServer2.java:bindListener(1191)) - Jetty bound to port 36832
2019-10-21 10:06:01,735 [main] INFO  server.Server (Server.java:doStart(351)) - jetty-9.3.25.v20180904, build timestamp: 2018-09-04T21:11:46Z, git hash: 3ce520221d0240229c862b122d2b06c12a625732
2019-10-21 10:06:01,737 [main] INFO  handler.ContextHandler (ContextHandler.java:doStart(781)) - Started o.e.j.s.ServletContextHandler@8c12524{/logs,file:///workdir/hadoop-ozone/integration-test/target/log,AVAILABLE}
2019-10-21 10:06:01,737 [main] INFO  handler.ContextHandler (ContextHandler.java:doStart(781)) - Started o.e.j.s.ServletContextHandler@4844930a{/static,file:///workdir/hadoop-ozone/integration-test/target/test-classes/webapps/static,AVAILABLE}
2019-10-21 10:06:01,740 [main] INFO  handler.ContextHandler (ContextHandler.java:doStart(781)) - Started o.e.j.w.WebAppContext@31a136a6{/,file:///workdir/hadoop-ozone/integration-test/target/test-classes/webapps/scm/,AVAILABLE}{/scm}
2019-10-21 10:06:01,741 [main] INFO  server.AbstractConnector (AbstractConnector.java:doStart(278)) - Started ServerConnector@30a9e3db{HTTP/1.1,[http/1.1]}{0.0.0.0:36832}
2019-10-21 10:06:01,742 [main] INFO  server.Server (Server.java:doStart(419)) - Started @215814ms
2019-10-21 10:06:01,742 [main] WARN  impl.MetricsSystemImpl (MetricsSystemImpl.java:register(276)) - Sink prometheus already exists!
2019-10-21 10:06:01,744 [main] INFO  server.BaseHttpServer (BaseHttpServer.java:updateConnectorAddress(215)) - HTTP server of SCM is listening at http://0.0.0.0:36832
2019-10-21 10:06:01,745 [main] WARN  server.ServerUtils (ServerUtils.java:getDBPath(222)) - ozone.om.db.dirs is not configured. We recommend adding this setting. Falling back to ozone.metadata.dirs instead.
2019-10-21 10:06:01,745 [org.apache.hadoop.util.JvmPauseMonitor$Monitor@2e0fdbe9] INFO  util.JvmPauseMonitor (JvmPauseMonitor.java:run(188)) - Starting JVM pause monitor
2019-10-21 10:06:01,757 [main] INFO  ha.OMHANodeDetails (OMHANodeDetails.java:loadOMHAConfig(190)) - Configuration either no ozone.om.address set. Falling back to the default OM address /127.0.0.1:0
2019-10-21 10:06:01,757 [main] INFO  ha.OMHANodeDetails (OMHANodeDetails.java:getOMNodeDetails(220)) - OM Service ID is not set. Setting it to the default ID: omServiceIdDefault
2019-10-21 10:06:01,758 [main] WARN  server.ServerUtils (ServerUtils.java:getDBPath(222)) - ozone.om.db.dirs is not configured. We recommend adding this setting. Falling back to ozone.metadata.dirs instead.
2019-10-21 10:06:01,758 [main] WARN  server.ServerUtils (ServerUtils.java:getDBPath(222)) - ozone.om.db.dirs is not configured. We recommend adding this setting. Falling back to ozone.metadata.dirs instead.
2019-10-21 10:06:01,765 [main] WARN  server.ServerUtils (ServerUtils.java:getDBPath(222)) - ozone.om.db.dirs is not configured. We recommend adding this setting. Falling back to ozone.metadata.dirs instead.
2019-10-21 10:06:01,766 [main] INFO  db.DBStoreBuilder (DBStoreBuilder.java:addTable(117)) - using custom profile for table: userTable
2019-10-21 10:06:01,766 [main] INFO  db.DBStoreBuilder (DBStoreBuilder.java:processTables(168)) - Using default column profile:DBProfile.DISK for Table:userTable
2019-10-21 10:06:01,766 [main] INFO  db.DBStoreBuilder (DBStoreBuilder.java:addTable(117)) - using custom profile for table: volumeTable
2019-10-21 10:06:01,766 [main] INFO  db.DBStoreBuilder (DBStoreBuilder.java:processTables(168)) - Using default column profile:DBProfile.DISK for Table:volumeTable
2019-10-21 10:06:01,766 [main] INFO  db.DBStoreBuilder (DBStoreBuilder.java:addTable(117)) - using custom profile for table: bucketTable
2019-10-21 10:06:01,767 [main] INFO  db.DBStoreBuilder (DBStoreBuilder.java:processTables(168)) - Using default column profile:DBProfile.DISK for Table:bucketTable
2019-10-21 10:06:01,767 [main] INFO  db.DBStoreBuilder (DBStoreBuilder.java:addTable(117)) - using custom profile for table: keyTable
2019-10-21 10:06:01,767 [main] INFO  db.DBStoreBuilder (DBStoreBuilder.java:processTables(168)) - Using default column profile:DBProfile.DISK for Table:keyTable
2019-10-21 10:06:01,767 [main] INFO  db.DBStoreBuilder (DBStoreBuilder.java:addTable(117)) - using custom profile for table: deletedTable
2019-10-21 10:06:01,768 [main] INFO  db.DBStoreBuilder (DBStoreBuilder.java:processTables(168)) - Using default column profile:DBProfile.DISK for Table:deletedTable
2019-10-21 10:06:01,768 [main] INFO  db.DBStoreBuilder (DBStoreBuilder.java:addTable(117)) - using custom profile for table: openKeyTable
2019-10-21 10:06:01,768 [main] INFO  db.DBStoreBuilder (DBStoreBuilder.java:processTables(168)) - Using default column profile:DBProfile.DISK for Table:openKeyTable
2019-10-21 10:06:01,768 [main] INFO  db.DBStoreBuilder (DBStoreBuilder.java:addTable(117)) - using custom profile for table: s3Table
2019-10-21 10:06:01,768 [main] INFO  db.DBStoreBuilder (DBStoreBuilder.java:processTables(168)) - Using default column profile:DBProfile.DISK for Table:s3Table
2019-10-21 10:06:01,769 [main] INFO  db.DBStoreBuilder (DBStoreBuilder.java:addTable(117)) - using custom profile for table: multipartInfoTable
2019-10-21 10:06:01,769 [main] INFO  db.DBStoreBuilder (DBStoreBuilder.java:processTables(168)) - Using default column profile:DBProfile.DISK for Table:multipartInfoTable
2019-10-21 10:06:01,769 [main] INFO  db.DBStoreBuilder (DBStoreBuilder.java:addTable(117)) - using custom profile for table: dTokenTable
2019-10-21 10:06:01,769 [main] INFO  db.DBStoreBuilder (DBStoreBuilder.java:processTables(168)) - Using default column profile:DBProfile.DISK for Table:dTokenTable
2019-10-21 10:06:01,770 [main] INFO  db.DBStoreBuilder (DBStoreBuilder.java:addTable(117)) - using custom profile for table: s3SecretTable
2019-10-21 10:06:01,770 [main] INFO  db.DBStoreBuilder (DBStoreBuilder.java:processTables(168)) - Using default column profile:DBProfile.DISK for Table:s3SecretTable
2019-10-21 10:06:01,770 [main] INFO  db.DBStoreBuilder (DBStoreBuilder.java:addTable(117)) - using custom profile for table: prefixTable
2019-10-21 10:06:01,770 [main] INFO  db.DBStoreBuilder (DBStoreBuilder.java:processTables(168)) - Using default column profile:DBProfile.DISK for Table:prefixTable
2019-10-21 10:06:01,770 [main] INFO  db.DBStoreBuilder (DBStoreBuilder.java:addTable(117)) - using custom profile for table: default
2019-10-21 10:06:01,770 [main] INFO  db.DBStoreBuilder (DBStoreBuilder.java:processTables(174)) - Using default column profile:DBProfile.DISK for Table:default
2019-10-21 10:06:01,770 [main] INFO  db.DBStoreBuilder (DBStoreBuilder.java:getDbProfile(205)) - Using default options. DBProfile.DISK
2019-10-21 10:06:02,205 [main] INFO  ipc.CallQueueManager (CallQueueManager.java:<init>(84)) - Using callQueue: class java.util.concurrent.LinkedBlockingQueue, queueCapacity: 2000, scheduler: class org.apache.hadoop.ipc.DefaultRpcScheduler, ipcBackoff: false.
2019-10-21 10:06:02,206 [Socket Reader #1 for port 42540] INFO  ipc.Server (Server.java:run(1074)) - Starting Socket Reader #1 for port 42540
2019-10-21 10:06:02,220 [main] INFO  om.OzoneManager (OzoneManager.java:start(1071)) - OzoneManager RPC server is listening at localhost/127.0.0.1:42540
2019-10-21 10:06:02,220 [main] INFO  impl.MetricsSystemImpl (MetricsSystemImpl.java:init(158)) - OzoneManager metrics system started (again)
2019-10-21 10:06:02,221 [IPC Server Responder] INFO  ipc.Server (Server.java:run(1314)) - IPC Server Responder: starting
2019-10-21 10:06:02,221 [IPC Server listener on 42540] INFO  ipc.Server (Server.java:run(1153)) - IPC Server listener on 42540: starting
2019-10-21 10:06:02,227 [main] INFO  hdfs.DFSUtil (DFSUtil.java:httpServerTemplateForNNAndJN(1641)) - Starting Web-server for ozoneManager at: http://0.0.0.0:0
2019-10-21 10:06:02,228 [main] INFO  server.AuthenticationFilter (AuthenticationFilter.java:constructSecretProvider(240)) - Unable to initialize FileSignerSecretProvider, falling back to use random secrets.
2019-10-21 10:06:02,228 [main] WARN  http.HttpRequestLog (HttpRequestLog.java:getRequestLog(97)) - Jetty request log can only be enabled using Log4j
2019-10-21 10:06:02,230 [main] INFO  http.HttpServer2 (HttpServer2.java:addGlobalFilter(975)) - Added global filter 'safety' (class=org.apache.hadoop.http.HttpServer2$QuotingInputFilter)
2019-10-21 10:06:02,230 [main] INFO  http.HttpServer2 (HttpServer2.java:addFilter(948)) - Added filter static_user_filter (class=org.apache.hadoop.http.lib.StaticUserWebFilter$StaticUserFilter) to context ozoneManager
2019-10-21 10:06:02,231 [main] INFO  http.HttpServer2 (HttpServer2.java:addFilter(958)) - Added filter static_user_filter (class=org.apache.hadoop.http.lib.StaticUserWebFilter$StaticUserFilter) to context logs
2019-10-21 10:06:02,231 [main] INFO  http.HttpServer2 (HttpServer2.java:addFilter(958)) - Added filter static_user_filter (class=org.apache.hadoop.http.lib.StaticUserWebFilter$StaticUserFilter) to context static
2019-10-21 10:06:02,231 [main] INFO  http.HttpServer2 (HttpServer2.java:bindListener(1191)) - Jetty bound to port 35521
2019-10-21 10:06:02,231 [main] INFO  server.Server (Server.java:doStart(351)) - jetty-9.3.25.v20180904, build timestamp: 2018-09-04T21:11:46Z, git hash: 3ce520221d0240229c862b122d2b06c12a625732
2019-10-21 10:06:02,233 [main] INFO  handler.ContextHandler (ContextHandler.java:doStart(781)) - Started o.e.j.s.ServletContextHandler@8840c98{/logs,file:///workdir/hadoop-ozone/integration-test/target/log,AVAILABLE}
2019-10-21 10:06:02,233 [main] INFO  handler.ContextHandler (ContextHandler.java:doStart(781)) - Started o.e.j.s.ServletContextHandler@273fa9e{/static,file:///workdir/hadoop-ozone/integration-test/target/test-classes/webapps/static,AVAILABLE}
2019-10-21 10:06:02,236 [main] INFO  handler.ContextHandler (ContextHandler.java:doStart(781)) - Started o.e.j.w.WebAppContext@4a864d4d{/,file:///workdir/hadoop-ozone/integration-test/target/test-classes/webapps/ozoneManager/,AVAILABLE}{/ozoneManager}
2019-10-21 10:06:02,236 [main] INFO  server.AbstractConnector (AbstractConnector.java:doStart(278)) - Started ServerConnector@7d3691e1{HTTP/1.1,[http/1.1]}{0.0.0.0:35521}
2019-10-21 10:06:02,237 [main] INFO  server.Server (Server.java:doStart(419)) - Started @216309ms
2019-10-21 10:06:02,237 [main] WARN  impl.MetricsSystemImpl (MetricsSystemImpl.java:register(276)) - Sink prometheus already exists!
2019-10-21 10:06:02,238 [main] INFO  server.BaseHttpServer (BaseHttpServer.java:updateConnectorAddress(215)) - HTTP server of OZONEMANAGER is listening at http://0.0.0.0:35521
2019-10-21 10:06:02,256 [main] INFO  impl.MetricsSystemImpl (MetricsSystemImpl.java:init(158)) - HddsDatanode metrics system started (again)
2019-10-21 10:06:02,260 [main] INFO  ozone.HddsDatanodeService (HddsDatanodeService.java:start(184)) - HddsDatanodeService host:pr-hdds-2291-fkckm-1634098129 ip:192.168.34.51
2019-10-21 10:06:02,267 [main] INFO  volume.HddsVolume (HddsVolume.java:<init>(176)) - Creating Volume: /workdir/hadoop-ozone/integration-test/target/test-dir/MiniOzoneClusterImpl-78a9b0a8-4992-4050-b351-33ca5d66f753/datanode-0/data/containers/hdds of  storage type : DISK and capacity : 1482555576320
2019-10-21 10:06:02,267 [main] INFO  volume.VolumeSet (VolumeSet.java:initializeVolumeSet(170)) - Added Volume : /workdir/hadoop-ozone/integration-test/target/test-dir/MiniOzoneClusterImpl-78a9b0a8-4992-4050-b351-33ca5d66f753/datanode-0/data/containers/hdds to VolumeSet
2019-10-21 10:06:02,267 [main] INFO  volume.ThrottledAsyncChecker (ThrottledAsyncChecker.java:schedule(141)) - Scheduling a check for org.apache.hadoop.ozone.container.common.volume.HddsVolume@72ecbcb3
2019-10-21 10:06:02,267 [main] INFO  volume.HddsVolumeChecker (HddsVolumeChecker.java:checkAllVolumes(204)) - Scheduled health check for volume org.apache.hadoop.ozone.container.common.volume.HddsVolume@72ecbcb3
2019-10-21 10:06:02,279 [main] INFO  impl.RaftServerProxy (ConfUtils.java:logGet(43)) - raft.rpc.type = GRPC (default)
2019-10-21 10:06:02,279 [main] INFO  grpc.GrpcFactory (GrpcFactory.java:checkPooledByteBufAllocatorUseCacheForAllThreads(45)) - PERFORMANCE WARNING: useCacheForAllThreads is true that may cause Netty to create a lot garbage objects and, as a result, trigger GC.
	It is recommended to disable useCacheForAllThreads by setting -Dorg.apache.ratis.thirdparty.io.netty.allocator.useCacheForAllThreads=false in command line.
2019-10-21 10:06:02,279 [main] INFO  grpc.GrpcConfigKeys$Server (ConfUtils.java:logGet(43)) - raft.grpc.server.port = 0 (default)
2019-10-21 10:06:02,279 [main] INFO  server.GrpcService (ConfUtils.java:logGet(43)) - raft.grpc.message.size.max = 33570816 (custom)
2019-10-21 10:06:02,279 [main] INFO  server.RaftServerConfigKeys (ConfUtils.java:logGet(43)) - raft.server.log.appender.buffer.byte-limit = 33554432 (custom)
2019-10-21 10:06:02,280 [main] INFO  server.GrpcService (ConfUtils.java:logGet(43)) - raft.grpc.flow.control.window = 1MB (=1048576) (default)
2019-10-21 10:06:02,280 [main] INFO  server.RaftServerConfigKeys (ConfUtils.java:logGet(43)) - raft.server.rpc.request.timeout = 3000ms (default)
2019-10-21 10:06:02,280 [main] INFO  server.RaftServerConfigKeys (ConfUtils.java:logGet(43)) - raft.server.storage.dir = [/workdir/hadoop-ozone/integration-test/target/test-dir/MiniOzoneClusterImpl-78a9b0a8-4992-4050-b351-33ca5d66f753/datanode-0/data/ratis] (custom)
2019-10-21 10:06:02,282 [main] INFO  hdfs.DFSUtil (DFSUtil.java:httpServerTemplateForNNAndJN(1641)) - Starting Web-server for hddsDatanode at: http://0.0.0.0:0
2019-10-21 10:06:02,283 [main] INFO  server.AuthenticationFilter (AuthenticationFilter.java:constructSecretProvider(240)) - Unable to initialize FileSignerSecretProvider, falling back to use random secrets.
2019-10-21 10:06:02,284 [main] WARN  http.HttpRequestLog (HttpRequestLog.java:getRequestLog(97)) - Jetty request log can only be enabled using Log4j
2019-10-21 10:06:02,285 [main] INFO  http.HttpServer2 (HttpServer2.java:addGlobalFilter(975)) - Added global filter 'safety' (class=org.apache.hadoop.http.HttpServer2$QuotingInputFilter)
2019-10-21 10:06:02,286 [main] INFO  http.HttpServer2 (HttpServer2.java:addFilter(948)) - Added filter static_user_filter (class=org.apache.hadoop.http.lib.StaticUserWebFilter$StaticUserFilter) to context hddsDatanode
2019-10-21 10:06:02,286 [main] INFO  http.HttpServer2 (HttpServer2.java:addFilter(958)) - Added filter static_user_filter (class=org.apache.hadoop.http.lib.StaticUserWebFilter$StaticUserFilter) to context logs
2019-10-21 10:06:02,286 [main] INFO  http.HttpServer2 (HttpServer2.java:addFilter(958)) - Added filter static_user_filter (class=org.apache.hadoop.http.lib.StaticUserWebFilter$StaticUserFilter) to context static
2019-10-21 10:06:02,287 [main] INFO  http.HttpServer2 (HttpServer2.java:bindListener(1191)) - Jetty bound to port 34989
2019-10-21 10:06:02,287 [main] INFO  server.Server (Server.java:doStart(351)) - jetty-9.3.25.v20180904, build timestamp: 2018-09-04T21:11:46Z, git hash: 3ce520221d0240229c862b122d2b06c12a625732
2019-10-21 10:06:02,288 [main] INFO  handler.ContextHandler (ContextHandler.java:doStart(781)) - Started o.e.j.s.ServletContextHandler@7abeabe9{/logs,file:///workdir/hadoop-ozone/integration-test/target/log,AVAILABLE}
2019-10-21 10:06:02,289 [main] INFO  handler.ContextHandler (ContextHandler.java:doStart(781)) - Started o.e.j.s.ServletContextHandler@1b52699c{/static,jar:file:/home/user/.m2/repository/org/apache/hadoop/hadoop-hdds-container-service/0.5.0-SNAPSHOT/hadoop-hdds-container-service-0.5.0-SNAPSHOT.jar!/webapps/static,AVAILABLE}
2019-10-21 10:06:02,321 [main] INFO  handler.ContextHandler (ContextHandler.java:doStart(781)) - Started o.e.j.w.WebAppContext@11c88cca{/,file:///tmp/jetty-0.0.0.0-34989-hddsDatanode-_-any-7267048120937068637.dir/webapp/,AVAILABLE}{/hddsDatanode}
2019-10-21 10:06:02,321 [main] INFO  server.AbstractConnector (AbstractConnector.java:doStart(278)) - Started ServerConnector@1b37fbec{HTTP/1.1,[http/1.1]}{0.0.0.0:34989}
2019-10-21 10:06:02,322 [main] INFO  server.Server (Server.java:doStart(419)) - Started @216394ms
2019-10-21 10:06:02,322 [main] WARN  impl.MetricsSystemImpl (MetricsSystemImpl.java:register(276)) - Sink prometheus already exists!
2019-10-21 10:06:02,323 [main] INFO  server.BaseHttpServer (BaseHttpServer.java:updateConnectorAddress(215)) - HTTP server of HDDSDATANODE is listening at http://0.0.0.0:34989
2019-10-21 10:06:02,323 [main] INFO  impl.MetricsSystemImpl (MetricsSystemImpl.java:init(158)) - HddsDatanode metrics system started (again)
2019-10-21 10:06:02,327 [org.apache.hadoop.util.JvmPauseMonitor$Monitor@2fb5ccd4] INFO  util.JvmPauseMonitor (JvmPauseMonitor.java:run(188)) - Starting JVM pause monitor
2019-10-21 10:06:02,327 [main] INFO  ozone.HddsDatanodeService (HddsDatanodeService.java:start(184)) - HddsDatanodeService host:pr-hdds-2291-fkckm-1634098129 ip:192.168.34.51
2019-10-21 10:06:02,328 [Datanode State Machine Thread - 0] INFO  datanode.InitDatanodeState (InitDatanodeState.java:persistContainerDatanodeDetails(140)) - DatanodeDetails is persisted to /workdir/hadoop-ozone/integration-test/target/test-dir/MiniOzoneClusterImpl-78a9b0a8-4992-4050-b351-33ca5d66f753/datanode-0/meta/datanode.id
2019-10-21 10:06:02,333 [main] INFO  volume.HddsVolume (HddsVolume.java:<init>(176)) - Creating Volume: /workdir/hadoop-ozone/integration-test/target/test-dir/MiniOzoneClusterImpl-78a9b0a8-4992-4050-b351-33ca5d66f753/datanode-1/data/containers/hdds of  storage type : DISK and capacity : 1482555576320
2019-10-21 10:06:02,333 [main] INFO  volume.VolumeSet (VolumeSet.java:initializeVolumeSet(170)) - Added Volume : /workdir/hadoop-ozone/integration-test/target/test-dir/MiniOzoneClusterImpl-78a9b0a8-4992-4050-b351-33ca5d66f753/datanode-1/data/containers/hdds to VolumeSet
2019-10-21 10:06:02,333 [main] INFO  volume.ThrottledAsyncChecker (ThrottledAsyncChecker.java:schedule(141)) - Scheduling a check for org.apache.hadoop.ozone.container.common.volume.HddsVolume@2fd39436
2019-10-21 10:06:02,334 [main] INFO  volume.HddsVolumeChecker (HddsVolumeChecker.java:checkAllVolumes(204)) - Scheduled health check for volume org.apache.hadoop.ozone.container.common.volume.HddsVolume@2fd39436
2019-10-21 10:06:02,347 [main] INFO  impl.RaftServerProxy (ConfUtils.java:logGet(43)) - raft.rpc.type = GRPC (default)
2019-10-21 10:06:02,347 [main] INFO  grpc.GrpcFactory (GrpcFactory.java:checkPooledByteBufAllocatorUseCacheForAllThreads(45)) - PERFORMANCE WARNING: useCacheForAllThreads is true that may cause Netty to create a lot garbage objects and, as a result, trigger GC.
	It is recommended to disable useCacheForAllThreads by setting -Dorg.apache.ratis.thirdparty.io.netty.allocator.useCacheForAllThreads=false in command line.
2019-10-21 10:06:02,347 [main] INFO  grpc.GrpcConfigKeys$Server (ConfUtils.java:logGet(43)) - raft.grpc.server.port = 0 (default)
2019-10-21 10:06:02,347 [main] INFO  server.GrpcService (ConfUtils.java:logGet(43)) - raft.grpc.message.size.max = 33570816 (custom)
2019-10-21 10:06:02,348 [main] INFO  server.RaftServerConfigKeys (ConfUtils.java:logGet(43)) - raft.server.log.appender.buffer.byte-limit = 33554432 (custom)
2019-10-21 10:06:02,348 [main] INFO  server.GrpcService (ConfUtils.java:logGet(43)) - raft.grpc.flow.control.window = 1MB (=1048576) (default)
2019-10-21 10:06:02,348 [main] INFO  server.RaftServerConfigKeys (ConfUtils.java:logGet(43)) - raft.server.rpc.request.timeout = 3000ms (default)
2019-10-21 10:06:02,348 [main] INFO  server.RaftServerConfigKeys (ConfUtils.java:logGet(43)) - raft.server.storage.dir = [/workdir/hadoop-ozone/integration-test/target/test-dir/MiniOzoneClusterImpl-78a9b0a8-4992-4050-b351-33ca5d66f753/datanode-1/data/ratis] (custom)
2019-10-21 10:06:02,349 [main] INFO  hdfs.DFSUtil (DFSUtil.java:httpServerTemplateForNNAndJN(1641)) - Starting Web-server for hddsDatanode at: http://0.0.0.0:0
2019-10-21 10:06:02,351 [main] INFO  server.AuthenticationFilter (AuthenticationFilter.java:constructSecretProvider(240)) - Unable to initialize FileSignerSecretProvider, falling back to use random secrets.
2019-10-21 10:06:02,351 [main] WARN  http.HttpRequestLog (HttpRequestLog.java:getRequestLog(97)) - Jetty request log can only be enabled using Log4j
2019-10-21 10:06:02,352 [main] INFO  http.HttpServer2 (HttpServer2.java:addGlobalFilter(975)) - Added global filter 'safety' (class=org.apache.hadoop.http.HttpServer2$QuotingInputFilter)
2019-10-21 10:06:02,353 [main] INFO  http.HttpServer2 (HttpServer2.java:addFilter(948)) - Added filter static_user_filter (class=org.apache.hadoop.http.lib.StaticUserWebFilter$StaticUserFilter) to context hddsDatanode
2019-10-21 10:06:02,353 [main] INFO  http.HttpServer2 (HttpServer2.java:addFilter(958)) - Added filter static_user_filter (class=org.apache.hadoop.http.lib.StaticUserWebFilter$StaticUserFilter) to context logs
2019-10-21 10:06:02,353 [main] INFO  http.HttpServer2 (HttpServer2.java:addFilter(958)) - Added filter static_user_filter (class=org.apache.hadoop.http.lib.StaticUserWebFilter$StaticUserFilter) to context static
2019-10-21 10:06:02,354 [main] INFO  http.HttpServer2 (HttpServer2.java:bindListener(1191)) - Jetty bound to port 40259
2019-10-21 10:06:02,354 [main] INFO  server.Server (Server.java:doStart(351)) - jetty-9.3.25.v20180904, build timestamp: 2018-09-04T21:11:46Z, git hash: 3ce520221d0240229c862b122d2b06c12a625732
2019-10-21 10:06:02,355 [main] INFO  handler.ContextHandler (ContextHandler.java:doStart(781)) - Started o.e.j.s.ServletContextHandler@118041c7{/logs,file:///workdir/hadoop-ozone/integration-test/target/log,AVAILABLE}
2019-10-21 10:06:02,356 [main] INFO  handler.ContextHandler (ContextHandler.java:doStart(781)) - Started o.e.j.s.ServletContextHandler@5c4cc644{/static,jar:file:/home/user/.m2/repository/org/apache/hadoop/hadoop-hdds-container-service/0.5.0-SNAPSHOT/hadoop-hdds-container-service-0.5.0-SNAPSHOT.jar!/webapps/static,AVAILABLE}
2019-10-21 10:06:02,383 [main] INFO  handler.ContextHandler (ContextHandler.java:doStart(781)) - Started o.e.j.w.WebAppContext@28fc1132{/,file:///tmp/jetty-0.0.0.0-40259-hddsDatanode-_-any-5161910621642357955.dir/webapp/,AVAILABLE}{/hddsDatanode}
2019-10-21 10:06:02,384 [main] INFO  server.AbstractConnector (AbstractConnector.java:doStart(278)) - Started ServerConnector@355ce6a6{HTTP/1.1,[http/1.1]}{0.0.0.0:40259}
2019-10-21 10:06:02,385 [main] INFO  server.Server (Server.java:doStart(419)) - Started @216457ms
2019-10-21 10:06:02,385 [main] WARN  impl.MetricsSystemImpl (MetricsSystemImpl.java:register(276)) - Sink prometheus already exists!
2019-10-21 10:06:02,386 [main] INFO  server.BaseHttpServer (BaseHttpServer.java:updateConnectorAddress(215)) - HTTP server of HDDSDATANODE is listening at http://0.0.0.0:40259
2019-10-21 10:06:02,386 [main] INFO  impl.MetricsSystemImpl (MetricsSystemImpl.java:init(158)) - HddsDatanode metrics system started (again)
2019-10-21 10:06:02,390 [org.apache.hadoop.util.JvmPauseMonitor$Monitor@5b4964f4] INFO  util.JvmPauseMonitor (JvmPauseMonitor.java:run(188)) - Starting JVM pause monitor
2019-10-21 10:06:02,391 [main] INFO  ozone.HddsDatanodeService (HddsDatanodeService.java:start(184)) - HddsDatanodeService host:pr-hdds-2291-fkckm-1634098129 ip:192.168.34.51
2019-10-21 10:06:02,391 [Datanode State Machine Thread - 0] INFO  datanode.InitDatanodeState (InitDatanodeState.java:persistContainerDatanodeDetails(140)) - DatanodeDetails is persisted to /workdir/hadoop-ozone/integration-test/target/test-dir/MiniOzoneClusterImpl-78a9b0a8-4992-4050-b351-33ca5d66f753/datanode-1/meta/datanode.id
2019-10-21 10:06:02,398 [main] INFO  volume.HddsVolume (HddsVolume.java:<init>(176)) - Creating Volume: /workdir/hadoop-ozone/integration-test/target/test-dir/MiniOzoneClusterImpl-78a9b0a8-4992-4050-b351-33ca5d66f753/datanode-2/data/containers/hdds of  storage type : DISK and capacity : 1482555576320
2019-10-21 10:06:02,398 [main] INFO  volume.VolumeSet (VolumeSet.java:initializeVolumeSet(170)) - Added Volume : /workdir/hadoop-ozone/integration-test/target/test-dir/MiniOzoneClusterImpl-78a9b0a8-4992-4050-b351-33ca5d66f753/datanode-2/data/containers/hdds to VolumeSet
2019-10-21 10:06:02,398 [main] INFO  volume.ThrottledAsyncChecker (ThrottledAsyncChecker.java:schedule(141)) - Scheduling a check for org.apache.hadoop.ozone.container.common.volume.HddsVolume@74b00247
2019-10-21 10:06:02,399 [main] INFO  volume.HddsVolumeChecker (HddsVolumeChecker.java:checkAllVolumes(204)) - Scheduled health check for volume org.apache.hadoop.ozone.container.common.volume.HddsVolume@74b00247
2019-10-21 10:06:02,411 [main] INFO  impl.RaftServerProxy (ConfUtils.java:logGet(43)) - raft.rpc.type = GRPC (default)
2019-10-21 10:06:02,411 [main] INFO  grpc.GrpcFactory (GrpcFactory.java:checkPooledByteBufAllocatorUseCacheForAllThreads(45)) - PERFORMANCE WARNING: useCacheForAllThreads is true that may cause Netty to create a lot garbage objects and, as a result, trigger GC.
	It is recommended to disable useCacheForAllThreads by setting -Dorg.apache.ratis.thirdparty.io.netty.allocator.useCacheForAllThreads=false in command line.
2019-10-21 10:06:02,411 [main] INFO  grpc.GrpcConfigKeys$Server (ConfUtils.java:logGet(43)) - raft.grpc.server.port = 0 (default)
2019-10-21 10:06:02,412 [main] INFO  server.GrpcService (ConfUtils.java:logGet(43)) - raft.grpc.message.size.max = 33570816 (custom)
2019-10-21 10:06:02,412 [main] INFO  server.RaftServerConfigKeys (ConfUtils.java:logGet(43)) - raft.server.log.appender.buffer.byte-limit = 33554432 (custom)
2019-10-21 10:06:02,412 [main] INFO  server.GrpcService (ConfUtils.java:logGet(43)) - raft.grpc.flow.control.window = 1MB (=1048576) (default)
2019-10-21 10:06:02,412 [main] INFO  server.RaftServerConfigKeys (ConfUtils.java:logGet(43)) - raft.server.rpc.request.timeout = 3000ms (default)
2019-10-21 10:06:02,412 [main] INFO  server.RaftServerConfigKeys (ConfUtils.java:logGet(43)) - raft.server.storage.dir = [/workdir/hadoop-ozone/integration-test/target/test-dir/MiniOzoneClusterImpl-78a9b0a8-4992-4050-b351-33ca5d66f753/datanode-2/data/ratis] (custom)
2019-10-21 10:06:02,413 [main] INFO  hdfs.DFSUtil (DFSUtil.java:httpServerTemplateForNNAndJN(1641)) - Starting Web-server for hddsDatanode at: http://0.0.0.0:0
2019-10-21 10:06:02,415 [main] INFO  server.AuthenticationFilter (AuthenticationFilter.java:constructSecretProvider(240)) - Unable to initialize FileSignerSecretProvider, falling back to use random secrets.
2019-10-21 10:06:02,415 [main] WARN  http.HttpRequestLog (HttpRequestLog.java:getRequestLog(97)) - Jetty request log can only be enabled using Log4j
2019-10-21 10:06:02,416 [main] INFO  http.HttpServer2 (HttpServer2.java:addGlobalFilter(975)) - Added global filter 'safety' (class=org.apache.hadoop.http.HttpServer2$QuotingInputFilter)
2019-10-21 10:06:02,416 [main] INFO  http.HttpServer2 (HttpServer2.java:addFilter(948)) - Added filter static_user_filter (class=org.apache.hadoop.http.lib.StaticUserWebFilter$StaticUserFilter) to context hddsDatanode
2019-10-21 10:06:02,417 [main] INFO  http.HttpServer2 (HttpServer2.java:addFilter(958)) - Added filter static_user_filter (class=org.apache.hadoop.http.lib.StaticUserWebFilter$StaticUserFilter) to context static
2019-10-21 10:06:02,417 [main] INFO  http.HttpServer2 (HttpServer2.java:addFilter(958)) - Added filter static_user_filter (class=org.apache.hadoop.http.lib.StaticUserWebFilter$StaticUserFilter) to context logs
2019-10-21 10:06:02,417 [main] INFO  http.HttpServer2 (HttpServer2.java:bindListener(1191)) - Jetty bound to port 45390
2019-10-21 10:06:02,417 [main] INFO  server.Server (Server.java:doStart(351)) - jetty-9.3.25.v20180904, build timestamp: 2018-09-04T21:11:46Z, git hash: 3ce520221d0240229c862b122d2b06c12a625732
2019-10-21 10:06:02,419 [main] INFO  handler.ContextHandler (ContextHandler.java:doStart(781)) - Started o.e.j.s.ServletContextHandler@604d28c6{/logs,file:///workdir/hadoop-ozone/integration-test/target/log,AVAILABLE}
2019-10-21 10:06:02,419 [main] INFO  handler.ContextHandler (ContextHandler.java:doStart(781)) - Started o.e.j.s.ServletContextHandler@183fc2fa{/static,jar:file:/home/user/.m2/repository/org/apache/hadoop/hadoop-hdds-container-service/0.5.0-SNAPSHOT/hadoop-hdds-container-service-0.5.0-SNAPSHOT.jar!/webapps/static,AVAILABLE}
2019-10-21 10:06:02,447 [main] INFO  handler.ContextHandler (ContextHandler.java:doStart(781)) - Started o.e.j.w.WebAppContext@2416c658{/,file:///tmp/jetty-0.0.0.0-45390-hddsDatanode-_-any-6503672349258581899.dir/webapp/,AVAILABLE}{/hddsDatanode}
2019-10-21 10:06:02,448 [main] INFO  server.AbstractConnector (AbstractConnector.java:doStart(278)) - Started ServerConnector@6d5f4900{HTTP/1.1,[http/1.1]}{0.0.0.0:45390}
2019-10-21 10:06:02,449 [main] INFO  server.Server (Server.java:doStart(419)) - Started @216521ms
2019-10-21 10:06:02,449 [main] WARN  impl.MetricsSystemImpl (MetricsSystemImpl.java:register(276)) - Sink prometheus already exists!
2019-10-21 10:06:02,450 [main] INFO  server.BaseHttpServer (BaseHttpServer.java:updateConnectorAddress(215)) - HTTP server of HDDSDATANODE is listening at http://0.0.0.0:45390
2019-10-21 10:06:02,450 [main] INFO  impl.MetricsSystemImpl (MetricsSystemImpl.java:init(158)) - HddsDatanode metrics system started (again)
2019-10-21 10:06:02,454 [org.apache.hadoop.util.JvmPauseMonitor$Monitor@2952cd5b] INFO  util.JvmPauseMonitor (JvmPauseMonitor.java:run(188)) - Starting JVM pause monitor
2019-10-21 10:06:02,454 [main] INFO  ozone.HddsDatanodeService (HddsDatanodeService.java:start(184)) - HddsDatanodeService host:pr-hdds-2291-fkckm-1634098129 ip:192.168.34.51
2019-10-21 10:06:02,455 [Datanode State Machine Thread - 0] INFO  datanode.InitDatanodeState (InitDatanodeState.java:persistContainerDatanodeDetails(140)) - DatanodeDetails is persisted to /workdir/hadoop-ozone/integration-test/target/test-dir/MiniOzoneClusterImpl-78a9b0a8-4992-4050-b351-33ca5d66f753/datanode-2/meta/datanode.id
2019-10-21 10:06:02,460 [main] INFO  volume.HddsVolume (HddsVolume.java:<init>(176)) - Creating Volume: /workdir/hadoop-ozone/integration-test/target/test-dir/MiniOzoneClusterImpl-78a9b0a8-4992-4050-b351-33ca5d66f753/datanode-3/data/containers/hdds of  storage type : DISK and capacity : 1482555576320
2019-10-21 10:06:02,461 [main] INFO  volume.VolumeSet (VolumeSet.java:initializeVolumeSet(170)) - Added Volume : /workdir/hadoop-ozone/integration-test/target/test-dir/MiniOzoneClusterImpl-78a9b0a8-4992-4050-b351-33ca5d66f753/datanode-3/data/containers/hdds to VolumeSet
2019-10-21 10:06:02,461 [main] INFO  volume.ThrottledAsyncChecker (ThrottledAsyncChecker.java:schedule(141)) - Scheduling a check for org.apache.hadoop.ozone.container.common.volume.HddsVolume@478fb7dc
2019-10-21 10:06:02,461 [main] INFO  volume.HddsVolumeChecker (HddsVolumeChecker.java:checkAllVolumes(204)) - Scheduled health check for volume org.apache.hadoop.ozone.container.common.volume.HddsVolume@478fb7dc
2019-10-21 10:06:02,473 [main] INFO  impl.RaftServerProxy (ConfUtils.java:logGet(43)) - raft.rpc.type = GRPC (default)
2019-10-21 10:06:02,474 [main] INFO  grpc.GrpcFactory (GrpcFactory.java:checkPooledByteBufAllocatorUseCacheForAllThreads(45)) - PERFORMANCE WARNING: useCacheForAllThreads is true that may cause Netty to create a lot garbage objects and, as a result, trigger GC.
	It is recommended to disable useCacheForAllThreads by setting -Dorg.apache.ratis.thirdparty.io.netty.allocator.useCacheForAllThreads=false in command line.
2019-10-21 10:06:02,474 [main] INFO  grpc.GrpcConfigKeys$Server (ConfUtils.java:logGet(43)) - raft.grpc.server.port = 0 (default)
2019-10-21 10:06:02,474 [main] INFO  server.GrpcService (ConfUtils.java:logGet(43)) - raft.grpc.message.size.max = 33570816 (custom)
2019-10-21 10:06:02,474 [main] INFO  server.RaftServerConfigKeys (ConfUtils.java:logGet(43)) - raft.server.log.appender.buffer.byte-limit = 33554432 (custom)
2019-10-21 10:06:02,474 [main] INFO  server.GrpcService (ConfUtils.java:logGet(43)) - raft.grpc.flow.control.window = 1MB (=1048576) (default)
2019-10-21 10:06:02,474 [main] INFO  server.RaftServerConfigKeys (ConfUtils.java:logGet(43)) - raft.server.rpc.request.timeout = 3000ms (default)
2019-10-21 10:06:02,475 [main] INFO  server.RaftServerConfigKeys (ConfUtils.java:logGet(43)) - raft.server.storage.dir = [/workdir/hadoop-ozone/integration-test/target/test-dir/MiniOzoneClusterImpl-78a9b0a8-4992-4050-b351-33ca5d66f753/datanode-3/data/ratis] (custom)
2019-10-21 10:06:02,476 [main] INFO  hdfs.DFSUtil (DFSUtil.java:httpServerTemplateForNNAndJN(1641)) - Starting Web-server for hddsDatanode at: http://0.0.0.0:0
2019-10-21 10:06:02,477 [main] INFO  server.AuthenticationFilter (AuthenticationFilter.java:constructSecretProvider(240)) - Unable to initialize FileSignerSecretProvider, falling back to use random secrets.
2019-10-21 10:06:02,477 [main] WARN  http.HttpRequestLog (HttpRequestLog.java:getRequestLog(97)) - Jetty request log can only be enabled using Log4j
2019-10-21 10:06:02,478 [main] INFO  http.HttpServer2 (HttpServer2.java:addGlobalFilter(975)) - Added global filter 'safety' (class=org.apache.hadoop.http.HttpServer2$QuotingInputFilter)
2019-10-21 10:06:02,479 [main] INFO  http.HttpServer2 (HttpServer2.java:addFilter(948)) - Added filter static_user_filter (class=org.apache.hadoop.http.lib.StaticUserWebFilter$StaticUserFilter) to context hddsDatanode
2019-10-21 10:06:02,479 [main] INFO  http.HttpServer2 (HttpServer2.java:addFilter(958)) - Added filter static_user_filter (class=org.apache.hadoop.http.lib.StaticUserWebFilter$StaticUserFilter) to context logs
2019-10-21 10:06:02,479 [main] INFO  http.HttpServer2 (HttpServer2.java:addFilter(958)) - Added filter static_user_filter (class=org.apache.hadoop.http.lib.StaticUserWebFilter$StaticUserFilter) to context static
2019-10-21 10:06:02,480 [main] INFO  http.HttpServer2 (HttpServer2.java:bindListener(1191)) - Jetty bound to port 35831
2019-10-21 10:06:02,480 [main] INFO  server.Server (Server.java:doStart(351)) - jetty-9.3.25.v20180904, build timestamp: 2018-09-04T21:11:46Z, git hash: 3ce520221d0240229c862b122d2b06c12a625732
2019-10-21 10:06:02,481 [main] INFO  handler.ContextHandler (ContextHandler.java:doStart(781)) - Started o.e.j.s.ServletContextHandler@5b02a984{/logs,file:///workdir/hadoop-ozone/integration-test/target/log,AVAILABLE}
2019-10-21 10:06:02,481 [main] INFO  handler.ContextHandler (ContextHandler.java:doStart(781)) - Started o.e.j.s.ServletContextHandler@391d1e33{/static,jar:file:/home/user/.m2/repository/org/apache/hadoop/hadoop-hdds-container-service/0.5.0-SNAPSHOT/hadoop-hdds-container-service-0.5.0-SNAPSHOT.jar!/webapps/static,AVAILABLE}
2019-10-21 10:06:02,510 [main] INFO  handler.ContextHandler (ContextHandler.java:doStart(781)) - Started o.e.j.w.WebAppContext@b1b471{/,file:///tmp/jetty-0.0.0.0-35831-hddsDatanode-_-any-2225337465032652489.dir/webapp/,AVAILABLE}{/hddsDatanode}
2019-10-21 10:06:02,510 [main] INFO  server.AbstractConnector (AbstractConnector.java:doStart(278)) - Started ServerConnector@526f6427{HTTP/1.1,[http/1.1]}{0.0.0.0:35831}
2019-10-21 10:06:02,511 [main] INFO  server.Server (Server.java:doStart(419)) - Started @216583ms
2019-10-21 10:06:02,511 [main] WARN  impl.MetricsSystemImpl (MetricsSystemImpl.java:register(276)) - Sink prometheus already exists!
2019-10-21 10:06:02,512 [main] INFO  server.BaseHttpServer (BaseHttpServer.java:updateConnectorAddress(215)) - HTTP server of HDDSDATANODE is listening at http://0.0.0.0:35831
2019-10-21 10:06:02,513 [main] INFO  impl.MetricsSystemImpl (MetricsSystemImpl.java:init(158)) - HddsDatanode metrics system started (again)
2019-10-21 10:06:02,518 [org.apache.hadoop.util.JvmPauseMonitor$Monitor@2818c688] INFO  util.JvmPauseMonitor (JvmPauseMonitor.java:run(188)) - Starting JVM pause monitor
2019-10-21 10:06:02,518 [main] INFO  ozone.HddsDatanodeService (HddsDatanodeService.java:start(184)) - HddsDatanodeService host:pr-hdds-2291-fkckm-1634098129 ip:192.168.34.51
2019-10-21 10:06:02,518 [Datanode State Machine Thread - 0] INFO  datanode.InitDatanodeState (InitDatanodeState.java:persistContainerDatanodeDetails(140)) - DatanodeDetails is persisted to /workdir/hadoop-ozone/integration-test/target/test-dir/MiniOzoneClusterImpl-78a9b0a8-4992-4050-b351-33ca5d66f753/datanode-3/meta/datanode.id
2019-10-21 10:06:02,525 [main] INFO  volume.HddsVolume (HddsVolume.java:<init>(176)) - Creating Volume: /workdir/hadoop-ozone/integration-test/target/test-dir/MiniOzoneClusterImpl-78a9b0a8-4992-4050-b351-33ca5d66f753/datanode-4/data/containers/hdds of  storage type : DISK and capacity : 1482555576320
2019-10-21 10:06:02,526 [main] INFO  volume.VolumeSet (VolumeSet.java:initializeVolumeSet(170)) - Added Volume : /workdir/hadoop-ozone/integration-test/target/test-dir/MiniOzoneClusterImpl-78a9b0a8-4992-4050-b351-33ca5d66f753/datanode-4/data/containers/hdds to VolumeSet
2019-10-21 10:06:02,526 [main] INFO  volume.ThrottledAsyncChecker (ThrottledAsyncChecker.java:schedule(141)) - Scheduling a check for org.apache.hadoop.ozone.container.common.volume.HddsVolume@22f02996
2019-10-21 10:06:02,527 [main] INFO  volume.HddsVolumeChecker (HddsVolumeChecker.java:checkAllVolumes(204)) - Scheduled health check for volume org.apache.hadoop.ozone.container.common.volume.HddsVolume@22f02996
2019-10-21 10:06:02,546 [main] INFO  impl.RaftServerProxy (ConfUtils.java:logGet(43)) - raft.rpc.type = GRPC (default)
2019-10-21 10:06:02,547 [main] INFO  grpc.GrpcFactory (GrpcFactory.java:checkPooledByteBufAllocatorUseCacheForAllThreads(45)) - PERFORMANCE WARNING: useCacheForAllThreads is true that may cause Netty to create a lot garbage objects and, as a result, trigger GC.
	It is recommended to disable useCacheForAllThreads by setting -Dorg.apache.ratis.thirdparty.io.netty.allocator.useCacheForAllThreads=false in command line.
2019-10-21 10:06:02,547 [main] INFO  grpc.GrpcConfigKeys$Server (ConfUtils.java:logGet(43)) - raft.grpc.server.port = 0 (default)
2019-10-21 10:06:02,547 [main] INFO  server.GrpcService (ConfUtils.java:logGet(43)) - raft.grpc.message.size.max = 33570816 (custom)
2019-10-21 10:06:02,547 [main] INFO  server.RaftServerConfigKeys (ConfUtils.java:logGet(43)) - raft.server.log.appender.buffer.byte-limit = 33554432 (custom)
2019-10-21 10:06:02,547 [main] INFO  server.GrpcService (ConfUtils.java:logGet(43)) - raft.grpc.flow.control.window = 1MB (=1048576) (default)
2019-10-21 10:06:02,548 [main] INFO  server.RaftServerConfigKeys (ConfUtils.java:logGet(43)) - raft.server.rpc.request.timeout = 3000ms (default)
2019-10-21 10:06:02,548 [main] INFO  server.RaftServerConfigKeys (ConfUtils.java:logGet(43)) - raft.server.storage.dir = [/workdir/hadoop-ozone/integration-test/target/test-dir/MiniOzoneClusterImpl-78a9b0a8-4992-4050-b351-33ca5d66f753/datanode-4/data/ratis] (custom)
2019-10-21 10:06:02,550 [main] INFO  hdfs.DFSUtil (DFSUtil.java:httpServerTemplateForNNAndJN(1641)) - Starting Web-server for hddsDatanode at: http://0.0.0.0:0
2019-10-21 10:06:02,551 [main] INFO  server.AuthenticationFilter (AuthenticationFilter.java:constructSecretProvider(240)) - Unable to initialize FileSignerSecretProvider, falling back to use random secrets.
2019-10-21 10:06:02,552 [main] WARN  http.HttpRequestLog (HttpRequestLog.java:getRequestLog(97)) - Jetty request log can only be enabled using Log4j
2019-10-21 10:06:02,553 [main] INFO  http.HttpServer2 (HttpServer2.java:addGlobalFilter(975)) - Added global filter 'safety' (class=org.apache.hadoop.http.HttpServer2$QuotingInputFilter)
2019-10-21 10:06:02,554 [main] INFO  http.HttpServer2 (HttpServer2.java:addFilter(948)) - Added filter static_user_filter (class=org.apache.hadoop.http.lib.StaticUserWebFilter$StaticUserFilter) to context hddsDatanode
2019-10-21 10:06:02,554 [main] INFO  http.HttpServer2 (HttpServer2.java:addFilter(958)) - Added filter static_user_filter (class=org.apache.hadoop.http.lib.StaticUserWebFilter$StaticUserFilter) to context static
2019-10-21 10:06:02,554 [main] INFO  http.HttpServer2 (HttpServer2.java:addFilter(958)) - Added filter static_user_filter (class=org.apache.hadoop.http.lib.StaticUserWebFilter$StaticUserFilter) to context logs
2019-10-21 10:06:02,555 [main] INFO  http.HttpServer2 (HttpServer2.java:bindListener(1191)) - Jetty bound to port 42770
2019-10-21 10:06:02,555 [main] INFO  server.Server (Server.java:doStart(351)) - jetty-9.3.25.v20180904, build timestamp: 2018-09-04T21:11:46Z, git hash: 3ce520221d0240229c862b122d2b06c12a625732
2019-10-21 10:06:02,557 [main] INFO  handler.ContextHandler (ContextHandler.java:doStart(781)) - Started o.e.j.s.ServletContextHandler@512abf25{/logs,file:///workdir/hadoop-ozone/integration-test/target/log,AVAILABLE}
2019-10-21 10:06:02,558 [main] INFO  handler.ContextHandler (ContextHandler.java:doStart(781)) - Started o.e.j.s.ServletContextHandler@6d0e45a5{/static,jar:file:/home/user/.m2/repository/org/apache/hadoop/hadoop-hdds-container-service/0.5.0-SNAPSHOT/hadoop-hdds-container-service-0.5.0-SNAPSHOT.jar!/webapps/static,AVAILABLE}
2019-10-21 10:06:02,593 [main] INFO  handler.ContextHandler (ContextHandler.java:doStart(781)) - Started o.e.j.w.WebAppContext@6a567f7b{/,file:///tmp/jetty-0.0.0.0-42770-hddsDatanode-_-any-3614598193517050079.dir/webapp/,AVAILABLE}{/hddsDatanode}
2019-10-21 10:06:02,593 [main] INFO  server.AbstractConnector (AbstractConnector.java:doStart(278)) - Started ServerConnector@28be7fec{HTTP/1.1,[http/1.1]}{0.0.0.0:42770}
2019-10-21 10:06:02,594 [main] INFO  server.Server (Server.java:doStart(419)) - Started @216666ms
2019-10-21 10:06:02,595 [main] WARN  impl.MetricsSystemImpl (MetricsSystemImpl.java:register(276)) - Sink prometheus already exists!
2019-10-21 10:06:02,596 [main] INFO  server.BaseHttpServer (BaseHttpServer.java:updateConnectorAddress(215)) - HTTP server of HDDSDATANODE is listening at http://0.0.0.0:42770
2019-10-21 10:06:02,596 [main] INFO  impl.MetricsSystemImpl (MetricsSystemImpl.java:init(158)) - HddsDatanode metrics system started (again)
2019-10-21 10:06:02,603 [org.apache.hadoop.util.JvmPauseMonitor$Monitor@2d1c8903] INFO  util.JvmPauseMonitor (JvmPauseMonitor.java:run(188)) - Starting JVM pause monitor
2019-10-21 10:06:02,604 [Datanode State Machine Thread - 0] INFO  datanode.InitDatanodeState (InitDatanodeState.java:persistContainerDatanodeDetails(140)) - DatanodeDetails is persisted to /workdir/hadoop-ozone/integration-test/target/test-dir/MiniOzoneClusterImpl-78a9b0a8-4992-4050-b351-33ca5d66f753/datanode-4/meta/datanode.id
2019-10-21 10:06:02,604 [main] INFO  ozone.HddsDatanodeService (HddsDatanodeService.java:start(184)) - HddsDatanodeService host:pr-hdds-2291-fkckm-1634098129 ip:192.168.34.51
2019-10-21 10:06:02,611 [main] INFO  volume.HddsVolume (HddsVolume.java:<init>(176)) - Creating Volume: /workdir/hadoop-ozone/integration-test/target/test-dir/MiniOzoneClusterImpl-78a9b0a8-4992-4050-b351-33ca5d66f753/datanode-5/data/containers/hdds of  storage type : DISK and capacity : 1482555576320
2019-10-21 10:06:02,611 [main] INFO  volume.VolumeSet (VolumeSet.java:initializeVolumeSet(170)) - Added Volume : /workdir/hadoop-ozone/integration-test/target/test-dir/MiniOzoneClusterImpl-78a9b0a8-4992-4050-b351-33ca5d66f753/datanode-5/data/containers/hdds to VolumeSet
2019-10-21 10:06:02,612 [main] INFO  volume.ThrottledAsyncChecker (ThrottledAsyncChecker.java:schedule(141)) - Scheduling a check for org.apache.hadoop.ozone.container.common.volume.HddsVolume@6c0b51da
2019-10-21 10:06:02,612 [main] INFO  volume.HddsVolumeChecker (HddsVolumeChecker.java:checkAllVolumes(204)) - Scheduled health check for volume org.apache.hadoop.ozone.container.common.volume.HddsVolume@6c0b51da
2019-10-21 10:06:02,630 [main] INFO  impl.RaftServerProxy (ConfUtils.java:logGet(43)) - raft.rpc.type = GRPC (default)
2019-10-21 10:06:02,630 [main] INFO  grpc.GrpcFactory (GrpcFactory.java:checkPooledByteBufAllocatorUseCacheForAllThreads(45)) - PERFORMANCE WARNING: useCacheForAllThreads is true that may cause Netty to create a lot garbage objects and, as a result, trigger GC.
	It is recommended to disable useCacheForAllThreads by setting -Dorg.apache.ratis.thirdparty.io.netty.allocator.useCacheForAllThreads=false in command line.
2019-10-21 10:06:02,630 [main] INFO  grpc.GrpcConfigKeys$Server (ConfUtils.java:logGet(43)) - raft.grpc.server.port = 0 (default)
2019-10-21 10:06:02,630 [main] INFO  server.GrpcService (ConfUtils.java:logGet(43)) - raft.grpc.message.size.max = 33570816 (custom)
2019-10-21 10:06:02,631 [main] INFO  server.RaftServerConfigKeys (ConfUtils.java:logGet(43)) - raft.server.log.appender.buffer.byte-limit = 33554432 (custom)
2019-10-21 10:06:02,631 [main] INFO  server.GrpcService (ConfUtils.java:logGet(43)) - raft.grpc.flow.control.window = 1MB (=1048576) (default)
2019-10-21 10:06:02,631 [main] INFO  server.RaftServerConfigKeys (ConfUtils.java:logGet(43)) - raft.server.rpc.request.timeout = 3000ms (default)
2019-10-21 10:06:02,631 [main] INFO  server.RaftServerConfigKeys (ConfUtils.java:logGet(43)) - raft.server.storage.dir = [/workdir/hadoop-ozone/integration-test/target/test-dir/MiniOzoneClusterImpl-78a9b0a8-4992-4050-b351-33ca5d66f753/datanode-5/data/ratis] (custom)
2019-10-21 10:06:02,633 [main] INFO  hdfs.DFSUtil (DFSUtil.java:httpServerTemplateForNNAndJN(1641)) - Starting Web-server for hddsDatanode at: http://0.0.0.0:0
2019-10-21 10:06:02,634 [main] INFO  server.AuthenticationFilter (AuthenticationFilter.java:constructSecretProvider(240)) - Unable to initialize FileSignerSecretProvider, falling back to use random secrets.
2019-10-21 10:06:02,635 [main] WARN  http.HttpRequestLog (HttpRequestLog.java:getRequestLog(97)) - Jetty request log can only be enabled using Log4j
2019-10-21 10:06:02,636 [main] INFO  http.HttpServer2 (HttpServer2.java:addGlobalFilter(975)) - Added global filter 'safety' (class=org.apache.hadoop.http.HttpServer2$QuotingInputFilter)
2019-10-21 10:06:02,637 [main] INFO  http.HttpServer2 (HttpServer2.java:addFilter(948)) - Added filter static_user_filter (class=org.apache.hadoop.http.lib.StaticUserWebFilter$StaticUserFilter) to context hddsDatanode
2019-10-21 10:06:02,637 [main] INFO  http.HttpServer2 (HttpServer2.java:addFilter(958)) - Added filter static_user_filter (class=org.apache.hadoop.http.lib.StaticUserWebFilter$StaticUserFilter) to context logs
2019-10-21 10:06:02,637 [main] INFO  http.HttpServer2 (HttpServer2.java:addFilter(958)) - Added filter static_user_filter (class=org.apache.hadoop.http.lib.StaticUserWebFilter$StaticUserFilter) to context static
2019-10-21 10:06:02,638 [main] INFO  http.HttpServer2 (HttpServer2.java:bindListener(1191)) - Jetty bound to port 37506
2019-10-21 10:06:02,638 [main] INFO  server.Server (Server.java:doStart(351)) - jetty-9.3.25.v20180904, build timestamp: 2018-09-04T21:11:46Z, git hash: 3ce520221d0240229c862b122d2b06c12a625732
2019-10-21 10:06:02,640 [main] INFO  handler.ContextHandler (ContextHandler.java:doStart(781)) - Started o.e.j.s.ServletContextHandler@2313db84{/logs,file:///workdir/hadoop-ozone/integration-test/target/log,AVAILABLE}
2019-10-21 10:06:02,640 [main] INFO  handler.ContextHandler (ContextHandler.java:doStart(781)) - Started o.e.j.s.ServletContextHandler@14b4340c{/static,jar:file:/home/user/.m2/repository/org/apache/hadoop/hadoop-hdds-container-service/0.5.0-SNAPSHOT/hadoop-hdds-container-service-0.5.0-SNAPSHOT.jar!/webapps/static,AVAILABLE}
2019-10-21 10:06:02,675 [main] INFO  handler.ContextHandler (ContextHandler.java:doStart(781)) - Started o.e.j.w.WebAppContext@723e3c17{/,file:///tmp/jetty-0.0.0.0-37506-hddsDatanode-_-any-7354110849372136814.dir/webapp/,AVAILABLE}{/hddsDatanode}
2019-10-21 10:06:02,676 [main] INFO  server.AbstractConnector (AbstractConnector.java:doStart(278)) - Started ServerConnector@4ffced4e{HTTP/1.1,[http/1.1]}{0.0.0.0:37506}
2019-10-21 10:06:02,677 [main] INFO  server.Server (Server.java:doStart(419)) - Started @216749ms
2019-10-21 10:06:02,677 [main] WARN  impl.MetricsSystemImpl (MetricsSystemImpl.java:register(276)) - Sink prometheus already exists!
2019-10-21 10:06:02,678 [main] INFO  server.BaseHttpServer (BaseHttpServer.java:updateConnectorAddress(215)) - HTTP server of HDDSDATANODE is listening at http://0.0.0.0:37506
2019-10-21 10:06:02,678 [main] INFO  impl.MetricsSystemImpl (MetricsSystemImpl.java:init(158)) - HddsDatanode metrics system started (again)
2019-10-21 10:06:02,684 [org.apache.hadoop.util.JvmPauseMonitor$Monitor@4870b6e5] INFO  util.JvmPauseMonitor (JvmPauseMonitor.java:run(188)) - Starting JVM pause monitor
2019-10-21 10:06:02,685 [main] INFO  ozone.HddsDatanodeService (HddsDatanodeService.java:start(184)) - HddsDatanodeService host:pr-hdds-2291-fkckm-1634098129 ip:192.168.34.51
2019-10-21 10:06:02,685 [Datanode State Machine Thread - 0] INFO  datanode.InitDatanodeState (InitDatanodeState.java:persistContainerDatanodeDetails(140)) - DatanodeDetails is persisted to /workdir/hadoop-ozone/integration-test/target/test-dir/MiniOzoneClusterImpl-78a9b0a8-4992-4050-b351-33ca5d66f753/datanode-5/meta/datanode.id
2019-10-21 10:06:02,692 [main] INFO  volume.HddsVolume (HddsVolume.java:<init>(176)) - Creating Volume: /workdir/hadoop-ozone/integration-test/target/test-dir/MiniOzoneClusterImpl-78a9b0a8-4992-4050-b351-33ca5d66f753/datanode-6/data/containers/hdds of  storage type : DISK and capacity : 1482555576320
2019-10-21 10:06:02,693 [main] INFO  volume.VolumeSet (VolumeSet.java:initializeVolumeSet(170)) - Added Volume : /workdir/hadoop-ozone/integration-test/target/test-dir/MiniOzoneClusterImpl-78a9b0a8-4992-4050-b351-33ca5d66f753/datanode-6/data/containers/hdds to VolumeSet
2019-10-21 10:06:02,693 [main] INFO  volume.ThrottledAsyncChecker (ThrottledAsyncChecker.java:schedule(141)) - Scheduling a check for org.apache.hadoop.ozone.container.common.volume.HddsVolume@6870cfac
2019-10-21 10:06:02,693 [main] INFO  volume.HddsVolumeChecker (HddsVolumeChecker.java:checkAllVolumes(204)) - Scheduled health check for volume org.apache.hadoop.ozone.container.common.volume.HddsVolume@6870cfac
2019-10-21 10:06:02,706 [main] INFO  impl.RaftServerProxy (ConfUtils.java:logGet(43)) - raft.rpc.type = GRPC (default)
2019-10-21 10:06:02,706 [main] INFO  grpc.GrpcFactory (GrpcFactory.java:checkPooledByteBufAllocatorUseCacheForAllThreads(45)) - PERFORMANCE WARNING: useCacheForAllThreads is true that may cause Netty to create a lot garbage objects and, as a result, trigger GC.
	It is recommended to disable useCacheForAllThreads by setting -Dorg.apache.ratis.thirdparty.io.netty.allocator.useCacheForAllThreads=false in command line.
2019-10-21 10:06:02,707 [main] INFO  grpc.GrpcConfigKeys$Server (ConfUtils.java:logGet(43)) - raft.grpc.server.port = 0 (default)
2019-10-21 10:06:02,707 [main] INFO  server.GrpcService (ConfUtils.java:logGet(43)) - raft.grpc.message.size.max = 33570816 (custom)
2019-10-21 10:06:02,707 [main] INFO  server.RaftServerConfigKeys (ConfUtils.java:logGet(43)) - raft.server.log.appender.buffer.byte-limit = 33554432 (custom)
2019-10-21 10:06:02,707 [main] INFO  server.GrpcService (ConfUtils.java:logGet(43)) - raft.grpc.flow.control.window = 1MB (=1048576) (default)
2019-10-21 10:06:02,707 [main] INFO  server.RaftServerConfigKeys (ConfUtils.java:logGet(43)) - raft.server.rpc.request.timeout = 3000ms (default)
2019-10-21 10:06:02,708 [main] INFO  server.RaftServerConfigKeys (ConfUtils.java:logGet(43)) - raft.server.storage.dir = [/workdir/hadoop-ozone/integration-test/target/test-dir/MiniOzoneClusterImpl-78a9b0a8-4992-4050-b351-33ca5d66f753/datanode-6/data/ratis] (custom)
2019-10-21 10:06:02,709 [main] INFO  hdfs.DFSUtil (DFSUtil.java:httpServerTemplateForNNAndJN(1641)) - Starting Web-server for hddsDatanode at: http://0.0.0.0:0
2019-10-21 10:06:02,710 [main] INFO  server.AuthenticationFilter (AuthenticationFilter.java:constructSecretProvider(240)) - Unable to initialize FileSignerSecretProvider, falling back to use random secrets.
2019-10-21 10:06:02,710 [main] WARN  http.HttpRequestLog (HttpRequestLog.java:getRequestLog(97)) - Jetty request log can only be enabled using Log4j
2019-10-21 10:06:02,712 [main] INFO  http.HttpServer2 (HttpServer2.java:addGlobalFilter(975)) - Added global filter 'safety' (class=org.apache.hadoop.http.HttpServer2$QuotingInputFilter)
2019-10-21 10:06:02,712 [main] INFO  http.HttpServer2 (HttpServer2.java:addFilter(948)) - Added filter static_user_filter (class=org.apache.hadoop.http.lib.StaticUserWebFilter$StaticUserFilter) to context hddsDatanode
2019-10-21 10:06:02,713 [main] INFO  http.HttpServer2 (HttpServer2.java:addFilter(958)) - Added filter static_user_filter (class=org.apache.hadoop.http.lib.StaticUserWebFilter$StaticUserFilter) to context logs
2019-10-21 10:06:02,713 [main] INFO  http.HttpServer2 (HttpServer2.java:addFilter(958)) - Added filter static_user_filter (class=org.apache.hadoop.http.lib.StaticUserWebFilter$StaticUserFilter) to context static
2019-10-21 10:06:02,713 [main] INFO  http.HttpServer2 (HttpServer2.java:bindListener(1191)) - Jetty bound to port 45907
2019-10-21 10:06:02,713 [main] INFO  server.Server (Server.java:doStart(351)) - jetty-9.3.25.v20180904, build timestamp: 2018-09-04T21:11:46Z, git hash: 3ce520221d0240229c862b122d2b06c12a625732
2019-10-21 10:06:02,715 [main] INFO  handler.ContextHandler (ContextHandler.java:doStart(781)) - Started o.e.j.s.ServletContextHandler@53314f76{/logs,file:///workdir/hadoop-ozone/integration-test/target/log,AVAILABLE}
2019-10-21 10:06:02,715 [main] INFO  handler.ContextHandler (ContextHandler.java:doStart(781)) - Started o.e.j.s.ServletContextHandler@70881123{/static,jar:file:/home/user/.m2/repository/org/apache/hadoop/hadoop-hdds-container-service/0.5.0-SNAPSHOT/hadoop-hdds-container-service-0.5.0-SNAPSHOT.jar!/webapps/static,AVAILABLE}
2019-10-21 10:06:02,743 [main] INFO  handler.ContextHandler (ContextHandler.java:doStart(781)) - Started o.e.j.w.WebAppContext@55877274{/,file:///tmp/jetty-0.0.0.0-45907-hddsDatanode-_-any-8867388828606188046.dir/webapp/,AVAILABLE}{/hddsDatanode}
2019-10-21 10:06:02,743 [main] INFO  server.AbstractConnector (AbstractConnector.java:doStart(278)) - Started ServerConnector@723e2d08{HTTP/1.1,[http/1.1]}{0.0.0.0:45907}
2019-10-21 10:06:02,745 [main] INFO  server.Server (Server.java:doStart(419)) - Started @216817ms
2019-10-21 10:06:02,745 [main] WARN  impl.MetricsSystemImpl (MetricsSystemImpl.java:register(276)) - Sink prometheus already exists!
2019-10-21 10:06:02,746 [main] INFO  server.BaseHttpServer (BaseHttpServer.java:updateConnectorAddress(215)) - HTTP server of HDDSDATANODE is listening at http://0.0.0.0:45907
2019-10-21 10:06:02,746 [main] INFO  ozone.MiniOzoneClusterImpl (MiniOzoneClusterImpl.java:lambda$waitForClusterToBeReady$0(147)) - Waiting for cluster to be ready. Got 0 of 7 DN Heartbeats.
2019-10-21 10:06:02,747 [org.apache.hadoop.util.JvmPauseMonitor$Monitor@48c3357] INFO  util.JvmPauseMonitor (JvmPauseMonitor.java:run(188)) - Starting JVM pause monitor
2019-10-21 10:06:02,748 [Datanode State Machine Thread - 0] INFO  datanode.InitDatanodeState (InitDatanodeState.java:persistContainerDatanodeDetails(140)) - DatanodeDetails is persisted to /workdir/hadoop-ozone/integration-test/target/test-dir/MiniOzoneClusterImpl-78a9b0a8-4992-4050-b351-33ca5d66f753/datanode-6/meta/datanode.id
2019-10-21 10:06:03,746 [main] INFO  ozone.MiniOzoneClusterImpl (MiniOzoneClusterImpl.java:lambda$waitForClusterToBeReady$0(147)) - Waiting for cluster to be ready. Got 0 of 7 DN Heartbeats.
2019-10-21 10:06:04,369 [Datanode State Machine Thread - 0] INFO  ozoneimpl.OzoneContainer (OzoneContainer.java:start(213)) - Attempting to start container services.
2019-10-21 10:06:04,370 [Datanode State Machine Thread - 0] INFO  ozoneimpl.OzoneContainer (OzoneContainer.java:startContainerScrub(177)) - Background container scanner has been disabled.
2019-10-21 10:06:04,370 [Datanode State Machine Thread - 0] INFO  ratis.XceiverServerRatis (XceiverServerRatis.java:start(418)) - Starting XceiverServerRatis d4d5d1c0-7c9d-47b2-b449-18f809a57908 at port 0
2019-10-21 10:06:04,375 [Datanode State Machine Thread - 0] INFO  impl.RaftServerProxy (RaftServerProxy.java:lambda$start$3(299)) - d4d5d1c0-7c9d-47b2-b449-18f809a57908: start RPC server
2019-10-21 10:06:04,376 [Datanode State Machine Thread - 0] INFO  server.GrpcService (GrpcService.java:startImpl(158)) - d4d5d1c0-7c9d-47b2-b449-18f809a57908: GrpcService started, listening on 0.0.0.0/0.0.0.0:34981
2019-10-21 10:06:04,376 [Datanode State Machine Thread - 0] INFO  ratis.XceiverServerRatis (XceiverServerRatis.java:start(428)) - XceiverServerRatis d4d5d1c0-7c9d-47b2-b449-18f809a57908 is started using port 34981
2019-10-21 10:06:04,381 [Datanode State Machine Thread - 0] INFO  server.XceiverServerGrpc (XceiverServerGrpc.java:start(149)) - XceiverServerGrpc d4d5d1c0-7c9d-47b2-b449-18f809a57908 is started using port 43444
2019-10-21 10:06:04,414 [Datanode State Machine Thread - 0] INFO  ozoneimpl.OzoneContainer (OzoneContainer.java:start(213)) - Attempting to start container services.
2019-10-21 10:06:04,414 [Datanode State Machine Thread - 0] INFO  ozoneimpl.OzoneContainer (OzoneContainer.java:startContainerScrub(177)) - Background container scanner has been disabled.
2019-10-21 10:06:04,414 [Datanode State Machine Thread - 0] INFO  ratis.XceiverServerRatis (XceiverServerRatis.java:start(418)) - Starting XceiverServerRatis 0853c819-70db-4736-b114-b23cf27fe670 at port 0
2019-10-21 10:06:04,418 [Datanode State Machine Thread - 0] INFO  impl.RaftServerProxy (RaftServerProxy.java:lambda$start$3(299)) - 0853c819-70db-4736-b114-b23cf27fe670: start RPC server
2019-10-21 10:06:04,420 [Datanode State Machine Thread - 0] INFO  server.GrpcService (GrpcService.java:startImpl(158)) - 0853c819-70db-4736-b114-b23cf27fe670: GrpcService started, listening on 0.0.0.0/0.0.0.0:34823
2019-10-21 10:06:04,420 [Datanode State Machine Thread - 0] INFO  ratis.XceiverServerRatis (XceiverServerRatis.java:start(428)) - XceiverServerRatis 0853c819-70db-4736-b114-b23cf27fe670 is started using port 34823
2019-10-21 10:06:04,421 [Datanode State Machine Thread - 0] INFO  server.XceiverServerGrpc (XceiverServerGrpc.java:start(149)) - XceiverServerGrpc 0853c819-70db-4736-b114-b23cf27fe670 is started using port 43068
2019-10-21 10:06:04,467 [Datanode State Machine Thread - 0] INFO  ozoneimpl.OzoneContainer (OzoneContainer.java:start(213)) - Attempting to start container services.
2019-10-21 10:06:04,468 [Datanode State Machine Thread - 0] INFO  ozoneimpl.OzoneContainer (OzoneContainer.java:startContainerScrub(177)) - Background container scanner has been disabled.
2019-10-21 10:06:04,468 [Datanode State Machine Thread - 0] INFO  ratis.XceiverServerRatis (XceiverServerRatis.java:start(418)) - Starting XceiverServerRatis 9904cb84-9087-433f-9360-491d3967bdd8 at port 0
2019-10-21 10:06:04,473 [Datanode State Machine Thread - 0] INFO  impl.RaftServerProxy (RaftServerProxy.java:lambda$start$3(299)) - 9904cb84-9087-433f-9360-491d3967bdd8: start RPC server
2019-10-21 10:06:04,475 [Datanode State Machine Thread - 0] INFO  server.GrpcService (GrpcService.java:startImpl(158)) - 9904cb84-9087-433f-9360-491d3967bdd8: GrpcService started, listening on 0.0.0.0/0.0.0.0:33730
2019-10-21 10:06:04,475 [Datanode State Machine Thread - 0] INFO  ratis.XceiverServerRatis (XceiverServerRatis.java:start(428)) - XceiverServerRatis 9904cb84-9087-433f-9360-491d3967bdd8 is started using port 33730
2019-10-21 10:06:04,477 [Datanode State Machine Thread - 0] INFO  server.XceiverServerGrpc (XceiverServerGrpc.java:start(149)) - XceiverServerGrpc 9904cb84-9087-433f-9360-491d3967bdd8 is started using port 41876
2019-10-21 10:06:04,531 [Datanode State Machine Thread - 0] INFO  ozoneimpl.OzoneContainer (OzoneContainer.java:start(213)) - Attempting to start container services.
2019-10-21 10:06:04,531 [Datanode State Machine Thread - 0] INFO  ozoneimpl.OzoneContainer (OzoneContainer.java:startContainerScrub(177)) - Background container scanner has been disabled.
2019-10-21 10:06:04,531 [Datanode State Machine Thread - 0] INFO  ratis.XceiverServerRatis (XceiverServerRatis.java:start(418)) - Starting XceiverServerRatis 5cda621a-e384-44e3-bbf4-0cfd1f993ec8 at port 0
2019-10-21 10:06:04,537 [Datanode State Machine Thread - 0] INFO  impl.RaftServerProxy (RaftServerProxy.java:lambda$start$3(299)) - 5cda621a-e384-44e3-bbf4-0cfd1f993ec8: start RPC server
2019-10-21 10:06:04,539 [Datanode State Machine Thread - 0] INFO  server.GrpcService (GrpcService.java:startImpl(158)) - 5cda621a-e384-44e3-bbf4-0cfd1f993ec8: GrpcService started, listening on 0.0.0.0/0.0.0.0:33873
2019-10-21 10:06:04,539 [Datanode State Machine Thread - 0] INFO  ratis.XceiverServerRatis (XceiverServerRatis.java:start(428)) - XceiverServerRatis 5cda621a-e384-44e3-bbf4-0cfd1f993ec8 is started using port 33873
2019-10-21 10:06:04,539 [Datanode State Machine Thread - 0] INFO  server.XceiverServerGrpc (XceiverServerGrpc.java:start(149)) - XceiverServerGrpc 5cda621a-e384-44e3-bbf4-0cfd1f993ec8 is started using port 39204
2019-10-21 10:06:04,617 [Datanode State Machine Thread - 0] INFO  ozoneimpl.OzoneContainer (OzoneContainer.java:start(213)) - Attempting to start container services.
2019-10-21 10:06:04,617 [Datanode State Machine Thread - 0] INFO  ozoneimpl.OzoneContainer (OzoneContainer.java:startContainerScrub(177)) - Background container scanner has been disabled.
2019-10-21 10:06:04,617 [Datanode State Machine Thread - 0] INFO  ratis.XceiverServerRatis (XceiverServerRatis.java:start(418)) - Starting XceiverServerRatis 6b09eafb-ccdb-4938-b473-66192c4ced18 at port 0
2019-10-21 10:06:04,623 [Datanode State Machine Thread - 0] INFO  impl.RaftServerProxy (RaftServerProxy.java:lambda$start$3(299)) - 6b09eafb-ccdb-4938-b473-66192c4ced18: start RPC server
2019-10-21 10:06:04,625 [Datanode State Machine Thread - 0] INFO  server.GrpcService (GrpcService.java:startImpl(158)) - 6b09eafb-ccdb-4938-b473-66192c4ced18: GrpcService started, listening on 0.0.0.0/0.0.0.0:38240
2019-10-21 10:06:04,625 [Datanode State Machine Thread - 0] INFO  ratis.XceiverServerRatis (XceiverServerRatis.java:start(428)) - XceiverServerRatis 6b09eafb-ccdb-4938-b473-66192c4ced18 is started using port 38240
2019-10-21 10:06:04,628 [Datanode State Machine Thread - 0] INFO  server.XceiverServerGrpc (XceiverServerGrpc.java:start(149)) - XceiverServerGrpc 6b09eafb-ccdb-4938-b473-66192c4ced18 is started using port 39006
2019-10-21 10:06:04,698 [Datanode State Machine Thread - 0] INFO  ozoneimpl.OzoneContainer (OzoneContainer.java:start(213)) - Attempting to start container services.
2019-10-21 10:06:04,699 [Datanode State Machine Thread - 0] INFO  ozoneimpl.OzoneContainer (OzoneContainer.java:startContainerScrub(177)) - Background container scanner has been disabled.
2019-10-21 10:06:04,699 [Datanode State Machine Thread - 0] INFO  ratis.XceiverServerRatis (XceiverServerRatis.java:start(418)) - Starting XceiverServerRatis 0e8af49c-2dd9-4585-a67e-e0a00ec611d2 at port 0
2019-10-21 10:06:04,707 [Datanode State Machine Thread - 0] INFO  impl.RaftServerProxy (RaftServerProxy.java:lambda$start$3(299)) - 0e8af49c-2dd9-4585-a67e-e0a00ec611d2: start RPC server
2019-10-21 10:06:04,708 [Datanode State Machine Thread - 0] INFO  server.GrpcService (GrpcService.java:startImpl(158)) - 0e8af49c-2dd9-4585-a67e-e0a00ec611d2: GrpcService started, listening on 0.0.0.0/0.0.0.0:39748
2019-10-21 10:06:04,708 [Datanode State Machine Thread - 0] INFO  ratis.XceiverServerRatis (XceiverServerRatis.java:start(428)) - XceiverServerRatis 0e8af49c-2dd9-4585-a67e-e0a00ec611d2 is started using port 39748
2019-10-21 10:06:04,708 [Datanode State Machine Thread - 0] INFO  server.XceiverServerGrpc (XceiverServerGrpc.java:start(149)) - XceiverServerGrpc 0e8af49c-2dd9-4585-a67e-e0a00ec611d2 is started using port 34586
2019-10-21 10:06:04,747 [main] INFO  ozone.MiniOzoneClusterImpl (MiniOzoneClusterImpl.java:lambda$waitForClusterToBeReady$0(147)) - Waiting for cluster to be ready. Got 0 of 7 DN Heartbeats.
2019-10-21 10:06:04,760 [Datanode State Machine Thread - 0] INFO  ozoneimpl.OzoneContainer (OzoneContainer.java:start(213)) - Attempting to start container services.
2019-10-21 10:06:04,760 [Datanode State Machine Thread - 0] INFO  ozoneimpl.OzoneContainer (OzoneContainer.java:startContainerScrub(177)) - Background container scanner has been disabled.
2019-10-21 10:06:04,761 [Datanode State Machine Thread - 0] INFO  ratis.XceiverServerRatis (XceiverServerRatis.java:start(418)) - Starting XceiverServerRatis d8a989bf-7fdb-4621-8359-a91928f2fbb5 at port 0
2019-10-21 10:06:04,770 [Datanode State Machine Thread - 0] INFO  impl.RaftServerProxy (RaftServerProxy.java:lambda$start$3(299)) - d8a989bf-7fdb-4621-8359-a91928f2fbb5: start RPC server
2019-10-21 10:06:04,770 [Datanode State Machine Thread - 0] INFO  server.GrpcService (GrpcService.java:startImpl(158)) - d8a989bf-7fdb-4621-8359-a91928f2fbb5: GrpcService started, listening on 0.0.0.0/0.0.0.0:46353
2019-10-21 10:06:04,770 [Datanode State Machine Thread - 0] INFO  ratis.XceiverServerRatis (XceiverServerRatis.java:start(428)) - XceiverServerRatis d8a989bf-7fdb-4621-8359-a91928f2fbb5 is started using port 46353
2019-10-21 10:06:04,771 [Datanode State Machine Thread - 0] INFO  server.XceiverServerGrpc (XceiverServerGrpc.java:start(149)) - XceiverServerGrpc d8a989bf-7fdb-4621-8359-a91928f2fbb5 is started using port 39323
2019-10-21 10:06:05,747 [main] INFO  ozone.MiniOzoneClusterImpl (MiniOzoneClusterImpl.java:lambda$waitForClusterToBeReady$0(147)) - Waiting for cluster to be ready. Got 0 of 7 DN Heartbeats.
2019-10-21 10:06:06,334 [IPC Server handler 2 on 41967] INFO  net.NetworkTopology (NetworkTopologyImpl.java:add(111)) - Added a new node: /default-rack/d4d5d1c0-7c9d-47b2-b449-18f809a57908
2019-10-21 10:06:06,337 [IPC Server handler 2 on 41967] INFO  node.SCMNodeManager (SCMNodeManager.java:register(268)) - Registered Data node : d4d5d1c0-7c9d-47b2-b449-18f809a57908{ip: 192.168.34.51, host: pr-hdds-2291-fkckm-1634098129, networkLocation: /default-rack, certSerialId: null}
2019-10-21 10:06:06,339 [EventQueue-NodeRegistrationContainerReportForDataNodeSafeModeRule] INFO  safemode.SCMSafeModeManager (DataNodeSafeModeRule.java:process(71)) - SCM in safe mode. 1 DataNodes registered, 1 required.
2019-10-21 10:06:06,341 [EventQueue-NodeRegistrationContainerReportForDataNodeSafeModeRule] INFO  safemode.SCMSafeModeManager (SCMSafeModeManager.java:validateSafeModeExitRules(177)) - ScmSafeModeManager, all rules are successfully validated
2019-10-21 10:06:06,341 [EventQueue-NodeRegistrationContainerReportForDataNodeSafeModeRule] INFO  safemode.SCMSafeModeManager (SCMSafeModeManager.java:exitSafeMode(193)) - SCM exiting safe mode.
2019-10-21 10:06:06,350 [grpc-default-executor-2] INFO  impl.RaftServerProxy (RaftServerProxy.java:addNew(89)) - d4d5d1c0-7c9d-47b2-b449-18f809a57908: addNew group-FF5C07F722A9:[d4d5d1c0-7c9d-47b2-b449-18f809a57908:192.168.34.51:34981] returns group-FF5C07F722A9:java.util.concurrent.CompletableFuture@243ab076[Not completed]
2019-10-21 10:06:06,356 [pool-383-thread-1] INFO  impl.RaftServerImpl (RaftServerImpl.java:<init>(95)) - d4d5d1c0-7c9d-47b2-b449-18f809a57908: new RaftServerImpl for group-FF5C07F722A9:[d4d5d1c0-7c9d-47b2-b449-18f809a57908:192.168.34.51:34981] with ContainerStateMachine:uninitialized
2019-10-21 10:06:06,356 [pool-383-thread-1] INFO  server.RaftServerConfigKeys (ConfUtils.java:logGet(43)) - raft.server.rpc.timeout.min = 5s (custom)
2019-10-21 10:06:06,356 [pool-383-thread-1] INFO  server.RaftServerConfigKeys (ConfUtils.java:logGet(43)) - raft.server.rpc.timeout.max = 5200ms (custom)
2019-10-21 10:06:06,357 [pool-383-thread-1] INFO  server.RaftServerConfigKeys (ConfUtils.java:logGet(43)) - raft.server.rpcslowness.timeout = 120s (custom)
2019-10-21 10:06:06,357 [pool-383-thread-1] INFO  server.RaftServerConfigKeys (ConfUtils.java:logGet(43)) - raft.server.sleep.deviation.threshold = 300 (default)
2019-10-21 10:06:06,357 [pool-383-thread-1] INFO  server.RaftServerConfigKeys (ConfUtils.java:logGet(43)) - raft.server.log.appender.install.snapshot.enabled = false (custom)
2019-10-21 10:06:06,357 [pool-383-thread-1] INFO  impl.RaftServerImpl (ServerState.java:<init>(103)) - d4d5d1c0-7c9d-47b2-b449-18f809a57908@group-FF5C07F722A9: ConfigurationManager, init=-1: [d4d5d1c0-7c9d-47b2-b449-18f809a57908:192.168.34.51:34981], old=null, confs=<EMPTY_MAP>
2019-10-21 10:06:06,357 [pool-383-thread-1] INFO  server.RaftServerConfigKeys (ConfUtils.java:logGet(43)) - raft.server.storage.dir = [/workdir/hadoop-ozone/integration-test/target/test-dir/MiniOzoneClusterImpl-78a9b0a8-4992-4050-b351-33ca5d66f753/datanode-0/data/ratis] (custom)
2019-10-21 10:06:06,358 [pool-383-thread-1] INFO  server.RaftServerConfigKeys (ConfUtils.java:logGet(43)) - raft.server.log.corruption.policy = EXCEPTION (default)
2019-10-21 10:06:06,358 [pool-383-thread-1] INFO  storage.RaftStorageDirectory (RaftStorageDirectory.java:analyzeStorage(246)) - The storage directory /workdir/hadoop-ozone/integration-test/target/test-dir/MiniOzoneClusterImpl-78a9b0a8-4992-4050-b351-33ca5d66f753/datanode-0/data/ratis/72941386-cf2b-4c8e-966b-ff5c07f722a9 does not exist. Creating ...
2019-10-21 10:06:06,384 [pool-383-thread-1] INFO  storage.RaftStorageDirectory (RaftStorageDirectory.java:tryLock(328)) - Lock on /workdir/hadoop-ozone/integration-test/target/test-dir/MiniOzoneClusterImpl-78a9b0a8-4992-4050-b351-33ca5d66f753/datanode-0/data/ratis/72941386-cf2b-4c8e-966b-ff5c07f722a9/in_use.lock acquired by nodename 3525@pr-hdds-2291-fkckm-1634098129
2019-10-21 10:06:06,397 [pool-383-thread-1] INFO  storage.RaftStorage (RaftStorage.java:format(84)) - Storage directory /workdir/hadoop-ozone/integration-test/target/test-dir/MiniOzoneClusterImpl-78a9b0a8-4992-4050-b351-33ca5d66f753/datanode-0/data/ratis/72941386-cf2b-4c8e-966b-ff5c07f722a9 has been successfully formatted.
2019-10-21 10:06:06,397 [pool-383-thread-1] INFO  ratis.ContainerStateMachine (ContainerStateMachine.java:loadSnapshot(231)) - group-FF5C07F722A9: The snapshot info is null. Setting the last applied indexto:(t:0, i:~)
2019-10-21 10:06:06,398 [pool-383-thread-1] INFO  server.RaftServerConfigKeys (ConfUtils.java:logGet(43)) - raft.server.notification.no-leader.timeout = 120s (custom)
2019-10-21 10:06:06,398 [pool-383-thread-1] INFO  server.RaftServerConfigKeys (ConfUtils.java:logGet(43)) - raft.server.log.use.memory = false (default)
2019-10-21 10:06:06,398 [pool-383-thread-1] INFO  server.RaftServerConfigKeys (ConfUtils.java:logGet(43)) - raft.server.log.purge.gap = 1000000 (custom)
2019-10-21 10:06:06,398 [pool-383-thread-1] INFO  server.RaftServerConfigKeys (ConfUtils.java:logGet(43)) - raft.server.log.appender.buffer.byte-limit = 33554432 (custom)
2019-10-21 10:06:06,398 [pool-383-thread-1] INFO  server.RaftServerConfigKeys (ConfUtils.java:logGet(43)) - raft.server.log.segment.size.max = 1048576 (custom)
2019-10-21 10:06:06,419 [IPC Server handler 3 on 41967] INFO  net.NetworkTopology (NetworkTopologyImpl.java:add(111)) - Added a new node: /default-rack/0853c819-70db-4736-b114-b23cf27fe670
2019-10-21 10:06:06,419 [IPC Server handler 3 on 41967] INFO  node.SCMNodeManager (SCMNodeManager.java:register(268)) - Registered Data node : 0853c819-70db-4736-b114-b23cf27fe670{ip: 192.168.34.51, host: pr-hdds-2291-fkckm-1634098129, networkLocation: /default-rack, certSerialId: null}
2019-10-21 10:06:06,420 [pool-383-thread-1] INFO  server.RaftServerConfigKeys (ConfUtils.java:logGet(43)) - raft.server.log.segment.cache.num.max = 2 (custom)
2019-10-21 10:06:06,420 [pool-383-thread-1] INFO  segmented.SegmentedRaftLogWorker (SegmentedRaftLogWorker.java:<init>(173)) - new d4d5d1c0-7c9d-47b2-b449-18f809a57908@group-FF5C07F722A9-SegmentedRaftLogWorker for RaftStorage:Storage Directory /workdir/hadoop-ozone/integration-test/target/test-dir/MiniOzoneClusterImpl-78a9b0a8-4992-4050-b351-33ca5d66f753/datanode-0/data/ratis/72941386-cf2b-4c8e-966b-ff5c07f722a9
2019-10-21 10:06:06,421 [pool-383-thread-1] INFO  server.RaftServerConfigKeys (ConfUtils.java:logGet(43)) - raft.server.log.queue.byte-limit = 2147483647 (custom)
2019-10-21 10:06:06,421 [pool-383-thread-1] INFO  server.RaftServerConfigKeys (ConfUtils.java:logGet(43)) - raft.server.log.queue.element-limit = 1024 (custom)
2019-10-21 10:06:06,421 [pool-383-thread-1] INFO  server.RaftServerConfigKeys (ConfUtils.java:logGet(43)) - raft.server.log.segment.size.max = 1048576 (custom)
2019-10-21 10:06:06,421 [pool-383-thread-1] INFO  server.RaftServerConfigKeys (ConfUtils.java:logGet(43)) - raft.server.log.preallocated.size = 16384 (custom)
2019-10-21 10:06:06,421 [pool-383-thread-1] INFO  server.RaftServerConfigKeys (ConfUtils.java:logGet(43)) - raft.server.log.write.buffer.size = 33554432 (custom)
2019-10-21 10:06:06,421 [pool-383-thread-1] INFO  server.RaftServerConfigKeys (ConfUtils.java:logGet(43)) - raft.server.log.force.sync.num = 128 (default)
2019-10-21 10:06:06,421 [pool-383-thread-1] INFO  server.RaftServerConfigKeys (ConfUtils.java:logGet(43)) - raft.server.log.statemachine.data.sync = true (default)
2019-10-21 10:06:06,422 [pool-383-thread-1] INFO  server.RaftServerConfigKeys (ConfUtils.java:logGet(43)) - raft.server.log.statemachine.data.sync.timeout = 10s (default)
2019-10-21 10:06:06,422 [pool-383-thread-1] INFO  server.RaftServerConfigKeys (ConfUtils.java:logGet(43)) - raft.server.log.statemachine.data.sync.timeout.retry = -1 (default)
2019-10-21 10:06:06,422 [pool-383-thread-1] INFO  server.RaftServerConfigKeys (ConfUtils.java:logGet(43)) - raft.server.log.statemachine.data.caching.enabled = true (custom)
2019-10-21 10:06:06,423 [pool-383-thread-1] INFO  segmented.SegmentedRaftLogWorker (SegmentedRaftLogWorker.java:lambda$new$0(128)) - d4d5d1c0-7c9d-47b2-b449-18f809a57908@group-FF5C07F722A9-SegmentedRaftLogWorker: flushIndex: setUnconditionally 0 -> -1
2019-10-21 10:06:06,423 [pool-383-thread-1] INFO  server.RaftServerConfigKeys (ConfUtils.java:logGet(43)) - raft.server.snapshot.auto.trigger.enabled = true (custom)
2019-10-21 10:06:06,423 [pool-383-thread-1] INFO  server.RaftServerConfigKeys (ConfUtils.java:logGet(43)) - raft.server.snapshot.auto.trigger.threshold = 10000 (custom)
2019-10-21 10:06:06,423 [pool-383-thread-1] INFO  server.RaftServerConfigKeys (ConfUtils.java:logGet(43)) - raft.server.snapshot.retention.file.num = 5 (custom)
2019-10-21 10:06:06,424 [pool-383-thread-1] INFO  server.RaftServerConfigKeys (ConfUtils.java:logGet(43)) - raft.server.retrycache.expirytime = 600000ms (custom)
2019-10-21 10:06:06,426 [pool-383-thread-1] INFO  impl.RaftServerImpl (RaftServerImpl.java:start(181)) - d4d5d1c0-7c9d-47b2-b449-18f809a57908@group-FF5C07F722A9: start as a follower, conf=-1: [d4d5d1c0-7c9d-47b2-b449-18f809a57908:192.168.34.51:34981], old=null
2019-10-21 10:06:06,426 [pool-383-thread-1] INFO  impl.RaftServerImpl (RaftServerImpl.java:setRole(170)) - d4d5d1c0-7c9d-47b2-b449-18f809a57908@group-FF5C07F722A9: changes role from      null to FOLLOWER at term 0 for startAsFollower
2019-10-21 10:06:06,426 [pool-383-thread-1] INFO  impl.RoleInfo (RoleInfo.java:updateAndGet(143)) - d4d5d1c0-7c9d-47b2-b449-18f809a57908: start FollowerState
2019-10-21 10:06:06,427 [pool-383-thread-1] INFO  util.JmxRegister (JmxRegister.java:tryRegister(44)) - Successfully registered JMX Bean with object name Ratis:service=RaftServer,group=group-FF5C07F722A9,id=d4d5d1c0-7c9d-47b2-b449-18f809a57908
2019-10-21 10:06:06,432 [RatisPipelineUtilsThread] INFO  pipeline.PipelineStateManager (PipelineStateManager.java:addPipeline(56)) - Created pipeline Pipeline[ Id: 72941386-cf2b-4c8e-966b-ff5c07f722a9, Nodes: d4d5d1c0-7c9d-47b2-b449-18f809a57908{ip: 192.168.34.51, host: pr-hdds-2291-fkckm-1634098129, networkLocation: /default-rack, certSerialId: null}, Type:RATIS, Factor:ONE, State:OPEN]
2019-10-21 10:06:06,439 [grpc-default-executor-2] INFO  impl.RaftServerProxy (RaftServerProxy.java:addNew(89)) - 0853c819-70db-4736-b114-b23cf27fe670: addNew group-63F51F7EE1A0:[0853c819-70db-4736-b114-b23cf27fe670:192.168.34.51:34823] returns group-63F51F7EE1A0:java.util.concurrent.CompletableFuture@6fc3e0d6[Not completed]
2019-10-21 10:06:06,440 [pool-393-thread-1] INFO  impl.RaftServerImpl (RaftServerImpl.java:<init>(95)) - 0853c819-70db-4736-b114-b23cf27fe670: new RaftServerImpl for group-63F51F7EE1A0:[0853c819-70db-4736-b114-b23cf27fe670:192.168.34.51:34823] with ContainerStateMachine:uninitialized
2019-10-21 10:06:06,441 [pool-393-thread-1] INFO  server.RaftServerConfigKeys (ConfUtils.java:logGet(43)) - raft.server.rpc.timeout.min = 5s (custom)
2019-10-21 10:06:06,441 [pool-393-thread-1] INFO  server.RaftServerConfigKeys (ConfUtils.java:logGet(43)) - raft.server.rpc.timeout.max = 5200ms (custom)
2019-10-21 10:06:06,441 [pool-393-thread-1] INFO  server.RaftServerConfigKeys (ConfUtils.java:logGet(43)) - raft.server.rpcslowness.timeout = 120s (custom)
2019-10-21 10:06:06,441 [pool-393-thread-1] INFO  server.RaftServerConfigKeys (ConfUtils.java:logGet(43)) - raft.server.sleep.deviation.threshold = 300 (default)
2019-10-21 10:06:06,441 [pool-393-thread-1] INFO  server.RaftServerConfigKeys (ConfUtils.java:logGet(43)) - raft.server.log.appender.install.snapshot.enabled = false (custom)
2019-10-21 10:06:06,441 [pool-393-thread-1] INFO  impl.RaftServerImpl (ServerState.java:<init>(103)) - 0853c819-70db-4736-b114-b23cf27fe670@group-63F51F7EE1A0: ConfigurationManager, init=-1: [0853c819-70db-4736-b114-b23cf27fe670:192.168.34.51:34823], old=null, confs=<EMPTY_MAP>
2019-10-21 10:06:06,441 [pool-393-thread-1] INFO  server.RaftServerConfigKeys (ConfUtils.java:logGet(43)) - raft.server.storage.dir = [/workdir/hadoop-ozone/integration-test/target/test-dir/MiniOzoneClusterImpl-78a9b0a8-4992-4050-b351-33ca5d66f753/datanode-1/data/ratis] (custom)
2019-10-21 10:06:06,442 [pool-393-thread-1] INFO  server.RaftServerConfigKeys (ConfUtils.java:logGet(43)) - raft.server.log.corruption.policy = EXCEPTION (default)
2019-10-21 10:06:06,442 [pool-393-thread-1] INFO  storage.RaftStorageDirectory (RaftStorageDirectory.java:analyzeStorage(246)) - The storage directory /workdir/hadoop-ozone/integration-test/target/test-dir/MiniOzoneClusterImpl-78a9b0a8-4992-4050-b351-33ca5d66f753/datanode-1/data/ratis/c1352ffd-fdbe-4459-8801-63f51f7ee1a0 does not exist. Creating ...
2019-10-21 10:06:06,454 [pool-393-thread-1] INFO  storage.RaftStorageDirectory (RaftStorageDirectory.java:tryLock(328)) - Lock on /workdir/hadoop-ozone/integration-test/target/test-dir/MiniOzoneClusterImpl-78a9b0a8-4992-4050-b351-33ca5d66f753/datanode-1/data/ratis/c1352ffd-fdbe-4459-8801-63f51f7ee1a0/in_use.lock acquired by nodename 3525@pr-hdds-2291-fkckm-1634098129
2019-10-21 10:06:06,456 [IPC Server handler 4 on 41967] INFO  net.NetworkTopology (NetworkTopologyImpl.java:add(111)) - Added a new node: /default-rack/9904cb84-9087-433f-9360-491d3967bdd8
2019-10-21 10:06:06,456 [IPC Server handler 4 on 41967] INFO  node.SCMNodeManager (SCMNodeManager.java:register(268)) - Registered Data node : 9904cb84-9087-433f-9360-491d3967bdd8{ip: 192.168.34.51, host: pr-hdds-2291-fkckm-1634098129, networkLocation: /default-rack, certSerialId: null}
2019-10-21 10:06:06,467 [pool-393-thread-1] INFO  storage.RaftStorage (RaftStorage.java:format(84)) - Storage directory /workdir/hadoop-ozone/integration-test/target/test-dir/MiniOzoneClusterImpl-78a9b0a8-4992-4050-b351-33ca5d66f753/datanode-1/data/ratis/c1352ffd-fdbe-4459-8801-63f51f7ee1a0 has been successfully formatted.
2019-10-21 10:06:06,467 [pool-393-thread-1] INFO  ratis.ContainerStateMachine (ContainerStateMachine.java:loadSnapshot(231)) - group-63F51F7EE1A0: The snapshot info is null. Setting the last applied indexto:(t:0, i:~)
2019-10-21 10:06:06,467 [pool-393-thread-1] INFO  server.RaftServerConfigKeys (ConfUtils.java:logGet(43)) - raft.server.notification.no-leader.timeout = 120s (custom)
2019-10-21 10:06:06,467 [pool-393-thread-1] INFO  server.RaftServerConfigKeys (ConfUtils.java:logGet(43)) - raft.server.log.use.memory = false (default)
2019-10-21 10:06:06,467 [pool-393-thread-1] INFO  server.RaftServerConfigKeys (ConfUtils.java:logGet(43)) - raft.server.log.purge.gap = 1000000 (custom)
2019-10-21 10:06:06,467 [pool-393-thread-1] INFO  server.RaftServerConfigKeys (ConfUtils.java:logGet(43)) - raft.server.log.appender.buffer.byte-limit = 33554432 (custom)
2019-10-21 10:06:06,467 [pool-393-thread-1] INFO  server.RaftServerConfigKeys (ConfUtils.java:logGet(43)) - raft.server.log.segment.size.max = 1048576 (custom)
2019-10-21 10:06:06,469 [pool-393-thread-1] INFO  server.RaftServerConfigKeys (ConfUtils.java:logGet(43)) - raft.server.log.segment.cache.num.max = 2 (custom)
2019-10-21 10:06:06,469 [pool-393-thread-1] INFO  segmented.SegmentedRaftLogWorker (SegmentedRaftLogWorker.java:<init>(173)) - new 0853c819-70db-4736-b114-b23cf27fe670@group-63F51F7EE1A0-SegmentedRaftLogWorker for RaftStorage:Storage Directory /workdir/hadoop-ozone/integration-test/target/test-dir/MiniOzoneClusterImpl-78a9b0a8-4992-4050-b351-33ca5d66f753/datanode-1/data/ratis/c1352ffd-fdbe-4459-8801-63f51f7ee1a0
2019-10-21 10:06:06,469 [pool-393-thread-1] INFO  server.RaftServerConfigKeys (ConfUtils.java:logGet(43)) - raft.server.log.queue.byte-limit = 2147483647 (custom)
2019-10-21 10:06:06,469 [pool-393-thread-1] INFO  server.RaftServerConfigKeys (ConfUtils.java:logGet(43)) - raft.server.log.queue.element-limit = 1024 (custom)
2019-10-21 10:06:06,469 [pool-393-thread-1] INFO  server.RaftServerConfigKeys (ConfUtils.java:logGet(43)) - raft.server.log.segment.size.max = 1048576 (custom)
2019-10-21 10:06:06,470 [pool-393-thread-1] INFO  server.RaftServerConfigKeys (ConfUtils.java:logGet(43)) - raft.server.log.preallocated.size = 16384 (custom)
2019-10-21 10:06:06,470 [pool-393-thread-1] INFO  server.RaftServerConfigKeys (ConfUtils.java:logGet(43)) - raft.server.log.write.buffer.size = 33554432 (custom)
2019-10-21 10:06:06,470 [pool-393-thread-1] INFO  server.RaftServerConfigKeys (ConfUtils.java:logGet(43)) - raft.server.log.force.sync.num = 128 (default)
2019-10-21 10:06:06,470 [pool-393-thread-1] INFO  server.RaftServerConfigKeys (ConfUtils.java:logGet(43)) - raft.server.log.statemachine.data.sync = true (default)
2019-10-21 10:06:06,470 [pool-393-thread-1] INFO  server.RaftServerConfigKeys (ConfUtils.java:logGet(43)) - raft.server.log.statemachine.data.sync.timeout = 10s (default)
2019-10-21 10:06:06,470 [pool-393-thread-1] INFO  server.RaftServerConfigKeys (ConfUtils.java:logGet(43)) - raft.server.log.statemachine.data.sync.timeout.retry = -1 (default)
2019-10-21 10:06:06,470 [pool-393-thread-1] INFO  server.RaftServerConfigKeys (ConfUtils.java:logGet(43)) - raft.server.log.statemachine.data.caching.enabled = true (custom)
2019-10-21 10:06:06,471 [pool-393-thread-1] INFO  segmented.SegmentedRaftLogWorker (SegmentedRaftLogWorker.java:lambda$new$0(128)) - 0853c819-70db-4736-b114-b23cf27fe670@group-63F51F7EE1A0-SegmentedRaftLogWorker: flushIndex: setUnconditionally 0 -> -1
2019-10-21 10:06:06,471 [pool-393-thread-1] INFO  server.RaftServerConfigKeys (ConfUtils.java:logGet(43)) - raft.server.snapshot.auto.trigger.enabled = true (custom)
2019-10-21 10:06:06,471 [pool-393-thread-1] INFO  server.RaftServerConfigKeys (ConfUtils.java:logGet(43)) - raft.server.snapshot.auto.trigger.threshold = 10000 (custom)
2019-10-21 10:06:06,471 [pool-393-thread-1] INFO  server.RaftServerConfigKeys (ConfUtils.java:logGet(43)) - raft.server.snapshot.retention.file.num = 5 (custom)
2019-10-21 10:06:06,471 [pool-393-thread-1] INFO  server.RaftServerConfigKeys (ConfUtils.java:logGet(43)) - raft.server.retrycache.expirytime = 600000ms (custom)
2019-10-21 10:06:06,472 [pool-393-thread-1] INFO  impl.RaftServerImpl (RaftServerImpl.java:start(181)) - 0853c819-70db-4736-b114-b23cf27fe670@group-63F51F7EE1A0: start as a follower, conf=-1: [0853c819-70db-4736-b114-b23cf27fe670:192.168.34.51:34823], old=null
2019-10-21 10:06:06,472 [pool-393-thread-1] INFO  impl.RaftServerImpl (RaftServerImpl.java:setRole(170)) - 0853c819-70db-4736-b114-b23cf27fe670@group-63F51F7EE1A0: changes role from      null to FOLLOWER at term 0 for startAsFollower
2019-10-21 10:06:06,473 [pool-393-thread-1] INFO  impl.RoleInfo (RoleInfo.java:updateAndGet(143)) - 0853c819-70db-4736-b114-b23cf27fe670: start FollowerState
2019-10-21 10:06:06,473 [pool-393-thread-1] INFO  util.JmxRegister (JmxRegister.java:tryRegister(44)) - Successfully registered JMX Bean with object name Ratis:service=RaftServer,group=group-63F51F7EE1A0,id=0853c819-70db-4736-b114-b23cf27fe670
2019-10-21 10:06:06,476 [RatisPipelineUtilsThread] INFO  pipeline.PipelineStateManager (PipelineStateManager.java:addPipeline(56)) - Created pipeline Pipeline[ Id: c1352ffd-fdbe-4459-8801-63f51f7ee1a0, Nodes: 0853c819-70db-4736-b114-b23cf27fe670{ip: 192.168.34.51, host: pr-hdds-2291-fkckm-1634098129, networkLocation: /default-rack, certSerialId: null}, Type:RATIS, Factor:ONE, State:OPEN]
2019-10-21 10:06:06,485 [grpc-default-executor-2] INFO  impl.RaftServerProxy (RaftServerProxy.java:addNew(89)) - 9904cb84-9087-433f-9360-491d3967bdd8: addNew group-A442C8DD36DC:[9904cb84-9087-433f-9360-491d3967bdd8:192.168.34.51:33730] returns group-A442C8DD36DC:java.util.concurrent.CompletableFuture@2d1b6736[Not completed]
2019-10-21 10:06:06,486 [pool-403-thread-1] INFO  impl.RaftServerImpl (RaftServerImpl.java:<init>(95)) - 9904cb84-9087-433f-9360-491d3967bdd8: new RaftServerImpl for group-A442C8DD36DC:[9904cb84-9087-433f-9360-491d3967bdd8:192.168.34.51:33730] with ContainerStateMachine:uninitialized
2019-10-21 10:06:06,486 [pool-403-thread-1] INFO  server.RaftServerConfigKeys (ConfUtils.java:logGet(43)) - raft.server.rpc.timeout.min = 5s (custom)
2019-10-21 10:06:06,486 [pool-403-thread-1] INFO  server.RaftServerConfigKeys (ConfUtils.java:logGet(43)) - raft.server.rpc.timeout.max = 5200ms (custom)
2019-10-21 10:06:06,486 [pool-403-thread-1] INFO  server.RaftServerConfigKeys (ConfUtils.java:logGet(43)) - raft.server.rpcslowness.timeout = 120s (custom)
2019-10-21 10:06:06,487 [pool-403-thread-1] INFO  server.RaftServerConfigKeys (ConfUtils.java:logGet(43)) - raft.server.sleep.deviation.threshold = 300 (default)
2019-10-21 10:06:06,487 [pool-403-thread-1] INFO  server.RaftServerConfigKeys (ConfUtils.java:logGet(43)) - raft.server.log.appender.install.snapshot.enabled = false (custom)
2019-10-21 10:06:06,487 [pool-403-thread-1] INFO  impl.RaftServerImpl (ServerState.java:<init>(103)) - 9904cb84-9087-433f-9360-491d3967bdd8@group-A442C8DD36DC: ConfigurationManager, init=-1: [9904cb84-9087-433f-9360-491d3967bdd8:192.168.34.51:33730], old=null, confs=<EMPTY_MAP>
2019-10-21 10:06:06,487 [pool-403-thread-1] INFO  server.RaftServerConfigKeys (ConfUtils.java:logGet(43)) - raft.server.storage.dir = [/workdir/hadoop-ozone/integration-test/target/test-dir/MiniOzoneClusterImpl-78a9b0a8-4992-4050-b351-33ca5d66f753/datanode-2/data/ratis] (custom)
2019-10-21 10:06:06,487 [pool-403-thread-1] INFO  server.RaftServerConfigKeys (ConfUtils.java:logGet(43)) - raft.server.log.corruption.policy = EXCEPTION (default)
2019-10-21 10:06:06,487 [pool-403-thread-1] INFO  storage.RaftStorageDirectory (RaftStorageDirectory.java:analyzeStorage(246)) - The storage directory /workdir/hadoop-ozone/integration-test/target/test-dir/MiniOzoneClusterImpl-78a9b0a8-4992-4050-b351-33ca5d66f753/datanode-2/data/ratis/fd4a5b40-ff25-4a92-8428-a442c8dd36dc does not exist. Creating ...
2019-10-21 10:06:06,500 [pool-403-thread-1] INFO  storage.RaftStorageDirectory (RaftStorageDirectory.java:tryLock(328)) - Lock on /workdir/hadoop-ozone/integration-test/target/test-dir/MiniOzoneClusterImpl-78a9b0a8-4992-4050-b351-33ca5d66f753/datanode-2/data/ratis/fd4a5b40-ff25-4a92-8428-a442c8dd36dc/in_use.lock acquired by nodename 3525@pr-hdds-2291-fkckm-1634098129
2019-10-21 10:06:06,513 [pool-403-thread-1] INFO  storage.RaftStorage (RaftStorage.java:format(84)) - Storage directory /workdir/hadoop-ozone/integration-test/target/test-dir/MiniOzoneClusterImpl-78a9b0a8-4992-4050-b351-33ca5d66f753/datanode-2/data/ratis/fd4a5b40-ff25-4a92-8428-a442c8dd36dc has been successfully formatted.
2019-10-21 10:06:06,513 [pool-403-thread-1] INFO  ratis.ContainerStateMachine (ContainerStateMachine.java:loadSnapshot(231)) - group-A442C8DD36DC: The snapshot info is null. Setting the last applied indexto:(t:0, i:~)
2019-10-21 10:06:06,513 [pool-403-thread-1] INFO  server.RaftServerConfigKeys (ConfUtils.java:logGet(43)) - raft.server.notification.no-leader.timeout = 120s (custom)
2019-10-21 10:06:06,513 [pool-403-thread-1] INFO  server.RaftServerConfigKeys (ConfUtils.java:logGet(43)) - raft.server.log.use.memory = false (default)
2019-10-21 10:06:06,513 [pool-403-thread-1] INFO  server.RaftServerConfigKeys (ConfUtils.java:logGet(43)) - raft.server.log.purge.gap = 1000000 (custom)
2019-10-21 10:06:06,513 [pool-403-thread-1] INFO  server.RaftServerConfigKeys (ConfUtils.java:logGet(43)) - raft.server.log.appender.buffer.byte-limit = 33554432 (custom)
2019-10-21 10:06:06,513 [pool-403-thread-1] INFO  server.RaftServerConfigKeys (ConfUtils.java:logGet(43)) - raft.server.log.segment.size.max = 1048576 (custom)
2019-10-21 10:06:06,514 [pool-403-thread-1] INFO  server.RaftServerConfigKeys (ConfUtils.java:logGet(43)) - raft.server.log.segment.cache.num.max = 2 (custom)
2019-10-21 10:06:06,515 [pool-403-thread-1] INFO  segmented.SegmentedRaftLogWorker (SegmentedRaftLogWorker.java:<init>(173)) - new 9904cb84-9087-433f-9360-491d3967bdd8@group-A442C8DD36DC-SegmentedRaftLogWorker for RaftStorage:Storage Directory /workdir/hadoop-ozone/integration-test/target/test-dir/MiniOzoneClusterImpl-78a9b0a8-4992-4050-b351-33ca5d66f753/datanode-2/data/ratis/fd4a5b40-ff25-4a92-8428-a442c8dd36dc
2019-10-21 10:06:06,515 [pool-403-thread-1] INFO  server.RaftServerConfigKeys (ConfUtils.java:logGet(43)) - raft.server.log.queue.byte-limit = 2147483647 (custom)
2019-10-21 10:06:06,515 [pool-403-thread-1] INFO  server.RaftServerConfigKeys (ConfUtils.java:logGet(43)) - raft.server.log.queue.element-limit = 1024 (custom)
2019-10-21 10:06:06,515 [pool-403-thread-1] INFO  server.RaftServerConfigKeys (ConfUtils.java:logGet(43)) - raft.server.log.segment.size.max = 1048576 (custom)
2019-10-21 10:06:06,515 [pool-403-thread-1] INFO  server.RaftServerConfigKeys (ConfUtils.java:logGet(43)) - raft.server.log.preallocated.size = 16384 (custom)
2019-10-21 10:06:06,515 [pool-403-thread-1] INFO  server.RaftServerConfigKeys (ConfUtils.java:logGet(43)) - raft.server.log.write.buffer.size = 33554432 (custom)
2019-10-21 10:06:06,515 [pool-403-thread-1] INFO  server.RaftServerConfigKeys (ConfUtils.java:logGet(43)) - raft.server.log.force.sync.num = 128 (default)
2019-10-21 10:06:06,515 [pool-403-thread-1] INFO  server.RaftServerConfigKeys (ConfUtils.java:logGet(43)) - raft.server.log.statemachine.data.sync = true (default)
2019-10-21 10:06:06,515 [pool-403-thread-1] INFO  server.RaftServerConfigKeys (ConfUtils.java:logGet(43)) - raft.server.log.statemachine.data.sync.timeout = 10s (default)
2019-10-21 10:06:06,515 [pool-403-thread-1] INFO  server.RaftServerConfigKeys (ConfUtils.java:logGet(43)) - raft.server.log.statemachine.data.sync.timeout.retry = -1 (default)
2019-10-21 10:06:06,516 [pool-403-thread-1] INFO  server.RaftServerConfigKeys (ConfUtils.java:logGet(43)) - raft.server.log.statemachine.data.caching.enabled = true (custom)
2019-10-21 10:06:06,516 [pool-403-thread-1] INFO  segmented.SegmentedRaftLogWorker (SegmentedRaftLogWorker.java:lambda$new$0(128)) - 9904cb84-9087-433f-9360-491d3967bdd8@group-A442C8DD36DC-SegmentedRaftLogWorker: flushIndex: setUnconditionally 0 -> -1
2019-10-21 10:06:06,516 [pool-403-thread-1] INFO  server.RaftServerConfigKeys (ConfUtils.java:logGet(43)) - raft.server.snapshot.auto.trigger.enabled = true (custom)
2019-10-21 10:06:06,516 [pool-403-thread-1] INFO  server.RaftServerConfigKeys (ConfUtils.java:logGet(43)) - raft.server.snapshot.auto.trigger.threshold = 10000 (custom)
2019-10-21 10:06:06,516 [pool-403-thread-1] INFO  server.RaftServerConfigKeys (ConfUtils.java:logGet(43)) - raft.server.snapshot.retention.file.num = 5 (custom)
2019-10-21 10:06:06,516 [pool-403-thread-1] INFO  server.RaftServerConfigKeys (ConfUtils.java:logGet(43)) - raft.server.retrycache.expirytime = 600000ms (custom)
2019-10-21 10:06:06,518 [pool-403-thread-1] INFO  impl.RaftServerImpl (RaftServerImpl.java:start(181)) - 9904cb84-9087-433f-9360-491d3967bdd8@group-A442C8DD36DC: start as a follower, conf=-1: [9904cb84-9087-433f-9360-491d3967bdd8:192.168.34.51:33730], old=null
2019-10-21 10:06:06,518 [pool-403-thread-1] INFO  impl.RaftServerImpl (RaftServerImpl.java:setRole(170)) - 9904cb84-9087-433f-9360-491d3967bdd8@group-A442C8DD36DC: changes role from      null to FOLLOWER at term 0 for startAsFollower
2019-10-21 10:06:06,518 [pool-403-thread-1] INFO  impl.RoleInfo (RoleInfo.java:updateAndGet(143)) - 9904cb84-9087-433f-9360-491d3967bdd8: start FollowerState
2019-10-21 10:06:06,518 [pool-403-thread-1] INFO  util.JmxRegister (JmxRegister.java:tryRegister(44)) - Successfully registered JMX Bean with object name Ratis:service=RaftServer,group=group-A442C8DD36DC,id=9904cb84-9087-433f-9360-491d3967bdd8
2019-10-21 10:06:06,519 [IPC Server handler 5 on 41967] INFO  net.NetworkTopology (NetworkTopologyImpl.java:add(111)) - Added a new node: /default-rack/5cda621a-e384-44e3-bbf4-0cfd1f993ec8
2019-10-21 10:06:06,519 [IPC Server handler 5 on 41967] INFO  node.SCMNodeManager (SCMNodeManager.java:register(268)) - Registered Data node : 5cda621a-e384-44e3-bbf4-0cfd1f993ec8{ip: 192.168.34.51, host: pr-hdds-2291-fkckm-1634098129, networkLocation: /default-rack, certSerialId: null}
2019-10-21 10:06:06,521 [RatisPipelineUtilsThread] INFO  pipeline.PipelineStateManager (PipelineStateManager.java:addPipeline(56)) - Created pipeline Pipeline[ Id: fd4a5b40-ff25-4a92-8428-a442c8dd36dc, Nodes: 9904cb84-9087-433f-9360-491d3967bdd8{ip: 192.168.34.51, host: pr-hdds-2291-fkckm-1634098129, networkLocation: /default-rack, certSerialId: null}, Type:RATIS, Factor:ONE, State:OPEN]
2019-10-21 10:06:06,527 [grpc-default-executor-2] INFO  impl.RaftServerProxy (RaftServerProxy.java:addNew(89)) - 5cda621a-e384-44e3-bbf4-0cfd1f993ec8: addNew group-BA19853CDB64:[5cda621a-e384-44e3-bbf4-0cfd1f993ec8:192.168.34.51:33873] returns group-BA19853CDB64:java.util.concurrent.CompletableFuture@4dfd8582[Not completed]
2019-10-21 10:06:06,528 [pool-413-thread-1] INFO  impl.RaftServerImpl (RaftServerImpl.java:<init>(95)) - 5cda621a-e384-44e3-bbf4-0cfd1f993ec8: new RaftServerImpl for group-BA19853CDB64:[5cda621a-e384-44e3-bbf4-0cfd1f993ec8:192.168.34.51:33873] with ContainerStateMachine:uninitialized
2019-10-21 10:06:06,528 [pool-413-thread-1] INFO  server.RaftServerConfigKeys (ConfUtils.java:logGet(43)) - raft.server.rpc.timeout.min = 5s (custom)
2019-10-21 10:06:06,528 [pool-413-thread-1] INFO  server.RaftServerConfigKeys (ConfUtils.java:logGet(43)) - raft.server.rpc.timeout.max = 5200ms (custom)
2019-10-21 10:06:06,528 [pool-413-thread-1] INFO  server.RaftServerConfigKeys (ConfUtils.java:logGet(43)) - raft.server.rpcslowness.timeout = 120s (custom)
2019-10-21 10:06:06,528 [pool-413-thread-1] INFO  server.RaftServerConfigKeys (ConfUtils.java:logGet(43)) - raft.server.sleep.deviation.threshold = 300 (default)
2019-10-21 10:06:06,528 [pool-413-thread-1] INFO  server.RaftServerConfigKeys (ConfUtils.java:logGet(43)) - raft.server.log.appender.install.snapshot.enabled = false (custom)
2019-10-21 10:06:06,528 [pool-413-thread-1] INFO  impl.RaftServerImpl (ServerState.java:<init>(103)) - 5cda621a-e384-44e3-bbf4-0cfd1f993ec8@group-BA19853CDB64: ConfigurationManager, init=-1: [5cda621a-e384-44e3-bbf4-0cfd1f993ec8:192.168.34.51:33873], old=null, confs=<EMPTY_MAP>
2019-10-21 10:06:06,528 [pool-413-thread-1] INFO  server.RaftServerConfigKeys (ConfUtils.java:logGet(43)) - raft.server.storage.dir = [/workdir/hadoop-ozone/integration-test/target/test-dir/MiniOzoneClusterImpl-78a9b0a8-4992-4050-b351-33ca5d66f753/datanode-3/data/ratis] (custom)
2019-10-21 10:06:06,529 [pool-413-thread-1] INFO  server.RaftServerConfigKeys (ConfUtils.java:logGet(43)) - raft.server.log.corruption.policy = EXCEPTION (default)
2019-10-21 10:06:06,529 [pool-413-thread-1] INFO  storage.RaftStorageDirectory (RaftStorageDirectory.java:analyzeStorage(246)) - The storage directory /workdir/hadoop-ozone/integration-test/target/test-dir/MiniOzoneClusterImpl-78a9b0a8-4992-4050-b351-33ca5d66f753/datanode-3/data/ratis/d4d2a351-c670-4fdc-a494-ba19853cdb64 does not exist. Creating ...
2019-10-21 10:06:06,541 [pool-413-thread-1] INFO  storage.RaftStorageDirectory (RaftStorageDirectory.java:tryLock(328)) - Lock on /workdir/hadoop-ozone/integration-test/target/test-dir/MiniOzoneClusterImpl-78a9b0a8-4992-4050-b351-33ca5d66f753/datanode-3/data/ratis/d4d2a351-c670-4fdc-a494-ba19853cdb64/in_use.lock acquired by nodename 3525@pr-hdds-2291-fkckm-1634098129
2019-10-21 10:06:06,553 [pool-413-thread-1] INFO  storage.RaftStorage (RaftStorage.java:format(84)) - Storage directory /workdir/hadoop-ozone/integration-test/target/test-dir/MiniOzoneClusterImpl-78a9b0a8-4992-4050-b351-33ca5d66f753/datanode-3/data/ratis/d4d2a351-c670-4fdc-a494-ba19853cdb64 has been successfully formatted.
2019-10-21 10:06:06,553 [pool-413-thread-1] INFO  ratis.ContainerStateMachine (ContainerStateMachine.java:loadSnapshot(231)) - group-BA19853CDB64: The snapshot info is null. Setting the last applied indexto:(t:0, i:~)
2019-10-21 10:06:06,553 [pool-413-thread-1] INFO  server.RaftServerConfigKeys (ConfUtils.java:logGet(43)) - raft.server.notification.no-leader.timeout = 120s (custom)
2019-10-21 10:06:06,553 [pool-413-thread-1] INFO  server.RaftServerConfigKeys (ConfUtils.java:logGet(43)) - raft.server.log.use.memory = false (default)
2019-10-21 10:06:06,553 [pool-413-thread-1] INFO  server.RaftServerConfigKeys (ConfUtils.java:logGet(43)) - raft.server.log.purge.gap = 1000000 (custom)
2019-10-21 10:06:06,553 [pool-413-thread-1] INFO  server.RaftServerConfigKeys (ConfUtils.java:logGet(43)) - raft.server.log.appender.buffer.byte-limit = 33554432 (custom)
2019-10-21 10:06:06,554 [pool-413-thread-1] INFO  server.RaftServerConfigKeys (ConfUtils.java:logGet(43)) - raft.server.log.segment.size.max = 1048576 (custom)
2019-10-21 10:06:06,554 [pool-413-thread-1] INFO  server.RaftServerConfigKeys (ConfUtils.java:logGet(43)) - raft.server.log.segment.cache.num.max = 2 (custom)
2019-10-21 10:06:06,555 [pool-413-thread-1] INFO  segmented.SegmentedRaftLogWorker (SegmentedRaftLogWorker.java:<init>(173)) - new 5cda621a-e384-44e3-bbf4-0cfd1f993ec8@group-BA19853CDB64-SegmentedRaftLogWorker for RaftStorage:Storage Directory /workdir/hadoop-ozone/integration-test/target/test-dir/MiniOzoneClusterImpl-78a9b0a8-4992-4050-b351-33ca5d66f753/datanode-3/data/ratis/d4d2a351-c670-4fdc-a494-ba19853cdb64
2019-10-21 10:06:06,555 [pool-413-thread-1] INFO  server.RaftServerConfigKeys (ConfUtils.java:logGet(43)) - raft.server.log.queue.byte-limit = 2147483647 (custom)
2019-10-21 10:06:06,555 [pool-413-thread-1] INFO  server.RaftServerConfigKeys (ConfUtils.java:logGet(43)) - raft.server.log.queue.element-limit = 1024 (custom)
2019-10-21 10:06:06,555 [pool-413-thread-1] INFO  server.RaftServerConfigKeys (ConfUtils.java:logGet(43)) - raft.server.log.segment.size.max = 1048576 (custom)
2019-10-21 10:06:06,555 [pool-413-thread-1] INFO  server.RaftServerConfigKeys (ConfUtils.java:logGet(43)) - raft.server.log.preallocated.size = 16384 (custom)
2019-10-21 10:06:06,555 [pool-413-thread-1] INFO  server.RaftServerConfigKeys (ConfUtils.java:logGet(43)) - raft.server.log.write.buffer.size = 33554432 (custom)
2019-10-21 10:06:06,555 [pool-413-thread-1] INFO  server.RaftServerConfigKeys (ConfUtils.java:logGet(43)) - raft.server.log.force.sync.num = 128 (default)
2019-10-21 10:06:06,555 [pool-413-thread-1] INFO  server.RaftServerConfigKeys (ConfUtils.java:logGet(43)) - raft.server.log.statemachine.data.sync = true (default)
2019-10-21 10:06:06,555 [pool-413-thread-1] INFO  server.RaftServerConfigKeys (ConfUtils.java:logGet(43)) - raft.server.log.statemachine.data.sync.timeout = 10s (default)
2019-10-21 10:06:06,555 [pool-413-thread-1] INFO  server.RaftServerConfigKeys (ConfUtils.java:logGet(43)) - raft.server.log.statemachine.data.sync.timeout.retry = -1 (default)
2019-10-21 10:06:06,556 [pool-413-thread-1] INFO  server.RaftServerConfigKeys (ConfUtils.java:logGet(43)) - raft.server.log.statemachine.data.caching.enabled = true (custom)
2019-10-21 10:06:06,556 [pool-413-thread-1] INFO  segmented.SegmentedRaftLogWorker (SegmentedRaftLogWorker.java:lambda$new$0(128)) - 5cda621a-e384-44e3-bbf4-0cfd1f993ec8@group-BA19853CDB64-SegmentedRaftLogWorker: flushIndex: setUnconditionally 0 -> -1
2019-10-21 10:06:06,556 [pool-413-thread-1] INFO  server.RaftServerConfigKeys (ConfUtils.java:logGet(43)) - raft.server.snapshot.auto.trigger.enabled = true (custom)
2019-10-21 10:06:06,556 [pool-413-thread-1] INFO  server.RaftServerConfigKeys (ConfUtils.java:logGet(43)) - raft.server.snapshot.auto.trigger.threshold = 10000 (custom)
2019-10-21 10:06:06,556 [pool-413-thread-1] INFO  server.RaftServerConfigKeys (ConfUtils.java:logGet(43)) - raft.server.snapshot.retention.file.num = 5 (custom)
2019-10-21 10:06:06,556 [pool-413-thread-1] INFO  server.RaftServerConfigKeys (ConfUtils.java:logGet(43)) - raft.server.retrycache.expirytime = 600000ms (custom)
2019-10-21 10:06:06,557 [pool-413-thread-1] INFO  impl.RaftServerImpl (RaftServerImpl.java:start(181)) - 5cda621a-e384-44e3-bbf4-0cfd1f993ec8@group-BA19853CDB64: start as a follower, conf=-1: [5cda621a-e384-44e3-bbf4-0cfd1f993ec8:192.168.34.51:33873], old=null
2019-10-21 10:06:06,557 [pool-413-thread-1] INFO  impl.RaftServerImpl (RaftServerImpl.java:setRole(170)) - 5cda621a-e384-44e3-bbf4-0cfd1f993ec8@group-BA19853CDB64: changes role from      null to FOLLOWER at term 0 for startAsFollower
2019-10-21 10:06:06,557 [pool-413-thread-1] INFO  impl.RoleInfo (RoleInfo.java:updateAndGet(143)) - 5cda621a-e384-44e3-bbf4-0cfd1f993ec8: start FollowerState
2019-10-21 10:06:06,558 [pool-413-thread-1] INFO  util.JmxRegister (JmxRegister.java:tryRegister(44)) - Successfully registered JMX Bean with object name Ratis:service=RaftServer,group=group-BA19853CDB64,id=5cda621a-e384-44e3-bbf4-0cfd1f993ec8
2019-10-21 10:06:06,560 [RatisPipelineUtilsThread] INFO  pipeline.PipelineStateManager (PipelineStateManager.java:addPipeline(56)) - Created pipeline Pipeline[ Id: d4d2a351-c670-4fdc-a494-ba19853cdb64, Nodes: 5cda621a-e384-44e3-bbf4-0cfd1f993ec8{ip: 192.168.34.51, host: pr-hdds-2291-fkckm-1634098129, networkLocation: /default-rack, certSerialId: null}, Type:RATIS, Factor:ONE, State:OPEN]
2019-10-21 10:06:06,579 [grpc-default-executor-0] INFO  impl.RaftServerProxy (RaftServerProxy.java:addNew(89)) - d4d5d1c0-7c9d-47b2-b449-18f809a57908: addNew group-15B546245171:[d4d5d1c0-7c9d-47b2-b449-18f809a57908:192.168.34.51:34981, 0853c819-70db-4736-b114-b23cf27fe670:192.168.34.51:34823, 9904cb84-9087-433f-9360-491d3967bdd8:192.168.34.51:33730] returns group-15B546245171:java.util.concurrent.CompletableFuture@754514d6[Not completed]
2019-10-21 10:06:06,579 [grpc-default-executor-2] INFO  impl.RaftServerProxy (RaftServerProxy.java:addNew(89)) - 0853c819-70db-4736-b114-b23cf27fe670: addNew group-15B546245171:[d4d5d1c0-7c9d-47b2-b449-18f809a57908:192.168.34.51:34981, 0853c819-70db-4736-b114-b23cf27fe670:192.168.34.51:34823, 9904cb84-9087-433f-9360-491d3967bdd8:192.168.34.51:33730] returns group-15B546245171:java.util.concurrent.CompletableFuture@111517c5[Not completed]
2019-10-21 10:06:06,580 [grpc-default-executor-0] INFO  impl.RaftServerProxy (RaftServerProxy.java:addNew(89)) - 9904cb84-9087-433f-9360-491d3967bdd8: addNew group-15B546245171:[d4d5d1c0-7c9d-47b2-b449-18f809a57908:192.168.34.51:34981, 0853c819-70db-4736-b114-b23cf27fe670:192.168.34.51:34823, 9904cb84-9087-433f-9360-491d3967bdd8:192.168.34.51:33730] returns group-15B546245171:java.util.concurrent.CompletableFuture@39278143[Not completed]
2019-10-21 10:06:06,580 [pool-383-thread-1] INFO  impl.RaftServerImpl (RaftServerImpl.java:<init>(95)) - d4d5d1c0-7c9d-47b2-b449-18f809a57908: new RaftServerImpl for group-15B546245171:[d4d5d1c0-7c9d-47b2-b449-18f809a57908:192.168.34.51:34981, 0853c819-70db-4736-b114-b23cf27fe670:192.168.34.51:34823, 9904cb84-9087-433f-9360-491d3967bdd8:192.168.34.51:33730] with ContainerStateMachine:uninitialized
2019-10-21 10:06:06,580 [pool-383-thread-1] INFO  server.RaftServerConfigKeys (ConfUtils.java:logGet(43)) - raft.server.rpc.timeout.min = 5s (custom)
2019-10-21 10:06:06,580 [pool-383-thread-1] INFO  server.RaftServerConfigKeys (ConfUtils.java:logGet(43)) - raft.server.rpc.timeout.max = 5200ms (custom)
2019-10-21 10:06:06,581 [pool-383-thread-1] INFO  server.RaftServerConfigKeys (ConfUtils.java:logGet(43)) - raft.server.rpcslowness.timeout = 120s (custom)
2019-10-21 10:06:06,581 [pool-383-thread-1] INFO  server.RaftServerConfigKeys (ConfUtils.java:logGet(43)) - raft.server.sleep.deviation.threshold = 300 (default)
2019-10-21 10:06:06,581 [pool-383-thread-1] INFO  server.RaftServerConfigKeys (ConfUtils.java:logGet(43)) - raft.server.log.appender.install.snapshot.enabled = false (custom)
2019-10-21 10:06:06,581 [pool-393-thread-1] INFO  impl.RaftServerImpl (RaftServerImpl.java:<init>(95)) - 0853c819-70db-4736-b114-b23cf27fe670: new RaftServerImpl for group-15B546245171:[d4d5d1c0-7c9d-47b2-b449-18f809a57908:192.168.34.51:34981, 0853c819-70db-4736-b114-b23cf27fe670:192.168.34.51:34823, 9904cb84-9087-433f-9360-491d3967bdd8:192.168.34.51:33730] with ContainerStateMachine:uninitialized
2019-10-21 10:06:06,581 [pool-383-thread-1] INFO  impl.RaftServerImpl (ServerState.java:<init>(103)) - d4d5d1c0-7c9d-47b2-b449-18f809a57908@group-15B546245171: ConfigurationManager, init=-1: [d4d5d1c0-7c9d-47b2-b449-18f809a57908:192.168.34.51:34981, 0853c819-70db-4736-b114-b23cf27fe670:192.168.34.51:34823, 9904cb84-9087-433f-9360-491d3967bdd8:192.168.34.51:33730], old=null, confs=<EMPTY_MAP>
2019-10-21 10:06:06,581 [pool-393-thread-1] INFO  server.RaftServerConfigKeys (ConfUtils.java:logGet(43)) - raft.server.rpc.timeout.min = 5s (custom)
2019-10-21 10:06:06,581 [pool-383-thread-1] INFO  server.RaftServerConfigKeys (ConfUtils.java:logGet(43)) - raft.server.storage.dir = [/workdir/hadoop-ozone/integration-test/target/test-dir/MiniOzoneClusterImpl-78a9b0a8-4992-4050-b351-33ca5d66f753/datanode-0/data/ratis] (custom)
2019-10-21 10:06:06,581 [pool-393-thread-1] INFO  server.RaftServerConfigKeys (ConfUtils.java:logGet(43)) - raft.server.rpc.timeout.max = 5200ms (custom)
2019-10-21 10:06:06,581 [pool-403-thread-1] INFO  impl.RaftServerImpl (RaftServerImpl.java:<init>(95)) - 9904cb84-9087-433f-9360-491d3967bdd8: new RaftServerImpl for group-15B546245171:[d4d5d1c0-7c9d-47b2-b449-18f809a57908:192.168.34.51:34981, 0853c819-70db-4736-b114-b23cf27fe670:192.168.34.51:34823, 9904cb84-9087-433f-9360-491d3967bdd8:192.168.34.51:33730] with ContainerStateMachine:uninitialized
2019-10-21 10:06:06,581 [pool-383-thread-1] INFO  server.RaftServerConfigKeys (ConfUtils.java:logGet(43)) - raft.server.log.corruption.policy = EXCEPTION (default)
2019-10-21 10:06:06,581 [pool-393-thread-1] INFO  server.RaftServerConfigKeys (ConfUtils.java:logGet(43)) - raft.server.rpcslowness.timeout = 120s (custom)
2019-10-21 10:06:06,581 [pool-403-thread-1] INFO  server.RaftServerConfigKeys (ConfUtils.java:logGet(43)) - raft.server.rpc.timeout.min = 5s (custom)
2019-10-21 10:06:06,582 [pool-383-thread-1] INFO  storage.RaftStorageDirectory (RaftStorageDirectory.java:analyzeStorage(246)) - The storage directory /workdir/hadoop-ozone/integration-test/target/test-dir/MiniOzoneClusterImpl-78a9b0a8-4992-4050-b351-33ca5d66f753/datanode-0/data/ratis/204caffc-bb1e-409e-875f-15b546245171 does not exist. Creating ...
2019-10-21 10:06:06,582 [pool-393-thread-1] INFO  server.RaftServerConfigKeys (ConfUtils.java:logGet(43)) - raft.server.sleep.deviation.threshold = 300 (default)
2019-10-21 10:06:06,582 [pool-403-thread-1] INFO  server.RaftServerConfigKeys (ConfUtils.java:logGet(43)) - raft.server.rpc.timeout.max = 5200ms (custom)
2019-10-21 10:06:06,582 [pool-393-thread-1] INFO  server.RaftServerConfigKeys (ConfUtils.java:logGet(43)) - raft.server.log.appender.install.snapshot.enabled = false (custom)
2019-10-21 10:06:06,582 [pool-403-thread-1] INFO  server.RaftServerConfigKeys (ConfUtils.java:logGet(43)) - raft.server.rpcslowness.timeout = 120s (custom)
2019-10-21 10:06:06,582 [pool-393-thread-1] INFO  impl.RaftServerImpl (ServerState.java:<init>(103)) - 0853c819-70db-4736-b114-b23cf27fe670@group-15B546245171: ConfigurationManager, init=-1: [d4d5d1c0-7c9d-47b2-b449-18f809a57908:192.168.34.51:34981, 0853c819-70db-4736-b114-b23cf27fe670:192.168.34.51:34823, 9904cb84-9087-433f-9360-491d3967bdd8:192.168.34.51:33730], old=null, confs=<EMPTY_MAP>
2019-10-21 10:06:06,582 [pool-403-thread-1] INFO  server.RaftServerConfigKeys (ConfUtils.java:logGet(43)) - raft.server.sleep.deviation.threshold = 300 (default)
2019-10-21 10:06:06,582 [pool-393-thread-1] INFO  server.RaftServerConfigKeys (ConfUtils.java:logGet(43)) - raft.server.storage.dir = [/workdir/hadoop-ozone/integration-test/target/test-dir/MiniOzoneClusterImpl-78a9b0a8-4992-4050-b351-33ca5d66f753/datanode-1/data/ratis] (custom)
2019-10-21 10:06:06,582 [pool-403-thread-1] INFO  server.RaftServerConfigKeys (ConfUtils.java:logGet(43)) - raft.server.log.appender.install.snapshot.enabled = false (custom)
2019-10-21 10:06:06,582 [pool-403-thread-1] INFO  impl.RaftServerImpl (ServerState.java:<init>(103)) - 9904cb84-9087-433f-9360-491d3967bdd8@group-15B546245171: ConfigurationManager, init=-1: [d4d5d1c0-7c9d-47b2-b449-18f809a57908:192.168.34.51:34981, 0853c819-70db-4736-b114-b23cf27fe670:192.168.34.51:34823, 9904cb84-9087-433f-9360-491d3967bdd8:192.168.34.51:33730], old=null, confs=<EMPTY_MAP>
2019-10-21 10:06:06,583 [pool-393-thread-1] INFO  server.RaftServerConfigKeys (ConfUtils.java:logGet(43)) - raft.server.log.corruption.policy = EXCEPTION (default)
2019-10-21 10:06:06,583 [pool-403-thread-1] INFO  server.RaftServerConfigKeys (ConfUtils.java:logGet(43)) - raft.server.storage.dir = [/workdir/hadoop-ozone/integration-test/target/test-dir/MiniOzoneClusterImpl-78a9b0a8-4992-4050-b351-33ca5d66f753/datanode-2/data/ratis] (custom)
2019-10-21 10:06:06,583 [pool-393-thread-1] INFO  storage.RaftStorageDirectory (RaftStorageDirectory.java:analyzeStorage(246)) - The storage directory /workdir/hadoop-ozone/integration-test/target/test-dir/MiniOzoneClusterImpl-78a9b0a8-4992-4050-b351-33ca5d66f753/datanode-1/data/ratis/204caffc-bb1e-409e-875f-15b546245171 does not exist. Creating ...
2019-10-21 10:06:06,583 [pool-403-thread-1] INFO  server.RaftServerConfigKeys (ConfUtils.java:logGet(43)) - raft.server.log.corruption.policy = EXCEPTION (default)
2019-10-21 10:06:06,583 [pool-403-thread-1] INFO  storage.RaftStorageDirectory (RaftStorageDirectory.java:analyzeStorage(246)) - The storage directory /workdir/hadoop-ozone/integration-test/target/test-dir/MiniOzoneClusterImpl-78a9b0a8-4992-4050-b351-33ca5d66f753/datanode-2/data/ratis/204caffc-bb1e-409e-875f-15b546245171 does not exist. Creating ...
2019-10-21 10:06:06,595 [pool-393-thread-1] INFO  storage.RaftStorageDirectory (RaftStorageDirectory.java:tryLock(328)) - Lock on /workdir/hadoop-ozone/integration-test/target/test-dir/MiniOzoneClusterImpl-78a9b0a8-4992-4050-b351-33ca5d66f753/datanode-1/data/ratis/204caffc-bb1e-409e-875f-15b546245171/in_use.lock acquired by nodename 3525@pr-hdds-2291-fkckm-1634098129
2019-10-21 10:06:06,595 [pool-383-thread-1] INFO  storage.RaftStorageDirectory (RaftStorageDirectory.java:tryLock(328)) - Lock on /workdir/hadoop-ozone/integration-test/target/test-dir/MiniOzoneClusterImpl-78a9b0a8-4992-4050-b351-33ca5d66f753/datanode-0/data/ratis/204caffc-bb1e-409e-875f-15b546245171/in_use.lock acquired by nodename 3525@pr-hdds-2291-fkckm-1634098129
2019-10-21 10:06:06,595 [pool-403-thread-1] INFO  storage.RaftStorageDirectory (RaftStorageDirectory.java:tryLock(328)) - Lock on /workdir/hadoop-ozone/integration-test/target/test-dir/MiniOzoneClusterImpl-78a9b0a8-4992-4050-b351-33ca5d66f753/datanode-2/data/ratis/204caffc-bb1e-409e-875f-15b546245171/in_use.lock acquired by nodename 3525@pr-hdds-2291-fkckm-1634098129
2019-10-21 10:06:06,604 [IPC Server handler 6 on 41967] INFO  net.NetworkTopology (NetworkTopologyImpl.java:add(111)) - Added a new node: /default-rack/6b09eafb-ccdb-4938-b473-66192c4ced18
2019-10-21 10:06:06,604 [IPC Server handler 6 on 41967] INFO  node.SCMNodeManager (SCMNodeManager.java:register(268)) - Registered Data node : 6b09eafb-ccdb-4938-b473-66192c4ced18{ip: 192.168.34.51, host: pr-hdds-2291-fkckm-1634098129, networkLocation: /default-rack, certSerialId: null}
2019-10-21 10:06:06,607 [pool-383-thread-1] INFO  storage.RaftStorage (RaftStorage.java:format(84)) - Storage directory /workdir/hadoop-ozone/integration-test/target/test-dir/MiniOzoneClusterImpl-78a9b0a8-4992-4050-b351-33ca5d66f753/datanode-0/data/ratis/204caffc-bb1e-409e-875f-15b546245171 has been successfully formatted.
2019-10-21 10:06:06,607 [pool-393-thread-1] INFO  storage.RaftStorage (RaftStorage.java:format(84)) - Storage directory /workdir/hadoop-ozone/integration-test/target/test-dir/MiniOzoneClusterImpl-78a9b0a8-4992-4050-b351-33ca5d66f753/datanode-1/data/ratis/204caffc-bb1e-409e-875f-15b546245171 has been successfully formatted.
2019-10-21 10:06:06,607 [pool-403-thread-1] INFO  storage.RaftStorage (RaftStorage.java:format(84)) - Storage directory /workdir/hadoop-ozone/integration-test/target/test-dir/MiniOzoneClusterImpl-78a9b0a8-4992-4050-b351-33ca5d66f753/datanode-2/data/ratis/204caffc-bb1e-409e-875f-15b546245171 has been successfully formatted.
2019-10-21 10:06:06,607 [pool-393-thread-1] INFO  ratis.ContainerStateMachine (ContainerStateMachine.java:loadSnapshot(231)) - group-15B546245171: The snapshot info is null. Setting the last applied indexto:(t:0, i:~)
2019-10-21 10:06:06,607 [pool-383-thread-1] INFO  ratis.ContainerStateMachine (ContainerStateMachine.java:loadSnapshot(231)) - group-15B546245171: The snapshot info is null. Setting the last applied indexto:(t:0, i:~)
2019-10-21 10:06:06,607 [pool-393-thread-1] INFO  server.RaftServerConfigKeys (ConfUtils.java:logGet(43)) - raft.server.notification.no-leader.timeout = 120s (custom)
2019-10-21 10:06:06,607 [pool-403-thread-1] INFO  ratis.ContainerStateMachine (ContainerStateMachine.java:loadSnapshot(231)) - group-15B546245171: The snapshot info is null. Setting the last applied indexto:(t:0, i:~)
2019-10-21 10:06:06,608 [pool-393-thread-1] INFO  server.RaftServerConfigKeys (ConfUtils.java:logGet(43)) - raft.server.log.use.memory = false (default)
2019-10-21 10:06:06,608 [pool-383-thread-1] INFO  server.RaftServerConfigKeys (ConfUtils.java:logGet(43)) - raft.server.notification.no-leader.timeout = 120s (custom)
2019-10-21 10:06:06,608 [pool-393-thread-1] INFO  server.RaftServerConfigKeys (ConfUtils.java:logGet(43)) - raft.server.log.purge.gap = 1000000 (custom)
2019-10-21 10:06:06,608 [pool-403-thread-1] INFO  server.RaftServerConfigKeys (ConfUtils.java:logGet(43)) - raft.server.notification.no-leader.timeout = 120s (custom)
2019-10-21 10:06:06,608 [pool-393-thread-1] INFO  server.RaftServerConfigKeys (ConfUtils.java:logGet(43)) - raft.server.log.appender.buffer.byte-limit = 33554432 (custom)
2019-10-21 10:06:06,608 [pool-383-thread-1] INFO  server.RaftServerConfigKeys (ConfUtils.java:logGet(43)) - raft.server.log.use.memory = false (default)
2019-10-21 10:06:06,608 [pool-393-thread-1] INFO  server.RaftServerConfigKeys (ConfUtils.java:logGet(43)) - raft.server.log.segment.size.max = 1048576 (custom)
2019-10-21 10:06:06,608 [pool-403-thread-1] INFO  server.RaftServerConfigKeys (ConfUtils.java:logGet(43)) - raft.server.log.use.memory = false (default)
2019-10-21 10:06:06,608 [pool-393-thread-1] INFO  server.RaftServerConfigKeys (ConfUtils.java:logGet(43)) - raft.server.log.segment.cache.num.max = 2 (custom)
2019-10-21 10:06:06,608 [pool-383-thread-1] INFO  server.RaftServerConfigKeys (ConfUtils.java:logGet(43)) - raft.server.log.purge.gap = 1000000 (custom)
2019-10-21 10:06:06,608 [pool-393-thread-1] INFO  segmented.SegmentedRaftLogWorker (SegmentedRaftLogWorker.java:<init>(173)) - new 0853c819-70db-4736-b114-b23cf27fe670@group-15B546245171-SegmentedRaftLogWorker for RaftStorage:Storage Directory /workdir/hadoop-ozone/integration-test/target/test-dir/MiniOzoneClusterImpl-78a9b0a8-4992-4050-b351-33ca5d66f753/datanode-1/data/ratis/204caffc-bb1e-409e-875f-15b546245171
2019-10-21 10:06:06,608 [pool-403-thread-1] INFO  server.RaftServerConfigKeys (ConfUtils.java:logGet(43)) - raft.server.log.purge.gap = 1000000 (custom)
2019-10-21 10:06:06,609 [pool-393-thread-1] INFO  server.RaftServerConfigKeys (ConfUtils.java:logGet(43)) - raft.server.log.queue.byte-limit = 2147483647 (custom)
2019-10-21 10:06:06,609 [pool-383-thread-1] INFO  server.RaftServerConfigKeys (ConfUtils.java:logGet(43)) - raft.server.log.appender.buffer.byte-limit = 33554432 (custom)
2019-10-21 10:06:06,609 [pool-393-thread-1] INFO  server.RaftServerConfigKeys (ConfUtils.java:logGet(43)) - raft.server.log.queue.element-limit = 1024 (custom)
2019-10-21 10:06:06,609 [pool-403-thread-1] INFO  server.RaftServerConfigKeys (ConfUtils.java:logGet(43)) - raft.server.log.appender.buffer.byte-limit = 33554432 (custom)
2019-10-21 10:06:06,609 [pool-393-thread-1] INFO  server.RaftServerConfigKeys (ConfUtils.java:logGet(43)) - raft.server.log.segment.size.max = 1048576 (custom)
2019-10-21 10:06:06,609 [pool-383-thread-1] INFO  server.RaftServerConfigKeys (ConfUtils.java:logGet(43)) - raft.server.log.segment.size.max = 1048576 (custom)
2019-10-21 10:06:06,609 [pool-393-thread-1] INFO  server.RaftServerConfigKeys (ConfUtils.java:logGet(43)) - raft.server.log.preallocated.size = 16384 (custom)
2019-10-21 10:06:06,609 [pool-403-thread-1] INFO  server.RaftServerConfigKeys (ConfUtils.java:logGet(43)) - raft.server.log.segment.size.max = 1048576 (custom)
2019-10-21 10:06:06,609 [pool-393-thread-1] INFO  server.RaftServerConfigKeys (ConfUtils.java:logGet(43)) - raft.server.log.write.buffer.size = 33554432 (custom)
2019-10-21 10:06:06,609 [pool-383-thread-1] INFO  server.RaftServerConfigKeys (ConfUtils.java:logGet(43)) - raft.server.log.segment.cache.num.max = 2 (custom)
2019-10-21 10:06:06,610 [pool-393-thread-1] INFO  server.RaftServerConfigKeys (ConfUtils.java:logGet(43)) - raft.server.log.force.sync.num = 128 (default)
2019-10-21 10:06:06,610 [pool-403-thread-1] INFO  server.RaftServerConfigKeys (ConfUtils.java:logGet(43)) - raft.server.log.segment.cache.num.max = 2 (custom)
2019-10-21 10:06:06,610 [pool-393-thread-1] INFO  server.RaftServerConfigKeys (ConfUtils.java:logGet(43)) - raft.server.log.statemachine.data.sync = true (default)
2019-10-21 10:06:06,610 [pool-383-thread-1] INFO  segmented.SegmentedRaftLogWorker (SegmentedRaftLogWorker.java:<init>(173)) - new d4d5d1c0-7c9d-47b2-b449-18f809a57908@group-15B546245171-SegmentedRaftLogWorker for RaftStorage:Storage Directory /workdir/hadoop-ozone/integration-test/target/test-dir/MiniOzoneClusterImpl-78a9b0a8-4992-4050-b351-33ca5d66f753/datanode-0/data/ratis/204caffc-bb1e-409e-875f-15b546245171
2019-10-21 10:06:06,610 [pool-393-thread-1] INFO  server.RaftServerConfigKeys (ConfUtils.java:logGet(43)) - raft.server.log.statemachine.data.sync.timeout = 10s (default)
2019-10-21 10:06:06,610 [pool-403-thread-1] INFO  segmented.SegmentedRaftLogWorker (SegmentedRaftLogWorker.java:<init>(173)) - new 9904cb84-9087-433f-9360-491d3967bdd8@group-15B546245171-SegmentedRaftLogWorker for RaftStorage:Storage Directory /workdir/hadoop-ozone/integration-test/target/test-dir/MiniOzoneClusterImpl-78a9b0a8-4992-4050-b351-33ca5d66f753/datanode-2/data/ratis/204caffc-bb1e-409e-875f-15b546245171
2019-10-21 10:06:06,610 [pool-393-thread-1] INFO  server.RaftServerConfigKeys (ConfUtils.java:logGet(43)) - raft.server.log.statemachine.data.sync.timeout.retry = -1 (default)
2019-10-21 10:06:06,610 [pool-383-thread-1] INFO  server.RaftServerConfigKeys (ConfUtils.java:logGet(43)) - raft.server.log.queue.byte-limit = 2147483647 (custom)
2019-10-21 10:06:06,610 [pool-393-thread-1] INFO  server.RaftServerConfigKeys (ConfUtils.java:logGet(43)) - raft.server.log.statemachine.data.caching.enabled = true (custom)
2019-10-21 10:06:06,610 [pool-403-thread-1] INFO  server.RaftServerConfigKeys (ConfUtils.java:logGet(43)) - raft.server.log.queue.byte-limit = 2147483647 (custom)
2019-10-21 10:06:06,610 [pool-383-thread-1] INFO  server.RaftServerConfigKeys (ConfUtils.java:logGet(43)) - raft.server.log.queue.element-limit = 1024 (custom)
2019-10-21 10:06:06,611 [pool-403-thread-1] INFO  server.RaftServerConfigKeys (ConfUtils.java:logGet(43)) - raft.server.log.queue.element-limit = 1024 (custom)
2019-10-21 10:06:06,611 [pool-393-thread-1] INFO  segmented.SegmentedRaftLogWorker (SegmentedRaftLogWorker.java:lambda$new$0(128)) - 0853c819-70db-4736-b114-b23cf27fe670@group-15B546245171-SegmentedRaftLogWorker: flushIndex: setUnconditionally 0 -> -1
2019-10-21 10:06:06,611 [pool-403-thread-1] INFO  server.RaftServerConfigKeys (ConfUtils.java:logGet(43)) - raft.server.log.segment.size.max = 1048576 (custom)
2019-10-21 10:06:06,611 [pool-383-thread-1] INFO  server.RaftServerConfigKeys (ConfUtils.java:logGet(43)) - raft.server.log.segment.size.max = 1048576 (custom)
2019-10-21 10:06:06,611 [pool-393-thread-1] INFO  server.RaftServerConfigKeys (ConfUtils.java:logGet(43)) - raft.server.snapshot.auto.trigger.enabled = true (custom)
2019-10-21 10:06:06,611 [pool-403-thread-1] INFO  server.RaftServerConfigKeys (ConfUtils.java:logGet(43)) - raft.server.log.preallocated.size = 16384 (custom)
2019-10-21 10:06:06,611 [pool-393-thread-1] INFO  server.RaftServerConfigKeys (ConfUtils.java:logGet(43)) - raft.server.snapshot.auto.trigger.threshold = 10000 (custom)
2019-10-21 10:06:06,611 [pool-383-thread-1] INFO  server.RaftServerConfigKeys (ConfUtils.java:logGet(43)) - raft.server.log.preallocated.size = 16384 (custom)
2019-10-21 10:06:06,611 [pool-393-thread-1] INFO  server.RaftServerConfigKeys (ConfUtils.java:logGet(43)) - raft.server.snapshot.retention.file.num = 5 (custom)
2019-10-21 10:06:06,611 [pool-403-thread-1] INFO  server.RaftServerConfigKeys (ConfUtils.java:logGet(43)) - raft.server.log.write.buffer.size = 33554432 (custom)
2019-10-21 10:06:06,612 [pool-393-thread-1] INFO  server.RaftServerConfigKeys (ConfUtils.java:logGet(43)) - raft.server.retrycache.expirytime = 600000ms (custom)
2019-10-21 10:06:06,611 [pool-383-thread-1] INFO  server.RaftServerConfigKeys (ConfUtils.java:logGet(43)) - raft.server.log.write.buffer.size = 33554432 (custom)
2019-10-21 10:06:06,612 [pool-403-thread-1] INFO  server.RaftServerConfigKeys (ConfUtils.java:logGet(43)) - raft.server.log.force.sync.num = 128 (default)
2019-10-21 10:06:06,612 [pool-383-thread-1] INFO  server.RaftServerConfigKeys (ConfUtils.java:logGet(43)) - raft.server.log.force.sync.num = 128 (default)
2019-10-21 10:06:06,612 [pool-403-thread-1] INFO  server.RaftServerConfigKeys (ConfUtils.java:logGet(43)) - raft.server.log.statemachine.data.sync = true (default)
2019-10-21 10:06:06,612 [pool-383-thread-1] INFO  server.RaftServerConfigKeys (ConfUtils.java:logGet(43)) - raft.server.log.statemachine.data.sync = true (default)
2019-10-21 10:06:06,612 [pool-403-thread-1] INFO  server.RaftServerConfigKeys (ConfUtils.java:logGet(43)) - raft.server.log.statemachine.data.sync.timeout = 10s (default)
2019-10-21 10:06:06,612 [pool-383-thread-1] INFO  server.RaftServerConfigKeys (ConfUtils.java:logGet(43)) - raft.server.log.statemachine.data.sync.timeout = 10s (default)
2019-10-21 10:06:06,612 [pool-403-thread-1] INFO  server.RaftServerConfigKeys (ConfUtils.java:logGet(43)) - raft.server.log.statemachine.data.sync.timeout.retry = -1 (default)
2019-10-21 10:06:06,612 [pool-383-thread-1] INFO  server.RaftServerConfigKeys (ConfUtils.java:logGet(43)) - raft.server.log.statemachine.data.sync.timeout.retry = -1 (default)
2019-10-21 10:06:06,613 [pool-403-thread-1] INFO  server.RaftServerConfigKeys (ConfUtils.java:logGet(43)) - raft.server.log.statemachine.data.caching.enabled = true (custom)
2019-10-21 10:06:06,613 [pool-383-thread-1] INFO  server.RaftServerConfigKeys (ConfUtils.java:logGet(43)) - raft.server.log.statemachine.data.caching.enabled = true (custom)
2019-10-21 10:06:06,613 [pool-393-thread-1] INFO  impl.RaftServerImpl (RaftServerImpl.java:start(181)) - 0853c819-70db-4736-b114-b23cf27fe670@group-15B546245171: start as a follower, conf=-1: [d4d5d1c0-7c9d-47b2-b449-18f809a57908:192.168.34.51:34981, 0853c819-70db-4736-b114-b23cf27fe670:192.168.34.51:34823, 9904cb84-9087-433f-9360-491d3967bdd8:192.168.34.51:33730], old=null
2019-10-21 10:06:06,613 [pool-403-thread-1] INFO  segmented.SegmentedRaftLogWorker (SegmentedRaftLogWorker.java:lambda$new$0(128)) - 9904cb84-9087-433f-9360-491d3967bdd8@group-15B546245171-SegmentedRaftLogWorker: flushIndex: setUnconditionally 0 -> -1
2019-10-21 10:06:06,613 [pool-383-thread-1] INFO  segmented.SegmentedRaftLogWorker (SegmentedRaftLogWorker.java:lambda$new$0(128)) - d4d5d1c0-7c9d-47b2-b449-18f809a57908@group-15B546245171-SegmentedRaftLogWorker: flushIndex: setUnconditionally 0 -> -1
2019-10-21 10:06:06,613 [pool-393-thread-1] INFO  impl.RaftServerImpl (RaftServerImpl.java:setRole(170)) - 0853c819-70db-4736-b114-b23cf27fe670@group-15B546245171: changes role from      null to FOLLOWER at term 0 for startAsFollower
2019-10-21 10:06:06,613 [pool-403-thread-1] INFO  server.RaftServerConfigKeys (ConfUtils.java:logGet(43)) - raft.server.snapshot.auto.trigger.enabled = true (custom)
2019-10-21 10:06:06,613 [pool-383-thread-1] INFO  server.RaftServerConfigKeys (ConfUtils.java:logGet(43)) - raft.server.snapshot.auto.trigger.enabled = true (custom)
2019-10-21 10:06:06,613 [pool-393-thread-1] INFO  impl.RoleInfo (RoleInfo.java:updateAndGet(143)) - 0853c819-70db-4736-b114-b23cf27fe670: start FollowerState
2019-10-21 10:06:06,614 [pool-383-thread-1] INFO  server.RaftServerConfigKeys (ConfUtils.java:logGet(43)) - raft.server.snapshot.auto.trigger.threshold = 10000 (custom)
2019-10-21 10:06:06,613 [pool-403-thread-1] INFO  server.RaftServerConfigKeys (ConfUtils.java:logGet(43)) - raft.server.snapshot.auto.trigger.threshold = 10000 (custom)
2019-10-21 10:06:06,614 [pool-393-thread-1] INFO  util.JmxRegister (JmxRegister.java:tryRegister(44)) - Successfully registered JMX Bean with object name Ratis:service=RaftServer,group=group-15B546245171,id=0853c819-70db-4736-b114-b23cf27fe670
2019-10-21 10:06:06,614 [pool-383-thread-1] INFO  server.RaftServerConfigKeys (ConfUtils.java:logGet(43)) - raft.server.snapshot.retention.file.num = 5 (custom)
2019-10-21 10:06:06,614 [pool-403-thread-1] INFO  server.RaftServerConfigKeys (ConfUtils.java:logGet(43)) - raft.server.snapshot.retention.file.num = 5 (custom)
2019-10-21 10:06:06,614 [pool-383-thread-1] INFO  server.RaftServerConfigKeys (ConfUtils.java:logGet(43)) - raft.server.retrycache.expirytime = 600000ms (custom)
2019-10-21 10:06:06,614 [pool-403-thread-1] INFO  server.RaftServerConfigKeys (ConfUtils.java:logGet(43)) - raft.server.retrycache.expirytime = 600000ms (custom)
2019-10-21 10:06:06,618 [pool-383-thread-1] INFO  impl.RaftServerImpl (RaftServerImpl.java:start(181)) - d4d5d1c0-7c9d-47b2-b449-18f809a57908@group-15B546245171: start as a follower, conf=-1: [d4d5d1c0-7c9d-47b2-b449-18f809a57908:192.168.34.51:34981, 0853c819-70db-4736-b114-b23cf27fe670:192.168.34.51:34823, 9904cb84-9087-433f-9360-491d3967bdd8:192.168.34.51:33730], old=null
2019-10-21 10:06:06,618 [pool-403-thread-1] INFO  impl.RaftServerImpl (RaftServerImpl.java:start(181)) - 9904cb84-9087-433f-9360-491d3967bdd8@group-15B546245171: start as a follower, conf=-1: [d4d5d1c0-7c9d-47b2-b449-18f809a57908:192.168.34.51:34981, 0853c819-70db-4736-b114-b23cf27fe670:192.168.34.51:34823, 9904cb84-9087-433f-9360-491d3967bdd8:192.168.34.51:33730], old=null
2019-10-21 10:06:06,618 [pool-383-thread-1] INFO  impl.RaftServerImpl (RaftServerImpl.java:setRole(170)) - d4d5d1c0-7c9d-47b2-b449-18f809a57908@group-15B546245171: changes role from      null to FOLLOWER at term 0 for startAsFollower
2019-10-21 10:06:06,618 [pool-403-thread-1] INFO  impl.RaftServerImpl (RaftServerImpl.java:setRole(170)) - 9904cb84-9087-433f-9360-491d3967bdd8@group-15B546245171: changes role from      null to FOLLOWER at term 0 for startAsFollower
2019-10-21 10:06:06,618 [pool-383-thread-1] INFO  impl.RoleInfo (RoleInfo.java:updateAndGet(143)) - d4d5d1c0-7c9d-47b2-b449-18f809a57908: start FollowerState
2019-10-21 10:06:06,618 [pool-403-thread-1] INFO  impl.RoleInfo (RoleInfo.java:updateAndGet(143)) - 9904cb84-9087-433f-9360-491d3967bdd8: start FollowerState
2019-10-21 10:06:06,618 [pool-383-thread-1] INFO  util.JmxRegister (JmxRegister.java:tryRegister(44)) - Successfully registered JMX Bean with object name Ratis:service=RaftServer,group=group-15B546245171,id=d4d5d1c0-7c9d-47b2-b449-18f809a57908
2019-10-21 10:06:06,618 [pool-403-thread-1] INFO  util.JmxRegister (JmxRegister.java:tryRegister(44)) - Successfully registered JMX Bean with object name Ratis:service=RaftServer,group=group-15B546245171,id=9904cb84-9087-433f-9360-491d3967bdd8
2019-10-21 10:06:06,623 [RatisPipelineUtilsThread] INFO  pipeline.PipelineStateManager (PipelineStateManager.java:addPipeline(56)) - Created pipeline Pipeline[ Id: 204caffc-bb1e-409e-875f-15b546245171, Nodes: 0853c819-70db-4736-b114-b23cf27fe670{ip: 192.168.34.51, host: pr-hdds-2291-fkckm-1634098129, networkLocation: /default-rack, certSerialId: null}d4d5d1c0-7c9d-47b2-b449-18f809a57908{ip: 192.168.34.51, host: pr-hdds-2291-fkckm-1634098129, networkLocation: /default-rack, certSerialId: null}9904cb84-9087-433f-9360-491d3967bdd8{ip: 192.168.34.51, host: pr-hdds-2291-fkckm-1634098129, networkLocation: /default-rack, certSerialId: null}, Type:RATIS, Factor:THREE, State:OPEN]
2019-10-21 10:06:06,630 [grpc-default-executor-0] INFO  impl.RaftServerProxy (RaftServerProxy.java:addNew(89)) - 6b09eafb-ccdb-4938-b473-66192c4ced18: addNew group-D63A415B5A5E:[6b09eafb-ccdb-4938-b473-66192c4ced18:192.168.34.51:38240] returns group-D63A415B5A5E:java.util.concurrent.CompletableFuture@4532d3d5[Not completed]
2019-10-21 10:06:06,631 [pool-423-thread-1] INFO  impl.RaftServerImpl (RaftServerImpl.java:<init>(95)) - 6b09eafb-ccdb-4938-b473-66192c4ced18: new RaftServerImpl for group-D63A415B5A5E:[6b09eafb-ccdb-4938-b473-66192c4ced18:192.168.34.51:38240] with ContainerStateMachine:uninitialized
2019-10-21 10:06:06,633 [pool-423-thread-1] INFO  server.RaftServerConfigKeys (ConfUtils.java:logGet(43)) - raft.server.rpc.timeout.min = 5s (custom)
2019-10-21 10:06:06,633 [pool-423-thread-1] INFO  server.RaftServerConfigKeys (ConfUtils.java:logGet(43)) - raft.server.rpc.timeout.max = 5200ms (custom)
2019-10-21 10:06:06,633 [pool-423-thread-1] INFO  server.RaftServerConfigKeys (ConfUtils.java:logGet(43)) - raft.server.rpcslowness.timeout = 120s (custom)
2019-10-21 10:06:06,633 [pool-423-thread-1] INFO  server.RaftServerConfigKeys (ConfUtils.java:logGet(43)) - raft.server.sleep.deviation.threshold = 300 (default)
2019-10-21 10:06:06,633 [pool-423-thread-1] INFO  server.RaftServerConfigKeys (ConfUtils.java:logGet(43)) - raft.server.log.appender.install.snapshot.enabled = false (custom)
2019-10-21 10:06:06,633 [pool-423-thread-1] INFO  impl.RaftServerImpl (ServerState.java:<init>(103)) - 6b09eafb-ccdb-4938-b473-66192c4ced18@group-D63A415B5A5E: ConfigurationManager, init=-1: [6b09eafb-ccdb-4938-b473-66192c4ced18:192.168.34.51:38240], old=null, confs=<EMPTY_MAP>
2019-10-21 10:06:06,633 [pool-423-thread-1] INFO  server.RaftServerConfigKeys (ConfUtils.java:logGet(43)) - raft.server.storage.dir = [/workdir/hadoop-ozone/integration-test/target/test-dir/MiniOzoneClusterImpl-78a9b0a8-4992-4050-b351-33ca5d66f753/datanode-4/data/ratis] (custom)
2019-10-21 10:06:06,634 [pool-423-thread-1] INFO  server.RaftServerConfigKeys (ConfUtils.java:logGet(43)) - raft.server.log.corruption.policy = EXCEPTION (default)
2019-10-21 10:06:06,634 [pool-423-thread-1] INFO  storage.RaftStorageDirectory (RaftStorageDirectory.java:analyzeStorage(246)) - The storage directory /workdir/hadoop-ozone/integration-test/target/test-dir/MiniOzoneClusterImpl-78a9b0a8-4992-4050-b351-33ca5d66f753/datanode-4/data/ratis/ed7a6166-4a6d-4bb6-a462-d63a415b5a5e does not exist. Creating ...
2019-10-21 10:06:06,646 [pool-423-thread-1] INFO  storage.RaftStorageDirectory (RaftStorageDirectory.java:tryLock(328)) - Lock on /workdir/hadoop-ozone/integration-test/target/test-dir/MiniOzoneClusterImpl-78a9b0a8-4992-4050-b351-33ca5d66f753/datanode-4/data/ratis/ed7a6166-4a6d-4bb6-a462-d63a415b5a5e/in_use.lock acquired by nodename 3525@pr-hdds-2291-fkckm-1634098129
2019-10-21 10:06:06,659 [pool-423-thread-1] INFO  storage.RaftStorage (RaftStorage.java:format(84)) - Storage directory /workdir/hadoop-ozone/integration-test/target/test-dir/MiniOzoneClusterImpl-78a9b0a8-4992-4050-b351-33ca5d66f753/datanode-4/data/ratis/ed7a6166-4a6d-4bb6-a462-d63a415b5a5e has been successfully formatted.
2019-10-21 10:06:06,659 [pool-423-thread-1] INFO  ratis.ContainerStateMachine (ContainerStateMachine.java:loadSnapshot(231)) - group-D63A415B5A5E: The snapshot info is null. Setting the last applied indexto:(t:0, i:~)
2019-10-21 10:06:06,659 [pool-423-thread-1] INFO  server.RaftServerConfigKeys (ConfUtils.java:logGet(43)) - raft.server.notification.no-leader.timeout = 120s (custom)
2019-10-21 10:06:06,659 [pool-423-thread-1] INFO  server.RaftServerConfigKeys (ConfUtils.java:logGet(43)) - raft.server.log.use.memory = false (default)
2019-10-21 10:06:06,659 [pool-423-thread-1] INFO  server.RaftServerConfigKeys (ConfUtils.java:logGet(43)) - raft.server.log.purge.gap = 1000000 (custom)
2019-10-21 10:06:06,660 [pool-423-thread-1] INFO  server.RaftServerConfigKeys (ConfUtils.java:logGet(43)) - raft.server.log.appender.buffer.byte-limit = 33554432 (custom)
2019-10-21 10:06:06,660 [pool-423-thread-1] INFO  server.RaftServerConfigKeys (ConfUtils.java:logGet(43)) - raft.server.log.segment.size.max = 1048576 (custom)
2019-10-21 10:06:06,661 [pool-423-thread-1] INFO  server.RaftServerConfigKeys (ConfUtils.java:logGet(43)) - raft.server.log.segment.cache.num.max = 2 (custom)
2019-10-21 10:06:06,661 [pool-423-thread-1] INFO  segmented.SegmentedRaftLogWorker (SegmentedRaftLogWorker.java:<init>(173)) - new 6b09eafb-ccdb-4938-b473-66192c4ced18@group-D63A415B5A5E-SegmentedRaftLogWorker for RaftStorage:Storage Directory /workdir/hadoop-ozone/integration-test/target/test-dir/MiniOzoneClusterImpl-78a9b0a8-4992-4050-b351-33ca5d66f753/datanode-4/data/ratis/ed7a6166-4a6d-4bb6-a462-d63a415b5a5e
2019-10-21 10:06:06,661 [pool-423-thread-1] INFO  server.RaftServerConfigKeys (ConfUtils.java:logGet(43)) - raft.server.log.queue.byte-limit = 2147483647 (custom)
2019-10-21 10:06:06,661 [pool-423-thread-1] INFO  server.RaftServerConfigKeys (ConfUtils.java:logGet(43)) - raft.server.log.queue.element-limit = 1024 (custom)
2019-10-21 10:06:06,661 [pool-423-thread-1] INFO  server.RaftServerConfigKeys (ConfUtils.java:logGet(43)) - raft.server.log.segment.size.max = 1048576 (custom)
2019-10-21 10:06:06,661 [pool-423-thread-1] INFO  server.RaftServerConfigKeys (ConfUtils.java:logGet(43)) - raft.server.log.preallocated.size = 16384 (custom)
2019-10-21 10:06:06,661 [pool-423-thread-1] INFO  server.RaftServerConfigKeys (ConfUtils.java:logGet(43)) - raft.server.log.write.buffer.size = 33554432 (custom)
2019-10-21 10:06:06,661 [pool-423-thread-1] INFO  server.RaftServerConfigKeys (ConfUtils.java:logGet(43)) - raft.server.log.force.sync.num = 128 (default)
2019-10-21 10:06:06,661 [pool-423-thread-1] INFO  server.RaftServerConfigKeys (ConfUtils.java:logGet(43)) - raft.server.log.statemachine.data.sync = true (default)
2019-10-21 10:06:06,661 [pool-423-thread-1] INFO  server.RaftServerConfigKeys (ConfUtils.java:logGet(43)) - raft.server.log.statemachine.data.sync.timeout = 10s (default)
2019-10-21 10:06:06,661 [pool-423-thread-1] INFO  server.RaftServerConfigKeys (ConfUtils.java:logGet(43)) - raft.server.log.statemachine.data.sync.timeout.retry = -1 (default)
2019-10-21 10:06:06,661 [pool-423-thread-1] INFO  server.RaftServerConfigKeys (ConfUtils.java:logGet(43)) - raft.server.log.statemachine.data.caching.enabled = true (custom)
2019-10-21 10:06:06,662 [pool-423-thread-1] INFO  segmented.SegmentedRaftLogWorker (SegmentedRaftLogWorker.java:lambda$new$0(128)) - 6b09eafb-ccdb-4938-b473-66192c4ced18@group-D63A415B5A5E-SegmentedRaftLogWorker: flushIndex: setUnconditionally 0 -> -1
2019-10-21 10:06:06,662 [pool-423-thread-1] INFO  server.RaftServerConfigKeys (ConfUtils.java:logGet(43)) - raft.server.snapshot.auto.trigger.enabled = true (custom)
2019-10-21 10:06:06,662 [pool-423-thread-1] INFO  server.RaftServerConfigKeys (ConfUtils.java:logGet(43)) - raft.server.snapshot.auto.trigger.threshold = 10000 (custom)
2019-10-21 10:06:06,662 [pool-423-thread-1] INFO  server.RaftServerConfigKeys (ConfUtils.java:logGet(43)) - raft.server.snapshot.retention.file.num = 5 (custom)
2019-10-21 10:06:06,662 [pool-423-thread-1] INFO  server.RaftServerConfigKeys (ConfUtils.java:logGet(43)) - raft.server.retrycache.expirytime = 600000ms (custom)
2019-10-21 10:06:06,663 [pool-423-thread-1] INFO  impl.RaftServerImpl (RaftServerImpl.java:start(181)) - 6b09eafb-ccdb-4938-b473-66192c4ced18@group-D63A415B5A5E: start as a follower, conf=-1: [6b09eafb-ccdb-4938-b473-66192c4ced18:192.168.34.51:38240], old=null
2019-10-21 10:06:06,663 [pool-423-thread-1] INFO  impl.RaftServerImpl (RaftServerImpl.java:setRole(170)) - 6b09eafb-ccdb-4938-b473-66192c4ced18@group-D63A415B5A5E: changes role from      null to FOLLOWER at term 0 for startAsFollower
2019-10-21 10:06:06,663 [pool-423-thread-1] INFO  impl.RoleInfo (RoleInfo.java:updateAndGet(143)) - 6b09eafb-ccdb-4938-b473-66192c4ced18: start FollowerState
2019-10-21 10:06:06,664 [pool-423-thread-1] INFO  util.JmxRegister (JmxRegister.java:tryRegister(44)) - Successfully registered JMX Bean with object name Ratis:service=RaftServer,group=group-D63A415B5A5E,id=6b09eafb-ccdb-4938-b473-66192c4ced18
2019-10-21 10:06:06,667 [RatisPipelineUtilsThread] INFO  pipeline.PipelineStateManager (PipelineStateManager.java:addPipeline(56)) - Created pipeline Pipeline[ Id: ed7a6166-4a6d-4bb6-a462-d63a415b5a5e, Nodes: 6b09eafb-ccdb-4938-b473-66192c4ced18{ip: 192.168.34.51, host: pr-hdds-2291-fkckm-1634098129, networkLocation: /default-rack, certSerialId: null}, Type:RATIS, Factor:ONE, State:OPEN]
2019-10-21 10:06:06,685 [IPC Server handler 1 on 41967] INFO  net.NetworkTopology (NetworkTopologyImpl.java:add(111)) - Added a new node: /default-rack/0e8af49c-2dd9-4585-a67e-e0a00ec611d2
2019-10-21 10:06:06,685 [IPC Server handler 1 on 41967] INFO  node.SCMNodeManager (SCMNodeManager.java:register(268)) - Registered Data node : 0e8af49c-2dd9-4585-a67e-e0a00ec611d2{ip: 192.168.34.51, host: pr-hdds-2291-fkckm-1634098129, networkLocation: /default-rack, certSerialId: null}
2019-10-21 10:06:06,690 [grpc-default-executor-0] INFO  impl.RaftServerProxy (RaftServerProxy.java:addNew(89)) - 0e8af49c-2dd9-4585-a67e-e0a00ec611d2: addNew group-67D2E91217A9:[0e8af49c-2dd9-4585-a67e-e0a00ec611d2:192.168.34.51:39748] returns group-67D2E91217A9:java.util.concurrent.CompletableFuture@54efc4f7[Not completed]
2019-10-21 10:06:06,690 [pool-433-thread-1] INFO  impl.RaftServerImpl (RaftServerImpl.java:<init>(95)) - 0e8af49c-2dd9-4585-a67e-e0a00ec611d2: new RaftServerImpl for group-67D2E91217A9:[0e8af49c-2dd9-4585-a67e-e0a00ec611d2:192.168.34.51:39748] with ContainerStateMachine:uninitialized
2019-10-21 10:06:06,691 [pool-433-thread-1] INFO  server.RaftServerConfigKeys (ConfUtils.java:logGet(43)) - raft.server.rpc.timeout.min = 5s (custom)
2019-10-21 10:06:06,691 [pool-433-thread-1] INFO  server.RaftServerConfigKeys (ConfUtils.java:logGet(43)) - raft.server.rpc.timeout.max = 5200ms (custom)
2019-10-21 10:06:06,691 [pool-433-thread-1] INFO  server.RaftServerConfigKeys (ConfUtils.java:logGet(43)) - raft.server.rpcslowness.timeout = 120s (custom)
2019-10-21 10:06:06,691 [pool-433-thread-1] INFO  server.RaftServerConfigKeys (ConfUtils.java:logGet(43)) - raft.server.sleep.deviation.threshold = 300 (default)
2019-10-21 10:06:06,691 [pool-433-thread-1] INFO  server.RaftServerConfigKeys (ConfUtils.java:logGet(43)) - raft.server.log.appender.install.snapshot.enabled = false (custom)
2019-10-21 10:06:06,691 [pool-433-thread-1] INFO  impl.RaftServerImpl (ServerState.java:<init>(103)) - 0e8af49c-2dd9-4585-a67e-e0a00ec611d2@group-67D2E91217A9: ConfigurationManager, init=-1: [0e8af49c-2dd9-4585-a67e-e0a00ec611d2:192.168.34.51:39748], old=null, confs=<EMPTY_MAP>
2019-10-21 10:06:06,691 [pool-433-thread-1] INFO  server.RaftServerConfigKeys (ConfUtils.java:logGet(43)) - raft.server.storage.dir = [/workdir/hadoop-ozone/integration-test/target/test-dir/MiniOzoneClusterImpl-78a9b0a8-4992-4050-b351-33ca5d66f753/datanode-5/data/ratis] (custom)
2019-10-21 10:06:06,691 [pool-433-thread-1] INFO  server.RaftServerConfigKeys (ConfUtils.java:logGet(43)) - raft.server.log.corruption.policy = EXCEPTION (default)
2019-10-21 10:06:06,691 [pool-433-thread-1] INFO  storage.RaftStorageDirectory (RaftStorageDirectory.java:analyzeStorage(246)) - The storage directory /workdir/hadoop-ozone/integration-test/target/test-dir/MiniOzoneClusterImpl-78a9b0a8-4992-4050-b351-33ca5d66f753/datanode-5/data/ratis/0d0f6439-15f8-4bb7-a035-67d2e91217a9 does not exist. Creating ...
2019-10-21 10:06:06,704 [pool-433-thread-1] INFO  storage.RaftStorageDirectory (RaftStorageDirectory.java:tryLock(328)) - Lock on /workdir/hadoop-ozone/integration-test/target/test-dir/MiniOzoneClusterImpl-78a9b0a8-4992-4050-b351-33ca5d66f753/datanode-5/data/ratis/0d0f6439-15f8-4bb7-a035-67d2e91217a9/in_use.lock acquired by nodename 3525@pr-hdds-2291-fkckm-1634098129
2019-10-21 10:06:06,716 [pool-433-thread-1] INFO  storage.RaftStorage (RaftStorage.java:format(84)) - Storage directory /workdir/hadoop-ozone/integration-test/target/test-dir/MiniOzoneClusterImpl-78a9b0a8-4992-4050-b351-33ca5d66f753/datanode-5/data/ratis/0d0f6439-15f8-4bb7-a035-67d2e91217a9 has been successfully formatted.
2019-10-21 10:06:06,716 [pool-433-thread-1] INFO  ratis.ContainerStateMachine (ContainerStateMachine.java:loadSnapshot(231)) - group-67D2E91217A9: The snapshot info is null. Setting the last applied indexto:(t:0, i:~)
2019-10-21 10:06:06,717 [pool-433-thread-1] INFO  server.RaftServerConfigKeys (ConfUtils.java:logGet(43)) - raft.server.notification.no-leader.timeout = 120s (custom)
2019-10-21 10:06:06,717 [pool-433-thread-1] INFO  server.RaftServerConfigKeys (ConfUtils.java:logGet(43)) - raft.server.log.use.memory = false (default)
2019-10-21 10:06:06,717 [pool-433-thread-1] INFO  server.RaftServerConfigKeys (ConfUtils.java:logGet(43)) - raft.server.log.purge.gap = 1000000 (custom)
2019-10-21 10:06:06,717 [pool-433-thread-1] INFO  server.RaftServerConfigKeys (ConfUtils.java:logGet(43)) - raft.server.log.appender.buffer.byte-limit = 33554432 (custom)
2019-10-21 10:06:06,717 [pool-433-thread-1] INFO  server.RaftServerConfigKeys (ConfUtils.java:logGet(43)) - raft.server.log.segment.size.max = 1048576 (custom)
2019-10-21 10:06:06,718 [pool-433-thread-1] INFO  server.RaftServerConfigKeys (ConfUtils.java:logGet(43)) - raft.server.log.segment.cache.num.max = 2 (custom)
2019-10-21 10:06:06,718 [pool-433-thread-1] INFO  segmented.SegmentedRaftLogWorker (SegmentedRaftLogWorker.java:<init>(173)) - new 0e8af49c-2dd9-4585-a67e-e0a00ec611d2@group-67D2E91217A9-SegmentedRaftLogWorker for RaftStorage:Storage Directory /workdir/hadoop-ozone/integration-test/target/test-dir/MiniOzoneClusterImpl-78a9b0a8-4992-4050-b351-33ca5d66f753/datanode-5/data/ratis/0d0f6439-15f8-4bb7-a035-67d2e91217a9
2019-10-21 10:06:06,718 [pool-433-thread-1] INFO  server.RaftServerConfigKeys (ConfUtils.java:logGet(43)) - raft.server.log.queue.byte-limit = 2147483647 (custom)
2019-10-21 10:06:06,718 [pool-433-thread-1] INFO  server.RaftServerConfigKeys (ConfUtils.java:logGet(43)) - raft.server.log.queue.element-limit = 1024 (custom)
2019-10-21 10:06:06,718 [pool-433-thread-1] INFO  server.RaftServerConfigKeys (ConfUtils.java:logGet(43)) - raft.server.log.segment.size.max = 1048576 (custom)
2019-10-21 10:06:06,718 [pool-433-thread-1] INFO  server.RaftServerConfigKeys (ConfUtils.java:logGet(43)) - raft.server.log.preallocated.size = 16384 (custom)
2019-10-21 10:06:06,718 [pool-433-thread-1] INFO  server.RaftServerConfigKeys (ConfUtils.java:logGet(43)) - raft.server.log.write.buffer.size = 33554432 (custom)
2019-10-21 10:06:06,718 [pool-433-thread-1] INFO  server.RaftServerConfigKeys (ConfUtils.java:logGet(43)) - raft.server.log.force.sync.num = 128 (default)
2019-10-21 10:06:06,718 [pool-433-thread-1] INFO  server.RaftServerConfigKeys (ConfUtils.java:logGet(43)) - raft.server.log.statemachine.data.sync = true (default)
2019-10-21 10:06:06,718 [pool-433-thread-1] INFO  server.RaftServerConfigKeys (ConfUtils.java:logGet(43)) - raft.server.log.statemachine.data.sync.timeout = 10s (default)
2019-10-21 10:06:06,718 [pool-433-thread-1] INFO  server.RaftServerConfigKeys (ConfUtils.java:logGet(43)) - raft.server.log.statemachine.data.sync.timeout.retry = -1 (default)
2019-10-21 10:06:06,719 [pool-433-thread-1] INFO  server.RaftServerConfigKeys (ConfUtils.java:logGet(43)) - raft.server.log.statemachine.data.caching.enabled = true (custom)
2019-10-21 10:06:06,719 [pool-433-thread-1] INFO  segmented.SegmentedRaftLogWorker (SegmentedRaftLogWorker.java:lambda$new$0(128)) - 0e8af49c-2dd9-4585-a67e-e0a00ec611d2@group-67D2E91217A9-SegmentedRaftLogWorker: flushIndex: setUnconditionally 0 -> -1
2019-10-21 10:06:06,719 [pool-433-thread-1] INFO  server.RaftServerConfigKeys (ConfUtils.java:logGet(43)) - raft.server.snapshot.auto.trigger.enabled = true (custom)
2019-10-21 10:06:06,719 [pool-433-thread-1] INFO  server.RaftServerConfigKeys (ConfUtils.java:logGet(43)) - raft.server.snapshot.auto.trigger.threshold = 10000 (custom)
2019-10-21 10:06:06,719 [pool-433-thread-1] INFO  server.RaftServerConfigKeys (ConfUtils.java:logGet(43)) - raft.server.snapshot.retention.file.num = 5 (custom)
2019-10-21 10:06:06,719 [pool-433-thread-1] INFO  server.RaftServerConfigKeys (ConfUtils.java:logGet(43)) - raft.server.retrycache.expirytime = 600000ms (custom)
2019-10-21 10:06:06,721 [pool-433-thread-1] INFO  impl.RaftServerImpl (RaftServerImpl.java:start(181)) - 0e8af49c-2dd9-4585-a67e-e0a00ec611d2@group-67D2E91217A9: start as a follower, conf=-1: [0e8af49c-2dd9-4585-a67e-e0a00ec611d2:192.168.34.51:39748], old=null
2019-10-21 10:06:06,721 [pool-433-thread-1] INFO  impl.RaftServerImpl (RaftServerImpl.java:setRole(170)) - 0e8af49c-2dd9-4585-a67e-e0a00ec611d2@group-67D2E91217A9: changes role from      null to FOLLOWER at term 0 for startAsFollower
2019-10-21 10:06:06,721 [pool-433-thread-1] INFO  impl.RoleInfo (RoleInfo.java:updateAndGet(143)) - 0e8af49c-2dd9-4585-a67e-e0a00ec611d2: start FollowerState
2019-10-21 10:06:06,721 [pool-433-thread-1] INFO  util.JmxRegister (JmxRegister.java:tryRegister(44)) - Successfully registered JMX Bean with object name Ratis:service=RaftServer,group=group-67D2E91217A9,id=0e8af49c-2dd9-4585-a67e-e0a00ec611d2
2019-10-21 10:06:06,724 [RatisPipelineUtilsThread] INFO  pipeline.PipelineStateManager (PipelineStateManager.java:addPipeline(56)) - Created pipeline Pipeline[ Id: 0d0f6439-15f8-4bb7-a035-67d2e91217a9, Nodes: 0e8af49c-2dd9-4585-a67e-e0a00ec611d2{ip: 192.168.34.51, host: pr-hdds-2291-fkckm-1634098129, networkLocation: /default-rack, certSerialId: null}, Type:RATIS, Factor:ONE, State:OPEN]
2019-10-21 10:06:06,736 [grpc-default-executor-0] INFO  impl.RaftServerProxy (RaftServerProxy.java:addNew(89)) - 0e8af49c-2dd9-4585-a67e-e0a00ec611d2: addNew group-AC916B71CF3B:[0e8af49c-2dd9-4585-a67e-e0a00ec611d2:192.168.34.51:39748, 6b09eafb-ccdb-4938-b473-66192c4ced18:192.168.34.51:38240, 5cda621a-e384-44e3-bbf4-0cfd1f993ec8:192.168.34.51:33873] returns group-AC916B71CF3B:java.util.concurrent.CompletableFuture@1464c9b8[Not completed]
2019-10-21 10:06:06,736 [grpc-default-executor-2] INFO  impl.RaftServerProxy (RaftServerProxy.java:addNew(89)) - 6b09eafb-ccdb-4938-b473-66192c4ced18: addNew group-AC916B71CF3B:[0e8af49c-2dd9-4585-a67e-e0a00ec611d2:192.168.34.51:39748, 6b09eafb-ccdb-4938-b473-66192c4ced18:192.168.34.51:38240, 5cda621a-e384-44e3-bbf4-0cfd1f993ec8:192.168.34.51:33873] returns group-AC916B71CF3B:java.util.concurrent.CompletableFuture@372a8ac0[Not completed]
2019-10-21 10:06:06,736 [grpc-default-executor-2] INFO  impl.RaftServerProxy (RaftServerProxy.java:addNew(89)) - 5cda621a-e384-44e3-bbf4-0cfd1f993ec8: addNew group-AC916B71CF3B:[0e8af49c-2dd9-4585-a67e-e0a00ec611d2:192.168.34.51:39748, 6b09eafb-ccdb-4938-b473-66192c4ced18:192.168.34.51:38240, 5cda621a-e384-44e3-bbf4-0cfd1f993ec8:192.168.34.51:33873] returns group-AC916B71CF3B:java.util.concurrent.CompletableFuture@473df260[Not completed]
2019-10-21 10:06:06,737 [pool-433-thread-1] INFO  impl.RaftServerImpl (RaftServerImpl.java:<init>(95)) - 0e8af49c-2dd9-4585-a67e-e0a00ec611d2: new RaftServerImpl for group-AC916B71CF3B:[0e8af49c-2dd9-4585-a67e-e0a00ec611d2:192.168.34.51:39748, 6b09eafb-ccdb-4938-b473-66192c4ced18:192.168.34.51:38240, 5cda621a-e384-44e3-bbf4-0cfd1f993ec8:192.168.34.51:33873] with ContainerStateMachine:uninitialized
2019-10-21 10:06:06,738 [pool-433-thread-1] INFO  server.RaftServerConfigKeys (ConfUtils.java:logGet(43)) - raft.server.rpc.timeout.min = 5s (custom)
2019-10-21 10:06:06,738 [pool-433-thread-1] INFO  server.RaftServerConfigKeys (ConfUtils.java:logGet(43)) - raft.server.rpc.timeout.max = 5200ms (custom)
2019-10-21 10:06:06,738 [pool-433-thread-1] INFO  server.RaftServerConfigKeys (ConfUtils.java:logGet(43)) - raft.server.rpcslowness.timeout = 120s (custom)
2019-10-21 10:06:06,738 [pool-433-thread-1] INFO  server.RaftServerConfigKeys (ConfUtils.java:logGet(43)) - raft.server.sleep.deviation.threshold = 300 (default)
2019-10-21 10:06:06,738 [pool-433-thread-1] INFO  server.RaftServerConfigKeys (ConfUtils.java:logGet(43)) - raft.server.log.appender.install.snapshot.enabled = false (custom)
2019-10-21 10:06:06,738 [pool-413-thread-1] INFO  impl.RaftServerImpl (RaftServerImpl.java:<init>(95)) - 5cda621a-e384-44e3-bbf4-0cfd1f993ec8: new RaftServerImpl for group-AC916B71CF3B:[0e8af49c-2dd9-4585-a67e-e0a00ec611d2:192.168.34.51:39748, 6b09eafb-ccdb-4938-b473-66192c4ced18:192.168.34.51:38240, 5cda621a-e384-44e3-bbf4-0cfd1f993ec8:192.168.34.51:33873] with ContainerStateMachine:uninitialized
2019-10-21 10:06:06,738 [pool-433-thread-1] INFO  impl.RaftServerImpl (ServerState.java:<init>(103)) - 0e8af49c-2dd9-4585-a67e-e0a00ec611d2@group-AC916B71CF3B: ConfigurationManager, init=-1: [0e8af49c-2dd9-4585-a67e-e0a00ec611d2:192.168.34.51:39748, 6b09eafb-ccdb-4938-b473-66192c4ced18:192.168.34.51:38240, 5cda621a-e384-44e3-bbf4-0cfd1f993ec8:192.168.34.51:33873], old=null, confs=<EMPTY_MAP>
2019-10-21 10:06:06,738 [pool-413-thread-1] INFO  server.RaftServerConfigKeys (ConfUtils.java:logGet(43)) - raft.server.rpc.timeout.min = 5s (custom)
2019-10-21 10:06:06,738 [pool-433-thread-1] INFO  server.RaftServerConfigKeys (ConfUtils.java:logGet(43)) - raft.server.storage.dir = [/workdir/hadoop-ozone/integration-test/target/test-dir/MiniOzoneClusterImpl-78a9b0a8-4992-4050-b351-33ca5d66f753/datanode-5/data/ratis] (custom)
2019-10-21 10:06:06,738 [pool-423-thread-1] INFO  impl.RaftServerImpl (RaftServerImpl.java:<init>(95)) - 6b09eafb-ccdb-4938-b473-66192c4ced18: new RaftServerImpl for group-AC916B71CF3B:[0e8af49c-2dd9-4585-a67e-e0a00ec611d2:192.168.34.51:39748, 6b09eafb-ccdb-4938-b473-66192c4ced18:192.168.34.51:38240, 5cda621a-e384-44e3-bbf4-0cfd1f993ec8:192.168.34.51:33873] with ContainerStateMachine:uninitialized
2019-10-21 10:06:06,738 [pool-413-thread-1] INFO  server.RaftServerConfigKeys (ConfUtils.java:logGet(43)) - raft.server.rpc.timeout.max = 5200ms (custom)
2019-10-21 10:06:06,738 [pool-423-thread-1] INFO  server.RaftServerConfigKeys (ConfUtils.java:logGet(43)) - raft.server.rpc.timeout.min = 5s (custom)
2019-10-21 10:06:06,739 [pool-433-thread-1] INFO  server.RaftServerConfigKeys (ConfUtils.java:logGet(43)) - raft.server.log.corruption.policy = EXCEPTION (default)
2019-10-21 10:06:06,739 [pool-413-thread-1] INFO  server.RaftServerConfigKeys (ConfUtils.java:logGet(43)) - raft.server.rpcslowness.timeout = 120s (custom)
2019-10-21 10:06:06,739 [pool-423-thread-1] INFO  server.RaftServerConfigKeys (ConfUtils.java:logGet(43)) - raft.server.rpc.timeout.max = 5200ms (custom)
2019-10-21 10:06:06,739 [pool-433-thread-1] INFO  storage.RaftStorageDirectory (RaftStorageDirectory.java:analyzeStorage(246)) - The storage directory /workdir/hadoop-ozone/integration-test/target/test-dir/MiniOzoneClusterImpl-78a9b0a8-4992-4050-b351-33ca5d66f753/datanode-5/data/ratis/12442e2d-1a60-461f-a52f-ac916b71cf3b does not exist. Creating ...
2019-10-21 10:06:06,739 [pool-413-thread-1] INFO  server.RaftServerConfigKeys (ConfUtils.java:logGet(43)) - raft.server.sleep.deviation.threshold = 300 (default)
2019-10-21 10:06:06,739 [pool-423-thread-1] INFO  server.RaftServerConfigKeys (ConfUtils.java:logGet(43)) - raft.server.rpcslowness.timeout = 120s (custom)
2019-10-21 10:06:06,739 [pool-413-thread-1] INFO  server.RaftServerConfigKeys (ConfUtils.java:logGet(43)) - raft.server.log.appender.install.snapshot.enabled = false (custom)
2019-10-21 10:06:06,739 [pool-423-thread-1] INFO  server.RaftServerConfigKeys (ConfUtils.java:logGet(43)) - raft.server.sleep.deviation.threshold = 300 (default)
2019-10-21 10:06:06,739 [pool-413-thread-1] INFO  impl.RaftServerImpl (ServerState.java:<init>(103)) - 5cda621a-e384-44e3-bbf4-0cfd1f993ec8@group-AC916B71CF3B: ConfigurationManager, init=-1: [0e8af49c-2dd9-4585-a67e-e0a00ec611d2:192.168.34.51:39748, 6b09eafb-ccdb-4938-b473-66192c4ced18:192.168.34.51:38240, 5cda621a-e384-44e3-bbf4-0cfd1f993ec8:192.168.34.51:33873], old=null, confs=<EMPTY_MAP>
2019-10-21 10:06:06,739 [pool-423-thread-1] INFO  server.RaftServerConfigKeys (ConfUtils.java:logGet(43)) - raft.server.log.appender.install.snapshot.enabled = false (custom)
2019-10-21 10:06:06,739 [pool-413-thread-1] INFO  server.RaftServerConfigKeys (ConfUtils.java:logGet(43)) - raft.server.storage.dir = [/workdir/hadoop-ozone/integration-test/target/test-dir/MiniOzoneClusterImpl-78a9b0a8-4992-4050-b351-33ca5d66f753/datanode-3/data/ratis] (custom)
2019-10-21 10:06:06,739 [pool-423-thread-1] INFO  impl.RaftServerImpl (ServerState.java:<init>(103)) - 6b09eafb-ccdb-4938-b473-66192c4ced18@group-AC916B71CF3B: ConfigurationManager, init=-1: [0e8af49c-2dd9-4585-a67e-e0a00ec611d2:192.168.34.51:39748, 6b09eafb-ccdb-4938-b473-66192c4ced18:192.168.34.51:38240, 5cda621a-e384-44e3-bbf4-0cfd1f993ec8:192.168.34.51:33873], old=null, confs=<EMPTY_MAP>
2019-10-21 10:06:06,739 [pool-423-thread-1] INFO  server.RaftServerConfigKeys (ConfUtils.java:logGet(43)) - raft.server.storage.dir = [/workdir/hadoop-ozone/integration-test/target/test-dir/MiniOzoneClusterImpl-78a9b0a8-4992-4050-b351-33ca5d66f753/datanode-4/data/ratis] (custom)
2019-10-21 10:06:06,740 [pool-413-thread-1] INFO  server.RaftServerConfigKeys (ConfUtils.java:logGet(43)) - raft.server.log.corruption.policy = EXCEPTION (default)
2019-10-21 10:06:06,740 [pool-423-thread-1] INFO  server.RaftServerConfigKeys (ConfUtils.java:logGet(43)) - raft.server.log.corruption.policy = EXCEPTION (default)
2019-10-21 10:06:06,740 [pool-413-thread-1] INFO  storage.RaftStorageDirectory (RaftStorageDirectory.java:analyzeStorage(246)) - The storage directory /workdir/hadoop-ozone/integration-test/target/test-dir/MiniOzoneClusterImpl-78a9b0a8-4992-4050-b351-33ca5d66f753/datanode-3/data/ratis/12442e2d-1a60-461f-a52f-ac916b71cf3b does not exist. Creating ...
2019-10-21 10:06:06,740 [pool-423-thread-1] INFO  storage.RaftStorageDirectory (RaftStorageDirectory.java:analyzeStorage(246)) - The storage directory /workdir/hadoop-ozone/integration-test/target/test-dir/MiniOzoneClusterImpl-78a9b0a8-4992-4050-b351-33ca5d66f753/datanode-4/data/ratis/12442e2d-1a60-461f-a52f-ac916b71cf3b does not exist. Creating ...
2019-10-21 10:06:06,747 [main] INFO  ozone.MiniOzoneClusterImpl (MiniOzoneClusterImpl.java:lambda$waitForClusterToBeReady$0(147)) - Waiting for cluster to be ready. Got 6 of 7 DN Heartbeats.
2019-10-21 10:06:06,748 [IPC Server handler 2 on 41967] INFO  net.NetworkTopology (NetworkTopologyImpl.java:add(111)) - Added a new node: /default-rack/d8a989bf-7fdb-4621-8359-a91928f2fbb5
2019-10-21 10:06:06,748 [IPC Server handler 2 on 41967] INFO  node.SCMNodeManager (SCMNodeManager.java:register(268)) - Registered Data node : d8a989bf-7fdb-4621-8359-a91928f2fbb5{ip: 192.168.34.51, host: pr-hdds-2291-fkckm-1634098129, networkLocation: /default-rack, certSerialId: null}
2019-10-21 10:06:06,752 [pool-433-thread-1] INFO  storage.RaftStorageDirectory (RaftStorageDirectory.java:tryLock(328)) - Lock on /workdir/hadoop-ozone/integration-test/target/test-dir/MiniOzoneClusterImpl-78a9b0a8-4992-4050-b351-33ca5d66f753/datanode-5/data/ratis/12442e2d-1a60-461f-a52f-ac916b71cf3b/in_use.lock acquired by nodename 3525@pr-hdds-2291-fkckm-1634098129
2019-10-21 10:06:06,752 [pool-413-thread-1] INFO  storage.RaftStorageDirectory (RaftStorageDirectory.java:tryLock(328)) - Lock on /workdir/hadoop-ozone/integration-test/target/test-dir/MiniOzoneClusterImpl-78a9b0a8-4992-4050-b351-33ca5d66f753/datanode-3/data/ratis/12442e2d-1a60-461f-a52f-ac916b71cf3b/in_use.lock acquired by nodename 3525@pr-hdds-2291-fkckm-1634098129
2019-10-21 10:06:06,752 [pool-423-thread-1] INFO  storage.RaftStorageDirectory (RaftStorageDirectory.java:tryLock(328)) - Lock on /workdir/hadoop-ozone/integration-test/target/test-dir/MiniOzoneClusterImpl-78a9b0a8-4992-4050-b351-33ca5d66f753/datanode-4/data/ratis/12442e2d-1a60-461f-a52f-ac916b71cf3b/in_use.lock acquired by nodename 3525@pr-hdds-2291-fkckm-1634098129
2019-10-21 10:06:06,777 [pool-433-thread-1] INFO  storage.RaftStorage (RaftStorage.java:format(84)) - Storage directory /workdir/hadoop-ozone/integration-test/target/test-dir/MiniOzoneClusterImpl-78a9b0a8-4992-4050-b351-33ca5d66f753/datanode-5/data/ratis/12442e2d-1a60-461f-a52f-ac916b71cf3b has been successfully formatted.
2019-10-21 10:06:06,777 [pool-423-thread-1] INFO  storage.RaftStorage (RaftStorage.java:format(84)) - Storage directory /workdir/hadoop-ozone/integration-test/target/test-dir/MiniOzoneClusterImpl-78a9b0a8-4992-4050-b351-33ca5d66f753/datanode-4/data/ratis/12442e2d-1a60-461f-a52f-ac916b71cf3b has been successfully formatted.
2019-10-21 10:06:06,777 [pool-433-thread-1] INFO  ratis.ContainerStateMachine (ContainerStateMachine.java:loadSnapshot(231)) - group-AC916B71CF3B: The snapshot info is null. Setting the last applied indexto:(t:0, i:~)
2019-10-21 10:06:06,777 [pool-413-thread-1] INFO  storage.RaftStorage (RaftStorage.java:format(84)) - Storage directory /workdir/hadoop-ozone/integration-test/target/test-dir/MiniOzoneClusterImpl-78a9b0a8-4992-4050-b351-33ca5d66f753/datanode-3/data/ratis/12442e2d-1a60-461f-a52f-ac916b71cf3b has been successfully formatted.
2019-10-21 10:06:06,777 [pool-423-thread-1] INFO  ratis.ContainerStateMachine (ContainerStateMachine.java:loadSnapshot(231)) - group-AC916B71CF3B: The snapshot info is null. Setting the last applied indexto:(t:0, i:~)
2019-10-21 10:06:06,777 [pool-413-thread-1] INFO  ratis.ContainerStateMachine (ContainerStateMachine.java:loadSnapshot(231)) - group-AC916B71CF3B: The snapshot info is null. Setting the last applied indexto:(t:0, i:~)
2019-10-21 10:06:06,777 [pool-433-thread-1] INFO  server.RaftServerConfigKeys (ConfUtils.java:logGet(43)) - raft.server.notification.no-leader.timeout = 120s (custom)
2019-10-21 10:06:06,778 [pool-413-thread-1] INFO  server.RaftServerConfigKeys (ConfUtils.java:logGet(43)) - raft.server.notification.no-leader.timeout = 120s (custom)
2019-10-21 10:06:06,778 [pool-423-thread-1] INFO  server.RaftServerConfigKeys (ConfUtils.java:logGet(43)) - raft.server.notification.no-leader.timeout = 120s (custom)
2019-10-21 10:06:06,778 [pool-413-thread-1] INFO  server.RaftServerConfigKeys (ConfUtils.java:logGet(43)) - raft.server.log.use.memory = false (default)
2019-10-21 10:06:06,778 [pool-433-thread-1] INFO  server.RaftServerConfigKeys (ConfUtils.java:logGet(43)) - raft.server.log.use.memory = false (default)
2019-10-21 10:06:06,778 [pool-413-thread-1] INFO  server.RaftServerConfigKeys (ConfUtils.java:logGet(43)) - raft.server.log.purge.gap = 1000000 (custom)
2019-10-21 10:06:06,778 [pool-423-thread-1] INFO  server.RaftServerConfigKeys (ConfUtils.java:logGet(43)) - raft.server.log.use.memory = false (default)
2019-10-21 10:06:06,778 [pool-413-thread-1] INFO  server.RaftServerConfigKeys (ConfUtils.java:logGet(43)) - raft.server.log.appender.buffer.byte-limit = 33554432 (custom)
2019-10-21 10:06:06,778 [pool-433-thread-1] INFO  server.RaftServerConfigKeys (ConfUtils.java:logGet(43)) - raft.server.log.purge.gap = 1000000 (custom)
2019-10-21 10:06:06,778 [pool-413-thread-1] INFO  server.RaftServerConfigKeys (ConfUtils.java:logGet(43)) - raft.server.log.segment.size.max = 1048576 (custom)
2019-10-21 10:06:06,778 [pool-423-thread-1] INFO  server.RaftServerConfigKeys (ConfUtils.java:logGet(43)) - raft.server.log.purge.gap = 1000000 (custom)
2019-10-21 10:06:06,779 [pool-413-thread-1] INFO  server.RaftServerConfigKeys (ConfUtils.java:logGet(43)) - raft.server.log.segment.cache.num.max = 2 (custom)
2019-10-21 10:06:06,779 [pool-433-thread-1] INFO  server.RaftServerConfigKeys (ConfUtils.java:logGet(43)) - raft.server.log.appender.buffer.byte-limit = 33554432 (custom)
2019-10-21 10:06:06,779 [pool-413-thread-1] INFO  segmented.SegmentedRaftLogWorker (SegmentedRaftLogWorker.java:<init>(173)) - new 5cda621a-e384-44e3-bbf4-0cfd1f993ec8@group-AC916B71CF3B-SegmentedRaftLogWorker for RaftStorage:Storage Directory /workdir/hadoop-ozone/integration-test/target/test-dir/MiniOzoneClusterImpl-78a9b0a8-4992-4050-b351-33ca5d66f753/datanode-3/data/ratis/12442e2d-1a60-461f-a52f-ac916b71cf3b
2019-10-21 10:06:06,779 [pool-423-thread-1] INFO  server.RaftServerConfigKeys (ConfUtils.java:logGet(43)) - raft.server.log.appender.buffer.byte-limit = 33554432 (custom)
2019-10-21 10:06:06,779 [pool-413-thread-1] INFO  server.RaftServerConfigKeys (ConfUtils.java:logGet(43)) - raft.server.log.queue.byte-limit = 2147483647 (custom)
2019-10-21 10:06:06,779 [pool-433-thread-1] INFO  server.RaftServerConfigKeys (ConfUtils.java:logGet(43)) - raft.server.log.segment.size.max = 1048576 (custom)
2019-10-21 10:06:06,779 [pool-413-thread-1] INFO  server.RaftServerConfigKeys (ConfUtils.java:logGet(43)) - raft.server.log.queue.element-limit = 1024 (custom)
2019-10-21 10:06:06,779 [pool-423-thread-1] INFO  server.RaftServerConfigKeys (ConfUtils.java:logGet(43)) - raft.server.log.segment.size.max = 1048576 (custom)
2019-10-21 10:06:06,779 [pool-413-thread-1] INFO  server.RaftServerConfigKeys (ConfUtils.java:logGet(43)) - raft.server.log.segment.size.max = 1048576 (custom)
2019-10-21 10:06:06,779 [pool-433-thread-1] INFO  server.RaftServerConfigKeys (ConfUtils.java:logGet(43)) - raft.server.log.segment.cache.num.max = 2 (custom)
2019-10-21 10:06:06,780 [pool-413-thread-1] INFO  server.RaftServerConfigKeys (ConfUtils.java:logGet(43)) - raft.server.log.preallocated.size = 16384 (custom)
2019-10-21 10:06:06,779 [pool-423-thread-1] INFO  server.RaftServerConfigKeys (ConfUtils.java:logGet(43)) - raft.server.log.segment.cache.num.max = 2 (custom)
2019-10-21 10:06:06,780 [pool-413-thread-1] INFO  server.RaftServerConfigKeys (ConfUtils.java:logGet(43)) - raft.server.log.write.buffer.size = 33554432 (custom)
2019-10-21 10:06:06,780 [pool-433-thread-1] INFO  segmented.SegmentedRaftLogWorker (SegmentedRaftLogWorker.java:<init>(173)) - new 0e8af49c-2dd9-4585-a67e-e0a00ec611d2@group-AC916B71CF3B-SegmentedRaftLogWorker for RaftStorage:Storage Directory /workdir/hadoop-ozone/integration-test/target/test-dir/MiniOzoneClusterImpl-78a9b0a8-4992-4050-b351-33ca5d66f753/datanode-5/data/ratis/12442e2d-1a60-461f-a52f-ac916b71cf3b
2019-10-21 10:06:06,780 [pool-413-thread-1] INFO  server.RaftServerConfigKeys (ConfUtils.java:logGet(43)) - raft.server.log.force.sync.num = 128 (default)
2019-10-21 10:06:06,780 [pool-423-thread-1] INFO  segmented.SegmentedRaftLogWorker (SegmentedRaftLogWorker.java:<init>(173)) - new 6b09eafb-ccdb-4938-b473-66192c4ced18@group-AC916B71CF3B-SegmentedRaftLogWorker for RaftStorage:Storage Directory /workdir/hadoop-ozone/integration-test/target/test-dir/MiniOzoneClusterImpl-78a9b0a8-4992-4050-b351-33ca5d66f753/datanode-4/data/ratis/12442e2d-1a60-461f-a52f-ac916b71cf3b
2019-10-21 10:06:06,780 [pool-413-thread-1] INFO  server.RaftServerConfigKeys (ConfUtils.java:logGet(43)) - raft.server.log.statemachine.data.sync = true (default)
2019-10-21 10:06:06,780 [pool-433-thread-1] INFO  server.RaftServerConfigKeys (ConfUtils.java:logGet(43)) - raft.server.log.queue.byte-limit = 2147483647 (custom)
2019-10-21 10:06:06,780 [pool-413-thread-1] INFO  server.RaftServerConfigKeys (ConfUtils.java:logGet(43)) - raft.server.log.statemachine.data.sync.timeout = 10s (default)
2019-10-21 10:06:06,780 [pool-423-thread-1] INFO  server.RaftServerConfigKeys (ConfUtils.java:logGet(43)) - raft.server.log.queue.byte-limit = 2147483647 (custom)
2019-10-21 10:06:06,781 [pool-413-thread-1] INFO  server.RaftServerConfigKeys (ConfUtils.java:logGet(43)) - raft.server.log.statemachine.data.sync.timeout.retry = -1 (default)
2019-10-21 10:06:06,780 [pool-433-thread-1] INFO  server.RaftServerConfigKeys (ConfUtils.java:logGet(43)) - raft.server.log.queue.element-limit = 1024 (custom)
2019-10-21 10:06:06,781 [pool-413-thread-1] INFO  server.RaftServerConfigKeys (ConfUtils.java:logGet(43)) - raft.server.log.statemachine.data.caching.enabled = true (custom)
2019-10-21 10:06:06,781 [pool-423-thread-1] INFO  server.RaftServerConfigKeys (ConfUtils.java:logGet(43)) - raft.server.log.queue.element-limit = 1024 (custom)
2019-10-21 10:06:06,781 [pool-433-thread-1] INFO  server.RaftServerConfigKeys (ConfUtils.java:logGet(43)) - raft.server.log.segment.size.max = 1048576 (custom)
2019-10-21 10:06:06,781 [pool-413-thread-1] INFO  segmented.SegmentedRaftLogWorker (SegmentedRaftLogWorker.java:lambda$new$0(128)) - 5cda621a-e384-44e3-bbf4-0cfd1f993ec8@group-AC916B71CF3B-SegmentedRaftLogWorker: flushIndex: setUnconditionally 0 -> -1
2019-10-21 10:06:06,781 [pool-423-thread-1] INFO  server.RaftServerConfigKeys (ConfUtils.java:logGet(43)) - raft.server.log.segment.size.max = 1048576 (custom)
2019-10-21 10:06:06,781 [pool-433-thread-1] INFO  server.RaftServerConfigKeys (ConfUtils.java:logGet(43)) - raft.server.log.preallocated.size = 16384 (custom)
2019-10-21 10:06:06,781 [pool-423-thread-1] INFO  server.RaftServerConfigKeys (ConfUtils.java:logGet(43)) - raft.server.log.preallocated.size = 16384 (custom)
2019-10-21 10:06:06,781 [pool-433-thread-1] INFO  server.RaftServerConfigKeys (ConfUtils.java:logGet(43)) - raft.server.log.write.buffer.size = 33554432 (custom)
2019-10-21 10:06:06,781 [pool-413-thread-1] INFO  server.RaftServerConfigKeys (ConfUtils.java:logGet(43)) - raft.server.snapshot.auto.trigger.enabled = true (custom)
2019-10-21 10:06:06,782 [pool-433-thread-1] INFO  server.RaftServerConfigKeys (ConfUtils.java:logGet(43)) - raft.server.log.force.sync.num = 128 (default)
2019-10-21 10:06:06,781 [pool-423-thread-1] INFO  server.RaftServerConfigKeys (ConfUtils.java:logGet(43)) - raft.server.log.write.buffer.size = 33554432 (custom)
2019-10-21 10:06:06,782 [pool-433-thread-1] INFO  server.RaftServerConfigKeys (ConfUtils.java:logGet(43)) - raft.server.log.statemachine.data.sync = true (default)
2019-10-21 10:06:06,782 [pool-413-thread-1] INFO  server.RaftServerConfigKeys (ConfUtils.java:logGet(43)) - raft.server.snapshot.auto.trigger.threshold = 10000 (custom)
2019-10-21 10:06:06,782 [pool-433-thread-1] INFO  server.RaftServerConfigKeys (ConfUtils.java:logGet(43)) - raft.server.log.statemachine.data.sync.timeout = 10s (default)
2019-10-21 10:06:06,782 [pool-423-thread-1] INFO  server.RaftServerConfigKeys (ConfUtils.java:logGet(43)) - raft.server.log.force.sync.num = 128 (default)
2019-10-21 10:06:06,782 [pool-433-thread-1] INFO  server.RaftServerConfigKeys (ConfUtils.java:logGet(43)) - raft.server.log.statemachine.data.sync.timeout.retry = -1 (default)
2019-10-21 10:06:06,782 [pool-413-thread-1] INFO  server.RaftServerConfigKeys (ConfUtils.java:logGet(43)) - raft.server.snapshot.retention.file.num = 5 (custom)
2019-10-21 10:06:06,782 [pool-433-thread-1] INFO  server.RaftServerConfigKeys (ConfUtils.java:logGet(43)) - raft.server.log.statemachine.data.caching.enabled = true (custom)
2019-10-21 10:06:06,782 [pool-423-thread-1] INFO  server.RaftServerConfigKeys (ConfUtils.java:logGet(43)) - raft.server.log.statemachine.data.sync = true (default)
2019-10-21 10:06:06,783 [pool-433-thread-1] INFO  segmented.SegmentedRaftLogWorker (SegmentedRaftLogWorker.java:lambda$new$0(128)) - 0e8af49c-2dd9-4585-a67e-e0a00ec611d2@group-AC916B71CF3B-SegmentedRaftLogWorker: flushIndex: setUnconditionally 0 -> -1
2019-10-21 10:06:06,782 [pool-413-thread-1] INFO  server.RaftServerConfigKeys (ConfUtils.java:logGet(43)) - raft.server.retrycache.expirytime = 600000ms (custom)
2019-10-21 10:06:06,783 [pool-433-thread-1] INFO  server.RaftServerConfigKeys (ConfUtils.java:logGet(43)) - raft.server.snapshot.auto.trigger.enabled = true (custom)
2019-10-21 10:06:06,783 [pool-433-thread-1] INFO  server.RaftServerConfigKeys (ConfUtils.java:logGet(43)) - raft.server.snapshot.auto.trigger.threshold = 10000 (custom)
2019-10-21 10:06:06,783 [pool-423-thread-1] INFO  server.RaftServerConfigKeys (ConfUtils.java:logGet(43)) - raft.server.log.statemachine.data.sync.timeout = 10s (default)
2019-10-21 10:06:06,783 [pool-433-thread-1] INFO  server.RaftServerConfigKeys (ConfUtils.java:logGet(43)) - raft.server.snapshot.retention.file.num = 5 (custom)
2019-10-21 10:06:06,783 [pool-423-thread-1] INFO  server.RaftServerConfigKeys (ConfUtils.java:logGet(43)) - raft.server.log.statemachine.data.sync.timeout.retry = -1 (default)
2019-10-21 10:06:06,783 [pool-433-thread-1] INFO  server.RaftServerConfigKeys (ConfUtils.java:logGet(43)) - raft.server.retrycache.expirytime = 600000ms (custom)
2019-10-21 10:06:06,784 [pool-423-thread-1] INFO  server.RaftServerConfigKeys (ConfUtils.java:logGet(43)) - raft.server.log.statemachine.data.caching.enabled = true (custom)
2019-10-21 10:06:06,784 [pool-423-thread-1] INFO  segmented.SegmentedRaftLogWorker (SegmentedRaftLogWorker.java:lambda$new$0(128)) - 6b09eafb-ccdb-4938-b473-66192c4ced18@group-AC916B71CF3B-SegmentedRaftLogWorker: flushIndex: setUnconditionally 0 -> -1
2019-10-21 10:06:06,784 [pool-423-thread-1] INFO  server.RaftServerConfigKeys (ConfUtils.java:logGet(43)) - raft.server.snapshot.auto.trigger.enabled = true (custom)
2019-10-21 10:06:06,784 [pool-423-thread-1] INFO  server.RaftServerConfigKeys (ConfUtils.java:logGet(43)) - raft.server.snapshot.auto.trigger.threshold = 10000 (custom)
2019-10-21 10:06:06,784 [pool-423-thread-1] INFO  server.RaftServerConfigKeys (ConfUtils.java:logGet(43)) - raft.server.snapshot.retention.file.num = 5 (custom)
2019-10-21 10:06:06,784 [pool-423-thread-1] INFO  server.RaftServerConfigKeys (ConfUtils.java:logGet(43)) - raft.server.retrycache.expirytime = 600000ms (custom)
2019-10-21 10:06:06,786 [pool-413-thread-1] INFO  impl.RaftServerImpl (RaftServerImpl.java:start(181)) - 5cda621a-e384-44e3-bbf4-0cfd1f993ec8@group-AC916B71CF3B: start as a follower, conf=-1: [0e8af49c-2dd9-4585-a67e-e0a00ec611d2:192.168.34.51:39748, 6b09eafb-ccdb-4938-b473-66192c4ced18:192.168.34.51:38240, 5cda621a-e384-44e3-bbf4-0cfd1f993ec8:192.168.34.51:33873], old=null
2019-10-21 10:06:06,786 [pool-413-thread-1] INFO  impl.RaftServerImpl (RaftServerImpl.java:setRole(170)) - 5cda621a-e384-44e3-bbf4-0cfd1f993ec8@group-AC916B71CF3B: changes role from      null to FOLLOWER at term 0 for startAsFollower
2019-10-21 10:06:06,786 [pool-413-thread-1] INFO  impl.RoleInfo (RoleInfo.java:updateAndGet(143)) - 5cda621a-e384-44e3-bbf4-0cfd1f993ec8: start FollowerState
2019-10-21 10:06:06,786 [pool-433-thread-1] INFO  impl.RaftServerImpl (RaftServerImpl.java:start(181)) - 0e8af49c-2dd9-4585-a67e-e0a00ec611d2@group-AC916B71CF3B: start as a follower, conf=-1: [0e8af49c-2dd9-4585-a67e-e0a00ec611d2:192.168.34.51:39748, 6b09eafb-ccdb-4938-b473-66192c4ced18:192.168.34.51:38240, 5cda621a-e384-44e3-bbf4-0cfd1f993ec8:192.168.34.51:33873], old=null
2019-10-21 10:06:06,786 [pool-433-thread-1] INFO  impl.RaftServerImpl (RaftServerImpl.java:setRole(170)) - 0e8af49c-2dd9-4585-a67e-e0a00ec611d2@group-AC916B71CF3B: changes role from      null to FOLLOWER at term 0 for startAsFollower
2019-10-21 10:06:06,786 [pool-433-thread-1] INFO  impl.RoleInfo (RoleInfo.java:updateAndGet(143)) - 0e8af49c-2dd9-4585-a67e-e0a00ec611d2: start FollowerState
2019-10-21 10:06:06,786 [pool-413-thread-1] INFO  util.JmxRegister (JmxRegister.java:tryRegister(44)) - Successfully registered JMX Bean with object name Ratis:service=RaftServer,group=group-AC916B71CF3B,id=5cda621a-e384-44e3-bbf4-0cfd1f993ec8
2019-10-21 10:06:06,786 [pool-423-thread-1] INFO  impl.RaftServerImpl (RaftServerImpl.java:start(181)) - 6b09eafb-ccdb-4938-b473-66192c4ced18@group-AC916B71CF3B: start as a follower, conf=-1: [0e8af49c-2dd9-4585-a67e-e0a00ec611d2:192.168.34.51:39748, 6b09eafb-ccdb-4938-b473-66192c4ced18:192.168.34.51:38240, 5cda621a-e384-44e3-bbf4-0cfd1f993ec8:192.168.34.51:33873], old=null
2019-10-21 10:06:06,786 [pool-433-thread-1] INFO  util.JmxRegister (JmxRegister.java:tryRegister(44)) - Successfully registered JMX Bean with object name Ratis:service=RaftServer,group=group-AC916B71CF3B,id=0e8af49c-2dd9-4585-a67e-e0a00ec611d2
2019-10-21 10:06:06,786 [pool-423-thread-1] INFO  impl.RaftServerImpl (RaftServerImpl.java:setRole(170)) - 6b09eafb-ccdb-4938-b473-66192c4ced18@group-AC916B71CF3B: changes role from      null to FOLLOWER at term 0 for startAsFollower
2019-10-21 10:06:06,787 [pool-423-thread-1] INFO  impl.RoleInfo (RoleInfo.java:updateAndGet(143)) - 6b09eafb-ccdb-4938-b473-66192c4ced18: start FollowerState
2019-10-21 10:06:06,787 [pool-423-thread-1] INFO  util.JmxRegister (JmxRegister.java:tryRegister(44)) - Successfully registered JMX Bean with object name Ratis:service=RaftServer,group=group-AC916B71CF3B,id=6b09eafb-ccdb-4938-b473-66192c4ced18
2019-10-21 10:06:06,793 [RatisPipelineUtilsThread] INFO  pipeline.PipelineStateManager (PipelineStateManager.java:addPipeline(56)) - Created pipeline Pipeline[ Id: 12442e2d-1a60-461f-a52f-ac916b71cf3b, Nodes: 0e8af49c-2dd9-4585-a67e-e0a00ec611d2{ip: 192.168.34.51, host: pr-hdds-2291-fkckm-1634098129, networkLocation: /default-rack, certSerialId: null}5cda621a-e384-44e3-bbf4-0cfd1f993ec8{ip: 192.168.34.51, host: pr-hdds-2291-fkckm-1634098129, networkLocation: /default-rack, certSerialId: null}6b09eafb-ccdb-4938-b473-66192c4ced18{ip: 192.168.34.51, host: pr-hdds-2291-fkckm-1634098129, networkLocation: /default-rack, certSerialId: null}, Type:RATIS, Factor:THREE, State:OPEN]
2019-10-21 10:06:07,748 [main] INFO  ozone.MiniOzoneClusterImpl (MiniOzoneClusterImpl.java:lambda$waitForClusterToBeReady$0(147)) - Cluster is ready. Got 7 of 7 DN Heartbeats.
2019-10-21 10:06:07,789 [main] INFO  rpc.RpcClient (RpcClient.java:createVolume(272)) - Creating Volume: watchforcommithandlingtest, with jenkins1000 as owner.
2019-10-21 10:06:07,793 [IPC Server handler 1 on 42540] INFO  volume.OMVolumeCreateRequest (OMVolumeCreateRequest.java:validateAndUpdateCache(193)) - created volume:watchforcommithandlingtest for user:jenkins1000
2019-10-21 10:06:07,804 [main] INFO  rpc.RpcClient (RpcClient.java:createBucket(411)) - Creating Bucket: watchforcommithandlingtest/watchforcommithandlingtest, with Versioning false and Storage Type set to DISK and Encryption set to false 
2019-10-21 10:06:07,807 [main] INFO  ozone.MiniOzoneClusterImpl (MiniOzoneClusterImpl.java:getStorageContainerLocationClient(234)) - Creating StorageContainerLocationProtocol RPC client with address /0.0.0.0:46822
2019-10-21 10:06:09,342 [Thread-2276] INFO  container.ReplicationManager (ReplicationManager.java:start(162)) - Starting Replication Monitor Thread.
2019-10-21 10:06:09,346 [ReplicationMonitor] INFO  container.ReplicationManager (ReplicationManager.java:run(225)) - Replication Monitor Thread took 0 milliseconds for processing 1 containers.
2019-10-21 10:06:11,500 [Thread-2278] INFO  impl.FollowerState (FollowerState.java:run(108)) - d4d5d1c0-7c9d-47b2-b449-18f809a57908@group-FF5C07F722A9-FollowerState: change to CANDIDATE, lastRpcTime:5073ms, electionTimeout:5073ms
2019-10-21 10:06:11,500 [Thread-2278] INFO  impl.RoleInfo (RoleInfo.java:shutdownFollowerState(121)) - d4d5d1c0-7c9d-47b2-b449-18f809a57908: shutdown FollowerState
2019-10-21 10:06:11,500 [Thread-2278] INFO  impl.RaftServerImpl (RaftServerImpl.java:setRole(170)) - d4d5d1c0-7c9d-47b2-b449-18f809a57908@group-FF5C07F722A9: changes role from  FOLLOWER to CANDIDATE at term 0 for changeToCandidate
2019-10-21 10:06:11,501 [Thread-2278] INFO  impl.RoleInfo (RoleInfo.java:updateAndGet(143)) - d4d5d1c0-7c9d-47b2-b449-18f809a57908: start LeaderElection
2019-10-21 10:06:11,521 [d4d5d1c0-7c9d-47b2-b449-18f809a57908@group-FF5C07F722A9-LeaderElection57] INFO  impl.LeaderElection (LeaderElection.java:askForVotes(178)) - d4d5d1c0-7c9d-47b2-b449-18f809a57908@group-FF5C07F722A9-LeaderElection57: begin an election at term 1 for -1: [d4d5d1c0-7c9d-47b2-b449-18f809a57908:192.168.34.51:34981], old=null
2019-10-21 10:06:11,521 [d4d5d1c0-7c9d-47b2-b449-18f809a57908@group-FF5C07F722A9-LeaderElection57] INFO  impl.RoleInfo (RoleInfo.java:shutdownLeaderElection(134)) - d4d5d1c0-7c9d-47b2-b449-18f809a57908: shutdown LeaderElection
2019-10-21 10:06:11,521 [d4d5d1c0-7c9d-47b2-b449-18f809a57908@group-FF5C07F722A9-LeaderElection57] INFO  impl.RaftServerImpl (RaftServerImpl.java:setRole(170)) - d4d5d1c0-7c9d-47b2-b449-18f809a57908@group-FF5C07F722A9: changes role from CANDIDATE to LEADER at term 1 for changeToLeader
2019-10-21 10:06:11,521 [d4d5d1c0-7c9d-47b2-b449-18f809a57908@group-FF5C07F722A9-LeaderElection57] INFO  impl.RaftServerImpl (ServerState.java:setLeader(255)) - d4d5d1c0-7c9d-47b2-b449-18f809a57908@group-FF5C07F722A9: change Leader from null to d4d5d1c0-7c9d-47b2-b449-18f809a57908 at term 1 for becomeLeader, leader elected after 5123ms
2019-10-21 10:06:11,521 [d4d5d1c0-7c9d-47b2-b449-18f809a57908@group-FF5C07F722A9-LeaderElection57] INFO  server.RaftServerConfigKeys (ConfUtils.java:logGet(43)) - raft.server.staging.catchup.gap = 1000 (default)
2019-10-21 10:06:11,522 [d4d5d1c0-7c9d-47b2-b449-18f809a57908@group-FF5C07F722A9-LeaderElection57] INFO  server.RaftServerConfigKeys (ConfUtils.java:logGet(43)) - raft.server.rpc.sleep.time = 25ms (default)
2019-10-21 10:06:11,522 [d4d5d1c0-7c9d-47b2-b449-18f809a57908@group-FF5C07F722A9-LeaderElection57] INFO  server.RaftServerConfigKeys (ConfUtils.java:logGet(43)) - raft.server.write.element-limit = 4096 (default)
2019-10-21 10:06:11,522 [d4d5d1c0-7c9d-47b2-b449-18f809a57908@group-FF5C07F722A9-LeaderElection57] INFO  server.RaftServerConfigKeys (ConfUtils.java:logGet(43)) - raft.server.watch.timeout = 10s (default)
2019-10-21 10:06:11,522 [d4d5d1c0-7c9d-47b2-b449-18f809a57908@group-FF5C07F722A9-LeaderElection57] INFO  server.RaftServerConfigKeys (ConfUtils.java:logGet(43)) - raft.server.watch.timeout.denomination = 1s (default)
2019-10-21 10:06:11,522 [d4d5d1c0-7c9d-47b2-b449-18f809a57908@group-FF5C07F722A9-LeaderElection57] INFO  server.RaftServerConfigKeys (ConfUtils.java:logGet(43)) - raft.server.watch.element-limit = 65536 (default)
2019-10-21 10:06:11,524 [d4d5d1c0-7c9d-47b2-b449-18f809a57908@group-FF5C07F722A9-LeaderElection57] INFO  impl.RoleInfo (RoleInfo.java:updateAndGet(143)) - d4d5d1c0-7c9d-47b2-b449-18f809a57908: start LeaderState
2019-10-21 10:06:11,525 [d4d5d1c0-7c9d-47b2-b449-18f809a57908@group-FF5C07F722A9-LeaderElection57] INFO  segmented.SegmentedRaftLogWorker (SegmentedRaftLogWorker.java:startLogSegment(385)) - d4d5d1c0-7c9d-47b2-b449-18f809a57908@group-FF5C07F722A9-SegmentedRaftLogWorker: Starting segment from index:0
2019-10-21 10:06:11,526 [d4d5d1c0-7c9d-47b2-b449-18f809a57908@group-FF5C07F722A9-LeaderElection57] INFO  impl.RaftServerImpl (ServerState.java:setRaftConf(356)) - d4d5d1c0-7c9d-47b2-b449-18f809a57908@group-FF5C07F722A9: set configuration 0: [d4d5d1c0-7c9d-47b2-b449-18f809a57908:192.168.34.51:34981], old=null at 0
2019-10-21 10:06:11,537 [Thread-2284] INFO  impl.FollowerState (FollowerState.java:run(108)) - 9904cb84-9087-433f-9360-491d3967bdd8@group-A442C8DD36DC-FollowerState: change to CANDIDATE, lastRpcTime:5019ms, electionTimeout:5019ms
2019-10-21 10:06:11,537 [Thread-2284] INFO  impl.RoleInfo (RoleInfo.java:shutdownFollowerState(121)) - 9904cb84-9087-433f-9360-491d3967bdd8: shutdown FollowerState
2019-10-21 10:06:11,538 [Thread-2284] INFO  impl.RaftServerImpl (RaftServerImpl.java:setRole(170)) - 9904cb84-9087-433f-9360-491d3967bdd8@group-A442C8DD36DC: changes role from  FOLLOWER to CANDIDATE at term 0 for changeToCandidate
2019-10-21 10:06:11,538 [Thread-2284] INFO  impl.RoleInfo (RoleInfo.java:updateAndGet(143)) - 9904cb84-9087-433f-9360-491d3967bdd8: start LeaderElection
2019-10-21 10:06:11,571 [d4d5d1c0-7c9d-47b2-b449-18f809a57908@group-FF5C07F722A9-SegmentedRaftLogWorker] INFO  segmented.SegmentedRaftLogWorker (SegmentedRaftLogWorker.java:execute(574)) - d4d5d1c0-7c9d-47b2-b449-18f809a57908@group-FF5C07F722A9-SegmentedRaftLogWorker: created new log segment /workdir/hadoop-ozone/integration-test/target/test-dir/MiniOzoneClusterImpl-78a9b0a8-4992-4050-b351-33ca5d66f753/datanode-0/data/ratis/72941386-cf2b-4c8e-966b-ff5c07f722a9/current/log_inprogress_0
2019-10-21 10:06:11,571 [9904cb84-9087-433f-9360-491d3967bdd8@group-A442C8DD36DC-LeaderElection58] INFO  impl.LeaderElection (LeaderElection.java:askForVotes(178)) - 9904cb84-9087-433f-9360-491d3967bdd8@group-A442C8DD36DC-LeaderElection58: begin an election at term 1 for -1: [9904cb84-9087-433f-9360-491d3967bdd8:192.168.34.51:33730], old=null
2019-10-21 10:06:11,571 [9904cb84-9087-433f-9360-491d3967bdd8@group-A442C8DD36DC-LeaderElection58] INFO  impl.RoleInfo (RoleInfo.java:shutdownLeaderElection(134)) - 9904cb84-9087-433f-9360-491d3967bdd8: shutdown LeaderElection
2019-10-21 10:06:11,571 [9904cb84-9087-433f-9360-491d3967bdd8@group-A442C8DD36DC-LeaderElection58] INFO  impl.RaftServerImpl (RaftServerImpl.java:setRole(170)) - 9904cb84-9087-433f-9360-491d3967bdd8@group-A442C8DD36DC: changes role from CANDIDATE to LEADER at term 1 for changeToLeader
2019-10-21 10:06:11,571 [9904cb84-9087-433f-9360-491d3967bdd8@group-A442C8DD36DC-LeaderElection58] INFO  impl.RaftServerImpl (ServerState.java:setLeader(255)) - 9904cb84-9087-433f-9360-491d3967bdd8@group-A442C8DD36DC: change Leader from null to 9904cb84-9087-433f-9360-491d3967bdd8 at term 1 for becomeLeader, leader elected after 5058ms
2019-10-21 10:06:11,571 [9904cb84-9087-433f-9360-491d3967bdd8@group-A442C8DD36DC-LeaderElection58] INFO  server.RaftServerConfigKeys (ConfUtils.java:logGet(43)) - raft.server.staging.catchup.gap = 1000 (default)
2019-10-21 10:06:11,571 [9904cb84-9087-433f-9360-491d3967bdd8@group-A442C8DD36DC-LeaderElection58] INFO  server.RaftServerConfigKeys (ConfUtils.java:logGet(43)) - raft.server.rpc.sleep.time = 25ms (default)
2019-10-21 10:06:11,572 [9904cb84-9087-433f-9360-491d3967bdd8@group-A442C8DD36DC-LeaderElection58] INFO  server.RaftServerConfigKeys (ConfUtils.java:logGet(43)) - raft.server.write.element-limit = 4096 (default)
2019-10-21 10:06:11,572 [9904cb84-9087-433f-9360-491d3967bdd8@group-A442C8DD36DC-LeaderElection58] INFO  server.RaftServerConfigKeys (ConfUtils.java:logGet(43)) - raft.server.watch.timeout = 10s (default)
2019-10-21 10:06:11,572 [9904cb84-9087-433f-9360-491d3967bdd8@group-A442C8DD36DC-LeaderElection58] INFO  server.RaftServerConfigKeys (ConfUtils.java:logGet(43)) - raft.server.watch.timeout.denomination = 1s (default)
2019-10-21 10:06:11,572 [9904cb84-9087-433f-9360-491d3967bdd8@group-A442C8DD36DC-LeaderElection58] INFO  server.RaftServerConfigKeys (ConfUtils.java:logGet(43)) - raft.server.watch.element-limit = 65536 (default)
2019-10-21 10:06:11,573 [9904cb84-9087-433f-9360-491d3967bdd8@group-A442C8DD36DC-LeaderElection58] INFO  impl.RoleInfo (RoleInfo.java:updateAndGet(143)) - 9904cb84-9087-433f-9360-491d3967bdd8: start LeaderState
2019-10-21 10:06:11,573 [9904cb84-9087-433f-9360-491d3967bdd8@group-A442C8DD36DC-LeaderElection58] INFO  segmented.SegmentedRaftLogWorker (SegmentedRaftLogWorker.java:startLogSegment(385)) - 9904cb84-9087-433f-9360-491d3967bdd8@group-A442C8DD36DC-SegmentedRaftLogWorker: Starting segment from index:0
2019-10-21 10:06:11,574 [9904cb84-9087-433f-9360-491d3967bdd8@group-A442C8DD36DC-LeaderElection58] INFO  impl.RaftServerImpl (ServerState.java:setRaftConf(356)) - 9904cb84-9087-433f-9360-491d3967bdd8@group-A442C8DD36DC: set configuration 0: [9904cb84-9087-433f-9360-491d3967bdd8:192.168.34.51:33730], old=null at 0
2019-10-21 10:06:11,626 [9904cb84-9087-433f-9360-491d3967bdd8@group-A442C8DD36DC-SegmentedRaftLogWorker] INFO  segmented.SegmentedRaftLogWorker (SegmentedRaftLogWorker.java:execute(574)) - 9904cb84-9087-433f-9360-491d3967bdd8@group-A442C8DD36DC-SegmentedRaftLogWorker: created new log segment /workdir/hadoop-ozone/integration-test/target/test-dir/MiniOzoneClusterImpl-78a9b0a8-4992-4050-b351-33ca5d66f753/datanode-2/data/ratis/fd4a5b40-ff25-4a92-8428-a442c8dd36dc/current/log_inprogress_0
2019-10-21 10:06:11,646 [Thread-2281] INFO  impl.FollowerState (FollowerState.java:run(108)) - 0853c819-70db-4736-b114-b23cf27fe670@group-63F51F7EE1A0-FollowerState: change to CANDIDATE, lastRpcTime:5173ms, electionTimeout:5173ms
2019-10-21 10:06:11,646 [Thread-2281] INFO  impl.RoleInfo (RoleInfo.java:shutdownFollowerState(121)) - 0853c819-70db-4736-b114-b23cf27fe670: shutdown FollowerState
2019-10-21 10:06:11,646 [Thread-2281] INFO  impl.RaftServerImpl (RaftServerImpl.java:setRole(170)) - 0853c819-70db-4736-b114-b23cf27fe670@group-63F51F7EE1A0: changes role from  FOLLOWER to CANDIDATE at term 0 for changeToCandidate
2019-10-21 10:06:11,646 [Thread-2281] INFO  impl.RoleInfo (RoleInfo.java:updateAndGet(143)) - 0853c819-70db-4736-b114-b23cf27fe670: start LeaderElection
2019-10-21 10:06:11,663 [0853c819-70db-4736-b114-b23cf27fe670@group-63F51F7EE1A0-LeaderElection59] INFO  impl.LeaderElection (LeaderElection.java:askForVotes(178)) - 0853c819-70db-4736-b114-b23cf27fe670@group-63F51F7EE1A0-LeaderElection59: begin an election at term 1 for -1: [0853c819-70db-4736-b114-b23cf27fe670:192.168.34.51:34823], old=null
2019-10-21 10:06:11,663 [0853c819-70db-4736-b114-b23cf27fe670@group-63F51F7EE1A0-LeaderElection59] INFO  impl.RoleInfo (RoleInfo.java:shutdownLeaderElection(134)) - 0853c819-70db-4736-b114-b23cf27fe670: shutdown LeaderElection
2019-10-21 10:06:11,664 [0853c819-70db-4736-b114-b23cf27fe670@group-63F51F7EE1A0-LeaderElection59] INFO  impl.RaftServerImpl (RaftServerImpl.java:setRole(170)) - 0853c819-70db-4736-b114-b23cf27fe670@group-63F51F7EE1A0: changes role from CANDIDATE to LEADER at term 1 for changeToLeader
2019-10-21 10:06:11,664 [0853c819-70db-4736-b114-b23cf27fe670@group-63F51F7EE1A0-LeaderElection59] INFO  impl.RaftServerImpl (ServerState.java:setLeader(255)) - 0853c819-70db-4736-b114-b23cf27fe670@group-63F51F7EE1A0: change Leader from null to 0853c819-70db-4736-b114-b23cf27fe670 at term 1 for becomeLeader, leader elected after 5196ms
2019-10-21 10:06:11,664 [0853c819-70db-4736-b114-b23cf27fe670@group-63F51F7EE1A0-LeaderElection59] INFO  server.RaftServerConfigKeys (ConfUtils.java:logGet(43)) - raft.server.staging.catchup.gap = 1000 (default)
2019-10-21 10:06:11,664 [0853c819-70db-4736-b114-b23cf27fe670@group-63F51F7EE1A0-LeaderElection59] INFO  server.RaftServerConfigKeys (ConfUtils.java:logGet(43)) - raft.server.rpc.sleep.time = 25ms (default)
2019-10-21 10:06:11,664 [0853c819-70db-4736-b114-b23cf27fe670@group-63F51F7EE1A0-LeaderElection59] INFO  server.RaftServerConfigKeys (ConfUtils.java:logGet(43)) - raft.server.write.element-limit = 4096 (default)
2019-10-21 10:06:11,664 [0853c819-70db-4736-b114-b23cf27fe670@group-63F51F7EE1A0-LeaderElection59] INFO  server.RaftServerConfigKeys (ConfUtils.java:logGet(43)) - raft.server.watch.timeout = 10s (default)
2019-10-21 10:06:11,664 [0853c819-70db-4736-b114-b23cf27fe670@group-63F51F7EE1A0-LeaderElection59] INFO  server.RaftServerConfigKeys (ConfUtils.java:logGet(43)) - raft.server.watch.timeout.denomination = 1s (default)
2019-10-21 10:06:11,665 [0853c819-70db-4736-b114-b23cf27fe670@group-63F51F7EE1A0-LeaderElection59] INFO  server.RaftServerConfigKeys (ConfUtils.java:logGet(43)) - raft.server.watch.element-limit = 65536 (default)
2019-10-21 10:06:11,667 [0853c819-70db-4736-b114-b23cf27fe670@group-63F51F7EE1A0-LeaderElection59] INFO  impl.RoleInfo (RoleInfo.java:updateAndGet(143)) - 0853c819-70db-4736-b114-b23cf27fe670: start LeaderState
2019-10-21 10:06:11,667 [0853c819-70db-4736-b114-b23cf27fe670@group-63F51F7EE1A0-LeaderElection59] INFO  segmented.SegmentedRaftLogWorker (SegmentedRaftLogWorker.java:startLogSegment(385)) - 0853c819-70db-4736-b114-b23cf27fe670@group-63F51F7EE1A0-SegmentedRaftLogWorker: Starting segment from index:0
2019-10-21 10:06:11,667 [0853c819-70db-4736-b114-b23cf27fe670@group-63F51F7EE1A0-LeaderElection59] INFO  impl.RaftServerImpl (ServerState.java:setRaftConf(356)) - 0853c819-70db-4736-b114-b23cf27fe670@group-63F51F7EE1A0: set configuration 0: [0853c819-70db-4736-b114-b23cf27fe670:192.168.34.51:34823], old=null at 0
2019-10-21 10:06:11,674 [Thread-2290] INFO  impl.FollowerState (FollowerState.java:run(108)) - 0853c819-70db-4736-b114-b23cf27fe670@group-15B546245171-FollowerState: change to CANDIDATE, lastRpcTime:5060ms, electionTimeout:5060ms
2019-10-21 10:06:11,674 [Thread-2290] INFO  impl.RoleInfo (RoleInfo.java:shutdownFollowerState(121)) - 0853c819-70db-4736-b114-b23cf27fe670: shutdown FollowerState
2019-10-21 10:06:11,674 [Thread-2290] INFO  impl.RaftServerImpl (RaftServerImpl.java:setRole(170)) - 0853c819-70db-4736-b114-b23cf27fe670@group-15B546245171: changes role from  FOLLOWER to CANDIDATE at term 0 for changeToCandidate
2019-10-21 10:06:11,674 [Thread-2290] INFO  impl.RoleInfo (RoleInfo.java:updateAndGet(143)) - 0853c819-70db-4736-b114-b23cf27fe670: start LeaderElection
2019-10-21 10:06:11,709 [0853c819-70db-4736-b114-b23cf27fe670@group-63F51F7EE1A0-SegmentedRaftLogWorker] INFO  segmented.SegmentedRaftLogWorker (SegmentedRaftLogWorker.java:execute(574)) - 0853c819-70db-4736-b114-b23cf27fe670@group-63F51F7EE1A0-SegmentedRaftLogWorker: created new log segment /workdir/hadoop-ozone/integration-test/target/test-dir/MiniOzoneClusterImpl-78a9b0a8-4992-4050-b351-33ca5d66f753/datanode-1/data/ratis/c1352ffd-fdbe-4459-8801-63f51f7ee1a0/current/log_inprogress_0
2019-10-21 10:06:11,709 [0853c819-70db-4736-b114-b23cf27fe670@group-15B546245171-LeaderElection60] INFO  impl.LeaderElection (LeaderElection.java:askForVotes(178)) - 0853c819-70db-4736-b114-b23cf27fe670@group-15B546245171-LeaderElection60: begin an election at term 1 for -1: [d4d5d1c0-7c9d-47b2-b449-18f809a57908:192.168.34.51:34981, 0853c819-70db-4736-b114-b23cf27fe670:192.168.34.51:34823, 9904cb84-9087-433f-9360-491d3967bdd8:192.168.34.51:33730], old=null
2019-10-21 10:06:11,713 [grpc-default-executor-0] INFO  impl.RaftServerImpl (RaftServerImpl.java:setRole(170)) - d4d5d1c0-7c9d-47b2-b449-18f809a57908@group-15B546245171: changes role from  FOLLOWER to FOLLOWER at term 1 for recognizeCandidate:0853c819-70db-4736-b114-b23cf27fe670
2019-10-21 10:06:11,713 [grpc-default-executor-2] INFO  impl.RaftServerImpl (RaftServerImpl.java:setRole(170)) - 9904cb84-9087-433f-9360-491d3967bdd8@group-15B546245171: changes role from  FOLLOWER to FOLLOWER at term 1 for recognizeCandidate:0853c819-70db-4736-b114-b23cf27fe670
2019-10-21 10:06:11,713 [grpc-default-executor-0] INFO  impl.RoleInfo (RoleInfo.java:shutdownFollowerState(121)) - d4d5d1c0-7c9d-47b2-b449-18f809a57908: shutdown FollowerState
2019-10-21 10:06:11,713 [grpc-default-executor-2] INFO  impl.RoleInfo (RoleInfo.java:shutdownFollowerState(121)) - 9904cb84-9087-433f-9360-491d3967bdd8: shutdown FollowerState
2019-10-21 10:06:11,714 [Thread-2294] INFO  impl.FollowerState (FollowerState.java:run(117)) - d4d5d1c0-7c9d-47b2-b449-18f809a57908@group-15B546245171-FollowerState was interrupted: java.lang.InterruptedException: sleep interrupted
2019-10-21 10:06:11,714 [grpc-default-executor-0] INFO  impl.RoleInfo (RoleInfo.java:updateAndGet(143)) - d4d5d1c0-7c9d-47b2-b449-18f809a57908: start FollowerState
2019-10-21 10:06:11,714 [grpc-default-executor-2] INFO  impl.RoleInfo (RoleInfo.java:updateAndGet(143)) - 9904cb84-9087-433f-9360-491d3967bdd8: start FollowerState
2019-10-21 10:06:11,714 [Thread-2295] INFO  impl.FollowerState (FollowerState.java:run(117)) - 9904cb84-9087-433f-9360-491d3967bdd8@group-15B546245171-FollowerState was interrupted: java.lang.InterruptedException: sleep interrupted
2019-10-21 10:06:11,722 [Thread-2287] INFO  impl.FollowerState (FollowerState.java:run(108)) - 5cda621a-e384-44e3-bbf4-0cfd1f993ec8@group-BA19853CDB64-FollowerState: change to CANDIDATE, lastRpcTime:5164ms, electionTimeout:5164ms
2019-10-21 10:06:11,722 [Thread-2287] INFO  impl.RoleInfo (RoleInfo.java:shutdownFollowerState(121)) - 5cda621a-e384-44e3-bbf4-0cfd1f993ec8: shutdown FollowerState
2019-10-21 10:06:11,722 [Thread-2287] INFO  impl.RaftServerImpl (RaftServerImpl.java:setRole(170)) - 5cda621a-e384-44e3-bbf4-0cfd1f993ec8@group-BA19853CDB64: changes role from  FOLLOWER to CANDIDATE at term 0 for changeToCandidate
2019-10-21 10:06:11,722 [Thread-2287] INFO  impl.RoleInfo (RoleInfo.java:updateAndGet(143)) - 5cda621a-e384-44e3-bbf4-0cfd1f993ec8: start LeaderElection
2019-10-21 10:06:11,726 [0853c819-70db-4736-b114-b23cf27fe670@group-15B546245171-LeaderElection60] INFO  impl.LeaderElection (LeaderElection.java:logAndReturn(56)) - 0853c819-70db-4736-b114-b23cf27fe670@group-15B546245171-LeaderElection60: Election PASSED; received 1 response(s) [0853c819-70db-4736-b114-b23cf27fe670<-d4d5d1c0-7c9d-47b2-b449-18f809a57908#0:OK-t1] and 0 exception(s); 0853c819-70db-4736-b114-b23cf27fe670@group-15B546245171:t1, leader=null, voted=0853c819-70db-4736-b114-b23cf27fe670, raftlog=0853c819-70db-4736-b114-b23cf27fe670@group-15B546245171-SegmentedRaftLog:OPENED:c-1,f-1,i0, conf=-1: [d4d5d1c0-7c9d-47b2-b449-18f809a57908:192.168.34.51:34981, 0853c819-70db-4736-b114-b23cf27fe670:192.168.34.51:34823, 9904cb84-9087-433f-9360-491d3967bdd8:192.168.34.51:33730], old=null
2019-10-21 10:06:11,726 [0853c819-70db-4736-b114-b23cf27fe670@group-15B546245171-LeaderElection60] INFO  impl.RoleInfo (RoleInfo.java:shutdownLeaderElection(134)) - 0853c819-70db-4736-b114-b23cf27fe670: shutdown LeaderElection
2019-10-21 10:06:11,726 [0853c819-70db-4736-b114-b23cf27fe670@group-15B546245171-LeaderElection60] INFO  impl.RaftServerImpl (RaftServerImpl.java:setRole(170)) - 0853c819-70db-4736-b114-b23cf27fe670@group-15B546245171: changes role from CANDIDATE to LEADER at term 1 for changeToLeader
2019-10-21 10:06:11,726 [0853c819-70db-4736-b114-b23cf27fe670@group-15B546245171-LeaderElection60] INFO  impl.RaftServerImpl (ServerState.java:setLeader(255)) - 0853c819-70db-4736-b114-b23cf27fe670@group-15B546245171: change Leader from null to 0853c819-70db-4736-b114-b23cf27fe670 at term 1 for becomeLeader, leader elected after 5119ms
2019-10-21 10:06:11,727 [0853c819-70db-4736-b114-b23cf27fe670@group-15B546245171-LeaderElection60] INFO  server.RaftServerConfigKeys (ConfUtils.java:logGet(43)) - raft.server.staging.catchup.gap = 1000 (default)
2019-10-21 10:06:11,727 [0853c819-70db-4736-b114-b23cf27fe670@group-15B546245171-LeaderElection60] INFO  server.RaftServerConfigKeys (ConfUtils.java:logGet(43)) - raft.server.rpc.sleep.time = 25ms (default)
2019-10-21 10:06:11,727 [0853c819-70db-4736-b114-b23cf27fe670@group-15B546245171-LeaderElection60] INFO  server.RaftServerConfigKeys (ConfUtils.java:logGet(43)) - raft.server.write.element-limit = 4096 (default)
2019-10-21 10:06:11,727 [0853c819-70db-4736-b114-b23cf27fe670@group-15B546245171-LeaderElection60] INFO  server.RaftServerConfigKeys (ConfUtils.java:logGet(43)) - raft.server.watch.timeout = 10s (default)
2019-10-21 10:06:11,727 [0853c819-70db-4736-b114-b23cf27fe670@group-15B546245171-LeaderElection60] INFO  server.RaftServerConfigKeys (ConfUtils.java:logGet(43)) - raft.server.watch.timeout.denomination = 1s (default)
2019-10-21 10:06:11,727 [0853c819-70db-4736-b114-b23cf27fe670@group-15B546245171-LeaderElection60] INFO  server.RaftServerConfigKeys (ConfUtils.java:logGet(43)) - raft.server.watch.element-limit = 65536 (default)
2019-10-21 10:06:11,728 [0853c819-70db-4736-b114-b23cf27fe670@group-15B546245171-LeaderElection60] INFO  server.RaftServerConfigKeys (ConfUtils.java:logGet(43)) - raft.server.log.appender.snapshot.chunk.size.max = 16MB (=16777216) (default)
2019-10-21 10:06:11,728 [0853c819-70db-4736-b114-b23cf27fe670@group-15B546245171-LeaderElection60] INFO  server.RaftServerConfigKeys (ConfUtils.java:logGet(43)) - raft.server.log.appender.buffer.byte-limit = 33554432 (custom)
2019-10-21 10:06:11,729 [0853c819-70db-4736-b114-b23cf27fe670@group-15B546245171-LeaderElection60] INFO  server.RaftServerConfigKeys (ConfUtils.java:logGet(43)) - raft.server.log.appender.buffer.element-limit = 1 (custom)
2019-10-21 10:06:11,729 [0853c819-70db-4736-b114-b23cf27fe670@group-15B546245171-LeaderElection60] INFO  grpc.GrpcConfigKeys$Server (ConfUtils.java:logGet(43)) - raft.grpc.server.leader.outstanding.appends.max = 128 (default)
2019-10-21 10:06:11,729 [0853c819-70db-4736-b114-b23cf27fe670@group-15B546245171-LeaderElection60] INFO  server.RaftServerConfigKeys (ConfUtils.java:logGet(43)) - raft.server.rpc.request.timeout = 3000ms (default)
2019-10-21 10:06:11,729 [0853c819-70db-4736-b114-b23cf27fe670@group-15B546245171-LeaderElection60] INFO  server.RaftServerConfigKeys (ConfUtils.java:logGet(43)) - raft.server.log.appender.install.snapshot.enabled = false (custom)
2019-10-21 10:06:11,729 [0853c819-70db-4736-b114-b23cf27fe670@group-15B546245171-LeaderElection60] INFO  server.RaftServerConfigKeys (ConfUtils.java:logGet(43)) - raft.server.log.appender.snapshot.chunk.size.max = 16MB (=16777216) (default)
2019-10-21 10:06:11,729 [0853c819-70db-4736-b114-b23cf27fe670@group-15B546245171-LeaderElection60] INFO  server.RaftServerConfigKeys (ConfUtils.java:logGet(43)) - raft.server.log.appender.buffer.byte-limit = 33554432 (custom)
2019-10-21 10:06:11,729 [0853c819-70db-4736-b114-b23cf27fe670@group-15B546245171-LeaderElection60] INFO  server.RaftServerConfigKeys (ConfUtils.java:logGet(43)) - raft.server.log.appender.buffer.element-limit = 1 (custom)
2019-10-21 10:06:11,729 [0853c819-70db-4736-b114-b23cf27fe670@group-15B546245171-LeaderElection60] INFO  grpc.GrpcConfigKeys$Server (ConfUtils.java:logGet(43)) - raft.grpc.server.leader.outstanding.appends.max = 128 (default)
2019-10-21 10:06:11,729 [0853c819-70db-4736-b114-b23cf27fe670@group-15B546245171-LeaderElection60] INFO  server.RaftServerConfigKeys (ConfUtils.java:logGet(43)) - raft.server.rpc.request.timeout = 3000ms (default)
2019-10-21 10:06:11,730 [0853c819-70db-4736-b114-b23cf27fe670@group-15B546245171-LeaderElection60] INFO  server.RaftServerConfigKeys (ConfUtils.java:logGet(43)) - raft.server.log.appender.install.snapshot.enabled = false (custom)
2019-10-21 10:06:11,730 [0853c819-70db-4736-b114-b23cf27fe670@group-15B546245171-LeaderElection60] INFO  impl.RoleInfo (RoleInfo.java:updateAndGet(143)) - 0853c819-70db-4736-b114-b23cf27fe670: start LeaderState
2019-10-21 10:06:11,730 [0853c819-70db-4736-b114-b23cf27fe670@group-15B546245171-LeaderElection60] INFO  segmented.SegmentedRaftLogWorker (SegmentedRaftLogWorker.java:startLogSegment(385)) - 0853c819-70db-4736-b114-b23cf27fe670@group-15B546245171-SegmentedRaftLogWorker: Starting segment from index:0
2019-10-21 10:06:11,730 [0853c819-70db-4736-b114-b23cf27fe670@group-15B546245171-LeaderElection60] INFO  impl.RaftServerImpl (ServerState.java:setRaftConf(356)) - 0853c819-70db-4736-b114-b23cf27fe670@group-15B546245171: set configuration 0: [d4d5d1c0-7c9d-47b2-b449-18f809a57908:192.168.34.51:34981, 0853c819-70db-4736-b114-b23cf27fe670:192.168.34.51:34823, 9904cb84-9087-433f-9360-491d3967bdd8:192.168.34.51:33730], old=null at 0
2019-10-21 10:06:11,754 [grpc-default-executor-2] INFO  impl.RaftServerImpl (ServerState.java:setLeader(255)) - d4d5d1c0-7c9d-47b2-b449-18f809a57908@group-15B546245171: change Leader from null to 0853c819-70db-4736-b114-b23cf27fe670 at term 1 for appendEntries, leader elected after 5146ms
2019-10-21 10:06:11,755 [5cda621a-e384-44e3-bbf4-0cfd1f993ec8@group-BA19853CDB64-LeaderElection61] INFO  impl.LeaderElection (LeaderElection.java:askForVotes(178)) - 5cda621a-e384-44e3-bbf4-0cfd1f993ec8@group-BA19853CDB64-LeaderElection61: begin an election at term 1 for -1: [5cda621a-e384-44e3-bbf4-0cfd1f993ec8:192.168.34.51:33873], old=null
2019-10-21 10:06:11,756 [5cda621a-e384-44e3-bbf4-0cfd1f993ec8@group-BA19853CDB64-LeaderElection61] INFO  impl.RoleInfo (RoleInfo.java:shutdownLeaderElection(134)) - 5cda621a-e384-44e3-bbf4-0cfd1f993ec8: shutdown LeaderElection
2019-10-21 10:06:11,756 [5cda621a-e384-44e3-bbf4-0cfd1f993ec8@group-BA19853CDB64-LeaderElection61] INFO  impl.RaftServerImpl (RaftServerImpl.java:setRole(170)) - 5cda621a-e384-44e3-bbf4-0cfd1f993ec8@group-BA19853CDB64: changes role from CANDIDATE to LEADER at term 1 for changeToLeader
2019-10-21 10:06:11,756 [5cda621a-e384-44e3-bbf4-0cfd1f993ec8@group-BA19853CDB64-LeaderElection61] INFO  impl.RaftServerImpl (ServerState.java:setLeader(255)) - 5cda621a-e384-44e3-bbf4-0cfd1f993ec8@group-BA19853CDB64: change Leader from null to 5cda621a-e384-44e3-bbf4-0cfd1f993ec8 at term 1 for becomeLeader, leader elected after 5202ms
2019-10-21 10:06:11,757 [grpc-default-executor-0] INFO  impl.RaftServerImpl (ServerState.java:setLeader(255)) - 9904cb84-9087-433f-9360-491d3967bdd8@group-15B546245171: change Leader from null to 0853c819-70db-4736-b114-b23cf27fe670 at term 1 for appendEntries, leader elected after 5149ms
2019-10-21 10:06:11,758 [5cda621a-e384-44e3-bbf4-0cfd1f993ec8@group-BA19853CDB64-LeaderElection61] INFO  server.RaftServerConfigKeys (ConfUtils.java:logGet(43)) - raft.server.staging.catchup.gap = 1000 (default)
2019-10-21 10:06:11,758 [5cda621a-e384-44e3-bbf4-0cfd1f993ec8@group-BA19853CDB64-LeaderElection61] INFO  server.RaftServerConfigKeys (ConfUtils.java:logGet(43)) - raft.server.rpc.sleep.time = 25ms (default)
2019-10-21 10:06:11,758 [5cda621a-e384-44e3-bbf4-0cfd1f993ec8@group-BA19853CDB64-LeaderElection61] INFO  server.RaftServerConfigKeys (ConfUtils.java:logGet(43)) - raft.server.write.element-limit = 4096 (default)
2019-10-21 10:06:11,758 [5cda621a-e384-44e3-bbf4-0cfd1f993ec8@group-BA19853CDB64-LeaderElection61] INFO  server.RaftServerConfigKeys (ConfUtils.java:logGet(43)) - raft.server.watch.timeout = 10s (default)
2019-10-21 10:06:11,758 [5cda621a-e384-44e3-bbf4-0cfd1f993ec8@group-BA19853CDB64-LeaderElection61] INFO  server.RaftServerConfigKeys (ConfUtils.java:logGet(43)) - raft.server.watch.timeout.denomination = 1s (default)
2019-10-21 10:06:11,758 [5cda621a-e384-44e3-bbf4-0cfd1f993ec8@group-BA19853CDB64-LeaderElection61] INFO  server.RaftServerConfigKeys (ConfUtils.java:logGet(43)) - raft.server.watch.element-limit = 65536 (default)
2019-10-21 10:06:11,759 [grpc-default-executor-2] INFO  impl.RaftServerImpl (ServerState.java:setRaftConf(356)) - d4d5d1c0-7c9d-47b2-b449-18f809a57908@group-15B546245171: set configuration 0: [d4d5d1c0-7c9d-47b2-b449-18f809a57908:192.168.34.51:34981, 0853c819-70db-4736-b114-b23cf27fe670:192.168.34.51:34823, 9904cb84-9087-433f-9360-491d3967bdd8:192.168.34.51:33730], old=null at 0
2019-10-21 10:06:11,759 [grpc-default-executor-0] INFO  impl.RaftServerImpl (ServerState.java:setRaftConf(356)) - 9904cb84-9087-433f-9360-491d3967bdd8@group-15B546245171: set configuration 0: [d4d5d1c0-7c9d-47b2-b449-18f809a57908:192.168.34.51:34981, 0853c819-70db-4736-b114-b23cf27fe670:192.168.34.51:34823, 9904cb84-9087-433f-9360-491d3967bdd8:192.168.34.51:33730], old=null at 0
2019-10-21 10:06:11,759 [grpc-default-executor-2] INFO  segmented.SegmentedRaftLogWorker (SegmentedRaftLogWorker.java:startLogSegment(385)) - d4d5d1c0-7c9d-47b2-b449-18f809a57908@group-15B546245171-SegmentedRaftLogWorker: Starting segment from index:0
2019-10-21 10:06:11,759 [grpc-default-executor-0] INFO  segmented.SegmentedRaftLogWorker (SegmentedRaftLogWorker.java:startLogSegment(385)) - 9904cb84-9087-433f-9360-491d3967bdd8@group-15B546245171-SegmentedRaftLogWorker: Starting segment from index:0
2019-10-21 10:06:11,760 [5cda621a-e384-44e3-bbf4-0cfd1f993ec8@group-BA19853CDB64-LeaderElection61] INFO  impl.RoleInfo (RoleInfo.java:updateAndGet(143)) - 5cda621a-e384-44e3-bbf4-0cfd1f993ec8: start LeaderState
2019-10-21 10:06:11,761 [5cda621a-e384-44e3-bbf4-0cfd1f993ec8@group-BA19853CDB64-LeaderElection61] INFO  segmented.SegmentedRaftLogWorker (SegmentedRaftLogWorker.java:startLogSegment(385)) - 5cda621a-e384-44e3-bbf4-0cfd1f993ec8@group-BA19853CDB64-SegmentedRaftLogWorker: Starting segment from index:0
2019-10-21 10:06:11,761 [5cda621a-e384-44e3-bbf4-0cfd1f993ec8@group-BA19853CDB64-LeaderElection61] INFO  impl.RaftServerImpl (ServerState.java:setRaftConf(356)) - 5cda621a-e384-44e3-bbf4-0cfd1f993ec8@group-BA19853CDB64: set configuration 0: [5cda621a-e384-44e3-bbf4-0cfd1f993ec8:192.168.34.51:33873], old=null at 0
2019-10-21 10:06:11,766 [0853c819-70db-4736-b114-b23cf27fe670@group-15B546245171-SegmentedRaftLogWorker] INFO  segmented.SegmentedRaftLogWorker (SegmentedRaftLogWorker.java:execute(574)) - 0853c819-70db-4736-b114-b23cf27fe670@group-15B546245171-SegmentedRaftLogWorker: created new log segment /workdir/hadoop-ozone/integration-test/target/test-dir/MiniOzoneClusterImpl-78a9b0a8-4992-4050-b351-33ca5d66f753/datanode-1/data/ratis/204caffc-bb1e-409e-875f-15b546245171/current/log_inprogress_0
2019-10-21 10:06:11,769 [Thread-2302] INFO  impl.FollowerState (FollowerState.java:run(108)) - 0e8af49c-2dd9-4585-a67e-e0a00ec611d2@group-67D2E91217A9-FollowerState: change to CANDIDATE, lastRpcTime:5048ms, electionTimeout:5048ms
2019-10-21 10:06:11,769 [Thread-2302] INFO  impl.RoleInfo (RoleInfo.java:shutdownFollowerState(121)) - 0e8af49c-2dd9-4585-a67e-e0a00ec611d2: shutdown FollowerState
2019-10-21 10:06:11,769 [Thread-2302] INFO  impl.RaftServerImpl (RaftServerImpl.java:setRole(170)) - 0e8af49c-2dd9-4585-a67e-e0a00ec611d2@group-67D2E91217A9: changes role from  FOLLOWER to CANDIDATE at term 0 for changeToCandidate
2019-10-21 10:06:11,769 [Thread-2302] INFO  impl.RoleInfo (RoleInfo.java:updateAndGet(143)) - 0e8af49c-2dd9-4585-a67e-e0a00ec611d2: start LeaderElection
2019-10-21 10:06:11,806 [d4d5d1c0-7c9d-47b2-b449-18f809a57908@group-15B546245171-SegmentedRaftLogWorker] INFO  segmented.SegmentedRaftLogWorker (SegmentedRaftLogWorker.java:execute(574)) - d4d5d1c0-7c9d-47b2-b449-18f809a57908@group-15B546245171-SegmentedRaftLogWorker: created new log segment /workdir/hadoop-ozone/integration-test/target/test-dir/MiniOzoneClusterImpl-78a9b0a8-4992-4050-b351-33ca5d66f753/datanode-0/data/ratis/204caffc-bb1e-409e-875f-15b546245171/current/log_inprogress_0
2019-10-21 10:06:11,806 [0e8af49c-2dd9-4585-a67e-e0a00ec611d2@group-67D2E91217A9-LeaderElection62] INFO  impl.LeaderElection (LeaderElection.java:askForVotes(178)) - 0e8af49c-2dd9-4585-a67e-e0a00ec611d2@group-67D2E91217A9-LeaderElection62: begin an election at term 1 for -1: [0e8af49c-2dd9-4585-a67e-e0a00ec611d2:192.168.34.51:39748], old=null
2019-10-21 10:06:11,806 [9904cb84-9087-433f-9360-491d3967bdd8@group-15B546245171-SegmentedRaftLogWorker] INFO  segmented.SegmentedRaftLogWorker (SegmentedRaftLogWorker.java:execute(574)) - 9904cb84-9087-433f-9360-491d3967bdd8@group-15B546245171-SegmentedRaftLogWorker: created new log segment /workdir/hadoop-ozone/integration-test/target/test-dir/MiniOzoneClusterImpl-78a9b0a8-4992-4050-b351-33ca5d66f753/datanode-2/data/ratis/204caffc-bb1e-409e-875f-15b546245171/current/log_inprogress_0
2019-10-21 10:06:11,806 [5cda621a-e384-44e3-bbf4-0cfd1f993ec8@group-BA19853CDB64-SegmentedRaftLogWorker] INFO  segmented.SegmentedRaftLogWorker (SegmentedRaftLogWorker.java:execute(574)) - 5cda621a-e384-44e3-bbf4-0cfd1f993ec8@group-BA19853CDB64-SegmentedRaftLogWorker: created new log segment /workdir/hadoop-ozone/integration-test/target/test-dir/MiniOzoneClusterImpl-78a9b0a8-4992-4050-b351-33ca5d66f753/datanode-3/data/ratis/d4d2a351-c670-4fdc-a494-ba19853cdb64/current/log_inprogress_0
2019-10-21 10:06:11,806 [0e8af49c-2dd9-4585-a67e-e0a00ec611d2@group-67D2E91217A9-LeaderElection62] INFO  impl.RoleInfo (RoleInfo.java:shutdownLeaderElection(134)) - 0e8af49c-2dd9-4585-a67e-e0a00ec611d2: shutdown LeaderElection
2019-10-21 10:06:11,806 [0e8af49c-2dd9-4585-a67e-e0a00ec611d2@group-67D2E91217A9-LeaderElection62] INFO  impl.RaftServerImpl (RaftServerImpl.java:setRole(170)) - 0e8af49c-2dd9-4585-a67e-e0a00ec611d2@group-67D2E91217A9: changes role from CANDIDATE to LEADER at term 1 for changeToLeader
2019-10-21 10:06:11,806 [0e8af49c-2dd9-4585-a67e-e0a00ec611d2@group-67D2E91217A9-LeaderElection62] INFO  impl.RaftServerImpl (ServerState.java:setLeader(255)) - 0e8af49c-2dd9-4585-a67e-e0a00ec611d2@group-67D2E91217A9: change Leader from null to 0e8af49c-2dd9-4585-a67e-e0a00ec611d2 at term 1 for becomeLeader, leader elected after 5089ms
2019-10-21 10:06:11,806 [0e8af49c-2dd9-4585-a67e-e0a00ec611d2@group-67D2E91217A9-LeaderElection62] INFO  server.RaftServerConfigKeys (ConfUtils.java:logGet(43)) - raft.server.staging.catchup.gap = 1000 (default)
2019-10-21 10:06:11,807 [0e8af49c-2dd9-4585-a67e-e0a00ec611d2@group-67D2E91217A9-LeaderElection62] INFO  server.RaftServerConfigKeys (ConfUtils.java:logGet(43)) - raft.server.rpc.sleep.time = 25ms (default)
2019-10-21 10:06:11,807 [0e8af49c-2dd9-4585-a67e-e0a00ec611d2@group-67D2E91217A9-LeaderElection62] INFO  server.RaftServerConfigKeys (ConfUtils.java:logGet(43)) - raft.server.write.element-limit = 4096 (default)
2019-10-21 10:06:11,807 [0e8af49c-2dd9-4585-a67e-e0a00ec611d2@group-67D2E91217A9-LeaderElection62] INFO  server.RaftServerConfigKeys (ConfUtils.java:logGet(43)) - raft.server.watch.timeout = 10s (default)
2019-10-21 10:06:11,807 [0e8af49c-2dd9-4585-a67e-e0a00ec611d2@group-67D2E91217A9-LeaderElection62] INFO  server.RaftServerConfigKeys (ConfUtils.java:logGet(43)) - raft.server.watch.timeout.denomination = 1s (default)
2019-10-21 10:06:11,807 [0e8af49c-2dd9-4585-a67e-e0a00ec611d2@group-67D2E91217A9-LeaderElection62] INFO  server.RaftServerConfigKeys (ConfUtils.java:logGet(43)) - raft.server.watch.element-limit = 65536 (default)
2019-10-21 10:06:11,808 [0e8af49c-2dd9-4585-a67e-e0a00ec611d2@group-67D2E91217A9-LeaderElection62] INFO  impl.RoleInfo (RoleInfo.java:updateAndGet(143)) - 0e8af49c-2dd9-4585-a67e-e0a00ec611d2: start LeaderState
2019-10-21 10:06:11,809 [0e8af49c-2dd9-4585-a67e-e0a00ec611d2@group-67D2E91217A9-LeaderElection62] INFO  segmented.SegmentedRaftLogWorker (SegmentedRaftLogWorker.java:startLogSegment(385)) - 0e8af49c-2dd9-4585-a67e-e0a00ec611d2@group-67D2E91217A9-SegmentedRaftLogWorker: Starting segment from index:0
2019-10-21 10:06:11,809 [0e8af49c-2dd9-4585-a67e-e0a00ec611d2@group-67D2E91217A9-LeaderElection62] INFO  impl.RaftServerImpl (ServerState.java:setRaftConf(356)) - 0e8af49c-2dd9-4585-a67e-e0a00ec611d2@group-67D2E91217A9: set configuration 0: [0e8af49c-2dd9-4585-a67e-e0a00ec611d2:192.168.34.51:39748], old=null at 0
2019-10-21 10:06:11,815 [Thread-2307] INFO  impl.FollowerState (FollowerState.java:run(108)) - 5cda621a-e384-44e3-bbf4-0cfd1f993ec8@group-AC916B71CF3B-FollowerState: change to CANDIDATE, lastRpcTime:5029ms, electionTimeout:5029ms
2019-10-21 10:06:11,815 [Thread-2307] INFO  impl.RoleInfo (RoleInfo.java:shutdownFollowerState(121)) - 5cda621a-e384-44e3-bbf4-0cfd1f993ec8: shutdown FollowerState
2019-10-21 10:06:11,816 [Thread-2307] INFO  impl.RaftServerImpl (RaftServerImpl.java:setRole(170)) - 5cda621a-e384-44e3-bbf4-0cfd1f993ec8@group-AC916B71CF3B: changes role from  FOLLOWER to CANDIDATE at term 0 for changeToCandidate
2019-10-21 10:06:11,816 [Thread-2307] INFO  impl.RoleInfo (RoleInfo.java:updateAndGet(143)) - 5cda621a-e384-44e3-bbf4-0cfd1f993ec8: start LeaderElection
2019-10-21 10:06:11,834 [Thread-2308] INFO  impl.FollowerState (FollowerState.java:run(108)) - 0e8af49c-2dd9-4585-a67e-e0a00ec611d2@group-AC916B71CF3B-FollowerState: change to CANDIDATE, lastRpcTime:5048ms, electionTimeout:5044ms
2019-10-21 10:06:11,834 [Thread-2299] INFO  impl.FollowerState (FollowerState.java:run(108)) - 6b09eafb-ccdb-4938-b473-66192c4ced18@group-D63A415B5A5E-FollowerState: change to CANDIDATE, lastRpcTime:5170ms, electionTimeout:5164ms
2019-10-21 10:06:11,834 [Thread-2308] INFO  impl.RoleInfo (RoleInfo.java:shutdownFollowerState(121)) - 0e8af49c-2dd9-4585-a67e-e0a00ec611d2: shutdown FollowerState
2019-10-21 10:06:11,835 [Thread-2299] INFO  impl.RoleInfo (RoleInfo.java:shutdownFollowerState(121)) - 6b09eafb-ccdb-4938-b473-66192c4ced18: shutdown FollowerState
2019-10-21 10:06:11,835 [Thread-2308] INFO  impl.RaftServerImpl (RaftServerImpl.java:setRole(170)) - 0e8af49c-2dd9-4585-a67e-e0a00ec611d2@group-AC916B71CF3B: changes role from  FOLLOWER to CANDIDATE at term 0 for changeToCandidate
2019-10-21 10:06:11,839 [Thread-2299] INFO  impl.RaftServerImpl (RaftServerImpl.java:setRole(170)) - 6b09eafb-ccdb-4938-b473-66192c4ced18@group-D63A415B5A5E: changes role from  FOLLOWER to CANDIDATE at term 0 for changeToCandidate
2019-10-21 10:06:11,839 [Thread-2308] INFO  impl.RoleInfo (RoleInfo.java:updateAndGet(143)) - 0e8af49c-2dd9-4585-a67e-e0a00ec611d2: start LeaderElection
2019-10-21 10:06:11,839 [Thread-2299] INFO  impl.RoleInfo (RoleInfo.java:updateAndGet(143)) - 6b09eafb-ccdb-4938-b473-66192c4ced18: start LeaderElection
2019-10-21 10:06:11,841 [0e8af49c-2dd9-4585-a67e-e0a00ec611d2@group-67D2E91217A9-SegmentedRaftLogWorker] INFO  segmented.SegmentedRaftLogWorker (SegmentedRaftLogWorker.java:execute(574)) - 0e8af49c-2dd9-4585-a67e-e0a00ec611d2@group-67D2E91217A9-SegmentedRaftLogWorker: created new log segment /workdir/hadoop-ozone/integration-test/target/test-dir/MiniOzoneClusterImpl-78a9b0a8-4992-4050-b351-33ca5d66f753/datanode-5/data/ratis/0d0f6439-15f8-4bb7-a035-67d2e91217a9/current/log_inprogress_0
2019-10-21 10:06:11,864 [6b09eafb-ccdb-4938-b473-66192c4ced18@group-D63A415B5A5E-LeaderElection65] INFO  impl.LeaderElection (LeaderElection.java:askForVotes(178)) - 6b09eafb-ccdb-4938-b473-66192c4ced18@group-D63A415B5A5E-LeaderElection65: begin an election at term 1 for -1: [6b09eafb-ccdb-4938-b473-66192c4ced18:192.168.34.51:38240], old=null
2019-10-21 10:06:11,864 [0e8af49c-2dd9-4585-a67e-e0a00ec611d2@group-AC916B71CF3B-LeaderElection64] INFO  impl.LeaderElection (LeaderElection.java:askForVotes(178)) - 0e8af49c-2dd9-4585-a67e-e0a00ec611d2@group-AC916B71CF3B-LeaderElection64: begin an election at term 1 for -1: [0e8af49c-2dd9-4585-a67e-e0a00ec611d2:192.168.34.51:39748, 6b09eafb-ccdb-4938-b473-66192c4ced18:192.168.34.51:38240, 5cda621a-e384-44e3-bbf4-0cfd1f993ec8:192.168.34.51:33873], old=null
2019-10-21 10:06:11,865 [6b09eafb-ccdb-4938-b473-66192c4ced18@group-D63A415B5A5E-LeaderElection65] INFO  impl.RoleInfo (RoleInfo.java:shutdownLeaderElection(134)) - 6b09eafb-ccdb-4938-b473-66192c4ced18: shutdown LeaderElection
2019-10-21 10:06:11,864 [5cda621a-e384-44e3-bbf4-0cfd1f993ec8@group-AC916B71CF3B-LeaderElection63] INFO  impl.LeaderElection (LeaderElection.java:askForVotes(178)) - 5cda621a-e384-44e3-bbf4-0cfd1f993ec8@group-AC916B71CF3B-LeaderElection63: begin an election at term 1 for -1: [0e8af49c-2dd9-4585-a67e-e0a00ec611d2:192.168.34.51:39748, 6b09eafb-ccdb-4938-b473-66192c4ced18:192.168.34.51:38240, 5cda621a-e384-44e3-bbf4-0cfd1f993ec8:192.168.34.51:33873], old=null
2019-10-21 10:06:11,865 [6b09eafb-ccdb-4938-b473-66192c4ced18@group-D63A415B5A5E-LeaderElection65] INFO  impl.RaftServerImpl (RaftServerImpl.java:setRole(170)) - 6b09eafb-ccdb-4938-b473-66192c4ced18@group-D63A415B5A5E: changes role from CANDIDATE to LEADER at term 1 for changeToLeader
2019-10-21 10:06:11,865 [6b09eafb-ccdb-4938-b473-66192c4ced18@group-D63A415B5A5E-LeaderElection65] INFO  impl.RaftServerImpl (ServerState.java:setLeader(255)) - 6b09eafb-ccdb-4938-b473-66192c4ced18@group-D63A415B5A5E: change Leader from null to 6b09eafb-ccdb-4938-b473-66192c4ced18 at term 1 for becomeLeader, leader elected after 5205ms
2019-10-21 10:06:11,865 [6b09eafb-ccdb-4938-b473-66192c4ced18@group-D63A415B5A5E-LeaderElection65] INFO  server.RaftServerConfigKeys (ConfUtils.java:logGet(43)) - raft.server.staging.catchup.gap = 1000 (default)
2019-10-21 10:06:11,865 [6b09eafb-ccdb-4938-b473-66192c4ced18@group-D63A415B5A5E-LeaderElection65] INFO  server.RaftServerConfigKeys (ConfUtils.java:logGet(43)) - raft.server.rpc.sleep.time = 25ms (default)
2019-10-21 10:06:11,865 [6b09eafb-ccdb-4938-b473-66192c4ced18@group-D63A415B5A5E-LeaderElection65] INFO  server.RaftServerConfigKeys (ConfUtils.java:logGet(43)) - raft.server.write.element-limit = 4096 (default)
2019-10-21 10:06:11,866 [6b09eafb-ccdb-4938-b473-66192c4ced18@group-D63A415B5A5E-LeaderElection65] INFO  server.RaftServerConfigKeys (ConfUtils.java:logGet(43)) - raft.server.watch.timeout = 10s (default)
2019-10-21 10:06:11,866 [6b09eafb-ccdb-4938-b473-66192c4ced18@group-D63A415B5A5E-LeaderElection65] INFO  server.RaftServerConfigKeys (ConfUtils.java:logGet(43)) - raft.server.watch.timeout.denomination = 1s (default)
2019-10-21 10:06:11,866 [6b09eafb-ccdb-4938-b473-66192c4ced18@group-D63A415B5A5E-LeaderElection65] INFO  server.RaftServerConfigKeys (ConfUtils.java:logGet(43)) - raft.server.watch.element-limit = 65536 (default)
2019-10-21 10:06:11,869 [6b09eafb-ccdb-4938-b473-66192c4ced18@group-D63A415B5A5E-LeaderElection65] INFO  impl.RoleInfo (RoleInfo.java:updateAndGet(143)) - 6b09eafb-ccdb-4938-b473-66192c4ced18: start LeaderState
2019-10-21 10:06:11,869 [6b09eafb-ccdb-4938-b473-66192c4ced18@group-D63A415B5A5E-LeaderElection65] INFO  segmented.SegmentedRaftLogWorker (SegmentedRaftLogWorker.java:startLogSegment(385)) - 6b09eafb-ccdb-4938-b473-66192c4ced18@group-D63A415B5A5E-SegmentedRaftLogWorker: Starting segment from index:0
2019-10-21 10:06:11,870 [6b09eafb-ccdb-4938-b473-66192c4ced18@group-D63A415B5A5E-LeaderElection65] INFO  impl.RaftServerImpl (ServerState.java:setRaftConf(356)) - 6b09eafb-ccdb-4938-b473-66192c4ced18@group-D63A415B5A5E: set configuration 0: [6b09eafb-ccdb-4938-b473-66192c4ced18:192.168.34.51:38240], old=null at 0
2019-10-21 10:06:11,894 [grpc-default-executor-1] INFO  impl.RaftServerImpl (RaftServerImpl.java:setRole(170)) - 6b09eafb-ccdb-4938-b473-66192c4ced18@group-AC916B71CF3B: changes role from  FOLLOWER to FOLLOWER at term 1 for recognizeCandidate:5cda621a-e384-44e3-bbf4-0cfd1f993ec8
2019-10-21 10:06:11,894 [grpc-default-executor-1] INFO  impl.RoleInfo (RoleInfo.java:shutdownFollowerState(121)) - 6b09eafb-ccdb-4938-b473-66192c4ced18: shutdown FollowerState
2019-10-21 10:06:11,894 [grpc-default-executor-1] INFO  impl.RoleInfo (RoleInfo.java:updateAndGet(143)) - 6b09eafb-ccdb-4938-b473-66192c4ced18: start FollowerState
2019-10-21 10:06:11,894 [Thread-2309] INFO  impl.FollowerState (FollowerState.java:run(117)) - 6b09eafb-ccdb-4938-b473-66192c4ced18@group-AC916B71CF3B-FollowerState was interrupted: java.lang.InterruptedException: sleep interrupted
2019-10-21 10:06:11,907 [6b09eafb-ccdb-4938-b473-66192c4ced18@group-D63A415B5A5E-SegmentedRaftLogWorker] INFO  segmented.SegmentedRaftLogWorker (SegmentedRaftLogWorker.java:execute(574)) - 6b09eafb-ccdb-4938-b473-66192c4ced18@group-D63A415B5A5E-SegmentedRaftLogWorker: created new log segment /workdir/hadoop-ozone/integration-test/target/test-dir/MiniOzoneClusterImpl-78a9b0a8-4992-4050-b351-33ca5d66f753/datanode-4/data/ratis/ed7a6166-4a6d-4bb6-a462-d63a415b5a5e/current/log_inprogress_0
2019-10-21 10:06:11,907 [5cda621a-e384-44e3-bbf4-0cfd1f993ec8@group-AC916B71CF3B-LeaderElection63] INFO  impl.LeaderElection (LeaderElection.java:logAndReturn(56)) - 5cda621a-e384-44e3-bbf4-0cfd1f993ec8@group-AC916B71CF3B-LeaderElection63: Election PASSED; received 2 response(s) [5cda621a-e384-44e3-bbf4-0cfd1f993ec8<-0e8af49c-2dd9-4585-a67e-e0a00ec611d2#0:FAIL-t1, 5cda621a-e384-44e3-bbf4-0cfd1f993ec8<-6b09eafb-ccdb-4938-b473-66192c4ced18#0:OK-t1] and 0 exception(s); 5cda621a-e384-44e3-bbf4-0cfd1f993ec8@group-AC916B71CF3B:t1, leader=null, voted=5cda621a-e384-44e3-bbf4-0cfd1f993ec8, raftlog=5cda621a-e384-44e3-bbf4-0cfd1f993ec8@group-AC916B71CF3B-SegmentedRaftLog:OPENED:c-1,f-1,i0, conf=-1: [0e8af49c-2dd9-4585-a67e-e0a00ec611d2:192.168.34.51:39748, 6b09eafb-ccdb-4938-b473-66192c4ced18:192.168.34.51:38240, 5cda621a-e384-44e3-bbf4-0cfd1f993ec8:192.168.34.51:33873], old=null
2019-10-21 10:06:11,908 [5cda621a-e384-44e3-bbf4-0cfd1f993ec8@group-AC916B71CF3B-LeaderElection63] INFO  impl.RoleInfo (RoleInfo.java:shutdownLeaderElection(134)) - 5cda621a-e384-44e3-bbf4-0cfd1f993ec8: shutdown LeaderElection
2019-10-21 10:06:11,908 [0e8af49c-2dd9-4585-a67e-e0a00ec611d2@group-AC916B71CF3B-LeaderElection64] INFO  impl.LeaderElection (LeaderElection.java:logAndReturn(56)) - 0e8af49c-2dd9-4585-a67e-e0a00ec611d2@group-AC916B71CF3B-LeaderElection64: Election REJECTED; received 2 response(s) [0e8af49c-2dd9-4585-a67e-e0a00ec611d2<-6b09eafb-ccdb-4938-b473-66192c4ced18#0:FAIL-t1, 0e8af49c-2dd9-4585-a67e-e0a00ec611d2<-5cda621a-e384-44e3-bbf4-0cfd1f993ec8#0:FAIL-t1] and 0 exception(s); 0e8af49c-2dd9-4585-a67e-e0a00ec611d2@group-AC916B71CF3B:t1, leader=null, voted=0e8af49c-2dd9-4585-a67e-e0a00ec611d2, raftlog=0e8af49c-2dd9-4585-a67e-e0a00ec611d2@group-AC916B71CF3B-SegmentedRaftLog:OPENED:c-1,f-1,i0, conf=-1: [0e8af49c-2dd9-4585-a67e-e0a00ec611d2:192.168.34.51:39748, 6b09eafb-ccdb-4938-b473-66192c4ced18:192.168.34.51:38240, 5cda621a-e384-44e3-bbf4-0cfd1f993ec8:192.168.34.51:33873], old=null
2019-10-21 10:06:11,908 [5cda621a-e384-44e3-bbf4-0cfd1f993ec8@group-AC916B71CF3B-LeaderElection63] INFO  impl.RaftServerImpl (RaftServerImpl.java:setRole(170)) - 5cda621a-e384-44e3-bbf4-0cfd1f993ec8@group-AC916B71CF3B: changes role from CANDIDATE to LEADER at term 1 for changeToLeader
2019-10-21 10:06:11,909 [0e8af49c-2dd9-4585-a67e-e0a00ec611d2@group-AC916B71CF3B-LeaderElection64] INFO  impl.RaftServerImpl (RaftServerImpl.java:setRole(170)) - 0e8af49c-2dd9-4585-a67e-e0a00ec611d2@group-AC916B71CF3B: changes role from CANDIDATE to FOLLOWER at term 1 for DISCOVERED_A_NEW_TERM
2019-10-21 10:06:11,911 [0e8af49c-2dd9-4585-a67e-e0a00ec611d2@group-AC916B71CF3B-LeaderElection64] INFO  impl.RoleInfo (RoleInfo.java:shutdownLeaderElection(134)) - 0e8af49c-2dd9-4585-a67e-e0a00ec611d2: shutdown LeaderElection
2019-10-21 10:06:11,910 [5cda621a-e384-44e3-bbf4-0cfd1f993ec8@group-AC916B71CF3B-LeaderElection63] INFO  impl.RaftServerImpl (ServerState.java:setLeader(255)) - 5cda621a-e384-44e3-bbf4-0cfd1f993ec8@group-AC916B71CF3B: change Leader from null to 5cda621a-e384-44e3-bbf4-0cfd1f993ec8 at term 1 for becomeLeader, leader elected after 5131ms
2019-10-21 10:06:11,911 [0e8af49c-2dd9-4585-a67e-e0a00ec611d2@group-AC916B71CF3B-LeaderElection64] INFO  impl.RoleInfo (RoleInfo.java:updateAndGet(143)) - 0e8af49c-2dd9-4585-a67e-e0a00ec611d2: start FollowerState
2019-10-21 10:06:11,911 [5cda621a-e384-44e3-bbf4-0cfd1f993ec8@group-AC916B71CF3B-LeaderElection63] INFO  server.RaftServerConfigKeys (ConfUtils.java:logGet(43)) - raft.server.staging.catchup.gap = 1000 (default)
2019-10-21 10:06:11,911 [5cda621a-e384-44e3-bbf4-0cfd1f993ec8@group-AC916B71CF3B-LeaderElection63] INFO  server.RaftServerConfigKeys (ConfUtils.java:logGet(43)) - raft.server.rpc.sleep.time = 25ms (default)
2019-10-21 10:06:11,912 [5cda621a-e384-44e3-bbf4-0cfd1f993ec8@group-AC916B71CF3B-LeaderElection63] INFO  server.RaftServerConfigKeys (ConfUtils.java:logGet(43)) - raft.server.write.element-limit = 4096 (default)
2019-10-21 10:06:11,912 [5cda621a-e384-44e3-bbf4-0cfd1f993ec8@group-AC916B71CF3B-LeaderElection63] INFO  server.RaftServerConfigKeys (ConfUtils.java:logGet(43)) - raft.server.watch.timeout = 10s (default)
2019-10-21 10:06:11,912 [5cda621a-e384-44e3-bbf4-0cfd1f993ec8@group-AC916B71CF3B-LeaderElection63] INFO  server.RaftServerConfigKeys (ConfUtils.java:logGet(43)) - raft.server.watch.timeout.denomination = 1s (default)
2019-10-21 10:06:11,912 [5cda621a-e384-44e3-bbf4-0cfd1f993ec8@group-AC916B71CF3B-LeaderElection63] INFO  server.RaftServerConfigKeys (ConfUtils.java:logGet(43)) - raft.server.watch.element-limit = 65536 (default)
2019-10-21 10:06:11,914 [5cda621a-e384-44e3-bbf4-0cfd1f993ec8@group-AC916B71CF3B-LeaderElection63] INFO  server.RaftServerConfigKeys (ConfUtils.java:logGet(43)) - raft.server.log.appender.snapshot.chunk.size.max = 16MB (=16777216) (default)
2019-10-21 10:06:11,914 [5cda621a-e384-44e3-bbf4-0cfd1f993ec8@group-AC916B71CF3B-LeaderElection63] INFO  server.RaftServerConfigKeys (ConfUtils.java:logGet(43)) - raft.server.log.appender.buffer.byte-limit = 33554432 (custom)
2019-10-21 10:06:11,914 [5cda621a-e384-44e3-bbf4-0cfd1f993ec8@group-AC916B71CF3B-LeaderElection63] INFO  server.RaftServerConfigKeys (ConfUtils.java:logGet(43)) - raft.server.log.appender.buffer.element-limit = 1 (custom)
2019-10-21 10:06:11,914 [5cda621a-e384-44e3-bbf4-0cfd1f993ec8@group-AC916B71CF3B-LeaderElection63] INFO  grpc.GrpcConfigKeys$Server (ConfUtils.java:logGet(43)) - raft.grpc.server.leader.outstanding.appends.max = 128 (default)
2019-10-21 10:06:11,914 [5cda621a-e384-44e3-bbf4-0cfd1f993ec8@group-AC916B71CF3B-LeaderElection63] INFO  server.RaftServerConfigKeys (ConfUtils.java:logGet(43)) - raft.server.rpc.request.timeout = 3000ms (default)
2019-10-21 10:06:11,915 [5cda621a-e384-44e3-bbf4-0cfd1f993ec8@group-AC916B71CF3B-LeaderElection63] INFO  server.RaftServerConfigKeys (ConfUtils.java:logGet(43)) - raft.server.log.appender.install.snapshot.enabled = false (custom)
2019-10-21 10:06:11,915 [5cda621a-e384-44e3-bbf4-0cfd1f993ec8@group-AC916B71CF3B-LeaderElection63] INFO  server.RaftServerConfigKeys (ConfUtils.java:logGet(43)) - raft.server.log.appender.snapshot.chunk.size.max = 16MB (=16777216) (default)
2019-10-21 10:06:11,915 [5cda621a-e384-44e3-bbf4-0cfd1f993ec8@group-AC916B71CF3B-LeaderElection63] INFO  server.RaftServerConfigKeys (ConfUtils.java:logGet(43)) - raft.server.log.appender.buffer.byte-limit = 33554432 (custom)
2019-10-21 10:06:11,915 [5cda621a-e384-44e3-bbf4-0cfd1f993ec8@group-AC916B71CF3B-LeaderElection63] INFO  server.RaftServerConfigKeys (ConfUtils.java:logGet(43)) - raft.server.log.appender.buffer.element-limit = 1 (custom)
2019-10-21 10:06:11,915 [5cda621a-e384-44e3-bbf4-0cfd1f993ec8@group-AC916B71CF3B-LeaderElection63] INFO  grpc.GrpcConfigKeys$Server (ConfUtils.java:logGet(43)) - raft.grpc.server.leader.outstanding.appends.max = 128 (default)
2019-10-21 10:06:11,915 [5cda621a-e384-44e3-bbf4-0cfd1f993ec8@group-AC916B71CF3B-LeaderElection63] INFO  server.RaftServerConfigKeys (ConfUtils.java:logGet(43)) - raft.server.rpc.request.timeout = 3000ms (default)
2019-10-21 10:06:11,916 [5cda621a-e384-44e3-bbf4-0cfd1f993ec8@group-AC916B71CF3B-LeaderElection63] INFO  server.RaftServerConfigKeys (ConfUtils.java:logGet(43)) - raft.server.log.appender.install.snapshot.enabled = false (custom)
2019-10-21 10:06:11,916 [5cda621a-e384-44e3-bbf4-0cfd1f993ec8@group-AC916B71CF3B-LeaderElection63] INFO  impl.RoleInfo (RoleInfo.java:updateAndGet(143)) - 5cda621a-e384-44e3-bbf4-0cfd1f993ec8: start LeaderState
2019-10-21 10:06:11,916 [5cda621a-e384-44e3-bbf4-0cfd1f993ec8@group-AC916B71CF3B-LeaderElection63] INFO  segmented.SegmentedRaftLogWorker (SegmentedRaftLogWorker.java:startLogSegment(385)) - 5cda621a-e384-44e3-bbf4-0cfd1f993ec8@group-AC916B71CF3B-SegmentedRaftLogWorker: Starting segment from index:0
2019-10-21 10:06:11,917 [5cda621a-e384-44e3-bbf4-0cfd1f993ec8@group-AC916B71CF3B-LeaderElection63] INFO  impl.RaftServerImpl (ServerState.java:setRaftConf(356)) - 5cda621a-e384-44e3-bbf4-0cfd1f993ec8@group-AC916B71CF3B: set configuration 0: [0e8af49c-2dd9-4585-a67e-e0a00ec611d2:192.168.34.51:39748, 6b09eafb-ccdb-4938-b473-66192c4ced18:192.168.34.51:38240, 5cda621a-e384-44e3-bbf4-0cfd1f993ec8:192.168.34.51:33873], old=null at 0
2019-10-21 10:06:11,918 [grpc-default-executor-8] INFO  impl.RaftServerImpl (ServerState.java:setLeader(255)) - 0e8af49c-2dd9-4585-a67e-e0a00ec611d2@group-AC916B71CF3B: change Leader from null to 5cda621a-e384-44e3-bbf4-0cfd1f993ec8 at term 1 for appendEntries, leader elected after 5140ms
2019-10-21 10:06:11,918 [grpc-default-executor-1] INFO  impl.RaftServerImpl (ServerState.java:setLeader(255)) - 6b09eafb-ccdb-4938-b473-66192c4ced18@group-AC916B71CF3B: change Leader from null to 5cda621a-e384-44e3-bbf4-0cfd1f993ec8 at term 1 for appendEntries, leader elected after 5140ms
2019-10-21 10:06:11,919 [grpc-default-executor-1] INFO  impl.RaftServerImpl (ServerState.java:setRaftConf(356)) - 0e8af49c-2dd9-4585-a67e-e0a00ec611d2@group-AC916B71CF3B: set configuration 0: [0e8af49c-2dd9-4585-a67e-e0a00ec611d2:192.168.34.51:39748, 6b09eafb-ccdb-4938-b473-66192c4ced18:192.168.34.51:38240, 5cda621a-e384-44e3-bbf4-0cfd1f993ec8:192.168.34.51:33873], old=null at 0
2019-10-21 10:06:11,919 [grpc-default-executor-8] INFO  impl.RaftServerImpl (ServerState.java:setRaftConf(356)) - 6b09eafb-ccdb-4938-b473-66192c4ced18@group-AC916B71CF3B: set configuration 0: [0e8af49c-2dd9-4585-a67e-e0a00ec611d2:192.168.34.51:39748, 6b09eafb-ccdb-4938-b473-66192c4ced18:192.168.34.51:38240, 5cda621a-e384-44e3-bbf4-0cfd1f993ec8:192.168.34.51:33873], old=null at 0
2019-10-21 10:06:11,919 [grpc-default-executor-1] INFO  segmented.SegmentedRaftLogWorker (SegmentedRaftLogWorker.java:startLogSegment(385)) - 0e8af49c-2dd9-4585-a67e-e0a00ec611d2@group-AC916B71CF3B-SegmentedRaftLogWorker: Starting segment from index:0
2019-10-21 10:06:11,920 [grpc-default-executor-8] INFO  segmented.SegmentedRaftLogWorker (SegmentedRaftLogWorker.java:startLogSegment(385)) - 6b09eafb-ccdb-4938-b473-66192c4ced18@group-AC916B71CF3B-SegmentedRaftLogWorker: Starting segment from index:0
2019-10-21 10:06:11,965 [0e8af49c-2dd9-4585-a67e-e0a00ec611d2@group-AC916B71CF3B-SegmentedRaftLogWorker] INFO  segmented.SegmentedRaftLogWorker (SegmentedRaftLogWorker.java:execute(574)) - 0e8af49c-2dd9-4585-a67e-e0a00ec611d2@group-AC916B71CF3B-SegmentedRaftLogWorker: created new log segment /workdir/hadoop-ozone/integration-test/target/test-dir/MiniOzoneClusterImpl-78a9b0a8-4992-4050-b351-33ca5d66f753/datanode-5/data/ratis/12442e2d-1a60-461f-a52f-ac916b71cf3b/current/log_inprogress_0
2019-10-21 10:06:11,965 [5cda621a-e384-44e3-bbf4-0cfd1f993ec8@group-AC916B71CF3B-SegmentedRaftLogWorker] INFO  segmented.SegmentedRaftLogWorker (SegmentedRaftLogWorker.java:execute(574)) - 5cda621a-e384-44e3-bbf4-0cfd1f993ec8@group-AC916B71CF3B-SegmentedRaftLogWorker: created new log segment /workdir/hadoop-ozone/integration-test/target/test-dir/MiniOzoneClusterImpl-78a9b0a8-4992-4050-b351-33ca5d66f753/datanode-3/data/ratis/12442e2d-1a60-461f-a52f-ac916b71cf3b/current/log_inprogress_0
2019-10-21 10:06:11,965 [6b09eafb-ccdb-4938-b473-66192c4ced18@group-AC916B71CF3B-SegmentedRaftLogWorker] INFO  segmented.SegmentedRaftLogWorker (SegmentedRaftLogWorker.java:execute(574)) - 6b09eafb-ccdb-4938-b473-66192c4ced18@group-AC916B71CF3B-SegmentedRaftLogWorker: created new log segment /workdir/hadoop-ozone/integration-test/target/test-dir/MiniOzoneClusterImpl-78a9b0a8-4992-4050-b351-33ca5d66f753/datanode-4/data/ratis/12442e2d-1a60-461f-a52f-ac916b71cf3b/current/log_inprogress_0
2019-10-21 10:06:13,032 [Datanode State Machine Thread - 0] INFO  statemachine.DatanodeStateMachine (DatanodeStateMachine.java:lambda$startDaemon$0(350)) - Ozone container server started.
2019-10-21 10:06:17,044 [main] INFO  ozoneimpl.OzoneContainer (OzoneContainer.java:stop(227)) - Attempting to stop container services.
2019-10-21 10:06:17,047 [main] INFO  impl.RaftServerProxy (RaftServerProxy.java:lambda$close$4(314)) - 0853c819-70db-4736-b114-b23cf27fe670: close
2019-10-21 10:06:17,048 [main] INFO  impl.RaftServerImpl (RaftServerImpl.java:lambda$shutdown$3(247)) - 0853c819-70db-4736-b114-b23cf27fe670@group-63F51F7EE1A0: shutdown
2019-10-21 10:06:17,048 [ForkJoinPool.commonPool-worker-1] INFO  impl.RaftServerImpl (RaftServerImpl.java:lambda$shutdown$3(247)) - 0853c819-70db-4736-b114-b23cf27fe670@group-15B546245171: shutdown
2019-10-21 10:06:17,048 [main] INFO  util.JmxRegister (JmxRegister.java:unregister(73)) - Successfully un-registered JMX Bean with object name Ratis:service=RaftServer,group=group-63F51F7EE1A0,id=0853c819-70db-4736-b114-b23cf27fe670
2019-10-21 10:06:17,049 [ForkJoinPool.commonPool-worker-1] INFO  util.JmxRegister (JmxRegister.java:unregister(73)) - Successfully un-registered JMX Bean with object name Ratis:service=RaftServer,group=group-15B546245171,id=0853c819-70db-4736-b114-b23cf27fe670
2019-10-21 10:06:17,049 [main] INFO  impl.RoleInfo (RoleInfo.java:shutdownLeaderState(104)) - 0853c819-70db-4736-b114-b23cf27fe670: shutdown LeaderState
2019-10-21 10:06:17,049 [ForkJoinPool.commonPool-worker-1] INFO  impl.RoleInfo (RoleInfo.java:shutdownLeaderState(104)) - 0853c819-70db-4736-b114-b23cf27fe670: shutdown LeaderState
2019-10-21 10:06:17,049 [main] INFO  impl.PendingRequests (PendingRequests.java:sendNotLeaderResponses(202)) - 0853c819-70db-4736-b114-b23cf27fe670@group-63F51F7EE1A0-PendingRequests: sendNotLeaderResponses
2019-10-21 10:06:17,053 [org.apache.ratis.server.impl.LogAppender$AppenderDaemon$$Lambda$548/1761756362@645d1f0b] WARN  server.GrpcLogAppender (GrpcLogAppender.java:mayWait(143)) - 0853c819-70db-4736-b114-b23cf27fe670@group-15B546245171->d4d5d1c0-7c9d-47b2-b449-18f809a57908-GrpcLogAppender: Wait interrupted by java.lang.InterruptedException
2019-10-21 10:06:17,053 [org.apache.ratis.server.impl.LogAppender$AppenderDaemon$$Lambda$548/1761756362@709f9bfa] WARN  server.GrpcLogAppender (GrpcLogAppender.java:mayWait(143)) - 0853c819-70db-4736-b114-b23cf27fe670@group-15B546245171->9904cb84-9087-433f-9360-491d3967bdd8-GrpcLogAppender: Wait interrupted by java.lang.InterruptedException
2019-10-21 10:06:17,053 [ForkJoinPool.commonPool-worker-1] INFO  impl.PendingRequests (PendingRequests.java:sendNotLeaderResponses(202)) - 0853c819-70db-4736-b114-b23cf27fe670@group-15B546245171-PendingRequests: sendNotLeaderResponses
2019-10-21 10:06:17,061 [main] INFO  impl.StateMachineUpdater (StateMachineUpdater.java:stopAndJoin(136)) - 0853c819-70db-4736-b114-b23cf27fe670@group-63F51F7EE1A0-StateMachineUpdater: set stopIndex = 0
2019-10-21 10:06:17,063 [0853c819-70db-4736-b114-b23cf27fe670@group-15B546245171-StateMachineUpdater] INFO  ratis.ContainerStateMachine (ContainerStateMachine.java:takeSnapshot(294)) - group-15B546245171: Taking a snapshot at:(t:1, i:2) file /workdir/hadoop-ozone/integration-test/target/test-dir/MiniOzoneClusterImpl-78a9b0a8-4992-4050-b351-33ca5d66f753/datanode-1/data/ratis/204caffc-bb1e-409e-875f-15b546245171/sm/snapshot.1_2
2019-10-21 10:06:17,062 [ForkJoinPool.commonPool-worker-1] INFO  impl.StateMachineUpdater (StateMachineUpdater.java:stopAndJoin(136)) - 0853c819-70db-4736-b114-b23cf27fe670@group-15B546245171-StateMachineUpdater: set stopIndex = 2
2019-10-21 10:06:17,062 [grpc-default-executor-8] INFO  server.GrpcServerProtocolService (GrpcServerProtocolService.java:onCompleted(113)) - 9904cb84-9087-433f-9360-491d3967bdd8: Completed APPEND_ENTRIES, lastRequest: 0853c819-70db-4736-b114-b23cf27fe670->9904cb84-9087-433f-9360-491d3967bdd8#5-t1, previous=(t:1, i:2), leaderCommit=2, initializing? false, entries: <empty>
2019-10-21 10:06:17,062 [grpc-default-executor-1] INFO  server.GrpcServerProtocolService (GrpcServerProtocolService.java:onCompleted(113)) - d4d5d1c0-7c9d-47b2-b449-18f809a57908: Completed APPEND_ENTRIES, lastRequest: 0853c819-70db-4736-b114-b23cf27fe670->d4d5d1c0-7c9d-47b2-b449-18f809a57908#5-t1, previous=(t:1, i:2), leaderCommit=2, initializing? false, entries: <empty>
2019-10-21 10:06:17,063 [main] INFO  impl.RaftServerImpl (ServerState.java:close(387)) - 0853c819-70db-4736-b114-b23cf27fe670@group-63F51F7EE1A0: closes. applyIndex: 0
2019-10-21 10:06:17,063 [grpc-default-executor-1] INFO  server.GrpcLogAppender (GrpcLogAppender.java:onCompleted(293)) - 0853c819-70db-4736-b114-b23cf27fe670@group-15B546245171->d4d5d1c0-7c9d-47b2-b449-18f809a57908-AppendLogResponseHandler: follower responses appendEntries COMPLETED
2019-10-21 10:06:17,063 [grpc-default-executor-6] INFO  server.GrpcLogAppender (GrpcLogAppender.java:onCompleted(293)) - 0853c819-70db-4736-b114-b23cf27fe670@group-15B546245171->9904cb84-9087-433f-9360-491d3967bdd8-AppendLogResponseHandler: follower responses appendEntries COMPLETED
2019-10-21 10:06:17,064 [0853c819-70db-4736-b114-b23cf27fe670@group-63F51F7EE1A0-SegmentedRaftLogWorker] INFO  segmented.SegmentedRaftLogWorker (SegmentedRaftLogWorker.java:run(316)) - 0853c819-70db-4736-b114-b23cf27fe670@group-63F51F7EE1A0-SegmentedRaftLogWorker was interrupted, exiting. There are 0 tasks remaining in the queue.
2019-10-21 10:06:17,065 [grpc-default-executor-1] INFO  impl.FollowerInfo (FollowerInfo.java:lambda$new$0(51)) - 0853c819-70db-4736-b114-b23cf27fe670@group-15B546245171->d4d5d1c0-7c9d-47b2-b449-18f809a57908: nextIndex: updateUnconditionally 3 -> 2
2019-10-21 10:06:17,066 [grpc-default-executor-6] INFO  impl.FollowerInfo (FollowerInfo.java:lambda$new$0(51)) - 0853c819-70db-4736-b114-b23cf27fe670@group-15B546245171->9904cb84-9087-433f-9360-491d3967bdd8: nextIndex: updateUnconditionally 3 -> 2
2019-10-21 10:06:17,074 [main] INFO  segmented.SegmentedRaftLogWorker (SegmentedRaftLogWorker.java:close(224)) - 0853c819-70db-4736-b114-b23cf27fe670@group-63F51F7EE1A0-SegmentedRaftLogWorker close()
2019-10-21 10:06:17,078 [0853c819-70db-4736-b114-b23cf27fe670@group-15B546245171-StateMachineUpdater] INFO  ratis.ContainerStateMachine (ContainerStateMachine.java:takeSnapshot(305)) - group-15B546245171: Finished taking a snapshot at:(t:1, i:2) file:/workdir/hadoop-ozone/integration-test/target/test-dir/MiniOzoneClusterImpl-78a9b0a8-4992-4050-b351-33ca5d66f753/datanode-1/data/ratis/204caffc-bb1e-409e-875f-15b546245171/sm/snapshot.1_2 time:15
2019-10-21 10:06:17,078 [0853c819-70db-4736-b114-b23cf27fe670@group-15B546245171-StateMachineUpdater] INFO  impl.StateMachineUpdater (StateMachineUpdater.java:takeSnapshot(269)) - 0853c819-70db-4736-b114-b23cf27fe670@group-15B546245171-StateMachineUpdater: Took a snapshot at index 2
2019-10-21 10:06:17,078 [0853c819-70db-4736-b114-b23cf27fe670@group-15B546245171-StateMachineUpdater] INFO  impl.StateMachineUpdater (StateMachineUpdater.java:lambda$new$0(84)) - 0853c819-70db-4736-b114-b23cf27fe670@group-15B546245171-StateMachineUpdater: snapshotIndex: updateIncreasingly -1 -> 2
2019-10-21 10:06:17,078 [ForkJoinPool.commonPool-worker-1] INFO  impl.RaftServerImpl (ServerState.java:close(387)) - 0853c819-70db-4736-b114-b23cf27fe670@group-15B546245171: closes. applyIndex: 2
2019-10-21 10:06:17,079 [0853c819-70db-4736-b114-b23cf27fe670@group-15B546245171-SegmentedRaftLogWorker] INFO  segmented.SegmentedRaftLogWorker (SegmentedRaftLogWorker.java:run(316)) - 0853c819-70db-4736-b114-b23cf27fe670@group-15B546245171-SegmentedRaftLogWorker was interrupted, exiting. There are 0 tasks remaining in the queue.
2019-10-21 10:06:17,080 [ForkJoinPool.commonPool-worker-1] INFO  segmented.SegmentedRaftLogWorker (SegmentedRaftLogWorker.java:close(224)) - 0853c819-70db-4736-b114-b23cf27fe670@group-15B546245171-SegmentedRaftLogWorker close()
2019-10-21 10:06:17,088 [main] INFO  server.GrpcService (GrpcService.java:closeImpl(164)) - 0853c819-70db-4736-b114-b23cf27fe670: shutdown server with port 34823 now
2019-10-21 10:06:17,089 [main] INFO  server.GrpcService (GrpcService.java:closeImpl(172)) - 0853c819-70db-4736-b114-b23cf27fe670: shutdown server with port 34823 successfully
2019-10-21 10:06:17,090 [refreshUsed-/workdir/hadoop-ozone/integration-test/target/test-dir/MiniOzoneClusterImpl-78a9b0a8-4992-4050-b351-33ca5d66f753/datanode-1/data/containers] WARN  fs.CachingGetSpaceUsed (CachingGetSpaceUsed.java:run(183)) - Thread Interrupted waiting to refresh disk information: sleep interrupted
2019-10-21 10:06:17,113 [main] INFO  utils.BackgroundService (BackgroundService.java:shutdown(151)) - Shutting down service BlockDeletingService
2019-10-21 10:06:17,120 [main] INFO  statemachine.DatanodeStateMachine (DatanodeStateMachine.java:stopDaemon(395)) - Ozone container server stopped.
2019-10-21 10:06:17,121 [main] INFO  handler.ContextHandler (ContextHandler.java:doStop(910)) - Stopped o.e.j.w.WebAppContext@28fc1132{/,null,UNAVAILABLE}{/hddsDatanode}
2019-10-21 10:06:17,122 [main] INFO  server.AbstractConnector (AbstractConnector.java:doStop(318)) - Stopped ServerConnector@355ce6a6{HTTP/1.1,[http/1.1]}{0.0.0.0:0}
2019-10-21 10:06:17,122 [main] INFO  handler.ContextHandler (ContextHandler.java:doStop(910)) - Stopped o.e.j.s.ServletContextHandler@5c4cc644{/static,jar:file:/home/user/.m2/repository/org/apache/hadoop/hadoop-hdds-container-service/0.5.0-SNAPSHOT/hadoop-hdds-container-service-0.5.0-SNAPSHOT.jar!/webapps/static,UNAVAILABLE}
2019-10-21 10:06:17,122 [main] INFO  handler.ContextHandler (ContextHandler.java:doStop(910)) - Stopped o.e.j.s.ServletContextHandler@118041c7{/logs,file:///workdir/hadoop-ozone/integration-test/target/log,UNAVAILABLE}
2019-10-21 10:06:26,928 [Thread-2335] INFO  impl.FollowerState (FollowerState.java:run(108)) - 9904cb84-9087-433f-9360-491d3967bdd8@group-15B546245171-FollowerState: change to CANDIDATE, lastRpcTime:9995ms, electionTimeout:5012ms
2019-10-21 10:06:26,929 [Thread-2335] INFO  impl.RoleInfo (RoleInfo.java:shutdownFollowerState(121)) - 9904cb84-9087-433f-9360-491d3967bdd8: shutdown FollowerState
2019-10-21 10:06:26,929 [Thread-2335] INFO  impl.RaftServerImpl (RaftServerImpl.java:setRole(170)) - 9904cb84-9087-433f-9360-491d3967bdd8@group-15B546245171: changes role from  FOLLOWER to CANDIDATE at term 1 for changeToCandidate
2019-10-21 10:06:26,929 [Thread-2335] INFO  impl.RoleInfo (RoleInfo.java:updateAndGet(143)) - 9904cb84-9087-433f-9360-491d3967bdd8: start LeaderElection
2019-10-21 10:06:26,934 [9904cb84-9087-433f-9360-491d3967bdd8@group-15B546245171-LeaderElection66] INFO  impl.RaftServerImpl (ServerState.java:setLeader(255)) - 9904cb84-9087-433f-9360-491d3967bdd8@group-15B546245171: change Leader from 0853c819-70db-4736-b114-b23cf27fe670 to null at term 1 for initElection
2019-10-21 10:06:27,090 [Thread-2334] INFO  impl.FollowerState (FollowerState.java:run(108)) - d4d5d1c0-7c9d-47b2-b449-18f809a57908@group-15B546245171-FollowerState: change to CANDIDATE, lastRpcTime:10158ms, electionTimeout:5042ms
2019-10-21 10:06:27,091 [Thread-2334] INFO  impl.RoleInfo (RoleInfo.java:shutdownFollowerState(121)) - d4d5d1c0-7c9d-47b2-b449-18f809a57908: shutdown FollowerState
2019-10-21 10:06:27,091 [Thread-2334] INFO  impl.RaftServerImpl (RaftServerImpl.java:setRole(170)) - d4d5d1c0-7c9d-47b2-b449-18f809a57908@group-15B546245171: changes role from  FOLLOWER to CANDIDATE at term 1 for changeToCandidate
2019-10-21 10:06:27,091 [Thread-2334] INFO  impl.RoleInfo (RoleInfo.java:updateAndGet(143)) - d4d5d1c0-7c9d-47b2-b449-18f809a57908: start LeaderElection
2019-10-21 10:06:27,095 [d4d5d1c0-7c9d-47b2-b449-18f809a57908@group-15B546245171-LeaderElection67] INFO  impl.RaftServerImpl (ServerState.java:setLeader(255)) - d4d5d1c0-7c9d-47b2-b449-18f809a57908@group-15B546245171: change Leader from 0853c819-70db-4736-b114-b23cf27fe670 to null at term 1 for initElection
]]></system-out>
  </testcase>
</testsuite>