<?xml version="1.0" encoding="UTF-8"?>
<testsuite xmlns:xsi="http://www.w3.org/2001/XMLSchema-instance" xsi:noNamespaceSchemaLocation="https://maven.apache.org/surefire/maven-surefire-plugin/xsd/surefire-test-report.xsd" name="org.apache.hadoop.ozone.client.rpc.TestOzoneClientRetriesOnException" time="171.227" tests="2" errors="1" skipped="0" failures="0">
  <properties>
    <property name="awt.toolkit" value="sun.awt.X11.XToolkit"/>
    <property name="file.encoding.pkg" value="sun.io"/>
    <property name="java.specification.version" value="1.8"/>
    <property name="sun.cpu.isalist" value=""/>
    <property name="sun.jnu.encoding" value="ANSI_X3.4-1968"/>
    <property name="java.class.path" value="/workdir/hadoop-ozone/integration-test/target/test-classes:/workdir/hadoop-ozone/integration-test/target/classes:/home/user/.m2/repository/org/apache/hadoop/hadoop-ozone-common/0.5.0-SNAPSHOT/hadoop-ozone-common-0.5.0-SNAPSHOT.jar:/home/user/.m2/repository/org/apache/commons/commons-compress/1.4.1/commons-compress-1.4.1.jar:/home/user/.m2/repository/org/tukaani/xz/1.0/xz-1.0.jar:/home/user/.m2/repository/org/apache/hadoop/hadoop-common/3.2.0/hadoop-common-3.2.0.jar:/home/user/.m2/repository/org/apache/hadoop/hadoop-hdfs/3.2.0/hadoop-hdfs-3.2.0.jar:/home/user/.m2/repository/org/apache/hadoop/hadoop-hdfs-client/3.2.0/hadoop-hdfs-client-3.2.0.jar:/home/user/.m2/repository/com/fasterxml/jackson/core/jackson-annotations/2.9.9/jackson-annotations-2.9.9.jar:/home/user/.m2/repository/org/apache/hadoop/hadoop-hdds-common/0.5.0-SNAPSHOT/hadoop-hdds-common-0.5.0-SNAPSHOT.jar:/home/user/.m2/repository/javax/annotation/javax.annotation-api/1.2/javax.annotation-api-1.2.jar:/home/user/.m2/repository/org/apache/ratis/ratis-server/0.5.0-201fc85-SNAPSHOT/ratis-server-0.5.0-201fc85-SNAPSHOT.jar:/home/user/.m2/repository/org/apache/ratis/ratis-thirdparty-misc/0.2.0/ratis-thirdparty-misc-0.2.0.jar:/home/user/.m2/repository/org/apache/ratis/ratis-proto/0.5.0-201fc85-SNAPSHOT/ratis-proto-0.5.0-201fc85-SNAPSHOT.jar:/home/user/.m2/repository/org/apache/ratis/ratis-common/0.5.0-201fc85-SNAPSHOT/ratis-common-0.5.0-201fc85-SNAPSHOT.jar:/home/user/.m2/repository/org/apache/ratis/ratis-client/0.5.0-201fc85-SNAPSHOT/ratis-client-0.5.0-201fc85-SNAPSHOT.jar:/home/user/.m2/repository/org/apache/ratis/ratis-metrics/0.5.0-201fc85-SNAPSHOT/ratis-metrics-0.5.0-201fc85-SNAPSHOT.jar:/home/user/.m2/repository/com/github/joshelser/dropwizard-metrics-hadoop-metrics2-reporter/0.1.2/dropwizard-metrics-hadoop-metrics2-reporter-0.1.2.jar:/home/user/.m2/repository/io/dropwizard/metrics/metrics-jvm/3.2.5/metrics-jvm-3.2.5.jar:/home/user/.m2/repository/io/dropwizard/metrics/metrics-ganglia/3.2.5/metrics-ganglia-3.2.5.jar:/home/user/.m2/repository/info/ganglia/gmetric4j/gmetric4j/1.0.7/gmetric4j-1.0.7.jar:/home/user/.m2/repository/org/apache/ratis/ratis-netty/0.5.0-201fc85-SNAPSHOT/ratis-netty-0.5.0-201fc85-SNAPSHOT.jar:/home/user/.m2/repository/org/apache/ratis/ratis-grpc/0.5.0-201fc85-SNAPSHOT/ratis-grpc-0.5.0-201fc85-SNAPSHOT.jar:/home/user/.m2/repository/org/rocksdb/rocksdbjni/6.0.1/rocksdbjni-6.0.1.jar:/home/user/.m2/repository/org/apache/logging/log4j/log4j-api/2.11.0/log4j-api-2.11.0.jar:/home/user/.m2/repository/org/apache/logging/log4j/log4j-core/2.11.0/log4j-core-2.11.0.jar:/home/user/.m2/repository/com/lmax/disruptor/3.4.2/disruptor-3.4.2.jar:/home/user/.m2/repository/org/apache/commons/commons-pool2/2.6.0/commons-pool2-2.6.0.jar:/home/user/.m2/repository/org/bouncycastle/bcpkix-jdk15on/1.60/bcpkix-jdk15on-1.60.jar:/home/user/.m2/repository/commons-validator/commons-validator/1.6/commons-validator-1.6.jar:/home/user/.m2/repository/commons-digester/commons-digester/1.8.1/commons-digester-1.8.1.jar:/home/user/.m2/repository/io/jaegertracing/jaeger-client/0.34.0/jaeger-client-0.34.0.jar:/home/user/.m2/repository/io/jaegertracing/jaeger-thrift/0.34.0/jaeger-thrift-0.34.0.jar:/home/user/.m2/repository/org/apache/thrift/libthrift/0.12.0/libthrift-0.12.0.jar:/home/user/.m2/repository/com/squareup/okhttp3/okhttp/3.9.0/okhttp-3.9.0.jar:/home/user/.m2/repository/com/squareup/okio/okio/1.13.0/okio-1.13.0.jar:/home/user/.m2/repository/io/jaegertracing/jaeger-core/0.34.0/jaeger-core-0.34.0.jar:/home/user/.m2/repository/io/jaegertracing/jaeger-tracerresolver/0.34.0/jaeger-tracerresolver-0.34.0.jar:/home/user/.m2/repository/io/opentracing/contrib/opentracing-tracerresolver/0.1.5/opentracing-tracerresolver-0.1.5.jar:/home/user/.m2/repository/io/opentracing/opentracing-util/0.31.0/opentracing-util-0.31.0.jar:/home/user/.m2/repository/io/opentracing/opentracing-api/0.31.0/opentracing-api-0.31.0.jar:/home/user/.m2/repository/io/opentracing/opentracing-noop/0.31.0/opentracing-noop-0.31.0.jar:/home/user/.m2/repository/org/apache/hadoop/hadoop-hdds-server-framework/0.5.0-SNAPSHOT/hadoop-hdds-server-framework-0.5.0-SNAPSHOT.jar:/home/user/.m2/repository/org/apache/hadoop/hadoop-hdds-container-service/0.5.0-SNAPSHOT/hadoop-hdds-container-service-0.5.0-SNAPSHOT.jar:/home/user/.m2/repository/org/apache/hadoop/hadoop-hdds-client/0.5.0-SNAPSHOT/hadoop-hdds-client-0.5.0-SNAPSHOT.jar:/home/user/.m2/repository/org/apache/hadoop/hadoop-hdds-tools/0.5.0-SNAPSHOT/hadoop-hdds-tools-0.5.0-SNAPSHOT.jar:/home/user/.m2/repository/org/apache/hadoop/hadoop-hdds-server-scm/0.5.0-SNAPSHOT/hadoop-hdds-server-scm-0.5.0-SNAPSHOT.jar:/home/user/.m2/repository/org/apache/hadoop/hadoop-hdds-docs/0.5.0-SNAPSHOT/hadoop-hdds-docs-0.5.0-SNAPSHOT.jar:/home/user/.m2/repository/io/dropwizard/metrics/metrics-core/3.2.4/metrics-core-3.2.4.jar:/home/user/.m2/repository/org/hamcrest/hamcrest-all/1.3/hamcrest-all-1.3.jar:/home/user/.m2/repository/org/bouncycastle/bcprov-jdk15on/1.60/bcprov-jdk15on-1.60.jar:/home/user/.m2/repository/info/picocli/picocli/3.9.6/picocli-3.9.6.jar:/home/user/.m2/repository/com/google/protobuf/protobuf-java/2.5.0/protobuf-java-2.5.0.jar:/home/user/.m2/repository/com/google/guava/guava/11.0.2/guava-11.0.2.jar:/home/user/.m2/repository/org/apache/hadoop/hadoop-ozone-ozone-manager/0.5.0-SNAPSHOT/hadoop-ozone-ozone-manager-0.5.0-SNAPSHOT.jar:/home/user/.m2/repository/org/apache/hadoop/hadoop-minikdc/3.2.0/hadoop-minikdc-3.2.0.jar:/home/user/.m2/repository/commons-io/commons-io/2.5/commons-io-2.5.jar:/home/user/.m2/repository/org/apache/kerby/kerb-simplekdc/1.0.1/kerb-simplekdc-1.0.1.jar:/home/user/.m2/repository/org/apache/kerby/kerb-client/1.0.1/kerb-client-1.0.1.jar:/home/user/.m2/repository/org/apache/kerby/kerby-config/1.0.1/kerby-config-1.0.1.jar:/home/user/.m2/repository/org/apache/kerby/kerb-core/1.0.1/kerb-core-1.0.1.jar:/home/user/.m2/repository/org/apache/kerby/kerby-pkix/1.0.1/kerby-pkix-1.0.1.jar:/home/user/.m2/repository/org/apache/kerby/kerby-asn1/1.0.1/kerby-asn1-1.0.1.jar:/home/user/.m2/repository/org/apache/kerby/kerby-util/1.0.1/kerby-util-1.0.1.jar:/home/user/.m2/repository/org/apache/kerby/kerb-common/1.0.1/kerb-common-1.0.1.jar:/home/user/.m2/repository/org/apache/kerby/kerb-crypto/1.0.1/kerb-crypto-1.0.1.jar:/home/user/.m2/repository/org/apache/kerby/kerb-util/1.0.1/kerb-util-1.0.1.jar:/home/user/.m2/repository/org/apache/kerby/token-provider/1.0.1/token-provider-1.0.1.jar:/home/user/.m2/repository/org/apache/kerby/kerb-admin/1.0.1/kerb-admin-1.0.1.jar:/home/user/.m2/repository/org/apache/kerby/kerb-server/1.0.1/kerb-server-1.0.1.jar:/home/user/.m2/repository/org/apache/kerby/kerb-identity/1.0.1/kerb-identity-1.0.1.jar:/home/user/.m2/repository/org/apache/kerby/kerby-xdr/1.0.1/kerby-xdr-1.0.1.jar:/home/user/.m2/repository/org/slf4j/slf4j-log4j12/1.7.25/slf4j-log4j12-1.7.25.jar:/home/user/.m2/repository/org/apache/hadoop/hadoop-ozone-s3gateway/0.5.0-SNAPSHOT/hadoop-ozone-s3gateway-0.5.0-SNAPSHOT.jar:/home/user/.m2/repository/org/jboss/weld/servlet/weld-servlet/2.4.7.Final/weld-servlet-2.4.7.Final.jar:/home/user/.m2/repository/org/glassfish/jersey/containers/jersey-container-servlet-core/2.27/jersey-container-servlet-core-2.27.jar:/home/user/.m2/repository/org/glassfish/hk2/external/javax.inject/2.5.0-b42/javax.inject-2.5.0-b42.jar:/home/user/.m2/repository/org/glassfish/jersey/core/jersey-common/2.27/jersey-common-2.27.jar:/home/user/.m2/repository/org/glassfish/hk2/osgi-resource-locator/1.0.1/osgi-resource-locator-1.0.1.jar:/home/user/.m2/repository/javax/ws/rs/javax.ws.rs-api/2.1/javax.ws.rs-api-2.1.jar:/home/user/.m2/repository/org/glassfish/jersey/ext/cdi/jersey-cdi1x/2.27/jersey-cdi1x-2.27.jar:/home/user/.m2/repository/org/glassfish/jersey/inject/jersey-hk2/2.27/jersey-hk2-2.27.jar:/home/user/.m2/repository/org/glassfish/hk2/hk2-locator/2.5.0-b42/hk2-locator-2.5.0-b42.jar:/home/user/.m2/repository/org/javassist/javassist/3.22.0-CR2/javassist-3.22.0-CR2.jar:/home/user/.m2/repository/org/glassfish/hk2/hk2-api/2.5.0/hk2-api-2.5.0.jar:/home/user/.m2/repository/org/glassfish/hk2/external/jakarta.inject/2.5.0/jakarta.inject-2.5.0.jar:/home/user/.m2/repository/org/glassfish/hk2/hk2-utils/2.5.0/hk2-utils-2.5.0.jar:/home/user/.m2/repository/jakarta/annotation/jakarta.annotation-api/1.3.4/jakarta.annotation-api-1.3.4.jar:/home/user/.m2/repository/org/glassfish/hk2/external/aopalliance-repackaged/2.5.0/aopalliance-repackaged-2.5.0.jar:/home/user/.m2/repository/com/fasterxml/jackson/dataformat/jackson-dataformat-xml/2.9.0/jackson-dataformat-xml-2.9.0.jar:/home/user/.m2/repository/com/fasterxml/jackson/core/jackson-core/2.9.9/jackson-core-2.9.9.jar:/home/user/.m2/repository/com/fasterxml/jackson/module/jackson-module-jaxb-annotations/2.9.9/jackson-module-jaxb-annotations-2.9.9.jar:/home/user/.m2/repository/javax/enterprise/cdi-api/1.2/cdi-api-1.2.jar:/home/user/.m2/repository/javax/el/javax.el-api/3.0.0/javax.el-api-3.0.0.jar:/home/user/.m2/repository/javax/interceptor/javax.interceptor-api/1.2/javax.interceptor-api-1.2.jar:/home/user/.m2/repository/javax/inject/javax.inject/1/javax.inject-1.jar:/home/user/.m2/repository/com/sun/xml/bind/jaxb-impl/2.3.0.1/jaxb-impl-2.3.0.1.jar:/home/user/.m2/repository/com/sun/xml/bind/jaxb-core/2.3.0.1/jaxb-core-2.3.0.1.jar:/home/user/.m2/repository/javax/xml/bind/jaxb-api/2.3.0/jaxb-api-2.3.0.jar:/home/user/.m2/repository/javax/activation/activation/1.1.1/activation-1.1.1.jar:/home/user/.m2/repository/org/apache/hadoop/hadoop-ozone-csi/0.5.0-SNAPSHOT/hadoop-ozone-csi-0.5.0-SNAPSHOT.jar:/home/user/.m2/repository/com/google/protobuf/protobuf-java-util/3.5.1/protobuf-java-util-3.5.1.jar:/home/user/.m2/repository/org/apache/hadoop/hadoop-hdds-config/0.5.0-SNAPSHOT/hadoop-hdds-config-0.5.0-SNAPSHOT.jar:/home/user/.m2/repository/io/grpc/grpc-netty/1.17.1/grpc-netty-1.17.1.jar:/home/user/.m2/repository/io/grpc/grpc-core/1.17.1/grpc-core-1.17.1.jar:/home/user/.m2/repository/io/grpc/grpc-context/1.17.1/grpc-context-1.17.1.jar:/home/user/.m2/repository/com/google/errorprone/error_prone_annotations/2.2.0/error_prone_annotations-2.2.0.jar:/home/user/.m2/repository/org/codehaus/mojo/animal-sniffer-annotations/1.17/animal-sniffer-annotations-1.17.jar:/home/user/.m2/repository/io/opencensus/opencensus-api/0.17.0/opencensus-api-0.17.0.jar:/home/user/.m2/repository/io/opencensus/opencensus-contrib-grpc-metrics/0.17.0/opencensus-contrib-grpc-metrics-0.17.0.jar:/home/user/.m2/repository/io/netty/netty-codec-http2/4.1.30.Final/netty-codec-http2-4.1.30.Final.jar:/home/user/.m2/repository/io/netty/netty-codec-http/4.1.30.Final/netty-codec-http-4.1.30.Final.jar:/home/user/.m2/repository/io/netty/netty-codec/4.1.30.Final/netty-codec-4.1.30.Final.jar:/home/user/.m2/repository/io/netty/netty-handler/4.1.30.Final/netty-handler-4.1.30.Final.jar:/home/user/.m2/repository/io/netty/netty-handler-proxy/4.1.30.Final/netty-handler-proxy-4.1.30.Final.jar:/home/user/.m2/repository/io/netty/netty-codec-socks/4.1.30.Final/netty-codec-socks-4.1.30.Final.jar:/home/user/.m2/repository/io/netty/netty-transport-native-epoll/4.1.30.Final/netty-transport-native-epoll-4.1.30.Final.jar:/home/user/.m2/repository/io/netty/netty-common/4.1.30.Final/netty-common-4.1.30.Final.jar:/home/user/.m2/repository/io/netty/netty-buffer/4.1.30.Final/netty-buffer-4.1.30.Final.jar:/home/user/.m2/repository/io/netty/netty-transport/4.1.30.Final/netty-transport-4.1.30.Final.jar:/home/user/.m2/repository/io/netty/netty-resolver/4.1.30.Final/netty-resolver-4.1.30.Final.jar:/home/user/.m2/repository/io/netty/netty-transport-native-unix-common/4.1.30.Final/netty-transport-native-unix-common-4.1.30.Final.jar:/home/user/.m2/repository/io/grpc/grpc-protobuf/1.17.1/grpc-protobuf-1.17.1.jar:/home/user/.m2/repository/com/google/api/grpc/proto-google-common-protos/1.0.0/proto-google-common-protos-1.0.0.jar:/home/user/.m2/repository/io/grpc/grpc-protobuf-lite/1.17.1/grpc-protobuf-lite-1.17.1.jar:/home/user/.m2/repository/io/grpc/grpc-stub/1.17.1/grpc-stub-1.17.1.jar:/home/user/.m2/repository/org/apache/hadoop/hadoop-ozone-recon/0.5.0-SNAPSHOT/hadoop-ozone-recon-0.5.0-SNAPSHOT.jar:/home/user/.m2/repository/org/apache/hadoop/hadoop-ozone-reconcodegen/0.5.0-SNAPSHOT/hadoop-ozone-reconcodegen-0.5.0-SNAPSHOT.jar:/home/user/.m2/repository/com/google/inject/extensions/guice-multibindings/4.0/guice-multibindings-4.0.jar:/home/user/.m2/repository/com/google/inject/guice/4.0/guice-4.0.jar:/home/user/.m2/repository/aopalliance/aopalliance/1.0/aopalliance-1.0.jar:/home/user/.m2/repository/com/google/inject/extensions/guice-servlet/4.0/guice-servlet-4.0.jar:/home/user/.m2/repository/org/glassfish/jersey/containers/jersey-container-servlet/2.27/jersey-container-servlet-2.27.jar:/home/user/.m2/repository/org/glassfish/hk2/guice-bridge/2.5.0/guice-bridge-2.5.0.jar:/home/user/.m2/repository/org/glassfish/jersey/core/jersey-server/2.27/jersey-server-2.27.jar:/home/user/.m2/repository/org/glassfish/jersey/core/jersey-client/2.27/jersey-client-2.27.jar:/home/user/.m2/repository/org/glassfish/jersey/media/jersey-media-jaxb/2.27/jersey-media-jaxb-2.27.jar:/home/user/.m2/repository/javax/validation/validation-api/1.1.0.Final/validation-api-1.1.0.Final.jar:/home/user/.m2/repository/org/glassfish/jersey/media/jersey-media-json-jackson/2.27/jersey-media-json-jackson-2.27.jar:/home/user/.m2/repository/org/glassfish/jersey/ext/jersey-entity-filtering/2.27/jersey-entity-filtering-2.27.jar:/home/user/.m2/repository/com/google/inject/extensions/guice-assistedinject/4.0/guice-assistedinject-4.0.jar:/home/user/.m2/repository/org/jooq/jooq/3.11.10/jooq-3.11.10.jar:/home/user/.m2/repository/org/jooq/jooq-meta/3.11.10/jooq-meta-3.11.10.jar:/home/user/.m2/repository/org/jooq/jooq-codegen/3.11.10/jooq-codegen-3.11.10.jar:/home/user/.m2/repository/com/jolbox/bonecp/0.8.0.RELEASE/bonecp-0.8.0.RELEASE.jar:/home/user/.m2/repository/org/xerial/sqlite-jdbc/3.25.2/sqlite-jdbc-3.25.2.jar:/home/user/.m2/repository/org/springframework/spring-jdbc/5.1.3.RELEASE/spring-jdbc-5.1.3.RELEASE.jar:/home/user/.m2/repository/org/springframework/spring-beans/5.1.3.RELEASE/spring-beans-5.1.3.RELEASE.jar:/home/user/.m2/repository/org/springframework/spring-core/5.1.3.RELEASE/spring-core-5.1.3.RELEASE.jar:/home/user/.m2/repository/org/springframework/spring-jcl/5.1.3.RELEASE/spring-jcl-5.1.3.RELEASE.jar:/home/user/.m2/repository/org/springframework/spring-tx/5.1.3.RELEASE/spring-tx-5.1.3.RELEASE.jar:/home/user/.m2/repository/org/apache/hadoop/hadoop-ozone-client/0.5.0-SNAPSHOT/hadoop-ozone-client-0.5.0-SNAPSHOT.jar:/home/user/.m2/repository/commons-lang/commons-lang/2.6/commons-lang-2.6.jar:/home/user/.m2/repository/org/apache/hadoop/hadoop-ozone-ozone-manager/0.5.0-SNAPSHOT/hadoop-ozone-ozone-manager-0.5.0-SNAPSHOT-tests.jar:/home/user/.m2/repository/junit/junit/4.11/junit-4.11.jar:/home/user/.m2/repository/org/hamcrest/hamcrest-core/1.3/hamcrest-core-1.3.jar:/home/user/.m2/repository/org/openjdk/jmh/jmh-core/1.19/jmh-core-1.19.jar:/home/user/.m2/repository/net/sf/jopt-simple/jopt-simple/4.6/jopt-simple-4.6.jar:/home/user/.m2/repository/org/apache/commons/commons-math3/3.1.1/commons-math3-3.1.1.jar:/home/user/.m2/repository/org/openjdk/jmh/jmh-generator-annprocess/1.19/jmh-generator-annprocess-1.19.jar:/home/user/.m2/repository/org/mockito/mockito-all/1.8.5/mockito-all-1.8.5.jar:/home/user/.m2/repository/org/apache/hadoop/hadoop-kms/3.2.0/hadoop-kms-3.2.0.jar:/home/user/.m2/repository/org/apache/hadoop/hadoop-auth/3.2.0/hadoop-auth-3.2.0.jar:/home/user/.m2/repository/com/nimbusds/nimbus-jose-jwt/4.41.1/nimbus-jose-jwt-4.41.1.jar:/home/user/.m2/repository/com/github/stephenc/jcip/jcip-annotations/1.0-1/jcip-annotations-1.0-1.jar:/home/user/.m2/repository/net/minidev/json-smart/2.3/json-smart-2.3.jar:/home/user/.m2/repository/net/minidev/accessors-smart/1.2/accessors-smart-1.2.jar:/home/user/.m2/repository/org/ow2/asm/asm/5.0.4/asm-5.0.4.jar:/home/user/.m2/repository/org/apache/curator/curator-framework/2.12.0/curator-framework-2.12.0.jar:/home/user/.m2/repository/com/sun/jersey/jersey-core/1.19/jersey-core-1.19.jar:/home/user/.m2/repository/javax/ws/rs/jsr311-api/1.1.1/jsr311-api-1.1.1.jar:/home/user/.m2/repository/com/sun/jersey/jersey-server/1.19/jersey-server-1.19.jar:/home/user/.m2/repository/javax/servlet/javax.servlet-api/3.1.0/javax.servlet-api-3.1.0.jar:/home/user/.m2/repository/org/eclipse/jetty/jetty-server/9.3.25.v20180904/jetty-server-9.3.25.v20180904.jar:/home/user/.m2/repository/org/eclipse/jetty/jetty-http/9.3.25.v20180904/jetty-http-9.3.25.v20180904.jar:/home/user/.m2/repository/org/eclipse/jetty/jetty-io/9.3.25.v20180904/jetty-io-9.3.25.v20180904.jar:/home/user/.m2/repository/org/eclipse/jetty/jetty-webapp/9.3.25.v20180904/jetty-webapp-9.3.25.v20180904.jar:/home/user/.m2/repository/org/eclipse/jetty/jetty-xml/9.3.25.v20180904/jetty-xml-9.3.25.v20180904.jar:/home/user/.m2/repository/log4j/log4j/1.2.17/log4j-1.2.17.jar:/home/user/.m2/repository/org/slf4j/slf4j-api/1.7.25/slf4j-api-1.7.25.jar:/home/user/.m2/repository/org/slf4j/jul-to-slf4j/1.7.25/jul-to-slf4j-1.7.25.jar:/home/user/.m2/repository/org/eclipse/jetty/jetty-util/9.3.25.v20180904/jetty-util-9.3.25.v20180904.jar:/home/user/.m2/repository/com/fasterxml/jackson/core/jackson-databind/2.9.9/jackson-databind-2.9.9.jar:/home/user/.m2/repository/org/apache/hadoop/hadoop-kms/3.2.0/hadoop-kms-3.2.0-tests.jar:/home/user/.m2/repository/org/apache/hadoop/hadoop-hdds-server-scm/0.5.0-SNAPSHOT/hadoop-hdds-server-scm-0.5.0-SNAPSHOT-tests.jar:/home/user/.m2/repository/org/apache/hadoop/hadoop-hdds-container-service/0.5.0-SNAPSHOT/hadoop-hdds-container-service-0.5.0-SNAPSHOT-tests.jar:/home/user/.m2/repository/org/yaml/snakeyaml/1.16/snakeyaml-1.16.jar:/home/user/.m2/repository/org/apache/hadoop/hadoop-common/3.2.0/hadoop-common-3.2.0-tests.jar:/home/user/.m2/repository/org/apache/hadoop/hadoop-annotations/3.2.0/hadoop-annotations-3.2.0.jar:/usr/lib/jvm/java-1.8.0-openjdk-1.8.0.222.b10-1.el7_7.x86_64/jre/../lib/tools.jar:/home/user/.m2/repository/commons-cli/commons-cli/1.2/commons-cli-1.2.jar:/home/user/.m2/repository/org/apache/httpcomponents/httpclient/4.5.2/httpclient-4.5.2.jar:/home/user/.m2/repository/org/apache/httpcomponents/httpcore/4.4.4/httpcore-4.4.4.jar:/home/user/.m2/repository/commons-codec/commons-codec/1.11/commons-codec-1.11.jar:/home/user/.m2/repository/commons-net/commons-net/3.6/commons-net-3.6.jar:/home/user/.m2/repository/commons-collections/commons-collections/3.2.2/commons-collections-3.2.2.jar:/home/user/.m2/repository/org/eclipse/jetty/jetty-servlet/9.3.25.v20180904/jetty-servlet-9.3.25.v20180904.jar:/home/user/.m2/repository/org/eclipse/jetty/jetty-security/9.3.25.v20180904/jetty-security-9.3.25.v20180904.jar:/home/user/.m2/repository/javax/servlet/jsp/jsp-api/2.1/jsp-api-2.1.jar:/home/user/.m2/repository/com/sun/jersey/jersey-servlet/1.19/jersey-servlet-1.19.jar:/home/user/.m2/repository/com/sun/jersey/jersey-json/1.19/jersey-json-1.19.jar:/home/user/.m2/repository/org/codehaus/jettison/jettison/1.1/jettison-1.1.jar:/home/user/.m2/repository/org/codehaus/jackson/jackson-core-asl/1.9.13/jackson-core-asl-1.9.13.jar:/home/user/.m2/repository/org/codehaus/jackson/jackson-mapper-asl/1.9.13/jackson-mapper-asl-1.9.13.jar:/home/user/.m2/repository/org/codehaus/jackson/jackson-jaxrs/1.9.13/jackson-jaxrs-1.9.13.jar:/home/user/.m2/repository/org/codehaus/jackson/jackson-xc/1.9.13/jackson-xc-1.9.13.jar:/home/user/.m2/repository/commons-logging/commons-logging/1.1.3/commons-logging-1.1.3.jar:/home/user/.m2/repository/commons-beanutils/commons-beanutils/1.9.4/commons-beanutils-1.9.4.jar:/home/user/.m2/repository/org/apache/commons/commons-configuration2/2.1.1/commons-configuration2-2.1.1.jar:/home/user/.m2/repository/org/apache/commons/commons-lang3/3.7/commons-lang3-3.7.jar:/home/user/.m2/repository/org/apache/commons/commons-text/1.4/commons-text-1.4.jar:/home/user/.m2/repository/org/apache/avro/avro/1.7.7/avro-1.7.7.jar:/home/user/.m2/repository/com/thoughtworks/paranamer/paranamer/2.3/paranamer-2.3.jar:/home/user/.m2/repository/org/xerial/snappy/snappy-java/1.0.5/snappy-java-1.0.5.jar:/home/user/.m2/repository/com/google/re2j/re2j/1.1/re2j-1.1.jar:/home/user/.m2/repository/com/google/code/gson/gson/2.2.4/gson-2.2.4.jar:/home/user/.m2/repository/com/jcraft/jsch/0.1.54/jsch-0.1.54.jar:/home/user/.m2/repository/org/apache/curator/curator-client/2.12.0/curator-client-2.12.0.jar:/home/user/.m2/repository/org/apache/curator/curator-recipes/2.12.0/curator-recipes-2.12.0.jar:/home/user/.m2/repository/com/google/code/findbugs/jsr305/3.0.0/jsr305-3.0.0.jar:/home/user/.m2/repository/org/apache/htrace/htrace-core4/4.1.0-incubating/htrace-core4-4.1.0-incubating.jar:/home/user/.m2/repository/org/apache/zookeeper/zookeeper/3.4.13/zookeeper-3.4.13.jar:/home/user/.m2/repository/jline/jline/0.9.94/jline-0.9.94.jar:/home/user/.m2/repository/org/apache/yetus/audience-annotations/0.5.0/audience-annotations-0.5.0.jar:/home/user/.m2/repository/org/codehaus/woodstox/stax2-api/3.1.4/stax2-api-3.1.4.jar:/home/user/.m2/repository/com/fasterxml/woodstox/woodstox-core/5.0.3/woodstox-core-5.0.3.jar:/home/user/.m2/repository/dnsjava/dnsjava/2.1.7/dnsjava-2.1.7.jar:/home/user/.m2/repository/org/apache/hadoop/hadoop-hdfs/3.2.0/hadoop-hdfs-3.2.0-tests.jar:/home/user/.m2/repository/org/eclipse/jetty/jetty-util-ajax/9.3.25.v20180904/jetty-util-ajax-9.3.25.v20180904.jar:/home/user/.m2/repository/commons-daemon/commons-daemon/1.0.13/commons-daemon-1.0.13.jar:/home/user/.m2/repository/io/netty/netty/3.10.5.Final/netty-3.10.5.Final.jar:/home/user/.m2/repository/io/netty/netty-all/4.0.52.Final/netty-all-4.0.52.Final.jar:/home/user/.m2/repository/org/fusesource/leveldbjni/leveldbjni-all/1.8/leveldbjni-all-1.8.jar:"/>
    <property name="java.vm.vendor" value="Oracle Corporation"/>
    <property name="sun.arch.data.model" value="64"/>
    <property name="test.build.dir" value="/workdir/hadoop-ozone/integration-test/target/test-dir"/>
    <property name="test.cache.data" value=""/>
    <property name="java.vendor.url" value="http://java.oracle.com/"/>
    <property name="user.timezone" value=""/>
    <property name="java.vm.specification.version" value="1.8"/>
    <property name="os.name" value="Linux"/>
    <property name="test.build.data" value="/workdir/hadoop-ozone/integration-test/target/test-dir"/>
    <property name="user.country" value="US"/>
    <property name="sun.java.launcher" value="SUN_STANDARD"/>
    <property name="sun.boot.library.path" value="/usr/lib/jvm/java-1.8.0-openjdk-1.8.0.222.b10-1.el7_7.x86_64/jre/lib/amd64"/>
    <property name="sun.java.command" value="/workdir/hadoop-ozone/integration-test/target/surefire/surefirebooter8263819096860928557.jar /workdir/hadoop-ozone/integration-test/target/surefire 2019-10-21T09-18-44_408-jvmRun1 surefire549135695907920204tmp surefire_562750575400573850090tmp"/>
    <property name="test" value="!TestMiniChaosOzoneCluster"/>
    <property name="surefire.test.class.path" value="/workdir/hadoop-ozone/integration-test/target/test-classes:/workdir/hadoop-ozone/integration-test/target/classes:/home/user/.m2/repository/org/apache/hadoop/hadoop-ozone-common/0.5.0-SNAPSHOT/hadoop-ozone-common-0.5.0-SNAPSHOT.jar:/home/user/.m2/repository/org/apache/commons/commons-compress/1.4.1/commons-compress-1.4.1.jar:/home/user/.m2/repository/org/tukaani/xz/1.0/xz-1.0.jar:/home/user/.m2/repository/org/apache/hadoop/hadoop-common/3.2.0/hadoop-common-3.2.0.jar:/home/user/.m2/repository/org/apache/hadoop/hadoop-hdfs/3.2.0/hadoop-hdfs-3.2.0.jar:/home/user/.m2/repository/org/apache/hadoop/hadoop-hdfs-client/3.2.0/hadoop-hdfs-client-3.2.0.jar:/home/user/.m2/repository/com/fasterxml/jackson/core/jackson-annotations/2.9.9/jackson-annotations-2.9.9.jar:/home/user/.m2/repository/org/apache/hadoop/hadoop-hdds-common/0.5.0-SNAPSHOT/hadoop-hdds-common-0.5.0-SNAPSHOT.jar:/home/user/.m2/repository/javax/annotation/javax.annotation-api/1.2/javax.annotation-api-1.2.jar:/home/user/.m2/repository/org/apache/ratis/ratis-server/0.5.0-201fc85-SNAPSHOT/ratis-server-0.5.0-201fc85-SNAPSHOT.jar:/home/user/.m2/repository/org/apache/ratis/ratis-thirdparty-misc/0.2.0/ratis-thirdparty-misc-0.2.0.jar:/home/user/.m2/repository/org/apache/ratis/ratis-proto/0.5.0-201fc85-SNAPSHOT/ratis-proto-0.5.0-201fc85-SNAPSHOT.jar:/home/user/.m2/repository/org/apache/ratis/ratis-common/0.5.0-201fc85-SNAPSHOT/ratis-common-0.5.0-201fc85-SNAPSHOT.jar:/home/user/.m2/repository/org/apache/ratis/ratis-client/0.5.0-201fc85-SNAPSHOT/ratis-client-0.5.0-201fc85-SNAPSHOT.jar:/home/user/.m2/repository/org/apache/ratis/ratis-metrics/0.5.0-201fc85-SNAPSHOT/ratis-metrics-0.5.0-201fc85-SNAPSHOT.jar:/home/user/.m2/repository/com/github/joshelser/dropwizard-metrics-hadoop-metrics2-reporter/0.1.2/dropwizard-metrics-hadoop-metrics2-reporter-0.1.2.jar:/home/user/.m2/repository/io/dropwizard/metrics/metrics-jvm/3.2.5/metrics-jvm-3.2.5.jar:/home/user/.m2/repository/io/dropwizard/metrics/metrics-ganglia/3.2.5/metrics-ganglia-3.2.5.jar:/home/user/.m2/repository/info/ganglia/gmetric4j/gmetric4j/1.0.7/gmetric4j-1.0.7.jar:/home/user/.m2/repository/org/apache/ratis/ratis-netty/0.5.0-201fc85-SNAPSHOT/ratis-netty-0.5.0-201fc85-SNAPSHOT.jar:/home/user/.m2/repository/org/apache/ratis/ratis-grpc/0.5.0-201fc85-SNAPSHOT/ratis-grpc-0.5.0-201fc85-SNAPSHOT.jar:/home/user/.m2/repository/org/rocksdb/rocksdbjni/6.0.1/rocksdbjni-6.0.1.jar:/home/user/.m2/repository/org/apache/logging/log4j/log4j-api/2.11.0/log4j-api-2.11.0.jar:/home/user/.m2/repository/org/apache/logging/log4j/log4j-core/2.11.0/log4j-core-2.11.0.jar:/home/user/.m2/repository/com/lmax/disruptor/3.4.2/disruptor-3.4.2.jar:/home/user/.m2/repository/org/apache/commons/commons-pool2/2.6.0/commons-pool2-2.6.0.jar:/home/user/.m2/repository/org/bouncycastle/bcpkix-jdk15on/1.60/bcpkix-jdk15on-1.60.jar:/home/user/.m2/repository/commons-validator/commons-validator/1.6/commons-validator-1.6.jar:/home/user/.m2/repository/commons-digester/commons-digester/1.8.1/commons-digester-1.8.1.jar:/home/user/.m2/repository/io/jaegertracing/jaeger-client/0.34.0/jaeger-client-0.34.0.jar:/home/user/.m2/repository/io/jaegertracing/jaeger-thrift/0.34.0/jaeger-thrift-0.34.0.jar:/home/user/.m2/repository/org/apache/thrift/libthrift/0.12.0/libthrift-0.12.0.jar:/home/user/.m2/repository/com/squareup/okhttp3/okhttp/3.9.0/okhttp-3.9.0.jar:/home/user/.m2/repository/com/squareup/okio/okio/1.13.0/okio-1.13.0.jar:/home/user/.m2/repository/io/jaegertracing/jaeger-core/0.34.0/jaeger-core-0.34.0.jar:/home/user/.m2/repository/io/jaegertracing/jaeger-tracerresolver/0.34.0/jaeger-tracerresolver-0.34.0.jar:/home/user/.m2/repository/io/opentracing/contrib/opentracing-tracerresolver/0.1.5/opentracing-tracerresolver-0.1.5.jar:/home/user/.m2/repository/io/opentracing/opentracing-util/0.31.0/opentracing-util-0.31.0.jar:/home/user/.m2/repository/io/opentracing/opentracing-api/0.31.0/opentracing-api-0.31.0.jar:/home/user/.m2/repository/io/opentracing/opentracing-noop/0.31.0/opentracing-noop-0.31.0.jar:/home/user/.m2/repository/org/apache/hadoop/hadoop-hdds-server-framework/0.5.0-SNAPSHOT/hadoop-hdds-server-framework-0.5.0-SNAPSHOT.jar:/home/user/.m2/repository/org/apache/hadoop/hadoop-hdds-container-service/0.5.0-SNAPSHOT/hadoop-hdds-container-service-0.5.0-SNAPSHOT.jar:/home/user/.m2/repository/org/apache/hadoop/hadoop-hdds-client/0.5.0-SNAPSHOT/hadoop-hdds-client-0.5.0-SNAPSHOT.jar:/home/user/.m2/repository/org/apache/hadoop/hadoop-hdds-tools/0.5.0-SNAPSHOT/hadoop-hdds-tools-0.5.0-SNAPSHOT.jar:/home/user/.m2/repository/org/apache/hadoop/hadoop-hdds-server-scm/0.5.0-SNAPSHOT/hadoop-hdds-server-scm-0.5.0-SNAPSHOT.jar:/home/user/.m2/repository/org/apache/hadoop/hadoop-hdds-docs/0.5.0-SNAPSHOT/hadoop-hdds-docs-0.5.0-SNAPSHOT.jar:/home/user/.m2/repository/io/dropwizard/metrics/metrics-core/3.2.4/metrics-core-3.2.4.jar:/home/user/.m2/repository/org/hamcrest/hamcrest-all/1.3/hamcrest-all-1.3.jar:/home/user/.m2/repository/org/bouncycastle/bcprov-jdk15on/1.60/bcprov-jdk15on-1.60.jar:/home/user/.m2/repository/info/picocli/picocli/3.9.6/picocli-3.9.6.jar:/home/user/.m2/repository/com/google/protobuf/protobuf-java/2.5.0/protobuf-java-2.5.0.jar:/home/user/.m2/repository/com/google/guava/guava/11.0.2/guava-11.0.2.jar:/home/user/.m2/repository/org/apache/hadoop/hadoop-ozone-ozone-manager/0.5.0-SNAPSHOT/hadoop-ozone-ozone-manager-0.5.0-SNAPSHOT.jar:/home/user/.m2/repository/org/apache/hadoop/hadoop-minikdc/3.2.0/hadoop-minikdc-3.2.0.jar:/home/user/.m2/repository/commons-io/commons-io/2.5/commons-io-2.5.jar:/home/user/.m2/repository/org/apache/kerby/kerb-simplekdc/1.0.1/kerb-simplekdc-1.0.1.jar:/home/user/.m2/repository/org/apache/kerby/kerb-client/1.0.1/kerb-client-1.0.1.jar:/home/user/.m2/repository/org/apache/kerby/kerby-config/1.0.1/kerby-config-1.0.1.jar:/home/user/.m2/repository/org/apache/kerby/kerb-core/1.0.1/kerb-core-1.0.1.jar:/home/user/.m2/repository/org/apache/kerby/kerby-pkix/1.0.1/kerby-pkix-1.0.1.jar:/home/user/.m2/repository/org/apache/kerby/kerby-asn1/1.0.1/kerby-asn1-1.0.1.jar:/home/user/.m2/repository/org/apache/kerby/kerby-util/1.0.1/kerby-util-1.0.1.jar:/home/user/.m2/repository/org/apache/kerby/kerb-common/1.0.1/kerb-common-1.0.1.jar:/home/user/.m2/repository/org/apache/kerby/kerb-crypto/1.0.1/kerb-crypto-1.0.1.jar:/home/user/.m2/repository/org/apache/kerby/kerb-util/1.0.1/kerb-util-1.0.1.jar:/home/user/.m2/repository/org/apache/kerby/token-provider/1.0.1/token-provider-1.0.1.jar:/home/user/.m2/repository/org/apache/kerby/kerb-admin/1.0.1/kerb-admin-1.0.1.jar:/home/user/.m2/repository/org/apache/kerby/kerb-server/1.0.1/kerb-server-1.0.1.jar:/home/user/.m2/repository/org/apache/kerby/kerb-identity/1.0.1/kerb-identity-1.0.1.jar:/home/user/.m2/repository/org/apache/kerby/kerby-xdr/1.0.1/kerby-xdr-1.0.1.jar:/home/user/.m2/repository/org/slf4j/slf4j-log4j12/1.7.25/slf4j-log4j12-1.7.25.jar:/home/user/.m2/repository/org/apache/hadoop/hadoop-ozone-s3gateway/0.5.0-SNAPSHOT/hadoop-ozone-s3gateway-0.5.0-SNAPSHOT.jar:/home/user/.m2/repository/org/jboss/weld/servlet/weld-servlet/2.4.7.Final/weld-servlet-2.4.7.Final.jar:/home/user/.m2/repository/org/glassfish/jersey/containers/jersey-container-servlet-core/2.27/jersey-container-servlet-core-2.27.jar:/home/user/.m2/repository/org/glassfish/hk2/external/javax.inject/2.5.0-b42/javax.inject-2.5.0-b42.jar:/home/user/.m2/repository/org/glassfish/jersey/core/jersey-common/2.27/jersey-common-2.27.jar:/home/user/.m2/repository/org/glassfish/hk2/osgi-resource-locator/1.0.1/osgi-resource-locator-1.0.1.jar:/home/user/.m2/repository/javax/ws/rs/javax.ws.rs-api/2.1/javax.ws.rs-api-2.1.jar:/home/user/.m2/repository/org/glassfish/jersey/ext/cdi/jersey-cdi1x/2.27/jersey-cdi1x-2.27.jar:/home/user/.m2/repository/org/glassfish/jersey/inject/jersey-hk2/2.27/jersey-hk2-2.27.jar:/home/user/.m2/repository/org/glassfish/hk2/hk2-locator/2.5.0-b42/hk2-locator-2.5.0-b42.jar:/home/user/.m2/repository/org/javassist/javassist/3.22.0-CR2/javassist-3.22.0-CR2.jar:/home/user/.m2/repository/org/glassfish/hk2/hk2-api/2.5.0/hk2-api-2.5.0.jar:/home/user/.m2/repository/org/glassfish/hk2/external/jakarta.inject/2.5.0/jakarta.inject-2.5.0.jar:/home/user/.m2/repository/org/glassfish/hk2/hk2-utils/2.5.0/hk2-utils-2.5.0.jar:/home/user/.m2/repository/jakarta/annotation/jakarta.annotation-api/1.3.4/jakarta.annotation-api-1.3.4.jar:/home/user/.m2/repository/org/glassfish/hk2/external/aopalliance-repackaged/2.5.0/aopalliance-repackaged-2.5.0.jar:/home/user/.m2/repository/com/fasterxml/jackson/dataformat/jackson-dataformat-xml/2.9.0/jackson-dataformat-xml-2.9.0.jar:/home/user/.m2/repository/com/fasterxml/jackson/core/jackson-core/2.9.9/jackson-core-2.9.9.jar:/home/user/.m2/repository/com/fasterxml/jackson/module/jackson-module-jaxb-annotations/2.9.9/jackson-module-jaxb-annotations-2.9.9.jar:/home/user/.m2/repository/javax/enterprise/cdi-api/1.2/cdi-api-1.2.jar:/home/user/.m2/repository/javax/el/javax.el-api/3.0.0/javax.el-api-3.0.0.jar:/home/user/.m2/repository/javax/interceptor/javax.interceptor-api/1.2/javax.interceptor-api-1.2.jar:/home/user/.m2/repository/javax/inject/javax.inject/1/javax.inject-1.jar:/home/user/.m2/repository/com/sun/xml/bind/jaxb-impl/2.3.0.1/jaxb-impl-2.3.0.1.jar:/home/user/.m2/repository/com/sun/xml/bind/jaxb-core/2.3.0.1/jaxb-core-2.3.0.1.jar:/home/user/.m2/repository/javax/xml/bind/jaxb-api/2.3.0/jaxb-api-2.3.0.jar:/home/user/.m2/repository/javax/activation/activation/1.1.1/activation-1.1.1.jar:/home/user/.m2/repository/org/apache/hadoop/hadoop-ozone-csi/0.5.0-SNAPSHOT/hadoop-ozone-csi-0.5.0-SNAPSHOT.jar:/home/user/.m2/repository/com/google/protobuf/protobuf-java-util/3.5.1/protobuf-java-util-3.5.1.jar:/home/user/.m2/repository/org/apache/hadoop/hadoop-hdds-config/0.5.0-SNAPSHOT/hadoop-hdds-config-0.5.0-SNAPSHOT.jar:/home/user/.m2/repository/io/grpc/grpc-netty/1.17.1/grpc-netty-1.17.1.jar:/home/user/.m2/repository/io/grpc/grpc-core/1.17.1/grpc-core-1.17.1.jar:/home/user/.m2/repository/io/grpc/grpc-context/1.17.1/grpc-context-1.17.1.jar:/home/user/.m2/repository/com/google/errorprone/error_prone_annotations/2.2.0/error_prone_annotations-2.2.0.jar:/home/user/.m2/repository/org/codehaus/mojo/animal-sniffer-annotations/1.17/animal-sniffer-annotations-1.17.jar:/home/user/.m2/repository/io/opencensus/opencensus-api/0.17.0/opencensus-api-0.17.0.jar:/home/user/.m2/repository/io/opencensus/opencensus-contrib-grpc-metrics/0.17.0/opencensus-contrib-grpc-metrics-0.17.0.jar:/home/user/.m2/repository/io/netty/netty-codec-http2/4.1.30.Final/netty-codec-http2-4.1.30.Final.jar:/home/user/.m2/repository/io/netty/netty-codec-http/4.1.30.Final/netty-codec-http-4.1.30.Final.jar:/home/user/.m2/repository/io/netty/netty-codec/4.1.30.Final/netty-codec-4.1.30.Final.jar:/home/user/.m2/repository/io/netty/netty-handler/4.1.30.Final/netty-handler-4.1.30.Final.jar:/home/user/.m2/repository/io/netty/netty-handler-proxy/4.1.30.Final/netty-handler-proxy-4.1.30.Final.jar:/home/user/.m2/repository/io/netty/netty-codec-socks/4.1.30.Final/netty-codec-socks-4.1.30.Final.jar:/home/user/.m2/repository/io/netty/netty-transport-native-epoll/4.1.30.Final/netty-transport-native-epoll-4.1.30.Final.jar:/home/user/.m2/repository/io/netty/netty-common/4.1.30.Final/netty-common-4.1.30.Final.jar:/home/user/.m2/repository/io/netty/netty-buffer/4.1.30.Final/netty-buffer-4.1.30.Final.jar:/home/user/.m2/repository/io/netty/netty-transport/4.1.30.Final/netty-transport-4.1.30.Final.jar:/home/user/.m2/repository/io/netty/netty-resolver/4.1.30.Final/netty-resolver-4.1.30.Final.jar:/home/user/.m2/repository/io/netty/netty-transport-native-unix-common/4.1.30.Final/netty-transport-native-unix-common-4.1.30.Final.jar:/home/user/.m2/repository/io/grpc/grpc-protobuf/1.17.1/grpc-protobuf-1.17.1.jar:/home/user/.m2/repository/com/google/api/grpc/proto-google-common-protos/1.0.0/proto-google-common-protos-1.0.0.jar:/home/user/.m2/repository/io/grpc/grpc-protobuf-lite/1.17.1/grpc-protobuf-lite-1.17.1.jar:/home/user/.m2/repository/io/grpc/grpc-stub/1.17.1/grpc-stub-1.17.1.jar:/home/user/.m2/repository/org/apache/hadoop/hadoop-ozone-recon/0.5.0-SNAPSHOT/hadoop-ozone-recon-0.5.0-SNAPSHOT.jar:/home/user/.m2/repository/org/apache/hadoop/hadoop-ozone-reconcodegen/0.5.0-SNAPSHOT/hadoop-ozone-reconcodegen-0.5.0-SNAPSHOT.jar:/home/user/.m2/repository/com/google/inject/extensions/guice-multibindings/4.0/guice-multibindings-4.0.jar:/home/user/.m2/repository/com/google/inject/guice/4.0/guice-4.0.jar:/home/user/.m2/repository/aopalliance/aopalliance/1.0/aopalliance-1.0.jar:/home/user/.m2/repository/com/google/inject/extensions/guice-servlet/4.0/guice-servlet-4.0.jar:/home/user/.m2/repository/org/glassfish/jersey/containers/jersey-container-servlet/2.27/jersey-container-servlet-2.27.jar:/home/user/.m2/repository/org/glassfish/hk2/guice-bridge/2.5.0/guice-bridge-2.5.0.jar:/home/user/.m2/repository/org/glassfish/jersey/core/jersey-server/2.27/jersey-server-2.27.jar:/home/user/.m2/repository/org/glassfish/jersey/core/jersey-client/2.27/jersey-client-2.27.jar:/home/user/.m2/repository/org/glassfish/jersey/media/jersey-media-jaxb/2.27/jersey-media-jaxb-2.27.jar:/home/user/.m2/repository/javax/validation/validation-api/1.1.0.Final/validation-api-1.1.0.Final.jar:/home/user/.m2/repository/org/glassfish/jersey/media/jersey-media-json-jackson/2.27/jersey-media-json-jackson-2.27.jar:/home/user/.m2/repository/org/glassfish/jersey/ext/jersey-entity-filtering/2.27/jersey-entity-filtering-2.27.jar:/home/user/.m2/repository/com/google/inject/extensions/guice-assistedinject/4.0/guice-assistedinject-4.0.jar:/home/user/.m2/repository/org/jooq/jooq/3.11.10/jooq-3.11.10.jar:/home/user/.m2/repository/org/jooq/jooq-meta/3.11.10/jooq-meta-3.11.10.jar:/home/user/.m2/repository/org/jooq/jooq-codegen/3.11.10/jooq-codegen-3.11.10.jar:/home/user/.m2/repository/com/jolbox/bonecp/0.8.0.RELEASE/bonecp-0.8.0.RELEASE.jar:/home/user/.m2/repository/org/xerial/sqlite-jdbc/3.25.2/sqlite-jdbc-3.25.2.jar:/home/user/.m2/repository/org/springframework/spring-jdbc/5.1.3.RELEASE/spring-jdbc-5.1.3.RELEASE.jar:/home/user/.m2/repository/org/springframework/spring-beans/5.1.3.RELEASE/spring-beans-5.1.3.RELEASE.jar:/home/user/.m2/repository/org/springframework/spring-core/5.1.3.RELEASE/spring-core-5.1.3.RELEASE.jar:/home/user/.m2/repository/org/springframework/spring-jcl/5.1.3.RELEASE/spring-jcl-5.1.3.RELEASE.jar:/home/user/.m2/repository/org/springframework/spring-tx/5.1.3.RELEASE/spring-tx-5.1.3.RELEASE.jar:/home/user/.m2/repository/org/apache/hadoop/hadoop-ozone-client/0.5.0-SNAPSHOT/hadoop-ozone-client-0.5.0-SNAPSHOT.jar:/home/user/.m2/repository/commons-lang/commons-lang/2.6/commons-lang-2.6.jar:/home/user/.m2/repository/org/apache/hadoop/hadoop-ozone-ozone-manager/0.5.0-SNAPSHOT/hadoop-ozone-ozone-manager-0.5.0-SNAPSHOT-tests.jar:/home/user/.m2/repository/junit/junit/4.11/junit-4.11.jar:/home/user/.m2/repository/org/hamcrest/hamcrest-core/1.3/hamcrest-core-1.3.jar:/home/user/.m2/repository/org/openjdk/jmh/jmh-core/1.19/jmh-core-1.19.jar:/home/user/.m2/repository/net/sf/jopt-simple/jopt-simple/4.6/jopt-simple-4.6.jar:/home/user/.m2/repository/org/apache/commons/commons-math3/3.1.1/commons-math3-3.1.1.jar:/home/user/.m2/repository/org/openjdk/jmh/jmh-generator-annprocess/1.19/jmh-generator-annprocess-1.19.jar:/home/user/.m2/repository/org/mockito/mockito-all/1.8.5/mockito-all-1.8.5.jar:/home/user/.m2/repository/org/apache/hadoop/hadoop-kms/3.2.0/hadoop-kms-3.2.0.jar:/home/user/.m2/repository/org/apache/hadoop/hadoop-auth/3.2.0/hadoop-auth-3.2.0.jar:/home/user/.m2/repository/com/nimbusds/nimbus-jose-jwt/4.41.1/nimbus-jose-jwt-4.41.1.jar:/home/user/.m2/repository/com/github/stephenc/jcip/jcip-annotations/1.0-1/jcip-annotations-1.0-1.jar:/home/user/.m2/repository/net/minidev/json-smart/2.3/json-smart-2.3.jar:/home/user/.m2/repository/net/minidev/accessors-smart/1.2/accessors-smart-1.2.jar:/home/user/.m2/repository/org/ow2/asm/asm/5.0.4/asm-5.0.4.jar:/home/user/.m2/repository/org/apache/curator/curator-framework/2.12.0/curator-framework-2.12.0.jar:/home/user/.m2/repository/com/sun/jersey/jersey-core/1.19/jersey-core-1.19.jar:/home/user/.m2/repository/javax/ws/rs/jsr311-api/1.1.1/jsr311-api-1.1.1.jar:/home/user/.m2/repository/com/sun/jersey/jersey-server/1.19/jersey-server-1.19.jar:/home/user/.m2/repository/javax/servlet/javax.servlet-api/3.1.0/javax.servlet-api-3.1.0.jar:/home/user/.m2/repository/org/eclipse/jetty/jetty-server/9.3.25.v20180904/jetty-server-9.3.25.v20180904.jar:/home/user/.m2/repository/org/eclipse/jetty/jetty-http/9.3.25.v20180904/jetty-http-9.3.25.v20180904.jar:/home/user/.m2/repository/org/eclipse/jetty/jetty-io/9.3.25.v20180904/jetty-io-9.3.25.v20180904.jar:/home/user/.m2/repository/org/eclipse/jetty/jetty-webapp/9.3.25.v20180904/jetty-webapp-9.3.25.v20180904.jar:/home/user/.m2/repository/org/eclipse/jetty/jetty-xml/9.3.25.v20180904/jetty-xml-9.3.25.v20180904.jar:/home/user/.m2/repository/log4j/log4j/1.2.17/log4j-1.2.17.jar:/home/user/.m2/repository/org/slf4j/slf4j-api/1.7.25/slf4j-api-1.7.25.jar:/home/user/.m2/repository/org/slf4j/jul-to-slf4j/1.7.25/jul-to-slf4j-1.7.25.jar:/home/user/.m2/repository/org/eclipse/jetty/jetty-util/9.3.25.v20180904/jetty-util-9.3.25.v20180904.jar:/home/user/.m2/repository/com/fasterxml/jackson/core/jackson-databind/2.9.9/jackson-databind-2.9.9.jar:/home/user/.m2/repository/org/apache/hadoop/hadoop-kms/3.2.0/hadoop-kms-3.2.0-tests.jar:/home/user/.m2/repository/org/apache/hadoop/hadoop-hdds-server-scm/0.5.0-SNAPSHOT/hadoop-hdds-server-scm-0.5.0-SNAPSHOT-tests.jar:/home/user/.m2/repository/org/apache/hadoop/hadoop-hdds-container-service/0.5.0-SNAPSHOT/hadoop-hdds-container-service-0.5.0-SNAPSHOT-tests.jar:/home/user/.m2/repository/org/yaml/snakeyaml/1.16/snakeyaml-1.16.jar:/home/user/.m2/repository/org/apache/hadoop/hadoop-common/3.2.0/hadoop-common-3.2.0-tests.jar:/home/user/.m2/repository/org/apache/hadoop/hadoop-annotations/3.2.0/hadoop-annotations-3.2.0.jar:/usr/lib/jvm/java-1.8.0-openjdk-1.8.0.222.b10-1.el7_7.x86_64/jre/../lib/tools.jar:/home/user/.m2/repository/commons-cli/commons-cli/1.2/commons-cli-1.2.jar:/home/user/.m2/repository/org/apache/httpcomponents/httpclient/4.5.2/httpclient-4.5.2.jar:/home/user/.m2/repository/org/apache/httpcomponents/httpcore/4.4.4/httpcore-4.4.4.jar:/home/user/.m2/repository/commons-codec/commons-codec/1.11/commons-codec-1.11.jar:/home/user/.m2/repository/commons-net/commons-net/3.6/commons-net-3.6.jar:/home/user/.m2/repository/commons-collections/commons-collections/3.2.2/commons-collections-3.2.2.jar:/home/user/.m2/repository/org/eclipse/jetty/jetty-servlet/9.3.25.v20180904/jetty-servlet-9.3.25.v20180904.jar:/home/user/.m2/repository/org/eclipse/jetty/jetty-security/9.3.25.v20180904/jetty-security-9.3.25.v20180904.jar:/home/user/.m2/repository/javax/servlet/jsp/jsp-api/2.1/jsp-api-2.1.jar:/home/user/.m2/repository/com/sun/jersey/jersey-servlet/1.19/jersey-servlet-1.19.jar:/home/user/.m2/repository/com/sun/jersey/jersey-json/1.19/jersey-json-1.19.jar:/home/user/.m2/repository/org/codehaus/jettison/jettison/1.1/jettison-1.1.jar:/home/user/.m2/repository/org/codehaus/jackson/jackson-core-asl/1.9.13/jackson-core-asl-1.9.13.jar:/home/user/.m2/repository/org/codehaus/jackson/jackson-mapper-asl/1.9.13/jackson-mapper-asl-1.9.13.jar:/home/user/.m2/repository/org/codehaus/jackson/jackson-jaxrs/1.9.13/jackson-jaxrs-1.9.13.jar:/home/user/.m2/repository/org/codehaus/jackson/jackson-xc/1.9.13/jackson-xc-1.9.13.jar:/home/user/.m2/repository/commons-logging/commons-logging/1.1.3/commons-logging-1.1.3.jar:/home/user/.m2/repository/commons-beanutils/commons-beanutils/1.9.4/commons-beanutils-1.9.4.jar:/home/user/.m2/repository/org/apache/commons/commons-configuration2/2.1.1/commons-configuration2-2.1.1.jar:/home/user/.m2/repository/org/apache/commons/commons-lang3/3.7/commons-lang3-3.7.jar:/home/user/.m2/repository/org/apache/commons/commons-text/1.4/commons-text-1.4.jar:/home/user/.m2/repository/org/apache/avro/avro/1.7.7/avro-1.7.7.jar:/home/user/.m2/repository/com/thoughtworks/paranamer/paranamer/2.3/paranamer-2.3.jar:/home/user/.m2/repository/org/xerial/snappy/snappy-java/1.0.5/snappy-java-1.0.5.jar:/home/user/.m2/repository/com/google/re2j/re2j/1.1/re2j-1.1.jar:/home/user/.m2/repository/com/google/code/gson/gson/2.2.4/gson-2.2.4.jar:/home/user/.m2/repository/com/jcraft/jsch/0.1.54/jsch-0.1.54.jar:/home/user/.m2/repository/org/apache/curator/curator-client/2.12.0/curator-client-2.12.0.jar:/home/user/.m2/repository/org/apache/curator/curator-recipes/2.12.0/curator-recipes-2.12.0.jar:/home/user/.m2/repository/com/google/code/findbugs/jsr305/3.0.0/jsr305-3.0.0.jar:/home/user/.m2/repository/org/apache/htrace/htrace-core4/4.1.0-incubating/htrace-core4-4.1.0-incubating.jar:/home/user/.m2/repository/org/apache/zookeeper/zookeeper/3.4.13/zookeeper-3.4.13.jar:/home/user/.m2/repository/jline/jline/0.9.94/jline-0.9.94.jar:/home/user/.m2/repository/org/apache/yetus/audience-annotations/0.5.0/audience-annotations-0.5.0.jar:/home/user/.m2/repository/org/codehaus/woodstox/stax2-api/3.1.4/stax2-api-3.1.4.jar:/home/user/.m2/repository/com/fasterxml/woodstox/woodstox-core/5.0.3/woodstox-core-5.0.3.jar:/home/user/.m2/repository/dnsjava/dnsjava/2.1.7/dnsjava-2.1.7.jar:/home/user/.m2/repository/org/apache/hadoop/hadoop-hdfs/3.2.0/hadoop-hdfs-3.2.0-tests.jar:/home/user/.m2/repository/org/eclipse/jetty/jetty-util-ajax/9.3.25.v20180904/jetty-util-ajax-9.3.25.v20180904.jar:/home/user/.m2/repository/commons-daemon/commons-daemon/1.0.13/commons-daemon-1.0.13.jar:/home/user/.m2/repository/io/netty/netty/3.10.5.Final/netty-3.10.5.Final.jar:/home/user/.m2/repository/io/netty/netty-all/4.0.52.Final/netty-all-4.0.52.Final.jar:/home/user/.m2/repository/org/fusesource/leveldbjni/leveldbjni-all/1.8/leveldbjni-all-1.8.jar:"/>
    <property name="sun.cpu.endian" value="little"/>
    <property name="user.home" value="/home/user"/>
    <property name="user.language" value="en"/>
    <property name="java.specification.vendor" value="Oracle Corporation"/>
    <property name="java.home" value="/usr/lib/jvm/java-1.8.0-openjdk-1.8.0.222.b10-1.el7_7.x86_64/jre"/>
    <property name="surefire.excludesFile" value="/tools/ozone-bad-unit-tests"/>
    <property name="java.security.krb5.conf" value="/workdir/hadoop-ozone/integration-test/target/test-classes/krb5.conf"/>
    <property name="basedir" value="/workdir/hadoop-ozone/integration-test"/>
    <property name="file.separator" value="/"/>
    <property name="line.separator" value="&#10;"/>
    <property name="java.vm.specification.vendor" value="Oracle Corporation"/>
    <property name="java.specification.name" value="Java Platform API Specification"/>
    <property name="java.awt.graphicsenv" value="sun.awt.X11GraphicsEnvironment"/>
    <property name="surefire.real.class.path" value="/workdir/hadoop-ozone/integration-test/target/surefire/surefirebooter8263819096860928557.jar"/>
    <property name="hadoop.log.dir" value="/workdir/hadoop-ozone/integration-test/target/log"/>
    <property name="sun.boot.class.path" value="/usr/lib/jvm/java-1.8.0-openjdk-1.8.0.222.b10-1.el7_7.x86_64/jre/lib/resources.jar:/usr/lib/jvm/java-1.8.0-openjdk-1.8.0.222.b10-1.el7_7.x86_64/jre/lib/rt.jar:/usr/lib/jvm/java-1.8.0-openjdk-1.8.0.222.b10-1.el7_7.x86_64/jre/lib/sunrsasign.jar:/usr/lib/jvm/java-1.8.0-openjdk-1.8.0.222.b10-1.el7_7.x86_64/jre/lib/jsse.jar:/usr/lib/jvm/java-1.8.0-openjdk-1.8.0.222.b10-1.el7_7.x86_64/jre/lib/jce.jar:/usr/lib/jvm/java-1.8.0-openjdk-1.8.0.222.b10-1.el7_7.x86_64/jre/lib/charsets.jar:/usr/lib/jvm/java-1.8.0-openjdk-1.8.0.222.b10-1.el7_7.x86_64/jre/lib/jfr.jar:/usr/lib/jvm/java-1.8.0-openjdk-1.8.0.222.b10-1.el7_7.x86_64/jre/classes"/>
    <property name="sun.management.compiler" value="HotSpot 64-Bit Tiered Compilers"/>
    <property name="java.runtime.version" value="1.8.0_222-b10"/>
    <property name="java.net.preferIPv4Stack" value="true"/>
    <property name="user.name" value="jenkins1000"/>
    <property name="path.separator" value=":"/>
    <property name="java.security.egd" value="file:///dev/urandom"/>
    <property name="os.version" value="3.10.0-957.12.2.el7.x86_64"/>
    <property name="java.endorsed.dirs" value="/usr/lib/jvm/java-1.8.0-openjdk-1.8.0.222.b10-1.el7_7.x86_64/jre/lib/endorsed"/>
    <property name="java.runtime.name" value="OpenJDK Runtime Environment"/>
    <property name="file.encoding" value="ANSI_X3.4-1968"/>
    <property name="java.vm.name" value="OpenJDK 64-Bit Server VM"/>
    <property name="test.build.webapps" value=""/>
    <property name="localRepository" value="/home/user/.m2/repository"/>
    <property name="java.vendor.url.bug" value="http://bugreport.sun.com/bugreport/"/>
    <property name="java.io.tmpdir" value="/tmp"/>
    <property name="require.test.libhadoop" value=""/>
    <property name="java.version" value="1.8.0_222"/>
    <property name="user.dir" value="/workdir/hadoop-ozone/integration-test"/>
    <property name="os.arch" value="amd64"/>
    <property name="java.vm.specification.name" value="Java Virtual Machine Specification"/>
    <property name="test.build.classes" value="/workdir/hadoop-ozone/integration-test/target/test-classes"/>
    <property name="java.awt.printerjob" value="sun.print.PSPrinterJob"/>
    <property name="sun.os.patch.level" value="unknown"/>
    <property name="hadoop.tmp.dir" value="/workdir/hadoop-ozone/integration-test/target/tmp"/>
    <property name="java.library.path" value="/usr/lib:/workdir/hadoop-ozone/integration-test/target/native/target/usr/local/lib:/workdir/hadoop-ozone/integration-test/../../hadoop-common-project/hadoop-common/target/native/target/usr/local/lib:/usr/java/packages/lib/amd64:/usr/lib64:/lib64:/lib:/usr/lib"/>
    <property name="java.vm.info" value="mixed mode"/>
    <property name="java.vendor" value="Oracle Corporation"/>
    <property name="java.vm.version" value="25.222-b10"/>
    <property name="java.ext.dirs" value="/usr/lib/jvm/java-1.8.0-openjdk-1.8.0.222.b10-1.el7_7.x86_64/jre/lib/ext:/usr/java/packages/lib/ext"/>
    <property name="sun.io.unicode.encoding" value="UnicodeLittle"/>
    <property name="java.class.version" value="52.0"/>
  </properties>
  <testcase name="testGroupMismatchExceptionHandling" classname="org.apache.hadoop.ozone.client.rpc.TestOzoneClientRetriesOnException" time="47.473"/>
  <testcase name="testMaxRetriesByOzoneClient" classname="org.apache.hadoop.ozone.client.rpc.TestOzoneClientRetriesOnException" time="123.544">
    <error message="Failed to command cmdType: CreateContainer&#10;containerID: 1&#10;datanodeUuid: &quot;99861a18-d503-4129-9ff7-8353a6232c61&quot;&#10;createContainer {&#10;}&#10;" type="java.io.IOException">java.io.IOException: 
Failed to command cmdType: CreateContainer
containerID: 1
datanodeUuid: "99861a18-d503-4129-9ff7-8353a6232c61"
createContainer {
}

	at org.apache.hadoop.hdds.scm.XceiverClientSpi.sendCommand(XceiverClientSpi.java:113)
	at org.apache.hadoop.ozone.client.rpc.TestOzoneClientRetriesOnException.testMaxRetriesByOzoneClient(TestOzoneClientRetriesOnException.java:190)
	at sun.reflect.NativeMethodAccessorImpl.invoke0(Native Method)
	at sun.reflect.NativeMethodAccessorImpl.invoke(NativeMethodAccessorImpl.java:62)
	at sun.reflect.DelegatingMethodAccessorImpl.invoke(DelegatingMethodAccessorImpl.java:43)
	at java.lang.reflect.Method.invoke(Method.java:498)
	at org.junit.runners.model.FrameworkMethod$1.runReflectiveCall(FrameworkMethod.java:47)
	at org.junit.internal.runners.model.ReflectiveCallable.run(ReflectiveCallable.java:12)
	at org.junit.runners.model.FrameworkMethod.invokeExplosively(FrameworkMethod.java:44)
	at org.junit.internal.runners.statements.InvokeMethod.evaluate(InvokeMethod.java:17)
	at org.junit.internal.runners.statements.RunBefores.evaluate(RunBefores.java:26)
	at org.junit.internal.runners.statements.RunAfters.evaluate(RunAfters.java:27)
	at org.junit.runners.ParentRunner.runLeaf(ParentRunner.java:271)
	at org.junit.runners.BlockJUnit4ClassRunner.runChild(BlockJUnit4ClassRunner.java:70)
	at org.junit.runners.BlockJUnit4ClassRunner.runChild(BlockJUnit4ClassRunner.java:50)
	at org.junit.runners.ParentRunner$3.run(ParentRunner.java:238)
	at org.junit.runners.ParentRunner$1.schedule(ParentRunner.java:63)
	at org.junit.runners.ParentRunner.runChildren(ParentRunner.java:236)
	at org.junit.runners.ParentRunner.access$000(ParentRunner.java:53)
	at org.junit.runners.ParentRunner$2.evaluate(ParentRunner.java:229)
	at org.junit.runners.ParentRunner.run(ParentRunner.java:309)
	at org.apache.maven.surefire.junit4.JUnit4Provider.execute(JUnit4Provider.java:365)
	at org.apache.maven.surefire.junit4.JUnit4Provider.executeWithRerun(JUnit4Provider.java:273)
	at org.apache.maven.surefire.junit4.JUnit4Provider.executeTestSet(JUnit4Provider.java:238)
	at org.apache.maven.surefire.junit4.JUnit4Provider.invoke(JUnit4Provider.java:159)
	at org.apache.maven.surefire.booter.ForkedBooter.invokeProviderInSameClassLoader(ForkedBooter.java:384)
	at org.apache.maven.surefire.booter.ForkedBooter.runSuitesInProcess(ForkedBooter.java:345)
	at org.apache.maven.surefire.booter.ForkedBooter.execute(ForkedBooter.java:126)
	at org.apache.maven.surefire.booter.ForkedBooter.main(ForkedBooter.java:418)
Caused by: java.util.concurrent.ExecutionException: org.apache.ratis.protocol.RaftRetryFailureException: Failed RaftClientRequest:client-5B0E58B1F703->f8f2a133-6537-47b7-973c-ae1bdc39cdf8@group-F8091CFEDA8C, cid=41, seq=4*, RW, cmdType: CreateContainer
traceID: "5287fd6efbccd647:5287fd6efbccd647:0:0"
containerID: 1
datanodeUuid: "99861a18-d503-4129-9ff7-8353a6232c61"
createContainer {
}
, data.size=0 for 180 attempts with RetryLimited(maxAttempts=180, sleepTime=1000ms)
	at java.util.concurrent.CompletableFuture.reportGet(CompletableFuture.java:357)
	at java.util.concurrent.CompletableFuture.get(CompletableFuture.java:1895)
	at org.apache.hadoop.hdds.scm.XceiverClientSpi.sendCommand(XceiverClientSpi.java:110)
	... 28 more
Caused by: org.apache.ratis.protocol.RaftRetryFailureException: Failed RaftClientRequest:client-5B0E58B1F703->f8f2a133-6537-47b7-973c-ae1bdc39cdf8@group-F8091CFEDA8C, cid=41, seq=4*, RW, cmdType: CreateContainer
traceID: "5287fd6efbccd647:5287fd6efbccd647:0:0"
containerID: 1
datanodeUuid: "99861a18-d503-4129-9ff7-8353a6232c61"
createContainer {
}
, data.size=0 for 180 attempts with RetryLimited(maxAttempts=180, sleepTime=1000ms)
	at org.apache.ratis.client.impl.RaftClientImpl.noMoreRetries(RaftClientImpl.java:271)
	at org.apache.ratis.client.impl.OrderedAsync.handleAsyncRetryFailure(OrderedAsync.java:138)
	at org.apache.ratis.client.impl.OrderedAsync.lambda$sendRequest$10(OrderedAsync.java:230)
	at java.util.concurrent.CompletableFuture.uniExceptionally(CompletableFuture.java:870)
	at java.util.concurrent.CompletableFuture$UniExceptionally.tryFire(CompletableFuture.java:852)
	at java.util.concurrent.CompletableFuture.postComplete(CompletableFuture.java:474)
	at java.util.concurrent.CompletableFuture.completeExceptionally(CompletableFuture.java:1977)
	at org.apache.ratis.grpc.client.GrpcClientProtocolClient$AsyncStreamObservers.completeReplyExceptionally(GrpcClientProtocolClient.java:345)
	at org.apache.ratis.grpc.client.GrpcClientProtocolClient$AsyncStreamObservers.access$000(GrpcClientProtocolClient.java:261)
	at org.apache.ratis.grpc.client.GrpcClientProtocolClient$AsyncStreamObservers$1.onNext(GrpcClientProtocolClient.java:273)
	at org.apache.ratis.grpc.client.GrpcClientProtocolClient$AsyncStreamObservers$1.onNext(GrpcClientProtocolClient.java:264)
	at org.apache.ratis.thirdparty.io.grpc.stub.ClientCalls$StreamObserverToCallListenerAdapter.onMessage(ClientCalls.java:421)
	at org.apache.ratis.thirdparty.io.grpc.ForwardingClientCallListener.onMessage(ForwardingClientCallListener.java:33)
	at org.apache.ratis.thirdparty.io.grpc.ForwardingClientCallListener.onMessage(ForwardingClientCallListener.java:33)
	at org.apache.ratis.thirdparty.io.grpc.internal.ClientCallImpl$ClientStreamListenerImpl$1MessagesAvailable.runInContext(ClientCallImpl.java:519)
	at org.apache.ratis.thirdparty.io.grpc.internal.ContextRunnable.run(ContextRunnable.java:37)
	at org.apache.ratis.thirdparty.io.grpc.internal.SerializingExecutor.run(SerializingExecutor.java:123)
	at java.util.concurrent.ThreadPoolExecutor.runWorker(ThreadPoolExecutor.java:1149)
	at java.util.concurrent.ThreadPoolExecutor$Worker.run(ThreadPoolExecutor.java:624)
	at java.lang.Thread.run(Thread.java:748)
Caused by: org.apache.ratis.protocol.NotLeaderException: Server f8f2a133-6537-47b7-973c-ae1bdc39cdf8@group-F8091CFEDA8C is not the leader 99861a18-d503-4129-9ff7-8353a6232c61:192.168.34.51:35086
	at org.apache.ratis.client.impl.ClientProtoUtils.toRaftClientReply(ClientProtoUtils.java:243)
	at org.apache.ratis.grpc.client.GrpcClientProtocolClient$AsyncStreamObservers$1.onNext(GrpcClientProtocolClient.java:269)
	... 10 more
</error>
    <system-out><![CDATA[2019-10-21 10:10:04,064 [main] WARN  server.ServerUtils (ServerUtils.java:getScmDbDir(145)) - ozone.scm.db.dirs is not configured. We recommend adding this setting. Falling back to ozone.metadata.dirs instead.
2019-10-21 10:10:04,081 [main] WARN  server.ServerUtils (ServerUtils.java:getScmDbDir(145)) - ozone.scm.db.dirs is not configured. We recommend adding this setting. Falling back to ozone.metadata.dirs instead.
2019-10-21 10:10:04,082 [main] WARN  server.ServerUtils (ServerUtils.java:getScmDbDir(145)) - ozone.scm.db.dirs is not configured. We recommend adding this setting. Falling back to ozone.metadata.dirs instead.
2019-10-21 10:10:04,082 [main] INFO  db.DBStoreBuilder (DBStoreBuilder.java:addTable(117)) - using custom profile for table: deletedBlocks
2019-10-21 10:10:04,082 [main] INFO  db.DBStoreBuilder (DBStoreBuilder.java:processTables(168)) - Using default column profile:DBProfile.DISK for Table:deletedBlocks
2019-10-21 10:10:04,083 [main] INFO  db.DBStoreBuilder (DBStoreBuilder.java:addTable(117)) - using custom profile for table: validCerts
2019-10-21 10:10:04,083 [main] INFO  db.DBStoreBuilder (DBStoreBuilder.java:processTables(168)) - Using default column profile:DBProfile.DISK for Table:validCerts
2019-10-21 10:10:04,083 [main] INFO  db.DBStoreBuilder (DBStoreBuilder.java:addTable(117)) - using custom profile for table: revokedCerts
2019-10-21 10:10:04,083 [main] INFO  db.DBStoreBuilder (DBStoreBuilder.java:processTables(168)) - Using default column profile:DBProfile.DISK for Table:revokedCerts
2019-10-21 10:10:04,083 [main] INFO  db.DBStoreBuilder (DBStoreBuilder.java:addTable(117)) - using custom profile for table: default
2019-10-21 10:10:04,084 [main] INFO  db.DBStoreBuilder (DBStoreBuilder.java:processTables(174)) - Using default column profile:DBProfile.DISK for Table:default
2019-10-21 10:10:04,084 [main] INFO  db.DBStoreBuilder (DBStoreBuilder.java:getDbProfile(205)) - Using default options. DBProfile.DISK
2019-10-21 10:10:04,225 [main] INFO  net.NodeSchemaLoader (NodeSchemaLoader.java:loadSchemaFromFile(125)) - Loading file from sun.misc.CompoundEnumeration@53a84ff4
2019-10-21 10:10:04,225 [main] INFO  net.NodeSchemaLoader (NodeSchemaLoader.java:loadSchema(171)) - Loading network topology layer schema file
2019-10-21 10:10:04,230 [main] WARN  server.ServerUtils (ServerUtils.java:sanitizeUserArgs(70)) - ozone.scm.stale.node.interval value = 300000 is larger than max = 100000 based on the key value of ozone.scm.heartbeat.thread.interval, reset to the max value 100000.
2019-10-21 10:10:04,230 [main] WARN  server.ServerUtils (ServerUtils.java:sanitizeUserArgs(70)) - ozone.scm.stale.node.interval value = 300000 is larger than max = 100000 based on the key value of ozone.scm.heartbeat.thread.interval, reset to the max value 100000.
2019-10-21 10:10:04,231 [main] INFO  node.SCMNodeManager (SCMNodeManager.java:<init>(116)) - Entering startup safe mode.
2019-10-21 10:10:04,232 [main] INFO  algorithms.ContainerPlacementPolicyFactory (ContainerPlacementPolicyFactory.java:getPolicy(57)) - Create container placement policy of type org.apache.hadoop.hdds.scm.container.placement.algorithms.SCMContainerPlacementRandom
2019-10-21 10:10:04,232 [main] WARN  server.ServerUtils (ServerUtils.java:getScmDbDir(145)) - ozone.scm.db.dirs is not configured. We recommend adding this setting. Falling back to ozone.metadata.dirs instead.
2019-10-21 10:10:04,270 [main] INFO  pipeline.SCMPipelineManager (SCMPipelineManager.java:initializePipelineState(132)) - No pipeline exists in current db
2019-10-21 10:10:04,270 [main] WARN  server.ServerUtils (ServerUtils.java:getScmDbDir(145)) - ozone.scm.db.dirs is not configured. We recommend adding this setting. Falling back to ozone.metadata.dirs instead.
2019-10-21 10:10:04,310 [main] WARN  events.EventQueue (EventQueue.java:fireEvent(183)) - No event handler registered for event TypedEvent{payloadType=SafeModeStatus, name='SafeModeStatus'}
2019-10-21 10:10:04,311 [main] INFO  ipc.CallQueueManager (CallQueueManager.java:<init>(84)) - Using callQueue: class java.util.concurrent.LinkedBlockingQueue, queueCapacity: 2000, scheduler: class org.apache.hadoop.ipc.DefaultRpcScheduler, ipcBackoff: false.
2019-10-21 10:10:04,312 [Socket Reader #1 for port 42284] INFO  ipc.Server (Server.java:run(1074)) - Starting Socket Reader #1 for port 42284
2019-10-21 10:10:04,314 [main] INFO  ipc.CallQueueManager (CallQueueManager.java:<init>(84)) - Using callQueue: class java.util.concurrent.LinkedBlockingQueue, queueCapacity: 2000, scheduler: class org.apache.hadoop.ipc.DefaultRpcScheduler, ipcBackoff: false.
2019-10-21 10:10:04,315 [Socket Reader #1 for port 37921] INFO  ipc.Server (Server.java:run(1074)) - Starting Socket Reader #1 for port 37921
2019-10-21 10:10:04,317 [main] INFO  ipc.CallQueueManager (CallQueueManager.java:<init>(84)) - Using callQueue: class java.util.concurrent.LinkedBlockingQueue, queueCapacity: 2000, scheduler: class org.apache.hadoop.ipc.DefaultRpcScheduler, ipcBackoff: false.
2019-10-21 10:10:04,317 [Socket Reader #1 for port 34729] INFO  ipc.Server (Server.java:run(1074)) - Starting Socket Reader #1 for port 34729
2019-10-21 10:10:04,320 [main] INFO  hdfs.DFSUtil (DFSUtil.java:httpServerTemplateForNNAndJN(1641)) - Starting Web-server for scm at: http://0.0.0.0:0
2019-10-21 10:10:04,323 [main] INFO  server.AuthenticationFilter (AuthenticationFilter.java:constructSecretProvider(240)) - Unable to initialize FileSignerSecretProvider, falling back to use random secrets.
2019-10-21 10:10:04,324 [main] WARN  http.HttpRequestLog (HttpRequestLog.java:getRequestLog(97)) - Jetty request log can only be enabled using Log4j
2019-10-21 10:10:04,327 [main] INFO  http.HttpServer2 (HttpServer2.java:addGlobalFilter(975)) - Added global filter 'safety' (class=org.apache.hadoop.http.HttpServer2$QuotingInputFilter)
2019-10-21 10:10:04,328 [main] INFO  http.HttpServer2 (HttpServer2.java:addFilter(948)) - Added filter static_user_filter (class=org.apache.hadoop.http.lib.StaticUserWebFilter$StaticUserFilter) to context scm
2019-10-21 10:10:04,328 [main] INFO  http.HttpServer2 (HttpServer2.java:addFilter(958)) - Added filter static_user_filter (class=org.apache.hadoop.http.lib.StaticUserWebFilter$StaticUserFilter) to context static
2019-10-21 10:10:04,328 [main] INFO  http.HttpServer2 (HttpServer2.java:addFilter(958)) - Added filter static_user_filter (class=org.apache.hadoop.http.lib.StaticUserWebFilter$StaticUserFilter) to context logs
2019-10-21 10:10:04,331 [main] INFO  server.StorageContainerManager (StorageContainerManager.java:start(772)) - StorageContainerLocationProtocol RPC server is listening at /0.0.0.0:34729
2019-10-21 10:10:04,334 [main] WARN  impl.MetricsConfig (MetricsConfig.java:loadFirst(134)) - Cannot locate configuration: tried hadoop-metrics2-storagecontainermanager.properties,hadoop-metrics2.properties
2019-10-21 10:10:04,335 [main] INFO  impl.MetricsSystemImpl (MetricsSystemImpl.java:startTimer(374)) - Scheduled Metric snapshot period at 10 second(s).
2019-10-21 10:10:04,336 [main] INFO  impl.MetricsSystemImpl (MetricsSystemImpl.java:start(191)) - StorageContainerManager metrics system started
2019-10-21 10:10:04,389 [main] WARN  impl.MetricsSystemImpl (MetricsSystemImpl.java:register(276)) - Sink prometheus already exists!
2019-10-21 10:10:04,396 [main] INFO  server.SCMClientProtocolServer (SCMClientProtocolServer.java:start(159)) - RPC server for Client  is listening at /0.0.0.0:34729
2019-10-21 10:10:04,397 [IPC Server Responder] INFO  ipc.Server (Server.java:run(1314)) - IPC Server Responder: starting
2019-10-21 10:10:04,397 [IPC Server listener on 34729] INFO  ipc.Server (Server.java:run(1153)) - IPC Server listener on 34729: starting
2019-10-21 10:10:04,401 [main] INFO  server.StorageContainerManager (StorageContainerManager.java:start(782)) - ScmBlockLocationProtocol RPC server is listening at /0.0.0.0:37921
2019-10-21 10:10:04,401 [main] INFO  server.SCMBlockProtocolServer (SCMBlockProtocolServer.java:start(146)) - RPC server for Block Protocol is listening at /0.0.0.0:37921
2019-10-21 10:10:04,402 [IPC Server Responder] INFO  ipc.Server (Server.java:run(1314)) - IPC Server Responder: starting
2019-10-21 10:10:04,402 [IPC Server listener on 37921] INFO  ipc.Server (Server.java:run(1153)) - IPC Server listener on 37921: starting
2019-10-21 10:10:04,405 [main] INFO  server.StorageContainerManager (StorageContainerManager.java:start(786)) - ScmDatanodeProtocl RPC server is listening at /0.0.0.0:42284
2019-10-21 10:10:04,405 [main] INFO  server.SCMDatanodeProtocolServer (SCMDatanodeProtocolServer.java:start(169)) - RPC server for DataNodes is listening at /0.0.0.0:42284
2019-10-21 10:10:04,406 [IPC Server Responder] INFO  ipc.Server (Server.java:run(1314)) - IPC Server Responder: starting
2019-10-21 10:10:04,406 [IPC Server listener on 42284] INFO  ipc.Server (Server.java:run(1153)) - IPC Server listener on 42284: starting
2019-10-21 10:10:04,409 [main] INFO  http.HttpServer2 (HttpServer2.java:bindListener(1191)) - Jetty bound to port 35202
2019-10-21 10:10:04,410 [main] INFO  server.Server (Server.java:doStart(351)) - jetty-9.3.25.v20180904, build timestamp: 2018-09-04T21:11:46Z, git hash: 3ce520221d0240229c862b122d2b06c12a625732
2019-10-21 10:10:04,411 [main] INFO  handler.ContextHandler (ContextHandler.java:doStart(781)) - Started o.e.j.s.ServletContextHandler@5731d3a{/logs,file:///workdir/hadoop-ozone/integration-test/target/log,AVAILABLE}
2019-10-21 10:10:04,412 [main] INFO  handler.ContextHandler (ContextHandler.java:doStart(781)) - Started o.e.j.s.ServletContextHandler@1eff3cfb{/static,file:///workdir/hadoop-ozone/integration-test/target/test-classes/webapps/static,AVAILABLE}
2019-10-21 10:10:04,416 [main] INFO  handler.ContextHandler (ContextHandler.java:doStart(781)) - Started o.e.j.w.WebAppContext@31db34da{/,file:///workdir/hadoop-ozone/integration-test/target/test-classes/webapps/scm/,AVAILABLE}{/scm}
2019-10-21 10:10:04,416 [main] INFO  server.AbstractConnector (AbstractConnector.java:doStart(278)) - Started ServerConnector@109f8c7e{HTTP/1.1,[http/1.1]}{0.0.0.0:35202}
2019-10-21 10:10:04,417 [main] INFO  server.Server (Server.java:doStart(419)) - Started @48378ms
2019-10-21 10:10:04,417 [main] WARN  impl.MetricsSystemImpl (MetricsSystemImpl.java:register(276)) - Sink prometheus already exists!
2019-10-21 10:10:04,418 [main] INFO  server.BaseHttpServer (BaseHttpServer.java:updateConnectorAddress(215)) - HTTP server of SCM is listening at http://0.0.0.0:35202
2019-10-21 10:10:04,419 [main] WARN  server.ServerUtils (ServerUtils.java:getDBPath(222)) - ozone.om.db.dirs is not configured. We recommend adding this setting. Falling back to ozone.metadata.dirs instead.
2019-10-21 10:10:04,419 [org.apache.hadoop.util.JvmPauseMonitor$Monitor@16a5eb6d] INFO  util.JvmPauseMonitor (JvmPauseMonitor.java:run(188)) - Starting JVM pause monitor
2019-10-21 10:10:04,433 [main] INFO  ha.OMHANodeDetails (OMHANodeDetails.java:loadOMHAConfig(190)) - Configuration either no ozone.om.address set. Falling back to the default OM address /127.0.0.1:0
2019-10-21 10:10:04,433 [main] INFO  ha.OMHANodeDetails (OMHANodeDetails.java:getOMNodeDetails(220)) - OM Service ID is not set. Setting it to the default ID: omServiceIdDefault
2019-10-21 10:10:04,433 [main] WARN  server.ServerUtils (ServerUtils.java:getDBPath(222)) - ozone.om.db.dirs is not configured. We recommend adding this setting. Falling back to ozone.metadata.dirs instead.
2019-10-21 10:10:04,434 [main] WARN  server.ServerUtils (ServerUtils.java:getDBPath(222)) - ozone.om.db.dirs is not configured. We recommend adding this setting. Falling back to ozone.metadata.dirs instead.
2019-10-21 10:10:04,441 [main] WARN  server.ServerUtils (ServerUtils.java:getDBPath(222)) - ozone.om.db.dirs is not configured. We recommend adding this setting. Falling back to ozone.metadata.dirs instead.
2019-10-21 10:10:04,441 [main] INFO  db.DBStoreBuilder (DBStoreBuilder.java:addTable(117)) - using custom profile for table: userTable
2019-10-21 10:10:04,442 [main] INFO  db.DBStoreBuilder (DBStoreBuilder.java:processTables(168)) - Using default column profile:DBProfile.DISK for Table:userTable
2019-10-21 10:10:04,442 [main] INFO  db.DBStoreBuilder (DBStoreBuilder.java:addTable(117)) - using custom profile for table: volumeTable
2019-10-21 10:10:04,442 [main] INFO  db.DBStoreBuilder (DBStoreBuilder.java:processTables(168)) - Using default column profile:DBProfile.DISK for Table:volumeTable
2019-10-21 10:10:04,443 [main] INFO  db.DBStoreBuilder (DBStoreBuilder.java:addTable(117)) - using custom profile for table: bucketTable
2019-10-21 10:10:04,443 [main] INFO  db.DBStoreBuilder (DBStoreBuilder.java:processTables(168)) - Using default column profile:DBProfile.DISK for Table:bucketTable
2019-10-21 10:10:04,443 [main] INFO  db.DBStoreBuilder (DBStoreBuilder.java:addTable(117)) - using custom profile for table: keyTable
2019-10-21 10:10:04,443 [main] INFO  db.DBStoreBuilder (DBStoreBuilder.java:processTables(168)) - Using default column profile:DBProfile.DISK for Table:keyTable
2019-10-21 10:10:04,443 [main] INFO  db.DBStoreBuilder (DBStoreBuilder.java:addTable(117)) - using custom profile for table: deletedTable
2019-10-21 10:10:04,444 [main] INFO  db.DBStoreBuilder (DBStoreBuilder.java:processTables(168)) - Using default column profile:DBProfile.DISK for Table:deletedTable
2019-10-21 10:10:04,444 [main] INFO  db.DBStoreBuilder (DBStoreBuilder.java:addTable(117)) - using custom profile for table: openKeyTable
2019-10-21 10:10:04,444 [main] INFO  db.DBStoreBuilder (DBStoreBuilder.java:processTables(168)) - Using default column profile:DBProfile.DISK for Table:openKeyTable
2019-10-21 10:10:04,445 [main] INFO  db.DBStoreBuilder (DBStoreBuilder.java:addTable(117)) - using custom profile for table: s3Table
2019-10-21 10:10:04,445 [main] INFO  db.DBStoreBuilder (DBStoreBuilder.java:processTables(168)) - Using default column profile:DBProfile.DISK for Table:s3Table
2019-10-21 10:10:04,445 [main] INFO  db.DBStoreBuilder (DBStoreBuilder.java:addTable(117)) - using custom profile for table: multipartInfoTable
2019-10-21 10:10:04,445 [main] INFO  db.DBStoreBuilder (DBStoreBuilder.java:processTables(168)) - Using default column profile:DBProfile.DISK for Table:multipartInfoTable
2019-10-21 10:10:04,445 [main] INFO  db.DBStoreBuilder (DBStoreBuilder.java:addTable(117)) - using custom profile for table: dTokenTable
2019-10-21 10:10:04,446 [main] INFO  db.DBStoreBuilder (DBStoreBuilder.java:processTables(168)) - Using default column profile:DBProfile.DISK for Table:dTokenTable
2019-10-21 10:10:04,446 [main] INFO  db.DBStoreBuilder (DBStoreBuilder.java:addTable(117)) - using custom profile for table: s3SecretTable
2019-10-21 10:10:04,446 [main] INFO  db.DBStoreBuilder (DBStoreBuilder.java:processTables(168)) - Using default column profile:DBProfile.DISK for Table:s3SecretTable
2019-10-21 10:10:04,447 [main] INFO  db.DBStoreBuilder (DBStoreBuilder.java:addTable(117)) - using custom profile for table: prefixTable
2019-10-21 10:10:04,447 [main] INFO  db.DBStoreBuilder (DBStoreBuilder.java:processTables(168)) - Using default column profile:DBProfile.DISK for Table:prefixTable
2019-10-21 10:10:04,447 [main] INFO  db.DBStoreBuilder (DBStoreBuilder.java:addTable(117)) - using custom profile for table: default
2019-10-21 10:10:04,447 [main] INFO  db.DBStoreBuilder (DBStoreBuilder.java:processTables(174)) - Using default column profile:DBProfile.DISK for Table:default
2019-10-21 10:10:04,447 [main] INFO  db.DBStoreBuilder (DBStoreBuilder.java:getDbProfile(205)) - Using default options. DBProfile.DISK
2019-10-21 10:10:04,911 [main] INFO  ipc.CallQueueManager (CallQueueManager.java:<init>(84)) - Using callQueue: class java.util.concurrent.LinkedBlockingQueue, queueCapacity: 2000, scheduler: class org.apache.hadoop.ipc.DefaultRpcScheduler, ipcBackoff: false.
2019-10-21 10:10:04,912 [Socket Reader #1 for port 45993] INFO  ipc.Server (Server.java:run(1074)) - Starting Socket Reader #1 for port 45993
2019-10-21 10:10:04,933 [main] INFO  om.OzoneManager (OzoneManager.java:start(1071)) - OzoneManager RPC server is listening at localhost/127.0.0.1:45993
2019-10-21 10:10:04,933 [main] INFO  impl.MetricsSystemImpl (MetricsSystemImpl.java:init(158)) - OzoneManager metrics system started (again)
2019-10-21 10:10:04,934 [IPC Server Responder] INFO  ipc.Server (Server.java:run(1314)) - IPC Server Responder: starting
2019-10-21 10:10:04,935 [IPC Server listener on 45993] INFO  ipc.Server (Server.java:run(1153)) - IPC Server listener on 45993: starting
2019-10-21 10:10:04,941 [main] INFO  hdfs.DFSUtil (DFSUtil.java:httpServerTemplateForNNAndJN(1641)) - Starting Web-server for ozoneManager at: http://0.0.0.0:0
2019-10-21 10:10:04,943 [main] INFO  server.AuthenticationFilter (AuthenticationFilter.java:constructSecretProvider(240)) - Unable to initialize FileSignerSecretProvider, falling back to use random secrets.
2019-10-21 10:10:04,944 [main] WARN  http.HttpRequestLog (HttpRequestLog.java:getRequestLog(97)) - Jetty request log can only be enabled using Log4j
2019-10-21 10:10:04,947 [main] INFO  http.HttpServer2 (HttpServer2.java:addGlobalFilter(975)) - Added global filter 'safety' (class=org.apache.hadoop.http.HttpServer2$QuotingInputFilter)
2019-10-21 10:10:04,948 [main] INFO  http.HttpServer2 (HttpServer2.java:addFilter(948)) - Added filter static_user_filter (class=org.apache.hadoop.http.lib.StaticUserWebFilter$StaticUserFilter) to context ozoneManager
2019-10-21 10:10:04,948 [main] INFO  http.HttpServer2 (HttpServer2.java:addFilter(958)) - Added filter static_user_filter (class=org.apache.hadoop.http.lib.StaticUserWebFilter$StaticUserFilter) to context logs
2019-10-21 10:10:04,949 [main] INFO  http.HttpServer2 (HttpServer2.java:addFilter(958)) - Added filter static_user_filter (class=org.apache.hadoop.http.lib.StaticUserWebFilter$StaticUserFilter) to context static
2019-10-21 10:10:04,950 [main] INFO  http.HttpServer2 (HttpServer2.java:bindListener(1191)) - Jetty bound to port 33220
2019-10-21 10:10:04,950 [main] INFO  server.Server (Server.java:doStart(351)) - jetty-9.3.25.v20180904, build timestamp: 2018-09-04T21:11:46Z, git hash: 3ce520221d0240229c862b122d2b06c12a625732
2019-10-21 10:10:04,953 [main] INFO  handler.ContextHandler (ContextHandler.java:doStart(781)) - Started o.e.j.s.ServletContextHandler@42cc183e{/logs,file:///workdir/hadoop-ozone/integration-test/target/log,AVAILABLE}
2019-10-21 10:10:04,954 [main] INFO  handler.ContextHandler (ContextHandler.java:doStart(781)) - Started o.e.j.s.ServletContextHandler@6a1d6ef2{/static,file:///workdir/hadoop-ozone/integration-test/target/test-classes/webapps/static,AVAILABLE}
2019-10-21 10:10:04,961 [main] INFO  handler.ContextHandler (ContextHandler.java:doStart(781)) - Started o.e.j.w.WebAppContext@5e9f73b{/,file:///workdir/hadoop-ozone/integration-test/target/test-classes/webapps/ozoneManager/,AVAILABLE}{/ozoneManager}
2019-10-21 10:10:04,963 [main] INFO  server.AbstractConnector (AbstractConnector.java:doStart(278)) - Started ServerConnector@1a565afb{HTTP/1.1,[http/1.1]}{0.0.0.0:33220}
2019-10-21 10:10:04,963 [main] INFO  server.Server (Server.java:doStart(419)) - Started @48924ms
2019-10-21 10:10:04,964 [main] WARN  impl.MetricsSystemImpl (MetricsSystemImpl.java:register(276)) - Sink prometheus already exists!
2019-10-21 10:10:04,966 [main] INFO  server.BaseHttpServer (BaseHttpServer.java:updateConnectorAddress(215)) - HTTP server of OZONEMANAGER is listening at http://0.0.0.0:33220
2019-10-21 10:10:04,993 [main] INFO  impl.MetricsSystemImpl (MetricsSystemImpl.java:init(158)) - HddsDatanode metrics system started (again)
2019-10-21 10:10:04,995 [main] INFO  ozone.HddsDatanodeService (HddsDatanodeService.java:start(184)) - HddsDatanodeService host:pr-hdds-2291-fkckm-1634098129 ip:192.168.34.51
2019-10-21 10:10:05,003 [main] INFO  volume.HddsVolume (HddsVolume.java:<init>(176)) - Creating Volume: /workdir/hadoop-ozone/integration-test/target/test-dir/MiniOzoneClusterImpl-69f13c50-7f04-4373-b728-745ac2dd16f0/datanode-0/data/containers/hdds of  storage type : DISK and capacity : 1482555576320
2019-10-21 10:10:05,003 [main] INFO  volume.VolumeSet (VolumeSet.java:initializeVolumeSet(170)) - Added Volume : /workdir/hadoop-ozone/integration-test/target/test-dir/MiniOzoneClusterImpl-69f13c50-7f04-4373-b728-745ac2dd16f0/datanode-0/data/containers/hdds to VolumeSet
2019-10-21 10:10:05,004 [main] INFO  volume.ThrottledAsyncChecker (ThrottledAsyncChecker.java:schedule(141)) - Scheduling a check for org.apache.hadoop.ozone.container.common.volume.HddsVolume@5d7399f9
2019-10-21 10:10:05,005 [main] INFO  volume.HddsVolumeChecker (HddsVolumeChecker.java:checkAllVolumes(204)) - Scheduled health check for volume org.apache.hadoop.ozone.container.common.volume.HddsVolume@5d7399f9
2019-10-21 10:10:05,020 [main] INFO  impl.RaftServerProxy (ConfUtils.java:logGet(43)) - raft.rpc.type = GRPC (default)
2019-10-21 10:10:05,021 [main] INFO  grpc.GrpcFactory (GrpcFactory.java:checkPooledByteBufAllocatorUseCacheForAllThreads(45)) - PERFORMANCE WARNING: useCacheForAllThreads is true that may cause Netty to create a lot garbage objects and, as a result, trigger GC.
	It is recommended to disable useCacheForAllThreads by setting -Dorg.apache.ratis.thirdparty.io.netty.allocator.useCacheForAllThreads=false in command line.
2019-10-21 10:10:05,021 [main] INFO  grpc.GrpcConfigKeys$Server (ConfUtils.java:logGet(43)) - raft.grpc.server.port = 0 (default)
2019-10-21 10:10:05,021 [main] INFO  server.GrpcService (ConfUtils.java:logGet(43)) - raft.grpc.message.size.max = 33570816 (custom)
2019-10-21 10:10:05,021 [main] INFO  server.RaftServerConfigKeys (ConfUtils.java:logGet(43)) - raft.server.log.appender.buffer.byte-limit = 33554432 (custom)
2019-10-21 10:10:05,021 [main] INFO  server.GrpcService (ConfUtils.java:logGet(43)) - raft.grpc.flow.control.window = 1MB (=1048576) (default)
2019-10-21 10:10:05,022 [main] INFO  server.RaftServerConfigKeys (ConfUtils.java:logGet(43)) - raft.server.rpc.request.timeout = 3000ms (default)
2019-10-21 10:10:05,022 [main] INFO  server.RaftServerConfigKeys (ConfUtils.java:logGet(43)) - raft.server.storage.dir = [/workdir/hadoop-ozone/integration-test/target/test-dir/MiniOzoneClusterImpl-69f13c50-7f04-4373-b728-745ac2dd16f0/datanode-0/data/ratis] (custom)
2019-10-21 10:10:05,024 [main] INFO  hdfs.DFSUtil (DFSUtil.java:httpServerTemplateForNNAndJN(1641)) - Starting Web-server for hddsDatanode at: http://0.0.0.0:0
2019-10-21 10:10:05,026 [main] INFO  server.AuthenticationFilter (AuthenticationFilter.java:constructSecretProvider(240)) - Unable to initialize FileSignerSecretProvider, falling back to use random secrets.
2019-10-21 10:10:05,026 [main] WARN  http.HttpRequestLog (HttpRequestLog.java:getRequestLog(97)) - Jetty request log can only be enabled using Log4j
2019-10-21 10:10:05,028 [main] INFO  http.HttpServer2 (HttpServer2.java:addGlobalFilter(975)) - Added global filter 'safety' (class=org.apache.hadoop.http.HttpServer2$QuotingInputFilter)
2019-10-21 10:10:05,029 [main] INFO  http.HttpServer2 (HttpServer2.java:addFilter(948)) - Added filter static_user_filter (class=org.apache.hadoop.http.lib.StaticUserWebFilter$StaticUserFilter) to context hddsDatanode
2019-10-21 10:10:05,029 [main] INFO  http.HttpServer2 (HttpServer2.java:addFilter(958)) - Added filter static_user_filter (class=org.apache.hadoop.http.lib.StaticUserWebFilter$StaticUserFilter) to context logs
2019-10-21 10:10:05,029 [main] INFO  http.HttpServer2 (HttpServer2.java:addFilter(958)) - Added filter static_user_filter (class=org.apache.hadoop.http.lib.StaticUserWebFilter$StaticUserFilter) to context static
2019-10-21 10:10:05,030 [main] INFO  http.HttpServer2 (HttpServer2.java:bindListener(1191)) - Jetty bound to port 38167
2019-10-21 10:10:05,030 [main] INFO  server.Server (Server.java:doStart(351)) - jetty-9.3.25.v20180904, build timestamp: 2018-09-04T21:11:46Z, git hash: 3ce520221d0240229c862b122d2b06c12a625732
2019-10-21 10:10:05,031 [main] INFO  handler.ContextHandler (ContextHandler.java:doStart(781)) - Started o.e.j.s.ServletContextHandler@f425231{/logs,file:///workdir/hadoop-ozone/integration-test/target/log,AVAILABLE}
2019-10-21 10:10:05,032 [main] INFO  handler.ContextHandler (ContextHandler.java:doStart(781)) - Started o.e.j.s.ServletContextHandler@5cbd94b2{/static,jar:file:/home/user/.m2/repository/org/apache/hadoop/hadoop-hdds-container-service/0.5.0-SNAPSHOT/hadoop-hdds-container-service-0.5.0-SNAPSHOT.jar!/webapps/static,AVAILABLE}
2019-10-21 10:10:05,062 [main] INFO  handler.ContextHandler (ContextHandler.java:doStart(781)) - Started o.e.j.w.WebAppContext@48a663e9{/,file:///tmp/jetty-0.0.0.0-38167-hddsDatanode-_-any-2233652436670484533.dir/webapp/,AVAILABLE}{/hddsDatanode}
2019-10-21 10:10:05,063 [main] INFO  server.AbstractConnector (AbstractConnector.java:doStart(278)) - Started ServerConnector@777d0bc3{HTTP/1.1,[http/1.1]}{0.0.0.0:38167}
2019-10-21 10:10:05,064 [main] INFO  server.Server (Server.java:doStart(419)) - Started @49025ms
2019-10-21 10:10:05,064 [main] WARN  impl.MetricsSystemImpl (MetricsSystemImpl.java:register(276)) - Sink prometheus already exists!
2019-10-21 10:10:05,065 [main] INFO  server.BaseHttpServer (BaseHttpServer.java:updateConnectorAddress(215)) - HTTP server of HDDSDATANODE is listening at http://0.0.0.0:38167
2019-10-21 10:10:05,065 [main] INFO  impl.MetricsSystemImpl (MetricsSystemImpl.java:init(158)) - HddsDatanode metrics system started (again)
2019-10-21 10:10:05,068 [main] INFO  ozone.HddsDatanodeService (HddsDatanodeService.java:start(184)) - HddsDatanodeService host:pr-hdds-2291-fkckm-1634098129 ip:192.168.34.51
2019-10-21 10:10:05,068 [org.apache.hadoop.util.JvmPauseMonitor$Monitor@15b79e20] INFO  util.JvmPauseMonitor (JvmPauseMonitor.java:run(188)) - Starting JVM pause monitor
2019-10-21 10:10:05,071 [Datanode State Machine Thread - 0] INFO  datanode.InitDatanodeState (InitDatanodeState.java:persistContainerDatanodeDetails(140)) - DatanodeDetails is persisted to /workdir/hadoop-ozone/integration-test/target/test-dir/MiniOzoneClusterImpl-69f13c50-7f04-4373-b728-745ac2dd16f0/datanode-0/meta/datanode.id
2019-10-21 10:10:05,075 [main] INFO  volume.HddsVolume (HddsVolume.java:<init>(176)) - Creating Volume: /workdir/hadoop-ozone/integration-test/target/test-dir/MiniOzoneClusterImpl-69f13c50-7f04-4373-b728-745ac2dd16f0/datanode-1/data/containers/hdds of  storage type : DISK and capacity : 1482555576320
2019-10-21 10:10:05,076 [main] INFO  volume.VolumeSet (VolumeSet.java:initializeVolumeSet(170)) - Added Volume : /workdir/hadoop-ozone/integration-test/target/test-dir/MiniOzoneClusterImpl-69f13c50-7f04-4373-b728-745ac2dd16f0/datanode-1/data/containers/hdds to VolumeSet
2019-10-21 10:10:05,076 [main] INFO  volume.ThrottledAsyncChecker (ThrottledAsyncChecker.java:schedule(141)) - Scheduling a check for org.apache.hadoop.ozone.container.common.volume.HddsVolume@3f598450
2019-10-21 10:10:05,076 [main] INFO  volume.HddsVolumeChecker (HddsVolumeChecker.java:checkAllVolumes(204)) - Scheduled health check for volume org.apache.hadoop.ozone.container.common.volume.HddsVolume@3f598450
2019-10-21 10:10:05,088 [main] INFO  impl.RaftServerProxy (ConfUtils.java:logGet(43)) - raft.rpc.type = GRPC (default)
2019-10-21 10:10:05,088 [main] INFO  grpc.GrpcFactory (GrpcFactory.java:checkPooledByteBufAllocatorUseCacheForAllThreads(45)) - PERFORMANCE WARNING: useCacheForAllThreads is true that may cause Netty to create a lot garbage objects and, as a result, trigger GC.
	It is recommended to disable useCacheForAllThreads by setting -Dorg.apache.ratis.thirdparty.io.netty.allocator.useCacheForAllThreads=false in command line.
2019-10-21 10:10:05,088 [main] INFO  grpc.GrpcConfigKeys$Server (ConfUtils.java:logGet(43)) - raft.grpc.server.port = 0 (default)
2019-10-21 10:10:05,088 [main] INFO  server.GrpcService (ConfUtils.java:logGet(43)) - raft.grpc.message.size.max = 33570816 (custom)
2019-10-21 10:10:05,088 [main] INFO  server.RaftServerConfigKeys (ConfUtils.java:logGet(43)) - raft.server.log.appender.buffer.byte-limit = 33554432 (custom)
2019-10-21 10:10:05,088 [main] INFO  server.GrpcService (ConfUtils.java:logGet(43)) - raft.grpc.flow.control.window = 1MB (=1048576) (default)
2019-10-21 10:10:05,089 [main] INFO  server.RaftServerConfigKeys (ConfUtils.java:logGet(43)) - raft.server.rpc.request.timeout = 3000ms (default)
2019-10-21 10:10:05,089 [main] INFO  server.RaftServerConfigKeys (ConfUtils.java:logGet(43)) - raft.server.storage.dir = [/workdir/hadoop-ozone/integration-test/target/test-dir/MiniOzoneClusterImpl-69f13c50-7f04-4373-b728-745ac2dd16f0/datanode-1/data/ratis] (custom)
2019-10-21 10:10:05,091 [main] INFO  hdfs.DFSUtil (DFSUtil.java:httpServerTemplateForNNAndJN(1641)) - Starting Web-server for hddsDatanode at: http://0.0.0.0:0
2019-10-21 10:10:05,093 [main] INFO  server.AuthenticationFilter (AuthenticationFilter.java:constructSecretProvider(240)) - Unable to initialize FileSignerSecretProvider, falling back to use random secrets.
2019-10-21 10:10:05,094 [main] WARN  http.HttpRequestLog (HttpRequestLog.java:getRequestLog(97)) - Jetty request log can only be enabled using Log4j
2019-10-21 10:10:05,096 [main] INFO  http.HttpServer2 (HttpServer2.java:addGlobalFilter(975)) - Added global filter 'safety' (class=org.apache.hadoop.http.HttpServer2$QuotingInputFilter)
2019-10-21 10:10:05,097 [main] INFO  http.HttpServer2 (HttpServer2.java:addFilter(948)) - Added filter static_user_filter (class=org.apache.hadoop.http.lib.StaticUserWebFilter$StaticUserFilter) to context hddsDatanode
2019-10-21 10:10:05,097 [main] INFO  http.HttpServer2 (HttpServer2.java:addFilter(958)) - Added filter static_user_filter (class=org.apache.hadoop.http.lib.StaticUserWebFilter$StaticUserFilter) to context logs
2019-10-21 10:10:05,098 [main] INFO  http.HttpServer2 (HttpServer2.java:addFilter(958)) - Added filter static_user_filter (class=org.apache.hadoop.http.lib.StaticUserWebFilter$StaticUserFilter) to context static
2019-10-21 10:10:05,099 [main] INFO  http.HttpServer2 (HttpServer2.java:bindListener(1191)) - Jetty bound to port 41970
2019-10-21 10:10:05,099 [main] INFO  server.Server (Server.java:doStart(351)) - jetty-9.3.25.v20180904, build timestamp: 2018-09-04T21:11:46Z, git hash: 3ce520221d0240229c862b122d2b06c12a625732
2019-10-21 10:10:05,102 [main] INFO  handler.ContextHandler (ContextHandler.java:doStart(781)) - Started o.e.j.s.ServletContextHandler@539a138b{/logs,file:///workdir/hadoop-ozone/integration-test/target/log,AVAILABLE}
2019-10-21 10:10:05,103 [main] INFO  handler.ContextHandler (ContextHandler.java:doStart(781)) - Started o.e.j.s.ServletContextHandler@42505474{/static,jar:file:/home/user/.m2/repository/org/apache/hadoop/hadoop-hdds-container-service/0.5.0-SNAPSHOT/hadoop-hdds-container-service-0.5.0-SNAPSHOT.jar!/webapps/static,AVAILABLE}
2019-10-21 10:10:05,143 [main] INFO  handler.ContextHandler (ContextHandler.java:doStart(781)) - Started o.e.j.w.WebAppContext@21a9a705{/,file:///tmp/jetty-0.0.0.0-41970-hddsDatanode-_-any-4981595766040374164.dir/webapp/,AVAILABLE}{/hddsDatanode}
2019-10-21 10:10:05,143 [main] INFO  server.AbstractConnector (AbstractConnector.java:doStart(278)) - Started ServerConnector@72eb6200{HTTP/1.1,[http/1.1]}{0.0.0.0:41970}
2019-10-21 10:10:05,144 [main] INFO  server.Server (Server.java:doStart(419)) - Started @49105ms
2019-10-21 10:10:05,144 [main] WARN  impl.MetricsSystemImpl (MetricsSystemImpl.java:register(276)) - Sink prometheus already exists!
2019-10-21 10:10:05,145 [main] INFO  server.BaseHttpServer (BaseHttpServer.java:updateConnectorAddress(215)) - HTTP server of HDDSDATANODE is listening at http://0.0.0.0:41970
2019-10-21 10:10:05,146 [main] INFO  impl.MetricsSystemImpl (MetricsSystemImpl.java:init(158)) - HddsDatanode metrics system started (again)
2019-10-21 10:10:05,149 [org.apache.hadoop.util.JvmPauseMonitor$Monitor@4e570637] INFO  util.JvmPauseMonitor (JvmPauseMonitor.java:run(188)) - Starting JVM pause monitor
2019-10-21 10:10:05,149 [main] INFO  ozone.HddsDatanodeService (HddsDatanodeService.java:start(184)) - HddsDatanodeService host:pr-hdds-2291-fkckm-1634098129 ip:192.168.34.51
2019-10-21 10:10:05,152 [Datanode State Machine Thread - 0] INFO  datanode.InitDatanodeState (InitDatanodeState.java:persistContainerDatanodeDetails(140)) - DatanodeDetails is persisted to /workdir/hadoop-ozone/integration-test/target/test-dir/MiniOzoneClusterImpl-69f13c50-7f04-4373-b728-745ac2dd16f0/datanode-1/meta/datanode.id
2019-10-21 10:10:05,155 [main] INFO  volume.HddsVolume (HddsVolume.java:<init>(176)) - Creating Volume: /workdir/hadoop-ozone/integration-test/target/test-dir/MiniOzoneClusterImpl-69f13c50-7f04-4373-b728-745ac2dd16f0/datanode-2/data/containers/hdds of  storage type : DISK and capacity : 1482555576320
2019-10-21 10:10:05,156 [main] INFO  volume.VolumeSet (VolumeSet.java:initializeVolumeSet(170)) - Added Volume : /workdir/hadoop-ozone/integration-test/target/test-dir/MiniOzoneClusterImpl-69f13c50-7f04-4373-b728-745ac2dd16f0/datanode-2/data/containers/hdds to VolumeSet
2019-10-21 10:10:05,156 [main] INFO  volume.ThrottledAsyncChecker (ThrottledAsyncChecker.java:schedule(141)) - Scheduling a check for org.apache.hadoop.ozone.container.common.volume.HddsVolume@3f5156a6
2019-10-21 10:10:05,156 [main] INFO  volume.HddsVolumeChecker (HddsVolumeChecker.java:checkAllVolumes(204)) - Scheduled health check for volume org.apache.hadoop.ozone.container.common.volume.HddsVolume@3f5156a6
2019-10-21 10:10:05,170 [main] INFO  impl.RaftServerProxy (ConfUtils.java:logGet(43)) - raft.rpc.type = GRPC (default)
2019-10-21 10:10:05,170 [main] INFO  grpc.GrpcFactory (GrpcFactory.java:checkPooledByteBufAllocatorUseCacheForAllThreads(45)) - PERFORMANCE WARNING: useCacheForAllThreads is true that may cause Netty to create a lot garbage objects and, as a result, trigger GC.
	It is recommended to disable useCacheForAllThreads by setting -Dorg.apache.ratis.thirdparty.io.netty.allocator.useCacheForAllThreads=false in command line.
2019-10-21 10:10:05,170 [main] INFO  grpc.GrpcConfigKeys$Server (ConfUtils.java:logGet(43)) - raft.grpc.server.port = 0 (default)
2019-10-21 10:10:05,170 [main] INFO  server.GrpcService (ConfUtils.java:logGet(43)) - raft.grpc.message.size.max = 33570816 (custom)
2019-10-21 10:10:05,171 [main] INFO  server.RaftServerConfigKeys (ConfUtils.java:logGet(43)) - raft.server.log.appender.buffer.byte-limit = 33554432 (custom)
2019-10-21 10:10:05,171 [main] INFO  server.GrpcService (ConfUtils.java:logGet(43)) - raft.grpc.flow.control.window = 1MB (=1048576) (default)
2019-10-21 10:10:05,171 [main] INFO  server.RaftServerConfigKeys (ConfUtils.java:logGet(43)) - raft.server.rpc.request.timeout = 3000ms (default)
2019-10-21 10:10:05,171 [main] INFO  server.RaftServerConfigKeys (ConfUtils.java:logGet(43)) - raft.server.storage.dir = [/workdir/hadoop-ozone/integration-test/target/test-dir/MiniOzoneClusterImpl-69f13c50-7f04-4373-b728-745ac2dd16f0/datanode-2/data/ratis] (custom)
2019-10-21 10:10:05,173 [main] INFO  hdfs.DFSUtil (DFSUtil.java:httpServerTemplateForNNAndJN(1641)) - Starting Web-server for hddsDatanode at: http://0.0.0.0:0
2019-10-21 10:10:05,176 [main] INFO  server.AuthenticationFilter (AuthenticationFilter.java:constructSecretProvider(240)) - Unable to initialize FileSignerSecretProvider, falling back to use random secrets.
2019-10-21 10:10:05,176 [main] WARN  http.HttpRequestLog (HttpRequestLog.java:getRequestLog(97)) - Jetty request log can only be enabled using Log4j
2019-10-21 10:10:05,179 [main] INFO  http.HttpServer2 (HttpServer2.java:addGlobalFilter(975)) - Added global filter 'safety' (class=org.apache.hadoop.http.HttpServer2$QuotingInputFilter)
2019-10-21 10:10:05,180 [main] INFO  http.HttpServer2 (HttpServer2.java:addFilter(948)) - Added filter static_user_filter (class=org.apache.hadoop.http.lib.StaticUserWebFilter$StaticUserFilter) to context hddsDatanode
2019-10-21 10:10:05,181 [main] INFO  http.HttpServer2 (HttpServer2.java:addFilter(958)) - Added filter static_user_filter (class=org.apache.hadoop.http.lib.StaticUserWebFilter$StaticUserFilter) to context static
2019-10-21 10:10:05,181 [main] INFO  http.HttpServer2 (HttpServer2.java:addFilter(958)) - Added filter static_user_filter (class=org.apache.hadoop.http.lib.StaticUserWebFilter$StaticUserFilter) to context logs
2019-10-21 10:10:05,182 [main] INFO  http.HttpServer2 (HttpServer2.java:bindListener(1191)) - Jetty bound to port 37522
2019-10-21 10:10:05,182 [main] INFO  server.Server (Server.java:doStart(351)) - jetty-9.3.25.v20180904, build timestamp: 2018-09-04T21:11:46Z, git hash: 3ce520221d0240229c862b122d2b06c12a625732
2019-10-21 10:10:05,185 [main] INFO  handler.ContextHandler (ContextHandler.java:doStart(781)) - Started o.e.j.s.ServletContextHandler@1e977098{/logs,file:///workdir/hadoop-ozone/integration-test/target/log,AVAILABLE}
2019-10-21 10:10:05,185 [main] INFO  handler.ContextHandler (ContextHandler.java:doStart(781)) - Started o.e.j.s.ServletContextHandler@6690b9fa{/static,jar:file:/home/user/.m2/repository/org/apache/hadoop/hadoop-hdds-container-service/0.5.0-SNAPSHOT/hadoop-hdds-container-service-0.5.0-SNAPSHOT.jar!/webapps/static,AVAILABLE}
2019-10-21 10:10:05,227 [main] INFO  handler.ContextHandler (ContextHandler.java:doStart(781)) - Started o.e.j.w.WebAppContext@6d091cad{/,file:///tmp/jetty-0.0.0.0-37522-hddsDatanode-_-any-7652190693339743274.dir/webapp/,AVAILABLE}{/hddsDatanode}
2019-10-21 10:10:05,228 [main] INFO  server.AbstractConnector (AbstractConnector.java:doStart(278)) - Started ServerConnector@7c663eaf{HTTP/1.1,[http/1.1]}{0.0.0.0:37522}
2019-10-21 10:10:05,229 [main] INFO  server.Server (Server.java:doStart(419)) - Started @49190ms
2019-10-21 10:10:05,229 [main] WARN  impl.MetricsSystemImpl (MetricsSystemImpl.java:register(276)) - Sink prometheus already exists!
2019-10-21 10:10:05,230 [main] INFO  server.BaseHttpServer (BaseHttpServer.java:updateConnectorAddress(215)) - HTTP server of HDDSDATANODE is listening at http://0.0.0.0:37522
2019-10-21 10:10:05,231 [main] INFO  impl.MetricsSystemImpl (MetricsSystemImpl.java:init(158)) - HddsDatanode metrics system started (again)
2019-10-21 10:10:05,236 [org.apache.hadoop.util.JvmPauseMonitor$Monitor@4843731f] INFO  util.JvmPauseMonitor (JvmPauseMonitor.java:run(188)) - Starting JVM pause monitor
2019-10-21 10:10:05,237 [main] INFO  ozone.HddsDatanodeService (HddsDatanodeService.java:start(184)) - HddsDatanodeService host:pr-hdds-2291-fkckm-1634098129 ip:192.168.34.51
2019-10-21 10:10:05,238 [Datanode State Machine Thread - 0] INFO  datanode.InitDatanodeState (InitDatanodeState.java:persistContainerDatanodeDetails(140)) - DatanodeDetails is persisted to /workdir/hadoop-ozone/integration-test/target/test-dir/MiniOzoneClusterImpl-69f13c50-7f04-4373-b728-745ac2dd16f0/datanode-2/meta/datanode.id
2019-10-21 10:10:05,245 [main] INFO  volume.HddsVolume (HddsVolume.java:<init>(176)) - Creating Volume: /workdir/hadoop-ozone/integration-test/target/test-dir/MiniOzoneClusterImpl-69f13c50-7f04-4373-b728-745ac2dd16f0/datanode-3/data/containers/hdds of  storage type : DISK and capacity : 1482555576320
2019-10-21 10:10:05,245 [main] INFO  volume.VolumeSet (VolumeSet.java:initializeVolumeSet(170)) - Added Volume : /workdir/hadoop-ozone/integration-test/target/test-dir/MiniOzoneClusterImpl-69f13c50-7f04-4373-b728-745ac2dd16f0/datanode-3/data/containers/hdds to VolumeSet
2019-10-21 10:10:05,246 [main] INFO  volume.ThrottledAsyncChecker (ThrottledAsyncChecker.java:schedule(141)) - Scheduling a check for org.apache.hadoop.ozone.container.common.volume.HddsVolume@6d0be7ab
2019-10-21 10:10:05,246 [main] INFO  volume.HddsVolumeChecker (HddsVolumeChecker.java:checkAllVolumes(204)) - Scheduled health check for volume org.apache.hadoop.ozone.container.common.volume.HddsVolume@6d0be7ab
2019-10-21 10:10:05,269 [main] INFO  impl.RaftServerProxy (ConfUtils.java:logGet(43)) - raft.rpc.type = GRPC (default)
2019-10-21 10:10:05,269 [main] INFO  grpc.GrpcFactory (GrpcFactory.java:checkPooledByteBufAllocatorUseCacheForAllThreads(45)) - PERFORMANCE WARNING: useCacheForAllThreads is true that may cause Netty to create a lot garbage objects and, as a result, trigger GC.
	It is recommended to disable useCacheForAllThreads by setting -Dorg.apache.ratis.thirdparty.io.netty.allocator.useCacheForAllThreads=false in command line.
2019-10-21 10:10:05,270 [main] INFO  grpc.GrpcConfigKeys$Server (ConfUtils.java:logGet(43)) - raft.grpc.server.port = 0 (default)
2019-10-21 10:10:05,270 [main] INFO  server.GrpcService (ConfUtils.java:logGet(43)) - raft.grpc.message.size.max = 33570816 (custom)
2019-10-21 10:10:05,270 [main] INFO  server.RaftServerConfigKeys (ConfUtils.java:logGet(43)) - raft.server.log.appender.buffer.byte-limit = 33554432 (custom)
2019-10-21 10:10:05,270 [main] INFO  server.GrpcService (ConfUtils.java:logGet(43)) - raft.grpc.flow.control.window = 1MB (=1048576) (default)
2019-10-21 10:10:05,271 [main] INFO  server.RaftServerConfigKeys (ConfUtils.java:logGet(43)) - raft.server.rpc.request.timeout = 3000ms (default)
2019-10-21 10:10:05,271 [main] INFO  server.RaftServerConfigKeys (ConfUtils.java:logGet(43)) - raft.server.storage.dir = [/workdir/hadoop-ozone/integration-test/target/test-dir/MiniOzoneClusterImpl-69f13c50-7f04-4373-b728-745ac2dd16f0/datanode-3/data/ratis] (custom)
2019-10-21 10:10:05,273 [main] INFO  hdfs.DFSUtil (DFSUtil.java:httpServerTemplateForNNAndJN(1641)) - Starting Web-server for hddsDatanode at: http://0.0.0.0:0
2019-10-21 10:10:05,275 [main] INFO  server.AuthenticationFilter (AuthenticationFilter.java:constructSecretProvider(240)) - Unable to initialize FileSignerSecretProvider, falling back to use random secrets.
2019-10-21 10:10:05,275 [main] WARN  http.HttpRequestLog (HttpRequestLog.java:getRequestLog(97)) - Jetty request log can only be enabled using Log4j
2019-10-21 10:10:05,277 [main] INFO  http.HttpServer2 (HttpServer2.java:addGlobalFilter(975)) - Added global filter 'safety' (class=org.apache.hadoop.http.HttpServer2$QuotingInputFilter)
2019-10-21 10:10:05,278 [main] INFO  http.HttpServer2 (HttpServer2.java:addFilter(948)) - Added filter static_user_filter (class=org.apache.hadoop.http.lib.StaticUserWebFilter$StaticUserFilter) to context hddsDatanode
2019-10-21 10:10:05,278 [main] INFO  http.HttpServer2 (HttpServer2.java:addFilter(958)) - Added filter static_user_filter (class=org.apache.hadoop.http.lib.StaticUserWebFilter$StaticUserFilter) to context logs
2019-10-21 10:10:05,279 [main] INFO  http.HttpServer2 (HttpServer2.java:addFilter(958)) - Added filter static_user_filter (class=org.apache.hadoop.http.lib.StaticUserWebFilter$StaticUserFilter) to context static
2019-10-21 10:10:05,280 [main] INFO  http.HttpServer2 (HttpServer2.java:bindListener(1191)) - Jetty bound to port 38155
2019-10-21 10:10:05,280 [main] INFO  server.Server (Server.java:doStart(351)) - jetty-9.3.25.v20180904, build timestamp: 2018-09-04T21:11:46Z, git hash: 3ce520221d0240229c862b122d2b06c12a625732
2019-10-21 10:10:05,282 [main] INFO  handler.ContextHandler (ContextHandler.java:doStart(781)) - Started o.e.j.s.ServletContextHandler@1668919e{/logs,file:///workdir/hadoop-ozone/integration-test/target/log,AVAILABLE}
2019-10-21 10:10:05,283 [main] INFO  handler.ContextHandler (ContextHandler.java:doStart(781)) - Started o.e.j.s.ServletContextHandler@22c53d82{/static,jar:file:/home/user/.m2/repository/org/apache/hadoop/hadoop-hdds-container-service/0.5.0-SNAPSHOT/hadoop-hdds-container-service-0.5.0-SNAPSHOT.jar!/webapps/static,AVAILABLE}
2019-10-21 10:10:05,320 [main] INFO  handler.ContextHandler (ContextHandler.java:doStart(781)) - Started o.e.j.w.WebAppContext@58b5a2f3{/,file:///tmp/jetty-0.0.0.0-38155-hddsDatanode-_-any-1789390781616930785.dir/webapp/,AVAILABLE}{/hddsDatanode}
2019-10-21 10:10:05,320 [main] INFO  server.AbstractConnector (AbstractConnector.java:doStart(278)) - Started ServerConnector@25f15f50{HTTP/1.1,[http/1.1]}{0.0.0.0:38155}
2019-10-21 10:10:05,321 [main] INFO  server.Server (Server.java:doStart(419)) - Started @49282ms
2019-10-21 10:10:05,322 [main] WARN  impl.MetricsSystemImpl (MetricsSystemImpl.java:register(276)) - Sink prometheus already exists!
2019-10-21 10:10:05,322 [main] INFO  server.BaseHttpServer (BaseHttpServer.java:updateConnectorAddress(215)) - HTTP server of HDDSDATANODE is listening at http://0.0.0.0:38155
2019-10-21 10:10:05,323 [main] INFO  impl.MetricsSystemImpl (MetricsSystemImpl.java:init(158)) - HddsDatanode metrics system started (again)
2019-10-21 10:10:05,328 [org.apache.hadoop.util.JvmPauseMonitor$Monitor@3eeffa39] INFO  util.JvmPauseMonitor (JvmPauseMonitor.java:run(188)) - Starting JVM pause monitor
2019-10-21 10:10:05,329 [main] INFO  ozone.HddsDatanodeService (HddsDatanodeService.java:start(184)) - HddsDatanodeService host:pr-hdds-2291-fkckm-1634098129 ip:192.168.34.51
2019-10-21 10:10:05,329 [Datanode State Machine Thread - 0] INFO  datanode.InitDatanodeState (InitDatanodeState.java:persistContainerDatanodeDetails(140)) - DatanodeDetails is persisted to /workdir/hadoop-ozone/integration-test/target/test-dir/MiniOzoneClusterImpl-69f13c50-7f04-4373-b728-745ac2dd16f0/datanode-3/meta/datanode.id
2019-10-21 10:10:05,337 [main] INFO  volume.HddsVolume (HddsVolume.java:<init>(176)) - Creating Volume: /workdir/hadoop-ozone/integration-test/target/test-dir/MiniOzoneClusterImpl-69f13c50-7f04-4373-b728-745ac2dd16f0/datanode-4/data/containers/hdds of  storage type : DISK and capacity : 1482555576320
2019-10-21 10:10:05,337 [main] INFO  volume.VolumeSet (VolumeSet.java:initializeVolumeSet(170)) - Added Volume : /workdir/hadoop-ozone/integration-test/target/test-dir/MiniOzoneClusterImpl-69f13c50-7f04-4373-b728-745ac2dd16f0/datanode-4/data/containers/hdds to VolumeSet
2019-10-21 10:10:05,338 [main] INFO  volume.ThrottledAsyncChecker (ThrottledAsyncChecker.java:schedule(141)) - Scheduling a check for org.apache.hadoop.ozone.container.common.volume.HddsVolume@428bdd72
2019-10-21 10:10:05,338 [main] INFO  volume.HddsVolumeChecker (HddsVolumeChecker.java:checkAllVolumes(204)) - Scheduled health check for volume org.apache.hadoop.ozone.container.common.volume.HddsVolume@428bdd72
2019-10-21 10:10:05,359 [main] INFO  impl.RaftServerProxy (ConfUtils.java:logGet(43)) - raft.rpc.type = GRPC (default)
2019-10-21 10:10:05,359 [main] INFO  grpc.GrpcFactory (GrpcFactory.java:checkPooledByteBufAllocatorUseCacheForAllThreads(45)) - PERFORMANCE WARNING: useCacheForAllThreads is true that may cause Netty to create a lot garbage objects and, as a result, trigger GC.
	It is recommended to disable useCacheForAllThreads by setting -Dorg.apache.ratis.thirdparty.io.netty.allocator.useCacheForAllThreads=false in command line.
2019-10-21 10:10:05,360 [main] INFO  grpc.GrpcConfigKeys$Server (ConfUtils.java:logGet(43)) - raft.grpc.server.port = 0 (default)
2019-10-21 10:10:05,360 [main] INFO  server.GrpcService (ConfUtils.java:logGet(43)) - raft.grpc.message.size.max = 33570816 (custom)
2019-10-21 10:10:05,360 [main] INFO  server.RaftServerConfigKeys (ConfUtils.java:logGet(43)) - raft.server.log.appender.buffer.byte-limit = 33554432 (custom)
2019-10-21 10:10:05,360 [main] INFO  server.GrpcService (ConfUtils.java:logGet(43)) - raft.grpc.flow.control.window = 1MB (=1048576) (default)
2019-10-21 10:10:05,361 [main] INFO  server.RaftServerConfigKeys (ConfUtils.java:logGet(43)) - raft.server.rpc.request.timeout = 3000ms (default)
2019-10-21 10:10:05,361 [main] INFO  server.RaftServerConfigKeys (ConfUtils.java:logGet(43)) - raft.server.storage.dir = [/workdir/hadoop-ozone/integration-test/target/test-dir/MiniOzoneClusterImpl-69f13c50-7f04-4373-b728-745ac2dd16f0/datanode-4/data/ratis] (custom)
2019-10-21 10:10:05,363 [main] INFO  hdfs.DFSUtil (DFSUtil.java:httpServerTemplateForNNAndJN(1641)) - Starting Web-server for hddsDatanode at: http://0.0.0.0:0
2019-10-21 10:10:05,365 [main] INFO  server.AuthenticationFilter (AuthenticationFilter.java:constructSecretProvider(240)) - Unable to initialize FileSignerSecretProvider, falling back to use random secrets.
2019-10-21 10:10:05,366 [main] WARN  http.HttpRequestLog (HttpRequestLog.java:getRequestLog(97)) - Jetty request log can only be enabled using Log4j
2019-10-21 10:10:05,367 [main] INFO  http.HttpServer2 (HttpServer2.java:addGlobalFilter(975)) - Added global filter 'safety' (class=org.apache.hadoop.http.HttpServer2$QuotingInputFilter)
2019-10-21 10:10:05,368 [main] INFO  http.HttpServer2 (HttpServer2.java:addFilter(948)) - Added filter static_user_filter (class=org.apache.hadoop.http.lib.StaticUserWebFilter$StaticUserFilter) to context hddsDatanode
2019-10-21 10:10:05,368 [main] INFO  http.HttpServer2 (HttpServer2.java:addFilter(958)) - Added filter static_user_filter (class=org.apache.hadoop.http.lib.StaticUserWebFilter$StaticUserFilter) to context logs
2019-10-21 10:10:05,369 [main] INFO  http.HttpServer2 (HttpServer2.java:addFilter(958)) - Added filter static_user_filter (class=org.apache.hadoop.http.lib.StaticUserWebFilter$StaticUserFilter) to context static
2019-10-21 10:10:05,370 [main] INFO  http.HttpServer2 (HttpServer2.java:bindListener(1191)) - Jetty bound to port 42995
2019-10-21 10:10:05,370 [main] INFO  server.Server (Server.java:doStart(351)) - jetty-9.3.25.v20180904, build timestamp: 2018-09-04T21:11:46Z, git hash: 3ce520221d0240229c862b122d2b06c12a625732
2019-10-21 10:10:05,372 [main] INFO  handler.ContextHandler (ContextHandler.java:doStart(781)) - Started o.e.j.s.ServletContextHandler@39ee94de{/logs,file:///workdir/hadoop-ozone/integration-test/target/log,AVAILABLE}
2019-10-21 10:10:05,373 [main] INFO  handler.ContextHandler (ContextHandler.java:doStart(781)) - Started o.e.j.s.ServletContextHandler@4c6b4ed7{/static,jar:file:/home/user/.m2/repository/org/apache/hadoop/hadoop-hdds-container-service/0.5.0-SNAPSHOT/hadoop-hdds-container-service-0.5.0-SNAPSHOT.jar!/webapps/static,AVAILABLE}
2019-10-21 10:10:05,414 [main] INFO  handler.ContextHandler (ContextHandler.java:doStart(781)) - Started o.e.j.w.WebAppContext@4f654cee{/,file:///tmp/jetty-0.0.0.0-42995-hddsDatanode-_-any-298409529560793508.dir/webapp/,AVAILABLE}{/hddsDatanode}
2019-10-21 10:10:05,414 [main] INFO  server.AbstractConnector (AbstractConnector.java:doStart(278)) - Started ServerConnector@3e1fd62b{HTTP/1.1,[http/1.1]}{0.0.0.0:42995}
2019-10-21 10:10:05,415 [main] INFO  server.Server (Server.java:doStart(419)) - Started @49376ms
2019-10-21 10:10:05,415 [main] WARN  impl.MetricsSystemImpl (MetricsSystemImpl.java:register(276)) - Sink prometheus already exists!
2019-10-21 10:10:05,416 [main] INFO  server.BaseHttpServer (BaseHttpServer.java:updateConnectorAddress(215)) - HTTP server of HDDSDATANODE is listening at http://0.0.0.0:42995
2019-10-21 10:10:05,416 [main] INFO  impl.MetricsSystemImpl (MetricsSystemImpl.java:init(158)) - HddsDatanode metrics system started (again)
2019-10-21 10:10:05,421 [org.apache.hadoop.util.JvmPauseMonitor$Monitor@55c8806c] INFO  util.JvmPauseMonitor (JvmPauseMonitor.java:run(188)) - Starting JVM pause monitor
2019-10-21 10:10:05,421 [main] INFO  ozone.HddsDatanodeService (HddsDatanodeService.java:start(184)) - HddsDatanodeService host:pr-hdds-2291-fkckm-1634098129 ip:192.168.34.51
2019-10-21 10:10:05,423 [Datanode State Machine Thread - 0] INFO  datanode.InitDatanodeState (InitDatanodeState.java:persistContainerDatanodeDetails(140)) - DatanodeDetails is persisted to /workdir/hadoop-ozone/integration-test/target/test-dir/MiniOzoneClusterImpl-69f13c50-7f04-4373-b728-745ac2dd16f0/datanode-4/meta/datanode.id
2019-10-21 10:10:05,428 [main] INFO  volume.HddsVolume (HddsVolume.java:<init>(176)) - Creating Volume: /workdir/hadoop-ozone/integration-test/target/test-dir/MiniOzoneClusterImpl-69f13c50-7f04-4373-b728-745ac2dd16f0/datanode-5/data/containers/hdds of  storage type : DISK and capacity : 1482555576320
2019-10-21 10:10:05,428 [main] INFO  volume.VolumeSet (VolumeSet.java:initializeVolumeSet(170)) - Added Volume : /workdir/hadoop-ozone/integration-test/target/test-dir/MiniOzoneClusterImpl-69f13c50-7f04-4373-b728-745ac2dd16f0/datanode-5/data/containers/hdds to VolumeSet
2019-10-21 10:10:05,428 [main] INFO  volume.ThrottledAsyncChecker (ThrottledAsyncChecker.java:schedule(141)) - Scheduling a check for org.apache.hadoop.ozone.container.common.volume.HddsVolume@45ab3bdd
2019-10-21 10:10:05,429 [main] INFO  volume.HddsVolumeChecker (HddsVolumeChecker.java:checkAllVolumes(204)) - Scheduled health check for volume org.apache.hadoop.ozone.container.common.volume.HddsVolume@45ab3bdd
2019-10-21 10:10:05,446 [main] INFO  impl.RaftServerProxy (ConfUtils.java:logGet(43)) - raft.rpc.type = GRPC (default)
2019-10-21 10:10:05,446 [main] INFO  grpc.GrpcFactory (GrpcFactory.java:checkPooledByteBufAllocatorUseCacheForAllThreads(45)) - PERFORMANCE WARNING: useCacheForAllThreads is true that may cause Netty to create a lot garbage objects and, as a result, trigger GC.
	It is recommended to disable useCacheForAllThreads by setting -Dorg.apache.ratis.thirdparty.io.netty.allocator.useCacheForAllThreads=false in command line.
2019-10-21 10:10:05,447 [main] INFO  grpc.GrpcConfigKeys$Server (ConfUtils.java:logGet(43)) - raft.grpc.server.port = 0 (default)
2019-10-21 10:10:05,447 [main] INFO  server.GrpcService (ConfUtils.java:logGet(43)) - raft.grpc.message.size.max = 33570816 (custom)
2019-10-21 10:10:05,447 [main] INFO  server.RaftServerConfigKeys (ConfUtils.java:logGet(43)) - raft.server.log.appender.buffer.byte-limit = 33554432 (custom)
2019-10-21 10:10:05,447 [main] INFO  server.GrpcService (ConfUtils.java:logGet(43)) - raft.grpc.flow.control.window = 1MB (=1048576) (default)
2019-10-21 10:10:05,448 [main] INFO  server.RaftServerConfigKeys (ConfUtils.java:logGet(43)) - raft.server.rpc.request.timeout = 3000ms (default)
2019-10-21 10:10:05,448 [main] INFO  server.RaftServerConfigKeys (ConfUtils.java:logGet(43)) - raft.server.storage.dir = [/workdir/hadoop-ozone/integration-test/target/test-dir/MiniOzoneClusterImpl-69f13c50-7f04-4373-b728-745ac2dd16f0/datanode-5/data/ratis] (custom)
2019-10-21 10:10:05,450 [main] INFO  hdfs.DFSUtil (DFSUtil.java:httpServerTemplateForNNAndJN(1641)) - Starting Web-server for hddsDatanode at: http://0.0.0.0:0
2019-10-21 10:10:05,452 [main] INFO  server.AuthenticationFilter (AuthenticationFilter.java:constructSecretProvider(240)) - Unable to initialize FileSignerSecretProvider, falling back to use random secrets.
2019-10-21 10:10:05,452 [main] WARN  http.HttpRequestLog (HttpRequestLog.java:getRequestLog(97)) - Jetty request log can only be enabled using Log4j
2019-10-21 10:10:05,454 [main] INFO  http.HttpServer2 (HttpServer2.java:addGlobalFilter(975)) - Added global filter 'safety' (class=org.apache.hadoop.http.HttpServer2$QuotingInputFilter)
2019-10-21 10:10:05,455 [main] INFO  http.HttpServer2 (HttpServer2.java:addFilter(948)) - Added filter static_user_filter (class=org.apache.hadoop.http.lib.StaticUserWebFilter$StaticUserFilter) to context hddsDatanode
2019-10-21 10:10:05,455 [main] INFO  http.HttpServer2 (HttpServer2.java:addFilter(958)) - Added filter static_user_filter (class=org.apache.hadoop.http.lib.StaticUserWebFilter$StaticUserFilter) to context logs
2019-10-21 10:10:05,456 [main] INFO  http.HttpServer2 (HttpServer2.java:addFilter(958)) - Added filter static_user_filter (class=org.apache.hadoop.http.lib.StaticUserWebFilter$StaticUserFilter) to context static
2019-10-21 10:10:05,457 [main] INFO  http.HttpServer2 (HttpServer2.java:bindListener(1191)) - Jetty bound to port 43578
2019-10-21 10:10:05,457 [main] INFO  server.Server (Server.java:doStart(351)) - jetty-9.3.25.v20180904, build timestamp: 2018-09-04T21:11:46Z, git hash: 3ce520221d0240229c862b122d2b06c12a625732
2019-10-21 10:10:05,460 [main] INFO  handler.ContextHandler (ContextHandler.java:doStart(781)) - Started o.e.j.s.ServletContextHandler@27abb6ca{/logs,file:///workdir/hadoop-ozone/integration-test/target/log,AVAILABLE}
2019-10-21 10:10:05,460 [main] INFO  handler.ContextHandler (ContextHandler.java:doStart(781)) - Started o.e.j.s.ServletContextHandler@6968c1d6{/static,jar:file:/home/user/.m2/repository/org/apache/hadoop/hadoop-hdds-container-service/0.5.0-SNAPSHOT/hadoop-hdds-container-service-0.5.0-SNAPSHOT.jar!/webapps/static,AVAILABLE}
2019-10-21 10:10:05,506 [main] INFO  handler.ContextHandler (ContextHandler.java:doStart(781)) - Started o.e.j.w.WebAppContext@3a3ed300{/,file:///tmp/jetty-0.0.0.0-43578-hddsDatanode-_-any-4143245408060271162.dir/webapp/,AVAILABLE}{/hddsDatanode}
2019-10-21 10:10:05,506 [main] INFO  server.AbstractConnector (AbstractConnector.java:doStart(278)) - Started ServerConnector@1984212d{HTTP/1.1,[http/1.1]}{0.0.0.0:43578}
2019-10-21 10:10:05,507 [main] INFO  server.Server (Server.java:doStart(419)) - Started @49468ms
2019-10-21 10:10:05,508 [main] WARN  impl.MetricsSystemImpl (MetricsSystemImpl.java:register(276)) - Sink prometheus already exists!
2019-10-21 10:10:05,508 [main] INFO  server.BaseHttpServer (BaseHttpServer.java:updateConnectorAddress(215)) - HTTP server of HDDSDATANODE is listening at http://0.0.0.0:43578
2019-10-21 10:10:05,509 [main] INFO  impl.MetricsSystemImpl (MetricsSystemImpl.java:init(158)) - HddsDatanode metrics system started (again)
2019-10-21 10:10:05,514 [main] INFO  ozone.HddsDatanodeService (HddsDatanodeService.java:start(184)) - HddsDatanodeService host:pr-hdds-2291-fkckm-1634098129 ip:192.168.34.51
2019-10-21 10:10:05,514 [org.apache.hadoop.util.JvmPauseMonitor$Monitor@7dcdfbbb] INFO  util.JvmPauseMonitor (JvmPauseMonitor.java:run(188)) - Starting JVM pause monitor
2019-10-21 10:10:05,516 [Datanode State Machine Thread - 0] INFO  datanode.InitDatanodeState (InitDatanodeState.java:persistContainerDatanodeDetails(140)) - DatanodeDetails is persisted to /workdir/hadoop-ozone/integration-test/target/test-dir/MiniOzoneClusterImpl-69f13c50-7f04-4373-b728-745ac2dd16f0/datanode-5/meta/datanode.id
2019-10-21 10:10:05,522 [main] INFO  volume.HddsVolume (HddsVolume.java:<init>(176)) - Creating Volume: /workdir/hadoop-ozone/integration-test/target/test-dir/MiniOzoneClusterImpl-69f13c50-7f04-4373-b728-745ac2dd16f0/datanode-6/data/containers/hdds of  storage type : DISK and capacity : 1482555576320
2019-10-21 10:10:05,522 [main] INFO  volume.VolumeSet (VolumeSet.java:initializeVolumeSet(170)) - Added Volume : /workdir/hadoop-ozone/integration-test/target/test-dir/MiniOzoneClusterImpl-69f13c50-7f04-4373-b728-745ac2dd16f0/datanode-6/data/containers/hdds to VolumeSet
2019-10-21 10:10:05,522 [main] INFO  volume.ThrottledAsyncChecker (ThrottledAsyncChecker.java:schedule(141)) - Scheduling a check for org.apache.hadoop.ozone.container.common.volume.HddsVolume@6af90849
2019-10-21 10:10:05,522 [main] INFO  volume.HddsVolumeChecker (HddsVolumeChecker.java:checkAllVolumes(204)) - Scheduled health check for volume org.apache.hadoop.ozone.container.common.volume.HddsVolume@6af90849
2019-10-21 10:10:05,536 [main] INFO  impl.RaftServerProxy (ConfUtils.java:logGet(43)) - raft.rpc.type = GRPC (default)
2019-10-21 10:10:05,536 [main] INFO  grpc.GrpcFactory (GrpcFactory.java:checkPooledByteBufAllocatorUseCacheForAllThreads(45)) - PERFORMANCE WARNING: useCacheForAllThreads is true that may cause Netty to create a lot garbage objects and, as a result, trigger GC.
	It is recommended to disable useCacheForAllThreads by setting -Dorg.apache.ratis.thirdparty.io.netty.allocator.useCacheForAllThreads=false in command line.
2019-10-21 10:10:05,536 [main] INFO  grpc.GrpcConfigKeys$Server (ConfUtils.java:logGet(43)) - raft.grpc.server.port = 0 (default)
2019-10-21 10:10:05,537 [main] INFO  server.GrpcService (ConfUtils.java:logGet(43)) - raft.grpc.message.size.max = 33570816 (custom)
2019-10-21 10:10:05,537 [main] INFO  server.RaftServerConfigKeys (ConfUtils.java:logGet(43)) - raft.server.log.appender.buffer.byte-limit = 33554432 (custom)
2019-10-21 10:10:05,537 [main] INFO  server.GrpcService (ConfUtils.java:logGet(43)) - raft.grpc.flow.control.window = 1MB (=1048576) (default)
2019-10-21 10:10:05,537 [main] INFO  server.RaftServerConfigKeys (ConfUtils.java:logGet(43)) - raft.server.rpc.request.timeout = 3000ms (default)
2019-10-21 10:10:05,537 [main] INFO  server.RaftServerConfigKeys (ConfUtils.java:logGet(43)) - raft.server.storage.dir = [/workdir/hadoop-ozone/integration-test/target/test-dir/MiniOzoneClusterImpl-69f13c50-7f04-4373-b728-745ac2dd16f0/datanode-6/data/ratis] (custom)
2019-10-21 10:10:05,539 [main] INFO  hdfs.DFSUtil (DFSUtil.java:httpServerTemplateForNNAndJN(1641)) - Starting Web-server for hddsDatanode at: http://0.0.0.0:0
2019-10-21 10:10:05,540 [main] INFO  server.AuthenticationFilter (AuthenticationFilter.java:constructSecretProvider(240)) - Unable to initialize FileSignerSecretProvider, falling back to use random secrets.
2019-10-21 10:10:05,540 [main] WARN  http.HttpRequestLog (HttpRequestLog.java:getRequestLog(97)) - Jetty request log can only be enabled using Log4j
2019-10-21 10:10:05,542 [main] INFO  http.HttpServer2 (HttpServer2.java:addGlobalFilter(975)) - Added global filter 'safety' (class=org.apache.hadoop.http.HttpServer2$QuotingInputFilter)
2019-10-21 10:10:05,542 [main] INFO  http.HttpServer2 (HttpServer2.java:addFilter(948)) - Added filter static_user_filter (class=org.apache.hadoop.http.lib.StaticUserWebFilter$StaticUserFilter) to context hddsDatanode
2019-10-21 10:10:05,542 [main] INFO  http.HttpServer2 (HttpServer2.java:addFilter(958)) - Added filter static_user_filter (class=org.apache.hadoop.http.lib.StaticUserWebFilter$StaticUserFilter) to context logs
2019-10-21 10:10:05,542 [main] INFO  http.HttpServer2 (HttpServer2.java:addFilter(958)) - Added filter static_user_filter (class=org.apache.hadoop.http.lib.StaticUserWebFilter$StaticUserFilter) to context static
2019-10-21 10:10:05,543 [main] INFO  http.HttpServer2 (HttpServer2.java:bindListener(1191)) - Jetty bound to port 38337
2019-10-21 10:10:05,543 [main] INFO  server.Server (Server.java:doStart(351)) - jetty-9.3.25.v20180904, build timestamp: 2018-09-04T21:11:46Z, git hash: 3ce520221d0240229c862b122d2b06c12a625732
2019-10-21 10:10:05,545 [main] INFO  handler.ContextHandler (ContextHandler.java:doStart(781)) - Started o.e.j.s.ServletContextHandler@73a0f2b{/logs,file:///workdir/hadoop-ozone/integration-test/target/log,AVAILABLE}
2019-10-21 10:10:05,545 [main] INFO  handler.ContextHandler (ContextHandler.java:doStart(781)) - Started o.e.j.s.ServletContextHandler@6a1d526c{/static,jar:file:/home/user/.m2/repository/org/apache/hadoop/hadoop-hdds-container-service/0.5.0-SNAPSHOT/hadoop-hdds-container-service-0.5.0-SNAPSHOT.jar!/webapps/static,AVAILABLE}
2019-10-21 10:10:05,575 [main] INFO  handler.ContextHandler (ContextHandler.java:doStart(781)) - Started o.e.j.w.WebAppContext@32d5279{/,file:///tmp/jetty-0.0.0.0-38337-hddsDatanode-_-any-7120347232720328307.dir/webapp/,AVAILABLE}{/hddsDatanode}
2019-10-21 10:10:05,576 [main] INFO  server.AbstractConnector (AbstractConnector.java:doStart(278)) - Started ServerConnector@1c067c0d{HTTP/1.1,[http/1.1]}{0.0.0.0:38337}
2019-10-21 10:10:05,577 [main] INFO  server.Server (Server.java:doStart(419)) - Started @49537ms
2019-10-21 10:10:05,577 [main] WARN  impl.MetricsSystemImpl (MetricsSystemImpl.java:register(276)) - Sink prometheus already exists!
2019-10-21 10:10:05,578 [main] INFO  server.BaseHttpServer (BaseHttpServer.java:updateConnectorAddress(215)) - HTTP server of HDDSDATANODE is listening at http://0.0.0.0:38337
2019-10-21 10:10:05,578 [main] INFO  ozone.MiniOzoneClusterImpl (MiniOzoneClusterImpl.java:lambda$waitForClusterToBeReady$0(147)) - Waiting for cluster to be ready. Got 0 of 7 DN Heartbeats.
2019-10-21 10:10:05,581 [org.apache.hadoop.util.JvmPauseMonitor$Monitor@3e231834] INFO  util.JvmPauseMonitor (JvmPauseMonitor.java:run(188)) - Starting JVM pause monitor
2019-10-21 10:10:05,582 [Datanode State Machine Thread - 0] INFO  datanode.InitDatanodeState (InitDatanodeState.java:persistContainerDatanodeDetails(140)) - DatanodeDetails is persisted to /workdir/hadoop-ozone/integration-test/target/test-dir/MiniOzoneClusterImpl-69f13c50-7f04-4373-b728-745ac2dd16f0/datanode-6/meta/datanode.id
2019-10-21 10:10:06,578 [main] INFO  ozone.MiniOzoneClusterImpl (MiniOzoneClusterImpl.java:lambda$waitForClusterToBeReady$0(147)) - Waiting for cluster to be ready. Got 0 of 7 DN Heartbeats.
2019-10-21 10:10:07,093 [Datanode State Machine Thread - 0] INFO  ozoneimpl.OzoneContainer (OzoneContainer.java:start(213)) - Attempting to start container services.
2019-10-21 10:10:07,095 [Datanode State Machine Thread - 0] INFO  ozoneimpl.OzoneContainer (OzoneContainer.java:startContainerScrub(177)) - Background container scanner has been disabled.
2019-10-21 10:10:07,095 [Datanode State Machine Thread - 0] INFO  ratis.XceiverServerRatis (XceiverServerRatis.java:start(418)) - Starting XceiverServerRatis 99861a18-d503-4129-9ff7-8353a6232c61 at port 0
2019-10-21 10:10:07,102 [Datanode State Machine Thread - 0] INFO  impl.RaftServerProxy (RaftServerProxy.java:lambda$start$3(299)) - 99861a18-d503-4129-9ff7-8353a6232c61: start RPC server
2019-10-21 10:10:07,104 [Datanode State Machine Thread - 0] INFO  server.GrpcService (GrpcService.java:startImpl(158)) - 99861a18-d503-4129-9ff7-8353a6232c61: GrpcService started, listening on 0.0.0.0/0.0.0.0:35086
2019-10-21 10:10:07,104 [Datanode State Machine Thread - 0] INFO  ratis.XceiverServerRatis (XceiverServerRatis.java:start(428)) - XceiverServerRatis 99861a18-d503-4129-9ff7-8353a6232c61 is started using port 35086
2019-10-21 10:10:07,106 [Datanode State Machine Thread - 0] INFO  server.XceiverServerGrpc (XceiverServerGrpc.java:start(149)) - XceiverServerGrpc 99861a18-d503-4129-9ff7-8353a6232c61 is started using port 35085
2019-10-21 10:10:07,163 [Datanode State Machine Thread - 0] INFO  ozoneimpl.OzoneContainer (OzoneContainer.java:start(213)) - Attempting to start container services.
2019-10-21 10:10:07,165 [Datanode State Machine Thread - 0] INFO  ozoneimpl.OzoneContainer (OzoneContainer.java:startContainerScrub(177)) - Background container scanner has been disabled.
2019-10-21 10:10:07,165 [Datanode State Machine Thread - 0] INFO  ratis.XceiverServerRatis (XceiverServerRatis.java:start(418)) - Starting XceiverServerRatis f8f2a133-6537-47b7-973c-ae1bdc39cdf8 at port 0
2019-10-21 10:10:07,171 [Datanode State Machine Thread - 0] INFO  impl.RaftServerProxy (RaftServerProxy.java:lambda$start$3(299)) - f8f2a133-6537-47b7-973c-ae1bdc39cdf8: start RPC server
2019-10-21 10:10:07,172 [Datanode State Machine Thread - 0] INFO  server.GrpcService (GrpcService.java:startImpl(158)) - f8f2a133-6537-47b7-973c-ae1bdc39cdf8: GrpcService started, listening on 0.0.0.0/0.0.0.0:45889
2019-10-21 10:10:07,172 [Datanode State Machine Thread - 0] INFO  ratis.XceiverServerRatis (XceiverServerRatis.java:start(428)) - XceiverServerRatis f8f2a133-6537-47b7-973c-ae1bdc39cdf8 is started using port 45889
2019-10-21 10:10:07,172 [Datanode State Machine Thread - 0] INFO  server.XceiverServerGrpc (XceiverServerGrpc.java:start(149)) - XceiverServerGrpc f8f2a133-6537-47b7-973c-ae1bdc39cdf8 is started using port 35228
2019-10-21 10:10:07,251 [Datanode State Machine Thread - 0] INFO  ozoneimpl.OzoneContainer (OzoneContainer.java:start(213)) - Attempting to start container services.
2019-10-21 10:10:07,256 [Datanode State Machine Thread - 0] INFO  ozoneimpl.OzoneContainer (OzoneContainer.java:startContainerScrub(177)) - Background container scanner has been disabled.
2019-10-21 10:10:07,256 [Datanode State Machine Thread - 0] INFO  ratis.XceiverServerRatis (XceiverServerRatis.java:start(418)) - Starting XceiverServerRatis 78c47ad4-0af2-46b1-bc03-cf5609da7b41 at port 0
2019-10-21 10:10:07,267 [Datanode State Machine Thread - 0] INFO  impl.RaftServerProxy (RaftServerProxy.java:lambda$start$3(299)) - 78c47ad4-0af2-46b1-bc03-cf5609da7b41: start RPC server
2019-10-21 10:10:07,273 [Datanode State Machine Thread - 0] INFO  server.GrpcService (GrpcService.java:startImpl(158)) - 78c47ad4-0af2-46b1-bc03-cf5609da7b41: GrpcService started, listening on 0.0.0.0/0.0.0.0:44563
2019-10-21 10:10:07,274 [Datanode State Machine Thread - 0] INFO  ratis.XceiverServerRatis (XceiverServerRatis.java:start(428)) - XceiverServerRatis 78c47ad4-0af2-46b1-bc03-cf5609da7b41 is started using port 44563
2019-10-21 10:10:07,278 [Datanode State Machine Thread - 0] INFO  server.XceiverServerGrpc (XceiverServerGrpc.java:start(149)) - XceiverServerGrpc 78c47ad4-0af2-46b1-bc03-cf5609da7b41 is started using port 37970
2019-10-21 10:10:07,344 [Datanode State Machine Thread - 0] INFO  ozoneimpl.OzoneContainer (OzoneContainer.java:start(213)) - Attempting to start container services.
2019-10-21 10:10:07,344 [Datanode State Machine Thread - 0] INFO  ozoneimpl.OzoneContainer (OzoneContainer.java:startContainerScrub(177)) - Background container scanner has been disabled.
2019-10-21 10:10:07,344 [Datanode State Machine Thread - 0] INFO  ratis.XceiverServerRatis (XceiverServerRatis.java:start(418)) - Starting XceiverServerRatis 183955f6-ffa1-4a4f-9222-7d6f75fc44a2 at port 0
2019-10-21 10:10:07,352 [Datanode State Machine Thread - 0] INFO  impl.RaftServerProxy (RaftServerProxy.java:lambda$start$3(299)) - 183955f6-ffa1-4a4f-9222-7d6f75fc44a2: start RPC server
2019-10-21 10:10:07,353 [Datanode State Machine Thread - 0] INFO  server.GrpcService (GrpcService.java:startImpl(158)) - 183955f6-ffa1-4a4f-9222-7d6f75fc44a2: GrpcService started, listening on 0.0.0.0/0.0.0.0:33782
2019-10-21 10:10:07,353 [Datanode State Machine Thread - 0] INFO  ratis.XceiverServerRatis (XceiverServerRatis.java:start(428)) - XceiverServerRatis 183955f6-ffa1-4a4f-9222-7d6f75fc44a2 is started using port 33782
2019-10-21 10:10:07,354 [Datanode State Machine Thread - 0] INFO  server.XceiverServerGrpc (XceiverServerGrpc.java:start(149)) - XceiverServerGrpc 183955f6-ffa1-4a4f-9222-7d6f75fc44a2 is started using port 39132
2019-10-21 10:10:07,436 [Datanode State Machine Thread - 0] INFO  ozoneimpl.OzoneContainer (OzoneContainer.java:start(213)) - Attempting to start container services.
2019-10-21 10:10:07,437 [Datanode State Machine Thread - 0] INFO  ozoneimpl.OzoneContainer (OzoneContainer.java:startContainerScrub(177)) - Background container scanner has been disabled.
2019-10-21 10:10:07,437 [Datanode State Machine Thread - 0] INFO  ratis.XceiverServerRatis (XceiverServerRatis.java:start(418)) - Starting XceiverServerRatis 6775f5da-69cc-4f6e-9afd-b6c7beb51fd2 at port 0
2019-10-21 10:10:07,444 [Datanode State Machine Thread - 0] INFO  impl.RaftServerProxy (RaftServerProxy.java:lambda$start$3(299)) - 6775f5da-69cc-4f6e-9afd-b6c7beb51fd2: start RPC server
2019-10-21 10:10:07,447 [Datanode State Machine Thread - 0] INFO  server.GrpcService (GrpcService.java:startImpl(158)) - 6775f5da-69cc-4f6e-9afd-b6c7beb51fd2: GrpcService started, listening on 0.0.0.0/0.0.0.0:35914
2019-10-21 10:10:07,447 [Datanode State Machine Thread - 0] INFO  ratis.XceiverServerRatis (XceiverServerRatis.java:start(428)) - XceiverServerRatis 6775f5da-69cc-4f6e-9afd-b6c7beb51fd2 is started using port 35914
2019-10-21 10:10:07,448 [Datanode State Machine Thread - 0] INFO  server.XceiverServerGrpc (XceiverServerGrpc.java:start(149)) - XceiverServerGrpc 6775f5da-69cc-4f6e-9afd-b6c7beb51fd2 is started using port 33316
2019-10-21 10:10:07,530 [Datanode State Machine Thread - 0] INFO  ozoneimpl.OzoneContainer (OzoneContainer.java:start(213)) - Attempting to start container services.
2019-10-21 10:10:07,530 [Datanode State Machine Thread - 0] INFO  ozoneimpl.OzoneContainer (OzoneContainer.java:startContainerScrub(177)) - Background container scanner has been disabled.
2019-10-21 10:10:07,530 [Datanode State Machine Thread - 0] INFO  ratis.XceiverServerRatis (XceiverServerRatis.java:start(418)) - Starting XceiverServerRatis 84bf4c90-c2f5-4380-90c5-906b206bfed6 at port 0
2019-10-21 10:10:07,538 [Datanode State Machine Thread - 0] INFO  impl.RaftServerProxy (RaftServerProxy.java:lambda$start$3(299)) - 84bf4c90-c2f5-4380-90c5-906b206bfed6: start RPC server
2019-10-21 10:10:07,539 [Datanode State Machine Thread - 0] INFO  server.GrpcService (GrpcService.java:startImpl(158)) - 84bf4c90-c2f5-4380-90c5-906b206bfed6: GrpcService started, listening on 0.0.0.0/0.0.0.0:42351
2019-10-21 10:10:07,539 [Datanode State Machine Thread - 0] INFO  ratis.XceiverServerRatis (XceiverServerRatis.java:start(428)) - XceiverServerRatis 84bf4c90-c2f5-4380-90c5-906b206bfed6 is started using port 42351
2019-10-21 10:10:07,540 [Datanode State Machine Thread - 0] INFO  server.XceiverServerGrpc (XceiverServerGrpc.java:start(149)) - XceiverServerGrpc 84bf4c90-c2f5-4380-90c5-906b206bfed6 is started using port 45638
2019-10-21 10:10:07,579 [main] INFO  ozone.MiniOzoneClusterImpl (MiniOzoneClusterImpl.java:lambda$waitForClusterToBeReady$0(147)) - Waiting for cluster to be ready. Got 0 of 7 DN Heartbeats.
2019-10-21 10:10:07,595 [Datanode State Machine Thread - 0] INFO  ozoneimpl.OzoneContainer (OzoneContainer.java:start(213)) - Attempting to start container services.
2019-10-21 10:10:07,595 [Datanode State Machine Thread - 0] INFO  ozoneimpl.OzoneContainer (OzoneContainer.java:startContainerScrub(177)) - Background container scanner has been disabled.
2019-10-21 10:10:07,595 [Datanode State Machine Thread - 0] INFO  ratis.XceiverServerRatis (XceiverServerRatis.java:start(418)) - Starting XceiverServerRatis fa3142a2-adde-46b7-a2ef-9df891d79902 at port 0
2019-10-21 10:10:07,607 [Datanode State Machine Thread - 0] INFO  impl.RaftServerProxy (RaftServerProxy.java:lambda$start$3(299)) - fa3142a2-adde-46b7-a2ef-9df891d79902: start RPC server
2019-10-21 10:10:07,609 [Datanode State Machine Thread - 0] INFO  server.GrpcService (GrpcService.java:startImpl(158)) - fa3142a2-adde-46b7-a2ef-9df891d79902: GrpcService started, listening on 0.0.0.0/0.0.0.0:46444
2019-10-21 10:10:07,609 [Datanode State Machine Thread - 0] INFO  ratis.XceiverServerRatis (XceiverServerRatis.java:start(428)) - XceiverServerRatis fa3142a2-adde-46b7-a2ef-9df891d79902 is started using port 46444
2019-10-21 10:10:07,609 [Datanode State Machine Thread - 0] INFO  server.XceiverServerGrpc (XceiverServerGrpc.java:start(149)) - XceiverServerGrpc fa3142a2-adde-46b7-a2ef-9df891d79902 is started using port 35084
2019-10-21 10:10:08,580 [main] INFO  ozone.MiniOzoneClusterImpl (MiniOzoneClusterImpl.java:lambda$waitForClusterToBeReady$0(147)) - Waiting for cluster to be ready. Got 0 of 7 DN Heartbeats.
2019-10-21 10:10:09,076 [IPC Server handler 4 on 42284] INFO  net.NetworkTopology (NetworkTopologyImpl.java:add(111)) - Added a new node: /default-rack/99861a18-d503-4129-9ff7-8353a6232c61
2019-10-21 10:10:09,079 [IPC Server handler 4 on 42284] INFO  node.SCMNodeManager (SCMNodeManager.java:register(268)) - Registered Data node : 99861a18-d503-4129-9ff7-8353a6232c61{ip: 192.168.34.51, host: pr-hdds-2291-fkckm-1634098129, networkLocation: /default-rack, certSerialId: null}
2019-10-21 10:10:09,080 [EventQueue-NodeRegistrationContainerReportForDataNodeSafeModeRule] INFO  safemode.SCMSafeModeManager (DataNodeSafeModeRule.java:process(71)) - SCM in safe mode. 1 DataNodes registered, 1 required.
2019-10-21 10:10:09,082 [EventQueue-NodeRegistrationContainerReportForDataNodeSafeModeRule] INFO  safemode.SCMSafeModeManager (SCMSafeModeManager.java:validateSafeModeExitRules(177)) - ScmSafeModeManager, all rules are successfully validated
2019-10-21 10:10:09,082 [EventQueue-NodeRegistrationContainerReportForDataNodeSafeModeRule] INFO  safemode.SCMSafeModeManager (SCMSafeModeManager.java:exitSafeMode(193)) - SCM exiting safe mode.
2019-10-21 10:10:09,102 [grpc-default-executor-5] INFO  impl.RaftServerProxy (RaftServerProxy.java:addNew(89)) - 99861a18-d503-4129-9ff7-8353a6232c61: addNew group-E08B67A807ED:[99861a18-d503-4129-9ff7-8353a6232c61:192.168.34.51:35086] returns group-E08B67A807ED:java.util.concurrent.CompletableFuture@362b47f1[Not completed]
2019-10-21 10:10:09,105 [pool-119-thread-1] INFO  impl.RaftServerImpl (RaftServerImpl.java:<init>(95)) - 99861a18-d503-4129-9ff7-8353a6232c61: new RaftServerImpl for group-E08B67A807ED:[99861a18-d503-4129-9ff7-8353a6232c61:192.168.34.51:35086] with ContainerStateMachine:uninitialized
2019-10-21 10:10:09,106 [pool-119-thread-1] INFO  server.RaftServerConfigKeys (ConfUtils.java:logGet(43)) - raft.server.rpc.timeout.min = 5s (custom)
2019-10-21 10:10:09,106 [pool-119-thread-1] INFO  server.RaftServerConfigKeys (ConfUtils.java:logGet(43)) - raft.server.rpc.timeout.max = 5200ms (custom)
2019-10-21 10:10:09,106 [pool-119-thread-1] INFO  server.RaftServerConfigKeys (ConfUtils.java:logGet(43)) - raft.server.rpcslowness.timeout = 120s (custom)
2019-10-21 10:10:09,106 [pool-119-thread-1] INFO  server.RaftServerConfigKeys (ConfUtils.java:logGet(43)) - raft.server.sleep.deviation.threshold = 300 (default)
2019-10-21 10:10:09,106 [pool-119-thread-1] INFO  server.RaftServerConfigKeys (ConfUtils.java:logGet(43)) - raft.server.log.appender.install.snapshot.enabled = false (custom)
2019-10-21 10:10:09,106 [pool-119-thread-1] INFO  impl.RaftServerImpl (ServerState.java:<init>(103)) - 99861a18-d503-4129-9ff7-8353a6232c61@group-E08B67A807ED: ConfigurationManager, init=-1: [99861a18-d503-4129-9ff7-8353a6232c61:192.168.34.51:35086], old=null, confs=<EMPTY_MAP>
2019-10-21 10:10:09,107 [pool-119-thread-1] INFO  server.RaftServerConfigKeys (ConfUtils.java:logGet(43)) - raft.server.storage.dir = [/workdir/hadoop-ozone/integration-test/target/test-dir/MiniOzoneClusterImpl-69f13c50-7f04-4373-b728-745ac2dd16f0/datanode-0/data/ratis] (custom)
2019-10-21 10:10:09,107 [pool-119-thread-1] INFO  server.RaftServerConfigKeys (ConfUtils.java:logGet(43)) - raft.server.log.corruption.policy = EXCEPTION (default)
2019-10-21 10:10:09,107 [pool-119-thread-1] INFO  storage.RaftStorageDirectory (RaftStorageDirectory.java:analyzeStorage(246)) - The storage directory /workdir/hadoop-ozone/integration-test/target/test-dir/MiniOzoneClusterImpl-69f13c50-7f04-4373-b728-745ac2dd16f0/datanode-0/data/ratis/717b8b13-68bb-4698-916f-e08b67a807ed does not exist. Creating ...
2019-10-21 10:10:09,121 [pool-119-thread-1] INFO  storage.RaftStorageDirectory (RaftStorageDirectory.java:tryLock(328)) - Lock on /workdir/hadoop-ozone/integration-test/target/test-dir/MiniOzoneClusterImpl-69f13c50-7f04-4373-b728-745ac2dd16f0/datanode-0/data/ratis/717b8b13-68bb-4698-916f-e08b67a807ed/in_use.lock acquired by nodename 16321@pr-hdds-2291-fkckm-1634098129
2019-10-21 10:10:09,135 [pool-119-thread-1] INFO  storage.RaftStorage (RaftStorage.java:format(84)) - Storage directory /workdir/hadoop-ozone/integration-test/target/test-dir/MiniOzoneClusterImpl-69f13c50-7f04-4373-b728-745ac2dd16f0/datanode-0/data/ratis/717b8b13-68bb-4698-916f-e08b67a807ed has been successfully formatted.
2019-10-21 10:10:09,135 [pool-119-thread-1] INFO  ratis.ContainerStateMachine (ContainerStateMachine.java:loadSnapshot(231)) - group-E08B67A807ED: The snapshot info is null. Setting the last applied indexto:(t:0, i:~)
2019-10-21 10:10:09,136 [pool-119-thread-1] INFO  server.RaftServerConfigKeys (ConfUtils.java:logGet(43)) - raft.server.notification.no-leader.timeout = 120s (custom)
2019-10-21 10:10:09,136 [pool-119-thread-1] INFO  server.RaftServerConfigKeys (ConfUtils.java:logGet(43)) - raft.server.log.use.memory = false (default)
2019-10-21 10:10:09,136 [pool-119-thread-1] INFO  server.RaftServerConfigKeys (ConfUtils.java:logGet(43)) - raft.server.log.purge.gap = 1000000 (custom)
2019-10-21 10:10:09,136 [pool-119-thread-1] INFO  server.RaftServerConfigKeys (ConfUtils.java:logGet(43)) - raft.server.log.appender.buffer.byte-limit = 33554432 (custom)
2019-10-21 10:10:09,137 [pool-119-thread-1] INFO  server.RaftServerConfigKeys (ConfUtils.java:logGet(43)) - raft.server.log.segment.size.max = 1048576 (custom)
2019-10-21 10:10:09,140 [pool-119-thread-1] INFO  server.RaftServerConfigKeys (ConfUtils.java:logGet(43)) - raft.server.log.segment.cache.num.max = 2 (custom)
2019-10-21 10:10:09,141 [pool-119-thread-1] INFO  segmented.SegmentedRaftLogWorker (SegmentedRaftLogWorker.java:<init>(173)) - new 99861a18-d503-4129-9ff7-8353a6232c61@group-E08B67A807ED-SegmentedRaftLogWorker for RaftStorage:Storage Directory /workdir/hadoop-ozone/integration-test/target/test-dir/MiniOzoneClusterImpl-69f13c50-7f04-4373-b728-745ac2dd16f0/datanode-0/data/ratis/717b8b13-68bb-4698-916f-e08b67a807ed
2019-10-21 10:10:09,141 [pool-119-thread-1] INFO  server.RaftServerConfigKeys (ConfUtils.java:logGet(43)) - raft.server.log.queue.byte-limit = 2147483647 (custom)
2019-10-21 10:10:09,141 [pool-119-thread-1] INFO  server.RaftServerConfigKeys (ConfUtils.java:logGet(43)) - raft.server.log.queue.element-limit = 1024 (custom)
2019-10-21 10:10:09,141 [pool-119-thread-1] INFO  server.RaftServerConfigKeys (ConfUtils.java:logGet(43)) - raft.server.log.segment.size.max = 1048576 (custom)
2019-10-21 10:10:09,142 [pool-119-thread-1] INFO  server.RaftServerConfigKeys (ConfUtils.java:logGet(43)) - raft.server.log.preallocated.size = 16384 (custom)
2019-10-21 10:10:09,142 [pool-119-thread-1] INFO  server.RaftServerConfigKeys (ConfUtils.java:logGet(43)) - raft.server.log.write.buffer.size = 33554432 (custom)
2019-10-21 10:10:09,142 [pool-119-thread-1] INFO  server.RaftServerConfigKeys (ConfUtils.java:logGet(43)) - raft.server.log.force.sync.num = 128 (default)
2019-10-21 10:10:09,142 [pool-119-thread-1] INFO  server.RaftServerConfigKeys (ConfUtils.java:logGet(43)) - raft.server.log.statemachine.data.sync = true (default)
2019-10-21 10:10:09,142 [pool-119-thread-1] INFO  server.RaftServerConfigKeys (ConfUtils.java:logGet(43)) - raft.server.log.statemachine.data.sync.timeout = 10s (default)
2019-10-21 10:10:09,143 [pool-119-thread-1] INFO  server.RaftServerConfigKeys (ConfUtils.java:logGet(43)) - raft.server.log.statemachine.data.sync.timeout.retry = -1 (default)
2019-10-21 10:10:09,143 [pool-119-thread-1] INFO  server.RaftServerConfigKeys (ConfUtils.java:logGet(43)) - raft.server.log.statemachine.data.caching.enabled = true (custom)
2019-10-21 10:10:09,144 [pool-119-thread-1] INFO  segmented.SegmentedRaftLogWorker (SegmentedRaftLogWorker.java:lambda$new$0(128)) - 99861a18-d503-4129-9ff7-8353a6232c61@group-E08B67A807ED-SegmentedRaftLogWorker: flushIndex: setUnconditionally 0 -> -1
2019-10-21 10:10:09,144 [pool-119-thread-1] INFO  server.RaftServerConfigKeys (ConfUtils.java:logGet(43)) - raft.server.snapshot.auto.trigger.enabled = true (custom)
2019-10-21 10:10:09,144 [pool-119-thread-1] INFO  server.RaftServerConfigKeys (ConfUtils.java:logGet(43)) - raft.server.snapshot.auto.trigger.threshold = 10000 (custom)
2019-10-21 10:10:09,145 [pool-119-thread-1] INFO  server.RaftServerConfigKeys (ConfUtils.java:logGet(43)) - raft.server.snapshot.retention.file.num = 5 (custom)
2019-10-21 10:10:09,145 [pool-119-thread-1] INFO  server.RaftServerConfigKeys (ConfUtils.java:logGet(43)) - raft.server.retrycache.expirytime = 600000ms (custom)
2019-10-21 10:10:09,148 [pool-119-thread-1] INFO  impl.RaftServerImpl (RaftServerImpl.java:start(181)) - 99861a18-d503-4129-9ff7-8353a6232c61@group-E08B67A807ED: start as a follower, conf=-1: [99861a18-d503-4129-9ff7-8353a6232c61:192.168.34.51:35086], old=null
2019-10-21 10:10:09,148 [pool-119-thread-1] INFO  impl.RaftServerImpl (RaftServerImpl.java:setRole(170)) - 99861a18-d503-4129-9ff7-8353a6232c61@group-E08B67A807ED: changes role from      null to FOLLOWER at term 0 for startAsFollower
2019-10-21 10:10:09,149 [pool-119-thread-1] INFO  impl.RoleInfo (RoleInfo.java:updateAndGet(143)) - 99861a18-d503-4129-9ff7-8353a6232c61: start FollowerState
2019-10-21 10:10:09,150 [pool-119-thread-1] INFO  util.JmxRegister (JmxRegister.java:tryRegister(44)) - Successfully registered JMX Bean with object name Ratis:service=RaftServer,group=group-E08B67A807ED,id=99861a18-d503-4129-9ff7-8353a6232c61
2019-10-21 10:10:09,150 [IPC Server handler 2 on 42284] INFO  net.NetworkTopology (NetworkTopologyImpl.java:add(111)) - Added a new node: /default-rack/f8f2a133-6537-47b7-973c-ae1bdc39cdf8
2019-10-21 10:10:09,151 [IPC Server handler 2 on 42284] INFO  node.SCMNodeManager (SCMNodeManager.java:register(268)) - Registered Data node : f8f2a133-6537-47b7-973c-ae1bdc39cdf8{ip: 192.168.34.51, host: pr-hdds-2291-fkckm-1634098129, networkLocation: /default-rack, certSerialId: null}
2019-10-21 10:10:09,157 [RatisPipelineUtilsThread] INFO  pipeline.PipelineStateManager (PipelineStateManager.java:addPipeline(56)) - Created pipeline Pipeline[ Id: 717b8b13-68bb-4698-916f-e08b67a807ed, Nodes: 99861a18-d503-4129-9ff7-8353a6232c61{ip: 192.168.34.51, host: pr-hdds-2291-fkckm-1634098129, networkLocation: /default-rack, certSerialId: null}, Type:RATIS, Factor:ONE, State:OPEN]
2019-10-21 10:10:09,166 [grpc-default-executor-5] INFO  impl.RaftServerProxy (RaftServerProxy.java:addNew(89)) - f8f2a133-6537-47b7-973c-ae1bdc39cdf8: addNew group-48D9FB3AC019:[f8f2a133-6537-47b7-973c-ae1bdc39cdf8:192.168.34.51:45889] returns group-48D9FB3AC019:java.util.concurrent.CompletableFuture@7d290ece[Not completed]
2019-10-21 10:10:09,167 [pool-129-thread-1] INFO  impl.RaftServerImpl (RaftServerImpl.java:<init>(95)) - f8f2a133-6537-47b7-973c-ae1bdc39cdf8: new RaftServerImpl for group-48D9FB3AC019:[f8f2a133-6537-47b7-973c-ae1bdc39cdf8:192.168.34.51:45889] with ContainerStateMachine:uninitialized
2019-10-21 10:10:09,167 [pool-129-thread-1] INFO  server.RaftServerConfigKeys (ConfUtils.java:logGet(43)) - raft.server.rpc.timeout.min = 5s (custom)
2019-10-21 10:10:09,167 [pool-129-thread-1] INFO  server.RaftServerConfigKeys (ConfUtils.java:logGet(43)) - raft.server.rpc.timeout.max = 5200ms (custom)
2019-10-21 10:10:09,167 [pool-129-thread-1] INFO  server.RaftServerConfigKeys (ConfUtils.java:logGet(43)) - raft.server.rpcslowness.timeout = 120s (custom)
2019-10-21 10:10:09,167 [pool-129-thread-1] INFO  server.RaftServerConfigKeys (ConfUtils.java:logGet(43)) - raft.server.sleep.deviation.threshold = 300 (default)
2019-10-21 10:10:09,168 [pool-129-thread-1] INFO  server.RaftServerConfigKeys (ConfUtils.java:logGet(43)) - raft.server.log.appender.install.snapshot.enabled = false (custom)
2019-10-21 10:10:09,168 [pool-129-thread-1] INFO  impl.RaftServerImpl (ServerState.java:<init>(103)) - f8f2a133-6537-47b7-973c-ae1bdc39cdf8@group-48D9FB3AC019: ConfigurationManager, init=-1: [f8f2a133-6537-47b7-973c-ae1bdc39cdf8:192.168.34.51:45889], old=null, confs=<EMPTY_MAP>
2019-10-21 10:10:09,168 [pool-129-thread-1] INFO  server.RaftServerConfigKeys (ConfUtils.java:logGet(43)) - raft.server.storage.dir = [/workdir/hadoop-ozone/integration-test/target/test-dir/MiniOzoneClusterImpl-69f13c50-7f04-4373-b728-745ac2dd16f0/datanode-1/data/ratis] (custom)
2019-10-21 10:10:09,168 [pool-129-thread-1] INFO  server.RaftServerConfigKeys (ConfUtils.java:logGet(43)) - raft.server.log.corruption.policy = EXCEPTION (default)
2019-10-21 10:10:09,168 [pool-129-thread-1] INFO  storage.RaftStorageDirectory (RaftStorageDirectory.java:analyzeStorage(246)) - The storage directory /workdir/hadoop-ozone/integration-test/target/test-dir/MiniOzoneClusterImpl-69f13c50-7f04-4373-b728-745ac2dd16f0/datanode-1/data/ratis/0314ea72-e7d0-4f69-8c35-48d9fb3ac019 does not exist. Creating ...
2019-10-21 10:10:09,181 [pool-129-thread-1] INFO  storage.RaftStorageDirectory (RaftStorageDirectory.java:tryLock(328)) - Lock on /workdir/hadoop-ozone/integration-test/target/test-dir/MiniOzoneClusterImpl-69f13c50-7f04-4373-b728-745ac2dd16f0/datanode-1/data/ratis/0314ea72-e7d0-4f69-8c35-48d9fb3ac019/in_use.lock acquired by nodename 16321@pr-hdds-2291-fkckm-1634098129
2019-10-21 10:10:09,194 [pool-129-thread-1] INFO  storage.RaftStorage (RaftStorage.java:format(84)) - Storage directory /workdir/hadoop-ozone/integration-test/target/test-dir/MiniOzoneClusterImpl-69f13c50-7f04-4373-b728-745ac2dd16f0/datanode-1/data/ratis/0314ea72-e7d0-4f69-8c35-48d9fb3ac019 has been successfully formatted.
2019-10-21 10:10:09,194 [pool-129-thread-1] INFO  ratis.ContainerStateMachine (ContainerStateMachine.java:loadSnapshot(231)) - group-48D9FB3AC019: The snapshot info is null. Setting the last applied indexto:(t:0, i:~)
2019-10-21 10:10:09,195 [pool-129-thread-1] INFO  server.RaftServerConfigKeys (ConfUtils.java:logGet(43)) - raft.server.notification.no-leader.timeout = 120s (custom)
2019-10-21 10:10:09,195 [pool-129-thread-1] INFO  server.RaftServerConfigKeys (ConfUtils.java:logGet(43)) - raft.server.log.use.memory = false (default)
2019-10-21 10:10:09,195 [pool-129-thread-1] INFO  server.RaftServerConfigKeys (ConfUtils.java:logGet(43)) - raft.server.log.purge.gap = 1000000 (custom)
2019-10-21 10:10:09,195 [pool-129-thread-1] INFO  server.RaftServerConfigKeys (ConfUtils.java:logGet(43)) - raft.server.log.appender.buffer.byte-limit = 33554432 (custom)
2019-10-21 10:10:09,195 [pool-129-thread-1] INFO  server.RaftServerConfigKeys (ConfUtils.java:logGet(43)) - raft.server.log.segment.size.max = 1048576 (custom)
2019-10-21 10:10:09,197 [pool-129-thread-1] INFO  server.RaftServerConfigKeys (ConfUtils.java:logGet(43)) - raft.server.log.segment.cache.num.max = 2 (custom)
2019-10-21 10:10:09,197 [pool-129-thread-1] INFO  segmented.SegmentedRaftLogWorker (SegmentedRaftLogWorker.java:<init>(173)) - new f8f2a133-6537-47b7-973c-ae1bdc39cdf8@group-48D9FB3AC019-SegmentedRaftLogWorker for RaftStorage:Storage Directory /workdir/hadoop-ozone/integration-test/target/test-dir/MiniOzoneClusterImpl-69f13c50-7f04-4373-b728-745ac2dd16f0/datanode-1/data/ratis/0314ea72-e7d0-4f69-8c35-48d9fb3ac019
2019-10-21 10:10:09,197 [pool-129-thread-1] INFO  server.RaftServerConfigKeys (ConfUtils.java:logGet(43)) - raft.server.log.queue.byte-limit = 2147483647 (custom)
2019-10-21 10:10:09,197 [pool-129-thread-1] INFO  server.RaftServerConfigKeys (ConfUtils.java:logGet(43)) - raft.server.log.queue.element-limit = 1024 (custom)
2019-10-21 10:10:09,197 [pool-129-thread-1] INFO  server.RaftServerConfigKeys (ConfUtils.java:logGet(43)) - raft.server.log.segment.size.max = 1048576 (custom)
2019-10-21 10:10:09,197 [pool-129-thread-1] INFO  server.RaftServerConfigKeys (ConfUtils.java:logGet(43)) - raft.server.log.preallocated.size = 16384 (custom)
2019-10-21 10:10:09,197 [pool-129-thread-1] INFO  server.RaftServerConfigKeys (ConfUtils.java:logGet(43)) - raft.server.log.write.buffer.size = 33554432 (custom)
2019-10-21 10:10:09,197 [pool-129-thread-1] INFO  server.RaftServerConfigKeys (ConfUtils.java:logGet(43)) - raft.server.log.force.sync.num = 128 (default)
2019-10-21 10:10:09,197 [pool-129-thread-1] INFO  server.RaftServerConfigKeys (ConfUtils.java:logGet(43)) - raft.server.log.statemachine.data.sync = true (default)
2019-10-21 10:10:09,197 [pool-129-thread-1] INFO  server.RaftServerConfigKeys (ConfUtils.java:logGet(43)) - raft.server.log.statemachine.data.sync.timeout = 10s (default)
2019-10-21 10:10:09,197 [pool-129-thread-1] INFO  server.RaftServerConfigKeys (ConfUtils.java:logGet(43)) - raft.server.log.statemachine.data.sync.timeout.retry = -1 (default)
2019-10-21 10:10:09,198 [pool-129-thread-1] INFO  server.RaftServerConfigKeys (ConfUtils.java:logGet(43)) - raft.server.log.statemachine.data.caching.enabled = true (custom)
2019-10-21 10:10:09,198 [pool-129-thread-1] INFO  segmented.SegmentedRaftLogWorker (SegmentedRaftLogWorker.java:lambda$new$0(128)) - f8f2a133-6537-47b7-973c-ae1bdc39cdf8@group-48D9FB3AC019-SegmentedRaftLogWorker: flushIndex: setUnconditionally 0 -> -1
2019-10-21 10:10:09,199 [pool-129-thread-1] INFO  server.RaftServerConfigKeys (ConfUtils.java:logGet(43)) - raft.server.snapshot.auto.trigger.enabled = true (custom)
2019-10-21 10:10:09,199 [pool-129-thread-1] INFO  server.RaftServerConfigKeys (ConfUtils.java:logGet(43)) - raft.server.snapshot.auto.trigger.threshold = 10000 (custom)
2019-10-21 10:10:09,199 [pool-129-thread-1] INFO  server.RaftServerConfigKeys (ConfUtils.java:logGet(43)) - raft.server.snapshot.retention.file.num = 5 (custom)
2019-10-21 10:10:09,199 [pool-129-thread-1] INFO  server.RaftServerConfigKeys (ConfUtils.java:logGet(43)) - raft.server.retrycache.expirytime = 600000ms (custom)
2019-10-21 10:10:09,201 [pool-129-thread-1] INFO  impl.RaftServerImpl (RaftServerImpl.java:start(181)) - f8f2a133-6537-47b7-973c-ae1bdc39cdf8@group-48D9FB3AC019: start as a follower, conf=-1: [f8f2a133-6537-47b7-973c-ae1bdc39cdf8:192.168.34.51:45889], old=null
2019-10-21 10:10:09,201 [pool-129-thread-1] INFO  impl.RaftServerImpl (RaftServerImpl.java:setRole(170)) - f8f2a133-6537-47b7-973c-ae1bdc39cdf8@group-48D9FB3AC019: changes role from      null to FOLLOWER at term 0 for startAsFollower
2019-10-21 10:10:09,201 [pool-129-thread-1] INFO  impl.RoleInfo (RoleInfo.java:updateAndGet(143)) - f8f2a133-6537-47b7-973c-ae1bdc39cdf8: start FollowerState
2019-10-21 10:10:09,201 [pool-129-thread-1] INFO  util.JmxRegister (JmxRegister.java:tryRegister(44)) - Successfully registered JMX Bean with object name Ratis:service=RaftServer,group=group-48D9FB3AC019,id=f8f2a133-6537-47b7-973c-ae1bdc39cdf8
2019-10-21 10:10:09,206 [RatisPipelineUtilsThread] INFO  pipeline.PipelineStateManager (PipelineStateManager.java:addPipeline(56)) - Created pipeline Pipeline[ Id: 0314ea72-e7d0-4f69-8c35-48d9fb3ac019, Nodes: f8f2a133-6537-47b7-973c-ae1bdc39cdf8{ip: 192.168.34.51, host: pr-hdds-2291-fkckm-1634098129, networkLocation: /default-rack, certSerialId: null}, Type:RATIS, Factor:ONE, State:OPEN]
2019-10-21 10:10:09,238 [IPC Server handler 5 on 42284] INFO  net.NetworkTopology (NetworkTopologyImpl.java:add(111)) - Added a new node: /default-rack/78c47ad4-0af2-46b1-bc03-cf5609da7b41
2019-10-21 10:10:09,238 [IPC Server handler 5 on 42284] INFO  node.SCMNodeManager (SCMNodeManager.java:register(268)) - Registered Data node : 78c47ad4-0af2-46b1-bc03-cf5609da7b41{ip: 192.168.34.51, host: pr-hdds-2291-fkckm-1634098129, networkLocation: /default-rack, certSerialId: null}
2019-10-21 10:10:09,247 [grpc-default-executor-5] INFO  impl.RaftServerProxy (RaftServerProxy.java:addNew(89)) - 78c47ad4-0af2-46b1-bc03-cf5609da7b41: addNew group-B9AF82365587:[78c47ad4-0af2-46b1-bc03-cf5609da7b41:192.168.34.51:44563] returns group-B9AF82365587:java.util.concurrent.CompletableFuture@17ad6061[Not completed]
2019-10-21 10:10:09,252 [pool-139-thread-1] INFO  impl.RaftServerImpl (RaftServerImpl.java:<init>(95)) - 78c47ad4-0af2-46b1-bc03-cf5609da7b41: new RaftServerImpl for group-B9AF82365587:[78c47ad4-0af2-46b1-bc03-cf5609da7b41:192.168.34.51:44563] with ContainerStateMachine:uninitialized
2019-10-21 10:10:09,252 [pool-139-thread-1] INFO  server.RaftServerConfigKeys (ConfUtils.java:logGet(43)) - raft.server.rpc.timeout.min = 5s (custom)
2019-10-21 10:10:09,252 [pool-139-thread-1] INFO  server.RaftServerConfigKeys (ConfUtils.java:logGet(43)) - raft.server.rpc.timeout.max = 5200ms (custom)
2019-10-21 10:10:09,252 [pool-139-thread-1] INFO  server.RaftServerConfigKeys (ConfUtils.java:logGet(43)) - raft.server.rpcslowness.timeout = 120s (custom)
2019-10-21 10:10:09,252 [pool-139-thread-1] INFO  server.RaftServerConfigKeys (ConfUtils.java:logGet(43)) - raft.server.sleep.deviation.threshold = 300 (default)
2019-10-21 10:10:09,252 [pool-139-thread-1] INFO  server.RaftServerConfigKeys (ConfUtils.java:logGet(43)) - raft.server.log.appender.install.snapshot.enabled = false (custom)
2019-10-21 10:10:09,252 [pool-139-thread-1] INFO  impl.RaftServerImpl (ServerState.java:<init>(103)) - 78c47ad4-0af2-46b1-bc03-cf5609da7b41@group-B9AF82365587: ConfigurationManager, init=-1: [78c47ad4-0af2-46b1-bc03-cf5609da7b41:192.168.34.51:44563], old=null, confs=<EMPTY_MAP>
2019-10-21 10:10:09,253 [pool-139-thread-1] INFO  server.RaftServerConfigKeys (ConfUtils.java:logGet(43)) - raft.server.storage.dir = [/workdir/hadoop-ozone/integration-test/target/test-dir/MiniOzoneClusterImpl-69f13c50-7f04-4373-b728-745ac2dd16f0/datanode-2/data/ratis] (custom)
2019-10-21 10:10:09,253 [pool-139-thread-1] INFO  server.RaftServerConfigKeys (ConfUtils.java:logGet(43)) - raft.server.log.corruption.policy = EXCEPTION (default)
2019-10-21 10:10:09,253 [pool-139-thread-1] INFO  storage.RaftStorageDirectory (RaftStorageDirectory.java:analyzeStorage(246)) - The storage directory /workdir/hadoop-ozone/integration-test/target/test-dir/MiniOzoneClusterImpl-69f13c50-7f04-4373-b728-745ac2dd16f0/datanode-2/data/ratis/88554ce3-22ef-44ef-941a-b9af82365587 does not exist. Creating ...
2019-10-21 10:10:09,266 [pool-139-thread-1] INFO  storage.RaftStorageDirectory (RaftStorageDirectory.java:tryLock(328)) - Lock on /workdir/hadoop-ozone/integration-test/target/test-dir/MiniOzoneClusterImpl-69f13c50-7f04-4373-b728-745ac2dd16f0/datanode-2/data/ratis/88554ce3-22ef-44ef-941a-b9af82365587/in_use.lock acquired by nodename 16321@pr-hdds-2291-fkckm-1634098129
2019-10-21 10:10:09,279 [pool-139-thread-1] INFO  storage.RaftStorage (RaftStorage.java:format(84)) - Storage directory /workdir/hadoop-ozone/integration-test/target/test-dir/MiniOzoneClusterImpl-69f13c50-7f04-4373-b728-745ac2dd16f0/datanode-2/data/ratis/88554ce3-22ef-44ef-941a-b9af82365587 has been successfully formatted.
2019-10-21 10:10:09,279 [pool-139-thread-1] INFO  ratis.ContainerStateMachine (ContainerStateMachine.java:loadSnapshot(231)) - group-B9AF82365587: The snapshot info is null. Setting the last applied indexto:(t:0, i:~)
2019-10-21 10:10:09,279 [pool-139-thread-1] INFO  server.RaftServerConfigKeys (ConfUtils.java:logGet(43)) - raft.server.notification.no-leader.timeout = 120s (custom)
2019-10-21 10:10:09,279 [pool-139-thread-1] INFO  server.RaftServerConfigKeys (ConfUtils.java:logGet(43)) - raft.server.log.use.memory = false (default)
2019-10-21 10:10:09,279 [pool-139-thread-1] INFO  server.RaftServerConfigKeys (ConfUtils.java:logGet(43)) - raft.server.log.purge.gap = 1000000 (custom)
2019-10-21 10:10:09,279 [pool-139-thread-1] INFO  server.RaftServerConfigKeys (ConfUtils.java:logGet(43)) - raft.server.log.appender.buffer.byte-limit = 33554432 (custom)
2019-10-21 10:10:09,280 [pool-139-thread-1] INFO  server.RaftServerConfigKeys (ConfUtils.java:logGet(43)) - raft.server.log.segment.size.max = 1048576 (custom)
2019-10-21 10:10:09,282 [pool-139-thread-1] INFO  server.RaftServerConfigKeys (ConfUtils.java:logGet(43)) - raft.server.log.segment.cache.num.max = 2 (custom)
2019-10-21 10:10:09,282 [pool-139-thread-1] INFO  segmented.SegmentedRaftLogWorker (SegmentedRaftLogWorker.java:<init>(173)) - new 78c47ad4-0af2-46b1-bc03-cf5609da7b41@group-B9AF82365587-SegmentedRaftLogWorker for RaftStorage:Storage Directory /workdir/hadoop-ozone/integration-test/target/test-dir/MiniOzoneClusterImpl-69f13c50-7f04-4373-b728-745ac2dd16f0/datanode-2/data/ratis/88554ce3-22ef-44ef-941a-b9af82365587
2019-10-21 10:10:09,282 [pool-139-thread-1] INFO  server.RaftServerConfigKeys (ConfUtils.java:logGet(43)) - raft.server.log.queue.byte-limit = 2147483647 (custom)
2019-10-21 10:10:09,282 [pool-139-thread-1] INFO  server.RaftServerConfigKeys (ConfUtils.java:logGet(43)) - raft.server.log.queue.element-limit = 1024 (custom)
2019-10-21 10:10:09,282 [pool-139-thread-1] INFO  server.RaftServerConfigKeys (ConfUtils.java:logGet(43)) - raft.server.log.segment.size.max = 1048576 (custom)
2019-10-21 10:10:09,283 [pool-139-thread-1] INFO  server.RaftServerConfigKeys (ConfUtils.java:logGet(43)) - raft.server.log.preallocated.size = 16384 (custom)
2019-10-21 10:10:09,283 [pool-139-thread-1] INFO  server.RaftServerConfigKeys (ConfUtils.java:logGet(43)) - raft.server.log.write.buffer.size = 33554432 (custom)
2019-10-21 10:10:09,283 [pool-139-thread-1] INFO  server.RaftServerConfigKeys (ConfUtils.java:logGet(43)) - raft.server.log.force.sync.num = 128 (default)
2019-10-21 10:10:09,283 [pool-139-thread-1] INFO  server.RaftServerConfigKeys (ConfUtils.java:logGet(43)) - raft.server.log.statemachine.data.sync = true (default)
2019-10-21 10:10:09,283 [pool-139-thread-1] INFO  server.RaftServerConfigKeys (ConfUtils.java:logGet(43)) - raft.server.log.statemachine.data.sync.timeout = 10s (default)
2019-10-21 10:10:09,283 [pool-139-thread-1] INFO  server.RaftServerConfigKeys (ConfUtils.java:logGet(43)) - raft.server.log.statemachine.data.sync.timeout.retry = -1 (default)
2019-10-21 10:10:09,284 [pool-139-thread-1] INFO  server.RaftServerConfigKeys (ConfUtils.java:logGet(43)) - raft.server.log.statemachine.data.caching.enabled = true (custom)
2019-10-21 10:10:09,284 [pool-139-thread-1] INFO  segmented.SegmentedRaftLogWorker (SegmentedRaftLogWorker.java:lambda$new$0(128)) - 78c47ad4-0af2-46b1-bc03-cf5609da7b41@group-B9AF82365587-SegmentedRaftLogWorker: flushIndex: setUnconditionally 0 -> -1
2019-10-21 10:10:09,285 [pool-139-thread-1] INFO  server.RaftServerConfigKeys (ConfUtils.java:logGet(43)) - raft.server.snapshot.auto.trigger.enabled = true (custom)
2019-10-21 10:10:09,285 [pool-139-thread-1] INFO  server.RaftServerConfigKeys (ConfUtils.java:logGet(43)) - raft.server.snapshot.auto.trigger.threshold = 10000 (custom)
2019-10-21 10:10:09,285 [pool-139-thread-1] INFO  server.RaftServerConfigKeys (ConfUtils.java:logGet(43)) - raft.server.snapshot.retention.file.num = 5 (custom)
2019-10-21 10:10:09,285 [pool-139-thread-1] INFO  server.RaftServerConfigKeys (ConfUtils.java:logGet(43)) - raft.server.retrycache.expirytime = 600000ms (custom)
2019-10-21 10:10:09,288 [pool-139-thread-1] INFO  impl.RaftServerImpl (RaftServerImpl.java:start(181)) - 78c47ad4-0af2-46b1-bc03-cf5609da7b41@group-B9AF82365587: start as a follower, conf=-1: [78c47ad4-0af2-46b1-bc03-cf5609da7b41:192.168.34.51:44563], old=null
2019-10-21 10:10:09,288 [pool-139-thread-1] INFO  impl.RaftServerImpl (RaftServerImpl.java:setRole(170)) - 78c47ad4-0af2-46b1-bc03-cf5609da7b41@group-B9AF82365587: changes role from      null to FOLLOWER at term 0 for startAsFollower
2019-10-21 10:10:09,289 [pool-139-thread-1] INFO  impl.RoleInfo (RoleInfo.java:updateAndGet(143)) - 78c47ad4-0af2-46b1-bc03-cf5609da7b41: start FollowerState
2019-10-21 10:10:09,289 [pool-139-thread-1] INFO  util.JmxRegister (JmxRegister.java:tryRegister(44)) - Successfully registered JMX Bean with object name Ratis:service=RaftServer,group=group-B9AF82365587,id=78c47ad4-0af2-46b1-bc03-cf5609da7b41
2019-10-21 10:10:09,295 [RatisPipelineUtilsThread] INFO  pipeline.PipelineStateManager (PipelineStateManager.java:addPipeline(56)) - Created pipeline Pipeline[ Id: 88554ce3-22ef-44ef-941a-b9af82365587, Nodes: 78c47ad4-0af2-46b1-bc03-cf5609da7b41{ip: 192.168.34.51, host: pr-hdds-2291-fkckm-1634098129, networkLocation: /default-rack, certSerialId: null}, Type:RATIS, Factor:ONE, State:OPEN]
2019-10-21 10:10:09,318 [grpc-default-executor-3] INFO  impl.RaftServerProxy (RaftServerProxy.java:addNew(89)) - f8f2a133-6537-47b7-973c-ae1bdc39cdf8: addNew group-F8091CFEDA8C:[78c47ad4-0af2-46b1-bc03-cf5609da7b41:192.168.34.51:44563, 99861a18-d503-4129-9ff7-8353a6232c61:192.168.34.51:35086, f8f2a133-6537-47b7-973c-ae1bdc39cdf8:192.168.34.51:45889] returns group-F8091CFEDA8C:java.util.concurrent.CompletableFuture@6ec0cbfa[Not completed]
2019-10-21 10:10:09,319 [grpc-default-executor-2] INFO  impl.RaftServerProxy (RaftServerProxy.java:addNew(89)) - 78c47ad4-0af2-46b1-bc03-cf5609da7b41: addNew group-F8091CFEDA8C:[78c47ad4-0af2-46b1-bc03-cf5609da7b41:192.168.34.51:44563, 99861a18-d503-4129-9ff7-8353a6232c61:192.168.34.51:35086, f8f2a133-6537-47b7-973c-ae1bdc39cdf8:192.168.34.51:45889] returns group-F8091CFEDA8C:java.util.concurrent.CompletableFuture@67fe2a9e[Not completed]
2019-10-21 10:10:09,319 [grpc-default-executor-5] INFO  impl.RaftServerProxy (RaftServerProxy.java:addNew(89)) - 99861a18-d503-4129-9ff7-8353a6232c61: addNew group-F8091CFEDA8C:[78c47ad4-0af2-46b1-bc03-cf5609da7b41:192.168.34.51:44563, 99861a18-d503-4129-9ff7-8353a6232c61:192.168.34.51:35086, f8f2a133-6537-47b7-973c-ae1bdc39cdf8:192.168.34.51:45889] returns group-F8091CFEDA8C:java.util.concurrent.CompletableFuture@3d5b365b[Not completed]
2019-10-21 10:10:09,320 [pool-129-thread-1] INFO  impl.RaftServerImpl (RaftServerImpl.java:<init>(95)) - f8f2a133-6537-47b7-973c-ae1bdc39cdf8: new RaftServerImpl for group-F8091CFEDA8C:[78c47ad4-0af2-46b1-bc03-cf5609da7b41:192.168.34.51:44563, 99861a18-d503-4129-9ff7-8353a6232c61:192.168.34.51:35086, f8f2a133-6537-47b7-973c-ae1bdc39cdf8:192.168.34.51:45889] with ContainerStateMachine:uninitialized
2019-10-21 10:10:09,321 [pool-129-thread-1] INFO  server.RaftServerConfigKeys (ConfUtils.java:logGet(43)) - raft.server.rpc.timeout.min = 5s (custom)
2019-10-21 10:10:09,321 [pool-129-thread-1] INFO  server.RaftServerConfigKeys (ConfUtils.java:logGet(43)) - raft.server.rpc.timeout.max = 5200ms (custom)
2019-10-21 10:10:09,321 [pool-129-thread-1] INFO  server.RaftServerConfigKeys (ConfUtils.java:logGet(43)) - raft.server.rpcslowness.timeout = 120s (custom)
2019-10-21 10:10:09,321 [pool-119-thread-1] INFO  impl.RaftServerImpl (RaftServerImpl.java:<init>(95)) - 99861a18-d503-4129-9ff7-8353a6232c61: new RaftServerImpl for group-F8091CFEDA8C:[78c47ad4-0af2-46b1-bc03-cf5609da7b41:192.168.34.51:44563, 99861a18-d503-4129-9ff7-8353a6232c61:192.168.34.51:35086, f8f2a133-6537-47b7-973c-ae1bdc39cdf8:192.168.34.51:45889] with ContainerStateMachine:uninitialized
2019-10-21 10:10:09,321 [pool-129-thread-1] INFO  server.RaftServerConfigKeys (ConfUtils.java:logGet(43)) - raft.server.sleep.deviation.threshold = 300 (default)
2019-10-21 10:10:09,321 [pool-119-thread-1] INFO  server.RaftServerConfigKeys (ConfUtils.java:logGet(43)) - raft.server.rpc.timeout.min = 5s (custom)
2019-10-21 10:10:09,321 [pool-129-thread-1] INFO  server.RaftServerConfigKeys (ConfUtils.java:logGet(43)) - raft.server.log.appender.install.snapshot.enabled = false (custom)
2019-10-21 10:10:09,321 [pool-119-thread-1] INFO  server.RaftServerConfigKeys (ConfUtils.java:logGet(43)) - raft.server.rpc.timeout.max = 5200ms (custom)
2019-10-21 10:10:09,322 [pool-129-thread-1] INFO  impl.RaftServerImpl (ServerState.java:<init>(103)) - f8f2a133-6537-47b7-973c-ae1bdc39cdf8@group-F8091CFEDA8C: ConfigurationManager, init=-1: [78c47ad4-0af2-46b1-bc03-cf5609da7b41:192.168.34.51:44563, 99861a18-d503-4129-9ff7-8353a6232c61:192.168.34.51:35086, f8f2a133-6537-47b7-973c-ae1bdc39cdf8:192.168.34.51:45889], old=null, confs=<EMPTY_MAP>
2019-10-21 10:10:09,322 [pool-119-thread-1] INFO  server.RaftServerConfigKeys (ConfUtils.java:logGet(43)) - raft.server.rpcslowness.timeout = 120s (custom)
2019-10-21 10:10:09,322 [pool-129-thread-1] INFO  server.RaftServerConfigKeys (ConfUtils.java:logGet(43)) - raft.server.storage.dir = [/workdir/hadoop-ozone/integration-test/target/test-dir/MiniOzoneClusterImpl-69f13c50-7f04-4373-b728-745ac2dd16f0/datanode-1/data/ratis] (custom)
2019-10-21 10:10:09,322 [pool-119-thread-1] INFO  server.RaftServerConfigKeys (ConfUtils.java:logGet(43)) - raft.server.sleep.deviation.threshold = 300 (default)
2019-10-21 10:10:09,322 [pool-139-thread-1] INFO  impl.RaftServerImpl (RaftServerImpl.java:<init>(95)) - 78c47ad4-0af2-46b1-bc03-cf5609da7b41: new RaftServerImpl for group-F8091CFEDA8C:[78c47ad4-0af2-46b1-bc03-cf5609da7b41:192.168.34.51:44563, 99861a18-d503-4129-9ff7-8353a6232c61:192.168.34.51:35086, f8f2a133-6537-47b7-973c-ae1bdc39cdf8:192.168.34.51:45889] with ContainerStateMachine:uninitialized
2019-10-21 10:10:09,322 [pool-129-thread-1] INFO  server.RaftServerConfigKeys (ConfUtils.java:logGet(43)) - raft.server.log.corruption.policy = EXCEPTION (default)
2019-10-21 10:10:09,322 [pool-119-thread-1] INFO  server.RaftServerConfigKeys (ConfUtils.java:logGet(43)) - raft.server.log.appender.install.snapshot.enabled = false (custom)
2019-10-21 10:10:09,322 [pool-139-thread-1] INFO  server.RaftServerConfigKeys (ConfUtils.java:logGet(43)) - raft.server.rpc.timeout.min = 5s (custom)
2019-10-21 10:10:09,323 [pool-119-thread-1] INFO  impl.RaftServerImpl (ServerState.java:<init>(103)) - 99861a18-d503-4129-9ff7-8353a6232c61@group-F8091CFEDA8C: ConfigurationManager, init=-1: [78c47ad4-0af2-46b1-bc03-cf5609da7b41:192.168.34.51:44563, 99861a18-d503-4129-9ff7-8353a6232c61:192.168.34.51:35086, f8f2a133-6537-47b7-973c-ae1bdc39cdf8:192.168.34.51:45889], old=null, confs=<EMPTY_MAP>
2019-10-21 10:10:09,323 [pool-129-thread-1] INFO  storage.RaftStorageDirectory (RaftStorageDirectory.java:analyzeStorage(246)) - The storage directory /workdir/hadoop-ozone/integration-test/target/test-dir/MiniOzoneClusterImpl-69f13c50-7f04-4373-b728-745ac2dd16f0/datanode-1/data/ratis/96af8349-46f2-4f71-ac67-f8091cfeda8c does not exist. Creating ...
2019-10-21 10:10:09,323 [pool-119-thread-1] INFO  server.RaftServerConfigKeys (ConfUtils.java:logGet(43)) - raft.server.storage.dir = [/workdir/hadoop-ozone/integration-test/target/test-dir/MiniOzoneClusterImpl-69f13c50-7f04-4373-b728-745ac2dd16f0/datanode-0/data/ratis] (custom)
2019-10-21 10:10:09,323 [pool-139-thread-1] INFO  server.RaftServerConfigKeys (ConfUtils.java:logGet(43)) - raft.server.rpc.timeout.max = 5200ms (custom)
2019-10-21 10:10:09,323 [pool-119-thread-1] INFO  server.RaftServerConfigKeys (ConfUtils.java:logGet(43)) - raft.server.log.corruption.policy = EXCEPTION (default)
2019-10-21 10:10:09,323 [pool-139-thread-1] INFO  server.RaftServerConfigKeys (ConfUtils.java:logGet(43)) - raft.server.rpcslowness.timeout = 120s (custom)
2019-10-21 10:10:09,323 [pool-119-thread-1] INFO  storage.RaftStorageDirectory (RaftStorageDirectory.java:analyzeStorage(246)) - The storage directory /workdir/hadoop-ozone/integration-test/target/test-dir/MiniOzoneClusterImpl-69f13c50-7f04-4373-b728-745ac2dd16f0/datanode-0/data/ratis/96af8349-46f2-4f71-ac67-f8091cfeda8c does not exist. Creating ...
2019-10-21 10:10:09,323 [pool-139-thread-1] INFO  server.RaftServerConfigKeys (ConfUtils.java:logGet(43)) - raft.server.sleep.deviation.threshold = 300 (default)
2019-10-21 10:10:09,324 [pool-139-thread-1] INFO  server.RaftServerConfigKeys (ConfUtils.java:logGet(43)) - raft.server.log.appender.install.snapshot.enabled = false (custom)
2019-10-21 10:10:09,324 [pool-139-thread-1] INFO  impl.RaftServerImpl (ServerState.java:<init>(103)) - 78c47ad4-0af2-46b1-bc03-cf5609da7b41@group-F8091CFEDA8C: ConfigurationManager, init=-1: [78c47ad4-0af2-46b1-bc03-cf5609da7b41:192.168.34.51:44563, 99861a18-d503-4129-9ff7-8353a6232c61:192.168.34.51:35086, f8f2a133-6537-47b7-973c-ae1bdc39cdf8:192.168.34.51:45889], old=null, confs=<EMPTY_MAP>
2019-10-21 10:10:09,324 [pool-139-thread-1] INFO  server.RaftServerConfigKeys (ConfUtils.java:logGet(43)) - raft.server.storage.dir = [/workdir/hadoop-ozone/integration-test/target/test-dir/MiniOzoneClusterImpl-69f13c50-7f04-4373-b728-745ac2dd16f0/datanode-2/data/ratis] (custom)
2019-10-21 10:10:09,324 [pool-139-thread-1] INFO  server.RaftServerConfigKeys (ConfUtils.java:logGet(43)) - raft.server.log.corruption.policy = EXCEPTION (default)
2019-10-21 10:10:09,325 [pool-139-thread-1] INFO  storage.RaftStorageDirectory (RaftStorageDirectory.java:analyzeStorage(246)) - The storage directory /workdir/hadoop-ozone/integration-test/target/test-dir/MiniOzoneClusterImpl-69f13c50-7f04-4373-b728-745ac2dd16f0/datanode-2/data/ratis/96af8349-46f2-4f71-ac67-f8091cfeda8c does not exist. Creating ...
2019-10-21 10:10:09,330 [IPC Server handler 6 on 42284] INFO  net.NetworkTopology (NetworkTopologyImpl.java:add(111)) - Added a new node: /default-rack/183955f6-ffa1-4a4f-9222-7d6f75fc44a2
2019-10-21 10:10:09,330 [IPC Server handler 6 on 42284] INFO  node.SCMNodeManager (SCMNodeManager.java:register(268)) - Registered Data node : 183955f6-ffa1-4a4f-9222-7d6f75fc44a2{ip: 192.168.34.51, host: pr-hdds-2291-fkckm-1634098129, networkLocation: /default-rack, certSerialId: null}
2019-10-21 10:10:09,336 [pool-119-thread-1] INFO  storage.RaftStorageDirectory (RaftStorageDirectory.java:tryLock(328)) - Lock on /workdir/hadoop-ozone/integration-test/target/test-dir/MiniOzoneClusterImpl-69f13c50-7f04-4373-b728-745ac2dd16f0/datanode-0/data/ratis/96af8349-46f2-4f71-ac67-f8091cfeda8c/in_use.lock acquired by nodename 16321@pr-hdds-2291-fkckm-1634098129
2019-10-21 10:10:09,336 [pool-139-thread-1] INFO  storage.RaftStorageDirectory (RaftStorageDirectory.java:tryLock(328)) - Lock on /workdir/hadoop-ozone/integration-test/target/test-dir/MiniOzoneClusterImpl-69f13c50-7f04-4373-b728-745ac2dd16f0/datanode-2/data/ratis/96af8349-46f2-4f71-ac67-f8091cfeda8c/in_use.lock acquired by nodename 16321@pr-hdds-2291-fkckm-1634098129
2019-10-21 10:10:09,336 [pool-129-thread-1] INFO  storage.RaftStorageDirectory (RaftStorageDirectory.java:tryLock(328)) - Lock on /workdir/hadoop-ozone/integration-test/target/test-dir/MiniOzoneClusterImpl-69f13c50-7f04-4373-b728-745ac2dd16f0/datanode-1/data/ratis/96af8349-46f2-4f71-ac67-f8091cfeda8c/in_use.lock acquired by nodename 16321@pr-hdds-2291-fkckm-1634098129
2019-10-21 10:10:09,349 [pool-119-thread-1] INFO  storage.RaftStorage (RaftStorage.java:format(84)) - Storage directory /workdir/hadoop-ozone/integration-test/target/test-dir/MiniOzoneClusterImpl-69f13c50-7f04-4373-b728-745ac2dd16f0/datanode-0/data/ratis/96af8349-46f2-4f71-ac67-f8091cfeda8c has been successfully formatted.
2019-10-21 10:10:09,349 [pool-129-thread-1] INFO  storage.RaftStorage (RaftStorage.java:format(84)) - Storage directory /workdir/hadoop-ozone/integration-test/target/test-dir/MiniOzoneClusterImpl-69f13c50-7f04-4373-b728-745ac2dd16f0/datanode-1/data/ratis/96af8349-46f2-4f71-ac67-f8091cfeda8c has been successfully formatted.
2019-10-21 10:10:09,349 [pool-139-thread-1] INFO  storage.RaftStorage (RaftStorage.java:format(84)) - Storage directory /workdir/hadoop-ozone/integration-test/target/test-dir/MiniOzoneClusterImpl-69f13c50-7f04-4373-b728-745ac2dd16f0/datanode-2/data/ratis/96af8349-46f2-4f71-ac67-f8091cfeda8c has been successfully formatted.
2019-10-21 10:10:09,350 [pool-119-thread-1] INFO  ratis.ContainerStateMachine (ContainerStateMachine.java:loadSnapshot(231)) - group-F8091CFEDA8C: The snapshot info is null. Setting the last applied indexto:(t:0, i:~)
2019-10-21 10:10:09,350 [pool-129-thread-1] INFO  ratis.ContainerStateMachine (ContainerStateMachine.java:loadSnapshot(231)) - group-F8091CFEDA8C: The snapshot info is null. Setting the last applied indexto:(t:0, i:~)
2019-10-21 10:10:09,350 [pool-119-thread-1] INFO  server.RaftServerConfigKeys (ConfUtils.java:logGet(43)) - raft.server.notification.no-leader.timeout = 120s (custom)
2019-10-21 10:10:09,350 [pool-139-thread-1] INFO  ratis.ContainerStateMachine (ContainerStateMachine.java:loadSnapshot(231)) - group-F8091CFEDA8C: The snapshot info is null. Setting the last applied indexto:(t:0, i:~)
2019-10-21 10:10:09,350 [pool-119-thread-1] INFO  server.RaftServerConfigKeys (ConfUtils.java:logGet(43)) - raft.server.log.use.memory = false (default)
2019-10-21 10:10:09,350 [pool-129-thread-1] INFO  server.RaftServerConfigKeys (ConfUtils.java:logGet(43)) - raft.server.notification.no-leader.timeout = 120s (custom)
2019-10-21 10:10:09,351 [pool-119-thread-1] INFO  server.RaftServerConfigKeys (ConfUtils.java:logGet(43)) - raft.server.log.purge.gap = 1000000 (custom)
2019-10-21 10:10:09,350 [pool-139-thread-1] INFO  server.RaftServerConfigKeys (ConfUtils.java:logGet(43)) - raft.server.notification.no-leader.timeout = 120s (custom)
2019-10-21 10:10:09,351 [pool-119-thread-1] INFO  server.RaftServerConfigKeys (ConfUtils.java:logGet(43)) - raft.server.log.appender.buffer.byte-limit = 33554432 (custom)
2019-10-21 10:10:09,351 [pool-129-thread-1] INFO  server.RaftServerConfigKeys (ConfUtils.java:logGet(43)) - raft.server.log.use.memory = false (default)
2019-10-21 10:10:09,351 [pool-119-thread-1] INFO  server.RaftServerConfigKeys (ConfUtils.java:logGet(43)) - raft.server.log.segment.size.max = 1048576 (custom)
2019-10-21 10:10:09,351 [pool-139-thread-1] INFO  server.RaftServerConfigKeys (ConfUtils.java:logGet(43)) - raft.server.log.use.memory = false (default)
2019-10-21 10:10:09,351 [pool-119-thread-1] INFO  server.RaftServerConfigKeys (ConfUtils.java:logGet(43)) - raft.server.log.segment.cache.num.max = 2 (custom)
2019-10-21 10:10:09,351 [pool-129-thread-1] INFO  server.RaftServerConfigKeys (ConfUtils.java:logGet(43)) - raft.server.log.purge.gap = 1000000 (custom)
2019-10-21 10:10:09,352 [pool-119-thread-1] INFO  segmented.SegmentedRaftLogWorker (SegmentedRaftLogWorker.java:<init>(173)) - new 99861a18-d503-4129-9ff7-8353a6232c61@group-F8091CFEDA8C-SegmentedRaftLogWorker for RaftStorage:Storage Directory /workdir/hadoop-ozone/integration-test/target/test-dir/MiniOzoneClusterImpl-69f13c50-7f04-4373-b728-745ac2dd16f0/datanode-0/data/ratis/96af8349-46f2-4f71-ac67-f8091cfeda8c
2019-10-21 10:10:09,351 [pool-139-thread-1] INFO  server.RaftServerConfigKeys (ConfUtils.java:logGet(43)) - raft.server.log.purge.gap = 1000000 (custom)
2019-10-21 10:10:09,352 [pool-119-thread-1] INFO  server.RaftServerConfigKeys (ConfUtils.java:logGet(43)) - raft.server.log.queue.byte-limit = 2147483647 (custom)
2019-10-21 10:10:09,352 [pool-129-thread-1] INFO  server.RaftServerConfigKeys (ConfUtils.java:logGet(43)) - raft.server.log.appender.buffer.byte-limit = 33554432 (custom)
2019-10-21 10:10:09,352 [pool-119-thread-1] INFO  server.RaftServerConfigKeys (ConfUtils.java:logGet(43)) - raft.server.log.queue.element-limit = 1024 (custom)
2019-10-21 10:10:09,352 [pool-139-thread-1] INFO  server.RaftServerConfigKeys (ConfUtils.java:logGet(43)) - raft.server.log.appender.buffer.byte-limit = 33554432 (custom)
2019-10-21 10:10:09,352 [pool-119-thread-1] INFO  server.RaftServerConfigKeys (ConfUtils.java:logGet(43)) - raft.server.log.segment.size.max = 1048576 (custom)
2019-10-21 10:10:09,352 [pool-129-thread-1] INFO  server.RaftServerConfigKeys (ConfUtils.java:logGet(43)) - raft.server.log.segment.size.max = 1048576 (custom)
2019-10-21 10:10:09,353 [pool-119-thread-1] INFO  server.RaftServerConfigKeys (ConfUtils.java:logGet(43)) - raft.server.log.preallocated.size = 16384 (custom)
2019-10-21 10:10:09,352 [pool-139-thread-1] INFO  server.RaftServerConfigKeys (ConfUtils.java:logGet(43)) - raft.server.log.segment.size.max = 1048576 (custom)
2019-10-21 10:10:09,353 [pool-119-thread-1] INFO  server.RaftServerConfigKeys (ConfUtils.java:logGet(43)) - raft.server.log.write.buffer.size = 33554432 (custom)
2019-10-21 10:10:09,353 [pool-129-thread-1] INFO  server.RaftServerConfigKeys (ConfUtils.java:logGet(43)) - raft.server.log.segment.cache.num.max = 2 (custom)
2019-10-21 10:10:09,353 [pool-119-thread-1] INFO  server.RaftServerConfigKeys (ConfUtils.java:logGet(43)) - raft.server.log.force.sync.num = 128 (default)
2019-10-21 10:10:09,353 [pool-139-thread-1] INFO  server.RaftServerConfigKeys (ConfUtils.java:logGet(43)) - raft.server.log.segment.cache.num.max = 2 (custom)
2019-10-21 10:10:09,353 [pool-119-thread-1] INFO  server.RaftServerConfigKeys (ConfUtils.java:logGet(43)) - raft.server.log.statemachine.data.sync = true (default)
2019-10-21 10:10:09,353 [pool-129-thread-1] INFO  segmented.SegmentedRaftLogWorker (SegmentedRaftLogWorker.java:<init>(173)) - new f8f2a133-6537-47b7-973c-ae1bdc39cdf8@group-F8091CFEDA8C-SegmentedRaftLogWorker for RaftStorage:Storage Directory /workdir/hadoop-ozone/integration-test/target/test-dir/MiniOzoneClusterImpl-69f13c50-7f04-4373-b728-745ac2dd16f0/datanode-1/data/ratis/96af8349-46f2-4f71-ac67-f8091cfeda8c
2019-10-21 10:10:09,354 [pool-119-thread-1] INFO  server.RaftServerConfigKeys (ConfUtils.java:logGet(43)) - raft.server.log.statemachine.data.sync.timeout = 10s (default)
2019-10-21 10:10:09,353 [pool-139-thread-1] INFO  segmented.SegmentedRaftLogWorker (SegmentedRaftLogWorker.java:<init>(173)) - new 78c47ad4-0af2-46b1-bc03-cf5609da7b41@group-F8091CFEDA8C-SegmentedRaftLogWorker for RaftStorage:Storage Directory /workdir/hadoop-ozone/integration-test/target/test-dir/MiniOzoneClusterImpl-69f13c50-7f04-4373-b728-745ac2dd16f0/datanode-2/data/ratis/96af8349-46f2-4f71-ac67-f8091cfeda8c
2019-10-21 10:10:09,354 [pool-119-thread-1] INFO  server.RaftServerConfigKeys (ConfUtils.java:logGet(43)) - raft.server.log.statemachine.data.sync.timeout.retry = -1 (default)
2019-10-21 10:10:09,354 [pool-129-thread-1] INFO  server.RaftServerConfigKeys (ConfUtils.java:logGet(43)) - raft.server.log.queue.byte-limit = 2147483647 (custom)
2019-10-21 10:10:09,354 [pool-119-thread-1] INFO  server.RaftServerConfigKeys (ConfUtils.java:logGet(43)) - raft.server.log.statemachine.data.caching.enabled = true (custom)
2019-10-21 10:10:09,354 [pool-139-thread-1] INFO  server.RaftServerConfigKeys (ConfUtils.java:logGet(43)) - raft.server.log.queue.byte-limit = 2147483647 (custom)
2019-10-21 10:10:09,354 [pool-129-thread-1] INFO  server.RaftServerConfigKeys (ConfUtils.java:logGet(43)) - raft.server.log.queue.element-limit = 1024 (custom)
2019-10-21 10:10:09,355 [pool-119-thread-1] INFO  segmented.SegmentedRaftLogWorker (SegmentedRaftLogWorker.java:lambda$new$0(128)) - 99861a18-d503-4129-9ff7-8353a6232c61@group-F8091CFEDA8C-SegmentedRaftLogWorker: flushIndex: setUnconditionally 0 -> -1
2019-10-21 10:10:09,355 [pool-139-thread-1] INFO  server.RaftServerConfigKeys (ConfUtils.java:logGet(43)) - raft.server.log.queue.element-limit = 1024 (custom)
2019-10-21 10:10:09,355 [pool-129-thread-1] INFO  server.RaftServerConfigKeys (ConfUtils.java:logGet(43)) - raft.server.log.segment.size.max = 1048576 (custom)
2019-10-21 10:10:09,355 [pool-139-thread-1] INFO  server.RaftServerConfigKeys (ConfUtils.java:logGet(43)) - raft.server.log.segment.size.max = 1048576 (custom)
2019-10-21 10:10:09,355 [pool-119-thread-1] INFO  server.RaftServerConfigKeys (ConfUtils.java:logGet(43)) - raft.server.snapshot.auto.trigger.enabled = true (custom)
2019-10-21 10:10:09,355 [pool-139-thread-1] INFO  server.RaftServerConfigKeys (ConfUtils.java:logGet(43)) - raft.server.log.preallocated.size = 16384 (custom)
2019-10-21 10:10:09,355 [pool-129-thread-1] INFO  server.RaftServerConfigKeys (ConfUtils.java:logGet(43)) - raft.server.log.preallocated.size = 16384 (custom)
2019-10-21 10:10:09,356 [pool-139-thread-1] INFO  server.RaftServerConfigKeys (ConfUtils.java:logGet(43)) - raft.server.log.write.buffer.size = 33554432 (custom)
2019-10-21 10:10:09,355 [pool-119-thread-1] INFO  server.RaftServerConfigKeys (ConfUtils.java:logGet(43)) - raft.server.snapshot.auto.trigger.threshold = 10000 (custom)
2019-10-21 10:10:09,356 [pool-139-thread-1] INFO  server.RaftServerConfigKeys (ConfUtils.java:logGet(43)) - raft.server.log.force.sync.num = 128 (default)
2019-10-21 10:10:09,356 [pool-129-thread-1] INFO  server.RaftServerConfigKeys (ConfUtils.java:logGet(43)) - raft.server.log.write.buffer.size = 33554432 (custom)
2019-10-21 10:10:09,356 [pool-139-thread-1] INFO  server.RaftServerConfigKeys (ConfUtils.java:logGet(43)) - raft.server.log.statemachine.data.sync = true (default)
2019-10-21 10:10:09,356 [pool-119-thread-1] INFO  server.RaftServerConfigKeys (ConfUtils.java:logGet(43)) - raft.server.snapshot.retention.file.num = 5 (custom)
2019-10-21 10:10:09,356 [pool-139-thread-1] INFO  server.RaftServerConfigKeys (ConfUtils.java:logGet(43)) - raft.server.log.statemachine.data.sync.timeout = 10s (default)
2019-10-21 10:10:09,357 [pool-139-thread-1] INFO  server.RaftServerConfigKeys (ConfUtils.java:logGet(43)) - raft.server.log.statemachine.data.sync.timeout.retry = -1 (default)
2019-10-21 10:10:09,356 [pool-129-thread-1] INFO  server.RaftServerConfigKeys (ConfUtils.java:logGet(43)) - raft.server.log.force.sync.num = 128 (default)
2019-10-21 10:10:09,357 [pool-139-thread-1] INFO  server.RaftServerConfigKeys (ConfUtils.java:logGet(43)) - raft.server.log.statemachine.data.caching.enabled = true (custom)
2019-10-21 10:10:09,357 [pool-119-thread-1] INFO  server.RaftServerConfigKeys (ConfUtils.java:logGet(43)) - raft.server.retrycache.expirytime = 600000ms (custom)
2019-10-21 10:10:09,357 [pool-129-thread-1] INFO  server.RaftServerConfigKeys (ConfUtils.java:logGet(43)) - raft.server.log.statemachine.data.sync = true (default)
2019-10-21 10:10:09,357 [pool-139-thread-1] INFO  segmented.SegmentedRaftLogWorker (SegmentedRaftLogWorker.java:lambda$new$0(128)) - 78c47ad4-0af2-46b1-bc03-cf5609da7b41@group-F8091CFEDA8C-SegmentedRaftLogWorker: flushIndex: setUnconditionally 0 -> -1
2019-10-21 10:10:09,357 [pool-129-thread-1] INFO  server.RaftServerConfigKeys (ConfUtils.java:logGet(43)) - raft.server.log.statemachine.data.sync.timeout = 10s (default)
2019-10-21 10:10:09,358 [pool-129-thread-1] INFO  server.RaftServerConfigKeys (ConfUtils.java:logGet(43)) - raft.server.log.statemachine.data.sync.timeout.retry = -1 (default)
2019-10-21 10:10:09,358 [pool-139-thread-1] INFO  server.RaftServerConfigKeys (ConfUtils.java:logGet(43)) - raft.server.snapshot.auto.trigger.enabled = true (custom)
2019-10-21 10:10:09,358 [pool-129-thread-1] INFO  server.RaftServerConfigKeys (ConfUtils.java:logGet(43)) - raft.server.log.statemachine.data.caching.enabled = true (custom)
2019-10-21 10:10:09,358 [pool-139-thread-1] INFO  server.RaftServerConfigKeys (ConfUtils.java:logGet(43)) - raft.server.snapshot.auto.trigger.threshold = 10000 (custom)
2019-10-21 10:10:09,358 [pool-139-thread-1] INFO  server.RaftServerConfigKeys (ConfUtils.java:logGet(43)) - raft.server.snapshot.retention.file.num = 5 (custom)
2019-10-21 10:10:09,358 [pool-129-thread-1] INFO  segmented.SegmentedRaftLogWorker (SegmentedRaftLogWorker.java:lambda$new$0(128)) - f8f2a133-6537-47b7-973c-ae1bdc39cdf8@group-F8091CFEDA8C-SegmentedRaftLogWorker: flushIndex: setUnconditionally 0 -> -1
2019-10-21 10:10:09,358 [pool-139-thread-1] INFO  server.RaftServerConfigKeys (ConfUtils.java:logGet(43)) - raft.server.retrycache.expirytime = 600000ms (custom)
2019-10-21 10:10:09,359 [pool-129-thread-1] INFO  server.RaftServerConfigKeys (ConfUtils.java:logGet(43)) - raft.server.snapshot.auto.trigger.enabled = true (custom)
2019-10-21 10:10:09,359 [pool-129-thread-1] INFO  server.RaftServerConfigKeys (ConfUtils.java:logGet(43)) - raft.server.snapshot.auto.trigger.threshold = 10000 (custom)
2019-10-21 10:10:09,359 [pool-129-thread-1] INFO  server.RaftServerConfigKeys (ConfUtils.java:logGet(43)) - raft.server.snapshot.retention.file.num = 5 (custom)
2019-10-21 10:10:09,359 [pool-129-thread-1] INFO  server.RaftServerConfigKeys (ConfUtils.java:logGet(43)) - raft.server.retrycache.expirytime = 600000ms (custom)
2019-10-21 10:10:09,360 [pool-119-thread-1] INFO  impl.RaftServerImpl (RaftServerImpl.java:start(181)) - 99861a18-d503-4129-9ff7-8353a6232c61@group-F8091CFEDA8C: start as a follower, conf=-1: [78c47ad4-0af2-46b1-bc03-cf5609da7b41:192.168.34.51:44563, 99861a18-d503-4129-9ff7-8353a6232c61:192.168.34.51:35086, f8f2a133-6537-47b7-973c-ae1bdc39cdf8:192.168.34.51:45889], old=null
2019-10-21 10:10:09,360 [pool-119-thread-1] INFO  impl.RaftServerImpl (RaftServerImpl.java:setRole(170)) - 99861a18-d503-4129-9ff7-8353a6232c61@group-F8091CFEDA8C: changes role from      null to FOLLOWER at term 0 for startAsFollower
2019-10-21 10:10:09,360 [pool-119-thread-1] INFO  impl.RoleInfo (RoleInfo.java:updateAndGet(143)) - 99861a18-d503-4129-9ff7-8353a6232c61: start FollowerState
2019-10-21 10:10:09,369 [pool-119-thread-1] INFO  util.JmxRegister (JmxRegister.java:tryRegister(44)) - Successfully registered JMX Bean with object name Ratis:service=RaftServer,group=group-F8091CFEDA8C,id=99861a18-d503-4129-9ff7-8353a6232c61
2019-10-21 10:10:09,371 [pool-139-thread-1] INFO  impl.RaftServerImpl (RaftServerImpl.java:start(181)) - 78c47ad4-0af2-46b1-bc03-cf5609da7b41@group-F8091CFEDA8C: start as a follower, conf=-1: [78c47ad4-0af2-46b1-bc03-cf5609da7b41:192.168.34.51:44563, 99861a18-d503-4129-9ff7-8353a6232c61:192.168.34.51:35086, f8f2a133-6537-47b7-973c-ae1bdc39cdf8:192.168.34.51:45889], old=null
2019-10-21 10:10:09,371 [pool-139-thread-1] INFO  impl.RaftServerImpl (RaftServerImpl.java:setRole(170)) - 78c47ad4-0af2-46b1-bc03-cf5609da7b41@group-F8091CFEDA8C: changes role from      null to FOLLOWER at term 0 for startAsFollower
2019-10-21 10:10:09,371 [pool-139-thread-1] INFO  impl.RoleInfo (RoleInfo.java:updateAndGet(143)) - 78c47ad4-0af2-46b1-bc03-cf5609da7b41: start FollowerState
2019-10-21 10:10:09,372 [pool-139-thread-1] INFO  util.JmxRegister (JmxRegister.java:tryRegister(44)) - Successfully registered JMX Bean with object name Ratis:service=RaftServer,group=group-F8091CFEDA8C,id=78c47ad4-0af2-46b1-bc03-cf5609da7b41
2019-10-21 10:10:09,372 [pool-129-thread-1] INFO  impl.RaftServerImpl (RaftServerImpl.java:start(181)) - f8f2a133-6537-47b7-973c-ae1bdc39cdf8@group-F8091CFEDA8C: start as a follower, conf=-1: [78c47ad4-0af2-46b1-bc03-cf5609da7b41:192.168.34.51:44563, 99861a18-d503-4129-9ff7-8353a6232c61:192.168.34.51:35086, f8f2a133-6537-47b7-973c-ae1bdc39cdf8:192.168.34.51:45889], old=null
2019-10-21 10:10:09,485 [pool-129-thread-1] INFO  impl.RaftServerImpl (RaftServerImpl.java:setRole(170)) - f8f2a133-6537-47b7-973c-ae1bdc39cdf8@group-F8091CFEDA8C: changes role from      null to FOLLOWER at term 0 for startAsFollower
2019-10-21 10:10:09,493 [pool-129-thread-1] INFO  impl.RoleInfo (RoleInfo.java:updateAndGet(143)) - f8f2a133-6537-47b7-973c-ae1bdc39cdf8: start FollowerState
2019-10-21 10:10:09,523 [pool-129-thread-1] INFO  util.JmxRegister (JmxRegister.java:tryRegister(44)) - Successfully registered JMX Bean with object name Ratis:service=RaftServer,group=group-F8091CFEDA8C,id=f8f2a133-6537-47b7-973c-ae1bdc39cdf8
2019-10-21 10:10:09,593 [main] INFO  ozone.MiniOzoneClusterImpl (MiniOzoneClusterImpl.java:lambda$waitForClusterToBeReady$0(147)) - Waiting for cluster to be ready. Got 4 of 7 DN Heartbeats.
2019-10-21 10:10:09,593 [IPC Server handler 7 on 42284] INFO  net.NetworkTopology (NetworkTopologyImpl.java:add(111)) - Added a new node: /default-rack/6775f5da-69cc-4f6e-9afd-b6c7beb51fd2
2019-10-21 10:10:09,593 [IPC Server handler 4 on 42284] INFO  net.NetworkTopology (NetworkTopologyImpl.java:add(111)) - Added a new node: /default-rack/84bf4c90-c2f5-4380-90c5-906b206bfed6
2019-10-21 10:10:09,600 [IPC Server handler 7 on 42284] INFO  node.SCMNodeManager (SCMNodeManager.java:register(268)) - Registered Data node : 6775f5da-69cc-4f6e-9afd-b6c7beb51fd2{ip: 192.168.34.51, host: pr-hdds-2291-fkckm-1634098129, networkLocation: /default-rack, certSerialId: null}
2019-10-21 10:10:09,600 [IPC Server handler 2 on 42284] INFO  net.NetworkTopology (NetworkTopologyImpl.java:add(111)) - Added a new node: /default-rack/fa3142a2-adde-46b7-a2ef-9df891d79902
2019-10-21 10:10:09,600 [IPC Server handler 4 on 42284] INFO  node.SCMNodeManager (SCMNodeManager.java:register(268)) - Registered Data node : 84bf4c90-c2f5-4380-90c5-906b206bfed6{ip: 192.168.34.51, host: pr-hdds-2291-fkckm-1634098129, networkLocation: /default-rack, certSerialId: null}
2019-10-21 10:10:09,601 [IPC Server handler 2 on 42284] INFO  node.SCMNodeManager (SCMNodeManager.java:register(268)) - Registered Data node : fa3142a2-adde-46b7-a2ef-9df891d79902{ip: 192.168.34.51, host: pr-hdds-2291-fkckm-1634098129, networkLocation: /default-rack, certSerialId: null}
2019-10-21 10:10:09,648 [RatisPipelineUtilsThread] INFO  pipeline.PipelineStateManager (PipelineStateManager.java:addPipeline(56)) - Created pipeline Pipeline[ Id: 96af8349-46f2-4f71-ac67-f8091cfeda8c, Nodes: 99861a18-d503-4129-9ff7-8353a6232c61{ip: 192.168.34.51, host: pr-hdds-2291-fkckm-1634098129, networkLocation: /default-rack, certSerialId: null}f8f2a133-6537-47b7-973c-ae1bdc39cdf8{ip: 192.168.34.51, host: pr-hdds-2291-fkckm-1634098129, networkLocation: /default-rack, certSerialId: null}78c47ad4-0af2-46b1-bc03-cf5609da7b41{ip: 192.168.34.51, host: pr-hdds-2291-fkckm-1634098129, networkLocation: /default-rack, certSerialId: null}, Type:RATIS, Factor:THREE, State:OPEN]
2019-10-21 10:10:09,663 [grpc-default-executor-3] INFO  impl.RaftServerProxy (RaftServerProxy.java:addNew(89)) - 183955f6-ffa1-4a4f-9222-7d6f75fc44a2: addNew group-4AC76B4F540C:[fa3142a2-adde-46b7-a2ef-9df891d79902:192.168.34.51:46444, 183955f6-ffa1-4a4f-9222-7d6f75fc44a2:192.168.34.51:33782, 6775f5da-69cc-4f6e-9afd-b6c7beb51fd2:192.168.34.51:35914] returns group-4AC76B4F540C:java.util.concurrent.CompletableFuture@256e2940[Not completed]
2019-10-21 10:10:09,663 [grpc-default-executor-2] INFO  impl.RaftServerProxy (RaftServerProxy.java:addNew(89)) - fa3142a2-adde-46b7-a2ef-9df891d79902: addNew group-4AC76B4F540C:[fa3142a2-adde-46b7-a2ef-9df891d79902:192.168.34.51:46444, 183955f6-ffa1-4a4f-9222-7d6f75fc44a2:192.168.34.51:33782, 6775f5da-69cc-4f6e-9afd-b6c7beb51fd2:192.168.34.51:35914] returns group-4AC76B4F540C:java.util.concurrent.CompletableFuture@6e648d07[Not completed]
2019-10-21 10:10:09,669 [grpc-default-executor-5] INFO  impl.RaftServerProxy (RaftServerProxy.java:addNew(89)) - 6775f5da-69cc-4f6e-9afd-b6c7beb51fd2: addNew group-4AC76B4F540C:[fa3142a2-adde-46b7-a2ef-9df891d79902:192.168.34.51:46444, 183955f6-ffa1-4a4f-9222-7d6f75fc44a2:192.168.34.51:33782, 6775f5da-69cc-4f6e-9afd-b6c7beb51fd2:192.168.34.51:35914] returns group-4AC76B4F540C:java.util.concurrent.CompletableFuture@19144848[Not completed]
2019-10-21 10:10:09,674 [pool-149-thread-1] INFO  impl.RaftServerImpl (RaftServerImpl.java:<init>(95)) - 183955f6-ffa1-4a4f-9222-7d6f75fc44a2: new RaftServerImpl for group-4AC76B4F540C:[fa3142a2-adde-46b7-a2ef-9df891d79902:192.168.34.51:46444, 183955f6-ffa1-4a4f-9222-7d6f75fc44a2:192.168.34.51:33782, 6775f5da-69cc-4f6e-9afd-b6c7beb51fd2:192.168.34.51:35914] with ContainerStateMachine:uninitialized
2019-10-21 10:10:09,674 [pool-149-thread-1] INFO  server.RaftServerConfigKeys (ConfUtils.java:logGet(43)) - raft.server.rpc.timeout.min = 5s (custom)
2019-10-21 10:10:09,674 [pool-149-thread-1] INFO  server.RaftServerConfigKeys (ConfUtils.java:logGet(43)) - raft.server.rpc.timeout.max = 5200ms (custom)
2019-10-21 10:10:09,674 [pool-149-thread-1] INFO  server.RaftServerConfigKeys (ConfUtils.java:logGet(43)) - raft.server.rpcslowness.timeout = 120s (custom)
2019-10-21 10:10:09,674 [pool-149-thread-1] INFO  server.RaftServerConfigKeys (ConfUtils.java:logGet(43)) - raft.server.sleep.deviation.threshold = 300 (default)
2019-10-21 10:10:09,675 [pool-149-thread-1] INFO  server.RaftServerConfigKeys (ConfUtils.java:logGet(43)) - raft.server.log.appender.install.snapshot.enabled = false (custom)
2019-10-21 10:10:09,675 [pool-149-thread-1] INFO  impl.RaftServerImpl (ServerState.java:<init>(103)) - 183955f6-ffa1-4a4f-9222-7d6f75fc44a2@group-4AC76B4F540C: ConfigurationManager, init=-1: [fa3142a2-adde-46b7-a2ef-9df891d79902:192.168.34.51:46444, 183955f6-ffa1-4a4f-9222-7d6f75fc44a2:192.168.34.51:33782, 6775f5da-69cc-4f6e-9afd-b6c7beb51fd2:192.168.34.51:35914], old=null, confs=<EMPTY_MAP>
2019-10-21 10:10:09,677 [pool-159-thread-1] INFO  impl.RaftServerImpl (RaftServerImpl.java:<init>(95)) - 6775f5da-69cc-4f6e-9afd-b6c7beb51fd2: new RaftServerImpl for group-4AC76B4F540C:[fa3142a2-adde-46b7-a2ef-9df891d79902:192.168.34.51:46444, 183955f6-ffa1-4a4f-9222-7d6f75fc44a2:192.168.34.51:33782, 6775f5da-69cc-4f6e-9afd-b6c7beb51fd2:192.168.34.51:35914] with ContainerStateMachine:uninitialized
2019-10-21 10:10:09,677 [pool-149-thread-1] INFO  server.RaftServerConfigKeys (ConfUtils.java:logGet(43)) - raft.server.storage.dir = [/workdir/hadoop-ozone/integration-test/target/test-dir/MiniOzoneClusterImpl-69f13c50-7f04-4373-b728-745ac2dd16f0/datanode-3/data/ratis] (custom)
2019-10-21 10:10:09,677 [pool-159-thread-1] INFO  server.RaftServerConfigKeys (ConfUtils.java:logGet(43)) - raft.server.rpc.timeout.min = 5s (custom)
2019-10-21 10:10:09,677 [pool-149-thread-1] INFO  server.RaftServerConfigKeys (ConfUtils.java:logGet(43)) - raft.server.log.corruption.policy = EXCEPTION (default)
2019-10-21 10:10:09,677 [pool-159-thread-1] INFO  server.RaftServerConfigKeys (ConfUtils.java:logGet(43)) - raft.server.rpc.timeout.max = 5200ms (custom)
2019-10-21 10:10:09,678 [pool-149-thread-1] INFO  storage.RaftStorageDirectory (RaftStorageDirectory.java:analyzeStorage(246)) - The storage directory /workdir/hadoop-ozone/integration-test/target/test-dir/MiniOzoneClusterImpl-69f13c50-7f04-4373-b728-745ac2dd16f0/datanode-3/data/ratis/5a881099-1ebb-4e65-b172-4ac76b4f540c does not exist. Creating ...
2019-10-21 10:10:09,680 [pool-179-thread-1] INFO  impl.RaftServerImpl (RaftServerImpl.java:<init>(95)) - fa3142a2-adde-46b7-a2ef-9df891d79902: new RaftServerImpl for group-4AC76B4F540C:[fa3142a2-adde-46b7-a2ef-9df891d79902:192.168.34.51:46444, 183955f6-ffa1-4a4f-9222-7d6f75fc44a2:192.168.34.51:33782, 6775f5da-69cc-4f6e-9afd-b6c7beb51fd2:192.168.34.51:35914] with ContainerStateMachine:uninitialized
2019-10-21 10:10:09,678 [pool-159-thread-1] INFO  server.RaftServerConfigKeys (ConfUtils.java:logGet(43)) - raft.server.rpcslowness.timeout = 120s (custom)
2019-10-21 10:10:09,680 [pool-179-thread-1] INFO  server.RaftServerConfigKeys (ConfUtils.java:logGet(43)) - raft.server.rpc.timeout.min = 5s (custom)
2019-10-21 10:10:09,680 [pool-159-thread-1] INFO  server.RaftServerConfigKeys (ConfUtils.java:logGet(43)) - raft.server.sleep.deviation.threshold = 300 (default)
2019-10-21 10:10:09,680 [pool-179-thread-1] INFO  server.RaftServerConfigKeys (ConfUtils.java:logGet(43)) - raft.server.rpc.timeout.max = 5200ms (custom)
2019-10-21 10:10:09,680 [pool-179-thread-1] INFO  server.RaftServerConfigKeys (ConfUtils.java:logGet(43)) - raft.server.rpcslowness.timeout = 120s (custom)
2019-10-21 10:10:09,680 [pool-159-thread-1] INFO  server.RaftServerConfigKeys (ConfUtils.java:logGet(43)) - raft.server.log.appender.install.snapshot.enabled = false (custom)
2019-10-21 10:10:09,681 [pool-179-thread-1] INFO  server.RaftServerConfigKeys (ConfUtils.java:logGet(43)) - raft.server.sleep.deviation.threshold = 300 (default)
2019-10-21 10:10:09,681 [pool-159-thread-1] INFO  impl.RaftServerImpl (ServerState.java:<init>(103)) - 6775f5da-69cc-4f6e-9afd-b6c7beb51fd2@group-4AC76B4F540C: ConfigurationManager, init=-1: [fa3142a2-adde-46b7-a2ef-9df891d79902:192.168.34.51:46444, 183955f6-ffa1-4a4f-9222-7d6f75fc44a2:192.168.34.51:33782, 6775f5da-69cc-4f6e-9afd-b6c7beb51fd2:192.168.34.51:35914], old=null, confs=<EMPTY_MAP>
2019-10-21 10:10:09,681 [pool-179-thread-1] INFO  server.RaftServerConfigKeys (ConfUtils.java:logGet(43)) - raft.server.log.appender.install.snapshot.enabled = false (custom)
2019-10-21 10:10:09,681 [pool-159-thread-1] INFO  server.RaftServerConfigKeys (ConfUtils.java:logGet(43)) - raft.server.storage.dir = [/workdir/hadoop-ozone/integration-test/target/test-dir/MiniOzoneClusterImpl-69f13c50-7f04-4373-b728-745ac2dd16f0/datanode-4/data/ratis] (custom)
2019-10-21 10:10:09,681 [pool-179-thread-1] INFO  impl.RaftServerImpl (ServerState.java:<init>(103)) - fa3142a2-adde-46b7-a2ef-9df891d79902@group-4AC76B4F540C: ConfigurationManager, init=-1: [fa3142a2-adde-46b7-a2ef-9df891d79902:192.168.34.51:46444, 183955f6-ffa1-4a4f-9222-7d6f75fc44a2:192.168.34.51:33782, 6775f5da-69cc-4f6e-9afd-b6c7beb51fd2:192.168.34.51:35914], old=null, confs=<EMPTY_MAP>
2019-10-21 10:10:09,681 [pool-159-thread-1] INFO  server.RaftServerConfigKeys (ConfUtils.java:logGet(43)) - raft.server.log.corruption.policy = EXCEPTION (default)
2019-10-21 10:10:09,681 [pool-179-thread-1] INFO  server.RaftServerConfigKeys (ConfUtils.java:logGet(43)) - raft.server.storage.dir = [/workdir/hadoop-ozone/integration-test/target/test-dir/MiniOzoneClusterImpl-69f13c50-7f04-4373-b728-745ac2dd16f0/datanode-6/data/ratis] (custom)
2019-10-21 10:10:09,682 [pool-159-thread-1] INFO  storage.RaftStorageDirectory (RaftStorageDirectory.java:analyzeStorage(246)) - The storage directory /workdir/hadoop-ozone/integration-test/target/test-dir/MiniOzoneClusterImpl-69f13c50-7f04-4373-b728-745ac2dd16f0/datanode-4/data/ratis/5a881099-1ebb-4e65-b172-4ac76b4f540c does not exist. Creating ...
2019-10-21 10:10:09,682 [pool-179-thread-1] INFO  server.RaftServerConfigKeys (ConfUtils.java:logGet(43)) - raft.server.log.corruption.policy = EXCEPTION (default)
2019-10-21 10:10:09,682 [pool-179-thread-1] INFO  storage.RaftStorageDirectory (RaftStorageDirectory.java:analyzeStorage(246)) - The storage directory /workdir/hadoop-ozone/integration-test/target/test-dir/MiniOzoneClusterImpl-69f13c50-7f04-4373-b728-745ac2dd16f0/datanode-6/data/ratis/5a881099-1ebb-4e65-b172-4ac76b4f540c does not exist. Creating ...
2019-10-21 10:10:09,694 [pool-159-thread-1] INFO  storage.RaftStorageDirectory (RaftStorageDirectory.java:tryLock(328)) - Lock on /workdir/hadoop-ozone/integration-test/target/test-dir/MiniOzoneClusterImpl-69f13c50-7f04-4373-b728-745ac2dd16f0/datanode-4/data/ratis/5a881099-1ebb-4e65-b172-4ac76b4f540c/in_use.lock acquired by nodename 16321@pr-hdds-2291-fkckm-1634098129
2019-10-21 10:10:09,694 [pool-179-thread-1] INFO  storage.RaftStorageDirectory (RaftStorageDirectory.java:tryLock(328)) - Lock on /workdir/hadoop-ozone/integration-test/target/test-dir/MiniOzoneClusterImpl-69f13c50-7f04-4373-b728-745ac2dd16f0/datanode-6/data/ratis/5a881099-1ebb-4e65-b172-4ac76b4f540c/in_use.lock acquired by nodename 16321@pr-hdds-2291-fkckm-1634098129
2019-10-21 10:10:09,694 [pool-149-thread-1] INFO  storage.RaftStorageDirectory (RaftStorageDirectory.java:tryLock(328)) - Lock on /workdir/hadoop-ozone/integration-test/target/test-dir/MiniOzoneClusterImpl-69f13c50-7f04-4373-b728-745ac2dd16f0/datanode-3/data/ratis/5a881099-1ebb-4e65-b172-4ac76b4f540c/in_use.lock acquired by nodename 16321@pr-hdds-2291-fkckm-1634098129
2019-10-21 10:10:09,712 [pool-159-thread-1] INFO  storage.RaftStorage (RaftStorage.java:format(84)) - Storage directory /workdir/hadoop-ozone/integration-test/target/test-dir/MiniOzoneClusterImpl-69f13c50-7f04-4373-b728-745ac2dd16f0/datanode-4/data/ratis/5a881099-1ebb-4e65-b172-4ac76b4f540c has been successfully formatted.
2019-10-21 10:10:09,712 [pool-149-thread-1] INFO  storage.RaftStorage (RaftStorage.java:format(84)) - Storage directory /workdir/hadoop-ozone/integration-test/target/test-dir/MiniOzoneClusterImpl-69f13c50-7f04-4373-b728-745ac2dd16f0/datanode-3/data/ratis/5a881099-1ebb-4e65-b172-4ac76b4f540c has been successfully formatted.
2019-10-21 10:10:09,712 [pool-179-thread-1] INFO  storage.RaftStorage (RaftStorage.java:format(84)) - Storage directory /workdir/hadoop-ozone/integration-test/target/test-dir/MiniOzoneClusterImpl-69f13c50-7f04-4373-b728-745ac2dd16f0/datanode-6/data/ratis/5a881099-1ebb-4e65-b172-4ac76b4f540c has been successfully formatted.
2019-10-21 10:10:09,712 [pool-159-thread-1] INFO  ratis.ContainerStateMachine (ContainerStateMachine.java:loadSnapshot(231)) - group-4AC76B4F540C: The snapshot info is null. Setting the last applied indexto:(t:0, i:~)
2019-10-21 10:10:09,712 [pool-179-thread-1] INFO  ratis.ContainerStateMachine (ContainerStateMachine.java:loadSnapshot(231)) - group-4AC76B4F540C: The snapshot info is null. Setting the last applied indexto:(t:0, i:~)
2019-10-21 10:10:09,712 [pool-149-thread-1] INFO  ratis.ContainerStateMachine (ContainerStateMachine.java:loadSnapshot(231)) - group-4AC76B4F540C: The snapshot info is null. Setting the last applied indexto:(t:0, i:~)
2019-10-21 10:10:09,712 [pool-179-thread-1] INFO  server.RaftServerConfigKeys (ConfUtils.java:logGet(43)) - raft.server.notification.no-leader.timeout = 120s (custom)
2019-10-21 10:10:09,712 [pool-159-thread-1] INFO  server.RaftServerConfigKeys (ConfUtils.java:logGet(43)) - raft.server.notification.no-leader.timeout = 120s (custom)
2019-10-21 10:10:09,713 [pool-179-thread-1] INFO  server.RaftServerConfigKeys (ConfUtils.java:logGet(43)) - raft.server.log.use.memory = false (default)
2019-10-21 10:10:09,713 [pool-149-thread-1] INFO  server.RaftServerConfigKeys (ConfUtils.java:logGet(43)) - raft.server.notification.no-leader.timeout = 120s (custom)
2019-10-21 10:10:09,713 [pool-179-thread-1] INFO  server.RaftServerConfigKeys (ConfUtils.java:logGet(43)) - raft.server.log.purge.gap = 1000000 (custom)
2019-10-21 10:10:09,713 [pool-159-thread-1] INFO  server.RaftServerConfigKeys (ConfUtils.java:logGet(43)) - raft.server.log.use.memory = false (default)
2019-10-21 10:10:09,713 [pool-179-thread-1] INFO  server.RaftServerConfigKeys (ConfUtils.java:logGet(43)) - raft.server.log.appender.buffer.byte-limit = 33554432 (custom)
2019-10-21 10:10:09,713 [pool-149-thread-1] INFO  server.RaftServerConfigKeys (ConfUtils.java:logGet(43)) - raft.server.log.use.memory = false (default)
2019-10-21 10:10:09,714 [pool-179-thread-1] INFO  server.RaftServerConfigKeys (ConfUtils.java:logGet(43)) - raft.server.log.segment.size.max = 1048576 (custom)
2019-10-21 10:10:09,714 [pool-149-thread-1] INFO  server.RaftServerConfigKeys (ConfUtils.java:logGet(43)) - raft.server.log.purge.gap = 1000000 (custom)
2019-10-21 10:10:09,714 [pool-159-thread-1] INFO  server.RaftServerConfigKeys (ConfUtils.java:logGet(43)) - raft.server.log.purge.gap = 1000000 (custom)
2019-10-21 10:10:09,714 [pool-149-thread-1] INFO  server.RaftServerConfigKeys (ConfUtils.java:logGet(43)) - raft.server.log.appender.buffer.byte-limit = 33554432 (custom)
2019-10-21 10:10:09,714 [pool-159-thread-1] INFO  server.RaftServerConfigKeys (ConfUtils.java:logGet(43)) - raft.server.log.appender.buffer.byte-limit = 33554432 (custom)
2019-10-21 10:10:09,714 [pool-149-thread-1] INFO  server.RaftServerConfigKeys (ConfUtils.java:logGet(43)) - raft.server.log.segment.size.max = 1048576 (custom)
2019-10-21 10:10:09,715 [pool-159-thread-1] INFO  server.RaftServerConfigKeys (ConfUtils.java:logGet(43)) - raft.server.log.segment.size.max = 1048576 (custom)
2019-10-21 10:10:09,718 [pool-179-thread-1] INFO  server.RaftServerConfigKeys (ConfUtils.java:logGet(43)) - raft.server.log.segment.cache.num.max = 2 (custom)
2019-10-21 10:10:09,718 [pool-179-thread-1] INFO  segmented.SegmentedRaftLogWorker (SegmentedRaftLogWorker.java:<init>(173)) - new fa3142a2-adde-46b7-a2ef-9df891d79902@group-4AC76B4F540C-SegmentedRaftLogWorker for RaftStorage:Storage Directory /workdir/hadoop-ozone/integration-test/target/test-dir/MiniOzoneClusterImpl-69f13c50-7f04-4373-b728-745ac2dd16f0/datanode-6/data/ratis/5a881099-1ebb-4e65-b172-4ac76b4f540c
2019-10-21 10:10:09,718 [pool-179-thread-1] INFO  server.RaftServerConfigKeys (ConfUtils.java:logGet(43)) - raft.server.log.queue.byte-limit = 2147483647 (custom)
2019-10-21 10:10:09,718 [pool-179-thread-1] INFO  server.RaftServerConfigKeys (ConfUtils.java:logGet(43)) - raft.server.log.queue.element-limit = 1024 (custom)
2019-10-21 10:10:09,718 [pool-179-thread-1] INFO  server.RaftServerConfigKeys (ConfUtils.java:logGet(43)) - raft.server.log.segment.size.max = 1048576 (custom)
2019-10-21 10:10:09,718 [pool-179-thread-1] INFO  server.RaftServerConfigKeys (ConfUtils.java:logGet(43)) - raft.server.log.preallocated.size = 16384 (custom)
2019-10-21 10:10:09,718 [pool-179-thread-1] INFO  server.RaftServerConfigKeys (ConfUtils.java:logGet(43)) - raft.server.log.write.buffer.size = 33554432 (custom)
2019-10-21 10:10:09,718 [pool-179-thread-1] INFO  server.RaftServerConfigKeys (ConfUtils.java:logGet(43)) - raft.server.log.force.sync.num = 128 (default)
2019-10-21 10:10:09,719 [pool-179-thread-1] INFO  server.RaftServerConfigKeys (ConfUtils.java:logGet(43)) - raft.server.log.statemachine.data.sync = true (default)
2019-10-21 10:10:09,719 [pool-179-thread-1] INFO  server.RaftServerConfigKeys (ConfUtils.java:logGet(43)) - raft.server.log.statemachine.data.sync.timeout = 10s (default)
2019-10-21 10:10:09,719 [pool-179-thread-1] INFO  server.RaftServerConfigKeys (ConfUtils.java:logGet(43)) - raft.server.log.statemachine.data.sync.timeout.retry = -1 (default)
2019-10-21 10:10:09,719 [pool-149-thread-1] INFO  server.RaftServerConfigKeys (ConfUtils.java:logGet(43)) - raft.server.log.segment.cache.num.max = 2 (custom)
2019-10-21 10:10:09,719 [pool-179-thread-1] INFO  server.RaftServerConfigKeys (ConfUtils.java:logGet(43)) - raft.server.log.statemachine.data.caching.enabled = true (custom)
2019-10-21 10:10:09,719 [pool-149-thread-1] INFO  segmented.SegmentedRaftLogWorker (SegmentedRaftLogWorker.java:<init>(173)) - new 183955f6-ffa1-4a4f-9222-7d6f75fc44a2@group-4AC76B4F540C-SegmentedRaftLogWorker for RaftStorage:Storage Directory /workdir/hadoop-ozone/integration-test/target/test-dir/MiniOzoneClusterImpl-69f13c50-7f04-4373-b728-745ac2dd16f0/datanode-3/data/ratis/5a881099-1ebb-4e65-b172-4ac76b4f540c
2019-10-21 10:10:09,719 [pool-159-thread-1] INFO  server.RaftServerConfigKeys (ConfUtils.java:logGet(43)) - raft.server.log.segment.cache.num.max = 2 (custom)
2019-10-21 10:10:09,720 [pool-179-thread-1] INFO  segmented.SegmentedRaftLogWorker (SegmentedRaftLogWorker.java:lambda$new$0(128)) - fa3142a2-adde-46b7-a2ef-9df891d79902@group-4AC76B4F540C-SegmentedRaftLogWorker: flushIndex: setUnconditionally 0 -> -1
2019-10-21 10:10:09,720 [pool-149-thread-1] INFO  server.RaftServerConfigKeys (ConfUtils.java:logGet(43)) - raft.server.log.queue.byte-limit = 2147483647 (custom)
2019-10-21 10:10:09,720 [pool-159-thread-1] INFO  segmented.SegmentedRaftLogWorker (SegmentedRaftLogWorker.java:<init>(173)) - new 6775f5da-69cc-4f6e-9afd-b6c7beb51fd2@group-4AC76B4F540C-SegmentedRaftLogWorker for RaftStorage:Storage Directory /workdir/hadoop-ozone/integration-test/target/test-dir/MiniOzoneClusterImpl-69f13c50-7f04-4373-b728-745ac2dd16f0/datanode-4/data/ratis/5a881099-1ebb-4e65-b172-4ac76b4f540c
2019-10-21 10:10:09,720 [pool-179-thread-1] INFO  server.RaftServerConfigKeys (ConfUtils.java:logGet(43)) - raft.server.snapshot.auto.trigger.enabled = true (custom)
2019-10-21 10:10:09,720 [pool-149-thread-1] INFO  server.RaftServerConfigKeys (ConfUtils.java:logGet(43)) - raft.server.log.queue.element-limit = 1024 (custom)
2019-10-21 10:10:09,720 [pool-179-thread-1] INFO  server.RaftServerConfigKeys (ConfUtils.java:logGet(43)) - raft.server.snapshot.auto.trigger.threshold = 10000 (custom)
2019-10-21 10:10:09,720 [pool-159-thread-1] INFO  server.RaftServerConfigKeys (ConfUtils.java:logGet(43)) - raft.server.log.queue.byte-limit = 2147483647 (custom)
2019-10-21 10:10:09,720 [pool-179-thread-1] INFO  server.RaftServerConfigKeys (ConfUtils.java:logGet(43)) - raft.server.snapshot.retention.file.num = 5 (custom)
2019-10-21 10:10:09,720 [pool-149-thread-1] INFO  server.RaftServerConfigKeys (ConfUtils.java:logGet(43)) - raft.server.log.segment.size.max = 1048576 (custom)
2019-10-21 10:10:09,721 [pool-179-thread-1] INFO  server.RaftServerConfigKeys (ConfUtils.java:logGet(43)) - raft.server.retrycache.expirytime = 600000ms (custom)
2019-10-21 10:10:09,721 [pool-159-thread-1] INFO  server.RaftServerConfigKeys (ConfUtils.java:logGet(43)) - raft.server.log.queue.element-limit = 1024 (custom)
2019-10-21 10:10:09,721 [pool-149-thread-1] INFO  server.RaftServerConfigKeys (ConfUtils.java:logGet(43)) - raft.server.log.preallocated.size = 16384 (custom)
2019-10-21 10:10:09,721 [pool-159-thread-1] INFO  server.RaftServerConfigKeys (ConfUtils.java:logGet(43)) - raft.server.log.segment.size.max = 1048576 (custom)
2019-10-21 10:10:09,721 [pool-149-thread-1] INFO  server.RaftServerConfigKeys (ConfUtils.java:logGet(43)) - raft.server.log.write.buffer.size = 33554432 (custom)
2019-10-21 10:10:09,721 [pool-159-thread-1] INFO  server.RaftServerConfigKeys (ConfUtils.java:logGet(43)) - raft.server.log.preallocated.size = 16384 (custom)
2019-10-21 10:10:09,721 [pool-149-thread-1] INFO  server.RaftServerConfigKeys (ConfUtils.java:logGet(43)) - raft.server.log.force.sync.num = 128 (default)
2019-10-21 10:10:09,721 [pool-159-thread-1] INFO  server.RaftServerConfigKeys (ConfUtils.java:logGet(43)) - raft.server.log.write.buffer.size = 33554432 (custom)
2019-10-21 10:10:09,722 [pool-149-thread-1] INFO  server.RaftServerConfigKeys (ConfUtils.java:logGet(43)) - raft.server.log.statemachine.data.sync = true (default)
2019-10-21 10:10:09,722 [pool-159-thread-1] INFO  server.RaftServerConfigKeys (ConfUtils.java:logGet(43)) - raft.server.log.force.sync.num = 128 (default)
2019-10-21 10:10:09,722 [pool-149-thread-1] INFO  server.RaftServerConfigKeys (ConfUtils.java:logGet(43)) - raft.server.log.statemachine.data.sync.timeout = 10s (default)
2019-10-21 10:10:09,722 [pool-159-thread-1] INFO  server.RaftServerConfigKeys (ConfUtils.java:logGet(43)) - raft.server.log.statemachine.data.sync = true (default)
2019-10-21 10:10:09,722 [pool-149-thread-1] INFO  server.RaftServerConfigKeys (ConfUtils.java:logGet(43)) - raft.server.log.statemachine.data.sync.timeout.retry = -1 (default)
2019-10-21 10:10:09,722 [pool-159-thread-1] INFO  server.RaftServerConfigKeys (ConfUtils.java:logGet(43)) - raft.server.log.statemachine.data.sync.timeout = 10s (default)
2019-10-21 10:10:09,722 [pool-179-thread-1] INFO  impl.RaftServerImpl (RaftServerImpl.java:start(181)) - fa3142a2-adde-46b7-a2ef-9df891d79902@group-4AC76B4F540C: start as a follower, conf=-1: [fa3142a2-adde-46b7-a2ef-9df891d79902:192.168.34.51:46444, 183955f6-ffa1-4a4f-9222-7d6f75fc44a2:192.168.34.51:33782, 6775f5da-69cc-4f6e-9afd-b6c7beb51fd2:192.168.34.51:35914], old=null
2019-10-21 10:10:09,722 [pool-159-thread-1] INFO  server.RaftServerConfigKeys (ConfUtils.java:logGet(43)) - raft.server.log.statemachine.data.sync.timeout.retry = -1 (default)
2019-10-21 10:10:09,723 [pool-149-thread-1] INFO  server.RaftServerConfigKeys (ConfUtils.java:logGet(43)) - raft.server.log.statemachine.data.caching.enabled = true (custom)
2019-10-21 10:10:09,723 [pool-179-thread-1] INFO  impl.RaftServerImpl (RaftServerImpl.java:setRole(170)) - fa3142a2-adde-46b7-a2ef-9df891d79902@group-4AC76B4F540C: changes role from      null to FOLLOWER at term 0 for startAsFollower
2019-10-21 10:10:09,723 [pool-179-thread-1] INFO  impl.RoleInfo (RoleInfo.java:updateAndGet(143)) - fa3142a2-adde-46b7-a2ef-9df891d79902: start FollowerState
2019-10-21 10:10:09,723 [pool-159-thread-1] INFO  server.RaftServerConfigKeys (ConfUtils.java:logGet(43)) - raft.server.log.statemachine.data.caching.enabled = true (custom)
2019-10-21 10:10:09,723 [pool-149-thread-1] INFO  segmented.SegmentedRaftLogWorker (SegmentedRaftLogWorker.java:lambda$new$0(128)) - 183955f6-ffa1-4a4f-9222-7d6f75fc44a2@group-4AC76B4F540C-SegmentedRaftLogWorker: flushIndex: setUnconditionally 0 -> -1
2019-10-21 10:10:09,723 [pool-179-thread-1] INFO  util.JmxRegister (JmxRegister.java:tryRegister(44)) - Successfully registered JMX Bean with object name Ratis:service=RaftServer,group=group-4AC76B4F540C,id=fa3142a2-adde-46b7-a2ef-9df891d79902
2019-10-21 10:10:09,723 [pool-159-thread-1] INFO  segmented.SegmentedRaftLogWorker (SegmentedRaftLogWorker.java:lambda$new$0(128)) - 6775f5da-69cc-4f6e-9afd-b6c7beb51fd2@group-4AC76B4F540C-SegmentedRaftLogWorker: flushIndex: setUnconditionally 0 -> -1
2019-10-21 10:10:09,723 [pool-149-thread-1] INFO  server.RaftServerConfigKeys (ConfUtils.java:logGet(43)) - raft.server.snapshot.auto.trigger.enabled = true (custom)
2019-10-21 10:10:09,724 [pool-149-thread-1] INFO  server.RaftServerConfigKeys (ConfUtils.java:logGet(43)) - raft.server.snapshot.auto.trigger.threshold = 10000 (custom)
2019-10-21 10:10:09,724 [pool-159-thread-1] INFO  server.RaftServerConfigKeys (ConfUtils.java:logGet(43)) - raft.server.snapshot.auto.trigger.enabled = true (custom)
2019-10-21 10:10:09,724 [pool-149-thread-1] INFO  server.RaftServerConfigKeys (ConfUtils.java:logGet(43)) - raft.server.snapshot.retention.file.num = 5 (custom)
2019-10-21 10:10:09,724 [pool-159-thread-1] INFO  server.RaftServerConfigKeys (ConfUtils.java:logGet(43)) - raft.server.snapshot.auto.trigger.threshold = 10000 (custom)
2019-10-21 10:10:09,724 [pool-149-thread-1] INFO  server.RaftServerConfigKeys (ConfUtils.java:logGet(43)) - raft.server.retrycache.expirytime = 600000ms (custom)
2019-10-21 10:10:09,724 [pool-159-thread-1] INFO  server.RaftServerConfigKeys (ConfUtils.java:logGet(43)) - raft.server.snapshot.retention.file.num = 5 (custom)
2019-10-21 10:10:09,724 [pool-159-thread-1] INFO  server.RaftServerConfigKeys (ConfUtils.java:logGet(43)) - raft.server.retrycache.expirytime = 600000ms (custom)
2019-10-21 10:10:09,727 [pool-149-thread-1] INFO  impl.RaftServerImpl (RaftServerImpl.java:start(181)) - 183955f6-ffa1-4a4f-9222-7d6f75fc44a2@group-4AC76B4F540C: start as a follower, conf=-1: [fa3142a2-adde-46b7-a2ef-9df891d79902:192.168.34.51:46444, 183955f6-ffa1-4a4f-9222-7d6f75fc44a2:192.168.34.51:33782, 6775f5da-69cc-4f6e-9afd-b6c7beb51fd2:192.168.34.51:35914], old=null
2019-10-21 10:10:09,728 [pool-149-thread-1] INFO  impl.RaftServerImpl (RaftServerImpl.java:setRole(170)) - 183955f6-ffa1-4a4f-9222-7d6f75fc44a2@group-4AC76B4F540C: changes role from      null to FOLLOWER at term 0 for startAsFollower
2019-10-21 10:10:09,728 [pool-149-thread-1] INFO  impl.RoleInfo (RoleInfo.java:updateAndGet(143)) - 183955f6-ffa1-4a4f-9222-7d6f75fc44a2: start FollowerState
2019-10-21 10:10:09,728 [pool-159-thread-1] INFO  impl.RaftServerImpl (RaftServerImpl.java:start(181)) - 6775f5da-69cc-4f6e-9afd-b6c7beb51fd2@group-4AC76B4F540C: start as a follower, conf=-1: [fa3142a2-adde-46b7-a2ef-9df891d79902:192.168.34.51:46444, 183955f6-ffa1-4a4f-9222-7d6f75fc44a2:192.168.34.51:33782, 6775f5da-69cc-4f6e-9afd-b6c7beb51fd2:192.168.34.51:35914], old=null
2019-10-21 10:10:09,728 [pool-159-thread-1] INFO  impl.RaftServerImpl (RaftServerImpl.java:setRole(170)) - 6775f5da-69cc-4f6e-9afd-b6c7beb51fd2@group-4AC76B4F540C: changes role from      null to FOLLOWER at term 0 for startAsFollower
2019-10-21 10:10:09,728 [pool-149-thread-1] INFO  util.JmxRegister (JmxRegister.java:tryRegister(44)) - Successfully registered JMX Bean with object name Ratis:service=RaftServer,group=group-4AC76B4F540C,id=183955f6-ffa1-4a4f-9222-7d6f75fc44a2
2019-10-21 10:10:09,728 [pool-159-thread-1] INFO  impl.RoleInfo (RoleInfo.java:updateAndGet(143)) - 6775f5da-69cc-4f6e-9afd-b6c7beb51fd2: start FollowerState
2019-10-21 10:10:09,729 [pool-159-thread-1] INFO  util.JmxRegister (JmxRegister.java:tryRegister(44)) - Successfully registered JMX Bean with object name Ratis:service=RaftServer,group=group-4AC76B4F540C,id=6775f5da-69cc-4f6e-9afd-b6c7beb51fd2
2019-10-21 10:10:09,735 [RatisPipelineUtilsThread] INFO  pipeline.PipelineStateManager (PipelineStateManager.java:addPipeline(56)) - Created pipeline Pipeline[ Id: 5a881099-1ebb-4e65-b172-4ac76b4f540c, Nodes: 6775f5da-69cc-4f6e-9afd-b6c7beb51fd2{ip: 192.168.34.51, host: pr-hdds-2291-fkckm-1634098129, networkLocation: /default-rack, certSerialId: null}183955f6-ffa1-4a4f-9222-7d6f75fc44a2{ip: 192.168.34.51, host: pr-hdds-2291-fkckm-1634098129, networkLocation: /default-rack, certSerialId: null}fa3142a2-adde-46b7-a2ef-9df891d79902{ip: 192.168.34.51, host: pr-hdds-2291-fkckm-1634098129, networkLocation: /default-rack, certSerialId: null}, Type:RATIS, Factor:THREE, State:OPEN]
2019-10-21 10:10:10,600 [main] INFO  ozone.MiniOzoneClusterImpl (MiniOzoneClusterImpl.java:lambda$waitForClusterToBeReady$0(147)) - Cluster is ready. Got 7 of 7 DN Heartbeats.
2019-10-21 10:10:10,638 [main] INFO  rpc.RpcClient (RpcClient.java:createVolume(272)) - Creating Volume: testblockoutputstreamwithretries, with jenkins1000 as owner.
2019-10-21 10:10:10,642 [IPC Server handler 1 on 45993] INFO  volume.OMVolumeCreateRequest (OMVolumeCreateRequest.java:validateAndUpdateCache(193)) - created volume:testblockoutputstreamwithretries for user:jenkins1000
2019-10-21 10:10:10,656 [main] INFO  rpc.RpcClient (RpcClient.java:createBucket(411)) - Creating Bucket: testblockoutputstreamwithretries/testblockoutputstreamwithretries, with Versioning false and Storage Type set to DISK and Encryption set to false 
2019-10-21 10:10:12,088 [Thread-712] INFO  container.ReplicationManager (ReplicationManager.java:start(162)) - Starting Replication Monitor Thread.
2019-10-21 10:10:12,091 [ReplicationMonitor] INFO  container.ReplicationManager (ReplicationManager.java:run(225)) - Replication Monitor Thread took 1 milliseconds for processing 3 containers.
2019-10-21 10:10:14,287 [Thread-717] INFO  impl.FollowerState (FollowerState.java:run(108)) - f8f2a133-6537-47b7-973c-ae1bdc39cdf8@group-48D9FB3AC019-FollowerState: change to CANDIDATE, lastRpcTime:5086ms, electionTimeout:5086ms
2019-10-21 10:10:14,288 [Thread-717] INFO  impl.RoleInfo (RoleInfo.java:shutdownFollowerState(121)) - f8f2a133-6537-47b7-973c-ae1bdc39cdf8: shutdown FollowerState
2019-10-21 10:10:14,288 [Thread-717] INFO  impl.RaftServerImpl (RaftServerImpl.java:setRole(170)) - f8f2a133-6537-47b7-973c-ae1bdc39cdf8@group-48D9FB3AC019: changes role from  FOLLOWER to CANDIDATE at term 0 for changeToCandidate
2019-10-21 10:10:14,288 [Thread-717] INFO  impl.RoleInfo (RoleInfo.java:updateAndGet(143)) - f8f2a133-6537-47b7-973c-ae1bdc39cdf8: start LeaderElection
2019-10-21 10:10:14,315 [f8f2a133-6537-47b7-973c-ae1bdc39cdf8@group-48D9FB3AC019-LeaderElection18] INFO  impl.LeaderElection (LeaderElection.java:askForVotes(178)) - f8f2a133-6537-47b7-973c-ae1bdc39cdf8@group-48D9FB3AC019-LeaderElection18: begin an election at term 1 for -1: [f8f2a133-6537-47b7-973c-ae1bdc39cdf8:192.168.34.51:45889], old=null
2019-10-21 10:10:14,315 [f8f2a133-6537-47b7-973c-ae1bdc39cdf8@group-48D9FB3AC019-LeaderElection18] INFO  impl.RoleInfo (RoleInfo.java:shutdownLeaderElection(134)) - f8f2a133-6537-47b7-973c-ae1bdc39cdf8: shutdown LeaderElection
2019-10-21 10:10:14,315 [f8f2a133-6537-47b7-973c-ae1bdc39cdf8@group-48D9FB3AC019-LeaderElection18] INFO  impl.RaftServerImpl (RaftServerImpl.java:setRole(170)) - f8f2a133-6537-47b7-973c-ae1bdc39cdf8@group-48D9FB3AC019: changes role from CANDIDATE to LEADER at term 1 for changeToLeader
2019-10-21 10:10:14,315 [f8f2a133-6537-47b7-973c-ae1bdc39cdf8@group-48D9FB3AC019-LeaderElection18] INFO  impl.RaftServerImpl (ServerState.java:setLeader(255)) - f8f2a133-6537-47b7-973c-ae1bdc39cdf8@group-48D9FB3AC019: change Leader from null to f8f2a133-6537-47b7-973c-ae1bdc39cdf8 at term 1 for becomeLeader, leader elected after 5120ms
2019-10-21 10:10:14,317 [f8f2a133-6537-47b7-973c-ae1bdc39cdf8@group-48D9FB3AC019-LeaderElection18] INFO  server.RaftServerConfigKeys (ConfUtils.java:logGet(43)) - raft.server.staging.catchup.gap = 1000 (default)
2019-10-21 10:10:14,317 [f8f2a133-6537-47b7-973c-ae1bdc39cdf8@group-48D9FB3AC019-LeaderElection18] INFO  server.RaftServerConfigKeys (ConfUtils.java:logGet(43)) - raft.server.rpc.sleep.time = 25ms (default)
2019-10-21 10:10:14,318 [f8f2a133-6537-47b7-973c-ae1bdc39cdf8@group-48D9FB3AC019-LeaderElection18] INFO  server.RaftServerConfigKeys (ConfUtils.java:logGet(43)) - raft.server.write.element-limit = 4096 (default)
2019-10-21 10:10:14,318 [f8f2a133-6537-47b7-973c-ae1bdc39cdf8@group-48D9FB3AC019-LeaderElection18] INFO  server.RaftServerConfigKeys (ConfUtils.java:logGet(43)) - raft.server.watch.timeout = 10s (default)
2019-10-21 10:10:14,318 [f8f2a133-6537-47b7-973c-ae1bdc39cdf8@group-48D9FB3AC019-LeaderElection18] INFO  server.RaftServerConfigKeys (ConfUtils.java:logGet(43)) - raft.server.watch.timeout.denomination = 1s (default)
2019-10-21 10:10:14,318 [f8f2a133-6537-47b7-973c-ae1bdc39cdf8@group-48D9FB3AC019-LeaderElection18] INFO  server.RaftServerConfigKeys (ConfUtils.java:logGet(43)) - raft.server.watch.element-limit = 65536 (default)
2019-10-21 10:10:14,321 [f8f2a133-6537-47b7-973c-ae1bdc39cdf8@group-48D9FB3AC019-LeaderElection18] INFO  impl.RoleInfo (RoleInfo.java:updateAndGet(143)) - f8f2a133-6537-47b7-973c-ae1bdc39cdf8: start LeaderState
2019-10-21 10:10:14,321 [f8f2a133-6537-47b7-973c-ae1bdc39cdf8@group-48D9FB3AC019-LeaderElection18] INFO  segmented.SegmentedRaftLogWorker (SegmentedRaftLogWorker.java:startLogSegment(385)) - f8f2a133-6537-47b7-973c-ae1bdc39cdf8@group-48D9FB3AC019-SegmentedRaftLogWorker: Starting segment from index:0
2019-10-21 10:10:14,322 [f8f2a133-6537-47b7-973c-ae1bdc39cdf8@group-48D9FB3AC019-LeaderElection18] INFO  impl.RaftServerImpl (ServerState.java:setRaftConf(356)) - f8f2a133-6537-47b7-973c-ae1bdc39cdf8@group-48D9FB3AC019: set configuration 0: [f8f2a133-6537-47b7-973c-ae1bdc39cdf8:192.168.34.51:45889], old=null at 0
2019-10-21 10:10:14,338 [Thread-714] INFO  impl.FollowerState (FollowerState.java:run(108)) - 99861a18-d503-4129-9ff7-8353a6232c61@group-E08B67A807ED-FollowerState: change to CANDIDATE, lastRpcTime:5189ms, electionTimeout:5189ms
2019-10-21 10:10:14,338 [Thread-714] INFO  impl.RoleInfo (RoleInfo.java:shutdownFollowerState(121)) - 99861a18-d503-4129-9ff7-8353a6232c61: shutdown FollowerState
2019-10-21 10:10:14,339 [Thread-714] INFO  impl.RaftServerImpl (RaftServerImpl.java:setRole(170)) - 99861a18-d503-4129-9ff7-8353a6232c61@group-E08B67A807ED: changes role from  FOLLOWER to CANDIDATE at term 0 for changeToCandidate
2019-10-21 10:10:14,339 [Thread-714] INFO  impl.RoleInfo (RoleInfo.java:updateAndGet(143)) - 99861a18-d503-4129-9ff7-8353a6232c61: start LeaderElection
2019-10-21 10:10:14,362 [Thread-720] INFO  impl.FollowerState (FollowerState.java:run(108)) - 78c47ad4-0af2-46b1-bc03-cf5609da7b41@group-B9AF82365587-FollowerState: change to CANDIDATE, lastRpcTime:5073ms, electionTimeout:5073ms
2019-10-21 10:10:14,362 [Thread-720] INFO  impl.RoleInfo (RoleInfo.java:shutdownFollowerState(121)) - 78c47ad4-0af2-46b1-bc03-cf5609da7b41: shutdown FollowerState
2019-10-21 10:10:14,362 [Thread-720] INFO  impl.RaftServerImpl (RaftServerImpl.java:setRole(170)) - 78c47ad4-0af2-46b1-bc03-cf5609da7b41@group-B9AF82365587: changes role from  FOLLOWER to CANDIDATE at term 0 for changeToCandidate
2019-10-21 10:10:14,363 [Thread-720] INFO  impl.RoleInfo (RoleInfo.java:updateAndGet(143)) - 78c47ad4-0af2-46b1-bc03-cf5609da7b41: start LeaderElection
2019-10-21 10:10:14,370 [f8f2a133-6537-47b7-973c-ae1bdc39cdf8@group-48D9FB3AC019-SegmentedRaftLogWorker] INFO  segmented.SegmentedRaftLogWorker (SegmentedRaftLogWorker.java:execute(574)) - f8f2a133-6537-47b7-973c-ae1bdc39cdf8@group-48D9FB3AC019-SegmentedRaftLogWorker: created new log segment /workdir/hadoop-ozone/integration-test/target/test-dir/MiniOzoneClusterImpl-69f13c50-7f04-4373-b728-745ac2dd16f0/datanode-1/data/ratis/0314ea72-e7d0-4f69-8c35-48d9fb3ac019/current/log_inprogress_0
2019-10-21 10:10:14,370 [99861a18-d503-4129-9ff7-8353a6232c61@group-E08B67A807ED-LeaderElection19] INFO  impl.LeaderElection (LeaderElection.java:askForVotes(178)) - 99861a18-d503-4129-9ff7-8353a6232c61@group-E08B67A807ED-LeaderElection19: begin an election at term 1 for -1: [99861a18-d503-4129-9ff7-8353a6232c61:192.168.34.51:35086], old=null
2019-10-21 10:10:14,370 [78c47ad4-0af2-46b1-bc03-cf5609da7b41@group-B9AF82365587-LeaderElection20] INFO  impl.LeaderElection (LeaderElection.java:askForVotes(178)) - 78c47ad4-0af2-46b1-bc03-cf5609da7b41@group-B9AF82365587-LeaderElection20: begin an election at term 1 for -1: [78c47ad4-0af2-46b1-bc03-cf5609da7b41:192.168.34.51:44563], old=null
2019-10-21 10:10:14,370 [99861a18-d503-4129-9ff7-8353a6232c61@group-E08B67A807ED-LeaderElection19] INFO  impl.RoleInfo (RoleInfo.java:shutdownLeaderElection(134)) - 99861a18-d503-4129-9ff7-8353a6232c61: shutdown LeaderElection
2019-10-21 10:10:14,370 [78c47ad4-0af2-46b1-bc03-cf5609da7b41@group-B9AF82365587-LeaderElection20] INFO  impl.RoleInfo (RoleInfo.java:shutdownLeaderElection(134)) - 78c47ad4-0af2-46b1-bc03-cf5609da7b41: shutdown LeaderElection
2019-10-21 10:10:14,370 [99861a18-d503-4129-9ff7-8353a6232c61@group-E08B67A807ED-LeaderElection19] INFO  impl.RaftServerImpl (RaftServerImpl.java:setRole(170)) - 99861a18-d503-4129-9ff7-8353a6232c61@group-E08B67A807ED: changes role from CANDIDATE to LEADER at term 1 for changeToLeader
2019-10-21 10:10:14,371 [78c47ad4-0af2-46b1-bc03-cf5609da7b41@group-B9AF82365587-LeaderElection20] INFO  impl.RaftServerImpl (RaftServerImpl.java:setRole(170)) - 78c47ad4-0af2-46b1-bc03-cf5609da7b41@group-B9AF82365587: changes role from CANDIDATE to LEADER at term 1 for changeToLeader
2019-10-21 10:10:14,371 [99861a18-d503-4129-9ff7-8353a6232c61@group-E08B67A807ED-LeaderElection19] INFO  impl.RaftServerImpl (ServerState.java:setLeader(255)) - 99861a18-d503-4129-9ff7-8353a6232c61@group-E08B67A807ED: change Leader from null to 99861a18-d503-4129-9ff7-8353a6232c61 at term 1 for becomeLeader, leader elected after 5235ms
2019-10-21 10:10:14,371 [78c47ad4-0af2-46b1-bc03-cf5609da7b41@group-B9AF82365587-LeaderElection20] INFO  impl.RaftServerImpl (ServerState.java:setLeader(255)) - 78c47ad4-0af2-46b1-bc03-cf5609da7b41@group-B9AF82365587: change Leader from null to 78c47ad4-0af2-46b1-bc03-cf5609da7b41 at term 1 for becomeLeader, leader elected after 5091ms
2019-10-21 10:10:14,372 [99861a18-d503-4129-9ff7-8353a6232c61@group-E08B67A807ED-LeaderElection19] INFO  server.RaftServerConfigKeys (ConfUtils.java:logGet(43)) - raft.server.staging.catchup.gap = 1000 (default)
2019-10-21 10:10:14,373 [78c47ad4-0af2-46b1-bc03-cf5609da7b41@group-B9AF82365587-LeaderElection20] INFO  server.RaftServerConfigKeys (ConfUtils.java:logGet(43)) - raft.server.staging.catchup.gap = 1000 (default)
2019-10-21 10:10:14,373 [99861a18-d503-4129-9ff7-8353a6232c61@group-E08B67A807ED-LeaderElection19] INFO  server.RaftServerConfigKeys (ConfUtils.java:logGet(43)) - raft.server.rpc.sleep.time = 25ms (default)
2019-10-21 10:10:14,373 [78c47ad4-0af2-46b1-bc03-cf5609da7b41@group-B9AF82365587-LeaderElection20] INFO  server.RaftServerConfigKeys (ConfUtils.java:logGet(43)) - raft.server.rpc.sleep.time = 25ms (default)
2019-10-21 10:10:14,374 [99861a18-d503-4129-9ff7-8353a6232c61@group-E08B67A807ED-LeaderElection19] INFO  server.RaftServerConfigKeys (ConfUtils.java:logGet(43)) - raft.server.write.element-limit = 4096 (default)
2019-10-21 10:10:14,374 [99861a18-d503-4129-9ff7-8353a6232c61@group-E08B67A807ED-LeaderElection19] INFO  server.RaftServerConfigKeys (ConfUtils.java:logGet(43)) - raft.server.watch.timeout = 10s (default)
2019-10-21 10:10:14,374 [78c47ad4-0af2-46b1-bc03-cf5609da7b41@group-B9AF82365587-LeaderElection20] INFO  server.RaftServerConfigKeys (ConfUtils.java:logGet(43)) - raft.server.write.element-limit = 4096 (default)
2019-10-21 10:10:14,374 [99861a18-d503-4129-9ff7-8353a6232c61@group-E08B67A807ED-LeaderElection19] INFO  server.RaftServerConfigKeys (ConfUtils.java:logGet(43)) - raft.server.watch.timeout.denomination = 1s (default)
2019-10-21 10:10:14,374 [78c47ad4-0af2-46b1-bc03-cf5609da7b41@group-B9AF82365587-LeaderElection20] INFO  server.RaftServerConfigKeys (ConfUtils.java:logGet(43)) - raft.server.watch.timeout = 10s (default)
2019-10-21 10:10:14,374 [99861a18-d503-4129-9ff7-8353a6232c61@group-E08B67A807ED-LeaderElection19] INFO  server.RaftServerConfigKeys (ConfUtils.java:logGet(43)) - raft.server.watch.element-limit = 65536 (default)
2019-10-21 10:10:14,374 [78c47ad4-0af2-46b1-bc03-cf5609da7b41@group-B9AF82365587-LeaderElection20] INFO  server.RaftServerConfigKeys (ConfUtils.java:logGet(43)) - raft.server.watch.timeout.denomination = 1s (default)
2019-10-21 10:10:14,375 [78c47ad4-0af2-46b1-bc03-cf5609da7b41@group-B9AF82365587-LeaderElection20] INFO  server.RaftServerConfigKeys (ConfUtils.java:logGet(43)) - raft.server.watch.element-limit = 65536 (default)
2019-10-21 10:10:14,377 [99861a18-d503-4129-9ff7-8353a6232c61@group-E08B67A807ED-LeaderElection19] INFO  impl.RoleInfo (RoleInfo.java:updateAndGet(143)) - 99861a18-d503-4129-9ff7-8353a6232c61: start LeaderState
2019-10-21 10:10:14,378 [99861a18-d503-4129-9ff7-8353a6232c61@group-E08B67A807ED-LeaderElection19] INFO  segmented.SegmentedRaftLogWorker (SegmentedRaftLogWorker.java:startLogSegment(385)) - 99861a18-d503-4129-9ff7-8353a6232c61@group-E08B67A807ED-SegmentedRaftLogWorker: Starting segment from index:0
2019-10-21 10:10:14,378 [78c47ad4-0af2-46b1-bc03-cf5609da7b41@group-B9AF82365587-LeaderElection20] INFO  impl.RoleInfo (RoleInfo.java:updateAndGet(143)) - 78c47ad4-0af2-46b1-bc03-cf5609da7b41: start LeaderState
2019-10-21 10:10:14,378 [99861a18-d503-4129-9ff7-8353a6232c61@group-E08B67A807ED-LeaderElection19] INFO  impl.RaftServerImpl (ServerState.java:setRaftConf(356)) - 99861a18-d503-4129-9ff7-8353a6232c61@group-E08B67A807ED: set configuration 0: [99861a18-d503-4129-9ff7-8353a6232c61:192.168.34.51:35086], old=null at 0
2019-10-21 10:10:14,410 [78c47ad4-0af2-46b1-bc03-cf5609da7b41@group-B9AF82365587-LeaderElection20] INFO  segmented.SegmentedRaftLogWorker (SegmentedRaftLogWorker.java:startLogSegment(385)) - 78c47ad4-0af2-46b1-bc03-cf5609da7b41@group-B9AF82365587-SegmentedRaftLogWorker: Starting segment from index:0
2019-10-21 10:10:14,410 [78c47ad4-0af2-46b1-bc03-cf5609da7b41@group-B9AF82365587-LeaderElection20] INFO  impl.RaftServerImpl (ServerState.java:setRaftConf(356)) - 78c47ad4-0af2-46b1-bc03-cf5609da7b41@group-B9AF82365587: set configuration 0: [78c47ad4-0af2-46b1-bc03-cf5609da7b41:192.168.34.51:44563], old=null at 0
2019-10-21 10:10:14,447 [Thread-725] INFO  impl.FollowerState (FollowerState.java:run(108)) - 99861a18-d503-4129-9ff7-8353a6232c61@group-F8091CFEDA8C-FollowerState: change to CANDIDATE, lastRpcTime:5087ms, electionTimeout:5057ms
2019-10-21 10:10:14,447 [99861a18-d503-4129-9ff7-8353a6232c61@group-E08B67A807ED-SegmentedRaftLogWorker] INFO  segmented.SegmentedRaftLogWorker (SegmentedRaftLogWorker.java:execute(574)) - 99861a18-d503-4129-9ff7-8353a6232c61@group-E08B67A807ED-SegmentedRaftLogWorker: created new log segment /workdir/hadoop-ozone/integration-test/target/test-dir/MiniOzoneClusterImpl-69f13c50-7f04-4373-b728-745ac2dd16f0/datanode-0/data/ratis/717b8b13-68bb-4698-916f-e08b67a807ed/current/log_inprogress_0
2019-10-21 10:10:14,448 [Thread-725] INFO  impl.RoleInfo (RoleInfo.java:shutdownFollowerState(121)) - 99861a18-d503-4129-9ff7-8353a6232c61: shutdown FollowerState
2019-10-21 10:10:14,448 [Thread-725] INFO  impl.RaftServerImpl (RaftServerImpl.java:setRole(170)) - 99861a18-d503-4129-9ff7-8353a6232c61@group-F8091CFEDA8C: changes role from  FOLLOWER to CANDIDATE at term 0 for changeToCandidate
2019-10-21 10:10:14,448 [Thread-725] INFO  impl.RoleInfo (RoleInfo.java:updateAndGet(143)) - 99861a18-d503-4129-9ff7-8353a6232c61: start LeaderElection
2019-10-21 10:10:14,460 [78c47ad4-0af2-46b1-bc03-cf5609da7b41@group-B9AF82365587-SegmentedRaftLogWorker] INFO  segmented.SegmentedRaftLogWorker (SegmentedRaftLogWorker.java:execute(574)) - 78c47ad4-0af2-46b1-bc03-cf5609da7b41@group-B9AF82365587-SegmentedRaftLogWorker: created new log segment /workdir/hadoop-ozone/integration-test/target/test-dir/MiniOzoneClusterImpl-69f13c50-7f04-4373-b728-745ac2dd16f0/datanode-2/data/ratis/88554ce3-22ef-44ef-941a-b9af82365587/current/log_inprogress_0
2019-10-21 10:10:14,460 [99861a18-d503-4129-9ff7-8353a6232c61@group-F8091CFEDA8C-LeaderElection21] INFO  impl.LeaderElection (LeaderElection.java:askForVotes(178)) - 99861a18-d503-4129-9ff7-8353a6232c61@group-F8091CFEDA8C-LeaderElection21: begin an election at term 1 for -1: [78c47ad4-0af2-46b1-bc03-cf5609da7b41:192.168.34.51:44563, 99861a18-d503-4129-9ff7-8353a6232c61:192.168.34.51:35086, f8f2a133-6537-47b7-973c-ae1bdc39cdf8:192.168.34.51:45889], old=null
2019-10-21 10:10:14,467 [grpc-default-executor-2] INFO  impl.RaftServerImpl (RaftServerImpl.java:setRole(170)) - 78c47ad4-0af2-46b1-bc03-cf5609da7b41@group-F8091CFEDA8C: changes role from  FOLLOWER to FOLLOWER at term 1 for recognizeCandidate:99861a18-d503-4129-9ff7-8353a6232c61
2019-10-21 10:10:14,467 [grpc-default-executor-2] INFO  impl.RoleInfo (RoleInfo.java:shutdownFollowerState(121)) - 78c47ad4-0af2-46b1-bc03-cf5609da7b41: shutdown FollowerState
2019-10-21 10:10:14,467 [grpc-default-executor-2] INFO  impl.RoleInfo (RoleInfo.java:updateAndGet(143)) - 78c47ad4-0af2-46b1-bc03-cf5609da7b41: start FollowerState
2019-10-21 10:10:14,467 [grpc-default-executor-5] INFO  impl.RaftServerImpl (RaftServerImpl.java:setRole(170)) - f8f2a133-6537-47b7-973c-ae1bdc39cdf8@group-F8091CFEDA8C: changes role from  FOLLOWER to FOLLOWER at term 1 for recognizeCandidate:99861a18-d503-4129-9ff7-8353a6232c61
2019-10-21 10:10:14,467 [Thread-726] INFO  impl.FollowerState (FollowerState.java:run(117)) - 78c47ad4-0af2-46b1-bc03-cf5609da7b41@group-F8091CFEDA8C-FollowerState was interrupted: java.lang.InterruptedException: sleep interrupted
2019-10-21 10:10:14,468 [grpc-default-executor-5] INFO  impl.RoleInfo (RoleInfo.java:shutdownFollowerState(121)) - f8f2a133-6537-47b7-973c-ae1bdc39cdf8: shutdown FollowerState
2019-10-21 10:10:14,470 [grpc-default-executor-5] INFO  impl.RoleInfo (RoleInfo.java:updateAndGet(143)) - f8f2a133-6537-47b7-973c-ae1bdc39cdf8: start FollowerState
2019-10-21 10:10:14,470 [Thread-727] INFO  impl.FollowerState (FollowerState.java:run(117)) - f8f2a133-6537-47b7-973c-ae1bdc39cdf8@group-F8091CFEDA8C-FollowerState was interrupted: java.lang.InterruptedException: sleep interrupted
2019-10-21 10:10:14,487 [99861a18-d503-4129-9ff7-8353a6232c61@group-F8091CFEDA8C-LeaderElection21] INFO  impl.LeaderElection (LeaderElection.java:logAndReturn(56)) - 99861a18-d503-4129-9ff7-8353a6232c61@group-F8091CFEDA8C-LeaderElection21: Election PASSED; received 1 response(s) [99861a18-d503-4129-9ff7-8353a6232c61<-f8f2a133-6537-47b7-973c-ae1bdc39cdf8#0:OK-t1] and 0 exception(s); 99861a18-d503-4129-9ff7-8353a6232c61@group-F8091CFEDA8C:t1, leader=null, voted=99861a18-d503-4129-9ff7-8353a6232c61, raftlog=99861a18-d503-4129-9ff7-8353a6232c61@group-F8091CFEDA8C-SegmentedRaftLog:OPENED:c-1,f-1,i0, conf=-1: [78c47ad4-0af2-46b1-bc03-cf5609da7b41:192.168.34.51:44563, 99861a18-d503-4129-9ff7-8353a6232c61:192.168.34.51:35086, f8f2a133-6537-47b7-973c-ae1bdc39cdf8:192.168.34.51:45889], old=null
2019-10-21 10:10:14,487 [99861a18-d503-4129-9ff7-8353a6232c61@group-F8091CFEDA8C-LeaderElection21] INFO  impl.RoleInfo (RoleInfo.java:shutdownLeaderElection(134)) - 99861a18-d503-4129-9ff7-8353a6232c61: shutdown LeaderElection
2019-10-21 10:10:14,488 [99861a18-d503-4129-9ff7-8353a6232c61@group-F8091CFEDA8C-LeaderElection21] INFO  impl.RaftServerImpl (RaftServerImpl.java:setRole(170)) - 99861a18-d503-4129-9ff7-8353a6232c61@group-F8091CFEDA8C: changes role from CANDIDATE to LEADER at term 1 for changeToLeader
2019-10-21 10:10:14,488 [99861a18-d503-4129-9ff7-8353a6232c61@group-F8091CFEDA8C-LeaderElection21] INFO  impl.RaftServerImpl (ServerState.java:setLeader(255)) - 99861a18-d503-4129-9ff7-8353a6232c61@group-F8091CFEDA8C: change Leader from null to 99861a18-d503-4129-9ff7-8353a6232c61 at term 1 for becomeLeader, leader elected after 5137ms
2019-10-21 10:10:14,488 [99861a18-d503-4129-9ff7-8353a6232c61@group-F8091CFEDA8C-LeaderElection21] INFO  server.RaftServerConfigKeys (ConfUtils.java:logGet(43)) - raft.server.staging.catchup.gap = 1000 (default)
2019-10-21 10:10:14,488 [99861a18-d503-4129-9ff7-8353a6232c61@group-F8091CFEDA8C-LeaderElection21] INFO  server.RaftServerConfigKeys (ConfUtils.java:logGet(43)) - raft.server.rpc.sleep.time = 25ms (default)
2019-10-21 10:10:14,488 [99861a18-d503-4129-9ff7-8353a6232c61@group-F8091CFEDA8C-LeaderElection21] INFO  server.RaftServerConfigKeys (ConfUtils.java:logGet(43)) - raft.server.write.element-limit = 4096 (default)
2019-10-21 10:10:14,489 [99861a18-d503-4129-9ff7-8353a6232c61@group-F8091CFEDA8C-LeaderElection21] INFO  server.RaftServerConfigKeys (ConfUtils.java:logGet(43)) - raft.server.watch.timeout = 10s (default)
2019-10-21 10:10:14,489 [99861a18-d503-4129-9ff7-8353a6232c61@group-F8091CFEDA8C-LeaderElection21] INFO  server.RaftServerConfigKeys (ConfUtils.java:logGet(43)) - raft.server.watch.timeout.denomination = 1s (default)
2019-10-21 10:10:14,489 [99861a18-d503-4129-9ff7-8353a6232c61@group-F8091CFEDA8C-LeaderElection21] INFO  server.RaftServerConfigKeys (ConfUtils.java:logGet(43)) - raft.server.watch.element-limit = 65536 (default)
2019-10-21 10:10:14,492 [99861a18-d503-4129-9ff7-8353a6232c61@group-F8091CFEDA8C-LeaderElection21] INFO  server.RaftServerConfigKeys (ConfUtils.java:logGet(43)) - raft.server.log.appender.snapshot.chunk.size.max = 16MB (=16777216) (default)
2019-10-21 10:10:14,493 [99861a18-d503-4129-9ff7-8353a6232c61@group-F8091CFEDA8C-LeaderElection21] INFO  server.RaftServerConfigKeys (ConfUtils.java:logGet(43)) - raft.server.log.appender.buffer.byte-limit = 33554432 (custom)
2019-10-21 10:10:14,493 [99861a18-d503-4129-9ff7-8353a6232c61@group-F8091CFEDA8C-LeaderElection21] INFO  server.RaftServerConfigKeys (ConfUtils.java:logGet(43)) - raft.server.log.appender.buffer.element-limit = 1 (custom)
2019-10-21 10:10:14,493 [99861a18-d503-4129-9ff7-8353a6232c61@group-F8091CFEDA8C-LeaderElection21] INFO  grpc.GrpcConfigKeys$Server (ConfUtils.java:logGet(43)) - raft.grpc.server.leader.outstanding.appends.max = 128 (default)
2019-10-21 10:10:14,493 [99861a18-d503-4129-9ff7-8353a6232c61@group-F8091CFEDA8C-LeaderElection21] INFO  server.RaftServerConfigKeys (ConfUtils.java:logGet(43)) - raft.server.rpc.request.timeout = 3000ms (default)
2019-10-21 10:10:14,494 [99861a18-d503-4129-9ff7-8353a6232c61@group-F8091CFEDA8C-LeaderElection21] INFO  server.RaftServerConfigKeys (ConfUtils.java:logGet(43)) - raft.server.log.appender.install.snapshot.enabled = false (custom)
2019-10-21 10:10:14,494 [99861a18-d503-4129-9ff7-8353a6232c61@group-F8091CFEDA8C-LeaderElection21] INFO  server.RaftServerConfigKeys (ConfUtils.java:logGet(43)) - raft.server.log.appender.snapshot.chunk.size.max = 16MB (=16777216) (default)
2019-10-21 10:10:14,494 [99861a18-d503-4129-9ff7-8353a6232c61@group-F8091CFEDA8C-LeaderElection21] INFO  server.RaftServerConfigKeys (ConfUtils.java:logGet(43)) - raft.server.log.appender.buffer.byte-limit = 33554432 (custom)
2019-10-21 10:10:14,494 [99861a18-d503-4129-9ff7-8353a6232c61@group-F8091CFEDA8C-LeaderElection21] INFO  server.RaftServerConfigKeys (ConfUtils.java:logGet(43)) - raft.server.log.appender.buffer.element-limit = 1 (custom)
2019-10-21 10:10:14,495 [99861a18-d503-4129-9ff7-8353a6232c61@group-F8091CFEDA8C-LeaderElection21] INFO  grpc.GrpcConfigKeys$Server (ConfUtils.java:logGet(43)) - raft.grpc.server.leader.outstanding.appends.max = 128 (default)
2019-10-21 10:10:14,495 [99861a18-d503-4129-9ff7-8353a6232c61@group-F8091CFEDA8C-LeaderElection21] INFO  server.RaftServerConfigKeys (ConfUtils.java:logGet(43)) - raft.server.rpc.request.timeout = 3000ms (default)
2019-10-21 10:10:14,495 [99861a18-d503-4129-9ff7-8353a6232c61@group-F8091CFEDA8C-LeaderElection21] INFO  server.RaftServerConfigKeys (ConfUtils.java:logGet(43)) - raft.server.log.appender.install.snapshot.enabled = false (custom)
2019-10-21 10:10:14,495 [99861a18-d503-4129-9ff7-8353a6232c61@group-F8091CFEDA8C-LeaderElection21] INFO  impl.RoleInfo (RoleInfo.java:updateAndGet(143)) - 99861a18-d503-4129-9ff7-8353a6232c61: start LeaderState
2019-10-21 10:10:14,496 [99861a18-d503-4129-9ff7-8353a6232c61@group-F8091CFEDA8C-LeaderElection21] INFO  segmented.SegmentedRaftLogWorker (SegmentedRaftLogWorker.java:startLogSegment(385)) - 99861a18-d503-4129-9ff7-8353a6232c61@group-F8091CFEDA8C-SegmentedRaftLogWorker: Starting segment from index:0
2019-10-21 10:10:14,528 [99861a18-d503-4129-9ff7-8353a6232c61@group-F8091CFEDA8C-LeaderElection21] INFO  impl.RaftServerImpl (ServerState.java:setRaftConf(356)) - 99861a18-d503-4129-9ff7-8353a6232c61@group-F8091CFEDA8C: set configuration 0: [78c47ad4-0af2-46b1-bc03-cf5609da7b41:192.168.34.51:44563, 99861a18-d503-4129-9ff7-8353a6232c61:192.168.34.51:35086, f8f2a133-6537-47b7-973c-ae1bdc39cdf8:192.168.34.51:45889], old=null at 0
2019-10-21 10:10:14,531 [grpc-default-executor-5] INFO  impl.RaftServerImpl (ServerState.java:setLeader(255)) - f8f2a133-6537-47b7-973c-ae1bdc39cdf8@group-F8091CFEDA8C: change Leader from null to 99861a18-d503-4129-9ff7-8353a6232c61 at term 1 for appendEntries, leader elected after 5181ms
2019-10-21 10:10:14,534 [grpc-default-executor-2] INFO  impl.RaftServerImpl (ServerState.java:setLeader(255)) - 78c47ad4-0af2-46b1-bc03-cf5609da7b41@group-F8091CFEDA8C: change Leader from null to 99861a18-d503-4129-9ff7-8353a6232c61 at term 1 for appendEntries, leader elected after 5183ms
2019-10-21 10:10:14,540 [grpc-default-executor-5] INFO  impl.RaftServerImpl (ServerState.java:setRaftConf(356)) - 78c47ad4-0af2-46b1-bc03-cf5609da7b41@group-F8091CFEDA8C: set configuration 0: [78c47ad4-0af2-46b1-bc03-cf5609da7b41:192.168.34.51:44563, 99861a18-d503-4129-9ff7-8353a6232c61:192.168.34.51:35086, f8f2a133-6537-47b7-973c-ae1bdc39cdf8:192.168.34.51:45889], old=null at 0
2019-10-21 10:10:14,541 [grpc-default-executor-2] INFO  impl.RaftServerImpl (ServerState.java:setRaftConf(356)) - f8f2a133-6537-47b7-973c-ae1bdc39cdf8@group-F8091CFEDA8C: set configuration 0: [78c47ad4-0af2-46b1-bc03-cf5609da7b41:192.168.34.51:44563, 99861a18-d503-4129-9ff7-8353a6232c61:192.168.34.51:35086, f8f2a133-6537-47b7-973c-ae1bdc39cdf8:192.168.34.51:45889], old=null at 0
2019-10-21 10:10:14,541 [grpc-default-executor-5] INFO  segmented.SegmentedRaftLogWorker (SegmentedRaftLogWorker.java:startLogSegment(385)) - 78c47ad4-0af2-46b1-bc03-cf5609da7b41@group-F8091CFEDA8C-SegmentedRaftLogWorker: Starting segment from index:0
2019-10-21 10:10:14,541 [99861a18-d503-4129-9ff7-8353a6232c61@group-F8091CFEDA8C-SegmentedRaftLogWorker] INFO  segmented.SegmentedRaftLogWorker (SegmentedRaftLogWorker.java:execute(574)) - 99861a18-d503-4129-9ff7-8353a6232c61@group-F8091CFEDA8C-SegmentedRaftLogWorker: created new log segment /workdir/hadoop-ozone/integration-test/target/test-dir/MiniOzoneClusterImpl-69f13c50-7f04-4373-b728-745ac2dd16f0/datanode-0/data/ratis/96af8349-46f2-4f71-ac67-f8091cfeda8c/current/log_inprogress_0
2019-10-21 10:10:14,541 [grpc-default-executor-2] INFO  segmented.SegmentedRaftLogWorker (SegmentedRaftLogWorker.java:startLogSegment(385)) - f8f2a133-6537-47b7-973c-ae1bdc39cdf8@group-F8091CFEDA8C-SegmentedRaftLogWorker: Starting segment from index:0
2019-10-21 10:10:14,582 [f8f2a133-6537-47b7-973c-ae1bdc39cdf8@group-F8091CFEDA8C-SegmentedRaftLogWorker] INFO  segmented.SegmentedRaftLogWorker (SegmentedRaftLogWorker.java:execute(574)) - f8f2a133-6537-47b7-973c-ae1bdc39cdf8@group-F8091CFEDA8C-SegmentedRaftLogWorker: created new log segment /workdir/hadoop-ozone/integration-test/target/test-dir/MiniOzoneClusterImpl-69f13c50-7f04-4373-b728-745ac2dd16f0/datanode-1/data/ratis/96af8349-46f2-4f71-ac67-f8091cfeda8c/current/log_inprogress_0
2019-10-21 10:10:14,584 [78c47ad4-0af2-46b1-bc03-cf5609da7b41@group-F8091CFEDA8C-SegmentedRaftLogWorker] INFO  segmented.SegmentedRaftLogWorker (SegmentedRaftLogWorker.java:execute(574)) - 78c47ad4-0af2-46b1-bc03-cf5609da7b41@group-F8091CFEDA8C-SegmentedRaftLogWorker: created new log segment /workdir/hadoop-ozone/integration-test/target/test-dir/MiniOzoneClusterImpl-69f13c50-7f04-4373-b728-745ac2dd16f0/datanode-2/data/ratis/96af8349-46f2-4f71-ac67-f8091cfeda8c/current/log_inprogress_0
2019-10-21 10:10:14,745 [Thread-732] INFO  impl.FollowerState (FollowerState.java:run(108)) - fa3142a2-adde-46b7-a2ef-9df891d79902@group-4AC76B4F540C-FollowerState: change to CANDIDATE, lastRpcTime:5022ms, electionTimeout:5022ms
2019-10-21 10:10:14,746 [Thread-732] INFO  impl.RoleInfo (RoleInfo.java:shutdownFollowerState(121)) - fa3142a2-adde-46b7-a2ef-9df891d79902: shutdown FollowerState
2019-10-21 10:10:14,746 [Thread-732] INFO  impl.RaftServerImpl (RaftServerImpl.java:setRole(170)) - fa3142a2-adde-46b7-a2ef-9df891d79902@group-4AC76B4F540C: changes role from  FOLLOWER to CANDIDATE at term 0 for changeToCandidate
2019-10-21 10:10:14,746 [Thread-732] INFO  impl.RoleInfo (RoleInfo.java:updateAndGet(143)) - fa3142a2-adde-46b7-a2ef-9df891d79902: start LeaderElection
2019-10-21 10:10:14,765 [fa3142a2-adde-46b7-a2ef-9df891d79902@group-4AC76B4F540C-LeaderElection22] INFO  impl.LeaderElection (LeaderElection.java:askForVotes(178)) - fa3142a2-adde-46b7-a2ef-9df891d79902@group-4AC76B4F540C-LeaderElection22: begin an election at term 1 for -1: [fa3142a2-adde-46b7-a2ef-9df891d79902:192.168.34.51:46444, 183955f6-ffa1-4a4f-9222-7d6f75fc44a2:192.168.34.51:33782, 6775f5da-69cc-4f6e-9afd-b6c7beb51fd2:192.168.34.51:35914], old=null
2019-10-21 10:10:14,773 [grpc-default-executor-5] INFO  impl.RaftServerImpl (RaftServerImpl.java:setRole(170)) - 183955f6-ffa1-4a4f-9222-7d6f75fc44a2@group-4AC76B4F540C: changes role from  FOLLOWER to FOLLOWER at term 1 for recognizeCandidate:fa3142a2-adde-46b7-a2ef-9df891d79902
2019-10-21 10:10:14,773 [grpc-default-executor-5] INFO  impl.RoleInfo (RoleInfo.java:shutdownFollowerState(121)) - 183955f6-ffa1-4a4f-9222-7d6f75fc44a2: shutdown FollowerState
2019-10-21 10:10:14,773 [grpc-default-executor-2] INFO  impl.RaftServerImpl (RaftServerImpl.java:setRole(170)) - 6775f5da-69cc-4f6e-9afd-b6c7beb51fd2@group-4AC76B4F540C: changes role from  FOLLOWER to FOLLOWER at term 1 for recognizeCandidate:fa3142a2-adde-46b7-a2ef-9df891d79902
2019-10-21 10:10:14,773 [Thread-736] INFO  impl.FollowerState (FollowerState.java:run(117)) - 183955f6-ffa1-4a4f-9222-7d6f75fc44a2@group-4AC76B4F540C-FollowerState was interrupted: java.lang.InterruptedException: sleep interrupted
2019-10-21 10:10:14,773 [grpc-default-executor-5] INFO  impl.RoleInfo (RoleInfo.java:updateAndGet(143)) - 183955f6-ffa1-4a4f-9222-7d6f75fc44a2: start FollowerState
2019-10-21 10:10:14,773 [grpc-default-executor-2] INFO  impl.RoleInfo (RoleInfo.java:shutdownFollowerState(121)) - 6775f5da-69cc-4f6e-9afd-b6c7beb51fd2: shutdown FollowerState
2019-10-21 10:10:14,775 [Thread-737] INFO  impl.FollowerState (FollowerState.java:run(117)) - 6775f5da-69cc-4f6e-9afd-b6c7beb51fd2@group-4AC76B4F540C-FollowerState was interrupted: java.lang.InterruptedException: sleep interrupted
2019-10-21 10:10:14,775 [grpc-default-executor-2] INFO  impl.RoleInfo (RoleInfo.java:updateAndGet(143)) - 6775f5da-69cc-4f6e-9afd-b6c7beb51fd2: start FollowerState
2019-10-21 10:10:14,792 [fa3142a2-adde-46b7-a2ef-9df891d79902@group-4AC76B4F540C-LeaderElection22] INFO  impl.LeaderElection (LeaderElection.java:logAndReturn(56)) - fa3142a2-adde-46b7-a2ef-9df891d79902@group-4AC76B4F540C-LeaderElection22: Election PASSED; received 1 response(s) [fa3142a2-adde-46b7-a2ef-9df891d79902<-6775f5da-69cc-4f6e-9afd-b6c7beb51fd2#0:OK-t1] and 0 exception(s); fa3142a2-adde-46b7-a2ef-9df891d79902@group-4AC76B4F540C:t1, leader=null, voted=fa3142a2-adde-46b7-a2ef-9df891d79902, raftlog=fa3142a2-adde-46b7-a2ef-9df891d79902@group-4AC76B4F540C-SegmentedRaftLog:OPENED:c-1,f-1,i0, conf=-1: [fa3142a2-adde-46b7-a2ef-9df891d79902:192.168.34.51:46444, 183955f6-ffa1-4a4f-9222-7d6f75fc44a2:192.168.34.51:33782, 6775f5da-69cc-4f6e-9afd-b6c7beb51fd2:192.168.34.51:35914], old=null
2019-10-21 10:10:14,792 [fa3142a2-adde-46b7-a2ef-9df891d79902@group-4AC76B4F540C-LeaderElection22] INFO  impl.RoleInfo (RoleInfo.java:shutdownLeaderElection(134)) - fa3142a2-adde-46b7-a2ef-9df891d79902: shutdown LeaderElection
2019-10-21 10:10:14,792 [fa3142a2-adde-46b7-a2ef-9df891d79902@group-4AC76B4F540C-LeaderElection22] INFO  impl.RaftServerImpl (RaftServerImpl.java:setRole(170)) - fa3142a2-adde-46b7-a2ef-9df891d79902@group-4AC76B4F540C: changes role from CANDIDATE to LEADER at term 1 for changeToLeader
2019-10-21 10:10:14,792 [fa3142a2-adde-46b7-a2ef-9df891d79902@group-4AC76B4F540C-LeaderElection22] INFO  impl.RaftServerImpl (ServerState.java:setLeader(255)) - fa3142a2-adde-46b7-a2ef-9df891d79902@group-4AC76B4F540C: change Leader from null to fa3142a2-adde-46b7-a2ef-9df891d79902 at term 1 for becomeLeader, leader elected after 5080ms
2019-10-21 10:10:14,794 [fa3142a2-adde-46b7-a2ef-9df891d79902@group-4AC76B4F540C-LeaderElection22] INFO  server.RaftServerConfigKeys (ConfUtils.java:logGet(43)) - raft.server.staging.catchup.gap = 1000 (default)
2019-10-21 10:10:14,794 [fa3142a2-adde-46b7-a2ef-9df891d79902@group-4AC76B4F540C-LeaderElection22] INFO  server.RaftServerConfigKeys (ConfUtils.java:logGet(43)) - raft.server.rpc.sleep.time = 25ms (default)
2019-10-21 10:10:14,795 [fa3142a2-adde-46b7-a2ef-9df891d79902@group-4AC76B4F540C-LeaderElection22] INFO  server.RaftServerConfigKeys (ConfUtils.java:logGet(43)) - raft.server.write.element-limit = 4096 (default)
2019-10-21 10:10:14,795 [fa3142a2-adde-46b7-a2ef-9df891d79902@group-4AC76B4F540C-LeaderElection22] INFO  server.RaftServerConfigKeys (ConfUtils.java:logGet(43)) - raft.server.watch.timeout = 10s (default)
2019-10-21 10:10:14,795 [fa3142a2-adde-46b7-a2ef-9df891d79902@group-4AC76B4F540C-LeaderElection22] INFO  server.RaftServerConfigKeys (ConfUtils.java:logGet(43)) - raft.server.watch.timeout.denomination = 1s (default)
2019-10-21 10:10:14,795 [fa3142a2-adde-46b7-a2ef-9df891d79902@group-4AC76B4F540C-LeaderElection22] INFO  server.RaftServerConfigKeys (ConfUtils.java:logGet(43)) - raft.server.watch.element-limit = 65536 (default)
2019-10-21 10:10:14,798 [fa3142a2-adde-46b7-a2ef-9df891d79902@group-4AC76B4F540C-LeaderElection22] INFO  server.RaftServerConfigKeys (ConfUtils.java:logGet(43)) - raft.server.log.appender.snapshot.chunk.size.max = 16MB (=16777216) (default)
2019-10-21 10:10:14,798 [fa3142a2-adde-46b7-a2ef-9df891d79902@group-4AC76B4F540C-LeaderElection22] INFO  server.RaftServerConfigKeys (ConfUtils.java:logGet(43)) - raft.server.log.appender.buffer.byte-limit = 33554432 (custom)
2019-10-21 10:10:14,799 [fa3142a2-adde-46b7-a2ef-9df891d79902@group-4AC76B4F540C-LeaderElection22] INFO  server.RaftServerConfigKeys (ConfUtils.java:logGet(43)) - raft.server.log.appender.buffer.element-limit = 1 (custom)
2019-10-21 10:10:14,799 [fa3142a2-adde-46b7-a2ef-9df891d79902@group-4AC76B4F540C-LeaderElection22] INFO  grpc.GrpcConfigKeys$Server (ConfUtils.java:logGet(43)) - raft.grpc.server.leader.outstanding.appends.max = 128 (default)
2019-10-21 10:10:14,799 [fa3142a2-adde-46b7-a2ef-9df891d79902@group-4AC76B4F540C-LeaderElection22] INFO  server.RaftServerConfigKeys (ConfUtils.java:logGet(43)) - raft.server.rpc.request.timeout = 3000ms (default)
2019-10-21 10:10:14,799 [fa3142a2-adde-46b7-a2ef-9df891d79902@group-4AC76B4F540C-LeaderElection22] INFO  server.RaftServerConfigKeys (ConfUtils.java:logGet(43)) - raft.server.log.appender.install.snapshot.enabled = false (custom)
2019-10-21 10:10:14,800 [fa3142a2-adde-46b7-a2ef-9df891d79902@group-4AC76B4F540C-LeaderElection22] INFO  server.RaftServerConfigKeys (ConfUtils.java:logGet(43)) - raft.server.log.appender.snapshot.chunk.size.max = 16MB (=16777216) (default)
2019-10-21 10:10:14,800 [fa3142a2-adde-46b7-a2ef-9df891d79902@group-4AC76B4F540C-LeaderElection22] INFO  server.RaftServerConfigKeys (ConfUtils.java:logGet(43)) - raft.server.log.appender.buffer.byte-limit = 33554432 (custom)
2019-10-21 10:10:14,800 [fa3142a2-adde-46b7-a2ef-9df891d79902@group-4AC76B4F540C-LeaderElection22] INFO  server.RaftServerConfigKeys (ConfUtils.java:logGet(43)) - raft.server.log.appender.buffer.element-limit = 1 (custom)
2019-10-21 10:10:14,800 [fa3142a2-adde-46b7-a2ef-9df891d79902@group-4AC76B4F540C-LeaderElection22] INFO  grpc.GrpcConfigKeys$Server (ConfUtils.java:logGet(43)) - raft.grpc.server.leader.outstanding.appends.max = 128 (default)
2019-10-21 10:10:14,800 [fa3142a2-adde-46b7-a2ef-9df891d79902@group-4AC76B4F540C-LeaderElection22] INFO  server.RaftServerConfigKeys (ConfUtils.java:logGet(43)) - raft.server.rpc.request.timeout = 3000ms (default)
2019-10-21 10:10:14,801 [fa3142a2-adde-46b7-a2ef-9df891d79902@group-4AC76B4F540C-LeaderElection22] INFO  server.RaftServerConfigKeys (ConfUtils.java:logGet(43)) - raft.server.log.appender.install.snapshot.enabled = false (custom)
2019-10-21 10:10:14,801 [fa3142a2-adde-46b7-a2ef-9df891d79902@group-4AC76B4F540C-LeaderElection22] INFO  impl.RoleInfo (RoleInfo.java:updateAndGet(143)) - fa3142a2-adde-46b7-a2ef-9df891d79902: start LeaderState
2019-10-21 10:10:14,801 [fa3142a2-adde-46b7-a2ef-9df891d79902@group-4AC76B4F540C-LeaderElection22] INFO  segmented.SegmentedRaftLogWorker (SegmentedRaftLogWorker.java:startLogSegment(385)) - fa3142a2-adde-46b7-a2ef-9df891d79902@group-4AC76B4F540C-SegmentedRaftLogWorker: Starting segment from index:0
2019-10-21 10:10:14,802 [fa3142a2-adde-46b7-a2ef-9df891d79902@group-4AC76B4F540C-LeaderElection22] INFO  impl.RaftServerImpl (ServerState.java:setRaftConf(356)) - fa3142a2-adde-46b7-a2ef-9df891d79902@group-4AC76B4F540C: set configuration 0: [fa3142a2-adde-46b7-a2ef-9df891d79902:192.168.34.51:46444, 183955f6-ffa1-4a4f-9222-7d6f75fc44a2:192.168.34.51:33782, 6775f5da-69cc-4f6e-9afd-b6c7beb51fd2:192.168.34.51:35914], old=null at 0
2019-10-21 10:10:14,837 [grpc-default-executor-2] INFO  impl.RaftServerImpl (ServerState.java:setLeader(255)) - 6775f5da-69cc-4f6e-9afd-b6c7beb51fd2@group-4AC76B4F540C: change Leader from null to fa3142a2-adde-46b7-a2ef-9df891d79902 at term 1 for appendEntries, leader elected after 5124ms
2019-10-21 10:10:14,837 [grpc-default-executor-5] INFO  impl.RaftServerImpl (ServerState.java:setLeader(255)) - 183955f6-ffa1-4a4f-9222-7d6f75fc44a2@group-4AC76B4F540C: change Leader from null to fa3142a2-adde-46b7-a2ef-9df891d79902 at term 1 for appendEntries, leader elected after 5124ms
2019-10-21 10:10:14,849 [fa3142a2-adde-46b7-a2ef-9df891d79902@group-4AC76B4F540C-SegmentedRaftLogWorker] INFO  segmented.SegmentedRaftLogWorker (SegmentedRaftLogWorker.java:execute(574)) - fa3142a2-adde-46b7-a2ef-9df891d79902@group-4AC76B4F540C-SegmentedRaftLogWorker: created new log segment /workdir/hadoop-ozone/integration-test/target/test-dir/MiniOzoneClusterImpl-69f13c50-7f04-4373-b728-745ac2dd16f0/datanode-6/data/ratis/5a881099-1ebb-4e65-b172-4ac76b4f540c/current/log_inprogress_0
2019-10-21 10:10:14,849 [grpc-default-executor-5] INFO  impl.RaftServerImpl (ServerState.java:setRaftConf(356)) - 6775f5da-69cc-4f6e-9afd-b6c7beb51fd2@group-4AC76B4F540C: set configuration 0: [fa3142a2-adde-46b7-a2ef-9df891d79902:192.168.34.51:46444, 183955f6-ffa1-4a4f-9222-7d6f75fc44a2:192.168.34.51:33782, 6775f5da-69cc-4f6e-9afd-b6c7beb51fd2:192.168.34.51:35914], old=null at 0
2019-10-21 10:10:14,851 [grpc-default-executor-5] INFO  segmented.SegmentedRaftLogWorker (SegmentedRaftLogWorker.java:startLogSegment(385)) - 6775f5da-69cc-4f6e-9afd-b6c7beb51fd2@group-4AC76B4F540C-SegmentedRaftLogWorker: Starting segment from index:0
2019-10-21 10:10:14,851 [grpc-default-executor-2] INFO  impl.RaftServerImpl (ServerState.java:setRaftConf(356)) - 183955f6-ffa1-4a4f-9222-7d6f75fc44a2@group-4AC76B4F540C: set configuration 0: [fa3142a2-adde-46b7-a2ef-9df891d79902:192.168.34.51:46444, 183955f6-ffa1-4a4f-9222-7d6f75fc44a2:192.168.34.51:33782, 6775f5da-69cc-4f6e-9afd-b6c7beb51fd2:192.168.34.51:35914], old=null at 0
2019-10-21 10:10:14,852 [grpc-default-executor-2] INFO  segmented.SegmentedRaftLogWorker (SegmentedRaftLogWorker.java:startLogSegment(385)) - 183955f6-ffa1-4a4f-9222-7d6f75fc44a2@group-4AC76B4F540C-SegmentedRaftLogWorker: Starting segment from index:0
2019-10-21 10:10:14,901 [6775f5da-69cc-4f6e-9afd-b6c7beb51fd2@group-4AC76B4F540C-SegmentedRaftLogWorker] INFO  segmented.SegmentedRaftLogWorker (SegmentedRaftLogWorker.java:execute(574)) - 6775f5da-69cc-4f6e-9afd-b6c7beb51fd2@group-4AC76B4F540C-SegmentedRaftLogWorker: created new log segment /workdir/hadoop-ozone/integration-test/target/test-dir/MiniOzoneClusterImpl-69f13c50-7f04-4373-b728-745ac2dd16f0/datanode-4/data/ratis/5a881099-1ebb-4e65-b172-4ac76b4f540c/current/log_inprogress_0
2019-10-21 10:10:14,901 [183955f6-ffa1-4a4f-9222-7d6f75fc44a2@group-4AC76B4F540C-SegmentedRaftLogWorker] INFO  segmented.SegmentedRaftLogWorker (SegmentedRaftLogWorker.java:execute(574)) - 183955f6-ffa1-4a4f-9222-7d6f75fc44a2@group-4AC76B4F540C-SegmentedRaftLogWorker: created new log segment /workdir/hadoop-ozone/integration-test/target/test-dir/MiniOzoneClusterImpl-69f13c50-7f04-4373-b728-745ac2dd16f0/datanode-3/data/ratis/5a881099-1ebb-4e65-b172-4ac76b4f540c/current/log_inprogress_0
2019-10-21 10:10:15,144 [RatisApplyTransactionExecutor 1] ERROR ratis.ContainerStateMachine (ContainerStateMachine.java:lambda$applyTransaction$6(739)) - gid group-F8091CFEDA8C : ApplyTransaction failed. cmd CreateContainer logIndex 7 exception {}
java.lang.IllegalArgumentException
	at com.google.common.base.Preconditions.checkArgument(Preconditions.java:72)
	at org.apache.hadoop.ozone.container.keyvalue.KeyValueHandler.handleCreateContainer(KeyValueHandler.java:217)
	at org.apache.hadoop.ozone.container.keyvalue.KeyValueHandler.handle(KeyValueHandler.java:152)
	at org.apache.hadoop.ozone.container.common.impl.HddsDispatcher.dispatchRequest(HddsDispatcher.java:277)
	at org.apache.hadoop.ozone.container.common.impl.HddsDispatcher.dispatch(HddsDispatcher.java:150)
	at org.apache.hadoop.ozone.container.common.transport.server.ratis.ContainerStateMachine.dispatchCommand(ContainerStateMachine.java:413)
	at org.apache.hadoop.ozone.container.common.transport.server.ratis.ContainerStateMachine.runCommand(ContainerStateMachine.java:423)
	at org.apache.hadoop.ozone.container.common.transport.server.ratis.ContainerStateMachine.lambda$applyTransaction$6(ContainerStateMachine.java:737)
	at java.util.concurrent.CompletableFuture$AsyncSupply.run(CompletableFuture.java:1590)
	at java.util.concurrent.ThreadPoolExecutor.runWorker(ThreadPoolExecutor.java:1149)
	at java.util.concurrent.ThreadPoolExecutor$Worker.run(ThreadPoolExecutor.java:624)
	at java.lang.Thread.run(Thread.java:748)
2019-10-21 10:10:15,146 [RatisApplyTransactionExecutor 1] ERROR ratis.ContainerStateMachine (ContainerStateMachine.java:lambda$applyTransaction$6(739)) - gid group-F8091CFEDA8C : ApplyTransaction failed. cmd CreateContainer logIndex 7 exception {}
java.lang.IllegalArgumentException
	at com.google.common.base.Preconditions.checkArgument(Preconditions.java:72)
	at org.apache.hadoop.ozone.container.keyvalue.KeyValueHandler.handleCreateContainer(KeyValueHandler.java:217)
	at org.apache.hadoop.ozone.container.keyvalue.KeyValueHandler.handle(KeyValueHandler.java:152)
	at org.apache.hadoop.ozone.container.common.impl.HddsDispatcher.dispatchRequest(HddsDispatcher.java:277)
	at org.apache.hadoop.ozone.container.common.impl.HddsDispatcher.dispatch(HddsDispatcher.java:150)
	at org.apache.hadoop.ozone.container.common.transport.server.ratis.ContainerStateMachine.dispatchCommand(ContainerStateMachine.java:413)
	at org.apache.hadoop.ozone.container.common.transport.server.ratis.ContainerStateMachine.runCommand(ContainerStateMachine.java:423)
	at org.apache.hadoop.ozone.container.common.transport.server.ratis.ContainerStateMachine.lambda$applyTransaction$6(ContainerStateMachine.java:737)
	at java.util.concurrent.CompletableFuture$AsyncSupply.run(CompletableFuture.java:1590)
	at java.util.concurrent.ThreadPoolExecutor.runWorker(ThreadPoolExecutor.java:1149)
	at java.util.concurrent.ThreadPoolExecutor$Worker.run(ThreadPoolExecutor.java:624)
	at java.lang.Thread.run(Thread.java:748)
2019-10-21 10:10:15,147 [RatisApplyTransactionExecutor 1] ERROR ratis.ContainerStateMachine (ContainerStateMachine.java:lambda$applyTransaction$6(739)) - gid group-F8091CFEDA8C : ApplyTransaction failed. cmd CreateContainer logIndex 7 exception {}
java.lang.IllegalArgumentException
	at com.google.common.base.Preconditions.checkArgument(Preconditions.java:72)
	at org.apache.hadoop.ozone.container.keyvalue.KeyValueHandler.handleCreateContainer(KeyValueHandler.java:217)
	at org.apache.hadoop.ozone.container.keyvalue.KeyValueHandler.handle(KeyValueHandler.java:152)
	at org.apache.hadoop.ozone.container.common.impl.HddsDispatcher.dispatchRequest(HddsDispatcher.java:277)
	at org.apache.hadoop.ozone.container.common.impl.HddsDispatcher.dispatch(HddsDispatcher.java:150)
	at org.apache.hadoop.ozone.container.common.transport.server.ratis.ContainerStateMachine.dispatchCommand(ContainerStateMachine.java:413)
	at org.apache.hadoop.ozone.container.common.transport.server.ratis.ContainerStateMachine.runCommand(ContainerStateMachine.java:423)
	at org.apache.hadoop.ozone.container.common.transport.server.ratis.ContainerStateMachine.lambda$applyTransaction$6(ContainerStateMachine.java:737)
	at java.util.concurrent.CompletableFuture$AsyncSupply.run(CompletableFuture.java:1590)
	at java.util.concurrent.ThreadPoolExecutor.runWorker(ThreadPoolExecutor.java:1149)
	at java.util.concurrent.ThreadPoolExecutor$Worker.run(ThreadPoolExecutor.java:624)
	at java.lang.Thread.run(Thread.java:748)
2019-10-21 10:11:47,062 [main] INFO  ozone.MiniOzoneClusterImpl (MiniOzoneClusterImpl.java:shutdown(314)) - Shutting down the Mini Ozone Cluster
2019-10-21 10:11:47,063 [main] INFO  ozone.MiniOzoneClusterImpl (MiniOzoneClusterImpl.java:stop(330)) - Stopping the Mini Ozone Cluster
2019-10-21 10:11:47,063 [main] INFO  ozone.MiniOzoneClusterImpl (MiniOzoneClusterImpl.java:stopOM(400)) - Stopping the OzoneManager
2019-10-21 10:11:47,064 [main] INFO  ipc.Server (Server.java:stop(3082)) - Stopping server on 45993
2019-10-21 10:11:47,080 [IPC Server listener on 45993] INFO  ipc.Server (Server.java:run(1185)) - Stopping IPC Server listener on 45993
2019-10-21 10:11:47,087 [IPC Server Responder] INFO  ipc.Server (Server.java:run(1319)) - Stopping IPC Server Responder
2019-10-21 10:11:47,080 [main] INFO  ratis.OzoneManagerDoubleBuffer (OzoneManagerDoubleBuffer.java:stop(250)) - Stopping OMDoubleBuffer flush thread
2019-10-21 10:11:47,109 [OMDoubleBufferFlushThread] INFO  ratis.OzoneManagerDoubleBuffer (OzoneManagerDoubleBuffer.java:flushTransactions(193)) - OMDoubleBuffer flush thread OMDoubleBufferFlushThread is interrupted and will exit. OMDoubleBufferFlushThread
2019-10-21 10:11:47,110 [main] INFO  utils.BackgroundService (BackgroundService.java:shutdown(151)) - Shutting down service KeyDeletingService
2019-10-21 10:11:47,115 [main] INFO  handler.ContextHandler (ContextHandler.java:doStop(910)) - Stopped o.e.j.w.WebAppContext@5e9f73b{/,null,UNAVAILABLE}{/ozoneManager}
2019-10-21 10:11:47,116 [main] INFO  server.AbstractConnector (AbstractConnector.java:doStop(318)) - Stopped ServerConnector@1a565afb{HTTP/1.1,[http/1.1]}{0.0.0.0:0}
2019-10-21 10:11:47,117 [main] INFO  handler.ContextHandler (ContextHandler.java:doStop(910)) - Stopped o.e.j.s.ServletContextHandler@6a1d6ef2{/static,file:///workdir/hadoop-ozone/integration-test/target/test-classes/webapps/static,UNAVAILABLE}
2019-10-21 10:11:47,117 [main] INFO  handler.ContextHandler (ContextHandler.java:doStop(910)) - Stopped o.e.j.s.ServletContextHandler@42cc183e{/logs,file:///workdir/hadoop-ozone/integration-test/target/log,UNAVAILABLE}
2019-10-21 10:11:47,122 [main] INFO  ozone.MiniOzoneClusterImpl (MiniOzoneClusterImpl.java:stopDatanodes(377)) - Stopping the HddsDatanodes
2019-10-21 10:11:47,148 [Datanode State Machine Thread - 0] INFO  statemachine.DatanodeStateMachine (DatanodeStateMachine.java:lambda$startDaemon$0(350)) - Ozone container server started.
2019-10-21 10:11:47,494 [Datanode State Machine Thread - 0] INFO  statemachine.DatanodeStateMachine (DatanodeStateMachine.java:lambda$startDaemon$0(350)) - Ozone container server started.
2019-10-21 10:11:52,125 [ForkJoinPool.commonPool-worker-0] INFO  ozoneimpl.OzoneContainer (OzoneContainer.java:stop(227)) - Attempting to stop container services.
2019-10-21 10:11:52,125 [main] INFO  ozoneimpl.OzoneContainer (OzoneContainer.java:stop(227)) - Attempting to stop container services.
2019-10-21 10:11:52,127 [ForkJoinPool.commonPool-worker-0] INFO  impl.RaftServerProxy (RaftServerProxy.java:lambda$close$4(314)) - f8f2a133-6537-47b7-973c-ae1bdc39cdf8: close
2019-10-21 10:11:52,128 [main] INFO  impl.RaftServerProxy (RaftServerProxy.java:lambda$close$4(314)) - 6775f5da-69cc-4f6e-9afd-b6c7beb51fd2: close
2019-10-21 10:11:52,128 [ForkJoinPool.commonPool-worker-0] INFO  impl.RaftServerImpl (RaftServerImpl.java:lambda$shutdown$3(247)) - f8f2a133-6537-47b7-973c-ae1bdc39cdf8@group-48D9FB3AC019: shutdown
2019-10-21 10:11:52,128 [main] INFO  impl.RaftServerImpl (RaftServerImpl.java:lambda$shutdown$3(247)) - 6775f5da-69cc-4f6e-9afd-b6c7beb51fd2@group-4AC76B4F540C: shutdown
2019-10-21 10:11:52,129 [ForkJoinPool.commonPool-worker-0] INFO  util.JmxRegister (JmxRegister.java:unregister(73)) - Successfully un-registered JMX Bean with object name Ratis:service=RaftServer,group=group-48D9FB3AC019,id=f8f2a133-6537-47b7-973c-ae1bdc39cdf8
2019-10-21 10:11:52,129 [main] INFO  util.JmxRegister (JmxRegister.java:unregister(73)) - Successfully un-registered JMX Bean with object name Ratis:service=RaftServer,group=group-4AC76B4F540C,id=6775f5da-69cc-4f6e-9afd-b6c7beb51fd2
2019-10-21 10:11:52,129 [ForkJoinPool.commonPool-worker-0] INFO  impl.RoleInfo (RoleInfo.java:shutdownLeaderState(104)) - f8f2a133-6537-47b7-973c-ae1bdc39cdf8: shutdown LeaderState
2019-10-21 10:11:52,130 [main] INFO  impl.RoleInfo (RoleInfo.java:shutdownFollowerState(121)) - 6775f5da-69cc-4f6e-9afd-b6c7beb51fd2: shutdown FollowerState
2019-10-21 10:11:52,130 [ForkJoinPool.commonPool-worker-0] INFO  impl.PendingRequests (PendingRequests.java:sendNotLeaderResponses(202)) - f8f2a133-6537-47b7-973c-ae1bdc39cdf8@group-48D9FB3AC019-PendingRequests: sendNotLeaderResponses
2019-10-21 10:11:52,130 [Thread-776] INFO  impl.FollowerState (FollowerState.java:run(117)) - 6775f5da-69cc-4f6e-9afd-b6c7beb51fd2@group-4AC76B4F540C-FollowerState was interrupted: java.lang.InterruptedException: sleep interrupted
2019-10-21 10:11:52,130 [main] INFO  impl.StateMachineUpdater (StateMachineUpdater.java:stopAndJoin(136)) - 6775f5da-69cc-4f6e-9afd-b6c7beb51fd2@group-4AC76B4F540C-StateMachineUpdater: set stopIndex = 0
2019-10-21 10:11:52,134 [ForkJoinPool.commonPool-worker-0] INFO  impl.StateMachineUpdater (StateMachineUpdater.java:stopAndJoin(136)) - f8f2a133-6537-47b7-973c-ae1bdc39cdf8@group-48D9FB3AC019-StateMachineUpdater: set stopIndex = 0
2019-10-21 10:11:52,134 [main] INFO  impl.RaftServerImpl (ServerState.java:close(387)) - 6775f5da-69cc-4f6e-9afd-b6c7beb51fd2@group-4AC76B4F540C: closes. applyIndex: 0
2019-10-21 10:11:52,135 [ForkJoinPool.commonPool-worker-0] INFO  impl.RaftServerImpl (ServerState.java:close(387)) - f8f2a133-6537-47b7-973c-ae1bdc39cdf8@group-48D9FB3AC019: closes. applyIndex: 0
2019-10-21 10:11:52,135 [f8f2a133-6537-47b7-973c-ae1bdc39cdf8@group-48D9FB3AC019-SegmentedRaftLogWorker] INFO  segmented.SegmentedRaftLogWorker (SegmentedRaftLogWorker.java:run(316)) - f8f2a133-6537-47b7-973c-ae1bdc39cdf8@group-48D9FB3AC019-SegmentedRaftLogWorker was interrupted, exiting. There are 0 tasks remaining in the queue.
2019-10-21 10:11:52,135 [6775f5da-69cc-4f6e-9afd-b6c7beb51fd2@group-4AC76B4F540C-SegmentedRaftLogWorker] INFO  segmented.SegmentedRaftLogWorker (SegmentedRaftLogWorker.java:run(316)) - 6775f5da-69cc-4f6e-9afd-b6c7beb51fd2@group-4AC76B4F540C-SegmentedRaftLogWorker was interrupted, exiting. There are 0 tasks remaining in the queue.
2019-10-21 10:11:52,137 [main] INFO  segmented.SegmentedRaftLogWorker (SegmentedRaftLogWorker.java:close(224)) - 6775f5da-69cc-4f6e-9afd-b6c7beb51fd2@group-4AC76B4F540C-SegmentedRaftLogWorker close()
2019-10-21 10:11:52,137 [ForkJoinPool.commonPool-worker-0] INFO  segmented.SegmentedRaftLogWorker (SegmentedRaftLogWorker.java:close(224)) - f8f2a133-6537-47b7-973c-ae1bdc39cdf8@group-48D9FB3AC019-SegmentedRaftLogWorker close()
2019-10-21 10:11:52,141 [main] INFO  server.GrpcService (GrpcService.java:closeImpl(164)) - 6775f5da-69cc-4f6e-9afd-b6c7beb51fd2: shutdown server with port 35914 now
2019-10-21 10:11:52,144 [ForkJoinPool.commonPool-worker-0] INFO  impl.RaftServerImpl (RaftServerImpl.java:lambda$shutdown$3(247)) - f8f2a133-6537-47b7-973c-ae1bdc39cdf8@group-F8091CFEDA8C: shutdown
2019-10-21 10:11:52,144 [ForkJoinPool.commonPool-worker-0] INFO  util.JmxRegister (JmxRegister.java:unregister(73)) - Successfully un-registered JMX Bean with object name Ratis:service=RaftServer,group=group-F8091CFEDA8C,id=f8f2a133-6537-47b7-973c-ae1bdc39cdf8
2019-10-21 10:11:52,145 [ForkJoinPool.commonPool-worker-0] INFO  impl.RoleInfo (RoleInfo.java:shutdownFollowerState(121)) - f8f2a133-6537-47b7-973c-ae1bdc39cdf8: shutdown FollowerState
2019-10-21 10:11:52,146 [ForkJoinPool.commonPool-worker-0] INFO  impl.StateMachineUpdater (StateMachineUpdater.java:stopAndJoin(136)) - f8f2a133-6537-47b7-973c-ae1bdc39cdf8@group-F8091CFEDA8C-StateMachineUpdater: set stopIndex = 8
2019-10-21 10:11:52,146 [Thread-762] INFO  impl.FollowerState (FollowerState.java:run(117)) - f8f2a133-6537-47b7-973c-ae1bdc39cdf8@group-F8091CFEDA8C-FollowerState was interrupted: java.lang.InterruptedException: sleep interrupted
2019-10-21 10:11:52,147 [f8f2a133-6537-47b7-973c-ae1bdc39cdf8@group-F8091CFEDA8C-StateMachineUpdater] INFO  ratis.ContainerStateMachine (ContainerStateMachine.java:takeSnapshot(294)) - group-F8091CFEDA8C: Taking a snapshot at:(t:1, i:6) file /workdir/hadoop-ozone/integration-test/target/test-dir/MiniOzoneClusterImpl-69f13c50-7f04-4373-b728-745ac2dd16f0/datanode-1/data/ratis/96af8349-46f2-4f71-ac67-f8091cfeda8c/sm/snapshot.1_6
2019-10-21 10:11:52,154 [main] INFO  server.GrpcService (GrpcService.java:closeImpl(172)) - 6775f5da-69cc-4f6e-9afd-b6c7beb51fd2: shutdown server with port 35914 successfully
2019-10-21 10:11:52,155 [grpc-default-executor-6] WARN  server.GrpcServerProtocolService (LogUtils.java:warn(134)) - 6775f5da-69cc-4f6e-9afd-b6c7beb51fd2: installSnapshot onError, lastRequest: fa3142a2-adde-46b7-a2ef-9df891d79902->6775f5da-69cc-4f6e-9afd-b6c7beb51fd2#39-t1, previous=(t:1, i:0), leaderCommit=0, initializing? false, entries: <empty>: org.apache.ratis.thirdparty.io.grpc.StatusRuntimeException: CANCELLED: cancelled before receiving half close
2019-10-21 10:11:52,156 [grpc-default-executor-2] WARN  server.GrpcLogAppender (LogUtils.java:warn(134)) - fa3142a2-adde-46b7-a2ef-9df891d79902@group-4AC76B4F540C->6775f5da-69cc-4f6e-9afd-b6c7beb51fd2-AppendLogResponseHandler: Failed appendEntries: org.apache.ratis.thirdparty.io.grpc.StatusRuntimeException: CANCELLED: HTTP/2 error code: CANCEL
Received Rst Stream
2019-10-21 10:11:52,156 [refreshUsed-/workdir/hadoop-ozone/integration-test/target/test-dir/MiniOzoneClusterImpl-69f13c50-7f04-4373-b728-745ac2dd16f0/datanode-4/data/containers] WARN  fs.CachingGetSpaceUsed (CachingGetSpaceUsed.java:run(183)) - Thread Interrupted waiting to refresh disk information: sleep interrupted
2019-10-21 10:11:52,157 [grpc-default-executor-2] INFO  impl.FollowerInfo (FollowerInfo.java:lambda$new$0(51)) - fa3142a2-adde-46b7-a2ef-9df891d79902@group-4AC76B4F540C->6775f5da-69cc-4f6e-9afd-b6c7beb51fd2: nextIndex: updateUnconditionally 1 -> 0
2019-10-21 10:11:52,163 [f8f2a133-6537-47b7-973c-ae1bdc39cdf8@group-F8091CFEDA8C-StateMachineUpdater] INFO  ratis.ContainerStateMachine (ContainerStateMachine.java:takeSnapshot(305)) - group-F8091CFEDA8C: Finished taking a snapshot at:(t:1, i:6) file:/workdir/hadoop-ozone/integration-test/target/test-dir/MiniOzoneClusterImpl-69f13c50-7f04-4373-b728-745ac2dd16f0/datanode-1/data/ratis/96af8349-46f2-4f71-ac67-f8091cfeda8c/sm/snapshot.1_6 time:17
2019-10-21 10:11:52,164 [f8f2a133-6537-47b7-973c-ae1bdc39cdf8@group-F8091CFEDA8C-StateMachineUpdater] INFO  impl.StateMachineUpdater (StateMachineUpdater.java:takeSnapshot(269)) - f8f2a133-6537-47b7-973c-ae1bdc39cdf8@group-F8091CFEDA8C-StateMachineUpdater: Took a snapshot at index 6
2019-10-21 10:11:52,164 [f8f2a133-6537-47b7-973c-ae1bdc39cdf8@group-F8091CFEDA8C-StateMachineUpdater] INFO  impl.StateMachineUpdater (StateMachineUpdater.java:lambda$new$0(84)) - f8f2a133-6537-47b7-973c-ae1bdc39cdf8@group-F8091CFEDA8C-StateMachineUpdater: snapshotIndex: updateIncreasingly -1 -> 6
2019-10-21 10:11:52,165 [f8f2a133-6537-47b7-973c-ae1bdc39cdf8@group-F8091CFEDA8C-StateMachineUpdater] INFO  ratis.ContainerStateMachine (ContainerStateMachine.java:takeSnapshot(294)) - group-F8091CFEDA8C: Taking a snapshot at:(t:1, i:6) file /workdir/hadoop-ozone/integration-test/target/test-dir/MiniOzoneClusterImpl-69f13c50-7f04-4373-b728-745ac2dd16f0/datanode-1/data/ratis/96af8349-46f2-4f71-ac67-f8091cfeda8c/sm/snapshot.1_6
2019-10-21 10:11:52,178 [f8f2a133-6537-47b7-973c-ae1bdc39cdf8@group-F8091CFEDA8C-StateMachineUpdater] INFO  ratis.ContainerStateMachine (ContainerStateMachine.java:takeSnapshot(305)) - group-F8091CFEDA8C: Finished taking a snapshot at:(t:1, i:6) file:/workdir/hadoop-ozone/integration-test/target/test-dir/MiniOzoneClusterImpl-69f13c50-7f04-4373-b728-745ac2dd16f0/datanode-1/data/ratis/96af8349-46f2-4f71-ac67-f8091cfeda8c/sm/snapshot.1_6 time:14
2019-10-21 10:11:52,178 [main] INFO  utils.BackgroundService (BackgroundService.java:shutdown(151)) - Shutting down service BlockDeletingService
2019-10-21 10:11:52,179 [f8f2a133-6537-47b7-973c-ae1bdc39cdf8@group-F8091CFEDA8C-StateMachineUpdater] INFO  impl.StateMachineUpdater (StateMachineUpdater.java:takeSnapshot(269)) - f8f2a133-6537-47b7-973c-ae1bdc39cdf8@group-F8091CFEDA8C-StateMachineUpdater: Took a snapshot at index 6
2019-10-21 10:11:52,179 [f8f2a133-6537-47b7-973c-ae1bdc39cdf8@group-F8091CFEDA8C-StateMachineUpdater] INFO  impl.StateMachineUpdater (StateMachineUpdater.java:lambda$new$0(84)) - f8f2a133-6537-47b7-973c-ae1bdc39cdf8@group-F8091CFEDA8C-StateMachineUpdater: snapshotIndex: updateIncreasingly 6 -> 6
2019-10-21 10:11:52,179 [ForkJoinPool.commonPool-worker-0] INFO  impl.RaftServerImpl (ServerState.java:close(387)) - f8f2a133-6537-47b7-973c-ae1bdc39cdf8@group-F8091CFEDA8C: closes. applyIndex: 8
2019-10-21 10:11:52,184 [main] INFO  statemachine.DatanodeStateMachine (DatanodeStateMachine.java:stopDaemon(395)) - Ozone container server stopped.
2019-10-21 10:11:52,184 [f8f2a133-6537-47b7-973c-ae1bdc39cdf8@group-F8091CFEDA8C-SegmentedRaftLogWorker] INFO  segmented.SegmentedRaftLogWorker (SegmentedRaftLogWorker.java:run(316)) - f8f2a133-6537-47b7-973c-ae1bdc39cdf8@group-F8091CFEDA8C-SegmentedRaftLogWorker was interrupted, exiting. There are 0 tasks remaining in the queue.
2019-10-21 10:11:52,186 [ForkJoinPool.commonPool-worker-0] INFO  segmented.SegmentedRaftLogWorker (SegmentedRaftLogWorker.java:close(224)) - f8f2a133-6537-47b7-973c-ae1bdc39cdf8@group-F8091CFEDA8C-SegmentedRaftLogWorker close()
2019-10-21 10:11:52,189 [ForkJoinPool.commonPool-worker-0] INFO  server.GrpcService (GrpcService.java:closeImpl(164)) - f8f2a133-6537-47b7-973c-ae1bdc39cdf8: shutdown server with port 45889 now
2019-10-21 10:11:52,190 [grpc-default-executor-4] WARN  server.GrpcServerProtocolService (LogUtils.java:warn(134)) - f8f2a133-6537-47b7-973c-ae1bdc39cdf8: installSnapshot onError, lastRequest: 99861a18-d503-4129-9ff7-8353a6232c61->f8f2a133-6537-47b7-973c-ae1bdc39cdf8#47-t1, previous=(t:1, i:8), leaderCommit=8, initializing? false, entries: <empty>: org.apache.ratis.thirdparty.io.grpc.StatusRuntimeException: CANCELLED: cancelled before receiving half close
2019-10-21 10:11:52,190 [grpc-default-executor-6] WARN  server.GrpcLogAppender (LogUtils.java:warn(134)) - 99861a18-d503-4129-9ff7-8353a6232c61@group-F8091CFEDA8C->f8f2a133-6537-47b7-973c-ae1bdc39cdf8-AppendLogResponseHandler: Failed appendEntries: org.apache.ratis.thirdparty.io.grpc.StatusRuntimeException: CANCELLED: HTTP/2 error code: CANCEL
Received Rst Stream
2019-10-21 10:11:52,193 [main] INFO  handler.ContextHandler (ContextHandler.java:doStop(910)) - Stopped o.e.j.w.WebAppContext@4f654cee{/,null,UNAVAILABLE}{/hddsDatanode}
2019-10-21 10:11:52,193 [ForkJoinPool.commonPool-worker-0] INFO  server.GrpcService (GrpcService.java:closeImpl(172)) - f8f2a133-6537-47b7-973c-ae1bdc39cdf8: shutdown server with port 45889 successfully
2019-10-21 10:11:52,193 [grpc-default-executor-6] INFO  impl.FollowerInfo (FollowerInfo.java:lambda$new$0(51)) - 99861a18-d503-4129-9ff7-8353a6232c61@group-F8091CFEDA8C->f8f2a133-6537-47b7-973c-ae1bdc39cdf8: nextIndex: updateUnconditionally 9 -> 8
2019-10-21 10:11:52,196 [grpc-default-executor-7] WARN  client.GrpcClientProtocolService (LogUtils.java:warn(134)) - 43-OrderedRequestStreamObserver43: onError: org.apache.ratis.thirdparty.io.grpc.StatusRuntimeException: CANCELLED: cancelled before receiving half close
2019-10-21 10:11:52,196 [main] INFO  server.AbstractConnector (AbstractConnector.java:doStop(318)) - Stopped ServerConnector@3e1fd62b{HTTP/1.1,[http/1.1]}{0.0.0.0:0}
2019-10-21 10:11:52,197 [main] INFO  handler.ContextHandler (ContextHandler.java:doStop(910)) - Stopped o.e.j.s.ServletContextHandler@4c6b4ed7{/static,jar:file:/home/user/.m2/repository/org/apache/hadoop/hadoop-hdds-container-service/0.5.0-SNAPSHOT/hadoop-hdds-container-service-0.5.0-SNAPSHOT.jar!/webapps/static,UNAVAILABLE}
2019-10-21 10:11:52,197 [refreshUsed-/workdir/hadoop-ozone/integration-test/target/test-dir/MiniOzoneClusterImpl-69f13c50-7f04-4373-b728-745ac2dd16f0/datanode-1/data/containers] WARN  fs.CachingGetSpaceUsed (CachingGetSpaceUsed.java:run(183)) - Thread Interrupted waiting to refresh disk information: sleep interrupted
2019-10-21 10:11:52,197 [main] INFO  handler.ContextHandler (ContextHandler.java:doStop(910)) - Stopped o.e.j.s.ServletContextHandler@39ee94de{/logs,file:///workdir/hadoop-ozone/integration-test/target/log,UNAVAILABLE}
2019-10-21 10:11:52,212 [ForkJoinPool.commonPool-worker-0] INFO  utils.BackgroundService (BackgroundService.java:shutdown(151)) - Shutting down service BlockDeletingService
2019-10-21 10:11:52,216 [ForkJoinPool.commonPool-worker-0] INFO  statemachine.DatanodeStateMachine (DatanodeStateMachine.java:stopDaemon(395)) - Ozone container server stopped.
2019-10-21 10:11:52,220 [ForkJoinPool.commonPool-worker-0] INFO  handler.ContextHandler (ContextHandler.java:doStop(910)) - Stopped o.e.j.w.WebAppContext@21a9a705{/,null,UNAVAILABLE}{/hddsDatanode}
2019-10-21 10:11:52,221 [ForkJoinPool.commonPool-worker-0] INFO  server.AbstractConnector (AbstractConnector.java:doStop(318)) - Stopped ServerConnector@72eb6200{HTTP/1.1,[http/1.1]}{0.0.0.0:0}
2019-10-21 10:11:52,222 [ForkJoinPool.commonPool-worker-0] INFO  handler.ContextHandler (ContextHandler.java:doStop(910)) - Stopped o.e.j.s.ServletContextHandler@42505474{/static,jar:file:/home/user/.m2/repository/org/apache/hadoop/hadoop-hdds-container-service/0.5.0-SNAPSHOT/hadoop-hdds-container-service-0.5.0-SNAPSHOT.jar!/webapps/static,UNAVAILABLE}
2019-10-21 10:11:52,224 [ForkJoinPool.commonPool-worker-0] INFO  handler.ContextHandler (ContextHandler.java:doStop(910)) - Stopped o.e.j.s.ServletContextHandler@539a138b{/logs,file:///workdir/hadoop-ozone/integration-test/target/log,UNAVAILABLE}
2019-10-21 10:11:52,342 [Datanode State Machine Thread - 0] INFO  statemachine.DatanodeStateMachine (DatanodeStateMachine.java:lambda$startDaemon$0(350)) - Ozone container server started.
2019-10-21 10:11:52,559 [grpc-default-executor-7] WARN  server.GrpcLogAppender (LogUtils.java:warn(134)) - fa3142a2-adde-46b7-a2ef-9df891d79902@group-4AC76B4F540C->6775f5da-69cc-4f6e-9afd-b6c7beb51fd2-AppendLogResponseHandler: Failed appendEntries: org.apache.ratis.thirdparty.io.grpc.StatusRuntimeException: UNAVAILABLE: io exception
2019-10-21 10:11:52,560 [grpc-default-executor-7] INFO  impl.FollowerInfo (FollowerInfo.java:lambda$new$0(51)) - fa3142a2-adde-46b7-a2ef-9df891d79902@group-4AC76B4F540C->6775f5da-69cc-4f6e-9afd-b6c7beb51fd2: nextIndex: updateUnconditionally 0 -> 0
2019-10-21 10:11:52,777 [grpc-default-executor-6] WARN  server.GrpcLogAppender (LogUtils.java:warn(134)) - 99861a18-d503-4129-9ff7-8353a6232c61@group-F8091CFEDA8C->f8f2a133-6537-47b7-973c-ae1bdc39cdf8-AppendLogResponseHandler: Failed appendEntries: org.apache.ratis.thirdparty.io.grpc.StatusRuntimeException: UNAVAILABLE: io exception
2019-10-21 10:11:52,778 [grpc-default-executor-6] INFO  impl.FollowerInfo (FollowerInfo.java:lambda$new$0(51)) - 99861a18-d503-4129-9ff7-8353a6232c61@group-F8091CFEDA8C->f8f2a133-6537-47b7-973c-ae1bdc39cdf8: nextIndex: updateUnconditionally 8 -> 7
2019-10-21 10:11:53,185 [Datanode State Machine Thread - 0] INFO  statemachine.DatanodeStateMachine (DatanodeStateMachine.java:lambda$startDaemon$0(350)) - Ozone container server started.
2019-10-21 10:11:55,062 [grpc-default-executor-4] WARN  server.GrpcLogAppender (LogUtils.java:warn(134)) - fa3142a2-adde-46b7-a2ef-9df891d79902@group-4AC76B4F540C->6775f5da-69cc-4f6e-9afd-b6c7beb51fd2-AppendLogResponseHandler: Failed appendEntries: org.apache.ratis.thirdparty.io.grpc.StatusRuntimeException: UNAVAILABLE: io exception
2019-10-21 10:11:55,062 [grpc-default-executor-4] INFO  impl.FollowerInfo (FollowerInfo.java:lambda$new$0(51)) - fa3142a2-adde-46b7-a2ef-9df891d79902@group-4AC76B4F540C->6775f5da-69cc-4f6e-9afd-b6c7beb51fd2: nextIndex: updateUnconditionally 0 -> 0
2019-10-21 10:11:55,282 [grpc-default-executor-7] WARN  server.GrpcLogAppender (LogUtils.java:warn(134)) - 99861a18-d503-4129-9ff7-8353a6232c61@group-F8091CFEDA8C->f8f2a133-6537-47b7-973c-ae1bdc39cdf8-AppendLogResponseHandler: Failed appendEntries: org.apache.ratis.thirdparty.io.grpc.StatusRuntimeException: UNAVAILABLE: io exception
2019-10-21 10:11:55,284 [grpc-default-executor-7] INFO  impl.FollowerInfo (FollowerInfo.java:lambda$new$0(51)) - 99861a18-d503-4129-9ff7-8353a6232c61@group-F8091CFEDA8C->f8f2a133-6537-47b7-973c-ae1bdc39cdf8: nextIndex: updateUnconditionally 7 -> 6
2019-10-21 10:11:57,201 [main] INFO  ozoneimpl.OzoneContainer (OzoneContainer.java:stop(227)) - Attempting to stop container services.
2019-10-21 10:11:57,202 [main] INFO  impl.RaftServerProxy (RaftServerProxy.java:lambda$close$4(314)) - 183955f6-ffa1-4a4f-9222-7d6f75fc44a2: close
2019-10-21 10:11:57,203 [main] INFO  impl.RaftServerImpl (RaftServerImpl.java:lambda$shutdown$3(247)) - 183955f6-ffa1-4a4f-9222-7d6f75fc44a2@group-4AC76B4F540C: shutdown
2019-10-21 10:11:57,203 [main] INFO  util.JmxRegister (JmxRegister.java:unregister(73)) - Successfully un-registered JMX Bean with object name Ratis:service=RaftServer,group=group-4AC76B4F540C,id=183955f6-ffa1-4a4f-9222-7d6f75fc44a2
2019-10-21 10:11:57,203 [main] INFO  impl.RoleInfo (RoleInfo.java:shutdownFollowerState(121)) - 183955f6-ffa1-4a4f-9222-7d6f75fc44a2: shutdown FollowerState
2019-10-21 10:11:57,204 [main] INFO  impl.StateMachineUpdater (StateMachineUpdater.java:stopAndJoin(136)) - 183955f6-ffa1-4a4f-9222-7d6f75fc44a2@group-4AC76B4F540C-StateMachineUpdater: set stopIndex = 0
2019-10-21 10:11:57,204 [Thread-775] INFO  impl.FollowerState (FollowerState.java:run(117)) - 183955f6-ffa1-4a4f-9222-7d6f75fc44a2@group-4AC76B4F540C-FollowerState was interrupted: java.lang.InterruptedException: sleep interrupted
2019-10-21 10:11:57,207 [main] INFO  impl.RaftServerImpl (ServerState.java:close(387)) - 183955f6-ffa1-4a4f-9222-7d6f75fc44a2@group-4AC76B4F540C: closes. applyIndex: 0
2019-10-21 10:11:57,208 [183955f6-ffa1-4a4f-9222-7d6f75fc44a2@group-4AC76B4F540C-SegmentedRaftLogWorker] INFO  segmented.SegmentedRaftLogWorker (SegmentedRaftLogWorker.java:run(316)) - 183955f6-ffa1-4a4f-9222-7d6f75fc44a2@group-4AC76B4F540C-SegmentedRaftLogWorker was interrupted, exiting. There are 0 tasks remaining in the queue.
2019-10-21 10:11:57,210 [main] INFO  segmented.SegmentedRaftLogWorker (SegmentedRaftLogWorker.java:close(224)) - 183955f6-ffa1-4a4f-9222-7d6f75fc44a2@group-4AC76B4F540C-SegmentedRaftLogWorker close()
2019-10-21 10:11:57,223 [main] INFO  server.GrpcService (GrpcService.java:closeImpl(164)) - 183955f6-ffa1-4a4f-9222-7d6f75fc44a2: shutdown server with port 33782 now
2019-10-21 10:11:57,225 [main] INFO  server.GrpcService (GrpcService.java:closeImpl(172)) - 183955f6-ffa1-4a4f-9222-7d6f75fc44a2: shutdown server with port 33782 successfully
2019-10-21 10:11:57,225 [grpc-default-executor-6] WARN  server.GrpcServerProtocolService (LogUtils.java:warn(134)) - 183955f6-ffa1-4a4f-9222-7d6f75fc44a2: installSnapshot onError, lastRequest: fa3142a2-adde-46b7-a2ef-9df891d79902->183955f6-ffa1-4a4f-9222-7d6f75fc44a2#41-t1, previous=(t:1, i:0), leaderCommit=0, initializing? false, entries: <empty>: org.apache.ratis.thirdparty.io.grpc.StatusRuntimeException: CANCELLED: cancelled before receiving half close
2019-10-21 10:11:57,225 [ForkJoinPool.commonPool-worker-0] INFO  ozoneimpl.OzoneContainer (OzoneContainer.java:stop(227)) - Attempting to stop container services.
2019-10-21 10:11:57,225 [grpc-default-executor-4] WARN  server.GrpcLogAppender (LogUtils.java:warn(134)) - fa3142a2-adde-46b7-a2ef-9df891d79902@group-4AC76B4F540C->183955f6-ffa1-4a4f-9222-7d6f75fc44a2-AppendLogResponseHandler: Failed appendEntries: org.apache.ratis.thirdparty.io.grpc.StatusRuntimeException: CANCELLED: HTTP/2 error code: CANCEL
Received Rst Stream
2019-10-21 10:11:57,226 [ForkJoinPool.commonPool-worker-0] INFO  impl.RaftServerProxy (RaftServerProxy.java:lambda$close$4(314)) - 78c47ad4-0af2-46b1-bc03-cf5609da7b41: close
2019-10-21 10:11:57,227 [grpc-default-executor-4] INFO  impl.FollowerInfo (FollowerInfo.java:lambda$new$0(51)) - fa3142a2-adde-46b7-a2ef-9df891d79902@group-4AC76B4F540C->183955f6-ffa1-4a4f-9222-7d6f75fc44a2: nextIndex: updateUnconditionally 1 -> 0
2019-10-21 10:11:57,227 [ForkJoinPool.commonPool-worker-0] INFO  impl.RaftServerImpl (RaftServerImpl.java:lambda$shutdown$3(247)) - 78c47ad4-0af2-46b1-bc03-cf5609da7b41@group-B9AF82365587: shutdown
2019-10-21 10:11:57,227 [ForkJoinPool.commonPool-worker-0] INFO  util.JmxRegister (JmxRegister.java:unregister(73)) - Successfully un-registered JMX Bean with object name Ratis:service=RaftServer,group=group-B9AF82365587,id=78c47ad4-0af2-46b1-bc03-cf5609da7b41
2019-10-21 10:11:57,227 [refreshUsed-/workdir/hadoop-ozone/integration-test/target/test-dir/MiniOzoneClusterImpl-69f13c50-7f04-4373-b728-745ac2dd16f0/datanode-3/data/containers] WARN  fs.CachingGetSpaceUsed (CachingGetSpaceUsed.java:run(183)) - Thread Interrupted waiting to refresh disk information: sleep interrupted
2019-10-21 10:11:57,228 [ForkJoinPool.commonPool-worker-0] INFO  impl.RoleInfo (RoleInfo.java:shutdownLeaderState(104)) - 78c47ad4-0af2-46b1-bc03-cf5609da7b41: shutdown LeaderState
2019-10-21 10:11:57,229 [ForkJoinPool.commonPool-worker-0] INFO  impl.PendingRequests (PendingRequests.java:sendNotLeaderResponses(202)) - 78c47ad4-0af2-46b1-bc03-cf5609da7b41@group-B9AF82365587-PendingRequests: sendNotLeaderResponses
2019-10-21 10:11:57,229 [ForkJoinPool.commonPool-worker-0] INFO  impl.StateMachineUpdater (StateMachineUpdater.java:stopAndJoin(136)) - 78c47ad4-0af2-46b1-bc03-cf5609da7b41@group-B9AF82365587-StateMachineUpdater: set stopIndex = 0
2019-10-21 10:11:57,231 [ForkJoinPool.commonPool-worker-0] INFO  impl.RaftServerImpl (ServerState.java:close(387)) - 78c47ad4-0af2-46b1-bc03-cf5609da7b41@group-B9AF82365587: closes. applyIndex: 0
2019-10-21 10:11:57,232 [78c47ad4-0af2-46b1-bc03-cf5609da7b41@group-B9AF82365587-SegmentedRaftLogWorker] INFO  segmented.SegmentedRaftLogWorker (SegmentedRaftLogWorker.java:run(316)) - 78c47ad4-0af2-46b1-bc03-cf5609da7b41@group-B9AF82365587-SegmentedRaftLogWorker was interrupted, exiting. There are 0 tasks remaining in the queue.
2019-10-21 10:11:57,234 [ForkJoinPool.commonPool-worker-0] INFO  segmented.SegmentedRaftLogWorker (SegmentedRaftLogWorker.java:close(224)) - 78c47ad4-0af2-46b1-bc03-cf5609da7b41@group-B9AF82365587-SegmentedRaftLogWorker close()
2019-10-21 10:11:57,235 [ForkJoinPool.commonPool-worker-0] INFO  impl.RaftServerImpl (RaftServerImpl.java:lambda$shutdown$3(247)) - 78c47ad4-0af2-46b1-bc03-cf5609da7b41@group-F8091CFEDA8C: shutdown
2019-10-21 10:11:57,236 [ForkJoinPool.commonPool-worker-0] INFO  util.JmxRegister (JmxRegister.java:unregister(73)) - Successfully un-registered JMX Bean with object name Ratis:service=RaftServer,group=group-F8091CFEDA8C,id=78c47ad4-0af2-46b1-bc03-cf5609da7b41
2019-10-21 10:11:57,236 [ForkJoinPool.commonPool-worker-0] INFO  impl.RoleInfo (RoleInfo.java:shutdownFollowerState(121)) - 78c47ad4-0af2-46b1-bc03-cf5609da7b41: shutdown FollowerState
2019-10-21 10:11:57,237 [ForkJoinPool.commonPool-worker-0] INFO  impl.StateMachineUpdater (StateMachineUpdater.java:stopAndJoin(136)) - 78c47ad4-0af2-46b1-bc03-cf5609da7b41@group-F8091CFEDA8C-StateMachineUpdater: set stopIndex = 8
2019-10-21 10:11:57,237 [78c47ad4-0af2-46b1-bc03-cf5609da7b41@group-F8091CFEDA8C-StateMachineUpdater] INFO  ratis.ContainerStateMachine (ContainerStateMachine.java:takeSnapshot(294)) - group-F8091CFEDA8C: Taking a snapshot at:(t:1, i:6) file /workdir/hadoop-ozone/integration-test/target/test-dir/MiniOzoneClusterImpl-69f13c50-7f04-4373-b728-745ac2dd16f0/datanode-2/data/ratis/96af8349-46f2-4f71-ac67-f8091cfeda8c/sm/snapshot.1_6
2019-10-21 10:11:57,237 [Thread-761] INFO  impl.FollowerState (FollowerState.java:run(117)) - 78c47ad4-0af2-46b1-bc03-cf5609da7b41@group-F8091CFEDA8C-FollowerState was interrupted: java.lang.InterruptedException: sleep interrupted
2019-10-21 10:11:57,252 [main] INFO  utils.BackgroundService (BackgroundService.java:shutdown(151)) - Shutting down service BlockDeletingService
2019-10-21 10:11:57,252 [78c47ad4-0af2-46b1-bc03-cf5609da7b41@group-F8091CFEDA8C-StateMachineUpdater] INFO  ratis.ContainerStateMachine (ContainerStateMachine.java:takeSnapshot(305)) - group-F8091CFEDA8C: Finished taking a snapshot at:(t:1, i:6) file:/workdir/hadoop-ozone/integration-test/target/test-dir/MiniOzoneClusterImpl-69f13c50-7f04-4373-b728-745ac2dd16f0/datanode-2/data/ratis/96af8349-46f2-4f71-ac67-f8091cfeda8c/sm/snapshot.1_6 time:15
2019-10-21 10:11:57,253 [78c47ad4-0af2-46b1-bc03-cf5609da7b41@group-F8091CFEDA8C-StateMachineUpdater] INFO  impl.StateMachineUpdater (StateMachineUpdater.java:takeSnapshot(269)) - 78c47ad4-0af2-46b1-bc03-cf5609da7b41@group-F8091CFEDA8C-StateMachineUpdater: Took a snapshot at index 6
2019-10-21 10:11:57,255 [78c47ad4-0af2-46b1-bc03-cf5609da7b41@group-F8091CFEDA8C-StateMachineUpdater] INFO  impl.StateMachineUpdater (StateMachineUpdater.java:lambda$new$0(84)) - 78c47ad4-0af2-46b1-bc03-cf5609da7b41@group-F8091CFEDA8C-StateMachineUpdater: snapshotIndex: updateIncreasingly -1 -> 6
2019-10-21 10:11:57,256 [main] INFO  statemachine.DatanodeStateMachine (DatanodeStateMachine.java:stopDaemon(395)) - Ozone container server stopped.
2019-10-21 10:11:57,257 [78c47ad4-0af2-46b1-bc03-cf5609da7b41@group-F8091CFEDA8C-StateMachineUpdater] INFO  ratis.ContainerStateMachine (ContainerStateMachine.java:takeSnapshot(294)) - group-F8091CFEDA8C: Taking a snapshot at:(t:1, i:6) file /workdir/hadoop-ozone/integration-test/target/test-dir/MiniOzoneClusterImpl-69f13c50-7f04-4373-b728-745ac2dd16f0/datanode-2/data/ratis/96af8349-46f2-4f71-ac67-f8091cfeda8c/sm/snapshot.1_6
2019-10-21 10:11:57,270 [78c47ad4-0af2-46b1-bc03-cf5609da7b41@group-F8091CFEDA8C-StateMachineUpdater] INFO  ratis.ContainerStateMachine (ContainerStateMachine.java:takeSnapshot(305)) - group-F8091CFEDA8C: Finished taking a snapshot at:(t:1, i:6) file:/workdir/hadoop-ozone/integration-test/target/test-dir/MiniOzoneClusterImpl-69f13c50-7f04-4373-b728-745ac2dd16f0/datanode-2/data/ratis/96af8349-46f2-4f71-ac67-f8091cfeda8c/sm/snapshot.1_6 time:13
2019-10-21 10:11:57,270 [main] INFO  handler.ContextHandler (ContextHandler.java:doStop(910)) - Stopped o.e.j.w.WebAppContext@58b5a2f3{/,null,UNAVAILABLE}{/hddsDatanode}
2019-10-21 10:11:57,270 [78c47ad4-0af2-46b1-bc03-cf5609da7b41@group-F8091CFEDA8C-StateMachineUpdater] INFO  impl.StateMachineUpdater (StateMachineUpdater.java:takeSnapshot(269)) - 78c47ad4-0af2-46b1-bc03-cf5609da7b41@group-F8091CFEDA8C-StateMachineUpdater: Took a snapshot at index 6
2019-10-21 10:11:57,271 [78c47ad4-0af2-46b1-bc03-cf5609da7b41@group-F8091CFEDA8C-StateMachineUpdater] INFO  impl.StateMachineUpdater (StateMachineUpdater.java:lambda$new$0(84)) - 78c47ad4-0af2-46b1-bc03-cf5609da7b41@group-F8091CFEDA8C-StateMachineUpdater: snapshotIndex: updateIncreasingly 6 -> 6
2019-10-21 10:11:57,271 [ForkJoinPool.commonPool-worker-0] INFO  impl.RaftServerImpl (ServerState.java:close(387)) - 78c47ad4-0af2-46b1-bc03-cf5609da7b41@group-F8091CFEDA8C: closes. applyIndex: 8
2019-10-21 10:11:57,271 [main] INFO  server.AbstractConnector (AbstractConnector.java:doStop(318)) - Stopped ServerConnector@25f15f50{HTTP/1.1,[http/1.1]}{0.0.0.0:0}
2019-10-21 10:11:57,271 [78c47ad4-0af2-46b1-bc03-cf5609da7b41@group-F8091CFEDA8C-SegmentedRaftLogWorker] INFO  segmented.SegmentedRaftLogWorker (SegmentedRaftLogWorker.java:run(316)) - 78c47ad4-0af2-46b1-bc03-cf5609da7b41@group-F8091CFEDA8C-SegmentedRaftLogWorker was interrupted, exiting. There are 0 tasks remaining in the queue.
2019-10-21 10:11:57,273 [main] INFO  handler.ContextHandler (ContextHandler.java:doStop(910)) - Stopped o.e.j.s.ServletContextHandler@22c53d82{/static,jar:file:/home/user/.m2/repository/org/apache/hadoop/hadoop-hdds-container-service/0.5.0-SNAPSHOT/hadoop-hdds-container-service-0.5.0-SNAPSHOT.jar!/webapps/static,UNAVAILABLE}
2019-10-21 10:11:57,273 [ForkJoinPool.commonPool-worker-0] INFO  segmented.SegmentedRaftLogWorker (SegmentedRaftLogWorker.java:close(224)) - 78c47ad4-0af2-46b1-bc03-cf5609da7b41@group-F8091CFEDA8C-SegmentedRaftLogWorker close()
2019-10-21 10:11:57,275 [ForkJoinPool.commonPool-worker-0] INFO  server.GrpcService (GrpcService.java:closeImpl(164)) - 78c47ad4-0af2-46b1-bc03-cf5609da7b41: shutdown server with port 44563 now
2019-10-21 10:11:57,275 [main] INFO  handler.ContextHandler (ContextHandler.java:doStop(910)) - Stopped o.e.j.s.ServletContextHandler@1668919e{/logs,file:///workdir/hadoop-ozone/integration-test/target/log,UNAVAILABLE}
2019-10-21 10:11:57,276 [grpc-default-executor-4] WARN  server.GrpcServerProtocolService (LogUtils.java:warn(134)) - 78c47ad4-0af2-46b1-bc03-cf5609da7b41: installSnapshot onError, lastRequest: 99861a18-d503-4129-9ff7-8353a6232c61->78c47ad4-0af2-46b1-bc03-cf5609da7b41#49-t1, previous=(t:1, i:8), leaderCommit=8, initializing? false, entries: <empty>: org.apache.ratis.thirdparty.io.grpc.StatusRuntimeException: CANCELLED: cancelled before receiving half close
2019-10-21 10:11:57,276 [ForkJoinPool.commonPool-worker-0] INFO  server.GrpcService (GrpcService.java:closeImpl(172)) - 78c47ad4-0af2-46b1-bc03-cf5609da7b41: shutdown server with port 44563 successfully
2019-10-21 10:11:57,276 [grpc-default-executor-6] WARN  server.GrpcLogAppender (LogUtils.java:warn(134)) - 99861a18-d503-4129-9ff7-8353a6232c61@group-F8091CFEDA8C->78c47ad4-0af2-46b1-bc03-cf5609da7b41-AppendLogResponseHandler: Failed appendEntries: org.apache.ratis.thirdparty.io.grpc.StatusRuntimeException: CANCELLED: HTTP/2 error code: CANCEL
Received Rst Stream
2019-10-21 10:11:57,277 [grpc-default-executor-6] INFO  impl.FollowerInfo (FollowerInfo.java:lambda$new$0(51)) - 99861a18-d503-4129-9ff7-8353a6232c61@group-F8091CFEDA8C->78c47ad4-0af2-46b1-bc03-cf5609da7b41: nextIndex: updateUnconditionally 9 -> 8
2019-10-21 10:11:57,278 [refreshUsed-/workdir/hadoop-ozone/integration-test/target/test-dir/MiniOzoneClusterImpl-69f13c50-7f04-4373-b728-745ac2dd16f0/datanode-2/data/containers] WARN  fs.CachingGetSpaceUsed (CachingGetSpaceUsed.java:run(183)) - Thread Interrupted waiting to refresh disk information: sleep interrupted
2019-10-21 10:11:57,297 [ForkJoinPool.commonPool-worker-0] INFO  utils.BackgroundService (BackgroundService.java:shutdown(151)) - Shutting down service BlockDeletingService
2019-10-21 10:11:57,300 [ForkJoinPool.commonPool-worker-0] INFO  statemachine.DatanodeStateMachine (DatanodeStateMachine.java:stopDaemon(395)) - Ozone container server stopped.
2019-10-21 10:11:57,303 [ForkJoinPool.commonPool-worker-0] INFO  handler.ContextHandler (ContextHandler.java:doStop(910)) - Stopped o.e.j.w.WebAppContext@6d091cad{/,null,UNAVAILABLE}{/hddsDatanode}
2019-10-21 10:11:57,304 [ForkJoinPool.commonPool-worker-0] INFO  server.AbstractConnector (AbstractConnector.java:doStop(318)) - Stopped ServerConnector@7c663eaf{HTTP/1.1,[http/1.1]}{0.0.0.0:0}
2019-10-21 10:11:57,305 [ForkJoinPool.commonPool-worker-0] INFO  handler.ContextHandler (ContextHandler.java:doStop(910)) - Stopped o.e.j.s.ServletContextHandler@6690b9fa{/static,jar:file:/home/user/.m2/repository/org/apache/hadoop/hadoop-hdds-container-service/0.5.0-SNAPSHOT/hadoop-hdds-container-service-0.5.0-SNAPSHOT.jar!/webapps/static,UNAVAILABLE}
2019-10-21 10:11:57,306 [ForkJoinPool.commonPool-worker-0] INFO  handler.ContextHandler (ContextHandler.java:doStop(910)) - Stopped o.e.j.s.ServletContextHandler@1e977098{/logs,file:///workdir/hadoop-ozone/integration-test/target/log,UNAVAILABLE}
2019-10-21 10:11:57,561 [grpc-default-executor-4] WARN  server.GrpcLogAppender (LogUtils.java:warn(134)) - fa3142a2-adde-46b7-a2ef-9df891d79902@group-4AC76B4F540C->6775f5da-69cc-4f6e-9afd-b6c7beb51fd2-AppendLogResponseHandler: Failed appendEntries: org.apache.ratis.thirdparty.io.grpc.StatusRuntimeException: UNAVAILABLE: io exception
2019-10-21 10:11:57,561 [grpc-default-executor-4] INFO  impl.FollowerInfo (FollowerInfo.java:lambda$new$0(51)) - fa3142a2-adde-46b7-a2ef-9df891d79902@group-4AC76B4F540C->6775f5da-69cc-4f6e-9afd-b6c7beb51fd2: nextIndex: updateUnconditionally 0 -> 0
2019-10-21 10:11:57,566 [grpc-default-executor-7] WARN  server.GrpcLogAppender (LogUtils.java:warn(134)) - fa3142a2-adde-46b7-a2ef-9df891d79902@group-4AC76B4F540C->183955f6-ffa1-4a4f-9222-7d6f75fc44a2-AppendLogResponseHandler: Failed appendEntries: org.apache.ratis.thirdparty.io.grpc.StatusRuntimeException: UNAVAILABLE: io exception
2019-10-21 10:11:57,566 [grpc-default-executor-7] INFO  impl.FollowerInfo (FollowerInfo.java:lambda$new$0(51)) - fa3142a2-adde-46b7-a2ef-9df891d79902@group-4AC76B4F540C->183955f6-ffa1-4a4f-9222-7d6f75fc44a2: nextIndex: updateUnconditionally 0 -> 0
2019-10-21 10:11:57,598 [Datanode State Machine Thread - 0] INFO  statemachine.DatanodeStateMachine (DatanodeStateMachine.java:lambda$startDaemon$0(350)) - Ozone container server started.
2019-10-21 10:11:57,781 [grpc-default-executor-6] WARN  server.GrpcLogAppender (LogUtils.java:warn(134)) - 99861a18-d503-4129-9ff7-8353a6232c61@group-F8091CFEDA8C->f8f2a133-6537-47b7-973c-ae1bdc39cdf8-AppendLogResponseHandler: Failed appendEntries: org.apache.ratis.thirdparty.io.grpc.StatusRuntimeException: UNAVAILABLE: io exception
2019-10-21 10:11:57,782 [grpc-default-executor-6] INFO  impl.FollowerInfo (FollowerInfo.java:lambda$new$0(51)) - 99861a18-d503-4129-9ff7-8353a6232c61@group-F8091CFEDA8C->f8f2a133-6537-47b7-973c-ae1bdc39cdf8: nextIndex: updateUnconditionally 6 -> 5
2019-10-21 10:11:57,786 [grpc-default-executor-4] WARN  server.GrpcLogAppender (LogUtils.java:warn(134)) - 99861a18-d503-4129-9ff7-8353a6232c61@group-F8091CFEDA8C->78c47ad4-0af2-46b1-bc03-cf5609da7b41-AppendLogResponseHandler: Failed appendEntries: org.apache.ratis.thirdparty.io.grpc.StatusRuntimeException: UNAVAILABLE: io exception
2019-10-21 10:11:57,786 [grpc-default-executor-4] INFO  impl.FollowerInfo (FollowerInfo.java:lambda$new$0(51)) - 99861a18-d503-4129-9ff7-8353a6232c61@group-F8091CFEDA8C->78c47ad4-0af2-46b1-bc03-cf5609da7b41: nextIndex: updateUnconditionally 8 -> 7
2019-10-21 10:11:58,150 [Datanode State Machine Thread - 0] INFO  statemachine.DatanodeStateMachine (DatanodeStateMachine.java:lambda$startDaemon$0(350)) - Ozone container server started.
2019-10-21 10:12:00,064 [grpc-default-executor-4] WARN  server.GrpcLogAppender (LogUtils.java:warn(134)) - fa3142a2-adde-46b7-a2ef-9df891d79902@group-4AC76B4F540C->6775f5da-69cc-4f6e-9afd-b6c7beb51fd2-AppendLogResponseHandler: Failed appendEntries: org.apache.ratis.thirdparty.io.grpc.StatusRuntimeException: UNAVAILABLE: io exception
2019-10-21 10:12:00,065 [grpc-default-executor-4] INFO  impl.FollowerInfo (FollowerInfo.java:lambda$new$0(51)) - fa3142a2-adde-46b7-a2ef-9df891d79902@group-4AC76B4F540C->6775f5da-69cc-4f6e-9afd-b6c7beb51fd2: nextIndex: updateUnconditionally 0 -> 0
2019-10-21 10:12:00,066 [grpc-default-executor-4] WARN  server.GrpcLogAppender (LogUtils.java:warn(134)) - fa3142a2-adde-46b7-a2ef-9df891d79902@group-4AC76B4F540C->183955f6-ffa1-4a4f-9222-7d6f75fc44a2-AppendLogResponseHandler: Failed appendEntries: org.apache.ratis.thirdparty.io.grpc.StatusRuntimeException: UNAVAILABLE: io exception
2019-10-21 10:12:00,066 [grpc-default-executor-4] INFO  impl.FollowerInfo (FollowerInfo.java:lambda$new$0(51)) - fa3142a2-adde-46b7-a2ef-9df891d79902@group-4AC76B4F540C->183955f6-ffa1-4a4f-9222-7d6f75fc44a2: nextIndex: updateUnconditionally 0 -> 0
2019-10-21 10:12:00,285 [grpc-default-executor-4] WARN  server.GrpcLogAppender (LogUtils.java:warn(134)) - 99861a18-d503-4129-9ff7-8353a6232c61@group-F8091CFEDA8C->f8f2a133-6537-47b7-973c-ae1bdc39cdf8-AppendLogResponseHandler: Failed appendEntries: org.apache.ratis.thirdparty.io.grpc.StatusRuntimeException: UNAVAILABLE: io exception
2019-10-21 10:12:00,286 [grpc-default-executor-4] INFO  impl.FollowerInfo (FollowerInfo.java:lambda$new$0(51)) - 99861a18-d503-4129-9ff7-8353a6232c61@group-F8091CFEDA8C->f8f2a133-6537-47b7-973c-ae1bdc39cdf8: nextIndex: updateUnconditionally 5 -> 4
2019-10-21 10:12:00,288 [grpc-default-executor-6] WARN  server.GrpcLogAppender (LogUtils.java:warn(134)) - 99861a18-d503-4129-9ff7-8353a6232c61@group-F8091CFEDA8C->78c47ad4-0af2-46b1-bc03-cf5609da7b41-AppendLogResponseHandler: Failed appendEntries: org.apache.ratis.thirdparty.io.grpc.StatusRuntimeException: UNAVAILABLE: io exception
2019-10-21 10:12:00,288 [grpc-default-executor-6] INFO  impl.FollowerInfo (FollowerInfo.java:lambda$new$0(51)) - 99861a18-d503-4129-9ff7-8353a6232c61@group-F8091CFEDA8C->78c47ad4-0af2-46b1-bc03-cf5609da7b41: nextIndex: updateUnconditionally 7 -> 6
2019-10-21 10:12:02,279 [main] INFO  ozoneimpl.OzoneContainer (OzoneContainer.java:stop(227)) - Attempting to stop container services.
2019-10-21 10:12:02,281 [main] INFO  impl.RaftServerProxy (RaftServerProxy.java:lambda$close$4(314)) - fa3142a2-adde-46b7-a2ef-9df891d79902: close
2019-10-21 10:12:02,282 [main] INFO  impl.RaftServerImpl (RaftServerImpl.java:lambda$shutdown$3(247)) - fa3142a2-adde-46b7-a2ef-9df891d79902@group-4AC76B4F540C: shutdown
2019-10-21 10:12:02,282 [main] INFO  util.JmxRegister (JmxRegister.java:unregister(73)) - Successfully un-registered JMX Bean with object name Ratis:service=RaftServer,group=group-4AC76B4F540C,id=fa3142a2-adde-46b7-a2ef-9df891d79902
2019-10-21 10:12:02,283 [main] INFO  impl.RoleInfo (RoleInfo.java:shutdownLeaderState(104)) - fa3142a2-adde-46b7-a2ef-9df891d79902: shutdown LeaderState
2019-10-21 10:12:02,286 [org.apache.ratis.server.impl.LogAppender$AppenderDaemon$$Lambda$547/1319316879@5e4088fa] WARN  server.GrpcLogAppender (GrpcLogAppender.java:mayWait(143)) - fa3142a2-adde-46b7-a2ef-9df891d79902@group-4AC76B4F540C->183955f6-ffa1-4a4f-9222-7d6f75fc44a2-GrpcLogAppender: Wait interrupted by java.lang.InterruptedException
2019-10-21 10:12:02,286 [main] INFO  impl.PendingRequests (PendingRequests.java:sendNotLeaderResponses(202)) - fa3142a2-adde-46b7-a2ef-9df891d79902@group-4AC76B4F540C-PendingRequests: sendNotLeaderResponses
2019-10-21 10:12:02,286 [org.apache.ratis.server.impl.LogAppender$AppenderDaemon$$Lambda$547/1319316879@1ccc13ea] WARN  server.GrpcLogAppender (GrpcLogAppender.java:mayWait(143)) - fa3142a2-adde-46b7-a2ef-9df891d79902@group-4AC76B4F540C->6775f5da-69cc-4f6e-9afd-b6c7beb51fd2-GrpcLogAppender: Wait interrupted by java.lang.InterruptedException
2019-10-21 10:12:02,287 [main] INFO  impl.StateMachineUpdater (StateMachineUpdater.java:stopAndJoin(136)) - fa3142a2-adde-46b7-a2ef-9df891d79902@group-4AC76B4F540C-StateMachineUpdater: set stopIndex = 0
2019-10-21 10:12:02,289 [main] INFO  impl.RaftServerImpl (ServerState.java:close(387)) - fa3142a2-adde-46b7-a2ef-9df891d79902@group-4AC76B4F540C: closes. applyIndex: 0
2019-10-21 10:12:02,290 [fa3142a2-adde-46b7-a2ef-9df891d79902@group-4AC76B4F540C-SegmentedRaftLogWorker] INFO  segmented.SegmentedRaftLogWorker (SegmentedRaftLogWorker.java:run(316)) - fa3142a2-adde-46b7-a2ef-9df891d79902@group-4AC76B4F540C-SegmentedRaftLogWorker was interrupted, exiting. There are 0 tasks remaining in the queue.
2019-10-21 10:12:02,302 [main] INFO  segmented.SegmentedRaftLogWorker (SegmentedRaftLogWorker.java:close(224)) - fa3142a2-adde-46b7-a2ef-9df891d79902@group-4AC76B4F540C-SegmentedRaftLogWorker close()
2019-10-21 10:12:02,304 [main] INFO  server.GrpcService (GrpcService.java:closeImpl(164)) - fa3142a2-adde-46b7-a2ef-9df891d79902: shutdown server with port 46444 now
2019-10-21 10:12:02,306 [main] INFO  server.GrpcService (GrpcService.java:closeImpl(172)) - fa3142a2-adde-46b7-a2ef-9df891d79902: shutdown server with port 46444 successfully
2019-10-21 10:12:02,308 [ForkJoinPool.commonPool-worker-0] INFO  ozoneimpl.OzoneContainer (OzoneContainer.java:stop(227)) - Attempting to stop container services.
2019-10-21 10:12:02,308 [ForkJoinPool.commonPool-worker-0] INFO  impl.RaftServerProxy (RaftServerProxy.java:lambda$close$4(314)) - 99861a18-d503-4129-9ff7-8353a6232c61: close
2019-10-21 10:12:02,308 [refreshUsed-/workdir/hadoop-ozone/integration-test/target/test-dir/MiniOzoneClusterImpl-69f13c50-7f04-4373-b728-745ac2dd16f0/datanode-6/data/containers] WARN  fs.CachingGetSpaceUsed (CachingGetSpaceUsed.java:run(183)) - Thread Interrupted waiting to refresh disk information: sleep interrupted
2019-10-21 10:12:02,309 [ForkJoinPool.commonPool-worker-0] INFO  impl.RaftServerImpl (RaftServerImpl.java:lambda$shutdown$3(247)) - 99861a18-d503-4129-9ff7-8353a6232c61@group-F8091CFEDA8C: shutdown
2019-10-21 10:12:02,309 [ForkJoinPool.commonPool-worker-0] INFO  util.JmxRegister (JmxRegister.java:unregister(73)) - Successfully un-registered JMX Bean with object name Ratis:service=RaftServer,group=group-F8091CFEDA8C,id=99861a18-d503-4129-9ff7-8353a6232c61
2019-10-21 10:12:02,309 [ForkJoinPool.commonPool-worker-0] INFO  impl.RoleInfo (RoleInfo.java:shutdownLeaderState(104)) - 99861a18-d503-4129-9ff7-8353a6232c61: shutdown LeaderState
2019-10-21 10:12:02,312 [ForkJoinPool.commonPool-worker-0] INFO  impl.PendingRequests (PendingRequests.java:sendNotLeaderResponses(202)) - 99861a18-d503-4129-9ff7-8353a6232c61@group-F8091CFEDA8C-PendingRequests: sendNotLeaderResponses
2019-10-21 10:12:02,312 [org.apache.ratis.server.impl.LogAppender$AppenderDaemon$$Lambda$547/1319316879@5a7dcf2d] WARN  server.GrpcLogAppender (GrpcLogAppender.java:mayWait(143)) - 99861a18-d503-4129-9ff7-8353a6232c61@group-F8091CFEDA8C->f8f2a133-6537-47b7-973c-ae1bdc39cdf8-GrpcLogAppender: Wait interrupted by java.lang.InterruptedException
2019-10-21 10:12:02,314 [ForkJoinPool.commonPool-worker-0] INFO  impl.StateMachineUpdater (StateMachineUpdater.java:stopAndJoin(136)) - 99861a18-d503-4129-9ff7-8353a6232c61@group-F8091CFEDA8C-StateMachineUpdater: set stopIndex = 8
2019-10-21 10:12:02,312 [org.apache.ratis.server.impl.LogAppender$AppenderDaemon$$Lambda$547/1319316879@5578461e] WARN  server.GrpcLogAppender (GrpcLogAppender.java:mayWait(143)) - 99861a18-d503-4129-9ff7-8353a6232c61@group-F8091CFEDA8C->78c47ad4-0af2-46b1-bc03-cf5609da7b41-GrpcLogAppender: Wait interrupted by java.lang.InterruptedException
2019-10-21 10:12:02,315 [99861a18-d503-4129-9ff7-8353a6232c61@group-F8091CFEDA8C-StateMachineUpdater] INFO  ratis.ContainerStateMachine (ContainerStateMachine.java:takeSnapshot(294)) - group-F8091CFEDA8C: Taking a snapshot at:(t:1, i:6) file /workdir/hadoop-ozone/integration-test/target/test-dir/MiniOzoneClusterImpl-69f13c50-7f04-4373-b728-745ac2dd16f0/datanode-0/data/ratis/96af8349-46f2-4f71-ac67-f8091cfeda8c/sm/snapshot.1_6
2019-10-21 10:12:02,329 [99861a18-d503-4129-9ff7-8353a6232c61@group-F8091CFEDA8C-StateMachineUpdater] INFO  ratis.ContainerStateMachine (ContainerStateMachine.java:takeSnapshot(305)) - group-F8091CFEDA8C: Finished taking a snapshot at:(t:1, i:6) file:/workdir/hadoop-ozone/integration-test/target/test-dir/MiniOzoneClusterImpl-69f13c50-7f04-4373-b728-745ac2dd16f0/datanode-0/data/ratis/96af8349-46f2-4f71-ac67-f8091cfeda8c/sm/snapshot.1_6 time:15
2019-10-21 10:12:02,329 [99861a18-d503-4129-9ff7-8353a6232c61@group-F8091CFEDA8C-StateMachineUpdater] INFO  impl.StateMachineUpdater (StateMachineUpdater.java:takeSnapshot(269)) - 99861a18-d503-4129-9ff7-8353a6232c61@group-F8091CFEDA8C-StateMachineUpdater: Took a snapshot at index 6
2019-10-21 10:12:02,330 [99861a18-d503-4129-9ff7-8353a6232c61@group-F8091CFEDA8C-StateMachineUpdater] INFO  impl.StateMachineUpdater (StateMachineUpdater.java:lambda$new$0(84)) - 99861a18-d503-4129-9ff7-8353a6232c61@group-F8091CFEDA8C-StateMachineUpdater: snapshotIndex: updateIncreasingly -1 -> 6
2019-10-21 10:12:02,330 [99861a18-d503-4129-9ff7-8353a6232c61@group-F8091CFEDA8C-StateMachineUpdater] INFO  ratis.ContainerStateMachine (ContainerStateMachine.java:takeSnapshot(294)) - group-F8091CFEDA8C: Taking a snapshot at:(t:1, i:6) file /workdir/hadoop-ozone/integration-test/target/test-dir/MiniOzoneClusterImpl-69f13c50-7f04-4373-b728-745ac2dd16f0/datanode-0/data/ratis/96af8349-46f2-4f71-ac67-f8091cfeda8c/sm/snapshot.1_6
2019-10-21 10:12:02,334 [main] INFO  utils.BackgroundService (BackgroundService.java:shutdown(151)) - Shutting down service BlockDeletingService
2019-10-21 10:12:02,337 [main] INFO  statemachine.DatanodeStateMachine (DatanodeStateMachine.java:stopDaemon(395)) - Ozone container server stopped.
2019-10-21 10:12:02,343 [99861a18-d503-4129-9ff7-8353a6232c61@group-F8091CFEDA8C-StateMachineUpdater] INFO  ratis.ContainerStateMachine (ContainerStateMachine.java:takeSnapshot(305)) - group-F8091CFEDA8C: Finished taking a snapshot at:(t:1, i:6) file:/workdir/hadoop-ozone/integration-test/target/test-dir/MiniOzoneClusterImpl-69f13c50-7f04-4373-b728-745ac2dd16f0/datanode-0/data/ratis/96af8349-46f2-4f71-ac67-f8091cfeda8c/sm/snapshot.1_6 time:13
2019-10-21 10:12:02,343 [99861a18-d503-4129-9ff7-8353a6232c61@group-F8091CFEDA8C-StateMachineUpdater] INFO  impl.StateMachineUpdater (StateMachineUpdater.java:takeSnapshot(269)) - 99861a18-d503-4129-9ff7-8353a6232c61@group-F8091CFEDA8C-StateMachineUpdater: Took a snapshot at index 6
2019-10-21 10:12:02,343 [99861a18-d503-4129-9ff7-8353a6232c61@group-F8091CFEDA8C-StateMachineUpdater] INFO  impl.StateMachineUpdater (StateMachineUpdater.java:lambda$new$0(84)) - 99861a18-d503-4129-9ff7-8353a6232c61@group-F8091CFEDA8C-StateMachineUpdater: snapshotIndex: updateIncreasingly 6 -> 6
2019-10-21 10:12:02,343 [ForkJoinPool.commonPool-worker-0] INFO  impl.RaftServerImpl (ServerState.java:close(387)) - 99861a18-d503-4129-9ff7-8353a6232c61@group-F8091CFEDA8C: closes. applyIndex: 8
2019-10-21 10:12:02,344 [99861a18-d503-4129-9ff7-8353a6232c61@group-F8091CFEDA8C-SegmentedRaftLogWorker] INFO  segmented.SegmentedRaftLogWorker (SegmentedRaftLogWorker.java:run(316)) - 99861a18-d503-4129-9ff7-8353a6232c61@group-F8091CFEDA8C-SegmentedRaftLogWorker was interrupted, exiting. There are 0 tasks remaining in the queue.
2019-10-21 10:12:02,345 [ForkJoinPool.commonPool-worker-0] INFO  segmented.SegmentedRaftLogWorker (SegmentedRaftLogWorker.java:close(224)) - 99861a18-d503-4129-9ff7-8353a6232c61@group-F8091CFEDA8C-SegmentedRaftLogWorker close()
2019-10-21 10:12:02,346 [ForkJoinPool.commonPool-worker-0] INFO  impl.RaftServerImpl (RaftServerImpl.java:lambda$shutdown$3(247)) - 99861a18-d503-4129-9ff7-8353a6232c61@group-E08B67A807ED: shutdown
2019-10-21 10:12:02,346 [ForkJoinPool.commonPool-worker-0] INFO  util.JmxRegister (JmxRegister.java:unregister(73)) - Successfully un-registered JMX Bean with object name Ratis:service=RaftServer,group=group-E08B67A807ED,id=99861a18-d503-4129-9ff7-8353a6232c61
2019-10-21 10:12:02,346 [ForkJoinPool.commonPool-worker-0] INFO  impl.RoleInfo (RoleInfo.java:shutdownLeaderState(104)) - 99861a18-d503-4129-9ff7-8353a6232c61: shutdown LeaderState
2019-10-21 10:12:02,347 [ForkJoinPool.commonPool-worker-0] INFO  impl.PendingRequests (PendingRequests.java:sendNotLeaderResponses(202)) - 99861a18-d503-4129-9ff7-8353a6232c61@group-E08B67A807ED-PendingRequests: sendNotLeaderResponses
2019-10-21 10:12:02,347 [ForkJoinPool.commonPool-worker-0] INFO  impl.StateMachineUpdater (StateMachineUpdater.java:stopAndJoin(136)) - 99861a18-d503-4129-9ff7-8353a6232c61@group-E08B67A807ED-StateMachineUpdater: set stopIndex = 0
2019-10-21 10:12:02,347 [ForkJoinPool.commonPool-worker-0] INFO  impl.RaftServerImpl (ServerState.java:close(387)) - 99861a18-d503-4129-9ff7-8353a6232c61@group-E08B67A807ED: closes. applyIndex: 0
2019-10-21 10:12:02,348 [99861a18-d503-4129-9ff7-8353a6232c61@group-E08B67A807ED-SegmentedRaftLogWorker] INFO  segmented.SegmentedRaftLogWorker (SegmentedRaftLogWorker.java:run(316)) - 99861a18-d503-4129-9ff7-8353a6232c61@group-E08B67A807ED-SegmentedRaftLogWorker was interrupted, exiting. There are 0 tasks remaining in the queue.
2019-10-21 10:12:02,349 [ForkJoinPool.commonPool-worker-0] INFO  segmented.SegmentedRaftLogWorker (SegmentedRaftLogWorker.java:close(224)) - 99861a18-d503-4129-9ff7-8353a6232c61@group-E08B67A807ED-SegmentedRaftLogWorker close()
2019-10-21 10:12:02,349 [ForkJoinPool.commonPool-worker-0] INFO  server.GrpcService (GrpcService.java:closeImpl(164)) - 99861a18-d503-4129-9ff7-8353a6232c61: shutdown server with port 35086 now
2019-10-21 10:12:02,350 [ForkJoinPool.commonPool-worker-0] INFO  server.GrpcService (GrpcService.java:closeImpl(172)) - 99861a18-d503-4129-9ff7-8353a6232c61: shutdown server with port 35086 successfully
2019-10-21 10:12:02,351 [refreshUsed-/workdir/hadoop-ozone/integration-test/target/test-dir/MiniOzoneClusterImpl-69f13c50-7f04-4373-b728-745ac2dd16f0/datanode-0/data/containers] WARN  fs.CachingGetSpaceUsed (CachingGetSpaceUsed.java:run(183)) - Thread Interrupted waiting to refresh disk information: sleep interrupted
2019-10-21 10:12:02,352 [main] INFO  handler.ContextHandler (ContextHandler.java:doStop(910)) - Stopped o.e.j.w.WebAppContext@32d5279{/,null,UNAVAILABLE}{/hddsDatanode}
2019-10-21 10:12:02,356 [main] INFO  server.AbstractConnector (AbstractConnector.java:doStop(318)) - Stopped ServerConnector@1c067c0d{HTTP/1.1,[http/1.1]}{0.0.0.0:0}
2019-10-21 10:12:02,357 [main] INFO  handler.ContextHandler (ContextHandler.java:doStop(910)) - Stopped o.e.j.s.ServletContextHandler@6a1d526c{/static,jar:file:/home/user/.m2/repository/org/apache/hadoop/hadoop-hdds-container-service/0.5.0-SNAPSHOT/hadoop-hdds-container-service-0.5.0-SNAPSHOT.jar!/webapps/static,UNAVAILABLE}
2019-10-21 10:12:02,358 [main] INFO  handler.ContextHandler (ContextHandler.java:doStop(910)) - Stopped o.e.j.s.ServletContextHandler@73a0f2b{/logs,file:///workdir/hadoop-ozone/integration-test/target/log,UNAVAILABLE}
2019-10-21 10:12:02,366 [ForkJoinPool.commonPool-worker-0] INFO  utils.BackgroundService (BackgroundService.java:shutdown(151)) - Shutting down service BlockDeletingService
2019-10-21 10:12:02,369 [ForkJoinPool.commonPool-worker-0] INFO  statemachine.DatanodeStateMachine (DatanodeStateMachine.java:stopDaemon(395)) - Ozone container server stopped.
2019-10-21 10:12:02,372 [ForkJoinPool.commonPool-worker-0] INFO  handler.ContextHandler (ContextHandler.java:doStop(910)) - Stopped o.e.j.w.WebAppContext@48a663e9{/,null,UNAVAILABLE}{/hddsDatanode}
2019-10-21 10:12:02,372 [ForkJoinPool.commonPool-worker-0] INFO  server.AbstractConnector (AbstractConnector.java:doStop(318)) - Stopped ServerConnector@777d0bc3{HTTP/1.1,[http/1.1]}{0.0.0.0:0}
2019-10-21 10:12:02,373 [ForkJoinPool.commonPool-worker-0] INFO  handler.ContextHandler (ContextHandler.java:doStop(910)) - Stopped o.e.j.s.ServletContextHandler@5cbd94b2{/static,jar:file:/home/user/.m2/repository/org/apache/hadoop/hadoop-hdds-container-service/0.5.0-SNAPSHOT/hadoop-hdds-container-service-0.5.0-SNAPSHOT.jar!/webapps/static,UNAVAILABLE}
2019-10-21 10:12:02,374 [ForkJoinPool.commonPool-worker-0] INFO  handler.ContextHandler (ContextHandler.java:doStop(910)) - Stopped o.e.j.s.ServletContextHandler@f425231{/logs,file:///workdir/hadoop-ozone/integration-test/target/log,UNAVAILABLE}
2019-10-21 10:12:02,551 [Datanode State Machine Thread - 0] INFO  statemachine.DatanodeStateMachine (DatanodeStateMachine.java:lambda$startDaemon$0(350)) - Ozone container server started.
2019-10-21 10:12:07,361 [main] INFO  ozoneimpl.OzoneContainer (OzoneContainer.java:stop(227)) - Attempting to stop container services.
2019-10-21 10:12:07,363 [main] INFO  impl.RaftServerProxy (RaftServerProxy.java:lambda$close$4(314)) - 84bf4c90-c2f5-4380-90c5-906b206bfed6: close
2019-10-21 10:12:07,364 [main] INFO  server.GrpcService (GrpcService.java:closeImpl(164)) - 84bf4c90-c2f5-4380-90c5-906b206bfed6: shutdown server with port 42351 now
2019-10-21 10:12:07,365 [main] INFO  server.GrpcService (GrpcService.java:closeImpl(172)) - 84bf4c90-c2f5-4380-90c5-906b206bfed6: shutdown server with port 42351 successfully
2019-10-21 10:12:07,379 [refreshUsed-/workdir/hadoop-ozone/integration-test/target/test-dir/MiniOzoneClusterImpl-69f13c50-7f04-4373-b728-745ac2dd16f0/datanode-5/data/containers] WARN  fs.CachingGetSpaceUsed (CachingGetSpaceUsed.java:run(183)) - Thread Interrupted waiting to refresh disk information: sleep interrupted
2019-10-21 10:12:07,396 [main] INFO  utils.BackgroundService (BackgroundService.java:shutdown(151)) - Shutting down service BlockDeletingService
2019-10-21 10:12:07,399 [main] INFO  statemachine.DatanodeStateMachine (DatanodeStateMachine.java:stopDaemon(395)) - Ozone container server stopped.
2019-10-21 10:12:07,412 [main] INFO  handler.ContextHandler (ContextHandler.java:doStop(910)) - Stopped o.e.j.w.WebAppContext@3a3ed300{/,null,UNAVAILABLE}{/hddsDatanode}
2019-10-21 10:12:07,413 [main] INFO  server.AbstractConnector (AbstractConnector.java:doStop(318)) - Stopped ServerConnector@1984212d{HTTP/1.1,[http/1.1]}{0.0.0.0:0}
2019-10-21 10:12:07,414 [main] INFO  handler.ContextHandler (ContextHandler.java:doStop(910)) - Stopped o.e.j.s.ServletContextHandler@6968c1d6{/static,jar:file:/home/user/.m2/repository/org/apache/hadoop/hadoop-hdds-container-service/0.5.0-SNAPSHOT/hadoop-hdds-container-service-0.5.0-SNAPSHOT.jar!/webapps/static,UNAVAILABLE}
2019-10-21 10:12:07,414 [main] INFO  handler.ContextHandler (ContextHandler.java:doStop(910)) - Stopped o.e.j.s.ServletContextHandler@27abb6ca{/logs,file:///workdir/hadoop-ozone/integration-test/target/log,UNAVAILABLE}
2019-10-21 10:12:07,415 [main] INFO  ozone.MiniOzoneClusterImpl (MiniOzoneClusterImpl.java:stopSCM(392)) - Stopping the StorageContainerManager
2019-10-21 10:12:07,416 [main] INFO  server.StorageContainerManager (StorageContainerManager.java:stop(810)) - Stopping Replication Manager Service.
2019-10-21 10:12:07,416 [main] INFO  container.ReplicationManager (ReplicationManager.java:stop(203)) - Stopping Replication Monitor Thread.
2019-10-21 10:12:07,416 [main] INFO  server.StorageContainerManager (StorageContainerManager.java:stop(817)) - Stopping Lease Manager of the command watchers
2019-10-21 10:12:07,416 [main] INFO  server.StorageContainerManager (StorageContainerManager.java:stop(824)) - Stopping datanode service RPC server
2019-10-21 10:12:07,417 [main] INFO  server.SCMDatanodeProtocolServer (SCMDatanodeProtocolServer.java:stop(346)) - Stopping the RPC server for DataNodes
2019-10-21 10:12:07,417 [main] INFO  ipc.Server (Server.java:stop(3082)) - Stopping server on 42284
2019-10-21 10:12:07,419 [IPC Server listener on 42284] INFO  ipc.Server (Server.java:run(1185)) - Stopping IPC Server listener on 42284
2019-10-21 10:12:07,420 [IPC Server Responder] INFO  ipc.Server (Server.java:run(1319)) - Stopping IPC Server Responder
2019-10-21 10:12:07,516 [SCM Heartbeat Processing Thread - 0] WARN  node.NodeStateManager (NodeStateManager.java:scheduleNextHealthCheck(646)) - Current Thread is interrupted, shutting down HB processing thread for Node Manager.
2019-10-21 10:12:07,516 [main] INFO  server.StorageContainerManager (StorageContainerManager.java:stop(832)) - Stopping block service RPC server
2019-10-21 10:12:07,516 [main] INFO  server.SCMBlockProtocolServer (SCMBlockProtocolServer.java:stop(155)) - Stopping the RPC server for Block Protocol
2019-10-21 10:12:07,517 [main] INFO  ipc.Server (Server.java:stop(3082)) - Stopping server on 37921
2019-10-21 10:12:07,518 [IPC Server listener on 37921] INFO  ipc.Server (Server.java:run(1185)) - Stopping IPC Server listener on 37921
2019-10-21 10:12:07,518 [main] INFO  server.StorageContainerManager (StorageContainerManager.java:stop(839)) - Stopping the StorageContainerLocationProtocol RPC server
2019-10-21 10:12:07,518 [IPC Server Responder] INFO  ipc.Server (Server.java:run(1319)) - Stopping IPC Server Responder
2019-10-21 10:12:07,519 [main] INFO  server.SCMClientProtocolServer (SCMClientProtocolServer.java:stop(168)) - Stopping the RPC server for Client Protocol
2019-10-21 10:12:07,520 [main] INFO  ipc.Server (Server.java:stop(3082)) - Stopping server on 34729
2019-10-21 10:12:07,522 [IPC Server listener on 34729] INFO  ipc.Server (Server.java:run(1185)) - Stopping IPC Server listener on 34729
2019-10-21 10:12:07,522 [main] INFO  server.StorageContainerManager (StorageContainerManager.java:stop(846)) - Stopping Storage Container Manager HTTP server.
2019-10-21 10:12:07,523 [IPC Server Responder] INFO  ipc.Server (Server.java:run(1319)) - Stopping IPC Server Responder
2019-10-21 10:12:07,525 [main] INFO  handler.ContextHandler (ContextHandler.java:doStop(910)) - Stopped o.e.j.w.WebAppContext@31db34da{/,null,UNAVAILABLE}{/scm}
2019-10-21 10:12:07,526 [main] INFO  server.AbstractConnector (AbstractConnector.java:doStop(318)) - Stopped ServerConnector@109f8c7e{HTTP/1.1,[http/1.1]}{0.0.0.0:0}
2019-10-21 10:12:07,526 [main] INFO  handler.ContextHandler (ContextHandler.java:doStop(910)) - Stopped o.e.j.s.ServletContextHandler@1eff3cfb{/static,file:///workdir/hadoop-ozone/integration-test/target/test-classes/webapps/static,UNAVAILABLE}
2019-10-21 10:12:07,526 [main] INFO  handler.ContextHandler (ContextHandler.java:doStop(910)) - Stopped o.e.j.s.ServletContextHandler@5731d3a{/logs,file:///workdir/hadoop-ozone/integration-test/target/log,UNAVAILABLE}
2019-10-21 10:12:07,527 [main] INFO  server.StorageContainerManager (StorageContainerManager.java:stop(857)) - Stopping Block Manager Service.
2019-10-21 10:12:07,528 [main] INFO  utils.BackgroundService (BackgroundService.java:shutdown(151)) - Shutting down service SCMBlockDeletingService
2019-10-21 10:12:07,528 [main] INFO  utils.BackgroundService (BackgroundService.java:shutdown(151)) - Shutting down service SCMBlockDeletingService
2019-10-21 10:12:07,529 [main] INFO  server.StorageContainerManager (StorageContainerManager.java:stop(879)) - Stopping SCM Event Queue.
2019-10-21 10:12:07,535 [main] INFO  impl.MetricsSystemImpl (MetricsSystemImpl.java:stop(210)) - Stopping HddsDatanode metrics system...
2019-10-21 10:12:07,551 [main] INFO  impl.MetricsSystemImpl (MetricsSystemImpl.java:stop(216)) - HddsDatanode metrics system stopped.
]]></system-out>
    <system-err><![CDATA[Oct 21, 2019 10:11:52 AM org.apache.ratis.thirdparty.io.grpc.internal.SerializingExecutor run
SEVERE: Exception while executing runnable org.apache.ratis.thirdparty.io.grpc.internal.ServerImpl$JumpToApplicationThreadServerStreamListener$1Closed@1a6e869d
org.apache.ratis.thirdparty.io.grpc.StatusRuntimeException: CANCELLED: call already cancelled
	at org.apache.ratis.thirdparty.io.grpc.Status.asRuntimeException(Status.java:517)
	at org.apache.ratis.thirdparty.io.grpc.stub.ServerCalls$ServerCallStreamObserverImpl.onCompleted(ServerCalls.java:356)
	at org.apache.ratis.grpc.server.GrpcServerProtocolService$ServerRequestStreamObserver.onError(GrpcServerProtocolService.java:121)
	at org.apache.ratis.thirdparty.io.grpc.stub.ServerCalls$StreamingServerCallHandler$StreamingServerCallListener.onCancel(ServerCalls.java:269)
	at org.apache.ratis.thirdparty.io.grpc.internal.ServerCallImpl$ServerStreamListenerImpl.closed(ServerCallImpl.java:293)
	at org.apache.ratis.thirdparty.io.grpc.internal.ServerImpl$JumpToApplicationThreadServerStreamListener$1Closed.runInContext(ServerImpl.java:741)
	at org.apache.ratis.thirdparty.io.grpc.internal.ContextRunnable.run(ContextRunnable.java:37)
	at org.apache.ratis.thirdparty.io.grpc.internal.SerializingExecutor.run(SerializingExecutor.java:123)
	at java.util.concurrent.ThreadPoolExecutor.runWorker(ThreadPoolExecutor.java:1149)
	at java.util.concurrent.ThreadPoolExecutor$Worker.run(ThreadPoolExecutor.java:624)
	at java.lang.Thread.run(Thread.java:748)

Oct 21, 2019 10:11:52 AM org.apache.ratis.thirdparty.io.grpc.internal.SerializingExecutor run
SEVERE: Exception while executing runnable org.apache.ratis.thirdparty.io.grpc.internal.ServerImpl$JumpToApplicationThreadServerStreamListener$1Closed@5bb78f22
org.apache.ratis.thirdparty.io.grpc.StatusRuntimeException: CANCELLED: call already cancelled
	at org.apache.ratis.thirdparty.io.grpc.Status.asRuntimeException(Status.java:517)
	at org.apache.ratis.thirdparty.io.grpc.stub.ServerCalls$ServerCallStreamObserverImpl.onCompleted(ServerCalls.java:356)
	at org.apache.ratis.grpc.server.GrpcServerProtocolService$ServerRequestStreamObserver.onError(GrpcServerProtocolService.java:121)
	at org.apache.ratis.thirdparty.io.grpc.stub.ServerCalls$StreamingServerCallHandler$StreamingServerCallListener.onCancel(ServerCalls.java:269)
	at org.apache.ratis.thirdparty.io.grpc.internal.ServerCallImpl$ServerStreamListenerImpl.closed(ServerCallImpl.java:293)
	at org.apache.ratis.thirdparty.io.grpc.internal.ServerImpl$JumpToApplicationThreadServerStreamListener$1Closed.runInContext(ServerImpl.java:741)
	at org.apache.ratis.thirdparty.io.grpc.internal.ContextRunnable.run(ContextRunnable.java:37)
	at org.apache.ratis.thirdparty.io.grpc.internal.SerializingExecutor.run(SerializingExecutor.java:123)
	at java.util.concurrent.ThreadPoolExecutor.runWorker(ThreadPoolExecutor.java:1149)
	at java.util.concurrent.ThreadPoolExecutor$Worker.run(ThreadPoolExecutor.java:624)
	at java.lang.Thread.run(Thread.java:748)

Oct 21, 2019 10:11:57 AM org.apache.ratis.thirdparty.io.grpc.internal.SerializingExecutor run
SEVERE: Exception while executing runnable org.apache.ratis.thirdparty.io.grpc.internal.ServerImpl$JumpToApplicationThreadServerStreamListener$1Closed@16acd34
org.apache.ratis.thirdparty.io.grpc.StatusRuntimeException: CANCELLED: call already cancelled
	at org.apache.ratis.thirdparty.io.grpc.Status.asRuntimeException(Status.java:517)
	at org.apache.ratis.thirdparty.io.grpc.stub.ServerCalls$ServerCallStreamObserverImpl.onCompleted(ServerCalls.java:356)
	at org.apache.ratis.grpc.server.GrpcServerProtocolService$ServerRequestStreamObserver.onError(GrpcServerProtocolService.java:121)
	at org.apache.ratis.thirdparty.io.grpc.stub.ServerCalls$StreamingServerCallHandler$StreamingServerCallListener.onCancel(ServerCalls.java:269)
	at org.apache.ratis.thirdparty.io.grpc.internal.ServerCallImpl$ServerStreamListenerImpl.closed(ServerCallImpl.java:293)
	at org.apache.ratis.thirdparty.io.grpc.internal.ServerImpl$JumpToApplicationThreadServerStreamListener$1Closed.runInContext(ServerImpl.java:741)
	at org.apache.ratis.thirdparty.io.grpc.internal.ContextRunnable.run(ContextRunnable.java:37)
	at org.apache.ratis.thirdparty.io.grpc.internal.SerializingExecutor.run(SerializingExecutor.java:123)
	at java.util.concurrent.ThreadPoolExecutor.runWorker(ThreadPoolExecutor.java:1149)
	at java.util.concurrent.ThreadPoolExecutor$Worker.run(ThreadPoolExecutor.java:624)
	at java.lang.Thread.run(Thread.java:748)

Oct 21, 2019 10:11:57 AM org.apache.ratis.thirdparty.io.grpc.internal.SerializingExecutor run
SEVERE: Exception while executing runnable org.apache.ratis.thirdparty.io.grpc.internal.ServerImpl$JumpToApplicationThreadServerStreamListener$1Closed@4af75fbb
org.apache.ratis.thirdparty.io.grpc.StatusRuntimeException: CANCELLED: call already cancelled
	at org.apache.ratis.thirdparty.io.grpc.Status.asRuntimeException(Status.java:517)
	at org.apache.ratis.thirdparty.io.grpc.stub.ServerCalls$ServerCallStreamObserverImpl.onCompleted(ServerCalls.java:356)
	at org.apache.ratis.grpc.server.GrpcServerProtocolService$ServerRequestStreamObserver.onError(GrpcServerProtocolService.java:121)
	at org.apache.ratis.thirdparty.io.grpc.stub.ServerCalls$StreamingServerCallHandler$StreamingServerCallListener.onCancel(ServerCalls.java:269)
	at org.apache.ratis.thirdparty.io.grpc.internal.ServerCallImpl$ServerStreamListenerImpl.closed(ServerCallImpl.java:293)
	at org.apache.ratis.thirdparty.io.grpc.internal.ServerImpl$JumpToApplicationThreadServerStreamListener$1Closed.runInContext(ServerImpl.java:741)
	at org.apache.ratis.thirdparty.io.grpc.internal.ContextRunnable.run(ContextRunnable.java:37)
	at org.apache.ratis.thirdparty.io.grpc.internal.SerializingExecutor.run(SerializingExecutor.java:123)
	at java.util.concurrent.ThreadPoolExecutor.runWorker(ThreadPoolExecutor.java:1149)
	at java.util.concurrent.ThreadPoolExecutor$Worker.run(ThreadPoolExecutor.java:624)
	at java.lang.Thread.run(Thread.java:748)

]]></system-err>
  </testcase>
</testsuite>