<?xml version="1.0" encoding="UTF-8"?>
<testsuite xmlns:xsi="http://www.w3.org/2001/XMLSchema-instance" xsi:noNamespaceSchemaLocation="https://maven.apache.org/surefire/maven-surefire-plugin/xsd/surefire-test-report.xsd" name="org.apache.hadoop.ozone.client.rpc.TestBlockOutputStreamWithFailures" time="743.994" tests="8" errors="0" skipped="0" failures="1">
  <properties>
    <property name="awt.toolkit" value="sun.awt.X11.XToolkit"/>
    <property name="file.encoding.pkg" value="sun.io"/>
    <property name="java.specification.version" value="1.8"/>
    <property name="sun.cpu.isalist" value=""/>
    <property name="sun.jnu.encoding" value="ANSI_X3.4-1968"/>
    <property name="java.class.path" value="/workdir/hadoop-ozone/integration-test/target/test-classes:/workdir/hadoop-ozone/integration-test/target/classes:/home/user/.m2/repository/org/apache/hadoop/hadoop-ozone-common/0.5.0-SNAPSHOT/hadoop-ozone-common-0.5.0-SNAPSHOT.jar:/home/user/.m2/repository/org/apache/commons/commons-compress/1.4.1/commons-compress-1.4.1.jar:/home/user/.m2/repository/org/tukaani/xz/1.0/xz-1.0.jar:/home/user/.m2/repository/org/apache/hadoop/hadoop-common/3.2.0/hadoop-common-3.2.0.jar:/home/user/.m2/repository/org/apache/hadoop/hadoop-hdfs/3.2.0/hadoop-hdfs-3.2.0.jar:/home/user/.m2/repository/org/apache/hadoop/hadoop-hdfs-client/3.2.0/hadoop-hdfs-client-3.2.0.jar:/home/user/.m2/repository/com/fasterxml/jackson/core/jackson-annotations/2.9.9/jackson-annotations-2.9.9.jar:/home/user/.m2/repository/org/apache/hadoop/hadoop-hdds-common/0.5.0-SNAPSHOT/hadoop-hdds-common-0.5.0-SNAPSHOT.jar:/home/user/.m2/repository/javax/annotation/javax.annotation-api/1.2/javax.annotation-api-1.2.jar:/home/user/.m2/repository/org/apache/ratis/ratis-server/0.5.0-201fc85-SNAPSHOT/ratis-server-0.5.0-201fc85-SNAPSHOT.jar:/home/user/.m2/repository/org/apache/ratis/ratis-thirdparty-misc/0.2.0/ratis-thirdparty-misc-0.2.0.jar:/home/user/.m2/repository/org/apache/ratis/ratis-proto/0.5.0-201fc85-SNAPSHOT/ratis-proto-0.5.0-201fc85-SNAPSHOT.jar:/home/user/.m2/repository/org/apache/ratis/ratis-common/0.5.0-201fc85-SNAPSHOT/ratis-common-0.5.0-201fc85-SNAPSHOT.jar:/home/user/.m2/repository/org/apache/ratis/ratis-client/0.5.0-201fc85-SNAPSHOT/ratis-client-0.5.0-201fc85-SNAPSHOT.jar:/home/user/.m2/repository/org/apache/ratis/ratis-metrics/0.5.0-201fc85-SNAPSHOT/ratis-metrics-0.5.0-201fc85-SNAPSHOT.jar:/home/user/.m2/repository/com/github/joshelser/dropwizard-metrics-hadoop-metrics2-reporter/0.1.2/dropwizard-metrics-hadoop-metrics2-reporter-0.1.2.jar:/home/user/.m2/repository/io/dropwizard/metrics/metrics-jvm/3.2.5/metrics-jvm-3.2.5.jar:/home/user/.m2/repository/io/dropwizard/metrics/metrics-ganglia/3.2.5/metrics-ganglia-3.2.5.jar:/home/user/.m2/repository/info/ganglia/gmetric4j/gmetric4j/1.0.7/gmetric4j-1.0.7.jar:/home/user/.m2/repository/org/apache/ratis/ratis-netty/0.5.0-201fc85-SNAPSHOT/ratis-netty-0.5.0-201fc85-SNAPSHOT.jar:/home/user/.m2/repository/org/apache/ratis/ratis-grpc/0.5.0-201fc85-SNAPSHOT/ratis-grpc-0.5.0-201fc85-SNAPSHOT.jar:/home/user/.m2/repository/org/rocksdb/rocksdbjni/6.0.1/rocksdbjni-6.0.1.jar:/home/user/.m2/repository/org/apache/logging/log4j/log4j-api/2.11.0/log4j-api-2.11.0.jar:/home/user/.m2/repository/org/apache/logging/log4j/log4j-core/2.11.0/log4j-core-2.11.0.jar:/home/user/.m2/repository/com/lmax/disruptor/3.4.2/disruptor-3.4.2.jar:/home/user/.m2/repository/org/apache/commons/commons-pool2/2.6.0/commons-pool2-2.6.0.jar:/home/user/.m2/repository/org/bouncycastle/bcpkix-jdk15on/1.60/bcpkix-jdk15on-1.60.jar:/home/user/.m2/repository/commons-validator/commons-validator/1.6/commons-validator-1.6.jar:/home/user/.m2/repository/commons-digester/commons-digester/1.8.1/commons-digester-1.8.1.jar:/home/user/.m2/repository/io/jaegertracing/jaeger-client/0.34.0/jaeger-client-0.34.0.jar:/home/user/.m2/repository/io/jaegertracing/jaeger-thrift/0.34.0/jaeger-thrift-0.34.0.jar:/home/user/.m2/repository/org/apache/thrift/libthrift/0.12.0/libthrift-0.12.0.jar:/home/user/.m2/repository/com/squareup/okhttp3/okhttp/3.9.0/okhttp-3.9.0.jar:/home/user/.m2/repository/com/squareup/okio/okio/1.13.0/okio-1.13.0.jar:/home/user/.m2/repository/io/jaegertracing/jaeger-core/0.34.0/jaeger-core-0.34.0.jar:/home/user/.m2/repository/io/jaegertracing/jaeger-tracerresolver/0.34.0/jaeger-tracerresolver-0.34.0.jar:/home/user/.m2/repository/io/opentracing/contrib/opentracing-tracerresolver/0.1.5/opentracing-tracerresolver-0.1.5.jar:/home/user/.m2/repository/io/opentracing/opentracing-util/0.31.0/opentracing-util-0.31.0.jar:/home/user/.m2/repository/io/opentracing/opentracing-api/0.31.0/opentracing-api-0.31.0.jar:/home/user/.m2/repository/io/opentracing/opentracing-noop/0.31.0/opentracing-noop-0.31.0.jar:/home/user/.m2/repository/org/apache/hadoop/hadoop-hdds-server-framework/0.5.0-SNAPSHOT/hadoop-hdds-server-framework-0.5.0-SNAPSHOT.jar:/home/user/.m2/repository/org/apache/hadoop/hadoop-hdds-container-service/0.5.0-SNAPSHOT/hadoop-hdds-container-service-0.5.0-SNAPSHOT.jar:/home/user/.m2/repository/org/apache/hadoop/hadoop-hdds-client/0.5.0-SNAPSHOT/hadoop-hdds-client-0.5.0-SNAPSHOT.jar:/home/user/.m2/repository/org/apache/hadoop/hadoop-hdds-tools/0.5.0-SNAPSHOT/hadoop-hdds-tools-0.5.0-SNAPSHOT.jar:/home/user/.m2/repository/org/apache/hadoop/hadoop-hdds-server-scm/0.5.0-SNAPSHOT/hadoop-hdds-server-scm-0.5.0-SNAPSHOT.jar:/home/user/.m2/repository/org/apache/hadoop/hadoop-hdds-docs/0.5.0-SNAPSHOT/hadoop-hdds-docs-0.5.0-SNAPSHOT.jar:/home/user/.m2/repository/io/dropwizard/metrics/metrics-core/3.2.4/metrics-core-3.2.4.jar:/home/user/.m2/repository/org/hamcrest/hamcrest-all/1.3/hamcrest-all-1.3.jar:/home/user/.m2/repository/org/bouncycastle/bcprov-jdk15on/1.60/bcprov-jdk15on-1.60.jar:/home/user/.m2/repository/info/picocli/picocli/3.9.6/picocli-3.9.6.jar:/home/user/.m2/repository/com/google/protobuf/protobuf-java/2.5.0/protobuf-java-2.5.0.jar:/home/user/.m2/repository/com/google/guava/guava/11.0.2/guava-11.0.2.jar:/home/user/.m2/repository/org/apache/hadoop/hadoop-ozone-ozone-manager/0.5.0-SNAPSHOT/hadoop-ozone-ozone-manager-0.5.0-SNAPSHOT.jar:/home/user/.m2/repository/org/apache/hadoop/hadoop-minikdc/3.2.0/hadoop-minikdc-3.2.0.jar:/home/user/.m2/repository/commons-io/commons-io/2.5/commons-io-2.5.jar:/home/user/.m2/repository/org/apache/kerby/kerb-simplekdc/1.0.1/kerb-simplekdc-1.0.1.jar:/home/user/.m2/repository/org/apache/kerby/kerb-client/1.0.1/kerb-client-1.0.1.jar:/home/user/.m2/repository/org/apache/kerby/kerby-config/1.0.1/kerby-config-1.0.1.jar:/home/user/.m2/repository/org/apache/kerby/kerb-core/1.0.1/kerb-core-1.0.1.jar:/home/user/.m2/repository/org/apache/kerby/kerby-pkix/1.0.1/kerby-pkix-1.0.1.jar:/home/user/.m2/repository/org/apache/kerby/kerby-asn1/1.0.1/kerby-asn1-1.0.1.jar:/home/user/.m2/repository/org/apache/kerby/kerby-util/1.0.1/kerby-util-1.0.1.jar:/home/user/.m2/repository/org/apache/kerby/kerb-common/1.0.1/kerb-common-1.0.1.jar:/home/user/.m2/repository/org/apache/kerby/kerb-crypto/1.0.1/kerb-crypto-1.0.1.jar:/home/user/.m2/repository/org/apache/kerby/kerb-util/1.0.1/kerb-util-1.0.1.jar:/home/user/.m2/repository/org/apache/kerby/token-provider/1.0.1/token-provider-1.0.1.jar:/home/user/.m2/repository/org/apache/kerby/kerb-admin/1.0.1/kerb-admin-1.0.1.jar:/home/user/.m2/repository/org/apache/kerby/kerb-server/1.0.1/kerb-server-1.0.1.jar:/home/user/.m2/repository/org/apache/kerby/kerb-identity/1.0.1/kerb-identity-1.0.1.jar:/home/user/.m2/repository/org/apache/kerby/kerby-xdr/1.0.1/kerby-xdr-1.0.1.jar:/home/user/.m2/repository/org/slf4j/slf4j-log4j12/1.7.25/slf4j-log4j12-1.7.25.jar:/home/user/.m2/repository/org/apache/hadoop/hadoop-ozone-s3gateway/0.5.0-SNAPSHOT/hadoop-ozone-s3gateway-0.5.0-SNAPSHOT.jar:/home/user/.m2/repository/org/jboss/weld/servlet/weld-servlet/2.4.7.Final/weld-servlet-2.4.7.Final.jar:/home/user/.m2/repository/org/glassfish/jersey/containers/jersey-container-servlet-core/2.27/jersey-container-servlet-core-2.27.jar:/home/user/.m2/repository/org/glassfish/hk2/external/javax.inject/2.5.0-b42/javax.inject-2.5.0-b42.jar:/home/user/.m2/repository/org/glassfish/jersey/core/jersey-common/2.27/jersey-common-2.27.jar:/home/user/.m2/repository/org/glassfish/hk2/osgi-resource-locator/1.0.1/osgi-resource-locator-1.0.1.jar:/home/user/.m2/repository/javax/ws/rs/javax.ws.rs-api/2.1/javax.ws.rs-api-2.1.jar:/home/user/.m2/repository/org/glassfish/jersey/ext/cdi/jersey-cdi1x/2.27/jersey-cdi1x-2.27.jar:/home/user/.m2/repository/org/glassfish/jersey/inject/jersey-hk2/2.27/jersey-hk2-2.27.jar:/home/user/.m2/repository/org/glassfish/hk2/hk2-locator/2.5.0-b42/hk2-locator-2.5.0-b42.jar:/home/user/.m2/repository/org/javassist/javassist/3.22.0-CR2/javassist-3.22.0-CR2.jar:/home/user/.m2/repository/org/glassfish/hk2/hk2-api/2.5.0/hk2-api-2.5.0.jar:/home/user/.m2/repository/org/glassfish/hk2/external/jakarta.inject/2.5.0/jakarta.inject-2.5.0.jar:/home/user/.m2/repository/org/glassfish/hk2/hk2-utils/2.5.0/hk2-utils-2.5.0.jar:/home/user/.m2/repository/jakarta/annotation/jakarta.annotation-api/1.3.4/jakarta.annotation-api-1.3.4.jar:/home/user/.m2/repository/org/glassfish/hk2/external/aopalliance-repackaged/2.5.0/aopalliance-repackaged-2.5.0.jar:/home/user/.m2/repository/com/fasterxml/jackson/dataformat/jackson-dataformat-xml/2.9.0/jackson-dataformat-xml-2.9.0.jar:/home/user/.m2/repository/com/fasterxml/jackson/core/jackson-core/2.9.9/jackson-core-2.9.9.jar:/home/user/.m2/repository/com/fasterxml/jackson/module/jackson-module-jaxb-annotations/2.9.9/jackson-module-jaxb-annotations-2.9.9.jar:/home/user/.m2/repository/javax/enterprise/cdi-api/1.2/cdi-api-1.2.jar:/home/user/.m2/repository/javax/el/javax.el-api/3.0.0/javax.el-api-3.0.0.jar:/home/user/.m2/repository/javax/interceptor/javax.interceptor-api/1.2/javax.interceptor-api-1.2.jar:/home/user/.m2/repository/javax/inject/javax.inject/1/javax.inject-1.jar:/home/user/.m2/repository/com/sun/xml/bind/jaxb-impl/2.3.0.1/jaxb-impl-2.3.0.1.jar:/home/user/.m2/repository/com/sun/xml/bind/jaxb-core/2.3.0.1/jaxb-core-2.3.0.1.jar:/home/user/.m2/repository/javax/xml/bind/jaxb-api/2.3.0/jaxb-api-2.3.0.jar:/home/user/.m2/repository/javax/activation/activation/1.1.1/activation-1.1.1.jar:/home/user/.m2/repository/org/apache/hadoop/hadoop-ozone-csi/0.5.0-SNAPSHOT/hadoop-ozone-csi-0.5.0-SNAPSHOT.jar:/home/user/.m2/repository/com/google/protobuf/protobuf-java-util/3.5.1/protobuf-java-util-3.5.1.jar:/home/user/.m2/repository/org/apache/hadoop/hadoop-hdds-config/0.5.0-SNAPSHOT/hadoop-hdds-config-0.5.0-SNAPSHOT.jar:/home/user/.m2/repository/io/grpc/grpc-netty/1.17.1/grpc-netty-1.17.1.jar:/home/user/.m2/repository/io/grpc/grpc-core/1.17.1/grpc-core-1.17.1.jar:/home/user/.m2/repository/io/grpc/grpc-context/1.17.1/grpc-context-1.17.1.jar:/home/user/.m2/repository/com/google/errorprone/error_prone_annotations/2.2.0/error_prone_annotations-2.2.0.jar:/home/user/.m2/repository/org/codehaus/mojo/animal-sniffer-annotations/1.17/animal-sniffer-annotations-1.17.jar:/home/user/.m2/repository/io/opencensus/opencensus-api/0.17.0/opencensus-api-0.17.0.jar:/home/user/.m2/repository/io/opencensus/opencensus-contrib-grpc-metrics/0.17.0/opencensus-contrib-grpc-metrics-0.17.0.jar:/home/user/.m2/repository/io/netty/netty-codec-http2/4.1.30.Final/netty-codec-http2-4.1.30.Final.jar:/home/user/.m2/repository/io/netty/netty-codec-http/4.1.30.Final/netty-codec-http-4.1.30.Final.jar:/home/user/.m2/repository/io/netty/netty-codec/4.1.30.Final/netty-codec-4.1.30.Final.jar:/home/user/.m2/repository/io/netty/netty-handler/4.1.30.Final/netty-handler-4.1.30.Final.jar:/home/user/.m2/repository/io/netty/netty-handler-proxy/4.1.30.Final/netty-handler-proxy-4.1.30.Final.jar:/home/user/.m2/repository/io/netty/netty-codec-socks/4.1.30.Final/netty-codec-socks-4.1.30.Final.jar:/home/user/.m2/repository/io/netty/netty-transport-native-epoll/4.1.30.Final/netty-transport-native-epoll-4.1.30.Final.jar:/home/user/.m2/repository/io/netty/netty-common/4.1.30.Final/netty-common-4.1.30.Final.jar:/home/user/.m2/repository/io/netty/netty-buffer/4.1.30.Final/netty-buffer-4.1.30.Final.jar:/home/user/.m2/repository/io/netty/netty-transport/4.1.30.Final/netty-transport-4.1.30.Final.jar:/home/user/.m2/repository/io/netty/netty-resolver/4.1.30.Final/netty-resolver-4.1.30.Final.jar:/home/user/.m2/repository/io/netty/netty-transport-native-unix-common/4.1.30.Final/netty-transport-native-unix-common-4.1.30.Final.jar:/home/user/.m2/repository/io/grpc/grpc-protobuf/1.17.1/grpc-protobuf-1.17.1.jar:/home/user/.m2/repository/com/google/api/grpc/proto-google-common-protos/1.0.0/proto-google-common-protos-1.0.0.jar:/home/user/.m2/repository/io/grpc/grpc-protobuf-lite/1.17.1/grpc-protobuf-lite-1.17.1.jar:/home/user/.m2/repository/io/grpc/grpc-stub/1.17.1/grpc-stub-1.17.1.jar:/home/user/.m2/repository/org/apache/hadoop/hadoop-ozone-recon/0.5.0-SNAPSHOT/hadoop-ozone-recon-0.5.0-SNAPSHOT.jar:/home/user/.m2/repository/org/apache/hadoop/hadoop-ozone-reconcodegen/0.5.0-SNAPSHOT/hadoop-ozone-reconcodegen-0.5.0-SNAPSHOT.jar:/home/user/.m2/repository/com/google/inject/extensions/guice-multibindings/4.0/guice-multibindings-4.0.jar:/home/user/.m2/repository/com/google/inject/guice/4.0/guice-4.0.jar:/home/user/.m2/repository/aopalliance/aopalliance/1.0/aopalliance-1.0.jar:/home/user/.m2/repository/com/google/inject/extensions/guice-servlet/4.0/guice-servlet-4.0.jar:/home/user/.m2/repository/org/glassfish/jersey/containers/jersey-container-servlet/2.27/jersey-container-servlet-2.27.jar:/home/user/.m2/repository/org/glassfish/hk2/guice-bridge/2.5.0/guice-bridge-2.5.0.jar:/home/user/.m2/repository/org/glassfish/jersey/core/jersey-server/2.27/jersey-server-2.27.jar:/home/user/.m2/repository/org/glassfish/jersey/core/jersey-client/2.27/jersey-client-2.27.jar:/home/user/.m2/repository/org/glassfish/jersey/media/jersey-media-jaxb/2.27/jersey-media-jaxb-2.27.jar:/home/user/.m2/repository/javax/validation/validation-api/1.1.0.Final/validation-api-1.1.0.Final.jar:/home/user/.m2/repository/org/glassfish/jersey/media/jersey-media-json-jackson/2.27/jersey-media-json-jackson-2.27.jar:/home/user/.m2/repository/org/glassfish/jersey/ext/jersey-entity-filtering/2.27/jersey-entity-filtering-2.27.jar:/home/user/.m2/repository/com/google/inject/extensions/guice-assistedinject/4.0/guice-assistedinject-4.0.jar:/home/user/.m2/repository/org/jooq/jooq/3.11.10/jooq-3.11.10.jar:/home/user/.m2/repository/org/jooq/jooq-meta/3.11.10/jooq-meta-3.11.10.jar:/home/user/.m2/repository/org/jooq/jooq-codegen/3.11.10/jooq-codegen-3.11.10.jar:/home/user/.m2/repository/com/jolbox/bonecp/0.8.0.RELEASE/bonecp-0.8.0.RELEASE.jar:/home/user/.m2/repository/org/xerial/sqlite-jdbc/3.25.2/sqlite-jdbc-3.25.2.jar:/home/user/.m2/repository/org/springframework/spring-jdbc/5.1.3.RELEASE/spring-jdbc-5.1.3.RELEASE.jar:/home/user/.m2/repository/org/springframework/spring-beans/5.1.3.RELEASE/spring-beans-5.1.3.RELEASE.jar:/home/user/.m2/repository/org/springframework/spring-core/5.1.3.RELEASE/spring-core-5.1.3.RELEASE.jar:/home/user/.m2/repository/org/springframework/spring-jcl/5.1.3.RELEASE/spring-jcl-5.1.3.RELEASE.jar:/home/user/.m2/repository/org/springframework/spring-tx/5.1.3.RELEASE/spring-tx-5.1.3.RELEASE.jar:/home/user/.m2/repository/org/apache/hadoop/hadoop-ozone-client/0.5.0-SNAPSHOT/hadoop-ozone-client-0.5.0-SNAPSHOT.jar:/home/user/.m2/repository/commons-lang/commons-lang/2.6/commons-lang-2.6.jar:/home/user/.m2/repository/org/apache/hadoop/hadoop-ozone-ozone-manager/0.5.0-SNAPSHOT/hadoop-ozone-ozone-manager-0.5.0-SNAPSHOT-tests.jar:/home/user/.m2/repository/junit/junit/4.11/junit-4.11.jar:/home/user/.m2/repository/org/hamcrest/hamcrest-core/1.3/hamcrest-core-1.3.jar:/home/user/.m2/repository/org/openjdk/jmh/jmh-core/1.19/jmh-core-1.19.jar:/home/user/.m2/repository/net/sf/jopt-simple/jopt-simple/4.6/jopt-simple-4.6.jar:/home/user/.m2/repository/org/apache/commons/commons-math3/3.1.1/commons-math3-3.1.1.jar:/home/user/.m2/repository/org/openjdk/jmh/jmh-generator-annprocess/1.19/jmh-generator-annprocess-1.19.jar:/home/user/.m2/repository/org/mockito/mockito-all/1.8.5/mockito-all-1.8.5.jar:/home/user/.m2/repository/org/apache/hadoop/hadoop-kms/3.2.0/hadoop-kms-3.2.0.jar:/home/user/.m2/repository/org/apache/hadoop/hadoop-auth/3.2.0/hadoop-auth-3.2.0.jar:/home/user/.m2/repository/com/nimbusds/nimbus-jose-jwt/4.41.1/nimbus-jose-jwt-4.41.1.jar:/home/user/.m2/repository/com/github/stephenc/jcip/jcip-annotations/1.0-1/jcip-annotations-1.0-1.jar:/home/user/.m2/repository/net/minidev/json-smart/2.3/json-smart-2.3.jar:/home/user/.m2/repository/net/minidev/accessors-smart/1.2/accessors-smart-1.2.jar:/home/user/.m2/repository/org/ow2/asm/asm/5.0.4/asm-5.0.4.jar:/home/user/.m2/repository/org/apache/curator/curator-framework/2.12.0/curator-framework-2.12.0.jar:/home/user/.m2/repository/com/sun/jersey/jersey-core/1.19/jersey-core-1.19.jar:/home/user/.m2/repository/javax/ws/rs/jsr311-api/1.1.1/jsr311-api-1.1.1.jar:/home/user/.m2/repository/com/sun/jersey/jersey-server/1.19/jersey-server-1.19.jar:/home/user/.m2/repository/javax/servlet/javax.servlet-api/3.1.0/javax.servlet-api-3.1.0.jar:/home/user/.m2/repository/org/eclipse/jetty/jetty-server/9.3.25.v20180904/jetty-server-9.3.25.v20180904.jar:/home/user/.m2/repository/org/eclipse/jetty/jetty-http/9.3.25.v20180904/jetty-http-9.3.25.v20180904.jar:/home/user/.m2/repository/org/eclipse/jetty/jetty-io/9.3.25.v20180904/jetty-io-9.3.25.v20180904.jar:/home/user/.m2/repository/org/eclipse/jetty/jetty-webapp/9.3.25.v20180904/jetty-webapp-9.3.25.v20180904.jar:/home/user/.m2/repository/org/eclipse/jetty/jetty-xml/9.3.25.v20180904/jetty-xml-9.3.25.v20180904.jar:/home/user/.m2/repository/log4j/log4j/1.2.17/log4j-1.2.17.jar:/home/user/.m2/repository/org/slf4j/slf4j-api/1.7.25/slf4j-api-1.7.25.jar:/home/user/.m2/repository/org/slf4j/jul-to-slf4j/1.7.25/jul-to-slf4j-1.7.25.jar:/home/user/.m2/repository/org/eclipse/jetty/jetty-util/9.3.25.v20180904/jetty-util-9.3.25.v20180904.jar:/home/user/.m2/repository/com/fasterxml/jackson/core/jackson-databind/2.9.9/jackson-databind-2.9.9.jar:/home/user/.m2/repository/org/apache/hadoop/hadoop-kms/3.2.0/hadoop-kms-3.2.0-tests.jar:/home/user/.m2/repository/org/apache/hadoop/hadoop-hdds-server-scm/0.5.0-SNAPSHOT/hadoop-hdds-server-scm-0.5.0-SNAPSHOT-tests.jar:/home/user/.m2/repository/org/apache/hadoop/hadoop-hdds-container-service/0.5.0-SNAPSHOT/hadoop-hdds-container-service-0.5.0-SNAPSHOT-tests.jar:/home/user/.m2/repository/org/yaml/snakeyaml/1.16/snakeyaml-1.16.jar:/home/user/.m2/repository/org/apache/hadoop/hadoop-common/3.2.0/hadoop-common-3.2.0-tests.jar:/home/user/.m2/repository/org/apache/hadoop/hadoop-annotations/3.2.0/hadoop-annotations-3.2.0.jar:/usr/lib/jvm/java-1.8.0-openjdk-1.8.0.222.b10-1.el7_7.x86_64/jre/../lib/tools.jar:/home/user/.m2/repository/commons-cli/commons-cli/1.2/commons-cli-1.2.jar:/home/user/.m2/repository/org/apache/httpcomponents/httpclient/4.5.2/httpclient-4.5.2.jar:/home/user/.m2/repository/org/apache/httpcomponents/httpcore/4.4.4/httpcore-4.4.4.jar:/home/user/.m2/repository/commons-codec/commons-codec/1.11/commons-codec-1.11.jar:/home/user/.m2/repository/commons-net/commons-net/3.6/commons-net-3.6.jar:/home/user/.m2/repository/commons-collections/commons-collections/3.2.2/commons-collections-3.2.2.jar:/home/user/.m2/repository/org/eclipse/jetty/jetty-servlet/9.3.25.v20180904/jetty-servlet-9.3.25.v20180904.jar:/home/user/.m2/repository/org/eclipse/jetty/jetty-security/9.3.25.v20180904/jetty-security-9.3.25.v20180904.jar:/home/user/.m2/repository/javax/servlet/jsp/jsp-api/2.1/jsp-api-2.1.jar:/home/user/.m2/repository/com/sun/jersey/jersey-servlet/1.19/jersey-servlet-1.19.jar:/home/user/.m2/repository/com/sun/jersey/jersey-json/1.19/jersey-json-1.19.jar:/home/user/.m2/repository/org/codehaus/jettison/jettison/1.1/jettison-1.1.jar:/home/user/.m2/repository/org/codehaus/jackson/jackson-core-asl/1.9.13/jackson-core-asl-1.9.13.jar:/home/user/.m2/repository/org/codehaus/jackson/jackson-mapper-asl/1.9.13/jackson-mapper-asl-1.9.13.jar:/home/user/.m2/repository/org/codehaus/jackson/jackson-jaxrs/1.9.13/jackson-jaxrs-1.9.13.jar:/home/user/.m2/repository/org/codehaus/jackson/jackson-xc/1.9.13/jackson-xc-1.9.13.jar:/home/user/.m2/repository/commons-logging/commons-logging/1.1.3/commons-logging-1.1.3.jar:/home/user/.m2/repository/commons-beanutils/commons-beanutils/1.9.4/commons-beanutils-1.9.4.jar:/home/user/.m2/repository/org/apache/commons/commons-configuration2/2.1.1/commons-configuration2-2.1.1.jar:/home/user/.m2/repository/org/apache/commons/commons-lang3/3.7/commons-lang3-3.7.jar:/home/user/.m2/repository/org/apache/commons/commons-text/1.4/commons-text-1.4.jar:/home/user/.m2/repository/org/apache/avro/avro/1.7.7/avro-1.7.7.jar:/home/user/.m2/repository/com/thoughtworks/paranamer/paranamer/2.3/paranamer-2.3.jar:/home/user/.m2/repository/org/xerial/snappy/snappy-java/1.0.5/snappy-java-1.0.5.jar:/home/user/.m2/repository/com/google/re2j/re2j/1.1/re2j-1.1.jar:/home/user/.m2/repository/com/google/code/gson/gson/2.2.4/gson-2.2.4.jar:/home/user/.m2/repository/com/jcraft/jsch/0.1.54/jsch-0.1.54.jar:/home/user/.m2/repository/org/apache/curator/curator-client/2.12.0/curator-client-2.12.0.jar:/home/user/.m2/repository/org/apache/curator/curator-recipes/2.12.0/curator-recipes-2.12.0.jar:/home/user/.m2/repository/com/google/code/findbugs/jsr305/3.0.0/jsr305-3.0.0.jar:/home/user/.m2/repository/org/apache/htrace/htrace-core4/4.1.0-incubating/htrace-core4-4.1.0-incubating.jar:/home/user/.m2/repository/org/apache/zookeeper/zookeeper/3.4.13/zookeeper-3.4.13.jar:/home/user/.m2/repository/jline/jline/0.9.94/jline-0.9.94.jar:/home/user/.m2/repository/org/apache/yetus/audience-annotations/0.5.0/audience-annotations-0.5.0.jar:/home/user/.m2/repository/org/codehaus/woodstox/stax2-api/3.1.4/stax2-api-3.1.4.jar:/home/user/.m2/repository/com/fasterxml/woodstox/woodstox-core/5.0.3/woodstox-core-5.0.3.jar:/home/user/.m2/repository/dnsjava/dnsjava/2.1.7/dnsjava-2.1.7.jar:/home/user/.m2/repository/org/apache/hadoop/hadoop-hdfs/3.2.0/hadoop-hdfs-3.2.0-tests.jar:/home/user/.m2/repository/org/eclipse/jetty/jetty-util-ajax/9.3.25.v20180904/jetty-util-ajax-9.3.25.v20180904.jar:/home/user/.m2/repository/commons-daemon/commons-daemon/1.0.13/commons-daemon-1.0.13.jar:/home/user/.m2/repository/io/netty/netty/3.10.5.Final/netty-3.10.5.Final.jar:/home/user/.m2/repository/io/netty/netty-all/4.0.52.Final/netty-all-4.0.52.Final.jar:/home/user/.m2/repository/org/fusesource/leveldbjni/leveldbjni-all/1.8/leveldbjni-all-1.8.jar:"/>
    <property name="java.vm.vendor" value="Oracle Corporation"/>
    <property name="sun.arch.data.model" value="64"/>
    <property name="test.build.dir" value="/workdir/hadoop-ozone/integration-test/target/test-dir"/>
    <property name="test.cache.data" value=""/>
    <property name="java.vendor.url" value="http://java.oracle.com/"/>
    <property name="user.timezone" value=""/>
    <property name="java.vm.specification.version" value="1.8"/>
    <property name="os.name" value="Linux"/>
    <property name="test.build.data" value="/workdir/hadoop-ozone/integration-test/target/test-dir"/>
    <property name="user.country" value="US"/>
    <property name="sun.java.launcher" value="SUN_STANDARD"/>
    <property name="sun.boot.library.path" value="/usr/lib/jvm/java-1.8.0-openjdk-1.8.0.222.b10-1.el7_7.x86_64/jre/lib/amd64"/>
    <property name="sun.java.command" value="/workdir/hadoop-ozone/integration-test/target/surefire/surefirebooter7868033615274427916.jar /workdir/hadoop-ozone/integration-test/target/surefire 2019-10-21T09-18-44_408-jvmRun1 surefire56464182868539968tmp surefire_393111790686464238398tmp"/>
    <property name="test" value="!TestMiniChaosOzoneCluster"/>
    <property name="surefire.test.class.path" value="/workdir/hadoop-ozone/integration-test/target/test-classes:/workdir/hadoop-ozone/integration-test/target/classes:/home/user/.m2/repository/org/apache/hadoop/hadoop-ozone-common/0.5.0-SNAPSHOT/hadoop-ozone-common-0.5.0-SNAPSHOT.jar:/home/user/.m2/repository/org/apache/commons/commons-compress/1.4.1/commons-compress-1.4.1.jar:/home/user/.m2/repository/org/tukaani/xz/1.0/xz-1.0.jar:/home/user/.m2/repository/org/apache/hadoop/hadoop-common/3.2.0/hadoop-common-3.2.0.jar:/home/user/.m2/repository/org/apache/hadoop/hadoop-hdfs/3.2.0/hadoop-hdfs-3.2.0.jar:/home/user/.m2/repository/org/apache/hadoop/hadoop-hdfs-client/3.2.0/hadoop-hdfs-client-3.2.0.jar:/home/user/.m2/repository/com/fasterxml/jackson/core/jackson-annotations/2.9.9/jackson-annotations-2.9.9.jar:/home/user/.m2/repository/org/apache/hadoop/hadoop-hdds-common/0.5.0-SNAPSHOT/hadoop-hdds-common-0.5.0-SNAPSHOT.jar:/home/user/.m2/repository/javax/annotation/javax.annotation-api/1.2/javax.annotation-api-1.2.jar:/home/user/.m2/repository/org/apache/ratis/ratis-server/0.5.0-201fc85-SNAPSHOT/ratis-server-0.5.0-201fc85-SNAPSHOT.jar:/home/user/.m2/repository/org/apache/ratis/ratis-thirdparty-misc/0.2.0/ratis-thirdparty-misc-0.2.0.jar:/home/user/.m2/repository/org/apache/ratis/ratis-proto/0.5.0-201fc85-SNAPSHOT/ratis-proto-0.5.0-201fc85-SNAPSHOT.jar:/home/user/.m2/repository/org/apache/ratis/ratis-common/0.5.0-201fc85-SNAPSHOT/ratis-common-0.5.0-201fc85-SNAPSHOT.jar:/home/user/.m2/repository/org/apache/ratis/ratis-client/0.5.0-201fc85-SNAPSHOT/ratis-client-0.5.0-201fc85-SNAPSHOT.jar:/home/user/.m2/repository/org/apache/ratis/ratis-metrics/0.5.0-201fc85-SNAPSHOT/ratis-metrics-0.5.0-201fc85-SNAPSHOT.jar:/home/user/.m2/repository/com/github/joshelser/dropwizard-metrics-hadoop-metrics2-reporter/0.1.2/dropwizard-metrics-hadoop-metrics2-reporter-0.1.2.jar:/home/user/.m2/repository/io/dropwizard/metrics/metrics-jvm/3.2.5/metrics-jvm-3.2.5.jar:/home/user/.m2/repository/io/dropwizard/metrics/metrics-ganglia/3.2.5/metrics-ganglia-3.2.5.jar:/home/user/.m2/repository/info/ganglia/gmetric4j/gmetric4j/1.0.7/gmetric4j-1.0.7.jar:/home/user/.m2/repository/org/apache/ratis/ratis-netty/0.5.0-201fc85-SNAPSHOT/ratis-netty-0.5.0-201fc85-SNAPSHOT.jar:/home/user/.m2/repository/org/apache/ratis/ratis-grpc/0.5.0-201fc85-SNAPSHOT/ratis-grpc-0.5.0-201fc85-SNAPSHOT.jar:/home/user/.m2/repository/org/rocksdb/rocksdbjni/6.0.1/rocksdbjni-6.0.1.jar:/home/user/.m2/repository/org/apache/logging/log4j/log4j-api/2.11.0/log4j-api-2.11.0.jar:/home/user/.m2/repository/org/apache/logging/log4j/log4j-core/2.11.0/log4j-core-2.11.0.jar:/home/user/.m2/repository/com/lmax/disruptor/3.4.2/disruptor-3.4.2.jar:/home/user/.m2/repository/org/apache/commons/commons-pool2/2.6.0/commons-pool2-2.6.0.jar:/home/user/.m2/repository/org/bouncycastle/bcpkix-jdk15on/1.60/bcpkix-jdk15on-1.60.jar:/home/user/.m2/repository/commons-validator/commons-validator/1.6/commons-validator-1.6.jar:/home/user/.m2/repository/commons-digester/commons-digester/1.8.1/commons-digester-1.8.1.jar:/home/user/.m2/repository/io/jaegertracing/jaeger-client/0.34.0/jaeger-client-0.34.0.jar:/home/user/.m2/repository/io/jaegertracing/jaeger-thrift/0.34.0/jaeger-thrift-0.34.0.jar:/home/user/.m2/repository/org/apache/thrift/libthrift/0.12.0/libthrift-0.12.0.jar:/home/user/.m2/repository/com/squareup/okhttp3/okhttp/3.9.0/okhttp-3.9.0.jar:/home/user/.m2/repository/com/squareup/okio/okio/1.13.0/okio-1.13.0.jar:/home/user/.m2/repository/io/jaegertracing/jaeger-core/0.34.0/jaeger-core-0.34.0.jar:/home/user/.m2/repository/io/jaegertracing/jaeger-tracerresolver/0.34.0/jaeger-tracerresolver-0.34.0.jar:/home/user/.m2/repository/io/opentracing/contrib/opentracing-tracerresolver/0.1.5/opentracing-tracerresolver-0.1.5.jar:/home/user/.m2/repository/io/opentracing/opentracing-util/0.31.0/opentracing-util-0.31.0.jar:/home/user/.m2/repository/io/opentracing/opentracing-api/0.31.0/opentracing-api-0.31.0.jar:/home/user/.m2/repository/io/opentracing/opentracing-noop/0.31.0/opentracing-noop-0.31.0.jar:/home/user/.m2/repository/org/apache/hadoop/hadoop-hdds-server-framework/0.5.0-SNAPSHOT/hadoop-hdds-server-framework-0.5.0-SNAPSHOT.jar:/home/user/.m2/repository/org/apache/hadoop/hadoop-hdds-container-service/0.5.0-SNAPSHOT/hadoop-hdds-container-service-0.5.0-SNAPSHOT.jar:/home/user/.m2/repository/org/apache/hadoop/hadoop-hdds-client/0.5.0-SNAPSHOT/hadoop-hdds-client-0.5.0-SNAPSHOT.jar:/home/user/.m2/repository/org/apache/hadoop/hadoop-hdds-tools/0.5.0-SNAPSHOT/hadoop-hdds-tools-0.5.0-SNAPSHOT.jar:/home/user/.m2/repository/org/apache/hadoop/hadoop-hdds-server-scm/0.5.0-SNAPSHOT/hadoop-hdds-server-scm-0.5.0-SNAPSHOT.jar:/home/user/.m2/repository/org/apache/hadoop/hadoop-hdds-docs/0.5.0-SNAPSHOT/hadoop-hdds-docs-0.5.0-SNAPSHOT.jar:/home/user/.m2/repository/io/dropwizard/metrics/metrics-core/3.2.4/metrics-core-3.2.4.jar:/home/user/.m2/repository/org/hamcrest/hamcrest-all/1.3/hamcrest-all-1.3.jar:/home/user/.m2/repository/org/bouncycastle/bcprov-jdk15on/1.60/bcprov-jdk15on-1.60.jar:/home/user/.m2/repository/info/picocli/picocli/3.9.6/picocli-3.9.6.jar:/home/user/.m2/repository/com/google/protobuf/protobuf-java/2.5.0/protobuf-java-2.5.0.jar:/home/user/.m2/repository/com/google/guava/guava/11.0.2/guava-11.0.2.jar:/home/user/.m2/repository/org/apache/hadoop/hadoop-ozone-ozone-manager/0.5.0-SNAPSHOT/hadoop-ozone-ozone-manager-0.5.0-SNAPSHOT.jar:/home/user/.m2/repository/org/apache/hadoop/hadoop-minikdc/3.2.0/hadoop-minikdc-3.2.0.jar:/home/user/.m2/repository/commons-io/commons-io/2.5/commons-io-2.5.jar:/home/user/.m2/repository/org/apache/kerby/kerb-simplekdc/1.0.1/kerb-simplekdc-1.0.1.jar:/home/user/.m2/repository/org/apache/kerby/kerb-client/1.0.1/kerb-client-1.0.1.jar:/home/user/.m2/repository/org/apache/kerby/kerby-config/1.0.1/kerby-config-1.0.1.jar:/home/user/.m2/repository/org/apache/kerby/kerb-core/1.0.1/kerb-core-1.0.1.jar:/home/user/.m2/repository/org/apache/kerby/kerby-pkix/1.0.1/kerby-pkix-1.0.1.jar:/home/user/.m2/repository/org/apache/kerby/kerby-asn1/1.0.1/kerby-asn1-1.0.1.jar:/home/user/.m2/repository/org/apache/kerby/kerby-util/1.0.1/kerby-util-1.0.1.jar:/home/user/.m2/repository/org/apache/kerby/kerb-common/1.0.1/kerb-common-1.0.1.jar:/home/user/.m2/repository/org/apache/kerby/kerb-crypto/1.0.1/kerb-crypto-1.0.1.jar:/home/user/.m2/repository/org/apache/kerby/kerb-util/1.0.1/kerb-util-1.0.1.jar:/home/user/.m2/repository/org/apache/kerby/token-provider/1.0.1/token-provider-1.0.1.jar:/home/user/.m2/repository/org/apache/kerby/kerb-admin/1.0.1/kerb-admin-1.0.1.jar:/home/user/.m2/repository/org/apache/kerby/kerb-server/1.0.1/kerb-server-1.0.1.jar:/home/user/.m2/repository/org/apache/kerby/kerb-identity/1.0.1/kerb-identity-1.0.1.jar:/home/user/.m2/repository/org/apache/kerby/kerby-xdr/1.0.1/kerby-xdr-1.0.1.jar:/home/user/.m2/repository/org/slf4j/slf4j-log4j12/1.7.25/slf4j-log4j12-1.7.25.jar:/home/user/.m2/repository/org/apache/hadoop/hadoop-ozone-s3gateway/0.5.0-SNAPSHOT/hadoop-ozone-s3gateway-0.5.0-SNAPSHOT.jar:/home/user/.m2/repository/org/jboss/weld/servlet/weld-servlet/2.4.7.Final/weld-servlet-2.4.7.Final.jar:/home/user/.m2/repository/org/glassfish/jersey/containers/jersey-container-servlet-core/2.27/jersey-container-servlet-core-2.27.jar:/home/user/.m2/repository/org/glassfish/hk2/external/javax.inject/2.5.0-b42/javax.inject-2.5.0-b42.jar:/home/user/.m2/repository/org/glassfish/jersey/core/jersey-common/2.27/jersey-common-2.27.jar:/home/user/.m2/repository/org/glassfish/hk2/osgi-resource-locator/1.0.1/osgi-resource-locator-1.0.1.jar:/home/user/.m2/repository/javax/ws/rs/javax.ws.rs-api/2.1/javax.ws.rs-api-2.1.jar:/home/user/.m2/repository/org/glassfish/jersey/ext/cdi/jersey-cdi1x/2.27/jersey-cdi1x-2.27.jar:/home/user/.m2/repository/org/glassfish/jersey/inject/jersey-hk2/2.27/jersey-hk2-2.27.jar:/home/user/.m2/repository/org/glassfish/hk2/hk2-locator/2.5.0-b42/hk2-locator-2.5.0-b42.jar:/home/user/.m2/repository/org/javassist/javassist/3.22.0-CR2/javassist-3.22.0-CR2.jar:/home/user/.m2/repository/org/glassfish/hk2/hk2-api/2.5.0/hk2-api-2.5.0.jar:/home/user/.m2/repository/org/glassfish/hk2/external/jakarta.inject/2.5.0/jakarta.inject-2.5.0.jar:/home/user/.m2/repository/org/glassfish/hk2/hk2-utils/2.5.0/hk2-utils-2.5.0.jar:/home/user/.m2/repository/jakarta/annotation/jakarta.annotation-api/1.3.4/jakarta.annotation-api-1.3.4.jar:/home/user/.m2/repository/org/glassfish/hk2/external/aopalliance-repackaged/2.5.0/aopalliance-repackaged-2.5.0.jar:/home/user/.m2/repository/com/fasterxml/jackson/dataformat/jackson-dataformat-xml/2.9.0/jackson-dataformat-xml-2.9.0.jar:/home/user/.m2/repository/com/fasterxml/jackson/core/jackson-core/2.9.9/jackson-core-2.9.9.jar:/home/user/.m2/repository/com/fasterxml/jackson/module/jackson-module-jaxb-annotations/2.9.9/jackson-module-jaxb-annotations-2.9.9.jar:/home/user/.m2/repository/javax/enterprise/cdi-api/1.2/cdi-api-1.2.jar:/home/user/.m2/repository/javax/el/javax.el-api/3.0.0/javax.el-api-3.0.0.jar:/home/user/.m2/repository/javax/interceptor/javax.interceptor-api/1.2/javax.interceptor-api-1.2.jar:/home/user/.m2/repository/javax/inject/javax.inject/1/javax.inject-1.jar:/home/user/.m2/repository/com/sun/xml/bind/jaxb-impl/2.3.0.1/jaxb-impl-2.3.0.1.jar:/home/user/.m2/repository/com/sun/xml/bind/jaxb-core/2.3.0.1/jaxb-core-2.3.0.1.jar:/home/user/.m2/repository/javax/xml/bind/jaxb-api/2.3.0/jaxb-api-2.3.0.jar:/home/user/.m2/repository/javax/activation/activation/1.1.1/activation-1.1.1.jar:/home/user/.m2/repository/org/apache/hadoop/hadoop-ozone-csi/0.5.0-SNAPSHOT/hadoop-ozone-csi-0.5.0-SNAPSHOT.jar:/home/user/.m2/repository/com/google/protobuf/protobuf-java-util/3.5.1/protobuf-java-util-3.5.1.jar:/home/user/.m2/repository/org/apache/hadoop/hadoop-hdds-config/0.5.0-SNAPSHOT/hadoop-hdds-config-0.5.0-SNAPSHOT.jar:/home/user/.m2/repository/io/grpc/grpc-netty/1.17.1/grpc-netty-1.17.1.jar:/home/user/.m2/repository/io/grpc/grpc-core/1.17.1/grpc-core-1.17.1.jar:/home/user/.m2/repository/io/grpc/grpc-context/1.17.1/grpc-context-1.17.1.jar:/home/user/.m2/repository/com/google/errorprone/error_prone_annotations/2.2.0/error_prone_annotations-2.2.0.jar:/home/user/.m2/repository/org/codehaus/mojo/animal-sniffer-annotations/1.17/animal-sniffer-annotations-1.17.jar:/home/user/.m2/repository/io/opencensus/opencensus-api/0.17.0/opencensus-api-0.17.0.jar:/home/user/.m2/repository/io/opencensus/opencensus-contrib-grpc-metrics/0.17.0/opencensus-contrib-grpc-metrics-0.17.0.jar:/home/user/.m2/repository/io/netty/netty-codec-http2/4.1.30.Final/netty-codec-http2-4.1.30.Final.jar:/home/user/.m2/repository/io/netty/netty-codec-http/4.1.30.Final/netty-codec-http-4.1.30.Final.jar:/home/user/.m2/repository/io/netty/netty-codec/4.1.30.Final/netty-codec-4.1.30.Final.jar:/home/user/.m2/repository/io/netty/netty-handler/4.1.30.Final/netty-handler-4.1.30.Final.jar:/home/user/.m2/repository/io/netty/netty-handler-proxy/4.1.30.Final/netty-handler-proxy-4.1.30.Final.jar:/home/user/.m2/repository/io/netty/netty-codec-socks/4.1.30.Final/netty-codec-socks-4.1.30.Final.jar:/home/user/.m2/repository/io/netty/netty-transport-native-epoll/4.1.30.Final/netty-transport-native-epoll-4.1.30.Final.jar:/home/user/.m2/repository/io/netty/netty-common/4.1.30.Final/netty-common-4.1.30.Final.jar:/home/user/.m2/repository/io/netty/netty-buffer/4.1.30.Final/netty-buffer-4.1.30.Final.jar:/home/user/.m2/repository/io/netty/netty-transport/4.1.30.Final/netty-transport-4.1.30.Final.jar:/home/user/.m2/repository/io/netty/netty-resolver/4.1.30.Final/netty-resolver-4.1.30.Final.jar:/home/user/.m2/repository/io/netty/netty-transport-native-unix-common/4.1.30.Final/netty-transport-native-unix-common-4.1.30.Final.jar:/home/user/.m2/repository/io/grpc/grpc-protobuf/1.17.1/grpc-protobuf-1.17.1.jar:/home/user/.m2/repository/com/google/api/grpc/proto-google-common-protos/1.0.0/proto-google-common-protos-1.0.0.jar:/home/user/.m2/repository/io/grpc/grpc-protobuf-lite/1.17.1/grpc-protobuf-lite-1.17.1.jar:/home/user/.m2/repository/io/grpc/grpc-stub/1.17.1/grpc-stub-1.17.1.jar:/home/user/.m2/repository/org/apache/hadoop/hadoop-ozone-recon/0.5.0-SNAPSHOT/hadoop-ozone-recon-0.5.0-SNAPSHOT.jar:/home/user/.m2/repository/org/apache/hadoop/hadoop-ozone-reconcodegen/0.5.0-SNAPSHOT/hadoop-ozone-reconcodegen-0.5.0-SNAPSHOT.jar:/home/user/.m2/repository/com/google/inject/extensions/guice-multibindings/4.0/guice-multibindings-4.0.jar:/home/user/.m2/repository/com/google/inject/guice/4.0/guice-4.0.jar:/home/user/.m2/repository/aopalliance/aopalliance/1.0/aopalliance-1.0.jar:/home/user/.m2/repository/com/google/inject/extensions/guice-servlet/4.0/guice-servlet-4.0.jar:/home/user/.m2/repository/org/glassfish/jersey/containers/jersey-container-servlet/2.27/jersey-container-servlet-2.27.jar:/home/user/.m2/repository/org/glassfish/hk2/guice-bridge/2.5.0/guice-bridge-2.5.0.jar:/home/user/.m2/repository/org/glassfish/jersey/core/jersey-server/2.27/jersey-server-2.27.jar:/home/user/.m2/repository/org/glassfish/jersey/core/jersey-client/2.27/jersey-client-2.27.jar:/home/user/.m2/repository/org/glassfish/jersey/media/jersey-media-jaxb/2.27/jersey-media-jaxb-2.27.jar:/home/user/.m2/repository/javax/validation/validation-api/1.1.0.Final/validation-api-1.1.0.Final.jar:/home/user/.m2/repository/org/glassfish/jersey/media/jersey-media-json-jackson/2.27/jersey-media-json-jackson-2.27.jar:/home/user/.m2/repository/org/glassfish/jersey/ext/jersey-entity-filtering/2.27/jersey-entity-filtering-2.27.jar:/home/user/.m2/repository/com/google/inject/extensions/guice-assistedinject/4.0/guice-assistedinject-4.0.jar:/home/user/.m2/repository/org/jooq/jooq/3.11.10/jooq-3.11.10.jar:/home/user/.m2/repository/org/jooq/jooq-meta/3.11.10/jooq-meta-3.11.10.jar:/home/user/.m2/repository/org/jooq/jooq-codegen/3.11.10/jooq-codegen-3.11.10.jar:/home/user/.m2/repository/com/jolbox/bonecp/0.8.0.RELEASE/bonecp-0.8.0.RELEASE.jar:/home/user/.m2/repository/org/xerial/sqlite-jdbc/3.25.2/sqlite-jdbc-3.25.2.jar:/home/user/.m2/repository/org/springframework/spring-jdbc/5.1.3.RELEASE/spring-jdbc-5.1.3.RELEASE.jar:/home/user/.m2/repository/org/springframework/spring-beans/5.1.3.RELEASE/spring-beans-5.1.3.RELEASE.jar:/home/user/.m2/repository/org/springframework/spring-core/5.1.3.RELEASE/spring-core-5.1.3.RELEASE.jar:/home/user/.m2/repository/org/springframework/spring-jcl/5.1.3.RELEASE/spring-jcl-5.1.3.RELEASE.jar:/home/user/.m2/repository/org/springframework/spring-tx/5.1.3.RELEASE/spring-tx-5.1.3.RELEASE.jar:/home/user/.m2/repository/org/apache/hadoop/hadoop-ozone-client/0.5.0-SNAPSHOT/hadoop-ozone-client-0.5.0-SNAPSHOT.jar:/home/user/.m2/repository/commons-lang/commons-lang/2.6/commons-lang-2.6.jar:/home/user/.m2/repository/org/apache/hadoop/hadoop-ozone-ozone-manager/0.5.0-SNAPSHOT/hadoop-ozone-ozone-manager-0.5.0-SNAPSHOT-tests.jar:/home/user/.m2/repository/junit/junit/4.11/junit-4.11.jar:/home/user/.m2/repository/org/hamcrest/hamcrest-core/1.3/hamcrest-core-1.3.jar:/home/user/.m2/repository/org/openjdk/jmh/jmh-core/1.19/jmh-core-1.19.jar:/home/user/.m2/repository/net/sf/jopt-simple/jopt-simple/4.6/jopt-simple-4.6.jar:/home/user/.m2/repository/org/apache/commons/commons-math3/3.1.1/commons-math3-3.1.1.jar:/home/user/.m2/repository/org/openjdk/jmh/jmh-generator-annprocess/1.19/jmh-generator-annprocess-1.19.jar:/home/user/.m2/repository/org/mockito/mockito-all/1.8.5/mockito-all-1.8.5.jar:/home/user/.m2/repository/org/apache/hadoop/hadoop-kms/3.2.0/hadoop-kms-3.2.0.jar:/home/user/.m2/repository/org/apache/hadoop/hadoop-auth/3.2.0/hadoop-auth-3.2.0.jar:/home/user/.m2/repository/com/nimbusds/nimbus-jose-jwt/4.41.1/nimbus-jose-jwt-4.41.1.jar:/home/user/.m2/repository/com/github/stephenc/jcip/jcip-annotations/1.0-1/jcip-annotations-1.0-1.jar:/home/user/.m2/repository/net/minidev/json-smart/2.3/json-smart-2.3.jar:/home/user/.m2/repository/net/minidev/accessors-smart/1.2/accessors-smart-1.2.jar:/home/user/.m2/repository/org/ow2/asm/asm/5.0.4/asm-5.0.4.jar:/home/user/.m2/repository/org/apache/curator/curator-framework/2.12.0/curator-framework-2.12.0.jar:/home/user/.m2/repository/com/sun/jersey/jersey-core/1.19/jersey-core-1.19.jar:/home/user/.m2/repository/javax/ws/rs/jsr311-api/1.1.1/jsr311-api-1.1.1.jar:/home/user/.m2/repository/com/sun/jersey/jersey-server/1.19/jersey-server-1.19.jar:/home/user/.m2/repository/javax/servlet/javax.servlet-api/3.1.0/javax.servlet-api-3.1.0.jar:/home/user/.m2/repository/org/eclipse/jetty/jetty-server/9.3.25.v20180904/jetty-server-9.3.25.v20180904.jar:/home/user/.m2/repository/org/eclipse/jetty/jetty-http/9.3.25.v20180904/jetty-http-9.3.25.v20180904.jar:/home/user/.m2/repository/org/eclipse/jetty/jetty-io/9.3.25.v20180904/jetty-io-9.3.25.v20180904.jar:/home/user/.m2/repository/org/eclipse/jetty/jetty-webapp/9.3.25.v20180904/jetty-webapp-9.3.25.v20180904.jar:/home/user/.m2/repository/org/eclipse/jetty/jetty-xml/9.3.25.v20180904/jetty-xml-9.3.25.v20180904.jar:/home/user/.m2/repository/log4j/log4j/1.2.17/log4j-1.2.17.jar:/home/user/.m2/repository/org/slf4j/slf4j-api/1.7.25/slf4j-api-1.7.25.jar:/home/user/.m2/repository/org/slf4j/jul-to-slf4j/1.7.25/jul-to-slf4j-1.7.25.jar:/home/user/.m2/repository/org/eclipse/jetty/jetty-util/9.3.25.v20180904/jetty-util-9.3.25.v20180904.jar:/home/user/.m2/repository/com/fasterxml/jackson/core/jackson-databind/2.9.9/jackson-databind-2.9.9.jar:/home/user/.m2/repository/org/apache/hadoop/hadoop-kms/3.2.0/hadoop-kms-3.2.0-tests.jar:/home/user/.m2/repository/org/apache/hadoop/hadoop-hdds-server-scm/0.5.0-SNAPSHOT/hadoop-hdds-server-scm-0.5.0-SNAPSHOT-tests.jar:/home/user/.m2/repository/org/apache/hadoop/hadoop-hdds-container-service/0.5.0-SNAPSHOT/hadoop-hdds-container-service-0.5.0-SNAPSHOT-tests.jar:/home/user/.m2/repository/org/yaml/snakeyaml/1.16/snakeyaml-1.16.jar:/home/user/.m2/repository/org/apache/hadoop/hadoop-common/3.2.0/hadoop-common-3.2.0-tests.jar:/home/user/.m2/repository/org/apache/hadoop/hadoop-annotations/3.2.0/hadoop-annotations-3.2.0.jar:/usr/lib/jvm/java-1.8.0-openjdk-1.8.0.222.b10-1.el7_7.x86_64/jre/../lib/tools.jar:/home/user/.m2/repository/commons-cli/commons-cli/1.2/commons-cli-1.2.jar:/home/user/.m2/repository/org/apache/httpcomponents/httpclient/4.5.2/httpclient-4.5.2.jar:/home/user/.m2/repository/org/apache/httpcomponents/httpcore/4.4.4/httpcore-4.4.4.jar:/home/user/.m2/repository/commons-codec/commons-codec/1.11/commons-codec-1.11.jar:/home/user/.m2/repository/commons-net/commons-net/3.6/commons-net-3.6.jar:/home/user/.m2/repository/commons-collections/commons-collections/3.2.2/commons-collections-3.2.2.jar:/home/user/.m2/repository/org/eclipse/jetty/jetty-servlet/9.3.25.v20180904/jetty-servlet-9.3.25.v20180904.jar:/home/user/.m2/repository/org/eclipse/jetty/jetty-security/9.3.25.v20180904/jetty-security-9.3.25.v20180904.jar:/home/user/.m2/repository/javax/servlet/jsp/jsp-api/2.1/jsp-api-2.1.jar:/home/user/.m2/repository/com/sun/jersey/jersey-servlet/1.19/jersey-servlet-1.19.jar:/home/user/.m2/repository/com/sun/jersey/jersey-json/1.19/jersey-json-1.19.jar:/home/user/.m2/repository/org/codehaus/jettison/jettison/1.1/jettison-1.1.jar:/home/user/.m2/repository/org/codehaus/jackson/jackson-core-asl/1.9.13/jackson-core-asl-1.9.13.jar:/home/user/.m2/repository/org/codehaus/jackson/jackson-mapper-asl/1.9.13/jackson-mapper-asl-1.9.13.jar:/home/user/.m2/repository/org/codehaus/jackson/jackson-jaxrs/1.9.13/jackson-jaxrs-1.9.13.jar:/home/user/.m2/repository/org/codehaus/jackson/jackson-xc/1.9.13/jackson-xc-1.9.13.jar:/home/user/.m2/repository/commons-logging/commons-logging/1.1.3/commons-logging-1.1.3.jar:/home/user/.m2/repository/commons-beanutils/commons-beanutils/1.9.4/commons-beanutils-1.9.4.jar:/home/user/.m2/repository/org/apache/commons/commons-configuration2/2.1.1/commons-configuration2-2.1.1.jar:/home/user/.m2/repository/org/apache/commons/commons-lang3/3.7/commons-lang3-3.7.jar:/home/user/.m2/repository/org/apache/commons/commons-text/1.4/commons-text-1.4.jar:/home/user/.m2/repository/org/apache/avro/avro/1.7.7/avro-1.7.7.jar:/home/user/.m2/repository/com/thoughtworks/paranamer/paranamer/2.3/paranamer-2.3.jar:/home/user/.m2/repository/org/xerial/snappy/snappy-java/1.0.5/snappy-java-1.0.5.jar:/home/user/.m2/repository/com/google/re2j/re2j/1.1/re2j-1.1.jar:/home/user/.m2/repository/com/google/code/gson/gson/2.2.4/gson-2.2.4.jar:/home/user/.m2/repository/com/jcraft/jsch/0.1.54/jsch-0.1.54.jar:/home/user/.m2/repository/org/apache/curator/curator-client/2.12.0/curator-client-2.12.0.jar:/home/user/.m2/repository/org/apache/curator/curator-recipes/2.12.0/curator-recipes-2.12.0.jar:/home/user/.m2/repository/com/google/code/findbugs/jsr305/3.0.0/jsr305-3.0.0.jar:/home/user/.m2/repository/org/apache/htrace/htrace-core4/4.1.0-incubating/htrace-core4-4.1.0-incubating.jar:/home/user/.m2/repository/org/apache/zookeeper/zookeeper/3.4.13/zookeeper-3.4.13.jar:/home/user/.m2/repository/jline/jline/0.9.94/jline-0.9.94.jar:/home/user/.m2/repository/org/apache/yetus/audience-annotations/0.5.0/audience-annotations-0.5.0.jar:/home/user/.m2/repository/org/codehaus/woodstox/stax2-api/3.1.4/stax2-api-3.1.4.jar:/home/user/.m2/repository/com/fasterxml/woodstox/woodstox-core/5.0.3/woodstox-core-5.0.3.jar:/home/user/.m2/repository/dnsjava/dnsjava/2.1.7/dnsjava-2.1.7.jar:/home/user/.m2/repository/org/apache/hadoop/hadoop-hdfs/3.2.0/hadoop-hdfs-3.2.0-tests.jar:/home/user/.m2/repository/org/eclipse/jetty/jetty-util-ajax/9.3.25.v20180904/jetty-util-ajax-9.3.25.v20180904.jar:/home/user/.m2/repository/commons-daemon/commons-daemon/1.0.13/commons-daemon-1.0.13.jar:/home/user/.m2/repository/io/netty/netty/3.10.5.Final/netty-3.10.5.Final.jar:/home/user/.m2/repository/io/netty/netty-all/4.0.52.Final/netty-all-4.0.52.Final.jar:/home/user/.m2/repository/org/fusesource/leveldbjni/leveldbjni-all/1.8/leveldbjni-all-1.8.jar:"/>
    <property name="sun.cpu.endian" value="little"/>
    <property name="user.home" value="/home/user"/>
    <property name="user.language" value="en"/>
    <property name="java.specification.vendor" value="Oracle Corporation"/>
    <property name="java.home" value="/usr/lib/jvm/java-1.8.0-openjdk-1.8.0.222.b10-1.el7_7.x86_64/jre"/>
    <property name="surefire.excludesFile" value="/tools/ozone-bad-unit-tests"/>
    <property name="java.security.krb5.conf" value="/workdir/hadoop-ozone/integration-test/target/test-classes/krb5.conf"/>
    <property name="basedir" value="/workdir/hadoop-ozone/integration-test"/>
    <property name="file.separator" value="/"/>
    <property name="line.separator" value="&#10;"/>
    <property name="java.vm.specification.vendor" value="Oracle Corporation"/>
    <property name="java.specification.name" value="Java Platform API Specification"/>
    <property name="java.awt.graphicsenv" value="sun.awt.X11GraphicsEnvironment"/>
    <property name="surefire.real.class.path" value="/workdir/hadoop-ozone/integration-test/target/surefire/surefirebooter7868033615274427916.jar"/>
    <property name="hadoop.log.dir" value="/workdir/hadoop-ozone/integration-test/target/log"/>
    <property name="sun.boot.class.path" value="/usr/lib/jvm/java-1.8.0-openjdk-1.8.0.222.b10-1.el7_7.x86_64/jre/lib/resources.jar:/usr/lib/jvm/java-1.8.0-openjdk-1.8.0.222.b10-1.el7_7.x86_64/jre/lib/rt.jar:/usr/lib/jvm/java-1.8.0-openjdk-1.8.0.222.b10-1.el7_7.x86_64/jre/lib/sunrsasign.jar:/usr/lib/jvm/java-1.8.0-openjdk-1.8.0.222.b10-1.el7_7.x86_64/jre/lib/jsse.jar:/usr/lib/jvm/java-1.8.0-openjdk-1.8.0.222.b10-1.el7_7.x86_64/jre/lib/jce.jar:/usr/lib/jvm/java-1.8.0-openjdk-1.8.0.222.b10-1.el7_7.x86_64/jre/lib/charsets.jar:/usr/lib/jvm/java-1.8.0-openjdk-1.8.0.222.b10-1.el7_7.x86_64/jre/lib/jfr.jar:/usr/lib/jvm/java-1.8.0-openjdk-1.8.0.222.b10-1.el7_7.x86_64/jre/classes"/>
    <property name="sun.management.compiler" value="HotSpot 64-Bit Tiered Compilers"/>
    <property name="java.runtime.version" value="1.8.0_222-b10"/>
    <property name="java.net.preferIPv4Stack" value="true"/>
    <property name="user.name" value="jenkins1000"/>
    <property name="path.separator" value=":"/>
    <property name="java.security.egd" value="file:///dev/urandom"/>
    <property name="os.version" value="3.10.0-957.12.2.el7.x86_64"/>
    <property name="java.endorsed.dirs" value="/usr/lib/jvm/java-1.8.0-openjdk-1.8.0.222.b10-1.el7_7.x86_64/jre/lib/endorsed"/>
    <property name="java.runtime.name" value="OpenJDK Runtime Environment"/>
    <property name="file.encoding" value="ANSI_X3.4-1968"/>
    <property name="java.vm.name" value="OpenJDK 64-Bit Server VM"/>
    <property name="test.build.webapps" value=""/>
    <property name="localRepository" value="/home/user/.m2/repository"/>
    <property name="java.vendor.url.bug" value="http://bugreport.sun.com/bugreport/"/>
    <property name="java.io.tmpdir" value="/tmp"/>
    <property name="require.test.libhadoop" value=""/>
    <property name="java.version" value="1.8.0_222"/>
    <property name="user.dir" value="/workdir/hadoop-ozone/integration-test"/>
    <property name="os.arch" value="amd64"/>
    <property name="java.vm.specification.name" value="Java Virtual Machine Specification"/>
    <property name="test.build.classes" value="/workdir/hadoop-ozone/integration-test/target/test-classes"/>
    <property name="java.awt.printerjob" value="sun.print.PSPrinterJob"/>
    <property name="sun.os.patch.level" value="unknown"/>
    <property name="hadoop.tmp.dir" value="/workdir/hadoop-ozone/integration-test/target/tmp"/>
    <property name="java.library.path" value="/usr/lib:/workdir/hadoop-ozone/integration-test/target/native/target/usr/local/lib:/workdir/hadoop-ozone/integration-test/../../hadoop-common-project/hadoop-common/target/native/target/usr/local/lib:/usr/java/packages/lib/amd64:/usr/lib64:/lib64:/lib:/usr/lib"/>
    <property name="java.vm.info" value="mixed mode"/>
    <property name="java.vendor" value="Oracle Corporation"/>
    <property name="java.vm.version" value="25.222-b10"/>
    <property name="java.ext.dirs" value="/usr/lib/jvm/java-1.8.0-openjdk-1.8.0.222.b10-1.el7_7.x86_64/jre/lib/ext:/usr/java/packages/lib/ext"/>
    <property name="sun.io.unicode.encoding" value="UnicodeLittle"/>
    <property name="java.class.version" value="52.0"/>
  </properties>
  <testcase name="test2DatanodesFailure" classname="org.apache.hadoop.ozone.client.rpc.TestBlockOutputStreamWithFailures" time="107.597"/>
  <testcase name="testDatanodeFailureWithPreAllocation" classname="org.apache.hadoop.ozone.client.rpc.TestBlockOutputStreamWithFailures" time="221.879"/>
  <testcase name="testDatanodeFailureWithSingleNodeRatis" classname="org.apache.hadoop.ozone.client.rpc.TestBlockOutputStreamWithFailures" time="222.482"/>
  <testcase name="testWatchForCommitWithSingleNodeRatis" classname="org.apache.hadoop.ozone.client.rpc.TestBlockOutputStreamWithFailures" time="51.276"/>
  <testcase name="testWatchForCommitDatanodeFailure" classname="org.apache.hadoop.ozone.client.rpc.TestBlockOutputStreamWithFailures" time="33.127"/>
  <testcase name="testFailureWithPrimeSizedData" classname="org.apache.hadoop.ozone.client.rpc.TestBlockOutputStreamWithFailures" time="33.565"/>
  <testcase name="testWatchForCommitWithCloseContainerException" classname="org.apache.hadoop.ozone.client.rpc.TestBlockOutputStreamWithFailures" time="40.534">
    <failure message="expected:&lt;76&gt; but was:&lt;80&gt;" type="java.lang.AssertionError"><![CDATA[java.lang.AssertionError: expected:<76> but was:<80>
	at org.junit.Assert.fail(Assert.java:88)
	at org.junit.Assert.failNotEquals(Assert.java:743)
	at org.junit.Assert.assertEquals(Assert.java:118)
	at org.junit.Assert.assertEquals(Assert.java:555)
	at org.junit.Assert.assertEquals(Assert.java:542)
	at org.apache.hadoop.ozone.client.rpc.TestBlockOutputStreamWithFailures.testWatchForCommitWithCloseContainerException(TestBlockOutputStreamWithFailures.java:153)
	at sun.reflect.NativeMethodAccessorImpl.invoke0(Native Method)
	at sun.reflect.NativeMethodAccessorImpl.invoke(NativeMethodAccessorImpl.java:62)
	at sun.reflect.DelegatingMethodAccessorImpl.invoke(DelegatingMethodAccessorImpl.java:43)
	at java.lang.reflect.Method.invoke(Method.java:498)
	at org.junit.runners.model.FrameworkMethod$1.runReflectiveCall(FrameworkMethod.java:47)
	at org.junit.internal.runners.model.ReflectiveCallable.run(ReflectiveCallable.java:12)
	at org.junit.runners.model.FrameworkMethod.invokeExplosively(FrameworkMethod.java:44)
	at org.junit.internal.runners.statements.InvokeMethod.evaluate(InvokeMethod.java:17)
	at org.junit.internal.runners.statements.RunBefores.evaluate(RunBefores.java:26)
	at org.junit.internal.runners.statements.RunAfters.evaluate(RunAfters.java:27)
	at org.junit.runners.ParentRunner.runLeaf(ParentRunner.java:271)
	at org.junit.runners.BlockJUnit4ClassRunner.runChild(BlockJUnit4ClassRunner.java:70)
	at org.junit.runners.BlockJUnit4ClassRunner.runChild(BlockJUnit4ClassRunner.java:50)
	at org.junit.runners.ParentRunner$3.run(ParentRunner.java:238)
	at org.junit.runners.ParentRunner$1.schedule(ParentRunner.java:63)
	at org.junit.runners.ParentRunner.runChildren(ParentRunner.java:236)
	at org.junit.runners.ParentRunner.access$000(ParentRunner.java:53)
	at org.junit.runners.ParentRunner$2.evaluate(ParentRunner.java:229)
	at org.junit.runners.ParentRunner.run(ParentRunner.java:309)
	at org.apache.maven.surefire.junit4.JUnit4Provider.execute(JUnit4Provider.java:365)
	at org.apache.maven.surefire.junit4.JUnit4Provider.executeWithRerun(JUnit4Provider.java:273)
	at org.apache.maven.surefire.junit4.JUnit4Provider.executeTestSet(JUnit4Provider.java:238)
	at org.apache.maven.surefire.junit4.JUnit4Provider.invoke(JUnit4Provider.java:159)
	at org.apache.maven.surefire.booter.ForkedBooter.invokeProviderInSameClassLoader(ForkedBooter.java:384)
	at org.apache.maven.surefire.booter.ForkedBooter.runSuitesInProcess(ForkedBooter.java:345)
	at org.apache.maven.surefire.booter.ForkedBooter.execute(ForkedBooter.java:126)
	at org.apache.maven.surefire.booter.ForkedBooter.main(ForkedBooter.java:418)
]]></failure>
    <system-out><![CDATA[2019-10-21 09:49:19,523 [main] WARN  server.ServerUtils (ServerUtils.java:getScmDbDir(145)) - ozone.scm.db.dirs is not configured. We recommend adding this setting. Falling back to ozone.metadata.dirs instead.
2019-10-21 09:49:19,539 [main] WARN  server.ServerUtils (ServerUtils.java:getScmDbDir(145)) - ozone.scm.db.dirs is not configured. We recommend adding this setting. Falling back to ozone.metadata.dirs instead.
2019-10-21 09:49:19,540 [main] WARN  server.ServerUtils (ServerUtils.java:getScmDbDir(145)) - ozone.scm.db.dirs is not configured. We recommend adding this setting. Falling back to ozone.metadata.dirs instead.
2019-10-21 09:49:19,541 [main] INFO  db.DBStoreBuilder (DBStoreBuilder.java:addTable(117)) - using custom profile for table: deletedBlocks
2019-10-21 09:49:19,541 [main] INFO  db.DBStoreBuilder (DBStoreBuilder.java:processTables(168)) - Using default column profile:DBProfile.DISK for Table:deletedBlocks
2019-10-21 09:49:19,541 [main] INFO  db.DBStoreBuilder (DBStoreBuilder.java:addTable(117)) - using custom profile for table: validCerts
2019-10-21 09:49:19,541 [main] INFO  db.DBStoreBuilder (DBStoreBuilder.java:processTables(168)) - Using default column profile:DBProfile.DISK for Table:validCerts
2019-10-21 09:49:19,542 [main] INFO  db.DBStoreBuilder (DBStoreBuilder.java:addTable(117)) - using custom profile for table: revokedCerts
2019-10-21 09:49:19,542 [main] INFO  db.DBStoreBuilder (DBStoreBuilder.java:processTables(168)) - Using default column profile:DBProfile.DISK for Table:revokedCerts
2019-10-21 09:49:19,542 [main] INFO  db.DBStoreBuilder (DBStoreBuilder.java:addTable(117)) - using custom profile for table: default
2019-10-21 09:49:19,542 [main] INFO  db.DBStoreBuilder (DBStoreBuilder.java:processTables(174)) - Using default column profile:DBProfile.DISK for Table:default
2019-10-21 09:49:19,542 [main] INFO  db.DBStoreBuilder (DBStoreBuilder.java:getDbProfile(205)) - Using default options. DBProfile.DISK
2019-10-21 09:49:19,744 [main] INFO  net.NodeSchemaLoader (NodeSchemaLoader.java:loadSchemaFromFile(125)) - Loading file from sun.misc.CompoundEnumeration@2fba0dac
2019-10-21 09:49:19,745 [main] INFO  net.NodeSchemaLoader (NodeSchemaLoader.java:loadSchema(171)) - Loading network topology layer schema file
2019-10-21 09:49:19,752 [main] INFO  node.SCMNodeManager (SCMNodeManager.java:<init>(116)) - Entering startup safe mode.
2019-10-21 09:49:19,753 [main] INFO  algorithms.ContainerPlacementPolicyFactory (ContainerPlacementPolicyFactory.java:getPolicy(57)) - Create container placement policy of type org.apache.hadoop.hdds.scm.container.placement.algorithms.SCMContainerPlacementRandom
2019-10-21 09:49:19,753 [main] WARN  server.ServerUtils (ServerUtils.java:getScmDbDir(145)) - ozone.scm.db.dirs is not configured. We recommend adding this setting. Falling back to ozone.metadata.dirs instead.
2019-10-21 09:49:19,824 [main] INFO  pipeline.SCMPipelineManager (SCMPipelineManager.java:initializePipelineState(132)) - No pipeline exists in current db
2019-10-21 09:49:19,824 [main] WARN  server.ServerUtils (ServerUtils.java:getScmDbDir(145)) - ozone.scm.db.dirs is not configured. We recommend adding this setting. Falling back to ozone.metadata.dirs instead.
2019-10-21 09:49:19,938 [main] WARN  events.EventQueue (EventQueue.java:fireEvent(183)) - No event handler registered for event TypedEvent{payloadType=SafeModeStatus, name='SafeModeStatus'}
2019-10-21 09:49:19,939 [main] INFO  ipc.CallQueueManager (CallQueueManager.java:<init>(84)) - Using callQueue: class java.util.concurrent.LinkedBlockingQueue, queueCapacity: 2000, scheduler: class org.apache.hadoop.ipc.DefaultRpcScheduler, ipcBackoff: false.
2019-10-21 09:49:19,941 [Socket Reader #1 for port 34429] INFO  ipc.Server (Server.java:run(1074)) - Starting Socket Reader #1 for port 34429
2019-10-21 09:49:19,943 [main] INFO  ipc.CallQueueManager (CallQueueManager.java:<init>(84)) - Using callQueue: class java.util.concurrent.LinkedBlockingQueue, queueCapacity: 2000, scheduler: class org.apache.hadoop.ipc.DefaultRpcScheduler, ipcBackoff: false.
2019-10-21 09:49:19,944 [Socket Reader #1 for port 37312] INFO  ipc.Server (Server.java:run(1074)) - Starting Socket Reader #1 for port 37312
2019-10-21 09:49:19,946 [main] INFO  ipc.CallQueueManager (CallQueueManager.java:<init>(84)) - Using callQueue: class java.util.concurrent.LinkedBlockingQueue, queueCapacity: 2000, scheduler: class org.apache.hadoop.ipc.DefaultRpcScheduler, ipcBackoff: false.
2019-10-21 09:49:19,946 [Socket Reader #1 for port 44514] INFO  ipc.Server (Server.java:run(1074)) - Starting Socket Reader #1 for port 44514
2019-10-21 09:49:19,949 [main] INFO  hdfs.DFSUtil (DFSUtil.java:httpServerTemplateForNNAndJN(1641)) - Starting Web-server for scm at: http://0.0.0.0:0
2019-10-21 09:49:19,951 [main] INFO  server.AuthenticationFilter (AuthenticationFilter.java:constructSecretProvider(240)) - Unable to initialize FileSignerSecretProvider, falling back to use random secrets.
2019-10-21 09:49:19,952 [main] WARN  http.HttpRequestLog (HttpRequestLog.java:getRequestLog(97)) - Jetty request log can only be enabled using Log4j
2019-10-21 09:49:19,953 [main] INFO  http.HttpServer2 (HttpServer2.java:addGlobalFilter(975)) - Added global filter 'safety' (class=org.apache.hadoop.http.HttpServer2$QuotingInputFilter)
2019-10-21 09:49:19,954 [main] INFO  http.HttpServer2 (HttpServer2.java:addFilter(948)) - Added filter static_user_filter (class=org.apache.hadoop.http.lib.StaticUserWebFilter$StaticUserFilter) to context scm
2019-10-21 09:49:19,954 [main] INFO  http.HttpServer2 (HttpServer2.java:addFilter(958)) - Added filter static_user_filter (class=org.apache.hadoop.http.lib.StaticUserWebFilter$StaticUserFilter) to context static
2019-10-21 09:49:19,954 [main] INFO  http.HttpServer2 (HttpServer2.java:addFilter(958)) - Added filter static_user_filter (class=org.apache.hadoop.http.lib.StaticUserWebFilter$StaticUserFilter) to context logs
2019-10-21 09:49:19,956 [main] INFO  server.StorageContainerManager (StorageContainerManager.java:start(772)) - StorageContainerLocationProtocol RPC server is listening at /0.0.0.0:44514
2019-10-21 09:49:19,958 [main] WARN  impl.MetricsConfig (MetricsConfig.java:loadFirst(134)) - Cannot locate configuration: tried hadoop-metrics2-storagecontainermanager.properties,hadoop-metrics2.properties
2019-10-21 09:49:19,959 [main] INFO  impl.MetricsSystemImpl (MetricsSystemImpl.java:startTimer(374)) - Scheduled Metric snapshot period at 10 second(s).
2019-10-21 09:49:19,959 [main] INFO  impl.MetricsSystemImpl (MetricsSystemImpl.java:start(191)) - StorageContainerManager metrics system started
2019-10-21 09:49:20,139 [main] WARN  impl.MetricsSystemImpl (MetricsSystemImpl.java:register(276)) - Sink prometheus already exists!
2019-10-21 09:49:20,214 [main] INFO  server.SCMClientProtocolServer (SCMClientProtocolServer.java:start(159)) - RPC server for Client  is listening at /0.0.0.0:44514
2019-10-21 09:49:20,215 [IPC Server Responder] INFO  ipc.Server (Server.java:run(1314)) - IPC Server Responder: starting
2019-10-21 09:49:20,215 [IPC Server listener on 44514] INFO  ipc.Server (Server.java:run(1153)) - IPC Server listener on 44514: starting
2019-10-21 09:49:20,221 [main] INFO  server.StorageContainerManager (StorageContainerManager.java:start(782)) - ScmBlockLocationProtocol RPC server is listening at /0.0.0.0:37312
2019-10-21 09:49:20,221 [main] INFO  server.SCMBlockProtocolServer (SCMBlockProtocolServer.java:start(146)) - RPC server for Block Protocol is listening at /0.0.0.0:37312
2019-10-21 09:49:20,222 [IPC Server Responder] INFO  ipc.Server (Server.java:run(1314)) - IPC Server Responder: starting
2019-10-21 09:49:20,223 [IPC Server listener on 37312] INFO  ipc.Server (Server.java:run(1153)) - IPC Server listener on 37312: starting
2019-10-21 09:49:20,226 [main] INFO  server.StorageContainerManager (StorageContainerManager.java:start(786)) - ScmDatanodeProtocl RPC server is listening at /0.0.0.0:34429
2019-10-21 09:49:20,226 [main] INFO  server.SCMDatanodeProtocolServer (SCMDatanodeProtocolServer.java:start(169)) - RPC server for DataNodes is listening at /0.0.0.0:34429
2019-10-21 09:49:20,226 [IPC Server Responder] INFO  ipc.Server (Server.java:run(1314)) - IPC Server Responder: starting
2019-10-21 09:49:20,226 [IPC Server listener on 34429] INFO  ipc.Server (Server.java:run(1153)) - IPC Server listener on 34429: starting
2019-10-21 09:49:20,230 [main] INFO  http.HttpServer2 (HttpServer2.java:bindListener(1191)) - Jetty bound to port 43449
2019-10-21 09:49:20,230 [main] INFO  server.Server (Server.java:doStart(351)) - jetty-9.3.25.v20180904, build timestamp: 2018-09-04T21:11:46Z, git hash: 3ce520221d0240229c862b122d2b06c12a625732
2019-10-21 09:49:20,232 [main] INFO  handler.ContextHandler (ContextHandler.java:doStart(781)) - Started o.e.j.s.ServletContextHandler@5c5a91b4{/logs,file:///workdir/hadoop-ozone/integration-test/target/log,AVAILABLE}
2019-10-21 09:49:20,233 [main] INFO  handler.ContextHandler (ContextHandler.java:doStart(781)) - Started o.e.j.s.ServletContextHandler@59ec7020{/static,file:///workdir/hadoop-ozone/integration-test/target/test-classes/webapps/static,AVAILABLE}
2019-10-21 09:49:20,238 [main] INFO  handler.ContextHandler (ContextHandler.java:doStart(781)) - Started o.e.j.w.WebAppContext@50778bde{/,file:///workdir/hadoop-ozone/integration-test/target/test-classes/webapps/scm/,AVAILABLE}{/scm}
2019-10-21 09:49:20,239 [main] INFO  server.AbstractConnector (AbstractConnector.java:doStart(278)) - Started ServerConnector@1934339{HTTP/1.1,[http/1.1]}{0.0.0.0:43449}
2019-10-21 09:49:20,240 [main] INFO  server.Server (Server.java:doStart(419)) - Started @671217ms
2019-10-21 09:49:20,240 [main] WARN  impl.MetricsSystemImpl (MetricsSystemImpl.java:register(276)) - Sink prometheus already exists!
2019-10-21 09:49:20,242 [main] INFO  server.BaseHttpServer (BaseHttpServer.java:updateConnectorAddress(215)) - HTTP server of SCM is listening at http://0.0.0.0:43449
2019-10-21 09:49:20,243 [main] WARN  server.ServerUtils (ServerUtils.java:getDBPath(222)) - ozone.om.db.dirs is not configured. We recommend adding this setting. Falling back to ozone.metadata.dirs instead.
2019-10-21 09:49:20,243 [org.apache.hadoop.util.JvmPauseMonitor$Monitor@1eab8437] INFO  util.JvmPauseMonitor (JvmPauseMonitor.java:run(188)) - Starting JVM pause monitor
2019-10-21 09:49:20,257 [main] INFO  ha.OMHANodeDetails (OMHANodeDetails.java:loadOMHAConfig(190)) - Configuration either no ozone.om.address set. Falling back to the default OM address /127.0.0.1:0
2019-10-21 09:49:20,258 [main] INFO  ha.OMHANodeDetails (OMHANodeDetails.java:getOMNodeDetails(220)) - OM Service ID is not set. Setting it to the default ID: omServiceIdDefault
2019-10-21 09:49:20,259 [main] WARN  server.ServerUtils (ServerUtils.java:getDBPath(222)) - ozone.om.db.dirs is not configured. We recommend adding this setting. Falling back to ozone.metadata.dirs instead.
2019-10-21 09:49:20,260 [main] WARN  server.ServerUtils (ServerUtils.java:getDBPath(222)) - ozone.om.db.dirs is not configured. We recommend adding this setting. Falling back to ozone.metadata.dirs instead.
2019-10-21 09:49:20,268 [main] WARN  server.ServerUtils (ServerUtils.java:getDBPath(222)) - ozone.om.db.dirs is not configured. We recommend adding this setting. Falling back to ozone.metadata.dirs instead.
2019-10-21 09:49:20,269 [main] INFO  db.DBStoreBuilder (DBStoreBuilder.java:addTable(117)) - using custom profile for table: userTable
2019-10-21 09:49:20,269 [main] INFO  db.DBStoreBuilder (DBStoreBuilder.java:processTables(168)) - Using default column profile:DBProfile.DISK for Table:userTable
2019-10-21 09:49:20,269 [main] INFO  db.DBStoreBuilder (DBStoreBuilder.java:addTable(117)) - using custom profile for table: volumeTable
2019-10-21 09:49:20,270 [main] INFO  db.DBStoreBuilder (DBStoreBuilder.java:processTables(168)) - Using default column profile:DBProfile.DISK for Table:volumeTable
2019-10-21 09:49:20,270 [main] INFO  db.DBStoreBuilder (DBStoreBuilder.java:addTable(117)) - using custom profile for table: bucketTable
2019-10-21 09:49:20,270 [main] INFO  db.DBStoreBuilder (DBStoreBuilder.java:processTables(168)) - Using default column profile:DBProfile.DISK for Table:bucketTable
2019-10-21 09:49:20,270 [main] INFO  db.DBStoreBuilder (DBStoreBuilder.java:addTable(117)) - using custom profile for table: keyTable
2019-10-21 09:49:20,270 [main] INFO  db.DBStoreBuilder (DBStoreBuilder.java:processTables(168)) - Using default column profile:DBProfile.DISK for Table:keyTable
2019-10-21 09:49:20,271 [main] INFO  db.DBStoreBuilder (DBStoreBuilder.java:addTable(117)) - using custom profile for table: deletedTable
2019-10-21 09:49:20,271 [main] INFO  db.DBStoreBuilder (DBStoreBuilder.java:processTables(168)) - Using default column profile:DBProfile.DISK for Table:deletedTable
2019-10-21 09:49:20,271 [main] INFO  db.DBStoreBuilder (DBStoreBuilder.java:addTable(117)) - using custom profile for table: openKeyTable
2019-10-21 09:49:20,271 [main] INFO  db.DBStoreBuilder (DBStoreBuilder.java:processTables(168)) - Using default column profile:DBProfile.DISK for Table:openKeyTable
2019-10-21 09:49:20,272 [main] INFO  db.DBStoreBuilder (DBStoreBuilder.java:addTable(117)) - using custom profile for table: s3Table
2019-10-21 09:49:20,272 [main] INFO  db.DBStoreBuilder (DBStoreBuilder.java:processTables(168)) - Using default column profile:DBProfile.DISK for Table:s3Table
2019-10-21 09:49:20,272 [main] INFO  db.DBStoreBuilder (DBStoreBuilder.java:addTable(117)) - using custom profile for table: multipartInfoTable
2019-10-21 09:49:20,272 [main] INFO  db.DBStoreBuilder (DBStoreBuilder.java:processTables(168)) - Using default column profile:DBProfile.DISK for Table:multipartInfoTable
2019-10-21 09:49:20,272 [main] INFO  db.DBStoreBuilder (DBStoreBuilder.java:addTable(117)) - using custom profile for table: dTokenTable
2019-10-21 09:49:20,272 [main] INFO  db.DBStoreBuilder (DBStoreBuilder.java:processTables(168)) - Using default column profile:DBProfile.DISK for Table:dTokenTable
2019-10-21 09:49:20,273 [main] INFO  db.DBStoreBuilder (DBStoreBuilder.java:addTable(117)) - using custom profile for table: s3SecretTable
2019-10-21 09:49:20,273 [main] INFO  db.DBStoreBuilder (DBStoreBuilder.java:processTables(168)) - Using default column profile:DBProfile.DISK for Table:s3SecretTable
2019-10-21 09:49:20,273 [main] INFO  db.DBStoreBuilder (DBStoreBuilder.java:addTable(117)) - using custom profile for table: prefixTable
2019-10-21 09:49:20,273 [main] INFO  db.DBStoreBuilder (DBStoreBuilder.java:processTables(168)) - Using default column profile:DBProfile.DISK for Table:prefixTable
2019-10-21 09:49:20,273 [main] INFO  db.DBStoreBuilder (DBStoreBuilder.java:addTable(117)) - using custom profile for table: default
2019-10-21 09:49:20,273 [main] INFO  db.DBStoreBuilder (DBStoreBuilder.java:processTables(174)) - Using default column profile:DBProfile.DISK for Table:default
2019-10-21 09:49:20,274 [main] INFO  db.DBStoreBuilder (DBStoreBuilder.java:getDbProfile(205)) - Using default options. DBProfile.DISK
2019-10-21 09:49:20,772 [main] INFO  ipc.CallQueueManager (CallQueueManager.java:<init>(84)) - Using callQueue: class java.util.concurrent.LinkedBlockingQueue, queueCapacity: 2000, scheduler: class org.apache.hadoop.ipc.DefaultRpcScheduler, ipcBackoff: false.
2019-10-21 09:49:20,772 [Socket Reader #1 for port 40774] INFO  ipc.Server (Server.java:run(1074)) - Starting Socket Reader #1 for port 40774
2019-10-21 09:49:20,786 [main] INFO  om.OzoneManager (OzoneManager.java:start(1071)) - OzoneManager RPC server is listening at localhost/127.0.0.1:40774
2019-10-21 09:49:20,786 [main] INFO  impl.MetricsSystemImpl (MetricsSystemImpl.java:init(158)) - OzoneManager metrics system started (again)
2019-10-21 09:49:20,787 [IPC Server Responder] INFO  ipc.Server (Server.java:run(1314)) - IPC Server Responder: starting
2019-10-21 09:49:20,789 [IPC Server listener on 40774] INFO  ipc.Server (Server.java:run(1153)) - IPC Server listener on 40774: starting
2019-10-21 09:49:20,794 [main] INFO  hdfs.DFSUtil (DFSUtil.java:httpServerTemplateForNNAndJN(1641)) - Starting Web-server for ozoneManager at: http://0.0.0.0:0
2019-10-21 09:49:20,796 [main] INFO  server.AuthenticationFilter (AuthenticationFilter.java:constructSecretProvider(240)) - Unable to initialize FileSignerSecretProvider, falling back to use random secrets.
2019-10-21 09:49:20,797 [main] WARN  http.HttpRequestLog (HttpRequestLog.java:getRequestLog(97)) - Jetty request log can only be enabled using Log4j
2019-10-21 09:49:20,800 [main] INFO  http.HttpServer2 (HttpServer2.java:addGlobalFilter(975)) - Added global filter 'safety' (class=org.apache.hadoop.http.HttpServer2$QuotingInputFilter)
2019-10-21 09:49:20,801 [main] INFO  http.HttpServer2 (HttpServer2.java:addFilter(948)) - Added filter static_user_filter (class=org.apache.hadoop.http.lib.StaticUserWebFilter$StaticUserFilter) to context ozoneManager
2019-10-21 09:49:20,801 [main] INFO  http.HttpServer2 (HttpServer2.java:addFilter(958)) - Added filter static_user_filter (class=org.apache.hadoop.http.lib.StaticUserWebFilter$StaticUserFilter) to context static
2019-10-21 09:49:20,801 [main] INFO  http.HttpServer2 (HttpServer2.java:addFilter(958)) - Added filter static_user_filter (class=org.apache.hadoop.http.lib.StaticUserWebFilter$StaticUserFilter) to context logs
2019-10-21 09:49:20,802 [main] INFO  http.HttpServer2 (HttpServer2.java:bindListener(1191)) - Jetty bound to port 34091
2019-10-21 09:49:20,802 [main] INFO  server.Server (Server.java:doStart(351)) - jetty-9.3.25.v20180904, build timestamp: 2018-09-04T21:11:46Z, git hash: 3ce520221d0240229c862b122d2b06c12a625732
2019-10-21 09:49:20,804 [main] INFO  handler.ContextHandler (ContextHandler.java:doStart(781)) - Started o.e.j.s.ServletContextHandler@68e47e7{/logs,file:///workdir/hadoop-ozone/integration-test/target/log,AVAILABLE}
2019-10-21 09:49:20,805 [main] INFO  handler.ContextHandler (ContextHandler.java:doStart(781)) - Started o.e.j.s.ServletContextHandler@16ac4d3d{/static,file:///workdir/hadoop-ozone/integration-test/target/test-classes/webapps/static,AVAILABLE}
2019-10-21 09:49:20,810 [main] INFO  handler.ContextHandler (ContextHandler.java:doStart(781)) - Started o.e.j.w.WebAppContext@72b40f87{/,file:///workdir/hadoop-ozone/integration-test/target/test-classes/webapps/ozoneManager/,AVAILABLE}{/ozoneManager}
2019-10-21 09:49:20,811 [main] INFO  server.AbstractConnector (AbstractConnector.java:doStart(278)) - Started ServerConnector@2475fba3{HTTP/1.1,[http/1.1]}{0.0.0.0:34091}
2019-10-21 09:49:20,812 [main] INFO  server.Server (Server.java:doStart(419)) - Started @671789ms
2019-10-21 09:49:20,812 [main] WARN  impl.MetricsSystemImpl (MetricsSystemImpl.java:register(276)) - Sink prometheus already exists!
2019-10-21 09:49:20,813 [main] INFO  server.BaseHttpServer (BaseHttpServer.java:updateConnectorAddress(215)) - HTTP server of OZONEMANAGER is listening at http://0.0.0.0:34091
2019-10-21 09:49:20,838 [main] INFO  impl.MetricsSystemImpl (MetricsSystemImpl.java:init(158)) - HddsDatanode metrics system started (again)
2019-10-21 09:49:20,846 [main] INFO  ozone.HddsDatanodeService (HddsDatanodeService.java:start(184)) - HddsDatanodeService host:pr-hdds-2291-fkckm-1634098129 ip:192.168.34.51
2019-10-21 09:49:20,853 [main] INFO  volume.HddsVolume (HddsVolume.java:<init>(176)) - Creating Volume: /workdir/hadoop-ozone/integration-test/target/test-dir/MiniOzoneClusterImpl-4293bdbb-7b7b-4247-8a28-8ef3a725fd91/datanode-0/data/containers/hdds of  storage type : DISK and capacity : 1482555576320
2019-10-21 09:49:20,854 [main] INFO  volume.VolumeSet (VolumeSet.java:initializeVolumeSet(170)) - Added Volume : /workdir/hadoop-ozone/integration-test/target/test-dir/MiniOzoneClusterImpl-4293bdbb-7b7b-4247-8a28-8ef3a725fd91/datanode-0/data/containers/hdds to VolumeSet
2019-10-21 09:49:20,854 [main] INFO  volume.ThrottledAsyncChecker (ThrottledAsyncChecker.java:schedule(141)) - Scheduling a check for org.apache.hadoop.ozone.container.common.volume.HddsVolume@4c2ab536
2019-10-21 09:49:20,855 [main] INFO  volume.HddsVolumeChecker (HddsVolumeChecker.java:checkAllVolumes(204)) - Scheduled health check for volume org.apache.hadoop.ozone.container.common.volume.HddsVolume@4c2ab536
2019-10-21 09:49:20,880 [main] INFO  impl.RaftServerProxy (ConfUtils.java:logGet(43)) - raft.rpc.type = GRPC (default)
2019-10-21 09:49:20,880 [main] INFO  grpc.GrpcFactory (GrpcFactory.java:checkPooledByteBufAllocatorUseCacheForAllThreads(45)) - PERFORMANCE WARNING: useCacheForAllThreads is true that may cause Netty to create a lot garbage objects and, as a result, trigger GC.
	It is recommended to disable useCacheForAllThreads by setting -Dorg.apache.ratis.thirdparty.io.netty.allocator.useCacheForAllThreads=false in command line.
2019-10-21 09:49:20,880 [main] INFO  grpc.GrpcConfigKeys$Server (ConfUtils.java:logGet(43)) - raft.grpc.server.port = 0 (default)
2019-10-21 09:49:20,881 [main] INFO  server.GrpcService (ConfUtils.java:logGet(43)) - raft.grpc.message.size.max = 33570816 (custom)
2019-10-21 09:49:20,881 [main] INFO  server.RaftServerConfigKeys (ConfUtils.java:logGet(43)) - raft.server.log.appender.buffer.byte-limit = 33554432 (custom)
2019-10-21 09:49:20,881 [main] INFO  server.GrpcService (ConfUtils.java:logGet(43)) - raft.grpc.flow.control.window = 1MB (=1048576) (default)
2019-10-21 09:49:20,881 [main] INFO  server.RaftServerConfigKeys (ConfUtils.java:logGet(43)) - raft.server.rpc.request.timeout = 3000ms (default)
2019-10-21 09:49:20,882 [main] INFO  server.RaftServerConfigKeys (ConfUtils.java:logGet(43)) - raft.server.storage.dir = [/workdir/hadoop-ozone/integration-test/target/test-dir/MiniOzoneClusterImpl-4293bdbb-7b7b-4247-8a28-8ef3a725fd91/datanode-0/data/ratis] (custom)
2019-10-21 09:49:20,884 [main] INFO  hdfs.DFSUtil (DFSUtil.java:httpServerTemplateForNNAndJN(1641)) - Starting Web-server for hddsDatanode at: http://0.0.0.0:0
2019-10-21 09:49:20,886 [main] INFO  server.AuthenticationFilter (AuthenticationFilter.java:constructSecretProvider(240)) - Unable to initialize FileSignerSecretProvider, falling back to use random secrets.
2019-10-21 09:49:20,886 [main] WARN  http.HttpRequestLog (HttpRequestLog.java:getRequestLog(97)) - Jetty request log can only be enabled using Log4j
2019-10-21 09:49:20,888 [main] INFO  http.HttpServer2 (HttpServer2.java:addGlobalFilter(975)) - Added global filter 'safety' (class=org.apache.hadoop.http.HttpServer2$QuotingInputFilter)
2019-10-21 09:49:20,889 [main] INFO  http.HttpServer2 (HttpServer2.java:addFilter(948)) - Added filter static_user_filter (class=org.apache.hadoop.http.lib.StaticUserWebFilter$StaticUserFilter) to context hddsDatanode
2019-10-21 09:49:20,889 [main] INFO  http.HttpServer2 (HttpServer2.java:addFilter(958)) - Added filter static_user_filter (class=org.apache.hadoop.http.lib.StaticUserWebFilter$StaticUserFilter) to context logs
2019-10-21 09:49:20,889 [main] INFO  http.HttpServer2 (HttpServer2.java:addFilter(958)) - Added filter static_user_filter (class=org.apache.hadoop.http.lib.StaticUserWebFilter$StaticUserFilter) to context static
2019-10-21 09:49:20,890 [main] INFO  http.HttpServer2 (HttpServer2.java:bindListener(1191)) - Jetty bound to port 40450
2019-10-21 09:49:20,890 [main] INFO  server.Server (Server.java:doStart(351)) - jetty-9.3.25.v20180904, build timestamp: 2018-09-04T21:11:46Z, git hash: 3ce520221d0240229c862b122d2b06c12a625732
2019-10-21 09:49:20,892 [main] INFO  handler.ContextHandler (ContextHandler.java:doStart(781)) - Started o.e.j.s.ServletContextHandler@14874a5d{/logs,file:///workdir/hadoop-ozone/integration-test/target/log,AVAILABLE}
2019-10-21 09:49:20,892 [main] INFO  handler.ContextHandler (ContextHandler.java:doStart(781)) - Started o.e.j.s.ServletContextHandler@23c7cb18{/static,jar:file:/home/user/.m2/repository/org/apache/hadoop/hadoop-hdds-container-service/0.5.0-SNAPSHOT/hadoop-hdds-container-service-0.5.0-SNAPSHOT.jar!/webapps/static,AVAILABLE}
2019-10-21 09:49:20,935 [main] INFO  handler.ContextHandler (ContextHandler.java:doStart(781)) - Started o.e.j.w.WebAppContext@ce561cc{/,file:///tmp/jetty-0.0.0.0-40450-hddsDatanode-_-any-5177361583890123511.dir/webapp/,AVAILABLE}{/hddsDatanode}
2019-10-21 09:49:20,936 [main] INFO  server.AbstractConnector (AbstractConnector.java:doStart(278)) - Started ServerConnector@56ec6960{HTTP/1.1,[http/1.1]}{0.0.0.0:40450}
2019-10-21 09:49:20,938 [main] INFO  server.Server (Server.java:doStart(419)) - Started @671915ms
2019-10-21 09:49:20,938 [main] WARN  impl.MetricsSystemImpl (MetricsSystemImpl.java:register(276)) - Sink prometheus already exists!
2019-10-21 09:49:20,939 [main] INFO  server.BaseHttpServer (BaseHttpServer.java:updateConnectorAddress(215)) - HTTP server of HDDSDATANODE is listening at http://0.0.0.0:40450
2019-10-21 09:49:20,940 [main] INFO  impl.MetricsSystemImpl (MetricsSystemImpl.java:init(158)) - HddsDatanode metrics system started (again)
2019-10-21 09:49:20,947 [org.apache.hadoop.util.JvmPauseMonitor$Monitor@50cd8ebf] INFO  util.JvmPauseMonitor (JvmPauseMonitor.java:run(188)) - Starting JVM pause monitor
2019-10-21 09:49:20,948 [main] INFO  ozone.HddsDatanodeService (HddsDatanodeService.java:start(184)) - HddsDatanodeService host:pr-hdds-2291-fkckm-1634098129 ip:192.168.34.51
2019-10-21 09:49:20,949 [Datanode State Machine Thread - 0] INFO  datanode.InitDatanodeState (InitDatanodeState.java:persistContainerDatanodeDetails(140)) - DatanodeDetails is persisted to /workdir/hadoop-ozone/integration-test/target/test-dir/MiniOzoneClusterImpl-4293bdbb-7b7b-4247-8a28-8ef3a725fd91/datanode-0/meta/datanode.id
2019-10-21 09:49:20,956 [main] INFO  volume.HddsVolume (HddsVolume.java:<init>(176)) - Creating Volume: /workdir/hadoop-ozone/integration-test/target/test-dir/MiniOzoneClusterImpl-4293bdbb-7b7b-4247-8a28-8ef3a725fd91/datanode-1/data/containers/hdds of  storage type : DISK and capacity : 1482555576320
2019-10-21 09:49:20,956 [main] INFO  volume.VolumeSet (VolumeSet.java:initializeVolumeSet(170)) - Added Volume : /workdir/hadoop-ozone/integration-test/target/test-dir/MiniOzoneClusterImpl-4293bdbb-7b7b-4247-8a28-8ef3a725fd91/datanode-1/data/containers/hdds to VolumeSet
2019-10-21 09:49:20,956 [main] INFO  volume.ThrottledAsyncChecker (ThrottledAsyncChecker.java:schedule(141)) - Scheduling a check for org.apache.hadoop.ozone.container.common.volume.HddsVolume@4522d793
2019-10-21 09:49:20,957 [main] INFO  volume.HddsVolumeChecker (HddsVolumeChecker.java:checkAllVolumes(204)) - Scheduled health check for volume org.apache.hadoop.ozone.container.common.volume.HddsVolume@4522d793
2019-10-21 09:49:20,975 [main] INFO  impl.RaftServerProxy (ConfUtils.java:logGet(43)) - raft.rpc.type = GRPC (default)
2019-10-21 09:49:20,975 [main] INFO  grpc.GrpcFactory (GrpcFactory.java:checkPooledByteBufAllocatorUseCacheForAllThreads(45)) - PERFORMANCE WARNING: useCacheForAllThreads is true that may cause Netty to create a lot garbage objects and, as a result, trigger GC.
	It is recommended to disable useCacheForAllThreads by setting -Dorg.apache.ratis.thirdparty.io.netty.allocator.useCacheForAllThreads=false in command line.
2019-10-21 09:49:20,975 [main] INFO  grpc.GrpcConfigKeys$Server (ConfUtils.java:logGet(43)) - raft.grpc.server.port = 0 (default)
2019-10-21 09:49:20,976 [main] INFO  server.GrpcService (ConfUtils.java:logGet(43)) - raft.grpc.message.size.max = 33570816 (custom)
2019-10-21 09:49:20,976 [main] INFO  server.RaftServerConfigKeys (ConfUtils.java:logGet(43)) - raft.server.log.appender.buffer.byte-limit = 33554432 (custom)
2019-10-21 09:49:20,976 [main] INFO  server.GrpcService (ConfUtils.java:logGet(43)) - raft.grpc.flow.control.window = 1MB (=1048576) (default)
2019-10-21 09:49:20,976 [main] INFO  server.RaftServerConfigKeys (ConfUtils.java:logGet(43)) - raft.server.rpc.request.timeout = 3000ms (default)
2019-10-21 09:49:20,977 [main] INFO  server.RaftServerConfigKeys (ConfUtils.java:logGet(43)) - raft.server.storage.dir = [/workdir/hadoop-ozone/integration-test/target/test-dir/MiniOzoneClusterImpl-4293bdbb-7b7b-4247-8a28-8ef3a725fd91/datanode-1/data/ratis] (custom)
2019-10-21 09:49:20,979 [main] INFO  hdfs.DFSUtil (DFSUtil.java:httpServerTemplateForNNAndJN(1641)) - Starting Web-server for hddsDatanode at: http://0.0.0.0:0
2019-10-21 09:49:20,982 [main] INFO  server.AuthenticationFilter (AuthenticationFilter.java:constructSecretProvider(240)) - Unable to initialize FileSignerSecretProvider, falling back to use random secrets.
2019-10-21 09:49:20,982 [main] WARN  http.HttpRequestLog (HttpRequestLog.java:getRequestLog(97)) - Jetty request log can only be enabled using Log4j
2019-10-21 09:49:20,985 [main] INFO  http.HttpServer2 (HttpServer2.java:addGlobalFilter(975)) - Added global filter 'safety' (class=org.apache.hadoop.http.HttpServer2$QuotingInputFilter)
2019-10-21 09:49:20,986 [main] INFO  http.HttpServer2 (HttpServer2.java:addFilter(948)) - Added filter static_user_filter (class=org.apache.hadoop.http.lib.StaticUserWebFilter$StaticUserFilter) to context hddsDatanode
2019-10-21 09:49:20,986 [main] INFO  http.HttpServer2 (HttpServer2.java:addFilter(958)) - Added filter static_user_filter (class=org.apache.hadoop.http.lib.StaticUserWebFilter$StaticUserFilter) to context logs
2019-10-21 09:49:20,986 [main] INFO  http.HttpServer2 (HttpServer2.java:addFilter(958)) - Added filter static_user_filter (class=org.apache.hadoop.http.lib.StaticUserWebFilter$StaticUserFilter) to context static
2019-10-21 09:49:20,987 [main] INFO  http.HttpServer2 (HttpServer2.java:bindListener(1191)) - Jetty bound to port 39525
2019-10-21 09:49:20,987 [main] INFO  server.Server (Server.java:doStart(351)) - jetty-9.3.25.v20180904, build timestamp: 2018-09-04T21:11:46Z, git hash: 3ce520221d0240229c862b122d2b06c12a625732
2019-10-21 09:49:20,989 [main] INFO  handler.ContextHandler (ContextHandler.java:doStart(781)) - Started o.e.j.s.ServletContextHandler@4cd7d5e1{/logs,file:///workdir/hadoop-ozone/integration-test/target/log,AVAILABLE}
2019-10-21 09:49:20,990 [main] INFO  handler.ContextHandler (ContextHandler.java:doStart(781)) - Started o.e.j.s.ServletContextHandler@46b6701e{/static,jar:file:/home/user/.m2/repository/org/apache/hadoop/hadoop-hdds-container-service/0.5.0-SNAPSHOT/hadoop-hdds-container-service-0.5.0-SNAPSHOT.jar!/webapps/static,AVAILABLE}
2019-10-21 09:49:21,032 [main] INFO  handler.ContextHandler (ContextHandler.java:doStart(781)) - Started o.e.j.w.WebAppContext@5f409872{/,file:///tmp/jetty-0.0.0.0-39525-hddsDatanode-_-any-4769161891414319428.dir/webapp/,AVAILABLE}{/hddsDatanode}
2019-10-21 09:49:21,033 [main] INFO  server.AbstractConnector (AbstractConnector.java:doStart(278)) - Started ServerConnector@547aaa32{HTTP/1.1,[http/1.1]}{0.0.0.0:39525}
2019-10-21 09:49:21,034 [main] INFO  server.Server (Server.java:doStart(419)) - Started @672011ms
2019-10-21 09:49:21,034 [main] WARN  impl.MetricsSystemImpl (MetricsSystemImpl.java:register(276)) - Sink prometheus already exists!
2019-10-21 09:49:21,035 [main] INFO  server.BaseHttpServer (BaseHttpServer.java:updateConnectorAddress(215)) - HTTP server of HDDSDATANODE is listening at http://0.0.0.0:39525
2019-10-21 09:49:21,036 [main] INFO  impl.MetricsSystemImpl (MetricsSystemImpl.java:init(158)) - HddsDatanode metrics system started (again)
2019-10-21 09:49:21,043 [org.apache.hadoop.util.JvmPauseMonitor$Monitor@5028685b] INFO  util.JvmPauseMonitor (JvmPauseMonitor.java:run(188)) - Starting JVM pause monitor
2019-10-21 09:49:21,044 [Datanode State Machine Thread - 0] INFO  datanode.InitDatanodeState (InitDatanodeState.java:persistContainerDatanodeDetails(140)) - DatanodeDetails is persisted to /workdir/hadoop-ozone/integration-test/target/test-dir/MiniOzoneClusterImpl-4293bdbb-7b7b-4247-8a28-8ef3a725fd91/datanode-1/meta/datanode.id
2019-10-21 09:49:21,046 [main] INFO  ozone.HddsDatanodeService (HddsDatanodeService.java:start(184)) - HddsDatanodeService host:pr-hdds-2291-fkckm-1634098129 ip:192.168.34.51
2019-10-21 09:49:21,054 [main] INFO  volume.HddsVolume (HddsVolume.java:<init>(176)) - Creating Volume: /workdir/hadoop-ozone/integration-test/target/test-dir/MiniOzoneClusterImpl-4293bdbb-7b7b-4247-8a28-8ef3a725fd91/datanode-2/data/containers/hdds of  storage type : DISK and capacity : 1482555576320
2019-10-21 09:49:21,054 [main] INFO  volume.VolumeSet (VolumeSet.java:initializeVolumeSet(170)) - Added Volume : /workdir/hadoop-ozone/integration-test/target/test-dir/MiniOzoneClusterImpl-4293bdbb-7b7b-4247-8a28-8ef3a725fd91/datanode-2/data/containers/hdds to VolumeSet
2019-10-21 09:49:21,054 [main] INFO  volume.ThrottledAsyncChecker (ThrottledAsyncChecker.java:schedule(141)) - Scheduling a check for org.apache.hadoop.ozone.container.common.volume.HddsVolume@6b2ef50e
2019-10-21 09:49:21,055 [main] INFO  volume.HddsVolumeChecker (HddsVolumeChecker.java:checkAllVolumes(204)) - Scheduled health check for volume org.apache.hadoop.ozone.container.common.volume.HddsVolume@6b2ef50e
2019-10-21 09:49:21,074 [main] INFO  impl.RaftServerProxy (ConfUtils.java:logGet(43)) - raft.rpc.type = GRPC (default)
2019-10-21 09:49:21,075 [main] INFO  grpc.GrpcFactory (GrpcFactory.java:checkPooledByteBufAllocatorUseCacheForAllThreads(45)) - PERFORMANCE WARNING: useCacheForAllThreads is true that may cause Netty to create a lot garbage objects and, as a result, trigger GC.
	It is recommended to disable useCacheForAllThreads by setting -Dorg.apache.ratis.thirdparty.io.netty.allocator.useCacheForAllThreads=false in command line.
2019-10-21 09:49:21,075 [main] INFO  grpc.GrpcConfigKeys$Server (ConfUtils.java:logGet(43)) - raft.grpc.server.port = 0 (default)
2019-10-21 09:49:21,075 [main] INFO  server.GrpcService (ConfUtils.java:logGet(43)) - raft.grpc.message.size.max = 33570816 (custom)
2019-10-21 09:49:21,076 [main] INFO  server.RaftServerConfigKeys (ConfUtils.java:logGet(43)) - raft.server.log.appender.buffer.byte-limit = 33554432 (custom)
2019-10-21 09:49:21,076 [main] INFO  server.GrpcService (ConfUtils.java:logGet(43)) - raft.grpc.flow.control.window = 1MB (=1048576) (default)
2019-10-21 09:49:21,076 [main] INFO  server.RaftServerConfigKeys (ConfUtils.java:logGet(43)) - raft.server.rpc.request.timeout = 3000ms (default)
2019-10-21 09:49:21,077 [main] INFO  server.RaftServerConfigKeys (ConfUtils.java:logGet(43)) - raft.server.storage.dir = [/workdir/hadoop-ozone/integration-test/target/test-dir/MiniOzoneClusterImpl-4293bdbb-7b7b-4247-8a28-8ef3a725fd91/datanode-2/data/ratis] (custom)
2019-10-21 09:49:21,078 [main] INFO  hdfs.DFSUtil (DFSUtil.java:httpServerTemplateForNNAndJN(1641)) - Starting Web-server for hddsDatanode at: http://0.0.0.0:0
2019-10-21 09:49:21,080 [main] INFO  server.AuthenticationFilter (AuthenticationFilter.java:constructSecretProvider(240)) - Unable to initialize FileSignerSecretProvider, falling back to use random secrets.
2019-10-21 09:49:21,081 [main] WARN  http.HttpRequestLog (HttpRequestLog.java:getRequestLog(97)) - Jetty request log can only be enabled using Log4j
2019-10-21 09:49:21,082 [main] INFO  http.HttpServer2 (HttpServer2.java:addGlobalFilter(975)) - Added global filter 'safety' (class=org.apache.hadoop.http.HttpServer2$QuotingInputFilter)
2019-10-21 09:49:21,083 [main] INFO  http.HttpServer2 (HttpServer2.java:addFilter(948)) - Added filter static_user_filter (class=org.apache.hadoop.http.lib.StaticUserWebFilter$StaticUserFilter) to context hddsDatanode
2019-10-21 09:49:21,083 [main] INFO  http.HttpServer2 (HttpServer2.java:addFilter(958)) - Added filter static_user_filter (class=org.apache.hadoop.http.lib.StaticUserWebFilter$StaticUserFilter) to context static
2019-10-21 09:49:21,083 [main] INFO  http.HttpServer2 (HttpServer2.java:addFilter(958)) - Added filter static_user_filter (class=org.apache.hadoop.http.lib.StaticUserWebFilter$StaticUserFilter) to context logs
2019-10-21 09:49:21,084 [main] INFO  http.HttpServer2 (HttpServer2.java:bindListener(1191)) - Jetty bound to port 33634
2019-10-21 09:49:21,084 [main] INFO  server.Server (Server.java:doStart(351)) - jetty-9.3.25.v20180904, build timestamp: 2018-09-04T21:11:46Z, git hash: 3ce520221d0240229c862b122d2b06c12a625732
2019-10-21 09:49:21,085 [main] INFO  handler.ContextHandler (ContextHandler.java:doStart(781)) - Started o.e.j.s.ServletContextHandler@203765b2{/logs,file:///workdir/hadoop-ozone/integration-test/target/log,AVAILABLE}
2019-10-21 09:49:21,086 [main] INFO  handler.ContextHandler (ContextHandler.java:doStart(781)) - Started o.e.j.s.ServletContextHandler@1b47b7f5{/static,jar:file:/home/user/.m2/repository/org/apache/hadoop/hadoop-hdds-container-service/0.5.0-SNAPSHOT/hadoop-hdds-container-service-0.5.0-SNAPSHOT.jar!/webapps/static,AVAILABLE}
2019-10-21 09:49:21,115 [main] INFO  handler.ContextHandler (ContextHandler.java:doStart(781)) - Started o.e.j.w.WebAppContext@3a3ad8e7{/,file:///tmp/jetty-0.0.0.0-33634-hddsDatanode-_-any-7149341475584038251.dir/webapp/,AVAILABLE}{/hddsDatanode}
2019-10-21 09:49:21,116 [main] INFO  server.AbstractConnector (AbstractConnector.java:doStart(278)) - Started ServerConnector@6a6d1ff3{HTTP/1.1,[http/1.1]}{0.0.0.0:33634}
2019-10-21 09:49:21,118 [main] INFO  server.Server (Server.java:doStart(419)) - Started @672095ms
2019-10-21 09:49:21,118 [main] WARN  impl.MetricsSystemImpl (MetricsSystemImpl.java:register(276)) - Sink prometheus already exists!
2019-10-21 09:49:21,119 [main] INFO  server.BaseHttpServer (BaseHttpServer.java:updateConnectorAddress(215)) - HTTP server of HDDSDATANODE is listening at http://0.0.0.0:33634
2019-10-21 09:49:21,119 [main] INFO  impl.MetricsSystemImpl (MetricsSystemImpl.java:init(158)) - HddsDatanode metrics system started (again)
2019-10-21 09:49:21,125 [org.apache.hadoop.util.JvmPauseMonitor$Monitor@3a547582] INFO  util.JvmPauseMonitor (JvmPauseMonitor.java:run(188)) - Starting JVM pause monitor
2019-10-21 09:49:21,126 [Datanode State Machine Thread - 0] INFO  datanode.InitDatanodeState (InitDatanodeState.java:persistContainerDatanodeDetails(140)) - DatanodeDetails is persisted to /workdir/hadoop-ozone/integration-test/target/test-dir/MiniOzoneClusterImpl-4293bdbb-7b7b-4247-8a28-8ef3a725fd91/datanode-2/meta/datanode.id
2019-10-21 09:49:21,126 [main] INFO  ozone.HddsDatanodeService (HddsDatanodeService.java:start(184)) - HddsDatanodeService host:pr-hdds-2291-fkckm-1634098129 ip:192.168.34.51
2019-10-21 09:49:21,134 [main] INFO  volume.HddsVolume (HddsVolume.java:<init>(176)) - Creating Volume: /workdir/hadoop-ozone/integration-test/target/test-dir/MiniOzoneClusterImpl-4293bdbb-7b7b-4247-8a28-8ef3a725fd91/datanode-3/data/containers/hdds of  storage type : DISK and capacity : 1482555576320
2019-10-21 09:49:21,134 [main] INFO  volume.VolumeSet (VolumeSet.java:initializeVolumeSet(170)) - Added Volume : /workdir/hadoop-ozone/integration-test/target/test-dir/MiniOzoneClusterImpl-4293bdbb-7b7b-4247-8a28-8ef3a725fd91/datanode-3/data/containers/hdds to VolumeSet
2019-10-21 09:49:21,134 [main] INFO  volume.ThrottledAsyncChecker (ThrottledAsyncChecker.java:schedule(141)) - Scheduling a check for org.apache.hadoop.ozone.container.common.volume.HddsVolume@308e87a1
2019-10-21 09:49:21,135 [main] INFO  volume.HddsVolumeChecker (HddsVolumeChecker.java:checkAllVolumes(204)) - Scheduled health check for volume org.apache.hadoop.ozone.container.common.volume.HddsVolume@308e87a1
2019-10-21 09:49:21,148 [main] INFO  impl.RaftServerProxy (ConfUtils.java:logGet(43)) - raft.rpc.type = GRPC (default)
2019-10-21 09:49:21,149 [main] INFO  grpc.GrpcFactory (GrpcFactory.java:checkPooledByteBufAllocatorUseCacheForAllThreads(45)) - PERFORMANCE WARNING: useCacheForAllThreads is true that may cause Netty to create a lot garbage objects and, as a result, trigger GC.
	It is recommended to disable useCacheForAllThreads by setting -Dorg.apache.ratis.thirdparty.io.netty.allocator.useCacheForAllThreads=false in command line.
2019-10-21 09:49:21,149 [main] INFO  grpc.GrpcConfigKeys$Server (ConfUtils.java:logGet(43)) - raft.grpc.server.port = 0 (default)
2019-10-21 09:49:21,149 [main] INFO  server.GrpcService (ConfUtils.java:logGet(43)) - raft.grpc.message.size.max = 33570816 (custom)
2019-10-21 09:49:21,149 [main] INFO  server.RaftServerConfigKeys (ConfUtils.java:logGet(43)) - raft.server.log.appender.buffer.byte-limit = 33554432 (custom)
2019-10-21 09:49:21,149 [main] INFO  server.GrpcService (ConfUtils.java:logGet(43)) - raft.grpc.flow.control.window = 1MB (=1048576) (default)
2019-10-21 09:49:21,149 [main] INFO  server.RaftServerConfigKeys (ConfUtils.java:logGet(43)) - raft.server.rpc.request.timeout = 3000ms (default)
2019-10-21 09:49:21,150 [main] INFO  server.RaftServerConfigKeys (ConfUtils.java:logGet(43)) - raft.server.storage.dir = [/workdir/hadoop-ozone/integration-test/target/test-dir/MiniOzoneClusterImpl-4293bdbb-7b7b-4247-8a28-8ef3a725fd91/datanode-3/data/ratis] (custom)
2019-10-21 09:49:21,151 [main] INFO  hdfs.DFSUtil (DFSUtil.java:httpServerTemplateForNNAndJN(1641)) - Starting Web-server for hddsDatanode at: http://0.0.0.0:0
2019-10-21 09:49:21,153 [main] INFO  server.AuthenticationFilter (AuthenticationFilter.java:constructSecretProvider(240)) - Unable to initialize FileSignerSecretProvider, falling back to use random secrets.
2019-10-21 09:49:21,153 [main] WARN  http.HttpRequestLog (HttpRequestLog.java:getRequestLog(97)) - Jetty request log can only be enabled using Log4j
2019-10-21 09:49:21,155 [main] INFO  http.HttpServer2 (HttpServer2.java:addGlobalFilter(975)) - Added global filter 'safety' (class=org.apache.hadoop.http.HttpServer2$QuotingInputFilter)
2019-10-21 09:49:21,156 [main] INFO  http.HttpServer2 (HttpServer2.java:addFilter(948)) - Added filter static_user_filter (class=org.apache.hadoop.http.lib.StaticUserWebFilter$StaticUserFilter) to context hddsDatanode
2019-10-21 09:49:21,156 [main] INFO  http.HttpServer2 (HttpServer2.java:addFilter(958)) - Added filter static_user_filter (class=org.apache.hadoop.http.lib.StaticUserWebFilter$StaticUserFilter) to context static
2019-10-21 09:49:21,157 [main] INFO  http.HttpServer2 (HttpServer2.java:addFilter(958)) - Added filter static_user_filter (class=org.apache.hadoop.http.lib.StaticUserWebFilter$StaticUserFilter) to context logs
2019-10-21 09:49:21,158 [main] INFO  http.HttpServer2 (HttpServer2.java:bindListener(1191)) - Jetty bound to port 34921
2019-10-21 09:49:21,158 [main] INFO  server.Server (Server.java:doStart(351)) - jetty-9.3.25.v20180904, build timestamp: 2018-09-04T21:11:46Z, git hash: 3ce520221d0240229c862b122d2b06c12a625732
2019-10-21 09:49:21,160 [main] INFO  handler.ContextHandler (ContextHandler.java:doStart(781)) - Started o.e.j.s.ServletContextHandler@39ace1a7{/logs,file:///workdir/hadoop-ozone/integration-test/target/log,AVAILABLE}
2019-10-21 09:49:21,161 [main] INFO  handler.ContextHandler (ContextHandler.java:doStart(781)) - Started o.e.j.s.ServletContextHandler@bd4ee01{/static,jar:file:/home/user/.m2/repository/org/apache/hadoop/hadoop-hdds-container-service/0.5.0-SNAPSHOT/hadoop-hdds-container-service-0.5.0-SNAPSHOT.jar!/webapps/static,AVAILABLE}
2019-10-21 09:49:21,207 [main] INFO  handler.ContextHandler (ContextHandler.java:doStart(781)) - Started o.e.j.w.WebAppContext@d62472f{/,file:///tmp/jetty-0.0.0.0-34921-hddsDatanode-_-any-684428877247863443.dir/webapp/,AVAILABLE}{/hddsDatanode}
2019-10-21 09:49:21,208 [main] INFO  server.AbstractConnector (AbstractConnector.java:doStart(278)) - Started ServerConnector@63a84bb6{HTTP/1.1,[http/1.1]}{0.0.0.0:34921}
2019-10-21 09:49:21,210 [main] INFO  server.Server (Server.java:doStart(419)) - Started @672187ms
2019-10-21 09:49:21,210 [main] WARN  impl.MetricsSystemImpl (MetricsSystemImpl.java:register(276)) - Sink prometheus already exists!
2019-10-21 09:49:21,211 [main] INFO  server.BaseHttpServer (BaseHttpServer.java:updateConnectorAddress(215)) - HTTP server of HDDSDATANODE is listening at http://0.0.0.0:34921
2019-10-21 09:49:21,211 [main] INFO  impl.MetricsSystemImpl (MetricsSystemImpl.java:init(158)) - HddsDatanode metrics system started (again)
2019-10-21 09:49:21,219 [org.apache.hadoop.util.JvmPauseMonitor$Monitor@18f23dfb] INFO  util.JvmPauseMonitor (JvmPauseMonitor.java:run(188)) - Starting JVM pause monitor
2019-10-21 09:49:21,220 [main] INFO  ozone.HddsDatanodeService (HddsDatanodeService.java:start(184)) - HddsDatanodeService host:pr-hdds-2291-fkckm-1634098129 ip:192.168.34.51
2019-10-21 09:49:21,220 [Datanode State Machine Thread - 0] INFO  datanode.InitDatanodeState (InitDatanodeState.java:persistContainerDatanodeDetails(140)) - DatanodeDetails is persisted to /workdir/hadoop-ozone/integration-test/target/test-dir/MiniOzoneClusterImpl-4293bdbb-7b7b-4247-8a28-8ef3a725fd91/datanode-3/meta/datanode.id
2019-10-21 09:49:21,227 [main] INFO  volume.HddsVolume (HddsVolume.java:<init>(176)) - Creating Volume: /workdir/hadoop-ozone/integration-test/target/test-dir/MiniOzoneClusterImpl-4293bdbb-7b7b-4247-8a28-8ef3a725fd91/datanode-4/data/containers/hdds of  storage type : DISK and capacity : 1482555576320
2019-10-21 09:49:21,228 [main] INFO  volume.VolumeSet (VolumeSet.java:initializeVolumeSet(170)) - Added Volume : /workdir/hadoop-ozone/integration-test/target/test-dir/MiniOzoneClusterImpl-4293bdbb-7b7b-4247-8a28-8ef3a725fd91/datanode-4/data/containers/hdds to VolumeSet
2019-10-21 09:49:21,228 [main] INFO  volume.ThrottledAsyncChecker (ThrottledAsyncChecker.java:schedule(141)) - Scheduling a check for org.apache.hadoop.ozone.container.common.volume.HddsVolume@5c33008f
2019-10-21 09:49:21,228 [main] INFO  volume.HddsVolumeChecker (HddsVolumeChecker.java:checkAllVolumes(204)) - Scheduled health check for volume org.apache.hadoop.ozone.container.common.volume.HddsVolume@5c33008f
2019-10-21 09:49:21,245 [main] INFO  impl.RaftServerProxy (ConfUtils.java:logGet(43)) - raft.rpc.type = GRPC (default)
2019-10-21 09:49:21,245 [main] INFO  grpc.GrpcFactory (GrpcFactory.java:checkPooledByteBufAllocatorUseCacheForAllThreads(45)) - PERFORMANCE WARNING: useCacheForAllThreads is true that may cause Netty to create a lot garbage objects and, as a result, trigger GC.
	It is recommended to disable useCacheForAllThreads by setting -Dorg.apache.ratis.thirdparty.io.netty.allocator.useCacheForAllThreads=false in command line.
2019-10-21 09:49:21,245 [main] INFO  grpc.GrpcConfigKeys$Server (ConfUtils.java:logGet(43)) - raft.grpc.server.port = 0 (default)
2019-10-21 09:49:21,245 [main] INFO  server.GrpcService (ConfUtils.java:logGet(43)) - raft.grpc.message.size.max = 33570816 (custom)
2019-10-21 09:49:21,246 [main] INFO  server.RaftServerConfigKeys (ConfUtils.java:logGet(43)) - raft.server.log.appender.buffer.byte-limit = 33554432 (custom)
2019-10-21 09:49:21,246 [main] INFO  server.GrpcService (ConfUtils.java:logGet(43)) - raft.grpc.flow.control.window = 1MB (=1048576) (default)
2019-10-21 09:49:21,246 [main] INFO  server.RaftServerConfigKeys (ConfUtils.java:logGet(43)) - raft.server.rpc.request.timeout = 3000ms (default)
2019-10-21 09:49:21,246 [main] INFO  server.RaftServerConfigKeys (ConfUtils.java:logGet(43)) - raft.server.storage.dir = [/workdir/hadoop-ozone/integration-test/target/test-dir/MiniOzoneClusterImpl-4293bdbb-7b7b-4247-8a28-8ef3a725fd91/datanode-4/data/ratis] (custom)
2019-10-21 09:49:21,248 [main] INFO  hdfs.DFSUtil (DFSUtil.java:httpServerTemplateForNNAndJN(1641)) - Starting Web-server for hddsDatanode at: http://0.0.0.0:0
2019-10-21 09:49:21,250 [main] INFO  server.AuthenticationFilter (AuthenticationFilter.java:constructSecretProvider(240)) - Unable to initialize FileSignerSecretProvider, falling back to use random secrets.
2019-10-21 09:49:21,251 [main] WARN  http.HttpRequestLog (HttpRequestLog.java:getRequestLog(97)) - Jetty request log can only be enabled using Log4j
2019-10-21 09:49:21,253 [main] INFO  http.HttpServer2 (HttpServer2.java:addGlobalFilter(975)) - Added global filter 'safety' (class=org.apache.hadoop.http.HttpServer2$QuotingInputFilter)
2019-10-21 09:49:21,254 [main] INFO  http.HttpServer2 (HttpServer2.java:addFilter(948)) - Added filter static_user_filter (class=org.apache.hadoop.http.lib.StaticUserWebFilter$StaticUserFilter) to context hddsDatanode
2019-10-21 09:49:21,254 [main] INFO  http.HttpServer2 (HttpServer2.java:addFilter(958)) - Added filter static_user_filter (class=org.apache.hadoop.http.lib.StaticUserWebFilter$StaticUserFilter) to context static
2019-10-21 09:49:21,254 [main] INFO  http.HttpServer2 (HttpServer2.java:addFilter(958)) - Added filter static_user_filter (class=org.apache.hadoop.http.lib.StaticUserWebFilter$StaticUserFilter) to context logs
2019-10-21 09:49:21,255 [main] INFO  http.HttpServer2 (HttpServer2.java:bindListener(1191)) - Jetty bound to port 40492
2019-10-21 09:49:21,256 [main] INFO  server.Server (Server.java:doStart(351)) - jetty-9.3.25.v20180904, build timestamp: 2018-09-04T21:11:46Z, git hash: 3ce520221d0240229c862b122d2b06c12a625732
2019-10-21 09:49:21,258 [main] INFO  handler.ContextHandler (ContextHandler.java:doStart(781)) - Started o.e.j.s.ServletContextHandler@d1c5cf2{/logs,file:///workdir/hadoop-ozone/integration-test/target/log,AVAILABLE}
2019-10-21 09:49:21,258 [main] INFO  handler.ContextHandler (ContextHandler.java:doStart(781)) - Started o.e.j.s.ServletContextHandler@1377b1a0{/static,jar:file:/home/user/.m2/repository/org/apache/hadoop/hadoop-hdds-container-service/0.5.0-SNAPSHOT/hadoop-hdds-container-service-0.5.0-SNAPSHOT.jar!/webapps/static,AVAILABLE}
2019-10-21 09:49:21,297 [main] INFO  handler.ContextHandler (ContextHandler.java:doStart(781)) - Started o.e.j.w.WebAppContext@38c10190{/,file:///tmp/jetty-0.0.0.0-40492-hddsDatanode-_-any-3929942114245491076.dir/webapp/,AVAILABLE}{/hddsDatanode}
2019-10-21 09:49:21,297 [main] INFO  server.AbstractConnector (AbstractConnector.java:doStart(278)) - Started ServerConnector@1cc41b77{HTTP/1.1,[http/1.1]}{0.0.0.0:40492}
2019-10-21 09:49:21,299 [main] INFO  server.Server (Server.java:doStart(419)) - Started @672276ms
2019-10-21 09:49:21,299 [main] WARN  impl.MetricsSystemImpl (MetricsSystemImpl.java:register(276)) - Sink prometheus already exists!
2019-10-21 09:49:21,300 [main] INFO  server.BaseHttpServer (BaseHttpServer.java:updateConnectorAddress(215)) - HTTP server of HDDSDATANODE is listening at http://0.0.0.0:40492
2019-10-21 09:49:21,301 [main] INFO  impl.MetricsSystemImpl (MetricsSystemImpl.java:init(158)) - HddsDatanode metrics system started (again)
2019-10-21 09:49:21,310 [org.apache.hadoop.util.JvmPauseMonitor$Monitor@6c10a159] INFO  util.JvmPauseMonitor (JvmPauseMonitor.java:run(188)) - Starting JVM pause monitor
2019-10-21 09:49:21,310 [Datanode State Machine Thread - 0] INFO  datanode.InitDatanodeState (InitDatanodeState.java:persistContainerDatanodeDetails(140)) - DatanodeDetails is persisted to /workdir/hadoop-ozone/integration-test/target/test-dir/MiniOzoneClusterImpl-4293bdbb-7b7b-4247-8a28-8ef3a725fd91/datanode-4/meta/datanode.id
2019-10-21 09:49:21,311 [main] INFO  ozone.HddsDatanodeService (HddsDatanodeService.java:start(184)) - HddsDatanodeService host:pr-hdds-2291-fkckm-1634098129 ip:192.168.34.51
2019-10-21 09:49:21,316 [main] INFO  volume.HddsVolume (HddsVolume.java:<init>(176)) - Creating Volume: /workdir/hadoop-ozone/integration-test/target/test-dir/MiniOzoneClusterImpl-4293bdbb-7b7b-4247-8a28-8ef3a725fd91/datanode-5/data/containers/hdds of  storage type : DISK and capacity : 1482555576320
2019-10-21 09:49:21,316 [main] INFO  volume.VolumeSet (VolumeSet.java:initializeVolumeSet(170)) - Added Volume : /workdir/hadoop-ozone/integration-test/target/test-dir/MiniOzoneClusterImpl-4293bdbb-7b7b-4247-8a28-8ef3a725fd91/datanode-5/data/containers/hdds to VolumeSet
2019-10-21 09:49:21,317 [main] INFO  volume.ThrottledAsyncChecker (ThrottledAsyncChecker.java:schedule(141)) - Scheduling a check for org.apache.hadoop.ozone.container.common.volume.HddsVolume@4d290757
2019-10-21 09:49:21,317 [main] INFO  volume.HddsVolumeChecker (HddsVolumeChecker.java:checkAllVolumes(204)) - Scheduled health check for volume org.apache.hadoop.ozone.container.common.volume.HddsVolume@4d290757
2019-10-21 09:49:21,328 [main] INFO  impl.RaftServerProxy (ConfUtils.java:logGet(43)) - raft.rpc.type = GRPC (default)
2019-10-21 09:49:21,328 [main] INFO  grpc.GrpcFactory (GrpcFactory.java:checkPooledByteBufAllocatorUseCacheForAllThreads(45)) - PERFORMANCE WARNING: useCacheForAllThreads is true that may cause Netty to create a lot garbage objects and, as a result, trigger GC.
	It is recommended to disable useCacheForAllThreads by setting -Dorg.apache.ratis.thirdparty.io.netty.allocator.useCacheForAllThreads=false in command line.
2019-10-21 09:49:21,328 [main] INFO  grpc.GrpcConfigKeys$Server (ConfUtils.java:logGet(43)) - raft.grpc.server.port = 0 (default)
2019-10-21 09:49:21,328 [main] INFO  server.GrpcService (ConfUtils.java:logGet(43)) - raft.grpc.message.size.max = 33570816 (custom)
2019-10-21 09:49:21,328 [main] INFO  server.RaftServerConfigKeys (ConfUtils.java:logGet(43)) - raft.server.log.appender.buffer.byte-limit = 33554432 (custom)
2019-10-21 09:49:21,328 [main] INFO  server.GrpcService (ConfUtils.java:logGet(43)) - raft.grpc.flow.control.window = 1MB (=1048576) (default)
2019-10-21 09:49:21,328 [main] INFO  server.RaftServerConfigKeys (ConfUtils.java:logGet(43)) - raft.server.rpc.request.timeout = 3000ms (default)
2019-10-21 09:49:21,329 [main] INFO  server.RaftServerConfigKeys (ConfUtils.java:logGet(43)) - raft.server.storage.dir = [/workdir/hadoop-ozone/integration-test/target/test-dir/MiniOzoneClusterImpl-4293bdbb-7b7b-4247-8a28-8ef3a725fd91/datanode-5/data/ratis] (custom)
2019-10-21 09:49:21,330 [main] INFO  hdfs.DFSUtil (DFSUtil.java:httpServerTemplateForNNAndJN(1641)) - Starting Web-server for hddsDatanode at: http://0.0.0.0:0
2019-10-21 09:49:21,331 [main] INFO  server.AuthenticationFilter (AuthenticationFilter.java:constructSecretProvider(240)) - Unable to initialize FileSignerSecretProvider, falling back to use random secrets.
2019-10-21 09:49:21,331 [main] WARN  http.HttpRequestLog (HttpRequestLog.java:getRequestLog(97)) - Jetty request log can only be enabled using Log4j
2019-10-21 09:49:21,332 [main] INFO  http.HttpServer2 (HttpServer2.java:addGlobalFilter(975)) - Added global filter 'safety' (class=org.apache.hadoop.http.HttpServer2$QuotingInputFilter)
2019-10-21 09:49:21,333 [main] INFO  http.HttpServer2 (HttpServer2.java:addFilter(948)) - Added filter static_user_filter (class=org.apache.hadoop.http.lib.StaticUserWebFilter$StaticUserFilter) to context hddsDatanode
2019-10-21 09:49:21,333 [main] INFO  http.HttpServer2 (HttpServer2.java:addFilter(958)) - Added filter static_user_filter (class=org.apache.hadoop.http.lib.StaticUserWebFilter$StaticUserFilter) to context static
2019-10-21 09:49:21,333 [main] INFO  http.HttpServer2 (HttpServer2.java:addFilter(958)) - Added filter static_user_filter (class=org.apache.hadoop.http.lib.StaticUserWebFilter$StaticUserFilter) to context logs
2019-10-21 09:49:21,333 [main] INFO  http.HttpServer2 (HttpServer2.java:bindListener(1191)) - Jetty bound to port 35319
2019-10-21 09:49:21,334 [main] INFO  server.Server (Server.java:doStart(351)) - jetty-9.3.25.v20180904, build timestamp: 2018-09-04T21:11:46Z, git hash: 3ce520221d0240229c862b122d2b06c12a625732
2019-10-21 09:49:21,335 [main] INFO  handler.ContextHandler (ContextHandler.java:doStart(781)) - Started o.e.j.s.ServletContextHandler@6cceb281{/logs,file:///workdir/hadoop-ozone/integration-test/target/log,AVAILABLE}
2019-10-21 09:49:21,335 [main] INFO  handler.ContextHandler (ContextHandler.java:doStart(781)) - Started o.e.j.s.ServletContextHandler@619c3546{/static,jar:file:/home/user/.m2/repository/org/apache/hadoop/hadoop-hdds-container-service/0.5.0-SNAPSHOT/hadoop-hdds-container-service-0.5.0-SNAPSHOT.jar!/webapps/static,AVAILABLE}
2019-10-21 09:49:21,359 [main] INFO  handler.ContextHandler (ContextHandler.java:doStart(781)) - Started o.e.j.w.WebAppContext@5a899811{/,file:///tmp/jetty-0.0.0.0-35319-hddsDatanode-_-any-2344016049774820811.dir/webapp/,AVAILABLE}{/hddsDatanode}
2019-10-21 09:49:21,359 [main] INFO  server.AbstractConnector (AbstractConnector.java:doStart(278)) - Started ServerConnector@6a51ae7c{HTTP/1.1,[http/1.1]}{0.0.0.0:35319}
2019-10-21 09:49:21,361 [main] INFO  server.Server (Server.java:doStart(419)) - Started @672339ms
2019-10-21 09:49:21,361 [main] WARN  impl.MetricsSystemImpl (MetricsSystemImpl.java:register(276)) - Sink prometheus already exists!
2019-10-21 09:49:21,362 [main] INFO  server.BaseHttpServer (BaseHttpServer.java:updateConnectorAddress(215)) - HTTP server of HDDSDATANODE is listening at http://0.0.0.0:35319
2019-10-21 09:49:21,363 [main] INFO  impl.MetricsSystemImpl (MetricsSystemImpl.java:init(158)) - HddsDatanode metrics system started (again)
2019-10-21 09:49:21,371 [org.apache.hadoop.util.JvmPauseMonitor$Monitor@780fba82] INFO  util.JvmPauseMonitor (JvmPauseMonitor.java:run(188)) - Starting JVM pause monitor
2019-10-21 09:49:21,372 [Datanode State Machine Thread - 0] INFO  datanode.InitDatanodeState (InitDatanodeState.java:persistContainerDatanodeDetails(140)) - DatanodeDetails is persisted to /workdir/hadoop-ozone/integration-test/target/test-dir/MiniOzoneClusterImpl-4293bdbb-7b7b-4247-8a28-8ef3a725fd91/datanode-5/meta/datanode.id
2019-10-21 09:49:21,373 [main] INFO  ozone.HddsDatanodeService (HddsDatanodeService.java:start(184)) - HddsDatanodeService host:pr-hdds-2291-fkckm-1634098129 ip:192.168.34.51
2019-10-21 09:49:21,379 [main] INFO  volume.HddsVolume (HddsVolume.java:<init>(176)) - Creating Volume: /workdir/hadoop-ozone/integration-test/target/test-dir/MiniOzoneClusterImpl-4293bdbb-7b7b-4247-8a28-8ef3a725fd91/datanode-6/data/containers/hdds of  storage type : DISK and capacity : 1482555576320
2019-10-21 09:49:21,380 [main] INFO  volume.VolumeSet (VolumeSet.java:initializeVolumeSet(170)) - Added Volume : /workdir/hadoop-ozone/integration-test/target/test-dir/MiniOzoneClusterImpl-4293bdbb-7b7b-4247-8a28-8ef3a725fd91/datanode-6/data/containers/hdds to VolumeSet
2019-10-21 09:49:21,380 [main] INFO  volume.ThrottledAsyncChecker (ThrottledAsyncChecker.java:schedule(141)) - Scheduling a check for org.apache.hadoop.ozone.container.common.volume.HddsVolume@f849027
2019-10-21 09:49:21,380 [main] INFO  volume.HddsVolumeChecker (HddsVolumeChecker.java:checkAllVolumes(204)) - Scheduled health check for volume org.apache.hadoop.ozone.container.common.volume.HddsVolume@f849027
2019-10-21 09:49:21,394 [main] INFO  impl.RaftServerProxy (ConfUtils.java:logGet(43)) - raft.rpc.type = GRPC (default)
2019-10-21 09:49:21,394 [main] INFO  grpc.GrpcFactory (GrpcFactory.java:checkPooledByteBufAllocatorUseCacheForAllThreads(45)) - PERFORMANCE WARNING: useCacheForAllThreads is true that may cause Netty to create a lot garbage objects and, as a result, trigger GC.
	It is recommended to disable useCacheForAllThreads by setting -Dorg.apache.ratis.thirdparty.io.netty.allocator.useCacheForAllThreads=false in command line.
2019-10-21 09:49:21,394 [main] INFO  grpc.GrpcConfigKeys$Server (ConfUtils.java:logGet(43)) - raft.grpc.server.port = 0 (default)
2019-10-21 09:49:21,394 [main] INFO  server.GrpcService (ConfUtils.java:logGet(43)) - raft.grpc.message.size.max = 33570816 (custom)
2019-10-21 09:49:21,394 [main] INFO  server.RaftServerConfigKeys (ConfUtils.java:logGet(43)) - raft.server.log.appender.buffer.byte-limit = 33554432 (custom)
2019-10-21 09:49:21,395 [main] INFO  server.GrpcService (ConfUtils.java:logGet(43)) - raft.grpc.flow.control.window = 1MB (=1048576) (default)
2019-10-21 09:49:21,395 [main] INFO  server.RaftServerConfigKeys (ConfUtils.java:logGet(43)) - raft.server.rpc.request.timeout = 3000ms (default)
2019-10-21 09:49:21,395 [main] INFO  server.RaftServerConfigKeys (ConfUtils.java:logGet(43)) - raft.server.storage.dir = [/workdir/hadoop-ozone/integration-test/target/test-dir/MiniOzoneClusterImpl-4293bdbb-7b7b-4247-8a28-8ef3a725fd91/datanode-6/data/ratis] (custom)
2019-10-21 09:49:21,396 [main] INFO  hdfs.DFSUtil (DFSUtil.java:httpServerTemplateForNNAndJN(1641)) - Starting Web-server for hddsDatanode at: http://0.0.0.0:0
2019-10-21 09:49:21,397 [main] INFO  server.AuthenticationFilter (AuthenticationFilter.java:constructSecretProvider(240)) - Unable to initialize FileSignerSecretProvider, falling back to use random secrets.
2019-10-21 09:49:21,398 [main] WARN  http.HttpRequestLog (HttpRequestLog.java:getRequestLog(97)) - Jetty request log can only be enabled using Log4j
2019-10-21 09:49:21,399 [main] INFO  http.HttpServer2 (HttpServer2.java:addGlobalFilter(975)) - Added global filter 'safety' (class=org.apache.hadoop.http.HttpServer2$QuotingInputFilter)
2019-10-21 09:49:21,399 [main] INFO  http.HttpServer2 (HttpServer2.java:addFilter(948)) - Added filter static_user_filter (class=org.apache.hadoop.http.lib.StaticUserWebFilter$StaticUserFilter) to context hddsDatanode
2019-10-21 09:49:21,400 [main] INFO  http.HttpServer2 (HttpServer2.java:addFilter(958)) - Added filter static_user_filter (class=org.apache.hadoop.http.lib.StaticUserWebFilter$StaticUserFilter) to context logs
2019-10-21 09:49:21,400 [main] INFO  http.HttpServer2 (HttpServer2.java:addFilter(958)) - Added filter static_user_filter (class=org.apache.hadoop.http.lib.StaticUserWebFilter$StaticUserFilter) to context static
2019-10-21 09:49:21,401 [main] INFO  http.HttpServer2 (HttpServer2.java:bindListener(1191)) - Jetty bound to port 42367
2019-10-21 09:49:21,401 [main] INFO  server.Server (Server.java:doStart(351)) - jetty-9.3.25.v20180904, build timestamp: 2018-09-04T21:11:46Z, git hash: 3ce520221d0240229c862b122d2b06c12a625732
2019-10-21 09:49:21,403 [main] INFO  handler.ContextHandler (ContextHandler.java:doStart(781)) - Started o.e.j.s.ServletContextHandler@1bfa5a13{/logs,file:///workdir/hadoop-ozone/integration-test/target/log,AVAILABLE}
2019-10-21 09:49:21,403 [main] INFO  handler.ContextHandler (ContextHandler.java:doStart(781)) - Started o.e.j.s.ServletContextHandler@1da75dde{/static,jar:file:/home/user/.m2/repository/org/apache/hadoop/hadoop-hdds-container-service/0.5.0-SNAPSHOT/hadoop-hdds-container-service-0.5.0-SNAPSHOT.jar!/webapps/static,AVAILABLE}
2019-10-21 09:49:21,446 [main] INFO  handler.ContextHandler (ContextHandler.java:doStart(781)) - Started o.e.j.w.WebAppContext@5bb7a59{/,file:///tmp/jetty-0.0.0.0-42367-hddsDatanode-_-any-8089415958583778583.dir/webapp/,AVAILABLE}{/hddsDatanode}
2019-10-21 09:49:21,446 [main] INFO  server.AbstractConnector (AbstractConnector.java:doStart(278)) - Started ServerConnector@4bfa5eb9{HTTP/1.1,[http/1.1]}{0.0.0.0:42367}
2019-10-21 09:49:21,448 [main] INFO  server.Server (Server.java:doStart(419)) - Started @672425ms
2019-10-21 09:49:21,448 [main] WARN  impl.MetricsSystemImpl (MetricsSystemImpl.java:register(276)) - Sink prometheus already exists!
2019-10-21 09:49:21,449 [main] INFO  server.BaseHttpServer (BaseHttpServer.java:updateConnectorAddress(215)) - HTTP server of HDDSDATANODE is listening at http://0.0.0.0:42367
2019-10-21 09:49:21,449 [main] INFO  ozone.MiniOzoneClusterImpl (MiniOzoneClusterImpl.java:lambda$waitForClusterToBeReady$0(147)) - Waiting for cluster to be ready. Got 0 of 7 DN Heartbeats.
2019-10-21 09:49:21,450 [org.apache.hadoop.util.JvmPauseMonitor$Monitor@19fd4c8f] INFO  util.JvmPauseMonitor (JvmPauseMonitor.java:run(188)) - Starting JVM pause monitor
2019-10-21 09:49:21,451 [Datanode State Machine Thread - 0] INFO  datanode.InitDatanodeState (InitDatanodeState.java:persistContainerDatanodeDetails(140)) - DatanodeDetails is persisted to /workdir/hadoop-ozone/integration-test/target/test-dir/MiniOzoneClusterImpl-4293bdbb-7b7b-4247-8a28-8ef3a725fd91/datanode-6/meta/datanode.id
2019-10-21 09:49:22,450 [main] INFO  ozone.MiniOzoneClusterImpl (MiniOzoneClusterImpl.java:lambda$waitForClusterToBeReady$0(147)) - Waiting for cluster to be ready. Got 0 of 7 DN Heartbeats.
2019-10-21 09:49:22,980 [Datanode State Machine Thread - 0] INFO  ozoneimpl.OzoneContainer (OzoneContainer.java:start(213)) - Attempting to start container services.
2019-10-21 09:49:22,980 [Datanode State Machine Thread - 0] INFO  ozoneimpl.OzoneContainer (OzoneContainer.java:startContainerScrub(177)) - Background container scanner has been disabled.
2019-10-21 09:49:22,981 [Datanode State Machine Thread - 0] INFO  ratis.XceiverServerRatis (XceiverServerRatis.java:start(418)) - Starting XceiverServerRatis c2925b1d-00ad-4d76-9426-86b6c6682e26 at port 0
2019-10-21 09:49:22,988 [Datanode State Machine Thread - 0] INFO  impl.RaftServerProxy (RaftServerProxy.java:lambda$start$3(299)) - c2925b1d-00ad-4d76-9426-86b6c6682e26: start RPC server
2019-10-21 09:49:22,990 [Datanode State Machine Thread - 0] INFO  server.GrpcService (GrpcService.java:startImpl(158)) - c2925b1d-00ad-4d76-9426-86b6c6682e26: GrpcService started, listening on 0.0.0.0/0.0.0.0:41872
2019-10-21 09:49:22,990 [Datanode State Machine Thread - 0] INFO  ratis.XceiverServerRatis (XceiverServerRatis.java:start(428)) - XceiverServerRatis c2925b1d-00ad-4d76-9426-86b6c6682e26 is started using port 41872
2019-10-21 09:49:22,991 [Datanode State Machine Thread - 0] INFO  server.XceiverServerGrpc (XceiverServerGrpc.java:start(149)) - XceiverServerGrpc c2925b1d-00ad-4d76-9426-86b6c6682e26 is started using port 44499
2019-10-21 09:49:23,059 [Datanode State Machine Thread - 0] INFO  ozoneimpl.OzoneContainer (OzoneContainer.java:start(213)) - Attempting to start container services.
2019-10-21 09:49:23,059 [Datanode State Machine Thread - 0] INFO  ozoneimpl.OzoneContainer (OzoneContainer.java:startContainerScrub(177)) - Background container scanner has been disabled.
2019-10-21 09:49:23,059 [Datanode State Machine Thread - 0] INFO  ratis.XceiverServerRatis (XceiverServerRatis.java:start(418)) - Starting XceiverServerRatis 54cc6ee4-85aa-4390-b29f-1c813cd489af at port 0
2019-10-21 09:49:23,064 [Datanode State Machine Thread - 0] INFO  impl.RaftServerProxy (RaftServerProxy.java:lambda$start$3(299)) - 54cc6ee4-85aa-4390-b29f-1c813cd489af: start RPC server
2019-10-21 09:49:23,074 [Datanode State Machine Thread - 0] INFO  server.GrpcService (GrpcService.java:startImpl(158)) - 54cc6ee4-85aa-4390-b29f-1c813cd489af: GrpcService started, listening on 0.0.0.0/0.0.0.0:46268
2019-10-21 09:49:23,074 [Datanode State Machine Thread - 0] INFO  ratis.XceiverServerRatis (XceiverServerRatis.java:start(428)) - XceiverServerRatis 54cc6ee4-85aa-4390-b29f-1c813cd489af is started using port 46268
2019-10-21 09:49:23,075 [Datanode State Machine Thread - 0] INFO  server.XceiverServerGrpc (XceiverServerGrpc.java:start(149)) - XceiverServerGrpc 54cc6ee4-85aa-4390-b29f-1c813cd489af is started using port 43280
2019-10-21 09:49:23,151 [Datanode State Machine Thread - 0] INFO  ozoneimpl.OzoneContainer (OzoneContainer.java:start(213)) - Attempting to start container services.
2019-10-21 09:49:23,151 [Datanode State Machine Thread - 0] INFO  ozoneimpl.OzoneContainer (OzoneContainer.java:startContainerScrub(177)) - Background container scanner has been disabled.
2019-10-21 09:49:23,151 [Datanode State Machine Thread - 0] INFO  ratis.XceiverServerRatis (XceiverServerRatis.java:start(418)) - Starting XceiverServerRatis dfb1800d-4985-4fe1-8971-c050908b89b5 at port 0
2019-10-21 09:49:23,157 [Datanode State Machine Thread - 0] INFO  impl.RaftServerProxy (RaftServerProxy.java:lambda$start$3(299)) - dfb1800d-4985-4fe1-8971-c050908b89b5: start RPC server
2019-10-21 09:49:23,158 [Datanode State Machine Thread - 0] INFO  server.GrpcService (GrpcService.java:startImpl(158)) - dfb1800d-4985-4fe1-8971-c050908b89b5: GrpcService started, listening on 0.0.0.0/0.0.0.0:41378
2019-10-21 09:49:23,158 [Datanode State Machine Thread - 0] INFO  ratis.XceiverServerRatis (XceiverServerRatis.java:start(428)) - XceiverServerRatis dfb1800d-4985-4fe1-8971-c050908b89b5 is started using port 41378
2019-10-21 09:49:23,158 [Datanode State Machine Thread - 0] INFO  server.XceiverServerGrpc (XceiverServerGrpc.java:start(149)) - XceiverServerGrpc dfb1800d-4985-4fe1-8971-c050908b89b5 is started using port 42548
2019-10-21 09:49:23,234 [Datanode State Machine Thread - 0] INFO  ozoneimpl.OzoneContainer (OzoneContainer.java:start(213)) - Attempting to start container services.
2019-10-21 09:49:23,234 [Datanode State Machine Thread - 0] INFO  ozoneimpl.OzoneContainer (OzoneContainer.java:startContainerScrub(177)) - Background container scanner has been disabled.
2019-10-21 09:49:23,234 [Datanode State Machine Thread - 0] INFO  ratis.XceiverServerRatis (XceiverServerRatis.java:start(418)) - Starting XceiverServerRatis d677ca45-3229-47c7-9233-cddac554fc8b at port 0
2019-10-21 09:49:23,239 [Datanode State Machine Thread - 0] INFO  impl.RaftServerProxy (RaftServerProxy.java:lambda$start$3(299)) - d677ca45-3229-47c7-9233-cddac554fc8b: start RPC server
2019-10-21 09:49:23,240 [Datanode State Machine Thread - 0] INFO  server.GrpcService (GrpcService.java:startImpl(158)) - d677ca45-3229-47c7-9233-cddac554fc8b: GrpcService started, listening on 0.0.0.0/0.0.0.0:35405
2019-10-21 09:49:23,240 [Datanode State Machine Thread - 0] INFO  ratis.XceiverServerRatis (XceiverServerRatis.java:start(428)) - XceiverServerRatis d677ca45-3229-47c7-9233-cddac554fc8b is started using port 35405
2019-10-21 09:49:23,240 [Datanode State Machine Thread - 0] INFO  server.XceiverServerGrpc (XceiverServerGrpc.java:start(149)) - XceiverServerGrpc d677ca45-3229-47c7-9233-cddac554fc8b is started using port 34537
2019-10-21 09:49:23,252 [grpc-default-worker-ELG-3-1] WARN  nio.NioEventLoop (NioEventLoop.java:select(786)) - Selector.select() returned prematurely {} times in a row; rebuilding Selector {}.
2019-10-21 09:49:23,252 [grpc-default-worker-ELG-3-1] INFO  nio.NioEventLoop (NioEventLoop.java:rebuildSelector0(396)) - Migrated 0 channel(s) to the new Selector.
2019-10-21 09:49:23,370 [Datanode State Machine Thread - 0] INFO  ozoneimpl.OzoneContainer (OzoneContainer.java:start(213)) - Attempting to start container services.
2019-10-21 09:49:23,370 [Datanode State Machine Thread - 0] INFO  ozoneimpl.OzoneContainer (OzoneContainer.java:startContainerScrub(177)) - Background container scanner has been disabled.
2019-10-21 09:49:23,370 [Datanode State Machine Thread - 0] INFO  ratis.XceiverServerRatis (XceiverServerRatis.java:start(418)) - Starting XceiverServerRatis 72533202-8799-4247-b1d2-fee90ff5efff at port 0
2019-10-21 09:49:23,378 [Datanode State Machine Thread - 0] INFO  impl.RaftServerProxy (RaftServerProxy.java:lambda$start$3(299)) - 72533202-8799-4247-b1d2-fee90ff5efff: start RPC server
2019-10-21 09:49:23,379 [Datanode State Machine Thread - 0] INFO  server.GrpcService (GrpcService.java:startImpl(158)) - 72533202-8799-4247-b1d2-fee90ff5efff: GrpcService started, listening on 0.0.0.0/0.0.0.0:43231
2019-10-21 09:49:23,379 [Datanode State Machine Thread - 0] INFO  ratis.XceiverServerRatis (XceiverServerRatis.java:start(428)) - XceiverServerRatis 72533202-8799-4247-b1d2-fee90ff5efff is started using port 43231
2019-10-21 09:49:23,379 [Datanode State Machine Thread - 0] INFO  server.XceiverServerGrpc (XceiverServerGrpc.java:start(149)) - XceiverServerGrpc 72533202-8799-4247-b1d2-fee90ff5efff is started using port 34289
2019-10-21 09:49:23,385 [Datanode State Machine Thread - 0] INFO  ozoneimpl.OzoneContainer (OzoneContainer.java:start(213)) - Attempting to start container services.
2019-10-21 09:49:23,386 [Datanode State Machine Thread - 0] INFO  ozoneimpl.OzoneContainer (OzoneContainer.java:startContainerScrub(177)) - Background container scanner has been disabled.
2019-10-21 09:49:23,386 [Datanode State Machine Thread - 0] INFO  ratis.XceiverServerRatis (XceiverServerRatis.java:start(418)) - Starting XceiverServerRatis f4df8662-7415-4036-ac96-ff2b1bb6586f at port 0
2019-10-21 09:49:23,391 [Datanode State Machine Thread - 0] INFO  impl.RaftServerProxy (RaftServerProxy.java:lambda$start$3(299)) - f4df8662-7415-4036-ac96-ff2b1bb6586f: start RPC server
2019-10-21 09:49:23,391 [Datanode State Machine Thread - 0] INFO  server.GrpcService (GrpcService.java:startImpl(158)) - f4df8662-7415-4036-ac96-ff2b1bb6586f: GrpcService started, listening on 0.0.0.0/0.0.0.0:37794
2019-10-21 09:49:23,391 [Datanode State Machine Thread - 0] INFO  ratis.XceiverServerRatis (XceiverServerRatis.java:start(428)) - XceiverServerRatis f4df8662-7415-4036-ac96-ff2b1bb6586f is started using port 37794
2019-10-21 09:49:23,392 [Datanode State Machine Thread - 0] INFO  server.XceiverServerGrpc (XceiverServerGrpc.java:start(149)) - XceiverServerGrpc f4df8662-7415-4036-ac96-ff2b1bb6586f is started using port 39548
2019-10-21 09:49:23,451 [main] INFO  ozone.MiniOzoneClusterImpl (MiniOzoneClusterImpl.java:lambda$waitForClusterToBeReady$0(147)) - Waiting for cluster to be ready. Got 0 of 7 DN Heartbeats.
2019-10-21 09:49:23,464 [Datanode State Machine Thread - 0] INFO  ozoneimpl.OzoneContainer (OzoneContainer.java:start(213)) - Attempting to start container services.
2019-10-21 09:49:23,464 [Datanode State Machine Thread - 0] INFO  ozoneimpl.OzoneContainer (OzoneContainer.java:startContainerScrub(177)) - Background container scanner has been disabled.
2019-10-21 09:49:23,464 [Datanode State Machine Thread - 0] INFO  ratis.XceiverServerRatis (XceiverServerRatis.java:start(418)) - Starting XceiverServerRatis 95a31197-fbd9-42e6-8925-3f078625a966 at port 0
2019-10-21 09:49:23,470 [Datanode State Machine Thread - 0] INFO  impl.RaftServerProxy (RaftServerProxy.java:lambda$start$3(299)) - 95a31197-fbd9-42e6-8925-3f078625a966: start RPC server
2019-10-21 09:49:23,471 [Datanode State Machine Thread - 0] INFO  server.GrpcService (GrpcService.java:startImpl(158)) - 95a31197-fbd9-42e6-8925-3f078625a966: GrpcService started, listening on 0.0.0.0/0.0.0.0:42364
2019-10-21 09:49:23,471 [Datanode State Machine Thread - 0] INFO  ratis.XceiverServerRatis (XceiverServerRatis.java:start(428)) - XceiverServerRatis 95a31197-fbd9-42e6-8925-3f078625a966 is started using port 42364
2019-10-21 09:49:23,471 [Datanode State Machine Thread - 0] INFO  server.XceiverServerGrpc (XceiverServerGrpc.java:start(149)) - XceiverServerGrpc 95a31197-fbd9-42e6-8925-3f078625a966 is started using port 42724
2019-10-21 09:49:24,452 [main] INFO  ozone.MiniOzoneClusterImpl (MiniOzoneClusterImpl.java:lambda$waitForClusterToBeReady$0(147)) - Waiting for cluster to be ready. Got 0 of 7 DN Heartbeats.
2019-10-21 09:49:24,951 [IPC Server handler 18 on 34429] INFO  net.NetworkTopology (NetworkTopologyImpl.java:add(111)) - Added a new node: /default-rack/c2925b1d-00ad-4d76-9426-86b6c6682e26
2019-10-21 09:49:24,954 [IPC Server handler 18 on 34429] INFO  node.SCMNodeManager (SCMNodeManager.java:register(268)) - Registered Data node : c2925b1d-00ad-4d76-9426-86b6c6682e26{ip: 192.168.34.51, host: pr-hdds-2291-fkckm-1634098129, networkLocation: /default-rack, certSerialId: null}
2019-10-21 09:49:24,955 [EventQueue-NodeRegistrationContainerReportForDataNodeSafeModeRule] INFO  safemode.SCMSafeModeManager (DataNodeSafeModeRule.java:process(71)) - SCM in safe mode. 1 DataNodes registered, 1 required.
2019-10-21 09:49:24,957 [EventQueue-NodeRegistrationContainerReportForDataNodeSafeModeRule] INFO  safemode.SCMSafeModeManager (SCMSafeModeManager.java:validateSafeModeExitRules(177)) - ScmSafeModeManager, all rules are successfully validated
2019-10-21 09:49:24,957 [EventQueue-NodeRegistrationContainerReportForDataNodeSafeModeRule] INFO  safemode.SCMSafeModeManager (SCMSafeModeManager.java:exitSafeMode(193)) - SCM exiting safe mode.
2019-10-21 09:49:24,968 [grpc-default-executor-1] INFO  impl.RaftServerProxy (RaftServerProxy.java:addNew(89)) - c2925b1d-00ad-4d76-9426-86b6c6682e26: addNew group-0DD853AA751F:[c2925b1d-00ad-4d76-9426-86b6c6682e26:192.168.34.51:41872] returns group-0DD853AA751F:java.util.concurrent.CompletableFuture@7a901ccb[Not completed]
2019-10-21 09:49:24,971 [pool-589-thread-1] INFO  impl.RaftServerImpl (RaftServerImpl.java:<init>(95)) - c2925b1d-00ad-4d76-9426-86b6c6682e26: new RaftServerImpl for group-0DD853AA751F:[c2925b1d-00ad-4d76-9426-86b6c6682e26:192.168.34.51:41872] with ContainerStateMachine:uninitialized
2019-10-21 09:49:24,971 [pool-589-thread-1] INFO  server.RaftServerConfigKeys (ConfUtils.java:logGet(43)) - raft.server.rpc.timeout.min = 5s (custom)
2019-10-21 09:49:24,971 [pool-589-thread-1] INFO  server.RaftServerConfigKeys (ConfUtils.java:logGet(43)) - raft.server.rpc.timeout.max = 5200ms (custom)
2019-10-21 09:49:24,971 [pool-589-thread-1] INFO  server.RaftServerConfigKeys (ConfUtils.java:logGet(43)) - raft.server.rpcslowness.timeout = 120s (custom)
2019-10-21 09:49:24,971 [pool-589-thread-1] INFO  server.RaftServerConfigKeys (ConfUtils.java:logGet(43)) - raft.server.sleep.deviation.threshold = 300 (default)
2019-10-21 09:49:24,971 [pool-589-thread-1] INFO  server.RaftServerConfigKeys (ConfUtils.java:logGet(43)) - raft.server.log.appender.install.snapshot.enabled = false (custom)
2019-10-21 09:49:24,972 [pool-589-thread-1] INFO  impl.RaftServerImpl (ServerState.java:<init>(103)) - c2925b1d-00ad-4d76-9426-86b6c6682e26@group-0DD853AA751F: ConfigurationManager, init=-1: [c2925b1d-00ad-4d76-9426-86b6c6682e26:192.168.34.51:41872], old=null, confs=<EMPTY_MAP>
2019-10-21 09:49:24,972 [pool-589-thread-1] INFO  server.RaftServerConfigKeys (ConfUtils.java:logGet(43)) - raft.server.storage.dir = [/workdir/hadoop-ozone/integration-test/target/test-dir/MiniOzoneClusterImpl-4293bdbb-7b7b-4247-8a28-8ef3a725fd91/datanode-0/data/ratis] (custom)
2019-10-21 09:49:24,972 [pool-589-thread-1] INFO  server.RaftServerConfigKeys (ConfUtils.java:logGet(43)) - raft.server.log.corruption.policy = EXCEPTION (default)
2019-10-21 09:49:24,972 [pool-589-thread-1] INFO  storage.RaftStorageDirectory (RaftStorageDirectory.java:analyzeStorage(246)) - The storage directory /workdir/hadoop-ozone/integration-test/target/test-dir/MiniOzoneClusterImpl-4293bdbb-7b7b-4247-8a28-8ef3a725fd91/datanode-0/data/ratis/1a98c18f-ba61-4420-8134-0dd853aa751f does not exist. Creating ...
2019-10-21 09:49:24,985 [pool-589-thread-1] INFO  storage.RaftStorageDirectory (RaftStorageDirectory.java:tryLock(328)) - Lock on /workdir/hadoop-ozone/integration-test/target/test-dir/MiniOzoneClusterImpl-4293bdbb-7b7b-4247-8a28-8ef3a725fd91/datanode-0/data/ratis/1a98c18f-ba61-4420-8134-0dd853aa751f/in_use.lock acquired by nodename 1371@pr-hdds-2291-fkckm-1634098129
2019-10-21 09:49:24,998 [pool-589-thread-1] INFO  storage.RaftStorage (RaftStorage.java:format(84)) - Storage directory /workdir/hadoop-ozone/integration-test/target/test-dir/MiniOzoneClusterImpl-4293bdbb-7b7b-4247-8a28-8ef3a725fd91/datanode-0/data/ratis/1a98c18f-ba61-4420-8134-0dd853aa751f has been successfully formatted.
2019-10-21 09:49:24,998 [pool-589-thread-1] INFO  ratis.ContainerStateMachine (ContainerStateMachine.java:loadSnapshot(231)) - group-0DD853AA751F: The snapshot info is null. Setting the last applied indexto:(t:0, i:~)
2019-10-21 09:49:24,998 [pool-589-thread-1] INFO  server.RaftServerConfigKeys (ConfUtils.java:logGet(43)) - raft.server.notification.no-leader.timeout = 120s (custom)
2019-10-21 09:49:24,999 [pool-589-thread-1] INFO  server.RaftServerConfigKeys (ConfUtils.java:logGet(43)) - raft.server.log.use.memory = false (default)
2019-10-21 09:49:24,999 [pool-589-thread-1] INFO  server.RaftServerConfigKeys (ConfUtils.java:logGet(43)) - raft.server.log.purge.gap = 1000000 (custom)
2019-10-21 09:49:24,999 [pool-589-thread-1] INFO  server.RaftServerConfigKeys (ConfUtils.java:logGet(43)) - raft.server.log.appender.buffer.byte-limit = 33554432 (custom)
2019-10-21 09:49:24,999 [pool-589-thread-1] INFO  server.RaftServerConfigKeys (ConfUtils.java:logGet(43)) - raft.server.log.segment.size.max = 1048576 (custom)
2019-10-21 09:49:25,001 [pool-589-thread-1] INFO  server.RaftServerConfigKeys (ConfUtils.java:logGet(43)) - raft.server.log.segment.cache.num.max = 2 (custom)
2019-10-21 09:49:25,001 [pool-589-thread-1] INFO  segmented.SegmentedRaftLogWorker (SegmentedRaftLogWorker.java:<init>(173)) - new c2925b1d-00ad-4d76-9426-86b6c6682e26@group-0DD853AA751F-SegmentedRaftLogWorker for RaftStorage:Storage Directory /workdir/hadoop-ozone/integration-test/target/test-dir/MiniOzoneClusterImpl-4293bdbb-7b7b-4247-8a28-8ef3a725fd91/datanode-0/data/ratis/1a98c18f-ba61-4420-8134-0dd853aa751f
2019-10-21 09:49:25,001 [pool-589-thread-1] INFO  server.RaftServerConfigKeys (ConfUtils.java:logGet(43)) - raft.server.log.queue.byte-limit = 2147483647 (custom)
2019-10-21 09:49:25,001 [pool-589-thread-1] INFO  server.RaftServerConfigKeys (ConfUtils.java:logGet(43)) - raft.server.log.queue.element-limit = 1024 (custom)
2019-10-21 09:49:25,001 [pool-589-thread-1] INFO  server.RaftServerConfigKeys (ConfUtils.java:logGet(43)) - raft.server.log.segment.size.max = 1048576 (custom)
2019-10-21 09:49:25,001 [pool-589-thread-1] INFO  server.RaftServerConfigKeys (ConfUtils.java:logGet(43)) - raft.server.log.preallocated.size = 16384 (custom)
2019-10-21 09:49:25,001 [pool-589-thread-1] INFO  server.RaftServerConfigKeys (ConfUtils.java:logGet(43)) - raft.server.log.write.buffer.size = 33554432 (custom)
2019-10-21 09:49:25,001 [pool-589-thread-1] INFO  server.RaftServerConfigKeys (ConfUtils.java:logGet(43)) - raft.server.log.force.sync.num = 128 (default)
2019-10-21 09:49:25,001 [pool-589-thread-1] INFO  server.RaftServerConfigKeys (ConfUtils.java:logGet(43)) - raft.server.log.statemachine.data.sync = true (default)
2019-10-21 09:49:25,002 [pool-589-thread-1] INFO  server.RaftServerConfigKeys (ConfUtils.java:logGet(43)) - raft.server.log.statemachine.data.sync.timeout = 10s (default)
2019-10-21 09:49:25,002 [pool-589-thread-1] INFO  server.RaftServerConfigKeys (ConfUtils.java:logGet(43)) - raft.server.log.statemachine.data.sync.timeout.retry = -1 (default)
2019-10-21 09:49:25,002 [pool-589-thread-1] INFO  server.RaftServerConfigKeys (ConfUtils.java:logGet(43)) - raft.server.log.statemachine.data.caching.enabled = true (custom)
2019-10-21 09:49:25,002 [pool-589-thread-1] INFO  segmented.SegmentedRaftLogWorker (SegmentedRaftLogWorker.java:lambda$new$0(128)) - c2925b1d-00ad-4d76-9426-86b6c6682e26@group-0DD853AA751F-SegmentedRaftLogWorker: flushIndex: setUnconditionally 0 -> -1
2019-10-21 09:49:25,003 [pool-589-thread-1] INFO  server.RaftServerConfigKeys (ConfUtils.java:logGet(43)) - raft.server.snapshot.auto.trigger.enabled = true (custom)
2019-10-21 09:49:25,003 [pool-589-thread-1] INFO  server.RaftServerConfigKeys (ConfUtils.java:logGet(43)) - raft.server.snapshot.auto.trigger.threshold = 10000 (custom)
2019-10-21 09:49:25,003 [pool-589-thread-1] INFO  server.RaftServerConfigKeys (ConfUtils.java:logGet(43)) - raft.server.snapshot.retention.file.num = 5 (custom)
2019-10-21 09:49:25,003 [pool-589-thread-1] INFO  server.RaftServerConfigKeys (ConfUtils.java:logGet(43)) - raft.server.retrycache.expirytime = 600000ms (custom)
2019-10-21 09:49:25,004 [pool-589-thread-1] INFO  impl.RaftServerImpl (RaftServerImpl.java:start(181)) - c2925b1d-00ad-4d76-9426-86b6c6682e26@group-0DD853AA751F: start as a follower, conf=-1: [c2925b1d-00ad-4d76-9426-86b6c6682e26:192.168.34.51:41872], old=null
2019-10-21 09:49:25,004 [pool-589-thread-1] INFO  impl.RaftServerImpl (RaftServerImpl.java:setRole(170)) - c2925b1d-00ad-4d76-9426-86b6c6682e26@group-0DD853AA751F: changes role from      null to FOLLOWER at term 0 for startAsFollower
2019-10-21 09:49:25,004 [pool-589-thread-1] INFO  impl.RoleInfo (RoleInfo.java:updateAndGet(143)) - c2925b1d-00ad-4d76-9426-86b6c6682e26: start FollowerState
2019-10-21 09:49:25,005 [pool-589-thread-1] INFO  util.JmxRegister (JmxRegister.java:tryRegister(44)) - Successfully registered JMX Bean with object name Ratis:service=RaftServer,group=group-0DD853AA751F,id=c2925b1d-00ad-4d76-9426-86b6c6682e26
2019-10-21 09:49:25,008 [RatisPipelineUtilsThread] INFO  pipeline.PipelineStateManager (PipelineStateManager.java:addPipeline(56)) - Created pipeline Pipeline[ Id: 1a98c18f-ba61-4420-8134-0dd853aa751f, Nodes: c2925b1d-00ad-4d76-9426-86b6c6682e26{ip: 192.168.34.51, host: pr-hdds-2291-fkckm-1634098129, networkLocation: /default-rack, certSerialId: null}, Type:RATIS, Factor:ONE, State:OPEN]
2019-10-21 09:49:25,045 [IPC Server handler 17 on 34429] INFO  net.NetworkTopology (NetworkTopologyImpl.java:add(111)) - Added a new node: /default-rack/54cc6ee4-85aa-4390-b29f-1c813cd489af
2019-10-21 09:49:25,045 [IPC Server handler 17 on 34429] INFO  node.SCMNodeManager (SCMNodeManager.java:register(268)) - Registered Data node : 54cc6ee4-85aa-4390-b29f-1c813cd489af{ip: 192.168.34.51, host: pr-hdds-2291-fkckm-1634098129, networkLocation: /default-rack, certSerialId: null}
2019-10-21 09:49:25,051 [grpc-default-executor-1] INFO  impl.RaftServerProxy (RaftServerProxy.java:addNew(89)) - 54cc6ee4-85aa-4390-b29f-1c813cd489af: addNew group-D2F00B31E8BD:[54cc6ee4-85aa-4390-b29f-1c813cd489af:192.168.34.51:46268] returns group-D2F00B31E8BD:java.util.concurrent.CompletableFuture@57ea1223[Not completed]
2019-10-21 09:49:25,053 [pool-599-thread-1] INFO  impl.RaftServerImpl (RaftServerImpl.java:<init>(95)) - 54cc6ee4-85aa-4390-b29f-1c813cd489af: new RaftServerImpl for group-D2F00B31E8BD:[54cc6ee4-85aa-4390-b29f-1c813cd489af:192.168.34.51:46268] with ContainerStateMachine:uninitialized
2019-10-21 09:49:25,053 [pool-599-thread-1] INFO  server.RaftServerConfigKeys (ConfUtils.java:logGet(43)) - raft.server.rpc.timeout.min = 5s (custom)
2019-10-21 09:49:25,053 [pool-599-thread-1] INFO  server.RaftServerConfigKeys (ConfUtils.java:logGet(43)) - raft.server.rpc.timeout.max = 5200ms (custom)
2019-10-21 09:49:25,053 [pool-599-thread-1] INFO  server.RaftServerConfigKeys (ConfUtils.java:logGet(43)) - raft.server.rpcslowness.timeout = 120s (custom)
2019-10-21 09:49:25,054 [pool-599-thread-1] INFO  server.RaftServerConfigKeys (ConfUtils.java:logGet(43)) - raft.server.sleep.deviation.threshold = 300 (default)
2019-10-21 09:49:25,054 [pool-599-thread-1] INFO  server.RaftServerConfigKeys (ConfUtils.java:logGet(43)) - raft.server.log.appender.install.snapshot.enabled = false (custom)
2019-10-21 09:49:25,054 [pool-599-thread-1] INFO  impl.RaftServerImpl (ServerState.java:<init>(103)) - 54cc6ee4-85aa-4390-b29f-1c813cd489af@group-D2F00B31E8BD: ConfigurationManager, init=-1: [54cc6ee4-85aa-4390-b29f-1c813cd489af:192.168.34.51:46268], old=null, confs=<EMPTY_MAP>
2019-10-21 09:49:25,054 [pool-599-thread-1] INFO  server.RaftServerConfigKeys (ConfUtils.java:logGet(43)) - raft.server.storage.dir = [/workdir/hadoop-ozone/integration-test/target/test-dir/MiniOzoneClusterImpl-4293bdbb-7b7b-4247-8a28-8ef3a725fd91/datanode-1/data/ratis] (custom)
2019-10-21 09:49:25,054 [pool-599-thread-1] INFO  server.RaftServerConfigKeys (ConfUtils.java:logGet(43)) - raft.server.log.corruption.policy = EXCEPTION (default)
2019-10-21 09:49:25,055 [pool-599-thread-1] INFO  storage.RaftStorageDirectory (RaftStorageDirectory.java:analyzeStorage(246)) - The storage directory /workdir/hadoop-ozone/integration-test/target/test-dir/MiniOzoneClusterImpl-4293bdbb-7b7b-4247-8a28-8ef3a725fd91/datanode-1/data/ratis/11f5ad69-0e66-43f6-b1db-d2f00b31e8bd does not exist. Creating ...
2019-10-21 09:49:25,067 [pool-599-thread-1] INFO  storage.RaftStorageDirectory (RaftStorageDirectory.java:tryLock(328)) - Lock on /workdir/hadoop-ozone/integration-test/target/test-dir/MiniOzoneClusterImpl-4293bdbb-7b7b-4247-8a28-8ef3a725fd91/datanode-1/data/ratis/11f5ad69-0e66-43f6-b1db-d2f00b31e8bd/in_use.lock acquired by nodename 1371@pr-hdds-2291-fkckm-1634098129
2019-10-21 09:49:25,080 [pool-599-thread-1] INFO  storage.RaftStorage (RaftStorage.java:format(84)) - Storage directory /workdir/hadoop-ozone/integration-test/target/test-dir/MiniOzoneClusterImpl-4293bdbb-7b7b-4247-8a28-8ef3a725fd91/datanode-1/data/ratis/11f5ad69-0e66-43f6-b1db-d2f00b31e8bd has been successfully formatted.
2019-10-21 09:49:25,080 [pool-599-thread-1] INFO  ratis.ContainerStateMachine (ContainerStateMachine.java:loadSnapshot(231)) - group-D2F00B31E8BD: The snapshot info is null. Setting the last applied indexto:(t:0, i:~)
2019-10-21 09:49:25,081 [pool-599-thread-1] INFO  server.RaftServerConfigKeys (ConfUtils.java:logGet(43)) - raft.server.notification.no-leader.timeout = 120s (custom)
2019-10-21 09:49:25,081 [pool-599-thread-1] INFO  server.RaftServerConfigKeys (ConfUtils.java:logGet(43)) - raft.server.log.use.memory = false (default)
2019-10-21 09:49:25,081 [pool-599-thread-1] INFO  server.RaftServerConfigKeys (ConfUtils.java:logGet(43)) - raft.server.log.purge.gap = 1000000 (custom)
2019-10-21 09:49:25,081 [pool-599-thread-1] INFO  server.RaftServerConfigKeys (ConfUtils.java:logGet(43)) - raft.server.log.appender.buffer.byte-limit = 33554432 (custom)
2019-10-21 09:49:25,081 [pool-599-thread-1] INFO  server.RaftServerConfigKeys (ConfUtils.java:logGet(43)) - raft.server.log.segment.size.max = 1048576 (custom)
2019-10-21 09:49:25,082 [pool-599-thread-1] INFO  server.RaftServerConfigKeys (ConfUtils.java:logGet(43)) - raft.server.log.segment.cache.num.max = 2 (custom)
2019-10-21 09:49:25,082 [pool-599-thread-1] INFO  segmented.SegmentedRaftLogWorker (SegmentedRaftLogWorker.java:<init>(173)) - new 54cc6ee4-85aa-4390-b29f-1c813cd489af@group-D2F00B31E8BD-SegmentedRaftLogWorker for RaftStorage:Storage Directory /workdir/hadoop-ozone/integration-test/target/test-dir/MiniOzoneClusterImpl-4293bdbb-7b7b-4247-8a28-8ef3a725fd91/datanode-1/data/ratis/11f5ad69-0e66-43f6-b1db-d2f00b31e8bd
2019-10-21 09:49:25,082 [pool-599-thread-1] INFO  server.RaftServerConfigKeys (ConfUtils.java:logGet(43)) - raft.server.log.queue.byte-limit = 2147483647 (custom)
2019-10-21 09:49:25,082 [pool-599-thread-1] INFO  server.RaftServerConfigKeys (ConfUtils.java:logGet(43)) - raft.server.log.queue.element-limit = 1024 (custom)
2019-10-21 09:49:25,082 [pool-599-thread-1] INFO  server.RaftServerConfigKeys (ConfUtils.java:logGet(43)) - raft.server.log.segment.size.max = 1048576 (custom)
2019-10-21 09:49:25,082 [pool-599-thread-1] INFO  server.RaftServerConfigKeys (ConfUtils.java:logGet(43)) - raft.server.log.preallocated.size = 16384 (custom)
2019-10-21 09:49:25,082 [pool-599-thread-1] INFO  server.RaftServerConfigKeys (ConfUtils.java:logGet(43)) - raft.server.log.write.buffer.size = 33554432 (custom)
2019-10-21 09:49:25,082 [pool-599-thread-1] INFO  server.RaftServerConfigKeys (ConfUtils.java:logGet(43)) - raft.server.log.force.sync.num = 128 (default)
2019-10-21 09:49:25,083 [pool-599-thread-1] INFO  server.RaftServerConfigKeys (ConfUtils.java:logGet(43)) - raft.server.log.statemachine.data.sync = true (default)
2019-10-21 09:49:25,083 [pool-599-thread-1] INFO  server.RaftServerConfigKeys (ConfUtils.java:logGet(43)) - raft.server.log.statemachine.data.sync.timeout = 10s (default)
2019-10-21 09:49:25,083 [pool-599-thread-1] INFO  server.RaftServerConfigKeys (ConfUtils.java:logGet(43)) - raft.server.log.statemachine.data.sync.timeout.retry = -1 (default)
2019-10-21 09:49:25,083 [pool-599-thread-1] INFO  server.RaftServerConfigKeys (ConfUtils.java:logGet(43)) - raft.server.log.statemachine.data.caching.enabled = true (custom)
2019-10-21 09:49:25,083 [pool-599-thread-1] INFO  segmented.SegmentedRaftLogWorker (SegmentedRaftLogWorker.java:lambda$new$0(128)) - 54cc6ee4-85aa-4390-b29f-1c813cd489af@group-D2F00B31E8BD-SegmentedRaftLogWorker: flushIndex: setUnconditionally 0 -> -1
2019-10-21 09:49:25,083 [pool-599-thread-1] INFO  server.RaftServerConfigKeys (ConfUtils.java:logGet(43)) - raft.server.snapshot.auto.trigger.enabled = true (custom)
2019-10-21 09:49:25,083 [pool-599-thread-1] INFO  server.RaftServerConfigKeys (ConfUtils.java:logGet(43)) - raft.server.snapshot.auto.trigger.threshold = 10000 (custom)
2019-10-21 09:49:25,084 [pool-599-thread-1] INFO  server.RaftServerConfigKeys (ConfUtils.java:logGet(43)) - raft.server.snapshot.retention.file.num = 5 (custom)
2019-10-21 09:49:25,084 [pool-599-thread-1] INFO  server.RaftServerConfigKeys (ConfUtils.java:logGet(43)) - raft.server.retrycache.expirytime = 600000ms (custom)
2019-10-21 09:49:25,085 [pool-599-thread-1] INFO  impl.RaftServerImpl (RaftServerImpl.java:start(181)) - 54cc6ee4-85aa-4390-b29f-1c813cd489af@group-D2F00B31E8BD: start as a follower, conf=-1: [54cc6ee4-85aa-4390-b29f-1c813cd489af:192.168.34.51:46268], old=null
2019-10-21 09:49:25,085 [pool-599-thread-1] INFO  impl.RaftServerImpl (RaftServerImpl.java:setRole(170)) - 54cc6ee4-85aa-4390-b29f-1c813cd489af@group-D2F00B31E8BD: changes role from      null to FOLLOWER at term 0 for startAsFollower
2019-10-21 09:49:25,085 [pool-599-thread-1] INFO  impl.RoleInfo (RoleInfo.java:updateAndGet(143)) - 54cc6ee4-85aa-4390-b29f-1c813cd489af: start FollowerState
2019-10-21 09:49:25,085 [pool-599-thread-1] INFO  util.JmxRegister (JmxRegister.java:tryRegister(44)) - Successfully registered JMX Bean with object name Ratis:service=RaftServer,group=group-D2F00B31E8BD,id=54cc6ee4-85aa-4390-b29f-1c813cd489af
2019-10-21 09:49:25,088 [RatisPipelineUtilsThread] INFO  pipeline.PipelineStateManager (PipelineStateManager.java:addPipeline(56)) - Created pipeline Pipeline[ Id: 11f5ad69-0e66-43f6-b1db-d2f00b31e8bd, Nodes: 54cc6ee4-85aa-4390-b29f-1c813cd489af{ip: 192.168.34.51, host: pr-hdds-2291-fkckm-1634098129, networkLocation: /default-rack, certSerialId: null}, Type:RATIS, Factor:ONE, State:OPEN]
2019-10-21 09:49:25,125 [IPC Server handler 19 on 34429] INFO  net.NetworkTopology (NetworkTopologyImpl.java:add(111)) - Added a new node: /default-rack/dfb1800d-4985-4fe1-8971-c050908b89b5
2019-10-21 09:49:25,126 [IPC Server handler 19 on 34429] INFO  node.SCMNodeManager (SCMNodeManager.java:register(268)) - Registered Data node : dfb1800d-4985-4fe1-8971-c050908b89b5{ip: 192.168.34.51, host: pr-hdds-2291-fkckm-1634098129, networkLocation: /default-rack, certSerialId: null}
2019-10-21 09:49:25,133 [grpc-default-executor-1] INFO  impl.RaftServerProxy (RaftServerProxy.java:addNew(89)) - dfb1800d-4985-4fe1-8971-c050908b89b5: addNew group-A597346AADDB:[dfb1800d-4985-4fe1-8971-c050908b89b5:192.168.34.51:41378] returns group-A597346AADDB:java.util.concurrent.CompletableFuture@159b6d36[Not completed]
2019-10-21 09:49:25,135 [pool-609-thread-1] INFO  impl.RaftServerImpl (RaftServerImpl.java:<init>(95)) - dfb1800d-4985-4fe1-8971-c050908b89b5: new RaftServerImpl for group-A597346AADDB:[dfb1800d-4985-4fe1-8971-c050908b89b5:192.168.34.51:41378] with ContainerStateMachine:uninitialized
2019-10-21 09:49:25,135 [pool-609-thread-1] INFO  server.RaftServerConfigKeys (ConfUtils.java:logGet(43)) - raft.server.rpc.timeout.min = 5s (custom)
2019-10-21 09:49:25,135 [pool-609-thread-1] INFO  server.RaftServerConfigKeys (ConfUtils.java:logGet(43)) - raft.server.rpc.timeout.max = 5200ms (custom)
2019-10-21 09:49:25,135 [pool-609-thread-1] INFO  server.RaftServerConfigKeys (ConfUtils.java:logGet(43)) - raft.server.rpcslowness.timeout = 120s (custom)
2019-10-21 09:49:25,135 [pool-609-thread-1] INFO  server.RaftServerConfigKeys (ConfUtils.java:logGet(43)) - raft.server.sleep.deviation.threshold = 300 (default)
2019-10-21 09:49:25,135 [pool-609-thread-1] INFO  server.RaftServerConfigKeys (ConfUtils.java:logGet(43)) - raft.server.log.appender.install.snapshot.enabled = false (custom)
2019-10-21 09:49:25,136 [pool-609-thread-1] INFO  impl.RaftServerImpl (ServerState.java:<init>(103)) - dfb1800d-4985-4fe1-8971-c050908b89b5@group-A597346AADDB: ConfigurationManager, init=-1: [dfb1800d-4985-4fe1-8971-c050908b89b5:192.168.34.51:41378], old=null, confs=<EMPTY_MAP>
2019-10-21 09:49:25,136 [pool-609-thread-1] INFO  server.RaftServerConfigKeys (ConfUtils.java:logGet(43)) - raft.server.storage.dir = [/workdir/hadoop-ozone/integration-test/target/test-dir/MiniOzoneClusterImpl-4293bdbb-7b7b-4247-8a28-8ef3a725fd91/datanode-2/data/ratis] (custom)
2019-10-21 09:49:25,136 [pool-609-thread-1] INFO  server.RaftServerConfigKeys (ConfUtils.java:logGet(43)) - raft.server.log.corruption.policy = EXCEPTION (default)
2019-10-21 09:49:25,136 [pool-609-thread-1] INFO  storage.RaftStorageDirectory (RaftStorageDirectory.java:analyzeStorage(246)) - The storage directory /workdir/hadoop-ozone/integration-test/target/test-dir/MiniOzoneClusterImpl-4293bdbb-7b7b-4247-8a28-8ef3a725fd91/datanode-2/data/ratis/ce9090f9-11ae-4ba3-8637-a597346aaddb does not exist. Creating ...
2019-10-21 09:49:25,165 [pool-609-thread-1] INFO  storage.RaftStorageDirectory (RaftStorageDirectory.java:tryLock(328)) - Lock on /workdir/hadoop-ozone/integration-test/target/test-dir/MiniOzoneClusterImpl-4293bdbb-7b7b-4247-8a28-8ef3a725fd91/datanode-2/data/ratis/ce9090f9-11ae-4ba3-8637-a597346aaddb/in_use.lock acquired by nodename 1371@pr-hdds-2291-fkckm-1634098129
2019-10-21 09:49:25,179 [pool-609-thread-1] INFO  storage.RaftStorage (RaftStorage.java:format(84)) - Storage directory /workdir/hadoop-ozone/integration-test/target/test-dir/MiniOzoneClusterImpl-4293bdbb-7b7b-4247-8a28-8ef3a725fd91/datanode-2/data/ratis/ce9090f9-11ae-4ba3-8637-a597346aaddb has been successfully formatted.
2019-10-21 09:49:25,179 [pool-609-thread-1] INFO  ratis.ContainerStateMachine (ContainerStateMachine.java:loadSnapshot(231)) - group-A597346AADDB: The snapshot info is null. Setting the last applied indexto:(t:0, i:~)
2019-10-21 09:49:25,179 [pool-609-thread-1] INFO  server.RaftServerConfigKeys (ConfUtils.java:logGet(43)) - raft.server.notification.no-leader.timeout = 120s (custom)
2019-10-21 09:49:25,179 [pool-609-thread-1] INFO  server.RaftServerConfigKeys (ConfUtils.java:logGet(43)) - raft.server.log.use.memory = false (default)
2019-10-21 09:49:25,180 [pool-609-thread-1] INFO  server.RaftServerConfigKeys (ConfUtils.java:logGet(43)) - raft.server.log.purge.gap = 1000000 (custom)
2019-10-21 09:49:25,180 [pool-609-thread-1] INFO  server.RaftServerConfigKeys (ConfUtils.java:logGet(43)) - raft.server.log.appender.buffer.byte-limit = 33554432 (custom)
2019-10-21 09:49:25,180 [pool-609-thread-1] INFO  server.RaftServerConfigKeys (ConfUtils.java:logGet(43)) - raft.server.log.segment.size.max = 1048576 (custom)
2019-10-21 09:49:25,181 [pool-609-thread-1] INFO  server.RaftServerConfigKeys (ConfUtils.java:logGet(43)) - raft.server.log.segment.cache.num.max = 2 (custom)
2019-10-21 09:49:25,182 [pool-609-thread-1] INFO  segmented.SegmentedRaftLogWorker (SegmentedRaftLogWorker.java:<init>(173)) - new dfb1800d-4985-4fe1-8971-c050908b89b5@group-A597346AADDB-SegmentedRaftLogWorker for RaftStorage:Storage Directory /workdir/hadoop-ozone/integration-test/target/test-dir/MiniOzoneClusterImpl-4293bdbb-7b7b-4247-8a28-8ef3a725fd91/datanode-2/data/ratis/ce9090f9-11ae-4ba3-8637-a597346aaddb
2019-10-21 09:49:25,182 [pool-609-thread-1] INFO  server.RaftServerConfigKeys (ConfUtils.java:logGet(43)) - raft.server.log.queue.byte-limit = 2147483647 (custom)
2019-10-21 09:49:25,182 [pool-609-thread-1] INFO  server.RaftServerConfigKeys (ConfUtils.java:logGet(43)) - raft.server.log.queue.element-limit = 1024 (custom)
2019-10-21 09:49:25,182 [pool-609-thread-1] INFO  server.RaftServerConfigKeys (ConfUtils.java:logGet(43)) - raft.server.log.segment.size.max = 1048576 (custom)
2019-10-21 09:49:25,182 [pool-609-thread-1] INFO  server.RaftServerConfigKeys (ConfUtils.java:logGet(43)) - raft.server.log.preallocated.size = 16384 (custom)
2019-10-21 09:49:25,182 [pool-609-thread-1] INFO  server.RaftServerConfigKeys (ConfUtils.java:logGet(43)) - raft.server.log.write.buffer.size = 33554432 (custom)
2019-10-21 09:49:25,182 [pool-609-thread-1] INFO  server.RaftServerConfigKeys (ConfUtils.java:logGet(43)) - raft.server.log.force.sync.num = 128 (default)
2019-10-21 09:49:25,182 [pool-609-thread-1] INFO  server.RaftServerConfigKeys (ConfUtils.java:logGet(43)) - raft.server.log.statemachine.data.sync = true (default)
2019-10-21 09:49:25,182 [pool-609-thread-1] INFO  server.RaftServerConfigKeys (ConfUtils.java:logGet(43)) - raft.server.log.statemachine.data.sync.timeout = 10s (default)
2019-10-21 09:49:25,182 [pool-609-thread-1] INFO  server.RaftServerConfigKeys (ConfUtils.java:logGet(43)) - raft.server.log.statemachine.data.sync.timeout.retry = -1 (default)
2019-10-21 09:49:25,183 [pool-609-thread-1] INFO  server.RaftServerConfigKeys (ConfUtils.java:logGet(43)) - raft.server.log.statemachine.data.caching.enabled = true (custom)
2019-10-21 09:49:25,183 [pool-609-thread-1] INFO  segmented.SegmentedRaftLogWorker (SegmentedRaftLogWorker.java:lambda$new$0(128)) - dfb1800d-4985-4fe1-8971-c050908b89b5@group-A597346AADDB-SegmentedRaftLogWorker: flushIndex: setUnconditionally 0 -> -1
2019-10-21 09:49:25,183 [pool-609-thread-1] INFO  server.RaftServerConfigKeys (ConfUtils.java:logGet(43)) - raft.server.snapshot.auto.trigger.enabled = true (custom)
2019-10-21 09:49:25,183 [pool-609-thread-1] INFO  server.RaftServerConfigKeys (ConfUtils.java:logGet(43)) - raft.server.snapshot.auto.trigger.threshold = 10000 (custom)
2019-10-21 09:49:25,184 [pool-609-thread-1] INFO  server.RaftServerConfigKeys (ConfUtils.java:logGet(43)) - raft.server.snapshot.retention.file.num = 5 (custom)
2019-10-21 09:49:25,184 [pool-609-thread-1] INFO  server.RaftServerConfigKeys (ConfUtils.java:logGet(43)) - raft.server.retrycache.expirytime = 600000ms (custom)
2019-10-21 09:49:25,185 [pool-609-thread-1] INFO  impl.RaftServerImpl (RaftServerImpl.java:start(181)) - dfb1800d-4985-4fe1-8971-c050908b89b5@group-A597346AADDB: start as a follower, conf=-1: [dfb1800d-4985-4fe1-8971-c050908b89b5:192.168.34.51:41378], old=null
2019-10-21 09:49:25,185 [pool-609-thread-1] INFO  impl.RaftServerImpl (RaftServerImpl.java:setRole(170)) - dfb1800d-4985-4fe1-8971-c050908b89b5@group-A597346AADDB: changes role from      null to FOLLOWER at term 0 for startAsFollower
2019-10-21 09:49:25,186 [pool-609-thread-1] INFO  impl.RoleInfo (RoleInfo.java:updateAndGet(143)) - dfb1800d-4985-4fe1-8971-c050908b89b5: start FollowerState
2019-10-21 09:49:25,186 [pool-609-thread-1] INFO  util.JmxRegister (JmxRegister.java:tryRegister(44)) - Successfully registered JMX Bean with object name Ratis:service=RaftServer,group=group-A597346AADDB,id=dfb1800d-4985-4fe1-8971-c050908b89b5
2019-10-21 09:49:25,190 [RatisPipelineUtilsThread] INFO  pipeline.PipelineStateManager (PipelineStateManager.java:addPipeline(56)) - Created pipeline Pipeline[ Id: ce9090f9-11ae-4ba3-8637-a597346aaddb, Nodes: dfb1800d-4985-4fe1-8971-c050908b89b5{ip: 192.168.34.51, host: pr-hdds-2291-fkckm-1634098129, networkLocation: /default-rack, certSerialId: null}, Type:RATIS, Factor:ONE, State:OPEN]
2019-10-21 09:49:25,212 [grpc-default-executor-11] INFO  impl.RaftServerProxy (RaftServerProxy.java:addNew(89)) - dfb1800d-4985-4fe1-8971-c050908b89b5: addNew group-B22C93FBFD06:[54cc6ee4-85aa-4390-b29f-1c813cd489af:192.168.34.51:46268, dfb1800d-4985-4fe1-8971-c050908b89b5:192.168.34.51:41378, c2925b1d-00ad-4d76-9426-86b6c6682e26:192.168.34.51:41872] returns group-B22C93FBFD06:java.util.concurrent.CompletableFuture@33e5b606[Not completed]
2019-10-21 09:49:25,212 [grpc-default-executor-10] INFO  impl.RaftServerProxy (RaftServerProxy.java:addNew(89)) - 54cc6ee4-85aa-4390-b29f-1c813cd489af: addNew group-B22C93FBFD06:[54cc6ee4-85aa-4390-b29f-1c813cd489af:192.168.34.51:46268, dfb1800d-4985-4fe1-8971-c050908b89b5:192.168.34.51:41378, c2925b1d-00ad-4d76-9426-86b6c6682e26:192.168.34.51:41872] returns group-B22C93FBFD06:java.util.concurrent.CompletableFuture@470ca4e0[Not completed]
2019-10-21 09:49:25,213 [grpc-default-executor-11] INFO  impl.RaftServerProxy (RaftServerProxy.java:addNew(89)) - c2925b1d-00ad-4d76-9426-86b6c6682e26: addNew group-B22C93FBFD06:[54cc6ee4-85aa-4390-b29f-1c813cd489af:192.168.34.51:46268, dfb1800d-4985-4fe1-8971-c050908b89b5:192.168.34.51:41378, c2925b1d-00ad-4d76-9426-86b6c6682e26:192.168.34.51:41872] returns group-B22C93FBFD06:java.util.concurrent.CompletableFuture@43f50fd3[Not completed]
2019-10-21 09:49:25,213 [pool-609-thread-1] INFO  impl.RaftServerImpl (RaftServerImpl.java:<init>(95)) - dfb1800d-4985-4fe1-8971-c050908b89b5: new RaftServerImpl for group-B22C93FBFD06:[54cc6ee4-85aa-4390-b29f-1c813cd489af:192.168.34.51:46268, dfb1800d-4985-4fe1-8971-c050908b89b5:192.168.34.51:41378, c2925b1d-00ad-4d76-9426-86b6c6682e26:192.168.34.51:41872] with ContainerStateMachine:uninitialized
2019-10-21 09:49:25,213 [pool-609-thread-1] INFO  server.RaftServerConfigKeys (ConfUtils.java:logGet(43)) - raft.server.rpc.timeout.min = 5s (custom)
2019-10-21 09:49:25,213 [pool-609-thread-1] INFO  server.RaftServerConfigKeys (ConfUtils.java:logGet(43)) - raft.server.rpc.timeout.max = 5200ms (custom)
2019-10-21 09:49:25,213 [pool-609-thread-1] INFO  server.RaftServerConfigKeys (ConfUtils.java:logGet(43)) - raft.server.rpcslowness.timeout = 120s (custom)
2019-10-21 09:49:25,213 [pool-609-thread-1] INFO  server.RaftServerConfigKeys (ConfUtils.java:logGet(43)) - raft.server.sleep.deviation.threshold = 300 (default)
2019-10-21 09:49:25,214 [pool-609-thread-1] INFO  server.RaftServerConfigKeys (ConfUtils.java:logGet(43)) - raft.server.log.appender.install.snapshot.enabled = false (custom)
2019-10-21 09:49:25,214 [pool-609-thread-1] INFO  impl.RaftServerImpl (ServerState.java:<init>(103)) - dfb1800d-4985-4fe1-8971-c050908b89b5@group-B22C93FBFD06: ConfigurationManager, init=-1: [54cc6ee4-85aa-4390-b29f-1c813cd489af:192.168.34.51:46268, dfb1800d-4985-4fe1-8971-c050908b89b5:192.168.34.51:41378, c2925b1d-00ad-4d76-9426-86b6c6682e26:192.168.34.51:41872], old=null, confs=<EMPTY_MAP>
2019-10-21 09:49:25,214 [pool-599-thread-1] INFO  impl.RaftServerImpl (RaftServerImpl.java:<init>(95)) - 54cc6ee4-85aa-4390-b29f-1c813cd489af: new RaftServerImpl for group-B22C93FBFD06:[54cc6ee4-85aa-4390-b29f-1c813cd489af:192.168.34.51:46268, dfb1800d-4985-4fe1-8971-c050908b89b5:192.168.34.51:41378, c2925b1d-00ad-4d76-9426-86b6c6682e26:192.168.34.51:41872] with ContainerStateMachine:uninitialized
2019-10-21 09:49:25,214 [pool-609-thread-1] INFO  server.RaftServerConfigKeys (ConfUtils.java:logGet(43)) - raft.server.storage.dir = [/workdir/hadoop-ozone/integration-test/target/test-dir/MiniOzoneClusterImpl-4293bdbb-7b7b-4247-8a28-8ef3a725fd91/datanode-2/data/ratis] (custom)
2019-10-21 09:49:25,214 [pool-599-thread-1] INFO  server.RaftServerConfigKeys (ConfUtils.java:logGet(43)) - raft.server.rpc.timeout.min = 5s (custom)
2019-10-21 09:49:25,214 [pool-609-thread-1] INFO  server.RaftServerConfigKeys (ConfUtils.java:logGet(43)) - raft.server.log.corruption.policy = EXCEPTION (default)
2019-10-21 09:49:25,214 [pool-599-thread-1] INFO  server.RaftServerConfigKeys (ConfUtils.java:logGet(43)) - raft.server.rpc.timeout.max = 5200ms (custom)
2019-10-21 09:49:25,214 [pool-609-thread-1] INFO  storage.RaftStorageDirectory (RaftStorageDirectory.java:analyzeStorage(246)) - The storage directory /workdir/hadoop-ozone/integration-test/target/test-dir/MiniOzoneClusterImpl-4293bdbb-7b7b-4247-8a28-8ef3a725fd91/datanode-2/data/ratis/3f6ce7ef-981d-4694-acce-b22c93fbfd06 does not exist. Creating ...
2019-10-21 09:49:25,214 [pool-589-thread-1] INFO  impl.RaftServerImpl (RaftServerImpl.java:<init>(95)) - c2925b1d-00ad-4d76-9426-86b6c6682e26: new RaftServerImpl for group-B22C93FBFD06:[54cc6ee4-85aa-4390-b29f-1c813cd489af:192.168.34.51:46268, dfb1800d-4985-4fe1-8971-c050908b89b5:192.168.34.51:41378, c2925b1d-00ad-4d76-9426-86b6c6682e26:192.168.34.51:41872] with ContainerStateMachine:uninitialized
2019-10-21 09:49:25,214 [pool-599-thread-1] INFO  server.RaftServerConfigKeys (ConfUtils.java:logGet(43)) - raft.server.rpcslowness.timeout = 120s (custom)
2019-10-21 09:49:25,214 [pool-589-thread-1] INFO  server.RaftServerConfigKeys (ConfUtils.java:logGet(43)) - raft.server.rpc.timeout.min = 5s (custom)
2019-10-21 09:49:25,215 [pool-589-thread-1] INFO  server.RaftServerConfigKeys (ConfUtils.java:logGet(43)) - raft.server.rpc.timeout.max = 5200ms (custom)
2019-10-21 09:49:25,215 [pool-599-thread-1] INFO  server.RaftServerConfigKeys (ConfUtils.java:logGet(43)) - raft.server.sleep.deviation.threshold = 300 (default)
2019-10-21 09:49:25,215 [pool-589-thread-1] INFO  server.RaftServerConfigKeys (ConfUtils.java:logGet(43)) - raft.server.rpcslowness.timeout = 120s (custom)
2019-10-21 09:49:25,215 [pool-599-thread-1] INFO  server.RaftServerConfigKeys (ConfUtils.java:logGet(43)) - raft.server.log.appender.install.snapshot.enabled = false (custom)
2019-10-21 09:49:25,215 [pool-589-thread-1] INFO  server.RaftServerConfigKeys (ConfUtils.java:logGet(43)) - raft.server.sleep.deviation.threshold = 300 (default)
2019-10-21 09:49:25,215 [pool-599-thread-1] INFO  impl.RaftServerImpl (ServerState.java:<init>(103)) - 54cc6ee4-85aa-4390-b29f-1c813cd489af@group-B22C93FBFD06: ConfigurationManager, init=-1: [54cc6ee4-85aa-4390-b29f-1c813cd489af:192.168.34.51:46268, dfb1800d-4985-4fe1-8971-c050908b89b5:192.168.34.51:41378, c2925b1d-00ad-4d76-9426-86b6c6682e26:192.168.34.51:41872], old=null, confs=<EMPTY_MAP>
2019-10-21 09:49:25,215 [pool-589-thread-1] INFO  server.RaftServerConfigKeys (ConfUtils.java:logGet(43)) - raft.server.log.appender.install.snapshot.enabled = false (custom)
2019-10-21 09:49:25,215 [pool-599-thread-1] INFO  server.RaftServerConfigKeys (ConfUtils.java:logGet(43)) - raft.server.storage.dir = [/workdir/hadoop-ozone/integration-test/target/test-dir/MiniOzoneClusterImpl-4293bdbb-7b7b-4247-8a28-8ef3a725fd91/datanode-1/data/ratis] (custom)
2019-10-21 09:49:25,215 [pool-589-thread-1] INFO  impl.RaftServerImpl (ServerState.java:<init>(103)) - c2925b1d-00ad-4d76-9426-86b6c6682e26@group-B22C93FBFD06: ConfigurationManager, init=-1: [54cc6ee4-85aa-4390-b29f-1c813cd489af:192.168.34.51:46268, dfb1800d-4985-4fe1-8971-c050908b89b5:192.168.34.51:41378, c2925b1d-00ad-4d76-9426-86b6c6682e26:192.168.34.51:41872], old=null, confs=<EMPTY_MAP>
2019-10-21 09:49:25,215 [pool-589-thread-1] INFO  server.RaftServerConfigKeys (ConfUtils.java:logGet(43)) - raft.server.storage.dir = [/workdir/hadoop-ozone/integration-test/target/test-dir/MiniOzoneClusterImpl-4293bdbb-7b7b-4247-8a28-8ef3a725fd91/datanode-0/data/ratis] (custom)
2019-10-21 09:49:25,216 [pool-599-thread-1] INFO  server.RaftServerConfigKeys (ConfUtils.java:logGet(43)) - raft.server.log.corruption.policy = EXCEPTION (default)
2019-10-21 09:49:25,216 [pool-589-thread-1] INFO  server.RaftServerConfigKeys (ConfUtils.java:logGet(43)) - raft.server.log.corruption.policy = EXCEPTION (default)
2019-10-21 09:49:25,216 [pool-599-thread-1] INFO  storage.RaftStorageDirectory (RaftStorageDirectory.java:analyzeStorage(246)) - The storage directory /workdir/hadoop-ozone/integration-test/target/test-dir/MiniOzoneClusterImpl-4293bdbb-7b7b-4247-8a28-8ef3a725fd91/datanode-1/data/ratis/3f6ce7ef-981d-4694-acce-b22c93fbfd06 does not exist. Creating ...
2019-10-21 09:49:25,216 [pool-589-thread-1] INFO  storage.RaftStorageDirectory (RaftStorageDirectory.java:analyzeStorage(246)) - The storage directory /workdir/hadoop-ozone/integration-test/target/test-dir/MiniOzoneClusterImpl-4293bdbb-7b7b-4247-8a28-8ef3a725fd91/datanode-0/data/ratis/3f6ce7ef-981d-4694-acce-b22c93fbfd06 does not exist. Creating ...
2019-10-21 09:49:25,219 [IPC Server handler 13 on 34429] INFO  net.NetworkTopology (NetworkTopologyImpl.java:add(111)) - Added a new node: /default-rack/d677ca45-3229-47c7-9233-cddac554fc8b
2019-10-21 09:49:25,219 [IPC Server handler 13 on 34429] INFO  node.SCMNodeManager (SCMNodeManager.java:register(268)) - Registered Data node : d677ca45-3229-47c7-9233-cddac554fc8b{ip: 192.168.34.51, host: pr-hdds-2291-fkckm-1634098129, networkLocation: /default-rack, certSerialId: null}
2019-10-21 09:49:25,220 [pool-599-thread-1] INFO  storage.RaftStorageDirectory (RaftStorageDirectory.java:tryLock(328)) - Lock on /workdir/hadoop-ozone/integration-test/target/test-dir/MiniOzoneClusterImpl-4293bdbb-7b7b-4247-8a28-8ef3a725fd91/datanode-1/data/ratis/3f6ce7ef-981d-4694-acce-b22c93fbfd06/in_use.lock acquired by nodename 1371@pr-hdds-2291-fkckm-1634098129
2019-10-21 09:49:25,220 [pool-609-thread-1] INFO  storage.RaftStorageDirectory (RaftStorageDirectory.java:tryLock(328)) - Lock on /workdir/hadoop-ozone/integration-test/target/test-dir/MiniOzoneClusterImpl-4293bdbb-7b7b-4247-8a28-8ef3a725fd91/datanode-2/data/ratis/3f6ce7ef-981d-4694-acce-b22c93fbfd06/in_use.lock acquired by nodename 1371@pr-hdds-2291-fkckm-1634098129
2019-10-21 09:49:25,220 [pool-589-thread-1] INFO  storage.RaftStorageDirectory (RaftStorageDirectory.java:tryLock(328)) - Lock on /workdir/hadoop-ozone/integration-test/target/test-dir/MiniOzoneClusterImpl-4293bdbb-7b7b-4247-8a28-8ef3a725fd91/datanode-0/data/ratis/3f6ce7ef-981d-4694-acce-b22c93fbfd06/in_use.lock acquired by nodename 1371@pr-hdds-2291-fkckm-1634098129
2019-10-21 09:49:25,245 [pool-589-thread-1] INFO  storage.RaftStorage (RaftStorage.java:format(84)) - Storage directory /workdir/hadoop-ozone/integration-test/target/test-dir/MiniOzoneClusterImpl-4293bdbb-7b7b-4247-8a28-8ef3a725fd91/datanode-0/data/ratis/3f6ce7ef-981d-4694-acce-b22c93fbfd06 has been successfully formatted.
2019-10-21 09:49:25,245 [pool-599-thread-1] INFO  storage.RaftStorage (RaftStorage.java:format(84)) - Storage directory /workdir/hadoop-ozone/integration-test/target/test-dir/MiniOzoneClusterImpl-4293bdbb-7b7b-4247-8a28-8ef3a725fd91/datanode-1/data/ratis/3f6ce7ef-981d-4694-acce-b22c93fbfd06 has been successfully formatted.
2019-10-21 09:49:25,245 [pool-609-thread-1] INFO  storage.RaftStorage (RaftStorage.java:format(84)) - Storage directory /workdir/hadoop-ozone/integration-test/target/test-dir/MiniOzoneClusterImpl-4293bdbb-7b7b-4247-8a28-8ef3a725fd91/datanode-2/data/ratis/3f6ce7ef-981d-4694-acce-b22c93fbfd06 has been successfully formatted.
2019-10-21 09:49:25,245 [pool-599-thread-1] INFO  ratis.ContainerStateMachine (ContainerStateMachine.java:loadSnapshot(231)) - group-B22C93FBFD06: The snapshot info is null. Setting the last applied indexto:(t:0, i:~)
2019-10-21 09:49:25,245 [pool-589-thread-1] INFO  ratis.ContainerStateMachine (ContainerStateMachine.java:loadSnapshot(231)) - group-B22C93FBFD06: The snapshot info is null. Setting the last applied indexto:(t:0, i:~)
2019-10-21 09:49:25,245 [pool-599-thread-1] INFO  server.RaftServerConfigKeys (ConfUtils.java:logGet(43)) - raft.server.notification.no-leader.timeout = 120s (custom)
2019-10-21 09:49:25,245 [pool-609-thread-1] INFO  ratis.ContainerStateMachine (ContainerStateMachine.java:loadSnapshot(231)) - group-B22C93FBFD06: The snapshot info is null. Setting the last applied indexto:(t:0, i:~)
2019-10-21 09:49:25,245 [pool-599-thread-1] INFO  server.RaftServerConfigKeys (ConfUtils.java:logGet(43)) - raft.server.log.use.memory = false (default)
2019-10-21 09:49:25,245 [pool-589-thread-1] INFO  server.RaftServerConfigKeys (ConfUtils.java:logGet(43)) - raft.server.notification.no-leader.timeout = 120s (custom)
2019-10-21 09:49:25,246 [pool-599-thread-1] INFO  server.RaftServerConfigKeys (ConfUtils.java:logGet(43)) - raft.server.log.purge.gap = 1000000 (custom)
2019-10-21 09:49:25,245 [pool-609-thread-1] INFO  server.RaftServerConfigKeys (ConfUtils.java:logGet(43)) - raft.server.notification.no-leader.timeout = 120s (custom)
2019-10-21 09:49:25,246 [pool-599-thread-1] INFO  server.RaftServerConfigKeys (ConfUtils.java:logGet(43)) - raft.server.log.appender.buffer.byte-limit = 33554432 (custom)
2019-10-21 09:49:25,246 [pool-589-thread-1] INFO  server.RaftServerConfigKeys (ConfUtils.java:logGet(43)) - raft.server.log.use.memory = false (default)
2019-10-21 09:49:25,246 [pool-599-thread-1] INFO  server.RaftServerConfigKeys (ConfUtils.java:logGet(43)) - raft.server.log.segment.size.max = 1048576 (custom)
2019-10-21 09:49:25,246 [pool-609-thread-1] INFO  server.RaftServerConfigKeys (ConfUtils.java:logGet(43)) - raft.server.log.use.memory = false (default)
2019-10-21 09:49:25,246 [pool-599-thread-1] INFO  server.RaftServerConfigKeys (ConfUtils.java:logGet(43)) - raft.server.log.segment.cache.num.max = 2 (custom)
2019-10-21 09:49:25,246 [pool-589-thread-1] INFO  server.RaftServerConfigKeys (ConfUtils.java:logGet(43)) - raft.server.log.purge.gap = 1000000 (custom)
2019-10-21 09:49:25,246 [pool-599-thread-1] INFO  segmented.SegmentedRaftLogWorker (SegmentedRaftLogWorker.java:<init>(173)) - new 54cc6ee4-85aa-4390-b29f-1c813cd489af@group-B22C93FBFD06-SegmentedRaftLogWorker for RaftStorage:Storage Directory /workdir/hadoop-ozone/integration-test/target/test-dir/MiniOzoneClusterImpl-4293bdbb-7b7b-4247-8a28-8ef3a725fd91/datanode-1/data/ratis/3f6ce7ef-981d-4694-acce-b22c93fbfd06
2019-10-21 09:49:25,246 [pool-609-thread-1] INFO  server.RaftServerConfigKeys (ConfUtils.java:logGet(43)) - raft.server.log.purge.gap = 1000000 (custom)
2019-10-21 09:49:25,246 [pool-599-thread-1] INFO  server.RaftServerConfigKeys (ConfUtils.java:logGet(43)) - raft.server.log.queue.byte-limit = 2147483647 (custom)
2019-10-21 09:49:25,246 [pool-589-thread-1] INFO  server.RaftServerConfigKeys (ConfUtils.java:logGet(43)) - raft.server.log.appender.buffer.byte-limit = 33554432 (custom)
2019-10-21 09:49:25,247 [pool-599-thread-1] INFO  server.RaftServerConfigKeys (ConfUtils.java:logGet(43)) - raft.server.log.queue.element-limit = 1024 (custom)
2019-10-21 09:49:25,247 [pool-609-thread-1] INFO  server.RaftServerConfigKeys (ConfUtils.java:logGet(43)) - raft.server.log.appender.buffer.byte-limit = 33554432 (custom)
2019-10-21 09:49:25,247 [pool-599-thread-1] INFO  server.RaftServerConfigKeys (ConfUtils.java:logGet(43)) - raft.server.log.segment.size.max = 1048576 (custom)
2019-10-21 09:49:25,247 [pool-599-thread-1] INFO  server.RaftServerConfigKeys (ConfUtils.java:logGet(43)) - raft.server.log.preallocated.size = 16384 (custom)
2019-10-21 09:49:25,247 [pool-589-thread-1] INFO  server.RaftServerConfigKeys (ConfUtils.java:logGet(43)) - raft.server.log.segment.size.max = 1048576 (custom)
2019-10-21 09:49:25,247 [pool-599-thread-1] INFO  server.RaftServerConfigKeys (ConfUtils.java:logGet(43)) - raft.server.log.write.buffer.size = 33554432 (custom)
2019-10-21 09:49:25,247 [pool-609-thread-1] INFO  server.RaftServerConfigKeys (ConfUtils.java:logGet(43)) - raft.server.log.segment.size.max = 1048576 (custom)
2019-10-21 09:49:25,247 [pool-599-thread-1] INFO  server.RaftServerConfigKeys (ConfUtils.java:logGet(43)) - raft.server.log.force.sync.num = 128 (default)
2019-10-21 09:49:25,247 [pool-589-thread-1] INFO  server.RaftServerConfigKeys (ConfUtils.java:logGet(43)) - raft.server.log.segment.cache.num.max = 2 (custom)
2019-10-21 09:49:25,248 [pool-599-thread-1] INFO  server.RaftServerConfigKeys (ConfUtils.java:logGet(43)) - raft.server.log.statemachine.data.sync = true (default)
2019-10-21 09:49:25,247 [pool-609-thread-1] INFO  server.RaftServerConfigKeys (ConfUtils.java:logGet(43)) - raft.server.log.segment.cache.num.max = 2 (custom)
2019-10-21 09:49:25,248 [pool-599-thread-1] INFO  server.RaftServerConfigKeys (ConfUtils.java:logGet(43)) - raft.server.log.statemachine.data.sync.timeout = 10s (default)
2019-10-21 09:49:25,248 [pool-599-thread-1] INFO  server.RaftServerConfigKeys (ConfUtils.java:logGet(43)) - raft.server.log.statemachine.data.sync.timeout.retry = -1 (default)
2019-10-21 09:49:25,248 [pool-589-thread-1] INFO  segmented.SegmentedRaftLogWorker (SegmentedRaftLogWorker.java:<init>(173)) - new c2925b1d-00ad-4d76-9426-86b6c6682e26@group-B22C93FBFD06-SegmentedRaftLogWorker for RaftStorage:Storage Directory /workdir/hadoop-ozone/integration-test/target/test-dir/MiniOzoneClusterImpl-4293bdbb-7b7b-4247-8a28-8ef3a725fd91/datanode-0/data/ratis/3f6ce7ef-981d-4694-acce-b22c93fbfd06
2019-10-21 09:49:25,248 [pool-599-thread-1] INFO  server.RaftServerConfigKeys (ConfUtils.java:logGet(43)) - raft.server.log.statemachine.data.caching.enabled = true (custom)
2019-10-21 09:49:25,248 [pool-589-thread-1] INFO  server.RaftServerConfigKeys (ConfUtils.java:logGet(43)) - raft.server.log.queue.byte-limit = 2147483647 (custom)
2019-10-21 09:49:25,248 [pool-609-thread-1] INFO  segmented.SegmentedRaftLogWorker (SegmentedRaftLogWorker.java:<init>(173)) - new dfb1800d-4985-4fe1-8971-c050908b89b5@group-B22C93FBFD06-SegmentedRaftLogWorker for RaftStorage:Storage Directory /workdir/hadoop-ozone/integration-test/target/test-dir/MiniOzoneClusterImpl-4293bdbb-7b7b-4247-8a28-8ef3a725fd91/datanode-2/data/ratis/3f6ce7ef-981d-4694-acce-b22c93fbfd06
2019-10-21 09:49:25,248 [pool-599-thread-1] INFO  segmented.SegmentedRaftLogWorker (SegmentedRaftLogWorker.java:lambda$new$0(128)) - 54cc6ee4-85aa-4390-b29f-1c813cd489af@group-B22C93FBFD06-SegmentedRaftLogWorker: flushIndex: setUnconditionally 0 -> -1
2019-10-21 09:49:25,248 [pool-589-thread-1] INFO  server.RaftServerConfigKeys (ConfUtils.java:logGet(43)) - raft.server.log.queue.element-limit = 1024 (custom)
2019-10-21 09:49:25,248 [pool-609-thread-1] INFO  server.RaftServerConfigKeys (ConfUtils.java:logGet(43)) - raft.server.log.queue.byte-limit = 2147483647 (custom)
2019-10-21 09:49:25,249 [pool-599-thread-1] INFO  server.RaftServerConfigKeys (ConfUtils.java:logGet(43)) - raft.server.snapshot.auto.trigger.enabled = true (custom)
2019-10-21 09:49:25,249 [pool-589-thread-1] INFO  server.RaftServerConfigKeys (ConfUtils.java:logGet(43)) - raft.server.log.segment.size.max = 1048576 (custom)
2019-10-21 09:49:25,249 [pool-599-thread-1] INFO  server.RaftServerConfigKeys (ConfUtils.java:logGet(43)) - raft.server.snapshot.auto.trigger.threshold = 10000 (custom)
2019-10-21 09:49:25,249 [pool-609-thread-1] INFO  server.RaftServerConfigKeys (ConfUtils.java:logGet(43)) - raft.server.log.queue.element-limit = 1024 (custom)
2019-10-21 09:49:25,249 [pool-599-thread-1] INFO  server.RaftServerConfigKeys (ConfUtils.java:logGet(43)) - raft.server.snapshot.retention.file.num = 5 (custom)
2019-10-21 09:49:25,249 [pool-589-thread-1] INFO  server.RaftServerConfigKeys (ConfUtils.java:logGet(43)) - raft.server.log.preallocated.size = 16384 (custom)
2019-10-21 09:49:25,249 [pool-599-thread-1] INFO  server.RaftServerConfigKeys (ConfUtils.java:logGet(43)) - raft.server.retrycache.expirytime = 600000ms (custom)
2019-10-21 09:49:25,249 [pool-609-thread-1] INFO  server.RaftServerConfigKeys (ConfUtils.java:logGet(43)) - raft.server.log.segment.size.max = 1048576 (custom)
2019-10-21 09:49:25,249 [pool-589-thread-1] INFO  server.RaftServerConfigKeys (ConfUtils.java:logGet(43)) - raft.server.log.write.buffer.size = 33554432 (custom)
2019-10-21 09:49:25,249 [pool-609-thread-1] INFO  server.RaftServerConfigKeys (ConfUtils.java:logGet(43)) - raft.server.log.preallocated.size = 16384 (custom)
2019-10-21 09:49:25,250 [pool-589-thread-1] INFO  server.RaftServerConfigKeys (ConfUtils.java:logGet(43)) - raft.server.log.force.sync.num = 128 (default)
2019-10-21 09:49:25,250 [pool-609-thread-1] INFO  server.RaftServerConfigKeys (ConfUtils.java:logGet(43)) - raft.server.log.write.buffer.size = 33554432 (custom)
2019-10-21 09:49:25,250 [pool-589-thread-1] INFO  server.RaftServerConfigKeys (ConfUtils.java:logGet(43)) - raft.server.log.statemachine.data.sync = true (default)
2019-10-21 09:49:25,250 [pool-609-thread-1] INFO  server.RaftServerConfigKeys (ConfUtils.java:logGet(43)) - raft.server.log.force.sync.num = 128 (default)
2019-10-21 09:49:25,250 [pool-589-thread-1] INFO  server.RaftServerConfigKeys (ConfUtils.java:logGet(43)) - raft.server.log.statemachine.data.sync.timeout = 10s (default)
2019-10-21 09:49:25,250 [pool-609-thread-1] INFO  server.RaftServerConfigKeys (ConfUtils.java:logGet(43)) - raft.server.log.statemachine.data.sync = true (default)
2019-10-21 09:49:25,250 [pool-589-thread-1] INFO  server.RaftServerConfigKeys (ConfUtils.java:logGet(43)) - raft.server.log.statemachine.data.sync.timeout.retry = -1 (default)
2019-10-21 09:49:25,250 [pool-609-thread-1] INFO  server.RaftServerConfigKeys (ConfUtils.java:logGet(43)) - raft.server.log.statemachine.data.sync.timeout = 10s (default)
2019-10-21 09:49:25,250 [pool-589-thread-1] INFO  server.RaftServerConfigKeys (ConfUtils.java:logGet(43)) - raft.server.log.statemachine.data.caching.enabled = true (custom)
2019-10-21 09:49:25,250 [pool-609-thread-1] INFO  server.RaftServerConfigKeys (ConfUtils.java:logGet(43)) - raft.server.log.statemachine.data.sync.timeout.retry = -1 (default)
2019-10-21 09:49:25,251 [pool-589-thread-1] INFO  segmented.SegmentedRaftLogWorker (SegmentedRaftLogWorker.java:lambda$new$0(128)) - c2925b1d-00ad-4d76-9426-86b6c6682e26@group-B22C93FBFD06-SegmentedRaftLogWorker: flushIndex: setUnconditionally 0 -> -1
2019-10-21 09:49:25,251 [pool-609-thread-1] INFO  server.RaftServerConfigKeys (ConfUtils.java:logGet(43)) - raft.server.log.statemachine.data.caching.enabled = true (custom)
2019-10-21 09:49:25,251 [pool-599-thread-1] INFO  impl.RaftServerImpl (RaftServerImpl.java:start(181)) - 54cc6ee4-85aa-4390-b29f-1c813cd489af@group-B22C93FBFD06: start as a follower, conf=-1: [54cc6ee4-85aa-4390-b29f-1c813cd489af:192.168.34.51:46268, dfb1800d-4985-4fe1-8971-c050908b89b5:192.168.34.51:41378, c2925b1d-00ad-4d76-9426-86b6c6682e26:192.168.34.51:41872], old=null
2019-10-21 09:49:25,251 [pool-589-thread-1] INFO  server.RaftServerConfigKeys (ConfUtils.java:logGet(43)) - raft.server.snapshot.auto.trigger.enabled = true (custom)
2019-10-21 09:49:25,251 [pool-609-thread-1] INFO  segmented.SegmentedRaftLogWorker (SegmentedRaftLogWorker.java:lambda$new$0(128)) - dfb1800d-4985-4fe1-8971-c050908b89b5@group-B22C93FBFD06-SegmentedRaftLogWorker: flushIndex: setUnconditionally 0 -> -1
2019-10-21 09:49:25,251 [pool-599-thread-1] INFO  impl.RaftServerImpl (RaftServerImpl.java:setRole(170)) - 54cc6ee4-85aa-4390-b29f-1c813cd489af@group-B22C93FBFD06: changes role from      null to FOLLOWER at term 0 for startAsFollower
2019-10-21 09:49:25,251 [pool-589-thread-1] INFO  server.RaftServerConfigKeys (ConfUtils.java:logGet(43)) - raft.server.snapshot.auto.trigger.threshold = 10000 (custom)
2019-10-21 09:49:25,251 [pool-599-thread-1] INFO  impl.RoleInfo (RoleInfo.java:updateAndGet(143)) - 54cc6ee4-85aa-4390-b29f-1c813cd489af: start FollowerState
2019-10-21 09:49:25,251 [pool-589-thread-1] INFO  server.RaftServerConfigKeys (ConfUtils.java:logGet(43)) - raft.server.snapshot.retention.file.num = 5 (custom)
2019-10-21 09:49:25,251 [pool-609-thread-1] INFO  server.RaftServerConfigKeys (ConfUtils.java:logGet(43)) - raft.server.snapshot.auto.trigger.enabled = true (custom)
2019-10-21 09:49:25,251 [pool-589-thread-1] INFO  server.RaftServerConfigKeys (ConfUtils.java:logGet(43)) - raft.server.retrycache.expirytime = 600000ms (custom)
2019-10-21 09:49:25,252 [pool-609-thread-1] INFO  server.RaftServerConfigKeys (ConfUtils.java:logGet(43)) - raft.server.snapshot.auto.trigger.threshold = 10000 (custom)
2019-10-21 09:49:25,252 [pool-599-thread-1] INFO  util.JmxRegister (JmxRegister.java:tryRegister(44)) - Successfully registered JMX Bean with object name Ratis:service=RaftServer,group=group-B22C93FBFD06,id=54cc6ee4-85aa-4390-b29f-1c813cd489af
2019-10-21 09:49:25,252 [pool-609-thread-1] INFO  server.RaftServerConfigKeys (ConfUtils.java:logGet(43)) - raft.server.snapshot.retention.file.num = 5 (custom)
2019-10-21 09:49:25,252 [pool-609-thread-1] INFO  server.RaftServerConfigKeys (ConfUtils.java:logGet(43)) - raft.server.retrycache.expirytime = 600000ms (custom)
2019-10-21 09:49:25,255 [pool-589-thread-1] INFO  impl.RaftServerImpl (RaftServerImpl.java:start(181)) - c2925b1d-00ad-4d76-9426-86b6c6682e26@group-B22C93FBFD06: start as a follower, conf=-1: [54cc6ee4-85aa-4390-b29f-1c813cd489af:192.168.34.51:46268, dfb1800d-4985-4fe1-8971-c050908b89b5:192.168.34.51:41378, c2925b1d-00ad-4d76-9426-86b6c6682e26:192.168.34.51:41872], old=null
2019-10-21 09:49:25,255 [pool-589-thread-1] INFO  impl.RaftServerImpl (RaftServerImpl.java:setRole(170)) - c2925b1d-00ad-4d76-9426-86b6c6682e26@group-B22C93FBFD06: changes role from      null to FOLLOWER at term 0 for startAsFollower
2019-10-21 09:49:25,255 [pool-589-thread-1] INFO  impl.RoleInfo (RoleInfo.java:updateAndGet(143)) - c2925b1d-00ad-4d76-9426-86b6c6682e26: start FollowerState
2019-10-21 09:49:25,255 [pool-589-thread-1] INFO  util.JmxRegister (JmxRegister.java:tryRegister(44)) - Successfully registered JMX Bean with object name Ratis:service=RaftServer,group=group-B22C93FBFD06,id=c2925b1d-00ad-4d76-9426-86b6c6682e26
2019-10-21 09:49:25,256 [pool-609-thread-1] INFO  impl.RaftServerImpl (RaftServerImpl.java:start(181)) - dfb1800d-4985-4fe1-8971-c050908b89b5@group-B22C93FBFD06: start as a follower, conf=-1: [54cc6ee4-85aa-4390-b29f-1c813cd489af:192.168.34.51:46268, dfb1800d-4985-4fe1-8971-c050908b89b5:192.168.34.51:41378, c2925b1d-00ad-4d76-9426-86b6c6682e26:192.168.34.51:41872], old=null
2019-10-21 09:49:25,256 [pool-609-thread-1] INFO  impl.RaftServerImpl (RaftServerImpl.java:setRole(170)) - dfb1800d-4985-4fe1-8971-c050908b89b5@group-B22C93FBFD06: changes role from      null to FOLLOWER at term 0 for startAsFollower
2019-10-21 09:49:25,256 [pool-609-thread-1] INFO  impl.RoleInfo (RoleInfo.java:updateAndGet(143)) - dfb1800d-4985-4fe1-8971-c050908b89b5: start FollowerState
2019-10-21 09:49:25,257 [pool-609-thread-1] INFO  util.JmxRegister (JmxRegister.java:tryRegister(44)) - Successfully registered JMX Bean with object name Ratis:service=RaftServer,group=group-B22C93FBFD06,id=dfb1800d-4985-4fe1-8971-c050908b89b5
2019-10-21 09:49:25,260 [RatisPipelineUtilsThread] INFO  pipeline.PipelineStateManager (PipelineStateManager.java:addPipeline(56)) - Created pipeline Pipeline[ Id: 3f6ce7ef-981d-4694-acce-b22c93fbfd06, Nodes: 54cc6ee4-85aa-4390-b29f-1c813cd489af{ip: 192.168.34.51, host: pr-hdds-2291-fkckm-1634098129, networkLocation: /default-rack, certSerialId: null}dfb1800d-4985-4fe1-8971-c050908b89b5{ip: 192.168.34.51, host: pr-hdds-2291-fkckm-1634098129, networkLocation: /default-rack, certSerialId: null}c2925b1d-00ad-4d76-9426-86b6c6682e26{ip: 192.168.34.51, host: pr-hdds-2291-fkckm-1634098129, networkLocation: /default-rack, certSerialId: null}, Type:RATIS, Factor:THREE, State:OPEN]
2019-10-21 09:49:25,311 [IPC Server handler 0 on 34429] INFO  net.NetworkTopology (NetworkTopologyImpl.java:add(111)) - Added a new node: /default-rack/72533202-8799-4247-b1d2-fee90ff5efff
2019-10-21 09:49:25,311 [IPC Server handler 0 on 34429] INFO  node.SCMNodeManager (SCMNodeManager.java:register(268)) - Registered Data node : 72533202-8799-4247-b1d2-fee90ff5efff{ip: 192.168.34.51, host: pr-hdds-2291-fkckm-1634098129, networkLocation: /default-rack, certSerialId: null}
2019-10-21 09:49:25,317 [grpc-default-executor-1] INFO  impl.RaftServerProxy (RaftServerProxy.java:addNew(89)) - d677ca45-3229-47c7-9233-cddac554fc8b: addNew group-5806647706A6:[d677ca45-3229-47c7-9233-cddac554fc8b:192.168.34.51:35405] returns group-5806647706A6:java.util.concurrent.CompletableFuture@228c4edb[Not completed]
2019-10-21 09:49:25,321 [pool-619-thread-1] INFO  impl.RaftServerImpl (RaftServerImpl.java:<init>(95)) - d677ca45-3229-47c7-9233-cddac554fc8b: new RaftServerImpl for group-5806647706A6:[d677ca45-3229-47c7-9233-cddac554fc8b:192.168.34.51:35405] with ContainerStateMachine:uninitialized
2019-10-21 09:49:25,321 [pool-619-thread-1] INFO  server.RaftServerConfigKeys (ConfUtils.java:logGet(43)) - raft.server.rpc.timeout.min = 5s (custom)
2019-10-21 09:49:25,321 [pool-619-thread-1] INFO  server.RaftServerConfigKeys (ConfUtils.java:logGet(43)) - raft.server.rpc.timeout.max = 5200ms (custom)
2019-10-21 09:49:25,321 [pool-619-thread-1] INFO  server.RaftServerConfigKeys (ConfUtils.java:logGet(43)) - raft.server.rpcslowness.timeout = 120s (custom)
2019-10-21 09:49:25,321 [pool-619-thread-1] INFO  server.RaftServerConfigKeys (ConfUtils.java:logGet(43)) - raft.server.sleep.deviation.threshold = 300 (default)
2019-10-21 09:49:25,321 [pool-619-thread-1] INFO  server.RaftServerConfigKeys (ConfUtils.java:logGet(43)) - raft.server.log.appender.install.snapshot.enabled = false (custom)
2019-10-21 09:49:25,321 [pool-619-thread-1] INFO  impl.RaftServerImpl (ServerState.java:<init>(103)) - d677ca45-3229-47c7-9233-cddac554fc8b@group-5806647706A6: ConfigurationManager, init=-1: [d677ca45-3229-47c7-9233-cddac554fc8b:192.168.34.51:35405], old=null, confs=<EMPTY_MAP>
2019-10-21 09:49:25,322 [pool-619-thread-1] INFO  server.RaftServerConfigKeys (ConfUtils.java:logGet(43)) - raft.server.storage.dir = [/workdir/hadoop-ozone/integration-test/target/test-dir/MiniOzoneClusterImpl-4293bdbb-7b7b-4247-8a28-8ef3a725fd91/datanode-3/data/ratis] (custom)
2019-10-21 09:49:25,322 [pool-619-thread-1] INFO  server.RaftServerConfigKeys (ConfUtils.java:logGet(43)) - raft.server.log.corruption.policy = EXCEPTION (default)
2019-10-21 09:49:25,322 [pool-619-thread-1] INFO  storage.RaftStorageDirectory (RaftStorageDirectory.java:analyzeStorage(246)) - The storage directory /workdir/hadoop-ozone/integration-test/target/test-dir/MiniOzoneClusterImpl-4293bdbb-7b7b-4247-8a28-8ef3a725fd91/datanode-3/data/ratis/6af4b8e5-e0a7-462e-8539-5806647706a6 does not exist. Creating ...
2019-10-21 09:49:25,333 [pool-619-thread-1] INFO  storage.RaftStorageDirectory (RaftStorageDirectory.java:tryLock(328)) - Lock on /workdir/hadoop-ozone/integration-test/target/test-dir/MiniOzoneClusterImpl-4293bdbb-7b7b-4247-8a28-8ef3a725fd91/datanode-3/data/ratis/6af4b8e5-e0a7-462e-8539-5806647706a6/in_use.lock acquired by nodename 1371@pr-hdds-2291-fkckm-1634098129
2019-10-21 09:49:25,344 [pool-619-thread-1] INFO  storage.RaftStorage (RaftStorage.java:format(84)) - Storage directory /workdir/hadoop-ozone/integration-test/target/test-dir/MiniOzoneClusterImpl-4293bdbb-7b7b-4247-8a28-8ef3a725fd91/datanode-3/data/ratis/6af4b8e5-e0a7-462e-8539-5806647706a6 has been successfully formatted.
2019-10-21 09:49:25,344 [pool-619-thread-1] INFO  ratis.ContainerStateMachine (ContainerStateMachine.java:loadSnapshot(231)) - group-5806647706A6: The snapshot info is null. Setting the last applied indexto:(t:0, i:~)
2019-10-21 09:49:25,344 [pool-619-thread-1] INFO  server.RaftServerConfigKeys (ConfUtils.java:logGet(43)) - raft.server.notification.no-leader.timeout = 120s (custom)
2019-10-21 09:49:25,344 [pool-619-thread-1] INFO  server.RaftServerConfigKeys (ConfUtils.java:logGet(43)) - raft.server.log.use.memory = false (default)
2019-10-21 09:49:25,344 [pool-619-thread-1] INFO  server.RaftServerConfigKeys (ConfUtils.java:logGet(43)) - raft.server.log.purge.gap = 1000000 (custom)
2019-10-21 09:49:25,344 [pool-619-thread-1] INFO  server.RaftServerConfigKeys (ConfUtils.java:logGet(43)) - raft.server.log.appender.buffer.byte-limit = 33554432 (custom)
2019-10-21 09:49:25,344 [pool-619-thread-1] INFO  server.RaftServerConfigKeys (ConfUtils.java:logGet(43)) - raft.server.log.segment.size.max = 1048576 (custom)
2019-10-21 09:49:25,346 [pool-619-thread-1] INFO  server.RaftServerConfigKeys (ConfUtils.java:logGet(43)) - raft.server.log.segment.cache.num.max = 2 (custom)
2019-10-21 09:49:25,346 [pool-619-thread-1] INFO  segmented.SegmentedRaftLogWorker (SegmentedRaftLogWorker.java:<init>(173)) - new d677ca45-3229-47c7-9233-cddac554fc8b@group-5806647706A6-SegmentedRaftLogWorker for RaftStorage:Storage Directory /workdir/hadoop-ozone/integration-test/target/test-dir/MiniOzoneClusterImpl-4293bdbb-7b7b-4247-8a28-8ef3a725fd91/datanode-3/data/ratis/6af4b8e5-e0a7-462e-8539-5806647706a6
2019-10-21 09:49:25,346 [pool-619-thread-1] INFO  server.RaftServerConfigKeys (ConfUtils.java:logGet(43)) - raft.server.log.queue.byte-limit = 2147483647 (custom)
2019-10-21 09:49:25,346 [pool-619-thread-1] INFO  server.RaftServerConfigKeys (ConfUtils.java:logGet(43)) - raft.server.log.queue.element-limit = 1024 (custom)
2019-10-21 09:49:25,346 [pool-619-thread-1] INFO  server.RaftServerConfigKeys (ConfUtils.java:logGet(43)) - raft.server.log.segment.size.max = 1048576 (custom)
2019-10-21 09:49:25,346 [pool-619-thread-1] INFO  server.RaftServerConfigKeys (ConfUtils.java:logGet(43)) - raft.server.log.preallocated.size = 16384 (custom)
2019-10-21 09:49:25,346 [pool-619-thread-1] INFO  server.RaftServerConfigKeys (ConfUtils.java:logGet(43)) - raft.server.log.write.buffer.size = 33554432 (custom)
2019-10-21 09:49:25,346 [pool-619-thread-1] INFO  server.RaftServerConfigKeys (ConfUtils.java:logGet(43)) - raft.server.log.force.sync.num = 128 (default)
2019-10-21 09:49:25,346 [pool-619-thread-1] INFO  server.RaftServerConfigKeys (ConfUtils.java:logGet(43)) - raft.server.log.statemachine.data.sync = true (default)
2019-10-21 09:49:25,347 [pool-619-thread-1] INFO  server.RaftServerConfigKeys (ConfUtils.java:logGet(43)) - raft.server.log.statemachine.data.sync.timeout = 10s (default)
2019-10-21 09:49:25,347 [pool-619-thread-1] INFO  server.RaftServerConfigKeys (ConfUtils.java:logGet(43)) - raft.server.log.statemachine.data.sync.timeout.retry = -1 (default)
2019-10-21 09:49:25,347 [pool-619-thread-1] INFO  server.RaftServerConfigKeys (ConfUtils.java:logGet(43)) - raft.server.log.statemachine.data.caching.enabled = true (custom)
2019-10-21 09:49:25,347 [pool-619-thread-1] INFO  segmented.SegmentedRaftLogWorker (SegmentedRaftLogWorker.java:lambda$new$0(128)) - d677ca45-3229-47c7-9233-cddac554fc8b@group-5806647706A6-SegmentedRaftLogWorker: flushIndex: setUnconditionally 0 -> -1
2019-10-21 09:49:25,348 [pool-619-thread-1] INFO  server.RaftServerConfigKeys (ConfUtils.java:logGet(43)) - raft.server.snapshot.auto.trigger.enabled = true (custom)
2019-10-21 09:49:25,348 [pool-619-thread-1] INFO  server.RaftServerConfigKeys (ConfUtils.java:logGet(43)) - raft.server.snapshot.auto.trigger.threshold = 10000 (custom)
2019-10-21 09:49:25,348 [pool-619-thread-1] INFO  server.RaftServerConfigKeys (ConfUtils.java:logGet(43)) - raft.server.snapshot.retention.file.num = 5 (custom)
2019-10-21 09:49:25,348 [pool-619-thread-1] INFO  server.RaftServerConfigKeys (ConfUtils.java:logGet(43)) - raft.server.retrycache.expirytime = 600000ms (custom)
2019-10-21 09:49:25,349 [pool-619-thread-1] INFO  impl.RaftServerImpl (RaftServerImpl.java:start(181)) - d677ca45-3229-47c7-9233-cddac554fc8b@group-5806647706A6: start as a follower, conf=-1: [d677ca45-3229-47c7-9233-cddac554fc8b:192.168.34.51:35405], old=null
2019-10-21 09:49:25,349 [pool-619-thread-1] INFO  impl.RaftServerImpl (RaftServerImpl.java:setRole(170)) - d677ca45-3229-47c7-9233-cddac554fc8b@group-5806647706A6: changes role from      null to FOLLOWER at term 0 for startAsFollower
2019-10-21 09:49:25,349 [pool-619-thread-1] INFO  impl.RoleInfo (RoleInfo.java:updateAndGet(143)) - d677ca45-3229-47c7-9233-cddac554fc8b: start FollowerState
2019-10-21 09:49:25,350 [pool-619-thread-1] INFO  util.JmxRegister (JmxRegister.java:tryRegister(44)) - Successfully registered JMX Bean with object name Ratis:service=RaftServer,group=group-5806647706A6,id=d677ca45-3229-47c7-9233-cddac554fc8b
2019-10-21 09:49:25,353 [RatisPipelineUtilsThread] INFO  pipeline.PipelineStateManager (PipelineStateManager.java:addPipeline(56)) - Created pipeline Pipeline[ Id: 6af4b8e5-e0a7-462e-8539-5806647706a6, Nodes: d677ca45-3229-47c7-9233-cddac554fc8b{ip: 192.168.34.51, host: pr-hdds-2291-fkckm-1634098129, networkLocation: /default-rack, certSerialId: null}, Type:RATIS, Factor:ONE, State:OPEN]
2019-10-21 09:49:25,360 [grpc-default-executor-1] INFO  impl.RaftServerProxy (RaftServerProxy.java:addNew(89)) - 72533202-8799-4247-b1d2-fee90ff5efff: addNew group-F894B7156987:[72533202-8799-4247-b1d2-fee90ff5efff:192.168.34.51:43231] returns group-F894B7156987:java.util.concurrent.CompletableFuture@1563bc7e[Not completed]
2019-10-21 09:49:25,362 [pool-629-thread-1] INFO  impl.RaftServerImpl (RaftServerImpl.java:<init>(95)) - 72533202-8799-4247-b1d2-fee90ff5efff: new RaftServerImpl for group-F894B7156987:[72533202-8799-4247-b1d2-fee90ff5efff:192.168.34.51:43231] with ContainerStateMachine:uninitialized
2019-10-21 09:49:25,362 [pool-629-thread-1] INFO  server.RaftServerConfigKeys (ConfUtils.java:logGet(43)) - raft.server.rpc.timeout.min = 5s (custom)
2019-10-21 09:49:25,362 [pool-629-thread-1] INFO  server.RaftServerConfigKeys (ConfUtils.java:logGet(43)) - raft.server.rpc.timeout.max = 5200ms (custom)
2019-10-21 09:49:25,362 [pool-629-thread-1] INFO  server.RaftServerConfigKeys (ConfUtils.java:logGet(43)) - raft.server.rpcslowness.timeout = 120s (custom)
2019-10-21 09:49:25,362 [pool-629-thread-1] INFO  server.RaftServerConfigKeys (ConfUtils.java:logGet(43)) - raft.server.sleep.deviation.threshold = 300 (default)
2019-10-21 09:49:25,362 [pool-629-thread-1] INFO  server.RaftServerConfigKeys (ConfUtils.java:logGet(43)) - raft.server.log.appender.install.snapshot.enabled = false (custom)
2019-10-21 09:49:25,362 [pool-629-thread-1] INFO  impl.RaftServerImpl (ServerState.java:<init>(103)) - 72533202-8799-4247-b1d2-fee90ff5efff@group-F894B7156987: ConfigurationManager, init=-1: [72533202-8799-4247-b1d2-fee90ff5efff:192.168.34.51:43231], old=null, confs=<EMPTY_MAP>
2019-10-21 09:49:25,362 [pool-629-thread-1] INFO  server.RaftServerConfigKeys (ConfUtils.java:logGet(43)) - raft.server.storage.dir = [/workdir/hadoop-ozone/integration-test/target/test-dir/MiniOzoneClusterImpl-4293bdbb-7b7b-4247-8a28-8ef3a725fd91/datanode-4/data/ratis] (custom)
2019-10-21 09:49:25,363 [pool-629-thread-1] INFO  server.RaftServerConfigKeys (ConfUtils.java:logGet(43)) - raft.server.log.corruption.policy = EXCEPTION (default)
2019-10-21 09:49:25,363 [pool-629-thread-1] INFO  storage.RaftStorageDirectory (RaftStorageDirectory.java:analyzeStorage(246)) - The storage directory /workdir/hadoop-ozone/integration-test/target/test-dir/MiniOzoneClusterImpl-4293bdbb-7b7b-4247-8a28-8ef3a725fd91/datanode-4/data/ratis/0a3c8517-ccbc-4d8e-af17-f894b7156987 does not exist. Creating ...
2019-10-21 09:49:25,372 [IPC Server handler 1 on 34429] INFO  net.NetworkTopology (NetworkTopologyImpl.java:add(111)) - Added a new node: /default-rack/f4df8662-7415-4036-ac96-ff2b1bb6586f
2019-10-21 09:49:25,372 [IPC Server handler 1 on 34429] INFO  node.SCMNodeManager (SCMNodeManager.java:register(268)) - Registered Data node : f4df8662-7415-4036-ac96-ff2b1bb6586f{ip: 192.168.34.51, host: pr-hdds-2291-fkckm-1634098129, networkLocation: /default-rack, certSerialId: null}
2019-10-21 09:49:25,383 [pool-629-thread-1] INFO  storage.RaftStorageDirectory (RaftStorageDirectory.java:tryLock(328)) - Lock on /workdir/hadoop-ozone/integration-test/target/test-dir/MiniOzoneClusterImpl-4293bdbb-7b7b-4247-8a28-8ef3a725fd91/datanode-4/data/ratis/0a3c8517-ccbc-4d8e-af17-f894b7156987/in_use.lock acquired by nodename 1371@pr-hdds-2291-fkckm-1634098129
2019-10-21 09:49:25,396 [pool-629-thread-1] INFO  storage.RaftStorage (RaftStorage.java:format(84)) - Storage directory /workdir/hadoop-ozone/integration-test/target/test-dir/MiniOzoneClusterImpl-4293bdbb-7b7b-4247-8a28-8ef3a725fd91/datanode-4/data/ratis/0a3c8517-ccbc-4d8e-af17-f894b7156987 has been successfully formatted.
2019-10-21 09:49:25,396 [pool-629-thread-1] INFO  ratis.ContainerStateMachine (ContainerStateMachine.java:loadSnapshot(231)) - group-F894B7156987: The snapshot info is null. Setting the last applied indexto:(t:0, i:~)
2019-10-21 09:49:25,396 [pool-629-thread-1] INFO  server.RaftServerConfigKeys (ConfUtils.java:logGet(43)) - raft.server.notification.no-leader.timeout = 120s (custom)
2019-10-21 09:49:25,396 [pool-629-thread-1] INFO  server.RaftServerConfigKeys (ConfUtils.java:logGet(43)) - raft.server.log.use.memory = false (default)
2019-10-21 09:49:25,397 [pool-629-thread-1] INFO  server.RaftServerConfigKeys (ConfUtils.java:logGet(43)) - raft.server.log.purge.gap = 1000000 (custom)
2019-10-21 09:49:25,397 [pool-629-thread-1] INFO  server.RaftServerConfigKeys (ConfUtils.java:logGet(43)) - raft.server.log.appender.buffer.byte-limit = 33554432 (custom)
2019-10-21 09:49:25,397 [pool-629-thread-1] INFO  server.RaftServerConfigKeys (ConfUtils.java:logGet(43)) - raft.server.log.segment.size.max = 1048576 (custom)
2019-10-21 09:49:25,398 [pool-629-thread-1] INFO  server.RaftServerConfigKeys (ConfUtils.java:logGet(43)) - raft.server.log.segment.cache.num.max = 2 (custom)
2019-10-21 09:49:25,398 [pool-629-thread-1] INFO  segmented.SegmentedRaftLogWorker (SegmentedRaftLogWorker.java:<init>(173)) - new 72533202-8799-4247-b1d2-fee90ff5efff@group-F894B7156987-SegmentedRaftLogWorker for RaftStorage:Storage Directory /workdir/hadoop-ozone/integration-test/target/test-dir/MiniOzoneClusterImpl-4293bdbb-7b7b-4247-8a28-8ef3a725fd91/datanode-4/data/ratis/0a3c8517-ccbc-4d8e-af17-f894b7156987
2019-10-21 09:49:25,398 [pool-629-thread-1] INFO  server.RaftServerConfigKeys (ConfUtils.java:logGet(43)) - raft.server.log.queue.byte-limit = 2147483647 (custom)
2019-10-21 09:49:25,398 [pool-629-thread-1] INFO  server.RaftServerConfigKeys (ConfUtils.java:logGet(43)) - raft.server.log.queue.element-limit = 1024 (custom)
2019-10-21 09:49:25,398 [pool-629-thread-1] INFO  server.RaftServerConfigKeys (ConfUtils.java:logGet(43)) - raft.server.log.segment.size.max = 1048576 (custom)
2019-10-21 09:49:25,399 [pool-629-thread-1] INFO  server.RaftServerConfigKeys (ConfUtils.java:logGet(43)) - raft.server.log.preallocated.size = 16384 (custom)
2019-10-21 09:49:25,399 [pool-629-thread-1] INFO  server.RaftServerConfigKeys (ConfUtils.java:logGet(43)) - raft.server.log.write.buffer.size = 33554432 (custom)
2019-10-21 09:49:25,399 [pool-629-thread-1] INFO  server.RaftServerConfigKeys (ConfUtils.java:logGet(43)) - raft.server.log.force.sync.num = 128 (default)
2019-10-21 09:49:25,399 [pool-629-thread-1] INFO  server.RaftServerConfigKeys (ConfUtils.java:logGet(43)) - raft.server.log.statemachine.data.sync = true (default)
2019-10-21 09:49:25,399 [pool-629-thread-1] INFO  server.RaftServerConfigKeys (ConfUtils.java:logGet(43)) - raft.server.log.statemachine.data.sync.timeout = 10s (default)
2019-10-21 09:49:25,399 [pool-629-thread-1] INFO  server.RaftServerConfigKeys (ConfUtils.java:logGet(43)) - raft.server.log.statemachine.data.sync.timeout.retry = -1 (default)
2019-10-21 09:49:25,399 [pool-629-thread-1] INFO  server.RaftServerConfigKeys (ConfUtils.java:logGet(43)) - raft.server.log.statemachine.data.caching.enabled = true (custom)
2019-10-21 09:49:25,400 [pool-629-thread-1] INFO  segmented.SegmentedRaftLogWorker (SegmentedRaftLogWorker.java:lambda$new$0(128)) - 72533202-8799-4247-b1d2-fee90ff5efff@group-F894B7156987-SegmentedRaftLogWorker: flushIndex: setUnconditionally 0 -> -1
2019-10-21 09:49:25,400 [pool-629-thread-1] INFO  server.RaftServerConfigKeys (ConfUtils.java:logGet(43)) - raft.server.snapshot.auto.trigger.enabled = true (custom)
2019-10-21 09:49:25,400 [pool-629-thread-1] INFO  server.RaftServerConfigKeys (ConfUtils.java:logGet(43)) - raft.server.snapshot.auto.trigger.threshold = 10000 (custom)
2019-10-21 09:49:25,400 [pool-629-thread-1] INFO  server.RaftServerConfigKeys (ConfUtils.java:logGet(43)) - raft.server.snapshot.retention.file.num = 5 (custom)
2019-10-21 09:49:25,400 [pool-629-thread-1] INFO  server.RaftServerConfigKeys (ConfUtils.java:logGet(43)) - raft.server.retrycache.expirytime = 600000ms (custom)
2019-10-21 09:49:25,402 [pool-629-thread-1] INFO  impl.RaftServerImpl (RaftServerImpl.java:start(181)) - 72533202-8799-4247-b1d2-fee90ff5efff@group-F894B7156987: start as a follower, conf=-1: [72533202-8799-4247-b1d2-fee90ff5efff:192.168.34.51:43231], old=null
2019-10-21 09:49:25,402 [pool-629-thread-1] INFO  impl.RaftServerImpl (RaftServerImpl.java:setRole(170)) - 72533202-8799-4247-b1d2-fee90ff5efff@group-F894B7156987: changes role from      null to FOLLOWER at term 0 for startAsFollower
2019-10-21 09:49:25,402 [pool-629-thread-1] INFO  impl.RoleInfo (RoleInfo.java:updateAndGet(143)) - 72533202-8799-4247-b1d2-fee90ff5efff: start FollowerState
2019-10-21 09:49:25,412 [pool-629-thread-1] INFO  util.JmxRegister (JmxRegister.java:tryRegister(44)) - Successfully registered JMX Bean with object name Ratis:service=RaftServer,group=group-F894B7156987,id=72533202-8799-4247-b1d2-fee90ff5efff
2019-10-21 09:49:25,423 [RatisPipelineUtilsThread] INFO  pipeline.PipelineStateManager (PipelineStateManager.java:addPipeline(56)) - Created pipeline Pipeline[ Id: 0a3c8517-ccbc-4d8e-af17-f894b7156987, Nodes: 72533202-8799-4247-b1d2-fee90ff5efff{ip: 192.168.34.51, host: pr-hdds-2291-fkckm-1634098129, networkLocation: /default-rack, certSerialId: null}, Type:RATIS, Factor:ONE, State:OPEN]
2019-10-21 09:49:25,428 [grpc-default-executor-1] INFO  impl.RaftServerProxy (RaftServerProxy.java:addNew(89)) - f4df8662-7415-4036-ac96-ff2b1bb6586f: addNew group-7E243A35AB8C:[f4df8662-7415-4036-ac96-ff2b1bb6586f:192.168.34.51:37794] returns group-7E243A35AB8C:java.util.concurrent.CompletableFuture@4fcaea89[Not completed]
2019-10-21 09:49:25,429 [pool-639-thread-1] INFO  impl.RaftServerImpl (RaftServerImpl.java:<init>(95)) - f4df8662-7415-4036-ac96-ff2b1bb6586f: new RaftServerImpl for group-7E243A35AB8C:[f4df8662-7415-4036-ac96-ff2b1bb6586f:192.168.34.51:37794] with ContainerStateMachine:uninitialized
2019-10-21 09:49:25,430 [pool-639-thread-1] INFO  server.RaftServerConfigKeys (ConfUtils.java:logGet(43)) - raft.server.rpc.timeout.min = 5s (custom)
2019-10-21 09:49:25,430 [pool-639-thread-1] INFO  server.RaftServerConfigKeys (ConfUtils.java:logGet(43)) - raft.server.rpc.timeout.max = 5200ms (custom)
2019-10-21 09:49:25,430 [pool-639-thread-1] INFO  server.RaftServerConfigKeys (ConfUtils.java:logGet(43)) - raft.server.rpcslowness.timeout = 120s (custom)
2019-10-21 09:49:25,430 [pool-639-thread-1] INFO  server.RaftServerConfigKeys (ConfUtils.java:logGet(43)) - raft.server.sleep.deviation.threshold = 300 (default)
2019-10-21 09:49:25,430 [pool-639-thread-1] INFO  server.RaftServerConfigKeys (ConfUtils.java:logGet(43)) - raft.server.log.appender.install.snapshot.enabled = false (custom)
2019-10-21 09:49:25,430 [pool-639-thread-1] INFO  impl.RaftServerImpl (ServerState.java:<init>(103)) - f4df8662-7415-4036-ac96-ff2b1bb6586f@group-7E243A35AB8C: ConfigurationManager, init=-1: [f4df8662-7415-4036-ac96-ff2b1bb6586f:192.168.34.51:37794], old=null, confs=<EMPTY_MAP>
2019-10-21 09:49:25,430 [pool-639-thread-1] INFO  server.RaftServerConfigKeys (ConfUtils.java:logGet(43)) - raft.server.storage.dir = [/workdir/hadoop-ozone/integration-test/target/test-dir/MiniOzoneClusterImpl-4293bdbb-7b7b-4247-8a28-8ef3a725fd91/datanode-5/data/ratis] (custom)
2019-10-21 09:49:25,430 [pool-639-thread-1] INFO  server.RaftServerConfigKeys (ConfUtils.java:logGet(43)) - raft.server.log.corruption.policy = EXCEPTION (default)
2019-10-21 09:49:25,431 [pool-639-thread-1] INFO  storage.RaftStorageDirectory (RaftStorageDirectory.java:analyzeStorage(246)) - The storage directory /workdir/hadoop-ozone/integration-test/target/test-dir/MiniOzoneClusterImpl-4293bdbb-7b7b-4247-8a28-8ef3a725fd91/datanode-5/data/ratis/814b1656-5594-4543-8c52-7e243a35ab8c does not exist. Creating ...
2019-10-21 09:49:25,451 [IPC Server handler 18 on 34429] INFO  net.NetworkTopology (NetworkTopologyImpl.java:add(111)) - Added a new node: /default-rack/95a31197-fbd9-42e6-8925-3f078625a966
2019-10-21 09:49:25,452 [IPC Server handler 18 on 34429] INFO  node.SCMNodeManager (SCMNodeManager.java:register(268)) - Registered Data node : 95a31197-fbd9-42e6-8925-3f078625a966{ip: 192.168.34.51, host: pr-hdds-2291-fkckm-1634098129, networkLocation: /default-rack, certSerialId: null}
2019-10-21 09:49:25,452 [main] INFO  ozone.MiniOzoneClusterImpl (MiniOzoneClusterImpl.java:lambda$waitForClusterToBeReady$0(147)) - Cluster is ready. Got 7 of 7 DN Heartbeats.
2019-10-21 09:49:25,457 [pool-639-thread-1] INFO  storage.RaftStorageDirectory (RaftStorageDirectory.java:tryLock(328)) - Lock on /workdir/hadoop-ozone/integration-test/target/test-dir/MiniOzoneClusterImpl-4293bdbb-7b7b-4247-8a28-8ef3a725fd91/datanode-5/data/ratis/814b1656-5594-4543-8c52-7e243a35ab8c/in_use.lock acquired by nodename 1371@pr-hdds-2291-fkckm-1634098129
2019-10-21 09:49:25,483 [pool-639-thread-1] INFO  storage.RaftStorage (RaftStorage.java:format(84)) - Storage directory /workdir/hadoop-ozone/integration-test/target/test-dir/MiniOzoneClusterImpl-4293bdbb-7b7b-4247-8a28-8ef3a725fd91/datanode-5/data/ratis/814b1656-5594-4543-8c52-7e243a35ab8c has been successfully formatted.
2019-10-21 09:49:25,483 [pool-639-thread-1] INFO  ratis.ContainerStateMachine (ContainerStateMachine.java:loadSnapshot(231)) - group-7E243A35AB8C: The snapshot info is null. Setting the last applied indexto:(t:0, i:~)
2019-10-21 09:49:25,484 [pool-639-thread-1] INFO  server.RaftServerConfigKeys (ConfUtils.java:logGet(43)) - raft.server.notification.no-leader.timeout = 120s (custom)
2019-10-21 09:49:25,484 [pool-639-thread-1] INFO  server.RaftServerConfigKeys (ConfUtils.java:logGet(43)) - raft.server.log.use.memory = false (default)
2019-10-21 09:49:25,485 [pool-639-thread-1] INFO  server.RaftServerConfigKeys (ConfUtils.java:logGet(43)) - raft.server.log.purge.gap = 1000000 (custom)
2019-10-21 09:49:25,485 [pool-639-thread-1] INFO  server.RaftServerConfigKeys (ConfUtils.java:logGet(43)) - raft.server.log.appender.buffer.byte-limit = 33554432 (custom)
2019-10-21 09:49:25,485 [pool-639-thread-1] INFO  server.RaftServerConfigKeys (ConfUtils.java:logGet(43)) - raft.server.log.segment.size.max = 1048576 (custom)
2019-10-21 09:49:25,487 [main] INFO  rpc.RpcClient (RpcClient.java:createVolume(272)) - Creating Volume: testblockoutputstream, with jenkins1000 as owner.
2019-10-21 09:49:25,487 [pool-639-thread-1] INFO  server.RaftServerConfigKeys (ConfUtils.java:logGet(43)) - raft.server.log.segment.cache.num.max = 2 (custom)
2019-10-21 09:49:25,487 [pool-639-thread-1] INFO  segmented.SegmentedRaftLogWorker (SegmentedRaftLogWorker.java:<init>(173)) - new f4df8662-7415-4036-ac96-ff2b1bb6586f@group-7E243A35AB8C-SegmentedRaftLogWorker for RaftStorage:Storage Directory /workdir/hadoop-ozone/integration-test/target/test-dir/MiniOzoneClusterImpl-4293bdbb-7b7b-4247-8a28-8ef3a725fd91/datanode-5/data/ratis/814b1656-5594-4543-8c52-7e243a35ab8c
2019-10-21 09:49:25,487 [pool-639-thread-1] INFO  server.RaftServerConfigKeys (ConfUtils.java:logGet(43)) - raft.server.log.queue.byte-limit = 2147483647 (custom)
2019-10-21 09:49:25,487 [pool-639-thread-1] INFO  server.RaftServerConfigKeys (ConfUtils.java:logGet(43)) - raft.server.log.queue.element-limit = 1024 (custom)
2019-10-21 09:49:25,487 [pool-639-thread-1] INFO  server.RaftServerConfigKeys (ConfUtils.java:logGet(43)) - raft.server.log.segment.size.max = 1048576 (custom)
2019-10-21 09:49:25,487 [pool-639-thread-1] INFO  server.RaftServerConfigKeys (ConfUtils.java:logGet(43)) - raft.server.log.preallocated.size = 16384 (custom)
2019-10-21 09:49:25,487 [pool-639-thread-1] INFO  server.RaftServerConfigKeys (ConfUtils.java:logGet(43)) - raft.server.log.write.buffer.size = 33554432 (custom)
2019-10-21 09:49:25,487 [pool-639-thread-1] INFO  server.RaftServerConfigKeys (ConfUtils.java:logGet(43)) - raft.server.log.force.sync.num = 128 (default)
2019-10-21 09:49:25,487 [pool-639-thread-1] INFO  server.RaftServerConfigKeys (ConfUtils.java:logGet(43)) - raft.server.log.statemachine.data.sync = true (default)
2019-10-21 09:49:25,488 [pool-639-thread-1] INFO  server.RaftServerConfigKeys (ConfUtils.java:logGet(43)) - raft.server.log.statemachine.data.sync.timeout = 10s (default)
2019-10-21 09:49:25,488 [pool-639-thread-1] INFO  server.RaftServerConfigKeys (ConfUtils.java:logGet(43)) - raft.server.log.statemachine.data.sync.timeout.retry = -1 (default)
2019-10-21 09:49:25,488 [pool-639-thread-1] INFO  server.RaftServerConfigKeys (ConfUtils.java:logGet(43)) - raft.server.log.statemachine.data.caching.enabled = true (custom)
2019-10-21 09:49:25,489 [IPC Server handler 2 on 40774] INFO  volume.OMVolumeCreateRequest (OMVolumeCreateRequest.java:validateAndUpdateCache(193)) - created volume:testblockoutputstream for user:jenkins1000
2019-10-21 09:49:25,489 [pool-639-thread-1] INFO  segmented.SegmentedRaftLogWorker (SegmentedRaftLogWorker.java:lambda$new$0(128)) - f4df8662-7415-4036-ac96-ff2b1bb6586f@group-7E243A35AB8C-SegmentedRaftLogWorker: flushIndex: setUnconditionally 0 -> -1
2019-10-21 09:49:25,490 [pool-639-thread-1] INFO  server.RaftServerConfigKeys (ConfUtils.java:logGet(43)) - raft.server.snapshot.auto.trigger.enabled = true (custom)
2019-10-21 09:49:25,490 [pool-639-thread-1] INFO  server.RaftServerConfigKeys (ConfUtils.java:logGet(43)) - raft.server.snapshot.auto.trigger.threshold = 10000 (custom)
2019-10-21 09:49:25,490 [pool-639-thread-1] INFO  server.RaftServerConfigKeys (ConfUtils.java:logGet(43)) - raft.server.snapshot.retention.file.num = 5 (custom)
2019-10-21 09:49:25,490 [pool-639-thread-1] INFO  server.RaftServerConfigKeys (ConfUtils.java:logGet(43)) - raft.server.retrycache.expirytime = 600000ms (custom)
2019-10-21 09:49:25,493 [pool-639-thread-1] INFO  impl.RaftServerImpl (RaftServerImpl.java:start(181)) - f4df8662-7415-4036-ac96-ff2b1bb6586f@group-7E243A35AB8C: start as a follower, conf=-1: [f4df8662-7415-4036-ac96-ff2b1bb6586f:192.168.34.51:37794], old=null
2019-10-21 09:49:25,498 [pool-639-thread-1] INFO  impl.RaftServerImpl (RaftServerImpl.java:setRole(170)) - f4df8662-7415-4036-ac96-ff2b1bb6586f@group-7E243A35AB8C: changes role from      null to FOLLOWER at term 0 for startAsFollower
2019-10-21 09:49:25,498 [pool-639-thread-1] INFO  impl.RoleInfo (RoleInfo.java:updateAndGet(143)) - f4df8662-7415-4036-ac96-ff2b1bb6586f: start FollowerState
2019-10-21 09:49:25,498 [pool-639-thread-1] INFO  util.JmxRegister (JmxRegister.java:tryRegister(44)) - Successfully registered JMX Bean with object name Ratis:service=RaftServer,group=group-7E243A35AB8C,id=f4df8662-7415-4036-ac96-ff2b1bb6586f
2019-10-21 09:49:25,498 [main] INFO  rpc.RpcClient (RpcClient.java:createBucket(411)) - Creating Bucket: testblockoutputstream/testblockoutputstream, with Versioning false and Storage Type set to DISK and Encryption set to false 
2019-10-21 09:49:25,502 [RatisPipelineUtilsThread] INFO  pipeline.PipelineStateManager (PipelineStateManager.java:addPipeline(56)) - Created pipeline Pipeline[ Id: 814b1656-5594-4543-8c52-7e243a35ab8c, Nodes: f4df8662-7415-4036-ac96-ff2b1bb6586f{ip: 192.168.34.51, host: pr-hdds-2291-fkckm-1634098129, networkLocation: /default-rack, certSerialId: null}, Type:RATIS, Factor:ONE, State:OPEN]
2019-10-21 09:49:25,507 [grpc-default-executor-1] INFO  impl.RaftServerProxy (RaftServerProxy.java:addNew(89)) - 95a31197-fbd9-42e6-8925-3f078625a966: addNew group-B73E171685C0:[95a31197-fbd9-42e6-8925-3f078625a966:192.168.34.51:42364] returns group-B73E171685C0:java.util.concurrent.CompletableFuture@35cf916f[Not completed]
2019-10-21 09:49:25,508 [pool-649-thread-1] INFO  impl.RaftServerImpl (RaftServerImpl.java:<init>(95)) - 95a31197-fbd9-42e6-8925-3f078625a966: new RaftServerImpl for group-B73E171685C0:[95a31197-fbd9-42e6-8925-3f078625a966:192.168.34.51:42364] with ContainerStateMachine:uninitialized
2019-10-21 09:49:25,508 [pool-649-thread-1] INFO  server.RaftServerConfigKeys (ConfUtils.java:logGet(43)) - raft.server.rpc.timeout.min = 5s (custom)
2019-10-21 09:49:25,508 [pool-649-thread-1] INFO  server.RaftServerConfigKeys (ConfUtils.java:logGet(43)) - raft.server.rpc.timeout.max = 5200ms (custom)
2019-10-21 09:49:25,508 [pool-649-thread-1] INFO  server.RaftServerConfigKeys (ConfUtils.java:logGet(43)) - raft.server.rpcslowness.timeout = 120s (custom)
2019-10-21 09:49:25,508 [pool-649-thread-1] INFO  server.RaftServerConfigKeys (ConfUtils.java:logGet(43)) - raft.server.sleep.deviation.threshold = 300 (default)
2019-10-21 09:49:25,508 [pool-649-thread-1] INFO  server.RaftServerConfigKeys (ConfUtils.java:logGet(43)) - raft.server.log.appender.install.snapshot.enabled = false (custom)
2019-10-21 09:49:25,508 [pool-649-thread-1] INFO  impl.RaftServerImpl (ServerState.java:<init>(103)) - 95a31197-fbd9-42e6-8925-3f078625a966@group-B73E171685C0: ConfigurationManager, init=-1: [95a31197-fbd9-42e6-8925-3f078625a966:192.168.34.51:42364], old=null, confs=<EMPTY_MAP>
2019-10-21 09:49:25,508 [pool-649-thread-1] INFO  server.RaftServerConfigKeys (ConfUtils.java:logGet(43)) - raft.server.storage.dir = [/workdir/hadoop-ozone/integration-test/target/test-dir/MiniOzoneClusterImpl-4293bdbb-7b7b-4247-8a28-8ef3a725fd91/datanode-6/data/ratis] (custom)
2019-10-21 09:49:25,509 [pool-649-thread-1] INFO  server.RaftServerConfigKeys (ConfUtils.java:logGet(43)) - raft.server.log.corruption.policy = EXCEPTION (default)
2019-10-21 09:49:25,509 [pool-649-thread-1] INFO  storage.RaftStorageDirectory (RaftStorageDirectory.java:analyzeStorage(246)) - The storage directory /workdir/hadoop-ozone/integration-test/target/test-dir/MiniOzoneClusterImpl-4293bdbb-7b7b-4247-8a28-8ef3a725fd91/datanode-6/data/ratis/8b9af713-2a63-4661-8cab-b73e171685c0 does not exist. Creating ...
2019-10-21 09:49:25,522 [pool-649-thread-1] INFO  storage.RaftStorageDirectory (RaftStorageDirectory.java:tryLock(328)) - Lock on /workdir/hadoop-ozone/integration-test/target/test-dir/MiniOzoneClusterImpl-4293bdbb-7b7b-4247-8a28-8ef3a725fd91/datanode-6/data/ratis/8b9af713-2a63-4661-8cab-b73e171685c0/in_use.lock acquired by nodename 1371@pr-hdds-2291-fkckm-1634098129
2019-10-21 09:49:25,534 [pool-649-thread-1] INFO  storage.RaftStorage (RaftStorage.java:format(84)) - Storage directory /workdir/hadoop-ozone/integration-test/target/test-dir/MiniOzoneClusterImpl-4293bdbb-7b7b-4247-8a28-8ef3a725fd91/datanode-6/data/ratis/8b9af713-2a63-4661-8cab-b73e171685c0 has been successfully formatted.
2019-10-21 09:49:25,534 [pool-649-thread-1] INFO  ratis.ContainerStateMachine (ContainerStateMachine.java:loadSnapshot(231)) - group-B73E171685C0: The snapshot info is null. Setting the last applied indexto:(t:0, i:~)
2019-10-21 09:49:25,534 [pool-649-thread-1] INFO  server.RaftServerConfigKeys (ConfUtils.java:logGet(43)) - raft.server.notification.no-leader.timeout = 120s (custom)
2019-10-21 09:49:25,534 [pool-649-thread-1] INFO  server.RaftServerConfigKeys (ConfUtils.java:logGet(43)) - raft.server.log.use.memory = false (default)
2019-10-21 09:49:25,535 [pool-649-thread-1] INFO  server.RaftServerConfigKeys (ConfUtils.java:logGet(43)) - raft.server.log.purge.gap = 1000000 (custom)
2019-10-21 09:49:25,535 [pool-649-thread-1] INFO  server.RaftServerConfigKeys (ConfUtils.java:logGet(43)) - raft.server.log.appender.buffer.byte-limit = 33554432 (custom)
2019-10-21 09:49:25,535 [pool-649-thread-1] INFO  server.RaftServerConfigKeys (ConfUtils.java:logGet(43)) - raft.server.log.segment.size.max = 1048576 (custom)
2019-10-21 09:49:25,536 [pool-649-thread-1] INFO  server.RaftServerConfigKeys (ConfUtils.java:logGet(43)) - raft.server.log.segment.cache.num.max = 2 (custom)
2019-10-21 09:49:25,536 [pool-649-thread-1] INFO  segmented.SegmentedRaftLogWorker (SegmentedRaftLogWorker.java:<init>(173)) - new 95a31197-fbd9-42e6-8925-3f078625a966@group-B73E171685C0-SegmentedRaftLogWorker for RaftStorage:Storage Directory /workdir/hadoop-ozone/integration-test/target/test-dir/MiniOzoneClusterImpl-4293bdbb-7b7b-4247-8a28-8ef3a725fd91/datanode-6/data/ratis/8b9af713-2a63-4661-8cab-b73e171685c0
2019-10-21 09:49:25,536 [pool-649-thread-1] INFO  server.RaftServerConfigKeys (ConfUtils.java:logGet(43)) - raft.server.log.queue.byte-limit = 2147483647 (custom)
2019-10-21 09:49:25,536 [pool-649-thread-1] INFO  server.RaftServerConfigKeys (ConfUtils.java:logGet(43)) - raft.server.log.queue.element-limit = 1024 (custom)
2019-10-21 09:49:25,536 [pool-649-thread-1] INFO  server.RaftServerConfigKeys (ConfUtils.java:logGet(43)) - raft.server.log.segment.size.max = 1048576 (custom)
2019-10-21 09:49:25,537 [pool-649-thread-1] INFO  server.RaftServerConfigKeys (ConfUtils.java:logGet(43)) - raft.server.log.preallocated.size = 16384 (custom)
2019-10-21 09:49:25,537 [pool-649-thread-1] INFO  server.RaftServerConfigKeys (ConfUtils.java:logGet(43)) - raft.server.log.write.buffer.size = 33554432 (custom)
2019-10-21 09:49:25,537 [pool-649-thread-1] INFO  server.RaftServerConfigKeys (ConfUtils.java:logGet(43)) - raft.server.log.force.sync.num = 128 (default)
2019-10-21 09:49:25,537 [pool-649-thread-1] INFO  server.RaftServerConfigKeys (ConfUtils.java:logGet(43)) - raft.server.log.statemachine.data.sync = true (default)
2019-10-21 09:49:25,537 [pool-649-thread-1] INFO  server.RaftServerConfigKeys (ConfUtils.java:logGet(43)) - raft.server.log.statemachine.data.sync.timeout = 10s (default)
2019-10-21 09:49:25,537 [pool-649-thread-1] INFO  server.RaftServerConfigKeys (ConfUtils.java:logGet(43)) - raft.server.log.statemachine.data.sync.timeout.retry = -1 (default)
2019-10-21 09:49:25,537 [pool-649-thread-1] INFO  server.RaftServerConfigKeys (ConfUtils.java:logGet(43)) - raft.server.log.statemachine.data.caching.enabled = true (custom)
2019-10-21 09:49:25,538 [pool-649-thread-1] INFO  segmented.SegmentedRaftLogWorker (SegmentedRaftLogWorker.java:lambda$new$0(128)) - 95a31197-fbd9-42e6-8925-3f078625a966@group-B73E171685C0-SegmentedRaftLogWorker: flushIndex: setUnconditionally 0 -> -1
2019-10-21 09:49:25,538 [pool-649-thread-1] INFO  server.RaftServerConfigKeys (ConfUtils.java:logGet(43)) - raft.server.snapshot.auto.trigger.enabled = true (custom)
2019-10-21 09:49:25,538 [pool-649-thread-1] INFO  server.RaftServerConfigKeys (ConfUtils.java:logGet(43)) - raft.server.snapshot.auto.trigger.threshold = 10000 (custom)
2019-10-21 09:49:25,539 [pool-649-thread-1] INFO  server.RaftServerConfigKeys (ConfUtils.java:logGet(43)) - raft.server.snapshot.retention.file.num = 5 (custom)
2019-10-21 09:49:25,539 [pool-649-thread-1] INFO  server.RaftServerConfigKeys (ConfUtils.java:logGet(43)) - raft.server.retrycache.expirytime = 600000ms (custom)
2019-10-21 09:49:25,540 [pool-649-thread-1] INFO  impl.RaftServerImpl (RaftServerImpl.java:start(181)) - 95a31197-fbd9-42e6-8925-3f078625a966@group-B73E171685C0: start as a follower, conf=-1: [95a31197-fbd9-42e6-8925-3f078625a966:192.168.34.51:42364], old=null
2019-10-21 09:49:25,540 [pool-649-thread-1] INFO  impl.RaftServerImpl (RaftServerImpl.java:setRole(170)) - 95a31197-fbd9-42e6-8925-3f078625a966@group-B73E171685C0: changes role from      null to FOLLOWER at term 0 for startAsFollower
2019-10-21 09:49:25,540 [pool-649-thread-1] INFO  impl.RoleInfo (RoleInfo.java:updateAndGet(143)) - 95a31197-fbd9-42e6-8925-3f078625a966: start FollowerState
2019-10-21 09:49:25,540 [pool-649-thread-1] INFO  util.JmxRegister (JmxRegister.java:tryRegister(44)) - Successfully registered JMX Bean with object name Ratis:service=RaftServer,group=group-B73E171685C0,id=95a31197-fbd9-42e6-8925-3f078625a966
2019-10-21 09:49:25,544 [RatisPipelineUtilsThread] INFO  pipeline.PipelineStateManager (PipelineStateManager.java:addPipeline(56)) - Created pipeline Pipeline[ Id: 8b9af713-2a63-4661-8cab-b73e171685c0, Nodes: 95a31197-fbd9-42e6-8925-3f078625a966{ip: 192.168.34.51, host: pr-hdds-2291-fkckm-1634098129, networkLocation: /default-rack, certSerialId: null}, Type:RATIS, Factor:ONE, State:OPEN]
2019-10-21 09:49:25,552 [grpc-default-executor-11] INFO  impl.RaftServerProxy (RaftServerProxy.java:addNew(89)) - d677ca45-3229-47c7-9233-cddac554fc8b: addNew group-51560639F5B9:[95a31197-fbd9-42e6-8925-3f078625a966:192.168.34.51:42364, f4df8662-7415-4036-ac96-ff2b1bb6586f:192.168.34.51:37794, d677ca45-3229-47c7-9233-cddac554fc8b:192.168.34.51:35405] returns group-51560639F5B9:java.util.concurrent.CompletableFuture@2b78a7e8[Not completed]
2019-10-21 09:49:25,552 [grpc-default-executor-1] INFO  impl.RaftServerProxy (RaftServerProxy.java:addNew(89)) - f4df8662-7415-4036-ac96-ff2b1bb6586f: addNew group-51560639F5B9:[95a31197-fbd9-42e6-8925-3f078625a966:192.168.34.51:42364, f4df8662-7415-4036-ac96-ff2b1bb6586f:192.168.34.51:37794, d677ca45-3229-47c7-9233-cddac554fc8b:192.168.34.51:35405] returns group-51560639F5B9:java.util.concurrent.CompletableFuture@1499a7a[Not completed]
2019-10-21 09:49:25,552 [grpc-default-executor-11] INFO  impl.RaftServerProxy (RaftServerProxy.java:addNew(89)) - 95a31197-fbd9-42e6-8925-3f078625a966: addNew group-51560639F5B9:[95a31197-fbd9-42e6-8925-3f078625a966:192.168.34.51:42364, f4df8662-7415-4036-ac96-ff2b1bb6586f:192.168.34.51:37794, d677ca45-3229-47c7-9233-cddac554fc8b:192.168.34.51:35405] returns group-51560639F5B9:java.util.concurrent.CompletableFuture@4098bec3[Not completed]
2019-10-21 09:49:25,553 [pool-619-thread-1] INFO  impl.RaftServerImpl (RaftServerImpl.java:<init>(95)) - d677ca45-3229-47c7-9233-cddac554fc8b: new RaftServerImpl for group-51560639F5B9:[95a31197-fbd9-42e6-8925-3f078625a966:192.168.34.51:42364, f4df8662-7415-4036-ac96-ff2b1bb6586f:192.168.34.51:37794, d677ca45-3229-47c7-9233-cddac554fc8b:192.168.34.51:35405] with ContainerStateMachine:uninitialized
2019-10-21 09:49:25,553 [pool-619-thread-1] INFO  server.RaftServerConfigKeys (ConfUtils.java:logGet(43)) - raft.server.rpc.timeout.min = 5s (custom)
2019-10-21 09:49:25,553 [pool-619-thread-1] INFO  server.RaftServerConfigKeys (ConfUtils.java:logGet(43)) - raft.server.rpc.timeout.max = 5200ms (custom)
2019-10-21 09:49:25,553 [pool-619-thread-1] INFO  server.RaftServerConfigKeys (ConfUtils.java:logGet(43)) - raft.server.rpcslowness.timeout = 120s (custom)
2019-10-21 09:49:25,553 [pool-649-thread-1] INFO  impl.RaftServerImpl (RaftServerImpl.java:<init>(95)) - 95a31197-fbd9-42e6-8925-3f078625a966: new RaftServerImpl for group-51560639F5B9:[95a31197-fbd9-42e6-8925-3f078625a966:192.168.34.51:42364, f4df8662-7415-4036-ac96-ff2b1bb6586f:192.168.34.51:37794, d677ca45-3229-47c7-9233-cddac554fc8b:192.168.34.51:35405] with ContainerStateMachine:uninitialized
2019-10-21 09:49:25,553 [pool-619-thread-1] INFO  server.RaftServerConfigKeys (ConfUtils.java:logGet(43)) - raft.server.sleep.deviation.threshold = 300 (default)
2019-10-21 09:49:25,553 [pool-649-thread-1] INFO  server.RaftServerConfigKeys (ConfUtils.java:logGet(43)) - raft.server.rpc.timeout.min = 5s (custom)
2019-10-21 09:49:25,553 [pool-619-thread-1] INFO  server.RaftServerConfigKeys (ConfUtils.java:logGet(43)) - raft.server.log.appender.install.snapshot.enabled = false (custom)
2019-10-21 09:49:25,553 [pool-649-thread-1] INFO  server.RaftServerConfigKeys (ConfUtils.java:logGet(43)) - raft.server.rpc.timeout.max = 5200ms (custom)
2019-10-21 09:49:25,553 [pool-639-thread-1] INFO  impl.RaftServerImpl (RaftServerImpl.java:<init>(95)) - f4df8662-7415-4036-ac96-ff2b1bb6586f: new RaftServerImpl for group-51560639F5B9:[95a31197-fbd9-42e6-8925-3f078625a966:192.168.34.51:42364, f4df8662-7415-4036-ac96-ff2b1bb6586f:192.168.34.51:37794, d677ca45-3229-47c7-9233-cddac554fc8b:192.168.34.51:35405] with ContainerStateMachine:uninitialized
2019-10-21 09:49:25,553 [pool-619-thread-1] INFO  impl.RaftServerImpl (ServerState.java:<init>(103)) - d677ca45-3229-47c7-9233-cddac554fc8b@group-51560639F5B9: ConfigurationManager, init=-1: [95a31197-fbd9-42e6-8925-3f078625a966:192.168.34.51:42364, f4df8662-7415-4036-ac96-ff2b1bb6586f:192.168.34.51:37794, d677ca45-3229-47c7-9233-cddac554fc8b:192.168.34.51:35405], old=null, confs=<EMPTY_MAP>
2019-10-21 09:49:25,554 [pool-639-thread-1] INFO  server.RaftServerConfigKeys (ConfUtils.java:logGet(43)) - raft.server.rpc.timeout.min = 5s (custom)
2019-10-21 09:49:25,554 [pool-619-thread-1] INFO  server.RaftServerConfigKeys (ConfUtils.java:logGet(43)) - raft.server.storage.dir = [/workdir/hadoop-ozone/integration-test/target/test-dir/MiniOzoneClusterImpl-4293bdbb-7b7b-4247-8a28-8ef3a725fd91/datanode-3/data/ratis] (custom)
2019-10-21 09:49:25,553 [pool-649-thread-1] INFO  server.RaftServerConfigKeys (ConfUtils.java:logGet(43)) - raft.server.rpcslowness.timeout = 120s (custom)
2019-10-21 09:49:25,554 [pool-639-thread-1] INFO  server.RaftServerConfigKeys (ConfUtils.java:logGet(43)) - raft.server.rpc.timeout.max = 5200ms (custom)
2019-10-21 09:49:25,554 [pool-649-thread-1] INFO  server.RaftServerConfigKeys (ConfUtils.java:logGet(43)) - raft.server.sleep.deviation.threshold = 300 (default)
2019-10-21 09:49:25,554 [pool-619-thread-1] INFO  server.RaftServerConfigKeys (ConfUtils.java:logGet(43)) - raft.server.log.corruption.policy = EXCEPTION (default)
2019-10-21 09:49:25,554 [pool-639-thread-1] INFO  server.RaftServerConfigKeys (ConfUtils.java:logGet(43)) - raft.server.rpcslowness.timeout = 120s (custom)
2019-10-21 09:49:25,554 [pool-649-thread-1] INFO  server.RaftServerConfigKeys (ConfUtils.java:logGet(43)) - raft.server.log.appender.install.snapshot.enabled = false (custom)
2019-10-21 09:49:25,554 [pool-619-thread-1] INFO  storage.RaftStorageDirectory (RaftStorageDirectory.java:analyzeStorage(246)) - The storage directory /workdir/hadoop-ozone/integration-test/target/test-dir/MiniOzoneClusterImpl-4293bdbb-7b7b-4247-8a28-8ef3a725fd91/datanode-3/data/ratis/ba2b7668-2085-4e80-993d-51560639f5b9 does not exist. Creating ...
2019-10-21 09:49:25,554 [pool-639-thread-1] INFO  server.RaftServerConfigKeys (ConfUtils.java:logGet(43)) - raft.server.sleep.deviation.threshold = 300 (default)
2019-10-21 09:49:25,554 [pool-649-thread-1] INFO  impl.RaftServerImpl (ServerState.java:<init>(103)) - 95a31197-fbd9-42e6-8925-3f078625a966@group-51560639F5B9: ConfigurationManager, init=-1: [95a31197-fbd9-42e6-8925-3f078625a966:192.168.34.51:42364, f4df8662-7415-4036-ac96-ff2b1bb6586f:192.168.34.51:37794, d677ca45-3229-47c7-9233-cddac554fc8b:192.168.34.51:35405], old=null, confs=<EMPTY_MAP>
2019-10-21 09:49:25,554 [pool-639-thread-1] INFO  server.RaftServerConfigKeys (ConfUtils.java:logGet(43)) - raft.server.log.appender.install.snapshot.enabled = false (custom)
2019-10-21 09:49:25,554 [pool-649-thread-1] INFO  server.RaftServerConfigKeys (ConfUtils.java:logGet(43)) - raft.server.storage.dir = [/workdir/hadoop-ozone/integration-test/target/test-dir/MiniOzoneClusterImpl-4293bdbb-7b7b-4247-8a28-8ef3a725fd91/datanode-6/data/ratis] (custom)
2019-10-21 09:49:25,554 [pool-639-thread-1] INFO  impl.RaftServerImpl (ServerState.java:<init>(103)) - f4df8662-7415-4036-ac96-ff2b1bb6586f@group-51560639F5B9: ConfigurationManager, init=-1: [95a31197-fbd9-42e6-8925-3f078625a966:192.168.34.51:42364, f4df8662-7415-4036-ac96-ff2b1bb6586f:192.168.34.51:37794, d677ca45-3229-47c7-9233-cddac554fc8b:192.168.34.51:35405], old=null, confs=<EMPTY_MAP>
2019-10-21 09:49:25,555 [pool-639-thread-1] INFO  server.RaftServerConfigKeys (ConfUtils.java:logGet(43)) - raft.server.storage.dir = [/workdir/hadoop-ozone/integration-test/target/test-dir/MiniOzoneClusterImpl-4293bdbb-7b7b-4247-8a28-8ef3a725fd91/datanode-5/data/ratis] (custom)
2019-10-21 09:49:25,555 [pool-649-thread-1] INFO  server.RaftServerConfigKeys (ConfUtils.java:logGet(43)) - raft.server.log.corruption.policy = EXCEPTION (default)
2019-10-21 09:49:25,555 [pool-639-thread-1] INFO  server.RaftServerConfigKeys (ConfUtils.java:logGet(43)) - raft.server.log.corruption.policy = EXCEPTION (default)
2019-10-21 09:49:25,555 [pool-649-thread-1] INFO  storage.RaftStorageDirectory (RaftStorageDirectory.java:analyzeStorage(246)) - The storage directory /workdir/hadoop-ozone/integration-test/target/test-dir/MiniOzoneClusterImpl-4293bdbb-7b7b-4247-8a28-8ef3a725fd91/datanode-6/data/ratis/ba2b7668-2085-4e80-993d-51560639f5b9 does not exist. Creating ...
2019-10-21 09:49:25,555 [pool-639-thread-1] INFO  storage.RaftStorageDirectory (RaftStorageDirectory.java:analyzeStorage(246)) - The storage directory /workdir/hadoop-ozone/integration-test/target/test-dir/MiniOzoneClusterImpl-4293bdbb-7b7b-4247-8a28-8ef3a725fd91/datanode-5/data/ratis/ba2b7668-2085-4e80-993d-51560639f5b9 does not exist. Creating ...
2019-10-21 09:49:25,579 [pool-619-thread-1] INFO  storage.RaftStorageDirectory (RaftStorageDirectory.java:tryLock(328)) - Lock on /workdir/hadoop-ozone/integration-test/target/test-dir/MiniOzoneClusterImpl-4293bdbb-7b7b-4247-8a28-8ef3a725fd91/datanode-3/data/ratis/ba2b7668-2085-4e80-993d-51560639f5b9/in_use.lock acquired by nodename 1371@pr-hdds-2291-fkckm-1634098129
2019-10-21 09:49:25,579 [pool-649-thread-1] INFO  storage.RaftStorageDirectory (RaftStorageDirectory.java:tryLock(328)) - Lock on /workdir/hadoop-ozone/integration-test/target/test-dir/MiniOzoneClusterImpl-4293bdbb-7b7b-4247-8a28-8ef3a725fd91/datanode-6/data/ratis/ba2b7668-2085-4e80-993d-51560639f5b9/in_use.lock acquired by nodename 1371@pr-hdds-2291-fkckm-1634098129
2019-10-21 09:49:25,579 [pool-639-thread-1] INFO  storage.RaftStorageDirectory (RaftStorageDirectory.java:tryLock(328)) - Lock on /workdir/hadoop-ozone/integration-test/target/test-dir/MiniOzoneClusterImpl-4293bdbb-7b7b-4247-8a28-8ef3a725fd91/datanode-5/data/ratis/ba2b7668-2085-4e80-993d-51560639f5b9/in_use.lock acquired by nodename 1371@pr-hdds-2291-fkckm-1634098129
2019-10-21 09:49:25,601 [pool-619-thread-1] INFO  storage.RaftStorage (RaftStorage.java:format(84)) - Storage directory /workdir/hadoop-ozone/integration-test/target/test-dir/MiniOzoneClusterImpl-4293bdbb-7b7b-4247-8a28-8ef3a725fd91/datanode-3/data/ratis/ba2b7668-2085-4e80-993d-51560639f5b9 has been successfully formatted.
2019-10-21 09:49:25,601 [pool-649-thread-1] INFO  storage.RaftStorage (RaftStorage.java:format(84)) - Storage directory /workdir/hadoop-ozone/integration-test/target/test-dir/MiniOzoneClusterImpl-4293bdbb-7b7b-4247-8a28-8ef3a725fd91/datanode-6/data/ratis/ba2b7668-2085-4e80-993d-51560639f5b9 has been successfully formatted.
2019-10-21 09:49:25,601 [pool-619-thread-1] INFO  ratis.ContainerStateMachine (ContainerStateMachine.java:loadSnapshot(231)) - group-51560639F5B9: The snapshot info is null. Setting the last applied indexto:(t:0, i:~)
2019-10-21 09:49:25,601 [pool-639-thread-1] INFO  storage.RaftStorage (RaftStorage.java:format(84)) - Storage directory /workdir/hadoop-ozone/integration-test/target/test-dir/MiniOzoneClusterImpl-4293bdbb-7b7b-4247-8a28-8ef3a725fd91/datanode-5/data/ratis/ba2b7668-2085-4e80-993d-51560639f5b9 has been successfully formatted.
2019-10-21 09:49:25,602 [pool-649-thread-1] INFO  ratis.ContainerStateMachine (ContainerStateMachine.java:loadSnapshot(231)) - group-51560639F5B9: The snapshot info is null. Setting the last applied indexto:(t:0, i:~)
2019-10-21 09:49:25,602 [pool-619-thread-1] INFO  server.RaftServerConfigKeys (ConfUtils.java:logGet(43)) - raft.server.notification.no-leader.timeout = 120s (custom)
2019-10-21 09:49:25,602 [pool-649-thread-1] INFO  server.RaftServerConfigKeys (ConfUtils.java:logGet(43)) - raft.server.notification.no-leader.timeout = 120s (custom)
2019-10-21 09:49:25,602 [pool-639-thread-1] INFO  ratis.ContainerStateMachine (ContainerStateMachine.java:loadSnapshot(231)) - group-51560639F5B9: The snapshot info is null. Setting the last applied indexto:(t:0, i:~)
2019-10-21 09:49:25,602 [pool-649-thread-1] INFO  server.RaftServerConfigKeys (ConfUtils.java:logGet(43)) - raft.server.log.use.memory = false (default)
2019-10-21 09:49:25,602 [pool-619-thread-1] INFO  server.RaftServerConfigKeys (ConfUtils.java:logGet(43)) - raft.server.log.use.memory = false (default)
2019-10-21 09:49:25,602 [pool-649-thread-1] INFO  server.RaftServerConfigKeys (ConfUtils.java:logGet(43)) - raft.server.log.purge.gap = 1000000 (custom)
2019-10-21 09:49:25,602 [pool-639-thread-1] INFO  server.RaftServerConfigKeys (ConfUtils.java:logGet(43)) - raft.server.notification.no-leader.timeout = 120s (custom)
2019-10-21 09:49:25,603 [pool-649-thread-1] INFO  server.RaftServerConfigKeys (ConfUtils.java:logGet(43)) - raft.server.log.appender.buffer.byte-limit = 33554432 (custom)
2019-10-21 09:49:25,602 [pool-619-thread-1] INFO  server.RaftServerConfigKeys (ConfUtils.java:logGet(43)) - raft.server.log.purge.gap = 1000000 (custom)
2019-10-21 09:49:25,603 [pool-649-thread-1] INFO  server.RaftServerConfigKeys (ConfUtils.java:logGet(43)) - raft.server.log.segment.size.max = 1048576 (custom)
2019-10-21 09:49:25,603 [pool-639-thread-1] INFO  server.RaftServerConfigKeys (ConfUtils.java:logGet(43)) - raft.server.log.use.memory = false (default)
2019-10-21 09:49:25,603 [pool-649-thread-1] INFO  server.RaftServerConfigKeys (ConfUtils.java:logGet(43)) - raft.server.log.segment.cache.num.max = 2 (custom)
2019-10-21 09:49:25,603 [pool-619-thread-1] INFO  server.RaftServerConfigKeys (ConfUtils.java:logGet(43)) - raft.server.log.appender.buffer.byte-limit = 33554432 (custom)
2019-10-21 09:49:25,603 [pool-649-thread-1] INFO  segmented.SegmentedRaftLogWorker (SegmentedRaftLogWorker.java:<init>(173)) - new 95a31197-fbd9-42e6-8925-3f078625a966@group-51560639F5B9-SegmentedRaftLogWorker for RaftStorage:Storage Directory /workdir/hadoop-ozone/integration-test/target/test-dir/MiniOzoneClusterImpl-4293bdbb-7b7b-4247-8a28-8ef3a725fd91/datanode-6/data/ratis/ba2b7668-2085-4e80-993d-51560639f5b9
2019-10-21 09:49:25,603 [pool-639-thread-1] INFO  server.RaftServerConfigKeys (ConfUtils.java:logGet(43)) - raft.server.log.purge.gap = 1000000 (custom)
2019-10-21 09:49:25,603 [pool-649-thread-1] INFO  server.RaftServerConfigKeys (ConfUtils.java:logGet(43)) - raft.server.log.queue.byte-limit = 2147483647 (custom)
2019-10-21 09:49:25,603 [pool-619-thread-1] INFO  server.RaftServerConfigKeys (ConfUtils.java:logGet(43)) - raft.server.log.segment.size.max = 1048576 (custom)
2019-10-21 09:49:25,604 [pool-649-thread-1] INFO  server.RaftServerConfigKeys (ConfUtils.java:logGet(43)) - raft.server.log.queue.element-limit = 1024 (custom)
2019-10-21 09:49:25,604 [pool-639-thread-1] INFO  server.RaftServerConfigKeys (ConfUtils.java:logGet(43)) - raft.server.log.appender.buffer.byte-limit = 33554432 (custom)
2019-10-21 09:49:25,604 [pool-649-thread-1] INFO  server.RaftServerConfigKeys (ConfUtils.java:logGet(43)) - raft.server.log.segment.size.max = 1048576 (custom)
2019-10-21 09:49:25,604 [pool-619-thread-1] INFO  server.RaftServerConfigKeys (ConfUtils.java:logGet(43)) - raft.server.log.segment.cache.num.max = 2 (custom)
2019-10-21 09:49:25,604 [pool-649-thread-1] INFO  server.RaftServerConfigKeys (ConfUtils.java:logGet(43)) - raft.server.log.preallocated.size = 16384 (custom)
2019-10-21 09:49:25,604 [pool-639-thread-1] INFO  server.RaftServerConfigKeys (ConfUtils.java:logGet(43)) - raft.server.log.segment.size.max = 1048576 (custom)
2019-10-21 09:49:25,604 [pool-649-thread-1] INFO  server.RaftServerConfigKeys (ConfUtils.java:logGet(43)) - raft.server.log.write.buffer.size = 33554432 (custom)
2019-10-21 09:49:25,604 [pool-619-thread-1] INFO  segmented.SegmentedRaftLogWorker (SegmentedRaftLogWorker.java:<init>(173)) - new d677ca45-3229-47c7-9233-cddac554fc8b@group-51560639F5B9-SegmentedRaftLogWorker for RaftStorage:Storage Directory /workdir/hadoop-ozone/integration-test/target/test-dir/MiniOzoneClusterImpl-4293bdbb-7b7b-4247-8a28-8ef3a725fd91/datanode-3/data/ratis/ba2b7668-2085-4e80-993d-51560639f5b9
2019-10-21 09:49:25,604 [pool-649-thread-1] INFO  server.RaftServerConfigKeys (ConfUtils.java:logGet(43)) - raft.server.log.force.sync.num = 128 (default)
2019-10-21 09:49:25,604 [pool-639-thread-1] INFO  server.RaftServerConfigKeys (ConfUtils.java:logGet(43)) - raft.server.log.segment.cache.num.max = 2 (custom)
2019-10-21 09:49:25,605 [pool-649-thread-1] INFO  server.RaftServerConfigKeys (ConfUtils.java:logGet(43)) - raft.server.log.statemachine.data.sync = true (default)
2019-10-21 09:49:25,605 [pool-619-thread-1] INFO  server.RaftServerConfigKeys (ConfUtils.java:logGet(43)) - raft.server.log.queue.byte-limit = 2147483647 (custom)
2019-10-21 09:49:25,605 [pool-649-thread-1] INFO  server.RaftServerConfigKeys (ConfUtils.java:logGet(43)) - raft.server.log.statemachine.data.sync.timeout = 10s (default)
2019-10-21 09:49:25,605 [pool-639-thread-1] INFO  segmented.SegmentedRaftLogWorker (SegmentedRaftLogWorker.java:<init>(173)) - new f4df8662-7415-4036-ac96-ff2b1bb6586f@group-51560639F5B9-SegmentedRaftLogWorker for RaftStorage:Storage Directory /workdir/hadoop-ozone/integration-test/target/test-dir/MiniOzoneClusterImpl-4293bdbb-7b7b-4247-8a28-8ef3a725fd91/datanode-5/data/ratis/ba2b7668-2085-4e80-993d-51560639f5b9
2019-10-21 09:49:25,605 [pool-649-thread-1] INFO  server.RaftServerConfigKeys (ConfUtils.java:logGet(43)) - raft.server.log.statemachine.data.sync.timeout.retry = -1 (default)
2019-10-21 09:49:25,605 [pool-619-thread-1] INFO  server.RaftServerConfigKeys (ConfUtils.java:logGet(43)) - raft.server.log.queue.element-limit = 1024 (custom)
2019-10-21 09:49:25,605 [pool-649-thread-1] INFO  server.RaftServerConfigKeys (ConfUtils.java:logGet(43)) - raft.server.log.statemachine.data.caching.enabled = true (custom)
2019-10-21 09:49:25,605 [pool-639-thread-1] INFO  server.RaftServerConfigKeys (ConfUtils.java:logGet(43)) - raft.server.log.queue.byte-limit = 2147483647 (custom)
2019-10-21 09:49:25,606 [pool-649-thread-1] INFO  segmented.SegmentedRaftLogWorker (SegmentedRaftLogWorker.java:lambda$new$0(128)) - 95a31197-fbd9-42e6-8925-3f078625a966@group-51560639F5B9-SegmentedRaftLogWorker: flushIndex: setUnconditionally 0 -> -1
2019-10-21 09:49:25,606 [pool-619-thread-1] INFO  server.RaftServerConfigKeys (ConfUtils.java:logGet(43)) - raft.server.log.segment.size.max = 1048576 (custom)
2019-10-21 09:49:25,606 [pool-639-thread-1] INFO  server.RaftServerConfigKeys (ConfUtils.java:logGet(43)) - raft.server.log.queue.element-limit = 1024 (custom)
2019-10-21 09:49:25,606 [pool-649-thread-1] INFO  server.RaftServerConfigKeys (ConfUtils.java:logGet(43)) - raft.server.snapshot.auto.trigger.enabled = true (custom)
2019-10-21 09:49:25,606 [pool-619-thread-1] INFO  server.RaftServerConfigKeys (ConfUtils.java:logGet(43)) - raft.server.log.preallocated.size = 16384 (custom)
2019-10-21 09:49:25,606 [pool-649-thread-1] INFO  server.RaftServerConfigKeys (ConfUtils.java:logGet(43)) - raft.server.snapshot.auto.trigger.threshold = 10000 (custom)
2019-10-21 09:49:25,606 [pool-639-thread-1] INFO  server.RaftServerConfigKeys (ConfUtils.java:logGet(43)) - raft.server.log.segment.size.max = 1048576 (custom)
2019-10-21 09:49:25,606 [pool-649-thread-1] INFO  server.RaftServerConfigKeys (ConfUtils.java:logGet(43)) - raft.server.snapshot.retention.file.num = 5 (custom)
2019-10-21 09:49:25,606 [pool-619-thread-1] INFO  server.RaftServerConfigKeys (ConfUtils.java:logGet(43)) - raft.server.log.write.buffer.size = 33554432 (custom)
2019-10-21 09:49:25,607 [pool-649-thread-1] INFO  server.RaftServerConfigKeys (ConfUtils.java:logGet(43)) - raft.server.retrycache.expirytime = 600000ms (custom)
2019-10-21 09:49:25,606 [pool-639-thread-1] INFO  server.RaftServerConfigKeys (ConfUtils.java:logGet(43)) - raft.server.log.preallocated.size = 16384 (custom)
2019-10-21 09:49:25,607 [pool-619-thread-1] INFO  server.RaftServerConfigKeys (ConfUtils.java:logGet(43)) - raft.server.log.force.sync.num = 128 (default)
2019-10-21 09:49:25,607 [pool-639-thread-1] INFO  server.RaftServerConfigKeys (ConfUtils.java:logGet(43)) - raft.server.log.write.buffer.size = 33554432 (custom)
2019-10-21 09:49:25,607 [pool-619-thread-1] INFO  server.RaftServerConfigKeys (ConfUtils.java:logGet(43)) - raft.server.log.statemachine.data.sync = true (default)
2019-10-21 09:49:25,607 [pool-639-thread-1] INFO  server.RaftServerConfigKeys (ConfUtils.java:logGet(43)) - raft.server.log.force.sync.num = 128 (default)
2019-10-21 09:49:25,607 [pool-619-thread-1] INFO  server.RaftServerConfigKeys (ConfUtils.java:logGet(43)) - raft.server.log.statemachine.data.sync.timeout = 10s (default)
2019-10-21 09:49:25,607 [pool-639-thread-1] INFO  server.RaftServerConfigKeys (ConfUtils.java:logGet(43)) - raft.server.log.statemachine.data.sync = true (default)
2019-10-21 09:49:25,607 [pool-619-thread-1] INFO  server.RaftServerConfigKeys (ConfUtils.java:logGet(43)) - raft.server.log.statemachine.data.sync.timeout.retry = -1 (default)
2019-10-21 09:49:25,607 [pool-639-thread-1] INFO  server.RaftServerConfigKeys (ConfUtils.java:logGet(43)) - raft.server.log.statemachine.data.sync.timeout = 10s (default)
2019-10-21 09:49:25,608 [pool-619-thread-1] INFO  server.RaftServerConfigKeys (ConfUtils.java:logGet(43)) - raft.server.log.statemachine.data.caching.enabled = true (custom)
2019-10-21 09:49:25,608 [pool-639-thread-1] INFO  server.RaftServerConfigKeys (ConfUtils.java:logGet(43)) - raft.server.log.statemachine.data.sync.timeout.retry = -1 (default)
2019-10-21 09:49:25,608 [pool-619-thread-1] INFO  segmented.SegmentedRaftLogWorker (SegmentedRaftLogWorker.java:lambda$new$0(128)) - d677ca45-3229-47c7-9233-cddac554fc8b@group-51560639F5B9-SegmentedRaftLogWorker: flushIndex: setUnconditionally 0 -> -1
2019-10-21 09:49:25,608 [pool-639-thread-1] INFO  server.RaftServerConfigKeys (ConfUtils.java:logGet(43)) - raft.server.log.statemachine.data.caching.enabled = true (custom)
2019-10-21 09:49:25,608 [pool-619-thread-1] INFO  server.RaftServerConfigKeys (ConfUtils.java:logGet(43)) - raft.server.snapshot.auto.trigger.enabled = true (custom)
2019-10-21 09:49:25,608 [pool-649-thread-1] INFO  impl.RaftServerImpl (RaftServerImpl.java:start(181)) - 95a31197-fbd9-42e6-8925-3f078625a966@group-51560639F5B9: start as a follower, conf=-1: [95a31197-fbd9-42e6-8925-3f078625a966:192.168.34.51:42364, f4df8662-7415-4036-ac96-ff2b1bb6586f:192.168.34.51:37794, d677ca45-3229-47c7-9233-cddac554fc8b:192.168.34.51:35405], old=null
2019-10-21 09:49:25,608 [pool-639-thread-1] INFO  segmented.SegmentedRaftLogWorker (SegmentedRaftLogWorker.java:lambda$new$0(128)) - f4df8662-7415-4036-ac96-ff2b1bb6586f@group-51560639F5B9-SegmentedRaftLogWorker: flushIndex: setUnconditionally 0 -> -1
2019-10-21 09:49:25,608 [pool-619-thread-1] INFO  server.RaftServerConfigKeys (ConfUtils.java:logGet(43)) - raft.server.snapshot.auto.trigger.threshold = 10000 (custom)
2019-10-21 09:49:25,608 [pool-649-thread-1] INFO  impl.RaftServerImpl (RaftServerImpl.java:setRole(170)) - 95a31197-fbd9-42e6-8925-3f078625a966@group-51560639F5B9: changes role from      null to FOLLOWER at term 0 for startAsFollower
2019-10-21 09:49:25,609 [pool-639-thread-1] INFO  server.RaftServerConfigKeys (ConfUtils.java:logGet(43)) - raft.server.snapshot.auto.trigger.enabled = true (custom)
2019-10-21 09:49:25,608 [pool-619-thread-1] INFO  server.RaftServerConfigKeys (ConfUtils.java:logGet(43)) - raft.server.snapshot.retention.file.num = 5 (custom)
2019-10-21 09:49:25,609 [pool-639-thread-1] INFO  server.RaftServerConfigKeys (ConfUtils.java:logGet(43)) - raft.server.snapshot.auto.trigger.threshold = 10000 (custom)
2019-10-21 09:49:25,609 [pool-649-thread-1] INFO  impl.RoleInfo (RoleInfo.java:updateAndGet(143)) - 95a31197-fbd9-42e6-8925-3f078625a966: start FollowerState
2019-10-21 09:49:25,609 [pool-639-thread-1] INFO  server.RaftServerConfigKeys (ConfUtils.java:logGet(43)) - raft.server.snapshot.retention.file.num = 5 (custom)
2019-10-21 09:49:25,609 [pool-619-thread-1] INFO  server.RaftServerConfigKeys (ConfUtils.java:logGet(43)) - raft.server.retrycache.expirytime = 600000ms (custom)
2019-10-21 09:49:25,609 [pool-649-thread-1] INFO  util.JmxRegister (JmxRegister.java:tryRegister(44)) - Successfully registered JMX Bean with object name Ratis:service=RaftServer,group=group-51560639F5B9,id=95a31197-fbd9-42e6-8925-3f078625a966
2019-10-21 09:49:25,609 [pool-639-thread-1] INFO  server.RaftServerConfigKeys (ConfUtils.java:logGet(43)) - raft.server.retrycache.expirytime = 600000ms (custom)
2019-10-21 09:49:25,612 [pool-619-thread-1] INFO  impl.RaftServerImpl (RaftServerImpl.java:start(181)) - d677ca45-3229-47c7-9233-cddac554fc8b@group-51560639F5B9: start as a follower, conf=-1: [95a31197-fbd9-42e6-8925-3f078625a966:192.168.34.51:42364, f4df8662-7415-4036-ac96-ff2b1bb6586f:192.168.34.51:37794, d677ca45-3229-47c7-9233-cddac554fc8b:192.168.34.51:35405], old=null
2019-10-21 09:49:25,612 [pool-619-thread-1] INFO  impl.RaftServerImpl (RaftServerImpl.java:setRole(170)) - d677ca45-3229-47c7-9233-cddac554fc8b@group-51560639F5B9: changes role from      null to FOLLOWER at term 0 for startAsFollower
2019-10-21 09:49:25,612 [pool-619-thread-1] INFO  impl.RoleInfo (RoleInfo.java:updateAndGet(143)) - d677ca45-3229-47c7-9233-cddac554fc8b: start FollowerState
2019-10-21 09:49:25,612 [pool-619-thread-1] INFO  util.JmxRegister (JmxRegister.java:tryRegister(44)) - Successfully registered JMX Bean with object name Ratis:service=RaftServer,group=group-51560639F5B9,id=d677ca45-3229-47c7-9233-cddac554fc8b
2019-10-21 09:49:25,613 [pool-639-thread-1] INFO  impl.RaftServerImpl (RaftServerImpl.java:start(181)) - f4df8662-7415-4036-ac96-ff2b1bb6586f@group-51560639F5B9: start as a follower, conf=-1: [95a31197-fbd9-42e6-8925-3f078625a966:192.168.34.51:42364, f4df8662-7415-4036-ac96-ff2b1bb6586f:192.168.34.51:37794, d677ca45-3229-47c7-9233-cddac554fc8b:192.168.34.51:35405], old=null
2019-10-21 09:49:25,613 [pool-639-thread-1] INFO  impl.RaftServerImpl (RaftServerImpl.java:setRole(170)) - f4df8662-7415-4036-ac96-ff2b1bb6586f@group-51560639F5B9: changes role from      null to FOLLOWER at term 0 for startAsFollower
2019-10-21 09:49:25,613 [pool-639-thread-1] INFO  impl.RoleInfo (RoleInfo.java:updateAndGet(143)) - f4df8662-7415-4036-ac96-ff2b1bb6586f: start FollowerState
2019-10-21 09:49:25,613 [pool-639-thread-1] INFO  util.JmxRegister (JmxRegister.java:tryRegister(44)) - Successfully registered JMX Bean with object name Ratis:service=RaftServer,group=group-51560639F5B9,id=f4df8662-7415-4036-ac96-ff2b1bb6586f
2019-10-21 09:49:25,616 [RatisPipelineUtilsThread] INFO  pipeline.PipelineStateManager (PipelineStateManager.java:addPipeline(56)) - Created pipeline Pipeline[ Id: ba2b7668-2085-4e80-993d-51560639f5b9, Nodes: d677ca45-3229-47c7-9233-cddac554fc8b{ip: 192.168.34.51, host: pr-hdds-2291-fkckm-1634098129, networkLocation: /default-rack, certSerialId: null}f4df8662-7415-4036-ac96-ff2b1bb6586f{ip: 192.168.34.51, host: pr-hdds-2291-fkckm-1634098129, networkLocation: /default-rack, certSerialId: null}95a31197-fbd9-42e6-8925-3f078625a966{ip: 192.168.34.51, host: pr-hdds-2291-fkckm-1634098129, networkLocation: /default-rack, certSerialId: null}, Type:RATIS, Factor:THREE, State:OPEN]
2019-10-21 09:49:27,959 [Thread-4061] INFO  container.ReplicationManager (ReplicationManager.java:start(162)) - Starting Replication Monitor Thread.
2019-10-21 09:49:27,963 [ReplicationMonitor] INFO  container.ReplicationManager (ReplicationManager.java:run(225)) - Replication Monitor Thread took 0 milliseconds for processing 1 containers.
2019-10-21 09:49:30,069 [Thread-4063] INFO  impl.FollowerState (FollowerState.java:run(108)) - c2925b1d-00ad-4d76-9426-86b6c6682e26@group-0DD853AA751F-FollowerState: change to CANDIDATE, lastRpcTime:5064ms, electionTimeout:5064ms
2019-10-21 09:49:30,072 [Thread-4063] INFO  impl.RoleInfo (RoleInfo.java:shutdownFollowerState(121)) - c2925b1d-00ad-4d76-9426-86b6c6682e26: shutdown FollowerState
2019-10-21 09:49:30,072 [Thread-4063] INFO  impl.RaftServerImpl (RaftServerImpl.java:setRole(170)) - c2925b1d-00ad-4d76-9426-86b6c6682e26@group-0DD853AA751F: changes role from  FOLLOWER to CANDIDATE at term 0 for changeToCandidate
2019-10-21 09:49:30,072 [Thread-4063] INFO  impl.RoleInfo (RoleInfo.java:updateAndGet(143)) - c2925b1d-00ad-4d76-9426-86b6c6682e26: start LeaderElection
2019-10-21 09:49:30,100 [c2925b1d-00ad-4d76-9426-86b6c6682e26@group-0DD853AA751F-LeaderElection104] INFO  impl.LeaderElection (LeaderElection.java:askForVotes(178)) - c2925b1d-00ad-4d76-9426-86b6c6682e26@group-0DD853AA751F-LeaderElection104: begin an election at term 1 for -1: [c2925b1d-00ad-4d76-9426-86b6c6682e26:192.168.34.51:41872], old=null
2019-10-21 09:49:30,101 [c2925b1d-00ad-4d76-9426-86b6c6682e26@group-0DD853AA751F-LeaderElection104] INFO  impl.RoleInfo (RoleInfo.java:shutdownLeaderElection(134)) - c2925b1d-00ad-4d76-9426-86b6c6682e26: shutdown LeaderElection
2019-10-21 09:49:30,101 [c2925b1d-00ad-4d76-9426-86b6c6682e26@group-0DD853AA751F-LeaderElection104] INFO  impl.RaftServerImpl (RaftServerImpl.java:setRole(170)) - c2925b1d-00ad-4d76-9426-86b6c6682e26@group-0DD853AA751F: changes role from CANDIDATE to LEADER at term 1 for changeToLeader
2019-10-21 09:49:30,101 [c2925b1d-00ad-4d76-9426-86b6c6682e26@group-0DD853AA751F-LeaderElection104] INFO  impl.RaftServerImpl (ServerState.java:setLeader(255)) - c2925b1d-00ad-4d76-9426-86b6c6682e26@group-0DD853AA751F: change Leader from null to c2925b1d-00ad-4d76-9426-86b6c6682e26 at term 1 for becomeLeader, leader elected after 5102ms
2019-10-21 09:49:30,102 [c2925b1d-00ad-4d76-9426-86b6c6682e26@group-0DD853AA751F-LeaderElection104] INFO  server.RaftServerConfigKeys (ConfUtils.java:logGet(43)) - raft.server.staging.catchup.gap = 1000 (default)
2019-10-21 09:49:30,102 [c2925b1d-00ad-4d76-9426-86b6c6682e26@group-0DD853AA751F-LeaderElection104] INFO  server.RaftServerConfigKeys (ConfUtils.java:logGet(43)) - raft.server.rpc.sleep.time = 25ms (default)
2019-10-21 09:49:30,102 [c2925b1d-00ad-4d76-9426-86b6c6682e26@group-0DD853AA751F-LeaderElection104] INFO  server.RaftServerConfigKeys (ConfUtils.java:logGet(43)) - raft.server.write.element-limit = 4096 (default)
2019-10-21 09:49:30,103 [c2925b1d-00ad-4d76-9426-86b6c6682e26@group-0DD853AA751F-LeaderElection104] INFO  server.RaftServerConfigKeys (ConfUtils.java:logGet(43)) - raft.server.watch.timeout = 10s (default)
2019-10-21 09:49:30,103 [c2925b1d-00ad-4d76-9426-86b6c6682e26@group-0DD853AA751F-LeaderElection104] INFO  server.RaftServerConfigKeys (ConfUtils.java:logGet(43)) - raft.server.watch.timeout.denomination = 1s (default)
2019-10-21 09:49:30,103 [c2925b1d-00ad-4d76-9426-86b6c6682e26@group-0DD853AA751F-LeaderElection104] INFO  server.RaftServerConfigKeys (ConfUtils.java:logGet(43)) - raft.server.watch.element-limit = 65536 (default)
2019-10-21 09:49:30,108 [c2925b1d-00ad-4d76-9426-86b6c6682e26@group-0DD853AA751F-LeaderElection104] INFO  impl.RoleInfo (RoleInfo.java:updateAndGet(143)) - c2925b1d-00ad-4d76-9426-86b6c6682e26: start LeaderState
2019-10-21 09:49:30,110 [c2925b1d-00ad-4d76-9426-86b6c6682e26@group-0DD853AA751F-LeaderElection104] INFO  segmented.SegmentedRaftLogWorker (SegmentedRaftLogWorker.java:startLogSegment(385)) - c2925b1d-00ad-4d76-9426-86b6c6682e26@group-0DD853AA751F-SegmentedRaftLogWorker: Starting segment from index:0
2019-10-21 09:49:30,111 [c2925b1d-00ad-4d76-9426-86b6c6682e26@group-0DD853AA751F-LeaderElection104] INFO  impl.RaftServerImpl (ServerState.java:setRaftConf(356)) - c2925b1d-00ad-4d76-9426-86b6c6682e26@group-0DD853AA751F: set configuration 0: [c2925b1d-00ad-4d76-9426-86b6c6682e26:192.168.34.51:41872], old=null at 0
2019-10-21 09:49:30,152 [c2925b1d-00ad-4d76-9426-86b6c6682e26@group-0DD853AA751F-SegmentedRaftLogWorker] INFO  segmented.SegmentedRaftLogWorker (SegmentedRaftLogWorker.java:execute(574)) - c2925b1d-00ad-4d76-9426-86b6c6682e26@group-0DD853AA751F-SegmentedRaftLogWorker: created new log segment /workdir/hadoop-ozone/integration-test/target/test-dir/MiniOzoneClusterImpl-4293bdbb-7b7b-4247-8a28-8ef3a725fd91/datanode-0/data/ratis/1a98c18f-ba61-4420-8134-0dd853aa751f/current/log_inprogress_0
2019-10-21 09:49:30,202 [Thread-4066] INFO  impl.FollowerState (FollowerState.java:run(108)) - 54cc6ee4-85aa-4390-b29f-1c813cd489af@group-D2F00B31E8BD-FollowerState: change to CANDIDATE, lastRpcTime:5117ms, electionTimeout:5117ms
2019-10-21 09:49:30,203 [Thread-4066] INFO  impl.RoleInfo (RoleInfo.java:shutdownFollowerState(121)) - 54cc6ee4-85aa-4390-b29f-1c813cd489af: shutdown FollowerState
2019-10-21 09:49:30,203 [Thread-4066] INFO  impl.RaftServerImpl (RaftServerImpl.java:setRole(170)) - 54cc6ee4-85aa-4390-b29f-1c813cd489af@group-D2F00B31E8BD: changes role from  FOLLOWER to CANDIDATE at term 0 for changeToCandidate
2019-10-21 09:49:30,203 [Thread-4066] INFO  impl.RoleInfo (RoleInfo.java:updateAndGet(143)) - 54cc6ee4-85aa-4390-b29f-1c813cd489af: start LeaderElection
2019-10-21 09:49:30,221 [54cc6ee4-85aa-4390-b29f-1c813cd489af@group-D2F00B31E8BD-LeaderElection105] INFO  impl.LeaderElection (LeaderElection.java:askForVotes(178)) - 54cc6ee4-85aa-4390-b29f-1c813cd489af@group-D2F00B31E8BD-LeaderElection105: begin an election at term 1 for -1: [54cc6ee4-85aa-4390-b29f-1c813cd489af:192.168.34.51:46268], old=null
2019-10-21 09:49:30,221 [54cc6ee4-85aa-4390-b29f-1c813cd489af@group-D2F00B31E8BD-LeaderElection105] INFO  impl.RoleInfo (RoleInfo.java:shutdownLeaderElection(134)) - 54cc6ee4-85aa-4390-b29f-1c813cd489af: shutdown LeaderElection
2019-10-21 09:49:30,222 [54cc6ee4-85aa-4390-b29f-1c813cd489af@group-D2F00B31E8BD-LeaderElection105] INFO  impl.RaftServerImpl (RaftServerImpl.java:setRole(170)) - 54cc6ee4-85aa-4390-b29f-1c813cd489af@group-D2F00B31E8BD: changes role from CANDIDATE to LEADER at term 1 for changeToLeader
2019-10-21 09:49:30,222 [54cc6ee4-85aa-4390-b29f-1c813cd489af@group-D2F00B31E8BD-LeaderElection105] INFO  impl.RaftServerImpl (ServerState.java:setLeader(255)) - 54cc6ee4-85aa-4390-b29f-1c813cd489af@group-D2F00B31E8BD: change Leader from null to 54cc6ee4-85aa-4390-b29f-1c813cd489af at term 1 for becomeLeader, leader elected after 5141ms
2019-10-21 09:49:30,222 [54cc6ee4-85aa-4390-b29f-1c813cd489af@group-D2F00B31E8BD-LeaderElection105] INFO  server.RaftServerConfigKeys (ConfUtils.java:logGet(43)) - raft.server.staging.catchup.gap = 1000 (default)
2019-10-21 09:49:30,222 [54cc6ee4-85aa-4390-b29f-1c813cd489af@group-D2F00B31E8BD-LeaderElection105] INFO  server.RaftServerConfigKeys (ConfUtils.java:logGet(43)) - raft.server.rpc.sleep.time = 25ms (default)
2019-10-21 09:49:30,222 [54cc6ee4-85aa-4390-b29f-1c813cd489af@group-D2F00B31E8BD-LeaderElection105] INFO  server.RaftServerConfigKeys (ConfUtils.java:logGet(43)) - raft.server.write.element-limit = 4096 (default)
2019-10-21 09:49:30,222 [54cc6ee4-85aa-4390-b29f-1c813cd489af@group-D2F00B31E8BD-LeaderElection105] INFO  server.RaftServerConfigKeys (ConfUtils.java:logGet(43)) - raft.server.watch.timeout = 10s (default)
2019-10-21 09:49:30,222 [54cc6ee4-85aa-4390-b29f-1c813cd489af@group-D2F00B31E8BD-LeaderElection105] INFO  server.RaftServerConfigKeys (ConfUtils.java:logGet(43)) - raft.server.watch.timeout.denomination = 1s (default)
2019-10-21 09:49:30,222 [54cc6ee4-85aa-4390-b29f-1c813cd489af@group-D2F00B31E8BD-LeaderElection105] INFO  server.RaftServerConfigKeys (ConfUtils.java:logGet(43)) - raft.server.watch.element-limit = 65536 (default)
2019-10-21 09:49:30,223 [54cc6ee4-85aa-4390-b29f-1c813cd489af@group-D2F00B31E8BD-LeaderElection105] INFO  impl.RoleInfo (RoleInfo.java:updateAndGet(143)) - 54cc6ee4-85aa-4390-b29f-1c813cd489af: start LeaderState
2019-10-21 09:49:30,224 [54cc6ee4-85aa-4390-b29f-1c813cd489af@group-D2F00B31E8BD-LeaderElection105] INFO  segmented.SegmentedRaftLogWorker (SegmentedRaftLogWorker.java:startLogSegment(385)) - 54cc6ee4-85aa-4390-b29f-1c813cd489af@group-D2F00B31E8BD-SegmentedRaftLogWorker: Starting segment from index:0
2019-10-21 09:49:30,224 [54cc6ee4-85aa-4390-b29f-1c813cd489af@group-D2F00B31E8BD-LeaderElection105] INFO  impl.RaftServerImpl (ServerState.java:setRaftConf(356)) - 54cc6ee4-85aa-4390-b29f-1c813cd489af@group-D2F00B31E8BD: set configuration 0: [54cc6ee4-85aa-4390-b29f-1c813cd489af:192.168.34.51:46268], old=null at 0
2019-10-21 09:49:30,238 [Thread-4069] INFO  impl.FollowerState (FollowerState.java:run(108)) - dfb1800d-4985-4fe1-8971-c050908b89b5@group-A597346AADDB-FollowerState: change to CANDIDATE, lastRpcTime:5052ms, electionTimeout:5052ms
2019-10-21 09:49:30,238 [Thread-4069] INFO  impl.RoleInfo (RoleInfo.java:shutdownFollowerState(121)) - dfb1800d-4985-4fe1-8971-c050908b89b5: shutdown FollowerState
2019-10-21 09:49:30,238 [Thread-4069] INFO  impl.RaftServerImpl (RaftServerImpl.java:setRole(170)) - dfb1800d-4985-4fe1-8971-c050908b89b5@group-A597346AADDB: changes role from  FOLLOWER to CANDIDATE at term 0 for changeToCandidate
2019-10-21 09:49:30,238 [Thread-4069] INFO  impl.RoleInfo (RoleInfo.java:updateAndGet(143)) - dfb1800d-4985-4fe1-8971-c050908b89b5: start LeaderElection
2019-10-21 09:49:30,274 [54cc6ee4-85aa-4390-b29f-1c813cd489af@group-D2F00B31E8BD-SegmentedRaftLogWorker] INFO  segmented.SegmentedRaftLogWorker (SegmentedRaftLogWorker.java:execute(574)) - 54cc6ee4-85aa-4390-b29f-1c813cd489af@group-D2F00B31E8BD-SegmentedRaftLogWorker: created new log segment /workdir/hadoop-ozone/integration-test/target/test-dir/MiniOzoneClusterImpl-4293bdbb-7b7b-4247-8a28-8ef3a725fd91/datanode-1/data/ratis/11f5ad69-0e66-43f6-b1db-d2f00b31e8bd/current/log_inprogress_0
2019-10-21 09:49:30,274 [dfb1800d-4985-4fe1-8971-c050908b89b5@group-A597346AADDB-LeaderElection106] INFO  impl.LeaderElection (LeaderElection.java:askForVotes(178)) - dfb1800d-4985-4fe1-8971-c050908b89b5@group-A597346AADDB-LeaderElection106: begin an election at term 1 for -1: [dfb1800d-4985-4fe1-8971-c050908b89b5:192.168.34.51:41378], old=null
2019-10-21 09:49:30,275 [dfb1800d-4985-4fe1-8971-c050908b89b5@group-A597346AADDB-LeaderElection106] INFO  impl.RoleInfo (RoleInfo.java:shutdownLeaderElection(134)) - dfb1800d-4985-4fe1-8971-c050908b89b5: shutdown LeaderElection
2019-10-21 09:49:30,275 [dfb1800d-4985-4fe1-8971-c050908b89b5@group-A597346AADDB-LeaderElection106] INFO  impl.RaftServerImpl (RaftServerImpl.java:setRole(170)) - dfb1800d-4985-4fe1-8971-c050908b89b5@group-A597346AADDB: changes role from CANDIDATE to LEADER at term 1 for changeToLeader
2019-10-21 09:49:30,275 [dfb1800d-4985-4fe1-8971-c050908b89b5@group-A597346AADDB-LeaderElection106] INFO  impl.RaftServerImpl (ServerState.java:setLeader(255)) - dfb1800d-4985-4fe1-8971-c050908b89b5@group-A597346AADDB: change Leader from null to dfb1800d-4985-4fe1-8971-c050908b89b5 at term 1 for becomeLeader, leader elected after 5095ms
2019-10-21 09:49:30,275 [dfb1800d-4985-4fe1-8971-c050908b89b5@group-A597346AADDB-LeaderElection106] INFO  server.RaftServerConfigKeys (ConfUtils.java:logGet(43)) - raft.server.staging.catchup.gap = 1000 (default)
2019-10-21 09:49:30,275 [dfb1800d-4985-4fe1-8971-c050908b89b5@group-A597346AADDB-LeaderElection106] INFO  server.RaftServerConfigKeys (ConfUtils.java:logGet(43)) - raft.server.rpc.sleep.time = 25ms (default)
2019-10-21 09:49:30,275 [dfb1800d-4985-4fe1-8971-c050908b89b5@group-A597346AADDB-LeaderElection106] INFO  server.RaftServerConfigKeys (ConfUtils.java:logGet(43)) - raft.server.write.element-limit = 4096 (default)
2019-10-21 09:49:30,275 [dfb1800d-4985-4fe1-8971-c050908b89b5@group-A597346AADDB-LeaderElection106] INFO  server.RaftServerConfigKeys (ConfUtils.java:logGet(43)) - raft.server.watch.timeout = 10s (default)
2019-10-21 09:49:30,275 [dfb1800d-4985-4fe1-8971-c050908b89b5@group-A597346AADDB-LeaderElection106] INFO  server.RaftServerConfigKeys (ConfUtils.java:logGet(43)) - raft.server.watch.timeout.denomination = 1s (default)
2019-10-21 09:49:30,275 [dfb1800d-4985-4fe1-8971-c050908b89b5@group-A597346AADDB-LeaderElection106] INFO  server.RaftServerConfigKeys (ConfUtils.java:logGet(43)) - raft.server.watch.element-limit = 65536 (default)
2019-10-21 09:49:30,276 [dfb1800d-4985-4fe1-8971-c050908b89b5@group-A597346AADDB-LeaderElection106] INFO  impl.RoleInfo (RoleInfo.java:updateAndGet(143)) - dfb1800d-4985-4fe1-8971-c050908b89b5: start LeaderState
2019-10-21 09:49:30,276 [dfb1800d-4985-4fe1-8971-c050908b89b5@group-A597346AADDB-LeaderElection106] INFO  segmented.SegmentedRaftLogWorker (SegmentedRaftLogWorker.java:startLogSegment(385)) - dfb1800d-4985-4fe1-8971-c050908b89b5@group-A597346AADDB-SegmentedRaftLogWorker: Starting segment from index:0
2019-10-21 09:49:30,277 [dfb1800d-4985-4fe1-8971-c050908b89b5@group-A597346AADDB-LeaderElection106] INFO  impl.RaftServerImpl (ServerState.java:setRaftConf(356)) - dfb1800d-4985-4fe1-8971-c050908b89b5@group-A597346AADDB: set configuration 0: [dfb1800d-4985-4fe1-8971-c050908b89b5:192.168.34.51:41378], old=null at 0
2019-10-21 09:49:30,310 [Thread-4077] INFO  impl.FollowerState (FollowerState.java:run(108)) - c2925b1d-00ad-4d76-9426-86b6c6682e26@group-B22C93FBFD06-FollowerState: change to CANDIDATE, lastRpcTime:5055ms, electionTimeout:5055ms
2019-10-21 09:49:30,311 [Thread-4077] INFO  impl.RoleInfo (RoleInfo.java:shutdownFollowerState(121)) - c2925b1d-00ad-4d76-9426-86b6c6682e26: shutdown FollowerState
2019-10-21 09:49:30,311 [Thread-4077] INFO  impl.RaftServerImpl (RaftServerImpl.java:setRole(170)) - c2925b1d-00ad-4d76-9426-86b6c6682e26@group-B22C93FBFD06: changes role from  FOLLOWER to CANDIDATE at term 0 for changeToCandidate
2019-10-21 09:49:30,311 [Thread-4077] INFO  impl.RoleInfo (RoleInfo.java:updateAndGet(143)) - c2925b1d-00ad-4d76-9426-86b6c6682e26: start LeaderElection
2019-10-21 09:49:30,325 [Thread-4072] INFO  impl.FollowerState (FollowerState.java:run(108)) - 54cc6ee4-85aa-4390-b29f-1c813cd489af@group-B22C93FBFD06-FollowerState: change to CANDIDATE, lastRpcTime:5073ms, electionTimeout:5073ms
2019-10-21 09:49:30,325 [Thread-4072] INFO  impl.RoleInfo (RoleInfo.java:shutdownFollowerState(121)) - 54cc6ee4-85aa-4390-b29f-1c813cd489af: shutdown FollowerState
2019-10-21 09:49:30,325 [Thread-4072] INFO  impl.RaftServerImpl (RaftServerImpl.java:setRole(170)) - 54cc6ee4-85aa-4390-b29f-1c813cd489af@group-B22C93FBFD06: changes role from  FOLLOWER to CANDIDATE at term 0 for changeToCandidate
2019-10-21 09:49:30,325 [Thread-4072] INFO  impl.RoleInfo (RoleInfo.java:updateAndGet(143)) - 54cc6ee4-85aa-4390-b29f-1c813cd489af: start LeaderElection
2019-10-21 09:49:30,336 [dfb1800d-4985-4fe1-8971-c050908b89b5@group-A597346AADDB-SegmentedRaftLogWorker] INFO  segmented.SegmentedRaftLogWorker (SegmentedRaftLogWorker.java:execute(574)) - dfb1800d-4985-4fe1-8971-c050908b89b5@group-A597346AADDB-SegmentedRaftLogWorker: created new log segment /workdir/hadoop-ozone/integration-test/target/test-dir/MiniOzoneClusterImpl-4293bdbb-7b7b-4247-8a28-8ef3a725fd91/datanode-2/data/ratis/ce9090f9-11ae-4ba3-8637-a597346aaddb/current/log_inprogress_0
2019-10-21 09:49:30,336 [c2925b1d-00ad-4d76-9426-86b6c6682e26@group-B22C93FBFD06-LeaderElection107] INFO  impl.LeaderElection (LeaderElection.java:askForVotes(178)) - c2925b1d-00ad-4d76-9426-86b6c6682e26@group-B22C93FBFD06-LeaderElection107: begin an election at term 1 for -1: [54cc6ee4-85aa-4390-b29f-1c813cd489af:192.168.34.51:46268, dfb1800d-4985-4fe1-8971-c050908b89b5:192.168.34.51:41378, c2925b1d-00ad-4d76-9426-86b6c6682e26:192.168.34.51:41872], old=null
2019-10-21 09:49:30,340 [grpc-default-executor-1] INFO  impl.RaftServerImpl (RaftServerImpl.java:setRole(170)) - dfb1800d-4985-4fe1-8971-c050908b89b5@group-B22C93FBFD06: changes role from  FOLLOWER to FOLLOWER at term 1 for recognizeCandidate:c2925b1d-00ad-4d76-9426-86b6c6682e26
2019-10-21 09:49:30,341 [grpc-default-executor-1] INFO  impl.RoleInfo (RoleInfo.java:shutdownFollowerState(121)) - dfb1800d-4985-4fe1-8971-c050908b89b5: shutdown FollowerState
2019-10-21 09:49:30,341 [grpc-default-executor-1] INFO  impl.RoleInfo (RoleInfo.java:updateAndGet(143)) - dfb1800d-4985-4fe1-8971-c050908b89b5: start FollowerState
2019-10-21 09:49:30,341 [Thread-4079] INFO  impl.FollowerState (FollowerState.java:run(117)) - dfb1800d-4985-4fe1-8971-c050908b89b5@group-B22C93FBFD06-FollowerState was interrupted: java.lang.InterruptedException: sleep interrupted
2019-10-21 09:49:30,350 [54cc6ee4-85aa-4390-b29f-1c813cd489af@group-B22C93FBFD06-LeaderElection108] INFO  impl.LeaderElection (LeaderElection.java:askForVotes(178)) - 54cc6ee4-85aa-4390-b29f-1c813cd489af@group-B22C93FBFD06-LeaderElection108: begin an election at term 1 for -1: [54cc6ee4-85aa-4390-b29f-1c813cd489af:192.168.34.51:46268, dfb1800d-4985-4fe1-8971-c050908b89b5:192.168.34.51:41378, c2925b1d-00ad-4d76-9426-86b6c6682e26:192.168.34.51:41872], old=null
2019-10-21 09:49:30,353 [c2925b1d-00ad-4d76-9426-86b6c6682e26@group-B22C93FBFD06-LeaderElection107] INFO  impl.LeaderElection (LeaderElection.java:logAndReturn(56)) - c2925b1d-00ad-4d76-9426-86b6c6682e26@group-B22C93FBFD06-LeaderElection107: Election PASSED; received 2 response(s) [c2925b1d-00ad-4d76-9426-86b6c6682e26<-54cc6ee4-85aa-4390-b29f-1c813cd489af#0:FAIL-t1, c2925b1d-00ad-4d76-9426-86b6c6682e26<-dfb1800d-4985-4fe1-8971-c050908b89b5#0:OK-t1] and 0 exception(s); c2925b1d-00ad-4d76-9426-86b6c6682e26@group-B22C93FBFD06:t1, leader=null, voted=c2925b1d-00ad-4d76-9426-86b6c6682e26, raftlog=c2925b1d-00ad-4d76-9426-86b6c6682e26@group-B22C93FBFD06-SegmentedRaftLog:OPENED:c-1,f-1,i0, conf=-1: [54cc6ee4-85aa-4390-b29f-1c813cd489af:192.168.34.51:46268, dfb1800d-4985-4fe1-8971-c050908b89b5:192.168.34.51:41378, c2925b1d-00ad-4d76-9426-86b6c6682e26:192.168.34.51:41872], old=null
2019-10-21 09:49:30,353 [c2925b1d-00ad-4d76-9426-86b6c6682e26@group-B22C93FBFD06-LeaderElection107] INFO  impl.RoleInfo (RoleInfo.java:shutdownLeaderElection(134)) - c2925b1d-00ad-4d76-9426-86b6c6682e26: shutdown LeaderElection
2019-10-21 09:49:30,353 [c2925b1d-00ad-4d76-9426-86b6c6682e26@group-B22C93FBFD06-LeaderElection107] INFO  impl.RaftServerImpl (RaftServerImpl.java:setRole(170)) - c2925b1d-00ad-4d76-9426-86b6c6682e26@group-B22C93FBFD06: changes role from CANDIDATE to LEADER at term 1 for changeToLeader
2019-10-21 09:49:30,353 [c2925b1d-00ad-4d76-9426-86b6c6682e26@group-B22C93FBFD06-LeaderElection107] INFO  impl.RaftServerImpl (ServerState.java:setLeader(255)) - c2925b1d-00ad-4d76-9426-86b6c6682e26@group-B22C93FBFD06: change Leader from null to c2925b1d-00ad-4d76-9426-86b6c6682e26 at term 1 for becomeLeader, leader elected after 5108ms
2019-10-21 09:49:30,355 [c2925b1d-00ad-4d76-9426-86b6c6682e26@group-B22C93FBFD06-LeaderElection107] INFO  server.RaftServerConfigKeys (ConfUtils.java:logGet(43)) - raft.server.staging.catchup.gap = 1000 (default)
2019-10-21 09:49:30,356 [c2925b1d-00ad-4d76-9426-86b6c6682e26@group-B22C93FBFD06-LeaderElection107] INFO  server.RaftServerConfigKeys (ConfUtils.java:logGet(43)) - raft.server.rpc.sleep.time = 25ms (default)
2019-10-21 09:49:30,356 [c2925b1d-00ad-4d76-9426-86b6c6682e26@group-B22C93FBFD06-LeaderElection107] INFO  server.RaftServerConfigKeys (ConfUtils.java:logGet(43)) - raft.server.write.element-limit = 4096 (default)
2019-10-21 09:49:30,356 [c2925b1d-00ad-4d76-9426-86b6c6682e26@group-B22C93FBFD06-LeaderElection107] INFO  server.RaftServerConfigKeys (ConfUtils.java:logGet(43)) - raft.server.watch.timeout = 10s (default)
2019-10-21 09:49:30,356 [c2925b1d-00ad-4d76-9426-86b6c6682e26@group-B22C93FBFD06-LeaderElection107] INFO  server.RaftServerConfigKeys (ConfUtils.java:logGet(43)) - raft.server.watch.timeout.denomination = 1s (default)
2019-10-21 09:49:30,356 [c2925b1d-00ad-4d76-9426-86b6c6682e26@group-B22C93FBFD06-LeaderElection107] INFO  server.RaftServerConfigKeys (ConfUtils.java:logGet(43)) - raft.server.watch.element-limit = 65536 (default)
2019-10-21 09:49:30,361 [c2925b1d-00ad-4d76-9426-86b6c6682e26@group-B22C93FBFD06-LeaderElection107] INFO  server.RaftServerConfigKeys (ConfUtils.java:logGet(43)) - raft.server.log.appender.snapshot.chunk.size.max = 16MB (=16777216) (default)
2019-10-21 09:49:30,361 [c2925b1d-00ad-4d76-9426-86b6c6682e26@group-B22C93FBFD06-LeaderElection107] INFO  server.RaftServerConfigKeys (ConfUtils.java:logGet(43)) - raft.server.log.appender.buffer.byte-limit = 33554432 (custom)
2019-10-21 09:49:30,361 [c2925b1d-00ad-4d76-9426-86b6c6682e26@group-B22C93FBFD06-LeaderElection107] INFO  server.RaftServerConfigKeys (ConfUtils.java:logGet(43)) - raft.server.log.appender.buffer.element-limit = 1 (custom)
2019-10-21 09:49:30,361 [c2925b1d-00ad-4d76-9426-86b6c6682e26@group-B22C93FBFD06-LeaderElection107] INFO  grpc.GrpcConfigKeys$Server (ConfUtils.java:logGet(43)) - raft.grpc.server.leader.outstanding.appends.max = 128 (default)
2019-10-21 09:49:30,362 [c2925b1d-00ad-4d76-9426-86b6c6682e26@group-B22C93FBFD06-LeaderElection107] INFO  server.RaftServerConfigKeys (ConfUtils.java:logGet(43)) - raft.server.rpc.request.timeout = 3000ms (default)
2019-10-21 09:49:30,362 [c2925b1d-00ad-4d76-9426-86b6c6682e26@group-B22C93FBFD06-LeaderElection107] INFO  server.RaftServerConfigKeys (ConfUtils.java:logGet(43)) - raft.server.log.appender.install.snapshot.enabled = false (custom)
2019-10-21 09:49:30,362 [c2925b1d-00ad-4d76-9426-86b6c6682e26@group-B22C93FBFD06-LeaderElection107] INFO  server.RaftServerConfigKeys (ConfUtils.java:logGet(43)) - raft.server.log.appender.snapshot.chunk.size.max = 16MB (=16777216) (default)
2019-10-21 09:49:30,362 [c2925b1d-00ad-4d76-9426-86b6c6682e26@group-B22C93FBFD06-LeaderElection107] INFO  server.RaftServerConfigKeys (ConfUtils.java:logGet(43)) - raft.server.log.appender.buffer.byte-limit = 33554432 (custom)
2019-10-21 09:49:30,362 [c2925b1d-00ad-4d76-9426-86b6c6682e26@group-B22C93FBFD06-LeaderElection107] INFO  server.RaftServerConfigKeys (ConfUtils.java:logGet(43)) - raft.server.log.appender.buffer.element-limit = 1 (custom)
2019-10-21 09:49:30,362 [c2925b1d-00ad-4d76-9426-86b6c6682e26@group-B22C93FBFD06-LeaderElection107] INFO  grpc.GrpcConfigKeys$Server (ConfUtils.java:logGet(43)) - raft.grpc.server.leader.outstanding.appends.max = 128 (default)
2019-10-21 09:49:30,362 [c2925b1d-00ad-4d76-9426-86b6c6682e26@group-B22C93FBFD06-LeaderElection107] INFO  server.RaftServerConfigKeys (ConfUtils.java:logGet(43)) - raft.server.rpc.request.timeout = 3000ms (default)
2019-10-21 09:49:30,363 [c2925b1d-00ad-4d76-9426-86b6c6682e26@group-B22C93FBFD06-LeaderElection107] INFO  server.RaftServerConfigKeys (ConfUtils.java:logGet(43)) - raft.server.log.appender.install.snapshot.enabled = false (custom)
2019-10-21 09:49:30,363 [c2925b1d-00ad-4d76-9426-86b6c6682e26@group-B22C93FBFD06-LeaderElection107] INFO  impl.RoleInfo (RoleInfo.java:updateAndGet(143)) - c2925b1d-00ad-4d76-9426-86b6c6682e26: start LeaderState
2019-10-21 09:49:30,363 [c2925b1d-00ad-4d76-9426-86b6c6682e26@group-B22C93FBFD06-LeaderElection107] INFO  segmented.SegmentedRaftLogWorker (SegmentedRaftLogWorker.java:startLogSegment(385)) - c2925b1d-00ad-4d76-9426-86b6c6682e26@group-B22C93FBFD06-SegmentedRaftLogWorker: Starting segment from index:0
2019-10-21 09:49:30,364 [c2925b1d-00ad-4d76-9426-86b6c6682e26@group-B22C93FBFD06-LeaderElection107] INFO  impl.RaftServerImpl (ServerState.java:setRaftConf(356)) - c2925b1d-00ad-4d76-9426-86b6c6682e26@group-B22C93FBFD06: set configuration 0: [54cc6ee4-85aa-4390-b29f-1c813cd489af:192.168.34.51:46268, dfb1800d-4985-4fe1-8971-c050908b89b5:192.168.34.51:41378, c2925b1d-00ad-4d76-9426-86b6c6682e26:192.168.34.51:41872], old=null at 0
2019-10-21 09:49:30,396 [grpc-default-executor-1] INFO  impl.RaftServerImpl (RaftServerImpl.java:requestVote(754)) - c2925b1d-00ad-4d76-9426-86b6c6682e26@group-B22C93FBFD06-   LEADER: Withhold vote from candidate 54cc6ee4-85aa-4390-b29f-1c813cd489af with term 1. State: leader=c2925b1d-00ad-4d76-9426-86b6c6682e26, term=1, lastRpcElapsed=null
2019-10-21 09:49:30,398 [grpc-default-executor-11] INFO  impl.RaftServerImpl (ServerState.java:setLeader(255)) - dfb1800d-4985-4fe1-8971-c050908b89b5@group-B22C93FBFD06: change Leader from null to c2925b1d-00ad-4d76-9426-86b6c6682e26 at term 1 for appendEntries, leader elected after 5152ms
2019-10-21 09:49:30,398 [54cc6ee4-85aa-4390-b29f-1c813cd489af@group-B22C93FBFD06-LeaderElection108] INFO  impl.LeaderElection (LeaderElection.java:logAndReturn(56)) - 54cc6ee4-85aa-4390-b29f-1c813cd489af@group-B22C93FBFD06-LeaderElection108: Election REJECTED; received 2 response(s) [54cc6ee4-85aa-4390-b29f-1c813cd489af<-dfb1800d-4985-4fe1-8971-c050908b89b5#0:FAIL-t1, 54cc6ee4-85aa-4390-b29f-1c813cd489af<-c2925b1d-00ad-4d76-9426-86b6c6682e26#0:FAIL-t1] and 0 exception(s); 54cc6ee4-85aa-4390-b29f-1c813cd489af@group-B22C93FBFD06:t1, leader=null, voted=54cc6ee4-85aa-4390-b29f-1c813cd489af, raftlog=54cc6ee4-85aa-4390-b29f-1c813cd489af@group-B22C93FBFD06-SegmentedRaftLog:OPENED:c-1,f-1,i0, conf=-1: [54cc6ee4-85aa-4390-b29f-1c813cd489af:192.168.34.51:46268, dfb1800d-4985-4fe1-8971-c050908b89b5:192.168.34.51:41378, c2925b1d-00ad-4d76-9426-86b6c6682e26:192.168.34.51:41872], old=null
2019-10-21 09:49:30,398 [grpc-default-executor-10] INFO  impl.RaftServerImpl (RaftServerImpl.java:setRole(170)) - 54cc6ee4-85aa-4390-b29f-1c813cd489af@group-B22C93FBFD06: changes role from CANDIDATE to FOLLOWER at term 1 for appendEntries
2019-10-21 09:49:30,399 [grpc-default-executor-10] INFO  impl.RoleInfo (RoleInfo.java:shutdownLeaderElection(134)) - 54cc6ee4-85aa-4390-b29f-1c813cd489af: shutdown LeaderElection
2019-10-21 09:49:30,399 [grpc-default-executor-10] INFO  impl.RoleInfo (RoleInfo.java:updateAndGet(143)) - 54cc6ee4-85aa-4390-b29f-1c813cd489af: start FollowerState
2019-10-21 09:49:30,400 [grpc-default-executor-10] INFO  impl.RaftServerImpl (ServerState.java:setLeader(255)) - 54cc6ee4-85aa-4390-b29f-1c813cd489af@group-B22C93FBFD06: change Leader from null to c2925b1d-00ad-4d76-9426-86b6c6682e26 at term 1 for appendEntries, leader elected after 5154ms
2019-10-21 09:49:30,401 [grpc-default-executor-11] INFO  impl.RaftServerImpl (ServerState.java:setRaftConf(356)) - dfb1800d-4985-4fe1-8971-c050908b89b5@group-B22C93FBFD06: set configuration 0: [54cc6ee4-85aa-4390-b29f-1c813cd489af:192.168.34.51:46268, dfb1800d-4985-4fe1-8971-c050908b89b5:192.168.34.51:41378, c2925b1d-00ad-4d76-9426-86b6c6682e26:192.168.34.51:41872], old=null at 0
2019-10-21 09:49:30,402 [grpc-default-executor-10] INFO  impl.RaftServerImpl (ServerState.java:setRaftConf(356)) - 54cc6ee4-85aa-4390-b29f-1c813cd489af@group-B22C93FBFD06: set configuration 0: [54cc6ee4-85aa-4390-b29f-1c813cd489af:192.168.34.51:46268, dfb1800d-4985-4fe1-8971-c050908b89b5:192.168.34.51:41378, c2925b1d-00ad-4d76-9426-86b6c6682e26:192.168.34.51:41872], old=null at 0
2019-10-21 09:49:30,403 [grpc-default-executor-11] INFO  segmented.SegmentedRaftLogWorker (SegmentedRaftLogWorker.java:startLogSegment(385)) - dfb1800d-4985-4fe1-8971-c050908b89b5@group-B22C93FBFD06-SegmentedRaftLogWorker: Starting segment from index:0
2019-10-21 09:49:30,403 [grpc-default-executor-10] INFO  segmented.SegmentedRaftLogWorker (SegmentedRaftLogWorker.java:startLogSegment(385)) - 54cc6ee4-85aa-4390-b29f-1c813cd489af@group-B22C93FBFD06-SegmentedRaftLogWorker: Starting segment from index:0
2019-10-21 09:49:30,420 [c2925b1d-00ad-4d76-9426-86b6c6682e26@group-B22C93FBFD06-SegmentedRaftLogWorker] INFO  segmented.SegmentedRaftLogWorker (SegmentedRaftLogWorker.java:execute(574)) - c2925b1d-00ad-4d76-9426-86b6c6682e26@group-B22C93FBFD06-SegmentedRaftLogWorker: created new log segment /workdir/hadoop-ozone/integration-test/target/test-dir/MiniOzoneClusterImpl-4293bdbb-7b7b-4247-8a28-8ef3a725fd91/datanode-0/data/ratis/3f6ce7ef-981d-4694-acce-b22c93fbfd06/current/log_inprogress_0
2019-10-21 09:49:30,434 [dfb1800d-4985-4fe1-8971-c050908b89b5@group-B22C93FBFD06-SegmentedRaftLogWorker] INFO  segmented.SegmentedRaftLogWorker (SegmentedRaftLogWorker.java:execute(574)) - dfb1800d-4985-4fe1-8971-c050908b89b5@group-B22C93FBFD06-SegmentedRaftLogWorker: created new log segment /workdir/hadoop-ozone/integration-test/target/test-dir/MiniOzoneClusterImpl-4293bdbb-7b7b-4247-8a28-8ef3a725fd91/datanode-2/data/ratis/3f6ce7ef-981d-4694-acce-b22c93fbfd06/current/log_inprogress_0
2019-10-21 09:49:30,444 [54cc6ee4-85aa-4390-b29f-1c813cd489af@group-B22C93FBFD06-SegmentedRaftLogWorker] INFO  segmented.SegmentedRaftLogWorker (SegmentedRaftLogWorker.java:execute(574)) - 54cc6ee4-85aa-4390-b29f-1c813cd489af@group-B22C93FBFD06-SegmentedRaftLogWorker: created new log segment /workdir/hadoop-ozone/integration-test/target/test-dir/MiniOzoneClusterImpl-4293bdbb-7b7b-4247-8a28-8ef3a725fd91/datanode-1/data/ratis/3f6ce7ef-981d-4694-acce-b22c93fbfd06/current/log_inprogress_0
2019-10-21 09:49:30,485 [Thread-4086] INFO  impl.FollowerState (FollowerState.java:run(108)) - 72533202-8799-4247-b1d2-fee90ff5efff@group-F894B7156987-FollowerState: change to CANDIDATE, lastRpcTime:5083ms, electionTimeout:5073ms
2019-10-21 09:49:30,485 [Thread-4086] INFO  impl.RoleInfo (RoleInfo.java:shutdownFollowerState(121)) - 72533202-8799-4247-b1d2-fee90ff5efff: shutdown FollowerState
2019-10-21 09:49:30,486 [Thread-4086] INFO  impl.RaftServerImpl (RaftServerImpl.java:setRole(170)) - 72533202-8799-4247-b1d2-fee90ff5efff@group-F894B7156987: changes role from  FOLLOWER to CANDIDATE at term 0 for changeToCandidate
2019-10-21 09:49:30,486 [Thread-4086] INFO  impl.RoleInfo (RoleInfo.java:updateAndGet(143)) - 72533202-8799-4247-b1d2-fee90ff5efff: start LeaderElection
2019-10-21 09:49:30,498 [72533202-8799-4247-b1d2-fee90ff5efff@group-F894B7156987-LeaderElection109] INFO  impl.LeaderElection (LeaderElection.java:askForVotes(178)) - 72533202-8799-4247-b1d2-fee90ff5efff@group-F894B7156987-LeaderElection109: begin an election at term 1 for -1: [72533202-8799-4247-b1d2-fee90ff5efff:192.168.34.51:43231], old=null
2019-10-21 09:49:30,498 [72533202-8799-4247-b1d2-fee90ff5efff@group-F894B7156987-LeaderElection109] INFO  impl.RoleInfo (RoleInfo.java:shutdownLeaderElection(134)) - 72533202-8799-4247-b1d2-fee90ff5efff: shutdown LeaderElection
2019-10-21 09:49:30,498 [72533202-8799-4247-b1d2-fee90ff5efff@group-F894B7156987-LeaderElection109] INFO  impl.RaftServerImpl (RaftServerImpl.java:setRole(170)) - 72533202-8799-4247-b1d2-fee90ff5efff@group-F894B7156987: changes role from CANDIDATE to LEADER at term 1 for changeToLeader
2019-10-21 09:49:30,498 [72533202-8799-4247-b1d2-fee90ff5efff@group-F894B7156987-LeaderElection109] INFO  impl.RaftServerImpl (ServerState.java:setLeader(255)) - 72533202-8799-4247-b1d2-fee90ff5efff@group-F894B7156987: change Leader from null to 72533202-8799-4247-b1d2-fee90ff5efff at term 1 for becomeLeader, leader elected after 5102ms
2019-10-21 09:49:30,498 [72533202-8799-4247-b1d2-fee90ff5efff@group-F894B7156987-LeaderElection109] INFO  server.RaftServerConfigKeys (ConfUtils.java:logGet(43)) - raft.server.staging.catchup.gap = 1000 (default)
2019-10-21 09:49:30,499 [72533202-8799-4247-b1d2-fee90ff5efff@group-F894B7156987-LeaderElection109] INFO  server.RaftServerConfigKeys (ConfUtils.java:logGet(43)) - raft.server.rpc.sleep.time = 25ms (default)
2019-10-21 09:49:30,499 [72533202-8799-4247-b1d2-fee90ff5efff@group-F894B7156987-LeaderElection109] INFO  server.RaftServerConfigKeys (ConfUtils.java:logGet(43)) - raft.server.write.element-limit = 4096 (default)
2019-10-21 09:49:30,499 [72533202-8799-4247-b1d2-fee90ff5efff@group-F894B7156987-LeaderElection109] INFO  server.RaftServerConfigKeys (ConfUtils.java:logGet(43)) - raft.server.watch.timeout = 10s (default)
2019-10-21 09:49:30,499 [72533202-8799-4247-b1d2-fee90ff5efff@group-F894B7156987-LeaderElection109] INFO  server.RaftServerConfigKeys (ConfUtils.java:logGet(43)) - raft.server.watch.timeout.denomination = 1s (default)
2019-10-21 09:49:30,499 [72533202-8799-4247-b1d2-fee90ff5efff@group-F894B7156987-LeaderElection109] INFO  server.RaftServerConfigKeys (ConfUtils.java:logGet(43)) - raft.server.watch.element-limit = 65536 (default)
2019-10-21 09:49:30,501 [72533202-8799-4247-b1d2-fee90ff5efff@group-F894B7156987-LeaderElection109] INFO  impl.RoleInfo (RoleInfo.java:updateAndGet(143)) - 72533202-8799-4247-b1d2-fee90ff5efff: start LeaderState
2019-10-21 09:49:30,501 [72533202-8799-4247-b1d2-fee90ff5efff@group-F894B7156987-LeaderElection109] INFO  segmented.SegmentedRaftLogWorker (SegmentedRaftLogWorker.java:startLogSegment(385)) - 72533202-8799-4247-b1d2-fee90ff5efff@group-F894B7156987-SegmentedRaftLogWorker: Starting segment from index:0
2019-10-21 09:49:30,501 [72533202-8799-4247-b1d2-fee90ff5efff@group-F894B7156987-LeaderElection109] INFO  impl.RaftServerImpl (ServerState.java:setRaftConf(356)) - 72533202-8799-4247-b1d2-fee90ff5efff@group-F894B7156987: set configuration 0: [72533202-8799-4247-b1d2-fee90ff5efff:192.168.34.51:43231], old=null at 0
2019-10-21 09:49:30,536 [Thread-4083] INFO  impl.FollowerState (FollowerState.java:run(108)) - d677ca45-3229-47c7-9233-cddac554fc8b@group-5806647706A6-FollowerState: change to CANDIDATE, lastRpcTime:5186ms, electionTimeout:5157ms
2019-10-21 09:49:30,536 [Thread-4083] INFO  impl.RoleInfo (RoleInfo.java:shutdownFollowerState(121)) - d677ca45-3229-47c7-9233-cddac554fc8b: shutdown FollowerState
2019-10-21 09:49:30,536 [Thread-4083] INFO  impl.RaftServerImpl (RaftServerImpl.java:setRole(170)) - d677ca45-3229-47c7-9233-cddac554fc8b@group-5806647706A6: changes role from  FOLLOWER to CANDIDATE at term 0 for changeToCandidate
2019-10-21 09:49:30,536 [Thread-4083] INFO  impl.RoleInfo (RoleInfo.java:updateAndGet(143)) - d677ca45-3229-47c7-9233-cddac554fc8b: start LeaderElection
2019-10-21 09:49:30,547 [72533202-8799-4247-b1d2-fee90ff5efff@group-F894B7156987-SegmentedRaftLogWorker] INFO  segmented.SegmentedRaftLogWorker (SegmentedRaftLogWorker.java:execute(574)) - 72533202-8799-4247-b1d2-fee90ff5efff@group-F894B7156987-SegmentedRaftLogWorker: created new log segment /workdir/hadoop-ozone/integration-test/target/test-dir/MiniOzoneClusterImpl-4293bdbb-7b7b-4247-8a28-8ef3a725fd91/datanode-4/data/ratis/0a3c8517-ccbc-4d8e-af17-f894b7156987/current/log_inprogress_0
2019-10-21 09:49:30,560 [d677ca45-3229-47c7-9233-cddac554fc8b@group-5806647706A6-LeaderElection110] INFO  impl.LeaderElection (LeaderElection.java:askForVotes(178)) - d677ca45-3229-47c7-9233-cddac554fc8b@group-5806647706A6-LeaderElection110: begin an election at term 1 for -1: [d677ca45-3229-47c7-9233-cddac554fc8b:192.168.34.51:35405], old=null
2019-10-21 09:49:30,560 [d677ca45-3229-47c7-9233-cddac554fc8b@group-5806647706A6-LeaderElection110] INFO  impl.RoleInfo (RoleInfo.java:shutdownLeaderElection(134)) - d677ca45-3229-47c7-9233-cddac554fc8b: shutdown LeaderElection
2019-10-21 09:49:30,560 [d677ca45-3229-47c7-9233-cddac554fc8b@group-5806647706A6-LeaderElection110] INFO  impl.RaftServerImpl (RaftServerImpl.java:setRole(170)) - d677ca45-3229-47c7-9233-cddac554fc8b@group-5806647706A6: changes role from CANDIDATE to LEADER at term 1 for changeToLeader
2019-10-21 09:49:30,561 [d677ca45-3229-47c7-9233-cddac554fc8b@group-5806647706A6-LeaderElection110] INFO  impl.RaftServerImpl (ServerState.java:setLeader(255)) - d677ca45-3229-47c7-9233-cddac554fc8b@group-5806647706A6: change Leader from null to d677ca45-3229-47c7-9233-cddac554fc8b at term 1 for becomeLeader, leader elected after 5216ms
2019-10-21 09:49:30,561 [d677ca45-3229-47c7-9233-cddac554fc8b@group-5806647706A6-LeaderElection110] INFO  server.RaftServerConfigKeys (ConfUtils.java:logGet(43)) - raft.server.staging.catchup.gap = 1000 (default)
2019-10-21 09:49:30,561 [d677ca45-3229-47c7-9233-cddac554fc8b@group-5806647706A6-LeaderElection110] INFO  server.RaftServerConfigKeys (ConfUtils.java:logGet(43)) - raft.server.rpc.sleep.time = 25ms (default)
2019-10-21 09:49:30,561 [d677ca45-3229-47c7-9233-cddac554fc8b@group-5806647706A6-LeaderElection110] INFO  server.RaftServerConfigKeys (ConfUtils.java:logGet(43)) - raft.server.write.element-limit = 4096 (default)
2019-10-21 09:49:30,561 [d677ca45-3229-47c7-9233-cddac554fc8b@group-5806647706A6-LeaderElection110] INFO  server.RaftServerConfigKeys (ConfUtils.java:logGet(43)) - raft.server.watch.timeout = 10s (default)
2019-10-21 09:49:30,561 [d677ca45-3229-47c7-9233-cddac554fc8b@group-5806647706A6-LeaderElection110] INFO  server.RaftServerConfigKeys (ConfUtils.java:logGet(43)) - raft.server.watch.timeout.denomination = 1s (default)
2019-10-21 09:49:30,561 [d677ca45-3229-47c7-9233-cddac554fc8b@group-5806647706A6-LeaderElection110] INFO  server.RaftServerConfigKeys (ConfUtils.java:logGet(43)) - raft.server.watch.element-limit = 65536 (default)
2019-10-21 09:49:30,563 [d677ca45-3229-47c7-9233-cddac554fc8b@group-5806647706A6-LeaderElection110] INFO  impl.RoleInfo (RoleInfo.java:updateAndGet(143)) - d677ca45-3229-47c7-9233-cddac554fc8b: start LeaderState
2019-10-21 09:49:30,563 [d677ca45-3229-47c7-9233-cddac554fc8b@group-5806647706A6-LeaderElection110] INFO  segmented.SegmentedRaftLogWorker (SegmentedRaftLogWorker.java:startLogSegment(385)) - d677ca45-3229-47c7-9233-cddac554fc8b@group-5806647706A6-SegmentedRaftLogWorker: Starting segment from index:0
2019-10-21 09:49:30,563 [d677ca45-3229-47c7-9233-cddac554fc8b@group-5806647706A6-LeaderElection110] INFO  impl.RaftServerImpl (ServerState.java:setRaftConf(356)) - d677ca45-3229-47c7-9233-cddac554fc8b@group-5806647706A6: set configuration 0: [d677ca45-3229-47c7-9233-cddac554fc8b:192.168.34.51:35405], old=null at 0
2019-10-21 09:49:30,615 [Thread-4094] INFO  impl.FollowerState (FollowerState.java:run(108)) - 95a31197-fbd9-42e6-8925-3f078625a966@group-B73E171685C0-FollowerState: change to CANDIDATE, lastRpcTime:5074ms, electionTimeout:5074ms
2019-10-21 09:49:30,615 [Thread-4094] INFO  impl.RoleInfo (RoleInfo.java:shutdownFollowerState(121)) - 95a31197-fbd9-42e6-8925-3f078625a966: shutdown FollowerState
2019-10-21 09:49:30,615 [Thread-4094] INFO  impl.RaftServerImpl (RaftServerImpl.java:setRole(170)) - 95a31197-fbd9-42e6-8925-3f078625a966@group-B73E171685C0: changes role from  FOLLOWER to CANDIDATE at term 0 for changeToCandidate
2019-10-21 09:49:30,615 [Thread-4094] INFO  impl.RoleInfo (RoleInfo.java:updateAndGet(143)) - 95a31197-fbd9-42e6-8925-3f078625a966: start LeaderElection
2019-10-21 09:49:30,618 [d677ca45-3229-47c7-9233-cddac554fc8b@group-5806647706A6-SegmentedRaftLogWorker] INFO  segmented.SegmentedRaftLogWorker (SegmentedRaftLogWorker.java:execute(574)) - d677ca45-3229-47c7-9233-cddac554fc8b@group-5806647706A6-SegmentedRaftLogWorker: created new log segment /workdir/hadoop-ozone/integration-test/target/test-dir/MiniOzoneClusterImpl-4293bdbb-7b7b-4247-8a28-8ef3a725fd91/datanode-3/data/ratis/6af4b8e5-e0a7-462e-8539-5806647706a6/current/log_inprogress_0
2019-10-21 09:49:30,631 [95a31197-fbd9-42e6-8925-3f078625a966@group-B73E171685C0-LeaderElection111] INFO  impl.LeaderElection (LeaderElection.java:askForVotes(178)) - 95a31197-fbd9-42e6-8925-3f078625a966@group-B73E171685C0-LeaderElection111: begin an election at term 1 for -1: [95a31197-fbd9-42e6-8925-3f078625a966:192.168.34.51:42364], old=null
2019-10-21 09:49:30,631 [95a31197-fbd9-42e6-8925-3f078625a966@group-B73E171685C0-LeaderElection111] INFO  impl.RoleInfo (RoleInfo.java:shutdownLeaderElection(134)) - 95a31197-fbd9-42e6-8925-3f078625a966: shutdown LeaderElection
2019-10-21 09:49:30,632 [95a31197-fbd9-42e6-8925-3f078625a966@group-B73E171685C0-LeaderElection111] INFO  impl.RaftServerImpl (RaftServerImpl.java:setRole(170)) - 95a31197-fbd9-42e6-8925-3f078625a966@group-B73E171685C0: changes role from CANDIDATE to LEADER at term 1 for changeToLeader
2019-10-21 09:49:30,632 [95a31197-fbd9-42e6-8925-3f078625a966@group-B73E171685C0-LeaderElection111] INFO  impl.RaftServerImpl (ServerState.java:setLeader(255)) - 95a31197-fbd9-42e6-8925-3f078625a966@group-B73E171685C0: change Leader from null to 95a31197-fbd9-42e6-8925-3f078625a966 at term 1 for becomeLeader, leader elected after 5097ms
2019-10-21 09:49:30,632 [95a31197-fbd9-42e6-8925-3f078625a966@group-B73E171685C0-LeaderElection111] INFO  server.RaftServerConfigKeys (ConfUtils.java:logGet(43)) - raft.server.staging.catchup.gap = 1000 (default)
2019-10-21 09:49:30,632 [95a31197-fbd9-42e6-8925-3f078625a966@group-B73E171685C0-LeaderElection111] INFO  server.RaftServerConfigKeys (ConfUtils.java:logGet(43)) - raft.server.rpc.sleep.time = 25ms (default)
2019-10-21 09:49:30,632 [95a31197-fbd9-42e6-8925-3f078625a966@group-B73E171685C0-LeaderElection111] INFO  server.RaftServerConfigKeys (ConfUtils.java:logGet(43)) - raft.server.write.element-limit = 4096 (default)
2019-10-21 09:49:30,632 [95a31197-fbd9-42e6-8925-3f078625a966@group-B73E171685C0-LeaderElection111] INFO  server.RaftServerConfigKeys (ConfUtils.java:logGet(43)) - raft.server.watch.timeout = 10s (default)
2019-10-21 09:49:30,632 [95a31197-fbd9-42e6-8925-3f078625a966@group-B73E171685C0-LeaderElection111] INFO  server.RaftServerConfigKeys (ConfUtils.java:logGet(43)) - raft.server.watch.timeout.denomination = 1s (default)
2019-10-21 09:49:30,632 [95a31197-fbd9-42e6-8925-3f078625a966@group-B73E171685C0-LeaderElection111] INFO  server.RaftServerConfigKeys (ConfUtils.java:logGet(43)) - raft.server.watch.element-limit = 65536 (default)
2019-10-21 09:49:30,634 [95a31197-fbd9-42e6-8925-3f078625a966@group-B73E171685C0-LeaderElection111] INFO  impl.RoleInfo (RoleInfo.java:updateAndGet(143)) - 95a31197-fbd9-42e6-8925-3f078625a966: start LeaderState
2019-10-21 09:49:30,634 [95a31197-fbd9-42e6-8925-3f078625a966@group-B73E171685C0-LeaderElection111] INFO  segmented.SegmentedRaftLogWorker (SegmentedRaftLogWorker.java:startLogSegment(385)) - 95a31197-fbd9-42e6-8925-3f078625a966@group-B73E171685C0-SegmentedRaftLogWorker: Starting segment from index:0
2019-10-21 09:49:30,635 [95a31197-fbd9-42e6-8925-3f078625a966@group-B73E171685C0-LeaderElection111] INFO  impl.RaftServerImpl (ServerState.java:setRaftConf(356)) - 95a31197-fbd9-42e6-8925-3f078625a966@group-B73E171685C0: set configuration 0: [95a31197-fbd9-42e6-8925-3f078625a966:192.168.34.51:42364], old=null at 0
2019-10-21 09:49:30,667 [Thread-4091] INFO  impl.FollowerState (FollowerState.java:run(108)) - f4df8662-7415-4036-ac96-ff2b1bb6586f@group-7E243A35AB8C-FollowerState: change to CANDIDATE, lastRpcTime:5169ms, electionTimeout:5156ms
2019-10-21 09:49:30,668 [Thread-4100] INFO  impl.FollowerState (FollowerState.java:run(108)) - d677ca45-3229-47c7-9233-cddac554fc8b@group-51560639F5B9-FollowerState: change to CANDIDATE, lastRpcTime:5055ms, electionTimeout:5026ms
2019-10-21 09:49:30,668 [Thread-4091] INFO  impl.RoleInfo (RoleInfo.java:shutdownFollowerState(121)) - f4df8662-7415-4036-ac96-ff2b1bb6586f: shutdown FollowerState
2019-10-21 09:49:30,668 [Thread-4100] INFO  impl.RoleInfo (RoleInfo.java:shutdownFollowerState(121)) - d677ca45-3229-47c7-9233-cddac554fc8b: shutdown FollowerState
2019-10-21 09:49:30,668 [Thread-4091] INFO  impl.RaftServerImpl (RaftServerImpl.java:setRole(170)) - f4df8662-7415-4036-ac96-ff2b1bb6586f@group-7E243A35AB8C: changes role from  FOLLOWER to CANDIDATE at term 0 for changeToCandidate
2019-10-21 09:49:30,668 [Thread-4100] INFO  impl.RaftServerImpl (RaftServerImpl.java:setRole(170)) - d677ca45-3229-47c7-9233-cddac554fc8b@group-51560639F5B9: changes role from  FOLLOWER to CANDIDATE at term 0 for changeToCandidate
2019-10-21 09:49:30,668 [Thread-4091] INFO  impl.RoleInfo (RoleInfo.java:updateAndGet(143)) - f4df8662-7415-4036-ac96-ff2b1bb6586f: start LeaderElection
2019-10-21 09:49:30,668 [Thread-4100] INFO  impl.RoleInfo (RoleInfo.java:updateAndGet(143)) - d677ca45-3229-47c7-9233-cddac554fc8b: start LeaderElection
2019-10-21 09:49:30,676 [95a31197-fbd9-42e6-8925-3f078625a966@group-B73E171685C0-SegmentedRaftLogWorker] INFO  segmented.SegmentedRaftLogWorker (SegmentedRaftLogWorker.java:execute(574)) - 95a31197-fbd9-42e6-8925-3f078625a966@group-B73E171685C0-SegmentedRaftLogWorker: created new log segment /workdir/hadoop-ozone/integration-test/target/test-dir/MiniOzoneClusterImpl-4293bdbb-7b7b-4247-8a28-8ef3a725fd91/datanode-6/data/ratis/8b9af713-2a63-4661-8cab-b73e171685c0/current/log_inprogress_0
2019-10-21 09:49:30,689 [Thread-4102] INFO  impl.FollowerState (FollowerState.java:run(108)) - f4df8662-7415-4036-ac96-ff2b1bb6586f@group-51560639F5B9-FollowerState: change to CANDIDATE, lastRpcTime:5075ms, electionTimeout:5075ms
2019-10-21 09:49:30,689 [Thread-4102] INFO  impl.RoleInfo (RoleInfo.java:shutdownFollowerState(121)) - f4df8662-7415-4036-ac96-ff2b1bb6586f: shutdown FollowerState
2019-10-21 09:49:30,689 [Thread-4102] INFO  impl.RaftServerImpl (RaftServerImpl.java:setRole(170)) - f4df8662-7415-4036-ac96-ff2b1bb6586f@group-51560639F5B9: changes role from  FOLLOWER to CANDIDATE at term 0 for changeToCandidate
2019-10-21 09:49:30,689 [Thread-4102] INFO  impl.RoleInfo (RoleInfo.java:updateAndGet(143)) - f4df8662-7415-4036-ac96-ff2b1bb6586f: start LeaderElection
2019-10-21 09:49:30,689 [f4df8662-7415-4036-ac96-ff2b1bb6586f@group-7E243A35AB8C-LeaderElection112] INFO  impl.LeaderElection (LeaderElection.java:askForVotes(178)) - f4df8662-7415-4036-ac96-ff2b1bb6586f@group-7E243A35AB8C-LeaderElection112: begin an election at term 1 for -1: [f4df8662-7415-4036-ac96-ff2b1bb6586f:192.168.34.51:37794], old=null
2019-10-21 09:49:30,692 [Thread-4097] INFO  impl.FollowerState (FollowerState.java:run(108)) - 95a31197-fbd9-42e6-8925-3f078625a966@group-51560639F5B9-FollowerState: change to CANDIDATE, lastRpcTime:5082ms, electionTimeout:5082ms
2019-10-21 09:49:30,692 [f4df8662-7415-4036-ac96-ff2b1bb6586f@group-7E243A35AB8C-LeaderElection112] INFO  impl.RoleInfo (RoleInfo.java:shutdownLeaderElection(134)) - f4df8662-7415-4036-ac96-ff2b1bb6586f: shutdown LeaderElection
2019-10-21 09:49:30,692 [d677ca45-3229-47c7-9233-cddac554fc8b@group-51560639F5B9-LeaderElection113] INFO  impl.LeaderElection (LeaderElection.java:askForVotes(178)) - d677ca45-3229-47c7-9233-cddac554fc8b@group-51560639F5B9-LeaderElection113: begin an election at term 1 for -1: [95a31197-fbd9-42e6-8925-3f078625a966:192.168.34.51:42364, f4df8662-7415-4036-ac96-ff2b1bb6586f:192.168.34.51:37794, d677ca45-3229-47c7-9233-cddac554fc8b:192.168.34.51:35405], old=null
2019-10-21 09:49:30,692 [Thread-4097] INFO  impl.RoleInfo (RoleInfo.java:shutdownFollowerState(121)) - 95a31197-fbd9-42e6-8925-3f078625a966: shutdown FollowerState
2019-10-21 09:49:30,692 [f4df8662-7415-4036-ac96-ff2b1bb6586f@group-7E243A35AB8C-LeaderElection112] INFO  impl.RaftServerImpl (RaftServerImpl.java:setRole(170)) - f4df8662-7415-4036-ac96-ff2b1bb6586f@group-7E243A35AB8C: changes role from CANDIDATE to LEADER at term 1 for changeToLeader
2019-10-21 09:49:30,702 [Thread-4097] INFO  impl.RaftServerImpl (RaftServerImpl.java:setRole(170)) - 95a31197-fbd9-42e6-8925-3f078625a966@group-51560639F5B9: changes role from  FOLLOWER to CANDIDATE at term 0 for changeToCandidate
2019-10-21 09:49:30,702 [f4df8662-7415-4036-ac96-ff2b1bb6586f@group-7E243A35AB8C-LeaderElection112] INFO  impl.RaftServerImpl (ServerState.java:setLeader(255)) - f4df8662-7415-4036-ac96-ff2b1bb6586f@group-7E243A35AB8C: change Leader from null to f4df8662-7415-4036-ac96-ff2b1bb6586f at term 1 for becomeLeader, leader elected after 5218ms
2019-10-21 09:49:30,702 [Thread-4097] INFO  impl.RoleInfo (RoleInfo.java:updateAndGet(143)) - 95a31197-fbd9-42e6-8925-3f078625a966: start LeaderElection
2019-10-21 09:49:30,702 [f4df8662-7415-4036-ac96-ff2b1bb6586f@group-7E243A35AB8C-LeaderElection112] INFO  server.RaftServerConfigKeys (ConfUtils.java:logGet(43)) - raft.server.staging.catchup.gap = 1000 (default)
2019-10-21 09:49:30,702 [f4df8662-7415-4036-ac96-ff2b1bb6586f@group-7E243A35AB8C-LeaderElection112] INFO  server.RaftServerConfigKeys (ConfUtils.java:logGet(43)) - raft.server.rpc.sleep.time = 25ms (default)
2019-10-21 09:49:30,705 [f4df8662-7415-4036-ac96-ff2b1bb6586f@group-7E243A35AB8C-LeaderElection112] INFO  server.RaftServerConfigKeys (ConfUtils.java:logGet(43)) - raft.server.write.element-limit = 4096 (default)
2019-10-21 09:49:30,705 [f4df8662-7415-4036-ac96-ff2b1bb6586f@group-7E243A35AB8C-LeaderElection112] INFO  server.RaftServerConfigKeys (ConfUtils.java:logGet(43)) - raft.server.watch.timeout = 10s (default)
2019-10-21 09:49:30,705 [f4df8662-7415-4036-ac96-ff2b1bb6586f@group-7E243A35AB8C-LeaderElection112] INFO  server.RaftServerConfigKeys (ConfUtils.java:logGet(43)) - raft.server.watch.timeout.denomination = 1s (default)
2019-10-21 09:49:30,705 [f4df8662-7415-4036-ac96-ff2b1bb6586f@group-7E243A35AB8C-LeaderElection112] INFO  server.RaftServerConfigKeys (ConfUtils.java:logGet(43)) - raft.server.watch.element-limit = 65536 (default)
2019-10-21 09:49:30,707 [f4df8662-7415-4036-ac96-ff2b1bb6586f@group-7E243A35AB8C-LeaderElection112] INFO  impl.RoleInfo (RoleInfo.java:updateAndGet(143)) - f4df8662-7415-4036-ac96-ff2b1bb6586f: start LeaderState
2019-10-21 09:49:30,708 [f4df8662-7415-4036-ac96-ff2b1bb6586f@group-7E243A35AB8C-LeaderElection112] INFO  segmented.SegmentedRaftLogWorker (SegmentedRaftLogWorker.java:startLogSegment(385)) - f4df8662-7415-4036-ac96-ff2b1bb6586f@group-7E243A35AB8C-SegmentedRaftLogWorker: Starting segment from index:0
2019-10-21 09:49:30,708 [f4df8662-7415-4036-ac96-ff2b1bb6586f@group-7E243A35AB8C-LeaderElection112] INFO  impl.RaftServerImpl (ServerState.java:setRaftConf(356)) - f4df8662-7415-4036-ac96-ff2b1bb6586f@group-7E243A35AB8C: set configuration 0: [f4df8662-7415-4036-ac96-ff2b1bb6586f:192.168.34.51:37794], old=null at 0
2019-10-21 09:49:30,737 [f4df8662-7415-4036-ac96-ff2b1bb6586f@group-51560639F5B9-LeaderElection114] INFO  impl.LeaderElection (LeaderElection.java:askForVotes(178)) - f4df8662-7415-4036-ac96-ff2b1bb6586f@group-51560639F5B9-LeaderElection114: begin an election at term 1 for -1: [95a31197-fbd9-42e6-8925-3f078625a966:192.168.34.51:42364, f4df8662-7415-4036-ac96-ff2b1bb6586f:192.168.34.51:37794, d677ca45-3229-47c7-9233-cddac554fc8b:192.168.34.51:35405], old=null
2019-10-21 09:49:30,737 [95a31197-fbd9-42e6-8925-3f078625a966@group-51560639F5B9-LeaderElection115] INFO  impl.LeaderElection (LeaderElection.java:askForVotes(178)) - 95a31197-fbd9-42e6-8925-3f078625a966@group-51560639F5B9-LeaderElection115: begin an election at term 1 for -1: [95a31197-fbd9-42e6-8925-3f078625a966:192.168.34.51:42364, f4df8662-7415-4036-ac96-ff2b1bb6586f:192.168.34.51:37794, d677ca45-3229-47c7-9233-cddac554fc8b:192.168.34.51:35405], old=null
2019-10-21 09:49:30,738 [d677ca45-3229-47c7-9233-cddac554fc8b@group-51560639F5B9-LeaderElection113] INFO  impl.LeaderElection (LeaderElection.java:logAndReturn(56)) - d677ca45-3229-47c7-9233-cddac554fc8b@group-51560639F5B9-LeaderElection113: Election REJECTED; received 2 response(s) [d677ca45-3229-47c7-9233-cddac554fc8b<-95a31197-fbd9-42e6-8925-3f078625a966#0:FAIL-t1, d677ca45-3229-47c7-9233-cddac554fc8b<-f4df8662-7415-4036-ac96-ff2b1bb6586f#0:FAIL-t1] and 0 exception(s); d677ca45-3229-47c7-9233-cddac554fc8b@group-51560639F5B9:t1, leader=null, voted=d677ca45-3229-47c7-9233-cddac554fc8b, raftlog=d677ca45-3229-47c7-9233-cddac554fc8b@group-51560639F5B9-SegmentedRaftLog:OPENED:c-1,f-1,i0, conf=-1: [95a31197-fbd9-42e6-8925-3f078625a966:192.168.34.51:42364, f4df8662-7415-4036-ac96-ff2b1bb6586f:192.168.34.51:37794, d677ca45-3229-47c7-9233-cddac554fc8b:192.168.34.51:35405], old=null
2019-10-21 09:49:30,738 [d677ca45-3229-47c7-9233-cddac554fc8b@group-51560639F5B9-LeaderElection113] INFO  impl.RaftServerImpl (RaftServerImpl.java:setRole(170)) - d677ca45-3229-47c7-9233-cddac554fc8b@group-51560639F5B9: changes role from CANDIDATE to FOLLOWER at term 1 for DISCOVERED_A_NEW_TERM
2019-10-21 09:49:30,738 [d677ca45-3229-47c7-9233-cddac554fc8b@group-51560639F5B9-LeaderElection113] INFO  impl.RoleInfo (RoleInfo.java:shutdownLeaderElection(134)) - d677ca45-3229-47c7-9233-cddac554fc8b: shutdown LeaderElection
2019-10-21 09:49:30,738 [d677ca45-3229-47c7-9233-cddac554fc8b@group-51560639F5B9-LeaderElection113] INFO  impl.RoleInfo (RoleInfo.java:updateAndGet(143)) - d677ca45-3229-47c7-9233-cddac554fc8b: start FollowerState
2019-10-21 09:49:30,741 [f4df8662-7415-4036-ac96-ff2b1bb6586f@group-51560639F5B9-LeaderElection114] INFO  impl.LeaderElection (LeaderElection.java:logAndReturn(56)) - f4df8662-7415-4036-ac96-ff2b1bb6586f@group-51560639F5B9-LeaderElection114: Election REJECTED; received 2 response(s) [f4df8662-7415-4036-ac96-ff2b1bb6586f<-95a31197-fbd9-42e6-8925-3f078625a966#0:FAIL-t1, f4df8662-7415-4036-ac96-ff2b1bb6586f<-d677ca45-3229-47c7-9233-cddac554fc8b#0:FAIL-t1] and 0 exception(s); f4df8662-7415-4036-ac96-ff2b1bb6586f@group-51560639F5B9:t1, leader=null, voted=f4df8662-7415-4036-ac96-ff2b1bb6586f, raftlog=f4df8662-7415-4036-ac96-ff2b1bb6586f@group-51560639F5B9-SegmentedRaftLog:OPENED:c-1,f-1,i0, conf=-1: [95a31197-fbd9-42e6-8925-3f078625a966:192.168.34.51:42364, f4df8662-7415-4036-ac96-ff2b1bb6586f:192.168.34.51:37794, d677ca45-3229-47c7-9233-cddac554fc8b:192.168.34.51:35405], old=null
2019-10-21 09:49:30,744 [f4df8662-7415-4036-ac96-ff2b1bb6586f@group-51560639F5B9-LeaderElection114] INFO  impl.RaftServerImpl (RaftServerImpl.java:setRole(170)) - f4df8662-7415-4036-ac96-ff2b1bb6586f@group-51560639F5B9: changes role from CANDIDATE to FOLLOWER at term 1 for DISCOVERED_A_NEW_TERM
2019-10-21 09:49:30,744 [f4df8662-7415-4036-ac96-ff2b1bb6586f@group-51560639F5B9-LeaderElection114] INFO  impl.RoleInfo (RoleInfo.java:shutdownLeaderElection(134)) - f4df8662-7415-4036-ac96-ff2b1bb6586f: shutdown LeaderElection
2019-10-21 09:49:30,744 [f4df8662-7415-4036-ac96-ff2b1bb6586f@group-51560639F5B9-LeaderElection114] INFO  impl.RoleInfo (RoleInfo.java:updateAndGet(143)) - f4df8662-7415-4036-ac96-ff2b1bb6586f: start FollowerState
2019-10-21 09:49:30,745 [95a31197-fbd9-42e6-8925-3f078625a966@group-51560639F5B9-LeaderElection115] INFO  impl.LeaderElection (LeaderElection.java:logAndReturn(56)) - 95a31197-fbd9-42e6-8925-3f078625a966@group-51560639F5B9-LeaderElection115: Election REJECTED; received 2 response(s) [95a31197-fbd9-42e6-8925-3f078625a966<-f4df8662-7415-4036-ac96-ff2b1bb6586f#0:FAIL-t1, 95a31197-fbd9-42e6-8925-3f078625a966<-d677ca45-3229-47c7-9233-cddac554fc8b#0:FAIL-t1] and 0 exception(s); 95a31197-fbd9-42e6-8925-3f078625a966@group-51560639F5B9:t1, leader=null, voted=95a31197-fbd9-42e6-8925-3f078625a966, raftlog=95a31197-fbd9-42e6-8925-3f078625a966@group-51560639F5B9-SegmentedRaftLog:OPENED:c-1,f-1,i0, conf=-1: [95a31197-fbd9-42e6-8925-3f078625a966:192.168.34.51:42364, f4df8662-7415-4036-ac96-ff2b1bb6586f:192.168.34.51:37794, d677ca45-3229-47c7-9233-cddac554fc8b:192.168.34.51:35405], old=null
2019-10-21 09:49:30,746 [95a31197-fbd9-42e6-8925-3f078625a966@group-51560639F5B9-LeaderElection115] INFO  impl.RaftServerImpl (RaftServerImpl.java:setRole(170)) - 95a31197-fbd9-42e6-8925-3f078625a966@group-51560639F5B9: changes role from CANDIDATE to FOLLOWER at term 1 for DISCOVERED_A_NEW_TERM
2019-10-21 09:49:30,746 [95a31197-fbd9-42e6-8925-3f078625a966@group-51560639F5B9-LeaderElection115] INFO  impl.RoleInfo (RoleInfo.java:shutdownLeaderElection(134)) - 95a31197-fbd9-42e6-8925-3f078625a966: shutdown LeaderElection
2019-10-21 09:49:30,747 [95a31197-fbd9-42e6-8925-3f078625a966@group-51560639F5B9-LeaderElection115] INFO  impl.RoleInfo (RoleInfo.java:updateAndGet(143)) - 95a31197-fbd9-42e6-8925-3f078625a966: start FollowerState
2019-10-21 09:49:30,760 [f4df8662-7415-4036-ac96-ff2b1bb6586f@group-7E243A35AB8C-SegmentedRaftLogWorker] INFO  segmented.SegmentedRaftLogWorker (SegmentedRaftLogWorker.java:execute(574)) - f4df8662-7415-4036-ac96-ff2b1bb6586f@group-7E243A35AB8C-SegmentedRaftLogWorker: created new log segment /workdir/hadoop-ozone/integration-test/target/test-dir/MiniOzoneClusterImpl-4293bdbb-7b7b-4247-8a28-8ef3a725fd91/datanode-5/data/ratis/814b1656-5594-4543-8c52-7e243a35ab8c/current/log_inprogress_0
2019-10-21 09:49:35,810 [Thread-4170] INFO  impl.FollowerState (FollowerState.java:run(108)) - f4df8662-7415-4036-ac96-ff2b1bb6586f@group-51560639F5B9-FollowerState: change to CANDIDATE, lastRpcTime:5066ms, electionTimeout:5066ms
2019-10-21 09:49:35,811 [Thread-4170] INFO  impl.RoleInfo (RoleInfo.java:shutdownFollowerState(121)) - f4df8662-7415-4036-ac96-ff2b1bb6586f: shutdown FollowerState
2019-10-21 09:49:35,811 [Thread-4170] INFO  impl.RaftServerImpl (RaftServerImpl.java:setRole(170)) - f4df8662-7415-4036-ac96-ff2b1bb6586f@group-51560639F5B9: changes role from  FOLLOWER to CANDIDATE at term 1 for changeToCandidate
2019-10-21 09:49:35,811 [Thread-4170] INFO  impl.RoleInfo (RoleInfo.java:updateAndGet(143)) - f4df8662-7415-4036-ac96-ff2b1bb6586f: start LeaderElection
2019-10-21 09:49:35,839 [f4df8662-7415-4036-ac96-ff2b1bb6586f@group-51560639F5B9-LeaderElection116] INFO  impl.LeaderElection (LeaderElection.java:askForVotes(178)) - f4df8662-7415-4036-ac96-ff2b1bb6586f@group-51560639F5B9-LeaderElection116: begin an election at term 2 for -1: [95a31197-fbd9-42e6-8925-3f078625a966:192.168.34.51:42364, f4df8662-7415-4036-ac96-ff2b1bb6586f:192.168.34.51:37794, d677ca45-3229-47c7-9233-cddac554fc8b:192.168.34.51:35405], old=null
2019-10-21 09:49:35,841 [grpc-default-executor-1] INFO  impl.RaftServerImpl (RaftServerImpl.java:setRole(170)) - d677ca45-3229-47c7-9233-cddac554fc8b@group-51560639F5B9: changes role from  FOLLOWER to FOLLOWER at term 2 for recognizeCandidate:f4df8662-7415-4036-ac96-ff2b1bb6586f
2019-10-21 09:49:35,841 [grpc-default-executor-10] INFO  impl.RaftServerImpl (RaftServerImpl.java:setRole(170)) - 95a31197-fbd9-42e6-8925-3f078625a966@group-51560639F5B9: changes role from  FOLLOWER to FOLLOWER at term 2 for recognizeCandidate:f4df8662-7415-4036-ac96-ff2b1bb6586f
2019-10-21 09:49:35,841 [grpc-default-executor-1] INFO  impl.RoleInfo (RoleInfo.java:shutdownFollowerState(121)) - d677ca45-3229-47c7-9233-cddac554fc8b: shutdown FollowerState
2019-10-21 09:49:35,841 [grpc-default-executor-10] INFO  impl.RoleInfo (RoleInfo.java:shutdownFollowerState(121)) - 95a31197-fbd9-42e6-8925-3f078625a966: shutdown FollowerState
2019-10-21 09:49:35,842 [grpc-default-executor-1] INFO  impl.RoleInfo (RoleInfo.java:updateAndGet(143)) - d677ca45-3229-47c7-9233-cddac554fc8b: start FollowerState
2019-10-21 09:49:35,842 [Thread-4171] INFO  impl.FollowerState (FollowerState.java:run(117)) - 95a31197-fbd9-42e6-8925-3f078625a966@group-51560639F5B9-FollowerState was interrupted: java.lang.InterruptedException: sleep interrupted
2019-10-21 09:49:35,842 [grpc-default-executor-10] INFO  impl.RoleInfo (RoleInfo.java:updateAndGet(143)) - 95a31197-fbd9-42e6-8925-3f078625a966: start FollowerState
2019-10-21 09:49:35,842 [Thread-4169] INFO  impl.FollowerState (FollowerState.java:run(117)) - d677ca45-3229-47c7-9233-cddac554fc8b@group-51560639F5B9-FollowerState was interrupted: java.lang.InterruptedException: sleep interrupted
2019-10-21 09:49:35,856 [f4df8662-7415-4036-ac96-ff2b1bb6586f@group-51560639F5B9-LeaderElection116] INFO  impl.LeaderElection (LeaderElection.java:logAndReturn(56)) - f4df8662-7415-4036-ac96-ff2b1bb6586f@group-51560639F5B9-LeaderElection116: Election PASSED; received 1 response(s) [f4df8662-7415-4036-ac96-ff2b1bb6586f<-d677ca45-3229-47c7-9233-cddac554fc8b#0:OK-t2] and 0 exception(s); f4df8662-7415-4036-ac96-ff2b1bb6586f@group-51560639F5B9:t2, leader=null, voted=f4df8662-7415-4036-ac96-ff2b1bb6586f, raftlog=f4df8662-7415-4036-ac96-ff2b1bb6586f@group-51560639F5B9-SegmentedRaftLog:OPENED:c-1,f-1,i0, conf=-1: [95a31197-fbd9-42e6-8925-3f078625a966:192.168.34.51:42364, f4df8662-7415-4036-ac96-ff2b1bb6586f:192.168.34.51:37794, d677ca45-3229-47c7-9233-cddac554fc8b:192.168.34.51:35405], old=null
2019-10-21 09:49:35,856 [f4df8662-7415-4036-ac96-ff2b1bb6586f@group-51560639F5B9-LeaderElection116] INFO  impl.RoleInfo (RoleInfo.java:shutdownLeaderElection(134)) - f4df8662-7415-4036-ac96-ff2b1bb6586f: shutdown LeaderElection
2019-10-21 09:49:35,856 [f4df8662-7415-4036-ac96-ff2b1bb6586f@group-51560639F5B9-LeaderElection116] INFO  impl.RaftServerImpl (RaftServerImpl.java:setRole(170)) - f4df8662-7415-4036-ac96-ff2b1bb6586f@group-51560639F5B9: changes role from CANDIDATE to LEADER at term 2 for changeToLeader
2019-10-21 09:49:35,856 [f4df8662-7415-4036-ac96-ff2b1bb6586f@group-51560639F5B9-LeaderElection116] INFO  impl.RaftServerImpl (ServerState.java:setLeader(255)) - f4df8662-7415-4036-ac96-ff2b1bb6586f@group-51560639F5B9: change Leader from null to f4df8662-7415-4036-ac96-ff2b1bb6586f at term 2 for becomeLeader, leader elected after 10253ms
2019-10-21 09:49:35,856 [f4df8662-7415-4036-ac96-ff2b1bb6586f@group-51560639F5B9-LeaderElection116] INFO  server.RaftServerConfigKeys (ConfUtils.java:logGet(43)) - raft.server.staging.catchup.gap = 1000 (default)
2019-10-21 09:49:35,856 [f4df8662-7415-4036-ac96-ff2b1bb6586f@group-51560639F5B9-LeaderElection116] INFO  server.RaftServerConfigKeys (ConfUtils.java:logGet(43)) - raft.server.rpc.sleep.time = 25ms (default)
2019-10-21 09:49:35,857 [f4df8662-7415-4036-ac96-ff2b1bb6586f@group-51560639F5B9-LeaderElection116] INFO  server.RaftServerConfigKeys (ConfUtils.java:logGet(43)) - raft.server.write.element-limit = 4096 (default)
2019-10-21 09:49:35,857 [f4df8662-7415-4036-ac96-ff2b1bb6586f@group-51560639F5B9-LeaderElection116] INFO  server.RaftServerConfigKeys (ConfUtils.java:logGet(43)) - raft.server.watch.timeout = 10s (default)
2019-10-21 09:49:35,857 [f4df8662-7415-4036-ac96-ff2b1bb6586f@group-51560639F5B9-LeaderElection116] INFO  server.RaftServerConfigKeys (ConfUtils.java:logGet(43)) - raft.server.watch.timeout.denomination = 1s (default)
2019-10-21 09:49:35,857 [f4df8662-7415-4036-ac96-ff2b1bb6586f@group-51560639F5B9-LeaderElection116] INFO  server.RaftServerConfigKeys (ConfUtils.java:logGet(43)) - raft.server.watch.element-limit = 65536 (default)
2019-10-21 09:49:35,859 [f4df8662-7415-4036-ac96-ff2b1bb6586f@group-51560639F5B9-LeaderElection116] INFO  server.RaftServerConfigKeys (ConfUtils.java:logGet(43)) - raft.server.log.appender.snapshot.chunk.size.max = 16MB (=16777216) (default)
2019-10-21 09:49:35,859 [f4df8662-7415-4036-ac96-ff2b1bb6586f@group-51560639F5B9-LeaderElection116] INFO  server.RaftServerConfigKeys (ConfUtils.java:logGet(43)) - raft.server.log.appender.buffer.byte-limit = 33554432 (custom)
2019-10-21 09:49:35,859 [f4df8662-7415-4036-ac96-ff2b1bb6586f@group-51560639F5B9-LeaderElection116] INFO  server.RaftServerConfigKeys (ConfUtils.java:logGet(43)) - raft.server.log.appender.buffer.element-limit = 1 (custom)
2019-10-21 09:49:35,860 [f4df8662-7415-4036-ac96-ff2b1bb6586f@group-51560639F5B9-LeaderElection116] INFO  grpc.GrpcConfigKeys$Server (ConfUtils.java:logGet(43)) - raft.grpc.server.leader.outstanding.appends.max = 128 (default)
2019-10-21 09:49:35,860 [f4df8662-7415-4036-ac96-ff2b1bb6586f@group-51560639F5B9-LeaderElection116] INFO  server.RaftServerConfigKeys (ConfUtils.java:logGet(43)) - raft.server.rpc.request.timeout = 3000ms (default)
2019-10-21 09:49:35,860 [f4df8662-7415-4036-ac96-ff2b1bb6586f@group-51560639F5B9-LeaderElection116] INFO  server.RaftServerConfigKeys (ConfUtils.java:logGet(43)) - raft.server.log.appender.install.snapshot.enabled = false (custom)
2019-10-21 09:49:35,860 [f4df8662-7415-4036-ac96-ff2b1bb6586f@group-51560639F5B9-LeaderElection116] INFO  server.RaftServerConfigKeys (ConfUtils.java:logGet(43)) - raft.server.log.appender.snapshot.chunk.size.max = 16MB (=16777216) (default)
2019-10-21 09:49:35,860 [f4df8662-7415-4036-ac96-ff2b1bb6586f@group-51560639F5B9-LeaderElection116] INFO  server.RaftServerConfigKeys (ConfUtils.java:logGet(43)) - raft.server.log.appender.buffer.byte-limit = 33554432 (custom)
2019-10-21 09:49:35,860 [f4df8662-7415-4036-ac96-ff2b1bb6586f@group-51560639F5B9-LeaderElection116] INFO  server.RaftServerConfigKeys (ConfUtils.java:logGet(43)) - raft.server.log.appender.buffer.element-limit = 1 (custom)
2019-10-21 09:49:35,860 [f4df8662-7415-4036-ac96-ff2b1bb6586f@group-51560639F5B9-LeaderElection116] INFO  grpc.GrpcConfigKeys$Server (ConfUtils.java:logGet(43)) - raft.grpc.server.leader.outstanding.appends.max = 128 (default)
2019-10-21 09:49:35,861 [f4df8662-7415-4036-ac96-ff2b1bb6586f@group-51560639F5B9-LeaderElection116] INFO  server.RaftServerConfigKeys (ConfUtils.java:logGet(43)) - raft.server.rpc.request.timeout = 3000ms (default)
2019-10-21 09:49:35,861 [f4df8662-7415-4036-ac96-ff2b1bb6586f@group-51560639F5B9-LeaderElection116] INFO  server.RaftServerConfigKeys (ConfUtils.java:logGet(43)) - raft.server.log.appender.install.snapshot.enabled = false (custom)
2019-10-21 09:49:35,861 [f4df8662-7415-4036-ac96-ff2b1bb6586f@group-51560639F5B9-LeaderElection116] INFO  impl.RoleInfo (RoleInfo.java:updateAndGet(143)) - f4df8662-7415-4036-ac96-ff2b1bb6586f: start LeaderState
2019-10-21 09:49:35,861 [f4df8662-7415-4036-ac96-ff2b1bb6586f@group-51560639F5B9-LeaderElection116] INFO  segmented.SegmentedRaftLogWorker (SegmentedRaftLogWorker.java:startLogSegment(385)) - f4df8662-7415-4036-ac96-ff2b1bb6586f@group-51560639F5B9-SegmentedRaftLogWorker: Starting segment from index:0
2019-10-21 09:49:35,862 [f4df8662-7415-4036-ac96-ff2b1bb6586f@group-51560639F5B9-LeaderElection116] INFO  impl.RaftServerImpl (ServerState.java:setRaftConf(356)) - f4df8662-7415-4036-ac96-ff2b1bb6586f@group-51560639F5B9: set configuration 0: [95a31197-fbd9-42e6-8925-3f078625a966:192.168.34.51:42364, f4df8662-7415-4036-ac96-ff2b1bb6586f:192.168.34.51:37794, d677ca45-3229-47c7-9233-cddac554fc8b:192.168.34.51:35405], old=null at 0
2019-10-21 09:49:35,863 [grpc-default-executor-10] INFO  impl.RaftServerImpl (ServerState.java:setLeader(255)) - 95a31197-fbd9-42e6-8925-3f078625a966@group-51560639F5B9: change Leader from null to f4df8662-7415-4036-ac96-ff2b1bb6586f at term 2 for appendEntries, leader elected after 10260ms
2019-10-21 09:49:35,898 [grpc-default-executor-1] INFO  impl.RaftServerImpl (ServerState.java:setLeader(255)) - d677ca45-3229-47c7-9233-cddac554fc8b@group-51560639F5B9: change Leader from null to f4df8662-7415-4036-ac96-ff2b1bb6586f at term 2 for appendEntries, leader elected after 10296ms
2019-10-21 09:49:35,899 [grpc-default-executor-1] INFO  impl.RaftServerImpl (ServerState.java:setRaftConf(356)) - 95a31197-fbd9-42e6-8925-3f078625a966@group-51560639F5B9: set configuration 0: [95a31197-fbd9-42e6-8925-3f078625a966:192.168.34.51:42364, f4df8662-7415-4036-ac96-ff2b1bb6586f:192.168.34.51:37794, d677ca45-3229-47c7-9233-cddac554fc8b:192.168.34.51:35405], old=null at 0
2019-10-21 09:49:35,900 [grpc-default-executor-1] INFO  segmented.SegmentedRaftLogWorker (SegmentedRaftLogWorker.java:startLogSegment(385)) - 95a31197-fbd9-42e6-8925-3f078625a966@group-51560639F5B9-SegmentedRaftLogWorker: Starting segment from index:0
2019-10-21 09:49:35,900 [grpc-default-executor-10] INFO  impl.RaftServerImpl (ServerState.java:setRaftConf(356)) - d677ca45-3229-47c7-9233-cddac554fc8b@group-51560639F5B9: set configuration 0: [95a31197-fbd9-42e6-8925-3f078625a966:192.168.34.51:42364, f4df8662-7415-4036-ac96-ff2b1bb6586f:192.168.34.51:37794, d677ca45-3229-47c7-9233-cddac554fc8b:192.168.34.51:35405], old=null at 0
2019-10-21 09:49:35,900 [grpc-default-executor-10] INFO  segmented.SegmentedRaftLogWorker (SegmentedRaftLogWorker.java:startLogSegment(385)) - d677ca45-3229-47c7-9233-cddac554fc8b@group-51560639F5B9-SegmentedRaftLogWorker: Starting segment from index:0
2019-10-21 09:49:35,910 [f4df8662-7415-4036-ac96-ff2b1bb6586f@group-51560639F5B9-SegmentedRaftLogWorker] INFO  segmented.SegmentedRaftLogWorker (SegmentedRaftLogWorker.java:execute(574)) - f4df8662-7415-4036-ac96-ff2b1bb6586f@group-51560639F5B9-SegmentedRaftLogWorker: created new log segment /workdir/hadoop-ozone/integration-test/target/test-dir/MiniOzoneClusterImpl-4293bdbb-7b7b-4247-8a28-8ef3a725fd91/datanode-5/data/ratis/ba2b7668-2085-4e80-993d-51560639f5b9/current/log_inprogress_0
2019-10-21 09:49:35,960 [d677ca45-3229-47c7-9233-cddac554fc8b@group-51560639F5B9-SegmentedRaftLogWorker] INFO  segmented.SegmentedRaftLogWorker (SegmentedRaftLogWorker.java:execute(574)) - d677ca45-3229-47c7-9233-cddac554fc8b@group-51560639F5B9-SegmentedRaftLogWorker: created new log segment /workdir/hadoop-ozone/integration-test/target/test-dir/MiniOzoneClusterImpl-4293bdbb-7b7b-4247-8a28-8ef3a725fd91/datanode-3/data/ratis/ba2b7668-2085-4e80-993d-51560639f5b9/current/log_inprogress_0
2019-10-21 09:49:35,960 [95a31197-fbd9-42e6-8925-3f078625a966@group-51560639F5B9-SegmentedRaftLogWorker] INFO  segmented.SegmentedRaftLogWorker (SegmentedRaftLogWorker.java:execute(574)) - 95a31197-fbd9-42e6-8925-3f078625a966@group-51560639F5B9-SegmentedRaftLogWorker: created new log segment /workdir/hadoop-ozone/integration-test/target/test-dir/MiniOzoneClusterImpl-4293bdbb-7b7b-4247-8a28-8ef3a725fd91/datanode-6/data/ratis/ba2b7668-2085-4e80-993d-51560639f5b9/current/log_inprogress_0
2019-10-21 09:49:38,064 [main] WARN  scm.XceiverClientRatis (XceiverClientRatis.java:watchForCommit(277)) - 3 way commit failed on pipeline Pipeline[ Id: ba2b7668-2085-4e80-993d-51560639f5b9, Nodes: d677ca45-3229-47c7-9233-cddac554fc8b{ip: 192.168.34.51, host: pr-hdds-2291-fkckm-1634098129, networkLocation: /default-rack, certSerialId: null}f4df8662-7415-4036-ac96-ff2b1bb6586f{ip: 192.168.34.51, host: pr-hdds-2291-fkckm-1634098129, networkLocation: /default-rack, certSerialId: null}95a31197-fbd9-42e6-8925-3f078625a966{ip: 192.168.34.51, host: pr-hdds-2291-fkckm-1634098129, networkLocation: /default-rack, certSerialId: null}, Type:RATIS, Factor:THREE, State:OPEN]
java.util.concurrent.TimeoutException
	at java.util.concurrent.CompletableFuture.timedGet(CompletableFuture.java:1771)
	at java.util.concurrent.CompletableFuture.get(CompletableFuture.java:1915)
	at org.apache.hadoop.hdds.scm.XceiverClientRatis.watchForCommit(XceiverClientRatis.java:274)
	at org.apache.hadoop.hdds.scm.storage.CommitWatcher.watchForCommit(CommitWatcher.java:198)
	at org.apache.hadoop.hdds.scm.storage.CommitWatcher.watchOnFirstIndex(CommitWatcher.java:137)
	at org.apache.hadoop.hdds.scm.storage.BlockOutputStream.watchForCommit(BlockOutputStream.java:346)
	at org.apache.hadoop.hdds.scm.storage.BlockOutputStream.handleFullBuffer(BlockOutputStream.java:323)
	at org.apache.hadoop.hdds.scm.storage.BlockOutputStream.write(BlockOutputStream.java:250)
	at org.apache.hadoop.ozone.client.io.BlockOutputStreamEntry.write(BlockOutputStreamEntry.java:129)
	at org.apache.hadoop.ozone.client.io.KeyOutputStream.handleWrite(KeyOutputStream.java:208)
	at org.apache.hadoop.ozone.client.io.KeyOutputStream.write(KeyOutputStream.java:190)
	at org.apache.hadoop.ozone.client.io.OzoneOutputStream.write(OzoneOutputStream.java:49)
	at java.io.OutputStream.write(OutputStream.java:75)
	at org.apache.hadoop.ozone.client.rpc.TestBlockOutputStreamWithFailures.testWatchForCommitWithCloseContainerException(TestBlockOutputStreamWithFailures.java:143)
	at sun.reflect.NativeMethodAccessorImpl.invoke0(Native Method)
	at sun.reflect.NativeMethodAccessorImpl.invoke(NativeMethodAccessorImpl.java:62)
	at sun.reflect.DelegatingMethodAccessorImpl.invoke(DelegatingMethodAccessorImpl.java:43)
	at java.lang.reflect.Method.invoke(Method.java:498)
	at org.junit.runners.model.FrameworkMethod$1.runReflectiveCall(FrameworkMethod.java:47)
	at org.junit.internal.runners.model.ReflectiveCallable.run(ReflectiveCallable.java:12)
	at org.junit.runners.model.FrameworkMethod.invokeExplosively(FrameworkMethod.java:44)
	at org.junit.internal.runners.statements.InvokeMethod.evaluate(InvokeMethod.java:17)
	at org.junit.internal.runners.statements.RunBefores.evaluate(RunBefores.java:26)
	at org.junit.internal.runners.statements.RunAfters.evaluate(RunAfters.java:27)
	at org.junit.runners.ParentRunner.runLeaf(ParentRunner.java:271)
	at org.junit.runners.BlockJUnit4ClassRunner.runChild(BlockJUnit4ClassRunner.java:70)
	at org.junit.runners.BlockJUnit4ClassRunner.runChild(BlockJUnit4ClassRunner.java:50)
	at org.junit.runners.ParentRunner$3.run(ParentRunner.java:238)
	at org.junit.runners.ParentRunner$1.schedule(ParentRunner.java:63)
	at org.junit.runners.ParentRunner.runChildren(ParentRunner.java:236)
	at org.junit.runners.ParentRunner.access$000(ParentRunner.java:53)
	at org.junit.runners.ParentRunner$2.evaluate(ParentRunner.java:229)
	at org.junit.runners.ParentRunner.run(ParentRunner.java:309)
	at org.apache.maven.surefire.junit4.JUnit4Provider.execute(JUnit4Provider.java:365)
	at org.apache.maven.surefire.junit4.JUnit4Provider.executeWithRerun(JUnit4Provider.java:273)
	at org.apache.maven.surefire.junit4.JUnit4Provider.executeTestSet(JUnit4Provider.java:238)
	at org.apache.maven.surefire.junit4.JUnit4Provider.invoke(JUnit4Provider.java:159)
	at org.apache.maven.surefire.booter.ForkedBooter.invokeProviderInSameClassLoader(ForkedBooter.java:384)
	at org.apache.maven.surefire.booter.ForkedBooter.runSuitesInProcess(ForkedBooter.java:345)
	at org.apache.maven.surefire.booter.ForkedBooter.execute(ForkedBooter.java:126)
	at org.apache.maven.surefire.booter.ForkedBooter.main(ForkedBooter.java:418)
2019-10-21 09:49:39,067 [main] WARN  storage.CommitWatcher (CommitWatcher.java:watchForCommit(207)) - watchForCommit failed for index 4
java.util.concurrent.TimeoutException
	at java.util.concurrent.CompletableFuture.timedGet(CompletableFuture.java:1771)
	at java.util.concurrent.CompletableFuture.get(CompletableFuture.java:1915)
	at org.apache.hadoop.hdds.scm.XceiverClientRatis.watchForCommit(XceiverClientRatis.java:283)
	at org.apache.hadoop.hdds.scm.storage.CommitWatcher.watchForCommit(CommitWatcher.java:198)
	at org.apache.hadoop.hdds.scm.storage.CommitWatcher.watchOnFirstIndex(CommitWatcher.java:137)
	at org.apache.hadoop.hdds.scm.storage.BlockOutputStream.watchForCommit(BlockOutputStream.java:346)
	at org.apache.hadoop.hdds.scm.storage.BlockOutputStream.handleFullBuffer(BlockOutputStream.java:323)
	at org.apache.hadoop.hdds.scm.storage.BlockOutputStream.write(BlockOutputStream.java:250)
	at org.apache.hadoop.ozone.client.io.BlockOutputStreamEntry.write(BlockOutputStreamEntry.java:129)
	at org.apache.hadoop.ozone.client.io.KeyOutputStream.handleWrite(KeyOutputStream.java:208)
	at org.apache.hadoop.ozone.client.io.KeyOutputStream.write(KeyOutputStream.java:190)
	at org.apache.hadoop.ozone.client.io.OzoneOutputStream.write(OzoneOutputStream.java:49)
	at java.io.OutputStream.write(OutputStream.java:75)
	at org.apache.hadoop.ozone.client.rpc.TestBlockOutputStreamWithFailures.testWatchForCommitWithCloseContainerException(TestBlockOutputStreamWithFailures.java:143)
	at sun.reflect.NativeMethodAccessorImpl.invoke0(Native Method)
	at sun.reflect.NativeMethodAccessorImpl.invoke(NativeMethodAccessorImpl.java:62)
	at sun.reflect.DelegatingMethodAccessorImpl.invoke(DelegatingMethodAccessorImpl.java:43)
	at java.lang.reflect.Method.invoke(Method.java:498)
	at org.junit.runners.model.FrameworkMethod$1.runReflectiveCall(FrameworkMethod.java:47)
	at org.junit.internal.runners.model.ReflectiveCallable.run(ReflectiveCallable.java:12)
	at org.junit.runners.model.FrameworkMethod.invokeExplosively(FrameworkMethod.java:44)
	at org.junit.internal.runners.statements.InvokeMethod.evaluate(InvokeMethod.java:17)
	at org.junit.internal.runners.statements.RunBefores.evaluate(RunBefores.java:26)
	at org.junit.internal.runners.statements.RunAfters.evaluate(RunAfters.java:27)
	at org.junit.runners.ParentRunner.runLeaf(ParentRunner.java:271)
	at org.junit.runners.BlockJUnit4ClassRunner.runChild(BlockJUnit4ClassRunner.java:70)
	at org.junit.runners.BlockJUnit4ClassRunner.runChild(BlockJUnit4ClassRunner.java:50)
	at org.junit.runners.ParentRunner$3.run(ParentRunner.java:238)
	at org.junit.runners.ParentRunner$1.schedule(ParentRunner.java:63)
	at org.junit.runners.ParentRunner.runChildren(ParentRunner.java:236)
	at org.junit.runners.ParentRunner.access$000(ParentRunner.java:53)
	at org.junit.runners.ParentRunner$2.evaluate(ParentRunner.java:229)
	at org.junit.runners.ParentRunner.run(ParentRunner.java:309)
	at org.apache.maven.surefire.junit4.JUnit4Provider.execute(JUnit4Provider.java:365)
	at org.apache.maven.surefire.junit4.JUnit4Provider.executeWithRerun(JUnit4Provider.java:273)
	at org.apache.maven.surefire.junit4.JUnit4Provider.executeTestSet(JUnit4Provider.java:238)
	at org.apache.maven.surefire.junit4.JUnit4Provider.invoke(JUnit4Provider.java:159)
	at org.apache.maven.surefire.booter.ForkedBooter.invokeProviderInSameClassLoader(ForkedBooter.java:384)
	at org.apache.maven.surefire.booter.ForkedBooter.runSuitesInProcess(ForkedBooter.java:345)
	at org.apache.maven.surefire.booter.ForkedBooter.execute(ForkedBooter.java:126)
	at org.apache.maven.surefire.booter.ForkedBooter.main(ForkedBooter.java:418)
2019-10-21 09:49:39,068 [main] WARN  io.KeyOutputStream (KeyOutputStream.java:handleException(274)) - Encountered exception java.io.IOException: Unexpected Storage Container Exception: java.io.IOException: Unexpected Storage Container Exception: java.util.concurrent.TimeoutException on the pipeline Pipeline[ Id: ba2b7668-2085-4e80-993d-51560639f5b9, Nodes: d677ca45-3229-47c7-9233-cddac554fc8b{ip: 192.168.34.51, host: pr-hdds-2291-fkckm-1634098129, networkLocation: /default-rack, certSerialId: null}f4df8662-7415-4036-ac96-ff2b1bb6586f{ip: 192.168.34.51, host: pr-hdds-2291-fkckm-1634098129, networkLocation: /default-rack, certSerialId: null}95a31197-fbd9-42e6-8925-3f078625a966{ip: 192.168.34.51, host: pr-hdds-2291-fkckm-1634098129, networkLocation: /default-rack, certSerialId: null}, Type:RATIS, Factor:THREE, State:OPEN]. The last committed block length is 0, uncommitted data length is 400 retry count 0
2019-10-21 09:49:39,534 [main] INFO  ozone.MiniOzoneClusterImpl (MiniOzoneClusterImpl.java:shutdown(314)) - Shutting down the Mini Ozone Cluster
2019-10-21 09:49:39,534 [main] INFO  ozone.MiniOzoneClusterImpl (MiniOzoneClusterImpl.java:stop(330)) - Stopping the Mini Ozone Cluster
2019-10-21 09:49:39,534 [main] INFO  ozone.MiniOzoneClusterImpl (MiniOzoneClusterImpl.java:stopOM(400)) - Stopping the OzoneManager
2019-10-21 09:49:39,534 [main] INFO  ipc.Server (Server.java:stop(3082)) - Stopping server on 40774
2019-10-21 09:49:39,545 [IPC Server listener on 40774] INFO  ipc.Server (Server.java:run(1185)) - Stopping IPC Server listener on 40774
2019-10-21 09:49:39,549 [IPC Server Responder] INFO  ipc.Server (Server.java:run(1319)) - Stopping IPC Server Responder
2019-10-21 09:49:39,549 [main] INFO  ratis.OzoneManagerDoubleBuffer (OzoneManagerDoubleBuffer.java:stop(250)) - Stopping OMDoubleBuffer flush thread
2019-10-21 09:49:39,560 [OMDoubleBufferFlushThread] INFO  ratis.OzoneManagerDoubleBuffer (OzoneManagerDoubleBuffer.java:flushTransactions(193)) - OMDoubleBuffer flush thread OMDoubleBufferFlushThread is interrupted and will exit. OMDoubleBufferFlushThread
2019-10-21 09:49:39,560 [main] INFO  utils.BackgroundService (BackgroundService.java:shutdown(151)) - Shutting down service KeyDeletingService
2019-10-21 09:49:39,561 [main] INFO  handler.ContextHandler (ContextHandler.java:doStop(910)) - Stopped o.e.j.w.WebAppContext@72b40f87{/,null,UNAVAILABLE}{/ozoneManager}
2019-10-21 09:49:39,562 [main] INFO  server.AbstractConnector (AbstractConnector.java:doStop(318)) - Stopped ServerConnector@2475fba3{HTTP/1.1,[http/1.1]}{0.0.0.0:0}
2019-10-21 09:49:39,562 [main] INFO  handler.ContextHandler (ContextHandler.java:doStop(910)) - Stopped o.e.j.s.ServletContextHandler@16ac4d3d{/static,file:///workdir/hadoop-ozone/integration-test/target/test-classes/webapps/static,UNAVAILABLE}
2019-10-21 09:49:39,562 [main] INFO  handler.ContextHandler (ContextHandler.java:doStop(910)) - Stopped o.e.j.s.ServletContextHandler@68e47e7{/logs,file:///workdir/hadoop-ozone/integration-test/target/log,UNAVAILABLE}
2019-10-21 09:49:39,569 [main] INFO  ozone.MiniOzoneClusterImpl (MiniOzoneClusterImpl.java:stopDatanodes(377)) - Stopping the HddsDatanodes
2019-10-21 09:49:40,233 [Datanode State Machine Thread - 0] INFO  statemachine.DatanodeStateMachine (DatanodeStateMachine.java:lambda$startDaemon$0(350)) - Ozone container server started.
2019-10-21 09:49:40,309 [Datanode State Machine Thread - 0] INFO  statemachine.DatanodeStateMachine (DatanodeStateMachine.java:lambda$startDaemon$0(350)) - Ozone container server started.
2019-10-21 09:49:44,318 [EventQueue-StaleNodeForStaleNodeHandler] INFO  node.StaleNodeHandler (StaleNodeHandler.java:onMessage(58)) - Datanode 54cc6ee4-85aa-4390-b29f-1c813cd489af{ip: 192.168.34.51, host: pr-hdds-2291-fkckm-1634098129, networkLocation: /default-rack, certSerialId: null} moved to stale state. Finalizing its pipelines [PipelineID=3f6ce7ef-981d-4694-acce-b22c93fbfd06, PipelineID=11f5ad69-0e66-43f6-b1db-d2f00b31e8bd]
2019-10-21 09:49:44,319 [EventQueue-StaleNodeForStaleNodeHandler] INFO  pipeline.SCMPipelineManager (SCMPipelineManager.java:finalizeAndDestroyPipeline(315)) - destroying pipeline:Pipeline[ Id: 3f6ce7ef-981d-4694-acce-b22c93fbfd06, Nodes: 54cc6ee4-85aa-4390-b29f-1c813cd489af{ip: 192.168.34.51, host: pr-hdds-2291-fkckm-1634098129, networkLocation: /default-rack, certSerialId: null}dfb1800d-4985-4fe1-8971-c050908b89b5{ip: 192.168.34.51, host: pr-hdds-2291-fkckm-1634098129, networkLocation: /default-rack, certSerialId: null}c2925b1d-00ad-4d76-9426-86b6c6682e26{ip: 192.168.34.51, host: pr-hdds-2291-fkckm-1634098129, networkLocation: /default-rack, certSerialId: null}, Type:RATIS, Factor:THREE, State:OPEN]
2019-10-21 09:49:44,319 [EventQueue-StaleNodeForStaleNodeHandler] INFO  pipeline.PipelineStateManager (PipelineStateManager.java:finalizePipeline(123)) - Pipeline Pipeline[ Id: 3f6ce7ef-981d-4694-acce-b22c93fbfd06, Nodes: 54cc6ee4-85aa-4390-b29f-1c813cd489af{ip: 192.168.34.51, host: pr-hdds-2291-fkckm-1634098129, networkLocation: /default-rack, certSerialId: null}dfb1800d-4985-4fe1-8971-c050908b89b5{ip: 192.168.34.51, host: pr-hdds-2291-fkckm-1634098129, networkLocation: /default-rack, certSerialId: null}c2925b1d-00ad-4d76-9426-86b6c6682e26{ip: 192.168.34.51, host: pr-hdds-2291-fkckm-1634098129, networkLocation: /default-rack, certSerialId: null}, Type:RATIS, Factor:THREE, State:CLOSED] moved to CLOSED state
2019-10-21 09:49:44,320 [EventQueue-CloseContainerForCloseContainerEventHandler] INFO  container.CloseContainerEventHandler (CloseContainerEventHandler.java:onMessage(61)) - Close container Event triggered for container : #2
2019-10-21 09:49:44,320 [EventQueue-StaleNodeForStaleNodeHandler] INFO  pipeline.SCMPipelineManager (SCMPipelineManager.java:finalizeAndDestroyPipeline(315)) - destroying pipeline:Pipeline[ Id: 11f5ad69-0e66-43f6-b1db-d2f00b31e8bd, Nodes: 54cc6ee4-85aa-4390-b29f-1c813cd489af{ip: 192.168.34.51, host: pr-hdds-2291-fkckm-1634098129, networkLocation: /default-rack, certSerialId: null}, Type:RATIS, Factor:ONE, State:OPEN]
2019-10-21 09:49:44,326 [EventQueue-StaleNodeForStaleNodeHandler] INFO  pipeline.PipelineStateManager (PipelineStateManager.java:finalizePipeline(123)) - Pipeline Pipeline[ Id: 11f5ad69-0e66-43f6-b1db-d2f00b31e8bd, Nodes: 54cc6ee4-85aa-4390-b29f-1c813cd489af{ip: 192.168.34.51, host: pr-hdds-2291-fkckm-1634098129, networkLocation: /default-rack, certSerialId: null}, Type:RATIS, Factor:ONE, State:CLOSED] moved to CLOSED state
2019-10-21 09:49:44,326 [EventQueue-StaleNodeForStaleNodeHandler] INFO  node.StaleNodeHandler (StaleNodeHandler.java:onMessage(58)) - Datanode 72533202-8799-4247-b1d2-fee90ff5efff{ip: 192.168.34.51, host: pr-hdds-2291-fkckm-1634098129, networkLocation: /default-rack, certSerialId: null} moved to stale state. Finalizing its pipelines [PipelineID=0a3c8517-ccbc-4d8e-af17-f894b7156987]
2019-10-21 09:49:44,326 [EventQueue-StaleNodeForStaleNodeHandler] INFO  pipeline.SCMPipelineManager (SCMPipelineManager.java:finalizeAndDestroyPipeline(315)) - destroying pipeline:Pipeline[ Id: 0a3c8517-ccbc-4d8e-af17-f894b7156987, Nodes: 72533202-8799-4247-b1d2-fee90ff5efff{ip: 192.168.34.51, host: pr-hdds-2291-fkckm-1634098129, networkLocation: /default-rack, certSerialId: null}, Type:RATIS, Factor:ONE, State:OPEN]
2019-10-21 09:49:44,326 [EventQueue-StaleNodeForStaleNodeHandler] INFO  pipeline.PipelineStateManager (PipelineStateManager.java:finalizePipeline(123)) - Pipeline Pipeline[ Id: 0a3c8517-ccbc-4d8e-af17-f894b7156987, Nodes: 72533202-8799-4247-b1d2-fee90ff5efff{ip: 192.168.34.51, host: pr-hdds-2291-fkckm-1634098129, networkLocation: /default-rack, certSerialId: null}, Type:RATIS, Factor:ONE, State:CLOSED] moved to CLOSED state
2019-10-21 09:49:44,570 [ForkJoinPool.commonPool-worker-1] INFO  ozoneimpl.OzoneContainer (OzoneContainer.java:stop(227)) - Attempting to stop container services.
2019-10-21 09:49:44,570 [main] INFO  ozoneimpl.OzoneContainer (OzoneContainer.java:stop(227)) - Attempting to stop container services.
2019-10-21 09:49:44,571 [ForkJoinPool.commonPool-worker-1] INFO  impl.RaftServerProxy (RaftServerProxy.java:lambda$close$4(314)) - 54cc6ee4-85aa-4390-b29f-1c813cd489af: close
2019-10-21 09:49:44,571 [main] INFO  impl.RaftServerProxy (RaftServerProxy.java:lambda$close$4(314)) - 72533202-8799-4247-b1d2-fee90ff5efff: close
2019-10-21 09:49:44,572 [ForkJoinPool.commonPool-worker-1] INFO  impl.RaftServerImpl (RaftServerImpl.java:lambda$shutdown$3(247)) - 54cc6ee4-85aa-4390-b29f-1c813cd489af@group-B22C93FBFD06: shutdown
2019-10-21 09:49:44,572 [main] INFO  impl.RaftServerImpl (RaftServerImpl.java:lambda$shutdown$3(247)) - 72533202-8799-4247-b1d2-fee90ff5efff@group-F894B7156987: shutdown
2019-10-21 09:49:44,572 [ForkJoinPool.commonPool-worker-1] INFO  util.JmxRegister (JmxRegister.java:unregister(73)) - Successfully un-registered JMX Bean with object name Ratis:service=RaftServer,group=group-B22C93FBFD06,id=54cc6ee4-85aa-4390-b29f-1c813cd489af
2019-10-21 09:49:44,572 [main] INFO  util.JmxRegister (JmxRegister.java:unregister(73)) - Successfully un-registered JMX Bean with object name Ratis:service=RaftServer,group=group-F894B7156987,id=72533202-8799-4247-b1d2-fee90ff5efff
2019-10-21 09:49:44,573 [ForkJoinPool.commonPool-worker-1] INFO  impl.RoleInfo (RoleInfo.java:shutdownFollowerState(121)) - 54cc6ee4-85aa-4390-b29f-1c813cd489af: shutdown FollowerState
2019-10-21 09:49:44,573 [main] INFO  impl.RoleInfo (RoleInfo.java:shutdownLeaderState(104)) - 72533202-8799-4247-b1d2-fee90ff5efff: shutdown LeaderState
2019-10-21 09:49:44,573 [Thread-4146] INFO  impl.FollowerState (FollowerState.java:run(117)) - 54cc6ee4-85aa-4390-b29f-1c813cd489af@group-B22C93FBFD06-FollowerState was interrupted: java.lang.InterruptedException: sleep interrupted
2019-10-21 09:49:44,574 [54cc6ee4-85aa-4390-b29f-1c813cd489af@group-B22C93FBFD06-StateMachineUpdater] INFO  ratis.ContainerStateMachine (ContainerStateMachine.java:takeSnapshot(294)) - group-B22C93FBFD06: Taking a snapshot at:(t:1, i:7) file /workdir/hadoop-ozone/integration-test/target/test-dir/MiniOzoneClusterImpl-4293bdbb-7b7b-4247-8a28-8ef3a725fd91/datanode-1/data/ratis/3f6ce7ef-981d-4694-acce-b22c93fbfd06/sm/snapshot.1_7
2019-10-21 09:49:44,573 [ForkJoinPool.commonPool-worker-1] INFO  impl.StateMachineUpdater (StateMachineUpdater.java:stopAndJoin(136)) - 54cc6ee4-85aa-4390-b29f-1c813cd489af@group-B22C93FBFD06-StateMachineUpdater: set stopIndex = 12
2019-10-21 09:49:44,574 [main] INFO  impl.PendingRequests (PendingRequests.java:sendNotLeaderResponses(202)) - 72533202-8799-4247-b1d2-fee90ff5efff@group-F894B7156987-PendingRequests: sendNotLeaderResponses
2019-10-21 09:49:44,577 [main] INFO  impl.StateMachineUpdater (StateMachineUpdater.java:stopAndJoin(136)) - 72533202-8799-4247-b1d2-fee90ff5efff@group-F894B7156987-StateMachineUpdater: set stopIndex = 0
2019-10-21 09:49:44,577 [main] INFO  impl.RaftServerImpl (ServerState.java:close(387)) - 72533202-8799-4247-b1d2-fee90ff5efff@group-F894B7156987: closes. applyIndex: 0
2019-10-21 09:49:44,578 [72533202-8799-4247-b1d2-fee90ff5efff@group-F894B7156987-SegmentedRaftLogWorker] INFO  segmented.SegmentedRaftLogWorker (SegmentedRaftLogWorker.java:run(316)) - 72533202-8799-4247-b1d2-fee90ff5efff@group-F894B7156987-SegmentedRaftLogWorker was interrupted, exiting. There are 0 tasks remaining in the queue.
2019-10-21 09:49:44,579 [main] INFO  segmented.SegmentedRaftLogWorker (SegmentedRaftLogWorker.java:close(224)) - 72533202-8799-4247-b1d2-fee90ff5efff@group-F894B7156987-SegmentedRaftLogWorker close()
2019-10-21 09:49:44,582 [main] INFO  server.GrpcService (GrpcService.java:closeImpl(164)) - 72533202-8799-4247-b1d2-fee90ff5efff: shutdown server with port 43231 now
2019-10-21 09:49:44,584 [main] INFO  server.GrpcService (GrpcService.java:closeImpl(172)) - 72533202-8799-4247-b1d2-fee90ff5efff: shutdown server with port 43231 successfully
2019-10-21 09:49:44,587 [refreshUsed-/workdir/hadoop-ozone/integration-test/target/test-dir/MiniOzoneClusterImpl-4293bdbb-7b7b-4247-8a28-8ef3a725fd91/datanode-4/data/containers] WARN  fs.CachingGetSpaceUsed (CachingGetSpaceUsed.java:run(183)) - Thread Interrupted waiting to refresh disk information: sleep interrupted
2019-10-21 09:49:44,597 [54cc6ee4-85aa-4390-b29f-1c813cd489af@group-B22C93FBFD06-StateMachineUpdater] INFO  ratis.ContainerStateMachine (ContainerStateMachine.java:takeSnapshot(305)) - group-B22C93FBFD06: Finished taking a snapshot at:(t:1, i:7) file:/workdir/hadoop-ozone/integration-test/target/test-dir/MiniOzoneClusterImpl-4293bdbb-7b7b-4247-8a28-8ef3a725fd91/datanode-1/data/ratis/3f6ce7ef-981d-4694-acce-b22c93fbfd06/sm/snapshot.1_7 time:23
2019-10-21 09:49:44,597 [54cc6ee4-85aa-4390-b29f-1c813cd489af@group-B22C93FBFD06-StateMachineUpdater] INFO  impl.StateMachineUpdater (StateMachineUpdater.java:takeSnapshot(269)) - 54cc6ee4-85aa-4390-b29f-1c813cd489af@group-B22C93FBFD06-StateMachineUpdater: Took a snapshot at index 7
2019-10-21 09:49:44,597 [54cc6ee4-85aa-4390-b29f-1c813cd489af@group-B22C93FBFD06-StateMachineUpdater] INFO  impl.StateMachineUpdater (StateMachineUpdater.java:lambda$new$0(84)) - 54cc6ee4-85aa-4390-b29f-1c813cd489af@group-B22C93FBFD06-StateMachineUpdater: snapshotIndex: updateIncreasingly -1 -> 7
2019-10-21 09:49:44,597 [54cc6ee4-85aa-4390-b29f-1c813cd489af@group-B22C93FBFD06-StateMachineUpdater] INFO  ratis.ContainerStateMachine (ContainerStateMachine.java:takeSnapshot(294)) - group-B22C93FBFD06: Taking a snapshot at:(t:1, i:7) file /workdir/hadoop-ozone/integration-test/target/test-dir/MiniOzoneClusterImpl-4293bdbb-7b7b-4247-8a28-8ef3a725fd91/datanode-1/data/ratis/3f6ce7ef-981d-4694-acce-b22c93fbfd06/sm/snapshot.1_7
2019-10-21 09:49:44,605 [main] INFO  utils.BackgroundService (BackgroundService.java:shutdown(151)) - Shutting down service BlockDeletingService
2019-10-21 09:49:44,610 [main] INFO  statemachine.DatanodeStateMachine (DatanodeStateMachine.java:stopDaemon(395)) - Ozone container server stopped.
2019-10-21 09:49:44,611 [54cc6ee4-85aa-4390-b29f-1c813cd489af@group-B22C93FBFD06-StateMachineUpdater] INFO  ratis.ContainerStateMachine (ContainerStateMachine.java:takeSnapshot(305)) - group-B22C93FBFD06: Finished taking a snapshot at:(t:1, i:7) file:/workdir/hadoop-ozone/integration-test/target/test-dir/MiniOzoneClusterImpl-4293bdbb-7b7b-4247-8a28-8ef3a725fd91/datanode-1/data/ratis/3f6ce7ef-981d-4694-acce-b22c93fbfd06/sm/snapshot.1_7 time:14
2019-10-21 09:49:44,612 [54cc6ee4-85aa-4390-b29f-1c813cd489af@group-B22C93FBFD06-StateMachineUpdater] INFO  impl.StateMachineUpdater (StateMachineUpdater.java:takeSnapshot(269)) - 54cc6ee4-85aa-4390-b29f-1c813cd489af@group-B22C93FBFD06-StateMachineUpdater: Took a snapshot at index 7
2019-10-21 09:49:44,612 [main] INFO  handler.ContextHandler (ContextHandler.java:doStop(910)) - Stopped o.e.j.w.WebAppContext@38c10190{/,null,UNAVAILABLE}{/hddsDatanode}
2019-10-21 09:49:44,612 [54cc6ee4-85aa-4390-b29f-1c813cd489af@group-B22C93FBFD06-StateMachineUpdater] INFO  impl.StateMachineUpdater (StateMachineUpdater.java:lambda$new$0(84)) - 54cc6ee4-85aa-4390-b29f-1c813cd489af@group-B22C93FBFD06-StateMachineUpdater: snapshotIndex: updateIncreasingly 7 -> 7
2019-10-21 09:49:44,612 [ForkJoinPool.commonPool-worker-1] INFO  impl.RaftServerImpl (ServerState.java:close(387)) - 54cc6ee4-85aa-4390-b29f-1c813cd489af@group-B22C93FBFD06: closes. applyIndex: 12
2019-10-21 09:49:44,613 [54cc6ee4-85aa-4390-b29f-1c813cd489af@group-B22C93FBFD06-SegmentedRaftLogWorker] INFO  segmented.SegmentedRaftLogWorker (SegmentedRaftLogWorker.java:run(316)) - 54cc6ee4-85aa-4390-b29f-1c813cd489af@group-B22C93FBFD06-SegmentedRaftLogWorker was interrupted, exiting. There are 0 tasks remaining in the queue.
2019-10-21 09:49:44,614 [ForkJoinPool.commonPool-worker-1] INFO  segmented.SegmentedRaftLogWorker (SegmentedRaftLogWorker.java:close(224)) - 54cc6ee4-85aa-4390-b29f-1c813cd489af@group-B22C93FBFD06-SegmentedRaftLogWorker close()
2019-10-21 09:49:44,614 [main] INFO  server.AbstractConnector (AbstractConnector.java:doStop(318)) - Stopped ServerConnector@1cc41b77{HTTP/1.1,[http/1.1]}{0.0.0.0:0}
2019-10-21 09:49:44,617 [ForkJoinPool.commonPool-worker-1] INFO  impl.RaftServerImpl (RaftServerImpl.java:lambda$shutdown$3(247)) - 54cc6ee4-85aa-4390-b29f-1c813cd489af@group-D2F00B31E8BD: shutdown
2019-10-21 09:49:44,617 [main] INFO  handler.ContextHandler (ContextHandler.java:doStop(910)) - Stopped o.e.j.s.ServletContextHandler@1377b1a0{/static,jar:file:/home/user/.m2/repository/org/apache/hadoop/hadoop-hdds-container-service/0.5.0-SNAPSHOT/hadoop-hdds-container-service-0.5.0-SNAPSHOT.jar!/webapps/static,UNAVAILABLE}
2019-10-21 09:49:44,617 [ForkJoinPool.commonPool-worker-1] INFO  util.JmxRegister (JmxRegister.java:unregister(73)) - Successfully un-registered JMX Bean with object name Ratis:service=RaftServer,group=group-D2F00B31E8BD,id=54cc6ee4-85aa-4390-b29f-1c813cd489af
2019-10-21 09:49:44,618 [ForkJoinPool.commonPool-worker-1] INFO  impl.RoleInfo (RoleInfo.java:shutdownLeaderState(104)) - 54cc6ee4-85aa-4390-b29f-1c813cd489af: shutdown LeaderState
2019-10-21 09:49:44,618 [main] INFO  handler.ContextHandler (ContextHandler.java:doStop(910)) - Stopped o.e.j.s.ServletContextHandler@d1c5cf2{/logs,file:///workdir/hadoop-ozone/integration-test/target/log,UNAVAILABLE}
2019-10-21 09:49:44,618 [ForkJoinPool.commonPool-worker-1] INFO  impl.PendingRequests (PendingRequests.java:sendNotLeaderResponses(202)) - 54cc6ee4-85aa-4390-b29f-1c813cd489af@group-D2F00B31E8BD-PendingRequests: sendNotLeaderResponses
2019-10-21 09:49:44,618 [ForkJoinPool.commonPool-worker-1] INFO  impl.StateMachineUpdater (StateMachineUpdater.java:stopAndJoin(136)) - 54cc6ee4-85aa-4390-b29f-1c813cd489af@group-D2F00B31E8BD-StateMachineUpdater: set stopIndex = 0
2019-10-21 09:49:44,619 [ForkJoinPool.commonPool-worker-1] INFO  impl.RaftServerImpl (ServerState.java:close(387)) - 54cc6ee4-85aa-4390-b29f-1c813cd489af@group-D2F00B31E8BD: closes. applyIndex: 0
2019-10-21 09:49:44,619 [54cc6ee4-85aa-4390-b29f-1c813cd489af@group-D2F00B31E8BD-SegmentedRaftLogWorker] INFO  segmented.SegmentedRaftLogWorker (SegmentedRaftLogWorker.java:run(316)) - 54cc6ee4-85aa-4390-b29f-1c813cd489af@group-D2F00B31E8BD-SegmentedRaftLogWorker was interrupted, exiting. There are 0 tasks remaining in the queue.
2019-10-21 09:49:44,621 [ForkJoinPool.commonPool-worker-1] INFO  segmented.SegmentedRaftLogWorker (SegmentedRaftLogWorker.java:close(224)) - 54cc6ee4-85aa-4390-b29f-1c813cd489af@group-D2F00B31E8BD-SegmentedRaftLogWorker close()
2019-10-21 09:49:44,623 [ForkJoinPool.commonPool-worker-1] INFO  server.GrpcService (GrpcService.java:closeImpl(164)) - 54cc6ee4-85aa-4390-b29f-1c813cd489af: shutdown server with port 46268 now
2019-10-21 09:49:44,624 [ForkJoinPool.commonPool-worker-1] INFO  server.GrpcService (GrpcService.java:closeImpl(172)) - 54cc6ee4-85aa-4390-b29f-1c813cd489af: shutdown server with port 46268 successfully
2019-10-21 09:49:44,624 [grpc-default-executor-9] WARN  server.GrpcServerProtocolService (LogUtils.java:warn(134)) - 54cc6ee4-85aa-4390-b29f-1c813cd489af: installSnapshot onError, lastRequest: c2925b1d-00ad-4d76-9426-86b6c6682e26->54cc6ee4-85aa-4390-b29f-1c813cd489af#18-t1, previous=(t:1, i:12), leaderCommit=12, initializing? false, entries: <empty>: org.apache.ratis.thirdparty.io.grpc.StatusRuntimeException: CANCELLED: cancelled before receiving half close
2019-10-21 09:49:44,625 [grpc-default-executor-11] WARN  server.GrpcLogAppender (LogUtils.java:warn(134)) - c2925b1d-00ad-4d76-9426-86b6c6682e26@group-B22C93FBFD06->54cc6ee4-85aa-4390-b29f-1c813cd489af-AppendLogResponseHandler: Failed appendEntries: org.apache.ratis.thirdparty.io.grpc.StatusRuntimeException: CANCELLED: HTTP/2 error code: CANCEL
Received Rst Stream
2019-10-21 09:49:44,625 [grpc-default-executor-11] INFO  impl.FollowerInfo (FollowerInfo.java:lambda$new$0(51)) - c2925b1d-00ad-4d76-9426-86b6c6682e26@group-B22C93FBFD06->54cc6ee4-85aa-4390-b29f-1c813cd489af: nextIndex: updateUnconditionally 13 -> 12
2019-10-21 09:49:44,626 [refreshUsed-/workdir/hadoop-ozone/integration-test/target/test-dir/MiniOzoneClusterImpl-4293bdbb-7b7b-4247-8a28-8ef3a725fd91/datanode-1/data/containers] WARN  fs.CachingGetSpaceUsed (CachingGetSpaceUsed.java:run(183)) - Thread Interrupted waiting to refresh disk information: sleep interrupted
2019-10-21 09:49:44,640 [ForkJoinPool.commonPool-worker-1] INFO  utils.BackgroundService (BackgroundService.java:shutdown(151)) - Shutting down service BlockDeletingService
2019-10-21 09:49:44,644 [ForkJoinPool.commonPool-worker-1] INFO  statemachine.DatanodeStateMachine (DatanodeStateMachine.java:stopDaemon(395)) - Ozone container server stopped.
2019-10-21 09:49:44,661 [ForkJoinPool.commonPool-worker-1] INFO  handler.ContextHandler (ContextHandler.java:doStop(910)) - Stopped o.e.j.w.WebAppContext@5f409872{/,null,UNAVAILABLE}{/hddsDatanode}
2019-10-21 09:49:44,662 [ForkJoinPool.commonPool-worker-1] INFO  server.AbstractConnector (AbstractConnector.java:doStop(318)) - Stopped ServerConnector@547aaa32{HTTP/1.1,[http/1.1]}{0.0.0.0:0}
2019-10-21 09:49:44,663 [ForkJoinPool.commonPool-worker-1] INFO  handler.ContextHandler (ContextHandler.java:doStop(910)) - Stopped o.e.j.s.ServletContextHandler@46b6701e{/static,jar:file:/home/user/.m2/repository/org/apache/hadoop/hadoop-hdds-container-service/0.5.0-SNAPSHOT/hadoop-hdds-container-service-0.5.0-SNAPSHOT.jar!/webapps/static,UNAVAILABLE}
2019-10-21 09:49:44,665 [ForkJoinPool.commonPool-worker-1] INFO  handler.ContextHandler (ContextHandler.java:doStop(910)) - Stopped o.e.j.s.ServletContextHandler@4cd7d5e1{/logs,file:///workdir/hadoop-ozone/integration-test/target/log,UNAVAILABLE}
2019-10-21 09:49:44,929 [Datanode State Machine Thread - 0] INFO  statemachine.DatanodeStateMachine (DatanodeStateMachine.java:lambda$startDaemon$0(350)) - Ozone container server started.
2019-10-21 09:49:45,234 [Datanode State Machine Thread - 0] INFO  statemachine.DatanodeStateMachine (DatanodeStateMachine.java:lambda$startDaemon$0(350)) - Ozone container server started.
2019-10-21 09:49:46,831 [grpc-default-executor-9] WARN  server.GrpcLogAppender (LogUtils.java:warn(134)) - c2925b1d-00ad-4d76-9426-86b6c6682e26@group-B22C93FBFD06->54cc6ee4-85aa-4390-b29f-1c813cd489af-AppendLogResponseHandler: Failed appendEntries: org.apache.ratis.thirdparty.io.grpc.StatusRuntimeException: UNAVAILABLE: io exception
2019-10-21 09:49:46,833 [grpc-default-executor-9] INFO  impl.FollowerInfo (FollowerInfo.java:lambda$new$0(51)) - c2925b1d-00ad-4d76-9426-86b6c6682e26@group-B22C93FBFD06->54cc6ee4-85aa-4390-b29f-1c813cd489af: nextIndex: updateUnconditionally 12 -> 11
2019-10-21 09:49:47,255 [grpc-default-executor-11] WARN  server.GrpcLogAppender (LogUtils.java:warn(134)) - c2925b1d-00ad-4d76-9426-86b6c6682e26@group-B22C93FBFD06->54cc6ee4-85aa-4390-b29f-1c813cd489af-AppendLogResponseHandler: Failed appendEntries: org.apache.ratis.thirdparty.io.grpc.StatusRuntimeException: UNAVAILABLE: io exception
2019-10-21 09:49:47,256 [grpc-default-executor-11] INFO  impl.FollowerInfo (FollowerInfo.java:lambda$new$0(51)) - c2925b1d-00ad-4d76-9426-86b6c6682e26@group-B22C93FBFD06->54cc6ee4-85aa-4390-b29f-1c813cd489af: nextIndex: updateUnconditionally 12 -> 11
2019-10-21 09:49:47,267 [grpc-default-executor-9] WARN  server.GrpcLogAppender (LogUtils.java:warn(134)) - c2925b1d-00ad-4d76-9426-86b6c6682e26@group-B22C93FBFD06->54cc6ee4-85aa-4390-b29f-1c813cd489af-AppendLogResponseHandler: Failed appendEntries: org.apache.ratis.thirdparty.io.grpc.StatusRuntimeException: UNAVAILABLE: io exception
2019-10-21 09:49:47,267 [grpc-default-executor-9] INFO  impl.FollowerInfo (FollowerInfo.java:lambda$new$0(51)) - c2925b1d-00ad-4d76-9426-86b6c6682e26@group-B22C93FBFD06->54cc6ee4-85aa-4390-b29f-1c813cd489af: nextIndex: updateUnconditionally 12 -> 11
2019-10-21 09:49:47,268 [RatisApplyTransactionExecutor 2] INFO  interfaces.Container (KeyValueContainer.java:flushAndSyncDB(386)) - Container 2 is synced with bcsId 7.
2019-10-21 09:49:47,268 [RatisApplyTransactionExecutor 2] INFO  interfaces.Container (KeyValueContainer.java:flushAndSyncDB(386)) - Container 2 is synced with bcsId 7.
2019-10-21 09:49:47,270 [grpc-default-executor-11] WARN  server.GrpcLogAppender (LogUtils.java:warn(134)) - c2925b1d-00ad-4d76-9426-86b6c6682e26@group-B22C93FBFD06->54cc6ee4-85aa-4390-b29f-1c813cd489af-AppendLogResponseHandler: Failed appendEntries: org.apache.ratis.thirdparty.io.grpc.StatusRuntimeException: UNAVAILABLE: io exception
2019-10-21 09:49:47,270 [grpc-default-executor-11] INFO  impl.FollowerInfo (FollowerInfo.java:lambda$new$0(51)) - c2925b1d-00ad-4d76-9426-86b6c6682e26@group-B22C93FBFD06->54cc6ee4-85aa-4390-b29f-1c813cd489af: nextIndex: updateUnconditionally 12 -> 11
2019-10-21 09:49:47,283 [RatisApplyTransactionExecutor 2] INFO  interfaces.Container (KeyValueContainer.java:close(335)) - Container 2 is closed with bcsId 7.
2019-10-21 09:49:47,284 [EventQueue-IncrementalContainerReportForIncrementalContainerReportHandler] INFO  container.IncrementalContainerReportHandler (AbstractContainerReportHandler.java:updateContainerState(178)) - Moving container #2 to CLOSED state, datanode c2925b1d-00ad-4d76-9426-86b6c6682e26{ip: 192.168.34.51, host: pr-hdds-2291-fkckm-1634098129, networkLocation: /default-rack, certSerialId: null} reported CLOSED replica.
2019-10-21 09:49:47,285 [RatisApplyTransactionExecutor 2] INFO  interfaces.Container (KeyValueContainer.java:flushAndSyncDB(386)) - Container 2 is synced with bcsId 7.
2019-10-21 09:49:47,286 [RatisApplyTransactionExecutor 2] INFO  interfaces.Container (KeyValueContainer.java:flushAndSyncDB(386)) - Container 2 is synced with bcsId 7.
2019-10-21 09:49:47,299 [RatisApplyTransactionExecutor 2] INFO  interfaces.Container (KeyValueContainer.java:close(335)) - Container 2 is closed with bcsId 7.
2019-10-21 09:49:49,022 [EventQueue-StaleNodeForStaleNodeHandler] INFO  node.StaleNodeHandler (StaleNodeHandler.java:onMessage(58)) - Datanode d677ca45-3229-47c7-9233-cddac554fc8b{ip: 192.168.34.51, host: pr-hdds-2291-fkckm-1634098129, networkLocation: /default-rack, certSerialId: null} moved to stale state. Finalizing its pipelines [PipelineID=6af4b8e5-e0a7-462e-8539-5806647706a6, PipelineID=ba2b7668-2085-4e80-993d-51560639f5b9]
2019-10-21 09:49:49,022 [EventQueue-StaleNodeForStaleNodeHandler] INFO  pipeline.SCMPipelineManager (SCMPipelineManager.java:finalizeAndDestroyPipeline(315)) - destroying pipeline:Pipeline[ Id: 6af4b8e5-e0a7-462e-8539-5806647706a6, Nodes: d677ca45-3229-47c7-9233-cddac554fc8b{ip: 192.168.34.51, host: pr-hdds-2291-fkckm-1634098129, networkLocation: /default-rack, certSerialId: null}, Type:RATIS, Factor:ONE, State:OPEN]
2019-10-21 09:49:49,023 [EventQueue-StaleNodeForStaleNodeHandler] INFO  pipeline.PipelineStateManager (PipelineStateManager.java:finalizePipeline(123)) - Pipeline Pipeline[ Id: 6af4b8e5-e0a7-462e-8539-5806647706a6, Nodes: d677ca45-3229-47c7-9233-cddac554fc8b{ip: 192.168.34.51, host: pr-hdds-2291-fkckm-1634098129, networkLocation: /default-rack, certSerialId: null}, Type:RATIS, Factor:ONE, State:CLOSED] moved to CLOSED state
2019-10-21 09:49:49,023 [EventQueue-StaleNodeForStaleNodeHandler] INFO  pipeline.SCMPipelineManager (SCMPipelineManager.java:finalizeAndDestroyPipeline(315)) - destroying pipeline:Pipeline[ Id: ba2b7668-2085-4e80-993d-51560639f5b9, Nodes: d677ca45-3229-47c7-9233-cddac554fc8b{ip: 192.168.34.51, host: pr-hdds-2291-fkckm-1634098129, networkLocation: /default-rack, certSerialId: null}f4df8662-7415-4036-ac96-ff2b1bb6586f{ip: 192.168.34.51, host: pr-hdds-2291-fkckm-1634098129, networkLocation: /default-rack, certSerialId: null}95a31197-fbd9-42e6-8925-3f078625a966{ip: 192.168.34.51, host: pr-hdds-2291-fkckm-1634098129, networkLocation: /default-rack, certSerialId: null}, Type:RATIS, Factor:THREE, State:OPEN]
2019-10-21 09:49:49,023 [EventQueue-StaleNodeForStaleNodeHandler] INFO  pipeline.PipelineStateManager (PipelineStateManager.java:finalizePipeline(123)) - Pipeline Pipeline[ Id: ba2b7668-2085-4e80-993d-51560639f5b9, Nodes: d677ca45-3229-47c7-9233-cddac554fc8b{ip: 192.168.34.51, host: pr-hdds-2291-fkckm-1634098129, networkLocation: /default-rack, certSerialId: null}f4df8662-7415-4036-ac96-ff2b1bb6586f{ip: 192.168.34.51, host: pr-hdds-2291-fkckm-1634098129, networkLocation: /default-rack, certSerialId: null}95a31197-fbd9-42e6-8925-3f078625a966{ip: 192.168.34.51, host: pr-hdds-2291-fkckm-1634098129, networkLocation: /default-rack, certSerialId: null}, Type:RATIS, Factor:THREE, State:CLOSED] moved to CLOSED state
2019-10-21 09:49:49,023 [EventQueue-CloseContainerForCloseContainerEventHandler] INFO  container.CloseContainerEventHandler (CloseContainerEventHandler.java:onMessage(61)) - Close container Event triggered for container : #1
2019-10-21 09:49:49,322 [EventQueue-StaleNodeForStaleNodeHandler] INFO  node.StaleNodeHandler (StaleNodeHandler.java:onMessage(58)) - Datanode dfb1800d-4985-4fe1-8971-c050908b89b5{ip: 192.168.34.51, host: pr-hdds-2291-fkckm-1634098129, networkLocation: /default-rack, certSerialId: null} moved to stale state. Finalizing its pipelines [PipelineID=ce9090f9-11ae-4ba3-8637-a597346aaddb, PipelineID=3f6ce7ef-981d-4694-acce-b22c93fbfd06]
2019-10-21 09:49:49,327 [EventQueue-StaleNodeForStaleNodeHandler] INFO  pipeline.SCMPipelineManager (SCMPipelineManager.java:finalizeAndDestroyPipeline(315)) - destroying pipeline:Pipeline[ Id: ce9090f9-11ae-4ba3-8637-a597346aaddb, Nodes: dfb1800d-4985-4fe1-8971-c050908b89b5{ip: 192.168.34.51, host: pr-hdds-2291-fkckm-1634098129, networkLocation: /default-rack, certSerialId: null}, Type:RATIS, Factor:ONE, State:OPEN]
2019-10-21 09:49:49,327 [EventQueue-StaleNodeForStaleNodeHandler] INFO  pipeline.PipelineStateManager (PipelineStateManager.java:finalizePipeline(123)) - Pipeline Pipeline[ Id: ce9090f9-11ae-4ba3-8637-a597346aaddb, Nodes: dfb1800d-4985-4fe1-8971-c050908b89b5{ip: 192.168.34.51, host: pr-hdds-2291-fkckm-1634098129, networkLocation: /default-rack, certSerialId: null}, Type:RATIS, Factor:ONE, State:CLOSED] moved to CLOSED state
2019-10-21 09:49:49,327 [EventQueue-StaleNodeForStaleNodeHandler] INFO  pipeline.SCMPipelineManager (SCMPipelineManager.java:finalizeAndDestroyPipeline(315)) - destroying pipeline:Pipeline[ Id: 3f6ce7ef-981d-4694-acce-b22c93fbfd06, Nodes: 54cc6ee4-85aa-4390-b29f-1c813cd489af{ip: 192.168.34.51, host: pr-hdds-2291-fkckm-1634098129, networkLocation: /default-rack, certSerialId: null}dfb1800d-4985-4fe1-8971-c050908b89b5{ip: 192.168.34.51, host: pr-hdds-2291-fkckm-1634098129, networkLocation: /default-rack, certSerialId: null}c2925b1d-00ad-4d76-9426-86b6c6682e26{ip: 192.168.34.51, host: pr-hdds-2291-fkckm-1634098129, networkLocation: /default-rack, certSerialId: null}, Type:RATIS, Factor:THREE, State:CLOSED]
2019-10-21 09:49:49,620 [main] INFO  ozoneimpl.OzoneContainer (OzoneContainer.java:stop(227)) - Attempting to stop container services.
2019-10-21 09:49:49,621 [main] INFO  impl.RaftServerProxy (RaftServerProxy.java:lambda$close$4(314)) - d677ca45-3229-47c7-9233-cddac554fc8b: close
2019-10-21 09:49:49,621 [main] INFO  impl.RaftServerImpl (RaftServerImpl.java:lambda$shutdown$3(247)) - d677ca45-3229-47c7-9233-cddac554fc8b@group-5806647706A6: shutdown
2019-10-21 09:49:49,621 [main] INFO  util.JmxRegister (JmxRegister.java:unregister(73)) - Successfully un-registered JMX Bean with object name Ratis:service=RaftServer,group=group-5806647706A6,id=d677ca45-3229-47c7-9233-cddac554fc8b
2019-10-21 09:49:49,621 [main] INFO  impl.RoleInfo (RoleInfo.java:shutdownLeaderState(104)) - d677ca45-3229-47c7-9233-cddac554fc8b: shutdown LeaderState
2019-10-21 09:49:49,622 [main] INFO  impl.PendingRequests (PendingRequests.java:sendNotLeaderResponses(202)) - d677ca45-3229-47c7-9233-cddac554fc8b@group-5806647706A6-PendingRequests: sendNotLeaderResponses
2019-10-21 09:49:49,622 [main] INFO  impl.StateMachineUpdater (StateMachineUpdater.java:stopAndJoin(136)) - d677ca45-3229-47c7-9233-cddac554fc8b@group-5806647706A6-StateMachineUpdater: set stopIndex = 0
2019-10-21 09:49:49,622 [main] INFO  impl.RaftServerImpl (ServerState.java:close(387)) - d677ca45-3229-47c7-9233-cddac554fc8b@group-5806647706A6: closes. applyIndex: 0
2019-10-21 09:49:49,623 [d677ca45-3229-47c7-9233-cddac554fc8b@group-5806647706A6-SegmentedRaftLogWorker] INFO  segmented.SegmentedRaftLogWorker (SegmentedRaftLogWorker.java:run(316)) - d677ca45-3229-47c7-9233-cddac554fc8b@group-5806647706A6-SegmentedRaftLogWorker was interrupted, exiting. There are 0 tasks remaining in the queue.
2019-10-21 09:49:49,627 [main] INFO  segmented.SegmentedRaftLogWorker (SegmentedRaftLogWorker.java:close(224)) - d677ca45-3229-47c7-9233-cddac554fc8b@group-5806647706A6-SegmentedRaftLogWorker close()
2019-10-21 09:49:49,631 [main] INFO  impl.RaftServerImpl (RaftServerImpl.java:lambda$shutdown$3(247)) - d677ca45-3229-47c7-9233-cddac554fc8b@group-51560639F5B9: shutdown
2019-10-21 09:49:49,631 [main] INFO  util.JmxRegister (JmxRegister.java:unregister(73)) - Successfully un-registered JMX Bean with object name Ratis:service=RaftServer,group=group-51560639F5B9,id=d677ca45-3229-47c7-9233-cddac554fc8b
2019-10-21 09:49:49,631 [main] INFO  impl.RoleInfo (RoleInfo.java:shutdownFollowerState(121)) - d677ca45-3229-47c7-9233-cddac554fc8b: shutdown FollowerState
2019-10-21 09:49:49,632 [main] INFO  impl.StateMachineUpdater (StateMachineUpdater.java:stopAndJoin(136)) - d677ca45-3229-47c7-9233-cddac554fc8b@group-51560639F5B9-StateMachineUpdater: set stopIndex = 11
2019-10-21 09:49:49,632 [d677ca45-3229-47c7-9233-cddac554fc8b@group-51560639F5B9-StateMachineUpdater] INFO  ratis.ContainerStateMachine (ContainerStateMachine.java:takeSnapshot(294)) - group-51560639F5B9: Taking a snapshot at:(t:2, i:11) file /workdir/hadoop-ozone/integration-test/target/test-dir/MiniOzoneClusterImpl-4293bdbb-7b7b-4247-8a28-8ef3a725fd91/datanode-3/data/ratis/ba2b7668-2085-4e80-993d-51560639f5b9/sm/snapshot.2_11
2019-10-21 09:49:49,632 [Thread-4199] INFO  impl.FollowerState (FollowerState.java:run(117)) - d677ca45-3229-47c7-9233-cddac554fc8b@group-51560639F5B9-FollowerState was interrupted: java.lang.InterruptedException: sleep interrupted
2019-10-21 09:49:49,647 [d677ca45-3229-47c7-9233-cddac554fc8b@group-51560639F5B9-StateMachineUpdater] INFO  ratis.ContainerStateMachine (ContainerStateMachine.java:takeSnapshot(305)) - group-51560639F5B9: Finished taking a snapshot at:(t:2, i:11) file:/workdir/hadoop-ozone/integration-test/target/test-dir/MiniOzoneClusterImpl-4293bdbb-7b7b-4247-8a28-8ef3a725fd91/datanode-3/data/ratis/ba2b7668-2085-4e80-993d-51560639f5b9/sm/snapshot.2_11 time:15
2019-10-21 09:49:49,647 [d677ca45-3229-47c7-9233-cddac554fc8b@group-51560639F5B9-StateMachineUpdater] INFO  impl.StateMachineUpdater (StateMachineUpdater.java:takeSnapshot(269)) - d677ca45-3229-47c7-9233-cddac554fc8b@group-51560639F5B9-StateMachineUpdater: Took a snapshot at index 11
2019-10-21 09:49:49,647 [d677ca45-3229-47c7-9233-cddac554fc8b@group-51560639F5B9-StateMachineUpdater] INFO  impl.StateMachineUpdater (StateMachineUpdater.java:lambda$new$0(84)) - d677ca45-3229-47c7-9233-cddac554fc8b@group-51560639F5B9-StateMachineUpdater: snapshotIndex: updateIncreasingly -1 -> 11
2019-10-21 09:49:49,648 [main] INFO  impl.RaftServerImpl (ServerState.java:close(387)) - d677ca45-3229-47c7-9233-cddac554fc8b@group-51560639F5B9: closes. applyIndex: 11
2019-10-21 09:49:49,648 [d677ca45-3229-47c7-9233-cddac554fc8b@group-51560639F5B9-SegmentedRaftLogWorker] INFO  segmented.SegmentedRaftLogWorker (SegmentedRaftLogWorker.java:run(316)) - d677ca45-3229-47c7-9233-cddac554fc8b@group-51560639F5B9-SegmentedRaftLogWorker was interrupted, exiting. There are 0 tasks remaining in the queue.
2019-10-21 09:49:49,650 [main] INFO  segmented.SegmentedRaftLogWorker (SegmentedRaftLogWorker.java:close(224)) - d677ca45-3229-47c7-9233-cddac554fc8b@group-51560639F5B9-SegmentedRaftLogWorker close()
2019-10-21 09:49:49,654 [main] INFO  server.GrpcService (GrpcService.java:closeImpl(164)) - d677ca45-3229-47c7-9233-cddac554fc8b: shutdown server with port 35405 now
2019-10-21 09:49:49,654 [grpc-default-executor-11] WARN  server.GrpcServerProtocolService (LogUtils.java:warn(134)) - d677ca45-3229-47c7-9233-cddac554fc8b: installSnapshot onError, lastRequest: f4df8662-7415-4036-ac96-ff2b1bb6586f->d677ca45-3229-47c7-9233-cddac554fc8b#17-t2, previous=(t:2, i:11), leaderCommit=11, initializing? false, entries: <empty>: org.apache.ratis.thirdparty.io.grpc.StatusRuntimeException: CANCELLED: cancelled before receiving half close
2019-10-21 09:49:49,655 [grpc-default-executor-1] WARN  server.GrpcLogAppender (LogUtils.java:warn(134)) - f4df8662-7415-4036-ac96-ff2b1bb6586f@group-51560639F5B9->d677ca45-3229-47c7-9233-cddac554fc8b-AppendLogResponseHandler: Failed appendEntries: org.apache.ratis.thirdparty.io.grpc.StatusRuntimeException: CANCELLED: HTTP/2 error code: CANCEL
Received Rst Stream
2019-10-21 09:49:49,655 [main] INFO  server.GrpcService (GrpcService.java:closeImpl(172)) - d677ca45-3229-47c7-9233-cddac554fc8b: shutdown server with port 35405 successfully
2019-10-21 09:49:49,655 [grpc-default-executor-1] INFO  impl.FollowerInfo (FollowerInfo.java:lambda$new$0(51)) - f4df8662-7415-4036-ac96-ff2b1bb6586f@group-51560639F5B9->d677ca45-3229-47c7-9233-cddac554fc8b: nextIndex: updateUnconditionally 12 -> 11
2019-10-21 09:49:49,660 [refreshUsed-/workdir/hadoop-ozone/integration-test/target/test-dir/MiniOzoneClusterImpl-4293bdbb-7b7b-4247-8a28-8ef3a725fd91/datanode-3/data/containers] WARN  fs.CachingGetSpaceUsed (CachingGetSpaceUsed.java:run(183)) - Thread Interrupted waiting to refresh disk information: sleep interrupted
2019-10-21 09:49:49,666 [ForkJoinPool.commonPool-worker-1] INFO  ozoneimpl.OzoneContainer (OzoneContainer.java:stop(227)) - Attempting to stop container services.
2019-10-21 09:49:49,666 [ForkJoinPool.commonPool-worker-1] INFO  impl.RaftServerProxy (RaftServerProxy.java:lambda$close$4(314)) - dfb1800d-4985-4fe1-8971-c050908b89b5: close
2019-10-21 09:49:49,666 [ForkJoinPool.commonPool-worker-1] INFO  impl.RaftServerImpl (RaftServerImpl.java:lambda$shutdown$3(247)) - dfb1800d-4985-4fe1-8971-c050908b89b5@group-A597346AADDB: shutdown
2019-10-21 09:49:49,667 [ForkJoinPool.commonPool-worker-1] INFO  util.JmxRegister (JmxRegister.java:unregister(73)) - Successfully un-registered JMX Bean with object name Ratis:service=RaftServer,group=group-A597346AADDB,id=dfb1800d-4985-4fe1-8971-c050908b89b5
2019-10-21 09:49:49,667 [ForkJoinPool.commonPool-worker-1] INFO  impl.RoleInfo (RoleInfo.java:shutdownLeaderState(104)) - dfb1800d-4985-4fe1-8971-c050908b89b5: shutdown LeaderState
2019-10-21 09:49:49,667 [ForkJoinPool.commonPool-worker-1] INFO  impl.PendingRequests (PendingRequests.java:sendNotLeaderResponses(202)) - dfb1800d-4985-4fe1-8971-c050908b89b5@group-A597346AADDB-PendingRequests: sendNotLeaderResponses
2019-10-21 09:49:49,667 [ForkJoinPool.commonPool-worker-1] INFO  impl.StateMachineUpdater (StateMachineUpdater.java:stopAndJoin(136)) - dfb1800d-4985-4fe1-8971-c050908b89b5@group-A597346AADDB-StateMachineUpdater: set stopIndex = 0
2019-10-21 09:49:49,667 [ForkJoinPool.commonPool-worker-1] INFO  impl.RaftServerImpl (ServerState.java:close(387)) - dfb1800d-4985-4fe1-8971-c050908b89b5@group-A597346AADDB: closes. applyIndex: 0
2019-10-21 09:49:49,668 [dfb1800d-4985-4fe1-8971-c050908b89b5@group-A597346AADDB-SegmentedRaftLogWorker] INFO  segmented.SegmentedRaftLogWorker (SegmentedRaftLogWorker.java:run(316)) - dfb1800d-4985-4fe1-8971-c050908b89b5@group-A597346AADDB-SegmentedRaftLogWorker was interrupted, exiting. There are 0 tasks remaining in the queue.
2019-10-21 09:49:49,669 [ForkJoinPool.commonPool-worker-1] INFO  segmented.SegmentedRaftLogWorker (SegmentedRaftLogWorker.java:close(224)) - dfb1800d-4985-4fe1-8971-c050908b89b5@group-A597346AADDB-SegmentedRaftLogWorker close()
2019-10-21 09:49:49,678 [ForkJoinPool.commonPool-worker-1] INFO  impl.RaftServerImpl (RaftServerImpl.java:lambda$shutdown$3(247)) - dfb1800d-4985-4fe1-8971-c050908b89b5@group-B22C93FBFD06: shutdown
2019-10-21 09:49:49,678 [ForkJoinPool.commonPool-worker-1] INFO  util.JmxRegister (JmxRegister.java:unregister(73)) - Successfully un-registered JMX Bean with object name Ratis:service=RaftServer,group=group-B22C93FBFD06,id=dfb1800d-4985-4fe1-8971-c050908b89b5
2019-10-21 09:49:49,678 [ForkJoinPool.commonPool-worker-1] INFO  impl.RoleInfo (RoleInfo.java:shutdownFollowerState(121)) - dfb1800d-4985-4fe1-8971-c050908b89b5: shutdown FollowerState
2019-10-21 09:49:49,679 [ForkJoinPool.commonPool-worker-1] INFO  impl.StateMachineUpdater (StateMachineUpdater.java:stopAndJoin(136)) - dfb1800d-4985-4fe1-8971-c050908b89b5@group-B22C93FBFD06-StateMachineUpdater: set stopIndex = 13
2019-10-21 09:49:49,679 [dfb1800d-4985-4fe1-8971-c050908b89b5@group-B22C93FBFD06-StateMachineUpdater] INFO  ratis.ContainerStateMachine (ContainerStateMachine.java:takeSnapshot(294)) - group-B22C93FBFD06: Taking a snapshot at:(t:1, i:13) file /workdir/hadoop-ozone/integration-test/target/test-dir/MiniOzoneClusterImpl-4293bdbb-7b7b-4247-8a28-8ef3a725fd91/datanode-2/data/ratis/3f6ce7ef-981d-4694-acce-b22c93fbfd06/sm/snapshot.1_13
2019-10-21 09:49:49,679 [Thread-4137] INFO  impl.FollowerState (FollowerState.java:run(117)) - dfb1800d-4985-4fe1-8971-c050908b89b5@group-B22C93FBFD06-FollowerState was interrupted: java.lang.InterruptedException: sleep interrupted
2019-10-21 09:49:49,685 [main] INFO  utils.BackgroundService (BackgroundService.java:shutdown(151)) - Shutting down service BlockDeletingService
2019-10-21 09:49:49,688 [main] INFO  statemachine.DatanodeStateMachine (DatanodeStateMachine.java:stopDaemon(395)) - Ozone container server stopped.
2019-10-21 09:49:49,689 [main] INFO  handler.ContextHandler (ContextHandler.java:doStop(910)) - Stopped o.e.j.w.WebAppContext@d62472f{/,null,UNAVAILABLE}{/hddsDatanode}
2019-10-21 09:49:49,690 [main] INFO  server.AbstractConnector (AbstractConnector.java:doStop(318)) - Stopped ServerConnector@63a84bb6{HTTP/1.1,[http/1.1]}{0.0.0.0:0}
2019-10-21 09:49:49,690 [main] INFO  handler.ContextHandler (ContextHandler.java:doStop(910)) - Stopped o.e.j.s.ServletContextHandler@bd4ee01{/static,jar:file:/home/user/.m2/repository/org/apache/hadoop/hadoop-hdds-container-service/0.5.0-SNAPSHOT/hadoop-hdds-container-service-0.5.0-SNAPSHOT.jar!/webapps/static,UNAVAILABLE}
2019-10-21 09:49:49,690 [main] INFO  handler.ContextHandler (ContextHandler.java:doStop(910)) - Stopped o.e.j.s.ServletContextHandler@39ace1a7{/logs,file:///workdir/hadoop-ozone/integration-test/target/log,UNAVAILABLE}
2019-10-21 09:49:49,701 [dfb1800d-4985-4fe1-8971-c050908b89b5@group-B22C93FBFD06-StateMachineUpdater] INFO  ratis.ContainerStateMachine (ContainerStateMachine.java:takeSnapshot(305)) - group-B22C93FBFD06: Finished taking a snapshot at:(t:1, i:13) file:/workdir/hadoop-ozone/integration-test/target/test-dir/MiniOzoneClusterImpl-4293bdbb-7b7b-4247-8a28-8ef3a725fd91/datanode-2/data/ratis/3f6ce7ef-981d-4694-acce-b22c93fbfd06/sm/snapshot.1_13 time:22
2019-10-21 09:49:49,701 [dfb1800d-4985-4fe1-8971-c050908b89b5@group-B22C93FBFD06-StateMachineUpdater] INFO  impl.StateMachineUpdater (StateMachineUpdater.java:takeSnapshot(269)) - dfb1800d-4985-4fe1-8971-c050908b89b5@group-B22C93FBFD06-StateMachineUpdater: Took a snapshot at index 13
2019-10-21 09:49:49,701 [dfb1800d-4985-4fe1-8971-c050908b89b5@group-B22C93FBFD06-StateMachineUpdater] INFO  impl.StateMachineUpdater (StateMachineUpdater.java:lambda$new$0(84)) - dfb1800d-4985-4fe1-8971-c050908b89b5@group-B22C93FBFD06-StateMachineUpdater: snapshotIndex: updateIncreasingly -1 -> 13
2019-10-21 09:49:49,701 [ForkJoinPool.commonPool-worker-1] INFO  impl.RaftServerImpl (ServerState.java:close(387)) - dfb1800d-4985-4fe1-8971-c050908b89b5@group-B22C93FBFD06: closes. applyIndex: 13
2019-10-21 09:49:49,702 [dfb1800d-4985-4fe1-8971-c050908b89b5@group-B22C93FBFD06-SegmentedRaftLogWorker] INFO  segmented.SegmentedRaftLogWorker (SegmentedRaftLogWorker.java:run(316)) - dfb1800d-4985-4fe1-8971-c050908b89b5@group-B22C93FBFD06-SegmentedRaftLogWorker was interrupted, exiting. There are 0 tasks remaining in the queue.
2019-10-21 09:49:49,702 [ForkJoinPool.commonPool-worker-1] INFO  segmented.SegmentedRaftLogWorker (SegmentedRaftLogWorker.java:close(224)) - dfb1800d-4985-4fe1-8971-c050908b89b5@group-B22C93FBFD06-SegmentedRaftLogWorker close()
2019-10-21 09:49:49,703 [ForkJoinPool.commonPool-worker-1] INFO  server.GrpcService (GrpcService.java:closeImpl(164)) - dfb1800d-4985-4fe1-8971-c050908b89b5: shutdown server with port 41378 now
2019-10-21 09:49:49,704 [grpc-default-executor-11] WARN  server.GrpcServerProtocolService (LogUtils.java:warn(134)) - dfb1800d-4985-4fe1-8971-c050908b89b5: installSnapshot onError, lastRequest: c2925b1d-00ad-4d76-9426-86b6c6682e26->dfb1800d-4985-4fe1-8971-c050908b89b5#21-t1, previous=(t:1, i:13), leaderCommit=13, initializing? false, entries: size=1, first=(t:1, i:14), METADATAENTRY(c13): org.apache.ratis.thirdparty.io.grpc.StatusRuntimeException: CANCELLED: cancelled before receiving half close
2019-10-21 09:49:49,704 [ForkJoinPool.commonPool-worker-1] INFO  server.GrpcService (GrpcService.java:closeImpl(172)) - dfb1800d-4985-4fe1-8971-c050908b89b5: shutdown server with port 41378 successfully
2019-10-21 09:49:49,704 [grpc-default-executor-1] WARN  server.GrpcLogAppender (LogUtils.java:warn(134)) - c2925b1d-00ad-4d76-9426-86b6c6682e26@group-B22C93FBFD06->dfb1800d-4985-4fe1-8971-c050908b89b5-AppendLogResponseHandler: Failed appendEntries: org.apache.ratis.thirdparty.io.grpc.StatusRuntimeException: CANCELLED: HTTP/2 error code: CANCEL
Received Rst Stream
2019-10-21 09:49:49,704 [grpc-default-executor-1] INFO  impl.FollowerInfo (FollowerInfo.java:lambda$new$0(51)) - c2925b1d-00ad-4d76-9426-86b6c6682e26@group-B22C93FBFD06->dfb1800d-4985-4fe1-8971-c050908b89b5: nextIndex: updateUnconditionally 15 -> 14
2019-10-21 09:49:49,706 [refreshUsed-/workdir/hadoop-ozone/integration-test/target/test-dir/MiniOzoneClusterImpl-4293bdbb-7b7b-4247-8a28-8ef3a725fd91/datanode-2/data/containers] WARN  fs.CachingGetSpaceUsed (CachingGetSpaceUsed.java:run(183)) - Thread Interrupted waiting to refresh disk information: sleep interrupted
2019-10-21 09:49:49,719 [ForkJoinPool.commonPool-worker-1] INFO  utils.BackgroundService (BackgroundService.java:shutdown(151)) - Shutting down service BlockDeletingService
2019-10-21 09:49:49,722 [ForkJoinPool.commonPool-worker-1] INFO  statemachine.DatanodeStateMachine (DatanodeStateMachine.java:stopDaemon(395)) - Ozone container server stopped.
2019-10-21 09:49:49,724 [ForkJoinPool.commonPool-worker-1] INFO  handler.ContextHandler (ContextHandler.java:doStop(910)) - Stopped o.e.j.w.WebAppContext@3a3ad8e7{/,null,UNAVAILABLE}{/hddsDatanode}
2019-10-21 09:49:49,725 [ForkJoinPool.commonPool-worker-1] INFO  server.AbstractConnector (AbstractConnector.java:doStop(318)) - Stopped ServerConnector@6a6d1ff3{HTTP/1.1,[http/1.1]}{0.0.0.0:0}
2019-10-21 09:49:49,726 [ForkJoinPool.commonPool-worker-1] INFO  handler.ContextHandler (ContextHandler.java:doStop(910)) - Stopped o.e.j.s.ServletContextHandler@1b47b7f5{/static,jar:file:/home/user/.m2/repository/org/apache/hadoop/hadoop-hdds-container-service/0.5.0-SNAPSHOT/hadoop-hdds-container-service-0.5.0-SNAPSHOT.jar!/webapps/static,UNAVAILABLE}
2019-10-21 09:49:49,727 [ForkJoinPool.commonPool-worker-1] INFO  handler.ContextHandler (ContextHandler.java:doStop(910)) - Stopped o.e.j.s.ServletContextHandler@203765b2{/logs,file:///workdir/hadoop-ozone/integration-test/target/log,UNAVAILABLE}
2019-10-21 09:49:49,771 [grpc-default-executor-11] WARN  server.GrpcLogAppender (LogUtils.java:warn(134)) - c2925b1d-00ad-4d76-9426-86b6c6682e26@group-B22C93FBFD06->dfb1800d-4985-4fe1-8971-c050908b89b5-AppendLogResponseHandler: Failed appendEntries: org.apache.ratis.thirdparty.io.grpc.StatusRuntimeException: UNAVAILABLE: io exception
2019-10-21 09:49:49,771 [grpc-default-executor-1] WARN  server.GrpcLogAppender (LogUtils.java:warn(134)) - c2925b1d-00ad-4d76-9426-86b6c6682e26@group-B22C93FBFD06->54cc6ee4-85aa-4390-b29f-1c813cd489af-AppendLogResponseHandler: Failed appendEntries: org.apache.ratis.thirdparty.io.grpc.StatusRuntimeException: UNAVAILABLE: io exception
2019-10-21 09:49:49,771 [grpc-default-executor-11] INFO  impl.FollowerInfo (FollowerInfo.java:lambda$new$0(51)) - c2925b1d-00ad-4d76-9426-86b6c6682e26@group-B22C93FBFD06->dfb1800d-4985-4fe1-8971-c050908b89b5: nextIndex: updateUnconditionally 14 -> 13
2019-10-21 09:49:49,771 [grpc-default-executor-1] INFO  impl.FollowerInfo (FollowerInfo.java:lambda$new$0(51)) - c2925b1d-00ad-4d76-9426-86b6c6682e26@group-B22C93FBFD06->54cc6ee4-85aa-4390-b29f-1c813cd489af: nextIndex: updateUnconditionally 11 -> 10
2019-10-21 09:49:49,929 [Datanode State Machine Thread - 0] INFO  statemachine.DatanodeStateMachine (DatanodeStateMachine.java:lambda$startDaemon$0(350)) - Ozone container server started.
2019-10-21 09:49:50,284 [Datanode State Machine Thread - 0] INFO  statemachine.DatanodeStateMachine (DatanodeStateMachine.java:lambda$startDaemon$0(350)) - Ozone container server started.
2019-10-21 09:49:51,967 [grpc-default-executor-9] WARN  server.GrpcLogAppender (LogUtils.java:warn(134)) - f4df8662-7415-4036-ac96-ff2b1bb6586f@group-51560639F5B9->d677ca45-3229-47c7-9233-cddac554fc8b-AppendLogResponseHandler: Failed appendEntries: org.apache.ratis.thirdparty.io.grpc.StatusRuntimeException: UNAVAILABLE: io exception
2019-10-21 09:49:51,968 [grpc-default-executor-9] INFO  impl.FollowerInfo (FollowerInfo.java:lambda$new$0(51)) - f4df8662-7415-4036-ac96-ff2b1bb6586f@group-51560639F5B9->d677ca45-3229-47c7-9233-cddac554fc8b: nextIndex: updateUnconditionally 12 -> 11
2019-10-21 09:49:51,980 [grpc-default-executor-1] WARN  server.GrpcLogAppender (LogUtils.java:warn(134)) - f4df8662-7415-4036-ac96-ff2b1bb6586f@group-51560639F5B9->d677ca45-3229-47c7-9233-cddac554fc8b-AppendLogResponseHandler: Failed appendEntries: org.apache.ratis.thirdparty.io.grpc.StatusRuntimeException: UNAVAILABLE: io exception
2019-10-21 09:49:51,980 [grpc-default-executor-1] INFO  impl.FollowerInfo (FollowerInfo.java:lambda$new$0(51)) - f4df8662-7415-4036-ac96-ff2b1bb6586f@group-51560639F5B9->d677ca45-3229-47c7-9233-cddac554fc8b: nextIndex: updateUnconditionally 12 -> 11
2019-10-21 09:49:51,994 [grpc-default-executor-1] WARN  server.GrpcLogAppender (LogUtils.java:warn(134)) - f4df8662-7415-4036-ac96-ff2b1bb6586f@group-51560639F5B9->d677ca45-3229-47c7-9233-cddac554fc8b-AppendLogResponseHandler: Failed appendEntries: org.apache.ratis.thirdparty.io.grpc.StatusRuntimeException: UNAVAILABLE: io exception
2019-10-21 09:49:51,994 [grpc-default-executor-1] INFO  impl.FollowerInfo (FollowerInfo.java:lambda$new$0(51)) - f4df8662-7415-4036-ac96-ff2b1bb6586f@group-51560639F5B9->d677ca45-3229-47c7-9233-cddac554fc8b: nextIndex: updateUnconditionally 12 -> 11
2019-10-21 09:49:52,002 [RatisApplyTransactionExecutor 1] INFO  interfaces.Container (KeyValueContainer.java:flushAndSyncDB(386)) - Container 1 is synced with bcsId 7.
2019-10-21 09:49:52,003 [RatisApplyTransactionExecutor 1] INFO  interfaces.Container (KeyValueContainer.java:flushAndSyncDB(386)) - Container 1 is synced with bcsId 7.
2019-10-21 09:49:52,006 [RatisApplyTransactionExecutor 1] INFO  interfaces.Container (KeyValueContainer.java:flushAndSyncDB(386)) - Container 1 is synced with bcsId 7.
2019-10-21 09:49:52,006 [RatisApplyTransactionExecutor 1] INFO  interfaces.Container (KeyValueContainer.java:flushAndSyncDB(386)) - Container 1 is synced with bcsId 7.
2019-10-21 09:49:52,008 [RatisApplyTransactionExecutor 1] INFO  interfaces.Container (KeyValueContainer.java:close(335)) - Container 1 is closed with bcsId 7.
2019-10-21 09:49:52,009 [EventQueue-IncrementalContainerReportForIncrementalContainerReportHandler] INFO  container.IncrementalContainerReportHandler (AbstractContainerReportHandler.java:updateContainerState(178)) - Moving container #1 to CLOSED state, datanode f4df8662-7415-4036-ac96-ff2b1bb6586f{ip: 192.168.34.51, host: pr-hdds-2291-fkckm-1634098129, networkLocation: /default-rack, certSerialId: null} reported CLOSED replica.
2019-10-21 09:49:52,023 [RatisApplyTransactionExecutor 1] INFO  interfaces.Container (KeyValueContainer.java:close(335)) - Container 1 is closed with bcsId 7.
2019-10-21 09:49:52,273 [grpc-default-executor-9] WARN  server.GrpcLogAppender (LogUtils.java:warn(134)) - c2925b1d-00ad-4d76-9426-86b6c6682e26@group-B22C93FBFD06->dfb1800d-4985-4fe1-8971-c050908b89b5-AppendLogResponseHandler: Failed appendEntries: org.apache.ratis.thirdparty.io.grpc.StatusRuntimeException: UNAVAILABLE: io exception
2019-10-21 09:49:52,273 [grpc-default-executor-1] WARN  server.GrpcLogAppender (LogUtils.java:warn(134)) - c2925b1d-00ad-4d76-9426-86b6c6682e26@group-B22C93FBFD06->54cc6ee4-85aa-4390-b29f-1c813cd489af-AppendLogResponseHandler: Failed appendEntries: org.apache.ratis.thirdparty.io.grpc.StatusRuntimeException: UNAVAILABLE: io exception
2019-10-21 09:49:52,274 [grpc-default-executor-1] INFO  impl.FollowerInfo (FollowerInfo.java:lambda$new$0(51)) - c2925b1d-00ad-4d76-9426-86b6c6682e26@group-B22C93FBFD06->54cc6ee4-85aa-4390-b29f-1c813cd489af: nextIndex: updateUnconditionally 10 -> 9
2019-10-21 09:49:52,274 [grpc-default-executor-9] INFO  impl.FollowerInfo (FollowerInfo.java:lambda$new$0(51)) - c2925b1d-00ad-4d76-9426-86b6c6682e26@group-B22C93FBFD06->dfb1800d-4985-4fe1-8971-c050908b89b5: nextIndex: updateUnconditionally 13 -> 12
2019-10-21 09:49:54,028 [EventQueue-StaleNodeForStaleNodeHandler] INFO  node.StaleNodeHandler (StaleNodeHandler.java:onMessage(58)) - Datanode 95a31197-fbd9-42e6-8925-3f078625a966{ip: 192.168.34.51, host: pr-hdds-2291-fkckm-1634098129, networkLocation: /default-rack, certSerialId: null} moved to stale state. Finalizing its pipelines [PipelineID=8b9af713-2a63-4661-8cab-b73e171685c0, PipelineID=ba2b7668-2085-4e80-993d-51560639f5b9]
2019-10-21 09:49:54,028 [EventQueue-StaleNodeForStaleNodeHandler] INFO  pipeline.SCMPipelineManager (SCMPipelineManager.java:finalizeAndDestroyPipeline(315)) - destroying pipeline:Pipeline[ Id: 8b9af713-2a63-4661-8cab-b73e171685c0, Nodes: 95a31197-fbd9-42e6-8925-3f078625a966{ip: 192.168.34.51, host: pr-hdds-2291-fkckm-1634098129, networkLocation: /default-rack, certSerialId: null}, Type:RATIS, Factor:ONE, State:OPEN]
2019-10-21 09:49:54,029 [EventQueue-StaleNodeForStaleNodeHandler] INFO  pipeline.PipelineStateManager (PipelineStateManager.java:finalizePipeline(123)) - Pipeline Pipeline[ Id: 8b9af713-2a63-4661-8cab-b73e171685c0, Nodes: 95a31197-fbd9-42e6-8925-3f078625a966{ip: 192.168.34.51, host: pr-hdds-2291-fkckm-1634098129, networkLocation: /default-rack, certSerialId: null}, Type:RATIS, Factor:ONE, State:CLOSED] moved to CLOSED state
2019-10-21 09:49:54,029 [EventQueue-StaleNodeForStaleNodeHandler] INFO  pipeline.SCMPipelineManager (SCMPipelineManager.java:finalizeAndDestroyPipeline(315)) - destroying pipeline:Pipeline[ Id: ba2b7668-2085-4e80-993d-51560639f5b9, Nodes: d677ca45-3229-47c7-9233-cddac554fc8b{ip: 192.168.34.51, host: pr-hdds-2291-fkckm-1634098129, networkLocation: /default-rack, certSerialId: null}f4df8662-7415-4036-ac96-ff2b1bb6586f{ip: 192.168.34.51, host: pr-hdds-2291-fkckm-1634098129, networkLocation: /default-rack, certSerialId: null}95a31197-fbd9-42e6-8925-3f078625a966{ip: 192.168.34.51, host: pr-hdds-2291-fkckm-1634098129, networkLocation: /default-rack, certSerialId: null}, Type:RATIS, Factor:THREE, State:CLOSED]
2019-10-21 09:49:54,328 [EventQueue-StaleNodeForStaleNodeHandler] INFO  node.StaleNodeHandler (StaleNodeHandler.java:onMessage(58)) - Datanode c2925b1d-00ad-4d76-9426-86b6c6682e26{ip: 192.168.34.51, host: pr-hdds-2291-fkckm-1634098129, networkLocation: /default-rack, certSerialId: null} moved to stale state. Finalizing its pipelines [PipelineID=3f6ce7ef-981d-4694-acce-b22c93fbfd06, PipelineID=1a98c18f-ba61-4420-8134-0dd853aa751f]
2019-10-21 09:49:54,328 [EventQueue-StaleNodeForStaleNodeHandler] INFO  pipeline.SCMPipelineManager (SCMPipelineManager.java:finalizeAndDestroyPipeline(315)) - destroying pipeline:Pipeline[ Id: 3f6ce7ef-981d-4694-acce-b22c93fbfd06, Nodes: 54cc6ee4-85aa-4390-b29f-1c813cd489af{ip: 192.168.34.51, host: pr-hdds-2291-fkckm-1634098129, networkLocation: /default-rack, certSerialId: null}dfb1800d-4985-4fe1-8971-c050908b89b5{ip: 192.168.34.51, host: pr-hdds-2291-fkckm-1634098129, networkLocation: /default-rack, certSerialId: null}c2925b1d-00ad-4d76-9426-86b6c6682e26{ip: 192.168.34.51, host: pr-hdds-2291-fkckm-1634098129, networkLocation: /default-rack, certSerialId: null}, Type:RATIS, Factor:THREE, State:CLOSED]
2019-10-21 09:49:54,328 [EventQueue-StaleNodeForStaleNodeHandler] INFO  pipeline.SCMPipelineManager (SCMPipelineManager.java:finalizeAndDestroyPipeline(315)) - destroying pipeline:Pipeline[ Id: 1a98c18f-ba61-4420-8134-0dd853aa751f, Nodes: c2925b1d-00ad-4d76-9426-86b6c6682e26{ip: 192.168.34.51, host: pr-hdds-2291-fkckm-1634098129, networkLocation: /default-rack, certSerialId: null}, Type:RATIS, Factor:ONE, State:OPEN]
2019-10-21 09:49:54,329 [EventQueue-StaleNodeForStaleNodeHandler] INFO  pipeline.PipelineStateManager (PipelineStateManager.java:finalizePipeline(123)) - Pipeline Pipeline[ Id: 1a98c18f-ba61-4420-8134-0dd853aa751f, Nodes: c2925b1d-00ad-4d76-9426-86b6c6682e26{ip: 192.168.34.51, host: pr-hdds-2291-fkckm-1634098129, networkLocation: /default-rack, certSerialId: null}, Type:RATIS, Factor:ONE, State:CLOSED] moved to CLOSED state
2019-10-21 09:49:54,495 [grpc-default-executor-10] WARN  server.GrpcLogAppender (LogUtils.java:warn(134)) - f4df8662-7415-4036-ac96-ff2b1bb6586f@group-51560639F5B9->d677ca45-3229-47c7-9233-cddac554fc8b-AppendLogResponseHandler: Failed appendEntries: org.apache.ratis.thirdparty.io.grpc.StatusRuntimeException: UNAVAILABLE: io exception
2019-10-21 09:49:54,499 [grpc-default-executor-10] INFO  impl.FollowerInfo (FollowerInfo.java:lambda$new$0(51)) - f4df8662-7415-4036-ac96-ff2b1bb6586f@group-51560639F5B9->d677ca45-3229-47c7-9233-cddac554fc8b: nextIndex: updateUnconditionally 11 -> 10
2019-10-21 09:49:54,692 [main] INFO  ozoneimpl.OzoneContainer (OzoneContainer.java:stop(227)) - Attempting to stop container services.
2019-10-21 09:49:54,693 [main] INFO  impl.RaftServerProxy (RaftServerProxy.java:lambda$close$4(314)) - 95a31197-fbd9-42e6-8925-3f078625a966: close
2019-10-21 09:49:54,694 [main] INFO  impl.RaftServerImpl (RaftServerImpl.java:lambda$shutdown$3(247)) - 95a31197-fbd9-42e6-8925-3f078625a966@group-B73E171685C0: shutdown
2019-10-21 09:49:54,694 [main] INFO  util.JmxRegister (JmxRegister.java:unregister(73)) - Successfully un-registered JMX Bean with object name Ratis:service=RaftServer,group=group-B73E171685C0,id=95a31197-fbd9-42e6-8925-3f078625a966
2019-10-21 09:49:54,694 [main] INFO  impl.RoleInfo (RoleInfo.java:shutdownLeaderState(104)) - 95a31197-fbd9-42e6-8925-3f078625a966: shutdown LeaderState
2019-10-21 09:49:54,695 [main] INFO  impl.PendingRequests (PendingRequests.java:sendNotLeaderResponses(202)) - 95a31197-fbd9-42e6-8925-3f078625a966@group-B73E171685C0-PendingRequests: sendNotLeaderResponses
2019-10-21 09:49:54,695 [main] INFO  impl.StateMachineUpdater (StateMachineUpdater.java:stopAndJoin(136)) - 95a31197-fbd9-42e6-8925-3f078625a966@group-B73E171685C0-StateMachineUpdater: set stopIndex = 0
2019-10-21 09:49:54,696 [main] INFO  impl.RaftServerImpl (ServerState.java:close(387)) - 95a31197-fbd9-42e6-8925-3f078625a966@group-B73E171685C0: closes. applyIndex: 0
2019-10-21 09:49:54,696 [95a31197-fbd9-42e6-8925-3f078625a966@group-B73E171685C0-SegmentedRaftLogWorker] INFO  segmented.SegmentedRaftLogWorker (SegmentedRaftLogWorker.java:run(316)) - 95a31197-fbd9-42e6-8925-3f078625a966@group-B73E171685C0-SegmentedRaftLogWorker was interrupted, exiting. There are 0 tasks remaining in the queue.
2019-10-21 09:49:54,697 [main] INFO  segmented.SegmentedRaftLogWorker (SegmentedRaftLogWorker.java:close(224)) - 95a31197-fbd9-42e6-8925-3f078625a966@group-B73E171685C0-SegmentedRaftLogWorker close()
2019-10-21 09:49:54,701 [main] INFO  impl.RaftServerImpl (RaftServerImpl.java:lambda$shutdown$3(247)) - 95a31197-fbd9-42e6-8925-3f078625a966@group-51560639F5B9: shutdown
2019-10-21 09:49:54,702 [main] INFO  util.JmxRegister (JmxRegister.java:unregister(73)) - Successfully un-registered JMX Bean with object name Ratis:service=RaftServer,group=group-51560639F5B9,id=95a31197-fbd9-42e6-8925-3f078625a966
2019-10-21 09:49:54,702 [main] INFO  impl.RoleInfo (RoleInfo.java:shutdownFollowerState(121)) - 95a31197-fbd9-42e6-8925-3f078625a966: shutdown FollowerState
2019-10-21 09:49:54,702 [main] INFO  impl.StateMachineUpdater (StateMachineUpdater.java:stopAndJoin(136)) - 95a31197-fbd9-42e6-8925-3f078625a966@group-51560639F5B9-StateMachineUpdater: set stopIndex = 13
2019-10-21 09:49:54,702 [95a31197-fbd9-42e6-8925-3f078625a966@group-51560639F5B9-StateMachineUpdater] INFO  ratis.ContainerStateMachine (ContainerStateMachine.java:takeSnapshot(294)) - group-51560639F5B9: Taking a snapshot at:(t:2, i:12) file /workdir/hadoop-ozone/integration-test/target/test-dir/MiniOzoneClusterImpl-4293bdbb-7b7b-4247-8a28-8ef3a725fd91/datanode-6/data/ratis/ba2b7668-2085-4e80-993d-51560639f5b9/sm/snapshot.2_12
2019-10-21 09:49:54,702 [Thread-4200] INFO  impl.FollowerState (FollowerState.java:run(117)) - 95a31197-fbd9-42e6-8925-3f078625a966@group-51560639F5B9-FollowerState was interrupted: java.lang.InterruptedException: sleep interrupted
2019-10-21 09:49:54,728 [95a31197-fbd9-42e6-8925-3f078625a966@group-51560639F5B9-StateMachineUpdater] INFO  ratis.ContainerStateMachine (ContainerStateMachine.java:takeSnapshot(305)) - group-51560639F5B9: Finished taking a snapshot at:(t:2, i:12) file:/workdir/hadoop-ozone/integration-test/target/test-dir/MiniOzoneClusterImpl-4293bdbb-7b7b-4247-8a28-8ef3a725fd91/datanode-6/data/ratis/ba2b7668-2085-4e80-993d-51560639f5b9/sm/snapshot.2_12 time:25
2019-10-21 09:49:54,728 [95a31197-fbd9-42e6-8925-3f078625a966@group-51560639F5B9-StateMachineUpdater] INFO  impl.StateMachineUpdater (StateMachineUpdater.java:takeSnapshot(269)) - 95a31197-fbd9-42e6-8925-3f078625a966@group-51560639F5B9-StateMachineUpdater: Took a snapshot at index 12
2019-10-21 09:49:54,729 [ForkJoinPool.commonPool-worker-1] INFO  ozoneimpl.OzoneContainer (OzoneContainer.java:stop(227)) - Attempting to stop container services.
2019-10-21 09:49:54,729 [95a31197-fbd9-42e6-8925-3f078625a966@group-51560639F5B9-StateMachineUpdater] INFO  impl.StateMachineUpdater (StateMachineUpdater.java:lambda$new$0(84)) - 95a31197-fbd9-42e6-8925-3f078625a966@group-51560639F5B9-StateMachineUpdater: snapshotIndex: updateIncreasingly -1 -> 12
2019-10-21 09:49:54,730 [ForkJoinPool.commonPool-worker-1] INFO  impl.RaftServerProxy (RaftServerProxy.java:lambda$close$4(314)) - c2925b1d-00ad-4d76-9426-86b6c6682e26: close
2019-10-21 09:49:54,730 [ForkJoinPool.commonPool-worker-1] INFO  impl.RaftServerImpl (RaftServerImpl.java:lambda$shutdown$3(247)) - c2925b1d-00ad-4d76-9426-86b6c6682e26@group-B22C93FBFD06: shutdown
2019-10-21 09:49:54,730 [95a31197-fbd9-42e6-8925-3f078625a966@group-51560639F5B9-StateMachineUpdater] INFO  ratis.ContainerStateMachine (ContainerStateMachine.java:takeSnapshot(294)) - group-51560639F5B9: Taking a snapshot at:(t:2, i:12) file /workdir/hadoop-ozone/integration-test/target/test-dir/MiniOzoneClusterImpl-4293bdbb-7b7b-4247-8a28-8ef3a725fd91/datanode-6/data/ratis/ba2b7668-2085-4e80-993d-51560639f5b9/sm/snapshot.2_12
2019-10-21 09:49:54,730 [ForkJoinPool.commonPool-worker-1] INFO  util.JmxRegister (JmxRegister.java:unregister(73)) - Successfully un-registered JMX Bean with object name Ratis:service=RaftServer,group=group-B22C93FBFD06,id=c2925b1d-00ad-4d76-9426-86b6c6682e26
2019-10-21 09:49:54,730 [ForkJoinPool.commonPool-worker-1] INFO  impl.RoleInfo (RoleInfo.java:shutdownLeaderState(104)) - c2925b1d-00ad-4d76-9426-86b6c6682e26: shutdown LeaderState
2019-10-21 09:49:54,734 [ForkJoinPool.commonPool-worker-1] INFO  impl.PendingRequests (PendingRequests.java:sendNotLeaderResponses(202)) - c2925b1d-00ad-4d76-9426-86b6c6682e26@group-B22C93FBFD06-PendingRequests: sendNotLeaderResponses
2019-10-21 09:49:54,734 [org.apache.ratis.server.impl.LogAppender$AppenderDaemon$$Lambda$536/320606473@25bf3154] WARN  server.GrpcLogAppender (GrpcLogAppender.java:mayWait(143)) - c2925b1d-00ad-4d76-9426-86b6c6682e26@group-B22C93FBFD06->54cc6ee4-85aa-4390-b29f-1c813cd489af-GrpcLogAppender: Wait interrupted by java.lang.InterruptedException
2019-10-21 09:49:54,734 [org.apache.ratis.server.impl.LogAppender$AppenderDaemon$$Lambda$536/320606473@61fc52c4] WARN  server.GrpcLogAppender (GrpcLogAppender.java:mayWait(143)) - c2925b1d-00ad-4d76-9426-86b6c6682e26@group-B22C93FBFD06->dfb1800d-4985-4fe1-8971-c050908b89b5-GrpcLogAppender: Wait interrupted by java.lang.InterruptedException
2019-10-21 09:49:54,737 [ForkJoinPool.commonPool-worker-1] INFO  impl.StateMachineUpdater (StateMachineUpdater.java:stopAndJoin(136)) - c2925b1d-00ad-4d76-9426-86b6c6682e26@group-B22C93FBFD06-StateMachineUpdater: set stopIndex = 14
2019-10-21 09:49:54,737 [c2925b1d-00ad-4d76-9426-86b6c6682e26@group-B22C93FBFD06-StateMachineUpdater] INFO  ratis.ContainerStateMachine (ContainerStateMachine.java:takeSnapshot(294)) - group-B22C93FBFD06: Taking a snapshot at:(t:1, i:14) file /workdir/hadoop-ozone/integration-test/target/test-dir/MiniOzoneClusterImpl-4293bdbb-7b7b-4247-8a28-8ef3a725fd91/datanode-0/data/ratis/3f6ce7ef-981d-4694-acce-b22c93fbfd06/sm/snapshot.1_14
2019-10-21 09:49:54,743 [95a31197-fbd9-42e6-8925-3f078625a966@group-51560639F5B9-StateMachineUpdater] INFO  ratis.ContainerStateMachine (ContainerStateMachine.java:takeSnapshot(305)) - group-51560639F5B9: Finished taking a snapshot at:(t:2, i:12) file:/workdir/hadoop-ozone/integration-test/target/test-dir/MiniOzoneClusterImpl-4293bdbb-7b7b-4247-8a28-8ef3a725fd91/datanode-6/data/ratis/ba2b7668-2085-4e80-993d-51560639f5b9/sm/snapshot.2_12 time:14
2019-10-21 09:49:54,743 [c2925b1d-00ad-4d76-9426-86b6c6682e26@group-B22C93FBFD06-StateMachineUpdater] INFO  ratis.ContainerStateMachine (ContainerStateMachine.java:takeSnapshot(305)) - group-B22C93FBFD06: Finished taking a snapshot at:(t:1, i:14) file:/workdir/hadoop-ozone/integration-test/target/test-dir/MiniOzoneClusterImpl-4293bdbb-7b7b-4247-8a28-8ef3a725fd91/datanode-0/data/ratis/3f6ce7ef-981d-4694-acce-b22c93fbfd06/sm/snapshot.1_14 time:7
2019-10-21 09:49:54,743 [95a31197-fbd9-42e6-8925-3f078625a966@group-51560639F5B9-StateMachineUpdater] INFO  impl.StateMachineUpdater (StateMachineUpdater.java:takeSnapshot(269)) - 95a31197-fbd9-42e6-8925-3f078625a966@group-51560639F5B9-StateMachineUpdater: Took a snapshot at index 12
2019-10-21 09:49:54,743 [95a31197-fbd9-42e6-8925-3f078625a966@group-51560639F5B9-StateMachineUpdater] INFO  impl.StateMachineUpdater (StateMachineUpdater.java:lambda$new$0(84)) - 95a31197-fbd9-42e6-8925-3f078625a966@group-51560639F5B9-StateMachineUpdater: snapshotIndex: updateIncreasingly 12 -> 12
2019-10-21 09:49:54,744 [c2925b1d-00ad-4d76-9426-86b6c6682e26@group-B22C93FBFD06-StateMachineUpdater] INFO  impl.StateMachineUpdater (StateMachineUpdater.java:takeSnapshot(269)) - c2925b1d-00ad-4d76-9426-86b6c6682e26@group-B22C93FBFD06-StateMachineUpdater: Took a snapshot at index 14
2019-10-21 09:49:54,744 [c2925b1d-00ad-4d76-9426-86b6c6682e26@group-B22C93FBFD06-StateMachineUpdater] INFO  impl.StateMachineUpdater (StateMachineUpdater.java:lambda$new$0(84)) - c2925b1d-00ad-4d76-9426-86b6c6682e26@group-B22C93FBFD06-StateMachineUpdater: snapshotIndex: updateIncreasingly -1 -> 14
2019-10-21 09:49:54,744 [main] INFO  impl.RaftServerImpl (ServerState.java:close(387)) - 95a31197-fbd9-42e6-8925-3f078625a966@group-51560639F5B9: closes. applyIndex: 13
2019-10-21 09:49:54,744 [ForkJoinPool.commonPool-worker-1] INFO  impl.RaftServerImpl (ServerState.java:close(387)) - c2925b1d-00ad-4d76-9426-86b6c6682e26@group-B22C93FBFD06: closes. applyIndex: 14
2019-10-21 09:49:54,744 [95a31197-fbd9-42e6-8925-3f078625a966@group-51560639F5B9-SegmentedRaftLogWorker] INFO  segmented.SegmentedRaftLogWorker (SegmentedRaftLogWorker.java:run(316)) - 95a31197-fbd9-42e6-8925-3f078625a966@group-51560639F5B9-SegmentedRaftLogWorker was interrupted, exiting. There are 0 tasks remaining in the queue.
2019-10-21 09:49:54,744 [c2925b1d-00ad-4d76-9426-86b6c6682e26@group-B22C93FBFD06-SegmentedRaftLogWorker] INFO  segmented.SegmentedRaftLogWorker (SegmentedRaftLogWorker.java:run(316)) - c2925b1d-00ad-4d76-9426-86b6c6682e26@group-B22C93FBFD06-SegmentedRaftLogWorker was interrupted, exiting. There are 0 tasks remaining in the queue.
2019-10-21 09:49:54,746 [main] INFO  segmented.SegmentedRaftLogWorker (SegmentedRaftLogWorker.java:close(224)) - 95a31197-fbd9-42e6-8925-3f078625a966@group-51560639F5B9-SegmentedRaftLogWorker close()
2019-10-21 09:49:54,747 [ForkJoinPool.commonPool-worker-1] INFO  segmented.SegmentedRaftLogWorker (SegmentedRaftLogWorker.java:close(224)) - c2925b1d-00ad-4d76-9426-86b6c6682e26@group-B22C93FBFD06-SegmentedRaftLogWorker close()
2019-10-21 09:49:54,748 [main] INFO  server.GrpcService (GrpcService.java:closeImpl(164)) - 95a31197-fbd9-42e6-8925-3f078625a966: shutdown server with port 42364 now
2019-10-21 09:49:54,750 [ForkJoinPool.commonPool-worker-1] INFO  impl.RaftServerImpl (RaftServerImpl.java:lambda$shutdown$3(247)) - c2925b1d-00ad-4d76-9426-86b6c6682e26@group-0DD853AA751F: shutdown
2019-10-21 09:49:54,750 [ForkJoinPool.commonPool-worker-1] INFO  util.JmxRegister (JmxRegister.java:unregister(73)) - Successfully un-registered JMX Bean with object name Ratis:service=RaftServer,group=group-0DD853AA751F,id=c2925b1d-00ad-4d76-9426-86b6c6682e26
2019-10-21 09:49:54,750 [ForkJoinPool.commonPool-worker-1] INFO  impl.RoleInfo (RoleInfo.java:shutdownLeaderState(104)) - c2925b1d-00ad-4d76-9426-86b6c6682e26: shutdown LeaderState
2019-10-21 09:49:54,750 [ForkJoinPool.commonPool-worker-1] INFO  impl.PendingRequests (PendingRequests.java:sendNotLeaderResponses(202)) - c2925b1d-00ad-4d76-9426-86b6c6682e26@group-0DD853AA751F-PendingRequests: sendNotLeaderResponses
2019-10-21 09:49:54,751 [ForkJoinPool.commonPool-worker-1] INFO  impl.StateMachineUpdater (StateMachineUpdater.java:stopAndJoin(136)) - c2925b1d-00ad-4d76-9426-86b6c6682e26@group-0DD853AA751F-StateMachineUpdater: set stopIndex = 0
2019-10-21 09:49:54,751 [grpc-default-executor-10] WARN  server.GrpcServerProtocolService (LogUtils.java:warn(134)) - 95a31197-fbd9-42e6-8925-3f078625a966: installSnapshot onError, lastRequest: f4df8662-7415-4036-ac96-ff2b1bb6586f->95a31197-fbd9-42e6-8925-3f078625a966#20-t2, previous=(t:2, i:13), leaderCommit=13, initializing? false, entries: <empty>: org.apache.ratis.thirdparty.io.grpc.StatusRuntimeException: CANCELLED: cancelled before receiving half close
2019-10-21 09:49:54,751 [main] INFO  server.GrpcService (GrpcService.java:closeImpl(172)) - 95a31197-fbd9-42e6-8925-3f078625a966: shutdown server with port 42364 successfully
2019-10-21 09:49:54,751 [ForkJoinPool.commonPool-worker-1] INFO  impl.RaftServerImpl (ServerState.java:close(387)) - c2925b1d-00ad-4d76-9426-86b6c6682e26@group-0DD853AA751F: closes. applyIndex: 0
2019-10-21 09:49:54,751 [grpc-default-executor-9] WARN  server.GrpcLogAppender (LogUtils.java:warn(134)) - f4df8662-7415-4036-ac96-ff2b1bb6586f@group-51560639F5B9->95a31197-fbd9-42e6-8925-3f078625a966-AppendLogResponseHandler: Failed appendEntries: org.apache.ratis.thirdparty.io.grpc.StatusRuntimeException: CANCELLED: HTTP/2 error code: CANCEL
Received Rst Stream
2019-10-21 09:49:54,752 [c2925b1d-00ad-4d76-9426-86b6c6682e26@group-0DD853AA751F-SegmentedRaftLogWorker] INFO  segmented.SegmentedRaftLogWorker (SegmentedRaftLogWorker.java:run(316)) - c2925b1d-00ad-4d76-9426-86b6c6682e26@group-0DD853AA751F-SegmentedRaftLogWorker was interrupted, exiting. There are 0 tasks remaining in the queue.
2019-10-21 09:49:54,752 [grpc-default-executor-9] INFO  impl.FollowerInfo (FollowerInfo.java:lambda$new$0(51)) - f4df8662-7415-4036-ac96-ff2b1bb6586f@group-51560639F5B9->95a31197-fbd9-42e6-8925-3f078625a966: nextIndex: updateUnconditionally 14 -> 13
2019-10-21 09:49:54,752 [ForkJoinPool.commonPool-worker-1] INFO  segmented.SegmentedRaftLogWorker (SegmentedRaftLogWorker.java:close(224)) - c2925b1d-00ad-4d76-9426-86b6c6682e26@group-0DD853AA751F-SegmentedRaftLogWorker close()
2019-10-21 09:49:54,754 [ForkJoinPool.commonPool-worker-1] INFO  server.GrpcService (GrpcService.java:closeImpl(164)) - c2925b1d-00ad-4d76-9426-86b6c6682e26: shutdown server with port 41872 now
2019-10-21 09:49:54,754 [ForkJoinPool.commonPool-worker-1] INFO  server.GrpcService (GrpcService.java:closeImpl(172)) - c2925b1d-00ad-4d76-9426-86b6c6682e26: shutdown server with port 41872 successfully
2019-10-21 09:49:54,760 [refreshUsed-/workdir/hadoop-ozone/integration-test/target/test-dir/MiniOzoneClusterImpl-4293bdbb-7b7b-4247-8a28-8ef3a725fd91/datanode-0/data/containers] WARN  fs.CachingGetSpaceUsed (CachingGetSpaceUsed.java:run(183)) - Thread Interrupted waiting to refresh disk information: sleep interrupted
2019-10-21 09:49:54,760 [refreshUsed-/workdir/hadoop-ozone/integration-test/target/test-dir/MiniOzoneClusterImpl-4293bdbb-7b7b-4247-8a28-8ef3a725fd91/datanode-6/data/containers] WARN  fs.CachingGetSpaceUsed (CachingGetSpaceUsed.java:run(183)) - Thread Interrupted waiting to refresh disk information: sleep interrupted
2019-10-21 09:49:54,774 [ForkJoinPool.commonPool-worker-1] INFO  utils.BackgroundService (BackgroundService.java:shutdown(151)) - Shutting down service BlockDeletingService
2019-10-21 09:49:54,777 [main] INFO  utils.BackgroundService (BackgroundService.java:shutdown(151)) - Shutting down service BlockDeletingService
2019-10-21 09:49:54,778 [ForkJoinPool.commonPool-worker-1] INFO  statemachine.DatanodeStateMachine (DatanodeStateMachine.java:stopDaemon(395)) - Ozone container server stopped.
2019-10-21 09:49:54,785 [main] INFO  statemachine.DatanodeStateMachine (DatanodeStateMachine.java:stopDaemon(395)) - Ozone container server stopped.
2019-10-21 09:49:54,786 [ForkJoinPool.commonPool-worker-1] INFO  handler.ContextHandler (ContextHandler.java:doStop(910)) - Stopped o.e.j.w.WebAppContext@ce561cc{/,null,UNAVAILABLE}{/hddsDatanode}
2019-10-21 09:49:54,787 [main] INFO  handler.ContextHandler (ContextHandler.java:doStop(910)) - Stopped o.e.j.w.WebAppContext@5bb7a59{/,null,UNAVAILABLE}{/hddsDatanode}
2019-10-21 09:49:54,787 [ForkJoinPool.commonPool-worker-1] INFO  server.AbstractConnector (AbstractConnector.java:doStop(318)) - Stopped ServerConnector@56ec6960{HTTP/1.1,[http/1.1]}{0.0.0.0:0}
2019-10-21 09:49:54,788 [ForkJoinPool.commonPool-worker-1] INFO  handler.ContextHandler (ContextHandler.java:doStop(910)) - Stopped o.e.j.s.ServletContextHandler@23c7cb18{/static,jar:file:/home/user/.m2/repository/org/apache/hadoop/hadoop-hdds-container-service/0.5.0-SNAPSHOT/hadoop-hdds-container-service-0.5.0-SNAPSHOT.jar!/webapps/static,UNAVAILABLE}
2019-10-21 09:49:54,790 [main] INFO  server.AbstractConnector (AbstractConnector.java:doStop(318)) - Stopped ServerConnector@4bfa5eb9{HTTP/1.1,[http/1.1]}{0.0.0.0:0}
2019-10-21 09:49:54,790 [ForkJoinPool.commonPool-worker-1] INFO  handler.ContextHandler (ContextHandler.java:doStop(910)) - Stopped o.e.j.s.ServletContextHandler@14874a5d{/logs,file:///workdir/hadoop-ozone/integration-test/target/log,UNAVAILABLE}
2019-10-21 09:49:54,790 [main] INFO  handler.ContextHandler (ContextHandler.java:doStop(910)) - Stopped o.e.j.s.ServletContextHandler@1da75dde{/static,jar:file:/home/user/.m2/repository/org/apache/hadoop/hadoop-hdds-container-service/0.5.0-SNAPSHOT/hadoop-hdds-container-service-0.5.0-SNAPSHOT.jar!/webapps/static,UNAVAILABLE}
2019-10-21 09:49:54,790 [main] INFO  handler.ContextHandler (ContextHandler.java:doStop(910)) - Stopped o.e.j.s.ServletContextHandler@1bfa5a13{/logs,file:///workdir/hadoop-ozone/integration-test/target/log,UNAVAILABLE}
2019-10-21 09:49:55,009 [Datanode State Machine Thread - 0] INFO  statemachine.DatanodeStateMachine (DatanodeStateMachine.java:lambda$startDaemon$0(350)) - Ozone container server started.
2019-10-21 09:49:56,996 [grpc-default-executor-10] WARN  server.GrpcLogAppender (LogUtils.java:warn(134)) - f4df8662-7415-4036-ac96-ff2b1bb6586f@group-51560639F5B9->d677ca45-3229-47c7-9233-cddac554fc8b-AppendLogResponseHandler: Failed appendEntries: org.apache.ratis.thirdparty.io.grpc.StatusRuntimeException: UNAVAILABLE: io exception
2019-10-21 09:49:56,996 [grpc-default-executor-10] INFO  impl.FollowerInfo (FollowerInfo.java:lambda$new$0(51)) - f4df8662-7415-4036-ac96-ff2b1bb6586f@group-51560639F5B9->d677ca45-3229-47c7-9233-cddac554fc8b: nextIndex: updateUnconditionally 10 -> 9
2019-10-21 09:49:57,002 [grpc-default-executor-1] WARN  server.GrpcLogAppender (LogUtils.java:warn(134)) - f4df8662-7415-4036-ac96-ff2b1bb6586f@group-51560639F5B9->95a31197-fbd9-42e6-8925-3f078625a966-AppendLogResponseHandler: Failed appendEntries: org.apache.ratis.thirdparty.io.grpc.StatusRuntimeException: UNAVAILABLE: io exception
2019-10-21 09:49:57,002 [grpc-default-executor-1] INFO  impl.FollowerInfo (FollowerInfo.java:lambda$new$0(51)) - f4df8662-7415-4036-ac96-ff2b1bb6586f@group-51560639F5B9->95a31197-fbd9-42e6-8925-3f078625a966: nextIndex: updateUnconditionally 13 -> 12
2019-10-21 09:49:59,035 [EventQueue-StaleNodeForStaleNodeHandler] INFO  node.StaleNodeHandler (StaleNodeHandler.java:onMessage(58)) - Datanode f4df8662-7415-4036-ac96-ff2b1bb6586f{ip: 192.168.34.51, host: pr-hdds-2291-fkckm-1634098129, networkLocation: /default-rack, certSerialId: null} moved to stale state. Finalizing its pipelines [PipelineID=814b1656-5594-4543-8c52-7e243a35ab8c, PipelineID=ba2b7668-2085-4e80-993d-51560639f5b9]
2019-10-21 09:49:59,035 [EventQueue-StaleNodeForStaleNodeHandler] INFO  pipeline.SCMPipelineManager (SCMPipelineManager.java:finalizeAndDestroyPipeline(315)) - destroying pipeline:Pipeline[ Id: 814b1656-5594-4543-8c52-7e243a35ab8c, Nodes: f4df8662-7415-4036-ac96-ff2b1bb6586f{ip: 192.168.34.51, host: pr-hdds-2291-fkckm-1634098129, networkLocation: /default-rack, certSerialId: null}, Type:RATIS, Factor:ONE, State:OPEN]
2019-10-21 09:49:59,035 [EventQueue-StaleNodeForStaleNodeHandler] INFO  pipeline.PipelineStateManager (PipelineStateManager.java:finalizePipeline(123)) - Pipeline Pipeline[ Id: 814b1656-5594-4543-8c52-7e243a35ab8c, Nodes: f4df8662-7415-4036-ac96-ff2b1bb6586f{ip: 192.168.34.51, host: pr-hdds-2291-fkckm-1634098129, networkLocation: /default-rack, certSerialId: null}, Type:RATIS, Factor:ONE, State:CLOSED] moved to CLOSED state
2019-10-21 09:49:59,035 [EventQueue-StaleNodeForStaleNodeHandler] INFO  pipeline.SCMPipelineManager (SCMPipelineManager.java:finalizeAndDestroyPipeline(315)) - destroying pipeline:Pipeline[ Id: ba2b7668-2085-4e80-993d-51560639f5b9, Nodes: d677ca45-3229-47c7-9233-cddac554fc8b{ip: 192.168.34.51, host: pr-hdds-2291-fkckm-1634098129, networkLocation: /default-rack, certSerialId: null}f4df8662-7415-4036-ac96-ff2b1bb6586f{ip: 192.168.34.51, host: pr-hdds-2291-fkckm-1634098129, networkLocation: /default-rack, certSerialId: null}95a31197-fbd9-42e6-8925-3f078625a966{ip: 192.168.34.51, host: pr-hdds-2291-fkckm-1634098129, networkLocation: /default-rack, certSerialId: null}, Type:RATIS, Factor:THREE, State:CLOSED]
2019-10-21 09:49:59,497 [grpc-default-executor-1] WARN  server.GrpcLogAppender (LogUtils.java:warn(134)) - f4df8662-7415-4036-ac96-ff2b1bb6586f@group-51560639F5B9->d677ca45-3229-47c7-9233-cddac554fc8b-AppendLogResponseHandler: Failed appendEntries: org.apache.ratis.thirdparty.io.grpc.StatusRuntimeException: UNAVAILABLE: io exception
2019-10-21 09:49:59,497 [grpc-default-executor-1] INFO  impl.FollowerInfo (FollowerInfo.java:lambda$new$0(51)) - f4df8662-7415-4036-ac96-ff2b1bb6586f@group-51560639F5B9->d677ca45-3229-47c7-9233-cddac554fc8b: nextIndex: updateUnconditionally 9 -> 8
2019-10-21 09:49:59,502 [grpc-default-executor-1] WARN  server.GrpcLogAppender (LogUtils.java:warn(134)) - f4df8662-7415-4036-ac96-ff2b1bb6586f@group-51560639F5B9->95a31197-fbd9-42e6-8925-3f078625a966-AppendLogResponseHandler: Failed appendEntries: org.apache.ratis.thirdparty.io.grpc.StatusRuntimeException: UNAVAILABLE: io exception
2019-10-21 09:49:59,502 [grpc-default-executor-1] INFO  impl.FollowerInfo (FollowerInfo.java:lambda$new$0(51)) - f4df8662-7415-4036-ac96-ff2b1bb6586f@group-51560639F5B9->95a31197-fbd9-42e6-8925-3f078625a966: nextIndex: updateUnconditionally 12 -> 11
2019-10-21 09:49:59,792 [ForkJoinPool.commonPool-worker-1] INFO  ozoneimpl.OzoneContainer (OzoneContainer.java:stop(227)) - Attempting to stop container services.
2019-10-21 09:49:59,794 [ForkJoinPool.commonPool-worker-1] INFO  impl.RaftServerProxy (RaftServerProxy.java:lambda$close$4(314)) - f4df8662-7415-4036-ac96-ff2b1bb6586f: close
2019-10-21 09:49:59,794 [ForkJoinPool.commonPool-worker-1] INFO  impl.RaftServerImpl (RaftServerImpl.java:lambda$shutdown$3(247)) - f4df8662-7415-4036-ac96-ff2b1bb6586f@group-7E243A35AB8C: shutdown
2019-10-21 09:49:59,794 [ForkJoinPool.commonPool-worker-1] INFO  util.JmxRegister (JmxRegister.java:unregister(73)) - Successfully un-registered JMX Bean with object name Ratis:service=RaftServer,group=group-7E243A35AB8C,id=f4df8662-7415-4036-ac96-ff2b1bb6586f
2019-10-21 09:49:59,794 [ForkJoinPool.commonPool-worker-1] INFO  impl.RoleInfo (RoleInfo.java:shutdownLeaderState(104)) - f4df8662-7415-4036-ac96-ff2b1bb6586f: shutdown LeaderState
2019-10-21 09:49:59,795 [ForkJoinPool.commonPool-worker-1] INFO  impl.PendingRequests (PendingRequests.java:sendNotLeaderResponses(202)) - f4df8662-7415-4036-ac96-ff2b1bb6586f@group-7E243A35AB8C-PendingRequests: sendNotLeaderResponses
2019-10-21 09:49:59,795 [ForkJoinPool.commonPool-worker-1] INFO  impl.StateMachineUpdater (StateMachineUpdater.java:stopAndJoin(136)) - f4df8662-7415-4036-ac96-ff2b1bb6586f@group-7E243A35AB8C-StateMachineUpdater: set stopIndex = 0
2019-10-21 09:49:59,796 [ForkJoinPool.commonPool-worker-1] INFO  impl.RaftServerImpl (ServerState.java:close(387)) - f4df8662-7415-4036-ac96-ff2b1bb6586f@group-7E243A35AB8C: closes. applyIndex: 0
2019-10-21 09:49:59,796 [f4df8662-7415-4036-ac96-ff2b1bb6586f@group-7E243A35AB8C-SegmentedRaftLogWorker] INFO  segmented.SegmentedRaftLogWorker (SegmentedRaftLogWorker.java:run(316)) - f4df8662-7415-4036-ac96-ff2b1bb6586f@group-7E243A35AB8C-SegmentedRaftLogWorker was interrupted, exiting. There are 0 tasks remaining in the queue.
2019-10-21 09:49:59,796 [ForkJoinPool.commonPool-worker-1] INFO  segmented.SegmentedRaftLogWorker (SegmentedRaftLogWorker.java:close(224)) - f4df8662-7415-4036-ac96-ff2b1bb6586f@group-7E243A35AB8C-SegmentedRaftLogWorker close()
2019-10-21 09:49:59,797 [ForkJoinPool.commonPool-worker-1] INFO  impl.RaftServerImpl (RaftServerImpl.java:lambda$shutdown$3(247)) - f4df8662-7415-4036-ac96-ff2b1bb6586f@group-51560639F5B9: shutdown
2019-10-21 09:49:59,798 [ForkJoinPool.commonPool-worker-1] INFO  util.JmxRegister (JmxRegister.java:unregister(73)) - Successfully un-registered JMX Bean with object name Ratis:service=RaftServer,group=group-51560639F5B9,id=f4df8662-7415-4036-ac96-ff2b1bb6586f
2019-10-21 09:49:59,798 [ForkJoinPool.commonPool-worker-1] INFO  impl.RoleInfo (RoleInfo.java:shutdownLeaderState(104)) - f4df8662-7415-4036-ac96-ff2b1bb6586f: shutdown LeaderState
2019-10-21 09:49:59,799 [org.apache.ratis.server.impl.LogAppender$AppenderDaemon$$Lambda$536/320606473@3cbae9dd] WARN  server.GrpcLogAppender (GrpcLogAppender.java:mayWait(143)) - f4df8662-7415-4036-ac96-ff2b1bb6586f@group-51560639F5B9->95a31197-fbd9-42e6-8925-3f078625a966-GrpcLogAppender: Wait interrupted by java.lang.InterruptedException
2019-10-21 09:49:59,800 [org.apache.ratis.server.impl.LogAppender$AppenderDaemon$$Lambda$536/320606473@4f16c257] WARN  server.GrpcLogAppender (GrpcLogAppender.java:mayWait(143)) - f4df8662-7415-4036-ac96-ff2b1bb6586f@group-51560639F5B9->d677ca45-3229-47c7-9233-cddac554fc8b-GrpcLogAppender: Wait interrupted by java.lang.InterruptedException
2019-10-21 09:49:59,800 [ForkJoinPool.commonPool-worker-1] INFO  impl.PendingRequests (PendingRequests.java:sendNotLeaderResponses(202)) - f4df8662-7415-4036-ac96-ff2b1bb6586f@group-51560639F5B9-PendingRequests: sendNotLeaderResponses
2019-10-21 09:49:59,803 [ForkJoinPool.commonPool-worker-1] INFO  impl.StateMachineUpdater (StateMachineUpdater.java:stopAndJoin(136)) - f4df8662-7415-4036-ac96-ff2b1bb6586f@group-51560639F5B9-StateMachineUpdater: set stopIndex = 13
2019-10-21 09:49:59,803 [f4df8662-7415-4036-ac96-ff2b1bb6586f@group-51560639F5B9-StateMachineUpdater] INFO  ratis.ContainerStateMachine (ContainerStateMachine.java:takeSnapshot(294)) - group-51560639F5B9: Taking a snapshot at:(t:2, i:13) file /workdir/hadoop-ozone/integration-test/target/test-dir/MiniOzoneClusterImpl-4293bdbb-7b7b-4247-8a28-8ef3a725fd91/datanode-5/data/ratis/ba2b7668-2085-4e80-993d-51560639f5b9/sm/snapshot.2_13
2019-10-21 09:49:59,806 [f4df8662-7415-4036-ac96-ff2b1bb6586f@group-51560639F5B9-StateMachineUpdater] INFO  ratis.ContainerStateMachine (ContainerStateMachine.java:takeSnapshot(305)) - group-51560639F5B9: Finished taking a snapshot at:(t:2, i:13) file:/workdir/hadoop-ozone/integration-test/target/test-dir/MiniOzoneClusterImpl-4293bdbb-7b7b-4247-8a28-8ef3a725fd91/datanode-5/data/ratis/ba2b7668-2085-4e80-993d-51560639f5b9/sm/snapshot.2_13 time:3
2019-10-21 09:49:59,807 [f4df8662-7415-4036-ac96-ff2b1bb6586f@group-51560639F5B9-StateMachineUpdater] INFO  impl.StateMachineUpdater (StateMachineUpdater.java:takeSnapshot(269)) - f4df8662-7415-4036-ac96-ff2b1bb6586f@group-51560639F5B9-StateMachineUpdater: Took a snapshot at index 13
2019-10-21 09:49:59,807 [f4df8662-7415-4036-ac96-ff2b1bb6586f@group-51560639F5B9-StateMachineUpdater] INFO  impl.StateMachineUpdater (StateMachineUpdater.java:lambda$new$0(84)) - f4df8662-7415-4036-ac96-ff2b1bb6586f@group-51560639F5B9-StateMachineUpdater: snapshotIndex: updateIncreasingly -1 -> 13
2019-10-21 09:49:59,807 [ForkJoinPool.commonPool-worker-1] INFO  impl.RaftServerImpl (ServerState.java:close(387)) - f4df8662-7415-4036-ac96-ff2b1bb6586f@group-51560639F5B9: closes. applyIndex: 13
2019-10-21 09:49:59,808 [f4df8662-7415-4036-ac96-ff2b1bb6586f@group-51560639F5B9-SegmentedRaftLogWorker] INFO  segmented.SegmentedRaftLogWorker (SegmentedRaftLogWorker.java:run(316)) - f4df8662-7415-4036-ac96-ff2b1bb6586f@group-51560639F5B9-SegmentedRaftLogWorker was interrupted, exiting. There are 0 tasks remaining in the queue.
2019-10-21 09:49:59,809 [ForkJoinPool.commonPool-worker-1] INFO  segmented.SegmentedRaftLogWorker (SegmentedRaftLogWorker.java:close(224)) - f4df8662-7415-4036-ac96-ff2b1bb6586f@group-51560639F5B9-SegmentedRaftLogWorker close()
2019-10-21 09:49:59,811 [ForkJoinPool.commonPool-worker-1] INFO  server.GrpcService (GrpcService.java:closeImpl(164)) - f4df8662-7415-4036-ac96-ff2b1bb6586f: shutdown server with port 37794 now
2019-10-21 09:49:59,811 [grpc-default-executor-10] WARN  client.GrpcClientProtocolService (LogUtils.java:warn(134)) - 4-UnorderedRequestStreamObserver4: onError: org.apache.ratis.thirdparty.io.grpc.StatusRuntimeException: CANCELLED: cancelled before receiving half close
2019-10-21 09:49:59,811 [ForkJoinPool.commonPool-worker-1] INFO  server.GrpcService (GrpcService.java:closeImpl(172)) - f4df8662-7415-4036-ac96-ff2b1bb6586f: shutdown server with port 37794 successfully
2019-10-21 09:49:59,814 [refreshUsed-/workdir/hadoop-ozone/integration-test/target/test-dir/MiniOzoneClusterImpl-4293bdbb-7b7b-4247-8a28-8ef3a725fd91/datanode-5/data/containers] WARN  fs.CachingGetSpaceUsed (CachingGetSpaceUsed.java:run(183)) - Thread Interrupted waiting to refresh disk information: sleep interrupted
2019-10-21 09:49:59,831 [ForkJoinPool.commonPool-worker-1] INFO  utils.BackgroundService (BackgroundService.java:shutdown(151)) - Shutting down service BlockDeletingService
2019-10-21 09:49:59,835 [ForkJoinPool.commonPool-worker-1] INFO  statemachine.DatanodeStateMachine (DatanodeStateMachine.java:stopDaemon(395)) - Ozone container server stopped.
2019-10-21 09:49:59,837 [ForkJoinPool.commonPool-worker-1] INFO  handler.ContextHandler (ContextHandler.java:doStop(910)) - Stopped o.e.j.w.WebAppContext@5a899811{/,null,UNAVAILABLE}{/hddsDatanode}
2019-10-21 09:49:59,837 [ForkJoinPool.commonPool-worker-1] INFO  server.AbstractConnector (AbstractConnector.java:doStop(318)) - Stopped ServerConnector@6a51ae7c{HTTP/1.1,[http/1.1]}{0.0.0.0:0}
2019-10-21 09:49:59,838 [ForkJoinPool.commonPool-worker-1] INFO  handler.ContextHandler (ContextHandler.java:doStop(910)) - Stopped o.e.j.s.ServletContextHandler@619c3546{/static,jar:file:/home/user/.m2/repository/org/apache/hadoop/hadoop-hdds-container-service/0.5.0-SNAPSHOT/hadoop-hdds-container-service-0.5.0-SNAPSHOT.jar!/webapps/static,UNAVAILABLE}
2019-10-21 09:49:59,840 [ForkJoinPool.commonPool-worker-1] INFO  handler.ContextHandler (ContextHandler.java:doStop(910)) - Stopped o.e.j.s.ServletContextHandler@6cceb281{/logs,file:///workdir/hadoop-ozone/integration-test/target/log,UNAVAILABLE}
2019-10-21 09:49:59,840 [main] INFO  ozone.MiniOzoneClusterImpl (MiniOzoneClusterImpl.java:stopSCM(392)) - Stopping the StorageContainerManager
2019-10-21 09:49:59,841 [main] INFO  server.StorageContainerManager (StorageContainerManager.java:stop(810)) - Stopping Replication Manager Service.
2019-10-21 09:49:59,841 [main] INFO  container.ReplicationManager (ReplicationManager.java:stop(203)) - Stopping Replication Monitor Thread.
2019-10-21 09:49:59,841 [main] INFO  server.StorageContainerManager (StorageContainerManager.java:stop(817)) - Stopping Lease Manager of the command watchers
2019-10-21 09:49:59,841 [main] INFO  server.StorageContainerManager (StorageContainerManager.java:stop(824)) - Stopping datanode service RPC server
2019-10-21 09:49:59,842 [main] INFO  server.SCMDatanodeProtocolServer (SCMDatanodeProtocolServer.java:stop(346)) - Stopping the RPC server for DataNodes
2019-10-21 09:49:59,842 [main] INFO  ipc.Server (Server.java:stop(3082)) - Stopping server on 34429
2019-10-21 09:49:59,844 [IPC Server listener on 34429] INFO  ipc.Server (Server.java:run(1185)) - Stopping IPC Server listener on 34429
2019-10-21 09:49:59,845 [IPC Server Responder] INFO  ipc.Server (Server.java:run(1319)) - Stopping IPC Server Responder
2019-10-21 09:49:59,936 [SCM Heartbeat Processing Thread - 0] WARN  node.NodeStateManager (NodeStateManager.java:scheduleNextHealthCheck(646)) - Current Thread is interrupted, shutting down HB processing thread for Node Manager.
2019-10-21 09:49:59,937 [main] INFO  server.StorageContainerManager (StorageContainerManager.java:stop(832)) - Stopping block service RPC server
2019-10-21 09:49:59,937 [main] INFO  server.SCMBlockProtocolServer (SCMBlockProtocolServer.java:stop(155)) - Stopping the RPC server for Block Protocol
2019-10-21 09:49:59,937 [main] INFO  ipc.Server (Server.java:stop(3082)) - Stopping server on 37312
2019-10-21 09:49:59,939 [IPC Server listener on 37312] INFO  ipc.Server (Server.java:run(1185)) - Stopping IPC Server listener on 37312
2019-10-21 09:49:59,939 [main] INFO  server.StorageContainerManager (StorageContainerManager.java:stop(839)) - Stopping the StorageContainerLocationProtocol RPC server
2019-10-21 09:49:59,940 [IPC Server Responder] INFO  ipc.Server (Server.java:run(1319)) - Stopping IPC Server Responder
2019-10-21 09:49:59,940 [main] INFO  server.SCMClientProtocolServer (SCMClientProtocolServer.java:stop(168)) - Stopping the RPC server for Client Protocol
2019-10-21 09:49:59,941 [main] INFO  ipc.Server (Server.java:stop(3082)) - Stopping server on 44514
2019-10-21 09:49:59,943 [IPC Server listener on 44514] INFO  ipc.Server (Server.java:run(1185)) - Stopping IPC Server listener on 44514
2019-10-21 09:49:59,944 [main] INFO  server.StorageContainerManager (StorageContainerManager.java:stop(846)) - Stopping Storage Container Manager HTTP server.
2019-10-21 09:49:59,944 [IPC Server Responder] INFO  ipc.Server (Server.java:run(1319)) - Stopping IPC Server Responder
2019-10-21 09:49:59,946 [main] INFO  handler.ContextHandler (ContextHandler.java:doStop(910)) - Stopped o.e.j.w.WebAppContext@50778bde{/,null,UNAVAILABLE}{/scm}
2019-10-21 09:49:59,947 [main] INFO  server.AbstractConnector (AbstractConnector.java:doStop(318)) - Stopped ServerConnector@1934339{HTTP/1.1,[http/1.1]}{0.0.0.0:0}
2019-10-21 09:49:59,947 [main] INFO  handler.ContextHandler (ContextHandler.java:doStop(910)) - Stopped o.e.j.s.ServletContextHandler@59ec7020{/static,file:///workdir/hadoop-ozone/integration-test/target/test-classes/webapps/static,UNAVAILABLE}
2019-10-21 09:49:59,948 [main] INFO  handler.ContextHandler (ContextHandler.java:doStop(910)) - Stopped o.e.j.s.ServletContextHandler@5c5a91b4{/logs,file:///workdir/hadoop-ozone/integration-test/target/log,UNAVAILABLE}
2019-10-21 09:49:59,949 [main] INFO  server.StorageContainerManager (StorageContainerManager.java:stop(857)) - Stopping Block Manager Service.
2019-10-21 09:49:59,949 [main] INFO  utils.BackgroundService (BackgroundService.java:shutdown(151)) - Shutting down service SCMBlockDeletingService
2019-10-21 09:49:59,949 [main] INFO  utils.BackgroundService (BackgroundService.java:shutdown(151)) - Shutting down service SCMBlockDeletingService
2019-10-21 09:49:59,950 [main] INFO  server.StorageContainerManager (StorageContainerManager.java:stop(879)) - Stopping SCM Event Queue.
2019-10-21 09:49:59,955 [main] INFO  impl.MetricsSystemImpl (MetricsSystemImpl.java:stop(210)) - Stopping HddsDatanode metrics system...
2019-10-21 09:49:59,988 [main] INFO  impl.MetricsSystemImpl (MetricsSystemImpl.java:stop(216)) - HddsDatanode metrics system stopped.
]]></system-out>
    <system-err><![CDATA[Oct 21, 2019 9:49:44 AM org.apache.ratis.thirdparty.io.grpc.internal.SerializingExecutor run
SEVERE: Exception while executing runnable org.apache.ratis.thirdparty.io.grpc.internal.ServerImpl$JumpToApplicationThreadServerStreamListener$1Closed@7688152d
org.apache.ratis.thirdparty.io.grpc.StatusRuntimeException: CANCELLED: call already cancelled
	at org.apache.ratis.thirdparty.io.grpc.Status.asRuntimeException(Status.java:517)
	at org.apache.ratis.thirdparty.io.grpc.stub.ServerCalls$ServerCallStreamObserverImpl.onCompleted(ServerCalls.java:356)
	at org.apache.ratis.grpc.server.GrpcServerProtocolService$ServerRequestStreamObserver.onError(GrpcServerProtocolService.java:121)
	at org.apache.ratis.thirdparty.io.grpc.stub.ServerCalls$StreamingServerCallHandler$StreamingServerCallListener.onCancel(ServerCalls.java:269)
	at org.apache.ratis.thirdparty.io.grpc.internal.ServerCallImpl$ServerStreamListenerImpl.closed(ServerCallImpl.java:293)
	at org.apache.ratis.thirdparty.io.grpc.internal.ServerImpl$JumpToApplicationThreadServerStreamListener$1Closed.runInContext(ServerImpl.java:741)
	at org.apache.ratis.thirdparty.io.grpc.internal.ContextRunnable.run(ContextRunnable.java:37)
	at org.apache.ratis.thirdparty.io.grpc.internal.SerializingExecutor.run(SerializingExecutor.java:123)
	at java.util.concurrent.ThreadPoolExecutor.runWorker(ThreadPoolExecutor.java:1149)
	at java.util.concurrent.ThreadPoolExecutor$Worker.run(ThreadPoolExecutor.java:624)
	at java.lang.Thread.run(Thread.java:748)

Oct 21, 2019 9:49:49 AM org.apache.ratis.thirdparty.io.grpc.internal.SerializingExecutor run
SEVERE: Exception while executing runnable org.apache.ratis.thirdparty.io.grpc.internal.ServerImpl$JumpToApplicationThreadServerStreamListener$1Closed@6a6152b2
org.apache.ratis.thirdparty.io.grpc.StatusRuntimeException: CANCELLED: call already cancelled
	at org.apache.ratis.thirdparty.io.grpc.Status.asRuntimeException(Status.java:517)
	at org.apache.ratis.thirdparty.io.grpc.stub.ServerCalls$ServerCallStreamObserverImpl.onCompleted(ServerCalls.java:356)
	at org.apache.ratis.grpc.server.GrpcServerProtocolService$ServerRequestStreamObserver.onError(GrpcServerProtocolService.java:121)
	at org.apache.ratis.thirdparty.io.grpc.stub.ServerCalls$StreamingServerCallHandler$StreamingServerCallListener.onCancel(ServerCalls.java:269)
	at org.apache.ratis.thirdparty.io.grpc.internal.ServerCallImpl$ServerStreamListenerImpl.closed(ServerCallImpl.java:293)
	at org.apache.ratis.thirdparty.io.grpc.internal.ServerImpl$JumpToApplicationThreadServerStreamListener$1Closed.runInContext(ServerImpl.java:741)
	at org.apache.ratis.thirdparty.io.grpc.internal.ContextRunnable.run(ContextRunnable.java:37)
	at org.apache.ratis.thirdparty.io.grpc.internal.SerializingExecutor.run(SerializingExecutor.java:123)
	at java.util.concurrent.ThreadPoolExecutor.runWorker(ThreadPoolExecutor.java:1149)
	at java.util.concurrent.ThreadPoolExecutor$Worker.run(ThreadPoolExecutor.java:624)
	at java.lang.Thread.run(Thread.java:748)

Oct 21, 2019 9:49:49 AM org.apache.ratis.thirdparty.io.grpc.internal.SerializingExecutor run
SEVERE: Exception while executing runnable org.apache.ratis.thirdparty.io.grpc.internal.ServerImpl$JumpToApplicationThreadServerStreamListener$1Closed@66748e68
org.apache.ratis.thirdparty.io.grpc.StatusRuntimeException: CANCELLED: call already cancelled
	at org.apache.ratis.thirdparty.io.grpc.Status.asRuntimeException(Status.java:517)
	at org.apache.ratis.thirdparty.io.grpc.stub.ServerCalls$ServerCallStreamObserverImpl.onCompleted(ServerCalls.java:356)
	at org.apache.ratis.grpc.server.GrpcServerProtocolService$ServerRequestStreamObserver.onError(GrpcServerProtocolService.java:121)
	at org.apache.ratis.thirdparty.io.grpc.stub.ServerCalls$StreamingServerCallHandler$StreamingServerCallListener.onCancel(ServerCalls.java:269)
	at org.apache.ratis.thirdparty.io.grpc.internal.ServerCallImpl$ServerStreamListenerImpl.closed(ServerCallImpl.java:293)
	at org.apache.ratis.thirdparty.io.grpc.internal.ServerImpl$JumpToApplicationThreadServerStreamListener$1Closed.runInContext(ServerImpl.java:741)
	at org.apache.ratis.thirdparty.io.grpc.internal.ContextRunnable.run(ContextRunnable.java:37)
	at org.apache.ratis.thirdparty.io.grpc.internal.SerializingExecutor.run(SerializingExecutor.java:123)
	at java.util.concurrent.ThreadPoolExecutor.runWorker(ThreadPoolExecutor.java:1149)
	at java.util.concurrent.ThreadPoolExecutor$Worker.run(ThreadPoolExecutor.java:624)
	at java.lang.Thread.run(Thread.java:748)

Oct 21, 2019 9:49:54 AM org.apache.ratis.thirdparty.io.grpc.internal.SerializingExecutor run
SEVERE: Exception while executing runnable org.apache.ratis.thirdparty.io.grpc.internal.ServerImpl$JumpToApplicationThreadServerStreamListener$1Closed@438c1a4f
org.apache.ratis.thirdparty.io.grpc.StatusRuntimeException: CANCELLED: call already cancelled
	at org.apache.ratis.thirdparty.io.grpc.Status.asRuntimeException(Status.java:517)
	at org.apache.ratis.thirdparty.io.grpc.stub.ServerCalls$ServerCallStreamObserverImpl.onCompleted(ServerCalls.java:356)
	at org.apache.ratis.grpc.server.GrpcServerProtocolService$ServerRequestStreamObserver.onError(GrpcServerProtocolService.java:121)
	at org.apache.ratis.thirdparty.io.grpc.stub.ServerCalls$StreamingServerCallHandler$StreamingServerCallListener.onCancel(ServerCalls.java:269)
	at org.apache.ratis.thirdparty.io.grpc.internal.ServerCallImpl$ServerStreamListenerImpl.closed(ServerCallImpl.java:293)
	at org.apache.ratis.thirdparty.io.grpc.internal.ServerImpl$JumpToApplicationThreadServerStreamListener$1Closed.runInContext(ServerImpl.java:741)
	at org.apache.ratis.thirdparty.io.grpc.internal.ContextRunnable.run(ContextRunnable.java:37)
	at org.apache.ratis.thirdparty.io.grpc.internal.SerializingExecutor.run(SerializingExecutor.java:123)
	at java.util.concurrent.ThreadPoolExecutor.runWorker(ThreadPoolExecutor.java:1149)
	at java.util.concurrent.ThreadPoolExecutor$Worker.run(ThreadPoolExecutor.java:624)
	at java.lang.Thread.run(Thread.java:748)

]]></system-err>
  </testcase>
  <testcase name="testExceptionDuringClose" classname="org.apache.hadoop.ozone.client.rpc.TestBlockOutputStreamWithFailures" time="33.272"/>
</testsuite>