<?xml version="1.0" encoding="UTF-8"?>
<testsuite xmlns:xsi="http://www.w3.org/2001/XMLSchema-instance" xsi:noNamespaceSchemaLocation="https://maven.apache.org/surefire/maven-surefire-plugin/xsd/surefire-test-report.xsd" name="org.apache.hadoop.ozone.client.rpc.TestDeleteWithSlowFollower" time="132.507" tests="1" errors="0" skipped="0" failures="1">
  <properties>
    <property name="awt.toolkit" value="sun.awt.X11.XToolkit"/>
    <property name="file.encoding.pkg" value="sun.io"/>
    <property name="java.specification.version" value="1.8"/>
    <property name="sun.cpu.isalist" value=""/>
    <property name="sun.jnu.encoding" value="ANSI_X3.4-1968"/>
    <property name="java.class.path" value="/workdir/hadoop-ozone/integration-test/target/test-classes:/workdir/hadoop-ozone/integration-test/target/classes:/home/user/.m2/repository/org/apache/hadoop/hadoop-ozone-common/0.5.0-SNAPSHOT/hadoop-ozone-common-0.5.0-SNAPSHOT.jar:/home/user/.m2/repository/org/apache/commons/commons-compress/1.4.1/commons-compress-1.4.1.jar:/home/user/.m2/repository/org/tukaani/xz/1.0/xz-1.0.jar:/home/user/.m2/repository/org/apache/hadoop/hadoop-common/3.2.0/hadoop-common-3.2.0.jar:/home/user/.m2/repository/org/apache/hadoop/hadoop-hdfs/3.2.0/hadoop-hdfs-3.2.0.jar:/home/user/.m2/repository/org/apache/hadoop/hadoop-hdfs-client/3.2.0/hadoop-hdfs-client-3.2.0.jar:/home/user/.m2/repository/com/fasterxml/jackson/core/jackson-annotations/2.9.9/jackson-annotations-2.9.9.jar:/home/user/.m2/repository/org/apache/hadoop/hadoop-hdds-common/0.5.0-SNAPSHOT/hadoop-hdds-common-0.5.0-SNAPSHOT.jar:/home/user/.m2/repository/javax/annotation/javax.annotation-api/1.2/javax.annotation-api-1.2.jar:/home/user/.m2/repository/org/apache/ratis/ratis-server/0.5.0-3f446aa-SNAPSHOT/ratis-server-0.5.0-3f446aa-SNAPSHOT.jar:/home/user/.m2/repository/org/apache/ratis/ratis-thirdparty-misc/0.2.0/ratis-thirdparty-misc-0.2.0.jar:/home/user/.m2/repository/org/apache/ratis/ratis-proto/0.5.0-3f446aa-SNAPSHOT/ratis-proto-0.5.0-3f446aa-SNAPSHOT.jar:/home/user/.m2/repository/org/apache/ratis/ratis-common/0.5.0-3f446aa-SNAPSHOT/ratis-common-0.5.0-3f446aa-SNAPSHOT.jar:/home/user/.m2/repository/org/apache/ratis/ratis-client/0.5.0-3f446aa-SNAPSHOT/ratis-client-0.5.0-3f446aa-SNAPSHOT.jar:/home/user/.m2/repository/org/apache/ratis/ratis-metrics/0.5.0-3f446aa-SNAPSHOT/ratis-metrics-0.5.0-3f446aa-SNAPSHOT.jar:/home/user/.m2/repository/com/github/joshelser/dropwizard-metrics-hadoop-metrics2-reporter/0.1.2/dropwizard-metrics-hadoop-metrics2-reporter-0.1.2.jar:/home/user/.m2/repository/io/dropwizard/metrics/metrics-jvm/3.2.5/metrics-jvm-3.2.5.jar:/home/user/.m2/repository/io/dropwizard/metrics/metrics-ganglia/3.2.5/metrics-ganglia-3.2.5.jar:/home/user/.m2/repository/info/ganglia/gmetric4j/gmetric4j/1.0.7/gmetric4j-1.0.7.jar:/home/user/.m2/repository/org/apache/ratis/ratis-netty/0.5.0-3f446aa-SNAPSHOT/ratis-netty-0.5.0-3f446aa-SNAPSHOT.jar:/home/user/.m2/repository/org/apache/ratis/ratis-grpc/0.5.0-3f446aa-SNAPSHOT/ratis-grpc-0.5.0-3f446aa-SNAPSHOT.jar:/home/user/.m2/repository/org/rocksdb/rocksdbjni/6.0.1/rocksdbjni-6.0.1.jar:/home/user/.m2/repository/org/apache/logging/log4j/log4j-api/2.11.0/log4j-api-2.11.0.jar:/home/user/.m2/repository/org/apache/logging/log4j/log4j-core/2.11.0/log4j-core-2.11.0.jar:/home/user/.m2/repository/com/lmax/disruptor/3.4.2/disruptor-3.4.2.jar:/home/user/.m2/repository/org/apache/commons/commons-pool2/2.6.0/commons-pool2-2.6.0.jar:/home/user/.m2/repository/org/bouncycastle/bcpkix-jdk15on/1.60/bcpkix-jdk15on-1.60.jar:/home/user/.m2/repository/commons-validator/commons-validator/1.6/commons-validator-1.6.jar:/home/user/.m2/repository/commons-digester/commons-digester/1.8.1/commons-digester-1.8.1.jar:/home/user/.m2/repository/io/jaegertracing/jaeger-client/0.34.0/jaeger-client-0.34.0.jar:/home/user/.m2/repository/io/jaegertracing/jaeger-thrift/0.34.0/jaeger-thrift-0.34.0.jar:/home/user/.m2/repository/org/apache/thrift/libthrift/0.12.0/libthrift-0.12.0.jar:/home/user/.m2/repository/com/squareup/okhttp3/okhttp/3.9.0/okhttp-3.9.0.jar:/home/user/.m2/repository/com/squareup/okio/okio/1.13.0/okio-1.13.0.jar:/home/user/.m2/repository/io/jaegertracing/jaeger-core/0.34.0/jaeger-core-0.34.0.jar:/home/user/.m2/repository/io/jaegertracing/jaeger-tracerresolver/0.34.0/jaeger-tracerresolver-0.34.0.jar:/home/user/.m2/repository/io/opentracing/contrib/opentracing-tracerresolver/0.1.5/opentracing-tracerresolver-0.1.5.jar:/home/user/.m2/repository/io/opentracing/opentracing-util/0.31.0/opentracing-util-0.31.0.jar:/home/user/.m2/repository/io/opentracing/opentracing-api/0.31.0/opentracing-api-0.31.0.jar:/home/user/.m2/repository/io/opentracing/opentracing-noop/0.31.0/opentracing-noop-0.31.0.jar:/home/user/.m2/repository/org/apache/hadoop/hadoop-hdds-server-framework/0.5.0-SNAPSHOT/hadoop-hdds-server-framework-0.5.0-SNAPSHOT.jar:/home/user/.m2/repository/org/apache/hadoop/hadoop-hdds-container-service/0.5.0-SNAPSHOT/hadoop-hdds-container-service-0.5.0-SNAPSHOT.jar:/home/user/.m2/repository/org/apache/hadoop/hadoop-hdds-client/0.5.0-SNAPSHOT/hadoop-hdds-client-0.5.0-SNAPSHOT.jar:/home/user/.m2/repository/org/apache/hadoop/hadoop-hdds-tools/0.5.0-SNAPSHOT/hadoop-hdds-tools-0.5.0-SNAPSHOT.jar:/home/user/.m2/repository/org/apache/hadoop/hadoop-hdds-server-scm/0.5.0-SNAPSHOT/hadoop-hdds-server-scm-0.5.0-SNAPSHOT.jar:/home/user/.m2/repository/org/apache/hadoop/hadoop-hdds-docs/0.5.0-SNAPSHOT/hadoop-hdds-docs-0.5.0-SNAPSHOT.jar:/home/user/.m2/repository/io/dropwizard/metrics/metrics-core/3.2.4/metrics-core-3.2.4.jar:/home/user/.m2/repository/org/hamcrest/hamcrest-all/1.3/hamcrest-all-1.3.jar:/home/user/.m2/repository/org/bouncycastle/bcprov-jdk15on/1.60/bcprov-jdk15on-1.60.jar:/home/user/.m2/repository/info/picocli/picocli/3.9.6/picocli-3.9.6.jar:/home/user/.m2/repository/com/google/protobuf/protobuf-java/2.5.0/protobuf-java-2.5.0.jar:/home/user/.m2/repository/com/google/guava/guava/11.0.2/guava-11.0.2.jar:/home/user/.m2/repository/org/apache/hadoop/hadoop-ozone-ozone-manager/0.5.0-SNAPSHOT/hadoop-ozone-ozone-manager-0.5.0-SNAPSHOT.jar:/home/user/.m2/repository/org/apache/hadoop/hadoop-minikdc/3.2.0/hadoop-minikdc-3.2.0.jar:/home/user/.m2/repository/commons-io/commons-io/2.5/commons-io-2.5.jar:/home/user/.m2/repository/org/apache/kerby/kerb-simplekdc/1.0.1/kerb-simplekdc-1.0.1.jar:/home/user/.m2/repository/org/apache/kerby/kerb-client/1.0.1/kerb-client-1.0.1.jar:/home/user/.m2/repository/org/apache/kerby/kerby-config/1.0.1/kerby-config-1.0.1.jar:/home/user/.m2/repository/org/apache/kerby/kerb-core/1.0.1/kerb-core-1.0.1.jar:/home/user/.m2/repository/org/apache/kerby/kerby-pkix/1.0.1/kerby-pkix-1.0.1.jar:/home/user/.m2/repository/org/apache/kerby/kerby-asn1/1.0.1/kerby-asn1-1.0.1.jar:/home/user/.m2/repository/org/apache/kerby/kerby-util/1.0.1/kerby-util-1.0.1.jar:/home/user/.m2/repository/org/apache/kerby/kerb-common/1.0.1/kerb-common-1.0.1.jar:/home/user/.m2/repository/org/apache/kerby/kerb-crypto/1.0.1/kerb-crypto-1.0.1.jar:/home/user/.m2/repository/org/apache/kerby/kerb-util/1.0.1/kerb-util-1.0.1.jar:/home/user/.m2/repository/org/apache/kerby/token-provider/1.0.1/token-provider-1.0.1.jar:/home/user/.m2/repository/org/apache/kerby/kerb-admin/1.0.1/kerb-admin-1.0.1.jar:/home/user/.m2/repository/org/apache/kerby/kerb-server/1.0.1/kerb-server-1.0.1.jar:/home/user/.m2/repository/org/apache/kerby/kerb-identity/1.0.1/kerb-identity-1.0.1.jar:/home/user/.m2/repository/org/apache/kerby/kerby-xdr/1.0.1/kerby-xdr-1.0.1.jar:/home/user/.m2/repository/org/slf4j/slf4j-log4j12/1.7.25/slf4j-log4j12-1.7.25.jar:/home/user/.m2/repository/org/apache/hadoop/hadoop-ozone-s3gateway/0.5.0-SNAPSHOT/hadoop-ozone-s3gateway-0.5.0-SNAPSHOT.jar:/home/user/.m2/repository/org/jboss/weld/servlet/weld-servlet/2.4.7.Final/weld-servlet-2.4.7.Final.jar:/home/user/.m2/repository/org/glassfish/jersey/containers/jersey-container-servlet-core/2.27/jersey-container-servlet-core-2.27.jar:/home/user/.m2/repository/org/glassfish/hk2/external/javax.inject/2.5.0-b42/javax.inject-2.5.0-b42.jar:/home/user/.m2/repository/org/glassfish/jersey/core/jersey-common/2.27/jersey-common-2.27.jar:/home/user/.m2/repository/org/glassfish/hk2/osgi-resource-locator/1.0.1/osgi-resource-locator-1.0.1.jar:/home/user/.m2/repository/javax/ws/rs/javax.ws.rs-api/2.1/javax.ws.rs-api-2.1.jar:/home/user/.m2/repository/org/glassfish/jersey/ext/cdi/jersey-cdi1x/2.27/jersey-cdi1x-2.27.jar:/home/user/.m2/repository/org/glassfish/jersey/inject/jersey-hk2/2.27/jersey-hk2-2.27.jar:/home/user/.m2/repository/org/glassfish/hk2/hk2-locator/2.5.0-b42/hk2-locator-2.5.0-b42.jar:/home/user/.m2/repository/org/javassist/javassist/3.22.0-CR2/javassist-3.22.0-CR2.jar:/home/user/.m2/repository/org/glassfish/hk2/hk2-api/2.5.0/hk2-api-2.5.0.jar:/home/user/.m2/repository/org/glassfish/hk2/external/jakarta.inject/2.5.0/jakarta.inject-2.5.0.jar:/home/user/.m2/repository/org/glassfish/hk2/hk2-utils/2.5.0/hk2-utils-2.5.0.jar:/home/user/.m2/repository/jakarta/annotation/jakarta.annotation-api/1.3.4/jakarta.annotation-api-1.3.4.jar:/home/user/.m2/repository/org/glassfish/hk2/external/aopalliance-repackaged/2.5.0/aopalliance-repackaged-2.5.0.jar:/home/user/.m2/repository/com/fasterxml/jackson/dataformat/jackson-dataformat-xml/2.9.0/jackson-dataformat-xml-2.9.0.jar:/home/user/.m2/repository/com/fasterxml/jackson/core/jackson-core/2.9.9/jackson-core-2.9.9.jar:/home/user/.m2/repository/com/fasterxml/jackson/module/jackson-module-jaxb-annotations/2.9.9/jackson-module-jaxb-annotations-2.9.9.jar:/home/user/.m2/repository/javax/enterprise/cdi-api/1.2/cdi-api-1.2.jar:/home/user/.m2/repository/javax/el/javax.el-api/3.0.0/javax.el-api-3.0.0.jar:/home/user/.m2/repository/javax/interceptor/javax.interceptor-api/1.2/javax.interceptor-api-1.2.jar:/home/user/.m2/repository/javax/inject/javax.inject/1/javax.inject-1.jar:/home/user/.m2/repository/com/sun/xml/bind/jaxb-impl/2.3.0.1/jaxb-impl-2.3.0.1.jar:/home/user/.m2/repository/com/sun/xml/bind/jaxb-core/2.3.0.1/jaxb-core-2.3.0.1.jar:/home/user/.m2/repository/javax/xml/bind/jaxb-api/2.3.0/jaxb-api-2.3.0.jar:/home/user/.m2/repository/javax/activation/activation/1.1.1/activation-1.1.1.jar:/home/user/.m2/repository/org/apache/hadoop/hadoop-ozone-csi/0.5.0-SNAPSHOT/hadoop-ozone-csi-0.5.0-SNAPSHOT.jar:/home/user/.m2/repository/com/google/protobuf/protobuf-java-util/3.5.1/protobuf-java-util-3.5.1.jar:/home/user/.m2/repository/org/apache/hadoop/hadoop-hdds-config/0.5.0-SNAPSHOT/hadoop-hdds-config-0.5.0-SNAPSHOT.jar:/home/user/.m2/repository/io/grpc/grpc-netty/1.17.1/grpc-netty-1.17.1.jar:/home/user/.m2/repository/io/grpc/grpc-core/1.17.1/grpc-core-1.17.1.jar:/home/user/.m2/repository/io/grpc/grpc-context/1.17.1/grpc-context-1.17.1.jar:/home/user/.m2/repository/com/google/errorprone/error_prone_annotations/2.2.0/error_prone_annotations-2.2.0.jar:/home/user/.m2/repository/org/codehaus/mojo/animal-sniffer-annotations/1.17/animal-sniffer-annotations-1.17.jar:/home/user/.m2/repository/io/opencensus/opencensus-api/0.17.0/opencensus-api-0.17.0.jar:/home/user/.m2/repository/io/opencensus/opencensus-contrib-grpc-metrics/0.17.0/opencensus-contrib-grpc-metrics-0.17.0.jar:/home/user/.m2/repository/io/netty/netty-codec-http2/4.1.30.Final/netty-codec-http2-4.1.30.Final.jar:/home/user/.m2/repository/io/netty/netty-codec-http/4.1.30.Final/netty-codec-http-4.1.30.Final.jar:/home/user/.m2/repository/io/netty/netty-codec/4.1.30.Final/netty-codec-4.1.30.Final.jar:/home/user/.m2/repository/io/netty/netty-handler/4.1.30.Final/netty-handler-4.1.30.Final.jar:/home/user/.m2/repository/io/netty/netty-handler-proxy/4.1.30.Final/netty-handler-proxy-4.1.30.Final.jar:/home/user/.m2/repository/io/netty/netty-codec-socks/4.1.30.Final/netty-codec-socks-4.1.30.Final.jar:/home/user/.m2/repository/io/netty/netty-transport-native-epoll/4.1.30.Final/netty-transport-native-epoll-4.1.30.Final.jar:/home/user/.m2/repository/io/netty/netty-common/4.1.30.Final/netty-common-4.1.30.Final.jar:/home/user/.m2/repository/io/netty/netty-buffer/4.1.30.Final/netty-buffer-4.1.30.Final.jar:/home/user/.m2/repository/io/netty/netty-transport/4.1.30.Final/netty-transport-4.1.30.Final.jar:/home/user/.m2/repository/io/netty/netty-resolver/4.1.30.Final/netty-resolver-4.1.30.Final.jar:/home/user/.m2/repository/io/netty/netty-transport-native-unix-common/4.1.30.Final/netty-transport-native-unix-common-4.1.30.Final.jar:/home/user/.m2/repository/io/grpc/grpc-protobuf/1.17.1/grpc-protobuf-1.17.1.jar:/home/user/.m2/repository/com/google/api/grpc/proto-google-common-protos/1.0.0/proto-google-common-protos-1.0.0.jar:/home/user/.m2/repository/io/grpc/grpc-protobuf-lite/1.17.1/grpc-protobuf-lite-1.17.1.jar:/home/user/.m2/repository/io/grpc/grpc-stub/1.17.1/grpc-stub-1.17.1.jar:/home/user/.m2/repository/org/apache/hadoop/hadoop-ozone-recon/0.5.0-SNAPSHOT/hadoop-ozone-recon-0.5.0-SNAPSHOT.jar:/home/user/.m2/repository/org/apache/hadoop/hadoop-ozone-reconcodegen/0.5.0-SNAPSHOT/hadoop-ozone-reconcodegen-0.5.0-SNAPSHOT.jar:/home/user/.m2/repository/com/google/inject/extensions/guice-multibindings/4.0/guice-multibindings-4.0.jar:/home/user/.m2/repository/com/google/inject/guice/4.0/guice-4.0.jar:/home/user/.m2/repository/aopalliance/aopalliance/1.0/aopalliance-1.0.jar:/home/user/.m2/repository/com/google/inject/extensions/guice-servlet/4.0/guice-servlet-4.0.jar:/home/user/.m2/repository/org/glassfish/jersey/containers/jersey-container-servlet/2.27/jersey-container-servlet-2.27.jar:/home/user/.m2/repository/org/glassfish/hk2/guice-bridge/2.5.0/guice-bridge-2.5.0.jar:/home/user/.m2/repository/org/glassfish/jersey/core/jersey-server/2.27/jersey-server-2.27.jar:/home/user/.m2/repository/org/glassfish/jersey/core/jersey-client/2.27/jersey-client-2.27.jar:/home/user/.m2/repository/org/glassfish/jersey/media/jersey-media-jaxb/2.27/jersey-media-jaxb-2.27.jar:/home/user/.m2/repository/javax/validation/validation-api/1.1.0.Final/validation-api-1.1.0.Final.jar:/home/user/.m2/repository/org/glassfish/jersey/media/jersey-media-json-jackson/2.27/jersey-media-json-jackson-2.27.jar:/home/user/.m2/repository/org/glassfish/jersey/ext/jersey-entity-filtering/2.27/jersey-entity-filtering-2.27.jar:/home/user/.m2/repository/com/google/inject/extensions/guice-assistedinject/4.0/guice-assistedinject-4.0.jar:/home/user/.m2/repository/org/jooq/jooq/3.11.10/jooq-3.11.10.jar:/home/user/.m2/repository/org/jooq/jooq-meta/3.11.10/jooq-meta-3.11.10.jar:/home/user/.m2/repository/org/jooq/jooq-codegen/3.11.10/jooq-codegen-3.11.10.jar:/home/user/.m2/repository/com/jolbox/bonecp/0.8.0.RELEASE/bonecp-0.8.0.RELEASE.jar:/home/user/.m2/repository/org/xerial/sqlite-jdbc/3.25.2/sqlite-jdbc-3.25.2.jar:/home/user/.m2/repository/org/springframework/spring-jdbc/5.1.3.RELEASE/spring-jdbc-5.1.3.RELEASE.jar:/home/user/.m2/repository/org/springframework/spring-beans/5.1.3.RELEASE/spring-beans-5.1.3.RELEASE.jar:/home/user/.m2/repository/org/springframework/spring-core/5.1.3.RELEASE/spring-core-5.1.3.RELEASE.jar:/home/user/.m2/repository/org/springframework/spring-jcl/5.1.3.RELEASE/spring-jcl-5.1.3.RELEASE.jar:/home/user/.m2/repository/org/springframework/spring-tx/5.1.3.RELEASE/spring-tx-5.1.3.RELEASE.jar:/home/user/.m2/repository/org/apache/hadoop/hadoop-ozone-client/0.5.0-SNAPSHOT/hadoop-ozone-client-0.5.0-SNAPSHOT.jar:/home/user/.m2/repository/commons-lang/commons-lang/2.6/commons-lang-2.6.jar:/home/user/.m2/repository/org/apache/hadoop/hadoop-ozone-ozone-manager/0.5.0-SNAPSHOT/hadoop-ozone-ozone-manager-0.5.0-SNAPSHOT-tests.jar:/home/user/.m2/repository/junit/junit/4.11/junit-4.11.jar:/home/user/.m2/repository/org/hamcrest/hamcrest-core/1.3/hamcrest-core-1.3.jar:/home/user/.m2/repository/org/openjdk/jmh/jmh-core/1.19/jmh-core-1.19.jar:/home/user/.m2/repository/net/sf/jopt-simple/jopt-simple/4.6/jopt-simple-4.6.jar:/home/user/.m2/repository/org/apache/commons/commons-math3/3.1.1/commons-math3-3.1.1.jar:/home/user/.m2/repository/org/openjdk/jmh/jmh-generator-annprocess/1.19/jmh-generator-annprocess-1.19.jar:/home/user/.m2/repository/org/mockito/mockito-all/1.8.5/mockito-all-1.8.5.jar:/home/user/.m2/repository/org/apache/hadoop/hadoop-kms/3.2.0/hadoop-kms-3.2.0.jar:/home/user/.m2/repository/org/apache/hadoop/hadoop-auth/3.2.0/hadoop-auth-3.2.0.jar:/home/user/.m2/repository/com/nimbusds/nimbus-jose-jwt/4.41.1/nimbus-jose-jwt-4.41.1.jar:/home/user/.m2/repository/com/github/stephenc/jcip/jcip-annotations/1.0-1/jcip-annotations-1.0-1.jar:/home/user/.m2/repository/net/minidev/json-smart/2.3/json-smart-2.3.jar:/home/user/.m2/repository/net/minidev/accessors-smart/1.2/accessors-smart-1.2.jar:/home/user/.m2/repository/org/ow2/asm/asm/5.0.4/asm-5.0.4.jar:/home/user/.m2/repository/org/apache/curator/curator-framework/2.12.0/curator-framework-2.12.0.jar:/home/user/.m2/repository/com/sun/jersey/jersey-core/1.19/jersey-core-1.19.jar:/home/user/.m2/repository/javax/ws/rs/jsr311-api/1.1.1/jsr311-api-1.1.1.jar:/home/user/.m2/repository/com/sun/jersey/jersey-server/1.19/jersey-server-1.19.jar:/home/user/.m2/repository/javax/servlet/javax.servlet-api/3.1.0/javax.servlet-api-3.1.0.jar:/home/user/.m2/repository/org/eclipse/jetty/jetty-server/9.3.25.v20180904/jetty-server-9.3.25.v20180904.jar:/home/user/.m2/repository/org/eclipse/jetty/jetty-http/9.3.25.v20180904/jetty-http-9.3.25.v20180904.jar:/home/user/.m2/repository/org/eclipse/jetty/jetty-io/9.3.25.v20180904/jetty-io-9.3.25.v20180904.jar:/home/user/.m2/repository/org/eclipse/jetty/jetty-webapp/9.3.25.v20180904/jetty-webapp-9.3.25.v20180904.jar:/home/user/.m2/repository/org/eclipse/jetty/jetty-xml/9.3.25.v20180904/jetty-xml-9.3.25.v20180904.jar:/home/user/.m2/repository/log4j/log4j/1.2.17/log4j-1.2.17.jar:/home/user/.m2/repository/org/slf4j/slf4j-api/1.7.25/slf4j-api-1.7.25.jar:/home/user/.m2/repository/org/slf4j/jul-to-slf4j/1.7.25/jul-to-slf4j-1.7.25.jar:/home/user/.m2/repository/org/eclipse/jetty/jetty-util/9.3.25.v20180904/jetty-util-9.3.25.v20180904.jar:/home/user/.m2/repository/com/fasterxml/jackson/core/jackson-databind/2.9.9/jackson-databind-2.9.9.jar:/home/user/.m2/repository/org/apache/hadoop/hadoop-kms/3.2.0/hadoop-kms-3.2.0-tests.jar:/home/user/.m2/repository/org/apache/hadoop/hadoop-hdds-server-scm/0.5.0-SNAPSHOT/hadoop-hdds-server-scm-0.5.0-SNAPSHOT-tests.jar:/home/user/.m2/repository/org/apache/hadoop/hadoop-hdds-container-service/0.5.0-SNAPSHOT/hadoop-hdds-container-service-0.5.0-SNAPSHOT-tests.jar:/home/user/.m2/repository/org/yaml/snakeyaml/1.16/snakeyaml-1.16.jar:/home/user/.m2/repository/org/apache/hadoop/hadoop-common/3.2.0/hadoop-common-3.2.0-tests.jar:/home/user/.m2/repository/org/apache/hadoop/hadoop-annotations/3.2.0/hadoop-annotations-3.2.0.jar:/usr/lib/jvm/java-1.8.0-openjdk-1.8.0.222.b10-1.el7_7.x86_64/jre/../lib/tools.jar:/home/user/.m2/repository/commons-cli/commons-cli/1.2/commons-cli-1.2.jar:/home/user/.m2/repository/org/apache/httpcomponents/httpclient/4.5.2/httpclient-4.5.2.jar:/home/user/.m2/repository/org/apache/httpcomponents/httpcore/4.4.4/httpcore-4.4.4.jar:/home/user/.m2/repository/commons-codec/commons-codec/1.11/commons-codec-1.11.jar:/home/user/.m2/repository/commons-net/commons-net/3.6/commons-net-3.6.jar:/home/user/.m2/repository/commons-collections/commons-collections/3.2.2/commons-collections-3.2.2.jar:/home/user/.m2/repository/org/eclipse/jetty/jetty-servlet/9.3.25.v20180904/jetty-servlet-9.3.25.v20180904.jar:/home/user/.m2/repository/org/eclipse/jetty/jetty-security/9.3.25.v20180904/jetty-security-9.3.25.v20180904.jar:/home/user/.m2/repository/javax/servlet/jsp/jsp-api/2.1/jsp-api-2.1.jar:/home/user/.m2/repository/com/sun/jersey/jersey-servlet/1.19/jersey-servlet-1.19.jar:/home/user/.m2/repository/com/sun/jersey/jersey-json/1.19/jersey-json-1.19.jar:/home/user/.m2/repository/org/codehaus/jettison/jettison/1.1/jettison-1.1.jar:/home/user/.m2/repository/org/codehaus/jackson/jackson-core-asl/1.9.13/jackson-core-asl-1.9.13.jar:/home/user/.m2/repository/org/codehaus/jackson/jackson-mapper-asl/1.9.13/jackson-mapper-asl-1.9.13.jar:/home/user/.m2/repository/org/codehaus/jackson/jackson-jaxrs/1.9.13/jackson-jaxrs-1.9.13.jar:/home/user/.m2/repository/org/codehaus/jackson/jackson-xc/1.9.13/jackson-xc-1.9.13.jar:/home/user/.m2/repository/commons-logging/commons-logging/1.1.3/commons-logging-1.1.3.jar:/home/user/.m2/repository/commons-beanutils/commons-beanutils/1.9.4/commons-beanutils-1.9.4.jar:/home/user/.m2/repository/org/apache/commons/commons-configuration2/2.1.1/commons-configuration2-2.1.1.jar:/home/user/.m2/repository/org/apache/commons/commons-lang3/3.7/commons-lang3-3.7.jar:/home/user/.m2/repository/org/apache/commons/commons-text/1.4/commons-text-1.4.jar:/home/user/.m2/repository/org/apache/avro/avro/1.7.7/avro-1.7.7.jar:/home/user/.m2/repository/com/thoughtworks/paranamer/paranamer/2.3/paranamer-2.3.jar:/home/user/.m2/repository/org/xerial/snappy/snappy-java/1.0.5/snappy-java-1.0.5.jar:/home/user/.m2/repository/com/google/re2j/re2j/1.1/re2j-1.1.jar:/home/user/.m2/repository/com/google/code/gson/gson/2.2.4/gson-2.2.4.jar:/home/user/.m2/repository/com/jcraft/jsch/0.1.54/jsch-0.1.54.jar:/home/user/.m2/repository/org/apache/curator/curator-client/2.12.0/curator-client-2.12.0.jar:/home/user/.m2/repository/org/apache/curator/curator-recipes/2.12.0/curator-recipes-2.12.0.jar:/home/user/.m2/repository/com/google/code/findbugs/jsr305/3.0.0/jsr305-3.0.0.jar:/home/user/.m2/repository/org/apache/htrace/htrace-core4/4.1.0-incubating/htrace-core4-4.1.0-incubating.jar:/home/user/.m2/repository/org/apache/zookeeper/zookeeper/3.4.13/zookeeper-3.4.13.jar:/home/user/.m2/repository/jline/jline/0.9.94/jline-0.9.94.jar:/home/user/.m2/repository/org/apache/yetus/audience-annotations/0.5.0/audience-annotations-0.5.0.jar:/home/user/.m2/repository/org/codehaus/woodstox/stax2-api/3.1.4/stax2-api-3.1.4.jar:/home/user/.m2/repository/com/fasterxml/woodstox/woodstox-core/5.0.3/woodstox-core-5.0.3.jar:/home/user/.m2/repository/dnsjava/dnsjava/2.1.7/dnsjava-2.1.7.jar:/home/user/.m2/repository/org/apache/hadoop/hadoop-hdfs/3.2.0/hadoop-hdfs-3.2.0-tests.jar:/home/user/.m2/repository/org/eclipse/jetty/jetty-util-ajax/9.3.25.v20180904/jetty-util-ajax-9.3.25.v20180904.jar:/home/user/.m2/repository/commons-daemon/commons-daemon/1.0.13/commons-daemon-1.0.13.jar:/home/user/.m2/repository/io/netty/netty/3.10.5.Final/netty-3.10.5.Final.jar:/home/user/.m2/repository/io/netty/netty-all/4.0.52.Final/netty-all-4.0.52.Final.jar:/home/user/.m2/repository/org/fusesource/leveldbjni/leveldbjni-all/1.8/leveldbjni-all-1.8.jar:"/>
    <property name="java.vm.vendor" value="Oracle Corporation"/>
    <property name="sun.arch.data.model" value="64"/>
    <property name="test.build.dir" value="/workdir/hadoop-ozone/integration-test/target/test-dir"/>
    <property name="test.cache.data" value=""/>
    <property name="java.vendor.url" value="http://java.oracle.com/"/>
    <property name="user.timezone" value=""/>
    <property name="java.vm.specification.version" value="1.8"/>
    <property name="os.name" value="Linux"/>
    <property name="test.build.data" value="/workdir/hadoop-ozone/integration-test/target/test-dir"/>
    <property name="user.country" value="US"/>
    <property name="sun.java.launcher" value="SUN_STANDARD"/>
    <property name="sun.boot.library.path" value="/usr/lib/jvm/java-1.8.0-openjdk-1.8.0.222.b10-1.el7_7.x86_64/jre/lib/amd64"/>
    <property name="sun.java.command" value="/workdir/hadoop-ozone/integration-test/target/surefire/surefirebooter2058633893053518018.jar /workdir/hadoop-ozone/integration-test/target/surefire 2019-10-18T04-30-06_352-jvmRun1 surefire5537016955662833528tmp surefire_266183569567790267214tmp"/>
    <property name="surefire.test.class.path" value="/workdir/hadoop-ozone/integration-test/target/test-classes:/workdir/hadoop-ozone/integration-test/target/classes:/home/user/.m2/repository/org/apache/hadoop/hadoop-ozone-common/0.5.0-SNAPSHOT/hadoop-ozone-common-0.5.0-SNAPSHOT.jar:/home/user/.m2/repository/org/apache/commons/commons-compress/1.4.1/commons-compress-1.4.1.jar:/home/user/.m2/repository/org/tukaani/xz/1.0/xz-1.0.jar:/home/user/.m2/repository/org/apache/hadoop/hadoop-common/3.2.0/hadoop-common-3.2.0.jar:/home/user/.m2/repository/org/apache/hadoop/hadoop-hdfs/3.2.0/hadoop-hdfs-3.2.0.jar:/home/user/.m2/repository/org/apache/hadoop/hadoop-hdfs-client/3.2.0/hadoop-hdfs-client-3.2.0.jar:/home/user/.m2/repository/com/fasterxml/jackson/core/jackson-annotations/2.9.9/jackson-annotations-2.9.9.jar:/home/user/.m2/repository/org/apache/hadoop/hadoop-hdds-common/0.5.0-SNAPSHOT/hadoop-hdds-common-0.5.0-SNAPSHOT.jar:/home/user/.m2/repository/javax/annotation/javax.annotation-api/1.2/javax.annotation-api-1.2.jar:/home/user/.m2/repository/org/apache/ratis/ratis-server/0.5.0-3f446aa-SNAPSHOT/ratis-server-0.5.0-3f446aa-SNAPSHOT.jar:/home/user/.m2/repository/org/apache/ratis/ratis-thirdparty-misc/0.2.0/ratis-thirdparty-misc-0.2.0.jar:/home/user/.m2/repository/org/apache/ratis/ratis-proto/0.5.0-3f446aa-SNAPSHOT/ratis-proto-0.5.0-3f446aa-SNAPSHOT.jar:/home/user/.m2/repository/org/apache/ratis/ratis-common/0.5.0-3f446aa-SNAPSHOT/ratis-common-0.5.0-3f446aa-SNAPSHOT.jar:/home/user/.m2/repository/org/apache/ratis/ratis-client/0.5.0-3f446aa-SNAPSHOT/ratis-client-0.5.0-3f446aa-SNAPSHOT.jar:/home/user/.m2/repository/org/apache/ratis/ratis-metrics/0.5.0-3f446aa-SNAPSHOT/ratis-metrics-0.5.0-3f446aa-SNAPSHOT.jar:/home/user/.m2/repository/com/github/joshelser/dropwizard-metrics-hadoop-metrics2-reporter/0.1.2/dropwizard-metrics-hadoop-metrics2-reporter-0.1.2.jar:/home/user/.m2/repository/io/dropwizard/metrics/metrics-jvm/3.2.5/metrics-jvm-3.2.5.jar:/home/user/.m2/repository/io/dropwizard/metrics/metrics-ganglia/3.2.5/metrics-ganglia-3.2.5.jar:/home/user/.m2/repository/info/ganglia/gmetric4j/gmetric4j/1.0.7/gmetric4j-1.0.7.jar:/home/user/.m2/repository/org/apache/ratis/ratis-netty/0.5.0-3f446aa-SNAPSHOT/ratis-netty-0.5.0-3f446aa-SNAPSHOT.jar:/home/user/.m2/repository/org/apache/ratis/ratis-grpc/0.5.0-3f446aa-SNAPSHOT/ratis-grpc-0.5.0-3f446aa-SNAPSHOT.jar:/home/user/.m2/repository/org/rocksdb/rocksdbjni/6.0.1/rocksdbjni-6.0.1.jar:/home/user/.m2/repository/org/apache/logging/log4j/log4j-api/2.11.0/log4j-api-2.11.0.jar:/home/user/.m2/repository/org/apache/logging/log4j/log4j-core/2.11.0/log4j-core-2.11.0.jar:/home/user/.m2/repository/com/lmax/disruptor/3.4.2/disruptor-3.4.2.jar:/home/user/.m2/repository/org/apache/commons/commons-pool2/2.6.0/commons-pool2-2.6.0.jar:/home/user/.m2/repository/org/bouncycastle/bcpkix-jdk15on/1.60/bcpkix-jdk15on-1.60.jar:/home/user/.m2/repository/commons-validator/commons-validator/1.6/commons-validator-1.6.jar:/home/user/.m2/repository/commons-digester/commons-digester/1.8.1/commons-digester-1.8.1.jar:/home/user/.m2/repository/io/jaegertracing/jaeger-client/0.34.0/jaeger-client-0.34.0.jar:/home/user/.m2/repository/io/jaegertracing/jaeger-thrift/0.34.0/jaeger-thrift-0.34.0.jar:/home/user/.m2/repository/org/apache/thrift/libthrift/0.12.0/libthrift-0.12.0.jar:/home/user/.m2/repository/com/squareup/okhttp3/okhttp/3.9.0/okhttp-3.9.0.jar:/home/user/.m2/repository/com/squareup/okio/okio/1.13.0/okio-1.13.0.jar:/home/user/.m2/repository/io/jaegertracing/jaeger-core/0.34.0/jaeger-core-0.34.0.jar:/home/user/.m2/repository/io/jaegertracing/jaeger-tracerresolver/0.34.0/jaeger-tracerresolver-0.34.0.jar:/home/user/.m2/repository/io/opentracing/contrib/opentracing-tracerresolver/0.1.5/opentracing-tracerresolver-0.1.5.jar:/home/user/.m2/repository/io/opentracing/opentracing-util/0.31.0/opentracing-util-0.31.0.jar:/home/user/.m2/repository/io/opentracing/opentracing-api/0.31.0/opentracing-api-0.31.0.jar:/home/user/.m2/repository/io/opentracing/opentracing-noop/0.31.0/opentracing-noop-0.31.0.jar:/home/user/.m2/repository/org/apache/hadoop/hadoop-hdds-server-framework/0.5.0-SNAPSHOT/hadoop-hdds-server-framework-0.5.0-SNAPSHOT.jar:/home/user/.m2/repository/org/apache/hadoop/hadoop-hdds-container-service/0.5.0-SNAPSHOT/hadoop-hdds-container-service-0.5.0-SNAPSHOT.jar:/home/user/.m2/repository/org/apache/hadoop/hadoop-hdds-client/0.5.0-SNAPSHOT/hadoop-hdds-client-0.5.0-SNAPSHOT.jar:/home/user/.m2/repository/org/apache/hadoop/hadoop-hdds-tools/0.5.0-SNAPSHOT/hadoop-hdds-tools-0.5.0-SNAPSHOT.jar:/home/user/.m2/repository/org/apache/hadoop/hadoop-hdds-server-scm/0.5.0-SNAPSHOT/hadoop-hdds-server-scm-0.5.0-SNAPSHOT.jar:/home/user/.m2/repository/org/apache/hadoop/hadoop-hdds-docs/0.5.0-SNAPSHOT/hadoop-hdds-docs-0.5.0-SNAPSHOT.jar:/home/user/.m2/repository/io/dropwizard/metrics/metrics-core/3.2.4/metrics-core-3.2.4.jar:/home/user/.m2/repository/org/hamcrest/hamcrest-all/1.3/hamcrest-all-1.3.jar:/home/user/.m2/repository/org/bouncycastle/bcprov-jdk15on/1.60/bcprov-jdk15on-1.60.jar:/home/user/.m2/repository/info/picocli/picocli/3.9.6/picocli-3.9.6.jar:/home/user/.m2/repository/com/google/protobuf/protobuf-java/2.5.0/protobuf-java-2.5.0.jar:/home/user/.m2/repository/com/google/guava/guava/11.0.2/guava-11.0.2.jar:/home/user/.m2/repository/org/apache/hadoop/hadoop-ozone-ozone-manager/0.5.0-SNAPSHOT/hadoop-ozone-ozone-manager-0.5.0-SNAPSHOT.jar:/home/user/.m2/repository/org/apache/hadoop/hadoop-minikdc/3.2.0/hadoop-minikdc-3.2.0.jar:/home/user/.m2/repository/commons-io/commons-io/2.5/commons-io-2.5.jar:/home/user/.m2/repository/org/apache/kerby/kerb-simplekdc/1.0.1/kerb-simplekdc-1.0.1.jar:/home/user/.m2/repository/org/apache/kerby/kerb-client/1.0.1/kerb-client-1.0.1.jar:/home/user/.m2/repository/org/apache/kerby/kerby-config/1.0.1/kerby-config-1.0.1.jar:/home/user/.m2/repository/org/apache/kerby/kerb-core/1.0.1/kerb-core-1.0.1.jar:/home/user/.m2/repository/org/apache/kerby/kerby-pkix/1.0.1/kerby-pkix-1.0.1.jar:/home/user/.m2/repository/org/apache/kerby/kerby-asn1/1.0.1/kerby-asn1-1.0.1.jar:/home/user/.m2/repository/org/apache/kerby/kerby-util/1.0.1/kerby-util-1.0.1.jar:/home/user/.m2/repository/org/apache/kerby/kerb-common/1.0.1/kerb-common-1.0.1.jar:/home/user/.m2/repository/org/apache/kerby/kerb-crypto/1.0.1/kerb-crypto-1.0.1.jar:/home/user/.m2/repository/org/apache/kerby/kerb-util/1.0.1/kerb-util-1.0.1.jar:/home/user/.m2/repository/org/apache/kerby/token-provider/1.0.1/token-provider-1.0.1.jar:/home/user/.m2/repository/org/apache/kerby/kerb-admin/1.0.1/kerb-admin-1.0.1.jar:/home/user/.m2/repository/org/apache/kerby/kerb-server/1.0.1/kerb-server-1.0.1.jar:/home/user/.m2/repository/org/apache/kerby/kerb-identity/1.0.1/kerb-identity-1.0.1.jar:/home/user/.m2/repository/org/apache/kerby/kerby-xdr/1.0.1/kerby-xdr-1.0.1.jar:/home/user/.m2/repository/org/slf4j/slf4j-log4j12/1.7.25/slf4j-log4j12-1.7.25.jar:/home/user/.m2/repository/org/apache/hadoop/hadoop-ozone-s3gateway/0.5.0-SNAPSHOT/hadoop-ozone-s3gateway-0.5.0-SNAPSHOT.jar:/home/user/.m2/repository/org/jboss/weld/servlet/weld-servlet/2.4.7.Final/weld-servlet-2.4.7.Final.jar:/home/user/.m2/repository/org/glassfish/jersey/containers/jersey-container-servlet-core/2.27/jersey-container-servlet-core-2.27.jar:/home/user/.m2/repository/org/glassfish/hk2/external/javax.inject/2.5.0-b42/javax.inject-2.5.0-b42.jar:/home/user/.m2/repository/org/glassfish/jersey/core/jersey-common/2.27/jersey-common-2.27.jar:/home/user/.m2/repository/org/glassfish/hk2/osgi-resource-locator/1.0.1/osgi-resource-locator-1.0.1.jar:/home/user/.m2/repository/javax/ws/rs/javax.ws.rs-api/2.1/javax.ws.rs-api-2.1.jar:/home/user/.m2/repository/org/glassfish/jersey/ext/cdi/jersey-cdi1x/2.27/jersey-cdi1x-2.27.jar:/home/user/.m2/repository/org/glassfish/jersey/inject/jersey-hk2/2.27/jersey-hk2-2.27.jar:/home/user/.m2/repository/org/glassfish/hk2/hk2-locator/2.5.0-b42/hk2-locator-2.5.0-b42.jar:/home/user/.m2/repository/org/javassist/javassist/3.22.0-CR2/javassist-3.22.0-CR2.jar:/home/user/.m2/repository/org/glassfish/hk2/hk2-api/2.5.0/hk2-api-2.5.0.jar:/home/user/.m2/repository/org/glassfish/hk2/external/jakarta.inject/2.5.0/jakarta.inject-2.5.0.jar:/home/user/.m2/repository/org/glassfish/hk2/hk2-utils/2.5.0/hk2-utils-2.5.0.jar:/home/user/.m2/repository/jakarta/annotation/jakarta.annotation-api/1.3.4/jakarta.annotation-api-1.3.4.jar:/home/user/.m2/repository/org/glassfish/hk2/external/aopalliance-repackaged/2.5.0/aopalliance-repackaged-2.5.0.jar:/home/user/.m2/repository/com/fasterxml/jackson/dataformat/jackson-dataformat-xml/2.9.0/jackson-dataformat-xml-2.9.0.jar:/home/user/.m2/repository/com/fasterxml/jackson/core/jackson-core/2.9.9/jackson-core-2.9.9.jar:/home/user/.m2/repository/com/fasterxml/jackson/module/jackson-module-jaxb-annotations/2.9.9/jackson-module-jaxb-annotations-2.9.9.jar:/home/user/.m2/repository/javax/enterprise/cdi-api/1.2/cdi-api-1.2.jar:/home/user/.m2/repository/javax/el/javax.el-api/3.0.0/javax.el-api-3.0.0.jar:/home/user/.m2/repository/javax/interceptor/javax.interceptor-api/1.2/javax.interceptor-api-1.2.jar:/home/user/.m2/repository/javax/inject/javax.inject/1/javax.inject-1.jar:/home/user/.m2/repository/com/sun/xml/bind/jaxb-impl/2.3.0.1/jaxb-impl-2.3.0.1.jar:/home/user/.m2/repository/com/sun/xml/bind/jaxb-core/2.3.0.1/jaxb-core-2.3.0.1.jar:/home/user/.m2/repository/javax/xml/bind/jaxb-api/2.3.0/jaxb-api-2.3.0.jar:/home/user/.m2/repository/javax/activation/activation/1.1.1/activation-1.1.1.jar:/home/user/.m2/repository/org/apache/hadoop/hadoop-ozone-csi/0.5.0-SNAPSHOT/hadoop-ozone-csi-0.5.0-SNAPSHOT.jar:/home/user/.m2/repository/com/google/protobuf/protobuf-java-util/3.5.1/protobuf-java-util-3.5.1.jar:/home/user/.m2/repository/org/apache/hadoop/hadoop-hdds-config/0.5.0-SNAPSHOT/hadoop-hdds-config-0.5.0-SNAPSHOT.jar:/home/user/.m2/repository/io/grpc/grpc-netty/1.17.1/grpc-netty-1.17.1.jar:/home/user/.m2/repository/io/grpc/grpc-core/1.17.1/grpc-core-1.17.1.jar:/home/user/.m2/repository/io/grpc/grpc-context/1.17.1/grpc-context-1.17.1.jar:/home/user/.m2/repository/com/google/errorprone/error_prone_annotations/2.2.0/error_prone_annotations-2.2.0.jar:/home/user/.m2/repository/org/codehaus/mojo/animal-sniffer-annotations/1.17/animal-sniffer-annotations-1.17.jar:/home/user/.m2/repository/io/opencensus/opencensus-api/0.17.0/opencensus-api-0.17.0.jar:/home/user/.m2/repository/io/opencensus/opencensus-contrib-grpc-metrics/0.17.0/opencensus-contrib-grpc-metrics-0.17.0.jar:/home/user/.m2/repository/io/netty/netty-codec-http2/4.1.30.Final/netty-codec-http2-4.1.30.Final.jar:/home/user/.m2/repository/io/netty/netty-codec-http/4.1.30.Final/netty-codec-http-4.1.30.Final.jar:/home/user/.m2/repository/io/netty/netty-codec/4.1.30.Final/netty-codec-4.1.30.Final.jar:/home/user/.m2/repository/io/netty/netty-handler/4.1.30.Final/netty-handler-4.1.30.Final.jar:/home/user/.m2/repository/io/netty/netty-handler-proxy/4.1.30.Final/netty-handler-proxy-4.1.30.Final.jar:/home/user/.m2/repository/io/netty/netty-codec-socks/4.1.30.Final/netty-codec-socks-4.1.30.Final.jar:/home/user/.m2/repository/io/netty/netty-transport-native-epoll/4.1.30.Final/netty-transport-native-epoll-4.1.30.Final.jar:/home/user/.m2/repository/io/netty/netty-common/4.1.30.Final/netty-common-4.1.30.Final.jar:/home/user/.m2/repository/io/netty/netty-buffer/4.1.30.Final/netty-buffer-4.1.30.Final.jar:/home/user/.m2/repository/io/netty/netty-transport/4.1.30.Final/netty-transport-4.1.30.Final.jar:/home/user/.m2/repository/io/netty/netty-resolver/4.1.30.Final/netty-resolver-4.1.30.Final.jar:/home/user/.m2/repository/io/netty/netty-transport-native-unix-common/4.1.30.Final/netty-transport-native-unix-common-4.1.30.Final.jar:/home/user/.m2/repository/io/grpc/grpc-protobuf/1.17.1/grpc-protobuf-1.17.1.jar:/home/user/.m2/repository/com/google/api/grpc/proto-google-common-protos/1.0.0/proto-google-common-protos-1.0.0.jar:/home/user/.m2/repository/io/grpc/grpc-protobuf-lite/1.17.1/grpc-protobuf-lite-1.17.1.jar:/home/user/.m2/repository/io/grpc/grpc-stub/1.17.1/grpc-stub-1.17.1.jar:/home/user/.m2/repository/org/apache/hadoop/hadoop-ozone-recon/0.5.0-SNAPSHOT/hadoop-ozone-recon-0.5.0-SNAPSHOT.jar:/home/user/.m2/repository/org/apache/hadoop/hadoop-ozone-reconcodegen/0.5.0-SNAPSHOT/hadoop-ozone-reconcodegen-0.5.0-SNAPSHOT.jar:/home/user/.m2/repository/com/google/inject/extensions/guice-multibindings/4.0/guice-multibindings-4.0.jar:/home/user/.m2/repository/com/google/inject/guice/4.0/guice-4.0.jar:/home/user/.m2/repository/aopalliance/aopalliance/1.0/aopalliance-1.0.jar:/home/user/.m2/repository/com/google/inject/extensions/guice-servlet/4.0/guice-servlet-4.0.jar:/home/user/.m2/repository/org/glassfish/jersey/containers/jersey-container-servlet/2.27/jersey-container-servlet-2.27.jar:/home/user/.m2/repository/org/glassfish/hk2/guice-bridge/2.5.0/guice-bridge-2.5.0.jar:/home/user/.m2/repository/org/glassfish/jersey/core/jersey-server/2.27/jersey-server-2.27.jar:/home/user/.m2/repository/org/glassfish/jersey/core/jersey-client/2.27/jersey-client-2.27.jar:/home/user/.m2/repository/org/glassfish/jersey/media/jersey-media-jaxb/2.27/jersey-media-jaxb-2.27.jar:/home/user/.m2/repository/javax/validation/validation-api/1.1.0.Final/validation-api-1.1.0.Final.jar:/home/user/.m2/repository/org/glassfish/jersey/media/jersey-media-json-jackson/2.27/jersey-media-json-jackson-2.27.jar:/home/user/.m2/repository/org/glassfish/jersey/ext/jersey-entity-filtering/2.27/jersey-entity-filtering-2.27.jar:/home/user/.m2/repository/com/google/inject/extensions/guice-assistedinject/4.0/guice-assistedinject-4.0.jar:/home/user/.m2/repository/org/jooq/jooq/3.11.10/jooq-3.11.10.jar:/home/user/.m2/repository/org/jooq/jooq-meta/3.11.10/jooq-meta-3.11.10.jar:/home/user/.m2/repository/org/jooq/jooq-codegen/3.11.10/jooq-codegen-3.11.10.jar:/home/user/.m2/repository/com/jolbox/bonecp/0.8.0.RELEASE/bonecp-0.8.0.RELEASE.jar:/home/user/.m2/repository/org/xerial/sqlite-jdbc/3.25.2/sqlite-jdbc-3.25.2.jar:/home/user/.m2/repository/org/springframework/spring-jdbc/5.1.3.RELEASE/spring-jdbc-5.1.3.RELEASE.jar:/home/user/.m2/repository/org/springframework/spring-beans/5.1.3.RELEASE/spring-beans-5.1.3.RELEASE.jar:/home/user/.m2/repository/org/springframework/spring-core/5.1.3.RELEASE/spring-core-5.1.3.RELEASE.jar:/home/user/.m2/repository/org/springframework/spring-jcl/5.1.3.RELEASE/spring-jcl-5.1.3.RELEASE.jar:/home/user/.m2/repository/org/springframework/spring-tx/5.1.3.RELEASE/spring-tx-5.1.3.RELEASE.jar:/home/user/.m2/repository/org/apache/hadoop/hadoop-ozone-client/0.5.0-SNAPSHOT/hadoop-ozone-client-0.5.0-SNAPSHOT.jar:/home/user/.m2/repository/commons-lang/commons-lang/2.6/commons-lang-2.6.jar:/home/user/.m2/repository/org/apache/hadoop/hadoop-ozone-ozone-manager/0.5.0-SNAPSHOT/hadoop-ozone-ozone-manager-0.5.0-SNAPSHOT-tests.jar:/home/user/.m2/repository/junit/junit/4.11/junit-4.11.jar:/home/user/.m2/repository/org/hamcrest/hamcrest-core/1.3/hamcrest-core-1.3.jar:/home/user/.m2/repository/org/openjdk/jmh/jmh-core/1.19/jmh-core-1.19.jar:/home/user/.m2/repository/net/sf/jopt-simple/jopt-simple/4.6/jopt-simple-4.6.jar:/home/user/.m2/repository/org/apache/commons/commons-math3/3.1.1/commons-math3-3.1.1.jar:/home/user/.m2/repository/org/openjdk/jmh/jmh-generator-annprocess/1.19/jmh-generator-annprocess-1.19.jar:/home/user/.m2/repository/org/mockito/mockito-all/1.8.5/mockito-all-1.8.5.jar:/home/user/.m2/repository/org/apache/hadoop/hadoop-kms/3.2.0/hadoop-kms-3.2.0.jar:/home/user/.m2/repository/org/apache/hadoop/hadoop-auth/3.2.0/hadoop-auth-3.2.0.jar:/home/user/.m2/repository/com/nimbusds/nimbus-jose-jwt/4.41.1/nimbus-jose-jwt-4.41.1.jar:/home/user/.m2/repository/com/github/stephenc/jcip/jcip-annotations/1.0-1/jcip-annotations-1.0-1.jar:/home/user/.m2/repository/net/minidev/json-smart/2.3/json-smart-2.3.jar:/home/user/.m2/repository/net/minidev/accessors-smart/1.2/accessors-smart-1.2.jar:/home/user/.m2/repository/org/ow2/asm/asm/5.0.4/asm-5.0.4.jar:/home/user/.m2/repository/org/apache/curator/curator-framework/2.12.0/curator-framework-2.12.0.jar:/home/user/.m2/repository/com/sun/jersey/jersey-core/1.19/jersey-core-1.19.jar:/home/user/.m2/repository/javax/ws/rs/jsr311-api/1.1.1/jsr311-api-1.1.1.jar:/home/user/.m2/repository/com/sun/jersey/jersey-server/1.19/jersey-server-1.19.jar:/home/user/.m2/repository/javax/servlet/javax.servlet-api/3.1.0/javax.servlet-api-3.1.0.jar:/home/user/.m2/repository/org/eclipse/jetty/jetty-server/9.3.25.v20180904/jetty-server-9.3.25.v20180904.jar:/home/user/.m2/repository/org/eclipse/jetty/jetty-http/9.3.25.v20180904/jetty-http-9.3.25.v20180904.jar:/home/user/.m2/repository/org/eclipse/jetty/jetty-io/9.3.25.v20180904/jetty-io-9.3.25.v20180904.jar:/home/user/.m2/repository/org/eclipse/jetty/jetty-webapp/9.3.25.v20180904/jetty-webapp-9.3.25.v20180904.jar:/home/user/.m2/repository/org/eclipse/jetty/jetty-xml/9.3.25.v20180904/jetty-xml-9.3.25.v20180904.jar:/home/user/.m2/repository/log4j/log4j/1.2.17/log4j-1.2.17.jar:/home/user/.m2/repository/org/slf4j/slf4j-api/1.7.25/slf4j-api-1.7.25.jar:/home/user/.m2/repository/org/slf4j/jul-to-slf4j/1.7.25/jul-to-slf4j-1.7.25.jar:/home/user/.m2/repository/org/eclipse/jetty/jetty-util/9.3.25.v20180904/jetty-util-9.3.25.v20180904.jar:/home/user/.m2/repository/com/fasterxml/jackson/core/jackson-databind/2.9.9/jackson-databind-2.9.9.jar:/home/user/.m2/repository/org/apache/hadoop/hadoop-kms/3.2.0/hadoop-kms-3.2.0-tests.jar:/home/user/.m2/repository/org/apache/hadoop/hadoop-hdds-server-scm/0.5.0-SNAPSHOT/hadoop-hdds-server-scm-0.5.0-SNAPSHOT-tests.jar:/home/user/.m2/repository/org/apache/hadoop/hadoop-hdds-container-service/0.5.0-SNAPSHOT/hadoop-hdds-container-service-0.5.0-SNAPSHOT-tests.jar:/home/user/.m2/repository/org/yaml/snakeyaml/1.16/snakeyaml-1.16.jar:/home/user/.m2/repository/org/apache/hadoop/hadoop-common/3.2.0/hadoop-common-3.2.0-tests.jar:/home/user/.m2/repository/org/apache/hadoop/hadoop-annotations/3.2.0/hadoop-annotations-3.2.0.jar:/usr/lib/jvm/java-1.8.0-openjdk-1.8.0.222.b10-1.el7_7.x86_64/jre/../lib/tools.jar:/home/user/.m2/repository/commons-cli/commons-cli/1.2/commons-cli-1.2.jar:/home/user/.m2/repository/org/apache/httpcomponents/httpclient/4.5.2/httpclient-4.5.2.jar:/home/user/.m2/repository/org/apache/httpcomponents/httpcore/4.4.4/httpcore-4.4.4.jar:/home/user/.m2/repository/commons-codec/commons-codec/1.11/commons-codec-1.11.jar:/home/user/.m2/repository/commons-net/commons-net/3.6/commons-net-3.6.jar:/home/user/.m2/repository/commons-collections/commons-collections/3.2.2/commons-collections-3.2.2.jar:/home/user/.m2/repository/org/eclipse/jetty/jetty-servlet/9.3.25.v20180904/jetty-servlet-9.3.25.v20180904.jar:/home/user/.m2/repository/org/eclipse/jetty/jetty-security/9.3.25.v20180904/jetty-security-9.3.25.v20180904.jar:/home/user/.m2/repository/javax/servlet/jsp/jsp-api/2.1/jsp-api-2.1.jar:/home/user/.m2/repository/com/sun/jersey/jersey-servlet/1.19/jersey-servlet-1.19.jar:/home/user/.m2/repository/com/sun/jersey/jersey-json/1.19/jersey-json-1.19.jar:/home/user/.m2/repository/org/codehaus/jettison/jettison/1.1/jettison-1.1.jar:/home/user/.m2/repository/org/codehaus/jackson/jackson-core-asl/1.9.13/jackson-core-asl-1.9.13.jar:/home/user/.m2/repository/org/codehaus/jackson/jackson-mapper-asl/1.9.13/jackson-mapper-asl-1.9.13.jar:/home/user/.m2/repository/org/codehaus/jackson/jackson-jaxrs/1.9.13/jackson-jaxrs-1.9.13.jar:/home/user/.m2/repository/org/codehaus/jackson/jackson-xc/1.9.13/jackson-xc-1.9.13.jar:/home/user/.m2/repository/commons-logging/commons-logging/1.1.3/commons-logging-1.1.3.jar:/home/user/.m2/repository/commons-beanutils/commons-beanutils/1.9.4/commons-beanutils-1.9.4.jar:/home/user/.m2/repository/org/apache/commons/commons-configuration2/2.1.1/commons-configuration2-2.1.1.jar:/home/user/.m2/repository/org/apache/commons/commons-lang3/3.7/commons-lang3-3.7.jar:/home/user/.m2/repository/org/apache/commons/commons-text/1.4/commons-text-1.4.jar:/home/user/.m2/repository/org/apache/avro/avro/1.7.7/avro-1.7.7.jar:/home/user/.m2/repository/com/thoughtworks/paranamer/paranamer/2.3/paranamer-2.3.jar:/home/user/.m2/repository/org/xerial/snappy/snappy-java/1.0.5/snappy-java-1.0.5.jar:/home/user/.m2/repository/com/google/re2j/re2j/1.1/re2j-1.1.jar:/home/user/.m2/repository/com/google/code/gson/gson/2.2.4/gson-2.2.4.jar:/home/user/.m2/repository/com/jcraft/jsch/0.1.54/jsch-0.1.54.jar:/home/user/.m2/repository/org/apache/curator/curator-client/2.12.0/curator-client-2.12.0.jar:/home/user/.m2/repository/org/apache/curator/curator-recipes/2.12.0/curator-recipes-2.12.0.jar:/home/user/.m2/repository/com/google/code/findbugs/jsr305/3.0.0/jsr305-3.0.0.jar:/home/user/.m2/repository/org/apache/htrace/htrace-core4/4.1.0-incubating/htrace-core4-4.1.0-incubating.jar:/home/user/.m2/repository/org/apache/zookeeper/zookeeper/3.4.13/zookeeper-3.4.13.jar:/home/user/.m2/repository/jline/jline/0.9.94/jline-0.9.94.jar:/home/user/.m2/repository/org/apache/yetus/audience-annotations/0.5.0/audience-annotations-0.5.0.jar:/home/user/.m2/repository/org/codehaus/woodstox/stax2-api/3.1.4/stax2-api-3.1.4.jar:/home/user/.m2/repository/com/fasterxml/woodstox/woodstox-core/5.0.3/woodstox-core-5.0.3.jar:/home/user/.m2/repository/dnsjava/dnsjava/2.1.7/dnsjava-2.1.7.jar:/home/user/.m2/repository/org/apache/hadoop/hadoop-hdfs/3.2.0/hadoop-hdfs-3.2.0-tests.jar:/home/user/.m2/repository/org/eclipse/jetty/jetty-util-ajax/9.3.25.v20180904/jetty-util-ajax-9.3.25.v20180904.jar:/home/user/.m2/repository/commons-daemon/commons-daemon/1.0.13/commons-daemon-1.0.13.jar:/home/user/.m2/repository/io/netty/netty/3.10.5.Final/netty-3.10.5.Final.jar:/home/user/.m2/repository/io/netty/netty-all/4.0.52.Final/netty-all-4.0.52.Final.jar:/home/user/.m2/repository/org/fusesource/leveldbjni/leveldbjni-all/1.8/leveldbjni-all-1.8.jar:"/>
    <property name="sun.cpu.endian" value="little"/>
    <property name="user.home" value="/home/user"/>
    <property name="user.language" value="en"/>
    <property name="java.specification.vendor" value="Oracle Corporation"/>
    <property name="java.home" value="/usr/lib/jvm/java-1.8.0-openjdk-1.8.0.222.b10-1.el7_7.x86_64/jre"/>
    <property name="surefire.excludesFile" value="/tools/ozone-bad-unit-tests"/>
    <property name="java.security.krb5.conf" value="/workdir/hadoop-ozone/integration-test/target/test-classes/krb5.conf"/>
    <property name="basedir" value="/workdir/hadoop-ozone/integration-test"/>
    <property name="file.separator" value="/"/>
    <property name="line.separator" value="&#10;"/>
    <property name="java.vm.specification.vendor" value="Oracle Corporation"/>
    <property name="java.specification.name" value="Java Platform API Specification"/>
    <property name="java.awt.graphicsenv" value="sun.awt.X11GraphicsEnvironment"/>
    <property name="surefire.real.class.path" value="/workdir/hadoop-ozone/integration-test/target/surefire/surefirebooter2058633893053518018.jar"/>
    <property name="hadoop.log.dir" value="/workdir/hadoop-ozone/integration-test/target/log"/>
    <property name="sun.boot.class.path" value="/usr/lib/jvm/java-1.8.0-openjdk-1.8.0.222.b10-1.el7_7.x86_64/jre/lib/resources.jar:/usr/lib/jvm/java-1.8.0-openjdk-1.8.0.222.b10-1.el7_7.x86_64/jre/lib/rt.jar:/usr/lib/jvm/java-1.8.0-openjdk-1.8.0.222.b10-1.el7_7.x86_64/jre/lib/sunrsasign.jar:/usr/lib/jvm/java-1.8.0-openjdk-1.8.0.222.b10-1.el7_7.x86_64/jre/lib/jsse.jar:/usr/lib/jvm/java-1.8.0-openjdk-1.8.0.222.b10-1.el7_7.x86_64/jre/lib/jce.jar:/usr/lib/jvm/java-1.8.0-openjdk-1.8.0.222.b10-1.el7_7.x86_64/jre/lib/charsets.jar:/usr/lib/jvm/java-1.8.0-openjdk-1.8.0.222.b10-1.el7_7.x86_64/jre/lib/jfr.jar:/usr/lib/jvm/java-1.8.0-openjdk-1.8.0.222.b10-1.el7_7.x86_64/jre/classes"/>
    <property name="sun.management.compiler" value="HotSpot 64-Bit Tiered Compilers"/>
    <property name="java.runtime.version" value="1.8.0_222-b10"/>
    <property name="java.net.preferIPv4Stack" value="true"/>
    <property name="user.name" value="jenkins1000"/>
    <property name="path.separator" value=":"/>
    <property name="java.security.egd" value="file:///dev/urandom"/>
    <property name="os.version" value="3.10.0-957.12.2.el7.x86_64"/>
    <property name="java.endorsed.dirs" value="/usr/lib/jvm/java-1.8.0-openjdk-1.8.0.222.b10-1.el7_7.x86_64/jre/lib/endorsed"/>
    <property name="java.runtime.name" value="OpenJDK Runtime Environment"/>
    <property name="file.encoding" value="ANSI_X3.4-1968"/>
    <property name="java.vm.name" value="OpenJDK 64-Bit Server VM"/>
    <property name="test.build.webapps" value=""/>
    <property name="localRepository" value="/home/user/.m2/repository"/>
    <property name="java.vendor.url.bug" value="http://bugreport.sun.com/bugreport/"/>
    <property name="java.io.tmpdir" value="/tmp"/>
    <property name="require.test.libhadoop" value=""/>
    <property name="java.version" value="1.8.0_222"/>
    <property name="user.dir" value="/workdir/hadoop-ozone/integration-test"/>
    <property name="os.arch" value="amd64"/>
    <property name="java.vm.specification.name" value="Java Virtual Machine Specification"/>
    <property name="test.build.classes" value="/workdir/hadoop-ozone/integration-test/target/test-classes"/>
    <property name="java.awt.printerjob" value="sun.print.PSPrinterJob"/>
    <property name="sun.os.patch.level" value="unknown"/>
    <property name="hadoop.tmp.dir" value="/workdir/hadoop-ozone/integration-test/target/tmp"/>
    <property name="java.library.path" value="/usr/lib:/workdir/hadoop-ozone/integration-test/target/native/target/usr/local/lib:/workdir/hadoop-ozone/integration-test/../../hadoop-common-project/hadoop-common/target/native/target/usr/local/lib:/usr/java/packages/lib/amd64:/usr/lib64:/lib64:/lib:/usr/lib"/>
    <property name="java.vm.info" value="mixed mode"/>
    <property name="java.vendor" value="Oracle Corporation"/>
    <property name="java.vm.version" value="25.222-b10"/>
    <property name="java.ext.dirs" value="/usr/lib/jvm/java-1.8.0-openjdk-1.8.0.222.b10-1.el7_7.x86_64/jre/lib/ext:/usr/java/packages/lib/ext"/>
    <property name="sun.io.unicode.encoding" value="UnicodeLittle"/>
    <property name="java.class.version" value="52.0"/>
  </properties>
  <testcase name="testDeleteKeyWithSlowFollower" classname="org.apache.hadoop.ozone.client.rpc.TestDeleteWithSlowFollower" time="111.564">
    <failure type="java.lang.AssertionError">java.lang.AssertionError
	at org.junit.Assert.fail(Assert.java:86)
	at org.junit.Assert.assertTrue(Assert.java:41)
	at org.junit.Assert.assertTrue(Assert.java:52)
	at org.apache.hadoop.ozone.client.rpc.TestDeleteWithSlowFollower.testDeleteKeyWithSlowFollower(TestDeleteWithSlowFollower.java:265)
	at sun.reflect.NativeMethodAccessorImpl.invoke0(Native Method)
	at sun.reflect.NativeMethodAccessorImpl.invoke(NativeMethodAccessorImpl.java:62)
	at sun.reflect.DelegatingMethodAccessorImpl.invoke(DelegatingMethodAccessorImpl.java:43)
	at java.lang.reflect.Method.invoke(Method.java:498)
	at org.junit.runners.model.FrameworkMethod$1.runReflectiveCall(FrameworkMethod.java:47)
	at org.junit.internal.runners.model.ReflectiveCallable.run(ReflectiveCallable.java:12)
	at org.junit.runners.model.FrameworkMethod.invokeExplosively(FrameworkMethod.java:44)
	at org.junit.internal.runners.statements.InvokeMethod.evaluate(InvokeMethod.java:17)
	at org.junit.runners.ParentRunner.runLeaf(ParentRunner.java:271)
	at org.junit.runners.BlockJUnit4ClassRunner.runChild(BlockJUnit4ClassRunner.java:70)
	at org.junit.runners.BlockJUnit4ClassRunner.runChild(BlockJUnit4ClassRunner.java:50)
	at org.junit.runners.ParentRunner$3.run(ParentRunner.java:238)
	at org.junit.runners.ParentRunner$1.schedule(ParentRunner.java:63)
	at org.junit.runners.ParentRunner.runChildren(ParentRunner.java:236)
	at org.junit.runners.ParentRunner.access$000(ParentRunner.java:53)
	at org.junit.runners.ParentRunner$2.evaluate(ParentRunner.java:229)
	at org.junit.internal.runners.statements.RunBefores.evaluate(RunBefores.java:26)
	at org.junit.internal.runners.statements.RunAfters.evaluate(RunAfters.java:27)
	at org.junit.runners.ParentRunner.run(ParentRunner.java:309)
	at org.apache.maven.surefire.junit4.JUnit4Provider.execute(JUnit4Provider.java:365)
	at org.apache.maven.surefire.junit4.JUnit4Provider.executeWithRerun(JUnit4Provider.java:273)
	at org.apache.maven.surefire.junit4.JUnit4Provider.executeTestSet(JUnit4Provider.java:238)
	at org.apache.maven.surefire.junit4.JUnit4Provider.invoke(JUnit4Provider.java:159)
	at org.apache.maven.surefire.booter.ForkedBooter.invokeProviderInSameClassLoader(ForkedBooter.java:384)
	at org.apache.maven.surefire.booter.ForkedBooter.runSuitesInProcess(ForkedBooter.java:345)
	at org.apache.maven.surefire.booter.ForkedBooter.execute(ForkedBooter.java:126)
	at org.apache.maven.surefire.booter.ForkedBooter.main(ForkedBooter.java:418)
</failure>
    <system-out><![CDATA[2019-10-18 05:09:44,253 [main] WARN  server.ServerUtils (ServerUtils.java:getScmDbDir(145)) - ozone.scm.db.dirs is not configured. We recommend adding this setting. Falling back to ozone.metadata.dirs instead.
2019-10-18 05:09:44,380 [main] WARN  server.ServerUtils (ServerUtils.java:getScmDbDir(145)) - ozone.scm.db.dirs is not configured. We recommend adding this setting. Falling back to ozone.metadata.dirs instead.
2019-10-18 05:09:44,383 [main] WARN  server.ServerUtils (ServerUtils.java:getScmDbDir(145)) - ozone.scm.db.dirs is not configured. We recommend adding this setting. Falling back to ozone.metadata.dirs instead.
2019-10-18 05:09:44,408 [main] INFO  util.log (Log.java:initialized(192)) - Logging initialized @877ms
2019-10-18 05:09:44,511 [main] INFO  db.DBStoreBuilder (DBStoreBuilder.java:addTable(117)) - using custom profile for table: deletedBlocks
2019-10-18 05:09:44,511 [main] INFO  db.DBStoreBuilder (DBStoreBuilder.java:processTables(168)) - Using default column profile:DBProfile.DISK for Table:deletedBlocks
2019-10-18 05:09:44,512 [main] INFO  db.DBStoreBuilder (DBStoreBuilder.java:addTable(117)) - using custom profile for table: validCerts
2019-10-18 05:09:44,512 [main] INFO  db.DBStoreBuilder (DBStoreBuilder.java:processTables(168)) - Using default column profile:DBProfile.DISK for Table:validCerts
2019-10-18 05:09:44,513 [main] INFO  db.DBStoreBuilder (DBStoreBuilder.java:addTable(117)) - using custom profile for table: revokedCerts
2019-10-18 05:09:44,513 [main] INFO  db.DBStoreBuilder (DBStoreBuilder.java:processTables(168)) - Using default column profile:DBProfile.DISK for Table:revokedCerts
2019-10-18 05:09:44,526 [main] INFO  db.DBStoreBuilder (DBStoreBuilder.java:addTable(117)) - using custom profile for table: default
2019-10-18 05:09:44,526 [main] INFO  db.DBStoreBuilder (DBStoreBuilder.java:processTables(174)) - Using default column profile:DBProfile.DISK for Table:default
2019-10-18 05:09:44,528 [main] INFO  db.DBStoreBuilder (DBStoreBuilder.java:getDbProfile(205)) - Using default options. DBProfile.DISK
2019-10-18 05:09:44,757 [main] INFO  net.NodeSchemaLoader (NodeSchemaLoader.java:loadSchemaFromFile(125)) - Loading file from sun.misc.CompoundEnumeration@74235045
2019-10-18 05:09:44,758 [main] INFO  net.NodeSchemaLoader (NodeSchemaLoader.java:loadSchema(171)) - Loading network topology layer schema file
2019-10-18 05:09:44,820 [main] WARN  server.ServerUtils (ServerUtils.java:sanitizeUserArgs(70)) - ozone.scm.stale.node.interval value = 1000000 is larger than max = 100000 based on the key value of ozone.scm.heartbeat.thread.interval, reset to the max value 100000.
2019-10-18 05:09:44,822 [main] WARN  server.ServerUtils (ServerUtils.java:sanitizeUserArgs(70)) - ozone.scm.stale.node.interval value = 1000000 is larger than max = 100000 based on the key value of ozone.scm.heartbeat.thread.interval, reset to the max value 100000.
2019-10-18 05:09:44,825 [main] INFO  node.SCMNodeManager (SCMNodeManager.java:<init>(116)) - Entering startup safe mode.
2019-10-18 05:09:44,891 [main] INFO  algorithms.ContainerPlacementPolicyFactory (ContainerPlacementPolicyFactory.java:getPolicy(57)) - Create container placement policy of type org.apache.hadoop.hdds.scm.container.placement.algorithms.SCMContainerPlacementRandom
2019-10-18 05:09:44,905 [main] WARN  server.ServerUtils (ServerUtils.java:getScmDbDir(145)) - ozone.scm.db.dirs is not configured. We recommend adding this setting. Falling back to ozone.metadata.dirs instead.
2019-10-18 05:09:45,006 [main] INFO  pipeline.SCMPipelineManager (SCMPipelineManager.java:initializePipelineState(132)) - No pipeline exists in current db
2019-10-18 05:09:45,009 [main] WARN  server.ServerUtils (ServerUtils.java:getScmDbDir(145)) - ozone.scm.db.dirs is not configured. We recommend adding this setting. Falling back to ozone.metadata.dirs instead.
2019-10-18 05:09:45,139 [main] WARN  events.EventQueue (EventQueue.java:fireEvent(183)) - No event handler registered for event TypedEvent{payloadType=SafeModeStatus, name='SafeModeStatus'}
2019-10-18 05:09:45,511 [main] INFO  ipc.CallQueueManager (CallQueueManager.java:<init>(84)) - Using callQueue: class java.util.concurrent.LinkedBlockingQueue, queueCapacity: 2000, scheduler: class org.apache.hadoop.ipc.DefaultRpcScheduler, ipcBackoff: false.
2019-10-18 05:09:45,620 [Socket Reader #1 for port 37711] INFO  ipc.Server (Server.java:run(1074)) - Starting Socket Reader #1 for port 37711
2019-10-18 05:09:45,646 [main] INFO  ipc.CallQueueManager (CallQueueManager.java:<init>(84)) - Using callQueue: class java.util.concurrent.LinkedBlockingQueue, queueCapacity: 2000, scheduler: class org.apache.hadoop.ipc.DefaultRpcScheduler, ipcBackoff: false.
2019-10-18 05:09:45,647 [Socket Reader #1 for port 33256] INFO  ipc.Server (Server.java:run(1074)) - Starting Socket Reader #1 for port 33256
2019-10-18 05:09:45,654 [main] INFO  ipc.CallQueueManager (CallQueueManager.java:<init>(84)) - Using callQueue: class java.util.concurrent.LinkedBlockingQueue, queueCapacity: 2000, scheduler: class org.apache.hadoop.ipc.DefaultRpcScheduler, ipcBackoff: false.
2019-10-18 05:09:45,655 [Socket Reader #1 for port 46767] INFO  ipc.Server (Server.java:run(1074)) - Starting Socket Reader #1 for port 46767
2019-10-18 05:09:45,674 [main] INFO  hdfs.DFSUtil (DFSUtil.java:httpServerTemplateForNNAndJN(1641)) - Starting Web-server for scm at: http://0.0.0.0:0
2019-10-18 05:09:45,799 [main] INFO  server.AuthenticationFilter (AuthenticationFilter.java:constructSecretProvider(240)) - Unable to initialize FileSignerSecretProvider, falling back to use random secrets.
2019-10-18 05:09:45,807 [main] WARN  http.HttpRequestLog (HttpRequestLog.java:getRequestLog(97)) - Jetty request log can only be enabled using Log4j
2019-10-18 05:09:45,815 [main] INFO  http.HttpServer2 (HttpServer2.java:addGlobalFilter(975)) - Added global filter 'safety' (class=org.apache.hadoop.http.HttpServer2$QuotingInputFilter)
2019-10-18 05:09:45,818 [main] INFO  http.HttpServer2 (HttpServer2.java:addFilter(948)) - Added filter static_user_filter (class=org.apache.hadoop.http.lib.StaticUserWebFilter$StaticUserFilter) to context scm
2019-10-18 05:09:45,818 [main] INFO  http.HttpServer2 (HttpServer2.java:addFilter(958)) - Added filter static_user_filter (class=org.apache.hadoop.http.lib.StaticUserWebFilter$StaticUserFilter) to context logs
2019-10-18 05:09:45,818 [main] INFO  http.HttpServer2 (HttpServer2.java:addFilter(958)) - Added filter static_user_filter (class=org.apache.hadoop.http.lib.StaticUserWebFilter$StaticUserFilter) to context static
2019-10-18 05:09:45,848 [main] INFO  server.StorageContainerManager (StorageContainerManager.java:start(772)) - StorageContainerLocationProtocol RPC server is listening at /0.0.0.0:46767
2019-10-18 05:09:45,908 [main] WARN  impl.MetricsConfig (MetricsConfig.java:loadFirst(134)) - Cannot locate configuration: tried hadoop-metrics2-storagecontainermanager.properties,hadoop-metrics2.properties
2019-10-18 05:09:45,920 [main] INFO  impl.MetricsSystemImpl (MetricsSystemImpl.java:startTimer(374)) - Scheduled Metric snapshot period at 10 second(s).
2019-10-18 05:09:45,920 [main] INFO  impl.MetricsSystemImpl (MetricsSystemImpl.java:start(191)) - StorageContainerManager metrics system started
2019-10-18 05:09:46,147 [main] INFO  server.SCMClientProtocolServer (SCMClientProtocolServer.java:start(159)) - RPC server for Client  is listening at /0.0.0.0:46767
2019-10-18 05:09:46,147 [IPC Server Responder] INFO  ipc.Server (Server.java:run(1314)) - IPC Server Responder: starting
2019-10-18 05:09:46,147 [IPC Server listener on 46767] INFO  ipc.Server (Server.java:run(1153)) - IPC Server listener on 46767: starting
2019-10-18 05:09:46,150 [main] INFO  server.StorageContainerManager (StorageContainerManager.java:start(782)) - ScmBlockLocationProtocol RPC server is listening at /0.0.0.0:33256
2019-10-18 05:09:46,150 [main] INFO  server.SCMBlockProtocolServer (SCMBlockProtocolServer.java:start(146)) - RPC server for Block Protocol is listening at /0.0.0.0:33256
2019-10-18 05:09:46,151 [IPC Server Responder] INFO  ipc.Server (Server.java:run(1314)) - IPC Server Responder: starting
2019-10-18 05:09:46,151 [IPC Server listener on 33256] INFO  ipc.Server (Server.java:run(1153)) - IPC Server listener on 33256: starting
2019-10-18 05:09:46,152 [main] INFO  server.StorageContainerManager (StorageContainerManager.java:start(786)) - ScmDatanodeProtocl RPC server is listening at /0.0.0.0:37711
2019-10-18 05:09:46,152 [main] INFO  server.SCMDatanodeProtocolServer (SCMDatanodeProtocolServer.java:start(169)) - RPC server for DataNodes is listening at /0.0.0.0:37711
2019-10-18 05:09:46,153 [IPC Server Responder] INFO  ipc.Server (Server.java:run(1314)) - IPC Server Responder: starting
2019-10-18 05:09:46,153 [IPC Server listener on 37711] INFO  ipc.Server (Server.java:run(1153)) - IPC Server listener on 37711: starting
2019-10-18 05:09:46,157 [main] INFO  http.HttpServer2 (HttpServer2.java:bindListener(1191)) - Jetty bound to port 40889
2019-10-18 05:09:46,160 [main] INFO  server.Server (Server.java:doStart(351)) - jetty-9.3.25.v20180904, build timestamp: 2018-09-04T21:11:46Z, git hash: 3ce520221d0240229c862b122d2b06c12a625732
2019-10-18 05:09:46,203 [main] INFO  handler.ContextHandler (ContextHandler.java:doStart(781)) - Started o.e.j.s.ServletContextHandler@42f8285e{/logs,file:///workdir/hadoop-ozone/integration-test/target/log,AVAILABLE}
2019-10-18 05:09:46,204 [main] INFO  handler.ContextHandler (ContextHandler.java:doStart(781)) - Started o.e.j.s.ServletContextHandler@3724af13{/static,file:///workdir/hadoop-ozone/integration-test/target/test-classes/webapps/static,AVAILABLE}
2019-10-18 05:09:46,237 [main] INFO  handler.ContextHandler (ContextHandler.java:doStart(781)) - Started o.e.j.w.WebAppContext@24a1c17f{/,file:///workdir/hadoop-ozone/integration-test/target/test-classes/webapps/scm/,AVAILABLE}{/scm}
2019-10-18 05:09:46,242 [main] INFO  server.AbstractConnector (AbstractConnector.java:doStart(278)) - Started ServerConnector@4d63b624{HTTP/1.1,[http/1.1]}{0.0.0.0:40889}
2019-10-18 05:09:46,243 [main] INFO  server.Server (Server.java:doStart(419)) - Started @2712ms
2019-10-18 05:09:46,245 [main] INFO  impl.MetricsSinkAdapter (MetricsSinkAdapter.java:start(204)) - Sink prometheus started
2019-10-18 05:09:46,245 [main] INFO  impl.MetricsSystemImpl (MetricsSystemImpl.java:registerSink(301)) - Registered sink prometheus
2019-10-18 05:09:46,246 [main] INFO  server.BaseHttpServer (BaseHttpServer.java:updateConnectorAddress(215)) - HTTP server of SCM is listening at http://0.0.0.0:40889
2019-10-18 05:09:46,251 [org.apache.hadoop.util.JvmPauseMonitor$Monitor@4b629f13] INFO  util.JvmPauseMonitor (JvmPauseMonitor.java:run(188)) - Starting JVM pause monitor
2019-10-18 05:09:46,255 [main] WARN  server.ServerUtils (ServerUtils.java:getDBPath(222)) - ozone.om.db.dirs is not configured. We recommend adding this setting. Falling back to ozone.metadata.dirs instead.
2019-10-18 05:09:46,361 [main] INFO  ha.OMHANodeDetails (OMHANodeDetails.java:loadOMHAConfig(190)) - Configuration either no ozone.om.address set. Falling back to the default OM address /127.0.0.1:0
2019-10-18 05:09:46,361 [main] INFO  ha.OMHANodeDetails (OMHANodeDetails.java:getOMNodeDetails(220)) - OM Service ID is not set. Setting it to the default ID: omServiceIdDefault
2019-10-18 05:09:46,363 [main] WARN  server.ServerUtils (ServerUtils.java:getDBPath(222)) - ozone.om.db.dirs is not configured. We recommend adding this setting. Falling back to ozone.metadata.dirs instead.
2019-10-18 05:09:46,364 [main] WARN  server.ServerUtils (ServerUtils.java:getDBPath(222)) - ozone.om.db.dirs is not configured. We recommend adding this setting. Falling back to ozone.metadata.dirs instead.
2019-10-18 05:09:46,963 [main] WARN  server.ServerUtils (ServerUtils.java:getDBPath(222)) - ozone.om.db.dirs is not configured. We recommend adding this setting. Falling back to ozone.metadata.dirs instead.
2019-10-18 05:09:46,970 [main] INFO  db.DBStoreBuilder (DBStoreBuilder.java:addTable(117)) - using custom profile for table: userTable
2019-10-18 05:09:46,970 [main] INFO  db.DBStoreBuilder (DBStoreBuilder.java:processTables(168)) - Using default column profile:DBProfile.DISK for Table:userTable
2019-10-18 05:09:46,971 [main] INFO  db.DBStoreBuilder (DBStoreBuilder.java:addTable(117)) - using custom profile for table: volumeTable
2019-10-18 05:09:46,971 [main] INFO  db.DBStoreBuilder (DBStoreBuilder.java:processTables(168)) - Using default column profile:DBProfile.DISK for Table:volumeTable
2019-10-18 05:09:46,971 [main] INFO  db.DBStoreBuilder (DBStoreBuilder.java:addTable(117)) - using custom profile for table: bucketTable
2019-10-18 05:09:46,971 [main] INFO  db.DBStoreBuilder (DBStoreBuilder.java:processTables(168)) - Using default column profile:DBProfile.DISK for Table:bucketTable
2019-10-18 05:09:46,972 [main] INFO  db.DBStoreBuilder (DBStoreBuilder.java:addTable(117)) - using custom profile for table: keyTable
2019-10-18 05:09:46,972 [main] INFO  db.DBStoreBuilder (DBStoreBuilder.java:processTables(168)) - Using default column profile:DBProfile.DISK for Table:keyTable
2019-10-18 05:09:46,972 [main] INFO  db.DBStoreBuilder (DBStoreBuilder.java:addTable(117)) - using custom profile for table: deletedTable
2019-10-18 05:09:46,972 [main] INFO  db.DBStoreBuilder (DBStoreBuilder.java:processTables(168)) - Using default column profile:DBProfile.DISK for Table:deletedTable
2019-10-18 05:09:46,972 [main] INFO  db.DBStoreBuilder (DBStoreBuilder.java:addTable(117)) - using custom profile for table: openKeyTable
2019-10-18 05:09:46,972 [main] INFO  db.DBStoreBuilder (DBStoreBuilder.java:processTables(168)) - Using default column profile:DBProfile.DISK for Table:openKeyTable
2019-10-18 05:09:46,973 [main] INFO  db.DBStoreBuilder (DBStoreBuilder.java:addTable(117)) - using custom profile for table: s3Table
2019-10-18 05:09:46,973 [main] INFO  db.DBStoreBuilder (DBStoreBuilder.java:processTables(168)) - Using default column profile:DBProfile.DISK for Table:s3Table
2019-10-18 05:09:46,973 [main] INFO  db.DBStoreBuilder (DBStoreBuilder.java:addTable(117)) - using custom profile for table: multipartInfoTable
2019-10-18 05:09:46,973 [main] INFO  db.DBStoreBuilder (DBStoreBuilder.java:processTables(168)) - Using default column profile:DBProfile.DISK for Table:multipartInfoTable
2019-10-18 05:09:46,974 [main] INFO  db.DBStoreBuilder (DBStoreBuilder.java:addTable(117)) - using custom profile for table: dTokenTable
2019-10-18 05:09:46,974 [main] INFO  db.DBStoreBuilder (DBStoreBuilder.java:processTables(168)) - Using default column profile:DBProfile.DISK for Table:dTokenTable
2019-10-18 05:09:46,974 [main] INFO  db.DBStoreBuilder (DBStoreBuilder.java:addTable(117)) - using custom profile for table: s3SecretTable
2019-10-18 05:09:46,974 [main] INFO  db.DBStoreBuilder (DBStoreBuilder.java:processTables(168)) - Using default column profile:DBProfile.DISK for Table:s3SecretTable
2019-10-18 05:09:46,974 [main] INFO  db.DBStoreBuilder (DBStoreBuilder.java:addTable(117)) - using custom profile for table: prefixTable
2019-10-18 05:09:46,974 [main] INFO  db.DBStoreBuilder (DBStoreBuilder.java:processTables(168)) - Using default column profile:DBProfile.DISK for Table:prefixTable
2019-10-18 05:09:46,975 [main] INFO  db.DBStoreBuilder (DBStoreBuilder.java:addTable(117)) - using custom profile for table: default
2019-10-18 05:09:46,975 [main] INFO  db.DBStoreBuilder (DBStoreBuilder.java:processTables(174)) - Using default column profile:DBProfile.DISK for Table:default
2019-10-18 05:09:46,975 [main] INFO  db.DBStoreBuilder (DBStoreBuilder.java:getDbProfile(205)) - Using default options. DBProfile.DISK
2019-10-18 05:09:47,578 [main] INFO  ipc.CallQueueManager (CallQueueManager.java:<init>(84)) - Using callQueue: class java.util.concurrent.LinkedBlockingQueue, queueCapacity: 2000, scheduler: class org.apache.hadoop.ipc.DefaultRpcScheduler, ipcBackoff: false.
2019-10-18 05:09:47,579 [Socket Reader #1 for port 39637] INFO  ipc.Server (Server.java:run(1074)) - Starting Socket Reader #1 for port 39637
2019-10-18 05:09:47,605 [main] INFO  om.OzoneManager (OzoneManager.java:start(1074)) - OzoneManager RPC server is listening at localhost/127.0.0.1:39637
2019-10-18 05:09:47,605 [main] INFO  impl.MetricsSystemImpl (MetricsSystemImpl.java:init(158)) - OzoneManager metrics system started (again)
2019-10-18 05:09:47,614 [IPC Server Responder] INFO  ipc.Server (Server.java:run(1314)) - IPC Server Responder: starting
2019-10-18 05:09:47,614 [IPC Server listener on 39637] INFO  ipc.Server (Server.java:run(1153)) - IPC Server listener on 39637: starting
2019-10-18 05:09:47,619 [main] INFO  hdfs.DFSUtil (DFSUtil.java:httpServerTemplateForNNAndJN(1641)) - Starting Web-server for ozoneManager at: http://0.0.0.0:0
2019-10-18 05:09:47,621 [main] INFO  server.AuthenticationFilter (AuthenticationFilter.java:constructSecretProvider(240)) - Unable to initialize FileSignerSecretProvider, falling back to use random secrets.
2019-10-18 05:09:47,621 [main] WARN  http.HttpRequestLog (HttpRequestLog.java:getRequestLog(97)) - Jetty request log can only be enabled using Log4j
2019-10-18 05:09:47,623 [main] INFO  http.HttpServer2 (HttpServer2.java:addGlobalFilter(975)) - Added global filter 'safety' (class=org.apache.hadoop.http.HttpServer2$QuotingInputFilter)
2019-10-18 05:09:47,624 [main] INFO  http.HttpServer2 (HttpServer2.java:addFilter(948)) - Added filter static_user_filter (class=org.apache.hadoop.http.lib.StaticUserWebFilter$StaticUserFilter) to context ozoneManager
2019-10-18 05:09:47,624 [main] INFO  http.HttpServer2 (HttpServer2.java:addFilter(958)) - Added filter static_user_filter (class=org.apache.hadoop.http.lib.StaticUserWebFilter$StaticUserFilter) to context static
2019-10-18 05:09:47,625 [main] INFO  http.HttpServer2 (HttpServer2.java:addFilter(958)) - Added filter static_user_filter (class=org.apache.hadoop.http.lib.StaticUserWebFilter$StaticUserFilter) to context logs
2019-10-18 05:09:47,627 [main] INFO  http.HttpServer2 (HttpServer2.java:bindListener(1191)) - Jetty bound to port 41717
2019-10-18 05:09:47,627 [main] INFO  server.Server (Server.java:doStart(351)) - jetty-9.3.25.v20180904, build timestamp: 2018-09-04T21:11:46Z, git hash: 3ce520221d0240229c862b122d2b06c12a625732
2019-10-18 05:09:47,629 [main] INFO  handler.ContextHandler (ContextHandler.java:doStart(781)) - Started o.e.j.s.ServletContextHandler@aa10649{/logs,file:///workdir/hadoop-ozone/integration-test/target/log,AVAILABLE}
2019-10-18 05:09:47,630 [main] INFO  handler.ContextHandler (ContextHandler.java:doStart(781)) - Started o.e.j.s.ServletContextHandler@37095ded{/static,file:///workdir/hadoop-ozone/integration-test/target/test-classes/webapps/static,AVAILABLE}
2019-10-18 05:09:47,634 [main] INFO  handler.ContextHandler (ContextHandler.java:doStart(781)) - Started o.e.j.w.WebAppContext@75b3673{/,file:///workdir/hadoop-ozone/integration-test/target/test-classes/webapps/ozoneManager/,AVAILABLE}{/ozoneManager}
2019-10-18 05:09:47,635 [main] INFO  server.AbstractConnector (AbstractConnector.java:doStart(278)) - Started ServerConnector@1bcb79c2{HTTP/1.1,[http/1.1]}{0.0.0.0:41717}
2019-10-18 05:09:47,636 [main] INFO  server.Server (Server.java:doStart(419)) - Started @4105ms
2019-10-18 05:09:47,636 [main] WARN  impl.MetricsSystemImpl (MetricsSystemImpl.java:register(276)) - Sink prometheus already exists!
2019-10-18 05:09:47,637 [main] INFO  server.BaseHttpServer (BaseHttpServer.java:updateConnectorAddress(215)) - HTTP server of OZONEMANAGER is listening at http://0.0.0.0:41717
2019-10-18 05:09:47,878 [main] INFO  impl.MetricsSystemImpl (MetricsSystemImpl.java:init(158)) - HddsDatanode metrics system started (again)
2019-10-18 05:09:47,926 [main] INFO  ozone.HddsDatanodeService (HddsDatanodeService.java:start(184)) - HddsDatanodeService host:pr-hdds-2311-zjr6r-3188632456 ip:192.168.69.125
2019-10-18 05:09:47,960 [main] INFO  volume.HddsVolume (HddsVolume.java:<init>(176)) - Creating Volume: /workdir/hadoop-ozone/integration-test/target/test-dir/MiniOzoneClusterImpl-e8489dd8-f004-4b8d-ba6f-64c0d641aa36/datanode-0/data/containers/hdds of  storage type : DISK and capacity : 1482555576320
2019-10-18 05:09:47,962 [main] INFO  volume.VolumeSet (VolumeSet.java:initializeVolumeSet(170)) - Added Volume : /workdir/hadoop-ozone/integration-test/target/test-dir/MiniOzoneClusterImpl-e8489dd8-f004-4b8d-ba6f-64c0d641aa36/datanode-0/data/containers/hdds to VolumeSet
2019-10-18 05:09:47,964 [main] INFO  volume.ThrottledAsyncChecker (ThrottledAsyncChecker.java:schedule(141)) - Scheduling a check for /workdir/hadoop-ozone/integration-test/target/test-dir/MiniOzoneClusterImpl-e8489dd8-f004-4b8d-ba6f-64c0d641aa36/datanode-0/data/containers/hdds
2019-10-18 05:09:47,981 [main] INFO  volume.HddsVolumeChecker (HddsVolumeChecker.java:checkAllVolumes(204)) - Scheduled health check for volume /workdir/hadoop-ozone/integration-test/target/test-dir/MiniOzoneClusterImpl-e8489dd8-f004-4b8d-ba6f-64c0d641aa36/datanode-0/data/containers/hdds
2019-10-18 05:09:48,092 [main] INFO  impl.RaftServerProxy (ConfUtils.java:logGet(43)) - raft.rpc.type = GRPC (default)
2019-10-18 05:09:48,158 [main] INFO  grpc.GrpcFactory (GrpcFactory.java:checkPooledByteBufAllocatorUseCacheForAllThreads(45)) - PERFORMANCE WARNING: useCacheForAllThreads is true that may cause Netty to create a lot garbage objects and, as a result, trigger GC.
	It is recommended to disable useCacheForAllThreads by setting -Dorg.apache.ratis.thirdparty.io.netty.allocator.useCacheForAllThreads=false in command line.
2019-10-18 05:09:48,165 [main] INFO  grpc.GrpcConfigKeys$Server (ConfUtils.java:logGet(43)) - raft.grpc.server.port = 0 (default)
2019-10-18 05:09:48,166 [main] INFO  server.GrpcService (ConfUtils.java:logGet(43)) - raft.grpc.message.size.max = 33570816 (custom)
2019-10-18 05:09:48,168 [main] INFO  server.RaftServerConfigKeys (ConfUtils.java:logGet(43)) - raft.server.log.appender.buffer.byte-limit = 33554432 (custom)
2019-10-18 05:09:48,169 [main] INFO  server.GrpcService (ConfUtils.java:logGet(43)) - raft.grpc.flow.control.window = 1MB (=1048576) (default)
2019-10-18 05:09:48,170 [main] INFO  server.RaftServerConfigKeys (ConfUtils.java:logGet(43)) - raft.server.rpc.request.timeout = 3000ms (default)
2019-10-18 05:09:48,327 [main] INFO  server.RaftServerConfigKeys (ConfUtils.java:logGet(43)) - raft.server.storage.dir = [/workdir/hadoop-ozone/integration-test/target/test-dir/MiniOzoneClusterImpl-e8489dd8-f004-4b8d-ba6f-64c0d641aa36/datanode-0/data/ratis] (custom)
2019-10-18 05:09:48,383 [main] INFO  hdfs.DFSUtil (DFSUtil.java:httpServerTemplateForNNAndJN(1641)) - Starting Web-server for hddsDatanode at: http://0.0.0.0:0
2019-10-18 05:09:48,385 [main] INFO  server.AuthenticationFilter (AuthenticationFilter.java:constructSecretProvider(240)) - Unable to initialize FileSignerSecretProvider, falling back to use random secrets.
2019-10-18 05:09:48,386 [main] WARN  http.HttpRequestLog (HttpRequestLog.java:getRequestLog(97)) - Jetty request log can only be enabled using Log4j
2019-10-18 05:09:48,388 [main] INFO  http.HttpServer2 (HttpServer2.java:addGlobalFilter(975)) - Added global filter 'safety' (class=org.apache.hadoop.http.HttpServer2$QuotingInputFilter)
2019-10-18 05:09:48,390 [main] INFO  http.HttpServer2 (HttpServer2.java:addFilter(948)) - Added filter static_user_filter (class=org.apache.hadoop.http.lib.StaticUserWebFilter$StaticUserFilter) to context hddsDatanode
2019-10-18 05:09:48,390 [main] INFO  http.HttpServer2 (HttpServer2.java:addFilter(958)) - Added filter static_user_filter (class=org.apache.hadoop.http.lib.StaticUserWebFilter$StaticUserFilter) to context logs
2019-10-18 05:09:48,390 [main] INFO  http.HttpServer2 (HttpServer2.java:addFilter(958)) - Added filter static_user_filter (class=org.apache.hadoop.http.lib.StaticUserWebFilter$StaticUserFilter) to context static
2019-10-18 05:09:48,392 [main] INFO  http.HttpServer2 (HttpServer2.java:bindListener(1191)) - Jetty bound to port 33219
2019-10-18 05:09:48,392 [main] INFO  server.Server (Server.java:doStart(351)) - jetty-9.3.25.v20180904, build timestamp: 2018-09-04T21:11:46Z, git hash: 3ce520221d0240229c862b122d2b06c12a625732
2019-10-18 05:09:48,396 [main] INFO  handler.ContextHandler (ContextHandler.java:doStart(781)) - Started o.e.j.s.ServletContextHandler@60cf62ad{/logs,file:///workdir/hadoop-ozone/integration-test/target/log,AVAILABLE}
2019-10-18 05:09:48,397 [main] INFO  handler.ContextHandler (ContextHandler.java:doStart(781)) - Started o.e.j.s.ServletContextHandler@1ac4ccad{/static,jar:file:/home/user/.m2/repository/org/apache/hadoop/hadoop-hdds-container-service/0.5.0-SNAPSHOT/hadoop-hdds-container-service-0.5.0-SNAPSHOT.jar!/webapps/static,AVAILABLE}
2019-10-18 05:09:48,442 [main] INFO  handler.ContextHandler (ContextHandler.java:doStart(781)) - Started o.e.j.w.WebAppContext@de8039f{/,file:///tmp/jetty-0.0.0.0-33219-hddsDatanode-_-any-8010126976830917902.dir/webapp/,AVAILABLE}{/hddsDatanode}
2019-10-18 05:09:48,443 [main] INFO  server.AbstractConnector (AbstractConnector.java:doStart(278)) - Started ServerConnector@48445b38{HTTP/1.1,[http/1.1]}{0.0.0.0:33219}
2019-10-18 05:09:48,444 [main] INFO  server.Server (Server.java:doStart(419)) - Started @4913ms
2019-10-18 05:09:48,444 [main] WARN  impl.MetricsSystemImpl (MetricsSystemImpl.java:register(276)) - Sink prometheus already exists!
2019-10-18 05:09:48,445 [main] INFO  server.BaseHttpServer (BaseHttpServer.java:updateConnectorAddress(215)) - HTTP server of HDDSDATANODE is listening at http://0.0.0.0:33219
2019-10-18 05:09:48,446 [main] INFO  impl.MetricsSystemImpl (MetricsSystemImpl.java:init(158)) - HddsDatanode metrics system started (again)
2019-10-18 05:09:48,449 [main] INFO  ozone.HddsDatanodeService (HddsDatanodeService.java:start(184)) - HddsDatanodeService host:pr-hdds-2311-zjr6r-3188632456 ip:192.168.69.125
2019-10-18 05:09:48,452 [org.apache.hadoop.util.JvmPauseMonitor$Monitor@2aa73704] INFO  util.JvmPauseMonitor (JvmPauseMonitor.java:run(188)) - Starting JVM pause monitor
2019-10-18 05:09:48,456 [main] INFO  volume.HddsVolume (HddsVolume.java:<init>(176)) - Creating Volume: /workdir/hadoop-ozone/integration-test/target/test-dir/MiniOzoneClusterImpl-e8489dd8-f004-4b8d-ba6f-64c0d641aa36/datanode-1/data/containers/hdds of  storage type : DISK and capacity : 1482555576320
2019-10-18 05:09:48,456 [main] INFO  volume.VolumeSet (VolumeSet.java:initializeVolumeSet(170)) - Added Volume : /workdir/hadoop-ozone/integration-test/target/test-dir/MiniOzoneClusterImpl-e8489dd8-f004-4b8d-ba6f-64c0d641aa36/datanode-1/data/containers/hdds to VolumeSet
2019-10-18 05:09:48,457 [main] INFO  volume.ThrottledAsyncChecker (ThrottledAsyncChecker.java:schedule(141)) - Scheduling a check for /workdir/hadoop-ozone/integration-test/target/test-dir/MiniOzoneClusterImpl-e8489dd8-f004-4b8d-ba6f-64c0d641aa36/datanode-1/data/containers/hdds
2019-10-18 05:09:48,458 [main] INFO  volume.HddsVolumeChecker (HddsVolumeChecker.java:checkAllVolumes(204)) - Scheduled health check for volume /workdir/hadoop-ozone/integration-test/target/test-dir/MiniOzoneClusterImpl-e8489dd8-f004-4b8d-ba6f-64c0d641aa36/datanode-1/data/containers/hdds
2019-10-18 05:09:48,478 [main] INFO  impl.RaftServerProxy (ConfUtils.java:logGet(43)) - raft.rpc.type = GRPC (default)
2019-10-18 05:09:48,479 [main] INFO  grpc.GrpcFactory (GrpcFactory.java:checkPooledByteBufAllocatorUseCacheForAllThreads(45)) - PERFORMANCE WARNING: useCacheForAllThreads is true that may cause Netty to create a lot garbage objects and, as a result, trigger GC.
	It is recommended to disable useCacheForAllThreads by setting -Dorg.apache.ratis.thirdparty.io.netty.allocator.useCacheForAllThreads=false in command line.
2019-10-18 05:09:48,479 [main] INFO  grpc.GrpcConfigKeys$Server (ConfUtils.java:logGet(43)) - raft.grpc.server.port = 0 (default)
2019-10-18 05:09:48,480 [main] INFO  server.GrpcService (ConfUtils.java:logGet(43)) - raft.grpc.message.size.max = 33570816 (custom)
2019-10-18 05:09:48,480 [main] INFO  server.RaftServerConfigKeys (ConfUtils.java:logGet(43)) - raft.server.log.appender.buffer.byte-limit = 33554432 (custom)
2019-10-18 05:09:48,481 [main] INFO  server.GrpcService (ConfUtils.java:logGet(43)) - raft.grpc.flow.control.window = 1MB (=1048576) (default)
2019-10-18 05:09:48,481 [main] INFO  server.RaftServerConfigKeys (ConfUtils.java:logGet(43)) - raft.server.rpc.request.timeout = 3000ms (default)
2019-10-18 05:09:48,482 [main] INFO  server.RaftServerConfigKeys (ConfUtils.java:logGet(43)) - raft.server.storage.dir = [/workdir/hadoop-ozone/integration-test/target/test-dir/MiniOzoneClusterImpl-e8489dd8-f004-4b8d-ba6f-64c0d641aa36/datanode-1/data/ratis] (custom)
2019-10-18 05:09:48,485 [main] INFO  hdfs.DFSUtil (DFSUtil.java:httpServerTemplateForNNAndJN(1641)) - Starting Web-server for hddsDatanode at: http://0.0.0.0:0
2019-10-18 05:09:48,487 [main] INFO  server.AuthenticationFilter (AuthenticationFilter.java:constructSecretProvider(240)) - Unable to initialize FileSignerSecretProvider, falling back to use random secrets.
2019-10-18 05:09:48,487 [main] WARN  http.HttpRequestLog (HttpRequestLog.java:getRequestLog(97)) - Jetty request log can only be enabled using Log4j
2019-10-18 05:09:48,489 [main] INFO  http.HttpServer2 (HttpServer2.java:addGlobalFilter(975)) - Added global filter 'safety' (class=org.apache.hadoop.http.HttpServer2$QuotingInputFilter)
2019-10-18 05:09:48,490 [main] INFO  http.HttpServer2 (HttpServer2.java:addFilter(948)) - Added filter static_user_filter (class=org.apache.hadoop.http.lib.StaticUserWebFilter$StaticUserFilter) to context hddsDatanode
2019-10-18 05:09:48,490 [main] INFO  http.HttpServer2 (HttpServer2.java:addFilter(958)) - Added filter static_user_filter (class=org.apache.hadoop.http.lib.StaticUserWebFilter$StaticUserFilter) to context logs
2019-10-18 05:09:48,490 [main] INFO  http.HttpServer2 (HttpServer2.java:addFilter(958)) - Added filter static_user_filter (class=org.apache.hadoop.http.lib.StaticUserWebFilter$StaticUserFilter) to context static
2019-10-18 05:09:48,491 [main] INFO  http.HttpServer2 (HttpServer2.java:bindListener(1191)) - Jetty bound to port 39702
2019-10-18 05:09:48,491 [main] INFO  server.Server (Server.java:doStart(351)) - jetty-9.3.25.v20180904, build timestamp: 2018-09-04T21:11:46Z, git hash: 3ce520221d0240229c862b122d2b06c12a625732
2019-10-18 05:09:48,494 [main] INFO  handler.ContextHandler (ContextHandler.java:doStart(781)) - Started o.e.j.s.ServletContextHandler@6a472566{/logs,file:///workdir/hadoop-ozone/integration-test/target/log,AVAILABLE}
2019-10-18 05:09:48,495 [main] INFO  handler.ContextHandler (ContextHandler.java:doStart(781)) - Started o.e.j.s.ServletContextHandler@5e65afb6{/static,jar:file:/home/user/.m2/repository/org/apache/hadoop/hadoop-hdds-container-service/0.5.0-SNAPSHOT/hadoop-hdds-container-service-0.5.0-SNAPSHOT.jar!/webapps/static,AVAILABLE}
2019-10-18 05:09:48,526 [main] INFO  handler.ContextHandler (ContextHandler.java:doStart(781)) - Started o.e.j.w.WebAppContext@5c77ba8f{/,file:///tmp/jetty-0.0.0.0-39702-hddsDatanode-_-any-3676074659710701780.dir/webapp/,AVAILABLE}{/hddsDatanode}
2019-10-18 05:09:48,527 [main] INFO  server.AbstractConnector (AbstractConnector.java:doStart(278)) - Started ServerConnector@660f0c{HTTP/1.1,[http/1.1]}{0.0.0.0:39702}
2019-10-18 05:09:48,528 [main] INFO  server.Server (Server.java:doStart(419)) - Started @4997ms
2019-10-18 05:09:48,528 [main] WARN  impl.MetricsSystemImpl (MetricsSystemImpl.java:register(276)) - Sink prometheus already exists!
2019-10-18 05:09:48,530 [main] INFO  server.BaseHttpServer (BaseHttpServer.java:updateConnectorAddress(215)) - HTTP server of HDDSDATANODE is listening at http://0.0.0.0:39702
2019-10-18 05:09:48,530 [main] INFO  impl.MetricsSystemImpl (MetricsSystemImpl.java:init(158)) - HddsDatanode metrics system started (again)
2019-10-18 05:09:48,532 [org.apache.hadoop.util.JvmPauseMonitor$Monitor@3a11c5a6] INFO  util.JvmPauseMonitor (JvmPauseMonitor.java:run(188)) - Starting JVM pause monitor
2019-10-18 05:09:48,532 [main] INFO  ozone.HddsDatanodeService (HddsDatanodeService.java:start(184)) - HddsDatanodeService host:pr-hdds-2311-zjr6r-3188632456 ip:192.168.69.125
2019-10-18 05:09:48,541 [main] INFO  volume.HddsVolume (HddsVolume.java:<init>(176)) - Creating Volume: /workdir/hadoop-ozone/integration-test/target/test-dir/MiniOzoneClusterImpl-e8489dd8-f004-4b8d-ba6f-64c0d641aa36/datanode-2/data/containers/hdds of  storage type : DISK and capacity : 1482555576320
2019-10-18 05:09:48,542 [main] INFO  volume.VolumeSet (VolumeSet.java:initializeVolumeSet(170)) - Added Volume : /workdir/hadoop-ozone/integration-test/target/test-dir/MiniOzoneClusterImpl-e8489dd8-f004-4b8d-ba6f-64c0d641aa36/datanode-2/data/containers/hdds to VolumeSet
2019-10-18 05:09:48,542 [main] INFO  volume.ThrottledAsyncChecker (ThrottledAsyncChecker.java:schedule(141)) - Scheduling a check for /workdir/hadoop-ozone/integration-test/target/test-dir/MiniOzoneClusterImpl-e8489dd8-f004-4b8d-ba6f-64c0d641aa36/datanode-2/data/containers/hdds
2019-10-18 05:09:48,543 [main] INFO  volume.HddsVolumeChecker (HddsVolumeChecker.java:checkAllVolumes(204)) - Scheduled health check for volume /workdir/hadoop-ozone/integration-test/target/test-dir/MiniOzoneClusterImpl-e8489dd8-f004-4b8d-ba6f-64c0d641aa36/datanode-2/data/containers/hdds
2019-10-18 05:09:48,556 [Datanode State Machine Thread - 0] INFO  datanode.InitDatanodeState (InitDatanodeState.java:persistContainerDatanodeDetails(140)) - DatanodeDetails is persisted to /workdir/hadoop-ozone/integration-test/target/test-dir/MiniOzoneClusterImpl-e8489dd8-f004-4b8d-ba6f-64c0d641aa36/datanode-0/meta/datanode.id
2019-10-18 05:09:48,556 [main] INFO  impl.RaftServerProxy (ConfUtils.java:logGet(43)) - raft.rpc.type = GRPC (default)
2019-10-18 05:09:48,557 [main] INFO  grpc.GrpcFactory (GrpcFactory.java:checkPooledByteBufAllocatorUseCacheForAllThreads(45)) - PERFORMANCE WARNING: useCacheForAllThreads is true that may cause Netty to create a lot garbage objects and, as a result, trigger GC.
	It is recommended to disable useCacheForAllThreads by setting -Dorg.apache.ratis.thirdparty.io.netty.allocator.useCacheForAllThreads=false in command line.
2019-10-18 05:09:48,558 [main] INFO  grpc.GrpcConfigKeys$Server (ConfUtils.java:logGet(43)) - raft.grpc.server.port = 0 (default)
2019-10-18 05:09:48,559 [main] INFO  server.GrpcService (ConfUtils.java:logGet(43)) - raft.grpc.message.size.max = 33570816 (custom)
2019-10-18 05:09:48,559 [main] INFO  server.RaftServerConfigKeys (ConfUtils.java:logGet(43)) - raft.server.log.appender.buffer.byte-limit = 33554432 (custom)
2019-10-18 05:09:48,559 [main] INFO  server.GrpcService (ConfUtils.java:logGet(43)) - raft.grpc.flow.control.window = 1MB (=1048576) (default)
2019-10-18 05:09:48,559 [main] INFO  server.RaftServerConfigKeys (ConfUtils.java:logGet(43)) - raft.server.rpc.request.timeout = 3000ms (default)
2019-10-18 05:09:48,559 [Datanode State Machine Thread - 0] INFO  datanode.InitDatanodeState (InitDatanodeState.java:persistContainerDatanodeDetails(140)) - DatanodeDetails is persisted to /workdir/hadoop-ozone/integration-test/target/test-dir/MiniOzoneClusterImpl-e8489dd8-f004-4b8d-ba6f-64c0d641aa36/datanode-1/meta/datanode.id
2019-10-18 05:09:48,560 [main] INFO  server.RaftServerConfigKeys (ConfUtils.java:logGet(43)) - raft.server.storage.dir = [/workdir/hadoop-ozone/integration-test/target/test-dir/MiniOzoneClusterImpl-e8489dd8-f004-4b8d-ba6f-64c0d641aa36/datanode-2/data/ratis] (custom)
2019-10-18 05:09:48,562 [main] INFO  hdfs.DFSUtil (DFSUtil.java:httpServerTemplateForNNAndJN(1641)) - Starting Web-server for hddsDatanode at: http://0.0.0.0:0
2019-10-18 05:09:48,564 [main] INFO  server.AuthenticationFilter (AuthenticationFilter.java:constructSecretProvider(240)) - Unable to initialize FileSignerSecretProvider, falling back to use random secrets.
2019-10-18 05:09:48,564 [main] WARN  http.HttpRequestLog (HttpRequestLog.java:getRequestLog(97)) - Jetty request log can only be enabled using Log4j
2019-10-18 05:09:48,565 [main] INFO  http.HttpServer2 (HttpServer2.java:addGlobalFilter(975)) - Added global filter 'safety' (class=org.apache.hadoop.http.HttpServer2$QuotingInputFilter)
2019-10-18 05:09:48,566 [main] INFO  http.HttpServer2 (HttpServer2.java:addFilter(948)) - Added filter static_user_filter (class=org.apache.hadoop.http.lib.StaticUserWebFilter$StaticUserFilter) to context hddsDatanode
2019-10-18 05:09:48,566 [main] INFO  http.HttpServer2 (HttpServer2.java:addFilter(958)) - Added filter static_user_filter (class=org.apache.hadoop.http.lib.StaticUserWebFilter$StaticUserFilter) to context logs
2019-10-18 05:09:48,566 [main] INFO  http.HttpServer2 (HttpServer2.java:addFilter(958)) - Added filter static_user_filter (class=org.apache.hadoop.http.lib.StaticUserWebFilter$StaticUserFilter) to context static
2019-10-18 05:09:48,567 [main] INFO  http.HttpServer2 (HttpServer2.java:bindListener(1191)) - Jetty bound to port 43913
2019-10-18 05:09:48,567 [main] INFO  server.Server (Server.java:doStart(351)) - jetty-9.3.25.v20180904, build timestamp: 2018-09-04T21:11:46Z, git hash: 3ce520221d0240229c862b122d2b06c12a625732
2019-10-18 05:09:48,569 [main] INFO  handler.ContextHandler (ContextHandler.java:doStart(781)) - Started o.e.j.s.ServletContextHandler@6069dd38{/logs,file:///workdir/hadoop-ozone/integration-test/target/log,AVAILABLE}
2019-10-18 05:09:48,570 [main] INFO  handler.ContextHandler (ContextHandler.java:doStart(781)) - Started o.e.j.s.ServletContextHandler@558756be{/static,jar:file:/home/user/.m2/repository/org/apache/hadoop/hadoop-hdds-container-service/0.5.0-SNAPSHOT/hadoop-hdds-container-service-0.5.0-SNAPSHOT.jar!/webapps/static,AVAILABLE}
2019-10-18 05:09:48,599 [main] INFO  handler.ContextHandler (ContextHandler.java:doStart(781)) - Started o.e.j.w.WebAppContext@54e3658c{/,file:///tmp/jetty-0.0.0.0-43913-hddsDatanode-_-any-7921072797712631808.dir/webapp/,AVAILABLE}{/hddsDatanode}
2019-10-18 05:09:48,601 [main] INFO  server.AbstractConnector (AbstractConnector.java:doStart(278)) - Started ServerConnector@43e9089{HTTP/1.1,[http/1.1]}{0.0.0.0:43913}
2019-10-18 05:09:48,601 [main] INFO  server.Server (Server.java:doStart(419)) - Started @5070ms
2019-10-18 05:09:48,602 [main] WARN  impl.MetricsSystemImpl (MetricsSystemImpl.java:register(276)) - Sink prometheus already exists!
2019-10-18 05:09:48,603 [main] INFO  server.BaseHttpServer (BaseHttpServer.java:updateConnectorAddress(215)) - HTTP server of HDDSDATANODE is listening at http://0.0.0.0:43913
2019-10-18 05:09:48,605 [main] INFO  ozone.MiniOzoneClusterImpl (MiniOzoneClusterImpl.java:lambda$waitForClusterToBeReady$0(147)) - Waiting for cluster to be ready. Got 0 of 3 DN Heartbeats.
2019-10-18 05:09:48,605 [org.apache.hadoop.util.JvmPauseMonitor$Monitor@291dd6b1] INFO  util.JvmPauseMonitor (JvmPauseMonitor.java:run(188)) - Starting JVM pause monitor
2019-10-18 05:09:48,608 [Datanode State Machine Thread - 0] INFO  datanode.InitDatanodeState (InitDatanodeState.java:persistContainerDatanodeDetails(140)) - DatanodeDetails is persisted to /workdir/hadoop-ozone/integration-test/target/test-dir/MiniOzoneClusterImpl-e8489dd8-f004-4b8d-ba6f-64c0d641aa36/datanode-2/meta/datanode.id
2019-10-18 05:09:49,605 [main] INFO  ozone.MiniOzoneClusterImpl (MiniOzoneClusterImpl.java:lambda$waitForClusterToBeReady$0(147)) - Waiting for cluster to be ready. Got 0 of 3 DN Heartbeats.
2019-10-18 05:09:50,537 [Datanode State Machine Thread - 0] INFO  ozoneimpl.OzoneContainer (OzoneContainer.java:start(213)) - Attempting to start container services.
2019-10-18 05:09:50,539 [Datanode State Machine Thread - 0] INFO  ozoneimpl.OzoneContainer (OzoneContainer.java:startContainerScrub(177)) - Background container scanner has been disabled.
2019-10-18 05:09:50,540 [Datanode State Machine Thread - 0] INFO  ratis.XceiverServerRatis (XceiverServerRatis.java:start(418)) - Starting XceiverServerRatis 06992730-799e-49b1-b4b4-a9e995f4f1fe at port 0
2019-10-18 05:09:50,549 [Datanode State Machine Thread - 0] INFO  ozoneimpl.OzoneContainer (OzoneContainer.java:start(213)) - Attempting to start container services.
2019-10-18 05:09:50,558 [Datanode State Machine Thread - 0] INFO  ozoneimpl.OzoneContainer (OzoneContainer.java:startContainerScrub(177)) - Background container scanner has been disabled.
2019-10-18 05:09:50,558 [Datanode State Machine Thread - 0] INFO  ratis.XceiverServerRatis (XceiverServerRatis.java:start(418)) - Starting XceiverServerRatis e63c905b-6e24-4a59-beee-02f8929d0b77 at port 0
2019-10-18 05:09:50,573 [Datanode State Machine Thread - 0] INFO  impl.RaftServerProxy (RaftServerProxy.java:lambda$start$3(299)) - 06992730-799e-49b1-b4b4-a9e995f4f1fe: start RPC server
2019-10-18 05:09:50,573 [Datanode State Machine Thread - 0] INFO  impl.RaftServerProxy (RaftServerProxy.java:lambda$start$3(299)) - e63c905b-6e24-4a59-beee-02f8929d0b77: start RPC server
2019-10-18 05:09:50,606 [main] INFO  ozone.MiniOzoneClusterImpl (MiniOzoneClusterImpl.java:lambda$waitForClusterToBeReady$0(147)) - Waiting for cluster to be ready. Got 0 of 3 DN Heartbeats.
2019-10-18 05:09:50,621 [Datanode State Machine Thread - 0] INFO  ozoneimpl.OzoneContainer (OzoneContainer.java:start(213)) - Attempting to start container services.
2019-10-18 05:09:50,623 [Datanode State Machine Thread - 0] INFO  ozoneimpl.OzoneContainer (OzoneContainer.java:startContainerScrub(177)) - Background container scanner has been disabled.
2019-10-18 05:09:50,623 [Datanode State Machine Thread - 0] INFO  ratis.XceiverServerRatis (XceiverServerRatis.java:start(418)) - Starting XceiverServerRatis 56eab7d4-40e2-4b28-9c72-53449258b8a2 at port 0
2019-10-18 05:09:50,635 [Datanode State Machine Thread - 0] INFO  impl.RaftServerProxy (RaftServerProxy.java:lambda$start$3(299)) - 56eab7d4-40e2-4b28-9c72-53449258b8a2: start RPC server
2019-10-18 05:09:50,706 [Datanode State Machine Thread - 0] INFO  server.GrpcService (GrpcService.java:startImpl(158)) - e63c905b-6e24-4a59-beee-02f8929d0b77: GrpcService started, listening on 0.0.0.0/0.0.0.0:42235
2019-10-18 05:09:50,706 [Datanode State Machine Thread - 0] INFO  server.GrpcService (GrpcService.java:startImpl(158)) - 56eab7d4-40e2-4b28-9c72-53449258b8a2: GrpcService started, listening on 0.0.0.0/0.0.0.0:37820
2019-10-18 05:09:50,706 [Datanode State Machine Thread - 0] INFO  server.GrpcService (GrpcService.java:startImpl(158)) - 06992730-799e-49b1-b4b4-a9e995f4f1fe: GrpcService started, listening on 0.0.0.0/0.0.0.0:34681
2019-10-18 05:09:50,707 [Datanode State Machine Thread - 0] INFO  ratis.XceiverServerRatis (XceiverServerRatis.java:start(428)) - XceiverServerRatis 56eab7d4-40e2-4b28-9c72-53449258b8a2 is started using port 37820
2019-10-18 05:09:50,707 [Datanode State Machine Thread - 0] INFO  ratis.XceiverServerRatis (XceiverServerRatis.java:start(428)) - XceiverServerRatis e63c905b-6e24-4a59-beee-02f8929d0b77 is started using port 42235
2019-10-18 05:09:50,707 [Datanode State Machine Thread - 0] INFO  ratis.XceiverServerRatis (XceiverServerRatis.java:start(428)) - XceiverServerRatis 06992730-799e-49b1-b4b4-a9e995f4f1fe is started using port 34681
2019-10-18 05:09:50,711 [Datanode State Machine Thread - 0] INFO  server.XceiverServerGrpc (XceiverServerGrpc.java:start(149)) - XceiverServerGrpc e63c905b-6e24-4a59-beee-02f8929d0b77 is started using port 45929
2019-10-18 05:09:50,712 [Datanode State Machine Thread - 0] INFO  server.XceiverServerGrpc (XceiverServerGrpc.java:start(149)) - XceiverServerGrpc 56eab7d4-40e2-4b28-9c72-53449258b8a2 is started using port 37181
2019-10-18 05:09:50,711 [Datanode State Machine Thread - 0] INFO  server.XceiverServerGrpc (XceiverServerGrpc.java:start(149)) - XceiverServerGrpc 06992730-799e-49b1-b4b4-a9e995f4f1fe is started using port 37246
2019-10-18 05:09:51,606 [main] INFO  ozone.MiniOzoneClusterImpl (MiniOzoneClusterImpl.java:lambda$waitForClusterToBeReady$0(147)) - Waiting for cluster to be ready. Got 0 of 3 DN Heartbeats.
2019-10-18 05:09:52,487 [IPC Server handler 1 on 37711] INFO  net.NetworkTopology (NetworkTopologyImpl.java:add(111)) - Added a new node: /default-rack/06992730-799e-49b1-b4b4-a9e995f4f1fe
2019-10-18 05:09:52,488 [IPC Server handler 1 on 37711] INFO  node.SCMNodeManager (SCMNodeManager.java:register(268)) - Registered Data node : 06992730-799e-49b1-b4b4-a9e995f4f1fe{ip: 192.168.69.125, host: pr-hdds-2311-zjr6r-3188632456, networkLocation: /default-rack, certSerialId: null}
2019-10-18 05:09:52,491 [EventQueue-NodeRegistrationContainerReportForDataNodeSafeModeRule] INFO  safemode.SCMSafeModeManager (DataNodeSafeModeRule.java:process(71)) - SCM in safe mode. 1 DataNodes registered, 1 required.
2019-10-18 05:09:52,491 [EventQueue-NodeRegistrationContainerReportForDataNodeSafeModeRule] INFO  safemode.SCMSafeModeManager (SCMSafeModeManager.java:validateSafeModeExitRules(177)) - ScmSafeModeManager, all rules are successfully validated
2019-10-18 05:09:52,492 [EventQueue-NodeRegistrationContainerReportForDataNodeSafeModeRule] INFO  safemode.SCMSafeModeManager (SCMSafeModeManager.java:exitSafeMode(193)) - SCM exiting safe mode.
2019-10-18 05:09:52,535 [IPC Server handler 0 on 37711] INFO  net.NetworkTopology (NetworkTopologyImpl.java:add(111)) - Added a new node: /default-rack/e63c905b-6e24-4a59-beee-02f8929d0b77
2019-10-18 05:09:52,536 [IPC Server handler 0 on 37711] INFO  node.SCMNodeManager (SCMNodeManager.java:register(268)) - Registered Data node : e63c905b-6e24-4a59-beee-02f8929d0b77{ip: 192.168.69.125, host: pr-hdds-2311-zjr6r-3188632456, networkLocation: /default-rack, certSerialId: null}
2019-10-18 05:09:52,606 [main] INFO  ozone.MiniOzoneClusterImpl (MiniOzoneClusterImpl.java:lambda$waitForClusterToBeReady$0(147)) - Waiting for cluster to be ready. Got 2 of 3 DN Heartbeats.
2019-10-18 05:09:52,609 [IPC Server handler 3 on 37711] INFO  net.NetworkTopology (NetworkTopologyImpl.java:add(111)) - Added a new node: /default-rack/56eab7d4-40e2-4b28-9c72-53449258b8a2
2019-10-18 05:09:52,609 [IPC Server handler 3 on 37711] INFO  node.SCMNodeManager (SCMNodeManager.java:register(268)) - Registered Data node : 56eab7d4-40e2-4b28-9c72-53449258b8a2{ip: 192.168.69.125, host: pr-hdds-2311-zjr6r-3188632456, networkLocation: /default-rack, certSerialId: null}
2019-10-18 05:09:52,954 [grpc-default-executor-0] INFO  impl.RaftServerProxy (RaftServerProxy.java:addNew(89)) - 06992730-799e-49b1-b4b4-a9e995f4f1fe: addNew group-60FF264769D1:[06992730-799e-49b1-b4b4-a9e995f4f1fe:192.168.69.125:34681] returns group-60FF264769D1:java.util.concurrent.CompletableFuture@1dd25f39[Not completed]
2019-10-18 05:09:52,967 [pool-27-thread-1] INFO  impl.RaftServerImpl (RaftServerImpl.java:<init>(104)) - 06992730-799e-49b1-b4b4-a9e995f4f1fe: new RaftServerImpl for group-60FF264769D1:[06992730-799e-49b1-b4b4-a9e995f4f1fe:192.168.69.125:34681] with ContainerStateMachine:uninitialized
2019-10-18 05:09:52,969 [pool-27-thread-1] INFO  server.RaftServerConfigKeys (ConfUtils.java:logGet(43)) - raft.server.rpc.timeout.min = 5s (custom)
2019-10-18 05:09:52,970 [pool-27-thread-1] INFO  server.RaftServerConfigKeys (ConfUtils.java:logGet(43)) - raft.server.rpc.timeout.max = 5200ms (custom)
2019-10-18 05:09:52,970 [pool-27-thread-1] INFO  server.RaftServerConfigKeys (ConfUtils.java:logGet(43)) - raft.server.rpcslowness.timeout = 1000s (custom)
2019-10-18 05:09:52,971 [pool-27-thread-1] INFO  server.RaftServerConfigKeys (ConfUtils.java:logGet(43)) - raft.server.sleep.deviation.threshold = 300 (default)
2019-10-18 05:09:52,972 [pool-27-thread-1] INFO  server.RaftServerConfigKeys (ConfUtils.java:logGet(43)) - raft.server.log.appender.install.snapshot.enabled = false (custom)
2019-10-18 05:09:52,980 [pool-27-thread-1] INFO  impl.RaftServerImpl (ServerState.java:<init>(103)) - 06992730-799e-49b1-b4b4-a9e995f4f1fe@group-60FF264769D1: ConfigurationManager, init=-1: [06992730-799e-49b1-b4b4-a9e995f4f1fe:192.168.69.125:34681], old=null, confs=<EMPTY_MAP>
2019-10-18 05:09:52,981 [pool-27-thread-1] INFO  server.RaftServerConfigKeys (ConfUtils.java:logGet(43)) - raft.server.storage.dir = [/workdir/hadoop-ozone/integration-test/target/test-dir/MiniOzoneClusterImpl-e8489dd8-f004-4b8d-ba6f-64c0d641aa36/datanode-0/data/ratis] (custom)
2019-10-18 05:09:52,987 [pool-27-thread-1] INFO  server.RaftServerConfigKeys (ConfUtils.java:logGet(43)) - raft.server.log.corruption.policy = EXCEPTION (default)
2019-10-18 05:09:52,989 [pool-27-thread-1] INFO  storage.RaftStorageDirectory (RaftStorageDirectory.java:analyzeStorage(246)) - The storage directory /workdir/hadoop-ozone/integration-test/target/test-dir/MiniOzoneClusterImpl-e8489dd8-f004-4b8d-ba6f-64c0d641aa36/datanode-0/data/ratis/bd61b996-0d53-4a69-8092-60ff264769d1 does not exist. Creating ...
2019-10-18 05:09:53,006 [pool-27-thread-1] INFO  storage.RaftStorageDirectory (RaftStorageDirectory.java:tryLock(328)) - Lock on /workdir/hadoop-ozone/integration-test/target/test-dir/MiniOzoneClusterImpl-e8489dd8-f004-4b8d-ba6f-64c0d641aa36/datanode-0/data/ratis/bd61b996-0d53-4a69-8092-60ff264769d1/in_use.lock acquired by nodename 21598@pr-hdds-2311-zjr6r-3188632456
2019-10-18 05:09:53,024 [pool-27-thread-1] INFO  storage.RaftStorage (RaftStorage.java:format(84)) - Storage directory /workdir/hadoop-ozone/integration-test/target/test-dir/MiniOzoneClusterImpl-e8489dd8-f004-4b8d-ba6f-64c0d641aa36/datanode-0/data/ratis/bd61b996-0d53-4a69-8092-60ff264769d1 has been successfully formatted.
2019-10-18 05:09:53,026 [pool-27-thread-1] INFO  ratis.ContainerStateMachine (ContainerStateMachine.java:loadSnapshot(231)) - group-60FF264769D1: The snapshot info is null. Setting the last applied indexto:(t:0, i:~)
2019-10-18 05:09:53,026 [pool-27-thread-1] INFO  server.RaftServerConfigKeys (ConfUtils.java:logGet(43)) - raft.server.notification.no-leader.timeout = 1000s (custom)
2019-10-18 05:09:53,028 [pool-27-thread-1] INFO  server.RaftServerConfigKeys (ConfUtils.java:logGet(43)) - raft.server.log.use.memory = false (default)
2019-10-18 05:09:53,033 [pool-27-thread-1] INFO  server.RaftServerConfigKeys (ConfUtils.java:logGet(43)) - raft.server.log.purge.gap = 1000000 (custom)
2019-10-18 05:09:53,033 [pool-27-thread-1] INFO  server.RaftServerConfigKeys (ConfUtils.java:logGet(43)) - raft.server.log.appender.buffer.byte-limit = 33554432 (custom)
2019-10-18 05:09:53,035 [pool-27-thread-1] INFO  server.RaftServerConfigKeys (ConfUtils.java:logGet(43)) - raft.server.log.segment.size.max = 1048576 (custom)
2019-10-18 05:09:53,037 [pool-27-thread-1] INFO  impl.MetricsSystemImpl (MetricsSystemImpl.java:init(158)) - ratis metrics system started (again)
2019-10-18 05:09:53,041 [pool-27-thread-1] INFO  metrics.MetricRegistries (MetricRegistriesLoader.java:load(64)) - Loaded MetricRegistries class org.apache.ratis.metrics.impl.MetricRegistriesImpl
2019-10-18 05:09:53,077 [pool-27-thread-1] INFO  server.RaftServerConfigKeys (ConfUtils.java:logGet(43)) - raft.server.log.segment.cache.num.max = 2 (custom)
2019-10-18 05:09:53,083 [pool-27-thread-1] INFO  segmented.SegmentedRaftLogWorker (SegmentedRaftLogWorker.java:<init>(173)) - new 06992730-799e-49b1-b4b4-a9e995f4f1fe@group-60FF264769D1-SegmentedRaftLogWorker for RaftStorage:Storage Directory /workdir/hadoop-ozone/integration-test/target/test-dir/MiniOzoneClusterImpl-e8489dd8-f004-4b8d-ba6f-64c0d641aa36/datanode-0/data/ratis/bd61b996-0d53-4a69-8092-60ff264769d1
2019-10-18 05:09:53,083 [pool-27-thread-1] INFO  server.RaftServerConfigKeys (ConfUtils.java:logGet(43)) - raft.server.log.queue.byte-limit = 2147483647 (custom)
2019-10-18 05:09:53,084 [pool-27-thread-1] INFO  server.RaftServerConfigKeys (ConfUtils.java:logGet(43)) - raft.server.log.queue.element-limit = 1024 (custom)
2019-10-18 05:09:53,085 [pool-27-thread-1] INFO  server.RaftServerConfigKeys (ConfUtils.java:logGet(43)) - raft.server.log.segment.size.max = 1048576 (custom)
2019-10-18 05:09:53,085 [pool-27-thread-1] INFO  server.RaftServerConfigKeys (ConfUtils.java:logGet(43)) - raft.server.log.preallocated.size = 16384 (custom)
2019-10-18 05:09:53,086 [pool-27-thread-1] INFO  server.RaftServerConfigKeys (ConfUtils.java:logGet(43)) - raft.server.log.write.buffer.size = 33554432 (custom)
2019-10-18 05:09:53,086 [pool-27-thread-1] INFO  server.RaftServerConfigKeys (ConfUtils.java:logGet(43)) - raft.server.log.force.sync.num = 128 (default)
2019-10-18 05:09:53,087 [pool-27-thread-1] INFO  server.RaftServerConfigKeys (ConfUtils.java:logGet(43)) - raft.server.log.statemachine.data.sync = true (default)
2019-10-18 05:09:53,087 [pool-27-thread-1] INFO  server.RaftServerConfigKeys (ConfUtils.java:logGet(43)) - raft.server.log.statemachine.data.sync.timeout = 10s (default)
2019-10-18 05:09:53,088 [pool-27-thread-1] INFO  server.RaftServerConfigKeys (ConfUtils.java:logGet(43)) - raft.server.log.statemachine.data.sync.timeout.retry = -1 (default)
2019-10-18 05:09:53,100 [pool-27-thread-1] INFO  server.RaftServerConfigKeys (ConfUtils.java:logGet(43)) - raft.server.log.statemachine.data.caching.enabled = true (custom)
2019-10-18 05:09:53,105 [pool-27-thread-1] INFO  segmented.SegmentedRaftLogWorker (SegmentedRaftLogWorker.java:lambda$new$0(128)) - 06992730-799e-49b1-b4b4-a9e995f4f1fe@group-60FF264769D1-SegmentedRaftLogWorker: flushIndex: setUnconditionally 0 -> -1
2019-10-18 05:09:53,109 [pool-27-thread-1] INFO  server.RaftServerConfigKeys (ConfUtils.java:logGet(43)) - raft.server.snapshot.auto.trigger.enabled = true (custom)
2019-10-18 05:09:53,110 [pool-27-thread-1] INFO  server.RaftServerConfigKeys (ConfUtils.java:logGet(43)) - raft.server.snapshot.auto.trigger.threshold = 10000 (custom)
2019-10-18 05:09:53,110 [pool-27-thread-1] INFO  server.RaftServerConfigKeys (ConfUtils.java:logGet(43)) - raft.server.snapshot.retention.file.num = 5 (custom)
2019-10-18 05:09:53,111 [pool-27-thread-1] INFO  server.RaftServerConfigKeys (ConfUtils.java:logGet(43)) - raft.server.retrycache.expirytime = 600000ms (custom)
2019-10-18 05:09:53,141 [pool-27-thread-1] INFO  impl.RaftServerImpl (RaftServerImpl.java:start(195)) - 06992730-799e-49b1-b4b4-a9e995f4f1fe@group-60FF264769D1: start as a follower, conf=-1: [06992730-799e-49b1-b4b4-a9e995f4f1fe:192.168.69.125:34681], old=null
2019-10-18 05:09:53,143 [pool-27-thread-1] INFO  impl.RaftServerImpl (RaftServerImpl.java:setRole(184)) - 06992730-799e-49b1-b4b4-a9e995f4f1fe@group-60FF264769D1: changes role from      null to FOLLOWER at term 0 for startAsFollower
2019-10-18 05:09:53,144 [pool-27-thread-1] INFO  impl.RoleInfo (RoleInfo.java:updateAndGet(143)) - 06992730-799e-49b1-b4b4-a9e995f4f1fe: start FollowerState
2019-10-18 05:09:53,146 [pool-27-thread-1] INFO  util.JmxRegister (JmxRegister.java:tryRegister(44)) - Successfully registered JMX Bean with object name Ratis:service=RaftServer,group=group-60FF264769D1,id=06992730-799e-49b1-b4b4-a9e995f4f1fe
2019-10-18 05:09:53,197 [Thread-186] INFO  impl.FollowerState (FollowerState.java:run(108)) - 06992730-799e-49b1-b4b4-a9e995f4f1fe@group-60FF264769D1-FollowerState: change to CANDIDATE, lastRpcTime:53ms, electionTimeout:52ms
2019-10-18 05:09:53,201 [Thread-186] INFO  impl.RoleInfo (RoleInfo.java:shutdownFollowerState(121)) - 06992730-799e-49b1-b4b4-a9e995f4f1fe: shutdown FollowerState
2019-10-18 05:09:53,201 [Thread-186] INFO  impl.RaftServerImpl (RaftServerImpl.java:setRole(184)) - 06992730-799e-49b1-b4b4-a9e995f4f1fe@group-60FF264769D1: changes role from  FOLLOWER to CANDIDATE at term 0 for changeToCandidate
2019-10-18 05:09:53,206 [Thread-186] INFO  impl.RoleInfo (RoleInfo.java:updateAndGet(143)) - 06992730-799e-49b1-b4b4-a9e995f4f1fe: start LeaderElection
2019-10-18 05:09:53,209 [RatisPipelineUtilsThread] INFO  pipeline.PipelineStateManager (PipelineStateManager.java:addPipeline(56)) - Created pipeline Pipeline[ Id: bd61b996-0d53-4a69-8092-60ff264769d1, Nodes: 06992730-799e-49b1-b4b4-a9e995f4f1fe{ip: 192.168.69.125, host: pr-hdds-2311-zjr6r-3188632456, networkLocation: /default-rack, certSerialId: null}, Type:RATIS, Factor:ONE, State:OPEN]
2019-10-18 05:09:53,223 [06992730-799e-49b1-b4b4-a9e995f4f1fe@group-60FF264769D1-LeaderElection1] INFO  impl.LeaderElection (LeaderElection.java:askForVotes(178)) - 06992730-799e-49b1-b4b4-a9e995f4f1fe@group-60FF264769D1-LeaderElection1: begin an election at term 1 for -1: [06992730-799e-49b1-b4b4-a9e995f4f1fe:192.168.69.125:34681], old=null
2019-10-18 05:09:53,225 [06992730-799e-49b1-b4b4-a9e995f4f1fe@group-60FF264769D1-LeaderElection1] INFO  impl.RoleInfo (RoleInfo.java:shutdownLeaderElection(134)) - 06992730-799e-49b1-b4b4-a9e995f4f1fe: shutdown LeaderElection
2019-10-18 05:09:53,226 [06992730-799e-49b1-b4b4-a9e995f4f1fe@group-60FF264769D1-LeaderElection1] INFO  impl.RaftServerImpl (RaftServerImpl.java:setRole(184)) - 06992730-799e-49b1-b4b4-a9e995f4f1fe@group-60FF264769D1: changes role from CANDIDATE to LEADER at term 1 for changeToLeader
2019-10-18 05:09:53,226 [grpc-default-executor-0] INFO  impl.RaftServerProxy (RaftServerProxy.java:addNew(89)) - e63c905b-6e24-4a59-beee-02f8929d0b77: addNew group-64230BDB208F:[e63c905b-6e24-4a59-beee-02f8929d0b77:192.168.69.125:42235] returns group-64230BDB208F:java.util.concurrent.CompletableFuture@71940aae[Not completed]
2019-10-18 05:09:53,226 [06992730-799e-49b1-b4b4-a9e995f4f1fe@group-60FF264769D1-LeaderElection1] INFO  impl.RaftServerImpl (ServerState.java:setLeader(256)) - 06992730-799e-49b1-b4b4-a9e995f4f1fe@group-60FF264769D1: change Leader from null to 06992730-799e-49b1-b4b4-a9e995f4f1fe at term 1 for becomeLeader, leader elected after 199ms
2019-10-18 05:09:53,249 [06992730-799e-49b1-b4b4-a9e995f4f1fe@group-60FF264769D1-LeaderElection1] INFO  server.RaftServerConfigKeys (ConfUtils.java:logGet(43)) - raft.server.staging.catchup.gap = 1000 (default)
2019-10-18 05:09:53,249 [pool-37-thread-1] INFO  impl.RaftServerImpl (RaftServerImpl.java:<init>(104)) - e63c905b-6e24-4a59-beee-02f8929d0b77: new RaftServerImpl for group-64230BDB208F:[e63c905b-6e24-4a59-beee-02f8929d0b77:192.168.69.125:42235] with ContainerStateMachine:uninitialized
2019-10-18 05:09:53,249 [06992730-799e-49b1-b4b4-a9e995f4f1fe@group-60FF264769D1-LeaderElection1] INFO  server.RaftServerConfigKeys (ConfUtils.java:logGet(43)) - raft.server.rpc.sleep.time = 25ms (default)
2019-10-18 05:09:53,250 [pool-37-thread-1] INFO  server.RaftServerConfigKeys (ConfUtils.java:logGet(43)) - raft.server.rpc.timeout.min = 5s (custom)
2019-10-18 05:09:53,250 [pool-37-thread-1] INFO  server.RaftServerConfigKeys (ConfUtils.java:logGet(43)) - raft.server.rpc.timeout.max = 5200ms (custom)
2019-10-18 05:09:53,250 [pool-37-thread-1] INFO  server.RaftServerConfigKeys (ConfUtils.java:logGet(43)) - raft.server.rpcslowness.timeout = 1000s (custom)
2019-10-18 05:09:53,250 [pool-37-thread-1] INFO  server.RaftServerConfigKeys (ConfUtils.java:logGet(43)) - raft.server.sleep.deviation.threshold = 300 (default)
2019-10-18 05:09:53,250 [pool-37-thread-1] INFO  server.RaftServerConfigKeys (ConfUtils.java:logGet(43)) - raft.server.log.appender.install.snapshot.enabled = false (custom)
2019-10-18 05:09:53,250 [pool-37-thread-1] INFO  impl.RaftServerImpl (ServerState.java:<init>(103)) - e63c905b-6e24-4a59-beee-02f8929d0b77@group-64230BDB208F: ConfigurationManager, init=-1: [e63c905b-6e24-4a59-beee-02f8929d0b77:192.168.69.125:42235], old=null, confs=<EMPTY_MAP>
2019-10-18 05:09:53,251 [pool-37-thread-1] INFO  server.RaftServerConfigKeys (ConfUtils.java:logGet(43)) - raft.server.storage.dir = [/workdir/hadoop-ozone/integration-test/target/test-dir/MiniOzoneClusterImpl-e8489dd8-f004-4b8d-ba6f-64c0d641aa36/datanode-1/data/ratis] (custom)
2019-10-18 05:09:53,251 [pool-37-thread-1] INFO  server.RaftServerConfigKeys (ConfUtils.java:logGet(43)) - raft.server.log.corruption.policy = EXCEPTION (default)
2019-10-18 05:09:53,251 [pool-37-thread-1] INFO  storage.RaftStorageDirectory (RaftStorageDirectory.java:analyzeStorage(246)) - The storage directory /workdir/hadoop-ozone/integration-test/target/test-dir/MiniOzoneClusterImpl-e8489dd8-f004-4b8d-ba6f-64c0d641aa36/datanode-1/data/ratis/f9b4d154-f8f2-4a91-95f7-64230bdb208f does not exist. Creating ...
2019-10-18 05:09:53,254 [06992730-799e-49b1-b4b4-a9e995f4f1fe@group-60FF264769D1-LeaderElection1] INFO  server.RaftServerConfigKeys (ConfUtils.java:logGet(43)) - raft.server.write.element-limit = 4096 (default)
2019-10-18 05:09:53,256 [06992730-799e-49b1-b4b4-a9e995f4f1fe@group-60FF264769D1-LeaderElection1] INFO  server.RaftServerConfigKeys (ConfUtils.java:logGet(43)) - raft.server.watch.timeout = 10s (default)
2019-10-18 05:09:53,256 [06992730-799e-49b1-b4b4-a9e995f4f1fe@group-60FF264769D1-LeaderElection1] INFO  server.RaftServerConfigKeys (ConfUtils.java:logGet(43)) - raft.server.watch.timeout.denomination = 1s (default)
2019-10-18 05:09:53,257 [06992730-799e-49b1-b4b4-a9e995f4f1fe@group-60FF264769D1-LeaderElection1] INFO  server.RaftServerConfigKeys (ConfUtils.java:logGet(43)) - raft.server.watch.element-limit = 65536 (default)
2019-10-18 05:09:53,268 [06992730-799e-49b1-b4b4-a9e995f4f1fe@group-60FF264769D1-LeaderElection1] INFO  impl.RoleInfo (RoleInfo.java:updateAndGet(143)) - 06992730-799e-49b1-b4b4-a9e995f4f1fe: start LeaderState
2019-10-18 05:09:53,285 [06992730-799e-49b1-b4b4-a9e995f4f1fe@group-60FF264769D1-LeaderElection1] INFO  segmented.SegmentedRaftLogWorker (SegmentedRaftLogWorker.java:startLogSegment(385)) - 06992730-799e-49b1-b4b4-a9e995f4f1fe@group-60FF264769D1-SegmentedRaftLogWorker: Starting segment from index:0
2019-10-18 05:09:53,294 [06992730-799e-49b1-b4b4-a9e995f4f1fe@group-60FF264769D1-LeaderElection1] INFO  impl.RaftServerImpl (ServerState.java:setRaftConf(357)) - 06992730-799e-49b1-b4b4-a9e995f4f1fe@group-60FF264769D1: set configuration 0: [06992730-799e-49b1-b4b4-a9e995f4f1fe:192.168.69.125:34681], old=null at 0
2019-10-18 05:09:53,314 [pool-37-thread-1] INFO  storage.RaftStorageDirectory (RaftStorageDirectory.java:tryLock(328)) - Lock on /workdir/hadoop-ozone/integration-test/target/test-dir/MiniOzoneClusterImpl-e8489dd8-f004-4b8d-ba6f-64c0d641aa36/datanode-1/data/ratis/f9b4d154-f8f2-4a91-95f7-64230bdb208f/in_use.lock acquired by nodename 21598@pr-hdds-2311-zjr6r-3188632456
2019-10-18 05:09:53,348 [pool-37-thread-1] INFO  storage.RaftStorage (RaftStorage.java:format(84)) - Storage directory /workdir/hadoop-ozone/integration-test/target/test-dir/MiniOzoneClusterImpl-e8489dd8-f004-4b8d-ba6f-64c0d641aa36/datanode-1/data/ratis/f9b4d154-f8f2-4a91-95f7-64230bdb208f has been successfully formatted.
2019-10-18 05:09:53,349 [pool-37-thread-1] INFO  ratis.ContainerStateMachine (ContainerStateMachine.java:loadSnapshot(231)) - group-64230BDB208F: The snapshot info is null. Setting the last applied indexto:(t:0, i:~)
2019-10-18 05:09:53,350 [pool-37-thread-1] INFO  server.RaftServerConfigKeys (ConfUtils.java:logGet(43)) - raft.server.notification.no-leader.timeout = 1000s (custom)
2019-10-18 05:09:53,350 [pool-37-thread-1] INFO  server.RaftServerConfigKeys (ConfUtils.java:logGet(43)) - raft.server.log.use.memory = false (default)
2019-10-18 05:09:53,350 [pool-37-thread-1] INFO  server.RaftServerConfigKeys (ConfUtils.java:logGet(43)) - raft.server.log.purge.gap = 1000000 (custom)
2019-10-18 05:09:53,350 [pool-37-thread-1] INFO  server.RaftServerConfigKeys (ConfUtils.java:logGet(43)) - raft.server.log.appender.buffer.byte-limit = 33554432 (custom)
2019-10-18 05:09:53,350 [pool-37-thread-1] INFO  server.RaftServerConfigKeys (ConfUtils.java:logGet(43)) - raft.server.log.segment.size.max = 1048576 (custom)
2019-10-18 05:09:53,374 [pool-37-thread-1] INFO  server.RaftServerConfigKeys (ConfUtils.java:logGet(43)) - raft.server.log.segment.cache.num.max = 2 (custom)
2019-10-18 05:09:53,374 [pool-37-thread-1] INFO  segmented.SegmentedRaftLogWorker (SegmentedRaftLogWorker.java:<init>(173)) - new e63c905b-6e24-4a59-beee-02f8929d0b77@group-64230BDB208F-SegmentedRaftLogWorker for RaftStorage:Storage Directory /workdir/hadoop-ozone/integration-test/target/test-dir/MiniOzoneClusterImpl-e8489dd8-f004-4b8d-ba6f-64c0d641aa36/datanode-1/data/ratis/f9b4d154-f8f2-4a91-95f7-64230bdb208f
2019-10-18 05:09:53,374 [pool-37-thread-1] INFO  server.RaftServerConfigKeys (ConfUtils.java:logGet(43)) - raft.server.log.queue.byte-limit = 2147483647 (custom)
2019-10-18 05:09:53,374 [pool-37-thread-1] INFO  server.RaftServerConfigKeys (ConfUtils.java:logGet(43)) - raft.server.log.queue.element-limit = 1024 (custom)
2019-10-18 05:09:53,374 [pool-37-thread-1] INFO  server.RaftServerConfigKeys (ConfUtils.java:logGet(43)) - raft.server.log.segment.size.max = 1048576 (custom)
2019-10-18 05:09:53,375 [pool-37-thread-1] INFO  server.RaftServerConfigKeys (ConfUtils.java:logGet(43)) - raft.server.log.preallocated.size = 16384 (custom)
2019-10-18 05:09:53,375 [pool-37-thread-1] INFO  server.RaftServerConfigKeys (ConfUtils.java:logGet(43)) - raft.server.log.write.buffer.size = 33554432 (custom)
2019-10-18 05:09:53,375 [pool-37-thread-1] INFO  server.RaftServerConfigKeys (ConfUtils.java:logGet(43)) - raft.server.log.force.sync.num = 128 (default)
2019-10-18 05:09:53,375 [pool-37-thread-1] INFO  server.RaftServerConfigKeys (ConfUtils.java:logGet(43)) - raft.server.log.statemachine.data.sync = true (default)
2019-10-18 05:09:53,375 [pool-37-thread-1] INFO  server.RaftServerConfigKeys (ConfUtils.java:logGet(43)) - raft.server.log.statemachine.data.sync.timeout = 10s (default)
2019-10-18 05:09:53,375 [pool-37-thread-1] INFO  server.RaftServerConfigKeys (ConfUtils.java:logGet(43)) - raft.server.log.statemachine.data.sync.timeout.retry = -1 (default)
2019-10-18 05:09:53,376 [pool-37-thread-1] INFO  server.RaftServerConfigKeys (ConfUtils.java:logGet(43)) - raft.server.log.statemachine.data.caching.enabled = true (custom)
2019-10-18 05:09:53,376 [pool-37-thread-1] INFO  segmented.SegmentedRaftLogWorker (SegmentedRaftLogWorker.java:lambda$new$0(128)) - e63c905b-6e24-4a59-beee-02f8929d0b77@group-64230BDB208F-SegmentedRaftLogWorker: flushIndex: setUnconditionally 0 -> -1
2019-10-18 05:09:53,377 [pool-37-thread-1] INFO  server.RaftServerConfigKeys (ConfUtils.java:logGet(43)) - raft.server.snapshot.auto.trigger.enabled = true (custom)
2019-10-18 05:09:53,377 [pool-37-thread-1] INFO  server.RaftServerConfigKeys (ConfUtils.java:logGet(43)) - raft.server.snapshot.auto.trigger.threshold = 10000 (custom)
2019-10-18 05:09:53,377 [pool-37-thread-1] INFO  server.RaftServerConfigKeys (ConfUtils.java:logGet(43)) - raft.server.snapshot.retention.file.num = 5 (custom)
2019-10-18 05:09:53,377 [pool-37-thread-1] INFO  server.RaftServerConfigKeys (ConfUtils.java:logGet(43)) - raft.server.retrycache.expirytime = 600000ms (custom)
2019-10-18 05:09:53,386 [pool-37-thread-1] INFO  impl.RaftServerImpl (RaftServerImpl.java:start(195)) - e63c905b-6e24-4a59-beee-02f8929d0b77@group-64230BDB208F: start as a follower, conf=-1: [e63c905b-6e24-4a59-beee-02f8929d0b77:192.168.69.125:42235], old=null
2019-10-18 05:09:53,386 [pool-37-thread-1] INFO  impl.RaftServerImpl (RaftServerImpl.java:setRole(184)) - e63c905b-6e24-4a59-beee-02f8929d0b77@group-64230BDB208F: changes role from      null to FOLLOWER at term 0 for startAsFollower
2019-10-18 05:09:53,386 [pool-37-thread-1] INFO  impl.RoleInfo (RoleInfo.java:updateAndGet(143)) - e63c905b-6e24-4a59-beee-02f8929d0b77: start FollowerState
2019-10-18 05:09:53,387 [pool-37-thread-1] INFO  util.JmxRegister (JmxRegister.java:tryRegister(44)) - Successfully registered JMX Bean with object name Ratis:service=RaftServer,group=group-64230BDB208F,id=e63c905b-6e24-4a59-beee-02f8929d0b77
2019-10-18 05:09:53,401 [RatisPipelineUtilsThread] INFO  pipeline.PipelineStateManager (PipelineStateManager.java:addPipeline(56)) - Created pipeline Pipeline[ Id: f9b4d154-f8f2-4a91-95f7-64230bdb208f, Nodes: e63c905b-6e24-4a59-beee-02f8929d0b77{ip: 192.168.69.125, host: pr-hdds-2311-zjr6r-3188632456, networkLocation: /default-rack, certSerialId: null}, Type:RATIS, Factor:ONE, State:OPEN]
2019-10-18 05:09:53,416 [grpc-default-executor-0] INFO  impl.RaftServerProxy (RaftServerProxy.java:addNew(89)) - 56eab7d4-40e2-4b28-9c72-53449258b8a2: addNew group-7DC0B237361C:[56eab7d4-40e2-4b28-9c72-53449258b8a2:192.168.69.125:37820] returns group-7DC0B237361C:java.util.concurrent.CompletableFuture@4bfda3a1[Not completed]
2019-10-18 05:09:53,418 [pool-47-thread-1] INFO  impl.RaftServerImpl (RaftServerImpl.java:<init>(104)) - 56eab7d4-40e2-4b28-9c72-53449258b8a2: new RaftServerImpl for group-7DC0B237361C:[56eab7d4-40e2-4b28-9c72-53449258b8a2:192.168.69.125:37820] with ContainerStateMachine:uninitialized
2019-10-18 05:09:53,419 [pool-47-thread-1] INFO  server.RaftServerConfigKeys (ConfUtils.java:logGet(43)) - raft.server.rpc.timeout.min = 5s (custom)
2019-10-18 05:09:53,419 [pool-47-thread-1] INFO  server.RaftServerConfigKeys (ConfUtils.java:logGet(43)) - raft.server.rpc.timeout.max = 5200ms (custom)
2019-10-18 05:09:53,419 [pool-47-thread-1] INFO  server.RaftServerConfigKeys (ConfUtils.java:logGet(43)) - raft.server.rpcslowness.timeout = 1000s (custom)
2019-10-18 05:09:53,419 [pool-47-thread-1] INFO  server.RaftServerConfigKeys (ConfUtils.java:logGet(43)) - raft.server.sleep.deviation.threshold = 300 (default)
2019-10-18 05:09:53,419 [pool-47-thread-1] INFO  server.RaftServerConfigKeys (ConfUtils.java:logGet(43)) - raft.server.log.appender.install.snapshot.enabled = false (custom)
2019-10-18 05:09:53,419 [pool-47-thread-1] INFO  impl.RaftServerImpl (ServerState.java:<init>(103)) - 56eab7d4-40e2-4b28-9c72-53449258b8a2@group-7DC0B237361C: ConfigurationManager, init=-1: [56eab7d4-40e2-4b28-9c72-53449258b8a2:192.168.69.125:37820], old=null, confs=<EMPTY_MAP>
2019-10-18 05:09:53,420 [pool-47-thread-1] INFO  server.RaftServerConfigKeys (ConfUtils.java:logGet(43)) - raft.server.storage.dir = [/workdir/hadoop-ozone/integration-test/target/test-dir/MiniOzoneClusterImpl-e8489dd8-f004-4b8d-ba6f-64c0d641aa36/datanode-2/data/ratis] (custom)
2019-10-18 05:09:53,420 [pool-47-thread-1] INFO  server.RaftServerConfigKeys (ConfUtils.java:logGet(43)) - raft.server.log.corruption.policy = EXCEPTION (default)
2019-10-18 05:09:53,420 [pool-47-thread-1] INFO  storage.RaftStorageDirectory (RaftStorageDirectory.java:analyzeStorage(246)) - The storage directory /workdir/hadoop-ozone/integration-test/target/test-dir/MiniOzoneClusterImpl-e8489dd8-f004-4b8d-ba6f-64c0d641aa36/datanode-2/data/ratis/ddb1b4d2-b4fd-4588-b33e-7dc0b237361c does not exist. Creating ...
2019-10-18 05:09:53,434 [pool-47-thread-1] INFO  storage.RaftStorageDirectory (RaftStorageDirectory.java:tryLock(328)) - Lock on /workdir/hadoop-ozone/integration-test/target/test-dir/MiniOzoneClusterImpl-e8489dd8-f004-4b8d-ba6f-64c0d641aa36/datanode-2/data/ratis/ddb1b4d2-b4fd-4588-b33e-7dc0b237361c/in_use.lock acquired by nodename 21598@pr-hdds-2311-zjr6r-3188632456
2019-10-18 05:09:53,447 [pool-47-thread-1] INFO  storage.RaftStorage (RaftStorage.java:format(84)) - Storage directory /workdir/hadoop-ozone/integration-test/target/test-dir/MiniOzoneClusterImpl-e8489dd8-f004-4b8d-ba6f-64c0d641aa36/datanode-2/data/ratis/ddb1b4d2-b4fd-4588-b33e-7dc0b237361c has been successfully formatted.
2019-10-18 05:09:53,447 [pool-47-thread-1] INFO  ratis.ContainerStateMachine (ContainerStateMachine.java:loadSnapshot(231)) - group-7DC0B237361C: The snapshot info is null. Setting the last applied indexto:(t:0, i:~)
2019-10-18 05:09:53,448 [pool-47-thread-1] INFO  server.RaftServerConfigKeys (ConfUtils.java:logGet(43)) - raft.server.notification.no-leader.timeout = 1000s (custom)
2019-10-18 05:09:53,448 [pool-47-thread-1] INFO  server.RaftServerConfigKeys (ConfUtils.java:logGet(43)) - raft.server.log.use.memory = false (default)
2019-10-18 05:09:53,448 [pool-47-thread-1] INFO  server.RaftServerConfigKeys (ConfUtils.java:logGet(43)) - raft.server.log.purge.gap = 1000000 (custom)
2019-10-18 05:09:53,448 [pool-47-thread-1] INFO  server.RaftServerConfigKeys (ConfUtils.java:logGet(43)) - raft.server.log.appender.buffer.byte-limit = 33554432 (custom)
2019-10-18 05:09:53,448 [pool-47-thread-1] INFO  server.RaftServerConfigKeys (ConfUtils.java:logGet(43)) - raft.server.log.segment.size.max = 1048576 (custom)
2019-10-18 05:09:53,451 [pool-47-thread-1] INFO  server.RaftServerConfigKeys (ConfUtils.java:logGet(43)) - raft.server.log.segment.cache.num.max = 2 (custom)
2019-10-18 05:09:53,451 [pool-47-thread-1] INFO  segmented.SegmentedRaftLogWorker (SegmentedRaftLogWorker.java:<init>(173)) - new 56eab7d4-40e2-4b28-9c72-53449258b8a2@group-7DC0B237361C-SegmentedRaftLogWorker for RaftStorage:Storage Directory /workdir/hadoop-ozone/integration-test/target/test-dir/MiniOzoneClusterImpl-e8489dd8-f004-4b8d-ba6f-64c0d641aa36/datanode-2/data/ratis/ddb1b4d2-b4fd-4588-b33e-7dc0b237361c
2019-10-18 05:09:53,451 [pool-47-thread-1] INFO  server.RaftServerConfigKeys (ConfUtils.java:logGet(43)) - raft.server.log.queue.byte-limit = 2147483647 (custom)
2019-10-18 05:09:53,451 [pool-47-thread-1] INFO  server.RaftServerConfigKeys (ConfUtils.java:logGet(43)) - raft.server.log.queue.element-limit = 1024 (custom)
2019-10-18 05:09:53,452 [pool-47-thread-1] INFO  server.RaftServerConfigKeys (ConfUtils.java:logGet(43)) - raft.server.log.segment.size.max = 1048576 (custom)
2019-10-18 05:09:53,452 [pool-47-thread-1] INFO  server.RaftServerConfigKeys (ConfUtils.java:logGet(43)) - raft.server.log.preallocated.size = 16384 (custom)
2019-10-18 05:09:53,452 [pool-47-thread-1] INFO  server.RaftServerConfigKeys (ConfUtils.java:logGet(43)) - raft.server.log.write.buffer.size = 33554432 (custom)
2019-10-18 05:09:53,452 [pool-47-thread-1] INFO  server.RaftServerConfigKeys (ConfUtils.java:logGet(43)) - raft.server.log.force.sync.num = 128 (default)
2019-10-18 05:09:53,452 [pool-47-thread-1] INFO  server.RaftServerConfigKeys (ConfUtils.java:logGet(43)) - raft.server.log.statemachine.data.sync = true (default)
2019-10-18 05:09:53,452 [pool-47-thread-1] INFO  server.RaftServerConfigKeys (ConfUtils.java:logGet(43)) - raft.server.log.statemachine.data.sync.timeout = 10s (default)
2019-10-18 05:09:53,452 [pool-47-thread-1] INFO  server.RaftServerConfigKeys (ConfUtils.java:logGet(43)) - raft.server.log.statemachine.data.sync.timeout.retry = -1 (default)
2019-10-18 05:09:53,453 [pool-47-thread-1] INFO  server.RaftServerConfigKeys (ConfUtils.java:logGet(43)) - raft.server.log.statemachine.data.caching.enabled = true (custom)
2019-10-18 05:09:53,453 [pool-47-thread-1] INFO  segmented.SegmentedRaftLogWorker (SegmentedRaftLogWorker.java:lambda$new$0(128)) - 56eab7d4-40e2-4b28-9c72-53449258b8a2@group-7DC0B237361C-SegmentedRaftLogWorker: flushIndex: setUnconditionally 0 -> -1
2019-10-18 05:09:53,453 [pool-47-thread-1] INFO  server.RaftServerConfigKeys (ConfUtils.java:logGet(43)) - raft.server.snapshot.auto.trigger.enabled = true (custom)
2019-10-18 05:09:53,453 [pool-47-thread-1] INFO  server.RaftServerConfigKeys (ConfUtils.java:logGet(43)) - raft.server.snapshot.auto.trigger.threshold = 10000 (custom)
2019-10-18 05:09:53,454 [pool-47-thread-1] INFO  server.RaftServerConfigKeys (ConfUtils.java:logGet(43)) - raft.server.snapshot.retention.file.num = 5 (custom)
2019-10-18 05:09:53,454 [pool-47-thread-1] INFO  server.RaftServerConfigKeys (ConfUtils.java:logGet(43)) - raft.server.retrycache.expirytime = 600000ms (custom)
2019-10-18 05:09:53,458 [pool-47-thread-1] INFO  impl.RaftServerImpl (RaftServerImpl.java:start(195)) - 56eab7d4-40e2-4b28-9c72-53449258b8a2@group-7DC0B237361C: start as a follower, conf=-1: [56eab7d4-40e2-4b28-9c72-53449258b8a2:192.168.69.125:37820], old=null
2019-10-18 05:09:53,458 [pool-47-thread-1] INFO  impl.RaftServerImpl (RaftServerImpl.java:setRole(184)) - 56eab7d4-40e2-4b28-9c72-53449258b8a2@group-7DC0B237361C: changes role from      null to FOLLOWER at term 0 for startAsFollower
2019-10-18 05:09:53,458 [pool-47-thread-1] INFO  impl.RoleInfo (RoleInfo.java:updateAndGet(143)) - 56eab7d4-40e2-4b28-9c72-53449258b8a2: start FollowerState
2019-10-18 05:09:53,458 [pool-47-thread-1] INFO  util.JmxRegister (JmxRegister.java:tryRegister(44)) - Successfully registered JMX Bean with object name Ratis:service=RaftServer,group=group-7DC0B237361C,id=56eab7d4-40e2-4b28-9c72-53449258b8a2
2019-10-18 05:09:53,486 [RatisPipelineUtilsThread] INFO  pipeline.PipelineStateManager (PipelineStateManager.java:addPipeline(56)) - Created pipeline Pipeline[ Id: ddb1b4d2-b4fd-4588-b33e-7dc0b237361c, Nodes: 56eab7d4-40e2-4b28-9c72-53449258b8a2{ip: 192.168.69.125, host: pr-hdds-2311-zjr6r-3188632456, networkLocation: /default-rack, certSerialId: null}, Type:RATIS, Factor:ONE, State:OPEN]
2019-10-18 05:09:53,498 [06992730-799e-49b1-b4b4-a9e995f4f1fe@group-60FF264769D1-SegmentedRaftLogWorker] INFO  segmented.SegmentedRaftLogWorker (SegmentedRaftLogWorker.java:execute(576)) - 06992730-799e-49b1-b4b4-a9e995f4f1fe@group-60FF264769D1-SegmentedRaftLogWorker: created new log segment /workdir/hadoop-ozone/integration-test/target/test-dir/MiniOzoneClusterImpl-e8489dd8-f004-4b8d-ba6f-64c0d641aa36/datanode-0/data/ratis/bd61b996-0d53-4a69-8092-60ff264769d1/current/log_inprogress_0
2019-10-18 05:09:53,513 [grpc-default-executor-2] INFO  impl.RaftServerProxy (RaftServerProxy.java:addNew(89)) - e63c905b-6e24-4a59-beee-02f8929d0b77: addNew group-3C260A0191AA:[e63c905b-6e24-4a59-beee-02f8929d0b77:192.168.69.125:42235, 56eab7d4-40e2-4b28-9c72-53449258b8a2:192.168.69.125:37820, 06992730-799e-49b1-b4b4-a9e995f4f1fe:192.168.69.125:34681] returns group-3C260A0191AA:java.util.concurrent.CompletableFuture@24e03d72[Not completed]
2019-10-18 05:09:53,513 [grpc-default-executor-0] INFO  impl.RaftServerProxy (RaftServerProxy.java:addNew(89)) - 06992730-799e-49b1-b4b4-a9e995f4f1fe: addNew group-3C260A0191AA:[e63c905b-6e24-4a59-beee-02f8929d0b77:192.168.69.125:42235, 56eab7d4-40e2-4b28-9c72-53449258b8a2:192.168.69.125:37820, 06992730-799e-49b1-b4b4-a9e995f4f1fe:192.168.69.125:34681] returns group-3C260A0191AA:java.util.concurrent.CompletableFuture@514b5b5[Not completed]
2019-10-18 05:09:53,513 [grpc-default-executor-1] INFO  impl.RaftServerProxy (RaftServerProxy.java:addNew(89)) - 56eab7d4-40e2-4b28-9c72-53449258b8a2: addNew group-3C260A0191AA:[e63c905b-6e24-4a59-beee-02f8929d0b77:192.168.69.125:42235, 56eab7d4-40e2-4b28-9c72-53449258b8a2:192.168.69.125:37820, 06992730-799e-49b1-b4b4-a9e995f4f1fe:192.168.69.125:34681] returns group-3C260A0191AA:java.util.concurrent.CompletableFuture@7c793131[Not completed]
2019-10-18 05:09:53,515 [pool-47-thread-1] INFO  impl.RaftServerImpl (RaftServerImpl.java:<init>(104)) - 56eab7d4-40e2-4b28-9c72-53449258b8a2: new RaftServerImpl for group-3C260A0191AA:[e63c905b-6e24-4a59-beee-02f8929d0b77:192.168.69.125:42235, 56eab7d4-40e2-4b28-9c72-53449258b8a2:192.168.69.125:37820, 06992730-799e-49b1-b4b4-a9e995f4f1fe:192.168.69.125:34681] with ContainerStateMachine:uninitialized
2019-10-18 05:09:53,515 [pool-47-thread-1] INFO  server.RaftServerConfigKeys (ConfUtils.java:logGet(43)) - raft.server.rpc.timeout.min = 5s (custom)
2019-10-18 05:09:53,515 [pool-47-thread-1] INFO  server.RaftServerConfigKeys (ConfUtils.java:logGet(43)) - raft.server.rpc.timeout.max = 5200ms (custom)
2019-10-18 05:09:53,515 [pool-47-thread-1] INFO  server.RaftServerConfigKeys (ConfUtils.java:logGet(43)) - raft.server.rpcslowness.timeout = 1000s (custom)
2019-10-18 05:09:53,516 [pool-47-thread-1] INFO  server.RaftServerConfigKeys (ConfUtils.java:logGet(43)) - raft.server.sleep.deviation.threshold = 300 (default)
2019-10-18 05:09:53,516 [pool-47-thread-1] INFO  server.RaftServerConfigKeys (ConfUtils.java:logGet(43)) - raft.server.log.appender.install.snapshot.enabled = false (custom)
2019-10-18 05:09:53,516 [pool-27-thread-1] INFO  impl.RaftServerImpl (RaftServerImpl.java:<init>(104)) - 06992730-799e-49b1-b4b4-a9e995f4f1fe: new RaftServerImpl for group-3C260A0191AA:[e63c905b-6e24-4a59-beee-02f8929d0b77:192.168.69.125:42235, 56eab7d4-40e2-4b28-9c72-53449258b8a2:192.168.69.125:37820, 06992730-799e-49b1-b4b4-a9e995f4f1fe:192.168.69.125:34681] with ContainerStateMachine:uninitialized
2019-10-18 05:09:53,516 [pool-47-thread-1] INFO  impl.RaftServerImpl (ServerState.java:<init>(103)) - 56eab7d4-40e2-4b28-9c72-53449258b8a2@group-3C260A0191AA: ConfigurationManager, init=-1: [e63c905b-6e24-4a59-beee-02f8929d0b77:192.168.69.125:42235, 56eab7d4-40e2-4b28-9c72-53449258b8a2:192.168.69.125:37820, 06992730-799e-49b1-b4b4-a9e995f4f1fe:192.168.69.125:34681], old=null, confs=<EMPTY_MAP>
2019-10-18 05:09:53,516 [pool-27-thread-1] INFO  server.RaftServerConfigKeys (ConfUtils.java:logGet(43)) - raft.server.rpc.timeout.min = 5s (custom)
2019-10-18 05:09:53,516 [pool-47-thread-1] INFO  server.RaftServerConfigKeys (ConfUtils.java:logGet(43)) - raft.server.storage.dir = [/workdir/hadoop-ozone/integration-test/target/test-dir/MiniOzoneClusterImpl-e8489dd8-f004-4b8d-ba6f-64c0d641aa36/datanode-2/data/ratis] (custom)
2019-10-18 05:09:53,516 [pool-27-thread-1] INFO  server.RaftServerConfigKeys (ConfUtils.java:logGet(43)) - raft.server.rpc.timeout.max = 5200ms (custom)
2019-10-18 05:09:53,517 [pool-47-thread-1] INFO  server.RaftServerConfigKeys (ConfUtils.java:logGet(43)) - raft.server.log.corruption.policy = EXCEPTION (default)
2019-10-18 05:09:53,517 [pool-27-thread-1] INFO  server.RaftServerConfigKeys (ConfUtils.java:logGet(43)) - raft.server.rpcslowness.timeout = 1000s (custom)
2019-10-18 05:09:53,517 [pool-47-thread-1] INFO  storage.RaftStorageDirectory (RaftStorageDirectory.java:analyzeStorage(246)) - The storage directory /workdir/hadoop-ozone/integration-test/target/test-dir/MiniOzoneClusterImpl-e8489dd8-f004-4b8d-ba6f-64c0d641aa36/datanode-2/data/ratis/7b6774a4-dfa8-469c-9b78-3c260a0191aa does not exist. Creating ...
2019-10-18 05:09:53,517 [pool-27-thread-1] INFO  server.RaftServerConfigKeys (ConfUtils.java:logGet(43)) - raft.server.sleep.deviation.threshold = 300 (default)
2019-10-18 05:09:53,517 [pool-37-thread-1] INFO  impl.RaftServerImpl (RaftServerImpl.java:<init>(104)) - e63c905b-6e24-4a59-beee-02f8929d0b77: new RaftServerImpl for group-3C260A0191AA:[e63c905b-6e24-4a59-beee-02f8929d0b77:192.168.69.125:42235, 56eab7d4-40e2-4b28-9c72-53449258b8a2:192.168.69.125:37820, 06992730-799e-49b1-b4b4-a9e995f4f1fe:192.168.69.125:34681] with ContainerStateMachine:uninitialized
2019-10-18 05:09:53,517 [pool-27-thread-1] INFO  server.RaftServerConfigKeys (ConfUtils.java:logGet(43)) - raft.server.log.appender.install.snapshot.enabled = false (custom)
2019-10-18 05:09:53,518 [pool-37-thread-1] INFO  server.RaftServerConfigKeys (ConfUtils.java:logGet(43)) - raft.server.rpc.timeout.min = 5s (custom)
2019-10-18 05:09:53,518 [pool-27-thread-1] INFO  impl.RaftServerImpl (ServerState.java:<init>(103)) - 06992730-799e-49b1-b4b4-a9e995f4f1fe@group-3C260A0191AA: ConfigurationManager, init=-1: [e63c905b-6e24-4a59-beee-02f8929d0b77:192.168.69.125:42235, 56eab7d4-40e2-4b28-9c72-53449258b8a2:192.168.69.125:37820, 06992730-799e-49b1-b4b4-a9e995f4f1fe:192.168.69.125:34681], old=null, confs=<EMPTY_MAP>
2019-10-18 05:09:53,518 [pool-37-thread-1] INFO  server.RaftServerConfigKeys (ConfUtils.java:logGet(43)) - raft.server.rpc.timeout.max = 5200ms (custom)
2019-10-18 05:09:53,518 [pool-27-thread-1] INFO  server.RaftServerConfigKeys (ConfUtils.java:logGet(43)) - raft.server.storage.dir = [/workdir/hadoop-ozone/integration-test/target/test-dir/MiniOzoneClusterImpl-e8489dd8-f004-4b8d-ba6f-64c0d641aa36/datanode-0/data/ratis] (custom)
2019-10-18 05:09:53,518 [pool-37-thread-1] INFO  server.RaftServerConfigKeys (ConfUtils.java:logGet(43)) - raft.server.rpcslowness.timeout = 1000s (custom)
2019-10-18 05:09:53,518 [pool-37-thread-1] INFO  server.RaftServerConfigKeys (ConfUtils.java:logGet(43)) - raft.server.sleep.deviation.threshold = 300 (default)
2019-10-18 05:09:53,519 [pool-37-thread-1] INFO  server.RaftServerConfigKeys (ConfUtils.java:logGet(43)) - raft.server.log.appender.install.snapshot.enabled = false (custom)
2019-10-18 05:09:53,519 [pool-37-thread-1] INFO  impl.RaftServerImpl (ServerState.java:<init>(103)) - e63c905b-6e24-4a59-beee-02f8929d0b77@group-3C260A0191AA: ConfigurationManager, init=-1: [e63c905b-6e24-4a59-beee-02f8929d0b77:192.168.69.125:42235, 56eab7d4-40e2-4b28-9c72-53449258b8a2:192.168.69.125:37820, 06992730-799e-49b1-b4b4-a9e995f4f1fe:192.168.69.125:34681], old=null, confs=<EMPTY_MAP>
2019-10-18 05:09:53,519 [pool-37-thread-1] INFO  server.RaftServerConfigKeys (ConfUtils.java:logGet(43)) - raft.server.storage.dir = [/workdir/hadoop-ozone/integration-test/target/test-dir/MiniOzoneClusterImpl-e8489dd8-f004-4b8d-ba6f-64c0d641aa36/datanode-1/data/ratis] (custom)
2019-10-18 05:09:53,519 [pool-27-thread-1] INFO  server.RaftServerConfigKeys (ConfUtils.java:logGet(43)) - raft.server.log.corruption.policy = EXCEPTION (default)
2019-10-18 05:09:53,519 [pool-37-thread-1] INFO  server.RaftServerConfigKeys (ConfUtils.java:logGet(43)) - raft.server.log.corruption.policy = EXCEPTION (default)
2019-10-18 05:09:53,519 [pool-27-thread-1] INFO  storage.RaftStorageDirectory (RaftStorageDirectory.java:analyzeStorage(246)) - The storage directory /workdir/hadoop-ozone/integration-test/target/test-dir/MiniOzoneClusterImpl-e8489dd8-f004-4b8d-ba6f-64c0d641aa36/datanode-0/data/ratis/7b6774a4-dfa8-469c-9b78-3c260a0191aa does not exist. Creating ...
2019-10-18 05:09:53,520 [pool-47-thread-1] INFO  storage.RaftStorageDirectory (RaftStorageDirectory.java:tryLock(328)) - Lock on /workdir/hadoop-ozone/integration-test/target/test-dir/MiniOzoneClusterImpl-e8489dd8-f004-4b8d-ba6f-64c0d641aa36/datanode-2/data/ratis/7b6774a4-dfa8-469c-9b78-3c260a0191aa/in_use.lock acquired by nodename 21598@pr-hdds-2311-zjr6r-3188632456
2019-10-18 05:09:53,520 [pool-37-thread-1] INFO  storage.RaftStorageDirectory (RaftStorageDirectory.java:analyzeStorage(246)) - The storage directory /workdir/hadoop-ozone/integration-test/target/test-dir/MiniOzoneClusterImpl-e8489dd8-f004-4b8d-ba6f-64c0d641aa36/datanode-1/data/ratis/7b6774a4-dfa8-469c-9b78-3c260a0191aa does not exist. Creating ...
2019-10-18 05:09:53,533 [pool-27-thread-1] INFO  storage.RaftStorageDirectory (RaftStorageDirectory.java:tryLock(328)) - Lock on /workdir/hadoop-ozone/integration-test/target/test-dir/MiniOzoneClusterImpl-e8489dd8-f004-4b8d-ba6f-64c0d641aa36/datanode-0/data/ratis/7b6774a4-dfa8-469c-9b78-3c260a0191aa/in_use.lock acquired by nodename 21598@pr-hdds-2311-zjr6r-3188632456
2019-10-18 05:09:53,533 [pool-47-thread-1] INFO  storage.RaftStorage (RaftStorage.java:format(84)) - Storage directory /workdir/hadoop-ozone/integration-test/target/test-dir/MiniOzoneClusterImpl-e8489dd8-f004-4b8d-ba6f-64c0d641aa36/datanode-2/data/ratis/7b6774a4-dfa8-469c-9b78-3c260a0191aa has been successfully formatted.
2019-10-18 05:09:53,533 [pool-37-thread-1] INFO  storage.RaftStorageDirectory (RaftStorageDirectory.java:tryLock(328)) - Lock on /workdir/hadoop-ozone/integration-test/target/test-dir/MiniOzoneClusterImpl-e8489dd8-f004-4b8d-ba6f-64c0d641aa36/datanode-1/data/ratis/7b6774a4-dfa8-469c-9b78-3c260a0191aa/in_use.lock acquired by nodename 21598@pr-hdds-2311-zjr6r-3188632456
2019-10-18 05:09:53,533 [pool-47-thread-1] INFO  ratis.ContainerStateMachine (ContainerStateMachine.java:loadSnapshot(231)) - group-3C260A0191AA: The snapshot info is null. Setting the last applied indexto:(t:0, i:~)
2019-10-18 05:09:53,534 [pool-47-thread-1] INFO  server.RaftServerConfigKeys (ConfUtils.java:logGet(43)) - raft.server.notification.no-leader.timeout = 1000s (custom)
2019-10-18 05:09:53,534 [pool-47-thread-1] INFO  server.RaftServerConfigKeys (ConfUtils.java:logGet(43)) - raft.server.log.use.memory = false (default)
2019-10-18 05:09:53,534 [pool-47-thread-1] INFO  server.RaftServerConfigKeys (ConfUtils.java:logGet(43)) - raft.server.log.purge.gap = 1000000 (custom)
2019-10-18 05:09:53,534 [pool-47-thread-1] INFO  server.RaftServerConfigKeys (ConfUtils.java:logGet(43)) - raft.server.log.appender.buffer.byte-limit = 33554432 (custom)
2019-10-18 05:09:53,534 [pool-47-thread-1] INFO  server.RaftServerConfigKeys (ConfUtils.java:logGet(43)) - raft.server.log.segment.size.max = 1048576 (custom)
2019-10-18 05:09:53,534 [pool-47-thread-1] INFO  server.RaftServerConfigKeys (ConfUtils.java:logGet(43)) - raft.server.log.segment.cache.num.max = 2 (custom)
2019-10-18 05:09:53,535 [pool-47-thread-1] INFO  segmented.SegmentedRaftLogWorker (SegmentedRaftLogWorker.java:<init>(173)) - new 56eab7d4-40e2-4b28-9c72-53449258b8a2@group-3C260A0191AA-SegmentedRaftLogWorker for RaftStorage:Storage Directory /workdir/hadoop-ozone/integration-test/target/test-dir/MiniOzoneClusterImpl-e8489dd8-f004-4b8d-ba6f-64c0d641aa36/datanode-2/data/ratis/7b6774a4-dfa8-469c-9b78-3c260a0191aa
2019-10-18 05:09:53,535 [pool-47-thread-1] INFO  server.RaftServerConfigKeys (ConfUtils.java:logGet(43)) - raft.server.log.queue.byte-limit = 2147483647 (custom)
2019-10-18 05:09:53,535 [pool-47-thread-1] INFO  server.RaftServerConfigKeys (ConfUtils.java:logGet(43)) - raft.server.log.queue.element-limit = 1024 (custom)
2019-10-18 05:09:53,535 [pool-47-thread-1] INFO  server.RaftServerConfigKeys (ConfUtils.java:logGet(43)) - raft.server.log.segment.size.max = 1048576 (custom)
2019-10-18 05:09:53,535 [pool-47-thread-1] INFO  server.RaftServerConfigKeys (ConfUtils.java:logGet(43)) - raft.server.log.preallocated.size = 16384 (custom)
2019-10-18 05:09:53,535 [pool-47-thread-1] INFO  server.RaftServerConfigKeys (ConfUtils.java:logGet(43)) - raft.server.log.write.buffer.size = 33554432 (custom)
2019-10-18 05:09:53,535 [pool-47-thread-1] INFO  server.RaftServerConfigKeys (ConfUtils.java:logGet(43)) - raft.server.log.force.sync.num = 128 (default)
2019-10-18 05:09:53,535 [pool-47-thread-1] INFO  server.RaftServerConfigKeys (ConfUtils.java:logGet(43)) - raft.server.log.statemachine.data.sync = true (default)
2019-10-18 05:09:53,535 [pool-47-thread-1] INFO  server.RaftServerConfigKeys (ConfUtils.java:logGet(43)) - raft.server.log.statemachine.data.sync.timeout = 10s (default)
2019-10-18 05:09:53,536 [pool-47-thread-1] INFO  server.RaftServerConfigKeys (ConfUtils.java:logGet(43)) - raft.server.log.statemachine.data.sync.timeout.retry = -1 (default)
2019-10-18 05:09:53,536 [pool-47-thread-1] INFO  server.RaftServerConfigKeys (ConfUtils.java:logGet(43)) - raft.server.log.statemachine.data.caching.enabled = true (custom)
2019-10-18 05:09:53,536 [pool-47-thread-1] INFO  segmented.SegmentedRaftLogWorker (SegmentedRaftLogWorker.java:lambda$new$0(128)) - 56eab7d4-40e2-4b28-9c72-53449258b8a2@group-3C260A0191AA-SegmentedRaftLogWorker: flushIndex: setUnconditionally 0 -> -1
2019-10-18 05:09:53,536 [pool-47-thread-1] INFO  server.RaftServerConfigKeys (ConfUtils.java:logGet(43)) - raft.server.snapshot.auto.trigger.enabled = true (custom)
2019-10-18 05:09:53,536 [pool-47-thread-1] INFO  server.RaftServerConfigKeys (ConfUtils.java:logGet(43)) - raft.server.snapshot.auto.trigger.threshold = 10000 (custom)
2019-10-18 05:09:53,537 [pool-47-thread-1] INFO  server.RaftServerConfigKeys (ConfUtils.java:logGet(43)) - raft.server.snapshot.retention.file.num = 5 (custom)
2019-10-18 05:09:53,537 [pool-47-thread-1] INFO  server.RaftServerConfigKeys (ConfUtils.java:logGet(43)) - raft.server.retrycache.expirytime = 600000ms (custom)
2019-10-18 05:09:53,539 [pool-47-thread-1] INFO  impl.RaftServerImpl (RaftServerImpl.java:start(195)) - 56eab7d4-40e2-4b28-9c72-53449258b8a2@group-3C260A0191AA: start as a follower, conf=-1: [e63c905b-6e24-4a59-beee-02f8929d0b77:192.168.69.125:42235, 56eab7d4-40e2-4b28-9c72-53449258b8a2:192.168.69.125:37820, 06992730-799e-49b1-b4b4-a9e995f4f1fe:192.168.69.125:34681], old=null
2019-10-18 05:09:53,539 [pool-47-thread-1] INFO  impl.RaftServerImpl (RaftServerImpl.java:setRole(184)) - 56eab7d4-40e2-4b28-9c72-53449258b8a2@group-3C260A0191AA: changes role from      null to FOLLOWER at term 0 for startAsFollower
2019-10-18 05:09:53,539 [pool-47-thread-1] INFO  impl.RoleInfo (RoleInfo.java:updateAndGet(143)) - 56eab7d4-40e2-4b28-9c72-53449258b8a2: start FollowerState
2019-10-18 05:09:53,540 [pool-47-thread-1] INFO  util.JmxRegister (JmxRegister.java:tryRegister(44)) - Successfully registered JMX Bean with object name Ratis:service=RaftServer,group=group-3C260A0191AA,id=56eab7d4-40e2-4b28-9c72-53449258b8a2
2019-10-18 05:09:53,547 [pool-37-thread-1] INFO  storage.RaftStorage (RaftStorage.java:format(84)) - Storage directory /workdir/hadoop-ozone/integration-test/target/test-dir/MiniOzoneClusterImpl-e8489dd8-f004-4b8d-ba6f-64c0d641aa36/datanode-1/data/ratis/7b6774a4-dfa8-469c-9b78-3c260a0191aa has been successfully formatted.
2019-10-18 05:09:53,547 [pool-27-thread-1] INFO  storage.RaftStorage (RaftStorage.java:format(84)) - Storage directory /workdir/hadoop-ozone/integration-test/target/test-dir/MiniOzoneClusterImpl-e8489dd8-f004-4b8d-ba6f-64c0d641aa36/datanode-0/data/ratis/7b6774a4-dfa8-469c-9b78-3c260a0191aa has been successfully formatted.
2019-10-18 05:09:53,548 [pool-37-thread-1] INFO  ratis.ContainerStateMachine (ContainerStateMachine.java:loadSnapshot(231)) - group-3C260A0191AA: The snapshot info is null. Setting the last applied indexto:(t:0, i:~)
2019-10-18 05:09:53,548 [pool-27-thread-1] INFO  ratis.ContainerStateMachine (ContainerStateMachine.java:loadSnapshot(231)) - group-3C260A0191AA: The snapshot info is null. Setting the last applied indexto:(t:0, i:~)
2019-10-18 05:09:53,548 [pool-37-thread-1] INFO  server.RaftServerConfigKeys (ConfUtils.java:logGet(43)) - raft.server.notification.no-leader.timeout = 1000s (custom)
2019-10-18 05:09:53,548 [pool-27-thread-1] INFO  server.RaftServerConfigKeys (ConfUtils.java:logGet(43)) - raft.server.notification.no-leader.timeout = 1000s (custom)
2019-10-18 05:09:53,549 [pool-37-thread-1] INFO  server.RaftServerConfigKeys (ConfUtils.java:logGet(43)) - raft.server.log.use.memory = false (default)
2019-10-18 05:09:53,549 [pool-27-thread-1] INFO  server.RaftServerConfigKeys (ConfUtils.java:logGet(43)) - raft.server.log.use.memory = false (default)
2019-10-18 05:09:53,549 [pool-37-thread-1] INFO  server.RaftServerConfigKeys (ConfUtils.java:logGet(43)) - raft.server.log.purge.gap = 1000000 (custom)
2019-10-18 05:09:53,549 [pool-27-thread-1] INFO  server.RaftServerConfigKeys (ConfUtils.java:logGet(43)) - raft.server.log.purge.gap = 1000000 (custom)
2019-10-18 05:09:53,549 [pool-37-thread-1] INFO  server.RaftServerConfigKeys (ConfUtils.java:logGet(43)) - raft.server.log.appender.buffer.byte-limit = 33554432 (custom)
2019-10-18 05:09:53,549 [pool-27-thread-1] INFO  server.RaftServerConfigKeys (ConfUtils.java:logGet(43)) - raft.server.log.appender.buffer.byte-limit = 33554432 (custom)
2019-10-18 05:09:53,549 [pool-37-thread-1] INFO  server.RaftServerConfigKeys (ConfUtils.java:logGet(43)) - raft.server.log.segment.size.max = 1048576 (custom)
2019-10-18 05:09:53,549 [pool-27-thread-1] INFO  server.RaftServerConfigKeys (ConfUtils.java:logGet(43)) - raft.server.log.segment.size.max = 1048576 (custom)
2019-10-18 05:09:53,549 [pool-37-thread-1] INFO  server.RaftServerConfigKeys (ConfUtils.java:logGet(43)) - raft.server.log.segment.cache.num.max = 2 (custom)
2019-10-18 05:09:53,550 [pool-27-thread-1] INFO  server.RaftServerConfigKeys (ConfUtils.java:logGet(43)) - raft.server.log.segment.cache.num.max = 2 (custom)
2019-10-18 05:09:53,550 [pool-37-thread-1] INFO  segmented.SegmentedRaftLogWorker (SegmentedRaftLogWorker.java:<init>(173)) - new e63c905b-6e24-4a59-beee-02f8929d0b77@group-3C260A0191AA-SegmentedRaftLogWorker for RaftStorage:Storage Directory /workdir/hadoop-ozone/integration-test/target/test-dir/MiniOzoneClusterImpl-e8489dd8-f004-4b8d-ba6f-64c0d641aa36/datanode-1/data/ratis/7b6774a4-dfa8-469c-9b78-3c260a0191aa
2019-10-18 05:09:53,550 [pool-27-thread-1] INFO  segmented.SegmentedRaftLogWorker (SegmentedRaftLogWorker.java:<init>(173)) - new 06992730-799e-49b1-b4b4-a9e995f4f1fe@group-3C260A0191AA-SegmentedRaftLogWorker for RaftStorage:Storage Directory /workdir/hadoop-ozone/integration-test/target/test-dir/MiniOzoneClusterImpl-e8489dd8-f004-4b8d-ba6f-64c0d641aa36/datanode-0/data/ratis/7b6774a4-dfa8-469c-9b78-3c260a0191aa
2019-10-18 05:09:53,550 [pool-37-thread-1] INFO  server.RaftServerConfigKeys (ConfUtils.java:logGet(43)) - raft.server.log.queue.byte-limit = 2147483647 (custom)
2019-10-18 05:09:53,550 [pool-27-thread-1] INFO  server.RaftServerConfigKeys (ConfUtils.java:logGet(43)) - raft.server.log.queue.byte-limit = 2147483647 (custom)
2019-10-18 05:09:53,550 [pool-37-thread-1] INFO  server.RaftServerConfigKeys (ConfUtils.java:logGet(43)) - raft.server.log.queue.element-limit = 1024 (custom)
2019-10-18 05:09:53,550 [pool-27-thread-1] INFO  server.RaftServerConfigKeys (ConfUtils.java:logGet(43)) - raft.server.log.queue.element-limit = 1024 (custom)
2019-10-18 05:09:53,550 [pool-37-thread-1] INFO  server.RaftServerConfigKeys (ConfUtils.java:logGet(43)) - raft.server.log.segment.size.max = 1048576 (custom)
2019-10-18 05:09:53,550 [pool-27-thread-1] INFO  server.RaftServerConfigKeys (ConfUtils.java:logGet(43)) - raft.server.log.segment.size.max = 1048576 (custom)
2019-10-18 05:09:53,550 [pool-37-thread-1] INFO  server.RaftServerConfigKeys (ConfUtils.java:logGet(43)) - raft.server.log.preallocated.size = 16384 (custom)
2019-10-18 05:09:53,550 [pool-27-thread-1] INFO  server.RaftServerConfigKeys (ConfUtils.java:logGet(43)) - raft.server.log.preallocated.size = 16384 (custom)
2019-10-18 05:09:53,551 [pool-37-thread-1] INFO  server.RaftServerConfigKeys (ConfUtils.java:logGet(43)) - raft.server.log.write.buffer.size = 33554432 (custom)
2019-10-18 05:09:53,551 [pool-27-thread-1] INFO  server.RaftServerConfigKeys (ConfUtils.java:logGet(43)) - raft.server.log.write.buffer.size = 33554432 (custom)
2019-10-18 05:09:53,551 [pool-37-thread-1] INFO  server.RaftServerConfigKeys (ConfUtils.java:logGet(43)) - raft.server.log.force.sync.num = 128 (default)
2019-10-18 05:09:53,551 [pool-27-thread-1] INFO  server.RaftServerConfigKeys (ConfUtils.java:logGet(43)) - raft.server.log.force.sync.num = 128 (default)
2019-10-18 05:09:53,551 [pool-37-thread-1] INFO  server.RaftServerConfigKeys (ConfUtils.java:logGet(43)) - raft.server.log.statemachine.data.sync = true (default)
2019-10-18 05:09:53,551 [pool-27-thread-1] INFO  server.RaftServerConfigKeys (ConfUtils.java:logGet(43)) - raft.server.log.statemachine.data.sync = true (default)
2019-10-18 05:09:53,551 [pool-37-thread-1] INFO  server.RaftServerConfigKeys (ConfUtils.java:logGet(43)) - raft.server.log.statemachine.data.sync.timeout = 10s (default)
2019-10-18 05:09:53,551 [pool-27-thread-1] INFO  server.RaftServerConfigKeys (ConfUtils.java:logGet(43)) - raft.server.log.statemachine.data.sync.timeout = 10s (default)
2019-10-18 05:09:53,551 [pool-37-thread-1] INFO  server.RaftServerConfigKeys (ConfUtils.java:logGet(43)) - raft.server.log.statemachine.data.sync.timeout.retry = -1 (default)
2019-10-18 05:09:53,551 [pool-27-thread-1] INFO  server.RaftServerConfigKeys (ConfUtils.java:logGet(43)) - raft.server.log.statemachine.data.sync.timeout.retry = -1 (default)
2019-10-18 05:09:53,552 [pool-37-thread-1] INFO  server.RaftServerConfigKeys (ConfUtils.java:logGet(43)) - raft.server.log.statemachine.data.caching.enabled = true (custom)
2019-10-18 05:09:53,552 [pool-27-thread-1] INFO  server.RaftServerConfigKeys (ConfUtils.java:logGet(43)) - raft.server.log.statemachine.data.caching.enabled = true (custom)
2019-10-18 05:09:53,552 [pool-37-thread-1] INFO  segmented.SegmentedRaftLogWorker (SegmentedRaftLogWorker.java:lambda$new$0(128)) - e63c905b-6e24-4a59-beee-02f8929d0b77@group-3C260A0191AA-SegmentedRaftLogWorker: flushIndex: setUnconditionally 0 -> -1
2019-10-18 05:09:53,552 [pool-27-thread-1] INFO  segmented.SegmentedRaftLogWorker (SegmentedRaftLogWorker.java:lambda$new$0(128)) - 06992730-799e-49b1-b4b4-a9e995f4f1fe@group-3C260A0191AA-SegmentedRaftLogWorker: flushIndex: setUnconditionally 0 -> -1
2019-10-18 05:09:53,552 [pool-37-thread-1] INFO  server.RaftServerConfigKeys (ConfUtils.java:logGet(43)) - raft.server.snapshot.auto.trigger.enabled = true (custom)
2019-10-18 05:09:53,552 [pool-27-thread-1] INFO  server.RaftServerConfigKeys (ConfUtils.java:logGet(43)) - raft.server.snapshot.auto.trigger.enabled = true (custom)
2019-10-18 05:09:53,552 [pool-37-thread-1] INFO  server.RaftServerConfigKeys (ConfUtils.java:logGet(43)) - raft.server.snapshot.auto.trigger.threshold = 10000 (custom)
2019-10-18 05:09:53,552 [pool-27-thread-1] INFO  server.RaftServerConfigKeys (ConfUtils.java:logGet(43)) - raft.server.snapshot.auto.trigger.threshold = 10000 (custom)
2019-10-18 05:09:53,553 [pool-37-thread-1] INFO  server.RaftServerConfigKeys (ConfUtils.java:logGet(43)) - raft.server.snapshot.retention.file.num = 5 (custom)
2019-10-18 05:09:53,553 [pool-27-thread-1] INFO  server.RaftServerConfigKeys (ConfUtils.java:logGet(43)) - raft.server.snapshot.retention.file.num = 5 (custom)
2019-10-18 05:09:53,553 [pool-37-thread-1] INFO  server.RaftServerConfigKeys (ConfUtils.java:logGet(43)) - raft.server.retrycache.expirytime = 600000ms (custom)
2019-10-18 05:09:53,553 [pool-27-thread-1] INFO  server.RaftServerConfigKeys (ConfUtils.java:logGet(43)) - raft.server.retrycache.expirytime = 600000ms (custom)
2019-10-18 05:09:53,556 [pool-37-thread-1] INFO  impl.RaftServerImpl (RaftServerImpl.java:start(195)) - e63c905b-6e24-4a59-beee-02f8929d0b77@group-3C260A0191AA: start as a follower, conf=-1: [e63c905b-6e24-4a59-beee-02f8929d0b77:192.168.69.125:42235, 56eab7d4-40e2-4b28-9c72-53449258b8a2:192.168.69.125:37820, 06992730-799e-49b1-b4b4-a9e995f4f1fe:192.168.69.125:34681], old=null
2019-10-18 05:09:53,557 [pool-37-thread-1] INFO  impl.RaftServerImpl (RaftServerImpl.java:setRole(184)) - e63c905b-6e24-4a59-beee-02f8929d0b77@group-3C260A0191AA: changes role from      null to FOLLOWER at term 0 for startAsFollower
2019-10-18 05:09:53,557 [pool-27-thread-1] INFO  impl.RaftServerImpl (RaftServerImpl.java:start(195)) - 06992730-799e-49b1-b4b4-a9e995f4f1fe@group-3C260A0191AA: start as a follower, conf=-1: [e63c905b-6e24-4a59-beee-02f8929d0b77:192.168.69.125:42235, 56eab7d4-40e2-4b28-9c72-53449258b8a2:192.168.69.125:37820, 06992730-799e-49b1-b4b4-a9e995f4f1fe:192.168.69.125:34681], old=null
2019-10-18 05:09:53,557 [pool-37-thread-1] INFO  impl.RoleInfo (RoleInfo.java:updateAndGet(143)) - e63c905b-6e24-4a59-beee-02f8929d0b77: start FollowerState
2019-10-18 05:09:53,557 [pool-27-thread-1] INFO  impl.RaftServerImpl (RaftServerImpl.java:setRole(184)) - 06992730-799e-49b1-b4b4-a9e995f4f1fe@group-3C260A0191AA: changes role from      null to FOLLOWER at term 0 for startAsFollower
2019-10-18 05:09:53,557 [pool-27-thread-1] INFO  impl.RoleInfo (RoleInfo.java:updateAndGet(143)) - 06992730-799e-49b1-b4b4-a9e995f4f1fe: start FollowerState
2019-10-18 05:09:53,557 [pool-37-thread-1] INFO  util.JmxRegister (JmxRegister.java:tryRegister(44)) - Successfully registered JMX Bean with object name Ratis:service=RaftServer,group=group-3C260A0191AA,id=e63c905b-6e24-4a59-beee-02f8929d0b77
2019-10-18 05:09:53,557 [pool-27-thread-1] INFO  util.JmxRegister (JmxRegister.java:tryRegister(44)) - Successfully registered JMX Bean with object name Ratis:service=RaftServer,group=group-3C260A0191AA,id=06992730-799e-49b1-b4b4-a9e995f4f1fe
2019-10-18 05:09:53,572 [RatisPipelineUtilsThread] INFO  pipeline.PipelineStateManager (PipelineStateManager.java:addPipeline(56)) - Created pipeline Pipeline[ Id: 7b6774a4-dfa8-469c-9b78-3c260a0191aa, Nodes: 06992730-799e-49b1-b4b4-a9e995f4f1fe{ip: 192.168.69.125, host: pr-hdds-2311-zjr6r-3188632456, networkLocation: /default-rack, certSerialId: null}e63c905b-6e24-4a59-beee-02f8929d0b77{ip: 192.168.69.125, host: pr-hdds-2311-zjr6r-3188632456, networkLocation: /default-rack, certSerialId: null}56eab7d4-40e2-4b28-9c72-53449258b8a2{ip: 192.168.69.125, host: pr-hdds-2311-zjr6r-3188632456, networkLocation: /default-rack, certSerialId: null}, Type:RATIS, Factor:THREE, State:OPEN]
2019-10-18 05:09:53,573 [Thread-194] INFO  impl.FollowerState (FollowerState.java:run(108)) - 56eab7d4-40e2-4b28-9c72-53449258b8a2@group-7DC0B237361C-FollowerState: change to CANDIDATE, lastRpcTime:114ms, electionTimeout:114ms
2019-10-18 05:09:53,573 [Thread-194] INFO  impl.RoleInfo (RoleInfo.java:shutdownFollowerState(121)) - 56eab7d4-40e2-4b28-9c72-53449258b8a2: shutdown FollowerState
2019-10-18 05:09:53,573 [Thread-194] INFO  impl.RaftServerImpl (RaftServerImpl.java:setRole(184)) - 56eab7d4-40e2-4b28-9c72-53449258b8a2@group-7DC0B237361C: changes role from  FOLLOWER to CANDIDATE at term 0 for changeToCandidate
2019-10-18 05:09:53,574 [Thread-194] INFO  impl.RoleInfo (RoleInfo.java:updateAndGet(143)) - 56eab7d4-40e2-4b28-9c72-53449258b8a2: start LeaderElection
2019-10-18 05:09:53,581 [Thread-191] INFO  impl.FollowerState (FollowerState.java:run(108)) - e63c905b-6e24-4a59-beee-02f8929d0b77@group-64230BDB208F-FollowerState: change to CANDIDATE, lastRpcTime:194ms, electionTimeout:192ms
2019-10-18 05:09:53,582 [Thread-191] INFO  impl.RoleInfo (RoleInfo.java:shutdownFollowerState(121)) - e63c905b-6e24-4a59-beee-02f8929d0b77: shutdown FollowerState
2019-10-18 05:09:53,582 [Thread-191] INFO  impl.RaftServerImpl (RaftServerImpl.java:setRole(184)) - e63c905b-6e24-4a59-beee-02f8929d0b77@group-64230BDB208F: changes role from  FOLLOWER to CANDIDATE at term 0 for changeToCandidate
2019-10-18 05:09:53,582 [Thread-191] INFO  impl.RoleInfo (RoleInfo.java:updateAndGet(143)) - e63c905b-6e24-4a59-beee-02f8929d0b77: start LeaderElection
2019-10-18 05:09:53,589 [e63c905b-6e24-4a59-beee-02f8929d0b77@group-64230BDB208F-LeaderElection3] INFO  impl.LeaderElection (LeaderElection.java:askForVotes(178)) - e63c905b-6e24-4a59-beee-02f8929d0b77@group-64230BDB208F-LeaderElection3: begin an election at term 1 for -1: [e63c905b-6e24-4a59-beee-02f8929d0b77:192.168.69.125:42235], old=null
2019-10-18 05:09:53,589 [56eab7d4-40e2-4b28-9c72-53449258b8a2@group-7DC0B237361C-LeaderElection2] INFO  impl.LeaderElection (LeaderElection.java:askForVotes(178)) - 56eab7d4-40e2-4b28-9c72-53449258b8a2@group-7DC0B237361C-LeaderElection2: begin an election at term 1 for -1: [56eab7d4-40e2-4b28-9c72-53449258b8a2:192.168.69.125:37820], old=null
2019-10-18 05:09:53,589 [e63c905b-6e24-4a59-beee-02f8929d0b77@group-64230BDB208F-LeaderElection3] INFO  impl.RoleInfo (RoleInfo.java:shutdownLeaderElection(134)) - e63c905b-6e24-4a59-beee-02f8929d0b77: shutdown LeaderElection
2019-10-18 05:09:53,589 [56eab7d4-40e2-4b28-9c72-53449258b8a2@group-7DC0B237361C-LeaderElection2] INFO  impl.RoleInfo (RoleInfo.java:shutdownLeaderElection(134)) - 56eab7d4-40e2-4b28-9c72-53449258b8a2: shutdown LeaderElection
2019-10-18 05:09:53,589 [e63c905b-6e24-4a59-beee-02f8929d0b77@group-64230BDB208F-LeaderElection3] INFO  impl.RaftServerImpl (RaftServerImpl.java:setRole(184)) - e63c905b-6e24-4a59-beee-02f8929d0b77@group-64230BDB208F: changes role from CANDIDATE to LEADER at term 1 for changeToLeader
2019-10-18 05:09:53,590 [56eab7d4-40e2-4b28-9c72-53449258b8a2@group-7DC0B237361C-LeaderElection2] INFO  impl.RaftServerImpl (RaftServerImpl.java:setRole(184)) - 56eab7d4-40e2-4b28-9c72-53449258b8a2@group-7DC0B237361C: changes role from CANDIDATE to LEADER at term 1 for changeToLeader
2019-10-18 05:09:53,590 [e63c905b-6e24-4a59-beee-02f8929d0b77@group-64230BDB208F-LeaderElection3] INFO  impl.RaftServerImpl (ServerState.java:setLeader(256)) - e63c905b-6e24-4a59-beee-02f8929d0b77@group-64230BDB208F: change Leader from null to e63c905b-6e24-4a59-beee-02f8929d0b77 at term 1 for becomeLeader, leader elected after 239ms
2019-10-18 05:09:53,590 [56eab7d4-40e2-4b28-9c72-53449258b8a2@group-7DC0B237361C-LeaderElection2] INFO  impl.RaftServerImpl (ServerState.java:setLeader(256)) - 56eab7d4-40e2-4b28-9c72-53449258b8a2@group-7DC0B237361C: change Leader from null to 56eab7d4-40e2-4b28-9c72-53449258b8a2 at term 1 for becomeLeader, leader elected after 142ms
2019-10-18 05:09:53,590 [e63c905b-6e24-4a59-beee-02f8929d0b77@group-64230BDB208F-LeaderElection3] INFO  server.RaftServerConfigKeys (ConfUtils.java:logGet(43)) - raft.server.staging.catchup.gap = 1000 (default)
2019-10-18 05:09:53,590 [56eab7d4-40e2-4b28-9c72-53449258b8a2@group-7DC0B237361C-LeaderElection2] INFO  server.RaftServerConfigKeys (ConfUtils.java:logGet(43)) - raft.server.staging.catchup.gap = 1000 (default)
2019-10-18 05:09:53,590 [e63c905b-6e24-4a59-beee-02f8929d0b77@group-64230BDB208F-LeaderElection3] INFO  server.RaftServerConfigKeys (ConfUtils.java:logGet(43)) - raft.server.rpc.sleep.time = 25ms (default)
2019-10-18 05:09:53,590 [56eab7d4-40e2-4b28-9c72-53449258b8a2@group-7DC0B237361C-LeaderElection2] INFO  server.RaftServerConfigKeys (ConfUtils.java:logGet(43)) - raft.server.rpc.sleep.time = 25ms (default)
2019-10-18 05:09:53,590 [e63c905b-6e24-4a59-beee-02f8929d0b77@group-64230BDB208F-LeaderElection3] INFO  server.RaftServerConfigKeys (ConfUtils.java:logGet(43)) - raft.server.write.element-limit = 4096 (default)
2019-10-18 05:09:53,590 [56eab7d4-40e2-4b28-9c72-53449258b8a2@group-7DC0B237361C-LeaderElection2] INFO  server.RaftServerConfigKeys (ConfUtils.java:logGet(43)) - raft.server.write.element-limit = 4096 (default)
2019-10-18 05:09:53,591 [e63c905b-6e24-4a59-beee-02f8929d0b77@group-64230BDB208F-LeaderElection3] INFO  server.RaftServerConfigKeys (ConfUtils.java:logGet(43)) - raft.server.watch.timeout = 10s (default)
2019-10-18 05:09:53,591 [56eab7d4-40e2-4b28-9c72-53449258b8a2@group-7DC0B237361C-LeaderElection2] INFO  server.RaftServerConfigKeys (ConfUtils.java:logGet(43)) - raft.server.watch.timeout = 10s (default)
2019-10-18 05:09:53,591 [e63c905b-6e24-4a59-beee-02f8929d0b77@group-64230BDB208F-LeaderElection3] INFO  server.RaftServerConfigKeys (ConfUtils.java:logGet(43)) - raft.server.watch.timeout.denomination = 1s (default)
2019-10-18 05:09:53,591 [56eab7d4-40e2-4b28-9c72-53449258b8a2@group-7DC0B237361C-LeaderElection2] INFO  server.RaftServerConfigKeys (ConfUtils.java:logGet(43)) - raft.server.watch.timeout.denomination = 1s (default)
2019-10-18 05:09:53,591 [e63c905b-6e24-4a59-beee-02f8929d0b77@group-64230BDB208F-LeaderElection3] INFO  server.RaftServerConfigKeys (ConfUtils.java:logGet(43)) - raft.server.watch.element-limit = 65536 (default)
2019-10-18 05:09:53,591 [56eab7d4-40e2-4b28-9c72-53449258b8a2@group-7DC0B237361C-LeaderElection2] INFO  server.RaftServerConfigKeys (ConfUtils.java:logGet(43)) - raft.server.watch.element-limit = 65536 (default)
2019-10-18 05:09:53,594 [56eab7d4-40e2-4b28-9c72-53449258b8a2@group-7DC0B237361C-LeaderElection2] INFO  impl.RoleInfo (RoleInfo.java:updateAndGet(143)) - 56eab7d4-40e2-4b28-9c72-53449258b8a2: start LeaderState
2019-10-18 05:09:53,595 [56eab7d4-40e2-4b28-9c72-53449258b8a2@group-7DC0B237361C-LeaderElection2] INFO  segmented.SegmentedRaftLogWorker (SegmentedRaftLogWorker.java:startLogSegment(385)) - 56eab7d4-40e2-4b28-9c72-53449258b8a2@group-7DC0B237361C-SegmentedRaftLogWorker: Starting segment from index:0
2019-10-18 05:09:53,595 [56eab7d4-40e2-4b28-9c72-53449258b8a2@group-7DC0B237361C-LeaderElection2] INFO  impl.RaftServerImpl (ServerState.java:setRaftConf(357)) - 56eab7d4-40e2-4b28-9c72-53449258b8a2@group-7DC0B237361C: set configuration 0: [56eab7d4-40e2-4b28-9c72-53449258b8a2:192.168.69.125:37820], old=null at 0
2019-10-18 05:09:53,595 [e63c905b-6e24-4a59-beee-02f8929d0b77@group-64230BDB208F-LeaderElection3] INFO  impl.RoleInfo (RoleInfo.java:updateAndGet(143)) - e63c905b-6e24-4a59-beee-02f8929d0b77: start LeaderState
2019-10-18 05:09:53,621 [main] INFO  ozone.MiniOzoneClusterImpl (MiniOzoneClusterImpl.java:lambda$waitForClusterToBeReady$0(147)) - Cluster is ready. Got 3 of 3 DN Heartbeats.
2019-10-18 05:09:53,621 [e63c905b-6e24-4a59-beee-02f8929d0b77@group-64230BDB208F-LeaderElection3] INFO  segmented.SegmentedRaftLogWorker (SegmentedRaftLogWorker.java:startLogSegment(385)) - e63c905b-6e24-4a59-beee-02f8929d0b77@group-64230BDB208F-SegmentedRaftLogWorker: Starting segment from index:0
2019-10-18 05:09:53,622 [e63c905b-6e24-4a59-beee-02f8929d0b77@group-64230BDB208F-LeaderElection3] INFO  impl.RaftServerImpl (ServerState.java:setRaftConf(357)) - e63c905b-6e24-4a59-beee-02f8929d0b77@group-64230BDB208F: set configuration 0: [e63c905b-6e24-4a59-beee-02f8929d0b77:192.168.69.125:42235], old=null at 0
2019-10-18 05:09:53,649 [56eab7d4-40e2-4b28-9c72-53449258b8a2@group-7DC0B237361C-SegmentedRaftLogWorker] INFO  segmented.SegmentedRaftLogWorker (SegmentedRaftLogWorker.java:execute(576)) - 56eab7d4-40e2-4b28-9c72-53449258b8a2@group-7DC0B237361C-SegmentedRaftLogWorker: created new log segment /workdir/hadoop-ozone/integration-test/target/test-dir/MiniOzoneClusterImpl-e8489dd8-f004-4b8d-ba6f-64c0d641aa36/datanode-2/data/ratis/ddb1b4d2-b4fd-4588-b33e-7dc0b237361c/current/log_inprogress_0
2019-10-18 05:09:53,674 [e63c905b-6e24-4a59-beee-02f8929d0b77@group-64230BDB208F-SegmentedRaftLogWorker] INFO  segmented.SegmentedRaftLogWorker (SegmentedRaftLogWorker.java:execute(576)) - e63c905b-6e24-4a59-beee-02f8929d0b77@group-64230BDB208F-SegmentedRaftLogWorker: created new log segment /workdir/hadoop-ozone/integration-test/target/test-dir/MiniOzoneClusterImpl-e8489dd8-f004-4b8d-ba6f-64c0d641aa36/datanode-1/data/ratis/f9b4d154-f8f2-4a91-95f7-64230bdb208f/current/log_inprogress_0
2019-10-18 05:09:53,731 [Thread-201] INFO  impl.FollowerState (FollowerState.java:run(108)) - e63c905b-6e24-4a59-beee-02f8929d0b77@group-3C260A0191AA-FollowerState: change to CANDIDATE, lastRpcTime:174ms, electionTimeout:174ms
2019-10-18 05:09:53,732 [Thread-201] INFO  impl.RoleInfo (RoleInfo.java:shutdownFollowerState(121)) - e63c905b-6e24-4a59-beee-02f8929d0b77: shutdown FollowerState
2019-10-18 05:09:53,732 [Thread-201] INFO  impl.RaftServerImpl (RaftServerImpl.java:setRole(184)) - e63c905b-6e24-4a59-beee-02f8929d0b77@group-3C260A0191AA: changes role from  FOLLOWER to CANDIDATE at term 0 for changeToCandidate
2019-10-18 05:09:53,732 [Thread-201] INFO  impl.RoleInfo (RoleInfo.java:updateAndGet(143)) - e63c905b-6e24-4a59-beee-02f8929d0b77: start LeaderElection
2019-10-18 05:09:53,735 [Thread-197] INFO  impl.FollowerState (FollowerState.java:run(108)) - 56eab7d4-40e2-4b28-9c72-53449258b8a2@group-3C260A0191AA-FollowerState: change to CANDIDATE, lastRpcTime:195ms, electionTimeout:195ms
2019-10-18 05:09:53,735 [Thread-197] INFO  impl.RoleInfo (RoleInfo.java:shutdownFollowerState(121)) - 56eab7d4-40e2-4b28-9c72-53449258b8a2: shutdown FollowerState
2019-10-18 05:09:53,735 [Thread-197] INFO  impl.RaftServerImpl (RaftServerImpl.java:setRole(184)) - 56eab7d4-40e2-4b28-9c72-53449258b8a2@group-3C260A0191AA: changes role from  FOLLOWER to CANDIDATE at term 0 for changeToCandidate
2019-10-18 05:09:53,735 [Thread-197] INFO  impl.RoleInfo (RoleInfo.java:updateAndGet(143)) - 56eab7d4-40e2-4b28-9c72-53449258b8a2: start LeaderElection
2019-10-18 05:09:53,735 [Thread-202] INFO  impl.FollowerState (FollowerState.java:run(108)) - 06992730-799e-49b1-b4b4-a9e995f4f1fe@group-3C260A0191AA-FollowerState: change to CANDIDATE, lastRpcTime:178ms, electionTimeout:178ms
2019-10-18 05:09:53,737 [Thread-202] INFO  impl.RoleInfo (RoleInfo.java:shutdownFollowerState(121)) - 06992730-799e-49b1-b4b4-a9e995f4f1fe: shutdown FollowerState
2019-10-18 05:09:53,737 [Thread-202] INFO  impl.RaftServerImpl (RaftServerImpl.java:setRole(184)) - 06992730-799e-49b1-b4b4-a9e995f4f1fe@group-3C260A0191AA: changes role from  FOLLOWER to CANDIDATE at term 0 for changeToCandidate
2019-10-18 05:09:53,737 [Thread-202] INFO  impl.RoleInfo (RoleInfo.java:updateAndGet(143)) - 06992730-799e-49b1-b4b4-a9e995f4f1fe: start LeaderElection
2019-10-18 05:09:53,748 [e63c905b-6e24-4a59-beee-02f8929d0b77@group-3C260A0191AA-LeaderElection4] INFO  impl.LeaderElection (LeaderElection.java:askForVotes(178)) - e63c905b-6e24-4a59-beee-02f8929d0b77@group-3C260A0191AA-LeaderElection4: begin an election at term 1 for -1: [e63c905b-6e24-4a59-beee-02f8929d0b77:192.168.69.125:42235, 56eab7d4-40e2-4b28-9c72-53449258b8a2:192.168.69.125:37820, 06992730-799e-49b1-b4b4-a9e995f4f1fe:192.168.69.125:34681], old=null
2019-10-18 05:09:53,748 [56eab7d4-40e2-4b28-9c72-53449258b8a2@group-3C260A0191AA-LeaderElection5] INFO  impl.LeaderElection (LeaderElection.java:askForVotes(178)) - 56eab7d4-40e2-4b28-9c72-53449258b8a2@group-3C260A0191AA-LeaderElection5: begin an election at term 1 for -1: [e63c905b-6e24-4a59-beee-02f8929d0b77:192.168.69.125:42235, 56eab7d4-40e2-4b28-9c72-53449258b8a2:192.168.69.125:37820, 06992730-799e-49b1-b4b4-a9e995f4f1fe:192.168.69.125:34681], old=null
2019-10-18 05:09:53,748 [06992730-799e-49b1-b4b4-a9e995f4f1fe@group-3C260A0191AA-LeaderElection6] INFO  impl.LeaderElection (LeaderElection.java:askForVotes(178)) - 06992730-799e-49b1-b4b4-a9e995f4f1fe@group-3C260A0191AA-LeaderElection6: begin an election at term 1 for -1: [e63c905b-6e24-4a59-beee-02f8929d0b77:192.168.69.125:42235, 56eab7d4-40e2-4b28-9c72-53449258b8a2:192.168.69.125:37820, 06992730-799e-49b1-b4b4-a9e995f4f1fe:192.168.69.125:34681], old=null
2019-10-18 05:09:53,799 [e63c905b-6e24-4a59-beee-02f8929d0b77@group-3C260A0191AA-LeaderElection4] INFO  impl.LeaderElection (LeaderElection.java:logAndReturn(56)) - e63c905b-6e24-4a59-beee-02f8929d0b77@group-3C260A0191AA-LeaderElection4: Election REJECTED; received 2 response(s) [e63c905b-6e24-4a59-beee-02f8929d0b77<-56eab7d4-40e2-4b28-9c72-53449258b8a2#0:FAIL-t1, e63c905b-6e24-4a59-beee-02f8929d0b77<-06992730-799e-49b1-b4b4-a9e995f4f1fe#0:FAIL-t1] and 0 exception(s); e63c905b-6e24-4a59-beee-02f8929d0b77@group-3C260A0191AA:t1, leader=null, voted=e63c905b-6e24-4a59-beee-02f8929d0b77, raftlog=e63c905b-6e24-4a59-beee-02f8929d0b77@group-3C260A0191AA-SegmentedRaftLog:OPENED:c-1,f-1,i0, conf=-1: [e63c905b-6e24-4a59-beee-02f8929d0b77:192.168.69.125:42235, 56eab7d4-40e2-4b28-9c72-53449258b8a2:192.168.69.125:37820, 06992730-799e-49b1-b4b4-a9e995f4f1fe:192.168.69.125:34681], old=null
2019-10-18 05:09:53,799 [06992730-799e-49b1-b4b4-a9e995f4f1fe@group-3C260A0191AA-LeaderElection6] INFO  impl.LeaderElection (LeaderElection.java:logAndReturn(56)) - 06992730-799e-49b1-b4b4-a9e995f4f1fe@group-3C260A0191AA-LeaderElection6: Election REJECTED; received 2 response(s) [06992730-799e-49b1-b4b4-a9e995f4f1fe<-e63c905b-6e24-4a59-beee-02f8929d0b77#0:FAIL-t1, 06992730-799e-49b1-b4b4-a9e995f4f1fe<-56eab7d4-40e2-4b28-9c72-53449258b8a2#0:FAIL-t1] and 0 exception(s); 06992730-799e-49b1-b4b4-a9e995f4f1fe@group-3C260A0191AA:t1, leader=null, voted=06992730-799e-49b1-b4b4-a9e995f4f1fe, raftlog=06992730-799e-49b1-b4b4-a9e995f4f1fe@group-3C260A0191AA-SegmentedRaftLog:OPENED:c-1,f-1,i0, conf=-1: [e63c905b-6e24-4a59-beee-02f8929d0b77:192.168.69.125:42235, 56eab7d4-40e2-4b28-9c72-53449258b8a2:192.168.69.125:37820, 06992730-799e-49b1-b4b4-a9e995f4f1fe:192.168.69.125:34681], old=null
2019-10-18 05:09:53,803 [e63c905b-6e24-4a59-beee-02f8929d0b77@group-3C260A0191AA-LeaderElection4] INFO  impl.RaftServerImpl (RaftServerImpl.java:setRole(184)) - e63c905b-6e24-4a59-beee-02f8929d0b77@group-3C260A0191AA: changes role from CANDIDATE to FOLLOWER at term 1 for DISCOVERED_A_NEW_TERM
2019-10-18 05:09:53,803 [06992730-799e-49b1-b4b4-a9e995f4f1fe@group-3C260A0191AA-LeaderElection6] INFO  impl.RaftServerImpl (RaftServerImpl.java:setRole(184)) - 06992730-799e-49b1-b4b4-a9e995f4f1fe@group-3C260A0191AA: changes role from CANDIDATE to FOLLOWER at term 1 for DISCOVERED_A_NEW_TERM
2019-10-18 05:09:53,804 [e63c905b-6e24-4a59-beee-02f8929d0b77@group-3C260A0191AA-LeaderElection4] INFO  impl.RoleInfo (RoleInfo.java:shutdownLeaderElection(134)) - e63c905b-6e24-4a59-beee-02f8929d0b77: shutdown LeaderElection
2019-10-18 05:09:53,804 [06992730-799e-49b1-b4b4-a9e995f4f1fe@group-3C260A0191AA-LeaderElection6] INFO  impl.RoleInfo (RoleInfo.java:shutdownLeaderElection(134)) - 06992730-799e-49b1-b4b4-a9e995f4f1fe: shutdown LeaderElection
2019-10-18 05:09:53,805 [e63c905b-6e24-4a59-beee-02f8929d0b77@group-3C260A0191AA-LeaderElection4] INFO  impl.RoleInfo (RoleInfo.java:updateAndGet(143)) - e63c905b-6e24-4a59-beee-02f8929d0b77: start FollowerState
2019-10-18 05:09:53,805 [06992730-799e-49b1-b4b4-a9e995f4f1fe@group-3C260A0191AA-LeaderElection6] INFO  impl.RoleInfo (RoleInfo.java:updateAndGet(143)) - 06992730-799e-49b1-b4b4-a9e995f4f1fe: start FollowerState
2019-10-18 05:09:53,805 [56eab7d4-40e2-4b28-9c72-53449258b8a2@group-3C260A0191AA-LeaderElection5] INFO  impl.LeaderElection (LeaderElection.java:logAndReturn(56)) - 56eab7d4-40e2-4b28-9c72-53449258b8a2@group-3C260A0191AA-LeaderElection5: Election REJECTED; received 2 response(s) [56eab7d4-40e2-4b28-9c72-53449258b8a2<-e63c905b-6e24-4a59-beee-02f8929d0b77#0:FAIL-t1, 56eab7d4-40e2-4b28-9c72-53449258b8a2<-06992730-799e-49b1-b4b4-a9e995f4f1fe#0:FAIL-t1] and 0 exception(s); 56eab7d4-40e2-4b28-9c72-53449258b8a2@group-3C260A0191AA:t1, leader=null, voted=56eab7d4-40e2-4b28-9c72-53449258b8a2, raftlog=56eab7d4-40e2-4b28-9c72-53449258b8a2@group-3C260A0191AA-SegmentedRaftLog:OPENED:c-1,f-1,i0, conf=-1: [e63c905b-6e24-4a59-beee-02f8929d0b77:192.168.69.125:42235, 56eab7d4-40e2-4b28-9c72-53449258b8a2:192.168.69.125:37820, 06992730-799e-49b1-b4b4-a9e995f4f1fe:192.168.69.125:34681], old=null
2019-10-18 05:09:53,807 [56eab7d4-40e2-4b28-9c72-53449258b8a2@group-3C260A0191AA-LeaderElection5] INFO  impl.RaftServerImpl (RaftServerImpl.java:setRole(184)) - 56eab7d4-40e2-4b28-9c72-53449258b8a2@group-3C260A0191AA: changes role from CANDIDATE to FOLLOWER at term 1 for DISCOVERED_A_NEW_TERM
2019-10-18 05:09:53,807 [56eab7d4-40e2-4b28-9c72-53449258b8a2@group-3C260A0191AA-LeaderElection5] INFO  impl.RoleInfo (RoleInfo.java:shutdownLeaderElection(134)) - 56eab7d4-40e2-4b28-9c72-53449258b8a2: shutdown LeaderElection
2019-10-18 05:09:53,807 [56eab7d4-40e2-4b28-9c72-53449258b8a2@group-3C260A0191AA-LeaderElection5] INFO  impl.RoleInfo (RoleInfo.java:updateAndGet(143)) - 56eab7d4-40e2-4b28-9c72-53449258b8a2: start FollowerState
2019-10-18 05:09:53,886 [Thread-222] INFO  impl.FollowerState (FollowerState.java:run(108)) - 06992730-799e-49b1-b4b4-a9e995f4f1fe@group-3C260A0191AA-FollowerState: change to CANDIDATE, lastRpcTime:81ms, electionTimeout:80ms
2019-10-18 05:09:53,889 [Thread-222] INFO  impl.RoleInfo (RoleInfo.java:shutdownFollowerState(121)) - 06992730-799e-49b1-b4b4-a9e995f4f1fe: shutdown FollowerState
2019-10-18 05:09:53,889 [Thread-222] INFO  impl.RaftServerImpl (RaftServerImpl.java:setRole(184)) - 06992730-799e-49b1-b4b4-a9e995f4f1fe@group-3C260A0191AA: changes role from  FOLLOWER to CANDIDATE at term 1 for changeToCandidate
2019-10-18 05:09:53,889 [Thread-222] INFO  impl.RoleInfo (RoleInfo.java:updateAndGet(143)) - 06992730-799e-49b1-b4b4-a9e995f4f1fe: start LeaderElection
2019-10-18 05:09:53,904 [06992730-799e-49b1-b4b4-a9e995f4f1fe@group-3C260A0191AA-LeaderElection7] INFO  impl.LeaderElection (LeaderElection.java:askForVotes(178)) - 06992730-799e-49b1-b4b4-a9e995f4f1fe@group-3C260A0191AA-LeaderElection7: begin an election at term 2 for -1: [e63c905b-6e24-4a59-beee-02f8929d0b77:192.168.69.125:42235, 56eab7d4-40e2-4b28-9c72-53449258b8a2:192.168.69.125:37820, 06992730-799e-49b1-b4b4-a9e995f4f1fe:192.168.69.125:34681], old=null
2019-10-18 05:09:53,910 [grpc-default-executor-1] INFO  impl.RaftServerImpl (RaftServerImpl.java:setRole(184)) - 56eab7d4-40e2-4b28-9c72-53449258b8a2@group-3C260A0191AA: changes role from  FOLLOWER to FOLLOWER at term 2 for recognizeCandidate:06992730-799e-49b1-b4b4-a9e995f4f1fe
2019-10-18 05:09:53,910 [grpc-default-executor-5] INFO  impl.RaftServerImpl (RaftServerImpl.java:setRole(184)) - e63c905b-6e24-4a59-beee-02f8929d0b77@group-3C260A0191AA: changes role from  FOLLOWER to FOLLOWER at term 2 for recognizeCandidate:06992730-799e-49b1-b4b4-a9e995f4f1fe
2019-10-18 05:09:53,910 [grpc-default-executor-1] INFO  impl.RoleInfo (RoleInfo.java:shutdownFollowerState(121)) - 56eab7d4-40e2-4b28-9c72-53449258b8a2: shutdown FollowerState
2019-10-18 05:09:53,910 [grpc-default-executor-5] INFO  impl.RoleInfo (RoleInfo.java:shutdownFollowerState(121)) - e63c905b-6e24-4a59-beee-02f8929d0b77: shutdown FollowerState
2019-10-18 05:09:53,910 [Thread-223] INFO  impl.FollowerState (FollowerState.java:run(117)) - 56eab7d4-40e2-4b28-9c72-53449258b8a2@group-3C260A0191AA-FollowerState was interrupted: java.lang.InterruptedException: sleep interrupted
2019-10-18 05:09:53,910 [Thread-221] INFO  impl.FollowerState (FollowerState.java:run(117)) - e63c905b-6e24-4a59-beee-02f8929d0b77@group-3C260A0191AA-FollowerState was interrupted: java.lang.InterruptedException: sleep interrupted
2019-10-18 05:09:53,910 [grpc-default-executor-1] INFO  impl.RoleInfo (RoleInfo.java:updateAndGet(143)) - 56eab7d4-40e2-4b28-9c72-53449258b8a2: start FollowerState
2019-10-18 05:09:53,910 [grpc-default-executor-5] INFO  impl.RoleInfo (RoleInfo.java:updateAndGet(143)) - e63c905b-6e24-4a59-beee-02f8929d0b77: start FollowerState
2019-10-18 05:09:53,931 [06992730-799e-49b1-b4b4-a9e995f4f1fe@group-3C260A0191AA-LeaderElection7] INFO  impl.LeaderElection (LeaderElection.java:logAndReturn(56)) - 06992730-799e-49b1-b4b4-a9e995f4f1fe@group-3C260A0191AA-LeaderElection7: Election PASSED; received 1 response(s) [06992730-799e-49b1-b4b4-a9e995f4f1fe<-e63c905b-6e24-4a59-beee-02f8929d0b77#0:OK-t2] and 0 exception(s); 06992730-799e-49b1-b4b4-a9e995f4f1fe@group-3C260A0191AA:t2, leader=null, voted=06992730-799e-49b1-b4b4-a9e995f4f1fe, raftlog=06992730-799e-49b1-b4b4-a9e995f4f1fe@group-3C260A0191AA-SegmentedRaftLog:OPENED:c-1,f-1,i0, conf=-1: [e63c905b-6e24-4a59-beee-02f8929d0b77:192.168.69.125:42235, 56eab7d4-40e2-4b28-9c72-53449258b8a2:192.168.69.125:37820, 06992730-799e-49b1-b4b4-a9e995f4f1fe:192.168.69.125:34681], old=null
2019-10-18 05:09:53,932 [06992730-799e-49b1-b4b4-a9e995f4f1fe@group-3C260A0191AA-LeaderElection7] INFO  impl.RoleInfo (RoleInfo.java:shutdownLeaderElection(134)) - 06992730-799e-49b1-b4b4-a9e995f4f1fe: shutdown LeaderElection
2019-10-18 05:09:53,933 [06992730-799e-49b1-b4b4-a9e995f4f1fe@group-3C260A0191AA-LeaderElection7] INFO  impl.RaftServerImpl (RaftServerImpl.java:setRole(184)) - 06992730-799e-49b1-b4b4-a9e995f4f1fe@group-3C260A0191AA: changes role from CANDIDATE to LEADER at term 2 for changeToLeader
2019-10-18 05:09:53,933 [06992730-799e-49b1-b4b4-a9e995f4f1fe@group-3C260A0191AA-LeaderElection7] INFO  impl.RaftServerImpl (ServerState.java:setLeader(256)) - 06992730-799e-49b1-b4b4-a9e995f4f1fe@group-3C260A0191AA: change Leader from null to 06992730-799e-49b1-b4b4-a9e995f4f1fe at term 2 for becomeLeader, leader elected after 384ms
2019-10-18 05:09:53,933 [06992730-799e-49b1-b4b4-a9e995f4f1fe@group-3C260A0191AA-LeaderElection7] INFO  server.RaftServerConfigKeys (ConfUtils.java:logGet(43)) - raft.server.staging.catchup.gap = 1000 (default)
2019-10-18 05:09:53,934 [06992730-799e-49b1-b4b4-a9e995f4f1fe@group-3C260A0191AA-LeaderElection7] INFO  server.RaftServerConfigKeys (ConfUtils.java:logGet(43)) - raft.server.rpc.sleep.time = 25ms (default)
2019-10-18 05:09:53,935 [06992730-799e-49b1-b4b4-a9e995f4f1fe@group-3C260A0191AA-LeaderElection7] INFO  server.RaftServerConfigKeys (ConfUtils.java:logGet(43)) - raft.server.write.element-limit = 4096 (default)
2019-10-18 05:09:53,935 [06992730-799e-49b1-b4b4-a9e995f4f1fe@group-3C260A0191AA-LeaderElection7] INFO  server.RaftServerConfigKeys (ConfUtils.java:logGet(43)) - raft.server.watch.timeout = 10s (default)
2019-10-18 05:09:53,935 [06992730-799e-49b1-b4b4-a9e995f4f1fe@group-3C260A0191AA-LeaderElection7] INFO  server.RaftServerConfigKeys (ConfUtils.java:logGet(43)) - raft.server.watch.timeout.denomination = 1s (default)
2019-10-18 05:09:53,935 [06992730-799e-49b1-b4b4-a9e995f4f1fe@group-3C260A0191AA-LeaderElection7] INFO  server.RaftServerConfigKeys (ConfUtils.java:logGet(43)) - raft.server.watch.element-limit = 65536 (default)
2019-10-18 05:09:53,941 [06992730-799e-49b1-b4b4-a9e995f4f1fe@group-3C260A0191AA-LeaderElection7] INFO  server.RaftServerConfigKeys (ConfUtils.java:logGet(43)) - raft.server.log.appender.snapshot.chunk.size.max = 16MB (=16777216) (default)
2019-10-18 05:09:53,941 [06992730-799e-49b1-b4b4-a9e995f4f1fe@group-3C260A0191AA-LeaderElection7] INFO  server.RaftServerConfigKeys (ConfUtils.java:logGet(43)) - raft.server.log.appender.buffer.byte-limit = 33554432 (custom)
2019-10-18 05:09:53,941 [06992730-799e-49b1-b4b4-a9e995f4f1fe@group-3C260A0191AA-LeaderElection7] INFO  server.RaftServerConfigKeys (ConfUtils.java:logGet(43)) - raft.server.log.appender.buffer.element-limit = 1 (custom)
2019-10-18 05:09:53,945 [06992730-799e-49b1-b4b4-a9e995f4f1fe@group-3C260A0191AA-LeaderElection7] INFO  grpc.GrpcConfigKeys$Server (ConfUtils.java:logGet(43)) - raft.grpc.server.leader.outstanding.appends.max = 128 (default)
2019-10-18 05:09:53,948 [06992730-799e-49b1-b4b4-a9e995f4f1fe@group-3C260A0191AA-LeaderElection7] INFO  server.RaftServerConfigKeys (ConfUtils.java:logGet(43)) - raft.server.rpc.request.timeout = 3000ms (default)
2019-10-18 05:09:53,948 [06992730-799e-49b1-b4b4-a9e995f4f1fe@group-3C260A0191AA-LeaderElection7] INFO  server.RaftServerConfigKeys (ConfUtils.java:logGet(43)) - raft.server.log.appender.install.snapshot.enabled = false (custom)
2019-10-18 05:09:53,953 [06992730-799e-49b1-b4b4-a9e995f4f1fe@group-3C260A0191AA-LeaderElection7] INFO  server.RaftServerConfigKeys (ConfUtils.java:logGet(43)) - raft.server.log.appender.snapshot.chunk.size.max = 16MB (=16777216) (default)
2019-10-18 05:09:53,953 [06992730-799e-49b1-b4b4-a9e995f4f1fe@group-3C260A0191AA-LeaderElection7] INFO  server.RaftServerConfigKeys (ConfUtils.java:logGet(43)) - raft.server.log.appender.buffer.byte-limit = 33554432 (custom)
2019-10-18 05:09:53,953 [06992730-799e-49b1-b4b4-a9e995f4f1fe@group-3C260A0191AA-LeaderElection7] INFO  server.RaftServerConfigKeys (ConfUtils.java:logGet(43)) - raft.server.log.appender.buffer.element-limit = 1 (custom)
2019-10-18 05:09:53,953 [06992730-799e-49b1-b4b4-a9e995f4f1fe@group-3C260A0191AA-LeaderElection7] INFO  grpc.GrpcConfigKeys$Server (ConfUtils.java:logGet(43)) - raft.grpc.server.leader.outstanding.appends.max = 128 (default)
2019-10-18 05:09:53,953 [06992730-799e-49b1-b4b4-a9e995f4f1fe@group-3C260A0191AA-LeaderElection7] INFO  server.RaftServerConfigKeys (ConfUtils.java:logGet(43)) - raft.server.rpc.request.timeout = 3000ms (default)
2019-10-18 05:09:53,953 [06992730-799e-49b1-b4b4-a9e995f4f1fe@group-3C260A0191AA-LeaderElection7] INFO  server.RaftServerConfigKeys (ConfUtils.java:logGet(43)) - raft.server.log.appender.install.snapshot.enabled = false (custom)
2019-10-18 05:09:53,959 [06992730-799e-49b1-b4b4-a9e995f4f1fe@group-3C260A0191AA-LeaderElection7] INFO  impl.RoleInfo (RoleInfo.java:updateAndGet(143)) - 06992730-799e-49b1-b4b4-a9e995f4f1fe: start LeaderState
2019-10-18 05:09:53,959 [06992730-799e-49b1-b4b4-a9e995f4f1fe@group-3C260A0191AA-LeaderElection7] INFO  segmented.SegmentedRaftLogWorker (SegmentedRaftLogWorker.java:startLogSegment(385)) - 06992730-799e-49b1-b4b4-a9e995f4f1fe@group-3C260A0191AA-SegmentedRaftLogWorker: Starting segment from index:0
2019-10-18 05:09:53,960 [06992730-799e-49b1-b4b4-a9e995f4f1fe@group-3C260A0191AA-LeaderElection7] INFO  impl.RaftServerImpl (ServerState.java:setRaftConf(357)) - 06992730-799e-49b1-b4b4-a9e995f4f1fe@group-3C260A0191AA: set configuration 0: [e63c905b-6e24-4a59-beee-02f8929d0b77:192.168.69.125:42235, 56eab7d4-40e2-4b28-9c72-53449258b8a2:192.168.69.125:37820, 06992730-799e-49b1-b4b4-a9e995f4f1fe:192.168.69.125:34681], old=null at 0
2019-10-18 05:09:53,994 [06992730-799e-49b1-b4b4-a9e995f4f1fe@group-3C260A0191AA-SegmentedRaftLogWorker] INFO  segmented.SegmentedRaftLogWorker (SegmentedRaftLogWorker.java:execute(576)) - 06992730-799e-49b1-b4b4-a9e995f4f1fe@group-3C260A0191AA-SegmentedRaftLogWorker: created new log segment /workdir/hadoop-ozone/integration-test/target/test-dir/MiniOzoneClusterImpl-e8489dd8-f004-4b8d-ba6f-64c0d641aa36/datanode-0/data/ratis/7b6774a4-dfa8-469c-9b78-3c260a0191aa/current/log_inprogress_0
2019-10-18 05:09:54,014 [grpc-default-executor-1] INFO  impl.RaftServerImpl (ServerState.java:setLeader(256)) - 56eab7d4-40e2-4b28-9c72-53449258b8a2@group-3C260A0191AA: change Leader from null to 06992730-799e-49b1-b4b4-a9e995f4f1fe at term 2 for appendEntries, leader elected after 480ms
2019-10-18 05:09:54,014 [grpc-default-executor-5] INFO  impl.RaftServerImpl (ServerState.java:setLeader(256)) - e63c905b-6e24-4a59-beee-02f8929d0b77@group-3C260A0191AA: change Leader from null to 06992730-799e-49b1-b4b4-a9e995f4f1fe at term 2 for appendEntries, leader elected after 466ms
2019-10-18 05:09:54,041 [grpc-default-executor-1] INFO  impl.RaftServerImpl (ServerState.java:setRaftConf(357)) - e63c905b-6e24-4a59-beee-02f8929d0b77@group-3C260A0191AA: set configuration 0: [e63c905b-6e24-4a59-beee-02f8929d0b77:192.168.69.125:42235, 56eab7d4-40e2-4b28-9c72-53449258b8a2:192.168.69.125:37820, 06992730-799e-49b1-b4b4-a9e995f4f1fe:192.168.69.125:34681], old=null at 0
2019-10-18 05:09:54,041 [grpc-default-executor-5] INFO  impl.RaftServerImpl (ServerState.java:setRaftConf(357)) - 56eab7d4-40e2-4b28-9c72-53449258b8a2@group-3C260A0191AA: set configuration 0: [e63c905b-6e24-4a59-beee-02f8929d0b77:192.168.69.125:42235, 56eab7d4-40e2-4b28-9c72-53449258b8a2:192.168.69.125:37820, 06992730-799e-49b1-b4b4-a9e995f4f1fe:192.168.69.125:34681], old=null at 0
2019-10-18 05:09:54,041 [grpc-default-executor-1] INFO  segmented.SegmentedRaftLogWorker (SegmentedRaftLogWorker.java:startLogSegment(385)) - e63c905b-6e24-4a59-beee-02f8929d0b77@group-3C260A0191AA-SegmentedRaftLogWorker: Starting segment from index:0
2019-10-18 05:09:54,042 [grpc-default-executor-5] INFO  segmented.SegmentedRaftLogWorker (SegmentedRaftLogWorker.java:startLogSegment(385)) - 56eab7d4-40e2-4b28-9c72-53449258b8a2@group-3C260A0191AA-SegmentedRaftLogWorker: Starting segment from index:0
2019-10-18 05:09:54,096 [56eab7d4-40e2-4b28-9c72-53449258b8a2@group-3C260A0191AA-SegmentedRaftLogWorker] INFO  segmented.SegmentedRaftLogWorker (SegmentedRaftLogWorker.java:execute(576)) - 56eab7d4-40e2-4b28-9c72-53449258b8a2@group-3C260A0191AA-SegmentedRaftLogWorker: created new log segment /workdir/hadoop-ozone/integration-test/target/test-dir/MiniOzoneClusterImpl-e8489dd8-f004-4b8d-ba6f-64c0d641aa36/datanode-2/data/ratis/7b6774a4-dfa8-469c-9b78-3c260a0191aa/current/log_inprogress_0
2019-10-18 05:09:54,096 [e63c905b-6e24-4a59-beee-02f8929d0b77@group-3C260A0191AA-SegmentedRaftLogWorker] INFO  segmented.SegmentedRaftLogWorker (SegmentedRaftLogWorker.java:execute(576)) - e63c905b-6e24-4a59-beee-02f8929d0b77@group-3C260A0191AA-SegmentedRaftLogWorker: created new log segment /workdir/hadoop-ozone/integration-test/target/test-dir/MiniOzoneClusterImpl-e8489dd8-f004-4b8d-ba6f-64c0d641aa36/datanode-1/data/ratis/7b6774a4-dfa8-469c-9b78-3c260a0191aa/current/log_inprogress_0
2019-10-18 05:09:54,448 [main] INFO  rpc.RpcClient (RpcClient.java:createVolume(272)) - Creating Volume: testcontainerstatemachinefailures, with jenkins1000 as owner.
2019-10-18 05:09:54,547 [IPC Server handler 19 on 39637] INFO  volume.OMVolumeCreateRequest (OMVolumeCreateRequest.java:validateAndUpdateCache(193)) - created volume:testcontainerstatemachinefailures for user:jenkins1000
2019-10-18 05:09:54,571 [main] INFO  rpc.RpcClient (RpcClient.java:createBucket(411)) - Creating Bucket: testcontainerstatemachinefailures/testcontainerstatemachinefailures, with Versioning false and Storage Type set to DISK and Encryption set to false 
2019-10-18 05:09:54,701 [main] INFO  impl.MetricsSystemImpl (MetricsSystemImpl.java:init(158)) - XceiverClientMetrics metrics system started (again)
2019-10-18 05:09:55,161 [Datanode State Machine Thread - 0] INFO  statemachine.DatanodeStateMachine (DatanodeStateMachine.java:lambda$startDaemon$0(350)) - Ozone container server started.
2019-10-18 05:09:55,497 [Thread-181] INFO  container.ReplicationManager (ReplicationManager.java:start(162)) - Starting Replication Monitor Thread.
2019-10-18 05:09:55,499 [ReplicationMonitor] INFO  container.ReplicationManager (ReplicationManager.java:run(225)) - Replication Monitor Thread took 1 milliseconds for processing 1 containers.
2019-10-18 05:10:00,133 [main] INFO  ozoneimpl.OzoneContainer (OzoneContainer.java:stop(227)) - Attempting to stop container services.
2019-10-18 05:10:00,134 [main] INFO  impl.RaftServerProxy (RaftServerProxy.java:lambda$close$4(314)) - 56eab7d4-40e2-4b28-9c72-53449258b8a2: close
2019-10-18 05:10:00,136 [main] INFO  impl.RaftServerImpl (RaftServerImpl.java:lambda$shutdown$3(261)) - 56eab7d4-40e2-4b28-9c72-53449258b8a2@group-3C260A0191AA: shutdown
2019-10-18 05:10:00,136 [main] INFO  util.JmxRegister (JmxRegister.java:unregister(73)) - Successfully un-registered JMX Bean with object name Ratis:service=RaftServer,group=group-3C260A0191AA,id=56eab7d4-40e2-4b28-9c72-53449258b8a2
2019-10-18 05:10:00,136 [main] INFO  impl.RoleInfo (RoleInfo.java:shutdownFollowerState(121)) - 56eab7d4-40e2-4b28-9c72-53449258b8a2: shutdown FollowerState
2019-10-18 05:10:00,137 [main] INFO  impl.StateMachineUpdater (StateMachineUpdater.java:stopAndJoin(136)) - 56eab7d4-40e2-4b28-9c72-53449258b8a2@group-3C260A0191AA-StateMachineUpdater: set stopIndex = 4
2019-10-18 05:10:00,137 [Thread-228] INFO  impl.FollowerState (FollowerState.java:run(117)) - 56eab7d4-40e2-4b28-9c72-53449258b8a2@group-3C260A0191AA-FollowerState was interrupted: java.lang.InterruptedException: sleep interrupted
2019-10-18 05:10:00,137 [56eab7d4-40e2-4b28-9c72-53449258b8a2@group-3C260A0191AA-StateMachineUpdater] INFO  ratis.ContainerStateMachine (ContainerStateMachine.java:takeSnapshot(294)) - group-3C260A0191AA: Taking a snapshot at:(t:2, i:3) file /workdir/hadoop-ozone/integration-test/target/test-dir/MiniOzoneClusterImpl-e8489dd8-f004-4b8d-ba6f-64c0d641aa36/datanode-2/data/ratis/7b6774a4-dfa8-469c-9b78-3c260a0191aa/sm/snapshot.2_3
2019-10-18 05:10:00,229 [56eab7d4-40e2-4b28-9c72-53449258b8a2@group-3C260A0191AA-StateMachineUpdater] INFO  ratis.ContainerStateMachine (ContainerStateMachine.java:takeSnapshot(305)) - group-3C260A0191AA: Finished taking a snapshot at:(t:2, i:3) file:/workdir/hadoop-ozone/integration-test/target/test-dir/MiniOzoneClusterImpl-e8489dd8-f004-4b8d-ba6f-64c0d641aa36/datanode-2/data/ratis/7b6774a4-dfa8-469c-9b78-3c260a0191aa/sm/snapshot.2_3 time:93
2019-10-18 05:10:00,231 [56eab7d4-40e2-4b28-9c72-53449258b8a2@group-3C260A0191AA-StateMachineUpdater] INFO  impl.StateMachineUpdater (StateMachineUpdater.java:takeSnapshot(269)) - 56eab7d4-40e2-4b28-9c72-53449258b8a2@group-3C260A0191AA-StateMachineUpdater: Took a snapshot at index 3
2019-10-18 05:10:00,232 [56eab7d4-40e2-4b28-9c72-53449258b8a2@group-3C260A0191AA-StateMachineUpdater] INFO  impl.StateMachineUpdater (StateMachineUpdater.java:lambda$new$0(84)) - 56eab7d4-40e2-4b28-9c72-53449258b8a2@group-3C260A0191AA-StateMachineUpdater: snapshotIndex: updateIncreasingly -1 -> 3
2019-10-18 05:10:00,235 [56eab7d4-40e2-4b28-9c72-53449258b8a2@group-3C260A0191AA-StateMachineUpdater] INFO  ratis.ContainerStateMachine (ContainerStateMachine.java:takeSnapshot(294)) - group-3C260A0191AA: Taking a snapshot at:(t:2, i:3) file /workdir/hadoop-ozone/integration-test/target/test-dir/MiniOzoneClusterImpl-e8489dd8-f004-4b8d-ba6f-64c0d641aa36/datanode-2/data/ratis/7b6774a4-dfa8-469c-9b78-3c260a0191aa/sm/snapshot.2_3
2019-10-18 05:10:00,248 [56eab7d4-40e2-4b28-9c72-53449258b8a2@group-3C260A0191AA-StateMachineUpdater] INFO  ratis.ContainerStateMachine (ContainerStateMachine.java:takeSnapshot(305)) - group-3C260A0191AA: Finished taking a snapshot at:(t:2, i:3) file:/workdir/hadoop-ozone/integration-test/target/test-dir/MiniOzoneClusterImpl-e8489dd8-f004-4b8d-ba6f-64c0d641aa36/datanode-2/data/ratis/7b6774a4-dfa8-469c-9b78-3c260a0191aa/sm/snapshot.2_3 time:12
2019-10-18 05:10:00,248 [56eab7d4-40e2-4b28-9c72-53449258b8a2@group-3C260A0191AA-StateMachineUpdater] INFO  impl.StateMachineUpdater (StateMachineUpdater.java:takeSnapshot(269)) - 56eab7d4-40e2-4b28-9c72-53449258b8a2@group-3C260A0191AA-StateMachineUpdater: Took a snapshot at index 3
2019-10-18 05:10:00,248 [56eab7d4-40e2-4b28-9c72-53449258b8a2@group-3C260A0191AA-StateMachineUpdater] INFO  impl.StateMachineUpdater (StateMachineUpdater.java:lambda$new$0(84)) - 56eab7d4-40e2-4b28-9c72-53449258b8a2@group-3C260A0191AA-StateMachineUpdater: snapshotIndex: updateIncreasingly 3 -> 3
2019-10-18 05:10:00,249 [main] INFO  impl.RaftServerImpl (ServerState.java:close(388)) - 56eab7d4-40e2-4b28-9c72-53449258b8a2@group-3C260A0191AA: closes. applyIndex: 4
2019-10-18 05:10:00,251 [56eab7d4-40e2-4b28-9c72-53449258b8a2@group-3C260A0191AA-SegmentedRaftLogWorker] INFO  segmented.SegmentedRaftLogWorker (SegmentedRaftLogWorker.java:run(316)) - 56eab7d4-40e2-4b28-9c72-53449258b8a2@group-3C260A0191AA-SegmentedRaftLogWorker was interrupted, exiting. There are 0 tasks remaining in the queue.
2019-10-18 05:10:00,252 [main] INFO  segmented.SegmentedRaftLogWorker (SegmentedRaftLogWorker.java:close(224)) - 56eab7d4-40e2-4b28-9c72-53449258b8a2@group-3C260A0191AA-SegmentedRaftLogWorker close()
2019-10-18 05:10:00,254 [main] INFO  impl.RaftServerImpl (RaftServerImpl.java:lambda$shutdown$3(261)) - 56eab7d4-40e2-4b28-9c72-53449258b8a2@group-7DC0B237361C: shutdown
2019-10-18 05:10:00,254 [main] INFO  util.JmxRegister (JmxRegister.java:unregister(73)) - Successfully un-registered JMX Bean with object name Ratis:service=RaftServer,group=group-7DC0B237361C,id=56eab7d4-40e2-4b28-9c72-53449258b8a2
2019-10-18 05:10:00,254 [main] INFO  impl.RoleInfo (RoleInfo.java:shutdownLeaderState(104)) - 56eab7d4-40e2-4b28-9c72-53449258b8a2: shutdown LeaderState
2019-10-18 05:10:00,255 [main] INFO  impl.PendingRequests (PendingRequests.java:sendNotLeaderResponses(202)) - 56eab7d4-40e2-4b28-9c72-53449258b8a2@group-7DC0B237361C-PendingRequests: sendNotLeaderResponses
2019-10-18 05:10:00,256 [main] INFO  impl.StateMachineUpdater (StateMachineUpdater.java:stopAndJoin(136)) - 56eab7d4-40e2-4b28-9c72-53449258b8a2@group-7DC0B237361C-StateMachineUpdater: set stopIndex = 0
2019-10-18 05:10:00,257 [main] INFO  impl.RaftServerImpl (ServerState.java:close(388)) - 56eab7d4-40e2-4b28-9c72-53449258b8a2@group-7DC0B237361C: closes. applyIndex: 0
2019-10-18 05:10:00,258 [56eab7d4-40e2-4b28-9c72-53449258b8a2@group-7DC0B237361C-SegmentedRaftLogWorker] INFO  segmented.SegmentedRaftLogWorker (SegmentedRaftLogWorker.java:run(316)) - 56eab7d4-40e2-4b28-9c72-53449258b8a2@group-7DC0B237361C-SegmentedRaftLogWorker was interrupted, exiting. There are 0 tasks remaining in the queue.
2019-10-18 05:10:00,258 [main] INFO  segmented.SegmentedRaftLogWorker (SegmentedRaftLogWorker.java:close(224)) - 56eab7d4-40e2-4b28-9c72-53449258b8a2@group-7DC0B237361C-SegmentedRaftLogWorker close()
2019-10-18 05:10:00,260 [main] INFO  server.GrpcService (GrpcService.java:closeImpl(164)) - 56eab7d4-40e2-4b28-9c72-53449258b8a2: shutdown server with port 37820 now
2019-10-18 05:10:00,268 [main] INFO  server.GrpcService (GrpcService.java:closeImpl(172)) - 56eab7d4-40e2-4b28-9c72-53449258b8a2: shutdown server with port 37820 successfully
2019-10-18 05:10:00,268 [grpc-default-executor-5] WARN  server.GrpcServerProtocolService (LogUtils.java:warn(134)) - 56eab7d4-40e2-4b28-9c72-53449258b8a2: installSnapshot onError, lastRequest: 06992730-799e-49b1-b4b4-a9e995f4f1fe->56eab7d4-40e2-4b28-9c72-53449258b8a2#7-t2, previous=(t:2, i:4), leaderCommit=4, initializing? false, entries: <empty>: org.apache.ratis.thirdparty.io.grpc.StatusRuntimeException: CANCELLED: cancelled before receiving half close
2019-10-18 05:10:00,271 [refreshUsed-/workdir/hadoop-ozone/integration-test/target/test-dir/MiniOzoneClusterImpl-e8489dd8-f004-4b8d-ba6f-64c0d641aa36/datanode-2/data/containers] WARN  fs.CachingGetSpaceUsed (CachingGetSpaceUsed.java:run(183)) - Thread Interrupted waiting to refresh disk information: sleep interrupted
2019-10-18 05:10:00,272 [grpc-default-executor-2] WARN  server.GrpcLogAppender (LogUtils.java:warn(134)) - 06992730-799e-49b1-b4b4-a9e995f4f1fe@group-3C260A0191AA->56eab7d4-40e2-4b28-9c72-53449258b8a2-AppendLogResponseHandler: Failed appendEntries: org.apache.ratis.thirdparty.io.grpc.StatusRuntimeException: CANCELLED: HTTP/2 error code: CANCEL
Received Rst Stream
2019-10-18 05:10:00,289 [main] INFO  utils.BackgroundService (BackgroundService.java:shutdown(151)) - Shutting down service BlockDeletingService
2019-10-18 05:10:00,292 [main] INFO  statemachine.DatanodeStateMachine (DatanodeStateMachine.java:stopDaemon(395)) - Ozone container server stopped.
2019-10-18 05:10:00,296 [main] INFO  handler.ContextHandler (ContextHandler.java:doStop(910)) - Stopped o.e.j.w.WebAppContext@54e3658c{/,null,UNAVAILABLE}{/hddsDatanode}
2019-10-18 05:10:00,302 [main] INFO  server.AbstractConnector (AbstractConnector.java:doStop(318)) - Stopped ServerConnector@43e9089{HTTP/1.1,[http/1.1]}{0.0.0.0:0}
2019-10-18 05:10:00,302 [main] INFO  handler.ContextHandler (ContextHandler.java:doStop(910)) - Stopped o.e.j.s.ServletContextHandler@558756be{/static,jar:file:/home/user/.m2/repository/org/apache/hadoop/hadoop-hdds-container-service/0.5.0-SNAPSHOT/hadoop-hdds-container-service-0.5.0-SNAPSHOT.jar!/webapps/static,UNAVAILABLE}
2019-10-18 05:10:00,302 [main] INFO  handler.ContextHandler (ContextHandler.java:doStop(910)) - Stopped o.e.j.s.ServletContextHandler@6069dd38{/logs,file:///workdir/hadoop-ozone/integration-test/target/log,UNAVAILABLE}
2019-10-18 05:10:03,310 [java.util.concurrent.ThreadPoolExecutor$Worker@4eabad00[State = -1, empty queue]] WARN  server.GrpcLogAppender (GrpcLogAppender.java:timeoutAppendRequest(209)) - 06992730-799e-49b1-b4b4-a9e995f4f1fe@group-3C260A0191AA->56eab7d4-40e2-4b28-9c72-53449258b8a2-GrpcLogAppender: appendEntries Timeout, request=06992730-799e-49b1-b4b4-a9e995f4f1fe->56eab7d4-40e2-4b28-9c72-53449258b8a2#8-t2, previous=(t:2, i:4), leaderCommit=4, initializing? false, entries: size=1, first=(t:2, i:5), STATEMACHINELOGENTRY, client-46808F7408E0, cid=8
2019-10-18 05:10:03,312 [java.util.concurrent.ThreadPoolExecutor$Worker@4eabad00[State = -1, empty queue]] WARN  server.GrpcLogAppender (GrpcLogAppender.java:timeoutAppendRequest(209)) - 06992730-799e-49b1-b4b4-a9e995f4f1fe@group-3C260A0191AA->56eab7d4-40e2-4b28-9c72-53449258b8a2-GrpcLogAppender: appendEntries Timeout, request=06992730-799e-49b1-b4b4-a9e995f4f1fe->56eab7d4-40e2-4b28-9c72-53449258b8a2#9-t2, previous=(t:2, i:5), leaderCommit=4, initializing? false, entries: size=1, first=(t:2, i:6), STATEMACHINELOGENTRY, client-46808F7408E0, cid=9
2019-10-18 05:10:03,323 [java.util.concurrent.ThreadPoolExecutor$Worker@4eabad00[State = -1, empty queue]] WARN  server.GrpcLogAppender (GrpcLogAppender.java:timeoutAppendRequest(209)) - 06992730-799e-49b1-b4b4-a9e995f4f1fe@group-3C260A0191AA->56eab7d4-40e2-4b28-9c72-53449258b8a2-GrpcLogAppender: appendEntries Timeout, request=06992730-799e-49b1-b4b4-a9e995f4f1fe->56eab7d4-40e2-4b28-9c72-53449258b8a2#10-t2, previous=(t:2, i:6), leaderCommit=6, initializing? false, entries: size=1, first=(t:2, i:7), METADATAENTRY(c5)
2019-10-18 05:10:03,324 [java.util.concurrent.ThreadPoolExecutor$Worker@4eabad00[State = -1, empty queue]] WARN  server.GrpcLogAppender (GrpcLogAppender.java:timeoutAppendRequest(209)) - 06992730-799e-49b1-b4b4-a9e995f4f1fe@group-3C260A0191AA->56eab7d4-40e2-4b28-9c72-53449258b8a2-GrpcLogAppender: appendEntries Timeout, request=06992730-799e-49b1-b4b4-a9e995f4f1fe->56eab7d4-40e2-4b28-9c72-53449258b8a2#11-t2, previous=(t:2, i:7), leaderCommit=6, initializing? false, entries: size=1, first=(t:2, i:8), METADATAENTRY(c6)
2019-10-18 05:10:05,825 [java.util.concurrent.ThreadPoolExecutor$Worker@4eabad00[State = -1, empty queue]] WARN  server.GrpcLogAppender (GrpcLogAppender.java:timeoutAppendRequest(209)) - 06992730-799e-49b1-b4b4-a9e995f4f1fe@group-3C260A0191AA->56eab7d4-40e2-4b28-9c72-53449258b8a2-GrpcLogAppender: appendEntries Timeout, request=06992730-799e-49b1-b4b4-a9e995f4f1fe->56eab7d4-40e2-4b28-9c72-53449258b8a2#12-t2, previous=(t:2, i:8), leaderCommit=8, initializing? false, entries: <empty>
2019-10-18 05:10:08,327 [java.util.concurrent.ThreadPoolExecutor$Worker@4eabad00[State = -1, empty queue]] WARN  server.GrpcLogAppender (GrpcLogAppender.java:timeoutAppendRequest(209)) - 06992730-799e-49b1-b4b4-a9e995f4f1fe@group-3C260A0191AA->56eab7d4-40e2-4b28-9c72-53449258b8a2-GrpcLogAppender: appendEntries Timeout, request=06992730-799e-49b1-b4b4-a9e995f4f1fe->56eab7d4-40e2-4b28-9c72-53449258b8a2#13-t2, previous=(t:2, i:8), leaderCommit=8, initializing? false, entries: <empty>
2019-10-18 05:10:10,375 [Thread-292] INFO  client.GrpcClientProtocolService (GrpcClientProtocolService.java:lambda$processClientRequest$0(278)) - Failed RaftClientRequest:client-46808F7408E0->e63c905b-6e24-4a59-beee-02f8929d0b77@group-3C260A0191AA, cid=10, seq=0, Watch-ALL_COMMITTED(6), Message:<EMPTY>, reply=RaftClientReply:client-46808F7408E0->e63c905b-6e24-4a59-beee-02f8929d0b77@group-3C260A0191AA, cid=10, FAILED org.apache.ratis.protocol.NotLeaderException: Server e63c905b-6e24-4a59-beee-02f8929d0b77@group-3C260A0191AA is not the leader 06992730-799e-49b1-b4b4-a9e995f4f1fe:192.168.69.125:34681, logIndex=0, commits[e63c905b-6e24-4a59-beee-02f8929d0b77:c8, 56eab7d4-40e2-4b28-9c72-53449258b8a2:c4, 06992730-799e-49b1-b4b4-a9e995f4f1fe:c8]
2019-10-18 05:10:10,829 [java.util.concurrent.ThreadPoolExecutor$Worker@4eabad00[State = -1, empty queue]] WARN  server.GrpcLogAppender (GrpcLogAppender.java:timeoutAppendRequest(209)) - 06992730-799e-49b1-b4b4-a9e995f4f1fe@group-3C260A0191AA->56eab7d4-40e2-4b28-9c72-53449258b8a2-GrpcLogAppender: appendEntries Timeout, request=06992730-799e-49b1-b4b4-a9e995f4f1fe->56eab7d4-40e2-4b28-9c72-53449258b8a2#14-t2, previous=(t:2, i:8), leaderCommit=8, initializing? false, entries: <empty>
2019-10-18 05:10:10,888 [Thread-295] INFO  client.GrpcClientProtocolService (GrpcClientProtocolService.java:lambda$processClientRequest$0(278)) - Failed RaftClientRequest:client-46808F7408E0->06992730-799e-49b1-b4b4-a9e995f4f1fe@group-3C260A0191AA, cid=10, seq=0, Watch-ALL_COMMITTED(6), Message:<EMPTY>, reply=RaftClientReply:client-46808F7408E0->06992730-799e-49b1-b4b4-a9e995f4f1fe@group-3C260A0191AA, cid=10, FAILED org.apache.ratis.protocol.NotReplicatedException: Request with call Id 10 and log index 6 is not yet replicated to ALL_COMMITTED, logIndex=6, commits[06992730-799e-49b1-b4b4-a9e995f4f1fe:c8, e63c905b-6e24-4a59-beee-02f8929d0b77:c8, 56eab7d4-40e2-4b28-9c72-53449258b8a2:c4]
2019-10-18 05:10:13,331 [java.util.concurrent.ThreadPoolExecutor$Worker@4eabad00[State = -1, empty queue]] WARN  server.GrpcLogAppender (GrpcLogAppender.java:timeoutAppendRequest(209)) - 06992730-799e-49b1-b4b4-a9e995f4f1fe@group-3C260A0191AA->56eab7d4-40e2-4b28-9c72-53449258b8a2-GrpcLogAppender: appendEntries Timeout, request=06992730-799e-49b1-b4b4-a9e995f4f1fe->56eab7d4-40e2-4b28-9c72-53449258b8a2#15-t2, previous=(t:2, i:8), leaderCommit=8, initializing? false, entries: <empty>
2019-10-18 05:10:15,832 [java.util.concurrent.ThreadPoolExecutor$Worker@4eabad00[State = -1, empty queue]] WARN  server.GrpcLogAppender (GrpcLogAppender.java:timeoutAppendRequest(209)) - 06992730-799e-49b1-b4b4-a9e995f4f1fe@group-3C260A0191AA->56eab7d4-40e2-4b28-9c72-53449258b8a2-GrpcLogAppender: appendEntries Timeout, request=06992730-799e-49b1-b4b4-a9e995f4f1fe->56eab7d4-40e2-4b28-9c72-53449258b8a2#16-t2, previous=(t:2, i:8), leaderCommit=8, initializing? false, entries: <empty>
2019-10-18 05:10:18,334 [java.util.concurrent.ThreadPoolExecutor$Worker@4eabad00[State = -1, empty queue]] WARN  server.GrpcLogAppender (GrpcLogAppender.java:timeoutAppendRequest(209)) - 06992730-799e-49b1-b4b4-a9e995f4f1fe@group-3C260A0191AA->56eab7d4-40e2-4b28-9c72-53449258b8a2-GrpcLogAppender: appendEntries Timeout, request=06992730-799e-49b1-b4b4-a9e995f4f1fe->56eab7d4-40e2-4b28-9c72-53449258b8a2#17-t2, previous=(t:2, i:8), leaderCommit=8, initializing? false, entries: <empty>
2019-10-18 05:10:20,834 [java.util.concurrent.ThreadPoolExecutor$Worker@4eabad00[State = -1, empty queue]] WARN  server.GrpcLogAppender (GrpcLogAppender.java:timeoutAppendRequest(209)) - 06992730-799e-49b1-b4b4-a9e995f4f1fe@group-3C260A0191AA->56eab7d4-40e2-4b28-9c72-53449258b8a2-GrpcLogAppender: appendEntries Timeout, request=06992730-799e-49b1-b4b4-a9e995f4f1fe->56eab7d4-40e2-4b28-9c72-53449258b8a2#18-t2, previous=(t:2, i:8), leaderCommit=8, initializing? false, entries: <empty>
2019-10-18 05:10:20,885 [Thread-304] INFO  client.GrpcClientProtocolService (GrpcClientProtocolService.java:lambda$processClientRequest$0(278)) - Failed RaftClientRequest:client-46808F7408E0->06992730-799e-49b1-b4b4-a9e995f4f1fe@group-3C260A0191AA, cid=10, seq=0, Watch-ALL_COMMITTED(6), Message:<EMPTY>, reply=RaftClientReply:client-46808F7408E0->06992730-799e-49b1-b4b4-a9e995f4f1fe@group-3C260A0191AA, cid=10, FAILED org.apache.ratis.protocol.NotReplicatedException: Request with call Id 10 and log index 6 is not yet replicated to ALL_COMMITTED, logIndex=6, commits[06992730-799e-49b1-b4b4-a9e995f4f1fe:c8, e63c905b-6e24-4a59-beee-02f8929d0b77:c8, 56eab7d4-40e2-4b28-9c72-53449258b8a2:c4]
2019-10-18 05:10:23,336 [java.util.concurrent.ThreadPoolExecutor$Worker@4eabad00[State = -1, empty queue]] WARN  server.GrpcLogAppender (GrpcLogAppender.java:timeoutAppendRequest(209)) - 06992730-799e-49b1-b4b4-a9e995f4f1fe@group-3C260A0191AA->56eab7d4-40e2-4b28-9c72-53449258b8a2-GrpcLogAppender: appendEntries Timeout, request=06992730-799e-49b1-b4b4-a9e995f4f1fe->56eab7d4-40e2-4b28-9c72-53449258b8a2#19-t2, previous=(t:2, i:8), leaderCommit=8, initializing? false, entries: <empty>
2019-10-18 05:10:25,839 [java.util.concurrent.ThreadPoolExecutor$Worker@4eabad00[State = -1, empty queue]] WARN  server.GrpcLogAppender (GrpcLogAppender.java:timeoutAppendRequest(209)) - 06992730-799e-49b1-b4b4-a9e995f4f1fe@group-3C260A0191AA->56eab7d4-40e2-4b28-9c72-53449258b8a2-GrpcLogAppender: appendEntries Timeout, request=06992730-799e-49b1-b4b4-a9e995f4f1fe->56eab7d4-40e2-4b28-9c72-53449258b8a2#20-t2, previous=(t:2, i:8), leaderCommit=8, initializing? false, entries: <empty>
2019-10-18 05:10:28,341 [java.util.concurrent.ThreadPoolExecutor$Worker@4eabad00[State = -1, empty queue]] WARN  server.GrpcLogAppender (GrpcLogAppender.java:timeoutAppendRequest(209)) - 06992730-799e-49b1-b4b4-a9e995f4f1fe@group-3C260A0191AA->56eab7d4-40e2-4b28-9c72-53449258b8a2-GrpcLogAppender: appendEntries Timeout, request=06992730-799e-49b1-b4b4-a9e995f4f1fe->56eab7d4-40e2-4b28-9c72-53449258b8a2#21-t2, previous=(t:2, i:8), leaderCommit=8, initializing? false, entries: <empty>
2019-10-18 05:10:29,427 [Thread-310] INFO  client.GrpcClientProtocolService (GrpcClientProtocolService.java:lambda$processClientRequest$0(278)) - Failed RaftClientRequest:client-46808F7408E0->e63c905b-6e24-4a59-beee-02f8929d0b77@group-3C260A0191AA, cid=10, seq=0, Watch-ALL_COMMITTED(6), Message:<EMPTY>, reply=RaftClientReply:client-46808F7408E0->e63c905b-6e24-4a59-beee-02f8929d0b77@group-3C260A0191AA, cid=10, FAILED org.apache.ratis.protocol.NotLeaderException: Server e63c905b-6e24-4a59-beee-02f8929d0b77@group-3C260A0191AA is not the leader 06992730-799e-49b1-b4b4-a9e995f4f1fe:192.168.69.125:34681, logIndex=0, commits[e63c905b-6e24-4a59-beee-02f8929d0b77:c8, 56eab7d4-40e2-4b28-9c72-53449258b8a2:c4, 06992730-799e-49b1-b4b4-a9e995f4f1fe:c8]
2019-10-18 05:10:30,337 [main] WARN  scm.XceiverClientRatis (XceiverClientRatis.java:watchForCommit(277)) - 3 way commit failed on pipeline Pipeline[ Id: 7b6774a4-dfa8-469c-9b78-3c260a0191aa, Nodes: 06992730-799e-49b1-b4b4-a9e995f4f1fe{ip: 192.168.69.125, host: pr-hdds-2311-zjr6r-3188632456, networkLocation: /default-rack, certSerialId: null}e63c905b-6e24-4a59-beee-02f8929d0b77{ip: 192.168.69.125, host: pr-hdds-2311-zjr6r-3188632456, networkLocation: /default-rack, certSerialId: null}56eab7d4-40e2-4b28-9c72-53449258b8a2{ip: 192.168.69.125, host: pr-hdds-2311-zjr6r-3188632456, networkLocation: /default-rack, certSerialId: null}, Type:RATIS, Factor:THREE, State:OPEN]
java.util.concurrent.TimeoutException
	at java.util.concurrent.CompletableFuture.timedGet(CompletableFuture.java:1771)
	at java.util.concurrent.CompletableFuture.get(CompletableFuture.java:1915)
	at org.apache.hadoop.hdds.scm.XceiverClientRatis.watchForCommit(XceiverClientRatis.java:274)
	at org.apache.hadoop.hdds.scm.storage.CommitWatcher.watchForCommit(CommitWatcher.java:198)
	at org.apache.hadoop.hdds.scm.storage.CommitWatcher.watchOnLastIndex(CommitWatcher.java:161)
	at org.apache.hadoop.hdds.scm.storage.BlockOutputStream.watchForCommit(BlockOutputStream.java:346)
	at org.apache.hadoop.hdds.scm.storage.BlockOutputStream.handleFlush(BlockOutputStream.java:482)
	at org.apache.hadoop.hdds.scm.storage.BlockOutputStream.close(BlockOutputStream.java:496)
	at org.apache.hadoop.ozone.client.io.BlockOutputStreamEntry.close(BlockOutputStreamEntry.java:143)
	at org.apache.hadoop.ozone.client.io.KeyOutputStream.handleFlushOrClose(KeyOutputStream.java:435)
	at org.apache.hadoop.ozone.client.io.KeyOutputStream.close(KeyOutputStream.java:473)
	at org.apache.hadoop.ozone.client.io.OzoneOutputStream.close(OzoneOutputStream.java:60)
	at org.apache.hadoop.ozone.client.rpc.TestDeleteWithSlowFollower.testDeleteKeyWithSlowFollower(TestDeleteWithSlowFollower.java:193)
	at sun.reflect.NativeMethodAccessorImpl.invoke0(Native Method)
	at sun.reflect.NativeMethodAccessorImpl.invoke(NativeMethodAccessorImpl.java:62)
	at sun.reflect.DelegatingMethodAccessorImpl.invoke(DelegatingMethodAccessorImpl.java:43)
	at java.lang.reflect.Method.invoke(Method.java:498)
	at org.junit.runners.model.FrameworkMethod$1.runReflectiveCall(FrameworkMethod.java:47)
	at org.junit.internal.runners.model.ReflectiveCallable.run(ReflectiveCallable.java:12)
	at org.junit.runners.model.FrameworkMethod.invokeExplosively(FrameworkMethod.java:44)
	at org.junit.internal.runners.statements.InvokeMethod.evaluate(InvokeMethod.java:17)
	at org.junit.runners.ParentRunner.runLeaf(ParentRunner.java:271)
	at org.junit.runners.BlockJUnit4ClassRunner.runChild(BlockJUnit4ClassRunner.java:70)
	at org.junit.runners.BlockJUnit4ClassRunner.runChild(BlockJUnit4ClassRunner.java:50)
	at org.junit.runners.ParentRunner$3.run(ParentRunner.java:238)
	at org.junit.runners.ParentRunner$1.schedule(ParentRunner.java:63)
	at org.junit.runners.ParentRunner.runChildren(ParentRunner.java:236)
	at org.junit.runners.ParentRunner.access$000(ParentRunner.java:53)
	at org.junit.runners.ParentRunner$2.evaluate(ParentRunner.java:229)
	at org.junit.internal.runners.statements.RunBefores.evaluate(RunBefores.java:26)
	at org.junit.internal.runners.statements.RunAfters.evaluate(RunAfters.java:27)
	at org.junit.runners.ParentRunner.run(ParentRunner.java:309)
	at org.apache.maven.surefire.junit4.JUnit4Provider.execute(JUnit4Provider.java:365)
	at org.apache.maven.surefire.junit4.JUnit4Provider.executeWithRerun(JUnit4Provider.java:273)
	at org.apache.maven.surefire.junit4.JUnit4Provider.executeTestSet(JUnit4Provider.java:238)
	at org.apache.maven.surefire.junit4.JUnit4Provider.invoke(JUnit4Provider.java:159)
	at org.apache.maven.surefire.booter.ForkedBooter.invokeProviderInSameClassLoader(ForkedBooter.java:384)
	at org.apache.maven.surefire.booter.ForkedBooter.runSuitesInProcess(ForkedBooter.java:345)
	at org.apache.maven.surefire.booter.ForkedBooter.execute(ForkedBooter.java:126)
	at org.apache.maven.surefire.booter.ForkedBooter.main(ForkedBooter.java:418)
2019-10-18 05:10:30,350 [main] INFO  scm.XceiverClientRatis (XceiverClientRatis.java:lambda$watchForCommit$5(295)) - Could not commit index 6 on pipeline Pipeline[ Id: 7b6774a4-dfa8-469c-9b78-3c260a0191aa, Nodes: 06992730-799e-49b1-b4b4-a9e995f4f1fe{ip: 192.168.69.125, host: pr-hdds-2311-zjr6r-3188632456, networkLocation: /default-rack, certSerialId: null}e63c905b-6e24-4a59-beee-02f8929d0b77{ip: 192.168.69.125, host: pr-hdds-2311-zjr6r-3188632456, networkLocation: /default-rack, certSerialId: null}56eab7d4-40e2-4b28-9c72-53449258b8a2{ip: 192.168.69.125, host: pr-hdds-2311-zjr6r-3188632456, networkLocation: /default-rack, certSerialId: null}, Type:RATIS, Factor:THREE, State:OPEN] to all the nodes. Server 56eab7d4-40e2-4b28-9c72-53449258b8a2 has failed. Committed by majority.
2019-10-18 05:10:30,351 [main] WARN  storage.BlockOutputStream (BlockOutputStream.java:watchForCommit(352)) - Failed to commit BlockId conID: 1 locID: 102981657863389184 bcsId: 6 on Pipeline[ Id: 7b6774a4-dfa8-469c-9b78-3c260a0191aa, Nodes: 06992730-799e-49b1-b4b4-a9e995f4f1fe{ip: 192.168.69.125, host: pr-hdds-2311-zjr6r-3188632456, networkLocation: /default-rack, certSerialId: null}e63c905b-6e24-4a59-beee-02f8929d0b77{ip: 192.168.69.125, host: pr-hdds-2311-zjr6r-3188632456, networkLocation: /default-rack, certSerialId: null}56eab7d4-40e2-4b28-9c72-53449258b8a2{ip: 192.168.69.125, host: pr-hdds-2311-zjr6r-3188632456, networkLocation: /default-rack, certSerialId: null}, Type:RATIS, Factor:THREE, State:OPEN]. Failed nodes: [56eab7d4-40e2-4b28-9c72-53449258b8a2{ip: null, host: null, networkLocation: /default-rack, certSerialId: null}]
2019-10-18 05:10:30,426 [EventQueue-IncrementalContainerReportForIncrementalContainerReportHandler] WARN  container.IncrementalContainerReportHandler (AbstractContainerReportHandler.java:updateContainerState(145)) - Container #1 is in OPEN state, but the datanode 06992730-799e-49b1-b4b4-a9e995f4f1fe{ip: 192.168.69.125, host: pr-hdds-2311-zjr6r-3188632456, networkLocation: /default-rack, certSerialId: null} reports an CLOSING replica.
2019-10-18 05:10:30,437 [RatisApplyTransactionExecutor 1] INFO  interfaces.Container (KeyValueContainer.java:flushAndSyncDB(386)) - Container 1 is synced with bcsId 6.
2019-10-18 05:10:30,438 [RatisApplyTransactionExecutor 1] INFO  interfaces.Container (KeyValueContainer.java:flushAndSyncDB(386)) - Container 1 is synced with bcsId 6.
2019-10-18 05:10:30,451 [RatisApplyTransactionExecutor 1] INFO  interfaces.Container (KeyValueContainer.java:close(335)) - Container 1 is closed with bcsId 6.
2019-10-18 05:10:30,454 [EventQueue-IncrementalContainerReportForIncrementalContainerReportHandler] WARN  container.IncrementalContainerReportHandler (AbstractContainerReportHandler.java:updateContainerState(145)) - Container #1 is in OPEN state, but the datanode e63c905b-6e24-4a59-beee-02f8929d0b77{ip: 192.168.69.125, host: pr-hdds-2311-zjr6r-3188632456, networkLocation: /default-rack, certSerialId: null} reports an CLOSING replica.
2019-10-18 05:10:30,454 [EventQueue-IncrementalContainerReportForIncrementalContainerReportHandler] WARN  container.IncrementalContainerReportHandler (AbstractContainerReportHandler.java:updateContainerState(145)) - Container #1 is in OPEN state, but the datanode 06992730-799e-49b1-b4b4-a9e995f4f1fe{ip: 192.168.69.125, host: pr-hdds-2311-zjr6r-3188632456, networkLocation: /default-rack, certSerialId: null} reports an CLOSED replica.
2019-10-18 05:10:30,463 [RatisApplyTransactionExecutor 1] INFO  interfaces.Container (KeyValueContainer.java:flushAndSyncDB(386)) - Container 1 is synced with bcsId 6.
2019-10-18 05:10:30,464 [RatisApplyTransactionExecutor 1] INFO  interfaces.Container (KeyValueContainer.java:flushAndSyncDB(386)) - Container 1 is synced with bcsId 6.
2019-10-18 05:10:30,479 [RatisApplyTransactionExecutor 1] INFO  interfaces.Container (KeyValueContainer.java:close(335)) - Container 1 is closed with bcsId 6.
2019-10-18 05:10:30,481 [EventQueue-IncrementalContainerReportForIncrementalContainerReportHandler] WARN  container.IncrementalContainerReportHandler (AbstractContainerReportHandler.java:updateContainerState(145)) - Container #1 is in OPEN state, but the datanode e63c905b-6e24-4a59-beee-02f8929d0b77{ip: 192.168.69.125, host: pr-hdds-2311-zjr6r-3188632456, networkLocation: /default-rack, certSerialId: null} reports an CLOSED replica.
2019-10-18 05:10:30,481 [EventQueue-ContainerReportForContainerReportHandler] WARN  container.ContainerReportHandler (AbstractContainerReportHandler.java:updateContainerState(145)) - Container #1 is in OPEN state, but the datanode e63c905b-6e24-4a59-beee-02f8929d0b77{ip: 192.168.69.125, host: pr-hdds-2311-zjr6r-3188632456, networkLocation: /default-rack, certSerialId: null} reports an CLOSED replica.
2019-10-18 05:10:30,553 [EventQueue-ContainerReportForContainerReportHandler] WARN  container.ContainerReportHandler (AbstractContainerReportHandler.java:updateContainerState(145)) - Container #1 is in OPEN state, but the datanode 06992730-799e-49b1-b4b4-a9e995f4f1fe{ip: 192.168.69.125, host: pr-hdds-2311-zjr6r-3188632456, networkLocation: /default-rack, certSerialId: null} reports an CLOSED replica.
2019-10-18 05:10:30,654 [IPC Server handler 2 on 33256] INFO  server.SCMBlockProtocolServer (SCMBlockProtocolServer.java:deleteKeyBlocks(212)) - SCM is informed by OM to delete 1 blocks
2019-10-18 05:10:30,655 [IPC Server handler 2 on 33256] INFO  block.BlockManagerImpl (BlockManagerImpl.java:deleteBlocks(285)) - Deleting blocks conID: 1 locID: 102981657863389184 bcsId: 0
2019-10-18 05:10:30,748 [BlockDeletingService#2] WARN  background.BlockDeletingService (BlockDeletingService.java:isDeletionAllowed(187)) - Close Container log Index 6 is not replicated across allthe servers in the pipeline 7b6774a4-dfa8-469c-9b78-3c260a0191aa as the min replicated index is 4. Deletion is not allowed in this container yet.
2019-10-18 05:10:30,750 [BlockDeletingService#2] WARN  background.BlockDeletingService (BlockDeletingService.java:isDeletionAllowed(187)) - Close Container log Index 6 is not replicated across allthe servers in the pipeline 7b6774a4-dfa8-469c-9b78-3c260a0191aa as the min replicated index is 4. Deletion is not allowed in this container yet.
2019-10-18 05:10:30,842 [java.util.concurrent.ThreadPoolExecutor$Worker@4eabad00[State = -1, empty queue]] WARN  server.GrpcLogAppender (GrpcLogAppender.java:timeoutAppendRequest(209)) - 06992730-799e-49b1-b4b4-a9e995f4f1fe@group-3C260A0191AA->56eab7d4-40e2-4b28-9c72-53449258b8a2-GrpcLogAppender: appendEntries Timeout, request=06992730-799e-49b1-b4b4-a9e995f4f1fe->56eab7d4-40e2-4b28-9c72-53449258b8a2#22-t2, previous=(t:2, i:8), leaderCommit=8, initializing? false, entries: <empty>
2019-10-18 05:10:30,880 [EventQueue-ContainerReportForContainerReportHandler] WARN  container.ContainerReportHandler (AbstractContainerReportHandler.java:updateContainerState(145)) - Container #1 is in OPEN state, but the datanode e63c905b-6e24-4a59-beee-02f8929d0b77{ip: 192.168.69.125, host: pr-hdds-2311-zjr6r-3188632456, networkLocation: /default-rack, certSerialId: null} reports an CLOSED replica.
2019-10-18 05:10:30,884 [Thread-323] INFO  client.GrpcClientProtocolService (GrpcClientProtocolService.java:lambda$processClientRequest$0(278)) - Failed RaftClientRequest:client-46808F7408E0->06992730-799e-49b1-b4b4-a9e995f4f1fe@group-3C260A0191AA, cid=10, seq=0, Watch-ALL_COMMITTED(6), Message:<EMPTY>, reply=RaftClientReply:client-46808F7408E0->06992730-799e-49b1-b4b4-a9e995f4f1fe@group-3C260A0191AA, cid=10, FAILED org.apache.ratis.protocol.NotReplicatedException: Request with call Id 10 and log index 6 is not yet replicated to ALL_COMMITTED, logIndex=6, commits[06992730-799e-49b1-b4b4-a9e995f4f1fe:c10, e63c905b-6e24-4a59-beee-02f8929d0b77:c9, 56eab7d4-40e2-4b28-9c72-53449258b8a2:c4]
2019-10-18 05:10:30,954 [EventQueue-ContainerReportForContainerReportHandler] WARN  container.ContainerReportHandler (AbstractContainerReportHandler.java:updateContainerState(145)) - Container #1 is in OPEN state, but the datanode 06992730-799e-49b1-b4b4-a9e995f4f1fe{ip: 192.168.69.125, host: pr-hdds-2311-zjr6r-3188632456, networkLocation: /default-rack, certSerialId: null} reports an CLOSED replica.
2019-10-18 05:10:31,080 [EventQueue-ContainerReportForContainerReportHandler] WARN  container.ContainerReportHandler (AbstractContainerReportHandler.java:updateContainerState(145)) - Container #1 is in OPEN state, but the datanode e63c905b-6e24-4a59-beee-02f8929d0b77{ip: 192.168.69.125, host: pr-hdds-2311-zjr6r-3188632456, networkLocation: /default-rack, certSerialId: null} reports an CLOSED replica.
2019-10-18 05:10:31,153 [EventQueue-ContainerReportForContainerReportHandler] WARN  container.ContainerReportHandler (AbstractContainerReportHandler.java:updateContainerState(145)) - Container #1 is in OPEN state, but the datanode 06992730-799e-49b1-b4b4-a9e995f4f1fe{ip: 192.168.69.125, host: pr-hdds-2311-zjr6r-3188632456, networkLocation: /default-rack, certSerialId: null} reports an CLOSED replica.
2019-10-18 05:10:31,480 [EventQueue-ContainerReportForContainerReportHandler] WARN  container.ContainerReportHandler (AbstractContainerReportHandler.java:updateContainerState(145)) - Container #1 is in OPEN state, but the datanode e63c905b-6e24-4a59-beee-02f8929d0b77{ip: 192.168.69.125, host: pr-hdds-2311-zjr6r-3188632456, networkLocation: /default-rack, certSerialId: null} reports an CLOSED replica.
2019-10-18 05:10:31,554 [EventQueue-ContainerReportForContainerReportHandler] WARN  container.ContainerReportHandler (AbstractContainerReportHandler.java:updateContainerState(145)) - Container #1 is in OPEN state, but the datanode 06992730-799e-49b1-b4b4-a9e995f4f1fe{ip: 192.168.69.125, host: pr-hdds-2311-zjr6r-3188632456, networkLocation: /default-rack, certSerialId: null} reports an CLOSED replica.
2019-10-18 05:10:31,750 [BlockDeletingService#2] WARN  background.BlockDeletingService (BlockDeletingService.java:isDeletionAllowed(187)) - Close Container log Index 6 is not replicated across allthe servers in the pipeline 7b6774a4-dfa8-469c-9b78-3c260a0191aa as the min replicated index is 4. Deletion is not allowed in this container yet.
2019-10-18 05:10:31,752 [BlockDeletingService#2] WARN  background.BlockDeletingService (BlockDeletingService.java:isDeletionAllowed(187)) - Close Container log Index 6 is not replicated across allthe servers in the pipeline 7b6774a4-dfa8-469c-9b78-3c260a0191aa as the min replicated index is 4. Deletion is not allowed in this container yet.
2019-10-18 05:10:31,880 [EventQueue-ContainerReportForContainerReportHandler] WARN  container.ContainerReportHandler (AbstractContainerReportHandler.java:updateContainerState(145)) - Container #1 is in OPEN state, but the datanode e63c905b-6e24-4a59-beee-02f8929d0b77{ip: 192.168.69.125, host: pr-hdds-2311-zjr6r-3188632456, networkLocation: /default-rack, certSerialId: null} reports an CLOSED replica.
2019-10-18 05:10:31,956 [EventQueue-ContainerReportForContainerReportHandler] WARN  container.ContainerReportHandler (AbstractContainerReportHandler.java:updateContainerState(145)) - Container #1 is in OPEN state, but the datanode 06992730-799e-49b1-b4b4-a9e995f4f1fe{ip: 192.168.69.125, host: pr-hdds-2311-zjr6r-3188632456, networkLocation: /default-rack, certSerialId: null} reports an CLOSED replica.
2019-10-18 05:10:32,081 [EventQueue-ContainerReportForContainerReportHandler] WARN  container.ContainerReportHandler (AbstractContainerReportHandler.java:updateContainerState(145)) - Container #1 is in OPEN state, but the datanode e63c905b-6e24-4a59-beee-02f8929d0b77{ip: 192.168.69.125, host: pr-hdds-2311-zjr6r-3188632456, networkLocation: /default-rack, certSerialId: null} reports an CLOSED replica.
2019-10-18 05:10:32,157 [EventQueue-ContainerReportForContainerReportHandler] WARN  container.ContainerReportHandler (AbstractContainerReportHandler.java:updateContainerState(145)) - Container #1 is in OPEN state, but the datanode 06992730-799e-49b1-b4b4-a9e995f4f1fe{ip: 192.168.69.125, host: pr-hdds-2311-zjr6r-3188632456, networkLocation: /default-rack, certSerialId: null} reports an CLOSED replica.
2019-10-18 05:10:32,457 [EventQueue-ContainerReportForContainerReportHandler] WARN  container.ContainerReportHandler (AbstractContainerReportHandler.java:updateContainerState(145)) - Container #1 is in OPEN state, but the datanode 06992730-799e-49b1-b4b4-a9e995f4f1fe{ip: 192.168.69.125, host: pr-hdds-2311-zjr6r-3188632456, networkLocation: /default-rack, certSerialId: null} reports an CLOSED replica.
2019-10-18 05:10:32,481 [EventQueue-ContainerReportForContainerReportHandler] WARN  container.ContainerReportHandler (AbstractContainerReportHandler.java:updateContainerState(145)) - Container #1 is in OPEN state, but the datanode e63c905b-6e24-4a59-beee-02f8929d0b77{ip: 192.168.69.125, host: pr-hdds-2311-zjr6r-3188632456, networkLocation: /default-rack, certSerialId: null} reports an CLOSED replica.
2019-10-18 05:10:32,753 [BlockDeletingService#2] WARN  background.BlockDeletingService (BlockDeletingService.java:isDeletionAllowed(187)) - Close Container log Index 6 is not replicated across allthe servers in the pipeline 7b6774a4-dfa8-469c-9b78-3c260a0191aa as the min replicated index is 4. Deletion is not allowed in this container yet.
2019-10-18 05:10:32,754 [BlockDeletingService#2] WARN  background.BlockDeletingService (BlockDeletingService.java:isDeletionAllowed(187)) - Close Container log Index 6 is not replicated across allthe servers in the pipeline 7b6774a4-dfa8-469c-9b78-3c260a0191aa as the min replicated index is 4. Deletion is not allowed in this container yet.
2019-10-18 05:10:32,758 [EventQueue-ContainerReportForContainerReportHandler] WARN  container.ContainerReportHandler (AbstractContainerReportHandler.java:updateContainerState(145)) - Container #1 is in OPEN state, but the datanode 06992730-799e-49b1-b4b4-a9e995f4f1fe{ip: 192.168.69.125, host: pr-hdds-2311-zjr6r-3188632456, networkLocation: /default-rack, certSerialId: null} reports an CLOSED replica.
2019-10-18 05:10:32,881 [EventQueue-ContainerReportForContainerReportHandler] WARN  container.ContainerReportHandler (AbstractContainerReportHandler.java:updateContainerState(145)) - Container #1 is in OPEN state, but the datanode e63c905b-6e24-4a59-beee-02f8929d0b77{ip: 192.168.69.125, host: pr-hdds-2311-zjr6r-3188632456, networkLocation: /default-rack, certSerialId: null} reports an CLOSED replica.
2019-10-18 05:10:33,058 [EventQueue-ContainerReportForContainerReportHandler] WARN  container.ContainerReportHandler (AbstractContainerReportHandler.java:updateContainerState(145)) - Container #1 is in OPEN state, but the datanode 06992730-799e-49b1-b4b4-a9e995f4f1fe{ip: 192.168.69.125, host: pr-hdds-2311-zjr6r-3188632456, networkLocation: /default-rack, certSerialId: null} reports an CLOSED replica.
2019-10-18 05:10:33,281 [EventQueue-ContainerReportForContainerReportHandler] WARN  container.ContainerReportHandler (AbstractContainerReportHandler.java:updateContainerState(145)) - Container #1 is in OPEN state, but the datanode e63c905b-6e24-4a59-beee-02f8929d0b77{ip: 192.168.69.125, host: pr-hdds-2311-zjr6r-3188632456, networkLocation: /default-rack, certSerialId: null} reports an CLOSED replica.
2019-10-18 05:10:33,343 [java.util.concurrent.ThreadPoolExecutor$Worker@4eabad00[State = -1, empty queue]] WARN  server.GrpcLogAppender (GrpcLogAppender.java:timeoutAppendRequest(209)) - 06992730-799e-49b1-b4b4-a9e995f4f1fe@group-3C260A0191AA->56eab7d4-40e2-4b28-9c72-53449258b8a2-GrpcLogAppender: appendEntries Timeout, request=06992730-799e-49b1-b4b4-a9e995f4f1fe->56eab7d4-40e2-4b28-9c72-53449258b8a2#23-t2, previous=(t:2, i:8), leaderCommit=8, initializing? false, entries: <empty>
2019-10-18 05:10:33,387 [java.util.concurrent.ThreadPoolExecutor$Worker@4eabad00[State = -1, empty queue]] WARN  server.GrpcLogAppender (GrpcLogAppender.java:timeoutAppendRequest(209)) - 06992730-799e-49b1-b4b4-a9e995f4f1fe@group-3C260A0191AA->56eab7d4-40e2-4b28-9c72-53449258b8a2-GrpcLogAppender: appendEntries Timeout, request=06992730-799e-49b1-b4b4-a9e995f4f1fe->56eab7d4-40e2-4b28-9c72-53449258b8a2#24-t2, previous=(t:2, i:8), leaderCommit=8, initializing? false, entries: size=1, first=(t:2, i:9), STATEMACHINELOGENTRY, client-D401C993205D, cid=12
2019-10-18 05:10:33,400 [java.util.concurrent.ThreadPoolExecutor$Worker@4eabad00[State = -1, empty queue]] WARN  server.GrpcLogAppender (GrpcLogAppender.java:timeoutAppendRequest(209)) - 06992730-799e-49b1-b4b4-a9e995f4f1fe@group-3C260A0191AA->56eab7d4-40e2-4b28-9c72-53449258b8a2-GrpcLogAppender: appendEntries Timeout, request=06992730-799e-49b1-b4b4-a9e995f4f1fe->56eab7d4-40e2-4b28-9c72-53449258b8a2#25-t2, previous=(t:2, i:9), leaderCommit=9, initializing? false, entries: size=1, first=(t:2, i:10), METADATAENTRY(c9)
2019-10-18 05:10:33,459 [EventQueue-ContainerReportForContainerReportHandler] WARN  container.ContainerReportHandler (AbstractContainerReportHandler.java:updateContainerState(145)) - Container #1 is in OPEN state, but the datanode 06992730-799e-49b1-b4b4-a9e995f4f1fe{ip: 192.168.69.125, host: pr-hdds-2311-zjr6r-3188632456, networkLocation: /default-rack, certSerialId: null} reports an CLOSED replica.
2019-10-18 05:10:33,484 [EventQueue-ContainerReportForContainerReportHandler] WARN  container.ContainerReportHandler (AbstractContainerReportHandler.java:updateContainerState(145)) - Container #1 is in OPEN state, but the datanode e63c905b-6e24-4a59-beee-02f8929d0b77{ip: 192.168.69.125, host: pr-hdds-2311-zjr6r-3188632456, networkLocation: /default-rack, certSerialId: null} reports an CLOSED replica.
2019-10-18 05:10:33,755 [BlockDeletingService#2] WARN  background.BlockDeletingService (BlockDeletingService.java:isDeletionAllowed(187)) - Close Container log Index 6 is not replicated across allthe servers in the pipeline 7b6774a4-dfa8-469c-9b78-3c260a0191aa as the min replicated index is 4. Deletion is not allowed in this container yet.
2019-10-18 05:10:33,757 [BlockDeletingService#2] WARN  background.BlockDeletingService (BlockDeletingService.java:isDeletionAllowed(187)) - Close Container log Index 6 is not replicated across allthe servers in the pipeline 7b6774a4-dfa8-469c-9b78-3c260a0191aa as the min replicated index is 4. Deletion is not allowed in this container yet.
2019-10-18 05:10:33,759 [EventQueue-ContainerReportForContainerReportHandler] WARN  container.ContainerReportHandler (AbstractContainerReportHandler.java:updateContainerState(145)) - Container #1 is in OPEN state, but the datanode 06992730-799e-49b1-b4b4-a9e995f4f1fe{ip: 192.168.69.125, host: pr-hdds-2311-zjr6r-3188632456, networkLocation: /default-rack, certSerialId: null} reports an CLOSED replica.
2019-10-18 05:10:33,884 [EventQueue-ContainerReportForContainerReportHandler] WARN  container.ContainerReportHandler (AbstractContainerReportHandler.java:updateContainerState(145)) - Container #1 is in OPEN state, but the datanode e63c905b-6e24-4a59-beee-02f8929d0b77{ip: 192.168.69.125, host: pr-hdds-2311-zjr6r-3188632456, networkLocation: /default-rack, certSerialId: null} reports an CLOSED replica.
2019-10-18 05:10:34,084 [EventQueue-ContainerReportForContainerReportHandler] WARN  container.ContainerReportHandler (AbstractContainerReportHandler.java:updateContainerState(145)) - Container #1 is in OPEN state, but the datanode e63c905b-6e24-4a59-beee-02f8929d0b77{ip: 192.168.69.125, host: pr-hdds-2311-zjr6r-3188632456, networkLocation: /default-rack, certSerialId: null} reports an CLOSED replica.
2019-10-18 05:10:34,160 [EventQueue-ContainerReportForContainerReportHandler] WARN  container.ContainerReportHandler (AbstractContainerReportHandler.java:updateContainerState(145)) - Container #1 is in OPEN state, but the datanode 06992730-799e-49b1-b4b4-a9e995f4f1fe{ip: 192.168.69.125, host: pr-hdds-2311-zjr6r-3188632456, networkLocation: /default-rack, certSerialId: null} reports an CLOSED replica.
2019-10-18 05:10:34,284 [EventQueue-ContainerReportForContainerReportHandler] WARN  container.ContainerReportHandler (AbstractContainerReportHandler.java:updateContainerState(145)) - Container #1 is in OPEN state, but the datanode e63c905b-6e24-4a59-beee-02f8929d0b77{ip: 192.168.69.125, host: pr-hdds-2311-zjr6r-3188632456, networkLocation: /default-rack, certSerialId: null} reports an CLOSED replica.
2019-10-18 05:10:34,459 [EventQueue-ContainerReportForContainerReportHandler] WARN  container.ContainerReportHandler (AbstractContainerReportHandler.java:updateContainerState(145)) - Container #1 is in OPEN state, but the datanode 06992730-799e-49b1-b4b4-a9e995f4f1fe{ip: 192.168.69.125, host: pr-hdds-2311-zjr6r-3188632456, networkLocation: /default-rack, certSerialId: null} reports an CLOSED replica.
2019-10-18 05:10:34,685 [EventQueue-ContainerReportForContainerReportHandler] WARN  container.ContainerReportHandler (AbstractContainerReportHandler.java:updateContainerState(145)) - Container #1 is in OPEN state, but the datanode e63c905b-6e24-4a59-beee-02f8929d0b77{ip: 192.168.69.125, host: pr-hdds-2311-zjr6r-3188632456, networkLocation: /default-rack, certSerialId: null} reports an CLOSED replica.
2019-10-18 05:10:34,758 [BlockDeletingService#2] WARN  background.BlockDeletingService (BlockDeletingService.java:isDeletionAllowed(187)) - Close Container log Index 6 is not replicated across allthe servers in the pipeline 7b6774a4-dfa8-469c-9b78-3c260a0191aa as the min replicated index is 4. Deletion is not allowed in this container yet.
2019-10-18 05:10:34,758 [BlockDeletingService#2] WARN  background.BlockDeletingService (BlockDeletingService.java:isDeletionAllowed(187)) - Close Container log Index 6 is not replicated across allthe servers in the pipeline 7b6774a4-dfa8-469c-9b78-3c260a0191aa as the min replicated index is 4. Deletion is not allowed in this container yet.
2019-10-18 05:10:34,760 [EventQueue-ContainerReportForContainerReportHandler] WARN  container.ContainerReportHandler (AbstractContainerReportHandler.java:updateContainerState(145)) - Container #1 is in OPEN state, but the datanode 06992730-799e-49b1-b4b4-a9e995f4f1fe{ip: 192.168.69.125, host: pr-hdds-2311-zjr6r-3188632456, networkLocation: /default-rack, certSerialId: null} reports an CLOSED replica.
2019-10-18 05:10:34,884 [EventQueue-ContainerReportForContainerReportHandler] WARN  container.ContainerReportHandler (AbstractContainerReportHandler.java:updateContainerState(145)) - Container #1 is in OPEN state, but the datanode e63c905b-6e24-4a59-beee-02f8929d0b77{ip: 192.168.69.125, host: pr-hdds-2311-zjr6r-3188632456, networkLocation: /default-rack, certSerialId: null} reports an CLOSED replica.
2019-10-18 05:10:35,061 [EventQueue-ContainerReportForContainerReportHandler] WARN  container.ContainerReportHandler (AbstractContainerReportHandler.java:updateContainerState(145)) - Container #1 is in OPEN state, but the datanode 06992730-799e-49b1-b4b4-a9e995f4f1fe{ip: 192.168.69.125, host: pr-hdds-2311-zjr6r-3188632456, networkLocation: /default-rack, certSerialId: null} reports an CLOSED replica.
2019-10-18 05:10:35,185 [EventQueue-ContainerReportForContainerReportHandler] WARN  container.ContainerReportHandler (AbstractContainerReportHandler.java:updateContainerState(145)) - Container #1 is in OPEN state, but the datanode e63c905b-6e24-4a59-beee-02f8929d0b77{ip: 192.168.69.125, host: pr-hdds-2311-zjr6r-3188632456, networkLocation: /default-rack, certSerialId: null} reports an CLOSED replica.
2019-10-18 05:10:35,260 [EventQueue-ContainerReportForContainerReportHandler] WARN  container.ContainerReportHandler (AbstractContainerReportHandler.java:updateContainerState(145)) - Container #1 is in OPEN state, but the datanode 06992730-799e-49b1-b4b4-a9e995f4f1fe{ip: 192.168.69.125, host: pr-hdds-2311-zjr6r-3188632456, networkLocation: /default-rack, certSerialId: null} reports an CLOSED replica.
2019-10-18 05:10:35,386 [EventQueue-ContainerReportForContainerReportHandler] WARN  container.ContainerReportHandler (AbstractContainerReportHandler.java:updateContainerState(145)) - Container #1 is in OPEN state, but the datanode e63c905b-6e24-4a59-beee-02f8929d0b77{ip: 192.168.69.125, host: pr-hdds-2311-zjr6r-3188632456, networkLocation: /default-rack, certSerialId: null} reports an CLOSED replica.
2019-10-18 05:10:35,561 [EventQueue-ContainerReportForContainerReportHandler] WARN  container.ContainerReportHandler (AbstractContainerReportHandler.java:updateContainerState(145)) - Container #1 is in OPEN state, but the datanode 06992730-799e-49b1-b4b4-a9e995f4f1fe{ip: 192.168.69.125, host: pr-hdds-2311-zjr6r-3188632456, networkLocation: /default-rack, certSerialId: null} reports an CLOSED replica.
2019-10-18 05:10:35,685 [EventQueue-ContainerReportForContainerReportHandler] WARN  container.ContainerReportHandler (AbstractContainerReportHandler.java:updateContainerState(145)) - Container #1 is in OPEN state, but the datanode e63c905b-6e24-4a59-beee-02f8929d0b77{ip: 192.168.69.125, host: pr-hdds-2311-zjr6r-3188632456, networkLocation: /default-rack, certSerialId: null} reports an CLOSED replica.
2019-10-18 05:10:35,762 [BlockDeletingService#2] WARN  background.BlockDeletingService (BlockDeletingService.java:isDeletionAllowed(187)) - Close Container log Index 6 is not replicated across allthe servers in the pipeline 7b6774a4-dfa8-469c-9b78-3c260a0191aa as the min replicated index is 4. Deletion is not allowed in this container yet.
2019-10-18 05:10:35,762 [BlockDeletingService#2] WARN  background.BlockDeletingService (BlockDeletingService.java:isDeletionAllowed(187)) - Close Container log Index 6 is not replicated across allthe servers in the pipeline 7b6774a4-dfa8-469c-9b78-3c260a0191aa as the min replicated index is 4. Deletion is not allowed in this container yet.
2019-10-18 05:10:35,862 [EventQueue-ContainerReportForContainerReportHandler] WARN  container.ContainerReportHandler (AbstractContainerReportHandler.java:updateContainerState(145)) - Container #1 is in OPEN state, but the datanode 06992730-799e-49b1-b4b4-a9e995f4f1fe{ip: 192.168.69.125, host: pr-hdds-2311-zjr6r-3188632456, networkLocation: /default-rack, certSerialId: null} reports an CLOSED replica.
2019-10-18 05:10:35,901 [java.util.concurrent.ThreadPoolExecutor$Worker@4eabad00[State = -1, empty queue]] WARN  server.GrpcLogAppender (GrpcLogAppender.java:timeoutAppendRequest(209)) - 06992730-799e-49b1-b4b4-a9e995f4f1fe@group-3C260A0191AA->56eab7d4-40e2-4b28-9c72-53449258b8a2-GrpcLogAppender: appendEntries Timeout, request=06992730-799e-49b1-b4b4-a9e995f4f1fe->56eab7d4-40e2-4b28-9c72-53449258b8a2#26-t2, previous=(t:2, i:10), leaderCommit=10, initializing? false, entries: <empty>
2019-10-18 05:10:36,084 [EventQueue-ContainerReportForContainerReportHandler] WARN  container.ContainerReportHandler (AbstractContainerReportHandler.java:updateContainerState(145)) - Container #1 is in OPEN state, but the datanode e63c905b-6e24-4a59-beee-02f8929d0b77{ip: 192.168.69.125, host: pr-hdds-2311-zjr6r-3188632456, networkLocation: /default-rack, certSerialId: null} reports an CLOSED replica.
2019-10-18 05:10:36,163 [EventQueue-ContainerReportForContainerReportHandler] WARN  container.ContainerReportHandler (AbstractContainerReportHandler.java:updateContainerState(145)) - Container #1 is in OPEN state, but the datanode 06992730-799e-49b1-b4b4-a9e995f4f1fe{ip: 192.168.69.125, host: pr-hdds-2311-zjr6r-3188632456, networkLocation: /default-rack, certSerialId: null} reports an CLOSED replica.
2019-10-18 05:10:36,464 [EventQueue-ContainerReportForContainerReportHandler] WARN  container.ContainerReportHandler (AbstractContainerReportHandler.java:updateContainerState(145)) - Container #1 is in OPEN state, but the datanode 06992730-799e-49b1-b4b4-a9e995f4f1fe{ip: 192.168.69.125, host: pr-hdds-2311-zjr6r-3188632456, networkLocation: /default-rack, certSerialId: null} reports an CLOSED replica.
2019-10-18 05:10:36,484 [EventQueue-ContainerReportForContainerReportHandler] WARN  container.ContainerReportHandler (AbstractContainerReportHandler.java:updateContainerState(145)) - Container #1 is in OPEN state, but the datanode e63c905b-6e24-4a59-beee-02f8929d0b77{ip: 192.168.69.125, host: pr-hdds-2311-zjr6r-3188632456, networkLocation: /default-rack, certSerialId: null} reports an CLOSED replica.
2019-10-18 05:10:36,684 [EventQueue-ContainerReportForContainerReportHandler] WARN  container.ContainerReportHandler (AbstractContainerReportHandler.java:updateContainerState(145)) - Container #1 is in OPEN state, but the datanode e63c905b-6e24-4a59-beee-02f8929d0b77{ip: 192.168.69.125, host: pr-hdds-2311-zjr6r-3188632456, networkLocation: /default-rack, certSerialId: null} reports an CLOSED replica.
2019-10-18 05:10:36,764 [BlockDeletingService#2] WARN  background.BlockDeletingService (BlockDeletingService.java:isDeletionAllowed(187)) - Close Container log Index 6 is not replicated across allthe servers in the pipeline 7b6774a4-dfa8-469c-9b78-3c260a0191aa as the min replicated index is 4. Deletion is not allowed in this container yet.
2019-10-18 05:10:36,764 [BlockDeletingService#2] WARN  background.BlockDeletingService (BlockDeletingService.java:isDeletionAllowed(187)) - Close Container log Index 6 is not replicated across allthe servers in the pipeline 7b6774a4-dfa8-469c-9b78-3c260a0191aa as the min replicated index is 4. Deletion is not allowed in this container yet.
2019-10-18 05:10:36,864 [EventQueue-ContainerReportForContainerReportHandler] WARN  container.ContainerReportHandler (AbstractContainerReportHandler.java:updateContainerState(145)) - Container #1 is in OPEN state, but the datanode 06992730-799e-49b1-b4b4-a9e995f4f1fe{ip: 192.168.69.125, host: pr-hdds-2311-zjr6r-3188632456, networkLocation: /default-rack, certSerialId: null} reports an CLOSED replica.
2019-10-18 05:10:36,984 [EventQueue-ContainerReportForContainerReportHandler] WARN  container.ContainerReportHandler (AbstractContainerReportHandler.java:updateContainerState(145)) - Container #1 is in OPEN state, but the datanode e63c905b-6e24-4a59-beee-02f8929d0b77{ip: 192.168.69.125, host: pr-hdds-2311-zjr6r-3188632456, networkLocation: /default-rack, certSerialId: null} reports an CLOSED replica.
2019-10-18 05:10:37,165 [EventQueue-ContainerReportForContainerReportHandler] WARN  container.ContainerReportHandler (AbstractContainerReportHandler.java:updateContainerState(145)) - Container #1 is in OPEN state, but the datanode 06992730-799e-49b1-b4b4-a9e995f4f1fe{ip: 192.168.69.125, host: pr-hdds-2311-zjr6r-3188632456, networkLocation: /default-rack, certSerialId: null} reports an CLOSED replica.
2019-10-18 05:10:37,284 [EventQueue-ContainerReportForContainerReportHandler] WARN  container.ContainerReportHandler (AbstractContainerReportHandler.java:updateContainerState(145)) - Container #1 is in OPEN state, but the datanode e63c905b-6e24-4a59-beee-02f8929d0b77{ip: 192.168.69.125, host: pr-hdds-2311-zjr6r-3188632456, networkLocation: /default-rack, certSerialId: null} reports an CLOSED replica.
2019-10-18 05:10:37,568 [EventQueue-ContainerReportForContainerReportHandler] WARN  container.ContainerReportHandler (AbstractContainerReportHandler.java:updateContainerState(145)) - Container #1 is in OPEN state, but the datanode 06992730-799e-49b1-b4b4-a9e995f4f1fe{ip: 192.168.69.125, host: pr-hdds-2311-zjr6r-3188632456, networkLocation: /default-rack, certSerialId: null} reports an CLOSED replica.
2019-10-18 05:10:37,584 [EventQueue-ContainerReportForContainerReportHandler] WARN  container.ContainerReportHandler (AbstractContainerReportHandler.java:updateContainerState(145)) - Container #1 is in OPEN state, but the datanode e63c905b-6e24-4a59-beee-02f8929d0b77{ip: 192.168.69.125, host: pr-hdds-2311-zjr6r-3188632456, networkLocation: /default-rack, certSerialId: null} reports an CLOSED replica.
2019-10-18 05:10:37,767 [BlockDeletingService#2] WARN  background.BlockDeletingService (BlockDeletingService.java:isDeletionAllowed(187)) - Close Container log Index 6 is not replicated across allthe servers in the pipeline 7b6774a4-dfa8-469c-9b78-3c260a0191aa as the min replicated index is 4. Deletion is not allowed in this container yet.
2019-10-18 05:10:37,767 [BlockDeletingService#2] WARN  background.BlockDeletingService (BlockDeletingService.java:isDeletionAllowed(187)) - Close Container log Index 6 is not replicated across allthe servers in the pipeline 7b6774a4-dfa8-469c-9b78-3c260a0191aa as the min replicated index is 4. Deletion is not allowed in this container yet.
2019-10-18 05:10:37,786 [EventQueue-ContainerReportForContainerReportHandler] WARN  container.ContainerReportHandler (AbstractContainerReportHandler.java:updateContainerState(145)) - Container #1 is in OPEN state, but the datanode e63c905b-6e24-4a59-beee-02f8929d0b77{ip: 192.168.69.125, host: pr-hdds-2311-zjr6r-3188632456, networkLocation: /default-rack, certSerialId: null} reports an CLOSED replica.
2019-10-18 05:10:37,867 [EventQueue-ContainerReportForContainerReportHandler] WARN  container.ContainerReportHandler (AbstractContainerReportHandler.java:updateContainerState(145)) - Container #1 is in OPEN state, but the datanode 06992730-799e-49b1-b4b4-a9e995f4f1fe{ip: 192.168.69.125, host: pr-hdds-2311-zjr6r-3188632456, networkLocation: /default-rack, certSerialId: null} reports an CLOSED replica.
2019-10-18 05:10:38,086 [EventQueue-ContainerReportForContainerReportHandler] WARN  container.ContainerReportHandler (AbstractContainerReportHandler.java:updateContainerState(145)) - Container #1 is in OPEN state, but the datanode e63c905b-6e24-4a59-beee-02f8929d0b77{ip: 192.168.69.125, host: pr-hdds-2311-zjr6r-3188632456, networkLocation: /default-rack, certSerialId: null} reports an CLOSED replica.
2019-10-18 05:10:38,168 [EventQueue-ContainerReportForContainerReportHandler] WARN  container.ContainerReportHandler (AbstractContainerReportHandler.java:updateContainerState(145)) - Container #1 is in OPEN state, but the datanode 06992730-799e-49b1-b4b4-a9e995f4f1fe{ip: 192.168.69.125, host: pr-hdds-2311-zjr6r-3188632456, networkLocation: /default-rack, certSerialId: null} reports an CLOSED replica.
2019-10-18 05:10:38,367 [EventQueue-ContainerReportForContainerReportHandler] WARN  container.ContainerReportHandler (AbstractContainerReportHandler.java:updateContainerState(145)) - Container #1 is in OPEN state, but the datanode 06992730-799e-49b1-b4b4-a9e995f4f1fe{ip: 192.168.69.125, host: pr-hdds-2311-zjr6r-3188632456, networkLocation: /default-rack, certSerialId: null} reports an CLOSED replica.
2019-10-18 05:10:38,403 [java.util.concurrent.ThreadPoolExecutor$Worker@4eabad00[State = -1, empty queue]] WARN  server.GrpcLogAppender (GrpcLogAppender.java:timeoutAppendRequest(209)) - 06992730-799e-49b1-b4b4-a9e995f4f1fe@group-3C260A0191AA->56eab7d4-40e2-4b28-9c72-53449258b8a2-GrpcLogAppender: appendEntries Timeout, request=06992730-799e-49b1-b4b4-a9e995f4f1fe->56eab7d4-40e2-4b28-9c72-53449258b8a2#27-t2, previous=(t:2, i:10), leaderCommit=10, initializing? false, entries: <empty>
2019-10-18 05:10:38,487 [EventQueue-ContainerReportForContainerReportHandler] WARN  container.ContainerReportHandler (AbstractContainerReportHandler.java:updateContainerState(145)) - Container #1 is in OPEN state, but the datanode e63c905b-6e24-4a59-beee-02f8929d0b77{ip: 192.168.69.125, host: pr-hdds-2311-zjr6r-3188632456, networkLocation: /default-rack, certSerialId: null} reports an CLOSED replica.
2019-10-18 05:10:38,770 [EventQueue-ContainerReportForContainerReportHandler] WARN  container.ContainerReportHandler (AbstractContainerReportHandler.java:updateContainerState(145)) - Container #1 is in OPEN state, but the datanode 06992730-799e-49b1-b4b4-a9e995f4f1fe{ip: 192.168.69.125, host: pr-hdds-2311-zjr6r-3188632456, networkLocation: /default-rack, certSerialId: null} reports an CLOSED replica.
2019-10-18 05:10:38,770 [BlockDeletingService#2] WARN  background.BlockDeletingService (BlockDeletingService.java:isDeletionAllowed(187)) - Close Container log Index 6 is not replicated across allthe servers in the pipeline 7b6774a4-dfa8-469c-9b78-3c260a0191aa as the min replicated index is 4. Deletion is not allowed in this container yet.
2019-10-18 05:10:38,770 [BlockDeletingService#2] WARN  background.BlockDeletingService (BlockDeletingService.java:isDeletionAllowed(187)) - Close Container log Index 6 is not replicated across allthe servers in the pipeline 7b6774a4-dfa8-469c-9b78-3c260a0191aa as the min replicated index is 4. Deletion is not allowed in this container yet.
2019-10-18 05:10:38,788 [EventQueue-ContainerReportForContainerReportHandler] WARN  container.ContainerReportHandler (AbstractContainerReportHandler.java:updateContainerState(145)) - Container #1 is in OPEN state, but the datanode e63c905b-6e24-4a59-beee-02f8929d0b77{ip: 192.168.69.125, host: pr-hdds-2311-zjr6r-3188632456, networkLocation: /default-rack, certSerialId: null} reports an CLOSED replica.
2019-10-18 05:10:39,169 [EventQueue-ContainerReportForContainerReportHandler] WARN  container.ContainerReportHandler (AbstractContainerReportHandler.java:updateContainerState(145)) - Container #1 is in OPEN state, but the datanode 06992730-799e-49b1-b4b4-a9e995f4f1fe{ip: 192.168.69.125, host: pr-hdds-2311-zjr6r-3188632456, networkLocation: /default-rack, certSerialId: null} reports an CLOSED replica.
2019-10-18 05:10:39,188 [EventQueue-ContainerReportForContainerReportHandler] WARN  container.ContainerReportHandler (AbstractContainerReportHandler.java:updateContainerState(145)) - Container #1 is in OPEN state, but the datanode e63c905b-6e24-4a59-beee-02f8929d0b77{ip: 192.168.69.125, host: pr-hdds-2311-zjr6r-3188632456, networkLocation: /default-rack, certSerialId: null} reports an CLOSED replica.
2019-10-18 05:10:39,389 [EventQueue-ContainerReportForContainerReportHandler] WARN  container.ContainerReportHandler (AbstractContainerReportHandler.java:updateContainerState(145)) - Container #1 is in OPEN state, but the datanode e63c905b-6e24-4a59-beee-02f8929d0b77{ip: 192.168.69.125, host: pr-hdds-2311-zjr6r-3188632456, networkLocation: /default-rack, certSerialId: null} reports an CLOSED replica.
2019-10-18 05:10:39,478 [Thread-347] INFO  client.GrpcClientProtocolService (GrpcClientProtocolService.java:lambda$processClientRequest$0(278)) - Failed RaftClientRequest:client-46808F7408E0->e63c905b-6e24-4a59-beee-02f8929d0b77@group-3C260A0191AA, cid=10, seq=0, Watch-ALL_COMMITTED(6), Message:<EMPTY>, reply=RaftClientReply:client-46808F7408E0->e63c905b-6e24-4a59-beee-02f8929d0b77@group-3C260A0191AA, cid=10, FAILED org.apache.ratis.protocol.NotLeaderException: Server e63c905b-6e24-4a59-beee-02f8929d0b77@group-3C260A0191AA is not the leader 06992730-799e-49b1-b4b4-a9e995f4f1fe:192.168.69.125:34681, logIndex=0, commits[e63c905b-6e24-4a59-beee-02f8929d0b77:c10, 56eab7d4-40e2-4b28-9c72-53449258b8a2:c4, 06992730-799e-49b1-b4b4-a9e995f4f1fe:c10]
2019-10-18 05:10:39,569 [EventQueue-ContainerReportForContainerReportHandler] WARN  container.ContainerReportHandler (AbstractContainerReportHandler.java:updateContainerState(145)) - Container #1 is in OPEN state, but the datanode 06992730-799e-49b1-b4b4-a9e995f4f1fe{ip: 192.168.69.125, host: pr-hdds-2311-zjr6r-3188632456, networkLocation: /default-rack, certSerialId: null} reports an CLOSED replica.
2019-10-18 05:10:39,772 [BlockDeletingService#2] WARN  background.BlockDeletingService (BlockDeletingService.java:isDeletionAllowed(187)) - Close Container log Index 6 is not replicated across allthe servers in the pipeline 7b6774a4-dfa8-469c-9b78-3c260a0191aa as the min replicated index is 4. Deletion is not allowed in this container yet.
2019-10-18 05:10:39,773 [BlockDeletingService#2] WARN  background.BlockDeletingService (BlockDeletingService.java:isDeletionAllowed(187)) - Close Container log Index 6 is not replicated across allthe servers in the pipeline 7b6774a4-dfa8-469c-9b78-3c260a0191aa as the min replicated index is 4. Deletion is not allowed in this container yet.
2019-10-18 05:10:39,789 [EventQueue-ContainerReportForContainerReportHandler] WARN  container.ContainerReportHandler (AbstractContainerReportHandler.java:updateContainerState(145)) - Container #1 is in OPEN state, but the datanode e63c905b-6e24-4a59-beee-02f8929d0b77{ip: 192.168.69.125, host: pr-hdds-2311-zjr6r-3188632456, networkLocation: /default-rack, certSerialId: null} reports an CLOSED replica.
2019-10-18 05:10:39,869 [EventQueue-ContainerReportForContainerReportHandler] WARN  container.ContainerReportHandler (AbstractContainerReportHandler.java:updateContainerState(145)) - Container #1 is in OPEN state, but the datanode 06992730-799e-49b1-b4b4-a9e995f4f1fe{ip: 192.168.69.125, host: pr-hdds-2311-zjr6r-3188632456, networkLocation: /default-rack, certSerialId: null} reports an CLOSED replica.
2019-10-18 05:10:39,884 [Thread-352] INFO  client.GrpcClientProtocolService (GrpcClientProtocolService.java:lambda$processClientRequest$0(278)) - Failed RaftClientRequest:client-46808F7408E0->06992730-799e-49b1-b4b4-a9e995f4f1fe@group-3C260A0191AA, cid=10, seq=0, Watch-ALL_COMMITTED(6), Message:<EMPTY>, reply=RaftClientReply:client-46808F7408E0->06992730-799e-49b1-b4b4-a9e995f4f1fe@group-3C260A0191AA, cid=10, FAILED org.apache.ratis.protocol.NotReplicatedException: Request with call Id 10 and log index 6 is not yet replicated to ALL_COMMITTED, logIndex=6, commits[06992730-799e-49b1-b4b4-a9e995f4f1fe:c10, e63c905b-6e24-4a59-beee-02f8929d0b77:c10, 56eab7d4-40e2-4b28-9c72-53449258b8a2:c4]
2019-10-18 05:10:40,089 [EventQueue-ContainerReportForContainerReportHandler] WARN  container.ContainerReportHandler (AbstractContainerReportHandler.java:updateContainerState(145)) - Container #1 is in OPEN state, but the datanode e63c905b-6e24-4a59-beee-02f8929d0b77{ip: 192.168.69.125, host: pr-hdds-2311-zjr6r-3188632456, networkLocation: /default-rack, certSerialId: null} reports an CLOSED replica.
2019-10-18 05:10:40,170 [EventQueue-ContainerReportForContainerReportHandler] WARN  container.ContainerReportHandler (AbstractContainerReportHandler.java:updateContainerState(145)) - Container #1 is in OPEN state, but the datanode 06992730-799e-49b1-b4b4-a9e995f4f1fe{ip: 192.168.69.125, host: pr-hdds-2311-zjr6r-3188632456, networkLocation: /default-rack, certSerialId: null} reports an CLOSED replica.
2019-10-18 05:10:40,388 [EventQueue-ContainerReportForContainerReportHandler] WARN  container.ContainerReportHandler (AbstractContainerReportHandler.java:updateContainerState(145)) - Container #1 is in OPEN state, but the datanode e63c905b-6e24-4a59-beee-02f8929d0b77{ip: 192.168.69.125, host: pr-hdds-2311-zjr6r-3188632456, networkLocation: /default-rack, certSerialId: null} reports an CLOSED replica.
2019-10-18 05:10:40,469 [EventQueue-ContainerReportForContainerReportHandler] WARN  container.ContainerReportHandler (AbstractContainerReportHandler.java:updateContainerState(145)) - Container #1 is in OPEN state, but the datanode 06992730-799e-49b1-b4b4-a9e995f4f1fe{ip: 192.168.69.125, host: pr-hdds-2311-zjr6r-3188632456, networkLocation: /default-rack, certSerialId: null} reports an CLOSED replica.
2019-10-18 05:10:40,688 [EventQueue-ContainerReportForContainerReportHandler] WARN  container.ContainerReportHandler (AbstractContainerReportHandler.java:updateContainerState(145)) - Container #1 is in OPEN state, but the datanode e63c905b-6e24-4a59-beee-02f8929d0b77{ip: 192.168.69.125, host: pr-hdds-2311-zjr6r-3188632456, networkLocation: /default-rack, certSerialId: null} reports an CLOSED replica.
2019-10-18 05:10:40,770 [EventQueue-ContainerReportForContainerReportHandler] WARN  container.ContainerReportHandler (AbstractContainerReportHandler.java:updateContainerState(145)) - Container #1 is in OPEN state, but the datanode 06992730-799e-49b1-b4b4-a9e995f4f1fe{ip: 192.168.69.125, host: pr-hdds-2311-zjr6r-3188632456, networkLocation: /default-rack, certSerialId: null} reports an CLOSED replica.
2019-10-18 05:10:40,774 [BlockDeletingService#2] WARN  background.BlockDeletingService (BlockDeletingService.java:isDeletionAllowed(187)) - Close Container log Index 6 is not replicated across allthe servers in the pipeline 7b6774a4-dfa8-469c-9b78-3c260a0191aa as the min replicated index is 4. Deletion is not allowed in this container yet.
2019-10-18 05:10:40,776 [BlockDeletingService#2] WARN  background.BlockDeletingService (BlockDeletingService.java:isDeletionAllowed(187)) - Close Container log Index 6 is not replicated across allthe servers in the pipeline 7b6774a4-dfa8-469c-9b78-3c260a0191aa as the min replicated index is 4. Deletion is not allowed in this container yet.
2019-10-18 05:10:40,905 [java.util.concurrent.ThreadPoolExecutor$Worker@4eabad00[State = -1, empty queue]] WARN  server.GrpcLogAppender (GrpcLogAppender.java:timeoutAppendRequest(209)) - 06992730-799e-49b1-b4b4-a9e995f4f1fe@group-3C260A0191AA->56eab7d4-40e2-4b28-9c72-53449258b8a2-GrpcLogAppender: appendEntries Timeout, request=06992730-799e-49b1-b4b4-a9e995f4f1fe->56eab7d4-40e2-4b28-9c72-53449258b8a2#28-t2, previous=(t:2, i:10), leaderCommit=10, initializing? false, entries: <empty>
2019-10-18 05:10:41,069 [EventQueue-ContainerReportForContainerReportHandler] WARN  container.ContainerReportHandler (AbstractContainerReportHandler.java:updateContainerState(145)) - Container #1 is in OPEN state, but the datanode 06992730-799e-49b1-b4b4-a9e995f4f1fe{ip: 192.168.69.125, host: pr-hdds-2311-zjr6r-3188632456, networkLocation: /default-rack, certSerialId: null} reports an CLOSED replica.
2019-10-18 05:10:41,089 [EventQueue-ContainerReportForContainerReportHandler] WARN  container.ContainerReportHandler (AbstractContainerReportHandler.java:updateContainerState(145)) - Container #1 is in OPEN state, but the datanode e63c905b-6e24-4a59-beee-02f8929d0b77{ip: 192.168.69.125, host: pr-hdds-2311-zjr6r-3188632456, networkLocation: /default-rack, certSerialId: null} reports an CLOSED replica.
2019-10-18 05:10:41,270 [EventQueue-ContainerReportForContainerReportHandler] WARN  container.ContainerReportHandler (AbstractContainerReportHandler.java:updateContainerState(145)) - Container #1 is in OPEN state, but the datanode 06992730-799e-49b1-b4b4-a9e995f4f1fe{ip: 192.168.69.125, host: pr-hdds-2311-zjr6r-3188632456, networkLocation: /default-rack, certSerialId: null} reports an CLOSED replica.
2019-10-18 05:10:41,390 [EventQueue-ContainerReportForContainerReportHandler] WARN  container.ContainerReportHandler (AbstractContainerReportHandler.java:updateContainerState(145)) - Container #1 is in OPEN state, but the datanode e63c905b-6e24-4a59-beee-02f8929d0b77{ip: 192.168.69.125, host: pr-hdds-2311-zjr6r-3188632456, networkLocation: /default-rack, certSerialId: null} reports an CLOSED replica.
2019-10-18 05:10:41,569 [EventQueue-ContainerReportForContainerReportHandler] WARN  container.ContainerReportHandler (AbstractContainerReportHandler.java:updateContainerState(145)) - Container #1 is in OPEN state, but the datanode 06992730-799e-49b1-b4b4-a9e995f4f1fe{ip: 192.168.69.125, host: pr-hdds-2311-zjr6r-3188632456, networkLocation: /default-rack, certSerialId: null} reports an CLOSED replica.
2019-10-18 05:10:41,590 [EventQueue-ContainerReportForContainerReportHandler] WARN  container.ContainerReportHandler (AbstractContainerReportHandler.java:updateContainerState(145)) - Container #1 is in OPEN state, but the datanode e63c905b-6e24-4a59-beee-02f8929d0b77{ip: 192.168.69.125, host: pr-hdds-2311-zjr6r-3188632456, networkLocation: /default-rack, certSerialId: null} reports an CLOSED replica.
2019-10-18 05:10:41,778 [BlockDeletingService#2] WARN  background.BlockDeletingService (BlockDeletingService.java:isDeletionAllowed(187)) - Close Container log Index 6 is not replicated across allthe servers in the pipeline 7b6774a4-dfa8-469c-9b78-3c260a0191aa as the min replicated index is 4. Deletion is not allowed in this container yet.
2019-10-18 05:10:41,778 [BlockDeletingService#2] WARN  background.BlockDeletingService (BlockDeletingService.java:isDeletionAllowed(187)) - Close Container log Index 6 is not replicated across allthe servers in the pipeline 7b6774a4-dfa8-469c-9b78-3c260a0191aa as the min replicated index is 4. Deletion is not allowed in this container yet.
2019-10-18 05:10:41,869 [EventQueue-ContainerReportForContainerReportHandler] WARN  container.ContainerReportHandler (AbstractContainerReportHandler.java:updateContainerState(145)) - Container #1 is in OPEN state, but the datanode 06992730-799e-49b1-b4b4-a9e995f4f1fe{ip: 192.168.69.125, host: pr-hdds-2311-zjr6r-3188632456, networkLocation: /default-rack, certSerialId: null} reports an CLOSED replica.
2019-10-18 05:10:41,989 [EventQueue-ContainerReportForContainerReportHandler] WARN  container.ContainerReportHandler (AbstractContainerReportHandler.java:updateContainerState(145)) - Container #1 is in OPEN state, but the datanode e63c905b-6e24-4a59-beee-02f8929d0b77{ip: 192.168.69.125, host: pr-hdds-2311-zjr6r-3188632456, networkLocation: /default-rack, certSerialId: null} reports an CLOSED replica.
2019-10-18 05:10:42,171 [EventQueue-ContainerReportForContainerReportHandler] WARN  container.ContainerReportHandler (AbstractContainerReportHandler.java:updateContainerState(145)) - Container #1 is in OPEN state, but the datanode 06992730-799e-49b1-b4b4-a9e995f4f1fe{ip: 192.168.69.125, host: pr-hdds-2311-zjr6r-3188632456, networkLocation: /default-rack, certSerialId: null} reports an CLOSED replica.
2019-10-18 05:10:42,369 [EventQueue-ContainerReportForContainerReportHandler] WARN  container.ContainerReportHandler (AbstractContainerReportHandler.java:updateContainerState(145)) - Container #1 is in OPEN state, but the datanode 06992730-799e-49b1-b4b4-a9e995f4f1fe{ip: 192.168.69.125, host: pr-hdds-2311-zjr6r-3188632456, networkLocation: /default-rack, certSerialId: null} reports an CLOSED replica.
2019-10-18 05:10:42,389 [EventQueue-ContainerReportForContainerReportHandler] WARN  container.ContainerReportHandler (AbstractContainerReportHandler.java:updateContainerState(145)) - Container #1 is in OPEN state, but the datanode e63c905b-6e24-4a59-beee-02f8929d0b77{ip: 192.168.69.125, host: pr-hdds-2311-zjr6r-3188632456, networkLocation: /default-rack, certSerialId: null} reports an CLOSED replica.
2019-10-18 05:10:42,589 [EventQueue-ContainerReportForContainerReportHandler] WARN  container.ContainerReportHandler (AbstractContainerReportHandler.java:updateContainerState(145)) - Container #1 is in OPEN state, but the datanode e63c905b-6e24-4a59-beee-02f8929d0b77{ip: 192.168.69.125, host: pr-hdds-2311-zjr6r-3188632456, networkLocation: /default-rack, certSerialId: null} reports an CLOSED replica.
2019-10-18 05:10:42,770 [EventQueue-ContainerReportForContainerReportHandler] WARN  container.ContainerReportHandler (AbstractContainerReportHandler.java:updateContainerState(145)) - Container #1 is in OPEN state, but the datanode 06992730-799e-49b1-b4b4-a9e995f4f1fe{ip: 192.168.69.125, host: pr-hdds-2311-zjr6r-3188632456, networkLocation: /default-rack, certSerialId: null} reports an CLOSED replica.
2019-10-18 05:10:42,779 [BlockDeletingService#2] WARN  background.BlockDeletingService (BlockDeletingService.java:isDeletionAllowed(187)) - Close Container log Index 6 is not replicated across allthe servers in the pipeline 7b6774a4-dfa8-469c-9b78-3c260a0191aa as the min replicated index is 4. Deletion is not allowed in this container yet.
2019-10-18 05:10:42,780 [BlockDeletingService#2] WARN  background.BlockDeletingService (BlockDeletingService.java:isDeletionAllowed(187)) - Close Container log Index 6 is not replicated across allthe servers in the pipeline 7b6774a4-dfa8-469c-9b78-3c260a0191aa as the min replicated index is 4. Deletion is not allowed in this container yet.
2019-10-18 05:10:42,889 [EventQueue-ContainerReportForContainerReportHandler] WARN  container.ContainerReportHandler (AbstractContainerReportHandler.java:updateContainerState(145)) - Container #1 is in OPEN state, but the datanode e63c905b-6e24-4a59-beee-02f8929d0b77{ip: 192.168.69.125, host: pr-hdds-2311-zjr6r-3188632456, networkLocation: /default-rack, certSerialId: null} reports an CLOSED replica.
2019-10-18 05:10:43,170 [EventQueue-ContainerReportForContainerReportHandler] WARN  container.ContainerReportHandler (AbstractContainerReportHandler.java:updateContainerState(145)) - Container #1 is in OPEN state, but the datanode 06992730-799e-49b1-b4b4-a9e995f4f1fe{ip: 192.168.69.125, host: pr-hdds-2311-zjr6r-3188632456, networkLocation: /default-rack, certSerialId: null} reports an CLOSED replica.
2019-10-18 05:10:43,191 [EventQueue-ContainerReportForContainerReportHandler] WARN  container.ContainerReportHandler (AbstractContainerReportHandler.java:updateContainerState(145)) - Container #1 is in OPEN state, but the datanode e63c905b-6e24-4a59-beee-02f8929d0b77{ip: 192.168.69.125, host: pr-hdds-2311-zjr6r-3188632456, networkLocation: /default-rack, certSerialId: null} reports an CLOSED replica.
2019-10-18 05:10:43,371 [EventQueue-ContainerReportForContainerReportHandler] WARN  container.ContainerReportHandler (AbstractContainerReportHandler.java:updateContainerState(145)) - Container #1 is in OPEN state, but the datanode 06992730-799e-49b1-b4b4-a9e995f4f1fe{ip: 192.168.69.125, host: pr-hdds-2311-zjr6r-3188632456, networkLocation: /default-rack, certSerialId: null} reports an CLOSED replica.
2019-10-18 05:10:43,406 [java.util.concurrent.ThreadPoolExecutor$Worker@4eabad00[State = -1, empty queue]] WARN  server.GrpcLogAppender (GrpcLogAppender.java:timeoutAppendRequest(209)) - 06992730-799e-49b1-b4b4-a9e995f4f1fe@group-3C260A0191AA->56eab7d4-40e2-4b28-9c72-53449258b8a2-GrpcLogAppender: appendEntries Timeout, request=06992730-799e-49b1-b4b4-a9e995f4f1fe->56eab7d4-40e2-4b28-9c72-53449258b8a2#29-t2, previous=(t:2, i:10), leaderCommit=10, initializing? false, entries: <empty>
2019-10-18 05:10:43,491 [EventQueue-ContainerReportForContainerReportHandler] WARN  container.ContainerReportHandler (AbstractContainerReportHandler.java:updateContainerState(145)) - Container #1 is in OPEN state, but the datanode e63c905b-6e24-4a59-beee-02f8929d0b77{ip: 192.168.69.125, host: pr-hdds-2311-zjr6r-3188632456, networkLocation: /default-rack, certSerialId: null} reports an CLOSED replica.
2019-10-18 05:10:43,671 [EventQueue-ContainerReportForContainerReportHandler] WARN  container.ContainerReportHandler (AbstractContainerReportHandler.java:updateContainerState(145)) - Container #1 is in OPEN state, but the datanode 06992730-799e-49b1-b4b4-a9e995f4f1fe{ip: 192.168.69.125, host: pr-hdds-2311-zjr6r-3188632456, networkLocation: /default-rack, certSerialId: null} reports an CLOSED replica.
2019-10-18 05:10:43,690 [EventQueue-ContainerReportForContainerReportHandler] WARN  container.ContainerReportHandler (AbstractContainerReportHandler.java:updateContainerState(145)) - Container #1 is in OPEN state, but the datanode e63c905b-6e24-4a59-beee-02f8929d0b77{ip: 192.168.69.125, host: pr-hdds-2311-zjr6r-3188632456, networkLocation: /default-rack, certSerialId: null} reports an CLOSED replica.
2019-10-18 05:10:43,782 [BlockDeletingService#2] WARN  background.BlockDeletingService (BlockDeletingService.java:isDeletionAllowed(187)) - Close Container log Index 6 is not replicated across allthe servers in the pipeline 7b6774a4-dfa8-469c-9b78-3c260a0191aa as the min replicated index is 4. Deletion is not allowed in this container yet.
2019-10-18 05:10:43,782 [BlockDeletingService#2] WARN  background.BlockDeletingService (BlockDeletingService.java:isDeletionAllowed(187)) - Close Container log Index 6 is not replicated across allthe servers in the pipeline 7b6774a4-dfa8-469c-9b78-3c260a0191aa as the min replicated index is 4. Deletion is not allowed in this container yet.
2019-10-18 05:10:43,890 [EventQueue-ContainerReportForContainerReportHandler] WARN  container.ContainerReportHandler (AbstractContainerReportHandler.java:updateContainerState(145)) - Container #1 is in OPEN state, but the datanode e63c905b-6e24-4a59-beee-02f8929d0b77{ip: 192.168.69.125, host: pr-hdds-2311-zjr6r-3188632456, networkLocation: /default-rack, certSerialId: null} reports an CLOSED replica.
2019-10-18 05:10:43,970 [EventQueue-ContainerReportForContainerReportHandler] WARN  container.ContainerReportHandler (AbstractContainerReportHandler.java:updateContainerState(145)) - Container #1 is in OPEN state, but the datanode 06992730-799e-49b1-b4b4-a9e995f4f1fe{ip: 192.168.69.125, host: pr-hdds-2311-zjr6r-3188632456, networkLocation: /default-rack, certSerialId: null} reports an CLOSED replica.
2019-10-18 05:10:44,090 [EventQueue-ContainerReportForContainerReportHandler] WARN  container.ContainerReportHandler (AbstractContainerReportHandler.java:updateContainerState(145)) - Container #1 is in OPEN state, but the datanode e63c905b-6e24-4a59-beee-02f8929d0b77{ip: 192.168.69.125, host: pr-hdds-2311-zjr6r-3188632456, networkLocation: /default-rack, certSerialId: null} reports an CLOSED replica.
2019-10-18 05:10:44,371 [EventQueue-ContainerReportForContainerReportHandler] WARN  container.ContainerReportHandler (AbstractContainerReportHandler.java:updateContainerState(145)) - Container #1 is in OPEN state, but the datanode 06992730-799e-49b1-b4b4-a9e995f4f1fe{ip: 192.168.69.125, host: pr-hdds-2311-zjr6r-3188632456, networkLocation: /default-rack, certSerialId: null} reports an CLOSED replica.
2019-10-18 05:10:44,390 [EventQueue-ContainerReportForContainerReportHandler] WARN  container.ContainerReportHandler (AbstractContainerReportHandler.java:updateContainerState(145)) - Container #1 is in OPEN state, but the datanode e63c905b-6e24-4a59-beee-02f8929d0b77{ip: 192.168.69.125, host: pr-hdds-2311-zjr6r-3188632456, networkLocation: /default-rack, certSerialId: null} reports an CLOSED replica.
2019-10-18 05:10:44,690 [EventQueue-ContainerReportForContainerReportHandler] WARN  container.ContainerReportHandler (AbstractContainerReportHandler.java:updateContainerState(145)) - Container #1 is in OPEN state, but the datanode e63c905b-6e24-4a59-beee-02f8929d0b77{ip: 192.168.69.125, host: pr-hdds-2311-zjr6r-3188632456, networkLocation: /default-rack, certSerialId: null} reports an CLOSED replica.
2019-10-18 05:10:44,771 [EventQueue-ContainerReportForContainerReportHandler] WARN  container.ContainerReportHandler (AbstractContainerReportHandler.java:updateContainerState(145)) - Container #1 is in OPEN state, but the datanode 06992730-799e-49b1-b4b4-a9e995f4f1fe{ip: 192.168.69.125, host: pr-hdds-2311-zjr6r-3188632456, networkLocation: /default-rack, certSerialId: null} reports an CLOSED replica.
2019-10-18 05:10:44,784 [BlockDeletingService#2] WARN  background.BlockDeletingService (BlockDeletingService.java:isDeletionAllowed(187)) - Close Container log Index 6 is not replicated across allthe servers in the pipeline 7b6774a4-dfa8-469c-9b78-3c260a0191aa as the min replicated index is 4. Deletion is not allowed in this container yet.
2019-10-18 05:10:44,784 [BlockDeletingService#2] WARN  background.BlockDeletingService (BlockDeletingService.java:isDeletionAllowed(187)) - Close Container log Index 6 is not replicated across allthe servers in the pipeline 7b6774a4-dfa8-469c-9b78-3c260a0191aa as the min replicated index is 4. Deletion is not allowed in this container yet.
2019-10-18 05:10:44,971 [EventQueue-ContainerReportForContainerReportHandler] WARN  container.ContainerReportHandler (AbstractContainerReportHandler.java:updateContainerState(145)) - Container #1 is in OPEN state, but the datanode 06992730-799e-49b1-b4b4-a9e995f4f1fe{ip: 192.168.69.125, host: pr-hdds-2311-zjr6r-3188632456, networkLocation: /default-rack, certSerialId: null} reports an CLOSED replica.
2019-10-18 05:10:45,091 [EventQueue-ContainerReportForContainerReportHandler] WARN  container.ContainerReportHandler (AbstractContainerReportHandler.java:updateContainerState(145)) - Container #1 is in OPEN state, but the datanode e63c905b-6e24-4a59-beee-02f8929d0b77{ip: 192.168.69.125, host: pr-hdds-2311-zjr6r-3188632456, networkLocation: /default-rack, certSerialId: null} reports an CLOSED replica.
2019-10-18 05:10:45,271 [EventQueue-ContainerReportForContainerReportHandler] WARN  container.ContainerReportHandler (AbstractContainerReportHandler.java:updateContainerState(145)) - Container #1 is in OPEN state, but the datanode 06992730-799e-49b1-b4b4-a9e995f4f1fe{ip: 192.168.69.125, host: pr-hdds-2311-zjr6r-3188632456, networkLocation: /default-rack, certSerialId: null} reports an CLOSED replica.
2019-10-18 05:10:45,393 [EventQueue-ContainerReportForContainerReportHandler] WARN  container.ContainerReportHandler (AbstractContainerReportHandler.java:updateContainerState(145)) - Container #1 is in OPEN state, but the datanode e63c905b-6e24-4a59-beee-02f8929d0b77{ip: 192.168.69.125, host: pr-hdds-2311-zjr6r-3188632456, networkLocation: /default-rack, certSerialId: null} reports an CLOSED replica.
2019-10-18 05:10:45,571 [EventQueue-ContainerReportForContainerReportHandler] WARN  container.ContainerReportHandler (AbstractContainerReportHandler.java:updateContainerState(145)) - Container #1 is in OPEN state, but the datanode 06992730-799e-49b1-b4b4-a9e995f4f1fe{ip: 192.168.69.125, host: pr-hdds-2311-zjr6r-3188632456, networkLocation: /default-rack, certSerialId: null} reports an CLOSED replica.
2019-10-18 05:10:45,693 [EventQueue-ContainerReportForContainerReportHandler] WARN  container.ContainerReportHandler (AbstractContainerReportHandler.java:updateContainerState(145)) - Container #1 is in OPEN state, but the datanode e63c905b-6e24-4a59-beee-02f8929d0b77{ip: 192.168.69.125, host: pr-hdds-2311-zjr6r-3188632456, networkLocation: /default-rack, certSerialId: null} reports an CLOSED replica.
2019-10-18 05:10:45,785 [BlockDeletingService#2] WARN  background.BlockDeletingService (BlockDeletingService.java:isDeletionAllowed(187)) - Close Container log Index 6 is not replicated across allthe servers in the pipeline 7b6774a4-dfa8-469c-9b78-3c260a0191aa as the min replicated index is 4. Deletion is not allowed in this container yet.
2019-10-18 05:10:45,785 [BlockDeletingService#2] WARN  background.BlockDeletingService (BlockDeletingService.java:isDeletionAllowed(187)) - Close Container log Index 6 is not replicated across allthe servers in the pipeline 7b6774a4-dfa8-469c-9b78-3c260a0191aa as the min replicated index is 4. Deletion is not allowed in this container yet.
2019-10-18 05:10:45,907 [java.util.concurrent.ThreadPoolExecutor$Worker@4eabad00[State = -1, empty queue]] WARN  server.GrpcLogAppender (GrpcLogAppender.java:timeoutAppendRequest(209)) - 06992730-799e-49b1-b4b4-a9e995f4f1fe@group-3C260A0191AA->56eab7d4-40e2-4b28-9c72-53449258b8a2-GrpcLogAppender: appendEntries Timeout, request=06992730-799e-49b1-b4b4-a9e995f4f1fe->56eab7d4-40e2-4b28-9c72-53449258b8a2#30-t2, previous=(t:2, i:10), leaderCommit=10, initializing? false, entries: <empty>
2019-10-18 05:10:45,972 [EventQueue-ContainerReportForContainerReportHandler] WARN  container.ContainerReportHandler (AbstractContainerReportHandler.java:updateContainerState(145)) - Container #1 is in OPEN state, but the datanode 06992730-799e-49b1-b4b4-a9e995f4f1fe{ip: 192.168.69.125, host: pr-hdds-2311-zjr6r-3188632456, networkLocation: /default-rack, certSerialId: null} reports an CLOSED replica.
2019-10-18 05:10:45,995 [EventQueue-ContainerReportForContainerReportHandler] WARN  container.ContainerReportHandler (AbstractContainerReportHandler.java:updateContainerState(145)) - Container #1 is in OPEN state, but the datanode e63c905b-6e24-4a59-beee-02f8929d0b77{ip: 192.168.69.125, host: pr-hdds-2311-zjr6r-3188632456, networkLocation: /default-rack, certSerialId: null} reports an CLOSED replica.
2019-10-18 05:10:46,297 [EventQueue-ContainerReportForContainerReportHandler] WARN  container.ContainerReportHandler (AbstractContainerReportHandler.java:updateContainerState(145)) - Container #1 is in OPEN state, but the datanode e63c905b-6e24-4a59-beee-02f8929d0b77{ip: 192.168.69.125, host: pr-hdds-2311-zjr6r-3188632456, networkLocation: /default-rack, certSerialId: null} reports an CLOSED replica.
2019-10-18 05:10:46,372 [EventQueue-ContainerReportForContainerReportHandler] WARN  container.ContainerReportHandler (AbstractContainerReportHandler.java:updateContainerState(145)) - Container #1 is in OPEN state, but the datanode 06992730-799e-49b1-b4b4-a9e995f4f1fe{ip: 192.168.69.125, host: pr-hdds-2311-zjr6r-3188632456, networkLocation: /default-rack, certSerialId: null} reports an CLOSED replica.
2019-10-18 05:10:46,672 [EventQueue-ContainerReportForContainerReportHandler] WARN  container.ContainerReportHandler (AbstractContainerReportHandler.java:updateContainerState(145)) - Container #1 is in OPEN state, but the datanode 06992730-799e-49b1-b4b4-a9e995f4f1fe{ip: 192.168.69.125, host: pr-hdds-2311-zjr6r-3188632456, networkLocation: /default-rack, certSerialId: null} reports an CLOSED replica.
2019-10-18 05:10:46,700 [EventQueue-ContainerReportForContainerReportHandler] WARN  container.ContainerReportHandler (AbstractContainerReportHandler.java:updateContainerState(145)) - Container #1 is in OPEN state, but the datanode e63c905b-6e24-4a59-beee-02f8929d0b77{ip: 192.168.69.125, host: pr-hdds-2311-zjr6r-3188632456, networkLocation: /default-rack, certSerialId: null} reports an CLOSED replica.
2019-10-18 05:10:46,787 [BlockDeletingService#2] WARN  background.BlockDeletingService (BlockDeletingService.java:isDeletionAllowed(187)) - Close Container log Index 6 is not replicated across allthe servers in the pipeline 7b6774a4-dfa8-469c-9b78-3c260a0191aa as the min replicated index is 4. Deletion is not allowed in this container yet.
2019-10-18 05:10:46,787 [BlockDeletingService#2] WARN  background.BlockDeletingService (BlockDeletingService.java:isDeletionAllowed(187)) - Close Container log Index 6 is not replicated across allthe servers in the pipeline 7b6774a4-dfa8-469c-9b78-3c260a0191aa as the min replicated index is 4. Deletion is not allowed in this container yet.
2019-10-18 05:10:46,972 [EventQueue-ContainerReportForContainerReportHandler] WARN  container.ContainerReportHandler (AbstractContainerReportHandler.java:updateContainerState(145)) - Container #1 is in OPEN state, but the datanode 06992730-799e-49b1-b4b4-a9e995f4f1fe{ip: 192.168.69.125, host: pr-hdds-2311-zjr6r-3188632456, networkLocation: /default-rack, certSerialId: null} reports an CLOSED replica.
2019-10-18 05:10:47,002 [EventQueue-ContainerReportForContainerReportHandler] WARN  container.ContainerReportHandler (AbstractContainerReportHandler.java:updateContainerState(145)) - Container #1 is in OPEN state, but the datanode e63c905b-6e24-4a59-beee-02f8929d0b77{ip: 192.168.69.125, host: pr-hdds-2311-zjr6r-3188632456, networkLocation: /default-rack, certSerialId: null} reports an CLOSED replica.
2019-10-18 05:10:47,173 [EventQueue-ContainerReportForContainerReportHandler] WARN  container.ContainerReportHandler (AbstractContainerReportHandler.java:updateContainerState(145)) - Container #1 is in OPEN state, but the datanode 06992730-799e-49b1-b4b4-a9e995f4f1fe{ip: 192.168.69.125, host: pr-hdds-2311-zjr6r-3188632456, networkLocation: /default-rack, certSerialId: null} reports an CLOSED replica.
2019-10-18 05:10:47,301 [EventQueue-ContainerReportForContainerReportHandler] WARN  container.ContainerReportHandler (AbstractContainerReportHandler.java:updateContainerState(145)) - Container #1 is in OPEN state, but the datanode e63c905b-6e24-4a59-beee-02f8929d0b77{ip: 192.168.69.125, host: pr-hdds-2311-zjr6r-3188632456, networkLocation: /default-rack, certSerialId: null} reports an CLOSED replica.
2019-10-18 05:10:47,472 [EventQueue-ContainerReportForContainerReportHandler] WARN  container.ContainerReportHandler (AbstractContainerReportHandler.java:updateContainerState(145)) - Container #1 is in OPEN state, but the datanode 06992730-799e-49b1-b4b4-a9e995f4f1fe{ip: 192.168.69.125, host: pr-hdds-2311-zjr6r-3188632456, networkLocation: /default-rack, certSerialId: null} reports an CLOSED replica.
2019-10-18 05:10:47,502 [EventQueue-ContainerReportForContainerReportHandler] WARN  container.ContainerReportHandler (AbstractContainerReportHandler.java:updateContainerState(145)) - Container #1 is in OPEN state, but the datanode e63c905b-6e24-4a59-beee-02f8929d0b77{ip: 192.168.69.125, host: pr-hdds-2311-zjr6r-3188632456, networkLocation: /default-rack, certSerialId: null} reports an CLOSED replica.
2019-10-18 05:10:47,788 [BlockDeletingService#2] WARN  background.BlockDeletingService (BlockDeletingService.java:isDeletionAllowed(187)) - Close Container log Index 6 is not replicated across allthe servers in the pipeline 7b6774a4-dfa8-469c-9b78-3c260a0191aa as the min replicated index is 4. Deletion is not allowed in this container yet.
2019-10-18 05:10:47,788 [BlockDeletingService#2] WARN  background.BlockDeletingService (BlockDeletingService.java:isDeletionAllowed(187)) - Close Container log Index 6 is not replicated across allthe servers in the pipeline 7b6774a4-dfa8-469c-9b78-3c260a0191aa as the min replicated index is 4. Deletion is not allowed in this container yet.
2019-10-18 05:10:47,805 [EventQueue-ContainerReportForContainerReportHandler] WARN  container.ContainerReportHandler (AbstractContainerReportHandler.java:updateContainerState(145)) - Container #1 is in OPEN state, but the datanode e63c905b-6e24-4a59-beee-02f8929d0b77{ip: 192.168.69.125, host: pr-hdds-2311-zjr6r-3188632456, networkLocation: /default-rack, certSerialId: null} reports an CLOSED replica.
2019-10-18 05:10:47,872 [EventQueue-ContainerReportForContainerReportHandler] WARN  container.ContainerReportHandler (AbstractContainerReportHandler.java:updateContainerState(145)) - Container #1 is in OPEN state, but the datanode 06992730-799e-49b1-b4b4-a9e995f4f1fe{ip: 192.168.69.125, host: pr-hdds-2311-zjr6r-3188632456, networkLocation: /default-rack, certSerialId: null} reports an CLOSED replica.
2019-10-18 05:10:48,073 [EventQueue-ContainerReportForContainerReportHandler] WARN  container.ContainerReportHandler (AbstractContainerReportHandler.java:updateContainerState(145)) - Container #1 is in OPEN state, but the datanode 06992730-799e-49b1-b4b4-a9e995f4f1fe{ip: 192.168.69.125, host: pr-hdds-2311-zjr6r-3188632456, networkLocation: /default-rack, certSerialId: null} reports an CLOSED replica.
2019-10-18 05:10:48,203 [EventQueue-ContainerReportForContainerReportHandler] WARN  container.ContainerReportHandler (AbstractContainerReportHandler.java:updateContainerState(145)) - Container #1 is in OPEN state, but the datanode e63c905b-6e24-4a59-beee-02f8929d0b77{ip: 192.168.69.125, host: pr-hdds-2311-zjr6r-3188632456, networkLocation: /default-rack, certSerialId: null} reports an CLOSED replica.
2019-10-18 05:10:48,373 [EventQueue-ContainerReportForContainerReportHandler] WARN  container.ContainerReportHandler (AbstractContainerReportHandler.java:updateContainerState(145)) - Container #1 is in OPEN state, but the datanode 06992730-799e-49b1-b4b4-a9e995f4f1fe{ip: 192.168.69.125, host: pr-hdds-2311-zjr6r-3188632456, networkLocation: /default-rack, certSerialId: null} reports an CLOSED replica.
2019-10-18 05:10:48,403 [EventQueue-ContainerReportForContainerReportHandler] WARN  container.ContainerReportHandler (AbstractContainerReportHandler.java:updateContainerState(145)) - Container #1 is in OPEN state, but the datanode e63c905b-6e24-4a59-beee-02f8929d0b77{ip: 192.168.69.125, host: pr-hdds-2311-zjr6r-3188632456, networkLocation: /default-rack, certSerialId: null} reports an CLOSED replica.
2019-10-18 05:10:48,408 [java.util.concurrent.ThreadPoolExecutor$Worker@4eabad00[State = -1, empty queue]] WARN  server.GrpcLogAppender (GrpcLogAppender.java:timeoutAppendRequest(209)) - 06992730-799e-49b1-b4b4-a9e995f4f1fe@group-3C260A0191AA->56eab7d4-40e2-4b28-9c72-53449258b8a2-GrpcLogAppender: appendEntries Timeout, request=06992730-799e-49b1-b4b4-a9e995f4f1fe->56eab7d4-40e2-4b28-9c72-53449258b8a2#31-t2, previous=(t:2, i:10), leaderCommit=10, initializing? false, entries: <empty>
2019-10-18 05:10:48,510 [Thread-376] INFO  client.GrpcClientProtocolService (GrpcClientProtocolService.java:lambda$processClientRequest$0(278)) - Failed RaftClientRequest:client-46808F7408E0->e63c905b-6e24-4a59-beee-02f8929d0b77@group-3C260A0191AA, cid=10, seq=0, Watch-ALL_COMMITTED(6), Message:<EMPTY>, reply=RaftClientReply:client-46808F7408E0->e63c905b-6e24-4a59-beee-02f8929d0b77@group-3C260A0191AA, cid=10, FAILED org.apache.ratis.protocol.NotLeaderException: Server e63c905b-6e24-4a59-beee-02f8929d0b77@group-3C260A0191AA is not the leader 06992730-799e-49b1-b4b4-a9e995f4f1fe:192.168.69.125:34681, logIndex=0, commits[e63c905b-6e24-4a59-beee-02f8929d0b77:c10, 56eab7d4-40e2-4b28-9c72-53449258b8a2:c4, 06992730-799e-49b1-b4b4-a9e995f4f1fe:c10]
2019-10-18 05:10:48,673 [EventQueue-ContainerReportForContainerReportHandler] WARN  container.ContainerReportHandler (AbstractContainerReportHandler.java:updateContainerState(145)) - Container #1 is in OPEN state, but the datanode 06992730-799e-49b1-b4b4-a9e995f4f1fe{ip: 192.168.69.125, host: pr-hdds-2311-zjr6r-3188632456, networkLocation: /default-rack, certSerialId: null} reports an CLOSED replica.
2019-10-18 05:10:48,703 [EventQueue-ContainerReportForContainerReportHandler] WARN  container.ContainerReportHandler (AbstractContainerReportHandler.java:updateContainerState(145)) - Container #1 is in OPEN state, but the datanode e63c905b-6e24-4a59-beee-02f8929d0b77{ip: 192.168.69.125, host: pr-hdds-2311-zjr6r-3188632456, networkLocation: /default-rack, certSerialId: null} reports an CLOSED replica.
2019-10-18 05:10:48,790 [BlockDeletingService#2] WARN  background.BlockDeletingService (BlockDeletingService.java:isDeletionAllowed(187)) - Close Container log Index 6 is not replicated across allthe servers in the pipeline 7b6774a4-dfa8-469c-9b78-3c260a0191aa as the min replicated index is 4. Deletion is not allowed in this container yet.
2019-10-18 05:10:48,790 [BlockDeletingService#2] WARN  background.BlockDeletingService (BlockDeletingService.java:isDeletionAllowed(187)) - Close Container log Index 6 is not replicated across allthe servers in the pipeline 7b6774a4-dfa8-469c-9b78-3c260a0191aa as the min replicated index is 4. Deletion is not allowed in this container yet.
2019-10-18 05:10:48,904 [EventQueue-ContainerReportForContainerReportHandler] WARN  container.ContainerReportHandler (AbstractContainerReportHandler.java:updateContainerState(145)) - Container #1 is in OPEN state, but the datanode e63c905b-6e24-4a59-beee-02f8929d0b77{ip: 192.168.69.125, host: pr-hdds-2311-zjr6r-3188632456, networkLocation: /default-rack, certSerialId: null} reports an CLOSED replica.
2019-10-18 05:10:48,973 [EventQueue-ContainerReportForContainerReportHandler] WARN  container.ContainerReportHandler (AbstractContainerReportHandler.java:updateContainerState(145)) - Container #1 is in OPEN state, but the datanode 06992730-799e-49b1-b4b4-a9e995f4f1fe{ip: 192.168.69.125, host: pr-hdds-2311-zjr6r-3188632456, networkLocation: /default-rack, certSerialId: null} reports an CLOSED replica.
2019-10-18 05:10:49,104 [EventQueue-ContainerReportForContainerReportHandler] WARN  container.ContainerReportHandler (AbstractContainerReportHandler.java:updateContainerState(145)) - Container #1 is in OPEN state, but the datanode e63c905b-6e24-4a59-beee-02f8929d0b77{ip: 192.168.69.125, host: pr-hdds-2311-zjr6r-3188632456, networkLocation: /default-rack, certSerialId: null} reports an CLOSED replica.
2019-10-18 05:10:49,376 [EventQueue-ContainerReportForContainerReportHandler] WARN  container.ContainerReportHandler (AbstractContainerReportHandler.java:updateContainerState(145)) - Container #1 is in OPEN state, but the datanode 06992730-799e-49b1-b4b4-a9e995f4f1fe{ip: 192.168.69.125, host: pr-hdds-2311-zjr6r-3188632456, networkLocation: /default-rack, certSerialId: null} reports an CLOSED replica.
2019-10-18 05:10:49,404 [EventQueue-ContainerReportForContainerReportHandler] WARN  container.ContainerReportHandler (AbstractContainerReportHandler.java:updateContainerState(145)) - Container #1 is in OPEN state, but the datanode e63c905b-6e24-4a59-beee-02f8929d0b77{ip: 192.168.69.125, host: pr-hdds-2311-zjr6r-3188632456, networkLocation: /default-rack, certSerialId: null} reports an CLOSED replica.
2019-10-18 05:10:49,778 [EventQueue-ContainerReportForContainerReportHandler] WARN  container.ContainerReportHandler (AbstractContainerReportHandler.java:updateContainerState(145)) - Container #1 is in OPEN state, but the datanode 06992730-799e-49b1-b4b4-a9e995f4f1fe{ip: 192.168.69.125, host: pr-hdds-2311-zjr6r-3188632456, networkLocation: /default-rack, certSerialId: null} reports an CLOSED replica.
2019-10-18 05:10:49,794 [BlockDeletingService#2] WARN  background.BlockDeletingService (BlockDeletingService.java:isDeletionAllowed(187)) - Close Container log Index 6 is not replicated across allthe servers in the pipeline 7b6774a4-dfa8-469c-9b78-3c260a0191aa as the min replicated index is 4. Deletion is not allowed in this container yet.
2019-10-18 05:10:49,794 [BlockDeletingService#2] WARN  background.BlockDeletingService (BlockDeletingService.java:isDeletionAllowed(187)) - Close Container log Index 6 is not replicated across allthe servers in the pipeline 7b6774a4-dfa8-469c-9b78-3c260a0191aa as the min replicated index is 4. Deletion is not allowed in this container yet.
2019-10-18 05:10:49,804 [EventQueue-ContainerReportForContainerReportHandler] WARN  container.ContainerReportHandler (AbstractContainerReportHandler.java:updateContainerState(145)) - Container #1 is in OPEN state, but the datanode e63c905b-6e24-4a59-beee-02f8929d0b77{ip: 192.168.69.125, host: pr-hdds-2311-zjr6r-3188632456, networkLocation: /default-rack, certSerialId: null} reports an CLOSED replica.
2019-10-18 05:10:49,884 [Thread-383] INFO  client.GrpcClientProtocolService (GrpcClientProtocolService.java:lambda$processClientRequest$0(278)) - Failed RaftClientRequest:client-46808F7408E0->06992730-799e-49b1-b4b4-a9e995f4f1fe@group-3C260A0191AA, cid=10, seq=0, Watch-ALL_COMMITTED(6), Message:<EMPTY>, reply=RaftClientReply:client-46808F7408E0->06992730-799e-49b1-b4b4-a9e995f4f1fe@group-3C260A0191AA, cid=10, FAILED org.apache.ratis.protocol.NotReplicatedException: Request with call Id 10 and log index 6 is not yet replicated to ALL_COMMITTED, logIndex=6, commits[06992730-799e-49b1-b4b4-a9e995f4f1fe:c10, e63c905b-6e24-4a59-beee-02f8929d0b77:c10, 56eab7d4-40e2-4b28-9c72-53449258b8a2:c4]
2019-10-18 05:10:49,979 [EventQueue-ContainerReportForContainerReportHandler] WARN  container.ContainerReportHandler (AbstractContainerReportHandler.java:updateContainerState(145)) - Container #1 is in OPEN state, but the datanode 06992730-799e-49b1-b4b4-a9e995f4f1fe{ip: 192.168.69.125, host: pr-hdds-2311-zjr6r-3188632456, networkLocation: /default-rack, certSerialId: null} reports an CLOSED replica.
2019-10-18 05:10:50,105 [EventQueue-ContainerReportForContainerReportHandler] WARN  container.ContainerReportHandler (AbstractContainerReportHandler.java:updateContainerState(145)) - Container #1 is in OPEN state, but the datanode e63c905b-6e24-4a59-beee-02f8929d0b77{ip: 192.168.69.125, host: pr-hdds-2311-zjr6r-3188632456, networkLocation: /default-rack, certSerialId: null} reports an CLOSED replica.
2019-10-18 05:10:50,279 [EventQueue-ContainerReportForContainerReportHandler] WARN  container.ContainerReportHandler (AbstractContainerReportHandler.java:updateContainerState(145)) - Container #1 is in OPEN state, but the datanode 06992730-799e-49b1-b4b4-a9e995f4f1fe{ip: 192.168.69.125, host: pr-hdds-2311-zjr6r-3188632456, networkLocation: /default-rack, certSerialId: null} reports an CLOSED replica.
2019-10-18 05:10:50,405 [EventQueue-ContainerReportForContainerReportHandler] WARN  container.ContainerReportHandler (AbstractContainerReportHandler.java:updateContainerState(145)) - Container #1 is in OPEN state, but the datanode e63c905b-6e24-4a59-beee-02f8929d0b77{ip: 192.168.69.125, host: pr-hdds-2311-zjr6r-3188632456, networkLocation: /default-rack, certSerialId: null} reports an CLOSED replica.
2019-10-18 05:10:50,580 [EventQueue-ContainerReportForContainerReportHandler] WARN  container.ContainerReportHandler (AbstractContainerReportHandler.java:updateContainerState(145)) - Container #1 is in OPEN state, but the datanode 06992730-799e-49b1-b4b4-a9e995f4f1fe{ip: 192.168.69.125, host: pr-hdds-2311-zjr6r-3188632456, networkLocation: /default-rack, certSerialId: null} reports an CLOSED replica.
2019-10-18 05:10:50,706 [EventQueue-ContainerReportForContainerReportHandler] WARN  container.ContainerReportHandler (AbstractContainerReportHandler.java:updateContainerState(145)) - Container #1 is in OPEN state, but the datanode e63c905b-6e24-4a59-beee-02f8929d0b77{ip: 192.168.69.125, host: pr-hdds-2311-zjr6r-3188632456, networkLocation: /default-rack, certSerialId: null} reports an CLOSED replica.
2019-10-18 05:10:50,796 [BlockDeletingService#2] WARN  background.BlockDeletingService (BlockDeletingService.java:isDeletionAllowed(187)) - Close Container log Index 6 is not replicated across allthe servers in the pipeline 7b6774a4-dfa8-469c-9b78-3c260a0191aa as the min replicated index is 4. Deletion is not allowed in this container yet.
2019-10-18 05:10:50,796 [BlockDeletingService#2] WARN  background.BlockDeletingService (BlockDeletingService.java:isDeletionAllowed(187)) - Close Container log Index 6 is not replicated across allthe servers in the pipeline 7b6774a4-dfa8-469c-9b78-3c260a0191aa as the min replicated index is 4. Deletion is not allowed in this container yet.
2019-10-18 05:10:50,879 [EventQueue-ContainerReportForContainerReportHandler] WARN  container.ContainerReportHandler (AbstractContainerReportHandler.java:updateContainerState(145)) - Container #1 is in OPEN state, but the datanode 06992730-799e-49b1-b4b4-a9e995f4f1fe{ip: 192.168.69.125, host: pr-hdds-2311-zjr6r-3188632456, networkLocation: /default-rack, certSerialId: null} reports an CLOSED replica.
2019-10-18 05:10:50,909 [java.util.concurrent.ThreadPoolExecutor$Worker@4eabad00[State = -1, empty queue]] WARN  server.GrpcLogAppender (GrpcLogAppender.java:timeoutAppendRequest(209)) - 06992730-799e-49b1-b4b4-a9e995f4f1fe@group-3C260A0191AA->56eab7d4-40e2-4b28-9c72-53449258b8a2-GrpcLogAppender: appendEntries Timeout, request=06992730-799e-49b1-b4b4-a9e995f4f1fe->56eab7d4-40e2-4b28-9c72-53449258b8a2#32-t2, previous=(t:2, i:10), leaderCommit=10, initializing? false, entries: <empty>
2019-10-18 05:10:51,005 [EventQueue-ContainerReportForContainerReportHandler] WARN  container.ContainerReportHandler (AbstractContainerReportHandler.java:updateContainerState(145)) - Container #1 is in OPEN state, but the datanode e63c905b-6e24-4a59-beee-02f8929d0b77{ip: 192.168.69.125, host: pr-hdds-2311-zjr6r-3188632456, networkLocation: /default-rack, certSerialId: null} reports an CLOSED replica.
2019-10-18 05:10:51,180 [EventQueue-ContainerReportForContainerReportHandler] WARN  container.ContainerReportHandler (AbstractContainerReportHandler.java:updateContainerState(145)) - Container #1 is in OPEN state, but the datanode 06992730-799e-49b1-b4b4-a9e995f4f1fe{ip: 192.168.69.125, host: pr-hdds-2311-zjr6r-3188632456, networkLocation: /default-rack, certSerialId: null} reports an CLOSED replica.
2019-10-18 05:10:51,205 [EventQueue-ContainerReportForContainerReportHandler] WARN  container.ContainerReportHandler (AbstractContainerReportHandler.java:updateContainerState(145)) - Container #1 is in OPEN state, but the datanode e63c905b-6e24-4a59-beee-02f8929d0b77{ip: 192.168.69.125, host: pr-hdds-2311-zjr6r-3188632456, networkLocation: /default-rack, certSerialId: null} reports an CLOSED replica.
2019-10-18 05:10:51,481 [EventQueue-ContainerReportForContainerReportHandler] WARN  container.ContainerReportHandler (AbstractContainerReportHandler.java:updateContainerState(145)) - Container #1 is in OPEN state, but the datanode 06992730-799e-49b1-b4b4-a9e995f4f1fe{ip: 192.168.69.125, host: pr-hdds-2311-zjr6r-3188632456, networkLocation: /default-rack, certSerialId: null} reports an CLOSED replica.
2019-10-18 05:10:51,506 [EventQueue-ContainerReportForContainerReportHandler] WARN  container.ContainerReportHandler (AbstractContainerReportHandler.java:updateContainerState(145)) - Container #1 is in OPEN state, but the datanode e63c905b-6e24-4a59-beee-02f8929d0b77{ip: 192.168.69.125, host: pr-hdds-2311-zjr6r-3188632456, networkLocation: /default-rack, certSerialId: null} reports an CLOSED replica.
2019-10-18 05:10:51,706 [EventQueue-ContainerReportForContainerReportHandler] WARN  container.ContainerReportHandler (AbstractContainerReportHandler.java:updateContainerState(145)) - Container #1 is in OPEN state, but the datanode e63c905b-6e24-4a59-beee-02f8929d0b77{ip: 192.168.69.125, host: pr-hdds-2311-zjr6r-3188632456, networkLocation: /default-rack, certSerialId: null} reports an CLOSED replica.
2019-10-18 05:10:51,800 [BlockDeletingService#2] WARN  background.BlockDeletingService (BlockDeletingService.java:isDeletionAllowed(187)) - Close Container log Index 6 is not replicated across allthe servers in the pipeline 7b6774a4-dfa8-469c-9b78-3c260a0191aa as the min replicated index is 4. Deletion is not allowed in this container yet.
2019-10-18 05:10:51,800 [BlockDeletingService#2] WARN  background.BlockDeletingService (BlockDeletingService.java:isDeletionAllowed(187)) - Close Container log Index 6 is not replicated across allthe servers in the pipeline 7b6774a4-dfa8-469c-9b78-3c260a0191aa as the min replicated index is 4. Deletion is not allowed in this container yet.
2019-10-18 05:10:51,880 [EventQueue-ContainerReportForContainerReportHandler] WARN  container.ContainerReportHandler (AbstractContainerReportHandler.java:updateContainerState(145)) - Container #1 is in OPEN state, but the datanode 06992730-799e-49b1-b4b4-a9e995f4f1fe{ip: 192.168.69.125, host: pr-hdds-2311-zjr6r-3188632456, networkLocation: /default-rack, certSerialId: null} reports an CLOSED replica.
2019-10-18 05:10:52,009 [EventQueue-ContainerReportForContainerReportHandler] WARN  container.ContainerReportHandler (AbstractContainerReportHandler.java:updateContainerState(145)) - Container #1 is in OPEN state, but the datanode e63c905b-6e24-4a59-beee-02f8929d0b77{ip: 192.168.69.125, host: pr-hdds-2311-zjr6r-3188632456, networkLocation: /default-rack, certSerialId: null} reports an CLOSED replica.
2019-10-18 05:10:52,279 [EventQueue-ContainerReportForContainerReportHandler] WARN  container.ContainerReportHandler (AbstractContainerReportHandler.java:updateContainerState(145)) - Container #1 is in OPEN state, but the datanode 06992730-799e-49b1-b4b4-a9e995f4f1fe{ip: 192.168.69.125, host: pr-hdds-2311-zjr6r-3188632456, networkLocation: /default-rack, certSerialId: null} reports an CLOSED replica.
2019-10-18 05:10:52,409 [EventQueue-ContainerReportForContainerReportHandler] WARN  container.ContainerReportHandler (AbstractContainerReportHandler.java:updateContainerState(145)) - Container #1 is in OPEN state, but the datanode e63c905b-6e24-4a59-beee-02f8929d0b77{ip: 192.168.69.125, host: pr-hdds-2311-zjr6r-3188632456, networkLocation: /default-rack, certSerialId: null} reports an CLOSED replica.
2019-10-18 05:10:52,479 [EventQueue-ContainerReportForContainerReportHandler] WARN  container.ContainerReportHandler (AbstractContainerReportHandler.java:updateContainerState(145)) - Container #1 is in OPEN state, but the datanode 06992730-799e-49b1-b4b4-a9e995f4f1fe{ip: 192.168.69.125, host: pr-hdds-2311-zjr6r-3188632456, networkLocation: /default-rack, certSerialId: null} reports an CLOSED replica.
2019-10-18 05:10:52,609 [EventQueue-ContainerReportForContainerReportHandler] WARN  container.ContainerReportHandler (AbstractContainerReportHandler.java:updateContainerState(145)) - Container #1 is in OPEN state, but the datanode e63c905b-6e24-4a59-beee-02f8929d0b77{ip: 192.168.69.125, host: pr-hdds-2311-zjr6r-3188632456, networkLocation: /default-rack, certSerialId: null} reports an CLOSED replica.
2019-10-18 05:10:52,779 [EventQueue-ContainerReportForContainerReportHandler] WARN  container.ContainerReportHandler (AbstractContainerReportHandler.java:updateContainerState(145)) - Container #1 is in OPEN state, but the datanode 06992730-799e-49b1-b4b4-a9e995f4f1fe{ip: 192.168.69.125, host: pr-hdds-2311-zjr6r-3188632456, networkLocation: /default-rack, certSerialId: null} reports an CLOSED replica.
2019-10-18 05:10:52,801 [BlockDeletingService#2] WARN  background.BlockDeletingService (BlockDeletingService.java:isDeletionAllowed(187)) - Close Container log Index 6 is not replicated across allthe servers in the pipeline 7b6774a4-dfa8-469c-9b78-3c260a0191aa as the min replicated index is 4. Deletion is not allowed in this container yet.
2019-10-18 05:10:52,801 [BlockDeletingService#2] WARN  background.BlockDeletingService (BlockDeletingService.java:isDeletionAllowed(187)) - Close Container log Index 6 is not replicated across allthe servers in the pipeline 7b6774a4-dfa8-469c-9b78-3c260a0191aa as the min replicated index is 4. Deletion is not allowed in this container yet.
2019-10-18 05:10:52,910 [EventQueue-ContainerReportForContainerReportHandler] WARN  container.ContainerReportHandler (AbstractContainerReportHandler.java:updateContainerState(145)) - Container #1 is in OPEN state, but the datanode e63c905b-6e24-4a59-beee-02f8929d0b77{ip: 192.168.69.125, host: pr-hdds-2311-zjr6r-3188632456, networkLocation: /default-rack, certSerialId: null} reports an CLOSED replica.
2019-10-18 05:10:53,080 [EventQueue-ContainerReportForContainerReportHandler] WARN  container.ContainerReportHandler (AbstractContainerReportHandler.java:updateContainerState(145)) - Container #1 is in OPEN state, but the datanode 06992730-799e-49b1-b4b4-a9e995f4f1fe{ip: 192.168.69.125, host: pr-hdds-2311-zjr6r-3188632456, networkLocation: /default-rack, certSerialId: null} reports an CLOSED replica.
2019-10-18 05:10:53,213 [EventQueue-ContainerReportForContainerReportHandler] WARN  container.ContainerReportHandler (AbstractContainerReportHandler.java:updateContainerState(145)) - Container #1 is in OPEN state, but the datanode e63c905b-6e24-4a59-beee-02f8929d0b77{ip: 192.168.69.125, host: pr-hdds-2311-zjr6r-3188632456, networkLocation: /default-rack, certSerialId: null} reports an CLOSED replica.
2019-10-18 05:10:53,381 [EventQueue-ContainerReportForContainerReportHandler] WARN  container.ContainerReportHandler (AbstractContainerReportHandler.java:updateContainerState(145)) - Container #1 is in OPEN state, but the datanode 06992730-799e-49b1-b4b4-a9e995f4f1fe{ip: 192.168.69.125, host: pr-hdds-2311-zjr6r-3188632456, networkLocation: /default-rack, certSerialId: null} reports an CLOSED replica.
2019-10-18 05:10:53,410 [java.util.concurrent.ThreadPoolExecutor$Worker@4eabad00[State = -1, empty queue]] WARN  server.GrpcLogAppender (GrpcLogAppender.java:timeoutAppendRequest(209)) - 06992730-799e-49b1-b4b4-a9e995f4f1fe@group-3C260A0191AA->56eab7d4-40e2-4b28-9c72-53449258b8a2-GrpcLogAppender: appendEntries Timeout, request=06992730-799e-49b1-b4b4-a9e995f4f1fe->56eab7d4-40e2-4b28-9c72-53449258b8a2#33-t2, previous=(t:2, i:10), leaderCommit=10, initializing? false, entries: <empty>
2019-10-18 05:10:53,513 [EventQueue-ContainerReportForContainerReportHandler] WARN  container.ContainerReportHandler (AbstractContainerReportHandler.java:updateContainerState(145)) - Container #1 is in OPEN state, but the datanode e63c905b-6e24-4a59-beee-02f8929d0b77{ip: 192.168.69.125, host: pr-hdds-2311-zjr6r-3188632456, networkLocation: /default-rack, certSerialId: null} reports an CLOSED replica.
2019-10-18 05:10:53,681 [EventQueue-ContainerReportForContainerReportHandler] WARN  container.ContainerReportHandler (AbstractContainerReportHandler.java:updateContainerState(145)) - Container #1 is in OPEN state, but the datanode 06992730-799e-49b1-b4b4-a9e995f4f1fe{ip: 192.168.69.125, host: pr-hdds-2311-zjr6r-3188632456, networkLocation: /default-rack, certSerialId: null} reports an CLOSED replica.
2019-10-18 05:10:53,805 [BlockDeletingService#2] WARN  background.BlockDeletingService (BlockDeletingService.java:isDeletionAllowed(187)) - Close Container log Index 6 is not replicated across allthe servers in the pipeline 7b6774a4-dfa8-469c-9b78-3c260a0191aa as the min replicated index is 4. Deletion is not allowed in this container yet.
2019-10-18 05:10:53,805 [BlockDeletingService#2] WARN  background.BlockDeletingService (BlockDeletingService.java:isDeletionAllowed(187)) - Close Container log Index 6 is not replicated across allthe servers in the pipeline 7b6774a4-dfa8-469c-9b78-3c260a0191aa as the min replicated index is 4. Deletion is not allowed in this container yet.
2019-10-18 05:10:53,813 [EventQueue-ContainerReportForContainerReportHandler] WARN  container.ContainerReportHandler (AbstractContainerReportHandler.java:updateContainerState(145)) - Container #1 is in OPEN state, but the datanode e63c905b-6e24-4a59-beee-02f8929d0b77{ip: 192.168.69.125, host: pr-hdds-2311-zjr6r-3188632456, networkLocation: /default-rack, certSerialId: null} reports an CLOSED replica.
2019-10-18 05:10:53,981 [EventQueue-ContainerReportForContainerReportHandler] WARN  container.ContainerReportHandler (AbstractContainerReportHandler.java:updateContainerState(145)) - Container #1 is in OPEN state, but the datanode 06992730-799e-49b1-b4b4-a9e995f4f1fe{ip: 192.168.69.125, host: pr-hdds-2311-zjr6r-3188632456, networkLocation: /default-rack, certSerialId: null} reports an CLOSED replica.
2019-10-18 05:10:54,013 [EventQueue-ContainerReportForContainerReportHandler] WARN  container.ContainerReportHandler (AbstractContainerReportHandler.java:updateContainerState(145)) - Container #1 is in OPEN state, but the datanode e63c905b-6e24-4a59-beee-02f8929d0b77{ip: 192.168.69.125, host: pr-hdds-2311-zjr6r-3188632456, networkLocation: /default-rack, certSerialId: null} reports an CLOSED replica.
2019-10-18 05:10:54,382 [EventQueue-ContainerReportForContainerReportHandler] WARN  container.ContainerReportHandler (AbstractContainerReportHandler.java:updateContainerState(145)) - Container #1 is in OPEN state, but the datanode 06992730-799e-49b1-b4b4-a9e995f4f1fe{ip: 192.168.69.125, host: pr-hdds-2311-zjr6r-3188632456, networkLocation: /default-rack, certSerialId: null} reports an CLOSED replica.
2019-10-18 05:10:54,413 [EventQueue-ContainerReportForContainerReportHandler] WARN  container.ContainerReportHandler (AbstractContainerReportHandler.java:updateContainerState(145)) - Container #1 is in OPEN state, but the datanode e63c905b-6e24-4a59-beee-02f8929d0b77{ip: 192.168.69.125, host: pr-hdds-2311-zjr6r-3188632456, networkLocation: /default-rack, certSerialId: null} reports an CLOSED replica.
2019-10-18 05:10:54,582 [EventQueue-ContainerReportForContainerReportHandler] WARN  container.ContainerReportHandler (AbstractContainerReportHandler.java:updateContainerState(145)) - Container #1 is in OPEN state, but the datanode 06992730-799e-49b1-b4b4-a9e995f4f1fe{ip: 192.168.69.125, host: pr-hdds-2311-zjr6r-3188632456, networkLocation: /default-rack, certSerialId: null} reports an CLOSED replica.
2019-10-18 05:10:54,714 [EventQueue-ContainerReportForContainerReportHandler] WARN  container.ContainerReportHandler (AbstractContainerReportHandler.java:updateContainerState(145)) - Container #1 is in OPEN state, but the datanode e63c905b-6e24-4a59-beee-02f8929d0b77{ip: 192.168.69.125, host: pr-hdds-2311-zjr6r-3188632456, networkLocation: /default-rack, certSerialId: null} reports an CLOSED replica.
2019-10-18 05:10:54,782 [EventQueue-ContainerReportForContainerReportHandler] WARN  container.ContainerReportHandler (AbstractContainerReportHandler.java:updateContainerState(145)) - Container #1 is in OPEN state, but the datanode 06992730-799e-49b1-b4b4-a9e995f4f1fe{ip: 192.168.69.125, host: pr-hdds-2311-zjr6r-3188632456, networkLocation: /default-rack, certSerialId: null} reports an CLOSED replica.
2019-10-18 05:10:54,806 [BlockDeletingService#2] WARN  background.BlockDeletingService (BlockDeletingService.java:isDeletionAllowed(187)) - Close Container log Index 6 is not replicated across allthe servers in the pipeline 7b6774a4-dfa8-469c-9b78-3c260a0191aa as the min replicated index is 4. Deletion is not allowed in this container yet.
2019-10-18 05:10:54,806 [BlockDeletingService#2] WARN  background.BlockDeletingService (BlockDeletingService.java:isDeletionAllowed(187)) - Close Container log Index 6 is not replicated across allthe servers in the pipeline 7b6774a4-dfa8-469c-9b78-3c260a0191aa as the min replicated index is 4. Deletion is not allowed in this container yet.
2019-10-18 05:10:55,013 [EventQueue-ContainerReportForContainerReportHandler] WARN  container.ContainerReportHandler (AbstractContainerReportHandler.java:updateContainerState(145)) - Container #1 is in OPEN state, but the datanode e63c905b-6e24-4a59-beee-02f8929d0b77{ip: 192.168.69.125, host: pr-hdds-2311-zjr6r-3188632456, networkLocation: /default-rack, certSerialId: null} reports an CLOSED replica.
2019-10-18 05:10:55,082 [EventQueue-ContainerReportForContainerReportHandler] WARN  container.ContainerReportHandler (AbstractContainerReportHandler.java:updateContainerState(145)) - Container #1 is in OPEN state, but the datanode 06992730-799e-49b1-b4b4-a9e995f4f1fe{ip: 192.168.69.125, host: pr-hdds-2311-zjr6r-3188632456, networkLocation: /default-rack, certSerialId: null} reports an CLOSED replica.
2019-10-18 05:10:55,282 [EventQueue-ContainerReportForContainerReportHandler] WARN  container.ContainerReportHandler (AbstractContainerReportHandler.java:updateContainerState(145)) - Container #1 is in OPEN state, but the datanode 06992730-799e-49b1-b4b4-a9e995f4f1fe{ip: 192.168.69.125, host: pr-hdds-2311-zjr6r-3188632456, networkLocation: /default-rack, certSerialId: null} reports an CLOSED replica.
2019-10-18 05:10:55,413 [EventQueue-ContainerReportForContainerReportHandler] WARN  container.ContainerReportHandler (AbstractContainerReportHandler.java:updateContainerState(145)) - Container #1 is in OPEN state, but the datanode e63c905b-6e24-4a59-beee-02f8929d0b77{ip: 192.168.69.125, host: pr-hdds-2311-zjr6r-3188632456, networkLocation: /default-rack, certSerialId: null} reports an CLOSED replica.
2019-10-18 05:10:55,583 [EventQueue-ContainerReportForContainerReportHandler] WARN  container.ContainerReportHandler (AbstractContainerReportHandler.java:updateContainerState(145)) - Container #1 is in OPEN state, but the datanode 06992730-799e-49b1-b4b4-a9e995f4f1fe{ip: 192.168.69.125, host: pr-hdds-2311-zjr6r-3188632456, networkLocation: /default-rack, certSerialId: null} reports an CLOSED replica.
2019-10-18 05:10:55,613 [EventQueue-ContainerReportForContainerReportHandler] WARN  container.ContainerReportHandler (AbstractContainerReportHandler.java:updateContainerState(145)) - Container #1 is in OPEN state, but the datanode e63c905b-6e24-4a59-beee-02f8929d0b77{ip: 192.168.69.125, host: pr-hdds-2311-zjr6r-3188632456, networkLocation: /default-rack, certSerialId: null} reports an CLOSED replica.
2019-10-18 05:10:55,782 [EventQueue-ContainerReportForContainerReportHandler] WARN  container.ContainerReportHandler (AbstractContainerReportHandler.java:updateContainerState(145)) - Container #1 is in OPEN state, but the datanode 06992730-799e-49b1-b4b4-a9e995f4f1fe{ip: 192.168.69.125, host: pr-hdds-2311-zjr6r-3188632456, networkLocation: /default-rack, certSerialId: null} reports an CLOSED replica.
2019-10-18 05:10:55,807 [BlockDeletingService#2] WARN  background.BlockDeletingService (BlockDeletingService.java:isDeletionAllowed(187)) - Close Container log Index 6 is not replicated across allthe servers in the pipeline 7b6774a4-dfa8-469c-9b78-3c260a0191aa as the min replicated index is 4. Deletion is not allowed in this container yet.
2019-10-18 05:10:55,808 [BlockDeletingService#2] WARN  background.BlockDeletingService (BlockDeletingService.java:isDeletionAllowed(187)) - Close Container log Index 6 is not replicated across allthe servers in the pipeline 7b6774a4-dfa8-469c-9b78-3c260a0191aa as the min replicated index is 4. Deletion is not allowed in this container yet.
2019-10-18 05:10:55,813 [EventQueue-ContainerReportForContainerReportHandler] WARN  container.ContainerReportHandler (AbstractContainerReportHandler.java:updateContainerState(145)) - Container #1 is in OPEN state, but the datanode e63c905b-6e24-4a59-beee-02f8929d0b77{ip: 192.168.69.125, host: pr-hdds-2311-zjr6r-3188632456, networkLocation: /default-rack, certSerialId: null} reports an CLOSED replica.
2019-10-18 05:10:55,911 [java.util.concurrent.ThreadPoolExecutor$Worker@4eabad00[State = -1, empty queue]] WARN  server.GrpcLogAppender (GrpcLogAppender.java:timeoutAppendRequest(209)) - 06992730-799e-49b1-b4b4-a9e995f4f1fe@group-3C260A0191AA->56eab7d4-40e2-4b28-9c72-53449258b8a2-GrpcLogAppender: appendEntries Timeout, request=06992730-799e-49b1-b4b4-a9e995f4f1fe->56eab7d4-40e2-4b28-9c72-53449258b8a2#34-t2, previous=(t:2, i:10), leaderCommit=10, initializing? false, entries: <empty>
2019-10-18 05:10:56,183 [EventQueue-ContainerReportForContainerReportHandler] WARN  container.ContainerReportHandler (AbstractContainerReportHandler.java:updateContainerState(145)) - Container #1 is in OPEN state, but the datanode 06992730-799e-49b1-b4b4-a9e995f4f1fe{ip: 192.168.69.125, host: pr-hdds-2311-zjr6r-3188632456, networkLocation: /default-rack, certSerialId: null} reports an CLOSED replica.
2019-10-18 05:10:56,213 [EventQueue-ContainerReportForContainerReportHandler] WARN  container.ContainerReportHandler (AbstractContainerReportHandler.java:updateContainerState(145)) - Container #1 is in OPEN state, but the datanode e63c905b-6e24-4a59-beee-02f8929d0b77{ip: 192.168.69.125, host: pr-hdds-2311-zjr6r-3188632456, networkLocation: /default-rack, certSerialId: null} reports an CLOSED replica.
2019-10-18 05:10:56,413 [EventQueue-ContainerReportForContainerReportHandler] WARN  container.ContainerReportHandler (AbstractContainerReportHandler.java:updateContainerState(145)) - Container #1 is in OPEN state, but the datanode e63c905b-6e24-4a59-beee-02f8929d0b77{ip: 192.168.69.125, host: pr-hdds-2311-zjr6r-3188632456, networkLocation: /default-rack, certSerialId: null} reports an CLOSED replica.
2019-10-18 05:10:56,482 [EventQueue-ContainerReportForContainerReportHandler] WARN  container.ContainerReportHandler (AbstractContainerReportHandler.java:updateContainerState(145)) - Container #1 is in OPEN state, but the datanode 06992730-799e-49b1-b4b4-a9e995f4f1fe{ip: 192.168.69.125, host: pr-hdds-2311-zjr6r-3188632456, networkLocation: /default-rack, certSerialId: null} reports an CLOSED replica.
2019-10-18 05:10:56,613 [EventQueue-ContainerReportForContainerReportHandler] WARN  container.ContainerReportHandler (AbstractContainerReportHandler.java:updateContainerState(145)) - Container #1 is in OPEN state, but the datanode e63c905b-6e24-4a59-beee-02f8929d0b77{ip: 192.168.69.125, host: pr-hdds-2311-zjr6r-3188632456, networkLocation: /default-rack, certSerialId: null} reports an CLOSED replica.
2019-10-18 05:10:56,682 [EventQueue-ContainerReportForContainerReportHandler] WARN  container.ContainerReportHandler (AbstractContainerReportHandler.java:updateContainerState(145)) - Container #1 is in OPEN state, but the datanode 06992730-799e-49b1-b4b4-a9e995f4f1fe{ip: 192.168.69.125, host: pr-hdds-2311-zjr6r-3188632456, networkLocation: /default-rack, certSerialId: null} reports an CLOSED replica.
2019-10-18 05:10:56,809 [BlockDeletingService#2] WARN  background.BlockDeletingService (BlockDeletingService.java:isDeletionAllowed(187)) - Close Container log Index 6 is not replicated across allthe servers in the pipeline 7b6774a4-dfa8-469c-9b78-3c260a0191aa as the min replicated index is 4. Deletion is not allowed in this container yet.
2019-10-18 05:10:56,809 [BlockDeletingService#2] WARN  background.BlockDeletingService (BlockDeletingService.java:isDeletionAllowed(187)) - Close Container log Index 6 is not replicated across allthe servers in the pipeline 7b6774a4-dfa8-469c-9b78-3c260a0191aa as the min replicated index is 4. Deletion is not allowed in this container yet.
2019-10-18 05:10:57,014 [EventQueue-ContainerReportForContainerReportHandler] WARN  container.ContainerReportHandler (AbstractContainerReportHandler.java:updateContainerState(145)) - Container #1 is in OPEN state, but the datanode e63c905b-6e24-4a59-beee-02f8929d0b77{ip: 192.168.69.125, host: pr-hdds-2311-zjr6r-3188632456, networkLocation: /default-rack, certSerialId: null} reports an CLOSED replica.
2019-10-18 05:10:57,082 [EventQueue-ContainerReportForContainerReportHandler] WARN  container.ContainerReportHandler (AbstractContainerReportHandler.java:updateContainerState(145)) - Container #1 is in OPEN state, but the datanode 06992730-799e-49b1-b4b4-a9e995f4f1fe{ip: 192.168.69.125, host: pr-hdds-2311-zjr6r-3188632456, networkLocation: /default-rack, certSerialId: null} reports an CLOSED replica.
2019-10-18 05:10:57,314 [EventQueue-ContainerReportForContainerReportHandler] WARN  container.ContainerReportHandler (AbstractContainerReportHandler.java:updateContainerState(145)) - Container #1 is in OPEN state, but the datanode e63c905b-6e24-4a59-beee-02f8929d0b77{ip: 192.168.69.125, host: pr-hdds-2311-zjr6r-3188632456, networkLocation: /default-rack, certSerialId: null} reports an CLOSED replica.
2019-10-18 05:10:57,482 [EventQueue-ContainerReportForContainerReportHandler] WARN  container.ContainerReportHandler (AbstractContainerReportHandler.java:updateContainerState(145)) - Container #1 is in OPEN state, but the datanode 06992730-799e-49b1-b4b4-a9e995f4f1fe{ip: 192.168.69.125, host: pr-hdds-2311-zjr6r-3188632456, networkLocation: /default-rack, certSerialId: null} reports an CLOSED replica.
2019-10-18 05:10:57,514 [EventQueue-ContainerReportForContainerReportHandler] WARN  container.ContainerReportHandler (AbstractContainerReportHandler.java:updateContainerState(145)) - Container #1 is in OPEN state, but the datanode e63c905b-6e24-4a59-beee-02f8929d0b77{ip: 192.168.69.125, host: pr-hdds-2311-zjr6r-3188632456, networkLocation: /default-rack, certSerialId: null} reports an CLOSED replica.
2019-10-18 05:10:57,810 [BlockDeletingService#2] WARN  background.BlockDeletingService (BlockDeletingService.java:isDeletionAllowed(187)) - Close Container log Index 6 is not replicated across allthe servers in the pipeline 7b6774a4-dfa8-469c-9b78-3c260a0191aa as the min replicated index is 4. Deletion is not allowed in this container yet.
2019-10-18 05:10:57,810 [BlockDeletingService#2] WARN  background.BlockDeletingService (BlockDeletingService.java:isDeletionAllowed(187)) - Close Container log Index 6 is not replicated across allthe servers in the pipeline 7b6774a4-dfa8-469c-9b78-3c260a0191aa as the min replicated index is 4. Deletion is not allowed in this container yet.
2019-10-18 05:10:57,814 [EventQueue-ContainerReportForContainerReportHandler] WARN  container.ContainerReportHandler (AbstractContainerReportHandler.java:updateContainerState(145)) - Container #1 is in OPEN state, but the datanode e63c905b-6e24-4a59-beee-02f8929d0b77{ip: 192.168.69.125, host: pr-hdds-2311-zjr6r-3188632456, networkLocation: /default-rack, certSerialId: null} reports an CLOSED replica.
2019-10-18 05:10:57,883 [EventQueue-ContainerReportForContainerReportHandler] WARN  container.ContainerReportHandler (AbstractContainerReportHandler.java:updateContainerState(145)) - Container #1 is in OPEN state, but the datanode 06992730-799e-49b1-b4b4-a9e995f4f1fe{ip: 192.168.69.125, host: pr-hdds-2311-zjr6r-3188632456, networkLocation: /default-rack, certSerialId: null} reports an CLOSED replica.
2019-10-18 05:10:58,116 [EventQueue-ContainerReportForContainerReportHandler] WARN  container.ContainerReportHandler (AbstractContainerReportHandler.java:updateContainerState(145)) - Container #1 is in OPEN state, but the datanode e63c905b-6e24-4a59-beee-02f8929d0b77{ip: 192.168.69.125, host: pr-hdds-2311-zjr6r-3188632456, networkLocation: /default-rack, certSerialId: null} reports an CLOSED replica.
2019-10-18 05:10:58,183 [EventQueue-ContainerReportForContainerReportHandler] WARN  container.ContainerReportHandler (AbstractContainerReportHandler.java:updateContainerState(145)) - Container #1 is in OPEN state, but the datanode 06992730-799e-49b1-b4b4-a9e995f4f1fe{ip: 192.168.69.125, host: pr-hdds-2311-zjr6r-3188632456, networkLocation: /default-rack, certSerialId: null} reports an CLOSED replica.
2019-10-18 05:10:58,413 [java.util.concurrent.ThreadPoolExecutor$Worker@4eabad00[State = -1, empty queue]] WARN  server.GrpcLogAppender (GrpcLogAppender.java:timeoutAppendRequest(209)) - 06992730-799e-49b1-b4b4-a9e995f4f1fe@group-3C260A0191AA->56eab7d4-40e2-4b28-9c72-53449258b8a2-GrpcLogAppender: appendEntries Timeout, request=06992730-799e-49b1-b4b4-a9e995f4f1fe->56eab7d4-40e2-4b28-9c72-53449258b8a2#35-t2, previous=(t:2, i:10), leaderCommit=10, initializing? false, entries: <empty>
2019-10-18 05:10:58,416 [EventQueue-ContainerReportForContainerReportHandler] WARN  container.ContainerReportHandler (AbstractContainerReportHandler.java:updateContainerState(145)) - Container #1 is in OPEN state, but the datanode e63c905b-6e24-4a59-beee-02f8929d0b77{ip: 192.168.69.125, host: pr-hdds-2311-zjr6r-3188632456, networkLocation: /default-rack, certSerialId: null} reports an CLOSED replica.
2019-10-18 05:10:58,483 [EventQueue-ContainerReportForContainerReportHandler] WARN  container.ContainerReportHandler (AbstractContainerReportHandler.java:updateContainerState(145)) - Container #1 is in OPEN state, but the datanode 06992730-799e-49b1-b4b4-a9e995f4f1fe{ip: 192.168.69.125, host: pr-hdds-2311-zjr6r-3188632456, networkLocation: /default-rack, certSerialId: null} reports an CLOSED replica.
2019-10-18 05:10:58,683 [EventQueue-ContainerReportForContainerReportHandler] WARN  container.ContainerReportHandler (AbstractContainerReportHandler.java:updateContainerState(145)) - Container #1 is in OPEN state, but the datanode 06992730-799e-49b1-b4b4-a9e995f4f1fe{ip: 192.168.69.125, host: pr-hdds-2311-zjr6r-3188632456, networkLocation: /default-rack, certSerialId: null} reports an CLOSED replica.
2019-10-18 05:10:58,715 [EventQueue-ContainerReportForContainerReportHandler] WARN  container.ContainerReportHandler (AbstractContainerReportHandler.java:updateContainerState(145)) - Container #1 is in OPEN state, but the datanode e63c905b-6e24-4a59-beee-02f8929d0b77{ip: 192.168.69.125, host: pr-hdds-2311-zjr6r-3188632456, networkLocation: /default-rack, certSerialId: null} reports an CLOSED replica.
2019-10-18 05:10:58,812 [BlockDeletingService#2] WARN  background.BlockDeletingService (BlockDeletingService.java:isDeletionAllowed(187)) - Close Container log Index 6 is not replicated across allthe servers in the pipeline 7b6774a4-dfa8-469c-9b78-3c260a0191aa as the min replicated index is 4. Deletion is not allowed in this container yet.
2019-10-18 05:10:58,812 [BlockDeletingService#2] WARN  background.BlockDeletingService (BlockDeletingService.java:isDeletionAllowed(187)) - Close Container log Index 6 is not replicated across allthe servers in the pipeline 7b6774a4-dfa8-469c-9b78-3c260a0191aa as the min replicated index is 4. Deletion is not allowed in this container yet.
2019-10-18 05:10:58,885 [Thread-410] INFO  client.GrpcClientProtocolService (GrpcClientProtocolService.java:lambda$processClientRequest$0(278)) - Failed RaftClientRequest:client-46808F7408E0->06992730-799e-49b1-b4b4-a9e995f4f1fe@group-3C260A0191AA, cid=10, seq=0, Watch-ALL_COMMITTED(6), Message:<EMPTY>, reply=RaftClientReply:client-46808F7408E0->06992730-799e-49b1-b4b4-a9e995f4f1fe@group-3C260A0191AA, cid=10, FAILED org.apache.ratis.protocol.NotReplicatedException: Request with call Id 10 and log index 6 is not yet replicated to ALL_COMMITTED, logIndex=6, commits[06992730-799e-49b1-b4b4-a9e995f4f1fe:c10, e63c905b-6e24-4a59-beee-02f8929d0b77:c10, 56eab7d4-40e2-4b28-9c72-53449258b8a2:c4]
2019-10-18 05:10:58,984 [EventQueue-ContainerReportForContainerReportHandler] WARN  container.ContainerReportHandler (AbstractContainerReportHandler.java:updateContainerState(145)) - Container #1 is in OPEN state, but the datanode 06992730-799e-49b1-b4b4-a9e995f4f1fe{ip: 192.168.69.125, host: pr-hdds-2311-zjr6r-3188632456, networkLocation: /default-rack, certSerialId: null} reports an CLOSED replica.
2019-10-18 05:10:59,015 [EventQueue-ContainerReportForContainerReportHandler] WARN  container.ContainerReportHandler (AbstractContainerReportHandler.java:updateContainerState(145)) - Container #1 is in OPEN state, but the datanode e63c905b-6e24-4a59-beee-02f8929d0b77{ip: 192.168.69.125, host: pr-hdds-2311-zjr6r-3188632456, networkLocation: /default-rack, certSerialId: null} reports an CLOSED replica.
2019-10-18 05:10:59,315 [EventQueue-ContainerReportForContainerReportHandler] WARN  container.ContainerReportHandler (AbstractContainerReportHandler.java:updateContainerState(145)) - Container #1 is in OPEN state, but the datanode e63c905b-6e24-4a59-beee-02f8929d0b77{ip: 192.168.69.125, host: pr-hdds-2311-zjr6r-3188632456, networkLocation: /default-rack, certSerialId: null} reports an CLOSED replica.
2019-10-18 05:10:59,385 [EventQueue-ContainerReportForContainerReportHandler] WARN  container.ContainerReportHandler (AbstractContainerReportHandler.java:updateContainerState(145)) - Container #1 is in OPEN state, but the datanode 06992730-799e-49b1-b4b4-a9e995f4f1fe{ip: 192.168.69.125, host: pr-hdds-2311-zjr6r-3188632456, networkLocation: /default-rack, certSerialId: null} reports an CLOSED replica.
2019-10-18 05:10:59,585 [EventQueue-ContainerReportForContainerReportHandler] WARN  container.ContainerReportHandler (AbstractContainerReportHandler.java:updateContainerState(145)) - Container #1 is in OPEN state, but the datanode 06992730-799e-49b1-b4b4-a9e995f4f1fe{ip: 192.168.69.125, host: pr-hdds-2311-zjr6r-3188632456, networkLocation: /default-rack, certSerialId: null} reports an CLOSED replica.
2019-10-18 05:10:59,616 [EventQueue-ContainerReportForContainerReportHandler] WARN  container.ContainerReportHandler (AbstractContainerReportHandler.java:updateContainerState(145)) - Container #1 is in OPEN state, but the datanode e63c905b-6e24-4a59-beee-02f8929d0b77{ip: 192.168.69.125, host: pr-hdds-2311-zjr6r-3188632456, networkLocation: /default-rack, certSerialId: null} reports an CLOSED replica.
2019-10-18 05:10:59,785 [EventQueue-ContainerReportForContainerReportHandler] WARN  container.ContainerReportHandler (AbstractContainerReportHandler.java:updateContainerState(145)) - Container #1 is in OPEN state, but the datanode 06992730-799e-49b1-b4b4-a9e995f4f1fe{ip: 192.168.69.125, host: pr-hdds-2311-zjr6r-3188632456, networkLocation: /default-rack, certSerialId: null} reports an CLOSED replica.
2019-10-18 05:10:59,814 [BlockDeletingService#2] WARN  background.BlockDeletingService (BlockDeletingService.java:isDeletionAllowed(187)) - Close Container log Index 6 is not replicated across allthe servers in the pipeline 7b6774a4-dfa8-469c-9b78-3c260a0191aa as the min replicated index is 4. Deletion is not allowed in this container yet.
2019-10-18 05:10:59,814 [BlockDeletingService#2] WARN  background.BlockDeletingService (BlockDeletingService.java:isDeletionAllowed(187)) - Close Container log Index 6 is not replicated across allthe servers in the pipeline 7b6774a4-dfa8-469c-9b78-3c260a0191aa as the min replicated index is 4. Deletion is not allowed in this container yet.
2019-10-18 05:11:00,017 [EventQueue-ContainerReportForContainerReportHandler] WARN  container.ContainerReportHandler (AbstractContainerReportHandler.java:updateContainerState(145)) - Container #1 is in OPEN state, but the datanode e63c905b-6e24-4a59-beee-02f8929d0b77{ip: 192.168.69.125, host: pr-hdds-2311-zjr6r-3188632456, networkLocation: /default-rack, certSerialId: null} reports an CLOSED replica.
2019-10-18 05:11:00,085 [EventQueue-ContainerReportForContainerReportHandler] WARN  container.ContainerReportHandler (AbstractContainerReportHandler.java:updateContainerState(145)) - Container #1 is in OPEN state, but the datanode 06992730-799e-49b1-b4b4-a9e995f4f1fe{ip: 192.168.69.125, host: pr-hdds-2311-zjr6r-3188632456, networkLocation: /default-rack, certSerialId: null} reports an CLOSED replica.
2019-10-18 05:11:00,217 [EventQueue-ContainerReportForContainerReportHandler] WARN  container.ContainerReportHandler (AbstractContainerReportHandler.java:updateContainerState(145)) - Container #1 is in OPEN state, but the datanode e63c905b-6e24-4a59-beee-02f8929d0b77{ip: 192.168.69.125, host: pr-hdds-2311-zjr6r-3188632456, networkLocation: /default-rack, certSerialId: null} reports an CLOSED replica.
2019-10-18 05:11:00,386 [EventQueue-ContainerReportForContainerReportHandler] WARN  container.ContainerReportHandler (AbstractContainerReportHandler.java:updateContainerState(145)) - Container #1 is in OPEN state, but the datanode 06992730-799e-49b1-b4b4-a9e995f4f1fe{ip: 192.168.69.125, host: pr-hdds-2311-zjr6r-3188632456, networkLocation: /default-rack, certSerialId: null} reports an CLOSED replica.
2019-10-18 05:11:00,617 [EventQueue-ContainerReportForContainerReportHandler] WARN  container.ContainerReportHandler (AbstractContainerReportHandler.java:updateContainerState(145)) - Container #1 is in OPEN state, but the datanode e63c905b-6e24-4a59-beee-02f8929d0b77{ip: 192.168.69.125, host: pr-hdds-2311-zjr6r-3188632456, networkLocation: /default-rack, certSerialId: null} reports an CLOSED replica.
2019-10-18 05:11:00,685 [EventQueue-ContainerReportForContainerReportHandler] WARN  container.ContainerReportHandler (AbstractContainerReportHandler.java:updateContainerState(145)) - Container #1 is in OPEN state, but the datanode 06992730-799e-49b1-b4b4-a9e995f4f1fe{ip: 192.168.69.125, host: pr-hdds-2311-zjr6r-3188632456, networkLocation: /default-rack, certSerialId: null} reports an CLOSED replica.
2019-10-18 05:11:00,821 [BlockDeletingService#2] WARN  background.BlockDeletingService (BlockDeletingService.java:isDeletionAllowed(187)) - Close Container log Index 6 is not replicated across allthe servers in the pipeline 7b6774a4-dfa8-469c-9b78-3c260a0191aa as the min replicated index is 4. Deletion is not allowed in this container yet.
2019-10-18 05:11:00,821 [BlockDeletingService#2] WARN  background.BlockDeletingService (BlockDeletingService.java:isDeletionAllowed(187)) - Close Container log Index 6 is not replicated across allthe servers in the pipeline 7b6774a4-dfa8-469c-9b78-3c260a0191aa as the min replicated index is 4. Deletion is not allowed in this container yet.
2019-10-18 05:11:00,914 [java.util.concurrent.ThreadPoolExecutor$Worker@4eabad00[State = -1, empty queue]] WARN  server.GrpcLogAppender (GrpcLogAppender.java:timeoutAppendRequest(209)) - 06992730-799e-49b1-b4b4-a9e995f4f1fe@group-3C260A0191AA->56eab7d4-40e2-4b28-9c72-53449258b8a2-GrpcLogAppender: appendEntries Timeout, request=06992730-799e-49b1-b4b4-a9e995f4f1fe->56eab7d4-40e2-4b28-9c72-53449258b8a2#36-t2, previous=(t:2, i:10), leaderCommit=10, initializing? false, entries: <empty>
2019-10-18 05:11:00,919 [EventQueue-ContainerReportForContainerReportHandler] WARN  container.ContainerReportHandler (AbstractContainerReportHandler.java:updateContainerState(145)) - Container #1 is in OPEN state, but the datanode e63c905b-6e24-4a59-beee-02f8929d0b77{ip: 192.168.69.125, host: pr-hdds-2311-zjr6r-3188632456, networkLocation: /default-rack, certSerialId: null} reports an CLOSED replica.
2019-10-18 05:11:00,985 [EventQueue-ContainerReportForContainerReportHandler] WARN  container.ContainerReportHandler (AbstractContainerReportHandler.java:updateContainerState(145)) - Container #1 is in OPEN state, but the datanode 06992730-799e-49b1-b4b4-a9e995f4f1fe{ip: 192.168.69.125, host: pr-hdds-2311-zjr6r-3188632456, networkLocation: /default-rack, certSerialId: null} reports an CLOSED replica.
2019-10-18 05:11:01,121 [EventQueue-ContainerReportForContainerReportHandler] WARN  container.ContainerReportHandler (AbstractContainerReportHandler.java:updateContainerState(145)) - Container #1 is in OPEN state, but the datanode e63c905b-6e24-4a59-beee-02f8929d0b77{ip: 192.168.69.125, host: pr-hdds-2311-zjr6r-3188632456, networkLocation: /default-rack, certSerialId: null} reports an CLOSED replica.
2019-10-18 05:11:01,286 [EventQueue-ContainerReportForContainerReportHandler] WARN  container.ContainerReportHandler (AbstractContainerReportHandler.java:updateContainerState(145)) - Container #1 is in OPEN state, but the datanode 06992730-799e-49b1-b4b4-a9e995f4f1fe{ip: 192.168.69.125, host: pr-hdds-2311-zjr6r-3188632456, networkLocation: /default-rack, certSerialId: null} reports an CLOSED replica.
2019-10-18 05:11:01,520 [EventQueue-ContainerReportForContainerReportHandler] WARN  container.ContainerReportHandler (AbstractContainerReportHandler.java:updateContainerState(145)) - Container #1 is in OPEN state, but the datanode e63c905b-6e24-4a59-beee-02f8929d0b77{ip: 192.168.69.125, host: pr-hdds-2311-zjr6r-3188632456, networkLocation: /default-rack, certSerialId: null} reports an CLOSED replica.
2019-10-18 05:11:01,585 [EventQueue-ContainerReportForContainerReportHandler] WARN  container.ContainerReportHandler (AbstractContainerReportHandler.java:updateContainerState(145)) - Container #1 is in OPEN state, but the datanode 06992730-799e-49b1-b4b4-a9e995f4f1fe{ip: 192.168.69.125, host: pr-hdds-2311-zjr6r-3188632456, networkLocation: /default-rack, certSerialId: null} reports an CLOSED replica.
2019-10-18 05:11:01,720 [EventQueue-ContainerReportForContainerReportHandler] WARN  container.ContainerReportHandler (AbstractContainerReportHandler.java:updateContainerState(145)) - Container #1 is in OPEN state, but the datanode e63c905b-6e24-4a59-beee-02f8929d0b77{ip: 192.168.69.125, host: pr-hdds-2311-zjr6r-3188632456, networkLocation: /default-rack, certSerialId: null} reports an CLOSED replica.
2019-10-18 05:11:01,822 [BlockDeletingService#2] WARN  background.BlockDeletingService (BlockDeletingService.java:isDeletionAllowed(187)) - Close Container log Index 6 is not replicated across allthe servers in the pipeline 7b6774a4-dfa8-469c-9b78-3c260a0191aa as the min replicated index is 4. Deletion is not allowed in this container yet.
2019-10-18 05:11:01,822 [BlockDeletingService#2] WARN  background.BlockDeletingService (BlockDeletingService.java:isDeletionAllowed(187)) - Close Container log Index 6 is not replicated across allthe servers in the pipeline 7b6774a4-dfa8-469c-9b78-3c260a0191aa as the min replicated index is 4. Deletion is not allowed in this container yet.
2019-10-18 05:11:01,985 [EventQueue-ContainerReportForContainerReportHandler] WARN  container.ContainerReportHandler (AbstractContainerReportHandler.java:updateContainerState(145)) - Container #1 is in OPEN state, but the datanode 06992730-799e-49b1-b4b4-a9e995f4f1fe{ip: 192.168.69.125, host: pr-hdds-2311-zjr6r-3188632456, networkLocation: /default-rack, certSerialId: null} reports an CLOSED replica.
2019-10-18 05:11:02,021 [EventQueue-ContainerReportForContainerReportHandler] WARN  container.ContainerReportHandler (AbstractContainerReportHandler.java:updateContainerState(145)) - Container #1 is in OPEN state, but the datanode e63c905b-6e24-4a59-beee-02f8929d0b77{ip: 192.168.69.125, host: pr-hdds-2311-zjr6r-3188632456, networkLocation: /default-rack, certSerialId: null} reports an CLOSED replica.
2019-10-18 05:11:02,185 [EventQueue-ContainerReportForContainerReportHandler] WARN  container.ContainerReportHandler (AbstractContainerReportHandler.java:updateContainerState(145)) - Container #1 is in OPEN state, but the datanode 06992730-799e-49b1-b4b4-a9e995f4f1fe{ip: 192.168.69.125, host: pr-hdds-2311-zjr6r-3188632456, networkLocation: /default-rack, certSerialId: null} reports an CLOSED replica.
2019-10-18 05:11:02,220 [EventQueue-ContainerReportForContainerReportHandler] WARN  container.ContainerReportHandler (AbstractContainerReportHandler.java:updateContainerState(145)) - Container #1 is in OPEN state, but the datanode e63c905b-6e24-4a59-beee-02f8929d0b77{ip: 192.168.69.125, host: pr-hdds-2311-zjr6r-3188632456, networkLocation: /default-rack, certSerialId: null} reports an CLOSED replica.
2019-10-18 05:11:02,485 [EventQueue-ContainerReportForContainerReportHandler] WARN  container.ContainerReportHandler (AbstractContainerReportHandler.java:updateContainerState(145)) - Container #1 is in OPEN state, but the datanode 06992730-799e-49b1-b4b4-a9e995f4f1fe{ip: 192.168.69.125, host: pr-hdds-2311-zjr6r-3188632456, networkLocation: /default-rack, certSerialId: null} reports an CLOSED replica.
2019-10-18 05:11:02,520 [EventQueue-ContainerReportForContainerReportHandler] WARN  container.ContainerReportHandler (AbstractContainerReportHandler.java:updateContainerState(145)) - Container #1 is in OPEN state, but the datanode e63c905b-6e24-4a59-beee-02f8929d0b77{ip: 192.168.69.125, host: pr-hdds-2311-zjr6r-3188632456, networkLocation: /default-rack, certSerialId: null} reports an CLOSED replica.
2019-10-18 05:11:02,785 [EventQueue-ContainerReportForContainerReportHandler] WARN  container.ContainerReportHandler (AbstractContainerReportHandler.java:updateContainerState(145)) - Container #1 is in OPEN state, but the datanode 06992730-799e-49b1-b4b4-a9e995f4f1fe{ip: 192.168.69.125, host: pr-hdds-2311-zjr6r-3188632456, networkLocation: /default-rack, certSerialId: null} reports an CLOSED replica.
2019-10-18 05:11:02,825 [BlockDeletingService#2] WARN  background.BlockDeletingService (BlockDeletingService.java:isDeletionAllowed(187)) - Close Container log Index 6 is not replicated across allthe servers in the pipeline 7b6774a4-dfa8-469c-9b78-3c260a0191aa as the min replicated index is 4. Deletion is not allowed in this container yet.
2019-10-18 05:11:02,825 [BlockDeletingService#2] WARN  background.BlockDeletingService (BlockDeletingService.java:isDeletionAllowed(187)) - Close Container log Index 6 is not replicated across allthe servers in the pipeline 7b6774a4-dfa8-469c-9b78-3c260a0191aa as the min replicated index is 4. Deletion is not allowed in this container yet.
2019-10-18 05:11:02,920 [EventQueue-ContainerReportForContainerReportHandler] WARN  container.ContainerReportHandler (AbstractContainerReportHandler.java:updateContainerState(145)) - Container #1 is in OPEN state, but the datanode e63c905b-6e24-4a59-beee-02f8929d0b77{ip: 192.168.69.125, host: pr-hdds-2311-zjr6r-3188632456, networkLocation: /default-rack, certSerialId: null} reports an CLOSED replica.
2019-10-18 05:11:03,085 [EventQueue-ContainerReportForContainerReportHandler] WARN  container.ContainerReportHandler (AbstractContainerReportHandler.java:updateContainerState(145)) - Container #1 is in OPEN state, but the datanode 06992730-799e-49b1-b4b4-a9e995f4f1fe{ip: 192.168.69.125, host: pr-hdds-2311-zjr6r-3188632456, networkLocation: /default-rack, certSerialId: null} reports an CLOSED replica.
2019-10-18 05:11:03,220 [EventQueue-ContainerReportForContainerReportHandler] WARN  container.ContainerReportHandler (AbstractContainerReportHandler.java:updateContainerState(145)) - Container #1 is in OPEN state, but the datanode e63c905b-6e24-4a59-beee-02f8929d0b77{ip: 192.168.69.125, host: pr-hdds-2311-zjr6r-3188632456, networkLocation: /default-rack, certSerialId: null} reports an CLOSED replica.
2019-10-18 05:11:03,416 [java.util.concurrent.ThreadPoolExecutor$Worker@4eabad00[State = -1, empty queue]] WARN  server.GrpcLogAppender (GrpcLogAppender.java:timeoutAppendRequest(209)) - 06992730-799e-49b1-b4b4-a9e995f4f1fe@group-3C260A0191AA->56eab7d4-40e2-4b28-9c72-53449258b8a2-GrpcLogAppender: appendEntries Timeout, request=06992730-799e-49b1-b4b4-a9e995f4f1fe->56eab7d4-40e2-4b28-9c72-53449258b8a2#37-t2, previous=(t:2, i:10), leaderCommit=10, initializing? false, entries: <empty>
2019-10-18 05:11:03,487 [EventQueue-ContainerReportForContainerReportHandler] WARN  container.ContainerReportHandler (AbstractContainerReportHandler.java:updateContainerState(145)) - Container #1 is in OPEN state, but the datanode 06992730-799e-49b1-b4b4-a9e995f4f1fe{ip: 192.168.69.125, host: pr-hdds-2311-zjr6r-3188632456, networkLocation: /default-rack, certSerialId: null} reports an CLOSED replica.
2019-10-18 05:11:03,520 [EventQueue-ContainerReportForContainerReportHandler] WARN  container.ContainerReportHandler (AbstractContainerReportHandler.java:updateContainerState(145)) - Container #1 is in OPEN state, but the datanode e63c905b-6e24-4a59-beee-02f8929d0b77{ip: 192.168.69.125, host: pr-hdds-2311-zjr6r-3188632456, networkLocation: /default-rack, certSerialId: null} reports an CLOSED replica.
2019-10-18 05:11:03,820 [EventQueue-ContainerReportForContainerReportHandler] WARN  container.ContainerReportHandler (AbstractContainerReportHandler.java:updateContainerState(145)) - Container #1 is in OPEN state, but the datanode e63c905b-6e24-4a59-beee-02f8929d0b77{ip: 192.168.69.125, host: pr-hdds-2311-zjr6r-3188632456, networkLocation: /default-rack, certSerialId: null} reports an CLOSED replica.
2019-10-18 05:11:03,827 [BlockDeletingService#2] WARN  background.BlockDeletingService (BlockDeletingService.java:isDeletionAllowed(187)) - Close Container log Index 6 is not replicated across allthe servers in the pipeline 7b6774a4-dfa8-469c-9b78-3c260a0191aa as the min replicated index is 4. Deletion is not allowed in this container yet.
2019-10-18 05:11:03,827 [BlockDeletingService#2] WARN  background.BlockDeletingService (BlockDeletingService.java:isDeletionAllowed(187)) - Close Container log Index 6 is not replicated across allthe servers in the pipeline 7b6774a4-dfa8-469c-9b78-3c260a0191aa as the min replicated index is 4. Deletion is not allowed in this container yet.
2019-10-18 05:11:03,886 [EventQueue-ContainerReportForContainerReportHandler] WARN  container.ContainerReportHandler (AbstractContainerReportHandler.java:updateContainerState(145)) - Container #1 is in OPEN state, but the datanode 06992730-799e-49b1-b4b4-a9e995f4f1fe{ip: 192.168.69.125, host: pr-hdds-2311-zjr6r-3188632456, networkLocation: /default-rack, certSerialId: null} reports an CLOSED replica.
2019-10-18 05:11:04,121 [EventQueue-ContainerReportForContainerReportHandler] WARN  container.ContainerReportHandler (AbstractContainerReportHandler.java:updateContainerState(145)) - Container #1 is in OPEN state, but the datanode e63c905b-6e24-4a59-beee-02f8929d0b77{ip: 192.168.69.125, host: pr-hdds-2311-zjr6r-3188632456, networkLocation: /default-rack, certSerialId: null} reports an CLOSED replica.
2019-10-18 05:11:04,186 [EventQueue-ContainerReportForContainerReportHandler] WARN  container.ContainerReportHandler (AbstractContainerReportHandler.java:updateContainerState(145)) - Container #1 is in OPEN state, but the datanode 06992730-799e-49b1-b4b4-a9e995f4f1fe{ip: 192.168.69.125, host: pr-hdds-2311-zjr6r-3188632456, networkLocation: /default-rack, certSerialId: null} reports an CLOSED replica.
2019-10-18 05:11:04,321 [EventQueue-ContainerReportForContainerReportHandler] WARN  container.ContainerReportHandler (AbstractContainerReportHandler.java:updateContainerState(145)) - Container #1 is in OPEN state, but the datanode e63c905b-6e24-4a59-beee-02f8929d0b77{ip: 192.168.69.125, host: pr-hdds-2311-zjr6r-3188632456, networkLocation: /default-rack, certSerialId: null} reports an CLOSED replica.
2019-10-18 05:11:04,386 [EventQueue-ContainerReportForContainerReportHandler] WARN  container.ContainerReportHandler (AbstractContainerReportHandler.java:updateContainerState(145)) - Container #1 is in OPEN state, but the datanode 06992730-799e-49b1-b4b4-a9e995f4f1fe{ip: 192.168.69.125, host: pr-hdds-2311-zjr6r-3188632456, networkLocation: /default-rack, certSerialId: null} reports an CLOSED replica.
2019-10-18 05:11:04,621 [EventQueue-ContainerReportForContainerReportHandler] WARN  container.ContainerReportHandler (AbstractContainerReportHandler.java:updateContainerState(145)) - Container #1 is in OPEN state, but the datanode e63c905b-6e24-4a59-beee-02f8929d0b77{ip: 192.168.69.125, host: pr-hdds-2311-zjr6r-3188632456, networkLocation: /default-rack, certSerialId: null} reports an CLOSED replica.
2019-10-18 05:11:04,686 [EventQueue-ContainerReportForContainerReportHandler] WARN  container.ContainerReportHandler (AbstractContainerReportHandler.java:updateContainerState(145)) - Container #1 is in OPEN state, but the datanode 06992730-799e-49b1-b4b4-a9e995f4f1fe{ip: 192.168.69.125, host: pr-hdds-2311-zjr6r-3188632456, networkLocation: /default-rack, certSerialId: null} reports an CLOSED replica.
2019-10-18 05:11:04,829 [BlockDeletingService#2] WARN  background.BlockDeletingService (BlockDeletingService.java:isDeletionAllowed(187)) - Close Container log Index 6 is not replicated across allthe servers in the pipeline 7b6774a4-dfa8-469c-9b78-3c260a0191aa as the min replicated index is 4. Deletion is not allowed in this container yet.
2019-10-18 05:11:04,829 [BlockDeletingService#2] WARN  background.BlockDeletingService (BlockDeletingService.java:isDeletionAllowed(187)) - Close Container log Index 6 is not replicated across allthe servers in the pipeline 7b6774a4-dfa8-469c-9b78-3c260a0191aa as the min replicated index is 4. Deletion is not allowed in this container yet.
2019-10-18 05:11:04,987 [EventQueue-ContainerReportForContainerReportHandler] WARN  container.ContainerReportHandler (AbstractContainerReportHandler.java:updateContainerState(145)) - Container #1 is in OPEN state, but the datanode 06992730-799e-49b1-b4b4-a9e995f4f1fe{ip: 192.168.69.125, host: pr-hdds-2311-zjr6r-3188632456, networkLocation: /default-rack, certSerialId: null} reports an CLOSED replica.
2019-10-18 05:11:05,021 [EventQueue-ContainerReportForContainerReportHandler] WARN  container.ContainerReportHandler (AbstractContainerReportHandler.java:updateContainerState(145)) - Container #1 is in OPEN state, but the datanode e63c905b-6e24-4a59-beee-02f8929d0b77{ip: 192.168.69.125, host: pr-hdds-2311-zjr6r-3188632456, networkLocation: /default-rack, certSerialId: null} reports an CLOSED replica.
2019-10-18 05:11:05,186 [EventQueue-ContainerReportForContainerReportHandler] WARN  container.ContainerReportHandler (AbstractContainerReportHandler.java:updateContainerState(145)) - Container #1 is in OPEN state, but the datanode 06992730-799e-49b1-b4b4-a9e995f4f1fe{ip: 192.168.69.125, host: pr-hdds-2311-zjr6r-3188632456, networkLocation: /default-rack, certSerialId: null} reports an CLOSED replica.
2019-10-18 05:11:05,422 [EventQueue-ContainerReportForContainerReportHandler] WARN  container.ContainerReportHandler (AbstractContainerReportHandler.java:updateContainerState(145)) - Container #1 is in OPEN state, but the datanode e63c905b-6e24-4a59-beee-02f8929d0b77{ip: 192.168.69.125, host: pr-hdds-2311-zjr6r-3188632456, networkLocation: /default-rack, certSerialId: null} reports an CLOSED replica.
2019-10-18 05:11:05,487 [EventQueue-ContainerReportForContainerReportHandler] WARN  container.ContainerReportHandler (AbstractContainerReportHandler.java:updateContainerState(145)) - Container #1 is in OPEN state, but the datanode 06992730-799e-49b1-b4b4-a9e995f4f1fe{ip: 192.168.69.125, host: pr-hdds-2311-zjr6r-3188632456, networkLocation: /default-rack, certSerialId: null} reports an CLOSED replica.
2019-10-18 05:11:05,788 [EventQueue-ContainerReportForContainerReportHandler] WARN  container.ContainerReportHandler (AbstractContainerReportHandler.java:updateContainerState(145)) - Container #1 is in OPEN state, but the datanode 06992730-799e-49b1-b4b4-a9e995f4f1fe{ip: 192.168.69.125, host: pr-hdds-2311-zjr6r-3188632456, networkLocation: /default-rack, certSerialId: null} reports an CLOSED replica.
2019-10-18 05:11:05,822 [EventQueue-ContainerReportForContainerReportHandler] WARN  container.ContainerReportHandler (AbstractContainerReportHandler.java:updateContainerState(145)) - Container #1 is in OPEN state, but the datanode e63c905b-6e24-4a59-beee-02f8929d0b77{ip: 192.168.69.125, host: pr-hdds-2311-zjr6r-3188632456, networkLocation: /default-rack, certSerialId: null} reports an CLOSED replica.
2019-10-18 05:11:05,831 [BlockDeletingService#2] WARN  background.BlockDeletingService (BlockDeletingService.java:isDeletionAllowed(187)) - Close Container log Index 6 is not replicated across allthe servers in the pipeline 7b6774a4-dfa8-469c-9b78-3c260a0191aa as the min replicated index is 4. Deletion is not allowed in this container yet.
2019-10-18 05:11:05,831 [BlockDeletingService#2] WARN  background.BlockDeletingService (BlockDeletingService.java:isDeletionAllowed(187)) - Close Container log Index 6 is not replicated across allthe servers in the pipeline 7b6774a4-dfa8-469c-9b78-3c260a0191aa as the min replicated index is 4. Deletion is not allowed in this container yet.
2019-10-18 05:11:05,917 [java.util.concurrent.ThreadPoolExecutor$Worker@4eabad00[State = -1, empty queue]] WARN  server.GrpcLogAppender (GrpcLogAppender.java:timeoutAppendRequest(209)) - 06992730-799e-49b1-b4b4-a9e995f4f1fe@group-3C260A0191AA->56eab7d4-40e2-4b28-9c72-53449258b8a2-GrpcLogAppender: appendEntries Timeout, request=06992730-799e-49b1-b4b4-a9e995f4f1fe->56eab7d4-40e2-4b28-9c72-53449258b8a2#38-t2, previous=(t:2, i:10), leaderCommit=10, initializing? false, entries: <empty>
2019-10-18 05:11:06,022 [EventQueue-ContainerReportForContainerReportHandler] WARN  container.ContainerReportHandler (AbstractContainerReportHandler.java:updateContainerState(145)) - Container #1 is in OPEN state, but the datanode e63c905b-6e24-4a59-beee-02f8929d0b77{ip: 192.168.69.125, host: pr-hdds-2311-zjr6r-3188632456, networkLocation: /default-rack, certSerialId: null} reports an CLOSED replica.
2019-10-18 05:11:06,187 [EventQueue-ContainerReportForContainerReportHandler] WARN  container.ContainerReportHandler (AbstractContainerReportHandler.java:updateContainerState(145)) - Container #1 is in OPEN state, but the datanode 06992730-799e-49b1-b4b4-a9e995f4f1fe{ip: 192.168.69.125, host: pr-hdds-2311-zjr6r-3188632456, networkLocation: /default-rack, certSerialId: null} reports an CLOSED replica.
2019-10-18 05:11:06,323 [EventQueue-ContainerReportForContainerReportHandler] WARN  container.ContainerReportHandler (AbstractContainerReportHandler.java:updateContainerState(145)) - Container #1 is in OPEN state, but the datanode e63c905b-6e24-4a59-beee-02f8929d0b77{ip: 192.168.69.125, host: pr-hdds-2311-zjr6r-3188632456, networkLocation: /default-rack, certSerialId: null} reports an CLOSED replica.
2019-10-18 05:11:06,487 [EventQueue-ContainerReportForContainerReportHandler] WARN  container.ContainerReportHandler (AbstractContainerReportHandler.java:updateContainerState(145)) - Container #1 is in OPEN state, but the datanode 06992730-799e-49b1-b4b4-a9e995f4f1fe{ip: 192.168.69.125, host: pr-hdds-2311-zjr6r-3188632456, networkLocation: /default-rack, certSerialId: null} reports an CLOSED replica.
2019-10-18 05:11:06,523 [EventQueue-ContainerReportForContainerReportHandler] WARN  container.ContainerReportHandler (AbstractContainerReportHandler.java:updateContainerState(145)) - Container #1 is in OPEN state, but the datanode e63c905b-6e24-4a59-beee-02f8929d0b77{ip: 192.168.69.125, host: pr-hdds-2311-zjr6r-3188632456, networkLocation: /default-rack, certSerialId: null} reports an CLOSED replica.
2019-10-18 05:11:06,825 [EventQueue-ContainerReportForContainerReportHandler] WARN  container.ContainerReportHandler (AbstractContainerReportHandler.java:updateContainerState(145)) - Container #1 is in OPEN state, but the datanode e63c905b-6e24-4a59-beee-02f8929d0b77{ip: 192.168.69.125, host: pr-hdds-2311-zjr6r-3188632456, networkLocation: /default-rack, certSerialId: null} reports an CLOSED replica.
2019-10-18 05:11:06,833 [BlockDeletingService#2] WARN  background.BlockDeletingService (BlockDeletingService.java:isDeletionAllowed(187)) - Close Container log Index 6 is not replicated across allthe servers in the pipeline 7b6774a4-dfa8-469c-9b78-3c260a0191aa as the min replicated index is 4. Deletion is not allowed in this container yet.
2019-10-18 05:11:06,833 [BlockDeletingService#2] WARN  background.BlockDeletingService (BlockDeletingService.java:isDeletionAllowed(187)) - Close Container log Index 6 is not replicated across allthe servers in the pipeline 7b6774a4-dfa8-469c-9b78-3c260a0191aa as the min replicated index is 4. Deletion is not allowed in this container yet.
2019-10-18 05:11:06,888 [EventQueue-ContainerReportForContainerReportHandler] WARN  container.ContainerReportHandler (AbstractContainerReportHandler.java:updateContainerState(145)) - Container #1 is in OPEN state, but the datanode 06992730-799e-49b1-b4b4-a9e995f4f1fe{ip: 192.168.69.125, host: pr-hdds-2311-zjr6r-3188632456, networkLocation: /default-rack, certSerialId: null} reports an CLOSED replica.
2019-10-18 05:11:07,023 [EventQueue-ContainerReportForContainerReportHandler] WARN  container.ContainerReportHandler (AbstractContainerReportHandler.java:updateContainerState(145)) - Container #1 is in OPEN state, but the datanode e63c905b-6e24-4a59-beee-02f8929d0b77{ip: 192.168.69.125, host: pr-hdds-2311-zjr6r-3188632456, networkLocation: /default-rack, certSerialId: null} reports an CLOSED replica.
2019-10-18 05:11:07,088 [EventQueue-ContainerReportForContainerReportHandler] WARN  container.ContainerReportHandler (AbstractContainerReportHandler.java:updateContainerState(145)) - Container #1 is in OPEN state, but the datanode 06992730-799e-49b1-b4b4-a9e995f4f1fe{ip: 192.168.69.125, host: pr-hdds-2311-zjr6r-3188632456, networkLocation: /default-rack, certSerialId: null} reports an CLOSED replica.
2019-10-18 05:11:07,323 [EventQueue-ContainerReportForContainerReportHandler] WARN  container.ContainerReportHandler (AbstractContainerReportHandler.java:updateContainerState(145)) - Container #1 is in OPEN state, but the datanode e63c905b-6e24-4a59-beee-02f8929d0b77{ip: 192.168.69.125, host: pr-hdds-2311-zjr6r-3188632456, networkLocation: /default-rack, certSerialId: null} reports an CLOSED replica.
2019-10-18 05:11:07,388 [EventQueue-ContainerReportForContainerReportHandler] WARN  container.ContainerReportHandler (AbstractContainerReportHandler.java:updateContainerState(145)) - Container #1 is in OPEN state, but the datanode 06992730-799e-49b1-b4b4-a9e995f4f1fe{ip: 192.168.69.125, host: pr-hdds-2311-zjr6r-3188632456, networkLocation: /default-rack, certSerialId: null} reports an CLOSED replica.
2019-10-18 05:11:07,523 [EventQueue-ContainerReportForContainerReportHandler] WARN  container.ContainerReportHandler (AbstractContainerReportHandler.java:updateContainerState(145)) - Container #1 is in OPEN state, but the datanode e63c905b-6e24-4a59-beee-02f8929d0b77{ip: 192.168.69.125, host: pr-hdds-2311-zjr6r-3188632456, networkLocation: /default-rack, certSerialId: null} reports an CLOSED replica.
2019-10-18 05:11:07,688 [EventQueue-ContainerReportForContainerReportHandler] WARN  container.ContainerReportHandler (AbstractContainerReportHandler.java:updateContainerState(145)) - Container #1 is in OPEN state, but the datanode 06992730-799e-49b1-b4b4-a9e995f4f1fe{ip: 192.168.69.125, host: pr-hdds-2311-zjr6r-3188632456, networkLocation: /default-rack, certSerialId: null} reports an CLOSED replica.
2019-10-18 05:11:07,724 [EventQueue-ContainerReportForContainerReportHandler] WARN  container.ContainerReportHandler (AbstractContainerReportHandler.java:updateContainerState(145)) - Container #1 is in OPEN state, but the datanode e63c905b-6e24-4a59-beee-02f8929d0b77{ip: 192.168.69.125, host: pr-hdds-2311-zjr6r-3188632456, networkLocation: /default-rack, certSerialId: null} reports an CLOSED replica.
2019-10-18 05:11:07,835 [BlockDeletingService#2] WARN  background.BlockDeletingService (BlockDeletingService.java:isDeletionAllowed(187)) - Close Container log Index 6 is not replicated across allthe servers in the pipeline 7b6774a4-dfa8-469c-9b78-3c260a0191aa as the min replicated index is 4. Deletion is not allowed in this container yet.
2019-10-18 05:11:07,835 [BlockDeletingService#2] WARN  background.BlockDeletingService (BlockDeletingService.java:isDeletionAllowed(187)) - Close Container log Index 6 is not replicated across allthe servers in the pipeline 7b6774a4-dfa8-469c-9b78-3c260a0191aa as the min replicated index is 4. Deletion is not allowed in this container yet.
2019-10-18 05:11:07,925 [EventQueue-ContainerReportForContainerReportHandler] WARN  container.ContainerReportHandler (AbstractContainerReportHandler.java:updateContainerState(145)) - Container #1 is in OPEN state, but the datanode e63c905b-6e24-4a59-beee-02f8929d0b77{ip: 192.168.69.125, host: pr-hdds-2311-zjr6r-3188632456, networkLocation: /default-rack, certSerialId: null} reports an CLOSED replica.
2019-10-18 05:11:08,088 [EventQueue-ContainerReportForContainerReportHandler] WARN  container.ContainerReportHandler (AbstractContainerReportHandler.java:updateContainerState(145)) - Container #1 is in OPEN state, but the datanode 06992730-799e-49b1-b4b4-a9e995f4f1fe{ip: 192.168.69.125, host: pr-hdds-2311-zjr6r-3188632456, networkLocation: /default-rack, certSerialId: null} reports an CLOSED replica.
2019-10-18 05:11:08,224 [EventQueue-ContainerReportForContainerReportHandler] WARN  container.ContainerReportHandler (AbstractContainerReportHandler.java:updateContainerState(145)) - Container #1 is in OPEN state, but the datanode e63c905b-6e24-4a59-beee-02f8929d0b77{ip: 192.168.69.125, host: pr-hdds-2311-zjr6r-3188632456, networkLocation: /default-rack, certSerialId: null} reports an CLOSED replica.
2019-10-18 05:11:08,388 [EventQueue-ContainerReportForContainerReportHandler] WARN  container.ContainerReportHandler (AbstractContainerReportHandler.java:updateContainerState(145)) - Container #1 is in OPEN state, but the datanode 06992730-799e-49b1-b4b4-a9e995f4f1fe{ip: 192.168.69.125, host: pr-hdds-2311-zjr6r-3188632456, networkLocation: /default-rack, certSerialId: null} reports an CLOSED replica.
2019-10-18 05:11:08,420 [java.util.concurrent.ThreadPoolExecutor$Worker@4eabad00[State = -1, empty queue]] WARN  server.GrpcLogAppender (GrpcLogAppender.java:timeoutAppendRequest(209)) - 06992730-799e-49b1-b4b4-a9e995f4f1fe@group-3C260A0191AA->56eab7d4-40e2-4b28-9c72-53449258b8a2-GrpcLogAppender: appendEntries Timeout, request=06992730-799e-49b1-b4b4-a9e995f4f1fe->56eab7d4-40e2-4b28-9c72-53449258b8a2#39-t2, previous=(t:2, i:10), leaderCommit=10, initializing? false, entries: <empty>
2019-10-18 05:11:08,588 [EventQueue-ContainerReportForContainerReportHandler] WARN  container.ContainerReportHandler (AbstractContainerReportHandler.java:updateContainerState(145)) - Container #1 is in OPEN state, but the datanode 06992730-799e-49b1-b4b4-a9e995f4f1fe{ip: 192.168.69.125, host: pr-hdds-2311-zjr6r-3188632456, networkLocation: /default-rack, certSerialId: null} reports an CLOSED replica.
2019-10-18 05:11:08,589 [Thread-437] INFO  client.GrpcClientProtocolService (GrpcClientProtocolService.java:lambda$processClientRequest$0(278)) - Failed RaftClientRequest:client-46808F7408E0->e63c905b-6e24-4a59-beee-02f8929d0b77@group-3C260A0191AA, cid=10, seq=0, Watch-ALL_COMMITTED(6), Message:<EMPTY>, reply=RaftClientReply:client-46808F7408E0->e63c905b-6e24-4a59-beee-02f8929d0b77@group-3C260A0191AA, cid=10, FAILED org.apache.ratis.protocol.NotLeaderException: Server e63c905b-6e24-4a59-beee-02f8929d0b77@group-3C260A0191AA is not the leader 06992730-799e-49b1-b4b4-a9e995f4f1fe:192.168.69.125:34681, logIndex=0, commits[e63c905b-6e24-4a59-beee-02f8929d0b77:c10, 56eab7d4-40e2-4b28-9c72-53449258b8a2:c4, 06992730-799e-49b1-b4b4-a9e995f4f1fe:c10]
2019-10-18 05:11:08,625 [EventQueue-ContainerReportForContainerReportHandler] WARN  container.ContainerReportHandler (AbstractContainerReportHandler.java:updateContainerState(145)) - Container #1 is in OPEN state, but the datanode e63c905b-6e24-4a59-beee-02f8929d0b77{ip: 192.168.69.125, host: pr-hdds-2311-zjr6r-3188632456, networkLocation: /default-rack, certSerialId: null} reports an CLOSED replica.
2019-10-18 05:11:08,827 [EventQueue-ContainerReportForContainerReportHandler] WARN  container.ContainerReportHandler (AbstractContainerReportHandler.java:updateContainerState(145)) - Container #1 is in OPEN state, but the datanode e63c905b-6e24-4a59-beee-02f8929d0b77{ip: 192.168.69.125, host: pr-hdds-2311-zjr6r-3188632456, networkLocation: /default-rack, certSerialId: null} reports an CLOSED replica.
2019-10-18 05:11:08,837 [BlockDeletingService#2] WARN  background.BlockDeletingService (BlockDeletingService.java:isDeletionAllowed(187)) - Close Container log Index 6 is not replicated across allthe servers in the pipeline 7b6774a4-dfa8-469c-9b78-3c260a0191aa as the min replicated index is 4. Deletion is not allowed in this container yet.
2019-10-18 05:11:08,837 [BlockDeletingService#2] WARN  background.BlockDeletingService (BlockDeletingService.java:isDeletionAllowed(187)) - Close Container log Index 6 is not replicated across allthe servers in the pipeline 7b6774a4-dfa8-469c-9b78-3c260a0191aa as the min replicated index is 4. Deletion is not allowed in this container yet.
2019-10-18 05:11:08,884 [Thread-442] INFO  client.GrpcClientProtocolService (GrpcClientProtocolService.java:lambda$processClientRequest$0(278)) - Failed RaftClientRequest:client-46808F7408E0->06992730-799e-49b1-b4b4-a9e995f4f1fe@group-3C260A0191AA, cid=10, seq=0, Watch-ALL_COMMITTED(6), Message:<EMPTY>, reply=RaftClientReply:client-46808F7408E0->06992730-799e-49b1-b4b4-a9e995f4f1fe@group-3C260A0191AA, cid=10, FAILED org.apache.ratis.protocol.NotReplicatedException: Request with call Id 10 and log index 6 is not yet replicated to ALL_COMMITTED, logIndex=6, commits[06992730-799e-49b1-b4b4-a9e995f4f1fe:c10, e63c905b-6e24-4a59-beee-02f8929d0b77:c10, 56eab7d4-40e2-4b28-9c72-53449258b8a2:c4]
2019-10-18 05:11:08,988 [EventQueue-ContainerReportForContainerReportHandler] WARN  container.ContainerReportHandler (AbstractContainerReportHandler.java:updateContainerState(145)) - Container #1 is in OPEN state, but the datanode 06992730-799e-49b1-b4b4-a9e995f4f1fe{ip: 192.168.69.125, host: pr-hdds-2311-zjr6r-3188632456, networkLocation: /default-rack, certSerialId: null} reports an CLOSED replica.
2019-10-18 05:11:09,188 [EventQueue-ContainerReportForContainerReportHandler] WARN  container.ContainerReportHandler (AbstractContainerReportHandler.java:updateContainerState(145)) - Container #1 is in OPEN state, but the datanode 06992730-799e-49b1-b4b4-a9e995f4f1fe{ip: 192.168.69.125, host: pr-hdds-2311-zjr6r-3188632456, networkLocation: /default-rack, certSerialId: null} reports an CLOSED replica.
2019-10-18 05:11:09,225 [EventQueue-ContainerReportForContainerReportHandler] WARN  container.ContainerReportHandler (AbstractContainerReportHandler.java:updateContainerState(145)) - Container #1 is in OPEN state, but the datanode e63c905b-6e24-4a59-beee-02f8929d0b77{ip: 192.168.69.125, host: pr-hdds-2311-zjr6r-3188632456, networkLocation: /default-rack, certSerialId: null} reports an CLOSED replica.
2019-10-18 05:11:09,488 [EventQueue-ContainerReportForContainerReportHandler] WARN  container.ContainerReportHandler (AbstractContainerReportHandler.java:updateContainerState(145)) - Container #1 is in OPEN state, but the datanode 06992730-799e-49b1-b4b4-a9e995f4f1fe{ip: 192.168.69.125, host: pr-hdds-2311-zjr6r-3188632456, networkLocation: /default-rack, certSerialId: null} reports an CLOSED replica.
2019-10-18 05:11:09,525 [EventQueue-ContainerReportForContainerReportHandler] WARN  container.ContainerReportHandler (AbstractContainerReportHandler.java:updateContainerState(145)) - Container #1 is in OPEN state, but the datanode e63c905b-6e24-4a59-beee-02f8929d0b77{ip: 192.168.69.125, host: pr-hdds-2311-zjr6r-3188632456, networkLocation: /default-rack, certSerialId: null} reports an CLOSED replica.
2019-10-18 05:11:09,788 [EventQueue-ContainerReportForContainerReportHandler] WARN  container.ContainerReportHandler (AbstractContainerReportHandler.java:updateContainerState(145)) - Container #1 is in OPEN state, but the datanode 06992730-799e-49b1-b4b4-a9e995f4f1fe{ip: 192.168.69.125, host: pr-hdds-2311-zjr6r-3188632456, networkLocation: /default-rack, certSerialId: null} reports an CLOSED replica.
2019-10-18 05:11:09,827 [EventQueue-ContainerReportForContainerReportHandler] WARN  container.ContainerReportHandler (AbstractContainerReportHandler.java:updateContainerState(145)) - Container #1 is in OPEN state, but the datanode e63c905b-6e24-4a59-beee-02f8929d0b77{ip: 192.168.69.125, host: pr-hdds-2311-zjr6r-3188632456, networkLocation: /default-rack, certSerialId: null} reports an CLOSED replica.
2019-10-18 05:11:09,845 [BlockDeletingService#2] WARN  background.BlockDeletingService (BlockDeletingService.java:isDeletionAllowed(187)) - Close Container log Index 6 is not replicated across allthe servers in the pipeline 7b6774a4-dfa8-469c-9b78-3c260a0191aa as the min replicated index is 4. Deletion is not allowed in this container yet.
2019-10-18 05:11:09,845 [BlockDeletingService#2] WARN  background.BlockDeletingService (BlockDeletingService.java:isDeletionAllowed(187)) - Close Container log Index 6 is not replicated across allthe servers in the pipeline 7b6774a4-dfa8-469c-9b78-3c260a0191aa as the min replicated index is 4. Deletion is not allowed in this container yet.
2019-10-18 05:11:10,126 [EventQueue-ContainerReportForContainerReportHandler] WARN  container.ContainerReportHandler (AbstractContainerReportHandler.java:updateContainerState(145)) - Container #1 is in OPEN state, but the datanode e63c905b-6e24-4a59-beee-02f8929d0b77{ip: 192.168.69.125, host: pr-hdds-2311-zjr6r-3188632456, networkLocation: /default-rack, certSerialId: null} reports an CLOSED replica.
2019-10-18 05:11:10,188 [EventQueue-ContainerReportForContainerReportHandler] WARN  container.ContainerReportHandler (AbstractContainerReportHandler.java:updateContainerState(145)) - Container #1 is in OPEN state, but the datanode 06992730-799e-49b1-b4b4-a9e995f4f1fe{ip: 192.168.69.125, host: pr-hdds-2311-zjr6r-3188632456, networkLocation: /default-rack, certSerialId: null} reports an CLOSED replica.
2019-10-18 05:11:10,526 [EventQueue-ContainerReportForContainerReportHandler] WARN  container.ContainerReportHandler (AbstractContainerReportHandler.java:updateContainerState(145)) - Container #1 is in OPEN state, but the datanode e63c905b-6e24-4a59-beee-02f8929d0b77{ip: 192.168.69.125, host: pr-hdds-2311-zjr6r-3188632456, networkLocation: /default-rack, certSerialId: null} reports an CLOSED replica.
2019-10-18 05:11:10,590 [EventQueue-ContainerReportForContainerReportHandler] WARN  container.ContainerReportHandler (AbstractContainerReportHandler.java:updateContainerState(145)) - Container #1 is in OPEN state, but the datanode 06992730-799e-49b1-b4b4-a9e995f4f1fe{ip: 192.168.69.125, host: pr-hdds-2311-zjr6r-3188632456, networkLocation: /default-rack, certSerialId: null} reports an CLOSED replica.
2019-10-18 05:11:10,826 [EventQueue-ContainerReportForContainerReportHandler] WARN  container.ContainerReportHandler (AbstractContainerReportHandler.java:updateContainerState(145)) - Container #1 is in OPEN state, but the datanode e63c905b-6e24-4a59-beee-02f8929d0b77{ip: 192.168.69.125, host: pr-hdds-2311-zjr6r-3188632456, networkLocation: /default-rack, certSerialId: null} reports an CLOSED replica.
2019-10-18 05:11:10,849 [BlockDeletingService#2] WARN  background.BlockDeletingService (BlockDeletingService.java:isDeletionAllowed(187)) - Close Container log Index 6 is not replicated across allthe servers in the pipeline 7b6774a4-dfa8-469c-9b78-3c260a0191aa as the min replicated index is 4. Deletion is not allowed in this container yet.
2019-10-18 05:11:10,849 [BlockDeletingService#2] WARN  background.BlockDeletingService (BlockDeletingService.java:isDeletionAllowed(187)) - Close Container log Index 6 is not replicated across allthe servers in the pipeline 7b6774a4-dfa8-469c-9b78-3c260a0191aa as the min replicated index is 4. Deletion is not allowed in this container yet.
2019-10-18 05:11:10,893 [EventQueue-ContainerReportForContainerReportHandler] WARN  container.ContainerReportHandler (AbstractContainerReportHandler.java:updateContainerState(145)) - Container #1 is in OPEN state, but the datanode 06992730-799e-49b1-b4b4-a9e995f4f1fe{ip: 192.168.69.125, host: pr-hdds-2311-zjr6r-3188632456, networkLocation: /default-rack, certSerialId: null} reports an CLOSED replica.
2019-10-18 05:11:10,921 [java.util.concurrent.ThreadPoolExecutor$Worker@4eabad00[State = -1, empty queue]] WARN  server.GrpcLogAppender (GrpcLogAppender.java:timeoutAppendRequest(209)) - 06992730-799e-49b1-b4b4-a9e995f4f1fe@group-3C260A0191AA->56eab7d4-40e2-4b28-9c72-53449258b8a2-GrpcLogAppender: appendEntries Timeout, request=06992730-799e-49b1-b4b4-a9e995f4f1fe->56eab7d4-40e2-4b28-9c72-53449258b8a2#40-t2, previous=(t:2, i:10), leaderCommit=10, initializing? false, entries: <empty>
2019-10-18 05:11:11,028 [EventQueue-ContainerReportForContainerReportHandler] WARN  container.ContainerReportHandler (AbstractContainerReportHandler.java:updateContainerState(145)) - Container #1 is in OPEN state, but the datanode e63c905b-6e24-4a59-beee-02f8929d0b77{ip: 192.168.69.125, host: pr-hdds-2311-zjr6r-3188632456, networkLocation: /default-rack, certSerialId: null} reports an CLOSED replica.
2019-10-18 05:11:11,295 [EventQueue-ContainerReportForContainerReportHandler] WARN  container.ContainerReportHandler (AbstractContainerReportHandler.java:updateContainerState(145)) - Container #1 is in OPEN state, but the datanode 06992730-799e-49b1-b4b4-a9e995f4f1fe{ip: 192.168.69.125, host: pr-hdds-2311-zjr6r-3188632456, networkLocation: /default-rack, certSerialId: null} reports an CLOSED replica.
2019-10-18 05:11:11,328 [EventQueue-ContainerReportForContainerReportHandler] WARN  container.ContainerReportHandler (AbstractContainerReportHandler.java:updateContainerState(145)) - Container #1 is in OPEN state, but the datanode e63c905b-6e24-4a59-beee-02f8929d0b77{ip: 192.168.69.125, host: pr-hdds-2311-zjr6r-3188632456, networkLocation: /default-rack, certSerialId: null} reports an CLOSED replica.
2019-10-18 05:11:11,627 [EventQueue-ContainerReportForContainerReportHandler] WARN  container.ContainerReportHandler (AbstractContainerReportHandler.java:updateContainerState(145)) - Container #1 is in OPEN state, but the datanode e63c905b-6e24-4a59-beee-02f8929d0b77{ip: 192.168.69.125, host: pr-hdds-2311-zjr6r-3188632456, networkLocation: /default-rack, certSerialId: null} reports an CLOSED replica.
2019-10-18 05:11:11,695 [EventQueue-ContainerReportForContainerReportHandler] WARN  container.ContainerReportHandler (AbstractContainerReportHandler.java:updateContainerState(145)) - Container #1 is in OPEN state, but the datanode 06992730-799e-49b1-b4b4-a9e995f4f1fe{ip: 192.168.69.125, host: pr-hdds-2311-zjr6r-3188632456, networkLocation: /default-rack, certSerialId: null} reports an CLOSED replica.
2019-10-18 05:11:11,827 [EventQueue-ContainerReportForContainerReportHandler] WARN  container.ContainerReportHandler (AbstractContainerReportHandler.java:updateContainerState(145)) - Container #1 is in OPEN state, but the datanode e63c905b-6e24-4a59-beee-02f8929d0b77{ip: 192.168.69.125, host: pr-hdds-2311-zjr6r-3188632456, networkLocation: /default-rack, certSerialId: null} reports an CLOSED replica.
2019-10-18 05:11:11,852 [BlockDeletingService#2] WARN  background.BlockDeletingService (BlockDeletingService.java:isDeletionAllowed(187)) - Close Container log Index 6 is not replicated across allthe servers in the pipeline 7b6774a4-dfa8-469c-9b78-3c260a0191aa as the min replicated index is 4. Deletion is not allowed in this container yet.
2019-10-18 05:11:11,852 [BlockDeletingService#2] WARN  background.BlockDeletingService (BlockDeletingService.java:isDeletionAllowed(187)) - Close Container log Index 6 is not replicated across allthe servers in the pipeline 7b6774a4-dfa8-469c-9b78-3c260a0191aa as the min replicated index is 4. Deletion is not allowed in this container yet.
2019-10-18 05:11:11,895 [EventQueue-ContainerReportForContainerReportHandler] WARN  container.ContainerReportHandler (AbstractContainerReportHandler.java:updateContainerState(145)) - Container #1 is in OPEN state, but the datanode 06992730-799e-49b1-b4b4-a9e995f4f1fe{ip: 192.168.69.125, host: pr-hdds-2311-zjr6r-3188632456, networkLocation: /default-rack, certSerialId: null} reports an CLOSED replica.
2019-10-18 05:11:12,127 [EventQueue-ContainerReportForContainerReportHandler] WARN  container.ContainerReportHandler (AbstractContainerReportHandler.java:updateContainerState(145)) - Container #1 is in OPEN state, but the datanode e63c905b-6e24-4a59-beee-02f8929d0b77{ip: 192.168.69.125, host: pr-hdds-2311-zjr6r-3188632456, networkLocation: /default-rack, certSerialId: null} reports an CLOSED replica.
2019-10-18 05:11:12,197 [EventQueue-ContainerReportForContainerReportHandler] WARN  container.ContainerReportHandler (AbstractContainerReportHandler.java:updateContainerState(145)) - Container #1 is in OPEN state, but the datanode 06992730-799e-49b1-b4b4-a9e995f4f1fe{ip: 192.168.69.125, host: pr-hdds-2311-zjr6r-3188632456, networkLocation: /default-rack, certSerialId: null} reports an CLOSED replica.
2019-10-18 05:11:12,397 [EventQueue-ContainerReportForContainerReportHandler] WARN  container.ContainerReportHandler (AbstractContainerReportHandler.java:updateContainerState(145)) - Container #1 is in OPEN state, but the datanode 06992730-799e-49b1-b4b4-a9e995f4f1fe{ip: 192.168.69.125, host: pr-hdds-2311-zjr6r-3188632456, networkLocation: /default-rack, certSerialId: null} reports an CLOSED replica.
2019-10-18 05:11:12,427 [EventQueue-ContainerReportForContainerReportHandler] WARN  container.ContainerReportHandler (AbstractContainerReportHandler.java:updateContainerState(145)) - Container #1 is in OPEN state, but the datanode e63c905b-6e24-4a59-beee-02f8929d0b77{ip: 192.168.69.125, host: pr-hdds-2311-zjr6r-3188632456, networkLocation: /default-rack, certSerialId: null} reports an CLOSED replica.
2019-10-18 05:11:12,628 [EventQueue-ContainerReportForContainerReportHandler] WARN  container.ContainerReportHandler (AbstractContainerReportHandler.java:updateContainerState(145)) - Container #1 is in OPEN state, but the datanode e63c905b-6e24-4a59-beee-02f8929d0b77{ip: 192.168.69.125, host: pr-hdds-2311-zjr6r-3188632456, networkLocation: /default-rack, certSerialId: null} reports an CLOSED replica.
2019-10-18 05:11:12,798 [EventQueue-ContainerReportForContainerReportHandler] WARN  container.ContainerReportHandler (AbstractContainerReportHandler.java:updateContainerState(145)) - Container #1 is in OPEN state, but the datanode 06992730-799e-49b1-b4b4-a9e995f4f1fe{ip: 192.168.69.125, host: pr-hdds-2311-zjr6r-3188632456, networkLocation: /default-rack, certSerialId: null} reports an CLOSED replica.
2019-10-18 05:11:12,854 [BlockDeletingService#2] WARN  background.BlockDeletingService (BlockDeletingService.java:isDeletionAllowed(187)) - Close Container log Index 6 is not replicated across allthe servers in the pipeline 7b6774a4-dfa8-469c-9b78-3c260a0191aa as the min replicated index is 4. Deletion is not allowed in this container yet.
2019-10-18 05:11:12,855 [BlockDeletingService#2] WARN  background.BlockDeletingService (BlockDeletingService.java:isDeletionAllowed(187)) - Close Container log Index 6 is not replicated across allthe servers in the pipeline 7b6774a4-dfa8-469c-9b78-3c260a0191aa as the min replicated index is 4. Deletion is not allowed in this container yet.
2019-10-18 05:11:13,029 [EventQueue-ContainerReportForContainerReportHandler] WARN  container.ContainerReportHandler (AbstractContainerReportHandler.java:updateContainerState(145)) - Container #1 is in OPEN state, but the datanode e63c905b-6e24-4a59-beee-02f8929d0b77{ip: 192.168.69.125, host: pr-hdds-2311-zjr6r-3188632456, networkLocation: /default-rack, certSerialId: null} reports an CLOSED replica.
2019-10-18 05:11:13,098 [EventQueue-ContainerReportForContainerReportHandler] WARN  container.ContainerReportHandler (AbstractContainerReportHandler.java:updateContainerState(145)) - Container #1 is in OPEN state, but the datanode 06992730-799e-49b1-b4b4-a9e995f4f1fe{ip: 192.168.69.125, host: pr-hdds-2311-zjr6r-3188632456, networkLocation: /default-rack, certSerialId: null} reports an CLOSED replica.
2019-10-18 05:11:13,229 [EventQueue-ContainerReportForContainerReportHandler] WARN  container.ContainerReportHandler (AbstractContainerReportHandler.java:updateContainerState(145)) - Container #1 is in OPEN state, but the datanode e63c905b-6e24-4a59-beee-02f8929d0b77{ip: 192.168.69.125, host: pr-hdds-2311-zjr6r-3188632456, networkLocation: /default-rack, certSerialId: null} reports an CLOSED replica.
2019-10-18 05:11:13,398 [EventQueue-ContainerReportForContainerReportHandler] WARN  container.ContainerReportHandler (AbstractContainerReportHandler.java:updateContainerState(145)) - Container #1 is in OPEN state, but the datanode 06992730-799e-49b1-b4b4-a9e995f4f1fe{ip: 192.168.69.125, host: pr-hdds-2311-zjr6r-3188632456, networkLocation: /default-rack, certSerialId: null} reports an CLOSED replica.
2019-10-18 05:11:13,422 [java.util.concurrent.ThreadPoolExecutor$Worker@4eabad00[State = -1, empty queue]] WARN  server.GrpcLogAppender (GrpcLogAppender.java:timeoutAppendRequest(209)) - 06992730-799e-49b1-b4b4-a9e995f4f1fe@group-3C260A0191AA->56eab7d4-40e2-4b28-9c72-53449258b8a2-GrpcLogAppender: appendEntries Timeout, request=06992730-799e-49b1-b4b4-a9e995f4f1fe->56eab7d4-40e2-4b28-9c72-53449258b8a2#41-t2, previous=(t:2, i:10), leaderCommit=10, initializing? false, entries: <empty>
2019-10-18 05:11:13,629 [EventQueue-ContainerReportForContainerReportHandler] WARN  container.ContainerReportHandler (AbstractContainerReportHandler.java:updateContainerState(145)) - Container #1 is in OPEN state, but the datanode e63c905b-6e24-4a59-beee-02f8929d0b77{ip: 192.168.69.125, host: pr-hdds-2311-zjr6r-3188632456, networkLocation: /default-rack, certSerialId: null} reports an CLOSED replica.
2019-10-18 05:11:13,700 [EventQueue-ContainerReportForContainerReportHandler] WARN  container.ContainerReportHandler (AbstractContainerReportHandler.java:updateContainerState(145)) - Container #1 is in OPEN state, but the datanode 06992730-799e-49b1-b4b4-a9e995f4f1fe{ip: 192.168.69.125, host: pr-hdds-2311-zjr6r-3188632456, networkLocation: /default-rack, certSerialId: null} reports an CLOSED replica.
2019-10-18 05:11:13,856 [BlockDeletingService#2] WARN  background.BlockDeletingService (BlockDeletingService.java:isDeletionAllowed(187)) - Close Container log Index 6 is not replicated across allthe servers in the pipeline 7b6774a4-dfa8-469c-9b78-3c260a0191aa as the min replicated index is 4. Deletion is not allowed in this container yet.
2019-10-18 05:11:13,856 [BlockDeletingService#2] WARN  background.BlockDeletingService (BlockDeletingService.java:isDeletionAllowed(187)) - Close Container log Index 6 is not replicated across allthe servers in the pipeline 7b6774a4-dfa8-469c-9b78-3c260a0191aa as the min replicated index is 4. Deletion is not allowed in this container yet.
2019-10-18 05:11:14,029 [EventQueue-ContainerReportForContainerReportHandler] WARN  container.ContainerReportHandler (AbstractContainerReportHandler.java:updateContainerState(145)) - Container #1 is in OPEN state, but the datanode e63c905b-6e24-4a59-beee-02f8929d0b77{ip: 192.168.69.125, host: pr-hdds-2311-zjr6r-3188632456, networkLocation: /default-rack, certSerialId: null} reports an CLOSED replica.
2019-10-18 05:11:14,102 [EventQueue-ContainerReportForContainerReportHandler] WARN  container.ContainerReportHandler (AbstractContainerReportHandler.java:updateContainerState(145)) - Container #1 is in OPEN state, but the datanode 06992730-799e-49b1-b4b4-a9e995f4f1fe{ip: 192.168.69.125, host: pr-hdds-2311-zjr6r-3188632456, networkLocation: /default-rack, certSerialId: null} reports an CLOSED replica.
2019-10-18 05:11:14,229 [EventQueue-ContainerReportForContainerReportHandler] WARN  container.ContainerReportHandler (AbstractContainerReportHandler.java:updateContainerState(145)) - Container #1 is in OPEN state, but the datanode e63c905b-6e24-4a59-beee-02f8929d0b77{ip: 192.168.69.125, host: pr-hdds-2311-zjr6r-3188632456, networkLocation: /default-rack, certSerialId: null} reports an CLOSED replica.
2019-10-18 05:11:14,403 [EventQueue-ContainerReportForContainerReportHandler] WARN  container.ContainerReportHandler (AbstractContainerReportHandler.java:updateContainerState(145)) - Container #1 is in OPEN state, but the datanode 06992730-799e-49b1-b4b4-a9e995f4f1fe{ip: 192.168.69.125, host: pr-hdds-2311-zjr6r-3188632456, networkLocation: /default-rack, certSerialId: null} reports an CLOSED replica.
2019-10-18 05:11:14,629 [EventQueue-ContainerReportForContainerReportHandler] WARN  container.ContainerReportHandler (AbstractContainerReportHandler.java:updateContainerState(145)) - Container #1 is in OPEN state, but the datanode e63c905b-6e24-4a59-beee-02f8929d0b77{ip: 192.168.69.125, host: pr-hdds-2311-zjr6r-3188632456, networkLocation: /default-rack, certSerialId: null} reports an CLOSED replica.
2019-10-18 05:11:14,703 [EventQueue-ContainerReportForContainerReportHandler] WARN  container.ContainerReportHandler (AbstractContainerReportHandler.java:updateContainerState(145)) - Container #1 is in OPEN state, but the datanode 06992730-799e-49b1-b4b4-a9e995f4f1fe{ip: 192.168.69.125, host: pr-hdds-2311-zjr6r-3188632456, networkLocation: /default-rack, certSerialId: null} reports an CLOSED replica.
2019-10-18 05:11:14,858 [BlockDeletingService#2] WARN  background.BlockDeletingService (BlockDeletingService.java:isDeletionAllowed(187)) - Close Container log Index 6 is not replicated across allthe servers in the pipeline 7b6774a4-dfa8-469c-9b78-3c260a0191aa as the min replicated index is 4. Deletion is not allowed in this container yet.
2019-10-18 05:11:14,858 [BlockDeletingService#2] WARN  background.BlockDeletingService (BlockDeletingService.java:isDeletionAllowed(187)) - Close Container log Index 6 is not replicated across allthe servers in the pipeline 7b6774a4-dfa8-469c-9b78-3c260a0191aa as the min replicated index is 4. Deletion is not allowed in this container yet.
2019-10-18 05:11:14,929 [EventQueue-ContainerReportForContainerReportHandler] WARN  container.ContainerReportHandler (AbstractContainerReportHandler.java:updateContainerState(145)) - Container #1 is in OPEN state, but the datanode e63c905b-6e24-4a59-beee-02f8929d0b77{ip: 192.168.69.125, host: pr-hdds-2311-zjr6r-3188632456, networkLocation: /default-rack, certSerialId: null} reports an CLOSED replica.
2019-10-18 05:11:15,104 [EventQueue-ContainerReportForContainerReportHandler] WARN  container.ContainerReportHandler (AbstractContainerReportHandler.java:updateContainerState(145)) - Container #1 is in OPEN state, but the datanode 06992730-799e-49b1-b4b4-a9e995f4f1fe{ip: 192.168.69.125, host: pr-hdds-2311-zjr6r-3188632456, networkLocation: /default-rack, certSerialId: null} reports an CLOSED replica.
2019-10-18 05:11:15,229 [EventQueue-ContainerReportForContainerReportHandler] WARN  container.ContainerReportHandler (AbstractContainerReportHandler.java:updateContainerState(145)) - Container #1 is in OPEN state, but the datanode e63c905b-6e24-4a59-beee-02f8929d0b77{ip: 192.168.69.125, host: pr-hdds-2311-zjr6r-3188632456, networkLocation: /default-rack, certSerialId: null} reports an CLOSED replica.
2019-10-18 05:11:15,506 [EventQueue-ContainerReportForContainerReportHandler] WARN  container.ContainerReportHandler (AbstractContainerReportHandler.java:updateContainerState(145)) - Container #1 is in OPEN state, but the datanode 06992730-799e-49b1-b4b4-a9e995f4f1fe{ip: 192.168.69.125, host: pr-hdds-2311-zjr6r-3188632456, networkLocation: /default-rack, certSerialId: null} reports an CLOSED replica.
2019-10-18 05:11:15,629 [EventQueue-ContainerReportForContainerReportHandler] WARN  container.ContainerReportHandler (AbstractContainerReportHandler.java:updateContainerState(145)) - Container #1 is in OPEN state, but the datanode e63c905b-6e24-4a59-beee-02f8929d0b77{ip: 192.168.69.125, host: pr-hdds-2311-zjr6r-3188632456, networkLocation: /default-rack, certSerialId: null} reports an CLOSED replica.
2019-10-18 05:11:15,705 [EventQueue-ContainerReportForContainerReportHandler] WARN  container.ContainerReportHandler (AbstractContainerReportHandler.java:updateContainerState(145)) - Container #1 is in OPEN state, but the datanode 06992730-799e-49b1-b4b4-a9e995f4f1fe{ip: 192.168.69.125, host: pr-hdds-2311-zjr6r-3188632456, networkLocation: /default-rack, certSerialId: null} reports an CLOSED replica.
2019-10-18 05:11:15,861 [BlockDeletingService#2] WARN  background.BlockDeletingService (BlockDeletingService.java:isDeletionAllowed(187)) - Close Container log Index 6 is not replicated across allthe servers in the pipeline 7b6774a4-dfa8-469c-9b78-3c260a0191aa as the min replicated index is 4. Deletion is not allowed in this container yet.
2019-10-18 05:11:15,861 [BlockDeletingService#2] WARN  background.BlockDeletingService (BlockDeletingService.java:isDeletionAllowed(187)) - Close Container log Index 6 is not replicated across allthe servers in the pipeline 7b6774a4-dfa8-469c-9b78-3c260a0191aa as the min replicated index is 4. Deletion is not allowed in this container yet.
2019-10-18 05:11:15,905 [EventQueue-ContainerReportForContainerReportHandler] WARN  container.ContainerReportHandler (AbstractContainerReportHandler.java:updateContainerState(145)) - Container #1 is in OPEN state, but the datanode 06992730-799e-49b1-b4b4-a9e995f4f1fe{ip: 192.168.69.125, host: pr-hdds-2311-zjr6r-3188632456, networkLocation: /default-rack, certSerialId: null} reports an CLOSED replica.
2019-10-18 05:11:15,924 [java.util.concurrent.ThreadPoolExecutor$Worker@4eabad00[State = -1, empty queue]] WARN  server.GrpcLogAppender (GrpcLogAppender.java:timeoutAppendRequest(209)) - 06992730-799e-49b1-b4b4-a9e995f4f1fe@group-3C260A0191AA->56eab7d4-40e2-4b28-9c72-53449258b8a2-GrpcLogAppender: appendEntries Timeout, request=06992730-799e-49b1-b4b4-a9e995f4f1fe->56eab7d4-40e2-4b28-9c72-53449258b8a2#42-t2, previous=(t:2, i:10), leaderCommit=10, initializing? false, entries: <empty>
2019-10-18 05:11:15,930 [EventQueue-ContainerReportForContainerReportHandler] WARN  container.ContainerReportHandler (AbstractContainerReportHandler.java:updateContainerState(145)) - Container #1 is in OPEN state, but the datanode e63c905b-6e24-4a59-beee-02f8929d0b77{ip: 192.168.69.125, host: pr-hdds-2311-zjr6r-3188632456, networkLocation: /default-rack, certSerialId: null} reports an CLOSED replica.
2019-10-18 05:11:16,131 [EventQueue-ContainerReportForContainerReportHandler] WARN  container.ContainerReportHandler (AbstractContainerReportHandler.java:updateContainerState(145)) - Container #1 is in OPEN state, but the datanode e63c905b-6e24-4a59-beee-02f8929d0b77{ip: 192.168.69.125, host: pr-hdds-2311-zjr6r-3188632456, networkLocation: /default-rack, certSerialId: null} reports an CLOSED replica.
2019-10-18 05:11:16,205 [EventQueue-ContainerReportForContainerReportHandler] WARN  container.ContainerReportHandler (AbstractContainerReportHandler.java:updateContainerState(145)) - Container #1 is in OPEN state, but the datanode 06992730-799e-49b1-b4b4-a9e995f4f1fe{ip: 192.168.69.125, host: pr-hdds-2311-zjr6r-3188632456, networkLocation: /default-rack, certSerialId: null} reports an CLOSED replica.
2019-10-18 05:11:16,506 [EventQueue-ContainerReportForContainerReportHandler] WARN  container.ContainerReportHandler (AbstractContainerReportHandler.java:updateContainerState(145)) - Container #1 is in OPEN state, but the datanode 06992730-799e-49b1-b4b4-a9e995f4f1fe{ip: 192.168.69.125, host: pr-hdds-2311-zjr6r-3188632456, networkLocation: /default-rack, certSerialId: null} reports an CLOSED replica.
2019-10-18 05:11:16,532 [EventQueue-ContainerReportForContainerReportHandler] WARN  container.ContainerReportHandler (AbstractContainerReportHandler.java:updateContainerState(145)) - Container #1 is in OPEN state, but the datanode e63c905b-6e24-4a59-beee-02f8929d0b77{ip: 192.168.69.125, host: pr-hdds-2311-zjr6r-3188632456, networkLocation: /default-rack, certSerialId: null} reports an CLOSED replica.
2019-10-18 05:11:16,806 [EventQueue-ContainerReportForContainerReportHandler] WARN  container.ContainerReportHandler (AbstractContainerReportHandler.java:updateContainerState(145)) - Container #1 is in OPEN state, but the datanode 06992730-799e-49b1-b4b4-a9e995f4f1fe{ip: 192.168.69.125, host: pr-hdds-2311-zjr6r-3188632456, networkLocation: /default-rack, certSerialId: null} reports an CLOSED replica.
2019-10-18 05:11:16,863 [BlockDeletingService#2] WARN  background.BlockDeletingService (BlockDeletingService.java:isDeletionAllowed(187)) - Close Container log Index 6 is not replicated across allthe servers in the pipeline 7b6774a4-dfa8-469c-9b78-3c260a0191aa as the min replicated index is 4. Deletion is not allowed in this container yet.
2019-10-18 05:11:16,863 [BlockDeletingService#2] WARN  background.BlockDeletingService (BlockDeletingService.java:isDeletionAllowed(187)) - Close Container log Index 6 is not replicated across allthe servers in the pipeline 7b6774a4-dfa8-469c-9b78-3c260a0191aa as the min replicated index is 4. Deletion is not allowed in this container yet.
2019-10-18 05:11:16,933 [EventQueue-ContainerReportForContainerReportHandler] WARN  container.ContainerReportHandler (AbstractContainerReportHandler.java:updateContainerState(145)) - Container #1 is in OPEN state, but the datanode e63c905b-6e24-4a59-beee-02f8929d0b77{ip: 192.168.69.125, host: pr-hdds-2311-zjr6r-3188632456, networkLocation: /default-rack, certSerialId: null} reports an CLOSED replica.
2019-10-18 05:11:17,207 [EventQueue-ContainerReportForContainerReportHandler] WARN  container.ContainerReportHandler (AbstractContainerReportHandler.java:updateContainerState(145)) - Container #1 is in OPEN state, but the datanode 06992730-799e-49b1-b4b4-a9e995f4f1fe{ip: 192.168.69.125, host: pr-hdds-2311-zjr6r-3188632456, networkLocation: /default-rack, certSerialId: null} reports an CLOSED replica.
2019-10-18 05:11:17,233 [EventQueue-ContainerReportForContainerReportHandler] WARN  container.ContainerReportHandler (AbstractContainerReportHandler.java:updateContainerState(145)) - Container #1 is in OPEN state, but the datanode e63c905b-6e24-4a59-beee-02f8929d0b77{ip: 192.168.69.125, host: pr-hdds-2311-zjr6r-3188632456, networkLocation: /default-rack, certSerialId: null} reports an CLOSED replica.
2019-10-18 05:11:17,507 [EventQueue-ContainerReportForContainerReportHandler] WARN  container.ContainerReportHandler (AbstractContainerReportHandler.java:updateContainerState(145)) - Container #1 is in OPEN state, but the datanode 06992730-799e-49b1-b4b4-a9e995f4f1fe{ip: 192.168.69.125, host: pr-hdds-2311-zjr6r-3188632456, networkLocation: /default-rack, certSerialId: null} reports an CLOSED replica.
2019-10-18 05:11:17,633 [EventQueue-ContainerReportForContainerReportHandler] WARN  container.ContainerReportHandler (AbstractContainerReportHandler.java:updateContainerState(145)) - Container #1 is in OPEN state, but the datanode e63c905b-6e24-4a59-beee-02f8929d0b77{ip: 192.168.69.125, host: pr-hdds-2311-zjr6r-3188632456, networkLocation: /default-rack, certSerialId: null} reports an CLOSED replica.
2019-10-18 05:11:17,865 [BlockDeletingService#2] WARN  background.BlockDeletingService (BlockDeletingService.java:isDeletionAllowed(187)) - Close Container log Index 6 is not replicated across allthe servers in the pipeline 7b6774a4-dfa8-469c-9b78-3c260a0191aa as the min replicated index is 4. Deletion is not allowed in this container yet.
2019-10-18 05:11:17,865 [BlockDeletingService#2] WARN  background.BlockDeletingService (BlockDeletingService.java:isDeletionAllowed(187)) - Close Container log Index 6 is not replicated across allthe servers in the pipeline 7b6774a4-dfa8-469c-9b78-3c260a0191aa as the min replicated index is 4. Deletion is not allowed in this container yet.
2019-10-18 05:11:17,908 [EventQueue-ContainerReportForContainerReportHandler] WARN  container.ContainerReportHandler (AbstractContainerReportHandler.java:updateContainerState(145)) - Container #1 is in OPEN state, but the datanode 06992730-799e-49b1-b4b4-a9e995f4f1fe{ip: 192.168.69.125, host: pr-hdds-2311-zjr6r-3188632456, networkLocation: /default-rack, certSerialId: null} reports an CLOSED replica.
2019-10-18 05:11:17,933 [EventQueue-ContainerReportForContainerReportHandler] WARN  container.ContainerReportHandler (AbstractContainerReportHandler.java:updateContainerState(145)) - Container #1 is in OPEN state, but the datanode e63c905b-6e24-4a59-beee-02f8929d0b77{ip: 192.168.69.125, host: pr-hdds-2311-zjr6r-3188632456, networkLocation: /default-rack, certSerialId: null} reports an CLOSED replica.
2019-10-18 05:11:18,207 [EventQueue-ContainerReportForContainerReportHandler] WARN  container.ContainerReportHandler (AbstractContainerReportHandler.java:updateContainerState(145)) - Container #1 is in OPEN state, but the datanode 06992730-799e-49b1-b4b4-a9e995f4f1fe{ip: 192.168.69.125, host: pr-hdds-2311-zjr6r-3188632456, networkLocation: /default-rack, certSerialId: null} reports an CLOSED replica.
2019-10-18 05:11:18,334 [EventQueue-ContainerReportForContainerReportHandler] WARN  container.ContainerReportHandler (AbstractContainerReportHandler.java:updateContainerState(145)) - Container #1 is in OPEN state, but the datanode e63c905b-6e24-4a59-beee-02f8929d0b77{ip: 192.168.69.125, host: pr-hdds-2311-zjr6r-3188632456, networkLocation: /default-rack, certSerialId: null} reports an CLOSED replica.
2019-10-18 05:11:18,407 [EventQueue-ContainerReportForContainerReportHandler] WARN  container.ContainerReportHandler (AbstractContainerReportHandler.java:updateContainerState(145)) - Container #1 is in OPEN state, but the datanode 06992730-799e-49b1-b4b4-a9e995f4f1fe{ip: 192.168.69.125, host: pr-hdds-2311-zjr6r-3188632456, networkLocation: /default-rack, certSerialId: null} reports an CLOSED replica.
2019-10-18 05:11:18,425 [java.util.concurrent.ThreadPoolExecutor$Worker@4eabad00[State = -1, empty queue]] WARN  server.GrpcLogAppender (GrpcLogAppender.java:timeoutAppendRequest(209)) - 06992730-799e-49b1-b4b4-a9e995f4f1fe@group-3C260A0191AA->56eab7d4-40e2-4b28-9c72-53449258b8a2-GrpcLogAppender: appendEntries Timeout, request=06992730-799e-49b1-b4b4-a9e995f4f1fe->56eab7d4-40e2-4b28-9c72-53449258b8a2#43-t2, previous=(t:2, i:10), leaderCommit=10, initializing? false, entries: <empty>
2019-10-18 05:11:18,634 [EventQueue-ContainerReportForContainerReportHandler] WARN  container.ContainerReportHandler (AbstractContainerReportHandler.java:updateContainerState(145)) - Container #1 is in OPEN state, but the datanode e63c905b-6e24-4a59-beee-02f8929d0b77{ip: 192.168.69.125, host: pr-hdds-2311-zjr6r-3188632456, networkLocation: /default-rack, certSerialId: null} reports an CLOSED replica.
2019-10-18 05:11:18,709 [EventQueue-ContainerReportForContainerReportHandler] WARN  container.ContainerReportHandler (AbstractContainerReportHandler.java:updateContainerState(145)) - Container #1 is in OPEN state, but the datanode 06992730-799e-49b1-b4b4-a9e995f4f1fe{ip: 192.168.69.125, host: pr-hdds-2311-zjr6r-3188632456, networkLocation: /default-rack, certSerialId: null} reports an CLOSED replica.
2019-10-18 05:11:18,835 [EventQueue-ContainerReportForContainerReportHandler] WARN  container.ContainerReportHandler (AbstractContainerReportHandler.java:updateContainerState(145)) - Container #1 is in OPEN state, but the datanode e63c905b-6e24-4a59-beee-02f8929d0b77{ip: 192.168.69.125, host: pr-hdds-2311-zjr6r-3188632456, networkLocation: /default-rack, certSerialId: null} reports an CLOSED replica.
2019-10-18 05:11:18,868 [BlockDeletingService#2] WARN  background.BlockDeletingService (BlockDeletingService.java:isDeletionAllowed(187)) - Close Container log Index 6 is not replicated across allthe servers in the pipeline 7b6774a4-dfa8-469c-9b78-3c260a0191aa as the min replicated index is 4. Deletion is not allowed in this container yet.
2019-10-18 05:11:18,868 [BlockDeletingService#2] WARN  background.BlockDeletingService (BlockDeletingService.java:isDeletionAllowed(187)) - Close Container log Index 6 is not replicated across allthe servers in the pipeline 7b6774a4-dfa8-469c-9b78-3c260a0191aa as the min replicated index is 4. Deletion is not allowed in this container yet.
2019-10-18 05:11:18,885 [Thread-471] INFO  client.GrpcClientProtocolService (GrpcClientProtocolService.java:lambda$processClientRequest$0(278)) - Failed RaftClientRequest:client-46808F7408E0->06992730-799e-49b1-b4b4-a9e995f4f1fe@group-3C260A0191AA, cid=10, seq=0, Watch-ALL_COMMITTED(6), Message:<EMPTY>, reply=RaftClientReply:client-46808F7408E0->06992730-799e-49b1-b4b4-a9e995f4f1fe@group-3C260A0191AA, cid=10, FAILED org.apache.ratis.protocol.NotReplicatedException: Request with call Id 10 and log index 6 is not yet replicated to ALL_COMMITTED, logIndex=6, commits[06992730-799e-49b1-b4b4-a9e995f4f1fe:c10, e63c905b-6e24-4a59-beee-02f8929d0b77:c10, 56eab7d4-40e2-4b28-9c72-53449258b8a2:c4]
2019-10-18 05:11:19,008 [EventQueue-ContainerReportForContainerReportHandler] WARN  container.ContainerReportHandler (AbstractContainerReportHandler.java:updateContainerState(145)) - Container #1 is in OPEN state, but the datanode 06992730-799e-49b1-b4b4-a9e995f4f1fe{ip: 192.168.69.125, host: pr-hdds-2311-zjr6r-3188632456, networkLocation: /default-rack, certSerialId: null} reports an CLOSED replica.
2019-10-18 05:11:19,235 [EventQueue-ContainerReportForContainerReportHandler] WARN  container.ContainerReportHandler (AbstractContainerReportHandler.java:updateContainerState(145)) - Container #1 is in OPEN state, but the datanode e63c905b-6e24-4a59-beee-02f8929d0b77{ip: 192.168.69.125, host: pr-hdds-2311-zjr6r-3188632456, networkLocation: /default-rack, certSerialId: null} reports an CLOSED replica.
2019-10-18 05:11:19,409 [EventQueue-ContainerReportForContainerReportHandler] WARN  container.ContainerReportHandler (AbstractContainerReportHandler.java:updateContainerState(145)) - Container #1 is in OPEN state, but the datanode 06992730-799e-49b1-b4b4-a9e995f4f1fe{ip: 192.168.69.125, host: pr-hdds-2311-zjr6r-3188632456, networkLocation: /default-rack, certSerialId: null} reports an CLOSED replica.
2019-10-18 05:11:19,435 [EventQueue-ContainerReportForContainerReportHandler] WARN  container.ContainerReportHandler (AbstractContainerReportHandler.java:updateContainerState(145)) - Container #1 is in OPEN state, but the datanode e63c905b-6e24-4a59-beee-02f8929d0b77{ip: 192.168.69.125, host: pr-hdds-2311-zjr6r-3188632456, networkLocation: /default-rack, certSerialId: null} reports an CLOSED replica.
2019-10-18 05:11:19,609 [EventQueue-ContainerReportForContainerReportHandler] WARN  container.ContainerReportHandler (AbstractContainerReportHandler.java:updateContainerState(145)) - Container #1 is in OPEN state, but the datanode 06992730-799e-49b1-b4b4-a9e995f4f1fe{ip: 192.168.69.125, host: pr-hdds-2311-zjr6r-3188632456, networkLocation: /default-rack, certSerialId: null} reports an CLOSED replica.
2019-10-18 05:11:19,735 [EventQueue-ContainerReportForContainerReportHandler] WARN  container.ContainerReportHandler (AbstractContainerReportHandler.java:updateContainerState(145)) - Container #1 is in OPEN state, but the datanode e63c905b-6e24-4a59-beee-02f8929d0b77{ip: 192.168.69.125, host: pr-hdds-2311-zjr6r-3188632456, networkLocation: /default-rack, certSerialId: null} reports an CLOSED replica.
2019-10-18 05:11:19,870 [BlockDeletingService#2] WARN  background.BlockDeletingService (BlockDeletingService.java:isDeletionAllowed(187)) - Close Container log Index 6 is not replicated across allthe servers in the pipeline 7b6774a4-dfa8-469c-9b78-3c260a0191aa as the min replicated index is 4. Deletion is not allowed in this container yet.
2019-10-18 05:11:19,873 [BlockDeletingService#2] WARN  background.BlockDeletingService (BlockDeletingService.java:isDeletionAllowed(187)) - Close Container log Index 6 is not replicated across allthe servers in the pipeline 7b6774a4-dfa8-469c-9b78-3c260a0191aa as the min replicated index is 4. Deletion is not allowed in this container yet.
2019-10-18 05:11:19,910 [EventQueue-ContainerReportForContainerReportHandler] WARN  container.ContainerReportHandler (AbstractContainerReportHandler.java:updateContainerState(145)) - Container #1 is in OPEN state, but the datanode 06992730-799e-49b1-b4b4-a9e995f4f1fe{ip: 192.168.69.125, host: pr-hdds-2311-zjr6r-3188632456, networkLocation: /default-rack, certSerialId: null} reports an CLOSED replica.
2019-10-18 05:11:20,035 [EventQueue-ContainerReportForContainerReportHandler] WARN  container.ContainerReportHandler (AbstractContainerReportHandler.java:updateContainerState(145)) - Container #1 is in OPEN state, but the datanode e63c905b-6e24-4a59-beee-02f8929d0b77{ip: 192.168.69.125, host: pr-hdds-2311-zjr6r-3188632456, networkLocation: /default-rack, certSerialId: null} reports an CLOSED replica.
2019-10-18 05:11:20,210 [EventQueue-ContainerReportForContainerReportHandler] WARN  container.ContainerReportHandler (AbstractContainerReportHandler.java:updateContainerState(145)) - Container #1 is in OPEN state, but the datanode 06992730-799e-49b1-b4b4-a9e995f4f1fe{ip: 192.168.69.125, host: pr-hdds-2311-zjr6r-3188632456, networkLocation: /default-rack, certSerialId: null} reports an CLOSED replica.
2019-10-18 05:11:20,335 [EventQueue-ContainerReportForContainerReportHandler] WARN  container.ContainerReportHandler (AbstractContainerReportHandler.java:updateContainerState(145)) - Container #1 is in OPEN state, but the datanode e63c905b-6e24-4a59-beee-02f8929d0b77{ip: 192.168.69.125, host: pr-hdds-2311-zjr6r-3188632456, networkLocation: /default-rack, certSerialId: null} reports an CLOSED replica.
2019-10-18 05:11:20,511 [EventQueue-ContainerReportForContainerReportHandler] WARN  container.ContainerReportHandler (AbstractContainerReportHandler.java:updateContainerState(145)) - Container #1 is in OPEN state, but the datanode 06992730-799e-49b1-b4b4-a9e995f4f1fe{ip: 192.168.69.125, host: pr-hdds-2311-zjr6r-3188632456, networkLocation: /default-rack, certSerialId: null} reports an CLOSED replica.
2019-10-18 05:11:20,635 [EventQueue-ContainerReportForContainerReportHandler] WARN  container.ContainerReportHandler (AbstractContainerReportHandler.java:updateContainerState(145)) - Container #1 is in OPEN state, but the datanode e63c905b-6e24-4a59-beee-02f8929d0b77{ip: 192.168.69.125, host: pr-hdds-2311-zjr6r-3188632456, networkLocation: /default-rack, certSerialId: null} reports an CLOSED replica.
2019-10-18 05:11:20,710 [EventQueue-ContainerReportForContainerReportHandler] WARN  container.ContainerReportHandler (AbstractContainerReportHandler.java:updateContainerState(145)) - Container #1 is in OPEN state, but the datanode 06992730-799e-49b1-b4b4-a9e995f4f1fe{ip: 192.168.69.125, host: pr-hdds-2311-zjr6r-3188632456, networkLocation: /default-rack, certSerialId: null} reports an CLOSED replica.
2019-10-18 05:11:20,874 [BlockDeletingService#2] WARN  background.BlockDeletingService (BlockDeletingService.java:isDeletionAllowed(187)) - Close Container log Index 6 is not replicated across allthe servers in the pipeline 7b6774a4-dfa8-469c-9b78-3c260a0191aa as the min replicated index is 4. Deletion is not allowed in this container yet.
2019-10-18 05:11:20,874 [BlockDeletingService#2] WARN  background.BlockDeletingService (BlockDeletingService.java:isDeletionAllowed(187)) - Close Container log Index 6 is not replicated across allthe servers in the pipeline 7b6774a4-dfa8-469c-9b78-3c260a0191aa as the min replicated index is 4. Deletion is not allowed in this container yet.
2019-10-18 05:11:20,910 [EventQueue-ContainerReportForContainerReportHandler] WARN  container.ContainerReportHandler (AbstractContainerReportHandler.java:updateContainerState(145)) - Container #1 is in OPEN state, but the datanode 06992730-799e-49b1-b4b4-a9e995f4f1fe{ip: 192.168.69.125, host: pr-hdds-2311-zjr6r-3188632456, networkLocation: /default-rack, certSerialId: null} reports an CLOSED replica.
2019-10-18 05:11:20,926 [java.util.concurrent.ThreadPoolExecutor$Worker@4eabad00[State = -1, empty queue]] WARN  server.GrpcLogAppender (GrpcLogAppender.java:timeoutAppendRequest(209)) - 06992730-799e-49b1-b4b4-a9e995f4f1fe@group-3C260A0191AA->56eab7d4-40e2-4b28-9c72-53449258b8a2-GrpcLogAppender: appendEntries Timeout, request=06992730-799e-49b1-b4b4-a9e995f4f1fe->56eab7d4-40e2-4b28-9c72-53449258b8a2#44-t2, previous=(t:2, i:10), leaderCommit=10, initializing? false, entries: <empty>
2019-10-18 05:11:20,935 [EventQueue-ContainerReportForContainerReportHandler] WARN  container.ContainerReportHandler (AbstractContainerReportHandler.java:updateContainerState(145)) - Container #1 is in OPEN state, but the datanode e63c905b-6e24-4a59-beee-02f8929d0b77{ip: 192.168.69.125, host: pr-hdds-2311-zjr6r-3188632456, networkLocation: /default-rack, certSerialId: null} reports an CLOSED replica.
2019-10-18 05:11:21,235 [EventQueue-ContainerReportForContainerReportHandler] WARN  container.ContainerReportHandler (AbstractContainerReportHandler.java:updateContainerState(145)) - Container #1 is in OPEN state, but the datanode e63c905b-6e24-4a59-beee-02f8929d0b77{ip: 192.168.69.125, host: pr-hdds-2311-zjr6r-3188632456, networkLocation: /default-rack, certSerialId: null} reports an CLOSED replica.
2019-10-18 05:11:21,310 [EventQueue-ContainerReportForContainerReportHandler] WARN  container.ContainerReportHandler (AbstractContainerReportHandler.java:updateContainerState(145)) - Container #1 is in OPEN state, but the datanode 06992730-799e-49b1-b4b4-a9e995f4f1fe{ip: 192.168.69.125, host: pr-hdds-2311-zjr6r-3188632456, networkLocation: /default-rack, certSerialId: null} reports an CLOSED replica.
2019-10-18 05:11:21,435 [EventQueue-ContainerReportForContainerReportHandler] WARN  container.ContainerReportHandler (AbstractContainerReportHandler.java:updateContainerState(145)) - Container #1 is in OPEN state, but the datanode e63c905b-6e24-4a59-beee-02f8929d0b77{ip: 192.168.69.125, host: pr-hdds-2311-zjr6r-3188632456, networkLocation: /default-rack, certSerialId: null} reports an CLOSED replica.
2019-10-18 05:11:21,610 [EventQueue-ContainerReportForContainerReportHandler] WARN  container.ContainerReportHandler (AbstractContainerReportHandler.java:updateContainerState(145)) - Container #1 is in OPEN state, but the datanode 06992730-799e-49b1-b4b4-a9e995f4f1fe{ip: 192.168.69.125, host: pr-hdds-2311-zjr6r-3188632456, networkLocation: /default-rack, certSerialId: null} reports an CLOSED replica.
2019-10-18 05:11:21,735 [EventQueue-ContainerReportForContainerReportHandler] WARN  container.ContainerReportHandler (AbstractContainerReportHandler.java:updateContainerState(145)) - Container #1 is in OPEN state, but the datanode e63c905b-6e24-4a59-beee-02f8929d0b77{ip: 192.168.69.125, host: pr-hdds-2311-zjr6r-3188632456, networkLocation: /default-rack, certSerialId: null} reports an CLOSED replica.
2019-10-18 05:11:21,875 [BlockDeletingService#2] WARN  background.BlockDeletingService (BlockDeletingService.java:isDeletionAllowed(187)) - Close Container log Index 6 is not replicated across allthe servers in the pipeline 7b6774a4-dfa8-469c-9b78-3c260a0191aa as the min replicated index is 4. Deletion is not allowed in this container yet.
2019-10-18 05:11:21,876 [BlockDeletingService#2] WARN  background.BlockDeletingService (BlockDeletingService.java:isDeletionAllowed(187)) - Close Container log Index 6 is not replicated across allthe servers in the pipeline 7b6774a4-dfa8-469c-9b78-3c260a0191aa as the min replicated index is 4. Deletion is not allowed in this container yet.
2019-10-18 05:11:21,910 [EventQueue-ContainerReportForContainerReportHandler] WARN  container.ContainerReportHandler (AbstractContainerReportHandler.java:updateContainerState(145)) - Container #1 is in OPEN state, but the datanode 06992730-799e-49b1-b4b4-a9e995f4f1fe{ip: 192.168.69.125, host: pr-hdds-2311-zjr6r-3188632456, networkLocation: /default-rack, certSerialId: null} reports an CLOSED replica.
2019-10-18 05:11:22,035 [EventQueue-ContainerReportForContainerReportHandler] WARN  container.ContainerReportHandler (AbstractContainerReportHandler.java:updateContainerState(145)) - Container #1 is in OPEN state, but the datanode e63c905b-6e24-4a59-beee-02f8929d0b77{ip: 192.168.69.125, host: pr-hdds-2311-zjr6r-3188632456, networkLocation: /default-rack, certSerialId: null} reports an CLOSED replica.
2019-10-18 05:11:22,210 [EventQueue-ContainerReportForContainerReportHandler] WARN  container.ContainerReportHandler (AbstractContainerReportHandler.java:updateContainerState(145)) - Container #1 is in OPEN state, but the datanode 06992730-799e-49b1-b4b4-a9e995f4f1fe{ip: 192.168.69.125, host: pr-hdds-2311-zjr6r-3188632456, networkLocation: /default-rack, certSerialId: null} reports an CLOSED replica.
2019-10-18 05:11:22,235 [EventQueue-ContainerReportForContainerReportHandler] WARN  container.ContainerReportHandler (AbstractContainerReportHandler.java:updateContainerState(145)) - Container #1 is in OPEN state, but the datanode e63c905b-6e24-4a59-beee-02f8929d0b77{ip: 192.168.69.125, host: pr-hdds-2311-zjr6r-3188632456, networkLocation: /default-rack, certSerialId: null} reports an CLOSED replica.
2019-10-18 05:11:22,535 [EventQueue-ContainerReportForContainerReportHandler] WARN  container.ContainerReportHandler (AbstractContainerReportHandler.java:updateContainerState(145)) - Container #1 is in OPEN state, but the datanode e63c905b-6e24-4a59-beee-02f8929d0b77{ip: 192.168.69.125, host: pr-hdds-2311-zjr6r-3188632456, networkLocation: /default-rack, certSerialId: null} reports an CLOSED replica.
2019-10-18 05:11:22,610 [EventQueue-ContainerReportForContainerReportHandler] WARN  container.ContainerReportHandler (AbstractContainerReportHandler.java:updateContainerState(145)) - Container #1 is in OPEN state, but the datanode 06992730-799e-49b1-b4b4-a9e995f4f1fe{ip: 192.168.69.125, host: pr-hdds-2311-zjr6r-3188632456, networkLocation: /default-rack, certSerialId: null} reports an CLOSED replica.
2019-10-18 05:11:22,835 [EventQueue-ContainerReportForContainerReportHandler] WARN  container.ContainerReportHandler (AbstractContainerReportHandler.java:updateContainerState(145)) - Container #1 is in OPEN state, but the datanode e63c905b-6e24-4a59-beee-02f8929d0b77{ip: 192.168.69.125, host: pr-hdds-2311-zjr6r-3188632456, networkLocation: /default-rack, certSerialId: null} reports an CLOSED replica.
2019-10-18 05:11:22,877 [BlockDeletingService#2] WARN  background.BlockDeletingService (BlockDeletingService.java:isDeletionAllowed(187)) - Close Container log Index 6 is not replicated across allthe servers in the pipeline 7b6774a4-dfa8-469c-9b78-3c260a0191aa as the min replicated index is 4. Deletion is not allowed in this container yet.
2019-10-18 05:11:22,877 [BlockDeletingService#2] WARN  background.BlockDeletingService (BlockDeletingService.java:isDeletionAllowed(187)) - Close Container log Index 6 is not replicated across allthe servers in the pipeline 7b6774a4-dfa8-469c-9b78-3c260a0191aa as the min replicated index is 4. Deletion is not allowed in this container yet.
2019-10-18 05:11:22,910 [EventQueue-ContainerReportForContainerReportHandler] WARN  container.ContainerReportHandler (AbstractContainerReportHandler.java:updateContainerState(145)) - Container #1 is in OPEN state, but the datanode 06992730-799e-49b1-b4b4-a9e995f4f1fe{ip: 192.168.69.125, host: pr-hdds-2311-zjr6r-3188632456, networkLocation: /default-rack, certSerialId: null} reports an CLOSED replica.
2019-10-18 05:11:23,111 [EventQueue-ContainerReportForContainerReportHandler] WARN  container.ContainerReportHandler (AbstractContainerReportHandler.java:updateContainerState(145)) - Container #1 is in OPEN state, but the datanode 06992730-799e-49b1-b4b4-a9e995f4f1fe{ip: 192.168.69.125, host: pr-hdds-2311-zjr6r-3188632456, networkLocation: /default-rack, certSerialId: null} reports an CLOSED replica.
2019-10-18 05:11:23,135 [EventQueue-ContainerReportForContainerReportHandler] WARN  container.ContainerReportHandler (AbstractContainerReportHandler.java:updateContainerState(145)) - Container #1 is in OPEN state, but the datanode e63c905b-6e24-4a59-beee-02f8929d0b77{ip: 192.168.69.125, host: pr-hdds-2311-zjr6r-3188632456, networkLocation: /default-rack, certSerialId: null} reports an CLOSED replica.
2019-10-18 05:11:23,428 [java.util.concurrent.ThreadPoolExecutor$Worker@4eabad00[State = -1, empty queue]] WARN  server.GrpcLogAppender (GrpcLogAppender.java:timeoutAppendRequest(209)) - 06992730-799e-49b1-b4b4-a9e995f4f1fe@group-3C260A0191AA->56eab7d4-40e2-4b28-9c72-53449258b8a2-GrpcLogAppender: appendEntries Timeout, request=06992730-799e-49b1-b4b4-a9e995f4f1fe->56eab7d4-40e2-4b28-9c72-53449258b8a2#45-t2, previous=(t:2, i:10), leaderCommit=10, initializing? false, entries: <empty>
2019-10-18 05:11:23,511 [EventQueue-ContainerReportForContainerReportHandler] WARN  container.ContainerReportHandler (AbstractContainerReportHandler.java:updateContainerState(145)) - Container #1 is in OPEN state, but the datanode 06992730-799e-49b1-b4b4-a9e995f4f1fe{ip: 192.168.69.125, host: pr-hdds-2311-zjr6r-3188632456, networkLocation: /default-rack, certSerialId: null} reports an CLOSED replica.
2019-10-18 05:11:23,536 [EventQueue-ContainerReportForContainerReportHandler] WARN  container.ContainerReportHandler (AbstractContainerReportHandler.java:updateContainerState(145)) - Container #1 is in OPEN state, but the datanode e63c905b-6e24-4a59-beee-02f8929d0b77{ip: 192.168.69.125, host: pr-hdds-2311-zjr6r-3188632456, networkLocation: /default-rack, certSerialId: null} reports an CLOSED replica.
2019-10-18 05:11:23,712 [EventQueue-ContainerReportForContainerReportHandler] WARN  container.ContainerReportHandler (AbstractContainerReportHandler.java:updateContainerState(145)) - Container #1 is in OPEN state, but the datanode 06992730-799e-49b1-b4b4-a9e995f4f1fe{ip: 192.168.69.125, host: pr-hdds-2311-zjr6r-3188632456, networkLocation: /default-rack, certSerialId: null} reports an CLOSED replica.
2019-10-18 05:11:23,836 [EventQueue-ContainerReportForContainerReportHandler] WARN  container.ContainerReportHandler (AbstractContainerReportHandler.java:updateContainerState(145)) - Container #1 is in OPEN state, but the datanode e63c905b-6e24-4a59-beee-02f8929d0b77{ip: 192.168.69.125, host: pr-hdds-2311-zjr6r-3188632456, networkLocation: /default-rack, certSerialId: null} reports an CLOSED replica.
2019-10-18 05:11:23,879 [BlockDeletingService#2] WARN  background.BlockDeletingService (BlockDeletingService.java:isDeletionAllowed(187)) - Close Container log Index 6 is not replicated across allthe servers in the pipeline 7b6774a4-dfa8-469c-9b78-3c260a0191aa as the min replicated index is 4. Deletion is not allowed in this container yet.
2019-10-18 05:11:23,879 [BlockDeletingService#2] WARN  background.BlockDeletingService (BlockDeletingService.java:isDeletionAllowed(187)) - Close Container log Index 6 is not replicated across allthe servers in the pipeline 7b6774a4-dfa8-469c-9b78-3c260a0191aa as the min replicated index is 4. Deletion is not allowed in this container yet.
2019-10-18 05:11:24,012 [EventQueue-ContainerReportForContainerReportHandler] WARN  container.ContainerReportHandler (AbstractContainerReportHandler.java:updateContainerState(145)) - Container #1 is in OPEN state, but the datanode 06992730-799e-49b1-b4b4-a9e995f4f1fe{ip: 192.168.69.125, host: pr-hdds-2311-zjr6r-3188632456, networkLocation: /default-rack, certSerialId: null} reports an CLOSED replica.
2019-10-18 05:11:24,036 [EventQueue-ContainerReportForContainerReportHandler] WARN  container.ContainerReportHandler (AbstractContainerReportHandler.java:updateContainerState(145)) - Container #1 is in OPEN state, but the datanode e63c905b-6e24-4a59-beee-02f8929d0b77{ip: 192.168.69.125, host: pr-hdds-2311-zjr6r-3188632456, networkLocation: /default-rack, certSerialId: null} reports an CLOSED replica.
2019-10-18 05:11:24,336 [EventQueue-ContainerReportForContainerReportHandler] WARN  container.ContainerReportHandler (AbstractContainerReportHandler.java:updateContainerState(145)) - Container #1 is in OPEN state, but the datanode e63c905b-6e24-4a59-beee-02f8929d0b77{ip: 192.168.69.125, host: pr-hdds-2311-zjr6r-3188632456, networkLocation: /default-rack, certSerialId: null} reports an CLOSED replica.
2019-10-18 05:11:24,412 [EventQueue-ContainerReportForContainerReportHandler] WARN  container.ContainerReportHandler (AbstractContainerReportHandler.java:updateContainerState(145)) - Container #1 is in OPEN state, but the datanode 06992730-799e-49b1-b4b4-a9e995f4f1fe{ip: 192.168.69.125, host: pr-hdds-2311-zjr6r-3188632456, networkLocation: /default-rack, certSerialId: null} reports an CLOSED replica.
2019-10-18 05:11:24,536 [EventQueue-ContainerReportForContainerReportHandler] WARN  container.ContainerReportHandler (AbstractContainerReportHandler.java:updateContainerState(145)) - Container #1 is in OPEN state, but the datanode e63c905b-6e24-4a59-beee-02f8929d0b77{ip: 192.168.69.125, host: pr-hdds-2311-zjr6r-3188632456, networkLocation: /default-rack, certSerialId: null} reports an CLOSED replica.
2019-10-18 05:11:24,712 [EventQueue-ContainerReportForContainerReportHandler] WARN  container.ContainerReportHandler (AbstractContainerReportHandler.java:updateContainerState(145)) - Container #1 is in OPEN state, but the datanode 06992730-799e-49b1-b4b4-a9e995f4f1fe{ip: 192.168.69.125, host: pr-hdds-2311-zjr6r-3188632456, networkLocation: /default-rack, certSerialId: null} reports an CLOSED replica.
2019-10-18 05:11:24,880 [BlockDeletingService#2] WARN  background.BlockDeletingService (BlockDeletingService.java:isDeletionAllowed(187)) - Close Container log Index 6 is not replicated across allthe servers in the pipeline 7b6774a4-dfa8-469c-9b78-3c260a0191aa as the min replicated index is 4. Deletion is not allowed in this container yet.
2019-10-18 05:11:24,880 [BlockDeletingService#2] WARN  background.BlockDeletingService (BlockDeletingService.java:isDeletionAllowed(187)) - Close Container log Index 6 is not replicated across allthe servers in the pipeline 7b6774a4-dfa8-469c-9b78-3c260a0191aa as the min replicated index is 4. Deletion is not allowed in this container yet.
2019-10-18 05:11:24,912 [EventQueue-ContainerReportForContainerReportHandler] WARN  container.ContainerReportHandler (AbstractContainerReportHandler.java:updateContainerState(145)) - Container #1 is in OPEN state, but the datanode 06992730-799e-49b1-b4b4-a9e995f4f1fe{ip: 192.168.69.125, host: pr-hdds-2311-zjr6r-3188632456, networkLocation: /default-rack, certSerialId: null} reports an CLOSED replica.
2019-10-18 05:11:24,937 [EventQueue-ContainerReportForContainerReportHandler] WARN  container.ContainerReportHandler (AbstractContainerReportHandler.java:updateContainerState(145)) - Container #1 is in OPEN state, but the datanode e63c905b-6e24-4a59-beee-02f8929d0b77{ip: 192.168.69.125, host: pr-hdds-2311-zjr6r-3188632456, networkLocation: /default-rack, certSerialId: null} reports an CLOSED replica.
2019-10-18 05:11:25,113 [EventQueue-ContainerReportForContainerReportHandler] WARN  container.ContainerReportHandler (AbstractContainerReportHandler.java:updateContainerState(145)) - Container #1 is in OPEN state, but the datanode 06992730-799e-49b1-b4b4-a9e995f4f1fe{ip: 192.168.69.125, host: pr-hdds-2311-zjr6r-3188632456, networkLocation: /default-rack, certSerialId: null} reports an CLOSED replica.
2019-10-18 05:11:25,137 [EventQueue-ContainerReportForContainerReportHandler] WARN  container.ContainerReportHandler (AbstractContainerReportHandler.java:updateContainerState(145)) - Container #1 is in OPEN state, but the datanode e63c905b-6e24-4a59-beee-02f8929d0b77{ip: 192.168.69.125, host: pr-hdds-2311-zjr6r-3188632456, networkLocation: /default-rack, certSerialId: null} reports an CLOSED replica.
2019-10-18 05:11:25,338 [EventQueue-ContainerReportForContainerReportHandler] WARN  container.ContainerReportHandler (AbstractContainerReportHandler.java:updateContainerState(145)) - Container #1 is in OPEN state, but the datanode e63c905b-6e24-4a59-beee-02f8929d0b77{ip: 192.168.69.125, host: pr-hdds-2311-zjr6r-3188632456, networkLocation: /default-rack, certSerialId: null} reports an CLOSED replica.
2019-10-18 05:11:25,414 [EventQueue-ContainerReportForContainerReportHandler] WARN  container.ContainerReportHandler (AbstractContainerReportHandler.java:updateContainerState(145)) - Container #1 is in OPEN state, but the datanode 06992730-799e-49b1-b4b4-a9e995f4f1fe{ip: 192.168.69.125, host: pr-hdds-2311-zjr6r-3188632456, networkLocation: /default-rack, certSerialId: null} reports an CLOSED replica.
2019-10-18 05:11:25,714 [EventQueue-ContainerReportForContainerReportHandler] WARN  container.ContainerReportHandler (AbstractContainerReportHandler.java:updateContainerState(145)) - Container #1 is in OPEN state, but the datanode 06992730-799e-49b1-b4b4-a9e995f4f1fe{ip: 192.168.69.125, host: pr-hdds-2311-zjr6r-3188632456, networkLocation: /default-rack, certSerialId: null} reports an CLOSED replica.
2019-10-18 05:11:25,738 [EventQueue-ContainerReportForContainerReportHandler] WARN  container.ContainerReportHandler (AbstractContainerReportHandler.java:updateContainerState(145)) - Container #1 is in OPEN state, but the datanode e63c905b-6e24-4a59-beee-02f8929d0b77{ip: 192.168.69.125, host: pr-hdds-2311-zjr6r-3188632456, networkLocation: /default-rack, certSerialId: null} reports an CLOSED replica.
2019-10-18 05:11:25,882 [BlockDeletingService#2] WARN  background.BlockDeletingService (BlockDeletingService.java:isDeletionAllowed(187)) - Close Container log Index 6 is not replicated across allthe servers in the pipeline 7b6774a4-dfa8-469c-9b78-3c260a0191aa as the min replicated index is 4. Deletion is not allowed in this container yet.
2019-10-18 05:11:25,882 [BlockDeletingService#2] WARN  background.BlockDeletingService (BlockDeletingService.java:isDeletionAllowed(187)) - Close Container log Index 6 is not replicated across allthe servers in the pipeline 7b6774a4-dfa8-469c-9b78-3c260a0191aa as the min replicated index is 4. Deletion is not allowed in this container yet.
2019-10-18 05:11:25,928 [java.util.concurrent.ThreadPoolExecutor$Worker@4eabad00[State = -1, empty queue]] WARN  server.GrpcLogAppender (GrpcLogAppender.java:timeoutAppendRequest(209)) - 06992730-799e-49b1-b4b4-a9e995f4f1fe@group-3C260A0191AA->56eab7d4-40e2-4b28-9c72-53449258b8a2-GrpcLogAppender: appendEntries Timeout, request=06992730-799e-49b1-b4b4-a9e995f4f1fe->56eab7d4-40e2-4b28-9c72-53449258b8a2#46-t2, previous=(t:2, i:10), leaderCommit=10, initializing? false, entries: <empty>
2019-10-18 05:11:26,014 [EventQueue-ContainerReportForContainerReportHandler] WARN  container.ContainerReportHandler (AbstractContainerReportHandler.java:updateContainerState(145)) - Container #1 is in OPEN state, but the datanode 06992730-799e-49b1-b4b4-a9e995f4f1fe{ip: 192.168.69.125, host: pr-hdds-2311-zjr6r-3188632456, networkLocation: /default-rack, certSerialId: null} reports an CLOSED replica.
2019-10-18 05:11:26,138 [EventQueue-ContainerReportForContainerReportHandler] WARN  container.ContainerReportHandler (AbstractContainerReportHandler.java:updateContainerState(145)) - Container #1 is in OPEN state, but the datanode e63c905b-6e24-4a59-beee-02f8929d0b77{ip: 192.168.69.125, host: pr-hdds-2311-zjr6r-3188632456, networkLocation: /default-rack, certSerialId: null} reports an CLOSED replica.
2019-10-18 05:11:26,214 [EventQueue-ContainerReportForContainerReportHandler] WARN  container.ContainerReportHandler (AbstractContainerReportHandler.java:updateContainerState(145)) - Container #1 is in OPEN state, but the datanode 06992730-799e-49b1-b4b4-a9e995f4f1fe{ip: 192.168.69.125, host: pr-hdds-2311-zjr6r-3188632456, networkLocation: /default-rack, certSerialId: null} reports an CLOSED replica.
2019-10-18 05:11:26,414 [EventQueue-ContainerReportForContainerReportHandler] WARN  container.ContainerReportHandler (AbstractContainerReportHandler.java:updateContainerState(145)) - Container #1 is in OPEN state, but the datanode 06992730-799e-49b1-b4b4-a9e995f4f1fe{ip: 192.168.69.125, host: pr-hdds-2311-zjr6r-3188632456, networkLocation: /default-rack, certSerialId: null} reports an CLOSED replica.
2019-10-18 05:11:26,438 [EventQueue-ContainerReportForContainerReportHandler] WARN  container.ContainerReportHandler (AbstractContainerReportHandler.java:updateContainerState(145)) - Container #1 is in OPEN state, but the datanode e63c905b-6e24-4a59-beee-02f8929d0b77{ip: 192.168.69.125, host: pr-hdds-2311-zjr6r-3188632456, networkLocation: /default-rack, certSerialId: null} reports an CLOSED replica.
2019-10-18 05:11:26,614 [EventQueue-ContainerReportForContainerReportHandler] WARN  container.ContainerReportHandler (AbstractContainerReportHandler.java:updateContainerState(145)) - Container #1 is in OPEN state, but the datanode 06992730-799e-49b1-b4b4-a9e995f4f1fe{ip: 192.168.69.125, host: pr-hdds-2311-zjr6r-3188632456, networkLocation: /default-rack, certSerialId: null} reports an CLOSED replica.
2019-10-18 05:11:26,639 [EventQueue-ContainerReportForContainerReportHandler] WARN  container.ContainerReportHandler (AbstractContainerReportHandler.java:updateContainerState(145)) - Container #1 is in OPEN state, but the datanode e63c905b-6e24-4a59-beee-02f8929d0b77{ip: 192.168.69.125, host: pr-hdds-2311-zjr6r-3188632456, networkLocation: /default-rack, certSerialId: null} reports an CLOSED replica.
2019-10-18 05:11:26,814 [EventQueue-ContainerReportForContainerReportHandler] WARN  container.ContainerReportHandler (AbstractContainerReportHandler.java:updateContainerState(145)) - Container #1 is in OPEN state, but the datanode 06992730-799e-49b1-b4b4-a9e995f4f1fe{ip: 192.168.69.125, host: pr-hdds-2311-zjr6r-3188632456, networkLocation: /default-rack, certSerialId: null} reports an CLOSED replica.
2019-10-18 05:11:26,883 [BlockDeletingService#2] WARN  background.BlockDeletingService (BlockDeletingService.java:isDeletionAllowed(187)) - Close Container log Index 6 is not replicated across allthe servers in the pipeline 7b6774a4-dfa8-469c-9b78-3c260a0191aa as the min replicated index is 4. Deletion is not allowed in this container yet.
2019-10-18 05:11:26,883 [BlockDeletingService#2] WARN  background.BlockDeletingService (BlockDeletingService.java:isDeletionAllowed(187)) - Close Container log Index 6 is not replicated across allthe servers in the pipeline 7b6774a4-dfa8-469c-9b78-3c260a0191aa as the min replicated index is 4. Deletion is not allowed in this container yet.
2019-10-18 05:11:27,040 [EventQueue-ContainerReportForContainerReportHandler] WARN  container.ContainerReportHandler (AbstractContainerReportHandler.java:updateContainerState(145)) - Container #1 is in OPEN state, but the datanode e63c905b-6e24-4a59-beee-02f8929d0b77{ip: 192.168.69.125, host: pr-hdds-2311-zjr6r-3188632456, networkLocation: /default-rack, certSerialId: null} reports an CLOSED replica.
2019-10-18 05:11:27,115 [EventQueue-ContainerReportForContainerReportHandler] WARN  container.ContainerReportHandler (AbstractContainerReportHandler.java:updateContainerState(145)) - Container #1 is in OPEN state, but the datanode 06992730-799e-49b1-b4b4-a9e995f4f1fe{ip: 192.168.69.125, host: pr-hdds-2311-zjr6r-3188632456, networkLocation: /default-rack, certSerialId: null} reports an CLOSED replica.
2019-10-18 05:11:27,340 [EventQueue-ContainerReportForContainerReportHandler] WARN  container.ContainerReportHandler (AbstractContainerReportHandler.java:updateContainerState(145)) - Container #1 is in OPEN state, but the datanode e63c905b-6e24-4a59-beee-02f8929d0b77{ip: 192.168.69.125, host: pr-hdds-2311-zjr6r-3188632456, networkLocation: /default-rack, certSerialId: null} reports an CLOSED replica.
2019-10-18 05:11:27,515 [EventQueue-ContainerReportForContainerReportHandler] WARN  container.ContainerReportHandler (AbstractContainerReportHandler.java:updateContainerState(145)) - Container #1 is in OPEN state, but the datanode 06992730-799e-49b1-b4b4-a9e995f4f1fe{ip: 192.168.69.125, host: pr-hdds-2311-zjr6r-3188632456, networkLocation: /default-rack, certSerialId: null} reports an CLOSED replica.
2019-10-18 05:11:27,540 [EventQueue-ContainerReportForContainerReportHandler] WARN  container.ContainerReportHandler (AbstractContainerReportHandler.java:updateContainerState(145)) - Container #1 is in OPEN state, but the datanode e63c905b-6e24-4a59-beee-02f8929d0b77{ip: 192.168.69.125, host: pr-hdds-2311-zjr6r-3188632456, networkLocation: /default-rack, certSerialId: null} reports an CLOSED replica.
2019-10-18 05:11:27,648 [Thread-493] INFO  client.GrpcClientProtocolService (GrpcClientProtocolService.java:lambda$processClientRequest$0(278)) - Failed RaftClientRequest:client-46808F7408E0->e63c905b-6e24-4a59-beee-02f8929d0b77@group-3C260A0191AA, cid=10, seq=0, Watch-ALL_COMMITTED(6), Message:<EMPTY>, reply=RaftClientReply:client-46808F7408E0->e63c905b-6e24-4a59-beee-02f8929d0b77@group-3C260A0191AA, cid=10, FAILED org.apache.ratis.protocol.NotLeaderException: Server e63c905b-6e24-4a59-beee-02f8929d0b77@group-3C260A0191AA is not the leader 06992730-799e-49b1-b4b4-a9e995f4f1fe:192.168.69.125:34681, logIndex=0, commits[e63c905b-6e24-4a59-beee-02f8929d0b77:c10, 56eab7d4-40e2-4b28-9c72-53449258b8a2:c4, 06992730-799e-49b1-b4b4-a9e995f4f1fe:c10]
2019-10-18 05:11:27,815 [EventQueue-ContainerReportForContainerReportHandler] WARN  container.ContainerReportHandler (AbstractContainerReportHandler.java:updateContainerState(145)) - Container #1 is in OPEN state, but the datanode 06992730-799e-49b1-b4b4-a9e995f4f1fe{ip: 192.168.69.125, host: pr-hdds-2311-zjr6r-3188632456, networkLocation: /default-rack, certSerialId: null} reports an CLOSED replica.
2019-10-18 05:11:27,840 [EventQueue-ContainerReportForContainerReportHandler] WARN  container.ContainerReportHandler (AbstractContainerReportHandler.java:updateContainerState(145)) - Container #1 is in OPEN state, but the datanode e63c905b-6e24-4a59-beee-02f8929d0b77{ip: 192.168.69.125, host: pr-hdds-2311-zjr6r-3188632456, networkLocation: /default-rack, certSerialId: null} reports an CLOSED replica.
2019-10-18 05:11:27,884 [BlockDeletingService#2] WARN  background.BlockDeletingService (BlockDeletingService.java:isDeletionAllowed(187)) - Close Container log Index 6 is not replicated across allthe servers in the pipeline 7b6774a4-dfa8-469c-9b78-3c260a0191aa as the min replicated index is 4. Deletion is not allowed in this container yet.
2019-10-18 05:11:27,885 [BlockDeletingService#2] WARN  background.BlockDeletingService (BlockDeletingService.java:isDeletionAllowed(187)) - Close Container log Index 6 is not replicated across allthe servers in the pipeline 7b6774a4-dfa8-469c-9b78-3c260a0191aa as the min replicated index is 4. Deletion is not allowed in this container yet.
2019-10-18 05:11:28,015 [EventQueue-ContainerReportForContainerReportHandler] WARN  container.ContainerReportHandler (AbstractContainerReportHandler.java:updateContainerState(145)) - Container #1 is in OPEN state, but the datanode 06992730-799e-49b1-b4b4-a9e995f4f1fe{ip: 192.168.69.125, host: pr-hdds-2311-zjr6r-3188632456, networkLocation: /default-rack, certSerialId: null} reports an CLOSED replica.
2019-10-18 05:11:28,040 [EventQueue-ContainerReportForContainerReportHandler] WARN  container.ContainerReportHandler (AbstractContainerReportHandler.java:updateContainerState(145)) - Container #1 is in OPEN state, but the datanode e63c905b-6e24-4a59-beee-02f8929d0b77{ip: 192.168.69.125, host: pr-hdds-2311-zjr6r-3188632456, networkLocation: /default-rack, certSerialId: null} reports an CLOSED replica.
2019-10-18 05:11:28,315 [EventQueue-ContainerReportForContainerReportHandler] WARN  container.ContainerReportHandler (AbstractContainerReportHandler.java:updateContainerState(145)) - Container #1 is in OPEN state, but the datanode 06992730-799e-49b1-b4b4-a9e995f4f1fe{ip: 192.168.69.125, host: pr-hdds-2311-zjr6r-3188632456, networkLocation: /default-rack, certSerialId: null} reports an CLOSED replica.
2019-10-18 05:11:28,429 [java.util.concurrent.ThreadPoolExecutor$Worker@4eabad00[State = -1, empty queue]] WARN  server.GrpcLogAppender (GrpcLogAppender.java:timeoutAppendRequest(209)) - 06992730-799e-49b1-b4b4-a9e995f4f1fe@group-3C260A0191AA->56eab7d4-40e2-4b28-9c72-53449258b8a2-GrpcLogAppender: appendEntries Timeout, request=06992730-799e-49b1-b4b4-a9e995f4f1fe->56eab7d4-40e2-4b28-9c72-53449258b8a2#47-t2, previous=(t:2, i:10), leaderCommit=10, initializing? false, entries: <empty>
2019-10-18 05:11:28,440 [EventQueue-ContainerReportForContainerReportHandler] WARN  container.ContainerReportHandler (AbstractContainerReportHandler.java:updateContainerState(145)) - Container #1 is in OPEN state, but the datanode e63c905b-6e24-4a59-beee-02f8929d0b77{ip: 192.168.69.125, host: pr-hdds-2311-zjr6r-3188632456, networkLocation: /default-rack, certSerialId: null} reports an CLOSED replica.
2019-10-18 05:11:28,615 [EventQueue-ContainerReportForContainerReportHandler] WARN  container.ContainerReportHandler (AbstractContainerReportHandler.java:updateContainerState(145)) - Container #1 is in OPEN state, but the datanode 06992730-799e-49b1-b4b4-a9e995f4f1fe{ip: 192.168.69.125, host: pr-hdds-2311-zjr6r-3188632456, networkLocation: /default-rack, certSerialId: null} reports an CLOSED replica.
2019-10-18 05:11:28,815 [EventQueue-ContainerReportForContainerReportHandler] WARN  container.ContainerReportHandler (AbstractContainerReportHandler.java:updateContainerState(145)) - Container #1 is in OPEN state, but the datanode 06992730-799e-49b1-b4b4-a9e995f4f1fe{ip: 192.168.69.125, host: pr-hdds-2311-zjr6r-3188632456, networkLocation: /default-rack, certSerialId: null} reports an CLOSED replica.
2019-10-18 05:11:28,840 [EventQueue-ContainerReportForContainerReportHandler] WARN  container.ContainerReportHandler (AbstractContainerReportHandler.java:updateContainerState(145)) - Container #1 is in OPEN state, but the datanode e63c905b-6e24-4a59-beee-02f8929d0b77{ip: 192.168.69.125, host: pr-hdds-2311-zjr6r-3188632456, networkLocation: /default-rack, certSerialId: null} reports an CLOSED replica.
2019-10-18 05:11:28,884 [Thread-499] INFO  client.GrpcClientProtocolService (GrpcClientProtocolService.java:lambda$processClientRequest$0(278)) - Failed RaftClientRequest:client-46808F7408E0->06992730-799e-49b1-b4b4-a9e995f4f1fe@group-3C260A0191AA, cid=10, seq=0, Watch-ALL_COMMITTED(6), Message:<EMPTY>, reply=RaftClientReply:client-46808F7408E0->06992730-799e-49b1-b4b4-a9e995f4f1fe@group-3C260A0191AA, cid=10, FAILED org.apache.ratis.protocol.NotReplicatedException: Request with call Id 10 and log index 6 is not yet replicated to ALL_COMMITTED, logIndex=6, commits[06992730-799e-49b1-b4b4-a9e995f4f1fe:c10, e63c905b-6e24-4a59-beee-02f8929d0b77:c10, 56eab7d4-40e2-4b28-9c72-53449258b8a2:c4]
2019-10-18 05:11:28,886 [BlockDeletingService#2] WARN  background.BlockDeletingService (BlockDeletingService.java:isDeletionAllowed(187)) - Close Container log Index 6 is not replicated across allthe servers in the pipeline 7b6774a4-dfa8-469c-9b78-3c260a0191aa as the min replicated index is 4. Deletion is not allowed in this container yet.
2019-10-18 05:11:28,887 [BlockDeletingService#2] WARN  background.BlockDeletingService (BlockDeletingService.java:isDeletionAllowed(187)) - Close Container log Index 6 is not replicated across allthe servers in the pipeline 7b6774a4-dfa8-469c-9b78-3c260a0191aa as the min replicated index is 4. Deletion is not allowed in this container yet.
2019-10-18 05:11:29,040 [EventQueue-ContainerReportForContainerReportHandler] WARN  container.ContainerReportHandler (AbstractContainerReportHandler.java:updateContainerState(145)) - Container #1 is in OPEN state, but the datanode e63c905b-6e24-4a59-beee-02f8929d0b77{ip: 192.168.69.125, host: pr-hdds-2311-zjr6r-3188632456, networkLocation: /default-rack, certSerialId: null} reports an CLOSED replica.
2019-10-18 05:11:29,115 [EventQueue-ContainerReportForContainerReportHandler] WARN  container.ContainerReportHandler (AbstractContainerReportHandler.java:updateContainerState(145)) - Container #1 is in OPEN state, but the datanode 06992730-799e-49b1-b4b4-a9e995f4f1fe{ip: 192.168.69.125, host: pr-hdds-2311-zjr6r-3188632456, networkLocation: /default-rack, certSerialId: null} reports an CLOSED replica.
2019-10-18 05:11:29,440 [EventQueue-ContainerReportForContainerReportHandler] WARN  container.ContainerReportHandler (AbstractContainerReportHandler.java:updateContainerState(145)) - Container #1 is in OPEN state, but the datanode e63c905b-6e24-4a59-beee-02f8929d0b77{ip: 192.168.69.125, host: pr-hdds-2311-zjr6r-3188632456, networkLocation: /default-rack, certSerialId: null} reports an CLOSED replica.
2019-10-18 05:11:29,515 [EventQueue-ContainerReportForContainerReportHandler] WARN  container.ContainerReportHandler (AbstractContainerReportHandler.java:updateContainerState(145)) - Container #1 is in OPEN state, but the datanode 06992730-799e-49b1-b4b4-a9e995f4f1fe{ip: 192.168.69.125, host: pr-hdds-2311-zjr6r-3188632456, networkLocation: /default-rack, certSerialId: null} reports an CLOSED replica.
2019-10-18 05:11:29,840 [EventQueue-ContainerReportForContainerReportHandler] WARN  container.ContainerReportHandler (AbstractContainerReportHandler.java:updateContainerState(145)) - Container #1 is in OPEN state, but the datanode e63c905b-6e24-4a59-beee-02f8929d0b77{ip: 192.168.69.125, host: pr-hdds-2311-zjr6r-3188632456, networkLocation: /default-rack, certSerialId: null} reports an CLOSED replica.
2019-10-18 05:11:29,888 [BlockDeletingService#2] WARN  background.BlockDeletingService (BlockDeletingService.java:isDeletionAllowed(187)) - Close Container log Index 6 is not replicated across allthe servers in the pipeline 7b6774a4-dfa8-469c-9b78-3c260a0191aa as the min replicated index is 4. Deletion is not allowed in this container yet.
2019-10-18 05:11:29,888 [BlockDeletingService#2] WARN  background.BlockDeletingService (BlockDeletingService.java:isDeletionAllowed(187)) - Close Container log Index 6 is not replicated across allthe servers in the pipeline 7b6774a4-dfa8-469c-9b78-3c260a0191aa as the min replicated index is 4. Deletion is not allowed in this container yet.
2019-10-18 05:11:29,916 [EventQueue-ContainerReportForContainerReportHandler] WARN  container.ContainerReportHandler (AbstractContainerReportHandler.java:updateContainerState(145)) - Container #1 is in OPEN state, but the datanode 06992730-799e-49b1-b4b4-a9e995f4f1fe{ip: 192.168.69.125, host: pr-hdds-2311-zjr6r-3188632456, networkLocation: /default-rack, certSerialId: null} reports an CLOSED replica.
2019-10-18 05:11:30,140 [EventQueue-ContainerReportForContainerReportHandler] WARN  container.ContainerReportHandler (AbstractContainerReportHandler.java:updateContainerState(145)) - Container #1 is in OPEN state, but the datanode e63c905b-6e24-4a59-beee-02f8929d0b77{ip: 192.168.69.125, host: pr-hdds-2311-zjr6r-3188632456, networkLocation: /default-rack, certSerialId: null} reports an CLOSED replica.
2019-10-18 05:11:30,215 [EventQueue-ContainerReportForContainerReportHandler] WARN  container.ContainerReportHandler (AbstractContainerReportHandler.java:updateContainerState(145)) - Container #1 is in OPEN state, but the datanode 06992730-799e-49b1-b4b4-a9e995f4f1fe{ip: 192.168.69.125, host: pr-hdds-2311-zjr6r-3188632456, networkLocation: /default-rack, certSerialId: null} reports an CLOSED replica.
2019-10-18 05:11:30,515 [EventQueue-ContainerReportForContainerReportHandler] WARN  container.ContainerReportHandler (AbstractContainerReportHandler.java:updateContainerState(145)) - Container #1 is in OPEN state, but the datanode 06992730-799e-49b1-b4b4-a9e995f4f1fe{ip: 192.168.69.125, host: pr-hdds-2311-zjr6r-3188632456, networkLocation: /default-rack, certSerialId: null} reports an CLOSED replica.
2019-10-18 05:11:30,540 [EventQueue-ContainerReportForContainerReportHandler] WARN  container.ContainerReportHandler (AbstractContainerReportHandler.java:updateContainerState(145)) - Container #1 is in OPEN state, but the datanode e63c905b-6e24-4a59-beee-02f8929d0b77{ip: 192.168.69.125, host: pr-hdds-2311-zjr6r-3188632456, networkLocation: /default-rack, certSerialId: null} reports an CLOSED replica.
2019-10-18 05:11:30,740 [EventQueue-ContainerReportForContainerReportHandler] WARN  container.ContainerReportHandler (AbstractContainerReportHandler.java:updateContainerState(145)) - Container #1 is in OPEN state, but the datanode e63c905b-6e24-4a59-beee-02f8929d0b77{ip: 192.168.69.125, host: pr-hdds-2311-zjr6r-3188632456, networkLocation: /default-rack, certSerialId: null} reports an CLOSED replica.
2019-10-18 05:11:30,815 [EventQueue-ContainerReportForContainerReportHandler] WARN  container.ContainerReportHandler (AbstractContainerReportHandler.java:updateContainerState(145)) - Container #1 is in OPEN state, but the datanode 06992730-799e-49b1-b4b4-a9e995f4f1fe{ip: 192.168.69.125, host: pr-hdds-2311-zjr6r-3188632456, networkLocation: /default-rack, certSerialId: null} reports an CLOSED replica.
2019-10-18 05:11:30,889 [BlockDeletingService#2] WARN  background.BlockDeletingService (BlockDeletingService.java:isDeletionAllowed(187)) - Close Container log Index 6 is not replicated across allthe servers in the pipeline 7b6774a4-dfa8-469c-9b78-3c260a0191aa as the min replicated index is 4. Deletion is not allowed in this container yet.
2019-10-18 05:11:30,890 [BlockDeletingService#2] WARN  background.BlockDeletingService (BlockDeletingService.java:isDeletionAllowed(187)) - Close Container log Index 6 is not replicated across allthe servers in the pipeline 7b6774a4-dfa8-469c-9b78-3c260a0191aa as the min replicated index is 4. Deletion is not allowed in this container yet.
2019-10-18 05:11:30,930 [java.util.concurrent.ThreadPoolExecutor$Worker@4eabad00[State = -1, empty queue]] WARN  server.GrpcLogAppender (GrpcLogAppender.java:timeoutAppendRequest(209)) - 06992730-799e-49b1-b4b4-a9e995f4f1fe@group-3C260A0191AA->56eab7d4-40e2-4b28-9c72-53449258b8a2-GrpcLogAppender: appendEntries Timeout, request=06992730-799e-49b1-b4b4-a9e995f4f1fe->56eab7d4-40e2-4b28-9c72-53449258b8a2#48-t2, previous=(t:2, i:10), leaderCommit=10, initializing? false, entries: <empty>
2019-10-18 05:11:31,040 [EventQueue-ContainerReportForContainerReportHandler] WARN  container.ContainerReportHandler (AbstractContainerReportHandler.java:updateContainerState(145)) - Container #1 is in OPEN state, but the datanode e63c905b-6e24-4a59-beee-02f8929d0b77{ip: 192.168.69.125, host: pr-hdds-2311-zjr6r-3188632456, networkLocation: /default-rack, certSerialId: null} reports an CLOSED replica.
2019-10-18 05:11:31,115 [EventQueue-ContainerReportForContainerReportHandler] WARN  container.ContainerReportHandler (AbstractContainerReportHandler.java:updateContainerState(145)) - Container #1 is in OPEN state, but the datanode 06992730-799e-49b1-b4b4-a9e995f4f1fe{ip: 192.168.69.125, host: pr-hdds-2311-zjr6r-3188632456, networkLocation: /default-rack, certSerialId: null} reports an CLOSED replica.
2019-10-18 05:11:31,340 [EventQueue-ContainerReportForContainerReportHandler] WARN  container.ContainerReportHandler (AbstractContainerReportHandler.java:updateContainerState(145)) - Container #1 is in OPEN state, but the datanode e63c905b-6e24-4a59-beee-02f8929d0b77{ip: 192.168.69.125, host: pr-hdds-2311-zjr6r-3188632456, networkLocation: /default-rack, certSerialId: null} reports an CLOSED replica.
2019-10-18 05:11:31,415 [EventQueue-ContainerReportForContainerReportHandler] WARN  container.ContainerReportHandler (AbstractContainerReportHandler.java:updateContainerState(145)) - Container #1 is in OPEN state, but the datanode 06992730-799e-49b1-b4b4-a9e995f4f1fe{ip: 192.168.69.125, host: pr-hdds-2311-zjr6r-3188632456, networkLocation: /default-rack, certSerialId: null} reports an CLOSED replica.
2019-10-18 05:11:31,715 [EventQueue-ContainerReportForContainerReportHandler] WARN  container.ContainerReportHandler (AbstractContainerReportHandler.java:updateContainerState(145)) - Container #1 is in OPEN state, but the datanode 06992730-799e-49b1-b4b4-a9e995f4f1fe{ip: 192.168.69.125, host: pr-hdds-2311-zjr6r-3188632456, networkLocation: /default-rack, certSerialId: null} reports an CLOSED replica.
2019-10-18 05:11:31,740 [EventQueue-ContainerReportForContainerReportHandler] WARN  container.ContainerReportHandler (AbstractContainerReportHandler.java:updateContainerState(145)) - Container #1 is in OPEN state, but the datanode e63c905b-6e24-4a59-beee-02f8929d0b77{ip: 192.168.69.125, host: pr-hdds-2311-zjr6r-3188632456, networkLocation: /default-rack, certSerialId: null} reports an CLOSED replica.
2019-10-18 05:11:31,890 [BlockDeletingService#2] WARN  background.BlockDeletingService (BlockDeletingService.java:isDeletionAllowed(187)) - Close Container log Index 6 is not replicated across allthe servers in the pipeline 7b6774a4-dfa8-469c-9b78-3c260a0191aa as the min replicated index is 4. Deletion is not allowed in this container yet.
2019-10-18 05:11:31,890 [BlockDeletingService#2] WARN  background.BlockDeletingService (BlockDeletingService.java:isDeletionAllowed(187)) - Close Container log Index 6 is not replicated across allthe servers in the pipeline 7b6774a4-dfa8-469c-9b78-3c260a0191aa as the min replicated index is 4. Deletion is not allowed in this container yet.
2019-10-18 05:11:31,916 [EventQueue-ContainerReportForContainerReportHandler] WARN  container.ContainerReportHandler (AbstractContainerReportHandler.java:updateContainerState(145)) - Container #1 is in OPEN state, but the datanode 06992730-799e-49b1-b4b4-a9e995f4f1fe{ip: 192.168.69.125, host: pr-hdds-2311-zjr6r-3188632456, networkLocation: /default-rack, certSerialId: null} reports an CLOSED replica.
2019-10-18 05:11:32,040 [EventQueue-ContainerReportForContainerReportHandler] WARN  container.ContainerReportHandler (AbstractContainerReportHandler.java:updateContainerState(145)) - Container #1 is in OPEN state, but the datanode e63c905b-6e24-4a59-beee-02f8929d0b77{ip: 192.168.69.125, host: pr-hdds-2311-zjr6r-3188632456, networkLocation: /default-rack, certSerialId: null} reports an CLOSED replica.
2019-10-18 05:11:32,216 [EventQueue-ContainerReportForContainerReportHandler] WARN  container.ContainerReportHandler (AbstractContainerReportHandler.java:updateContainerState(145)) - Container #1 is in OPEN state, but the datanode 06992730-799e-49b1-b4b4-a9e995f4f1fe{ip: 192.168.69.125, host: pr-hdds-2311-zjr6r-3188632456, networkLocation: /default-rack, certSerialId: null} reports an CLOSED replica.
2019-10-18 05:11:32,240 [EventQueue-ContainerReportForContainerReportHandler] WARN  container.ContainerReportHandler (AbstractContainerReportHandler.java:updateContainerState(145)) - Container #1 is in OPEN state, but the datanode e63c905b-6e24-4a59-beee-02f8929d0b77{ip: 192.168.69.125, host: pr-hdds-2311-zjr6r-3188632456, networkLocation: /default-rack, certSerialId: null} reports an CLOSED replica.
2019-10-18 05:11:32,517 [EventQueue-ContainerReportForContainerReportHandler] WARN  container.ContainerReportHandler (AbstractContainerReportHandler.java:updateContainerState(145)) - Container #1 is in OPEN state, but the datanode 06992730-799e-49b1-b4b4-a9e995f4f1fe{ip: 192.168.69.125, host: pr-hdds-2311-zjr6r-3188632456, networkLocation: /default-rack, certSerialId: null} reports an CLOSED replica.
2019-10-18 05:11:32,640 [EventQueue-ContainerReportForContainerReportHandler] WARN  container.ContainerReportHandler (AbstractContainerReportHandler.java:updateContainerState(145)) - Container #1 is in OPEN state, but the datanode e63c905b-6e24-4a59-beee-02f8929d0b77{ip: 192.168.69.125, host: pr-hdds-2311-zjr6r-3188632456, networkLocation: /default-rack, certSerialId: null} reports an CLOSED replica.
2019-10-18 05:11:32,716 [EventQueue-ContainerReportForContainerReportHandler] WARN  container.ContainerReportHandler (AbstractContainerReportHandler.java:updateContainerState(145)) - Container #1 is in OPEN state, but the datanode 06992730-799e-49b1-b4b4-a9e995f4f1fe{ip: 192.168.69.125, host: pr-hdds-2311-zjr6r-3188632456, networkLocation: /default-rack, certSerialId: null} reports an CLOSED replica.
2019-10-18 05:11:32,840 [EventQueue-ContainerReportForContainerReportHandler] WARN  container.ContainerReportHandler (AbstractContainerReportHandler.java:updateContainerState(145)) - Container #1 is in OPEN state, but the datanode e63c905b-6e24-4a59-beee-02f8929d0b77{ip: 192.168.69.125, host: pr-hdds-2311-zjr6r-3188632456, networkLocation: /default-rack, certSerialId: null} reports an CLOSED replica.
2019-10-18 05:11:32,891 [BlockDeletingService#2] WARN  background.BlockDeletingService (BlockDeletingService.java:isDeletionAllowed(187)) - Close Container log Index 6 is not replicated across allthe servers in the pipeline 7b6774a4-dfa8-469c-9b78-3c260a0191aa as the min replicated index is 4. Deletion is not allowed in this container yet.
2019-10-18 05:11:32,891 [BlockDeletingService#2] WARN  background.BlockDeletingService (BlockDeletingService.java:isDeletionAllowed(187)) - Close Container log Index 6 is not replicated across allthe servers in the pipeline 7b6774a4-dfa8-469c-9b78-3c260a0191aa as the min replicated index is 4. Deletion is not allowed in this container yet.
2019-10-18 05:11:33,040 [EventQueue-ContainerReportForContainerReportHandler] WARN  container.ContainerReportHandler (AbstractContainerReportHandler.java:updateContainerState(145)) - Container #1 is in OPEN state, but the datanode e63c905b-6e24-4a59-beee-02f8929d0b77{ip: 192.168.69.125, host: pr-hdds-2311-zjr6r-3188632456, networkLocation: /default-rack, certSerialId: null} reports an CLOSED replica.
2019-10-18 05:11:33,116 [EventQueue-ContainerReportForContainerReportHandler] WARN  container.ContainerReportHandler (AbstractContainerReportHandler.java:updateContainerState(145)) - Container #1 is in OPEN state, but the datanode 06992730-799e-49b1-b4b4-a9e995f4f1fe{ip: 192.168.69.125, host: pr-hdds-2311-zjr6r-3188632456, networkLocation: /default-rack, certSerialId: null} reports an CLOSED replica.
2019-10-18 05:11:33,340 [EventQueue-ContainerReportForContainerReportHandler] WARN  container.ContainerReportHandler (AbstractContainerReportHandler.java:updateContainerState(145)) - Container #1 is in OPEN state, but the datanode e63c905b-6e24-4a59-beee-02f8929d0b77{ip: 192.168.69.125, host: pr-hdds-2311-zjr6r-3188632456, networkLocation: /default-rack, certSerialId: null} reports an CLOSED replica.
2019-10-18 05:11:33,430 [java.util.concurrent.ThreadPoolExecutor$Worker@4eabad00[State = -1, empty queue]] WARN  server.GrpcLogAppender (GrpcLogAppender.java:timeoutAppendRequest(209)) - 06992730-799e-49b1-b4b4-a9e995f4f1fe@group-3C260A0191AA->56eab7d4-40e2-4b28-9c72-53449258b8a2-GrpcLogAppender: appendEntries Timeout, request=06992730-799e-49b1-b4b4-a9e995f4f1fe->56eab7d4-40e2-4b28-9c72-53449258b8a2#49-t2, previous=(t:2, i:10), leaderCommit=10, initializing? false, entries: <empty>
2019-10-18 05:11:33,516 [EventQueue-ContainerReportForContainerReportHandler] WARN  container.ContainerReportHandler (AbstractContainerReportHandler.java:updateContainerState(145)) - Container #1 is in OPEN state, but the datanode 06992730-799e-49b1-b4b4-a9e995f4f1fe{ip: 192.168.69.125, host: pr-hdds-2311-zjr6r-3188632456, networkLocation: /default-rack, certSerialId: null} reports an CLOSED replica.
2019-10-18 05:11:33,640 [EventQueue-ContainerReportForContainerReportHandler] WARN  container.ContainerReportHandler (AbstractContainerReportHandler.java:updateContainerState(145)) - Container #1 is in OPEN state, but the datanode e63c905b-6e24-4a59-beee-02f8929d0b77{ip: 192.168.69.125, host: pr-hdds-2311-zjr6r-3188632456, networkLocation: /default-rack, certSerialId: null} reports an CLOSED replica.
2019-10-18 05:11:33,816 [EventQueue-ContainerReportForContainerReportHandler] WARN  container.ContainerReportHandler (AbstractContainerReportHandler.java:updateContainerState(145)) - Container #1 is in OPEN state, but the datanode 06992730-799e-49b1-b4b4-a9e995f4f1fe{ip: 192.168.69.125, host: pr-hdds-2311-zjr6r-3188632456, networkLocation: /default-rack, certSerialId: null} reports an CLOSED replica.
2019-10-18 05:11:33,893 [BlockDeletingService#2] WARN  background.BlockDeletingService (BlockDeletingService.java:isDeletionAllowed(187)) - Close Container log Index 6 is not replicated across allthe servers in the pipeline 7b6774a4-dfa8-469c-9b78-3c260a0191aa as the min replicated index is 4. Deletion is not allowed in this container yet.
2019-10-18 05:11:33,893 [BlockDeletingService#2] WARN  background.BlockDeletingService (BlockDeletingService.java:isDeletionAllowed(187)) - Close Container log Index 6 is not replicated across allthe servers in the pipeline 7b6774a4-dfa8-469c-9b78-3c260a0191aa as the min replicated index is 4. Deletion is not allowed in this container yet.
2019-10-18 05:11:34,041 [EventQueue-ContainerReportForContainerReportHandler] WARN  container.ContainerReportHandler (AbstractContainerReportHandler.java:updateContainerState(145)) - Container #1 is in OPEN state, but the datanode e63c905b-6e24-4a59-beee-02f8929d0b77{ip: 192.168.69.125, host: pr-hdds-2311-zjr6r-3188632456, networkLocation: /default-rack, certSerialId: null} reports an CLOSED replica.
2019-10-18 05:11:34,118 [EventQueue-ContainerReportForContainerReportHandler] WARN  container.ContainerReportHandler (AbstractContainerReportHandler.java:updateContainerState(145)) - Container #1 is in OPEN state, but the datanode 06992730-799e-49b1-b4b4-a9e995f4f1fe{ip: 192.168.69.125, host: pr-hdds-2311-zjr6r-3188632456, networkLocation: /default-rack, certSerialId: null} reports an CLOSED replica.
2019-10-18 05:11:34,342 [EventQueue-ContainerReportForContainerReportHandler] WARN  container.ContainerReportHandler (AbstractContainerReportHandler.java:updateContainerState(145)) - Container #1 is in OPEN state, but the datanode e63c905b-6e24-4a59-beee-02f8929d0b77{ip: 192.168.69.125, host: pr-hdds-2311-zjr6r-3188632456, networkLocation: /default-rack, certSerialId: null} reports an CLOSED replica.
2019-10-18 05:11:34,418 [EventQueue-ContainerReportForContainerReportHandler] WARN  container.ContainerReportHandler (AbstractContainerReportHandler.java:updateContainerState(145)) - Container #1 is in OPEN state, but the datanode 06992730-799e-49b1-b4b4-a9e995f4f1fe{ip: 192.168.69.125, host: pr-hdds-2311-zjr6r-3188632456, networkLocation: /default-rack, certSerialId: null} reports an CLOSED replica.
2019-10-18 05:11:34,618 [EventQueue-ContainerReportForContainerReportHandler] WARN  container.ContainerReportHandler (AbstractContainerReportHandler.java:updateContainerState(145)) - Container #1 is in OPEN state, but the datanode 06992730-799e-49b1-b4b4-a9e995f4f1fe{ip: 192.168.69.125, host: pr-hdds-2311-zjr6r-3188632456, networkLocation: /default-rack, certSerialId: null} reports an CLOSED replica.
2019-10-18 05:11:34,642 [EventQueue-ContainerReportForContainerReportHandler] WARN  container.ContainerReportHandler (AbstractContainerReportHandler.java:updateContainerState(145)) - Container #1 is in OPEN state, but the datanode e63c905b-6e24-4a59-beee-02f8929d0b77{ip: 192.168.69.125, host: pr-hdds-2311-zjr6r-3188632456, networkLocation: /default-rack, certSerialId: null} reports an CLOSED replica.
2019-10-18 05:11:34,842 [EventQueue-ContainerReportForContainerReportHandler] WARN  container.ContainerReportHandler (AbstractContainerReportHandler.java:updateContainerState(145)) - Container #1 is in OPEN state, but the datanode e63c905b-6e24-4a59-beee-02f8929d0b77{ip: 192.168.69.125, host: pr-hdds-2311-zjr6r-3188632456, networkLocation: /default-rack, certSerialId: null} reports an CLOSED replica.
2019-10-18 05:11:34,894 [BlockDeletingService#2] WARN  background.BlockDeletingService (BlockDeletingService.java:isDeletionAllowed(187)) - Close Container log Index 6 is not replicated across allthe servers in the pipeline 7b6774a4-dfa8-469c-9b78-3c260a0191aa as the min replicated index is 4. Deletion is not allowed in this container yet.
2019-10-18 05:11:34,894 [BlockDeletingService#2] WARN  background.BlockDeletingService (BlockDeletingService.java:isDeletionAllowed(187)) - Close Container log Index 6 is not replicated across allthe servers in the pipeline 7b6774a4-dfa8-469c-9b78-3c260a0191aa as the min replicated index is 4. Deletion is not allowed in this container yet.
2019-10-18 05:11:35,019 [EventQueue-ContainerReportForContainerReportHandler] WARN  container.ContainerReportHandler (AbstractContainerReportHandler.java:updateContainerState(145)) - Container #1 is in OPEN state, but the datanode 06992730-799e-49b1-b4b4-a9e995f4f1fe{ip: 192.168.69.125, host: pr-hdds-2311-zjr6r-3188632456, networkLocation: /default-rack, certSerialId: null} reports an CLOSED replica.
2019-10-18 05:11:35,142 [EventQueue-ContainerReportForContainerReportHandler] WARN  container.ContainerReportHandler (AbstractContainerReportHandler.java:updateContainerState(145)) - Container #1 is in OPEN state, but the datanode e63c905b-6e24-4a59-beee-02f8929d0b77{ip: 192.168.69.125, host: pr-hdds-2311-zjr6r-3188632456, networkLocation: /default-rack, certSerialId: null} reports an CLOSED replica.
2019-10-18 05:11:35,154 [EventQueue-StaleNodeForStaleNodeHandler] INFO  node.StaleNodeHandler (StaleNodeHandler.java:onMessage(58)) - Datanode 56eab7d4-40e2-4b28-9c72-53449258b8a2{ip: 192.168.69.125, host: pr-hdds-2311-zjr6r-3188632456, networkLocation: /default-rack, certSerialId: null} moved to stale state. Finalizing its pipelines [PipelineID=7b6774a4-dfa8-469c-9b78-3c260a0191aa, PipelineID=ddb1b4d2-b4fd-4588-b33e-7dc0b237361c]
2019-10-18 05:11:35,154 [EventQueue-StaleNodeForStaleNodeHandler] INFO  pipeline.SCMPipelineManager (SCMPipelineManager.java:finalizeAndDestroyPipeline(315)) - destroying pipeline:Pipeline[ Id: 7b6774a4-dfa8-469c-9b78-3c260a0191aa, Nodes: 06992730-799e-49b1-b4b4-a9e995f4f1fe{ip: 192.168.69.125, host: pr-hdds-2311-zjr6r-3188632456, networkLocation: /default-rack, certSerialId: null}e63c905b-6e24-4a59-beee-02f8929d0b77{ip: 192.168.69.125, host: pr-hdds-2311-zjr6r-3188632456, networkLocation: /default-rack, certSerialId: null}56eab7d4-40e2-4b28-9c72-53449258b8a2{ip: 192.168.69.125, host: pr-hdds-2311-zjr6r-3188632456, networkLocation: /default-rack, certSerialId: null}, Type:RATIS, Factor:THREE, State:OPEN]
2019-10-18 05:11:35,155 [EventQueue-StaleNodeForStaleNodeHandler] INFO  pipeline.PipelineStateManager (PipelineStateManager.java:finalizePipeline(123)) - Pipeline Pipeline[ Id: 7b6774a4-dfa8-469c-9b78-3c260a0191aa, Nodes: 06992730-799e-49b1-b4b4-a9e995f4f1fe{ip: 192.168.69.125, host: pr-hdds-2311-zjr6r-3188632456, networkLocation: /default-rack, certSerialId: null}e63c905b-6e24-4a59-beee-02f8929d0b77{ip: 192.168.69.125, host: pr-hdds-2311-zjr6r-3188632456, networkLocation: /default-rack, certSerialId: null}56eab7d4-40e2-4b28-9c72-53449258b8a2{ip: 192.168.69.125, host: pr-hdds-2311-zjr6r-3188632456, networkLocation: /default-rack, certSerialId: null}, Type:RATIS, Factor:THREE, State:CLOSED] moved to CLOSED state
2019-10-18 05:11:35,155 [EventQueue-CloseContainerForCloseContainerEventHandler] INFO  container.CloseContainerEventHandler (CloseContainerEventHandler.java:onMessage(61)) - Close container Event triggered for container : #1
2019-10-18 05:11:35,157 [EventQueue-StaleNodeForStaleNodeHandler] INFO  pipeline.SCMPipelineManager (SCMPipelineManager.java:finalizeAndDestroyPipeline(315)) - destroying pipeline:Pipeline[ Id: ddb1b4d2-b4fd-4588-b33e-7dc0b237361c, Nodes: 56eab7d4-40e2-4b28-9c72-53449258b8a2{ip: 192.168.69.125, host: pr-hdds-2311-zjr6r-3188632456, networkLocation: /default-rack, certSerialId: null}, Type:RATIS, Factor:ONE, State:OPEN]
2019-10-18 05:11:35,158 [EventQueue-StaleNodeForStaleNodeHandler] INFO  pipeline.PipelineStateManager (PipelineStateManager.java:finalizePipeline(123)) - Pipeline Pipeline[ Id: ddb1b4d2-b4fd-4588-b33e-7dc0b237361c, Nodes: 56eab7d4-40e2-4b28-9c72-53449258b8a2{ip: 192.168.69.125, host: pr-hdds-2311-zjr6r-3188632456, networkLocation: /default-rack, certSerialId: null}, Type:RATIS, Factor:ONE, State:CLOSED] moved to CLOSED state
2019-10-18 05:11:35,319 [EventQueue-ContainerReportForContainerReportHandler] INFO  container.ContainerReportHandler (AbstractContainerReportHandler.java:updateContainerState(178)) - Moving container #1 to CLOSED state, datanode 06992730-799e-49b1-b4b4-a9e995f4f1fe{ip: 192.168.69.125, host: pr-hdds-2311-zjr6r-3188632456, networkLocation: /default-rack, certSerialId: null} reported CLOSED replica.
2019-10-18 05:11:35,456 [SCMBlockDeletingService#0] INFO  block.SCMBlockDeletingService (SCMBlockDeletingService.java:call(184)) - Totally added 3 delete blocks command for 3 datanodes, task elapsed time: 4ms
2019-10-18 05:11:35,543 [EventQueue-PendingDeleteStatusForPendingDeleteHandler] INFO  block.SCMBlockDeletingService (SCMBlockDeletingService.java:handlePendingDeletes(115)) - Block deletion txnID mismatch in datanode e63c905b-6e24-4a59-beee-02f8929d0b77 for containerID 1. Datanode delete txnID: 0, SCM txnID: 1
2019-10-18 05:11:35,620 [Command processor thread] INFO  commandhandler.DeleteBlocksCommandHandler (DeleteBlocksCommandHandler.java:handle(106)) - Start to delete container blocks, TXIDs=[1(0)], numOfContainers=1, numOfBlocks=1
2019-10-18 05:11:35,842 [EventQueue-PendingDeleteStatusForPendingDeleteHandler] INFO  block.SCMBlockDeletingService (SCMBlockDeletingService.java:handlePendingDeletes(115)) - Block deletion txnID mismatch in datanode e63c905b-6e24-4a59-beee-02f8929d0b77 for containerID 1. Datanode delete txnID: 0, SCM txnID: 1
2019-10-18 05:11:35,896 [BlockDeletingService#2] WARN  background.BlockDeletingService (BlockDeletingService.java:isDeletionAllowed(187)) - Close Container log Index 6 is not replicated across allthe servers in the pipeline 7b6774a4-dfa8-469c-9b78-3c260a0191aa as the min replicated index is 4. Deletion is not allowed in this container yet.
2019-10-18 05:11:35,896 [BlockDeletingService#2] WARN  background.BlockDeletingService (BlockDeletingService.java:isDeletionAllowed(187)) - Close Container log Index 6 is not replicated across allthe servers in the pipeline 7b6774a4-dfa8-469c-9b78-3c260a0191aa as the min replicated index is 4. Deletion is not allowed in this container yet.
2019-10-18 05:11:35,931 [java.util.concurrent.ThreadPoolExecutor$Worker@4eabad00[State = -1, empty queue]] WARN  server.GrpcLogAppender (GrpcLogAppender.java:timeoutAppendRequest(209)) - 06992730-799e-49b1-b4b4-a9e995f4f1fe@group-3C260A0191AA->56eab7d4-40e2-4b28-9c72-53449258b8a2-GrpcLogAppender: appendEntries Timeout, request=06992730-799e-49b1-b4b4-a9e995f4f1fe->56eab7d4-40e2-4b28-9c72-53449258b8a2#50-t2, previous=(t:2, i:10), leaderCommit=10, initializing? false, entries: <empty>
2019-10-18 05:11:35,990 [main] INFO  impl.MetricsSystemImpl (MetricsSystemImpl.java:init(158)) - HddsDatanode metrics system started (again)
2019-10-18 05:11:36,026 [main] INFO  ozone.HddsDatanodeService (HddsDatanodeService.java:start(184)) - HddsDatanodeService host:pr-hdds-2311-zjr6r-3188632456 ip:192.168.69.125
2019-10-18 05:11:36,029 [main] INFO  volume.VolumeUsage (VolumeUsage.java:loadScmUsed(144)) - Cached ScmUsed found for /workdir/hadoop-ozone/integration-test/target/test-dir/MiniOzoneClusterImpl-e8489dd8-f004-4b8d-ba6f-64c0d641aa36/datanode-2/data/containers : 4096 
2019-10-18 05:11:36,030 [main] INFO  volume.HddsVolume (HddsVolume.java:<init>(176)) - Creating Volume: /workdir/hadoop-ozone/integration-test/target/test-dir/MiniOzoneClusterImpl-e8489dd8-f004-4b8d-ba6f-64c0d641aa36/datanode-2/data/containers/hdds of  storage type : DISK and capacity : 1482555576320
2019-10-18 05:11:36,030 [main] INFO  volume.VolumeSet (VolumeSet.java:initializeVolumeSet(170)) - Added Volume : /workdir/hadoop-ozone/integration-test/target/test-dir/MiniOzoneClusterImpl-e8489dd8-f004-4b8d-ba6f-64c0d641aa36/datanode-2/data/containers/hdds to VolumeSet
2019-10-18 05:11:36,030 [main] INFO  volume.ThrottledAsyncChecker (ThrottledAsyncChecker.java:schedule(141)) - Scheduling a check for /workdir/hadoop-ozone/integration-test/target/test-dir/MiniOzoneClusterImpl-e8489dd8-f004-4b8d-ba6f-64c0d641aa36/datanode-2/data/containers/hdds
2019-10-18 05:11:36,031 [main] INFO  volume.HddsVolumeChecker (HddsVolumeChecker.java:checkAllVolumes(204)) - Scheduled health check for volume /workdir/hadoop-ozone/integration-test/target/test-dir/MiniOzoneClusterImpl-e8489dd8-f004-4b8d-ba6f-64c0d641aa36/datanode-2/data/containers/hdds
2019-10-18 05:11:36,043 [EventQueue-PendingDeleteStatusForPendingDeleteHandler] INFO  block.SCMBlockDeletingService (SCMBlockDeletingService.java:handlePendingDeletes(115)) - Block deletion txnID mismatch in datanode e63c905b-6e24-4a59-beee-02f8929d0b77 for containerID 1. Datanode delete txnID: 0, SCM txnID: 1
2019-10-18 05:11:36,081 [main] INFO  impl.RaftServerProxy (ConfUtils.java:logGet(43)) - raft.rpc.type = GRPC (default)
2019-10-18 05:11:36,081 [main] INFO  grpc.GrpcFactory (GrpcFactory.java:checkPooledByteBufAllocatorUseCacheForAllThreads(45)) - PERFORMANCE WARNING: useCacheForAllThreads is true that may cause Netty to create a lot garbage objects and, as a result, trigger GC.
	It is recommended to disable useCacheForAllThreads by setting -Dorg.apache.ratis.thirdparty.io.netty.allocator.useCacheForAllThreads=false in command line.
2019-10-18 05:11:36,081 [main] INFO  grpc.GrpcConfigKeys$Server (ConfUtils.java:logGet(43)) - raft.grpc.server.port = 37820 (custom)
2019-10-18 05:11:36,082 [main] INFO  server.GrpcService (ConfUtils.java:logGet(43)) - raft.grpc.message.size.max = 33570816 (custom)
2019-10-18 05:11:36,082 [main] INFO  server.RaftServerConfigKeys (ConfUtils.java:logGet(43)) - raft.server.log.appender.buffer.byte-limit = 33554432 (custom)
2019-10-18 05:11:36,082 [main] INFO  server.GrpcService (ConfUtils.java:logGet(43)) - raft.grpc.flow.control.window = 1MB (=1048576) (default)
2019-10-18 05:11:36,083 [main] INFO  server.RaftServerConfigKeys (ConfUtils.java:logGet(43)) - raft.server.rpc.request.timeout = 3000ms (default)
2019-10-18 05:11:36,083 [main] INFO  server.RaftServerConfigKeys (ConfUtils.java:logGet(43)) - raft.server.storage.dir = [/workdir/hadoop-ozone/integration-test/target/test-dir/MiniOzoneClusterImpl-e8489dd8-f004-4b8d-ba6f-64c0d641aa36/datanode-2/data/ratis] (custom)
2019-10-18 05:11:36,083 [main] INFO  impl.RaftServerProxy (RaftServerProxy.java:lambda$null$0(191)) - 56eab7d4-40e2-4b28-9c72-53449258b8a2: found a subdirectory /workdir/hadoop-ozone/integration-test/target/test-dir/MiniOzoneClusterImpl-e8489dd8-f004-4b8d-ba6f-64c0d641aa36/datanode-2/data/ratis/ddb1b4d2-b4fd-4588-b33e-7dc0b237361c
2019-10-18 05:11:36,084 [main] INFO  impl.RaftServerProxy (RaftServerProxy.java:addNew(89)) - 56eab7d4-40e2-4b28-9c72-53449258b8a2: addNew group-7DC0B237361C:[] returns group-7DC0B237361C:java.util.concurrent.CompletableFuture@66933239[Not completed]
2019-10-18 05:11:36,084 [main] INFO  impl.RaftServerProxy (RaftServerProxy.java:lambda$null$0(191)) - 56eab7d4-40e2-4b28-9c72-53449258b8a2: found a subdirectory /workdir/hadoop-ozone/integration-test/target/test-dir/MiniOzoneClusterImpl-e8489dd8-f004-4b8d-ba6f-64c0d641aa36/datanode-2/data/ratis/7b6774a4-dfa8-469c-9b78-3c260a0191aa
2019-10-18 05:11:36,085 [main] INFO  impl.RaftServerProxy (RaftServerProxy.java:addNew(89)) - 56eab7d4-40e2-4b28-9c72-53449258b8a2: addNew group-3C260A0191AA:[] returns group-3C260A0191AA:java.util.concurrent.CompletableFuture@2f7efd0b[Not completed]
2019-10-18 05:11:36,088 [main] INFO  hdfs.DFSUtil (DFSUtil.java:httpServerTemplateForNNAndJN(1641)) - Starting Web-server for hddsDatanode at: http://0.0.0.0:43913
2019-10-18 05:11:36,088 [pool-59-thread-1] INFO  impl.RaftServerImpl (RaftServerImpl.java:<init>(104)) - 56eab7d4-40e2-4b28-9c72-53449258b8a2: new RaftServerImpl for group-7DC0B237361C:[] with ContainerStateMachine:uninitialized
2019-10-18 05:11:36,092 [pool-59-thread-1] INFO  server.RaftServerConfigKeys (ConfUtils.java:logGet(43)) - raft.server.rpc.timeout.min = 5s (custom)
2019-10-18 05:11:36,092 [pool-59-thread-1] INFO  server.RaftServerConfigKeys (ConfUtils.java:logGet(43)) - raft.server.rpc.timeout.max = 5200ms (custom)
2019-10-18 05:11:36,092 [pool-59-thread-1] INFO  server.RaftServerConfigKeys (ConfUtils.java:logGet(43)) - raft.server.rpcslowness.timeout = 1000s (custom)
2019-10-18 05:11:36,093 [pool-59-thread-1] INFO  server.RaftServerConfigKeys (ConfUtils.java:logGet(43)) - raft.server.sleep.deviation.threshold = 300 (default)
2019-10-18 05:11:36,093 [pool-59-thread-1] INFO  server.RaftServerConfigKeys (ConfUtils.java:logGet(43)) - raft.server.log.appender.install.snapshot.enabled = false (custom)
2019-10-18 05:11:36,093 [pool-59-thread-1] INFO  impl.RaftServerImpl (ServerState.java:<init>(103)) - 56eab7d4-40e2-4b28-9c72-53449258b8a2@group-7DC0B237361C: ConfigurationManager, init=-1: [], old=null, confs=<EMPTY_MAP>
2019-10-18 05:11:36,093 [pool-59-thread-1] INFO  server.RaftServerConfigKeys (ConfUtils.java:logGet(43)) - raft.server.storage.dir = [/workdir/hadoop-ozone/integration-test/target/test-dir/MiniOzoneClusterImpl-e8489dd8-f004-4b8d-ba6f-64c0d641aa36/datanode-2/data/ratis] (custom)
2019-10-18 05:11:36,093 [pool-59-thread-1] INFO  server.RaftServerConfigKeys (ConfUtils.java:logGet(43)) - raft.server.log.corruption.policy = EXCEPTION (default)
2019-10-18 05:11:36,094 [main] INFO  server.AuthenticationFilter (AuthenticationFilter.java:constructSecretProvider(240)) - Unable to initialize FileSignerSecretProvider, falling back to use random secrets.
2019-10-18 05:11:36,094 [main] WARN  http.HttpRequestLog (HttpRequestLog.java:getRequestLog(97)) - Jetty request log can only be enabled using Log4j
2019-10-18 05:11:36,096 [main] INFO  http.HttpServer2 (HttpServer2.java:addGlobalFilter(975)) - Added global filter 'safety' (class=org.apache.hadoop.http.HttpServer2$QuotingInputFilter)
2019-10-18 05:11:36,096 [main] INFO  http.HttpServer2 (HttpServer2.java:addFilter(948)) - Added filter static_user_filter (class=org.apache.hadoop.http.lib.StaticUserWebFilter$StaticUserFilter) to context hddsDatanode
2019-10-18 05:11:36,097 [main] INFO  http.HttpServer2 (HttpServer2.java:addFilter(958)) - Added filter static_user_filter (class=org.apache.hadoop.http.lib.StaticUserWebFilter$StaticUserFilter) to context logs
2019-10-18 05:11:36,097 [main] INFO  http.HttpServer2 (HttpServer2.java:addFilter(958)) - Added filter static_user_filter (class=org.apache.hadoop.http.lib.StaticUserWebFilter$StaticUserFilter) to context static
2019-10-18 05:11:36,098 [main] INFO  http.HttpServer2 (HttpServer2.java:bindListener(1191)) - Jetty bound to port 43913
2019-10-18 05:11:36,098 [main] INFO  server.Server (Server.java:doStart(351)) - jetty-9.3.25.v20180904, build timestamp: 2018-09-04T21:11:46Z, git hash: 3ce520221d0240229c862b122d2b06c12a625732
2019-10-18 05:11:36,100 [main] INFO  handler.ContextHandler (ContextHandler.java:doStart(781)) - Started o.e.j.s.ServletContextHandler@78a515e4{/logs,file:///workdir/hadoop-ozone/integration-test/target/log,AVAILABLE}
2019-10-18 05:11:36,100 [main] INFO  handler.ContextHandler (ContextHandler.java:doStart(781)) - Started o.e.j.s.ServletContextHandler@51c8f62c{/static,jar:file:/home/user/.m2/repository/org/apache/hadoop/hadoop-hdds-container-service/0.5.0-SNAPSHOT/hadoop-hdds-container-service-0.5.0-SNAPSHOT.jar!/webapps/static,AVAILABLE}
2019-10-18 05:11:36,107 [pool-59-thread-1] INFO  storage.RaftStorageDirectory (RaftStorageDirectory.java:tryLock(328)) - Lock on /workdir/hadoop-ozone/integration-test/target/test-dir/MiniOzoneClusterImpl-e8489dd8-f004-4b8d-ba6f-64c0d641aa36/datanode-2/data/ratis/ddb1b4d2-b4fd-4588-b33e-7dc0b237361c/in_use.lock acquired by nodename 21598@pr-hdds-2311-zjr6r-3188632456
2019-10-18 05:11:36,108 [pool-59-thread-1] INFO  ratis.ContainerStateMachine (ContainerStateMachine.java:loadSnapshot(231)) - group-7DC0B237361C: The snapshot info is null. Setting the last applied indexto:(t:0, i:~)
2019-10-18 05:11:36,108 [pool-59-thread-1] INFO  server.RaftServerConfigKeys (ConfUtils.java:logGet(43)) - raft.server.notification.no-leader.timeout = 1000s (custom)
2019-10-18 05:11:36,108 [pool-59-thread-1] INFO  server.RaftServerConfigKeys (ConfUtils.java:logGet(43)) - raft.server.log.use.memory = false (default)
2019-10-18 05:11:36,109 [pool-59-thread-1] INFO  server.RaftServerConfigKeys (ConfUtils.java:logGet(43)) - raft.server.log.purge.gap = 1000000 (custom)
2019-10-18 05:11:36,109 [pool-59-thread-1] INFO  server.RaftServerConfigKeys (ConfUtils.java:logGet(43)) - raft.server.log.appender.buffer.byte-limit = 33554432 (custom)
2019-10-18 05:11:36,109 [pool-59-thread-1] INFO  server.RaftServerConfigKeys (ConfUtils.java:logGet(43)) - raft.server.log.segment.size.max = 1048576 (custom)
2019-10-18 05:11:36,109 [pool-59-thread-1] INFO  server.RaftServerConfigKeys (ConfUtils.java:logGet(43)) - raft.server.log.segment.cache.num.max = 2 (custom)
2019-10-18 05:11:36,109 [pool-59-thread-1] INFO  segmented.SegmentedRaftLogWorker (SegmentedRaftLogWorker.java:<init>(173)) - new 56eab7d4-40e2-4b28-9c72-53449258b8a2@group-7DC0B237361C-SegmentedRaftLogWorker for RaftStorage:Storage Directory /workdir/hadoop-ozone/integration-test/target/test-dir/MiniOzoneClusterImpl-e8489dd8-f004-4b8d-ba6f-64c0d641aa36/datanode-2/data/ratis/ddb1b4d2-b4fd-4588-b33e-7dc0b237361c
2019-10-18 05:11:36,109 [pool-59-thread-1] INFO  server.RaftServerConfigKeys (ConfUtils.java:logGet(43)) - raft.server.log.queue.byte-limit = 2147483647 (custom)
2019-10-18 05:11:36,109 [pool-59-thread-1] INFO  server.RaftServerConfigKeys (ConfUtils.java:logGet(43)) - raft.server.log.queue.element-limit = 1024 (custom)
2019-10-18 05:11:36,110 [pool-59-thread-1] INFO  server.RaftServerConfigKeys (ConfUtils.java:logGet(43)) - raft.server.log.segment.size.max = 1048576 (custom)
2019-10-18 05:11:36,110 [pool-59-thread-1] INFO  server.RaftServerConfigKeys (ConfUtils.java:logGet(43)) - raft.server.log.preallocated.size = 16384 (custom)
2019-10-18 05:11:36,110 [pool-59-thread-1] INFO  server.RaftServerConfigKeys (ConfUtils.java:logGet(43)) - raft.server.log.write.buffer.size = 33554432 (custom)
2019-10-18 05:11:36,110 [pool-59-thread-1] INFO  server.RaftServerConfigKeys (ConfUtils.java:logGet(43)) - raft.server.log.force.sync.num = 128 (default)
2019-10-18 05:11:36,110 [pool-59-thread-1] INFO  server.RaftServerConfigKeys (ConfUtils.java:logGet(43)) - raft.server.log.statemachine.data.sync = true (default)
2019-10-18 05:11:36,110 [pool-59-thread-1] INFO  server.RaftServerConfigKeys (ConfUtils.java:logGet(43)) - raft.server.log.statemachine.data.sync.timeout = 10s (default)
2019-10-18 05:11:36,110 [pool-59-thread-1] INFO  server.RaftServerConfigKeys (ConfUtils.java:logGet(43)) - raft.server.log.statemachine.data.sync.timeout.retry = -1 (default)
2019-10-18 05:11:36,110 [pool-59-thread-1] INFO  server.RaftServerConfigKeys (ConfUtils.java:logGet(43)) - raft.server.log.statemachine.data.caching.enabled = true (custom)
2019-10-18 05:11:36,117 [pool-59-thread-1] INFO  impl.RaftServerImpl (ServerState.java:setRaftConf(357)) - 56eab7d4-40e2-4b28-9c72-53449258b8a2@group-7DC0B237361C: set configuration 0: [56eab7d4-40e2-4b28-9c72-53449258b8a2:192.168.69.125:37820], old=null at 0
2019-10-18 05:11:36,118 [pool-59-thread-1] INFO  segmented.LogSegment (LogSegment.java:loadSegment(140)) - Successfully read 1 entries from segment file /workdir/hadoop-ozone/integration-test/target/test-dir/MiniOzoneClusterImpl-e8489dd8-f004-4b8d-ba6f-64c0d641aa36/datanode-2/data/ratis/ddb1b4d2-b4fd-4588-b33e-7dc0b237361c/current/log_inprogress_0
2019-10-18 05:11:36,118 [pool-59-thread-1] INFO  segmented.SegmentedRaftLogWorker (SegmentedRaftLogWorker.java:lambda$new$0(128)) - 56eab7d4-40e2-4b28-9c72-53449258b8a2@group-7DC0B237361C-SegmentedRaftLogWorker: flushIndex: setUnconditionally 0 -> 0
2019-10-18 05:11:36,132 [main] INFO  handler.ContextHandler (ContextHandler.java:doStart(781)) - Started o.e.j.w.WebAppContext@732f6050{/,file:///tmp/jetty-0.0.0.0-43913-hddsDatanode-_-any-9180385934748643215.dir/webapp/,AVAILABLE}{/hddsDatanode}
2019-10-18 05:11:36,133 [main] INFO  server.AbstractConnector (AbstractConnector.java:doStart(278)) - Started ServerConnector@6fbc1bb{HTTP/1.1,[http/1.1]}{0.0.0.0:43913}
2019-10-18 05:11:36,144 [main] INFO  server.Server (Server.java:doStart(419)) - Started @112614ms
2019-10-18 05:11:36,144 [pool-59-thread-1] INFO  server.RaftServerConfigKeys (ConfUtils.java:logGet(43)) - raft.server.snapshot.auto.trigger.enabled = true (custom)
2019-10-18 05:11:36,145 [main] WARN  impl.MetricsSystemImpl (MetricsSystemImpl.java:register(276)) - Sink prometheus already exists!
2019-10-18 05:11:36,145 [pool-59-thread-1] INFO  server.RaftServerConfigKeys (ConfUtils.java:logGet(43)) - raft.server.snapshot.auto.trigger.threshold = 10000 (custom)
2019-10-18 05:11:36,145 [pool-59-thread-1] INFO  server.RaftServerConfigKeys (ConfUtils.java:logGet(43)) - raft.server.snapshot.retention.file.num = 5 (custom)
2019-10-18 05:11:36,145 [pool-59-thread-1] INFO  server.RaftServerConfigKeys (ConfUtils.java:logGet(43)) - raft.server.retrycache.expirytime = 600000ms (custom)
2019-10-18 05:11:36,146 [main] INFO  server.BaseHttpServer (BaseHttpServer.java:updateConnectorAddress(215)) - HTTP server of HDDSDATANODE is listening at http://0.0.0.0:43913
2019-10-18 05:11:36,148 [pool-59-thread-1] INFO  impl.RaftServerImpl (RaftServerImpl.java:<init>(104)) - 56eab7d4-40e2-4b28-9c72-53449258b8a2: new RaftServerImpl for group-3C260A0191AA:[] with ContainerStateMachine:uninitialized
2019-10-18 05:11:36,148 [org.apache.hadoop.util.JvmPauseMonitor$Monitor@450142ff] INFO  util.JvmPauseMonitor (JvmPauseMonitor.java:run(188)) - Starting JVM pause monitor
2019-10-18 05:11:36,148 [pool-59-thread-1] INFO  server.RaftServerConfigKeys (ConfUtils.java:logGet(43)) - raft.server.rpc.timeout.min = 5s (custom)
2019-10-18 05:11:36,148 [pool-59-thread-1] INFO  server.RaftServerConfigKeys (ConfUtils.java:logGet(43)) - raft.server.rpc.timeout.max = 5200ms (custom)
2019-10-18 05:11:36,148 [pool-59-thread-1] INFO  server.RaftServerConfigKeys (ConfUtils.java:logGet(43)) - raft.server.rpcslowness.timeout = 1000s (custom)
2019-10-18 05:11:36,148 [pool-59-thread-1] INFO  server.RaftServerConfigKeys (ConfUtils.java:logGet(43)) - raft.server.sleep.deviation.threshold = 300 (default)
2019-10-18 05:11:36,148 [pool-59-thread-1] INFO  server.RaftServerConfigKeys (ConfUtils.java:logGet(43)) - raft.server.log.appender.install.snapshot.enabled = false (custom)
2019-10-18 05:11:36,148 [pool-59-thread-1] INFO  impl.RaftServerImpl (ServerState.java:<init>(103)) - 56eab7d4-40e2-4b28-9c72-53449258b8a2@group-3C260A0191AA: ConfigurationManager, init=-1: [], old=null, confs=<EMPTY_MAP>
2019-10-18 05:11:36,149 [pool-59-thread-1] INFO  server.RaftServerConfigKeys (ConfUtils.java:logGet(43)) - raft.server.storage.dir = [/workdir/hadoop-ozone/integration-test/target/test-dir/MiniOzoneClusterImpl-e8489dd8-f004-4b8d-ba6f-64c0d641aa36/datanode-2/data/ratis] (custom)
2019-10-18 05:11:36,149 [pool-59-thread-1] INFO  server.RaftServerConfigKeys (ConfUtils.java:logGet(43)) - raft.server.log.corruption.policy = EXCEPTION (default)
2019-10-18 05:11:36,162 [pool-59-thread-1] INFO  storage.RaftStorageDirectory (RaftStorageDirectory.java:tryLock(328)) - Lock on /workdir/hadoop-ozone/integration-test/target/test-dir/MiniOzoneClusterImpl-e8489dd8-f004-4b8d-ba6f-64c0d641aa36/datanode-2/data/ratis/7b6774a4-dfa8-469c-9b78-3c260a0191aa/in_use.lock acquired by nodename 21598@pr-hdds-2311-zjr6r-3188632456
2019-10-18 05:11:36,164 [pool-59-thread-1] INFO  ratis.ContainerStateMachine (ContainerStateMachine.java:loadSnapshot(240)) - group-3C260A0191AA: Setting the last applied index to (t:2, i:3)
2019-10-18 05:11:36,168 [pool-59-thread-1] INFO  impl.RaftServerImpl (ServerState.java:setRaftConf(357)) - 56eab7d4-40e2-4b28-9c72-53449258b8a2@group-3C260A0191AA: set configuration 0: [e63c905b-6e24-4a59-beee-02f8929d0b77:192.168.69.125:42235, 56eab7d4-40e2-4b28-9c72-53449258b8a2:192.168.69.125:37820, 06992730-799e-49b1-b4b4-a9e995f4f1fe:192.168.69.125:34681], old=null at 0
2019-10-18 05:11:36,168 [pool-59-thread-1] INFO  server.RaftServerConfigKeys (ConfUtils.java:logGet(43)) - raft.server.notification.no-leader.timeout = 1000s (custom)
2019-10-18 05:11:36,168 [pool-59-thread-1] INFO  server.RaftServerConfigKeys (ConfUtils.java:logGet(43)) - raft.server.log.use.memory = false (default)
2019-10-18 05:11:36,168 [pool-59-thread-1] INFO  server.RaftServerConfigKeys (ConfUtils.java:logGet(43)) - raft.server.log.purge.gap = 1000000 (custom)
2019-10-18 05:11:36,168 [pool-59-thread-1] INFO  server.RaftServerConfigKeys (ConfUtils.java:logGet(43)) - raft.server.log.appender.buffer.byte-limit = 33554432 (custom)
2019-10-18 05:11:36,168 [pool-59-thread-1] INFO  server.RaftServerConfigKeys (ConfUtils.java:logGet(43)) - raft.server.log.segment.size.max = 1048576 (custom)
2019-10-18 05:11:36,169 [pool-59-thread-1] INFO  server.RaftServerConfigKeys (ConfUtils.java:logGet(43)) - raft.server.log.segment.cache.num.max = 2 (custom)
2019-10-18 05:11:36,169 [pool-59-thread-1] INFO  segmented.SegmentedRaftLogWorker (SegmentedRaftLogWorker.java:<init>(173)) - new 56eab7d4-40e2-4b28-9c72-53449258b8a2@group-3C260A0191AA-SegmentedRaftLogWorker for RaftStorage:Storage Directory /workdir/hadoop-ozone/integration-test/target/test-dir/MiniOzoneClusterImpl-e8489dd8-f004-4b8d-ba6f-64c0d641aa36/datanode-2/data/ratis/7b6774a4-dfa8-469c-9b78-3c260a0191aa
2019-10-18 05:11:36,169 [pool-59-thread-1] INFO  server.RaftServerConfigKeys (ConfUtils.java:logGet(43)) - raft.server.log.queue.byte-limit = 2147483647 (custom)
2019-10-18 05:11:36,169 [pool-59-thread-1] INFO  server.RaftServerConfigKeys (ConfUtils.java:logGet(43)) - raft.server.log.queue.element-limit = 1024 (custom)
2019-10-18 05:11:36,169 [pool-59-thread-1] INFO  server.RaftServerConfigKeys (ConfUtils.java:logGet(43)) - raft.server.log.segment.size.max = 1048576 (custom)
2019-10-18 05:11:36,169 [pool-59-thread-1] INFO  server.RaftServerConfigKeys (ConfUtils.java:logGet(43)) - raft.server.log.preallocated.size = 16384 (custom)
2019-10-18 05:11:36,169 [pool-59-thread-1] INFO  server.RaftServerConfigKeys (ConfUtils.java:logGet(43)) - raft.server.log.write.buffer.size = 33554432 (custom)
2019-10-18 05:11:36,169 [pool-59-thread-1] INFO  server.RaftServerConfigKeys (ConfUtils.java:logGet(43)) - raft.server.log.force.sync.num = 128 (default)
2019-10-18 05:11:36,169 [pool-59-thread-1] INFO  server.RaftServerConfigKeys (ConfUtils.java:logGet(43)) - raft.server.log.statemachine.data.sync = true (default)
2019-10-18 05:11:36,169 [pool-59-thread-1] INFO  server.RaftServerConfigKeys (ConfUtils.java:logGet(43)) - raft.server.log.statemachine.data.sync.timeout = 10s (default)
2019-10-18 05:11:36,170 [pool-59-thread-1] INFO  server.RaftServerConfigKeys (ConfUtils.java:logGet(43)) - raft.server.log.statemachine.data.sync.timeout.retry = -1 (default)
2019-10-18 05:11:36,170 [pool-59-thread-1] INFO  server.RaftServerConfigKeys (ConfUtils.java:logGet(43)) - raft.server.log.statemachine.data.caching.enabled = true (custom)
2019-10-18 05:11:36,171 [pool-59-thread-1] INFO  impl.RaftServerImpl (ServerState.java:setRaftConf(357)) - 56eab7d4-40e2-4b28-9c72-53449258b8a2@group-3C260A0191AA: set configuration 0: [e63c905b-6e24-4a59-beee-02f8929d0b77:192.168.69.125:42235, 56eab7d4-40e2-4b28-9c72-53449258b8a2:192.168.69.125:37820, 06992730-799e-49b1-b4b4-a9e995f4f1fe:192.168.69.125:34681], old=null at 0
2019-10-18 05:11:36,171 [pool-59-thread-1] INFO  segmented.LogSegment (LogSegment.java:loadSegment(140)) - Successfully read 5 entries from segment file /workdir/hadoop-ozone/integration-test/target/test-dir/MiniOzoneClusterImpl-e8489dd8-f004-4b8d-ba6f-64c0d641aa36/datanode-2/data/ratis/7b6774a4-dfa8-469c-9b78-3c260a0191aa/current/log_inprogress_0
2019-10-18 05:11:36,171 [pool-59-thread-1] INFO  segmented.SegmentedRaftLogWorker (SegmentedRaftLogWorker.java:lambda$new$0(128)) - 56eab7d4-40e2-4b28-9c72-53449258b8a2@group-3C260A0191AA-SegmentedRaftLogWorker: flushIndex: setUnconditionally 0 -> 4
2019-10-18 05:11:36,193 [pool-59-thread-1] INFO  raftlog.RaftLog (RaftLog.java:lambda$new$0(61)) - 56eab7d4-40e2-4b28-9c72-53449258b8a2@group-3C260A0191AA-SegmentedRaftLog: commitIndex: updateToMax old=3, new=3, updated? false
2019-10-18 05:11:36,193 [pool-59-thread-1] INFO  server.RaftServerConfigKeys (ConfUtils.java:logGet(43)) - raft.server.snapshot.auto.trigger.enabled = true (custom)
2019-10-18 05:11:36,193 [pool-59-thread-1] INFO  server.RaftServerConfigKeys (ConfUtils.java:logGet(43)) - raft.server.snapshot.auto.trigger.threshold = 10000 (custom)
2019-10-18 05:11:36,193 [pool-59-thread-1] INFO  server.RaftServerConfigKeys (ConfUtils.java:logGet(43)) - raft.server.snapshot.retention.file.num = 5 (custom)
2019-10-18 05:11:36,194 [pool-59-thread-1] INFO  server.RaftServerConfigKeys (ConfUtils.java:logGet(43)) - raft.server.retrycache.expirytime = 600000ms (custom)
2019-10-18 05:11:36,345 [EventQueue-PendingDeleteStatusForPendingDeleteHandler] INFO  block.SCMBlockDeletingService (SCMBlockDeletingService.java:handlePendingDeletes(115)) - Block deletion txnID mismatch in datanode e63c905b-6e24-4a59-beee-02f8929d0b77 for containerID 1. Datanode delete txnID: 0, SCM txnID: 1
2019-10-18 05:11:36,441 [Command processor thread] INFO  commandhandler.DeleteBlocksCommandHandler (DeleteBlocksCommandHandler.java:handle(106)) - Start to delete container blocks, TXIDs=[1(0)], numOfContainers=1, numOfBlocks=1
2019-10-18 05:11:36,456 [pool-7-thread-1] INFO  commands.RetriableDatanodeEventWatcher (RetriableDatanodeEventWatcher.java:onTimeout(47)) - RetriableDatanodeCommand type=deleteBlocksCommand with id=1571375495456 timed out. Retrying.
2019-10-18 05:11:36,457 [SCMBlockDeletingService#0] INFO  block.SCMBlockDeletingService (SCMBlockDeletingService.java:call(184)) - Totally added 2 delete blocks command for 2 datanodes, task elapsed time: 0ms
2019-10-18 05:11:36,457 [pool-7-thread-2] INFO  commands.RetriableDatanodeEventWatcher (RetriableDatanodeEventWatcher.java:onTimeout(47)) - RetriableDatanodeCommand type=deleteBlocksCommand with id=1571375495457 timed out. Retrying.
2019-10-18 05:11:36,671 [Thread-544] INFO  client.GrpcClientProtocolService (GrpcClientProtocolService.java:lambda$processClientRequest$0(278)) - Failed RaftClientRequest:client-46808F7408E0->e63c905b-6e24-4a59-beee-02f8929d0b77@group-3C260A0191AA, cid=10, seq=0, Watch-ALL_COMMITTED(6), Message:<EMPTY>, reply=RaftClientReply:client-46808F7408E0->e63c905b-6e24-4a59-beee-02f8929d0b77@group-3C260A0191AA, cid=10, FAILED org.apache.ratis.protocol.NotLeaderException: Server e63c905b-6e24-4a59-beee-02f8929d0b77@group-3C260A0191AA is not the leader 06992730-799e-49b1-b4b4-a9e995f4f1fe:192.168.69.125:34681, logIndex=0, commits[e63c905b-6e24-4a59-beee-02f8929d0b77:c10, 56eab7d4-40e2-4b28-9c72-53449258b8a2:c4, 06992730-799e-49b1-b4b4-a9e995f4f1fe:c10]
2019-10-18 05:11:36,897 [BlockDeletingService#2] WARN  background.BlockDeletingService (BlockDeletingService.java:isDeletionAllowed(187)) - Close Container log Index 6 is not replicated across allthe servers in the pipeline 7b6774a4-dfa8-469c-9b78-3c260a0191aa as the min replicated index is 4. Deletion is not allowed in this container yet.
2019-10-18 05:11:36,897 [BlockDeletingService#2] WARN  background.BlockDeletingService (BlockDeletingService.java:isDeletionAllowed(187)) - Close Container log Index 6 is not replicated across allthe servers in the pipeline 7b6774a4-dfa8-469c-9b78-3c260a0191aa as the min replicated index is 4. Deletion is not allowed in this container yet.
2019-10-18 05:11:37,444 [Command processor thread] INFO  commandhandler.DeleteBlocksCommandHandler (DeleteBlocksCommandHandler.java:handle(106)) - Start to delete container blocks, TXIDs=[1(2)], numOfContainers=1, numOfBlocks=1
2019-10-18 05:11:37,445 [Command processor thread] INFO  commandhandler.DeleteBlocksCommandHandler (DeleteBlocksCommandHandler.java:handle(106)) - Start to delete container blocks, TXIDs=[1(0)], numOfContainers=1, numOfBlocks=1
2019-10-18 05:11:37,456 [pool-7-thread-2] INFO  commands.RetriableDatanodeEventWatcher (RetriableDatanodeEventWatcher.java:onTimeout(47)) - RetriableDatanodeCommand type=deleteBlocksCommand with id=1571375495458 timed out. Retrying.
2019-10-18 05:11:37,457 [pool-7-thread-1] INFO  commands.RetriableDatanodeEventWatcher (RetriableDatanodeEventWatcher.java:onTimeout(47)) - RetriableDatanodeCommand type=deleteBlocksCommand with id=1571375495459 timed out. Retrying.
2019-10-18 05:11:37,457 [pool-7-thread-1] INFO  commands.RetriableDatanodeEventWatcher (RetriableDatanodeEventWatcher.java:onTimeout(47)) - RetriableDatanodeCommand type=deleteBlocksCommand with id=1571375495457 timed out. Retrying.
2019-10-18 05:11:37,457 [SCMBlockDeletingService#0] INFO  block.SCMBlockDeletingService (SCMBlockDeletingService.java:call(184)) - Totally added 1 delete blocks command for 1 datanodes, task elapsed time: 0ms
2019-10-18 05:11:37,549 [EventQueue-DeleteBlockStatusForEventWatcher$$Lambda$30/637241618] WARN  events.EventWatcher (EventWatcher.java:lambda$start$0(110)) - Completion event without active lease. Id=1571375495456
2019-10-18 05:11:37,884 [Thread-549] INFO  client.GrpcClientProtocolService (GrpcClientProtocolService.java:lambda$processClientRequest$0(278)) - Failed RaftClientRequest:client-46808F7408E0->06992730-799e-49b1-b4b4-a9e995f4f1fe@group-3C260A0191AA, cid=10, seq=0, Watch-ALL_COMMITTED(6), Message:<EMPTY>, reply=RaftClientReply:client-46808F7408E0->06992730-799e-49b1-b4b4-a9e995f4f1fe@group-3C260A0191AA, cid=10, FAILED org.apache.ratis.protocol.NotReplicatedException: Request with call Id 10 and log index 6 is not yet replicated to ALL_COMMITTED, logIndex=6, commits[06992730-799e-49b1-b4b4-a9e995f4f1fe:c10, e63c905b-6e24-4a59-beee-02f8929d0b77:c10, 56eab7d4-40e2-4b28-9c72-53449258b8a2:c4]
2019-10-18 05:11:37,898 [BlockDeletingService#2] WARN  background.BlockDeletingService (BlockDeletingService.java:isDeletionAllowed(187)) - Close Container log Index 6 is not replicated across allthe servers in the pipeline 7b6774a4-dfa8-469c-9b78-3c260a0191aa as the min replicated index is 4. Deletion is not allowed in this container yet.
2019-10-18 05:11:37,899 [BlockDeletingService#2] WARN  background.BlockDeletingService (BlockDeletingService.java:isDeletionAllowed(187)) - Close Container log Index 6 is not replicated across allthe servers in the pipeline 7b6774a4-dfa8-469c-9b78-3c260a0191aa as the min replicated index is 4. Deletion is not allowed in this container yet.
2019-10-18 05:11:38,150 [Datanode State Machine Thread - 0] INFO  ozoneimpl.OzoneContainer (OzoneContainer.java:start(213)) - Attempting to start container services.
2019-10-18 05:11:38,150 [Datanode State Machine Thread - 0] INFO  ozoneimpl.OzoneContainer (OzoneContainer.java:startContainerScrub(177)) - Background container scanner has been disabled.
2019-10-18 05:11:38,150 [Datanode State Machine Thread - 0] INFO  ratis.XceiverServerRatis (XceiverServerRatis.java:start(418)) - Starting XceiverServerRatis 56eab7d4-40e2-4b28-9c72-53449258b8a2 at port 37820
2019-10-18 05:11:38,163 [Datanode State Machine Thread - 0] INFO  impl.RaftServerImpl (RaftServerImpl.java:start(195)) - 56eab7d4-40e2-4b28-9c72-53449258b8a2@group-7DC0B237361C: start as a follower, conf=0: [56eab7d4-40e2-4b28-9c72-53449258b8a2:192.168.69.125:37820], old=null
2019-10-18 05:11:38,165 [ForkJoinPool.commonPool-worker-0] INFO  impl.RaftServerImpl (RaftServerImpl.java:start(195)) - 56eab7d4-40e2-4b28-9c72-53449258b8a2@group-3C260A0191AA: start as a follower, conf=0: [e63c905b-6e24-4a59-beee-02f8929d0b77:192.168.69.125:42235, 56eab7d4-40e2-4b28-9c72-53449258b8a2:192.168.69.125:37820, 06992730-799e-49b1-b4b4-a9e995f4f1fe:192.168.69.125:34681], old=null
2019-10-18 05:11:38,165 [Datanode State Machine Thread - 0] INFO  impl.RaftServerImpl (RaftServerImpl.java:setRole(184)) - 56eab7d4-40e2-4b28-9c72-53449258b8a2@group-7DC0B237361C: changes role from      null to FOLLOWER at term 1 for startAsFollower
2019-10-18 05:11:38,165 [ForkJoinPool.commonPool-worker-0] INFO  impl.RaftServerImpl (RaftServerImpl.java:setRole(184)) - 56eab7d4-40e2-4b28-9c72-53449258b8a2@group-3C260A0191AA: changes role from      null to FOLLOWER at term 2 for startAsFollower
2019-10-18 05:11:38,165 [Datanode State Machine Thread - 0] INFO  impl.RoleInfo (RoleInfo.java:updateAndGet(143)) - 56eab7d4-40e2-4b28-9c72-53449258b8a2: start FollowerState
2019-10-18 05:11:38,165 [ForkJoinPool.commonPool-worker-0] INFO  impl.RoleInfo (RoleInfo.java:updateAndGet(143)) - 56eab7d4-40e2-4b28-9c72-53449258b8a2: start FollowerState
2019-10-18 05:11:38,166 [ForkJoinPool.commonPool-worker-0] INFO  util.JmxRegister (JmxRegister.java:tryRegister(44)) - Successfully registered JMX Bean with object name Ratis:service=RaftServer,group=group-3C260A0191AA,id=56eab7d4-40e2-4b28-9c72-53449258b8a2
2019-10-18 05:11:38,166 [Datanode State Machine Thread - 0] INFO  util.JmxRegister (JmxRegister.java:tryRegister(44)) - Successfully registered JMX Bean with object name Ratis:service=RaftServer,group=group-7DC0B237361C,id=56eab7d4-40e2-4b28-9c72-53449258b8a2
2019-10-18 05:11:38,168 [Datanode State Machine Thread - 0] INFO  impl.RaftServerProxy (RaftServerProxy.java:lambda$start$3(299)) - 56eab7d4-40e2-4b28-9c72-53449258b8a2: start RPC server
2019-10-18 05:11:38,171 [Datanode State Machine Thread - 0] INFO  server.GrpcService (GrpcService.java:startImpl(158)) - 56eab7d4-40e2-4b28-9c72-53449258b8a2: GrpcService started, listening on 0.0.0.0/0.0.0.0:37820
2019-10-18 05:11:38,237 [Thread-554] INFO  impl.FollowerState (FollowerState.java:run(108)) - 56eab7d4-40e2-4b28-9c72-53449258b8a2@group-3C260A0191AA-FollowerState: change to CANDIDATE, lastRpcTime:71ms, electionTimeout:71ms
2019-10-18 05:11:38,237 [Thread-554] INFO  impl.RoleInfo (RoleInfo.java:shutdownFollowerState(121)) - 56eab7d4-40e2-4b28-9c72-53449258b8a2: shutdown FollowerState
2019-10-18 05:11:38,237 [Thread-554] INFO  impl.RaftServerImpl (RaftServerImpl.java:setRole(184)) - 56eab7d4-40e2-4b28-9c72-53449258b8a2@group-3C260A0191AA: changes role from  FOLLOWER to CANDIDATE at term 2 for changeToCandidate
2019-10-18 05:11:38,238 [Thread-554] INFO  impl.RoleInfo (RoleInfo.java:updateAndGet(143)) - 56eab7d4-40e2-4b28-9c72-53449258b8a2: start LeaderElection
2019-10-18 05:11:38,255 [56eab7d4-40e2-4b28-9c72-53449258b8a2@group-3C260A0191AA-LeaderElection8] INFO  impl.LeaderElection (LeaderElection.java:askForVotes(178)) - 56eab7d4-40e2-4b28-9c72-53449258b8a2@group-3C260A0191AA-LeaderElection8: begin an election at term 3 for 0: [e63c905b-6e24-4a59-beee-02f8929d0b77:192.168.69.125:42235, 56eab7d4-40e2-4b28-9c72-53449258b8a2:192.168.69.125:37820, 06992730-799e-49b1-b4b4-a9e995f4f1fe:192.168.69.125:34681], old=null
2019-10-18 05:11:38,270 [grpc-default-executor-1] INFO  impl.RaftServerImpl (ServerState.java:setLeader(256)) - 06992730-799e-49b1-b4b4-a9e995f4f1fe@group-3C260A0191AA: change Leader from 06992730-799e-49b1-b4b4-a9e995f4f1fe to null at term 3 for updateCurrentTerm
2019-10-18 05:11:38,270 [grpc-default-executor-5] INFO  impl.RaftServerImpl (ServerState.java:setLeader(256)) - e63c905b-6e24-4a59-beee-02f8929d0b77@group-3C260A0191AA: change Leader from 06992730-799e-49b1-b4b4-a9e995f4f1fe to null at term 3 for updateCurrentTerm
2019-10-18 05:11:38,271 [grpc-default-executor-1] INFO  impl.RaftServerImpl (RaftServerImpl.java:setRole(184)) - 06992730-799e-49b1-b4b4-a9e995f4f1fe@group-3C260A0191AA: changes role from    LEADER to FOLLOWER at term 3 for recognizeCandidate:56eab7d4-40e2-4b28-9c72-53449258b8a2
2019-10-18 05:11:38,271 [grpc-default-executor-5] INFO  impl.RaftServerImpl (RaftServerImpl.java:setRole(184)) - e63c905b-6e24-4a59-beee-02f8929d0b77@group-3C260A0191AA: changes role from  FOLLOWER to FOLLOWER at term 3 for recognizeCandidate:56eab7d4-40e2-4b28-9c72-53449258b8a2
2019-10-18 05:11:38,271 [grpc-default-executor-1] INFO  impl.RoleInfo (RoleInfo.java:shutdownLeaderState(104)) - 06992730-799e-49b1-b4b4-a9e995f4f1fe: shutdown LeaderState
2019-10-18 05:11:38,271 [grpc-default-executor-5] INFO  impl.RoleInfo (RoleInfo.java:shutdownFollowerState(121)) - e63c905b-6e24-4a59-beee-02f8929d0b77: shutdown FollowerState
2019-10-18 05:11:38,272 [org.apache.ratis.server.impl.LogAppender$AppenderDaemon$$Lambda$404/461107654@2ad7c23b] WARN  server.GrpcLogAppender (GrpcLogAppender.java:mayWait(149)) - 06992730-799e-49b1-b4b4-a9e995f4f1fe@group-3C260A0191AA->e63c905b-6e24-4a59-beee-02f8929d0b77-GrpcLogAppender: Wait interrupted by java.lang.InterruptedException
2019-10-18 05:11:38,272 [grpc-default-executor-5] INFO  impl.RoleInfo (RoleInfo.java:updateAndGet(143)) - e63c905b-6e24-4a59-beee-02f8929d0b77: start FollowerState
2019-10-18 05:11:38,272 [Thread-229] INFO  impl.FollowerState (FollowerState.java:run(117)) - e63c905b-6e24-4a59-beee-02f8929d0b77@group-3C260A0191AA-FollowerState was interrupted: java.lang.InterruptedException: sleep interrupted
2019-10-18 05:11:38,273 [grpc-default-executor-1] INFO  impl.PendingRequests (PendingRequests.java:sendNotLeaderResponses(202)) - 06992730-799e-49b1-b4b4-a9e995f4f1fe@group-3C260A0191AA-PendingRequests: sendNotLeaderResponses
2019-10-18 05:11:38,273 [org.apache.ratis.server.impl.LogAppender$AppenderDaemon$$Lambda$404/461107654@7c841ae1] WARN  server.GrpcLogAppender (GrpcLogAppender.java:mayWait(149)) - 06992730-799e-49b1-b4b4-a9e995f4f1fe@group-3C260A0191AA->56eab7d4-40e2-4b28-9c72-53449258b8a2-GrpcLogAppender: Wait interrupted by java.lang.InterruptedException
2019-10-18 05:11:38,279 [grpc-default-executor-2] INFO  server.GrpcServerProtocolService (GrpcServerProtocolService.java:onCompleted(113)) - e63c905b-6e24-4a59-beee-02f8929d0b77: Completed APPEND_ENTRIES, lastRequest: 06992730-799e-49b1-b4b4-a9e995f4f1fe->e63c905b-6e24-4a59-beee-02f8929d0b77#51-t2, previous=(t:2, i:10), leaderCommit=10, initializing? false, entries: <empty>
2019-10-18 05:11:38,280 [Thread-561] INFO  client.GrpcClientProtocolService (GrpcClientProtocolService.java:lambda$processClientRequest$0(278)) - Failed RaftClientRequest:client-46808F7408E0->06992730-799e-49b1-b4b4-a9e995f4f1fe@group-3C260A0191AA, cid=10, seq=0, Watch-ALL_COMMITTED(6), Message:<EMPTY>, reply=RaftClientReply:client-46808F7408E0->06992730-799e-49b1-b4b4-a9e995f4f1fe@group-3C260A0191AA, cid=10, FAILED org.apache.ratis.protocol.NotLeaderException: Server 06992730-799e-49b1-b4b4-a9e995f4f1fe@group-3C260A0191AA is not the leader, logIndex=0, commits[06992730-799e-49b1-b4b4-a9e995f4f1fe:c10, e63c905b-6e24-4a59-beee-02f8929d0b77:c10, 56eab7d4-40e2-4b28-9c72-53449258b8a2:c4]
2019-10-18 05:11:38,282 [grpc-default-executor-1] INFO  impl.RoleInfo (RoleInfo.java:updateAndGet(143)) - 06992730-799e-49b1-b4b4-a9e995f4f1fe: start FollowerState
2019-10-18 05:11:38,282 [grpc-default-executor-6] INFO  server.GrpcLogAppender (GrpcLogAppender.java:onCompleted(308)) - 06992730-799e-49b1-b4b4-a9e995f4f1fe@group-3C260A0191AA->e63c905b-6e24-4a59-beee-02f8929d0b77-AppendLogResponseHandler: follower responses appendEntries COMPLETED
2019-10-18 05:11:38,288 [grpc-default-executor-6] INFO  impl.FollowerInfo (FollowerInfo.java:lambda$new$0(51)) - 06992730-799e-49b1-b4b4-a9e995f4f1fe@group-3C260A0191AA->e63c905b-6e24-4a59-beee-02f8929d0b77: nextIndex: updateUnconditionally 11 -> 10
2019-10-18 05:11:38,295 [56eab7d4-40e2-4b28-9c72-53449258b8a2@group-3C260A0191AA-LeaderElection8] INFO  impl.LeaderElection (LeaderElection.java:logAndReturn(56)) - 56eab7d4-40e2-4b28-9c72-53449258b8a2@group-3C260A0191AA-LeaderElection8: Election REJECTED; received 2 response(s) [56eab7d4-40e2-4b28-9c72-53449258b8a2<-e63c905b-6e24-4a59-beee-02f8929d0b77#0:FAIL-t3, 56eab7d4-40e2-4b28-9c72-53449258b8a2<-06992730-799e-49b1-b4b4-a9e995f4f1fe#0:FAIL-t3] and 0 exception(s); 56eab7d4-40e2-4b28-9c72-53449258b8a2@group-3C260A0191AA:t3, leader=null, voted=56eab7d4-40e2-4b28-9c72-53449258b8a2, raftlog=56eab7d4-40e2-4b28-9c72-53449258b8a2@group-3C260A0191AA-SegmentedRaftLog:OPENED:c3,f4,i4, conf=0: [e63c905b-6e24-4a59-beee-02f8929d0b77:192.168.69.125:42235, 56eab7d4-40e2-4b28-9c72-53449258b8a2:192.168.69.125:37820, 06992730-799e-49b1-b4b4-a9e995f4f1fe:192.168.69.125:34681], old=null
2019-10-18 05:11:38,296 [56eab7d4-40e2-4b28-9c72-53449258b8a2@group-3C260A0191AA-LeaderElection8] INFO  impl.RaftServerImpl (RaftServerImpl.java:setRole(184)) - 56eab7d4-40e2-4b28-9c72-53449258b8a2@group-3C260A0191AA: changes role from CANDIDATE to FOLLOWER at term 3 for DISCOVERED_A_NEW_TERM
2019-10-18 05:11:38,296 [56eab7d4-40e2-4b28-9c72-53449258b8a2@group-3C260A0191AA-LeaderElection8] INFO  impl.RoleInfo (RoleInfo.java:shutdownLeaderElection(134)) - 56eab7d4-40e2-4b28-9c72-53449258b8a2: shutdown LeaderElection
2019-10-18 05:11:38,296 [56eab7d4-40e2-4b28-9c72-53449258b8a2@group-3C260A0191AA-LeaderElection8] INFO  impl.RoleInfo (RoleInfo.java:updateAndGet(143)) - 56eab7d4-40e2-4b28-9c72-53449258b8a2: start FollowerState
2019-10-18 05:11:38,342 [Thread-553] INFO  impl.FollowerState (FollowerState.java:run(108)) - 56eab7d4-40e2-4b28-9c72-53449258b8a2@group-7DC0B237361C-FollowerState: change to CANDIDATE, lastRpcTime:176ms, electionTimeout:176ms
2019-10-18 05:11:38,343 [Thread-553] INFO  impl.RoleInfo (RoleInfo.java:shutdownFollowerState(121)) - 56eab7d4-40e2-4b28-9c72-53449258b8a2: shutdown FollowerState
2019-10-18 05:11:38,343 [Thread-553] INFO  impl.RaftServerImpl (RaftServerImpl.java:setRole(184)) - 56eab7d4-40e2-4b28-9c72-53449258b8a2@group-7DC0B237361C: changes role from  FOLLOWER to CANDIDATE at term 1 for changeToCandidate
2019-10-18 05:11:38,344 [Thread-553] INFO  impl.RoleInfo (RoleInfo.java:updateAndGet(143)) - 56eab7d4-40e2-4b28-9c72-53449258b8a2: start LeaderElection
2019-10-18 05:11:38,359 [56eab7d4-40e2-4b28-9c72-53449258b8a2@group-7DC0B237361C-LeaderElection9] INFO  impl.LeaderElection (LeaderElection.java:askForVotes(178)) - 56eab7d4-40e2-4b28-9c72-53449258b8a2@group-7DC0B237361C-LeaderElection9: begin an election at term 2 for 0: [56eab7d4-40e2-4b28-9c72-53449258b8a2:192.168.69.125:37820], old=null
2019-10-18 05:11:38,359 [56eab7d4-40e2-4b28-9c72-53449258b8a2@group-7DC0B237361C-LeaderElection9] INFO  impl.RoleInfo (RoleInfo.java:shutdownLeaderElection(134)) - 56eab7d4-40e2-4b28-9c72-53449258b8a2: shutdown LeaderElection
2019-10-18 05:11:38,359 [56eab7d4-40e2-4b28-9c72-53449258b8a2@group-7DC0B237361C-LeaderElection9] INFO  impl.RaftServerImpl (RaftServerImpl.java:setRole(184)) - 56eab7d4-40e2-4b28-9c72-53449258b8a2@group-7DC0B237361C: changes role from CANDIDATE to LEADER at term 2 for changeToLeader
2019-10-18 05:11:38,359 [56eab7d4-40e2-4b28-9c72-53449258b8a2@group-7DC0B237361C-LeaderElection9] INFO  impl.RaftServerImpl (ServerState.java:setLeader(256)) - 56eab7d4-40e2-4b28-9c72-53449258b8a2@group-7DC0B237361C: change Leader from null to 56eab7d4-40e2-4b28-9c72-53449258b8a2 at term 2 for becomeLeader, leader elected after 2251ms
2019-10-18 05:11:38,360 [56eab7d4-40e2-4b28-9c72-53449258b8a2@group-7DC0B237361C-LeaderElection9] INFO  server.RaftServerConfigKeys (ConfUtils.java:logGet(43)) - raft.server.staging.catchup.gap = 1000 (default)
2019-10-18 05:11:38,360 [56eab7d4-40e2-4b28-9c72-53449258b8a2@group-7DC0B237361C-LeaderElection9] INFO  server.RaftServerConfigKeys (ConfUtils.java:logGet(43)) - raft.server.rpc.sleep.time = 25ms (default)
2019-10-18 05:11:38,361 [56eab7d4-40e2-4b28-9c72-53449258b8a2@group-7DC0B237361C-LeaderElection9] INFO  server.RaftServerConfigKeys (ConfUtils.java:logGet(43)) - raft.server.write.element-limit = 4096 (default)
2019-10-18 05:11:38,361 [56eab7d4-40e2-4b28-9c72-53449258b8a2@group-7DC0B237361C-LeaderElection9] INFO  server.RaftServerConfigKeys (ConfUtils.java:logGet(43)) - raft.server.watch.timeout = 10s (default)
2019-10-18 05:11:38,361 [56eab7d4-40e2-4b28-9c72-53449258b8a2@group-7DC0B237361C-LeaderElection9] INFO  server.RaftServerConfigKeys (ConfUtils.java:logGet(43)) - raft.server.watch.timeout.denomination = 1s (default)
2019-10-18 05:11:38,361 [56eab7d4-40e2-4b28-9c72-53449258b8a2@group-7DC0B237361C-LeaderElection9] INFO  server.RaftServerConfigKeys (ConfUtils.java:logGet(43)) - raft.server.watch.element-limit = 65536 (default)
2019-10-18 05:11:38,361 [56eab7d4-40e2-4b28-9c72-53449258b8a2@group-7DC0B237361C-LeaderElection9] INFO  impl.RoleInfo (RoleInfo.java:updateAndGet(143)) - 56eab7d4-40e2-4b28-9c72-53449258b8a2: start LeaderState
2019-10-18 05:11:38,362 [56eab7d4-40e2-4b28-9c72-53449258b8a2@group-7DC0B237361C-LeaderElection9] INFO  segmented.SegmentedRaftLogWorker (SegmentedRaftLogWorker.java:rollLogSegment(390)) - 56eab7d4-40e2-4b28-9c72-53449258b8a2@group-7DC0B237361C-SegmentedRaftLogWorker: Rolling segment log-0_0 to index:0
2019-10-18 05:11:38,365 [56eab7d4-40e2-4b28-9c72-53449258b8a2@group-7DC0B237361C-LeaderElection9] INFO  impl.RaftServerImpl (ServerState.java:setRaftConf(357)) - 56eab7d4-40e2-4b28-9c72-53449258b8a2@group-7DC0B237361C: set configuration 1: [56eab7d4-40e2-4b28-9c72-53449258b8a2:192.168.69.125:37820], old=null at 1
2019-10-18 05:11:38,366 [56eab7d4-40e2-4b28-9c72-53449258b8a2@group-7DC0B237361C-SegmentedRaftLogWorker] INFO  segmented.SegmentedRaftLogWorker (SegmentedRaftLogWorker.java:execute(533)) - 56eab7d4-40e2-4b28-9c72-53449258b8a2@group-7DC0B237361C-SegmentedRaftLogWorker: Rolled log segment from /workdir/hadoop-ozone/integration-test/target/test-dir/MiniOzoneClusterImpl-e8489dd8-f004-4b8d-ba6f-64c0d641aa36/datanode-2/data/ratis/ddb1b4d2-b4fd-4588-b33e-7dc0b237361c/current/log_inprogress_0 to /workdir/hadoop-ozone/integration-test/target/test-dir/MiniOzoneClusterImpl-e8489dd8-f004-4b8d-ba6f-64c0d641aa36/datanode-2/data/ratis/ddb1b4d2-b4fd-4588-b33e-7dc0b237361c/current/log_0-0
2019-10-18 05:11:38,403 [56eab7d4-40e2-4b28-9c72-53449258b8a2@group-7DC0B237361C-SegmentedRaftLogWorker] INFO  segmented.SegmentedRaftLogWorker (SegmentedRaftLogWorker.java:execute(576)) - 56eab7d4-40e2-4b28-9c72-53449258b8a2@group-7DC0B237361C-SegmentedRaftLogWorker: created new log segment /workdir/hadoop-ozone/integration-test/target/test-dir/MiniOzoneClusterImpl-e8489dd8-f004-4b8d-ba6f-64c0d641aa36/datanode-2/data/ratis/ddb1b4d2-b4fd-4588-b33e-7dc0b237361c/current/log_inprogress_1
2019-10-18 05:11:38,432 [java.util.concurrent.ThreadPoolExecutor$Worker@4eabad00[State = -1, empty queue]] WARN  server.GrpcLogAppender (GrpcLogAppender.java:timeoutAppendRequest(209)) - 06992730-799e-49b1-b4b4-a9e995f4f1fe@group-3C260A0191AA->56eab7d4-40e2-4b28-9c72-53449258b8a2-GrpcLogAppender: appendEntries Timeout, request=06992730-799e-49b1-b4b4-a9e995f4f1fe->56eab7d4-40e2-4b28-9c72-53449258b8a2#51-t2, previous=(t:2, i:10), leaderCommit=10, initializing? false, entries: <empty>
2019-10-18 05:11:38,446 [Command processor thread] INFO  commandhandler.DeleteBlocksCommandHandler (DeleteBlocksCommandHandler.java:handle(106)) - Start to delete container blocks, TXIDs=[1(2)], numOfContainers=1, numOfBlocks=1
2019-10-18 05:11:38,457 [pool-7-thread-1] INFO  commands.RetriableDatanodeEventWatcher (RetriableDatanodeEventWatcher.java:onTimeout(47)) - RetriableDatanodeCommand type=deleteBlocksCommand with id=1571375495459 timed out. Retrying.
2019-10-18 05:11:38,457 [pool-7-thread-1] INFO  commands.RetriableDatanodeEventWatcher (RetriableDatanodeEventWatcher.java:onTimeout(47)) - RetriableDatanodeCommand type=deleteBlocksCommand with id=1571375495457 timed out. Retrying.
2019-10-18 05:11:38,457 [pool-7-thread-2] INFO  commands.RetriableDatanodeEventWatcher (RetriableDatanodeEventWatcher.java:onTimeout(47)) - RetriableDatanodeCommand type=deleteBlocksCommand with id=1571375495460 timed out. Retrying.
2019-10-18 05:11:38,459 [SCMBlockDeletingService#0] INFO  block.SCMBlockDeletingService (SCMBlockDeletingService.java:call(184)) - Totally added 1 delete blocks command for 1 datanodes, task elapsed time: 0ms
2019-10-18 05:11:38,475 [Thread-564] INFO  impl.FollowerState (FollowerState.java:run(108)) - 56eab7d4-40e2-4b28-9c72-53449258b8a2@group-3C260A0191AA-FollowerState: change to CANDIDATE, lastRpcTime:179ms, electionTimeout:179ms
2019-10-18 05:11:38,475 [Thread-564] INFO  impl.RoleInfo (RoleInfo.java:shutdownFollowerState(121)) - 56eab7d4-40e2-4b28-9c72-53449258b8a2: shutdown FollowerState
2019-10-18 05:11:38,476 [Thread-564] INFO  impl.RaftServerImpl (RaftServerImpl.java:setRole(184)) - 56eab7d4-40e2-4b28-9c72-53449258b8a2@group-3C260A0191AA: changes role from  FOLLOWER to CANDIDATE at term 3 for changeToCandidate
2019-10-18 05:11:38,476 [Thread-564] INFO  impl.RoleInfo (RoleInfo.java:updateAndGet(143)) - 56eab7d4-40e2-4b28-9c72-53449258b8a2: start LeaderElection
2019-10-18 05:11:38,490 [56eab7d4-40e2-4b28-9c72-53449258b8a2@group-3C260A0191AA-LeaderElection10] INFO  impl.LeaderElection (LeaderElection.java:askForVotes(178)) - 56eab7d4-40e2-4b28-9c72-53449258b8a2@group-3C260A0191AA-LeaderElection10: begin an election at term 4 for 0: [e63c905b-6e24-4a59-beee-02f8929d0b77:192.168.69.125:42235, 56eab7d4-40e2-4b28-9c72-53449258b8a2:192.168.69.125:37820, 06992730-799e-49b1-b4b4-a9e995f4f1fe:192.168.69.125:34681], old=null
2019-10-18 05:11:38,493 [grpc-default-executor-1] INFO  impl.RaftServerImpl (RaftServerImpl.java:setRole(184)) - e63c905b-6e24-4a59-beee-02f8929d0b77@group-3C260A0191AA: changes role from  FOLLOWER to FOLLOWER at term 4 for recognizeCandidate:56eab7d4-40e2-4b28-9c72-53449258b8a2
2019-10-18 05:11:38,493 [grpc-default-executor-5] INFO  impl.RaftServerImpl (RaftServerImpl.java:setRole(184)) - 06992730-799e-49b1-b4b4-a9e995f4f1fe@group-3C260A0191AA: changes role from  FOLLOWER to FOLLOWER at term 4 for recognizeCandidate:56eab7d4-40e2-4b28-9c72-53449258b8a2
2019-10-18 05:11:38,493 [grpc-default-executor-1] INFO  impl.RoleInfo (RoleInfo.java:shutdownFollowerState(121)) - e63c905b-6e24-4a59-beee-02f8929d0b77: shutdown FollowerState
2019-10-18 05:11:38,494 [grpc-default-executor-5] INFO  impl.RoleInfo (RoleInfo.java:shutdownFollowerState(121)) - 06992730-799e-49b1-b4b4-a9e995f4f1fe: shutdown FollowerState
2019-10-18 05:11:38,494 [Thread-560] INFO  impl.FollowerState (FollowerState.java:run(117)) - e63c905b-6e24-4a59-beee-02f8929d0b77@group-3C260A0191AA-FollowerState was interrupted: java.lang.InterruptedException: sleep interrupted
2019-10-18 05:11:38,494 [grpc-default-executor-1] INFO  impl.RoleInfo (RoleInfo.java:updateAndGet(143)) - e63c905b-6e24-4a59-beee-02f8929d0b77: start FollowerState
2019-10-18 05:11:38,494 [grpc-default-executor-5] INFO  impl.RoleInfo (RoleInfo.java:updateAndGet(143)) - 06992730-799e-49b1-b4b4-a9e995f4f1fe: start FollowerState
2019-10-18 05:11:38,494 [Thread-562] INFO  impl.FollowerState (FollowerState.java:run(117)) - 06992730-799e-49b1-b4b4-a9e995f4f1fe@group-3C260A0191AA-FollowerState was interrupted: java.lang.InterruptedException: sleep interrupted
2019-10-18 05:11:38,510 [56eab7d4-40e2-4b28-9c72-53449258b8a2@group-3C260A0191AA-LeaderElection10] INFO  impl.LeaderElection (LeaderElection.java:logAndReturn(56)) - 56eab7d4-40e2-4b28-9c72-53449258b8a2@group-3C260A0191AA-LeaderElection10: Election REJECTED; received 2 response(s) [56eab7d4-40e2-4b28-9c72-53449258b8a2<-e63c905b-6e24-4a59-beee-02f8929d0b77#0:FAIL-t4, 56eab7d4-40e2-4b28-9c72-53449258b8a2<-06992730-799e-49b1-b4b4-a9e995f4f1fe#0:FAIL-t4] and 0 exception(s); 56eab7d4-40e2-4b28-9c72-53449258b8a2@group-3C260A0191AA:t4, leader=null, voted=56eab7d4-40e2-4b28-9c72-53449258b8a2, raftlog=56eab7d4-40e2-4b28-9c72-53449258b8a2@group-3C260A0191AA-SegmentedRaftLog:OPENED:c3,f4,i4, conf=0: [e63c905b-6e24-4a59-beee-02f8929d0b77:192.168.69.125:42235, 56eab7d4-40e2-4b28-9c72-53449258b8a2:192.168.69.125:37820, 06992730-799e-49b1-b4b4-a9e995f4f1fe:192.168.69.125:34681], old=null
2019-10-18 05:11:38,510 [56eab7d4-40e2-4b28-9c72-53449258b8a2@group-3C260A0191AA-LeaderElection10] INFO  impl.RaftServerImpl (RaftServerImpl.java:setRole(184)) - 56eab7d4-40e2-4b28-9c72-53449258b8a2@group-3C260A0191AA: changes role from CANDIDATE to FOLLOWER at term 4 for DISCOVERED_A_NEW_TERM
2019-10-18 05:11:38,511 [56eab7d4-40e2-4b28-9c72-53449258b8a2@group-3C260A0191AA-LeaderElection10] INFO  impl.RoleInfo (RoleInfo.java:shutdownLeaderElection(134)) - 56eab7d4-40e2-4b28-9c72-53449258b8a2: shutdown LeaderElection
2019-10-18 05:11:38,512 [56eab7d4-40e2-4b28-9c72-53449258b8a2@group-3C260A0191AA-LeaderElection10] INFO  impl.RoleInfo (RoleInfo.java:updateAndGet(143)) - 56eab7d4-40e2-4b28-9c72-53449258b8a2: start FollowerState
2019-10-18 05:11:38,549 [Thread-572] INFO  impl.FollowerState (FollowerState.java:run(108)) - 56eab7d4-40e2-4b28-9c72-53449258b8a2@group-3C260A0191AA-FollowerState: change to CANDIDATE, lastRpcTime:37ms, electionTimeout:36ms
2019-10-18 05:11:38,550 [Thread-572] INFO  impl.RoleInfo (RoleInfo.java:shutdownFollowerState(121)) - 56eab7d4-40e2-4b28-9c72-53449258b8a2: shutdown FollowerState
2019-10-18 05:11:38,550 [Thread-572] INFO  impl.RaftServerImpl (RaftServerImpl.java:setRole(184)) - 56eab7d4-40e2-4b28-9c72-53449258b8a2@group-3C260A0191AA: changes role from  FOLLOWER to CANDIDATE at term 4 for changeToCandidate
2019-10-18 05:11:38,550 [Thread-572] INFO  impl.RoleInfo (RoleInfo.java:updateAndGet(143)) - 56eab7d4-40e2-4b28-9c72-53449258b8a2: start LeaderElection
2019-10-18 05:11:38,552 [EventQueue-DeleteBlockStatusForEventWatcher$$Lambda$30/637241618] WARN  events.EventWatcher (EventWatcher.java:lambda$start$0(110)) - Completion event without active lease. Id=1571375495458
2019-10-18 05:11:38,563 [56eab7d4-40e2-4b28-9c72-53449258b8a2@group-3C260A0191AA-LeaderElection11] INFO  impl.LeaderElection (LeaderElection.java:askForVotes(178)) - 56eab7d4-40e2-4b28-9c72-53449258b8a2@group-3C260A0191AA-LeaderElection11: begin an election at term 5 for 0: [e63c905b-6e24-4a59-beee-02f8929d0b77:192.168.69.125:42235, 56eab7d4-40e2-4b28-9c72-53449258b8a2:192.168.69.125:37820, 06992730-799e-49b1-b4b4-a9e995f4f1fe:192.168.69.125:34681], old=null
2019-10-18 05:11:38,567 [grpc-default-executor-5] INFO  impl.RaftServerImpl (RaftServerImpl.java:setRole(184)) - e63c905b-6e24-4a59-beee-02f8929d0b77@group-3C260A0191AA: changes role from  FOLLOWER to FOLLOWER at term 5 for recognizeCandidate:56eab7d4-40e2-4b28-9c72-53449258b8a2
2019-10-18 05:11:38,567 [grpc-default-executor-1] INFO  impl.RaftServerImpl (RaftServerImpl.java:setRole(184)) - 06992730-799e-49b1-b4b4-a9e995f4f1fe@group-3C260A0191AA: changes role from  FOLLOWER to FOLLOWER at term 5 for recognizeCandidate:56eab7d4-40e2-4b28-9c72-53449258b8a2
2019-10-18 05:11:38,567 [grpc-default-executor-5] INFO  impl.RoleInfo (RoleInfo.java:shutdownFollowerState(121)) - e63c905b-6e24-4a59-beee-02f8929d0b77: shutdown FollowerState
2019-10-18 05:11:38,567 [grpc-default-executor-1] INFO  impl.RoleInfo (RoleInfo.java:shutdownFollowerState(121)) - 06992730-799e-49b1-b4b4-a9e995f4f1fe: shutdown FollowerState
2019-10-18 05:11:38,568 [grpc-default-executor-5] INFO  impl.RoleInfo (RoleInfo.java:updateAndGet(143)) - e63c905b-6e24-4a59-beee-02f8929d0b77: start FollowerState
2019-10-18 05:11:38,568 [Thread-570] INFO  impl.FollowerState (FollowerState.java:run(117)) - e63c905b-6e24-4a59-beee-02f8929d0b77@group-3C260A0191AA-FollowerState was interrupted: java.lang.InterruptedException: sleep interrupted
2019-10-18 05:11:38,568 [grpc-default-executor-1] INFO  impl.RoleInfo (RoleInfo.java:updateAndGet(143)) - 06992730-799e-49b1-b4b4-a9e995f4f1fe: start FollowerState
2019-10-18 05:11:38,568 [Thread-571] INFO  impl.FollowerState (FollowerState.java:run(117)) - 06992730-799e-49b1-b4b4-a9e995f4f1fe@group-3C260A0191AA-FollowerState was interrupted: java.lang.InterruptedException: sleep interrupted
2019-10-18 05:11:38,579 [56eab7d4-40e2-4b28-9c72-53449258b8a2@group-3C260A0191AA-LeaderElection11] INFO  impl.LeaderElection (LeaderElection.java:logAndReturn(56)) - 56eab7d4-40e2-4b28-9c72-53449258b8a2@group-3C260A0191AA-LeaderElection11: Election REJECTED; received 2 response(s) [56eab7d4-40e2-4b28-9c72-53449258b8a2<-e63c905b-6e24-4a59-beee-02f8929d0b77#0:FAIL-t5, 56eab7d4-40e2-4b28-9c72-53449258b8a2<-06992730-799e-49b1-b4b4-a9e995f4f1fe#0:FAIL-t5] and 0 exception(s); 56eab7d4-40e2-4b28-9c72-53449258b8a2@group-3C260A0191AA:t5, leader=null, voted=56eab7d4-40e2-4b28-9c72-53449258b8a2, raftlog=56eab7d4-40e2-4b28-9c72-53449258b8a2@group-3C260A0191AA-SegmentedRaftLog:OPENED:c3,f4,i4, conf=0: [e63c905b-6e24-4a59-beee-02f8929d0b77:192.168.69.125:42235, 56eab7d4-40e2-4b28-9c72-53449258b8a2:192.168.69.125:37820, 06992730-799e-49b1-b4b4-a9e995f4f1fe:192.168.69.125:34681], old=null
2019-10-18 05:11:38,580 [56eab7d4-40e2-4b28-9c72-53449258b8a2@group-3C260A0191AA-LeaderElection11] INFO  impl.RaftServerImpl (RaftServerImpl.java:setRole(184)) - 56eab7d4-40e2-4b28-9c72-53449258b8a2@group-3C260A0191AA: changes role from CANDIDATE to FOLLOWER at term 5 for DISCOVERED_A_NEW_TERM
2019-10-18 05:11:38,580 [56eab7d4-40e2-4b28-9c72-53449258b8a2@group-3C260A0191AA-LeaderElection11] INFO  impl.RoleInfo (RoleInfo.java:shutdownLeaderElection(134)) - 56eab7d4-40e2-4b28-9c72-53449258b8a2: shutdown LeaderElection
2019-10-18 05:11:38,581 [56eab7d4-40e2-4b28-9c72-53449258b8a2@group-3C260A0191AA-LeaderElection11] INFO  impl.RoleInfo (RoleInfo.java:updateAndGet(143)) - 56eab7d4-40e2-4b28-9c72-53449258b8a2: start FollowerState
2019-10-18 05:11:38,604 [Thread-578] INFO  impl.FollowerState (FollowerState.java:run(108)) - 56eab7d4-40e2-4b28-9c72-53449258b8a2@group-3C260A0191AA-FollowerState: change to CANDIDATE, lastRpcTime:23ms, electionTimeout:23ms
2019-10-18 05:11:38,605 [Thread-578] INFO  impl.RoleInfo (RoleInfo.java:shutdownFollowerState(121)) - 56eab7d4-40e2-4b28-9c72-53449258b8a2: shutdown FollowerState
2019-10-18 05:11:38,605 [Thread-578] INFO  impl.RaftServerImpl (RaftServerImpl.java:setRole(184)) - 56eab7d4-40e2-4b28-9c72-53449258b8a2@group-3C260A0191AA: changes role from  FOLLOWER to CANDIDATE at term 5 for changeToCandidate
2019-10-18 05:11:38,605 [Thread-578] INFO  impl.RoleInfo (RoleInfo.java:updateAndGet(143)) - 56eab7d4-40e2-4b28-9c72-53449258b8a2: start LeaderElection
2019-10-18 05:11:38,622 [56eab7d4-40e2-4b28-9c72-53449258b8a2@group-3C260A0191AA-LeaderElection12] INFO  impl.LeaderElection (LeaderElection.java:askForVotes(178)) - 56eab7d4-40e2-4b28-9c72-53449258b8a2@group-3C260A0191AA-LeaderElection12: begin an election at term 6 for 0: [e63c905b-6e24-4a59-beee-02f8929d0b77:192.168.69.125:42235, 56eab7d4-40e2-4b28-9c72-53449258b8a2:192.168.69.125:37820, 06992730-799e-49b1-b4b4-a9e995f4f1fe:192.168.69.125:34681], old=null
2019-10-18 05:11:38,627 [grpc-default-executor-1] INFO  impl.RaftServerImpl (RaftServerImpl.java:setRole(184)) - 06992730-799e-49b1-b4b4-a9e995f4f1fe@group-3C260A0191AA: changes role from  FOLLOWER to FOLLOWER at term 6 for recognizeCandidate:56eab7d4-40e2-4b28-9c72-53449258b8a2
2019-10-18 05:11:38,627 [grpc-default-executor-5] INFO  impl.RaftServerImpl (RaftServerImpl.java:setRole(184)) - e63c905b-6e24-4a59-beee-02f8929d0b77@group-3C260A0191AA: changes role from  FOLLOWER to FOLLOWER at term 6 for recognizeCandidate:56eab7d4-40e2-4b28-9c72-53449258b8a2
2019-10-18 05:11:38,627 [grpc-default-executor-1] INFO  impl.RoleInfo (RoleInfo.java:shutdownFollowerState(121)) - 06992730-799e-49b1-b4b4-a9e995f4f1fe: shutdown FollowerState
2019-10-18 05:11:38,627 [grpc-default-executor-5] INFO  impl.RoleInfo (RoleInfo.java:shutdownFollowerState(121)) - e63c905b-6e24-4a59-beee-02f8929d0b77: shutdown FollowerState
2019-10-18 05:11:38,627 [grpc-default-executor-1] INFO  impl.RoleInfo (RoleInfo.java:updateAndGet(143)) - 06992730-799e-49b1-b4b4-a9e995f4f1fe: start FollowerState
2019-10-18 05:11:38,627 [Thread-577] INFO  impl.FollowerState (FollowerState.java:run(117)) - 06992730-799e-49b1-b4b4-a9e995f4f1fe@group-3C260A0191AA-FollowerState was interrupted: java.lang.InterruptedException: sleep interrupted
2019-10-18 05:11:38,627 [grpc-default-executor-5] INFO  impl.RoleInfo (RoleInfo.java:updateAndGet(143)) - e63c905b-6e24-4a59-beee-02f8929d0b77: start FollowerState
2019-10-18 05:11:38,627 [Thread-576] INFO  impl.FollowerState (FollowerState.java:run(117)) - e63c905b-6e24-4a59-beee-02f8929d0b77@group-3C260A0191AA-FollowerState was interrupted: java.lang.InterruptedException: sleep interrupted
2019-10-18 05:11:38,650 [56eab7d4-40e2-4b28-9c72-53449258b8a2@group-3C260A0191AA-LeaderElection12] INFO  impl.LeaderElection (LeaderElection.java:logAndReturn(56)) - 56eab7d4-40e2-4b28-9c72-53449258b8a2@group-3C260A0191AA-LeaderElection12: Election REJECTED; received 2 response(s) [56eab7d4-40e2-4b28-9c72-53449258b8a2<-e63c905b-6e24-4a59-beee-02f8929d0b77#0:FAIL-t6, 56eab7d4-40e2-4b28-9c72-53449258b8a2<-06992730-799e-49b1-b4b4-a9e995f4f1fe#0:FAIL-t6] and 0 exception(s); 56eab7d4-40e2-4b28-9c72-53449258b8a2@group-3C260A0191AA:t6, leader=null, voted=56eab7d4-40e2-4b28-9c72-53449258b8a2, raftlog=56eab7d4-40e2-4b28-9c72-53449258b8a2@group-3C260A0191AA-SegmentedRaftLog:OPENED:c3,f4,i4, conf=0: [e63c905b-6e24-4a59-beee-02f8929d0b77:192.168.69.125:42235, 56eab7d4-40e2-4b28-9c72-53449258b8a2:192.168.69.125:37820, 06992730-799e-49b1-b4b4-a9e995f4f1fe:192.168.69.125:34681], old=null
2019-10-18 05:11:38,650 [56eab7d4-40e2-4b28-9c72-53449258b8a2@group-3C260A0191AA-LeaderElection12] INFO  impl.RaftServerImpl (RaftServerImpl.java:setRole(184)) - 56eab7d4-40e2-4b28-9c72-53449258b8a2@group-3C260A0191AA: changes role from CANDIDATE to FOLLOWER at term 6 for DISCOVERED_A_NEW_TERM
2019-10-18 05:11:38,652 [56eab7d4-40e2-4b28-9c72-53449258b8a2@group-3C260A0191AA-LeaderElection12] INFO  impl.RoleInfo (RoleInfo.java:shutdownLeaderElection(134)) - 56eab7d4-40e2-4b28-9c72-53449258b8a2: shutdown LeaderElection
2019-10-18 05:11:38,652 [56eab7d4-40e2-4b28-9c72-53449258b8a2@group-3C260A0191AA-LeaderElection12] INFO  impl.RoleInfo (RoleInfo.java:updateAndGet(143)) - 56eab7d4-40e2-4b28-9c72-53449258b8a2: start FollowerState
2019-10-18 05:11:38,799 [Thread-584] INFO  impl.FollowerState (FollowerState.java:run(108)) - 56eab7d4-40e2-4b28-9c72-53449258b8a2@group-3C260A0191AA-FollowerState: change to CANDIDATE, lastRpcTime:147ms, electionTimeout:146ms
2019-10-18 05:11:38,800 [Thread-584] INFO  impl.RoleInfo (RoleInfo.java:shutdownFollowerState(121)) - 56eab7d4-40e2-4b28-9c72-53449258b8a2: shutdown FollowerState
2019-10-18 05:11:38,800 [Thread-584] INFO  impl.RaftServerImpl (RaftServerImpl.java:setRole(184)) - 56eab7d4-40e2-4b28-9c72-53449258b8a2@group-3C260A0191AA: changes role from  FOLLOWER to CANDIDATE at term 6 for changeToCandidate
2019-10-18 05:11:38,801 [Thread-584] INFO  impl.RoleInfo (RoleInfo.java:updateAndGet(143)) - 56eab7d4-40e2-4b28-9c72-53449258b8a2: start LeaderElection
2019-10-18 05:11:38,816 [56eab7d4-40e2-4b28-9c72-53449258b8a2@group-3C260A0191AA-LeaderElection13] INFO  impl.LeaderElection (LeaderElection.java:askForVotes(178)) - 56eab7d4-40e2-4b28-9c72-53449258b8a2@group-3C260A0191AA-LeaderElection13: begin an election at term 7 for 0: [e63c905b-6e24-4a59-beee-02f8929d0b77:192.168.69.125:42235, 56eab7d4-40e2-4b28-9c72-53449258b8a2:192.168.69.125:37820, 06992730-799e-49b1-b4b4-a9e995f4f1fe:192.168.69.125:34681], old=null
2019-10-18 05:11:38,820 [grpc-default-executor-1] INFO  impl.RaftServerImpl (RaftServerImpl.java:setRole(184)) - 06992730-799e-49b1-b4b4-a9e995f4f1fe@group-3C260A0191AA: changes role from  FOLLOWER to FOLLOWER at term 7 for recognizeCandidate:56eab7d4-40e2-4b28-9c72-53449258b8a2
2019-10-18 05:11:38,820 [grpc-default-executor-5] INFO  impl.RaftServerImpl (RaftServerImpl.java:setRole(184)) - e63c905b-6e24-4a59-beee-02f8929d0b77@group-3C260A0191AA: changes role from  FOLLOWER to FOLLOWER at term 7 for recognizeCandidate:56eab7d4-40e2-4b28-9c72-53449258b8a2
2019-10-18 05:11:38,820 [grpc-default-executor-5] INFO  impl.RoleInfo (RoleInfo.java:shutdownFollowerState(121)) - e63c905b-6e24-4a59-beee-02f8929d0b77: shutdown FollowerState
2019-10-18 05:11:38,820 [grpc-default-executor-1] INFO  impl.RoleInfo (RoleInfo.java:shutdownFollowerState(121)) - 06992730-799e-49b1-b4b4-a9e995f4f1fe: shutdown FollowerState
2019-10-18 05:11:38,821 [Thread-583] INFO  impl.FollowerState (FollowerState.java:run(117)) - e63c905b-6e24-4a59-beee-02f8929d0b77@group-3C260A0191AA-FollowerState was interrupted: java.lang.InterruptedException: sleep interrupted
2019-10-18 05:11:38,821 [grpc-default-executor-5] INFO  impl.RoleInfo (RoleInfo.java:updateAndGet(143)) - e63c905b-6e24-4a59-beee-02f8929d0b77: start FollowerState
2019-10-18 05:11:38,821 [grpc-default-executor-1] INFO  impl.RoleInfo (RoleInfo.java:updateAndGet(143)) - 06992730-799e-49b1-b4b4-a9e995f4f1fe: start FollowerState
2019-10-18 05:11:38,821 [Thread-582] INFO  impl.FollowerState (FollowerState.java:run(117)) - 06992730-799e-49b1-b4b4-a9e995f4f1fe@group-3C260A0191AA-FollowerState was interrupted: java.lang.InterruptedException: sleep interrupted
2019-10-18 05:11:38,831 [56eab7d4-40e2-4b28-9c72-53449258b8a2@group-3C260A0191AA-LeaderElection13] INFO  impl.LeaderElection (LeaderElection.java:logAndReturn(56)) - 56eab7d4-40e2-4b28-9c72-53449258b8a2@group-3C260A0191AA-LeaderElection13: Election REJECTED; received 2 response(s) [56eab7d4-40e2-4b28-9c72-53449258b8a2<-e63c905b-6e24-4a59-beee-02f8929d0b77#0:FAIL-t7, 56eab7d4-40e2-4b28-9c72-53449258b8a2<-06992730-799e-49b1-b4b4-a9e995f4f1fe#0:FAIL-t7] and 0 exception(s); 56eab7d4-40e2-4b28-9c72-53449258b8a2@group-3C260A0191AA:t7, leader=null, voted=56eab7d4-40e2-4b28-9c72-53449258b8a2, raftlog=56eab7d4-40e2-4b28-9c72-53449258b8a2@group-3C260A0191AA-SegmentedRaftLog:OPENED:c3,f4,i4, conf=0: [e63c905b-6e24-4a59-beee-02f8929d0b77:192.168.69.125:42235, 56eab7d4-40e2-4b28-9c72-53449258b8a2:192.168.69.125:37820, 06992730-799e-49b1-b4b4-a9e995f4f1fe:192.168.69.125:34681], old=null
2019-10-18 05:11:38,831 [56eab7d4-40e2-4b28-9c72-53449258b8a2@group-3C260A0191AA-LeaderElection13] INFO  impl.RaftServerImpl (RaftServerImpl.java:setRole(184)) - 56eab7d4-40e2-4b28-9c72-53449258b8a2@group-3C260A0191AA: changes role from CANDIDATE to FOLLOWER at term 7 for DISCOVERED_A_NEW_TERM
2019-10-18 05:11:38,832 [56eab7d4-40e2-4b28-9c72-53449258b8a2@group-3C260A0191AA-LeaderElection13] INFO  impl.RoleInfo (RoleInfo.java:shutdownLeaderElection(134)) - 56eab7d4-40e2-4b28-9c72-53449258b8a2: shutdown LeaderElection
2019-10-18 05:11:38,833 [56eab7d4-40e2-4b28-9c72-53449258b8a2@group-3C260A0191AA-LeaderElection13] INFO  impl.RoleInfo (RoleInfo.java:updateAndGet(143)) - 56eab7d4-40e2-4b28-9c72-53449258b8a2: start FollowerState
2019-10-18 05:11:38,900 [BlockDeletingService#2] WARN  background.BlockDeletingService (BlockDeletingService.java:isDeletionAllowed(187)) - Close Container log Index 6 is not replicated across allthe servers in the pipeline 7b6774a4-dfa8-469c-9b78-3c260a0191aa as the min replicated index is 4. Deletion is not allowed in this container yet.
2019-10-18 05:11:38,901 [BlockDeletingService#2] WARN  background.BlockDeletingService (BlockDeletingService.java:isDeletionAllowed(187)) - Close Container log Index 6 is not replicated across allthe servers in the pipeline 7b6774a4-dfa8-469c-9b78-3c260a0191aa as the min replicated index is 4. Deletion is not allowed in this container yet.
2019-10-18 05:11:38,934 [Thread-590] INFO  impl.FollowerState (FollowerState.java:run(108)) - 56eab7d4-40e2-4b28-9c72-53449258b8a2@group-3C260A0191AA-FollowerState: change to CANDIDATE, lastRpcTime:101ms, electionTimeout:100ms
2019-10-18 05:11:38,935 [Thread-590] INFO  impl.RoleInfo (RoleInfo.java:shutdownFollowerState(121)) - 56eab7d4-40e2-4b28-9c72-53449258b8a2: shutdown FollowerState
2019-10-18 05:11:38,936 [Thread-590] INFO  impl.RaftServerImpl (RaftServerImpl.java:setRole(184)) - 56eab7d4-40e2-4b28-9c72-53449258b8a2@group-3C260A0191AA: changes role from  FOLLOWER to CANDIDATE at term 7 for changeToCandidate
2019-10-18 05:11:38,936 [Thread-590] INFO  impl.RoleInfo (RoleInfo.java:updateAndGet(143)) - 56eab7d4-40e2-4b28-9c72-53449258b8a2: start LeaderElection
2019-10-18 05:11:38,955 [56eab7d4-40e2-4b28-9c72-53449258b8a2@group-3C260A0191AA-LeaderElection14] INFO  impl.LeaderElection (LeaderElection.java:askForVotes(178)) - 56eab7d4-40e2-4b28-9c72-53449258b8a2@group-3C260A0191AA-LeaderElection14: begin an election at term 8 for 0: [e63c905b-6e24-4a59-beee-02f8929d0b77:192.168.69.125:42235, 56eab7d4-40e2-4b28-9c72-53449258b8a2:192.168.69.125:37820, 06992730-799e-49b1-b4b4-a9e995f4f1fe:192.168.69.125:34681], old=null
2019-10-18 05:11:38,961 [grpc-default-executor-5] INFO  impl.RaftServerImpl (RaftServerImpl.java:setRole(184)) - e63c905b-6e24-4a59-beee-02f8929d0b77@group-3C260A0191AA: changes role from  FOLLOWER to FOLLOWER at term 8 for recognizeCandidate:56eab7d4-40e2-4b28-9c72-53449258b8a2
2019-10-18 05:11:38,961 [grpc-default-executor-1] INFO  impl.RaftServerImpl (RaftServerImpl.java:setRole(184)) - 06992730-799e-49b1-b4b4-a9e995f4f1fe@group-3C260A0191AA: changes role from  FOLLOWER to FOLLOWER at term 8 for recognizeCandidate:56eab7d4-40e2-4b28-9c72-53449258b8a2
2019-10-18 05:11:38,961 [grpc-default-executor-5] INFO  impl.RoleInfo (RoleInfo.java:shutdownFollowerState(121)) - e63c905b-6e24-4a59-beee-02f8929d0b77: shutdown FollowerState
2019-10-18 05:11:38,961 [grpc-default-executor-1] INFO  impl.RoleInfo (RoleInfo.java:shutdownFollowerState(121)) - 06992730-799e-49b1-b4b4-a9e995f4f1fe: shutdown FollowerState
2019-10-18 05:11:38,962 [Thread-588] INFO  impl.FollowerState (FollowerState.java:run(117)) - e63c905b-6e24-4a59-beee-02f8929d0b77@group-3C260A0191AA-FollowerState was interrupted: java.lang.InterruptedException: sleep interrupted
2019-10-18 05:11:38,962 [Thread-589] INFO  impl.FollowerState (FollowerState.java:run(117)) - 06992730-799e-49b1-b4b4-a9e995f4f1fe@group-3C260A0191AA-FollowerState was interrupted: java.lang.InterruptedException: sleep interrupted
2019-10-18 05:11:38,962 [grpc-default-executor-5] INFO  impl.RoleInfo (RoleInfo.java:updateAndGet(143)) - e63c905b-6e24-4a59-beee-02f8929d0b77: start FollowerState
2019-10-18 05:11:38,962 [grpc-default-executor-1] INFO  impl.RoleInfo (RoleInfo.java:updateAndGet(143)) - 06992730-799e-49b1-b4b4-a9e995f4f1fe: start FollowerState
2019-10-18 05:11:38,979 [56eab7d4-40e2-4b28-9c72-53449258b8a2@group-3C260A0191AA-LeaderElection14] INFO  impl.LeaderElection (LeaderElection.java:logAndReturn(56)) - 56eab7d4-40e2-4b28-9c72-53449258b8a2@group-3C260A0191AA-LeaderElection14: Election REJECTED; received 2 response(s) [56eab7d4-40e2-4b28-9c72-53449258b8a2<-e63c905b-6e24-4a59-beee-02f8929d0b77#0:FAIL-t8, 56eab7d4-40e2-4b28-9c72-53449258b8a2<-06992730-799e-49b1-b4b4-a9e995f4f1fe#0:FAIL-t8] and 0 exception(s); 56eab7d4-40e2-4b28-9c72-53449258b8a2@group-3C260A0191AA:t8, leader=null, voted=56eab7d4-40e2-4b28-9c72-53449258b8a2, raftlog=56eab7d4-40e2-4b28-9c72-53449258b8a2@group-3C260A0191AA-SegmentedRaftLog:OPENED:c3,f4,i4, conf=0: [e63c905b-6e24-4a59-beee-02f8929d0b77:192.168.69.125:42235, 56eab7d4-40e2-4b28-9c72-53449258b8a2:192.168.69.125:37820, 06992730-799e-49b1-b4b4-a9e995f4f1fe:192.168.69.125:34681], old=null
2019-10-18 05:11:38,979 [56eab7d4-40e2-4b28-9c72-53449258b8a2@group-3C260A0191AA-LeaderElection14] INFO  impl.RaftServerImpl (RaftServerImpl.java:setRole(184)) - 56eab7d4-40e2-4b28-9c72-53449258b8a2@group-3C260A0191AA: changes role from CANDIDATE to FOLLOWER at term 8 for DISCOVERED_A_NEW_TERM
2019-10-18 05:11:38,980 [56eab7d4-40e2-4b28-9c72-53449258b8a2@group-3C260A0191AA-LeaderElection14] INFO  impl.RoleInfo (RoleInfo.java:shutdownLeaderElection(134)) - 56eab7d4-40e2-4b28-9c72-53449258b8a2: shutdown LeaderElection
2019-10-18 05:11:38,980 [56eab7d4-40e2-4b28-9c72-53449258b8a2@group-3C260A0191AA-LeaderElection14] INFO  impl.RoleInfo (RoleInfo.java:updateAndGet(143)) - 56eab7d4-40e2-4b28-9c72-53449258b8a2: start FollowerState
2019-10-18 05:11:39,146 [Thread-598] INFO  impl.FollowerState (FollowerState.java:run(108)) - 56eab7d4-40e2-4b28-9c72-53449258b8a2@group-3C260A0191AA-FollowerState: change to CANDIDATE, lastRpcTime:165ms, electionTimeout:164ms
2019-10-18 05:11:39,147 [Thread-598] INFO  impl.RoleInfo (RoleInfo.java:shutdownFollowerState(121)) - 56eab7d4-40e2-4b28-9c72-53449258b8a2: shutdown FollowerState
2019-10-18 05:11:39,147 [Thread-598] INFO  impl.RaftServerImpl (RaftServerImpl.java:setRole(184)) - 56eab7d4-40e2-4b28-9c72-53449258b8a2@group-3C260A0191AA: changes role from  FOLLOWER to CANDIDATE at term 8 for changeToCandidate
2019-10-18 05:11:39,148 [Thread-598] INFO  impl.RoleInfo (RoleInfo.java:updateAndGet(143)) - 56eab7d4-40e2-4b28-9c72-53449258b8a2: start LeaderElection
2019-10-18 05:11:39,163 [56eab7d4-40e2-4b28-9c72-53449258b8a2@group-3C260A0191AA-LeaderElection15] INFO  impl.LeaderElection (LeaderElection.java:askForVotes(178)) - 56eab7d4-40e2-4b28-9c72-53449258b8a2@group-3C260A0191AA-LeaderElection15: begin an election at term 9 for 0: [e63c905b-6e24-4a59-beee-02f8929d0b77:192.168.69.125:42235, 56eab7d4-40e2-4b28-9c72-53449258b8a2:192.168.69.125:37820, 06992730-799e-49b1-b4b4-a9e995f4f1fe:192.168.69.125:34681], old=null
2019-10-18 05:11:39,168 [grpc-default-executor-1] INFO  impl.RaftServerImpl (RaftServerImpl.java:setRole(184)) - e63c905b-6e24-4a59-beee-02f8929d0b77@group-3C260A0191AA: changes role from  FOLLOWER to FOLLOWER at term 9 for recognizeCandidate:56eab7d4-40e2-4b28-9c72-53449258b8a2
2019-10-18 05:11:39,168 [grpc-default-executor-5] INFO  impl.RaftServerImpl (RaftServerImpl.java:setRole(184)) - 06992730-799e-49b1-b4b4-a9e995f4f1fe@group-3C260A0191AA: changes role from  FOLLOWER to FOLLOWER at term 9 for recognizeCandidate:56eab7d4-40e2-4b28-9c72-53449258b8a2
2019-10-18 05:11:39,168 [grpc-default-executor-1] INFO  impl.RoleInfo (RoleInfo.java:shutdownFollowerState(121)) - e63c905b-6e24-4a59-beee-02f8929d0b77: shutdown FollowerState
2019-10-18 05:11:39,168 [grpc-default-executor-5] INFO  impl.RoleInfo (RoleInfo.java:shutdownFollowerState(121)) - 06992730-799e-49b1-b4b4-a9e995f4f1fe: shutdown FollowerState
2019-10-18 05:11:39,168 [grpc-default-executor-1] INFO  impl.RoleInfo (RoleInfo.java:updateAndGet(143)) - e63c905b-6e24-4a59-beee-02f8929d0b77: start FollowerState
2019-10-18 05:11:39,168 [Thread-596] INFO  impl.FollowerState (FollowerState.java:run(117)) - e63c905b-6e24-4a59-beee-02f8929d0b77@group-3C260A0191AA-FollowerState was interrupted: java.lang.InterruptedException: sleep interrupted
2019-10-18 05:11:39,169 [Thread-597] INFO  impl.FollowerState (FollowerState.java:run(117)) - 06992730-799e-49b1-b4b4-a9e995f4f1fe@group-3C260A0191AA-FollowerState was interrupted: java.lang.InterruptedException: sleep interrupted
2019-10-18 05:11:39,169 [grpc-default-executor-5] INFO  impl.RoleInfo (RoleInfo.java:updateAndGet(143)) - 06992730-799e-49b1-b4b4-a9e995f4f1fe: start FollowerState
2019-10-18 05:11:39,186 [56eab7d4-40e2-4b28-9c72-53449258b8a2@group-3C260A0191AA-LeaderElection15] INFO  impl.LeaderElection (LeaderElection.java:logAndReturn(56)) - 56eab7d4-40e2-4b28-9c72-53449258b8a2@group-3C260A0191AA-LeaderElection15: Election REJECTED; received 2 response(s) [56eab7d4-40e2-4b28-9c72-53449258b8a2<-e63c905b-6e24-4a59-beee-02f8929d0b77#0:FAIL-t9, 56eab7d4-40e2-4b28-9c72-53449258b8a2<-06992730-799e-49b1-b4b4-a9e995f4f1fe#0:FAIL-t9] and 0 exception(s); 56eab7d4-40e2-4b28-9c72-53449258b8a2@group-3C260A0191AA:t9, leader=null, voted=56eab7d4-40e2-4b28-9c72-53449258b8a2, raftlog=56eab7d4-40e2-4b28-9c72-53449258b8a2@group-3C260A0191AA-SegmentedRaftLog:OPENED:c3,f4,i4, conf=0: [e63c905b-6e24-4a59-beee-02f8929d0b77:192.168.69.125:42235, 56eab7d4-40e2-4b28-9c72-53449258b8a2:192.168.69.125:37820, 06992730-799e-49b1-b4b4-a9e995f4f1fe:192.168.69.125:34681], old=null
2019-10-18 05:11:39,186 [56eab7d4-40e2-4b28-9c72-53449258b8a2@group-3C260A0191AA-LeaderElection15] INFO  impl.RaftServerImpl (RaftServerImpl.java:setRole(184)) - 56eab7d4-40e2-4b28-9c72-53449258b8a2@group-3C260A0191AA: changes role from CANDIDATE to FOLLOWER at term 9 for DISCOVERED_A_NEW_TERM
2019-10-18 05:11:39,188 [56eab7d4-40e2-4b28-9c72-53449258b8a2@group-3C260A0191AA-LeaderElection15] INFO  impl.RoleInfo (RoleInfo.java:shutdownLeaderElection(134)) - 56eab7d4-40e2-4b28-9c72-53449258b8a2: shutdown LeaderElection
2019-10-18 05:11:39,189 [56eab7d4-40e2-4b28-9c72-53449258b8a2@group-3C260A0191AA-LeaderElection15] INFO  impl.RoleInfo (RoleInfo.java:updateAndGet(143)) - 56eab7d4-40e2-4b28-9c72-53449258b8a2: start FollowerState
2019-10-18 05:11:39,301 [Thread-607] INFO  client.GrpcClientProtocolService (GrpcClientProtocolService.java:lambda$processClientRequest$0(278)) - Failed RaftClientRequest:client-46808F7408E0->56eab7d4-40e2-4b28-9c72-53449258b8a2@group-3C260A0191AA, cid=10, seq=0, Watch-ALL_COMMITTED(6), Message:<EMPTY>, reply=RaftClientReply:client-46808F7408E0->56eab7d4-40e2-4b28-9c72-53449258b8a2@group-3C260A0191AA, cid=10, FAILED org.apache.ratis.protocol.NotLeaderException: Server 56eab7d4-40e2-4b28-9c72-53449258b8a2@group-3C260A0191AA is not the leader, logIndex=0, commits[56eab7d4-40e2-4b28-9c72-53449258b8a2:c3]
2019-10-18 05:11:39,322 [Thread-605] INFO  impl.FollowerState (FollowerState.java:run(108)) - 56eab7d4-40e2-4b28-9c72-53449258b8a2@group-3C260A0191AA-FollowerState: change to CANDIDATE, lastRpcTime:133ms, electionTimeout:132ms
2019-10-18 05:11:39,322 [Thread-605] INFO  impl.RoleInfo (RoleInfo.java:shutdownFollowerState(121)) - 56eab7d4-40e2-4b28-9c72-53449258b8a2: shutdown FollowerState
2019-10-18 05:11:39,322 [Thread-605] INFO  impl.RaftServerImpl (RaftServerImpl.java:setRole(184)) - 56eab7d4-40e2-4b28-9c72-53449258b8a2@group-3C260A0191AA: changes role from  FOLLOWER to CANDIDATE at term 9 for changeToCandidate
2019-10-18 05:11:39,323 [Thread-605] INFO  impl.RoleInfo (RoleInfo.java:updateAndGet(143)) - 56eab7d4-40e2-4b28-9c72-53449258b8a2: start LeaderElection
2019-10-18 05:11:39,337 [56eab7d4-40e2-4b28-9c72-53449258b8a2@group-3C260A0191AA-LeaderElection16] INFO  impl.LeaderElection (LeaderElection.java:askForVotes(178)) - 56eab7d4-40e2-4b28-9c72-53449258b8a2@group-3C260A0191AA-LeaderElection16: begin an election at term 10 for 0: [e63c905b-6e24-4a59-beee-02f8929d0b77:192.168.69.125:42235, 56eab7d4-40e2-4b28-9c72-53449258b8a2:192.168.69.125:37820, 06992730-799e-49b1-b4b4-a9e995f4f1fe:192.168.69.125:34681], old=null
2019-10-18 05:11:39,342 [grpc-default-executor-1] INFO  impl.RaftServerImpl (RaftServerImpl.java:setRole(184)) - e63c905b-6e24-4a59-beee-02f8929d0b77@group-3C260A0191AA: changes role from  FOLLOWER to FOLLOWER at term 10 for recognizeCandidate:56eab7d4-40e2-4b28-9c72-53449258b8a2
2019-10-18 05:11:39,343 [grpc-default-executor-1] INFO  impl.RoleInfo (RoleInfo.java:shutdownFollowerState(121)) - e63c905b-6e24-4a59-beee-02f8929d0b77: shutdown FollowerState
2019-10-18 05:11:39,343 [grpc-default-executor-5] INFO  impl.RaftServerImpl (RaftServerImpl.java:setRole(184)) - 06992730-799e-49b1-b4b4-a9e995f4f1fe@group-3C260A0191AA: changes role from  FOLLOWER to FOLLOWER at term 10 for recognizeCandidate:56eab7d4-40e2-4b28-9c72-53449258b8a2
2019-10-18 05:11:39,343 [grpc-default-executor-1] INFO  impl.RoleInfo (RoleInfo.java:updateAndGet(143)) - e63c905b-6e24-4a59-beee-02f8929d0b77: start FollowerState
2019-10-18 05:11:39,343 [Thread-602] INFO  impl.FollowerState (FollowerState.java:run(117)) - e63c905b-6e24-4a59-beee-02f8929d0b77@group-3C260A0191AA-FollowerState was interrupted: java.lang.InterruptedException: sleep interrupted
2019-10-18 05:11:39,343 [grpc-default-executor-5] INFO  impl.RoleInfo (RoleInfo.java:shutdownFollowerState(121)) - 06992730-799e-49b1-b4b4-a9e995f4f1fe: shutdown FollowerState
2019-10-18 05:11:39,344 [Thread-603] INFO  impl.FollowerState (FollowerState.java:run(117)) - 06992730-799e-49b1-b4b4-a9e995f4f1fe@group-3C260A0191AA-FollowerState was interrupted: java.lang.InterruptedException: sleep interrupted
2019-10-18 05:11:39,344 [grpc-default-executor-5] INFO  impl.RoleInfo (RoleInfo.java:updateAndGet(143)) - 06992730-799e-49b1-b4b4-a9e995f4f1fe: start FollowerState
2019-10-18 05:11:39,361 [56eab7d4-40e2-4b28-9c72-53449258b8a2@group-3C260A0191AA-LeaderElection16] INFO  impl.LeaderElection (LeaderElection.java:logAndReturn(56)) - 56eab7d4-40e2-4b28-9c72-53449258b8a2@group-3C260A0191AA-LeaderElection16: Election REJECTED; received 2 response(s) [56eab7d4-40e2-4b28-9c72-53449258b8a2<-e63c905b-6e24-4a59-beee-02f8929d0b77#0:FAIL-t10, 56eab7d4-40e2-4b28-9c72-53449258b8a2<-06992730-799e-49b1-b4b4-a9e995f4f1fe#0:FAIL-t10] and 0 exception(s); 56eab7d4-40e2-4b28-9c72-53449258b8a2@group-3C260A0191AA:t10, leader=null, voted=56eab7d4-40e2-4b28-9c72-53449258b8a2, raftlog=56eab7d4-40e2-4b28-9c72-53449258b8a2@group-3C260A0191AA-SegmentedRaftLog:OPENED:c3,f4,i4, conf=0: [e63c905b-6e24-4a59-beee-02f8929d0b77:192.168.69.125:42235, 56eab7d4-40e2-4b28-9c72-53449258b8a2:192.168.69.125:37820, 06992730-799e-49b1-b4b4-a9e995f4f1fe:192.168.69.125:34681], old=null
2019-10-18 05:11:39,361 [56eab7d4-40e2-4b28-9c72-53449258b8a2@group-3C260A0191AA-LeaderElection16] INFO  impl.RaftServerImpl (RaftServerImpl.java:setRole(184)) - 56eab7d4-40e2-4b28-9c72-53449258b8a2@group-3C260A0191AA: changes role from CANDIDATE to FOLLOWER at term 10 for DISCOVERED_A_NEW_TERM
2019-10-18 05:11:39,361 [56eab7d4-40e2-4b28-9c72-53449258b8a2@group-3C260A0191AA-LeaderElection16] INFO  impl.RoleInfo (RoleInfo.java:shutdownLeaderElection(134)) - 56eab7d4-40e2-4b28-9c72-53449258b8a2: shutdown LeaderElection
2019-10-18 05:11:39,361 [56eab7d4-40e2-4b28-9c72-53449258b8a2@group-3C260A0191AA-LeaderElection16] INFO  impl.RoleInfo (RoleInfo.java:updateAndGet(143)) - 56eab7d4-40e2-4b28-9c72-53449258b8a2: start FollowerState
2019-10-18 05:11:39,458 [pool-7-thread-2] INFO  commands.RetriableDatanodeEventWatcher (RetriableDatanodeEventWatcher.java:onTimeout(47)) - RetriableDatanodeCommand type=deleteBlocksCommand with id=1571375495459 timed out. Retrying.
2019-10-18 05:11:39,459 [pool-7-thread-3] INFO  commands.RetriableDatanodeEventWatcher (RetriableDatanodeEventWatcher.java:onTimeout(47)) - RetriableDatanodeCommand type=deleteBlocksCommand with id=1571375495460 timed out. Retrying.
2019-10-18 05:11:39,460 [pool-7-thread-4] INFO  commands.RetriableDatanodeEventWatcher (RetriableDatanodeEventWatcher.java:onTimeout(47)) - RetriableDatanodeCommand type=deleteBlocksCommand with id=1571375495461 timed out. Retrying.
2019-10-18 05:11:39,460 [pool-7-thread-1] INFO  commands.RetriableDatanodeEventWatcher (RetriableDatanodeEventWatcher.java:onTimeout(47)) - RetriableDatanodeCommand type=deleteBlocksCommand with id=1571375495457 timed out. Retrying.
2019-10-18 05:11:39,460 [SCMBlockDeletingService#0] INFO  block.SCMBlockDeletingService (SCMBlockDeletingService.java:call(184)) - Totally added 1 delete blocks command for 1 datanodes, task elapsed time: 1ms
2019-10-18 05:11:39,487 [Thread-614] INFO  impl.FollowerState (FollowerState.java:run(108)) - 56eab7d4-40e2-4b28-9c72-53449258b8a2@group-3C260A0191AA-FollowerState: change to CANDIDATE, lastRpcTime:126ms, electionTimeout:126ms
2019-10-18 05:11:39,488 [Thread-614] INFO  impl.RoleInfo (RoleInfo.java:shutdownFollowerState(121)) - 56eab7d4-40e2-4b28-9c72-53449258b8a2: shutdown FollowerState
2019-10-18 05:11:39,488 [Thread-614] INFO  impl.RaftServerImpl (RaftServerImpl.java:setRole(184)) - 56eab7d4-40e2-4b28-9c72-53449258b8a2@group-3C260A0191AA: changes role from  FOLLOWER to CANDIDATE at term 10 for changeToCandidate
2019-10-18 05:11:39,488 [Thread-614] INFO  impl.RoleInfo (RoleInfo.java:updateAndGet(143)) - 56eab7d4-40e2-4b28-9c72-53449258b8a2: start LeaderElection
2019-10-18 05:11:39,503 [56eab7d4-40e2-4b28-9c72-53449258b8a2@group-3C260A0191AA-LeaderElection17] INFO  impl.LeaderElection (LeaderElection.java:askForVotes(178)) - 56eab7d4-40e2-4b28-9c72-53449258b8a2@group-3C260A0191AA-LeaderElection17: begin an election at term 11 for 0: [e63c905b-6e24-4a59-beee-02f8929d0b77:192.168.69.125:42235, 56eab7d4-40e2-4b28-9c72-53449258b8a2:192.168.69.125:37820, 06992730-799e-49b1-b4b4-a9e995f4f1fe:192.168.69.125:34681], old=null
2019-10-18 05:11:39,508 [grpc-default-executor-5] INFO  impl.RaftServerImpl (RaftServerImpl.java:setRole(184)) - e63c905b-6e24-4a59-beee-02f8929d0b77@group-3C260A0191AA: changes role from  FOLLOWER to FOLLOWER at term 11 for recognizeCandidate:56eab7d4-40e2-4b28-9c72-53449258b8a2
2019-10-18 05:11:39,508 [grpc-default-executor-1] INFO  impl.RaftServerImpl (RaftServerImpl.java:setRole(184)) - 06992730-799e-49b1-b4b4-a9e995f4f1fe@group-3C260A0191AA: changes role from  FOLLOWER to FOLLOWER at term 11 for recognizeCandidate:56eab7d4-40e2-4b28-9c72-53449258b8a2
2019-10-18 05:11:39,508 [grpc-default-executor-5] INFO  impl.RoleInfo (RoleInfo.java:shutdownFollowerState(121)) - e63c905b-6e24-4a59-beee-02f8929d0b77: shutdown FollowerState
2019-10-18 05:11:39,508 [grpc-default-executor-1] INFO  impl.RoleInfo (RoleInfo.java:shutdownFollowerState(121)) - 06992730-799e-49b1-b4b4-a9e995f4f1fe: shutdown FollowerState
2019-10-18 05:11:39,508 [Thread-612] INFO  impl.FollowerState (FollowerState.java:run(117)) - e63c905b-6e24-4a59-beee-02f8929d0b77@group-3C260A0191AA-FollowerState was interrupted: java.lang.InterruptedException: sleep interrupted
2019-10-18 05:11:39,508 [Thread-613] INFO  impl.FollowerState (FollowerState.java:run(117)) - 06992730-799e-49b1-b4b4-a9e995f4f1fe@group-3C260A0191AA-FollowerState was interrupted: java.lang.InterruptedException: sleep interrupted
2019-10-18 05:11:39,508 [grpc-default-executor-5] INFO  impl.RoleInfo (RoleInfo.java:updateAndGet(143)) - e63c905b-6e24-4a59-beee-02f8929d0b77: start FollowerState
2019-10-18 05:11:39,508 [grpc-default-executor-1] INFO  impl.RoleInfo (RoleInfo.java:updateAndGet(143)) - 06992730-799e-49b1-b4b4-a9e995f4f1fe: start FollowerState
2019-10-18 05:11:39,524 [56eab7d4-40e2-4b28-9c72-53449258b8a2@group-3C260A0191AA-LeaderElection17] INFO  impl.LeaderElection (LeaderElection.java:logAndReturn(56)) - 56eab7d4-40e2-4b28-9c72-53449258b8a2@group-3C260A0191AA-LeaderElection17: Election REJECTED; received 2 response(s) [56eab7d4-40e2-4b28-9c72-53449258b8a2<-e63c905b-6e24-4a59-beee-02f8929d0b77#0:FAIL-t11, 56eab7d4-40e2-4b28-9c72-53449258b8a2<-06992730-799e-49b1-b4b4-a9e995f4f1fe#0:FAIL-t11] and 0 exception(s); 56eab7d4-40e2-4b28-9c72-53449258b8a2@group-3C260A0191AA:t11, leader=null, voted=56eab7d4-40e2-4b28-9c72-53449258b8a2, raftlog=56eab7d4-40e2-4b28-9c72-53449258b8a2@group-3C260A0191AA-SegmentedRaftLog:OPENED:c3,f4,i4, conf=0: [e63c905b-6e24-4a59-beee-02f8929d0b77:192.168.69.125:42235, 56eab7d4-40e2-4b28-9c72-53449258b8a2:192.168.69.125:37820, 06992730-799e-49b1-b4b4-a9e995f4f1fe:192.168.69.125:34681], old=null
2019-10-18 05:11:39,525 [56eab7d4-40e2-4b28-9c72-53449258b8a2@group-3C260A0191AA-LeaderElection17] INFO  impl.RaftServerImpl (RaftServerImpl.java:setRole(184)) - 56eab7d4-40e2-4b28-9c72-53449258b8a2@group-3C260A0191AA: changes role from CANDIDATE to FOLLOWER at term 11 for DISCOVERED_A_NEW_TERM
2019-10-18 05:11:39,525 [56eab7d4-40e2-4b28-9c72-53449258b8a2@group-3C260A0191AA-LeaderElection17] INFO  impl.RoleInfo (RoleInfo.java:shutdownLeaderElection(134)) - 56eab7d4-40e2-4b28-9c72-53449258b8a2: shutdown LeaderElection
2019-10-18 05:11:39,525 [56eab7d4-40e2-4b28-9c72-53449258b8a2@group-3C260A0191AA-LeaderElection17] INFO  impl.RoleInfo (RoleInfo.java:updateAndGet(143)) - 56eab7d4-40e2-4b28-9c72-53449258b8a2: start FollowerState
2019-10-18 05:11:39,615 [Thread-620] INFO  impl.FollowerState (FollowerState.java:run(108)) - 56eab7d4-40e2-4b28-9c72-53449258b8a2@group-3C260A0191AA-FollowerState: change to CANDIDATE, lastRpcTime:90ms, electionTimeout:90ms
2019-10-18 05:11:39,617 [Thread-620] INFO  impl.RoleInfo (RoleInfo.java:shutdownFollowerState(121)) - 56eab7d4-40e2-4b28-9c72-53449258b8a2: shutdown FollowerState
2019-10-18 05:11:39,617 [Thread-620] INFO  impl.RaftServerImpl (RaftServerImpl.java:setRole(184)) - 56eab7d4-40e2-4b28-9c72-53449258b8a2@group-3C260A0191AA: changes role from  FOLLOWER to CANDIDATE at term 11 for changeToCandidate
2019-10-18 05:11:39,617 [Thread-620] INFO  impl.RoleInfo (RoleInfo.java:updateAndGet(143)) - 56eab7d4-40e2-4b28-9c72-53449258b8a2: start LeaderElection
2019-10-18 05:11:39,631 [56eab7d4-40e2-4b28-9c72-53449258b8a2@group-3C260A0191AA-LeaderElection18] INFO  impl.LeaderElection (LeaderElection.java:askForVotes(178)) - 56eab7d4-40e2-4b28-9c72-53449258b8a2@group-3C260A0191AA-LeaderElection18: begin an election at term 12 for 0: [e63c905b-6e24-4a59-beee-02f8929d0b77:192.168.69.125:42235, 56eab7d4-40e2-4b28-9c72-53449258b8a2:192.168.69.125:37820, 06992730-799e-49b1-b4b4-a9e995f4f1fe:192.168.69.125:34681], old=null
2019-10-18 05:11:39,638 [grpc-default-executor-1] INFO  impl.RaftServerImpl (RaftServerImpl.java:setRole(184)) - 06992730-799e-49b1-b4b4-a9e995f4f1fe@group-3C260A0191AA: changes role from  FOLLOWER to FOLLOWER at term 12 for recognizeCandidate:56eab7d4-40e2-4b28-9c72-53449258b8a2
2019-10-18 05:11:39,638 [grpc-default-executor-5] INFO  impl.RaftServerImpl (RaftServerImpl.java:setRole(184)) - e63c905b-6e24-4a59-beee-02f8929d0b77@group-3C260A0191AA: changes role from  FOLLOWER to FOLLOWER at term 12 for recognizeCandidate:56eab7d4-40e2-4b28-9c72-53449258b8a2
2019-10-18 05:11:39,638 [grpc-default-executor-1] INFO  impl.RoleInfo (RoleInfo.java:shutdownFollowerState(121)) - 06992730-799e-49b1-b4b4-a9e995f4f1fe: shutdown FollowerState
2019-10-18 05:11:39,638 [grpc-default-executor-5] INFO  impl.RoleInfo (RoleInfo.java:shutdownFollowerState(121)) - e63c905b-6e24-4a59-beee-02f8929d0b77: shutdown FollowerState
2019-10-18 05:11:39,638 [Thread-619] INFO  impl.FollowerState (FollowerState.java:run(117)) - 06992730-799e-49b1-b4b4-a9e995f4f1fe@group-3C260A0191AA-FollowerState was interrupted: java.lang.InterruptedException: sleep interrupted
2019-10-18 05:11:39,638 [grpc-default-executor-1] INFO  impl.RoleInfo (RoleInfo.java:updateAndGet(143)) - 06992730-799e-49b1-b4b4-a9e995f4f1fe: start FollowerState
2019-10-18 05:11:39,638 [grpc-default-executor-5] INFO  impl.RoleInfo (RoleInfo.java:updateAndGet(143)) - e63c905b-6e24-4a59-beee-02f8929d0b77: start FollowerState
2019-10-18 05:11:39,638 [Thread-618] INFO  impl.FollowerState (FollowerState.java:run(117)) - e63c905b-6e24-4a59-beee-02f8929d0b77@group-3C260A0191AA-FollowerState was interrupted: java.lang.InterruptedException: sleep interrupted
2019-10-18 05:11:39,651 [56eab7d4-40e2-4b28-9c72-53449258b8a2@group-3C260A0191AA-LeaderElection18] INFO  impl.LeaderElection (LeaderElection.java:logAndReturn(56)) - 56eab7d4-40e2-4b28-9c72-53449258b8a2@group-3C260A0191AA-LeaderElection18: Election REJECTED; received 2 response(s) [56eab7d4-40e2-4b28-9c72-53449258b8a2<-e63c905b-6e24-4a59-beee-02f8929d0b77#0:FAIL-t12, 56eab7d4-40e2-4b28-9c72-53449258b8a2<-06992730-799e-49b1-b4b4-a9e995f4f1fe#0:FAIL-t12] and 0 exception(s); 56eab7d4-40e2-4b28-9c72-53449258b8a2@group-3C260A0191AA:t12, leader=null, voted=56eab7d4-40e2-4b28-9c72-53449258b8a2, raftlog=56eab7d4-40e2-4b28-9c72-53449258b8a2@group-3C260A0191AA-SegmentedRaftLog:OPENED:c3,f4,i4, conf=0: [e63c905b-6e24-4a59-beee-02f8929d0b77:192.168.69.125:42235, 56eab7d4-40e2-4b28-9c72-53449258b8a2:192.168.69.125:37820, 06992730-799e-49b1-b4b4-a9e995f4f1fe:192.168.69.125:34681], old=null
2019-10-18 05:11:39,651 [56eab7d4-40e2-4b28-9c72-53449258b8a2@group-3C260A0191AA-LeaderElection18] INFO  impl.RaftServerImpl (RaftServerImpl.java:setRole(184)) - 56eab7d4-40e2-4b28-9c72-53449258b8a2@group-3C260A0191AA: changes role from CANDIDATE to FOLLOWER at term 12 for DISCOVERED_A_NEW_TERM
2019-10-18 05:11:39,651 [56eab7d4-40e2-4b28-9c72-53449258b8a2@group-3C260A0191AA-LeaderElection18] INFO  impl.RoleInfo (RoleInfo.java:shutdownLeaderElection(134)) - 56eab7d4-40e2-4b28-9c72-53449258b8a2: shutdown LeaderElection
2019-10-18 05:11:39,651 [56eab7d4-40e2-4b28-9c72-53449258b8a2@group-3C260A0191AA-LeaderElection18] INFO  impl.RoleInfo (RoleInfo.java:updateAndGet(143)) - 56eab7d4-40e2-4b28-9c72-53449258b8a2: start FollowerState
2019-10-18 05:11:39,852 [Thread-626] INFO  impl.FollowerState (FollowerState.java:run(108)) - 56eab7d4-40e2-4b28-9c72-53449258b8a2@group-3C260A0191AA-FollowerState: change to CANDIDATE, lastRpcTime:200ms, electionTimeout:200ms
2019-10-18 05:11:39,853 [Thread-626] INFO  impl.RoleInfo (RoleInfo.java:shutdownFollowerState(121)) - 56eab7d4-40e2-4b28-9c72-53449258b8a2: shutdown FollowerState
2019-10-18 05:11:39,853 [Thread-626] INFO  impl.RaftServerImpl (RaftServerImpl.java:setRole(184)) - 56eab7d4-40e2-4b28-9c72-53449258b8a2@group-3C260A0191AA: changes role from  FOLLOWER to CANDIDATE at term 12 for changeToCandidate
2019-10-18 05:11:39,853 [Thread-626] INFO  impl.RoleInfo (RoleInfo.java:updateAndGet(143)) - 56eab7d4-40e2-4b28-9c72-53449258b8a2: start LeaderElection
2019-10-18 05:11:39,868 [56eab7d4-40e2-4b28-9c72-53449258b8a2@group-3C260A0191AA-LeaderElection19] INFO  impl.LeaderElection (LeaderElection.java:askForVotes(178)) - 56eab7d4-40e2-4b28-9c72-53449258b8a2@group-3C260A0191AA-LeaderElection19: begin an election at term 13 for 0: [e63c905b-6e24-4a59-beee-02f8929d0b77:192.168.69.125:42235, 56eab7d4-40e2-4b28-9c72-53449258b8a2:192.168.69.125:37820, 06992730-799e-49b1-b4b4-a9e995f4f1fe:192.168.69.125:34681], old=null
2019-10-18 05:11:39,871 [grpc-default-executor-1] INFO  impl.RaftServerImpl (RaftServerImpl.java:setRole(184)) - 06992730-799e-49b1-b4b4-a9e995f4f1fe@group-3C260A0191AA: changes role from  FOLLOWER to FOLLOWER at term 13 for recognizeCandidate:56eab7d4-40e2-4b28-9c72-53449258b8a2
2019-10-18 05:11:39,871 [grpc-default-executor-5] INFO  impl.RaftServerImpl (RaftServerImpl.java:setRole(184)) - e63c905b-6e24-4a59-beee-02f8929d0b77@group-3C260A0191AA: changes role from  FOLLOWER to FOLLOWER at term 13 for recognizeCandidate:56eab7d4-40e2-4b28-9c72-53449258b8a2
2019-10-18 05:11:39,871 [grpc-default-executor-1] INFO  impl.RoleInfo (RoleInfo.java:shutdownFollowerState(121)) - 06992730-799e-49b1-b4b4-a9e995f4f1fe: shutdown FollowerState
2019-10-18 05:11:39,871 [grpc-default-executor-5] INFO  impl.RoleInfo (RoleInfo.java:shutdownFollowerState(121)) - e63c905b-6e24-4a59-beee-02f8929d0b77: shutdown FollowerState
2019-10-18 05:11:39,872 [grpc-default-executor-1] INFO  impl.RoleInfo (RoleInfo.java:updateAndGet(143)) - 06992730-799e-49b1-b4b4-a9e995f4f1fe: start FollowerState
2019-10-18 05:11:39,872 [Thread-624] INFO  impl.FollowerState (FollowerState.java:run(117)) - 06992730-799e-49b1-b4b4-a9e995f4f1fe@group-3C260A0191AA-FollowerState was interrupted: java.lang.InterruptedException: sleep interrupted
2019-10-18 05:11:39,872 [Thread-625] INFO  impl.FollowerState (FollowerState.java:run(117)) - e63c905b-6e24-4a59-beee-02f8929d0b77@group-3C260A0191AA-FollowerState was interrupted: java.lang.InterruptedException: sleep interrupted
2019-10-18 05:11:39,872 [grpc-default-executor-5] INFO  impl.RoleInfo (RoleInfo.java:updateAndGet(143)) - e63c905b-6e24-4a59-beee-02f8929d0b77: start FollowerState
2019-10-18 05:11:39,892 [56eab7d4-40e2-4b28-9c72-53449258b8a2@group-3C260A0191AA-LeaderElection19] INFO  impl.LeaderElection (LeaderElection.java:logAndReturn(56)) - 56eab7d4-40e2-4b28-9c72-53449258b8a2@group-3C260A0191AA-LeaderElection19: Election REJECTED; received 2 response(s) [56eab7d4-40e2-4b28-9c72-53449258b8a2<-e63c905b-6e24-4a59-beee-02f8929d0b77#0:FAIL-t13, 56eab7d4-40e2-4b28-9c72-53449258b8a2<-06992730-799e-49b1-b4b4-a9e995f4f1fe#0:FAIL-t13] and 0 exception(s); 56eab7d4-40e2-4b28-9c72-53449258b8a2@group-3C260A0191AA:t13, leader=null, voted=56eab7d4-40e2-4b28-9c72-53449258b8a2, raftlog=56eab7d4-40e2-4b28-9c72-53449258b8a2@group-3C260A0191AA-SegmentedRaftLog:OPENED:c3,f4,i4, conf=0: [e63c905b-6e24-4a59-beee-02f8929d0b77:192.168.69.125:42235, 56eab7d4-40e2-4b28-9c72-53449258b8a2:192.168.69.125:37820, 06992730-799e-49b1-b4b4-a9e995f4f1fe:192.168.69.125:34681], old=null
2019-10-18 05:11:39,893 [56eab7d4-40e2-4b28-9c72-53449258b8a2@group-3C260A0191AA-LeaderElection19] INFO  impl.RaftServerImpl (RaftServerImpl.java:setRole(184)) - 56eab7d4-40e2-4b28-9c72-53449258b8a2@group-3C260A0191AA: changes role from CANDIDATE to FOLLOWER at term 13 for DISCOVERED_A_NEW_TERM
2019-10-18 05:11:39,893 [56eab7d4-40e2-4b28-9c72-53449258b8a2@group-3C260A0191AA-LeaderElection19] INFO  impl.RoleInfo (RoleInfo.java:shutdownLeaderElection(134)) - 56eab7d4-40e2-4b28-9c72-53449258b8a2: shutdown LeaderElection
2019-10-18 05:11:39,893 [56eab7d4-40e2-4b28-9c72-53449258b8a2@group-3C260A0191AA-LeaderElection19] INFO  impl.RoleInfo (RoleInfo.java:updateAndGet(143)) - 56eab7d4-40e2-4b28-9c72-53449258b8a2: start FollowerState
2019-10-18 05:11:39,902 [BlockDeletingService#2] WARN  background.BlockDeletingService (BlockDeletingService.java:isDeletionAllowed(187)) - Close Container log Index 6 is not replicated across allthe servers in the pipeline 7b6774a4-dfa8-469c-9b78-3c260a0191aa as the min replicated index is 4. Deletion is not allowed in this container yet.
2019-10-18 05:11:39,903 [BlockDeletingService#2] WARN  background.BlockDeletingService (BlockDeletingService.java:isDeletionAllowed(187)) - Close Container log Index 6 is not replicated across allthe servers in the pipeline 7b6774a4-dfa8-469c-9b78-3c260a0191aa as the min replicated index is 4. Deletion is not allowed in this container yet.
2019-10-18 05:11:39,971 [Thread-632] INFO  impl.FollowerState (FollowerState.java:run(108)) - 56eab7d4-40e2-4b28-9c72-53449258b8a2@group-3C260A0191AA-FollowerState: change to CANDIDATE, lastRpcTime:78ms, electionTimeout:78ms
2019-10-18 05:11:39,972 [Thread-632] INFO  impl.RoleInfo (RoleInfo.java:shutdownFollowerState(121)) - 56eab7d4-40e2-4b28-9c72-53449258b8a2: shutdown FollowerState
2019-10-18 05:11:39,972 [Thread-632] INFO  impl.RaftServerImpl (RaftServerImpl.java:setRole(184)) - 56eab7d4-40e2-4b28-9c72-53449258b8a2@group-3C260A0191AA: changes role from  FOLLOWER to CANDIDATE at term 13 for changeToCandidate
2019-10-18 05:11:39,972 [Thread-632] INFO  impl.RoleInfo (RoleInfo.java:updateAndGet(143)) - 56eab7d4-40e2-4b28-9c72-53449258b8a2: start LeaderElection
2019-10-18 05:11:39,986 [56eab7d4-40e2-4b28-9c72-53449258b8a2@group-3C260A0191AA-LeaderElection20] INFO  impl.LeaderElection (LeaderElection.java:askForVotes(178)) - 56eab7d4-40e2-4b28-9c72-53449258b8a2@group-3C260A0191AA-LeaderElection20: begin an election at term 14 for 0: [e63c905b-6e24-4a59-beee-02f8929d0b77:192.168.69.125:42235, 56eab7d4-40e2-4b28-9c72-53449258b8a2:192.168.69.125:37820, 06992730-799e-49b1-b4b4-a9e995f4f1fe:192.168.69.125:34681], old=null
2019-10-18 05:11:39,989 [56eab7d4-40e2-4b28-9c72-53449258b8a2@group-3C260A0191AA-LeaderElection20] INFO  impl.LeaderElection (LeaderElection.java:logAndReturn(56)) - 56eab7d4-40e2-4b28-9c72-53449258b8a2@group-3C260A0191AA-LeaderElection20: Election TIMEOUT; received 0 response(s) [] and 0 exception(s); 56eab7d4-40e2-4b28-9c72-53449258b8a2@group-3C260A0191AA:t14, leader=null, voted=56eab7d4-40e2-4b28-9c72-53449258b8a2, raftlog=56eab7d4-40e2-4b28-9c72-53449258b8a2@group-3C260A0191AA-SegmentedRaftLog:OPENED:c3,f4,i4, conf=0: [e63c905b-6e24-4a59-beee-02f8929d0b77:192.168.69.125:42235, 56eab7d4-40e2-4b28-9c72-53449258b8a2:192.168.69.125:37820, 06992730-799e-49b1-b4b4-a9e995f4f1fe:192.168.69.125:34681], old=null
2019-10-18 05:11:39,989 [grpc-default-executor-1] INFO  impl.RaftServerImpl (RaftServerImpl.java:setRole(184)) - e63c905b-6e24-4a59-beee-02f8929d0b77@group-3C260A0191AA: changes role from  FOLLOWER to FOLLOWER at term 14 for recognizeCandidate:56eab7d4-40e2-4b28-9c72-53449258b8a2
2019-10-18 05:11:39,989 [grpc-default-executor-5] INFO  impl.RaftServerImpl (RaftServerImpl.java:setRole(184)) - 06992730-799e-49b1-b4b4-a9e995f4f1fe@group-3C260A0191AA: changes role from  FOLLOWER to FOLLOWER at term 14 for recognizeCandidate:56eab7d4-40e2-4b28-9c72-53449258b8a2
2019-10-18 05:11:39,989 [grpc-default-executor-1] INFO  impl.RoleInfo (RoleInfo.java:shutdownFollowerState(121)) - e63c905b-6e24-4a59-beee-02f8929d0b77: shutdown FollowerState
2019-10-18 05:11:39,991 [grpc-default-executor-5] INFO  impl.RoleInfo (RoleInfo.java:shutdownFollowerState(121)) - 06992730-799e-49b1-b4b4-a9e995f4f1fe: shutdown FollowerState
2019-10-18 05:11:39,991 [Thread-631] INFO  impl.FollowerState (FollowerState.java:run(117)) - e63c905b-6e24-4a59-beee-02f8929d0b77@group-3C260A0191AA-FollowerState was interrupted: java.lang.InterruptedException: sleep interrupted
2019-10-18 05:11:39,991 [grpc-default-executor-1] INFO  impl.RoleInfo (RoleInfo.java:updateAndGet(143)) - e63c905b-6e24-4a59-beee-02f8929d0b77: start FollowerState
2019-10-18 05:11:39,991 [grpc-default-executor-5] INFO  impl.RoleInfo (RoleInfo.java:updateAndGet(143)) - 06992730-799e-49b1-b4b4-a9e995f4f1fe: start FollowerState
2019-10-18 05:11:39,991 [Thread-630] INFO  impl.FollowerState (FollowerState.java:run(117)) - 06992730-799e-49b1-b4b4-a9e995f4f1fe@group-3C260A0191AA-FollowerState was interrupted: java.lang.InterruptedException: sleep interrupted
2019-10-18 05:11:40,004 [56eab7d4-40e2-4b28-9c72-53449258b8a2@group-3C260A0191AA-LeaderElection20] INFO  impl.LeaderElection (LeaderElection.java:askForVotes(178)) - 56eab7d4-40e2-4b28-9c72-53449258b8a2@group-3C260A0191AA-LeaderElection20: begin an election at term 15 for 0: [e63c905b-6e24-4a59-beee-02f8929d0b77:192.168.69.125:42235, 56eab7d4-40e2-4b28-9c72-53449258b8a2:192.168.69.125:37820, 06992730-799e-49b1-b4b4-a9e995f4f1fe:192.168.69.125:34681], old=null
2019-10-18 05:11:40,006 [grpc-default-executor-5] INFO  impl.RaftServerImpl (RaftServerImpl.java:setRole(184)) - 06992730-799e-49b1-b4b4-a9e995f4f1fe@group-3C260A0191AA: changes role from  FOLLOWER to FOLLOWER at term 15 for recognizeCandidate:56eab7d4-40e2-4b28-9c72-53449258b8a2
2019-10-18 05:11:40,006 [grpc-default-executor-5] INFO  impl.RoleInfo (RoleInfo.java:shutdownFollowerState(121)) - 06992730-799e-49b1-b4b4-a9e995f4f1fe: shutdown FollowerState
2019-10-18 05:11:40,006 [grpc-default-executor-1] INFO  impl.RaftServerImpl (RaftServerImpl.java:setRole(184)) - e63c905b-6e24-4a59-beee-02f8929d0b77@group-3C260A0191AA: changes role from  FOLLOWER to FOLLOWER at term 15 for recognizeCandidate:56eab7d4-40e2-4b28-9c72-53449258b8a2
2019-10-18 05:11:40,006 [Thread-639] INFO  impl.FollowerState (FollowerState.java:run(117)) - 06992730-799e-49b1-b4b4-a9e995f4f1fe@group-3C260A0191AA-FollowerState was interrupted: java.lang.InterruptedException: sleep interrupted
2019-10-18 05:11:40,006 [grpc-default-executor-5] INFO  impl.RoleInfo (RoleInfo.java:updateAndGet(143)) - 06992730-799e-49b1-b4b4-a9e995f4f1fe: start FollowerState
2019-10-18 05:11:40,006 [grpc-default-executor-1] INFO  impl.RoleInfo (RoleInfo.java:shutdownFollowerState(121)) - e63c905b-6e24-4a59-beee-02f8929d0b77: shutdown FollowerState
2019-10-18 05:11:40,007 [Thread-638] INFO  impl.FollowerState (FollowerState.java:run(117)) - e63c905b-6e24-4a59-beee-02f8929d0b77@group-3C260A0191AA-FollowerState was interrupted: java.lang.InterruptedException: sleep interrupted
2019-10-18 05:11:40,007 [grpc-default-executor-1] INFO  impl.RoleInfo (RoleInfo.java:updateAndGet(143)) - e63c905b-6e24-4a59-beee-02f8929d0b77: start FollowerState
2019-10-18 05:11:40,021 [56eab7d4-40e2-4b28-9c72-53449258b8a2@group-3C260A0191AA-LeaderElection20] INFO  impl.LeaderElection (LeaderElection.java:logAndReturn(56)) - 56eab7d4-40e2-4b28-9c72-53449258b8a2@group-3C260A0191AA-LeaderElection20: Election REJECTED; received 2 response(s) [56eab7d4-40e2-4b28-9c72-53449258b8a2<-e63c905b-6e24-4a59-beee-02f8929d0b77#0:FAIL-t15, 56eab7d4-40e2-4b28-9c72-53449258b8a2<-06992730-799e-49b1-b4b4-a9e995f4f1fe#0:FAIL-t15] and 0 exception(s); 56eab7d4-40e2-4b28-9c72-53449258b8a2@group-3C260A0191AA:t15, leader=null, voted=56eab7d4-40e2-4b28-9c72-53449258b8a2, raftlog=56eab7d4-40e2-4b28-9c72-53449258b8a2@group-3C260A0191AA-SegmentedRaftLog:OPENED:c3,f4,i4, conf=0: [e63c905b-6e24-4a59-beee-02f8929d0b77:192.168.69.125:42235, 56eab7d4-40e2-4b28-9c72-53449258b8a2:192.168.69.125:37820, 06992730-799e-49b1-b4b4-a9e995f4f1fe:192.168.69.125:34681], old=null
2019-10-18 05:11:40,021 [56eab7d4-40e2-4b28-9c72-53449258b8a2@group-3C260A0191AA-LeaderElection20] INFO  impl.RaftServerImpl (RaftServerImpl.java:setRole(184)) - 56eab7d4-40e2-4b28-9c72-53449258b8a2@group-3C260A0191AA: changes role from CANDIDATE to FOLLOWER at term 15 for DISCOVERED_A_NEW_TERM
2019-10-18 05:11:40,021 [56eab7d4-40e2-4b28-9c72-53449258b8a2@group-3C260A0191AA-LeaderElection20] INFO  impl.RoleInfo (RoleInfo.java:shutdownLeaderElection(134)) - 56eab7d4-40e2-4b28-9c72-53449258b8a2: shutdown LeaderElection
2019-10-18 05:11:40,021 [56eab7d4-40e2-4b28-9c72-53449258b8a2@group-3C260A0191AA-LeaderElection20] INFO  impl.RoleInfo (RoleInfo.java:updateAndGet(143)) - 56eab7d4-40e2-4b28-9c72-53449258b8a2: start FollowerState
2019-10-18 05:11:40,110 [Thread-644] INFO  impl.FollowerState (FollowerState.java:run(108)) - 56eab7d4-40e2-4b28-9c72-53449258b8a2@group-3C260A0191AA-FollowerState: change to CANDIDATE, lastRpcTime:88ms, electionTimeout:88ms
2019-10-18 05:11:40,114 [Thread-644] INFO  impl.RoleInfo (RoleInfo.java:shutdownFollowerState(121)) - 56eab7d4-40e2-4b28-9c72-53449258b8a2: shutdown FollowerState
2019-10-18 05:11:40,114 [Thread-644] INFO  impl.RaftServerImpl (RaftServerImpl.java:setRole(184)) - 56eab7d4-40e2-4b28-9c72-53449258b8a2@group-3C260A0191AA: changes role from  FOLLOWER to CANDIDATE at term 15 for changeToCandidate
2019-10-18 05:11:40,114 [Thread-644] INFO  impl.RoleInfo (RoleInfo.java:updateAndGet(143)) - 56eab7d4-40e2-4b28-9c72-53449258b8a2: start LeaderElection
2019-10-18 05:11:40,127 [56eab7d4-40e2-4b28-9c72-53449258b8a2@group-3C260A0191AA-LeaderElection21] INFO  impl.LeaderElection (LeaderElection.java:askForVotes(178)) - 56eab7d4-40e2-4b28-9c72-53449258b8a2@group-3C260A0191AA-LeaderElection21: begin an election at term 16 for 0: [e63c905b-6e24-4a59-beee-02f8929d0b77:192.168.69.125:42235, 56eab7d4-40e2-4b28-9c72-53449258b8a2:192.168.69.125:37820, 06992730-799e-49b1-b4b4-a9e995f4f1fe:192.168.69.125:34681], old=null
2019-10-18 05:11:40,131 [grpc-default-executor-5] INFO  impl.RaftServerImpl (RaftServerImpl.java:setRole(184)) - e63c905b-6e24-4a59-beee-02f8929d0b77@group-3C260A0191AA: changes role from  FOLLOWER to FOLLOWER at term 16 for recognizeCandidate:56eab7d4-40e2-4b28-9c72-53449258b8a2
2019-10-18 05:11:40,131 [grpc-default-executor-1] INFO  impl.RaftServerImpl (RaftServerImpl.java:setRole(184)) - 06992730-799e-49b1-b4b4-a9e995f4f1fe@group-3C260A0191AA: changes role from  FOLLOWER to FOLLOWER at term 16 for recognizeCandidate:56eab7d4-40e2-4b28-9c72-53449258b8a2
2019-10-18 05:11:40,131 [grpc-default-executor-5] INFO  impl.RoleInfo (RoleInfo.java:shutdownFollowerState(121)) - e63c905b-6e24-4a59-beee-02f8929d0b77: shutdown FollowerState
2019-10-18 05:11:40,131 [grpc-default-executor-1] INFO  impl.RoleInfo (RoleInfo.java:shutdownFollowerState(121)) - 06992730-799e-49b1-b4b4-a9e995f4f1fe: shutdown FollowerState
2019-10-18 05:11:40,132 [Thread-643] INFO  impl.FollowerState (FollowerState.java:run(117)) - e63c905b-6e24-4a59-beee-02f8929d0b77@group-3C260A0191AA-FollowerState was interrupted: java.lang.InterruptedException: sleep interrupted
2019-10-18 05:11:40,132 [grpc-default-executor-5] INFO  impl.RoleInfo (RoleInfo.java:updateAndGet(143)) - e63c905b-6e24-4a59-beee-02f8929d0b77: start FollowerState
2019-10-18 05:11:40,132 [grpc-default-executor-1] INFO  impl.RoleInfo (RoleInfo.java:updateAndGet(143)) - 06992730-799e-49b1-b4b4-a9e995f4f1fe: start FollowerState
2019-10-18 05:11:40,132 [Thread-642] INFO  impl.FollowerState (FollowerState.java:run(117)) - 06992730-799e-49b1-b4b4-a9e995f4f1fe@group-3C260A0191AA-FollowerState was interrupted: java.lang.InterruptedException: sleep interrupted
2019-10-18 05:11:40,148 [56eab7d4-40e2-4b28-9c72-53449258b8a2@group-3C260A0191AA-LeaderElection21] INFO  impl.LeaderElection (LeaderElection.java:logAndReturn(56)) - 56eab7d4-40e2-4b28-9c72-53449258b8a2@group-3C260A0191AA-LeaderElection21: Election REJECTED; received 2 response(s) [56eab7d4-40e2-4b28-9c72-53449258b8a2<-e63c905b-6e24-4a59-beee-02f8929d0b77#0:FAIL-t16, 56eab7d4-40e2-4b28-9c72-53449258b8a2<-06992730-799e-49b1-b4b4-a9e995f4f1fe#0:FAIL-t16] and 0 exception(s); 56eab7d4-40e2-4b28-9c72-53449258b8a2@group-3C260A0191AA:t16, leader=null, voted=56eab7d4-40e2-4b28-9c72-53449258b8a2, raftlog=56eab7d4-40e2-4b28-9c72-53449258b8a2@group-3C260A0191AA-SegmentedRaftLog:OPENED:c3,f4,i4, conf=0: [e63c905b-6e24-4a59-beee-02f8929d0b77:192.168.69.125:42235, 56eab7d4-40e2-4b28-9c72-53449258b8a2:192.168.69.125:37820, 06992730-799e-49b1-b4b4-a9e995f4f1fe:192.168.69.125:34681], old=null
2019-10-18 05:11:40,148 [56eab7d4-40e2-4b28-9c72-53449258b8a2@group-3C260A0191AA-LeaderElection21] INFO  impl.RaftServerImpl (RaftServerImpl.java:setRole(184)) - 56eab7d4-40e2-4b28-9c72-53449258b8a2@group-3C260A0191AA: changes role from CANDIDATE to FOLLOWER at term 16 for DISCOVERED_A_NEW_TERM
2019-10-18 05:11:40,149 [56eab7d4-40e2-4b28-9c72-53449258b8a2@group-3C260A0191AA-LeaderElection21] INFO  impl.RoleInfo (RoleInfo.java:shutdownLeaderElection(134)) - 56eab7d4-40e2-4b28-9c72-53449258b8a2: shutdown LeaderElection
2019-10-18 05:11:40,149 [56eab7d4-40e2-4b28-9c72-53449258b8a2@group-3C260A0191AA-LeaderElection21] INFO  impl.RoleInfo (RoleInfo.java:updateAndGet(143)) - 56eab7d4-40e2-4b28-9c72-53449258b8a2: start FollowerState
2019-10-18 05:11:40,150 [EventQueue-PendingDeleteStatusForPendingDeleteHandler] INFO  block.SCMBlockDeletingService (SCMBlockDeletingService.java:handlePendingDeletes(115)) - Block deletion txnID mismatch in datanode 56eab7d4-40e2-4b28-9c72-53449258b8a2 for containerID 1. Datanode delete txnID: 0, SCM txnID: 1
2019-10-18 05:11:40,220 [Thread-650] INFO  impl.FollowerState (FollowerState.java:run(108)) - 56eab7d4-40e2-4b28-9c72-53449258b8a2@group-3C260A0191AA-FollowerState: change to CANDIDATE, lastRpcTime:71ms, electionTimeout:71ms
2019-10-18 05:11:40,220 [Thread-650] INFO  impl.RoleInfo (RoleInfo.java:shutdownFollowerState(121)) - 56eab7d4-40e2-4b28-9c72-53449258b8a2: shutdown FollowerState
2019-10-18 05:11:40,220 [Thread-650] INFO  impl.RaftServerImpl (RaftServerImpl.java:setRole(184)) - 56eab7d4-40e2-4b28-9c72-53449258b8a2@group-3C260A0191AA: changes role from  FOLLOWER to CANDIDATE at term 16 for changeToCandidate
2019-10-18 05:11:40,221 [Thread-650] INFO  impl.RoleInfo (RoleInfo.java:updateAndGet(143)) - 56eab7d4-40e2-4b28-9c72-53449258b8a2: start LeaderElection
2019-10-18 05:11:40,234 [56eab7d4-40e2-4b28-9c72-53449258b8a2@group-3C260A0191AA-LeaderElection22] INFO  impl.LeaderElection (LeaderElection.java:askForVotes(178)) - 56eab7d4-40e2-4b28-9c72-53449258b8a2@group-3C260A0191AA-LeaderElection22: begin an election at term 17 for 0: [e63c905b-6e24-4a59-beee-02f8929d0b77:192.168.69.125:42235, 56eab7d4-40e2-4b28-9c72-53449258b8a2:192.168.69.125:37820, 06992730-799e-49b1-b4b4-a9e995f4f1fe:192.168.69.125:34681], old=null
2019-10-18 05:11:40,237 [grpc-default-executor-1] INFO  impl.RaftServerImpl (RaftServerImpl.java:setRole(184)) - 06992730-799e-49b1-b4b4-a9e995f4f1fe@group-3C260A0191AA: changes role from  FOLLOWER to FOLLOWER at term 17 for recognizeCandidate:56eab7d4-40e2-4b28-9c72-53449258b8a2
2019-10-18 05:11:40,237 [grpc-default-executor-5] INFO  impl.RaftServerImpl (RaftServerImpl.java:setRole(184)) - e63c905b-6e24-4a59-beee-02f8929d0b77@group-3C260A0191AA: changes role from  FOLLOWER to FOLLOWER at term 17 for recognizeCandidate:56eab7d4-40e2-4b28-9c72-53449258b8a2
2019-10-18 05:11:40,237 [grpc-default-executor-1] INFO  impl.RoleInfo (RoleInfo.java:shutdownFollowerState(121)) - 06992730-799e-49b1-b4b4-a9e995f4f1fe: shutdown FollowerState
2019-10-18 05:11:40,237 [grpc-default-executor-5] INFO  impl.RoleInfo (RoleInfo.java:shutdownFollowerState(121)) - e63c905b-6e24-4a59-beee-02f8929d0b77: shutdown FollowerState
2019-10-18 05:11:40,238 [Thread-649] INFO  impl.FollowerState (FollowerState.java:run(117)) - 06992730-799e-49b1-b4b4-a9e995f4f1fe@group-3C260A0191AA-FollowerState was interrupted: java.lang.InterruptedException: sleep interrupted
2019-10-18 05:11:40,237 [grpc-default-executor-1] INFO  impl.RoleInfo (RoleInfo.java:updateAndGet(143)) - 06992730-799e-49b1-b4b4-a9e995f4f1fe: start FollowerState
2019-10-18 05:11:40,238 [grpc-default-executor-5] INFO  impl.RoleInfo (RoleInfo.java:updateAndGet(143)) - e63c905b-6e24-4a59-beee-02f8929d0b77: start FollowerState
2019-10-18 05:11:40,238 [Thread-648] INFO  impl.FollowerState (FollowerState.java:run(117)) - e63c905b-6e24-4a59-beee-02f8929d0b77@group-3C260A0191AA-FollowerState was interrupted: java.lang.InterruptedException: sleep interrupted
2019-10-18 05:11:40,252 [56eab7d4-40e2-4b28-9c72-53449258b8a2@group-3C260A0191AA-LeaderElection22] INFO  impl.LeaderElection (LeaderElection.java:logAndReturn(56)) - 56eab7d4-40e2-4b28-9c72-53449258b8a2@group-3C260A0191AA-LeaderElection22: Election REJECTED; received 2 response(s) [56eab7d4-40e2-4b28-9c72-53449258b8a2<-e63c905b-6e24-4a59-beee-02f8929d0b77#0:FAIL-t17, 56eab7d4-40e2-4b28-9c72-53449258b8a2<-06992730-799e-49b1-b4b4-a9e995f4f1fe#0:FAIL-t17] and 0 exception(s); 56eab7d4-40e2-4b28-9c72-53449258b8a2@group-3C260A0191AA:t17, leader=null, voted=56eab7d4-40e2-4b28-9c72-53449258b8a2, raftlog=56eab7d4-40e2-4b28-9c72-53449258b8a2@group-3C260A0191AA-SegmentedRaftLog:OPENED:c3,f4,i4, conf=0: [e63c905b-6e24-4a59-beee-02f8929d0b77:192.168.69.125:42235, 56eab7d4-40e2-4b28-9c72-53449258b8a2:192.168.69.125:37820, 06992730-799e-49b1-b4b4-a9e995f4f1fe:192.168.69.125:34681], old=null
2019-10-18 05:11:40,253 [56eab7d4-40e2-4b28-9c72-53449258b8a2@group-3C260A0191AA-LeaderElection22] INFO  impl.RaftServerImpl (RaftServerImpl.java:setRole(184)) - 56eab7d4-40e2-4b28-9c72-53449258b8a2@group-3C260A0191AA: changes role from CANDIDATE to FOLLOWER at term 17 for DISCOVERED_A_NEW_TERM
2019-10-18 05:11:40,253 [56eab7d4-40e2-4b28-9c72-53449258b8a2@group-3C260A0191AA-LeaderElection22] INFO  impl.RoleInfo (RoleInfo.java:shutdownLeaderElection(134)) - 56eab7d4-40e2-4b28-9c72-53449258b8a2: shutdown LeaderElection
2019-10-18 05:11:40,253 [56eab7d4-40e2-4b28-9c72-53449258b8a2@group-3C260A0191AA-LeaderElection22] INFO  impl.RoleInfo (RoleInfo.java:updateAndGet(143)) - 56eab7d4-40e2-4b28-9c72-53449258b8a2: start FollowerState
2019-10-18 05:11:40,315 [Thread-657] INFO  impl.FollowerState (FollowerState.java:run(108)) - 56eab7d4-40e2-4b28-9c72-53449258b8a2@group-3C260A0191AA-FollowerState: change to CANDIDATE, lastRpcTime:62ms, electionTimeout:62ms
2019-10-18 05:11:40,316 [Thread-659] INFO  client.GrpcClientProtocolService (GrpcClientProtocolService.java:lambda$processClientRequest$0(278)) - Failed RaftClientRequest:client-46808F7408E0->06992730-799e-49b1-b4b4-a9e995f4f1fe@group-3C260A0191AA, cid=10, seq=0, Watch-ALL_COMMITTED(6), Message:<EMPTY>, reply=RaftClientReply:client-46808F7408E0->06992730-799e-49b1-b4b4-a9e995f4f1fe@group-3C260A0191AA, cid=10, FAILED org.apache.ratis.protocol.NotLeaderException: Server 06992730-799e-49b1-b4b4-a9e995f4f1fe@group-3C260A0191AA is not the leader, logIndex=0, commits[06992730-799e-49b1-b4b4-a9e995f4f1fe:c10, e63c905b-6e24-4a59-beee-02f8929d0b77:c10, 56eab7d4-40e2-4b28-9c72-53449258b8a2:c4]
2019-10-18 05:11:40,316 [Thread-657] INFO  impl.RoleInfo (RoleInfo.java:shutdownFollowerState(121)) - 56eab7d4-40e2-4b28-9c72-53449258b8a2: shutdown FollowerState
2019-10-18 05:11:40,317 [Thread-657] INFO  impl.RaftServerImpl (RaftServerImpl.java:setRole(184)) - 56eab7d4-40e2-4b28-9c72-53449258b8a2@group-3C260A0191AA: changes role from  FOLLOWER to CANDIDATE at term 17 for changeToCandidate
2019-10-18 05:11:40,320 [Thread-657] INFO  impl.RoleInfo (RoleInfo.java:updateAndGet(143)) - 56eab7d4-40e2-4b28-9c72-53449258b8a2: start LeaderElection
2019-10-18 05:11:40,336 [56eab7d4-40e2-4b28-9c72-53449258b8a2@group-3C260A0191AA-LeaderElection23] INFO  impl.LeaderElection (LeaderElection.java:askForVotes(178)) - 56eab7d4-40e2-4b28-9c72-53449258b8a2@group-3C260A0191AA-LeaderElection23: begin an election at term 18 for 0: [e63c905b-6e24-4a59-beee-02f8929d0b77:192.168.69.125:42235, 56eab7d4-40e2-4b28-9c72-53449258b8a2:192.168.69.125:37820, 06992730-799e-49b1-b4b4-a9e995f4f1fe:192.168.69.125:34681], old=null
2019-10-18 05:11:40,418 [grpc-default-executor-5] INFO  impl.RaftServerImpl (RaftServerImpl.java:setRole(184)) - e63c905b-6e24-4a59-beee-02f8929d0b77@group-3C260A0191AA: changes role from  FOLLOWER to FOLLOWER at term 18 for recognizeCandidate:56eab7d4-40e2-4b28-9c72-53449258b8a2
2019-10-18 05:11:40,419 [grpc-default-executor-5] INFO  impl.RoleInfo (RoleInfo.java:shutdownFollowerState(121)) - e63c905b-6e24-4a59-beee-02f8929d0b77: shutdown FollowerState
2019-10-18 05:11:40,418 [grpc-default-executor-1] INFO  impl.RaftServerImpl (RaftServerImpl.java:setRole(184)) - 06992730-799e-49b1-b4b4-a9e995f4f1fe@group-3C260A0191AA: changes role from  FOLLOWER to FOLLOWER at term 18 for recognizeCandidate:56eab7d4-40e2-4b28-9c72-53449258b8a2
2019-10-18 05:11:40,419 [grpc-default-executor-5] INFO  impl.RoleInfo (RoleInfo.java:updateAndGet(143)) - e63c905b-6e24-4a59-beee-02f8929d0b77: start FollowerState
2019-10-18 05:11:40,419 [Thread-656] INFO  impl.FollowerState (FollowerState.java:run(117)) - e63c905b-6e24-4a59-beee-02f8929d0b77@group-3C260A0191AA-FollowerState was interrupted: java.lang.InterruptedException: sleep interrupted
2019-10-18 05:11:40,419 [grpc-default-executor-1] INFO  impl.RoleInfo (RoleInfo.java:shutdownFollowerState(121)) - 06992730-799e-49b1-b4b4-a9e995f4f1fe: shutdown FollowerState
2019-10-18 05:11:40,419 [Thread-655] INFO  impl.FollowerState (FollowerState.java:run(117)) - 06992730-799e-49b1-b4b4-a9e995f4f1fe@group-3C260A0191AA-FollowerState was interrupted: java.lang.InterruptedException: sleep interrupted
2019-10-18 05:11:40,419 [grpc-default-executor-1] INFO  impl.RoleInfo (RoleInfo.java:updateAndGet(143)) - 06992730-799e-49b1-b4b4-a9e995f4f1fe: start FollowerState
2019-10-18 05:11:40,435 [56eab7d4-40e2-4b28-9c72-53449258b8a2@group-3C260A0191AA-LeaderElection23] INFO  impl.LeaderElection (LeaderElection.java:logAndReturn(56)) - 56eab7d4-40e2-4b28-9c72-53449258b8a2@group-3C260A0191AA-LeaderElection23: Election REJECTED; received 2 response(s) [56eab7d4-40e2-4b28-9c72-53449258b8a2<-e63c905b-6e24-4a59-beee-02f8929d0b77#0:FAIL-t18, 56eab7d4-40e2-4b28-9c72-53449258b8a2<-06992730-799e-49b1-b4b4-a9e995f4f1fe#0:FAIL-t18] and 0 exception(s); 56eab7d4-40e2-4b28-9c72-53449258b8a2@group-3C260A0191AA:t18, leader=null, voted=56eab7d4-40e2-4b28-9c72-53449258b8a2, raftlog=56eab7d4-40e2-4b28-9c72-53449258b8a2@group-3C260A0191AA-SegmentedRaftLog:OPENED:c3,f4,i4, conf=0: [e63c905b-6e24-4a59-beee-02f8929d0b77:192.168.69.125:42235, 56eab7d4-40e2-4b28-9c72-53449258b8a2:192.168.69.125:37820, 06992730-799e-49b1-b4b4-a9e995f4f1fe:192.168.69.125:34681], old=null
2019-10-18 05:11:40,435 [56eab7d4-40e2-4b28-9c72-53449258b8a2@group-3C260A0191AA-LeaderElection23] INFO  impl.RaftServerImpl (RaftServerImpl.java:setRole(184)) - 56eab7d4-40e2-4b28-9c72-53449258b8a2@group-3C260A0191AA: changes role from CANDIDATE to FOLLOWER at term 18 for DISCOVERED_A_NEW_TERM
2019-10-18 05:11:40,435 [56eab7d4-40e2-4b28-9c72-53449258b8a2@group-3C260A0191AA-LeaderElection23] INFO  impl.RoleInfo (RoleInfo.java:shutdownLeaderElection(134)) - 56eab7d4-40e2-4b28-9c72-53449258b8a2: shutdown LeaderElection
2019-10-18 05:11:40,436 [56eab7d4-40e2-4b28-9c72-53449258b8a2@group-3C260A0191AA-LeaderElection23] INFO  impl.RoleInfo (RoleInfo.java:updateAndGet(143)) - 56eab7d4-40e2-4b28-9c72-53449258b8a2: start FollowerState
2019-10-18 05:11:40,459 [pool-7-thread-1] INFO  commands.RetriableDatanodeEventWatcher (RetriableDatanodeEventWatcher.java:onTimeout(47)) - RetriableDatanodeCommand type=deleteBlocksCommand with id=1571375495459 timed out. Retrying.
2019-10-18 05:11:40,461 [pool-7-thread-3] INFO  commands.RetriableDatanodeEventWatcher (RetriableDatanodeEventWatcher.java:onTimeout(47)) - RetriableDatanodeCommand type=deleteBlocksCommand with id=1571375495460 timed out. Retrying.
2019-10-18 05:11:40,461 [pool-7-thread-5] INFO  commands.RetriableDatanodeEventWatcher (RetriableDatanodeEventWatcher.java:onTimeout(47)) - RetriableDatanodeCommand type=deleteBlocksCommand with id=1571375495457 timed out. Retrying.
2019-10-18 05:11:40,461 [SCMBlockDeletingService#0] INFO  block.SCMBlockDeletingService (SCMBlockDeletingService.java:call(184)) - Totally added 1 delete blocks command for 1 datanodes, task elapsed time: 1ms
2019-10-18 05:11:40,461 [pool-7-thread-2] INFO  commands.RetriableDatanodeEventWatcher (RetriableDatanodeEventWatcher.java:onTimeout(47)) - RetriableDatanodeCommand type=deleteBlocksCommand with id=1571375495461 timed out. Retrying.
2019-10-18 05:11:40,461 [pool-7-thread-4] INFO  commands.RetriableDatanodeEventWatcher (RetriableDatanodeEventWatcher.java:onTimeout(47)) - RetriableDatanodeCommand type=deleteBlocksCommand with id=1571375495462 timed out. Retrying.
2019-10-18 05:11:40,598 [Thread-666] INFO  impl.FollowerState (FollowerState.java:run(108)) - 56eab7d4-40e2-4b28-9c72-53449258b8a2@group-3C260A0191AA-FollowerState: change to CANDIDATE, lastRpcTime:162ms, electionTimeout:162ms
2019-10-18 05:11:40,598 [Thread-666] INFO  impl.RoleInfo (RoleInfo.java:shutdownFollowerState(121)) - 56eab7d4-40e2-4b28-9c72-53449258b8a2: shutdown FollowerState
2019-10-18 05:11:40,598 [Thread-666] INFO  impl.RaftServerImpl (RaftServerImpl.java:setRole(184)) - 56eab7d4-40e2-4b28-9c72-53449258b8a2@group-3C260A0191AA: changes role from  FOLLOWER to CANDIDATE at term 18 for changeToCandidate
2019-10-18 05:11:40,598 [Thread-666] INFO  impl.RoleInfo (RoleInfo.java:updateAndGet(143)) - 56eab7d4-40e2-4b28-9c72-53449258b8a2: start LeaderElection
2019-10-18 05:11:40,621 [56eab7d4-40e2-4b28-9c72-53449258b8a2@group-3C260A0191AA-LeaderElection24] INFO  impl.LeaderElection (LeaderElection.java:askForVotes(178)) - 56eab7d4-40e2-4b28-9c72-53449258b8a2@group-3C260A0191AA-LeaderElection24: begin an election at term 19 for 0: [e63c905b-6e24-4a59-beee-02f8929d0b77:192.168.69.125:42235, 56eab7d4-40e2-4b28-9c72-53449258b8a2:192.168.69.125:37820, 06992730-799e-49b1-b4b4-a9e995f4f1fe:192.168.69.125:34681], old=null
2019-10-18 05:11:40,624 [grpc-default-executor-1] INFO  impl.RaftServerImpl (RaftServerImpl.java:setRole(184)) - e63c905b-6e24-4a59-beee-02f8929d0b77@group-3C260A0191AA: changes role from  FOLLOWER to FOLLOWER at term 19 for recognizeCandidate:56eab7d4-40e2-4b28-9c72-53449258b8a2
2019-10-18 05:11:40,625 [grpc-default-executor-1] INFO  impl.RoleInfo (RoleInfo.java:shutdownFollowerState(121)) - e63c905b-6e24-4a59-beee-02f8929d0b77: shutdown FollowerState
2019-10-18 05:11:40,624 [grpc-default-executor-5] INFO  impl.RaftServerImpl (RaftServerImpl.java:setRole(184)) - 06992730-799e-49b1-b4b4-a9e995f4f1fe@group-3C260A0191AA: changes role from  FOLLOWER to FOLLOWER at term 19 for recognizeCandidate:56eab7d4-40e2-4b28-9c72-53449258b8a2
2019-10-18 05:11:40,625 [grpc-default-executor-1] INFO  impl.RoleInfo (RoleInfo.java:updateAndGet(143)) - e63c905b-6e24-4a59-beee-02f8929d0b77: start FollowerState
2019-10-18 05:11:40,625 [Thread-664] INFO  impl.FollowerState (FollowerState.java:run(117)) - e63c905b-6e24-4a59-beee-02f8929d0b77@group-3C260A0191AA-FollowerState was interrupted: java.lang.InterruptedException: sleep interrupted
2019-10-18 05:11:40,625 [grpc-default-executor-5] INFO  impl.RoleInfo (RoleInfo.java:shutdownFollowerState(121)) - 06992730-799e-49b1-b4b4-a9e995f4f1fe: shutdown FollowerState
2019-10-18 05:11:40,625 [Thread-665] INFO  impl.FollowerState (FollowerState.java:run(117)) - 06992730-799e-49b1-b4b4-a9e995f4f1fe@group-3C260A0191AA-FollowerState was interrupted: java.lang.InterruptedException: sleep interrupted
2019-10-18 05:11:40,625 [grpc-default-executor-5] INFO  impl.RoleInfo (RoleInfo.java:updateAndGet(143)) - 06992730-799e-49b1-b4b4-a9e995f4f1fe: start FollowerState
2019-10-18 05:11:40,640 [56eab7d4-40e2-4b28-9c72-53449258b8a2@group-3C260A0191AA-LeaderElection24] INFO  impl.LeaderElection (LeaderElection.java:logAndReturn(56)) - 56eab7d4-40e2-4b28-9c72-53449258b8a2@group-3C260A0191AA-LeaderElection24: Election REJECTED; received 2 response(s) [56eab7d4-40e2-4b28-9c72-53449258b8a2<-e63c905b-6e24-4a59-beee-02f8929d0b77#0:FAIL-t19, 56eab7d4-40e2-4b28-9c72-53449258b8a2<-06992730-799e-49b1-b4b4-a9e995f4f1fe#0:FAIL-t19] and 0 exception(s); 56eab7d4-40e2-4b28-9c72-53449258b8a2@group-3C260A0191AA:t19, leader=null, voted=56eab7d4-40e2-4b28-9c72-53449258b8a2, raftlog=56eab7d4-40e2-4b28-9c72-53449258b8a2@group-3C260A0191AA-SegmentedRaftLog:OPENED:c3,f4,i4, conf=0: [e63c905b-6e24-4a59-beee-02f8929d0b77:192.168.69.125:42235, 56eab7d4-40e2-4b28-9c72-53449258b8a2:192.168.69.125:37820, 06992730-799e-49b1-b4b4-a9e995f4f1fe:192.168.69.125:34681], old=null
2019-10-18 05:11:40,640 [56eab7d4-40e2-4b28-9c72-53449258b8a2@group-3C260A0191AA-LeaderElection24] INFO  impl.RaftServerImpl (RaftServerImpl.java:setRole(184)) - 56eab7d4-40e2-4b28-9c72-53449258b8a2@group-3C260A0191AA: changes role from CANDIDATE to FOLLOWER at term 19 for DISCOVERED_A_NEW_TERM
2019-10-18 05:11:40,640 [56eab7d4-40e2-4b28-9c72-53449258b8a2@group-3C260A0191AA-LeaderElection24] INFO  impl.RoleInfo (RoleInfo.java:shutdownLeaderElection(134)) - 56eab7d4-40e2-4b28-9c72-53449258b8a2: shutdown LeaderElection
2019-10-18 05:11:40,641 [56eab7d4-40e2-4b28-9c72-53449258b8a2@group-3C260A0191AA-LeaderElection24] INFO  impl.RoleInfo (RoleInfo.java:updateAndGet(143)) - 56eab7d4-40e2-4b28-9c72-53449258b8a2: start FollowerState
2019-10-18 05:11:40,753 [Thread-672] INFO  impl.FollowerState (FollowerState.java:run(108)) - 56eab7d4-40e2-4b28-9c72-53449258b8a2@group-3C260A0191AA-FollowerState: change to CANDIDATE, lastRpcTime:112ms, electionTimeout:112ms
2019-10-18 05:11:40,754 [Thread-672] INFO  impl.RoleInfo (RoleInfo.java:shutdownFollowerState(121)) - 56eab7d4-40e2-4b28-9c72-53449258b8a2: shutdown FollowerState
2019-10-18 05:11:40,755 [Thread-672] INFO  impl.RaftServerImpl (RaftServerImpl.java:setRole(184)) - 56eab7d4-40e2-4b28-9c72-53449258b8a2@group-3C260A0191AA: changes role from  FOLLOWER to CANDIDATE at term 19 for changeToCandidate
2019-10-18 05:11:40,755 [Thread-672] INFO  impl.RoleInfo (RoleInfo.java:updateAndGet(143)) - 56eab7d4-40e2-4b28-9c72-53449258b8a2: start LeaderElection
2019-10-18 05:11:40,769 [56eab7d4-40e2-4b28-9c72-53449258b8a2@group-3C260A0191AA-LeaderElection25] INFO  impl.LeaderElection (LeaderElection.java:askForVotes(178)) - 56eab7d4-40e2-4b28-9c72-53449258b8a2@group-3C260A0191AA-LeaderElection25: begin an election at term 20 for 0: [e63c905b-6e24-4a59-beee-02f8929d0b77:192.168.69.125:42235, 56eab7d4-40e2-4b28-9c72-53449258b8a2:192.168.69.125:37820, 06992730-799e-49b1-b4b4-a9e995f4f1fe:192.168.69.125:34681], old=null
2019-10-18 05:11:40,773 [grpc-default-executor-5] INFO  impl.RaftServerImpl (RaftServerImpl.java:setRole(184)) - 06992730-799e-49b1-b4b4-a9e995f4f1fe@group-3C260A0191AA: changes role from  FOLLOWER to FOLLOWER at term 20 for recognizeCandidate:56eab7d4-40e2-4b28-9c72-53449258b8a2
2019-10-18 05:11:40,773 [grpc-default-executor-1] INFO  impl.RaftServerImpl (RaftServerImpl.java:setRole(184)) - e63c905b-6e24-4a59-beee-02f8929d0b77@group-3C260A0191AA: changes role from  FOLLOWER to FOLLOWER at term 20 for recognizeCandidate:56eab7d4-40e2-4b28-9c72-53449258b8a2
2019-10-18 05:11:40,773 [grpc-default-executor-5] INFO  impl.RoleInfo (RoleInfo.java:shutdownFollowerState(121)) - 06992730-799e-49b1-b4b4-a9e995f4f1fe: shutdown FollowerState
2019-10-18 05:11:40,773 [grpc-default-executor-1] INFO  impl.RoleInfo (RoleInfo.java:shutdownFollowerState(121)) - e63c905b-6e24-4a59-beee-02f8929d0b77: shutdown FollowerState
2019-10-18 05:11:40,773 [grpc-default-executor-5] INFO  impl.RoleInfo (RoleInfo.java:updateAndGet(143)) - 06992730-799e-49b1-b4b4-a9e995f4f1fe: start FollowerState
2019-10-18 05:11:40,773 [Thread-671] INFO  impl.FollowerState (FollowerState.java:run(117)) - 06992730-799e-49b1-b4b4-a9e995f4f1fe@group-3C260A0191AA-FollowerState was interrupted: java.lang.InterruptedException: sleep interrupted
2019-10-18 05:11:40,773 [grpc-default-executor-1] INFO  impl.RoleInfo (RoleInfo.java:updateAndGet(143)) - e63c905b-6e24-4a59-beee-02f8929d0b77: start FollowerState
2019-10-18 05:11:40,773 [Thread-670] INFO  impl.FollowerState (FollowerState.java:run(117)) - e63c905b-6e24-4a59-beee-02f8929d0b77@group-3C260A0191AA-FollowerState was interrupted: java.lang.InterruptedException: sleep interrupted
2019-10-18 05:11:40,789 [56eab7d4-40e2-4b28-9c72-53449258b8a2@group-3C260A0191AA-LeaderElection25] INFO  impl.LeaderElection (LeaderElection.java:logAndReturn(56)) - 56eab7d4-40e2-4b28-9c72-53449258b8a2@group-3C260A0191AA-LeaderElection25: Election REJECTED; received 2 response(s) [56eab7d4-40e2-4b28-9c72-53449258b8a2<-e63c905b-6e24-4a59-beee-02f8929d0b77#0:FAIL-t20, 56eab7d4-40e2-4b28-9c72-53449258b8a2<-06992730-799e-49b1-b4b4-a9e995f4f1fe#0:FAIL-t20] and 0 exception(s); 56eab7d4-40e2-4b28-9c72-53449258b8a2@group-3C260A0191AA:t20, leader=null, voted=56eab7d4-40e2-4b28-9c72-53449258b8a2, raftlog=56eab7d4-40e2-4b28-9c72-53449258b8a2@group-3C260A0191AA-SegmentedRaftLog:OPENED:c3,f4,i4, conf=0: [e63c905b-6e24-4a59-beee-02f8929d0b77:192.168.69.125:42235, 56eab7d4-40e2-4b28-9c72-53449258b8a2:192.168.69.125:37820, 06992730-799e-49b1-b4b4-a9e995f4f1fe:192.168.69.125:34681], old=null
2019-10-18 05:11:40,789 [56eab7d4-40e2-4b28-9c72-53449258b8a2@group-3C260A0191AA-LeaderElection25] INFO  impl.RaftServerImpl (RaftServerImpl.java:setRole(184)) - 56eab7d4-40e2-4b28-9c72-53449258b8a2@group-3C260A0191AA: changes role from CANDIDATE to FOLLOWER at term 20 for DISCOVERED_A_NEW_TERM
2019-10-18 05:11:40,789 [56eab7d4-40e2-4b28-9c72-53449258b8a2@group-3C260A0191AA-LeaderElection25] INFO  impl.RoleInfo (RoleInfo.java:shutdownLeaderElection(134)) - 56eab7d4-40e2-4b28-9c72-53449258b8a2: shutdown LeaderElection
2019-10-18 05:11:40,790 [56eab7d4-40e2-4b28-9c72-53449258b8a2@group-3C260A0191AA-LeaderElection25] INFO  impl.RoleInfo (RoleInfo.java:updateAndGet(143)) - 56eab7d4-40e2-4b28-9c72-53449258b8a2: start FollowerState
2019-10-18 05:11:40,905 [BlockDeletingService#2] WARN  background.BlockDeletingService (BlockDeletingService.java:isDeletionAllowed(187)) - Close Container log Index 6 is not replicated across allthe servers in the pipeline 7b6774a4-dfa8-469c-9b78-3c260a0191aa as the min replicated index is 4. Deletion is not allowed in this container yet.
2019-10-18 05:11:40,905 [BlockDeletingService#2] WARN  background.BlockDeletingService (BlockDeletingService.java:isDeletionAllowed(187)) - Close Container log Index 6 is not replicated across allthe servers in the pipeline 7b6774a4-dfa8-469c-9b78-3c260a0191aa as the min replicated index is 4. Deletion is not allowed in this container yet.
2019-10-18 05:11:40,933 [java.util.concurrent.ThreadPoolExecutor$Worker@4eabad00[State = -1, empty queue]] WARN  server.GrpcLogAppender (GrpcLogAppender.java:timeoutAppendRequest(209)) - 06992730-799e-49b1-b4b4-a9e995f4f1fe@group-3C260A0191AA->56eab7d4-40e2-4b28-9c72-53449258b8a2-GrpcLogAppender: appendEntries Timeout, request=06992730-799e-49b1-b4b4-a9e995f4f1fe->56eab7d4-40e2-4b28-9c72-53449258b8a2#52-t2, previous=(t:2, i:10), leaderCommit=10, initializing? false, entries: <empty>
2019-10-18 05:11:40,945 [Thread-678] INFO  impl.FollowerState (FollowerState.java:run(108)) - 56eab7d4-40e2-4b28-9c72-53449258b8a2@group-3C260A0191AA-FollowerState: change to CANDIDATE, lastRpcTime:155ms, electionTimeout:155ms
2019-10-18 05:11:40,945 [Thread-678] INFO  impl.RoleInfo (RoleInfo.java:shutdownFollowerState(121)) - 56eab7d4-40e2-4b28-9c72-53449258b8a2: shutdown FollowerState
2019-10-18 05:11:40,945 [Thread-678] INFO  impl.RaftServerImpl (RaftServerImpl.java:setRole(184)) - 56eab7d4-40e2-4b28-9c72-53449258b8a2@group-3C260A0191AA: changes role from  FOLLOWER to CANDIDATE at term 20 for changeToCandidate
2019-10-18 05:11:40,945 [Thread-678] INFO  impl.RoleInfo (RoleInfo.java:updateAndGet(143)) - 56eab7d4-40e2-4b28-9c72-53449258b8a2: start LeaderElection
2019-10-18 05:11:40,959 [56eab7d4-40e2-4b28-9c72-53449258b8a2@group-3C260A0191AA-LeaderElection26] INFO  impl.LeaderElection (LeaderElection.java:askForVotes(178)) - 56eab7d4-40e2-4b28-9c72-53449258b8a2@group-3C260A0191AA-LeaderElection26: begin an election at term 21 for 0: [e63c905b-6e24-4a59-beee-02f8929d0b77:192.168.69.125:42235, 56eab7d4-40e2-4b28-9c72-53449258b8a2:192.168.69.125:37820, 06992730-799e-49b1-b4b4-a9e995f4f1fe:192.168.69.125:34681], old=null
2019-10-18 05:11:40,962 [grpc-default-executor-1] INFO  impl.RaftServerImpl (RaftServerImpl.java:setRole(184)) - 06992730-799e-49b1-b4b4-a9e995f4f1fe@group-3C260A0191AA: changes role from  FOLLOWER to FOLLOWER at term 21 for recognizeCandidate:56eab7d4-40e2-4b28-9c72-53449258b8a2
2019-10-18 05:11:40,962 [grpc-default-executor-5] INFO  impl.RaftServerImpl (RaftServerImpl.java:setRole(184)) - e63c905b-6e24-4a59-beee-02f8929d0b77@group-3C260A0191AA: changes role from  FOLLOWER to FOLLOWER at term 21 for recognizeCandidate:56eab7d4-40e2-4b28-9c72-53449258b8a2
2019-10-18 05:11:40,962 [grpc-default-executor-1] INFO  impl.RoleInfo (RoleInfo.java:shutdownFollowerState(121)) - 06992730-799e-49b1-b4b4-a9e995f4f1fe: shutdown FollowerState
2019-10-18 05:11:40,962 [grpc-default-executor-5] INFO  impl.RoleInfo (RoleInfo.java:shutdownFollowerState(121)) - e63c905b-6e24-4a59-beee-02f8929d0b77: shutdown FollowerState
2019-10-18 05:11:40,962 [Thread-676] INFO  impl.FollowerState (FollowerState.java:run(117)) - 06992730-799e-49b1-b4b4-a9e995f4f1fe@group-3C260A0191AA-FollowerState was interrupted: java.lang.InterruptedException: sleep interrupted
2019-10-18 05:11:40,962 [grpc-default-executor-1] INFO  impl.RoleInfo (RoleInfo.java:updateAndGet(143)) - 06992730-799e-49b1-b4b4-a9e995f4f1fe: start FollowerState
2019-10-18 05:11:40,962 [Thread-677] INFO  impl.FollowerState (FollowerState.java:run(117)) - e63c905b-6e24-4a59-beee-02f8929d0b77@group-3C260A0191AA-FollowerState was interrupted: java.lang.InterruptedException: sleep interrupted
2019-10-18 05:11:40,962 [grpc-default-executor-5] INFO  impl.RoleInfo (RoleInfo.java:updateAndGet(143)) - e63c905b-6e24-4a59-beee-02f8929d0b77: start FollowerState
2019-10-18 05:11:40,977 [56eab7d4-40e2-4b28-9c72-53449258b8a2@group-3C260A0191AA-LeaderElection26] INFO  impl.LeaderElection (LeaderElection.java:logAndReturn(56)) - 56eab7d4-40e2-4b28-9c72-53449258b8a2@group-3C260A0191AA-LeaderElection26: Election REJECTED; received 2 response(s) [56eab7d4-40e2-4b28-9c72-53449258b8a2<-e63c905b-6e24-4a59-beee-02f8929d0b77#0:FAIL-t21, 56eab7d4-40e2-4b28-9c72-53449258b8a2<-06992730-799e-49b1-b4b4-a9e995f4f1fe#0:FAIL-t21] and 0 exception(s); 56eab7d4-40e2-4b28-9c72-53449258b8a2@group-3C260A0191AA:t21, leader=null, voted=56eab7d4-40e2-4b28-9c72-53449258b8a2, raftlog=56eab7d4-40e2-4b28-9c72-53449258b8a2@group-3C260A0191AA-SegmentedRaftLog:OPENED:c3,f4,i4, conf=0: [e63c905b-6e24-4a59-beee-02f8929d0b77:192.168.69.125:42235, 56eab7d4-40e2-4b28-9c72-53449258b8a2:192.168.69.125:37820, 06992730-799e-49b1-b4b4-a9e995f4f1fe:192.168.69.125:34681], old=null
2019-10-18 05:11:40,977 [56eab7d4-40e2-4b28-9c72-53449258b8a2@group-3C260A0191AA-LeaderElection26] INFO  impl.RaftServerImpl (RaftServerImpl.java:setRole(184)) - 56eab7d4-40e2-4b28-9c72-53449258b8a2@group-3C260A0191AA: changes role from CANDIDATE to FOLLOWER at term 21 for DISCOVERED_A_NEW_TERM
2019-10-18 05:11:40,978 [56eab7d4-40e2-4b28-9c72-53449258b8a2@group-3C260A0191AA-LeaderElection26] INFO  impl.RoleInfo (RoleInfo.java:shutdownLeaderElection(134)) - 56eab7d4-40e2-4b28-9c72-53449258b8a2: shutdown LeaderElection
2019-10-18 05:11:40,978 [56eab7d4-40e2-4b28-9c72-53449258b8a2@group-3C260A0191AA-LeaderElection26] INFO  impl.RoleInfo (RoleInfo.java:updateAndGet(143)) - 56eab7d4-40e2-4b28-9c72-53449258b8a2: start FollowerState
2019-10-18 05:11:41,106 [Thread-686] INFO  impl.FollowerState (FollowerState.java:run(108)) - 56eab7d4-40e2-4b28-9c72-53449258b8a2@group-3C260A0191AA-FollowerState: change to CANDIDATE, lastRpcTime:128ms, electionTimeout:128ms
2019-10-18 05:11:41,108 [Thread-686] INFO  impl.RoleInfo (RoleInfo.java:shutdownFollowerState(121)) - 56eab7d4-40e2-4b28-9c72-53449258b8a2: shutdown FollowerState
2019-10-18 05:11:41,108 [Thread-686] INFO  impl.RaftServerImpl (RaftServerImpl.java:setRole(184)) - 56eab7d4-40e2-4b28-9c72-53449258b8a2@group-3C260A0191AA: changes role from  FOLLOWER to CANDIDATE at term 21 for changeToCandidate
2019-10-18 05:11:41,109 [Thread-686] INFO  impl.RoleInfo (RoleInfo.java:updateAndGet(143)) - 56eab7d4-40e2-4b28-9c72-53449258b8a2: start LeaderElection
2019-10-18 05:11:41,122 [56eab7d4-40e2-4b28-9c72-53449258b8a2@group-3C260A0191AA-LeaderElection27] INFO  impl.LeaderElection (LeaderElection.java:askForVotes(178)) - 56eab7d4-40e2-4b28-9c72-53449258b8a2@group-3C260A0191AA-LeaderElection27: begin an election at term 22 for 0: [e63c905b-6e24-4a59-beee-02f8929d0b77:192.168.69.125:42235, 56eab7d4-40e2-4b28-9c72-53449258b8a2:192.168.69.125:37820, 06992730-799e-49b1-b4b4-a9e995f4f1fe:192.168.69.125:34681], old=null
2019-10-18 05:11:41,125 [grpc-default-executor-1] INFO  impl.RaftServerImpl (RaftServerImpl.java:setRole(184)) - 06992730-799e-49b1-b4b4-a9e995f4f1fe@group-3C260A0191AA: changes role from  FOLLOWER to FOLLOWER at term 22 for recognizeCandidate:56eab7d4-40e2-4b28-9c72-53449258b8a2
2019-10-18 05:11:41,125 [grpc-default-executor-5] INFO  impl.RaftServerImpl (RaftServerImpl.java:setRole(184)) - e63c905b-6e24-4a59-beee-02f8929d0b77@group-3C260A0191AA: changes role from  FOLLOWER to FOLLOWER at term 22 for recognizeCandidate:56eab7d4-40e2-4b28-9c72-53449258b8a2
2019-10-18 05:11:41,125 [grpc-default-executor-1] INFO  impl.RoleInfo (RoleInfo.java:shutdownFollowerState(121)) - 06992730-799e-49b1-b4b4-a9e995f4f1fe: shutdown FollowerState
2019-10-18 05:11:41,125 [grpc-default-executor-5] INFO  impl.RoleInfo (RoleInfo.java:shutdownFollowerState(121)) - e63c905b-6e24-4a59-beee-02f8929d0b77: shutdown FollowerState
2019-10-18 05:11:41,126 [grpc-default-executor-1] INFO  impl.RoleInfo (RoleInfo.java:updateAndGet(143)) - 06992730-799e-49b1-b4b4-a9e995f4f1fe: start FollowerState
2019-10-18 05:11:41,126 [grpc-default-executor-5] INFO  impl.RoleInfo (RoleInfo.java:updateAndGet(143)) - e63c905b-6e24-4a59-beee-02f8929d0b77: start FollowerState
2019-10-18 05:11:41,126 [Thread-685] INFO  impl.FollowerState (FollowerState.java:run(117)) - e63c905b-6e24-4a59-beee-02f8929d0b77@group-3C260A0191AA-FollowerState was interrupted: java.lang.InterruptedException: sleep interrupted
2019-10-18 05:11:41,126 [Thread-684] INFO  impl.FollowerState (FollowerState.java:run(117)) - 06992730-799e-49b1-b4b4-a9e995f4f1fe@group-3C260A0191AA-FollowerState was interrupted: java.lang.InterruptedException: sleep interrupted
2019-10-18 05:11:41,140 [56eab7d4-40e2-4b28-9c72-53449258b8a2@group-3C260A0191AA-LeaderElection27] INFO  impl.LeaderElection (LeaderElection.java:logAndReturn(56)) - 56eab7d4-40e2-4b28-9c72-53449258b8a2@group-3C260A0191AA-LeaderElection27: Election REJECTED; received 2 response(s) [56eab7d4-40e2-4b28-9c72-53449258b8a2<-e63c905b-6e24-4a59-beee-02f8929d0b77#0:FAIL-t22, 56eab7d4-40e2-4b28-9c72-53449258b8a2<-06992730-799e-49b1-b4b4-a9e995f4f1fe#0:FAIL-t22] and 0 exception(s); 56eab7d4-40e2-4b28-9c72-53449258b8a2@group-3C260A0191AA:t22, leader=null, voted=56eab7d4-40e2-4b28-9c72-53449258b8a2, raftlog=56eab7d4-40e2-4b28-9c72-53449258b8a2@group-3C260A0191AA-SegmentedRaftLog:OPENED:c3,f4,i4, conf=0: [e63c905b-6e24-4a59-beee-02f8929d0b77:192.168.69.125:42235, 56eab7d4-40e2-4b28-9c72-53449258b8a2:192.168.69.125:37820, 06992730-799e-49b1-b4b4-a9e995f4f1fe:192.168.69.125:34681], old=null
2019-10-18 05:11:41,140 [56eab7d4-40e2-4b28-9c72-53449258b8a2@group-3C260A0191AA-LeaderElection27] INFO  impl.RaftServerImpl (RaftServerImpl.java:setRole(184)) - 56eab7d4-40e2-4b28-9c72-53449258b8a2@group-3C260A0191AA: changes role from CANDIDATE to FOLLOWER at term 22 for DISCOVERED_A_NEW_TERM
2019-10-18 05:11:41,140 [56eab7d4-40e2-4b28-9c72-53449258b8a2@group-3C260A0191AA-LeaderElection27] INFO  impl.RoleInfo (RoleInfo.java:shutdownLeaderElection(134)) - 56eab7d4-40e2-4b28-9c72-53449258b8a2: shutdown LeaderElection
2019-10-18 05:11:41,140 [56eab7d4-40e2-4b28-9c72-53449258b8a2@group-3C260A0191AA-LeaderElection27] INFO  impl.RoleInfo (RoleInfo.java:updateAndGet(143)) - 56eab7d4-40e2-4b28-9c72-53449258b8a2: start FollowerState
2019-10-18 05:11:41,258 [Thread-692] INFO  impl.FollowerState (FollowerState.java:run(108)) - 56eab7d4-40e2-4b28-9c72-53449258b8a2@group-3C260A0191AA-FollowerState: change to CANDIDATE, lastRpcTime:117ms, electionTimeout:117ms
2019-10-18 05:11:41,259 [Thread-692] INFO  impl.RoleInfo (RoleInfo.java:shutdownFollowerState(121)) - 56eab7d4-40e2-4b28-9c72-53449258b8a2: shutdown FollowerState
2019-10-18 05:11:41,260 [Thread-692] INFO  impl.RaftServerImpl (RaftServerImpl.java:setRole(184)) - 56eab7d4-40e2-4b28-9c72-53449258b8a2@group-3C260A0191AA: changes role from  FOLLOWER to CANDIDATE at term 22 for changeToCandidate
2019-10-18 05:11:41,260 [Thread-692] INFO  impl.RoleInfo (RoleInfo.java:updateAndGet(143)) - 56eab7d4-40e2-4b28-9c72-53449258b8a2: start LeaderElection
2019-10-18 05:11:41,281 [56eab7d4-40e2-4b28-9c72-53449258b8a2@group-3C260A0191AA-LeaderElection28] INFO  impl.LeaderElection (LeaderElection.java:askForVotes(178)) - 56eab7d4-40e2-4b28-9c72-53449258b8a2@group-3C260A0191AA-LeaderElection28: begin an election at term 23 for 0: [e63c905b-6e24-4a59-beee-02f8929d0b77:192.168.69.125:42235, 56eab7d4-40e2-4b28-9c72-53449258b8a2:192.168.69.125:37820, 06992730-799e-49b1-b4b4-a9e995f4f1fe:192.168.69.125:34681], old=null
2019-10-18 05:11:41,284 [grpc-default-executor-5] INFO  impl.RaftServerImpl (RaftServerImpl.java:setRole(184)) - 06992730-799e-49b1-b4b4-a9e995f4f1fe@group-3C260A0191AA: changes role from  FOLLOWER to FOLLOWER at term 23 for recognizeCandidate:56eab7d4-40e2-4b28-9c72-53449258b8a2
2019-10-18 05:11:41,284 [grpc-default-executor-5] INFO  impl.RoleInfo (RoleInfo.java:shutdownFollowerState(121)) - 06992730-799e-49b1-b4b4-a9e995f4f1fe: shutdown FollowerState
2019-10-18 05:11:41,284 [grpc-default-executor-1] INFO  impl.RaftServerImpl (RaftServerImpl.java:setRole(184)) - e63c905b-6e24-4a59-beee-02f8929d0b77@group-3C260A0191AA: changes role from  FOLLOWER to FOLLOWER at term 23 for recognizeCandidate:56eab7d4-40e2-4b28-9c72-53449258b8a2
2019-10-18 05:11:41,284 [Thread-690] INFO  impl.FollowerState (FollowerState.java:run(117)) - 06992730-799e-49b1-b4b4-a9e995f4f1fe@group-3C260A0191AA-FollowerState was interrupted: java.lang.InterruptedException: sleep interrupted
2019-10-18 05:11:41,284 [grpc-default-executor-5] INFO  impl.RoleInfo (RoleInfo.java:updateAndGet(143)) - 06992730-799e-49b1-b4b4-a9e995f4f1fe: start FollowerState
2019-10-18 05:11:41,285 [grpc-default-executor-1] INFO  impl.RoleInfo (RoleInfo.java:shutdownFollowerState(121)) - e63c905b-6e24-4a59-beee-02f8929d0b77: shutdown FollowerState
2019-10-18 05:11:41,285 [Thread-691] INFO  impl.FollowerState (FollowerState.java:run(117)) - e63c905b-6e24-4a59-beee-02f8929d0b77@group-3C260A0191AA-FollowerState was interrupted: java.lang.InterruptedException: sleep interrupted
2019-10-18 05:11:41,285 [grpc-default-executor-1] INFO  impl.RoleInfo (RoleInfo.java:updateAndGet(143)) - e63c905b-6e24-4a59-beee-02f8929d0b77: start FollowerState
2019-10-18 05:11:41,300 [56eab7d4-40e2-4b28-9c72-53449258b8a2@group-3C260A0191AA-LeaderElection28] INFO  impl.LeaderElection (LeaderElection.java:logAndReturn(56)) - 56eab7d4-40e2-4b28-9c72-53449258b8a2@group-3C260A0191AA-LeaderElection28: Election REJECTED; received 2 response(s) [56eab7d4-40e2-4b28-9c72-53449258b8a2<-e63c905b-6e24-4a59-beee-02f8929d0b77#0:FAIL-t23, 56eab7d4-40e2-4b28-9c72-53449258b8a2<-06992730-799e-49b1-b4b4-a9e995f4f1fe#0:FAIL-t23] and 0 exception(s); 56eab7d4-40e2-4b28-9c72-53449258b8a2@group-3C260A0191AA:t23, leader=null, voted=56eab7d4-40e2-4b28-9c72-53449258b8a2, raftlog=56eab7d4-40e2-4b28-9c72-53449258b8a2@group-3C260A0191AA-SegmentedRaftLog:OPENED:c3,f4,i4, conf=0: [e63c905b-6e24-4a59-beee-02f8929d0b77:192.168.69.125:42235, 56eab7d4-40e2-4b28-9c72-53449258b8a2:192.168.69.125:37820, 06992730-799e-49b1-b4b4-a9e995f4f1fe:192.168.69.125:34681], old=null
2019-10-18 05:11:41,300 [56eab7d4-40e2-4b28-9c72-53449258b8a2@group-3C260A0191AA-LeaderElection28] INFO  impl.RaftServerImpl (RaftServerImpl.java:setRole(184)) - 56eab7d4-40e2-4b28-9c72-53449258b8a2@group-3C260A0191AA: changes role from CANDIDATE to FOLLOWER at term 23 for DISCOVERED_A_NEW_TERM
2019-10-18 05:11:41,300 [56eab7d4-40e2-4b28-9c72-53449258b8a2@group-3C260A0191AA-LeaderElection28] INFO  impl.RoleInfo (RoleInfo.java:shutdownLeaderElection(134)) - 56eab7d4-40e2-4b28-9c72-53449258b8a2: shutdown LeaderElection
2019-10-18 05:11:41,301 [56eab7d4-40e2-4b28-9c72-53449258b8a2@group-3C260A0191AA-LeaderElection28] INFO  impl.RoleInfo (RoleInfo.java:updateAndGet(143)) - 56eab7d4-40e2-4b28-9c72-53449258b8a2: start FollowerState
2019-10-18 05:11:41,301 [Thread-699] INFO  impl.FollowerState (FollowerState.java:run(108)) - 56eab7d4-40e2-4b28-9c72-53449258b8a2@group-3C260A0191AA-FollowerState: change to CANDIDATE, lastRpcTime:0ms, electionTimeout:0ms
2019-10-18 05:11:41,302 [Thread-699] INFO  impl.RoleInfo (RoleInfo.java:shutdownFollowerState(121)) - 56eab7d4-40e2-4b28-9c72-53449258b8a2: shutdown FollowerState
2019-10-18 05:11:41,302 [Thread-699] INFO  impl.RaftServerImpl (RaftServerImpl.java:setRole(184)) - 56eab7d4-40e2-4b28-9c72-53449258b8a2@group-3C260A0191AA: changes role from  FOLLOWER to CANDIDATE at term 23 for changeToCandidate
2019-10-18 05:11:41,302 [Thread-699] INFO  impl.RoleInfo (RoleInfo.java:updateAndGet(143)) - 56eab7d4-40e2-4b28-9c72-53449258b8a2: start LeaderElection
2019-10-18 05:11:41,315 [56eab7d4-40e2-4b28-9c72-53449258b8a2@group-3C260A0191AA-LeaderElection29] INFO  impl.LeaderElection (LeaderElection.java:askForVotes(178)) - 56eab7d4-40e2-4b28-9c72-53449258b8a2@group-3C260A0191AA-LeaderElection29: begin an election at term 24 for 0: [e63c905b-6e24-4a59-beee-02f8929d0b77:192.168.69.125:42235, 56eab7d4-40e2-4b28-9c72-53449258b8a2:192.168.69.125:37820, 06992730-799e-49b1-b4b4-a9e995f4f1fe:192.168.69.125:34681], old=null
2019-10-18 05:11:41,318 [grpc-default-executor-5] INFO  impl.RaftServerImpl (RaftServerImpl.java:setRole(184)) - e63c905b-6e24-4a59-beee-02f8929d0b77@group-3C260A0191AA: changes role from  FOLLOWER to FOLLOWER at term 24 for recognizeCandidate:56eab7d4-40e2-4b28-9c72-53449258b8a2
2019-10-18 05:11:41,318 [grpc-default-executor-1] INFO  impl.RaftServerImpl (RaftServerImpl.java:setRole(184)) - 06992730-799e-49b1-b4b4-a9e995f4f1fe@group-3C260A0191AA: changes role from  FOLLOWER to FOLLOWER at term 24 for recognizeCandidate:56eab7d4-40e2-4b28-9c72-53449258b8a2
2019-10-18 05:11:41,318 [grpc-default-executor-5] INFO  impl.RoleInfo (RoleInfo.java:shutdownFollowerState(121)) - e63c905b-6e24-4a59-beee-02f8929d0b77: shutdown FollowerState
2019-10-18 05:11:41,318 [grpc-default-executor-1] INFO  impl.RoleInfo (RoleInfo.java:shutdownFollowerState(121)) - 06992730-799e-49b1-b4b4-a9e995f4f1fe: shutdown FollowerState
2019-10-18 05:11:41,318 [Thread-698] INFO  impl.FollowerState (FollowerState.java:run(117)) - e63c905b-6e24-4a59-beee-02f8929d0b77@group-3C260A0191AA-FollowerState was interrupted: java.lang.InterruptedException: sleep interrupted
2019-10-18 05:11:41,318 [grpc-default-executor-5] INFO  impl.RoleInfo (RoleInfo.java:updateAndGet(143)) - e63c905b-6e24-4a59-beee-02f8929d0b77: start FollowerState
2019-10-18 05:11:41,318 [grpc-default-executor-1] INFO  impl.RoleInfo (RoleInfo.java:updateAndGet(143)) - 06992730-799e-49b1-b4b4-a9e995f4f1fe: start FollowerState
2019-10-18 05:11:41,318 [Thread-697] INFO  impl.FollowerState (FollowerState.java:run(117)) - 06992730-799e-49b1-b4b4-a9e995f4f1fe@group-3C260A0191AA-FollowerState was interrupted: java.lang.InterruptedException: sleep interrupted
2019-10-18 05:11:41,337 [56eab7d4-40e2-4b28-9c72-53449258b8a2@group-3C260A0191AA-LeaderElection29] INFO  impl.LeaderElection (LeaderElection.java:logAndReturn(56)) - 56eab7d4-40e2-4b28-9c72-53449258b8a2@group-3C260A0191AA-LeaderElection29: Election REJECTED; received 2 response(s) [56eab7d4-40e2-4b28-9c72-53449258b8a2<-e63c905b-6e24-4a59-beee-02f8929d0b77#0:FAIL-t24, 56eab7d4-40e2-4b28-9c72-53449258b8a2<-06992730-799e-49b1-b4b4-a9e995f4f1fe#0:FAIL-t24] and 0 exception(s); 56eab7d4-40e2-4b28-9c72-53449258b8a2@group-3C260A0191AA:t24, leader=null, voted=56eab7d4-40e2-4b28-9c72-53449258b8a2, raftlog=56eab7d4-40e2-4b28-9c72-53449258b8a2@group-3C260A0191AA-SegmentedRaftLog:OPENED:c3,f4,i4, conf=0: [e63c905b-6e24-4a59-beee-02f8929d0b77:192.168.69.125:42235, 56eab7d4-40e2-4b28-9c72-53449258b8a2:192.168.69.125:37820, 06992730-799e-49b1-b4b4-a9e995f4f1fe:192.168.69.125:34681], old=null
2019-10-18 05:11:41,337 [56eab7d4-40e2-4b28-9c72-53449258b8a2@group-3C260A0191AA-LeaderElection29] INFO  impl.RaftServerImpl (RaftServerImpl.java:setRole(184)) - 56eab7d4-40e2-4b28-9c72-53449258b8a2@group-3C260A0191AA: changes role from CANDIDATE to FOLLOWER at term 24 for DISCOVERED_A_NEW_TERM
2019-10-18 05:11:41,337 [56eab7d4-40e2-4b28-9c72-53449258b8a2@group-3C260A0191AA-LeaderElection29] INFO  impl.RoleInfo (RoleInfo.java:shutdownLeaderElection(134)) - 56eab7d4-40e2-4b28-9c72-53449258b8a2: shutdown LeaderElection
2019-10-18 05:11:41,337 [56eab7d4-40e2-4b28-9c72-53449258b8a2@group-3C260A0191AA-LeaderElection29] INFO  impl.RoleInfo (RoleInfo.java:updateAndGet(143)) - 56eab7d4-40e2-4b28-9c72-53449258b8a2: start FollowerState
2019-10-18 05:11:41,339 [Thread-707] INFO  client.GrpcClientProtocolService (GrpcClientProtocolService.java:lambda$processClientRequest$0(278)) - Failed RaftClientRequest:client-46808F7408E0->e63c905b-6e24-4a59-beee-02f8929d0b77@group-3C260A0191AA, cid=10, seq=0, Watch-ALL_COMMITTED(6), Message:<EMPTY>, reply=RaftClientReply:client-46808F7408E0->e63c905b-6e24-4a59-beee-02f8929d0b77@group-3C260A0191AA, cid=10, FAILED org.apache.ratis.protocol.NotLeaderException: Server e63c905b-6e24-4a59-beee-02f8929d0b77@group-3C260A0191AA is not the leader, logIndex=0, commits[e63c905b-6e24-4a59-beee-02f8929d0b77:c10, 56eab7d4-40e2-4b28-9c72-53449258b8a2:c4, 06992730-799e-49b1-b4b4-a9e995f4f1fe:c10]
2019-10-18 05:11:41,435 [Thread-706] INFO  impl.FollowerState (FollowerState.java:run(108)) - 56eab7d4-40e2-4b28-9c72-53449258b8a2@group-3C260A0191AA-FollowerState: change to CANDIDATE, lastRpcTime:97ms, electionTimeout:97ms
2019-10-18 05:11:41,435 [Thread-706] INFO  impl.RoleInfo (RoleInfo.java:shutdownFollowerState(121)) - 56eab7d4-40e2-4b28-9c72-53449258b8a2: shutdown FollowerState
2019-10-18 05:11:41,435 [Thread-706] INFO  impl.RaftServerImpl (RaftServerImpl.java:setRole(184)) - 56eab7d4-40e2-4b28-9c72-53449258b8a2@group-3C260A0191AA: changes role from  FOLLOWER to CANDIDATE at term 24 for changeToCandidate
2019-10-18 05:11:41,435 [Thread-706] INFO  impl.RoleInfo (RoleInfo.java:updateAndGet(143)) - 56eab7d4-40e2-4b28-9c72-53449258b8a2: start LeaderElection
2019-10-18 05:11:41,449 [56eab7d4-40e2-4b28-9c72-53449258b8a2@group-3C260A0191AA-LeaderElection30] INFO  impl.LeaderElection (LeaderElection.java:askForVotes(178)) - 56eab7d4-40e2-4b28-9c72-53449258b8a2@group-3C260A0191AA-LeaderElection30: begin an election at term 25 for 0: [e63c905b-6e24-4a59-beee-02f8929d0b77:192.168.69.125:42235, 56eab7d4-40e2-4b28-9c72-53449258b8a2:192.168.69.125:37820, 06992730-799e-49b1-b4b4-a9e995f4f1fe:192.168.69.125:34681], old=null
2019-10-18 05:11:41,453 [grpc-default-executor-1] INFO  impl.RaftServerImpl (RaftServerImpl.java:setRole(184)) - e63c905b-6e24-4a59-beee-02f8929d0b77@group-3C260A0191AA: changes role from  FOLLOWER to FOLLOWER at term 25 for recognizeCandidate:56eab7d4-40e2-4b28-9c72-53449258b8a2
2019-10-18 05:11:41,453 [grpc-default-executor-5] INFO  impl.RaftServerImpl (RaftServerImpl.java:setRole(184)) - 06992730-799e-49b1-b4b4-a9e995f4f1fe@group-3C260A0191AA: changes role from  FOLLOWER to FOLLOWER at term 25 for recognizeCandidate:56eab7d4-40e2-4b28-9c72-53449258b8a2
2019-10-18 05:11:41,453 [grpc-default-executor-1] INFO  impl.RoleInfo (RoleInfo.java:shutdownFollowerState(121)) - e63c905b-6e24-4a59-beee-02f8929d0b77: shutdown FollowerState
2019-10-18 05:11:41,454 [grpc-default-executor-5] INFO  impl.RoleInfo (RoleInfo.java:shutdownFollowerState(121)) - 06992730-799e-49b1-b4b4-a9e995f4f1fe: shutdown FollowerState
2019-10-18 05:11:41,454 [Thread-703] INFO  impl.FollowerState (FollowerState.java:run(117)) - e63c905b-6e24-4a59-beee-02f8929d0b77@group-3C260A0191AA-FollowerState was interrupted: java.lang.InterruptedException: sleep interrupted
2019-10-18 05:11:41,454 [grpc-default-executor-5] INFO  impl.RoleInfo (RoleInfo.java:updateAndGet(143)) - 06992730-799e-49b1-b4b4-a9e995f4f1fe: start FollowerState
2019-10-18 05:11:41,454 [grpc-default-executor-1] INFO  impl.RoleInfo (RoleInfo.java:updateAndGet(143)) - e63c905b-6e24-4a59-beee-02f8929d0b77: start FollowerState
2019-10-18 05:11:41,454 [Thread-704] INFO  impl.FollowerState (FollowerState.java:run(117)) - 06992730-799e-49b1-b4b4-a9e995f4f1fe@group-3C260A0191AA-FollowerState was interrupted: java.lang.InterruptedException: sleep interrupted
2019-10-18 05:11:41,462 [pool-7-thread-2] INFO  commands.RetriableDatanodeEventWatcher (RetriableDatanodeEventWatcher.java:onTimeout(47)) - RetriableDatanodeCommand type=deleteBlocksCommand with id=1571375495457 timed out. Retrying.
2019-10-18 05:11:41,462 [SCMBlockDeletingService#0] INFO  block.SCMBlockDeletingService (SCMBlockDeletingService.java:call(184)) - Totally added 1 delete blocks command for 1 datanodes, task elapsed time: 0ms
2019-10-18 05:11:41,462 [pool-7-thread-4] INFO  commands.RetriableDatanodeEventWatcher (RetriableDatanodeEventWatcher.java:onTimeout(47)) - RetriableDatanodeCommand type=deleteBlocksCommand with id=1571375495459 timed out. Retrying.
2019-10-18 05:11:41,462 [pool-7-thread-1] INFO  commands.RetriableDatanodeEventWatcher (RetriableDatanodeEventWatcher.java:onTimeout(47)) - RetriableDatanodeCommand type=deleteBlocksCommand with id=1571375495460 timed out. Retrying.
2019-10-18 05:11:41,462 [pool-7-thread-3] INFO  commands.RetriableDatanodeEventWatcher (RetriableDatanodeEventWatcher.java:onTimeout(47)) - RetriableDatanodeCommand type=deleteBlocksCommand with id=1571375495463 timed out. Retrying.
2019-10-18 05:11:41,462 [pool-7-thread-5] INFO  commands.RetriableDatanodeEventWatcher (RetriableDatanodeEventWatcher.java:onTimeout(47)) - RetriableDatanodeCommand type=deleteBlocksCommand with id=1571375495462 timed out. Retrying.
2019-10-18 05:11:41,463 [pool-7-thread-6] INFO  commands.RetriableDatanodeEventWatcher (RetriableDatanodeEventWatcher.java:onTimeout(47)) - RetriableDatanodeCommand type=deleteBlocksCommand with id=1571375495461 timed out. Retrying.
2019-10-18 05:11:41,468 [56eab7d4-40e2-4b28-9c72-53449258b8a2@group-3C260A0191AA-LeaderElection30] INFO  impl.LeaderElection (LeaderElection.java:logAndReturn(56)) - 56eab7d4-40e2-4b28-9c72-53449258b8a2@group-3C260A0191AA-LeaderElection30: Election REJECTED; received 2 response(s) [56eab7d4-40e2-4b28-9c72-53449258b8a2<-e63c905b-6e24-4a59-beee-02f8929d0b77#0:FAIL-t25, 56eab7d4-40e2-4b28-9c72-53449258b8a2<-06992730-799e-49b1-b4b4-a9e995f4f1fe#0:FAIL-t25] and 0 exception(s); 56eab7d4-40e2-4b28-9c72-53449258b8a2@group-3C260A0191AA:t25, leader=null, voted=56eab7d4-40e2-4b28-9c72-53449258b8a2, raftlog=56eab7d4-40e2-4b28-9c72-53449258b8a2@group-3C260A0191AA-SegmentedRaftLog:OPENED:c3,f4,i4, conf=0: [e63c905b-6e24-4a59-beee-02f8929d0b77:192.168.69.125:42235, 56eab7d4-40e2-4b28-9c72-53449258b8a2:192.168.69.125:37820, 06992730-799e-49b1-b4b4-a9e995f4f1fe:192.168.69.125:34681], old=null
2019-10-18 05:11:41,468 [56eab7d4-40e2-4b28-9c72-53449258b8a2@group-3C260A0191AA-LeaderElection30] INFO  impl.RaftServerImpl (RaftServerImpl.java:setRole(184)) - 56eab7d4-40e2-4b28-9c72-53449258b8a2@group-3C260A0191AA: changes role from CANDIDATE to FOLLOWER at term 25 for DISCOVERED_A_NEW_TERM
2019-10-18 05:11:41,468 [56eab7d4-40e2-4b28-9c72-53449258b8a2@group-3C260A0191AA-LeaderElection30] INFO  impl.RoleInfo (RoleInfo.java:shutdownLeaderElection(134)) - 56eab7d4-40e2-4b28-9c72-53449258b8a2: shutdown LeaderElection
2019-10-18 05:11:41,468 [56eab7d4-40e2-4b28-9c72-53449258b8a2@group-3C260A0191AA-LeaderElection30] INFO  impl.RoleInfo (RoleInfo.java:updateAndGet(143)) - 56eab7d4-40e2-4b28-9c72-53449258b8a2: start FollowerState
2019-10-18 05:11:41,588 [Thread-714] INFO  impl.FollowerState (FollowerState.java:run(108)) - 56eab7d4-40e2-4b28-9c72-53449258b8a2@group-3C260A0191AA-FollowerState: change to CANDIDATE, lastRpcTime:119ms, electionTimeout:119ms
2019-10-18 05:11:41,589 [Thread-714] INFO  impl.RoleInfo (RoleInfo.java:shutdownFollowerState(121)) - 56eab7d4-40e2-4b28-9c72-53449258b8a2: shutdown FollowerState
2019-10-18 05:11:41,589 [Thread-714] INFO  impl.RaftServerImpl (RaftServerImpl.java:setRole(184)) - 56eab7d4-40e2-4b28-9c72-53449258b8a2@group-3C260A0191AA: changes role from  FOLLOWER to CANDIDATE at term 25 for changeToCandidate
2019-10-18 05:11:41,589 [Thread-714] INFO  impl.RoleInfo (RoleInfo.java:updateAndGet(143)) - 56eab7d4-40e2-4b28-9c72-53449258b8a2: start LeaderElection
2019-10-18 05:11:41,908 [BlockDeletingService#2] WARN  background.BlockDeletingService (BlockDeletingService.java:isDeletionAllowed(187)) - Close Container log Index 6 is not replicated across allthe servers in the pipeline 7b6774a4-dfa8-469c-9b78-3c260a0191aa as the min replicated index is 4. Deletion is not allowed in this container yet.
2019-10-18 05:11:41,908 [BlockDeletingService#2] WARN  background.BlockDeletingService (BlockDeletingService.java:isDeletionAllowed(187)) - Close Container log Index 6 is not replicated across allthe servers in the pipeline 7b6774a4-dfa8-469c-9b78-3c260a0191aa as the min replicated index is 4. Deletion is not allowed in this container yet.
2019-10-18 05:11:42,148 [EventQueue-PendingDeleteStatusForPendingDeleteHandler] INFO  block.SCMBlockDeletingService (SCMBlockDeletingService.java:handlePendingDeletes(115)) - Block deletion txnID mismatch in datanode 56eab7d4-40e2-4b28-9c72-53449258b8a2 for containerID 1. Datanode delete txnID: 0, SCM txnID: 1
2019-10-18 05:11:42,176 [56eab7d4-40e2-4b28-9c72-53449258b8a2@group-3C260A0191AA-LeaderElection31] INFO  impl.LeaderElection (LeaderElection.java:askForVotes(178)) - 56eab7d4-40e2-4b28-9c72-53449258b8a2@group-3C260A0191AA-LeaderElection31: begin an election at term 26 for 0: [e63c905b-6e24-4a59-beee-02f8929d0b77:192.168.69.125:42235, 56eab7d4-40e2-4b28-9c72-53449258b8a2:192.168.69.125:37820, 06992730-799e-49b1-b4b4-a9e995f4f1fe:192.168.69.125:34681], old=null
2019-10-18 05:11:42,179 [grpc-default-executor-5] INFO  impl.RaftServerImpl (RaftServerImpl.java:setRole(184)) - e63c905b-6e24-4a59-beee-02f8929d0b77@group-3C260A0191AA: changes role from  FOLLOWER to FOLLOWER at term 26 for recognizeCandidate:56eab7d4-40e2-4b28-9c72-53449258b8a2
2019-10-18 05:11:42,179 [grpc-default-executor-1] INFO  impl.RaftServerImpl (RaftServerImpl.java:setRole(184)) - 06992730-799e-49b1-b4b4-a9e995f4f1fe@group-3C260A0191AA: changes role from  FOLLOWER to FOLLOWER at term 26 for recognizeCandidate:56eab7d4-40e2-4b28-9c72-53449258b8a2
2019-10-18 05:11:42,179 [grpc-default-executor-5] INFO  impl.RoleInfo (RoleInfo.java:shutdownFollowerState(121)) - e63c905b-6e24-4a59-beee-02f8929d0b77: shutdown FollowerState
2019-10-18 05:11:42,179 [grpc-default-executor-1] INFO  impl.RoleInfo (RoleInfo.java:shutdownFollowerState(121)) - 06992730-799e-49b1-b4b4-a9e995f4f1fe: shutdown FollowerState
2019-10-18 05:11:42,179 [Thread-712] INFO  impl.FollowerState (FollowerState.java:run(117)) - e63c905b-6e24-4a59-beee-02f8929d0b77@group-3C260A0191AA-FollowerState was interrupted: java.lang.InterruptedException: sleep interrupted
2019-10-18 05:11:42,179 [grpc-default-executor-5] INFO  impl.RoleInfo (RoleInfo.java:updateAndGet(143)) - e63c905b-6e24-4a59-beee-02f8929d0b77: start FollowerState
2019-10-18 05:11:42,180 [grpc-default-executor-1] INFO  impl.RoleInfo (RoleInfo.java:updateAndGet(143)) - 06992730-799e-49b1-b4b4-a9e995f4f1fe: start FollowerState
2019-10-18 05:11:42,180 [Thread-713] INFO  impl.FollowerState (FollowerState.java:run(117)) - 06992730-799e-49b1-b4b4-a9e995f4f1fe@group-3C260A0191AA-FollowerState was interrupted: java.lang.InterruptedException: sleep interrupted
2019-10-18 05:11:42,208 [56eab7d4-40e2-4b28-9c72-53449258b8a2@group-3C260A0191AA-LeaderElection31] INFO  impl.LeaderElection (LeaderElection.java:logAndReturn(56)) - 56eab7d4-40e2-4b28-9c72-53449258b8a2@group-3C260A0191AA-LeaderElection31: Election TIMEOUT; received 0 response(s) [] and 0 exception(s); 56eab7d4-40e2-4b28-9c72-53449258b8a2@group-3C260A0191AA:t26, leader=null, voted=56eab7d4-40e2-4b28-9c72-53449258b8a2, raftlog=56eab7d4-40e2-4b28-9c72-53449258b8a2@group-3C260A0191AA-SegmentedRaftLog:OPENED:c3,f4,i4, conf=0: [e63c905b-6e24-4a59-beee-02f8929d0b77:192.168.69.125:42235, 56eab7d4-40e2-4b28-9c72-53449258b8a2:192.168.69.125:37820, 06992730-799e-49b1-b4b4-a9e995f4f1fe:192.168.69.125:34681], old=null
2019-10-18 05:11:42,225 [grpc-default-executor-6] INFO  impl.RaftServerProxy (RaftServerProxy.java:addNew(89)) - 56eab7d4-40e2-4b28-9c72-53449258b8a2: addNew group-BA3A05CA2D65:[56eab7d4-40e2-4b28-9c72-53449258b8a2:192.168.69.125:37820] returns group-BA3A05CA2D65:java.util.concurrent.CompletableFuture@3b335ba3[Not completed]
2019-10-18 05:11:42,227 [pool-59-thread-1] INFO  impl.RaftServerImpl (RaftServerImpl.java:<init>(104)) - 56eab7d4-40e2-4b28-9c72-53449258b8a2: new RaftServerImpl for group-BA3A05CA2D65:[56eab7d4-40e2-4b28-9c72-53449258b8a2:192.168.69.125:37820] with ContainerStateMachine:uninitialized
2019-10-18 05:11:42,228 [pool-59-thread-1] INFO  server.RaftServerConfigKeys (ConfUtils.java:logGet(43)) - raft.server.rpc.timeout.min = 5s (custom)
2019-10-18 05:11:42,229 [pool-59-thread-1] INFO  server.RaftServerConfigKeys (ConfUtils.java:logGet(43)) - raft.server.rpc.timeout.max = 5200ms (custom)
2019-10-18 05:11:42,229 [pool-59-thread-1] INFO  server.RaftServerConfigKeys (ConfUtils.java:logGet(43)) - raft.server.rpcslowness.timeout = 1000s (custom)
2019-10-18 05:11:42,229 [pool-59-thread-1] INFO  server.RaftServerConfigKeys (ConfUtils.java:logGet(43)) - raft.server.sleep.deviation.threshold = 300 (default)
2019-10-18 05:11:42,229 [pool-59-thread-1] INFO  server.RaftServerConfigKeys (ConfUtils.java:logGet(43)) - raft.server.log.appender.install.snapshot.enabled = false (custom)
2019-10-18 05:11:42,229 [pool-59-thread-1] INFO  impl.RaftServerImpl (ServerState.java:<init>(103)) - 56eab7d4-40e2-4b28-9c72-53449258b8a2@group-BA3A05CA2D65: ConfigurationManager, init=-1: [56eab7d4-40e2-4b28-9c72-53449258b8a2:192.168.69.125:37820], old=null, confs=<EMPTY_MAP>
2019-10-18 05:11:42,229 [pool-59-thread-1] INFO  server.RaftServerConfigKeys (ConfUtils.java:logGet(43)) - raft.server.storage.dir = [/workdir/hadoop-ozone/integration-test/target/test-dir/MiniOzoneClusterImpl-e8489dd8-f004-4b8d-ba6f-64c0d641aa36/datanode-2/data/ratis] (custom)
2019-10-18 05:11:42,229 [pool-59-thread-1] INFO  server.RaftServerConfigKeys (ConfUtils.java:logGet(43)) - raft.server.log.corruption.policy = EXCEPTION (default)
2019-10-18 05:11:42,230 [pool-59-thread-1] INFO  storage.RaftStorageDirectory (RaftStorageDirectory.java:analyzeStorage(246)) - The storage directory /workdir/hadoop-ozone/integration-test/target/test-dir/MiniOzoneClusterImpl-e8489dd8-f004-4b8d-ba6f-64c0d641aa36/datanode-2/data/ratis/a3273c42-89e0-4c3c-a1a8-ba3a05ca2d65 does not exist. Creating ...
2019-10-18 05:11:42,357 [Thread-725] INFO  client.GrpcClientProtocolService (GrpcClientProtocolService.java:lambda$processClientRequest$0(278)) - Failed RaftClientRequest:client-46808F7408E0->56eab7d4-40e2-4b28-9c72-53449258b8a2@group-3C260A0191AA, cid=10, seq=0, Watch-ALL_COMMITTED(6), Message:<EMPTY>, reply=RaftClientReply:client-46808F7408E0->56eab7d4-40e2-4b28-9c72-53449258b8a2@group-3C260A0191AA, cid=10, FAILED org.apache.ratis.protocol.NotLeaderException: Server 56eab7d4-40e2-4b28-9c72-53449258b8a2@group-3C260A0191AA is not the leader, logIndex=0, commits[56eab7d4-40e2-4b28-9c72-53449258b8a2:c3]
2019-10-18 05:11:42,449 [EventQueue-PendingDeleteStatusForPendingDeleteHandler] INFO  block.SCMBlockDeletingService (SCMBlockDeletingService.java:handlePendingDeletes(115)) - Block deletion txnID mismatch in datanode 56eab7d4-40e2-4b28-9c72-53449258b8a2 for containerID 1. Datanode delete txnID: 0, SCM txnID: 1
2019-10-18 05:11:42,462 [pool-7-thread-6] INFO  commands.RetriableDatanodeEventWatcher (RetriableDatanodeEventWatcher.java:onTimeout(47)) - RetriableDatanodeCommand type=deleteBlocksCommand with id=1571375495464 timed out. Retrying.
2019-10-18 05:11:42,463 [SCMBlockDeletingService#0] INFO  block.SCMBlockDeletingService (SCMBlockDeletingService.java:call(184)) - Totally added 1 delete blocks command for 1 datanodes, task elapsed time: 0ms
2019-10-18 05:11:42,465 [pool-7-thread-7] INFO  commands.RetriableDatanodeEventWatcher (RetriableDatanodeEventWatcher.java:onTimeout(47)) - RetriableDatanodeCommand type=deleteBlocksCommand with id=1571375495461 timed out. Retrying.
2019-10-18 05:11:42,465 [pool-7-thread-1] INFO  commands.RetriableDatanodeEventWatcher (RetriableDatanodeEventWatcher.java:onTimeout(47)) - RetriableDatanodeCommand type=deleteBlocksCommand with id=1571375495462 timed out. Retrying.
2019-10-18 05:11:42,465 [pool-7-thread-2] INFO  commands.RetriableDatanodeEventWatcher (RetriableDatanodeEventWatcher.java:onTimeout(47)) - RetriableDatanodeCommand type=deleteBlocksCommand with id=1571375495460 timed out. Retrying.
2019-10-18 05:11:42,465 [pool-7-thread-4] INFO  commands.RetriableDatanodeEventWatcher (RetriableDatanodeEventWatcher.java:onTimeout(47)) - RetriableDatanodeCommand type=deleteBlocksCommand with id=1571375495463 timed out. Retrying.
2019-10-18 05:11:42,466 [pool-7-thread-3] INFO  commands.RetriableDatanodeEventWatcher (RetriableDatanodeEventWatcher.java:onTimeout(47)) - RetriableDatanodeCommand type=deleteBlocksCommand with id=1571375495457 timed out. Retrying.
2019-10-18 05:11:42,466 [pool-7-thread-5] INFO  commands.RetriableDatanodeEventWatcher (RetriableDatanodeEventWatcher.java:onTimeout(47)) - RetriableDatanodeCommand type=deleteBlocksCommand with id=1571375495459 timed out. Retrying.
2019-10-18 05:11:42,749 [EventQueue-PendingDeleteStatusForPendingDeleteHandler] INFO  block.SCMBlockDeletingService (SCMBlockDeletingService.java:handlePendingDeletes(115)) - Block deletion txnID mismatch in datanode 56eab7d4-40e2-4b28-9c72-53449258b8a2 for containerID 1. Datanode delete txnID: 0, SCM txnID: 1
2019-10-18 05:11:42,909 [BlockDeletingService#2] WARN  background.BlockDeletingService (BlockDeletingService.java:isDeletionAllowed(187)) - Close Container log Index 6 is not replicated across allthe servers in the pipeline 7b6774a4-dfa8-469c-9b78-3c260a0191aa as the min replicated index is 4. Deletion is not allowed in this container yet.
2019-10-18 05:11:42,909 [BlockDeletingService#2] WARN  background.BlockDeletingService (BlockDeletingService.java:isDeletionAllowed(187)) - Close Container log Index 6 is not replicated across allthe servers in the pipeline 7b6774a4-dfa8-469c-9b78-3c260a0191aa as the min replicated index is 4. Deletion is not allowed in this container yet.
2019-10-18 05:11:43,049 [EventQueue-PendingDeleteStatusForPendingDeleteHandler] INFO  block.SCMBlockDeletingService (SCMBlockDeletingService.java:handlePendingDeletes(115)) - Block deletion txnID mismatch in datanode 56eab7d4-40e2-4b28-9c72-53449258b8a2 for containerID 1. Datanode delete txnID: 0, SCM txnID: 1
2019-10-18 05:11:43,113 [pool-59-thread-1] INFO  storage.RaftStorageDirectory (RaftStorageDirectory.java:tryLock(328)) - Lock on /workdir/hadoop-ozone/integration-test/target/test-dir/MiniOzoneClusterImpl-e8489dd8-f004-4b8d-ba6f-64c0d641aa36/datanode-2/data/ratis/a3273c42-89e0-4c3c-a1a8-ba3a05ca2d65/in_use.lock acquired by nodename 21598@pr-hdds-2311-zjr6r-3188632456
2019-10-18 05:11:43,113 [56eab7d4-40e2-4b28-9c72-53449258b8a2@group-3C260A0191AA-LeaderElection31] INFO  impl.LeaderElection (LeaderElection.java:askForVotes(178)) - 56eab7d4-40e2-4b28-9c72-53449258b8a2@group-3C260A0191AA-LeaderElection31: begin an election at term 27 for 0: [e63c905b-6e24-4a59-beee-02f8929d0b77:192.168.69.125:42235, 56eab7d4-40e2-4b28-9c72-53449258b8a2:192.168.69.125:37820, 06992730-799e-49b1-b4b4-a9e995f4f1fe:192.168.69.125:34681], old=null
2019-10-18 05:11:43,116 [grpc-default-executor-1] INFO  impl.RaftServerImpl (RaftServerImpl.java:setRole(184)) - e63c905b-6e24-4a59-beee-02f8929d0b77@group-3C260A0191AA: changes role from  FOLLOWER to FOLLOWER at term 27 for recognizeCandidate:56eab7d4-40e2-4b28-9c72-53449258b8a2
2019-10-18 05:11:43,116 [grpc-default-executor-5] INFO  impl.RaftServerImpl (RaftServerImpl.java:setRole(184)) - 06992730-799e-49b1-b4b4-a9e995f4f1fe@group-3C260A0191AA: changes role from  FOLLOWER to FOLLOWER at term 27 for recognizeCandidate:56eab7d4-40e2-4b28-9c72-53449258b8a2
2019-10-18 05:11:43,116 [grpc-default-executor-1] INFO  impl.RoleInfo (RoleInfo.java:shutdownFollowerState(121)) - e63c905b-6e24-4a59-beee-02f8929d0b77: shutdown FollowerState
2019-10-18 05:11:43,116 [grpc-default-executor-5] INFO  impl.RoleInfo (RoleInfo.java:shutdownFollowerState(121)) - 06992730-799e-49b1-b4b4-a9e995f4f1fe: shutdown FollowerState
2019-10-18 05:11:43,116 [Thread-721] INFO  impl.FollowerState (FollowerState.java:run(117)) - e63c905b-6e24-4a59-beee-02f8929d0b77@group-3C260A0191AA-FollowerState was interrupted: java.lang.InterruptedException: sleep interrupted
2019-10-18 05:11:43,116 [Thread-722] INFO  impl.FollowerState (FollowerState.java:run(117)) - 06992730-799e-49b1-b4b4-a9e995f4f1fe@group-3C260A0191AA-FollowerState was interrupted: java.lang.InterruptedException: sleep interrupted
2019-10-18 05:11:43,116 [grpc-default-executor-5] INFO  impl.RoleInfo (RoleInfo.java:updateAndGet(143)) - 06992730-799e-49b1-b4b4-a9e995f4f1fe: start FollowerState
2019-10-18 05:11:43,116 [grpc-default-executor-1] INFO  impl.RoleInfo (RoleInfo.java:updateAndGet(143)) - e63c905b-6e24-4a59-beee-02f8929d0b77: start FollowerState
2019-10-18 05:11:43,124 [pool-59-thread-1] INFO  storage.RaftStorage (RaftStorage.java:format(84)) - Storage directory /workdir/hadoop-ozone/integration-test/target/test-dir/MiniOzoneClusterImpl-e8489dd8-f004-4b8d-ba6f-64c0d641aa36/datanode-2/data/ratis/a3273c42-89e0-4c3c-a1a8-ba3a05ca2d65 has been successfully formatted.
2019-10-18 05:11:43,125 [pool-59-thread-1] INFO  ratis.ContainerStateMachine (ContainerStateMachine.java:loadSnapshot(231)) - group-BA3A05CA2D65: The snapshot info is null. Setting the last applied indexto:(t:0, i:~)
2019-10-18 05:11:43,125 [pool-59-thread-1] INFO  server.RaftServerConfigKeys (ConfUtils.java:logGet(43)) - raft.server.notification.no-leader.timeout = 1000s (custom)
2019-10-18 05:11:43,125 [56eab7d4-40e2-4b28-9c72-53449258b8a2@group-3C260A0191AA-LeaderElection31] INFO  impl.LeaderElection (LeaderElection.java:logAndReturn(56)) - 56eab7d4-40e2-4b28-9c72-53449258b8a2@group-3C260A0191AA-LeaderElection31: Election REJECTED; received 2 response(s) [56eab7d4-40e2-4b28-9c72-53449258b8a2<-e63c905b-6e24-4a59-beee-02f8929d0b77#0:FAIL-t27, 56eab7d4-40e2-4b28-9c72-53449258b8a2<-06992730-799e-49b1-b4b4-a9e995f4f1fe#0:FAIL-t27] and 0 exception(s); 56eab7d4-40e2-4b28-9c72-53449258b8a2@group-3C260A0191AA:t27, leader=null, voted=56eab7d4-40e2-4b28-9c72-53449258b8a2, raftlog=56eab7d4-40e2-4b28-9c72-53449258b8a2@group-3C260A0191AA-SegmentedRaftLog:OPENED:c3,f4,i4, conf=0: [e63c905b-6e24-4a59-beee-02f8929d0b77:192.168.69.125:42235, 56eab7d4-40e2-4b28-9c72-53449258b8a2:192.168.69.125:37820, 06992730-799e-49b1-b4b4-a9e995f4f1fe:192.168.69.125:34681], old=null
2019-10-18 05:11:43,125 [pool-59-thread-1] INFO  server.RaftServerConfigKeys (ConfUtils.java:logGet(43)) - raft.server.log.use.memory = false (default)
2019-10-18 05:11:43,126 [56eab7d4-40e2-4b28-9c72-53449258b8a2@group-3C260A0191AA-LeaderElection31] INFO  impl.RaftServerImpl (RaftServerImpl.java:setRole(184)) - 56eab7d4-40e2-4b28-9c72-53449258b8a2@group-3C260A0191AA: changes role from CANDIDATE to FOLLOWER at term 27 for DISCOVERED_A_NEW_TERM
2019-10-18 05:11:43,127 [pool-59-thread-1] INFO  server.RaftServerConfigKeys (ConfUtils.java:logGet(43)) - raft.server.log.purge.gap = 1000000 (custom)
2019-10-18 05:11:43,127 [56eab7d4-40e2-4b28-9c72-53449258b8a2@group-3C260A0191AA-LeaderElection31] INFO  impl.RoleInfo (RoleInfo.java:shutdownLeaderElection(134)) - 56eab7d4-40e2-4b28-9c72-53449258b8a2: shutdown LeaderElection
2019-10-18 05:11:43,128 [pool-59-thread-1] INFO  server.RaftServerConfigKeys (ConfUtils.java:logGet(43)) - raft.server.log.appender.buffer.byte-limit = 33554432 (custom)
2019-10-18 05:11:43,128 [56eab7d4-40e2-4b28-9c72-53449258b8a2@group-3C260A0191AA-LeaderElection31] INFO  impl.RoleInfo (RoleInfo.java:updateAndGet(143)) - 56eab7d4-40e2-4b28-9c72-53449258b8a2: start FollowerState
2019-10-18 05:11:43,128 [pool-59-thread-1] INFO  server.RaftServerConfigKeys (ConfUtils.java:logGet(43)) - raft.server.log.segment.size.max = 1048576 (custom)
2019-10-18 05:11:43,128 [pool-59-thread-1] INFO  server.RaftServerConfigKeys (ConfUtils.java:logGet(43)) - raft.server.log.segment.cache.num.max = 2 (custom)
2019-10-18 05:11:43,128 [pool-59-thread-1] INFO  segmented.SegmentedRaftLogWorker (SegmentedRaftLogWorker.java:<init>(173)) - new 56eab7d4-40e2-4b28-9c72-53449258b8a2@group-BA3A05CA2D65-SegmentedRaftLogWorker for RaftStorage:Storage Directory /workdir/hadoop-ozone/integration-test/target/test-dir/MiniOzoneClusterImpl-e8489dd8-f004-4b8d-ba6f-64c0d641aa36/datanode-2/data/ratis/a3273c42-89e0-4c3c-a1a8-ba3a05ca2d65
2019-10-18 05:11:43,128 [pool-59-thread-1] INFO  server.RaftServerConfigKeys (ConfUtils.java:logGet(43)) - raft.server.log.queue.byte-limit = 2147483647 (custom)
2019-10-18 05:11:43,128 [pool-59-thread-1] INFO  server.RaftServerConfigKeys (ConfUtils.java:logGet(43)) - raft.server.log.queue.element-limit = 1024 (custom)
2019-10-18 05:11:43,129 [pool-59-thread-1] INFO  server.RaftServerConfigKeys (ConfUtils.java:logGet(43)) - raft.server.log.segment.size.max = 1048576 (custom)
2019-10-18 05:11:43,129 [pool-59-thread-1] INFO  server.RaftServerConfigKeys (ConfUtils.java:logGet(43)) - raft.server.log.preallocated.size = 16384 (custom)
2019-10-18 05:11:43,129 [pool-59-thread-1] INFO  server.RaftServerConfigKeys (ConfUtils.java:logGet(43)) - raft.server.log.write.buffer.size = 33554432 (custom)
2019-10-18 05:11:43,129 [pool-59-thread-1] INFO  server.RaftServerConfigKeys (ConfUtils.java:logGet(43)) - raft.server.log.force.sync.num = 128 (default)
2019-10-18 05:11:43,129 [pool-59-thread-1] INFO  server.RaftServerConfigKeys (ConfUtils.java:logGet(43)) - raft.server.log.statemachine.data.sync = true (default)
2019-10-18 05:11:43,129 [pool-59-thread-1] INFO  server.RaftServerConfigKeys (ConfUtils.java:logGet(43)) - raft.server.log.statemachine.data.sync.timeout = 10s (default)
2019-10-18 05:11:43,129 [pool-59-thread-1] INFO  server.RaftServerConfigKeys (ConfUtils.java:logGet(43)) - raft.server.log.statemachine.data.sync.timeout.retry = -1 (default)
2019-10-18 05:11:43,130 [pool-59-thread-1] INFO  server.RaftServerConfigKeys (ConfUtils.java:logGet(43)) - raft.server.log.statemachine.data.caching.enabled = true (custom)
2019-10-18 05:11:43,130 [pool-59-thread-1] INFO  segmented.SegmentedRaftLogWorker (SegmentedRaftLogWorker.java:lambda$new$0(128)) - 56eab7d4-40e2-4b28-9c72-53449258b8a2@group-BA3A05CA2D65-SegmentedRaftLogWorker: flushIndex: setUnconditionally 0 -> -1
2019-10-18 05:11:43,130 [pool-59-thread-1] INFO  server.RaftServerConfigKeys (ConfUtils.java:logGet(43)) - raft.server.snapshot.auto.trigger.enabled = true (custom)
2019-10-18 05:11:43,131 [pool-59-thread-1] INFO  server.RaftServerConfigKeys (ConfUtils.java:logGet(43)) - raft.server.snapshot.auto.trigger.threshold = 10000 (custom)
2019-10-18 05:11:43,131 [pool-59-thread-1] INFO  server.RaftServerConfigKeys (ConfUtils.java:logGet(43)) - raft.server.snapshot.retention.file.num = 5 (custom)
2019-10-18 05:11:43,131 [pool-59-thread-1] INFO  server.RaftServerConfigKeys (ConfUtils.java:logGet(43)) - raft.server.retrycache.expirytime = 600000ms (custom)
2019-10-18 05:11:43,134 [pool-59-thread-1] INFO  impl.RaftServerImpl (RaftServerImpl.java:start(195)) - 56eab7d4-40e2-4b28-9c72-53449258b8a2@group-BA3A05CA2D65: start as a follower, conf=-1: [56eab7d4-40e2-4b28-9c72-53449258b8a2:192.168.69.125:37820], old=null
2019-10-18 05:11:43,135 [pool-59-thread-1] INFO  impl.RaftServerImpl (RaftServerImpl.java:setRole(184)) - 56eab7d4-40e2-4b28-9c72-53449258b8a2@group-BA3A05CA2D65: changes role from      null to FOLLOWER at term 0 for startAsFollower
2019-10-18 05:11:43,135 [pool-59-thread-1] INFO  impl.RoleInfo (RoleInfo.java:updateAndGet(143)) - 56eab7d4-40e2-4b28-9c72-53449258b8a2: start FollowerState
2019-10-18 05:11:43,135 [pool-59-thread-1] INFO  util.JmxRegister (JmxRegister.java:tryRegister(44)) - Successfully registered JMX Bean with object name Ratis:service=RaftServer,group=group-BA3A05CA2D65,id=56eab7d4-40e2-4b28-9c72-53449258b8a2
2019-10-18 05:11:43,141 [RatisPipelineUtilsThread] INFO  pipeline.PipelineStateManager (PipelineStateManager.java:addPipeline(56)) - Created pipeline Pipeline[ Id: a3273c42-89e0-4c3c-a1a8-ba3a05ca2d65, Nodes: 56eab7d4-40e2-4b28-9c72-53449258b8a2{ip: 192.168.69.125, host: pr-hdds-2311-zjr6r-3188632456, networkLocation: /default-rack, certSerialId: null}, Type:RATIS, Factor:ONE, State:OPEN]
2019-10-18 05:11:43,157 [grpc-default-executor-1] INFO  impl.RaftServerProxy (RaftServerProxy.java:addNew(89)) - 06992730-799e-49b1-b4b4-a9e995f4f1fe: addNew group-471016649F5C:[e63c905b-6e24-4a59-beee-02f8929d0b77:192.168.69.125:42235, 56eab7d4-40e2-4b28-9c72-53449258b8a2:192.168.69.125:37820, 06992730-799e-49b1-b4b4-a9e995f4f1fe:192.168.69.125:34681] returns group-471016649F5C:java.util.concurrent.CompletableFuture@2c623a2a[Not completed]
2019-10-18 05:11:43,157 [grpc-default-executor-2] INFO  impl.RaftServerProxy (RaftServerProxy.java:addNew(89)) - 56eab7d4-40e2-4b28-9c72-53449258b8a2: addNew group-471016649F5C:[e63c905b-6e24-4a59-beee-02f8929d0b77:192.168.69.125:42235, 56eab7d4-40e2-4b28-9c72-53449258b8a2:192.168.69.125:37820, 06992730-799e-49b1-b4b4-a9e995f4f1fe:192.168.69.125:34681] returns group-471016649F5C:java.util.concurrent.CompletableFuture@58967bbf[Not completed]
2019-10-18 05:11:43,157 [grpc-default-executor-5] INFO  impl.RaftServerProxy (RaftServerProxy.java:addNew(89)) - e63c905b-6e24-4a59-beee-02f8929d0b77: addNew group-471016649F5C:[e63c905b-6e24-4a59-beee-02f8929d0b77:192.168.69.125:42235, 56eab7d4-40e2-4b28-9c72-53449258b8a2:192.168.69.125:37820, 06992730-799e-49b1-b4b4-a9e995f4f1fe:192.168.69.125:34681] returns group-471016649F5C:java.util.concurrent.CompletableFuture@438238b9[Not completed]
2019-10-18 05:11:43,158 [pool-59-thread-1] INFO  impl.RaftServerImpl (RaftServerImpl.java:<init>(104)) - 56eab7d4-40e2-4b28-9c72-53449258b8a2: new RaftServerImpl for group-471016649F5C:[e63c905b-6e24-4a59-beee-02f8929d0b77:192.168.69.125:42235, 56eab7d4-40e2-4b28-9c72-53449258b8a2:192.168.69.125:37820, 06992730-799e-49b1-b4b4-a9e995f4f1fe:192.168.69.125:34681] with ContainerStateMachine:uninitialized
2019-10-18 05:11:43,159 [pool-59-thread-1] INFO  server.RaftServerConfigKeys (ConfUtils.java:logGet(43)) - raft.server.rpc.timeout.min = 5s (custom)
2019-10-18 05:11:43,159 [pool-59-thread-1] INFO  server.RaftServerConfigKeys (ConfUtils.java:logGet(43)) - raft.server.rpc.timeout.max = 5200ms (custom)
2019-10-18 05:11:43,159 [pool-59-thread-1] INFO  server.RaftServerConfigKeys (ConfUtils.java:logGet(43)) - raft.server.rpcslowness.timeout = 1000s (custom)
2019-10-18 05:11:43,159 [pool-59-thread-1] INFO  server.RaftServerConfigKeys (ConfUtils.java:logGet(43)) - raft.server.sleep.deviation.threshold = 300 (default)
2019-10-18 05:11:43,159 [pool-59-thread-1] INFO  server.RaftServerConfigKeys (ConfUtils.java:logGet(43)) - raft.server.log.appender.install.snapshot.enabled = false (custom)
2019-10-18 05:11:43,159 [pool-59-thread-1] INFO  impl.RaftServerImpl (ServerState.java:<init>(103)) - 56eab7d4-40e2-4b28-9c72-53449258b8a2@group-471016649F5C: ConfigurationManager, init=-1: [e63c905b-6e24-4a59-beee-02f8929d0b77:192.168.69.125:42235, 56eab7d4-40e2-4b28-9c72-53449258b8a2:192.168.69.125:37820, 06992730-799e-49b1-b4b4-a9e995f4f1fe:192.168.69.125:34681], old=null, confs=<EMPTY_MAP>
2019-10-18 05:11:43,159 [pool-59-thread-1] INFO  server.RaftServerConfigKeys (ConfUtils.java:logGet(43)) - raft.server.storage.dir = [/workdir/hadoop-ozone/integration-test/target/test-dir/MiniOzoneClusterImpl-e8489dd8-f004-4b8d-ba6f-64c0d641aa36/datanode-2/data/ratis] (custom)
2019-10-18 05:11:43,159 [pool-59-thread-1] INFO  server.RaftServerConfigKeys (ConfUtils.java:logGet(43)) - raft.server.log.corruption.policy = EXCEPTION (default)
2019-10-18 05:11:43,159 [pool-59-thread-1] INFO  storage.RaftStorageDirectory (RaftStorageDirectory.java:analyzeStorage(246)) - The storage directory /workdir/hadoop-ozone/integration-test/target/test-dir/MiniOzoneClusterImpl-e8489dd8-f004-4b8d-ba6f-64c0d641aa36/datanode-2/data/ratis/5a4a991c-6847-4a61-a506-471016649f5c does not exist. Creating ...
2019-10-18 05:11:43,160 [pool-27-thread-1] INFO  impl.RaftServerImpl (RaftServerImpl.java:<init>(104)) - 06992730-799e-49b1-b4b4-a9e995f4f1fe: new RaftServerImpl for group-471016649F5C:[e63c905b-6e24-4a59-beee-02f8929d0b77:192.168.69.125:42235, 56eab7d4-40e2-4b28-9c72-53449258b8a2:192.168.69.125:37820, 06992730-799e-49b1-b4b4-a9e995f4f1fe:192.168.69.125:34681] with ContainerStateMachine:uninitialized
2019-10-18 05:11:43,160 [pool-27-thread-1] INFO  server.RaftServerConfigKeys (ConfUtils.java:logGet(43)) - raft.server.rpc.timeout.min = 5s (custom)
2019-10-18 05:11:43,160 [pool-27-thread-1] INFO  server.RaftServerConfigKeys (ConfUtils.java:logGet(43)) - raft.server.rpc.timeout.max = 5200ms (custom)
2019-10-18 05:11:43,160 [pool-27-thread-1] INFO  server.RaftServerConfigKeys (ConfUtils.java:logGet(43)) - raft.server.rpcslowness.timeout = 1000s (custom)
2019-10-18 05:11:43,160 [pool-27-thread-1] INFO  server.RaftServerConfigKeys (ConfUtils.java:logGet(43)) - raft.server.sleep.deviation.threshold = 300 (default)
2019-10-18 05:11:43,160 [pool-37-thread-1] INFO  impl.RaftServerImpl (RaftServerImpl.java:<init>(104)) - e63c905b-6e24-4a59-beee-02f8929d0b77: new RaftServerImpl for group-471016649F5C:[e63c905b-6e24-4a59-beee-02f8929d0b77:192.168.69.125:42235, 56eab7d4-40e2-4b28-9c72-53449258b8a2:192.168.69.125:37820, 06992730-799e-49b1-b4b4-a9e995f4f1fe:192.168.69.125:34681] with ContainerStateMachine:uninitialized
2019-10-18 05:11:43,160 [pool-27-thread-1] INFO  server.RaftServerConfigKeys (ConfUtils.java:logGet(43)) - raft.server.log.appender.install.snapshot.enabled = false (custom)
2019-10-18 05:11:43,161 [pool-37-thread-1] INFO  server.RaftServerConfigKeys (ConfUtils.java:logGet(43)) - raft.server.rpc.timeout.min = 5s (custom)
2019-10-18 05:11:43,161 [pool-27-thread-1] INFO  impl.RaftServerImpl (ServerState.java:<init>(103)) - 06992730-799e-49b1-b4b4-a9e995f4f1fe@group-471016649F5C: ConfigurationManager, init=-1: [e63c905b-6e24-4a59-beee-02f8929d0b77:192.168.69.125:42235, 56eab7d4-40e2-4b28-9c72-53449258b8a2:192.168.69.125:37820, 06992730-799e-49b1-b4b4-a9e995f4f1fe:192.168.69.125:34681], old=null, confs=<EMPTY_MAP>
2019-10-18 05:11:43,161 [pool-37-thread-1] INFO  server.RaftServerConfigKeys (ConfUtils.java:logGet(43)) - raft.server.rpc.timeout.max = 5200ms (custom)
2019-10-18 05:11:43,161 [pool-27-thread-1] INFO  server.RaftServerConfigKeys (ConfUtils.java:logGet(43)) - raft.server.storage.dir = [/workdir/hadoop-ozone/integration-test/target/test-dir/MiniOzoneClusterImpl-e8489dd8-f004-4b8d-ba6f-64c0d641aa36/datanode-0/data/ratis] (custom)
2019-10-18 05:11:43,161 [pool-37-thread-1] INFO  server.RaftServerConfigKeys (ConfUtils.java:logGet(43)) - raft.server.rpcslowness.timeout = 1000s (custom)
2019-10-18 05:11:43,161 [pool-37-thread-1] INFO  server.RaftServerConfigKeys (ConfUtils.java:logGet(43)) - raft.server.sleep.deviation.threshold = 300 (default)
2019-10-18 05:11:43,161 [pool-27-thread-1] INFO  server.RaftServerConfigKeys (ConfUtils.java:logGet(43)) - raft.server.log.corruption.policy = EXCEPTION (default)
2019-10-18 05:11:43,161 [pool-37-thread-1] INFO  server.RaftServerConfigKeys (ConfUtils.java:logGet(43)) - raft.server.log.appender.install.snapshot.enabled = false (custom)
2019-10-18 05:11:43,162 [pool-37-thread-1] INFO  impl.RaftServerImpl (ServerState.java:<init>(103)) - e63c905b-6e24-4a59-beee-02f8929d0b77@group-471016649F5C: ConfigurationManager, init=-1: [e63c905b-6e24-4a59-beee-02f8929d0b77:192.168.69.125:42235, 56eab7d4-40e2-4b28-9c72-53449258b8a2:192.168.69.125:37820, 06992730-799e-49b1-b4b4-a9e995f4f1fe:192.168.69.125:34681], old=null, confs=<EMPTY_MAP>
2019-10-18 05:11:43,162 [pool-27-thread-1] INFO  storage.RaftStorageDirectory (RaftStorageDirectory.java:analyzeStorage(246)) - The storage directory /workdir/hadoop-ozone/integration-test/target/test-dir/MiniOzoneClusterImpl-e8489dd8-f004-4b8d-ba6f-64c0d641aa36/datanode-0/data/ratis/5a4a991c-6847-4a61-a506-471016649f5c does not exist. Creating ...
2019-10-18 05:11:43,162 [pool-37-thread-1] INFO  server.RaftServerConfigKeys (ConfUtils.java:logGet(43)) - raft.server.storage.dir = [/workdir/hadoop-ozone/integration-test/target/test-dir/MiniOzoneClusterImpl-e8489dd8-f004-4b8d-ba6f-64c0d641aa36/datanode-1/data/ratis] (custom)
2019-10-18 05:11:43,162 [pool-37-thread-1] INFO  server.RaftServerConfigKeys (ConfUtils.java:logGet(43)) - raft.server.log.corruption.policy = EXCEPTION (default)
2019-10-18 05:11:43,162 [pool-37-thread-1] INFO  storage.RaftStorageDirectory (RaftStorageDirectory.java:analyzeStorage(246)) - The storage directory /workdir/hadoop-ozone/integration-test/target/test-dir/MiniOzoneClusterImpl-e8489dd8-f004-4b8d-ba6f-64c0d641aa36/datanode-1/data/ratis/5a4a991c-6847-4a61-a506-471016649f5c does not exist. Creating ...
2019-10-18 05:11:43,174 [pool-37-thread-1] INFO  storage.RaftStorageDirectory (RaftStorageDirectory.java:tryLock(328)) - Lock on /workdir/hadoop-ozone/integration-test/target/test-dir/MiniOzoneClusterImpl-e8489dd8-f004-4b8d-ba6f-64c0d641aa36/datanode-1/data/ratis/5a4a991c-6847-4a61-a506-471016649f5c/in_use.lock acquired by nodename 21598@pr-hdds-2311-zjr6r-3188632456
2019-10-18 05:11:43,174 [pool-27-thread-1] INFO  storage.RaftStorageDirectory (RaftStorageDirectory.java:tryLock(328)) - Lock on /workdir/hadoop-ozone/integration-test/target/test-dir/MiniOzoneClusterImpl-e8489dd8-f004-4b8d-ba6f-64c0d641aa36/datanode-0/data/ratis/5a4a991c-6847-4a61-a506-471016649f5c/in_use.lock acquired by nodename 21598@pr-hdds-2311-zjr6r-3188632456
2019-10-18 05:11:43,174 [pool-59-thread-1] INFO  storage.RaftStorageDirectory (RaftStorageDirectory.java:tryLock(328)) - Lock on /workdir/hadoop-ozone/integration-test/target/test-dir/MiniOzoneClusterImpl-e8489dd8-f004-4b8d-ba6f-64c0d641aa36/datanode-2/data/ratis/5a4a991c-6847-4a61-a506-471016649f5c/in_use.lock acquired by nodename 21598@pr-hdds-2311-zjr6r-3188632456
2019-10-18 05:11:43,175 [Command processor thread] INFO  commandhandler.DeleteBlocksCommandHandler (DeleteBlocksCommandHandler.java:handle(106)) - Start to delete container blocks, TXIDs=[1(0)], numOfContainers=1, numOfBlocks=1
2019-10-18 05:11:43,175 [Command processor thread] INFO  commandhandler.DeleteBlocksCommandHandler (DeleteBlocksCommandHandler.java:handle(106)) - Start to delete container blocks, TXIDs=[1(2)], numOfContainers=1, numOfBlocks=1
2019-10-18 05:11:43,176 [Command processor thread] INFO  commandhandler.DeleteBlocksCommandHandler (DeleteBlocksCommandHandler.java:handle(106)) - Start to delete container blocks, TXIDs=[1(0)], numOfContainers=1, numOfBlocks=1
2019-10-18 05:11:43,176 [Command processor thread] INFO  commandhandler.DeleteBlocksCommandHandler (DeleteBlocksCommandHandler.java:handle(106)) - Start to delete container blocks, TXIDs=[1(2)], numOfContainers=1, numOfBlocks=1
2019-10-18 05:11:43,176 [Command processor thread] INFO  commandhandler.DeleteBlocksCommandHandler (DeleteBlocksCommandHandler.java:handle(106)) - Start to delete container blocks, TXIDs=[1(4)], numOfContainers=1, numOfBlocks=1
2019-10-18 05:11:43,176 [Command processor thread] INFO  commandhandler.DeleteBlocksCommandHandler (DeleteBlocksCommandHandler.java:handle(106)) - Start to delete container blocks, TXIDs=[1(0)], numOfContainers=1, numOfBlocks=1
2019-10-18 05:11:43,176 [Command processor thread] INFO  commandhandler.DeleteBlocksCommandHandler (DeleteBlocksCommandHandler.java:handle(106)) - Start to delete container blocks, TXIDs=[1(2)], numOfContainers=1, numOfBlocks=1
2019-10-18 05:11:43,176 [Command processor thread] INFO  commandhandler.DeleteBlocksCommandHandler (DeleteBlocksCommandHandler.java:handle(106)) - Start to delete container blocks, TXIDs=[1(0)], numOfContainers=1, numOfBlocks=1
2019-10-18 05:11:43,176 [Command processor thread] INFO  commandhandler.DeleteBlocksCommandHandler (DeleteBlocksCommandHandler.java:handle(106)) - Start to delete container blocks, TXIDs=[1(4)], numOfContainers=1, numOfBlocks=1
2019-10-18 05:11:43,177 [Command processor thread] INFO  commandhandler.DeleteBlocksCommandHandler (DeleteBlocksCommandHandler.java:handle(106)) - Start to delete container blocks, TXIDs=[1(5)], numOfContainers=1, numOfBlocks=1
2019-10-18 05:11:43,177 [Command processor thread] INFO  commandhandler.DeleteBlocksCommandHandler (DeleteBlocksCommandHandler.java:handle(106)) - Start to delete container blocks, TXIDs=[1(2)], numOfContainers=1, numOfBlocks=1
2019-10-18 05:11:43,177 [Command processor thread] INFO  commandhandler.DeleteBlocksCommandHandler (DeleteBlocksCommandHandler.java:handle(106)) - Start to delete container blocks, TXIDs=[1(4)], numOfContainers=1, numOfBlocks=1
2019-10-18 05:11:43,177 [Command processor thread] INFO  commandhandler.DeleteBlocksCommandHandler (DeleteBlocksCommandHandler.java:handle(106)) - Start to delete container blocks, TXIDs=[1(5)], numOfContainers=1, numOfBlocks=1
2019-10-18 05:11:43,177 [Command processor thread] INFO  commandhandler.DeleteBlocksCommandHandler (DeleteBlocksCommandHandler.java:handle(106)) - Start to delete container blocks, TXIDs=[1(5)], numOfContainers=1, numOfBlocks=1
2019-10-18 05:11:43,177 [Command processor thread] INFO  commandhandler.DeleteBlocksCommandHandler (DeleteBlocksCommandHandler.java:handle(106)) - Start to delete container blocks, TXIDs=[1(0)], numOfContainers=1, numOfBlocks=1
2019-10-18 05:11:43,177 [Command processor thread] INFO  commandhandler.DeleteBlocksCommandHandler (DeleteBlocksCommandHandler.java:handle(106)) - Start to delete container blocks, TXIDs=[1(2)], numOfContainers=1, numOfBlocks=1
2019-10-18 05:11:43,178 [Command processor thread] INFO  commandhandler.DeleteBlocksCommandHandler (DeleteBlocksCommandHandler.java:handle(106)) - Start to delete container blocks, TXIDs=[1(5)], numOfContainers=1, numOfBlocks=1
2019-10-18 05:11:43,178 [Command processor thread] INFO  commandhandler.DeleteBlocksCommandHandler (DeleteBlocksCommandHandler.java:handle(106)) - Start to delete container blocks, TXIDs=[1(4)], numOfContainers=1, numOfBlocks=1
2019-10-18 05:11:43,178 [Command processor thread] INFO  commandhandler.DeleteBlocksCommandHandler (DeleteBlocksCommandHandler.java:handle(106)) - Start to delete container blocks, TXIDs=[1(0)], numOfContainers=1, numOfBlocks=1
2019-10-18 05:11:43,178 [Command processor thread] INFO  commandhandler.DeleteBlocksCommandHandler (DeleteBlocksCommandHandler.java:handle(106)) - Start to delete container blocks, TXIDs=[1(5)], numOfContainers=1, numOfBlocks=1
2019-10-18 05:11:43,178 [Command processor thread] INFO  commandhandler.DeleteBlocksCommandHandler (DeleteBlocksCommandHandler.java:handle(106)) - Start to delete container blocks, TXIDs=[1(5)], numOfContainers=1, numOfBlocks=1
2019-10-18 05:11:43,178 [Command processor thread] INFO  commandhandler.DeleteBlocksCommandHandler (DeleteBlocksCommandHandler.java:handle(106)) - Start to delete container blocks, TXIDs=[1(5)], numOfContainers=1, numOfBlocks=1
2019-10-18 05:11:43,178 [Command processor thread] INFO  commandhandler.DeleteBlocksCommandHandler (DeleteBlocksCommandHandler.java:handle(106)) - Start to delete container blocks, TXIDs=[1(0)], numOfContainers=1, numOfBlocks=1
2019-10-18 05:11:43,179 [Command processor thread] INFO  commandhandler.DeleteBlocksCommandHandler (DeleteBlocksCommandHandler.java:handle(106)) - Start to delete container blocks, TXIDs=[1(2)], numOfContainers=1, numOfBlocks=1
2019-10-18 05:11:43,179 [Command processor thread] INFO  commandhandler.DeleteBlocksCommandHandler (DeleteBlocksCommandHandler.java:handle(106)) - Start to delete container blocks, TXIDs=[1(4)], numOfContainers=1, numOfBlocks=1
2019-10-18 05:11:43,179 [Command processor thread] INFO  commandhandler.DeleteBlocksCommandHandler (DeleteBlocksCommandHandler.java:handle(106)) - Start to delete container blocks, TXIDs=[1(5)], numOfContainers=1, numOfBlocks=1
2019-10-18 05:11:43,179 [Command processor thread] INFO  commandhandler.DeleteBlocksCommandHandler (DeleteBlocksCommandHandler.java:handle(106)) - Start to delete container blocks, TXIDs=[1(5)], numOfContainers=1, numOfBlocks=1
2019-10-18 05:11:43,179 [Command processor thread] INFO  commandhandler.DeleteBlocksCommandHandler (DeleteBlocksCommandHandler.java:handle(106)) - Start to delete container blocks, TXIDs=[1(5)], numOfContainers=1, numOfBlocks=1
2019-10-18 05:11:43,179 [Command processor thread] INFO  commandhandler.DeleteBlocksCommandHandler (DeleteBlocksCommandHandler.java:handle(106)) - Start to delete container blocks, TXIDs=[1(33)], numOfContainers=1, numOfBlocks=1
2019-10-18 05:11:43,180 [Command processor thread] INFO  commandhandler.DeleteBlocksCommandHandler (DeleteBlocksCommandHandler.java:handle(106)) - Start to delete container blocks, TXIDs=[1(5)], numOfContainers=1, numOfBlocks=1
2019-10-18 05:11:43,180 [Command processor thread] INFO  commandhandler.DeleteBlocksCommandHandler (DeleteBlocksCommandHandler.java:handle(106)) - Start to delete container blocks, TXIDs=[1(5)], numOfContainers=1, numOfBlocks=1
2019-10-18 05:11:43,180 [Command processor thread] INFO  commandhandler.DeleteBlocksCommandHandler (DeleteBlocksCommandHandler.java:handle(106)) - Start to delete container blocks, TXIDs=[1(5)], numOfContainers=1, numOfBlocks=1
2019-10-18 05:11:43,182 [Command processor thread] INFO  commandhandler.DeleteBlocksCommandHandler (DeleteBlocksCommandHandler.java:handle(106)) - Start to delete container blocks, TXIDs=[1(4)], numOfContainers=1, numOfBlocks=1
2019-10-18 05:11:43,182 [Thread-733] INFO  impl.FollowerState (FollowerState.java:run(108)) - 56eab7d4-40e2-4b28-9c72-53449258b8a2@group-3C260A0191AA-FollowerState: change to CANDIDATE, lastRpcTime:54ms, electionTimeout:54ms
2019-10-18 05:11:43,182 [Thread-733] INFO  impl.RoleInfo (RoleInfo.java:shutdownFollowerState(121)) - 56eab7d4-40e2-4b28-9c72-53449258b8a2: shutdown FollowerState
2019-10-18 05:11:43,182 [Command processor thread] INFO  commandhandler.DeleteBlocksCommandHandler (DeleteBlocksCommandHandler.java:handle(106)) - Start to delete container blocks, TXIDs=[1(5)], numOfContainers=1, numOfBlocks=1
2019-10-18 05:11:43,182 [Thread-733] INFO  impl.RaftServerImpl (RaftServerImpl.java:setRole(184)) - 56eab7d4-40e2-4b28-9c72-53449258b8a2@group-3C260A0191AA: changes role from  FOLLOWER to CANDIDATE at term 27 for changeToCandidate
2019-10-18 05:11:43,183 [Command processor thread] INFO  commandhandler.DeleteBlocksCommandHandler (DeleteBlocksCommandHandler.java:handle(106)) - Start to delete container blocks, TXIDs=[1(0)], numOfContainers=1, numOfBlocks=1
2019-10-18 05:11:43,183 [pool-27-thread-1] INFO  storage.RaftStorage (RaftStorage.java:format(84)) - Storage directory /workdir/hadoop-ozone/integration-test/target/test-dir/MiniOzoneClusterImpl-e8489dd8-f004-4b8d-ba6f-64c0d641aa36/datanode-0/data/ratis/5a4a991c-6847-4a61-a506-471016649f5c has been successfully formatted.
2019-10-18 05:11:43,183 [pool-59-thread-1] INFO  storage.RaftStorage (RaftStorage.java:format(84)) - Storage directory /workdir/hadoop-ozone/integration-test/target/test-dir/MiniOzoneClusterImpl-e8489dd8-f004-4b8d-ba6f-64c0d641aa36/datanode-2/data/ratis/5a4a991c-6847-4a61-a506-471016649f5c has been successfully formatted.
2019-10-18 05:11:43,183 [pool-37-thread-1] INFO  storage.RaftStorage (RaftStorage.java:format(84)) - Storage directory /workdir/hadoop-ozone/integration-test/target/test-dir/MiniOzoneClusterImpl-e8489dd8-f004-4b8d-ba6f-64c0d641aa36/datanode-1/data/ratis/5a4a991c-6847-4a61-a506-471016649f5c has been successfully formatted.
2019-10-18 05:11:43,183 [Thread-733] INFO  impl.RoleInfo (RoleInfo.java:updateAndGet(143)) - 56eab7d4-40e2-4b28-9c72-53449258b8a2: start LeaderElection
2019-10-18 05:11:43,183 [pool-59-thread-1] INFO  ratis.ContainerStateMachine (ContainerStateMachine.java:loadSnapshot(231)) - group-471016649F5C: The snapshot info is null. Setting the last applied indexto:(t:0, i:~)
2019-10-18 05:11:43,183 [pool-27-thread-1] INFO  ratis.ContainerStateMachine (ContainerStateMachine.java:loadSnapshot(231)) - group-471016649F5C: The snapshot info is null. Setting the last applied indexto:(t:0, i:~)
2019-10-18 05:11:43,183 [Command processor thread] INFO  commandhandler.DeleteBlocksCommandHandler (DeleteBlocksCommandHandler.java:handle(106)) - Start to delete container blocks, TXIDs=[1(2)], numOfContainers=1, numOfBlocks=1
2019-10-18 05:11:43,183 [pool-27-thread-1] INFO  server.RaftServerConfigKeys (ConfUtils.java:logGet(43)) - raft.server.notification.no-leader.timeout = 1000s (custom)
2019-10-18 05:11:43,183 [pool-59-thread-1] INFO  server.RaftServerConfigKeys (ConfUtils.java:logGet(43)) - raft.server.notification.no-leader.timeout = 1000s (custom)
2019-10-18 05:11:43,183 [pool-37-thread-1] INFO  ratis.ContainerStateMachine (ContainerStateMachine.java:loadSnapshot(231)) - group-471016649F5C: The snapshot info is null. Setting the last applied indexto:(t:0, i:~)
2019-10-18 05:11:43,184 [pool-59-thread-1] INFO  server.RaftServerConfigKeys (ConfUtils.java:logGet(43)) - raft.server.log.use.memory = false (default)
2019-10-18 05:11:43,184 [pool-27-thread-1] INFO  server.RaftServerConfigKeys (ConfUtils.java:logGet(43)) - raft.server.log.use.memory = false (default)
2019-10-18 05:11:43,184 [pool-59-thread-1] INFO  server.RaftServerConfigKeys (ConfUtils.java:logGet(43)) - raft.server.log.purge.gap = 1000000 (custom)
2019-10-18 05:11:43,184 [pool-37-thread-1] INFO  server.RaftServerConfigKeys (ConfUtils.java:logGet(43)) - raft.server.notification.no-leader.timeout = 1000s (custom)
2019-10-18 05:11:43,184 [pool-59-thread-1] INFO  server.RaftServerConfigKeys (ConfUtils.java:logGet(43)) - raft.server.log.appender.buffer.byte-limit = 33554432 (custom)
2019-10-18 05:11:43,184 [pool-27-thread-1] INFO  server.RaftServerConfigKeys (ConfUtils.java:logGet(43)) - raft.server.log.purge.gap = 1000000 (custom)
2019-10-18 05:11:43,185 [pool-59-thread-1] INFO  server.RaftServerConfigKeys (ConfUtils.java:logGet(43)) - raft.server.log.segment.size.max = 1048576 (custom)
2019-10-18 05:11:43,185 [pool-37-thread-1] INFO  server.RaftServerConfigKeys (ConfUtils.java:logGet(43)) - raft.server.log.use.memory = false (default)
2019-10-18 05:11:43,185 [pool-59-thread-1] INFO  server.RaftServerConfigKeys (ConfUtils.java:logGet(43)) - raft.server.log.segment.cache.num.max = 2 (custom)
2019-10-18 05:11:43,185 [pool-27-thread-1] INFO  server.RaftServerConfigKeys (ConfUtils.java:logGet(43)) - raft.server.log.appender.buffer.byte-limit = 33554432 (custom)
2019-10-18 05:11:43,185 [pool-59-thread-1] INFO  segmented.SegmentedRaftLogWorker (SegmentedRaftLogWorker.java:<init>(173)) - new 56eab7d4-40e2-4b28-9c72-53449258b8a2@group-471016649F5C-SegmentedRaftLogWorker for RaftStorage:Storage Directory /workdir/hadoop-ozone/integration-test/target/test-dir/MiniOzoneClusterImpl-e8489dd8-f004-4b8d-ba6f-64c0d641aa36/datanode-2/data/ratis/5a4a991c-6847-4a61-a506-471016649f5c
2019-10-18 05:11:43,185 [pool-37-thread-1] INFO  server.RaftServerConfigKeys (ConfUtils.java:logGet(43)) - raft.server.log.purge.gap = 1000000 (custom)
2019-10-18 05:11:43,185 [pool-59-thread-1] INFO  server.RaftServerConfigKeys (ConfUtils.java:logGet(43)) - raft.server.log.queue.byte-limit = 2147483647 (custom)
2019-10-18 05:11:43,185 [pool-27-thread-1] INFO  server.RaftServerConfigKeys (ConfUtils.java:logGet(43)) - raft.server.log.segment.size.max = 1048576 (custom)
2019-10-18 05:11:43,186 [pool-59-thread-1] INFO  server.RaftServerConfigKeys (ConfUtils.java:logGet(43)) - raft.server.log.queue.element-limit = 1024 (custom)
2019-10-18 05:11:43,185 [pool-37-thread-1] INFO  server.RaftServerConfigKeys (ConfUtils.java:logGet(43)) - raft.server.log.appender.buffer.byte-limit = 33554432 (custom)
2019-10-18 05:11:43,186 [pool-59-thread-1] INFO  server.RaftServerConfigKeys (ConfUtils.java:logGet(43)) - raft.server.log.segment.size.max = 1048576 (custom)
2019-10-18 05:11:43,186 [pool-27-thread-1] INFO  server.RaftServerConfigKeys (ConfUtils.java:logGet(43)) - raft.server.log.segment.cache.num.max = 2 (custom)
2019-10-18 05:11:43,186 [pool-59-thread-1] INFO  server.RaftServerConfigKeys (ConfUtils.java:logGet(43)) - raft.server.log.preallocated.size = 16384 (custom)
2019-10-18 05:11:43,186 [pool-37-thread-1] INFO  server.RaftServerConfigKeys (ConfUtils.java:logGet(43)) - raft.server.log.segment.size.max = 1048576 (custom)
2019-10-18 05:11:43,186 [pool-59-thread-1] INFO  server.RaftServerConfigKeys (ConfUtils.java:logGet(43)) - raft.server.log.write.buffer.size = 33554432 (custom)
2019-10-18 05:11:43,186 [pool-27-thread-1] INFO  segmented.SegmentedRaftLogWorker (SegmentedRaftLogWorker.java:<init>(173)) - new 06992730-799e-49b1-b4b4-a9e995f4f1fe@group-471016649F5C-SegmentedRaftLogWorker for RaftStorage:Storage Directory /workdir/hadoop-ozone/integration-test/target/test-dir/MiniOzoneClusterImpl-e8489dd8-f004-4b8d-ba6f-64c0d641aa36/datanode-0/data/ratis/5a4a991c-6847-4a61-a506-471016649f5c
2019-10-18 05:11:43,186 [pool-59-thread-1] INFO  server.RaftServerConfigKeys (ConfUtils.java:logGet(43)) - raft.server.log.force.sync.num = 128 (default)
2019-10-18 05:11:43,186 [pool-37-thread-1] INFO  server.RaftServerConfigKeys (ConfUtils.java:logGet(43)) - raft.server.log.segment.cache.num.max = 2 (custom)
2019-10-18 05:11:43,187 [pool-59-thread-1] INFO  server.RaftServerConfigKeys (ConfUtils.java:logGet(43)) - raft.server.log.statemachine.data.sync = true (default)
2019-10-18 05:11:43,187 [pool-27-thread-1] INFO  server.RaftServerConfigKeys (ConfUtils.java:logGet(43)) - raft.server.log.queue.byte-limit = 2147483647 (custom)
2019-10-18 05:11:43,187 [pool-59-thread-1] INFO  server.RaftServerConfigKeys (ConfUtils.java:logGet(43)) - raft.server.log.statemachine.data.sync.timeout = 10s (default)
2019-10-18 05:11:43,187 [pool-37-thread-1] INFO  segmented.SegmentedRaftLogWorker (SegmentedRaftLogWorker.java:<init>(173)) - new e63c905b-6e24-4a59-beee-02f8929d0b77@group-471016649F5C-SegmentedRaftLogWorker for RaftStorage:Storage Directory /workdir/hadoop-ozone/integration-test/target/test-dir/MiniOzoneClusterImpl-e8489dd8-f004-4b8d-ba6f-64c0d641aa36/datanode-1/data/ratis/5a4a991c-6847-4a61-a506-471016649f5c
2019-10-18 05:11:43,187 [pool-59-thread-1] INFO  server.RaftServerConfigKeys (ConfUtils.java:logGet(43)) - raft.server.log.statemachine.data.sync.timeout.retry = -1 (default)
2019-10-18 05:11:43,187 [pool-27-thread-1] INFO  server.RaftServerConfigKeys (ConfUtils.java:logGet(43)) - raft.server.log.queue.element-limit = 1024 (custom)
2019-10-18 05:11:43,187 [pool-59-thread-1] INFO  server.RaftServerConfigKeys (ConfUtils.java:logGet(43)) - raft.server.log.statemachine.data.caching.enabled = true (custom)
2019-10-18 05:11:43,187 [pool-37-thread-1] INFO  server.RaftServerConfigKeys (ConfUtils.java:logGet(43)) - raft.server.log.queue.byte-limit = 2147483647 (custom)
2019-10-18 05:11:43,188 [pool-27-thread-1] INFO  server.RaftServerConfigKeys (ConfUtils.java:logGet(43)) - raft.server.log.segment.size.max = 1048576 (custom)
2019-10-18 05:11:43,188 [pool-59-thread-1] INFO  segmented.SegmentedRaftLogWorker (SegmentedRaftLogWorker.java:lambda$new$0(128)) - 56eab7d4-40e2-4b28-9c72-53449258b8a2@group-471016649F5C-SegmentedRaftLogWorker: flushIndex: setUnconditionally 0 -> -1
2019-10-18 05:11:43,188 [pool-37-thread-1] INFO  server.RaftServerConfigKeys (ConfUtils.java:logGet(43)) - raft.server.log.queue.element-limit = 1024 (custom)
2019-10-18 05:11:43,188 [pool-27-thread-1] INFO  server.RaftServerConfigKeys (ConfUtils.java:logGet(43)) - raft.server.log.preallocated.size = 16384 (custom)
2019-10-18 05:11:43,188 [pool-59-thread-1] INFO  server.RaftServerConfigKeys (ConfUtils.java:logGet(43)) - raft.server.snapshot.auto.trigger.enabled = true (custom)
2019-10-18 05:11:43,188 [pool-37-thread-1] INFO  server.RaftServerConfigKeys (ConfUtils.java:logGet(43)) - raft.server.log.segment.size.max = 1048576 (custom)
2019-10-18 05:11:43,188 [pool-59-thread-1] INFO  server.RaftServerConfigKeys (ConfUtils.java:logGet(43)) - raft.server.snapshot.auto.trigger.threshold = 10000 (custom)
2019-10-18 05:11:43,188 [pool-27-thread-1] INFO  server.RaftServerConfigKeys (ConfUtils.java:logGet(43)) - raft.server.log.write.buffer.size = 33554432 (custom)
2019-10-18 05:11:43,188 [pool-59-thread-1] INFO  server.RaftServerConfigKeys (ConfUtils.java:logGet(43)) - raft.server.snapshot.retention.file.num = 5 (custom)
2019-10-18 05:11:43,188 [pool-37-thread-1] INFO  server.RaftServerConfigKeys (ConfUtils.java:logGet(43)) - raft.server.log.preallocated.size = 16384 (custom)
2019-10-18 05:11:43,189 [pool-59-thread-1] INFO  server.RaftServerConfigKeys (ConfUtils.java:logGet(43)) - raft.server.retrycache.expirytime = 600000ms (custom)
2019-10-18 05:11:43,189 [pool-27-thread-1] INFO  server.RaftServerConfigKeys (ConfUtils.java:logGet(43)) - raft.server.log.force.sync.num = 128 (default)
2019-10-18 05:11:43,189 [pool-37-thread-1] INFO  server.RaftServerConfigKeys (ConfUtils.java:logGet(43)) - raft.server.log.write.buffer.size = 33554432 (custom)
2019-10-18 05:11:43,189 [pool-27-thread-1] INFO  server.RaftServerConfigKeys (ConfUtils.java:logGet(43)) - raft.server.log.statemachine.data.sync = true (default)
2019-10-18 05:11:43,189 [pool-37-thread-1] INFO  server.RaftServerConfigKeys (ConfUtils.java:logGet(43)) - raft.server.log.force.sync.num = 128 (default)
2019-10-18 05:11:43,189 [pool-27-thread-1] INFO  server.RaftServerConfigKeys (ConfUtils.java:logGet(43)) - raft.server.log.statemachine.data.sync.timeout = 10s (default)
2019-10-18 05:11:43,189 [pool-37-thread-1] INFO  server.RaftServerConfigKeys (ConfUtils.java:logGet(43)) - raft.server.log.statemachine.data.sync = true (default)
2019-10-18 05:11:43,189 [pool-27-thread-1] INFO  server.RaftServerConfigKeys (ConfUtils.java:logGet(43)) - raft.server.log.statemachine.data.sync.timeout.retry = -1 (default)
2019-10-18 05:11:43,189 [pool-37-thread-1] INFO  server.RaftServerConfigKeys (ConfUtils.java:logGet(43)) - raft.server.log.statemachine.data.sync.timeout = 10s (default)
2019-10-18 05:11:43,190 [pool-37-thread-1] INFO  server.RaftServerConfigKeys (ConfUtils.java:logGet(43)) - raft.server.log.statemachine.data.sync.timeout.retry = -1 (default)
2019-10-18 05:11:43,190 [pool-27-thread-1] INFO  server.RaftServerConfigKeys (ConfUtils.java:logGet(43)) - raft.server.log.statemachine.data.caching.enabled = true (custom)
2019-10-18 05:11:43,190 [pool-37-thread-1] INFO  server.RaftServerConfigKeys (ConfUtils.java:logGet(43)) - raft.server.log.statemachine.data.caching.enabled = true (custom)
2019-10-18 05:11:43,191 [pool-27-thread-1] INFO  segmented.SegmentedRaftLogWorker (SegmentedRaftLogWorker.java:lambda$new$0(128)) - 06992730-799e-49b1-b4b4-a9e995f4f1fe@group-471016649F5C-SegmentedRaftLogWorker: flushIndex: setUnconditionally 0 -> -1
2019-10-18 05:11:43,191 [pool-37-thread-1] INFO  segmented.SegmentedRaftLogWorker (SegmentedRaftLogWorker.java:lambda$new$0(128)) - e63c905b-6e24-4a59-beee-02f8929d0b77@group-471016649F5C-SegmentedRaftLogWorker: flushIndex: setUnconditionally 0 -> -1
2019-10-18 05:11:43,191 [pool-27-thread-1] INFO  server.RaftServerConfigKeys (ConfUtils.java:logGet(43)) - raft.server.snapshot.auto.trigger.enabled = true (custom)
2019-10-18 05:11:43,191 [pool-59-thread-1] INFO  impl.RaftServerImpl (RaftServerImpl.java:start(195)) - 56eab7d4-40e2-4b28-9c72-53449258b8a2@group-471016649F5C: start as a follower, conf=-1: [e63c905b-6e24-4a59-beee-02f8929d0b77:192.168.69.125:42235, 56eab7d4-40e2-4b28-9c72-53449258b8a2:192.168.69.125:37820, 06992730-799e-49b1-b4b4-a9e995f4f1fe:192.168.69.125:34681], old=null
2019-10-18 05:11:43,192 [pool-37-thread-1] INFO  server.RaftServerConfigKeys (ConfUtils.java:logGet(43)) - raft.server.snapshot.auto.trigger.enabled = true (custom)
2019-10-18 05:11:43,192 [pool-27-thread-1] INFO  server.RaftServerConfigKeys (ConfUtils.java:logGet(43)) - raft.server.snapshot.auto.trigger.threshold = 10000 (custom)
2019-10-18 05:11:43,192 [pool-37-thread-1] INFO  server.RaftServerConfigKeys (ConfUtils.java:logGet(43)) - raft.server.snapshot.auto.trigger.threshold = 10000 (custom)
2019-10-18 05:11:43,192 [56eab7d4-40e2-4b28-9c72-53449258b8a2@group-3C260A0191AA-LeaderElection32] INFO  impl.LeaderElection (LeaderElection.java:askForVotes(178)) - 56eab7d4-40e2-4b28-9c72-53449258b8a2@group-3C260A0191AA-LeaderElection32: begin an election at term 28 for 0: [e63c905b-6e24-4a59-beee-02f8929d0b77:192.168.69.125:42235, 56eab7d4-40e2-4b28-9c72-53449258b8a2:192.168.69.125:37820, 06992730-799e-49b1-b4b4-a9e995f4f1fe:192.168.69.125:34681], old=null
2019-10-18 05:11:43,192 [pool-59-thread-1] INFO  impl.RaftServerImpl (RaftServerImpl.java:setRole(184)) - 56eab7d4-40e2-4b28-9c72-53449258b8a2@group-471016649F5C: changes role from      null to FOLLOWER at term 0 for startAsFollower
2019-10-18 05:11:43,192 [pool-37-thread-1] INFO  server.RaftServerConfigKeys (ConfUtils.java:logGet(43)) - raft.server.snapshot.retention.file.num = 5 (custom)
2019-10-18 05:11:43,192 [pool-27-thread-1] INFO  server.RaftServerConfigKeys (ConfUtils.java:logGet(43)) - raft.server.snapshot.retention.file.num = 5 (custom)
2019-10-18 05:11:43,192 [pool-37-thread-1] INFO  server.RaftServerConfigKeys (ConfUtils.java:logGet(43)) - raft.server.retrycache.expirytime = 600000ms (custom)
2019-10-18 05:11:43,192 [pool-27-thread-1] INFO  server.RaftServerConfigKeys (ConfUtils.java:logGet(43)) - raft.server.retrycache.expirytime = 600000ms (custom)
2019-10-18 05:11:43,192 [pool-59-thread-1] INFO  impl.RoleInfo (RoleInfo.java:updateAndGet(143)) - 56eab7d4-40e2-4b28-9c72-53449258b8a2: start FollowerState
2019-10-18 05:11:43,193 [pool-59-thread-1] INFO  util.JmxRegister (JmxRegister.java:tryRegister(44)) - Successfully registered JMX Bean with object name Ratis:service=RaftServer,group=group-471016649F5C,id=56eab7d4-40e2-4b28-9c72-53449258b8a2
2019-10-18 05:11:43,194 [56eab7d4-40e2-4b28-9c72-53449258b8a2@group-3C260A0191AA-LeaderElection32] INFO  impl.LeaderElection (LeaderElection.java:logAndReturn(56)) - 56eab7d4-40e2-4b28-9c72-53449258b8a2@group-3C260A0191AA-LeaderElection32: Election TIMEOUT; received 0 response(s) [] and 0 exception(s); 56eab7d4-40e2-4b28-9c72-53449258b8a2@group-3C260A0191AA:t28, leader=null, voted=56eab7d4-40e2-4b28-9c72-53449258b8a2, raftlog=56eab7d4-40e2-4b28-9c72-53449258b8a2@group-3C260A0191AA-SegmentedRaftLog:OPENED:c3,f4,i4, conf=0: [e63c905b-6e24-4a59-beee-02f8929d0b77:192.168.69.125:42235, 56eab7d4-40e2-4b28-9c72-53449258b8a2:192.168.69.125:37820, 06992730-799e-49b1-b4b4-a9e995f4f1fe:192.168.69.125:34681], old=null
2019-10-18 05:11:43,195 [grpc-default-executor-5] INFO  impl.RaftServerImpl (RaftServerImpl.java:setRole(184)) - 06992730-799e-49b1-b4b4-a9e995f4f1fe@group-3C260A0191AA: changes role from  FOLLOWER to FOLLOWER at term 28 for recognizeCandidate:56eab7d4-40e2-4b28-9c72-53449258b8a2
2019-10-18 05:11:43,195 [grpc-default-executor-2] INFO  impl.RaftServerImpl (RaftServerImpl.java:setRole(184)) - e63c905b-6e24-4a59-beee-02f8929d0b77@group-3C260A0191AA: changes role from  FOLLOWER to FOLLOWER at term 28 for recognizeCandidate:56eab7d4-40e2-4b28-9c72-53449258b8a2
2019-10-18 05:11:43,196 [Thread-741] INFO  impl.FollowerState (FollowerState.java:run(108)) - 56eab7d4-40e2-4b28-9c72-53449258b8a2@group-471016649F5C-FollowerState: change to CANDIDATE, lastRpcTime:3ms, electionTimeout:2ms
2019-10-18 05:11:43,195 [grpc-default-executor-5] INFO  impl.RoleInfo (RoleInfo.java:shutdownFollowerState(121)) - 06992730-799e-49b1-b4b4-a9e995f4f1fe: shutdown FollowerState
2019-10-18 05:11:43,196 [grpc-default-executor-2] INFO  impl.RoleInfo (RoleInfo.java:shutdownFollowerState(121)) - e63c905b-6e24-4a59-beee-02f8929d0b77: shutdown FollowerState
2019-10-18 05:11:43,196 [Thread-732] INFO  impl.FollowerState (FollowerState.java:run(117)) - 06992730-799e-49b1-b4b4-a9e995f4f1fe@group-3C260A0191AA-FollowerState was interrupted: java.lang.InterruptedException: sleep interrupted
2019-10-18 05:11:43,196 [grpc-default-executor-5] INFO  impl.RoleInfo (RoleInfo.java:updateAndGet(143)) - 06992730-799e-49b1-b4b4-a9e995f4f1fe: start FollowerState
2019-10-18 05:11:43,196 [Thread-741] INFO  impl.RoleInfo (RoleInfo.java:shutdownFollowerState(121)) - 56eab7d4-40e2-4b28-9c72-53449258b8a2: shutdown FollowerState
2019-10-18 05:11:43,197 [grpc-default-executor-2] INFO  impl.RoleInfo (RoleInfo.java:updateAndGet(143)) - e63c905b-6e24-4a59-beee-02f8929d0b77: start FollowerState
2019-10-18 05:11:43,197 [Thread-731] INFO  impl.FollowerState (FollowerState.java:run(117)) - e63c905b-6e24-4a59-beee-02f8929d0b77@group-3C260A0191AA-FollowerState was interrupted: java.lang.InterruptedException: sleep interrupted
2019-10-18 05:11:43,197 [Thread-741] INFO  impl.RaftServerImpl (RaftServerImpl.java:setRole(184)) - 56eab7d4-40e2-4b28-9c72-53449258b8a2@group-471016649F5C: changes role from  FOLLOWER to CANDIDATE at term 0 for changeToCandidate
2019-10-18 05:11:43,197 [Thread-741] INFO  impl.RoleInfo (RoleInfo.java:updateAndGet(143)) - 56eab7d4-40e2-4b28-9c72-53449258b8a2: start LeaderElection
2019-10-18 05:11:43,200 [pool-37-thread-1] INFO  impl.RaftServerImpl (RaftServerImpl.java:start(195)) - e63c905b-6e24-4a59-beee-02f8929d0b77@group-471016649F5C: start as a follower, conf=-1: [e63c905b-6e24-4a59-beee-02f8929d0b77:192.168.69.125:42235, 56eab7d4-40e2-4b28-9c72-53449258b8a2:192.168.69.125:37820, 06992730-799e-49b1-b4b4-a9e995f4f1fe:192.168.69.125:34681], old=null
2019-10-18 05:11:43,201 [pool-37-thread-1] INFO  impl.RaftServerImpl (RaftServerImpl.java:setRole(184)) - e63c905b-6e24-4a59-beee-02f8929d0b77@group-471016649F5C: changes role from      null to FOLLOWER at term 0 for startAsFollower
2019-10-18 05:11:43,201 [pool-27-thread-1] INFO  impl.RaftServerImpl (RaftServerImpl.java:start(195)) - 06992730-799e-49b1-b4b4-a9e995f4f1fe@group-471016649F5C: start as a follower, conf=-1: [e63c905b-6e24-4a59-beee-02f8929d0b77:192.168.69.125:42235, 56eab7d4-40e2-4b28-9c72-53449258b8a2:192.168.69.125:37820, 06992730-799e-49b1-b4b4-a9e995f4f1fe:192.168.69.125:34681], old=null
2019-10-18 05:11:43,201 [pool-37-thread-1] INFO  impl.RoleInfo (RoleInfo.java:updateAndGet(143)) - e63c905b-6e24-4a59-beee-02f8929d0b77: start FollowerState
2019-10-18 05:11:43,201 [pool-27-thread-1] INFO  impl.RaftServerImpl (RaftServerImpl.java:setRole(184)) - 06992730-799e-49b1-b4b4-a9e995f4f1fe@group-471016649F5C: changes role from      null to FOLLOWER at term 0 for startAsFollower
2019-10-18 05:11:43,201 [pool-27-thread-1] INFO  impl.RoleInfo (RoleInfo.java:updateAndGet(143)) - 06992730-799e-49b1-b4b4-a9e995f4f1fe: start FollowerState
2019-10-18 05:11:43,201 [pool-37-thread-1] INFO  util.JmxRegister (JmxRegister.java:tryRegister(44)) - Successfully registered JMX Bean with object name Ratis:service=RaftServer,group=group-471016649F5C,id=e63c905b-6e24-4a59-beee-02f8929d0b77
2019-10-18 05:11:43,202 [pool-27-thread-1] INFO  util.JmxRegister (JmxRegister.java:tryRegister(44)) - Successfully registered JMX Bean with object name Ratis:service=RaftServer,group=group-471016649F5C,id=06992730-799e-49b1-b4b4-a9e995f4f1fe
2019-10-18 05:11:43,209 [RatisPipelineUtilsThread] INFO  pipeline.PipelineStateManager (PipelineStateManager.java:addPipeline(56)) - Created pipeline Pipeline[ Id: 5a4a991c-6847-4a61-a506-471016649f5c, Nodes: 06992730-799e-49b1-b4b4-a9e995f4f1fe{ip: 192.168.69.125, host: pr-hdds-2311-zjr6r-3188632456, networkLocation: /default-rack, certSerialId: null}e63c905b-6e24-4a59-beee-02f8929d0b77{ip: 192.168.69.125, host: pr-hdds-2311-zjr6r-3188632456, networkLocation: /default-rack, certSerialId: null}56eab7d4-40e2-4b28-9c72-53449258b8a2{ip: 192.168.69.125, host: pr-hdds-2311-zjr6r-3188632456, networkLocation: /default-rack, certSerialId: null}, Type:RATIS, Factor:THREE, State:OPEN]
2019-10-18 05:11:43,214 [56eab7d4-40e2-4b28-9c72-53449258b8a2@group-3C260A0191AA-LeaderElection32] INFO  impl.LeaderElection (LeaderElection.java:askForVotes(178)) - 56eab7d4-40e2-4b28-9c72-53449258b8a2@group-3C260A0191AA-LeaderElection32: begin an election at term 29 for 0: [e63c905b-6e24-4a59-beee-02f8929d0b77:192.168.69.125:42235, 56eab7d4-40e2-4b28-9c72-53449258b8a2:192.168.69.125:37820, 06992730-799e-49b1-b4b4-a9e995f4f1fe:192.168.69.125:34681], old=null
2019-10-18 05:11:43,215 [56eab7d4-40e2-4b28-9c72-53449258b8a2@group-471016649F5C-LeaderElection33] INFO  impl.LeaderElection (LeaderElection.java:askForVotes(178)) - 56eab7d4-40e2-4b28-9c72-53449258b8a2@group-471016649F5C-LeaderElection33: begin an election at term 1 for -1: [e63c905b-6e24-4a59-beee-02f8929d0b77:192.168.69.125:42235, 56eab7d4-40e2-4b28-9c72-53449258b8a2:192.168.69.125:37820, 06992730-799e-49b1-b4b4-a9e995f4f1fe:192.168.69.125:34681], old=null
2019-10-18 05:11:43,217 [grpc-default-executor-5] INFO  impl.RaftServerImpl (RaftServerImpl.java:setRole(184)) - 06992730-799e-49b1-b4b4-a9e995f4f1fe@group-3C260A0191AA: changes role from  FOLLOWER to FOLLOWER at term 29 for recognizeCandidate:56eab7d4-40e2-4b28-9c72-53449258b8a2
2019-10-18 05:11:43,217 [grpc-default-executor-5] INFO  impl.RoleInfo (RoleInfo.java:shutdownFollowerState(121)) - 06992730-799e-49b1-b4b4-a9e995f4f1fe: shutdown FollowerState
2019-10-18 05:11:43,218 [Thread-745] INFO  impl.FollowerState (FollowerState.java:run(117)) - 06992730-799e-49b1-b4b4-a9e995f4f1fe@group-3C260A0191AA-FollowerState was interrupted: java.lang.InterruptedException: sleep interrupted
2019-10-18 05:11:43,218 [grpc-default-executor-5] INFO  impl.RoleInfo (RoleInfo.java:updateAndGet(143)) - 06992730-799e-49b1-b4b4-a9e995f4f1fe: start FollowerState
2019-10-18 05:11:43,218 [grpc-default-executor-2] INFO  impl.RaftServerImpl (RaftServerImpl.java:setRole(184)) - e63c905b-6e24-4a59-beee-02f8929d0b77@group-3C260A0191AA: changes role from  FOLLOWER to FOLLOWER at term 29 for recognizeCandidate:56eab7d4-40e2-4b28-9c72-53449258b8a2
2019-10-18 05:11:43,219 [grpc-default-executor-1] INFO  impl.RaftServerImpl (RaftServerImpl.java:setRole(184)) - e63c905b-6e24-4a59-beee-02f8929d0b77@group-471016649F5C: changes role from  FOLLOWER to FOLLOWER at term 1 for recognizeCandidate:56eab7d4-40e2-4b28-9c72-53449258b8a2
2019-10-18 05:11:43,219 [grpc-default-executor-2] INFO  impl.RoleInfo (RoleInfo.java:shutdownFollowerState(121)) - e63c905b-6e24-4a59-beee-02f8929d0b77: shutdown FollowerState
2019-10-18 05:11:43,219 [grpc-default-executor-6] INFO  impl.RaftServerImpl (RaftServerImpl.java:setRole(184)) - 06992730-799e-49b1-b4b4-a9e995f4f1fe@group-471016649F5C: changes role from  FOLLOWER to FOLLOWER at term 1 for recognizeCandidate:56eab7d4-40e2-4b28-9c72-53449258b8a2
2019-10-18 05:11:43,219 [grpc-default-executor-1] INFO  impl.RoleInfo (RoleInfo.java:shutdownFollowerState(121)) - e63c905b-6e24-4a59-beee-02f8929d0b77: shutdown FollowerState
2019-10-18 05:11:43,220 [grpc-default-executor-6] INFO  impl.RoleInfo (RoleInfo.java:shutdownFollowerState(121)) - 06992730-799e-49b1-b4b4-a9e995f4f1fe: shutdown FollowerState
2019-10-18 05:11:43,220 [Thread-746] INFO  impl.FollowerState (FollowerState.java:run(117)) - e63c905b-6e24-4a59-beee-02f8929d0b77@group-3C260A0191AA-FollowerState was interrupted: java.lang.InterruptedException: sleep interrupted
2019-10-18 05:11:43,220 [grpc-default-executor-2] INFO  impl.RoleInfo (RoleInfo.java:updateAndGet(143)) - e63c905b-6e24-4a59-beee-02f8929d0b77: start FollowerState
2019-10-18 05:11:43,220 [Thread-750] INFO  impl.FollowerState (FollowerState.java:run(117)) - 06992730-799e-49b1-b4b4-a9e995f4f1fe@group-471016649F5C-FollowerState was interrupted: java.lang.InterruptedException: sleep interrupted
2019-10-18 05:11:43,220 [grpc-default-executor-6] INFO  impl.RoleInfo (RoleInfo.java:updateAndGet(143)) - 06992730-799e-49b1-b4b4-a9e995f4f1fe: start FollowerState
2019-10-18 05:11:43,220 [Thread-748] INFO  impl.FollowerState (FollowerState.java:run(117)) - e63c905b-6e24-4a59-beee-02f8929d0b77@group-471016649F5C-FollowerState was interrupted: java.lang.InterruptedException: sleep interrupted
2019-10-18 05:11:43,220 [grpc-default-executor-1] INFO  impl.RoleInfo (RoleInfo.java:updateAndGet(143)) - e63c905b-6e24-4a59-beee-02f8929d0b77: start FollowerState
2019-10-18 05:11:43,231 [56eab7d4-40e2-4b28-9c72-53449258b8a2@group-3C260A0191AA-LeaderElection32] INFO  impl.LeaderElection (LeaderElection.java:logAndReturn(56)) - 56eab7d4-40e2-4b28-9c72-53449258b8a2@group-3C260A0191AA-LeaderElection32: Election REJECTED; received 2 response(s) [56eab7d4-40e2-4b28-9c72-53449258b8a2<-e63c905b-6e24-4a59-beee-02f8929d0b77#0:FAIL-t29, 56eab7d4-40e2-4b28-9c72-53449258b8a2<-06992730-799e-49b1-b4b4-a9e995f4f1fe#0:FAIL-t29] and 0 exception(s); 56eab7d4-40e2-4b28-9c72-53449258b8a2@group-3C260A0191AA:t29, leader=null, voted=56eab7d4-40e2-4b28-9c72-53449258b8a2, raftlog=56eab7d4-40e2-4b28-9c72-53449258b8a2@group-3C260A0191AA-SegmentedRaftLog:OPENED:c3,f4,i4, conf=0: [e63c905b-6e24-4a59-beee-02f8929d0b77:192.168.69.125:42235, 56eab7d4-40e2-4b28-9c72-53449258b8a2:192.168.69.125:37820, 06992730-799e-49b1-b4b4-a9e995f4f1fe:192.168.69.125:34681], old=null
2019-10-18 05:11:43,231 [56eab7d4-40e2-4b28-9c72-53449258b8a2@group-471016649F5C-LeaderElection33] INFO  impl.LeaderElection (LeaderElection.java:logAndReturn(56)) - 56eab7d4-40e2-4b28-9c72-53449258b8a2@group-471016649F5C-LeaderElection33: Election PASSED; received 1 response(s) [56eab7d4-40e2-4b28-9c72-53449258b8a2<-06992730-799e-49b1-b4b4-a9e995f4f1fe#0:OK-t1] and 0 exception(s); 56eab7d4-40e2-4b28-9c72-53449258b8a2@group-471016649F5C:t1, leader=null, voted=56eab7d4-40e2-4b28-9c72-53449258b8a2, raftlog=56eab7d4-40e2-4b28-9c72-53449258b8a2@group-471016649F5C-SegmentedRaftLog:OPENED:c-1,f-1,i0, conf=-1: [e63c905b-6e24-4a59-beee-02f8929d0b77:192.168.69.125:42235, 56eab7d4-40e2-4b28-9c72-53449258b8a2:192.168.69.125:37820, 06992730-799e-49b1-b4b4-a9e995f4f1fe:192.168.69.125:34681], old=null
2019-10-18 05:11:43,231 [56eab7d4-40e2-4b28-9c72-53449258b8a2@group-3C260A0191AA-LeaderElection32] INFO  impl.RaftServerImpl (RaftServerImpl.java:setRole(184)) - 56eab7d4-40e2-4b28-9c72-53449258b8a2@group-3C260A0191AA: changes role from CANDIDATE to FOLLOWER at term 29 for DISCOVERED_A_NEW_TERM
2019-10-18 05:11:43,232 [56eab7d4-40e2-4b28-9c72-53449258b8a2@group-471016649F5C-LeaderElection33] INFO  impl.RoleInfo (RoleInfo.java:shutdownLeaderElection(134)) - 56eab7d4-40e2-4b28-9c72-53449258b8a2: shutdown LeaderElection
2019-10-18 05:11:43,232 [56eab7d4-40e2-4b28-9c72-53449258b8a2@group-3C260A0191AA-LeaderElection32] INFO  impl.RoleInfo (RoleInfo.java:shutdownLeaderElection(134)) - 56eab7d4-40e2-4b28-9c72-53449258b8a2: shutdown LeaderElection
2019-10-18 05:11:43,236 [56eab7d4-40e2-4b28-9c72-53449258b8a2@group-471016649F5C-LeaderElection33] INFO  impl.RaftServerImpl (RaftServerImpl.java:setRole(184)) - 56eab7d4-40e2-4b28-9c72-53449258b8a2@group-471016649F5C: changes role from CANDIDATE to LEADER at term 1 for changeToLeader
2019-10-18 05:11:43,236 [56eab7d4-40e2-4b28-9c72-53449258b8a2@group-3C260A0191AA-LeaderElection32] INFO  impl.RoleInfo (RoleInfo.java:updateAndGet(143)) - 56eab7d4-40e2-4b28-9c72-53449258b8a2: start FollowerState
2019-10-18 05:11:43,236 [56eab7d4-40e2-4b28-9c72-53449258b8a2@group-471016649F5C-LeaderElection33] INFO  impl.RaftServerImpl (ServerState.java:setLeader(256)) - 56eab7d4-40e2-4b28-9c72-53449258b8a2@group-471016649F5C: change Leader from null to 56eab7d4-40e2-4b28-9c72-53449258b8a2 at term 1 for becomeLeader, leader elected after 52ms
2019-10-18 05:11:43,236 [56eab7d4-40e2-4b28-9c72-53449258b8a2@group-471016649F5C-LeaderElection33] INFO  server.RaftServerConfigKeys (ConfUtils.java:logGet(43)) - raft.server.staging.catchup.gap = 1000 (default)
2019-10-18 05:11:43,236 [56eab7d4-40e2-4b28-9c72-53449258b8a2@group-471016649F5C-LeaderElection33] INFO  server.RaftServerConfigKeys (ConfUtils.java:logGet(43)) - raft.server.rpc.sleep.time = 25ms (default)
2019-10-18 05:11:43,236 [56eab7d4-40e2-4b28-9c72-53449258b8a2@group-471016649F5C-LeaderElection33] INFO  server.RaftServerConfigKeys (ConfUtils.java:logGet(43)) - raft.server.write.element-limit = 4096 (default)
2019-10-18 05:11:43,236 [56eab7d4-40e2-4b28-9c72-53449258b8a2@group-471016649F5C-LeaderElection33] INFO  server.RaftServerConfigKeys (ConfUtils.java:logGet(43)) - raft.server.watch.timeout = 10s (default)
2019-10-18 05:11:43,236 [56eab7d4-40e2-4b28-9c72-53449258b8a2@group-471016649F5C-LeaderElection33] INFO  server.RaftServerConfigKeys (ConfUtils.java:logGet(43)) - raft.server.watch.timeout.denomination = 1s (default)
2019-10-18 05:11:43,237 [56eab7d4-40e2-4b28-9c72-53449258b8a2@group-471016649F5C-LeaderElection33] INFO  server.RaftServerConfigKeys (ConfUtils.java:logGet(43)) - raft.server.watch.element-limit = 65536 (default)
2019-10-18 05:11:43,238 [56eab7d4-40e2-4b28-9c72-53449258b8a2@group-471016649F5C-LeaderElection33] INFO  server.RaftServerConfigKeys (ConfUtils.java:logGet(43)) - raft.server.log.appender.snapshot.chunk.size.max = 16MB (=16777216) (default)
2019-10-18 05:11:43,239 [56eab7d4-40e2-4b28-9c72-53449258b8a2@group-471016649F5C-LeaderElection33] INFO  server.RaftServerConfigKeys (ConfUtils.java:logGet(43)) - raft.server.log.appender.buffer.byte-limit = 33554432 (custom)
2019-10-18 05:11:43,239 [56eab7d4-40e2-4b28-9c72-53449258b8a2@group-471016649F5C-LeaderElection33] INFO  server.RaftServerConfigKeys (ConfUtils.java:logGet(43)) - raft.server.log.appender.buffer.element-limit = 1 (custom)
2019-10-18 05:11:43,239 [56eab7d4-40e2-4b28-9c72-53449258b8a2@group-471016649F5C-LeaderElection33] INFO  grpc.GrpcConfigKeys$Server (ConfUtils.java:logGet(43)) - raft.grpc.server.leader.outstanding.appends.max = 128 (default)
2019-10-18 05:11:43,239 [56eab7d4-40e2-4b28-9c72-53449258b8a2@group-471016649F5C-LeaderElection33] INFO  server.RaftServerConfigKeys (ConfUtils.java:logGet(43)) - raft.server.rpc.request.timeout = 3000ms (default)
2019-10-18 05:11:43,239 [56eab7d4-40e2-4b28-9c72-53449258b8a2@group-471016649F5C-LeaderElection33] INFO  server.RaftServerConfigKeys (ConfUtils.java:logGet(43)) - raft.server.log.appender.install.snapshot.enabled = false (custom)
2019-10-18 05:11:43,241 [56eab7d4-40e2-4b28-9c72-53449258b8a2@group-471016649F5C-LeaderElection33] INFO  server.RaftServerConfigKeys (ConfUtils.java:logGet(43)) - raft.server.log.appender.snapshot.chunk.size.max = 16MB (=16777216) (default)
2019-10-18 05:11:43,241 [56eab7d4-40e2-4b28-9c72-53449258b8a2@group-471016649F5C-LeaderElection33] INFO  server.RaftServerConfigKeys (ConfUtils.java:logGet(43)) - raft.server.log.appender.buffer.byte-limit = 33554432 (custom)
2019-10-18 05:11:43,241 [56eab7d4-40e2-4b28-9c72-53449258b8a2@group-471016649F5C-LeaderElection33] INFO  server.RaftServerConfigKeys (ConfUtils.java:logGet(43)) - raft.server.log.appender.buffer.element-limit = 1 (custom)
2019-10-18 05:11:43,241 [56eab7d4-40e2-4b28-9c72-53449258b8a2@group-471016649F5C-LeaderElection33] INFO  grpc.GrpcConfigKeys$Server (ConfUtils.java:logGet(43)) - raft.grpc.server.leader.outstanding.appends.max = 128 (default)
2019-10-18 05:11:43,241 [56eab7d4-40e2-4b28-9c72-53449258b8a2@group-471016649F5C-LeaderElection33] INFO  server.RaftServerConfigKeys (ConfUtils.java:logGet(43)) - raft.server.rpc.request.timeout = 3000ms (default)
2019-10-18 05:11:43,241 [56eab7d4-40e2-4b28-9c72-53449258b8a2@group-471016649F5C-LeaderElection33] INFO  server.RaftServerConfigKeys (ConfUtils.java:logGet(43)) - raft.server.log.appender.install.snapshot.enabled = false (custom)
2019-10-18 05:11:43,243 [56eab7d4-40e2-4b28-9c72-53449258b8a2@group-471016649F5C-LeaderElection33] INFO  impl.RoleInfo (RoleInfo.java:updateAndGet(143)) - 56eab7d4-40e2-4b28-9c72-53449258b8a2: start LeaderState
2019-10-18 05:11:43,243 [56eab7d4-40e2-4b28-9c72-53449258b8a2@group-471016649F5C-LeaderElection33] INFO  segmented.SegmentedRaftLogWorker (SegmentedRaftLogWorker.java:startLogSegment(385)) - 56eab7d4-40e2-4b28-9c72-53449258b8a2@group-471016649F5C-SegmentedRaftLogWorker: Starting segment from index:0
2019-10-18 05:11:43,244 [56eab7d4-40e2-4b28-9c72-53449258b8a2@group-471016649F5C-LeaderElection33] INFO  impl.RaftServerImpl (ServerState.java:setRaftConf(357)) - 56eab7d4-40e2-4b28-9c72-53449258b8a2@group-471016649F5C: set configuration 0: [e63c905b-6e24-4a59-beee-02f8929d0b77:192.168.69.125:42235, 56eab7d4-40e2-4b28-9c72-53449258b8a2:192.168.69.125:37820, 06992730-799e-49b1-b4b4-a9e995f4f1fe:192.168.69.125:34681], old=null at 0
2019-10-18 05:11:43,269 [grpc-default-executor-5] INFO  impl.RaftServerImpl (ServerState.java:setLeader(256)) - e63c905b-6e24-4a59-beee-02f8929d0b77@group-471016649F5C: change Leader from null to 56eab7d4-40e2-4b28-9c72-53449258b8a2 at term 1 for appendEntries, leader elected after 84ms
2019-10-18 05:11:43,269 [grpc-default-executor-6] INFO  impl.RaftServerImpl (ServerState.java:setLeader(256)) - 06992730-799e-49b1-b4b4-a9e995f4f1fe@group-471016649F5C: change Leader from null to 56eab7d4-40e2-4b28-9c72-53449258b8a2 at term 1 for appendEntries, leader elected after 85ms
2019-10-18 05:11:43,272 [grpc-default-executor-6] INFO  impl.RaftServerImpl (ServerState.java:setRaftConf(357)) - e63c905b-6e24-4a59-beee-02f8929d0b77@group-471016649F5C: set configuration 0: [e63c905b-6e24-4a59-beee-02f8929d0b77:192.168.69.125:42235, 56eab7d4-40e2-4b28-9c72-53449258b8a2:192.168.69.125:37820, 06992730-799e-49b1-b4b4-a9e995f4f1fe:192.168.69.125:34681], old=null at 0
2019-10-18 05:11:43,272 [grpc-default-executor-5] INFO  impl.RaftServerImpl (ServerState.java:setRaftConf(357)) - 06992730-799e-49b1-b4b4-a9e995f4f1fe@group-471016649F5C: set configuration 0: [e63c905b-6e24-4a59-beee-02f8929d0b77:192.168.69.125:42235, 56eab7d4-40e2-4b28-9c72-53449258b8a2:192.168.69.125:37820, 06992730-799e-49b1-b4b4-a9e995f4f1fe:192.168.69.125:34681], old=null at 0
2019-10-18 05:11:43,273 [grpc-default-executor-6] INFO  segmented.SegmentedRaftLogWorker (SegmentedRaftLogWorker.java:startLogSegment(385)) - e63c905b-6e24-4a59-beee-02f8929d0b77@group-471016649F5C-SegmentedRaftLogWorker: Starting segment from index:0
2019-10-18 05:11:43,273 [grpc-default-executor-5] INFO  segmented.SegmentedRaftLogWorker (SegmentedRaftLogWorker.java:startLogSegment(385)) - 06992730-799e-49b1-b4b4-a9e995f4f1fe@group-471016649F5C-SegmentedRaftLogWorker: Starting segment from index:0
2019-10-18 05:11:43,278 [EventQueue-DeleteBlockStatusForDeletedBlockLogImpl] WARN  block.DeletedBlockLogImpl (DeletedBlockLogImpl.java:commitTransactions(205)) - Transaction txId=1 commit by dnId=56eab7d4-40e2-4b28-9c72-53449258b8a2 for containerID=#1 failed. Corresponding entry not found.
2019-10-18 05:11:43,278 [EventQueue-DeleteBlockStatusForDeletedBlockLogImpl] WARN  block.DeletedBlockLogImpl (DeletedBlockLogImpl.java:commitTransactions(205)) - Transaction txId=1 commit by dnId=56eab7d4-40e2-4b28-9c72-53449258b8a2 for containerID=#1 failed. Corresponding entry not found.
2019-10-18 05:11:43,278 [EventQueue-DeleteBlockStatusForDeletedBlockLogImpl] WARN  block.DeletedBlockLogImpl (DeletedBlockLogImpl.java:commitTransactions(205)) - Transaction txId=1 commit by dnId=56eab7d4-40e2-4b28-9c72-53449258b8a2 for containerID=#1 failed. Corresponding entry not found.
2019-10-18 05:11:43,278 [EventQueue-DeleteBlockStatusForDeletedBlockLogImpl] WARN  block.DeletedBlockLogImpl (DeletedBlockLogImpl.java:commitTransactions(205)) - Transaction txId=1 commit by dnId=56eab7d4-40e2-4b28-9c72-53449258b8a2 for containerID=#1 failed. Corresponding entry not found.
2019-10-18 05:11:43,278 [EventQueue-DeleteBlockStatusForDeletedBlockLogImpl] WARN  block.DeletedBlockLogImpl (DeletedBlockLogImpl.java:commitTransactions(205)) - Transaction txId=1 commit by dnId=56eab7d4-40e2-4b28-9c72-53449258b8a2 for containerID=#1 failed. Corresponding entry not found.
2019-10-18 05:11:43,278 [EventQueue-DeleteBlockStatusForDeletedBlockLogImpl] WARN  block.DeletedBlockLogImpl (DeletedBlockLogImpl.java:commitTransactions(205)) - Transaction txId=1 commit by dnId=56eab7d4-40e2-4b28-9c72-53449258b8a2 for containerID=#1 failed. Corresponding entry not found.
2019-10-18 05:11:43,279 [EventQueue-DeleteBlockStatusForDeletedBlockLogImpl] WARN  block.DeletedBlockLogImpl (DeletedBlockLogImpl.java:commitTransactions(205)) - Transaction txId=1 commit by dnId=56eab7d4-40e2-4b28-9c72-53449258b8a2 for containerID=#1 failed. Corresponding entry not found.
2019-10-18 05:11:43,281 [56eab7d4-40e2-4b28-9c72-53449258b8a2@group-471016649F5C-SegmentedRaftLogWorker] INFO  segmented.SegmentedRaftLogWorker (SegmentedRaftLogWorker.java:execute(576)) - 56eab7d4-40e2-4b28-9c72-53449258b8a2@group-471016649F5C-SegmentedRaftLogWorker: created new log segment /workdir/hadoop-ozone/integration-test/target/test-dir/MiniOzoneClusterImpl-e8489dd8-f004-4b8d-ba6f-64c0d641aa36/datanode-2/data/ratis/5a4a991c-6847-4a61-a506-471016649f5c/current/log_inprogress_0
2019-10-18 05:11:43,301 [Thread-735] INFO  impl.FollowerState (FollowerState.java:run(108)) - 56eab7d4-40e2-4b28-9c72-53449258b8a2@group-BA3A05CA2D65-FollowerState: change to CANDIDATE, lastRpcTime:166ms, electionTimeout:166ms
2019-10-18 05:11:43,301 [Thread-735] INFO  impl.RoleInfo (RoleInfo.java:shutdownFollowerState(121)) - 56eab7d4-40e2-4b28-9c72-53449258b8a2: shutdown FollowerState
2019-10-18 05:11:43,301 [Thread-735] INFO  impl.RaftServerImpl (RaftServerImpl.java:setRole(184)) - 56eab7d4-40e2-4b28-9c72-53449258b8a2@group-BA3A05CA2D65: changes role from  FOLLOWER to CANDIDATE at term 0 for changeToCandidate
2019-10-18 05:11:43,301 [Thread-735] INFO  impl.RoleInfo (RoleInfo.java:updateAndGet(143)) - 56eab7d4-40e2-4b28-9c72-53449258b8a2: start LeaderElection
2019-10-18 05:11:43,310 [e63c905b-6e24-4a59-beee-02f8929d0b77@group-471016649F5C-SegmentedRaftLogWorker] INFO  segmented.SegmentedRaftLogWorker (SegmentedRaftLogWorker.java:execute(576)) - e63c905b-6e24-4a59-beee-02f8929d0b77@group-471016649F5C-SegmentedRaftLogWorker: created new log segment /workdir/hadoop-ozone/integration-test/target/test-dir/MiniOzoneClusterImpl-e8489dd8-f004-4b8d-ba6f-64c0d641aa36/datanode-1/data/ratis/5a4a991c-6847-4a61-a506-471016649f5c/current/log_inprogress_0
2019-10-18 05:11:43,310 [06992730-799e-49b1-b4b4-a9e995f4f1fe@group-471016649F5C-SegmentedRaftLogWorker] INFO  segmented.SegmentedRaftLogWorker (SegmentedRaftLogWorker.java:execute(576)) - 06992730-799e-49b1-b4b4-a9e995f4f1fe@group-471016649F5C-SegmentedRaftLogWorker: created new log segment /workdir/hadoop-ozone/integration-test/target/test-dir/MiniOzoneClusterImpl-e8489dd8-f004-4b8d-ba6f-64c0d641aa36/datanode-0/data/ratis/5a4a991c-6847-4a61-a506-471016649f5c/current/log_inprogress_0
2019-10-18 05:11:43,310 [56eab7d4-40e2-4b28-9c72-53449258b8a2@group-BA3A05CA2D65-LeaderElection34] INFO  impl.LeaderElection (LeaderElection.java:askForVotes(178)) - 56eab7d4-40e2-4b28-9c72-53449258b8a2@group-BA3A05CA2D65-LeaderElection34: begin an election at term 1 for -1: [56eab7d4-40e2-4b28-9c72-53449258b8a2:192.168.69.125:37820], old=null
2019-10-18 05:11:43,311 [56eab7d4-40e2-4b28-9c72-53449258b8a2@group-BA3A05CA2D65-LeaderElection34] INFO  impl.RoleInfo (RoleInfo.java:shutdownLeaderElection(134)) - 56eab7d4-40e2-4b28-9c72-53449258b8a2: shutdown LeaderElection
2019-10-18 05:11:43,311 [56eab7d4-40e2-4b28-9c72-53449258b8a2@group-BA3A05CA2D65-LeaderElection34] INFO  impl.RaftServerImpl (RaftServerImpl.java:setRole(184)) - 56eab7d4-40e2-4b28-9c72-53449258b8a2@group-BA3A05CA2D65: changes role from CANDIDATE to LEADER at term 1 for changeToLeader
2019-10-18 05:11:43,311 [56eab7d4-40e2-4b28-9c72-53449258b8a2@group-BA3A05CA2D65-LeaderElection34] INFO  impl.RaftServerImpl (ServerState.java:setLeader(256)) - 56eab7d4-40e2-4b28-9c72-53449258b8a2@group-BA3A05CA2D65: change Leader from null to 56eab7d4-40e2-4b28-9c72-53449258b8a2 at term 1 for becomeLeader, leader elected after 185ms
2019-10-18 05:11:43,311 [56eab7d4-40e2-4b28-9c72-53449258b8a2@group-BA3A05CA2D65-LeaderElection34] INFO  server.RaftServerConfigKeys (ConfUtils.java:logGet(43)) - raft.server.staging.catchup.gap = 1000 (default)
2019-10-18 05:11:43,311 [56eab7d4-40e2-4b28-9c72-53449258b8a2@group-BA3A05CA2D65-LeaderElection34] INFO  server.RaftServerConfigKeys (ConfUtils.java:logGet(43)) - raft.server.rpc.sleep.time = 25ms (default)
2019-10-18 05:11:43,311 [56eab7d4-40e2-4b28-9c72-53449258b8a2@group-BA3A05CA2D65-LeaderElection34] INFO  server.RaftServerConfigKeys (ConfUtils.java:logGet(43)) - raft.server.write.element-limit = 4096 (default)
2019-10-18 05:11:43,311 [56eab7d4-40e2-4b28-9c72-53449258b8a2@group-BA3A05CA2D65-LeaderElection34] INFO  server.RaftServerConfigKeys (ConfUtils.java:logGet(43)) - raft.server.watch.timeout = 10s (default)
2019-10-18 05:11:43,311 [56eab7d4-40e2-4b28-9c72-53449258b8a2@group-BA3A05CA2D65-LeaderElection34] INFO  server.RaftServerConfigKeys (ConfUtils.java:logGet(43)) - raft.server.watch.timeout.denomination = 1s (default)
2019-10-18 05:11:43,311 [56eab7d4-40e2-4b28-9c72-53449258b8a2@group-BA3A05CA2D65-LeaderElection34] INFO  server.RaftServerConfigKeys (ConfUtils.java:logGet(43)) - raft.server.watch.element-limit = 65536 (default)
2019-10-18 05:11:43,313 [56eab7d4-40e2-4b28-9c72-53449258b8a2@group-BA3A05CA2D65-LeaderElection34] INFO  impl.RoleInfo (RoleInfo.java:updateAndGet(143)) - 56eab7d4-40e2-4b28-9c72-53449258b8a2: start LeaderState
2019-10-18 05:11:43,314 [56eab7d4-40e2-4b28-9c72-53449258b8a2@group-BA3A05CA2D65-LeaderElection34] INFO  segmented.SegmentedRaftLogWorker (SegmentedRaftLogWorker.java:startLogSegment(385)) - 56eab7d4-40e2-4b28-9c72-53449258b8a2@group-BA3A05CA2D65-SegmentedRaftLogWorker: Starting segment from index:0
2019-10-18 05:11:43,314 [56eab7d4-40e2-4b28-9c72-53449258b8a2@group-BA3A05CA2D65-LeaderElection34] INFO  impl.RaftServerImpl (ServerState.java:setRaftConf(357)) - 56eab7d4-40e2-4b28-9c72-53449258b8a2@group-BA3A05CA2D65: set configuration 0: [56eab7d4-40e2-4b28-9c72-53449258b8a2:192.168.69.125:37820], old=null at 0
2019-10-18 05:11:43,349 [56eab7d4-40e2-4b28-9c72-53449258b8a2@group-BA3A05CA2D65-SegmentedRaftLogWorker] INFO  segmented.SegmentedRaftLogWorker (SegmentedRaftLogWorker.java:execute(576)) - 56eab7d4-40e2-4b28-9c72-53449258b8a2@group-BA3A05CA2D65-SegmentedRaftLogWorker: created new log segment /workdir/hadoop-ozone/integration-test/target/test-dir/MiniOzoneClusterImpl-e8489dd8-f004-4b8d-ba6f-64c0d641aa36/datanode-2/data/ratis/a3273c42-89e0-4c3c-a1a8-ba3a05ca2d65/current/log_inprogress_0
2019-10-18 05:11:43,355 [Thread-761] INFO  impl.FollowerState (FollowerState.java:run(108)) - 56eab7d4-40e2-4b28-9c72-53449258b8a2@group-3C260A0191AA-FollowerState: change to CANDIDATE, lastRpcTime:119ms, electionTimeout:119ms
2019-10-18 05:11:43,355 [Thread-761] INFO  impl.RoleInfo (RoleInfo.java:shutdownFollowerState(121)) - 56eab7d4-40e2-4b28-9c72-53449258b8a2: shutdown FollowerState
2019-10-18 05:11:43,355 [Thread-761] INFO  impl.RaftServerImpl (RaftServerImpl.java:setRole(184)) - 56eab7d4-40e2-4b28-9c72-53449258b8a2@group-3C260A0191AA: changes role from  FOLLOWER to CANDIDATE at term 29 for changeToCandidate
2019-10-18 05:11:43,356 [Thread-761] INFO  impl.RoleInfo (RoleInfo.java:updateAndGet(143)) - 56eab7d4-40e2-4b28-9c72-53449258b8a2: start LeaderElection
2019-10-18 05:11:43,368 [56eab7d4-40e2-4b28-9c72-53449258b8a2@group-3C260A0191AA-LeaderElection35] INFO  impl.LeaderElection (LeaderElection.java:askForVotes(178)) - 56eab7d4-40e2-4b28-9c72-53449258b8a2@group-3C260A0191AA-LeaderElection35: begin an election at term 30 for 0: [e63c905b-6e24-4a59-beee-02f8929d0b77:192.168.69.125:42235, 56eab7d4-40e2-4b28-9c72-53449258b8a2:192.168.69.125:37820, 06992730-799e-49b1-b4b4-a9e995f4f1fe:192.168.69.125:34681], old=null
2019-10-18 05:11:43,370 [grpc-default-executor-5] INFO  impl.RaftServerImpl (RaftServerImpl.java:setRole(184)) - 06992730-799e-49b1-b4b4-a9e995f4f1fe@group-3C260A0191AA: changes role from  FOLLOWER to FOLLOWER at term 30 for recognizeCandidate:56eab7d4-40e2-4b28-9c72-53449258b8a2
2019-10-18 05:11:43,370 [Thread-777] INFO  client.GrpcClientProtocolService (GrpcClientProtocolService.java:lambda$processClientRequest$0(278)) - Failed RaftClientRequest:client-46808F7408E0->e63c905b-6e24-4a59-beee-02f8929d0b77@group-3C260A0191AA, cid=10, seq=0, Watch-ALL_COMMITTED(6), Message:<EMPTY>, reply=RaftClientReply:client-46808F7408E0->e63c905b-6e24-4a59-beee-02f8929d0b77@group-3C260A0191AA, cid=10, FAILED org.apache.ratis.protocol.NotLeaderException: Server e63c905b-6e24-4a59-beee-02f8929d0b77@group-3C260A0191AA is not the leader, logIndex=0, commits[e63c905b-6e24-4a59-beee-02f8929d0b77:c10, 56eab7d4-40e2-4b28-9c72-53449258b8a2:c4, 06992730-799e-49b1-b4b4-a9e995f4f1fe:c10]
2019-10-18 05:11:43,370 [grpc-default-executor-5] INFO  impl.RoleInfo (RoleInfo.java:shutdownFollowerState(121)) - 06992730-799e-49b1-b4b4-a9e995f4f1fe: shutdown FollowerState
2019-10-18 05:11:43,371 [grpc-default-executor-5] INFO  impl.RoleInfo (RoleInfo.java:updateAndGet(143)) - 06992730-799e-49b1-b4b4-a9e995f4f1fe: start FollowerState
2019-10-18 05:11:43,371 [grpc-default-executor-6] INFO  impl.RaftServerImpl (RaftServerImpl.java:setRole(184)) - e63c905b-6e24-4a59-beee-02f8929d0b77@group-3C260A0191AA: changes role from  FOLLOWER to FOLLOWER at term 30 for recognizeCandidate:56eab7d4-40e2-4b28-9c72-53449258b8a2
2019-10-18 05:11:43,371 [Thread-757] INFO  impl.FollowerState (FollowerState.java:run(117)) - 06992730-799e-49b1-b4b4-a9e995f4f1fe@group-3C260A0191AA-FollowerState was interrupted: java.lang.InterruptedException: sleep interrupted
2019-10-18 05:11:43,372 [grpc-default-executor-6] INFO  impl.RoleInfo (RoleInfo.java:shutdownFollowerState(121)) - e63c905b-6e24-4a59-beee-02f8929d0b77: shutdown FollowerState
2019-10-18 05:11:43,373 [Thread-758] INFO  impl.FollowerState (FollowerState.java:run(117)) - e63c905b-6e24-4a59-beee-02f8929d0b77@group-3C260A0191AA-FollowerState was interrupted: java.lang.InterruptedException: sleep interrupted
2019-10-18 05:11:43,373 [grpc-default-executor-6] INFO  impl.RoleInfo (RoleInfo.java:updateAndGet(143)) - e63c905b-6e24-4a59-beee-02f8929d0b77: start FollowerState
2019-10-18 05:11:43,387 [56eab7d4-40e2-4b28-9c72-53449258b8a2@group-3C260A0191AA-LeaderElection35] INFO  impl.LeaderElection (LeaderElection.java:logAndReturn(56)) - 56eab7d4-40e2-4b28-9c72-53449258b8a2@group-3C260A0191AA-LeaderElection35: Election REJECTED; received 2 response(s) [56eab7d4-40e2-4b28-9c72-53449258b8a2<-e63c905b-6e24-4a59-beee-02f8929d0b77#0:FAIL-t30, 56eab7d4-40e2-4b28-9c72-53449258b8a2<-06992730-799e-49b1-b4b4-a9e995f4f1fe#0:FAIL-t30] and 0 exception(s); 56eab7d4-40e2-4b28-9c72-53449258b8a2@group-3C260A0191AA:t30, leader=null, voted=56eab7d4-40e2-4b28-9c72-53449258b8a2, raftlog=56eab7d4-40e2-4b28-9c72-53449258b8a2@group-3C260A0191AA-SegmentedRaftLog:OPENED:c3,f4,i4, conf=0: [e63c905b-6e24-4a59-beee-02f8929d0b77:192.168.69.125:42235, 56eab7d4-40e2-4b28-9c72-53449258b8a2:192.168.69.125:37820, 06992730-799e-49b1-b4b4-a9e995f4f1fe:192.168.69.125:34681], old=null
2019-10-18 05:11:43,387 [56eab7d4-40e2-4b28-9c72-53449258b8a2@group-3C260A0191AA-LeaderElection35] INFO  impl.RaftServerImpl (RaftServerImpl.java:setRole(184)) - 56eab7d4-40e2-4b28-9c72-53449258b8a2@group-3C260A0191AA: changes role from CANDIDATE to FOLLOWER at term 30 for DISCOVERED_A_NEW_TERM
2019-10-18 05:11:43,387 [56eab7d4-40e2-4b28-9c72-53449258b8a2@group-3C260A0191AA-LeaderElection35] INFO  impl.RoleInfo (RoleInfo.java:shutdownLeaderElection(134)) - 56eab7d4-40e2-4b28-9c72-53449258b8a2: shutdown LeaderElection
2019-10-18 05:11:43,387 [56eab7d4-40e2-4b28-9c72-53449258b8a2@group-3C260A0191AA-LeaderElection35] INFO  impl.RoleInfo (RoleInfo.java:updateAndGet(143)) - 56eab7d4-40e2-4b28-9c72-53449258b8a2: start FollowerState
2019-10-18 05:11:43,483 [Thread-781] INFO  impl.FollowerState (FollowerState.java:run(108)) - 56eab7d4-40e2-4b28-9c72-53449258b8a2@group-3C260A0191AA-FollowerState: change to CANDIDATE, lastRpcTime:95ms, electionTimeout:95ms
2019-10-18 05:11:43,483 [Thread-781] INFO  impl.RoleInfo (RoleInfo.java:shutdownFollowerState(121)) - 56eab7d4-40e2-4b28-9c72-53449258b8a2: shutdown FollowerState
2019-10-18 05:11:43,483 [Thread-781] INFO  impl.RaftServerImpl (RaftServerImpl.java:setRole(184)) - 56eab7d4-40e2-4b28-9c72-53449258b8a2@group-3C260A0191AA: changes role from  FOLLOWER to CANDIDATE at term 30 for changeToCandidate
2019-10-18 05:11:43,483 [Thread-781] INFO  impl.RoleInfo (RoleInfo.java:updateAndGet(143)) - 56eab7d4-40e2-4b28-9c72-53449258b8a2: start LeaderElection
2019-10-18 05:11:43,497 [56eab7d4-40e2-4b28-9c72-53449258b8a2@group-3C260A0191AA-LeaderElection36] INFO  impl.LeaderElection (LeaderElection.java:askForVotes(178)) - 56eab7d4-40e2-4b28-9c72-53449258b8a2@group-3C260A0191AA-LeaderElection36: begin an election at term 31 for 0: [e63c905b-6e24-4a59-beee-02f8929d0b77:192.168.69.125:42235, 56eab7d4-40e2-4b28-9c72-53449258b8a2:192.168.69.125:37820, 06992730-799e-49b1-b4b4-a9e995f4f1fe:192.168.69.125:34681], old=null
2019-10-18 05:11:43,499 [grpc-default-executor-5] INFO  impl.RaftServerImpl (RaftServerImpl.java:setRole(184)) - e63c905b-6e24-4a59-beee-02f8929d0b77@group-3C260A0191AA: changes role from  FOLLOWER to FOLLOWER at term 31 for recognizeCandidate:56eab7d4-40e2-4b28-9c72-53449258b8a2
2019-10-18 05:11:43,499 [grpc-default-executor-6] INFO  impl.RaftServerImpl (RaftServerImpl.java:setRole(184)) - 06992730-799e-49b1-b4b4-a9e995f4f1fe@group-3C260A0191AA: changes role from  FOLLOWER to FOLLOWER at term 31 for recognizeCandidate:56eab7d4-40e2-4b28-9c72-53449258b8a2
2019-10-18 05:11:43,499 [grpc-default-executor-5] INFO  impl.RoleInfo (RoleInfo.java:shutdownFollowerState(121)) - e63c905b-6e24-4a59-beee-02f8929d0b77: shutdown FollowerState
2019-10-18 05:11:43,499 [grpc-default-executor-6] INFO  impl.RoleInfo (RoleInfo.java:shutdownFollowerState(121)) - 06992730-799e-49b1-b4b4-a9e995f4f1fe: shutdown FollowerState
2019-10-18 05:11:43,499 [grpc-default-executor-5] INFO  impl.RoleInfo (RoleInfo.java:updateAndGet(143)) - e63c905b-6e24-4a59-beee-02f8929d0b77: start FollowerState
2019-10-18 05:11:43,499 [Thread-779] INFO  impl.FollowerState (FollowerState.java:run(117)) - e63c905b-6e24-4a59-beee-02f8929d0b77@group-3C260A0191AA-FollowerState was interrupted: java.lang.InterruptedException: sleep interrupted
2019-10-18 05:11:43,499 [grpc-default-executor-6] INFO  impl.RoleInfo (RoleInfo.java:updateAndGet(143)) - 06992730-799e-49b1-b4b4-a9e995f4f1fe: start FollowerState
2019-10-18 05:11:43,499 [Thread-778] INFO  impl.FollowerState (FollowerState.java:run(117)) - 06992730-799e-49b1-b4b4-a9e995f4f1fe@group-3C260A0191AA-FollowerState was interrupted: java.lang.InterruptedException: sleep interrupted
2019-10-18 05:11:43,513 [56eab7d4-40e2-4b28-9c72-53449258b8a2@group-3C260A0191AA-LeaderElection36] INFO  impl.LeaderElection (LeaderElection.java:logAndReturn(56)) - 56eab7d4-40e2-4b28-9c72-53449258b8a2@group-3C260A0191AA-LeaderElection36: Election REJECTED; received 2 response(s) [56eab7d4-40e2-4b28-9c72-53449258b8a2<-e63c905b-6e24-4a59-beee-02f8929d0b77#0:FAIL-t31, 56eab7d4-40e2-4b28-9c72-53449258b8a2<-06992730-799e-49b1-b4b4-a9e995f4f1fe#0:FAIL-t31] and 0 exception(s); 56eab7d4-40e2-4b28-9c72-53449258b8a2@group-3C260A0191AA:t31, leader=null, voted=56eab7d4-40e2-4b28-9c72-53449258b8a2, raftlog=56eab7d4-40e2-4b28-9c72-53449258b8a2@group-3C260A0191AA-SegmentedRaftLog:OPENED:c3,f4,i4, conf=0: [e63c905b-6e24-4a59-beee-02f8929d0b77:192.168.69.125:42235, 56eab7d4-40e2-4b28-9c72-53449258b8a2:192.168.69.125:37820, 06992730-799e-49b1-b4b4-a9e995f4f1fe:192.168.69.125:34681], old=null
2019-10-18 05:11:43,513 [56eab7d4-40e2-4b28-9c72-53449258b8a2@group-3C260A0191AA-LeaderElection36] INFO  impl.RaftServerImpl (RaftServerImpl.java:setRole(184)) - 56eab7d4-40e2-4b28-9c72-53449258b8a2@group-3C260A0191AA: changes role from CANDIDATE to FOLLOWER at term 31 for DISCOVERED_A_NEW_TERM
2019-10-18 05:11:43,513 [56eab7d4-40e2-4b28-9c72-53449258b8a2@group-3C260A0191AA-LeaderElection36] INFO  impl.RoleInfo (RoleInfo.java:shutdownLeaderElection(134)) - 56eab7d4-40e2-4b28-9c72-53449258b8a2: shutdown LeaderElection
2019-10-18 05:11:43,513 [56eab7d4-40e2-4b28-9c72-53449258b8a2@group-3C260A0191AA-LeaderElection36] INFO  impl.RoleInfo (RoleInfo.java:updateAndGet(143)) - 56eab7d4-40e2-4b28-9c72-53449258b8a2: start FollowerState
2019-10-18 05:11:43,542 [Thread-787] INFO  impl.FollowerState (FollowerState.java:run(108)) - 56eab7d4-40e2-4b28-9c72-53449258b8a2@group-3C260A0191AA-FollowerState: change to CANDIDATE, lastRpcTime:29ms, electionTimeout:29ms
2019-10-18 05:11:43,542 [Thread-787] INFO  impl.RoleInfo (RoleInfo.java:shutdownFollowerState(121)) - 56eab7d4-40e2-4b28-9c72-53449258b8a2: shutdown FollowerState
2019-10-18 05:11:43,543 [Thread-787] INFO  impl.RaftServerImpl (RaftServerImpl.java:setRole(184)) - 56eab7d4-40e2-4b28-9c72-53449258b8a2@group-3C260A0191AA: changes role from  FOLLOWER to CANDIDATE at term 31 for changeToCandidate
2019-10-18 05:11:43,543 [Thread-787] INFO  impl.RoleInfo (RoleInfo.java:updateAndGet(143)) - 56eab7d4-40e2-4b28-9c72-53449258b8a2: start LeaderElection
2019-10-18 05:11:43,556 [56eab7d4-40e2-4b28-9c72-53449258b8a2@group-3C260A0191AA-LeaderElection37] INFO  impl.LeaderElection (LeaderElection.java:askForVotes(178)) - 56eab7d4-40e2-4b28-9c72-53449258b8a2@group-3C260A0191AA-LeaderElection37: begin an election at term 32 for 0: [e63c905b-6e24-4a59-beee-02f8929d0b77:192.168.69.125:42235, 56eab7d4-40e2-4b28-9c72-53449258b8a2:192.168.69.125:37820, 06992730-799e-49b1-b4b4-a9e995f4f1fe:192.168.69.125:34681], old=null
2019-10-18 05:11:43,558 [grpc-default-executor-6] INFO  impl.RaftServerImpl (RaftServerImpl.java:setRole(184)) - e63c905b-6e24-4a59-beee-02f8929d0b77@group-3C260A0191AA: changes role from  FOLLOWER to FOLLOWER at term 32 for recognizeCandidate:56eab7d4-40e2-4b28-9c72-53449258b8a2
2019-10-18 05:11:43,558 [grpc-default-executor-6] INFO  impl.RoleInfo (RoleInfo.java:shutdownFollowerState(121)) - e63c905b-6e24-4a59-beee-02f8929d0b77: shutdown FollowerState
2019-10-18 05:11:43,558 [grpc-default-executor-5] INFO  impl.RaftServerImpl (RaftServerImpl.java:setRole(184)) - 06992730-799e-49b1-b4b4-a9e995f4f1fe@group-3C260A0191AA: changes role from  FOLLOWER to FOLLOWER at term 32 for recognizeCandidate:56eab7d4-40e2-4b28-9c72-53449258b8a2
2019-10-18 05:11:43,558 [grpc-default-executor-6] INFO  impl.RoleInfo (RoleInfo.java:updateAndGet(143)) - e63c905b-6e24-4a59-beee-02f8929d0b77: start FollowerState
2019-10-18 05:11:43,558 [Thread-785] INFO  impl.FollowerState (FollowerState.java:run(117)) - e63c905b-6e24-4a59-beee-02f8929d0b77@group-3C260A0191AA-FollowerState was interrupted: java.lang.InterruptedException: sleep interrupted
2019-10-18 05:11:43,558 [grpc-default-executor-5] INFO  impl.RoleInfo (RoleInfo.java:shutdownFollowerState(121)) - 06992730-799e-49b1-b4b4-a9e995f4f1fe: shutdown FollowerState
2019-10-18 05:11:43,559 [grpc-default-executor-5] INFO  impl.RoleInfo (RoleInfo.java:updateAndGet(143)) - 06992730-799e-49b1-b4b4-a9e995f4f1fe: start FollowerState
2019-10-18 05:11:43,559 [Thread-786] INFO  impl.FollowerState (FollowerState.java:run(117)) - 06992730-799e-49b1-b4b4-a9e995f4f1fe@group-3C260A0191AA-FollowerState was interrupted: java.lang.InterruptedException: sleep interrupted
2019-10-18 05:11:43,573 [56eab7d4-40e2-4b28-9c72-53449258b8a2@group-3C260A0191AA-LeaderElection37] INFO  impl.LeaderElection (LeaderElection.java:logAndReturn(56)) - 56eab7d4-40e2-4b28-9c72-53449258b8a2@group-3C260A0191AA-LeaderElection37: Election REJECTED; received 2 response(s) [56eab7d4-40e2-4b28-9c72-53449258b8a2<-e63c905b-6e24-4a59-beee-02f8929d0b77#0:FAIL-t32, 56eab7d4-40e2-4b28-9c72-53449258b8a2<-06992730-799e-49b1-b4b4-a9e995f4f1fe#0:FAIL-t32] and 0 exception(s); 56eab7d4-40e2-4b28-9c72-53449258b8a2@group-3C260A0191AA:t32, leader=null, voted=56eab7d4-40e2-4b28-9c72-53449258b8a2, raftlog=56eab7d4-40e2-4b28-9c72-53449258b8a2@group-3C260A0191AA-SegmentedRaftLog:OPENED:c3,f4,i4, conf=0: [e63c905b-6e24-4a59-beee-02f8929d0b77:192.168.69.125:42235, 56eab7d4-40e2-4b28-9c72-53449258b8a2:192.168.69.125:37820, 06992730-799e-49b1-b4b4-a9e995f4f1fe:192.168.69.125:34681], old=null
2019-10-18 05:11:43,573 [56eab7d4-40e2-4b28-9c72-53449258b8a2@group-3C260A0191AA-LeaderElection37] INFO  impl.RaftServerImpl (RaftServerImpl.java:setRole(184)) - 56eab7d4-40e2-4b28-9c72-53449258b8a2@group-3C260A0191AA: changes role from CANDIDATE to FOLLOWER at term 32 for DISCOVERED_A_NEW_TERM
2019-10-18 05:11:43,573 [56eab7d4-40e2-4b28-9c72-53449258b8a2@group-3C260A0191AA-LeaderElection37] INFO  impl.RoleInfo (RoleInfo.java:shutdownLeaderElection(134)) - 56eab7d4-40e2-4b28-9c72-53449258b8a2: shutdown LeaderElection
2019-10-18 05:11:43,573 [56eab7d4-40e2-4b28-9c72-53449258b8a2@group-3C260A0191AA-LeaderElection37] INFO  impl.RoleInfo (RoleInfo.java:updateAndGet(143)) - 56eab7d4-40e2-4b28-9c72-53449258b8a2: start FollowerState
2019-10-18 05:11:43,626 [Thread-793] INFO  impl.FollowerState (FollowerState.java:run(108)) - 56eab7d4-40e2-4b28-9c72-53449258b8a2@group-3C260A0191AA-FollowerState: change to CANDIDATE, lastRpcTime:53ms, electionTimeout:53ms
2019-10-18 05:11:43,626 [Thread-793] INFO  impl.RoleInfo (RoleInfo.java:shutdownFollowerState(121)) - 56eab7d4-40e2-4b28-9c72-53449258b8a2: shutdown FollowerState
2019-10-18 05:11:43,626 [Thread-793] INFO  impl.RaftServerImpl (RaftServerImpl.java:setRole(184)) - 56eab7d4-40e2-4b28-9c72-53449258b8a2@group-3C260A0191AA: changes role from  FOLLOWER to CANDIDATE at term 32 for changeToCandidate
2019-10-18 05:11:43,626 [Thread-793] INFO  impl.RoleInfo (RoleInfo.java:updateAndGet(143)) - 56eab7d4-40e2-4b28-9c72-53449258b8a2: start LeaderElection
2019-10-18 05:11:43,640 [56eab7d4-40e2-4b28-9c72-53449258b8a2@group-3C260A0191AA-LeaderElection38] INFO  impl.LeaderElection (LeaderElection.java:askForVotes(178)) - 56eab7d4-40e2-4b28-9c72-53449258b8a2@group-3C260A0191AA-LeaderElection38: begin an election at term 33 for 0: [e63c905b-6e24-4a59-beee-02f8929d0b77:192.168.69.125:42235, 56eab7d4-40e2-4b28-9c72-53449258b8a2:192.168.69.125:37820, 06992730-799e-49b1-b4b4-a9e995f4f1fe:192.168.69.125:34681], old=null
2019-10-18 05:11:43,642 [grpc-default-executor-6] INFO  impl.RaftServerImpl (RaftServerImpl.java:setRole(184)) - 06992730-799e-49b1-b4b4-a9e995f4f1fe@group-3C260A0191AA: changes role from  FOLLOWER to FOLLOWER at term 33 for recognizeCandidate:56eab7d4-40e2-4b28-9c72-53449258b8a2
2019-10-18 05:11:43,642 [grpc-default-executor-5] INFO  impl.RaftServerImpl (RaftServerImpl.java:setRole(184)) - e63c905b-6e24-4a59-beee-02f8929d0b77@group-3C260A0191AA: changes role from  FOLLOWER to FOLLOWER at term 33 for recognizeCandidate:56eab7d4-40e2-4b28-9c72-53449258b8a2
2019-10-18 05:11:43,642 [grpc-default-executor-6] INFO  impl.RoleInfo (RoleInfo.java:shutdownFollowerState(121)) - 06992730-799e-49b1-b4b4-a9e995f4f1fe: shutdown FollowerState
2019-10-18 05:11:43,642 [grpc-default-executor-5] INFO  impl.RoleInfo (RoleInfo.java:shutdownFollowerState(121)) - e63c905b-6e24-4a59-beee-02f8929d0b77: shutdown FollowerState
2019-10-18 05:11:43,643 [Thread-792] INFO  impl.FollowerState (FollowerState.java:run(117)) - 06992730-799e-49b1-b4b4-a9e995f4f1fe@group-3C260A0191AA-FollowerState was interrupted: java.lang.InterruptedException: sleep interrupted
2019-10-18 05:11:43,643 [grpc-default-executor-6] INFO  impl.RoleInfo (RoleInfo.java:updateAndGet(143)) - 06992730-799e-49b1-b4b4-a9e995f4f1fe: start FollowerState
2019-10-18 05:11:43,643 [grpc-default-executor-5] INFO  impl.RoleInfo (RoleInfo.java:updateAndGet(143)) - e63c905b-6e24-4a59-beee-02f8929d0b77: start FollowerState
2019-10-18 05:11:43,643 [Thread-791] INFO  impl.FollowerState (FollowerState.java:run(117)) - e63c905b-6e24-4a59-beee-02f8929d0b77@group-3C260A0191AA-FollowerState was interrupted: java.lang.InterruptedException: sleep interrupted
2019-10-18 05:11:43,648 [56eab7d4-40e2-4b28-9c72-53449258b8a2@group-3C260A0191AA-LeaderElection38] INFO  impl.LeaderElection (LeaderElection.java:logAndReturn(56)) - 56eab7d4-40e2-4b28-9c72-53449258b8a2@group-3C260A0191AA-LeaderElection38: Election REJECTED; received 2 response(s) [56eab7d4-40e2-4b28-9c72-53449258b8a2<-e63c905b-6e24-4a59-beee-02f8929d0b77#0:FAIL-t33, 56eab7d4-40e2-4b28-9c72-53449258b8a2<-06992730-799e-49b1-b4b4-a9e995f4f1fe#0:FAIL-t33] and 0 exception(s); 56eab7d4-40e2-4b28-9c72-53449258b8a2@group-3C260A0191AA:t33, leader=null, voted=56eab7d4-40e2-4b28-9c72-53449258b8a2, raftlog=56eab7d4-40e2-4b28-9c72-53449258b8a2@group-3C260A0191AA-SegmentedRaftLog:OPENED:c3,f4,i4, conf=0: [e63c905b-6e24-4a59-beee-02f8929d0b77:192.168.69.125:42235, 56eab7d4-40e2-4b28-9c72-53449258b8a2:192.168.69.125:37820, 06992730-799e-49b1-b4b4-a9e995f4f1fe:192.168.69.125:34681], old=null
2019-10-18 05:11:43,649 [56eab7d4-40e2-4b28-9c72-53449258b8a2@group-3C260A0191AA-LeaderElection38] INFO  impl.RaftServerImpl (RaftServerImpl.java:setRole(184)) - 56eab7d4-40e2-4b28-9c72-53449258b8a2@group-3C260A0191AA: changes role from CANDIDATE to FOLLOWER at term 33 for DISCOVERED_A_NEW_TERM
2019-10-18 05:11:43,649 [56eab7d4-40e2-4b28-9c72-53449258b8a2@group-3C260A0191AA-LeaderElection38] INFO  impl.RoleInfo (RoleInfo.java:shutdownLeaderElection(134)) - 56eab7d4-40e2-4b28-9c72-53449258b8a2: shutdown LeaderElection
2019-10-18 05:11:43,649 [56eab7d4-40e2-4b28-9c72-53449258b8a2@group-3C260A0191AA-LeaderElection38] INFO  impl.RoleInfo (RoleInfo.java:updateAndGet(143)) - 56eab7d4-40e2-4b28-9c72-53449258b8a2: start FollowerState
2019-10-18 05:11:43,692 [Thread-799] INFO  impl.FollowerState (FollowerState.java:run(108)) - 56eab7d4-40e2-4b28-9c72-53449258b8a2@group-3C260A0191AA-FollowerState: change to CANDIDATE, lastRpcTime:43ms, electionTimeout:43ms
2019-10-18 05:11:43,692 [Thread-799] INFO  impl.RoleInfo (RoleInfo.java:shutdownFollowerState(121)) - 56eab7d4-40e2-4b28-9c72-53449258b8a2: shutdown FollowerState
2019-10-18 05:11:43,692 [Thread-799] INFO  impl.RaftServerImpl (RaftServerImpl.java:setRole(184)) - 56eab7d4-40e2-4b28-9c72-53449258b8a2@group-3C260A0191AA: changes role from  FOLLOWER to CANDIDATE at term 33 for changeToCandidate
2019-10-18 05:11:43,693 [Thread-799] INFO  impl.RoleInfo (RoleInfo.java:updateAndGet(143)) - 56eab7d4-40e2-4b28-9c72-53449258b8a2: start LeaderElection
2019-10-18 05:11:43,709 [56eab7d4-40e2-4b28-9c72-53449258b8a2@group-3C260A0191AA-LeaderElection39] INFO  impl.LeaderElection (LeaderElection.java:askForVotes(178)) - 56eab7d4-40e2-4b28-9c72-53449258b8a2@group-3C260A0191AA-LeaderElection39: begin an election at term 34 for 0: [e63c905b-6e24-4a59-beee-02f8929d0b77:192.168.69.125:42235, 56eab7d4-40e2-4b28-9c72-53449258b8a2:192.168.69.125:37820, 06992730-799e-49b1-b4b4-a9e995f4f1fe:192.168.69.125:34681], old=null
2019-10-18 05:11:43,711 [grpc-default-executor-5] INFO  impl.RaftServerImpl (RaftServerImpl.java:setRole(184)) - 06992730-799e-49b1-b4b4-a9e995f4f1fe@group-3C260A0191AA: changes role from  FOLLOWER to FOLLOWER at term 34 for recognizeCandidate:56eab7d4-40e2-4b28-9c72-53449258b8a2
2019-10-18 05:11:43,711 [grpc-default-executor-6] INFO  impl.RaftServerImpl (RaftServerImpl.java:setRole(184)) - e63c905b-6e24-4a59-beee-02f8929d0b77@group-3C260A0191AA: changes role from  FOLLOWER to FOLLOWER at term 34 for recognizeCandidate:56eab7d4-40e2-4b28-9c72-53449258b8a2
2019-10-18 05:11:43,711 [grpc-default-executor-5] INFO  impl.RoleInfo (RoleInfo.java:shutdownFollowerState(121)) - 06992730-799e-49b1-b4b4-a9e995f4f1fe: shutdown FollowerState
2019-10-18 05:11:43,711 [grpc-default-executor-6] INFO  impl.RoleInfo (RoleInfo.java:shutdownFollowerState(121)) - e63c905b-6e24-4a59-beee-02f8929d0b77: shutdown FollowerState
2019-10-18 05:11:43,712 [Thread-797] INFO  impl.FollowerState (FollowerState.java:run(117)) - 06992730-799e-49b1-b4b4-a9e995f4f1fe@group-3C260A0191AA-FollowerState was interrupted: java.lang.InterruptedException: sleep interrupted
2019-10-18 05:11:43,712 [grpc-default-executor-5] INFO  impl.RoleInfo (RoleInfo.java:updateAndGet(143)) - 06992730-799e-49b1-b4b4-a9e995f4f1fe: start FollowerState
2019-10-18 05:11:43,712 [Thread-798] INFO  impl.FollowerState (FollowerState.java:run(117)) - e63c905b-6e24-4a59-beee-02f8929d0b77@group-3C260A0191AA-FollowerState was interrupted: java.lang.InterruptedException: sleep interrupted
2019-10-18 05:11:43,712 [grpc-default-executor-6] INFO  impl.RoleInfo (RoleInfo.java:updateAndGet(143)) - e63c905b-6e24-4a59-beee-02f8929d0b77: start FollowerState
2019-10-18 05:11:43,727 [56eab7d4-40e2-4b28-9c72-53449258b8a2@group-3C260A0191AA-LeaderElection39] INFO  impl.LeaderElection (LeaderElection.java:logAndReturn(56)) - 56eab7d4-40e2-4b28-9c72-53449258b8a2@group-3C260A0191AA-LeaderElection39: Election REJECTED; received 2 response(s) [56eab7d4-40e2-4b28-9c72-53449258b8a2<-e63c905b-6e24-4a59-beee-02f8929d0b77#0:FAIL-t34, 56eab7d4-40e2-4b28-9c72-53449258b8a2<-06992730-799e-49b1-b4b4-a9e995f4f1fe#0:FAIL-t34] and 0 exception(s); 56eab7d4-40e2-4b28-9c72-53449258b8a2@group-3C260A0191AA:t34, leader=null, voted=56eab7d4-40e2-4b28-9c72-53449258b8a2, raftlog=56eab7d4-40e2-4b28-9c72-53449258b8a2@group-3C260A0191AA-SegmentedRaftLog:OPENED:c3,f4,i4, conf=0: [e63c905b-6e24-4a59-beee-02f8929d0b77:192.168.69.125:42235, 56eab7d4-40e2-4b28-9c72-53449258b8a2:192.168.69.125:37820, 06992730-799e-49b1-b4b4-a9e995f4f1fe:192.168.69.125:34681], old=null
2019-10-18 05:11:43,727 [56eab7d4-40e2-4b28-9c72-53449258b8a2@group-3C260A0191AA-LeaderElection39] INFO  impl.RaftServerImpl (RaftServerImpl.java:setRole(184)) - 56eab7d4-40e2-4b28-9c72-53449258b8a2@group-3C260A0191AA: changes role from CANDIDATE to FOLLOWER at term 34 for DISCOVERED_A_NEW_TERM
2019-10-18 05:11:43,727 [56eab7d4-40e2-4b28-9c72-53449258b8a2@group-3C260A0191AA-LeaderElection39] INFO  impl.RoleInfo (RoleInfo.java:shutdownLeaderElection(134)) - 56eab7d4-40e2-4b28-9c72-53449258b8a2: shutdown LeaderElection
2019-10-18 05:11:43,727 [56eab7d4-40e2-4b28-9c72-53449258b8a2@group-3C260A0191AA-LeaderElection39] INFO  impl.RoleInfo (RoleInfo.java:updateAndGet(143)) - 56eab7d4-40e2-4b28-9c72-53449258b8a2: start FollowerState
2019-10-18 05:11:43,732 [Thread-805] INFO  impl.FollowerState (FollowerState.java:run(108)) - 56eab7d4-40e2-4b28-9c72-53449258b8a2@group-3C260A0191AA-FollowerState: change to CANDIDATE, lastRpcTime:5ms, electionTimeout:5ms
2019-10-18 05:11:43,733 [Thread-805] INFO  impl.RoleInfo (RoleInfo.java:shutdownFollowerState(121)) - 56eab7d4-40e2-4b28-9c72-53449258b8a2: shutdown FollowerState
2019-10-18 05:11:43,733 [Thread-805] INFO  impl.RaftServerImpl (RaftServerImpl.java:setRole(184)) - 56eab7d4-40e2-4b28-9c72-53449258b8a2@group-3C260A0191AA: changes role from  FOLLOWER to CANDIDATE at term 34 for changeToCandidate
2019-10-18 05:11:43,733 [Thread-805] INFO  impl.RoleInfo (RoleInfo.java:updateAndGet(143)) - 56eab7d4-40e2-4b28-9c72-53449258b8a2: start LeaderElection
2019-10-18 05:11:43,745 [56eab7d4-40e2-4b28-9c72-53449258b8a2@group-3C260A0191AA-LeaderElection40] INFO  impl.LeaderElection (LeaderElection.java:askForVotes(178)) - 56eab7d4-40e2-4b28-9c72-53449258b8a2@group-3C260A0191AA-LeaderElection40: begin an election at term 35 for 0: [e63c905b-6e24-4a59-beee-02f8929d0b77:192.168.69.125:42235, 56eab7d4-40e2-4b28-9c72-53449258b8a2:192.168.69.125:37820, 06992730-799e-49b1-b4b4-a9e995f4f1fe:192.168.69.125:34681], old=null
2019-10-18 05:11:43,747 [grpc-default-executor-6] INFO  impl.RaftServerImpl (RaftServerImpl.java:setRole(184)) - e63c905b-6e24-4a59-beee-02f8929d0b77@group-3C260A0191AA: changes role from  FOLLOWER to FOLLOWER at term 35 for recognizeCandidate:56eab7d4-40e2-4b28-9c72-53449258b8a2
2019-10-18 05:11:43,747 [grpc-default-executor-5] INFO  impl.RaftServerImpl (RaftServerImpl.java:setRole(184)) - 06992730-799e-49b1-b4b4-a9e995f4f1fe@group-3C260A0191AA: changes role from  FOLLOWER to FOLLOWER at term 35 for recognizeCandidate:56eab7d4-40e2-4b28-9c72-53449258b8a2
2019-10-18 05:11:43,747 [grpc-default-executor-5] INFO  impl.RoleInfo (RoleInfo.java:shutdownFollowerState(121)) - 06992730-799e-49b1-b4b4-a9e995f4f1fe: shutdown FollowerState
2019-10-18 05:11:43,747 [grpc-default-executor-6] INFO  impl.RoleInfo (RoleInfo.java:shutdownFollowerState(121)) - e63c905b-6e24-4a59-beee-02f8929d0b77: shutdown FollowerState
2019-10-18 05:11:43,748 [grpc-default-executor-5] INFO  impl.RoleInfo (RoleInfo.java:updateAndGet(143)) - 06992730-799e-49b1-b4b4-a9e995f4f1fe: start FollowerState
2019-10-18 05:11:43,748 [Thread-803] INFO  impl.FollowerState (FollowerState.java:run(117)) - 06992730-799e-49b1-b4b4-a9e995f4f1fe@group-3C260A0191AA-FollowerState was interrupted: java.lang.InterruptedException: sleep interrupted
2019-10-18 05:11:43,748 [grpc-default-executor-6] INFO  impl.RoleInfo (RoleInfo.java:updateAndGet(143)) - e63c905b-6e24-4a59-beee-02f8929d0b77: start FollowerState
2019-10-18 05:11:43,748 [Thread-804] INFO  impl.FollowerState (FollowerState.java:run(117)) - e63c905b-6e24-4a59-beee-02f8929d0b77@group-3C260A0191AA-FollowerState was interrupted: java.lang.InterruptedException: sleep interrupted
2019-10-18 05:11:43,762 [56eab7d4-40e2-4b28-9c72-53449258b8a2@group-3C260A0191AA-LeaderElection40] INFO  impl.LeaderElection (LeaderElection.java:logAndReturn(56)) - 56eab7d4-40e2-4b28-9c72-53449258b8a2@group-3C260A0191AA-LeaderElection40: Election REJECTED; received 2 response(s) [56eab7d4-40e2-4b28-9c72-53449258b8a2<-e63c905b-6e24-4a59-beee-02f8929d0b77#0:FAIL-t35, 56eab7d4-40e2-4b28-9c72-53449258b8a2<-06992730-799e-49b1-b4b4-a9e995f4f1fe#0:FAIL-t35] and 0 exception(s); 56eab7d4-40e2-4b28-9c72-53449258b8a2@group-3C260A0191AA:t35, leader=null, voted=56eab7d4-40e2-4b28-9c72-53449258b8a2, raftlog=56eab7d4-40e2-4b28-9c72-53449258b8a2@group-3C260A0191AA-SegmentedRaftLog:OPENED:c3,f4,i4, conf=0: [e63c905b-6e24-4a59-beee-02f8929d0b77:192.168.69.125:42235, 56eab7d4-40e2-4b28-9c72-53449258b8a2:192.168.69.125:37820, 06992730-799e-49b1-b4b4-a9e995f4f1fe:192.168.69.125:34681], old=null
2019-10-18 05:11:43,762 [56eab7d4-40e2-4b28-9c72-53449258b8a2@group-3C260A0191AA-LeaderElection40] INFO  impl.RaftServerImpl (RaftServerImpl.java:setRole(184)) - 56eab7d4-40e2-4b28-9c72-53449258b8a2@group-3C260A0191AA: changes role from CANDIDATE to FOLLOWER at term 35 for DISCOVERED_A_NEW_TERM
2019-10-18 05:11:43,762 [56eab7d4-40e2-4b28-9c72-53449258b8a2@group-3C260A0191AA-LeaderElection40] INFO  impl.RoleInfo (RoleInfo.java:shutdownLeaderElection(134)) - 56eab7d4-40e2-4b28-9c72-53449258b8a2: shutdown LeaderElection
2019-10-18 05:11:43,762 [56eab7d4-40e2-4b28-9c72-53449258b8a2@group-3C260A0191AA-LeaderElection40] INFO  impl.RoleInfo (RoleInfo.java:updateAndGet(143)) - 56eab7d4-40e2-4b28-9c72-53449258b8a2: start FollowerState
2019-10-18 05:11:43,850 [Thread-811] INFO  impl.FollowerState (FollowerState.java:run(108)) - 56eab7d4-40e2-4b28-9c72-53449258b8a2@group-3C260A0191AA-FollowerState: change to CANDIDATE, lastRpcTime:88ms, electionTimeout:88ms
2019-10-18 05:11:43,851 [Thread-811] INFO  impl.RoleInfo (RoleInfo.java:shutdownFollowerState(121)) - 56eab7d4-40e2-4b28-9c72-53449258b8a2: shutdown FollowerState
2019-10-18 05:11:43,851 [Thread-811] INFO  impl.RaftServerImpl (RaftServerImpl.java:setRole(184)) - 56eab7d4-40e2-4b28-9c72-53449258b8a2@group-3C260A0191AA: changes role from  FOLLOWER to CANDIDATE at term 35 for changeToCandidate
2019-10-18 05:11:43,851 [Thread-811] INFO  impl.RoleInfo (RoleInfo.java:updateAndGet(143)) - 56eab7d4-40e2-4b28-9c72-53449258b8a2: start LeaderElection
2019-10-18 05:11:43,865 [56eab7d4-40e2-4b28-9c72-53449258b8a2@group-3C260A0191AA-LeaderElection41] INFO  impl.LeaderElection (LeaderElection.java:askForVotes(178)) - 56eab7d4-40e2-4b28-9c72-53449258b8a2@group-3C260A0191AA-LeaderElection41: begin an election at term 36 for 0: [e63c905b-6e24-4a59-beee-02f8929d0b77:192.168.69.125:42235, 56eab7d4-40e2-4b28-9c72-53449258b8a2:192.168.69.125:37820, 06992730-799e-49b1-b4b4-a9e995f4f1fe:192.168.69.125:34681], old=null
2019-10-18 05:11:43,867 [grpc-default-executor-5] INFO  impl.RaftServerImpl (RaftServerImpl.java:setRole(184)) - 06992730-799e-49b1-b4b4-a9e995f4f1fe@group-3C260A0191AA: changes role from  FOLLOWER to FOLLOWER at term 36 for recognizeCandidate:56eab7d4-40e2-4b28-9c72-53449258b8a2
2019-10-18 05:11:43,867 [grpc-default-executor-5] INFO  impl.RoleInfo (RoleInfo.java:shutdownFollowerState(121)) - 06992730-799e-49b1-b4b4-a9e995f4f1fe: shutdown FollowerState
2019-10-18 05:11:43,867 [grpc-default-executor-6] INFO  impl.RaftServerImpl (RaftServerImpl.java:setRole(184)) - e63c905b-6e24-4a59-beee-02f8929d0b77@group-3C260A0191AA: changes role from  FOLLOWER to FOLLOWER at term 36 for recognizeCandidate:56eab7d4-40e2-4b28-9c72-53449258b8a2
2019-10-18 05:11:43,867 [Thread-809] INFO  impl.FollowerState (FollowerState.java:run(117)) - 06992730-799e-49b1-b4b4-a9e995f4f1fe@group-3C260A0191AA-FollowerState was interrupted: java.lang.InterruptedException: sleep interrupted
2019-10-18 05:11:43,867 [grpc-default-executor-5] INFO  impl.RoleInfo (RoleInfo.java:updateAndGet(143)) - 06992730-799e-49b1-b4b4-a9e995f4f1fe: start FollowerState
2019-10-18 05:11:43,868 [grpc-default-executor-6] INFO  impl.RoleInfo (RoleInfo.java:shutdownFollowerState(121)) - e63c905b-6e24-4a59-beee-02f8929d0b77: shutdown FollowerState
2019-10-18 05:11:43,868 [Thread-810] INFO  impl.FollowerState (FollowerState.java:run(117)) - e63c905b-6e24-4a59-beee-02f8929d0b77@group-3C260A0191AA-FollowerState was interrupted: java.lang.InterruptedException: sleep interrupted
2019-10-18 05:11:43,868 [grpc-default-executor-6] INFO  impl.RoleInfo (RoleInfo.java:updateAndGet(143)) - e63c905b-6e24-4a59-beee-02f8929d0b77: start FollowerState
2019-10-18 05:11:43,882 [56eab7d4-40e2-4b28-9c72-53449258b8a2@group-3C260A0191AA-LeaderElection41] INFO  impl.LeaderElection (LeaderElection.java:logAndReturn(56)) - 56eab7d4-40e2-4b28-9c72-53449258b8a2@group-3C260A0191AA-LeaderElection41: Election REJECTED; received 2 response(s) [56eab7d4-40e2-4b28-9c72-53449258b8a2<-e63c905b-6e24-4a59-beee-02f8929d0b77#0:FAIL-t36, 56eab7d4-40e2-4b28-9c72-53449258b8a2<-06992730-799e-49b1-b4b4-a9e995f4f1fe#0:FAIL-t36] and 0 exception(s); 56eab7d4-40e2-4b28-9c72-53449258b8a2@group-3C260A0191AA:t36, leader=null, voted=56eab7d4-40e2-4b28-9c72-53449258b8a2, raftlog=56eab7d4-40e2-4b28-9c72-53449258b8a2@group-3C260A0191AA-SegmentedRaftLog:OPENED:c3,f4,i4, conf=0: [e63c905b-6e24-4a59-beee-02f8929d0b77:192.168.69.125:42235, 56eab7d4-40e2-4b28-9c72-53449258b8a2:192.168.69.125:37820, 06992730-799e-49b1-b4b4-a9e995f4f1fe:192.168.69.125:34681], old=null
2019-10-18 05:11:43,883 [56eab7d4-40e2-4b28-9c72-53449258b8a2@group-3C260A0191AA-LeaderElection41] INFO  impl.RaftServerImpl (RaftServerImpl.java:setRole(184)) - 56eab7d4-40e2-4b28-9c72-53449258b8a2@group-3C260A0191AA: changes role from CANDIDATE to FOLLOWER at term 36 for DISCOVERED_A_NEW_TERM
2019-10-18 05:11:43,883 [56eab7d4-40e2-4b28-9c72-53449258b8a2@group-3C260A0191AA-LeaderElection41] INFO  impl.RoleInfo (RoleInfo.java:shutdownLeaderElection(134)) - 56eab7d4-40e2-4b28-9c72-53449258b8a2: shutdown LeaderElection
2019-10-18 05:11:43,883 [56eab7d4-40e2-4b28-9c72-53449258b8a2@group-3C260A0191AA-LeaderElection41] INFO  impl.RoleInfo (RoleInfo.java:updateAndGet(143)) - 56eab7d4-40e2-4b28-9c72-53449258b8a2: start FollowerState
2019-10-18 05:11:43,910 [BlockDeletingService#2] WARN  background.BlockDeletingService (BlockDeletingService.java:isDeletionAllowed(187)) - Close Container log Index 6 is not replicated across allthe servers in the pipeline 7b6774a4-dfa8-469c-9b78-3c260a0191aa as the min replicated index is 4. Deletion is not allowed in this container yet.
2019-10-18 05:11:43,910 [BlockDeletingService#2] WARN  background.BlockDeletingService (BlockDeletingService.java:isDeletionAllowed(187)) - Close Container log Index 6 is not replicated across allthe servers in the pipeline 7b6774a4-dfa8-469c-9b78-3c260a0191aa as the min replicated index is 4. Deletion is not allowed in this container yet.
2019-10-18 05:11:43,975 [Thread-817] INFO  impl.FollowerState (FollowerState.java:run(108)) - 56eab7d4-40e2-4b28-9c72-53449258b8a2@group-3C260A0191AA-FollowerState: change to CANDIDATE, lastRpcTime:92ms, electionTimeout:92ms
2019-10-18 05:11:43,975 [Thread-817] INFO  impl.RoleInfo (RoleInfo.java:shutdownFollowerState(121)) - 56eab7d4-40e2-4b28-9c72-53449258b8a2: shutdown FollowerState
2019-10-18 05:11:43,976 [Thread-817] INFO  impl.RaftServerImpl (RaftServerImpl.java:setRole(184)) - 56eab7d4-40e2-4b28-9c72-53449258b8a2@group-3C260A0191AA: changes role from  FOLLOWER to CANDIDATE at term 36 for changeToCandidate
2019-10-18 05:11:43,976 [Thread-817] INFO  impl.RoleInfo (RoleInfo.java:updateAndGet(143)) - 56eab7d4-40e2-4b28-9c72-53449258b8a2: start LeaderElection
2019-10-18 05:11:43,989 [56eab7d4-40e2-4b28-9c72-53449258b8a2@group-3C260A0191AA-LeaderElection42] INFO  impl.LeaderElection (LeaderElection.java:askForVotes(178)) - 56eab7d4-40e2-4b28-9c72-53449258b8a2@group-3C260A0191AA-LeaderElection42: begin an election at term 37 for 0: [e63c905b-6e24-4a59-beee-02f8929d0b77:192.168.69.125:42235, 56eab7d4-40e2-4b28-9c72-53449258b8a2:192.168.69.125:37820, 06992730-799e-49b1-b4b4-a9e995f4f1fe:192.168.69.125:34681], old=null
2019-10-18 05:11:43,992 [grpc-default-executor-5] INFO  impl.RaftServerImpl (RaftServerImpl.java:setRole(184)) - 06992730-799e-49b1-b4b4-a9e995f4f1fe@group-3C260A0191AA: changes role from  FOLLOWER to FOLLOWER at term 37 for recognizeCandidate:56eab7d4-40e2-4b28-9c72-53449258b8a2
2019-10-18 05:11:43,992 [grpc-default-executor-6] INFO  impl.RaftServerImpl (RaftServerImpl.java:setRole(184)) - e63c905b-6e24-4a59-beee-02f8929d0b77@group-3C260A0191AA: changes role from  FOLLOWER to FOLLOWER at term 37 for recognizeCandidate:56eab7d4-40e2-4b28-9c72-53449258b8a2
2019-10-18 05:11:43,992 [grpc-default-executor-5] INFO  impl.RoleInfo (RoleInfo.java:shutdownFollowerState(121)) - 06992730-799e-49b1-b4b4-a9e995f4f1fe: shutdown FollowerState
2019-10-18 05:11:43,992 [grpc-default-executor-6] INFO  impl.RoleInfo (RoleInfo.java:shutdownFollowerState(121)) - e63c905b-6e24-4a59-beee-02f8929d0b77: shutdown FollowerState
2019-10-18 05:11:43,992 [Thread-815] INFO  impl.FollowerState (FollowerState.java:run(117)) - 06992730-799e-49b1-b4b4-a9e995f4f1fe@group-3C260A0191AA-FollowerState was interrupted: java.lang.InterruptedException: sleep interrupted
2019-10-18 05:11:43,992 [grpc-default-executor-5] INFO  impl.RoleInfo (RoleInfo.java:updateAndGet(143)) - 06992730-799e-49b1-b4b4-a9e995f4f1fe: start FollowerState
2019-10-18 05:11:43,992 [Thread-816] INFO  impl.FollowerState (FollowerState.java:run(117)) - e63c905b-6e24-4a59-beee-02f8929d0b77@group-3C260A0191AA-FollowerState was interrupted: java.lang.InterruptedException: sleep interrupted
2019-10-18 05:11:43,992 [grpc-default-executor-6] INFO  impl.RoleInfo (RoleInfo.java:updateAndGet(143)) - e63c905b-6e24-4a59-beee-02f8929d0b77: start FollowerState
2019-10-18 05:11:44,007 [56eab7d4-40e2-4b28-9c72-53449258b8a2@group-3C260A0191AA-LeaderElection42] INFO  impl.LeaderElection (LeaderElection.java:logAndReturn(56)) - 56eab7d4-40e2-4b28-9c72-53449258b8a2@group-3C260A0191AA-LeaderElection42: Election REJECTED; received 2 response(s) [56eab7d4-40e2-4b28-9c72-53449258b8a2<-e63c905b-6e24-4a59-beee-02f8929d0b77#0:FAIL-t37, 56eab7d4-40e2-4b28-9c72-53449258b8a2<-06992730-799e-49b1-b4b4-a9e995f4f1fe#0:FAIL-t37] and 0 exception(s); 56eab7d4-40e2-4b28-9c72-53449258b8a2@group-3C260A0191AA:t37, leader=null, voted=56eab7d4-40e2-4b28-9c72-53449258b8a2, raftlog=56eab7d4-40e2-4b28-9c72-53449258b8a2@group-3C260A0191AA-SegmentedRaftLog:OPENED:c3,f4,i4, conf=0: [e63c905b-6e24-4a59-beee-02f8929d0b77:192.168.69.125:42235, 56eab7d4-40e2-4b28-9c72-53449258b8a2:192.168.69.125:37820, 06992730-799e-49b1-b4b4-a9e995f4f1fe:192.168.69.125:34681], old=null
2019-10-18 05:11:44,008 [56eab7d4-40e2-4b28-9c72-53449258b8a2@group-3C260A0191AA-LeaderElection42] INFO  impl.RaftServerImpl (RaftServerImpl.java:setRole(184)) - 56eab7d4-40e2-4b28-9c72-53449258b8a2@group-3C260A0191AA: changes role from CANDIDATE to FOLLOWER at term 37 for DISCOVERED_A_NEW_TERM
2019-10-18 05:11:44,008 [56eab7d4-40e2-4b28-9c72-53449258b8a2@group-3C260A0191AA-LeaderElection42] INFO  impl.RoleInfo (RoleInfo.java:shutdownLeaderElection(134)) - 56eab7d4-40e2-4b28-9c72-53449258b8a2: shutdown LeaderElection
2019-10-18 05:11:44,008 [56eab7d4-40e2-4b28-9c72-53449258b8a2@group-3C260A0191AA-LeaderElection42] INFO  impl.RoleInfo (RoleInfo.java:updateAndGet(143)) - 56eab7d4-40e2-4b28-9c72-53449258b8a2: start FollowerState
2019-10-18 05:11:44,042 [Thread-825] INFO  impl.FollowerState (FollowerState.java:run(108)) - 56eab7d4-40e2-4b28-9c72-53449258b8a2@group-3C260A0191AA-FollowerState: change to CANDIDATE, lastRpcTime:34ms, electionTimeout:34ms
2019-10-18 05:11:44,042 [Thread-825] INFO  impl.RoleInfo (RoleInfo.java:shutdownFollowerState(121)) - 56eab7d4-40e2-4b28-9c72-53449258b8a2: shutdown FollowerState
2019-10-18 05:11:44,043 [Thread-825] INFO  impl.RaftServerImpl (RaftServerImpl.java:setRole(184)) - 56eab7d4-40e2-4b28-9c72-53449258b8a2@group-3C260A0191AA: changes role from  FOLLOWER to CANDIDATE at term 37 for changeToCandidate
2019-10-18 05:11:44,043 [Thread-825] INFO  impl.RoleInfo (RoleInfo.java:updateAndGet(143)) - 56eab7d4-40e2-4b28-9c72-53449258b8a2: start LeaderElection
2019-10-18 05:11:44,056 [56eab7d4-40e2-4b28-9c72-53449258b8a2@group-3C260A0191AA-LeaderElection43] INFO  impl.LeaderElection (LeaderElection.java:askForVotes(178)) - 56eab7d4-40e2-4b28-9c72-53449258b8a2@group-3C260A0191AA-LeaderElection43: begin an election at term 38 for 0: [e63c905b-6e24-4a59-beee-02f8929d0b77:192.168.69.125:42235, 56eab7d4-40e2-4b28-9c72-53449258b8a2:192.168.69.125:37820, 06992730-799e-49b1-b4b4-a9e995f4f1fe:192.168.69.125:34681], old=null
2019-10-18 05:11:44,059 [grpc-default-executor-6] INFO  impl.RaftServerImpl (RaftServerImpl.java:setRole(184)) - e63c905b-6e24-4a59-beee-02f8929d0b77@group-3C260A0191AA: changes role from  FOLLOWER to FOLLOWER at term 38 for recognizeCandidate:56eab7d4-40e2-4b28-9c72-53449258b8a2
2019-10-18 05:11:44,059 [grpc-default-executor-5] INFO  impl.RaftServerImpl (RaftServerImpl.java:setRole(184)) - 06992730-799e-49b1-b4b4-a9e995f4f1fe@group-3C260A0191AA: changes role from  FOLLOWER to FOLLOWER at term 38 for recognizeCandidate:56eab7d4-40e2-4b28-9c72-53449258b8a2
2019-10-18 05:11:44,059 [grpc-default-executor-6] INFO  impl.RoleInfo (RoleInfo.java:shutdownFollowerState(121)) - e63c905b-6e24-4a59-beee-02f8929d0b77: shutdown FollowerState
2019-10-18 05:11:44,059 [grpc-default-executor-5] INFO  impl.RoleInfo (RoleInfo.java:shutdownFollowerState(121)) - 06992730-799e-49b1-b4b4-a9e995f4f1fe: shutdown FollowerState
2019-10-18 05:11:44,059 [Thread-824] INFO  impl.FollowerState (FollowerState.java:run(117)) - e63c905b-6e24-4a59-beee-02f8929d0b77@group-3C260A0191AA-FollowerState was interrupted: java.lang.InterruptedException: sleep interrupted
2019-10-18 05:11:44,059 [grpc-default-executor-6] INFO  impl.RoleInfo (RoleInfo.java:updateAndGet(143)) - e63c905b-6e24-4a59-beee-02f8929d0b77: start FollowerState
2019-10-18 05:11:44,059 [grpc-default-executor-5] INFO  impl.RoleInfo (RoleInfo.java:updateAndGet(143)) - 06992730-799e-49b1-b4b4-a9e995f4f1fe: start FollowerState
2019-10-18 05:11:44,059 [Thread-823] INFO  impl.FollowerState (FollowerState.java:run(117)) - 06992730-799e-49b1-b4b4-a9e995f4f1fe@group-3C260A0191AA-FollowerState was interrupted: java.lang.InterruptedException: sleep interrupted
2019-10-18 05:11:44,074 [56eab7d4-40e2-4b28-9c72-53449258b8a2@group-3C260A0191AA-LeaderElection43] INFO  impl.LeaderElection (LeaderElection.java:logAndReturn(56)) - 56eab7d4-40e2-4b28-9c72-53449258b8a2@group-3C260A0191AA-LeaderElection43: Election REJECTED; received 2 response(s) [56eab7d4-40e2-4b28-9c72-53449258b8a2<-e63c905b-6e24-4a59-beee-02f8929d0b77#0:FAIL-t38, 56eab7d4-40e2-4b28-9c72-53449258b8a2<-06992730-799e-49b1-b4b4-a9e995f4f1fe#0:FAIL-t38] and 0 exception(s); 56eab7d4-40e2-4b28-9c72-53449258b8a2@group-3C260A0191AA:t38, leader=null, voted=56eab7d4-40e2-4b28-9c72-53449258b8a2, raftlog=56eab7d4-40e2-4b28-9c72-53449258b8a2@group-3C260A0191AA-SegmentedRaftLog:OPENED:c3,f4,i4, conf=0: [e63c905b-6e24-4a59-beee-02f8929d0b77:192.168.69.125:42235, 56eab7d4-40e2-4b28-9c72-53449258b8a2:192.168.69.125:37820, 06992730-799e-49b1-b4b4-a9e995f4f1fe:192.168.69.125:34681], old=null
2019-10-18 05:11:44,074 [56eab7d4-40e2-4b28-9c72-53449258b8a2@group-3C260A0191AA-LeaderElection43] INFO  impl.RaftServerImpl (RaftServerImpl.java:setRole(184)) - 56eab7d4-40e2-4b28-9c72-53449258b8a2@group-3C260A0191AA: changes role from CANDIDATE to FOLLOWER at term 38 for DISCOVERED_A_NEW_TERM
2019-10-18 05:11:44,074 [56eab7d4-40e2-4b28-9c72-53449258b8a2@group-3C260A0191AA-LeaderElection43] INFO  impl.RoleInfo (RoleInfo.java:shutdownLeaderElection(134)) - 56eab7d4-40e2-4b28-9c72-53449258b8a2: shutdown LeaderElection
2019-10-18 05:11:44,074 [56eab7d4-40e2-4b28-9c72-53449258b8a2@group-3C260A0191AA-LeaderElection43] INFO  impl.RoleInfo (RoleInfo.java:updateAndGet(143)) - 56eab7d4-40e2-4b28-9c72-53449258b8a2: start FollowerState
2019-10-18 05:11:44,267 [Thread-831] INFO  impl.FollowerState (FollowerState.java:run(108)) - 56eab7d4-40e2-4b28-9c72-53449258b8a2@group-3C260A0191AA-FollowerState: change to CANDIDATE, lastRpcTime:192ms, electionTimeout:192ms
2019-10-18 05:11:44,267 [Thread-831] INFO  impl.RoleInfo (RoleInfo.java:shutdownFollowerState(121)) - 56eab7d4-40e2-4b28-9c72-53449258b8a2: shutdown FollowerState
2019-10-18 05:11:44,267 [Thread-831] INFO  impl.RaftServerImpl (RaftServerImpl.java:setRole(184)) - 56eab7d4-40e2-4b28-9c72-53449258b8a2@group-3C260A0191AA: changes role from  FOLLOWER to CANDIDATE at term 38 for changeToCandidate
2019-10-18 05:11:44,267 [Thread-831] INFO  impl.RoleInfo (RoleInfo.java:updateAndGet(143)) - 56eab7d4-40e2-4b28-9c72-53449258b8a2: start LeaderElection
2019-10-18 05:11:44,289 [56eab7d4-40e2-4b28-9c72-53449258b8a2@group-3C260A0191AA-LeaderElection44] INFO  impl.LeaderElection (LeaderElection.java:askForVotes(178)) - 56eab7d4-40e2-4b28-9c72-53449258b8a2@group-3C260A0191AA-LeaderElection44: begin an election at term 39 for 0: [e63c905b-6e24-4a59-beee-02f8929d0b77:192.168.69.125:42235, 56eab7d4-40e2-4b28-9c72-53449258b8a2:192.168.69.125:37820, 06992730-799e-49b1-b4b4-a9e995f4f1fe:192.168.69.125:34681], old=null
2019-10-18 05:11:44,292 [grpc-default-executor-5] INFO  impl.RaftServerImpl (RaftServerImpl.java:setRole(184)) - e63c905b-6e24-4a59-beee-02f8929d0b77@group-3C260A0191AA: changes role from  FOLLOWER to FOLLOWER at term 39 for recognizeCandidate:56eab7d4-40e2-4b28-9c72-53449258b8a2
2019-10-18 05:11:44,292 [grpc-default-executor-6] INFO  impl.RaftServerImpl (RaftServerImpl.java:setRole(184)) - 06992730-799e-49b1-b4b4-a9e995f4f1fe@group-3C260A0191AA: changes role from  FOLLOWER to FOLLOWER at term 39 for recognizeCandidate:56eab7d4-40e2-4b28-9c72-53449258b8a2
2019-10-18 05:11:44,292 [grpc-default-executor-5] INFO  impl.RoleInfo (RoleInfo.java:shutdownFollowerState(121)) - e63c905b-6e24-4a59-beee-02f8929d0b77: shutdown FollowerState
2019-10-18 05:11:44,292 [grpc-default-executor-6] INFO  impl.RoleInfo (RoleInfo.java:shutdownFollowerState(121)) - 06992730-799e-49b1-b4b4-a9e995f4f1fe: shutdown FollowerState
2019-10-18 05:11:44,292 [grpc-default-executor-5] INFO  impl.RoleInfo (RoleInfo.java:updateAndGet(143)) - e63c905b-6e24-4a59-beee-02f8929d0b77: start FollowerState
2019-10-18 05:11:44,292 [Thread-829] INFO  impl.FollowerState (FollowerState.java:run(117)) - e63c905b-6e24-4a59-beee-02f8929d0b77@group-3C260A0191AA-FollowerState was interrupted: java.lang.InterruptedException: sleep interrupted
2019-10-18 05:11:44,293 [Thread-830] INFO  impl.FollowerState (FollowerState.java:run(117)) - 06992730-799e-49b1-b4b4-a9e995f4f1fe@group-3C260A0191AA-FollowerState was interrupted: java.lang.InterruptedException: sleep interrupted
2019-10-18 05:11:44,293 [grpc-default-executor-6] INFO  impl.RoleInfo (RoleInfo.java:updateAndGet(143)) - 06992730-799e-49b1-b4b4-a9e995f4f1fe: start FollowerState
2019-10-18 05:11:44,303 [56eab7d4-40e2-4b28-9c72-53449258b8a2@group-3C260A0191AA-LeaderElection44] INFO  impl.LeaderElection (LeaderElection.java:logAndReturn(56)) - 56eab7d4-40e2-4b28-9c72-53449258b8a2@group-3C260A0191AA-LeaderElection44: Election REJECTED; received 2 response(s) [56eab7d4-40e2-4b28-9c72-53449258b8a2<-e63c905b-6e24-4a59-beee-02f8929d0b77#0:FAIL-t39, 56eab7d4-40e2-4b28-9c72-53449258b8a2<-06992730-799e-49b1-b4b4-a9e995f4f1fe#0:FAIL-t39] and 0 exception(s); 56eab7d4-40e2-4b28-9c72-53449258b8a2@group-3C260A0191AA:t39, leader=null, voted=56eab7d4-40e2-4b28-9c72-53449258b8a2, raftlog=56eab7d4-40e2-4b28-9c72-53449258b8a2@group-3C260A0191AA-SegmentedRaftLog:OPENED:c3,f4,i4, conf=0: [e63c905b-6e24-4a59-beee-02f8929d0b77:192.168.69.125:42235, 56eab7d4-40e2-4b28-9c72-53449258b8a2:192.168.69.125:37820, 06992730-799e-49b1-b4b4-a9e995f4f1fe:192.168.69.125:34681], old=null
2019-10-18 05:11:44,303 [56eab7d4-40e2-4b28-9c72-53449258b8a2@group-3C260A0191AA-LeaderElection44] INFO  impl.RaftServerImpl (RaftServerImpl.java:setRole(184)) - 56eab7d4-40e2-4b28-9c72-53449258b8a2@group-3C260A0191AA: changes role from CANDIDATE to FOLLOWER at term 39 for DISCOVERED_A_NEW_TERM
2019-10-18 05:11:44,304 [56eab7d4-40e2-4b28-9c72-53449258b8a2@group-3C260A0191AA-LeaderElection44] INFO  impl.RoleInfo (RoleInfo.java:shutdownLeaderElection(134)) - 56eab7d4-40e2-4b28-9c72-53449258b8a2: shutdown LeaderElection
2019-10-18 05:11:44,304 [56eab7d4-40e2-4b28-9c72-53449258b8a2@group-3C260A0191AA-LeaderElection44] INFO  impl.RoleInfo (RoleInfo.java:updateAndGet(143)) - 56eab7d4-40e2-4b28-9c72-53449258b8a2: start FollowerState
2019-10-18 05:11:44,335 [Thread-838] INFO  impl.FollowerState (FollowerState.java:run(108)) - 56eab7d4-40e2-4b28-9c72-53449258b8a2@group-3C260A0191AA-FollowerState: change to CANDIDATE, lastRpcTime:31ms, electionTimeout:31ms
2019-10-18 05:11:44,335 [Thread-838] INFO  impl.RoleInfo (RoleInfo.java:shutdownFollowerState(121)) - 56eab7d4-40e2-4b28-9c72-53449258b8a2: shutdown FollowerState
2019-10-18 05:11:44,335 [Thread-838] INFO  impl.RaftServerImpl (RaftServerImpl.java:setRole(184)) - 56eab7d4-40e2-4b28-9c72-53449258b8a2@group-3C260A0191AA: changes role from  FOLLOWER to CANDIDATE at term 39 for changeToCandidate
2019-10-18 05:11:44,335 [Thread-838] INFO  impl.RoleInfo (RoleInfo.java:updateAndGet(143)) - 56eab7d4-40e2-4b28-9c72-53449258b8a2: start LeaderElection
2019-10-18 05:11:44,349 [56eab7d4-40e2-4b28-9c72-53449258b8a2@group-3C260A0191AA-LeaderElection45] INFO  impl.LeaderElection (LeaderElection.java:askForVotes(178)) - 56eab7d4-40e2-4b28-9c72-53449258b8a2@group-3C260A0191AA-LeaderElection45: begin an election at term 40 for 0: [e63c905b-6e24-4a59-beee-02f8929d0b77:192.168.69.125:42235, 56eab7d4-40e2-4b28-9c72-53449258b8a2:192.168.69.125:37820, 06992730-799e-49b1-b4b4-a9e995f4f1fe:192.168.69.125:34681], old=null
2019-10-18 05:11:44,351 [grpc-default-executor-6] INFO  impl.RaftServerImpl (RaftServerImpl.java:setRole(184)) - e63c905b-6e24-4a59-beee-02f8929d0b77@group-3C260A0191AA: changes role from  FOLLOWER to FOLLOWER at term 40 for recognizeCandidate:56eab7d4-40e2-4b28-9c72-53449258b8a2
2019-10-18 05:11:44,351 [grpc-default-executor-6] INFO  impl.RoleInfo (RoleInfo.java:shutdownFollowerState(121)) - e63c905b-6e24-4a59-beee-02f8929d0b77: shutdown FollowerState
2019-10-18 05:11:44,351 [grpc-default-executor-5] INFO  impl.RaftServerImpl (RaftServerImpl.java:setRole(184)) - 06992730-799e-49b1-b4b4-a9e995f4f1fe@group-3C260A0191AA: changes role from  FOLLOWER to FOLLOWER at term 40 for recognizeCandidate:56eab7d4-40e2-4b28-9c72-53449258b8a2
2019-10-18 05:11:44,352 [grpc-default-executor-5] INFO  impl.RoleInfo (RoleInfo.java:shutdownFollowerState(121)) - 06992730-799e-49b1-b4b4-a9e995f4f1fe: shutdown FollowerState
2019-10-18 05:11:44,351 [Thread-836] INFO  impl.FollowerState (FollowerState.java:run(117)) - e63c905b-6e24-4a59-beee-02f8929d0b77@group-3C260A0191AA-FollowerState was interrupted: java.lang.InterruptedException: sleep interrupted
2019-10-18 05:11:44,351 [grpc-default-executor-6] INFO  impl.RoleInfo (RoleInfo.java:updateAndGet(143)) - e63c905b-6e24-4a59-beee-02f8929d0b77: start FollowerState
2019-10-18 05:11:44,352 [grpc-default-executor-5] INFO  impl.RoleInfo (RoleInfo.java:updateAndGet(143)) - 06992730-799e-49b1-b4b4-a9e995f4f1fe: start FollowerState
2019-10-18 05:11:44,352 [Thread-837] INFO  impl.FollowerState (FollowerState.java:run(117)) - 06992730-799e-49b1-b4b4-a9e995f4f1fe@group-3C260A0191AA-FollowerState was interrupted: java.lang.InterruptedException: sleep interrupted
2019-10-18 05:11:44,366 [56eab7d4-40e2-4b28-9c72-53449258b8a2@group-3C260A0191AA-LeaderElection45] INFO  impl.LeaderElection (LeaderElection.java:logAndReturn(56)) - 56eab7d4-40e2-4b28-9c72-53449258b8a2@group-3C260A0191AA-LeaderElection45: Election REJECTED; received 2 response(s) [56eab7d4-40e2-4b28-9c72-53449258b8a2<-e63c905b-6e24-4a59-beee-02f8929d0b77#0:FAIL-t40, 56eab7d4-40e2-4b28-9c72-53449258b8a2<-06992730-799e-49b1-b4b4-a9e995f4f1fe#0:FAIL-t40] and 0 exception(s); 56eab7d4-40e2-4b28-9c72-53449258b8a2@group-3C260A0191AA:t40, leader=null, voted=56eab7d4-40e2-4b28-9c72-53449258b8a2, raftlog=56eab7d4-40e2-4b28-9c72-53449258b8a2@group-3C260A0191AA-SegmentedRaftLog:OPENED:c3,f4,i4, conf=0: [e63c905b-6e24-4a59-beee-02f8929d0b77:192.168.69.125:42235, 56eab7d4-40e2-4b28-9c72-53449258b8a2:192.168.69.125:37820, 06992730-799e-49b1-b4b4-a9e995f4f1fe:192.168.69.125:34681], old=null
2019-10-18 05:11:44,367 [56eab7d4-40e2-4b28-9c72-53449258b8a2@group-3C260A0191AA-LeaderElection45] INFO  impl.RaftServerImpl (RaftServerImpl.java:setRole(184)) - 56eab7d4-40e2-4b28-9c72-53449258b8a2@group-3C260A0191AA: changes role from CANDIDATE to FOLLOWER at term 40 for DISCOVERED_A_NEW_TERM
2019-10-18 05:11:44,367 [56eab7d4-40e2-4b28-9c72-53449258b8a2@group-3C260A0191AA-LeaderElection45] INFO  impl.RoleInfo (RoleInfo.java:shutdownLeaderElection(134)) - 56eab7d4-40e2-4b28-9c72-53449258b8a2: shutdown LeaderElection
2019-10-18 05:11:44,367 [56eab7d4-40e2-4b28-9c72-53449258b8a2@group-3C260A0191AA-LeaderElection45] INFO  impl.RoleInfo (RoleInfo.java:updateAndGet(143)) - 56eab7d4-40e2-4b28-9c72-53449258b8a2: start FollowerState
2019-10-18 05:11:44,384 [Thread-846] INFO  client.GrpcClientProtocolService (GrpcClientProtocolService.java:lambda$processClientRequest$0(278)) - Failed RaftClientRequest:client-46808F7408E0->06992730-799e-49b1-b4b4-a9e995f4f1fe@group-3C260A0191AA, cid=10, seq=0, Watch-ALL_COMMITTED(6), Message:<EMPTY>, reply=RaftClientReply:client-46808F7408E0->06992730-799e-49b1-b4b4-a9e995f4f1fe@group-3C260A0191AA, cid=10, FAILED org.apache.ratis.protocol.NotLeaderException: Server 06992730-799e-49b1-b4b4-a9e995f4f1fe@group-3C260A0191AA is not the leader, logIndex=0, commits[06992730-799e-49b1-b4b4-a9e995f4f1fe:c10, e63c905b-6e24-4a59-beee-02f8929d0b77:c10, 56eab7d4-40e2-4b28-9c72-53449258b8a2:c4]
2019-10-18 05:11:44,393 [Thread-844] INFO  impl.FollowerState (FollowerState.java:run(108)) - 56eab7d4-40e2-4b28-9c72-53449258b8a2@group-3C260A0191AA-FollowerState: change to CANDIDATE, lastRpcTime:26ms, electionTimeout:26ms
2019-10-18 05:11:44,393 [Thread-844] INFO  impl.RoleInfo (RoleInfo.java:shutdownFollowerState(121)) - 56eab7d4-40e2-4b28-9c72-53449258b8a2: shutdown FollowerState
2019-10-18 05:11:44,393 [Thread-844] INFO  impl.RaftServerImpl (RaftServerImpl.java:setRole(184)) - 56eab7d4-40e2-4b28-9c72-53449258b8a2@group-3C260A0191AA: changes role from  FOLLOWER to CANDIDATE at term 40 for changeToCandidate
2019-10-18 05:11:44,393 [Thread-844] INFO  impl.RoleInfo (RoleInfo.java:updateAndGet(143)) - 56eab7d4-40e2-4b28-9c72-53449258b8a2: start LeaderElection
2019-10-18 05:11:44,407 [56eab7d4-40e2-4b28-9c72-53449258b8a2@group-3C260A0191AA-LeaderElection46] INFO  impl.LeaderElection (LeaderElection.java:askForVotes(178)) - 56eab7d4-40e2-4b28-9c72-53449258b8a2@group-3C260A0191AA-LeaderElection46: begin an election at term 41 for 0: [e63c905b-6e24-4a59-beee-02f8929d0b77:192.168.69.125:42235, 56eab7d4-40e2-4b28-9c72-53449258b8a2:192.168.69.125:37820, 06992730-799e-49b1-b4b4-a9e995f4f1fe:192.168.69.125:34681], old=null
2019-10-18 05:11:44,409 [grpc-default-executor-6] INFO  impl.RaftServerImpl (RaftServerImpl.java:setRole(184)) - 06992730-799e-49b1-b4b4-a9e995f4f1fe@group-3C260A0191AA: changes role from  FOLLOWER to FOLLOWER at term 41 for recognizeCandidate:56eab7d4-40e2-4b28-9c72-53449258b8a2
2019-10-18 05:11:44,409 [grpc-default-executor-6] INFO  impl.RoleInfo (RoleInfo.java:shutdownFollowerState(121)) - 06992730-799e-49b1-b4b4-a9e995f4f1fe: shutdown FollowerState
2019-10-18 05:11:44,409 [grpc-default-executor-6] INFO  impl.RoleInfo (RoleInfo.java:updateAndGet(143)) - 06992730-799e-49b1-b4b4-a9e995f4f1fe: start FollowerState
2019-10-18 05:11:44,409 [Thread-843] INFO  impl.FollowerState (FollowerState.java:run(117)) - 06992730-799e-49b1-b4b4-a9e995f4f1fe@group-3C260A0191AA-FollowerState was interrupted: java.lang.InterruptedException: sleep interrupted
2019-10-18 05:11:44,409 [grpc-default-executor-5] INFO  impl.RaftServerImpl (RaftServerImpl.java:setRole(184)) - e63c905b-6e24-4a59-beee-02f8929d0b77@group-3C260A0191AA: changes role from  FOLLOWER to FOLLOWER at term 41 for recognizeCandidate:56eab7d4-40e2-4b28-9c72-53449258b8a2
2019-10-18 05:11:44,410 [grpc-default-executor-5] INFO  impl.RoleInfo (RoleInfo.java:shutdownFollowerState(121)) - e63c905b-6e24-4a59-beee-02f8929d0b77: shutdown FollowerState
2019-10-18 05:11:44,410 [grpc-default-executor-5] INFO  impl.RoleInfo (RoleInfo.java:updateAndGet(143)) - e63c905b-6e24-4a59-beee-02f8929d0b77: start FollowerState
2019-10-18 05:11:44,410 [Thread-842] INFO  impl.FollowerState (FollowerState.java:run(117)) - e63c905b-6e24-4a59-beee-02f8929d0b77@group-3C260A0191AA-FollowerState was interrupted: java.lang.InterruptedException: sleep interrupted
2019-10-18 05:11:44,424 [56eab7d4-40e2-4b28-9c72-53449258b8a2@group-3C260A0191AA-LeaderElection46] INFO  impl.LeaderElection (LeaderElection.java:logAndReturn(56)) - 56eab7d4-40e2-4b28-9c72-53449258b8a2@group-3C260A0191AA-LeaderElection46: Election REJECTED; received 2 response(s) [56eab7d4-40e2-4b28-9c72-53449258b8a2<-e63c905b-6e24-4a59-beee-02f8929d0b77#0:FAIL-t41, 56eab7d4-40e2-4b28-9c72-53449258b8a2<-06992730-799e-49b1-b4b4-a9e995f4f1fe#0:FAIL-t41] and 0 exception(s); 56eab7d4-40e2-4b28-9c72-53449258b8a2@group-3C260A0191AA:t41, leader=null, voted=56eab7d4-40e2-4b28-9c72-53449258b8a2, raftlog=56eab7d4-40e2-4b28-9c72-53449258b8a2@group-3C260A0191AA-SegmentedRaftLog:OPENED:c3,f4,i4, conf=0: [e63c905b-6e24-4a59-beee-02f8929d0b77:192.168.69.125:42235, 56eab7d4-40e2-4b28-9c72-53449258b8a2:192.168.69.125:37820, 06992730-799e-49b1-b4b4-a9e995f4f1fe:192.168.69.125:34681], old=null
2019-10-18 05:11:44,424 [56eab7d4-40e2-4b28-9c72-53449258b8a2@group-3C260A0191AA-LeaderElection46] INFO  impl.RaftServerImpl (RaftServerImpl.java:setRole(184)) - 56eab7d4-40e2-4b28-9c72-53449258b8a2@group-3C260A0191AA: changes role from CANDIDATE to FOLLOWER at term 41 for DISCOVERED_A_NEW_TERM
2019-10-18 05:11:44,424 [56eab7d4-40e2-4b28-9c72-53449258b8a2@group-3C260A0191AA-LeaderElection46] INFO  impl.RoleInfo (RoleInfo.java:shutdownLeaderElection(134)) - 56eab7d4-40e2-4b28-9c72-53449258b8a2: shutdown LeaderElection
2019-10-18 05:11:44,424 [56eab7d4-40e2-4b28-9c72-53449258b8a2@group-3C260A0191AA-LeaderElection46] INFO  impl.RoleInfo (RoleInfo.java:updateAndGet(143)) - 56eab7d4-40e2-4b28-9c72-53449258b8a2: start FollowerState
2019-10-18 05:11:44,451 [Thread-853] INFO  impl.FollowerState (FollowerState.java:run(108)) - 56eab7d4-40e2-4b28-9c72-53449258b8a2@group-3C260A0191AA-FollowerState: change to CANDIDATE, lastRpcTime:27ms, electionTimeout:27ms
2019-10-18 05:11:44,451 [Thread-853] INFO  impl.RoleInfo (RoleInfo.java:shutdownFollowerState(121)) - 56eab7d4-40e2-4b28-9c72-53449258b8a2: shutdown FollowerState
2019-10-18 05:11:44,452 [Thread-853] INFO  impl.RaftServerImpl (RaftServerImpl.java:setRole(184)) - 56eab7d4-40e2-4b28-9c72-53449258b8a2@group-3C260A0191AA: changes role from  FOLLOWER to CANDIDATE at term 41 for changeToCandidate
2019-10-18 05:11:44,452 [Thread-853] INFO  impl.RoleInfo (RoleInfo.java:updateAndGet(143)) - 56eab7d4-40e2-4b28-9c72-53449258b8a2: start LeaderElection
2019-10-18 05:11:44,465 [56eab7d4-40e2-4b28-9c72-53449258b8a2@group-3C260A0191AA-LeaderElection47] INFO  impl.LeaderElection (LeaderElection.java:askForVotes(178)) - 56eab7d4-40e2-4b28-9c72-53449258b8a2@group-3C260A0191AA-LeaderElection47: begin an election at term 42 for 0: [e63c905b-6e24-4a59-beee-02f8929d0b77:192.168.69.125:42235, 56eab7d4-40e2-4b28-9c72-53449258b8a2:192.168.69.125:37820, 06992730-799e-49b1-b4b4-a9e995f4f1fe:192.168.69.125:34681], old=null
2019-10-18 05:11:44,467 [grpc-default-executor-6] INFO  impl.RaftServerImpl (RaftServerImpl.java:setRole(184)) - 06992730-799e-49b1-b4b4-a9e995f4f1fe@group-3C260A0191AA: changes role from  FOLLOWER to FOLLOWER at term 42 for recognizeCandidate:56eab7d4-40e2-4b28-9c72-53449258b8a2
2019-10-18 05:11:44,467 [grpc-default-executor-5] INFO  impl.RaftServerImpl (RaftServerImpl.java:setRole(184)) - e63c905b-6e24-4a59-beee-02f8929d0b77@group-3C260A0191AA: changes role from  FOLLOWER to FOLLOWER at term 42 for recognizeCandidate:56eab7d4-40e2-4b28-9c72-53449258b8a2
2019-10-18 05:11:44,467 [grpc-default-executor-6] INFO  impl.RoleInfo (RoleInfo.java:shutdownFollowerState(121)) - 06992730-799e-49b1-b4b4-a9e995f4f1fe: shutdown FollowerState
2019-10-18 05:11:44,467 [grpc-default-executor-5] INFO  impl.RoleInfo (RoleInfo.java:shutdownFollowerState(121)) - e63c905b-6e24-4a59-beee-02f8929d0b77: shutdown FollowerState
2019-10-18 05:11:44,467 [grpc-default-executor-6] INFO  impl.RoleInfo (RoleInfo.java:updateAndGet(143)) - 06992730-799e-49b1-b4b4-a9e995f4f1fe: start FollowerState
2019-10-18 05:11:44,467 [Thread-852] INFO  impl.FollowerState (FollowerState.java:run(117)) - e63c905b-6e24-4a59-beee-02f8929d0b77@group-3C260A0191AA-FollowerState was interrupted: java.lang.InterruptedException: sleep interrupted
2019-10-18 05:11:44,467 [Thread-851] INFO  impl.FollowerState (FollowerState.java:run(117)) - 06992730-799e-49b1-b4b4-a9e995f4f1fe@group-3C260A0191AA-FollowerState was interrupted: java.lang.InterruptedException: sleep interrupted
2019-10-18 05:11:44,467 [grpc-default-executor-5] INFO  impl.RoleInfo (RoleInfo.java:updateAndGet(143)) - e63c905b-6e24-4a59-beee-02f8929d0b77: start FollowerState
2019-10-18 05:11:44,482 [56eab7d4-40e2-4b28-9c72-53449258b8a2@group-3C260A0191AA-LeaderElection47] INFO  impl.LeaderElection (LeaderElection.java:logAndReturn(56)) - 56eab7d4-40e2-4b28-9c72-53449258b8a2@group-3C260A0191AA-LeaderElection47: Election REJECTED; received 2 response(s) [56eab7d4-40e2-4b28-9c72-53449258b8a2<-e63c905b-6e24-4a59-beee-02f8929d0b77#0:FAIL-t42, 56eab7d4-40e2-4b28-9c72-53449258b8a2<-06992730-799e-49b1-b4b4-a9e995f4f1fe#0:FAIL-t42] and 0 exception(s); 56eab7d4-40e2-4b28-9c72-53449258b8a2@group-3C260A0191AA:t42, leader=null, voted=56eab7d4-40e2-4b28-9c72-53449258b8a2, raftlog=56eab7d4-40e2-4b28-9c72-53449258b8a2@group-3C260A0191AA-SegmentedRaftLog:OPENED:c3,f4,i4, conf=0: [e63c905b-6e24-4a59-beee-02f8929d0b77:192.168.69.125:42235, 56eab7d4-40e2-4b28-9c72-53449258b8a2:192.168.69.125:37820, 06992730-799e-49b1-b4b4-a9e995f4f1fe:192.168.69.125:34681], old=null
2019-10-18 05:11:44,482 [56eab7d4-40e2-4b28-9c72-53449258b8a2@group-3C260A0191AA-LeaderElection47] INFO  impl.RaftServerImpl (RaftServerImpl.java:setRole(184)) - 56eab7d4-40e2-4b28-9c72-53449258b8a2@group-3C260A0191AA: changes role from CANDIDATE to FOLLOWER at term 42 for DISCOVERED_A_NEW_TERM
2019-10-18 05:11:44,482 [56eab7d4-40e2-4b28-9c72-53449258b8a2@group-3C260A0191AA-LeaderElection47] INFO  impl.RoleInfo (RoleInfo.java:shutdownLeaderElection(134)) - 56eab7d4-40e2-4b28-9c72-53449258b8a2: shutdown LeaderElection
2019-10-18 05:11:44,482 [56eab7d4-40e2-4b28-9c72-53449258b8a2@group-3C260A0191AA-LeaderElection47] INFO  impl.RoleInfo (RoleInfo.java:updateAndGet(143)) - 56eab7d4-40e2-4b28-9c72-53449258b8a2: start FollowerState
2019-10-18 05:11:44,485 [Thread-859] INFO  impl.FollowerState (FollowerState.java:run(108)) - 56eab7d4-40e2-4b28-9c72-53449258b8a2@group-3C260A0191AA-FollowerState: change to CANDIDATE, lastRpcTime:3ms, electionTimeout:3ms
2019-10-18 05:11:44,485 [Thread-859] INFO  impl.RoleInfo (RoleInfo.java:shutdownFollowerState(121)) - 56eab7d4-40e2-4b28-9c72-53449258b8a2: shutdown FollowerState
2019-10-18 05:11:44,485 [Thread-859] INFO  impl.RaftServerImpl (RaftServerImpl.java:setRole(184)) - 56eab7d4-40e2-4b28-9c72-53449258b8a2@group-3C260A0191AA: changes role from  FOLLOWER to CANDIDATE at term 42 for changeToCandidate
2019-10-18 05:11:44,486 [Thread-859] INFO  impl.RoleInfo (RoleInfo.java:updateAndGet(143)) - 56eab7d4-40e2-4b28-9c72-53449258b8a2: start LeaderElection
2019-10-18 05:11:44,498 [56eab7d4-40e2-4b28-9c72-53449258b8a2@group-3C260A0191AA-LeaderElection48] INFO  impl.LeaderElection (LeaderElection.java:askForVotes(178)) - 56eab7d4-40e2-4b28-9c72-53449258b8a2@group-3C260A0191AA-LeaderElection48: begin an election at term 43 for 0: [e63c905b-6e24-4a59-beee-02f8929d0b77:192.168.69.125:42235, 56eab7d4-40e2-4b28-9c72-53449258b8a2:192.168.69.125:37820, 06992730-799e-49b1-b4b4-a9e995f4f1fe:192.168.69.125:34681], old=null
2019-10-18 05:11:44,500 [grpc-default-executor-5] INFO  impl.RaftServerImpl (RaftServerImpl.java:setRole(184)) - 06992730-799e-49b1-b4b4-a9e995f4f1fe@group-3C260A0191AA: changes role from  FOLLOWER to FOLLOWER at term 43 for recognizeCandidate:56eab7d4-40e2-4b28-9c72-53449258b8a2
2019-10-18 05:11:44,501 [grpc-default-executor-5] INFO  impl.RoleInfo (RoleInfo.java:shutdownFollowerState(121)) - 06992730-799e-49b1-b4b4-a9e995f4f1fe: shutdown FollowerState
2019-10-18 05:11:44,501 [grpc-default-executor-6] INFO  impl.RaftServerImpl (RaftServerImpl.java:setRole(184)) - e63c905b-6e24-4a59-beee-02f8929d0b77@group-3C260A0191AA: changes role from  FOLLOWER to FOLLOWER at term 43 for recognizeCandidate:56eab7d4-40e2-4b28-9c72-53449258b8a2
2019-10-18 05:11:44,501 [Thread-857] INFO  impl.FollowerState (FollowerState.java:run(117)) - 06992730-799e-49b1-b4b4-a9e995f4f1fe@group-3C260A0191AA-FollowerState was interrupted: java.lang.InterruptedException: sleep interrupted
2019-10-18 05:11:44,501 [grpc-default-executor-5] INFO  impl.RoleInfo (RoleInfo.java:updateAndGet(143)) - 06992730-799e-49b1-b4b4-a9e995f4f1fe: start FollowerState
2019-10-18 05:11:44,501 [grpc-default-executor-6] INFO  impl.RoleInfo (RoleInfo.java:shutdownFollowerState(121)) - e63c905b-6e24-4a59-beee-02f8929d0b77: shutdown FollowerState
2019-10-18 05:11:44,501 [Thread-858] INFO  impl.FollowerState (FollowerState.java:run(117)) - e63c905b-6e24-4a59-beee-02f8929d0b77@group-3C260A0191AA-FollowerState was interrupted: java.lang.InterruptedException: sleep interrupted
2019-10-18 05:11:44,501 [grpc-default-executor-6] INFO  impl.RoleInfo (RoleInfo.java:updateAndGet(143)) - e63c905b-6e24-4a59-beee-02f8929d0b77: start FollowerState
2019-10-18 05:11:44,515 [56eab7d4-40e2-4b28-9c72-53449258b8a2@group-3C260A0191AA-LeaderElection48] INFO  impl.LeaderElection (LeaderElection.java:logAndReturn(56)) - 56eab7d4-40e2-4b28-9c72-53449258b8a2@group-3C260A0191AA-LeaderElection48: Election REJECTED; received 2 response(s) [56eab7d4-40e2-4b28-9c72-53449258b8a2<-e63c905b-6e24-4a59-beee-02f8929d0b77#0:FAIL-t43, 56eab7d4-40e2-4b28-9c72-53449258b8a2<-06992730-799e-49b1-b4b4-a9e995f4f1fe#0:FAIL-t43] and 0 exception(s); 56eab7d4-40e2-4b28-9c72-53449258b8a2@group-3C260A0191AA:t43, leader=null, voted=56eab7d4-40e2-4b28-9c72-53449258b8a2, raftlog=56eab7d4-40e2-4b28-9c72-53449258b8a2@group-3C260A0191AA-SegmentedRaftLog:OPENED:c3,f4,i4, conf=0: [e63c905b-6e24-4a59-beee-02f8929d0b77:192.168.69.125:42235, 56eab7d4-40e2-4b28-9c72-53449258b8a2:192.168.69.125:37820, 06992730-799e-49b1-b4b4-a9e995f4f1fe:192.168.69.125:34681], old=null
2019-10-18 05:11:44,515 [56eab7d4-40e2-4b28-9c72-53449258b8a2@group-3C260A0191AA-LeaderElection48] INFO  impl.RaftServerImpl (RaftServerImpl.java:setRole(184)) - 56eab7d4-40e2-4b28-9c72-53449258b8a2@group-3C260A0191AA: changes role from CANDIDATE to FOLLOWER at term 43 for DISCOVERED_A_NEW_TERM
2019-10-18 05:11:44,515 [56eab7d4-40e2-4b28-9c72-53449258b8a2@group-3C260A0191AA-LeaderElection48] INFO  impl.RoleInfo (RoleInfo.java:shutdownLeaderElection(134)) - 56eab7d4-40e2-4b28-9c72-53449258b8a2: shutdown LeaderElection
2019-10-18 05:11:44,515 [56eab7d4-40e2-4b28-9c72-53449258b8a2@group-3C260A0191AA-LeaderElection48] INFO  impl.RoleInfo (RoleInfo.java:updateAndGet(143)) - 56eab7d4-40e2-4b28-9c72-53449258b8a2: start FollowerState
2019-10-18 05:11:44,571 [Thread-865] INFO  impl.FollowerState (FollowerState.java:run(108)) - 56eab7d4-40e2-4b28-9c72-53449258b8a2@group-3C260A0191AA-FollowerState: change to CANDIDATE, lastRpcTime:55ms, electionTimeout:55ms
2019-10-18 05:11:44,571 [Thread-865] INFO  impl.RoleInfo (RoleInfo.java:shutdownFollowerState(121)) - 56eab7d4-40e2-4b28-9c72-53449258b8a2: shutdown FollowerState
2019-10-18 05:11:44,571 [Thread-865] INFO  impl.RaftServerImpl (RaftServerImpl.java:setRole(184)) - 56eab7d4-40e2-4b28-9c72-53449258b8a2@group-3C260A0191AA: changes role from  FOLLOWER to CANDIDATE at term 43 for changeToCandidate
2019-10-18 05:11:44,571 [Thread-865] INFO  impl.RoleInfo (RoleInfo.java:updateAndGet(143)) - 56eab7d4-40e2-4b28-9c72-53449258b8a2: start LeaderElection
2019-10-18 05:11:44,585 [56eab7d4-40e2-4b28-9c72-53449258b8a2@group-3C260A0191AA-LeaderElection49] INFO  impl.LeaderElection (LeaderElection.java:askForVotes(178)) - 56eab7d4-40e2-4b28-9c72-53449258b8a2@group-3C260A0191AA-LeaderElection49: begin an election at term 44 for 0: [e63c905b-6e24-4a59-beee-02f8929d0b77:192.168.69.125:42235, 56eab7d4-40e2-4b28-9c72-53449258b8a2:192.168.69.125:37820, 06992730-799e-49b1-b4b4-a9e995f4f1fe:192.168.69.125:34681], old=null
2019-10-18 05:11:44,588 [grpc-default-executor-5] INFO  impl.RaftServerImpl (RaftServerImpl.java:setRole(184)) - e63c905b-6e24-4a59-beee-02f8929d0b77@group-3C260A0191AA: changes role from  FOLLOWER to FOLLOWER at term 44 for recognizeCandidate:56eab7d4-40e2-4b28-9c72-53449258b8a2
2019-10-18 05:11:44,588 [grpc-default-executor-5] INFO  impl.RoleInfo (RoleInfo.java:shutdownFollowerState(121)) - e63c905b-6e24-4a59-beee-02f8929d0b77: shutdown FollowerState
2019-10-18 05:11:44,588 [grpc-default-executor-6] INFO  impl.RaftServerImpl (RaftServerImpl.java:setRole(184)) - 06992730-799e-49b1-b4b4-a9e995f4f1fe@group-3C260A0191AA: changes role from  FOLLOWER to FOLLOWER at term 44 for recognizeCandidate:56eab7d4-40e2-4b28-9c72-53449258b8a2
2019-10-18 05:11:44,588 [Thread-864] INFO  impl.FollowerState (FollowerState.java:run(117)) - e63c905b-6e24-4a59-beee-02f8929d0b77@group-3C260A0191AA-FollowerState was interrupted: java.lang.InterruptedException: sleep interrupted
2019-10-18 05:11:44,588 [grpc-default-executor-5] INFO  impl.RoleInfo (RoleInfo.java:updateAndGet(143)) - e63c905b-6e24-4a59-beee-02f8929d0b77: start FollowerState
2019-10-18 05:11:44,588 [grpc-default-executor-6] INFO  impl.RoleInfo (RoleInfo.java:shutdownFollowerState(121)) - 06992730-799e-49b1-b4b4-a9e995f4f1fe: shutdown FollowerState
2019-10-18 05:11:44,588 [grpc-default-executor-6] INFO  impl.RoleInfo (RoleInfo.java:updateAndGet(143)) - 06992730-799e-49b1-b4b4-a9e995f4f1fe: start FollowerState
2019-10-18 05:11:44,588 [Thread-863] INFO  impl.FollowerState (FollowerState.java:run(117)) - 06992730-799e-49b1-b4b4-a9e995f4f1fe@group-3C260A0191AA-FollowerState was interrupted: java.lang.InterruptedException: sleep interrupted
2019-10-18 05:11:44,607 [56eab7d4-40e2-4b28-9c72-53449258b8a2@group-3C260A0191AA-LeaderElection49] INFO  impl.LeaderElection (LeaderElection.java:logAndReturn(56)) - 56eab7d4-40e2-4b28-9c72-53449258b8a2@group-3C260A0191AA-LeaderElection49: Election REJECTED; received 2 response(s) [56eab7d4-40e2-4b28-9c72-53449258b8a2<-e63c905b-6e24-4a59-beee-02f8929d0b77#0:FAIL-t44, 56eab7d4-40e2-4b28-9c72-53449258b8a2<-06992730-799e-49b1-b4b4-a9e995f4f1fe#0:FAIL-t44] and 0 exception(s); 56eab7d4-40e2-4b28-9c72-53449258b8a2@group-3C260A0191AA:t44, leader=null, voted=56eab7d4-40e2-4b28-9c72-53449258b8a2, raftlog=56eab7d4-40e2-4b28-9c72-53449258b8a2@group-3C260A0191AA-SegmentedRaftLog:OPENED:c3,f4,i4, conf=0: [e63c905b-6e24-4a59-beee-02f8929d0b77:192.168.69.125:42235, 56eab7d4-40e2-4b28-9c72-53449258b8a2:192.168.69.125:37820, 06992730-799e-49b1-b4b4-a9e995f4f1fe:192.168.69.125:34681], old=null
2019-10-18 05:11:44,607 [56eab7d4-40e2-4b28-9c72-53449258b8a2@group-3C260A0191AA-LeaderElection49] INFO  impl.RaftServerImpl (RaftServerImpl.java:setRole(184)) - 56eab7d4-40e2-4b28-9c72-53449258b8a2@group-3C260A0191AA: changes role from CANDIDATE to FOLLOWER at term 44 for DISCOVERED_A_NEW_TERM
2019-10-18 05:11:44,607 [56eab7d4-40e2-4b28-9c72-53449258b8a2@group-3C260A0191AA-LeaderElection49] INFO  impl.RoleInfo (RoleInfo.java:shutdownLeaderElection(134)) - 56eab7d4-40e2-4b28-9c72-53449258b8a2: shutdown LeaderElection
2019-10-18 05:11:44,607 [56eab7d4-40e2-4b28-9c72-53449258b8a2@group-3C260A0191AA-LeaderElection49] INFO  impl.RoleInfo (RoleInfo.java:updateAndGet(143)) - 56eab7d4-40e2-4b28-9c72-53449258b8a2: start FollowerState
2019-10-18 05:11:44,726 [Thread-871] INFO  impl.FollowerState (FollowerState.java:run(108)) - 56eab7d4-40e2-4b28-9c72-53449258b8a2@group-3C260A0191AA-FollowerState: change to CANDIDATE, lastRpcTime:119ms, electionTimeout:119ms
2019-10-18 05:11:44,727 [Thread-871] INFO  impl.RoleInfo (RoleInfo.java:shutdownFollowerState(121)) - 56eab7d4-40e2-4b28-9c72-53449258b8a2: shutdown FollowerState
2019-10-18 05:11:44,727 [Thread-871] INFO  impl.RaftServerImpl (RaftServerImpl.java:setRole(184)) - 56eab7d4-40e2-4b28-9c72-53449258b8a2@group-3C260A0191AA: changes role from  FOLLOWER to CANDIDATE at term 44 for changeToCandidate
2019-10-18 05:11:44,727 [Thread-871] INFO  impl.RoleInfo (RoleInfo.java:updateAndGet(143)) - 56eab7d4-40e2-4b28-9c72-53449258b8a2: start LeaderElection
2019-10-18 05:11:44,731 [56eab7d4-40e2-4b28-9c72-53449258b8a2@group-3C260A0191AA-LeaderElection50] INFO  impl.LeaderElection (LeaderElection.java:askForVotes(178)) - 56eab7d4-40e2-4b28-9c72-53449258b8a2@group-3C260A0191AA-LeaderElection50: begin an election at term 45 for 0: [e63c905b-6e24-4a59-beee-02f8929d0b77:192.168.69.125:42235, 56eab7d4-40e2-4b28-9c72-53449258b8a2:192.168.69.125:37820, 06992730-799e-49b1-b4b4-a9e995f4f1fe:192.168.69.125:34681], old=null
2019-10-18 05:11:44,734 [grpc-default-executor-5] INFO  impl.RaftServerImpl (RaftServerImpl.java:setRole(184)) - e63c905b-6e24-4a59-beee-02f8929d0b77@group-3C260A0191AA: changes role from  FOLLOWER to FOLLOWER at term 45 for recognizeCandidate:56eab7d4-40e2-4b28-9c72-53449258b8a2
2019-10-18 05:11:44,734 [grpc-default-executor-6] INFO  impl.RaftServerImpl (RaftServerImpl.java:setRole(184)) - 06992730-799e-49b1-b4b4-a9e995f4f1fe@group-3C260A0191AA: changes role from  FOLLOWER to FOLLOWER at term 45 for recognizeCandidate:56eab7d4-40e2-4b28-9c72-53449258b8a2
2019-10-18 05:11:44,734 [grpc-default-executor-5] INFO  impl.RoleInfo (RoleInfo.java:shutdownFollowerState(121)) - e63c905b-6e24-4a59-beee-02f8929d0b77: shutdown FollowerState
2019-10-18 05:11:44,734 [grpc-default-executor-6] INFO  impl.RoleInfo (RoleInfo.java:shutdownFollowerState(121)) - 06992730-799e-49b1-b4b4-a9e995f4f1fe: shutdown FollowerState
2019-10-18 05:11:44,735 [Thread-869] INFO  impl.FollowerState (FollowerState.java:run(117)) - e63c905b-6e24-4a59-beee-02f8929d0b77@group-3C260A0191AA-FollowerState was interrupted: java.lang.InterruptedException: sleep interrupted
2019-10-18 05:11:44,735 [grpc-default-executor-5] INFO  impl.RoleInfo (RoleInfo.java:updateAndGet(143)) - e63c905b-6e24-4a59-beee-02f8929d0b77: start FollowerState
2019-10-18 05:11:44,735 [grpc-default-executor-6] INFO  impl.RoleInfo (RoleInfo.java:updateAndGet(143)) - 06992730-799e-49b1-b4b4-a9e995f4f1fe: start FollowerState
2019-10-18 05:11:44,735 [Thread-870] INFO  impl.FollowerState (FollowerState.java:run(117)) - 06992730-799e-49b1-b4b4-a9e995f4f1fe@group-3C260A0191AA-FollowerState was interrupted: java.lang.InterruptedException: sleep interrupted
2019-10-18 05:11:44,747 [56eab7d4-40e2-4b28-9c72-53449258b8a2@group-3C260A0191AA-LeaderElection50] INFO  impl.LeaderElection (LeaderElection.java:logAndReturn(56)) - 56eab7d4-40e2-4b28-9c72-53449258b8a2@group-3C260A0191AA-LeaderElection50: Election REJECTED; received 2 response(s) [56eab7d4-40e2-4b28-9c72-53449258b8a2<-e63c905b-6e24-4a59-beee-02f8929d0b77#0:FAIL-t45, 56eab7d4-40e2-4b28-9c72-53449258b8a2<-06992730-799e-49b1-b4b4-a9e995f4f1fe#0:FAIL-t45] and 0 exception(s); 56eab7d4-40e2-4b28-9c72-53449258b8a2@group-3C260A0191AA:t45, leader=null, voted=56eab7d4-40e2-4b28-9c72-53449258b8a2, raftlog=56eab7d4-40e2-4b28-9c72-53449258b8a2@group-3C260A0191AA-SegmentedRaftLog:OPENED:c3,f4,i4, conf=0: [e63c905b-6e24-4a59-beee-02f8929d0b77:192.168.69.125:42235, 56eab7d4-40e2-4b28-9c72-53449258b8a2:192.168.69.125:37820, 06992730-799e-49b1-b4b4-a9e995f4f1fe:192.168.69.125:34681], old=null
2019-10-18 05:11:44,748 [56eab7d4-40e2-4b28-9c72-53449258b8a2@group-3C260A0191AA-LeaderElection50] INFO  impl.RaftServerImpl (RaftServerImpl.java:setRole(184)) - 56eab7d4-40e2-4b28-9c72-53449258b8a2@group-3C260A0191AA: changes role from CANDIDATE to FOLLOWER at term 45 for DISCOVERED_A_NEW_TERM
2019-10-18 05:11:44,748 [56eab7d4-40e2-4b28-9c72-53449258b8a2@group-3C260A0191AA-LeaderElection50] INFO  impl.RoleInfo (RoleInfo.java:shutdownLeaderElection(134)) - 56eab7d4-40e2-4b28-9c72-53449258b8a2: shutdown LeaderElection
2019-10-18 05:11:44,748 [56eab7d4-40e2-4b28-9c72-53449258b8a2@group-3C260A0191AA-LeaderElection50] INFO  impl.RoleInfo (RoleInfo.java:updateAndGet(143)) - 56eab7d4-40e2-4b28-9c72-53449258b8a2: start FollowerState
2019-10-18 05:11:44,850 [Thread-877] INFO  impl.FollowerState (FollowerState.java:run(108)) - 56eab7d4-40e2-4b28-9c72-53449258b8a2@group-3C260A0191AA-FollowerState: change to CANDIDATE, lastRpcTime:102ms, electionTimeout:102ms
2019-10-18 05:11:44,851 [Thread-877] INFO  impl.RoleInfo (RoleInfo.java:shutdownFollowerState(121)) - 56eab7d4-40e2-4b28-9c72-53449258b8a2: shutdown FollowerState
2019-10-18 05:11:44,851 [Thread-877] INFO  impl.RaftServerImpl (RaftServerImpl.java:setRole(184)) - 56eab7d4-40e2-4b28-9c72-53449258b8a2@group-3C260A0191AA: changes role from  FOLLOWER to CANDIDATE at term 45 for changeToCandidate
2019-10-18 05:11:44,851 [Thread-877] INFO  impl.RoleInfo (RoleInfo.java:updateAndGet(143)) - 56eab7d4-40e2-4b28-9c72-53449258b8a2: start LeaderElection
2019-10-18 05:11:44,857 [56eab7d4-40e2-4b28-9c72-53449258b8a2@group-3C260A0191AA-LeaderElection51] INFO  impl.LeaderElection (LeaderElection.java:askForVotes(178)) - 56eab7d4-40e2-4b28-9c72-53449258b8a2@group-3C260A0191AA-LeaderElection51: begin an election at term 46 for 0: [e63c905b-6e24-4a59-beee-02f8929d0b77:192.168.69.125:42235, 56eab7d4-40e2-4b28-9c72-53449258b8a2:192.168.69.125:37820, 06992730-799e-49b1-b4b4-a9e995f4f1fe:192.168.69.125:34681], old=null
2019-10-18 05:11:44,859 [grpc-default-executor-5] INFO  impl.RaftServerImpl (RaftServerImpl.java:setRole(184)) - 06992730-799e-49b1-b4b4-a9e995f4f1fe@group-3C260A0191AA: changes role from  FOLLOWER to FOLLOWER at term 46 for recognizeCandidate:56eab7d4-40e2-4b28-9c72-53449258b8a2
2019-10-18 05:11:44,859 [grpc-default-executor-5] INFO  impl.RoleInfo (RoleInfo.java:shutdownFollowerState(121)) - 06992730-799e-49b1-b4b4-a9e995f4f1fe: shutdown FollowerState
2019-10-18 05:11:44,859 [Thread-876] INFO  impl.FollowerState (FollowerState.java:run(117)) - 06992730-799e-49b1-b4b4-a9e995f4f1fe@group-3C260A0191AA-FollowerState was interrupted: java.lang.InterruptedException: sleep interrupted
2019-10-18 05:11:44,859 [grpc-default-executor-6] INFO  impl.RaftServerImpl (RaftServerImpl.java:setRole(184)) - e63c905b-6e24-4a59-beee-02f8929d0b77@group-3C260A0191AA: changes role from  FOLLOWER to FOLLOWER at term 46 for recognizeCandidate:56eab7d4-40e2-4b28-9c72-53449258b8a2
2019-10-18 05:11:44,860 [grpc-default-executor-6] INFO  impl.RoleInfo (RoleInfo.java:shutdownFollowerState(121)) - e63c905b-6e24-4a59-beee-02f8929d0b77: shutdown FollowerState
2019-10-18 05:11:44,859 [grpc-default-executor-5] INFO  impl.RoleInfo (RoleInfo.java:updateAndGet(143)) - 06992730-799e-49b1-b4b4-a9e995f4f1fe: start FollowerState
2019-10-18 05:11:44,860 [Thread-875] INFO  impl.FollowerState (FollowerState.java:run(117)) - e63c905b-6e24-4a59-beee-02f8929d0b77@group-3C260A0191AA-FollowerState was interrupted: java.lang.InterruptedException: sleep interrupted
2019-10-18 05:11:44,860 [grpc-default-executor-6] INFO  impl.RoleInfo (RoleInfo.java:updateAndGet(143)) - e63c905b-6e24-4a59-beee-02f8929d0b77: start FollowerState
2019-10-18 05:11:44,874 [56eab7d4-40e2-4b28-9c72-53449258b8a2@group-3C260A0191AA-LeaderElection51] INFO  impl.LeaderElection (LeaderElection.java:logAndReturn(56)) - 56eab7d4-40e2-4b28-9c72-53449258b8a2@group-3C260A0191AA-LeaderElection51: Election REJECTED; received 2 response(s) [56eab7d4-40e2-4b28-9c72-53449258b8a2<-e63c905b-6e24-4a59-beee-02f8929d0b77#0:FAIL-t46, 56eab7d4-40e2-4b28-9c72-53449258b8a2<-06992730-799e-49b1-b4b4-a9e995f4f1fe#0:FAIL-t46] and 0 exception(s); 56eab7d4-40e2-4b28-9c72-53449258b8a2@group-3C260A0191AA:t46, leader=null, voted=56eab7d4-40e2-4b28-9c72-53449258b8a2, raftlog=56eab7d4-40e2-4b28-9c72-53449258b8a2@group-3C260A0191AA-SegmentedRaftLog:OPENED:c3,f4,i4, conf=0: [e63c905b-6e24-4a59-beee-02f8929d0b77:192.168.69.125:42235, 56eab7d4-40e2-4b28-9c72-53449258b8a2:192.168.69.125:37820, 06992730-799e-49b1-b4b4-a9e995f4f1fe:192.168.69.125:34681], old=null
2019-10-18 05:11:44,875 [56eab7d4-40e2-4b28-9c72-53449258b8a2@group-3C260A0191AA-LeaderElection51] INFO  impl.RaftServerImpl (RaftServerImpl.java:setRole(184)) - 56eab7d4-40e2-4b28-9c72-53449258b8a2@group-3C260A0191AA: changes role from CANDIDATE to FOLLOWER at term 46 for DISCOVERED_A_NEW_TERM
2019-10-18 05:11:44,875 [56eab7d4-40e2-4b28-9c72-53449258b8a2@group-3C260A0191AA-LeaderElection51] INFO  impl.RoleInfo (RoleInfo.java:shutdownLeaderElection(134)) - 56eab7d4-40e2-4b28-9c72-53449258b8a2: shutdown LeaderElection
2019-10-18 05:11:44,875 [56eab7d4-40e2-4b28-9c72-53449258b8a2@group-3C260A0191AA-LeaderElection51] INFO  impl.RoleInfo (RoleInfo.java:updateAndGet(143)) - 56eab7d4-40e2-4b28-9c72-53449258b8a2: start FollowerState
2019-10-18 05:11:44,911 [BlockDeletingService#2] WARN  background.BlockDeletingService (BlockDeletingService.java:isDeletionAllowed(187)) - Close Container log Index 6 is not replicated across allthe servers in the pipeline 7b6774a4-dfa8-469c-9b78-3c260a0191aa as the min replicated index is 4. Deletion is not allowed in this container yet.
2019-10-18 05:11:44,911 [BlockDeletingService#2] WARN  background.BlockDeletingService (BlockDeletingService.java:isDeletionAllowed(187)) - Close Container log Index 6 is not replicated across allthe servers in the pipeline 7b6774a4-dfa8-469c-9b78-3c260a0191aa as the min replicated index is 4. Deletion is not allowed in this container yet.
2019-10-18 05:11:45,040 [Thread-883] INFO  impl.FollowerState (FollowerState.java:run(108)) - 56eab7d4-40e2-4b28-9c72-53449258b8a2@group-3C260A0191AA-FollowerState: change to CANDIDATE, lastRpcTime:165ms, electionTimeout:165ms
2019-10-18 05:11:45,041 [Thread-883] INFO  impl.RoleInfo (RoleInfo.java:shutdownFollowerState(121)) - 56eab7d4-40e2-4b28-9c72-53449258b8a2: shutdown FollowerState
2019-10-18 05:11:45,041 [Thread-883] INFO  impl.RaftServerImpl (RaftServerImpl.java:setRole(184)) - 56eab7d4-40e2-4b28-9c72-53449258b8a2@group-3C260A0191AA: changes role from  FOLLOWER to CANDIDATE at term 46 for changeToCandidate
2019-10-18 05:11:45,041 [Thread-883] INFO  impl.RoleInfo (RoleInfo.java:updateAndGet(143)) - 56eab7d4-40e2-4b28-9c72-53449258b8a2: start LeaderElection
2019-10-18 05:11:45,054 [56eab7d4-40e2-4b28-9c72-53449258b8a2@group-3C260A0191AA-LeaderElection52] INFO  impl.LeaderElection (LeaderElection.java:askForVotes(178)) - 56eab7d4-40e2-4b28-9c72-53449258b8a2@group-3C260A0191AA-LeaderElection52: begin an election at term 47 for 0: [e63c905b-6e24-4a59-beee-02f8929d0b77:192.168.69.125:42235, 56eab7d4-40e2-4b28-9c72-53449258b8a2:192.168.69.125:37820, 06992730-799e-49b1-b4b4-a9e995f4f1fe:192.168.69.125:34681], old=null
2019-10-18 05:11:45,056 [grpc-default-executor-6] INFO  impl.RaftServerImpl (RaftServerImpl.java:setRole(184)) - 06992730-799e-49b1-b4b4-a9e995f4f1fe@group-3C260A0191AA: changes role from  FOLLOWER to FOLLOWER at term 47 for recognizeCandidate:56eab7d4-40e2-4b28-9c72-53449258b8a2
2019-10-18 05:11:45,056 [grpc-default-executor-5] INFO  impl.RaftServerImpl (RaftServerImpl.java:setRole(184)) - e63c905b-6e24-4a59-beee-02f8929d0b77@group-3C260A0191AA: changes role from  FOLLOWER to FOLLOWER at term 47 for recognizeCandidate:56eab7d4-40e2-4b28-9c72-53449258b8a2
2019-10-18 05:11:45,057 [grpc-default-executor-6] INFO  impl.RoleInfo (RoleInfo.java:shutdownFollowerState(121)) - 06992730-799e-49b1-b4b4-a9e995f4f1fe: shutdown FollowerState
2019-10-18 05:11:45,057 [grpc-default-executor-5] INFO  impl.RoleInfo (RoleInfo.java:shutdownFollowerState(121)) - e63c905b-6e24-4a59-beee-02f8929d0b77: shutdown FollowerState
2019-10-18 05:11:45,057 [grpc-default-executor-6] INFO  impl.RoleInfo (RoleInfo.java:updateAndGet(143)) - 06992730-799e-49b1-b4b4-a9e995f4f1fe: start FollowerState
2019-10-18 05:11:45,057 [Thread-881] INFO  impl.FollowerState (FollowerState.java:run(117)) - 06992730-799e-49b1-b4b4-a9e995f4f1fe@group-3C260A0191AA-FollowerState was interrupted: java.lang.InterruptedException: sleep interrupted
2019-10-18 05:11:45,057 [grpc-default-executor-5] INFO  impl.RoleInfo (RoleInfo.java:updateAndGet(143)) - e63c905b-6e24-4a59-beee-02f8929d0b77: start FollowerState
2019-10-18 05:11:45,057 [Thread-882] INFO  impl.FollowerState (FollowerState.java:run(117)) - e63c905b-6e24-4a59-beee-02f8929d0b77@group-3C260A0191AA-FollowerState was interrupted: java.lang.InterruptedException: sleep interrupted
2019-10-18 05:11:45,072 [56eab7d4-40e2-4b28-9c72-53449258b8a2@group-3C260A0191AA-LeaderElection52] INFO  impl.LeaderElection (LeaderElection.java:logAndReturn(56)) - 56eab7d4-40e2-4b28-9c72-53449258b8a2@group-3C260A0191AA-LeaderElection52: Election REJECTED; received 2 response(s) [56eab7d4-40e2-4b28-9c72-53449258b8a2<-e63c905b-6e24-4a59-beee-02f8929d0b77#0:FAIL-t47, 56eab7d4-40e2-4b28-9c72-53449258b8a2<-06992730-799e-49b1-b4b4-a9e995f4f1fe#0:FAIL-t47] and 0 exception(s); 56eab7d4-40e2-4b28-9c72-53449258b8a2@group-3C260A0191AA:t47, leader=null, voted=56eab7d4-40e2-4b28-9c72-53449258b8a2, raftlog=56eab7d4-40e2-4b28-9c72-53449258b8a2@group-3C260A0191AA-SegmentedRaftLog:OPENED:c3,f4,i4, conf=0: [e63c905b-6e24-4a59-beee-02f8929d0b77:192.168.69.125:42235, 56eab7d4-40e2-4b28-9c72-53449258b8a2:192.168.69.125:37820, 06992730-799e-49b1-b4b4-a9e995f4f1fe:192.168.69.125:34681], old=null
2019-10-18 05:11:45,072 [56eab7d4-40e2-4b28-9c72-53449258b8a2@group-3C260A0191AA-LeaderElection52] INFO  impl.RaftServerImpl (RaftServerImpl.java:setRole(184)) - 56eab7d4-40e2-4b28-9c72-53449258b8a2@group-3C260A0191AA: changes role from CANDIDATE to FOLLOWER at term 47 for DISCOVERED_A_NEW_TERM
2019-10-18 05:11:45,072 [56eab7d4-40e2-4b28-9c72-53449258b8a2@group-3C260A0191AA-LeaderElection52] INFO  impl.RoleInfo (RoleInfo.java:shutdownLeaderElection(134)) - 56eab7d4-40e2-4b28-9c72-53449258b8a2: shutdown LeaderElection
2019-10-18 05:11:45,072 [56eab7d4-40e2-4b28-9c72-53449258b8a2@group-3C260A0191AA-LeaderElection52] INFO  impl.RoleInfo (RoleInfo.java:updateAndGet(143)) - 56eab7d4-40e2-4b28-9c72-53449258b8a2: start FollowerState
2019-10-18 05:11:45,202 [Thread-891] INFO  impl.FollowerState (FollowerState.java:run(108)) - 56eab7d4-40e2-4b28-9c72-53449258b8a2@group-3C260A0191AA-FollowerState: change to CANDIDATE, lastRpcTime:129ms, electionTimeout:129ms
2019-10-18 05:11:45,202 [Thread-891] INFO  impl.RoleInfo (RoleInfo.java:shutdownFollowerState(121)) - 56eab7d4-40e2-4b28-9c72-53449258b8a2: shutdown FollowerState
2019-10-18 05:11:45,202 [Thread-891] INFO  impl.RaftServerImpl (RaftServerImpl.java:setRole(184)) - 56eab7d4-40e2-4b28-9c72-53449258b8a2@group-3C260A0191AA: changes role from  FOLLOWER to CANDIDATE at term 47 for changeToCandidate
2019-10-18 05:11:45,202 [Thread-891] INFO  impl.RoleInfo (RoleInfo.java:updateAndGet(143)) - 56eab7d4-40e2-4b28-9c72-53449258b8a2: start LeaderElection
2019-10-18 05:11:45,224 [56eab7d4-40e2-4b28-9c72-53449258b8a2@group-3C260A0191AA-LeaderElection53] INFO  impl.LeaderElection (LeaderElection.java:askForVotes(178)) - 56eab7d4-40e2-4b28-9c72-53449258b8a2@group-3C260A0191AA-LeaderElection53: begin an election at term 48 for 0: [e63c905b-6e24-4a59-beee-02f8929d0b77:192.168.69.125:42235, 56eab7d4-40e2-4b28-9c72-53449258b8a2:192.168.69.125:37820, 06992730-799e-49b1-b4b4-a9e995f4f1fe:192.168.69.125:34681], old=null
2019-10-18 05:11:45,227 [grpc-default-executor-6] INFO  impl.RaftServerImpl (RaftServerImpl.java:setRole(184)) - e63c905b-6e24-4a59-beee-02f8929d0b77@group-3C260A0191AA: changes role from  FOLLOWER to FOLLOWER at term 48 for recognizeCandidate:56eab7d4-40e2-4b28-9c72-53449258b8a2
2019-10-18 05:11:45,227 [grpc-default-executor-6] INFO  impl.RoleInfo (RoleInfo.java:shutdownFollowerState(121)) - e63c905b-6e24-4a59-beee-02f8929d0b77: shutdown FollowerState
2019-10-18 05:11:45,227 [grpc-default-executor-6] INFO  impl.RoleInfo (RoleInfo.java:updateAndGet(143)) - e63c905b-6e24-4a59-beee-02f8929d0b77: start FollowerState
2019-10-18 05:11:45,227 [Thread-890] INFO  impl.FollowerState (FollowerState.java:run(117)) - e63c905b-6e24-4a59-beee-02f8929d0b77@group-3C260A0191AA-FollowerState was interrupted: java.lang.InterruptedException: sleep interrupted
2019-10-18 05:11:45,228 [grpc-default-executor-5] INFO  impl.RaftServerImpl (RaftServerImpl.java:setRole(184)) - 06992730-799e-49b1-b4b4-a9e995f4f1fe@group-3C260A0191AA: changes role from  FOLLOWER to FOLLOWER at term 48 for recognizeCandidate:56eab7d4-40e2-4b28-9c72-53449258b8a2
2019-10-18 05:11:45,228 [grpc-default-executor-5] INFO  impl.RoleInfo (RoleInfo.java:shutdownFollowerState(121)) - 06992730-799e-49b1-b4b4-a9e995f4f1fe: shutdown FollowerState
2019-10-18 05:11:45,228 [grpc-default-executor-5] INFO  impl.RoleInfo (RoleInfo.java:updateAndGet(143)) - 06992730-799e-49b1-b4b4-a9e995f4f1fe: start FollowerState
2019-10-18 05:11:45,228 [Thread-889] INFO  impl.FollowerState (FollowerState.java:run(117)) - 06992730-799e-49b1-b4b4-a9e995f4f1fe@group-3C260A0191AA-FollowerState was interrupted: java.lang.InterruptedException: sleep interrupted
2019-10-18 05:11:45,242 [56eab7d4-40e2-4b28-9c72-53449258b8a2@group-3C260A0191AA-LeaderElection53] INFO  impl.LeaderElection (LeaderElection.java:logAndReturn(56)) - 56eab7d4-40e2-4b28-9c72-53449258b8a2@group-3C260A0191AA-LeaderElection53: Election REJECTED; received 2 response(s) [56eab7d4-40e2-4b28-9c72-53449258b8a2<-e63c905b-6e24-4a59-beee-02f8929d0b77#0:FAIL-t48, 56eab7d4-40e2-4b28-9c72-53449258b8a2<-06992730-799e-49b1-b4b4-a9e995f4f1fe#0:FAIL-t48] and 0 exception(s); 56eab7d4-40e2-4b28-9c72-53449258b8a2@group-3C260A0191AA:t48, leader=null, voted=56eab7d4-40e2-4b28-9c72-53449258b8a2, raftlog=56eab7d4-40e2-4b28-9c72-53449258b8a2@group-3C260A0191AA-SegmentedRaftLog:OPENED:c3,f4,i4, conf=0: [e63c905b-6e24-4a59-beee-02f8929d0b77:192.168.69.125:42235, 56eab7d4-40e2-4b28-9c72-53449258b8a2:192.168.69.125:37820, 06992730-799e-49b1-b4b4-a9e995f4f1fe:192.168.69.125:34681], old=null
2019-10-18 05:11:45,243 [56eab7d4-40e2-4b28-9c72-53449258b8a2@group-3C260A0191AA-LeaderElection53] INFO  impl.RaftServerImpl (RaftServerImpl.java:setRole(184)) - 56eab7d4-40e2-4b28-9c72-53449258b8a2@group-3C260A0191AA: changes role from CANDIDATE to FOLLOWER at term 48 for DISCOVERED_A_NEW_TERM
2019-10-18 05:11:45,243 [56eab7d4-40e2-4b28-9c72-53449258b8a2@group-3C260A0191AA-LeaderElection53] INFO  impl.RoleInfo (RoleInfo.java:shutdownLeaderElection(134)) - 56eab7d4-40e2-4b28-9c72-53449258b8a2: shutdown LeaderElection
2019-10-18 05:11:45,243 [56eab7d4-40e2-4b28-9c72-53449258b8a2@group-3C260A0191AA-LeaderElection53] INFO  impl.RoleInfo (RoleInfo.java:updateAndGet(143)) - 56eab7d4-40e2-4b28-9c72-53449258b8a2: start FollowerState
2019-10-18 05:11:45,306 [Thread-898] INFO  impl.FollowerState (FollowerState.java:run(108)) - 56eab7d4-40e2-4b28-9c72-53449258b8a2@group-3C260A0191AA-FollowerState: change to CANDIDATE, lastRpcTime:63ms, electionTimeout:63ms
2019-10-18 05:11:45,306 [Thread-898] INFO  impl.RoleInfo (RoleInfo.java:shutdownFollowerState(121)) - 56eab7d4-40e2-4b28-9c72-53449258b8a2: shutdown FollowerState
2019-10-18 05:11:45,306 [Thread-898] INFO  impl.RaftServerImpl (RaftServerImpl.java:setRole(184)) - 56eab7d4-40e2-4b28-9c72-53449258b8a2@group-3C260A0191AA: changes role from  FOLLOWER to CANDIDATE at term 48 for changeToCandidate
2019-10-18 05:11:45,306 [Thread-898] INFO  impl.RoleInfo (RoleInfo.java:updateAndGet(143)) - 56eab7d4-40e2-4b28-9c72-53449258b8a2: start LeaderElection
2019-10-18 05:11:45,321 [56eab7d4-40e2-4b28-9c72-53449258b8a2@group-3C260A0191AA-LeaderElection54] INFO  impl.LeaderElection (LeaderElection.java:askForVotes(178)) - 56eab7d4-40e2-4b28-9c72-53449258b8a2@group-3C260A0191AA-LeaderElection54: begin an election at term 49 for 0: [e63c905b-6e24-4a59-beee-02f8929d0b77:192.168.69.125:42235, 56eab7d4-40e2-4b28-9c72-53449258b8a2:192.168.69.125:37820, 06992730-799e-49b1-b4b4-a9e995f4f1fe:192.168.69.125:34681], old=null
2019-10-18 05:11:45,323 [grpc-default-executor-6] INFO  impl.RaftServerImpl (RaftServerImpl.java:setRole(184)) - e63c905b-6e24-4a59-beee-02f8929d0b77@group-3C260A0191AA: changes role from  FOLLOWER to FOLLOWER at term 49 for recognizeCandidate:56eab7d4-40e2-4b28-9c72-53449258b8a2
2019-10-18 05:11:45,323 [grpc-default-executor-5] INFO  impl.RaftServerImpl (RaftServerImpl.java:setRole(184)) - 06992730-799e-49b1-b4b4-a9e995f4f1fe@group-3C260A0191AA: changes role from  FOLLOWER to FOLLOWER at term 49 for recognizeCandidate:56eab7d4-40e2-4b28-9c72-53449258b8a2
2019-10-18 05:11:45,324 [grpc-default-executor-6] INFO  impl.RoleInfo (RoleInfo.java:shutdownFollowerState(121)) - e63c905b-6e24-4a59-beee-02f8929d0b77: shutdown FollowerState
2019-10-18 05:11:45,324 [grpc-default-executor-5] INFO  impl.RoleInfo (RoleInfo.java:shutdownFollowerState(121)) - 06992730-799e-49b1-b4b4-a9e995f4f1fe: shutdown FollowerState
2019-10-18 05:11:45,324 [grpc-default-executor-6] INFO  impl.RoleInfo (RoleInfo.java:updateAndGet(143)) - e63c905b-6e24-4a59-beee-02f8929d0b77: start FollowerState
2019-10-18 05:11:45,324 [Thread-897] INFO  impl.FollowerState (FollowerState.java:run(117)) - 06992730-799e-49b1-b4b4-a9e995f4f1fe@group-3C260A0191AA-FollowerState was interrupted: java.lang.InterruptedException: sleep interrupted
2019-10-18 05:11:45,324 [grpc-default-executor-5] INFO  impl.RoleInfo (RoleInfo.java:updateAndGet(143)) - 06992730-799e-49b1-b4b4-a9e995f4f1fe: start FollowerState
2019-10-18 05:11:45,324 [Thread-896] INFO  impl.FollowerState (FollowerState.java:run(117)) - e63c905b-6e24-4a59-beee-02f8929d0b77@group-3C260A0191AA-FollowerState was interrupted: java.lang.InterruptedException: sleep interrupted
2019-10-18 05:11:45,336 [56eab7d4-40e2-4b28-9c72-53449258b8a2@group-3C260A0191AA-LeaderElection54] INFO  impl.LeaderElection (LeaderElection.java:logAndReturn(56)) - 56eab7d4-40e2-4b28-9c72-53449258b8a2@group-3C260A0191AA-LeaderElection54: Election TIMEOUT; received 0 response(s) [] and 0 exception(s); 56eab7d4-40e2-4b28-9c72-53449258b8a2@group-3C260A0191AA:t49, leader=null, voted=56eab7d4-40e2-4b28-9c72-53449258b8a2, raftlog=56eab7d4-40e2-4b28-9c72-53449258b8a2@group-3C260A0191AA-SegmentedRaftLog:OPENED:c3,f4,i4, conf=0: [e63c905b-6e24-4a59-beee-02f8929d0b77:192.168.69.125:42235, 56eab7d4-40e2-4b28-9c72-53449258b8a2:192.168.69.125:37820, 06992730-799e-49b1-b4b4-a9e995f4f1fe:192.168.69.125:34681], old=null
2019-10-18 05:11:45,339 [56eab7d4-40e2-4b28-9c72-53449258b8a2@group-3C260A0191AA-LeaderElection54] INFO  impl.LeaderElection (LeaderElection.java:askForVotes(178)) - 56eab7d4-40e2-4b28-9c72-53449258b8a2@group-3C260A0191AA-LeaderElection54: begin an election at term 50 for 0: [e63c905b-6e24-4a59-beee-02f8929d0b77:192.168.69.125:42235, 56eab7d4-40e2-4b28-9c72-53449258b8a2:192.168.69.125:37820, 06992730-799e-49b1-b4b4-a9e995f4f1fe:192.168.69.125:34681], old=null
2019-10-18 05:11:45,341 [grpc-default-executor-5] INFO  impl.RaftServerImpl (RaftServerImpl.java:setRole(184)) - 06992730-799e-49b1-b4b4-a9e995f4f1fe@group-3C260A0191AA: changes role from  FOLLOWER to FOLLOWER at term 50 for recognizeCandidate:56eab7d4-40e2-4b28-9c72-53449258b8a2
2019-10-18 05:11:45,341 [grpc-default-executor-6] INFO  impl.RaftServerImpl (RaftServerImpl.java:setRole(184)) - e63c905b-6e24-4a59-beee-02f8929d0b77@group-3C260A0191AA: changes role from  FOLLOWER to FOLLOWER at term 50 for recognizeCandidate:56eab7d4-40e2-4b28-9c72-53449258b8a2
2019-10-18 05:11:45,341 [grpc-default-executor-5] INFO  impl.RoleInfo (RoleInfo.java:shutdownFollowerState(121)) - 06992730-799e-49b1-b4b4-a9e995f4f1fe: shutdown FollowerState
2019-10-18 05:11:45,341 [grpc-default-executor-6] INFO  impl.RoleInfo (RoleInfo.java:shutdownFollowerState(121)) - e63c905b-6e24-4a59-beee-02f8929d0b77: shutdown FollowerState
2019-10-18 05:11:45,341 [Thread-903] INFO  impl.FollowerState (FollowerState.java:run(117)) - 06992730-799e-49b1-b4b4-a9e995f4f1fe@group-3C260A0191AA-FollowerState was interrupted: java.lang.InterruptedException: sleep interrupted
2019-10-18 05:11:45,341 [grpc-default-executor-5] INFO  impl.RoleInfo (RoleInfo.java:updateAndGet(143)) - 06992730-799e-49b1-b4b4-a9e995f4f1fe: start FollowerState
2019-10-18 05:11:45,342 [Thread-902] INFO  impl.FollowerState (FollowerState.java:run(117)) - e63c905b-6e24-4a59-beee-02f8929d0b77@group-3C260A0191AA-FollowerState was interrupted: java.lang.InterruptedException: sleep interrupted
2019-10-18 05:11:45,341 [grpc-default-executor-6] INFO  impl.RoleInfo (RoleInfo.java:updateAndGet(143)) - e63c905b-6e24-4a59-beee-02f8929d0b77: start FollowerState
2019-10-18 05:11:45,343 [56eab7d4-40e2-4b28-9c72-53449258b8a2@group-3C260A0191AA-LeaderElection54] INFO  impl.LeaderElection (LeaderElection.java:logAndReturn(56)) - 56eab7d4-40e2-4b28-9c72-53449258b8a2@group-3C260A0191AA-LeaderElection54: Election TIMEOUT; received 0 response(s) [] and 0 exception(s); 56eab7d4-40e2-4b28-9c72-53449258b8a2@group-3C260A0191AA:t50, leader=null, voted=56eab7d4-40e2-4b28-9c72-53449258b8a2, raftlog=56eab7d4-40e2-4b28-9c72-53449258b8a2@group-3C260A0191AA-SegmentedRaftLog:OPENED:c3,f4,i4, conf=0: [e63c905b-6e24-4a59-beee-02f8929d0b77:192.168.69.125:42235, 56eab7d4-40e2-4b28-9c72-53449258b8a2:192.168.69.125:37820, 06992730-799e-49b1-b4b4-a9e995f4f1fe:192.168.69.125:34681], old=null
2019-10-18 05:11:45,355 [56eab7d4-40e2-4b28-9c72-53449258b8a2@group-3C260A0191AA-LeaderElection54] INFO  impl.LeaderElection (LeaderElection.java:askForVotes(178)) - 56eab7d4-40e2-4b28-9c72-53449258b8a2@group-3C260A0191AA-LeaderElection54: begin an election at term 51 for 0: [e63c905b-6e24-4a59-beee-02f8929d0b77:192.168.69.125:42235, 56eab7d4-40e2-4b28-9c72-53449258b8a2:192.168.69.125:37820, 06992730-799e-49b1-b4b4-a9e995f4f1fe:192.168.69.125:34681], old=null
2019-10-18 05:11:45,356 [grpc-default-executor-5] INFO  impl.RaftServerImpl (RaftServerImpl.java:setRole(184)) - e63c905b-6e24-4a59-beee-02f8929d0b77@group-3C260A0191AA: changes role from  FOLLOWER to FOLLOWER at term 51 for recognizeCandidate:56eab7d4-40e2-4b28-9c72-53449258b8a2
2019-10-18 05:11:45,356 [grpc-default-executor-5] INFO  impl.RoleInfo (RoleInfo.java:shutdownFollowerState(121)) - e63c905b-6e24-4a59-beee-02f8929d0b77: shutdown FollowerState
2019-10-18 05:11:45,356 [grpc-default-executor-5] INFO  impl.RoleInfo (RoleInfo.java:updateAndGet(143)) - e63c905b-6e24-4a59-beee-02f8929d0b77: start FollowerState
2019-10-18 05:11:45,356 [Thread-907] INFO  impl.FollowerState (FollowerState.java:run(117)) - e63c905b-6e24-4a59-beee-02f8929d0b77@group-3C260A0191AA-FollowerState was interrupted: java.lang.InterruptedException: sleep interrupted
2019-10-18 05:11:45,357 [grpc-default-executor-6] INFO  impl.RaftServerImpl (RaftServerImpl.java:setRole(184)) - 06992730-799e-49b1-b4b4-a9e995f4f1fe@group-3C260A0191AA: changes role from  FOLLOWER to FOLLOWER at term 51 for recognizeCandidate:56eab7d4-40e2-4b28-9c72-53449258b8a2
2019-10-18 05:11:45,357 [grpc-default-executor-6] INFO  impl.RoleInfo (RoleInfo.java:shutdownFollowerState(121)) - 06992730-799e-49b1-b4b4-a9e995f4f1fe: shutdown FollowerState
2019-10-18 05:11:45,357 [grpc-default-executor-6] INFO  impl.RoleInfo (RoleInfo.java:updateAndGet(143)) - 06992730-799e-49b1-b4b4-a9e995f4f1fe: start FollowerState
2019-10-18 05:11:45,357 [Thread-906] INFO  impl.FollowerState (FollowerState.java:run(117)) - 06992730-799e-49b1-b4b4-a9e995f4f1fe@group-3C260A0191AA-FollowerState was interrupted: java.lang.InterruptedException: sleep interrupted
2019-10-18 05:11:45,371 [56eab7d4-40e2-4b28-9c72-53449258b8a2@group-3C260A0191AA-LeaderElection54] INFO  impl.LeaderElection (LeaderElection.java:logAndReturn(56)) - 56eab7d4-40e2-4b28-9c72-53449258b8a2@group-3C260A0191AA-LeaderElection54: Election REJECTED; received 2 response(s) [56eab7d4-40e2-4b28-9c72-53449258b8a2<-e63c905b-6e24-4a59-beee-02f8929d0b77#0:FAIL-t51, 56eab7d4-40e2-4b28-9c72-53449258b8a2<-06992730-799e-49b1-b4b4-a9e995f4f1fe#0:FAIL-t51] and 0 exception(s); 56eab7d4-40e2-4b28-9c72-53449258b8a2@group-3C260A0191AA:t51, leader=null, voted=56eab7d4-40e2-4b28-9c72-53449258b8a2, raftlog=56eab7d4-40e2-4b28-9c72-53449258b8a2@group-3C260A0191AA-SegmentedRaftLog:OPENED:c3,f4,i4, conf=0: [e63c905b-6e24-4a59-beee-02f8929d0b77:192.168.69.125:42235, 56eab7d4-40e2-4b28-9c72-53449258b8a2:192.168.69.125:37820, 06992730-799e-49b1-b4b4-a9e995f4f1fe:192.168.69.125:34681], old=null
2019-10-18 05:11:45,371 [56eab7d4-40e2-4b28-9c72-53449258b8a2@group-3C260A0191AA-LeaderElection54] INFO  impl.RaftServerImpl (RaftServerImpl.java:setRole(184)) - 56eab7d4-40e2-4b28-9c72-53449258b8a2@group-3C260A0191AA: changes role from CANDIDATE to FOLLOWER at term 51 for DISCOVERED_A_NEW_TERM
2019-10-18 05:11:45,371 [56eab7d4-40e2-4b28-9c72-53449258b8a2@group-3C260A0191AA-LeaderElection54] INFO  impl.RoleInfo (RoleInfo.java:shutdownLeaderElection(134)) - 56eab7d4-40e2-4b28-9c72-53449258b8a2: shutdown LeaderElection
2019-10-18 05:11:45,371 [56eab7d4-40e2-4b28-9c72-53449258b8a2@group-3C260A0191AA-LeaderElection54] INFO  impl.RoleInfo (RoleInfo.java:updateAndGet(143)) - 56eab7d4-40e2-4b28-9c72-53449258b8a2: start FollowerState
2019-10-18 05:11:45,398 [Thread-914] INFO  client.GrpcClientProtocolService (GrpcClientProtocolService.java:lambda$processClientRequest$0(278)) - Failed RaftClientRequest:client-46808F7408E0->e63c905b-6e24-4a59-beee-02f8929d0b77@group-3C260A0191AA, cid=10, seq=0, Watch-ALL_COMMITTED(6), Message:<EMPTY>, reply=RaftClientReply:client-46808F7408E0->e63c905b-6e24-4a59-beee-02f8929d0b77@group-3C260A0191AA, cid=10, FAILED org.apache.ratis.protocol.NotLeaderException: Server e63c905b-6e24-4a59-beee-02f8929d0b77@group-3C260A0191AA is not the leader, logIndex=0, commits[e63c905b-6e24-4a59-beee-02f8929d0b77:c10, 56eab7d4-40e2-4b28-9c72-53449258b8a2:c4, 06992730-799e-49b1-b4b4-a9e995f4f1fe:c10]
2019-10-18 05:11:45,522 [Thread-912] INFO  impl.FollowerState (FollowerState.java:run(108)) - 56eab7d4-40e2-4b28-9c72-53449258b8a2@group-3C260A0191AA-FollowerState: change to CANDIDATE, lastRpcTime:150ms, electionTimeout:150ms
2019-10-18 05:11:45,522 [Thread-912] INFO  impl.RoleInfo (RoleInfo.java:shutdownFollowerState(121)) - 56eab7d4-40e2-4b28-9c72-53449258b8a2: shutdown FollowerState
2019-10-18 05:11:45,522 [Thread-912] INFO  impl.RaftServerImpl (RaftServerImpl.java:setRole(184)) - 56eab7d4-40e2-4b28-9c72-53449258b8a2@group-3C260A0191AA: changes role from  FOLLOWER to CANDIDATE at term 51 for changeToCandidate
2019-10-18 05:11:45,522 [Thread-912] INFO  impl.RoleInfo (RoleInfo.java:updateAndGet(143)) - 56eab7d4-40e2-4b28-9c72-53449258b8a2: start LeaderElection
2019-10-18 05:11:45,535 [56eab7d4-40e2-4b28-9c72-53449258b8a2@group-3C260A0191AA-LeaderElection55] INFO  impl.LeaderElection (LeaderElection.java:askForVotes(178)) - 56eab7d4-40e2-4b28-9c72-53449258b8a2@group-3C260A0191AA-LeaderElection55: begin an election at term 52 for 0: [e63c905b-6e24-4a59-beee-02f8929d0b77:192.168.69.125:42235, 56eab7d4-40e2-4b28-9c72-53449258b8a2:192.168.69.125:37820, 06992730-799e-49b1-b4b4-a9e995f4f1fe:192.168.69.125:34681], old=null
2019-10-18 05:11:45,538 [grpc-default-executor-6] INFO  impl.RaftServerImpl (RaftServerImpl.java:setRole(184)) - e63c905b-6e24-4a59-beee-02f8929d0b77@group-3C260A0191AA: changes role from  FOLLOWER to FOLLOWER at term 52 for recognizeCandidate:56eab7d4-40e2-4b28-9c72-53449258b8a2
2019-10-18 05:11:45,538 [grpc-default-executor-5] INFO  impl.RaftServerImpl (RaftServerImpl.java:setRole(184)) - 06992730-799e-49b1-b4b4-a9e995f4f1fe@group-3C260A0191AA: changes role from  FOLLOWER to FOLLOWER at term 52 for recognizeCandidate:56eab7d4-40e2-4b28-9c72-53449258b8a2
2019-10-18 05:11:45,538 [grpc-default-executor-6] INFO  impl.RoleInfo (RoleInfo.java:shutdownFollowerState(121)) - e63c905b-6e24-4a59-beee-02f8929d0b77: shutdown FollowerState
2019-10-18 05:11:45,538 [grpc-default-executor-5] INFO  impl.RoleInfo (RoleInfo.java:shutdownFollowerState(121)) - 06992730-799e-49b1-b4b4-a9e995f4f1fe: shutdown FollowerState
2019-10-18 05:11:45,539 [grpc-default-executor-6] INFO  impl.RoleInfo (RoleInfo.java:updateAndGet(143)) - e63c905b-6e24-4a59-beee-02f8929d0b77: start FollowerState
2019-10-18 05:11:45,539 [Thread-910] INFO  impl.FollowerState (FollowerState.java:run(117)) - e63c905b-6e24-4a59-beee-02f8929d0b77@group-3C260A0191AA-FollowerState was interrupted: java.lang.InterruptedException: sleep interrupted
2019-10-18 05:11:45,539 [grpc-default-executor-5] INFO  impl.RoleInfo (RoleInfo.java:updateAndGet(143)) - 06992730-799e-49b1-b4b4-a9e995f4f1fe: start FollowerState
2019-10-18 05:11:45,539 [Thread-911] INFO  impl.FollowerState (FollowerState.java:run(117)) - 06992730-799e-49b1-b4b4-a9e995f4f1fe@group-3C260A0191AA-FollowerState was interrupted: java.lang.InterruptedException: sleep interrupted
2019-10-18 05:11:45,553 [56eab7d4-40e2-4b28-9c72-53449258b8a2@group-3C260A0191AA-LeaderElection55] INFO  impl.LeaderElection (LeaderElection.java:logAndReturn(56)) - 56eab7d4-40e2-4b28-9c72-53449258b8a2@group-3C260A0191AA-LeaderElection55: Election REJECTED; received 2 response(s) [56eab7d4-40e2-4b28-9c72-53449258b8a2<-e63c905b-6e24-4a59-beee-02f8929d0b77#0:FAIL-t52, 56eab7d4-40e2-4b28-9c72-53449258b8a2<-06992730-799e-49b1-b4b4-a9e995f4f1fe#0:FAIL-t52] and 0 exception(s); 56eab7d4-40e2-4b28-9c72-53449258b8a2@group-3C260A0191AA:t52, leader=null, voted=56eab7d4-40e2-4b28-9c72-53449258b8a2, raftlog=56eab7d4-40e2-4b28-9c72-53449258b8a2@group-3C260A0191AA-SegmentedRaftLog:OPENED:c3,f4,i4, conf=0: [e63c905b-6e24-4a59-beee-02f8929d0b77:192.168.69.125:42235, 56eab7d4-40e2-4b28-9c72-53449258b8a2:192.168.69.125:37820, 06992730-799e-49b1-b4b4-a9e995f4f1fe:192.168.69.125:34681], old=null
2019-10-18 05:11:45,553 [56eab7d4-40e2-4b28-9c72-53449258b8a2@group-3C260A0191AA-LeaderElection55] INFO  impl.RaftServerImpl (RaftServerImpl.java:setRole(184)) - 56eab7d4-40e2-4b28-9c72-53449258b8a2@group-3C260A0191AA: changes role from CANDIDATE to FOLLOWER at term 52 for DISCOVERED_A_NEW_TERM
2019-10-18 05:11:45,553 [56eab7d4-40e2-4b28-9c72-53449258b8a2@group-3C260A0191AA-LeaderElection55] INFO  impl.RoleInfo (RoleInfo.java:shutdownLeaderElection(134)) - 56eab7d4-40e2-4b28-9c72-53449258b8a2: shutdown LeaderElection
2019-10-18 05:11:45,553 [56eab7d4-40e2-4b28-9c72-53449258b8a2@group-3C260A0191AA-LeaderElection55] INFO  impl.RoleInfo (RoleInfo.java:updateAndGet(143)) - 56eab7d4-40e2-4b28-9c72-53449258b8a2: start FollowerState
2019-10-18 05:11:45,670 [Thread-921] INFO  impl.FollowerState (FollowerState.java:run(108)) - 56eab7d4-40e2-4b28-9c72-53449258b8a2@group-3C260A0191AA-FollowerState: change to CANDIDATE, lastRpcTime:117ms, electionTimeout:117ms
2019-10-18 05:11:45,670 [Thread-921] INFO  impl.RoleInfo (RoleInfo.java:shutdownFollowerState(121)) - 56eab7d4-40e2-4b28-9c72-53449258b8a2: shutdown FollowerState
2019-10-18 05:11:45,671 [Thread-921] INFO  impl.RaftServerImpl (RaftServerImpl.java:setRole(184)) - 56eab7d4-40e2-4b28-9c72-53449258b8a2@group-3C260A0191AA: changes role from  FOLLOWER to CANDIDATE at term 52 for changeToCandidate
2019-10-18 05:11:45,671 [Thread-921] INFO  impl.RoleInfo (RoleInfo.java:updateAndGet(143)) - 56eab7d4-40e2-4b28-9c72-53449258b8a2: start LeaderElection
2019-10-18 05:11:45,685 [56eab7d4-40e2-4b28-9c72-53449258b8a2@group-3C260A0191AA-LeaderElection56] INFO  impl.LeaderElection (LeaderElection.java:askForVotes(178)) - 56eab7d4-40e2-4b28-9c72-53449258b8a2@group-3C260A0191AA-LeaderElection56: begin an election at term 53 for 0: [e63c905b-6e24-4a59-beee-02f8929d0b77:192.168.69.125:42235, 56eab7d4-40e2-4b28-9c72-53449258b8a2:192.168.69.125:37820, 06992730-799e-49b1-b4b4-a9e995f4f1fe:192.168.69.125:34681], old=null
2019-10-18 05:11:45,688 [grpc-default-executor-6] INFO  impl.RaftServerImpl (RaftServerImpl.java:setRole(184)) - e63c905b-6e24-4a59-beee-02f8929d0b77@group-3C260A0191AA: changes role from  FOLLOWER to FOLLOWER at term 53 for recognizeCandidate:56eab7d4-40e2-4b28-9c72-53449258b8a2
2019-10-18 05:11:45,688 [grpc-default-executor-6] INFO  impl.RoleInfo (RoleInfo.java:shutdownFollowerState(121)) - e63c905b-6e24-4a59-beee-02f8929d0b77: shutdown FollowerState
2019-10-18 05:11:45,688 [grpc-default-executor-5] INFO  impl.RaftServerImpl (RaftServerImpl.java:setRole(184)) - 06992730-799e-49b1-b4b4-a9e995f4f1fe@group-3C260A0191AA: changes role from  FOLLOWER to FOLLOWER at term 53 for recognizeCandidate:56eab7d4-40e2-4b28-9c72-53449258b8a2
2019-10-18 05:11:45,688 [Thread-919] INFO  impl.FollowerState (FollowerState.java:run(117)) - e63c905b-6e24-4a59-beee-02f8929d0b77@group-3C260A0191AA-FollowerState was interrupted: java.lang.InterruptedException: sleep interrupted
2019-10-18 05:11:45,688 [grpc-default-executor-6] INFO  impl.RoleInfo (RoleInfo.java:updateAndGet(143)) - e63c905b-6e24-4a59-beee-02f8929d0b77: start FollowerState
2019-10-18 05:11:45,688 [grpc-default-executor-5] INFO  impl.RoleInfo (RoleInfo.java:shutdownFollowerState(121)) - 06992730-799e-49b1-b4b4-a9e995f4f1fe: shutdown FollowerState
2019-10-18 05:11:45,689 [Thread-920] INFO  impl.FollowerState (FollowerState.java:run(117)) - 06992730-799e-49b1-b4b4-a9e995f4f1fe@group-3C260A0191AA-FollowerState was interrupted: java.lang.InterruptedException: sleep interrupted
2019-10-18 05:11:45,689 [grpc-default-executor-5] INFO  impl.RoleInfo (RoleInfo.java:updateAndGet(143)) - 06992730-799e-49b1-b4b4-a9e995f4f1fe: start FollowerState
2019-10-18 05:11:45,716 [56eab7d4-40e2-4b28-9c72-53449258b8a2@group-3C260A0191AA-LeaderElection56] INFO  impl.LeaderElection (LeaderElection.java:logAndReturn(56)) - 56eab7d4-40e2-4b28-9c72-53449258b8a2@group-3C260A0191AA-LeaderElection56: Election REJECTED; received 2 response(s) [56eab7d4-40e2-4b28-9c72-53449258b8a2<-e63c905b-6e24-4a59-beee-02f8929d0b77#0:FAIL-t53, 56eab7d4-40e2-4b28-9c72-53449258b8a2<-06992730-799e-49b1-b4b4-a9e995f4f1fe#0:FAIL-t53] and 0 exception(s); 56eab7d4-40e2-4b28-9c72-53449258b8a2@group-3C260A0191AA:t53, leader=null, voted=56eab7d4-40e2-4b28-9c72-53449258b8a2, raftlog=56eab7d4-40e2-4b28-9c72-53449258b8a2@group-3C260A0191AA-SegmentedRaftLog:OPENED:c3,f4,i4, conf=0: [e63c905b-6e24-4a59-beee-02f8929d0b77:192.168.69.125:42235, 56eab7d4-40e2-4b28-9c72-53449258b8a2:192.168.69.125:37820, 06992730-799e-49b1-b4b4-a9e995f4f1fe:192.168.69.125:34681], old=null
2019-10-18 05:11:45,716 [56eab7d4-40e2-4b28-9c72-53449258b8a2@group-3C260A0191AA-LeaderElection56] INFO  impl.RaftServerImpl (RaftServerImpl.java:setRole(184)) - 56eab7d4-40e2-4b28-9c72-53449258b8a2@group-3C260A0191AA: changes role from CANDIDATE to FOLLOWER at term 53 for DISCOVERED_A_NEW_TERM
2019-10-18 05:11:45,716 [56eab7d4-40e2-4b28-9c72-53449258b8a2@group-3C260A0191AA-LeaderElection56] INFO  impl.RoleInfo (RoleInfo.java:shutdownLeaderElection(134)) - 56eab7d4-40e2-4b28-9c72-53449258b8a2: shutdown LeaderElection
2019-10-18 05:11:45,717 [56eab7d4-40e2-4b28-9c72-53449258b8a2@group-3C260A0191AA-LeaderElection56] INFO  impl.RoleInfo (RoleInfo.java:updateAndGet(143)) - 56eab7d4-40e2-4b28-9c72-53449258b8a2: start FollowerState
2019-10-18 05:11:45,727 [Thread-927] INFO  impl.FollowerState (FollowerState.java:run(108)) - 56eab7d4-40e2-4b28-9c72-53449258b8a2@group-3C260A0191AA-FollowerState: change to CANDIDATE, lastRpcTime:10ms, electionTimeout:10ms
2019-10-18 05:11:45,727 [Thread-927] INFO  impl.RoleInfo (RoleInfo.java:shutdownFollowerState(121)) - 56eab7d4-40e2-4b28-9c72-53449258b8a2: shutdown FollowerState
2019-10-18 05:11:45,727 [Thread-927] INFO  impl.RaftServerImpl (RaftServerImpl.java:setRole(184)) - 56eab7d4-40e2-4b28-9c72-53449258b8a2@group-3C260A0191AA: changes role from  FOLLOWER to CANDIDATE at term 53 for changeToCandidate
2019-10-18 05:11:45,727 [Thread-927] INFO  impl.RoleInfo (RoleInfo.java:updateAndGet(143)) - 56eab7d4-40e2-4b28-9c72-53449258b8a2: start LeaderElection
2019-10-18 05:11:45,740 [56eab7d4-40e2-4b28-9c72-53449258b8a2@group-3C260A0191AA-LeaderElection57] INFO  impl.LeaderElection (LeaderElection.java:askForVotes(178)) - 56eab7d4-40e2-4b28-9c72-53449258b8a2@group-3C260A0191AA-LeaderElection57: begin an election at term 54 for 0: [e63c905b-6e24-4a59-beee-02f8929d0b77:192.168.69.125:42235, 56eab7d4-40e2-4b28-9c72-53449258b8a2:192.168.69.125:37820, 06992730-799e-49b1-b4b4-a9e995f4f1fe:192.168.69.125:34681], old=null
2019-10-18 05:11:45,743 [grpc-default-executor-6] INFO  impl.RaftServerImpl (RaftServerImpl.java:setRole(184)) - e63c905b-6e24-4a59-beee-02f8929d0b77@group-3C260A0191AA: changes role from  FOLLOWER to FOLLOWER at term 54 for recognizeCandidate:56eab7d4-40e2-4b28-9c72-53449258b8a2
2019-10-18 05:11:45,743 [grpc-default-executor-5] INFO  impl.RaftServerImpl (RaftServerImpl.java:setRole(184)) - 06992730-799e-49b1-b4b4-a9e995f4f1fe@group-3C260A0191AA: changes role from  FOLLOWER to FOLLOWER at term 54 for recognizeCandidate:56eab7d4-40e2-4b28-9c72-53449258b8a2
2019-10-18 05:11:45,743 [grpc-default-executor-6] INFO  impl.RoleInfo (RoleInfo.java:shutdownFollowerState(121)) - e63c905b-6e24-4a59-beee-02f8929d0b77: shutdown FollowerState
2019-10-18 05:11:45,743 [grpc-default-executor-5] INFO  impl.RoleInfo (RoleInfo.java:shutdownFollowerState(121)) - 06992730-799e-49b1-b4b4-a9e995f4f1fe: shutdown FollowerState
2019-10-18 05:11:45,743 [Thread-925] INFO  impl.FollowerState (FollowerState.java:run(117)) - e63c905b-6e24-4a59-beee-02f8929d0b77@group-3C260A0191AA-FollowerState was interrupted: java.lang.InterruptedException: sleep interrupted
2019-10-18 05:11:45,744 [grpc-default-executor-5] INFO  impl.RoleInfo (RoleInfo.java:updateAndGet(143)) - 06992730-799e-49b1-b4b4-a9e995f4f1fe: start FollowerState
2019-10-18 05:11:45,744 [Thread-926] INFO  impl.FollowerState (FollowerState.java:run(117)) - 06992730-799e-49b1-b4b4-a9e995f4f1fe@group-3C260A0191AA-FollowerState was interrupted: java.lang.InterruptedException: sleep interrupted
2019-10-18 05:11:45,744 [grpc-default-executor-6] INFO  impl.RoleInfo (RoleInfo.java:updateAndGet(143)) - e63c905b-6e24-4a59-beee-02f8929d0b77: start FollowerState
2019-10-18 05:11:45,758 [56eab7d4-40e2-4b28-9c72-53449258b8a2@group-3C260A0191AA-LeaderElection57] INFO  impl.LeaderElection (LeaderElection.java:logAndReturn(56)) - 56eab7d4-40e2-4b28-9c72-53449258b8a2@group-3C260A0191AA-LeaderElection57: Election REJECTED; received 2 response(s) [56eab7d4-40e2-4b28-9c72-53449258b8a2<-e63c905b-6e24-4a59-beee-02f8929d0b77#0:FAIL-t54, 56eab7d4-40e2-4b28-9c72-53449258b8a2<-06992730-799e-49b1-b4b4-a9e995f4f1fe#0:FAIL-t54] and 0 exception(s); 56eab7d4-40e2-4b28-9c72-53449258b8a2@group-3C260A0191AA:t54, leader=null, voted=56eab7d4-40e2-4b28-9c72-53449258b8a2, raftlog=56eab7d4-40e2-4b28-9c72-53449258b8a2@group-3C260A0191AA-SegmentedRaftLog:OPENED:c3,f4,i4, conf=0: [e63c905b-6e24-4a59-beee-02f8929d0b77:192.168.69.125:42235, 56eab7d4-40e2-4b28-9c72-53449258b8a2:192.168.69.125:37820, 06992730-799e-49b1-b4b4-a9e995f4f1fe:192.168.69.125:34681], old=null
2019-10-18 05:11:45,759 [56eab7d4-40e2-4b28-9c72-53449258b8a2@group-3C260A0191AA-LeaderElection57] INFO  impl.RaftServerImpl (RaftServerImpl.java:setRole(184)) - 56eab7d4-40e2-4b28-9c72-53449258b8a2@group-3C260A0191AA: changes role from CANDIDATE to FOLLOWER at term 54 for DISCOVERED_A_NEW_TERM
2019-10-18 05:11:45,759 [56eab7d4-40e2-4b28-9c72-53449258b8a2@group-3C260A0191AA-LeaderElection57] INFO  impl.RoleInfo (RoleInfo.java:shutdownLeaderElection(134)) - 56eab7d4-40e2-4b28-9c72-53449258b8a2: shutdown LeaderElection
2019-10-18 05:11:45,759 [56eab7d4-40e2-4b28-9c72-53449258b8a2@group-3C260A0191AA-LeaderElection57] INFO  impl.RoleInfo (RoleInfo.java:updateAndGet(143)) - 56eab7d4-40e2-4b28-9c72-53449258b8a2: start FollowerState
2019-10-18 05:11:45,847 [Thread-933] INFO  impl.FollowerState (FollowerState.java:run(108)) - 56eab7d4-40e2-4b28-9c72-53449258b8a2@group-3C260A0191AA-FollowerState: change to CANDIDATE, lastRpcTime:88ms, electionTimeout:88ms
2019-10-18 05:11:45,848 [Thread-933] INFO  impl.RoleInfo (RoleInfo.java:shutdownFollowerState(121)) - 56eab7d4-40e2-4b28-9c72-53449258b8a2: shutdown FollowerState
2019-10-18 05:11:45,848 [Thread-933] INFO  impl.RaftServerImpl (RaftServerImpl.java:setRole(184)) - 56eab7d4-40e2-4b28-9c72-53449258b8a2@group-3C260A0191AA: changes role from  FOLLOWER to CANDIDATE at term 54 for changeToCandidate
2019-10-18 05:11:45,848 [Thread-933] INFO  impl.RoleInfo (RoleInfo.java:updateAndGet(143)) - 56eab7d4-40e2-4b28-9c72-53449258b8a2: start LeaderElection
2019-10-18 05:11:45,861 [56eab7d4-40e2-4b28-9c72-53449258b8a2@group-3C260A0191AA-LeaderElection58] INFO  impl.LeaderElection (LeaderElection.java:askForVotes(178)) - 56eab7d4-40e2-4b28-9c72-53449258b8a2@group-3C260A0191AA-LeaderElection58: begin an election at term 55 for 0: [e63c905b-6e24-4a59-beee-02f8929d0b77:192.168.69.125:42235, 56eab7d4-40e2-4b28-9c72-53449258b8a2:192.168.69.125:37820, 06992730-799e-49b1-b4b4-a9e995f4f1fe:192.168.69.125:34681], old=null
2019-10-18 05:11:45,863 [grpc-default-executor-5] INFO  impl.RaftServerImpl (RaftServerImpl.java:setRole(184)) - e63c905b-6e24-4a59-beee-02f8929d0b77@group-3C260A0191AA: changes role from  FOLLOWER to FOLLOWER at term 55 for recognizeCandidate:56eab7d4-40e2-4b28-9c72-53449258b8a2
2019-10-18 05:11:45,863 [grpc-default-executor-5] INFO  impl.RoleInfo (RoleInfo.java:shutdownFollowerState(121)) - e63c905b-6e24-4a59-beee-02f8929d0b77: shutdown FollowerState
2019-10-18 05:11:45,863 [grpc-default-executor-6] INFO  impl.RaftServerImpl (RaftServerImpl.java:setRole(184)) - 06992730-799e-49b1-b4b4-a9e995f4f1fe@group-3C260A0191AA: changes role from  FOLLOWER to FOLLOWER at term 55 for recognizeCandidate:56eab7d4-40e2-4b28-9c72-53449258b8a2
2019-10-18 05:11:45,863 [Thread-931] INFO  impl.FollowerState (FollowerState.java:run(117)) - e63c905b-6e24-4a59-beee-02f8929d0b77@group-3C260A0191AA-FollowerState was interrupted: java.lang.InterruptedException: sleep interrupted
2019-10-18 05:11:45,863 [grpc-default-executor-5] INFO  impl.RoleInfo (RoleInfo.java:updateAndGet(143)) - e63c905b-6e24-4a59-beee-02f8929d0b77: start FollowerState
2019-10-18 05:11:45,864 [grpc-default-executor-6] INFO  impl.RoleInfo (RoleInfo.java:shutdownFollowerState(121)) - 06992730-799e-49b1-b4b4-a9e995f4f1fe: shutdown FollowerState
2019-10-18 05:11:45,864 [Thread-932] INFO  impl.FollowerState (FollowerState.java:run(117)) - 06992730-799e-49b1-b4b4-a9e995f4f1fe@group-3C260A0191AA-FollowerState was interrupted: java.lang.InterruptedException: sleep interrupted
2019-10-18 05:11:45,864 [grpc-default-executor-6] INFO  impl.RoleInfo (RoleInfo.java:updateAndGet(143)) - 06992730-799e-49b1-b4b4-a9e995f4f1fe: start FollowerState
2019-10-18 05:11:45,878 [56eab7d4-40e2-4b28-9c72-53449258b8a2@group-3C260A0191AA-LeaderElection58] INFO  impl.LeaderElection (LeaderElection.java:logAndReturn(56)) - 56eab7d4-40e2-4b28-9c72-53449258b8a2@group-3C260A0191AA-LeaderElection58: Election REJECTED; received 2 response(s) [56eab7d4-40e2-4b28-9c72-53449258b8a2<-e63c905b-6e24-4a59-beee-02f8929d0b77#0:FAIL-t55, 56eab7d4-40e2-4b28-9c72-53449258b8a2<-06992730-799e-49b1-b4b4-a9e995f4f1fe#0:FAIL-t55] and 0 exception(s); 56eab7d4-40e2-4b28-9c72-53449258b8a2@group-3C260A0191AA:t55, leader=null, voted=56eab7d4-40e2-4b28-9c72-53449258b8a2, raftlog=56eab7d4-40e2-4b28-9c72-53449258b8a2@group-3C260A0191AA-SegmentedRaftLog:OPENED:c3,f4,i4, conf=0: [e63c905b-6e24-4a59-beee-02f8929d0b77:192.168.69.125:42235, 56eab7d4-40e2-4b28-9c72-53449258b8a2:192.168.69.125:37820, 06992730-799e-49b1-b4b4-a9e995f4f1fe:192.168.69.125:34681], old=null
2019-10-18 05:11:45,878 [56eab7d4-40e2-4b28-9c72-53449258b8a2@group-3C260A0191AA-LeaderElection58] INFO  impl.RaftServerImpl (RaftServerImpl.java:setRole(184)) - 56eab7d4-40e2-4b28-9c72-53449258b8a2@group-3C260A0191AA: changes role from CANDIDATE to FOLLOWER at term 55 for DISCOVERED_A_NEW_TERM
2019-10-18 05:11:45,878 [56eab7d4-40e2-4b28-9c72-53449258b8a2@group-3C260A0191AA-LeaderElection58] INFO  impl.RoleInfo (RoleInfo.java:shutdownLeaderElection(134)) - 56eab7d4-40e2-4b28-9c72-53449258b8a2: shutdown LeaderElection
2019-10-18 05:11:45,878 [56eab7d4-40e2-4b28-9c72-53449258b8a2@group-3C260A0191AA-LeaderElection58] INFO  impl.RoleInfo (RoleInfo.java:updateAndGet(143)) - 56eab7d4-40e2-4b28-9c72-53449258b8a2: start FollowerState
2019-10-18 05:11:45,912 [BlockDeletingService#2] WARN  background.BlockDeletingService (BlockDeletingService.java:isDeletionAllowed(187)) - Close Container log Index 6 is not replicated across allthe servers in the pipeline 7b6774a4-dfa8-469c-9b78-3c260a0191aa as the min replicated index is 4. Deletion is not allowed in this container yet.
2019-10-18 05:11:45,912 [BlockDeletingService#2] WARN  background.BlockDeletingService (BlockDeletingService.java:isDeletionAllowed(187)) - Close Container log Index 6 is not replicated across allthe servers in the pipeline 7b6774a4-dfa8-469c-9b78-3c260a0191aa as the min replicated index is 4. Deletion is not allowed in this container yet.
2019-10-18 05:11:45,974 [Thread-941] INFO  impl.FollowerState (FollowerState.java:run(108)) - 56eab7d4-40e2-4b28-9c72-53449258b8a2@group-3C260A0191AA-FollowerState: change to CANDIDATE, lastRpcTime:96ms, electionTimeout:96ms
2019-10-18 05:11:45,975 [Thread-941] INFO  impl.RoleInfo (RoleInfo.java:shutdownFollowerState(121)) - 56eab7d4-40e2-4b28-9c72-53449258b8a2: shutdown FollowerState
2019-10-18 05:11:45,975 [Thread-941] INFO  impl.RaftServerImpl (RaftServerImpl.java:setRole(184)) - 56eab7d4-40e2-4b28-9c72-53449258b8a2@group-3C260A0191AA: changes role from  FOLLOWER to CANDIDATE at term 55 for changeToCandidate
2019-10-18 05:11:45,975 [Thread-941] INFO  impl.RoleInfo (RoleInfo.java:updateAndGet(143)) - 56eab7d4-40e2-4b28-9c72-53449258b8a2: start LeaderElection
2019-10-18 05:11:46,019 [56eab7d4-40e2-4b28-9c72-53449258b8a2@group-3C260A0191AA-LeaderElection59] INFO  impl.LeaderElection (LeaderElection.java:askForVotes(178)) - 56eab7d4-40e2-4b28-9c72-53449258b8a2@group-3C260A0191AA-LeaderElection59: begin an election at term 56 for 0: [e63c905b-6e24-4a59-beee-02f8929d0b77:192.168.69.125:42235, 56eab7d4-40e2-4b28-9c72-53449258b8a2:192.168.69.125:37820, 06992730-799e-49b1-b4b4-a9e995f4f1fe:192.168.69.125:34681], old=null
2019-10-18 05:11:46,022 [grpc-default-executor-6] INFO  impl.RaftServerImpl (RaftServerImpl.java:setRole(184)) - 06992730-799e-49b1-b4b4-a9e995f4f1fe@group-3C260A0191AA: changes role from  FOLLOWER to FOLLOWER at term 56 for recognizeCandidate:56eab7d4-40e2-4b28-9c72-53449258b8a2
2019-10-18 05:11:46,022 [grpc-default-executor-5] INFO  impl.RaftServerImpl (RaftServerImpl.java:setRole(184)) - e63c905b-6e24-4a59-beee-02f8929d0b77@group-3C260A0191AA: changes role from  FOLLOWER to FOLLOWER at term 56 for recognizeCandidate:56eab7d4-40e2-4b28-9c72-53449258b8a2
2019-10-18 05:11:46,022 [grpc-default-executor-6] INFO  impl.RoleInfo (RoleInfo.java:shutdownFollowerState(121)) - 06992730-799e-49b1-b4b4-a9e995f4f1fe: shutdown FollowerState
2019-10-18 05:11:46,022 [grpc-default-executor-5] INFO  impl.RoleInfo (RoleInfo.java:shutdownFollowerState(121)) - e63c905b-6e24-4a59-beee-02f8929d0b77: shutdown FollowerState
2019-10-18 05:11:46,022 [Thread-940] INFO  impl.FollowerState (FollowerState.java:run(117)) - 06992730-799e-49b1-b4b4-a9e995f4f1fe@group-3C260A0191AA-FollowerState was interrupted: java.lang.InterruptedException: sleep interrupted
2019-10-18 05:11:46,022 [grpc-default-executor-6] INFO  impl.RoleInfo (RoleInfo.java:updateAndGet(143)) - 06992730-799e-49b1-b4b4-a9e995f4f1fe: start FollowerState
2019-10-18 05:11:46,023 [Thread-939] INFO  impl.FollowerState (FollowerState.java:run(117)) - e63c905b-6e24-4a59-beee-02f8929d0b77@group-3C260A0191AA-FollowerState was interrupted: java.lang.InterruptedException: sleep interrupted
2019-10-18 05:11:46,023 [grpc-default-executor-5] INFO  impl.RoleInfo (RoleInfo.java:updateAndGet(143)) - e63c905b-6e24-4a59-beee-02f8929d0b77: start FollowerState
2019-10-18 05:11:46,033 [56eab7d4-40e2-4b28-9c72-53449258b8a2@group-3C260A0191AA-LeaderElection59] INFO  impl.LeaderElection (LeaderElection.java:logAndReturn(56)) - 56eab7d4-40e2-4b28-9c72-53449258b8a2@group-3C260A0191AA-LeaderElection59: Election REJECTED; received 2 response(s) [56eab7d4-40e2-4b28-9c72-53449258b8a2<-e63c905b-6e24-4a59-beee-02f8929d0b77#0:FAIL-t56, 56eab7d4-40e2-4b28-9c72-53449258b8a2<-06992730-799e-49b1-b4b4-a9e995f4f1fe#0:FAIL-t56] and 0 exception(s); 56eab7d4-40e2-4b28-9c72-53449258b8a2@group-3C260A0191AA:t56, leader=null, voted=56eab7d4-40e2-4b28-9c72-53449258b8a2, raftlog=56eab7d4-40e2-4b28-9c72-53449258b8a2@group-3C260A0191AA-SegmentedRaftLog:OPENED:c3,f4,i4, conf=0: [e63c905b-6e24-4a59-beee-02f8929d0b77:192.168.69.125:42235, 56eab7d4-40e2-4b28-9c72-53449258b8a2:192.168.69.125:37820, 06992730-799e-49b1-b4b4-a9e995f4f1fe:192.168.69.125:34681], old=null
2019-10-18 05:11:46,033 [56eab7d4-40e2-4b28-9c72-53449258b8a2@group-3C260A0191AA-LeaderElection59] INFO  impl.RaftServerImpl (RaftServerImpl.java:setRole(184)) - 56eab7d4-40e2-4b28-9c72-53449258b8a2@group-3C260A0191AA: changes role from CANDIDATE to FOLLOWER at term 56 for DISCOVERED_A_NEW_TERM
2019-10-18 05:11:46,033 [56eab7d4-40e2-4b28-9c72-53449258b8a2@group-3C260A0191AA-LeaderElection59] INFO  impl.RoleInfo (RoleInfo.java:shutdownLeaderElection(134)) - 56eab7d4-40e2-4b28-9c72-53449258b8a2: shutdown LeaderElection
2019-10-18 05:11:46,034 [56eab7d4-40e2-4b28-9c72-53449258b8a2@group-3C260A0191AA-LeaderElection59] INFO  impl.RoleInfo (RoleInfo.java:updateAndGet(143)) - 56eab7d4-40e2-4b28-9c72-53449258b8a2: start FollowerState
2019-10-18 05:11:46,082 [Thread-949] INFO  impl.FollowerState (FollowerState.java:run(108)) - 56eab7d4-40e2-4b28-9c72-53449258b8a2@group-3C260A0191AA-FollowerState: change to CANDIDATE, lastRpcTime:48ms, electionTimeout:48ms
2019-10-18 05:11:46,082 [Thread-949] INFO  impl.RoleInfo (RoleInfo.java:shutdownFollowerState(121)) - 56eab7d4-40e2-4b28-9c72-53449258b8a2: shutdown FollowerState
2019-10-18 05:11:46,082 [Thread-949] INFO  impl.RaftServerImpl (RaftServerImpl.java:setRole(184)) - 56eab7d4-40e2-4b28-9c72-53449258b8a2@group-3C260A0191AA: changes role from  FOLLOWER to CANDIDATE at term 56 for changeToCandidate
2019-10-18 05:11:46,082 [Thread-949] INFO  impl.RoleInfo (RoleInfo.java:updateAndGet(143)) - 56eab7d4-40e2-4b28-9c72-53449258b8a2: start LeaderElection
2019-10-18 05:11:46,096 [56eab7d4-40e2-4b28-9c72-53449258b8a2@group-3C260A0191AA-LeaderElection60] INFO  impl.LeaderElection (LeaderElection.java:askForVotes(178)) - 56eab7d4-40e2-4b28-9c72-53449258b8a2@group-3C260A0191AA-LeaderElection60: begin an election at term 57 for 0: [e63c905b-6e24-4a59-beee-02f8929d0b77:192.168.69.125:42235, 56eab7d4-40e2-4b28-9c72-53449258b8a2:192.168.69.125:37820, 06992730-799e-49b1-b4b4-a9e995f4f1fe:192.168.69.125:34681], old=null
2019-10-18 05:11:46,098 [grpc-default-executor-6] INFO  impl.RaftServerImpl (RaftServerImpl.java:setRole(184)) - e63c905b-6e24-4a59-beee-02f8929d0b77@group-3C260A0191AA: changes role from  FOLLOWER to FOLLOWER at term 57 for recognizeCandidate:56eab7d4-40e2-4b28-9c72-53449258b8a2
2019-10-18 05:11:46,099 [grpc-default-executor-6] INFO  impl.RoleInfo (RoleInfo.java:shutdownFollowerState(121)) - e63c905b-6e24-4a59-beee-02f8929d0b77: shutdown FollowerState
2019-10-18 05:11:46,098 [grpc-default-executor-5] INFO  impl.RaftServerImpl (RaftServerImpl.java:setRole(184)) - 06992730-799e-49b1-b4b4-a9e995f4f1fe@group-3C260A0191AA: changes role from  FOLLOWER to FOLLOWER at term 57 for recognizeCandidate:56eab7d4-40e2-4b28-9c72-53449258b8a2
2019-10-18 05:11:46,099 [Thread-948] INFO  impl.FollowerState (FollowerState.java:run(117)) - e63c905b-6e24-4a59-beee-02f8929d0b77@group-3C260A0191AA-FollowerState was interrupted: java.lang.InterruptedException: sleep interrupted
2019-10-18 05:11:46,099 [grpc-default-executor-6] INFO  impl.RoleInfo (RoleInfo.java:updateAndGet(143)) - e63c905b-6e24-4a59-beee-02f8929d0b77: start FollowerState
2019-10-18 05:11:46,099 [grpc-default-executor-5] INFO  impl.RoleInfo (RoleInfo.java:shutdownFollowerState(121)) - 06992730-799e-49b1-b4b4-a9e995f4f1fe: shutdown FollowerState
2019-10-18 05:11:46,099 [Thread-947] INFO  impl.FollowerState (FollowerState.java:run(117)) - 06992730-799e-49b1-b4b4-a9e995f4f1fe@group-3C260A0191AA-FollowerState was interrupted: java.lang.InterruptedException: sleep interrupted
2019-10-18 05:11:46,099 [grpc-default-executor-5] INFO  impl.RoleInfo (RoleInfo.java:updateAndGet(143)) - 06992730-799e-49b1-b4b4-a9e995f4f1fe: start FollowerState
2019-10-18 05:11:46,113 [56eab7d4-40e2-4b28-9c72-53449258b8a2@group-3C260A0191AA-LeaderElection60] INFO  impl.LeaderElection (LeaderElection.java:logAndReturn(56)) - 56eab7d4-40e2-4b28-9c72-53449258b8a2@group-3C260A0191AA-LeaderElection60: Election REJECTED; received 2 response(s) [56eab7d4-40e2-4b28-9c72-53449258b8a2<-e63c905b-6e24-4a59-beee-02f8929d0b77#0:FAIL-t57, 56eab7d4-40e2-4b28-9c72-53449258b8a2<-06992730-799e-49b1-b4b4-a9e995f4f1fe#0:FAIL-t57] and 0 exception(s); 56eab7d4-40e2-4b28-9c72-53449258b8a2@group-3C260A0191AA:t57, leader=null, voted=56eab7d4-40e2-4b28-9c72-53449258b8a2, raftlog=56eab7d4-40e2-4b28-9c72-53449258b8a2@group-3C260A0191AA-SegmentedRaftLog:OPENED:c3,f4,i4, conf=0: [e63c905b-6e24-4a59-beee-02f8929d0b77:192.168.69.125:42235, 56eab7d4-40e2-4b28-9c72-53449258b8a2:192.168.69.125:37820, 06992730-799e-49b1-b4b4-a9e995f4f1fe:192.168.69.125:34681], old=null
2019-10-18 05:11:46,114 [56eab7d4-40e2-4b28-9c72-53449258b8a2@group-3C260A0191AA-LeaderElection60] INFO  impl.RaftServerImpl (RaftServerImpl.java:setRole(184)) - 56eab7d4-40e2-4b28-9c72-53449258b8a2@group-3C260A0191AA: changes role from CANDIDATE to FOLLOWER at term 57 for DISCOVERED_A_NEW_TERM
2019-10-18 05:11:46,114 [56eab7d4-40e2-4b28-9c72-53449258b8a2@group-3C260A0191AA-LeaderElection60] INFO  impl.RoleInfo (RoleInfo.java:shutdownLeaderElection(134)) - 56eab7d4-40e2-4b28-9c72-53449258b8a2: shutdown LeaderElection
2019-10-18 05:11:46,114 [56eab7d4-40e2-4b28-9c72-53449258b8a2@group-3C260A0191AA-LeaderElection60] INFO  impl.RoleInfo (RoleInfo.java:updateAndGet(143)) - 56eab7d4-40e2-4b28-9c72-53449258b8a2: start FollowerState
2019-10-18 05:11:46,146 [Thread-955] INFO  impl.FollowerState (FollowerState.java:run(108)) - 56eab7d4-40e2-4b28-9c72-53449258b8a2@group-3C260A0191AA-FollowerState: change to CANDIDATE, lastRpcTime:32ms, electionTimeout:32ms
2019-10-18 05:11:46,147 [Thread-955] INFO  impl.RoleInfo (RoleInfo.java:shutdownFollowerState(121)) - 56eab7d4-40e2-4b28-9c72-53449258b8a2: shutdown FollowerState
2019-10-18 05:11:46,147 [Thread-955] INFO  impl.RaftServerImpl (RaftServerImpl.java:setRole(184)) - 56eab7d4-40e2-4b28-9c72-53449258b8a2@group-3C260A0191AA: changes role from  FOLLOWER to CANDIDATE at term 57 for changeToCandidate
2019-10-18 05:11:46,147 [Thread-955] INFO  impl.RoleInfo (RoleInfo.java:updateAndGet(143)) - 56eab7d4-40e2-4b28-9c72-53449258b8a2: start LeaderElection
]]></system-out>
    <system-err><![CDATA[ERROR StatusLogger No Log4j 2 configuration file found. Using default configuration (logging only errors to the console), or user programmatically provided configurations. Set system property 'log4j2.debug' to show Log4j 2 internal initialization logging. See https://logging.apache.org/log4j/2.x/manual/configuration.html for instructions on how to configure Log4j 2
Oct 18, 2019 5:10:00 AM org.apache.ratis.thirdparty.io.grpc.internal.SerializingExecutor run
SEVERE: Exception while executing runnable org.apache.ratis.thirdparty.io.grpc.internal.ServerImpl$JumpToApplicationThreadServerStreamListener$1Closed@2a5a13cf
org.apache.ratis.thirdparty.io.grpc.StatusRuntimeException: CANCELLED: call already cancelled
	at org.apache.ratis.thirdparty.io.grpc.Status.asRuntimeException(Status.java:517)
	at org.apache.ratis.thirdparty.io.grpc.stub.ServerCalls$ServerCallStreamObserverImpl.onCompleted(ServerCalls.java:356)
	at org.apache.ratis.grpc.server.GrpcServerProtocolService$ServerRequestStreamObserver.onError(GrpcServerProtocolService.java:121)
	at org.apache.ratis.thirdparty.io.grpc.stub.ServerCalls$StreamingServerCallHandler$StreamingServerCallListener.onCancel(ServerCalls.java:269)
	at org.apache.ratis.thirdparty.io.grpc.internal.ServerCallImpl$ServerStreamListenerImpl.closed(ServerCallImpl.java:293)
	at org.apache.ratis.thirdparty.io.grpc.internal.ServerImpl$JumpToApplicationThreadServerStreamListener$1Closed.runInContext(ServerImpl.java:741)
	at org.apache.ratis.thirdparty.io.grpc.internal.ContextRunnable.run(ContextRunnable.java:37)
	at org.apache.ratis.thirdparty.io.grpc.internal.SerializingExecutor.run(SerializingExecutor.java:123)
	at java.util.concurrent.ThreadPoolExecutor.runWorker(ThreadPoolExecutor.java:1149)
	at java.util.concurrent.ThreadPoolExecutor$Worker.run(ThreadPoolExecutor.java:624)
	at java.lang.Thread.run(Thread.java:748)

Oct 18, 2019 5:10:00 AM org.apache.ratis.thirdparty.io.grpc.internal.SerializingExecutor run
SEVERE: Exception while executing runnable org.apache.ratis.thirdparty.io.grpc.internal.ClientCallImpl$ClientStreamListenerImpl$1StreamClosed@5386995b
java.lang.NullPointerException
	at org.apache.ratis.grpc.server.GrpcLogAppender$AppendLogResponseHandler.onError(GrpcLogAppender.java:303)
	at org.apache.ratis.thirdparty.io.grpc.stub.ClientCalls$StreamObserverToCallListenerAdapter.onClose(ClientCalls.java:434)
	at org.apache.ratis.thirdparty.io.grpc.PartialForwardingClientCallListener.onClose(PartialForwardingClientCallListener.java:39)
	at org.apache.ratis.thirdparty.io.grpc.ForwardingClientCallListener.onClose(ForwardingClientCallListener.java:23)
	at org.apache.ratis.thirdparty.io.grpc.ForwardingClientCallListener$SimpleForwardingClientCallListener.onClose(ForwardingClientCallListener.java:40)
	at org.apache.ratis.thirdparty.io.grpc.internal.CensusStatsModule$StatsClientInterceptor$1$1.onClose(CensusStatsModule.java:678)
	at org.apache.ratis.thirdparty.io.grpc.PartialForwardingClientCallListener.onClose(PartialForwardingClientCallListener.java:39)
	at org.apache.ratis.thirdparty.io.grpc.ForwardingClientCallListener.onClose(ForwardingClientCallListener.java:23)
	at org.apache.ratis.thirdparty.io.grpc.ForwardingClientCallListener$SimpleForwardingClientCallListener.onClose(ForwardingClientCallListener.java:40)
	at org.apache.ratis.thirdparty.io.grpc.internal.CensusTracingModule$TracingClientInterceptor$1$1.onClose(CensusTracingModule.java:397)
	at org.apache.ratis.thirdparty.io.grpc.internal.ClientCallImpl.closeObserver(ClientCallImpl.java:459)
	at org.apache.ratis.thirdparty.io.grpc.internal.ClientCallImpl.access$300(ClientCallImpl.java:63)
	at org.apache.ratis.thirdparty.io.grpc.internal.ClientCallImpl$ClientStreamListenerImpl.close(ClientCallImpl.java:546)
	at org.apache.ratis.thirdparty.io.grpc.internal.ClientCallImpl$ClientStreamListenerImpl.access$600(ClientCallImpl.java:467)
	at org.apache.ratis.thirdparty.io.grpc.internal.ClientCallImpl$ClientStreamListenerImpl$1StreamClosed.runInContext(ClientCallImpl.java:584)
	at org.apache.ratis.thirdparty.io.grpc.internal.ContextRunnable.run(ContextRunnable.java:37)
	at org.apache.ratis.thirdparty.io.grpc.internal.SerializingExecutor.run(SerializingExecutor.java:123)
	at java.util.concurrent.ThreadPoolExecutor.runWorker(ThreadPoolExecutor.java:1149)
	at java.util.concurrent.ThreadPoolExecutor$Worker.run(ThreadPoolExecutor.java:624)
	at java.lang.Thread.run(Thread.java:748)

]]></system-err>
  </testcase>
</testsuite>