<?xml version="1.0" encoding="UTF-8"?>
<testsuite xmlns:xsi="http://www.w3.org/2001/XMLSchema-instance" xsi:noNamespaceSchemaLocation="https://maven.apache.org/surefire/maven-surefire-plugin/xsd/surefire-test-report.xsd" name="org.apache.hadoop.ozone.client.rpc.Test2WayCommitInRatis" time="42.254" tests="1" errors="1" skipped="0" failures="0">
  <properties>
    <property name="awt.toolkit" value="sun.awt.X11.XToolkit"/>
    <property name="file.encoding.pkg" value="sun.io"/>
    <property name="java.specification.version" value="1.8"/>
    <property name="sun.cpu.isalist" value=""/>
    <property name="sun.jnu.encoding" value="UTF-8"/>
    <property name="java.class.path" value="/workdir/hadoop-ozone/integration-test/target/test-classes:/workdir/hadoop-ozone/integration-test/target/classes:/home/user/.m2/repository/org/apache/hadoop/hadoop-ozone-common/0.5.0-SNAPSHOT/hadoop-ozone-common-0.5.0-SNAPSHOT.jar:/home/user/.m2/repository/org/apache/commons/commons-compress/1.4.1/commons-compress-1.4.1.jar:/home/user/.m2/repository/org/tukaani/xz/1.0/xz-1.0.jar:/home/user/.m2/repository/org/apache/hadoop/hadoop-common/3.2.0/hadoop-common-3.2.0.jar:/home/user/.m2/repository/org/apache/hadoop/hadoop-hdfs/3.2.0/hadoop-hdfs-3.2.0.jar:/home/user/.m2/repository/org/apache/hadoop/hadoop-hdfs-client/3.2.0/hadoop-hdfs-client-3.2.0.jar:/home/user/.m2/repository/com/fasterxml/jackson/core/jackson-annotations/2.9.9/jackson-annotations-2.9.9.jar:/home/user/.m2/repository/org/apache/hadoop/hadoop-hdds-common/0.5.0-SNAPSHOT/hadoop-hdds-common-0.5.0-SNAPSHOT.jar:/home/user/.m2/repository/javax/annotation/javax.annotation-api/1.2/javax.annotation-api-1.2.jar:/home/user/.m2/repository/org/apache/ratis/ratis-server/0.5.0-201fc85-SNAPSHOT/ratis-server-0.5.0-201fc85-SNAPSHOT.jar:/home/user/.m2/repository/org/apache/ratis/ratis-thirdparty-misc/0.2.0/ratis-thirdparty-misc-0.2.0.jar:/home/user/.m2/repository/org/apache/ratis/ratis-proto/0.5.0-201fc85-SNAPSHOT/ratis-proto-0.5.0-201fc85-SNAPSHOT.jar:/home/user/.m2/repository/org/apache/ratis/ratis-common/0.5.0-201fc85-SNAPSHOT/ratis-common-0.5.0-201fc85-SNAPSHOT.jar:/home/user/.m2/repository/org/apache/ratis/ratis-client/0.5.0-201fc85-SNAPSHOT/ratis-client-0.5.0-201fc85-SNAPSHOT.jar:/home/user/.m2/repository/org/apache/ratis/ratis-metrics/0.5.0-201fc85-SNAPSHOT/ratis-metrics-0.5.0-201fc85-SNAPSHOT.jar:/home/user/.m2/repository/com/github/joshelser/dropwizard-metrics-hadoop-metrics2-reporter/0.1.2/dropwizard-metrics-hadoop-metrics2-reporter-0.1.2.jar:/home/user/.m2/repository/io/dropwizard/metrics/metrics-jvm/3.2.5/metrics-jvm-3.2.5.jar:/home/user/.m2/repository/io/dropwizard/metrics/metrics-ganglia/3.2.5/metrics-ganglia-3.2.5.jar:/home/user/.m2/repository/info/ganglia/gmetric4j/gmetric4j/1.0.7/gmetric4j-1.0.7.jar:/home/user/.m2/repository/org/apache/ratis/ratis-netty/0.5.0-201fc85-SNAPSHOT/ratis-netty-0.5.0-201fc85-SNAPSHOT.jar:/home/user/.m2/repository/org/apache/ratis/ratis-grpc/0.5.0-201fc85-SNAPSHOT/ratis-grpc-0.5.0-201fc85-SNAPSHOT.jar:/home/user/.m2/repository/org/rocksdb/rocksdbjni/6.0.1/rocksdbjni-6.0.1.jar:/home/user/.m2/repository/org/apache/logging/log4j/log4j-api/2.11.0/log4j-api-2.11.0.jar:/home/user/.m2/repository/org/apache/logging/log4j/log4j-core/2.11.0/log4j-core-2.11.0.jar:/home/user/.m2/repository/com/lmax/disruptor/3.4.2/disruptor-3.4.2.jar:/home/user/.m2/repository/org/apache/commons/commons-pool2/2.6.0/commons-pool2-2.6.0.jar:/home/user/.m2/repository/org/bouncycastle/bcpkix-jdk15on/1.60/bcpkix-jdk15on-1.60.jar:/home/user/.m2/repository/commons-validator/commons-validator/1.6/commons-validator-1.6.jar:/home/user/.m2/repository/commons-digester/commons-digester/1.8.1/commons-digester-1.8.1.jar:/home/user/.m2/repository/io/jaegertracing/jaeger-client/0.34.0/jaeger-client-0.34.0.jar:/home/user/.m2/repository/io/jaegertracing/jaeger-thrift/0.34.0/jaeger-thrift-0.34.0.jar:/home/user/.m2/repository/org/apache/thrift/libthrift/0.12.0/libthrift-0.12.0.jar:/home/user/.m2/repository/com/squareup/okhttp3/okhttp/3.9.0/okhttp-3.9.0.jar:/home/user/.m2/repository/com/squareup/okio/okio/1.13.0/okio-1.13.0.jar:/home/user/.m2/repository/io/jaegertracing/jaeger-core/0.34.0/jaeger-core-0.34.0.jar:/home/user/.m2/repository/io/jaegertracing/jaeger-tracerresolver/0.34.0/jaeger-tracerresolver-0.34.0.jar:/home/user/.m2/repository/io/opentracing/contrib/opentracing-tracerresolver/0.1.5/opentracing-tracerresolver-0.1.5.jar:/home/user/.m2/repository/io/opentracing/opentracing-util/0.31.0/opentracing-util-0.31.0.jar:/home/user/.m2/repository/io/opentracing/opentracing-api/0.31.0/opentracing-api-0.31.0.jar:/home/user/.m2/repository/io/opentracing/opentracing-noop/0.31.0/opentracing-noop-0.31.0.jar:/home/user/.m2/repository/org/apache/hadoop/hadoop-hdds-server-framework/0.5.0-SNAPSHOT/hadoop-hdds-server-framework-0.5.0-SNAPSHOT.jar:/home/user/.m2/repository/org/apache/hadoop/hadoop-hdds-container-service/0.5.0-SNAPSHOT/hadoop-hdds-container-service-0.5.0-SNAPSHOT.jar:/home/user/.m2/repository/org/apache/hadoop/hadoop-hdds-client/0.5.0-SNAPSHOT/hadoop-hdds-client-0.5.0-SNAPSHOT.jar:/home/user/.m2/repository/org/apache/hadoop/hadoop-hdds-tools/0.5.0-SNAPSHOT/hadoop-hdds-tools-0.5.0-SNAPSHOT.jar:/home/user/.m2/repository/org/apache/hadoop/hadoop-hdds-server-scm/0.5.0-SNAPSHOT/hadoop-hdds-server-scm-0.5.0-SNAPSHOT.jar:/home/user/.m2/repository/org/apache/hadoop/hadoop-hdds-docs/0.5.0-SNAPSHOT/hadoop-hdds-docs-0.5.0-SNAPSHOT.jar:/home/user/.m2/repository/io/dropwizard/metrics/metrics-core/3.2.4/metrics-core-3.2.4.jar:/home/user/.m2/repository/org/hamcrest/hamcrest-all/1.3/hamcrest-all-1.3.jar:/home/user/.m2/repository/org/bouncycastle/bcprov-jdk15on/1.60/bcprov-jdk15on-1.60.jar:/home/user/.m2/repository/info/picocli/picocli/3.9.6/picocli-3.9.6.jar:/home/user/.m2/repository/com/google/protobuf/protobuf-java/2.5.0/protobuf-java-2.5.0.jar:/home/user/.m2/repository/com/google/guava/guava/11.0.2/guava-11.0.2.jar:/home/user/.m2/repository/org/apache/hadoop/hadoop-ozone-ozone-manager/0.5.0-SNAPSHOT/hadoop-ozone-ozone-manager-0.5.0-SNAPSHOT.jar:/home/user/.m2/repository/org/apache/hadoop/hadoop-minikdc/3.2.0/hadoop-minikdc-3.2.0.jar:/home/user/.m2/repository/commons-io/commons-io/2.5/commons-io-2.5.jar:/home/user/.m2/repository/org/apache/kerby/kerb-simplekdc/1.0.1/kerb-simplekdc-1.0.1.jar:/home/user/.m2/repository/org/apache/kerby/kerb-client/1.0.1/kerb-client-1.0.1.jar:/home/user/.m2/repository/org/apache/kerby/kerby-config/1.0.1/kerby-config-1.0.1.jar:/home/user/.m2/repository/org/apache/kerby/kerb-core/1.0.1/kerb-core-1.0.1.jar:/home/user/.m2/repository/org/apache/kerby/kerby-pkix/1.0.1/kerby-pkix-1.0.1.jar:/home/user/.m2/repository/org/apache/kerby/kerby-asn1/1.0.1/kerby-asn1-1.0.1.jar:/home/user/.m2/repository/org/apache/kerby/kerby-util/1.0.1/kerby-util-1.0.1.jar:/home/user/.m2/repository/org/apache/kerby/kerb-common/1.0.1/kerb-common-1.0.1.jar:/home/user/.m2/repository/org/apache/kerby/kerb-crypto/1.0.1/kerb-crypto-1.0.1.jar:/home/user/.m2/repository/org/apache/kerby/kerb-util/1.0.1/kerb-util-1.0.1.jar:/home/user/.m2/repository/org/apache/kerby/token-provider/1.0.1/token-provider-1.0.1.jar:/home/user/.m2/repository/org/apache/kerby/kerb-admin/1.0.1/kerb-admin-1.0.1.jar:/home/user/.m2/repository/org/apache/kerby/kerb-server/1.0.1/kerb-server-1.0.1.jar:/home/user/.m2/repository/org/apache/kerby/kerb-identity/1.0.1/kerb-identity-1.0.1.jar:/home/user/.m2/repository/org/apache/kerby/kerby-xdr/1.0.1/kerby-xdr-1.0.1.jar:/home/user/.m2/repository/org/slf4j/slf4j-log4j12/1.7.25/slf4j-log4j12-1.7.25.jar:/home/user/.m2/repository/org/apache/hadoop/hadoop-ozone-s3gateway/0.5.0-SNAPSHOT/hadoop-ozone-s3gateway-0.5.0-SNAPSHOT.jar:/home/user/.m2/repository/org/jboss/weld/servlet/weld-servlet/2.4.7.Final/weld-servlet-2.4.7.Final.jar:/home/user/.m2/repository/org/glassfish/jersey/containers/jersey-container-servlet-core/2.27/jersey-container-servlet-core-2.27.jar:/home/user/.m2/repository/org/glassfish/hk2/external/javax.inject/2.5.0-b42/javax.inject-2.5.0-b42.jar:/home/user/.m2/repository/org/glassfish/jersey/core/jersey-common/2.27/jersey-common-2.27.jar:/home/user/.m2/repository/org/glassfish/hk2/osgi-resource-locator/1.0.1/osgi-resource-locator-1.0.1.jar:/home/user/.m2/repository/javax/ws/rs/javax.ws.rs-api/2.1/javax.ws.rs-api-2.1.jar:/home/user/.m2/repository/org/glassfish/jersey/ext/cdi/jersey-cdi1x/2.27/jersey-cdi1x-2.27.jar:/home/user/.m2/repository/org/glassfish/jersey/inject/jersey-hk2/2.27/jersey-hk2-2.27.jar:/home/user/.m2/repository/org/glassfish/hk2/hk2-locator/2.5.0-b42/hk2-locator-2.5.0-b42.jar:/home/user/.m2/repository/org/javassist/javassist/3.22.0-CR2/javassist-3.22.0-CR2.jar:/home/user/.m2/repository/org/glassfish/hk2/hk2-api/2.5.0/hk2-api-2.5.0.jar:/home/user/.m2/repository/org/glassfish/hk2/external/jakarta.inject/2.5.0/jakarta.inject-2.5.0.jar:/home/user/.m2/repository/org/glassfish/hk2/hk2-utils/2.5.0/hk2-utils-2.5.0.jar:/home/user/.m2/repository/jakarta/annotation/jakarta.annotation-api/1.3.4/jakarta.annotation-api-1.3.4.jar:/home/user/.m2/repository/org/glassfish/hk2/external/aopalliance-repackaged/2.5.0/aopalliance-repackaged-2.5.0.jar:/home/user/.m2/repository/com/fasterxml/jackson/dataformat/jackson-dataformat-xml/2.9.0/jackson-dataformat-xml-2.9.0.jar:/home/user/.m2/repository/com/fasterxml/jackson/core/jackson-core/2.9.9/jackson-core-2.9.9.jar:/home/user/.m2/repository/com/fasterxml/jackson/module/jackson-module-jaxb-annotations/2.9.9/jackson-module-jaxb-annotations-2.9.9.jar:/home/user/.m2/repository/javax/enterprise/cdi-api/1.2/cdi-api-1.2.jar:/home/user/.m2/repository/javax/el/javax.el-api/3.0.0/javax.el-api-3.0.0.jar:/home/user/.m2/repository/javax/interceptor/javax.interceptor-api/1.2/javax.interceptor-api-1.2.jar:/home/user/.m2/repository/javax/inject/javax.inject/1/javax.inject-1.jar:/home/user/.m2/repository/com/sun/xml/bind/jaxb-impl/2.3.0.1/jaxb-impl-2.3.0.1.jar:/home/user/.m2/repository/com/sun/xml/bind/jaxb-core/2.3.0.1/jaxb-core-2.3.0.1.jar:/home/user/.m2/repository/javax/xml/bind/jaxb-api/2.3.0/jaxb-api-2.3.0.jar:/home/user/.m2/repository/javax/activation/activation/1.1.1/activation-1.1.1.jar:/home/user/.m2/repository/org/apache/hadoop/hadoop-ozone-csi/0.5.0-SNAPSHOT/hadoop-ozone-csi-0.5.0-SNAPSHOT.jar:/home/user/.m2/repository/com/google/protobuf/protobuf-java-util/3.5.1/protobuf-java-util-3.5.1.jar:/home/user/.m2/repository/org/apache/hadoop/hadoop-hdds-config/0.5.0-SNAPSHOT/hadoop-hdds-config-0.5.0-SNAPSHOT.jar:/home/user/.m2/repository/io/grpc/grpc-netty/1.17.1/grpc-netty-1.17.1.jar:/home/user/.m2/repository/io/grpc/grpc-core/1.17.1/grpc-core-1.17.1.jar:/home/user/.m2/repository/io/grpc/grpc-context/1.17.1/grpc-context-1.17.1.jar:/home/user/.m2/repository/com/google/errorprone/error_prone_annotations/2.2.0/error_prone_annotations-2.2.0.jar:/home/user/.m2/repository/org/codehaus/mojo/animal-sniffer-annotations/1.17/animal-sniffer-annotations-1.17.jar:/home/user/.m2/repository/io/opencensus/opencensus-api/0.17.0/opencensus-api-0.17.0.jar:/home/user/.m2/repository/io/opencensus/opencensus-contrib-grpc-metrics/0.17.0/opencensus-contrib-grpc-metrics-0.17.0.jar:/home/user/.m2/repository/io/netty/netty-codec-http2/4.1.30.Final/netty-codec-http2-4.1.30.Final.jar:/home/user/.m2/repository/io/netty/netty-codec-http/4.1.30.Final/netty-codec-http-4.1.30.Final.jar:/home/user/.m2/repository/io/netty/netty-codec/4.1.30.Final/netty-codec-4.1.30.Final.jar:/home/user/.m2/repository/io/netty/netty-handler/4.1.30.Final/netty-handler-4.1.30.Final.jar:/home/user/.m2/repository/io/netty/netty-handler-proxy/4.1.30.Final/netty-handler-proxy-4.1.30.Final.jar:/home/user/.m2/repository/io/netty/netty-codec-socks/4.1.30.Final/netty-codec-socks-4.1.30.Final.jar:/home/user/.m2/repository/io/netty/netty-transport-native-epoll/4.1.30.Final/netty-transport-native-epoll-4.1.30.Final.jar:/home/user/.m2/repository/io/netty/netty-common/4.1.30.Final/netty-common-4.1.30.Final.jar:/home/user/.m2/repository/io/netty/netty-buffer/4.1.30.Final/netty-buffer-4.1.30.Final.jar:/home/user/.m2/repository/io/netty/netty-transport/4.1.30.Final/netty-transport-4.1.30.Final.jar:/home/user/.m2/repository/io/netty/netty-resolver/4.1.30.Final/netty-resolver-4.1.30.Final.jar:/home/user/.m2/repository/io/netty/netty-transport-native-unix-common/4.1.30.Final/netty-transport-native-unix-common-4.1.30.Final.jar:/home/user/.m2/repository/io/grpc/grpc-protobuf/1.17.1/grpc-protobuf-1.17.1.jar:/home/user/.m2/repository/com/google/api/grpc/proto-google-common-protos/1.0.0/proto-google-common-protos-1.0.0.jar:/home/user/.m2/repository/io/grpc/grpc-protobuf-lite/1.17.1/grpc-protobuf-lite-1.17.1.jar:/home/user/.m2/repository/io/grpc/grpc-stub/1.17.1/grpc-stub-1.17.1.jar:/home/user/.m2/repository/org/apache/hadoop/hadoop-ozone-recon/0.5.0-SNAPSHOT/hadoop-ozone-recon-0.5.0-SNAPSHOT.jar:/home/user/.m2/repository/org/apache/hadoop/hadoop-ozone-reconcodegen/0.5.0-SNAPSHOT/hadoop-ozone-reconcodegen-0.5.0-SNAPSHOT.jar:/home/user/.m2/repository/com/google/inject/extensions/guice-multibindings/4.0/guice-multibindings-4.0.jar:/home/user/.m2/repository/com/google/inject/guice/4.0/guice-4.0.jar:/home/user/.m2/repository/aopalliance/aopalliance/1.0/aopalliance-1.0.jar:/home/user/.m2/repository/com/google/inject/extensions/guice-servlet/4.0/guice-servlet-4.0.jar:/home/user/.m2/repository/org/glassfish/jersey/containers/jersey-container-servlet/2.27/jersey-container-servlet-2.27.jar:/home/user/.m2/repository/org/glassfish/hk2/guice-bridge/2.5.0/guice-bridge-2.5.0.jar:/home/user/.m2/repository/org/glassfish/jersey/core/jersey-server/2.27/jersey-server-2.27.jar:/home/user/.m2/repository/org/glassfish/jersey/core/jersey-client/2.27/jersey-client-2.27.jar:/home/user/.m2/repository/org/glassfish/jersey/media/jersey-media-jaxb/2.27/jersey-media-jaxb-2.27.jar:/home/user/.m2/repository/javax/validation/validation-api/1.1.0.Final/validation-api-1.1.0.Final.jar:/home/user/.m2/repository/org/glassfish/jersey/media/jersey-media-json-jackson/2.27/jersey-media-json-jackson-2.27.jar:/home/user/.m2/repository/org/glassfish/jersey/ext/jersey-entity-filtering/2.27/jersey-entity-filtering-2.27.jar:/home/user/.m2/repository/com/google/inject/extensions/guice-assistedinject/4.0/guice-assistedinject-4.0.jar:/home/user/.m2/repository/org/jooq/jooq/3.11.10/jooq-3.11.10.jar:/home/user/.m2/repository/org/jooq/jooq-meta/3.11.10/jooq-meta-3.11.10.jar:/home/user/.m2/repository/org/jooq/jooq-codegen/3.11.10/jooq-codegen-3.11.10.jar:/home/user/.m2/repository/com/jolbox/bonecp/0.8.0.RELEASE/bonecp-0.8.0.RELEASE.jar:/home/user/.m2/repository/org/xerial/sqlite-jdbc/3.25.2/sqlite-jdbc-3.25.2.jar:/home/user/.m2/repository/org/springframework/spring-jdbc/5.1.3.RELEASE/spring-jdbc-5.1.3.RELEASE.jar:/home/user/.m2/repository/org/springframework/spring-beans/5.1.3.RELEASE/spring-beans-5.1.3.RELEASE.jar:/home/user/.m2/repository/org/springframework/spring-core/5.1.3.RELEASE/spring-core-5.1.3.RELEASE.jar:/home/user/.m2/repository/org/springframework/spring-jcl/5.1.3.RELEASE/spring-jcl-5.1.3.RELEASE.jar:/home/user/.m2/repository/org/springframework/spring-tx/5.1.3.RELEASE/spring-tx-5.1.3.RELEASE.jar:/home/user/.m2/repository/org/apache/hadoop/hadoop-ozone-client/0.5.0-SNAPSHOT/hadoop-ozone-client-0.5.0-SNAPSHOT.jar:/home/user/.m2/repository/commons-lang/commons-lang/2.6/commons-lang-2.6.jar:/home/user/.m2/repository/org/apache/hadoop/hadoop-ozone-ozone-manager/0.5.0-SNAPSHOT/hadoop-ozone-ozone-manager-0.5.0-SNAPSHOT-tests.jar:/home/user/.m2/repository/junit/junit/4.11/junit-4.11.jar:/home/user/.m2/repository/org/hamcrest/hamcrest-core/1.3/hamcrest-core-1.3.jar:/home/user/.m2/repository/org/openjdk/jmh/jmh-core/1.19/jmh-core-1.19.jar:/home/user/.m2/repository/net/sf/jopt-simple/jopt-simple/4.6/jopt-simple-4.6.jar:/home/user/.m2/repository/org/apache/commons/commons-math3/3.1.1/commons-math3-3.1.1.jar:/home/user/.m2/repository/org/openjdk/jmh/jmh-generator-annprocess/1.19/jmh-generator-annprocess-1.19.jar:/home/user/.m2/repository/org/mockito/mockito-all/1.8.5/mockito-all-1.8.5.jar:/home/user/.m2/repository/org/apache/hadoop/hadoop-kms/3.2.0/hadoop-kms-3.2.0.jar:/home/user/.m2/repository/org/apache/hadoop/hadoop-auth/3.2.0/hadoop-auth-3.2.0.jar:/home/user/.m2/repository/com/nimbusds/nimbus-jose-jwt/4.41.1/nimbus-jose-jwt-4.41.1.jar:/home/user/.m2/repository/com/github/stephenc/jcip/jcip-annotations/1.0-1/jcip-annotations-1.0-1.jar:/home/user/.m2/repository/net/minidev/json-smart/2.3/json-smart-2.3.jar:/home/user/.m2/repository/net/minidev/accessors-smart/1.2/accessors-smart-1.2.jar:/home/user/.m2/repository/org/ow2/asm/asm/5.0.4/asm-5.0.4.jar:/home/user/.m2/repository/org/apache/curator/curator-framework/2.12.0/curator-framework-2.12.0.jar:/home/user/.m2/repository/com/sun/jersey/jersey-core/1.19/jersey-core-1.19.jar:/home/user/.m2/repository/javax/ws/rs/jsr311-api/1.1.1/jsr311-api-1.1.1.jar:/home/user/.m2/repository/com/sun/jersey/jersey-server/1.19/jersey-server-1.19.jar:/home/user/.m2/repository/javax/servlet/javax.servlet-api/3.1.0/javax.servlet-api-3.1.0.jar:/home/user/.m2/repository/org/eclipse/jetty/jetty-server/9.3.25.v20180904/jetty-server-9.3.25.v20180904.jar:/home/user/.m2/repository/org/eclipse/jetty/jetty-http/9.3.25.v20180904/jetty-http-9.3.25.v20180904.jar:/home/user/.m2/repository/org/eclipse/jetty/jetty-io/9.3.25.v20180904/jetty-io-9.3.25.v20180904.jar:/home/user/.m2/repository/org/eclipse/jetty/jetty-webapp/9.3.25.v20180904/jetty-webapp-9.3.25.v20180904.jar:/home/user/.m2/repository/org/eclipse/jetty/jetty-xml/9.3.25.v20180904/jetty-xml-9.3.25.v20180904.jar:/home/user/.m2/repository/log4j/log4j/1.2.17/log4j-1.2.17.jar:/home/user/.m2/repository/org/slf4j/slf4j-api/1.7.25/slf4j-api-1.7.25.jar:/home/user/.m2/repository/org/slf4j/jul-to-slf4j/1.7.25/jul-to-slf4j-1.7.25.jar:/home/user/.m2/repository/org/eclipse/jetty/jetty-util/9.3.25.v20180904/jetty-util-9.3.25.v20180904.jar:/home/user/.m2/repository/com/fasterxml/jackson/core/jackson-databind/2.9.9/jackson-databind-2.9.9.jar:/home/user/.m2/repository/org/apache/hadoop/hadoop-kms/3.2.0/hadoop-kms-3.2.0-tests.jar:/home/user/.m2/repository/org/apache/hadoop/hadoop-hdds-server-scm/0.5.0-SNAPSHOT/hadoop-hdds-server-scm-0.5.0-SNAPSHOT-tests.jar:/home/user/.m2/repository/org/apache/hadoop/hadoop-hdds-container-service/0.5.0-SNAPSHOT/hadoop-hdds-container-service-0.5.0-SNAPSHOT-tests.jar:/home/user/.m2/repository/org/yaml/snakeyaml/1.16/snakeyaml-1.16.jar:/home/user/.m2/repository/org/apache/hadoop/hadoop-common/3.2.0/hadoop-common-3.2.0-tests.jar:/home/user/.m2/repository/org/apache/hadoop/hadoop-annotations/3.2.0/hadoop-annotations-3.2.0.jar:/usr/lib/jvm/java-1.8-openjdk/jre/../lib/tools.jar:/home/user/.m2/repository/commons-cli/commons-cli/1.2/commons-cli-1.2.jar:/home/user/.m2/repository/org/apache/httpcomponents/httpclient/4.5.2/httpclient-4.5.2.jar:/home/user/.m2/repository/org/apache/httpcomponents/httpcore/4.4.4/httpcore-4.4.4.jar:/home/user/.m2/repository/commons-codec/commons-codec/1.11/commons-codec-1.11.jar:/home/user/.m2/repository/commons-net/commons-net/3.6/commons-net-3.6.jar:/home/user/.m2/repository/commons-collections/commons-collections/3.2.2/commons-collections-3.2.2.jar:/home/user/.m2/repository/org/eclipse/jetty/jetty-servlet/9.3.25.v20180904/jetty-servlet-9.3.25.v20180904.jar:/home/user/.m2/repository/org/eclipse/jetty/jetty-security/9.3.25.v20180904/jetty-security-9.3.25.v20180904.jar:/home/user/.m2/repository/javax/servlet/jsp/jsp-api/2.1/jsp-api-2.1.jar:/home/user/.m2/repository/com/sun/jersey/jersey-servlet/1.19/jersey-servlet-1.19.jar:/home/user/.m2/repository/com/sun/jersey/jersey-json/1.19/jersey-json-1.19.jar:/home/user/.m2/repository/org/codehaus/jettison/jettison/1.1/jettison-1.1.jar:/home/user/.m2/repository/org/codehaus/jackson/jackson-core-asl/1.9.13/jackson-core-asl-1.9.13.jar:/home/user/.m2/repository/org/codehaus/jackson/jackson-mapper-asl/1.9.13/jackson-mapper-asl-1.9.13.jar:/home/user/.m2/repository/org/codehaus/jackson/jackson-jaxrs/1.9.13/jackson-jaxrs-1.9.13.jar:/home/user/.m2/repository/org/codehaus/jackson/jackson-xc/1.9.13/jackson-xc-1.9.13.jar:/home/user/.m2/repository/commons-logging/commons-logging/1.1.3/commons-logging-1.1.3.jar:/home/user/.m2/repository/commons-beanutils/commons-beanutils/1.9.4/commons-beanutils-1.9.4.jar:/home/user/.m2/repository/org/apache/commons/commons-configuration2/2.1.1/commons-configuration2-2.1.1.jar:/home/user/.m2/repository/org/apache/commons/commons-lang3/3.7/commons-lang3-3.7.jar:/home/user/.m2/repository/org/apache/commons/commons-text/1.4/commons-text-1.4.jar:/home/user/.m2/repository/org/apache/avro/avro/1.7.7/avro-1.7.7.jar:/home/user/.m2/repository/com/thoughtworks/paranamer/paranamer/2.3/paranamer-2.3.jar:/home/user/.m2/repository/org/xerial/snappy/snappy-java/1.0.5/snappy-java-1.0.5.jar:/home/user/.m2/repository/com/google/re2j/re2j/1.1/re2j-1.1.jar:/home/user/.m2/repository/com/google/code/gson/gson/2.2.4/gson-2.2.4.jar:/home/user/.m2/repository/com/jcraft/jsch/0.1.54/jsch-0.1.54.jar:/home/user/.m2/repository/org/apache/curator/curator-client/2.12.0/curator-client-2.12.0.jar:/home/user/.m2/repository/org/apache/curator/curator-recipes/2.12.0/curator-recipes-2.12.0.jar:/home/user/.m2/repository/com/google/code/findbugs/jsr305/3.0.0/jsr305-3.0.0.jar:/home/user/.m2/repository/org/apache/htrace/htrace-core4/4.1.0-incubating/htrace-core4-4.1.0-incubating.jar:/home/user/.m2/repository/org/apache/zookeeper/zookeeper/3.4.13/zookeeper-3.4.13.jar:/home/user/.m2/repository/jline/jline/0.9.94/jline-0.9.94.jar:/home/user/.m2/repository/org/apache/yetus/audience-annotations/0.5.0/audience-annotations-0.5.0.jar:/home/user/.m2/repository/org/codehaus/woodstox/stax2-api/3.1.4/stax2-api-3.1.4.jar:/home/user/.m2/repository/com/fasterxml/woodstox/woodstox-core/5.0.3/woodstox-core-5.0.3.jar:/home/user/.m2/repository/dnsjava/dnsjava/2.1.7/dnsjava-2.1.7.jar:/home/user/.m2/repository/org/apache/hadoop/hadoop-hdfs/3.2.0/hadoop-hdfs-3.2.0-tests.jar:/home/user/.m2/repository/org/eclipse/jetty/jetty-util-ajax/9.3.25.v20180904/jetty-util-ajax-9.3.25.v20180904.jar:/home/user/.m2/repository/commons-daemon/commons-daemon/1.0.13/commons-daemon-1.0.13.jar:/home/user/.m2/repository/io/netty/netty/3.10.5.Final/netty-3.10.5.Final.jar:/home/user/.m2/repository/io/netty/netty-all/4.0.52.Final/netty-all-4.0.52.Final.jar:/home/user/.m2/repository/org/fusesource/leveldbjni/leveldbjni-all/1.8/leveldbjni-all-1.8.jar:"/>
    <property name="java.vm.vendor" value="IcedTea"/>
    <property name="sun.arch.data.model" value="64"/>
    <property name="test.build.dir" value="/workdir/hadoop-ozone/integration-test/target/test-dir"/>
    <property name="test.cache.data" value=""/>
    <property name="java.vendor.url" value="https://icedtea.classpath.org"/>
    <property name="user.timezone" value=""/>
    <property name="java.vm.specification.version" value="1.8"/>
    <property name="os.name" value="Linux"/>
    <property name="test.build.data" value="/workdir/hadoop-ozone/integration-test/target/test-dir"/>
    <property name="user.country" value="US"/>
    <property name="sun.java.launcher" value="SUN_STANDARD"/>
    <property name="sun.boot.library.path" value="/usr/lib/jvm/java-1.8-openjdk/jre/lib/amd64"/>
    <property name="sun.java.command" value="/workdir/hadoop-ozone/integration-test/target/surefire/surefirebooter3760167675286150135.jar /workdir/hadoop-ozone/integration-test/target/surefire 2019-10-03T19-12-52_954-jvmRun1 surefire519760955920489163tmp surefire_468213035992525158134tmp"/>
    <property name="test" value="!TestMiniChaosOzoneCluster"/>
    <property name="surefire.test.class.path" value="/workdir/hadoop-ozone/integration-test/target/test-classes:/workdir/hadoop-ozone/integration-test/target/classes:/home/user/.m2/repository/org/apache/hadoop/hadoop-ozone-common/0.5.0-SNAPSHOT/hadoop-ozone-common-0.5.0-SNAPSHOT.jar:/home/user/.m2/repository/org/apache/commons/commons-compress/1.4.1/commons-compress-1.4.1.jar:/home/user/.m2/repository/org/tukaani/xz/1.0/xz-1.0.jar:/home/user/.m2/repository/org/apache/hadoop/hadoop-common/3.2.0/hadoop-common-3.2.0.jar:/home/user/.m2/repository/org/apache/hadoop/hadoop-hdfs/3.2.0/hadoop-hdfs-3.2.0.jar:/home/user/.m2/repository/org/apache/hadoop/hadoop-hdfs-client/3.2.0/hadoop-hdfs-client-3.2.0.jar:/home/user/.m2/repository/com/fasterxml/jackson/core/jackson-annotations/2.9.9/jackson-annotations-2.9.9.jar:/home/user/.m2/repository/org/apache/hadoop/hadoop-hdds-common/0.5.0-SNAPSHOT/hadoop-hdds-common-0.5.0-SNAPSHOT.jar:/home/user/.m2/repository/javax/annotation/javax.annotation-api/1.2/javax.annotation-api-1.2.jar:/home/user/.m2/repository/org/apache/ratis/ratis-server/0.5.0-201fc85-SNAPSHOT/ratis-server-0.5.0-201fc85-SNAPSHOT.jar:/home/user/.m2/repository/org/apache/ratis/ratis-thirdparty-misc/0.2.0/ratis-thirdparty-misc-0.2.0.jar:/home/user/.m2/repository/org/apache/ratis/ratis-proto/0.5.0-201fc85-SNAPSHOT/ratis-proto-0.5.0-201fc85-SNAPSHOT.jar:/home/user/.m2/repository/org/apache/ratis/ratis-common/0.5.0-201fc85-SNAPSHOT/ratis-common-0.5.0-201fc85-SNAPSHOT.jar:/home/user/.m2/repository/org/apache/ratis/ratis-client/0.5.0-201fc85-SNAPSHOT/ratis-client-0.5.0-201fc85-SNAPSHOT.jar:/home/user/.m2/repository/org/apache/ratis/ratis-metrics/0.5.0-201fc85-SNAPSHOT/ratis-metrics-0.5.0-201fc85-SNAPSHOT.jar:/home/user/.m2/repository/com/github/joshelser/dropwizard-metrics-hadoop-metrics2-reporter/0.1.2/dropwizard-metrics-hadoop-metrics2-reporter-0.1.2.jar:/home/user/.m2/repository/io/dropwizard/metrics/metrics-jvm/3.2.5/metrics-jvm-3.2.5.jar:/home/user/.m2/repository/io/dropwizard/metrics/metrics-ganglia/3.2.5/metrics-ganglia-3.2.5.jar:/home/user/.m2/repository/info/ganglia/gmetric4j/gmetric4j/1.0.7/gmetric4j-1.0.7.jar:/home/user/.m2/repository/org/apache/ratis/ratis-netty/0.5.0-201fc85-SNAPSHOT/ratis-netty-0.5.0-201fc85-SNAPSHOT.jar:/home/user/.m2/repository/org/apache/ratis/ratis-grpc/0.5.0-201fc85-SNAPSHOT/ratis-grpc-0.5.0-201fc85-SNAPSHOT.jar:/home/user/.m2/repository/org/rocksdb/rocksdbjni/6.0.1/rocksdbjni-6.0.1.jar:/home/user/.m2/repository/org/apache/logging/log4j/log4j-api/2.11.0/log4j-api-2.11.0.jar:/home/user/.m2/repository/org/apache/logging/log4j/log4j-core/2.11.0/log4j-core-2.11.0.jar:/home/user/.m2/repository/com/lmax/disruptor/3.4.2/disruptor-3.4.2.jar:/home/user/.m2/repository/org/apache/commons/commons-pool2/2.6.0/commons-pool2-2.6.0.jar:/home/user/.m2/repository/org/bouncycastle/bcpkix-jdk15on/1.60/bcpkix-jdk15on-1.60.jar:/home/user/.m2/repository/commons-validator/commons-validator/1.6/commons-validator-1.6.jar:/home/user/.m2/repository/commons-digester/commons-digester/1.8.1/commons-digester-1.8.1.jar:/home/user/.m2/repository/io/jaegertracing/jaeger-client/0.34.0/jaeger-client-0.34.0.jar:/home/user/.m2/repository/io/jaegertracing/jaeger-thrift/0.34.0/jaeger-thrift-0.34.0.jar:/home/user/.m2/repository/org/apache/thrift/libthrift/0.12.0/libthrift-0.12.0.jar:/home/user/.m2/repository/com/squareup/okhttp3/okhttp/3.9.0/okhttp-3.9.0.jar:/home/user/.m2/repository/com/squareup/okio/okio/1.13.0/okio-1.13.0.jar:/home/user/.m2/repository/io/jaegertracing/jaeger-core/0.34.0/jaeger-core-0.34.0.jar:/home/user/.m2/repository/io/jaegertracing/jaeger-tracerresolver/0.34.0/jaeger-tracerresolver-0.34.0.jar:/home/user/.m2/repository/io/opentracing/contrib/opentracing-tracerresolver/0.1.5/opentracing-tracerresolver-0.1.5.jar:/home/user/.m2/repository/io/opentracing/opentracing-util/0.31.0/opentracing-util-0.31.0.jar:/home/user/.m2/repository/io/opentracing/opentracing-api/0.31.0/opentracing-api-0.31.0.jar:/home/user/.m2/repository/io/opentracing/opentracing-noop/0.31.0/opentracing-noop-0.31.0.jar:/home/user/.m2/repository/org/apache/hadoop/hadoop-hdds-server-framework/0.5.0-SNAPSHOT/hadoop-hdds-server-framework-0.5.0-SNAPSHOT.jar:/home/user/.m2/repository/org/apache/hadoop/hadoop-hdds-container-service/0.5.0-SNAPSHOT/hadoop-hdds-container-service-0.5.0-SNAPSHOT.jar:/home/user/.m2/repository/org/apache/hadoop/hadoop-hdds-client/0.5.0-SNAPSHOT/hadoop-hdds-client-0.5.0-SNAPSHOT.jar:/home/user/.m2/repository/org/apache/hadoop/hadoop-hdds-tools/0.5.0-SNAPSHOT/hadoop-hdds-tools-0.5.0-SNAPSHOT.jar:/home/user/.m2/repository/org/apache/hadoop/hadoop-hdds-server-scm/0.5.0-SNAPSHOT/hadoop-hdds-server-scm-0.5.0-SNAPSHOT.jar:/home/user/.m2/repository/org/apache/hadoop/hadoop-hdds-docs/0.5.0-SNAPSHOT/hadoop-hdds-docs-0.5.0-SNAPSHOT.jar:/home/user/.m2/repository/io/dropwizard/metrics/metrics-core/3.2.4/metrics-core-3.2.4.jar:/home/user/.m2/repository/org/hamcrest/hamcrest-all/1.3/hamcrest-all-1.3.jar:/home/user/.m2/repository/org/bouncycastle/bcprov-jdk15on/1.60/bcprov-jdk15on-1.60.jar:/home/user/.m2/repository/info/picocli/picocli/3.9.6/picocli-3.9.6.jar:/home/user/.m2/repository/com/google/protobuf/protobuf-java/2.5.0/protobuf-java-2.5.0.jar:/home/user/.m2/repository/com/google/guava/guava/11.0.2/guava-11.0.2.jar:/home/user/.m2/repository/org/apache/hadoop/hadoop-ozone-ozone-manager/0.5.0-SNAPSHOT/hadoop-ozone-ozone-manager-0.5.0-SNAPSHOT.jar:/home/user/.m2/repository/org/apache/hadoop/hadoop-minikdc/3.2.0/hadoop-minikdc-3.2.0.jar:/home/user/.m2/repository/commons-io/commons-io/2.5/commons-io-2.5.jar:/home/user/.m2/repository/org/apache/kerby/kerb-simplekdc/1.0.1/kerb-simplekdc-1.0.1.jar:/home/user/.m2/repository/org/apache/kerby/kerb-client/1.0.1/kerb-client-1.0.1.jar:/home/user/.m2/repository/org/apache/kerby/kerby-config/1.0.1/kerby-config-1.0.1.jar:/home/user/.m2/repository/org/apache/kerby/kerb-core/1.0.1/kerb-core-1.0.1.jar:/home/user/.m2/repository/org/apache/kerby/kerby-pkix/1.0.1/kerby-pkix-1.0.1.jar:/home/user/.m2/repository/org/apache/kerby/kerby-asn1/1.0.1/kerby-asn1-1.0.1.jar:/home/user/.m2/repository/org/apache/kerby/kerby-util/1.0.1/kerby-util-1.0.1.jar:/home/user/.m2/repository/org/apache/kerby/kerb-common/1.0.1/kerb-common-1.0.1.jar:/home/user/.m2/repository/org/apache/kerby/kerb-crypto/1.0.1/kerb-crypto-1.0.1.jar:/home/user/.m2/repository/org/apache/kerby/kerb-util/1.0.1/kerb-util-1.0.1.jar:/home/user/.m2/repository/org/apache/kerby/token-provider/1.0.1/token-provider-1.0.1.jar:/home/user/.m2/repository/org/apache/kerby/kerb-admin/1.0.1/kerb-admin-1.0.1.jar:/home/user/.m2/repository/org/apache/kerby/kerb-server/1.0.1/kerb-server-1.0.1.jar:/home/user/.m2/repository/org/apache/kerby/kerb-identity/1.0.1/kerb-identity-1.0.1.jar:/home/user/.m2/repository/org/apache/kerby/kerby-xdr/1.0.1/kerby-xdr-1.0.1.jar:/home/user/.m2/repository/org/slf4j/slf4j-log4j12/1.7.25/slf4j-log4j12-1.7.25.jar:/home/user/.m2/repository/org/apache/hadoop/hadoop-ozone-s3gateway/0.5.0-SNAPSHOT/hadoop-ozone-s3gateway-0.5.0-SNAPSHOT.jar:/home/user/.m2/repository/org/jboss/weld/servlet/weld-servlet/2.4.7.Final/weld-servlet-2.4.7.Final.jar:/home/user/.m2/repository/org/glassfish/jersey/containers/jersey-container-servlet-core/2.27/jersey-container-servlet-core-2.27.jar:/home/user/.m2/repository/org/glassfish/hk2/external/javax.inject/2.5.0-b42/javax.inject-2.5.0-b42.jar:/home/user/.m2/repository/org/glassfish/jersey/core/jersey-common/2.27/jersey-common-2.27.jar:/home/user/.m2/repository/org/glassfish/hk2/osgi-resource-locator/1.0.1/osgi-resource-locator-1.0.1.jar:/home/user/.m2/repository/javax/ws/rs/javax.ws.rs-api/2.1/javax.ws.rs-api-2.1.jar:/home/user/.m2/repository/org/glassfish/jersey/ext/cdi/jersey-cdi1x/2.27/jersey-cdi1x-2.27.jar:/home/user/.m2/repository/org/glassfish/jersey/inject/jersey-hk2/2.27/jersey-hk2-2.27.jar:/home/user/.m2/repository/org/glassfish/hk2/hk2-locator/2.5.0-b42/hk2-locator-2.5.0-b42.jar:/home/user/.m2/repository/org/javassist/javassist/3.22.0-CR2/javassist-3.22.0-CR2.jar:/home/user/.m2/repository/org/glassfish/hk2/hk2-api/2.5.0/hk2-api-2.5.0.jar:/home/user/.m2/repository/org/glassfish/hk2/external/jakarta.inject/2.5.0/jakarta.inject-2.5.0.jar:/home/user/.m2/repository/org/glassfish/hk2/hk2-utils/2.5.0/hk2-utils-2.5.0.jar:/home/user/.m2/repository/jakarta/annotation/jakarta.annotation-api/1.3.4/jakarta.annotation-api-1.3.4.jar:/home/user/.m2/repository/org/glassfish/hk2/external/aopalliance-repackaged/2.5.0/aopalliance-repackaged-2.5.0.jar:/home/user/.m2/repository/com/fasterxml/jackson/dataformat/jackson-dataformat-xml/2.9.0/jackson-dataformat-xml-2.9.0.jar:/home/user/.m2/repository/com/fasterxml/jackson/core/jackson-core/2.9.9/jackson-core-2.9.9.jar:/home/user/.m2/repository/com/fasterxml/jackson/module/jackson-module-jaxb-annotations/2.9.9/jackson-module-jaxb-annotations-2.9.9.jar:/home/user/.m2/repository/javax/enterprise/cdi-api/1.2/cdi-api-1.2.jar:/home/user/.m2/repository/javax/el/javax.el-api/3.0.0/javax.el-api-3.0.0.jar:/home/user/.m2/repository/javax/interceptor/javax.interceptor-api/1.2/javax.interceptor-api-1.2.jar:/home/user/.m2/repository/javax/inject/javax.inject/1/javax.inject-1.jar:/home/user/.m2/repository/com/sun/xml/bind/jaxb-impl/2.3.0.1/jaxb-impl-2.3.0.1.jar:/home/user/.m2/repository/com/sun/xml/bind/jaxb-core/2.3.0.1/jaxb-core-2.3.0.1.jar:/home/user/.m2/repository/javax/xml/bind/jaxb-api/2.3.0/jaxb-api-2.3.0.jar:/home/user/.m2/repository/javax/activation/activation/1.1.1/activation-1.1.1.jar:/home/user/.m2/repository/org/apache/hadoop/hadoop-ozone-csi/0.5.0-SNAPSHOT/hadoop-ozone-csi-0.5.0-SNAPSHOT.jar:/home/user/.m2/repository/com/google/protobuf/protobuf-java-util/3.5.1/protobuf-java-util-3.5.1.jar:/home/user/.m2/repository/org/apache/hadoop/hadoop-hdds-config/0.5.0-SNAPSHOT/hadoop-hdds-config-0.5.0-SNAPSHOT.jar:/home/user/.m2/repository/io/grpc/grpc-netty/1.17.1/grpc-netty-1.17.1.jar:/home/user/.m2/repository/io/grpc/grpc-core/1.17.1/grpc-core-1.17.1.jar:/home/user/.m2/repository/io/grpc/grpc-context/1.17.1/grpc-context-1.17.1.jar:/home/user/.m2/repository/com/google/errorprone/error_prone_annotations/2.2.0/error_prone_annotations-2.2.0.jar:/home/user/.m2/repository/org/codehaus/mojo/animal-sniffer-annotations/1.17/animal-sniffer-annotations-1.17.jar:/home/user/.m2/repository/io/opencensus/opencensus-api/0.17.0/opencensus-api-0.17.0.jar:/home/user/.m2/repository/io/opencensus/opencensus-contrib-grpc-metrics/0.17.0/opencensus-contrib-grpc-metrics-0.17.0.jar:/home/user/.m2/repository/io/netty/netty-codec-http2/4.1.30.Final/netty-codec-http2-4.1.30.Final.jar:/home/user/.m2/repository/io/netty/netty-codec-http/4.1.30.Final/netty-codec-http-4.1.30.Final.jar:/home/user/.m2/repository/io/netty/netty-codec/4.1.30.Final/netty-codec-4.1.30.Final.jar:/home/user/.m2/repository/io/netty/netty-handler/4.1.30.Final/netty-handler-4.1.30.Final.jar:/home/user/.m2/repository/io/netty/netty-handler-proxy/4.1.30.Final/netty-handler-proxy-4.1.30.Final.jar:/home/user/.m2/repository/io/netty/netty-codec-socks/4.1.30.Final/netty-codec-socks-4.1.30.Final.jar:/home/user/.m2/repository/io/netty/netty-transport-native-epoll/4.1.30.Final/netty-transport-native-epoll-4.1.30.Final.jar:/home/user/.m2/repository/io/netty/netty-common/4.1.30.Final/netty-common-4.1.30.Final.jar:/home/user/.m2/repository/io/netty/netty-buffer/4.1.30.Final/netty-buffer-4.1.30.Final.jar:/home/user/.m2/repository/io/netty/netty-transport/4.1.30.Final/netty-transport-4.1.30.Final.jar:/home/user/.m2/repository/io/netty/netty-resolver/4.1.30.Final/netty-resolver-4.1.30.Final.jar:/home/user/.m2/repository/io/netty/netty-transport-native-unix-common/4.1.30.Final/netty-transport-native-unix-common-4.1.30.Final.jar:/home/user/.m2/repository/io/grpc/grpc-protobuf/1.17.1/grpc-protobuf-1.17.1.jar:/home/user/.m2/repository/com/google/api/grpc/proto-google-common-protos/1.0.0/proto-google-common-protos-1.0.0.jar:/home/user/.m2/repository/io/grpc/grpc-protobuf-lite/1.17.1/grpc-protobuf-lite-1.17.1.jar:/home/user/.m2/repository/io/grpc/grpc-stub/1.17.1/grpc-stub-1.17.1.jar:/home/user/.m2/repository/org/apache/hadoop/hadoop-ozone-recon/0.5.0-SNAPSHOT/hadoop-ozone-recon-0.5.0-SNAPSHOT.jar:/home/user/.m2/repository/org/apache/hadoop/hadoop-ozone-reconcodegen/0.5.0-SNAPSHOT/hadoop-ozone-reconcodegen-0.5.0-SNAPSHOT.jar:/home/user/.m2/repository/com/google/inject/extensions/guice-multibindings/4.0/guice-multibindings-4.0.jar:/home/user/.m2/repository/com/google/inject/guice/4.0/guice-4.0.jar:/home/user/.m2/repository/aopalliance/aopalliance/1.0/aopalliance-1.0.jar:/home/user/.m2/repository/com/google/inject/extensions/guice-servlet/4.0/guice-servlet-4.0.jar:/home/user/.m2/repository/org/glassfish/jersey/containers/jersey-container-servlet/2.27/jersey-container-servlet-2.27.jar:/home/user/.m2/repository/org/glassfish/hk2/guice-bridge/2.5.0/guice-bridge-2.5.0.jar:/home/user/.m2/repository/org/glassfish/jersey/core/jersey-server/2.27/jersey-server-2.27.jar:/home/user/.m2/repository/org/glassfish/jersey/core/jersey-client/2.27/jersey-client-2.27.jar:/home/user/.m2/repository/org/glassfish/jersey/media/jersey-media-jaxb/2.27/jersey-media-jaxb-2.27.jar:/home/user/.m2/repository/javax/validation/validation-api/1.1.0.Final/validation-api-1.1.0.Final.jar:/home/user/.m2/repository/org/glassfish/jersey/media/jersey-media-json-jackson/2.27/jersey-media-json-jackson-2.27.jar:/home/user/.m2/repository/org/glassfish/jersey/ext/jersey-entity-filtering/2.27/jersey-entity-filtering-2.27.jar:/home/user/.m2/repository/com/google/inject/extensions/guice-assistedinject/4.0/guice-assistedinject-4.0.jar:/home/user/.m2/repository/org/jooq/jooq/3.11.10/jooq-3.11.10.jar:/home/user/.m2/repository/org/jooq/jooq-meta/3.11.10/jooq-meta-3.11.10.jar:/home/user/.m2/repository/org/jooq/jooq-codegen/3.11.10/jooq-codegen-3.11.10.jar:/home/user/.m2/repository/com/jolbox/bonecp/0.8.0.RELEASE/bonecp-0.8.0.RELEASE.jar:/home/user/.m2/repository/org/xerial/sqlite-jdbc/3.25.2/sqlite-jdbc-3.25.2.jar:/home/user/.m2/repository/org/springframework/spring-jdbc/5.1.3.RELEASE/spring-jdbc-5.1.3.RELEASE.jar:/home/user/.m2/repository/org/springframework/spring-beans/5.1.3.RELEASE/spring-beans-5.1.3.RELEASE.jar:/home/user/.m2/repository/org/springframework/spring-core/5.1.3.RELEASE/spring-core-5.1.3.RELEASE.jar:/home/user/.m2/repository/org/springframework/spring-jcl/5.1.3.RELEASE/spring-jcl-5.1.3.RELEASE.jar:/home/user/.m2/repository/org/springframework/spring-tx/5.1.3.RELEASE/spring-tx-5.1.3.RELEASE.jar:/home/user/.m2/repository/org/apache/hadoop/hadoop-ozone-client/0.5.0-SNAPSHOT/hadoop-ozone-client-0.5.0-SNAPSHOT.jar:/home/user/.m2/repository/commons-lang/commons-lang/2.6/commons-lang-2.6.jar:/home/user/.m2/repository/org/apache/hadoop/hadoop-ozone-ozone-manager/0.5.0-SNAPSHOT/hadoop-ozone-ozone-manager-0.5.0-SNAPSHOT-tests.jar:/home/user/.m2/repository/junit/junit/4.11/junit-4.11.jar:/home/user/.m2/repository/org/hamcrest/hamcrest-core/1.3/hamcrest-core-1.3.jar:/home/user/.m2/repository/org/openjdk/jmh/jmh-core/1.19/jmh-core-1.19.jar:/home/user/.m2/repository/net/sf/jopt-simple/jopt-simple/4.6/jopt-simple-4.6.jar:/home/user/.m2/repository/org/apache/commons/commons-math3/3.1.1/commons-math3-3.1.1.jar:/home/user/.m2/repository/org/openjdk/jmh/jmh-generator-annprocess/1.19/jmh-generator-annprocess-1.19.jar:/home/user/.m2/repository/org/mockito/mockito-all/1.8.5/mockito-all-1.8.5.jar:/home/user/.m2/repository/org/apache/hadoop/hadoop-kms/3.2.0/hadoop-kms-3.2.0.jar:/home/user/.m2/repository/org/apache/hadoop/hadoop-auth/3.2.0/hadoop-auth-3.2.0.jar:/home/user/.m2/repository/com/nimbusds/nimbus-jose-jwt/4.41.1/nimbus-jose-jwt-4.41.1.jar:/home/user/.m2/repository/com/github/stephenc/jcip/jcip-annotations/1.0-1/jcip-annotations-1.0-1.jar:/home/user/.m2/repository/net/minidev/json-smart/2.3/json-smart-2.3.jar:/home/user/.m2/repository/net/minidev/accessors-smart/1.2/accessors-smart-1.2.jar:/home/user/.m2/repository/org/ow2/asm/asm/5.0.4/asm-5.0.4.jar:/home/user/.m2/repository/org/apache/curator/curator-framework/2.12.0/curator-framework-2.12.0.jar:/home/user/.m2/repository/com/sun/jersey/jersey-core/1.19/jersey-core-1.19.jar:/home/user/.m2/repository/javax/ws/rs/jsr311-api/1.1.1/jsr311-api-1.1.1.jar:/home/user/.m2/repository/com/sun/jersey/jersey-server/1.19/jersey-server-1.19.jar:/home/user/.m2/repository/javax/servlet/javax.servlet-api/3.1.0/javax.servlet-api-3.1.0.jar:/home/user/.m2/repository/org/eclipse/jetty/jetty-server/9.3.25.v20180904/jetty-server-9.3.25.v20180904.jar:/home/user/.m2/repository/org/eclipse/jetty/jetty-http/9.3.25.v20180904/jetty-http-9.3.25.v20180904.jar:/home/user/.m2/repository/org/eclipse/jetty/jetty-io/9.3.25.v20180904/jetty-io-9.3.25.v20180904.jar:/home/user/.m2/repository/org/eclipse/jetty/jetty-webapp/9.3.25.v20180904/jetty-webapp-9.3.25.v20180904.jar:/home/user/.m2/repository/org/eclipse/jetty/jetty-xml/9.3.25.v20180904/jetty-xml-9.3.25.v20180904.jar:/home/user/.m2/repository/log4j/log4j/1.2.17/log4j-1.2.17.jar:/home/user/.m2/repository/org/slf4j/slf4j-api/1.7.25/slf4j-api-1.7.25.jar:/home/user/.m2/repository/org/slf4j/jul-to-slf4j/1.7.25/jul-to-slf4j-1.7.25.jar:/home/user/.m2/repository/org/eclipse/jetty/jetty-util/9.3.25.v20180904/jetty-util-9.3.25.v20180904.jar:/home/user/.m2/repository/com/fasterxml/jackson/core/jackson-databind/2.9.9/jackson-databind-2.9.9.jar:/home/user/.m2/repository/org/apache/hadoop/hadoop-kms/3.2.0/hadoop-kms-3.2.0-tests.jar:/home/user/.m2/repository/org/apache/hadoop/hadoop-hdds-server-scm/0.5.0-SNAPSHOT/hadoop-hdds-server-scm-0.5.0-SNAPSHOT-tests.jar:/home/user/.m2/repository/org/apache/hadoop/hadoop-hdds-container-service/0.5.0-SNAPSHOT/hadoop-hdds-container-service-0.5.0-SNAPSHOT-tests.jar:/home/user/.m2/repository/org/yaml/snakeyaml/1.16/snakeyaml-1.16.jar:/home/user/.m2/repository/org/apache/hadoop/hadoop-common/3.2.0/hadoop-common-3.2.0-tests.jar:/home/user/.m2/repository/org/apache/hadoop/hadoop-annotations/3.2.0/hadoop-annotations-3.2.0.jar:/usr/lib/jvm/java-1.8-openjdk/jre/../lib/tools.jar:/home/user/.m2/repository/commons-cli/commons-cli/1.2/commons-cli-1.2.jar:/home/user/.m2/repository/org/apache/httpcomponents/httpclient/4.5.2/httpclient-4.5.2.jar:/home/user/.m2/repository/org/apache/httpcomponents/httpcore/4.4.4/httpcore-4.4.4.jar:/home/user/.m2/repository/commons-codec/commons-codec/1.11/commons-codec-1.11.jar:/home/user/.m2/repository/commons-net/commons-net/3.6/commons-net-3.6.jar:/home/user/.m2/repository/commons-collections/commons-collections/3.2.2/commons-collections-3.2.2.jar:/home/user/.m2/repository/org/eclipse/jetty/jetty-servlet/9.3.25.v20180904/jetty-servlet-9.3.25.v20180904.jar:/home/user/.m2/repository/org/eclipse/jetty/jetty-security/9.3.25.v20180904/jetty-security-9.3.25.v20180904.jar:/home/user/.m2/repository/javax/servlet/jsp/jsp-api/2.1/jsp-api-2.1.jar:/home/user/.m2/repository/com/sun/jersey/jersey-servlet/1.19/jersey-servlet-1.19.jar:/home/user/.m2/repository/com/sun/jersey/jersey-json/1.19/jersey-json-1.19.jar:/home/user/.m2/repository/org/codehaus/jettison/jettison/1.1/jettison-1.1.jar:/home/user/.m2/repository/org/codehaus/jackson/jackson-core-asl/1.9.13/jackson-core-asl-1.9.13.jar:/home/user/.m2/repository/org/codehaus/jackson/jackson-mapper-asl/1.9.13/jackson-mapper-asl-1.9.13.jar:/home/user/.m2/repository/org/codehaus/jackson/jackson-jaxrs/1.9.13/jackson-jaxrs-1.9.13.jar:/home/user/.m2/repository/org/codehaus/jackson/jackson-xc/1.9.13/jackson-xc-1.9.13.jar:/home/user/.m2/repository/commons-logging/commons-logging/1.1.3/commons-logging-1.1.3.jar:/home/user/.m2/repository/commons-beanutils/commons-beanutils/1.9.4/commons-beanutils-1.9.4.jar:/home/user/.m2/repository/org/apache/commons/commons-configuration2/2.1.1/commons-configuration2-2.1.1.jar:/home/user/.m2/repository/org/apache/commons/commons-lang3/3.7/commons-lang3-3.7.jar:/home/user/.m2/repository/org/apache/commons/commons-text/1.4/commons-text-1.4.jar:/home/user/.m2/repository/org/apache/avro/avro/1.7.7/avro-1.7.7.jar:/home/user/.m2/repository/com/thoughtworks/paranamer/paranamer/2.3/paranamer-2.3.jar:/home/user/.m2/repository/org/xerial/snappy/snappy-java/1.0.5/snappy-java-1.0.5.jar:/home/user/.m2/repository/com/google/re2j/re2j/1.1/re2j-1.1.jar:/home/user/.m2/repository/com/google/code/gson/gson/2.2.4/gson-2.2.4.jar:/home/user/.m2/repository/com/jcraft/jsch/0.1.54/jsch-0.1.54.jar:/home/user/.m2/repository/org/apache/curator/curator-client/2.12.0/curator-client-2.12.0.jar:/home/user/.m2/repository/org/apache/curator/curator-recipes/2.12.0/curator-recipes-2.12.0.jar:/home/user/.m2/repository/com/google/code/findbugs/jsr305/3.0.0/jsr305-3.0.0.jar:/home/user/.m2/repository/org/apache/htrace/htrace-core4/4.1.0-incubating/htrace-core4-4.1.0-incubating.jar:/home/user/.m2/repository/org/apache/zookeeper/zookeeper/3.4.13/zookeeper-3.4.13.jar:/home/user/.m2/repository/jline/jline/0.9.94/jline-0.9.94.jar:/home/user/.m2/repository/org/apache/yetus/audience-annotations/0.5.0/audience-annotations-0.5.0.jar:/home/user/.m2/repository/org/codehaus/woodstox/stax2-api/3.1.4/stax2-api-3.1.4.jar:/home/user/.m2/repository/com/fasterxml/woodstox/woodstox-core/5.0.3/woodstox-core-5.0.3.jar:/home/user/.m2/repository/dnsjava/dnsjava/2.1.7/dnsjava-2.1.7.jar:/home/user/.m2/repository/org/apache/hadoop/hadoop-hdfs/3.2.0/hadoop-hdfs-3.2.0-tests.jar:/home/user/.m2/repository/org/eclipse/jetty/jetty-util-ajax/9.3.25.v20180904/jetty-util-ajax-9.3.25.v20180904.jar:/home/user/.m2/repository/commons-daemon/commons-daemon/1.0.13/commons-daemon-1.0.13.jar:/home/user/.m2/repository/io/netty/netty/3.10.5.Final/netty-3.10.5.Final.jar:/home/user/.m2/repository/io/netty/netty-all/4.0.52.Final/netty-all-4.0.52.Final.jar:/home/user/.m2/repository/org/fusesource/leveldbjni/leveldbjni-all/1.8/leveldbjni-all-1.8.jar:"/>
    <property name="sun.cpu.endian" value="little"/>
    <property name="user.home" value="/home/user"/>
    <property name="user.language" value="en"/>
    <property name="java.specification.vendor" value="Oracle Corporation"/>
    <property name="java.home" value="/usr/lib/jvm/java-1.8-openjdk/jre"/>
    <property name="java.security.krb5.conf" value="/workdir/hadoop-ozone/integration-test/target/test-classes/krb5.conf"/>
    <property name="basedir" value="/workdir/hadoop-ozone/integration-test"/>
    <property name="file.separator" value="/"/>
    <property name="line.separator" value="&#10;"/>
    <property name="java.vm.specification.vendor" value="Oracle Corporation"/>
    <property name="java.specification.name" value="Java Platform API Specification"/>
    <property name="java.awt.graphicsenv" value="sun.awt.X11GraphicsEnvironment"/>
    <property name="surefire.real.class.path" value="/workdir/hadoop-ozone/integration-test/target/surefire/surefirebooter3760167675286150135.jar"/>
    <property name="hadoop.log.dir" value="/workdir/hadoop-ozone/integration-test/target/log"/>
    <property name="sun.boot.class.path" value="/usr/lib/jvm/java-1.8-openjdk/jre/lib/resources.jar:/usr/lib/jvm/java-1.8-openjdk/jre/lib/rt.jar:/usr/lib/jvm/java-1.8-openjdk/jre/lib/sunrsasign.jar:/usr/lib/jvm/java-1.8-openjdk/jre/lib/jsse.jar:/usr/lib/jvm/java-1.8-openjdk/jre/lib/jce.jar:/usr/lib/jvm/java-1.8-openjdk/jre/lib/charsets.jar:/usr/lib/jvm/java-1.8-openjdk/jre/lib/jfr.jar:/usr/lib/jvm/java-1.8-openjdk/jre/classes"/>
    <property name="sun.management.compiler" value="HotSpot 64-Bit Tiered Compilers"/>
    <property name="java.runtime.version" value="1.8.0_212-b04"/>
    <property name="java.net.preferIPv4Stack" value="true"/>
    <property name="user.name" value="jenkins1000"/>
    <property name="path.separator" value=":"/>
    <property name="java.security.egd" value="file:///dev/urandom"/>
    <property name="os.version" value="3.10.0-957.12.2.el7.x86_64"/>
    <property name="java.endorsed.dirs" value="/usr/lib/jvm/java-1.8-openjdk/jre/lib/endorsed"/>
    <property name="java.runtime.name" value="OpenJDK Runtime Environment"/>
    <property name="file.encoding" value="UTF-8"/>
    <property name="java.vm.name" value="OpenJDK 64-Bit Server VM"/>
    <property name="test.build.webapps" value=""/>
    <property name="localRepository" value="/home/user/.m2/repository"/>
    <property name="java.vendor.url.bug" value="https://icedtea.classpath.org/bugzilla"/>
    <property name="java.io.tmpdir" value="/tmp"/>
    <property name="require.test.libhadoop" value=""/>
    <property name="java.version" value="1.8.0_212"/>
    <property name="user.dir" value="/workdir/hadoop-ozone/integration-test"/>
    <property name="os.arch" value="amd64"/>
    <property name="java.vm.specification.name" value="Java Virtual Machine Specification"/>
    <property name="test.build.classes" value="/workdir/hadoop-ozone/integration-test/target/test-classes"/>
    <property name="java.awt.printerjob" value="sun.print.PSPrinterJob"/>
    <property name="sun.os.patch.level" value="unknown"/>
    <property name="hadoop.tmp.dir" value="/workdir/hadoop-ozone/integration-test/target/tmp"/>
    <property name="java.library.path" value="/usr/lib/jvm/java-1.8-openjdk/jre/lib/amd64/server:/usr/lib/jvm/java-1.8-openjdk/jre/lib/amd64:/usr/lib/jvm/java-1.8-openjdk/jre/../lib/amd64:/workdir/hadoop-ozone/integration-test/target/native/target/usr/local/lib:/workdir/hadoop-ozone/integration-test/../../hadoop-common-project/hadoop-common/target/native/target/usr/local/lib:/usr/java/packages/lib/amd64:/usr/lib64:/lib64:/lib:/usr/lib"/>
    <property name="java.vm.info" value="mixed mode"/>
    <property name="java.vendor" value="IcedTea"/>
    <property name="java.vm.version" value="25.212-b04"/>
    <property name="java.ext.dirs" value="/usr/lib/jvm/java-1.8-openjdk/jre/lib/ext:/usr/java/packages/lib/ext"/>
    <property name="sun.io.unicode.encoding" value="UnicodeLittle"/>
    <property name="java.class.version" value="52.0"/>
  </properties>
  <testcase name="test2WayCommitForRetryfailure" classname="org.apache.hadoop.ozone.client.rpc.Test2WayCommitInRatis" time="42.194">
    <error message="org.apache.ratis.protocol.RaftRetryFailureException: Failed RaftClientRequest:client-28E7D96DD3FC-&gt;fe043bca-9712-4c56-92e1-fea8b14d6e88@group-6E40CD9026FE, cid=14, seq=2*, RW, org.apache.hadoop.hdds.scm.XceiverClientRatis$$Lambda$352/1077688833@2476d2b0 for 20 attempts with RetryLimited(maxAttempts=20, sleepTime=1000ms)" type="java.util.concurrent.ExecutionException">java.util.concurrent.ExecutionException: org.apache.ratis.protocol.RaftRetryFailureException: Failed RaftClientRequest:client-28E7D96DD3FC->fe043bca-9712-4c56-92e1-fea8b14d6e88@group-6E40CD9026FE, cid=14, seq=2*, RW, org.apache.hadoop.hdds.scm.XceiverClientRatis$$Lambda$352/1077688833@2476d2b0 for 20 attempts with RetryLimited(maxAttempts=20, sleepTime=1000ms)
	at java.util.concurrent.CompletableFuture.reportGet(CompletableFuture.java:357)
	at java.util.concurrent.CompletableFuture.get(CompletableFuture.java:1895)
	at org.apache.hadoop.ozone.client.rpc.Test2WayCommitInRatis.test2WayCommitForRetryfailure(Test2WayCommitInRatis.java:144)
	at sun.reflect.NativeMethodAccessorImpl.invoke0(Native Method)
	at sun.reflect.NativeMethodAccessorImpl.invoke(NativeMethodAccessorImpl.java:62)
	at sun.reflect.DelegatingMethodAccessorImpl.invoke(DelegatingMethodAccessorImpl.java:43)
	at java.lang.reflect.Method.invoke(Method.java:498)
	at org.junit.runners.model.FrameworkMethod$1.runReflectiveCall(FrameworkMethod.java:47)
	at org.junit.internal.runners.model.ReflectiveCallable.run(ReflectiveCallable.java:12)
	at org.junit.runners.model.FrameworkMethod.invokeExplosively(FrameworkMethod.java:44)
	at org.junit.internal.runners.statements.InvokeMethod.evaluate(InvokeMethod.java:17)
	at org.junit.runners.ParentRunner.runLeaf(ParentRunner.java:271)
	at org.junit.runners.BlockJUnit4ClassRunner.runChild(BlockJUnit4ClassRunner.java:70)
	at org.junit.runners.BlockJUnit4ClassRunner.runChild(BlockJUnit4ClassRunner.java:50)
	at org.junit.runners.ParentRunner$3.run(ParentRunner.java:238)
	at org.junit.runners.ParentRunner$1.schedule(ParentRunner.java:63)
	at org.junit.runners.ParentRunner.runChildren(ParentRunner.java:236)
	at org.junit.runners.ParentRunner.access$000(ParentRunner.java:53)
	at org.junit.runners.ParentRunner$2.evaluate(ParentRunner.java:229)
	at org.junit.runners.ParentRunner.run(ParentRunner.java:309)
	at org.apache.maven.surefire.junit4.JUnit4Provider.execute(JUnit4Provider.java:365)
	at org.apache.maven.surefire.junit4.JUnit4Provider.executeWithRerun(JUnit4Provider.java:273)
	at org.apache.maven.surefire.junit4.JUnit4Provider.executeTestSet(JUnit4Provider.java:238)
	at org.apache.maven.surefire.junit4.JUnit4Provider.invoke(JUnit4Provider.java:159)
	at org.apache.maven.surefire.booter.ForkedBooter.invokeProviderInSameClassLoader(ForkedBooter.java:384)
	at org.apache.maven.surefire.booter.ForkedBooter.runSuitesInProcess(ForkedBooter.java:345)
	at org.apache.maven.surefire.booter.ForkedBooter.execute(ForkedBooter.java:126)
	at org.apache.maven.surefire.booter.ForkedBooter.main(ForkedBooter.java:418)
Caused by: org.apache.ratis.protocol.RaftRetryFailureException: Failed RaftClientRequest:client-28E7D96DD3FC->fe043bca-9712-4c56-92e1-fea8b14d6e88@group-6E40CD9026FE, cid=14, seq=2*, RW, org.apache.hadoop.hdds.scm.XceiverClientRatis$$Lambda$352/1077688833@2476d2b0 for 20 attempts with RetryLimited(maxAttempts=20, sleepTime=1000ms)
	at org.apache.ratis.client.impl.RaftClientImpl.noMoreRetries(RaftClientImpl.java:271)
	at org.apache.ratis.client.impl.OrderedAsync.handleAsyncRetryFailure(OrderedAsync.java:138)
	at org.apache.ratis.client.impl.OrderedAsync.lambda$sendRequest$10(OrderedAsync.java:230)
	at java.util.concurrent.CompletableFuture.uniExceptionally(CompletableFuture.java:870)
	at java.util.concurrent.CompletableFuture$UniExceptionally.tryFire(CompletableFuture.java:852)
	at java.util.concurrent.CompletableFuture.postComplete(CompletableFuture.java:474)
	at java.util.concurrent.CompletableFuture.completeExceptionally(CompletableFuture.java:1977)
	at org.apache.ratis.grpc.client.GrpcClientProtocolClient$AsyncStreamObservers.completeReplyExceptionally(GrpcClientProtocolClient.java:345)
	at org.apache.ratis.grpc.client.GrpcClientProtocolClient$AsyncStreamObservers.access$000(GrpcClientProtocolClient.java:261)
	at org.apache.ratis.grpc.client.GrpcClientProtocolClient$AsyncStreamObservers$1.onNext(GrpcClientProtocolClient.java:273)
	at org.apache.ratis.grpc.client.GrpcClientProtocolClient$AsyncStreamObservers$1.onNext(GrpcClientProtocolClient.java:264)
	at org.apache.ratis.thirdparty.io.grpc.stub.ClientCalls$StreamObserverToCallListenerAdapter.onMessage(ClientCalls.java:421)
	at org.apache.ratis.thirdparty.io.grpc.ForwardingClientCallListener.onMessage(ForwardingClientCallListener.java:33)
	at org.apache.ratis.thirdparty.io.grpc.ForwardingClientCallListener.onMessage(ForwardingClientCallListener.java:33)
	at org.apache.ratis.thirdparty.io.grpc.internal.ClientCallImpl$ClientStreamListenerImpl$1MessagesAvailable.runInContext(ClientCallImpl.java:519)
	at org.apache.ratis.thirdparty.io.grpc.internal.ContextRunnable.run(ContextRunnable.java:37)
	at org.apache.ratis.thirdparty.io.grpc.internal.SerializingExecutor.run(SerializingExecutor.java:123)
	at java.util.concurrent.ThreadPoolExecutor.runWorker(ThreadPoolExecutor.java:1149)
	at java.util.concurrent.ThreadPoolExecutor$Worker.run(ThreadPoolExecutor.java:624)
	at java.lang.Thread.run(Thread.java:748)
Caused by: org.apache.ratis.protocol.NotLeaderException: Server fe043bca-9712-4c56-92e1-fea8b14d6e88@group-6E40CD9026FE is not the leader 1c8ebbc6-c1e6-4495-a65c-885feb4be1c7:192.168.164.206:46856
	at org.apache.ratis.client.impl.ClientProtoUtils.toRaftClientReply(ClientProtoUtils.java:243)
	at org.apache.ratis.grpc.client.GrpcClientProtocolClient$AsyncStreamObservers$1.onNext(GrpcClientProtocolClient.java:269)
	... 10 more
</error>
    <system-out><![CDATA[2019-10-03 19:46:29,131 [main] WARN  server.ServerUtils (ServerUtils.java:getScmDbDir(145)) - ozone.scm.db.dirs is not configured. We recommend adding this setting. Falling back to ozone.metadata.dirs instead.
2019-10-03 19:46:29,429 [main] WARN  server.ServerUtils (ServerUtils.java:getScmDbDir(145)) - ozone.scm.db.dirs is not configured. We recommend adding this setting. Falling back to ozone.metadata.dirs instead.
2019-10-03 19:46:29,432 [main] WARN  server.ServerUtils (ServerUtils.java:getScmDbDir(145)) - ozone.scm.db.dirs is not configured. We recommend adding this setting. Falling back to ozone.metadata.dirs instead.
2019-10-03 19:46:29,451 [main] INFO  util.log (Log.java:initialized(192)) - Logging initialized @1049ms
2019-10-03 19:46:29,551 [main] INFO  db.DBStoreBuilder (DBStoreBuilder.java:addTable(110)) - using custom profile for table: deletedBlocks
2019-10-03 19:46:29,551 [main] INFO  db.DBStoreBuilder (DBStoreBuilder.java:processTables(161)) - Using default column profile:DBProfile.DISK for Table:deletedBlocks
2019-10-03 19:46:29,552 [main] INFO  db.DBStoreBuilder (DBStoreBuilder.java:addTable(110)) - using custom profile for table: validCerts
2019-10-03 19:46:29,552 [main] INFO  db.DBStoreBuilder (DBStoreBuilder.java:processTables(161)) - Using default column profile:DBProfile.DISK for Table:validCerts
2019-10-03 19:46:29,552 [main] INFO  db.DBStoreBuilder (DBStoreBuilder.java:addTable(110)) - using custom profile for table: revokedCerts
2019-10-03 19:46:29,553 [main] INFO  db.DBStoreBuilder (DBStoreBuilder.java:processTables(161)) - Using default column profile:DBProfile.DISK for Table:revokedCerts
2019-10-03 19:46:29,564 [main] INFO  db.DBStoreBuilder (DBStoreBuilder.java:addTable(110)) - using custom profile for table: default
2019-10-03 19:46:29,565 [main] INFO  db.DBStoreBuilder (DBStoreBuilder.java:processTables(167)) - Using default column profile:DBProfile.DISK for Table:default
2019-10-03 19:46:29,566 [main] INFO  db.DBStoreBuilder (DBStoreBuilder.java:getDbProfile(198)) - Using default options. DBProfile.DISK
2019-10-03 19:46:29,864 [main] INFO  net.NodeSchemaLoader (NodeSchemaLoader.java:loadSchemaFromFile(125)) - Loading file from sun.misc.CompoundEnumeration@77888435
2019-10-03 19:46:29,867 [main] INFO  net.NodeSchemaLoader (NodeSchemaLoader.java:loadSchema(171)) - Loading network topology layer schema file
2019-10-03 19:46:29,938 [main] WARN  server.ServerUtils (ServerUtils.java:sanitizeUserArgs(70)) - ozone.scm.stale.node.interval value = 300000 is larger than max = 100000 based on the key value of ozone.scm.heartbeat.thread.interval, reset to the max value 100000.
2019-10-03 19:46:29,940 [main] WARN  server.ServerUtils (ServerUtils.java:sanitizeUserArgs(70)) - ozone.scm.stale.node.interval value = 300000 is larger than max = 100000 based on the key value of ozone.scm.heartbeat.thread.interval, reset to the max value 100000.
2019-10-03 19:46:29,942 [main] INFO  node.SCMNodeManager (SCMNodeManager.java:<init>(114)) - Entering startup safe mode.
2019-10-03 19:46:30,016 [main] INFO  algorithms.ContainerPlacementPolicyFactory (ContainerPlacementPolicyFactory.java:getPolicy(57)) - Create container placement policy of type org.apache.hadoop.hdds.scm.container.placement.algorithms.SCMContainerPlacementRandom
2019-10-03 19:46:30,031 [main] WARN  server.ServerUtils (ServerUtils.java:getScmDbDir(145)) - ozone.scm.db.dirs is not configured. We recommend adding this setting. Falling back to ozone.metadata.dirs instead.
2019-10-03 19:46:30,112 [main] INFO  pipeline.SCMPipelineManager (SCMPipelineManager.java:initializePipelineState(132)) - No pipeline exists in current db
2019-10-03 19:46:30,115 [main] WARN  server.ServerUtils (ServerUtils.java:getScmDbDir(145)) - ozone.scm.db.dirs is not configured. We recommend adding this setting. Falling back to ozone.metadata.dirs instead.
2019-10-03 19:46:30,270 [main] WARN  events.EventQueue (EventQueue.java:fireEvent(183)) - No event handler registered for event TypedEvent{payloadType=SafeModeStatus, name='SafeModeStatus'}
2019-10-03 19:46:30,641 [main] INFO  ipc.CallQueueManager (CallQueueManager.java:<init>(84)) - Using callQueue: class java.util.concurrent.LinkedBlockingQueue, queueCapacity: 2000, scheduler: class org.apache.hadoop.ipc.DefaultRpcScheduler, ipcBackoff: false.
2019-10-03 19:46:30,668 [Socket Reader #1 for port 34835] INFO  ipc.Server (Server.java:run(1074)) - Starting Socket Reader #1 for port 34835
2019-10-03 19:46:30,810 [main] INFO  ipc.CallQueueManager (CallQueueManager.java:<init>(84)) - Using callQueue: class java.util.concurrent.LinkedBlockingQueue, queueCapacity: 2000, scheduler: class org.apache.hadoop.ipc.DefaultRpcScheduler, ipcBackoff: false.
2019-10-03 19:46:30,811 [Socket Reader #1 for port 35253] INFO  ipc.Server (Server.java:run(1074)) - Starting Socket Reader #1 for port 35253
2019-10-03 19:46:30,822 [main] INFO  ipc.CallQueueManager (CallQueueManager.java:<init>(84)) - Using callQueue: class java.util.concurrent.LinkedBlockingQueue, queueCapacity: 2000, scheduler: class org.apache.hadoop.ipc.DefaultRpcScheduler, ipcBackoff: false.
2019-10-03 19:46:30,823 [Socket Reader #1 for port 37999] INFO  ipc.Server (Server.java:run(1074)) - Starting Socket Reader #1 for port 37999
2019-10-03 19:46:30,848 [main] INFO  hdfs.DFSUtil (DFSUtil.java:httpServerTemplateForNNAndJN(1641)) - Starting Web-server for scm at: http://0.0.0.0:0
2019-10-03 19:46:31,029 [main] INFO  server.AuthenticationFilter (AuthenticationFilter.java:constructSecretProvider(240)) - Unable to initialize FileSignerSecretProvider, falling back to use random secrets.
2019-10-03 19:46:31,038 [main] WARN  http.HttpRequestLog (HttpRequestLog.java:getRequestLog(97)) - Jetty request log can only be enabled using Log4j
2019-10-03 19:46:31,046 [main] INFO  http.HttpServer2 (HttpServer2.java:addGlobalFilter(975)) - Added global filter 'safety' (class=org.apache.hadoop.http.HttpServer2$QuotingInputFilter)
2019-10-03 19:46:31,049 [main] INFO  http.HttpServer2 (HttpServer2.java:addFilter(948)) - Added filter static_user_filter (class=org.apache.hadoop.http.lib.StaticUserWebFilter$StaticUserFilter) to context scm
2019-10-03 19:46:31,049 [main] INFO  http.HttpServer2 (HttpServer2.java:addFilter(958)) - Added filter static_user_filter (class=org.apache.hadoop.http.lib.StaticUserWebFilter$StaticUserFilter) to context static
2019-10-03 19:46:31,049 [main] INFO  http.HttpServer2 (HttpServer2.java:addFilter(958)) - Added filter static_user_filter (class=org.apache.hadoop.http.lib.StaticUserWebFilter$StaticUserFilter) to context logs
2019-10-03 19:46:31,082 [main] INFO  server.StorageContainerManager (StorageContainerManager.java:start(770)) - StorageContainerLocationProtocol RPC server is listening at /0.0.0.0:37999
2019-10-03 19:46:31,169 [main] WARN  impl.MetricsConfig (MetricsConfig.java:loadFirst(134)) - Cannot locate configuration: tried hadoop-metrics2-storagecontainermanager.properties,hadoop-metrics2.properties
2019-10-03 19:46:31,185 [main] INFO  impl.MetricsSystemImpl (MetricsSystemImpl.java:startTimer(374)) - Scheduled Metric snapshot period at 10 second(s).
2019-10-03 19:46:31,185 [main] INFO  impl.MetricsSystemImpl (MetricsSystemImpl.java:start(191)) - StorageContainerManager metrics system started
2019-10-03 19:46:31,460 [main] INFO  server.SCMClientProtocolServer (SCMClientProtocolServer.java:start(159)) - RPC server for Client  is listening at /0.0.0.0:37999
2019-10-03 19:46:31,461 [IPC Server Responder] INFO  ipc.Server (Server.java:run(1314)) - IPC Server Responder: starting
2019-10-03 19:46:31,461 [IPC Server listener on 37999] INFO  ipc.Server (Server.java:run(1153)) - IPC Server listener on 37999: starting
2019-10-03 19:46:31,463 [main] INFO  server.StorageContainerManager (StorageContainerManager.java:start(780)) - ScmBlockLocationProtocol RPC server is listening at /0.0.0.0:35253
2019-10-03 19:46:31,464 [main] INFO  server.SCMBlockProtocolServer (SCMBlockProtocolServer.java:start(146)) - RPC server for Block Protocol is listening at /0.0.0.0:35253
2019-10-03 19:46:31,464 [IPC Server Responder] INFO  ipc.Server (Server.java:run(1314)) - IPC Server Responder: starting
2019-10-03 19:46:31,465 [IPC Server listener on 35253] INFO  ipc.Server (Server.java:run(1153)) - IPC Server listener on 35253: starting
2019-10-03 19:46:31,467 [main] INFO  server.StorageContainerManager (StorageContainerManager.java:start(784)) - ScmDatanodeProtocl RPC server is listening at /0.0.0.0:34835
2019-10-03 19:46:31,467 [main] INFO  server.SCMDatanodeProtocolServer (SCMDatanodeProtocolServer.java:start(169)) - RPC server for DataNodes is listening at /0.0.0.0:34835
2019-10-03 19:46:31,468 [IPC Server Responder] INFO  ipc.Server (Server.java:run(1314)) - IPC Server Responder: starting
2019-10-03 19:46:31,468 [IPC Server listener on 34835] INFO  ipc.Server (Server.java:run(1153)) - IPC Server listener on 34835: starting
2019-10-03 19:46:31,472 [main] INFO  http.HttpServer2 (HttpServer2.java:bindListener(1191)) - Jetty bound to port 36312
2019-10-03 19:46:31,473 [main] INFO  server.Server (Server.java:doStart(351)) - jetty-9.3.25.v20180904, build timestamp: 2018-09-04T21:11:46Z, git hash: 3ce520221d0240229c862b122d2b06c12a625732
2019-10-03 19:46:31,511 [main] INFO  handler.ContextHandler (ContextHandler.java:doStart(781)) - Started o.e.j.s.ServletContextHandler@4c550889{/logs,file:///workdir/hadoop-ozone/integration-test/target/log,AVAILABLE}
2019-10-03 19:46:31,512 [main] INFO  handler.ContextHandler (ContextHandler.java:doStart(781)) - Started o.e.j.s.ServletContextHandler@44040454{/static,file:///workdir/hadoop-ozone/integration-test/target/test-classes/webapps/static,AVAILABLE}
2019-10-03 19:46:31,545 [main] INFO  handler.ContextHandler (ContextHandler.java:doStart(781)) - Started o.e.j.w.WebAppContext@64f857e7{/,file:///workdir/hadoop-ozone/integration-test/target/test-classes/webapps/scm/,AVAILABLE}{/scm}
2019-10-03 19:46:31,551 [main] INFO  server.AbstractConnector (AbstractConnector.java:doStart(278)) - Started ServerConnector@617fe9e1{HTTP/1.1,[http/1.1]}{0.0.0.0:36312}
2019-10-03 19:46:31,551 [main] INFO  server.Server (Server.java:doStart(419)) - Started @3149ms
2019-10-03 19:46:31,553 [main] INFO  impl.MetricsSinkAdapter (MetricsSinkAdapter.java:start(204)) - Sink prometheus started
2019-10-03 19:46:31,553 [main] INFO  impl.MetricsSystemImpl (MetricsSystemImpl.java:registerSink(301)) - Registered sink prometheus
2019-10-03 19:46:31,555 [main] INFO  server.BaseHttpServer (BaseHttpServer.java:updateConnectorAddress(215)) - HTTP server of SCM is listening at http://0.0.0.0:36312
2019-10-03 19:46:31,562 [org.apache.hadoop.util.JvmPauseMonitor$Monitor@42257bdd] INFO  util.JvmPauseMonitor (JvmPauseMonitor.java:run(188)) - Starting JVM pause monitor
2019-10-03 19:46:31,566 [main] WARN  server.ServerUtils (ServerUtils.java:getDBPath(222)) - ozone.om.db.dirs is not configured. We recommend adding this setting. Falling back to ozone.metadata.dirs instead.
2019-10-03 19:46:31,673 [main] INFO  ha.OMHANodeDetails (OMHANodeDetails.java:loadOMHAConfig(190)) - Configuration either no ozone.om.address set. Falling back to the default OM address /127.0.0.1:0
2019-10-03 19:46:31,674 [main] INFO  ha.OMHANodeDetails (OMHANodeDetails.java:getOMNodeDetails(220)) - OM Service ID is not set. Setting it to the default ID: omServiceIdDefault
2019-10-03 19:46:31,675 [main] WARN  server.ServerUtils (ServerUtils.java:getDBPath(222)) - ozone.om.db.dirs is not configured. We recommend adding this setting. Falling back to ozone.metadata.dirs instead.
2019-10-03 19:46:31,676 [main] WARN  server.ServerUtils (ServerUtils.java:getDBPath(222)) - ozone.om.db.dirs is not configured. We recommend adding this setting. Falling back to ozone.metadata.dirs instead.
2019-10-03 19:46:32,379 [main] WARN  server.ServerUtils (ServerUtils.java:getDBPath(222)) - ozone.om.db.dirs is not configured. We recommend adding this setting. Falling back to ozone.metadata.dirs instead.
2019-10-03 19:46:32,387 [main] INFO  db.DBStoreBuilder (DBStoreBuilder.java:addTable(110)) - using custom profile for table: userTable
2019-10-03 19:46:32,387 [main] INFO  db.DBStoreBuilder (DBStoreBuilder.java:processTables(161)) - Using default column profile:DBProfile.DISK for Table:userTable
2019-10-03 19:46:32,388 [main] INFO  db.DBStoreBuilder (DBStoreBuilder.java:addTable(110)) - using custom profile for table: volumeTable
2019-10-03 19:46:32,388 [main] INFO  db.DBStoreBuilder (DBStoreBuilder.java:processTables(161)) - Using default column profile:DBProfile.DISK for Table:volumeTable
2019-10-03 19:46:32,388 [main] INFO  db.DBStoreBuilder (DBStoreBuilder.java:addTable(110)) - using custom profile for table: bucketTable
2019-10-03 19:46:32,389 [main] INFO  db.DBStoreBuilder (DBStoreBuilder.java:processTables(161)) - Using default column profile:DBProfile.DISK for Table:bucketTable
2019-10-03 19:46:32,389 [main] INFO  db.DBStoreBuilder (DBStoreBuilder.java:addTable(110)) - using custom profile for table: keyTable
2019-10-03 19:46:32,389 [main] INFO  db.DBStoreBuilder (DBStoreBuilder.java:processTables(161)) - Using default column profile:DBProfile.DISK for Table:keyTable
2019-10-03 19:46:32,389 [main] INFO  db.DBStoreBuilder (DBStoreBuilder.java:addTable(110)) - using custom profile for table: deletedTable
2019-10-03 19:46:32,390 [main] INFO  db.DBStoreBuilder (DBStoreBuilder.java:processTables(161)) - Using default column profile:DBProfile.DISK for Table:deletedTable
2019-10-03 19:46:32,390 [main] INFO  db.DBStoreBuilder (DBStoreBuilder.java:addTable(110)) - using custom profile for table: openKeyTable
2019-10-03 19:46:32,390 [main] INFO  db.DBStoreBuilder (DBStoreBuilder.java:processTables(161)) - Using default column profile:DBProfile.DISK for Table:openKeyTable
2019-10-03 19:46:32,390 [main] INFO  db.DBStoreBuilder (DBStoreBuilder.java:addTable(110)) - using custom profile for table: s3Table
2019-10-03 19:46:32,391 [main] INFO  db.DBStoreBuilder (DBStoreBuilder.java:processTables(161)) - Using default column profile:DBProfile.DISK for Table:s3Table
2019-10-03 19:46:32,391 [main] INFO  db.DBStoreBuilder (DBStoreBuilder.java:addTable(110)) - using custom profile for table: multipartInfoTable
2019-10-03 19:46:32,391 [main] INFO  db.DBStoreBuilder (DBStoreBuilder.java:processTables(161)) - Using default column profile:DBProfile.DISK for Table:multipartInfoTable
2019-10-03 19:46:32,391 [main] INFO  db.DBStoreBuilder (DBStoreBuilder.java:addTable(110)) - using custom profile for table: dTokenTable
2019-10-03 19:46:32,392 [main] INFO  db.DBStoreBuilder (DBStoreBuilder.java:processTables(161)) - Using default column profile:DBProfile.DISK for Table:dTokenTable
2019-10-03 19:46:32,392 [main] INFO  db.DBStoreBuilder (DBStoreBuilder.java:addTable(110)) - using custom profile for table: s3SecretTable
2019-10-03 19:46:32,392 [main] INFO  db.DBStoreBuilder (DBStoreBuilder.java:processTables(161)) - Using default column profile:DBProfile.DISK for Table:s3SecretTable
2019-10-03 19:46:32,392 [main] INFO  db.DBStoreBuilder (DBStoreBuilder.java:addTable(110)) - using custom profile for table: prefixTable
2019-10-03 19:46:32,393 [main] INFO  db.DBStoreBuilder (DBStoreBuilder.java:processTables(161)) - Using default column profile:DBProfile.DISK for Table:prefixTable
2019-10-03 19:46:32,393 [main] INFO  db.DBStoreBuilder (DBStoreBuilder.java:addTable(110)) - using custom profile for table: default
2019-10-03 19:46:32,393 [main] INFO  db.DBStoreBuilder (DBStoreBuilder.java:processTables(167)) - Using default column profile:DBProfile.DISK for Table:default
2019-10-03 19:46:32,393 [main] INFO  db.DBStoreBuilder (DBStoreBuilder.java:getDbProfile(198)) - Using default options. DBProfile.DISK
2019-10-03 19:46:33,024 [main] INFO  ipc.CallQueueManager (CallQueueManager.java:<init>(84)) - Using callQueue: class java.util.concurrent.LinkedBlockingQueue, queueCapacity: 2000, scheduler: class org.apache.hadoop.ipc.DefaultRpcScheduler, ipcBackoff: false.
2019-10-03 19:46:33,025 [Socket Reader #1 for port 41792] INFO  ipc.Server (Server.java:run(1074)) - Starting Socket Reader #1 for port 41792
2019-10-03 19:46:33,044 [main] INFO  om.OzoneManager (OzoneManager.java:start(1069)) - OzoneManager RPC server is listening at localhost/127.0.0.1:41792
2019-10-03 19:46:33,044 [main] INFO  impl.MetricsSystemImpl (MetricsSystemImpl.java:init(158)) - OzoneManager metrics system started (again)
2019-10-03 19:46:33,045 [IPC Server Responder] INFO  ipc.Server (Server.java:run(1314)) - IPC Server Responder: starting
2019-10-03 19:46:33,045 [IPC Server listener on 41792] INFO  ipc.Server (Server.java:run(1153)) - IPC Server listener on 41792: starting
2019-10-03 19:46:33,050 [main] INFO  hdfs.DFSUtil (DFSUtil.java:httpServerTemplateForNNAndJN(1641)) - Starting Web-server for ozoneManager at: http://0.0.0.0:0
2019-10-03 19:46:33,051 [main] INFO  server.AuthenticationFilter (AuthenticationFilter.java:constructSecretProvider(240)) - Unable to initialize FileSignerSecretProvider, falling back to use random secrets.
2019-10-03 19:46:33,052 [main] WARN  http.HttpRequestLog (HttpRequestLog.java:getRequestLog(97)) - Jetty request log can only be enabled using Log4j
2019-10-03 19:46:33,054 [main] INFO  http.HttpServer2 (HttpServer2.java:addGlobalFilter(975)) - Added global filter 'safety' (class=org.apache.hadoop.http.HttpServer2$QuotingInputFilter)
2019-10-03 19:46:33,054 [main] INFO  http.HttpServer2 (HttpServer2.java:addFilter(948)) - Added filter static_user_filter (class=org.apache.hadoop.http.lib.StaticUserWebFilter$StaticUserFilter) to context ozoneManager
2019-10-03 19:46:33,055 [main] INFO  http.HttpServer2 (HttpServer2.java:addFilter(958)) - Added filter static_user_filter (class=org.apache.hadoop.http.lib.StaticUserWebFilter$StaticUserFilter) to context logs
2019-10-03 19:46:33,055 [main] INFO  http.HttpServer2 (HttpServer2.java:addFilter(958)) - Added filter static_user_filter (class=org.apache.hadoop.http.lib.StaticUserWebFilter$StaticUserFilter) to context static
2019-10-03 19:46:33,057 [main] INFO  http.HttpServer2 (HttpServer2.java:bindListener(1191)) - Jetty bound to port 45457
2019-10-03 19:46:33,057 [main] INFO  server.Server (Server.java:doStart(351)) - jetty-9.3.25.v20180904, build timestamp: 2018-09-04T21:11:46Z, git hash: 3ce520221d0240229c862b122d2b06c12a625732
2019-10-03 19:46:33,059 [main] INFO  handler.ContextHandler (ContextHandler.java:doStart(781)) - Started o.e.j.s.ServletContextHandler@677b8e13{/logs,file:///workdir/hadoop-ozone/integration-test/target/log,AVAILABLE}
2019-10-03 19:46:33,059 [main] INFO  handler.ContextHandler (ContextHandler.java:doStart(781)) - Started o.e.j.s.ServletContextHandler@4c27d39d{/static,file:///workdir/hadoop-ozone/integration-test/target/test-classes/webapps/static,AVAILABLE}
2019-10-03 19:46:33,064 [main] INFO  handler.ContextHandler (ContextHandler.java:doStart(781)) - Started o.e.j.w.WebAppContext@3a022576{/,file:///workdir/hadoop-ozone/integration-test/target/test-classes/webapps/ozoneManager/,AVAILABLE}{/ozoneManager}
2019-10-03 19:46:33,065 [main] INFO  server.AbstractConnector (AbstractConnector.java:doStart(278)) - Started ServerConnector@2dbd803f{HTTP/1.1,[http/1.1]}{0.0.0.0:45457}
2019-10-03 19:46:33,065 [main] INFO  server.Server (Server.java:doStart(419)) - Started @4663ms
2019-10-03 19:46:33,066 [main] WARN  impl.MetricsSystemImpl (MetricsSystemImpl.java:register(276)) - Sink prometheus already exists!
2019-10-03 19:46:33,066 [main] INFO  server.BaseHttpServer (BaseHttpServer.java:updateConnectorAddress(215)) - HTTP server of OZONEMANAGER is listening at http://0.0.0.0:45457
2019-10-03 19:46:33,373 [main] INFO  impl.MetricsSystemImpl (MetricsSystemImpl.java:init(158)) - HddsDatanode metrics system started (again)
2019-10-03 19:46:33,419 [main] INFO  ozone.HddsDatanodeService (HddsDatanodeService.java:start(184)) - HddsDatanodeService host:pr-hdds-2240-9gllg-3097873054 ip:192.168.164.206
2019-10-03 19:46:33,449 [main] INFO  volume.HddsVolume (HddsVolume.java:<init>(176)) - Creating Volume: /workdir/hadoop-ozone/integration-test/target/test-dir/MiniOzoneClusterImpl-dcd5f39f-879d-4b70-a9e7-132a8617f65e/datanode-0/data/containers/hdds of  storage type : DISK and capacity : 1482555576320
2019-10-03 19:46:33,451 [main] INFO  volume.VolumeSet (VolumeSet.java:initializeVolumeSet(170)) - Added Volume : /workdir/hadoop-ozone/integration-test/target/test-dir/MiniOzoneClusterImpl-dcd5f39f-879d-4b70-a9e7-132a8617f65e/datanode-0/data/containers/hdds to VolumeSet
2019-10-03 19:46:33,455 [main] INFO  volume.ThrottledAsyncChecker (ThrottledAsyncChecker.java:schedule(139)) - Scheduling a check for org.apache.hadoop.ozone.container.common.volume.HddsVolume@4d774249
2019-10-03 19:46:33,473 [main] INFO  volume.HddsVolumeChecker (HddsVolumeChecker.java:checkAllVolumes(202)) - Scheduled health check for volume org.apache.hadoop.ozone.container.common.volume.HddsVolume@4d774249
2019-10-03 19:46:33,593 [main] INFO  impl.RaftServerProxy (ConfUtils.java:logGet(43)) - raft.rpc.type = GRPC (default)
2019-10-03 19:46:33,669 [main] INFO  grpc.GrpcFactory (GrpcFactory.java:checkPooledByteBufAllocatorUseCacheForAllThreads(45)) - PERFORMANCE WARNING: useCacheForAllThreads is true that may cause Netty to create a lot garbage objects and, as a result, trigger GC.
	It is recommended to disable useCacheForAllThreads by setting -Dorg.apache.ratis.thirdparty.io.netty.allocator.useCacheForAllThreads=false in command line.
2019-10-03 19:46:33,674 [main] INFO  grpc.GrpcConfigKeys$Server (ConfUtils.java:logGet(43)) - raft.grpc.server.port = 0 (default)
2019-10-03 19:46:33,675 [main] INFO  server.GrpcService (ConfUtils.java:logGet(43)) - raft.grpc.message.size.max = 33570816 (custom)
2019-10-03 19:46:33,676 [main] INFO  server.RaftServerConfigKeys (ConfUtils.java:logGet(43)) - raft.server.log.appender.buffer.byte-limit = 33554432 (custom)
2019-10-03 19:46:33,677 [main] INFO  server.GrpcService (ConfUtils.java:logGet(43)) - raft.grpc.flow.control.window = 1MB (=1048576) (default)
2019-10-03 19:46:33,678 [main] INFO  server.RaftServerConfigKeys (ConfUtils.java:logGet(43)) - raft.server.rpc.request.timeout = 3000ms (default)
2019-10-03 19:46:33,877 [main] INFO  server.RaftServerConfigKeys (ConfUtils.java:logGet(43)) - raft.server.storage.dir = [/workdir/hadoop-ozone/integration-test/target/test-dir/MiniOzoneClusterImpl-dcd5f39f-879d-4b70-a9e7-132a8617f65e/datanode-0/data/ratis] (custom)
2019-10-03 19:46:33,932 [main] INFO  hdfs.DFSUtil (DFSUtil.java:httpServerTemplateForNNAndJN(1641)) - Starting Web-server for hddsDatanode at: http://0.0.0.0:0
2019-10-03 19:46:33,935 [main] INFO  server.AuthenticationFilter (AuthenticationFilter.java:constructSecretProvider(240)) - Unable to initialize FileSignerSecretProvider, falling back to use random secrets.
2019-10-03 19:46:33,936 [main] WARN  http.HttpRequestLog (HttpRequestLog.java:getRequestLog(97)) - Jetty request log can only be enabled using Log4j
2019-10-03 19:46:33,938 [main] INFO  http.HttpServer2 (HttpServer2.java:addGlobalFilter(975)) - Added global filter 'safety' (class=org.apache.hadoop.http.HttpServer2$QuotingInputFilter)
2019-10-03 19:46:33,939 [main] INFO  http.HttpServer2 (HttpServer2.java:addFilter(948)) - Added filter static_user_filter (class=org.apache.hadoop.http.lib.StaticUserWebFilter$StaticUserFilter) to context hddsDatanode
2019-10-03 19:46:33,939 [main] INFO  http.HttpServer2 (HttpServer2.java:addFilter(958)) - Added filter static_user_filter (class=org.apache.hadoop.http.lib.StaticUserWebFilter$StaticUserFilter) to context logs
2019-10-03 19:46:33,939 [main] INFO  http.HttpServer2 (HttpServer2.java:addFilter(958)) - Added filter static_user_filter (class=org.apache.hadoop.http.lib.StaticUserWebFilter$StaticUserFilter) to context static
2019-10-03 19:46:33,940 [main] INFO  http.HttpServer2 (HttpServer2.java:bindListener(1191)) - Jetty bound to port 37929
2019-10-03 19:46:33,941 [main] INFO  server.Server (Server.java:doStart(351)) - jetty-9.3.25.v20180904, build timestamp: 2018-09-04T21:11:46Z, git hash: 3ce520221d0240229c862b122d2b06c12a625732
2019-10-03 19:46:33,949 [main] INFO  handler.ContextHandler (ContextHandler.java:doStart(781)) - Started o.e.j.s.ServletContextHandler@6d1dcdff{/logs,file:///workdir/hadoop-ozone/integration-test/target/log,AVAILABLE}
2019-10-03 19:46:33,949 [main] INFO  handler.ContextHandler (ContextHandler.java:doStart(781)) - Started o.e.j.s.ServletContextHandler@7ff35a3f{/static,jar:file:/home/user/.m2/repository/org/apache/hadoop/hadoop-hdds-container-service/0.5.0-SNAPSHOT/hadoop-hdds-container-service-0.5.0-SNAPSHOT.jar!/webapps/static,AVAILABLE}
2019-10-03 19:46:33,985 [main] INFO  handler.ContextHandler (ContextHandler.java:doStart(781)) - Started o.e.j.w.WebAppContext@5b852b49{/,file:///tmp/jetty-0.0.0.0-37929-hddsDatanode-_-any-3120637661453703693.dir/webapp/,AVAILABLE}{/hddsDatanode}
2019-10-03 19:46:33,986 [main] INFO  server.AbstractConnector (AbstractConnector.java:doStart(278)) - Started ServerConnector@cdb2d95{HTTP/1.1,[http/1.1]}{0.0.0.0:37929}
2019-10-03 19:46:33,987 [main] INFO  server.Server (Server.java:doStart(419)) - Started @5585ms
2019-10-03 19:46:33,987 [main] WARN  impl.MetricsSystemImpl (MetricsSystemImpl.java:register(276)) - Sink prometheus already exists!
2019-10-03 19:46:33,988 [main] INFO  server.BaseHttpServer (BaseHttpServer.java:updateConnectorAddress(215)) - HTTP server of HDDSDATANODE is listening at http://0.0.0.0:37929
2019-10-03 19:46:33,990 [main] INFO  impl.MetricsSystemImpl (MetricsSystemImpl.java:init(158)) - HddsDatanode metrics system started (again)
2019-10-03 19:46:33,995 [org.apache.hadoop.util.JvmPauseMonitor$Monitor@176cc083] INFO  util.JvmPauseMonitor (JvmPauseMonitor.java:run(188)) - Starting JVM pause monitor
2019-10-03 19:46:33,997 [main] INFO  ozone.HddsDatanodeService (HddsDatanodeService.java:start(184)) - HddsDatanodeService host:pr-hdds-2240-9gllg-3097873054 ip:192.168.164.206
2019-10-03 19:46:34,005 [main] INFO  volume.HddsVolume (HddsVolume.java:<init>(176)) - Creating Volume: /workdir/hadoop-ozone/integration-test/target/test-dir/MiniOzoneClusterImpl-dcd5f39f-879d-4b70-a9e7-132a8617f65e/datanode-1/data/containers/hdds of  storage type : DISK and capacity : 1482555576320
2019-10-03 19:46:34,006 [main] INFO  volume.VolumeSet (VolumeSet.java:initializeVolumeSet(170)) - Added Volume : /workdir/hadoop-ozone/integration-test/target/test-dir/MiniOzoneClusterImpl-dcd5f39f-879d-4b70-a9e7-132a8617f65e/datanode-1/data/containers/hdds to VolumeSet
2019-10-03 19:46:34,006 [main] INFO  volume.ThrottledAsyncChecker (ThrottledAsyncChecker.java:schedule(139)) - Scheduling a check for org.apache.hadoop.ozone.container.common.volume.HddsVolume@46963479
2019-10-03 19:46:34,007 [main] INFO  volume.HddsVolumeChecker (HddsVolumeChecker.java:checkAllVolumes(202)) - Scheduled health check for volume org.apache.hadoop.ozone.container.common.volume.HddsVolume@46963479
2019-10-03 19:46:34,020 [main] INFO  impl.RaftServerProxy (ConfUtils.java:logGet(43)) - raft.rpc.type = GRPC (default)
2019-10-03 19:46:34,020 [main] INFO  grpc.GrpcFactory (GrpcFactory.java:checkPooledByteBufAllocatorUseCacheForAllThreads(45)) - PERFORMANCE WARNING: useCacheForAllThreads is true that may cause Netty to create a lot garbage objects and, as a result, trigger GC.
	It is recommended to disable useCacheForAllThreads by setting -Dorg.apache.ratis.thirdparty.io.netty.allocator.useCacheForAllThreads=false in command line.
2019-10-03 19:46:34,021 [main] INFO  grpc.GrpcConfigKeys$Server (ConfUtils.java:logGet(43)) - raft.grpc.server.port = 0 (default)
2019-10-03 19:46:34,021 [main] INFO  server.GrpcService (ConfUtils.java:logGet(43)) - raft.grpc.message.size.max = 33570816 (custom)
2019-10-03 19:46:34,021 [main] INFO  server.RaftServerConfigKeys (ConfUtils.java:logGet(43)) - raft.server.log.appender.buffer.byte-limit = 33554432 (custom)
2019-10-03 19:46:34,022 [main] INFO  server.GrpcService (ConfUtils.java:logGet(43)) - raft.grpc.flow.control.window = 1MB (=1048576) (default)
2019-10-03 19:46:34,022 [main] INFO  server.RaftServerConfigKeys (ConfUtils.java:logGet(43)) - raft.server.rpc.request.timeout = 3000ms (default)
2019-10-03 19:46:34,022 [main] INFO  server.RaftServerConfigKeys (ConfUtils.java:logGet(43)) - raft.server.storage.dir = [/workdir/hadoop-ozone/integration-test/target/test-dir/MiniOzoneClusterImpl-dcd5f39f-879d-4b70-a9e7-132a8617f65e/datanode-1/data/ratis] (custom)
2019-10-03 19:46:34,024 [main] INFO  hdfs.DFSUtil (DFSUtil.java:httpServerTemplateForNNAndJN(1641)) - Starting Web-server for hddsDatanode at: http://0.0.0.0:0
2019-10-03 19:46:34,025 [main] INFO  server.AuthenticationFilter (AuthenticationFilter.java:constructSecretProvider(240)) - Unable to initialize FileSignerSecretProvider, falling back to use random secrets.
2019-10-03 19:46:34,026 [main] WARN  http.HttpRequestLog (HttpRequestLog.java:getRequestLog(97)) - Jetty request log can only be enabled using Log4j
2019-10-03 19:46:34,027 [main] INFO  http.HttpServer2 (HttpServer2.java:addGlobalFilter(975)) - Added global filter 'safety' (class=org.apache.hadoop.http.HttpServer2$QuotingInputFilter)
2019-10-03 19:46:34,028 [main] INFO  http.HttpServer2 (HttpServer2.java:addFilter(948)) - Added filter static_user_filter (class=org.apache.hadoop.http.lib.StaticUserWebFilter$StaticUserFilter) to context hddsDatanode
2019-10-03 19:46:34,028 [main] INFO  http.HttpServer2 (HttpServer2.java:addFilter(958)) - Added filter static_user_filter (class=org.apache.hadoop.http.lib.StaticUserWebFilter$StaticUserFilter) to context static
2019-10-03 19:46:34,028 [main] INFO  http.HttpServer2 (HttpServer2.java:addFilter(958)) - Added filter static_user_filter (class=org.apache.hadoop.http.lib.StaticUserWebFilter$StaticUserFilter) to context logs
2019-10-03 19:46:34,029 [main] INFO  http.HttpServer2 (HttpServer2.java:bindListener(1191)) - Jetty bound to port 33893
2019-10-03 19:46:34,029 [main] INFO  server.Server (Server.java:doStart(351)) - jetty-9.3.25.v20180904, build timestamp: 2018-09-04T21:11:46Z, git hash: 3ce520221d0240229c862b122d2b06c12a625732
2019-10-03 19:46:34,033 [main] INFO  handler.ContextHandler (ContextHandler.java:doStart(781)) - Started o.e.j.s.ServletContextHandler@6cd64ee8{/logs,file:///workdir/hadoop-ozone/integration-test/target/log,AVAILABLE}
2019-10-03 19:46:34,034 [main] INFO  handler.ContextHandler (ContextHandler.java:doStart(781)) - Started o.e.j.s.ServletContextHandler@2f1d0bbc{/static,jar:file:/home/user/.m2/repository/org/apache/hadoop/hadoop-hdds-container-service/0.5.0-SNAPSHOT/hadoop-hdds-container-service-0.5.0-SNAPSHOT.jar!/webapps/static,AVAILABLE}
2019-10-03 19:46:34,065 [main] INFO  handler.ContextHandler (ContextHandler.java:doStart(781)) - Started o.e.j.w.WebAppContext@59072e9d{/,file:///tmp/jetty-0.0.0.0-33893-hddsDatanode-_-any-7124244574798742159.dir/webapp/,AVAILABLE}{/hddsDatanode}
2019-10-03 19:46:34,066 [main] INFO  server.AbstractConnector (AbstractConnector.java:doStart(278)) - Started ServerConnector@58472096{HTTP/1.1,[http/1.1]}{0.0.0.0:33893}
2019-10-03 19:46:34,067 [main] INFO  server.Server (Server.java:doStart(419)) - Started @5665ms
2019-10-03 19:46:34,067 [main] WARN  impl.MetricsSystemImpl (MetricsSystemImpl.java:register(276)) - Sink prometheus already exists!
2019-10-03 19:46:34,068 [main] INFO  server.BaseHttpServer (BaseHttpServer.java:updateConnectorAddress(215)) - HTTP server of HDDSDATANODE is listening at http://0.0.0.0:33893
2019-10-03 19:46:34,068 [main] INFO  impl.MetricsSystemImpl (MetricsSystemImpl.java:init(158)) - HddsDatanode metrics system started (again)
2019-10-03 19:46:34,070 [org.apache.hadoop.util.JvmPauseMonitor$Monitor@5defae21] INFO  util.JvmPauseMonitor (JvmPauseMonitor.java:run(188)) - Starting JVM pause monitor
2019-10-03 19:46:34,072 [main] INFO  ozone.HddsDatanodeService (HddsDatanodeService.java:start(184)) - HddsDatanodeService host:pr-hdds-2240-9gllg-3097873054 ip:192.168.164.206
2019-10-03 19:46:34,078 [main] INFO  volume.HddsVolume (HddsVolume.java:<init>(176)) - Creating Volume: /workdir/hadoop-ozone/integration-test/target/test-dir/MiniOzoneClusterImpl-dcd5f39f-879d-4b70-a9e7-132a8617f65e/datanode-2/data/containers/hdds of  storage type : DISK and capacity : 1482555576320
2019-10-03 19:46:34,078 [main] INFO  volume.VolumeSet (VolumeSet.java:initializeVolumeSet(170)) - Added Volume : /workdir/hadoop-ozone/integration-test/target/test-dir/MiniOzoneClusterImpl-dcd5f39f-879d-4b70-a9e7-132a8617f65e/datanode-2/data/containers/hdds to VolumeSet
2019-10-03 19:46:34,079 [main] INFO  volume.ThrottledAsyncChecker (ThrottledAsyncChecker.java:schedule(139)) - Scheduling a check for org.apache.hadoop.ozone.container.common.volume.HddsVolume@6cc86152
2019-10-03 19:46:34,079 [main] INFO  volume.HddsVolumeChecker (HddsVolumeChecker.java:checkAllVolumes(202)) - Scheduled health check for volume org.apache.hadoop.ozone.container.common.volume.HddsVolume@6cc86152
2019-10-03 19:46:34,094 [main] INFO  impl.RaftServerProxy (ConfUtils.java:logGet(43)) - raft.rpc.type = GRPC (default)
2019-10-03 19:46:34,094 [main] INFO  grpc.GrpcFactory (GrpcFactory.java:checkPooledByteBufAllocatorUseCacheForAllThreads(45)) - PERFORMANCE WARNING: useCacheForAllThreads is true that may cause Netty to create a lot garbage objects and, as a result, trigger GC.
	It is recommended to disable useCacheForAllThreads by setting -Dorg.apache.ratis.thirdparty.io.netty.allocator.useCacheForAllThreads=false in command line.
2019-10-03 19:46:34,094 [main] INFO  grpc.GrpcConfigKeys$Server (ConfUtils.java:logGet(43)) - raft.grpc.server.port = 0 (default)
2019-10-03 19:46:34,095 [main] INFO  server.GrpcService (ConfUtils.java:logGet(43)) - raft.grpc.message.size.max = 33570816 (custom)
2019-10-03 19:46:34,095 [main] INFO  server.RaftServerConfigKeys (ConfUtils.java:logGet(43)) - raft.server.log.appender.buffer.byte-limit = 33554432 (custom)
2019-10-03 19:46:34,095 [main] INFO  server.GrpcService (ConfUtils.java:logGet(43)) - raft.grpc.flow.control.window = 1MB (=1048576) (default)
2019-10-03 19:46:34,095 [main] INFO  server.RaftServerConfigKeys (ConfUtils.java:logGet(43)) - raft.server.rpc.request.timeout = 3000ms (default)
2019-10-03 19:46:34,096 [main] INFO  server.RaftServerConfigKeys (ConfUtils.java:logGet(43)) - raft.server.storage.dir = [/workdir/hadoop-ozone/integration-test/target/test-dir/MiniOzoneClusterImpl-dcd5f39f-879d-4b70-a9e7-132a8617f65e/datanode-2/data/ratis] (custom)
2019-10-03 19:46:34,098 [main] INFO  hdfs.DFSUtil (DFSUtil.java:httpServerTemplateForNNAndJN(1641)) - Starting Web-server for hddsDatanode at: http://0.0.0.0:0
2019-10-03 19:46:34,101 [main] INFO  server.AuthenticationFilter (AuthenticationFilter.java:constructSecretProvider(240)) - Unable to initialize FileSignerSecretProvider, falling back to use random secrets.
2019-10-03 19:46:34,101 [main] WARN  http.HttpRequestLog (HttpRequestLog.java:getRequestLog(97)) - Jetty request log can only be enabled using Log4j
2019-10-03 19:46:34,104 [main] INFO  http.HttpServer2 (HttpServer2.java:addGlobalFilter(975)) - Added global filter 'safety' (class=org.apache.hadoop.http.HttpServer2$QuotingInputFilter)
2019-10-03 19:46:34,106 [main] INFO  http.HttpServer2 (HttpServer2.java:addFilter(948)) - Added filter static_user_filter (class=org.apache.hadoop.http.lib.StaticUserWebFilter$StaticUserFilter) to context hddsDatanode
2019-10-03 19:46:34,106 [main] INFO  http.HttpServer2 (HttpServer2.java:addFilter(958)) - Added filter static_user_filter (class=org.apache.hadoop.http.lib.StaticUserWebFilter$StaticUserFilter) to context logs
2019-10-03 19:46:34,106 [main] INFO  http.HttpServer2 (HttpServer2.java:addFilter(958)) - Added filter static_user_filter (class=org.apache.hadoop.http.lib.StaticUserWebFilter$StaticUserFilter) to context static
2019-10-03 19:46:34,108 [main] INFO  http.HttpServer2 (HttpServer2.java:bindListener(1191)) - Jetty bound to port 38019
2019-10-03 19:46:34,108 [main] INFO  server.Server (Server.java:doStart(351)) - jetty-9.3.25.v20180904, build timestamp: 2018-09-04T21:11:46Z, git hash: 3ce520221d0240229c862b122d2b06c12a625732
2019-10-03 19:46:34,111 [main] INFO  handler.ContextHandler (ContextHandler.java:doStart(781)) - Started o.e.j.s.ServletContextHandler@77b919a3{/logs,file:///workdir/hadoop-ozone/integration-test/target/log,AVAILABLE}
2019-10-03 19:46:34,112 [main] INFO  handler.ContextHandler (ContextHandler.java:doStart(781)) - Started o.e.j.s.ServletContextHandler@36681447{/static,jar:file:/home/user/.m2/repository/org/apache/hadoop/hadoop-hdds-container-service/0.5.0-SNAPSHOT/hadoop-hdds-container-service-0.5.0-SNAPSHOT.jar!/webapps/static,AVAILABLE}
2019-10-03 19:46:34,121 [Datanode State Machine Thread - 0] INFO  datanode.InitDatanodeState (InitDatanodeState.java:persistContainerDatanodeDetails(140)) - DatanodeDetails is persisted to /workdir/hadoop-ozone/integration-test/target/test-dir/MiniOzoneClusterImpl-dcd5f39f-879d-4b70-a9e7-132a8617f65e/datanode-0/meta/datanode.id
2019-10-03 19:46:34,124 [Datanode State Machine Thread - 0] INFO  datanode.InitDatanodeState (InitDatanodeState.java:persistContainerDatanodeDetails(140)) - DatanodeDetails is persisted to /workdir/hadoop-ozone/integration-test/target/test-dir/MiniOzoneClusterImpl-dcd5f39f-879d-4b70-a9e7-132a8617f65e/datanode-1/meta/datanode.id
2019-10-03 19:46:34,151 [main] INFO  handler.ContextHandler (ContextHandler.java:doStart(781)) - Started o.e.j.w.WebAppContext@12e0f1cb{/,file:///tmp/jetty-0.0.0.0-38019-hddsDatanode-_-any-2304444810551295075.dir/webapp/,AVAILABLE}{/hddsDatanode}
2019-10-03 19:46:34,153 [main] INFO  server.AbstractConnector (AbstractConnector.java:doStart(278)) - Started ServerConnector@4a163575{HTTP/1.1,[http/1.1]}{0.0.0.0:38019}
2019-10-03 19:46:34,153 [main] INFO  server.Server (Server.java:doStart(419)) - Started @5752ms
2019-10-03 19:46:34,154 [main] WARN  impl.MetricsSystemImpl (MetricsSystemImpl.java:register(276)) - Sink prometheus already exists!
2019-10-03 19:46:34,155 [main] INFO  server.BaseHttpServer (BaseHttpServer.java:updateConnectorAddress(215)) - HTTP server of HDDSDATANODE is listening at http://0.0.0.0:38019
2019-10-03 19:46:34,155 [main] INFO  impl.MetricsSystemImpl (MetricsSystemImpl.java:init(158)) - HddsDatanode metrics system started (again)
2019-10-03 19:46:34,157 [org.apache.hadoop.util.JvmPauseMonitor$Monitor@7735ed7e] INFO  util.JvmPauseMonitor (JvmPauseMonitor.java:run(188)) - Starting JVM pause monitor
2019-10-03 19:46:34,159 [main] INFO  ozone.HddsDatanodeService (HddsDatanodeService.java:start(184)) - HddsDatanodeService host:pr-hdds-2240-9gllg-3097873054 ip:192.168.164.206
2019-10-03 19:46:34,159 [Datanode State Machine Thread - 0] INFO  datanode.InitDatanodeState (InitDatanodeState.java:persistContainerDatanodeDetails(140)) - DatanodeDetails is persisted to /workdir/hadoop-ozone/integration-test/target/test-dir/MiniOzoneClusterImpl-dcd5f39f-879d-4b70-a9e7-132a8617f65e/datanode-2/meta/datanode.id
2019-10-03 19:46:34,165 [main] INFO  volume.HddsVolume (HddsVolume.java:<init>(176)) - Creating Volume: /workdir/hadoop-ozone/integration-test/target/test-dir/MiniOzoneClusterImpl-dcd5f39f-879d-4b70-a9e7-132a8617f65e/datanode-3/data/containers/hdds of  storage type : DISK and capacity : 1482555576320
2019-10-03 19:46:34,166 [main] INFO  volume.VolumeSet (VolumeSet.java:initializeVolumeSet(170)) - Added Volume : /workdir/hadoop-ozone/integration-test/target/test-dir/MiniOzoneClusterImpl-dcd5f39f-879d-4b70-a9e7-132a8617f65e/datanode-3/data/containers/hdds to VolumeSet
2019-10-03 19:46:34,166 [main] INFO  volume.ThrottledAsyncChecker (ThrottledAsyncChecker.java:schedule(139)) - Scheduling a check for org.apache.hadoop.ozone.container.common.volume.HddsVolume@6540cf1d
2019-10-03 19:46:34,167 [main] INFO  volume.HddsVolumeChecker (HddsVolumeChecker.java:checkAllVolumes(202)) - Scheduled health check for volume org.apache.hadoop.ozone.container.common.volume.HddsVolume@6540cf1d
2019-10-03 19:46:34,181 [main] INFO  impl.RaftServerProxy (ConfUtils.java:logGet(43)) - raft.rpc.type = GRPC (default)
2019-10-03 19:46:34,181 [main] INFO  grpc.GrpcFactory (GrpcFactory.java:checkPooledByteBufAllocatorUseCacheForAllThreads(45)) - PERFORMANCE WARNING: useCacheForAllThreads is true that may cause Netty to create a lot garbage objects and, as a result, trigger GC.
	It is recommended to disable useCacheForAllThreads by setting -Dorg.apache.ratis.thirdparty.io.netty.allocator.useCacheForAllThreads=false in command line.
2019-10-03 19:46:34,181 [main] INFO  grpc.GrpcConfigKeys$Server (ConfUtils.java:logGet(43)) - raft.grpc.server.port = 0 (default)
2019-10-03 19:46:34,181 [main] INFO  server.GrpcService (ConfUtils.java:logGet(43)) - raft.grpc.message.size.max = 33570816 (custom)
2019-10-03 19:46:34,182 [main] INFO  server.RaftServerConfigKeys (ConfUtils.java:logGet(43)) - raft.server.log.appender.buffer.byte-limit = 33554432 (custom)
2019-10-03 19:46:34,182 [main] INFO  server.GrpcService (ConfUtils.java:logGet(43)) - raft.grpc.flow.control.window = 1MB (=1048576) (default)
2019-10-03 19:46:34,182 [main] INFO  server.RaftServerConfigKeys (ConfUtils.java:logGet(43)) - raft.server.rpc.request.timeout = 3000ms (default)
2019-10-03 19:46:34,183 [main] INFO  server.RaftServerConfigKeys (ConfUtils.java:logGet(43)) - raft.server.storage.dir = [/workdir/hadoop-ozone/integration-test/target/test-dir/MiniOzoneClusterImpl-dcd5f39f-879d-4b70-a9e7-132a8617f65e/datanode-3/data/ratis] (custom)
2019-10-03 19:46:34,184 [main] INFO  hdfs.DFSUtil (DFSUtil.java:httpServerTemplateForNNAndJN(1641)) - Starting Web-server for hddsDatanode at: http://0.0.0.0:0
2019-10-03 19:46:34,186 [main] INFO  server.AuthenticationFilter (AuthenticationFilter.java:constructSecretProvider(240)) - Unable to initialize FileSignerSecretProvider, falling back to use random secrets.
2019-10-03 19:46:34,186 [main] WARN  http.HttpRequestLog (HttpRequestLog.java:getRequestLog(97)) - Jetty request log can only be enabled using Log4j
2019-10-03 19:46:34,188 [main] INFO  http.HttpServer2 (HttpServer2.java:addGlobalFilter(975)) - Added global filter 'safety' (class=org.apache.hadoop.http.HttpServer2$QuotingInputFilter)
2019-10-03 19:46:34,188 [main] INFO  http.HttpServer2 (HttpServer2.java:addFilter(948)) - Added filter static_user_filter (class=org.apache.hadoop.http.lib.StaticUserWebFilter$StaticUserFilter) to context hddsDatanode
2019-10-03 19:46:34,188 [main] INFO  http.HttpServer2 (HttpServer2.java:addFilter(958)) - Added filter static_user_filter (class=org.apache.hadoop.http.lib.StaticUserWebFilter$StaticUserFilter) to context static
2019-10-03 19:46:34,189 [main] INFO  http.HttpServer2 (HttpServer2.java:addFilter(958)) - Added filter static_user_filter (class=org.apache.hadoop.http.lib.StaticUserWebFilter$StaticUserFilter) to context logs
2019-10-03 19:46:34,189 [main] INFO  http.HttpServer2 (HttpServer2.java:bindListener(1191)) - Jetty bound to port 42920
2019-10-03 19:46:34,190 [main] INFO  server.Server (Server.java:doStart(351)) - jetty-9.3.25.v20180904, build timestamp: 2018-09-04T21:11:46Z, git hash: 3ce520221d0240229c862b122d2b06c12a625732
2019-10-03 19:46:34,193 [main] INFO  handler.ContextHandler (ContextHandler.java:doStart(781)) - Started o.e.j.s.ServletContextHandler@378cfecf{/logs,file:///workdir/hadoop-ozone/integration-test/target/log,AVAILABLE}
2019-10-03 19:46:34,194 [main] INFO  handler.ContextHandler (ContextHandler.java:doStart(781)) - Started o.e.j.s.ServletContextHandler@5e7c141d{/static,jar:file:/home/user/.m2/repository/org/apache/hadoop/hadoop-hdds-container-service/0.5.0-SNAPSHOT/hadoop-hdds-container-service-0.5.0-SNAPSHOT.jar!/webapps/static,AVAILABLE}
2019-10-03 19:46:34,223 [main] INFO  handler.ContextHandler (ContextHandler.java:doStart(781)) - Started o.e.j.w.WebAppContext@437486cd{/,file:///tmp/jetty-0.0.0.0-42920-hddsDatanode-_-any-3082179666449749459.dir/webapp/,AVAILABLE}{/hddsDatanode}
2019-10-03 19:46:34,224 [main] INFO  server.AbstractConnector (AbstractConnector.java:doStart(278)) - Started ServerConnector@15b642b9{HTTP/1.1,[http/1.1]}{0.0.0.0:42920}
2019-10-03 19:46:34,225 [main] INFO  server.Server (Server.java:doStart(419)) - Started @5823ms
2019-10-03 19:46:34,225 [main] WARN  impl.MetricsSystemImpl (MetricsSystemImpl.java:register(276)) - Sink prometheus already exists!
2019-10-03 19:46:34,226 [main] INFO  server.BaseHttpServer (BaseHttpServer.java:updateConnectorAddress(215)) - HTTP server of HDDSDATANODE is listening at http://0.0.0.0:42920
2019-10-03 19:46:34,226 [main] INFO  impl.MetricsSystemImpl (MetricsSystemImpl.java:init(158)) - HddsDatanode metrics system started (again)
2019-10-03 19:46:34,228 [org.apache.hadoop.util.JvmPauseMonitor$Monitor@2e7260e] INFO  util.JvmPauseMonitor (JvmPauseMonitor.java:run(188)) - Starting JVM pause monitor
2019-10-03 19:46:34,229 [main] INFO  ozone.HddsDatanodeService (HddsDatanodeService.java:start(184)) - HddsDatanodeService host:pr-hdds-2240-9gllg-3097873054 ip:192.168.164.206
2019-10-03 19:46:34,231 [Datanode State Machine Thread - 0] INFO  datanode.InitDatanodeState (InitDatanodeState.java:persistContainerDatanodeDetails(140)) - DatanodeDetails is persisted to /workdir/hadoop-ozone/integration-test/target/test-dir/MiniOzoneClusterImpl-dcd5f39f-879d-4b70-a9e7-132a8617f65e/datanode-3/meta/datanode.id
2019-10-03 19:46:34,237 [main] INFO  volume.HddsVolume (HddsVolume.java:<init>(176)) - Creating Volume: /workdir/hadoop-ozone/integration-test/target/test-dir/MiniOzoneClusterImpl-dcd5f39f-879d-4b70-a9e7-132a8617f65e/datanode-4/data/containers/hdds of  storage type : DISK and capacity : 1482555576320
2019-10-03 19:46:34,237 [main] INFO  volume.VolumeSet (VolumeSet.java:initializeVolumeSet(170)) - Added Volume : /workdir/hadoop-ozone/integration-test/target/test-dir/MiniOzoneClusterImpl-dcd5f39f-879d-4b70-a9e7-132a8617f65e/datanode-4/data/containers/hdds to VolumeSet
2019-10-03 19:46:34,238 [main] INFO  volume.ThrottledAsyncChecker (ThrottledAsyncChecker.java:schedule(139)) - Scheduling a check for org.apache.hadoop.ozone.container.common.volume.HddsVolume@748d2277
2019-10-03 19:46:34,238 [main] INFO  volume.HddsVolumeChecker (HddsVolumeChecker.java:checkAllVolumes(202)) - Scheduled health check for volume org.apache.hadoop.ozone.container.common.volume.HddsVolume@748d2277
2019-10-03 19:46:34,250 [main] INFO  impl.RaftServerProxy (ConfUtils.java:logGet(43)) - raft.rpc.type = GRPC (default)
2019-10-03 19:46:34,251 [main] INFO  grpc.GrpcFactory (GrpcFactory.java:checkPooledByteBufAllocatorUseCacheForAllThreads(45)) - PERFORMANCE WARNING: useCacheForAllThreads is true that may cause Netty to create a lot garbage objects and, as a result, trigger GC.
	It is recommended to disable useCacheForAllThreads by setting -Dorg.apache.ratis.thirdparty.io.netty.allocator.useCacheForAllThreads=false in command line.
2019-10-03 19:46:34,251 [main] INFO  grpc.GrpcConfigKeys$Server (ConfUtils.java:logGet(43)) - raft.grpc.server.port = 0 (default)
2019-10-03 19:46:34,251 [main] INFO  server.GrpcService (ConfUtils.java:logGet(43)) - raft.grpc.message.size.max = 33570816 (custom)
2019-10-03 19:46:34,251 [main] INFO  server.RaftServerConfigKeys (ConfUtils.java:logGet(43)) - raft.server.log.appender.buffer.byte-limit = 33554432 (custom)
2019-10-03 19:46:34,252 [main] INFO  server.GrpcService (ConfUtils.java:logGet(43)) - raft.grpc.flow.control.window = 1MB (=1048576) (default)
2019-10-03 19:46:34,252 [main] INFO  server.RaftServerConfigKeys (ConfUtils.java:logGet(43)) - raft.server.rpc.request.timeout = 3000ms (default)
2019-10-03 19:46:34,252 [main] INFO  server.RaftServerConfigKeys (ConfUtils.java:logGet(43)) - raft.server.storage.dir = [/workdir/hadoop-ozone/integration-test/target/test-dir/MiniOzoneClusterImpl-dcd5f39f-879d-4b70-a9e7-132a8617f65e/datanode-4/data/ratis] (custom)
2019-10-03 19:46:34,254 [main] INFO  hdfs.DFSUtil (DFSUtil.java:httpServerTemplateForNNAndJN(1641)) - Starting Web-server for hddsDatanode at: http://0.0.0.0:0
2019-10-03 19:46:34,255 [main] INFO  server.AuthenticationFilter (AuthenticationFilter.java:constructSecretProvider(240)) - Unable to initialize FileSignerSecretProvider, falling back to use random secrets.
2019-10-03 19:46:34,256 [main] WARN  http.HttpRequestLog (HttpRequestLog.java:getRequestLog(97)) - Jetty request log can only be enabled using Log4j
2019-10-03 19:46:34,258 [main] INFO  http.HttpServer2 (HttpServer2.java:addGlobalFilter(975)) - Added global filter 'safety' (class=org.apache.hadoop.http.HttpServer2$QuotingInputFilter)
2019-10-03 19:46:34,258 [main] INFO  http.HttpServer2 (HttpServer2.java:addFilter(948)) - Added filter static_user_filter (class=org.apache.hadoop.http.lib.StaticUserWebFilter$StaticUserFilter) to context hddsDatanode
2019-10-03 19:46:34,258 [main] INFO  http.HttpServer2 (HttpServer2.java:addFilter(958)) - Added filter static_user_filter (class=org.apache.hadoop.http.lib.StaticUserWebFilter$StaticUserFilter) to context logs
2019-10-03 19:46:34,259 [main] INFO  http.HttpServer2 (HttpServer2.java:addFilter(958)) - Added filter static_user_filter (class=org.apache.hadoop.http.lib.StaticUserWebFilter$StaticUserFilter) to context static
2019-10-03 19:46:34,259 [main] INFO  http.HttpServer2 (HttpServer2.java:bindListener(1191)) - Jetty bound to port 39376
2019-10-03 19:46:34,259 [main] INFO  server.Server (Server.java:doStart(351)) - jetty-9.3.25.v20180904, build timestamp: 2018-09-04T21:11:46Z, git hash: 3ce520221d0240229c862b122d2b06c12a625732
2019-10-03 19:46:34,261 [main] INFO  handler.ContextHandler (ContextHandler.java:doStart(781)) - Started o.e.j.s.ServletContextHandler@67e13bd0{/logs,file:///workdir/hadoop-ozone/integration-test/target/log,AVAILABLE}
2019-10-03 19:46:34,262 [main] INFO  handler.ContextHandler (ContextHandler.java:doStart(781)) - Started o.e.j.s.ServletContextHandler@2cae9b8{/static,jar:file:/home/user/.m2/repository/org/apache/hadoop/hadoop-hdds-container-service/0.5.0-SNAPSHOT/hadoop-hdds-container-service-0.5.0-SNAPSHOT.jar!/webapps/static,AVAILABLE}
2019-10-03 19:46:34,292 [main] INFO  handler.ContextHandler (ContextHandler.java:doStart(781)) - Started o.e.j.w.WebAppContext@10b1a751{/,file:///tmp/jetty-0.0.0.0-39376-hddsDatanode-_-any-5056034583077488994.dir/webapp/,AVAILABLE}{/hddsDatanode}
2019-10-03 19:46:34,293 [main] INFO  server.AbstractConnector (AbstractConnector.java:doStart(278)) - Started ServerConnector@53cf9c99{HTTP/1.1,[http/1.1]}{0.0.0.0:39376}
2019-10-03 19:46:34,294 [main] INFO  server.Server (Server.java:doStart(419)) - Started @5892ms
2019-10-03 19:46:34,294 [main] WARN  impl.MetricsSystemImpl (MetricsSystemImpl.java:register(276)) - Sink prometheus already exists!
2019-10-03 19:46:34,295 [main] INFO  server.BaseHttpServer (BaseHttpServer.java:updateConnectorAddress(215)) - HTTP server of HDDSDATANODE is listening at http://0.0.0.0:39376
2019-10-03 19:46:34,295 [main] INFO  impl.MetricsSystemImpl (MetricsSystemImpl.java:init(158)) - HddsDatanode metrics system started (again)
2019-10-03 19:46:34,298 [org.apache.hadoop.util.JvmPauseMonitor$Monitor@56585904] INFO  util.JvmPauseMonitor (JvmPauseMonitor.java:run(188)) - Starting JVM pause monitor
2019-10-03 19:46:34,299 [main] INFO  ozone.HddsDatanodeService (HddsDatanodeService.java:start(184)) - HddsDatanodeService host:pr-hdds-2240-9gllg-3097873054 ip:192.168.164.206
2019-10-03 19:46:34,300 [Datanode State Machine Thread - 0] INFO  datanode.InitDatanodeState (InitDatanodeState.java:persistContainerDatanodeDetails(140)) - DatanodeDetails is persisted to /workdir/hadoop-ozone/integration-test/target/test-dir/MiniOzoneClusterImpl-dcd5f39f-879d-4b70-a9e7-132a8617f65e/datanode-4/meta/datanode.id
2019-10-03 19:46:34,307 [main] INFO  volume.HddsVolume (HddsVolume.java:<init>(176)) - Creating Volume: /workdir/hadoop-ozone/integration-test/target/test-dir/MiniOzoneClusterImpl-dcd5f39f-879d-4b70-a9e7-132a8617f65e/datanode-5/data/containers/hdds of  storage type : DISK and capacity : 1482555576320
2019-10-03 19:46:34,308 [main] INFO  volume.VolumeSet (VolumeSet.java:initializeVolumeSet(170)) - Added Volume : /workdir/hadoop-ozone/integration-test/target/test-dir/MiniOzoneClusterImpl-dcd5f39f-879d-4b70-a9e7-132a8617f65e/datanode-5/data/containers/hdds to VolumeSet
2019-10-03 19:46:34,309 [main] INFO  volume.ThrottledAsyncChecker (ThrottledAsyncChecker.java:schedule(139)) - Scheduling a check for org.apache.hadoop.ozone.container.common.volume.HddsVolume@6f911326
2019-10-03 19:46:34,309 [main] INFO  volume.HddsVolumeChecker (HddsVolumeChecker.java:checkAllVolumes(202)) - Scheduled health check for volume org.apache.hadoop.ozone.container.common.volume.HddsVolume@6f911326
2019-10-03 19:46:34,327 [main] INFO  impl.RaftServerProxy (ConfUtils.java:logGet(43)) - raft.rpc.type = GRPC (default)
2019-10-03 19:46:34,328 [main] INFO  grpc.GrpcFactory (GrpcFactory.java:checkPooledByteBufAllocatorUseCacheForAllThreads(45)) - PERFORMANCE WARNING: useCacheForAllThreads is true that may cause Netty to create a lot garbage objects and, as a result, trigger GC.
	It is recommended to disable useCacheForAllThreads by setting -Dorg.apache.ratis.thirdparty.io.netty.allocator.useCacheForAllThreads=false in command line.
2019-10-03 19:46:34,328 [main] INFO  grpc.GrpcConfigKeys$Server (ConfUtils.java:logGet(43)) - raft.grpc.server.port = 0 (default)
2019-10-03 19:46:34,328 [main] INFO  server.GrpcService (ConfUtils.java:logGet(43)) - raft.grpc.message.size.max = 33570816 (custom)
2019-10-03 19:46:34,328 [main] INFO  server.RaftServerConfigKeys (ConfUtils.java:logGet(43)) - raft.server.log.appender.buffer.byte-limit = 33554432 (custom)
2019-10-03 19:46:34,329 [main] INFO  server.GrpcService (ConfUtils.java:logGet(43)) - raft.grpc.flow.control.window = 1MB (=1048576) (default)
2019-10-03 19:46:34,329 [main] INFO  server.RaftServerConfigKeys (ConfUtils.java:logGet(43)) - raft.server.rpc.request.timeout = 3000ms (default)
2019-10-03 19:46:34,330 [main] INFO  server.RaftServerConfigKeys (ConfUtils.java:logGet(43)) - raft.server.storage.dir = [/workdir/hadoop-ozone/integration-test/target/test-dir/MiniOzoneClusterImpl-dcd5f39f-879d-4b70-a9e7-132a8617f65e/datanode-5/data/ratis] (custom)
2019-10-03 19:46:34,331 [main] INFO  hdfs.DFSUtil (DFSUtil.java:httpServerTemplateForNNAndJN(1641)) - Starting Web-server for hddsDatanode at: http://0.0.0.0:0
2019-10-03 19:46:34,332 [main] INFO  server.AuthenticationFilter (AuthenticationFilter.java:constructSecretProvider(240)) - Unable to initialize FileSignerSecretProvider, falling back to use random secrets.
2019-10-03 19:46:34,333 [main] WARN  http.HttpRequestLog (HttpRequestLog.java:getRequestLog(97)) - Jetty request log can only be enabled using Log4j
2019-10-03 19:46:34,335 [main] INFO  http.HttpServer2 (HttpServer2.java:addGlobalFilter(975)) - Added global filter 'safety' (class=org.apache.hadoop.http.HttpServer2$QuotingInputFilter)
2019-10-03 19:46:34,335 [main] INFO  http.HttpServer2 (HttpServer2.java:addFilter(948)) - Added filter static_user_filter (class=org.apache.hadoop.http.lib.StaticUserWebFilter$StaticUserFilter) to context hddsDatanode
2019-10-03 19:46:34,336 [main] INFO  http.HttpServer2 (HttpServer2.java:addFilter(958)) - Added filter static_user_filter (class=org.apache.hadoop.http.lib.StaticUserWebFilter$StaticUserFilter) to context logs
2019-10-03 19:46:34,336 [main] INFO  http.HttpServer2 (HttpServer2.java:addFilter(958)) - Added filter static_user_filter (class=org.apache.hadoop.http.lib.StaticUserWebFilter$StaticUserFilter) to context static
2019-10-03 19:46:34,337 [main] INFO  http.HttpServer2 (HttpServer2.java:bindListener(1191)) - Jetty bound to port 35032
2019-10-03 19:46:34,337 [main] INFO  server.Server (Server.java:doStart(351)) - jetty-9.3.25.v20180904, build timestamp: 2018-09-04T21:11:46Z, git hash: 3ce520221d0240229c862b122d2b06c12a625732
2019-10-03 19:46:34,338 [main] INFO  handler.ContextHandler (ContextHandler.java:doStart(781)) - Started o.e.j.s.ServletContextHandler@6cf0a747{/logs,file:///workdir/hadoop-ozone/integration-test/target/log,AVAILABLE}
2019-10-03 19:46:34,339 [main] INFO  handler.ContextHandler (ContextHandler.java:doStart(781)) - Started o.e.j.s.ServletContextHandler@7e53339{/static,jar:file:/home/user/.m2/repository/org/apache/hadoop/hadoop-hdds-container-service/0.5.0-SNAPSHOT/hadoop-hdds-container-service-0.5.0-SNAPSHOT.jar!/webapps/static,AVAILABLE}
2019-10-03 19:46:34,370 [main] INFO  handler.ContextHandler (ContextHandler.java:doStart(781)) - Started o.e.j.w.WebAppContext@17143b3b{/,file:///tmp/jetty-0.0.0.0-35032-hddsDatanode-_-any-7513848033976583228.dir/webapp/,AVAILABLE}{/hddsDatanode}
2019-10-03 19:46:34,371 [main] INFO  server.AbstractConnector (AbstractConnector.java:doStart(278)) - Started ServerConnector@100c8b75{HTTP/1.1,[http/1.1]}{0.0.0.0:35032}
2019-10-03 19:46:34,371 [main] INFO  server.Server (Server.java:doStart(419)) - Started @5970ms
2019-10-03 19:46:34,372 [main] WARN  impl.MetricsSystemImpl (MetricsSystemImpl.java:register(276)) - Sink prometheus already exists!
2019-10-03 19:46:34,372 [main] INFO  server.BaseHttpServer (BaseHttpServer.java:updateConnectorAddress(215)) - HTTP server of HDDSDATANODE is listening at http://0.0.0.0:35032
2019-10-03 19:46:34,372 [main] INFO  impl.MetricsSystemImpl (MetricsSystemImpl.java:init(158)) - HddsDatanode metrics system started (again)
2019-10-03 19:46:34,376 [org.apache.hadoop.util.JvmPauseMonitor$Monitor@3b72136b] INFO  util.JvmPauseMonitor (JvmPauseMonitor.java:run(188)) - Starting JVM pause monitor
2019-10-03 19:46:34,377 [main] INFO  ozone.HddsDatanodeService (HddsDatanodeService.java:start(184)) - HddsDatanodeService host:pr-hdds-2240-9gllg-3097873054 ip:192.168.164.206
2019-10-03 19:46:34,378 [Datanode State Machine Thread - 0] INFO  datanode.InitDatanodeState (InitDatanodeState.java:persistContainerDatanodeDetails(140)) - DatanodeDetails is persisted to /workdir/hadoop-ozone/integration-test/target/test-dir/MiniOzoneClusterImpl-dcd5f39f-879d-4b70-a9e7-132a8617f65e/datanode-5/meta/datanode.id
2019-10-03 19:46:34,383 [main] INFO  volume.HddsVolume (HddsVolume.java:<init>(176)) - Creating Volume: /workdir/hadoop-ozone/integration-test/target/test-dir/MiniOzoneClusterImpl-dcd5f39f-879d-4b70-a9e7-132a8617f65e/datanode-6/data/containers/hdds of  storage type : DISK and capacity : 1482555576320
2019-10-03 19:46:34,383 [main] INFO  volume.VolumeSet (VolumeSet.java:initializeVolumeSet(170)) - Added Volume : /workdir/hadoop-ozone/integration-test/target/test-dir/MiniOzoneClusterImpl-dcd5f39f-879d-4b70-a9e7-132a8617f65e/datanode-6/data/containers/hdds to VolumeSet
2019-10-03 19:46:34,384 [main] INFO  volume.ThrottledAsyncChecker (ThrottledAsyncChecker.java:schedule(139)) - Scheduling a check for org.apache.hadoop.ozone.container.common.volume.HddsVolume@ae2db25
2019-10-03 19:46:34,384 [main] INFO  volume.HddsVolumeChecker (HddsVolumeChecker.java:checkAllVolumes(202)) - Scheduled health check for volume org.apache.hadoop.ozone.container.common.volume.HddsVolume@ae2db25
2019-10-03 19:46:34,398 [main] INFO  impl.RaftServerProxy (ConfUtils.java:logGet(43)) - raft.rpc.type = GRPC (default)
2019-10-03 19:46:34,399 [main] INFO  grpc.GrpcFactory (GrpcFactory.java:checkPooledByteBufAllocatorUseCacheForAllThreads(45)) - PERFORMANCE WARNING: useCacheForAllThreads is true that may cause Netty to create a lot garbage objects and, as a result, trigger GC.
	It is recommended to disable useCacheForAllThreads by setting -Dorg.apache.ratis.thirdparty.io.netty.allocator.useCacheForAllThreads=false in command line.
2019-10-03 19:46:34,399 [main] INFO  grpc.GrpcConfigKeys$Server (ConfUtils.java:logGet(43)) - raft.grpc.server.port = 0 (default)
2019-10-03 19:46:34,399 [main] INFO  server.GrpcService (ConfUtils.java:logGet(43)) - raft.grpc.message.size.max = 33570816 (custom)
2019-10-03 19:46:34,399 [main] INFO  server.RaftServerConfigKeys (ConfUtils.java:logGet(43)) - raft.server.log.appender.buffer.byte-limit = 33554432 (custom)
2019-10-03 19:46:34,400 [main] INFO  server.GrpcService (ConfUtils.java:logGet(43)) - raft.grpc.flow.control.window = 1MB (=1048576) (default)
2019-10-03 19:46:34,400 [main] INFO  server.RaftServerConfigKeys (ConfUtils.java:logGet(43)) - raft.server.rpc.request.timeout = 3000ms (default)
2019-10-03 19:46:34,400 [main] INFO  server.RaftServerConfigKeys (ConfUtils.java:logGet(43)) - raft.server.storage.dir = [/workdir/hadoop-ozone/integration-test/target/test-dir/MiniOzoneClusterImpl-dcd5f39f-879d-4b70-a9e7-132a8617f65e/datanode-6/data/ratis] (custom)
2019-10-03 19:46:34,402 [main] INFO  hdfs.DFSUtil (DFSUtil.java:httpServerTemplateForNNAndJN(1641)) - Starting Web-server for hddsDatanode at: http://0.0.0.0:0
2019-10-03 19:46:34,403 [main] INFO  server.AuthenticationFilter (AuthenticationFilter.java:constructSecretProvider(240)) - Unable to initialize FileSignerSecretProvider, falling back to use random secrets.
2019-10-03 19:46:34,403 [main] WARN  http.HttpRequestLog (HttpRequestLog.java:getRequestLog(97)) - Jetty request log can only be enabled using Log4j
2019-10-03 19:46:34,405 [main] INFO  http.HttpServer2 (HttpServer2.java:addGlobalFilter(975)) - Added global filter 'safety' (class=org.apache.hadoop.http.HttpServer2$QuotingInputFilter)
2019-10-03 19:46:34,406 [main] INFO  http.HttpServer2 (HttpServer2.java:addFilter(948)) - Added filter static_user_filter (class=org.apache.hadoop.http.lib.StaticUserWebFilter$StaticUserFilter) to context hddsDatanode
2019-10-03 19:46:34,406 [main] INFO  http.HttpServer2 (HttpServer2.java:addFilter(958)) - Added filter static_user_filter (class=org.apache.hadoop.http.lib.StaticUserWebFilter$StaticUserFilter) to context logs
2019-10-03 19:46:34,406 [main] INFO  http.HttpServer2 (HttpServer2.java:addFilter(958)) - Added filter static_user_filter (class=org.apache.hadoop.http.lib.StaticUserWebFilter$StaticUserFilter) to context static
2019-10-03 19:46:34,407 [main] INFO  http.HttpServer2 (HttpServer2.java:bindListener(1191)) - Jetty bound to port 34849
2019-10-03 19:46:34,407 [main] INFO  server.Server (Server.java:doStart(351)) - jetty-9.3.25.v20180904, build timestamp: 2018-09-04T21:11:46Z, git hash: 3ce520221d0240229c862b122d2b06c12a625732
2019-10-03 19:46:34,410 [main] INFO  handler.ContextHandler (ContextHandler.java:doStart(781)) - Started o.e.j.s.ServletContextHandler@623ebac7{/logs,file:///workdir/hadoop-ozone/integration-test/target/log,AVAILABLE}
2019-10-03 19:46:34,411 [main] INFO  handler.ContextHandler (ContextHandler.java:doStart(781)) - Started o.e.j.s.ServletContextHandler@1ab5f08a{/static,jar:file:/home/user/.m2/repository/org/apache/hadoop/hadoop-hdds-container-service/0.5.0-SNAPSHOT/hadoop-hdds-container-service-0.5.0-SNAPSHOT.jar!/webapps/static,AVAILABLE}
2019-10-03 19:46:34,442 [main] INFO  handler.ContextHandler (ContextHandler.java:doStart(781)) - Started o.e.j.w.WebAppContext@26350ea2{/,file:///tmp/jetty-0.0.0.0-34849-hddsDatanode-_-any-6362451061723559291.dir/webapp/,AVAILABLE}{/hddsDatanode}
2019-10-03 19:46:34,444 [main] INFO  server.AbstractConnector (AbstractConnector.java:doStart(278)) - Started ServerConnector@1e9469b8{HTTP/1.1,[http/1.1]}{0.0.0.0:34849}
2019-10-03 19:46:34,444 [main] INFO  server.Server (Server.java:doStart(419)) - Started @6042ms
2019-10-03 19:46:34,444 [main] WARN  impl.MetricsSystemImpl (MetricsSystemImpl.java:register(276)) - Sink prometheus already exists!
2019-10-03 19:46:34,445 [main] INFO  server.BaseHttpServer (BaseHttpServer.java:updateConnectorAddress(215)) - HTTP server of HDDSDATANODE is listening at http://0.0.0.0:34849
2019-10-03 19:46:34,447 [main] INFO  ozone.MiniOzoneClusterImpl (MiniOzoneClusterImpl.java:lambda$waitForClusterToBeReady$0(147)) - Waiting for cluster to be ready. Got 0 of 7 DN Heartbeats.
2019-10-03 19:46:34,447 [org.apache.hadoop.util.JvmPauseMonitor$Monitor@1dca66ed] INFO  util.JvmPauseMonitor (JvmPauseMonitor.java:run(188)) - Starting JVM pause monitor
2019-10-03 19:46:34,450 [Datanode State Machine Thread - 0] INFO  datanode.InitDatanodeState (InitDatanodeState.java:persistContainerDatanodeDetails(140)) - DatanodeDetails is persisted to /workdir/hadoop-ozone/integration-test/target/test-dir/MiniOzoneClusterImpl-dcd5f39f-879d-4b70-a9e7-132a8617f65e/datanode-6/meta/datanode.id
2019-10-03 19:46:35,447 [main] INFO  ozone.MiniOzoneClusterImpl (MiniOzoneClusterImpl.java:lambda$waitForClusterToBeReady$0(147)) - Waiting for cluster to be ready. Got 0 of 7 DN Heartbeats.
2019-10-03 19:46:36,084 [Datanode State Machine Thread - 0] INFO  ozoneimpl.OzoneContainer (OzoneContainer.java:start(217)) - Attempting to start container services.
2019-10-03 19:46:36,084 [Datanode State Machine Thread - 0] INFO  ozoneimpl.OzoneContainer (OzoneContainer.java:start(217)) - Attempting to start container services.
2019-10-03 19:46:36,087 [Datanode State Machine Thread - 0] INFO  ozoneimpl.OzoneContainer (OzoneContainer.java:startContainerScrub(179)) - Background container scanner has been disabled.
2019-10-03 19:46:36,087 [Datanode State Machine Thread - 0] INFO  ozoneimpl.OzoneContainer (OzoneContainer.java:startContainerScrub(179)) - Background container scanner has been disabled.
2019-10-03 19:46:36,087 [Datanode State Machine Thread - 0] INFO  ratis.XceiverServerRatis (XceiverServerRatis.java:start(417)) - Starting XceiverServerRatis 9c523a97-aa95-4361-b6dc-8d1237959141 at port 0
2019-10-03 19:46:36,087 [Datanode State Machine Thread - 0] INFO  ratis.XceiverServerRatis (XceiverServerRatis.java:start(417)) - Starting XceiverServerRatis 15c4f9ee-ac46-4058-9265-aa9afb39a11b at port 0
2019-10-03 19:46:36,117 [Datanode State Machine Thread - 0] INFO  impl.RaftServerProxy (RaftServerProxy.java:lambda$start$3(299)) - 15c4f9ee-ac46-4058-9265-aa9afb39a11b: start RPC server
2019-10-03 19:46:36,117 [Datanode State Machine Thread - 0] INFO  impl.RaftServerProxy (RaftServerProxy.java:lambda$start$3(299)) - 9c523a97-aa95-4361-b6dc-8d1237959141: start RPC server
2019-10-03 19:46:36,173 [Datanode State Machine Thread - 0] INFO  ozoneimpl.OzoneContainer (OzoneContainer.java:start(217)) - Attempting to start container services.
2019-10-03 19:46:36,183 [Datanode State Machine Thread - 0] INFO  ozoneimpl.OzoneContainer (OzoneContainer.java:startContainerScrub(179)) - Background container scanner has been disabled.
2019-10-03 19:46:36,183 [Datanode State Machine Thread - 0] INFO  ratis.XceiverServerRatis (XceiverServerRatis.java:start(417)) - Starting XceiverServerRatis 1c8ebbc6-c1e6-4495-a65c-885feb4be1c7 at port 0
2019-10-03 19:46:36,192 [Datanode State Machine Thread - 0] INFO  impl.RaftServerProxy (RaftServerProxy.java:lambda$start$3(299)) - 1c8ebbc6-c1e6-4495-a65c-885feb4be1c7: start RPC server
2019-10-03 19:46:36,246 [Datanode State Machine Thread - 0] INFO  ozoneimpl.OzoneContainer (OzoneContainer.java:start(217)) - Attempting to start container services.
2019-10-03 19:46:36,247 [Datanode State Machine Thread - 0] INFO  ozoneimpl.OzoneContainer (OzoneContainer.java:startContainerScrub(179)) - Background container scanner has been disabled.
2019-10-03 19:46:36,247 [Datanode State Machine Thread - 0] INFO  ratis.XceiverServerRatis (XceiverServerRatis.java:start(417)) - Starting XceiverServerRatis aca30371-01bf-4ae9-9279-957ab152ade5 at port 0
2019-10-03 19:46:36,262 [Datanode State Machine Thread - 0] INFO  impl.RaftServerProxy (RaftServerProxy.java:lambda$start$3(299)) - aca30371-01bf-4ae9-9279-957ab152ade5: start RPC server
2019-10-03 19:46:36,269 [Datanode State Machine Thread - 0] INFO  server.GrpcService (GrpcService.java:startImpl(158)) - 15c4f9ee-ac46-4058-9265-aa9afb39a11b: GrpcService started, listening on 0.0.0.0/0.0.0.0:45529
2019-10-03 19:46:36,269 [Datanode State Machine Thread - 0] INFO  server.GrpcService (GrpcService.java:startImpl(158)) - 9c523a97-aa95-4361-b6dc-8d1237959141: GrpcService started, listening on 0.0.0.0/0.0.0.0:43984
2019-10-03 19:46:36,270 [Datanode State Machine Thread - 0] INFO  ratis.XceiverServerRatis (XceiverServerRatis.java:start(427)) - XceiverServerRatis 15c4f9ee-ac46-4058-9265-aa9afb39a11b is started using port 45529
2019-10-03 19:46:36,269 [Datanode State Machine Thread - 0] INFO  server.GrpcService (GrpcService.java:startImpl(158)) - 1c8ebbc6-c1e6-4495-a65c-885feb4be1c7: GrpcService started, listening on 0.0.0.0/0.0.0.0:46856
2019-10-03 19:46:36,269 [Datanode State Machine Thread - 0] INFO  server.GrpcService (GrpcService.java:startImpl(158)) - aca30371-01bf-4ae9-9279-957ab152ade5: GrpcService started, listening on 0.0.0.0/0.0.0.0:44092
2019-10-03 19:46:36,270 [Datanode State Machine Thread - 0] INFO  ratis.XceiverServerRatis (XceiverServerRatis.java:start(427)) - XceiverServerRatis 1c8ebbc6-c1e6-4495-a65c-885feb4be1c7 is started using port 46856
2019-10-03 19:46:36,270 [Datanode State Machine Thread - 0] INFO  ratis.XceiverServerRatis (XceiverServerRatis.java:start(427)) - XceiverServerRatis 9c523a97-aa95-4361-b6dc-8d1237959141 is started using port 43984
2019-10-03 19:46:36,270 [Datanode State Machine Thread - 0] INFO  ratis.XceiverServerRatis (XceiverServerRatis.java:start(427)) - XceiverServerRatis aca30371-01bf-4ae9-9279-957ab152ade5 is started using port 44092
2019-10-03 19:46:36,279 [Datanode State Machine Thread - 0] INFO  server.XceiverServerGrpc (XceiverServerGrpc.java:start(149)) - XceiverServerGrpc 9c523a97-aa95-4361-b6dc-8d1237959141 is started using port 39912
2019-10-03 19:46:36,280 [Datanode State Machine Thread - 0] INFO  server.XceiverServerGrpc (XceiverServerGrpc.java:start(149)) - XceiverServerGrpc 15c4f9ee-ac46-4058-9265-aa9afb39a11b is started using port 39937
2019-10-03 19:46:36,279 [Datanode State Machine Thread - 0] INFO  server.XceiverServerGrpc (XceiverServerGrpc.java:start(149)) - XceiverServerGrpc aca30371-01bf-4ae9-9279-957ab152ade5 is started using port 43076
2019-10-03 19:46:36,281 [Datanode State Machine Thread - 0] INFO  server.XceiverServerGrpc (XceiverServerGrpc.java:start(149)) - XceiverServerGrpc 1c8ebbc6-c1e6-4495-a65c-885feb4be1c7 is started using port 41227
2019-10-03 19:46:36,313 [Datanode State Machine Thread - 0] INFO  ozoneimpl.OzoneContainer (OzoneContainer.java:start(217)) - Attempting to start container services.
2019-10-03 19:46:36,313 [Datanode State Machine Thread - 0] INFO  ozoneimpl.OzoneContainer (OzoneContainer.java:startContainerScrub(179)) - Background container scanner has been disabled.
2019-10-03 19:46:36,313 [Datanode State Machine Thread - 0] INFO  ratis.XceiverServerRatis (XceiverServerRatis.java:start(417)) - Starting XceiverServerRatis d9d1ee00-a0d5-45f0-8be4-29bee838d1fe at port 0
2019-10-03 19:46:36,318 [Datanode State Machine Thread - 0] INFO  impl.RaftServerProxy (RaftServerProxy.java:lambda$start$3(299)) - d9d1ee00-a0d5-45f0-8be4-29bee838d1fe: start RPC server
2019-10-03 19:46:36,321 [Datanode State Machine Thread - 0] INFO  server.GrpcService (GrpcService.java:startImpl(158)) - d9d1ee00-a0d5-45f0-8be4-29bee838d1fe: GrpcService started, listening on 0.0.0.0/0.0.0.0:34917
2019-10-03 19:46:36,321 [Datanode State Machine Thread - 0] INFO  ratis.XceiverServerRatis (XceiverServerRatis.java:start(427)) - XceiverServerRatis d9d1ee00-a0d5-45f0-8be4-29bee838d1fe is started using port 34917
2019-10-03 19:46:36,324 [Datanode State Machine Thread - 0] INFO  server.XceiverServerGrpc (XceiverServerGrpc.java:start(149)) - XceiverServerGrpc d9d1ee00-a0d5-45f0-8be4-29bee838d1fe is started using port 35676
2019-10-03 19:46:36,392 [Datanode State Machine Thread - 0] INFO  ozoneimpl.OzoneContainer (OzoneContainer.java:start(217)) - Attempting to start container services.
2019-10-03 19:46:36,392 [Datanode State Machine Thread - 0] INFO  ozoneimpl.OzoneContainer (OzoneContainer.java:startContainerScrub(179)) - Background container scanner has been disabled.
2019-10-03 19:46:36,392 [Datanode State Machine Thread - 0] INFO  ratis.XceiverServerRatis (XceiverServerRatis.java:start(417)) - Starting XceiverServerRatis fe043bca-9712-4c56-92e1-fea8b14d6e88 at port 0
2019-10-03 19:46:36,398 [Datanode State Machine Thread - 0] INFO  impl.RaftServerProxy (RaftServerProxy.java:lambda$start$3(299)) - fe043bca-9712-4c56-92e1-fea8b14d6e88: start RPC server
2019-10-03 19:46:36,401 [Datanode State Machine Thread - 0] INFO  server.GrpcService (GrpcService.java:startImpl(158)) - fe043bca-9712-4c56-92e1-fea8b14d6e88: GrpcService started, listening on 0.0.0.0/0.0.0.0:33638
2019-10-03 19:46:36,401 [Datanode State Machine Thread - 0] INFO  ratis.XceiverServerRatis (XceiverServerRatis.java:start(427)) - XceiverServerRatis fe043bca-9712-4c56-92e1-fea8b14d6e88 is started using port 33638
2019-10-03 19:46:36,404 [Datanode State Machine Thread - 0] INFO  server.XceiverServerGrpc (XceiverServerGrpc.java:start(149)) - XceiverServerGrpc fe043bca-9712-4c56-92e1-fea8b14d6e88 is started using port 43047
2019-10-03 19:46:36,448 [main] INFO  ozone.MiniOzoneClusterImpl (MiniOzoneClusterImpl.java:lambda$waitForClusterToBeReady$0(147)) - Waiting for cluster to be ready. Got 0 of 7 DN Heartbeats.
2019-10-03 19:46:36,463 [Datanode State Machine Thread - 0] INFO  ozoneimpl.OzoneContainer (OzoneContainer.java:start(217)) - Attempting to start container services.
2019-10-03 19:46:36,463 [Datanode State Machine Thread - 0] INFO  ozoneimpl.OzoneContainer (OzoneContainer.java:startContainerScrub(179)) - Background container scanner has been disabled.
2019-10-03 19:46:36,463 [Datanode State Machine Thread - 0] INFO  ratis.XceiverServerRatis (XceiverServerRatis.java:start(417)) - Starting XceiverServerRatis 015d2f5f-4f96-4319-9ea8-f29d63244e92 at port 0
2019-10-03 19:46:36,470 [Datanode State Machine Thread - 0] INFO  impl.RaftServerProxy (RaftServerProxy.java:lambda$start$3(299)) - 015d2f5f-4f96-4319-9ea8-f29d63244e92: start RPC server
2019-10-03 19:46:36,473 [Datanode State Machine Thread - 0] INFO  server.GrpcService (GrpcService.java:startImpl(158)) - 015d2f5f-4f96-4319-9ea8-f29d63244e92: GrpcService started, listening on 0.0.0.0/0.0.0.0:41601
2019-10-03 19:46:36,473 [Datanode State Machine Thread - 0] INFO  ratis.XceiverServerRatis (XceiverServerRatis.java:start(427)) - XceiverServerRatis 015d2f5f-4f96-4319-9ea8-f29d63244e92 is started using port 41601
2019-10-03 19:46:36,476 [Datanode State Machine Thread - 0] INFO  server.XceiverServerGrpc (XceiverServerGrpc.java:start(149)) - XceiverServerGrpc 015d2f5f-4f96-4319-9ea8-f29d63244e92 is started using port 43019
2019-10-03 19:46:37,449 [main] INFO  ozone.MiniOzoneClusterImpl (MiniOzoneClusterImpl.java:lambda$waitForClusterToBeReady$0(147)) - Waiting for cluster to be ready. Got 0 of 7 DN Heartbeats.
2019-10-03 19:46:38,024 [IPC Server handler 0 on 34835] INFO  net.NetworkTopology (NetworkTopologyImpl.java:add(111)) - Added a new node: /default-rack/9c523a97-aa95-4361-b6dc-8d1237959141
2019-10-03 19:46:38,025 [IPC Server handler 0 on 34835] INFO  node.SCMNodeManager (SCMNodeManager.java:register(266)) - Registered Data node : 9c523a97-aa95-4361-b6dc-8d1237959141{ip: 192.168.164.206, host: pr-hdds-2240-9gllg-3097873054, networkLocation: /default-rack, certSerialId: null}
2019-10-03 19:46:38,027 [EventQueue-NodeRegistrationContainerReportForDataNodeSafeModeRule] INFO  safemode.SCMSafeModeManager (DataNodeSafeModeRule.java:process(71)) - SCM in safe mode. 1 DataNodes registered, 1 required.
2019-10-03 19:46:38,028 [EventQueue-NodeRegistrationContainerReportForDataNodeSafeModeRule] INFO  safemode.SCMSafeModeManager (SCMSafeModeManager.java:validateSafeModeExitRules(177)) - ScmSafeModeManager, all rules are successfully validated
2019-10-03 19:46:38,028 [EventQueue-NodeRegistrationContainerReportForDataNodeSafeModeRule] INFO  safemode.SCMSafeModeManager (SCMSafeModeManager.java:exitSafeMode(193)) - SCM exiting safe mode.
2019-10-03 19:46:38,073 [IPC Server handler 1 on 34835] INFO  net.NetworkTopology (NetworkTopologyImpl.java:add(111)) - Added a new node: /default-rack/15c4f9ee-ac46-4058-9265-aa9afb39a11b
2019-10-03 19:46:38,073 [IPC Server handler 1 on 34835] INFO  node.SCMNodeManager (SCMNodeManager.java:register(266)) - Registered Data node : 15c4f9ee-ac46-4058-9265-aa9afb39a11b{ip: 192.168.164.206, host: pr-hdds-2240-9gllg-3097873054, networkLocation: /default-rack, certSerialId: null}
2019-10-03 19:46:38,160 [IPC Server handler 2 on 34835] INFO  net.NetworkTopology (NetworkTopologyImpl.java:add(111)) - Added a new node: /default-rack/1c8ebbc6-c1e6-4495-a65c-885feb4be1c7
2019-10-03 19:46:38,160 [IPC Server handler 2 on 34835] INFO  node.SCMNodeManager (SCMNodeManager.java:register(266)) - Registered Data node : 1c8ebbc6-c1e6-4495-a65c-885feb4be1c7{ip: 192.168.164.206, host: pr-hdds-2240-9gllg-3097873054, networkLocation: /default-rack, certSerialId: null}
2019-10-03 19:46:38,232 [IPC Server handler 4 on 34835] INFO  net.NetworkTopology (NetworkTopologyImpl.java:add(111)) - Added a new node: /default-rack/aca30371-01bf-4ae9-9279-957ab152ade5
2019-10-03 19:46:38,233 [IPC Server handler 4 on 34835] INFO  node.SCMNodeManager (SCMNodeManager.java:register(266)) - Registered Data node : aca30371-01bf-4ae9-9279-957ab152ade5{ip: 192.168.164.206, host: pr-hdds-2240-9gllg-3097873054, networkLocation: /default-rack, certSerialId: null}
2019-10-03 19:46:38,301 [IPC Server handler 5 on 34835] INFO  net.NetworkTopology (NetworkTopologyImpl.java:add(111)) - Added a new node: /default-rack/d9d1ee00-a0d5-45f0-8be4-29bee838d1fe
2019-10-03 19:46:38,302 [IPC Server handler 5 on 34835] INFO  node.SCMNodeManager (SCMNodeManager.java:register(266)) - Registered Data node : d9d1ee00-a0d5-45f0-8be4-29bee838d1fe{ip: 192.168.164.206, host: pr-hdds-2240-9gllg-3097873054, networkLocation: /default-rack, certSerialId: null}
2019-10-03 19:46:38,379 [IPC Server handler 6 on 34835] INFO  net.NetworkTopology (NetworkTopologyImpl.java:add(111)) - Added a new node: /default-rack/fe043bca-9712-4c56-92e1-fea8b14d6e88
2019-10-03 19:46:38,380 [IPC Server handler 6 on 34835] INFO  node.SCMNodeManager (SCMNodeManager.java:register(266)) - Registered Data node : fe043bca-9712-4c56-92e1-fea8b14d6e88{ip: 192.168.164.206, host: pr-hdds-2240-9gllg-3097873054, networkLocation: /default-rack, certSerialId: null}
2019-10-03 19:46:38,449 [main] INFO  ozone.MiniOzoneClusterImpl (MiniOzoneClusterImpl.java:lambda$waitForClusterToBeReady$0(147)) - Waiting for cluster to be ready. Got 6 of 7 DN Heartbeats.
2019-10-03 19:46:38,450 [IPC Server handler 7 on 34835] INFO  net.NetworkTopology (NetworkTopologyImpl.java:add(111)) - Added a new node: /default-rack/015d2f5f-4f96-4319-9ea8-f29d63244e92
2019-10-03 19:46:38,450 [IPC Server handler 7 on 34835] INFO  node.SCMNodeManager (SCMNodeManager.java:register(266)) - Registered Data node : 015d2f5f-4f96-4319-9ea8-f29d63244e92{ip: 192.168.164.206, host: pr-hdds-2240-9gllg-3097873054, networkLocation: /default-rack, certSerialId: null}
2019-10-03 19:46:38,484 [grpc-default-executor-0] INFO  impl.RaftServerProxy (RaftServerProxy.java:addNew(89)) - 9c523a97-aa95-4361-b6dc-8d1237959141: addNew group-71DD4AC7C4AC:[9c523a97-aa95-4361-b6dc-8d1237959141:192.168.164.206:43984] returns group-71DD4AC7C4AC:java.util.concurrent.CompletableFuture@d11619a[Not completed]
2019-10-03 19:46:38,495 [pool-27-thread-1] INFO  impl.RaftServerImpl (RaftServerImpl.java:<init>(95)) - 9c523a97-aa95-4361-b6dc-8d1237959141: new RaftServerImpl for group-71DD4AC7C4AC:[9c523a97-aa95-4361-b6dc-8d1237959141:192.168.164.206:43984] with ContainerStateMachine:uninitialized
2019-10-03 19:46:38,496 [pool-27-thread-1] INFO  server.RaftServerConfigKeys (ConfUtils.java:logGet(43)) - raft.server.rpc.timeout.min = 5s (custom)
2019-10-03 19:46:38,497 [pool-27-thread-1] INFO  server.RaftServerConfigKeys (ConfUtils.java:logGet(43)) - raft.server.rpc.timeout.max = 5200ms (custom)
2019-10-03 19:46:38,497 [pool-27-thread-1] INFO  server.RaftServerConfigKeys (ConfUtils.java:logGet(43)) - raft.server.rpcslowness.timeout = 120s (custom)
2019-10-03 19:46:38,498 [pool-27-thread-1] INFO  server.RaftServerConfigKeys (ConfUtils.java:logGet(43)) - raft.server.sleep.deviation.threshold = 300 (default)
2019-10-03 19:46:38,498 [pool-27-thread-1] INFO  server.RaftServerConfigKeys (ConfUtils.java:logGet(43)) - raft.server.log.appender.install.snapshot.enabled = false (custom)
2019-10-03 19:46:38,505 [pool-27-thread-1] INFO  impl.RaftServerImpl (ServerState.java:<init>(103)) - 9c523a97-aa95-4361-b6dc-8d1237959141@group-71DD4AC7C4AC: ConfigurationManager, init=-1: [9c523a97-aa95-4361-b6dc-8d1237959141:192.168.164.206:43984], old=null, confs=<EMPTY_MAP>
2019-10-03 19:46:38,505 [pool-27-thread-1] INFO  server.RaftServerConfigKeys (ConfUtils.java:logGet(43)) - raft.server.storage.dir = [/workdir/hadoop-ozone/integration-test/target/test-dir/MiniOzoneClusterImpl-dcd5f39f-879d-4b70-a9e7-132a8617f65e/datanode-0/data/ratis] (custom)
2019-10-03 19:46:38,511 [pool-27-thread-1] INFO  server.RaftServerConfigKeys (ConfUtils.java:logGet(43)) - raft.server.log.corruption.policy = EXCEPTION (default)
2019-10-03 19:46:38,512 [pool-27-thread-1] INFO  storage.RaftStorageDirectory (RaftStorageDirectory.java:analyzeStorage(246)) - The storage directory /workdir/hadoop-ozone/integration-test/target/test-dir/MiniOzoneClusterImpl-dcd5f39f-879d-4b70-a9e7-132a8617f65e/datanode-0/data/ratis/197da5c7-eb10-4b51-a55e-71dd4ac7c4ac does not exist. Creating ...
2019-10-03 19:46:38,529 [pool-27-thread-1] INFO  storage.RaftStorageDirectory (RaftStorageDirectory.java:tryLock(328)) - Lock on /workdir/hadoop-ozone/integration-test/target/test-dir/MiniOzoneClusterImpl-dcd5f39f-879d-4b70-a9e7-132a8617f65e/datanode-0/data/ratis/197da5c7-eb10-4b51-a55e-71dd4ac7c4ac/in_use.lock acquired by nodename 31942@pr-hdds-2240-9gllg-3097873054
2019-10-03 19:46:38,544 [pool-27-thread-1] INFO  storage.RaftStorage (RaftStorage.java:format(84)) - Storage directory /workdir/hadoop-ozone/integration-test/target/test-dir/MiniOzoneClusterImpl-dcd5f39f-879d-4b70-a9e7-132a8617f65e/datanode-0/data/ratis/197da5c7-eb10-4b51-a55e-71dd4ac7c4ac has been successfully formatted.
2019-10-03 19:46:38,546 [pool-27-thread-1] INFO  ratis.ContainerStateMachine (ContainerStateMachine.java:loadSnapshot(230)) - group-71DD4AC7C4AC: The snapshot info is null. Setting the last applied indexto:(t:0, i:~)
2019-10-03 19:46:38,546 [pool-27-thread-1] INFO  server.RaftServerConfigKeys (ConfUtils.java:logGet(43)) - raft.server.notification.no-leader.timeout = 120s (custom)
2019-10-03 19:46:38,548 [pool-27-thread-1] INFO  server.RaftServerConfigKeys (ConfUtils.java:logGet(43)) - raft.server.log.use.memory = false (default)
2019-10-03 19:46:38,553 [pool-27-thread-1] INFO  server.RaftServerConfigKeys (ConfUtils.java:logGet(43)) - raft.server.log.purge.gap = 1000000 (custom)
2019-10-03 19:46:38,553 [pool-27-thread-1] INFO  server.RaftServerConfigKeys (ConfUtils.java:logGet(43)) - raft.server.log.appender.buffer.byte-limit = 33554432 (custom)
2019-10-03 19:46:38,555 [pool-27-thread-1] INFO  server.RaftServerConfigKeys (ConfUtils.java:logGet(43)) - raft.server.log.segment.size.max = 1048576 (custom)
2019-10-03 19:46:38,556 [pool-27-thread-1] INFO  impl.MetricsSystemImpl (MetricsSystemImpl.java:init(158)) - ratis metrics system started (again)
2019-10-03 19:46:38,560 [pool-27-thread-1] INFO  metrics.MetricRegistries (MetricRegistriesLoader.java:load(64)) - Loaded MetricRegistries class org.apache.ratis.metrics.impl.MetricRegistriesImpl
2019-10-03 19:46:38,597 [pool-27-thread-1] INFO  server.RaftServerConfigKeys (ConfUtils.java:logGet(43)) - raft.server.log.segment.cache.num.max = 2 (custom)
2019-10-03 19:46:38,602 [pool-27-thread-1] INFO  segmented.SegmentedRaftLogWorker (SegmentedRaftLogWorker.java:<init>(173)) - new 9c523a97-aa95-4361-b6dc-8d1237959141@group-71DD4AC7C4AC-SegmentedRaftLogWorker for RaftStorage:Storage Directory /workdir/hadoop-ozone/integration-test/target/test-dir/MiniOzoneClusterImpl-dcd5f39f-879d-4b70-a9e7-132a8617f65e/datanode-0/data/ratis/197da5c7-eb10-4b51-a55e-71dd4ac7c4ac
2019-10-03 19:46:38,603 [pool-27-thread-1] INFO  server.RaftServerConfigKeys (ConfUtils.java:logGet(43)) - raft.server.log.queue.byte-limit = 2147483647 (custom)
2019-10-03 19:46:38,603 [pool-27-thread-1] INFO  server.RaftServerConfigKeys (ConfUtils.java:logGet(43)) - raft.server.log.queue.element-limit = 1024 (custom)
2019-10-03 19:46:38,604 [pool-27-thread-1] INFO  server.RaftServerConfigKeys (ConfUtils.java:logGet(43)) - raft.server.log.segment.size.max = 1048576 (custom)
2019-10-03 19:46:38,605 [pool-27-thread-1] INFO  server.RaftServerConfigKeys (ConfUtils.java:logGet(43)) - raft.server.log.preallocated.size = 16384 (custom)
2019-10-03 19:46:38,605 [pool-27-thread-1] INFO  server.RaftServerConfigKeys (ConfUtils.java:logGet(43)) - raft.server.log.write.buffer.size = 33554432 (custom)
2019-10-03 19:46:38,606 [pool-27-thread-1] INFO  server.RaftServerConfigKeys (ConfUtils.java:logGet(43)) - raft.server.log.force.sync.num = 128 (default)
2019-10-03 19:46:38,606 [pool-27-thread-1] INFO  server.RaftServerConfigKeys (ConfUtils.java:logGet(43)) - raft.server.log.statemachine.data.sync = true (default)
2019-10-03 19:46:38,607 [pool-27-thread-1] INFO  server.RaftServerConfigKeys (ConfUtils.java:logGet(43)) - raft.server.log.statemachine.data.sync.timeout = 10s (default)
2019-10-03 19:46:38,607 [pool-27-thread-1] INFO  server.RaftServerConfigKeys (ConfUtils.java:logGet(43)) - raft.server.log.statemachine.data.sync.timeout.retry = -1 (default)
2019-10-03 19:46:38,618 [pool-27-thread-1] INFO  server.RaftServerConfigKeys (ConfUtils.java:logGet(43)) - raft.server.log.statemachine.data.caching.enabled = true (custom)
2019-10-03 19:46:38,623 [pool-27-thread-1] INFO  segmented.SegmentedRaftLogWorker (SegmentedRaftLogWorker.java:lambda$new$0(128)) - 9c523a97-aa95-4361-b6dc-8d1237959141@group-71DD4AC7C4AC-SegmentedRaftLogWorker: flushIndex: setUnconditionally 0 -> -1
2019-10-03 19:46:38,627 [pool-27-thread-1] INFO  server.RaftServerConfigKeys (ConfUtils.java:logGet(43)) - raft.server.snapshot.auto.trigger.enabled = true (custom)
2019-10-03 19:46:38,628 [pool-27-thread-1] INFO  server.RaftServerConfigKeys (ConfUtils.java:logGet(43)) - raft.server.snapshot.auto.trigger.threshold = 10000 (custom)
2019-10-03 19:46:38,628 [pool-27-thread-1] INFO  server.RaftServerConfigKeys (ConfUtils.java:logGet(43)) - raft.server.snapshot.retention.file.num = 5 (custom)
2019-10-03 19:46:38,628 [pool-27-thread-1] INFO  server.RaftServerConfigKeys (ConfUtils.java:logGet(43)) - raft.server.retrycache.expirytime = 600000ms (custom)
2019-10-03 19:46:38,654 [pool-27-thread-1] INFO  impl.RaftServerImpl (RaftServerImpl.java:start(181)) - 9c523a97-aa95-4361-b6dc-8d1237959141@group-71DD4AC7C4AC: start as a follower, conf=-1: [9c523a97-aa95-4361-b6dc-8d1237959141:192.168.164.206:43984], old=null
2019-10-03 19:46:38,655 [pool-27-thread-1] INFO  impl.RaftServerImpl (RaftServerImpl.java:setRole(170)) - 9c523a97-aa95-4361-b6dc-8d1237959141@group-71DD4AC7C4AC: changes role from      null to FOLLOWER at term 0 for startAsFollower
2019-10-03 19:46:38,656 [pool-27-thread-1] INFO  impl.RoleInfo (RoleInfo.java:updateAndGet(143)) - 9c523a97-aa95-4361-b6dc-8d1237959141: start FollowerState
2019-10-03 19:46:38,658 [pool-27-thread-1] INFO  util.JmxRegister (JmxRegister.java:tryRegister(44)) - Successfully registered JMX Bean with object name Ratis:service=RaftServer,group=group-71DD4AC7C4AC,id=9c523a97-aa95-4361-b6dc-8d1237959141
2019-10-03 19:46:38,754 [RatisPipelineUtilsThread] INFO  pipeline.PipelineStateManager (PipelineStateManager.java:addPipeline(56)) - Created pipeline Pipeline[ Id: 197da5c7-eb10-4b51-a55e-71dd4ac7c4ac, Nodes: 9c523a97-aa95-4361-b6dc-8d1237959141{ip: 192.168.164.206, host: pr-hdds-2240-9gllg-3097873054, networkLocation: /default-rack, certSerialId: null}, Type:RATIS, Factor:ONE, State:OPEN]
2019-10-03 19:46:38,785 [grpc-default-executor-0] INFO  impl.RaftServerProxy (RaftServerProxy.java:addNew(89)) - aca30371-01bf-4ae9-9279-957ab152ade5: addNew group-BDE74385F285:[aca30371-01bf-4ae9-9279-957ab152ade5:192.168.164.206:44092] returns group-BDE74385F285:java.util.concurrent.CompletableFuture@7fb198ff[Not completed]
2019-10-03 19:46:38,840 [pool-57-thread-1] INFO  impl.RaftServerImpl (RaftServerImpl.java:<init>(95)) - aca30371-01bf-4ae9-9279-957ab152ade5: new RaftServerImpl for group-BDE74385F285:[aca30371-01bf-4ae9-9279-957ab152ade5:192.168.164.206:44092] with ContainerStateMachine:uninitialized
2019-10-03 19:46:38,841 [pool-57-thread-1] INFO  server.RaftServerConfigKeys (ConfUtils.java:logGet(43)) - raft.server.rpc.timeout.min = 5s (custom)
2019-10-03 19:46:38,842 [pool-57-thread-1] INFO  server.RaftServerConfigKeys (ConfUtils.java:logGet(43)) - raft.server.rpc.timeout.max = 5200ms (custom)
2019-10-03 19:46:38,842 [pool-57-thread-1] INFO  server.RaftServerConfigKeys (ConfUtils.java:logGet(43)) - raft.server.rpcslowness.timeout = 120s (custom)
2019-10-03 19:46:38,842 [pool-57-thread-1] INFO  server.RaftServerConfigKeys (ConfUtils.java:logGet(43)) - raft.server.sleep.deviation.threshold = 300 (default)
2019-10-03 19:46:38,842 [pool-57-thread-1] INFO  server.RaftServerConfigKeys (ConfUtils.java:logGet(43)) - raft.server.log.appender.install.snapshot.enabled = false (custom)
2019-10-03 19:46:38,842 [pool-57-thread-1] INFO  impl.RaftServerImpl (ServerState.java:<init>(103)) - aca30371-01bf-4ae9-9279-957ab152ade5@group-BDE74385F285: ConfigurationManager, init=-1: [aca30371-01bf-4ae9-9279-957ab152ade5:192.168.164.206:44092], old=null, confs=<EMPTY_MAP>
2019-10-03 19:46:38,842 [pool-57-thread-1] INFO  server.RaftServerConfigKeys (ConfUtils.java:logGet(43)) - raft.server.storage.dir = [/workdir/hadoop-ozone/integration-test/target/test-dir/MiniOzoneClusterImpl-dcd5f39f-879d-4b70-a9e7-132a8617f65e/datanode-3/data/ratis] (custom)
2019-10-03 19:46:38,843 [pool-57-thread-1] INFO  server.RaftServerConfigKeys (ConfUtils.java:logGet(43)) - raft.server.log.corruption.policy = EXCEPTION (default)
2019-10-03 19:46:38,843 [pool-57-thread-1] INFO  storage.RaftStorageDirectory (RaftStorageDirectory.java:analyzeStorage(246)) - The storage directory /workdir/hadoop-ozone/integration-test/target/test-dir/MiniOzoneClusterImpl-dcd5f39f-879d-4b70-a9e7-132a8617f65e/datanode-3/data/ratis/41c6290d-19c0-48f5-ab76-bde74385f285 does not exist. Creating ...
2019-10-03 19:46:38,858 [pool-57-thread-1] INFO  storage.RaftStorageDirectory (RaftStorageDirectory.java:tryLock(328)) - Lock on /workdir/hadoop-ozone/integration-test/target/test-dir/MiniOzoneClusterImpl-dcd5f39f-879d-4b70-a9e7-132a8617f65e/datanode-3/data/ratis/41c6290d-19c0-48f5-ab76-bde74385f285/in_use.lock acquired by nodename 31942@pr-hdds-2240-9gllg-3097873054
2019-10-03 19:46:38,871 [pool-57-thread-1] INFO  storage.RaftStorage (RaftStorage.java:format(84)) - Storage directory /workdir/hadoop-ozone/integration-test/target/test-dir/MiniOzoneClusterImpl-dcd5f39f-879d-4b70-a9e7-132a8617f65e/datanode-3/data/ratis/41c6290d-19c0-48f5-ab76-bde74385f285 has been successfully formatted.
2019-10-03 19:46:38,872 [pool-57-thread-1] INFO  ratis.ContainerStateMachine (ContainerStateMachine.java:loadSnapshot(230)) - group-BDE74385F285: The snapshot info is null. Setting the last applied indexto:(t:0, i:~)
2019-10-03 19:46:38,873 [pool-57-thread-1] INFO  server.RaftServerConfigKeys (ConfUtils.java:logGet(43)) - raft.server.notification.no-leader.timeout = 120s (custom)
2019-10-03 19:46:38,874 [pool-57-thread-1] INFO  server.RaftServerConfigKeys (ConfUtils.java:logGet(43)) - raft.server.log.use.memory = false (default)
2019-10-03 19:46:38,874 [pool-57-thread-1] INFO  server.RaftServerConfigKeys (ConfUtils.java:logGet(43)) - raft.server.log.purge.gap = 1000000 (custom)
2019-10-03 19:46:38,874 [pool-57-thread-1] INFO  server.RaftServerConfigKeys (ConfUtils.java:logGet(43)) - raft.server.log.appender.buffer.byte-limit = 33554432 (custom)
2019-10-03 19:46:38,874 [pool-57-thread-1] INFO  server.RaftServerConfigKeys (ConfUtils.java:logGet(43)) - raft.server.log.segment.size.max = 1048576 (custom)
2019-10-03 19:46:38,879 [pool-57-thread-1] INFO  server.RaftServerConfigKeys (ConfUtils.java:logGet(43)) - raft.server.log.segment.cache.num.max = 2 (custom)
2019-10-03 19:46:38,879 [pool-57-thread-1] INFO  segmented.SegmentedRaftLogWorker (SegmentedRaftLogWorker.java:<init>(173)) - new aca30371-01bf-4ae9-9279-957ab152ade5@group-BDE74385F285-SegmentedRaftLogWorker for RaftStorage:Storage Directory /workdir/hadoop-ozone/integration-test/target/test-dir/MiniOzoneClusterImpl-dcd5f39f-879d-4b70-a9e7-132a8617f65e/datanode-3/data/ratis/41c6290d-19c0-48f5-ab76-bde74385f285
2019-10-03 19:46:38,880 [pool-57-thread-1] INFO  server.RaftServerConfigKeys (ConfUtils.java:logGet(43)) - raft.server.log.queue.byte-limit = 2147483647 (custom)
2019-10-03 19:46:38,881 [pool-57-thread-1] INFO  server.RaftServerConfigKeys (ConfUtils.java:logGet(43)) - raft.server.log.queue.element-limit = 1024 (custom)
2019-10-03 19:46:38,881 [pool-57-thread-1] INFO  server.RaftServerConfigKeys (ConfUtils.java:logGet(43)) - raft.server.log.segment.size.max = 1048576 (custom)
2019-10-03 19:46:38,881 [pool-57-thread-1] INFO  server.RaftServerConfigKeys (ConfUtils.java:logGet(43)) - raft.server.log.preallocated.size = 16384 (custom)
2019-10-03 19:46:38,881 [pool-57-thread-1] INFO  server.RaftServerConfigKeys (ConfUtils.java:logGet(43)) - raft.server.log.write.buffer.size = 33554432 (custom)
2019-10-03 19:46:38,881 [pool-57-thread-1] INFO  server.RaftServerConfigKeys (ConfUtils.java:logGet(43)) - raft.server.log.force.sync.num = 128 (default)
2019-10-03 19:46:38,881 [pool-57-thread-1] INFO  server.RaftServerConfigKeys (ConfUtils.java:logGet(43)) - raft.server.log.statemachine.data.sync = true (default)
2019-10-03 19:46:38,881 [pool-57-thread-1] INFO  server.RaftServerConfigKeys (ConfUtils.java:logGet(43)) - raft.server.log.statemachine.data.sync.timeout = 10s (default)
2019-10-03 19:46:38,882 [pool-57-thread-1] INFO  server.RaftServerConfigKeys (ConfUtils.java:logGet(43)) - raft.server.log.statemachine.data.sync.timeout.retry = -1 (default)
2019-10-03 19:46:38,882 [pool-57-thread-1] INFO  server.RaftServerConfigKeys (ConfUtils.java:logGet(43)) - raft.server.log.statemachine.data.caching.enabled = true (custom)
2019-10-03 19:46:38,883 [pool-57-thread-1] INFO  segmented.SegmentedRaftLogWorker (SegmentedRaftLogWorker.java:lambda$new$0(128)) - aca30371-01bf-4ae9-9279-957ab152ade5@group-BDE74385F285-SegmentedRaftLogWorker: flushIndex: setUnconditionally 0 -> -1
2019-10-03 19:46:38,883 [pool-57-thread-1] INFO  server.RaftServerConfigKeys (ConfUtils.java:logGet(43)) - raft.server.snapshot.auto.trigger.enabled = true (custom)
2019-10-03 19:46:38,883 [pool-57-thread-1] INFO  server.RaftServerConfigKeys (ConfUtils.java:logGet(43)) - raft.server.snapshot.auto.trigger.threshold = 10000 (custom)
2019-10-03 19:46:38,883 [pool-57-thread-1] INFO  server.RaftServerConfigKeys (ConfUtils.java:logGet(43)) - raft.server.snapshot.retention.file.num = 5 (custom)
2019-10-03 19:46:38,883 [pool-57-thread-1] INFO  server.RaftServerConfigKeys (ConfUtils.java:logGet(43)) - raft.server.retrycache.expirytime = 600000ms (custom)
2019-10-03 19:46:38,888 [pool-57-thread-1] INFO  impl.RaftServerImpl (RaftServerImpl.java:start(181)) - aca30371-01bf-4ae9-9279-957ab152ade5@group-BDE74385F285: start as a follower, conf=-1: [aca30371-01bf-4ae9-9279-957ab152ade5:192.168.164.206:44092], old=null
2019-10-03 19:46:38,888 [pool-57-thread-1] INFO  impl.RaftServerImpl (RaftServerImpl.java:setRole(170)) - aca30371-01bf-4ae9-9279-957ab152ade5@group-BDE74385F285: changes role from      null to FOLLOWER at term 0 for startAsFollower
2019-10-03 19:46:38,888 [pool-57-thread-1] INFO  impl.RoleInfo (RoleInfo.java:updateAndGet(143)) - aca30371-01bf-4ae9-9279-957ab152ade5: start FollowerState
2019-10-03 19:46:38,890 [pool-57-thread-1] INFO  util.JmxRegister (JmxRegister.java:tryRegister(44)) - Successfully registered JMX Bean with object name Ratis:service=RaftServer,group=group-BDE74385F285,id=aca30371-01bf-4ae9-9279-957ab152ade5
2019-10-03 19:46:38,908 [RatisPipelineUtilsThread] INFO  pipeline.PipelineStateManager (PipelineStateManager.java:addPipeline(56)) - Created pipeline Pipeline[ Id: 41c6290d-19c0-48f5-ab76-bde74385f285, Nodes: aca30371-01bf-4ae9-9279-957ab152ade5{ip: 192.168.164.206, host: pr-hdds-2240-9gllg-3097873054, networkLocation: /default-rack, certSerialId: null}, Type:RATIS, Factor:ONE, State:OPEN]
2019-10-03 19:46:38,933 [grpc-default-executor-0] INFO  impl.RaftServerProxy (RaftServerProxy.java:addNew(89)) - 1c8ebbc6-c1e6-4495-a65c-885feb4be1c7: addNew group-A7BCF6CBBA88:[1c8ebbc6-c1e6-4495-a65c-885feb4be1c7:192.168.164.206:46856] returns group-A7BCF6CBBA88:java.util.concurrent.CompletableFuture@110432aa[Not completed]
2019-10-03 19:46:38,957 [pool-47-thread-1] INFO  impl.RaftServerImpl (RaftServerImpl.java:<init>(95)) - 1c8ebbc6-c1e6-4495-a65c-885feb4be1c7: new RaftServerImpl for group-A7BCF6CBBA88:[1c8ebbc6-c1e6-4495-a65c-885feb4be1c7:192.168.164.206:46856] with ContainerStateMachine:uninitialized
2019-10-03 19:46:38,957 [pool-47-thread-1] INFO  server.RaftServerConfigKeys (ConfUtils.java:logGet(43)) - raft.server.rpc.timeout.min = 5s (custom)
2019-10-03 19:46:38,957 [pool-47-thread-1] INFO  server.RaftServerConfigKeys (ConfUtils.java:logGet(43)) - raft.server.rpc.timeout.max = 5200ms (custom)
2019-10-03 19:46:38,957 [pool-47-thread-1] INFO  server.RaftServerConfigKeys (ConfUtils.java:logGet(43)) - raft.server.rpcslowness.timeout = 120s (custom)
2019-10-03 19:46:38,958 [pool-47-thread-1] INFO  server.RaftServerConfigKeys (ConfUtils.java:logGet(43)) - raft.server.sleep.deviation.threshold = 300 (default)
2019-10-03 19:46:38,958 [pool-47-thread-1] INFO  server.RaftServerConfigKeys (ConfUtils.java:logGet(43)) - raft.server.log.appender.install.snapshot.enabled = false (custom)
2019-10-03 19:46:38,958 [pool-47-thread-1] INFO  impl.RaftServerImpl (ServerState.java:<init>(103)) - 1c8ebbc6-c1e6-4495-a65c-885feb4be1c7@group-A7BCF6CBBA88: ConfigurationManager, init=-1: [1c8ebbc6-c1e6-4495-a65c-885feb4be1c7:192.168.164.206:46856], old=null, confs=<EMPTY_MAP>
2019-10-03 19:46:38,958 [pool-47-thread-1] INFO  server.RaftServerConfigKeys (ConfUtils.java:logGet(43)) - raft.server.storage.dir = [/workdir/hadoop-ozone/integration-test/target/test-dir/MiniOzoneClusterImpl-dcd5f39f-879d-4b70-a9e7-132a8617f65e/datanode-2/data/ratis] (custom)
2019-10-03 19:46:38,958 [pool-47-thread-1] INFO  server.RaftServerConfigKeys (ConfUtils.java:logGet(43)) - raft.server.log.corruption.policy = EXCEPTION (default)
2019-10-03 19:46:38,959 [pool-47-thread-1] INFO  storage.RaftStorageDirectory (RaftStorageDirectory.java:analyzeStorage(246)) - The storage directory /workdir/hadoop-ozone/integration-test/target/test-dir/MiniOzoneClusterImpl-dcd5f39f-879d-4b70-a9e7-132a8617f65e/datanode-2/data/ratis/adea8b80-55f9-4495-92e2-a7bcf6cbba88 does not exist. Creating ...
2019-10-03 19:46:38,971 [pool-47-thread-1] INFO  storage.RaftStorageDirectory (RaftStorageDirectory.java:tryLock(328)) - Lock on /workdir/hadoop-ozone/integration-test/target/test-dir/MiniOzoneClusterImpl-dcd5f39f-879d-4b70-a9e7-132a8617f65e/datanode-2/data/ratis/adea8b80-55f9-4495-92e2-a7bcf6cbba88/in_use.lock acquired by nodename 31942@pr-hdds-2240-9gllg-3097873054
2019-10-03 19:46:38,984 [pool-47-thread-1] INFO  storage.RaftStorage (RaftStorage.java:format(84)) - Storage directory /workdir/hadoop-ozone/integration-test/target/test-dir/MiniOzoneClusterImpl-dcd5f39f-879d-4b70-a9e7-132a8617f65e/datanode-2/data/ratis/adea8b80-55f9-4495-92e2-a7bcf6cbba88 has been successfully formatted.
2019-10-03 19:46:38,984 [pool-47-thread-1] INFO  ratis.ContainerStateMachine (ContainerStateMachine.java:loadSnapshot(230)) - group-A7BCF6CBBA88: The snapshot info is null. Setting the last applied indexto:(t:0, i:~)
2019-10-03 19:46:38,985 [pool-47-thread-1] INFO  server.RaftServerConfigKeys (ConfUtils.java:logGet(43)) - raft.server.notification.no-leader.timeout = 120s (custom)
2019-10-03 19:46:38,985 [pool-47-thread-1] INFO  server.RaftServerConfigKeys (ConfUtils.java:logGet(43)) - raft.server.log.use.memory = false (default)
2019-10-03 19:46:38,985 [pool-47-thread-1] INFO  server.RaftServerConfigKeys (ConfUtils.java:logGet(43)) - raft.server.log.purge.gap = 1000000 (custom)
2019-10-03 19:46:38,985 [pool-47-thread-1] INFO  server.RaftServerConfigKeys (ConfUtils.java:logGet(43)) - raft.server.log.appender.buffer.byte-limit = 33554432 (custom)
2019-10-03 19:46:38,985 [pool-47-thread-1] INFO  server.RaftServerConfigKeys (ConfUtils.java:logGet(43)) - raft.server.log.segment.size.max = 1048576 (custom)
2019-10-03 19:46:39,029 [pool-47-thread-1] INFO  server.RaftServerConfigKeys (ConfUtils.java:logGet(43)) - raft.server.log.segment.cache.num.max = 2 (custom)
2019-10-03 19:46:39,030 [pool-47-thread-1] INFO  segmented.SegmentedRaftLogWorker (SegmentedRaftLogWorker.java:<init>(173)) - new 1c8ebbc6-c1e6-4495-a65c-885feb4be1c7@group-A7BCF6CBBA88-SegmentedRaftLogWorker for RaftStorage:Storage Directory /workdir/hadoop-ozone/integration-test/target/test-dir/MiniOzoneClusterImpl-dcd5f39f-879d-4b70-a9e7-132a8617f65e/datanode-2/data/ratis/adea8b80-55f9-4495-92e2-a7bcf6cbba88
2019-10-03 19:46:39,030 [pool-47-thread-1] INFO  server.RaftServerConfigKeys (ConfUtils.java:logGet(43)) - raft.server.log.queue.byte-limit = 2147483647 (custom)
2019-10-03 19:46:39,030 [pool-47-thread-1] INFO  server.RaftServerConfigKeys (ConfUtils.java:logGet(43)) - raft.server.log.queue.element-limit = 1024 (custom)
2019-10-03 19:46:39,030 [pool-47-thread-1] INFO  server.RaftServerConfigKeys (ConfUtils.java:logGet(43)) - raft.server.log.segment.size.max = 1048576 (custom)
2019-10-03 19:46:39,031 [pool-47-thread-1] INFO  server.RaftServerConfigKeys (ConfUtils.java:logGet(43)) - raft.server.log.preallocated.size = 16384 (custom)
2019-10-03 19:46:39,031 [pool-47-thread-1] INFO  server.RaftServerConfigKeys (ConfUtils.java:logGet(43)) - raft.server.log.write.buffer.size = 33554432 (custom)
2019-10-03 19:46:39,031 [pool-47-thread-1] INFO  server.RaftServerConfigKeys (ConfUtils.java:logGet(43)) - raft.server.log.force.sync.num = 128 (default)
2019-10-03 19:46:39,031 [pool-47-thread-1] INFO  server.RaftServerConfigKeys (ConfUtils.java:logGet(43)) - raft.server.log.statemachine.data.sync = true (default)
2019-10-03 19:46:39,031 [pool-47-thread-1] INFO  server.RaftServerConfigKeys (ConfUtils.java:logGet(43)) - raft.server.log.statemachine.data.sync.timeout = 10s (default)
2019-10-03 19:46:39,032 [pool-47-thread-1] INFO  server.RaftServerConfigKeys (ConfUtils.java:logGet(43)) - raft.server.log.statemachine.data.sync.timeout.retry = -1 (default)
2019-10-03 19:46:39,033 [pool-47-thread-1] INFO  server.RaftServerConfigKeys (ConfUtils.java:logGet(43)) - raft.server.log.statemachine.data.caching.enabled = true (custom)
2019-10-03 19:46:39,034 [pool-47-thread-1] INFO  segmented.SegmentedRaftLogWorker (SegmentedRaftLogWorker.java:lambda$new$0(128)) - 1c8ebbc6-c1e6-4495-a65c-885feb4be1c7@group-A7BCF6CBBA88-SegmentedRaftLogWorker: flushIndex: setUnconditionally 0 -> -1
2019-10-03 19:46:39,034 [pool-47-thread-1] INFO  server.RaftServerConfigKeys (ConfUtils.java:logGet(43)) - raft.server.snapshot.auto.trigger.enabled = true (custom)
2019-10-03 19:46:39,034 [pool-47-thread-1] INFO  server.RaftServerConfigKeys (ConfUtils.java:logGet(43)) - raft.server.snapshot.auto.trigger.threshold = 10000 (custom)
2019-10-03 19:46:39,034 [pool-47-thread-1] INFO  server.RaftServerConfigKeys (ConfUtils.java:logGet(43)) - raft.server.snapshot.retention.file.num = 5 (custom)
2019-10-03 19:46:39,035 [pool-47-thread-1] INFO  server.RaftServerConfigKeys (ConfUtils.java:logGet(43)) - raft.server.retrycache.expirytime = 600000ms (custom)
2019-10-03 19:46:39,042 [pool-47-thread-1] INFO  impl.RaftServerImpl (RaftServerImpl.java:start(181)) - 1c8ebbc6-c1e6-4495-a65c-885feb4be1c7@group-A7BCF6CBBA88: start as a follower, conf=-1: [1c8ebbc6-c1e6-4495-a65c-885feb4be1c7:192.168.164.206:46856], old=null
2019-10-03 19:46:39,042 [pool-47-thread-1] INFO  impl.RaftServerImpl (RaftServerImpl.java:setRole(170)) - 1c8ebbc6-c1e6-4495-a65c-885feb4be1c7@group-A7BCF6CBBA88: changes role from      null to FOLLOWER at term 0 for startAsFollower
2019-10-03 19:46:39,042 [pool-47-thread-1] INFO  impl.RoleInfo (RoleInfo.java:updateAndGet(143)) - 1c8ebbc6-c1e6-4495-a65c-885feb4be1c7: start FollowerState
2019-10-03 19:46:39,043 [pool-47-thread-1] INFO  util.JmxRegister (JmxRegister.java:tryRegister(44)) - Successfully registered JMX Bean with object name Ratis:service=RaftServer,group=group-A7BCF6CBBA88,id=1c8ebbc6-c1e6-4495-a65c-885feb4be1c7
2019-10-03 19:46:39,058 [RatisPipelineUtilsThread] INFO  pipeline.PipelineStateManager (PipelineStateManager.java:addPipeline(56)) - Created pipeline Pipeline[ Id: adea8b80-55f9-4495-92e2-a7bcf6cbba88, Nodes: 1c8ebbc6-c1e6-4495-a65c-885feb4be1c7{ip: 192.168.164.206, host: pr-hdds-2240-9gllg-3097873054, networkLocation: /default-rack, certSerialId: null}, Type:RATIS, Factor:ONE, State:OPEN]
2019-10-03 19:46:39,073 [grpc-default-executor-0] INFO  impl.RaftServerProxy (RaftServerProxy.java:addNew(89)) - fe043bca-9712-4c56-92e1-fea8b14d6e88: addNew group-0392420C348A:[fe043bca-9712-4c56-92e1-fea8b14d6e88:192.168.164.206:33638] returns group-0392420C348A:java.util.concurrent.CompletableFuture@405d7132[Not completed]
2019-10-03 19:46:39,078 [pool-77-thread-1] INFO  impl.RaftServerImpl (RaftServerImpl.java:<init>(95)) - fe043bca-9712-4c56-92e1-fea8b14d6e88: new RaftServerImpl for group-0392420C348A:[fe043bca-9712-4c56-92e1-fea8b14d6e88:192.168.164.206:33638] with ContainerStateMachine:uninitialized
2019-10-03 19:46:39,078 [pool-77-thread-1] INFO  server.RaftServerConfigKeys (ConfUtils.java:logGet(43)) - raft.server.rpc.timeout.min = 5s (custom)
2019-10-03 19:46:39,079 [pool-77-thread-1] INFO  server.RaftServerConfigKeys (ConfUtils.java:logGet(43)) - raft.server.rpc.timeout.max = 5200ms (custom)
2019-10-03 19:46:39,079 [pool-77-thread-1] INFO  server.RaftServerConfigKeys (ConfUtils.java:logGet(43)) - raft.server.rpcslowness.timeout = 120s (custom)
2019-10-03 19:46:39,079 [pool-77-thread-1] INFO  server.RaftServerConfigKeys (ConfUtils.java:logGet(43)) - raft.server.sleep.deviation.threshold = 300 (default)
2019-10-03 19:46:39,079 [pool-77-thread-1] INFO  server.RaftServerConfigKeys (ConfUtils.java:logGet(43)) - raft.server.log.appender.install.snapshot.enabled = false (custom)
2019-10-03 19:46:39,079 [pool-77-thread-1] INFO  impl.RaftServerImpl (ServerState.java:<init>(103)) - fe043bca-9712-4c56-92e1-fea8b14d6e88@group-0392420C348A: ConfigurationManager, init=-1: [fe043bca-9712-4c56-92e1-fea8b14d6e88:192.168.164.206:33638], old=null, confs=<EMPTY_MAP>
2019-10-03 19:46:39,079 [pool-77-thread-1] INFO  server.RaftServerConfigKeys (ConfUtils.java:logGet(43)) - raft.server.storage.dir = [/workdir/hadoop-ozone/integration-test/target/test-dir/MiniOzoneClusterImpl-dcd5f39f-879d-4b70-a9e7-132a8617f65e/datanode-5/data/ratis] (custom)
2019-10-03 19:46:39,080 [pool-77-thread-1] INFO  server.RaftServerConfigKeys (ConfUtils.java:logGet(43)) - raft.server.log.corruption.policy = EXCEPTION (default)
2019-10-03 19:46:39,080 [pool-77-thread-1] INFO  storage.RaftStorageDirectory (RaftStorageDirectory.java:analyzeStorage(246)) - The storage directory /workdir/hadoop-ozone/integration-test/target/test-dir/MiniOzoneClusterImpl-dcd5f39f-879d-4b70-a9e7-132a8617f65e/datanode-5/data/ratis/12fed62b-3167-4bbe-b17e-0392420c348a does not exist. Creating ...
2019-10-03 19:46:39,093 [pool-77-thread-1] INFO  storage.RaftStorageDirectory (RaftStorageDirectory.java:tryLock(328)) - Lock on /workdir/hadoop-ozone/integration-test/target/test-dir/MiniOzoneClusterImpl-dcd5f39f-879d-4b70-a9e7-132a8617f65e/datanode-5/data/ratis/12fed62b-3167-4bbe-b17e-0392420c348a/in_use.lock acquired by nodename 31942@pr-hdds-2240-9gllg-3097873054
2019-10-03 19:46:39,106 [pool-77-thread-1] INFO  storage.RaftStorage (RaftStorage.java:format(84)) - Storage directory /workdir/hadoop-ozone/integration-test/target/test-dir/MiniOzoneClusterImpl-dcd5f39f-879d-4b70-a9e7-132a8617f65e/datanode-5/data/ratis/12fed62b-3167-4bbe-b17e-0392420c348a has been successfully formatted.
2019-10-03 19:46:39,106 [pool-77-thread-1] INFO  ratis.ContainerStateMachine (ContainerStateMachine.java:loadSnapshot(230)) - group-0392420C348A: The snapshot info is null. Setting the last applied indexto:(t:0, i:~)
2019-10-03 19:46:39,106 [pool-77-thread-1] INFO  server.RaftServerConfigKeys (ConfUtils.java:logGet(43)) - raft.server.notification.no-leader.timeout = 120s (custom)
2019-10-03 19:46:39,106 [pool-77-thread-1] INFO  server.RaftServerConfigKeys (ConfUtils.java:logGet(43)) - raft.server.log.use.memory = false (default)
2019-10-03 19:46:39,107 [pool-77-thread-1] INFO  server.RaftServerConfigKeys (ConfUtils.java:logGet(43)) - raft.server.log.purge.gap = 1000000 (custom)
2019-10-03 19:46:39,107 [pool-77-thread-1] INFO  server.RaftServerConfigKeys (ConfUtils.java:logGet(43)) - raft.server.log.appender.buffer.byte-limit = 33554432 (custom)
2019-10-03 19:46:39,107 [pool-77-thread-1] INFO  server.RaftServerConfigKeys (ConfUtils.java:logGet(43)) - raft.server.log.segment.size.max = 1048576 (custom)
2019-10-03 19:46:39,112 [pool-77-thread-1] INFO  server.RaftServerConfigKeys (ConfUtils.java:logGet(43)) - raft.server.log.segment.cache.num.max = 2 (custom)
2019-10-03 19:46:39,112 [pool-77-thread-1] INFO  segmented.SegmentedRaftLogWorker (SegmentedRaftLogWorker.java:<init>(173)) - new fe043bca-9712-4c56-92e1-fea8b14d6e88@group-0392420C348A-SegmentedRaftLogWorker for RaftStorage:Storage Directory /workdir/hadoop-ozone/integration-test/target/test-dir/MiniOzoneClusterImpl-dcd5f39f-879d-4b70-a9e7-132a8617f65e/datanode-5/data/ratis/12fed62b-3167-4bbe-b17e-0392420c348a
2019-10-03 19:46:39,112 [pool-77-thread-1] INFO  server.RaftServerConfigKeys (ConfUtils.java:logGet(43)) - raft.server.log.queue.byte-limit = 2147483647 (custom)
2019-10-03 19:46:39,113 [pool-77-thread-1] INFO  server.RaftServerConfigKeys (ConfUtils.java:logGet(43)) - raft.server.log.queue.element-limit = 1024 (custom)
2019-10-03 19:46:39,113 [pool-77-thread-1] INFO  server.RaftServerConfigKeys (ConfUtils.java:logGet(43)) - raft.server.log.segment.size.max = 1048576 (custom)
2019-10-03 19:46:39,113 [pool-77-thread-1] INFO  server.RaftServerConfigKeys (ConfUtils.java:logGet(43)) - raft.server.log.preallocated.size = 16384 (custom)
2019-10-03 19:46:39,113 [pool-77-thread-1] INFO  server.RaftServerConfigKeys (ConfUtils.java:logGet(43)) - raft.server.log.write.buffer.size = 33554432 (custom)
2019-10-03 19:46:39,113 [pool-77-thread-1] INFO  server.RaftServerConfigKeys (ConfUtils.java:logGet(43)) - raft.server.log.force.sync.num = 128 (default)
2019-10-03 19:46:39,113 [pool-77-thread-1] INFO  server.RaftServerConfigKeys (ConfUtils.java:logGet(43)) - raft.server.log.statemachine.data.sync = true (default)
2019-10-03 19:46:39,114 [pool-77-thread-1] INFO  server.RaftServerConfigKeys (ConfUtils.java:logGet(43)) - raft.server.log.statemachine.data.sync.timeout = 10s (default)
2019-10-03 19:46:39,114 [pool-77-thread-1] INFO  server.RaftServerConfigKeys (ConfUtils.java:logGet(43)) - raft.server.log.statemachine.data.sync.timeout.retry = -1 (default)
2019-10-03 19:46:39,115 [pool-77-thread-1] INFO  server.RaftServerConfigKeys (ConfUtils.java:logGet(43)) - raft.server.log.statemachine.data.caching.enabled = true (custom)
2019-10-03 19:46:39,115 [pool-77-thread-1] INFO  segmented.SegmentedRaftLogWorker (SegmentedRaftLogWorker.java:lambda$new$0(128)) - fe043bca-9712-4c56-92e1-fea8b14d6e88@group-0392420C348A-SegmentedRaftLogWorker: flushIndex: setUnconditionally 0 -> -1
2019-10-03 19:46:39,115 [pool-77-thread-1] INFO  server.RaftServerConfigKeys (ConfUtils.java:logGet(43)) - raft.server.snapshot.auto.trigger.enabled = true (custom)
2019-10-03 19:46:39,116 [pool-77-thread-1] INFO  server.RaftServerConfigKeys (ConfUtils.java:logGet(43)) - raft.server.snapshot.auto.trigger.threshold = 10000 (custom)
2019-10-03 19:46:39,116 [pool-77-thread-1] INFO  server.RaftServerConfigKeys (ConfUtils.java:logGet(43)) - raft.server.snapshot.retention.file.num = 5 (custom)
2019-10-03 19:46:39,116 [pool-77-thread-1] INFO  server.RaftServerConfigKeys (ConfUtils.java:logGet(43)) - raft.server.retrycache.expirytime = 600000ms (custom)
2019-10-03 19:46:39,120 [pool-77-thread-1] INFO  impl.RaftServerImpl (RaftServerImpl.java:start(181)) - fe043bca-9712-4c56-92e1-fea8b14d6e88@group-0392420C348A: start as a follower, conf=-1: [fe043bca-9712-4c56-92e1-fea8b14d6e88:192.168.164.206:33638], old=null
2019-10-03 19:46:39,120 [pool-77-thread-1] INFO  impl.RaftServerImpl (RaftServerImpl.java:setRole(170)) - fe043bca-9712-4c56-92e1-fea8b14d6e88@group-0392420C348A: changes role from      null to FOLLOWER at term 0 for startAsFollower
2019-10-03 19:46:39,120 [pool-77-thread-1] INFO  impl.RoleInfo (RoleInfo.java:updateAndGet(143)) - fe043bca-9712-4c56-92e1-fea8b14d6e88: start FollowerState
2019-10-03 19:46:39,121 [pool-77-thread-1] INFO  util.JmxRegister (JmxRegister.java:tryRegister(44)) - Successfully registered JMX Bean with object name Ratis:service=RaftServer,group=group-0392420C348A,id=fe043bca-9712-4c56-92e1-fea8b14d6e88
2019-10-03 19:46:39,136 [RatisPipelineUtilsThread] INFO  pipeline.PipelineStateManager (PipelineStateManager.java:addPipeline(56)) - Created pipeline Pipeline[ Id: 12fed62b-3167-4bbe-b17e-0392420c348a, Nodes: fe043bca-9712-4c56-92e1-fea8b14d6e88{ip: 192.168.164.206, host: pr-hdds-2240-9gllg-3097873054, networkLocation: /default-rack, certSerialId: null}, Type:RATIS, Factor:ONE, State:OPEN]
2019-10-03 19:46:39,153 [grpc-default-executor-1] INFO  impl.RaftServerProxy (RaftServerProxy.java:addNew(89)) - d9d1ee00-a0d5-45f0-8be4-29bee838d1fe: addNew group-B852A4E78B0B:[d9d1ee00-a0d5-45f0-8be4-29bee838d1fe:192.168.164.206:34917] returns group-B852A4E78B0B:java.util.concurrent.CompletableFuture@6f3d558c[Not completed]
2019-10-03 19:46:39,157 [pool-67-thread-1] INFO  impl.RaftServerImpl (RaftServerImpl.java:<init>(95)) - d9d1ee00-a0d5-45f0-8be4-29bee838d1fe: new RaftServerImpl for group-B852A4E78B0B:[d9d1ee00-a0d5-45f0-8be4-29bee838d1fe:192.168.164.206:34917] with ContainerStateMachine:uninitialized
2019-10-03 19:46:39,157 [pool-67-thread-1] INFO  server.RaftServerConfigKeys (ConfUtils.java:logGet(43)) - raft.server.rpc.timeout.min = 5s (custom)
2019-10-03 19:46:39,157 [pool-67-thread-1] INFO  server.RaftServerConfigKeys (ConfUtils.java:logGet(43)) - raft.server.rpc.timeout.max = 5200ms (custom)
2019-10-03 19:46:39,157 [pool-67-thread-1] INFO  server.RaftServerConfigKeys (ConfUtils.java:logGet(43)) - raft.server.rpcslowness.timeout = 120s (custom)
2019-10-03 19:46:39,158 [pool-67-thread-1] INFO  server.RaftServerConfigKeys (ConfUtils.java:logGet(43)) - raft.server.sleep.deviation.threshold = 300 (default)
2019-10-03 19:46:39,158 [pool-67-thread-1] INFO  server.RaftServerConfigKeys (ConfUtils.java:logGet(43)) - raft.server.log.appender.install.snapshot.enabled = false (custom)
2019-10-03 19:46:39,158 [pool-67-thread-1] INFO  impl.RaftServerImpl (ServerState.java:<init>(103)) - d9d1ee00-a0d5-45f0-8be4-29bee838d1fe@group-B852A4E78B0B: ConfigurationManager, init=-1: [d9d1ee00-a0d5-45f0-8be4-29bee838d1fe:192.168.164.206:34917], old=null, confs=<EMPTY_MAP>
2019-10-03 19:46:39,158 [pool-67-thread-1] INFO  server.RaftServerConfigKeys (ConfUtils.java:logGet(43)) - raft.server.storage.dir = [/workdir/hadoop-ozone/integration-test/target/test-dir/MiniOzoneClusterImpl-dcd5f39f-879d-4b70-a9e7-132a8617f65e/datanode-4/data/ratis] (custom)
2019-10-03 19:46:39,158 [pool-67-thread-1] INFO  server.RaftServerConfigKeys (ConfUtils.java:logGet(43)) - raft.server.log.corruption.policy = EXCEPTION (default)
2019-10-03 19:46:39,158 [pool-67-thread-1] INFO  storage.RaftStorageDirectory (RaftStorageDirectory.java:analyzeStorage(246)) - The storage directory /workdir/hadoop-ozone/integration-test/target/test-dir/MiniOzoneClusterImpl-dcd5f39f-879d-4b70-a9e7-132a8617f65e/datanode-4/data/ratis/85b67bfd-e32b-4d2b-ad7d-b852a4e78b0b does not exist. Creating ...
2019-10-03 19:46:39,171 [pool-67-thread-1] INFO  storage.RaftStorageDirectory (RaftStorageDirectory.java:tryLock(328)) - Lock on /workdir/hadoop-ozone/integration-test/target/test-dir/MiniOzoneClusterImpl-dcd5f39f-879d-4b70-a9e7-132a8617f65e/datanode-4/data/ratis/85b67bfd-e32b-4d2b-ad7d-b852a4e78b0b/in_use.lock acquired by nodename 31942@pr-hdds-2240-9gllg-3097873054
2019-10-03 19:46:39,184 [pool-67-thread-1] INFO  storage.RaftStorage (RaftStorage.java:format(84)) - Storage directory /workdir/hadoop-ozone/integration-test/target/test-dir/MiniOzoneClusterImpl-dcd5f39f-879d-4b70-a9e7-132a8617f65e/datanode-4/data/ratis/85b67bfd-e32b-4d2b-ad7d-b852a4e78b0b has been successfully formatted.
2019-10-03 19:46:39,185 [pool-67-thread-1] INFO  ratis.ContainerStateMachine (ContainerStateMachine.java:loadSnapshot(230)) - group-B852A4E78B0B: The snapshot info is null. Setting the last applied indexto:(t:0, i:~)
2019-10-03 19:46:39,185 [pool-67-thread-1] INFO  server.RaftServerConfigKeys (ConfUtils.java:logGet(43)) - raft.server.notification.no-leader.timeout = 120s (custom)
2019-10-03 19:46:39,185 [pool-67-thread-1] INFO  server.RaftServerConfigKeys (ConfUtils.java:logGet(43)) - raft.server.log.use.memory = false (default)
2019-10-03 19:46:39,185 [pool-67-thread-1] INFO  server.RaftServerConfigKeys (ConfUtils.java:logGet(43)) - raft.server.log.purge.gap = 1000000 (custom)
2019-10-03 19:46:39,185 [pool-67-thread-1] INFO  server.RaftServerConfigKeys (ConfUtils.java:logGet(43)) - raft.server.log.appender.buffer.byte-limit = 33554432 (custom)
2019-10-03 19:46:39,185 [pool-67-thread-1] INFO  server.RaftServerConfigKeys (ConfUtils.java:logGet(43)) - raft.server.log.segment.size.max = 1048576 (custom)
2019-10-03 19:46:39,188 [pool-67-thread-1] INFO  server.RaftServerConfigKeys (ConfUtils.java:logGet(43)) - raft.server.log.segment.cache.num.max = 2 (custom)
2019-10-03 19:46:39,188 [pool-67-thread-1] INFO  segmented.SegmentedRaftLogWorker (SegmentedRaftLogWorker.java:<init>(173)) - new d9d1ee00-a0d5-45f0-8be4-29bee838d1fe@group-B852A4E78B0B-SegmentedRaftLogWorker for RaftStorage:Storage Directory /workdir/hadoop-ozone/integration-test/target/test-dir/MiniOzoneClusterImpl-dcd5f39f-879d-4b70-a9e7-132a8617f65e/datanode-4/data/ratis/85b67bfd-e32b-4d2b-ad7d-b852a4e78b0b
2019-10-03 19:46:39,188 [pool-67-thread-1] INFO  server.RaftServerConfigKeys (ConfUtils.java:logGet(43)) - raft.server.log.queue.byte-limit = 2147483647 (custom)
2019-10-03 19:46:39,188 [pool-67-thread-1] INFO  server.RaftServerConfigKeys (ConfUtils.java:logGet(43)) - raft.server.log.queue.element-limit = 1024 (custom)
2019-10-03 19:46:39,189 [pool-67-thread-1] INFO  server.RaftServerConfigKeys (ConfUtils.java:logGet(43)) - raft.server.log.segment.size.max = 1048576 (custom)
2019-10-03 19:46:39,189 [pool-67-thread-1] INFO  server.RaftServerConfigKeys (ConfUtils.java:logGet(43)) - raft.server.log.preallocated.size = 16384 (custom)
2019-10-03 19:46:39,189 [pool-67-thread-1] INFO  server.RaftServerConfigKeys (ConfUtils.java:logGet(43)) - raft.server.log.write.buffer.size = 33554432 (custom)
2019-10-03 19:46:39,189 [pool-67-thread-1] INFO  server.RaftServerConfigKeys (ConfUtils.java:logGet(43)) - raft.server.log.force.sync.num = 128 (default)
2019-10-03 19:46:39,189 [pool-67-thread-1] INFO  server.RaftServerConfigKeys (ConfUtils.java:logGet(43)) - raft.server.log.statemachine.data.sync = true (default)
2019-10-03 19:46:39,189 [pool-67-thread-1] INFO  server.RaftServerConfigKeys (ConfUtils.java:logGet(43)) - raft.server.log.statemachine.data.sync.timeout = 10s (default)
2019-10-03 19:46:39,189 [pool-67-thread-1] INFO  server.RaftServerConfigKeys (ConfUtils.java:logGet(43)) - raft.server.log.statemachine.data.sync.timeout.retry = -1 (default)
2019-10-03 19:46:39,190 [pool-67-thread-1] INFO  server.RaftServerConfigKeys (ConfUtils.java:logGet(43)) - raft.server.log.statemachine.data.caching.enabled = true (custom)
2019-10-03 19:46:39,190 [pool-67-thread-1] INFO  segmented.SegmentedRaftLogWorker (SegmentedRaftLogWorker.java:lambda$new$0(128)) - d9d1ee00-a0d5-45f0-8be4-29bee838d1fe@group-B852A4E78B0B-SegmentedRaftLogWorker: flushIndex: setUnconditionally 0 -> -1
2019-10-03 19:46:39,191 [pool-67-thread-1] INFO  server.RaftServerConfigKeys (ConfUtils.java:logGet(43)) - raft.server.snapshot.auto.trigger.enabled = true (custom)
2019-10-03 19:46:39,191 [pool-67-thread-1] INFO  server.RaftServerConfigKeys (ConfUtils.java:logGet(43)) - raft.server.snapshot.auto.trigger.threshold = 10000 (custom)
2019-10-03 19:46:39,191 [pool-67-thread-1] INFO  server.RaftServerConfigKeys (ConfUtils.java:logGet(43)) - raft.server.snapshot.retention.file.num = 5 (custom)
2019-10-03 19:46:39,191 [pool-67-thread-1] INFO  server.RaftServerConfigKeys (ConfUtils.java:logGet(43)) - raft.server.retrycache.expirytime = 600000ms (custom)
2019-10-03 19:46:39,194 [pool-67-thread-1] INFO  impl.RaftServerImpl (RaftServerImpl.java:start(181)) - d9d1ee00-a0d5-45f0-8be4-29bee838d1fe@group-B852A4E78B0B: start as a follower, conf=-1: [d9d1ee00-a0d5-45f0-8be4-29bee838d1fe:192.168.164.206:34917], old=null
2019-10-03 19:46:39,194 [pool-67-thread-1] INFO  impl.RaftServerImpl (RaftServerImpl.java:setRole(170)) - d9d1ee00-a0d5-45f0-8be4-29bee838d1fe@group-B852A4E78B0B: changes role from      null to FOLLOWER at term 0 for startAsFollower
2019-10-03 19:46:39,194 [pool-67-thread-1] INFO  impl.RoleInfo (RoleInfo.java:updateAndGet(143)) - d9d1ee00-a0d5-45f0-8be4-29bee838d1fe: start FollowerState
2019-10-03 19:46:39,194 [pool-67-thread-1] INFO  util.JmxRegister (JmxRegister.java:tryRegister(44)) - Successfully registered JMX Bean with object name Ratis:service=RaftServer,group=group-B852A4E78B0B,id=d9d1ee00-a0d5-45f0-8be4-29bee838d1fe
2019-10-03 19:46:39,206 [RatisPipelineUtilsThread] INFO  pipeline.PipelineStateManager (PipelineStateManager.java:addPipeline(56)) - Created pipeline Pipeline[ Id: 85b67bfd-e32b-4d2b-ad7d-b852a4e78b0b, Nodes: d9d1ee00-a0d5-45f0-8be4-29bee838d1fe{ip: 192.168.164.206, host: pr-hdds-2240-9gllg-3097873054, networkLocation: /default-rack, certSerialId: null}, Type:RATIS, Factor:ONE, State:OPEN]
2019-10-03 19:46:39,229 [grpc-default-executor-1] INFO  impl.RaftServerProxy (RaftServerProxy.java:addNew(89)) - 15c4f9ee-ac46-4058-9265-aa9afb39a11b: addNew group-D675CFBBCCCD:[15c4f9ee-ac46-4058-9265-aa9afb39a11b:192.168.164.206:45529] returns group-D675CFBBCCCD:java.util.concurrent.CompletableFuture@1a70310b[Not completed]
2019-10-03 19:46:39,231 [pool-37-thread-1] INFO  impl.RaftServerImpl (RaftServerImpl.java:<init>(95)) - 15c4f9ee-ac46-4058-9265-aa9afb39a11b: new RaftServerImpl for group-D675CFBBCCCD:[15c4f9ee-ac46-4058-9265-aa9afb39a11b:192.168.164.206:45529] with ContainerStateMachine:uninitialized
2019-10-03 19:46:39,231 [pool-37-thread-1] INFO  server.RaftServerConfigKeys (ConfUtils.java:logGet(43)) - raft.server.rpc.timeout.min = 5s (custom)
2019-10-03 19:46:39,231 [pool-37-thread-1] INFO  server.RaftServerConfigKeys (ConfUtils.java:logGet(43)) - raft.server.rpc.timeout.max = 5200ms (custom)
2019-10-03 19:46:39,231 [pool-37-thread-1] INFO  server.RaftServerConfigKeys (ConfUtils.java:logGet(43)) - raft.server.rpcslowness.timeout = 120s (custom)
2019-10-03 19:46:39,231 [pool-37-thread-1] INFO  server.RaftServerConfigKeys (ConfUtils.java:logGet(43)) - raft.server.sleep.deviation.threshold = 300 (default)
2019-10-03 19:46:39,232 [pool-37-thread-1] INFO  server.RaftServerConfigKeys (ConfUtils.java:logGet(43)) - raft.server.log.appender.install.snapshot.enabled = false (custom)
2019-10-03 19:46:39,232 [pool-37-thread-1] INFO  impl.RaftServerImpl (ServerState.java:<init>(103)) - 15c4f9ee-ac46-4058-9265-aa9afb39a11b@group-D675CFBBCCCD: ConfigurationManager, init=-1: [15c4f9ee-ac46-4058-9265-aa9afb39a11b:192.168.164.206:45529], old=null, confs=<EMPTY_MAP>
2019-10-03 19:46:39,232 [pool-37-thread-1] INFO  server.RaftServerConfigKeys (ConfUtils.java:logGet(43)) - raft.server.storage.dir = [/workdir/hadoop-ozone/integration-test/target/test-dir/MiniOzoneClusterImpl-dcd5f39f-879d-4b70-a9e7-132a8617f65e/datanode-1/data/ratis] (custom)
2019-10-03 19:46:39,232 [pool-37-thread-1] INFO  server.RaftServerConfigKeys (ConfUtils.java:logGet(43)) - raft.server.log.corruption.policy = EXCEPTION (default)
2019-10-03 19:46:39,232 [pool-37-thread-1] INFO  storage.RaftStorageDirectory (RaftStorageDirectory.java:analyzeStorage(246)) - The storage directory /workdir/hadoop-ozone/integration-test/target/test-dir/MiniOzoneClusterImpl-dcd5f39f-879d-4b70-a9e7-132a8617f65e/datanode-1/data/ratis/edbfba9e-f457-40a0-9a4a-d675cfbbcccd does not exist. Creating ...
2019-10-03 19:46:39,246 [pool-37-thread-1] INFO  storage.RaftStorageDirectory (RaftStorageDirectory.java:tryLock(328)) - Lock on /workdir/hadoop-ozone/integration-test/target/test-dir/MiniOzoneClusterImpl-dcd5f39f-879d-4b70-a9e7-132a8617f65e/datanode-1/data/ratis/edbfba9e-f457-40a0-9a4a-d675cfbbcccd/in_use.lock acquired by nodename 31942@pr-hdds-2240-9gllg-3097873054
2019-10-03 19:46:39,258 [pool-37-thread-1] INFO  storage.RaftStorage (RaftStorage.java:format(84)) - Storage directory /workdir/hadoop-ozone/integration-test/target/test-dir/MiniOzoneClusterImpl-dcd5f39f-879d-4b70-a9e7-132a8617f65e/datanode-1/data/ratis/edbfba9e-f457-40a0-9a4a-d675cfbbcccd has been successfully formatted.
2019-10-03 19:46:39,258 [pool-37-thread-1] INFO  ratis.ContainerStateMachine (ContainerStateMachine.java:loadSnapshot(230)) - group-D675CFBBCCCD: The snapshot info is null. Setting the last applied indexto:(t:0, i:~)
2019-10-03 19:46:39,258 [pool-37-thread-1] INFO  server.RaftServerConfigKeys (ConfUtils.java:logGet(43)) - raft.server.notification.no-leader.timeout = 120s (custom)
2019-10-03 19:46:39,259 [pool-37-thread-1] INFO  server.RaftServerConfigKeys (ConfUtils.java:logGet(43)) - raft.server.log.use.memory = false (default)
2019-10-03 19:46:39,259 [pool-37-thread-1] INFO  server.RaftServerConfigKeys (ConfUtils.java:logGet(43)) - raft.server.log.purge.gap = 1000000 (custom)
2019-10-03 19:46:39,259 [pool-37-thread-1] INFO  server.RaftServerConfigKeys (ConfUtils.java:logGet(43)) - raft.server.log.appender.buffer.byte-limit = 33554432 (custom)
2019-10-03 19:46:39,259 [pool-37-thread-1] INFO  server.RaftServerConfigKeys (ConfUtils.java:logGet(43)) - raft.server.log.segment.size.max = 1048576 (custom)
2019-10-03 19:46:39,261 [pool-37-thread-1] INFO  server.RaftServerConfigKeys (ConfUtils.java:logGet(43)) - raft.server.log.segment.cache.num.max = 2 (custom)
2019-10-03 19:46:39,261 [pool-37-thread-1] INFO  segmented.SegmentedRaftLogWorker (SegmentedRaftLogWorker.java:<init>(173)) - new 15c4f9ee-ac46-4058-9265-aa9afb39a11b@group-D675CFBBCCCD-SegmentedRaftLogWorker for RaftStorage:Storage Directory /workdir/hadoop-ozone/integration-test/target/test-dir/MiniOzoneClusterImpl-dcd5f39f-879d-4b70-a9e7-132a8617f65e/datanode-1/data/ratis/edbfba9e-f457-40a0-9a4a-d675cfbbcccd
2019-10-03 19:46:39,261 [pool-37-thread-1] INFO  server.RaftServerConfigKeys (ConfUtils.java:logGet(43)) - raft.server.log.queue.byte-limit = 2147483647 (custom)
2019-10-03 19:46:39,261 [pool-37-thread-1] INFO  server.RaftServerConfigKeys (ConfUtils.java:logGet(43)) - raft.server.log.queue.element-limit = 1024 (custom)
2019-10-03 19:46:39,261 [pool-37-thread-1] INFO  server.RaftServerConfigKeys (ConfUtils.java:logGet(43)) - raft.server.log.segment.size.max = 1048576 (custom)
2019-10-03 19:46:39,261 [pool-37-thread-1] INFO  server.RaftServerConfigKeys (ConfUtils.java:logGet(43)) - raft.server.log.preallocated.size = 16384 (custom)
2019-10-03 19:46:39,262 [pool-37-thread-1] INFO  server.RaftServerConfigKeys (ConfUtils.java:logGet(43)) - raft.server.log.write.buffer.size = 33554432 (custom)
2019-10-03 19:46:39,262 [pool-37-thread-1] INFO  server.RaftServerConfigKeys (ConfUtils.java:logGet(43)) - raft.server.log.force.sync.num = 128 (default)
2019-10-03 19:46:39,262 [pool-37-thread-1] INFO  server.RaftServerConfigKeys (ConfUtils.java:logGet(43)) - raft.server.log.statemachine.data.sync = true (default)
2019-10-03 19:46:39,262 [pool-37-thread-1] INFO  server.RaftServerConfigKeys (ConfUtils.java:logGet(43)) - raft.server.log.statemachine.data.sync.timeout = 10s (default)
2019-10-03 19:46:39,262 [pool-37-thread-1] INFO  server.RaftServerConfigKeys (ConfUtils.java:logGet(43)) - raft.server.log.statemachine.data.sync.timeout.retry = -1 (default)
2019-10-03 19:46:39,262 [pool-37-thread-1] INFO  server.RaftServerConfigKeys (ConfUtils.java:logGet(43)) - raft.server.log.statemachine.data.caching.enabled = true (custom)
2019-10-03 19:46:39,263 [pool-37-thread-1] INFO  segmented.SegmentedRaftLogWorker (SegmentedRaftLogWorker.java:lambda$new$0(128)) - 15c4f9ee-ac46-4058-9265-aa9afb39a11b@group-D675CFBBCCCD-SegmentedRaftLogWorker: flushIndex: setUnconditionally 0 -> -1
2019-10-03 19:46:39,263 [pool-37-thread-1] INFO  server.RaftServerConfigKeys (ConfUtils.java:logGet(43)) - raft.server.snapshot.auto.trigger.enabled = true (custom)
2019-10-03 19:46:39,263 [pool-37-thread-1] INFO  server.RaftServerConfigKeys (ConfUtils.java:logGet(43)) - raft.server.snapshot.auto.trigger.threshold = 10000 (custom)
2019-10-03 19:46:39,263 [pool-37-thread-1] INFO  server.RaftServerConfigKeys (ConfUtils.java:logGet(43)) - raft.server.snapshot.retention.file.num = 5 (custom)
2019-10-03 19:46:39,263 [pool-37-thread-1] INFO  server.RaftServerConfigKeys (ConfUtils.java:logGet(43)) - raft.server.retrycache.expirytime = 600000ms (custom)
2019-10-03 19:46:39,265 [pool-37-thread-1] INFO  impl.RaftServerImpl (RaftServerImpl.java:start(181)) - 15c4f9ee-ac46-4058-9265-aa9afb39a11b@group-D675CFBBCCCD: start as a follower, conf=-1: [15c4f9ee-ac46-4058-9265-aa9afb39a11b:192.168.164.206:45529], old=null
2019-10-03 19:46:39,265 [pool-37-thread-1] INFO  impl.RaftServerImpl (RaftServerImpl.java:setRole(170)) - 15c4f9ee-ac46-4058-9265-aa9afb39a11b@group-D675CFBBCCCD: changes role from      null to FOLLOWER at term 0 for startAsFollower
2019-10-03 19:46:39,265 [pool-37-thread-1] INFO  impl.RoleInfo (RoleInfo.java:updateAndGet(143)) - 15c4f9ee-ac46-4058-9265-aa9afb39a11b: start FollowerState
2019-10-03 19:46:39,266 [pool-37-thread-1] INFO  util.JmxRegister (JmxRegister.java:tryRegister(44)) - Successfully registered JMX Bean with object name Ratis:service=RaftServer,group=group-D675CFBBCCCD,id=15c4f9ee-ac46-4058-9265-aa9afb39a11b
2019-10-03 19:46:39,277 [RatisPipelineUtilsThread] INFO  pipeline.PipelineStateManager (PipelineStateManager.java:addPipeline(56)) - Created pipeline Pipeline[ Id: edbfba9e-f457-40a0-9a4a-d675cfbbcccd, Nodes: 15c4f9ee-ac46-4058-9265-aa9afb39a11b{ip: 192.168.164.206, host: pr-hdds-2240-9gllg-3097873054, networkLocation: /default-rack, certSerialId: null}, Type:RATIS, Factor:ONE, State:OPEN]
2019-10-03 19:46:39,289 [grpc-default-executor-1] INFO  impl.RaftServerProxy (RaftServerProxy.java:addNew(89)) - 015d2f5f-4f96-4319-9ea8-f29d63244e92: addNew group-595807E8A517:[015d2f5f-4f96-4319-9ea8-f29d63244e92:192.168.164.206:41601] returns group-595807E8A517:java.util.concurrent.CompletableFuture@4e2fa0f8[Not completed]
2019-10-03 19:46:39,294 [pool-87-thread-1] INFO  impl.RaftServerImpl (RaftServerImpl.java:<init>(95)) - 015d2f5f-4f96-4319-9ea8-f29d63244e92: new RaftServerImpl for group-595807E8A517:[015d2f5f-4f96-4319-9ea8-f29d63244e92:192.168.164.206:41601] with ContainerStateMachine:uninitialized
2019-10-03 19:46:39,295 [pool-87-thread-1] INFO  server.RaftServerConfigKeys (ConfUtils.java:logGet(43)) - raft.server.rpc.timeout.min = 5s (custom)
2019-10-03 19:46:39,295 [pool-87-thread-1] INFO  server.RaftServerConfigKeys (ConfUtils.java:logGet(43)) - raft.server.rpc.timeout.max = 5200ms (custom)
2019-10-03 19:46:39,295 [pool-87-thread-1] INFO  server.RaftServerConfigKeys (ConfUtils.java:logGet(43)) - raft.server.rpcslowness.timeout = 120s (custom)
2019-10-03 19:46:39,295 [pool-87-thread-1] INFO  server.RaftServerConfigKeys (ConfUtils.java:logGet(43)) - raft.server.sleep.deviation.threshold = 300 (default)
2019-10-03 19:46:39,295 [pool-87-thread-1] INFO  server.RaftServerConfigKeys (ConfUtils.java:logGet(43)) - raft.server.log.appender.install.snapshot.enabled = false (custom)
2019-10-03 19:46:39,295 [pool-87-thread-1] INFO  impl.RaftServerImpl (ServerState.java:<init>(103)) - 015d2f5f-4f96-4319-9ea8-f29d63244e92@group-595807E8A517: ConfigurationManager, init=-1: [015d2f5f-4f96-4319-9ea8-f29d63244e92:192.168.164.206:41601], old=null, confs=<EMPTY_MAP>
2019-10-03 19:46:39,295 [pool-87-thread-1] INFO  server.RaftServerConfigKeys (ConfUtils.java:logGet(43)) - raft.server.storage.dir = [/workdir/hadoop-ozone/integration-test/target/test-dir/MiniOzoneClusterImpl-dcd5f39f-879d-4b70-a9e7-132a8617f65e/datanode-6/data/ratis] (custom)
2019-10-03 19:46:39,296 [pool-87-thread-1] INFO  server.RaftServerConfigKeys (ConfUtils.java:logGet(43)) - raft.server.log.corruption.policy = EXCEPTION (default)
2019-10-03 19:46:39,296 [pool-87-thread-1] INFO  storage.RaftStorageDirectory (RaftStorageDirectory.java:analyzeStorage(246)) - The storage directory /workdir/hadoop-ozone/integration-test/target/test-dir/MiniOzoneClusterImpl-dcd5f39f-879d-4b70-a9e7-132a8617f65e/datanode-6/data/ratis/0670c0fc-5ebe-403a-a5ac-595807e8a517 does not exist. Creating ...
2019-10-03 19:46:39,308 [pool-87-thread-1] INFO  storage.RaftStorageDirectory (RaftStorageDirectory.java:tryLock(328)) - Lock on /workdir/hadoop-ozone/integration-test/target/test-dir/MiniOzoneClusterImpl-dcd5f39f-879d-4b70-a9e7-132a8617f65e/datanode-6/data/ratis/0670c0fc-5ebe-403a-a5ac-595807e8a517/in_use.lock acquired by nodename 31942@pr-hdds-2240-9gllg-3097873054
2019-10-03 19:46:39,321 [pool-87-thread-1] INFO  storage.RaftStorage (RaftStorage.java:format(84)) - Storage directory /workdir/hadoop-ozone/integration-test/target/test-dir/MiniOzoneClusterImpl-dcd5f39f-879d-4b70-a9e7-132a8617f65e/datanode-6/data/ratis/0670c0fc-5ebe-403a-a5ac-595807e8a517 has been successfully formatted.
2019-10-03 19:46:39,321 [pool-87-thread-1] INFO  ratis.ContainerStateMachine (ContainerStateMachine.java:loadSnapshot(230)) - group-595807E8A517: The snapshot info is null. Setting the last applied indexto:(t:0, i:~)
2019-10-03 19:46:39,321 [pool-87-thread-1] INFO  server.RaftServerConfigKeys (ConfUtils.java:logGet(43)) - raft.server.notification.no-leader.timeout = 120s (custom)
2019-10-03 19:46:39,322 [pool-87-thread-1] INFO  server.RaftServerConfigKeys (ConfUtils.java:logGet(43)) - raft.server.log.use.memory = false (default)
2019-10-03 19:46:39,322 [pool-87-thread-1] INFO  server.RaftServerConfigKeys (ConfUtils.java:logGet(43)) - raft.server.log.purge.gap = 1000000 (custom)
2019-10-03 19:46:39,322 [pool-87-thread-1] INFO  server.RaftServerConfigKeys (ConfUtils.java:logGet(43)) - raft.server.log.appender.buffer.byte-limit = 33554432 (custom)
2019-10-03 19:46:39,322 [pool-87-thread-1] INFO  server.RaftServerConfigKeys (ConfUtils.java:logGet(43)) - raft.server.log.segment.size.max = 1048576 (custom)
2019-10-03 19:46:39,324 [pool-87-thread-1] INFO  server.RaftServerConfigKeys (ConfUtils.java:logGet(43)) - raft.server.log.segment.cache.num.max = 2 (custom)
2019-10-03 19:46:39,324 [pool-87-thread-1] INFO  segmented.SegmentedRaftLogWorker (SegmentedRaftLogWorker.java:<init>(173)) - new 015d2f5f-4f96-4319-9ea8-f29d63244e92@group-595807E8A517-SegmentedRaftLogWorker for RaftStorage:Storage Directory /workdir/hadoop-ozone/integration-test/target/test-dir/MiniOzoneClusterImpl-dcd5f39f-879d-4b70-a9e7-132a8617f65e/datanode-6/data/ratis/0670c0fc-5ebe-403a-a5ac-595807e8a517
2019-10-03 19:46:39,324 [pool-87-thread-1] INFO  server.RaftServerConfigKeys (ConfUtils.java:logGet(43)) - raft.server.log.queue.byte-limit = 2147483647 (custom)
2019-10-03 19:46:39,324 [pool-87-thread-1] INFO  server.RaftServerConfigKeys (ConfUtils.java:logGet(43)) - raft.server.log.queue.element-limit = 1024 (custom)
2019-10-03 19:46:39,324 [pool-87-thread-1] INFO  server.RaftServerConfigKeys (ConfUtils.java:logGet(43)) - raft.server.log.segment.size.max = 1048576 (custom)
2019-10-03 19:46:39,324 [pool-87-thread-1] INFO  server.RaftServerConfigKeys (ConfUtils.java:logGet(43)) - raft.server.log.preallocated.size = 16384 (custom)
2019-10-03 19:46:39,325 [pool-87-thread-1] INFO  server.RaftServerConfigKeys (ConfUtils.java:logGet(43)) - raft.server.log.write.buffer.size = 33554432 (custom)
2019-10-03 19:46:39,325 [pool-87-thread-1] INFO  server.RaftServerConfigKeys (ConfUtils.java:logGet(43)) - raft.server.log.force.sync.num = 128 (default)
2019-10-03 19:46:39,325 [pool-87-thread-1] INFO  server.RaftServerConfigKeys (ConfUtils.java:logGet(43)) - raft.server.log.statemachine.data.sync = true (default)
2019-10-03 19:46:39,325 [pool-87-thread-1] INFO  server.RaftServerConfigKeys (ConfUtils.java:logGet(43)) - raft.server.log.statemachine.data.sync.timeout = 10s (default)
2019-10-03 19:46:39,325 [pool-87-thread-1] INFO  server.RaftServerConfigKeys (ConfUtils.java:logGet(43)) - raft.server.log.statemachine.data.sync.timeout.retry = -1 (default)
2019-10-03 19:46:39,325 [pool-87-thread-1] INFO  server.RaftServerConfigKeys (ConfUtils.java:logGet(43)) - raft.server.log.statemachine.data.caching.enabled = true (custom)
2019-10-03 19:46:39,326 [pool-87-thread-1] INFO  segmented.SegmentedRaftLogWorker (SegmentedRaftLogWorker.java:lambda$new$0(128)) - 015d2f5f-4f96-4319-9ea8-f29d63244e92@group-595807E8A517-SegmentedRaftLogWorker: flushIndex: setUnconditionally 0 -> -1
2019-10-03 19:46:39,326 [pool-87-thread-1] INFO  server.RaftServerConfigKeys (ConfUtils.java:logGet(43)) - raft.server.snapshot.auto.trigger.enabled = true (custom)
2019-10-03 19:46:39,326 [pool-87-thread-1] INFO  server.RaftServerConfigKeys (ConfUtils.java:logGet(43)) - raft.server.snapshot.auto.trigger.threshold = 10000 (custom)
2019-10-03 19:46:39,326 [pool-87-thread-1] INFO  server.RaftServerConfigKeys (ConfUtils.java:logGet(43)) - raft.server.snapshot.retention.file.num = 5 (custom)
2019-10-03 19:46:39,326 [pool-87-thread-1] INFO  server.RaftServerConfigKeys (ConfUtils.java:logGet(43)) - raft.server.retrycache.expirytime = 600000ms (custom)
2019-10-03 19:46:39,328 [pool-87-thread-1] INFO  impl.RaftServerImpl (RaftServerImpl.java:start(181)) - 015d2f5f-4f96-4319-9ea8-f29d63244e92@group-595807E8A517: start as a follower, conf=-1: [015d2f5f-4f96-4319-9ea8-f29d63244e92:192.168.164.206:41601], old=null
2019-10-03 19:46:39,328 [pool-87-thread-1] INFO  impl.RaftServerImpl (RaftServerImpl.java:setRole(170)) - 015d2f5f-4f96-4319-9ea8-f29d63244e92@group-595807E8A517: changes role from      null to FOLLOWER at term 0 for startAsFollower
2019-10-03 19:46:39,329 [pool-87-thread-1] INFO  impl.RoleInfo (RoleInfo.java:updateAndGet(143)) - 015d2f5f-4f96-4319-9ea8-f29d63244e92: start FollowerState
2019-10-03 19:46:39,329 [pool-87-thread-1] INFO  util.JmxRegister (JmxRegister.java:tryRegister(44)) - Successfully registered JMX Bean with object name Ratis:service=RaftServer,group=group-595807E8A517,id=015d2f5f-4f96-4319-9ea8-f29d63244e92
2019-10-03 19:46:39,348 [RatisPipelineUtilsThread] INFO  pipeline.PipelineStateManager (PipelineStateManager.java:addPipeline(56)) - Created pipeline Pipeline[ Id: 0670c0fc-5ebe-403a-a5ac-595807e8a517, Nodes: 015d2f5f-4f96-4319-9ea8-f29d63244e92{ip: 192.168.164.206, host: pr-hdds-2240-9gllg-3097873054, networkLocation: /default-rack, certSerialId: null}, Type:RATIS, Factor:ONE, State:OPEN]
2019-10-03 19:46:39,379 [grpc-default-executor-2] INFO  impl.RaftServerProxy (RaftServerProxy.java:addNew(89)) - fe043bca-9712-4c56-92e1-fea8b14d6e88: addNew group-6E40CD9026FE:[aca30371-01bf-4ae9-9279-957ab152ade5:192.168.164.206:44092, 1c8ebbc6-c1e6-4495-a65c-885feb4be1c7:192.168.164.206:46856, fe043bca-9712-4c56-92e1-fea8b14d6e88:192.168.164.206:33638] returns group-6E40CD9026FE:java.util.concurrent.CompletableFuture@223d2489[Not completed]
2019-10-03 19:46:39,381 [grpc-default-executor-2] INFO  impl.RaftServerProxy (RaftServerProxy.java:addNew(89)) - 1c8ebbc6-c1e6-4495-a65c-885feb4be1c7: addNew group-6E40CD9026FE:[aca30371-01bf-4ae9-9279-957ab152ade5:192.168.164.206:44092, 1c8ebbc6-c1e6-4495-a65c-885feb4be1c7:192.168.164.206:46856, fe043bca-9712-4c56-92e1-fea8b14d6e88:192.168.164.206:33638] returns group-6E40CD9026FE:java.util.concurrent.CompletableFuture@63002eb2[Not completed]
2019-10-03 19:46:39,384 [grpc-default-executor-2] INFO  impl.RaftServerProxy (RaftServerProxy.java:addNew(89)) - aca30371-01bf-4ae9-9279-957ab152ade5: addNew group-6E40CD9026FE:[aca30371-01bf-4ae9-9279-957ab152ade5:192.168.164.206:44092, 1c8ebbc6-c1e6-4495-a65c-885feb4be1c7:192.168.164.206:46856, fe043bca-9712-4c56-92e1-fea8b14d6e88:192.168.164.206:33638] returns group-6E40CD9026FE:java.util.concurrent.CompletableFuture@19fbdc5b[Not completed]
2019-10-03 19:46:39,386 [pool-77-thread-1] INFO  impl.RaftServerImpl (RaftServerImpl.java:<init>(95)) - fe043bca-9712-4c56-92e1-fea8b14d6e88: new RaftServerImpl for group-6E40CD9026FE:[aca30371-01bf-4ae9-9279-957ab152ade5:192.168.164.206:44092, 1c8ebbc6-c1e6-4495-a65c-885feb4be1c7:192.168.164.206:46856, fe043bca-9712-4c56-92e1-fea8b14d6e88:192.168.164.206:33638] with ContainerStateMachine:uninitialized
2019-10-03 19:46:39,386 [pool-77-thread-1] INFO  server.RaftServerConfigKeys (ConfUtils.java:logGet(43)) - raft.server.rpc.timeout.min = 5s (custom)
2019-10-03 19:46:39,386 [pool-77-thread-1] INFO  server.RaftServerConfigKeys (ConfUtils.java:logGet(43)) - raft.server.rpc.timeout.max = 5200ms (custom)
2019-10-03 19:46:39,386 [pool-47-thread-1] INFO  impl.RaftServerImpl (RaftServerImpl.java:<init>(95)) - 1c8ebbc6-c1e6-4495-a65c-885feb4be1c7: new RaftServerImpl for group-6E40CD9026FE:[aca30371-01bf-4ae9-9279-957ab152ade5:192.168.164.206:44092, 1c8ebbc6-c1e6-4495-a65c-885feb4be1c7:192.168.164.206:46856, fe043bca-9712-4c56-92e1-fea8b14d6e88:192.168.164.206:33638] with ContainerStateMachine:uninitialized
2019-10-03 19:46:39,386 [pool-77-thread-1] INFO  server.RaftServerConfigKeys (ConfUtils.java:logGet(43)) - raft.server.rpcslowness.timeout = 120s (custom)
2019-10-03 19:46:39,386 [pool-47-thread-1] INFO  server.RaftServerConfigKeys (ConfUtils.java:logGet(43)) - raft.server.rpc.timeout.min = 5s (custom)
2019-10-03 19:46:39,387 [pool-77-thread-1] INFO  server.RaftServerConfigKeys (ConfUtils.java:logGet(43)) - raft.server.sleep.deviation.threshold = 300 (default)
2019-10-03 19:46:39,387 [pool-47-thread-1] INFO  server.RaftServerConfigKeys (ConfUtils.java:logGet(43)) - raft.server.rpc.timeout.max = 5200ms (custom)
2019-10-03 19:46:39,387 [pool-77-thread-1] INFO  server.RaftServerConfigKeys (ConfUtils.java:logGet(43)) - raft.server.log.appender.install.snapshot.enabled = false (custom)
2019-10-03 19:46:39,387 [pool-47-thread-1] INFO  server.RaftServerConfigKeys (ConfUtils.java:logGet(43)) - raft.server.rpcslowness.timeout = 120s (custom)
2019-10-03 19:46:39,387 [pool-47-thread-1] INFO  server.RaftServerConfigKeys (ConfUtils.java:logGet(43)) - raft.server.sleep.deviation.threshold = 300 (default)
2019-10-03 19:46:39,387 [pool-77-thread-1] INFO  impl.RaftServerImpl (ServerState.java:<init>(103)) - fe043bca-9712-4c56-92e1-fea8b14d6e88@group-6E40CD9026FE: ConfigurationManager, init=-1: [aca30371-01bf-4ae9-9279-957ab152ade5:192.168.164.206:44092, 1c8ebbc6-c1e6-4495-a65c-885feb4be1c7:192.168.164.206:46856, fe043bca-9712-4c56-92e1-fea8b14d6e88:192.168.164.206:33638], old=null, confs=<EMPTY_MAP>
2019-10-03 19:46:39,387 [pool-57-thread-1] INFO  impl.RaftServerImpl (RaftServerImpl.java:<init>(95)) - aca30371-01bf-4ae9-9279-957ab152ade5: new RaftServerImpl for group-6E40CD9026FE:[aca30371-01bf-4ae9-9279-957ab152ade5:192.168.164.206:44092, 1c8ebbc6-c1e6-4495-a65c-885feb4be1c7:192.168.164.206:46856, fe043bca-9712-4c56-92e1-fea8b14d6e88:192.168.164.206:33638] with ContainerStateMachine:uninitialized
2019-10-03 19:46:39,387 [pool-47-thread-1] INFO  server.RaftServerConfigKeys (ConfUtils.java:logGet(43)) - raft.server.log.appender.install.snapshot.enabled = false (custom)
2019-10-03 19:46:39,387 [pool-57-thread-1] INFO  server.RaftServerConfigKeys (ConfUtils.java:logGet(43)) - raft.server.rpc.timeout.min = 5s (custom)
2019-10-03 19:46:39,387 [pool-77-thread-1] INFO  server.RaftServerConfigKeys (ConfUtils.java:logGet(43)) - raft.server.storage.dir = [/workdir/hadoop-ozone/integration-test/target/test-dir/MiniOzoneClusterImpl-dcd5f39f-879d-4b70-a9e7-132a8617f65e/datanode-5/data/ratis] (custom)
2019-10-03 19:46:39,388 [pool-57-thread-1] INFO  server.RaftServerConfigKeys (ConfUtils.java:logGet(43)) - raft.server.rpc.timeout.max = 5200ms (custom)
2019-10-03 19:46:39,388 [pool-47-thread-1] INFO  impl.RaftServerImpl (ServerState.java:<init>(103)) - 1c8ebbc6-c1e6-4495-a65c-885feb4be1c7@group-6E40CD9026FE: ConfigurationManager, init=-1: [aca30371-01bf-4ae9-9279-957ab152ade5:192.168.164.206:44092, 1c8ebbc6-c1e6-4495-a65c-885feb4be1c7:192.168.164.206:46856, fe043bca-9712-4c56-92e1-fea8b14d6e88:192.168.164.206:33638], old=null, confs=<EMPTY_MAP>
2019-10-03 19:46:39,388 [pool-57-thread-1] INFO  server.RaftServerConfigKeys (ConfUtils.java:logGet(43)) - raft.server.rpcslowness.timeout = 120s (custom)
2019-10-03 19:46:39,388 [pool-77-thread-1] INFO  server.RaftServerConfigKeys (ConfUtils.java:logGet(43)) - raft.server.log.corruption.policy = EXCEPTION (default)
2019-10-03 19:46:39,388 [pool-47-thread-1] INFO  server.RaftServerConfigKeys (ConfUtils.java:logGet(43)) - raft.server.storage.dir = [/workdir/hadoop-ozone/integration-test/target/test-dir/MiniOzoneClusterImpl-dcd5f39f-879d-4b70-a9e7-132a8617f65e/datanode-2/data/ratis] (custom)
2019-10-03 19:46:39,388 [pool-57-thread-1] INFO  server.RaftServerConfigKeys (ConfUtils.java:logGet(43)) - raft.server.sleep.deviation.threshold = 300 (default)
2019-10-03 19:46:39,388 [pool-77-thread-1] INFO  storage.RaftStorageDirectory (RaftStorageDirectory.java:analyzeStorage(246)) - The storage directory /workdir/hadoop-ozone/integration-test/target/test-dir/MiniOzoneClusterImpl-dcd5f39f-879d-4b70-a9e7-132a8617f65e/datanode-5/data/ratis/69222be2-f71e-41c2-a360-6e40cd9026fe does not exist. Creating ...
2019-10-03 19:46:39,389 [pool-47-thread-1] INFO  server.RaftServerConfigKeys (ConfUtils.java:logGet(43)) - raft.server.log.corruption.policy = EXCEPTION (default)
2019-10-03 19:46:39,389 [pool-57-thread-1] INFO  server.RaftServerConfigKeys (ConfUtils.java:logGet(43)) - raft.server.log.appender.install.snapshot.enabled = false (custom)
2019-10-03 19:46:39,389 [pool-47-thread-1] INFO  storage.RaftStorageDirectory (RaftStorageDirectory.java:analyzeStorage(246)) - The storage directory /workdir/hadoop-ozone/integration-test/target/test-dir/MiniOzoneClusterImpl-dcd5f39f-879d-4b70-a9e7-132a8617f65e/datanode-2/data/ratis/69222be2-f71e-41c2-a360-6e40cd9026fe does not exist. Creating ...
2019-10-03 19:46:39,389 [pool-57-thread-1] INFO  impl.RaftServerImpl (ServerState.java:<init>(103)) - aca30371-01bf-4ae9-9279-957ab152ade5@group-6E40CD9026FE: ConfigurationManager, init=-1: [aca30371-01bf-4ae9-9279-957ab152ade5:192.168.164.206:44092, 1c8ebbc6-c1e6-4495-a65c-885feb4be1c7:192.168.164.206:46856, fe043bca-9712-4c56-92e1-fea8b14d6e88:192.168.164.206:33638], old=null, confs=<EMPTY_MAP>
2019-10-03 19:46:39,389 [pool-57-thread-1] INFO  server.RaftServerConfigKeys (ConfUtils.java:logGet(43)) - raft.server.storage.dir = [/workdir/hadoop-ozone/integration-test/target/test-dir/MiniOzoneClusterImpl-dcd5f39f-879d-4b70-a9e7-132a8617f65e/datanode-3/data/ratis] (custom)
2019-10-03 19:46:39,390 [pool-57-thread-1] INFO  server.RaftServerConfigKeys (ConfUtils.java:logGet(43)) - raft.server.log.corruption.policy = EXCEPTION (default)
2019-10-03 19:46:39,390 [pool-57-thread-1] INFO  storage.RaftStorageDirectory (RaftStorageDirectory.java:analyzeStorage(246)) - The storage directory /workdir/hadoop-ozone/integration-test/target/test-dir/MiniOzoneClusterImpl-dcd5f39f-879d-4b70-a9e7-132a8617f65e/datanode-3/data/ratis/69222be2-f71e-41c2-a360-6e40cd9026fe does not exist. Creating ...
2019-10-03 19:46:39,402 [pool-57-thread-1] INFO  storage.RaftStorageDirectory (RaftStorageDirectory.java:tryLock(328)) - Lock on /workdir/hadoop-ozone/integration-test/target/test-dir/MiniOzoneClusterImpl-dcd5f39f-879d-4b70-a9e7-132a8617f65e/datanode-3/data/ratis/69222be2-f71e-41c2-a360-6e40cd9026fe/in_use.lock acquired by nodename 31942@pr-hdds-2240-9gllg-3097873054
2019-10-03 19:46:39,402 [pool-77-thread-1] INFO  storage.RaftStorageDirectory (RaftStorageDirectory.java:tryLock(328)) - Lock on /workdir/hadoop-ozone/integration-test/target/test-dir/MiniOzoneClusterImpl-dcd5f39f-879d-4b70-a9e7-132a8617f65e/datanode-5/data/ratis/69222be2-f71e-41c2-a360-6e40cd9026fe/in_use.lock acquired by nodename 31942@pr-hdds-2240-9gllg-3097873054
2019-10-03 19:46:39,402 [pool-47-thread-1] INFO  storage.RaftStorageDirectory (RaftStorageDirectory.java:tryLock(328)) - Lock on /workdir/hadoop-ozone/integration-test/target/test-dir/MiniOzoneClusterImpl-dcd5f39f-879d-4b70-a9e7-132a8617f65e/datanode-2/data/ratis/69222be2-f71e-41c2-a360-6e40cd9026fe/in_use.lock acquired by nodename 31942@pr-hdds-2240-9gllg-3097873054
2019-10-03 19:46:39,416 [pool-47-thread-1] INFO  storage.RaftStorage (RaftStorage.java:format(84)) - Storage directory /workdir/hadoop-ozone/integration-test/target/test-dir/MiniOzoneClusterImpl-dcd5f39f-879d-4b70-a9e7-132a8617f65e/datanode-2/data/ratis/69222be2-f71e-41c2-a360-6e40cd9026fe has been successfully formatted.
2019-10-03 19:46:39,416 [pool-57-thread-1] INFO  storage.RaftStorage (RaftStorage.java:format(84)) - Storage directory /workdir/hadoop-ozone/integration-test/target/test-dir/MiniOzoneClusterImpl-dcd5f39f-879d-4b70-a9e7-132a8617f65e/datanode-3/data/ratis/69222be2-f71e-41c2-a360-6e40cd9026fe has been successfully formatted.
2019-10-03 19:46:39,416 [pool-77-thread-1] INFO  storage.RaftStorage (RaftStorage.java:format(84)) - Storage directory /workdir/hadoop-ozone/integration-test/target/test-dir/MiniOzoneClusterImpl-dcd5f39f-879d-4b70-a9e7-132a8617f65e/datanode-5/data/ratis/69222be2-f71e-41c2-a360-6e40cd9026fe has been successfully formatted.
2019-10-03 19:46:39,416 [pool-47-thread-1] INFO  ratis.ContainerStateMachine (ContainerStateMachine.java:loadSnapshot(230)) - group-6E40CD9026FE: The snapshot info is null. Setting the last applied indexto:(t:0, i:~)
2019-10-03 19:46:39,416 [pool-57-thread-1] INFO  ratis.ContainerStateMachine (ContainerStateMachine.java:loadSnapshot(230)) - group-6E40CD9026FE: The snapshot info is null. Setting the last applied indexto:(t:0, i:~)
2019-10-03 19:46:39,417 [pool-47-thread-1] INFO  server.RaftServerConfigKeys (ConfUtils.java:logGet(43)) - raft.server.notification.no-leader.timeout = 120s (custom)
2019-10-03 19:46:39,417 [pool-77-thread-1] INFO  ratis.ContainerStateMachine (ContainerStateMachine.java:loadSnapshot(230)) - group-6E40CD9026FE: The snapshot info is null. Setting the last applied indexto:(t:0, i:~)
2019-10-03 19:46:39,417 [pool-47-thread-1] INFO  server.RaftServerConfigKeys (ConfUtils.java:logGet(43)) - raft.server.log.use.memory = false (default)
2019-10-03 19:46:39,417 [pool-57-thread-1] INFO  server.RaftServerConfigKeys (ConfUtils.java:logGet(43)) - raft.server.notification.no-leader.timeout = 120s (custom)
2019-10-03 19:46:39,417 [pool-47-thread-1] INFO  server.RaftServerConfigKeys (ConfUtils.java:logGet(43)) - raft.server.log.purge.gap = 1000000 (custom)
2019-10-03 19:46:39,417 [pool-77-thread-1] INFO  server.RaftServerConfigKeys (ConfUtils.java:logGet(43)) - raft.server.notification.no-leader.timeout = 120s (custom)
2019-10-03 19:46:39,417 [pool-47-thread-1] INFO  server.RaftServerConfigKeys (ConfUtils.java:logGet(43)) - raft.server.log.appender.buffer.byte-limit = 33554432 (custom)
2019-10-03 19:46:39,417 [pool-57-thread-1] INFO  server.RaftServerConfigKeys (ConfUtils.java:logGet(43)) - raft.server.log.use.memory = false (default)
2019-10-03 19:46:39,417 [pool-47-thread-1] INFO  server.RaftServerConfigKeys (ConfUtils.java:logGet(43)) - raft.server.log.segment.size.max = 1048576 (custom)
2019-10-03 19:46:39,417 [pool-77-thread-1] INFO  server.RaftServerConfigKeys (ConfUtils.java:logGet(43)) - raft.server.log.use.memory = false (default)
2019-10-03 19:46:39,418 [pool-47-thread-1] INFO  server.RaftServerConfigKeys (ConfUtils.java:logGet(43)) - raft.server.log.segment.cache.num.max = 2 (custom)
2019-10-03 19:46:39,417 [pool-57-thread-1] INFO  server.RaftServerConfigKeys (ConfUtils.java:logGet(43)) - raft.server.log.purge.gap = 1000000 (custom)
2019-10-03 19:46:39,418 [pool-47-thread-1] INFO  segmented.SegmentedRaftLogWorker (SegmentedRaftLogWorker.java:<init>(173)) - new 1c8ebbc6-c1e6-4495-a65c-885feb4be1c7@group-6E40CD9026FE-SegmentedRaftLogWorker for RaftStorage:Storage Directory /workdir/hadoop-ozone/integration-test/target/test-dir/MiniOzoneClusterImpl-dcd5f39f-879d-4b70-a9e7-132a8617f65e/datanode-2/data/ratis/69222be2-f71e-41c2-a360-6e40cd9026fe
2019-10-03 19:46:39,418 [pool-77-thread-1] INFO  server.RaftServerConfigKeys (ConfUtils.java:logGet(43)) - raft.server.log.purge.gap = 1000000 (custom)
2019-10-03 19:46:39,418 [pool-47-thread-1] INFO  server.RaftServerConfigKeys (ConfUtils.java:logGet(43)) - raft.server.log.queue.byte-limit = 2147483647 (custom)
2019-10-03 19:46:39,418 [pool-57-thread-1] INFO  server.RaftServerConfigKeys (ConfUtils.java:logGet(43)) - raft.server.log.appender.buffer.byte-limit = 33554432 (custom)
2019-10-03 19:46:39,418 [pool-47-thread-1] INFO  server.RaftServerConfigKeys (ConfUtils.java:logGet(43)) - raft.server.log.queue.element-limit = 1024 (custom)
2019-10-03 19:46:39,418 [pool-77-thread-1] INFO  server.RaftServerConfigKeys (ConfUtils.java:logGet(43)) - raft.server.log.appender.buffer.byte-limit = 33554432 (custom)
2019-10-03 19:46:39,418 [pool-47-thread-1] INFO  server.RaftServerConfigKeys (ConfUtils.java:logGet(43)) - raft.server.log.segment.size.max = 1048576 (custom)
2019-10-03 19:46:39,418 [pool-57-thread-1] INFO  server.RaftServerConfigKeys (ConfUtils.java:logGet(43)) - raft.server.log.segment.size.max = 1048576 (custom)
2019-10-03 19:46:39,419 [pool-47-thread-1] INFO  server.RaftServerConfigKeys (ConfUtils.java:logGet(43)) - raft.server.log.preallocated.size = 16384 (custom)
2019-10-03 19:46:39,418 [pool-77-thread-1] INFO  server.RaftServerConfigKeys (ConfUtils.java:logGet(43)) - raft.server.log.segment.size.max = 1048576 (custom)
2019-10-03 19:46:39,419 [pool-47-thread-1] INFO  server.RaftServerConfigKeys (ConfUtils.java:logGet(43)) - raft.server.log.write.buffer.size = 33554432 (custom)
2019-10-03 19:46:39,419 [pool-57-thread-1] INFO  server.RaftServerConfigKeys (ConfUtils.java:logGet(43)) - raft.server.log.segment.cache.num.max = 2 (custom)
2019-10-03 19:46:39,419 [pool-47-thread-1] INFO  server.RaftServerConfigKeys (ConfUtils.java:logGet(43)) - raft.server.log.force.sync.num = 128 (default)
2019-10-03 19:46:39,419 [pool-77-thread-1] INFO  server.RaftServerConfigKeys (ConfUtils.java:logGet(43)) - raft.server.log.segment.cache.num.max = 2 (custom)
2019-10-03 19:46:39,419 [pool-47-thread-1] INFO  server.RaftServerConfigKeys (ConfUtils.java:logGet(43)) - raft.server.log.statemachine.data.sync = true (default)
2019-10-03 19:46:39,419 [pool-57-thread-1] INFO  segmented.SegmentedRaftLogWorker (SegmentedRaftLogWorker.java:<init>(173)) - new aca30371-01bf-4ae9-9279-957ab152ade5@group-6E40CD9026FE-SegmentedRaftLogWorker for RaftStorage:Storage Directory /workdir/hadoop-ozone/integration-test/target/test-dir/MiniOzoneClusterImpl-dcd5f39f-879d-4b70-a9e7-132a8617f65e/datanode-3/data/ratis/69222be2-f71e-41c2-a360-6e40cd9026fe
2019-10-03 19:46:39,419 [pool-47-thread-1] INFO  server.RaftServerConfigKeys (ConfUtils.java:logGet(43)) - raft.server.log.statemachine.data.sync.timeout = 10s (default)
2019-10-03 19:46:39,419 [pool-77-thread-1] INFO  segmented.SegmentedRaftLogWorker (SegmentedRaftLogWorker.java:<init>(173)) - new fe043bca-9712-4c56-92e1-fea8b14d6e88@group-6E40CD9026FE-SegmentedRaftLogWorker for RaftStorage:Storage Directory /workdir/hadoop-ozone/integration-test/target/test-dir/MiniOzoneClusterImpl-dcd5f39f-879d-4b70-a9e7-132a8617f65e/datanode-5/data/ratis/69222be2-f71e-41c2-a360-6e40cd9026fe
2019-10-03 19:46:39,420 [pool-47-thread-1] INFO  server.RaftServerConfigKeys (ConfUtils.java:logGet(43)) - raft.server.log.statemachine.data.sync.timeout.retry = -1 (default)
2019-10-03 19:46:39,420 [pool-57-thread-1] INFO  server.RaftServerConfigKeys (ConfUtils.java:logGet(43)) - raft.server.log.queue.byte-limit = 2147483647 (custom)
2019-10-03 19:46:39,420 [pool-47-thread-1] INFO  server.RaftServerConfigKeys (ConfUtils.java:logGet(43)) - raft.server.log.statemachine.data.caching.enabled = true (custom)
2019-10-03 19:46:39,420 [pool-77-thread-1] INFO  server.RaftServerConfigKeys (ConfUtils.java:logGet(43)) - raft.server.log.queue.byte-limit = 2147483647 (custom)
2019-10-03 19:46:39,420 [pool-57-thread-1] INFO  server.RaftServerConfigKeys (ConfUtils.java:logGet(43)) - raft.server.log.queue.element-limit = 1024 (custom)
2019-10-03 19:46:39,420 [pool-47-thread-1] INFO  segmented.SegmentedRaftLogWorker (SegmentedRaftLogWorker.java:lambda$new$0(128)) - 1c8ebbc6-c1e6-4495-a65c-885feb4be1c7@group-6E40CD9026FE-SegmentedRaftLogWorker: flushIndex: setUnconditionally 0 -> -1
2019-10-03 19:46:39,420 [pool-77-thread-1] INFO  server.RaftServerConfigKeys (ConfUtils.java:logGet(43)) - raft.server.log.queue.element-limit = 1024 (custom)
2019-10-03 19:46:39,420 [pool-47-thread-1] INFO  server.RaftServerConfigKeys (ConfUtils.java:logGet(43)) - raft.server.snapshot.auto.trigger.enabled = true (custom)
2019-10-03 19:46:39,420 [pool-57-thread-1] INFO  server.RaftServerConfigKeys (ConfUtils.java:logGet(43)) - raft.server.log.segment.size.max = 1048576 (custom)
2019-10-03 19:46:39,421 [pool-47-thread-1] INFO  server.RaftServerConfigKeys (ConfUtils.java:logGet(43)) - raft.server.snapshot.auto.trigger.threshold = 10000 (custom)
2019-10-03 19:46:39,421 [pool-77-thread-1] INFO  server.RaftServerConfigKeys (ConfUtils.java:logGet(43)) - raft.server.log.segment.size.max = 1048576 (custom)
2019-10-03 19:46:39,421 [pool-47-thread-1] INFO  server.RaftServerConfigKeys (ConfUtils.java:logGet(43)) - raft.server.snapshot.retention.file.num = 5 (custom)
2019-10-03 19:46:39,421 [pool-57-thread-1] INFO  server.RaftServerConfigKeys (ConfUtils.java:logGet(43)) - raft.server.log.preallocated.size = 16384 (custom)
2019-10-03 19:46:39,421 [pool-47-thread-1] INFO  server.RaftServerConfigKeys (ConfUtils.java:logGet(43)) - raft.server.retrycache.expirytime = 600000ms (custom)
2019-10-03 19:46:39,421 [pool-77-thread-1] INFO  server.RaftServerConfigKeys (ConfUtils.java:logGet(43)) - raft.server.log.preallocated.size = 16384 (custom)
2019-10-03 19:46:39,421 [pool-57-thread-1] INFO  server.RaftServerConfigKeys (ConfUtils.java:logGet(43)) - raft.server.log.write.buffer.size = 33554432 (custom)
2019-10-03 19:46:39,421 [pool-77-thread-1] INFO  server.RaftServerConfigKeys (ConfUtils.java:logGet(43)) - raft.server.log.write.buffer.size = 33554432 (custom)
2019-10-03 19:46:39,421 [pool-57-thread-1] INFO  server.RaftServerConfigKeys (ConfUtils.java:logGet(43)) - raft.server.log.force.sync.num = 128 (default)
2019-10-03 19:46:39,422 [pool-77-thread-1] INFO  server.RaftServerConfigKeys (ConfUtils.java:logGet(43)) - raft.server.log.force.sync.num = 128 (default)
2019-10-03 19:46:39,422 [pool-57-thread-1] INFO  server.RaftServerConfigKeys (ConfUtils.java:logGet(43)) - raft.server.log.statemachine.data.sync = true (default)
2019-10-03 19:46:39,422 [pool-77-thread-1] INFO  server.RaftServerConfigKeys (ConfUtils.java:logGet(43)) - raft.server.log.statemachine.data.sync = true (default)
2019-10-03 19:46:39,422 [pool-57-thread-1] INFO  server.RaftServerConfigKeys (ConfUtils.java:logGet(43)) - raft.server.log.statemachine.data.sync.timeout = 10s (default)
2019-10-03 19:46:39,422 [pool-77-thread-1] INFO  server.RaftServerConfigKeys (ConfUtils.java:logGet(43)) - raft.server.log.statemachine.data.sync.timeout = 10s (default)
2019-10-03 19:46:39,422 [pool-57-thread-1] INFO  server.RaftServerConfigKeys (ConfUtils.java:logGet(43)) - raft.server.log.statemachine.data.sync.timeout.retry = -1 (default)
2019-10-03 19:46:39,422 [pool-77-thread-1] INFO  server.RaftServerConfigKeys (ConfUtils.java:logGet(43)) - raft.server.log.statemachine.data.sync.timeout.retry = -1 (default)
2019-10-03 19:46:39,423 [pool-57-thread-1] INFO  server.RaftServerConfigKeys (ConfUtils.java:logGet(43)) - raft.server.log.statemachine.data.caching.enabled = true (custom)
2019-10-03 19:46:39,423 [pool-77-thread-1] INFO  server.RaftServerConfigKeys (ConfUtils.java:logGet(43)) - raft.server.log.statemachine.data.caching.enabled = true (custom)
2019-10-03 19:46:39,423 [pool-57-thread-1] INFO  segmented.SegmentedRaftLogWorker (SegmentedRaftLogWorker.java:lambda$new$0(128)) - aca30371-01bf-4ae9-9279-957ab152ade5@group-6E40CD9026FE-SegmentedRaftLogWorker: flushIndex: setUnconditionally 0 -> -1
2019-10-03 19:46:39,423 [pool-77-thread-1] INFO  segmented.SegmentedRaftLogWorker (SegmentedRaftLogWorker.java:lambda$new$0(128)) - fe043bca-9712-4c56-92e1-fea8b14d6e88@group-6E40CD9026FE-SegmentedRaftLogWorker: flushIndex: setUnconditionally 0 -> -1
2019-10-03 19:46:39,423 [pool-57-thread-1] INFO  server.RaftServerConfigKeys (ConfUtils.java:logGet(43)) - raft.server.snapshot.auto.trigger.enabled = true (custom)
2019-10-03 19:46:39,423 [pool-57-thread-1] INFO  server.RaftServerConfigKeys (ConfUtils.java:logGet(43)) - raft.server.snapshot.auto.trigger.threshold = 10000 (custom)
2019-10-03 19:46:39,423 [pool-77-thread-1] INFO  server.RaftServerConfigKeys (ConfUtils.java:logGet(43)) - raft.server.snapshot.auto.trigger.enabled = true (custom)
2019-10-03 19:46:39,423 [pool-47-thread-1] INFO  impl.RaftServerImpl (RaftServerImpl.java:start(181)) - 1c8ebbc6-c1e6-4495-a65c-885feb4be1c7@group-6E40CD9026FE: start as a follower, conf=-1: [aca30371-01bf-4ae9-9279-957ab152ade5:192.168.164.206:44092, 1c8ebbc6-c1e6-4495-a65c-885feb4be1c7:192.168.164.206:46856, fe043bca-9712-4c56-92e1-fea8b14d6e88:192.168.164.206:33638], old=null
2019-10-03 19:46:39,424 [pool-77-thread-1] INFO  server.RaftServerConfigKeys (ConfUtils.java:logGet(43)) - raft.server.snapshot.auto.trigger.threshold = 10000 (custom)
2019-10-03 19:46:39,423 [pool-57-thread-1] INFO  server.RaftServerConfigKeys (ConfUtils.java:logGet(43)) - raft.server.snapshot.retention.file.num = 5 (custom)
2019-10-03 19:46:39,424 [pool-77-thread-1] INFO  server.RaftServerConfigKeys (ConfUtils.java:logGet(43)) - raft.server.snapshot.retention.file.num = 5 (custom)
2019-10-03 19:46:39,424 [pool-47-thread-1] INFO  impl.RaftServerImpl (RaftServerImpl.java:setRole(170)) - 1c8ebbc6-c1e6-4495-a65c-885feb4be1c7@group-6E40CD9026FE: changes role from      null to FOLLOWER at term 0 for startAsFollower
2019-10-03 19:46:39,424 [pool-57-thread-1] INFO  server.RaftServerConfigKeys (ConfUtils.java:logGet(43)) - raft.server.retrycache.expirytime = 600000ms (custom)
2019-10-03 19:46:39,424 [pool-47-thread-1] INFO  impl.RoleInfo (RoleInfo.java:updateAndGet(143)) - 1c8ebbc6-c1e6-4495-a65c-885feb4be1c7: start FollowerState
2019-10-03 19:46:39,424 [pool-77-thread-1] INFO  server.RaftServerConfigKeys (ConfUtils.java:logGet(43)) - raft.server.retrycache.expirytime = 600000ms (custom)
2019-10-03 19:46:39,424 [pool-47-thread-1] INFO  util.JmxRegister (JmxRegister.java:tryRegister(44)) - Successfully registered JMX Bean with object name Ratis:service=RaftServer,group=group-6E40CD9026FE,id=1c8ebbc6-c1e6-4495-a65c-885feb4be1c7
2019-10-03 19:46:39,428 [pool-57-thread-1] INFO  impl.RaftServerImpl (RaftServerImpl.java:start(181)) - aca30371-01bf-4ae9-9279-957ab152ade5@group-6E40CD9026FE: start as a follower, conf=-1: [aca30371-01bf-4ae9-9279-957ab152ade5:192.168.164.206:44092, 1c8ebbc6-c1e6-4495-a65c-885feb4be1c7:192.168.164.206:46856, fe043bca-9712-4c56-92e1-fea8b14d6e88:192.168.164.206:33638], old=null
2019-10-03 19:46:39,429 [pool-57-thread-1] INFO  impl.RaftServerImpl (RaftServerImpl.java:setRole(170)) - aca30371-01bf-4ae9-9279-957ab152ade5@group-6E40CD9026FE: changes role from      null to FOLLOWER at term 0 for startAsFollower
2019-10-03 19:46:39,429 [pool-57-thread-1] INFO  impl.RoleInfo (RoleInfo.java:updateAndGet(143)) - aca30371-01bf-4ae9-9279-957ab152ade5: start FollowerState
2019-10-03 19:46:39,429 [pool-77-thread-1] INFO  impl.RaftServerImpl (RaftServerImpl.java:start(181)) - fe043bca-9712-4c56-92e1-fea8b14d6e88@group-6E40CD9026FE: start as a follower, conf=-1: [aca30371-01bf-4ae9-9279-957ab152ade5:192.168.164.206:44092, 1c8ebbc6-c1e6-4495-a65c-885feb4be1c7:192.168.164.206:46856, fe043bca-9712-4c56-92e1-fea8b14d6e88:192.168.164.206:33638], old=null
2019-10-03 19:46:39,429 [pool-57-thread-1] INFO  util.JmxRegister (JmxRegister.java:tryRegister(44)) - Successfully registered JMX Bean with object name Ratis:service=RaftServer,group=group-6E40CD9026FE,id=aca30371-01bf-4ae9-9279-957ab152ade5
2019-10-03 19:46:39,429 [pool-77-thread-1] INFO  impl.RaftServerImpl (RaftServerImpl.java:setRole(170)) - fe043bca-9712-4c56-92e1-fea8b14d6e88@group-6E40CD9026FE: changes role from      null to FOLLOWER at term 0 for startAsFollower
2019-10-03 19:46:39,429 [pool-77-thread-1] INFO  impl.RoleInfo (RoleInfo.java:updateAndGet(143)) - fe043bca-9712-4c56-92e1-fea8b14d6e88: start FollowerState
2019-10-03 19:46:39,430 [pool-77-thread-1] INFO  util.JmxRegister (JmxRegister.java:tryRegister(44)) - Successfully registered JMX Bean with object name Ratis:service=RaftServer,group=group-6E40CD9026FE,id=fe043bca-9712-4c56-92e1-fea8b14d6e88
2019-10-03 19:46:39,450 [main] INFO  ozone.MiniOzoneClusterImpl (MiniOzoneClusterImpl.java:lambda$waitForClusterToBeReady$0(147)) - Cluster is ready. Got 7 of 7 DN Heartbeats.
2019-10-03 19:46:39,453 [RatisPipelineUtilsThread] INFO  pipeline.PipelineStateManager (PipelineStateManager.java:addPipeline(56)) - Created pipeline Pipeline[ Id: 69222be2-f71e-41c2-a360-6e40cd9026fe, Nodes: aca30371-01bf-4ae9-9279-957ab152ade5{ip: 192.168.164.206, host: pr-hdds-2240-9gllg-3097873054, networkLocation: /default-rack, certSerialId: null}1c8ebbc6-c1e6-4495-a65c-885feb4be1c7{ip: 192.168.164.206, host: pr-hdds-2240-9gllg-3097873054, networkLocation: /default-rack, certSerialId: null}fe043bca-9712-4c56-92e1-fea8b14d6e88{ip: 192.168.164.206, host: pr-hdds-2240-9gllg-3097873054, networkLocation: /default-rack, certSerialId: null}, Type:RATIS, Factor:THREE, State:OPEN]
2019-10-03 19:46:39,481 [grpc-default-executor-1] INFO  impl.RaftServerProxy (RaftServerProxy.java:addNew(89)) - 9c523a97-aa95-4361-b6dc-8d1237959141: addNew group-F3479287C77A:[9c523a97-aa95-4361-b6dc-8d1237959141:192.168.164.206:43984, d9d1ee00-a0d5-45f0-8be4-29bee838d1fe:192.168.164.206:34917, 15c4f9ee-ac46-4058-9265-aa9afb39a11b:192.168.164.206:45529] returns group-F3479287C77A:java.util.concurrent.CompletableFuture@797acdc1[Not completed]
2019-10-03 19:46:39,481 [grpc-default-executor-2] INFO  impl.RaftServerProxy (RaftServerProxy.java:addNew(89)) - 15c4f9ee-ac46-4058-9265-aa9afb39a11b: addNew group-F3479287C77A:[9c523a97-aa95-4361-b6dc-8d1237959141:192.168.164.206:43984, d9d1ee00-a0d5-45f0-8be4-29bee838d1fe:192.168.164.206:34917, 15c4f9ee-ac46-4058-9265-aa9afb39a11b:192.168.164.206:45529] returns group-F3479287C77A:java.util.concurrent.CompletableFuture@61b806c6[Not completed]
2019-10-03 19:46:39,481 [grpc-default-executor-0] INFO  impl.RaftServerProxy (RaftServerProxy.java:addNew(89)) - d9d1ee00-a0d5-45f0-8be4-29bee838d1fe: addNew group-F3479287C77A:[9c523a97-aa95-4361-b6dc-8d1237959141:192.168.164.206:43984, d9d1ee00-a0d5-45f0-8be4-29bee838d1fe:192.168.164.206:34917, 15c4f9ee-ac46-4058-9265-aa9afb39a11b:192.168.164.206:45529] returns group-F3479287C77A:java.util.concurrent.CompletableFuture@1e6d88ab[Not completed]
2019-10-03 19:46:39,484 [pool-27-thread-1] INFO  impl.RaftServerImpl (RaftServerImpl.java:<init>(95)) - 9c523a97-aa95-4361-b6dc-8d1237959141: new RaftServerImpl for group-F3479287C77A:[9c523a97-aa95-4361-b6dc-8d1237959141:192.168.164.206:43984, d9d1ee00-a0d5-45f0-8be4-29bee838d1fe:192.168.164.206:34917, 15c4f9ee-ac46-4058-9265-aa9afb39a11b:192.168.164.206:45529] with ContainerStateMachine:uninitialized
2019-10-03 19:46:39,484 [pool-27-thread-1] INFO  server.RaftServerConfigKeys (ConfUtils.java:logGet(43)) - raft.server.rpc.timeout.min = 5s (custom)
2019-10-03 19:46:39,484 [pool-27-thread-1] INFO  server.RaftServerConfigKeys (ConfUtils.java:logGet(43)) - raft.server.rpc.timeout.max = 5200ms (custom)
2019-10-03 19:46:39,484 [pool-27-thread-1] INFO  server.RaftServerConfigKeys (ConfUtils.java:logGet(43)) - raft.server.rpcslowness.timeout = 120s (custom)
2019-10-03 19:46:39,484 [pool-27-thread-1] INFO  server.RaftServerConfigKeys (ConfUtils.java:logGet(43)) - raft.server.sleep.deviation.threshold = 300 (default)
2019-10-03 19:46:39,484 [pool-27-thread-1] INFO  server.RaftServerConfigKeys (ConfUtils.java:logGet(43)) - raft.server.log.appender.install.snapshot.enabled = false (custom)
2019-10-03 19:46:39,485 [pool-27-thread-1] INFO  impl.RaftServerImpl (ServerState.java:<init>(103)) - 9c523a97-aa95-4361-b6dc-8d1237959141@group-F3479287C77A: ConfigurationManager, init=-1: [9c523a97-aa95-4361-b6dc-8d1237959141:192.168.164.206:43984, d9d1ee00-a0d5-45f0-8be4-29bee838d1fe:192.168.164.206:34917, 15c4f9ee-ac46-4058-9265-aa9afb39a11b:192.168.164.206:45529], old=null, confs=<EMPTY_MAP>
2019-10-03 19:46:39,485 [pool-27-thread-1] INFO  server.RaftServerConfigKeys (ConfUtils.java:logGet(43)) - raft.server.storage.dir = [/workdir/hadoop-ozone/integration-test/target/test-dir/MiniOzoneClusterImpl-dcd5f39f-879d-4b70-a9e7-132a8617f65e/datanode-0/data/ratis] (custom)
2019-10-03 19:46:39,485 [pool-27-thread-1] INFO  server.RaftServerConfigKeys (ConfUtils.java:logGet(43)) - raft.server.log.corruption.policy = EXCEPTION (default)
2019-10-03 19:46:39,485 [pool-27-thread-1] INFO  storage.RaftStorageDirectory (RaftStorageDirectory.java:analyzeStorage(246)) - The storage directory /workdir/hadoop-ozone/integration-test/target/test-dir/MiniOzoneClusterImpl-dcd5f39f-879d-4b70-a9e7-132a8617f65e/datanode-0/data/ratis/c44ca7c1-cd9b-4373-a2fb-f3479287c77a does not exist. Creating ...
2019-10-03 19:46:39,485 [pool-67-thread-1] INFO  impl.RaftServerImpl (RaftServerImpl.java:<init>(95)) - d9d1ee00-a0d5-45f0-8be4-29bee838d1fe: new RaftServerImpl for group-F3479287C77A:[9c523a97-aa95-4361-b6dc-8d1237959141:192.168.164.206:43984, d9d1ee00-a0d5-45f0-8be4-29bee838d1fe:192.168.164.206:34917, 15c4f9ee-ac46-4058-9265-aa9afb39a11b:192.168.164.206:45529] with ContainerStateMachine:uninitialized
2019-10-03 19:46:39,485 [pool-67-thread-1] INFO  server.RaftServerConfigKeys (ConfUtils.java:logGet(43)) - raft.server.rpc.timeout.min = 5s (custom)
2019-10-03 19:46:39,486 [pool-67-thread-1] INFO  server.RaftServerConfigKeys (ConfUtils.java:logGet(43)) - raft.server.rpc.timeout.max = 5200ms (custom)
2019-10-03 19:46:39,486 [pool-67-thread-1] INFO  server.RaftServerConfigKeys (ConfUtils.java:logGet(43)) - raft.server.rpcslowness.timeout = 120s (custom)
2019-10-03 19:46:39,486 [pool-67-thread-1] INFO  server.RaftServerConfigKeys (ConfUtils.java:logGet(43)) - raft.server.sleep.deviation.threshold = 300 (default)
2019-10-03 19:46:39,486 [pool-67-thread-1] INFO  server.RaftServerConfigKeys (ConfUtils.java:logGet(43)) - raft.server.log.appender.install.snapshot.enabled = false (custom)
2019-10-03 19:46:39,486 [pool-37-thread-1] INFO  impl.RaftServerImpl (RaftServerImpl.java:<init>(95)) - 15c4f9ee-ac46-4058-9265-aa9afb39a11b: new RaftServerImpl for group-F3479287C77A:[9c523a97-aa95-4361-b6dc-8d1237959141:192.168.164.206:43984, d9d1ee00-a0d5-45f0-8be4-29bee838d1fe:192.168.164.206:34917, 15c4f9ee-ac46-4058-9265-aa9afb39a11b:192.168.164.206:45529] with ContainerStateMachine:uninitialized
2019-10-03 19:46:39,487 [pool-67-thread-1] INFO  impl.RaftServerImpl (ServerState.java:<init>(103)) - d9d1ee00-a0d5-45f0-8be4-29bee838d1fe@group-F3479287C77A: ConfigurationManager, init=-1: [9c523a97-aa95-4361-b6dc-8d1237959141:192.168.164.206:43984, d9d1ee00-a0d5-45f0-8be4-29bee838d1fe:192.168.164.206:34917, 15c4f9ee-ac46-4058-9265-aa9afb39a11b:192.168.164.206:45529], old=null, confs=<EMPTY_MAP>
2019-10-03 19:46:39,487 [pool-37-thread-1] INFO  server.RaftServerConfigKeys (ConfUtils.java:logGet(43)) - raft.server.rpc.timeout.min = 5s (custom)
2019-10-03 19:46:39,487 [pool-67-thread-1] INFO  server.RaftServerConfigKeys (ConfUtils.java:logGet(43)) - raft.server.storage.dir = [/workdir/hadoop-ozone/integration-test/target/test-dir/MiniOzoneClusterImpl-dcd5f39f-879d-4b70-a9e7-132a8617f65e/datanode-4/data/ratis] (custom)
2019-10-03 19:46:39,487 [pool-37-thread-1] INFO  server.RaftServerConfigKeys (ConfUtils.java:logGet(43)) - raft.server.rpc.timeout.max = 5200ms (custom)
2019-10-03 19:46:39,487 [pool-37-thread-1] INFO  server.RaftServerConfigKeys (ConfUtils.java:logGet(43)) - raft.server.rpcslowness.timeout = 120s (custom)
2019-10-03 19:46:39,487 [pool-67-thread-1] INFO  server.RaftServerConfigKeys (ConfUtils.java:logGet(43)) - raft.server.log.corruption.policy = EXCEPTION (default)
2019-10-03 19:46:39,487 [pool-37-thread-1] INFO  server.RaftServerConfigKeys (ConfUtils.java:logGet(43)) - raft.server.sleep.deviation.threshold = 300 (default)
2019-10-03 19:46:39,488 [pool-67-thread-1] INFO  storage.RaftStorageDirectory (RaftStorageDirectory.java:analyzeStorage(246)) - The storage directory /workdir/hadoop-ozone/integration-test/target/test-dir/MiniOzoneClusterImpl-dcd5f39f-879d-4b70-a9e7-132a8617f65e/datanode-4/data/ratis/c44ca7c1-cd9b-4373-a2fb-f3479287c77a does not exist. Creating ...
2019-10-03 19:46:39,488 [pool-37-thread-1] INFO  server.RaftServerConfigKeys (ConfUtils.java:logGet(43)) - raft.server.log.appender.install.snapshot.enabled = false (custom)
2019-10-03 19:46:39,488 [pool-37-thread-1] INFO  impl.RaftServerImpl (ServerState.java:<init>(103)) - 15c4f9ee-ac46-4058-9265-aa9afb39a11b@group-F3479287C77A: ConfigurationManager, init=-1: [9c523a97-aa95-4361-b6dc-8d1237959141:192.168.164.206:43984, d9d1ee00-a0d5-45f0-8be4-29bee838d1fe:192.168.164.206:34917, 15c4f9ee-ac46-4058-9265-aa9afb39a11b:192.168.164.206:45529], old=null, confs=<EMPTY_MAP>
2019-10-03 19:46:39,488 [pool-37-thread-1] INFO  server.RaftServerConfigKeys (ConfUtils.java:logGet(43)) - raft.server.storage.dir = [/workdir/hadoop-ozone/integration-test/target/test-dir/MiniOzoneClusterImpl-dcd5f39f-879d-4b70-a9e7-132a8617f65e/datanode-1/data/ratis] (custom)
2019-10-03 19:46:39,489 [pool-37-thread-1] INFO  server.RaftServerConfigKeys (ConfUtils.java:logGet(43)) - raft.server.log.corruption.policy = EXCEPTION (default)
2019-10-03 19:46:39,489 [pool-37-thread-1] INFO  storage.RaftStorageDirectory (RaftStorageDirectory.java:analyzeStorage(246)) - The storage directory /workdir/hadoop-ozone/integration-test/target/test-dir/MiniOzoneClusterImpl-dcd5f39f-879d-4b70-a9e7-132a8617f65e/datanode-1/data/ratis/c44ca7c1-cd9b-4373-a2fb-f3479287c77a does not exist. Creating ...
2019-10-03 19:46:39,499 [pool-67-thread-1] INFO  storage.RaftStorageDirectory (RaftStorageDirectory.java:tryLock(328)) - Lock on /workdir/hadoop-ozone/integration-test/target/test-dir/MiniOzoneClusterImpl-dcd5f39f-879d-4b70-a9e7-132a8617f65e/datanode-4/data/ratis/c44ca7c1-cd9b-4373-a2fb-f3479287c77a/in_use.lock acquired by nodename 31942@pr-hdds-2240-9gllg-3097873054
2019-10-03 19:46:39,499 [pool-27-thread-1] INFO  storage.RaftStorageDirectory (RaftStorageDirectory.java:tryLock(328)) - Lock on /workdir/hadoop-ozone/integration-test/target/test-dir/MiniOzoneClusterImpl-dcd5f39f-879d-4b70-a9e7-132a8617f65e/datanode-0/data/ratis/c44ca7c1-cd9b-4373-a2fb-f3479287c77a/in_use.lock acquired by nodename 31942@pr-hdds-2240-9gllg-3097873054
2019-10-03 19:46:39,499 [pool-37-thread-1] INFO  storage.RaftStorageDirectory (RaftStorageDirectory.java:tryLock(328)) - Lock on /workdir/hadoop-ozone/integration-test/target/test-dir/MiniOzoneClusterImpl-dcd5f39f-879d-4b70-a9e7-132a8617f65e/datanode-1/data/ratis/c44ca7c1-cd9b-4373-a2fb-f3479287c77a/in_use.lock acquired by nodename 31942@pr-hdds-2240-9gllg-3097873054
2019-10-03 19:46:39,512 [pool-67-thread-1] INFO  storage.RaftStorage (RaftStorage.java:format(84)) - Storage directory /workdir/hadoop-ozone/integration-test/target/test-dir/MiniOzoneClusterImpl-dcd5f39f-879d-4b70-a9e7-132a8617f65e/datanode-4/data/ratis/c44ca7c1-cd9b-4373-a2fb-f3479287c77a has been successfully formatted.
2019-10-03 19:46:39,512 [pool-37-thread-1] INFO  storage.RaftStorage (RaftStorage.java:format(84)) - Storage directory /workdir/hadoop-ozone/integration-test/target/test-dir/MiniOzoneClusterImpl-dcd5f39f-879d-4b70-a9e7-132a8617f65e/datanode-1/data/ratis/c44ca7c1-cd9b-4373-a2fb-f3479287c77a has been successfully formatted.
2019-10-03 19:46:39,513 [pool-27-thread-1] INFO  storage.RaftStorage (RaftStorage.java:format(84)) - Storage directory /workdir/hadoop-ozone/integration-test/target/test-dir/MiniOzoneClusterImpl-dcd5f39f-879d-4b70-a9e7-132a8617f65e/datanode-0/data/ratis/c44ca7c1-cd9b-4373-a2fb-f3479287c77a has been successfully formatted.
2019-10-03 19:46:39,513 [pool-37-thread-1] INFO  ratis.ContainerStateMachine (ContainerStateMachine.java:loadSnapshot(230)) - group-F3479287C77A: The snapshot info is null. Setting the last applied indexto:(t:0, i:~)
2019-10-03 19:46:39,513 [pool-67-thread-1] INFO  ratis.ContainerStateMachine (ContainerStateMachine.java:loadSnapshot(230)) - group-F3479287C77A: The snapshot info is null. Setting the last applied indexto:(t:0, i:~)
2019-10-03 19:46:39,513 [pool-27-thread-1] INFO  ratis.ContainerStateMachine (ContainerStateMachine.java:loadSnapshot(230)) - group-F3479287C77A: The snapshot info is null. Setting the last applied indexto:(t:0, i:~)
2019-10-03 19:46:39,513 [pool-67-thread-1] INFO  server.RaftServerConfigKeys (ConfUtils.java:logGet(43)) - raft.server.notification.no-leader.timeout = 120s (custom)
2019-10-03 19:46:39,513 [pool-37-thread-1] INFO  server.RaftServerConfigKeys (ConfUtils.java:logGet(43)) - raft.server.notification.no-leader.timeout = 120s (custom)
2019-10-03 19:46:39,514 [pool-67-thread-1] INFO  server.RaftServerConfigKeys (ConfUtils.java:logGet(43)) - raft.server.log.use.memory = false (default)
2019-10-03 19:46:39,514 [pool-27-thread-1] INFO  server.RaftServerConfigKeys (ConfUtils.java:logGet(43)) - raft.server.notification.no-leader.timeout = 120s (custom)
2019-10-03 19:46:39,514 [pool-67-thread-1] INFO  server.RaftServerConfigKeys (ConfUtils.java:logGet(43)) - raft.server.log.purge.gap = 1000000 (custom)
2019-10-03 19:46:39,514 [pool-37-thread-1] INFO  server.RaftServerConfigKeys (ConfUtils.java:logGet(43)) - raft.server.log.use.memory = false (default)
2019-10-03 19:46:39,514 [pool-67-thread-1] INFO  server.RaftServerConfigKeys (ConfUtils.java:logGet(43)) - raft.server.log.appender.buffer.byte-limit = 33554432 (custom)
2019-10-03 19:46:39,514 [pool-27-thread-1] INFO  server.RaftServerConfigKeys (ConfUtils.java:logGet(43)) - raft.server.log.use.memory = false (default)
2019-10-03 19:46:39,515 [pool-67-thread-1] INFO  server.RaftServerConfigKeys (ConfUtils.java:logGet(43)) - raft.server.log.segment.size.max = 1048576 (custom)
2019-10-03 19:46:39,515 [pool-37-thread-1] INFO  server.RaftServerConfigKeys (ConfUtils.java:logGet(43)) - raft.server.log.purge.gap = 1000000 (custom)
2019-10-03 19:46:39,515 [pool-67-thread-1] INFO  server.RaftServerConfigKeys (ConfUtils.java:logGet(43)) - raft.server.log.segment.cache.num.max = 2 (custom)
2019-10-03 19:46:39,515 [pool-27-thread-1] INFO  server.RaftServerConfigKeys (ConfUtils.java:logGet(43)) - raft.server.log.purge.gap = 1000000 (custom)
2019-10-03 19:46:39,515 [pool-67-thread-1] INFO  segmented.SegmentedRaftLogWorker (SegmentedRaftLogWorker.java:<init>(173)) - new d9d1ee00-a0d5-45f0-8be4-29bee838d1fe@group-F3479287C77A-SegmentedRaftLogWorker for RaftStorage:Storage Directory /workdir/hadoop-ozone/integration-test/target/test-dir/MiniOzoneClusterImpl-dcd5f39f-879d-4b70-a9e7-132a8617f65e/datanode-4/data/ratis/c44ca7c1-cd9b-4373-a2fb-f3479287c77a
2019-10-03 19:46:39,515 [pool-37-thread-1] INFO  server.RaftServerConfigKeys (ConfUtils.java:logGet(43)) - raft.server.log.appender.buffer.byte-limit = 33554432 (custom)
2019-10-03 19:46:39,516 [pool-67-thread-1] INFO  server.RaftServerConfigKeys (ConfUtils.java:logGet(43)) - raft.server.log.queue.byte-limit = 2147483647 (custom)
2019-10-03 19:46:39,516 [pool-27-thread-1] INFO  server.RaftServerConfigKeys (ConfUtils.java:logGet(43)) - raft.server.log.appender.buffer.byte-limit = 33554432 (custom)
2019-10-03 19:46:39,516 [pool-67-thread-1] INFO  server.RaftServerConfigKeys (ConfUtils.java:logGet(43)) - raft.server.log.queue.element-limit = 1024 (custom)
2019-10-03 19:46:39,516 [pool-37-thread-1] INFO  server.RaftServerConfigKeys (ConfUtils.java:logGet(43)) - raft.server.log.segment.size.max = 1048576 (custom)
2019-10-03 19:46:39,516 [pool-67-thread-1] INFO  server.RaftServerConfigKeys (ConfUtils.java:logGet(43)) - raft.server.log.segment.size.max = 1048576 (custom)
2019-10-03 19:46:39,516 [pool-27-thread-1] INFO  server.RaftServerConfigKeys (ConfUtils.java:logGet(43)) - raft.server.log.segment.size.max = 1048576 (custom)
2019-10-03 19:46:39,517 [pool-67-thread-1] INFO  server.RaftServerConfigKeys (ConfUtils.java:logGet(43)) - raft.server.log.preallocated.size = 16384 (custom)
2019-10-03 19:46:39,516 [pool-37-thread-1] INFO  server.RaftServerConfigKeys (ConfUtils.java:logGet(43)) - raft.server.log.segment.cache.num.max = 2 (custom)
2019-10-03 19:46:39,517 [pool-27-thread-1] INFO  server.RaftServerConfigKeys (ConfUtils.java:logGet(43)) - raft.server.log.segment.cache.num.max = 2 (custom)
2019-10-03 19:46:39,517 [pool-67-thread-1] INFO  server.RaftServerConfigKeys (ConfUtils.java:logGet(43)) - raft.server.log.write.buffer.size = 33554432 (custom)
2019-10-03 19:46:39,517 [pool-27-thread-1] INFO  segmented.SegmentedRaftLogWorker (SegmentedRaftLogWorker.java:<init>(173)) - new 9c523a97-aa95-4361-b6dc-8d1237959141@group-F3479287C77A-SegmentedRaftLogWorker for RaftStorage:Storage Directory /workdir/hadoop-ozone/integration-test/target/test-dir/MiniOzoneClusterImpl-dcd5f39f-879d-4b70-a9e7-132a8617f65e/datanode-0/data/ratis/c44ca7c1-cd9b-4373-a2fb-f3479287c77a
2019-10-03 19:46:39,517 [pool-37-thread-1] INFO  segmented.SegmentedRaftLogWorker (SegmentedRaftLogWorker.java:<init>(173)) - new 15c4f9ee-ac46-4058-9265-aa9afb39a11b@group-F3479287C77A-SegmentedRaftLogWorker for RaftStorage:Storage Directory /workdir/hadoop-ozone/integration-test/target/test-dir/MiniOzoneClusterImpl-dcd5f39f-879d-4b70-a9e7-132a8617f65e/datanode-1/data/ratis/c44ca7c1-cd9b-4373-a2fb-f3479287c77a
2019-10-03 19:46:39,517 [pool-27-thread-1] INFO  server.RaftServerConfigKeys (ConfUtils.java:logGet(43)) - raft.server.log.queue.byte-limit = 2147483647 (custom)
2019-10-03 19:46:39,517 [pool-67-thread-1] INFO  server.RaftServerConfigKeys (ConfUtils.java:logGet(43)) - raft.server.log.force.sync.num = 128 (default)
2019-10-03 19:46:39,518 [pool-27-thread-1] INFO  server.RaftServerConfigKeys (ConfUtils.java:logGet(43)) - raft.server.log.queue.element-limit = 1024 (custom)
2019-10-03 19:46:39,518 [pool-37-thread-1] INFO  server.RaftServerConfigKeys (ConfUtils.java:logGet(43)) - raft.server.log.queue.byte-limit = 2147483647 (custom)
2019-10-03 19:46:39,518 [pool-27-thread-1] INFO  server.RaftServerConfigKeys (ConfUtils.java:logGet(43)) - raft.server.log.segment.size.max = 1048576 (custom)
2019-10-03 19:46:39,518 [pool-67-thread-1] INFO  server.RaftServerConfigKeys (ConfUtils.java:logGet(43)) - raft.server.log.statemachine.data.sync = true (default)
2019-10-03 19:46:39,518 [pool-27-thread-1] INFO  server.RaftServerConfigKeys (ConfUtils.java:logGet(43)) - raft.server.log.preallocated.size = 16384 (custom)
2019-10-03 19:46:39,518 [pool-37-thread-1] INFO  server.RaftServerConfigKeys (ConfUtils.java:logGet(43)) - raft.server.log.queue.element-limit = 1024 (custom)
2019-10-03 19:46:39,519 [pool-27-thread-1] INFO  server.RaftServerConfigKeys (ConfUtils.java:logGet(43)) - raft.server.log.write.buffer.size = 33554432 (custom)
2019-10-03 19:46:39,519 [pool-67-thread-1] INFO  server.RaftServerConfigKeys (ConfUtils.java:logGet(43)) - raft.server.log.statemachine.data.sync.timeout = 10s (default)
2019-10-03 19:46:39,519 [pool-27-thread-1] INFO  server.RaftServerConfigKeys (ConfUtils.java:logGet(43)) - raft.server.log.force.sync.num = 128 (default)
2019-10-03 19:46:39,519 [pool-37-thread-1] INFO  server.RaftServerConfigKeys (ConfUtils.java:logGet(43)) - raft.server.log.segment.size.max = 1048576 (custom)
2019-10-03 19:46:39,519 [pool-27-thread-1] INFO  server.RaftServerConfigKeys (ConfUtils.java:logGet(43)) - raft.server.log.statemachine.data.sync = true (default)
2019-10-03 19:46:39,519 [pool-67-thread-1] INFO  server.RaftServerConfigKeys (ConfUtils.java:logGet(43)) - raft.server.log.statemachine.data.sync.timeout.retry = -1 (default)
2019-10-03 19:46:39,520 [pool-27-thread-1] INFO  server.RaftServerConfigKeys (ConfUtils.java:logGet(43)) - raft.server.log.statemachine.data.sync.timeout = 10s (default)
2019-10-03 19:46:39,520 [pool-37-thread-1] INFO  server.RaftServerConfigKeys (ConfUtils.java:logGet(43)) - raft.server.log.preallocated.size = 16384 (custom)
2019-10-03 19:46:39,520 [pool-27-thread-1] INFO  server.RaftServerConfigKeys (ConfUtils.java:logGet(43)) - raft.server.log.statemachine.data.sync.timeout.retry = -1 (default)
2019-10-03 19:46:39,520 [pool-67-thread-1] INFO  server.RaftServerConfigKeys (ConfUtils.java:logGet(43)) - raft.server.log.statemachine.data.caching.enabled = true (custom)
2019-10-03 19:46:39,520 [pool-37-thread-1] INFO  server.RaftServerConfigKeys (ConfUtils.java:logGet(43)) - raft.server.log.write.buffer.size = 33554432 (custom)
2019-10-03 19:46:39,521 [pool-27-thread-1] INFO  server.RaftServerConfigKeys (ConfUtils.java:logGet(43)) - raft.server.log.statemachine.data.caching.enabled = true (custom)
2019-10-03 19:46:39,521 [pool-37-thread-1] INFO  server.RaftServerConfigKeys (ConfUtils.java:logGet(43)) - raft.server.log.force.sync.num = 128 (default)
2019-10-03 19:46:39,521 [pool-67-thread-1] INFO  segmented.SegmentedRaftLogWorker (SegmentedRaftLogWorker.java:lambda$new$0(128)) - d9d1ee00-a0d5-45f0-8be4-29bee838d1fe@group-F3479287C77A-SegmentedRaftLogWorker: flushIndex: setUnconditionally 0 -> -1
2019-10-03 19:46:39,521 [pool-27-thread-1] INFO  segmented.SegmentedRaftLogWorker (SegmentedRaftLogWorker.java:lambda$new$0(128)) - 9c523a97-aa95-4361-b6dc-8d1237959141@group-F3479287C77A-SegmentedRaftLogWorker: flushIndex: setUnconditionally 0 -> -1
2019-10-03 19:46:39,521 [pool-37-thread-1] INFO  server.RaftServerConfigKeys (ConfUtils.java:logGet(43)) - raft.server.log.statemachine.data.sync = true (default)
2019-10-03 19:46:39,521 [pool-67-thread-1] INFO  server.RaftServerConfigKeys (ConfUtils.java:logGet(43)) - raft.server.snapshot.auto.trigger.enabled = true (custom)
2019-10-03 19:46:39,522 [pool-37-thread-1] INFO  server.RaftServerConfigKeys (ConfUtils.java:logGet(43)) - raft.server.log.statemachine.data.sync.timeout = 10s (default)
2019-10-03 19:46:39,522 [pool-27-thread-1] INFO  server.RaftServerConfigKeys (ConfUtils.java:logGet(43)) - raft.server.snapshot.auto.trigger.enabled = true (custom)
2019-10-03 19:46:39,522 [pool-37-thread-1] INFO  server.RaftServerConfigKeys (ConfUtils.java:logGet(43)) - raft.server.log.statemachine.data.sync.timeout.retry = -1 (default)
2019-10-03 19:46:39,522 [pool-67-thread-1] INFO  server.RaftServerConfigKeys (ConfUtils.java:logGet(43)) - raft.server.snapshot.auto.trigger.threshold = 10000 (custom)
2019-10-03 19:46:39,522 [pool-37-thread-1] INFO  server.RaftServerConfigKeys (ConfUtils.java:logGet(43)) - raft.server.log.statemachine.data.caching.enabled = true (custom)
2019-10-03 19:46:39,522 [pool-27-thread-1] INFO  server.RaftServerConfigKeys (ConfUtils.java:logGet(43)) - raft.server.snapshot.auto.trigger.threshold = 10000 (custom)
2019-10-03 19:46:39,522 [pool-67-thread-1] INFO  server.RaftServerConfigKeys (ConfUtils.java:logGet(43)) - raft.server.snapshot.retention.file.num = 5 (custom)
2019-10-03 19:46:39,523 [pool-37-thread-1] INFO  segmented.SegmentedRaftLogWorker (SegmentedRaftLogWorker.java:lambda$new$0(128)) - 15c4f9ee-ac46-4058-9265-aa9afb39a11b@group-F3479287C77A-SegmentedRaftLogWorker: flushIndex: setUnconditionally 0 -> -1
2019-10-03 19:46:39,523 [pool-27-thread-1] INFO  server.RaftServerConfigKeys (ConfUtils.java:logGet(43)) - raft.server.snapshot.retention.file.num = 5 (custom)
2019-10-03 19:46:39,523 [pool-37-thread-1] INFO  server.RaftServerConfigKeys (ConfUtils.java:logGet(43)) - raft.server.snapshot.auto.trigger.enabled = true (custom)
2019-10-03 19:46:39,523 [pool-67-thread-1] INFO  server.RaftServerConfigKeys (ConfUtils.java:logGet(43)) - raft.server.retrycache.expirytime = 600000ms (custom)
2019-10-03 19:46:39,523 [pool-37-thread-1] INFO  server.RaftServerConfigKeys (ConfUtils.java:logGet(43)) - raft.server.snapshot.auto.trigger.threshold = 10000 (custom)
2019-10-03 19:46:39,523 [pool-27-thread-1] INFO  server.RaftServerConfigKeys (ConfUtils.java:logGet(43)) - raft.server.retrycache.expirytime = 600000ms (custom)
2019-10-03 19:46:39,523 [pool-37-thread-1] INFO  server.RaftServerConfigKeys (ConfUtils.java:logGet(43)) - raft.server.snapshot.retention.file.num = 5 (custom)
2019-10-03 19:46:39,524 [pool-37-thread-1] INFO  server.RaftServerConfigKeys (ConfUtils.java:logGet(43)) - raft.server.retrycache.expirytime = 600000ms (custom)
2019-10-03 19:46:39,529 [pool-67-thread-1] INFO  impl.RaftServerImpl (RaftServerImpl.java:start(181)) - d9d1ee00-a0d5-45f0-8be4-29bee838d1fe@group-F3479287C77A: start as a follower, conf=-1: [9c523a97-aa95-4361-b6dc-8d1237959141:192.168.164.206:43984, d9d1ee00-a0d5-45f0-8be4-29bee838d1fe:192.168.164.206:34917, 15c4f9ee-ac46-4058-9265-aa9afb39a11b:192.168.164.206:45529], old=null
2019-10-03 19:46:39,529 [pool-67-thread-1] INFO  impl.RaftServerImpl (RaftServerImpl.java:setRole(170)) - d9d1ee00-a0d5-45f0-8be4-29bee838d1fe@group-F3479287C77A: changes role from      null to FOLLOWER at term 0 for startAsFollower
2019-10-03 19:46:39,530 [pool-67-thread-1] INFO  impl.RoleInfo (RoleInfo.java:updateAndGet(143)) - d9d1ee00-a0d5-45f0-8be4-29bee838d1fe: start FollowerState
2019-10-03 19:46:39,530 [pool-67-thread-1] INFO  util.JmxRegister (JmxRegister.java:tryRegister(44)) - Successfully registered JMX Bean with object name Ratis:service=RaftServer,group=group-F3479287C77A,id=d9d1ee00-a0d5-45f0-8be4-29bee838d1fe
2019-10-03 19:46:39,530 [pool-27-thread-1] INFO  impl.RaftServerImpl (RaftServerImpl.java:start(181)) - 9c523a97-aa95-4361-b6dc-8d1237959141@group-F3479287C77A: start as a follower, conf=-1: [9c523a97-aa95-4361-b6dc-8d1237959141:192.168.164.206:43984, d9d1ee00-a0d5-45f0-8be4-29bee838d1fe:192.168.164.206:34917, 15c4f9ee-ac46-4058-9265-aa9afb39a11b:192.168.164.206:45529], old=null
2019-10-03 19:46:39,530 [pool-27-thread-1] INFO  impl.RaftServerImpl (RaftServerImpl.java:setRole(170)) - 9c523a97-aa95-4361-b6dc-8d1237959141@group-F3479287C77A: changes role from      null to FOLLOWER at term 0 for startAsFollower
2019-10-03 19:46:39,531 [pool-37-thread-1] INFO  impl.RaftServerImpl (RaftServerImpl.java:start(181)) - 15c4f9ee-ac46-4058-9265-aa9afb39a11b@group-F3479287C77A: start as a follower, conf=-1: [9c523a97-aa95-4361-b6dc-8d1237959141:192.168.164.206:43984, d9d1ee00-a0d5-45f0-8be4-29bee838d1fe:192.168.164.206:34917, 15c4f9ee-ac46-4058-9265-aa9afb39a11b:192.168.164.206:45529], old=null
2019-10-03 19:46:39,531 [pool-27-thread-1] INFO  impl.RoleInfo (RoleInfo.java:updateAndGet(143)) - 9c523a97-aa95-4361-b6dc-8d1237959141: start FollowerState
2019-10-03 19:46:39,531 [pool-37-thread-1] INFO  impl.RaftServerImpl (RaftServerImpl.java:setRole(170)) - 15c4f9ee-ac46-4058-9265-aa9afb39a11b@group-F3479287C77A: changes role from      null to FOLLOWER at term 0 for startAsFollower
2019-10-03 19:46:39,531 [pool-37-thread-1] INFO  impl.RoleInfo (RoleInfo.java:updateAndGet(143)) - 15c4f9ee-ac46-4058-9265-aa9afb39a11b: start FollowerState
2019-10-03 19:46:39,531 [pool-27-thread-1] INFO  util.JmxRegister (JmxRegister.java:tryRegister(44)) - Successfully registered JMX Bean with object name Ratis:service=RaftServer,group=group-F3479287C77A,id=9c523a97-aa95-4361-b6dc-8d1237959141
2019-10-03 19:46:39,531 [pool-37-thread-1] INFO  util.JmxRegister (JmxRegister.java:tryRegister(44)) - Successfully registered JMX Bean with object name Ratis:service=RaftServer,group=group-F3479287C77A,id=15c4f9ee-ac46-4058-9265-aa9afb39a11b
2019-10-03 19:46:39,558 [RatisPipelineUtilsThread] INFO  pipeline.PipelineStateManager (PipelineStateManager.java:addPipeline(56)) - Created pipeline Pipeline[ Id: c44ca7c1-cd9b-4373-a2fb-f3479287c77a, Nodes: d9d1ee00-a0d5-45f0-8be4-29bee838d1fe{ip: 192.168.164.206, host: pr-hdds-2240-9gllg-3097873054, networkLocation: /default-rack, certSerialId: null}15c4f9ee-ac46-4058-9265-aa9afb39a11b{ip: 192.168.164.206, host: pr-hdds-2240-9gllg-3097873054, networkLocation: /default-rack, certSerialId: null}9c523a97-aa95-4361-b6dc-8d1237959141{ip: 192.168.164.206, host: pr-hdds-2240-9gllg-3097873054, networkLocation: /default-rack, certSerialId: null}, Type:RATIS, Factor:THREE, State:OPEN]
2019-10-03 19:46:39,997 [main] INFO  rpc.RpcClient (RpcClient.java:createVolume(277)) - Creating Volume: watchforcommithandlingtest, with jenkins1000 as owner.
2019-10-03 19:46:40,486 [IPC Server handler 1 on 41792] INFO  volume.OMVolumeCreateRequest (OMVolumeCreateRequest.java:validateAndUpdateCache(193)) - created volume:watchforcommithandlingtest for user:jenkins1000
2019-10-03 19:46:40,512 [main] INFO  rpc.RpcClient (RpcClient.java:createBucket(416)) - Creating Bucket: watchforcommithandlingtest/watchforcommithandlingtest, with Versioning false and Storage Type set to DISK and Encryption set to false 
2019-10-03 19:46:40,534 [main] INFO  ozone.MiniOzoneClusterImpl (MiniOzoneClusterImpl.java:getStorageContainerLocationClient(234)) - Creating StorageContainerLocationProtocol RPC client with address /0.0.0.0:37999
2019-10-03 19:46:40,561 [main] INFO  impl.MetricsSystemImpl (MetricsSystemImpl.java:init(158)) - XceiverClientMetrics metrics system started (again)
2019-10-03 19:46:41,033 [Thread-238] INFO  container.ReplicationManager (ReplicationManager.java:start(162)) - Starting Replication Monitor Thread.
2019-10-03 19:46:41,038 [ReplicationMonitor] INFO  container.ReplicationManager (ReplicationManager.java:run(225)) - Replication Monitor Thread took 4 milliseconds for processing 1 containers.
2019-10-03 19:46:43,763 [Thread-240] INFO  impl.FollowerState (FollowerState.java:run(108)) - 9c523a97-aa95-4361-b6dc-8d1237959141@group-71DD4AC7C4AC-FollowerState: change to CANDIDATE, lastRpcTime:5107ms, electionTimeout:5106ms
2019-10-03 19:46:43,768 [Thread-240] INFO  impl.RoleInfo (RoleInfo.java:shutdownFollowerState(121)) - 9c523a97-aa95-4361-b6dc-8d1237959141: shutdown FollowerState
2019-10-03 19:46:43,768 [Thread-240] INFO  impl.RaftServerImpl (RaftServerImpl.java:setRole(170)) - 9c523a97-aa95-4361-b6dc-8d1237959141@group-71DD4AC7C4AC: changes role from  FOLLOWER to CANDIDATE at term 0 for changeToCandidate
2019-10-03 19:46:43,776 [Thread-240] INFO  impl.RoleInfo (RoleInfo.java:updateAndGet(143)) - 9c523a97-aa95-4361-b6dc-8d1237959141: start LeaderElection
2019-10-03 19:46:43,800 [9c523a97-aa95-4361-b6dc-8d1237959141@group-71DD4AC7C4AC-LeaderElection1] INFO  impl.LeaderElection (LeaderElection.java:askForVotes(178)) - 9c523a97-aa95-4361-b6dc-8d1237959141@group-71DD4AC7C4AC-LeaderElection1: begin an election at term 1 for -1: [9c523a97-aa95-4361-b6dc-8d1237959141:192.168.164.206:43984], old=null
2019-10-03 19:46:43,803 [9c523a97-aa95-4361-b6dc-8d1237959141@group-71DD4AC7C4AC-LeaderElection1] INFO  impl.RoleInfo (RoleInfo.java:shutdownLeaderElection(134)) - 9c523a97-aa95-4361-b6dc-8d1237959141: shutdown LeaderElection
2019-10-03 19:46:43,803 [9c523a97-aa95-4361-b6dc-8d1237959141@group-71DD4AC7C4AC-LeaderElection1] INFO  impl.RaftServerImpl (RaftServerImpl.java:setRole(170)) - 9c523a97-aa95-4361-b6dc-8d1237959141@group-71DD4AC7C4AC: changes role from CANDIDATE to LEADER at term 1 for changeToLeader
2019-10-03 19:46:43,804 [9c523a97-aa95-4361-b6dc-8d1237959141@group-71DD4AC7C4AC-LeaderElection1] INFO  impl.RaftServerImpl (ServerState.java:setLeader(255)) - 9c523a97-aa95-4361-b6dc-8d1237959141@group-71DD4AC7C4AC: change Leader from null to 9c523a97-aa95-4361-b6dc-8d1237959141 at term 1 for becomeLeader, leader elected after 5257ms
2019-10-03 19:46:43,813 [9c523a97-aa95-4361-b6dc-8d1237959141@group-71DD4AC7C4AC-LeaderElection1] INFO  server.RaftServerConfigKeys (ConfUtils.java:logGet(43)) - raft.server.staging.catchup.gap = 1000 (default)
2019-10-03 19:46:43,813 [9c523a97-aa95-4361-b6dc-8d1237959141@group-71DD4AC7C4AC-LeaderElection1] INFO  server.RaftServerConfigKeys (ConfUtils.java:logGet(43)) - raft.server.rpc.sleep.time = 25ms (default)
2019-10-03 19:46:43,818 [9c523a97-aa95-4361-b6dc-8d1237959141@group-71DD4AC7C4AC-LeaderElection1] INFO  server.RaftServerConfigKeys (ConfUtils.java:logGet(43)) - raft.server.write.element-limit = 4096 (default)
2019-10-03 19:46:43,821 [9c523a97-aa95-4361-b6dc-8d1237959141@group-71DD4AC7C4AC-LeaderElection1] INFO  server.RaftServerConfigKeys (ConfUtils.java:logGet(43)) - raft.server.watch.timeout = 10s (default)
2019-10-03 19:46:43,821 [9c523a97-aa95-4361-b6dc-8d1237959141@group-71DD4AC7C4AC-LeaderElection1] INFO  server.RaftServerConfigKeys (ConfUtils.java:logGet(43)) - raft.server.watch.timeout.denomination = 1s (default)
2019-10-03 19:46:43,822 [9c523a97-aa95-4361-b6dc-8d1237959141@group-71DD4AC7C4AC-LeaderElection1] INFO  server.RaftServerConfigKeys (ConfUtils.java:logGet(43)) - raft.server.watch.element-limit = 65536 (default)
2019-10-03 19:46:43,834 [9c523a97-aa95-4361-b6dc-8d1237959141@group-71DD4AC7C4AC-LeaderElection1] INFO  impl.RoleInfo (RoleInfo.java:updateAndGet(143)) - 9c523a97-aa95-4361-b6dc-8d1237959141: start LeaderState
2019-10-03 19:46:43,865 [9c523a97-aa95-4361-b6dc-8d1237959141@group-71DD4AC7C4AC-LeaderElection1] INFO  segmented.SegmentedRaftLogWorker (SegmentedRaftLogWorker.java:startLogSegment(385)) - 9c523a97-aa95-4361-b6dc-8d1237959141@group-71DD4AC7C4AC-SegmentedRaftLogWorker: Starting segment from index:0
2019-10-03 19:46:43,875 [9c523a97-aa95-4361-b6dc-8d1237959141@group-71DD4AC7C4AC-LeaderElection1] INFO  impl.RaftServerImpl (ServerState.java:setRaftConf(356)) - 9c523a97-aa95-4361-b6dc-8d1237959141@group-71DD4AC7C4AC: set configuration 0: [9c523a97-aa95-4361-b6dc-8d1237959141:192.168.164.206:43984], old=null at 0
2019-10-03 19:46:43,979 [Thread-243] INFO  impl.FollowerState (FollowerState.java:run(108)) - aca30371-01bf-4ae9-9279-957ab152ade5@group-BDE74385F285-FollowerState: change to CANDIDATE, lastRpcTime:5090ms, electionTimeout:5089ms
2019-10-03 19:46:43,982 [Thread-243] INFO  impl.RoleInfo (RoleInfo.java:shutdownFollowerState(121)) - aca30371-01bf-4ae9-9279-957ab152ade5: shutdown FollowerState
2019-10-03 19:46:43,982 [Thread-243] INFO  impl.RaftServerImpl (RaftServerImpl.java:setRole(170)) - aca30371-01bf-4ae9-9279-957ab152ade5@group-BDE74385F285: changes role from  FOLLOWER to CANDIDATE at term 0 for changeToCandidate
2019-10-03 19:46:43,982 [Thread-243] INFO  impl.RoleInfo (RoleInfo.java:updateAndGet(143)) - aca30371-01bf-4ae9-9279-957ab152ade5: start LeaderElection
2019-10-03 19:46:43,999 [aca30371-01bf-4ae9-9279-957ab152ade5@group-BDE74385F285-LeaderElection2] INFO  impl.LeaderElection (LeaderElection.java:askForVotes(178)) - aca30371-01bf-4ae9-9279-957ab152ade5@group-BDE74385F285-LeaderElection2: begin an election at term 1 for -1: [aca30371-01bf-4ae9-9279-957ab152ade5:192.168.164.206:44092], old=null
2019-10-03 19:46:43,999 [aca30371-01bf-4ae9-9279-957ab152ade5@group-BDE74385F285-LeaderElection2] INFO  impl.RoleInfo (RoleInfo.java:shutdownLeaderElection(134)) - aca30371-01bf-4ae9-9279-957ab152ade5: shutdown LeaderElection
2019-10-03 19:46:43,999 [aca30371-01bf-4ae9-9279-957ab152ade5@group-BDE74385F285-LeaderElection2] INFO  impl.RaftServerImpl (RaftServerImpl.java:setRole(170)) - aca30371-01bf-4ae9-9279-957ab152ade5@group-BDE74385F285: changes role from CANDIDATE to LEADER at term 1 for changeToLeader
2019-10-03 19:46:44,000 [aca30371-01bf-4ae9-9279-957ab152ade5@group-BDE74385F285-LeaderElection2] INFO  impl.RaftServerImpl (ServerState.java:setLeader(255)) - aca30371-01bf-4ae9-9279-957ab152ade5@group-BDE74385F285: change Leader from null to aca30371-01bf-4ae9-9279-957ab152ade5 at term 1 for becomeLeader, leader elected after 5126ms
2019-10-03 19:46:44,001 [aca30371-01bf-4ae9-9279-957ab152ade5@group-BDE74385F285-LeaderElection2] INFO  server.RaftServerConfigKeys (ConfUtils.java:logGet(43)) - raft.server.staging.catchup.gap = 1000 (default)
2019-10-03 19:46:44,001 [aca30371-01bf-4ae9-9279-957ab152ade5@group-BDE74385F285-LeaderElection2] INFO  server.RaftServerConfigKeys (ConfUtils.java:logGet(43)) - raft.server.rpc.sleep.time = 25ms (default)
2019-10-03 19:46:44,001 [aca30371-01bf-4ae9-9279-957ab152ade5@group-BDE74385F285-LeaderElection2] INFO  server.RaftServerConfigKeys (ConfUtils.java:logGet(43)) - raft.server.write.element-limit = 4096 (default)
2019-10-03 19:46:44,001 [aca30371-01bf-4ae9-9279-957ab152ade5@group-BDE74385F285-LeaderElection2] INFO  server.RaftServerConfigKeys (ConfUtils.java:logGet(43)) - raft.server.watch.timeout = 10s (default)
2019-10-03 19:46:44,002 [aca30371-01bf-4ae9-9279-957ab152ade5@group-BDE74385F285-LeaderElection2] INFO  server.RaftServerConfigKeys (ConfUtils.java:logGet(43)) - raft.server.watch.timeout.denomination = 1s (default)
2019-10-03 19:46:44,002 [aca30371-01bf-4ae9-9279-957ab152ade5@group-BDE74385F285-LeaderElection2] INFO  server.RaftServerConfigKeys (ConfUtils.java:logGet(43)) - raft.server.watch.element-limit = 65536 (default)
2019-10-03 19:46:44,005 [aca30371-01bf-4ae9-9279-957ab152ade5@group-BDE74385F285-LeaderElection2] INFO  impl.RoleInfo (RoleInfo.java:updateAndGet(143)) - aca30371-01bf-4ae9-9279-957ab152ade5: start LeaderState
2019-10-03 19:46:44,005 [aca30371-01bf-4ae9-9279-957ab152ade5@group-BDE74385F285-LeaderElection2] INFO  segmented.SegmentedRaftLogWorker (SegmentedRaftLogWorker.java:startLogSegment(385)) - aca30371-01bf-4ae9-9279-957ab152ade5@group-BDE74385F285-SegmentedRaftLogWorker: Starting segment from index:0
2019-10-03 19:46:44,006 [aca30371-01bf-4ae9-9279-957ab152ade5@group-BDE74385F285-LeaderElection2] INFO  impl.RaftServerImpl (ServerState.java:setRaftConf(356)) - aca30371-01bf-4ae9-9279-957ab152ade5@group-BDE74385F285: set configuration 0: [aca30371-01bf-4ae9-9279-957ab152ade5:192.168.164.206:44092], old=null at 0
2019-10-03 19:46:44,098 [aca30371-01bf-4ae9-9279-957ab152ade5@group-BDE74385F285-SegmentedRaftLogWorker] INFO  segmented.SegmentedRaftLogWorker (SegmentedRaftLogWorker.java:execute(574)) - aca30371-01bf-4ae9-9279-957ab152ade5@group-BDE74385F285-SegmentedRaftLogWorker: created new log segment /workdir/hadoop-ozone/integration-test/target/test-dir/MiniOzoneClusterImpl-dcd5f39f-879d-4b70-a9e7-132a8617f65e/datanode-3/data/ratis/41c6290d-19c0-48f5-ab76-bde74385f285/current/log_inprogress_0
2019-10-03 19:46:44,098 [9c523a97-aa95-4361-b6dc-8d1237959141@group-71DD4AC7C4AC-SegmentedRaftLogWorker] INFO  segmented.SegmentedRaftLogWorker (SegmentedRaftLogWorker.java:execute(574)) - 9c523a97-aa95-4361-b6dc-8d1237959141@group-71DD4AC7C4AC-SegmentedRaftLogWorker: created new log segment /workdir/hadoop-ozone/integration-test/target/test-dir/MiniOzoneClusterImpl-dcd5f39f-879d-4b70-a9e7-132a8617f65e/datanode-0/data/ratis/197da5c7-eb10-4b51-a55e-71dd4ac7c4ac/current/log_inprogress_0
2019-10-03 19:46:44,142 [Thread-246] INFO  impl.FollowerState (FollowerState.java:run(108)) - 1c8ebbc6-c1e6-4495-a65c-885feb4be1c7@group-A7BCF6CBBA88-FollowerState: change to CANDIDATE, lastRpcTime:5099ms, electionTimeout:5099ms
2019-10-03 19:46:44,142 [Thread-246] INFO  impl.RoleInfo (RoleInfo.java:shutdownFollowerState(121)) - 1c8ebbc6-c1e6-4495-a65c-885feb4be1c7: shutdown FollowerState
2019-10-03 19:46:44,142 [Thread-246] INFO  impl.RaftServerImpl (RaftServerImpl.java:setRole(170)) - 1c8ebbc6-c1e6-4495-a65c-885feb4be1c7@group-A7BCF6CBBA88: changes role from  FOLLOWER to CANDIDATE at term 0 for changeToCandidate
2019-10-03 19:46:44,142 [Thread-246] INFO  impl.RoleInfo (RoleInfo.java:updateAndGet(143)) - 1c8ebbc6-c1e6-4495-a65c-885feb4be1c7: start LeaderElection
2019-10-03 19:46:44,160 [1c8ebbc6-c1e6-4495-a65c-885feb4be1c7@group-A7BCF6CBBA88-LeaderElection3] INFO  impl.LeaderElection (LeaderElection.java:askForVotes(178)) - 1c8ebbc6-c1e6-4495-a65c-885feb4be1c7@group-A7BCF6CBBA88-LeaderElection3: begin an election at term 1 for -1: [1c8ebbc6-c1e6-4495-a65c-885feb4be1c7:192.168.164.206:46856], old=null
2019-10-03 19:46:44,166 [1c8ebbc6-c1e6-4495-a65c-885feb4be1c7@group-A7BCF6CBBA88-LeaderElection3] INFO  impl.RoleInfo (RoleInfo.java:shutdownLeaderElection(134)) - 1c8ebbc6-c1e6-4495-a65c-885feb4be1c7: shutdown LeaderElection
2019-10-03 19:46:44,167 [1c8ebbc6-c1e6-4495-a65c-885feb4be1c7@group-A7BCF6CBBA88-LeaderElection3] INFO  impl.RaftServerImpl (RaftServerImpl.java:setRole(170)) - 1c8ebbc6-c1e6-4495-a65c-885feb4be1c7@group-A7BCF6CBBA88: changes role from CANDIDATE to LEADER at term 1 for changeToLeader
2019-10-03 19:46:44,167 [1c8ebbc6-c1e6-4495-a65c-885feb4be1c7@group-A7BCF6CBBA88-LeaderElection3] INFO  impl.RaftServerImpl (ServerState.java:setLeader(255)) - 1c8ebbc6-c1e6-4495-a65c-885feb4be1c7@group-A7BCF6CBBA88: change Leader from null to 1c8ebbc6-c1e6-4495-a65c-885feb4be1c7 at term 1 for becomeLeader, leader elected after 5182ms
2019-10-03 19:46:44,169 [1c8ebbc6-c1e6-4495-a65c-885feb4be1c7@group-A7BCF6CBBA88-LeaderElection3] INFO  server.RaftServerConfigKeys (ConfUtils.java:logGet(43)) - raft.server.staging.catchup.gap = 1000 (default)
2019-10-03 19:46:44,169 [1c8ebbc6-c1e6-4495-a65c-885feb4be1c7@group-A7BCF6CBBA88-LeaderElection3] INFO  server.RaftServerConfigKeys (ConfUtils.java:logGet(43)) - raft.server.rpc.sleep.time = 25ms (default)
2019-10-03 19:46:44,169 [1c8ebbc6-c1e6-4495-a65c-885feb4be1c7@group-A7BCF6CBBA88-LeaderElection3] INFO  server.RaftServerConfigKeys (ConfUtils.java:logGet(43)) - raft.server.write.element-limit = 4096 (default)
2019-10-03 19:46:44,170 [1c8ebbc6-c1e6-4495-a65c-885feb4be1c7@group-A7BCF6CBBA88-LeaderElection3] INFO  server.RaftServerConfigKeys (ConfUtils.java:logGet(43)) - raft.server.watch.timeout = 10s (default)
2019-10-03 19:46:44,170 [1c8ebbc6-c1e6-4495-a65c-885feb4be1c7@group-A7BCF6CBBA88-LeaderElection3] INFO  server.RaftServerConfigKeys (ConfUtils.java:logGet(43)) - raft.server.watch.timeout.denomination = 1s (default)
2019-10-03 19:46:44,170 [1c8ebbc6-c1e6-4495-a65c-885feb4be1c7@group-A7BCF6CBBA88-LeaderElection3] INFO  server.RaftServerConfigKeys (ConfUtils.java:logGet(43)) - raft.server.watch.element-limit = 65536 (default)
2019-10-03 19:46:44,173 [1c8ebbc6-c1e6-4495-a65c-885feb4be1c7@group-A7BCF6CBBA88-LeaderElection3] INFO  impl.RoleInfo (RoleInfo.java:updateAndGet(143)) - 1c8ebbc6-c1e6-4495-a65c-885feb4be1c7: start LeaderState
2019-10-03 19:46:44,173 [1c8ebbc6-c1e6-4495-a65c-885feb4be1c7@group-A7BCF6CBBA88-LeaderElection3] INFO  segmented.SegmentedRaftLogWorker (SegmentedRaftLogWorker.java:startLogSegment(385)) - 1c8ebbc6-c1e6-4495-a65c-885feb4be1c7@group-A7BCF6CBBA88-SegmentedRaftLogWorker: Starting segment from index:0
2019-10-03 19:46:44,176 [1c8ebbc6-c1e6-4495-a65c-885feb4be1c7@group-A7BCF6CBBA88-LeaderElection3] INFO  impl.RaftServerImpl (ServerState.java:setRaftConf(356)) - 1c8ebbc6-c1e6-4495-a65c-885feb4be1c7@group-A7BCF6CBBA88: set configuration 0: [1c8ebbc6-c1e6-4495-a65c-885feb4be1c7:192.168.164.206:46856], old=null at 0
2019-10-03 19:46:44,232 [Thread-249] INFO  impl.FollowerState (FollowerState.java:run(108)) - fe043bca-9712-4c56-92e1-fea8b14d6e88@group-0392420C348A-FollowerState: change to CANDIDATE, lastRpcTime:5111ms, electionTimeout:5111ms
2019-10-03 19:46:44,232 [Thread-249] INFO  impl.RoleInfo (RoleInfo.java:shutdownFollowerState(121)) - fe043bca-9712-4c56-92e1-fea8b14d6e88: shutdown FollowerState
2019-10-03 19:46:44,233 [Thread-249] INFO  impl.RaftServerImpl (RaftServerImpl.java:setRole(170)) - fe043bca-9712-4c56-92e1-fea8b14d6e88@group-0392420C348A: changes role from  FOLLOWER to CANDIDATE at term 0 for changeToCandidate
2019-10-03 19:46:44,233 [Thread-249] INFO  impl.RoleInfo (RoleInfo.java:updateAndGet(143)) - fe043bca-9712-4c56-92e1-fea8b14d6e88: start LeaderElection
2019-10-03 19:46:44,287 [1c8ebbc6-c1e6-4495-a65c-885feb4be1c7@group-A7BCF6CBBA88-SegmentedRaftLogWorker] INFO  segmented.SegmentedRaftLogWorker (SegmentedRaftLogWorker.java:execute(574)) - 1c8ebbc6-c1e6-4495-a65c-885feb4be1c7@group-A7BCF6CBBA88-SegmentedRaftLogWorker: created new log segment /workdir/hadoop-ozone/integration-test/target/test-dir/MiniOzoneClusterImpl-dcd5f39f-879d-4b70-a9e7-132a8617f65e/datanode-2/data/ratis/adea8b80-55f9-4495-92e2-a7bcf6cbba88/current/log_inprogress_0
2019-10-03 19:46:44,287 [fe043bca-9712-4c56-92e1-fea8b14d6e88@group-0392420C348A-LeaderElection4] INFO  impl.LeaderElection (LeaderElection.java:askForVotes(178)) - fe043bca-9712-4c56-92e1-fea8b14d6e88@group-0392420C348A-LeaderElection4: begin an election at term 1 for -1: [fe043bca-9712-4c56-92e1-fea8b14d6e88:192.168.164.206:33638], old=null
2019-10-03 19:46:44,288 [fe043bca-9712-4c56-92e1-fea8b14d6e88@group-0392420C348A-LeaderElection4] INFO  impl.RoleInfo (RoleInfo.java:shutdownLeaderElection(134)) - fe043bca-9712-4c56-92e1-fea8b14d6e88: shutdown LeaderElection
2019-10-03 19:46:44,288 [fe043bca-9712-4c56-92e1-fea8b14d6e88@group-0392420C348A-LeaderElection4] INFO  impl.RaftServerImpl (RaftServerImpl.java:setRole(170)) - fe043bca-9712-4c56-92e1-fea8b14d6e88@group-0392420C348A: changes role from CANDIDATE to LEADER at term 1 for changeToLeader
2019-10-03 19:46:44,288 [fe043bca-9712-4c56-92e1-fea8b14d6e88@group-0392420C348A-LeaderElection4] INFO  impl.RaftServerImpl (ServerState.java:setLeader(255)) - fe043bca-9712-4c56-92e1-fea8b14d6e88@group-0392420C348A: change Leader from null to fe043bca-9712-4c56-92e1-fea8b14d6e88 at term 1 for becomeLeader, leader elected after 5181ms
2019-10-03 19:46:44,290 [fe043bca-9712-4c56-92e1-fea8b14d6e88@group-0392420C348A-LeaderElection4] INFO  server.RaftServerConfigKeys (ConfUtils.java:logGet(43)) - raft.server.staging.catchup.gap = 1000 (default)
2019-10-03 19:46:44,290 [fe043bca-9712-4c56-92e1-fea8b14d6e88@group-0392420C348A-LeaderElection4] INFO  server.RaftServerConfigKeys (ConfUtils.java:logGet(43)) - raft.server.rpc.sleep.time = 25ms (default)
2019-10-03 19:46:44,291 [fe043bca-9712-4c56-92e1-fea8b14d6e88@group-0392420C348A-LeaderElection4] INFO  server.RaftServerConfigKeys (ConfUtils.java:logGet(43)) - raft.server.write.element-limit = 4096 (default)
2019-10-03 19:46:44,291 [fe043bca-9712-4c56-92e1-fea8b14d6e88@group-0392420C348A-LeaderElection4] INFO  server.RaftServerConfigKeys (ConfUtils.java:logGet(43)) - raft.server.watch.timeout = 10s (default)
2019-10-03 19:46:44,291 [fe043bca-9712-4c56-92e1-fea8b14d6e88@group-0392420C348A-LeaderElection4] INFO  server.RaftServerConfigKeys (ConfUtils.java:logGet(43)) - raft.server.watch.timeout.denomination = 1s (default)
2019-10-03 19:46:44,291 [fe043bca-9712-4c56-92e1-fea8b14d6e88@group-0392420C348A-LeaderElection4] INFO  server.RaftServerConfigKeys (ConfUtils.java:logGet(43)) - raft.server.watch.element-limit = 65536 (default)
2019-10-03 19:46:44,294 [fe043bca-9712-4c56-92e1-fea8b14d6e88@group-0392420C348A-LeaderElection4] INFO  impl.RoleInfo (RoleInfo.java:updateAndGet(143)) - fe043bca-9712-4c56-92e1-fea8b14d6e88: start LeaderState
2019-10-03 19:46:44,294 [fe043bca-9712-4c56-92e1-fea8b14d6e88@group-0392420C348A-LeaderElection4] INFO  segmented.SegmentedRaftLogWorker (SegmentedRaftLogWorker.java:startLogSegment(385)) - fe043bca-9712-4c56-92e1-fea8b14d6e88@group-0392420C348A-SegmentedRaftLogWorker: Starting segment from index:0
2019-10-03 19:46:44,295 [fe043bca-9712-4c56-92e1-fea8b14d6e88@group-0392420C348A-LeaderElection4] INFO  impl.RaftServerImpl (ServerState.java:setRaftConf(356)) - fe043bca-9712-4c56-92e1-fea8b14d6e88@group-0392420C348A: set configuration 0: [fe043bca-9712-4c56-92e1-fea8b14d6e88:192.168.164.206:33638], old=null at 0
2019-10-03 19:46:44,360 [fe043bca-9712-4c56-92e1-fea8b14d6e88@group-0392420C348A-SegmentedRaftLogWorker] INFO  segmented.SegmentedRaftLogWorker (SegmentedRaftLogWorker.java:execute(574)) - fe043bca-9712-4c56-92e1-fea8b14d6e88@group-0392420C348A-SegmentedRaftLogWorker: created new log segment /workdir/hadoop-ozone/integration-test/target/test-dir/MiniOzoneClusterImpl-dcd5f39f-879d-4b70-a9e7-132a8617f65e/datanode-5/data/ratis/12fed62b-3167-4bbe-b17e-0392420c348a/current/log_inprogress_0
2019-10-03 19:46:44,367 [Thread-258] INFO  impl.FollowerState (FollowerState.java:run(108)) - 015d2f5f-4f96-4319-9ea8-f29d63244e92@group-595807E8A517-FollowerState: change to CANDIDATE, lastRpcTime:5038ms, electionTimeout:5038ms
2019-10-03 19:46:44,367 [Thread-258] INFO  impl.RoleInfo (RoleInfo.java:shutdownFollowerState(121)) - 015d2f5f-4f96-4319-9ea8-f29d63244e92: shutdown FollowerState
2019-10-03 19:46:44,367 [Thread-258] INFO  impl.RaftServerImpl (RaftServerImpl.java:setRole(170)) - 015d2f5f-4f96-4319-9ea8-f29d63244e92@group-595807E8A517: changes role from  FOLLOWER to CANDIDATE at term 0 for changeToCandidate
2019-10-03 19:46:44,368 [Thread-258] INFO  impl.RoleInfo (RoleInfo.java:updateAndGet(143)) - 015d2f5f-4f96-4319-9ea8-f29d63244e92: start LeaderElection
2019-10-03 19:46:44,378 [015d2f5f-4f96-4319-9ea8-f29d63244e92@group-595807E8A517-LeaderElection5] INFO  impl.LeaderElection (LeaderElection.java:askForVotes(178)) - 015d2f5f-4f96-4319-9ea8-f29d63244e92@group-595807E8A517-LeaderElection5: begin an election at term 1 for -1: [015d2f5f-4f96-4319-9ea8-f29d63244e92:192.168.164.206:41601], old=null
2019-10-03 19:46:44,380 [015d2f5f-4f96-4319-9ea8-f29d63244e92@group-595807E8A517-LeaderElection5] INFO  impl.RoleInfo (RoleInfo.java:shutdownLeaderElection(134)) - 015d2f5f-4f96-4319-9ea8-f29d63244e92: shutdown LeaderElection
2019-10-03 19:46:44,380 [015d2f5f-4f96-4319-9ea8-f29d63244e92@group-595807E8A517-LeaderElection5] INFO  impl.RaftServerImpl (RaftServerImpl.java:setRole(170)) - 015d2f5f-4f96-4319-9ea8-f29d63244e92@group-595807E8A517: changes role from CANDIDATE to LEADER at term 1 for changeToLeader
2019-10-03 19:46:44,380 [015d2f5f-4f96-4319-9ea8-f29d63244e92@group-595807E8A517-LeaderElection5] INFO  impl.RaftServerImpl (ServerState.java:setLeader(255)) - 015d2f5f-4f96-4319-9ea8-f29d63244e92@group-595807E8A517: change Leader from null to 015d2f5f-4f96-4319-9ea8-f29d63244e92 at term 1 for becomeLeader, leader elected after 5058ms
2019-10-03 19:46:44,382 [015d2f5f-4f96-4319-9ea8-f29d63244e92@group-595807E8A517-LeaderElection5] INFO  server.RaftServerConfigKeys (ConfUtils.java:logGet(43)) - raft.server.staging.catchup.gap = 1000 (default)
2019-10-03 19:46:44,382 [015d2f5f-4f96-4319-9ea8-f29d63244e92@group-595807E8A517-LeaderElection5] INFO  server.RaftServerConfigKeys (ConfUtils.java:logGet(43)) - raft.server.rpc.sleep.time = 25ms (default)
2019-10-03 19:46:44,382 [015d2f5f-4f96-4319-9ea8-f29d63244e92@group-595807E8A517-LeaderElection5] INFO  server.RaftServerConfigKeys (ConfUtils.java:logGet(43)) - raft.server.write.element-limit = 4096 (default)
2019-10-03 19:46:44,382 [015d2f5f-4f96-4319-9ea8-f29d63244e92@group-595807E8A517-LeaderElection5] INFO  server.RaftServerConfigKeys (ConfUtils.java:logGet(43)) - raft.server.watch.timeout = 10s (default)
2019-10-03 19:46:44,383 [015d2f5f-4f96-4319-9ea8-f29d63244e92@group-595807E8A517-LeaderElection5] INFO  server.RaftServerConfigKeys (ConfUtils.java:logGet(43)) - raft.server.watch.timeout.denomination = 1s (default)
2019-10-03 19:46:44,383 [015d2f5f-4f96-4319-9ea8-f29d63244e92@group-595807E8A517-LeaderElection5] INFO  server.RaftServerConfigKeys (ConfUtils.java:logGet(43)) - raft.server.watch.element-limit = 65536 (default)
2019-10-03 19:46:44,386 [015d2f5f-4f96-4319-9ea8-f29d63244e92@group-595807E8A517-LeaderElection5] INFO  impl.RoleInfo (RoleInfo.java:updateAndGet(143)) - 015d2f5f-4f96-4319-9ea8-f29d63244e92: start LeaderState
2019-10-03 19:46:44,387 [015d2f5f-4f96-4319-9ea8-f29d63244e92@group-595807E8A517-LeaderElection5] INFO  segmented.SegmentedRaftLogWorker (SegmentedRaftLogWorker.java:startLogSegment(385)) - 015d2f5f-4f96-4319-9ea8-f29d63244e92@group-595807E8A517-SegmentedRaftLogWorker: Starting segment from index:0
2019-10-03 19:46:44,388 [015d2f5f-4f96-4319-9ea8-f29d63244e92@group-595807E8A517-LeaderElection5] INFO  impl.RaftServerImpl (ServerState.java:setRaftConf(356)) - 015d2f5f-4f96-4319-9ea8-f29d63244e92@group-595807E8A517: set configuration 0: [015d2f5f-4f96-4319-9ea8-f29d63244e92:192.168.164.206:41601], old=null at 0
2019-10-03 19:46:44,416 [Thread-252] INFO  impl.FollowerState (FollowerState.java:run(108)) - d9d1ee00-a0d5-45f0-8be4-29bee838d1fe@group-B852A4E78B0B-FollowerState: change to CANDIDATE, lastRpcTime:5222ms, electionTimeout:5194ms
2019-10-03 19:46:44,417 [Thread-252] INFO  impl.RoleInfo (RoleInfo.java:shutdownFollowerState(121)) - d9d1ee00-a0d5-45f0-8be4-29bee838d1fe: shutdown FollowerState
2019-10-03 19:46:44,417 [Thread-252] INFO  impl.RaftServerImpl (RaftServerImpl.java:setRole(170)) - d9d1ee00-a0d5-45f0-8be4-29bee838d1fe@group-B852A4E78B0B: changes role from  FOLLOWER to CANDIDATE at term 0 for changeToCandidate
2019-10-03 19:46:44,417 [Thread-252] INFO  impl.RoleInfo (RoleInfo.java:updateAndGet(143)) - d9d1ee00-a0d5-45f0-8be4-29bee838d1fe: start LeaderElection
2019-10-03 19:46:44,429 [015d2f5f-4f96-4319-9ea8-f29d63244e92@group-595807E8A517-SegmentedRaftLogWorker] INFO  segmented.SegmentedRaftLogWorker (SegmentedRaftLogWorker.java:execute(574)) - 015d2f5f-4f96-4319-9ea8-f29d63244e92@group-595807E8A517-SegmentedRaftLogWorker: created new log segment /workdir/hadoop-ozone/integration-test/target/test-dir/MiniOzoneClusterImpl-dcd5f39f-879d-4b70-a9e7-132a8617f65e/datanode-6/data/ratis/0670c0fc-5ebe-403a-a5ac-595807e8a517/current/log_inprogress_0
2019-10-03 19:46:44,429 [d9d1ee00-a0d5-45f0-8be4-29bee838d1fe@group-B852A4E78B0B-LeaderElection6] INFO  impl.LeaderElection (LeaderElection.java:askForVotes(178)) - d9d1ee00-a0d5-45f0-8be4-29bee838d1fe@group-B852A4E78B0B-LeaderElection6: begin an election at term 1 for -1: [d9d1ee00-a0d5-45f0-8be4-29bee838d1fe:192.168.164.206:34917], old=null
2019-10-03 19:46:44,429 [Thread-264] INFO  impl.FollowerState (FollowerState.java:run(108)) - aca30371-01bf-4ae9-9279-957ab152ade5@group-6E40CD9026FE-FollowerState: change to CANDIDATE, lastRpcTime:5000ms, electionTimeout:5000ms
2019-10-03 19:46:44,429 [d9d1ee00-a0d5-45f0-8be4-29bee838d1fe@group-B852A4E78B0B-LeaderElection6] INFO  impl.RoleInfo (RoleInfo.java:shutdownLeaderElection(134)) - d9d1ee00-a0d5-45f0-8be4-29bee838d1fe: shutdown LeaderElection
2019-10-03 19:46:44,430 [Thread-264] INFO  impl.RoleInfo (RoleInfo.java:shutdownFollowerState(121)) - aca30371-01bf-4ae9-9279-957ab152ade5: shutdown FollowerState
2019-10-03 19:46:44,430 [d9d1ee00-a0d5-45f0-8be4-29bee838d1fe@group-B852A4E78B0B-LeaderElection6] INFO  impl.RaftServerImpl (RaftServerImpl.java:setRole(170)) - d9d1ee00-a0d5-45f0-8be4-29bee838d1fe@group-B852A4E78B0B: changes role from CANDIDATE to LEADER at term 1 for changeToLeader
2019-10-03 19:46:44,430 [Thread-264] INFO  impl.RaftServerImpl (RaftServerImpl.java:setRole(170)) - aca30371-01bf-4ae9-9279-957ab152ade5@group-6E40CD9026FE: changes role from  FOLLOWER to CANDIDATE at term 0 for changeToCandidate
2019-10-03 19:46:44,430 [d9d1ee00-a0d5-45f0-8be4-29bee838d1fe@group-B852A4E78B0B-LeaderElection6] INFO  impl.RaftServerImpl (ServerState.java:setLeader(255)) - d9d1ee00-a0d5-45f0-8be4-29bee838d1fe@group-B852A4E78B0B: change Leader from null to d9d1ee00-a0d5-45f0-8be4-29bee838d1fe at term 1 for becomeLeader, leader elected after 5245ms
2019-10-03 19:46:44,430 [Thread-264] INFO  impl.RoleInfo (RoleInfo.java:updateAndGet(143)) - aca30371-01bf-4ae9-9279-957ab152ade5: start LeaderElection
2019-10-03 19:46:44,432 [d9d1ee00-a0d5-45f0-8be4-29bee838d1fe@group-B852A4E78B0B-LeaderElection6] INFO  server.RaftServerConfigKeys (ConfUtils.java:logGet(43)) - raft.server.staging.catchup.gap = 1000 (default)
2019-10-03 19:46:44,432 [d9d1ee00-a0d5-45f0-8be4-29bee838d1fe@group-B852A4E78B0B-LeaderElection6] INFO  server.RaftServerConfigKeys (ConfUtils.java:logGet(43)) - raft.server.rpc.sleep.time = 25ms (default)
2019-10-03 19:46:44,434 [d9d1ee00-a0d5-45f0-8be4-29bee838d1fe@group-B852A4E78B0B-LeaderElection6] INFO  server.RaftServerConfigKeys (ConfUtils.java:logGet(43)) - raft.server.write.element-limit = 4096 (default)
2019-10-03 19:46:44,434 [d9d1ee00-a0d5-45f0-8be4-29bee838d1fe@group-B852A4E78B0B-LeaderElection6] INFO  server.RaftServerConfigKeys (ConfUtils.java:logGet(43)) - raft.server.watch.timeout = 10s (default)
2019-10-03 19:46:44,434 [d9d1ee00-a0d5-45f0-8be4-29bee838d1fe@group-B852A4E78B0B-LeaderElection6] INFO  server.RaftServerConfigKeys (ConfUtils.java:logGet(43)) - raft.server.watch.timeout.denomination = 1s (default)
2019-10-03 19:46:44,434 [d9d1ee00-a0d5-45f0-8be4-29bee838d1fe@group-B852A4E78B0B-LeaderElection6] INFO  server.RaftServerConfigKeys (ConfUtils.java:logGet(43)) - raft.server.watch.element-limit = 65536 (default)
2019-10-03 19:46:44,437 [d9d1ee00-a0d5-45f0-8be4-29bee838d1fe@group-B852A4E78B0B-LeaderElection6] INFO  impl.RoleInfo (RoleInfo.java:updateAndGet(143)) - d9d1ee00-a0d5-45f0-8be4-29bee838d1fe: start LeaderState
2019-10-03 19:46:44,437 [d9d1ee00-a0d5-45f0-8be4-29bee838d1fe@group-B852A4E78B0B-LeaderElection6] INFO  segmented.SegmentedRaftLogWorker (SegmentedRaftLogWorker.java:startLogSegment(385)) - d9d1ee00-a0d5-45f0-8be4-29bee838d1fe@group-B852A4E78B0B-SegmentedRaftLogWorker: Starting segment from index:0
2019-10-03 19:46:44,438 [d9d1ee00-a0d5-45f0-8be4-29bee838d1fe@group-B852A4E78B0B-LeaderElection6] INFO  impl.RaftServerImpl (ServerState.java:setRaftConf(356)) - d9d1ee00-a0d5-45f0-8be4-29bee838d1fe@group-B852A4E78B0B: set configuration 0: [d9d1ee00-a0d5-45f0-8be4-29bee838d1fe:192.168.164.206:34917], old=null at 0
2019-10-03 19:46:44,469 [Thread-255] INFO  impl.FollowerState (FollowerState.java:run(108)) - 15c4f9ee-ac46-4058-9265-aa9afb39a11b@group-D675CFBBCCCD-FollowerState: change to CANDIDATE, lastRpcTime:5203ms, electionTimeout:5184ms
2019-10-03 19:46:44,469 [aca30371-01bf-4ae9-9279-957ab152ade5@group-6E40CD9026FE-LeaderElection7] INFO  impl.LeaderElection (LeaderElection.java:askForVotes(178)) - aca30371-01bf-4ae9-9279-957ab152ade5@group-6E40CD9026FE-LeaderElection7: begin an election at term 1 for -1: [aca30371-01bf-4ae9-9279-957ab152ade5:192.168.164.206:44092, 1c8ebbc6-c1e6-4495-a65c-885feb4be1c7:192.168.164.206:46856, fe043bca-9712-4c56-92e1-fea8b14d6e88:192.168.164.206:33638], old=null
2019-10-03 19:46:44,469 [Thread-255] INFO  impl.RoleInfo (RoleInfo.java:shutdownFollowerState(121)) - 15c4f9ee-ac46-4058-9265-aa9afb39a11b: shutdown FollowerState
2019-10-03 19:46:44,469 [Thread-255] INFO  impl.RaftServerImpl (RaftServerImpl.java:setRole(170)) - 15c4f9ee-ac46-4058-9265-aa9afb39a11b@group-D675CFBBCCCD: changes role from  FOLLOWER to CANDIDATE at term 0 for changeToCandidate
2019-10-03 19:46:44,469 [Thread-255] INFO  impl.RoleInfo (RoleInfo.java:updateAndGet(143)) - 15c4f9ee-ac46-4058-9265-aa9afb39a11b: start LeaderElection
2019-10-03 19:46:44,483 [d9d1ee00-a0d5-45f0-8be4-29bee838d1fe@group-B852A4E78B0B-SegmentedRaftLogWorker] INFO  segmented.SegmentedRaftLogWorker (SegmentedRaftLogWorker.java:execute(574)) - d9d1ee00-a0d5-45f0-8be4-29bee838d1fe@group-B852A4E78B0B-SegmentedRaftLogWorker: created new log segment /workdir/hadoop-ozone/integration-test/target/test-dir/MiniOzoneClusterImpl-dcd5f39f-879d-4b70-a9e7-132a8617f65e/datanode-4/data/ratis/85b67bfd-e32b-4d2b-ad7d-b852a4e78b0b/current/log_inprogress_0
2019-10-03 19:46:44,483 [15c4f9ee-ac46-4058-9265-aa9afb39a11b@group-D675CFBBCCCD-LeaderElection8] INFO  impl.LeaderElection (LeaderElection.java:askForVotes(178)) - 15c4f9ee-ac46-4058-9265-aa9afb39a11b@group-D675CFBBCCCD-LeaderElection8: begin an election at term 1 for -1: [15c4f9ee-ac46-4058-9265-aa9afb39a11b:192.168.164.206:45529], old=null
2019-10-03 19:46:44,484 [15c4f9ee-ac46-4058-9265-aa9afb39a11b@group-D675CFBBCCCD-LeaderElection8] INFO  impl.RoleInfo (RoleInfo.java:shutdownLeaderElection(134)) - 15c4f9ee-ac46-4058-9265-aa9afb39a11b: shutdown LeaderElection
2019-10-03 19:46:44,484 [15c4f9ee-ac46-4058-9265-aa9afb39a11b@group-D675CFBBCCCD-LeaderElection8] INFO  impl.RaftServerImpl (RaftServerImpl.java:setRole(170)) - 15c4f9ee-ac46-4058-9265-aa9afb39a11b@group-D675CFBBCCCD: changes role from CANDIDATE to LEADER at term 1 for changeToLeader
2019-10-03 19:46:44,484 [15c4f9ee-ac46-4058-9265-aa9afb39a11b@group-D675CFBBCCCD-LeaderElection8] INFO  impl.RaftServerImpl (ServerState.java:setLeader(255)) - 15c4f9ee-ac46-4058-9265-aa9afb39a11b@group-D675CFBBCCCD: change Leader from null to 15c4f9ee-ac46-4058-9265-aa9afb39a11b at term 1 for becomeLeader, leader elected after 5225ms
2019-10-03 19:46:44,485 [15c4f9ee-ac46-4058-9265-aa9afb39a11b@group-D675CFBBCCCD-LeaderElection8] INFO  server.RaftServerConfigKeys (ConfUtils.java:logGet(43)) - raft.server.staging.catchup.gap = 1000 (default)
2019-10-03 19:46:44,486 [15c4f9ee-ac46-4058-9265-aa9afb39a11b@group-D675CFBBCCCD-LeaderElection8] INFO  server.RaftServerConfigKeys (ConfUtils.java:logGet(43)) - raft.server.rpc.sleep.time = 25ms (default)
2019-10-03 19:46:44,486 [15c4f9ee-ac46-4058-9265-aa9afb39a11b@group-D675CFBBCCCD-LeaderElection8] INFO  server.RaftServerConfigKeys (ConfUtils.java:logGet(43)) - raft.server.write.element-limit = 4096 (default)
2019-10-03 19:46:44,486 [15c4f9ee-ac46-4058-9265-aa9afb39a11b@group-D675CFBBCCCD-LeaderElection8] INFO  server.RaftServerConfigKeys (ConfUtils.java:logGet(43)) - raft.server.watch.timeout = 10s (default)
2019-10-03 19:46:44,486 [15c4f9ee-ac46-4058-9265-aa9afb39a11b@group-D675CFBBCCCD-LeaderElection8] INFO  server.RaftServerConfigKeys (ConfUtils.java:logGet(43)) - raft.server.watch.timeout.denomination = 1s (default)
2019-10-03 19:46:44,486 [15c4f9ee-ac46-4058-9265-aa9afb39a11b@group-D675CFBBCCCD-LeaderElection8] INFO  server.RaftServerConfigKeys (ConfUtils.java:logGet(43)) - raft.server.watch.element-limit = 65536 (default)
2019-10-03 19:46:44,491 [15c4f9ee-ac46-4058-9265-aa9afb39a11b@group-D675CFBBCCCD-LeaderElection8] INFO  impl.RoleInfo (RoleInfo.java:updateAndGet(143)) - 15c4f9ee-ac46-4058-9265-aa9afb39a11b: start LeaderState
2019-10-03 19:46:44,491 [15c4f9ee-ac46-4058-9265-aa9afb39a11b@group-D675CFBBCCCD-LeaderElection8] INFO  segmented.SegmentedRaftLogWorker (SegmentedRaftLogWorker.java:startLogSegment(385)) - 15c4f9ee-ac46-4058-9265-aa9afb39a11b@group-D675CFBBCCCD-SegmentedRaftLogWorker: Starting segment from index:0
2019-10-03 19:46:44,494 [15c4f9ee-ac46-4058-9265-aa9afb39a11b@group-D675CFBBCCCD-LeaderElection8] INFO  impl.RaftServerImpl (ServerState.java:setRaftConf(356)) - 15c4f9ee-ac46-4058-9265-aa9afb39a11b@group-D675CFBBCCCD: set configuration 0: [15c4f9ee-ac46-4058-9265-aa9afb39a11b:192.168.164.206:45529], old=null at 0
2019-10-03 19:46:44,522 [Thread-266] INFO  impl.FollowerState (FollowerState.java:run(108)) - fe043bca-9712-4c56-92e1-fea8b14d6e88@group-6E40CD9026FE-FollowerState: change to CANDIDATE, lastRpcTime:5092ms, electionTimeout:5070ms
2019-10-03 19:46:44,523 [Thread-266] INFO  impl.RoleInfo (RoleInfo.java:shutdownFollowerState(121)) - fe043bca-9712-4c56-92e1-fea8b14d6e88: shutdown FollowerState
2019-10-03 19:46:44,524 [Thread-266] INFO  impl.RaftServerImpl (RaftServerImpl.java:setRole(170)) - fe043bca-9712-4c56-92e1-fea8b14d6e88@group-6E40CD9026FE: changes role from  FOLLOWER to CANDIDATE at term 0 for changeToCandidate
2019-10-03 19:46:44,525 [Thread-266] INFO  impl.RoleInfo (RoleInfo.java:updateAndGet(143)) - fe043bca-9712-4c56-92e1-fea8b14d6e88: start LeaderElection
2019-10-03 19:46:44,525 [grpc-default-executor-0] INFO  impl.RaftServerImpl (RaftServerImpl.java:setRole(170)) - 1c8ebbc6-c1e6-4495-a65c-885feb4be1c7@group-6E40CD9026FE: changes role from  FOLLOWER to FOLLOWER at term 1 for recognizeCandidate:aca30371-01bf-4ae9-9279-957ab152ade5
2019-10-03 19:46:44,526 [grpc-default-executor-2] INFO  impl.RaftServerImpl (RaftServerImpl.java:setRole(170)) - fe043bca-9712-4c56-92e1-fea8b14d6e88@group-6E40CD9026FE: changes role from CANDIDATE to FOLLOWER at term 1 for recognizeCandidate:aca30371-01bf-4ae9-9279-957ab152ade5
2019-10-03 19:46:44,526 [grpc-default-executor-0] INFO  impl.RoleInfo (RoleInfo.java:shutdownFollowerState(121)) - 1c8ebbc6-c1e6-4495-a65c-885feb4be1c7: shutdown FollowerState
2019-10-03 19:46:44,527 [grpc-default-executor-2] INFO  impl.RoleInfo (RoleInfo.java:shutdownLeaderElection(134)) - fe043bca-9712-4c56-92e1-fea8b14d6e88: shutdown LeaderElection
2019-10-03 19:46:44,527 [Thread-263] INFO  impl.FollowerState (FollowerState.java:run(117)) - 1c8ebbc6-c1e6-4495-a65c-885feb4be1c7@group-6E40CD9026FE-FollowerState was interrupted: java.lang.InterruptedException: sleep interrupted
2019-10-03 19:46:44,527 [grpc-default-executor-0] INFO  impl.RoleInfo (RoleInfo.java:updateAndGet(143)) - 1c8ebbc6-c1e6-4495-a65c-885feb4be1c7: start FollowerState
2019-10-03 19:46:44,527 [grpc-default-executor-2] INFO  impl.RoleInfo (RoleInfo.java:updateAndGet(143)) - fe043bca-9712-4c56-92e1-fea8b14d6e88: start FollowerState
2019-10-03 19:46:44,529 [15c4f9ee-ac46-4058-9265-aa9afb39a11b@group-D675CFBBCCCD-SegmentedRaftLogWorker] INFO  segmented.SegmentedRaftLogWorker (SegmentedRaftLogWorker.java:execute(574)) - 15c4f9ee-ac46-4058-9265-aa9afb39a11b@group-D675CFBBCCCD-SegmentedRaftLogWorker: created new log segment /workdir/hadoop-ozone/integration-test/target/test-dir/MiniOzoneClusterImpl-dcd5f39f-879d-4b70-a9e7-132a8617f65e/datanode-1/data/ratis/edbfba9e-f457-40a0-9a4a-d675cfbbcccd/current/log_inprogress_0
2019-10-03 19:46:44,538 [fe043bca-9712-4c56-92e1-fea8b14d6e88@group-6E40CD9026FE-LeaderElection9] INFO  impl.LeaderElection (LeaderElection.java:askForVotes(178)) - fe043bca-9712-4c56-92e1-fea8b14d6e88@group-6E40CD9026FE-LeaderElection9: begin an election at term 2 for -1: [aca30371-01bf-4ae9-9279-957ab152ade5:192.168.164.206:44092, 1c8ebbc6-c1e6-4495-a65c-885feb4be1c7:192.168.164.206:46856, fe043bca-9712-4c56-92e1-fea8b14d6e88:192.168.164.206:33638], old=null
2019-10-03 19:46:44,548 [aca30371-01bf-4ae9-9279-957ab152ade5@group-6E40CD9026FE-LeaderElection7] INFO  impl.LeaderElection (LeaderElection.java:logAndReturn(56)) - aca30371-01bf-4ae9-9279-957ab152ade5@group-6E40CD9026FE-LeaderElection7: Election PASSED; received 2 response(s) [aca30371-01bf-4ae9-9279-957ab152ade5<-1c8ebbc6-c1e6-4495-a65c-885feb4be1c7#0:OK-t1, aca30371-01bf-4ae9-9279-957ab152ade5<-fe043bca-9712-4c56-92e1-fea8b14d6e88#0:FAIL-t1] and 0 exception(s); aca30371-01bf-4ae9-9279-957ab152ade5@group-6E40CD9026FE:t1, leader=null, voted=aca30371-01bf-4ae9-9279-957ab152ade5, raftlog=aca30371-01bf-4ae9-9279-957ab152ade5@group-6E40CD9026FE-SegmentedRaftLog:OPENED:c-1,f-1,i0, conf=-1: [aca30371-01bf-4ae9-9279-957ab152ade5:192.168.164.206:44092, 1c8ebbc6-c1e6-4495-a65c-885feb4be1c7:192.168.164.206:46856, fe043bca-9712-4c56-92e1-fea8b14d6e88:192.168.164.206:33638], old=null
2019-10-03 19:46:44,548 [fe043bca-9712-4c56-92e1-fea8b14d6e88@group-6E40CD9026FE-LeaderElection9] INFO  impl.LeaderElection (LeaderElection.java:logAndReturn(56)) - fe043bca-9712-4c56-92e1-fea8b14d6e88@group-6E40CD9026FE-LeaderElection9: Election REJECTED; received 0 response(s) [] and 0 exception(s); fe043bca-9712-4c56-92e1-fea8b14d6e88@group-6E40CD9026FE:t2, leader=null, voted=fe043bca-9712-4c56-92e1-fea8b14d6e88, raftlog=fe043bca-9712-4c56-92e1-fea8b14d6e88@group-6E40CD9026FE-SegmentedRaftLog:OPENED:c-1,f-1,i0, conf=-1: [aca30371-01bf-4ae9-9279-957ab152ade5:192.168.164.206:44092, 1c8ebbc6-c1e6-4495-a65c-885feb4be1c7:192.168.164.206:46856, fe043bca-9712-4c56-92e1-fea8b14d6e88:192.168.164.206:33638], old=null
2019-10-03 19:46:44,548 [aca30371-01bf-4ae9-9279-957ab152ade5@group-6E40CD9026FE-LeaderElection7] INFO  impl.RoleInfo (RoleInfo.java:shutdownLeaderElection(134)) - aca30371-01bf-4ae9-9279-957ab152ade5: shutdown LeaderElection
2019-10-03 19:46:44,551 [aca30371-01bf-4ae9-9279-957ab152ade5@group-6E40CD9026FE-LeaderElection7] INFO  impl.RaftServerImpl (RaftServerImpl.java:setRole(170)) - aca30371-01bf-4ae9-9279-957ab152ade5@group-6E40CD9026FE: changes role from CANDIDATE to LEADER at term 1 for changeToLeader
2019-10-03 19:46:44,554 [aca30371-01bf-4ae9-9279-957ab152ade5@group-6E40CD9026FE-LeaderElection7] INFO  impl.RaftServerImpl (ServerState.java:setLeader(255)) - aca30371-01bf-4ae9-9279-957ab152ade5@group-6E40CD9026FE: change Leader from null to aca30371-01bf-4ae9-9279-957ab152ade5 at term 1 for becomeLeader, leader elected after 5137ms
2019-10-03 19:46:44,554 [aca30371-01bf-4ae9-9279-957ab152ade5@group-6E40CD9026FE-LeaderElection7] INFO  server.RaftServerConfigKeys (ConfUtils.java:logGet(43)) - raft.server.staging.catchup.gap = 1000 (default)
2019-10-03 19:46:44,554 [aca30371-01bf-4ae9-9279-957ab152ade5@group-6E40CD9026FE-LeaderElection7] INFO  server.RaftServerConfigKeys (ConfUtils.java:logGet(43)) - raft.server.rpc.sleep.time = 25ms (default)
2019-10-03 19:46:44,555 [aca30371-01bf-4ae9-9279-957ab152ade5@group-6E40CD9026FE-LeaderElection7] INFO  server.RaftServerConfigKeys (ConfUtils.java:logGet(43)) - raft.server.write.element-limit = 4096 (default)
2019-10-03 19:46:44,555 [aca30371-01bf-4ae9-9279-957ab152ade5@group-6E40CD9026FE-LeaderElection7] INFO  server.RaftServerConfigKeys (ConfUtils.java:logGet(43)) - raft.server.watch.timeout = 10s (default)
2019-10-03 19:46:44,555 [aca30371-01bf-4ae9-9279-957ab152ade5@group-6E40CD9026FE-LeaderElection7] INFO  server.RaftServerConfigKeys (ConfUtils.java:logGet(43)) - raft.server.watch.timeout.denomination = 1s (default)
2019-10-03 19:46:44,555 [aca30371-01bf-4ae9-9279-957ab152ade5@group-6E40CD9026FE-LeaderElection7] INFO  server.RaftServerConfigKeys (ConfUtils.java:logGet(43)) - raft.server.watch.element-limit = 65536 (default)
2019-10-03 19:46:44,563 [Thread-274] INFO  impl.FollowerState (FollowerState.java:run(108)) - 15c4f9ee-ac46-4058-9265-aa9afb39a11b@group-F3479287C77A-FollowerState: change to CANDIDATE, lastRpcTime:5031ms, electionTimeout:5026ms
2019-10-03 19:46:44,565 [Thread-274] INFO  impl.RoleInfo (RoleInfo.java:shutdownFollowerState(121)) - 15c4f9ee-ac46-4058-9265-aa9afb39a11b: shutdown FollowerState
2019-10-03 19:46:44,565 [grpc-default-executor-0] INFO  impl.RaftServerImpl (RaftServerImpl.java:setRole(170)) - 1c8ebbc6-c1e6-4495-a65c-885feb4be1c7@group-6E40CD9026FE: changes role from  FOLLOWER to FOLLOWER at term 2 for recognizeCandidate:fe043bca-9712-4c56-92e1-fea8b14d6e88
2019-10-03 19:46:44,565 [Thread-274] INFO  impl.RaftServerImpl (RaftServerImpl.java:setRole(170)) - 15c4f9ee-ac46-4058-9265-aa9afb39a11b@group-F3479287C77A: changes role from  FOLLOWER to CANDIDATE at term 0 for changeToCandidate
2019-10-03 19:46:44,565 [grpc-default-executor-0] INFO  impl.RoleInfo (RoleInfo.java:shutdownFollowerState(121)) - 1c8ebbc6-c1e6-4495-a65c-885feb4be1c7: shutdown FollowerState
2019-10-03 19:46:44,565 [Thread-274] INFO  impl.RoleInfo (RoleInfo.java:updateAndGet(143)) - 15c4f9ee-ac46-4058-9265-aa9afb39a11b: start LeaderElection
2019-10-03 19:46:44,565 [Thread-309] INFO  impl.FollowerState (FollowerState.java:run(117)) - 1c8ebbc6-c1e6-4495-a65c-885feb4be1c7@group-6E40CD9026FE-FollowerState was interrupted: java.lang.InterruptedException: sleep interrupted
2019-10-03 19:46:44,565 [grpc-default-executor-0] INFO  impl.RoleInfo (RoleInfo.java:updateAndGet(143)) - 1c8ebbc6-c1e6-4495-a65c-885feb4be1c7: start FollowerState
2019-10-03 19:46:44,573 [aca30371-01bf-4ae9-9279-957ab152ade5@group-6E40CD9026FE-LeaderElection7] INFO  server.RaftServerConfigKeys (ConfUtils.java:logGet(43)) - raft.server.log.appender.snapshot.chunk.size.max = 16MB (=16777216) (default)
2019-10-03 19:46:44,574 [aca30371-01bf-4ae9-9279-957ab152ade5@group-6E40CD9026FE-LeaderElection7] INFO  server.RaftServerConfigKeys (ConfUtils.java:logGet(43)) - raft.server.log.appender.buffer.byte-limit = 33554432 (custom)
2019-10-03 19:46:44,574 [Thread-272] INFO  impl.FollowerState (FollowerState.java:run(108)) - d9d1ee00-a0d5-45f0-8be4-29bee838d1fe@group-F3479287C77A-FollowerState: change to CANDIDATE, lastRpcTime:5044ms, electionTimeout:5044ms
2019-10-03 19:46:44,574 [Thread-272] INFO  impl.RoleInfo (RoleInfo.java:shutdownFollowerState(121)) - d9d1ee00-a0d5-45f0-8be4-29bee838d1fe: shutdown FollowerState
2019-10-03 19:46:44,574 [aca30371-01bf-4ae9-9279-957ab152ade5@group-6E40CD9026FE-LeaderElection7] INFO  server.RaftServerConfigKeys (ConfUtils.java:logGet(43)) - raft.server.log.appender.buffer.element-limit = 1 (custom)
2019-10-03 19:46:44,574 [Thread-272] INFO  impl.RaftServerImpl (RaftServerImpl.java:setRole(170)) - d9d1ee00-a0d5-45f0-8be4-29bee838d1fe@group-F3479287C77A: changes role from  FOLLOWER to CANDIDATE at term 0 for changeToCandidate
2019-10-03 19:46:44,575 [Thread-272] INFO  impl.RoleInfo (RoleInfo.java:updateAndGet(143)) - d9d1ee00-a0d5-45f0-8be4-29bee838d1fe: start LeaderElection
2019-10-03 19:46:44,578 [15c4f9ee-ac46-4058-9265-aa9afb39a11b@group-F3479287C77A-LeaderElection10] INFO  impl.LeaderElection (LeaderElection.java:askForVotes(178)) - 15c4f9ee-ac46-4058-9265-aa9afb39a11b@group-F3479287C77A-LeaderElection10: begin an election at term 1 for -1: [9c523a97-aa95-4361-b6dc-8d1237959141:192.168.164.206:43984, d9d1ee00-a0d5-45f0-8be4-29bee838d1fe:192.168.164.206:34917, 15c4f9ee-ac46-4058-9265-aa9afb39a11b:192.168.164.206:45529], old=null
2019-10-03 19:46:44,590 [aca30371-01bf-4ae9-9279-957ab152ade5@group-6E40CD9026FE-LeaderElection7] INFO  grpc.GrpcConfigKeys$Server (ConfUtils.java:logGet(43)) - raft.grpc.server.leader.outstanding.appends.max = 128 (default)
2019-10-03 19:46:44,591 [aca30371-01bf-4ae9-9279-957ab152ade5@group-6E40CD9026FE-LeaderElection7] INFO  server.RaftServerConfigKeys (ConfUtils.java:logGet(43)) - raft.server.rpc.request.timeout = 3000ms (default)
2019-10-03 19:46:44,591 [aca30371-01bf-4ae9-9279-957ab152ade5@group-6E40CD9026FE-LeaderElection7] INFO  server.RaftServerConfigKeys (ConfUtils.java:logGet(43)) - raft.server.log.appender.install.snapshot.enabled = false (custom)
2019-10-03 19:46:44,592 [d9d1ee00-a0d5-45f0-8be4-29bee838d1fe@group-F3479287C77A-LeaderElection11] INFO  impl.LeaderElection (LeaderElection.java:askForVotes(178)) - d9d1ee00-a0d5-45f0-8be4-29bee838d1fe@group-F3479287C77A-LeaderElection11: begin an election at term 1 for -1: [9c523a97-aa95-4361-b6dc-8d1237959141:192.168.164.206:43984, d9d1ee00-a0d5-45f0-8be4-29bee838d1fe:192.168.164.206:34917, 15c4f9ee-ac46-4058-9265-aa9afb39a11b:192.168.164.206:45529], old=null
2019-10-03 19:46:44,593 [aca30371-01bf-4ae9-9279-957ab152ade5@group-6E40CD9026FE-LeaderElection7] INFO  server.RaftServerConfigKeys (ConfUtils.java:logGet(43)) - raft.server.log.appender.snapshot.chunk.size.max = 16MB (=16777216) (default)
2019-10-03 19:46:44,595 [aca30371-01bf-4ae9-9279-957ab152ade5@group-6E40CD9026FE-LeaderElection7] INFO  server.RaftServerConfigKeys (ConfUtils.java:logGet(43)) - raft.server.log.appender.buffer.byte-limit = 33554432 (custom)
2019-10-03 19:46:44,596 [aca30371-01bf-4ae9-9279-957ab152ade5@group-6E40CD9026FE-LeaderElection7] INFO  server.RaftServerConfigKeys (ConfUtils.java:logGet(43)) - raft.server.log.appender.buffer.element-limit = 1 (custom)
2019-10-03 19:46:44,597 [aca30371-01bf-4ae9-9279-957ab152ade5@group-6E40CD9026FE-LeaderElection7] INFO  grpc.GrpcConfigKeys$Server (ConfUtils.java:logGet(43)) - raft.grpc.server.leader.outstanding.appends.max = 128 (default)
2019-10-03 19:46:44,597 [aca30371-01bf-4ae9-9279-957ab152ade5@group-6E40CD9026FE-LeaderElection7] INFO  server.RaftServerConfigKeys (ConfUtils.java:logGet(43)) - raft.server.rpc.request.timeout = 3000ms (default)
2019-10-03 19:46:44,597 [aca30371-01bf-4ae9-9279-957ab152ade5@group-6E40CD9026FE-LeaderElection7] INFO  server.RaftServerConfigKeys (ConfUtils.java:logGet(43)) - raft.server.log.appender.install.snapshot.enabled = false (custom)
2019-10-03 19:46:44,599 [aca30371-01bf-4ae9-9279-957ab152ade5@group-6E40CD9026FE-LeaderElection7] INFO  impl.RoleInfo (RoleInfo.java:updateAndGet(143)) - aca30371-01bf-4ae9-9279-957ab152ade5: start LeaderState
2019-10-03 19:46:44,600 [aca30371-01bf-4ae9-9279-957ab152ade5@group-6E40CD9026FE-LeaderElection7] INFO  segmented.SegmentedRaftLogWorker (SegmentedRaftLogWorker.java:startLogSegment(385)) - aca30371-01bf-4ae9-9279-957ab152ade5@group-6E40CD9026FE-SegmentedRaftLogWorker: Starting segment from index:0
2019-10-03 19:46:44,630 [grpc-default-executor-0] INFO  impl.RaftServerImpl (RaftServerImpl.java:setRole(170)) - 9c523a97-aa95-4361-b6dc-8d1237959141@group-F3479287C77A: changes role from  FOLLOWER to FOLLOWER at term 1 for recognizeCandidate:15c4f9ee-ac46-4058-9265-aa9afb39a11b
2019-10-03 19:46:44,630 [aca30371-01bf-4ae9-9279-957ab152ade5@group-6E40CD9026FE-LeaderElection7] INFO  impl.RaftServerImpl (ServerState.java:setRaftConf(356)) - aca30371-01bf-4ae9-9279-957ab152ade5@group-6E40CD9026FE: set configuration 0: [aca30371-01bf-4ae9-9279-957ab152ade5:192.168.164.206:44092, 1c8ebbc6-c1e6-4495-a65c-885feb4be1c7:192.168.164.206:46856, fe043bca-9712-4c56-92e1-fea8b14d6e88:192.168.164.206:33638], old=null at 0
2019-10-03 19:46:44,630 [grpc-default-executor-0] INFO  impl.RoleInfo (RoleInfo.java:shutdownFollowerState(121)) - 9c523a97-aa95-4361-b6dc-8d1237959141: shutdown FollowerState
2019-10-03 19:46:44,631 [grpc-default-executor-2] INFO  impl.RaftServerImpl (ServerState.java:setLeader(255)) - aca30371-01bf-4ae9-9279-957ab152ade5@group-6E40CD9026FE: change Leader from aca30371-01bf-4ae9-9279-957ab152ade5 to null at term 2 for updateCurrentTerm
2019-10-03 19:46:44,632 [Thread-273] INFO  impl.FollowerState (FollowerState.java:run(117)) - 9c523a97-aa95-4361-b6dc-8d1237959141@group-F3479287C77A-FollowerState was interrupted: java.lang.InterruptedException: sleep interrupted
2019-10-03 19:46:44,632 [grpc-default-executor-0] INFO  impl.RoleInfo (RoleInfo.java:updateAndGet(143)) - 9c523a97-aa95-4361-b6dc-8d1237959141: start FollowerState
2019-10-03 19:46:44,632 [grpc-default-executor-2] INFO  impl.RaftServerImpl (RaftServerImpl.java:setRole(170)) - aca30371-01bf-4ae9-9279-957ab152ade5@group-6E40CD9026FE: changes role from    LEADER to FOLLOWER at term 2 for recognizeCandidate:fe043bca-9712-4c56-92e1-fea8b14d6e88
2019-10-03 19:46:44,635 [grpc-default-executor-2] INFO  impl.RoleInfo (RoleInfo.java:shutdownLeaderState(104)) - aca30371-01bf-4ae9-9279-957ab152ade5: shutdown LeaderState
2019-10-03 19:46:44,640 [grpc-default-executor-2] INFO  impl.PendingRequests (PendingRequests.java:sendNotLeaderResponses(202)) - aca30371-01bf-4ae9-9279-957ab152ade5@group-6E40CD9026FE-PendingRequests: sendNotLeaderResponses
2019-10-03 19:46:44,642 [aca30371-01bf-4ae9-9279-957ab152ade5@group-6E40CD9026FE-SegmentedRaftLogWorker] INFO  segmented.SegmentedRaftLogWorker (SegmentedRaftLogWorker.java:execute(574)) - aca30371-01bf-4ae9-9279-957ab152ade5@group-6E40CD9026FE-SegmentedRaftLogWorker: created new log segment /workdir/hadoop-ozone/integration-test/target/test-dir/MiniOzoneClusterImpl-dcd5f39f-879d-4b70-a9e7-132a8617f65e/datanode-3/data/ratis/69222be2-f71e-41c2-a360-6e40cd9026fe/current/log_inprogress_0
2019-10-03 19:46:44,645 [grpc-default-executor-2] INFO  impl.RoleInfo (RoleInfo.java:updateAndGet(143)) - aca30371-01bf-4ae9-9279-957ab152ade5: start FollowerState
2019-10-03 19:46:44,648 [15c4f9ee-ac46-4058-9265-aa9afb39a11b@group-F3479287C77A-LeaderElection10] INFO  impl.LeaderElection (LeaderElection.java:logAndReturn(56)) - 15c4f9ee-ac46-4058-9265-aa9afb39a11b@group-F3479287C77A-LeaderElection10: Election PASSED; received 2 response(s) [15c4f9ee-ac46-4058-9265-aa9afb39a11b<-9c523a97-aa95-4361-b6dc-8d1237959141#0:OK-t1, 15c4f9ee-ac46-4058-9265-aa9afb39a11b<-d9d1ee00-a0d5-45f0-8be4-29bee838d1fe#0:FAIL-t1] and 0 exception(s); 15c4f9ee-ac46-4058-9265-aa9afb39a11b@group-F3479287C77A:t1, leader=null, voted=15c4f9ee-ac46-4058-9265-aa9afb39a11b, raftlog=15c4f9ee-ac46-4058-9265-aa9afb39a11b@group-F3479287C77A-SegmentedRaftLog:OPENED:c-1,f-1,i0, conf=-1: [9c523a97-aa95-4361-b6dc-8d1237959141:192.168.164.206:43984, d9d1ee00-a0d5-45f0-8be4-29bee838d1fe:192.168.164.206:34917, 15c4f9ee-ac46-4058-9265-aa9afb39a11b:192.168.164.206:45529], old=null
2019-10-03 19:46:44,648 [15c4f9ee-ac46-4058-9265-aa9afb39a11b@group-F3479287C77A-LeaderElection10] INFO  impl.RoleInfo (RoleInfo.java:shutdownLeaderElection(134)) - 15c4f9ee-ac46-4058-9265-aa9afb39a11b: shutdown LeaderElection
2019-10-03 19:46:44,649 [15c4f9ee-ac46-4058-9265-aa9afb39a11b@group-F3479287C77A-LeaderElection10] INFO  impl.RaftServerImpl (RaftServerImpl.java:setRole(170)) - 15c4f9ee-ac46-4058-9265-aa9afb39a11b@group-F3479287C77A: changes role from CANDIDATE to LEADER at term 1 for changeToLeader
2019-10-03 19:46:44,650 [15c4f9ee-ac46-4058-9265-aa9afb39a11b@group-F3479287C77A-LeaderElection10] INFO  impl.RaftServerImpl (ServerState.java:setLeader(255)) - 15c4f9ee-ac46-4058-9265-aa9afb39a11b@group-F3479287C77A: change Leader from null to 15c4f9ee-ac46-4058-9265-aa9afb39a11b at term 1 for becomeLeader, leader elected after 5136ms
2019-10-03 19:46:44,650 [15c4f9ee-ac46-4058-9265-aa9afb39a11b@group-F3479287C77A-LeaderElection10] INFO  server.RaftServerConfigKeys (ConfUtils.java:logGet(43)) - raft.server.staging.catchup.gap = 1000 (default)
2019-10-03 19:46:44,650 [15c4f9ee-ac46-4058-9265-aa9afb39a11b@group-F3479287C77A-LeaderElection10] INFO  server.RaftServerConfigKeys (ConfUtils.java:logGet(43)) - raft.server.rpc.sleep.time = 25ms (default)
2019-10-03 19:46:44,650 [d9d1ee00-a0d5-45f0-8be4-29bee838d1fe@group-F3479287C77A-LeaderElection11] INFO  impl.LeaderElection (LeaderElection.java:logAndReturn(56)) - d9d1ee00-a0d5-45f0-8be4-29bee838d1fe@group-F3479287C77A-LeaderElection11: Election REJECTED; received 2 response(s) [d9d1ee00-a0d5-45f0-8be4-29bee838d1fe<-9c523a97-aa95-4361-b6dc-8d1237959141#0:FAIL-t1, d9d1ee00-a0d5-45f0-8be4-29bee838d1fe<-15c4f9ee-ac46-4058-9265-aa9afb39a11b#0:FAIL-t1] and 0 exception(s); d9d1ee00-a0d5-45f0-8be4-29bee838d1fe@group-F3479287C77A:t1, leader=null, voted=d9d1ee00-a0d5-45f0-8be4-29bee838d1fe, raftlog=d9d1ee00-a0d5-45f0-8be4-29bee838d1fe@group-F3479287C77A-SegmentedRaftLog:OPENED:c-1,f-1,i0, conf=-1: [9c523a97-aa95-4361-b6dc-8d1237959141:192.168.164.206:43984, d9d1ee00-a0d5-45f0-8be4-29bee838d1fe:192.168.164.206:34917, 15c4f9ee-ac46-4058-9265-aa9afb39a11b:192.168.164.206:45529], old=null
2019-10-03 19:46:44,651 [15c4f9ee-ac46-4058-9265-aa9afb39a11b@group-F3479287C77A-LeaderElection10] INFO  server.RaftServerConfigKeys (ConfUtils.java:logGet(43)) - raft.server.write.element-limit = 4096 (default)
2019-10-03 19:46:44,651 [d9d1ee00-a0d5-45f0-8be4-29bee838d1fe@group-F3479287C77A-LeaderElection11] INFO  impl.RaftServerImpl (RaftServerImpl.java:setRole(170)) - d9d1ee00-a0d5-45f0-8be4-29bee838d1fe@group-F3479287C77A: changes role from CANDIDATE to FOLLOWER at term 1 for DISCOVERED_A_NEW_TERM
2019-10-03 19:46:44,653 [d9d1ee00-a0d5-45f0-8be4-29bee838d1fe@group-F3479287C77A-LeaderElection11] INFO  impl.RoleInfo (RoleInfo.java:shutdownLeaderElection(134)) - d9d1ee00-a0d5-45f0-8be4-29bee838d1fe: shutdown LeaderElection
2019-10-03 19:46:44,653 [15c4f9ee-ac46-4058-9265-aa9afb39a11b@group-F3479287C77A-LeaderElection10] INFO  server.RaftServerConfigKeys (ConfUtils.java:logGet(43)) - raft.server.watch.timeout = 10s (default)
2019-10-03 19:46:44,659 [org.apache.ratis.server.impl.LogAppender$AppenderDaemon$$Lambda$507/66066797@6de8c629] WARN  server.GrpcLogAppender (GrpcLogAppender.java:mayWait(143)) - aca30371-01bf-4ae9-9279-957ab152ade5@group-6E40CD9026FE->1c8ebbc6-c1e6-4495-a65c-885feb4be1c7-GrpcLogAppender: Wait interrupted by java.lang.InterruptedException
2019-10-03 19:46:44,659 [d9d1ee00-a0d5-45f0-8be4-29bee838d1fe@group-F3479287C77A-LeaderElection11] INFO  impl.RoleInfo (RoleInfo.java:updateAndGet(143)) - d9d1ee00-a0d5-45f0-8be4-29bee838d1fe: start FollowerState
2019-10-03 19:46:44,659 [org.apache.ratis.server.impl.LogAppender$AppenderDaemon$$Lambda$507/66066797@30f269fb] WARN  server.GrpcLogAppender (GrpcLogAppender.java:mayWait(143)) - aca30371-01bf-4ae9-9279-957ab152ade5@group-6E40CD9026FE->fe043bca-9712-4c56-92e1-fea8b14d6e88-GrpcLogAppender: Wait interrupted by java.lang.InterruptedException
2019-10-03 19:46:44,661 [15c4f9ee-ac46-4058-9265-aa9afb39a11b@group-F3479287C77A-LeaderElection10] INFO  server.RaftServerConfigKeys (ConfUtils.java:logGet(43)) - raft.server.watch.timeout.denomination = 1s (default)
2019-10-03 19:46:44,661 [15c4f9ee-ac46-4058-9265-aa9afb39a11b@group-F3479287C77A-LeaderElection10] INFO  server.RaftServerConfigKeys (ConfUtils.java:logGet(43)) - raft.server.watch.element-limit = 65536 (default)
2019-10-03 19:46:44,666 [15c4f9ee-ac46-4058-9265-aa9afb39a11b@group-F3479287C77A-LeaderElection10] INFO  server.RaftServerConfigKeys (ConfUtils.java:logGet(43)) - raft.server.log.appender.snapshot.chunk.size.max = 16MB (=16777216) (default)
2019-10-03 19:46:44,666 [15c4f9ee-ac46-4058-9265-aa9afb39a11b@group-F3479287C77A-LeaderElection10] INFO  server.RaftServerConfigKeys (ConfUtils.java:logGet(43)) - raft.server.log.appender.buffer.byte-limit = 33554432 (custom)
2019-10-03 19:46:44,666 [15c4f9ee-ac46-4058-9265-aa9afb39a11b@group-F3479287C77A-LeaderElection10] INFO  server.RaftServerConfigKeys (ConfUtils.java:logGet(43)) - raft.server.log.appender.buffer.element-limit = 1 (custom)
2019-10-03 19:46:44,666 [15c4f9ee-ac46-4058-9265-aa9afb39a11b@group-F3479287C77A-LeaderElection10] INFO  grpc.GrpcConfigKeys$Server (ConfUtils.java:logGet(43)) - raft.grpc.server.leader.outstanding.appends.max = 128 (default)
2019-10-03 19:46:44,668 [15c4f9ee-ac46-4058-9265-aa9afb39a11b@group-F3479287C77A-LeaderElection10] INFO  server.RaftServerConfigKeys (ConfUtils.java:logGet(43)) - raft.server.rpc.request.timeout = 3000ms (default)
2019-10-03 19:46:44,668 [15c4f9ee-ac46-4058-9265-aa9afb39a11b@group-F3479287C77A-LeaderElection10] INFO  server.RaftServerConfigKeys (ConfUtils.java:logGet(43)) - raft.server.log.appender.install.snapshot.enabled = false (custom)
2019-10-03 19:46:44,668 [15c4f9ee-ac46-4058-9265-aa9afb39a11b@group-F3479287C77A-LeaderElection10] INFO  server.RaftServerConfigKeys (ConfUtils.java:logGet(43)) - raft.server.log.appender.snapshot.chunk.size.max = 16MB (=16777216) (default)
2019-10-03 19:46:44,669 [15c4f9ee-ac46-4058-9265-aa9afb39a11b@group-F3479287C77A-LeaderElection10] INFO  server.RaftServerConfigKeys (ConfUtils.java:logGet(43)) - raft.server.log.appender.buffer.byte-limit = 33554432 (custom)
2019-10-03 19:46:44,669 [15c4f9ee-ac46-4058-9265-aa9afb39a11b@group-F3479287C77A-LeaderElection10] INFO  server.RaftServerConfigKeys (ConfUtils.java:logGet(43)) - raft.server.log.appender.buffer.element-limit = 1 (custom)
2019-10-03 19:46:44,669 [15c4f9ee-ac46-4058-9265-aa9afb39a11b@group-F3479287C77A-LeaderElection10] INFO  grpc.GrpcConfigKeys$Server (ConfUtils.java:logGet(43)) - raft.grpc.server.leader.outstanding.appends.max = 128 (default)
2019-10-03 19:46:44,669 [15c4f9ee-ac46-4058-9265-aa9afb39a11b@group-F3479287C77A-LeaderElection10] INFO  server.RaftServerConfigKeys (ConfUtils.java:logGet(43)) - raft.server.rpc.request.timeout = 3000ms (default)
2019-10-03 19:46:44,669 [grpc-default-executor-2] INFO  server.GrpcServerProtocolService (GrpcServerProtocolService.java:onCompleted(113)) - fe043bca-9712-4c56-92e1-fea8b14d6e88: Completed APPEND_ENTRIES, lastRequest: null
2019-10-03 19:46:44,670 [15c4f9ee-ac46-4058-9265-aa9afb39a11b@group-F3479287C77A-LeaderElection10] INFO  server.RaftServerConfigKeys (ConfUtils.java:logGet(43)) - raft.server.log.appender.install.snapshot.enabled = false (custom)
2019-10-03 19:46:44,669 [grpc-default-executor-3] INFO  server.GrpcServerProtocolService (GrpcServerProtocolService.java:onCompleted(113)) - 1c8ebbc6-c1e6-4495-a65c-885feb4be1c7: Completed APPEND_ENTRIES, lastRequest: null
2019-10-03 19:46:44,671 [15c4f9ee-ac46-4058-9265-aa9afb39a11b@group-F3479287C77A-LeaderElection10] INFO  impl.RoleInfo (RoleInfo.java:updateAndGet(143)) - 15c4f9ee-ac46-4058-9265-aa9afb39a11b: start LeaderState
2019-10-03 19:46:44,673 [15c4f9ee-ac46-4058-9265-aa9afb39a11b@group-F3479287C77A-LeaderElection10] INFO  segmented.SegmentedRaftLogWorker (SegmentedRaftLogWorker.java:startLogSegment(385)) - 15c4f9ee-ac46-4058-9265-aa9afb39a11b@group-F3479287C77A-SegmentedRaftLogWorker: Starting segment from index:0
2019-10-03 19:46:44,673 [grpc-default-executor-3] INFO  server.GrpcLogAppender (GrpcLogAppender.java:onCompleted(293)) - aca30371-01bf-4ae9-9279-957ab152ade5@group-6E40CD9026FE->fe043bca-9712-4c56-92e1-fea8b14d6e88-AppendLogResponseHandler: follower responses appendEntries COMPLETED
2019-10-03 19:46:44,675 [grpc-default-executor-2] INFO  server.GrpcLogAppender (GrpcLogAppender.java:onCompleted(293)) - aca30371-01bf-4ae9-9279-957ab152ade5@group-6E40CD9026FE->1c8ebbc6-c1e6-4495-a65c-885feb4be1c7-AppendLogResponseHandler: follower responses appendEntries COMPLETED
2019-10-03 19:46:44,677 [15c4f9ee-ac46-4058-9265-aa9afb39a11b@group-F3479287C77A-LeaderElection10] INFO  impl.RaftServerImpl (ServerState.java:setRaftConf(356)) - 15c4f9ee-ac46-4058-9265-aa9afb39a11b@group-F3479287C77A: set configuration 0: [9c523a97-aa95-4361-b6dc-8d1237959141:192.168.164.206:43984, d9d1ee00-a0d5-45f0-8be4-29bee838d1fe:192.168.164.206:34917, 15c4f9ee-ac46-4058-9265-aa9afb39a11b:192.168.164.206:45529], old=null at 0
2019-10-03 19:46:44,706 [grpc-default-executor-3] INFO  impl.FollowerInfo (FollowerInfo.java:lambda$new$0(51)) - aca30371-01bf-4ae9-9279-957ab152ade5@group-6E40CD9026FE->fe043bca-9712-4c56-92e1-fea8b14d6e88: nextIndex: updateUnconditionally 0 -> 0
2019-10-03 19:46:44,706 [grpc-default-executor-2] INFO  impl.FollowerInfo (FollowerInfo.java:lambda$new$0(51)) - aca30371-01bf-4ae9-9279-957ab152ade5@group-6E40CD9026FE->1c8ebbc6-c1e6-4495-a65c-885feb4be1c7: nextIndex: updateUnconditionally 0 -> 0
2019-10-03 19:46:44,710 [15c4f9ee-ac46-4058-9265-aa9afb39a11b@group-F3479287C77A-SegmentedRaftLogWorker] INFO  segmented.SegmentedRaftLogWorker (SegmentedRaftLogWorker.java:execute(574)) - 15c4f9ee-ac46-4058-9265-aa9afb39a11b@group-F3479287C77A-SegmentedRaftLogWorker: created new log segment /workdir/hadoop-ozone/integration-test/target/test-dir/MiniOzoneClusterImpl-dcd5f39f-879d-4b70-a9e7-132a8617f65e/datanode-1/data/ratis/c44ca7c1-cd9b-4373-a2fb-f3479287c77a/current/log_inprogress_0
2019-10-03 19:46:44,717 [grpc-default-executor-2] INFO  impl.RaftServerImpl (ServerState.java:setLeader(255)) - 9c523a97-aa95-4361-b6dc-8d1237959141@group-F3479287C77A: change Leader from null to 15c4f9ee-ac46-4058-9265-aa9afb39a11b at term 1 for appendEntries, leader elected after 5203ms
2019-10-03 19:46:44,717 [grpc-default-executor-3] INFO  impl.RaftServerImpl (ServerState.java:setLeader(255)) - d9d1ee00-a0d5-45f0-8be4-29bee838d1fe@group-F3479287C77A: change Leader from null to 15c4f9ee-ac46-4058-9265-aa9afb39a11b at term 1 for appendEntries, leader elected after 5203ms
2019-10-03 19:46:44,746 [grpc-default-executor-3] INFO  impl.RaftServerImpl (ServerState.java:setRaftConf(356)) - 9c523a97-aa95-4361-b6dc-8d1237959141@group-F3479287C77A: set configuration 0: [9c523a97-aa95-4361-b6dc-8d1237959141:192.168.164.206:43984, d9d1ee00-a0d5-45f0-8be4-29bee838d1fe:192.168.164.206:34917, 15c4f9ee-ac46-4058-9265-aa9afb39a11b:192.168.164.206:45529], old=null at 0
2019-10-03 19:46:44,746 [grpc-default-executor-2] INFO  impl.RaftServerImpl (ServerState.java:setRaftConf(356)) - d9d1ee00-a0d5-45f0-8be4-29bee838d1fe@group-F3479287C77A: set configuration 0: [9c523a97-aa95-4361-b6dc-8d1237959141:192.168.164.206:43984, d9d1ee00-a0d5-45f0-8be4-29bee838d1fe:192.168.164.206:34917, 15c4f9ee-ac46-4058-9265-aa9afb39a11b:192.168.164.206:45529], old=null at 0
2019-10-03 19:46:44,747 [grpc-default-executor-3] INFO  segmented.SegmentedRaftLogWorker (SegmentedRaftLogWorker.java:startLogSegment(385)) - 9c523a97-aa95-4361-b6dc-8d1237959141@group-F3479287C77A-SegmentedRaftLogWorker: Starting segment from index:0
2019-10-03 19:46:44,747 [grpc-default-executor-2] INFO  segmented.SegmentedRaftLogWorker (SegmentedRaftLogWorker.java:startLogSegment(385)) - d9d1ee00-a0d5-45f0-8be4-29bee838d1fe@group-F3479287C77A-SegmentedRaftLogWorker: Starting segment from index:0
2019-10-03 19:46:44,790 [9c523a97-aa95-4361-b6dc-8d1237959141@group-F3479287C77A-SegmentedRaftLogWorker] INFO  segmented.SegmentedRaftLogWorker (SegmentedRaftLogWorker.java:execute(574)) - 9c523a97-aa95-4361-b6dc-8d1237959141@group-F3479287C77A-SegmentedRaftLogWorker: created new log segment /workdir/hadoop-ozone/integration-test/target/test-dir/MiniOzoneClusterImpl-dcd5f39f-879d-4b70-a9e7-132a8617f65e/datanode-0/data/ratis/c44ca7c1-cd9b-4373-a2fb-f3479287c77a/current/log_inprogress_0
2019-10-03 19:46:44,790 [d9d1ee00-a0d5-45f0-8be4-29bee838d1fe@group-F3479287C77A-SegmentedRaftLogWorker] INFO  segmented.SegmentedRaftLogWorker (SegmentedRaftLogWorker.java:execute(574)) - d9d1ee00-a0d5-45f0-8be4-29bee838d1fe@group-F3479287C77A-SegmentedRaftLogWorker: created new log segment /workdir/hadoop-ozone/integration-test/target/test-dir/MiniOzoneClusterImpl-dcd5f39f-879d-4b70-a9e7-132a8617f65e/datanode-4/data/ratis/c44ca7c1-cd9b-4373-a2fb-f3479287c77a/current/log_inprogress_0
2019-10-03 19:46:49,697 [Thread-324] INFO  impl.FollowerState (FollowerState.java:run(108)) - aca30371-01bf-4ae9-9279-957ab152ade5@group-6E40CD9026FE-FollowerState: change to CANDIDATE, lastRpcTime:5051ms, electionTimeout:5049ms
2019-10-03 19:46:49,697 [Thread-324] INFO  impl.RoleInfo (RoleInfo.java:shutdownFollowerState(121)) - aca30371-01bf-4ae9-9279-957ab152ade5: shutdown FollowerState
2019-10-03 19:46:49,697 [Thread-324] INFO  impl.RaftServerImpl (RaftServerImpl.java:setRole(170)) - aca30371-01bf-4ae9-9279-957ab152ade5@group-6E40CD9026FE: changes role from  FOLLOWER to CANDIDATE at term 2 for changeToCandidate
2019-10-03 19:46:49,698 [Thread-324] INFO  impl.RoleInfo (RoleInfo.java:updateAndGet(143)) - aca30371-01bf-4ae9-9279-957ab152ade5: start LeaderElection
2019-10-03 19:46:49,707 [Thread-315] INFO  impl.FollowerState (FollowerState.java:run(108)) - 1c8ebbc6-c1e6-4495-a65c-885feb4be1c7@group-6E40CD9026FE-FollowerState: change to CANDIDATE, lastRpcTime:5141ms, electionTimeout:5134ms
2019-10-03 19:46:49,707 [Thread-315] INFO  impl.RoleInfo (RoleInfo.java:shutdownFollowerState(121)) - 1c8ebbc6-c1e6-4495-a65c-885feb4be1c7: shutdown FollowerState
2019-10-03 19:46:49,708 [Thread-315] INFO  impl.RaftServerImpl (RaftServerImpl.java:setRole(170)) - 1c8ebbc6-c1e6-4495-a65c-885feb4be1c7@group-6E40CD9026FE: changes role from  FOLLOWER to CANDIDATE at term 2 for changeToCandidate
2019-10-03 19:46:49,708 [Thread-315] INFO  impl.RoleInfo (RoleInfo.java:updateAndGet(143)) - 1c8ebbc6-c1e6-4495-a65c-885feb4be1c7: start LeaderElection
2019-10-03 19:46:49,718 [aca30371-01bf-4ae9-9279-957ab152ade5@group-6E40CD9026FE-LeaderElection12] INFO  impl.LeaderElection (LeaderElection.java:askForVotes(178)) - aca30371-01bf-4ae9-9279-957ab152ade5@group-6E40CD9026FE-LeaderElection12: begin an election at term 3 for 0: [aca30371-01bf-4ae9-9279-957ab152ade5:192.168.164.206:44092, 1c8ebbc6-c1e6-4495-a65c-885feb4be1c7:192.168.164.206:46856, fe043bca-9712-4c56-92e1-fea8b14d6e88:192.168.164.206:33638], old=null
2019-10-03 19:46:49,718 [1c8ebbc6-c1e6-4495-a65c-885feb4be1c7@group-6E40CD9026FE-LeaderElection13] INFO  impl.LeaderElection (LeaderElection.java:askForVotes(178)) - 1c8ebbc6-c1e6-4495-a65c-885feb4be1c7@group-6E40CD9026FE-LeaderElection13: begin an election at term 3 for -1: [aca30371-01bf-4ae9-9279-957ab152ade5:192.168.164.206:44092, 1c8ebbc6-c1e6-4495-a65c-885feb4be1c7:192.168.164.206:46856, fe043bca-9712-4c56-92e1-fea8b14d6e88:192.168.164.206:33638], old=null
2019-10-03 19:46:49,728 [Thread-310] INFO  impl.FollowerState (FollowerState.java:run(108)) - fe043bca-9712-4c56-92e1-fea8b14d6e88@group-6E40CD9026FE-FollowerState: change to CANDIDATE, lastRpcTime:5200ms, electionTimeout:5197ms
2019-10-03 19:46:49,730 [Thread-310] INFO  impl.RoleInfo (RoleInfo.java:shutdownFollowerState(121)) - fe043bca-9712-4c56-92e1-fea8b14d6e88: shutdown FollowerState
2019-10-03 19:46:49,730 [Thread-310] INFO  impl.RaftServerImpl (RaftServerImpl.java:setRole(170)) - fe043bca-9712-4c56-92e1-fea8b14d6e88@group-6E40CD9026FE: changes role from  FOLLOWER to CANDIDATE at term 2 for changeToCandidate
2019-10-03 19:46:49,730 [Thread-310] INFO  impl.RoleInfo (RoleInfo.java:updateAndGet(143)) - fe043bca-9712-4c56-92e1-fea8b14d6e88: start LeaderElection
2019-10-03 19:46:49,747 [fe043bca-9712-4c56-92e1-fea8b14d6e88@group-6E40CD9026FE-LeaderElection14] INFO  impl.LeaderElection (LeaderElection.java:askForVotes(178)) - fe043bca-9712-4c56-92e1-fea8b14d6e88@group-6E40CD9026FE-LeaderElection14: begin an election at term 3 for -1: [aca30371-01bf-4ae9-9279-957ab152ade5:192.168.164.206:44092, 1c8ebbc6-c1e6-4495-a65c-885feb4be1c7:192.168.164.206:46856, fe043bca-9712-4c56-92e1-fea8b14d6e88:192.168.164.206:33638], old=null
2019-10-03 19:46:49,754 [1c8ebbc6-c1e6-4495-a65c-885feb4be1c7@group-6E40CD9026FE-LeaderElection13] INFO  impl.LeaderElection (LeaderElection.java:logAndReturn(56)) - 1c8ebbc6-c1e6-4495-a65c-885feb4be1c7@group-6E40CD9026FE-LeaderElection13: Election REJECTED; received 2 response(s) [1c8ebbc6-c1e6-4495-a65c-885feb4be1c7<-aca30371-01bf-4ae9-9279-957ab152ade5#0:FAIL-t3, 1c8ebbc6-c1e6-4495-a65c-885feb4be1c7<-fe043bca-9712-4c56-92e1-fea8b14d6e88#0:FAIL-t3] and 0 exception(s); 1c8ebbc6-c1e6-4495-a65c-885feb4be1c7@group-6E40CD9026FE:t3, leader=null, voted=1c8ebbc6-c1e6-4495-a65c-885feb4be1c7, raftlog=1c8ebbc6-c1e6-4495-a65c-885feb4be1c7@group-6E40CD9026FE-SegmentedRaftLog:OPENED:c-1,f-1,i0, conf=-1: [aca30371-01bf-4ae9-9279-957ab152ade5:192.168.164.206:44092, 1c8ebbc6-c1e6-4495-a65c-885feb4be1c7:192.168.164.206:46856, fe043bca-9712-4c56-92e1-fea8b14d6e88:192.168.164.206:33638], old=null
2019-10-03 19:46:49,754 [1c8ebbc6-c1e6-4495-a65c-885feb4be1c7@group-6E40CD9026FE-LeaderElection13] INFO  impl.RaftServerImpl (RaftServerImpl.java:setRole(170)) - 1c8ebbc6-c1e6-4495-a65c-885feb4be1c7@group-6E40CD9026FE: changes role from CANDIDATE to FOLLOWER at term 3 for DISCOVERED_A_NEW_TERM
2019-10-03 19:46:49,758 [1c8ebbc6-c1e6-4495-a65c-885feb4be1c7@group-6E40CD9026FE-LeaderElection13] INFO  impl.RoleInfo (RoleInfo.java:shutdownLeaderElection(134)) - 1c8ebbc6-c1e6-4495-a65c-885feb4be1c7: shutdown LeaderElection
2019-10-03 19:46:49,758 [aca30371-01bf-4ae9-9279-957ab152ade5@group-6E40CD9026FE-LeaderElection12] INFO  impl.LeaderElection (LeaderElection.java:logAndReturn(56)) - aca30371-01bf-4ae9-9279-957ab152ade5@group-6E40CD9026FE-LeaderElection12: Election REJECTED; received 2 response(s) [aca30371-01bf-4ae9-9279-957ab152ade5<-1c8ebbc6-c1e6-4495-a65c-885feb4be1c7#0:FAIL-t3, aca30371-01bf-4ae9-9279-957ab152ade5<-fe043bca-9712-4c56-92e1-fea8b14d6e88#0:FAIL-t3] and 0 exception(s); aca30371-01bf-4ae9-9279-957ab152ade5@group-6E40CD9026FE:t3, leader=null, voted=aca30371-01bf-4ae9-9279-957ab152ade5, raftlog=aca30371-01bf-4ae9-9279-957ab152ade5@group-6E40CD9026FE-SegmentedRaftLog:OPENED:c-1,f0,i0, conf=0: [aca30371-01bf-4ae9-9279-957ab152ade5:192.168.164.206:44092, 1c8ebbc6-c1e6-4495-a65c-885feb4be1c7:192.168.164.206:46856, fe043bca-9712-4c56-92e1-fea8b14d6e88:192.168.164.206:33638], old=null
2019-10-03 19:46:49,760 [1c8ebbc6-c1e6-4495-a65c-885feb4be1c7@group-6E40CD9026FE-LeaderElection13] INFO  impl.RoleInfo (RoleInfo.java:updateAndGet(143)) - 1c8ebbc6-c1e6-4495-a65c-885feb4be1c7: start FollowerState
2019-10-03 19:46:49,760 [aca30371-01bf-4ae9-9279-957ab152ade5@group-6E40CD9026FE-LeaderElection12] INFO  impl.RaftServerImpl (RaftServerImpl.java:setRole(170)) - aca30371-01bf-4ae9-9279-957ab152ade5@group-6E40CD9026FE: changes role from CANDIDATE to FOLLOWER at term 3 for DISCOVERED_A_NEW_TERM
2019-10-03 19:46:49,764 [aca30371-01bf-4ae9-9279-957ab152ade5@group-6E40CD9026FE-LeaderElection12] INFO  impl.RoleInfo (RoleInfo.java:shutdownLeaderElection(134)) - aca30371-01bf-4ae9-9279-957ab152ade5: shutdown LeaderElection
2019-10-03 19:46:49,764 [aca30371-01bf-4ae9-9279-957ab152ade5@group-6E40CD9026FE-LeaderElection12] INFO  impl.RoleInfo (RoleInfo.java:updateAndGet(143)) - aca30371-01bf-4ae9-9279-957ab152ade5: start FollowerState
2019-10-03 19:46:49,769 [fe043bca-9712-4c56-92e1-fea8b14d6e88@group-6E40CD9026FE-LeaderElection14] INFO  impl.LeaderElection (LeaderElection.java:logAndReturn(56)) - fe043bca-9712-4c56-92e1-fea8b14d6e88@group-6E40CD9026FE-LeaderElection14: Election REJECTED; received 2 response(s) [fe043bca-9712-4c56-92e1-fea8b14d6e88<-1c8ebbc6-c1e6-4495-a65c-885feb4be1c7#0:FAIL-t3, fe043bca-9712-4c56-92e1-fea8b14d6e88<-aca30371-01bf-4ae9-9279-957ab152ade5#0:FAIL-t3] and 0 exception(s); fe043bca-9712-4c56-92e1-fea8b14d6e88@group-6E40CD9026FE:t3, leader=null, voted=fe043bca-9712-4c56-92e1-fea8b14d6e88, raftlog=fe043bca-9712-4c56-92e1-fea8b14d6e88@group-6E40CD9026FE-SegmentedRaftLog:OPENED:c-1,f-1,i0, conf=-1: [aca30371-01bf-4ae9-9279-957ab152ade5:192.168.164.206:44092, 1c8ebbc6-c1e6-4495-a65c-885feb4be1c7:192.168.164.206:46856, fe043bca-9712-4c56-92e1-fea8b14d6e88:192.168.164.206:33638], old=null
2019-10-03 19:46:49,769 [fe043bca-9712-4c56-92e1-fea8b14d6e88@group-6E40CD9026FE-LeaderElection14] INFO  impl.RaftServerImpl (RaftServerImpl.java:setRole(170)) - fe043bca-9712-4c56-92e1-fea8b14d6e88@group-6E40CD9026FE: changes role from CANDIDATE to FOLLOWER at term 3 for DISCOVERED_A_NEW_TERM
2019-10-03 19:46:49,771 [fe043bca-9712-4c56-92e1-fea8b14d6e88@group-6E40CD9026FE-LeaderElection14] INFO  impl.RoleInfo (RoleInfo.java:shutdownLeaderElection(134)) - fe043bca-9712-4c56-92e1-fea8b14d6e88: shutdown LeaderElection
2019-10-03 19:46:49,771 [fe043bca-9712-4c56-92e1-fea8b14d6e88@group-6E40CD9026FE-LeaderElection14] INFO  impl.RoleInfo (RoleInfo.java:updateAndGet(143)) - fe043bca-9712-4c56-92e1-fea8b14d6e88: start FollowerState
2019-10-03 19:46:54,830 [Thread-357] INFO  impl.FollowerState (FollowerState.java:run(108)) - aca30371-01bf-4ae9-9279-957ab152ade5@group-6E40CD9026FE-FollowerState: change to CANDIDATE, lastRpcTime:5065ms, electionTimeout:5064ms
2019-10-03 19:46:54,838 [Thread-357] INFO  impl.RoleInfo (RoleInfo.java:shutdownFollowerState(121)) - aca30371-01bf-4ae9-9279-957ab152ade5: shutdown FollowerState
2019-10-03 19:46:54,839 [Thread-357] INFO  impl.RaftServerImpl (RaftServerImpl.java:setRole(170)) - aca30371-01bf-4ae9-9279-957ab152ade5@group-6E40CD9026FE: changes role from  FOLLOWER to CANDIDATE at term 3 for changeToCandidate
2019-10-03 19:46:54,839 [Thread-357] INFO  impl.RoleInfo (RoleInfo.java:updateAndGet(143)) - aca30371-01bf-4ae9-9279-957ab152ade5: start LeaderElection
2019-10-03 19:46:54,844 [Thread-358] INFO  impl.FollowerState (FollowerState.java:run(108)) - fe043bca-9712-4c56-92e1-fea8b14d6e88@group-6E40CD9026FE-FollowerState: change to CANDIDATE, lastRpcTime:5072ms, electionTimeout:5071ms
2019-10-03 19:46:54,844 [Thread-358] INFO  impl.RoleInfo (RoleInfo.java:shutdownFollowerState(121)) - fe043bca-9712-4c56-92e1-fea8b14d6e88: shutdown FollowerState
2019-10-03 19:46:54,844 [Thread-358] INFO  impl.RaftServerImpl (RaftServerImpl.java:setRole(170)) - fe043bca-9712-4c56-92e1-fea8b14d6e88@group-6E40CD9026FE: changes role from  FOLLOWER to CANDIDATE at term 3 for changeToCandidate
2019-10-03 19:46:54,844 [Thread-358] INFO  impl.RoleInfo (RoleInfo.java:updateAndGet(143)) - fe043bca-9712-4c56-92e1-fea8b14d6e88: start LeaderElection
2019-10-03 19:46:54,856 [fe043bca-9712-4c56-92e1-fea8b14d6e88@group-6E40CD9026FE-LeaderElection16] INFO  impl.LeaderElection (LeaderElection.java:askForVotes(178)) - fe043bca-9712-4c56-92e1-fea8b14d6e88@group-6E40CD9026FE-LeaderElection16: begin an election at term 4 for -1: [aca30371-01bf-4ae9-9279-957ab152ade5:192.168.164.206:44092, 1c8ebbc6-c1e6-4495-a65c-885feb4be1c7:192.168.164.206:46856, fe043bca-9712-4c56-92e1-fea8b14d6e88:192.168.164.206:33638], old=null
2019-10-03 19:46:54,856 [aca30371-01bf-4ae9-9279-957ab152ade5@group-6E40CD9026FE-LeaderElection15] INFO  impl.LeaderElection (LeaderElection.java:askForVotes(178)) - aca30371-01bf-4ae9-9279-957ab152ade5@group-6E40CD9026FE-LeaderElection15: begin an election at term 4 for 0: [aca30371-01bf-4ae9-9279-957ab152ade5:192.168.164.206:44092, 1c8ebbc6-c1e6-4495-a65c-885feb4be1c7:192.168.164.206:46856, fe043bca-9712-4c56-92e1-fea8b14d6e88:192.168.164.206:33638], old=null
2019-10-03 19:46:54,862 [grpc-default-executor-0] INFO  impl.RaftServerImpl (RaftServerImpl.java:setRole(170)) - 1c8ebbc6-c1e6-4495-a65c-885feb4be1c7@group-6E40CD9026FE: changes role from  FOLLOWER to FOLLOWER at term 4 for recognizeCandidate:aca30371-01bf-4ae9-9279-957ab152ade5
2019-10-03 19:46:54,863 [grpc-default-executor-0] INFO  impl.RoleInfo (RoleInfo.java:shutdownFollowerState(121)) - 1c8ebbc6-c1e6-4495-a65c-885feb4be1c7: shutdown FollowerState
2019-10-03 19:46:54,863 [grpc-default-executor-0] INFO  impl.RoleInfo (RoleInfo.java:updateAndGet(143)) - 1c8ebbc6-c1e6-4495-a65c-885feb4be1c7: start FollowerState
2019-10-03 19:46:54,863 [Thread-356] INFO  impl.FollowerState (FollowerState.java:run(117)) - 1c8ebbc6-c1e6-4495-a65c-885feb4be1c7@group-6E40CD9026FE-FollowerState was interrupted: java.lang.InterruptedException: sleep interrupted
2019-10-03 19:46:54,892 [fe043bca-9712-4c56-92e1-fea8b14d6e88@group-6E40CD9026FE-LeaderElection16] INFO  impl.LeaderElection (LeaderElection.java:logAndReturn(56)) - fe043bca-9712-4c56-92e1-fea8b14d6e88@group-6E40CD9026FE-LeaderElection16: Election REJECTED; received 2 response(s) [fe043bca-9712-4c56-92e1-fea8b14d6e88<-aca30371-01bf-4ae9-9279-957ab152ade5#0:FAIL-t4, fe043bca-9712-4c56-92e1-fea8b14d6e88<-1c8ebbc6-c1e6-4495-a65c-885feb4be1c7#0:FAIL-t4] and 0 exception(s); fe043bca-9712-4c56-92e1-fea8b14d6e88@group-6E40CD9026FE:t4, leader=null, voted=fe043bca-9712-4c56-92e1-fea8b14d6e88, raftlog=fe043bca-9712-4c56-92e1-fea8b14d6e88@group-6E40CD9026FE-SegmentedRaftLog:OPENED:c-1,f-1,i0, conf=-1: [aca30371-01bf-4ae9-9279-957ab152ade5:192.168.164.206:44092, 1c8ebbc6-c1e6-4495-a65c-885feb4be1c7:192.168.164.206:46856, fe043bca-9712-4c56-92e1-fea8b14d6e88:192.168.164.206:33638], old=null
2019-10-03 19:46:54,893 [fe043bca-9712-4c56-92e1-fea8b14d6e88@group-6E40CD9026FE-LeaderElection16] INFO  impl.RaftServerImpl (RaftServerImpl.java:setRole(170)) - fe043bca-9712-4c56-92e1-fea8b14d6e88@group-6E40CD9026FE: changes role from CANDIDATE to FOLLOWER at term 4 for DISCOVERED_A_NEW_TERM
2019-10-03 19:46:54,898 [fe043bca-9712-4c56-92e1-fea8b14d6e88@group-6E40CD9026FE-LeaderElection16] INFO  impl.RoleInfo (RoleInfo.java:shutdownLeaderElection(134)) - fe043bca-9712-4c56-92e1-fea8b14d6e88: shutdown LeaderElection
2019-10-03 19:46:54,898 [aca30371-01bf-4ae9-9279-957ab152ade5@group-6E40CD9026FE-LeaderElection15] INFO  impl.LeaderElection (LeaderElection.java:logAndReturn(56)) - aca30371-01bf-4ae9-9279-957ab152ade5@group-6E40CD9026FE-LeaderElection15: Election PASSED; received 2 response(s) [aca30371-01bf-4ae9-9279-957ab152ade5<-1c8ebbc6-c1e6-4495-a65c-885feb4be1c7#0:OK-t4, aca30371-01bf-4ae9-9279-957ab152ade5<-fe043bca-9712-4c56-92e1-fea8b14d6e88#0:FAIL-t4] and 0 exception(s); aca30371-01bf-4ae9-9279-957ab152ade5@group-6E40CD9026FE:t4, leader=null, voted=aca30371-01bf-4ae9-9279-957ab152ade5, raftlog=aca30371-01bf-4ae9-9279-957ab152ade5@group-6E40CD9026FE-SegmentedRaftLog:OPENED:c-1,f0,i0, conf=0: [aca30371-01bf-4ae9-9279-957ab152ade5:192.168.164.206:44092, 1c8ebbc6-c1e6-4495-a65c-885feb4be1c7:192.168.164.206:46856, fe043bca-9712-4c56-92e1-fea8b14d6e88:192.168.164.206:33638], old=null
2019-10-03 19:46:54,899 [fe043bca-9712-4c56-92e1-fea8b14d6e88@group-6E40CD9026FE-LeaderElection16] INFO  impl.RoleInfo (RoleInfo.java:updateAndGet(143)) - fe043bca-9712-4c56-92e1-fea8b14d6e88: start FollowerState
2019-10-03 19:46:54,900 [aca30371-01bf-4ae9-9279-957ab152ade5@group-6E40CD9026FE-LeaderElection15] INFO  impl.RoleInfo (RoleInfo.java:shutdownLeaderElection(134)) - aca30371-01bf-4ae9-9279-957ab152ade5: shutdown LeaderElection
2019-10-03 19:46:54,901 [aca30371-01bf-4ae9-9279-957ab152ade5@group-6E40CD9026FE-LeaderElection15] INFO  impl.RaftServerImpl (RaftServerImpl.java:setRole(170)) - aca30371-01bf-4ae9-9279-957ab152ade5@group-6E40CD9026FE: changes role from CANDIDATE to LEADER at term 4 for changeToLeader
2019-10-03 19:46:54,901 [aca30371-01bf-4ae9-9279-957ab152ade5@group-6E40CD9026FE-LeaderElection15] INFO  impl.RaftServerImpl (ServerState.java:setLeader(255)) - aca30371-01bf-4ae9-9279-957ab152ade5@group-6E40CD9026FE: change Leader from null to aca30371-01bf-4ae9-9279-957ab152ade5 at term 4 for becomeLeader, leader elected after 10269ms
2019-10-03 19:46:54,902 [aca30371-01bf-4ae9-9279-957ab152ade5@group-6E40CD9026FE-LeaderElection15] INFO  server.RaftServerConfigKeys (ConfUtils.java:logGet(43)) - raft.server.staging.catchup.gap = 1000 (default)
2019-10-03 19:46:54,902 [aca30371-01bf-4ae9-9279-957ab152ade5@group-6E40CD9026FE-LeaderElection15] INFO  server.RaftServerConfigKeys (ConfUtils.java:logGet(43)) - raft.server.rpc.sleep.time = 25ms (default)
2019-10-03 19:46:54,902 [aca30371-01bf-4ae9-9279-957ab152ade5@group-6E40CD9026FE-LeaderElection15] INFO  server.RaftServerConfigKeys (ConfUtils.java:logGet(43)) - raft.server.write.element-limit = 4096 (default)
2019-10-03 19:46:54,903 [aca30371-01bf-4ae9-9279-957ab152ade5@group-6E40CD9026FE-LeaderElection15] INFO  server.RaftServerConfigKeys (ConfUtils.java:logGet(43)) - raft.server.watch.timeout = 10s (default)
2019-10-03 19:46:54,903 [aca30371-01bf-4ae9-9279-957ab152ade5@group-6E40CD9026FE-LeaderElection15] INFO  server.RaftServerConfigKeys (ConfUtils.java:logGet(43)) - raft.server.watch.timeout.denomination = 1s (default)
2019-10-03 19:46:54,903 [aca30371-01bf-4ae9-9279-957ab152ade5@group-6E40CD9026FE-LeaderElection15] INFO  server.RaftServerConfigKeys (ConfUtils.java:logGet(43)) - raft.server.watch.element-limit = 65536 (default)
2019-10-03 19:46:54,904 [aca30371-01bf-4ae9-9279-957ab152ade5@group-6E40CD9026FE-LeaderElection15] INFO  server.RaftServerConfigKeys (ConfUtils.java:logGet(43)) - raft.server.log.appender.snapshot.chunk.size.max = 16MB (=16777216) (default)
2019-10-03 19:46:54,904 [aca30371-01bf-4ae9-9279-957ab152ade5@group-6E40CD9026FE-LeaderElection15] INFO  server.RaftServerConfigKeys (ConfUtils.java:logGet(43)) - raft.server.log.appender.buffer.byte-limit = 33554432 (custom)
2019-10-03 19:46:54,904 [aca30371-01bf-4ae9-9279-957ab152ade5@group-6E40CD9026FE-LeaderElection15] INFO  server.RaftServerConfigKeys (ConfUtils.java:logGet(43)) - raft.server.log.appender.buffer.element-limit = 1 (custom)
2019-10-03 19:46:54,904 [aca30371-01bf-4ae9-9279-957ab152ade5@group-6E40CD9026FE-LeaderElection15] INFO  grpc.GrpcConfigKeys$Server (ConfUtils.java:logGet(43)) - raft.grpc.server.leader.outstanding.appends.max = 128 (default)
2019-10-03 19:46:54,905 [aca30371-01bf-4ae9-9279-957ab152ade5@group-6E40CD9026FE-LeaderElection15] INFO  server.RaftServerConfigKeys (ConfUtils.java:logGet(43)) - raft.server.rpc.request.timeout = 3000ms (default)
2019-10-03 19:46:54,905 [aca30371-01bf-4ae9-9279-957ab152ade5@group-6E40CD9026FE-LeaderElection15] INFO  server.RaftServerConfigKeys (ConfUtils.java:logGet(43)) - raft.server.log.appender.install.snapshot.enabled = false (custom)
2019-10-03 19:46:54,905 [aca30371-01bf-4ae9-9279-957ab152ade5@group-6E40CD9026FE-LeaderElection15] INFO  server.RaftServerConfigKeys (ConfUtils.java:logGet(43)) - raft.server.log.appender.snapshot.chunk.size.max = 16MB (=16777216) (default)
2019-10-03 19:46:54,905 [aca30371-01bf-4ae9-9279-957ab152ade5@group-6E40CD9026FE-LeaderElection15] INFO  server.RaftServerConfigKeys (ConfUtils.java:logGet(43)) - raft.server.log.appender.buffer.byte-limit = 33554432 (custom)
2019-10-03 19:46:54,905 [aca30371-01bf-4ae9-9279-957ab152ade5@group-6E40CD9026FE-LeaderElection15] INFO  server.RaftServerConfigKeys (ConfUtils.java:logGet(43)) - raft.server.log.appender.buffer.element-limit = 1 (custom)
2019-10-03 19:46:54,905 [aca30371-01bf-4ae9-9279-957ab152ade5@group-6E40CD9026FE-LeaderElection15] INFO  grpc.GrpcConfigKeys$Server (ConfUtils.java:logGet(43)) - raft.grpc.server.leader.outstanding.appends.max = 128 (default)
2019-10-03 19:46:54,906 [aca30371-01bf-4ae9-9279-957ab152ade5@group-6E40CD9026FE-LeaderElection15] INFO  server.RaftServerConfigKeys (ConfUtils.java:logGet(43)) - raft.server.rpc.request.timeout = 3000ms (default)
2019-10-03 19:46:54,906 [aca30371-01bf-4ae9-9279-957ab152ade5@group-6E40CD9026FE-LeaderElection15] INFO  server.RaftServerConfigKeys (ConfUtils.java:logGet(43)) - raft.server.log.appender.install.snapshot.enabled = false (custom)
2019-10-03 19:46:54,906 [aca30371-01bf-4ae9-9279-957ab152ade5@group-6E40CD9026FE-LeaderElection15] INFO  impl.RoleInfo (RoleInfo.java:updateAndGet(143)) - aca30371-01bf-4ae9-9279-957ab152ade5: start LeaderState
2019-10-03 19:46:54,909 [aca30371-01bf-4ae9-9279-957ab152ade5@group-6E40CD9026FE-LeaderElection15] INFO  segmented.SegmentedRaftLogWorker (SegmentedRaftLogWorker.java:rollLogSegment(390)) - aca30371-01bf-4ae9-9279-957ab152ade5@group-6E40CD9026FE-SegmentedRaftLogWorker: Rolling segment log-0_0 to index:0
2019-10-03 19:46:54,912 [aca30371-01bf-4ae9-9279-957ab152ade5@group-6E40CD9026FE-SegmentedRaftLogWorker] INFO  segmented.SegmentedRaftLogWorker (SegmentedRaftLogWorker.java:execute(531)) - aca30371-01bf-4ae9-9279-957ab152ade5@group-6E40CD9026FE-SegmentedRaftLogWorker: Rolled log segment from /workdir/hadoop-ozone/integration-test/target/test-dir/MiniOzoneClusterImpl-dcd5f39f-879d-4b70-a9e7-132a8617f65e/datanode-3/data/ratis/69222be2-f71e-41c2-a360-6e40cd9026fe/current/log_inprogress_0 to /workdir/hadoop-ozone/integration-test/target/test-dir/MiniOzoneClusterImpl-dcd5f39f-879d-4b70-a9e7-132a8617f65e/datanode-3/data/ratis/69222be2-f71e-41c2-a360-6e40cd9026fe/current/log_0-0
2019-10-03 19:46:54,918 [aca30371-01bf-4ae9-9279-957ab152ade5@group-6E40CD9026FE-LeaderElection15] INFO  impl.RaftServerImpl (ServerState.java:setRaftConf(356)) - aca30371-01bf-4ae9-9279-957ab152ade5@group-6E40CD9026FE: set configuration 1: [aca30371-01bf-4ae9-9279-957ab152ade5:192.168.164.206:44092, 1c8ebbc6-c1e6-4495-a65c-885feb4be1c7:192.168.164.206:46856, fe043bca-9712-4c56-92e1-fea8b14d6e88:192.168.164.206:33638], old=null at 1
2019-10-03 19:46:54,920 [grpc-default-executor-3] INFO  impl.RaftServerImpl (ServerState.java:setLeader(255)) - fe043bca-9712-4c56-92e1-fea8b14d6e88@group-6E40CD9026FE: change Leader from null to aca30371-01bf-4ae9-9279-957ab152ade5 at term 4 for appendEntries, leader elected after 15503ms
2019-10-03 19:46:54,938 [grpc-default-executor-0] INFO  impl.RaftServerImpl (ServerState.java:setLeader(255)) - 1c8ebbc6-c1e6-4495-a65c-885feb4be1c7@group-6E40CD9026FE: change Leader from null to aca30371-01bf-4ae9-9279-957ab152ade5 at term 4 for appendEntries, leader elected after 15521ms
2019-10-03 19:46:54,938 [grpc-default-executor-3] INFO  impl.RaftServerImpl (RaftServerImpl.java:checkInconsistentAppendEntries(999)) - fe043bca-9712-4c56-92e1-fea8b14d6e88@group-6E40CD9026FE: Failed appendEntries as previous log entry ((t:1, i:0)) is not found
2019-10-03 19:46:54,938 [grpc-default-executor-0] INFO  impl.RaftServerImpl (RaftServerImpl.java:checkInconsistentAppendEntries(999)) - 1c8ebbc6-c1e6-4495-a65c-885feb4be1c7@group-6E40CD9026FE: Failed appendEntries as previous log entry ((t:1, i:0)) is not found
2019-10-03 19:46:54,939 [grpc-default-executor-3] INFO  impl.RaftServerImpl (RaftServerImpl.java:checkInconsistentAppendEntries(972)) - fe043bca-9712-4c56-92e1-fea8b14d6e88@group-6E40CD9026FE: inconsistency entries. Reply:aca30371-01bf-4ae9-9279-957ab152ade5<-fe043bca-9712-4c56-92e1-fea8b14d6e88#0:FAIL,INCONSISTENCY,nextIndex:0,term:4,followerCommit:-1
2019-10-03 19:46:54,939 [grpc-default-executor-0] INFO  impl.RaftServerImpl (RaftServerImpl.java:checkInconsistentAppendEntries(972)) - 1c8ebbc6-c1e6-4495-a65c-885feb4be1c7@group-6E40CD9026FE: inconsistency entries. Reply:aca30371-01bf-4ae9-9279-957ab152ade5<-1c8ebbc6-c1e6-4495-a65c-885feb4be1c7#0:FAIL,INCONSISTENCY,nextIndex:0,term:4,followerCommit:-1
2019-10-03 19:46:54,941 [grpc-default-executor-3] INFO  impl.FollowerInfo (FollowerInfo.java:lambda$new$0(51)) - aca30371-01bf-4ae9-9279-957ab152ade5@group-6E40CD9026FE->fe043bca-9712-4c56-92e1-fea8b14d6e88: nextIndex: updateUnconditionally 1 -> 0
2019-10-03 19:46:54,941 [grpc-default-executor-0] INFO  impl.FollowerInfo (FollowerInfo.java:lambda$new$0(51)) - aca30371-01bf-4ae9-9279-957ab152ade5@group-6E40CD9026FE->1c8ebbc6-c1e6-4495-a65c-885feb4be1c7: nextIndex: updateUnconditionally 1 -> 0
2019-10-03 19:46:54,942 [grpc-default-executor-3] INFO  impl.RaftServerImpl (ServerState.java:setRaftConf(356)) - 1c8ebbc6-c1e6-4495-a65c-885feb4be1c7@group-6E40CD9026FE: set configuration 0: [aca30371-01bf-4ae9-9279-957ab152ade5:192.168.164.206:44092, 1c8ebbc6-c1e6-4495-a65c-885feb4be1c7:192.168.164.206:46856, fe043bca-9712-4c56-92e1-fea8b14d6e88:192.168.164.206:33638], old=null at 0
2019-10-03 19:46:54,942 [grpc-default-executor-0] INFO  impl.RaftServerImpl (ServerState.java:setRaftConf(356)) - fe043bca-9712-4c56-92e1-fea8b14d6e88@group-6E40CD9026FE: set configuration 0: [aca30371-01bf-4ae9-9279-957ab152ade5:192.168.164.206:44092, 1c8ebbc6-c1e6-4495-a65c-885feb4be1c7:192.168.164.206:46856, fe043bca-9712-4c56-92e1-fea8b14d6e88:192.168.164.206:33638], old=null at 0
2019-10-03 19:46:54,943 [grpc-default-executor-3] INFO  segmented.SegmentedRaftLogWorker (SegmentedRaftLogWorker.java:startLogSegment(385)) - 1c8ebbc6-c1e6-4495-a65c-885feb4be1c7@group-6E40CD9026FE-SegmentedRaftLogWorker: Starting segment from index:0
2019-10-03 19:46:54,943 [grpc-default-executor-0] INFO  segmented.SegmentedRaftLogWorker (SegmentedRaftLogWorker.java:startLogSegment(385)) - fe043bca-9712-4c56-92e1-fea8b14d6e88@group-6E40CD9026FE-SegmentedRaftLogWorker: Starting segment from index:0
2019-10-03 19:46:54,944 [grpc-default-executor-3] INFO  impl.RaftServerImpl (ServerState.java:setRaftConf(356)) - fe043bca-9712-4c56-92e1-fea8b14d6e88@group-6E40CD9026FE: set configuration 1: [aca30371-01bf-4ae9-9279-957ab152ade5:192.168.164.206:44092, 1c8ebbc6-c1e6-4495-a65c-885feb4be1c7:192.168.164.206:46856, fe043bca-9712-4c56-92e1-fea8b14d6e88:192.168.164.206:33638], old=null at 1
2019-10-03 19:46:54,944 [grpc-default-executor-0] INFO  impl.RaftServerImpl (ServerState.java:setRaftConf(356)) - 1c8ebbc6-c1e6-4495-a65c-885feb4be1c7@group-6E40CD9026FE: set configuration 1: [aca30371-01bf-4ae9-9279-957ab152ade5:192.168.164.206:44092, 1c8ebbc6-c1e6-4495-a65c-885feb4be1c7:192.168.164.206:46856, fe043bca-9712-4c56-92e1-fea8b14d6e88:192.168.164.206:33638], old=null at 1
2019-10-03 19:46:54,944 [grpc-default-executor-3] INFO  segmented.SegmentedRaftLogWorker (SegmentedRaftLogWorker.java:rollLogSegment(390)) - fe043bca-9712-4c56-92e1-fea8b14d6e88@group-6E40CD9026FE-SegmentedRaftLogWorker: Rolling segment log-0_0 to index:0
2019-10-03 19:46:54,944 [grpc-default-executor-0] INFO  segmented.SegmentedRaftLogWorker (SegmentedRaftLogWorker.java:rollLogSegment(390)) - 1c8ebbc6-c1e6-4495-a65c-885feb4be1c7@group-6E40CD9026FE-SegmentedRaftLogWorker: Rolling segment log-0_0 to index:0
2019-10-03 19:46:54,951 [aca30371-01bf-4ae9-9279-957ab152ade5@group-6E40CD9026FE-SegmentedRaftLogWorker] INFO  segmented.SegmentedRaftLogWorker (SegmentedRaftLogWorker.java:execute(574)) - aca30371-01bf-4ae9-9279-957ab152ade5@group-6E40CD9026FE-SegmentedRaftLogWorker: created new log segment /workdir/hadoop-ozone/integration-test/target/test-dir/MiniOzoneClusterImpl-dcd5f39f-879d-4b70-a9e7-132a8617f65e/datanode-3/data/ratis/69222be2-f71e-41c2-a360-6e40cd9026fe/current/log_inprogress_1
2019-10-03 19:46:54,986 [1c8ebbc6-c1e6-4495-a65c-885feb4be1c7@group-6E40CD9026FE-SegmentedRaftLogWorker] INFO  segmented.SegmentedRaftLogWorker (SegmentedRaftLogWorker.java:execute(574)) - 1c8ebbc6-c1e6-4495-a65c-885feb4be1c7@group-6E40CD9026FE-SegmentedRaftLogWorker: created new log segment /workdir/hadoop-ozone/integration-test/target/test-dir/MiniOzoneClusterImpl-dcd5f39f-879d-4b70-a9e7-132a8617f65e/datanode-2/data/ratis/69222be2-f71e-41c2-a360-6e40cd9026fe/current/log_inprogress_0
2019-10-03 19:46:54,986 [fe043bca-9712-4c56-92e1-fea8b14d6e88@group-6E40CD9026FE-SegmentedRaftLogWorker] INFO  segmented.SegmentedRaftLogWorker (SegmentedRaftLogWorker.java:execute(574)) - fe043bca-9712-4c56-92e1-fea8b14d6e88@group-6E40CD9026FE-SegmentedRaftLogWorker: created new log segment /workdir/hadoop-ozone/integration-test/target/test-dir/MiniOzoneClusterImpl-dcd5f39f-879d-4b70-a9e7-132a8617f65e/datanode-5/data/ratis/69222be2-f71e-41c2-a360-6e40cd9026fe/current/log_inprogress_0
2019-10-03 19:46:54,997 [fe043bca-9712-4c56-92e1-fea8b14d6e88@group-6E40CD9026FE-SegmentedRaftLogWorker] INFO  segmented.SegmentedRaftLogWorker (SegmentedRaftLogWorker.java:execute(531)) - fe043bca-9712-4c56-92e1-fea8b14d6e88@group-6E40CD9026FE-SegmentedRaftLogWorker: Rolled log segment from /workdir/hadoop-ozone/integration-test/target/test-dir/MiniOzoneClusterImpl-dcd5f39f-879d-4b70-a9e7-132a8617f65e/datanode-5/data/ratis/69222be2-f71e-41c2-a360-6e40cd9026fe/current/log_inprogress_0 to /workdir/hadoop-ozone/integration-test/target/test-dir/MiniOzoneClusterImpl-dcd5f39f-879d-4b70-a9e7-132a8617f65e/datanode-5/data/ratis/69222be2-f71e-41c2-a360-6e40cd9026fe/current/log_0-0
2019-10-03 19:46:54,998 [1c8ebbc6-c1e6-4495-a65c-885feb4be1c7@group-6E40CD9026FE-SegmentedRaftLogWorker] INFO  segmented.SegmentedRaftLogWorker (SegmentedRaftLogWorker.java:execute(531)) - 1c8ebbc6-c1e6-4495-a65c-885feb4be1c7@group-6E40CD9026FE-SegmentedRaftLogWorker: Rolled log segment from /workdir/hadoop-ozone/integration-test/target/test-dir/MiniOzoneClusterImpl-dcd5f39f-879d-4b70-a9e7-132a8617f65e/datanode-2/data/ratis/69222be2-f71e-41c2-a360-6e40cd9026fe/current/log_inprogress_0 to /workdir/hadoop-ozone/integration-test/target/test-dir/MiniOzoneClusterImpl-dcd5f39f-879d-4b70-a9e7-132a8617f65e/datanode-2/data/ratis/69222be2-f71e-41c2-a360-6e40cd9026fe/current/log_0-0
2019-10-03 19:46:55,039 [1c8ebbc6-c1e6-4495-a65c-885feb4be1c7@group-6E40CD9026FE-SegmentedRaftLogWorker] INFO  segmented.SegmentedRaftLogWorker (SegmentedRaftLogWorker.java:execute(574)) - 1c8ebbc6-c1e6-4495-a65c-885feb4be1c7@group-6E40CD9026FE-SegmentedRaftLogWorker: created new log segment /workdir/hadoop-ozone/integration-test/target/test-dir/MiniOzoneClusterImpl-dcd5f39f-879d-4b70-a9e7-132a8617f65e/datanode-2/data/ratis/69222be2-f71e-41c2-a360-6e40cd9026fe/current/log_inprogress_1
2019-10-03 19:46:55,039 [fe043bca-9712-4c56-92e1-fea8b14d6e88@group-6E40CD9026FE-SegmentedRaftLogWorker] INFO  segmented.SegmentedRaftLogWorker (SegmentedRaftLogWorker.java:execute(574)) - fe043bca-9712-4c56-92e1-fea8b14d6e88@group-6E40CD9026FE-SegmentedRaftLogWorker: created new log segment /workdir/hadoop-ozone/integration-test/target/test-dir/MiniOzoneClusterImpl-dcd5f39f-879d-4b70-a9e7-132a8617f65e/datanode-5/data/ratis/69222be2-f71e-41c2-a360-6e40cd9026fe/current/log_inprogress_1
2019-10-03 19:46:56,388 [Datanode State Machine Thread - 0] INFO  statemachine.DatanodeStateMachine (DatanodeStateMachine.java:lambda$startDaemon$0(350)) - Ozone container server started.
2019-10-03 19:47:00,438 [main] INFO  ozoneimpl.OzoneContainer (OzoneContainer.java:stop(231)) - Attempting to stop container services.
2019-10-03 19:47:00,440 [main] INFO  impl.RaftServerProxy (RaftServerProxy.java:lambda$close$4(314)) - aca30371-01bf-4ae9-9279-957ab152ade5: close
2019-10-03 19:47:00,442 [main] INFO  impl.RaftServerImpl (RaftServerImpl.java:lambda$shutdown$3(247)) - aca30371-01bf-4ae9-9279-957ab152ade5@group-6E40CD9026FE: shutdown
2019-10-03 19:47:00,442 [ForkJoinPool.commonPool-worker-0] INFO  impl.RaftServerImpl (RaftServerImpl.java:lambda$shutdown$3(247)) - aca30371-01bf-4ae9-9279-957ab152ade5@group-BDE74385F285: shutdown
2019-10-03 19:47:00,443 [main] INFO  util.JmxRegister (JmxRegister.java:unregister(73)) - Successfully un-registered JMX Bean with object name Ratis:service=RaftServer,group=group-6E40CD9026FE,id=aca30371-01bf-4ae9-9279-957ab152ade5
2019-10-03 19:47:00,443 [ForkJoinPool.commonPool-worker-0] INFO  util.JmxRegister (JmxRegister.java:unregister(73)) - Successfully un-registered JMX Bean with object name Ratis:service=RaftServer,group=group-BDE74385F285,id=aca30371-01bf-4ae9-9279-957ab152ade5
2019-10-03 19:47:00,443 [main] INFO  impl.RoleInfo (RoleInfo.java:shutdownLeaderState(104)) - aca30371-01bf-4ae9-9279-957ab152ade5: shutdown LeaderState
2019-10-03 19:47:00,443 [ForkJoinPool.commonPool-worker-0] INFO  impl.RoleInfo (RoleInfo.java:shutdownLeaderState(104)) - aca30371-01bf-4ae9-9279-957ab152ade5: shutdown LeaderState
2019-10-03 19:47:00,450 [org.apache.ratis.server.impl.LogAppender$AppenderDaemon$$Lambda$507/66066797@19d336ff] WARN  server.GrpcLogAppender (GrpcLogAppender.java:mayWait(143)) - aca30371-01bf-4ae9-9279-957ab152ade5@group-6E40CD9026FE->1c8ebbc6-c1e6-4495-a65c-885feb4be1c7-GrpcLogAppender: Wait interrupted by java.lang.InterruptedException
2019-10-03 19:47:00,452 [ForkJoinPool.commonPool-worker-0] INFO  impl.PendingRequests (PendingRequests.java:sendNotLeaderResponses(202)) - aca30371-01bf-4ae9-9279-957ab152ade5@group-BDE74385F285-PendingRequests: sendNotLeaderResponses
2019-10-03 19:47:00,450 [org.apache.ratis.server.impl.LogAppender$AppenderDaemon$$Lambda$507/66066797@5cd1aba1] WARN  server.GrpcLogAppender (GrpcLogAppender.java:mayWait(143)) - aca30371-01bf-4ae9-9279-957ab152ade5@group-6E40CD9026FE->fe043bca-9712-4c56-92e1-fea8b14d6e88-GrpcLogAppender: Wait interrupted by java.lang.InterruptedException
2019-10-03 19:47:00,450 [main] INFO  impl.PendingRequests (PendingRequests.java:sendNotLeaderResponses(202)) - aca30371-01bf-4ae9-9279-957ab152ade5@group-6E40CD9026FE-PendingRequests: sendNotLeaderResponses
2019-10-03 19:47:00,453 [ForkJoinPool.commonPool-worker-0] INFO  impl.StateMachineUpdater (StateMachineUpdater.java:stopAndJoin(136)) - aca30371-01bf-4ae9-9279-957ab152ade5@group-BDE74385F285-StateMachineUpdater: set stopIndex = 0
2019-10-03 19:47:00,459 [grpc-default-executor-3] INFO  server.GrpcServerProtocolService (GrpcServerProtocolService.java:onCompleted(113)) - fe043bca-9712-4c56-92e1-fea8b14d6e88: Completed APPEND_ENTRIES, lastRequest: aca30371-01bf-4ae9-9279-957ab152ade5->fe043bca-9712-4c56-92e1-fea8b14d6e88#7-t4, previous=(t:4, i:4), leaderCommit=4, initializing? false, entries: <empty>
2019-10-03 19:47:00,464 [aca30371-01bf-4ae9-9279-957ab152ade5@group-6E40CD9026FE-StateMachineUpdater] INFO  ratis.ContainerStateMachine (ContainerStateMachine.java:takeSnapshot(293)) - group-6E40CD9026FE: Taking a snapshot at:(t:4, i:4) file /workdir/hadoop-ozone/integration-test/target/test-dir/MiniOzoneClusterImpl-dcd5f39f-879d-4b70-a9e7-132a8617f65e/datanode-3/data/ratis/69222be2-f71e-41c2-a360-6e40cd9026fe/sm/snapshot.4_4
2019-10-03 19:47:00,455 [grpc-default-executor-0] INFO  server.GrpcServerProtocolService (GrpcServerProtocolService.java:onCompleted(113)) - 1c8ebbc6-c1e6-4495-a65c-885feb4be1c7: Completed APPEND_ENTRIES, lastRequest: aca30371-01bf-4ae9-9279-957ab152ade5->1c8ebbc6-c1e6-4495-a65c-885feb4be1c7#7-t4, previous=(t:4, i:4), leaderCommit=4, initializing? false, entries: <empty>
2019-10-03 19:47:00,462 [ForkJoinPool.commonPool-worker-0] INFO  impl.RaftServerImpl (ServerState.java:close(387)) - aca30371-01bf-4ae9-9279-957ab152ade5@group-BDE74385F285: closes. applyIndex: 0
2019-10-03 19:47:00,462 [main] INFO  impl.StateMachineUpdater (StateMachineUpdater.java:stopAndJoin(136)) - aca30371-01bf-4ae9-9279-957ab152ade5@group-6E40CD9026FE-StateMachineUpdater: set stopIndex = 4
2019-10-03 19:47:00,467 [grpc-default-executor-3] INFO  server.GrpcLogAppender (GrpcLogAppender.java:onCompleted(293)) - aca30371-01bf-4ae9-9279-957ab152ade5@group-6E40CD9026FE->fe043bca-9712-4c56-92e1-fea8b14d6e88-AppendLogResponseHandler: follower responses appendEntries COMPLETED
2019-10-03 19:47:00,470 [grpc-default-executor-0] INFO  server.GrpcLogAppender (GrpcLogAppender.java:onCompleted(293)) - aca30371-01bf-4ae9-9279-957ab152ade5@group-6E40CD9026FE->1c8ebbc6-c1e6-4495-a65c-885feb4be1c7-AppendLogResponseHandler: follower responses appendEntries COMPLETED
2019-10-03 19:47:00,472 [grpc-default-executor-3] INFO  impl.FollowerInfo (FollowerInfo.java:lambda$new$0(51)) - aca30371-01bf-4ae9-9279-957ab152ade5@group-6E40CD9026FE->fe043bca-9712-4c56-92e1-fea8b14d6e88: nextIndex: updateUnconditionally 5 -> 4
2019-10-03 19:47:00,473 [aca30371-01bf-4ae9-9279-957ab152ade5@group-BDE74385F285-SegmentedRaftLogWorker] INFO  segmented.SegmentedRaftLogWorker (SegmentedRaftLogWorker.java:run(316)) - aca30371-01bf-4ae9-9279-957ab152ade5@group-BDE74385F285-SegmentedRaftLogWorker was interrupted, exiting. There are 0 tasks remaining in the queue.
2019-10-03 19:47:00,475 [ForkJoinPool.commonPool-worker-0] INFO  segmented.SegmentedRaftLogWorker (SegmentedRaftLogWorker.java:close(224)) - aca30371-01bf-4ae9-9279-957ab152ade5@group-BDE74385F285-SegmentedRaftLogWorker close()
2019-10-03 19:47:00,479 [grpc-default-executor-0] INFO  impl.FollowerInfo (FollowerInfo.java:lambda$new$0(51)) - aca30371-01bf-4ae9-9279-957ab152ade5@group-6E40CD9026FE->1c8ebbc6-c1e6-4495-a65c-885feb4be1c7: nextIndex: updateUnconditionally 5 -> 4
2019-10-03 19:47:00,571 [aca30371-01bf-4ae9-9279-957ab152ade5@group-6E40CD9026FE-StateMachineUpdater] INFO  ratis.ContainerStateMachine (ContainerStateMachine.java:takeSnapshot(304)) - group-6E40CD9026FE: Finished taking a snapshot at:(t:4, i:4) file:/workdir/hadoop-ozone/integration-test/target/test-dir/MiniOzoneClusterImpl-dcd5f39f-879d-4b70-a9e7-132a8617f65e/datanode-3/data/ratis/69222be2-f71e-41c2-a360-6e40cd9026fe/sm/snapshot.4_4 time:109
2019-10-03 19:47:00,572 [aca30371-01bf-4ae9-9279-957ab152ade5@group-6E40CD9026FE-StateMachineUpdater] INFO  impl.StateMachineUpdater (StateMachineUpdater.java:takeSnapshot(269)) - aca30371-01bf-4ae9-9279-957ab152ade5@group-6E40CD9026FE-StateMachineUpdater: Took a snapshot at index 4
2019-10-03 19:47:00,572 [aca30371-01bf-4ae9-9279-957ab152ade5@group-6E40CD9026FE-StateMachineUpdater] INFO  impl.StateMachineUpdater (StateMachineUpdater.java:lambda$new$0(84)) - aca30371-01bf-4ae9-9279-957ab152ade5@group-6E40CD9026FE-StateMachineUpdater: snapshotIndex: updateIncreasingly -1 -> 4
2019-10-03 19:47:00,578 [main] INFO  impl.RaftServerImpl (ServerState.java:close(387)) - aca30371-01bf-4ae9-9279-957ab152ade5@group-6E40CD9026FE: closes. applyIndex: 4
2019-10-03 19:47:00,579 [aca30371-01bf-4ae9-9279-957ab152ade5@group-6E40CD9026FE-SegmentedRaftLogWorker] INFO  segmented.SegmentedRaftLogWorker (SegmentedRaftLogWorker.java:run(316)) - aca30371-01bf-4ae9-9279-957ab152ade5@group-6E40CD9026FE-SegmentedRaftLogWorker was interrupted, exiting. There are 0 tasks remaining in the queue.
2019-10-03 19:47:00,581 [main] INFO  segmented.SegmentedRaftLogWorker (SegmentedRaftLogWorker.java:close(224)) - aca30371-01bf-4ae9-9279-957ab152ade5@group-6E40CD9026FE-SegmentedRaftLogWorker close()
2019-10-03 19:47:00,584 [main] INFO  server.GrpcService (GrpcService.java:closeImpl(164)) - aca30371-01bf-4ae9-9279-957ab152ade5: shutdown server with port 44092 now
2019-10-03 19:47:00,588 [main] INFO  server.GrpcService (GrpcService.java:closeImpl(172)) - aca30371-01bf-4ae9-9279-957ab152ade5: shutdown server with port 44092 successfully
2019-10-03 19:47:00,595 [refreshUsed-/workdir/hadoop-ozone/integration-test/target/test-dir/MiniOzoneClusterImpl-dcd5f39f-879d-4b70-a9e7-132a8617f65e/datanode-3/data/containers] WARN  fs.CachingGetSpaceUsed (CachingGetSpaceUsed.java:run(183)) - Thread Interrupted waiting to refresh disk information: sleep interrupted
2019-10-03 19:47:00,610 [main] INFO  utils.BackgroundService (BackgroundService.java:shutdown(148)) - Shutting down service BlockDeletingService
2019-10-03 19:47:00,614 [main] INFO  statemachine.DatanodeStateMachine (DatanodeStateMachine.java:stopDaemon(395)) - Ozone container server stopped.
2019-10-03 19:47:00,619 [main] INFO  handler.ContextHandler (ContextHandler.java:doStop(910)) - Stopped o.e.j.w.WebAppContext@437486cd{/,null,UNAVAILABLE}{/hddsDatanode}
2019-10-03 19:47:00,625 [main] INFO  server.AbstractConnector (AbstractConnector.java:doStop(318)) - Stopped ServerConnector@15b642b9{HTTP/1.1,[http/1.1]}{0.0.0.0:0}
2019-10-03 19:47:00,625 [main] INFO  handler.ContextHandler (ContextHandler.java:doStop(910)) - Stopped o.e.j.s.ServletContextHandler@5e7c141d{/static,jar:file:/home/user/.m2/repository/org/apache/hadoop/hadoop-hdds-container-service/0.5.0-SNAPSHOT/hadoop-hdds-container-service-0.5.0-SNAPSHOT.jar!/webapps/static,UNAVAILABLE}
2019-10-03 19:47:00,625 [main] INFO  handler.ContextHandler (ContextHandler.java:doStop(910)) - Stopped o.e.j.s.ServletContextHandler@378cfecf{/logs,file:///workdir/hadoop-ozone/integration-test/target/log,UNAVAILABLE}
2019-10-03 19:47:10,137 [Thread-381] INFO  impl.FollowerState (FollowerState.java:run(108)) - 1c8ebbc6-c1e6-4495-a65c-885feb4be1c7@group-6E40CD9026FE-FollowerState: change to CANDIDATE, lastRpcTime:9891ms, electionTimeout:5034ms
2019-10-03 19:47:10,138 [Thread-381] INFO  impl.RoleInfo (RoleInfo.java:shutdownFollowerState(121)) - 1c8ebbc6-c1e6-4495-a65c-885feb4be1c7: shutdown FollowerState
2019-10-03 19:47:10,138 [Thread-381] INFO  impl.RaftServerImpl (RaftServerImpl.java:setRole(170)) - 1c8ebbc6-c1e6-4495-a65c-885feb4be1c7@group-6E40CD9026FE: changes role from  FOLLOWER to CANDIDATE at term 4 for changeToCandidate
2019-10-03 19:47:10,139 [Thread-381] INFO  impl.RoleInfo (RoleInfo.java:updateAndGet(143)) - 1c8ebbc6-c1e6-4495-a65c-885feb4be1c7: start LeaderElection
2019-10-03 19:47:10,139 [1c8ebbc6-c1e6-4495-a65c-885feb4be1c7@group-6E40CD9026FE-LeaderElection17] INFO  impl.RaftServerImpl (ServerState.java:setLeader(255)) - 1c8ebbc6-c1e6-4495-a65c-885feb4be1c7@group-6E40CD9026FE: change Leader from aca30371-01bf-4ae9-9279-957ab152ade5 to null at term 4 for initElection
2019-10-03 19:47:10,167 [1c8ebbc6-c1e6-4495-a65c-885feb4be1c7@group-6E40CD9026FE-LeaderElection17] INFO  impl.LeaderElection (LeaderElection.java:askForVotes(178)) - 1c8ebbc6-c1e6-4495-a65c-885feb4be1c7@group-6E40CD9026FE-LeaderElection17: begin an election at term 5 for 1: [aca30371-01bf-4ae9-9279-957ab152ade5:192.168.164.206:44092, 1c8ebbc6-c1e6-4495-a65c-885feb4be1c7:192.168.164.206:46856, fe043bca-9712-4c56-92e1-fea8b14d6e88:192.168.164.206:33638], old=null
2019-10-03 19:47:10,171 [grpc-default-executor-3] INFO  impl.RaftServerImpl (ServerState.java:setLeader(255)) - fe043bca-9712-4c56-92e1-fea8b14d6e88@group-6E40CD9026FE: change Leader from aca30371-01bf-4ae9-9279-957ab152ade5 to null at term 5 for updateCurrentTerm
2019-10-03 19:47:10,172 [grpc-default-executor-3] INFO  impl.RaftServerImpl (RaftServerImpl.java:setRole(170)) - fe043bca-9712-4c56-92e1-fea8b14d6e88@group-6E40CD9026FE: changes role from  FOLLOWER to FOLLOWER at term 5 for recognizeCandidate:1c8ebbc6-c1e6-4495-a65c-885feb4be1c7
2019-10-03 19:47:10,172 [grpc-default-executor-3] INFO  impl.RoleInfo (RoleInfo.java:shutdownFollowerState(121)) - fe043bca-9712-4c56-92e1-fea8b14d6e88: shutdown FollowerState
2019-10-03 19:47:10,172 [grpc-default-executor-3] INFO  impl.RoleInfo (RoleInfo.java:updateAndGet(143)) - fe043bca-9712-4c56-92e1-fea8b14d6e88: start FollowerState
2019-10-03 19:47:10,172 [Thread-382] INFO  impl.FollowerState (FollowerState.java:run(117)) - fe043bca-9712-4c56-92e1-fea8b14d6e88@group-6E40CD9026FE-FollowerState was interrupted: java.lang.InterruptedException: sleep interrupted
2019-10-03 19:47:10,181 [1c8ebbc6-c1e6-4495-a65c-885feb4be1c7@group-6E40CD9026FE-LeaderElection17] INFO  impl.LeaderElection (LogUtils.java:infoOrTrace(149)) - 1c8ebbc6-c1e6-4495-a65c-885feb4be1c7@group-6E40CD9026FE-LeaderElection17 got exception when requesting votes: {}
java.util.concurrent.ExecutionException: org.apache.ratis.thirdparty.io.grpc.StatusRuntimeException: UNAVAILABLE: io exception
	at java.util.concurrent.FutureTask.report(FutureTask.java:122)
	at java.util.concurrent.FutureTask.get(FutureTask.java:192)
	at org.apache.ratis.server.impl.LeaderElection.waitForResults(LeaderElection.java:259)
	at org.apache.ratis.server.impl.LeaderElection.askForVotes(LeaderElection.java:197)
	at org.apache.ratis.server.impl.LeaderElection.run(LeaderElection.java:133)
	at java.lang.Thread.run(Thread.java:748)
Caused by: org.apache.ratis.thirdparty.io.grpc.StatusRuntimeException: UNAVAILABLE: io exception
	at org.apache.ratis.thirdparty.io.grpc.stub.ClientCalls.toStatusRuntimeException(ClientCalls.java:233)
	at org.apache.ratis.thirdparty.io.grpc.stub.ClientCalls.getUnchecked(ClientCalls.java:214)
	at org.apache.ratis.thirdparty.io.grpc.stub.ClientCalls.blockingUnaryCall(ClientCalls.java:139)
	at org.apache.ratis.proto.grpc.RaftServerProtocolServiceGrpc$RaftServerProtocolServiceBlockingStub.requestVote(RaftServerProtocolServiceGrpc.java:265)
	at org.apache.ratis.grpc.server.GrpcServerProtocolClient.requestVote(GrpcServerProtocolClient.java:99)
	at org.apache.ratis.grpc.server.GrpcService.requestVote(GrpcService.java:204)
	at org.apache.ratis.server.impl.LeaderElection.lambda$submitRequests$1(LeaderElection.java:234)
	at java.util.concurrent.FutureTask.run(FutureTask.java:266)
	at java.util.concurrent.Executors$RunnableAdapter.call(Executors.java:511)
	at java.util.concurrent.FutureTask.run(FutureTask.java:266)
	at java.util.concurrent.ThreadPoolExecutor.runWorker(ThreadPoolExecutor.java:1149)
	at java.util.concurrent.ThreadPoolExecutor$Worker.run(ThreadPoolExecutor.java:624)
	... 1 more
Caused by: org.apache.ratis.thirdparty.io.netty.channel.AbstractChannel$AnnotatedConnectException: Connection refused: /192.168.164.206:44092
	at sun.nio.ch.SocketChannelImpl.checkConnect(Native Method)
	at sun.nio.ch.SocketChannelImpl.finishConnect(SocketChannelImpl.java:717)
	at org.apache.ratis.thirdparty.io.netty.channel.socket.nio.NioSocketChannel.doFinishConnect(NioSocketChannel.java:327)
	at org.apache.ratis.thirdparty.io.netty.channel.nio.AbstractNioChannel$AbstractNioUnsafe.finishConnect(AbstractNioChannel.java:340)
	at org.apache.ratis.thirdparty.io.netty.channel.nio.NioEventLoop.processSelectedKey(NioEventLoop.java:632)
	at org.apache.ratis.thirdparty.io.netty.channel.nio.NioEventLoop.processSelectedKeysOptimized(NioEventLoop.java:579)
	at org.apache.ratis.thirdparty.io.netty.channel.nio.NioEventLoop.processSelectedKeys(NioEventLoop.java:496)
	at org.apache.ratis.thirdparty.io.netty.channel.nio.NioEventLoop.run(NioEventLoop.java:458)
	at org.apache.ratis.thirdparty.io.netty.util.concurrent.SingleThreadEventExecutor$5.run(SingleThreadEventExecutor.java:897)
	at org.apache.ratis.thirdparty.io.netty.util.concurrent.FastThreadLocalRunnable.run(FastThreadLocalRunnable.java:30)
	... 1 more
Caused by: java.net.ConnectException: Connection refused
	... 11 more
2019-10-03 19:47:10,191 [1c8ebbc6-c1e6-4495-a65c-885feb4be1c7@group-6E40CD9026FE-LeaderElection17] INFO  impl.LeaderElection (LeaderElection.java:logAndReturn(56)) - 1c8ebbc6-c1e6-4495-a65c-885feb4be1c7@group-6E40CD9026FE-LeaderElection17: Election PASSED; received 1 response(s) [1c8ebbc6-c1e6-4495-a65c-885feb4be1c7<-fe043bca-9712-4c56-92e1-fea8b14d6e88#0:OK-t5] and 1 exception(s); 1c8ebbc6-c1e6-4495-a65c-885feb4be1c7@group-6E40CD9026FE:t5, leader=null, voted=1c8ebbc6-c1e6-4495-a65c-885feb4be1c7, raftlog=1c8ebbc6-c1e6-4495-a65c-885feb4be1c7@group-6E40CD9026FE-SegmentedRaftLog:OPENED:c4,f4,i4, conf=1: [aca30371-01bf-4ae9-9279-957ab152ade5:192.168.164.206:44092, 1c8ebbc6-c1e6-4495-a65c-885feb4be1c7:192.168.164.206:46856, fe043bca-9712-4c56-92e1-fea8b14d6e88:192.168.164.206:33638], old=null
2019-10-03 19:47:10,191 [1c8ebbc6-c1e6-4495-a65c-885feb4be1c7@group-6E40CD9026FE-LeaderElection17] INFO  impl.LeaderElection (LogUtils.java:infoOrTrace(149)) -   Exception 0: {}
java.util.concurrent.ExecutionException: org.apache.ratis.thirdparty.io.grpc.StatusRuntimeException: UNAVAILABLE: io exception
	at java.util.concurrent.FutureTask.report(FutureTask.java:122)
	at java.util.concurrent.FutureTask.get(FutureTask.java:192)
	at org.apache.ratis.server.impl.LeaderElection.waitForResults(LeaderElection.java:259)
	at org.apache.ratis.server.impl.LeaderElection.askForVotes(LeaderElection.java:197)
	at org.apache.ratis.server.impl.LeaderElection.run(LeaderElection.java:133)
	at java.lang.Thread.run(Thread.java:748)
Caused by: org.apache.ratis.thirdparty.io.grpc.StatusRuntimeException: UNAVAILABLE: io exception
	at org.apache.ratis.thirdparty.io.grpc.stub.ClientCalls.toStatusRuntimeException(ClientCalls.java:233)
	at org.apache.ratis.thirdparty.io.grpc.stub.ClientCalls.getUnchecked(ClientCalls.java:214)
	at org.apache.ratis.thirdparty.io.grpc.stub.ClientCalls.blockingUnaryCall(ClientCalls.java:139)
	at org.apache.ratis.proto.grpc.RaftServerProtocolServiceGrpc$RaftServerProtocolServiceBlockingStub.requestVote(RaftServerProtocolServiceGrpc.java:265)
	at org.apache.ratis.grpc.server.GrpcServerProtocolClient.requestVote(GrpcServerProtocolClient.java:99)
	at org.apache.ratis.grpc.server.GrpcService.requestVote(GrpcService.java:204)
	at org.apache.ratis.server.impl.LeaderElection.lambda$submitRequests$1(LeaderElection.java:234)
	at java.util.concurrent.FutureTask.run(FutureTask.java:266)
	at java.util.concurrent.Executors$RunnableAdapter.call(Executors.java:511)
	at java.util.concurrent.FutureTask.run(FutureTask.java:266)
	at java.util.concurrent.ThreadPoolExecutor.runWorker(ThreadPoolExecutor.java:1149)
	at java.util.concurrent.ThreadPoolExecutor$Worker.run(ThreadPoolExecutor.java:624)
	... 1 more
Caused by: org.apache.ratis.thirdparty.io.netty.channel.AbstractChannel$AnnotatedConnectException: Connection refused: /192.168.164.206:44092
	at sun.nio.ch.SocketChannelImpl.checkConnect(Native Method)
	at sun.nio.ch.SocketChannelImpl.finishConnect(SocketChannelImpl.java:717)
	at org.apache.ratis.thirdparty.io.netty.channel.socket.nio.NioSocketChannel.doFinishConnect(NioSocketChannel.java:327)
	at org.apache.ratis.thirdparty.io.netty.channel.nio.AbstractNioChannel$AbstractNioUnsafe.finishConnect(AbstractNioChannel.java:340)
	at org.apache.ratis.thirdparty.io.netty.channel.nio.NioEventLoop.processSelectedKey(NioEventLoop.java:632)
	at org.apache.ratis.thirdparty.io.netty.channel.nio.NioEventLoop.processSelectedKeysOptimized(NioEventLoop.java:579)
	at org.apache.ratis.thirdparty.io.netty.channel.nio.NioEventLoop.processSelectedKeys(NioEventLoop.java:496)
	at org.apache.ratis.thirdparty.io.netty.channel.nio.NioEventLoop.run(NioEventLoop.java:458)
	at org.apache.ratis.thirdparty.io.netty.util.concurrent.SingleThreadEventExecutor$5.run(SingleThreadEventExecutor.java:897)
	at org.apache.ratis.thirdparty.io.netty.util.concurrent.FastThreadLocalRunnable.run(FastThreadLocalRunnable.java:30)
	... 1 more
Caused by: java.net.ConnectException: Connection refused
	... 11 more
2019-10-03 19:47:10,192 [1c8ebbc6-c1e6-4495-a65c-885feb4be1c7@group-6E40CD9026FE-LeaderElection17] INFO  impl.RoleInfo (RoleInfo.java:shutdownLeaderElection(134)) - 1c8ebbc6-c1e6-4495-a65c-885feb4be1c7: shutdown LeaderElection
2019-10-03 19:47:10,192 [1c8ebbc6-c1e6-4495-a65c-885feb4be1c7@group-6E40CD9026FE-LeaderElection17] INFO  impl.RaftServerImpl (RaftServerImpl.java:setRole(170)) - 1c8ebbc6-c1e6-4495-a65c-885feb4be1c7@group-6E40CD9026FE: changes role from CANDIDATE to LEADER at term 5 for changeToLeader
2019-10-03 19:47:10,192 [1c8ebbc6-c1e6-4495-a65c-885feb4be1c7@group-6E40CD9026FE-LeaderElection17] INFO  impl.RaftServerImpl (ServerState.java:setLeader(255)) - 1c8ebbc6-c1e6-4495-a65c-885feb4be1c7@group-6E40CD9026FE: change Leader from null to 1c8ebbc6-c1e6-4495-a65c-885feb4be1c7 at term 5 for becomeLeader, leader elected after 53ms
2019-10-03 19:47:10,193 [1c8ebbc6-c1e6-4495-a65c-885feb4be1c7@group-6E40CD9026FE-LeaderElection17] INFO  server.RaftServerConfigKeys (ConfUtils.java:logGet(43)) - raft.server.staging.catchup.gap = 1000 (default)
2019-10-03 19:47:10,193 [1c8ebbc6-c1e6-4495-a65c-885feb4be1c7@group-6E40CD9026FE-LeaderElection17] INFO  server.RaftServerConfigKeys (ConfUtils.java:logGet(43)) - raft.server.rpc.sleep.time = 25ms (default)
2019-10-03 19:47:10,193 [1c8ebbc6-c1e6-4495-a65c-885feb4be1c7@group-6E40CD9026FE-LeaderElection17] INFO  server.RaftServerConfigKeys (ConfUtils.java:logGet(43)) - raft.server.write.element-limit = 4096 (default)
2019-10-03 19:47:10,194 [1c8ebbc6-c1e6-4495-a65c-885feb4be1c7@group-6E40CD9026FE-LeaderElection17] INFO  server.RaftServerConfigKeys (ConfUtils.java:logGet(43)) - raft.server.watch.timeout = 10s (default)
2019-10-03 19:47:10,194 [1c8ebbc6-c1e6-4495-a65c-885feb4be1c7@group-6E40CD9026FE-LeaderElection17] INFO  server.RaftServerConfigKeys (ConfUtils.java:logGet(43)) - raft.server.watch.timeout.denomination = 1s (default)
2019-10-03 19:47:10,194 [1c8ebbc6-c1e6-4495-a65c-885feb4be1c7@group-6E40CD9026FE-LeaderElection17] INFO  server.RaftServerConfigKeys (ConfUtils.java:logGet(43)) - raft.server.watch.element-limit = 65536 (default)
2019-10-03 19:47:10,198 [1c8ebbc6-c1e6-4495-a65c-885feb4be1c7@group-6E40CD9026FE-LeaderElection17] INFO  server.RaftServerConfigKeys (ConfUtils.java:logGet(43)) - raft.server.log.appender.snapshot.chunk.size.max = 16MB (=16777216) (default)
2019-10-03 19:47:10,198 [1c8ebbc6-c1e6-4495-a65c-885feb4be1c7@group-6E40CD9026FE-LeaderElection17] INFO  server.RaftServerConfigKeys (ConfUtils.java:logGet(43)) - raft.server.log.appender.buffer.byte-limit = 33554432 (custom)
2019-10-03 19:47:10,199 [1c8ebbc6-c1e6-4495-a65c-885feb4be1c7@group-6E40CD9026FE-LeaderElection17] INFO  server.RaftServerConfigKeys (ConfUtils.java:logGet(43)) - raft.server.log.appender.buffer.element-limit = 1 (custom)
2019-10-03 19:47:10,199 [1c8ebbc6-c1e6-4495-a65c-885feb4be1c7@group-6E40CD9026FE-LeaderElection17] INFO  grpc.GrpcConfigKeys$Server (ConfUtils.java:logGet(43)) - raft.grpc.server.leader.outstanding.appends.max = 128 (default)
2019-10-03 19:47:10,199 [1c8ebbc6-c1e6-4495-a65c-885feb4be1c7@group-6E40CD9026FE-LeaderElection17] INFO  server.RaftServerConfigKeys (ConfUtils.java:logGet(43)) - raft.server.rpc.request.timeout = 3000ms (default)
2019-10-03 19:47:10,199 [1c8ebbc6-c1e6-4495-a65c-885feb4be1c7@group-6E40CD9026FE-LeaderElection17] INFO  server.RaftServerConfigKeys (ConfUtils.java:logGet(43)) - raft.server.log.appender.install.snapshot.enabled = false (custom)
2019-10-03 19:47:10,200 [1c8ebbc6-c1e6-4495-a65c-885feb4be1c7@group-6E40CD9026FE-LeaderElection17] INFO  server.RaftServerConfigKeys (ConfUtils.java:logGet(43)) - raft.server.log.appender.snapshot.chunk.size.max = 16MB (=16777216) (default)
2019-10-03 19:47:10,200 [1c8ebbc6-c1e6-4495-a65c-885feb4be1c7@group-6E40CD9026FE-LeaderElection17] INFO  server.RaftServerConfigKeys (ConfUtils.java:logGet(43)) - raft.server.log.appender.buffer.byte-limit = 33554432 (custom)
2019-10-03 19:47:10,200 [1c8ebbc6-c1e6-4495-a65c-885feb4be1c7@group-6E40CD9026FE-LeaderElection17] INFO  server.RaftServerConfigKeys (ConfUtils.java:logGet(43)) - raft.server.log.appender.buffer.element-limit = 1 (custom)
2019-10-03 19:47:10,200 [1c8ebbc6-c1e6-4495-a65c-885feb4be1c7@group-6E40CD9026FE-LeaderElection17] INFO  grpc.GrpcConfigKeys$Server (ConfUtils.java:logGet(43)) - raft.grpc.server.leader.outstanding.appends.max = 128 (default)
2019-10-03 19:47:10,200 [1c8ebbc6-c1e6-4495-a65c-885feb4be1c7@group-6E40CD9026FE-LeaderElection17] INFO  server.RaftServerConfigKeys (ConfUtils.java:logGet(43)) - raft.server.rpc.request.timeout = 3000ms (default)
2019-10-03 19:47:10,201 [1c8ebbc6-c1e6-4495-a65c-885feb4be1c7@group-6E40CD9026FE-LeaderElection17] INFO  server.RaftServerConfigKeys (ConfUtils.java:logGet(43)) - raft.server.log.appender.install.snapshot.enabled = false (custom)
2019-10-03 19:47:10,201 [1c8ebbc6-c1e6-4495-a65c-885feb4be1c7@group-6E40CD9026FE-LeaderElection17] INFO  impl.RoleInfo (RoleInfo.java:updateAndGet(143)) - 1c8ebbc6-c1e6-4495-a65c-885feb4be1c7: start LeaderState
2019-10-03 19:47:10,202 [1c8ebbc6-c1e6-4495-a65c-885feb4be1c7@group-6E40CD9026FE-LeaderElection17] INFO  segmented.SegmentedRaftLogWorker (SegmentedRaftLogWorker.java:rollLogSegment(390)) - 1c8ebbc6-c1e6-4495-a65c-885feb4be1c7@group-6E40CD9026FE-SegmentedRaftLogWorker: Rolling segment log-1_4 to index:4
2019-10-03 19:47:10,203 [1c8ebbc6-c1e6-4495-a65c-885feb4be1c7@group-6E40CD9026FE-SegmentedRaftLogWorker] INFO  segmented.SegmentedRaftLogWorker (SegmentedRaftLogWorker.java:execute(531)) - 1c8ebbc6-c1e6-4495-a65c-885feb4be1c7@group-6E40CD9026FE-SegmentedRaftLogWorker: Rolled log segment from /workdir/hadoop-ozone/integration-test/target/test-dir/MiniOzoneClusterImpl-dcd5f39f-879d-4b70-a9e7-132a8617f65e/datanode-2/data/ratis/69222be2-f71e-41c2-a360-6e40cd9026fe/current/log_inprogress_1 to /workdir/hadoop-ozone/integration-test/target/test-dir/MiniOzoneClusterImpl-dcd5f39f-879d-4b70-a9e7-132a8617f65e/datanode-2/data/ratis/69222be2-f71e-41c2-a360-6e40cd9026fe/current/log_1-4
2019-10-03 19:47:10,205 [1c8ebbc6-c1e6-4495-a65c-885feb4be1c7@group-6E40CD9026FE-LeaderElection17] INFO  impl.RaftServerImpl (ServerState.java:setRaftConf(356)) - 1c8ebbc6-c1e6-4495-a65c-885feb4be1c7@group-6E40CD9026FE: set configuration 5: [aca30371-01bf-4ae9-9279-957ab152ade5:192.168.164.206:44092, 1c8ebbc6-c1e6-4495-a65c-885feb4be1c7:192.168.164.206:46856, fe043bca-9712-4c56-92e1-fea8b14d6e88:192.168.164.206:33638], old=null at 5
2019-10-03 19:47:10,206 [grpc-default-executor-3] WARN  server.GrpcLogAppender (LogUtils.java:warn(134)) - 1c8ebbc6-c1e6-4495-a65c-885feb4be1c7@group-6E40CD9026FE->aca30371-01bf-4ae9-9279-957ab152ade5-AppendLogResponseHandler: Failed appendEntries: org.apache.ratis.thirdparty.io.grpc.StatusRuntimeException: UNAVAILABLE: io exception
2019-10-03 19:47:10,241 [grpc-default-executor-3] INFO  impl.FollowerInfo (FollowerInfo.java:lambda$new$0(51)) - 1c8ebbc6-c1e6-4495-a65c-885feb4be1c7@group-6E40CD9026FE->aca30371-01bf-4ae9-9279-957ab152ade5: nextIndex: updateUnconditionally 5 -> 1
2019-10-03 19:47:10,241 [grpc-default-executor-0] INFO  impl.RaftServerImpl (ServerState.java:setLeader(255)) - fe043bca-9712-4c56-92e1-fea8b14d6e88@group-6E40CD9026FE: change Leader from null to 1c8ebbc6-c1e6-4495-a65c-885feb4be1c7 at term 5 for appendEntries, leader elected after 69ms
2019-10-03 19:47:10,245 [grpc-default-executor-0] INFO  impl.RaftServerImpl (ServerState.java:setRaftConf(356)) - fe043bca-9712-4c56-92e1-fea8b14d6e88@group-6E40CD9026FE: set configuration 5: [aca30371-01bf-4ae9-9279-957ab152ade5:192.168.164.206:44092, 1c8ebbc6-c1e6-4495-a65c-885feb4be1c7:192.168.164.206:46856, fe043bca-9712-4c56-92e1-fea8b14d6e88:192.168.164.206:33638], old=null at 5
2019-10-03 19:47:10,245 [grpc-default-executor-0] INFO  segmented.SegmentedRaftLogWorker (SegmentedRaftLogWorker.java:rollLogSegment(390)) - fe043bca-9712-4c56-92e1-fea8b14d6e88@group-6E40CD9026FE-SegmentedRaftLogWorker: Rolling segment log-1_4 to index:4
2019-10-03 19:47:10,246 [fe043bca-9712-4c56-92e1-fea8b14d6e88@group-6E40CD9026FE-SegmentedRaftLogWorker] INFO  segmented.SegmentedRaftLogWorker (SegmentedRaftLogWorker.java:execute(531)) - fe043bca-9712-4c56-92e1-fea8b14d6e88@group-6E40CD9026FE-SegmentedRaftLogWorker: Rolled log segment from /workdir/hadoop-ozone/integration-test/target/test-dir/MiniOzoneClusterImpl-dcd5f39f-879d-4b70-a9e7-132a8617f65e/datanode-5/data/ratis/69222be2-f71e-41c2-a360-6e40cd9026fe/current/log_inprogress_1 to /workdir/hadoop-ozone/integration-test/target/test-dir/MiniOzoneClusterImpl-dcd5f39f-879d-4b70-a9e7-132a8617f65e/datanode-5/data/ratis/69222be2-f71e-41c2-a360-6e40cd9026fe/current/log_1-4
2019-10-03 19:47:10,265 [1c8ebbc6-c1e6-4495-a65c-885feb4be1c7@group-6E40CD9026FE-SegmentedRaftLogWorker] INFO  segmented.SegmentedRaftLogWorker (SegmentedRaftLogWorker.java:execute(574)) - 1c8ebbc6-c1e6-4495-a65c-885feb4be1c7@group-6E40CD9026FE-SegmentedRaftLogWorker: created new log segment /workdir/hadoop-ozone/integration-test/target/test-dir/MiniOzoneClusterImpl-dcd5f39f-879d-4b70-a9e7-132a8617f65e/datanode-2/data/ratis/69222be2-f71e-41c2-a360-6e40cd9026fe/current/log_inprogress_5
2019-10-03 19:47:10,279 [fe043bca-9712-4c56-92e1-fea8b14d6e88@group-6E40CD9026FE-SegmentedRaftLogWorker] INFO  segmented.SegmentedRaftLogWorker (SegmentedRaftLogWorker.java:execute(574)) - fe043bca-9712-4c56-92e1-fea8b14d6e88@group-6E40CD9026FE-SegmentedRaftLogWorker: created new log segment /workdir/hadoop-ozone/integration-test/target/test-dir/MiniOzoneClusterImpl-dcd5f39f-879d-4b70-a9e7-132a8617f65e/datanode-5/data/ratis/69222be2-f71e-41c2-a360-6e40cd9026fe/current/log_inprogress_5
2019-10-03 19:47:10,300 [grpc-default-executor-1] WARN  server.GrpcLogAppender (LogUtils.java:warn(134)) - 1c8ebbc6-c1e6-4495-a65c-885feb4be1c7@group-6E40CD9026FE->aca30371-01bf-4ae9-9279-957ab152ade5-AppendLogResponseHandler: Failed appendEntries: org.apache.ratis.thirdparty.io.grpc.StatusRuntimeException: UNAVAILABLE: io exception
2019-10-03 19:47:10,302 [grpc-default-executor-1] INFO  impl.FollowerInfo (FollowerInfo.java:lambda$new$0(51)) - 1c8ebbc6-c1e6-4495-a65c-885feb4be1c7@group-6E40CD9026FE->aca30371-01bf-4ae9-9279-957ab152ade5: nextIndex: updateUnconditionally 2 -> 1
2019-10-03 19:47:10,314 [grpc-default-executor-3] WARN  server.GrpcLogAppender (LogUtils.java:warn(134)) - 1c8ebbc6-c1e6-4495-a65c-885feb4be1c7@group-6E40CD9026FE->aca30371-01bf-4ae9-9279-957ab152ade5-AppendLogResponseHandler: Failed appendEntries: org.apache.ratis.thirdparty.io.grpc.StatusRuntimeException: UNAVAILABLE: io exception
2019-10-03 19:47:10,321 [grpc-default-executor-3] INFO  impl.FollowerInfo (FollowerInfo.java:lambda$new$0(51)) - 1c8ebbc6-c1e6-4495-a65c-885feb4be1c7@group-6E40CD9026FE->aca30371-01bf-4ae9-9279-957ab152ade5: nextIndex: updateUnconditionally 2 -> 1
]]></system-out>
    <system-err><![CDATA[ERROR StatusLogger No Log4j 2 configuration file found. Using default configuration (logging only errors to the console), or user programmatically provided configurations. Set system property 'log4j2.debug' to show Log4j 2 internal initialization logging. See https://logging.apache.org/log4j/2.x/manual/configuration.html for instructions on how to configure Log4j 2
]]></system-err>
  </testcase>
</testsuite>