<?xml version="1.0" encoding="UTF-8"?>
<testsuite xmlns:xsi="http://www.w3.org/2001/XMLSchema-instance" xsi:noNamespaceSchemaLocation="https://maven.apache.org/surefire/maven-surefire-plugin/xsd/surefire-test-report.xsd" name="org.apache.hadoop.ozone.client.rpc.TestOzoneClientRetriesOnException" time="170.423" tests="2" errors="1" skipped="0" failures="0">
  <properties>
    <property name="awt.toolkit" value="sun.awt.X11.XToolkit"/>
    <property name="file.encoding.pkg" value="sun.io"/>
    <property name="java.specification.version" value="1.8"/>
    <property name="sun.cpu.isalist" value=""/>
    <property name="sun.jnu.encoding" value="UTF-8"/>
    <property name="java.class.path" value="/workdir/hadoop-ozone/integration-test/target/test-classes:/workdir/hadoop-ozone/integration-test/target/classes:/home/user/.m2/repository/org/apache/hadoop/hadoop-ozone-common/0.5.0-SNAPSHOT/hadoop-ozone-common-0.5.0-SNAPSHOT.jar:/home/user/.m2/repository/org/apache/commons/commons-compress/1.4.1/commons-compress-1.4.1.jar:/home/user/.m2/repository/org/tukaani/xz/1.0/xz-1.0.jar:/home/user/.m2/repository/org/apache/hadoop/hadoop-common/3.2.0/hadoop-common-3.2.0.jar:/home/user/.m2/repository/org/apache/hadoop/hadoop-hdfs/3.2.0/hadoop-hdfs-3.2.0.jar:/home/user/.m2/repository/org/apache/hadoop/hadoop-hdfs-client/3.2.0/hadoop-hdfs-client-3.2.0.jar:/home/user/.m2/repository/com/fasterxml/jackson/core/jackson-annotations/2.9.9/jackson-annotations-2.9.9.jar:/home/user/.m2/repository/org/apache/hadoop/hadoop-hdds-common/0.5.0-SNAPSHOT/hadoop-hdds-common-0.5.0-SNAPSHOT.jar:/home/user/.m2/repository/javax/annotation/javax.annotation-api/1.2/javax.annotation-api-1.2.jar:/home/user/.m2/repository/org/apache/ratis/ratis-server/0.5.0-201fc85-SNAPSHOT/ratis-server-0.5.0-201fc85-SNAPSHOT.jar:/home/user/.m2/repository/org/apache/ratis/ratis-thirdparty-misc/0.2.0/ratis-thirdparty-misc-0.2.0.jar:/home/user/.m2/repository/org/apache/ratis/ratis-proto/0.5.0-201fc85-SNAPSHOT/ratis-proto-0.5.0-201fc85-SNAPSHOT.jar:/home/user/.m2/repository/org/apache/ratis/ratis-common/0.5.0-201fc85-SNAPSHOT/ratis-common-0.5.0-201fc85-SNAPSHOT.jar:/home/user/.m2/repository/org/apache/ratis/ratis-client/0.5.0-201fc85-SNAPSHOT/ratis-client-0.5.0-201fc85-SNAPSHOT.jar:/home/user/.m2/repository/org/apache/ratis/ratis-metrics/0.5.0-201fc85-SNAPSHOT/ratis-metrics-0.5.0-201fc85-SNAPSHOT.jar:/home/user/.m2/repository/com/github/joshelser/dropwizard-metrics-hadoop-metrics2-reporter/0.1.2/dropwizard-metrics-hadoop-metrics2-reporter-0.1.2.jar:/home/user/.m2/repository/io/dropwizard/metrics/metrics-jvm/3.2.5/metrics-jvm-3.2.5.jar:/home/user/.m2/repository/io/dropwizard/metrics/metrics-ganglia/3.2.5/metrics-ganglia-3.2.5.jar:/home/user/.m2/repository/info/ganglia/gmetric4j/gmetric4j/1.0.7/gmetric4j-1.0.7.jar:/home/user/.m2/repository/org/apache/ratis/ratis-netty/0.5.0-201fc85-SNAPSHOT/ratis-netty-0.5.0-201fc85-SNAPSHOT.jar:/home/user/.m2/repository/org/apache/ratis/ratis-grpc/0.5.0-201fc85-SNAPSHOT/ratis-grpc-0.5.0-201fc85-SNAPSHOT.jar:/home/user/.m2/repository/org/rocksdb/rocksdbjni/6.0.1/rocksdbjni-6.0.1.jar:/home/user/.m2/repository/org/apache/logging/log4j/log4j-api/2.11.0/log4j-api-2.11.0.jar:/home/user/.m2/repository/org/apache/logging/log4j/log4j-core/2.11.0/log4j-core-2.11.0.jar:/home/user/.m2/repository/com/lmax/disruptor/3.4.2/disruptor-3.4.2.jar:/home/user/.m2/repository/org/apache/commons/commons-pool2/2.6.0/commons-pool2-2.6.0.jar:/home/user/.m2/repository/org/bouncycastle/bcpkix-jdk15on/1.60/bcpkix-jdk15on-1.60.jar:/home/user/.m2/repository/commons-validator/commons-validator/1.6/commons-validator-1.6.jar:/home/user/.m2/repository/commons-digester/commons-digester/1.8.1/commons-digester-1.8.1.jar:/home/user/.m2/repository/io/jaegertracing/jaeger-client/0.34.0/jaeger-client-0.34.0.jar:/home/user/.m2/repository/io/jaegertracing/jaeger-thrift/0.34.0/jaeger-thrift-0.34.0.jar:/home/user/.m2/repository/org/apache/thrift/libthrift/0.12.0/libthrift-0.12.0.jar:/home/user/.m2/repository/com/squareup/okhttp3/okhttp/3.9.0/okhttp-3.9.0.jar:/home/user/.m2/repository/com/squareup/okio/okio/1.13.0/okio-1.13.0.jar:/home/user/.m2/repository/io/jaegertracing/jaeger-core/0.34.0/jaeger-core-0.34.0.jar:/home/user/.m2/repository/io/jaegertracing/jaeger-tracerresolver/0.34.0/jaeger-tracerresolver-0.34.0.jar:/home/user/.m2/repository/io/opentracing/contrib/opentracing-tracerresolver/0.1.5/opentracing-tracerresolver-0.1.5.jar:/home/user/.m2/repository/io/opentracing/opentracing-util/0.31.0/opentracing-util-0.31.0.jar:/home/user/.m2/repository/io/opentracing/opentracing-api/0.31.0/opentracing-api-0.31.0.jar:/home/user/.m2/repository/io/opentracing/opentracing-noop/0.31.0/opentracing-noop-0.31.0.jar:/home/user/.m2/repository/org/apache/hadoop/hadoop-hdds-server-framework/0.5.0-SNAPSHOT/hadoop-hdds-server-framework-0.5.0-SNAPSHOT.jar:/home/user/.m2/repository/org/apache/hadoop/hadoop-hdds-container-service/0.5.0-SNAPSHOT/hadoop-hdds-container-service-0.5.0-SNAPSHOT.jar:/home/user/.m2/repository/org/apache/hadoop/hadoop-hdds-client/0.5.0-SNAPSHOT/hadoop-hdds-client-0.5.0-SNAPSHOT.jar:/home/user/.m2/repository/org/apache/hadoop/hadoop-hdds-tools/0.5.0-SNAPSHOT/hadoop-hdds-tools-0.5.0-SNAPSHOT.jar:/home/user/.m2/repository/org/apache/hadoop/hadoop-hdds-server-scm/0.5.0-SNAPSHOT/hadoop-hdds-server-scm-0.5.0-SNAPSHOT.jar:/home/user/.m2/repository/org/apache/hadoop/hadoop-hdds-docs/0.5.0-SNAPSHOT/hadoop-hdds-docs-0.5.0-SNAPSHOT.jar:/home/user/.m2/repository/io/dropwizard/metrics/metrics-core/3.2.4/metrics-core-3.2.4.jar:/home/user/.m2/repository/org/hamcrest/hamcrest-all/1.3/hamcrest-all-1.3.jar:/home/user/.m2/repository/org/bouncycastle/bcprov-jdk15on/1.60/bcprov-jdk15on-1.60.jar:/home/user/.m2/repository/info/picocli/picocli/3.9.6/picocli-3.9.6.jar:/home/user/.m2/repository/com/google/protobuf/protobuf-java/2.5.0/protobuf-java-2.5.0.jar:/home/user/.m2/repository/com/google/guava/guava/11.0.2/guava-11.0.2.jar:/home/user/.m2/repository/org/apache/hadoop/hadoop-ozone-ozone-manager/0.5.0-SNAPSHOT/hadoop-ozone-ozone-manager-0.5.0-SNAPSHOT.jar:/home/user/.m2/repository/org/apache/hadoop/hadoop-minikdc/3.2.0/hadoop-minikdc-3.2.0.jar:/home/user/.m2/repository/commons-io/commons-io/2.5/commons-io-2.5.jar:/home/user/.m2/repository/org/apache/kerby/kerb-simplekdc/1.0.1/kerb-simplekdc-1.0.1.jar:/home/user/.m2/repository/org/apache/kerby/kerb-client/1.0.1/kerb-client-1.0.1.jar:/home/user/.m2/repository/org/apache/kerby/kerby-config/1.0.1/kerby-config-1.0.1.jar:/home/user/.m2/repository/org/apache/kerby/kerb-core/1.0.1/kerb-core-1.0.1.jar:/home/user/.m2/repository/org/apache/kerby/kerby-pkix/1.0.1/kerby-pkix-1.0.1.jar:/home/user/.m2/repository/org/apache/kerby/kerby-asn1/1.0.1/kerby-asn1-1.0.1.jar:/home/user/.m2/repository/org/apache/kerby/kerby-util/1.0.1/kerby-util-1.0.1.jar:/home/user/.m2/repository/org/apache/kerby/kerb-common/1.0.1/kerb-common-1.0.1.jar:/home/user/.m2/repository/org/apache/kerby/kerb-crypto/1.0.1/kerb-crypto-1.0.1.jar:/home/user/.m2/repository/org/apache/kerby/kerb-util/1.0.1/kerb-util-1.0.1.jar:/home/user/.m2/repository/org/apache/kerby/token-provider/1.0.1/token-provider-1.0.1.jar:/home/user/.m2/repository/org/apache/kerby/kerb-admin/1.0.1/kerb-admin-1.0.1.jar:/home/user/.m2/repository/org/apache/kerby/kerb-server/1.0.1/kerb-server-1.0.1.jar:/home/user/.m2/repository/org/apache/kerby/kerb-identity/1.0.1/kerb-identity-1.0.1.jar:/home/user/.m2/repository/org/apache/kerby/kerby-xdr/1.0.1/kerby-xdr-1.0.1.jar:/home/user/.m2/repository/org/slf4j/slf4j-log4j12/1.7.25/slf4j-log4j12-1.7.25.jar:/home/user/.m2/repository/org/apache/hadoop/hadoop-ozone-s3gateway/0.5.0-SNAPSHOT/hadoop-ozone-s3gateway-0.5.0-SNAPSHOT.jar:/home/user/.m2/repository/org/jboss/weld/servlet/weld-servlet/2.4.7.Final/weld-servlet-2.4.7.Final.jar:/home/user/.m2/repository/org/glassfish/jersey/containers/jersey-container-servlet-core/2.27/jersey-container-servlet-core-2.27.jar:/home/user/.m2/repository/org/glassfish/hk2/external/javax.inject/2.5.0-b42/javax.inject-2.5.0-b42.jar:/home/user/.m2/repository/org/glassfish/jersey/core/jersey-common/2.27/jersey-common-2.27.jar:/home/user/.m2/repository/org/glassfish/hk2/osgi-resource-locator/1.0.1/osgi-resource-locator-1.0.1.jar:/home/user/.m2/repository/javax/ws/rs/javax.ws.rs-api/2.1/javax.ws.rs-api-2.1.jar:/home/user/.m2/repository/org/glassfish/jersey/ext/cdi/jersey-cdi1x/2.27/jersey-cdi1x-2.27.jar:/home/user/.m2/repository/org/glassfish/jersey/inject/jersey-hk2/2.27/jersey-hk2-2.27.jar:/home/user/.m2/repository/org/glassfish/hk2/hk2-locator/2.5.0-b42/hk2-locator-2.5.0-b42.jar:/home/user/.m2/repository/org/javassist/javassist/3.22.0-CR2/javassist-3.22.0-CR2.jar:/home/user/.m2/repository/org/glassfish/hk2/hk2-api/2.5.0/hk2-api-2.5.0.jar:/home/user/.m2/repository/org/glassfish/hk2/external/jakarta.inject/2.5.0/jakarta.inject-2.5.0.jar:/home/user/.m2/repository/org/glassfish/hk2/hk2-utils/2.5.0/hk2-utils-2.5.0.jar:/home/user/.m2/repository/jakarta/annotation/jakarta.annotation-api/1.3.4/jakarta.annotation-api-1.3.4.jar:/home/user/.m2/repository/org/glassfish/hk2/external/aopalliance-repackaged/2.5.0/aopalliance-repackaged-2.5.0.jar:/home/user/.m2/repository/com/fasterxml/jackson/dataformat/jackson-dataformat-xml/2.9.0/jackson-dataformat-xml-2.9.0.jar:/home/user/.m2/repository/com/fasterxml/jackson/core/jackson-core/2.9.9/jackson-core-2.9.9.jar:/home/user/.m2/repository/com/fasterxml/jackson/module/jackson-module-jaxb-annotations/2.9.9/jackson-module-jaxb-annotations-2.9.9.jar:/home/user/.m2/repository/javax/enterprise/cdi-api/1.2/cdi-api-1.2.jar:/home/user/.m2/repository/javax/el/javax.el-api/3.0.0/javax.el-api-3.0.0.jar:/home/user/.m2/repository/javax/interceptor/javax.interceptor-api/1.2/javax.interceptor-api-1.2.jar:/home/user/.m2/repository/javax/inject/javax.inject/1/javax.inject-1.jar:/home/user/.m2/repository/com/sun/xml/bind/jaxb-impl/2.3.0.1/jaxb-impl-2.3.0.1.jar:/home/user/.m2/repository/com/sun/xml/bind/jaxb-core/2.3.0.1/jaxb-core-2.3.0.1.jar:/home/user/.m2/repository/javax/xml/bind/jaxb-api/2.3.0/jaxb-api-2.3.0.jar:/home/user/.m2/repository/javax/activation/activation/1.1.1/activation-1.1.1.jar:/home/user/.m2/repository/org/apache/hadoop/hadoop-ozone-csi/0.5.0-SNAPSHOT/hadoop-ozone-csi-0.5.0-SNAPSHOT.jar:/home/user/.m2/repository/com/google/protobuf/protobuf-java-util/3.5.1/protobuf-java-util-3.5.1.jar:/home/user/.m2/repository/org/apache/hadoop/hadoop-hdds-config/0.5.0-SNAPSHOT/hadoop-hdds-config-0.5.0-SNAPSHOT.jar:/home/user/.m2/repository/io/grpc/grpc-netty/1.17.1/grpc-netty-1.17.1.jar:/home/user/.m2/repository/io/grpc/grpc-core/1.17.1/grpc-core-1.17.1.jar:/home/user/.m2/repository/io/grpc/grpc-context/1.17.1/grpc-context-1.17.1.jar:/home/user/.m2/repository/com/google/errorprone/error_prone_annotations/2.2.0/error_prone_annotations-2.2.0.jar:/home/user/.m2/repository/org/codehaus/mojo/animal-sniffer-annotations/1.17/animal-sniffer-annotations-1.17.jar:/home/user/.m2/repository/io/opencensus/opencensus-api/0.17.0/opencensus-api-0.17.0.jar:/home/user/.m2/repository/io/opencensus/opencensus-contrib-grpc-metrics/0.17.0/opencensus-contrib-grpc-metrics-0.17.0.jar:/home/user/.m2/repository/io/netty/netty-codec-http2/4.1.30.Final/netty-codec-http2-4.1.30.Final.jar:/home/user/.m2/repository/io/netty/netty-codec-http/4.1.30.Final/netty-codec-http-4.1.30.Final.jar:/home/user/.m2/repository/io/netty/netty-codec/4.1.30.Final/netty-codec-4.1.30.Final.jar:/home/user/.m2/repository/io/netty/netty-handler/4.1.30.Final/netty-handler-4.1.30.Final.jar:/home/user/.m2/repository/io/netty/netty-handler-proxy/4.1.30.Final/netty-handler-proxy-4.1.30.Final.jar:/home/user/.m2/repository/io/netty/netty-codec-socks/4.1.30.Final/netty-codec-socks-4.1.30.Final.jar:/home/user/.m2/repository/io/netty/netty-transport-native-epoll/4.1.30.Final/netty-transport-native-epoll-4.1.30.Final.jar:/home/user/.m2/repository/io/netty/netty-common/4.1.30.Final/netty-common-4.1.30.Final.jar:/home/user/.m2/repository/io/netty/netty-buffer/4.1.30.Final/netty-buffer-4.1.30.Final.jar:/home/user/.m2/repository/io/netty/netty-transport/4.1.30.Final/netty-transport-4.1.30.Final.jar:/home/user/.m2/repository/io/netty/netty-resolver/4.1.30.Final/netty-resolver-4.1.30.Final.jar:/home/user/.m2/repository/io/netty/netty-transport-native-unix-common/4.1.30.Final/netty-transport-native-unix-common-4.1.30.Final.jar:/home/user/.m2/repository/io/grpc/grpc-protobuf/1.17.1/grpc-protobuf-1.17.1.jar:/home/user/.m2/repository/com/google/api/grpc/proto-google-common-protos/1.0.0/proto-google-common-protos-1.0.0.jar:/home/user/.m2/repository/io/grpc/grpc-protobuf-lite/1.17.1/grpc-protobuf-lite-1.17.1.jar:/home/user/.m2/repository/io/grpc/grpc-stub/1.17.1/grpc-stub-1.17.1.jar:/home/user/.m2/repository/org/apache/hadoop/hadoop-ozone-recon/0.5.0-SNAPSHOT/hadoop-ozone-recon-0.5.0-SNAPSHOT.jar:/home/user/.m2/repository/org/apache/hadoop/hadoop-ozone-reconcodegen/0.5.0-SNAPSHOT/hadoop-ozone-reconcodegen-0.5.0-SNAPSHOT.jar:/home/user/.m2/repository/com/google/inject/extensions/guice-multibindings/4.0/guice-multibindings-4.0.jar:/home/user/.m2/repository/com/google/inject/guice/4.0/guice-4.0.jar:/home/user/.m2/repository/aopalliance/aopalliance/1.0/aopalliance-1.0.jar:/home/user/.m2/repository/com/google/inject/extensions/guice-servlet/4.0/guice-servlet-4.0.jar:/home/user/.m2/repository/org/glassfish/jersey/containers/jersey-container-servlet/2.27/jersey-container-servlet-2.27.jar:/home/user/.m2/repository/org/glassfish/hk2/guice-bridge/2.5.0/guice-bridge-2.5.0.jar:/home/user/.m2/repository/org/glassfish/jersey/core/jersey-server/2.27/jersey-server-2.27.jar:/home/user/.m2/repository/org/glassfish/jersey/core/jersey-client/2.27/jersey-client-2.27.jar:/home/user/.m2/repository/org/glassfish/jersey/media/jersey-media-jaxb/2.27/jersey-media-jaxb-2.27.jar:/home/user/.m2/repository/javax/validation/validation-api/1.1.0.Final/validation-api-1.1.0.Final.jar:/home/user/.m2/repository/org/glassfish/jersey/media/jersey-media-json-jackson/2.27/jersey-media-json-jackson-2.27.jar:/home/user/.m2/repository/org/glassfish/jersey/ext/jersey-entity-filtering/2.27/jersey-entity-filtering-2.27.jar:/home/user/.m2/repository/com/google/inject/extensions/guice-assistedinject/4.0/guice-assistedinject-4.0.jar:/home/user/.m2/repository/org/jooq/jooq/3.11.10/jooq-3.11.10.jar:/home/user/.m2/repository/org/jooq/jooq-meta/3.11.10/jooq-meta-3.11.10.jar:/home/user/.m2/repository/org/jooq/jooq-codegen/3.11.10/jooq-codegen-3.11.10.jar:/home/user/.m2/repository/com/jolbox/bonecp/0.8.0.RELEASE/bonecp-0.8.0.RELEASE.jar:/home/user/.m2/repository/org/xerial/sqlite-jdbc/3.25.2/sqlite-jdbc-3.25.2.jar:/home/user/.m2/repository/org/springframework/spring-jdbc/5.1.3.RELEASE/spring-jdbc-5.1.3.RELEASE.jar:/home/user/.m2/repository/org/springframework/spring-beans/5.1.3.RELEASE/spring-beans-5.1.3.RELEASE.jar:/home/user/.m2/repository/org/springframework/spring-core/5.1.3.RELEASE/spring-core-5.1.3.RELEASE.jar:/home/user/.m2/repository/org/springframework/spring-jcl/5.1.3.RELEASE/spring-jcl-5.1.3.RELEASE.jar:/home/user/.m2/repository/org/springframework/spring-tx/5.1.3.RELEASE/spring-tx-5.1.3.RELEASE.jar:/home/user/.m2/repository/org/apache/hadoop/hadoop-ozone-client/0.5.0-SNAPSHOT/hadoop-ozone-client-0.5.0-SNAPSHOT.jar:/home/user/.m2/repository/commons-lang/commons-lang/2.6/commons-lang-2.6.jar:/home/user/.m2/repository/org/apache/hadoop/hadoop-ozone-ozone-manager/0.5.0-SNAPSHOT/hadoop-ozone-ozone-manager-0.5.0-SNAPSHOT-tests.jar:/home/user/.m2/repository/junit/junit/4.11/junit-4.11.jar:/home/user/.m2/repository/org/hamcrest/hamcrest-core/1.3/hamcrest-core-1.3.jar:/home/user/.m2/repository/org/openjdk/jmh/jmh-core/1.19/jmh-core-1.19.jar:/home/user/.m2/repository/net/sf/jopt-simple/jopt-simple/4.6/jopt-simple-4.6.jar:/home/user/.m2/repository/org/apache/commons/commons-math3/3.1.1/commons-math3-3.1.1.jar:/home/user/.m2/repository/org/openjdk/jmh/jmh-generator-annprocess/1.19/jmh-generator-annprocess-1.19.jar:/home/user/.m2/repository/org/mockito/mockito-all/1.8.5/mockito-all-1.8.5.jar:/home/user/.m2/repository/org/apache/hadoop/hadoop-kms/3.2.0/hadoop-kms-3.2.0.jar:/home/user/.m2/repository/org/apache/hadoop/hadoop-auth/3.2.0/hadoop-auth-3.2.0.jar:/home/user/.m2/repository/com/nimbusds/nimbus-jose-jwt/4.41.1/nimbus-jose-jwt-4.41.1.jar:/home/user/.m2/repository/com/github/stephenc/jcip/jcip-annotations/1.0-1/jcip-annotations-1.0-1.jar:/home/user/.m2/repository/net/minidev/json-smart/2.3/json-smart-2.3.jar:/home/user/.m2/repository/net/minidev/accessors-smart/1.2/accessors-smart-1.2.jar:/home/user/.m2/repository/org/ow2/asm/asm/5.0.4/asm-5.0.4.jar:/home/user/.m2/repository/org/apache/curator/curator-framework/2.12.0/curator-framework-2.12.0.jar:/home/user/.m2/repository/com/sun/jersey/jersey-core/1.19/jersey-core-1.19.jar:/home/user/.m2/repository/javax/ws/rs/jsr311-api/1.1.1/jsr311-api-1.1.1.jar:/home/user/.m2/repository/com/sun/jersey/jersey-server/1.19/jersey-server-1.19.jar:/home/user/.m2/repository/javax/servlet/javax.servlet-api/3.1.0/javax.servlet-api-3.1.0.jar:/home/user/.m2/repository/org/eclipse/jetty/jetty-server/9.3.25.v20180904/jetty-server-9.3.25.v20180904.jar:/home/user/.m2/repository/org/eclipse/jetty/jetty-http/9.3.25.v20180904/jetty-http-9.3.25.v20180904.jar:/home/user/.m2/repository/org/eclipse/jetty/jetty-io/9.3.25.v20180904/jetty-io-9.3.25.v20180904.jar:/home/user/.m2/repository/org/eclipse/jetty/jetty-webapp/9.3.25.v20180904/jetty-webapp-9.3.25.v20180904.jar:/home/user/.m2/repository/org/eclipse/jetty/jetty-xml/9.3.25.v20180904/jetty-xml-9.3.25.v20180904.jar:/home/user/.m2/repository/log4j/log4j/1.2.17/log4j-1.2.17.jar:/home/user/.m2/repository/org/slf4j/slf4j-api/1.7.25/slf4j-api-1.7.25.jar:/home/user/.m2/repository/org/slf4j/jul-to-slf4j/1.7.25/jul-to-slf4j-1.7.25.jar:/home/user/.m2/repository/org/eclipse/jetty/jetty-util/9.3.25.v20180904/jetty-util-9.3.25.v20180904.jar:/home/user/.m2/repository/com/fasterxml/jackson/core/jackson-databind/2.9.9/jackson-databind-2.9.9.jar:/home/user/.m2/repository/org/apache/hadoop/hadoop-kms/3.2.0/hadoop-kms-3.2.0-tests.jar:/home/user/.m2/repository/org/apache/hadoop/hadoop-hdds-server-scm/0.5.0-SNAPSHOT/hadoop-hdds-server-scm-0.5.0-SNAPSHOT-tests.jar:/home/user/.m2/repository/org/apache/hadoop/hadoop-hdds-container-service/0.5.0-SNAPSHOT/hadoop-hdds-container-service-0.5.0-SNAPSHOT-tests.jar:/home/user/.m2/repository/org/yaml/snakeyaml/1.16/snakeyaml-1.16.jar:/home/user/.m2/repository/org/apache/hadoop/hadoop-common/3.2.0/hadoop-common-3.2.0-tests.jar:/home/user/.m2/repository/org/apache/hadoop/hadoop-annotations/3.2.0/hadoop-annotations-3.2.0.jar:/usr/lib/jvm/java-1.8-openjdk/jre/../lib/tools.jar:/home/user/.m2/repository/commons-cli/commons-cli/1.2/commons-cli-1.2.jar:/home/user/.m2/repository/org/apache/httpcomponents/httpclient/4.5.2/httpclient-4.5.2.jar:/home/user/.m2/repository/org/apache/httpcomponents/httpcore/4.4.4/httpcore-4.4.4.jar:/home/user/.m2/repository/commons-codec/commons-codec/1.11/commons-codec-1.11.jar:/home/user/.m2/repository/commons-net/commons-net/3.6/commons-net-3.6.jar:/home/user/.m2/repository/commons-collections/commons-collections/3.2.2/commons-collections-3.2.2.jar:/home/user/.m2/repository/org/eclipse/jetty/jetty-servlet/9.3.25.v20180904/jetty-servlet-9.3.25.v20180904.jar:/home/user/.m2/repository/org/eclipse/jetty/jetty-security/9.3.25.v20180904/jetty-security-9.3.25.v20180904.jar:/home/user/.m2/repository/javax/servlet/jsp/jsp-api/2.1/jsp-api-2.1.jar:/home/user/.m2/repository/com/sun/jersey/jersey-servlet/1.19/jersey-servlet-1.19.jar:/home/user/.m2/repository/com/sun/jersey/jersey-json/1.19/jersey-json-1.19.jar:/home/user/.m2/repository/org/codehaus/jettison/jettison/1.1/jettison-1.1.jar:/home/user/.m2/repository/org/codehaus/jackson/jackson-core-asl/1.9.13/jackson-core-asl-1.9.13.jar:/home/user/.m2/repository/org/codehaus/jackson/jackson-mapper-asl/1.9.13/jackson-mapper-asl-1.9.13.jar:/home/user/.m2/repository/org/codehaus/jackson/jackson-jaxrs/1.9.13/jackson-jaxrs-1.9.13.jar:/home/user/.m2/repository/org/codehaus/jackson/jackson-xc/1.9.13/jackson-xc-1.9.13.jar:/home/user/.m2/repository/commons-logging/commons-logging/1.1.3/commons-logging-1.1.3.jar:/home/user/.m2/repository/commons-beanutils/commons-beanutils/1.9.4/commons-beanutils-1.9.4.jar:/home/user/.m2/repository/org/apache/commons/commons-configuration2/2.1.1/commons-configuration2-2.1.1.jar:/home/user/.m2/repository/org/apache/commons/commons-lang3/3.7/commons-lang3-3.7.jar:/home/user/.m2/repository/org/apache/commons/commons-text/1.4/commons-text-1.4.jar:/home/user/.m2/repository/org/apache/avro/avro/1.7.7/avro-1.7.7.jar:/home/user/.m2/repository/com/thoughtworks/paranamer/paranamer/2.3/paranamer-2.3.jar:/home/user/.m2/repository/org/xerial/snappy/snappy-java/1.0.5/snappy-java-1.0.5.jar:/home/user/.m2/repository/com/google/re2j/re2j/1.1/re2j-1.1.jar:/home/user/.m2/repository/com/google/code/gson/gson/2.2.4/gson-2.2.4.jar:/home/user/.m2/repository/com/jcraft/jsch/0.1.54/jsch-0.1.54.jar:/home/user/.m2/repository/org/apache/curator/curator-client/2.12.0/curator-client-2.12.0.jar:/home/user/.m2/repository/org/apache/curator/curator-recipes/2.12.0/curator-recipes-2.12.0.jar:/home/user/.m2/repository/com/google/code/findbugs/jsr305/3.0.0/jsr305-3.0.0.jar:/home/user/.m2/repository/org/apache/htrace/htrace-core4/4.1.0-incubating/htrace-core4-4.1.0-incubating.jar:/home/user/.m2/repository/org/apache/zookeeper/zookeeper/3.4.13/zookeeper-3.4.13.jar:/home/user/.m2/repository/jline/jline/0.9.94/jline-0.9.94.jar:/home/user/.m2/repository/org/apache/yetus/audience-annotations/0.5.0/audience-annotations-0.5.0.jar:/home/user/.m2/repository/org/codehaus/woodstox/stax2-api/3.1.4/stax2-api-3.1.4.jar:/home/user/.m2/repository/com/fasterxml/woodstox/woodstox-core/5.0.3/woodstox-core-5.0.3.jar:/home/user/.m2/repository/dnsjava/dnsjava/2.1.7/dnsjava-2.1.7.jar:/home/user/.m2/repository/org/apache/hadoop/hadoop-hdfs/3.2.0/hadoop-hdfs-3.2.0-tests.jar:/home/user/.m2/repository/org/eclipse/jetty/jetty-util-ajax/9.3.25.v20180904/jetty-util-ajax-9.3.25.v20180904.jar:/home/user/.m2/repository/commons-daemon/commons-daemon/1.0.13/commons-daemon-1.0.13.jar:/home/user/.m2/repository/io/netty/netty/3.10.5.Final/netty-3.10.5.Final.jar:/home/user/.m2/repository/io/netty/netty-all/4.0.52.Final/netty-all-4.0.52.Final.jar:/home/user/.m2/repository/org/fusesource/leveldbjni/leveldbjni-all/1.8/leveldbjni-all-1.8.jar:"/>
    <property name="java.vm.vendor" value="IcedTea"/>
    <property name="sun.arch.data.model" value="64"/>
    <property name="test.build.dir" value="/workdir/hadoop-ozone/integration-test/target/test-dir"/>
    <property name="test.cache.data" value=""/>
    <property name="java.vendor.url" value="https://icedtea.classpath.org"/>
    <property name="user.timezone" value=""/>
    <property name="java.vm.specification.version" value="1.8"/>
    <property name="os.name" value="Linux"/>
    <property name="test.build.data" value="/workdir/hadoop-ozone/integration-test/target/test-dir"/>
    <property name="user.country" value="US"/>
    <property name="sun.java.launcher" value="SUN_STANDARD"/>
    <property name="sun.boot.library.path" value="/usr/lib/jvm/java-1.8-openjdk/jre/lib/amd64"/>
    <property name="sun.java.command" value="/workdir/hadoop-ozone/integration-test/target/surefire/surefirebooter2022431269605804240.jar /workdir/hadoop-ozone/integration-test/target/surefire 2019-10-03T19-12-52_954-jvmRun1 surefire8993688945620026788tmp surefire_517423614673565284297tmp"/>
    <property name="test" value="!TestMiniChaosOzoneCluster"/>
    <property name="surefire.test.class.path" value="/workdir/hadoop-ozone/integration-test/target/test-classes:/workdir/hadoop-ozone/integration-test/target/classes:/home/user/.m2/repository/org/apache/hadoop/hadoop-ozone-common/0.5.0-SNAPSHOT/hadoop-ozone-common-0.5.0-SNAPSHOT.jar:/home/user/.m2/repository/org/apache/commons/commons-compress/1.4.1/commons-compress-1.4.1.jar:/home/user/.m2/repository/org/tukaani/xz/1.0/xz-1.0.jar:/home/user/.m2/repository/org/apache/hadoop/hadoop-common/3.2.0/hadoop-common-3.2.0.jar:/home/user/.m2/repository/org/apache/hadoop/hadoop-hdfs/3.2.0/hadoop-hdfs-3.2.0.jar:/home/user/.m2/repository/org/apache/hadoop/hadoop-hdfs-client/3.2.0/hadoop-hdfs-client-3.2.0.jar:/home/user/.m2/repository/com/fasterxml/jackson/core/jackson-annotations/2.9.9/jackson-annotations-2.9.9.jar:/home/user/.m2/repository/org/apache/hadoop/hadoop-hdds-common/0.5.0-SNAPSHOT/hadoop-hdds-common-0.5.0-SNAPSHOT.jar:/home/user/.m2/repository/javax/annotation/javax.annotation-api/1.2/javax.annotation-api-1.2.jar:/home/user/.m2/repository/org/apache/ratis/ratis-server/0.5.0-201fc85-SNAPSHOT/ratis-server-0.5.0-201fc85-SNAPSHOT.jar:/home/user/.m2/repository/org/apache/ratis/ratis-thirdparty-misc/0.2.0/ratis-thirdparty-misc-0.2.0.jar:/home/user/.m2/repository/org/apache/ratis/ratis-proto/0.5.0-201fc85-SNAPSHOT/ratis-proto-0.5.0-201fc85-SNAPSHOT.jar:/home/user/.m2/repository/org/apache/ratis/ratis-common/0.5.0-201fc85-SNAPSHOT/ratis-common-0.5.0-201fc85-SNAPSHOT.jar:/home/user/.m2/repository/org/apache/ratis/ratis-client/0.5.0-201fc85-SNAPSHOT/ratis-client-0.5.0-201fc85-SNAPSHOT.jar:/home/user/.m2/repository/org/apache/ratis/ratis-metrics/0.5.0-201fc85-SNAPSHOT/ratis-metrics-0.5.0-201fc85-SNAPSHOT.jar:/home/user/.m2/repository/com/github/joshelser/dropwizard-metrics-hadoop-metrics2-reporter/0.1.2/dropwizard-metrics-hadoop-metrics2-reporter-0.1.2.jar:/home/user/.m2/repository/io/dropwizard/metrics/metrics-jvm/3.2.5/metrics-jvm-3.2.5.jar:/home/user/.m2/repository/io/dropwizard/metrics/metrics-ganglia/3.2.5/metrics-ganglia-3.2.5.jar:/home/user/.m2/repository/info/ganglia/gmetric4j/gmetric4j/1.0.7/gmetric4j-1.0.7.jar:/home/user/.m2/repository/org/apache/ratis/ratis-netty/0.5.0-201fc85-SNAPSHOT/ratis-netty-0.5.0-201fc85-SNAPSHOT.jar:/home/user/.m2/repository/org/apache/ratis/ratis-grpc/0.5.0-201fc85-SNAPSHOT/ratis-grpc-0.5.0-201fc85-SNAPSHOT.jar:/home/user/.m2/repository/org/rocksdb/rocksdbjni/6.0.1/rocksdbjni-6.0.1.jar:/home/user/.m2/repository/org/apache/logging/log4j/log4j-api/2.11.0/log4j-api-2.11.0.jar:/home/user/.m2/repository/org/apache/logging/log4j/log4j-core/2.11.0/log4j-core-2.11.0.jar:/home/user/.m2/repository/com/lmax/disruptor/3.4.2/disruptor-3.4.2.jar:/home/user/.m2/repository/org/apache/commons/commons-pool2/2.6.0/commons-pool2-2.6.0.jar:/home/user/.m2/repository/org/bouncycastle/bcpkix-jdk15on/1.60/bcpkix-jdk15on-1.60.jar:/home/user/.m2/repository/commons-validator/commons-validator/1.6/commons-validator-1.6.jar:/home/user/.m2/repository/commons-digester/commons-digester/1.8.1/commons-digester-1.8.1.jar:/home/user/.m2/repository/io/jaegertracing/jaeger-client/0.34.0/jaeger-client-0.34.0.jar:/home/user/.m2/repository/io/jaegertracing/jaeger-thrift/0.34.0/jaeger-thrift-0.34.0.jar:/home/user/.m2/repository/org/apache/thrift/libthrift/0.12.0/libthrift-0.12.0.jar:/home/user/.m2/repository/com/squareup/okhttp3/okhttp/3.9.0/okhttp-3.9.0.jar:/home/user/.m2/repository/com/squareup/okio/okio/1.13.0/okio-1.13.0.jar:/home/user/.m2/repository/io/jaegertracing/jaeger-core/0.34.0/jaeger-core-0.34.0.jar:/home/user/.m2/repository/io/jaegertracing/jaeger-tracerresolver/0.34.0/jaeger-tracerresolver-0.34.0.jar:/home/user/.m2/repository/io/opentracing/contrib/opentracing-tracerresolver/0.1.5/opentracing-tracerresolver-0.1.5.jar:/home/user/.m2/repository/io/opentracing/opentracing-util/0.31.0/opentracing-util-0.31.0.jar:/home/user/.m2/repository/io/opentracing/opentracing-api/0.31.0/opentracing-api-0.31.0.jar:/home/user/.m2/repository/io/opentracing/opentracing-noop/0.31.0/opentracing-noop-0.31.0.jar:/home/user/.m2/repository/org/apache/hadoop/hadoop-hdds-server-framework/0.5.0-SNAPSHOT/hadoop-hdds-server-framework-0.5.0-SNAPSHOT.jar:/home/user/.m2/repository/org/apache/hadoop/hadoop-hdds-container-service/0.5.0-SNAPSHOT/hadoop-hdds-container-service-0.5.0-SNAPSHOT.jar:/home/user/.m2/repository/org/apache/hadoop/hadoop-hdds-client/0.5.0-SNAPSHOT/hadoop-hdds-client-0.5.0-SNAPSHOT.jar:/home/user/.m2/repository/org/apache/hadoop/hadoop-hdds-tools/0.5.0-SNAPSHOT/hadoop-hdds-tools-0.5.0-SNAPSHOT.jar:/home/user/.m2/repository/org/apache/hadoop/hadoop-hdds-server-scm/0.5.0-SNAPSHOT/hadoop-hdds-server-scm-0.5.0-SNAPSHOT.jar:/home/user/.m2/repository/org/apache/hadoop/hadoop-hdds-docs/0.5.0-SNAPSHOT/hadoop-hdds-docs-0.5.0-SNAPSHOT.jar:/home/user/.m2/repository/io/dropwizard/metrics/metrics-core/3.2.4/metrics-core-3.2.4.jar:/home/user/.m2/repository/org/hamcrest/hamcrest-all/1.3/hamcrest-all-1.3.jar:/home/user/.m2/repository/org/bouncycastle/bcprov-jdk15on/1.60/bcprov-jdk15on-1.60.jar:/home/user/.m2/repository/info/picocli/picocli/3.9.6/picocli-3.9.6.jar:/home/user/.m2/repository/com/google/protobuf/protobuf-java/2.5.0/protobuf-java-2.5.0.jar:/home/user/.m2/repository/com/google/guava/guava/11.0.2/guava-11.0.2.jar:/home/user/.m2/repository/org/apache/hadoop/hadoop-ozone-ozone-manager/0.5.0-SNAPSHOT/hadoop-ozone-ozone-manager-0.5.0-SNAPSHOT.jar:/home/user/.m2/repository/org/apache/hadoop/hadoop-minikdc/3.2.0/hadoop-minikdc-3.2.0.jar:/home/user/.m2/repository/commons-io/commons-io/2.5/commons-io-2.5.jar:/home/user/.m2/repository/org/apache/kerby/kerb-simplekdc/1.0.1/kerb-simplekdc-1.0.1.jar:/home/user/.m2/repository/org/apache/kerby/kerb-client/1.0.1/kerb-client-1.0.1.jar:/home/user/.m2/repository/org/apache/kerby/kerby-config/1.0.1/kerby-config-1.0.1.jar:/home/user/.m2/repository/org/apache/kerby/kerb-core/1.0.1/kerb-core-1.0.1.jar:/home/user/.m2/repository/org/apache/kerby/kerby-pkix/1.0.1/kerby-pkix-1.0.1.jar:/home/user/.m2/repository/org/apache/kerby/kerby-asn1/1.0.1/kerby-asn1-1.0.1.jar:/home/user/.m2/repository/org/apache/kerby/kerby-util/1.0.1/kerby-util-1.0.1.jar:/home/user/.m2/repository/org/apache/kerby/kerb-common/1.0.1/kerb-common-1.0.1.jar:/home/user/.m2/repository/org/apache/kerby/kerb-crypto/1.0.1/kerb-crypto-1.0.1.jar:/home/user/.m2/repository/org/apache/kerby/kerb-util/1.0.1/kerb-util-1.0.1.jar:/home/user/.m2/repository/org/apache/kerby/token-provider/1.0.1/token-provider-1.0.1.jar:/home/user/.m2/repository/org/apache/kerby/kerb-admin/1.0.1/kerb-admin-1.0.1.jar:/home/user/.m2/repository/org/apache/kerby/kerb-server/1.0.1/kerb-server-1.0.1.jar:/home/user/.m2/repository/org/apache/kerby/kerb-identity/1.0.1/kerb-identity-1.0.1.jar:/home/user/.m2/repository/org/apache/kerby/kerby-xdr/1.0.1/kerby-xdr-1.0.1.jar:/home/user/.m2/repository/org/slf4j/slf4j-log4j12/1.7.25/slf4j-log4j12-1.7.25.jar:/home/user/.m2/repository/org/apache/hadoop/hadoop-ozone-s3gateway/0.5.0-SNAPSHOT/hadoop-ozone-s3gateway-0.5.0-SNAPSHOT.jar:/home/user/.m2/repository/org/jboss/weld/servlet/weld-servlet/2.4.7.Final/weld-servlet-2.4.7.Final.jar:/home/user/.m2/repository/org/glassfish/jersey/containers/jersey-container-servlet-core/2.27/jersey-container-servlet-core-2.27.jar:/home/user/.m2/repository/org/glassfish/hk2/external/javax.inject/2.5.0-b42/javax.inject-2.5.0-b42.jar:/home/user/.m2/repository/org/glassfish/jersey/core/jersey-common/2.27/jersey-common-2.27.jar:/home/user/.m2/repository/org/glassfish/hk2/osgi-resource-locator/1.0.1/osgi-resource-locator-1.0.1.jar:/home/user/.m2/repository/javax/ws/rs/javax.ws.rs-api/2.1/javax.ws.rs-api-2.1.jar:/home/user/.m2/repository/org/glassfish/jersey/ext/cdi/jersey-cdi1x/2.27/jersey-cdi1x-2.27.jar:/home/user/.m2/repository/org/glassfish/jersey/inject/jersey-hk2/2.27/jersey-hk2-2.27.jar:/home/user/.m2/repository/org/glassfish/hk2/hk2-locator/2.5.0-b42/hk2-locator-2.5.0-b42.jar:/home/user/.m2/repository/org/javassist/javassist/3.22.0-CR2/javassist-3.22.0-CR2.jar:/home/user/.m2/repository/org/glassfish/hk2/hk2-api/2.5.0/hk2-api-2.5.0.jar:/home/user/.m2/repository/org/glassfish/hk2/external/jakarta.inject/2.5.0/jakarta.inject-2.5.0.jar:/home/user/.m2/repository/org/glassfish/hk2/hk2-utils/2.5.0/hk2-utils-2.5.0.jar:/home/user/.m2/repository/jakarta/annotation/jakarta.annotation-api/1.3.4/jakarta.annotation-api-1.3.4.jar:/home/user/.m2/repository/org/glassfish/hk2/external/aopalliance-repackaged/2.5.0/aopalliance-repackaged-2.5.0.jar:/home/user/.m2/repository/com/fasterxml/jackson/dataformat/jackson-dataformat-xml/2.9.0/jackson-dataformat-xml-2.9.0.jar:/home/user/.m2/repository/com/fasterxml/jackson/core/jackson-core/2.9.9/jackson-core-2.9.9.jar:/home/user/.m2/repository/com/fasterxml/jackson/module/jackson-module-jaxb-annotations/2.9.9/jackson-module-jaxb-annotations-2.9.9.jar:/home/user/.m2/repository/javax/enterprise/cdi-api/1.2/cdi-api-1.2.jar:/home/user/.m2/repository/javax/el/javax.el-api/3.0.0/javax.el-api-3.0.0.jar:/home/user/.m2/repository/javax/interceptor/javax.interceptor-api/1.2/javax.interceptor-api-1.2.jar:/home/user/.m2/repository/javax/inject/javax.inject/1/javax.inject-1.jar:/home/user/.m2/repository/com/sun/xml/bind/jaxb-impl/2.3.0.1/jaxb-impl-2.3.0.1.jar:/home/user/.m2/repository/com/sun/xml/bind/jaxb-core/2.3.0.1/jaxb-core-2.3.0.1.jar:/home/user/.m2/repository/javax/xml/bind/jaxb-api/2.3.0/jaxb-api-2.3.0.jar:/home/user/.m2/repository/javax/activation/activation/1.1.1/activation-1.1.1.jar:/home/user/.m2/repository/org/apache/hadoop/hadoop-ozone-csi/0.5.0-SNAPSHOT/hadoop-ozone-csi-0.5.0-SNAPSHOT.jar:/home/user/.m2/repository/com/google/protobuf/protobuf-java-util/3.5.1/protobuf-java-util-3.5.1.jar:/home/user/.m2/repository/org/apache/hadoop/hadoop-hdds-config/0.5.0-SNAPSHOT/hadoop-hdds-config-0.5.0-SNAPSHOT.jar:/home/user/.m2/repository/io/grpc/grpc-netty/1.17.1/grpc-netty-1.17.1.jar:/home/user/.m2/repository/io/grpc/grpc-core/1.17.1/grpc-core-1.17.1.jar:/home/user/.m2/repository/io/grpc/grpc-context/1.17.1/grpc-context-1.17.1.jar:/home/user/.m2/repository/com/google/errorprone/error_prone_annotations/2.2.0/error_prone_annotations-2.2.0.jar:/home/user/.m2/repository/org/codehaus/mojo/animal-sniffer-annotations/1.17/animal-sniffer-annotations-1.17.jar:/home/user/.m2/repository/io/opencensus/opencensus-api/0.17.0/opencensus-api-0.17.0.jar:/home/user/.m2/repository/io/opencensus/opencensus-contrib-grpc-metrics/0.17.0/opencensus-contrib-grpc-metrics-0.17.0.jar:/home/user/.m2/repository/io/netty/netty-codec-http2/4.1.30.Final/netty-codec-http2-4.1.30.Final.jar:/home/user/.m2/repository/io/netty/netty-codec-http/4.1.30.Final/netty-codec-http-4.1.30.Final.jar:/home/user/.m2/repository/io/netty/netty-codec/4.1.30.Final/netty-codec-4.1.30.Final.jar:/home/user/.m2/repository/io/netty/netty-handler/4.1.30.Final/netty-handler-4.1.30.Final.jar:/home/user/.m2/repository/io/netty/netty-handler-proxy/4.1.30.Final/netty-handler-proxy-4.1.30.Final.jar:/home/user/.m2/repository/io/netty/netty-codec-socks/4.1.30.Final/netty-codec-socks-4.1.30.Final.jar:/home/user/.m2/repository/io/netty/netty-transport-native-epoll/4.1.30.Final/netty-transport-native-epoll-4.1.30.Final.jar:/home/user/.m2/repository/io/netty/netty-common/4.1.30.Final/netty-common-4.1.30.Final.jar:/home/user/.m2/repository/io/netty/netty-buffer/4.1.30.Final/netty-buffer-4.1.30.Final.jar:/home/user/.m2/repository/io/netty/netty-transport/4.1.30.Final/netty-transport-4.1.30.Final.jar:/home/user/.m2/repository/io/netty/netty-resolver/4.1.30.Final/netty-resolver-4.1.30.Final.jar:/home/user/.m2/repository/io/netty/netty-transport-native-unix-common/4.1.30.Final/netty-transport-native-unix-common-4.1.30.Final.jar:/home/user/.m2/repository/io/grpc/grpc-protobuf/1.17.1/grpc-protobuf-1.17.1.jar:/home/user/.m2/repository/com/google/api/grpc/proto-google-common-protos/1.0.0/proto-google-common-protos-1.0.0.jar:/home/user/.m2/repository/io/grpc/grpc-protobuf-lite/1.17.1/grpc-protobuf-lite-1.17.1.jar:/home/user/.m2/repository/io/grpc/grpc-stub/1.17.1/grpc-stub-1.17.1.jar:/home/user/.m2/repository/org/apache/hadoop/hadoop-ozone-recon/0.5.0-SNAPSHOT/hadoop-ozone-recon-0.5.0-SNAPSHOT.jar:/home/user/.m2/repository/org/apache/hadoop/hadoop-ozone-reconcodegen/0.5.0-SNAPSHOT/hadoop-ozone-reconcodegen-0.5.0-SNAPSHOT.jar:/home/user/.m2/repository/com/google/inject/extensions/guice-multibindings/4.0/guice-multibindings-4.0.jar:/home/user/.m2/repository/com/google/inject/guice/4.0/guice-4.0.jar:/home/user/.m2/repository/aopalliance/aopalliance/1.0/aopalliance-1.0.jar:/home/user/.m2/repository/com/google/inject/extensions/guice-servlet/4.0/guice-servlet-4.0.jar:/home/user/.m2/repository/org/glassfish/jersey/containers/jersey-container-servlet/2.27/jersey-container-servlet-2.27.jar:/home/user/.m2/repository/org/glassfish/hk2/guice-bridge/2.5.0/guice-bridge-2.5.0.jar:/home/user/.m2/repository/org/glassfish/jersey/core/jersey-server/2.27/jersey-server-2.27.jar:/home/user/.m2/repository/org/glassfish/jersey/core/jersey-client/2.27/jersey-client-2.27.jar:/home/user/.m2/repository/org/glassfish/jersey/media/jersey-media-jaxb/2.27/jersey-media-jaxb-2.27.jar:/home/user/.m2/repository/javax/validation/validation-api/1.1.0.Final/validation-api-1.1.0.Final.jar:/home/user/.m2/repository/org/glassfish/jersey/media/jersey-media-json-jackson/2.27/jersey-media-json-jackson-2.27.jar:/home/user/.m2/repository/org/glassfish/jersey/ext/jersey-entity-filtering/2.27/jersey-entity-filtering-2.27.jar:/home/user/.m2/repository/com/google/inject/extensions/guice-assistedinject/4.0/guice-assistedinject-4.0.jar:/home/user/.m2/repository/org/jooq/jooq/3.11.10/jooq-3.11.10.jar:/home/user/.m2/repository/org/jooq/jooq-meta/3.11.10/jooq-meta-3.11.10.jar:/home/user/.m2/repository/org/jooq/jooq-codegen/3.11.10/jooq-codegen-3.11.10.jar:/home/user/.m2/repository/com/jolbox/bonecp/0.8.0.RELEASE/bonecp-0.8.0.RELEASE.jar:/home/user/.m2/repository/org/xerial/sqlite-jdbc/3.25.2/sqlite-jdbc-3.25.2.jar:/home/user/.m2/repository/org/springframework/spring-jdbc/5.1.3.RELEASE/spring-jdbc-5.1.3.RELEASE.jar:/home/user/.m2/repository/org/springframework/spring-beans/5.1.3.RELEASE/spring-beans-5.1.3.RELEASE.jar:/home/user/.m2/repository/org/springframework/spring-core/5.1.3.RELEASE/spring-core-5.1.3.RELEASE.jar:/home/user/.m2/repository/org/springframework/spring-jcl/5.1.3.RELEASE/spring-jcl-5.1.3.RELEASE.jar:/home/user/.m2/repository/org/springframework/spring-tx/5.1.3.RELEASE/spring-tx-5.1.3.RELEASE.jar:/home/user/.m2/repository/org/apache/hadoop/hadoop-ozone-client/0.5.0-SNAPSHOT/hadoop-ozone-client-0.5.0-SNAPSHOT.jar:/home/user/.m2/repository/commons-lang/commons-lang/2.6/commons-lang-2.6.jar:/home/user/.m2/repository/org/apache/hadoop/hadoop-ozone-ozone-manager/0.5.0-SNAPSHOT/hadoop-ozone-ozone-manager-0.5.0-SNAPSHOT-tests.jar:/home/user/.m2/repository/junit/junit/4.11/junit-4.11.jar:/home/user/.m2/repository/org/hamcrest/hamcrest-core/1.3/hamcrest-core-1.3.jar:/home/user/.m2/repository/org/openjdk/jmh/jmh-core/1.19/jmh-core-1.19.jar:/home/user/.m2/repository/net/sf/jopt-simple/jopt-simple/4.6/jopt-simple-4.6.jar:/home/user/.m2/repository/org/apache/commons/commons-math3/3.1.1/commons-math3-3.1.1.jar:/home/user/.m2/repository/org/openjdk/jmh/jmh-generator-annprocess/1.19/jmh-generator-annprocess-1.19.jar:/home/user/.m2/repository/org/mockito/mockito-all/1.8.5/mockito-all-1.8.5.jar:/home/user/.m2/repository/org/apache/hadoop/hadoop-kms/3.2.0/hadoop-kms-3.2.0.jar:/home/user/.m2/repository/org/apache/hadoop/hadoop-auth/3.2.0/hadoop-auth-3.2.0.jar:/home/user/.m2/repository/com/nimbusds/nimbus-jose-jwt/4.41.1/nimbus-jose-jwt-4.41.1.jar:/home/user/.m2/repository/com/github/stephenc/jcip/jcip-annotations/1.0-1/jcip-annotations-1.0-1.jar:/home/user/.m2/repository/net/minidev/json-smart/2.3/json-smart-2.3.jar:/home/user/.m2/repository/net/minidev/accessors-smart/1.2/accessors-smart-1.2.jar:/home/user/.m2/repository/org/ow2/asm/asm/5.0.4/asm-5.0.4.jar:/home/user/.m2/repository/org/apache/curator/curator-framework/2.12.0/curator-framework-2.12.0.jar:/home/user/.m2/repository/com/sun/jersey/jersey-core/1.19/jersey-core-1.19.jar:/home/user/.m2/repository/javax/ws/rs/jsr311-api/1.1.1/jsr311-api-1.1.1.jar:/home/user/.m2/repository/com/sun/jersey/jersey-server/1.19/jersey-server-1.19.jar:/home/user/.m2/repository/javax/servlet/javax.servlet-api/3.1.0/javax.servlet-api-3.1.0.jar:/home/user/.m2/repository/org/eclipse/jetty/jetty-server/9.3.25.v20180904/jetty-server-9.3.25.v20180904.jar:/home/user/.m2/repository/org/eclipse/jetty/jetty-http/9.3.25.v20180904/jetty-http-9.3.25.v20180904.jar:/home/user/.m2/repository/org/eclipse/jetty/jetty-io/9.3.25.v20180904/jetty-io-9.3.25.v20180904.jar:/home/user/.m2/repository/org/eclipse/jetty/jetty-webapp/9.3.25.v20180904/jetty-webapp-9.3.25.v20180904.jar:/home/user/.m2/repository/org/eclipse/jetty/jetty-xml/9.3.25.v20180904/jetty-xml-9.3.25.v20180904.jar:/home/user/.m2/repository/log4j/log4j/1.2.17/log4j-1.2.17.jar:/home/user/.m2/repository/org/slf4j/slf4j-api/1.7.25/slf4j-api-1.7.25.jar:/home/user/.m2/repository/org/slf4j/jul-to-slf4j/1.7.25/jul-to-slf4j-1.7.25.jar:/home/user/.m2/repository/org/eclipse/jetty/jetty-util/9.3.25.v20180904/jetty-util-9.3.25.v20180904.jar:/home/user/.m2/repository/com/fasterxml/jackson/core/jackson-databind/2.9.9/jackson-databind-2.9.9.jar:/home/user/.m2/repository/org/apache/hadoop/hadoop-kms/3.2.0/hadoop-kms-3.2.0-tests.jar:/home/user/.m2/repository/org/apache/hadoop/hadoop-hdds-server-scm/0.5.0-SNAPSHOT/hadoop-hdds-server-scm-0.5.0-SNAPSHOT-tests.jar:/home/user/.m2/repository/org/apache/hadoop/hadoop-hdds-container-service/0.5.0-SNAPSHOT/hadoop-hdds-container-service-0.5.0-SNAPSHOT-tests.jar:/home/user/.m2/repository/org/yaml/snakeyaml/1.16/snakeyaml-1.16.jar:/home/user/.m2/repository/org/apache/hadoop/hadoop-common/3.2.0/hadoop-common-3.2.0-tests.jar:/home/user/.m2/repository/org/apache/hadoop/hadoop-annotations/3.2.0/hadoop-annotations-3.2.0.jar:/usr/lib/jvm/java-1.8-openjdk/jre/../lib/tools.jar:/home/user/.m2/repository/commons-cli/commons-cli/1.2/commons-cli-1.2.jar:/home/user/.m2/repository/org/apache/httpcomponents/httpclient/4.5.2/httpclient-4.5.2.jar:/home/user/.m2/repository/org/apache/httpcomponents/httpcore/4.4.4/httpcore-4.4.4.jar:/home/user/.m2/repository/commons-codec/commons-codec/1.11/commons-codec-1.11.jar:/home/user/.m2/repository/commons-net/commons-net/3.6/commons-net-3.6.jar:/home/user/.m2/repository/commons-collections/commons-collections/3.2.2/commons-collections-3.2.2.jar:/home/user/.m2/repository/org/eclipse/jetty/jetty-servlet/9.3.25.v20180904/jetty-servlet-9.3.25.v20180904.jar:/home/user/.m2/repository/org/eclipse/jetty/jetty-security/9.3.25.v20180904/jetty-security-9.3.25.v20180904.jar:/home/user/.m2/repository/javax/servlet/jsp/jsp-api/2.1/jsp-api-2.1.jar:/home/user/.m2/repository/com/sun/jersey/jersey-servlet/1.19/jersey-servlet-1.19.jar:/home/user/.m2/repository/com/sun/jersey/jersey-json/1.19/jersey-json-1.19.jar:/home/user/.m2/repository/org/codehaus/jettison/jettison/1.1/jettison-1.1.jar:/home/user/.m2/repository/org/codehaus/jackson/jackson-core-asl/1.9.13/jackson-core-asl-1.9.13.jar:/home/user/.m2/repository/org/codehaus/jackson/jackson-mapper-asl/1.9.13/jackson-mapper-asl-1.9.13.jar:/home/user/.m2/repository/org/codehaus/jackson/jackson-jaxrs/1.9.13/jackson-jaxrs-1.9.13.jar:/home/user/.m2/repository/org/codehaus/jackson/jackson-xc/1.9.13/jackson-xc-1.9.13.jar:/home/user/.m2/repository/commons-logging/commons-logging/1.1.3/commons-logging-1.1.3.jar:/home/user/.m2/repository/commons-beanutils/commons-beanutils/1.9.4/commons-beanutils-1.9.4.jar:/home/user/.m2/repository/org/apache/commons/commons-configuration2/2.1.1/commons-configuration2-2.1.1.jar:/home/user/.m2/repository/org/apache/commons/commons-lang3/3.7/commons-lang3-3.7.jar:/home/user/.m2/repository/org/apache/commons/commons-text/1.4/commons-text-1.4.jar:/home/user/.m2/repository/org/apache/avro/avro/1.7.7/avro-1.7.7.jar:/home/user/.m2/repository/com/thoughtworks/paranamer/paranamer/2.3/paranamer-2.3.jar:/home/user/.m2/repository/org/xerial/snappy/snappy-java/1.0.5/snappy-java-1.0.5.jar:/home/user/.m2/repository/com/google/re2j/re2j/1.1/re2j-1.1.jar:/home/user/.m2/repository/com/google/code/gson/gson/2.2.4/gson-2.2.4.jar:/home/user/.m2/repository/com/jcraft/jsch/0.1.54/jsch-0.1.54.jar:/home/user/.m2/repository/org/apache/curator/curator-client/2.12.0/curator-client-2.12.0.jar:/home/user/.m2/repository/org/apache/curator/curator-recipes/2.12.0/curator-recipes-2.12.0.jar:/home/user/.m2/repository/com/google/code/findbugs/jsr305/3.0.0/jsr305-3.0.0.jar:/home/user/.m2/repository/org/apache/htrace/htrace-core4/4.1.0-incubating/htrace-core4-4.1.0-incubating.jar:/home/user/.m2/repository/org/apache/zookeeper/zookeeper/3.4.13/zookeeper-3.4.13.jar:/home/user/.m2/repository/jline/jline/0.9.94/jline-0.9.94.jar:/home/user/.m2/repository/org/apache/yetus/audience-annotations/0.5.0/audience-annotations-0.5.0.jar:/home/user/.m2/repository/org/codehaus/woodstox/stax2-api/3.1.4/stax2-api-3.1.4.jar:/home/user/.m2/repository/com/fasterxml/woodstox/woodstox-core/5.0.3/woodstox-core-5.0.3.jar:/home/user/.m2/repository/dnsjava/dnsjava/2.1.7/dnsjava-2.1.7.jar:/home/user/.m2/repository/org/apache/hadoop/hadoop-hdfs/3.2.0/hadoop-hdfs-3.2.0-tests.jar:/home/user/.m2/repository/org/eclipse/jetty/jetty-util-ajax/9.3.25.v20180904/jetty-util-ajax-9.3.25.v20180904.jar:/home/user/.m2/repository/commons-daemon/commons-daemon/1.0.13/commons-daemon-1.0.13.jar:/home/user/.m2/repository/io/netty/netty/3.10.5.Final/netty-3.10.5.Final.jar:/home/user/.m2/repository/io/netty/netty-all/4.0.52.Final/netty-all-4.0.52.Final.jar:/home/user/.m2/repository/org/fusesource/leveldbjni/leveldbjni-all/1.8/leveldbjni-all-1.8.jar:"/>
    <property name="sun.cpu.endian" value="little"/>
    <property name="user.home" value="/home/user"/>
    <property name="user.language" value="en"/>
    <property name="java.specification.vendor" value="Oracle Corporation"/>
    <property name="java.home" value="/usr/lib/jvm/java-1.8-openjdk/jre"/>
    <property name="java.security.krb5.conf" value="/workdir/hadoop-ozone/integration-test/target/test-classes/krb5.conf"/>
    <property name="basedir" value="/workdir/hadoop-ozone/integration-test"/>
    <property name="file.separator" value="/"/>
    <property name="line.separator" value="&#10;"/>
    <property name="java.vm.specification.vendor" value="Oracle Corporation"/>
    <property name="java.specification.name" value="Java Platform API Specification"/>
    <property name="java.awt.graphicsenv" value="sun.awt.X11GraphicsEnvironment"/>
    <property name="surefire.real.class.path" value="/workdir/hadoop-ozone/integration-test/target/surefire/surefirebooter2022431269605804240.jar"/>
    <property name="hadoop.log.dir" value="/workdir/hadoop-ozone/integration-test/target/log"/>
    <property name="sun.boot.class.path" value="/usr/lib/jvm/java-1.8-openjdk/jre/lib/resources.jar:/usr/lib/jvm/java-1.8-openjdk/jre/lib/rt.jar:/usr/lib/jvm/java-1.8-openjdk/jre/lib/sunrsasign.jar:/usr/lib/jvm/java-1.8-openjdk/jre/lib/jsse.jar:/usr/lib/jvm/java-1.8-openjdk/jre/lib/jce.jar:/usr/lib/jvm/java-1.8-openjdk/jre/lib/charsets.jar:/usr/lib/jvm/java-1.8-openjdk/jre/lib/jfr.jar:/usr/lib/jvm/java-1.8-openjdk/jre/classes"/>
    <property name="sun.management.compiler" value="HotSpot 64-Bit Tiered Compilers"/>
    <property name="java.runtime.version" value="1.8.0_212-b04"/>
    <property name="java.net.preferIPv4Stack" value="true"/>
    <property name="user.name" value="jenkins1000"/>
    <property name="path.separator" value=":"/>
    <property name="java.security.egd" value="file:///dev/urandom"/>
    <property name="os.version" value="3.10.0-957.12.2.el7.x86_64"/>
    <property name="java.endorsed.dirs" value="/usr/lib/jvm/java-1.8-openjdk/jre/lib/endorsed"/>
    <property name="java.runtime.name" value="OpenJDK Runtime Environment"/>
    <property name="file.encoding" value="UTF-8"/>
    <property name="java.vm.name" value="OpenJDK 64-Bit Server VM"/>
    <property name="test.build.webapps" value=""/>
    <property name="localRepository" value="/home/user/.m2/repository"/>
    <property name="java.vendor.url.bug" value="https://icedtea.classpath.org/bugzilla"/>
    <property name="java.io.tmpdir" value="/tmp"/>
    <property name="require.test.libhadoop" value=""/>
    <property name="java.version" value="1.8.0_212"/>
    <property name="user.dir" value="/workdir/hadoop-ozone/integration-test"/>
    <property name="os.arch" value="amd64"/>
    <property name="java.vm.specification.name" value="Java Virtual Machine Specification"/>
    <property name="test.build.classes" value="/workdir/hadoop-ozone/integration-test/target/test-classes"/>
    <property name="java.awt.printerjob" value="sun.print.PSPrinterJob"/>
    <property name="sun.os.patch.level" value="unknown"/>
    <property name="hadoop.tmp.dir" value="/workdir/hadoop-ozone/integration-test/target/tmp"/>
    <property name="java.library.path" value="/usr/lib/jvm/java-1.8-openjdk/jre/lib/amd64/server:/usr/lib/jvm/java-1.8-openjdk/jre/lib/amd64:/usr/lib/jvm/java-1.8-openjdk/jre/../lib/amd64:/workdir/hadoop-ozone/integration-test/target/native/target/usr/local/lib:/workdir/hadoop-ozone/integration-test/../../hadoop-common-project/hadoop-common/target/native/target/usr/local/lib:/usr/java/packages/lib/amd64:/usr/lib64:/lib64:/lib:/usr/lib"/>
    <property name="java.vm.info" value="mixed mode"/>
    <property name="java.vendor" value="IcedTea"/>
    <property name="java.vm.version" value="25.212-b04"/>
    <property name="java.ext.dirs" value="/usr/lib/jvm/java-1.8-openjdk/jre/lib/ext:/usr/java/packages/lib/ext"/>
    <property name="sun.io.unicode.encoding" value="UnicodeLittle"/>
    <property name="java.class.version" value="52.0"/>
  </properties>
  <testcase name="testGroupMismatchExceptionHandling" classname="org.apache.hadoop.ozone.client.rpc.TestOzoneClientRetriesOnException" time="44.776"/>
  <testcase name="testMaxRetriesByOzoneClient" classname="org.apache.hadoop.ozone.client.rpc.TestOzoneClientRetriesOnException" time="125.441">
    <error message="Failed to command cmdType: CreateContainer&#10;containerID: 1&#10;datanodeUuid: &quot;85adb8d9-977a-449f-aaa1-6bf478ecc8b3&quot;&#10;createContainer {&#10;}&#10;" type="java.io.IOException">java.io.IOException: 
Failed to command cmdType: CreateContainer
containerID: 1
datanodeUuid: "85adb8d9-977a-449f-aaa1-6bf478ecc8b3"
createContainer {
}

	at org.apache.hadoop.hdds.scm.XceiverClientSpi.sendCommand(XceiverClientSpi.java:113)
	at org.apache.hadoop.ozone.client.rpc.TestOzoneClientRetriesOnException.testMaxRetriesByOzoneClient(TestOzoneClientRetriesOnException.java:190)
	at sun.reflect.NativeMethodAccessorImpl.invoke0(Native Method)
	at sun.reflect.NativeMethodAccessorImpl.invoke(NativeMethodAccessorImpl.java:62)
	at sun.reflect.DelegatingMethodAccessorImpl.invoke(DelegatingMethodAccessorImpl.java:43)
	at java.lang.reflect.Method.invoke(Method.java:498)
	at org.junit.runners.model.FrameworkMethod$1.runReflectiveCall(FrameworkMethod.java:47)
	at org.junit.internal.runners.model.ReflectiveCallable.run(ReflectiveCallable.java:12)
	at org.junit.runners.model.FrameworkMethod.invokeExplosively(FrameworkMethod.java:44)
	at org.junit.internal.runners.statements.InvokeMethod.evaluate(InvokeMethod.java:17)
	at org.junit.internal.runners.statements.RunBefores.evaluate(RunBefores.java:26)
	at org.junit.internal.runners.statements.RunAfters.evaluate(RunAfters.java:27)
	at org.junit.runners.ParentRunner.runLeaf(ParentRunner.java:271)
	at org.junit.runners.BlockJUnit4ClassRunner.runChild(BlockJUnit4ClassRunner.java:70)
	at org.junit.runners.BlockJUnit4ClassRunner.runChild(BlockJUnit4ClassRunner.java:50)
	at org.junit.runners.ParentRunner$3.run(ParentRunner.java:238)
	at org.junit.runners.ParentRunner$1.schedule(ParentRunner.java:63)
	at org.junit.runners.ParentRunner.runChildren(ParentRunner.java:236)
	at org.junit.runners.ParentRunner.access$000(ParentRunner.java:53)
	at org.junit.runners.ParentRunner$2.evaluate(ParentRunner.java:229)
	at org.junit.runners.ParentRunner.run(ParentRunner.java:309)
	at org.apache.maven.surefire.junit4.JUnit4Provider.execute(JUnit4Provider.java:365)
	at org.apache.maven.surefire.junit4.JUnit4Provider.executeWithRerun(JUnit4Provider.java:273)
	at org.apache.maven.surefire.junit4.JUnit4Provider.executeTestSet(JUnit4Provider.java:238)
	at org.apache.maven.surefire.junit4.JUnit4Provider.invoke(JUnit4Provider.java:159)
	at org.apache.maven.surefire.booter.ForkedBooter.invokeProviderInSameClassLoader(ForkedBooter.java:384)
	at org.apache.maven.surefire.booter.ForkedBooter.runSuitesInProcess(ForkedBooter.java:345)
	at org.apache.maven.surefire.booter.ForkedBooter.execute(ForkedBooter.java:126)
	at org.apache.maven.surefire.booter.ForkedBooter.main(ForkedBooter.java:418)
Caused by: java.util.concurrent.ExecutionException: org.apache.ratis.protocol.RaftRetryFailureException: Failed RaftClientRequest:client-8A464E90B4FF->4f3ebc35-d043-4b5d-bf0d-80fd96580666@group-322F3276BE48, cid=45, seq=4*, RW, org.apache.hadoop.hdds.scm.XceiverClientRatis$$Lambda$362/1036606347@3e3d5d00 for 180 attempts with RetryLimited(maxAttempts=180, sleepTime=1000ms)
	at java.util.concurrent.CompletableFuture.reportGet(CompletableFuture.java:357)
	at java.util.concurrent.CompletableFuture.get(CompletableFuture.java:1895)
	at org.apache.hadoop.hdds.scm.XceiverClientSpi.sendCommand(XceiverClientSpi.java:110)
	... 28 more
Caused by: org.apache.ratis.protocol.RaftRetryFailureException: Failed RaftClientRequest:client-8A464E90B4FF->4f3ebc35-d043-4b5d-bf0d-80fd96580666@group-322F3276BE48, cid=45, seq=4*, RW, org.apache.hadoop.hdds.scm.XceiverClientRatis$$Lambda$362/1036606347@3e3d5d00 for 180 attempts with RetryLimited(maxAttempts=180, sleepTime=1000ms)
	at org.apache.ratis.client.impl.RaftClientImpl.noMoreRetries(RaftClientImpl.java:271)
	at org.apache.ratis.client.impl.OrderedAsync.handleAsyncRetryFailure(OrderedAsync.java:138)
	at org.apache.ratis.client.impl.OrderedAsync.lambda$sendRequest$10(OrderedAsync.java:230)
	at java.util.concurrent.CompletableFuture.uniExceptionally(CompletableFuture.java:870)
	at java.util.concurrent.CompletableFuture$UniExceptionally.tryFire(CompletableFuture.java:852)
	at java.util.concurrent.CompletableFuture.postComplete(CompletableFuture.java:474)
	at java.util.concurrent.CompletableFuture.completeExceptionally(CompletableFuture.java:1977)
	at org.apache.ratis.grpc.client.GrpcClientProtocolClient$AsyncStreamObservers.completeReplyExceptionally(GrpcClientProtocolClient.java:345)
	at org.apache.ratis.grpc.client.GrpcClientProtocolClient$AsyncStreamObservers.access$000(GrpcClientProtocolClient.java:261)
	at org.apache.ratis.grpc.client.GrpcClientProtocolClient$AsyncStreamObservers$1.onNext(GrpcClientProtocolClient.java:273)
	at org.apache.ratis.grpc.client.GrpcClientProtocolClient$AsyncStreamObservers$1.onNext(GrpcClientProtocolClient.java:264)
	at org.apache.ratis.thirdparty.io.grpc.stub.ClientCalls$StreamObserverToCallListenerAdapter.onMessage(ClientCalls.java:421)
	at org.apache.ratis.thirdparty.io.grpc.ForwardingClientCallListener.onMessage(ForwardingClientCallListener.java:33)
	at org.apache.ratis.thirdparty.io.grpc.ForwardingClientCallListener.onMessage(ForwardingClientCallListener.java:33)
	at org.apache.ratis.thirdparty.io.grpc.internal.ClientCallImpl$ClientStreamListenerImpl$1MessagesAvailable.runInContext(ClientCallImpl.java:519)
	at org.apache.ratis.thirdparty.io.grpc.internal.ContextRunnable.run(ContextRunnable.java:37)
	at org.apache.ratis.thirdparty.io.grpc.internal.SerializingExecutor.run(SerializingExecutor.java:123)
	at java.util.concurrent.ThreadPoolExecutor.runWorker(ThreadPoolExecutor.java:1149)
	at java.util.concurrent.ThreadPoolExecutor$Worker.run(ThreadPoolExecutor.java:624)
	at java.lang.Thread.run(Thread.java:748)
Caused by: org.apache.ratis.protocol.NotLeaderException: Server 4f3ebc35-d043-4b5d-bf0d-80fd96580666@group-322F3276BE48 is not the leader 1382865e-5919-493b-a0b9-5b948d31190f:192.168.164.206:39135
	at org.apache.ratis.client.impl.ClientProtoUtils.toRaftClientReply(ClientProtoUtils.java:243)
	at org.apache.ratis.grpc.client.GrpcClientProtocolClient$AsyncStreamObservers$1.onNext(GrpcClientProtocolClient.java:269)
	... 10 more
</error>
    <system-out><![CDATA[2019-10-03 19:53:30,667 [main] WARN  server.ServerUtils (ServerUtils.java:getScmDbDir(145)) - ozone.scm.db.dirs is not configured. We recommend adding this setting. Falling back to ozone.metadata.dirs instead.
2019-10-03 19:53:30,712 [main] WARN  server.ServerUtils (ServerUtils.java:getScmDbDir(145)) - ozone.scm.db.dirs is not configured. We recommend adding this setting. Falling back to ozone.metadata.dirs instead.
2019-10-03 19:53:30,712 [main] WARN  server.ServerUtils (ServerUtils.java:getScmDbDir(145)) - ozone.scm.db.dirs is not configured. We recommend adding this setting. Falling back to ozone.metadata.dirs instead.
2019-10-03 19:53:30,712 [main] INFO  db.DBStoreBuilder (DBStoreBuilder.java:addTable(110)) - using custom profile for table: deletedBlocks
2019-10-03 19:53:30,713 [main] INFO  db.DBStoreBuilder (DBStoreBuilder.java:processTables(161)) - Using default column profile:DBProfile.DISK for Table:deletedBlocks
2019-10-03 19:53:30,713 [main] INFO  db.DBStoreBuilder (DBStoreBuilder.java:addTable(110)) - using custom profile for table: validCerts
2019-10-03 19:53:30,713 [main] INFO  db.DBStoreBuilder (DBStoreBuilder.java:processTables(161)) - Using default column profile:DBProfile.DISK for Table:validCerts
2019-10-03 19:53:30,713 [main] INFO  db.DBStoreBuilder (DBStoreBuilder.java:addTable(110)) - using custom profile for table: revokedCerts
2019-10-03 19:53:30,713 [main] INFO  db.DBStoreBuilder (DBStoreBuilder.java:processTables(161)) - Using default column profile:DBProfile.DISK for Table:revokedCerts
2019-10-03 19:53:30,714 [main] INFO  db.DBStoreBuilder (DBStoreBuilder.java:addTable(110)) - using custom profile for table: default
2019-10-03 19:53:30,714 [main] INFO  db.DBStoreBuilder (DBStoreBuilder.java:processTables(167)) - Using default column profile:DBProfile.DISK for Table:default
2019-10-03 19:53:30,714 [main] INFO  db.DBStoreBuilder (DBStoreBuilder.java:getDbProfile(198)) - Using default options. DBProfile.DISK
2019-10-03 19:53:30,934 [main] INFO  net.NodeSchemaLoader (NodeSchemaLoader.java:loadSchemaFromFile(125)) - Loading file from sun.misc.CompoundEnumeration@1a565afb
2019-10-03 19:53:30,934 [main] INFO  net.NodeSchemaLoader (NodeSchemaLoader.java:loadSchema(171)) - Loading network topology layer schema file
2019-10-03 19:53:30,939 [main] WARN  server.ServerUtils (ServerUtils.java:sanitizeUserArgs(70)) - ozone.scm.stale.node.interval value = 300000 is larger than max = 100000 based on the key value of ozone.scm.heartbeat.thread.interval, reset to the max value 100000.
2019-10-03 19:53:30,939 [main] WARN  server.ServerUtils (ServerUtils.java:sanitizeUserArgs(70)) - ozone.scm.stale.node.interval value = 300000 is larger than max = 100000 based on the key value of ozone.scm.heartbeat.thread.interval, reset to the max value 100000.
2019-10-03 19:53:30,940 [main] INFO  node.SCMNodeManager (SCMNodeManager.java:<init>(114)) - Entering startup safe mode.
2019-10-03 19:53:30,941 [main] INFO  algorithms.ContainerPlacementPolicyFactory (ContainerPlacementPolicyFactory.java:getPolicy(57)) - Create container placement policy of type org.apache.hadoop.hdds.scm.container.placement.algorithms.SCMContainerPlacementRandom
2019-10-03 19:53:30,941 [main] WARN  server.ServerUtils (ServerUtils.java:getScmDbDir(145)) - ozone.scm.db.dirs is not configured. We recommend adding this setting. Falling back to ozone.metadata.dirs instead.
2019-10-03 19:53:31,000 [main] INFO  pipeline.SCMPipelineManager (SCMPipelineManager.java:initializePipelineState(132)) - No pipeline exists in current db
2019-10-03 19:53:31,000 [main] WARN  server.ServerUtils (ServerUtils.java:getScmDbDir(145)) - ozone.scm.db.dirs is not configured. We recommend adding this setting. Falling back to ozone.metadata.dirs instead.
2019-10-03 19:53:31,095 [main] WARN  events.EventQueue (EventQueue.java:fireEvent(183)) - No event handler registered for event TypedEvent{payloadType=SafeModeStatus, name='SafeModeStatus'}
2019-10-03 19:53:31,096 [main] INFO  ipc.CallQueueManager (CallQueueManager.java:<init>(84)) - Using callQueue: class java.util.concurrent.LinkedBlockingQueue, queueCapacity: 2000, scheduler: class org.apache.hadoop.ipc.DefaultRpcScheduler, ipcBackoff: false.
2019-10-03 19:53:31,097 [Socket Reader #1 for port 41106] INFO  ipc.Server (Server.java:run(1074)) - Starting Socket Reader #1 for port 41106
2019-10-03 19:53:31,100 [main] INFO  ipc.CallQueueManager (CallQueueManager.java:<init>(84)) - Using callQueue: class java.util.concurrent.LinkedBlockingQueue, queueCapacity: 2000, scheduler: class org.apache.hadoop.ipc.DefaultRpcScheduler, ipcBackoff: false.
2019-10-03 19:53:31,101 [Socket Reader #1 for port 42934] INFO  ipc.Server (Server.java:run(1074)) - Starting Socket Reader #1 for port 42934
2019-10-03 19:53:31,103 [main] INFO  ipc.CallQueueManager (CallQueueManager.java:<init>(84)) - Using callQueue: class java.util.concurrent.LinkedBlockingQueue, queueCapacity: 2000, scheduler: class org.apache.hadoop.ipc.DefaultRpcScheduler, ipcBackoff: false.
2019-10-03 19:53:31,104 [Socket Reader #1 for port 42578] INFO  ipc.Server (Server.java:run(1074)) - Starting Socket Reader #1 for port 42578
2019-10-03 19:53:31,107 [main] INFO  hdfs.DFSUtil (DFSUtil.java:httpServerTemplateForNNAndJN(1641)) - Starting Web-server for scm at: http://0.0.0.0:0
2019-10-03 19:53:31,109 [main] INFO  server.AuthenticationFilter (AuthenticationFilter.java:constructSecretProvider(240)) - Unable to initialize FileSignerSecretProvider, falling back to use random secrets.
2019-10-03 19:53:31,109 [main] WARN  http.HttpRequestLog (HttpRequestLog.java:getRequestLog(97)) - Jetty request log can only be enabled using Log4j
2019-10-03 19:53:31,112 [main] INFO  http.HttpServer2 (HttpServer2.java:addGlobalFilter(975)) - Added global filter 'safety' (class=org.apache.hadoop.http.HttpServer2$QuotingInputFilter)
2019-10-03 19:53:31,112 [main] INFO  http.HttpServer2 (HttpServer2.java:addFilter(948)) - Added filter static_user_filter (class=org.apache.hadoop.http.lib.StaticUserWebFilter$StaticUserFilter) to context scm
2019-10-03 19:53:31,113 [main] INFO  http.HttpServer2 (HttpServer2.java:addFilter(958)) - Added filter static_user_filter (class=org.apache.hadoop.http.lib.StaticUserWebFilter$StaticUserFilter) to context static
2019-10-03 19:53:31,113 [main] INFO  http.HttpServer2 (HttpServer2.java:addFilter(958)) - Added filter static_user_filter (class=org.apache.hadoop.http.lib.StaticUserWebFilter$StaticUserFilter) to context logs
2019-10-03 19:53:31,115 [main] INFO  server.StorageContainerManager (StorageContainerManager.java:start(770)) - StorageContainerLocationProtocol RPC server is listening at /0.0.0.0:42578
2019-10-03 19:53:31,118 [main] WARN  impl.MetricsConfig (MetricsConfig.java:loadFirst(134)) - Cannot locate configuration: tried hadoop-metrics2-storagecontainermanager.properties,hadoop-metrics2.properties
2019-10-03 19:53:31,119 [main] INFO  impl.MetricsSystemImpl (MetricsSystemImpl.java:startTimer(374)) - Scheduled Metric snapshot period at 10 second(s).
2019-10-03 19:53:31,119 [main] INFO  impl.MetricsSystemImpl (MetricsSystemImpl.java:start(191)) - StorageContainerManager metrics system started
2019-10-03 19:53:31,167 [main] WARN  impl.MetricsSystemImpl (MetricsSystemImpl.java:register(276)) - Sink prometheus already exists!
2019-10-03 19:53:31,175 [main] INFO  server.SCMClientProtocolServer (SCMClientProtocolServer.java:start(159)) - RPC server for Client  is listening at /0.0.0.0:42578
2019-10-03 19:53:31,175 [IPC Server Responder] INFO  ipc.Server (Server.java:run(1314)) - IPC Server Responder: starting
2019-10-03 19:53:31,175 [IPC Server listener on 42578] INFO  ipc.Server (Server.java:run(1153)) - IPC Server listener on 42578: starting
2019-10-03 19:53:31,179 [main] INFO  server.StorageContainerManager (StorageContainerManager.java:start(780)) - ScmBlockLocationProtocol RPC server is listening at /0.0.0.0:42934
2019-10-03 19:53:31,179 [main] INFO  server.SCMBlockProtocolServer (SCMBlockProtocolServer.java:start(146)) - RPC server for Block Protocol is listening at /0.0.0.0:42934
2019-10-03 19:53:31,180 [IPC Server Responder] INFO  ipc.Server (Server.java:run(1314)) - IPC Server Responder: starting
2019-10-03 19:53:31,180 [IPC Server listener on 42934] INFO  ipc.Server (Server.java:run(1153)) - IPC Server listener on 42934: starting
2019-10-03 19:53:31,183 [main] INFO  server.StorageContainerManager (StorageContainerManager.java:start(784)) - ScmDatanodeProtocl RPC server is listening at /0.0.0.0:41106
2019-10-03 19:53:31,183 [main] INFO  server.SCMDatanodeProtocolServer (SCMDatanodeProtocolServer.java:start(169)) - RPC server for DataNodes is listening at /0.0.0.0:41106
2019-10-03 19:53:31,184 [IPC Server Responder] INFO  ipc.Server (Server.java:run(1314)) - IPC Server Responder: starting
2019-10-03 19:53:31,184 [IPC Server listener on 41106] INFO  ipc.Server (Server.java:run(1153)) - IPC Server listener on 41106: starting
2019-10-03 19:53:31,187 [main] INFO  http.HttpServer2 (HttpServer2.java:bindListener(1191)) - Jetty bound to port 45377
2019-10-03 19:53:31,188 [main] INFO  server.Server (Server.java:doStart(351)) - jetty-9.3.25.v20180904, build timestamp: 2018-09-04T21:11:46Z, git hash: 3ce520221d0240229c862b122d2b06c12a625732
2019-10-03 19:53:31,190 [main] INFO  handler.ContextHandler (ContextHandler.java:doStart(781)) - Started o.e.j.s.ServletContextHandler@3f81621c{/logs,file:///workdir/hadoop-ozone/integration-test/target/log,AVAILABLE}
2019-10-03 19:53:31,190 [main] INFO  handler.ContextHandler (ContextHandler.java:doStart(781)) - Started o.e.j.s.ServletContextHandler@74d6736{/static,file:///workdir/hadoop-ozone/integration-test/target/test-classes/webapps/static,AVAILABLE}
2019-10-03 19:53:31,195 [main] INFO  handler.ContextHandler (ContextHandler.java:doStart(781)) - Started o.e.j.w.WebAppContext@3d0cac1f{/,file:///workdir/hadoop-ozone/integration-test/target/test-classes/webapps/scm/,AVAILABLE}{/scm}
2019-10-03 19:53:31,196 [main] INFO  server.AbstractConnector (AbstractConnector.java:doStart(278)) - Started ServerConnector@3e8b3b79{HTTP/1.1,[http/1.1]}{0.0.0.0:45377}
2019-10-03 19:53:31,196 [main] INFO  server.Server (Server.java:doStart(419)) - Started @45823ms
2019-10-03 19:53:31,196 [main] WARN  impl.MetricsSystemImpl (MetricsSystemImpl.java:register(276)) - Sink prometheus already exists!
2019-10-03 19:53:31,197 [main] INFO  server.BaseHttpServer (BaseHttpServer.java:updateConnectorAddress(215)) - HTTP server of SCM is listening at http://0.0.0.0:45377
2019-10-03 19:53:31,197 [main] WARN  server.ServerUtils (ServerUtils.java:getDBPath(222)) - ozone.om.db.dirs is not configured. We recommend adding this setting. Falling back to ozone.metadata.dirs instead.
2019-10-03 19:53:31,198 [org.apache.hadoop.util.JvmPauseMonitor$Monitor@518ddd3b] INFO  util.JvmPauseMonitor (JvmPauseMonitor.java:run(188)) - Starting JVM pause monitor
2019-10-03 19:53:31,211 [main] INFO  ha.OMHANodeDetails (OMHANodeDetails.java:loadOMHAConfig(190)) - Configuration either no ozone.om.address set. Falling back to the default OM address /127.0.0.1:0
2019-10-03 19:53:31,212 [main] INFO  ha.OMHANodeDetails (OMHANodeDetails.java:getOMNodeDetails(220)) - OM Service ID is not set. Setting it to the default ID: omServiceIdDefault
2019-10-03 19:53:31,212 [main] WARN  server.ServerUtils (ServerUtils.java:getDBPath(222)) - ozone.om.db.dirs is not configured. We recommend adding this setting. Falling back to ozone.metadata.dirs instead.
2019-10-03 19:53:31,213 [main] WARN  server.ServerUtils (ServerUtils.java:getDBPath(222)) - ozone.om.db.dirs is not configured. We recommend adding this setting. Falling back to ozone.metadata.dirs instead.
2019-10-03 19:53:31,221 [main] WARN  server.ServerUtils (ServerUtils.java:getDBPath(222)) - ozone.om.db.dirs is not configured. We recommend adding this setting. Falling back to ozone.metadata.dirs instead.
2019-10-03 19:53:31,221 [main] INFO  db.DBStoreBuilder (DBStoreBuilder.java:addTable(110)) - using custom profile for table: userTable
2019-10-03 19:53:31,221 [main] INFO  db.DBStoreBuilder (DBStoreBuilder.java:processTables(161)) - Using default column profile:DBProfile.DISK for Table:userTable
2019-10-03 19:53:31,222 [main] INFO  db.DBStoreBuilder (DBStoreBuilder.java:addTable(110)) - using custom profile for table: volumeTable
2019-10-03 19:53:31,222 [main] INFO  db.DBStoreBuilder (DBStoreBuilder.java:processTables(161)) - Using default column profile:DBProfile.DISK for Table:volumeTable
2019-10-03 19:53:31,222 [main] INFO  db.DBStoreBuilder (DBStoreBuilder.java:addTable(110)) - using custom profile for table: bucketTable
2019-10-03 19:53:31,222 [main] INFO  db.DBStoreBuilder (DBStoreBuilder.java:processTables(161)) - Using default column profile:DBProfile.DISK for Table:bucketTable
2019-10-03 19:53:31,222 [main] INFO  db.DBStoreBuilder (DBStoreBuilder.java:addTable(110)) - using custom profile for table: keyTable
2019-10-03 19:53:31,222 [main] INFO  db.DBStoreBuilder (DBStoreBuilder.java:processTables(161)) - Using default column profile:DBProfile.DISK for Table:keyTable
2019-10-03 19:53:31,223 [main] INFO  db.DBStoreBuilder (DBStoreBuilder.java:addTable(110)) - using custom profile for table: deletedTable
2019-10-03 19:53:31,223 [main] INFO  db.DBStoreBuilder (DBStoreBuilder.java:processTables(161)) - Using default column profile:DBProfile.DISK for Table:deletedTable
2019-10-03 19:53:31,223 [main] INFO  db.DBStoreBuilder (DBStoreBuilder.java:addTable(110)) - using custom profile for table: openKeyTable
2019-10-03 19:53:31,223 [main] INFO  db.DBStoreBuilder (DBStoreBuilder.java:processTables(161)) - Using default column profile:DBProfile.DISK for Table:openKeyTable
2019-10-03 19:53:31,223 [main] INFO  db.DBStoreBuilder (DBStoreBuilder.java:addTable(110)) - using custom profile for table: s3Table
2019-10-03 19:53:31,223 [main] INFO  db.DBStoreBuilder (DBStoreBuilder.java:processTables(161)) - Using default column profile:DBProfile.DISK for Table:s3Table
2019-10-03 19:53:31,224 [main] INFO  db.DBStoreBuilder (DBStoreBuilder.java:addTable(110)) - using custom profile for table: multipartInfoTable
2019-10-03 19:53:31,224 [main] INFO  db.DBStoreBuilder (DBStoreBuilder.java:processTables(161)) - Using default column profile:DBProfile.DISK for Table:multipartInfoTable
2019-10-03 19:53:31,224 [main] INFO  db.DBStoreBuilder (DBStoreBuilder.java:addTable(110)) - using custom profile for table: dTokenTable
2019-10-03 19:53:31,224 [main] INFO  db.DBStoreBuilder (DBStoreBuilder.java:processTables(161)) - Using default column profile:DBProfile.DISK for Table:dTokenTable
2019-10-03 19:53:31,224 [main] INFO  db.DBStoreBuilder (DBStoreBuilder.java:addTable(110)) - using custom profile for table: s3SecretTable
2019-10-03 19:53:31,224 [main] INFO  db.DBStoreBuilder (DBStoreBuilder.java:processTables(161)) - Using default column profile:DBProfile.DISK for Table:s3SecretTable
2019-10-03 19:53:31,225 [main] INFO  db.DBStoreBuilder (DBStoreBuilder.java:addTable(110)) - using custom profile for table: prefixTable
2019-10-03 19:53:31,225 [main] INFO  db.DBStoreBuilder (DBStoreBuilder.java:processTables(161)) - Using default column profile:DBProfile.DISK for Table:prefixTable
2019-10-03 19:53:31,225 [main] INFO  db.DBStoreBuilder (DBStoreBuilder.java:addTable(110)) - using custom profile for table: default
2019-10-03 19:53:31,225 [main] INFO  db.DBStoreBuilder (DBStoreBuilder.java:processTables(167)) - Using default column profile:DBProfile.DISK for Table:default
2019-10-03 19:53:31,225 [main] INFO  db.DBStoreBuilder (DBStoreBuilder.java:getDbProfile(198)) - Using default options. DBProfile.DISK
2019-10-03 19:53:31,854 [main] INFO  ipc.CallQueueManager (CallQueueManager.java:<init>(84)) - Using callQueue: class java.util.concurrent.LinkedBlockingQueue, queueCapacity: 2000, scheduler: class org.apache.hadoop.ipc.DefaultRpcScheduler, ipcBackoff: false.
2019-10-03 19:53:31,855 [Socket Reader #1 for port 36560] INFO  ipc.Server (Server.java:run(1074)) - Starting Socket Reader #1 for port 36560
2019-10-03 19:53:31,873 [main] INFO  om.OzoneManager (OzoneManager.java:start(1069)) - OzoneManager RPC server is listening at localhost/127.0.0.1:36560
2019-10-03 19:53:31,873 [main] INFO  impl.MetricsSystemImpl (MetricsSystemImpl.java:init(158)) - OzoneManager metrics system started (again)
2019-10-03 19:53:31,874 [IPC Server Responder] INFO  ipc.Server (Server.java:run(1314)) - IPC Server Responder: starting
2019-10-03 19:53:31,874 [IPC Server listener on 36560] INFO  ipc.Server (Server.java:run(1153)) - IPC Server listener on 36560: starting
2019-10-03 19:53:31,880 [main] INFO  hdfs.DFSUtil (DFSUtil.java:httpServerTemplateForNNAndJN(1641)) - Starting Web-server for ozoneManager at: http://0.0.0.0:0
2019-10-03 19:53:31,882 [main] INFO  server.AuthenticationFilter (AuthenticationFilter.java:constructSecretProvider(240)) - Unable to initialize FileSignerSecretProvider, falling back to use random secrets.
2019-10-03 19:53:31,882 [main] WARN  http.HttpRequestLog (HttpRequestLog.java:getRequestLog(97)) - Jetty request log can only be enabled using Log4j
2019-10-03 19:53:31,884 [main] INFO  http.HttpServer2 (HttpServer2.java:addGlobalFilter(975)) - Added global filter 'safety' (class=org.apache.hadoop.http.HttpServer2$QuotingInputFilter)
2019-10-03 19:53:31,885 [main] INFO  http.HttpServer2 (HttpServer2.java:addFilter(948)) - Added filter static_user_filter (class=org.apache.hadoop.http.lib.StaticUserWebFilter$StaticUserFilter) to context ozoneManager
2019-10-03 19:53:31,885 [main] INFO  http.HttpServer2 (HttpServer2.java:addFilter(958)) - Added filter static_user_filter (class=org.apache.hadoop.http.lib.StaticUserWebFilter$StaticUserFilter) to context logs
2019-10-03 19:53:31,885 [main] INFO  http.HttpServer2 (HttpServer2.java:addFilter(958)) - Added filter static_user_filter (class=org.apache.hadoop.http.lib.StaticUserWebFilter$StaticUserFilter) to context static
2019-10-03 19:53:31,886 [main] INFO  http.HttpServer2 (HttpServer2.java:bindListener(1191)) - Jetty bound to port 44262
2019-10-03 19:53:31,886 [main] INFO  server.Server (Server.java:doStart(351)) - jetty-9.3.25.v20180904, build timestamp: 2018-09-04T21:11:46Z, git hash: 3ce520221d0240229c862b122d2b06c12a625732
2019-10-03 19:53:31,888 [main] INFO  handler.ContextHandler (ContextHandler.java:doStart(781)) - Started o.e.j.s.ServletContextHandler@64deb58f{/logs,file:///workdir/hadoop-ozone/integration-test/target/log,AVAILABLE}
2019-10-03 19:53:31,888 [main] INFO  handler.ContextHandler (ContextHandler.java:doStart(781)) - Started o.e.j.s.ServletContextHandler@33379242{/static,file:///workdir/hadoop-ozone/integration-test/target/test-classes/webapps/static,AVAILABLE}
2019-10-03 19:53:31,893 [main] INFO  handler.ContextHandler (ContextHandler.java:doStart(781)) - Started o.e.j.w.WebAppContext@479111ba{/,file:///workdir/hadoop-ozone/integration-test/target/test-classes/webapps/ozoneManager/,AVAILABLE}{/ozoneManager}
2019-10-03 19:53:31,894 [main] INFO  server.AbstractConnector (AbstractConnector.java:doStart(278)) - Started ServerConnector@57ad1178{HTTP/1.1,[http/1.1]}{0.0.0.0:44262}
2019-10-03 19:53:31,894 [main] INFO  server.Server (Server.java:doStart(419)) - Started @46522ms
2019-10-03 19:53:31,895 [main] WARN  impl.MetricsSystemImpl (MetricsSystemImpl.java:register(276)) - Sink prometheus already exists!
2019-10-03 19:53:31,895 [main] INFO  server.BaseHttpServer (BaseHttpServer.java:updateConnectorAddress(215)) - HTTP server of OZONEMANAGER is listening at http://0.0.0.0:44262
2019-10-03 19:53:31,917 [main] INFO  impl.MetricsSystemImpl (MetricsSystemImpl.java:init(158)) - HddsDatanode metrics system started (again)
2019-10-03 19:53:31,920 [main] INFO  ozone.HddsDatanodeService (HddsDatanodeService.java:start(184)) - HddsDatanodeService host:pr-hdds-2240-9gllg-3097873054 ip:192.168.164.206
2019-10-03 19:53:31,926 [main] INFO  volume.HddsVolume (HddsVolume.java:<init>(176)) - Creating Volume: /workdir/hadoop-ozone/integration-test/target/test-dir/MiniOzoneClusterImpl-77e39582-9142-4a55-b3af-cb33634f58da/datanode-0/data/containers/hdds of  storage type : DISK and capacity : 1482555576320
2019-10-03 19:53:31,927 [main] INFO  volume.VolumeSet (VolumeSet.java:initializeVolumeSet(170)) - Added Volume : /workdir/hadoop-ozone/integration-test/target/test-dir/MiniOzoneClusterImpl-77e39582-9142-4a55-b3af-cb33634f58da/datanode-0/data/containers/hdds to VolumeSet
2019-10-03 19:53:31,927 [main] INFO  volume.ThrottledAsyncChecker (ThrottledAsyncChecker.java:schedule(139)) - Scheduling a check for org.apache.hadoop.ozone.container.common.volume.HddsVolume@682af059
2019-10-03 19:53:31,928 [main] INFO  volume.HddsVolumeChecker (HddsVolumeChecker.java:checkAllVolumes(202)) - Scheduled health check for volume org.apache.hadoop.ozone.container.common.volume.HddsVolume@682af059
2019-10-03 19:53:31,943 [main] INFO  impl.RaftServerProxy (ConfUtils.java:logGet(43)) - raft.rpc.type = GRPC (default)
2019-10-03 19:53:31,944 [main] INFO  grpc.GrpcFactory (GrpcFactory.java:checkPooledByteBufAllocatorUseCacheForAllThreads(45)) - PERFORMANCE WARNING: useCacheForAllThreads is true that may cause Netty to create a lot garbage objects and, as a result, trigger GC.
	It is recommended to disable useCacheForAllThreads by setting -Dorg.apache.ratis.thirdparty.io.netty.allocator.useCacheForAllThreads=false in command line.
2019-10-03 19:53:31,944 [main] INFO  grpc.GrpcConfigKeys$Server (ConfUtils.java:logGet(43)) - raft.grpc.server.port = 0 (default)
2019-10-03 19:53:31,944 [main] INFO  server.GrpcService (ConfUtils.java:logGet(43)) - raft.grpc.message.size.max = 33570816 (custom)
2019-10-03 19:53:31,945 [main] INFO  server.RaftServerConfigKeys (ConfUtils.java:logGet(43)) - raft.server.log.appender.buffer.byte-limit = 33554432 (custom)
2019-10-03 19:53:31,945 [main] INFO  server.GrpcService (ConfUtils.java:logGet(43)) - raft.grpc.flow.control.window = 1MB (=1048576) (default)
2019-10-03 19:53:31,946 [main] INFO  server.RaftServerConfigKeys (ConfUtils.java:logGet(43)) - raft.server.rpc.request.timeout = 3000ms (default)
2019-10-03 19:53:31,947 [main] INFO  server.RaftServerConfigKeys (ConfUtils.java:logGet(43)) - raft.server.storage.dir = [/workdir/hadoop-ozone/integration-test/target/test-dir/MiniOzoneClusterImpl-77e39582-9142-4a55-b3af-cb33634f58da/datanode-0/data/ratis] (custom)
2019-10-03 19:53:31,949 [main] INFO  hdfs.DFSUtil (DFSUtil.java:httpServerTemplateForNNAndJN(1641)) - Starting Web-server for hddsDatanode at: http://0.0.0.0:0
2019-10-03 19:53:31,950 [main] INFO  server.AuthenticationFilter (AuthenticationFilter.java:constructSecretProvider(240)) - Unable to initialize FileSignerSecretProvider, falling back to use random secrets.
2019-10-03 19:53:31,951 [main] WARN  http.HttpRequestLog (HttpRequestLog.java:getRequestLog(97)) - Jetty request log can only be enabled using Log4j
2019-10-03 19:53:31,953 [main] INFO  http.HttpServer2 (HttpServer2.java:addGlobalFilter(975)) - Added global filter 'safety' (class=org.apache.hadoop.http.HttpServer2$QuotingInputFilter)
2019-10-03 19:53:31,954 [main] INFO  http.HttpServer2 (HttpServer2.java:addFilter(948)) - Added filter static_user_filter (class=org.apache.hadoop.http.lib.StaticUserWebFilter$StaticUserFilter) to context hddsDatanode
2019-10-03 19:53:31,954 [main] INFO  http.HttpServer2 (HttpServer2.java:addFilter(958)) - Added filter static_user_filter (class=org.apache.hadoop.http.lib.StaticUserWebFilter$StaticUserFilter) to context logs
2019-10-03 19:53:31,954 [main] INFO  http.HttpServer2 (HttpServer2.java:addFilter(958)) - Added filter static_user_filter (class=org.apache.hadoop.http.lib.StaticUserWebFilter$StaticUserFilter) to context static
2019-10-03 19:53:31,955 [main] INFO  http.HttpServer2 (HttpServer2.java:bindListener(1191)) - Jetty bound to port 37027
2019-10-03 19:53:31,955 [main] INFO  server.Server (Server.java:doStart(351)) - jetty-9.3.25.v20180904, build timestamp: 2018-09-04T21:11:46Z, git hash: 3ce520221d0240229c862b122d2b06c12a625732
2019-10-03 19:53:31,957 [main] INFO  handler.ContextHandler (ContextHandler.java:doStart(781)) - Started o.e.j.s.ServletContextHandler@71adfedd{/logs,file:///workdir/hadoop-ozone/integration-test/target/log,AVAILABLE}
2019-10-03 19:53:31,957 [main] INFO  handler.ContextHandler (ContextHandler.java:doStart(781)) - Started o.e.j.s.ServletContextHandler@4ceff87d{/static,jar:file:/home/user/.m2/repository/org/apache/hadoop/hadoop-hdds-container-service/0.5.0-SNAPSHOT/hadoop-hdds-container-service-0.5.0-SNAPSHOT.jar!/webapps/static,AVAILABLE}
2019-10-03 19:53:32,003 [main] INFO  handler.ContextHandler (ContextHandler.java:doStart(781)) - Started o.e.j.w.WebAppContext@73aeef7d{/,file:///tmp/jetty-0.0.0.0-37027-hddsDatanode-_-any-6097670930717434003.dir/webapp/,AVAILABLE}{/hddsDatanode}
2019-10-03 19:53:32,003 [main] INFO  server.AbstractConnector (AbstractConnector.java:doStart(278)) - Started ServerConnector@d675f9f{HTTP/1.1,[http/1.1]}{0.0.0.0:37027}
2019-10-03 19:53:32,005 [main] INFO  server.Server (Server.java:doStart(419)) - Started @46632ms
2019-10-03 19:53:32,005 [main] WARN  impl.MetricsSystemImpl (MetricsSystemImpl.java:register(276)) - Sink prometheus already exists!
2019-10-03 19:53:32,005 [main] INFO  server.BaseHttpServer (BaseHttpServer.java:updateConnectorAddress(215)) - HTTP server of HDDSDATANODE is listening at http://0.0.0.0:37027
2019-10-03 19:53:32,006 [main] INFO  impl.MetricsSystemImpl (MetricsSystemImpl.java:init(158)) - HddsDatanode metrics system started (again)
2019-10-03 19:53:32,011 [org.apache.hadoop.util.JvmPauseMonitor$Monitor@18f6700b] INFO  util.JvmPauseMonitor (JvmPauseMonitor.java:run(188)) - Starting JVM pause monitor
2019-10-03 19:53:32,012 [main] INFO  ozone.HddsDatanodeService (HddsDatanodeService.java:start(184)) - HddsDatanodeService host:pr-hdds-2240-9gllg-3097873054 ip:192.168.164.206
2019-10-03 19:53:32,013 [Datanode State Machine Thread - 0] INFO  datanode.InitDatanodeState (InitDatanodeState.java:persistContainerDatanodeDetails(140)) - DatanodeDetails is persisted to /workdir/hadoop-ozone/integration-test/target/test-dir/MiniOzoneClusterImpl-77e39582-9142-4a55-b3af-cb33634f58da/datanode-0/meta/datanode.id
2019-10-03 19:53:32,018 [main] INFO  volume.HddsVolume (HddsVolume.java:<init>(176)) - Creating Volume: /workdir/hadoop-ozone/integration-test/target/test-dir/MiniOzoneClusterImpl-77e39582-9142-4a55-b3af-cb33634f58da/datanode-1/data/containers/hdds of  storage type : DISK and capacity : 1482555576320
2019-10-03 19:53:32,019 [main] INFO  volume.VolumeSet (VolumeSet.java:initializeVolumeSet(170)) - Added Volume : /workdir/hadoop-ozone/integration-test/target/test-dir/MiniOzoneClusterImpl-77e39582-9142-4a55-b3af-cb33634f58da/datanode-1/data/containers/hdds to VolumeSet
2019-10-03 19:53:32,019 [main] INFO  volume.ThrottledAsyncChecker (ThrottledAsyncChecker.java:schedule(139)) - Scheduling a check for org.apache.hadoop.ozone.container.common.volume.HddsVolume@1943c1f2
2019-10-03 19:53:32,020 [main] INFO  volume.HddsVolumeChecker (HddsVolumeChecker.java:checkAllVolumes(202)) - Scheduled health check for volume org.apache.hadoop.ozone.container.common.volume.HddsVolume@1943c1f2
2019-10-03 19:53:32,040 [main] INFO  impl.RaftServerProxy (ConfUtils.java:logGet(43)) - raft.rpc.type = GRPC (default)
2019-10-03 19:53:32,040 [main] INFO  grpc.GrpcFactory (GrpcFactory.java:checkPooledByteBufAllocatorUseCacheForAllThreads(45)) - PERFORMANCE WARNING: useCacheForAllThreads is true that may cause Netty to create a lot garbage objects and, as a result, trigger GC.
	It is recommended to disable useCacheForAllThreads by setting -Dorg.apache.ratis.thirdparty.io.netty.allocator.useCacheForAllThreads=false in command line.
2019-10-03 19:53:32,040 [main] INFO  grpc.GrpcConfigKeys$Server (ConfUtils.java:logGet(43)) - raft.grpc.server.port = 0 (default)
2019-10-03 19:53:32,040 [main] INFO  server.GrpcService (ConfUtils.java:logGet(43)) - raft.grpc.message.size.max = 33570816 (custom)
2019-10-03 19:53:32,041 [main] INFO  server.RaftServerConfigKeys (ConfUtils.java:logGet(43)) - raft.server.log.appender.buffer.byte-limit = 33554432 (custom)
2019-10-03 19:53:32,041 [main] INFO  server.GrpcService (ConfUtils.java:logGet(43)) - raft.grpc.flow.control.window = 1MB (=1048576) (default)
2019-10-03 19:53:32,041 [main] INFO  server.RaftServerConfigKeys (ConfUtils.java:logGet(43)) - raft.server.rpc.request.timeout = 3000ms (default)
2019-10-03 19:53:32,042 [main] INFO  server.RaftServerConfigKeys (ConfUtils.java:logGet(43)) - raft.server.storage.dir = [/workdir/hadoop-ozone/integration-test/target/test-dir/MiniOzoneClusterImpl-77e39582-9142-4a55-b3af-cb33634f58da/datanode-1/data/ratis] (custom)
2019-10-03 19:53:32,043 [main] INFO  hdfs.DFSUtil (DFSUtil.java:httpServerTemplateForNNAndJN(1641)) - Starting Web-server for hddsDatanode at: http://0.0.0.0:0
2019-10-03 19:53:32,045 [main] INFO  server.AuthenticationFilter (AuthenticationFilter.java:constructSecretProvider(240)) - Unable to initialize FileSignerSecretProvider, falling back to use random secrets.
2019-10-03 19:53:32,045 [main] WARN  http.HttpRequestLog (HttpRequestLog.java:getRequestLog(97)) - Jetty request log can only be enabled using Log4j
2019-10-03 19:53:32,047 [main] INFO  http.HttpServer2 (HttpServer2.java:addGlobalFilter(975)) - Added global filter 'safety' (class=org.apache.hadoop.http.HttpServer2$QuotingInputFilter)
2019-10-03 19:53:32,048 [main] INFO  http.HttpServer2 (HttpServer2.java:addFilter(948)) - Added filter static_user_filter (class=org.apache.hadoop.http.lib.StaticUserWebFilter$StaticUserFilter) to context hddsDatanode
2019-10-03 19:53:32,048 [main] INFO  http.HttpServer2 (HttpServer2.java:addFilter(958)) - Added filter static_user_filter (class=org.apache.hadoop.http.lib.StaticUserWebFilter$StaticUserFilter) to context static
2019-10-03 19:53:32,049 [main] INFO  http.HttpServer2 (HttpServer2.java:addFilter(958)) - Added filter static_user_filter (class=org.apache.hadoop.http.lib.StaticUserWebFilter$StaticUserFilter) to context logs
2019-10-03 19:53:32,050 [main] INFO  http.HttpServer2 (HttpServer2.java:bindListener(1191)) - Jetty bound to port 33624
2019-10-03 19:53:32,050 [main] INFO  server.Server (Server.java:doStart(351)) - jetty-9.3.25.v20180904, build timestamp: 2018-09-04T21:11:46Z, git hash: 3ce520221d0240229c862b122d2b06c12a625732
2019-10-03 19:53:32,052 [main] INFO  handler.ContextHandler (ContextHandler.java:doStart(781)) - Started o.e.j.s.ServletContextHandler@7e351d7{/logs,file:///workdir/hadoop-ozone/integration-test/target/log,AVAILABLE}
2019-10-03 19:53:32,052 [main] INFO  handler.ContextHandler (ContextHandler.java:doStart(781)) - Started o.e.j.s.ServletContextHandler@d902300{/static,jar:file:/home/user/.m2/repository/org/apache/hadoop/hadoop-hdds-container-service/0.5.0-SNAPSHOT/hadoop-hdds-container-service-0.5.0-SNAPSHOT.jar!/webapps/static,AVAILABLE}
2019-10-03 19:53:32,089 [main] INFO  handler.ContextHandler (ContextHandler.java:doStart(781)) - Started o.e.j.w.WebAppContext@62a68bcb{/,file:///tmp/jetty-0.0.0.0-33624-hddsDatanode-_-any-8338550593979313993.dir/webapp/,AVAILABLE}{/hddsDatanode}
2019-10-03 19:53:32,089 [main] INFO  server.AbstractConnector (AbstractConnector.java:doStart(278)) - Started ServerConnector@18b74ea{HTTP/1.1,[http/1.1]}{0.0.0.0:33624}
2019-10-03 19:53:32,091 [main] INFO  server.Server (Server.java:doStart(419)) - Started @46718ms
2019-10-03 19:53:32,091 [main] WARN  impl.MetricsSystemImpl (MetricsSystemImpl.java:register(276)) - Sink prometheus already exists!
2019-10-03 19:53:32,092 [main] INFO  server.BaseHttpServer (BaseHttpServer.java:updateConnectorAddress(215)) - HTTP server of HDDSDATANODE is listening at http://0.0.0.0:33624
2019-10-03 19:53:32,092 [main] INFO  impl.MetricsSystemImpl (MetricsSystemImpl.java:init(158)) - HddsDatanode metrics system started (again)
2019-10-03 19:53:32,097 [org.apache.hadoop.util.JvmPauseMonitor$Monitor@21bdd15f] INFO  util.JvmPauseMonitor (JvmPauseMonitor.java:run(188)) - Starting JVM pause monitor
2019-10-03 19:53:32,098 [main] INFO  ozone.HddsDatanodeService (HddsDatanodeService.java:start(184)) - HddsDatanodeService host:pr-hdds-2240-9gllg-3097873054 ip:192.168.164.206
2019-10-03 19:53:32,100 [Datanode State Machine Thread - 0] INFO  datanode.InitDatanodeState (InitDatanodeState.java:persistContainerDatanodeDetails(140)) - DatanodeDetails is persisted to /workdir/hadoop-ozone/integration-test/target/test-dir/MiniOzoneClusterImpl-77e39582-9142-4a55-b3af-cb33634f58da/datanode-1/meta/datanode.id
2019-10-03 19:53:32,105 [main] INFO  volume.HddsVolume (HddsVolume.java:<init>(176)) - Creating Volume: /workdir/hadoop-ozone/integration-test/target/test-dir/MiniOzoneClusterImpl-77e39582-9142-4a55-b3af-cb33634f58da/datanode-2/data/containers/hdds of  storage type : DISK and capacity : 1482555576320
2019-10-03 19:53:32,106 [main] INFO  volume.VolumeSet (VolumeSet.java:initializeVolumeSet(170)) - Added Volume : /workdir/hadoop-ozone/integration-test/target/test-dir/MiniOzoneClusterImpl-77e39582-9142-4a55-b3af-cb33634f58da/datanode-2/data/containers/hdds to VolumeSet
2019-10-03 19:53:32,106 [main] INFO  volume.ThrottledAsyncChecker (ThrottledAsyncChecker.java:schedule(139)) - Scheduling a check for org.apache.hadoop.ozone.container.common.volume.HddsVolume@4f654cee
2019-10-03 19:53:32,107 [main] INFO  volume.HddsVolumeChecker (HddsVolumeChecker.java:checkAllVolumes(202)) - Scheduled health check for volume org.apache.hadoop.ozone.container.common.volume.HddsVolume@4f654cee
2019-10-03 19:53:32,124 [main] INFO  impl.RaftServerProxy (ConfUtils.java:logGet(43)) - raft.rpc.type = GRPC (default)
2019-10-03 19:53:32,124 [main] INFO  grpc.GrpcFactory (GrpcFactory.java:checkPooledByteBufAllocatorUseCacheForAllThreads(45)) - PERFORMANCE WARNING: useCacheForAllThreads is true that may cause Netty to create a lot garbage objects and, as a result, trigger GC.
	It is recommended to disable useCacheForAllThreads by setting -Dorg.apache.ratis.thirdparty.io.netty.allocator.useCacheForAllThreads=false in command line.
2019-10-03 19:53:32,124 [main] INFO  grpc.GrpcConfigKeys$Server (ConfUtils.java:logGet(43)) - raft.grpc.server.port = 0 (default)
2019-10-03 19:53:32,125 [main] INFO  server.GrpcService (ConfUtils.java:logGet(43)) - raft.grpc.message.size.max = 33570816 (custom)
2019-10-03 19:53:32,125 [main] INFO  server.RaftServerConfigKeys (ConfUtils.java:logGet(43)) - raft.server.log.appender.buffer.byte-limit = 33554432 (custom)
2019-10-03 19:53:32,125 [main] INFO  server.GrpcService (ConfUtils.java:logGet(43)) - raft.grpc.flow.control.window = 1MB (=1048576) (default)
2019-10-03 19:53:32,125 [main] INFO  server.RaftServerConfigKeys (ConfUtils.java:logGet(43)) - raft.server.rpc.request.timeout = 3000ms (default)
2019-10-03 19:53:32,126 [main] INFO  server.RaftServerConfigKeys (ConfUtils.java:logGet(43)) - raft.server.storage.dir = [/workdir/hadoop-ozone/integration-test/target/test-dir/MiniOzoneClusterImpl-77e39582-9142-4a55-b3af-cb33634f58da/datanode-2/data/ratis] (custom)
2019-10-03 19:53:32,127 [main] INFO  hdfs.DFSUtil (DFSUtil.java:httpServerTemplateForNNAndJN(1641)) - Starting Web-server for hddsDatanode at: http://0.0.0.0:0
2019-10-03 19:53:32,129 [main] INFO  server.AuthenticationFilter (AuthenticationFilter.java:constructSecretProvider(240)) - Unable to initialize FileSignerSecretProvider, falling back to use random secrets.
2019-10-03 19:53:32,129 [main] WARN  http.HttpRequestLog (HttpRequestLog.java:getRequestLog(97)) - Jetty request log can only be enabled using Log4j
2019-10-03 19:53:32,131 [main] INFO  http.HttpServer2 (HttpServer2.java:addGlobalFilter(975)) - Added global filter 'safety' (class=org.apache.hadoop.http.HttpServer2$QuotingInputFilter)
2019-10-03 19:53:32,132 [main] INFO  http.HttpServer2 (HttpServer2.java:addFilter(948)) - Added filter static_user_filter (class=org.apache.hadoop.http.lib.StaticUserWebFilter$StaticUserFilter) to context hddsDatanode
2019-10-03 19:53:32,133 [main] INFO  http.HttpServer2 (HttpServer2.java:addFilter(958)) - Added filter static_user_filter (class=org.apache.hadoop.http.lib.StaticUserWebFilter$StaticUserFilter) to context static
2019-10-03 19:53:32,133 [main] INFO  http.HttpServer2 (HttpServer2.java:addFilter(958)) - Added filter static_user_filter (class=org.apache.hadoop.http.lib.StaticUserWebFilter$StaticUserFilter) to context logs
2019-10-03 19:53:32,134 [main] INFO  http.HttpServer2 (HttpServer2.java:bindListener(1191)) - Jetty bound to port 46107
2019-10-03 19:53:32,134 [main] INFO  server.Server (Server.java:doStart(351)) - jetty-9.3.25.v20180904, build timestamp: 2018-09-04T21:11:46Z, git hash: 3ce520221d0240229c862b122d2b06c12a625732
2019-10-03 19:53:32,136 [main] INFO  handler.ContextHandler (ContextHandler.java:doStart(781)) - Started o.e.j.s.ServletContextHandler@3440e9cd{/logs,file:///workdir/hadoop-ozone/integration-test/target/log,AVAILABLE}
2019-10-03 19:53:32,136 [main] INFO  handler.ContextHandler (ContextHandler.java:doStart(781)) - Started o.e.j.s.ServletContextHandler@a09303{/static,jar:file:/home/user/.m2/repository/org/apache/hadoop/hadoop-hdds-container-service/0.5.0-SNAPSHOT/hadoop-hdds-container-service-0.5.0-SNAPSHOT.jar!/webapps/static,AVAILABLE}
2019-10-03 19:53:32,176 [main] INFO  handler.ContextHandler (ContextHandler.java:doStart(781)) - Started o.e.j.w.WebAppContext@2c63762b{/,file:///tmp/jetty-0.0.0.0-46107-hddsDatanode-_-any-6438485858952232712.dir/webapp/,AVAILABLE}{/hddsDatanode}
2019-10-03 19:53:32,176 [main] INFO  server.AbstractConnector (AbstractConnector.java:doStart(278)) - Started ServerConnector@7a9eccc4{HTTP/1.1,[http/1.1]}{0.0.0.0:46107}
2019-10-03 19:53:32,178 [main] INFO  server.Server (Server.java:doStart(419)) - Started @46805ms
2019-10-03 19:53:32,178 [main] WARN  impl.MetricsSystemImpl (MetricsSystemImpl.java:register(276)) - Sink prometheus already exists!
2019-10-03 19:53:32,178 [main] INFO  server.BaseHttpServer (BaseHttpServer.java:updateConnectorAddress(215)) - HTTP server of HDDSDATANODE is listening at http://0.0.0.0:46107
2019-10-03 19:53:32,179 [main] INFO  impl.MetricsSystemImpl (MetricsSystemImpl.java:init(158)) - HddsDatanode metrics system started (again)
2019-10-03 19:53:32,182 [org.apache.hadoop.util.JvmPauseMonitor$Monitor@32176391] INFO  util.JvmPauseMonitor (JvmPauseMonitor.java:run(188)) - Starting JVM pause monitor
2019-10-03 19:53:32,183 [main] INFO  ozone.HddsDatanodeService (HddsDatanodeService.java:start(184)) - HddsDatanodeService host:pr-hdds-2240-9gllg-3097873054 ip:192.168.164.206
2019-10-03 19:53:32,184 [Datanode State Machine Thread - 0] INFO  datanode.InitDatanodeState (InitDatanodeState.java:persistContainerDatanodeDetails(140)) - DatanodeDetails is persisted to /workdir/hadoop-ozone/integration-test/target/test-dir/MiniOzoneClusterImpl-77e39582-9142-4a55-b3af-cb33634f58da/datanode-2/meta/datanode.id
2019-10-03 19:53:32,189 [main] INFO  volume.HddsVolume (HddsVolume.java:<init>(176)) - Creating Volume: /workdir/hadoop-ozone/integration-test/target/test-dir/MiniOzoneClusterImpl-77e39582-9142-4a55-b3af-cb33634f58da/datanode-3/data/containers/hdds of  storage type : DISK and capacity : 1482555576320
2019-10-03 19:53:32,189 [main] INFO  volume.VolumeSet (VolumeSet.java:initializeVolumeSet(170)) - Added Volume : /workdir/hadoop-ozone/integration-test/target/test-dir/MiniOzoneClusterImpl-77e39582-9142-4a55-b3af-cb33634f58da/datanode-3/data/containers/hdds to VolumeSet
2019-10-03 19:53:32,190 [main] INFO  volume.ThrottledAsyncChecker (ThrottledAsyncChecker.java:schedule(139)) - Scheduling a check for org.apache.hadoop.ozone.container.common.volume.HddsVolume@3a3ed300
2019-10-03 19:53:32,190 [main] INFO  volume.HddsVolumeChecker (HddsVolumeChecker.java:checkAllVolumes(202)) - Scheduled health check for volume org.apache.hadoop.ozone.container.common.volume.HddsVolume@3a3ed300
2019-10-03 19:53:32,204 [main] INFO  impl.RaftServerProxy (ConfUtils.java:logGet(43)) - raft.rpc.type = GRPC (default)
2019-10-03 19:53:32,204 [main] INFO  grpc.GrpcFactory (GrpcFactory.java:checkPooledByteBufAllocatorUseCacheForAllThreads(45)) - PERFORMANCE WARNING: useCacheForAllThreads is true that may cause Netty to create a lot garbage objects and, as a result, trigger GC.
	It is recommended to disable useCacheForAllThreads by setting -Dorg.apache.ratis.thirdparty.io.netty.allocator.useCacheForAllThreads=false in command line.
2019-10-03 19:53:32,205 [main] INFO  grpc.GrpcConfigKeys$Server (ConfUtils.java:logGet(43)) - raft.grpc.server.port = 0 (default)
2019-10-03 19:53:32,205 [main] INFO  server.GrpcService (ConfUtils.java:logGet(43)) - raft.grpc.message.size.max = 33570816 (custom)
2019-10-03 19:53:32,205 [main] INFO  server.RaftServerConfigKeys (ConfUtils.java:logGet(43)) - raft.server.log.appender.buffer.byte-limit = 33554432 (custom)
2019-10-03 19:53:32,205 [main] INFO  server.GrpcService (ConfUtils.java:logGet(43)) - raft.grpc.flow.control.window = 1MB (=1048576) (default)
2019-10-03 19:53:32,205 [main] INFO  server.RaftServerConfigKeys (ConfUtils.java:logGet(43)) - raft.server.rpc.request.timeout = 3000ms (default)
2019-10-03 19:53:32,206 [main] INFO  server.RaftServerConfigKeys (ConfUtils.java:logGet(43)) - raft.server.storage.dir = [/workdir/hadoop-ozone/integration-test/target/test-dir/MiniOzoneClusterImpl-77e39582-9142-4a55-b3af-cb33634f58da/datanode-3/data/ratis] (custom)
2019-10-03 19:53:32,207 [main] INFO  hdfs.DFSUtil (DFSUtil.java:httpServerTemplateForNNAndJN(1641)) - Starting Web-server for hddsDatanode at: http://0.0.0.0:0
2019-10-03 19:53:32,208 [main] INFO  server.AuthenticationFilter (AuthenticationFilter.java:constructSecretProvider(240)) - Unable to initialize FileSignerSecretProvider, falling back to use random secrets.
2019-10-03 19:53:32,209 [main] WARN  http.HttpRequestLog (HttpRequestLog.java:getRequestLog(97)) - Jetty request log can only be enabled using Log4j
2019-10-03 19:53:32,210 [main] INFO  http.HttpServer2 (HttpServer2.java:addGlobalFilter(975)) - Added global filter 'safety' (class=org.apache.hadoop.http.HttpServer2$QuotingInputFilter)
2019-10-03 19:53:32,210 [main] INFO  http.HttpServer2 (HttpServer2.java:addFilter(948)) - Added filter static_user_filter (class=org.apache.hadoop.http.lib.StaticUserWebFilter$StaticUserFilter) to context hddsDatanode
2019-10-03 19:53:32,211 [main] INFO  http.HttpServer2 (HttpServer2.java:addFilter(958)) - Added filter static_user_filter (class=org.apache.hadoop.http.lib.StaticUserWebFilter$StaticUserFilter) to context static
2019-10-03 19:53:32,211 [main] INFO  http.HttpServer2 (HttpServer2.java:addFilter(958)) - Added filter static_user_filter (class=org.apache.hadoop.http.lib.StaticUserWebFilter$StaticUserFilter) to context logs
2019-10-03 19:53:32,212 [main] INFO  http.HttpServer2 (HttpServer2.java:bindListener(1191)) - Jetty bound to port 39422
2019-10-03 19:53:32,212 [main] INFO  server.Server (Server.java:doStart(351)) - jetty-9.3.25.v20180904, build timestamp: 2018-09-04T21:11:46Z, git hash: 3ce520221d0240229c862b122d2b06c12a625732
2019-10-03 19:53:32,213 [main] INFO  handler.ContextHandler (ContextHandler.java:doStart(781)) - Started o.e.j.s.ServletContextHandler@4a44cfc0{/logs,file:///workdir/hadoop-ozone/integration-test/target/log,AVAILABLE}
2019-10-03 19:53:32,214 [main] INFO  handler.ContextHandler (ContextHandler.java:doStart(781)) - Started o.e.j.s.ServletContextHandler@80b122b{/static,jar:file:/home/user/.m2/repository/org/apache/hadoop/hadoop-hdds-container-service/0.5.0-SNAPSHOT/hadoop-hdds-container-service-0.5.0-SNAPSHOT.jar!/webapps/static,AVAILABLE}
2019-10-03 19:53:32,243 [main] INFO  handler.ContextHandler (ContextHandler.java:doStart(781)) - Started o.e.j.w.WebAppContext@5a917723{/,file:///tmp/jetty-0.0.0.0-39422-hddsDatanode-_-any-2344964154975568111.dir/webapp/,AVAILABLE}{/hddsDatanode}
2019-10-03 19:53:32,244 [main] INFO  server.AbstractConnector (AbstractConnector.java:doStart(278)) - Started ServerConnector@7e4579c7{HTTP/1.1,[http/1.1]}{0.0.0.0:39422}
2019-10-03 19:53:32,245 [main] INFO  server.Server (Server.java:doStart(419)) - Started @46872ms
2019-10-03 19:53:32,245 [main] WARN  impl.MetricsSystemImpl (MetricsSystemImpl.java:register(276)) - Sink prometheus already exists!
2019-10-03 19:53:32,246 [main] INFO  server.BaseHttpServer (BaseHttpServer.java:updateConnectorAddress(215)) - HTTP server of HDDSDATANODE is listening at http://0.0.0.0:39422
2019-10-03 19:53:32,246 [main] INFO  impl.MetricsSystemImpl (MetricsSystemImpl.java:init(158)) - HddsDatanode metrics system started (again)
2019-10-03 19:53:32,249 [org.apache.hadoop.util.JvmPauseMonitor$Monitor@e037d91] INFO  util.JvmPauseMonitor (JvmPauseMonitor.java:run(188)) - Starting JVM pause monitor
2019-10-03 19:53:32,250 [main] INFO  ozone.HddsDatanodeService (HddsDatanodeService.java:start(184)) - HddsDatanodeService host:pr-hdds-2240-9gllg-3097873054 ip:192.168.164.206
2019-10-03 19:53:32,250 [Datanode State Machine Thread - 0] INFO  datanode.InitDatanodeState (InitDatanodeState.java:persistContainerDatanodeDetails(140)) - DatanodeDetails is persisted to /workdir/hadoop-ozone/integration-test/target/test-dir/MiniOzoneClusterImpl-77e39582-9142-4a55-b3af-cb33634f58da/datanode-3/meta/datanode.id
2019-10-03 19:53:32,254 [main] INFO  volume.HddsVolume (HddsVolume.java:<init>(176)) - Creating Volume: /workdir/hadoop-ozone/integration-test/target/test-dir/MiniOzoneClusterImpl-77e39582-9142-4a55-b3af-cb33634f58da/datanode-4/data/containers/hdds of  storage type : DISK and capacity : 1482555576320
2019-10-03 19:53:32,254 [main] INFO  volume.VolumeSet (VolumeSet.java:initializeVolumeSet(170)) - Added Volume : /workdir/hadoop-ozone/integration-test/target/test-dir/MiniOzoneClusterImpl-77e39582-9142-4a55-b3af-cb33634f58da/datanode-4/data/containers/hdds to VolumeSet
2019-10-03 19:53:32,254 [main] INFO  volume.ThrottledAsyncChecker (ThrottledAsyncChecker.java:schedule(139)) - Scheduling a check for org.apache.hadoop.ozone.container.common.volume.HddsVolume@5d0b0cb9
2019-10-03 19:53:32,255 [main] INFO  volume.HddsVolumeChecker (HddsVolumeChecker.java:checkAllVolumes(202)) - Scheduled health check for volume org.apache.hadoop.ozone.container.common.volume.HddsVolume@5d0b0cb9
2019-10-03 19:53:32,269 [main] INFO  impl.RaftServerProxy (ConfUtils.java:logGet(43)) - raft.rpc.type = GRPC (default)
2019-10-03 19:53:32,269 [main] INFO  grpc.GrpcFactory (GrpcFactory.java:checkPooledByteBufAllocatorUseCacheForAllThreads(45)) - PERFORMANCE WARNING: useCacheForAllThreads is true that may cause Netty to create a lot garbage objects and, as a result, trigger GC.
	It is recommended to disable useCacheForAllThreads by setting -Dorg.apache.ratis.thirdparty.io.netty.allocator.useCacheForAllThreads=false in command line.
2019-10-03 19:53:32,269 [main] INFO  grpc.GrpcConfigKeys$Server (ConfUtils.java:logGet(43)) - raft.grpc.server.port = 0 (default)
2019-10-03 19:53:32,270 [main] INFO  server.GrpcService (ConfUtils.java:logGet(43)) - raft.grpc.message.size.max = 33570816 (custom)
2019-10-03 19:53:32,270 [main] INFO  server.RaftServerConfigKeys (ConfUtils.java:logGet(43)) - raft.server.log.appender.buffer.byte-limit = 33554432 (custom)
2019-10-03 19:53:32,270 [main] INFO  server.GrpcService (ConfUtils.java:logGet(43)) - raft.grpc.flow.control.window = 1MB (=1048576) (default)
2019-10-03 19:53:32,270 [main] INFO  server.RaftServerConfigKeys (ConfUtils.java:logGet(43)) - raft.server.rpc.request.timeout = 3000ms (default)
2019-10-03 19:53:32,271 [main] INFO  server.RaftServerConfigKeys (ConfUtils.java:logGet(43)) - raft.server.storage.dir = [/workdir/hadoop-ozone/integration-test/target/test-dir/MiniOzoneClusterImpl-77e39582-9142-4a55-b3af-cb33634f58da/datanode-4/data/ratis] (custom)
2019-10-03 19:53:32,272 [main] INFO  hdfs.DFSUtil (DFSUtil.java:httpServerTemplateForNNAndJN(1641)) - Starting Web-server for hddsDatanode at: http://0.0.0.0:0
2019-10-03 19:53:32,273 [main] INFO  server.AuthenticationFilter (AuthenticationFilter.java:constructSecretProvider(240)) - Unable to initialize FileSignerSecretProvider, falling back to use random secrets.
2019-10-03 19:53:32,274 [main] WARN  http.HttpRequestLog (HttpRequestLog.java:getRequestLog(97)) - Jetty request log can only be enabled using Log4j
2019-10-03 19:53:32,275 [main] INFO  http.HttpServer2 (HttpServer2.java:addGlobalFilter(975)) - Added global filter 'safety' (class=org.apache.hadoop.http.HttpServer2$QuotingInputFilter)
2019-10-03 19:53:32,276 [main] INFO  http.HttpServer2 (HttpServer2.java:addFilter(948)) - Added filter static_user_filter (class=org.apache.hadoop.http.lib.StaticUserWebFilter$StaticUserFilter) to context hddsDatanode
2019-10-03 19:53:32,277 [main] INFO  http.HttpServer2 (HttpServer2.java:addFilter(958)) - Added filter static_user_filter (class=org.apache.hadoop.http.lib.StaticUserWebFilter$StaticUserFilter) to context static
2019-10-03 19:53:32,277 [main] INFO  http.HttpServer2 (HttpServer2.java:addFilter(958)) - Added filter static_user_filter (class=org.apache.hadoop.http.lib.StaticUserWebFilter$StaticUserFilter) to context logs
2019-10-03 19:53:32,277 [main] INFO  http.HttpServer2 (HttpServer2.java:bindListener(1191)) - Jetty bound to port 41121
2019-10-03 19:53:32,278 [main] INFO  server.Server (Server.java:doStart(351)) - jetty-9.3.25.v20180904, build timestamp: 2018-09-04T21:11:46Z, git hash: 3ce520221d0240229c862b122d2b06c12a625732
2019-10-03 19:53:32,280 [main] INFO  handler.ContextHandler (ContextHandler.java:doStart(781)) - Started o.e.j.s.ServletContextHandler@2582b0ef{/logs,file:///workdir/hadoop-ozone/integration-test/target/log,AVAILABLE}
2019-10-03 19:53:32,280 [main] INFO  handler.ContextHandler (ContextHandler.java:doStart(781)) - Started o.e.j.s.ServletContextHandler@769bd849{/static,jar:file:/home/user/.m2/repository/org/apache/hadoop/hadoop-hdds-container-service/0.5.0-SNAPSHOT/hadoop-hdds-container-service-0.5.0-SNAPSHOT.jar!/webapps/static,AVAILABLE}
2019-10-03 19:53:32,313 [main] INFO  handler.ContextHandler (ContextHandler.java:doStart(781)) - Started o.e.j.w.WebAppContext@467233e4{/,file:///tmp/jetty-0.0.0.0-41121-hddsDatanode-_-any-5473389299778030166.dir/webapp/,AVAILABLE}{/hddsDatanode}
2019-10-03 19:53:32,315 [main] INFO  server.AbstractConnector (AbstractConnector.java:doStart(278)) - Started ServerConnector@427a12b6{HTTP/1.1,[http/1.1]}{0.0.0.0:41121}
2019-10-03 19:53:32,315 [main] INFO  server.Server (Server.java:doStart(419)) - Started @46942ms
2019-10-03 19:53:32,315 [main] WARN  impl.MetricsSystemImpl (MetricsSystemImpl.java:register(276)) - Sink prometheus already exists!
2019-10-03 19:53:32,316 [main] INFO  server.BaseHttpServer (BaseHttpServer.java:updateConnectorAddress(215)) - HTTP server of HDDSDATANODE is listening at http://0.0.0.0:41121
2019-10-03 19:53:32,316 [main] INFO  impl.MetricsSystemImpl (MetricsSystemImpl.java:init(158)) - HddsDatanode metrics system started (again)
2019-10-03 19:53:32,321 [org.apache.hadoop.util.JvmPauseMonitor$Monitor@4a96b583] INFO  util.JvmPauseMonitor (JvmPauseMonitor.java:run(188)) - Starting JVM pause monitor
2019-10-03 19:53:32,322 [Datanode State Machine Thread - 0] INFO  datanode.InitDatanodeState (InitDatanodeState.java:persistContainerDatanodeDetails(140)) - DatanodeDetails is persisted to /workdir/hadoop-ozone/integration-test/target/test-dir/MiniOzoneClusterImpl-77e39582-9142-4a55-b3af-cb33634f58da/datanode-4/meta/datanode.id
2019-10-03 19:53:32,322 [main] INFO  ozone.HddsDatanodeService (HddsDatanodeService.java:start(184)) - HddsDatanodeService host:pr-hdds-2240-9gllg-3097873054 ip:192.168.164.206
2019-10-03 19:53:32,328 [main] INFO  volume.HddsVolume (HddsVolume.java:<init>(176)) - Creating Volume: /workdir/hadoop-ozone/integration-test/target/test-dir/MiniOzoneClusterImpl-77e39582-9142-4a55-b3af-cb33634f58da/datanode-5/data/containers/hdds of  storage type : DISK and capacity : 1482555576320
2019-10-03 19:53:32,329 [main] INFO  volume.VolumeSet (VolumeSet.java:initializeVolumeSet(170)) - Added Volume : /workdir/hadoop-ozone/integration-test/target/test-dir/MiniOzoneClusterImpl-77e39582-9142-4a55-b3af-cb33634f58da/datanode-5/data/containers/hdds to VolumeSet
2019-10-03 19:53:32,329 [main] INFO  volume.ThrottledAsyncChecker (ThrottledAsyncChecker.java:schedule(139)) - Scheduling a check for org.apache.hadoop.ozone.container.common.volume.HddsVolume@25a7fedf
2019-10-03 19:53:32,330 [main] INFO  volume.HddsVolumeChecker (HddsVolumeChecker.java:checkAllVolumes(202)) - Scheduled health check for volume org.apache.hadoop.ozone.container.common.volume.HddsVolume@25a7fedf
2019-10-03 19:53:32,350 [main] INFO  impl.RaftServerProxy (ConfUtils.java:logGet(43)) - raft.rpc.type = GRPC (default)
2019-10-03 19:53:32,351 [main] INFO  grpc.GrpcFactory (GrpcFactory.java:checkPooledByteBufAllocatorUseCacheForAllThreads(45)) - PERFORMANCE WARNING: useCacheForAllThreads is true that may cause Netty to create a lot garbage objects and, as a result, trigger GC.
	It is recommended to disable useCacheForAllThreads by setting -Dorg.apache.ratis.thirdparty.io.netty.allocator.useCacheForAllThreads=false in command line.
2019-10-03 19:53:32,351 [main] INFO  grpc.GrpcConfigKeys$Server (ConfUtils.java:logGet(43)) - raft.grpc.server.port = 0 (default)
2019-10-03 19:53:32,351 [main] INFO  server.GrpcService (ConfUtils.java:logGet(43)) - raft.grpc.message.size.max = 33570816 (custom)
2019-10-03 19:53:32,351 [main] INFO  server.RaftServerConfigKeys (ConfUtils.java:logGet(43)) - raft.server.log.appender.buffer.byte-limit = 33554432 (custom)
2019-10-03 19:53:32,352 [main] INFO  server.GrpcService (ConfUtils.java:logGet(43)) - raft.grpc.flow.control.window = 1MB (=1048576) (default)
2019-10-03 19:53:32,352 [main] INFO  server.RaftServerConfigKeys (ConfUtils.java:logGet(43)) - raft.server.rpc.request.timeout = 3000ms (default)
2019-10-03 19:53:32,353 [main] INFO  server.RaftServerConfigKeys (ConfUtils.java:logGet(43)) - raft.server.storage.dir = [/workdir/hadoop-ozone/integration-test/target/test-dir/MiniOzoneClusterImpl-77e39582-9142-4a55-b3af-cb33634f58da/datanode-5/data/ratis] (custom)
2019-10-03 19:53:32,354 [main] INFO  hdfs.DFSUtil (DFSUtil.java:httpServerTemplateForNNAndJN(1641)) - Starting Web-server for hddsDatanode at: http://0.0.0.0:0
2019-10-03 19:53:32,356 [main] INFO  server.AuthenticationFilter (AuthenticationFilter.java:constructSecretProvider(240)) - Unable to initialize FileSignerSecretProvider, falling back to use random secrets.
2019-10-03 19:53:32,356 [main] WARN  http.HttpRequestLog (HttpRequestLog.java:getRequestLog(97)) - Jetty request log can only be enabled using Log4j
2019-10-03 19:53:32,358 [main] INFO  http.HttpServer2 (HttpServer2.java:addGlobalFilter(975)) - Added global filter 'safety' (class=org.apache.hadoop.http.HttpServer2$QuotingInputFilter)
2019-10-03 19:53:32,359 [main] INFO  http.HttpServer2 (HttpServer2.java:addFilter(948)) - Added filter static_user_filter (class=org.apache.hadoop.http.lib.StaticUserWebFilter$StaticUserFilter) to context hddsDatanode
2019-10-03 19:53:32,359 [main] INFO  http.HttpServer2 (HttpServer2.java:addFilter(958)) - Added filter static_user_filter (class=org.apache.hadoop.http.lib.StaticUserWebFilter$StaticUserFilter) to context logs
2019-10-03 19:53:32,359 [main] INFO  http.HttpServer2 (HttpServer2.java:addFilter(958)) - Added filter static_user_filter (class=org.apache.hadoop.http.lib.StaticUserWebFilter$StaticUserFilter) to context static
2019-10-03 19:53:32,360 [main] INFO  http.HttpServer2 (HttpServer2.java:bindListener(1191)) - Jetty bound to port 39767
2019-10-03 19:53:32,361 [main] INFO  server.Server (Server.java:doStart(351)) - jetty-9.3.25.v20180904, build timestamp: 2018-09-04T21:11:46Z, git hash: 3ce520221d0240229c862b122d2b06c12a625732
2019-10-03 19:53:32,363 [main] INFO  handler.ContextHandler (ContextHandler.java:doStart(781)) - Started o.e.j.s.ServletContextHandler@35b17c06{/logs,file:///workdir/hadoop-ozone/integration-test/target/log,AVAILABLE}
2019-10-03 19:53:32,363 [main] INFO  handler.ContextHandler (ContextHandler.java:doStart(781)) - Started o.e.j.s.ServletContextHandler@9f674ac{/static,jar:file:/home/user/.m2/repository/org/apache/hadoop/hadoop-hdds-container-service/0.5.0-SNAPSHOT/hadoop-hdds-container-service-0.5.0-SNAPSHOT.jar!/webapps/static,AVAILABLE}
2019-10-03 19:53:32,399 [main] INFO  handler.ContextHandler (ContextHandler.java:doStart(781)) - Started o.e.j.w.WebAppContext@6723610b{/,file:///tmp/jetty-0.0.0.0-39767-hddsDatanode-_-any-2899725028745510600.dir/webapp/,AVAILABLE}{/hddsDatanode}
2019-10-03 19:53:32,399 [main] INFO  server.AbstractConnector (AbstractConnector.java:doStart(278)) - Started ServerConnector@5ba03c82{HTTP/1.1,[http/1.1]}{0.0.0.0:39767}
2019-10-03 19:53:32,401 [main] INFO  server.Server (Server.java:doStart(419)) - Started @47028ms
2019-10-03 19:53:32,401 [main] WARN  impl.MetricsSystemImpl (MetricsSystemImpl.java:register(276)) - Sink prometheus already exists!
2019-10-03 19:53:32,401 [main] INFO  server.BaseHttpServer (BaseHttpServer.java:updateConnectorAddress(215)) - HTTP server of HDDSDATANODE is listening at http://0.0.0.0:39767
2019-10-03 19:53:32,402 [main] INFO  impl.MetricsSystemImpl (MetricsSystemImpl.java:init(158)) - HddsDatanode metrics system started (again)
2019-10-03 19:53:32,406 [org.apache.hadoop.util.JvmPauseMonitor$Monitor@382e4821] INFO  util.JvmPauseMonitor (JvmPauseMonitor.java:run(188)) - Starting JVM pause monitor
2019-10-03 19:53:32,407 [main] INFO  ozone.HddsDatanodeService (HddsDatanodeService.java:start(184)) - HddsDatanodeService host:pr-hdds-2240-9gllg-3097873054 ip:192.168.164.206
2019-10-03 19:53:32,408 [Datanode State Machine Thread - 0] INFO  datanode.InitDatanodeState (InitDatanodeState.java:persistContainerDatanodeDetails(140)) - DatanodeDetails is persisted to /workdir/hadoop-ozone/integration-test/target/test-dir/MiniOzoneClusterImpl-77e39582-9142-4a55-b3af-cb33634f58da/datanode-5/meta/datanode.id
2019-10-03 19:53:32,412 [main] INFO  volume.HddsVolume (HddsVolume.java:<init>(176)) - Creating Volume: /workdir/hadoop-ozone/integration-test/target/test-dir/MiniOzoneClusterImpl-77e39582-9142-4a55-b3af-cb33634f58da/datanode-6/data/containers/hdds of  storage type : DISK and capacity : 1482555576320
2019-10-03 19:53:32,413 [main] INFO  volume.VolumeSet (VolumeSet.java:initializeVolumeSet(170)) - Added Volume : /workdir/hadoop-ozone/integration-test/target/test-dir/MiniOzoneClusterImpl-77e39582-9142-4a55-b3af-cb33634f58da/datanode-6/data/containers/hdds to VolumeSet
2019-10-03 19:53:32,413 [main] INFO  volume.ThrottledAsyncChecker (ThrottledAsyncChecker.java:schedule(139)) - Scheduling a check for org.apache.hadoop.ozone.container.common.volume.HddsVolume@991cbde
2019-10-03 19:53:32,413 [main] INFO  volume.HddsVolumeChecker (HddsVolumeChecker.java:checkAllVolumes(202)) - Scheduled health check for volume org.apache.hadoop.ozone.container.common.volume.HddsVolume@991cbde
2019-10-03 19:53:32,425 [main] INFO  impl.RaftServerProxy (ConfUtils.java:logGet(43)) - raft.rpc.type = GRPC (default)
2019-10-03 19:53:32,426 [main] INFO  grpc.GrpcFactory (GrpcFactory.java:checkPooledByteBufAllocatorUseCacheForAllThreads(45)) - PERFORMANCE WARNING: useCacheForAllThreads is true that may cause Netty to create a lot garbage objects and, as a result, trigger GC.
	It is recommended to disable useCacheForAllThreads by setting -Dorg.apache.ratis.thirdparty.io.netty.allocator.useCacheForAllThreads=false in command line.
2019-10-03 19:53:32,426 [main] INFO  grpc.GrpcConfigKeys$Server (ConfUtils.java:logGet(43)) - raft.grpc.server.port = 0 (default)
2019-10-03 19:53:32,426 [main] INFO  server.GrpcService (ConfUtils.java:logGet(43)) - raft.grpc.message.size.max = 33570816 (custom)
2019-10-03 19:53:32,426 [main] INFO  server.RaftServerConfigKeys (ConfUtils.java:logGet(43)) - raft.server.log.appender.buffer.byte-limit = 33554432 (custom)
2019-10-03 19:53:32,426 [main] INFO  server.GrpcService (ConfUtils.java:logGet(43)) - raft.grpc.flow.control.window = 1MB (=1048576) (default)
2019-10-03 19:53:32,427 [main] INFO  server.RaftServerConfigKeys (ConfUtils.java:logGet(43)) - raft.server.rpc.request.timeout = 3000ms (default)
2019-10-03 19:53:32,427 [main] INFO  server.RaftServerConfigKeys (ConfUtils.java:logGet(43)) - raft.server.storage.dir = [/workdir/hadoop-ozone/integration-test/target/test-dir/MiniOzoneClusterImpl-77e39582-9142-4a55-b3af-cb33634f58da/datanode-6/data/ratis] (custom)
2019-10-03 19:53:32,428 [main] INFO  hdfs.DFSUtil (DFSUtil.java:httpServerTemplateForNNAndJN(1641)) - Starting Web-server for hddsDatanode at: http://0.0.0.0:0
2019-10-03 19:53:32,429 [main] INFO  server.AuthenticationFilter (AuthenticationFilter.java:constructSecretProvider(240)) - Unable to initialize FileSignerSecretProvider, falling back to use random secrets.
2019-10-03 19:53:32,429 [main] WARN  http.HttpRequestLog (HttpRequestLog.java:getRequestLog(97)) - Jetty request log can only be enabled using Log4j
2019-10-03 19:53:32,431 [main] INFO  http.HttpServer2 (HttpServer2.java:addGlobalFilter(975)) - Added global filter 'safety' (class=org.apache.hadoop.http.HttpServer2$QuotingInputFilter)
2019-10-03 19:53:32,431 [main] INFO  http.HttpServer2 (HttpServer2.java:addFilter(948)) - Added filter static_user_filter (class=org.apache.hadoop.http.lib.StaticUserWebFilter$StaticUserFilter) to context hddsDatanode
2019-10-03 19:53:32,431 [main] INFO  http.HttpServer2 (HttpServer2.java:addFilter(958)) - Added filter static_user_filter (class=org.apache.hadoop.http.lib.StaticUserWebFilter$StaticUserFilter) to context logs
2019-10-03 19:53:32,432 [main] INFO  http.HttpServer2 (HttpServer2.java:addFilter(958)) - Added filter static_user_filter (class=org.apache.hadoop.http.lib.StaticUserWebFilter$StaticUserFilter) to context static
2019-10-03 19:53:32,432 [main] INFO  http.HttpServer2 (HttpServer2.java:bindListener(1191)) - Jetty bound to port 37316
2019-10-03 19:53:32,432 [main] INFO  server.Server (Server.java:doStart(351)) - jetty-9.3.25.v20180904, build timestamp: 2018-09-04T21:11:46Z, git hash: 3ce520221d0240229c862b122d2b06c12a625732
2019-10-03 19:53:32,434 [main] INFO  handler.ContextHandler (ContextHandler.java:doStart(781)) - Started o.e.j.s.ServletContextHandler@642a16aa{/logs,file:///workdir/hadoop-ozone/integration-test/target/log,AVAILABLE}
2019-10-03 19:53:32,434 [main] INFO  handler.ContextHandler (ContextHandler.java:doStart(781)) - Started o.e.j.s.ServletContextHandler@294aba23{/static,jar:file:/home/user/.m2/repository/org/apache/hadoop/hadoop-hdds-container-service/0.5.0-SNAPSHOT/hadoop-hdds-container-service-0.5.0-SNAPSHOT.jar!/webapps/static,AVAILABLE}
2019-10-03 19:53:32,463 [main] INFO  handler.ContextHandler (ContextHandler.java:doStart(781)) - Started o.e.j.w.WebAppContext@32118208{/,file:///tmp/jetty-0.0.0.0-37316-hddsDatanode-_-any-1821437401523794202.dir/webapp/,AVAILABLE}{/hddsDatanode}
2019-10-03 19:53:32,463 [main] INFO  server.AbstractConnector (AbstractConnector.java:doStart(278)) - Started ServerConnector@414f87a9{HTTP/1.1,[http/1.1]}{0.0.0.0:37316}
2019-10-03 19:53:32,465 [main] INFO  server.Server (Server.java:doStart(419)) - Started @47092ms
2019-10-03 19:53:32,465 [main] WARN  impl.MetricsSystemImpl (MetricsSystemImpl.java:register(276)) - Sink prometheus already exists!
2019-10-03 19:53:32,466 [main] INFO  server.BaseHttpServer (BaseHttpServer.java:updateConnectorAddress(215)) - HTTP server of HDDSDATANODE is listening at http://0.0.0.0:37316
2019-10-03 19:53:32,466 [main] INFO  ozone.MiniOzoneClusterImpl (MiniOzoneClusterImpl.java:lambda$waitForClusterToBeReady$0(147)) - Waiting for cluster to be ready. Got 0 of 7 DN Heartbeats.
2019-10-03 19:53:32,469 [org.apache.hadoop.util.JvmPauseMonitor$Monitor@1e47fb9b] INFO  util.JvmPauseMonitor (JvmPauseMonitor.java:run(188)) - Starting JVM pause monitor
2019-10-03 19:53:32,470 [Datanode State Machine Thread - 0] INFO  datanode.InitDatanodeState (InitDatanodeState.java:persistContainerDatanodeDetails(140)) - DatanodeDetails is persisted to /workdir/hadoop-ozone/integration-test/target/test-dir/MiniOzoneClusterImpl-77e39582-9142-4a55-b3af-cb33634f58da/datanode-6/meta/datanode.id
2019-10-03 19:53:33,469 [main] INFO  ozone.MiniOzoneClusterImpl (MiniOzoneClusterImpl.java:lambda$waitForClusterToBeReady$0(147)) - Waiting for cluster to be ready. Got 0 of 7 DN Heartbeats.
2019-10-03 19:53:34,034 [Datanode State Machine Thread - 0] INFO  ozoneimpl.OzoneContainer (OzoneContainer.java:start(217)) - Attempting to start container services.
2019-10-03 19:53:34,036 [Datanode State Machine Thread - 0] INFO  ozoneimpl.OzoneContainer (OzoneContainer.java:startContainerScrub(179)) - Background container scanner has been disabled.
2019-10-03 19:53:34,036 [Datanode State Machine Thread - 0] INFO  ratis.XceiverServerRatis (XceiverServerRatis.java:start(417)) - Starting XceiverServerRatis 1382865e-5919-493b-a0b9-5b948d31190f at port 0
2019-10-03 19:53:34,043 [Datanode State Machine Thread - 0] INFO  impl.RaftServerProxy (RaftServerProxy.java:lambda$start$3(299)) - 1382865e-5919-493b-a0b9-5b948d31190f: start RPC server
2019-10-03 19:53:34,045 [Datanode State Machine Thread - 0] INFO  server.GrpcService (GrpcService.java:startImpl(158)) - 1382865e-5919-493b-a0b9-5b948d31190f: GrpcService started, listening on 0.0.0.0/0.0.0.0:39135
2019-10-03 19:53:34,045 [Datanode State Machine Thread - 0] INFO  ratis.XceiverServerRatis (XceiverServerRatis.java:start(427)) - XceiverServerRatis 1382865e-5919-493b-a0b9-5b948d31190f is started using port 39135
2019-10-03 19:53:34,046 [Datanode State Machine Thread - 0] INFO  server.XceiverServerGrpc (XceiverServerGrpc.java:start(149)) - XceiverServerGrpc 1382865e-5919-493b-a0b9-5b948d31190f is started using port 36575
2019-10-03 19:53:34,113 [Datanode State Machine Thread - 0] INFO  ozoneimpl.OzoneContainer (OzoneContainer.java:start(217)) - Attempting to start container services.
2019-10-03 19:53:34,116 [Datanode State Machine Thread - 0] INFO  ozoneimpl.OzoneContainer (OzoneContainer.java:startContainerScrub(179)) - Background container scanner has been disabled.
2019-10-03 19:53:34,116 [Datanode State Machine Thread - 0] INFO  ratis.XceiverServerRatis (XceiverServerRatis.java:start(417)) - Starting XceiverServerRatis 85adb8d9-977a-449f-aaa1-6bf478ecc8b3 at port 0
2019-10-03 19:53:34,122 [Datanode State Machine Thread - 0] INFO  impl.RaftServerProxy (RaftServerProxy.java:lambda$start$3(299)) - 85adb8d9-977a-449f-aaa1-6bf478ecc8b3: start RPC server
2019-10-03 19:53:34,125 [Datanode State Machine Thread - 0] INFO  server.GrpcService (GrpcService.java:startImpl(158)) - 85adb8d9-977a-449f-aaa1-6bf478ecc8b3: GrpcService started, listening on 0.0.0.0/0.0.0.0:38347
2019-10-03 19:53:34,125 [Datanode State Machine Thread - 0] INFO  ratis.XceiverServerRatis (XceiverServerRatis.java:start(427)) - XceiverServerRatis 85adb8d9-977a-449f-aaa1-6bf478ecc8b3 is started using port 38347
2019-10-03 19:53:34,135 [Datanode State Machine Thread - 0] INFO  server.XceiverServerGrpc (XceiverServerGrpc.java:start(149)) - XceiverServerGrpc 85adb8d9-977a-449f-aaa1-6bf478ecc8b3 is started using port 39313
2019-10-03 19:53:34,196 [Datanode State Machine Thread - 0] INFO  ozoneimpl.OzoneContainer (OzoneContainer.java:start(217)) - Attempting to start container services.
2019-10-03 19:53:34,202 [Datanode State Machine Thread - 0] INFO  ozoneimpl.OzoneContainer (OzoneContainer.java:startContainerScrub(179)) - Background container scanner has been disabled.
2019-10-03 19:53:34,202 [Datanode State Machine Thread - 0] INFO  ratis.XceiverServerRatis (XceiverServerRatis.java:start(417)) - Starting XceiverServerRatis eeae474c-c7bf-4f3c-8ade-79d32018334d at port 0
2019-10-03 19:53:34,207 [Datanode State Machine Thread - 0] INFO  impl.RaftServerProxy (RaftServerProxy.java:lambda$start$3(299)) - eeae474c-c7bf-4f3c-8ade-79d32018334d: start RPC server
2019-10-03 19:53:34,208 [Datanode State Machine Thread - 0] INFO  server.GrpcService (GrpcService.java:startImpl(158)) - eeae474c-c7bf-4f3c-8ade-79d32018334d: GrpcService started, listening on 0.0.0.0/0.0.0.0:46683
2019-10-03 19:53:34,208 [Datanode State Machine Thread - 0] INFO  ratis.XceiverServerRatis (XceiverServerRatis.java:start(427)) - XceiverServerRatis eeae474c-c7bf-4f3c-8ade-79d32018334d is started using port 46683
2019-10-03 19:53:34,213 [Datanode State Machine Thread - 0] INFO  server.XceiverServerGrpc (XceiverServerGrpc.java:start(149)) - XceiverServerGrpc eeae474c-c7bf-4f3c-8ade-79d32018334d is started using port 39387
2019-10-03 19:53:34,264 [Datanode State Machine Thread - 0] INFO  ozoneimpl.OzoneContainer (OzoneContainer.java:start(217)) - Attempting to start container services.
2019-10-03 19:53:34,264 [Datanode State Machine Thread - 0] INFO  ozoneimpl.OzoneContainer (OzoneContainer.java:startContainerScrub(179)) - Background container scanner has been disabled.
2019-10-03 19:53:34,264 [Datanode State Machine Thread - 0] INFO  ratis.XceiverServerRatis (XceiverServerRatis.java:start(417)) - Starting XceiverServerRatis 0b18d462-2775-44df-b49b-86e097963cba at port 0
2019-10-03 19:53:34,269 [Datanode State Machine Thread - 0] INFO  impl.RaftServerProxy (RaftServerProxy.java:lambda$start$3(299)) - 0b18d462-2775-44df-b49b-86e097963cba: start RPC server
2019-10-03 19:53:34,270 [Datanode State Machine Thread - 0] INFO  server.GrpcService (GrpcService.java:startImpl(158)) - 0b18d462-2775-44df-b49b-86e097963cba: GrpcService started, listening on 0.0.0.0/0.0.0.0:45649
2019-10-03 19:53:34,270 [Datanode State Machine Thread - 0] INFO  ratis.XceiverServerRatis (XceiverServerRatis.java:start(427)) - XceiverServerRatis 0b18d462-2775-44df-b49b-86e097963cba is started using port 45649
2019-10-03 19:53:34,271 [Datanode State Machine Thread - 0] INFO  server.XceiverServerGrpc (XceiverServerGrpc.java:start(149)) - XceiverServerGrpc 0b18d462-2775-44df-b49b-86e097963cba is started using port 36769
2019-10-03 19:53:34,344 [Datanode State Machine Thread - 0] INFO  ozoneimpl.OzoneContainer (OzoneContainer.java:start(217)) - Attempting to start container services.
2019-10-03 19:53:34,344 [Datanode State Machine Thread - 0] INFO  ozoneimpl.OzoneContainer (OzoneContainer.java:startContainerScrub(179)) - Background container scanner has been disabled.
2019-10-03 19:53:34,344 [Datanode State Machine Thread - 0] INFO  ratis.XceiverServerRatis (XceiverServerRatis.java:start(417)) - Starting XceiverServerRatis 3918dacb-7872-4a74-92dd-7adc0d59f863 at port 0
2019-10-03 19:53:34,349 [Datanode State Machine Thread - 0] INFO  impl.RaftServerProxy (RaftServerProxy.java:lambda$start$3(299)) - 3918dacb-7872-4a74-92dd-7adc0d59f863: start RPC server
2019-10-03 19:53:34,350 [Datanode State Machine Thread - 0] INFO  server.GrpcService (GrpcService.java:startImpl(158)) - 3918dacb-7872-4a74-92dd-7adc0d59f863: GrpcService started, listening on 0.0.0.0/0.0.0.0:38515
2019-10-03 19:53:34,350 [Datanode State Machine Thread - 0] INFO  ratis.XceiverServerRatis (XceiverServerRatis.java:start(427)) - XceiverServerRatis 3918dacb-7872-4a74-92dd-7adc0d59f863 is started using port 38515
2019-10-03 19:53:34,352 [Datanode State Machine Thread - 0] INFO  server.XceiverServerGrpc (XceiverServerGrpc.java:start(149)) - XceiverServerGrpc 3918dacb-7872-4a74-92dd-7adc0d59f863 is started using port 36730
2019-10-03 19:53:34,420 [Datanode State Machine Thread - 0] INFO  ozoneimpl.OzoneContainer (OzoneContainer.java:start(217)) - Attempting to start container services.
2019-10-03 19:53:34,420 [Datanode State Machine Thread - 0] INFO  ozoneimpl.OzoneContainer (OzoneContainer.java:startContainerScrub(179)) - Background container scanner has been disabled.
2019-10-03 19:53:34,421 [Datanode State Machine Thread - 0] INFO  ratis.XceiverServerRatis (XceiverServerRatis.java:start(417)) - Starting XceiverServerRatis 8d51f233-9e6f-4432-8b34-aab0b8be1295 at port 0
2019-10-03 19:53:34,426 [Datanode State Machine Thread - 0] INFO  impl.RaftServerProxy (RaftServerProxy.java:lambda$start$3(299)) - 8d51f233-9e6f-4432-8b34-aab0b8be1295: start RPC server
2019-10-03 19:53:34,426 [Datanode State Machine Thread - 0] INFO  server.GrpcService (GrpcService.java:startImpl(158)) - 8d51f233-9e6f-4432-8b34-aab0b8be1295: GrpcService started, listening on 0.0.0.0/0.0.0.0:45434
2019-10-03 19:53:34,427 [Datanode State Machine Thread - 0] INFO  ratis.XceiverServerRatis (XceiverServerRatis.java:start(427)) - XceiverServerRatis 8d51f233-9e6f-4432-8b34-aab0b8be1295 is started using port 45434
2019-10-03 19:53:34,427 [Datanode State Machine Thread - 0] INFO  server.XceiverServerGrpc (XceiverServerGrpc.java:start(149)) - XceiverServerGrpc 8d51f233-9e6f-4432-8b34-aab0b8be1295 is started using port 41807
2019-10-03 19:53:34,469 [main] INFO  ozone.MiniOzoneClusterImpl (MiniOzoneClusterImpl.java:lambda$waitForClusterToBeReady$0(147)) - Waiting for cluster to be ready. Got 0 of 7 DN Heartbeats.
2019-10-03 19:53:34,482 [Datanode State Machine Thread - 0] INFO  ozoneimpl.OzoneContainer (OzoneContainer.java:start(217)) - Attempting to start container services.
2019-10-03 19:53:34,483 [Datanode State Machine Thread - 0] INFO  ozoneimpl.OzoneContainer (OzoneContainer.java:startContainerScrub(179)) - Background container scanner has been disabled.
2019-10-03 19:53:34,483 [Datanode State Machine Thread - 0] INFO  ratis.XceiverServerRatis (XceiverServerRatis.java:start(417)) - Starting XceiverServerRatis 4f3ebc35-d043-4b5d-bf0d-80fd96580666 at port 0
2019-10-03 19:53:34,488 [Datanode State Machine Thread - 0] INFO  impl.RaftServerProxy (RaftServerProxy.java:lambda$start$3(299)) - 4f3ebc35-d043-4b5d-bf0d-80fd96580666: start RPC server
2019-10-03 19:53:34,490 [Datanode State Machine Thread - 0] INFO  server.GrpcService (GrpcService.java:startImpl(158)) - 4f3ebc35-d043-4b5d-bf0d-80fd96580666: GrpcService started, listening on 0.0.0.0/0.0.0.0:44754
2019-10-03 19:53:34,490 [Datanode State Machine Thread - 0] INFO  ratis.XceiverServerRatis (XceiverServerRatis.java:start(427)) - XceiverServerRatis 4f3ebc35-d043-4b5d-bf0d-80fd96580666 is started using port 44754
2019-10-03 19:53:34,491 [Datanode State Machine Thread - 0] INFO  server.XceiverServerGrpc (XceiverServerGrpc.java:start(149)) - XceiverServerGrpc 4f3ebc35-d043-4b5d-bf0d-80fd96580666 is started using port 44786
2019-10-03 19:53:35,470 [main] INFO  ozone.MiniOzoneClusterImpl (MiniOzoneClusterImpl.java:lambda$waitForClusterToBeReady$0(147)) - Waiting for cluster to be ready. Got 0 of 7 DN Heartbeats.
2019-10-03 19:53:36,021 [IPC Server handler 4 on 41106] INFO  net.NetworkTopology (NetworkTopologyImpl.java:add(111)) - Added a new node: /default-rack/1382865e-5919-493b-a0b9-5b948d31190f
2019-10-03 19:53:36,024 [IPC Server handler 4 on 41106] INFO  node.SCMNodeManager (SCMNodeManager.java:register(266)) - Registered Data node : 1382865e-5919-493b-a0b9-5b948d31190f{ip: 192.168.164.206, host: pr-hdds-2240-9gllg-3097873054, networkLocation: /default-rack, certSerialId: null}
2019-10-03 19:53:36,025 [EventQueue-NodeRegistrationContainerReportForDataNodeSafeModeRule] INFO  safemode.SCMSafeModeManager (DataNodeSafeModeRule.java:process(71)) - SCM in safe mode. 1 DataNodes registered, 1 required.
2019-10-03 19:53:36,027 [EventQueue-NodeRegistrationContainerReportForDataNodeSafeModeRule] INFO  safemode.SCMSafeModeManager (SCMSafeModeManager.java:validateSafeModeExitRules(177)) - ScmSafeModeManager, all rules are successfully validated
2019-10-03 19:53:36,027 [EventQueue-NodeRegistrationContainerReportForDataNodeSafeModeRule] INFO  safemode.SCMSafeModeManager (SCMSafeModeManager.java:exitSafeMode(193)) - SCM exiting safe mode.
2019-10-03 19:53:36,046 [grpc-default-executor-2] INFO  impl.RaftServerProxy (RaftServerProxy.java:addNew(89)) - 1382865e-5919-493b-a0b9-5b948d31190f: addNew group-9543520C701E:[1382865e-5919-493b-a0b9-5b948d31190f:192.168.164.206:39135] returns group-9543520C701E:java.util.concurrent.CompletableFuture@6849111[Not completed]
2019-10-03 19:53:36,050 [pool-119-thread-1] INFO  impl.RaftServerImpl (RaftServerImpl.java:<init>(95)) - 1382865e-5919-493b-a0b9-5b948d31190f: new RaftServerImpl for group-9543520C701E:[1382865e-5919-493b-a0b9-5b948d31190f:192.168.164.206:39135] with ContainerStateMachine:uninitialized
2019-10-03 19:53:36,050 [pool-119-thread-1] INFO  server.RaftServerConfigKeys (ConfUtils.java:logGet(43)) - raft.server.rpc.timeout.min = 5s (custom)
2019-10-03 19:53:36,050 [pool-119-thread-1] INFO  server.RaftServerConfigKeys (ConfUtils.java:logGet(43)) - raft.server.rpc.timeout.max = 5200ms (custom)
2019-10-03 19:53:36,050 [pool-119-thread-1] INFO  server.RaftServerConfigKeys (ConfUtils.java:logGet(43)) - raft.server.rpcslowness.timeout = 120s (custom)
2019-10-03 19:53:36,050 [pool-119-thread-1] INFO  server.RaftServerConfigKeys (ConfUtils.java:logGet(43)) - raft.server.sleep.deviation.threshold = 300 (default)
2019-10-03 19:53:36,051 [pool-119-thread-1] INFO  server.RaftServerConfigKeys (ConfUtils.java:logGet(43)) - raft.server.log.appender.install.snapshot.enabled = false (custom)
2019-10-03 19:53:36,051 [pool-119-thread-1] INFO  impl.RaftServerImpl (ServerState.java:<init>(103)) - 1382865e-5919-493b-a0b9-5b948d31190f@group-9543520C701E: ConfigurationManager, init=-1: [1382865e-5919-493b-a0b9-5b948d31190f:192.168.164.206:39135], old=null, confs=<EMPTY_MAP>
2019-10-03 19:53:36,051 [pool-119-thread-1] INFO  server.RaftServerConfigKeys (ConfUtils.java:logGet(43)) - raft.server.storage.dir = [/workdir/hadoop-ozone/integration-test/target/test-dir/MiniOzoneClusterImpl-77e39582-9142-4a55-b3af-cb33634f58da/datanode-0/data/ratis] (custom)
2019-10-03 19:53:36,052 [pool-119-thread-1] INFO  server.RaftServerConfigKeys (ConfUtils.java:logGet(43)) - raft.server.log.corruption.policy = EXCEPTION (default)
2019-10-03 19:53:36,052 [pool-119-thread-1] INFO  storage.RaftStorageDirectory (RaftStorageDirectory.java:analyzeStorage(246)) - The storage directory /workdir/hadoop-ozone/integration-test/target/test-dir/MiniOzoneClusterImpl-77e39582-9142-4a55-b3af-cb33634f58da/datanode-0/data/ratis/79e0ec59-426c-4de9-8ba8-9543520c701e does not exist. Creating ...
2019-10-03 19:53:36,078 [pool-119-thread-1] INFO  storage.RaftStorageDirectory (RaftStorageDirectory.java:tryLock(328)) - Lock on /workdir/hadoop-ozone/integration-test/target/test-dir/MiniOzoneClusterImpl-77e39582-9142-4a55-b3af-cb33634f58da/datanode-0/data/ratis/79e0ec59-426c-4de9-8ba8-9543520c701e/in_use.lock acquired by nodename 6385@pr-hdds-2240-9gllg-3097873054
2019-10-03 19:53:36,092 [pool-119-thread-1] INFO  storage.RaftStorage (RaftStorage.java:format(84)) - Storage directory /workdir/hadoop-ozone/integration-test/target/test-dir/MiniOzoneClusterImpl-77e39582-9142-4a55-b3af-cb33634f58da/datanode-0/data/ratis/79e0ec59-426c-4de9-8ba8-9543520c701e has been successfully formatted.
2019-10-03 19:53:36,092 [pool-119-thread-1] INFO  ratis.ContainerStateMachine (ContainerStateMachine.java:loadSnapshot(230)) - group-9543520C701E: The snapshot info is null. Setting the last applied indexto:(t:0, i:~)
2019-10-03 19:53:36,092 [pool-119-thread-1] INFO  server.RaftServerConfigKeys (ConfUtils.java:logGet(43)) - raft.server.notification.no-leader.timeout = 120s (custom)
2019-10-03 19:53:36,093 [pool-119-thread-1] INFO  server.RaftServerConfigKeys (ConfUtils.java:logGet(43)) - raft.server.log.use.memory = false (default)
2019-10-03 19:53:36,093 [pool-119-thread-1] INFO  server.RaftServerConfigKeys (ConfUtils.java:logGet(43)) - raft.server.log.purge.gap = 1000000 (custom)
2019-10-03 19:53:36,093 [pool-119-thread-1] INFO  server.RaftServerConfigKeys (ConfUtils.java:logGet(43)) - raft.server.log.appender.buffer.byte-limit = 33554432 (custom)
2019-10-03 19:53:36,093 [pool-119-thread-1] INFO  server.RaftServerConfigKeys (ConfUtils.java:logGet(43)) - raft.server.log.segment.size.max = 1048576 (custom)
2019-10-03 19:53:36,097 [pool-119-thread-1] INFO  server.RaftServerConfigKeys (ConfUtils.java:logGet(43)) - raft.server.log.segment.cache.num.max = 2 (custom)
2019-10-03 19:53:36,097 [pool-119-thread-1] INFO  segmented.SegmentedRaftLogWorker (SegmentedRaftLogWorker.java:<init>(173)) - new 1382865e-5919-493b-a0b9-5b948d31190f@group-9543520C701E-SegmentedRaftLogWorker for RaftStorage:Storage Directory /workdir/hadoop-ozone/integration-test/target/test-dir/MiniOzoneClusterImpl-77e39582-9142-4a55-b3af-cb33634f58da/datanode-0/data/ratis/79e0ec59-426c-4de9-8ba8-9543520c701e
2019-10-03 19:53:36,097 [pool-119-thread-1] INFO  server.RaftServerConfigKeys (ConfUtils.java:logGet(43)) - raft.server.log.queue.byte-limit = 2147483647 (custom)
2019-10-03 19:53:36,097 [pool-119-thread-1] INFO  server.RaftServerConfigKeys (ConfUtils.java:logGet(43)) - raft.server.log.queue.element-limit = 1024 (custom)
2019-10-03 19:53:36,097 [pool-119-thread-1] INFO  server.RaftServerConfigKeys (ConfUtils.java:logGet(43)) - raft.server.log.segment.size.max = 1048576 (custom)
2019-10-03 19:53:36,097 [pool-119-thread-1] INFO  server.RaftServerConfigKeys (ConfUtils.java:logGet(43)) - raft.server.log.preallocated.size = 16384 (custom)
2019-10-03 19:53:36,097 [pool-119-thread-1] INFO  server.RaftServerConfigKeys (ConfUtils.java:logGet(43)) - raft.server.log.write.buffer.size = 33554432 (custom)
2019-10-03 19:53:36,098 [pool-119-thread-1] INFO  server.RaftServerConfigKeys (ConfUtils.java:logGet(43)) - raft.server.log.force.sync.num = 128 (default)
2019-10-03 19:53:36,098 [pool-119-thread-1] INFO  server.RaftServerConfigKeys (ConfUtils.java:logGet(43)) - raft.server.log.statemachine.data.sync = true (default)
2019-10-03 19:53:36,098 [pool-119-thread-1] INFO  server.RaftServerConfigKeys (ConfUtils.java:logGet(43)) - raft.server.log.statemachine.data.sync.timeout = 10s (default)
2019-10-03 19:53:36,098 [pool-119-thread-1] INFO  server.RaftServerConfigKeys (ConfUtils.java:logGet(43)) - raft.server.log.statemachine.data.sync.timeout.retry = -1 (default)
2019-10-03 19:53:36,099 [pool-119-thread-1] INFO  server.RaftServerConfigKeys (ConfUtils.java:logGet(43)) - raft.server.log.statemachine.data.caching.enabled = true (custom)
2019-10-03 19:53:36,099 [pool-119-thread-1] INFO  segmented.SegmentedRaftLogWorker (SegmentedRaftLogWorker.java:lambda$new$0(128)) - 1382865e-5919-493b-a0b9-5b948d31190f@group-9543520C701E-SegmentedRaftLogWorker: flushIndex: setUnconditionally 0 -> -1
2019-10-03 19:53:36,100 [pool-119-thread-1] INFO  server.RaftServerConfigKeys (ConfUtils.java:logGet(43)) - raft.server.snapshot.auto.trigger.enabled = true (custom)
2019-10-03 19:53:36,100 [pool-119-thread-1] INFO  server.RaftServerConfigKeys (ConfUtils.java:logGet(43)) - raft.server.snapshot.auto.trigger.threshold = 10000 (custom)
2019-10-03 19:53:36,100 [pool-119-thread-1] INFO  server.RaftServerConfigKeys (ConfUtils.java:logGet(43)) - raft.server.snapshot.retention.file.num = 5 (custom)
2019-10-03 19:53:36,100 [pool-119-thread-1] INFO  server.RaftServerConfigKeys (ConfUtils.java:logGet(43)) - raft.server.retrycache.expirytime = 600000ms (custom)
2019-10-03 19:53:36,100 [IPC Server handler 5 on 41106] INFO  net.NetworkTopology (NetworkTopologyImpl.java:add(111)) - Added a new node: /default-rack/85adb8d9-977a-449f-aaa1-6bf478ecc8b3
2019-10-03 19:53:36,101 [IPC Server handler 5 on 41106] INFO  node.SCMNodeManager (SCMNodeManager.java:register(266)) - Registered Data node : 85adb8d9-977a-449f-aaa1-6bf478ecc8b3{ip: 192.168.164.206, host: pr-hdds-2240-9gllg-3097873054, networkLocation: /default-rack, certSerialId: null}
2019-10-03 19:53:36,102 [pool-119-thread-1] INFO  impl.RaftServerImpl (RaftServerImpl.java:start(181)) - 1382865e-5919-493b-a0b9-5b948d31190f@group-9543520C701E: start as a follower, conf=-1: [1382865e-5919-493b-a0b9-5b948d31190f:192.168.164.206:39135], old=null
2019-10-03 19:53:36,102 [pool-119-thread-1] INFO  impl.RaftServerImpl (RaftServerImpl.java:setRole(170)) - 1382865e-5919-493b-a0b9-5b948d31190f@group-9543520C701E: changes role from      null to FOLLOWER at term 0 for startAsFollower
2019-10-03 19:53:36,102 [pool-119-thread-1] INFO  impl.RoleInfo (RoleInfo.java:updateAndGet(143)) - 1382865e-5919-493b-a0b9-5b948d31190f: start FollowerState
2019-10-03 19:53:36,103 [pool-119-thread-1] INFO  util.JmxRegister (JmxRegister.java:tryRegister(44)) - Successfully registered JMX Bean with object name Ratis:service=RaftServer,group=group-9543520C701E,id=1382865e-5919-493b-a0b9-5b948d31190f
2019-10-03 19:53:36,109 [RatisPipelineUtilsThread] INFO  pipeline.PipelineStateManager (PipelineStateManager.java:addPipeline(56)) - Created pipeline Pipeline[ Id: 79e0ec59-426c-4de9-8ba8-9543520c701e, Nodes: 1382865e-5919-493b-a0b9-5b948d31190f{ip: 192.168.164.206, host: pr-hdds-2240-9gllg-3097873054, networkLocation: /default-rack, certSerialId: null}, Type:RATIS, Factor:ONE, State:OPEN]
2019-10-03 19:53:36,119 [grpc-default-executor-2] INFO  impl.RaftServerProxy (RaftServerProxy.java:addNew(89)) - 85adb8d9-977a-449f-aaa1-6bf478ecc8b3: addNew group-B2B2E88743C3:[85adb8d9-977a-449f-aaa1-6bf478ecc8b3:192.168.164.206:38347] returns group-B2B2E88743C3:java.util.concurrent.CompletableFuture@35955a80[Not completed]
2019-10-03 19:53:36,120 [pool-129-thread-1] INFO  impl.RaftServerImpl (RaftServerImpl.java:<init>(95)) - 85adb8d9-977a-449f-aaa1-6bf478ecc8b3: new RaftServerImpl for group-B2B2E88743C3:[85adb8d9-977a-449f-aaa1-6bf478ecc8b3:192.168.164.206:38347] with ContainerStateMachine:uninitialized
2019-10-03 19:53:36,120 [pool-129-thread-1] INFO  server.RaftServerConfigKeys (ConfUtils.java:logGet(43)) - raft.server.rpc.timeout.min = 5s (custom)
2019-10-03 19:53:36,120 [pool-129-thread-1] INFO  server.RaftServerConfigKeys (ConfUtils.java:logGet(43)) - raft.server.rpc.timeout.max = 5200ms (custom)
2019-10-03 19:53:36,120 [pool-129-thread-1] INFO  server.RaftServerConfigKeys (ConfUtils.java:logGet(43)) - raft.server.rpcslowness.timeout = 120s (custom)
2019-10-03 19:53:36,120 [pool-129-thread-1] INFO  server.RaftServerConfigKeys (ConfUtils.java:logGet(43)) - raft.server.sleep.deviation.threshold = 300 (default)
2019-10-03 19:53:36,120 [pool-129-thread-1] INFO  server.RaftServerConfigKeys (ConfUtils.java:logGet(43)) - raft.server.log.appender.install.snapshot.enabled = false (custom)
2019-10-03 19:53:36,121 [pool-129-thread-1] INFO  impl.RaftServerImpl (ServerState.java:<init>(103)) - 85adb8d9-977a-449f-aaa1-6bf478ecc8b3@group-B2B2E88743C3: ConfigurationManager, init=-1: [85adb8d9-977a-449f-aaa1-6bf478ecc8b3:192.168.164.206:38347], old=null, confs=<EMPTY_MAP>
2019-10-03 19:53:36,121 [pool-129-thread-1] INFO  server.RaftServerConfigKeys (ConfUtils.java:logGet(43)) - raft.server.storage.dir = [/workdir/hadoop-ozone/integration-test/target/test-dir/MiniOzoneClusterImpl-77e39582-9142-4a55-b3af-cb33634f58da/datanode-1/data/ratis] (custom)
2019-10-03 19:53:36,121 [pool-129-thread-1] INFO  server.RaftServerConfigKeys (ConfUtils.java:logGet(43)) - raft.server.log.corruption.policy = EXCEPTION (default)
2019-10-03 19:53:36,121 [pool-129-thread-1] INFO  storage.RaftStorageDirectory (RaftStorageDirectory.java:analyzeStorage(246)) - The storage directory /workdir/hadoop-ozone/integration-test/target/test-dir/MiniOzoneClusterImpl-77e39582-9142-4a55-b3af-cb33634f58da/datanode-1/data/ratis/1858a6d1-9719-4cda-9e38-b2b2e88743c3 does not exist. Creating ...
2019-10-03 19:53:36,134 [pool-129-thread-1] INFO  storage.RaftStorageDirectory (RaftStorageDirectory.java:tryLock(328)) - Lock on /workdir/hadoop-ozone/integration-test/target/test-dir/MiniOzoneClusterImpl-77e39582-9142-4a55-b3af-cb33634f58da/datanode-1/data/ratis/1858a6d1-9719-4cda-9e38-b2b2e88743c3/in_use.lock acquired by nodename 6385@pr-hdds-2240-9gllg-3097873054
2019-10-03 19:53:36,146 [pool-129-thread-1] INFO  storage.RaftStorage (RaftStorage.java:format(84)) - Storage directory /workdir/hadoop-ozone/integration-test/target/test-dir/MiniOzoneClusterImpl-77e39582-9142-4a55-b3af-cb33634f58da/datanode-1/data/ratis/1858a6d1-9719-4cda-9e38-b2b2e88743c3 has been successfully formatted.
2019-10-03 19:53:36,146 [pool-129-thread-1] INFO  ratis.ContainerStateMachine (ContainerStateMachine.java:loadSnapshot(230)) - group-B2B2E88743C3: The snapshot info is null. Setting the last applied indexto:(t:0, i:~)
2019-10-03 19:53:36,146 [pool-129-thread-1] INFO  server.RaftServerConfigKeys (ConfUtils.java:logGet(43)) - raft.server.notification.no-leader.timeout = 120s (custom)
2019-10-03 19:53:36,146 [pool-129-thread-1] INFO  server.RaftServerConfigKeys (ConfUtils.java:logGet(43)) - raft.server.log.use.memory = false (default)
2019-10-03 19:53:36,146 [pool-129-thread-1] INFO  server.RaftServerConfigKeys (ConfUtils.java:logGet(43)) - raft.server.log.purge.gap = 1000000 (custom)
2019-10-03 19:53:36,147 [pool-129-thread-1] INFO  server.RaftServerConfigKeys (ConfUtils.java:logGet(43)) - raft.server.log.appender.buffer.byte-limit = 33554432 (custom)
2019-10-03 19:53:36,147 [pool-129-thread-1] INFO  server.RaftServerConfigKeys (ConfUtils.java:logGet(43)) - raft.server.log.segment.size.max = 1048576 (custom)
2019-10-03 19:53:36,148 [pool-129-thread-1] INFO  server.RaftServerConfigKeys (ConfUtils.java:logGet(43)) - raft.server.log.segment.cache.num.max = 2 (custom)
2019-10-03 19:53:36,148 [pool-129-thread-1] INFO  segmented.SegmentedRaftLogWorker (SegmentedRaftLogWorker.java:<init>(173)) - new 85adb8d9-977a-449f-aaa1-6bf478ecc8b3@group-B2B2E88743C3-SegmentedRaftLogWorker for RaftStorage:Storage Directory /workdir/hadoop-ozone/integration-test/target/test-dir/MiniOzoneClusterImpl-77e39582-9142-4a55-b3af-cb33634f58da/datanode-1/data/ratis/1858a6d1-9719-4cda-9e38-b2b2e88743c3
2019-10-03 19:53:36,148 [pool-129-thread-1] INFO  server.RaftServerConfigKeys (ConfUtils.java:logGet(43)) - raft.server.log.queue.byte-limit = 2147483647 (custom)
2019-10-03 19:53:36,148 [pool-129-thread-1] INFO  server.RaftServerConfigKeys (ConfUtils.java:logGet(43)) - raft.server.log.queue.element-limit = 1024 (custom)
2019-10-03 19:53:36,148 [pool-129-thread-1] INFO  server.RaftServerConfigKeys (ConfUtils.java:logGet(43)) - raft.server.log.segment.size.max = 1048576 (custom)
2019-10-03 19:53:36,149 [pool-129-thread-1] INFO  server.RaftServerConfigKeys (ConfUtils.java:logGet(43)) - raft.server.log.preallocated.size = 16384 (custom)
2019-10-03 19:53:36,149 [pool-129-thread-1] INFO  server.RaftServerConfigKeys (ConfUtils.java:logGet(43)) - raft.server.log.write.buffer.size = 33554432 (custom)
2019-10-03 19:53:36,149 [pool-129-thread-1] INFO  server.RaftServerConfigKeys (ConfUtils.java:logGet(43)) - raft.server.log.force.sync.num = 128 (default)
2019-10-03 19:53:36,149 [pool-129-thread-1] INFO  server.RaftServerConfigKeys (ConfUtils.java:logGet(43)) - raft.server.log.statemachine.data.sync = true (default)
2019-10-03 19:53:36,149 [pool-129-thread-1] INFO  server.RaftServerConfigKeys (ConfUtils.java:logGet(43)) - raft.server.log.statemachine.data.sync.timeout = 10s (default)
2019-10-03 19:53:36,149 [pool-129-thread-1] INFO  server.RaftServerConfigKeys (ConfUtils.java:logGet(43)) - raft.server.log.statemachine.data.sync.timeout.retry = -1 (default)
2019-10-03 19:53:36,274 [pool-129-thread-1] INFO  server.RaftServerConfigKeys (ConfUtils.java:logGet(43)) - raft.server.log.statemachine.data.caching.enabled = true (custom)
2019-10-03 19:53:36,306 [pool-129-thread-1] INFO  segmented.SegmentedRaftLogWorker (SegmentedRaftLogWorker.java:lambda$new$0(128)) - 85adb8d9-977a-449f-aaa1-6bf478ecc8b3@group-B2B2E88743C3-SegmentedRaftLogWorker: flushIndex: setUnconditionally 0 -> -1
2019-10-03 19:53:36,317 [IPC Server handler 2 on 41106] INFO  net.NetworkTopology (NetworkTopologyImpl.java:add(111)) - Added a new node: /default-rack/0b18d462-2775-44df-b49b-86e097963cba
2019-10-03 19:53:36,317 [pool-129-thread-1] INFO  server.RaftServerConfigKeys (ConfUtils.java:logGet(43)) - raft.server.snapshot.auto.trigger.enabled = true (custom)
2019-10-03 19:53:36,317 [IPC Server handler 1 on 41106] INFO  net.NetworkTopology (NetworkTopologyImpl.java:add(111)) - Added a new node: /default-rack/eeae474c-c7bf-4f3c-8ade-79d32018334d
2019-10-03 19:53:36,320 [pool-129-thread-1] INFO  server.RaftServerConfigKeys (ConfUtils.java:logGet(43)) - raft.server.snapshot.auto.trigger.threshold = 10000 (custom)
2019-10-03 19:53:36,320 [IPC Server handler 2 on 41106] INFO  node.SCMNodeManager (SCMNodeManager.java:register(266)) - Registered Data node : 0b18d462-2775-44df-b49b-86e097963cba{ip: 192.168.164.206, host: pr-hdds-2240-9gllg-3097873054, networkLocation: /default-rack, certSerialId: null}
2019-10-03 19:53:36,320 [pool-129-thread-1] INFO  server.RaftServerConfigKeys (ConfUtils.java:logGet(43)) - raft.server.snapshot.retention.file.num = 5 (custom)
2019-10-03 19:53:36,320 [IPC Server handler 1 on 41106] INFO  node.SCMNodeManager (SCMNodeManager.java:register(266)) - Registered Data node : eeae474c-c7bf-4f3c-8ade-79d32018334d{ip: 192.168.164.206, host: pr-hdds-2240-9gllg-3097873054, networkLocation: /default-rack, certSerialId: null}
2019-10-03 19:53:36,320 [pool-129-thread-1] INFO  server.RaftServerConfigKeys (ConfUtils.java:logGet(43)) - raft.server.retrycache.expirytime = 600000ms (custom)
2019-10-03 19:53:36,322 [IPC Server handler 3 on 41106] INFO  net.NetworkTopology (NetworkTopologyImpl.java:add(111)) - Added a new node: /default-rack/3918dacb-7872-4a74-92dd-7adc0d59f863
2019-10-03 19:53:36,322 [IPC Server handler 3 on 41106] INFO  node.SCMNodeManager (SCMNodeManager.java:register(266)) - Registered Data node : 3918dacb-7872-4a74-92dd-7adc0d59f863{ip: 192.168.164.206, host: pr-hdds-2240-9gllg-3097873054, networkLocation: /default-rack, certSerialId: null}
2019-10-03 19:53:36,323 [pool-129-thread-1] INFO  impl.RaftServerImpl (RaftServerImpl.java:start(181)) - 85adb8d9-977a-449f-aaa1-6bf478ecc8b3@group-B2B2E88743C3: start as a follower, conf=-1: [85adb8d9-977a-449f-aaa1-6bf478ecc8b3:192.168.164.206:38347], old=null
2019-10-03 19:53:36,324 [pool-129-thread-1] INFO  impl.RaftServerImpl (RaftServerImpl.java:setRole(170)) - 85adb8d9-977a-449f-aaa1-6bf478ecc8b3@group-B2B2E88743C3: changes role from      null to FOLLOWER at term 0 for startAsFollower
2019-10-03 19:53:36,324 [pool-129-thread-1] INFO  impl.RoleInfo (RoleInfo.java:updateAndGet(143)) - 85adb8d9-977a-449f-aaa1-6bf478ecc8b3: start FollowerState
2019-10-03 19:53:36,324 [pool-129-thread-1] INFO  util.JmxRegister (JmxRegister.java:tryRegister(44)) - Successfully registered JMX Bean with object name Ratis:service=RaftServer,group=group-B2B2E88743C3,id=85adb8d9-977a-449f-aaa1-6bf478ecc8b3
2019-10-03 19:53:36,389 [RatisPipelineUtilsThread] INFO  pipeline.PipelineStateManager (PipelineStateManager.java:addPipeline(56)) - Created pipeline Pipeline[ Id: 1858a6d1-9719-4cda-9e38-b2b2e88743c3, Nodes: 85adb8d9-977a-449f-aaa1-6bf478ecc8b3{ip: 192.168.164.206, host: pr-hdds-2240-9gllg-3097873054, networkLocation: /default-rack, certSerialId: null}, Type:RATIS, Factor:ONE, State:OPEN]
2019-10-03 19:53:36,395 [grpc-default-executor-2] INFO  impl.RaftServerProxy (RaftServerProxy.java:addNew(89)) - 0b18d462-2775-44df-b49b-86e097963cba: addNew group-DB0DC77759EB:[0b18d462-2775-44df-b49b-86e097963cba:192.168.164.206:45649] returns group-DB0DC77759EB:java.util.concurrent.CompletableFuture@7b6aae4[Not completed]
2019-10-03 19:53:36,400 [pool-149-thread-1] INFO  impl.RaftServerImpl (RaftServerImpl.java:<init>(95)) - 0b18d462-2775-44df-b49b-86e097963cba: new RaftServerImpl for group-DB0DC77759EB:[0b18d462-2775-44df-b49b-86e097963cba:192.168.164.206:45649] with ContainerStateMachine:uninitialized
2019-10-03 19:53:36,400 [pool-149-thread-1] INFO  server.RaftServerConfigKeys (ConfUtils.java:logGet(43)) - raft.server.rpc.timeout.min = 5s (custom)
2019-10-03 19:53:36,401 [pool-149-thread-1] INFO  server.RaftServerConfigKeys (ConfUtils.java:logGet(43)) - raft.server.rpc.timeout.max = 5200ms (custom)
2019-10-03 19:53:36,401 [pool-149-thread-1] INFO  server.RaftServerConfigKeys (ConfUtils.java:logGet(43)) - raft.server.rpcslowness.timeout = 120s (custom)
2019-10-03 19:53:36,401 [pool-149-thread-1] INFO  server.RaftServerConfigKeys (ConfUtils.java:logGet(43)) - raft.server.sleep.deviation.threshold = 300 (default)
2019-10-03 19:53:36,401 [pool-149-thread-1] INFO  server.RaftServerConfigKeys (ConfUtils.java:logGet(43)) - raft.server.log.appender.install.snapshot.enabled = false (custom)
2019-10-03 19:53:36,401 [pool-149-thread-1] INFO  impl.RaftServerImpl (ServerState.java:<init>(103)) - 0b18d462-2775-44df-b49b-86e097963cba@group-DB0DC77759EB: ConfigurationManager, init=-1: [0b18d462-2775-44df-b49b-86e097963cba:192.168.164.206:45649], old=null, confs=<EMPTY_MAP>
2019-10-03 19:53:36,401 [pool-149-thread-1] INFO  server.RaftServerConfigKeys (ConfUtils.java:logGet(43)) - raft.server.storage.dir = [/workdir/hadoop-ozone/integration-test/target/test-dir/MiniOzoneClusterImpl-77e39582-9142-4a55-b3af-cb33634f58da/datanode-3/data/ratis] (custom)
2019-10-03 19:53:36,402 [pool-149-thread-1] INFO  server.RaftServerConfigKeys (ConfUtils.java:logGet(43)) - raft.server.log.corruption.policy = EXCEPTION (default)
2019-10-03 19:53:36,402 [pool-149-thread-1] INFO  storage.RaftStorageDirectory (RaftStorageDirectory.java:analyzeStorage(246)) - The storage directory /workdir/hadoop-ozone/integration-test/target/test-dir/MiniOzoneClusterImpl-77e39582-9142-4a55-b3af-cb33634f58da/datanode-3/data/ratis/b0f06820-9b2c-406b-91ca-db0dc77759eb does not exist. Creating ...
2019-10-03 19:53:36,407 [IPC Server handler 4 on 41106] INFO  net.NetworkTopology (NetworkTopologyImpl.java:add(111)) - Added a new node: /default-rack/8d51f233-9e6f-4432-8b34-aab0b8be1295
2019-10-03 19:53:36,407 [IPC Server handler 4 on 41106] INFO  node.SCMNodeManager (SCMNodeManager.java:register(266)) - Registered Data node : 8d51f233-9e6f-4432-8b34-aab0b8be1295{ip: 192.168.164.206, host: pr-hdds-2240-9gllg-3097873054, networkLocation: /default-rack, certSerialId: null}
2019-10-03 19:53:36,416 [pool-149-thread-1] INFO  storage.RaftStorageDirectory (RaftStorageDirectory.java:tryLock(328)) - Lock on /workdir/hadoop-ozone/integration-test/target/test-dir/MiniOzoneClusterImpl-77e39582-9142-4a55-b3af-cb33634f58da/datanode-3/data/ratis/b0f06820-9b2c-406b-91ca-db0dc77759eb/in_use.lock acquired by nodename 6385@pr-hdds-2240-9gllg-3097873054
2019-10-03 19:53:36,429 [pool-149-thread-1] INFO  storage.RaftStorage (RaftStorage.java:format(84)) - Storage directory /workdir/hadoop-ozone/integration-test/target/test-dir/MiniOzoneClusterImpl-77e39582-9142-4a55-b3af-cb33634f58da/datanode-3/data/ratis/b0f06820-9b2c-406b-91ca-db0dc77759eb has been successfully formatted.
2019-10-03 19:53:36,429 [pool-149-thread-1] INFO  ratis.ContainerStateMachine (ContainerStateMachine.java:loadSnapshot(230)) - group-DB0DC77759EB: The snapshot info is null. Setting the last applied indexto:(t:0, i:~)
2019-10-03 19:53:36,429 [pool-149-thread-1] INFO  server.RaftServerConfigKeys (ConfUtils.java:logGet(43)) - raft.server.notification.no-leader.timeout = 120s (custom)
2019-10-03 19:53:36,429 [pool-149-thread-1] INFO  server.RaftServerConfigKeys (ConfUtils.java:logGet(43)) - raft.server.log.use.memory = false (default)
2019-10-03 19:53:36,430 [pool-149-thread-1] INFO  server.RaftServerConfigKeys (ConfUtils.java:logGet(43)) - raft.server.log.purge.gap = 1000000 (custom)
2019-10-03 19:53:36,430 [pool-149-thread-1] INFO  server.RaftServerConfigKeys (ConfUtils.java:logGet(43)) - raft.server.log.appender.buffer.byte-limit = 33554432 (custom)
2019-10-03 19:53:36,430 [pool-149-thread-1] INFO  server.RaftServerConfigKeys (ConfUtils.java:logGet(43)) - raft.server.log.segment.size.max = 1048576 (custom)
2019-10-03 19:53:36,433 [pool-149-thread-1] INFO  server.RaftServerConfigKeys (ConfUtils.java:logGet(43)) - raft.server.log.segment.cache.num.max = 2 (custom)
2019-10-03 19:53:36,433 [pool-149-thread-1] INFO  segmented.SegmentedRaftLogWorker (SegmentedRaftLogWorker.java:<init>(173)) - new 0b18d462-2775-44df-b49b-86e097963cba@group-DB0DC77759EB-SegmentedRaftLogWorker for RaftStorage:Storage Directory /workdir/hadoop-ozone/integration-test/target/test-dir/MiniOzoneClusterImpl-77e39582-9142-4a55-b3af-cb33634f58da/datanode-3/data/ratis/b0f06820-9b2c-406b-91ca-db0dc77759eb
2019-10-03 19:53:36,433 [pool-149-thread-1] INFO  server.RaftServerConfigKeys (ConfUtils.java:logGet(43)) - raft.server.log.queue.byte-limit = 2147483647 (custom)
2019-10-03 19:53:36,433 [pool-149-thread-1] INFO  server.RaftServerConfigKeys (ConfUtils.java:logGet(43)) - raft.server.log.queue.element-limit = 1024 (custom)
2019-10-03 19:53:36,433 [pool-149-thread-1] INFO  server.RaftServerConfigKeys (ConfUtils.java:logGet(43)) - raft.server.log.segment.size.max = 1048576 (custom)
2019-10-03 19:53:36,433 [pool-149-thread-1] INFO  server.RaftServerConfigKeys (ConfUtils.java:logGet(43)) - raft.server.log.preallocated.size = 16384 (custom)
2019-10-03 19:53:36,434 [pool-149-thread-1] INFO  server.RaftServerConfigKeys (ConfUtils.java:logGet(43)) - raft.server.log.write.buffer.size = 33554432 (custom)
2019-10-03 19:53:36,434 [pool-149-thread-1] INFO  server.RaftServerConfigKeys (ConfUtils.java:logGet(43)) - raft.server.log.force.sync.num = 128 (default)
2019-10-03 19:53:36,434 [pool-149-thread-1] INFO  server.RaftServerConfigKeys (ConfUtils.java:logGet(43)) - raft.server.log.statemachine.data.sync = true (default)
2019-10-03 19:53:36,434 [pool-149-thread-1] INFO  server.RaftServerConfigKeys (ConfUtils.java:logGet(43)) - raft.server.log.statemachine.data.sync.timeout = 10s (default)
2019-10-03 19:53:36,434 [pool-149-thread-1] INFO  server.RaftServerConfigKeys (ConfUtils.java:logGet(43)) - raft.server.log.statemachine.data.sync.timeout.retry = -1 (default)
2019-10-03 19:53:36,435 [pool-149-thread-1] INFO  server.RaftServerConfigKeys (ConfUtils.java:logGet(43)) - raft.server.log.statemachine.data.caching.enabled = true (custom)
2019-10-03 19:53:36,435 [pool-149-thread-1] INFO  segmented.SegmentedRaftLogWorker (SegmentedRaftLogWorker.java:lambda$new$0(128)) - 0b18d462-2775-44df-b49b-86e097963cba@group-DB0DC77759EB-SegmentedRaftLogWorker: flushIndex: setUnconditionally 0 -> -1
2019-10-03 19:53:36,436 [pool-149-thread-1] INFO  server.RaftServerConfigKeys (ConfUtils.java:logGet(43)) - raft.server.snapshot.auto.trigger.enabled = true (custom)
2019-10-03 19:53:36,436 [pool-149-thread-1] INFO  server.RaftServerConfigKeys (ConfUtils.java:logGet(43)) - raft.server.snapshot.auto.trigger.threshold = 10000 (custom)
2019-10-03 19:53:36,436 [pool-149-thread-1] INFO  server.RaftServerConfigKeys (ConfUtils.java:logGet(43)) - raft.server.snapshot.retention.file.num = 5 (custom)
2019-10-03 19:53:36,436 [pool-149-thread-1] INFO  server.RaftServerConfigKeys (ConfUtils.java:logGet(43)) - raft.server.retrycache.expirytime = 600000ms (custom)
2019-10-03 19:53:36,439 [pool-149-thread-1] INFO  impl.RaftServerImpl (RaftServerImpl.java:start(181)) - 0b18d462-2775-44df-b49b-86e097963cba@group-DB0DC77759EB: start as a follower, conf=-1: [0b18d462-2775-44df-b49b-86e097963cba:192.168.164.206:45649], old=null
2019-10-03 19:53:36,439 [pool-149-thread-1] INFO  impl.RaftServerImpl (RaftServerImpl.java:setRole(170)) - 0b18d462-2775-44df-b49b-86e097963cba@group-DB0DC77759EB: changes role from      null to FOLLOWER at term 0 for startAsFollower
2019-10-03 19:53:36,439 [pool-149-thread-1] INFO  impl.RoleInfo (RoleInfo.java:updateAndGet(143)) - 0b18d462-2775-44df-b49b-86e097963cba: start FollowerState
2019-10-03 19:53:36,440 [pool-149-thread-1] INFO  util.JmxRegister (JmxRegister.java:tryRegister(44)) - Successfully registered JMX Bean with object name Ratis:service=RaftServer,group=group-DB0DC77759EB,id=0b18d462-2775-44df-b49b-86e097963cba
2019-10-03 19:53:36,444 [RatisPipelineUtilsThread] INFO  pipeline.PipelineStateManager (PipelineStateManager.java:addPipeline(56)) - Created pipeline Pipeline[ Id: b0f06820-9b2c-406b-91ca-db0dc77759eb, Nodes: 0b18d462-2775-44df-b49b-86e097963cba{ip: 192.168.164.206, host: pr-hdds-2240-9gllg-3097873054, networkLocation: /default-rack, certSerialId: null}, Type:RATIS, Factor:ONE, State:OPEN]
2019-10-03 19:53:36,451 [grpc-default-executor-2] INFO  impl.RaftServerProxy (RaftServerProxy.java:addNew(89)) - 8d51f233-9e6f-4432-8b34-aab0b8be1295: addNew group-8FC31F3EFCFD:[8d51f233-9e6f-4432-8b34-aab0b8be1295:192.168.164.206:45434] returns group-8FC31F3EFCFD:java.util.concurrent.CompletableFuture@163b4500[Not completed]
2019-10-03 19:53:36,457 [pool-169-thread-1] INFO  impl.RaftServerImpl (RaftServerImpl.java:<init>(95)) - 8d51f233-9e6f-4432-8b34-aab0b8be1295: new RaftServerImpl for group-8FC31F3EFCFD:[8d51f233-9e6f-4432-8b34-aab0b8be1295:192.168.164.206:45434] with ContainerStateMachine:uninitialized
2019-10-03 19:53:36,457 [pool-169-thread-1] INFO  server.RaftServerConfigKeys (ConfUtils.java:logGet(43)) - raft.server.rpc.timeout.min = 5s (custom)
2019-10-03 19:53:36,457 [pool-169-thread-1] INFO  server.RaftServerConfigKeys (ConfUtils.java:logGet(43)) - raft.server.rpc.timeout.max = 5200ms (custom)
2019-10-03 19:53:36,457 [pool-169-thread-1] INFO  server.RaftServerConfigKeys (ConfUtils.java:logGet(43)) - raft.server.rpcslowness.timeout = 120s (custom)
2019-10-03 19:53:36,457 [pool-169-thread-1] INFO  server.RaftServerConfigKeys (ConfUtils.java:logGet(43)) - raft.server.sleep.deviation.threshold = 300 (default)
2019-10-03 19:53:36,458 [pool-169-thread-1] INFO  server.RaftServerConfigKeys (ConfUtils.java:logGet(43)) - raft.server.log.appender.install.snapshot.enabled = false (custom)
2019-10-03 19:53:36,458 [pool-169-thread-1] INFO  impl.RaftServerImpl (ServerState.java:<init>(103)) - 8d51f233-9e6f-4432-8b34-aab0b8be1295@group-8FC31F3EFCFD: ConfigurationManager, init=-1: [8d51f233-9e6f-4432-8b34-aab0b8be1295:192.168.164.206:45434], old=null, confs=<EMPTY_MAP>
2019-10-03 19:53:36,458 [pool-169-thread-1] INFO  server.RaftServerConfigKeys (ConfUtils.java:logGet(43)) - raft.server.storage.dir = [/workdir/hadoop-ozone/integration-test/target/test-dir/MiniOzoneClusterImpl-77e39582-9142-4a55-b3af-cb33634f58da/datanode-5/data/ratis] (custom)
2019-10-03 19:53:36,458 [pool-169-thread-1] INFO  server.RaftServerConfigKeys (ConfUtils.java:logGet(43)) - raft.server.log.corruption.policy = EXCEPTION (default)
2019-10-03 19:53:36,458 [pool-169-thread-1] INFO  storage.RaftStorageDirectory (RaftStorageDirectory.java:analyzeStorage(246)) - The storage directory /workdir/hadoop-ozone/integration-test/target/test-dir/MiniOzoneClusterImpl-77e39582-9142-4a55-b3af-cb33634f58da/datanode-5/data/ratis/25bc8ef1-fb73-48aa-8f7e-8fc31f3efcfd does not exist. Creating ...
2019-10-03 19:53:36,470 [IPC Server handler 5 on 41106] INFO  net.NetworkTopology (NetworkTopologyImpl.java:add(111)) - Added a new node: /default-rack/4f3ebc35-d043-4b5d-bf0d-80fd96580666
2019-10-03 19:53:36,470 [IPC Server handler 5 on 41106] INFO  node.SCMNodeManager (SCMNodeManager.java:register(266)) - Registered Data node : 4f3ebc35-d043-4b5d-bf0d-80fd96580666{ip: 192.168.164.206, host: pr-hdds-2240-9gllg-3097873054, networkLocation: /default-rack, certSerialId: null}
2019-10-03 19:53:36,471 [pool-169-thread-1] INFO  storage.RaftStorageDirectory (RaftStorageDirectory.java:tryLock(328)) - Lock on /workdir/hadoop-ozone/integration-test/target/test-dir/MiniOzoneClusterImpl-77e39582-9142-4a55-b3af-cb33634f58da/datanode-5/data/ratis/25bc8ef1-fb73-48aa-8f7e-8fc31f3efcfd/in_use.lock acquired by nodename 6385@pr-hdds-2240-9gllg-3097873054
2019-10-03 19:53:36,471 [main] INFO  ozone.MiniOzoneClusterImpl (MiniOzoneClusterImpl.java:lambda$waitForClusterToBeReady$0(147)) - Cluster is ready. Got 7 of 7 DN Heartbeats.
2019-10-03 19:53:36,483 [pool-169-thread-1] INFO  storage.RaftStorage (RaftStorage.java:format(84)) - Storage directory /workdir/hadoop-ozone/integration-test/target/test-dir/MiniOzoneClusterImpl-77e39582-9142-4a55-b3af-cb33634f58da/datanode-5/data/ratis/25bc8ef1-fb73-48aa-8f7e-8fc31f3efcfd has been successfully formatted.
2019-10-03 19:53:36,485 [pool-169-thread-1] INFO  ratis.ContainerStateMachine (ContainerStateMachine.java:loadSnapshot(230)) - group-8FC31F3EFCFD: The snapshot info is null. Setting the last applied indexto:(t:0, i:~)
2019-10-03 19:53:36,485 [pool-169-thread-1] INFO  server.RaftServerConfigKeys (ConfUtils.java:logGet(43)) - raft.server.notification.no-leader.timeout = 120s (custom)
2019-10-03 19:53:36,485 [pool-169-thread-1] INFO  server.RaftServerConfigKeys (ConfUtils.java:logGet(43)) - raft.server.log.use.memory = false (default)
2019-10-03 19:53:36,486 [pool-169-thread-1] INFO  server.RaftServerConfigKeys (ConfUtils.java:logGet(43)) - raft.server.log.purge.gap = 1000000 (custom)
2019-10-03 19:53:36,486 [pool-169-thread-1] INFO  server.RaftServerConfigKeys (ConfUtils.java:logGet(43)) - raft.server.log.appender.buffer.byte-limit = 33554432 (custom)
2019-10-03 19:53:36,486 [pool-169-thread-1] INFO  server.RaftServerConfigKeys (ConfUtils.java:logGet(43)) - raft.server.log.segment.size.max = 1048576 (custom)
2019-10-03 19:53:36,500 [pool-169-thread-1] INFO  server.RaftServerConfigKeys (ConfUtils.java:logGet(43)) - raft.server.log.segment.cache.num.max = 2 (custom)
2019-10-03 19:53:36,501 [pool-169-thread-1] INFO  segmented.SegmentedRaftLogWorker (SegmentedRaftLogWorker.java:<init>(173)) - new 8d51f233-9e6f-4432-8b34-aab0b8be1295@group-8FC31F3EFCFD-SegmentedRaftLogWorker for RaftStorage:Storage Directory /workdir/hadoop-ozone/integration-test/target/test-dir/MiniOzoneClusterImpl-77e39582-9142-4a55-b3af-cb33634f58da/datanode-5/data/ratis/25bc8ef1-fb73-48aa-8f7e-8fc31f3efcfd
2019-10-03 19:53:36,501 [pool-169-thread-1] INFO  server.RaftServerConfigKeys (ConfUtils.java:logGet(43)) - raft.server.log.queue.byte-limit = 2147483647 (custom)
2019-10-03 19:53:36,501 [pool-169-thread-1] INFO  server.RaftServerConfigKeys (ConfUtils.java:logGet(43)) - raft.server.log.queue.element-limit = 1024 (custom)
2019-10-03 19:53:36,501 [pool-169-thread-1] INFO  server.RaftServerConfigKeys (ConfUtils.java:logGet(43)) - raft.server.log.segment.size.max = 1048576 (custom)
2019-10-03 19:53:36,501 [pool-169-thread-1] INFO  server.RaftServerConfigKeys (ConfUtils.java:logGet(43)) - raft.server.log.preallocated.size = 16384 (custom)
2019-10-03 19:53:36,501 [pool-169-thread-1] INFO  server.RaftServerConfigKeys (ConfUtils.java:logGet(43)) - raft.server.log.write.buffer.size = 33554432 (custom)
2019-10-03 19:53:36,501 [pool-169-thread-1] INFO  server.RaftServerConfigKeys (ConfUtils.java:logGet(43)) - raft.server.log.force.sync.num = 128 (default)
2019-10-03 19:53:36,501 [pool-169-thread-1] INFO  server.RaftServerConfigKeys (ConfUtils.java:logGet(43)) - raft.server.log.statemachine.data.sync = true (default)
2019-10-03 19:53:36,502 [pool-169-thread-1] INFO  server.RaftServerConfigKeys (ConfUtils.java:logGet(43)) - raft.server.log.statemachine.data.sync.timeout = 10s (default)
2019-10-03 19:53:36,502 [pool-169-thread-1] INFO  server.RaftServerConfigKeys (ConfUtils.java:logGet(43)) - raft.server.log.statemachine.data.sync.timeout.retry = -1 (default)
2019-10-03 19:53:36,502 [pool-169-thread-1] INFO  server.RaftServerConfigKeys (ConfUtils.java:logGet(43)) - raft.server.log.statemachine.data.caching.enabled = true (custom)
2019-10-03 19:53:36,502 [pool-169-thread-1] INFO  segmented.SegmentedRaftLogWorker (SegmentedRaftLogWorker.java:lambda$new$0(128)) - 8d51f233-9e6f-4432-8b34-aab0b8be1295@group-8FC31F3EFCFD-SegmentedRaftLogWorker: flushIndex: setUnconditionally 0 -> -1
2019-10-03 19:53:36,503 [pool-169-thread-1] INFO  server.RaftServerConfigKeys (ConfUtils.java:logGet(43)) - raft.server.snapshot.auto.trigger.enabled = true (custom)
2019-10-03 19:53:36,503 [pool-169-thread-1] INFO  server.RaftServerConfigKeys (ConfUtils.java:logGet(43)) - raft.server.snapshot.auto.trigger.threshold = 10000 (custom)
2019-10-03 19:53:36,503 [pool-169-thread-1] INFO  server.RaftServerConfigKeys (ConfUtils.java:logGet(43)) - raft.server.snapshot.retention.file.num = 5 (custom)
2019-10-03 19:53:36,503 [pool-169-thread-1] INFO  server.RaftServerConfigKeys (ConfUtils.java:logGet(43)) - raft.server.retrycache.expirytime = 600000ms (custom)
2019-10-03 19:53:36,507 [pool-169-thread-1] INFO  impl.RaftServerImpl (RaftServerImpl.java:start(181)) - 8d51f233-9e6f-4432-8b34-aab0b8be1295@group-8FC31F3EFCFD: start as a follower, conf=-1: [8d51f233-9e6f-4432-8b34-aab0b8be1295:192.168.164.206:45434], old=null
2019-10-03 19:53:36,507 [pool-169-thread-1] INFO  impl.RaftServerImpl (RaftServerImpl.java:setRole(170)) - 8d51f233-9e6f-4432-8b34-aab0b8be1295@group-8FC31F3EFCFD: changes role from      null to FOLLOWER at term 0 for startAsFollower
2019-10-03 19:53:36,507 [pool-169-thread-1] INFO  impl.RoleInfo (RoleInfo.java:updateAndGet(143)) - 8d51f233-9e6f-4432-8b34-aab0b8be1295: start FollowerState
2019-10-03 19:53:36,516 [pool-169-thread-1] INFO  util.JmxRegister (JmxRegister.java:tryRegister(44)) - Successfully registered JMX Bean with object name Ratis:service=RaftServer,group=group-8FC31F3EFCFD,id=8d51f233-9e6f-4432-8b34-aab0b8be1295
2019-10-03 19:53:36,517 [main] INFO  rpc.RpcClient (RpcClient.java:createVolume(277)) - Creating Volume: testblockoutputstreamwithretries, with jenkins1000 as owner.
2019-10-03 19:53:36,529 [IPC Server handler 3 on 36560] INFO  volume.OMVolumeCreateRequest (OMVolumeCreateRequest.java:validateAndUpdateCache(193)) - created volume:testblockoutputstreamwithretries for user:jenkins1000
2019-10-03 19:53:36,531 [RatisPipelineUtilsThread] INFO  pipeline.PipelineStateManager (PipelineStateManager.java:addPipeline(56)) - Created pipeline Pipeline[ Id: 25bc8ef1-fb73-48aa-8f7e-8fc31f3efcfd, Nodes: 8d51f233-9e6f-4432-8b34-aab0b8be1295{ip: 192.168.164.206, host: pr-hdds-2240-9gllg-3097873054, networkLocation: /default-rack, certSerialId: null}, Type:RATIS, Factor:ONE, State:OPEN]
2019-10-03 19:53:36,544 [main] INFO  rpc.RpcClient (RpcClient.java:createBucket(416)) - Creating Bucket: testblockoutputstreamwithretries/testblockoutputstreamwithretries, with Versioning false and Storage Type set to DISK and Encryption set to false 
2019-10-03 19:53:36,549 [grpc-default-executor-2] INFO  impl.RaftServerProxy (RaftServerProxy.java:addNew(89)) - eeae474c-c7bf-4f3c-8ade-79d32018334d: addNew group-BB1DD497D136:[eeae474c-c7bf-4f3c-8ade-79d32018334d:192.168.164.206:46683] returns group-BB1DD497D136:java.util.concurrent.CompletableFuture@1620c538[Not completed]
2019-10-03 19:53:36,557 [pool-139-thread-1] INFO  impl.RaftServerImpl (RaftServerImpl.java:<init>(95)) - eeae474c-c7bf-4f3c-8ade-79d32018334d: new RaftServerImpl for group-BB1DD497D136:[eeae474c-c7bf-4f3c-8ade-79d32018334d:192.168.164.206:46683] with ContainerStateMachine:uninitialized
2019-10-03 19:53:36,557 [pool-139-thread-1] INFO  server.RaftServerConfigKeys (ConfUtils.java:logGet(43)) - raft.server.rpc.timeout.min = 5s (custom)
2019-10-03 19:53:36,557 [pool-139-thread-1] INFO  server.RaftServerConfigKeys (ConfUtils.java:logGet(43)) - raft.server.rpc.timeout.max = 5200ms (custom)
2019-10-03 19:53:36,557 [pool-139-thread-1] INFO  server.RaftServerConfigKeys (ConfUtils.java:logGet(43)) - raft.server.rpcslowness.timeout = 120s (custom)
2019-10-03 19:53:36,558 [pool-139-thread-1] INFO  server.RaftServerConfigKeys (ConfUtils.java:logGet(43)) - raft.server.sleep.deviation.threshold = 300 (default)
2019-10-03 19:53:36,558 [pool-139-thread-1] INFO  server.RaftServerConfigKeys (ConfUtils.java:logGet(43)) - raft.server.log.appender.install.snapshot.enabled = false (custom)
2019-10-03 19:53:36,558 [pool-139-thread-1] INFO  impl.RaftServerImpl (ServerState.java:<init>(103)) - eeae474c-c7bf-4f3c-8ade-79d32018334d@group-BB1DD497D136: ConfigurationManager, init=-1: [eeae474c-c7bf-4f3c-8ade-79d32018334d:192.168.164.206:46683], old=null, confs=<EMPTY_MAP>
2019-10-03 19:53:36,558 [pool-139-thread-1] INFO  server.RaftServerConfigKeys (ConfUtils.java:logGet(43)) - raft.server.storage.dir = [/workdir/hadoop-ozone/integration-test/target/test-dir/MiniOzoneClusterImpl-77e39582-9142-4a55-b3af-cb33634f58da/datanode-2/data/ratis] (custom)
2019-10-03 19:53:36,558 [pool-139-thread-1] INFO  server.RaftServerConfigKeys (ConfUtils.java:logGet(43)) - raft.server.log.corruption.policy = EXCEPTION (default)
2019-10-03 19:53:36,559 [pool-139-thread-1] INFO  storage.RaftStorageDirectory (RaftStorageDirectory.java:analyzeStorage(246)) - The storage directory /workdir/hadoop-ozone/integration-test/target/test-dir/MiniOzoneClusterImpl-77e39582-9142-4a55-b3af-cb33634f58da/datanode-2/data/ratis/801258a5-6031-4c90-91ad-bb1dd497d136 does not exist. Creating ...
2019-10-03 19:53:36,572 [pool-139-thread-1] INFO  storage.RaftStorageDirectory (RaftStorageDirectory.java:tryLock(328)) - Lock on /workdir/hadoop-ozone/integration-test/target/test-dir/MiniOzoneClusterImpl-77e39582-9142-4a55-b3af-cb33634f58da/datanode-2/data/ratis/801258a5-6031-4c90-91ad-bb1dd497d136/in_use.lock acquired by nodename 6385@pr-hdds-2240-9gllg-3097873054
2019-10-03 19:53:36,585 [pool-139-thread-1] INFO  storage.RaftStorage (RaftStorage.java:format(84)) - Storage directory /workdir/hadoop-ozone/integration-test/target/test-dir/MiniOzoneClusterImpl-77e39582-9142-4a55-b3af-cb33634f58da/datanode-2/data/ratis/801258a5-6031-4c90-91ad-bb1dd497d136 has been successfully formatted.
2019-10-03 19:53:36,585 [pool-139-thread-1] INFO  ratis.ContainerStateMachine (ContainerStateMachine.java:loadSnapshot(230)) - group-BB1DD497D136: The snapshot info is null. Setting the last applied indexto:(t:0, i:~)
2019-10-03 19:53:36,585 [pool-139-thread-1] INFO  server.RaftServerConfigKeys (ConfUtils.java:logGet(43)) - raft.server.notification.no-leader.timeout = 120s (custom)
2019-10-03 19:53:36,585 [pool-139-thread-1] INFO  server.RaftServerConfigKeys (ConfUtils.java:logGet(43)) - raft.server.log.use.memory = false (default)
2019-10-03 19:53:36,585 [pool-139-thread-1] INFO  server.RaftServerConfigKeys (ConfUtils.java:logGet(43)) - raft.server.log.purge.gap = 1000000 (custom)
2019-10-03 19:53:36,586 [pool-139-thread-1] INFO  server.RaftServerConfigKeys (ConfUtils.java:logGet(43)) - raft.server.log.appender.buffer.byte-limit = 33554432 (custom)
2019-10-03 19:53:36,586 [pool-139-thread-1] INFO  server.RaftServerConfigKeys (ConfUtils.java:logGet(43)) - raft.server.log.segment.size.max = 1048576 (custom)
2019-10-03 19:53:36,588 [pool-139-thread-1] INFO  server.RaftServerConfigKeys (ConfUtils.java:logGet(43)) - raft.server.log.segment.cache.num.max = 2 (custom)
2019-10-03 19:53:36,589 [pool-139-thread-1] INFO  segmented.SegmentedRaftLogWorker (SegmentedRaftLogWorker.java:<init>(173)) - new eeae474c-c7bf-4f3c-8ade-79d32018334d@group-BB1DD497D136-SegmentedRaftLogWorker for RaftStorage:Storage Directory /workdir/hadoop-ozone/integration-test/target/test-dir/MiniOzoneClusterImpl-77e39582-9142-4a55-b3af-cb33634f58da/datanode-2/data/ratis/801258a5-6031-4c90-91ad-bb1dd497d136
2019-10-03 19:53:36,589 [pool-139-thread-1] INFO  server.RaftServerConfigKeys (ConfUtils.java:logGet(43)) - raft.server.log.queue.byte-limit = 2147483647 (custom)
2019-10-03 19:53:36,589 [pool-139-thread-1] INFO  server.RaftServerConfigKeys (ConfUtils.java:logGet(43)) - raft.server.log.queue.element-limit = 1024 (custom)
2019-10-03 19:53:36,589 [pool-139-thread-1] INFO  server.RaftServerConfigKeys (ConfUtils.java:logGet(43)) - raft.server.log.segment.size.max = 1048576 (custom)
2019-10-03 19:53:36,589 [pool-139-thread-1] INFO  server.RaftServerConfigKeys (ConfUtils.java:logGet(43)) - raft.server.log.preallocated.size = 16384 (custom)
2019-10-03 19:53:36,589 [pool-139-thread-1] INFO  server.RaftServerConfigKeys (ConfUtils.java:logGet(43)) - raft.server.log.write.buffer.size = 33554432 (custom)
2019-10-03 19:53:36,590 [pool-139-thread-1] INFO  server.RaftServerConfigKeys (ConfUtils.java:logGet(43)) - raft.server.log.force.sync.num = 128 (default)
2019-10-03 19:53:36,590 [pool-139-thread-1] INFO  server.RaftServerConfigKeys (ConfUtils.java:logGet(43)) - raft.server.log.statemachine.data.sync = true (default)
2019-10-03 19:53:36,590 [pool-139-thread-1] INFO  server.RaftServerConfigKeys (ConfUtils.java:logGet(43)) - raft.server.log.statemachine.data.sync.timeout = 10s (default)
2019-10-03 19:53:36,590 [pool-139-thread-1] INFO  server.RaftServerConfigKeys (ConfUtils.java:logGet(43)) - raft.server.log.statemachine.data.sync.timeout.retry = -1 (default)
2019-10-03 19:53:36,591 [pool-139-thread-1] INFO  server.RaftServerConfigKeys (ConfUtils.java:logGet(43)) - raft.server.log.statemachine.data.caching.enabled = true (custom)
2019-10-03 19:53:36,591 [pool-139-thread-1] INFO  segmented.SegmentedRaftLogWorker (SegmentedRaftLogWorker.java:lambda$new$0(128)) - eeae474c-c7bf-4f3c-8ade-79d32018334d@group-BB1DD497D136-SegmentedRaftLogWorker: flushIndex: setUnconditionally 0 -> -1
2019-10-03 19:53:36,591 [pool-139-thread-1] INFO  server.RaftServerConfigKeys (ConfUtils.java:logGet(43)) - raft.server.snapshot.auto.trigger.enabled = true (custom)
2019-10-03 19:53:36,591 [pool-139-thread-1] INFO  server.RaftServerConfigKeys (ConfUtils.java:logGet(43)) - raft.server.snapshot.auto.trigger.threshold = 10000 (custom)
2019-10-03 19:53:36,591 [pool-139-thread-1] INFO  server.RaftServerConfigKeys (ConfUtils.java:logGet(43)) - raft.server.snapshot.retention.file.num = 5 (custom)
2019-10-03 19:53:36,592 [pool-139-thread-1] INFO  server.RaftServerConfigKeys (ConfUtils.java:logGet(43)) - raft.server.retrycache.expirytime = 600000ms (custom)
2019-10-03 19:53:36,594 [pool-139-thread-1] INFO  impl.RaftServerImpl (RaftServerImpl.java:start(181)) - eeae474c-c7bf-4f3c-8ade-79d32018334d@group-BB1DD497D136: start as a follower, conf=-1: [eeae474c-c7bf-4f3c-8ade-79d32018334d:192.168.164.206:46683], old=null
2019-10-03 19:53:36,594 [pool-139-thread-1] INFO  impl.RaftServerImpl (RaftServerImpl.java:setRole(170)) - eeae474c-c7bf-4f3c-8ade-79d32018334d@group-BB1DD497D136: changes role from      null to FOLLOWER at term 0 for startAsFollower
2019-10-03 19:53:36,594 [pool-139-thread-1] INFO  impl.RoleInfo (RoleInfo.java:updateAndGet(143)) - eeae474c-c7bf-4f3c-8ade-79d32018334d: start FollowerState
2019-10-03 19:53:36,595 [pool-139-thread-1] INFO  util.JmxRegister (JmxRegister.java:tryRegister(44)) - Successfully registered JMX Bean with object name Ratis:service=RaftServer,group=group-BB1DD497D136,id=eeae474c-c7bf-4f3c-8ade-79d32018334d
2019-10-03 19:53:36,600 [RatisPipelineUtilsThread] INFO  pipeline.PipelineStateManager (PipelineStateManager.java:addPipeline(56)) - Created pipeline Pipeline[ Id: 801258a5-6031-4c90-91ad-bb1dd497d136, Nodes: eeae474c-c7bf-4f3c-8ade-79d32018334d{ip: 192.168.164.206, host: pr-hdds-2240-9gllg-3097873054, networkLocation: /default-rack, certSerialId: null}, Type:RATIS, Factor:ONE, State:OPEN]
2019-10-03 19:53:36,609 [grpc-default-executor-2] INFO  impl.RaftServerProxy (RaftServerProxy.java:addNew(89)) - 4f3ebc35-d043-4b5d-bf0d-80fd96580666: addNew group-F591AD459BB5:[4f3ebc35-d043-4b5d-bf0d-80fd96580666:192.168.164.206:44754] returns group-F591AD459BB5:java.util.concurrent.CompletableFuture@5fdc9803[Not completed]
2019-10-03 19:53:36,615 [pool-179-thread-1] INFO  impl.RaftServerImpl (RaftServerImpl.java:<init>(95)) - 4f3ebc35-d043-4b5d-bf0d-80fd96580666: new RaftServerImpl for group-F591AD459BB5:[4f3ebc35-d043-4b5d-bf0d-80fd96580666:192.168.164.206:44754] with ContainerStateMachine:uninitialized
2019-10-03 19:53:36,615 [pool-179-thread-1] INFO  server.RaftServerConfigKeys (ConfUtils.java:logGet(43)) - raft.server.rpc.timeout.min = 5s (custom)
2019-10-03 19:53:36,615 [pool-179-thread-1] INFO  server.RaftServerConfigKeys (ConfUtils.java:logGet(43)) - raft.server.rpc.timeout.max = 5200ms (custom)
2019-10-03 19:53:36,615 [pool-179-thread-1] INFO  server.RaftServerConfigKeys (ConfUtils.java:logGet(43)) - raft.server.rpcslowness.timeout = 120s (custom)
2019-10-03 19:53:36,615 [pool-179-thread-1] INFO  server.RaftServerConfigKeys (ConfUtils.java:logGet(43)) - raft.server.sleep.deviation.threshold = 300 (default)
2019-10-03 19:53:36,615 [pool-179-thread-1] INFO  server.RaftServerConfigKeys (ConfUtils.java:logGet(43)) - raft.server.log.appender.install.snapshot.enabled = false (custom)
2019-10-03 19:53:36,615 [pool-179-thread-1] INFO  impl.RaftServerImpl (ServerState.java:<init>(103)) - 4f3ebc35-d043-4b5d-bf0d-80fd96580666@group-F591AD459BB5: ConfigurationManager, init=-1: [4f3ebc35-d043-4b5d-bf0d-80fd96580666:192.168.164.206:44754], old=null, confs=<EMPTY_MAP>
2019-10-03 19:53:36,615 [pool-179-thread-1] INFO  server.RaftServerConfigKeys (ConfUtils.java:logGet(43)) - raft.server.storage.dir = [/workdir/hadoop-ozone/integration-test/target/test-dir/MiniOzoneClusterImpl-77e39582-9142-4a55-b3af-cb33634f58da/datanode-6/data/ratis] (custom)
2019-10-03 19:53:36,616 [pool-179-thread-1] INFO  server.RaftServerConfigKeys (ConfUtils.java:logGet(43)) - raft.server.log.corruption.policy = EXCEPTION (default)
2019-10-03 19:53:36,616 [pool-179-thread-1] INFO  storage.RaftStorageDirectory (RaftStorageDirectory.java:analyzeStorage(246)) - The storage directory /workdir/hadoop-ozone/integration-test/target/test-dir/MiniOzoneClusterImpl-77e39582-9142-4a55-b3af-cb33634f58da/datanode-6/data/ratis/4c0b697f-1cbb-4b4a-a917-f591ad459bb5 does not exist. Creating ...
2019-10-03 19:53:36,628 [pool-179-thread-1] INFO  storage.RaftStorageDirectory (RaftStorageDirectory.java:tryLock(328)) - Lock on /workdir/hadoop-ozone/integration-test/target/test-dir/MiniOzoneClusterImpl-77e39582-9142-4a55-b3af-cb33634f58da/datanode-6/data/ratis/4c0b697f-1cbb-4b4a-a917-f591ad459bb5/in_use.lock acquired by nodename 6385@pr-hdds-2240-9gllg-3097873054
2019-10-03 19:53:36,641 [pool-179-thread-1] INFO  storage.RaftStorage (RaftStorage.java:format(84)) - Storage directory /workdir/hadoop-ozone/integration-test/target/test-dir/MiniOzoneClusterImpl-77e39582-9142-4a55-b3af-cb33634f58da/datanode-6/data/ratis/4c0b697f-1cbb-4b4a-a917-f591ad459bb5 has been successfully formatted.
2019-10-03 19:53:36,641 [pool-179-thread-1] INFO  ratis.ContainerStateMachine (ContainerStateMachine.java:loadSnapshot(230)) - group-F591AD459BB5: The snapshot info is null. Setting the last applied indexto:(t:0, i:~)
2019-10-03 19:53:36,641 [pool-179-thread-1] INFO  server.RaftServerConfigKeys (ConfUtils.java:logGet(43)) - raft.server.notification.no-leader.timeout = 120s (custom)
2019-10-03 19:53:36,641 [pool-179-thread-1] INFO  server.RaftServerConfigKeys (ConfUtils.java:logGet(43)) - raft.server.log.use.memory = false (default)
2019-10-03 19:53:36,641 [pool-179-thread-1] INFO  server.RaftServerConfigKeys (ConfUtils.java:logGet(43)) - raft.server.log.purge.gap = 1000000 (custom)
2019-10-03 19:53:36,641 [pool-179-thread-1] INFO  server.RaftServerConfigKeys (ConfUtils.java:logGet(43)) - raft.server.log.appender.buffer.byte-limit = 33554432 (custom)
2019-10-03 19:53:36,642 [pool-179-thread-1] INFO  server.RaftServerConfigKeys (ConfUtils.java:logGet(43)) - raft.server.log.segment.size.max = 1048576 (custom)
2019-10-03 19:53:36,643 [pool-179-thread-1] INFO  server.RaftServerConfigKeys (ConfUtils.java:logGet(43)) - raft.server.log.segment.cache.num.max = 2 (custom)
2019-10-03 19:53:36,643 [pool-179-thread-1] INFO  segmented.SegmentedRaftLogWorker (SegmentedRaftLogWorker.java:<init>(173)) - new 4f3ebc35-d043-4b5d-bf0d-80fd96580666@group-F591AD459BB5-SegmentedRaftLogWorker for RaftStorage:Storage Directory /workdir/hadoop-ozone/integration-test/target/test-dir/MiniOzoneClusterImpl-77e39582-9142-4a55-b3af-cb33634f58da/datanode-6/data/ratis/4c0b697f-1cbb-4b4a-a917-f591ad459bb5
2019-10-03 19:53:36,643 [pool-179-thread-1] INFO  server.RaftServerConfigKeys (ConfUtils.java:logGet(43)) - raft.server.log.queue.byte-limit = 2147483647 (custom)
2019-10-03 19:53:36,643 [pool-179-thread-1] INFO  server.RaftServerConfigKeys (ConfUtils.java:logGet(43)) - raft.server.log.queue.element-limit = 1024 (custom)
2019-10-03 19:53:36,643 [pool-179-thread-1] INFO  server.RaftServerConfigKeys (ConfUtils.java:logGet(43)) - raft.server.log.segment.size.max = 1048576 (custom)
2019-10-03 19:53:36,644 [pool-179-thread-1] INFO  server.RaftServerConfigKeys (ConfUtils.java:logGet(43)) - raft.server.log.preallocated.size = 16384 (custom)
2019-10-03 19:53:36,644 [pool-179-thread-1] INFO  server.RaftServerConfigKeys (ConfUtils.java:logGet(43)) - raft.server.log.write.buffer.size = 33554432 (custom)
2019-10-03 19:53:36,644 [pool-179-thread-1] INFO  server.RaftServerConfigKeys (ConfUtils.java:logGet(43)) - raft.server.log.force.sync.num = 128 (default)
2019-10-03 19:53:36,644 [pool-179-thread-1] INFO  server.RaftServerConfigKeys (ConfUtils.java:logGet(43)) - raft.server.log.statemachine.data.sync = true (default)
2019-10-03 19:53:36,644 [pool-179-thread-1] INFO  server.RaftServerConfigKeys (ConfUtils.java:logGet(43)) - raft.server.log.statemachine.data.sync.timeout = 10s (default)
2019-10-03 19:53:36,644 [pool-179-thread-1] INFO  server.RaftServerConfigKeys (ConfUtils.java:logGet(43)) - raft.server.log.statemachine.data.sync.timeout.retry = -1 (default)
2019-10-03 19:53:36,644 [pool-179-thread-1] INFO  server.RaftServerConfigKeys (ConfUtils.java:logGet(43)) - raft.server.log.statemachine.data.caching.enabled = true (custom)
2019-10-03 19:53:36,645 [pool-179-thread-1] INFO  segmented.SegmentedRaftLogWorker (SegmentedRaftLogWorker.java:lambda$new$0(128)) - 4f3ebc35-d043-4b5d-bf0d-80fd96580666@group-F591AD459BB5-SegmentedRaftLogWorker: flushIndex: setUnconditionally 0 -> -1
2019-10-03 19:53:36,645 [pool-179-thread-1] INFO  server.RaftServerConfigKeys (ConfUtils.java:logGet(43)) - raft.server.snapshot.auto.trigger.enabled = true (custom)
2019-10-03 19:53:36,645 [pool-179-thread-1] INFO  server.RaftServerConfigKeys (ConfUtils.java:logGet(43)) - raft.server.snapshot.auto.trigger.threshold = 10000 (custom)
2019-10-03 19:53:36,645 [pool-179-thread-1] INFO  server.RaftServerConfigKeys (ConfUtils.java:logGet(43)) - raft.server.snapshot.retention.file.num = 5 (custom)
2019-10-03 19:53:36,645 [pool-179-thread-1] INFO  server.RaftServerConfigKeys (ConfUtils.java:logGet(43)) - raft.server.retrycache.expirytime = 600000ms (custom)
2019-10-03 19:53:36,647 [pool-179-thread-1] INFO  impl.RaftServerImpl (RaftServerImpl.java:start(181)) - 4f3ebc35-d043-4b5d-bf0d-80fd96580666@group-F591AD459BB5: start as a follower, conf=-1: [4f3ebc35-d043-4b5d-bf0d-80fd96580666:192.168.164.206:44754], old=null
2019-10-03 19:53:36,647 [pool-179-thread-1] INFO  impl.RaftServerImpl (RaftServerImpl.java:setRole(170)) - 4f3ebc35-d043-4b5d-bf0d-80fd96580666@group-F591AD459BB5: changes role from      null to FOLLOWER at term 0 for startAsFollower
2019-10-03 19:53:36,647 [pool-179-thread-1] INFO  impl.RoleInfo (RoleInfo.java:updateAndGet(143)) - 4f3ebc35-d043-4b5d-bf0d-80fd96580666: start FollowerState
2019-10-03 19:53:36,647 [pool-179-thread-1] INFO  util.JmxRegister (JmxRegister.java:tryRegister(44)) - Successfully registered JMX Bean with object name Ratis:service=RaftServer,group=group-F591AD459BB5,id=4f3ebc35-d043-4b5d-bf0d-80fd96580666
2019-10-03 19:53:36,653 [RatisPipelineUtilsThread] INFO  pipeline.PipelineStateManager (PipelineStateManager.java:addPipeline(56)) - Created pipeline Pipeline[ Id: 4c0b697f-1cbb-4b4a-a917-f591ad459bb5, Nodes: 4f3ebc35-d043-4b5d-bf0d-80fd96580666{ip: 192.168.164.206, host: pr-hdds-2240-9gllg-3097873054, networkLocation: /default-rack, certSerialId: null}, Type:RATIS, Factor:ONE, State:OPEN]
2019-10-03 19:53:36,669 [grpc-default-executor-2] INFO  impl.RaftServerProxy (RaftServerProxy.java:addNew(89)) - 3918dacb-7872-4a74-92dd-7adc0d59f863: addNew group-7025DF518C71:[3918dacb-7872-4a74-92dd-7adc0d59f863:192.168.164.206:38515] returns group-7025DF518C71:java.util.concurrent.CompletableFuture@691f157f[Not completed]
2019-10-03 19:53:36,675 [pool-159-thread-1] INFO  impl.RaftServerImpl (RaftServerImpl.java:<init>(95)) - 3918dacb-7872-4a74-92dd-7adc0d59f863: new RaftServerImpl for group-7025DF518C71:[3918dacb-7872-4a74-92dd-7adc0d59f863:192.168.164.206:38515] with ContainerStateMachine:uninitialized
2019-10-03 19:53:36,676 [pool-159-thread-1] INFO  server.RaftServerConfigKeys (ConfUtils.java:logGet(43)) - raft.server.rpc.timeout.min = 5s (custom)
2019-10-03 19:53:36,676 [pool-159-thread-1] INFO  server.RaftServerConfigKeys (ConfUtils.java:logGet(43)) - raft.server.rpc.timeout.max = 5200ms (custom)
2019-10-03 19:53:36,676 [pool-159-thread-1] INFO  server.RaftServerConfigKeys (ConfUtils.java:logGet(43)) - raft.server.rpcslowness.timeout = 120s (custom)
2019-10-03 19:53:36,676 [pool-159-thread-1] INFO  server.RaftServerConfigKeys (ConfUtils.java:logGet(43)) - raft.server.sleep.deviation.threshold = 300 (default)
2019-10-03 19:53:36,676 [pool-159-thread-1] INFO  server.RaftServerConfigKeys (ConfUtils.java:logGet(43)) - raft.server.log.appender.install.snapshot.enabled = false (custom)
2019-10-03 19:53:36,677 [pool-159-thread-1] INFO  impl.RaftServerImpl (ServerState.java:<init>(103)) - 3918dacb-7872-4a74-92dd-7adc0d59f863@group-7025DF518C71: ConfigurationManager, init=-1: [3918dacb-7872-4a74-92dd-7adc0d59f863:192.168.164.206:38515], old=null, confs=<EMPTY_MAP>
2019-10-03 19:53:36,677 [pool-159-thread-1] INFO  server.RaftServerConfigKeys (ConfUtils.java:logGet(43)) - raft.server.storage.dir = [/workdir/hadoop-ozone/integration-test/target/test-dir/MiniOzoneClusterImpl-77e39582-9142-4a55-b3af-cb33634f58da/datanode-4/data/ratis] (custom)
2019-10-03 19:53:36,677 [pool-159-thread-1] INFO  server.RaftServerConfigKeys (ConfUtils.java:logGet(43)) - raft.server.log.corruption.policy = EXCEPTION (default)
2019-10-03 19:53:36,678 [pool-159-thread-1] INFO  storage.RaftStorageDirectory (RaftStorageDirectory.java:analyzeStorage(246)) - The storage directory /workdir/hadoop-ozone/integration-test/target/test-dir/MiniOzoneClusterImpl-77e39582-9142-4a55-b3af-cb33634f58da/datanode-4/data/ratis/0688ff70-22c6-4eb3-b565-7025df518c71 does not exist. Creating ...
2019-10-03 19:53:36,716 [pool-159-thread-1] INFO  storage.RaftStorageDirectory (RaftStorageDirectory.java:tryLock(328)) - Lock on /workdir/hadoop-ozone/integration-test/target/test-dir/MiniOzoneClusterImpl-77e39582-9142-4a55-b3af-cb33634f58da/datanode-4/data/ratis/0688ff70-22c6-4eb3-b565-7025df518c71/in_use.lock acquired by nodename 6385@pr-hdds-2240-9gllg-3097873054
2019-10-03 19:53:36,729 [pool-159-thread-1] INFO  storage.RaftStorage (RaftStorage.java:format(84)) - Storage directory /workdir/hadoop-ozone/integration-test/target/test-dir/MiniOzoneClusterImpl-77e39582-9142-4a55-b3af-cb33634f58da/datanode-4/data/ratis/0688ff70-22c6-4eb3-b565-7025df518c71 has been successfully formatted.
2019-10-03 19:53:36,730 [pool-159-thread-1] INFO  ratis.ContainerStateMachine (ContainerStateMachine.java:loadSnapshot(230)) - group-7025DF518C71: The snapshot info is null. Setting the last applied indexto:(t:0, i:~)
2019-10-03 19:53:36,730 [pool-159-thread-1] INFO  server.RaftServerConfigKeys (ConfUtils.java:logGet(43)) - raft.server.notification.no-leader.timeout = 120s (custom)
2019-10-03 19:53:36,730 [pool-159-thread-1] INFO  server.RaftServerConfigKeys (ConfUtils.java:logGet(43)) - raft.server.log.use.memory = false (default)
2019-10-03 19:53:36,730 [pool-159-thread-1] INFO  server.RaftServerConfigKeys (ConfUtils.java:logGet(43)) - raft.server.log.purge.gap = 1000000 (custom)
2019-10-03 19:53:36,730 [pool-159-thread-1] INFO  server.RaftServerConfigKeys (ConfUtils.java:logGet(43)) - raft.server.log.appender.buffer.byte-limit = 33554432 (custom)
2019-10-03 19:53:36,731 [pool-159-thread-1] INFO  server.RaftServerConfigKeys (ConfUtils.java:logGet(43)) - raft.server.log.segment.size.max = 1048576 (custom)
2019-10-03 19:53:36,734 [pool-159-thread-1] INFO  server.RaftServerConfigKeys (ConfUtils.java:logGet(43)) - raft.server.log.segment.cache.num.max = 2 (custom)
2019-10-03 19:53:36,734 [pool-159-thread-1] INFO  segmented.SegmentedRaftLogWorker (SegmentedRaftLogWorker.java:<init>(173)) - new 3918dacb-7872-4a74-92dd-7adc0d59f863@group-7025DF518C71-SegmentedRaftLogWorker for RaftStorage:Storage Directory /workdir/hadoop-ozone/integration-test/target/test-dir/MiniOzoneClusterImpl-77e39582-9142-4a55-b3af-cb33634f58da/datanode-4/data/ratis/0688ff70-22c6-4eb3-b565-7025df518c71
2019-10-03 19:53:36,734 [pool-159-thread-1] INFO  server.RaftServerConfigKeys (ConfUtils.java:logGet(43)) - raft.server.log.queue.byte-limit = 2147483647 (custom)
2019-10-03 19:53:36,735 [pool-159-thread-1] INFO  server.RaftServerConfigKeys (ConfUtils.java:logGet(43)) - raft.server.log.queue.element-limit = 1024 (custom)
2019-10-03 19:53:36,735 [pool-159-thread-1] INFO  server.RaftServerConfigKeys (ConfUtils.java:logGet(43)) - raft.server.log.segment.size.max = 1048576 (custom)
2019-10-03 19:53:36,735 [pool-159-thread-1] INFO  server.RaftServerConfigKeys (ConfUtils.java:logGet(43)) - raft.server.log.preallocated.size = 16384 (custom)
2019-10-03 19:53:36,735 [pool-159-thread-1] INFO  server.RaftServerConfigKeys (ConfUtils.java:logGet(43)) - raft.server.log.write.buffer.size = 33554432 (custom)
2019-10-03 19:53:36,735 [pool-159-thread-1] INFO  server.RaftServerConfigKeys (ConfUtils.java:logGet(43)) - raft.server.log.force.sync.num = 128 (default)
2019-10-03 19:53:36,736 [pool-159-thread-1] INFO  server.RaftServerConfigKeys (ConfUtils.java:logGet(43)) - raft.server.log.statemachine.data.sync = true (default)
2019-10-03 19:53:36,736 [pool-159-thread-1] INFO  server.RaftServerConfigKeys (ConfUtils.java:logGet(43)) - raft.server.log.statemachine.data.sync.timeout = 10s (default)
2019-10-03 19:53:36,736 [pool-159-thread-1] INFO  server.RaftServerConfigKeys (ConfUtils.java:logGet(43)) - raft.server.log.statemachine.data.sync.timeout.retry = -1 (default)
2019-10-03 19:53:36,737 [pool-159-thread-1] INFO  server.RaftServerConfigKeys (ConfUtils.java:logGet(43)) - raft.server.log.statemachine.data.caching.enabled = true (custom)
2019-10-03 19:53:36,737 [pool-159-thread-1] INFO  segmented.SegmentedRaftLogWorker (SegmentedRaftLogWorker.java:lambda$new$0(128)) - 3918dacb-7872-4a74-92dd-7adc0d59f863@group-7025DF518C71-SegmentedRaftLogWorker: flushIndex: setUnconditionally 0 -> -1
2019-10-03 19:53:36,738 [pool-159-thread-1] INFO  server.RaftServerConfigKeys (ConfUtils.java:logGet(43)) - raft.server.snapshot.auto.trigger.enabled = true (custom)
2019-10-03 19:53:36,738 [pool-159-thread-1] INFO  server.RaftServerConfigKeys (ConfUtils.java:logGet(43)) - raft.server.snapshot.auto.trigger.threshold = 10000 (custom)
2019-10-03 19:53:36,738 [pool-159-thread-1] INFO  server.RaftServerConfigKeys (ConfUtils.java:logGet(43)) - raft.server.snapshot.retention.file.num = 5 (custom)
2019-10-03 19:53:36,738 [pool-159-thread-1] INFO  server.RaftServerConfigKeys (ConfUtils.java:logGet(43)) - raft.server.retrycache.expirytime = 600000ms (custom)
2019-10-03 19:53:36,741 [pool-159-thread-1] INFO  impl.RaftServerImpl (RaftServerImpl.java:start(181)) - 3918dacb-7872-4a74-92dd-7adc0d59f863@group-7025DF518C71: start as a follower, conf=-1: [3918dacb-7872-4a74-92dd-7adc0d59f863:192.168.164.206:38515], old=null
2019-10-03 19:53:36,742 [pool-159-thread-1] INFO  impl.RaftServerImpl (RaftServerImpl.java:setRole(170)) - 3918dacb-7872-4a74-92dd-7adc0d59f863@group-7025DF518C71: changes role from      null to FOLLOWER at term 0 for startAsFollower
2019-10-03 19:53:36,742 [pool-159-thread-1] INFO  impl.RoleInfo (RoleInfo.java:updateAndGet(143)) - 3918dacb-7872-4a74-92dd-7adc0d59f863: start FollowerState
2019-10-03 19:53:36,742 [pool-159-thread-1] INFO  util.JmxRegister (JmxRegister.java:tryRegister(44)) - Successfully registered JMX Bean with object name Ratis:service=RaftServer,group=group-7025DF518C71,id=3918dacb-7872-4a74-92dd-7adc0d59f863
2019-10-03 19:53:36,748 [RatisPipelineUtilsThread] INFO  pipeline.PipelineStateManager (PipelineStateManager.java:addPipeline(56)) - Created pipeline Pipeline[ Id: 0688ff70-22c6-4eb3-b565-7025df518c71, Nodes: 3918dacb-7872-4a74-92dd-7adc0d59f863{ip: 192.168.164.206, host: pr-hdds-2240-9gllg-3097873054, networkLocation: /default-rack, certSerialId: null}, Type:RATIS, Factor:ONE, State:OPEN]
2019-10-03 19:53:36,768 [grpc-default-executor-5] INFO  impl.RaftServerProxy (RaftServerProxy.java:addNew(89)) - eeae474c-c7bf-4f3c-8ade-79d32018334d: addNew group-50E2D793402D:[8d51f233-9e6f-4432-8b34-aab0b8be1295:192.168.164.206:45434, 0b18d462-2775-44df-b49b-86e097963cba:192.168.164.206:45649, eeae474c-c7bf-4f3c-8ade-79d32018334d:192.168.164.206:46683] returns group-50E2D793402D:java.util.concurrent.CompletableFuture@b00674d[Not completed]
2019-10-03 19:53:36,768 [grpc-default-executor-0] INFO  impl.RaftServerProxy (RaftServerProxy.java:addNew(89)) - 0b18d462-2775-44df-b49b-86e097963cba: addNew group-50E2D793402D:[8d51f233-9e6f-4432-8b34-aab0b8be1295:192.168.164.206:45434, 0b18d462-2775-44df-b49b-86e097963cba:192.168.164.206:45649, eeae474c-c7bf-4f3c-8ade-79d32018334d:192.168.164.206:46683] returns group-50E2D793402D:java.util.concurrent.CompletableFuture@474fd6b5[Not completed]
2019-10-03 19:53:36,769 [grpc-default-executor-2] INFO  impl.RaftServerProxy (RaftServerProxy.java:addNew(89)) - 8d51f233-9e6f-4432-8b34-aab0b8be1295: addNew group-50E2D793402D:[8d51f233-9e6f-4432-8b34-aab0b8be1295:192.168.164.206:45434, 0b18d462-2775-44df-b49b-86e097963cba:192.168.164.206:45649, eeae474c-c7bf-4f3c-8ade-79d32018334d:192.168.164.206:46683] returns group-50E2D793402D:java.util.concurrent.CompletableFuture@31e012fa[Not completed]
2019-10-03 19:53:36,771 [pool-139-thread-1] INFO  impl.RaftServerImpl (RaftServerImpl.java:<init>(95)) - eeae474c-c7bf-4f3c-8ade-79d32018334d: new RaftServerImpl for group-50E2D793402D:[8d51f233-9e6f-4432-8b34-aab0b8be1295:192.168.164.206:45434, 0b18d462-2775-44df-b49b-86e097963cba:192.168.164.206:45649, eeae474c-c7bf-4f3c-8ade-79d32018334d:192.168.164.206:46683] with ContainerStateMachine:uninitialized
2019-10-03 19:53:36,771 [pool-139-thread-1] INFO  server.RaftServerConfigKeys (ConfUtils.java:logGet(43)) - raft.server.rpc.timeout.min = 5s (custom)
2019-10-03 19:53:36,771 [pool-139-thread-1] INFO  server.RaftServerConfigKeys (ConfUtils.java:logGet(43)) - raft.server.rpc.timeout.max = 5200ms (custom)
2019-10-03 19:53:36,771 [pool-139-thread-1] INFO  server.RaftServerConfigKeys (ConfUtils.java:logGet(43)) - raft.server.rpcslowness.timeout = 120s (custom)
2019-10-03 19:53:36,771 [pool-139-thread-1] INFO  server.RaftServerConfigKeys (ConfUtils.java:logGet(43)) - raft.server.sleep.deviation.threshold = 300 (default)
2019-10-03 19:53:36,771 [pool-169-thread-1] INFO  impl.RaftServerImpl (RaftServerImpl.java:<init>(95)) - 8d51f233-9e6f-4432-8b34-aab0b8be1295: new RaftServerImpl for group-50E2D793402D:[8d51f233-9e6f-4432-8b34-aab0b8be1295:192.168.164.206:45434, 0b18d462-2775-44df-b49b-86e097963cba:192.168.164.206:45649, eeae474c-c7bf-4f3c-8ade-79d32018334d:192.168.164.206:46683] with ContainerStateMachine:uninitialized
2019-10-03 19:53:36,772 [pool-139-thread-1] INFO  server.RaftServerConfigKeys (ConfUtils.java:logGet(43)) - raft.server.log.appender.install.snapshot.enabled = false (custom)
2019-10-03 19:53:36,772 [pool-169-thread-1] INFO  server.RaftServerConfigKeys (ConfUtils.java:logGet(43)) - raft.server.rpc.timeout.min = 5s (custom)
2019-10-03 19:53:36,772 [pool-139-thread-1] INFO  impl.RaftServerImpl (ServerState.java:<init>(103)) - eeae474c-c7bf-4f3c-8ade-79d32018334d@group-50E2D793402D: ConfigurationManager, init=-1: [8d51f233-9e6f-4432-8b34-aab0b8be1295:192.168.164.206:45434, 0b18d462-2775-44df-b49b-86e097963cba:192.168.164.206:45649, eeae474c-c7bf-4f3c-8ade-79d32018334d:192.168.164.206:46683], old=null, confs=<EMPTY_MAP>
2019-10-03 19:53:36,772 [pool-169-thread-1] INFO  server.RaftServerConfigKeys (ConfUtils.java:logGet(43)) - raft.server.rpc.timeout.max = 5200ms (custom)
2019-10-03 19:53:36,772 [pool-139-thread-1] INFO  server.RaftServerConfigKeys (ConfUtils.java:logGet(43)) - raft.server.storage.dir = [/workdir/hadoop-ozone/integration-test/target/test-dir/MiniOzoneClusterImpl-77e39582-9142-4a55-b3af-cb33634f58da/datanode-2/data/ratis] (custom)
2019-10-03 19:53:36,772 [pool-169-thread-1] INFO  server.RaftServerConfigKeys (ConfUtils.java:logGet(43)) - raft.server.rpcslowness.timeout = 120s (custom)
2019-10-03 19:53:36,773 [pool-169-thread-1] INFO  server.RaftServerConfigKeys (ConfUtils.java:logGet(43)) - raft.server.sleep.deviation.threshold = 300 (default)
2019-10-03 19:53:36,773 [pool-139-thread-1] INFO  server.RaftServerConfigKeys (ConfUtils.java:logGet(43)) - raft.server.log.corruption.policy = EXCEPTION (default)
2019-10-03 19:53:36,773 [pool-169-thread-1] INFO  server.RaftServerConfigKeys (ConfUtils.java:logGet(43)) - raft.server.log.appender.install.snapshot.enabled = false (custom)
2019-10-03 19:53:36,773 [pool-139-thread-1] INFO  storage.RaftStorageDirectory (RaftStorageDirectory.java:analyzeStorage(246)) - The storage directory /workdir/hadoop-ozone/integration-test/target/test-dir/MiniOzoneClusterImpl-77e39582-9142-4a55-b3af-cb33634f58da/datanode-2/data/ratis/6025135a-9d7a-4e68-908f-50e2d793402d does not exist. Creating ...
2019-10-03 19:53:36,773 [pool-149-thread-1] INFO  impl.RaftServerImpl (RaftServerImpl.java:<init>(95)) - 0b18d462-2775-44df-b49b-86e097963cba: new RaftServerImpl for group-50E2D793402D:[8d51f233-9e6f-4432-8b34-aab0b8be1295:192.168.164.206:45434, 0b18d462-2775-44df-b49b-86e097963cba:192.168.164.206:45649, eeae474c-c7bf-4f3c-8ade-79d32018334d:192.168.164.206:46683] with ContainerStateMachine:uninitialized
2019-10-03 19:53:36,773 [pool-169-thread-1] INFO  impl.RaftServerImpl (ServerState.java:<init>(103)) - 8d51f233-9e6f-4432-8b34-aab0b8be1295@group-50E2D793402D: ConfigurationManager, init=-1: [8d51f233-9e6f-4432-8b34-aab0b8be1295:192.168.164.206:45434, 0b18d462-2775-44df-b49b-86e097963cba:192.168.164.206:45649, eeae474c-c7bf-4f3c-8ade-79d32018334d:192.168.164.206:46683], old=null, confs=<EMPTY_MAP>
2019-10-03 19:53:36,774 [pool-149-thread-1] INFO  server.RaftServerConfigKeys (ConfUtils.java:logGet(43)) - raft.server.rpc.timeout.min = 5s (custom)
2019-10-03 19:53:36,774 [pool-169-thread-1] INFO  server.RaftServerConfigKeys (ConfUtils.java:logGet(43)) - raft.server.storage.dir = [/workdir/hadoop-ozone/integration-test/target/test-dir/MiniOzoneClusterImpl-77e39582-9142-4a55-b3af-cb33634f58da/datanode-5/data/ratis] (custom)
2019-10-03 19:53:36,774 [pool-149-thread-1] INFO  server.RaftServerConfigKeys (ConfUtils.java:logGet(43)) - raft.server.rpc.timeout.max = 5200ms (custom)
2019-10-03 19:53:36,774 [pool-149-thread-1] INFO  server.RaftServerConfigKeys (ConfUtils.java:logGet(43)) - raft.server.rpcslowness.timeout = 120s (custom)
2019-10-03 19:53:36,774 [pool-169-thread-1] INFO  server.RaftServerConfigKeys (ConfUtils.java:logGet(43)) - raft.server.log.corruption.policy = EXCEPTION (default)
2019-10-03 19:53:36,774 [pool-149-thread-1] INFO  server.RaftServerConfigKeys (ConfUtils.java:logGet(43)) - raft.server.sleep.deviation.threshold = 300 (default)
2019-10-03 19:53:36,775 [pool-169-thread-1] INFO  storage.RaftStorageDirectory (RaftStorageDirectory.java:analyzeStorage(246)) - The storage directory /workdir/hadoop-ozone/integration-test/target/test-dir/MiniOzoneClusterImpl-77e39582-9142-4a55-b3af-cb33634f58da/datanode-5/data/ratis/6025135a-9d7a-4e68-908f-50e2d793402d does not exist. Creating ...
2019-10-03 19:53:36,775 [pool-149-thread-1] INFO  server.RaftServerConfigKeys (ConfUtils.java:logGet(43)) - raft.server.log.appender.install.snapshot.enabled = false (custom)
2019-10-03 19:53:36,775 [pool-149-thread-1] INFO  impl.RaftServerImpl (ServerState.java:<init>(103)) - 0b18d462-2775-44df-b49b-86e097963cba@group-50E2D793402D: ConfigurationManager, init=-1: [8d51f233-9e6f-4432-8b34-aab0b8be1295:192.168.164.206:45434, 0b18d462-2775-44df-b49b-86e097963cba:192.168.164.206:45649, eeae474c-c7bf-4f3c-8ade-79d32018334d:192.168.164.206:46683], old=null, confs=<EMPTY_MAP>
2019-10-03 19:53:36,775 [pool-149-thread-1] INFO  server.RaftServerConfigKeys (ConfUtils.java:logGet(43)) - raft.server.storage.dir = [/workdir/hadoop-ozone/integration-test/target/test-dir/MiniOzoneClusterImpl-77e39582-9142-4a55-b3af-cb33634f58da/datanode-3/data/ratis] (custom)
2019-10-03 19:53:36,776 [pool-149-thread-1] INFO  server.RaftServerConfigKeys (ConfUtils.java:logGet(43)) - raft.server.log.corruption.policy = EXCEPTION (default)
2019-10-03 19:53:36,776 [pool-149-thread-1] INFO  storage.RaftStorageDirectory (RaftStorageDirectory.java:analyzeStorage(246)) - The storage directory /workdir/hadoop-ozone/integration-test/target/test-dir/MiniOzoneClusterImpl-77e39582-9142-4a55-b3af-cb33634f58da/datanode-3/data/ratis/6025135a-9d7a-4e68-908f-50e2d793402d does not exist. Creating ...
2019-10-03 19:53:36,787 [pool-149-thread-1] INFO  storage.RaftStorageDirectory (RaftStorageDirectory.java:tryLock(328)) - Lock on /workdir/hadoop-ozone/integration-test/target/test-dir/MiniOzoneClusterImpl-77e39582-9142-4a55-b3af-cb33634f58da/datanode-3/data/ratis/6025135a-9d7a-4e68-908f-50e2d793402d/in_use.lock acquired by nodename 6385@pr-hdds-2240-9gllg-3097873054
2019-10-03 19:53:36,787 [pool-169-thread-1] INFO  storage.RaftStorageDirectory (RaftStorageDirectory.java:tryLock(328)) - Lock on /workdir/hadoop-ozone/integration-test/target/test-dir/MiniOzoneClusterImpl-77e39582-9142-4a55-b3af-cb33634f58da/datanode-5/data/ratis/6025135a-9d7a-4e68-908f-50e2d793402d/in_use.lock acquired by nodename 6385@pr-hdds-2240-9gllg-3097873054
2019-10-03 19:53:36,787 [pool-139-thread-1] INFO  storage.RaftStorageDirectory (RaftStorageDirectory.java:tryLock(328)) - Lock on /workdir/hadoop-ozone/integration-test/target/test-dir/MiniOzoneClusterImpl-77e39582-9142-4a55-b3af-cb33634f58da/datanode-2/data/ratis/6025135a-9d7a-4e68-908f-50e2d793402d/in_use.lock acquired by nodename 6385@pr-hdds-2240-9gllg-3097873054
2019-10-03 19:53:36,801 [pool-169-thread-1] INFO  storage.RaftStorage (RaftStorage.java:format(84)) - Storage directory /workdir/hadoop-ozone/integration-test/target/test-dir/MiniOzoneClusterImpl-77e39582-9142-4a55-b3af-cb33634f58da/datanode-5/data/ratis/6025135a-9d7a-4e68-908f-50e2d793402d has been successfully formatted.
2019-10-03 19:53:36,801 [pool-149-thread-1] INFO  storage.RaftStorage (RaftStorage.java:format(84)) - Storage directory /workdir/hadoop-ozone/integration-test/target/test-dir/MiniOzoneClusterImpl-77e39582-9142-4a55-b3af-cb33634f58da/datanode-3/data/ratis/6025135a-9d7a-4e68-908f-50e2d793402d has been successfully formatted.
2019-10-03 19:53:36,801 [pool-139-thread-1] INFO  storage.RaftStorage (RaftStorage.java:format(84)) - Storage directory /workdir/hadoop-ozone/integration-test/target/test-dir/MiniOzoneClusterImpl-77e39582-9142-4a55-b3af-cb33634f58da/datanode-2/data/ratis/6025135a-9d7a-4e68-908f-50e2d793402d has been successfully formatted.
2019-10-03 19:53:36,801 [pool-149-thread-1] INFO  ratis.ContainerStateMachine (ContainerStateMachine.java:loadSnapshot(230)) - group-50E2D793402D: The snapshot info is null. Setting the last applied indexto:(t:0, i:~)
2019-10-03 19:53:36,801 [pool-169-thread-1] INFO  ratis.ContainerStateMachine (ContainerStateMachine.java:loadSnapshot(230)) - group-50E2D793402D: The snapshot info is null. Setting the last applied indexto:(t:0, i:~)
2019-10-03 19:53:36,802 [pool-149-thread-1] INFO  server.RaftServerConfigKeys (ConfUtils.java:logGet(43)) - raft.server.notification.no-leader.timeout = 120s (custom)
2019-10-03 19:53:36,801 [pool-139-thread-1] INFO  ratis.ContainerStateMachine (ContainerStateMachine.java:loadSnapshot(230)) - group-50E2D793402D: The snapshot info is null. Setting the last applied indexto:(t:0, i:~)
2019-10-03 19:53:36,802 [pool-149-thread-1] INFO  server.RaftServerConfigKeys (ConfUtils.java:logGet(43)) - raft.server.log.use.memory = false (default)
2019-10-03 19:53:36,802 [pool-169-thread-1] INFO  server.RaftServerConfigKeys (ConfUtils.java:logGet(43)) - raft.server.notification.no-leader.timeout = 120s (custom)
2019-10-03 19:53:36,802 [pool-149-thread-1] INFO  server.RaftServerConfigKeys (ConfUtils.java:logGet(43)) - raft.server.log.purge.gap = 1000000 (custom)
2019-10-03 19:53:36,802 [pool-139-thread-1] INFO  server.RaftServerConfigKeys (ConfUtils.java:logGet(43)) - raft.server.notification.no-leader.timeout = 120s (custom)
2019-10-03 19:53:36,803 [pool-149-thread-1] INFO  server.RaftServerConfigKeys (ConfUtils.java:logGet(43)) - raft.server.log.appender.buffer.byte-limit = 33554432 (custom)
2019-10-03 19:53:36,802 [pool-169-thread-1] INFO  server.RaftServerConfigKeys (ConfUtils.java:logGet(43)) - raft.server.log.use.memory = false (default)
2019-10-03 19:53:36,803 [pool-149-thread-1] INFO  server.RaftServerConfigKeys (ConfUtils.java:logGet(43)) - raft.server.log.segment.size.max = 1048576 (custom)
2019-10-03 19:53:36,803 [pool-139-thread-1] INFO  server.RaftServerConfigKeys (ConfUtils.java:logGet(43)) - raft.server.log.use.memory = false (default)
2019-10-03 19:53:36,803 [pool-149-thread-1] INFO  server.RaftServerConfigKeys (ConfUtils.java:logGet(43)) - raft.server.log.segment.cache.num.max = 2 (custom)
2019-10-03 19:53:36,803 [pool-169-thread-1] INFO  server.RaftServerConfigKeys (ConfUtils.java:logGet(43)) - raft.server.log.purge.gap = 1000000 (custom)
2019-10-03 19:53:36,804 [pool-149-thread-1] INFO  segmented.SegmentedRaftLogWorker (SegmentedRaftLogWorker.java:<init>(173)) - new 0b18d462-2775-44df-b49b-86e097963cba@group-50E2D793402D-SegmentedRaftLogWorker for RaftStorage:Storage Directory /workdir/hadoop-ozone/integration-test/target/test-dir/MiniOzoneClusterImpl-77e39582-9142-4a55-b3af-cb33634f58da/datanode-3/data/ratis/6025135a-9d7a-4e68-908f-50e2d793402d
2019-10-03 19:53:36,804 [pool-139-thread-1] INFO  server.RaftServerConfigKeys (ConfUtils.java:logGet(43)) - raft.server.log.purge.gap = 1000000 (custom)
2019-10-03 19:53:36,804 [pool-149-thread-1] INFO  server.RaftServerConfigKeys (ConfUtils.java:logGet(43)) - raft.server.log.queue.byte-limit = 2147483647 (custom)
2019-10-03 19:53:36,804 [pool-169-thread-1] INFO  server.RaftServerConfigKeys (ConfUtils.java:logGet(43)) - raft.server.log.appender.buffer.byte-limit = 33554432 (custom)
2019-10-03 19:53:36,804 [pool-149-thread-1] INFO  server.RaftServerConfigKeys (ConfUtils.java:logGet(43)) - raft.server.log.queue.element-limit = 1024 (custom)
2019-10-03 19:53:36,805 [pool-169-thread-1] INFO  server.RaftServerConfigKeys (ConfUtils.java:logGet(43)) - raft.server.log.segment.size.max = 1048576 (custom)
2019-10-03 19:53:36,804 [pool-139-thread-1] INFO  server.RaftServerConfigKeys (ConfUtils.java:logGet(43)) - raft.server.log.appender.buffer.byte-limit = 33554432 (custom)
2019-10-03 19:53:36,805 [pool-169-thread-1] INFO  server.RaftServerConfigKeys (ConfUtils.java:logGet(43)) - raft.server.log.segment.cache.num.max = 2 (custom)
2019-10-03 19:53:36,805 [pool-149-thread-1] INFO  server.RaftServerConfigKeys (ConfUtils.java:logGet(43)) - raft.server.log.segment.size.max = 1048576 (custom)
2019-10-03 19:53:36,805 [pool-169-thread-1] INFO  segmented.SegmentedRaftLogWorker (SegmentedRaftLogWorker.java:<init>(173)) - new 8d51f233-9e6f-4432-8b34-aab0b8be1295@group-50E2D793402D-SegmentedRaftLogWorker for RaftStorage:Storage Directory /workdir/hadoop-ozone/integration-test/target/test-dir/MiniOzoneClusterImpl-77e39582-9142-4a55-b3af-cb33634f58da/datanode-5/data/ratis/6025135a-9d7a-4e68-908f-50e2d793402d
2019-10-03 19:53:36,805 [pool-139-thread-1] INFO  server.RaftServerConfigKeys (ConfUtils.java:logGet(43)) - raft.server.log.segment.size.max = 1048576 (custom)
2019-10-03 19:53:36,806 [pool-169-thread-1] INFO  server.RaftServerConfigKeys (ConfUtils.java:logGet(43)) - raft.server.log.queue.byte-limit = 2147483647 (custom)
2019-10-03 19:53:36,805 [pool-149-thread-1] INFO  server.RaftServerConfigKeys (ConfUtils.java:logGet(43)) - raft.server.log.preallocated.size = 16384 (custom)
2019-10-03 19:53:36,806 [pool-169-thread-1] INFO  server.RaftServerConfigKeys (ConfUtils.java:logGet(43)) - raft.server.log.queue.element-limit = 1024 (custom)
2019-10-03 19:53:36,806 [pool-139-thread-1] INFO  server.RaftServerConfigKeys (ConfUtils.java:logGet(43)) - raft.server.log.segment.cache.num.max = 2 (custom)
2019-10-03 19:53:36,806 [pool-169-thread-1] INFO  server.RaftServerConfigKeys (ConfUtils.java:logGet(43)) - raft.server.log.segment.size.max = 1048576 (custom)
2019-10-03 19:53:36,806 [pool-149-thread-1] INFO  server.RaftServerConfigKeys (ConfUtils.java:logGet(43)) - raft.server.log.write.buffer.size = 33554432 (custom)
2019-10-03 19:53:36,807 [pool-169-thread-1] INFO  server.RaftServerConfigKeys (ConfUtils.java:logGet(43)) - raft.server.log.preallocated.size = 16384 (custom)
2019-10-03 19:53:36,807 [pool-169-thread-1] INFO  server.RaftServerConfigKeys (ConfUtils.java:logGet(43)) - raft.server.log.write.buffer.size = 33554432 (custom)
2019-10-03 19:53:36,807 [pool-139-thread-1] INFO  segmented.SegmentedRaftLogWorker (SegmentedRaftLogWorker.java:<init>(173)) - new eeae474c-c7bf-4f3c-8ade-79d32018334d@group-50E2D793402D-SegmentedRaftLogWorker for RaftStorage:Storage Directory /workdir/hadoop-ozone/integration-test/target/test-dir/MiniOzoneClusterImpl-77e39582-9142-4a55-b3af-cb33634f58da/datanode-2/data/ratis/6025135a-9d7a-4e68-908f-50e2d793402d
2019-10-03 19:53:36,807 [pool-169-thread-1] INFO  server.RaftServerConfigKeys (ConfUtils.java:logGet(43)) - raft.server.log.force.sync.num = 128 (default)
2019-10-03 19:53:36,807 [pool-149-thread-1] INFO  server.RaftServerConfigKeys (ConfUtils.java:logGet(43)) - raft.server.log.force.sync.num = 128 (default)
2019-10-03 19:53:36,808 [pool-169-thread-1] INFO  server.RaftServerConfigKeys (ConfUtils.java:logGet(43)) - raft.server.log.statemachine.data.sync = true (default)
2019-10-03 19:53:36,808 [pool-139-thread-1] INFO  server.RaftServerConfigKeys (ConfUtils.java:logGet(43)) - raft.server.log.queue.byte-limit = 2147483647 (custom)
2019-10-03 19:53:36,808 [pool-169-thread-1] INFO  server.RaftServerConfigKeys (ConfUtils.java:logGet(43)) - raft.server.log.statemachine.data.sync.timeout = 10s (default)
2019-10-03 19:53:36,808 [pool-149-thread-1] INFO  server.RaftServerConfigKeys (ConfUtils.java:logGet(43)) - raft.server.log.statemachine.data.sync = true (default)
2019-10-03 19:53:36,808 [pool-169-thread-1] INFO  server.RaftServerConfigKeys (ConfUtils.java:logGet(43)) - raft.server.log.statemachine.data.sync.timeout.retry = -1 (default)
2019-10-03 19:53:36,808 [pool-139-thread-1] INFO  server.RaftServerConfigKeys (ConfUtils.java:logGet(43)) - raft.server.log.queue.element-limit = 1024 (custom)
2019-10-03 19:53:36,809 [pool-169-thread-1] INFO  server.RaftServerConfigKeys (ConfUtils.java:logGet(43)) - raft.server.log.statemachine.data.caching.enabled = true (custom)
2019-10-03 19:53:36,809 [pool-149-thread-1] INFO  server.RaftServerConfigKeys (ConfUtils.java:logGet(43)) - raft.server.log.statemachine.data.sync.timeout = 10s (default)
2019-10-03 19:53:36,809 [pool-139-thread-1] INFO  server.RaftServerConfigKeys (ConfUtils.java:logGet(43)) - raft.server.log.segment.size.max = 1048576 (custom)
2019-10-03 19:53:36,809 [pool-149-thread-1] INFO  server.RaftServerConfigKeys (ConfUtils.java:logGet(43)) - raft.server.log.statemachine.data.sync.timeout.retry = -1 (default)
2019-10-03 19:53:36,809 [pool-169-thread-1] INFO  segmented.SegmentedRaftLogWorker (SegmentedRaftLogWorker.java:lambda$new$0(128)) - 8d51f233-9e6f-4432-8b34-aab0b8be1295@group-50E2D793402D-SegmentedRaftLogWorker: flushIndex: setUnconditionally 0 -> -1
2019-10-03 19:53:36,810 [pool-149-thread-1] INFO  server.RaftServerConfigKeys (ConfUtils.java:logGet(43)) - raft.server.log.statemachine.data.caching.enabled = true (custom)
2019-10-03 19:53:36,810 [pool-139-thread-1] INFO  server.RaftServerConfigKeys (ConfUtils.java:logGet(43)) - raft.server.log.preallocated.size = 16384 (custom)
2019-10-03 19:53:36,810 [pool-169-thread-1] INFO  server.RaftServerConfigKeys (ConfUtils.java:logGet(43)) - raft.server.snapshot.auto.trigger.enabled = true (custom)
2019-10-03 19:53:36,810 [pool-149-thread-1] INFO  segmented.SegmentedRaftLogWorker (SegmentedRaftLogWorker.java:lambda$new$0(128)) - 0b18d462-2775-44df-b49b-86e097963cba@group-50E2D793402D-SegmentedRaftLogWorker: flushIndex: setUnconditionally 0 -> -1
2019-10-03 19:53:36,810 [pool-139-thread-1] INFO  server.RaftServerConfigKeys (ConfUtils.java:logGet(43)) - raft.server.log.write.buffer.size = 33554432 (custom)
2019-10-03 19:53:36,810 [pool-169-thread-1] INFO  server.RaftServerConfigKeys (ConfUtils.java:logGet(43)) - raft.server.snapshot.auto.trigger.threshold = 10000 (custom)
2019-10-03 19:53:36,811 [pool-149-thread-1] INFO  server.RaftServerConfigKeys (ConfUtils.java:logGet(43)) - raft.server.snapshot.auto.trigger.enabled = true (custom)
2019-10-03 19:53:36,811 [pool-139-thread-1] INFO  server.RaftServerConfigKeys (ConfUtils.java:logGet(43)) - raft.server.log.force.sync.num = 128 (default)
2019-10-03 19:53:36,811 [pool-149-thread-1] INFO  server.RaftServerConfigKeys (ConfUtils.java:logGet(43)) - raft.server.snapshot.auto.trigger.threshold = 10000 (custom)
2019-10-03 19:53:36,811 [pool-169-thread-1] INFO  server.RaftServerConfigKeys (ConfUtils.java:logGet(43)) - raft.server.snapshot.retention.file.num = 5 (custom)
2019-10-03 19:53:36,811 [pool-149-thread-1] INFO  server.RaftServerConfigKeys (ConfUtils.java:logGet(43)) - raft.server.snapshot.retention.file.num = 5 (custom)
2019-10-03 19:53:36,811 [pool-139-thread-1] INFO  server.RaftServerConfigKeys (ConfUtils.java:logGet(43)) - raft.server.log.statemachine.data.sync = true (default)
2019-10-03 19:53:36,812 [pool-149-thread-1] INFO  server.RaftServerConfigKeys (ConfUtils.java:logGet(43)) - raft.server.retrycache.expirytime = 600000ms (custom)
2019-10-03 19:53:36,812 [pool-169-thread-1] INFO  server.RaftServerConfigKeys (ConfUtils.java:logGet(43)) - raft.server.retrycache.expirytime = 600000ms (custom)
2019-10-03 19:53:36,812 [pool-139-thread-1] INFO  server.RaftServerConfigKeys (ConfUtils.java:logGet(43)) - raft.server.log.statemachine.data.sync.timeout = 10s (default)
2019-10-03 19:53:36,812 [pool-139-thread-1] INFO  server.RaftServerConfigKeys (ConfUtils.java:logGet(43)) - raft.server.log.statemachine.data.sync.timeout.retry = -1 (default)
2019-10-03 19:53:36,813 [pool-139-thread-1] INFO  server.RaftServerConfigKeys (ConfUtils.java:logGet(43)) - raft.server.log.statemachine.data.caching.enabled = true (custom)
2019-10-03 19:53:36,813 [pool-139-thread-1] INFO  segmented.SegmentedRaftLogWorker (SegmentedRaftLogWorker.java:lambda$new$0(128)) - eeae474c-c7bf-4f3c-8ade-79d32018334d@group-50E2D793402D-SegmentedRaftLogWorker: flushIndex: setUnconditionally 0 -> -1
2019-10-03 19:53:36,814 [pool-139-thread-1] INFO  server.RaftServerConfigKeys (ConfUtils.java:logGet(43)) - raft.server.snapshot.auto.trigger.enabled = true (custom)
2019-10-03 19:53:36,814 [pool-139-thread-1] INFO  server.RaftServerConfigKeys (ConfUtils.java:logGet(43)) - raft.server.snapshot.auto.trigger.threshold = 10000 (custom)
2019-10-03 19:53:36,814 [pool-139-thread-1] INFO  server.RaftServerConfigKeys (ConfUtils.java:logGet(43)) - raft.server.snapshot.retention.file.num = 5 (custom)
2019-10-03 19:53:36,814 [pool-139-thread-1] INFO  server.RaftServerConfigKeys (ConfUtils.java:logGet(43)) - raft.server.retrycache.expirytime = 600000ms (custom)
2019-10-03 19:53:36,816 [pool-149-thread-1] INFO  impl.RaftServerImpl (RaftServerImpl.java:start(181)) - 0b18d462-2775-44df-b49b-86e097963cba@group-50E2D793402D: start as a follower, conf=-1: [8d51f233-9e6f-4432-8b34-aab0b8be1295:192.168.164.206:45434, 0b18d462-2775-44df-b49b-86e097963cba:192.168.164.206:45649, eeae474c-c7bf-4f3c-8ade-79d32018334d:192.168.164.206:46683], old=null
2019-10-03 19:53:36,817 [pool-149-thread-1] INFO  impl.RaftServerImpl (RaftServerImpl.java:setRole(170)) - 0b18d462-2775-44df-b49b-86e097963cba@group-50E2D793402D: changes role from      null to FOLLOWER at term 0 for startAsFollower
2019-10-03 19:53:36,817 [pool-149-thread-1] INFO  impl.RoleInfo (RoleInfo.java:updateAndGet(143)) - 0b18d462-2775-44df-b49b-86e097963cba: start FollowerState
2019-10-03 19:53:36,817 [pool-169-thread-1] INFO  impl.RaftServerImpl (RaftServerImpl.java:start(181)) - 8d51f233-9e6f-4432-8b34-aab0b8be1295@group-50E2D793402D: start as a follower, conf=-1: [8d51f233-9e6f-4432-8b34-aab0b8be1295:192.168.164.206:45434, 0b18d462-2775-44df-b49b-86e097963cba:192.168.164.206:45649, eeae474c-c7bf-4f3c-8ade-79d32018334d:192.168.164.206:46683], old=null
2019-10-03 19:53:36,817 [pool-169-thread-1] INFO  impl.RaftServerImpl (RaftServerImpl.java:setRole(170)) - 8d51f233-9e6f-4432-8b34-aab0b8be1295@group-50E2D793402D: changes role from      null to FOLLOWER at term 0 for startAsFollower
2019-10-03 19:53:36,817 [pool-149-thread-1] INFO  util.JmxRegister (JmxRegister.java:tryRegister(44)) - Successfully registered JMX Bean with object name Ratis:service=RaftServer,group=group-50E2D793402D,id=0b18d462-2775-44df-b49b-86e097963cba
2019-10-03 19:53:36,818 [pool-169-thread-1] INFO  impl.RoleInfo (RoleInfo.java:updateAndGet(143)) - 8d51f233-9e6f-4432-8b34-aab0b8be1295: start FollowerState
2019-10-03 19:53:36,818 [pool-139-thread-1] INFO  impl.RaftServerImpl (RaftServerImpl.java:start(181)) - eeae474c-c7bf-4f3c-8ade-79d32018334d@group-50E2D793402D: start as a follower, conf=-1: [8d51f233-9e6f-4432-8b34-aab0b8be1295:192.168.164.206:45434, 0b18d462-2775-44df-b49b-86e097963cba:192.168.164.206:45649, eeae474c-c7bf-4f3c-8ade-79d32018334d:192.168.164.206:46683], old=null
2019-10-03 19:53:36,818 [pool-169-thread-1] INFO  util.JmxRegister (JmxRegister.java:tryRegister(44)) - Successfully registered JMX Bean with object name Ratis:service=RaftServer,group=group-50E2D793402D,id=8d51f233-9e6f-4432-8b34-aab0b8be1295
2019-10-03 19:53:36,819 [pool-139-thread-1] INFO  impl.RaftServerImpl (RaftServerImpl.java:setRole(170)) - eeae474c-c7bf-4f3c-8ade-79d32018334d@group-50E2D793402D: changes role from      null to FOLLOWER at term 0 for startAsFollower
2019-10-03 19:53:36,819 [pool-139-thread-1] INFO  impl.RoleInfo (RoleInfo.java:updateAndGet(143)) - eeae474c-c7bf-4f3c-8ade-79d32018334d: start FollowerState
2019-10-03 19:53:36,820 [pool-139-thread-1] INFO  util.JmxRegister (JmxRegister.java:tryRegister(44)) - Successfully registered JMX Bean with object name Ratis:service=RaftServer,group=group-50E2D793402D,id=eeae474c-c7bf-4f3c-8ade-79d32018334d
2019-10-03 19:53:36,828 [RatisPipelineUtilsThread] INFO  pipeline.PipelineStateManager (PipelineStateManager.java:addPipeline(56)) - Created pipeline Pipeline[ Id: 6025135a-9d7a-4e68-908f-50e2d793402d, Nodes: 8d51f233-9e6f-4432-8b34-aab0b8be1295{ip: 192.168.164.206, host: pr-hdds-2240-9gllg-3097873054, networkLocation: /default-rack, certSerialId: null}0b18d462-2775-44df-b49b-86e097963cba{ip: 192.168.164.206, host: pr-hdds-2240-9gllg-3097873054, networkLocation: /default-rack, certSerialId: null}eeae474c-c7bf-4f3c-8ade-79d32018334d{ip: 192.168.164.206, host: pr-hdds-2240-9gllg-3097873054, networkLocation: /default-rack, certSerialId: null}, Type:RATIS, Factor:THREE, State:OPEN]
2019-10-03 19:53:36,836 [grpc-default-executor-5] INFO  impl.RaftServerProxy (RaftServerProxy.java:addNew(89)) - 85adb8d9-977a-449f-aaa1-6bf478ecc8b3: addNew group-322F3276BE48:[4f3ebc35-d043-4b5d-bf0d-80fd96580666:192.168.164.206:44754, 1382865e-5919-493b-a0b9-5b948d31190f:192.168.164.206:39135, 85adb8d9-977a-449f-aaa1-6bf478ecc8b3:192.168.164.206:38347] returns group-322F3276BE48:java.util.concurrent.CompletableFuture@734945c6[Not completed]
2019-10-03 19:53:36,836 [grpc-default-executor-0] INFO  impl.RaftServerProxy (RaftServerProxy.java:addNew(89)) - 4f3ebc35-d043-4b5d-bf0d-80fd96580666: addNew group-322F3276BE48:[4f3ebc35-d043-4b5d-bf0d-80fd96580666:192.168.164.206:44754, 1382865e-5919-493b-a0b9-5b948d31190f:192.168.164.206:39135, 85adb8d9-977a-449f-aaa1-6bf478ecc8b3:192.168.164.206:38347] returns group-322F3276BE48:java.util.concurrent.CompletableFuture@2c9c0862[Not completed]
2019-10-03 19:53:36,839 [grpc-default-executor-2] INFO  impl.RaftServerProxy (RaftServerProxy.java:addNew(89)) - 1382865e-5919-493b-a0b9-5b948d31190f: addNew group-322F3276BE48:[4f3ebc35-d043-4b5d-bf0d-80fd96580666:192.168.164.206:44754, 1382865e-5919-493b-a0b9-5b948d31190f:192.168.164.206:39135, 85adb8d9-977a-449f-aaa1-6bf478ecc8b3:192.168.164.206:38347] returns group-322F3276BE48:java.util.concurrent.CompletableFuture@405aed63[Not completed]
2019-10-03 19:53:36,840 [pool-179-thread-1] INFO  impl.RaftServerImpl (RaftServerImpl.java:<init>(95)) - 4f3ebc35-d043-4b5d-bf0d-80fd96580666: new RaftServerImpl for group-322F3276BE48:[4f3ebc35-d043-4b5d-bf0d-80fd96580666:192.168.164.206:44754, 1382865e-5919-493b-a0b9-5b948d31190f:192.168.164.206:39135, 85adb8d9-977a-449f-aaa1-6bf478ecc8b3:192.168.164.206:38347] with ContainerStateMachine:uninitialized
2019-10-03 19:53:36,840 [pool-179-thread-1] INFO  server.RaftServerConfigKeys (ConfUtils.java:logGet(43)) - raft.server.rpc.timeout.min = 5s (custom)
2019-10-03 19:53:36,840 [pool-179-thread-1] INFO  server.RaftServerConfigKeys (ConfUtils.java:logGet(43)) - raft.server.rpc.timeout.max = 5200ms (custom)
2019-10-03 19:53:36,840 [pool-179-thread-1] INFO  server.RaftServerConfigKeys (ConfUtils.java:logGet(43)) - raft.server.rpcslowness.timeout = 120s (custom)
2019-10-03 19:53:36,840 [pool-119-thread-1] INFO  impl.RaftServerImpl (RaftServerImpl.java:<init>(95)) - 1382865e-5919-493b-a0b9-5b948d31190f: new RaftServerImpl for group-322F3276BE48:[4f3ebc35-d043-4b5d-bf0d-80fd96580666:192.168.164.206:44754, 1382865e-5919-493b-a0b9-5b948d31190f:192.168.164.206:39135, 85adb8d9-977a-449f-aaa1-6bf478ecc8b3:192.168.164.206:38347] with ContainerStateMachine:uninitialized
2019-10-03 19:53:36,840 [pool-179-thread-1] INFO  server.RaftServerConfigKeys (ConfUtils.java:logGet(43)) - raft.server.sleep.deviation.threshold = 300 (default)
2019-10-03 19:53:36,840 [pool-119-thread-1] INFO  server.RaftServerConfigKeys (ConfUtils.java:logGet(43)) - raft.server.rpc.timeout.min = 5s (custom)
2019-10-03 19:53:36,840 [pool-179-thread-1] INFO  server.RaftServerConfigKeys (ConfUtils.java:logGet(43)) - raft.server.log.appender.install.snapshot.enabled = false (custom)
2019-10-03 19:53:36,840 [pool-119-thread-1] INFO  server.RaftServerConfigKeys (ConfUtils.java:logGet(43)) - raft.server.rpc.timeout.max = 5200ms (custom)
2019-10-03 19:53:36,841 [pool-179-thread-1] INFO  impl.RaftServerImpl (ServerState.java:<init>(103)) - 4f3ebc35-d043-4b5d-bf0d-80fd96580666@group-322F3276BE48: ConfigurationManager, init=-1: [4f3ebc35-d043-4b5d-bf0d-80fd96580666:192.168.164.206:44754, 1382865e-5919-493b-a0b9-5b948d31190f:192.168.164.206:39135, 85adb8d9-977a-449f-aaa1-6bf478ecc8b3:192.168.164.206:38347], old=null, confs=<EMPTY_MAP>
2019-10-03 19:53:36,841 [pool-119-thread-1] INFO  server.RaftServerConfigKeys (ConfUtils.java:logGet(43)) - raft.server.rpcslowness.timeout = 120s (custom)
2019-10-03 19:53:36,841 [pool-179-thread-1] INFO  server.RaftServerConfigKeys (ConfUtils.java:logGet(43)) - raft.server.storage.dir = [/workdir/hadoop-ozone/integration-test/target/test-dir/MiniOzoneClusterImpl-77e39582-9142-4a55-b3af-cb33634f58da/datanode-6/data/ratis] (custom)
2019-10-03 19:53:36,841 [pool-129-thread-1] INFO  impl.RaftServerImpl (RaftServerImpl.java:<init>(95)) - 85adb8d9-977a-449f-aaa1-6bf478ecc8b3: new RaftServerImpl for group-322F3276BE48:[4f3ebc35-d043-4b5d-bf0d-80fd96580666:192.168.164.206:44754, 1382865e-5919-493b-a0b9-5b948d31190f:192.168.164.206:39135, 85adb8d9-977a-449f-aaa1-6bf478ecc8b3:192.168.164.206:38347] with ContainerStateMachine:uninitialized
2019-10-03 19:53:36,841 [pool-179-thread-1] INFO  server.RaftServerConfigKeys (ConfUtils.java:logGet(43)) - raft.server.log.corruption.policy = EXCEPTION (default)
2019-10-03 19:53:36,841 [pool-119-thread-1] INFO  server.RaftServerConfigKeys (ConfUtils.java:logGet(43)) - raft.server.sleep.deviation.threshold = 300 (default)
2019-10-03 19:53:36,841 [pool-179-thread-1] INFO  storage.RaftStorageDirectory (RaftStorageDirectory.java:analyzeStorage(246)) - The storage directory /workdir/hadoop-ozone/integration-test/target/test-dir/MiniOzoneClusterImpl-77e39582-9142-4a55-b3af-cb33634f58da/datanode-6/data/ratis/4b6d26c1-1012-4310-b1fa-322f3276be48 does not exist. Creating ...
2019-10-03 19:53:36,841 [pool-129-thread-1] INFO  server.RaftServerConfigKeys (ConfUtils.java:logGet(43)) - raft.server.rpc.timeout.min = 5s (custom)
2019-10-03 19:53:36,841 [pool-119-thread-1] INFO  server.RaftServerConfigKeys (ConfUtils.java:logGet(43)) - raft.server.log.appender.install.snapshot.enabled = false (custom)
2019-10-03 19:53:36,842 [pool-129-thread-1] INFO  server.RaftServerConfigKeys (ConfUtils.java:logGet(43)) - raft.server.rpc.timeout.max = 5200ms (custom)
2019-10-03 19:53:36,842 [pool-119-thread-1] INFO  impl.RaftServerImpl (ServerState.java:<init>(103)) - 1382865e-5919-493b-a0b9-5b948d31190f@group-322F3276BE48: ConfigurationManager, init=-1: [4f3ebc35-d043-4b5d-bf0d-80fd96580666:192.168.164.206:44754, 1382865e-5919-493b-a0b9-5b948d31190f:192.168.164.206:39135, 85adb8d9-977a-449f-aaa1-6bf478ecc8b3:192.168.164.206:38347], old=null, confs=<EMPTY_MAP>
2019-10-03 19:53:36,842 [pool-129-thread-1] INFO  server.RaftServerConfigKeys (ConfUtils.java:logGet(43)) - raft.server.rpcslowness.timeout = 120s (custom)
2019-10-03 19:53:36,842 [pool-119-thread-1] INFO  server.RaftServerConfigKeys (ConfUtils.java:logGet(43)) - raft.server.storage.dir = [/workdir/hadoop-ozone/integration-test/target/test-dir/MiniOzoneClusterImpl-77e39582-9142-4a55-b3af-cb33634f58da/datanode-0/data/ratis] (custom)
2019-10-03 19:53:36,842 [pool-129-thread-1] INFO  server.RaftServerConfigKeys (ConfUtils.java:logGet(43)) - raft.server.sleep.deviation.threshold = 300 (default)
2019-10-03 19:53:36,842 [pool-129-thread-1] INFO  server.RaftServerConfigKeys (ConfUtils.java:logGet(43)) - raft.server.log.appender.install.snapshot.enabled = false (custom)
2019-10-03 19:53:36,842 [pool-119-thread-1] INFO  server.RaftServerConfigKeys (ConfUtils.java:logGet(43)) - raft.server.log.corruption.policy = EXCEPTION (default)
2019-10-03 19:53:36,843 [pool-129-thread-1] INFO  impl.RaftServerImpl (ServerState.java:<init>(103)) - 85adb8d9-977a-449f-aaa1-6bf478ecc8b3@group-322F3276BE48: ConfigurationManager, init=-1: [4f3ebc35-d043-4b5d-bf0d-80fd96580666:192.168.164.206:44754, 1382865e-5919-493b-a0b9-5b948d31190f:192.168.164.206:39135, 85adb8d9-977a-449f-aaa1-6bf478ecc8b3:192.168.164.206:38347], old=null, confs=<EMPTY_MAP>
2019-10-03 19:53:36,843 [pool-119-thread-1] INFO  storage.RaftStorageDirectory (RaftStorageDirectory.java:analyzeStorage(246)) - The storage directory /workdir/hadoop-ozone/integration-test/target/test-dir/MiniOzoneClusterImpl-77e39582-9142-4a55-b3af-cb33634f58da/datanode-0/data/ratis/4b6d26c1-1012-4310-b1fa-322f3276be48 does not exist. Creating ...
2019-10-03 19:53:36,843 [pool-129-thread-1] INFO  server.RaftServerConfigKeys (ConfUtils.java:logGet(43)) - raft.server.storage.dir = [/workdir/hadoop-ozone/integration-test/target/test-dir/MiniOzoneClusterImpl-77e39582-9142-4a55-b3af-cb33634f58da/datanode-1/data/ratis] (custom)
2019-10-03 19:53:36,843 [pool-129-thread-1] INFO  server.RaftServerConfigKeys (ConfUtils.java:logGet(43)) - raft.server.log.corruption.policy = EXCEPTION (default)
2019-10-03 19:53:36,843 [pool-129-thread-1] INFO  storage.RaftStorageDirectory (RaftStorageDirectory.java:analyzeStorage(246)) - The storage directory /workdir/hadoop-ozone/integration-test/target/test-dir/MiniOzoneClusterImpl-77e39582-9142-4a55-b3af-cb33634f58da/datanode-1/data/ratis/4b6d26c1-1012-4310-b1fa-322f3276be48 does not exist. Creating ...
2019-10-03 19:53:36,855 [pool-179-thread-1] INFO  storage.RaftStorageDirectory (RaftStorageDirectory.java:tryLock(328)) - Lock on /workdir/hadoop-ozone/integration-test/target/test-dir/MiniOzoneClusterImpl-77e39582-9142-4a55-b3af-cb33634f58da/datanode-6/data/ratis/4b6d26c1-1012-4310-b1fa-322f3276be48/in_use.lock acquired by nodename 6385@pr-hdds-2240-9gllg-3097873054
2019-10-03 19:53:36,855 [pool-119-thread-1] INFO  storage.RaftStorageDirectory (RaftStorageDirectory.java:tryLock(328)) - Lock on /workdir/hadoop-ozone/integration-test/target/test-dir/MiniOzoneClusterImpl-77e39582-9142-4a55-b3af-cb33634f58da/datanode-0/data/ratis/4b6d26c1-1012-4310-b1fa-322f3276be48/in_use.lock acquired by nodename 6385@pr-hdds-2240-9gllg-3097873054
2019-10-03 19:53:36,855 [pool-129-thread-1] INFO  storage.RaftStorageDirectory (RaftStorageDirectory.java:tryLock(328)) - Lock on /workdir/hadoop-ozone/integration-test/target/test-dir/MiniOzoneClusterImpl-77e39582-9142-4a55-b3af-cb33634f58da/datanode-1/data/ratis/4b6d26c1-1012-4310-b1fa-322f3276be48/in_use.lock acquired by nodename 6385@pr-hdds-2240-9gllg-3097873054
2019-10-03 19:53:36,869 [pool-129-thread-1] INFO  storage.RaftStorage (RaftStorage.java:format(84)) - Storage directory /workdir/hadoop-ozone/integration-test/target/test-dir/MiniOzoneClusterImpl-77e39582-9142-4a55-b3af-cb33634f58da/datanode-1/data/ratis/4b6d26c1-1012-4310-b1fa-322f3276be48 has been successfully formatted.
2019-10-03 19:53:36,869 [pool-119-thread-1] INFO  storage.RaftStorage (RaftStorage.java:format(84)) - Storage directory /workdir/hadoop-ozone/integration-test/target/test-dir/MiniOzoneClusterImpl-77e39582-9142-4a55-b3af-cb33634f58da/datanode-0/data/ratis/4b6d26c1-1012-4310-b1fa-322f3276be48 has been successfully formatted.
2019-10-03 19:53:36,869 [pool-179-thread-1] INFO  storage.RaftStorage (RaftStorage.java:format(84)) - Storage directory /workdir/hadoop-ozone/integration-test/target/test-dir/MiniOzoneClusterImpl-77e39582-9142-4a55-b3af-cb33634f58da/datanode-6/data/ratis/4b6d26c1-1012-4310-b1fa-322f3276be48 has been successfully formatted.
2019-10-03 19:53:36,869 [pool-129-thread-1] INFO  ratis.ContainerStateMachine (ContainerStateMachine.java:loadSnapshot(230)) - group-322F3276BE48: The snapshot info is null. Setting the last applied indexto:(t:0, i:~)
2019-10-03 19:53:36,869 [pool-119-thread-1] INFO  ratis.ContainerStateMachine (ContainerStateMachine.java:loadSnapshot(230)) - group-322F3276BE48: The snapshot info is null. Setting the last applied indexto:(t:0, i:~)
2019-10-03 19:53:36,869 [pool-129-thread-1] INFO  server.RaftServerConfigKeys (ConfUtils.java:logGet(43)) - raft.server.notification.no-leader.timeout = 120s (custom)
2019-10-03 19:53:36,869 [pool-179-thread-1] INFO  ratis.ContainerStateMachine (ContainerStateMachine.java:loadSnapshot(230)) - group-322F3276BE48: The snapshot info is null. Setting the last applied indexto:(t:0, i:~)
2019-10-03 19:53:36,869 [pool-129-thread-1] INFO  server.RaftServerConfigKeys (ConfUtils.java:logGet(43)) - raft.server.log.use.memory = false (default)
2019-10-03 19:53:36,869 [pool-119-thread-1] INFO  server.RaftServerConfigKeys (ConfUtils.java:logGet(43)) - raft.server.notification.no-leader.timeout = 120s (custom)
2019-10-03 19:53:36,870 [pool-129-thread-1] INFO  server.RaftServerConfigKeys (ConfUtils.java:logGet(43)) - raft.server.log.purge.gap = 1000000 (custom)
2019-10-03 19:53:36,870 [pool-179-thread-1] INFO  server.RaftServerConfigKeys (ConfUtils.java:logGet(43)) - raft.server.notification.no-leader.timeout = 120s (custom)
2019-10-03 19:53:36,870 [pool-129-thread-1] INFO  server.RaftServerConfigKeys (ConfUtils.java:logGet(43)) - raft.server.log.appender.buffer.byte-limit = 33554432 (custom)
2019-10-03 19:53:36,870 [pool-119-thread-1] INFO  server.RaftServerConfigKeys (ConfUtils.java:logGet(43)) - raft.server.log.use.memory = false (default)
2019-10-03 19:53:36,870 [pool-129-thread-1] INFO  server.RaftServerConfigKeys (ConfUtils.java:logGet(43)) - raft.server.log.segment.size.max = 1048576 (custom)
2019-10-03 19:53:36,870 [pool-179-thread-1] INFO  server.RaftServerConfigKeys (ConfUtils.java:logGet(43)) - raft.server.log.use.memory = false (default)
2019-10-03 19:53:36,870 [pool-129-thread-1] INFO  server.RaftServerConfigKeys (ConfUtils.java:logGet(43)) - raft.server.log.segment.cache.num.max = 2 (custom)
2019-10-03 19:53:36,870 [pool-119-thread-1] INFO  server.RaftServerConfigKeys (ConfUtils.java:logGet(43)) - raft.server.log.purge.gap = 1000000 (custom)
2019-10-03 19:53:36,871 [pool-129-thread-1] INFO  segmented.SegmentedRaftLogWorker (SegmentedRaftLogWorker.java:<init>(173)) - new 85adb8d9-977a-449f-aaa1-6bf478ecc8b3@group-322F3276BE48-SegmentedRaftLogWorker for RaftStorage:Storage Directory /workdir/hadoop-ozone/integration-test/target/test-dir/MiniOzoneClusterImpl-77e39582-9142-4a55-b3af-cb33634f58da/datanode-1/data/ratis/4b6d26c1-1012-4310-b1fa-322f3276be48
2019-10-03 19:53:36,870 [pool-179-thread-1] INFO  server.RaftServerConfigKeys (ConfUtils.java:logGet(43)) - raft.server.log.purge.gap = 1000000 (custom)
2019-10-03 19:53:36,871 [pool-129-thread-1] INFO  server.RaftServerConfigKeys (ConfUtils.java:logGet(43)) - raft.server.log.queue.byte-limit = 2147483647 (custom)
2019-10-03 19:53:36,871 [pool-129-thread-1] INFO  server.RaftServerConfigKeys (ConfUtils.java:logGet(43)) - raft.server.log.queue.element-limit = 1024 (custom)
2019-10-03 19:53:36,871 [pool-119-thread-1] INFO  server.RaftServerConfigKeys (ConfUtils.java:logGet(43)) - raft.server.log.appender.buffer.byte-limit = 33554432 (custom)
2019-10-03 19:53:36,871 [pool-129-thread-1] INFO  server.RaftServerConfigKeys (ConfUtils.java:logGet(43)) - raft.server.log.segment.size.max = 1048576 (custom)
2019-10-03 19:53:36,871 [pool-179-thread-1] INFO  server.RaftServerConfigKeys (ConfUtils.java:logGet(43)) - raft.server.log.appender.buffer.byte-limit = 33554432 (custom)
2019-10-03 19:53:36,871 [pool-129-thread-1] INFO  server.RaftServerConfigKeys (ConfUtils.java:logGet(43)) - raft.server.log.preallocated.size = 16384 (custom)
2019-10-03 19:53:36,871 [pool-119-thread-1] INFO  server.RaftServerConfigKeys (ConfUtils.java:logGet(43)) - raft.server.log.segment.size.max = 1048576 (custom)
2019-10-03 19:53:36,871 [pool-129-thread-1] INFO  server.RaftServerConfigKeys (ConfUtils.java:logGet(43)) - raft.server.log.write.buffer.size = 33554432 (custom)
2019-10-03 19:53:36,871 [pool-179-thread-1] INFO  server.RaftServerConfigKeys (ConfUtils.java:logGet(43)) - raft.server.log.segment.size.max = 1048576 (custom)
2019-10-03 19:53:36,872 [pool-129-thread-1] INFO  server.RaftServerConfigKeys (ConfUtils.java:logGet(43)) - raft.server.log.force.sync.num = 128 (default)
2019-10-03 19:53:36,872 [pool-119-thread-1] INFO  server.RaftServerConfigKeys (ConfUtils.java:logGet(43)) - raft.server.log.segment.cache.num.max = 2 (custom)
2019-10-03 19:53:36,872 [pool-129-thread-1] INFO  server.RaftServerConfigKeys (ConfUtils.java:logGet(43)) - raft.server.log.statemachine.data.sync = true (default)
2019-10-03 19:53:36,872 [pool-179-thread-1] INFO  server.RaftServerConfigKeys (ConfUtils.java:logGet(43)) - raft.server.log.segment.cache.num.max = 2 (custom)
2019-10-03 19:53:36,872 [pool-129-thread-1] INFO  server.RaftServerConfigKeys (ConfUtils.java:logGet(43)) - raft.server.log.statemachine.data.sync.timeout = 10s (default)
2019-10-03 19:53:36,872 [pool-119-thread-1] INFO  segmented.SegmentedRaftLogWorker (SegmentedRaftLogWorker.java:<init>(173)) - new 1382865e-5919-493b-a0b9-5b948d31190f@group-322F3276BE48-SegmentedRaftLogWorker for RaftStorage:Storage Directory /workdir/hadoop-ozone/integration-test/target/test-dir/MiniOzoneClusterImpl-77e39582-9142-4a55-b3af-cb33634f58da/datanode-0/data/ratis/4b6d26c1-1012-4310-b1fa-322f3276be48
2019-10-03 19:53:36,872 [pool-129-thread-1] INFO  server.RaftServerConfigKeys (ConfUtils.java:logGet(43)) - raft.server.log.statemachine.data.sync.timeout.retry = -1 (default)
2019-10-03 19:53:36,872 [pool-179-thread-1] INFO  segmented.SegmentedRaftLogWorker (SegmentedRaftLogWorker.java:<init>(173)) - new 4f3ebc35-d043-4b5d-bf0d-80fd96580666@group-322F3276BE48-SegmentedRaftLogWorker for RaftStorage:Storage Directory /workdir/hadoop-ozone/integration-test/target/test-dir/MiniOzoneClusterImpl-77e39582-9142-4a55-b3af-cb33634f58da/datanode-6/data/ratis/4b6d26c1-1012-4310-b1fa-322f3276be48
2019-10-03 19:53:36,873 [pool-129-thread-1] INFO  server.RaftServerConfigKeys (ConfUtils.java:logGet(43)) - raft.server.log.statemachine.data.caching.enabled = true (custom)
2019-10-03 19:53:36,873 [pool-179-thread-1] INFO  server.RaftServerConfigKeys (ConfUtils.java:logGet(43)) - raft.server.log.queue.byte-limit = 2147483647 (custom)
2019-10-03 19:53:36,872 [pool-119-thread-1] INFO  server.RaftServerConfigKeys (ConfUtils.java:logGet(43)) - raft.server.log.queue.byte-limit = 2147483647 (custom)
2019-10-03 19:53:36,873 [pool-179-thread-1] INFO  server.RaftServerConfigKeys (ConfUtils.java:logGet(43)) - raft.server.log.queue.element-limit = 1024 (custom)
2019-10-03 19:53:36,873 [pool-129-thread-1] INFO  segmented.SegmentedRaftLogWorker (SegmentedRaftLogWorker.java:lambda$new$0(128)) - 85adb8d9-977a-449f-aaa1-6bf478ecc8b3@group-322F3276BE48-SegmentedRaftLogWorker: flushIndex: setUnconditionally 0 -> -1
2019-10-03 19:53:36,873 [pool-179-thread-1] INFO  server.RaftServerConfigKeys (ConfUtils.java:logGet(43)) - raft.server.log.segment.size.max = 1048576 (custom)
2019-10-03 19:53:36,873 [pool-179-thread-1] INFO  server.RaftServerConfigKeys (ConfUtils.java:logGet(43)) - raft.server.log.preallocated.size = 16384 (custom)
2019-10-03 19:53:36,873 [pool-119-thread-1] INFO  server.RaftServerConfigKeys (ConfUtils.java:logGet(43)) - raft.server.log.queue.element-limit = 1024 (custom)
2019-10-03 19:53:36,874 [pool-179-thread-1] INFO  server.RaftServerConfigKeys (ConfUtils.java:logGet(43)) - raft.server.log.write.buffer.size = 33554432 (custom)
2019-10-03 19:53:36,873 [pool-129-thread-1] INFO  server.RaftServerConfigKeys (ConfUtils.java:logGet(43)) - raft.server.snapshot.auto.trigger.enabled = true (custom)
2019-10-03 19:53:36,874 [pool-179-thread-1] INFO  server.RaftServerConfigKeys (ConfUtils.java:logGet(43)) - raft.server.log.force.sync.num = 128 (default)
2019-10-03 19:53:36,874 [pool-179-thread-1] INFO  server.RaftServerConfigKeys (ConfUtils.java:logGet(43)) - raft.server.log.statemachine.data.sync = true (default)
2019-10-03 19:53:36,874 [pool-119-thread-1] INFO  server.RaftServerConfigKeys (ConfUtils.java:logGet(43)) - raft.server.log.segment.size.max = 1048576 (custom)
2019-10-03 19:53:36,874 [pool-179-thread-1] INFO  server.RaftServerConfigKeys (ConfUtils.java:logGet(43)) - raft.server.log.statemachine.data.sync.timeout = 10s (default)
2019-10-03 19:53:36,874 [pool-129-thread-1] INFO  server.RaftServerConfigKeys (ConfUtils.java:logGet(43)) - raft.server.snapshot.auto.trigger.threshold = 10000 (custom)
2019-10-03 19:53:36,874 [pool-179-thread-1] INFO  server.RaftServerConfigKeys (ConfUtils.java:logGet(43)) - raft.server.log.statemachine.data.sync.timeout.retry = -1 (default)
2019-10-03 19:53:36,874 [pool-119-thread-1] INFO  server.RaftServerConfigKeys (ConfUtils.java:logGet(43)) - raft.server.log.preallocated.size = 16384 (custom)
2019-10-03 19:53:36,875 [pool-179-thread-1] INFO  server.RaftServerConfigKeys (ConfUtils.java:logGet(43)) - raft.server.log.statemachine.data.caching.enabled = true (custom)
2019-10-03 19:53:36,874 [pool-129-thread-1] INFO  server.RaftServerConfigKeys (ConfUtils.java:logGet(43)) - raft.server.snapshot.retention.file.num = 5 (custom)
2019-10-03 19:53:36,875 [pool-119-thread-1] INFO  server.RaftServerConfigKeys (ConfUtils.java:logGet(43)) - raft.server.log.write.buffer.size = 33554432 (custom)
2019-10-03 19:53:36,875 [pool-129-thread-1] INFO  server.RaftServerConfigKeys (ConfUtils.java:logGet(43)) - raft.server.retrycache.expirytime = 600000ms (custom)
2019-10-03 19:53:36,875 [pool-179-thread-1] INFO  segmented.SegmentedRaftLogWorker (SegmentedRaftLogWorker.java:lambda$new$0(128)) - 4f3ebc35-d043-4b5d-bf0d-80fd96580666@group-322F3276BE48-SegmentedRaftLogWorker: flushIndex: setUnconditionally 0 -> -1
2019-10-03 19:53:36,875 [pool-119-thread-1] INFO  server.RaftServerConfigKeys (ConfUtils.java:logGet(43)) - raft.server.log.force.sync.num = 128 (default)
2019-10-03 19:53:36,875 [pool-179-thread-1] INFO  server.RaftServerConfigKeys (ConfUtils.java:logGet(43)) - raft.server.snapshot.auto.trigger.enabled = true (custom)
2019-10-03 19:53:36,875 [pool-119-thread-1] INFO  server.RaftServerConfigKeys (ConfUtils.java:logGet(43)) - raft.server.log.statemachine.data.sync = true (default)
2019-10-03 19:53:36,875 [pool-179-thread-1] INFO  server.RaftServerConfigKeys (ConfUtils.java:logGet(43)) - raft.server.snapshot.auto.trigger.threshold = 10000 (custom)
2019-10-03 19:53:36,876 [pool-119-thread-1] INFO  server.RaftServerConfigKeys (ConfUtils.java:logGet(43)) - raft.server.log.statemachine.data.sync.timeout = 10s (default)
2019-10-03 19:53:36,876 [pool-119-thread-1] INFO  server.RaftServerConfigKeys (ConfUtils.java:logGet(43)) - raft.server.log.statemachine.data.sync.timeout.retry = -1 (default)
2019-10-03 19:53:36,876 [pool-179-thread-1] INFO  server.RaftServerConfigKeys (ConfUtils.java:logGet(43)) - raft.server.snapshot.retention.file.num = 5 (custom)
2019-10-03 19:53:36,876 [pool-119-thread-1] INFO  server.RaftServerConfigKeys (ConfUtils.java:logGet(43)) - raft.server.log.statemachine.data.caching.enabled = true (custom)
2019-10-03 19:53:36,876 [pool-179-thread-1] INFO  server.RaftServerConfigKeys (ConfUtils.java:logGet(43)) - raft.server.retrycache.expirytime = 600000ms (custom)
2019-10-03 19:53:36,876 [pool-119-thread-1] INFO  segmented.SegmentedRaftLogWorker (SegmentedRaftLogWorker.java:lambda$new$0(128)) - 1382865e-5919-493b-a0b9-5b948d31190f@group-322F3276BE48-SegmentedRaftLogWorker: flushIndex: setUnconditionally 0 -> -1
2019-10-03 19:53:36,877 [pool-129-thread-1] INFO  impl.RaftServerImpl (RaftServerImpl.java:start(181)) - 85adb8d9-977a-449f-aaa1-6bf478ecc8b3@group-322F3276BE48: start as a follower, conf=-1: [4f3ebc35-d043-4b5d-bf0d-80fd96580666:192.168.164.206:44754, 1382865e-5919-493b-a0b9-5b948d31190f:192.168.164.206:39135, 85adb8d9-977a-449f-aaa1-6bf478ecc8b3:192.168.164.206:38347], old=null
2019-10-03 19:53:36,877 [pool-119-thread-1] INFO  server.RaftServerConfigKeys (ConfUtils.java:logGet(43)) - raft.server.snapshot.auto.trigger.enabled = true (custom)
2019-10-03 19:53:36,877 [pool-129-thread-1] INFO  impl.RaftServerImpl (RaftServerImpl.java:setRole(170)) - 85adb8d9-977a-449f-aaa1-6bf478ecc8b3@group-322F3276BE48: changes role from      null to FOLLOWER at term 0 for startAsFollower
2019-10-03 19:53:36,877 [pool-119-thread-1] INFO  server.RaftServerConfigKeys (ConfUtils.java:logGet(43)) - raft.server.snapshot.auto.trigger.threshold = 10000 (custom)
2019-10-03 19:53:36,877 [pool-129-thread-1] INFO  impl.RoleInfo (RoleInfo.java:updateAndGet(143)) - 85adb8d9-977a-449f-aaa1-6bf478ecc8b3: start FollowerState
2019-10-03 19:53:36,877 [pool-119-thread-1] INFO  server.RaftServerConfigKeys (ConfUtils.java:logGet(43)) - raft.server.snapshot.retention.file.num = 5 (custom)
2019-10-03 19:53:36,878 [pool-119-thread-1] INFO  server.RaftServerConfigKeys (ConfUtils.java:logGet(43)) - raft.server.retrycache.expirytime = 600000ms (custom)
2019-10-03 19:53:36,878 [pool-129-thread-1] INFO  util.JmxRegister (JmxRegister.java:tryRegister(44)) - Successfully registered JMX Bean with object name Ratis:service=RaftServer,group=group-322F3276BE48,id=85adb8d9-977a-449f-aaa1-6bf478ecc8b3
2019-10-03 19:53:36,881 [pool-179-thread-1] INFO  impl.RaftServerImpl (RaftServerImpl.java:start(181)) - 4f3ebc35-d043-4b5d-bf0d-80fd96580666@group-322F3276BE48: start as a follower, conf=-1: [4f3ebc35-d043-4b5d-bf0d-80fd96580666:192.168.164.206:44754, 1382865e-5919-493b-a0b9-5b948d31190f:192.168.164.206:39135, 85adb8d9-977a-449f-aaa1-6bf478ecc8b3:192.168.164.206:38347], old=null
2019-10-03 19:53:36,881 [pool-179-thread-1] INFO  impl.RaftServerImpl (RaftServerImpl.java:setRole(170)) - 4f3ebc35-d043-4b5d-bf0d-80fd96580666@group-322F3276BE48: changes role from      null to FOLLOWER at term 0 for startAsFollower
2019-10-03 19:53:36,881 [pool-179-thread-1] INFO  impl.RoleInfo (RoleInfo.java:updateAndGet(143)) - 4f3ebc35-d043-4b5d-bf0d-80fd96580666: start FollowerState
2019-10-03 19:53:36,881 [pool-119-thread-1] INFO  impl.RaftServerImpl (RaftServerImpl.java:start(181)) - 1382865e-5919-493b-a0b9-5b948d31190f@group-322F3276BE48: start as a follower, conf=-1: [4f3ebc35-d043-4b5d-bf0d-80fd96580666:192.168.164.206:44754, 1382865e-5919-493b-a0b9-5b948d31190f:192.168.164.206:39135, 85adb8d9-977a-449f-aaa1-6bf478ecc8b3:192.168.164.206:38347], old=null
2019-10-03 19:53:36,882 [pool-119-thread-1] INFO  impl.RaftServerImpl (RaftServerImpl.java:setRole(170)) - 1382865e-5919-493b-a0b9-5b948d31190f@group-322F3276BE48: changes role from      null to FOLLOWER at term 0 for startAsFollower
2019-10-03 19:53:36,882 [pool-179-thread-1] INFO  util.JmxRegister (JmxRegister.java:tryRegister(44)) - Successfully registered JMX Bean with object name Ratis:service=RaftServer,group=group-322F3276BE48,id=4f3ebc35-d043-4b5d-bf0d-80fd96580666
2019-10-03 19:53:36,882 [pool-119-thread-1] INFO  impl.RoleInfo (RoleInfo.java:updateAndGet(143)) - 1382865e-5919-493b-a0b9-5b948d31190f: start FollowerState
2019-10-03 19:53:36,882 [pool-119-thread-1] INFO  util.JmxRegister (JmxRegister.java:tryRegister(44)) - Successfully registered JMX Bean with object name Ratis:service=RaftServer,group=group-322F3276BE48,id=1382865e-5919-493b-a0b9-5b948d31190f
2019-10-03 19:53:36,888 [RatisPipelineUtilsThread] INFO  pipeline.PipelineStateManager (PipelineStateManager.java:addPipeline(56)) - Created pipeline Pipeline[ Id: 4b6d26c1-1012-4310-b1fa-322f3276be48, Nodes: 85adb8d9-977a-449f-aaa1-6bf478ecc8b3{ip: 192.168.164.206, host: pr-hdds-2240-9gllg-3097873054, networkLocation: /default-rack, certSerialId: null}4f3ebc35-d043-4b5d-bf0d-80fd96580666{ip: 192.168.164.206, host: pr-hdds-2240-9gllg-3097873054, networkLocation: /default-rack, certSerialId: null}1382865e-5919-493b-a0b9-5b948d31190f{ip: 192.168.164.206, host: pr-hdds-2240-9gllg-3097873054, networkLocation: /default-rack, certSerialId: null}, Type:RATIS, Factor:THREE, State:OPEN]
2019-10-03 19:53:39,033 [Thread-691] INFO  container.ReplicationManager (ReplicationManager.java:start(162)) - Starting Replication Monitor Thread.
2019-10-03 19:53:39,037 [ReplicationMonitor] INFO  container.ReplicationManager (ReplicationManager.java:run(225)) - Replication Monitor Thread took 0 milliseconds for processing 3 containers.
2019-10-03 19:53:41,129 [Thread-693] INFO  impl.FollowerState (FollowerState.java:run(108)) - 1382865e-5919-493b-a0b9-5b948d31190f@group-9543520C701E-FollowerState: change to CANDIDATE, lastRpcTime:5026ms, electionTimeout:5026ms
2019-10-03 19:53:41,129 [Thread-693] INFO  impl.RoleInfo (RoleInfo.java:shutdownFollowerState(121)) - 1382865e-5919-493b-a0b9-5b948d31190f: shutdown FollowerState
2019-10-03 19:53:41,130 [Thread-693] INFO  impl.RaftServerImpl (RaftServerImpl.java:setRole(170)) - 1382865e-5919-493b-a0b9-5b948d31190f@group-9543520C701E: changes role from  FOLLOWER to CANDIDATE at term 0 for changeToCandidate
2019-10-03 19:53:41,130 [Thread-693] INFO  impl.RoleInfo (RoleInfo.java:updateAndGet(143)) - 1382865e-5919-493b-a0b9-5b948d31190f: start LeaderElection
2019-10-03 19:53:41,177 [1382865e-5919-493b-a0b9-5b948d31190f@group-9543520C701E-LeaderElection16] INFO  impl.LeaderElection (LeaderElection.java:askForVotes(178)) - 1382865e-5919-493b-a0b9-5b948d31190f@group-9543520C701E-LeaderElection16: begin an election at term 1 for -1: [1382865e-5919-493b-a0b9-5b948d31190f:192.168.164.206:39135], old=null
2019-10-03 19:53:41,178 [1382865e-5919-493b-a0b9-5b948d31190f@group-9543520C701E-LeaderElection16] INFO  impl.RoleInfo (RoleInfo.java:shutdownLeaderElection(134)) - 1382865e-5919-493b-a0b9-5b948d31190f: shutdown LeaderElection
2019-10-03 19:53:41,178 [1382865e-5919-493b-a0b9-5b948d31190f@group-9543520C701E-LeaderElection16] INFO  impl.RaftServerImpl (RaftServerImpl.java:setRole(170)) - 1382865e-5919-493b-a0b9-5b948d31190f@group-9543520C701E: changes role from CANDIDATE to LEADER at term 1 for changeToLeader
2019-10-03 19:53:41,178 [1382865e-5919-493b-a0b9-5b948d31190f@group-9543520C701E-LeaderElection16] INFO  impl.RaftServerImpl (ServerState.java:setLeader(255)) - 1382865e-5919-493b-a0b9-5b948d31190f@group-9543520C701E: change Leader from null to 1382865e-5919-493b-a0b9-5b948d31190f at term 1 for becomeLeader, leader elected after 5085ms
2019-10-03 19:53:41,180 [1382865e-5919-493b-a0b9-5b948d31190f@group-9543520C701E-LeaderElection16] INFO  server.RaftServerConfigKeys (ConfUtils.java:logGet(43)) - raft.server.staging.catchup.gap = 1000 (default)
2019-10-03 19:53:41,181 [1382865e-5919-493b-a0b9-5b948d31190f@group-9543520C701E-LeaderElection16] INFO  server.RaftServerConfigKeys (ConfUtils.java:logGet(43)) - raft.server.rpc.sleep.time = 25ms (default)
2019-10-03 19:53:41,181 [1382865e-5919-493b-a0b9-5b948d31190f@group-9543520C701E-LeaderElection16] INFO  server.RaftServerConfigKeys (ConfUtils.java:logGet(43)) - raft.server.write.element-limit = 4096 (default)
2019-10-03 19:53:41,181 [1382865e-5919-493b-a0b9-5b948d31190f@group-9543520C701E-LeaderElection16] INFO  server.RaftServerConfigKeys (ConfUtils.java:logGet(43)) - raft.server.watch.timeout = 10s (default)
2019-10-03 19:53:41,182 [1382865e-5919-493b-a0b9-5b948d31190f@group-9543520C701E-LeaderElection16] INFO  server.RaftServerConfigKeys (ConfUtils.java:logGet(43)) - raft.server.watch.timeout.denomination = 1s (default)
2019-10-03 19:53:41,182 [1382865e-5919-493b-a0b9-5b948d31190f@group-9543520C701E-LeaderElection16] INFO  server.RaftServerConfigKeys (ConfUtils.java:logGet(43)) - raft.server.watch.element-limit = 65536 (default)
2019-10-03 19:53:41,186 [1382865e-5919-493b-a0b9-5b948d31190f@group-9543520C701E-LeaderElection16] INFO  impl.RoleInfo (RoleInfo.java:updateAndGet(143)) - 1382865e-5919-493b-a0b9-5b948d31190f: start LeaderState
2019-10-03 19:53:41,187 [1382865e-5919-493b-a0b9-5b948d31190f@group-9543520C701E-LeaderElection16] INFO  segmented.SegmentedRaftLogWorker (SegmentedRaftLogWorker.java:startLogSegment(385)) - 1382865e-5919-493b-a0b9-5b948d31190f@group-9543520C701E-SegmentedRaftLogWorker: Starting segment from index:0
2019-10-03 19:53:41,188 [1382865e-5919-493b-a0b9-5b948d31190f@group-9543520C701E-LeaderElection16] INFO  impl.RaftServerImpl (ServerState.java:setRaftConf(356)) - 1382865e-5919-493b-a0b9-5b948d31190f@group-9543520C701E: set configuration 0: [1382865e-5919-493b-a0b9-5b948d31190f:192.168.164.206:39135], old=null at 0
2019-10-03 19:53:41,230 [1382865e-5919-493b-a0b9-5b948d31190f@group-9543520C701E-SegmentedRaftLogWorker] INFO  segmented.SegmentedRaftLogWorker (SegmentedRaftLogWorker.java:execute(574)) - 1382865e-5919-493b-a0b9-5b948d31190f@group-9543520C701E-SegmentedRaftLogWorker: created new log segment /workdir/hadoop-ozone/integration-test/target/test-dir/MiniOzoneClusterImpl-77e39582-9142-4a55-b3af-cb33634f58da/datanode-0/data/ratis/79e0ec59-426c-4de9-8ba8-9543520c701e/current/log_inprogress_0
2019-10-03 19:53:41,351 [Thread-696] INFO  impl.FollowerState (FollowerState.java:run(108)) - 85adb8d9-977a-449f-aaa1-6bf478ecc8b3@group-B2B2E88743C3-FollowerState: change to CANDIDATE, lastRpcTime:5027ms, electionTimeout:5022ms
2019-10-03 19:53:41,351 [Thread-696] INFO  impl.RoleInfo (RoleInfo.java:shutdownFollowerState(121)) - 85adb8d9-977a-449f-aaa1-6bf478ecc8b3: shutdown FollowerState
2019-10-03 19:53:41,352 [Thread-696] INFO  impl.RaftServerImpl (RaftServerImpl.java:setRole(170)) - 85adb8d9-977a-449f-aaa1-6bf478ecc8b3@group-B2B2E88743C3: changes role from  FOLLOWER to CANDIDATE at term 0 for changeToCandidate
2019-10-03 19:53:41,352 [Thread-696] INFO  impl.RoleInfo (RoleInfo.java:updateAndGet(143)) - 85adb8d9-977a-449f-aaa1-6bf478ecc8b3: start LeaderElection
2019-10-03 19:53:41,367 [85adb8d9-977a-449f-aaa1-6bf478ecc8b3@group-B2B2E88743C3-LeaderElection17] INFO  impl.LeaderElection (LeaderElection.java:askForVotes(178)) - 85adb8d9-977a-449f-aaa1-6bf478ecc8b3@group-B2B2E88743C3-LeaderElection17: begin an election at term 1 for -1: [85adb8d9-977a-449f-aaa1-6bf478ecc8b3:192.168.164.206:38347], old=null
2019-10-03 19:53:41,367 [85adb8d9-977a-449f-aaa1-6bf478ecc8b3@group-B2B2E88743C3-LeaderElection17] INFO  impl.RoleInfo (RoleInfo.java:shutdownLeaderElection(134)) - 85adb8d9-977a-449f-aaa1-6bf478ecc8b3: shutdown LeaderElection
2019-10-03 19:53:41,367 [85adb8d9-977a-449f-aaa1-6bf478ecc8b3@group-B2B2E88743C3-LeaderElection17] INFO  impl.RaftServerImpl (RaftServerImpl.java:setRole(170)) - 85adb8d9-977a-449f-aaa1-6bf478ecc8b3@group-B2B2E88743C3: changes role from CANDIDATE to LEADER at term 1 for changeToLeader
2019-10-03 19:53:41,367 [85adb8d9-977a-449f-aaa1-6bf478ecc8b3@group-B2B2E88743C3-LeaderElection17] INFO  impl.RaftServerImpl (ServerState.java:setLeader(255)) - 85adb8d9-977a-449f-aaa1-6bf478ecc8b3@group-B2B2E88743C3: change Leader from null to 85adb8d9-977a-449f-aaa1-6bf478ecc8b3 at term 1 for becomeLeader, leader elected after 5221ms
2019-10-03 19:53:41,369 [85adb8d9-977a-449f-aaa1-6bf478ecc8b3@group-B2B2E88743C3-LeaderElection17] INFO  server.RaftServerConfigKeys (ConfUtils.java:logGet(43)) - raft.server.staging.catchup.gap = 1000 (default)
2019-10-03 19:53:41,369 [85adb8d9-977a-449f-aaa1-6bf478ecc8b3@group-B2B2E88743C3-LeaderElection17] INFO  server.RaftServerConfigKeys (ConfUtils.java:logGet(43)) - raft.server.rpc.sleep.time = 25ms (default)
2019-10-03 19:53:41,370 [85adb8d9-977a-449f-aaa1-6bf478ecc8b3@group-B2B2E88743C3-LeaderElection17] INFO  server.RaftServerConfigKeys (ConfUtils.java:logGet(43)) - raft.server.write.element-limit = 4096 (default)
2019-10-03 19:53:41,370 [85adb8d9-977a-449f-aaa1-6bf478ecc8b3@group-B2B2E88743C3-LeaderElection17] INFO  server.RaftServerConfigKeys (ConfUtils.java:logGet(43)) - raft.server.watch.timeout = 10s (default)
2019-10-03 19:53:41,370 [85adb8d9-977a-449f-aaa1-6bf478ecc8b3@group-B2B2E88743C3-LeaderElection17] INFO  server.RaftServerConfigKeys (ConfUtils.java:logGet(43)) - raft.server.watch.timeout.denomination = 1s (default)
2019-10-03 19:53:41,370 [85adb8d9-977a-449f-aaa1-6bf478ecc8b3@group-B2B2E88743C3-LeaderElection17] INFO  server.RaftServerConfigKeys (ConfUtils.java:logGet(43)) - raft.server.watch.element-limit = 65536 (default)
2019-10-03 19:53:41,372 [85adb8d9-977a-449f-aaa1-6bf478ecc8b3@group-B2B2E88743C3-LeaderElection17] INFO  impl.RoleInfo (RoleInfo.java:updateAndGet(143)) - 85adb8d9-977a-449f-aaa1-6bf478ecc8b3: start LeaderState
2019-10-03 19:53:41,373 [85adb8d9-977a-449f-aaa1-6bf478ecc8b3@group-B2B2E88743C3-LeaderElection17] INFO  segmented.SegmentedRaftLogWorker (SegmentedRaftLogWorker.java:startLogSegment(385)) - 85adb8d9-977a-449f-aaa1-6bf478ecc8b3@group-B2B2E88743C3-SegmentedRaftLogWorker: Starting segment from index:0
2019-10-03 19:53:41,373 [85adb8d9-977a-449f-aaa1-6bf478ecc8b3@group-B2B2E88743C3-LeaderElection17] INFO  impl.RaftServerImpl (ServerState.java:setRaftConf(356)) - 85adb8d9-977a-449f-aaa1-6bf478ecc8b3@group-B2B2E88743C3: set configuration 0: [85adb8d9-977a-449f-aaa1-6bf478ecc8b3:192.168.164.206:38347], old=null at 0
2019-10-03 19:53:41,417 [85adb8d9-977a-449f-aaa1-6bf478ecc8b3@group-B2B2E88743C3-SegmentedRaftLogWorker] INFO  segmented.SegmentedRaftLogWorker (SegmentedRaftLogWorker.java:execute(574)) - 85adb8d9-977a-449f-aaa1-6bf478ecc8b3@group-B2B2E88743C3-SegmentedRaftLogWorker: created new log segment /workdir/hadoop-ozone/integration-test/target/test-dir/MiniOzoneClusterImpl-77e39582-9142-4a55-b3af-cb33634f58da/datanode-1/data/ratis/1858a6d1-9719-4cda-9e38-b2b2e88743c3/current/log_inprogress_0
2019-10-03 19:53:41,510 [Thread-699] INFO  impl.FollowerState (FollowerState.java:run(108)) - 0b18d462-2775-44df-b49b-86e097963cba@group-DB0DC77759EB-FollowerState: change to CANDIDATE, lastRpcTime:5070ms, electionTimeout:5070ms
2019-10-03 19:53:41,510 [Thread-699] INFO  impl.RoleInfo (RoleInfo.java:shutdownFollowerState(121)) - 0b18d462-2775-44df-b49b-86e097963cba: shutdown FollowerState
2019-10-03 19:53:41,510 [Thread-699] INFO  impl.RaftServerImpl (RaftServerImpl.java:setRole(170)) - 0b18d462-2775-44df-b49b-86e097963cba@group-DB0DC77759EB: changes role from  FOLLOWER to CANDIDATE at term 0 for changeToCandidate
2019-10-03 19:53:41,510 [Thread-699] INFO  impl.RoleInfo (RoleInfo.java:updateAndGet(143)) - 0b18d462-2775-44df-b49b-86e097963cba: start LeaderElection
2019-10-03 19:53:41,535 [0b18d462-2775-44df-b49b-86e097963cba@group-DB0DC77759EB-LeaderElection18] INFO  impl.LeaderElection (LeaderElection.java:askForVotes(178)) - 0b18d462-2775-44df-b49b-86e097963cba@group-DB0DC77759EB-LeaderElection18: begin an election at term 1 for -1: [0b18d462-2775-44df-b49b-86e097963cba:192.168.164.206:45649], old=null
2019-10-03 19:53:41,536 [0b18d462-2775-44df-b49b-86e097963cba@group-DB0DC77759EB-LeaderElection18] INFO  impl.RoleInfo (RoleInfo.java:shutdownLeaderElection(134)) - 0b18d462-2775-44df-b49b-86e097963cba: shutdown LeaderElection
2019-10-03 19:53:41,536 [0b18d462-2775-44df-b49b-86e097963cba@group-DB0DC77759EB-LeaderElection18] INFO  impl.RaftServerImpl (RaftServerImpl.java:setRole(170)) - 0b18d462-2775-44df-b49b-86e097963cba@group-DB0DC77759EB: changes role from CANDIDATE to LEADER at term 1 for changeToLeader
2019-10-03 19:53:41,536 [0b18d462-2775-44df-b49b-86e097963cba@group-DB0DC77759EB-LeaderElection18] INFO  impl.RaftServerImpl (ServerState.java:setLeader(255)) - 0b18d462-2775-44df-b49b-86e097963cba@group-DB0DC77759EB: change Leader from null to 0b18d462-2775-44df-b49b-86e097963cba at term 1 for becomeLeader, leader elected after 5106ms
2019-10-03 19:53:41,539 [0b18d462-2775-44df-b49b-86e097963cba@group-DB0DC77759EB-LeaderElection18] INFO  server.RaftServerConfigKeys (ConfUtils.java:logGet(43)) - raft.server.staging.catchup.gap = 1000 (default)
2019-10-03 19:53:41,539 [0b18d462-2775-44df-b49b-86e097963cba@group-DB0DC77759EB-LeaderElection18] INFO  server.RaftServerConfigKeys (ConfUtils.java:logGet(43)) - raft.server.rpc.sleep.time = 25ms (default)
2019-10-03 19:53:41,539 [0b18d462-2775-44df-b49b-86e097963cba@group-DB0DC77759EB-LeaderElection18] INFO  server.RaftServerConfigKeys (ConfUtils.java:logGet(43)) - raft.server.write.element-limit = 4096 (default)
2019-10-03 19:53:41,540 [0b18d462-2775-44df-b49b-86e097963cba@group-DB0DC77759EB-LeaderElection18] INFO  server.RaftServerConfigKeys (ConfUtils.java:logGet(43)) - raft.server.watch.timeout = 10s (default)
2019-10-03 19:53:41,540 [0b18d462-2775-44df-b49b-86e097963cba@group-DB0DC77759EB-LeaderElection18] INFO  server.RaftServerConfigKeys (ConfUtils.java:logGet(43)) - raft.server.watch.timeout.denomination = 1s (default)
2019-10-03 19:53:41,540 [0b18d462-2775-44df-b49b-86e097963cba@group-DB0DC77759EB-LeaderElection18] INFO  server.RaftServerConfigKeys (ConfUtils.java:logGet(43)) - raft.server.watch.element-limit = 65536 (default)
2019-10-03 19:53:41,543 [0b18d462-2775-44df-b49b-86e097963cba@group-DB0DC77759EB-LeaderElection18] INFO  impl.RoleInfo (RoleInfo.java:updateAndGet(143)) - 0b18d462-2775-44df-b49b-86e097963cba: start LeaderState
2019-10-03 19:53:41,543 [0b18d462-2775-44df-b49b-86e097963cba@group-DB0DC77759EB-LeaderElection18] INFO  segmented.SegmentedRaftLogWorker (SegmentedRaftLogWorker.java:startLogSegment(385)) - 0b18d462-2775-44df-b49b-86e097963cba@group-DB0DC77759EB-SegmentedRaftLogWorker: Starting segment from index:0
2019-10-03 19:53:41,544 [0b18d462-2775-44df-b49b-86e097963cba@group-DB0DC77759EB-LeaderElection18] INFO  impl.RaftServerImpl (ServerState.java:setRaftConf(356)) - 0b18d462-2775-44df-b49b-86e097963cba@group-DB0DC77759EB: set configuration 0: [0b18d462-2775-44df-b49b-86e097963cba:192.168.164.206:45649], old=null at 0
2019-10-03 19:53:41,594 [0b18d462-2775-44df-b49b-86e097963cba@group-DB0DC77759EB-SegmentedRaftLogWorker] INFO  segmented.SegmentedRaftLogWorker (SegmentedRaftLogWorker.java:execute(574)) - 0b18d462-2775-44df-b49b-86e097963cba@group-DB0DC77759EB-SegmentedRaftLogWorker: created new log segment /workdir/hadoop-ozone/integration-test/target/test-dir/MiniOzoneClusterImpl-77e39582-9142-4a55-b3af-cb33634f58da/datanode-3/data/ratis/b0f06820-9b2c-406b-91ca-db0dc77759eb/current/log_inprogress_0
2019-10-03 19:53:41,606 [Thread-707] INFO  impl.FollowerState (FollowerState.java:run(108)) - eeae474c-c7bf-4f3c-8ade-79d32018334d@group-BB1DD497D136-FollowerState: change to CANDIDATE, lastRpcTime:5011ms, electionTimeout:5011ms
2019-10-03 19:53:41,606 [Thread-707] INFO  impl.RoleInfo (RoleInfo.java:shutdownFollowerState(121)) - eeae474c-c7bf-4f3c-8ade-79d32018334d: shutdown FollowerState
2019-10-03 19:53:41,606 [Thread-707] INFO  impl.RaftServerImpl (RaftServerImpl.java:setRole(170)) - eeae474c-c7bf-4f3c-8ade-79d32018334d@group-BB1DD497D136: changes role from  FOLLOWER to CANDIDATE at term 0 for changeToCandidate
2019-10-03 19:53:41,606 [Thread-707] INFO  impl.RoleInfo (RoleInfo.java:updateAndGet(143)) - eeae474c-c7bf-4f3c-8ade-79d32018334d: start LeaderElection
2019-10-03 19:53:41,627 [eeae474c-c7bf-4f3c-8ade-79d32018334d@group-BB1DD497D136-LeaderElection19] INFO  impl.LeaderElection (LeaderElection.java:askForVotes(178)) - eeae474c-c7bf-4f3c-8ade-79d32018334d@group-BB1DD497D136-LeaderElection19: begin an election at term 1 for -1: [eeae474c-c7bf-4f3c-8ade-79d32018334d:192.168.164.206:46683], old=null
2019-10-03 19:53:41,627 [eeae474c-c7bf-4f3c-8ade-79d32018334d@group-BB1DD497D136-LeaderElection19] INFO  impl.RoleInfo (RoleInfo.java:shutdownLeaderElection(134)) - eeae474c-c7bf-4f3c-8ade-79d32018334d: shutdown LeaderElection
2019-10-03 19:53:41,628 [eeae474c-c7bf-4f3c-8ade-79d32018334d@group-BB1DD497D136-LeaderElection19] INFO  impl.RaftServerImpl (RaftServerImpl.java:setRole(170)) - eeae474c-c7bf-4f3c-8ade-79d32018334d@group-BB1DD497D136: changes role from CANDIDATE to LEADER at term 1 for changeToLeader
2019-10-03 19:53:41,628 [eeae474c-c7bf-4f3c-8ade-79d32018334d@group-BB1DD497D136-LeaderElection19] INFO  impl.RaftServerImpl (ServerState.java:setLeader(255)) - eeae474c-c7bf-4f3c-8ade-79d32018334d@group-BB1DD497D136: change Leader from null to eeae474c-c7bf-4f3c-8ade-79d32018334d at term 1 for becomeLeader, leader elected after 5042ms
2019-10-03 19:53:41,630 [eeae474c-c7bf-4f3c-8ade-79d32018334d@group-BB1DD497D136-LeaderElection19] INFO  server.RaftServerConfigKeys (ConfUtils.java:logGet(43)) - raft.server.staging.catchup.gap = 1000 (default)
2019-10-03 19:53:41,630 [eeae474c-c7bf-4f3c-8ade-79d32018334d@group-BB1DD497D136-LeaderElection19] INFO  server.RaftServerConfigKeys (ConfUtils.java:logGet(43)) - raft.server.rpc.sleep.time = 25ms (default)
2019-10-03 19:53:41,630 [eeae474c-c7bf-4f3c-8ade-79d32018334d@group-BB1DD497D136-LeaderElection19] INFO  server.RaftServerConfigKeys (ConfUtils.java:logGet(43)) - raft.server.write.element-limit = 4096 (default)
2019-10-03 19:53:41,630 [eeae474c-c7bf-4f3c-8ade-79d32018334d@group-BB1DD497D136-LeaderElection19] INFO  server.RaftServerConfigKeys (ConfUtils.java:logGet(43)) - raft.server.watch.timeout = 10s (default)
2019-10-03 19:53:41,630 [eeae474c-c7bf-4f3c-8ade-79d32018334d@group-BB1DD497D136-LeaderElection19] INFO  server.RaftServerConfigKeys (ConfUtils.java:logGet(43)) - raft.server.watch.timeout.denomination = 1s (default)
2019-10-03 19:53:41,631 [eeae474c-c7bf-4f3c-8ade-79d32018334d@group-BB1DD497D136-LeaderElection19] INFO  server.RaftServerConfigKeys (ConfUtils.java:logGet(43)) - raft.server.watch.element-limit = 65536 (default)
2019-10-03 19:53:41,632 [eeae474c-c7bf-4f3c-8ade-79d32018334d@group-BB1DD497D136-LeaderElection19] INFO  impl.RoleInfo (RoleInfo.java:updateAndGet(143)) - eeae474c-c7bf-4f3c-8ade-79d32018334d: start LeaderState
2019-10-03 19:53:41,632 [eeae474c-c7bf-4f3c-8ade-79d32018334d@group-BB1DD497D136-LeaderElection19] INFO  segmented.SegmentedRaftLogWorker (SegmentedRaftLogWorker.java:startLogSegment(385)) - eeae474c-c7bf-4f3c-8ade-79d32018334d@group-BB1DD497D136-SegmentedRaftLogWorker: Starting segment from index:0
2019-10-03 19:53:41,633 [eeae474c-c7bf-4f3c-8ade-79d32018334d@group-BB1DD497D136-LeaderElection19] INFO  impl.RaftServerImpl (ServerState.java:setRaftConf(356)) - eeae474c-c7bf-4f3c-8ade-79d32018334d@group-BB1DD497D136: set configuration 0: [eeae474c-c7bf-4f3c-8ade-79d32018334d:192.168.164.206:46683], old=null at 0
2019-10-03 19:53:41,670 [Thread-704] INFO  impl.FollowerState (FollowerState.java:run(108)) - 8d51f233-9e6f-4432-8b34-aab0b8be1295@group-8FC31F3EFCFD-FollowerState: change to CANDIDATE, lastRpcTime:5163ms, electionTimeout:5163ms
2019-10-03 19:53:41,671 [Thread-704] INFO  impl.RoleInfo (RoleInfo.java:shutdownFollowerState(121)) - 8d51f233-9e6f-4432-8b34-aab0b8be1295: shutdown FollowerState
2019-10-03 19:53:41,671 [Thread-704] INFO  impl.RaftServerImpl (RaftServerImpl.java:setRole(170)) - 8d51f233-9e6f-4432-8b34-aab0b8be1295@group-8FC31F3EFCFD: changes role from  FOLLOWER to CANDIDATE at term 0 for changeToCandidate
2019-10-03 19:53:41,671 [Thread-704] INFO  impl.RoleInfo (RoleInfo.java:updateAndGet(143)) - 8d51f233-9e6f-4432-8b34-aab0b8be1295: start LeaderElection
2019-10-03 19:53:41,672 [eeae474c-c7bf-4f3c-8ade-79d32018334d@group-BB1DD497D136-SegmentedRaftLogWorker] INFO  segmented.SegmentedRaftLogWorker (SegmentedRaftLogWorker.java:execute(574)) - eeae474c-c7bf-4f3c-8ade-79d32018334d@group-BB1DD497D136-SegmentedRaftLogWorker: created new log segment /workdir/hadoop-ozone/integration-test/target/test-dir/MiniOzoneClusterImpl-77e39582-9142-4a55-b3af-cb33634f58da/datanode-2/data/ratis/801258a5-6031-4c90-91ad-bb1dd497d136/current/log_inprogress_0
2019-10-03 19:53:41,693 [8d51f233-9e6f-4432-8b34-aab0b8be1295@group-8FC31F3EFCFD-LeaderElection20] INFO  impl.LeaderElection (LeaderElection.java:askForVotes(178)) - 8d51f233-9e6f-4432-8b34-aab0b8be1295@group-8FC31F3EFCFD-LeaderElection20: begin an election at term 1 for -1: [8d51f233-9e6f-4432-8b34-aab0b8be1295:192.168.164.206:45434], old=null
2019-10-03 19:53:41,693 [8d51f233-9e6f-4432-8b34-aab0b8be1295@group-8FC31F3EFCFD-LeaderElection20] INFO  impl.RoleInfo (RoleInfo.java:shutdownLeaderElection(134)) - 8d51f233-9e6f-4432-8b34-aab0b8be1295: shutdown LeaderElection
2019-10-03 19:53:41,693 [8d51f233-9e6f-4432-8b34-aab0b8be1295@group-8FC31F3EFCFD-LeaderElection20] INFO  impl.RaftServerImpl (RaftServerImpl.java:setRole(170)) - 8d51f233-9e6f-4432-8b34-aab0b8be1295@group-8FC31F3EFCFD: changes role from CANDIDATE to LEADER at term 1 for changeToLeader
2019-10-03 19:53:41,693 [8d51f233-9e6f-4432-8b34-aab0b8be1295@group-8FC31F3EFCFD-LeaderElection20] INFO  impl.RaftServerImpl (ServerState.java:setLeader(255)) - 8d51f233-9e6f-4432-8b34-aab0b8be1295@group-8FC31F3EFCFD: change Leader from null to 8d51f233-9e6f-4432-8b34-aab0b8be1295 at term 1 for becomeLeader, leader elected after 5207ms
2019-10-03 19:53:41,696 [8d51f233-9e6f-4432-8b34-aab0b8be1295@group-8FC31F3EFCFD-LeaderElection20] INFO  server.RaftServerConfigKeys (ConfUtils.java:logGet(43)) - raft.server.staging.catchup.gap = 1000 (default)
2019-10-03 19:53:41,696 [8d51f233-9e6f-4432-8b34-aab0b8be1295@group-8FC31F3EFCFD-LeaderElection20] INFO  server.RaftServerConfigKeys (ConfUtils.java:logGet(43)) - raft.server.rpc.sleep.time = 25ms (default)
2019-10-03 19:53:41,696 [8d51f233-9e6f-4432-8b34-aab0b8be1295@group-8FC31F3EFCFD-LeaderElection20] INFO  server.RaftServerConfigKeys (ConfUtils.java:logGet(43)) - raft.server.write.element-limit = 4096 (default)
2019-10-03 19:53:41,696 [8d51f233-9e6f-4432-8b34-aab0b8be1295@group-8FC31F3EFCFD-LeaderElection20] INFO  server.RaftServerConfigKeys (ConfUtils.java:logGet(43)) - raft.server.watch.timeout = 10s (default)
2019-10-03 19:53:41,696 [8d51f233-9e6f-4432-8b34-aab0b8be1295@group-8FC31F3EFCFD-LeaderElection20] INFO  server.RaftServerConfigKeys (ConfUtils.java:logGet(43)) - raft.server.watch.timeout.denomination = 1s (default)
2019-10-03 19:53:41,696 [8d51f233-9e6f-4432-8b34-aab0b8be1295@group-8FC31F3EFCFD-LeaderElection20] INFO  server.RaftServerConfigKeys (ConfUtils.java:logGet(43)) - raft.server.watch.element-limit = 65536 (default)
2019-10-03 19:53:41,698 [8d51f233-9e6f-4432-8b34-aab0b8be1295@group-8FC31F3EFCFD-LeaderElection20] INFO  impl.RoleInfo (RoleInfo.java:updateAndGet(143)) - 8d51f233-9e6f-4432-8b34-aab0b8be1295: start LeaderState
2019-10-03 19:53:41,698 [8d51f233-9e6f-4432-8b34-aab0b8be1295@group-8FC31F3EFCFD-LeaderElection20] INFO  segmented.SegmentedRaftLogWorker (SegmentedRaftLogWorker.java:startLogSegment(385)) - 8d51f233-9e6f-4432-8b34-aab0b8be1295@group-8FC31F3EFCFD-SegmentedRaftLogWorker: Starting segment from index:0
2019-10-03 19:53:41,699 [8d51f233-9e6f-4432-8b34-aab0b8be1295@group-8FC31F3EFCFD-LeaderElection20] INFO  impl.RaftServerImpl (ServerState.java:setRaftConf(356)) - 8d51f233-9e6f-4432-8b34-aab0b8be1295@group-8FC31F3EFCFD: set configuration 0: [8d51f233-9e6f-4432-8b34-aab0b8be1295:192.168.164.206:45434], old=null at 0
2019-10-03 19:53:41,749 [8d51f233-9e6f-4432-8b34-aab0b8be1295@group-8FC31F3EFCFD-SegmentedRaftLogWorker] INFO  segmented.SegmentedRaftLogWorker (SegmentedRaftLogWorker.java:execute(574)) - 8d51f233-9e6f-4432-8b34-aab0b8be1295@group-8FC31F3EFCFD-SegmentedRaftLogWorker: created new log segment /workdir/hadoop-ozone/integration-test/target/test-dir/MiniOzoneClusterImpl-77e39582-9142-4a55-b3af-cb33634f58da/datanode-5/data/ratis/25bc8ef1-fb73-48aa-8f7e-8fc31f3efcfd/current/log_inprogress_0
2019-10-03 19:53:41,762 [Thread-713] INFO  impl.FollowerState (FollowerState.java:run(108)) - 3918dacb-7872-4a74-92dd-7adc0d59f863@group-7025DF518C71-FollowerState: change to CANDIDATE, lastRpcTime:5020ms, electionTimeout:5020ms
2019-10-03 19:53:41,763 [Thread-713] INFO  impl.RoleInfo (RoleInfo.java:shutdownFollowerState(121)) - 3918dacb-7872-4a74-92dd-7adc0d59f863: shutdown FollowerState
2019-10-03 19:53:41,763 [Thread-713] INFO  impl.RaftServerImpl (RaftServerImpl.java:setRole(170)) - 3918dacb-7872-4a74-92dd-7adc0d59f863@group-7025DF518C71: changes role from  FOLLOWER to CANDIDATE at term 0 for changeToCandidate
2019-10-03 19:53:41,763 [Thread-713] INFO  impl.RoleInfo (RoleInfo.java:updateAndGet(143)) - 3918dacb-7872-4a74-92dd-7adc0d59f863: start LeaderElection
2019-10-03 19:53:41,782 [3918dacb-7872-4a74-92dd-7adc0d59f863@group-7025DF518C71-LeaderElection21] INFO  impl.LeaderElection (LeaderElection.java:askForVotes(178)) - 3918dacb-7872-4a74-92dd-7adc0d59f863@group-7025DF518C71-LeaderElection21: begin an election at term 1 for -1: [3918dacb-7872-4a74-92dd-7adc0d59f863:192.168.164.206:38515], old=null
2019-10-03 19:53:41,782 [3918dacb-7872-4a74-92dd-7adc0d59f863@group-7025DF518C71-LeaderElection21] INFO  impl.RoleInfo (RoleInfo.java:shutdownLeaderElection(134)) - 3918dacb-7872-4a74-92dd-7adc0d59f863: shutdown LeaderElection
2019-10-03 19:53:41,782 [3918dacb-7872-4a74-92dd-7adc0d59f863@group-7025DF518C71-LeaderElection21] INFO  impl.RaftServerImpl (RaftServerImpl.java:setRole(170)) - 3918dacb-7872-4a74-92dd-7adc0d59f863@group-7025DF518C71: changes role from CANDIDATE to LEADER at term 1 for changeToLeader
2019-10-03 19:53:41,782 [3918dacb-7872-4a74-92dd-7adc0d59f863@group-7025DF518C71-LeaderElection21] INFO  impl.RaftServerImpl (ServerState.java:setLeader(255)) - 3918dacb-7872-4a74-92dd-7adc0d59f863@group-7025DF518C71: change Leader from null to 3918dacb-7872-4a74-92dd-7adc0d59f863 at term 1 for becomeLeader, leader elected after 5052ms
2019-10-03 19:53:41,785 [3918dacb-7872-4a74-92dd-7adc0d59f863@group-7025DF518C71-LeaderElection21] INFO  server.RaftServerConfigKeys (ConfUtils.java:logGet(43)) - raft.server.staging.catchup.gap = 1000 (default)
2019-10-03 19:53:41,785 [3918dacb-7872-4a74-92dd-7adc0d59f863@group-7025DF518C71-LeaderElection21] INFO  server.RaftServerConfigKeys (ConfUtils.java:logGet(43)) - raft.server.rpc.sleep.time = 25ms (default)
2019-10-03 19:53:41,785 [3918dacb-7872-4a74-92dd-7adc0d59f863@group-7025DF518C71-LeaderElection21] INFO  server.RaftServerConfigKeys (ConfUtils.java:logGet(43)) - raft.server.write.element-limit = 4096 (default)
2019-10-03 19:53:41,785 [3918dacb-7872-4a74-92dd-7adc0d59f863@group-7025DF518C71-LeaderElection21] INFO  server.RaftServerConfigKeys (ConfUtils.java:logGet(43)) - raft.server.watch.timeout = 10s (default)
2019-10-03 19:53:41,785 [3918dacb-7872-4a74-92dd-7adc0d59f863@group-7025DF518C71-LeaderElection21] INFO  server.RaftServerConfigKeys (ConfUtils.java:logGet(43)) - raft.server.watch.timeout.denomination = 1s (default)
2019-10-03 19:53:41,785 [3918dacb-7872-4a74-92dd-7adc0d59f863@group-7025DF518C71-LeaderElection21] INFO  server.RaftServerConfigKeys (ConfUtils.java:logGet(43)) - raft.server.watch.element-limit = 65536 (default)
2019-10-03 19:53:41,787 [3918dacb-7872-4a74-92dd-7adc0d59f863@group-7025DF518C71-LeaderElection21] INFO  impl.RoleInfo (RoleInfo.java:updateAndGet(143)) - 3918dacb-7872-4a74-92dd-7adc0d59f863: start LeaderState
2019-10-03 19:53:41,787 [3918dacb-7872-4a74-92dd-7adc0d59f863@group-7025DF518C71-LeaderElection21] INFO  segmented.SegmentedRaftLogWorker (SegmentedRaftLogWorker.java:startLogSegment(385)) - 3918dacb-7872-4a74-92dd-7adc0d59f863@group-7025DF518C71-SegmentedRaftLogWorker: Starting segment from index:0
2019-10-03 19:53:41,788 [3918dacb-7872-4a74-92dd-7adc0d59f863@group-7025DF518C71-LeaderElection21] INFO  impl.RaftServerImpl (ServerState.java:setRaftConf(356)) - 3918dacb-7872-4a74-92dd-7adc0d59f863@group-7025DF518C71: set configuration 0: [3918dacb-7872-4a74-92dd-7adc0d59f863:192.168.164.206:38515], old=null at 0
2019-10-03 19:53:41,796 [Thread-710] INFO  impl.FollowerState (FollowerState.java:run(108)) - 4f3ebc35-d043-4b5d-bf0d-80fd96580666@group-F591AD459BB5-FollowerState: change to CANDIDATE, lastRpcTime:5148ms, electionTimeout:5148ms
2019-10-03 19:53:41,796 [Thread-710] INFO  impl.RoleInfo (RoleInfo.java:shutdownFollowerState(121)) - 4f3ebc35-d043-4b5d-bf0d-80fd96580666: shutdown FollowerState
2019-10-03 19:53:41,796 [Thread-710] INFO  impl.RaftServerImpl (RaftServerImpl.java:setRole(170)) - 4f3ebc35-d043-4b5d-bf0d-80fd96580666@group-F591AD459BB5: changes role from  FOLLOWER to CANDIDATE at term 0 for changeToCandidate
2019-10-03 19:53:41,796 [Thread-710] INFO  impl.RoleInfo (RoleInfo.java:updateAndGet(143)) - 4f3ebc35-d043-4b5d-bf0d-80fd96580666: start LeaderElection
2019-10-03 19:53:41,848 [Thread-719] INFO  impl.FollowerState (FollowerState.java:run(108)) - 8d51f233-9e6f-4432-8b34-aab0b8be1295@group-50E2D793402D-FollowerState: change to CANDIDATE, lastRpcTime:5030ms, electionTimeout:5029ms
2019-10-03 19:53:41,848 [Thread-719] INFO  impl.RoleInfo (RoleInfo.java:shutdownFollowerState(121)) - 8d51f233-9e6f-4432-8b34-aab0b8be1295: shutdown FollowerState
2019-10-03 19:53:41,848 [Thread-719] INFO  impl.RaftServerImpl (RaftServerImpl.java:setRole(170)) - 8d51f233-9e6f-4432-8b34-aab0b8be1295@group-50E2D793402D: changes role from  FOLLOWER to CANDIDATE at term 0 for changeToCandidate
2019-10-03 19:53:41,848 [Thread-719] INFO  impl.RoleInfo (RoleInfo.java:updateAndGet(143)) - 8d51f233-9e6f-4432-8b34-aab0b8be1295: start LeaderElection
2019-10-03 19:53:41,852 [3918dacb-7872-4a74-92dd-7adc0d59f863@group-7025DF518C71-SegmentedRaftLogWorker] INFO  segmented.SegmentedRaftLogWorker (SegmentedRaftLogWorker.java:execute(574)) - 3918dacb-7872-4a74-92dd-7adc0d59f863@group-7025DF518C71-SegmentedRaftLogWorker: created new log segment /workdir/hadoop-ozone/integration-test/target/test-dir/MiniOzoneClusterImpl-77e39582-9142-4a55-b3af-cb33634f58da/datanode-4/data/ratis/0688ff70-22c6-4eb3-b565-7025df518c71/current/log_inprogress_0
2019-10-03 19:53:41,855 [4f3ebc35-d043-4b5d-bf0d-80fd96580666@group-F591AD459BB5-LeaderElection22] INFO  impl.LeaderElection (LeaderElection.java:askForVotes(178)) - 4f3ebc35-d043-4b5d-bf0d-80fd96580666@group-F591AD459BB5-LeaderElection22: begin an election at term 1 for -1: [4f3ebc35-d043-4b5d-bf0d-80fd96580666:192.168.164.206:44754], old=null
2019-10-03 19:53:41,855 [4f3ebc35-d043-4b5d-bf0d-80fd96580666@group-F591AD459BB5-LeaderElection22] INFO  impl.RoleInfo (RoleInfo.java:shutdownLeaderElection(134)) - 4f3ebc35-d043-4b5d-bf0d-80fd96580666: shutdown LeaderElection
2019-10-03 19:53:41,855 [4f3ebc35-d043-4b5d-bf0d-80fd96580666@group-F591AD459BB5-LeaderElection22] INFO  impl.RaftServerImpl (RaftServerImpl.java:setRole(170)) - 4f3ebc35-d043-4b5d-bf0d-80fd96580666@group-F591AD459BB5: changes role from CANDIDATE to LEADER at term 1 for changeToLeader
2019-10-03 19:53:41,855 [4f3ebc35-d043-4b5d-bf0d-80fd96580666@group-F591AD459BB5-LeaderElection22] INFO  impl.RaftServerImpl (ServerState.java:setLeader(255)) - 4f3ebc35-d043-4b5d-bf0d-80fd96580666@group-F591AD459BB5: change Leader from null to 4f3ebc35-d043-4b5d-bf0d-80fd96580666 at term 1 for becomeLeader, leader elected after 5214ms
2019-10-03 19:53:41,867 [4f3ebc35-d043-4b5d-bf0d-80fd96580666@group-F591AD459BB5-LeaderElection22] INFO  server.RaftServerConfigKeys (ConfUtils.java:logGet(43)) - raft.server.staging.catchup.gap = 1000 (default)
2019-10-03 19:53:41,867 [4f3ebc35-d043-4b5d-bf0d-80fd96580666@group-F591AD459BB5-LeaderElection22] INFO  server.RaftServerConfigKeys (ConfUtils.java:logGet(43)) - raft.server.rpc.sleep.time = 25ms (default)
2019-10-03 19:53:41,867 [4f3ebc35-d043-4b5d-bf0d-80fd96580666@group-F591AD459BB5-LeaderElection22] INFO  server.RaftServerConfigKeys (ConfUtils.java:logGet(43)) - raft.server.write.element-limit = 4096 (default)
2019-10-03 19:53:41,867 [4f3ebc35-d043-4b5d-bf0d-80fd96580666@group-F591AD459BB5-LeaderElection22] INFO  server.RaftServerConfigKeys (ConfUtils.java:logGet(43)) - raft.server.watch.timeout = 10s (default)
2019-10-03 19:53:41,868 [4f3ebc35-d043-4b5d-bf0d-80fd96580666@group-F591AD459BB5-LeaderElection22] INFO  server.RaftServerConfigKeys (ConfUtils.java:logGet(43)) - raft.server.watch.timeout.denomination = 1s (default)
2019-10-03 19:53:41,868 [4f3ebc35-d043-4b5d-bf0d-80fd96580666@group-F591AD459BB5-LeaderElection22] INFO  server.RaftServerConfigKeys (ConfUtils.java:logGet(43)) - raft.server.watch.element-limit = 65536 (default)
2019-10-03 19:53:41,868 [8d51f233-9e6f-4432-8b34-aab0b8be1295@group-50E2D793402D-LeaderElection23] INFO  impl.LeaderElection (LeaderElection.java:askForVotes(178)) - 8d51f233-9e6f-4432-8b34-aab0b8be1295@group-50E2D793402D-LeaderElection23: begin an election at term 1 for -1: [8d51f233-9e6f-4432-8b34-aab0b8be1295:192.168.164.206:45434, 0b18d462-2775-44df-b49b-86e097963cba:192.168.164.206:45649, eeae474c-c7bf-4f3c-8ade-79d32018334d:192.168.164.206:46683], old=null
2019-10-03 19:53:41,870 [4f3ebc35-d043-4b5d-bf0d-80fd96580666@group-F591AD459BB5-LeaderElection22] INFO  impl.RoleInfo (RoleInfo.java:updateAndGet(143)) - 4f3ebc35-d043-4b5d-bf0d-80fd96580666: start LeaderState
2019-10-03 19:53:41,870 [4f3ebc35-d043-4b5d-bf0d-80fd96580666@group-F591AD459BB5-LeaderElection22] INFO  segmented.SegmentedRaftLogWorker (SegmentedRaftLogWorker.java:startLogSegment(385)) - 4f3ebc35-d043-4b5d-bf0d-80fd96580666@group-F591AD459BB5-SegmentedRaftLogWorker: Starting segment from index:0
2019-10-03 19:53:41,873 [4f3ebc35-d043-4b5d-bf0d-80fd96580666@group-F591AD459BB5-LeaderElection22] INFO  impl.RaftServerImpl (ServerState.java:setRaftConf(356)) - 4f3ebc35-d043-4b5d-bf0d-80fd96580666@group-F591AD459BB5: set configuration 0: [4f3ebc35-d043-4b5d-bf0d-80fd96580666:192.168.164.206:44754], old=null at 0
2019-10-03 19:53:41,899 [Thread-729] INFO  impl.FollowerState (FollowerState.java:run(108)) - 1382865e-5919-493b-a0b9-5b948d31190f@group-322F3276BE48-FollowerState: change to CANDIDATE, lastRpcTime:5016ms, electionTimeout:5006ms
2019-10-03 19:53:41,899 [Thread-729] INFO  impl.RoleInfo (RoleInfo.java:shutdownFollowerState(121)) - 1382865e-5919-493b-a0b9-5b948d31190f: shutdown FollowerState
2019-10-03 19:53:41,899 [Thread-729] INFO  impl.RaftServerImpl (RaftServerImpl.java:setRole(170)) - 1382865e-5919-493b-a0b9-5b948d31190f@group-322F3276BE48: changes role from  FOLLOWER to CANDIDATE at term 0 for changeToCandidate
2019-10-03 19:53:41,899 [Thread-729] INFO  impl.RoleInfo (RoleInfo.java:updateAndGet(143)) - 1382865e-5919-493b-a0b9-5b948d31190f: start LeaderElection
2019-10-03 19:53:41,905 [grpc-default-executor-2] INFO  impl.RaftServerImpl (RaftServerImpl.java:setRole(170)) - 0b18d462-2775-44df-b49b-86e097963cba@group-50E2D793402D: changes role from  FOLLOWER to FOLLOWER at term 1 for recognizeCandidate:8d51f233-9e6f-4432-8b34-aab0b8be1295
2019-10-03 19:53:41,905 [grpc-default-executor-0] INFO  impl.RaftServerImpl (RaftServerImpl.java:setRole(170)) - eeae474c-c7bf-4f3c-8ade-79d32018334d@group-50E2D793402D: changes role from  FOLLOWER to FOLLOWER at term 1 for recognizeCandidate:8d51f233-9e6f-4432-8b34-aab0b8be1295
2019-10-03 19:53:41,906 [grpc-default-executor-2] INFO  impl.RoleInfo (RoleInfo.java:shutdownFollowerState(121)) - 0b18d462-2775-44df-b49b-86e097963cba: shutdown FollowerState
2019-10-03 19:53:41,906 [grpc-default-executor-0] INFO  impl.RoleInfo (RoleInfo.java:shutdownFollowerState(121)) - eeae474c-c7bf-4f3c-8ade-79d32018334d: shutdown FollowerState
2019-10-03 19:53:41,906 [grpc-default-executor-2] INFO  impl.RoleInfo (RoleInfo.java:updateAndGet(143)) - 0b18d462-2775-44df-b49b-86e097963cba: start FollowerState
2019-10-03 19:53:41,906 [Thread-718] INFO  impl.FollowerState (FollowerState.java:run(117)) - 0b18d462-2775-44df-b49b-86e097963cba@group-50E2D793402D-FollowerState was interrupted: java.lang.InterruptedException: sleep interrupted
2019-10-03 19:53:41,906 [grpc-default-executor-0] INFO  impl.RoleInfo (RoleInfo.java:updateAndGet(143)) - eeae474c-c7bf-4f3c-8ade-79d32018334d: start FollowerState
2019-10-03 19:53:41,906 [Thread-720] INFO  impl.FollowerState (FollowerState.java:run(117)) - eeae474c-c7bf-4f3c-8ade-79d32018334d@group-50E2D793402D-FollowerState was interrupted: java.lang.InterruptedException: sleep interrupted
2019-10-03 19:53:41,912 [4f3ebc35-d043-4b5d-bf0d-80fd96580666@group-F591AD459BB5-SegmentedRaftLogWorker] INFO  segmented.SegmentedRaftLogWorker (SegmentedRaftLogWorker.java:execute(574)) - 4f3ebc35-d043-4b5d-bf0d-80fd96580666@group-F591AD459BB5-SegmentedRaftLogWorker: created new log segment /workdir/hadoop-ozone/integration-test/target/test-dir/MiniOzoneClusterImpl-77e39582-9142-4a55-b3af-cb33634f58da/datanode-6/data/ratis/4c0b697f-1cbb-4b4a-a917-f591ad459bb5/current/log_inprogress_0
2019-10-03 19:53:41,912 [1382865e-5919-493b-a0b9-5b948d31190f@group-322F3276BE48-LeaderElection24] INFO  impl.LeaderElection (LeaderElection.java:askForVotes(178)) - 1382865e-5919-493b-a0b9-5b948d31190f@group-322F3276BE48-LeaderElection24: begin an election at term 1 for -1: [4f3ebc35-d043-4b5d-bf0d-80fd96580666:192.168.164.206:44754, 1382865e-5919-493b-a0b9-5b948d31190f:192.168.164.206:39135, 85adb8d9-977a-449f-aaa1-6bf478ecc8b3:192.168.164.206:38347], old=null
2019-10-03 19:53:41,917 [grpc-default-executor-1] INFO  impl.RaftServerImpl (RaftServerImpl.java:setRole(170)) - 4f3ebc35-d043-4b5d-bf0d-80fd96580666@group-322F3276BE48: changes role from  FOLLOWER to FOLLOWER at term 1 for recognizeCandidate:1382865e-5919-493b-a0b9-5b948d31190f
2019-10-03 19:53:41,917 [grpc-default-executor-1] INFO  impl.RoleInfo (RoleInfo.java:shutdownFollowerState(121)) - 4f3ebc35-d043-4b5d-bf0d-80fd96580666: shutdown FollowerState
2019-10-03 19:53:41,917 [grpc-default-executor-5] INFO  impl.RaftServerImpl (RaftServerImpl.java:setRole(170)) - 85adb8d9-977a-449f-aaa1-6bf478ecc8b3@group-322F3276BE48: changes role from  FOLLOWER to FOLLOWER at term 1 for recognizeCandidate:1382865e-5919-493b-a0b9-5b948d31190f
2019-10-03 19:53:41,918 [Thread-728] INFO  impl.FollowerState (FollowerState.java:run(117)) - 4f3ebc35-d043-4b5d-bf0d-80fd96580666@group-322F3276BE48-FollowerState was interrupted: java.lang.InterruptedException: sleep interrupted
2019-10-03 19:53:41,918 [grpc-default-executor-1] INFO  impl.RoleInfo (RoleInfo.java:updateAndGet(143)) - 4f3ebc35-d043-4b5d-bf0d-80fd96580666: start FollowerState
2019-10-03 19:53:41,918 [grpc-default-executor-5] INFO  impl.RoleInfo (RoleInfo.java:shutdownFollowerState(121)) - 85adb8d9-977a-449f-aaa1-6bf478ecc8b3: shutdown FollowerState
2019-10-03 19:53:41,921 [grpc-default-executor-5] INFO  impl.RoleInfo (RoleInfo.java:updateAndGet(143)) - 85adb8d9-977a-449f-aaa1-6bf478ecc8b3: start FollowerState
2019-10-03 19:53:41,921 [Thread-726] INFO  impl.FollowerState (FollowerState.java:run(117)) - 85adb8d9-977a-449f-aaa1-6bf478ecc8b3@group-322F3276BE48-FollowerState was interrupted: java.lang.InterruptedException: sleep interrupted
2019-10-03 19:53:41,939 [8d51f233-9e6f-4432-8b34-aab0b8be1295@group-50E2D793402D-LeaderElection23] INFO  impl.LeaderElection (LeaderElection.java:logAndReturn(56)) - 8d51f233-9e6f-4432-8b34-aab0b8be1295@group-50E2D793402D-LeaderElection23: Election PASSED; received 1 response(s) [8d51f233-9e6f-4432-8b34-aab0b8be1295<-0b18d462-2775-44df-b49b-86e097963cba#0:OK-t1] and 0 exception(s); 8d51f233-9e6f-4432-8b34-aab0b8be1295@group-50E2D793402D:t1, leader=null, voted=8d51f233-9e6f-4432-8b34-aab0b8be1295, raftlog=8d51f233-9e6f-4432-8b34-aab0b8be1295@group-50E2D793402D-SegmentedRaftLog:OPENED:c-1,f-1,i0, conf=-1: [8d51f233-9e6f-4432-8b34-aab0b8be1295:192.168.164.206:45434, 0b18d462-2775-44df-b49b-86e097963cba:192.168.164.206:45649, eeae474c-c7bf-4f3c-8ade-79d32018334d:192.168.164.206:46683], old=null
2019-10-03 19:53:41,939 [8d51f233-9e6f-4432-8b34-aab0b8be1295@group-50E2D793402D-LeaderElection23] INFO  impl.RoleInfo (RoleInfo.java:shutdownLeaderElection(134)) - 8d51f233-9e6f-4432-8b34-aab0b8be1295: shutdown LeaderElection
2019-10-03 19:53:41,940 [8d51f233-9e6f-4432-8b34-aab0b8be1295@group-50E2D793402D-LeaderElection23] INFO  impl.RaftServerImpl (RaftServerImpl.java:setRole(170)) - 8d51f233-9e6f-4432-8b34-aab0b8be1295@group-50E2D793402D: changes role from CANDIDATE to LEADER at term 1 for changeToLeader
2019-10-03 19:53:41,940 [8d51f233-9e6f-4432-8b34-aab0b8be1295@group-50E2D793402D-LeaderElection23] INFO  impl.RaftServerImpl (ServerState.java:setLeader(255)) - 8d51f233-9e6f-4432-8b34-aab0b8be1295@group-50E2D793402D: change Leader from null to 8d51f233-9e6f-4432-8b34-aab0b8be1295 at term 1 for becomeLeader, leader elected after 5138ms
2019-10-03 19:53:41,940 [8d51f233-9e6f-4432-8b34-aab0b8be1295@group-50E2D793402D-LeaderElection23] INFO  server.RaftServerConfigKeys (ConfUtils.java:logGet(43)) - raft.server.staging.catchup.gap = 1000 (default)
2019-10-03 19:53:41,940 [8d51f233-9e6f-4432-8b34-aab0b8be1295@group-50E2D793402D-LeaderElection23] INFO  server.RaftServerConfigKeys (ConfUtils.java:logGet(43)) - raft.server.rpc.sleep.time = 25ms (default)
2019-10-03 19:53:41,941 [8d51f233-9e6f-4432-8b34-aab0b8be1295@group-50E2D793402D-LeaderElection23] INFO  server.RaftServerConfigKeys (ConfUtils.java:logGet(43)) - raft.server.write.element-limit = 4096 (default)
2019-10-03 19:53:41,941 [1382865e-5919-493b-a0b9-5b948d31190f@group-322F3276BE48-LeaderElection24] INFO  impl.LeaderElection (LeaderElection.java:logAndReturn(56)) - 1382865e-5919-493b-a0b9-5b948d31190f@group-322F3276BE48-LeaderElection24: Election PASSED; received 1 response(s) [1382865e-5919-493b-a0b9-5b948d31190f<-4f3ebc35-d043-4b5d-bf0d-80fd96580666#0:OK-t1] and 0 exception(s); 1382865e-5919-493b-a0b9-5b948d31190f@group-322F3276BE48:t1, leader=null, voted=1382865e-5919-493b-a0b9-5b948d31190f, raftlog=1382865e-5919-493b-a0b9-5b948d31190f@group-322F3276BE48-SegmentedRaftLog:OPENED:c-1,f-1,i0, conf=-1: [4f3ebc35-d043-4b5d-bf0d-80fd96580666:192.168.164.206:44754, 1382865e-5919-493b-a0b9-5b948d31190f:192.168.164.206:39135, 85adb8d9-977a-449f-aaa1-6bf478ecc8b3:192.168.164.206:38347], old=null
2019-10-03 19:53:41,941 [8d51f233-9e6f-4432-8b34-aab0b8be1295@group-50E2D793402D-LeaderElection23] INFO  server.RaftServerConfigKeys (ConfUtils.java:logGet(43)) - raft.server.watch.timeout = 10s (default)
2019-10-03 19:53:41,955 [1382865e-5919-493b-a0b9-5b948d31190f@group-322F3276BE48-LeaderElection24] INFO  impl.RoleInfo (RoleInfo.java:shutdownLeaderElection(134)) - 1382865e-5919-493b-a0b9-5b948d31190f: shutdown LeaderElection
2019-10-03 19:53:41,957 [8d51f233-9e6f-4432-8b34-aab0b8be1295@group-50E2D793402D-LeaderElection23] INFO  server.RaftServerConfigKeys (ConfUtils.java:logGet(43)) - raft.server.watch.timeout.denomination = 1s (default)
2019-10-03 19:53:41,957 [1382865e-5919-493b-a0b9-5b948d31190f@group-322F3276BE48-LeaderElection24] INFO  impl.RaftServerImpl (RaftServerImpl.java:setRole(170)) - 1382865e-5919-493b-a0b9-5b948d31190f@group-322F3276BE48: changes role from CANDIDATE to LEADER at term 1 for changeToLeader
2019-10-03 19:53:41,957 [8d51f233-9e6f-4432-8b34-aab0b8be1295@group-50E2D793402D-LeaderElection23] INFO  server.RaftServerConfigKeys (ConfUtils.java:logGet(43)) - raft.server.watch.element-limit = 65536 (default)
2019-10-03 19:53:41,957 [1382865e-5919-493b-a0b9-5b948d31190f@group-322F3276BE48-LeaderElection24] INFO  impl.RaftServerImpl (ServerState.java:setLeader(255)) - 1382865e-5919-493b-a0b9-5b948d31190f@group-322F3276BE48: change Leader from null to 1382865e-5919-493b-a0b9-5b948d31190f at term 1 for becomeLeader, leader elected after 5088ms
2019-10-03 19:53:41,958 [1382865e-5919-493b-a0b9-5b948d31190f@group-322F3276BE48-LeaderElection24] INFO  server.RaftServerConfigKeys (ConfUtils.java:logGet(43)) - raft.server.staging.catchup.gap = 1000 (default)
2019-10-03 19:53:41,958 [1382865e-5919-493b-a0b9-5b948d31190f@group-322F3276BE48-LeaderElection24] INFO  server.RaftServerConfigKeys (ConfUtils.java:logGet(43)) - raft.server.rpc.sleep.time = 25ms (default)
2019-10-03 19:53:41,958 [1382865e-5919-493b-a0b9-5b948d31190f@group-322F3276BE48-LeaderElection24] INFO  server.RaftServerConfigKeys (ConfUtils.java:logGet(43)) - raft.server.write.element-limit = 4096 (default)
2019-10-03 19:53:41,958 [1382865e-5919-493b-a0b9-5b948d31190f@group-322F3276BE48-LeaderElection24] INFO  server.RaftServerConfigKeys (ConfUtils.java:logGet(43)) - raft.server.watch.timeout = 10s (default)
2019-10-03 19:53:41,958 [1382865e-5919-493b-a0b9-5b948d31190f@group-322F3276BE48-LeaderElection24] INFO  server.RaftServerConfigKeys (ConfUtils.java:logGet(43)) - raft.server.watch.timeout.denomination = 1s (default)
2019-10-03 19:53:41,958 [1382865e-5919-493b-a0b9-5b948d31190f@group-322F3276BE48-LeaderElection24] INFO  server.RaftServerConfigKeys (ConfUtils.java:logGet(43)) - raft.server.watch.element-limit = 65536 (default)
2019-10-03 19:53:41,961 [8d51f233-9e6f-4432-8b34-aab0b8be1295@group-50E2D793402D-LeaderElection23] INFO  server.RaftServerConfigKeys (ConfUtils.java:logGet(43)) - raft.server.log.appender.snapshot.chunk.size.max = 16MB (=16777216) (default)
2019-10-03 19:53:41,961 [8d51f233-9e6f-4432-8b34-aab0b8be1295@group-50E2D793402D-LeaderElection23] INFO  server.RaftServerConfigKeys (ConfUtils.java:logGet(43)) - raft.server.log.appender.buffer.byte-limit = 33554432 (custom)
2019-10-03 19:53:41,961 [1382865e-5919-493b-a0b9-5b948d31190f@group-322F3276BE48-LeaderElection24] INFO  server.RaftServerConfigKeys (ConfUtils.java:logGet(43)) - raft.server.log.appender.snapshot.chunk.size.max = 16MB (=16777216) (default)
2019-10-03 19:53:41,961 [8d51f233-9e6f-4432-8b34-aab0b8be1295@group-50E2D793402D-LeaderElection23] INFO  server.RaftServerConfigKeys (ConfUtils.java:logGet(43)) - raft.server.log.appender.buffer.element-limit = 1 (custom)
2019-10-03 19:53:41,962 [1382865e-5919-493b-a0b9-5b948d31190f@group-322F3276BE48-LeaderElection24] INFO  server.RaftServerConfigKeys (ConfUtils.java:logGet(43)) - raft.server.log.appender.buffer.byte-limit = 33554432 (custom)
2019-10-03 19:53:41,962 [8d51f233-9e6f-4432-8b34-aab0b8be1295@group-50E2D793402D-LeaderElection23] INFO  grpc.GrpcConfigKeys$Server (ConfUtils.java:logGet(43)) - raft.grpc.server.leader.outstanding.appends.max = 128 (default)
2019-10-03 19:53:41,962 [1382865e-5919-493b-a0b9-5b948d31190f@group-322F3276BE48-LeaderElection24] INFO  server.RaftServerConfigKeys (ConfUtils.java:logGet(43)) - raft.server.log.appender.buffer.element-limit = 1 (custom)
2019-10-03 19:53:41,962 [8d51f233-9e6f-4432-8b34-aab0b8be1295@group-50E2D793402D-LeaderElection23] INFO  server.RaftServerConfigKeys (ConfUtils.java:logGet(43)) - raft.server.rpc.request.timeout = 3000ms (default)
2019-10-03 19:53:41,962 [1382865e-5919-493b-a0b9-5b948d31190f@group-322F3276BE48-LeaderElection24] INFO  grpc.GrpcConfigKeys$Server (ConfUtils.java:logGet(43)) - raft.grpc.server.leader.outstanding.appends.max = 128 (default)
2019-10-03 19:53:41,962 [8d51f233-9e6f-4432-8b34-aab0b8be1295@group-50E2D793402D-LeaderElection23] INFO  server.RaftServerConfigKeys (ConfUtils.java:logGet(43)) - raft.server.log.appender.install.snapshot.enabled = false (custom)
2019-10-03 19:53:41,963 [1382865e-5919-493b-a0b9-5b948d31190f@group-322F3276BE48-LeaderElection24] INFO  server.RaftServerConfigKeys (ConfUtils.java:logGet(43)) - raft.server.rpc.request.timeout = 3000ms (default)
2019-10-03 19:53:41,963 [8d51f233-9e6f-4432-8b34-aab0b8be1295@group-50E2D793402D-LeaderElection23] INFO  server.RaftServerConfigKeys (ConfUtils.java:logGet(43)) - raft.server.log.appender.snapshot.chunk.size.max = 16MB (=16777216) (default)
2019-10-03 19:53:41,963 [1382865e-5919-493b-a0b9-5b948d31190f@group-322F3276BE48-LeaderElection24] INFO  server.RaftServerConfigKeys (ConfUtils.java:logGet(43)) - raft.server.log.appender.install.snapshot.enabled = false (custom)
2019-10-03 19:53:41,963 [8d51f233-9e6f-4432-8b34-aab0b8be1295@group-50E2D793402D-LeaderElection23] INFO  server.RaftServerConfigKeys (ConfUtils.java:logGet(43)) - raft.server.log.appender.buffer.byte-limit = 33554432 (custom)
2019-10-03 19:53:41,963 [1382865e-5919-493b-a0b9-5b948d31190f@group-322F3276BE48-LeaderElection24] INFO  server.RaftServerConfigKeys (ConfUtils.java:logGet(43)) - raft.server.log.appender.snapshot.chunk.size.max = 16MB (=16777216) (default)
2019-10-03 19:53:41,963 [8d51f233-9e6f-4432-8b34-aab0b8be1295@group-50E2D793402D-LeaderElection23] INFO  server.RaftServerConfigKeys (ConfUtils.java:logGet(43)) - raft.server.log.appender.buffer.element-limit = 1 (custom)
2019-10-03 19:53:41,964 [1382865e-5919-493b-a0b9-5b948d31190f@group-322F3276BE48-LeaderElection24] INFO  server.RaftServerConfigKeys (ConfUtils.java:logGet(43)) - raft.server.log.appender.buffer.byte-limit = 33554432 (custom)
2019-10-03 19:53:41,964 [8d51f233-9e6f-4432-8b34-aab0b8be1295@group-50E2D793402D-LeaderElection23] INFO  grpc.GrpcConfigKeys$Server (ConfUtils.java:logGet(43)) - raft.grpc.server.leader.outstanding.appends.max = 128 (default)
2019-10-03 19:53:41,964 [1382865e-5919-493b-a0b9-5b948d31190f@group-322F3276BE48-LeaderElection24] INFO  server.RaftServerConfigKeys (ConfUtils.java:logGet(43)) - raft.server.log.appender.buffer.element-limit = 1 (custom)
2019-10-03 19:53:41,964 [8d51f233-9e6f-4432-8b34-aab0b8be1295@group-50E2D793402D-LeaderElection23] INFO  server.RaftServerConfigKeys (ConfUtils.java:logGet(43)) - raft.server.rpc.request.timeout = 3000ms (default)
2019-10-03 19:53:41,964 [1382865e-5919-493b-a0b9-5b948d31190f@group-322F3276BE48-LeaderElection24] INFO  grpc.GrpcConfigKeys$Server (ConfUtils.java:logGet(43)) - raft.grpc.server.leader.outstanding.appends.max = 128 (default)
2019-10-03 19:53:41,964 [8d51f233-9e6f-4432-8b34-aab0b8be1295@group-50E2D793402D-LeaderElection23] INFO  server.RaftServerConfigKeys (ConfUtils.java:logGet(43)) - raft.server.log.appender.install.snapshot.enabled = false (custom)
2019-10-03 19:53:41,965 [1382865e-5919-493b-a0b9-5b948d31190f@group-322F3276BE48-LeaderElection24] INFO  server.RaftServerConfigKeys (ConfUtils.java:logGet(43)) - raft.server.rpc.request.timeout = 3000ms (default)
2019-10-03 19:53:41,965 [1382865e-5919-493b-a0b9-5b948d31190f@group-322F3276BE48-LeaderElection24] INFO  server.RaftServerConfigKeys (ConfUtils.java:logGet(43)) - raft.server.log.appender.install.snapshot.enabled = false (custom)
2019-10-03 19:53:41,965 [8d51f233-9e6f-4432-8b34-aab0b8be1295@group-50E2D793402D-LeaderElection23] INFO  impl.RoleInfo (RoleInfo.java:updateAndGet(143)) - 8d51f233-9e6f-4432-8b34-aab0b8be1295: start LeaderState
2019-10-03 19:53:41,965 [1382865e-5919-493b-a0b9-5b948d31190f@group-322F3276BE48-LeaderElection24] INFO  impl.RoleInfo (RoleInfo.java:updateAndGet(143)) - 1382865e-5919-493b-a0b9-5b948d31190f: start LeaderState
2019-10-03 19:53:41,965 [8d51f233-9e6f-4432-8b34-aab0b8be1295@group-50E2D793402D-LeaderElection23] INFO  segmented.SegmentedRaftLogWorker (SegmentedRaftLogWorker.java:startLogSegment(385)) - 8d51f233-9e6f-4432-8b34-aab0b8be1295@group-50E2D793402D-SegmentedRaftLogWorker: Starting segment from index:0
2019-10-03 19:53:41,965 [1382865e-5919-493b-a0b9-5b948d31190f@group-322F3276BE48-LeaderElection24] INFO  segmented.SegmentedRaftLogWorker (SegmentedRaftLogWorker.java:startLogSegment(385)) - 1382865e-5919-493b-a0b9-5b948d31190f@group-322F3276BE48-SegmentedRaftLogWorker: Starting segment from index:0
2019-10-03 19:53:41,966 [1382865e-5919-493b-a0b9-5b948d31190f@group-322F3276BE48-LeaderElection24] INFO  impl.RaftServerImpl (ServerState.java:setRaftConf(356)) - 1382865e-5919-493b-a0b9-5b948d31190f@group-322F3276BE48: set configuration 0: [4f3ebc35-d043-4b5d-bf0d-80fd96580666:192.168.164.206:44754, 1382865e-5919-493b-a0b9-5b948d31190f:192.168.164.206:39135, 85adb8d9-977a-449f-aaa1-6bf478ecc8b3:192.168.164.206:38347], old=null at 0
2019-10-03 19:53:41,966 [8d51f233-9e6f-4432-8b34-aab0b8be1295@group-50E2D793402D-LeaderElection23] INFO  impl.RaftServerImpl (ServerState.java:setRaftConf(356)) - 8d51f233-9e6f-4432-8b34-aab0b8be1295@group-50E2D793402D: set configuration 0: [8d51f233-9e6f-4432-8b34-aab0b8be1295:192.168.164.206:45434, 0b18d462-2775-44df-b49b-86e097963cba:192.168.164.206:45649, eeae474c-c7bf-4f3c-8ade-79d32018334d:192.168.164.206:46683], old=null at 0
2019-10-03 19:53:42,000 [grpc-default-executor-2] INFO  impl.RaftServerImpl (ServerState.java:setLeader(255)) - 0b18d462-2775-44df-b49b-86e097963cba@group-50E2D793402D: change Leader from null to 8d51f233-9e6f-4432-8b34-aab0b8be1295 at term 1 for appendEntries, leader elected after 5198ms
2019-10-03 19:53:42,005 [grpc-default-executor-1] INFO  impl.RaftServerImpl (ServerState.java:setLeader(255)) - 85adb8d9-977a-449f-aaa1-6bf478ecc8b3@group-322F3276BE48: change Leader from null to 1382865e-5919-493b-a0b9-5b948d31190f at term 1 for appendEntries, leader elected after 5135ms
2019-10-03 19:53:42,005 [grpc-default-executor-0] INFO  impl.RaftServerImpl (ServerState.java:setLeader(255)) - eeae474c-c7bf-4f3c-8ade-79d32018334d@group-50E2D793402D: change Leader from null to 8d51f233-9e6f-4432-8b34-aab0b8be1295 at term 1 for appendEntries, leader elected after 5200ms
2019-10-03 19:53:42,003 [grpc-default-executor-5] INFO  impl.RaftServerImpl (ServerState.java:setLeader(255)) - 4f3ebc35-d043-4b5d-bf0d-80fd96580666@group-322F3276BE48: change Leader from null to 1382865e-5919-493b-a0b9-5b948d31190f at term 1 for appendEntries, leader elected after 5133ms
2019-10-03 19:53:42,010 [1382865e-5919-493b-a0b9-5b948d31190f@group-322F3276BE48-SegmentedRaftLogWorker] INFO  segmented.SegmentedRaftLogWorker (SegmentedRaftLogWorker.java:execute(574)) - 1382865e-5919-493b-a0b9-5b948d31190f@group-322F3276BE48-SegmentedRaftLogWorker: created new log segment /workdir/hadoop-ozone/integration-test/target/test-dir/MiniOzoneClusterImpl-77e39582-9142-4a55-b3af-cb33634f58da/datanode-0/data/ratis/4b6d26c1-1012-4310-b1fa-322f3276be48/current/log_inprogress_0
2019-10-03 19:53:42,010 [8d51f233-9e6f-4432-8b34-aab0b8be1295@group-50E2D793402D-SegmentedRaftLogWorker] INFO  segmented.SegmentedRaftLogWorker (SegmentedRaftLogWorker.java:execute(574)) - 8d51f233-9e6f-4432-8b34-aab0b8be1295@group-50E2D793402D-SegmentedRaftLogWorker: created new log segment /workdir/hadoop-ozone/integration-test/target/test-dir/MiniOzoneClusterImpl-77e39582-9142-4a55-b3af-cb33634f58da/datanode-5/data/ratis/6025135a-9d7a-4e68-908f-50e2d793402d/current/log_inprogress_0
2019-10-03 19:53:42,013 [grpc-default-executor-5] INFO  impl.RaftServerImpl (ServerState.java:setRaftConf(356)) - 0b18d462-2775-44df-b49b-86e097963cba@group-50E2D793402D: set configuration 0: [8d51f233-9e6f-4432-8b34-aab0b8be1295:192.168.164.206:45434, 0b18d462-2775-44df-b49b-86e097963cba:192.168.164.206:45649, eeae474c-c7bf-4f3c-8ade-79d32018334d:192.168.164.206:46683], old=null at 0
2019-10-03 19:53:42,013 [grpc-default-executor-0] INFO  impl.RaftServerImpl (ServerState.java:setRaftConf(356)) - 85adb8d9-977a-449f-aaa1-6bf478ecc8b3@group-322F3276BE48: set configuration 0: [4f3ebc35-d043-4b5d-bf0d-80fd96580666:192.168.164.206:44754, 1382865e-5919-493b-a0b9-5b948d31190f:192.168.164.206:39135, 85adb8d9-977a-449f-aaa1-6bf478ecc8b3:192.168.164.206:38347], old=null at 0
2019-10-03 19:53:42,013 [grpc-default-executor-2] INFO  impl.RaftServerImpl (ServerState.java:setRaftConf(356)) - 4f3ebc35-d043-4b5d-bf0d-80fd96580666@group-322F3276BE48: set configuration 0: [4f3ebc35-d043-4b5d-bf0d-80fd96580666:192.168.164.206:44754, 1382865e-5919-493b-a0b9-5b948d31190f:192.168.164.206:39135, 85adb8d9-977a-449f-aaa1-6bf478ecc8b3:192.168.164.206:38347], old=null at 0
2019-10-03 19:53:42,013 [grpc-default-executor-1] INFO  impl.RaftServerImpl (ServerState.java:setRaftConf(356)) - eeae474c-c7bf-4f3c-8ade-79d32018334d@group-50E2D793402D: set configuration 0: [8d51f233-9e6f-4432-8b34-aab0b8be1295:192.168.164.206:45434, 0b18d462-2775-44df-b49b-86e097963cba:192.168.164.206:45649, eeae474c-c7bf-4f3c-8ade-79d32018334d:192.168.164.206:46683], old=null at 0
2019-10-03 19:53:42,014 [grpc-default-executor-2] INFO  segmented.SegmentedRaftLogWorker (SegmentedRaftLogWorker.java:startLogSegment(385)) - 4f3ebc35-d043-4b5d-bf0d-80fd96580666@group-322F3276BE48-SegmentedRaftLogWorker: Starting segment from index:0
2019-10-03 19:53:42,014 [grpc-default-executor-0] INFO  segmented.SegmentedRaftLogWorker (SegmentedRaftLogWorker.java:startLogSegment(385)) - 85adb8d9-977a-449f-aaa1-6bf478ecc8b3@group-322F3276BE48-SegmentedRaftLogWorker: Starting segment from index:0
2019-10-03 19:53:42,013 [grpc-default-executor-5] INFO  segmented.SegmentedRaftLogWorker (SegmentedRaftLogWorker.java:startLogSegment(385)) - 0b18d462-2775-44df-b49b-86e097963cba@group-50E2D793402D-SegmentedRaftLogWorker: Starting segment from index:0
2019-10-03 19:53:42,014 [grpc-default-executor-1] INFO  segmented.SegmentedRaftLogWorker (SegmentedRaftLogWorker.java:startLogSegment(385)) - eeae474c-c7bf-4f3c-8ade-79d32018334d@group-50E2D793402D-SegmentedRaftLogWorker: Starting segment from index:0
2019-10-03 19:53:42,057 [4f3ebc35-d043-4b5d-bf0d-80fd96580666@group-322F3276BE48-SegmentedRaftLogWorker] INFO  segmented.SegmentedRaftLogWorker (SegmentedRaftLogWorker.java:execute(574)) - 4f3ebc35-d043-4b5d-bf0d-80fd96580666@group-322F3276BE48-SegmentedRaftLogWorker: created new log segment /workdir/hadoop-ozone/integration-test/target/test-dir/MiniOzoneClusterImpl-77e39582-9142-4a55-b3af-cb33634f58da/datanode-6/data/ratis/4b6d26c1-1012-4310-b1fa-322f3276be48/current/log_inprogress_0
2019-10-03 19:53:42,057 [eeae474c-c7bf-4f3c-8ade-79d32018334d@group-50E2D793402D-SegmentedRaftLogWorker] INFO  segmented.SegmentedRaftLogWorker (SegmentedRaftLogWorker.java:execute(574)) - eeae474c-c7bf-4f3c-8ade-79d32018334d@group-50E2D793402D-SegmentedRaftLogWorker: created new log segment /workdir/hadoop-ozone/integration-test/target/test-dir/MiniOzoneClusterImpl-77e39582-9142-4a55-b3af-cb33634f58da/datanode-2/data/ratis/6025135a-9d7a-4e68-908f-50e2d793402d/current/log_inprogress_0
2019-10-03 19:53:42,057 [0b18d462-2775-44df-b49b-86e097963cba@group-50E2D793402D-SegmentedRaftLogWorker] INFO  segmented.SegmentedRaftLogWorker (SegmentedRaftLogWorker.java:execute(574)) - 0b18d462-2775-44df-b49b-86e097963cba@group-50E2D793402D-SegmentedRaftLogWorker: created new log segment /workdir/hadoop-ozone/integration-test/target/test-dir/MiniOzoneClusterImpl-77e39582-9142-4a55-b3af-cb33634f58da/datanode-3/data/ratis/6025135a-9d7a-4e68-908f-50e2d793402d/current/log_inprogress_0
2019-10-03 19:53:42,057 [85adb8d9-977a-449f-aaa1-6bf478ecc8b3@group-322F3276BE48-SegmentedRaftLogWorker] INFO  segmented.SegmentedRaftLogWorker (SegmentedRaftLogWorker.java:execute(574)) - 85adb8d9-977a-449f-aaa1-6bf478ecc8b3@group-322F3276BE48-SegmentedRaftLogWorker: created new log segment /workdir/hadoop-ozone/integration-test/target/test-dir/MiniOzoneClusterImpl-77e39582-9142-4a55-b3af-cb33634f58da/datanode-1/data/ratis/4b6d26c1-1012-4310-b1fa-322f3276be48/current/log_inprogress_0
2019-10-03 19:53:42,568 [RatisApplyTransactionExecutor 1] ERROR ratis.ContainerStateMachine (ContainerStateMachine.java:lambda$applyTransaction$6(725)) - gid group-322F3276BE48 : ApplyTransaction failed. cmd CreateContainer logIndex 7 exception {}
java.lang.IllegalArgumentException
	at com.google.common.base.Preconditions.checkArgument(Preconditions.java:72)
	at org.apache.hadoop.ozone.container.keyvalue.KeyValueHandler.handleCreateContainer(KeyValueHandler.java:215)
	at org.apache.hadoop.ozone.container.keyvalue.KeyValueHandler.handle(KeyValueHandler.java:152)
	at org.apache.hadoop.ozone.container.common.impl.HddsDispatcher.dispatchRequest(HddsDispatcher.java:275)
	at org.apache.hadoop.ozone.container.common.impl.HddsDispatcher.dispatch(HddsDispatcher.java:150)
	at org.apache.hadoop.ozone.container.common.transport.server.ratis.ContainerStateMachine.dispatchCommand(ContainerStateMachine.java:405)
	at org.apache.hadoop.ozone.container.common.transport.server.ratis.ContainerStateMachine.runCommand(ContainerStateMachine.java:413)
	at org.apache.hadoop.ozone.container.common.transport.server.ratis.ContainerStateMachine.lambda$applyTransaction$6(ContainerStateMachine.java:723)
	at java.util.concurrent.CompletableFuture$AsyncSupply.run(CompletableFuture.java:1590)
	at java.util.concurrent.ThreadPoolExecutor.runWorker(ThreadPoolExecutor.java:1149)
	at java.util.concurrent.ThreadPoolExecutor$Worker.run(ThreadPoolExecutor.java:624)
	at java.lang.Thread.run(Thread.java:748)
2019-10-03 19:53:42,583 [RatisApplyTransactionExecutor 1] ERROR ratis.ContainerStateMachine (ContainerStateMachine.java:lambda$applyTransaction$6(725)) - gid group-322F3276BE48 : ApplyTransaction failed. cmd CreateContainer logIndex 7 exception {}
java.lang.IllegalArgumentException
	at com.google.common.base.Preconditions.checkArgument(Preconditions.java:72)
	at org.apache.hadoop.ozone.container.keyvalue.KeyValueHandler.handleCreateContainer(KeyValueHandler.java:215)
	at org.apache.hadoop.ozone.container.keyvalue.KeyValueHandler.handle(KeyValueHandler.java:152)
	at org.apache.hadoop.ozone.container.common.impl.HddsDispatcher.dispatchRequest(HddsDispatcher.java:275)
	at org.apache.hadoop.ozone.container.common.impl.HddsDispatcher.dispatch(HddsDispatcher.java:150)
	at org.apache.hadoop.ozone.container.common.transport.server.ratis.ContainerStateMachine.dispatchCommand(ContainerStateMachine.java:405)
	at org.apache.hadoop.ozone.container.common.transport.server.ratis.ContainerStateMachine.runCommand(ContainerStateMachine.java:413)
	at org.apache.hadoop.ozone.container.common.transport.server.ratis.ContainerStateMachine.lambda$applyTransaction$6(ContainerStateMachine.java:723)
	at java.util.concurrent.CompletableFuture$AsyncSupply.run(CompletableFuture.java:1590)
	at java.util.concurrent.ThreadPoolExecutor.runWorker(ThreadPoolExecutor.java:1149)
	at java.util.concurrent.ThreadPoolExecutor$Worker.run(ThreadPoolExecutor.java:624)
	at java.lang.Thread.run(Thread.java:748)
2019-10-03 19:53:42,583 [RatisApplyTransactionExecutor 1] ERROR ratis.ContainerStateMachine (ContainerStateMachine.java:lambda$applyTransaction$6(725)) - gid group-322F3276BE48 : ApplyTransaction failed. cmd CreateContainer logIndex 7 exception {}
java.lang.IllegalArgumentException
	at com.google.common.base.Preconditions.checkArgument(Preconditions.java:72)
	at org.apache.hadoop.ozone.container.keyvalue.KeyValueHandler.handleCreateContainer(KeyValueHandler.java:215)
	at org.apache.hadoop.ozone.container.keyvalue.KeyValueHandler.handle(KeyValueHandler.java:152)
	at org.apache.hadoop.ozone.container.common.impl.HddsDispatcher.dispatchRequest(HddsDispatcher.java:275)
	at org.apache.hadoop.ozone.container.common.impl.HddsDispatcher.dispatch(HddsDispatcher.java:150)
	at org.apache.hadoop.ozone.container.common.transport.server.ratis.ContainerStateMachine.dispatchCommand(ContainerStateMachine.java:405)
	at org.apache.hadoop.ozone.container.common.transport.server.ratis.ContainerStateMachine.runCommand(ContainerStateMachine.java:413)
	at org.apache.hadoop.ozone.container.common.transport.server.ratis.ContainerStateMachine.lambda$applyTransaction$6(ContainerStateMachine.java:723)
	at java.util.concurrent.CompletableFuture$AsyncSupply.run(CompletableFuture.java:1590)
	at java.util.concurrent.ThreadPoolExecutor.runWorker(ThreadPoolExecutor.java:1149)
	at java.util.concurrent.ThreadPoolExecutor$Worker.run(ThreadPoolExecutor.java:624)
	at java.lang.Thread.run(Thread.java:748)
2019-10-03 19:55:14,790 [main] INFO  ozone.MiniOzoneClusterImpl (MiniOzoneClusterImpl.java:shutdown(314)) - Shutting down the Mini Ozone Cluster
2019-10-03 19:55:14,791 [main] INFO  ozone.MiniOzoneClusterImpl (MiniOzoneClusterImpl.java:stop(330)) - Stopping the Mini Ozone Cluster
2019-10-03 19:55:14,791 [main] INFO  ozone.MiniOzoneClusterImpl (MiniOzoneClusterImpl.java:stopOM(400)) - Stopping the OzoneManager
2019-10-03 19:55:14,791 [main] INFO  ipc.Server (Server.java:stop(3082)) - Stopping server on 36560
2019-10-03 19:55:14,817 [IPC Server listener on 36560] INFO  ipc.Server (Server.java:run(1185)) - Stopping IPC Server listener on 36560
2019-10-03 19:55:14,817 [main] INFO  ratis.OzoneManagerDoubleBuffer (OzoneManagerDoubleBuffer.java:stop(248)) - Stopping OMDoubleBuffer flush thread
2019-10-03 19:55:14,817 [IPC Server Responder] INFO  ipc.Server (Server.java:run(1319)) - Stopping IPC Server Responder
2019-10-03 19:55:14,819 [OMDoubleBufferFlushThread] INFO  ratis.OzoneManagerDoubleBuffer (OzoneManagerDoubleBuffer.java:flushTransactions(191)) - OMDoubleBuffer flush thread OMDoubleBufferFlushThread is interrupted and will exit. OMDoubleBufferFlushThread
2019-10-03 19:55:14,820 [main] INFO  utils.BackgroundService (BackgroundService.java:shutdown(148)) - Shutting down service KeyDeletingService
2019-10-03 19:55:14,821 [main] INFO  handler.ContextHandler (ContextHandler.java:doStop(910)) - Stopped o.e.j.w.WebAppContext@479111ba{/,null,UNAVAILABLE}{/ozoneManager}
2019-10-03 19:55:14,822 [main] INFO  server.AbstractConnector (AbstractConnector.java:doStop(318)) - Stopped ServerConnector@57ad1178{HTTP/1.1,[http/1.1]}{0.0.0.0:0}
2019-10-03 19:55:14,823 [main] INFO  handler.ContextHandler (ContextHandler.java:doStop(910)) - Stopped o.e.j.s.ServletContextHandler@33379242{/static,file:///workdir/hadoop-ozone/integration-test/target/test-classes/webapps/static,UNAVAILABLE}
2019-10-03 19:55:14,823 [main] INFO  handler.ContextHandler (ContextHandler.java:doStop(910)) - Stopped o.e.j.s.ServletContextHandler@64deb58f{/logs,file:///workdir/hadoop-ozone/integration-test/target/log,UNAVAILABLE}
2019-10-03 19:55:14,826 [main] INFO  ozone.MiniOzoneClusterImpl (MiniOzoneClusterImpl.java:stopDatanodes(377)) - Stopping the HddsDatanodes
2019-10-03 19:55:15,330 [Datanode State Machine Thread - 0] INFO  statemachine.DatanodeStateMachine (DatanodeStateMachine.java:lambda$startDaemon$0(350)) - Ozone container server started.
2019-10-03 19:55:15,564 [Datanode State Machine Thread - 0] INFO  statemachine.DatanodeStateMachine (DatanodeStateMachine.java:lambda$startDaemon$0(350)) - Ozone container server started.
2019-10-03 19:55:19,827 [main] INFO  ozoneimpl.OzoneContainer (OzoneContainer.java:stop(231)) - Attempting to stop container services.
2019-10-03 19:55:19,827 [ForkJoinPool.commonPool-worker-0] INFO  ozoneimpl.OzoneContainer (OzoneContainer.java:stop(231)) - Attempting to stop container services.
2019-10-03 19:55:19,829 [main] INFO  impl.RaftServerProxy (RaftServerProxy.java:lambda$close$4(314)) - 3918dacb-7872-4a74-92dd-7adc0d59f863: close
2019-10-03 19:55:19,829 [ForkJoinPool.commonPool-worker-0] INFO  impl.RaftServerProxy (RaftServerProxy.java:lambda$close$4(314)) - 85adb8d9-977a-449f-aaa1-6bf478ecc8b3: close
2019-10-03 19:55:19,830 [ForkJoinPool.commonPool-worker-0] INFO  impl.RaftServerImpl (RaftServerImpl.java:lambda$shutdown$3(247)) - 85adb8d9-977a-449f-aaa1-6bf478ecc8b3@group-B2B2E88743C3: shutdown
2019-10-03 19:55:19,830 [main] INFO  impl.RaftServerImpl (RaftServerImpl.java:lambda$shutdown$3(247)) - 3918dacb-7872-4a74-92dd-7adc0d59f863@group-7025DF518C71: shutdown
2019-10-03 19:55:19,830 [ForkJoinPool.commonPool-worker-0] INFO  util.JmxRegister (JmxRegister.java:unregister(73)) - Successfully un-registered JMX Bean with object name Ratis:service=RaftServer,group=group-B2B2E88743C3,id=85adb8d9-977a-449f-aaa1-6bf478ecc8b3
2019-10-03 19:55:19,830 [main] INFO  util.JmxRegister (JmxRegister.java:unregister(73)) - Successfully un-registered JMX Bean with object name Ratis:service=RaftServer,group=group-7025DF518C71,id=3918dacb-7872-4a74-92dd-7adc0d59f863
2019-10-03 19:55:19,831 [ForkJoinPool.commonPool-worker-0] INFO  impl.RoleInfo (RoleInfo.java:shutdownLeaderState(104)) - 85adb8d9-977a-449f-aaa1-6bf478ecc8b3: shutdown LeaderState
2019-10-03 19:55:19,831 [main] INFO  impl.RoleInfo (RoleInfo.java:shutdownLeaderState(104)) - 3918dacb-7872-4a74-92dd-7adc0d59f863: shutdown LeaderState
2019-10-03 19:55:19,831 [ForkJoinPool.commonPool-worker-0] INFO  impl.PendingRequests (PendingRequests.java:sendNotLeaderResponses(202)) - 85adb8d9-977a-449f-aaa1-6bf478ecc8b3@group-B2B2E88743C3-PendingRequests: sendNotLeaderResponses
2019-10-03 19:55:19,831 [main] INFO  impl.PendingRequests (PendingRequests.java:sendNotLeaderResponses(202)) - 3918dacb-7872-4a74-92dd-7adc0d59f863@group-7025DF518C71-PendingRequests: sendNotLeaderResponses
2019-10-03 19:55:19,832 [ForkJoinPool.commonPool-worker-0] INFO  impl.StateMachineUpdater (StateMachineUpdater.java:stopAndJoin(136)) - 85adb8d9-977a-449f-aaa1-6bf478ecc8b3@group-B2B2E88743C3-StateMachineUpdater: set stopIndex = 0
2019-10-03 19:55:19,832 [main] INFO  impl.StateMachineUpdater (StateMachineUpdater.java:stopAndJoin(136)) - 3918dacb-7872-4a74-92dd-7adc0d59f863@group-7025DF518C71-StateMachineUpdater: set stopIndex = 0
2019-10-03 19:55:19,833 [main] INFO  impl.RaftServerImpl (ServerState.java:close(387)) - 3918dacb-7872-4a74-92dd-7adc0d59f863@group-7025DF518C71: closes. applyIndex: 0
2019-10-03 19:55:19,833 [ForkJoinPool.commonPool-worker-0] INFO  impl.RaftServerImpl (ServerState.java:close(387)) - 85adb8d9-977a-449f-aaa1-6bf478ecc8b3@group-B2B2E88743C3: closes. applyIndex: 0
2019-10-03 19:55:19,834 [85adb8d9-977a-449f-aaa1-6bf478ecc8b3@group-B2B2E88743C3-SegmentedRaftLogWorker] INFO  segmented.SegmentedRaftLogWorker (SegmentedRaftLogWorker.java:run(316)) - 85adb8d9-977a-449f-aaa1-6bf478ecc8b3@group-B2B2E88743C3-SegmentedRaftLogWorker was interrupted, exiting. There are 0 tasks remaining in the queue.
2019-10-03 19:55:19,834 [3918dacb-7872-4a74-92dd-7adc0d59f863@group-7025DF518C71-SegmentedRaftLogWorker] INFO  segmented.SegmentedRaftLogWorker (SegmentedRaftLogWorker.java:run(316)) - 3918dacb-7872-4a74-92dd-7adc0d59f863@group-7025DF518C71-SegmentedRaftLogWorker was interrupted, exiting. There are 0 tasks remaining in the queue.
2019-10-03 19:55:19,843 [ForkJoinPool.commonPool-worker-0] INFO  segmented.SegmentedRaftLogWorker (SegmentedRaftLogWorker.java:close(224)) - 85adb8d9-977a-449f-aaa1-6bf478ecc8b3@group-B2B2E88743C3-SegmentedRaftLogWorker close()
2019-10-03 19:55:19,843 [main] INFO  segmented.SegmentedRaftLogWorker (SegmentedRaftLogWorker.java:close(224)) - 3918dacb-7872-4a74-92dd-7adc0d59f863@group-7025DF518C71-SegmentedRaftLogWorker close()
2019-10-03 19:55:19,847 [ForkJoinPool.commonPool-worker-0] INFO  impl.RaftServerImpl (RaftServerImpl.java:lambda$shutdown$3(247)) - 85adb8d9-977a-449f-aaa1-6bf478ecc8b3@group-322F3276BE48: shutdown
2019-10-03 19:55:19,850 [ForkJoinPool.commonPool-worker-0] INFO  util.JmxRegister (JmxRegister.java:unregister(73)) - Successfully un-registered JMX Bean with object name Ratis:service=RaftServer,group=group-322F3276BE48,id=85adb8d9-977a-449f-aaa1-6bf478ecc8b3
2019-10-03 19:55:19,850 [main] INFO  server.GrpcService (GrpcService.java:closeImpl(164)) - 3918dacb-7872-4a74-92dd-7adc0d59f863: shutdown server with port 38515 now
2019-10-03 19:55:19,851 [ForkJoinPool.commonPool-worker-0] INFO  impl.RoleInfo (RoleInfo.java:shutdownFollowerState(121)) - 85adb8d9-977a-449f-aaa1-6bf478ecc8b3: shutdown FollowerState
2019-10-03 19:55:19,851 [Thread-768] INFO  impl.FollowerState (FollowerState.java:run(117)) - 85adb8d9-977a-449f-aaa1-6bf478ecc8b3@group-322F3276BE48-FollowerState was interrupted: java.lang.InterruptedException: sleep interrupted
2019-10-03 19:55:19,851 [ForkJoinPool.commonPool-worker-0] INFO  impl.StateMachineUpdater (StateMachineUpdater.java:stopAndJoin(136)) - 85adb8d9-977a-449f-aaa1-6bf478ecc8b3@group-322F3276BE48-StateMachineUpdater: set stopIndex = 8
2019-10-03 19:55:19,853 [main] INFO  server.GrpcService (GrpcService.java:closeImpl(172)) - 3918dacb-7872-4a74-92dd-7adc0d59f863: shutdown server with port 38515 successfully
2019-10-03 19:55:19,851 [85adb8d9-977a-449f-aaa1-6bf478ecc8b3@group-322F3276BE48-StateMachineUpdater] INFO  ratis.ContainerStateMachine (ContainerStateMachine.java:takeSnapshot(293)) - group-322F3276BE48: Taking a snapshot at:(t:1, i:5) file /workdir/hadoop-ozone/integration-test/target/test-dir/MiniOzoneClusterImpl-77e39582-9142-4a55-b3af-cb33634f58da/datanode-1/data/ratis/4b6d26c1-1012-4310-b1fa-322f3276be48/sm/snapshot.1_5
2019-10-03 19:55:19,855 [refreshUsed-/workdir/hadoop-ozone/integration-test/target/test-dir/MiniOzoneClusterImpl-77e39582-9142-4a55-b3af-cb33634f58da/datanode-4/data/containers] WARN  fs.CachingGetSpaceUsed (CachingGetSpaceUsed.java:run(183)) - Thread Interrupted waiting to refresh disk information: sleep interrupted
2019-10-03 19:55:19,871 [85adb8d9-977a-449f-aaa1-6bf478ecc8b3@group-322F3276BE48-StateMachineUpdater] INFO  ratis.ContainerStateMachine (ContainerStateMachine.java:takeSnapshot(304)) - group-322F3276BE48: Finished taking a snapshot at:(t:1, i:5) file:/workdir/hadoop-ozone/integration-test/target/test-dir/MiniOzoneClusterImpl-77e39582-9142-4a55-b3af-cb33634f58da/datanode-1/data/ratis/4b6d26c1-1012-4310-b1fa-322f3276be48/sm/snapshot.1_5 time:20
2019-10-03 19:55:19,871 [85adb8d9-977a-449f-aaa1-6bf478ecc8b3@group-322F3276BE48-StateMachineUpdater] INFO  impl.StateMachineUpdater (StateMachineUpdater.java:takeSnapshot(269)) - 85adb8d9-977a-449f-aaa1-6bf478ecc8b3@group-322F3276BE48-StateMachineUpdater: Took a snapshot at index 5
2019-10-03 19:55:19,872 [85adb8d9-977a-449f-aaa1-6bf478ecc8b3@group-322F3276BE48-StateMachineUpdater] INFO  impl.StateMachineUpdater (StateMachineUpdater.java:lambda$new$0(84)) - 85adb8d9-977a-449f-aaa1-6bf478ecc8b3@group-322F3276BE48-StateMachineUpdater: snapshotIndex: updateIncreasingly -1 -> 5
2019-10-03 19:55:19,872 [85adb8d9-977a-449f-aaa1-6bf478ecc8b3@group-322F3276BE48-StateMachineUpdater] INFO  ratis.ContainerStateMachine (ContainerStateMachine.java:takeSnapshot(293)) - group-322F3276BE48: Taking a snapshot at:(t:1, i:5) file /workdir/hadoop-ozone/integration-test/target/test-dir/MiniOzoneClusterImpl-77e39582-9142-4a55-b3af-cb33634f58da/datanode-1/data/ratis/4b6d26c1-1012-4310-b1fa-322f3276be48/sm/snapshot.1_5
2019-10-03 19:55:19,874 [main] INFO  utils.BackgroundService (BackgroundService.java:shutdown(148)) - Shutting down service BlockDeletingService
2019-10-03 19:55:19,881 [main] INFO  statemachine.DatanodeStateMachine (DatanodeStateMachine.java:stopDaemon(395)) - Ozone container server stopped.
2019-10-03 19:55:19,883 [main] INFO  handler.ContextHandler (ContextHandler.java:doStop(910)) - Stopped o.e.j.w.WebAppContext@467233e4{/,null,UNAVAILABLE}{/hddsDatanode}
2019-10-03 19:55:19,884 [main] INFO  server.AbstractConnector (AbstractConnector.java:doStop(318)) - Stopped ServerConnector@427a12b6{HTTP/1.1,[http/1.1]}{0.0.0.0:0}
2019-10-03 19:55:19,885 [main] INFO  handler.ContextHandler (ContextHandler.java:doStop(910)) - Stopped o.e.j.s.ServletContextHandler@769bd849{/static,jar:file:/home/user/.m2/repository/org/apache/hadoop/hadoop-hdds-container-service/0.5.0-SNAPSHOT/hadoop-hdds-container-service-0.5.0-SNAPSHOT.jar!/webapps/static,UNAVAILABLE}
2019-10-03 19:55:19,885 [main] INFO  handler.ContextHandler (ContextHandler.java:doStop(910)) - Stopped o.e.j.s.ServletContextHandler@2582b0ef{/logs,file:///workdir/hadoop-ozone/integration-test/target/log,UNAVAILABLE}
2019-10-03 19:55:19,978 [85adb8d9-977a-449f-aaa1-6bf478ecc8b3@group-322F3276BE48-StateMachineUpdater] INFO  ratis.ContainerStateMachine (ContainerStateMachine.java:takeSnapshot(304)) - group-322F3276BE48: Finished taking a snapshot at:(t:1, i:5) file:/workdir/hadoop-ozone/integration-test/target/test-dir/MiniOzoneClusterImpl-77e39582-9142-4a55-b3af-cb33634f58da/datanode-1/data/ratis/4b6d26c1-1012-4310-b1fa-322f3276be48/sm/snapshot.1_5 time:107
2019-10-03 19:55:19,979 [85adb8d9-977a-449f-aaa1-6bf478ecc8b3@group-322F3276BE48-StateMachineUpdater] INFO  impl.StateMachineUpdater (StateMachineUpdater.java:takeSnapshot(269)) - 85adb8d9-977a-449f-aaa1-6bf478ecc8b3@group-322F3276BE48-StateMachineUpdater: Took a snapshot at index 5
2019-10-03 19:55:19,979 [85adb8d9-977a-449f-aaa1-6bf478ecc8b3@group-322F3276BE48-StateMachineUpdater] INFO  impl.StateMachineUpdater (StateMachineUpdater.java:lambda$new$0(84)) - 85adb8d9-977a-449f-aaa1-6bf478ecc8b3@group-322F3276BE48-StateMachineUpdater: snapshotIndex: updateIncreasingly 5 -> 5
2019-10-03 19:55:19,979 [ForkJoinPool.commonPool-worker-0] INFO  impl.RaftServerImpl (ServerState.java:close(387)) - 85adb8d9-977a-449f-aaa1-6bf478ecc8b3@group-322F3276BE48: closes. applyIndex: 8
2019-10-03 19:55:19,980 [85adb8d9-977a-449f-aaa1-6bf478ecc8b3@group-322F3276BE48-SegmentedRaftLogWorker] INFO  segmented.SegmentedRaftLogWorker (SegmentedRaftLogWorker.java:run(316)) - 85adb8d9-977a-449f-aaa1-6bf478ecc8b3@group-322F3276BE48-SegmentedRaftLogWorker was interrupted, exiting. There are 0 tasks remaining in the queue.
2019-10-03 19:55:19,982 [ForkJoinPool.commonPool-worker-0] INFO  segmented.SegmentedRaftLogWorker (SegmentedRaftLogWorker.java:close(224)) - 85adb8d9-977a-449f-aaa1-6bf478ecc8b3@group-322F3276BE48-SegmentedRaftLogWorker close()
2019-10-03 19:55:19,987 [ForkJoinPool.commonPool-worker-0] INFO  server.GrpcService (GrpcService.java:closeImpl(164)) - 85adb8d9-977a-449f-aaa1-6bf478ecc8b3: shutdown server with port 38347 now
2019-10-03 19:55:19,989 [ForkJoinPool.commonPool-worker-0] INFO  server.GrpcService (GrpcService.java:closeImpl(172)) - 85adb8d9-977a-449f-aaa1-6bf478ecc8b3: shutdown server with port 38347 successfully
2019-10-03 19:55:19,989 [grpc-default-executor-0] WARN  server.GrpcLogAppender (LogUtils.java:warn(134)) - 1382865e-5919-493b-a0b9-5b948d31190f@group-322F3276BE48->85adb8d9-977a-449f-aaa1-6bf478ecc8b3-AppendLogResponseHandler: Failed appendEntries: org.apache.ratis.thirdparty.io.grpc.StatusRuntimeException: CANCELLED: HTTP/2 error code: CANCEL
Received Rst Stream
2019-10-03 19:55:19,989 [grpc-default-executor-1] WARN  server.GrpcServerProtocolService (LogUtils.java:warn(134)) - 85adb8d9-977a-449f-aaa1-6bf478ecc8b3: installSnapshot onError, lastRequest: 1382865e-5919-493b-a0b9-5b948d31190f->85adb8d9-977a-449f-aaa1-6bf478ecc8b3#47-t1, previous=(t:1, i:8), leaderCommit=8, initializing? false, entries: <empty>: org.apache.ratis.thirdparty.io.grpc.StatusRuntimeException: CANCELLED: cancelled before receiving half close
2019-10-03 19:55:19,989 [grpc-default-executor-0] INFO  impl.FollowerInfo (FollowerInfo.java:lambda$new$0(51)) - 1382865e-5919-493b-a0b9-5b948d31190f@group-322F3276BE48->85adb8d9-977a-449f-aaa1-6bf478ecc8b3: nextIndex: updateUnconditionally 9 -> 8
2019-10-03 19:55:19,991 [refreshUsed-/workdir/hadoop-ozone/integration-test/target/test-dir/MiniOzoneClusterImpl-77e39582-9142-4a55-b3af-cb33634f58da/datanode-1/data/containers] WARN  fs.CachingGetSpaceUsed (CachingGetSpaceUsed.java:run(183)) - Thread Interrupted waiting to refresh disk information: sleep interrupted
2019-10-03 19:55:20,005 [ForkJoinPool.commonPool-worker-0] INFO  utils.BackgroundService (BackgroundService.java:shutdown(148)) - Shutting down service BlockDeletingService
2019-10-03 19:55:20,012 [ForkJoinPool.commonPool-worker-0] INFO  statemachine.DatanodeStateMachine (DatanodeStateMachine.java:stopDaemon(395)) - Ozone container server stopped.
2019-10-03 19:55:20,019 [ForkJoinPool.commonPool-worker-0] INFO  handler.ContextHandler (ContextHandler.java:doStop(910)) - Stopped o.e.j.w.WebAppContext@62a68bcb{/,null,UNAVAILABLE}{/hddsDatanode}
2019-10-03 19:55:20,020 [ForkJoinPool.commonPool-worker-0] INFO  server.AbstractConnector (AbstractConnector.java:doStop(318)) - Stopped ServerConnector@18b74ea{HTTP/1.1,[http/1.1]}{0.0.0.0:0}
2019-10-03 19:55:20,022 [ForkJoinPool.commonPool-worker-0] INFO  handler.ContextHandler (ContextHandler.java:doStop(910)) - Stopped o.e.j.s.ServletContextHandler@d902300{/static,jar:file:/home/user/.m2/repository/org/apache/hadoop/hadoop-hdds-container-service/0.5.0-SNAPSHOT/hadoop-hdds-container-service-0.5.0-SNAPSHOT.jar!/webapps/static,UNAVAILABLE}
2019-10-03 19:55:20,023 [ForkJoinPool.commonPool-worker-0] INFO  handler.ContextHandler (ContextHandler.java:doStop(910)) - Stopped o.e.j.s.ServletContextHandler@7e351d7{/logs,file:///workdir/hadoop-ozone/integration-test/target/log,UNAVAILABLE}
2019-10-03 19:55:20,263 [Datanode State Machine Thread - 0] INFO  statemachine.DatanodeStateMachine (DatanodeStateMachine.java:lambda$startDaemon$0(350)) - Ozone container server started.
2019-10-03 19:55:20,285 [Datanode State Machine Thread - 0] INFO  statemachine.DatanodeStateMachine (DatanodeStateMachine.java:lambda$startDaemon$0(350)) - Ozone container server started.
2019-10-03 19:55:20,287 [grpc-default-executor-1] WARN  server.GrpcLogAppender (LogUtils.java:warn(134)) - 1382865e-5919-493b-a0b9-5b948d31190f@group-322F3276BE48->85adb8d9-977a-449f-aaa1-6bf478ecc8b3-AppendLogResponseHandler: Failed appendEntries: org.apache.ratis.thirdparty.io.grpc.StatusRuntimeException: UNAVAILABLE: io exception
2019-10-03 19:55:20,287 [grpc-default-executor-1] INFO  impl.FollowerInfo (FollowerInfo.java:lambda$new$0(51)) - 1382865e-5919-493b-a0b9-5b948d31190f@group-322F3276BE48->85adb8d9-977a-449f-aaa1-6bf478ecc8b3: nextIndex: updateUnconditionally 8 -> 7
2019-10-03 19:55:22,788 [grpc-default-executor-0] WARN  server.GrpcLogAppender (LogUtils.java:warn(134)) - 1382865e-5919-493b-a0b9-5b948d31190f@group-322F3276BE48->85adb8d9-977a-449f-aaa1-6bf478ecc8b3-AppendLogResponseHandler: Failed appendEntries: org.apache.ratis.thirdparty.io.grpc.StatusRuntimeException: UNAVAILABLE: io exception
2019-10-03 19:55:22,789 [grpc-default-executor-0] INFO  impl.FollowerInfo (FollowerInfo.java:lambda$new$0(51)) - 1382865e-5919-493b-a0b9-5b948d31190f@group-322F3276BE48->85adb8d9-977a-449f-aaa1-6bf478ecc8b3: nextIndex: updateUnconditionally 7 -> 6
2019-10-03 19:55:24,887 [main] INFO  ozoneimpl.OzoneContainer (OzoneContainer.java:stop(231)) - Attempting to stop container services.
2019-10-03 19:55:24,888 [main] INFO  impl.RaftServerProxy (RaftServerProxy.java:lambda$close$4(314)) - 0b18d462-2775-44df-b49b-86e097963cba: close
2019-10-03 19:55:24,889 [main] INFO  impl.RaftServerImpl (RaftServerImpl.java:lambda$shutdown$3(247)) - 0b18d462-2775-44df-b49b-86e097963cba@group-DB0DC77759EB: shutdown
2019-10-03 19:55:24,889 [main] INFO  util.JmxRegister (JmxRegister.java:unregister(73)) - Successfully un-registered JMX Bean with object name Ratis:service=RaftServer,group=group-DB0DC77759EB,id=0b18d462-2775-44df-b49b-86e097963cba
2019-10-03 19:55:24,890 [main] INFO  impl.RoleInfo (RoleInfo.java:shutdownLeaderState(104)) - 0b18d462-2775-44df-b49b-86e097963cba: shutdown LeaderState
2019-10-03 19:55:24,890 [main] INFO  impl.PendingRequests (PendingRequests.java:sendNotLeaderResponses(202)) - 0b18d462-2775-44df-b49b-86e097963cba@group-DB0DC77759EB-PendingRequests: sendNotLeaderResponses
2019-10-03 19:55:24,891 [main] INFO  impl.StateMachineUpdater (StateMachineUpdater.java:stopAndJoin(136)) - 0b18d462-2775-44df-b49b-86e097963cba@group-DB0DC77759EB-StateMachineUpdater: set stopIndex = 0
2019-10-03 19:55:24,891 [main] INFO  impl.RaftServerImpl (ServerState.java:close(387)) - 0b18d462-2775-44df-b49b-86e097963cba@group-DB0DC77759EB: closes. applyIndex: 0
2019-10-03 19:55:24,892 [0b18d462-2775-44df-b49b-86e097963cba@group-DB0DC77759EB-SegmentedRaftLogWorker] INFO  segmented.SegmentedRaftLogWorker (SegmentedRaftLogWorker.java:run(316)) - 0b18d462-2775-44df-b49b-86e097963cba@group-DB0DC77759EB-SegmentedRaftLogWorker was interrupted, exiting. There are 0 tasks remaining in the queue.
2019-10-03 19:55:24,894 [main] INFO  segmented.SegmentedRaftLogWorker (SegmentedRaftLogWorker.java:close(224)) - 0b18d462-2775-44df-b49b-86e097963cba@group-DB0DC77759EB-SegmentedRaftLogWorker close()
2019-10-03 19:55:24,906 [main] INFO  impl.RaftServerImpl (RaftServerImpl.java:lambda$shutdown$3(247)) - 0b18d462-2775-44df-b49b-86e097963cba@group-50E2D793402D: shutdown
2019-10-03 19:55:24,906 [main] INFO  util.JmxRegister (JmxRegister.java:unregister(73)) - Successfully un-registered JMX Bean with object name Ratis:service=RaftServer,group=group-50E2D793402D,id=0b18d462-2775-44df-b49b-86e097963cba
2019-10-03 19:55:24,906 [main] INFO  impl.RoleInfo (RoleInfo.java:shutdownFollowerState(121)) - 0b18d462-2775-44df-b49b-86e097963cba: shutdown FollowerState
2019-10-03 19:55:24,907 [main] INFO  impl.StateMachineUpdater (StateMachineUpdater.java:stopAndJoin(136)) - 0b18d462-2775-44df-b49b-86e097963cba@group-50E2D793402D-StateMachineUpdater: set stopIndex = 0
2019-10-03 19:55:24,907 [Thread-763] INFO  impl.FollowerState (FollowerState.java:run(117)) - 0b18d462-2775-44df-b49b-86e097963cba@group-50E2D793402D-FollowerState was interrupted: java.lang.InterruptedException: sleep interrupted
2019-10-03 19:55:24,907 [main] INFO  impl.RaftServerImpl (ServerState.java:close(387)) - 0b18d462-2775-44df-b49b-86e097963cba@group-50E2D793402D: closes. applyIndex: 0
2019-10-03 19:55:24,909 [0b18d462-2775-44df-b49b-86e097963cba@group-50E2D793402D-SegmentedRaftLogWorker] INFO  segmented.SegmentedRaftLogWorker (SegmentedRaftLogWorker.java:run(316)) - 0b18d462-2775-44df-b49b-86e097963cba@group-50E2D793402D-SegmentedRaftLogWorker was interrupted, exiting. There are 0 tasks remaining in the queue.
2019-10-03 19:55:24,914 [main] INFO  segmented.SegmentedRaftLogWorker (SegmentedRaftLogWorker.java:close(224)) - 0b18d462-2775-44df-b49b-86e097963cba@group-50E2D793402D-SegmentedRaftLogWorker close()
2019-10-03 19:55:24,916 [main] INFO  server.GrpcService (GrpcService.java:closeImpl(164)) - 0b18d462-2775-44df-b49b-86e097963cba: shutdown server with port 45649 now
2019-10-03 19:55:24,918 [grpc-default-executor-1] WARN  server.GrpcServerProtocolService (LogUtils.java:warn(134)) - 0b18d462-2775-44df-b49b-86e097963cba: installSnapshot onError, lastRequest: 8d51f233-9e6f-4432-8b34-aab0b8be1295->0b18d462-2775-44df-b49b-86e097963cba#41-t1, previous=(t:1, i:0), leaderCommit=0, initializing? false, entries: <empty>: org.apache.ratis.thirdparty.io.grpc.StatusRuntimeException: CANCELLED: cancelled before receiving half close
2019-10-03 19:55:24,918 [main] INFO  server.GrpcService (GrpcService.java:closeImpl(172)) - 0b18d462-2775-44df-b49b-86e097963cba: shutdown server with port 45649 successfully
2019-10-03 19:55:24,919 [grpc-default-executor-6] WARN  server.GrpcLogAppender (LogUtils.java:warn(134)) - 8d51f233-9e6f-4432-8b34-aab0b8be1295@group-50E2D793402D->0b18d462-2775-44df-b49b-86e097963cba-AppendLogResponseHandler: Failed appendEntries: org.apache.ratis.thirdparty.io.grpc.StatusRuntimeException: CANCELLED: HTTP/2 error code: CANCEL
Received Rst Stream
2019-10-03 19:55:24,919 [grpc-default-executor-6] INFO  impl.FollowerInfo (FollowerInfo.java:lambda$new$0(51)) - 8d51f233-9e6f-4432-8b34-aab0b8be1295@group-50E2D793402D->0b18d462-2775-44df-b49b-86e097963cba: nextIndex: updateUnconditionally 1 -> 0
2019-10-03 19:55:24,929 [refreshUsed-/workdir/hadoop-ozone/integration-test/target/test-dir/MiniOzoneClusterImpl-77e39582-9142-4a55-b3af-cb33634f58da/datanode-3/data/containers] WARN  fs.CachingGetSpaceUsed (CachingGetSpaceUsed.java:run(183)) - Thread Interrupted waiting to refresh disk information: sleep interrupted
2019-10-03 19:55:24,940 [main] INFO  utils.BackgroundService (BackgroundService.java:shutdown(148)) - Shutting down service BlockDeletingService
2019-10-03 19:55:24,946 [main] INFO  statemachine.DatanodeStateMachine (DatanodeStateMachine.java:stopDaemon(395)) - Ozone container server stopped.
2019-10-03 19:55:24,947 [main] INFO  handler.ContextHandler (ContextHandler.java:doStop(910)) - Stopped o.e.j.w.WebAppContext@5a917723{/,null,UNAVAILABLE}{/hddsDatanode}
2019-10-03 19:55:24,948 [main] INFO  server.AbstractConnector (AbstractConnector.java:doStop(318)) - Stopped ServerConnector@7e4579c7{HTTP/1.1,[http/1.1]}{0.0.0.0:0}
2019-10-03 19:55:24,949 [main] INFO  handler.ContextHandler (ContextHandler.java:doStop(910)) - Stopped o.e.j.s.ServletContextHandler@80b122b{/static,jar:file:/home/user/.m2/repository/org/apache/hadoop/hadoop-hdds-container-service/0.5.0-SNAPSHOT/hadoop-hdds-container-service-0.5.0-SNAPSHOT.jar!/webapps/static,UNAVAILABLE}
2019-10-03 19:55:24,949 [main] INFO  handler.ContextHandler (ContextHandler.java:doStop(910)) - Stopped o.e.j.s.ServletContextHandler@4a44cfc0{/logs,file:///workdir/hadoop-ozone/integration-test/target/log,UNAVAILABLE}
2019-10-03 19:55:25,025 [ForkJoinPool.commonPool-worker-0] INFO  ozoneimpl.OzoneContainer (OzoneContainer.java:stop(231)) - Attempting to stop container services.
2019-10-03 19:55:25,025 [ForkJoinPool.commonPool-worker-0] INFO  impl.RaftServerProxy (RaftServerProxy.java:lambda$close$4(314)) - eeae474c-c7bf-4f3c-8ade-79d32018334d: close
2019-10-03 19:55:25,026 [ForkJoinPool.commonPool-worker-0] INFO  impl.RaftServerImpl (RaftServerImpl.java:lambda$shutdown$3(247)) - eeae474c-c7bf-4f3c-8ade-79d32018334d@group-BB1DD497D136: shutdown
2019-10-03 19:55:25,026 [ForkJoinPool.commonPool-worker-0] INFO  util.JmxRegister (JmxRegister.java:unregister(73)) - Successfully un-registered JMX Bean with object name Ratis:service=RaftServer,group=group-BB1DD497D136,id=eeae474c-c7bf-4f3c-8ade-79d32018334d
2019-10-03 19:55:25,026 [ForkJoinPool.commonPool-worker-0] INFO  impl.RoleInfo (RoleInfo.java:shutdownLeaderState(104)) - eeae474c-c7bf-4f3c-8ade-79d32018334d: shutdown LeaderState
2019-10-03 19:55:25,026 [ForkJoinPool.commonPool-worker-0] INFO  impl.PendingRequests (PendingRequests.java:sendNotLeaderResponses(202)) - eeae474c-c7bf-4f3c-8ade-79d32018334d@group-BB1DD497D136-PendingRequests: sendNotLeaderResponses
2019-10-03 19:55:25,026 [ForkJoinPool.commonPool-worker-0] INFO  impl.StateMachineUpdater (StateMachineUpdater.java:stopAndJoin(136)) - eeae474c-c7bf-4f3c-8ade-79d32018334d@group-BB1DD497D136-StateMachineUpdater: set stopIndex = 0
2019-10-03 19:55:25,027 [ForkJoinPool.commonPool-worker-0] INFO  impl.RaftServerImpl (ServerState.java:close(387)) - eeae474c-c7bf-4f3c-8ade-79d32018334d@group-BB1DD497D136: closes. applyIndex: 0
2019-10-03 19:55:25,027 [eeae474c-c7bf-4f3c-8ade-79d32018334d@group-BB1DD497D136-SegmentedRaftLogWorker] INFO  segmented.SegmentedRaftLogWorker (SegmentedRaftLogWorker.java:run(316)) - eeae474c-c7bf-4f3c-8ade-79d32018334d@group-BB1DD497D136-SegmentedRaftLogWorker was interrupted, exiting. There are 0 tasks remaining in the queue.
2019-10-03 19:55:25,030 [ForkJoinPool.commonPool-worker-0] INFO  segmented.SegmentedRaftLogWorker (SegmentedRaftLogWorker.java:close(224)) - eeae474c-c7bf-4f3c-8ade-79d32018334d@group-BB1DD497D136-SegmentedRaftLogWorker close()
2019-10-03 19:55:25,031 [ForkJoinPool.commonPool-worker-0] INFO  impl.RaftServerImpl (RaftServerImpl.java:lambda$shutdown$3(247)) - eeae474c-c7bf-4f3c-8ade-79d32018334d@group-50E2D793402D: shutdown
2019-10-03 19:55:25,032 [ForkJoinPool.commonPool-worker-0] INFO  util.JmxRegister (JmxRegister.java:unregister(73)) - Successfully un-registered JMX Bean with object name Ratis:service=RaftServer,group=group-50E2D793402D,id=eeae474c-c7bf-4f3c-8ade-79d32018334d
2019-10-03 19:55:25,032 [ForkJoinPool.commonPool-worker-0] INFO  impl.RoleInfo (RoleInfo.java:shutdownFollowerState(121)) - eeae474c-c7bf-4f3c-8ade-79d32018334d: shutdown FollowerState
2019-10-03 19:55:25,032 [ForkJoinPool.commonPool-worker-0] INFO  impl.StateMachineUpdater (StateMachineUpdater.java:stopAndJoin(136)) - eeae474c-c7bf-4f3c-8ade-79d32018334d@group-50E2D793402D-StateMachineUpdater: set stopIndex = 0
2019-10-03 19:55:25,032 [Thread-764] INFO  impl.FollowerState (FollowerState.java:run(117)) - eeae474c-c7bf-4f3c-8ade-79d32018334d@group-50E2D793402D-FollowerState was interrupted: java.lang.InterruptedException: sleep interrupted
2019-10-03 19:55:25,033 [ForkJoinPool.commonPool-worker-0] INFO  impl.RaftServerImpl (ServerState.java:close(387)) - eeae474c-c7bf-4f3c-8ade-79d32018334d@group-50E2D793402D: closes. applyIndex: 0
2019-10-03 19:55:25,034 [eeae474c-c7bf-4f3c-8ade-79d32018334d@group-50E2D793402D-SegmentedRaftLogWorker] INFO  segmented.SegmentedRaftLogWorker (SegmentedRaftLogWorker.java:run(316)) - eeae474c-c7bf-4f3c-8ade-79d32018334d@group-50E2D793402D-SegmentedRaftLogWorker was interrupted, exiting. There are 0 tasks remaining in the queue.
2019-10-03 19:55:25,045 [ForkJoinPool.commonPool-worker-0] INFO  segmented.SegmentedRaftLogWorker (SegmentedRaftLogWorker.java:close(224)) - eeae474c-c7bf-4f3c-8ade-79d32018334d@group-50E2D793402D-SegmentedRaftLogWorker close()
2019-10-03 19:55:25,047 [ForkJoinPool.commonPool-worker-0] INFO  server.GrpcService (GrpcService.java:closeImpl(164)) - eeae474c-c7bf-4f3c-8ade-79d32018334d: shutdown server with port 46683 now
2019-10-03 19:55:25,048 [ForkJoinPool.commonPool-worker-0] INFO  server.GrpcService (GrpcService.java:closeImpl(172)) - eeae474c-c7bf-4f3c-8ade-79d32018334d: shutdown server with port 46683 successfully
2019-10-03 19:55:25,048 [grpc-default-executor-0] WARN  server.GrpcLogAppender (LogUtils.java:warn(134)) - 8d51f233-9e6f-4432-8b34-aab0b8be1295@group-50E2D793402D->eeae474c-c7bf-4f3c-8ade-79d32018334d-AppendLogResponseHandler: Failed appendEntries: org.apache.ratis.thirdparty.io.grpc.StatusRuntimeException: CANCELLED: HTTP/2 error code: CANCEL
Received Rst Stream
2019-10-03 19:55:25,048 [grpc-default-executor-6] WARN  server.GrpcServerProtocolService (LogUtils.java:warn(134)) - eeae474c-c7bf-4f3c-8ade-79d32018334d: installSnapshot onError, lastRequest: 8d51f233-9e6f-4432-8b34-aab0b8be1295->eeae474c-c7bf-4f3c-8ade-79d32018334d#41-t1, previous=(t:1, i:0), leaderCommit=0, initializing? false, entries: <empty>: org.apache.ratis.thirdparty.io.grpc.StatusRuntimeException: CANCELLED: cancelled before receiving half close
2019-10-03 19:55:25,048 [grpc-default-executor-0] INFO  impl.FollowerInfo (FollowerInfo.java:lambda$new$0(51)) - 8d51f233-9e6f-4432-8b34-aab0b8be1295@group-50E2D793402D->eeae474c-c7bf-4f3c-8ade-79d32018334d: nextIndex: updateUnconditionally 1 -> 0
2019-10-03 19:55:25,050 [refreshUsed-/workdir/hadoop-ozone/integration-test/target/test-dir/MiniOzoneClusterImpl-77e39582-9142-4a55-b3af-cb33634f58da/datanode-2/data/containers] WARN  fs.CachingGetSpaceUsed (CachingGetSpaceUsed.java:run(183)) - Thread Interrupted waiting to refresh disk information: sleep interrupted
2019-10-03 19:55:25,062 [ForkJoinPool.commonPool-worker-0] INFO  utils.BackgroundService (BackgroundService.java:shutdown(148)) - Shutting down service BlockDeletingService
2019-10-03 19:55:25,068 [ForkJoinPool.commonPool-worker-0] INFO  statemachine.DatanodeStateMachine (DatanodeStateMachine.java:stopDaemon(395)) - Ozone container server stopped.
2019-10-03 19:55:25,074 [ForkJoinPool.commonPool-worker-0] INFO  handler.ContextHandler (ContextHandler.java:doStop(910)) - Stopped o.e.j.w.WebAppContext@2c63762b{/,null,UNAVAILABLE}{/hddsDatanode}
2019-10-03 19:55:25,074 [ForkJoinPool.commonPool-worker-0] INFO  server.AbstractConnector (AbstractConnector.java:doStop(318)) - Stopped ServerConnector@7a9eccc4{HTTP/1.1,[http/1.1]}{0.0.0.0:0}
2019-10-03 19:55:25,076 [ForkJoinPool.commonPool-worker-0] INFO  handler.ContextHandler (ContextHandler.java:doStop(910)) - Stopped o.e.j.s.ServletContextHandler@a09303{/static,jar:file:/home/user/.m2/repository/org/apache/hadoop/hadoop-hdds-container-service/0.5.0-SNAPSHOT/hadoop-hdds-container-service-0.5.0-SNAPSHOT.jar!/webapps/static,UNAVAILABLE}
2019-10-03 19:55:25,077 [ForkJoinPool.commonPool-worker-0] INFO  handler.ContextHandler (ContextHandler.java:doStop(910)) - Stopped o.e.j.s.ServletContextHandler@3440e9cd{/logs,file:///workdir/hadoop-ozone/integration-test/target/log,UNAVAILABLE}
2019-10-03 19:55:25,195 [grpc-default-executor-0] WARN  server.GrpcLogAppender (LogUtils.java:warn(134)) - 8d51f233-9e6f-4432-8b34-aab0b8be1295@group-50E2D793402D->0b18d462-2775-44df-b49b-86e097963cba-AppendLogResponseHandler: Failed appendEntries: org.apache.ratis.thirdparty.io.grpc.StatusRuntimeException: UNAVAILABLE: io exception
2019-10-03 19:55:25,195 [grpc-default-executor-1] WARN  server.GrpcLogAppender (LogUtils.java:warn(134)) - 8d51f233-9e6f-4432-8b34-aab0b8be1295@group-50E2D793402D->eeae474c-c7bf-4f3c-8ade-79d32018334d-AppendLogResponseHandler: Failed appendEntries: org.apache.ratis.thirdparty.io.grpc.StatusRuntimeException: UNAVAILABLE: io exception
2019-10-03 19:55:25,195 [grpc-default-executor-0] INFO  impl.FollowerInfo (FollowerInfo.java:lambda$new$0(51)) - 8d51f233-9e6f-4432-8b34-aab0b8be1295@group-50E2D793402D->0b18d462-2775-44df-b49b-86e097963cba: nextIndex: updateUnconditionally 0 -> 0
2019-10-03 19:55:25,195 [grpc-default-executor-1] INFO  impl.FollowerInfo (FollowerInfo.java:lambda$new$0(51)) - 8d51f233-9e6f-4432-8b34-aab0b8be1295@group-50E2D793402D->eeae474c-c7bf-4f3c-8ade-79d32018334d: nextIndex: updateUnconditionally 0 -> 0
2019-10-03 19:55:25,288 [grpc-default-executor-7] WARN  server.GrpcLogAppender (LogUtils.java:warn(134)) - 1382865e-5919-493b-a0b9-5b948d31190f@group-322F3276BE48->85adb8d9-977a-449f-aaa1-6bf478ecc8b3-AppendLogResponseHandler: Failed appendEntries: org.apache.ratis.thirdparty.io.grpc.StatusRuntimeException: UNAVAILABLE: io exception
2019-10-03 19:55:25,289 [grpc-default-executor-7] INFO  impl.FollowerInfo (FollowerInfo.java:lambda$new$0(51)) - 1382865e-5919-493b-a0b9-5b948d31190f@group-322F3276BE48->85adb8d9-977a-449f-aaa1-6bf478ecc8b3: nextIndex: updateUnconditionally 6 -> 5
2019-10-03 19:55:25,562 [Datanode State Machine Thread - 0] INFO  statemachine.DatanodeStateMachine (DatanodeStateMachine.java:lambda$startDaemon$0(350)) - Ozone container server started.
2019-10-03 19:55:25,562 [Datanode State Machine Thread - 0] INFO  statemachine.DatanodeStateMachine (DatanodeStateMachine.java:lambda$startDaemon$0(350)) - Ozone container server started.
2019-10-03 19:55:27,698 [grpc-default-executor-9] WARN  server.GrpcLogAppender (LogUtils.java:warn(134)) - 8d51f233-9e6f-4432-8b34-aab0b8be1295@group-50E2D793402D->eeae474c-c7bf-4f3c-8ade-79d32018334d-AppendLogResponseHandler: Failed appendEntries: org.apache.ratis.thirdparty.io.grpc.StatusRuntimeException: UNAVAILABLE: io exception
2019-10-03 19:55:27,698 [grpc-default-executor-8] WARN  server.GrpcLogAppender (LogUtils.java:warn(134)) - 8d51f233-9e6f-4432-8b34-aab0b8be1295@group-50E2D793402D->0b18d462-2775-44df-b49b-86e097963cba-AppendLogResponseHandler: Failed appendEntries: org.apache.ratis.thirdparty.io.grpc.StatusRuntimeException: UNAVAILABLE: io exception
2019-10-03 19:55:27,699 [grpc-default-executor-9] INFO  impl.FollowerInfo (FollowerInfo.java:lambda$new$0(51)) - 8d51f233-9e6f-4432-8b34-aab0b8be1295@group-50E2D793402D->eeae474c-c7bf-4f3c-8ade-79d32018334d: nextIndex: updateUnconditionally 0 -> 0
2019-10-03 19:55:27,699 [grpc-default-executor-8] INFO  impl.FollowerInfo (FollowerInfo.java:lambda$new$0(51)) - 8d51f233-9e6f-4432-8b34-aab0b8be1295@group-50E2D793402D->0b18d462-2775-44df-b49b-86e097963cba: nextIndex: updateUnconditionally 0 -> 0
2019-10-03 19:55:27,789 [grpc-default-executor-8] WARN  server.GrpcLogAppender (LogUtils.java:warn(134)) - 1382865e-5919-493b-a0b9-5b948d31190f@group-322F3276BE48->85adb8d9-977a-449f-aaa1-6bf478ecc8b3-AppendLogResponseHandler: Failed appendEntries: org.apache.ratis.thirdparty.io.grpc.StatusRuntimeException: UNAVAILABLE: io exception
2019-10-03 19:55:27,789 [grpc-default-executor-8] INFO  impl.FollowerInfo (FollowerInfo.java:lambda$new$0(51)) - 1382865e-5919-493b-a0b9-5b948d31190f@group-322F3276BE48->85adb8d9-977a-449f-aaa1-6bf478ecc8b3: nextIndex: updateUnconditionally 5 -> 4
2019-10-03 19:55:29,952 [main] INFO  ozoneimpl.OzoneContainer (OzoneContainer.java:stop(231)) - Attempting to stop container services.
2019-10-03 19:55:29,954 [main] INFO  impl.RaftServerProxy (RaftServerProxy.java:lambda$close$4(314)) - 4f3ebc35-d043-4b5d-bf0d-80fd96580666: close
2019-10-03 19:55:29,955 [main] INFO  impl.RaftServerImpl (RaftServerImpl.java:lambda$shutdown$3(247)) - 4f3ebc35-d043-4b5d-bf0d-80fd96580666@group-F591AD459BB5: shutdown
2019-10-03 19:55:29,955 [main] INFO  util.JmxRegister (JmxRegister.java:unregister(73)) - Successfully un-registered JMX Bean with object name Ratis:service=RaftServer,group=group-F591AD459BB5,id=4f3ebc35-d043-4b5d-bf0d-80fd96580666
2019-10-03 19:55:29,956 [main] INFO  impl.RoleInfo (RoleInfo.java:shutdownLeaderState(104)) - 4f3ebc35-d043-4b5d-bf0d-80fd96580666: shutdown LeaderState
2019-10-03 19:55:29,956 [main] INFO  impl.PendingRequests (PendingRequests.java:sendNotLeaderResponses(202)) - 4f3ebc35-d043-4b5d-bf0d-80fd96580666@group-F591AD459BB5-PendingRequests: sendNotLeaderResponses
2019-10-03 19:55:29,957 [main] INFO  impl.StateMachineUpdater (StateMachineUpdater.java:stopAndJoin(136)) - 4f3ebc35-d043-4b5d-bf0d-80fd96580666@group-F591AD459BB5-StateMachineUpdater: set stopIndex = 0
2019-10-03 19:55:29,958 [main] INFO  impl.RaftServerImpl (ServerState.java:close(387)) - 4f3ebc35-d043-4b5d-bf0d-80fd96580666@group-F591AD459BB5: closes. applyIndex: 0
2019-10-03 19:55:29,959 [4f3ebc35-d043-4b5d-bf0d-80fd96580666@group-F591AD459BB5-SegmentedRaftLogWorker] INFO  segmented.SegmentedRaftLogWorker (SegmentedRaftLogWorker.java:run(316)) - 4f3ebc35-d043-4b5d-bf0d-80fd96580666@group-F591AD459BB5-SegmentedRaftLogWorker was interrupted, exiting. There are 0 tasks remaining in the queue.
2019-10-03 19:55:29,961 [main] INFO  segmented.SegmentedRaftLogWorker (SegmentedRaftLogWorker.java:close(224)) - 4f3ebc35-d043-4b5d-bf0d-80fd96580666@group-F591AD459BB5-SegmentedRaftLogWorker close()
2019-10-03 19:55:29,963 [main] INFO  impl.RaftServerImpl (RaftServerImpl.java:lambda$shutdown$3(247)) - 4f3ebc35-d043-4b5d-bf0d-80fd96580666@group-322F3276BE48: shutdown
2019-10-03 19:55:29,964 [main] INFO  util.JmxRegister (JmxRegister.java:unregister(73)) - Successfully un-registered JMX Bean with object name Ratis:service=RaftServer,group=group-322F3276BE48,id=4f3ebc35-d043-4b5d-bf0d-80fd96580666
2019-10-03 19:55:29,964 [main] INFO  impl.RoleInfo (RoleInfo.java:shutdownFollowerState(121)) - 4f3ebc35-d043-4b5d-bf0d-80fd96580666: shutdown FollowerState
2019-10-03 19:55:29,964 [main] INFO  impl.StateMachineUpdater (StateMachineUpdater.java:stopAndJoin(136)) - 4f3ebc35-d043-4b5d-bf0d-80fd96580666@group-322F3276BE48-StateMachineUpdater: set stopIndex = 8
2019-10-03 19:55:29,965 [4f3ebc35-d043-4b5d-bf0d-80fd96580666@group-322F3276BE48-StateMachineUpdater] INFO  ratis.ContainerStateMachine (ContainerStateMachine.java:takeSnapshot(293)) - group-322F3276BE48: Taking a snapshot at:(t:1, i:5) file /workdir/hadoop-ozone/integration-test/target/test-dir/MiniOzoneClusterImpl-77e39582-9142-4a55-b3af-cb33634f58da/datanode-6/data/ratis/4b6d26c1-1012-4310-b1fa-322f3276be48/sm/snapshot.1_5
2019-10-03 19:55:29,965 [Thread-767] INFO  impl.FollowerState (FollowerState.java:run(117)) - 4f3ebc35-d043-4b5d-bf0d-80fd96580666@group-322F3276BE48-FollowerState was interrupted: java.lang.InterruptedException: sleep interrupted
2019-10-03 19:55:29,989 [4f3ebc35-d043-4b5d-bf0d-80fd96580666@group-322F3276BE48-StateMachineUpdater] INFO  ratis.ContainerStateMachine (ContainerStateMachine.java:takeSnapshot(304)) - group-322F3276BE48: Finished taking a snapshot at:(t:1, i:5) file:/workdir/hadoop-ozone/integration-test/target/test-dir/MiniOzoneClusterImpl-77e39582-9142-4a55-b3af-cb33634f58da/datanode-6/data/ratis/4b6d26c1-1012-4310-b1fa-322f3276be48/sm/snapshot.1_5 time:24
2019-10-03 19:55:29,989 [4f3ebc35-d043-4b5d-bf0d-80fd96580666@group-322F3276BE48-StateMachineUpdater] INFO  impl.StateMachineUpdater (StateMachineUpdater.java:takeSnapshot(269)) - 4f3ebc35-d043-4b5d-bf0d-80fd96580666@group-322F3276BE48-StateMachineUpdater: Took a snapshot at index 5
2019-10-03 19:55:29,989 [4f3ebc35-d043-4b5d-bf0d-80fd96580666@group-322F3276BE48-StateMachineUpdater] INFO  impl.StateMachineUpdater (StateMachineUpdater.java:lambda$new$0(84)) - 4f3ebc35-d043-4b5d-bf0d-80fd96580666@group-322F3276BE48-StateMachineUpdater: snapshotIndex: updateIncreasingly -1 -> 5
2019-10-03 19:55:29,990 [4f3ebc35-d043-4b5d-bf0d-80fd96580666@group-322F3276BE48-StateMachineUpdater] INFO  ratis.ContainerStateMachine (ContainerStateMachine.java:takeSnapshot(293)) - group-322F3276BE48: Taking a snapshot at:(t:1, i:5) file /workdir/hadoop-ozone/integration-test/target/test-dir/MiniOzoneClusterImpl-77e39582-9142-4a55-b3af-cb33634f58da/datanode-6/data/ratis/4b6d26c1-1012-4310-b1fa-322f3276be48/sm/snapshot.1_5
2019-10-03 19:55:29,995 [4f3ebc35-d043-4b5d-bf0d-80fd96580666@group-322F3276BE48-StateMachineUpdater] INFO  ratis.ContainerStateMachine (ContainerStateMachine.java:takeSnapshot(304)) - group-322F3276BE48: Finished taking a snapshot at:(t:1, i:5) file:/workdir/hadoop-ozone/integration-test/target/test-dir/MiniOzoneClusterImpl-77e39582-9142-4a55-b3af-cb33634f58da/datanode-6/data/ratis/4b6d26c1-1012-4310-b1fa-322f3276be48/sm/snapshot.1_5 time:5
2019-10-03 19:55:29,995 [4f3ebc35-d043-4b5d-bf0d-80fd96580666@group-322F3276BE48-StateMachineUpdater] INFO  impl.StateMachineUpdater (StateMachineUpdater.java:takeSnapshot(269)) - 4f3ebc35-d043-4b5d-bf0d-80fd96580666@group-322F3276BE48-StateMachineUpdater: Took a snapshot at index 5
2019-10-03 19:55:29,995 [4f3ebc35-d043-4b5d-bf0d-80fd96580666@group-322F3276BE48-StateMachineUpdater] INFO  impl.StateMachineUpdater (StateMachineUpdater.java:lambda$new$0(84)) - 4f3ebc35-d043-4b5d-bf0d-80fd96580666@group-322F3276BE48-StateMachineUpdater: snapshotIndex: updateIncreasingly 5 -> 5
2019-10-03 19:55:29,996 [main] INFO  impl.RaftServerImpl (ServerState.java:close(387)) - 4f3ebc35-d043-4b5d-bf0d-80fd96580666@group-322F3276BE48: closes. applyIndex: 8
2019-10-03 19:55:29,997 [4f3ebc35-d043-4b5d-bf0d-80fd96580666@group-322F3276BE48-SegmentedRaftLogWorker] INFO  segmented.SegmentedRaftLogWorker (SegmentedRaftLogWorker.java:run(316)) - 4f3ebc35-d043-4b5d-bf0d-80fd96580666@group-322F3276BE48-SegmentedRaftLogWorker was interrupted, exiting. There are 0 tasks remaining in the queue.
2019-10-03 19:55:29,998 [main] INFO  segmented.SegmentedRaftLogWorker (SegmentedRaftLogWorker.java:close(224)) - 4f3ebc35-d043-4b5d-bf0d-80fd96580666@group-322F3276BE48-SegmentedRaftLogWorker close()
2019-10-03 19:55:30,001 [main] INFO  server.GrpcService (GrpcService.java:closeImpl(164)) - 4f3ebc35-d043-4b5d-bf0d-80fd96580666: shutdown server with port 44754 now
2019-10-03 19:55:30,004 [grpc-default-executor-1] WARN  server.GrpcServerProtocolService (LogUtils.java:warn(134)) - 4f3ebc35-d043-4b5d-bf0d-80fd96580666: installSnapshot onError, lastRequest: 1382865e-5919-493b-a0b9-5b948d31190f->4f3ebc35-d043-4b5d-bf0d-80fd96580666#51-t1, previous=(t:1, i:8), leaderCommit=8, initializing? false, entries: <empty>: org.apache.ratis.thirdparty.io.grpc.StatusRuntimeException: CANCELLED: cancelled before receiving half close
2019-10-03 19:55:30,004 [main] INFO  server.GrpcService (GrpcService.java:closeImpl(172)) - 4f3ebc35-d043-4b5d-bf0d-80fd96580666: shutdown server with port 44754 successfully
2019-10-03 19:55:30,004 [grpc-default-executor-8] WARN  server.GrpcLogAppender (LogUtils.java:warn(134)) - 1382865e-5919-493b-a0b9-5b948d31190f@group-322F3276BE48->4f3ebc35-d043-4b5d-bf0d-80fd96580666-AppendLogResponseHandler: Failed appendEntries: org.apache.ratis.thirdparty.io.grpc.StatusRuntimeException: CANCELLED: HTTP/2 error code: CANCEL
Received Rst Stream
2019-10-03 19:55:30,005 [grpc-default-executor-9] WARN  client.GrpcClientProtocolService (LogUtils.java:warn(134)) - 54-OrderedRequestStreamObserver54: onError: org.apache.ratis.thirdparty.io.grpc.StatusRuntimeException: CANCELLED: cancelled before receiving half close
2019-10-03 19:55:30,005 [grpc-default-executor-8] INFO  impl.FollowerInfo (FollowerInfo.java:lambda$new$0(51)) - 1382865e-5919-493b-a0b9-5b948d31190f@group-322F3276BE48->4f3ebc35-d043-4b5d-bf0d-80fd96580666: nextIndex: updateUnconditionally 9 -> 8
2019-10-03 19:55:30,006 [refreshUsed-/workdir/hadoop-ozone/integration-test/target/test-dir/MiniOzoneClusterImpl-77e39582-9142-4a55-b3af-cb33634f58da/datanode-6/data/containers] WARN  fs.CachingGetSpaceUsed (CachingGetSpaceUsed.java:run(183)) - Thread Interrupted waiting to refresh disk information: sleep interrupted
2019-10-03 19:55:30,022 [main] INFO  utils.BackgroundService (BackgroundService.java:shutdown(148)) - Shutting down service BlockDeletingService
2019-10-03 19:55:30,025 [main] INFO  statemachine.DatanodeStateMachine (DatanodeStateMachine.java:stopDaemon(395)) - Ozone container server stopped.
2019-10-03 19:55:30,027 [main] INFO  handler.ContextHandler (ContextHandler.java:doStop(910)) - Stopped o.e.j.w.WebAppContext@32118208{/,null,UNAVAILABLE}{/hddsDatanode}
2019-10-03 19:55:30,028 [main] INFO  server.AbstractConnector (AbstractConnector.java:doStop(318)) - Stopped ServerConnector@414f87a9{HTTP/1.1,[http/1.1]}{0.0.0.0:0}
2019-10-03 19:55:30,029 [main] INFO  handler.ContextHandler (ContextHandler.java:doStop(910)) - Stopped o.e.j.s.ServletContextHandler@294aba23{/static,jar:file:/home/user/.m2/repository/org/apache/hadoop/hadoop-hdds-container-service/0.5.0-SNAPSHOT/hadoop-hdds-container-service-0.5.0-SNAPSHOT.jar!/webapps/static,UNAVAILABLE}
2019-10-03 19:55:30,029 [main] INFO  handler.ContextHandler (ContextHandler.java:doStop(910)) - Stopped o.e.j.s.ServletContextHandler@642a16aa{/logs,file:///workdir/hadoop-ozone/integration-test/target/log,UNAVAILABLE}
2019-10-03 19:55:30,082 [ForkJoinPool.commonPool-worker-0] INFO  ozoneimpl.OzoneContainer (OzoneContainer.java:stop(231)) - Attempting to stop container services.
2019-10-03 19:55:30,082 [ForkJoinPool.commonPool-worker-0] INFO  impl.RaftServerProxy (RaftServerProxy.java:lambda$close$4(314)) - 1382865e-5919-493b-a0b9-5b948d31190f: close
2019-10-03 19:55:30,082 [ForkJoinPool.commonPool-worker-0] INFO  impl.RaftServerImpl (RaftServerImpl.java:lambda$shutdown$3(247)) - 1382865e-5919-493b-a0b9-5b948d31190f@group-9543520C701E: shutdown
2019-10-03 19:55:30,083 [ForkJoinPool.commonPool-worker-0] INFO  util.JmxRegister (JmxRegister.java:unregister(73)) - Successfully un-registered JMX Bean with object name Ratis:service=RaftServer,group=group-9543520C701E,id=1382865e-5919-493b-a0b9-5b948d31190f
2019-10-03 19:55:30,083 [ForkJoinPool.commonPool-worker-0] INFO  impl.RoleInfo (RoleInfo.java:shutdownLeaderState(104)) - 1382865e-5919-493b-a0b9-5b948d31190f: shutdown LeaderState
2019-10-03 19:55:30,083 [ForkJoinPool.commonPool-worker-0] INFO  impl.PendingRequests (PendingRequests.java:sendNotLeaderResponses(202)) - 1382865e-5919-493b-a0b9-5b948d31190f@group-9543520C701E-PendingRequests: sendNotLeaderResponses
2019-10-03 19:55:30,084 [ForkJoinPool.commonPool-worker-0] INFO  impl.StateMachineUpdater (StateMachineUpdater.java:stopAndJoin(136)) - 1382865e-5919-493b-a0b9-5b948d31190f@group-9543520C701E-StateMachineUpdater: set stopIndex = 0
2019-10-03 19:55:30,084 [ForkJoinPool.commonPool-worker-0] INFO  impl.RaftServerImpl (ServerState.java:close(387)) - 1382865e-5919-493b-a0b9-5b948d31190f@group-9543520C701E: closes. applyIndex: 0
2019-10-03 19:55:30,084 [1382865e-5919-493b-a0b9-5b948d31190f@group-9543520C701E-SegmentedRaftLogWorker] INFO  segmented.SegmentedRaftLogWorker (SegmentedRaftLogWorker.java:run(316)) - 1382865e-5919-493b-a0b9-5b948d31190f@group-9543520C701E-SegmentedRaftLogWorker was interrupted, exiting. There are 0 tasks remaining in the queue.
2019-10-03 19:55:30,085 [ForkJoinPool.commonPool-worker-0] INFO  segmented.SegmentedRaftLogWorker (SegmentedRaftLogWorker.java:close(224)) - 1382865e-5919-493b-a0b9-5b948d31190f@group-9543520C701E-SegmentedRaftLogWorker close()
2019-10-03 19:55:30,091 [ForkJoinPool.commonPool-worker-0] INFO  impl.RaftServerImpl (RaftServerImpl.java:lambda$shutdown$3(247)) - 1382865e-5919-493b-a0b9-5b948d31190f@group-322F3276BE48: shutdown
2019-10-03 19:55:30,091 [ForkJoinPool.commonPool-worker-0] INFO  util.JmxRegister (JmxRegister.java:unregister(73)) - Successfully un-registered JMX Bean with object name Ratis:service=RaftServer,group=group-322F3276BE48,id=1382865e-5919-493b-a0b9-5b948d31190f
2019-10-03 19:55:30,092 [ForkJoinPool.commonPool-worker-0] INFO  impl.RoleInfo (RoleInfo.java:shutdownLeaderState(104)) - 1382865e-5919-493b-a0b9-5b948d31190f: shutdown LeaderState
2019-10-03 19:55:30,093 [ForkJoinPool.commonPool-worker-0] INFO  impl.PendingRequests (PendingRequests.java:sendNotLeaderResponses(202)) - 1382865e-5919-493b-a0b9-5b948d31190f@group-322F3276BE48-PendingRequests: sendNotLeaderResponses
2019-10-03 19:55:30,094 [org.apache.ratis.server.impl.LogAppender$AppenderDaemon$$Lambda$506/1274033253@3ed9eace] WARN  server.GrpcLogAppender (GrpcLogAppender.java:mayWait(143)) - 1382865e-5919-493b-a0b9-5b948d31190f@group-322F3276BE48->4f3ebc35-d043-4b5d-bf0d-80fd96580666-GrpcLogAppender: Wait interrupted by java.lang.InterruptedException
2019-10-03 19:55:30,094 [org.apache.ratis.server.impl.LogAppender$AppenderDaemon$$Lambda$506/1274033253@5716c3bc] WARN  server.GrpcLogAppender (GrpcLogAppender.java:mayWait(143)) - 1382865e-5919-493b-a0b9-5b948d31190f@group-322F3276BE48->85adb8d9-977a-449f-aaa1-6bf478ecc8b3-GrpcLogAppender: Wait interrupted by java.lang.InterruptedException
2019-10-03 19:55:30,096 [ForkJoinPool.commonPool-worker-0] INFO  impl.StateMachineUpdater (StateMachineUpdater.java:stopAndJoin(136)) - 1382865e-5919-493b-a0b9-5b948d31190f@group-322F3276BE48-StateMachineUpdater: set stopIndex = 8
2019-10-03 19:55:30,096 [1382865e-5919-493b-a0b9-5b948d31190f@group-322F3276BE48-StateMachineUpdater] INFO  ratis.ContainerStateMachine (ContainerStateMachine.java:takeSnapshot(293)) - group-322F3276BE48: Taking a snapshot at:(t:1, i:6) file /workdir/hadoop-ozone/integration-test/target/test-dir/MiniOzoneClusterImpl-77e39582-9142-4a55-b3af-cb33634f58da/datanode-0/data/ratis/4b6d26c1-1012-4310-b1fa-322f3276be48/sm/snapshot.1_6
2019-10-03 19:55:30,108 [1382865e-5919-493b-a0b9-5b948d31190f@group-322F3276BE48-StateMachineUpdater] INFO  ratis.ContainerStateMachine (ContainerStateMachine.java:takeSnapshot(304)) - group-322F3276BE48: Finished taking a snapshot at:(t:1, i:6) file:/workdir/hadoop-ozone/integration-test/target/test-dir/MiniOzoneClusterImpl-77e39582-9142-4a55-b3af-cb33634f58da/datanode-0/data/ratis/4b6d26c1-1012-4310-b1fa-322f3276be48/sm/snapshot.1_6 time:12
2019-10-03 19:55:30,108 [1382865e-5919-493b-a0b9-5b948d31190f@group-322F3276BE48-StateMachineUpdater] INFO  impl.StateMachineUpdater (StateMachineUpdater.java:takeSnapshot(269)) - 1382865e-5919-493b-a0b9-5b948d31190f@group-322F3276BE48-StateMachineUpdater: Took a snapshot at index 6
2019-10-03 19:55:30,109 [1382865e-5919-493b-a0b9-5b948d31190f@group-322F3276BE48-StateMachineUpdater] INFO  impl.StateMachineUpdater (StateMachineUpdater.java:lambda$new$0(84)) - 1382865e-5919-493b-a0b9-5b948d31190f@group-322F3276BE48-StateMachineUpdater: snapshotIndex: updateIncreasingly -1 -> 6
2019-10-03 19:55:30,109 [1382865e-5919-493b-a0b9-5b948d31190f@group-322F3276BE48-StateMachineUpdater] INFO  ratis.ContainerStateMachine (ContainerStateMachine.java:takeSnapshot(293)) - group-322F3276BE48: Taking a snapshot at:(t:1, i:6) file /workdir/hadoop-ozone/integration-test/target/test-dir/MiniOzoneClusterImpl-77e39582-9142-4a55-b3af-cb33634f58da/datanode-0/data/ratis/4b6d26c1-1012-4310-b1fa-322f3276be48/sm/snapshot.1_6
2019-10-03 19:55:30,112 [1382865e-5919-493b-a0b9-5b948d31190f@group-322F3276BE48-StateMachineUpdater] INFO  ratis.ContainerStateMachine (ContainerStateMachine.java:takeSnapshot(304)) - group-322F3276BE48: Finished taking a snapshot at:(t:1, i:6) file:/workdir/hadoop-ozone/integration-test/target/test-dir/MiniOzoneClusterImpl-77e39582-9142-4a55-b3af-cb33634f58da/datanode-0/data/ratis/4b6d26c1-1012-4310-b1fa-322f3276be48/sm/snapshot.1_6 time:3
2019-10-03 19:55:30,112 [1382865e-5919-493b-a0b9-5b948d31190f@group-322F3276BE48-StateMachineUpdater] INFO  impl.StateMachineUpdater (StateMachineUpdater.java:takeSnapshot(269)) - 1382865e-5919-493b-a0b9-5b948d31190f@group-322F3276BE48-StateMachineUpdater: Took a snapshot at index 6
2019-10-03 19:55:30,112 [1382865e-5919-493b-a0b9-5b948d31190f@group-322F3276BE48-StateMachineUpdater] INFO  impl.StateMachineUpdater (StateMachineUpdater.java:lambda$new$0(84)) - 1382865e-5919-493b-a0b9-5b948d31190f@group-322F3276BE48-StateMachineUpdater: snapshotIndex: updateIncreasingly 6 -> 6
2019-10-03 19:55:30,113 [ForkJoinPool.commonPool-worker-0] INFO  impl.RaftServerImpl (ServerState.java:close(387)) - 1382865e-5919-493b-a0b9-5b948d31190f@group-322F3276BE48: closes. applyIndex: 8
2019-10-03 19:55:30,113 [1382865e-5919-493b-a0b9-5b948d31190f@group-322F3276BE48-SegmentedRaftLogWorker] INFO  segmented.SegmentedRaftLogWorker (SegmentedRaftLogWorker.java:run(316)) - 1382865e-5919-493b-a0b9-5b948d31190f@group-322F3276BE48-SegmentedRaftLogWorker was interrupted, exiting. There are 0 tasks remaining in the queue.
2019-10-03 19:55:30,114 [ForkJoinPool.commonPool-worker-0] INFO  segmented.SegmentedRaftLogWorker (SegmentedRaftLogWorker.java:close(224)) - 1382865e-5919-493b-a0b9-5b948d31190f@group-322F3276BE48-SegmentedRaftLogWorker close()
2019-10-03 19:55:30,114 [ForkJoinPool.commonPool-worker-0] INFO  server.GrpcService (GrpcService.java:closeImpl(164)) - 1382865e-5919-493b-a0b9-5b948d31190f: shutdown server with port 39135 now
2019-10-03 19:55:30,114 [ForkJoinPool.commonPool-worker-0] INFO  server.GrpcService (GrpcService.java:closeImpl(172)) - 1382865e-5919-493b-a0b9-5b948d31190f: shutdown server with port 39135 successfully
2019-10-03 19:55:30,116 [refreshUsed-/workdir/hadoop-ozone/integration-test/target/test-dir/MiniOzoneClusterImpl-77e39582-9142-4a55-b3af-cb33634f58da/datanode-0/data/containers] WARN  fs.CachingGetSpaceUsed (CachingGetSpaceUsed.java:run(183)) - Thread Interrupted waiting to refresh disk information: sleep interrupted
2019-10-03 19:55:30,131 [ForkJoinPool.commonPool-worker-0] INFO  utils.BackgroundService (BackgroundService.java:shutdown(148)) - Shutting down service BlockDeletingService
2019-10-03 19:55:30,134 [ForkJoinPool.commonPool-worker-0] INFO  statemachine.DatanodeStateMachine (DatanodeStateMachine.java:stopDaemon(395)) - Ozone container server stopped.
2019-10-03 19:55:30,137 [ForkJoinPool.commonPool-worker-0] INFO  handler.ContextHandler (ContextHandler.java:doStop(910)) - Stopped o.e.j.w.WebAppContext@73aeef7d{/,null,UNAVAILABLE}{/hddsDatanode}
2019-10-03 19:55:30,137 [ForkJoinPool.commonPool-worker-0] INFO  server.AbstractConnector (AbstractConnector.java:doStop(318)) - Stopped ServerConnector@d675f9f{HTTP/1.1,[http/1.1]}{0.0.0.0:0}
2019-10-03 19:55:30,140 [ForkJoinPool.commonPool-worker-0] INFO  handler.ContextHandler (ContextHandler.java:doStop(910)) - Stopped o.e.j.s.ServletContextHandler@4ceff87d{/static,jar:file:/home/user/.m2/repository/org/apache/hadoop/hadoop-hdds-container-service/0.5.0-SNAPSHOT/hadoop-hdds-container-service-0.5.0-SNAPSHOT.jar!/webapps/static,UNAVAILABLE}
2019-10-03 19:55:30,140 [ForkJoinPool.commonPool-worker-0] INFO  handler.ContextHandler (ContextHandler.java:doStop(910)) - Stopped o.e.j.s.ServletContextHandler@71adfedd{/logs,file:///workdir/hadoop-ozone/integration-test/target/log,UNAVAILABLE}
2019-10-03 19:55:30,197 [grpc-default-executor-0] WARN  server.GrpcLogAppender (LogUtils.java:warn(134)) - 8d51f233-9e6f-4432-8b34-aab0b8be1295@group-50E2D793402D->eeae474c-c7bf-4f3c-8ade-79d32018334d-AppendLogResponseHandler: Failed appendEntries: org.apache.ratis.thirdparty.io.grpc.StatusRuntimeException: UNAVAILABLE: io exception
2019-10-03 19:55:30,197 [grpc-default-executor-6] WARN  server.GrpcLogAppender (LogUtils.java:warn(134)) - 8d51f233-9e6f-4432-8b34-aab0b8be1295@group-50E2D793402D->0b18d462-2775-44df-b49b-86e097963cba-AppendLogResponseHandler: Failed appendEntries: org.apache.ratis.thirdparty.io.grpc.StatusRuntimeException: UNAVAILABLE: io exception
2019-10-03 19:55:30,197 [grpc-default-executor-0] INFO  impl.FollowerInfo (FollowerInfo.java:lambda$new$0(51)) - 8d51f233-9e6f-4432-8b34-aab0b8be1295@group-50E2D793402D->eeae474c-c7bf-4f3c-8ade-79d32018334d: nextIndex: updateUnconditionally 0 -> 0
2019-10-03 19:55:30,197 [grpc-default-executor-6] INFO  impl.FollowerInfo (FollowerInfo.java:lambda$new$0(51)) - 8d51f233-9e6f-4432-8b34-aab0b8be1295@group-50E2D793402D->0b18d462-2775-44df-b49b-86e097963cba: nextIndex: updateUnconditionally 0 -> 0
2019-10-03 19:55:30,418 [Datanode State Machine Thread - 0] INFO  statemachine.DatanodeStateMachine (DatanodeStateMachine.java:lambda$startDaemon$0(350)) - Ozone container server started.
2019-10-03 19:55:32,710 [grpc-default-executor-1] WARN  server.GrpcLogAppender (LogUtils.java:warn(134)) - 8d51f233-9e6f-4432-8b34-aab0b8be1295@group-50E2D793402D->0b18d462-2775-44df-b49b-86e097963cba-AppendLogResponseHandler: Failed appendEntries: org.apache.ratis.thirdparty.io.grpc.StatusRuntimeException: UNAVAILABLE: io exception
2019-10-03 19:55:32,711 [grpc-default-executor-1] INFO  impl.FollowerInfo (FollowerInfo.java:lambda$new$0(51)) - 8d51f233-9e6f-4432-8b34-aab0b8be1295@group-50E2D793402D->0b18d462-2775-44df-b49b-86e097963cba: nextIndex: updateUnconditionally 0 -> 0
2019-10-03 19:55:32,711 [grpc-default-executor-6] WARN  server.GrpcLogAppender (LogUtils.java:warn(134)) - 8d51f233-9e6f-4432-8b34-aab0b8be1295@group-50E2D793402D->eeae474c-c7bf-4f3c-8ade-79d32018334d-AppendLogResponseHandler: Failed appendEntries: org.apache.ratis.thirdparty.io.grpc.StatusRuntimeException: UNAVAILABLE: io exception
2019-10-03 19:55:32,712 [grpc-default-executor-6] INFO  impl.FollowerInfo (FollowerInfo.java:lambda$new$0(51)) - 8d51f233-9e6f-4432-8b34-aab0b8be1295@group-50E2D793402D->eeae474c-c7bf-4f3c-8ade-79d32018334d: nextIndex: updateUnconditionally 0 -> 0
2019-10-03 19:55:35,032 [main] INFO  ozoneimpl.OzoneContainer (OzoneContainer.java:stop(231)) - Attempting to stop container services.
2019-10-03 19:55:35,036 [main] INFO  impl.RaftServerProxy (RaftServerProxy.java:lambda$close$4(314)) - 8d51f233-9e6f-4432-8b34-aab0b8be1295: close
2019-10-03 19:55:35,037 [main] INFO  impl.RaftServerImpl (RaftServerImpl.java:lambda$shutdown$3(247)) - 8d51f233-9e6f-4432-8b34-aab0b8be1295@group-8FC31F3EFCFD: shutdown
2019-10-03 19:55:35,038 [main] INFO  util.JmxRegister (JmxRegister.java:unregister(73)) - Successfully un-registered JMX Bean with object name Ratis:service=RaftServer,group=group-8FC31F3EFCFD,id=8d51f233-9e6f-4432-8b34-aab0b8be1295
2019-10-03 19:55:35,038 [main] INFO  impl.RoleInfo (RoleInfo.java:shutdownLeaderState(104)) - 8d51f233-9e6f-4432-8b34-aab0b8be1295: shutdown LeaderState
2019-10-03 19:55:35,039 [main] INFO  impl.PendingRequests (PendingRequests.java:sendNotLeaderResponses(202)) - 8d51f233-9e6f-4432-8b34-aab0b8be1295@group-8FC31F3EFCFD-PendingRequests: sendNotLeaderResponses
2019-10-03 19:55:35,040 [main] INFO  impl.StateMachineUpdater (StateMachineUpdater.java:stopAndJoin(136)) - 8d51f233-9e6f-4432-8b34-aab0b8be1295@group-8FC31F3EFCFD-StateMachineUpdater: set stopIndex = 0
2019-10-03 19:55:35,040 [main] INFO  impl.RaftServerImpl (ServerState.java:close(387)) - 8d51f233-9e6f-4432-8b34-aab0b8be1295@group-8FC31F3EFCFD: closes. applyIndex: 0
2019-10-03 19:55:35,041 [8d51f233-9e6f-4432-8b34-aab0b8be1295@group-8FC31F3EFCFD-SegmentedRaftLogWorker] INFO  segmented.SegmentedRaftLogWorker (SegmentedRaftLogWorker.java:run(316)) - 8d51f233-9e6f-4432-8b34-aab0b8be1295@group-8FC31F3EFCFD-SegmentedRaftLogWorker was interrupted, exiting. There are 0 tasks remaining in the queue.
2019-10-03 19:55:35,041 [main] INFO  segmented.SegmentedRaftLogWorker (SegmentedRaftLogWorker.java:close(224)) - 8d51f233-9e6f-4432-8b34-aab0b8be1295@group-8FC31F3EFCFD-SegmentedRaftLogWorker close()
2019-10-03 19:55:35,042 [main] INFO  impl.RaftServerImpl (RaftServerImpl.java:lambda$shutdown$3(247)) - 8d51f233-9e6f-4432-8b34-aab0b8be1295@group-50E2D793402D: shutdown
2019-10-03 19:55:35,042 [main] INFO  util.JmxRegister (JmxRegister.java:unregister(73)) - Successfully un-registered JMX Bean with object name Ratis:service=RaftServer,group=group-50E2D793402D,id=8d51f233-9e6f-4432-8b34-aab0b8be1295
2019-10-03 19:55:35,043 [main] INFO  impl.RoleInfo (RoleInfo.java:shutdownLeaderState(104)) - 8d51f233-9e6f-4432-8b34-aab0b8be1295: shutdown LeaderState
2019-10-03 19:55:35,045 [org.apache.ratis.server.impl.LogAppender$AppenderDaemon$$Lambda$506/1274033253@7ca31514] WARN  server.GrpcLogAppender (GrpcLogAppender.java:mayWait(143)) - 8d51f233-9e6f-4432-8b34-aab0b8be1295@group-50E2D793402D->0b18d462-2775-44df-b49b-86e097963cba-GrpcLogAppender: Wait interrupted by java.lang.InterruptedException
2019-10-03 19:55:35,045 [main] INFO  impl.PendingRequests (PendingRequests.java:sendNotLeaderResponses(202)) - 8d51f233-9e6f-4432-8b34-aab0b8be1295@group-50E2D793402D-PendingRequests: sendNotLeaderResponses
2019-10-03 19:55:35,045 [org.apache.ratis.server.impl.LogAppender$AppenderDaemon$$Lambda$506/1274033253@3fade3] WARN  server.GrpcLogAppender (GrpcLogAppender.java:mayWait(143)) - 8d51f233-9e6f-4432-8b34-aab0b8be1295@group-50E2D793402D->eeae474c-c7bf-4f3c-8ade-79d32018334d-GrpcLogAppender: Wait interrupted by java.lang.InterruptedException
2019-10-03 19:55:35,046 [main] INFO  impl.StateMachineUpdater (StateMachineUpdater.java:stopAndJoin(136)) - 8d51f233-9e6f-4432-8b34-aab0b8be1295@group-50E2D793402D-StateMachineUpdater: set stopIndex = 0
2019-10-03 19:55:35,046 [main] INFO  impl.RaftServerImpl (ServerState.java:close(387)) - 8d51f233-9e6f-4432-8b34-aab0b8be1295@group-50E2D793402D: closes. applyIndex: 0
2019-10-03 19:55:35,047 [8d51f233-9e6f-4432-8b34-aab0b8be1295@group-50E2D793402D-SegmentedRaftLogWorker] INFO  segmented.SegmentedRaftLogWorker (SegmentedRaftLogWorker.java:run(316)) - 8d51f233-9e6f-4432-8b34-aab0b8be1295@group-50E2D793402D-SegmentedRaftLogWorker was interrupted, exiting. There are 0 tasks remaining in the queue.
2019-10-03 19:55:35,047 [main] INFO  segmented.SegmentedRaftLogWorker (SegmentedRaftLogWorker.java:close(224)) - 8d51f233-9e6f-4432-8b34-aab0b8be1295@group-50E2D793402D-SegmentedRaftLogWorker close()
2019-10-03 19:55:35,048 [main] INFO  server.GrpcService (GrpcService.java:closeImpl(164)) - 8d51f233-9e6f-4432-8b34-aab0b8be1295: shutdown server with port 45434 now
2019-10-03 19:55:35,049 [main] INFO  server.GrpcService (GrpcService.java:closeImpl(172)) - 8d51f233-9e6f-4432-8b34-aab0b8be1295: shutdown server with port 45434 successfully
2019-10-03 19:55:35,051 [refreshUsed-/workdir/hadoop-ozone/integration-test/target/test-dir/MiniOzoneClusterImpl-77e39582-9142-4a55-b3af-cb33634f58da/datanode-5/data/containers] WARN  fs.CachingGetSpaceUsed (CachingGetSpaceUsed.java:run(183)) - Thread Interrupted waiting to refresh disk information: sleep interrupted
2019-10-03 19:55:35,071 [main] INFO  utils.BackgroundService (BackgroundService.java:shutdown(148)) - Shutting down service BlockDeletingService
2019-10-03 19:55:35,074 [main] INFO  statemachine.DatanodeStateMachine (DatanodeStateMachine.java:stopDaemon(395)) - Ozone container server stopped.
2019-10-03 19:55:35,076 [main] INFO  handler.ContextHandler (ContextHandler.java:doStop(910)) - Stopped o.e.j.w.WebAppContext@6723610b{/,null,UNAVAILABLE}{/hddsDatanode}
2019-10-03 19:55:35,077 [main] INFO  server.AbstractConnector (AbstractConnector.java:doStop(318)) - Stopped ServerConnector@5ba03c82{HTTP/1.1,[http/1.1]}{0.0.0.0:0}
2019-10-03 19:55:35,077 [main] INFO  handler.ContextHandler (ContextHandler.java:doStop(910)) - Stopped o.e.j.s.ServletContextHandler@9f674ac{/static,jar:file:/home/user/.m2/repository/org/apache/hadoop/hadoop-hdds-container-service/0.5.0-SNAPSHOT/hadoop-hdds-container-service-0.5.0-SNAPSHOT.jar!/webapps/static,UNAVAILABLE}
2019-10-03 19:55:35,078 [main] INFO  handler.ContextHandler (ContextHandler.java:doStop(910)) - Stopped o.e.j.s.ServletContextHandler@35b17c06{/logs,file:///workdir/hadoop-ozone/integration-test/target/log,UNAVAILABLE}
2019-10-03 19:55:35,079 [main] INFO  ozone.MiniOzoneClusterImpl (MiniOzoneClusterImpl.java:stopSCM(392)) - Stopping the StorageContainerManager
2019-10-03 19:55:35,079 [main] INFO  server.StorageContainerManager (StorageContainerManager.java:stop(808)) - Stopping Replication Manager Service.
2019-10-03 19:55:35,080 [main] INFO  container.ReplicationManager (ReplicationManager.java:stop(203)) - Stopping Replication Monitor Thread.
2019-10-03 19:55:35,080 [main] INFO  server.StorageContainerManager (StorageContainerManager.java:stop(815)) - Stopping Lease Manager of the command watchers
2019-10-03 19:55:35,080 [main] INFO  server.StorageContainerManager (StorageContainerManager.java:stop(822)) - Stopping datanode service RPC server
2019-10-03 19:55:35,080 [main] INFO  server.SCMDatanodeProtocolServer (SCMDatanodeProtocolServer.java:stop(346)) - Stopping the RPC server for DataNodes
2019-10-03 19:55:35,080 [main] INFO  ipc.Server (Server.java:stop(3082)) - Stopping server on 41106
2019-10-03 19:55:35,082 [IPC Server listener on 41106] INFO  ipc.Server (Server.java:run(1185)) - Stopping IPC Server listener on 41106
2019-10-03 19:55:35,083 [IPC Server Responder] INFO  ipc.Server (Server.java:run(1319)) - Stopping IPC Server Responder
2019-10-03 19:55:35,117 [SCM Heartbeat Processing Thread - 0] WARN  node.NodeStateManager (NodeStateManager.java:scheduleNextHealthCheck(646)) - Current Thread is interrupted, shutting down HB processing thread for Node Manager.
2019-10-03 19:55:35,118 [main] INFO  server.StorageContainerManager (StorageContainerManager.java:stop(830)) - Stopping block service RPC server
2019-10-03 19:55:35,118 [main] INFO  server.SCMBlockProtocolServer (SCMBlockProtocolServer.java:stop(155)) - Stopping the RPC server for Block Protocol
2019-10-03 19:55:35,118 [main] INFO  ipc.Server (Server.java:stop(3082)) - Stopping server on 42934
2019-10-03 19:55:35,119 [IPC Server listener on 42934] INFO  ipc.Server (Server.java:run(1185)) - Stopping IPC Server listener on 42934
2019-10-03 19:55:35,119 [main] INFO  server.StorageContainerManager (StorageContainerManager.java:stop(837)) - Stopping the StorageContainerLocationProtocol RPC server
2019-10-03 19:55:35,119 [IPC Server Responder] INFO  ipc.Server (Server.java:run(1319)) - Stopping IPC Server Responder
2019-10-03 19:55:35,120 [main] INFO  server.SCMClientProtocolServer (SCMClientProtocolServer.java:stop(168)) - Stopping the RPC server for Client Protocol
2019-10-03 19:55:35,121 [main] INFO  ipc.Server (Server.java:stop(3082)) - Stopping server on 42578
2019-10-03 19:55:35,122 [IPC Server listener on 42578] INFO  ipc.Server (Server.java:run(1185)) - Stopping IPC Server listener on 42578
2019-10-03 19:55:35,122 [main] INFO  server.StorageContainerManager (StorageContainerManager.java:stop(844)) - Stopping Storage Container Manager HTTP server.
2019-10-03 19:55:35,122 [IPC Server Responder] INFO  ipc.Server (Server.java:run(1319)) - Stopping IPC Server Responder
2019-10-03 19:55:35,125 [main] INFO  handler.ContextHandler (ContextHandler.java:doStop(910)) - Stopped o.e.j.w.WebAppContext@3d0cac1f{/,null,UNAVAILABLE}{/scm}
2019-10-03 19:55:35,125 [main] INFO  server.AbstractConnector (AbstractConnector.java:doStop(318)) - Stopped ServerConnector@3e8b3b79{HTTP/1.1,[http/1.1]}{0.0.0.0:0}
2019-10-03 19:55:35,125 [main] INFO  handler.ContextHandler (ContextHandler.java:doStop(910)) - Stopped o.e.j.s.ServletContextHandler@74d6736{/static,file:///workdir/hadoop-ozone/integration-test/target/test-classes/webapps/static,UNAVAILABLE}
2019-10-03 19:55:35,126 [main] INFO  handler.ContextHandler (ContextHandler.java:doStop(910)) - Stopped o.e.j.s.ServletContextHandler@3f81621c{/logs,file:///workdir/hadoop-ozone/integration-test/target/log,UNAVAILABLE}
2019-10-03 19:55:35,127 [main] INFO  server.StorageContainerManager (StorageContainerManager.java:stop(855)) - Stopping Block Manager Service.
2019-10-03 19:55:35,127 [main] INFO  utils.BackgroundService (BackgroundService.java:shutdown(148)) - Shutting down service SCMBlockDeletingService
2019-10-03 19:55:35,127 [main] INFO  utils.BackgroundService (BackgroundService.java:shutdown(148)) - Shutting down service SCMBlockDeletingService
2019-10-03 19:55:35,128 [main] INFO  server.StorageContainerManager (StorageContainerManager.java:stop(877)) - Stopping SCM Event Queue.
2019-10-03 19:55:35,131 [main] INFO  impl.MetricsSystemImpl (MetricsSystemImpl.java:stop(210)) - Stopping HddsDatanode metrics system...
2019-10-03 19:55:35,144 [main] INFO  impl.MetricsSystemImpl (MetricsSystemImpl.java:stop(216)) - HddsDatanode metrics system stopped.
]]></system-out>
    <system-err><![CDATA[Oct 03, 2019 7:55:19 PM org.apache.ratis.thirdparty.io.grpc.internal.SerializingExecutor run
SEVERE: Exception while executing runnable org.apache.ratis.thirdparty.io.grpc.internal.ServerImpl$JumpToApplicationThreadServerStreamListener$1Closed@1a823009
org.apache.ratis.thirdparty.io.grpc.StatusRuntimeException: CANCELLED: call already cancelled
	at org.apache.ratis.thirdparty.io.grpc.Status.asRuntimeException(Status.java:517)
	at org.apache.ratis.thirdparty.io.grpc.stub.ServerCalls$ServerCallStreamObserverImpl.onCompleted(ServerCalls.java:356)
	at org.apache.ratis.grpc.server.GrpcServerProtocolService$ServerRequestStreamObserver.onError(GrpcServerProtocolService.java:121)
	at org.apache.ratis.thirdparty.io.grpc.stub.ServerCalls$StreamingServerCallHandler$StreamingServerCallListener.onCancel(ServerCalls.java:269)
	at org.apache.ratis.thirdparty.io.grpc.internal.ServerCallImpl$ServerStreamListenerImpl.closed(ServerCallImpl.java:293)
	at org.apache.ratis.thirdparty.io.grpc.internal.ServerImpl$JumpToApplicationThreadServerStreamListener$1Closed.runInContext(ServerImpl.java:741)
	at org.apache.ratis.thirdparty.io.grpc.internal.ContextRunnable.run(ContextRunnable.java:37)
	at org.apache.ratis.thirdparty.io.grpc.internal.SerializingExecutor.run(SerializingExecutor.java:123)
	at java.util.concurrent.ThreadPoolExecutor.runWorker(ThreadPoolExecutor.java:1149)
	at java.util.concurrent.ThreadPoolExecutor$Worker.run(ThreadPoolExecutor.java:624)
	at java.lang.Thread.run(Thread.java:748)

Oct 03, 2019 7:55:24 PM org.apache.ratis.thirdparty.io.grpc.internal.SerializingExecutor run
SEVERE: Exception while executing runnable org.apache.ratis.thirdparty.io.grpc.internal.ServerImpl$JumpToApplicationThreadServerStreamListener$1Closed@5f8fecb0
org.apache.ratis.thirdparty.io.grpc.StatusRuntimeException: CANCELLED: call already cancelled
	at org.apache.ratis.thirdparty.io.grpc.Status.asRuntimeException(Status.java:517)
	at org.apache.ratis.thirdparty.io.grpc.stub.ServerCalls$ServerCallStreamObserverImpl.onCompleted(ServerCalls.java:356)
	at org.apache.ratis.grpc.server.GrpcServerProtocolService$ServerRequestStreamObserver.onError(GrpcServerProtocolService.java:121)
	at org.apache.ratis.thirdparty.io.grpc.stub.ServerCalls$StreamingServerCallHandler$StreamingServerCallListener.onCancel(ServerCalls.java:269)
	at org.apache.ratis.thirdparty.io.grpc.internal.ServerCallImpl$ServerStreamListenerImpl.closed(ServerCallImpl.java:293)
	at org.apache.ratis.thirdparty.io.grpc.internal.ServerImpl$JumpToApplicationThreadServerStreamListener$1Closed.runInContext(ServerImpl.java:741)
	at org.apache.ratis.thirdparty.io.grpc.internal.ContextRunnable.run(ContextRunnable.java:37)
	at org.apache.ratis.thirdparty.io.grpc.internal.SerializingExecutor.run(SerializingExecutor.java:123)
	at java.util.concurrent.ThreadPoolExecutor.runWorker(ThreadPoolExecutor.java:1149)
	at java.util.concurrent.ThreadPoolExecutor$Worker.run(ThreadPoolExecutor.java:624)
	at java.lang.Thread.run(Thread.java:748)

Oct 03, 2019 7:55:25 PM org.apache.ratis.thirdparty.io.grpc.internal.SerializingExecutor run
SEVERE: Exception while executing runnable org.apache.ratis.thirdparty.io.grpc.internal.ServerImpl$JumpToApplicationThreadServerStreamListener$1Closed@ccce271
org.apache.ratis.thirdparty.io.grpc.StatusRuntimeException: CANCELLED: call already cancelled
	at org.apache.ratis.thirdparty.io.grpc.Status.asRuntimeException(Status.java:517)
	at org.apache.ratis.thirdparty.io.grpc.stub.ServerCalls$ServerCallStreamObserverImpl.onCompleted(ServerCalls.java:356)
	at org.apache.ratis.grpc.server.GrpcServerProtocolService$ServerRequestStreamObserver.onError(GrpcServerProtocolService.java:121)
	at org.apache.ratis.thirdparty.io.grpc.stub.ServerCalls$StreamingServerCallHandler$StreamingServerCallListener.onCancel(ServerCalls.java:269)
	at org.apache.ratis.thirdparty.io.grpc.internal.ServerCallImpl$ServerStreamListenerImpl.closed(ServerCallImpl.java:293)
	at org.apache.ratis.thirdparty.io.grpc.internal.ServerImpl$JumpToApplicationThreadServerStreamListener$1Closed.runInContext(ServerImpl.java:741)
	at org.apache.ratis.thirdparty.io.grpc.internal.ContextRunnable.run(ContextRunnable.java:37)
	at org.apache.ratis.thirdparty.io.grpc.internal.SerializingExecutor.run(SerializingExecutor.java:123)
	at java.util.concurrent.ThreadPoolExecutor.runWorker(ThreadPoolExecutor.java:1149)
	at java.util.concurrent.ThreadPoolExecutor$Worker.run(ThreadPoolExecutor.java:624)
	at java.lang.Thread.run(Thread.java:748)

Oct 03, 2019 7:55:30 PM org.apache.ratis.thirdparty.io.grpc.internal.SerializingExecutor run
SEVERE: Exception while executing runnable org.apache.ratis.thirdparty.io.grpc.internal.ServerImpl$JumpToApplicationThreadServerStreamListener$1Closed@45270cef
org.apache.ratis.thirdparty.io.grpc.StatusRuntimeException: CANCELLED: call already cancelled
	at org.apache.ratis.thirdparty.io.grpc.Status.asRuntimeException(Status.java:517)
	at org.apache.ratis.thirdparty.io.grpc.stub.ServerCalls$ServerCallStreamObserverImpl.onCompleted(ServerCalls.java:356)
	at org.apache.ratis.grpc.server.GrpcServerProtocolService$ServerRequestStreamObserver.onError(GrpcServerProtocolService.java:121)
	at org.apache.ratis.thirdparty.io.grpc.stub.ServerCalls$StreamingServerCallHandler$StreamingServerCallListener.onCancel(ServerCalls.java:269)
	at org.apache.ratis.thirdparty.io.grpc.internal.ServerCallImpl$ServerStreamListenerImpl.closed(ServerCallImpl.java:293)
	at org.apache.ratis.thirdparty.io.grpc.internal.ServerImpl$JumpToApplicationThreadServerStreamListener$1Closed.runInContext(ServerImpl.java:741)
	at org.apache.ratis.thirdparty.io.grpc.internal.ContextRunnable.run(ContextRunnable.java:37)
	at org.apache.ratis.thirdparty.io.grpc.internal.SerializingExecutor.run(SerializingExecutor.java:123)
	at java.util.concurrent.ThreadPoolExecutor.runWorker(ThreadPoolExecutor.java:1149)
	at java.util.concurrent.ThreadPoolExecutor$Worker.run(ThreadPoolExecutor.java:624)
	at java.lang.Thread.run(Thread.java:748)

]]></system-err>
  </testcase>
</testsuite>