<?xml version="1.0" encoding="UTF-8"?>
<testsuite xmlns:xsi="http://www.w3.org/2001/XMLSchema-instance" xsi:noNamespaceSchemaLocation="https://maven.apache.org/surefire/maven-surefire-plugin/xsd/surefire-test-report.xsd" name="org.apache.hadoop.ozone.client.rpc.TestWatchForCommit" time="275.215" tests="5" errors="1" skipped="0" failures="0">
  <properties>
    <property name="awt.toolkit" value="sun.awt.X11.XToolkit"/>
    <property name="file.encoding.pkg" value="sun.io"/>
    <property name="java.specification.version" value="1.8"/>
    <property name="sun.cpu.isalist" value=""/>
    <property name="sun.jnu.encoding" value="UTF-8"/>
    <property name="java.class.path" value="/workdir/hadoop-ozone/integration-test/target/test-classes:/workdir/hadoop-ozone/integration-test/target/classes:/home/user/.m2/repository/org/apache/hadoop/hadoop-ozone-common/0.5.0-SNAPSHOT/hadoop-ozone-common-0.5.0-SNAPSHOT.jar:/home/user/.m2/repository/org/apache/commons/commons-compress/1.4.1/commons-compress-1.4.1.jar:/home/user/.m2/repository/org/tukaani/xz/1.0/xz-1.0.jar:/home/user/.m2/repository/org/apache/hadoop/hadoop-common/3.2.0/hadoop-common-3.2.0.jar:/home/user/.m2/repository/org/apache/hadoop/hadoop-hdfs/3.2.0/hadoop-hdfs-3.2.0.jar:/home/user/.m2/repository/org/apache/hadoop/hadoop-hdfs-client/3.2.0/hadoop-hdfs-client-3.2.0.jar:/home/user/.m2/repository/com/fasterxml/jackson/core/jackson-annotations/2.9.9/jackson-annotations-2.9.9.jar:/home/user/.m2/repository/org/apache/hadoop/hadoop-hdds-common/0.5.0-SNAPSHOT/hadoop-hdds-common-0.5.0-SNAPSHOT.jar:/home/user/.m2/repository/javax/annotation/javax.annotation-api/1.2/javax.annotation-api-1.2.jar:/home/user/.m2/repository/org/apache/ratis/ratis-server/0.5.0-201fc85-SNAPSHOT/ratis-server-0.5.0-201fc85-SNAPSHOT.jar:/home/user/.m2/repository/org/apache/ratis/ratis-thirdparty-misc/0.2.0/ratis-thirdparty-misc-0.2.0.jar:/home/user/.m2/repository/org/apache/ratis/ratis-proto/0.5.0-201fc85-SNAPSHOT/ratis-proto-0.5.0-201fc85-SNAPSHOT.jar:/home/user/.m2/repository/org/apache/ratis/ratis-common/0.5.0-201fc85-SNAPSHOT/ratis-common-0.5.0-201fc85-SNAPSHOT.jar:/home/user/.m2/repository/org/apache/ratis/ratis-client/0.5.0-201fc85-SNAPSHOT/ratis-client-0.5.0-201fc85-SNAPSHOT.jar:/home/user/.m2/repository/org/apache/ratis/ratis-metrics/0.5.0-201fc85-SNAPSHOT/ratis-metrics-0.5.0-201fc85-SNAPSHOT.jar:/home/user/.m2/repository/com/github/joshelser/dropwizard-metrics-hadoop-metrics2-reporter/0.1.2/dropwizard-metrics-hadoop-metrics2-reporter-0.1.2.jar:/home/user/.m2/repository/io/dropwizard/metrics/metrics-jvm/3.2.5/metrics-jvm-3.2.5.jar:/home/user/.m2/repository/io/dropwizard/metrics/metrics-ganglia/3.2.5/metrics-ganglia-3.2.5.jar:/home/user/.m2/repository/info/ganglia/gmetric4j/gmetric4j/1.0.7/gmetric4j-1.0.7.jar:/home/user/.m2/repository/org/apache/ratis/ratis-netty/0.5.0-201fc85-SNAPSHOT/ratis-netty-0.5.0-201fc85-SNAPSHOT.jar:/home/user/.m2/repository/org/apache/ratis/ratis-grpc/0.5.0-201fc85-SNAPSHOT/ratis-grpc-0.5.0-201fc85-SNAPSHOT.jar:/home/user/.m2/repository/org/rocksdb/rocksdbjni/6.0.1/rocksdbjni-6.0.1.jar:/home/user/.m2/repository/org/apache/logging/log4j/log4j-api/2.11.0/log4j-api-2.11.0.jar:/home/user/.m2/repository/org/apache/logging/log4j/log4j-core/2.11.0/log4j-core-2.11.0.jar:/home/user/.m2/repository/com/lmax/disruptor/3.4.2/disruptor-3.4.2.jar:/home/user/.m2/repository/org/apache/commons/commons-pool2/2.6.0/commons-pool2-2.6.0.jar:/home/user/.m2/repository/org/bouncycastle/bcpkix-jdk15on/1.60/bcpkix-jdk15on-1.60.jar:/home/user/.m2/repository/commons-validator/commons-validator/1.6/commons-validator-1.6.jar:/home/user/.m2/repository/commons-digester/commons-digester/1.8.1/commons-digester-1.8.1.jar:/home/user/.m2/repository/io/jaegertracing/jaeger-client/0.34.0/jaeger-client-0.34.0.jar:/home/user/.m2/repository/io/jaegertracing/jaeger-thrift/0.34.0/jaeger-thrift-0.34.0.jar:/home/user/.m2/repository/org/apache/thrift/libthrift/0.12.0/libthrift-0.12.0.jar:/home/user/.m2/repository/com/squareup/okhttp3/okhttp/3.9.0/okhttp-3.9.0.jar:/home/user/.m2/repository/com/squareup/okio/okio/1.13.0/okio-1.13.0.jar:/home/user/.m2/repository/io/jaegertracing/jaeger-core/0.34.0/jaeger-core-0.34.0.jar:/home/user/.m2/repository/io/jaegertracing/jaeger-tracerresolver/0.34.0/jaeger-tracerresolver-0.34.0.jar:/home/user/.m2/repository/io/opentracing/contrib/opentracing-tracerresolver/0.1.5/opentracing-tracerresolver-0.1.5.jar:/home/user/.m2/repository/io/opentracing/opentracing-util/0.31.0/opentracing-util-0.31.0.jar:/home/user/.m2/repository/io/opentracing/opentracing-api/0.31.0/opentracing-api-0.31.0.jar:/home/user/.m2/repository/io/opentracing/opentracing-noop/0.31.0/opentracing-noop-0.31.0.jar:/home/user/.m2/repository/org/apache/hadoop/hadoop-hdds-server-framework/0.5.0-SNAPSHOT/hadoop-hdds-server-framework-0.5.0-SNAPSHOT.jar:/home/user/.m2/repository/org/apache/hadoop/hadoop-hdds-container-service/0.5.0-SNAPSHOT/hadoop-hdds-container-service-0.5.0-SNAPSHOT.jar:/home/user/.m2/repository/org/apache/hadoop/hadoop-hdds-client/0.5.0-SNAPSHOT/hadoop-hdds-client-0.5.0-SNAPSHOT.jar:/home/user/.m2/repository/org/apache/hadoop/hadoop-hdds-tools/0.5.0-SNAPSHOT/hadoop-hdds-tools-0.5.0-SNAPSHOT.jar:/home/user/.m2/repository/org/apache/hadoop/hadoop-hdds-server-scm/0.5.0-SNAPSHOT/hadoop-hdds-server-scm-0.5.0-SNAPSHOT.jar:/home/user/.m2/repository/org/apache/hadoop/hadoop-hdds-docs/0.5.0-SNAPSHOT/hadoop-hdds-docs-0.5.0-SNAPSHOT.jar:/home/user/.m2/repository/io/dropwizard/metrics/metrics-core/3.2.4/metrics-core-3.2.4.jar:/home/user/.m2/repository/org/hamcrest/hamcrest-all/1.3/hamcrest-all-1.3.jar:/home/user/.m2/repository/org/bouncycastle/bcprov-jdk15on/1.60/bcprov-jdk15on-1.60.jar:/home/user/.m2/repository/info/picocli/picocli/3.9.6/picocli-3.9.6.jar:/home/user/.m2/repository/com/google/protobuf/protobuf-java/2.5.0/protobuf-java-2.5.0.jar:/home/user/.m2/repository/com/google/guava/guava/11.0.2/guava-11.0.2.jar:/home/user/.m2/repository/org/apache/hadoop/hadoop-ozone-ozone-manager/0.5.0-SNAPSHOT/hadoop-ozone-ozone-manager-0.5.0-SNAPSHOT.jar:/home/user/.m2/repository/org/apache/hadoop/hadoop-minikdc/3.2.0/hadoop-minikdc-3.2.0.jar:/home/user/.m2/repository/commons-io/commons-io/2.5/commons-io-2.5.jar:/home/user/.m2/repository/org/apache/kerby/kerb-simplekdc/1.0.1/kerb-simplekdc-1.0.1.jar:/home/user/.m2/repository/org/apache/kerby/kerb-client/1.0.1/kerb-client-1.0.1.jar:/home/user/.m2/repository/org/apache/kerby/kerby-config/1.0.1/kerby-config-1.0.1.jar:/home/user/.m2/repository/org/apache/kerby/kerb-core/1.0.1/kerb-core-1.0.1.jar:/home/user/.m2/repository/org/apache/kerby/kerby-pkix/1.0.1/kerby-pkix-1.0.1.jar:/home/user/.m2/repository/org/apache/kerby/kerby-asn1/1.0.1/kerby-asn1-1.0.1.jar:/home/user/.m2/repository/org/apache/kerby/kerby-util/1.0.1/kerby-util-1.0.1.jar:/home/user/.m2/repository/org/apache/kerby/kerb-common/1.0.1/kerb-common-1.0.1.jar:/home/user/.m2/repository/org/apache/kerby/kerb-crypto/1.0.1/kerb-crypto-1.0.1.jar:/home/user/.m2/repository/org/apache/kerby/kerb-util/1.0.1/kerb-util-1.0.1.jar:/home/user/.m2/repository/org/apache/kerby/token-provider/1.0.1/token-provider-1.0.1.jar:/home/user/.m2/repository/org/apache/kerby/kerb-admin/1.0.1/kerb-admin-1.0.1.jar:/home/user/.m2/repository/org/apache/kerby/kerb-server/1.0.1/kerb-server-1.0.1.jar:/home/user/.m2/repository/org/apache/kerby/kerb-identity/1.0.1/kerb-identity-1.0.1.jar:/home/user/.m2/repository/org/apache/kerby/kerby-xdr/1.0.1/kerby-xdr-1.0.1.jar:/home/user/.m2/repository/org/slf4j/slf4j-log4j12/1.7.25/slf4j-log4j12-1.7.25.jar:/home/user/.m2/repository/org/apache/hadoop/hadoop-ozone-s3gateway/0.5.0-SNAPSHOT/hadoop-ozone-s3gateway-0.5.0-SNAPSHOT.jar:/home/user/.m2/repository/org/jboss/weld/servlet/weld-servlet/2.4.7.Final/weld-servlet-2.4.7.Final.jar:/home/user/.m2/repository/org/glassfish/jersey/containers/jersey-container-servlet-core/2.27/jersey-container-servlet-core-2.27.jar:/home/user/.m2/repository/org/glassfish/hk2/external/javax.inject/2.5.0-b42/javax.inject-2.5.0-b42.jar:/home/user/.m2/repository/org/glassfish/jersey/core/jersey-common/2.27/jersey-common-2.27.jar:/home/user/.m2/repository/org/glassfish/hk2/osgi-resource-locator/1.0.1/osgi-resource-locator-1.0.1.jar:/home/user/.m2/repository/javax/ws/rs/javax.ws.rs-api/2.1/javax.ws.rs-api-2.1.jar:/home/user/.m2/repository/org/glassfish/jersey/ext/cdi/jersey-cdi1x/2.27/jersey-cdi1x-2.27.jar:/home/user/.m2/repository/org/glassfish/jersey/inject/jersey-hk2/2.27/jersey-hk2-2.27.jar:/home/user/.m2/repository/org/glassfish/hk2/hk2-locator/2.5.0-b42/hk2-locator-2.5.0-b42.jar:/home/user/.m2/repository/org/javassist/javassist/3.22.0-CR2/javassist-3.22.0-CR2.jar:/home/user/.m2/repository/org/glassfish/hk2/hk2-api/2.5.0/hk2-api-2.5.0.jar:/home/user/.m2/repository/org/glassfish/hk2/external/jakarta.inject/2.5.0/jakarta.inject-2.5.0.jar:/home/user/.m2/repository/org/glassfish/hk2/hk2-utils/2.5.0/hk2-utils-2.5.0.jar:/home/user/.m2/repository/jakarta/annotation/jakarta.annotation-api/1.3.4/jakarta.annotation-api-1.3.4.jar:/home/user/.m2/repository/org/glassfish/hk2/external/aopalliance-repackaged/2.5.0/aopalliance-repackaged-2.5.0.jar:/home/user/.m2/repository/com/fasterxml/jackson/dataformat/jackson-dataformat-xml/2.9.0/jackson-dataformat-xml-2.9.0.jar:/home/user/.m2/repository/com/fasterxml/jackson/core/jackson-core/2.9.9/jackson-core-2.9.9.jar:/home/user/.m2/repository/com/fasterxml/jackson/module/jackson-module-jaxb-annotations/2.9.9/jackson-module-jaxb-annotations-2.9.9.jar:/home/user/.m2/repository/javax/enterprise/cdi-api/1.2/cdi-api-1.2.jar:/home/user/.m2/repository/javax/el/javax.el-api/3.0.0/javax.el-api-3.0.0.jar:/home/user/.m2/repository/javax/interceptor/javax.interceptor-api/1.2/javax.interceptor-api-1.2.jar:/home/user/.m2/repository/javax/inject/javax.inject/1/javax.inject-1.jar:/home/user/.m2/repository/com/sun/xml/bind/jaxb-impl/2.3.0.1/jaxb-impl-2.3.0.1.jar:/home/user/.m2/repository/com/sun/xml/bind/jaxb-core/2.3.0.1/jaxb-core-2.3.0.1.jar:/home/user/.m2/repository/javax/xml/bind/jaxb-api/2.3.0/jaxb-api-2.3.0.jar:/home/user/.m2/repository/javax/activation/activation/1.1.1/activation-1.1.1.jar:/home/user/.m2/repository/org/apache/hadoop/hadoop-ozone-csi/0.5.0-SNAPSHOT/hadoop-ozone-csi-0.5.0-SNAPSHOT.jar:/home/user/.m2/repository/com/google/protobuf/protobuf-java-util/3.5.1/protobuf-java-util-3.5.1.jar:/home/user/.m2/repository/org/apache/hadoop/hadoop-hdds-config/0.5.0-SNAPSHOT/hadoop-hdds-config-0.5.0-SNAPSHOT.jar:/home/user/.m2/repository/io/grpc/grpc-netty/1.17.1/grpc-netty-1.17.1.jar:/home/user/.m2/repository/io/grpc/grpc-core/1.17.1/grpc-core-1.17.1.jar:/home/user/.m2/repository/io/grpc/grpc-context/1.17.1/grpc-context-1.17.1.jar:/home/user/.m2/repository/com/google/errorprone/error_prone_annotations/2.2.0/error_prone_annotations-2.2.0.jar:/home/user/.m2/repository/org/codehaus/mojo/animal-sniffer-annotations/1.17/animal-sniffer-annotations-1.17.jar:/home/user/.m2/repository/io/opencensus/opencensus-api/0.17.0/opencensus-api-0.17.0.jar:/home/user/.m2/repository/io/opencensus/opencensus-contrib-grpc-metrics/0.17.0/opencensus-contrib-grpc-metrics-0.17.0.jar:/home/user/.m2/repository/io/netty/netty-codec-http2/4.1.30.Final/netty-codec-http2-4.1.30.Final.jar:/home/user/.m2/repository/io/netty/netty-codec-http/4.1.30.Final/netty-codec-http-4.1.30.Final.jar:/home/user/.m2/repository/io/netty/netty-codec/4.1.30.Final/netty-codec-4.1.30.Final.jar:/home/user/.m2/repository/io/netty/netty-handler/4.1.30.Final/netty-handler-4.1.30.Final.jar:/home/user/.m2/repository/io/netty/netty-handler-proxy/4.1.30.Final/netty-handler-proxy-4.1.30.Final.jar:/home/user/.m2/repository/io/netty/netty-codec-socks/4.1.30.Final/netty-codec-socks-4.1.30.Final.jar:/home/user/.m2/repository/io/netty/netty-transport-native-epoll/4.1.30.Final/netty-transport-native-epoll-4.1.30.Final.jar:/home/user/.m2/repository/io/netty/netty-common/4.1.30.Final/netty-common-4.1.30.Final.jar:/home/user/.m2/repository/io/netty/netty-buffer/4.1.30.Final/netty-buffer-4.1.30.Final.jar:/home/user/.m2/repository/io/netty/netty-transport/4.1.30.Final/netty-transport-4.1.30.Final.jar:/home/user/.m2/repository/io/netty/netty-resolver/4.1.30.Final/netty-resolver-4.1.30.Final.jar:/home/user/.m2/repository/io/netty/netty-transport-native-unix-common/4.1.30.Final/netty-transport-native-unix-common-4.1.30.Final.jar:/home/user/.m2/repository/io/grpc/grpc-protobuf/1.17.1/grpc-protobuf-1.17.1.jar:/home/user/.m2/repository/com/google/api/grpc/proto-google-common-protos/1.0.0/proto-google-common-protos-1.0.0.jar:/home/user/.m2/repository/io/grpc/grpc-protobuf-lite/1.17.1/grpc-protobuf-lite-1.17.1.jar:/home/user/.m2/repository/io/grpc/grpc-stub/1.17.1/grpc-stub-1.17.1.jar:/home/user/.m2/repository/org/apache/hadoop/hadoop-ozone-recon/0.5.0-SNAPSHOT/hadoop-ozone-recon-0.5.0-SNAPSHOT.jar:/home/user/.m2/repository/org/apache/hadoop/hadoop-ozone-reconcodegen/0.5.0-SNAPSHOT/hadoop-ozone-reconcodegen-0.5.0-SNAPSHOT.jar:/home/user/.m2/repository/com/google/inject/extensions/guice-multibindings/4.0/guice-multibindings-4.0.jar:/home/user/.m2/repository/com/google/inject/guice/4.0/guice-4.0.jar:/home/user/.m2/repository/aopalliance/aopalliance/1.0/aopalliance-1.0.jar:/home/user/.m2/repository/com/google/inject/extensions/guice-servlet/4.0/guice-servlet-4.0.jar:/home/user/.m2/repository/org/glassfish/jersey/containers/jersey-container-servlet/2.27/jersey-container-servlet-2.27.jar:/home/user/.m2/repository/org/glassfish/hk2/guice-bridge/2.5.0/guice-bridge-2.5.0.jar:/home/user/.m2/repository/org/glassfish/jersey/core/jersey-server/2.27/jersey-server-2.27.jar:/home/user/.m2/repository/org/glassfish/jersey/core/jersey-client/2.27/jersey-client-2.27.jar:/home/user/.m2/repository/org/glassfish/jersey/media/jersey-media-jaxb/2.27/jersey-media-jaxb-2.27.jar:/home/user/.m2/repository/javax/validation/validation-api/1.1.0.Final/validation-api-1.1.0.Final.jar:/home/user/.m2/repository/org/glassfish/jersey/media/jersey-media-json-jackson/2.27/jersey-media-json-jackson-2.27.jar:/home/user/.m2/repository/org/glassfish/jersey/ext/jersey-entity-filtering/2.27/jersey-entity-filtering-2.27.jar:/home/user/.m2/repository/com/google/inject/extensions/guice-assistedinject/4.0/guice-assistedinject-4.0.jar:/home/user/.m2/repository/org/jooq/jooq/3.11.10/jooq-3.11.10.jar:/home/user/.m2/repository/org/jooq/jooq-meta/3.11.10/jooq-meta-3.11.10.jar:/home/user/.m2/repository/org/jooq/jooq-codegen/3.11.10/jooq-codegen-3.11.10.jar:/home/user/.m2/repository/com/jolbox/bonecp/0.8.0.RELEASE/bonecp-0.8.0.RELEASE.jar:/home/user/.m2/repository/org/xerial/sqlite-jdbc/3.25.2/sqlite-jdbc-3.25.2.jar:/home/user/.m2/repository/org/springframework/spring-jdbc/5.1.3.RELEASE/spring-jdbc-5.1.3.RELEASE.jar:/home/user/.m2/repository/org/springframework/spring-beans/5.1.3.RELEASE/spring-beans-5.1.3.RELEASE.jar:/home/user/.m2/repository/org/springframework/spring-core/5.1.3.RELEASE/spring-core-5.1.3.RELEASE.jar:/home/user/.m2/repository/org/springframework/spring-jcl/5.1.3.RELEASE/spring-jcl-5.1.3.RELEASE.jar:/home/user/.m2/repository/org/springframework/spring-tx/5.1.3.RELEASE/spring-tx-5.1.3.RELEASE.jar:/home/user/.m2/repository/org/apache/hadoop/hadoop-ozone-client/0.5.0-SNAPSHOT/hadoop-ozone-client-0.5.0-SNAPSHOT.jar:/home/user/.m2/repository/commons-lang/commons-lang/2.6/commons-lang-2.6.jar:/home/user/.m2/repository/org/apache/hadoop/hadoop-ozone-ozone-manager/0.5.0-SNAPSHOT/hadoop-ozone-ozone-manager-0.5.0-SNAPSHOT-tests.jar:/home/user/.m2/repository/junit/junit/4.11/junit-4.11.jar:/home/user/.m2/repository/org/hamcrest/hamcrest-core/1.3/hamcrest-core-1.3.jar:/home/user/.m2/repository/org/openjdk/jmh/jmh-core/1.19/jmh-core-1.19.jar:/home/user/.m2/repository/net/sf/jopt-simple/jopt-simple/4.6/jopt-simple-4.6.jar:/home/user/.m2/repository/org/apache/commons/commons-math3/3.1.1/commons-math3-3.1.1.jar:/home/user/.m2/repository/org/openjdk/jmh/jmh-generator-annprocess/1.19/jmh-generator-annprocess-1.19.jar:/home/user/.m2/repository/org/mockito/mockito-all/1.8.5/mockito-all-1.8.5.jar:/home/user/.m2/repository/org/apache/hadoop/hadoop-kms/3.2.0/hadoop-kms-3.2.0.jar:/home/user/.m2/repository/org/apache/hadoop/hadoop-auth/3.2.0/hadoop-auth-3.2.0.jar:/home/user/.m2/repository/com/nimbusds/nimbus-jose-jwt/4.41.1/nimbus-jose-jwt-4.41.1.jar:/home/user/.m2/repository/com/github/stephenc/jcip/jcip-annotations/1.0-1/jcip-annotations-1.0-1.jar:/home/user/.m2/repository/net/minidev/json-smart/2.3/json-smart-2.3.jar:/home/user/.m2/repository/net/minidev/accessors-smart/1.2/accessors-smart-1.2.jar:/home/user/.m2/repository/org/ow2/asm/asm/5.0.4/asm-5.0.4.jar:/home/user/.m2/repository/org/apache/curator/curator-framework/2.12.0/curator-framework-2.12.0.jar:/home/user/.m2/repository/com/sun/jersey/jersey-core/1.19/jersey-core-1.19.jar:/home/user/.m2/repository/javax/ws/rs/jsr311-api/1.1.1/jsr311-api-1.1.1.jar:/home/user/.m2/repository/com/sun/jersey/jersey-server/1.19/jersey-server-1.19.jar:/home/user/.m2/repository/javax/servlet/javax.servlet-api/3.1.0/javax.servlet-api-3.1.0.jar:/home/user/.m2/repository/org/eclipse/jetty/jetty-server/9.3.25.v20180904/jetty-server-9.3.25.v20180904.jar:/home/user/.m2/repository/org/eclipse/jetty/jetty-http/9.3.25.v20180904/jetty-http-9.3.25.v20180904.jar:/home/user/.m2/repository/org/eclipse/jetty/jetty-io/9.3.25.v20180904/jetty-io-9.3.25.v20180904.jar:/home/user/.m2/repository/org/eclipse/jetty/jetty-webapp/9.3.25.v20180904/jetty-webapp-9.3.25.v20180904.jar:/home/user/.m2/repository/org/eclipse/jetty/jetty-xml/9.3.25.v20180904/jetty-xml-9.3.25.v20180904.jar:/home/user/.m2/repository/log4j/log4j/1.2.17/log4j-1.2.17.jar:/home/user/.m2/repository/org/slf4j/slf4j-api/1.7.25/slf4j-api-1.7.25.jar:/home/user/.m2/repository/org/slf4j/jul-to-slf4j/1.7.25/jul-to-slf4j-1.7.25.jar:/home/user/.m2/repository/org/eclipse/jetty/jetty-util/9.3.25.v20180904/jetty-util-9.3.25.v20180904.jar:/home/user/.m2/repository/com/fasterxml/jackson/core/jackson-databind/2.9.9/jackson-databind-2.9.9.jar:/home/user/.m2/repository/org/apache/hadoop/hadoop-kms/3.2.0/hadoop-kms-3.2.0-tests.jar:/home/user/.m2/repository/org/apache/hadoop/hadoop-hdds-server-scm/0.5.0-SNAPSHOT/hadoop-hdds-server-scm-0.5.0-SNAPSHOT-tests.jar:/home/user/.m2/repository/org/apache/hadoop/hadoop-hdds-container-service/0.5.0-SNAPSHOT/hadoop-hdds-container-service-0.5.0-SNAPSHOT-tests.jar:/home/user/.m2/repository/org/yaml/snakeyaml/1.16/snakeyaml-1.16.jar:/home/user/.m2/repository/org/apache/hadoop/hadoop-common/3.2.0/hadoop-common-3.2.0-tests.jar:/home/user/.m2/repository/org/apache/hadoop/hadoop-annotations/3.2.0/hadoop-annotations-3.2.0.jar:/usr/lib/jvm/java-1.8-openjdk/jre/../lib/tools.jar:/home/user/.m2/repository/commons-cli/commons-cli/1.2/commons-cli-1.2.jar:/home/user/.m2/repository/org/apache/httpcomponents/httpclient/4.5.2/httpclient-4.5.2.jar:/home/user/.m2/repository/org/apache/httpcomponents/httpcore/4.4.4/httpcore-4.4.4.jar:/home/user/.m2/repository/commons-codec/commons-codec/1.11/commons-codec-1.11.jar:/home/user/.m2/repository/commons-net/commons-net/3.6/commons-net-3.6.jar:/home/user/.m2/repository/commons-collections/commons-collections/3.2.2/commons-collections-3.2.2.jar:/home/user/.m2/repository/org/eclipse/jetty/jetty-servlet/9.3.25.v20180904/jetty-servlet-9.3.25.v20180904.jar:/home/user/.m2/repository/org/eclipse/jetty/jetty-security/9.3.25.v20180904/jetty-security-9.3.25.v20180904.jar:/home/user/.m2/repository/javax/servlet/jsp/jsp-api/2.1/jsp-api-2.1.jar:/home/user/.m2/repository/com/sun/jersey/jersey-servlet/1.19/jersey-servlet-1.19.jar:/home/user/.m2/repository/com/sun/jersey/jersey-json/1.19/jersey-json-1.19.jar:/home/user/.m2/repository/org/codehaus/jettison/jettison/1.1/jettison-1.1.jar:/home/user/.m2/repository/org/codehaus/jackson/jackson-core-asl/1.9.13/jackson-core-asl-1.9.13.jar:/home/user/.m2/repository/org/codehaus/jackson/jackson-mapper-asl/1.9.13/jackson-mapper-asl-1.9.13.jar:/home/user/.m2/repository/org/codehaus/jackson/jackson-jaxrs/1.9.13/jackson-jaxrs-1.9.13.jar:/home/user/.m2/repository/org/codehaus/jackson/jackson-xc/1.9.13/jackson-xc-1.9.13.jar:/home/user/.m2/repository/commons-logging/commons-logging/1.1.3/commons-logging-1.1.3.jar:/home/user/.m2/repository/commons-beanutils/commons-beanutils/1.9.4/commons-beanutils-1.9.4.jar:/home/user/.m2/repository/org/apache/commons/commons-configuration2/2.1.1/commons-configuration2-2.1.1.jar:/home/user/.m2/repository/org/apache/commons/commons-lang3/3.7/commons-lang3-3.7.jar:/home/user/.m2/repository/org/apache/commons/commons-text/1.4/commons-text-1.4.jar:/home/user/.m2/repository/org/apache/avro/avro/1.7.7/avro-1.7.7.jar:/home/user/.m2/repository/com/thoughtworks/paranamer/paranamer/2.3/paranamer-2.3.jar:/home/user/.m2/repository/org/xerial/snappy/snappy-java/1.0.5/snappy-java-1.0.5.jar:/home/user/.m2/repository/com/google/re2j/re2j/1.1/re2j-1.1.jar:/home/user/.m2/repository/com/google/code/gson/gson/2.2.4/gson-2.2.4.jar:/home/user/.m2/repository/com/jcraft/jsch/0.1.54/jsch-0.1.54.jar:/home/user/.m2/repository/org/apache/curator/curator-client/2.12.0/curator-client-2.12.0.jar:/home/user/.m2/repository/org/apache/curator/curator-recipes/2.12.0/curator-recipes-2.12.0.jar:/home/user/.m2/repository/com/google/code/findbugs/jsr305/3.0.0/jsr305-3.0.0.jar:/home/user/.m2/repository/org/apache/htrace/htrace-core4/4.1.0-incubating/htrace-core4-4.1.0-incubating.jar:/home/user/.m2/repository/org/apache/zookeeper/zookeeper/3.4.13/zookeeper-3.4.13.jar:/home/user/.m2/repository/jline/jline/0.9.94/jline-0.9.94.jar:/home/user/.m2/repository/org/apache/yetus/audience-annotations/0.5.0/audience-annotations-0.5.0.jar:/home/user/.m2/repository/org/codehaus/woodstox/stax2-api/3.1.4/stax2-api-3.1.4.jar:/home/user/.m2/repository/com/fasterxml/woodstox/woodstox-core/5.0.3/woodstox-core-5.0.3.jar:/home/user/.m2/repository/dnsjava/dnsjava/2.1.7/dnsjava-2.1.7.jar:/home/user/.m2/repository/org/apache/hadoop/hadoop-hdfs/3.2.0/hadoop-hdfs-3.2.0-tests.jar:/home/user/.m2/repository/org/eclipse/jetty/jetty-util-ajax/9.3.25.v20180904/jetty-util-ajax-9.3.25.v20180904.jar:/home/user/.m2/repository/commons-daemon/commons-daemon/1.0.13/commons-daemon-1.0.13.jar:/home/user/.m2/repository/io/netty/netty/3.10.5.Final/netty-3.10.5.Final.jar:/home/user/.m2/repository/io/netty/netty-all/4.0.52.Final/netty-all-4.0.52.Final.jar:/home/user/.m2/repository/org/fusesource/leveldbjni/leveldbjni-all/1.8/leveldbjni-all-1.8.jar:"/>
    <property name="java.vm.vendor" value="IcedTea"/>
    <property name="sun.arch.data.model" value="64"/>
    <property name="test.build.dir" value="/workdir/hadoop-ozone/integration-test/target/test-dir"/>
    <property name="test.cache.data" value=""/>
    <property name="java.vendor.url" value="https://icedtea.classpath.org"/>
    <property name="user.timezone" value=""/>
    <property name="java.vm.specification.version" value="1.8"/>
    <property name="os.name" value="Linux"/>
    <property name="test.build.data" value="/workdir/hadoop-ozone/integration-test/target/test-dir"/>
    <property name="user.country" value="US"/>
    <property name="sun.java.launcher" value="SUN_STANDARD"/>
    <property name="sun.boot.library.path" value="/usr/lib/jvm/java-1.8-openjdk/jre/lib/amd64"/>
    <property name="sun.java.command" value="/workdir/hadoop-ozone/integration-test/target/surefire/surefirebooter2689409548942652297.jar /workdir/hadoop-ozone/integration-test/target/surefire 2019-10-03T19-12-52_954-jvmRun1 surefire3313534206462651941tmp surefire_549146267128048117087tmp"/>
    <property name="test" value="!TestMiniChaosOzoneCluster"/>
    <property name="surefire.test.class.path" value="/workdir/hadoop-ozone/integration-test/target/test-classes:/workdir/hadoop-ozone/integration-test/target/classes:/home/user/.m2/repository/org/apache/hadoop/hadoop-ozone-common/0.5.0-SNAPSHOT/hadoop-ozone-common-0.5.0-SNAPSHOT.jar:/home/user/.m2/repository/org/apache/commons/commons-compress/1.4.1/commons-compress-1.4.1.jar:/home/user/.m2/repository/org/tukaani/xz/1.0/xz-1.0.jar:/home/user/.m2/repository/org/apache/hadoop/hadoop-common/3.2.0/hadoop-common-3.2.0.jar:/home/user/.m2/repository/org/apache/hadoop/hadoop-hdfs/3.2.0/hadoop-hdfs-3.2.0.jar:/home/user/.m2/repository/org/apache/hadoop/hadoop-hdfs-client/3.2.0/hadoop-hdfs-client-3.2.0.jar:/home/user/.m2/repository/com/fasterxml/jackson/core/jackson-annotations/2.9.9/jackson-annotations-2.9.9.jar:/home/user/.m2/repository/org/apache/hadoop/hadoop-hdds-common/0.5.0-SNAPSHOT/hadoop-hdds-common-0.5.0-SNAPSHOT.jar:/home/user/.m2/repository/javax/annotation/javax.annotation-api/1.2/javax.annotation-api-1.2.jar:/home/user/.m2/repository/org/apache/ratis/ratis-server/0.5.0-201fc85-SNAPSHOT/ratis-server-0.5.0-201fc85-SNAPSHOT.jar:/home/user/.m2/repository/org/apache/ratis/ratis-thirdparty-misc/0.2.0/ratis-thirdparty-misc-0.2.0.jar:/home/user/.m2/repository/org/apache/ratis/ratis-proto/0.5.0-201fc85-SNAPSHOT/ratis-proto-0.5.0-201fc85-SNAPSHOT.jar:/home/user/.m2/repository/org/apache/ratis/ratis-common/0.5.0-201fc85-SNAPSHOT/ratis-common-0.5.0-201fc85-SNAPSHOT.jar:/home/user/.m2/repository/org/apache/ratis/ratis-client/0.5.0-201fc85-SNAPSHOT/ratis-client-0.5.0-201fc85-SNAPSHOT.jar:/home/user/.m2/repository/org/apache/ratis/ratis-metrics/0.5.0-201fc85-SNAPSHOT/ratis-metrics-0.5.0-201fc85-SNAPSHOT.jar:/home/user/.m2/repository/com/github/joshelser/dropwizard-metrics-hadoop-metrics2-reporter/0.1.2/dropwizard-metrics-hadoop-metrics2-reporter-0.1.2.jar:/home/user/.m2/repository/io/dropwizard/metrics/metrics-jvm/3.2.5/metrics-jvm-3.2.5.jar:/home/user/.m2/repository/io/dropwizard/metrics/metrics-ganglia/3.2.5/metrics-ganglia-3.2.5.jar:/home/user/.m2/repository/info/ganglia/gmetric4j/gmetric4j/1.0.7/gmetric4j-1.0.7.jar:/home/user/.m2/repository/org/apache/ratis/ratis-netty/0.5.0-201fc85-SNAPSHOT/ratis-netty-0.5.0-201fc85-SNAPSHOT.jar:/home/user/.m2/repository/org/apache/ratis/ratis-grpc/0.5.0-201fc85-SNAPSHOT/ratis-grpc-0.5.0-201fc85-SNAPSHOT.jar:/home/user/.m2/repository/org/rocksdb/rocksdbjni/6.0.1/rocksdbjni-6.0.1.jar:/home/user/.m2/repository/org/apache/logging/log4j/log4j-api/2.11.0/log4j-api-2.11.0.jar:/home/user/.m2/repository/org/apache/logging/log4j/log4j-core/2.11.0/log4j-core-2.11.0.jar:/home/user/.m2/repository/com/lmax/disruptor/3.4.2/disruptor-3.4.2.jar:/home/user/.m2/repository/org/apache/commons/commons-pool2/2.6.0/commons-pool2-2.6.0.jar:/home/user/.m2/repository/org/bouncycastle/bcpkix-jdk15on/1.60/bcpkix-jdk15on-1.60.jar:/home/user/.m2/repository/commons-validator/commons-validator/1.6/commons-validator-1.6.jar:/home/user/.m2/repository/commons-digester/commons-digester/1.8.1/commons-digester-1.8.1.jar:/home/user/.m2/repository/io/jaegertracing/jaeger-client/0.34.0/jaeger-client-0.34.0.jar:/home/user/.m2/repository/io/jaegertracing/jaeger-thrift/0.34.0/jaeger-thrift-0.34.0.jar:/home/user/.m2/repository/org/apache/thrift/libthrift/0.12.0/libthrift-0.12.0.jar:/home/user/.m2/repository/com/squareup/okhttp3/okhttp/3.9.0/okhttp-3.9.0.jar:/home/user/.m2/repository/com/squareup/okio/okio/1.13.0/okio-1.13.0.jar:/home/user/.m2/repository/io/jaegertracing/jaeger-core/0.34.0/jaeger-core-0.34.0.jar:/home/user/.m2/repository/io/jaegertracing/jaeger-tracerresolver/0.34.0/jaeger-tracerresolver-0.34.0.jar:/home/user/.m2/repository/io/opentracing/contrib/opentracing-tracerresolver/0.1.5/opentracing-tracerresolver-0.1.5.jar:/home/user/.m2/repository/io/opentracing/opentracing-util/0.31.0/opentracing-util-0.31.0.jar:/home/user/.m2/repository/io/opentracing/opentracing-api/0.31.0/opentracing-api-0.31.0.jar:/home/user/.m2/repository/io/opentracing/opentracing-noop/0.31.0/opentracing-noop-0.31.0.jar:/home/user/.m2/repository/org/apache/hadoop/hadoop-hdds-server-framework/0.5.0-SNAPSHOT/hadoop-hdds-server-framework-0.5.0-SNAPSHOT.jar:/home/user/.m2/repository/org/apache/hadoop/hadoop-hdds-container-service/0.5.0-SNAPSHOT/hadoop-hdds-container-service-0.5.0-SNAPSHOT.jar:/home/user/.m2/repository/org/apache/hadoop/hadoop-hdds-client/0.5.0-SNAPSHOT/hadoop-hdds-client-0.5.0-SNAPSHOT.jar:/home/user/.m2/repository/org/apache/hadoop/hadoop-hdds-tools/0.5.0-SNAPSHOT/hadoop-hdds-tools-0.5.0-SNAPSHOT.jar:/home/user/.m2/repository/org/apache/hadoop/hadoop-hdds-server-scm/0.5.0-SNAPSHOT/hadoop-hdds-server-scm-0.5.0-SNAPSHOT.jar:/home/user/.m2/repository/org/apache/hadoop/hadoop-hdds-docs/0.5.0-SNAPSHOT/hadoop-hdds-docs-0.5.0-SNAPSHOT.jar:/home/user/.m2/repository/io/dropwizard/metrics/metrics-core/3.2.4/metrics-core-3.2.4.jar:/home/user/.m2/repository/org/hamcrest/hamcrest-all/1.3/hamcrest-all-1.3.jar:/home/user/.m2/repository/org/bouncycastle/bcprov-jdk15on/1.60/bcprov-jdk15on-1.60.jar:/home/user/.m2/repository/info/picocli/picocli/3.9.6/picocli-3.9.6.jar:/home/user/.m2/repository/com/google/protobuf/protobuf-java/2.5.0/protobuf-java-2.5.0.jar:/home/user/.m2/repository/com/google/guava/guava/11.0.2/guava-11.0.2.jar:/home/user/.m2/repository/org/apache/hadoop/hadoop-ozone-ozone-manager/0.5.0-SNAPSHOT/hadoop-ozone-ozone-manager-0.5.0-SNAPSHOT.jar:/home/user/.m2/repository/org/apache/hadoop/hadoop-minikdc/3.2.0/hadoop-minikdc-3.2.0.jar:/home/user/.m2/repository/commons-io/commons-io/2.5/commons-io-2.5.jar:/home/user/.m2/repository/org/apache/kerby/kerb-simplekdc/1.0.1/kerb-simplekdc-1.0.1.jar:/home/user/.m2/repository/org/apache/kerby/kerb-client/1.0.1/kerb-client-1.0.1.jar:/home/user/.m2/repository/org/apache/kerby/kerby-config/1.0.1/kerby-config-1.0.1.jar:/home/user/.m2/repository/org/apache/kerby/kerb-core/1.0.1/kerb-core-1.0.1.jar:/home/user/.m2/repository/org/apache/kerby/kerby-pkix/1.0.1/kerby-pkix-1.0.1.jar:/home/user/.m2/repository/org/apache/kerby/kerby-asn1/1.0.1/kerby-asn1-1.0.1.jar:/home/user/.m2/repository/org/apache/kerby/kerby-util/1.0.1/kerby-util-1.0.1.jar:/home/user/.m2/repository/org/apache/kerby/kerb-common/1.0.1/kerb-common-1.0.1.jar:/home/user/.m2/repository/org/apache/kerby/kerb-crypto/1.0.1/kerb-crypto-1.0.1.jar:/home/user/.m2/repository/org/apache/kerby/kerb-util/1.0.1/kerb-util-1.0.1.jar:/home/user/.m2/repository/org/apache/kerby/token-provider/1.0.1/token-provider-1.0.1.jar:/home/user/.m2/repository/org/apache/kerby/kerb-admin/1.0.1/kerb-admin-1.0.1.jar:/home/user/.m2/repository/org/apache/kerby/kerb-server/1.0.1/kerb-server-1.0.1.jar:/home/user/.m2/repository/org/apache/kerby/kerb-identity/1.0.1/kerb-identity-1.0.1.jar:/home/user/.m2/repository/org/apache/kerby/kerby-xdr/1.0.1/kerby-xdr-1.0.1.jar:/home/user/.m2/repository/org/slf4j/slf4j-log4j12/1.7.25/slf4j-log4j12-1.7.25.jar:/home/user/.m2/repository/org/apache/hadoop/hadoop-ozone-s3gateway/0.5.0-SNAPSHOT/hadoop-ozone-s3gateway-0.5.0-SNAPSHOT.jar:/home/user/.m2/repository/org/jboss/weld/servlet/weld-servlet/2.4.7.Final/weld-servlet-2.4.7.Final.jar:/home/user/.m2/repository/org/glassfish/jersey/containers/jersey-container-servlet-core/2.27/jersey-container-servlet-core-2.27.jar:/home/user/.m2/repository/org/glassfish/hk2/external/javax.inject/2.5.0-b42/javax.inject-2.5.0-b42.jar:/home/user/.m2/repository/org/glassfish/jersey/core/jersey-common/2.27/jersey-common-2.27.jar:/home/user/.m2/repository/org/glassfish/hk2/osgi-resource-locator/1.0.1/osgi-resource-locator-1.0.1.jar:/home/user/.m2/repository/javax/ws/rs/javax.ws.rs-api/2.1/javax.ws.rs-api-2.1.jar:/home/user/.m2/repository/org/glassfish/jersey/ext/cdi/jersey-cdi1x/2.27/jersey-cdi1x-2.27.jar:/home/user/.m2/repository/org/glassfish/jersey/inject/jersey-hk2/2.27/jersey-hk2-2.27.jar:/home/user/.m2/repository/org/glassfish/hk2/hk2-locator/2.5.0-b42/hk2-locator-2.5.0-b42.jar:/home/user/.m2/repository/org/javassist/javassist/3.22.0-CR2/javassist-3.22.0-CR2.jar:/home/user/.m2/repository/org/glassfish/hk2/hk2-api/2.5.0/hk2-api-2.5.0.jar:/home/user/.m2/repository/org/glassfish/hk2/external/jakarta.inject/2.5.0/jakarta.inject-2.5.0.jar:/home/user/.m2/repository/org/glassfish/hk2/hk2-utils/2.5.0/hk2-utils-2.5.0.jar:/home/user/.m2/repository/jakarta/annotation/jakarta.annotation-api/1.3.4/jakarta.annotation-api-1.3.4.jar:/home/user/.m2/repository/org/glassfish/hk2/external/aopalliance-repackaged/2.5.0/aopalliance-repackaged-2.5.0.jar:/home/user/.m2/repository/com/fasterxml/jackson/dataformat/jackson-dataformat-xml/2.9.0/jackson-dataformat-xml-2.9.0.jar:/home/user/.m2/repository/com/fasterxml/jackson/core/jackson-core/2.9.9/jackson-core-2.9.9.jar:/home/user/.m2/repository/com/fasterxml/jackson/module/jackson-module-jaxb-annotations/2.9.9/jackson-module-jaxb-annotations-2.9.9.jar:/home/user/.m2/repository/javax/enterprise/cdi-api/1.2/cdi-api-1.2.jar:/home/user/.m2/repository/javax/el/javax.el-api/3.0.0/javax.el-api-3.0.0.jar:/home/user/.m2/repository/javax/interceptor/javax.interceptor-api/1.2/javax.interceptor-api-1.2.jar:/home/user/.m2/repository/javax/inject/javax.inject/1/javax.inject-1.jar:/home/user/.m2/repository/com/sun/xml/bind/jaxb-impl/2.3.0.1/jaxb-impl-2.3.0.1.jar:/home/user/.m2/repository/com/sun/xml/bind/jaxb-core/2.3.0.1/jaxb-core-2.3.0.1.jar:/home/user/.m2/repository/javax/xml/bind/jaxb-api/2.3.0/jaxb-api-2.3.0.jar:/home/user/.m2/repository/javax/activation/activation/1.1.1/activation-1.1.1.jar:/home/user/.m2/repository/org/apache/hadoop/hadoop-ozone-csi/0.5.0-SNAPSHOT/hadoop-ozone-csi-0.5.0-SNAPSHOT.jar:/home/user/.m2/repository/com/google/protobuf/protobuf-java-util/3.5.1/protobuf-java-util-3.5.1.jar:/home/user/.m2/repository/org/apache/hadoop/hadoop-hdds-config/0.5.0-SNAPSHOT/hadoop-hdds-config-0.5.0-SNAPSHOT.jar:/home/user/.m2/repository/io/grpc/grpc-netty/1.17.1/grpc-netty-1.17.1.jar:/home/user/.m2/repository/io/grpc/grpc-core/1.17.1/grpc-core-1.17.1.jar:/home/user/.m2/repository/io/grpc/grpc-context/1.17.1/grpc-context-1.17.1.jar:/home/user/.m2/repository/com/google/errorprone/error_prone_annotations/2.2.0/error_prone_annotations-2.2.0.jar:/home/user/.m2/repository/org/codehaus/mojo/animal-sniffer-annotations/1.17/animal-sniffer-annotations-1.17.jar:/home/user/.m2/repository/io/opencensus/opencensus-api/0.17.0/opencensus-api-0.17.0.jar:/home/user/.m2/repository/io/opencensus/opencensus-contrib-grpc-metrics/0.17.0/opencensus-contrib-grpc-metrics-0.17.0.jar:/home/user/.m2/repository/io/netty/netty-codec-http2/4.1.30.Final/netty-codec-http2-4.1.30.Final.jar:/home/user/.m2/repository/io/netty/netty-codec-http/4.1.30.Final/netty-codec-http-4.1.30.Final.jar:/home/user/.m2/repository/io/netty/netty-codec/4.1.30.Final/netty-codec-4.1.30.Final.jar:/home/user/.m2/repository/io/netty/netty-handler/4.1.30.Final/netty-handler-4.1.30.Final.jar:/home/user/.m2/repository/io/netty/netty-handler-proxy/4.1.30.Final/netty-handler-proxy-4.1.30.Final.jar:/home/user/.m2/repository/io/netty/netty-codec-socks/4.1.30.Final/netty-codec-socks-4.1.30.Final.jar:/home/user/.m2/repository/io/netty/netty-transport-native-epoll/4.1.30.Final/netty-transport-native-epoll-4.1.30.Final.jar:/home/user/.m2/repository/io/netty/netty-common/4.1.30.Final/netty-common-4.1.30.Final.jar:/home/user/.m2/repository/io/netty/netty-buffer/4.1.30.Final/netty-buffer-4.1.30.Final.jar:/home/user/.m2/repository/io/netty/netty-transport/4.1.30.Final/netty-transport-4.1.30.Final.jar:/home/user/.m2/repository/io/netty/netty-resolver/4.1.30.Final/netty-resolver-4.1.30.Final.jar:/home/user/.m2/repository/io/netty/netty-transport-native-unix-common/4.1.30.Final/netty-transport-native-unix-common-4.1.30.Final.jar:/home/user/.m2/repository/io/grpc/grpc-protobuf/1.17.1/grpc-protobuf-1.17.1.jar:/home/user/.m2/repository/com/google/api/grpc/proto-google-common-protos/1.0.0/proto-google-common-protos-1.0.0.jar:/home/user/.m2/repository/io/grpc/grpc-protobuf-lite/1.17.1/grpc-protobuf-lite-1.17.1.jar:/home/user/.m2/repository/io/grpc/grpc-stub/1.17.1/grpc-stub-1.17.1.jar:/home/user/.m2/repository/org/apache/hadoop/hadoop-ozone-recon/0.5.0-SNAPSHOT/hadoop-ozone-recon-0.5.0-SNAPSHOT.jar:/home/user/.m2/repository/org/apache/hadoop/hadoop-ozone-reconcodegen/0.5.0-SNAPSHOT/hadoop-ozone-reconcodegen-0.5.0-SNAPSHOT.jar:/home/user/.m2/repository/com/google/inject/extensions/guice-multibindings/4.0/guice-multibindings-4.0.jar:/home/user/.m2/repository/com/google/inject/guice/4.0/guice-4.0.jar:/home/user/.m2/repository/aopalliance/aopalliance/1.0/aopalliance-1.0.jar:/home/user/.m2/repository/com/google/inject/extensions/guice-servlet/4.0/guice-servlet-4.0.jar:/home/user/.m2/repository/org/glassfish/jersey/containers/jersey-container-servlet/2.27/jersey-container-servlet-2.27.jar:/home/user/.m2/repository/org/glassfish/hk2/guice-bridge/2.5.0/guice-bridge-2.5.0.jar:/home/user/.m2/repository/org/glassfish/jersey/core/jersey-server/2.27/jersey-server-2.27.jar:/home/user/.m2/repository/org/glassfish/jersey/core/jersey-client/2.27/jersey-client-2.27.jar:/home/user/.m2/repository/org/glassfish/jersey/media/jersey-media-jaxb/2.27/jersey-media-jaxb-2.27.jar:/home/user/.m2/repository/javax/validation/validation-api/1.1.0.Final/validation-api-1.1.0.Final.jar:/home/user/.m2/repository/org/glassfish/jersey/media/jersey-media-json-jackson/2.27/jersey-media-json-jackson-2.27.jar:/home/user/.m2/repository/org/glassfish/jersey/ext/jersey-entity-filtering/2.27/jersey-entity-filtering-2.27.jar:/home/user/.m2/repository/com/google/inject/extensions/guice-assistedinject/4.0/guice-assistedinject-4.0.jar:/home/user/.m2/repository/org/jooq/jooq/3.11.10/jooq-3.11.10.jar:/home/user/.m2/repository/org/jooq/jooq-meta/3.11.10/jooq-meta-3.11.10.jar:/home/user/.m2/repository/org/jooq/jooq-codegen/3.11.10/jooq-codegen-3.11.10.jar:/home/user/.m2/repository/com/jolbox/bonecp/0.8.0.RELEASE/bonecp-0.8.0.RELEASE.jar:/home/user/.m2/repository/org/xerial/sqlite-jdbc/3.25.2/sqlite-jdbc-3.25.2.jar:/home/user/.m2/repository/org/springframework/spring-jdbc/5.1.3.RELEASE/spring-jdbc-5.1.3.RELEASE.jar:/home/user/.m2/repository/org/springframework/spring-beans/5.1.3.RELEASE/spring-beans-5.1.3.RELEASE.jar:/home/user/.m2/repository/org/springframework/spring-core/5.1.3.RELEASE/spring-core-5.1.3.RELEASE.jar:/home/user/.m2/repository/org/springframework/spring-jcl/5.1.3.RELEASE/spring-jcl-5.1.3.RELEASE.jar:/home/user/.m2/repository/org/springframework/spring-tx/5.1.3.RELEASE/spring-tx-5.1.3.RELEASE.jar:/home/user/.m2/repository/org/apache/hadoop/hadoop-ozone-client/0.5.0-SNAPSHOT/hadoop-ozone-client-0.5.0-SNAPSHOT.jar:/home/user/.m2/repository/commons-lang/commons-lang/2.6/commons-lang-2.6.jar:/home/user/.m2/repository/org/apache/hadoop/hadoop-ozone-ozone-manager/0.5.0-SNAPSHOT/hadoop-ozone-ozone-manager-0.5.0-SNAPSHOT-tests.jar:/home/user/.m2/repository/junit/junit/4.11/junit-4.11.jar:/home/user/.m2/repository/org/hamcrest/hamcrest-core/1.3/hamcrest-core-1.3.jar:/home/user/.m2/repository/org/openjdk/jmh/jmh-core/1.19/jmh-core-1.19.jar:/home/user/.m2/repository/net/sf/jopt-simple/jopt-simple/4.6/jopt-simple-4.6.jar:/home/user/.m2/repository/org/apache/commons/commons-math3/3.1.1/commons-math3-3.1.1.jar:/home/user/.m2/repository/org/openjdk/jmh/jmh-generator-annprocess/1.19/jmh-generator-annprocess-1.19.jar:/home/user/.m2/repository/org/mockito/mockito-all/1.8.5/mockito-all-1.8.5.jar:/home/user/.m2/repository/org/apache/hadoop/hadoop-kms/3.2.0/hadoop-kms-3.2.0.jar:/home/user/.m2/repository/org/apache/hadoop/hadoop-auth/3.2.0/hadoop-auth-3.2.0.jar:/home/user/.m2/repository/com/nimbusds/nimbus-jose-jwt/4.41.1/nimbus-jose-jwt-4.41.1.jar:/home/user/.m2/repository/com/github/stephenc/jcip/jcip-annotations/1.0-1/jcip-annotations-1.0-1.jar:/home/user/.m2/repository/net/minidev/json-smart/2.3/json-smart-2.3.jar:/home/user/.m2/repository/net/minidev/accessors-smart/1.2/accessors-smart-1.2.jar:/home/user/.m2/repository/org/ow2/asm/asm/5.0.4/asm-5.0.4.jar:/home/user/.m2/repository/org/apache/curator/curator-framework/2.12.0/curator-framework-2.12.0.jar:/home/user/.m2/repository/com/sun/jersey/jersey-core/1.19/jersey-core-1.19.jar:/home/user/.m2/repository/javax/ws/rs/jsr311-api/1.1.1/jsr311-api-1.1.1.jar:/home/user/.m2/repository/com/sun/jersey/jersey-server/1.19/jersey-server-1.19.jar:/home/user/.m2/repository/javax/servlet/javax.servlet-api/3.1.0/javax.servlet-api-3.1.0.jar:/home/user/.m2/repository/org/eclipse/jetty/jetty-server/9.3.25.v20180904/jetty-server-9.3.25.v20180904.jar:/home/user/.m2/repository/org/eclipse/jetty/jetty-http/9.3.25.v20180904/jetty-http-9.3.25.v20180904.jar:/home/user/.m2/repository/org/eclipse/jetty/jetty-io/9.3.25.v20180904/jetty-io-9.3.25.v20180904.jar:/home/user/.m2/repository/org/eclipse/jetty/jetty-webapp/9.3.25.v20180904/jetty-webapp-9.3.25.v20180904.jar:/home/user/.m2/repository/org/eclipse/jetty/jetty-xml/9.3.25.v20180904/jetty-xml-9.3.25.v20180904.jar:/home/user/.m2/repository/log4j/log4j/1.2.17/log4j-1.2.17.jar:/home/user/.m2/repository/org/slf4j/slf4j-api/1.7.25/slf4j-api-1.7.25.jar:/home/user/.m2/repository/org/slf4j/jul-to-slf4j/1.7.25/jul-to-slf4j-1.7.25.jar:/home/user/.m2/repository/org/eclipse/jetty/jetty-util/9.3.25.v20180904/jetty-util-9.3.25.v20180904.jar:/home/user/.m2/repository/com/fasterxml/jackson/core/jackson-databind/2.9.9/jackson-databind-2.9.9.jar:/home/user/.m2/repository/org/apache/hadoop/hadoop-kms/3.2.0/hadoop-kms-3.2.0-tests.jar:/home/user/.m2/repository/org/apache/hadoop/hadoop-hdds-server-scm/0.5.0-SNAPSHOT/hadoop-hdds-server-scm-0.5.0-SNAPSHOT-tests.jar:/home/user/.m2/repository/org/apache/hadoop/hadoop-hdds-container-service/0.5.0-SNAPSHOT/hadoop-hdds-container-service-0.5.0-SNAPSHOT-tests.jar:/home/user/.m2/repository/org/yaml/snakeyaml/1.16/snakeyaml-1.16.jar:/home/user/.m2/repository/org/apache/hadoop/hadoop-common/3.2.0/hadoop-common-3.2.0-tests.jar:/home/user/.m2/repository/org/apache/hadoop/hadoop-annotations/3.2.0/hadoop-annotations-3.2.0.jar:/usr/lib/jvm/java-1.8-openjdk/jre/../lib/tools.jar:/home/user/.m2/repository/commons-cli/commons-cli/1.2/commons-cli-1.2.jar:/home/user/.m2/repository/org/apache/httpcomponents/httpclient/4.5.2/httpclient-4.5.2.jar:/home/user/.m2/repository/org/apache/httpcomponents/httpcore/4.4.4/httpcore-4.4.4.jar:/home/user/.m2/repository/commons-codec/commons-codec/1.11/commons-codec-1.11.jar:/home/user/.m2/repository/commons-net/commons-net/3.6/commons-net-3.6.jar:/home/user/.m2/repository/commons-collections/commons-collections/3.2.2/commons-collections-3.2.2.jar:/home/user/.m2/repository/org/eclipse/jetty/jetty-servlet/9.3.25.v20180904/jetty-servlet-9.3.25.v20180904.jar:/home/user/.m2/repository/org/eclipse/jetty/jetty-security/9.3.25.v20180904/jetty-security-9.3.25.v20180904.jar:/home/user/.m2/repository/javax/servlet/jsp/jsp-api/2.1/jsp-api-2.1.jar:/home/user/.m2/repository/com/sun/jersey/jersey-servlet/1.19/jersey-servlet-1.19.jar:/home/user/.m2/repository/com/sun/jersey/jersey-json/1.19/jersey-json-1.19.jar:/home/user/.m2/repository/org/codehaus/jettison/jettison/1.1/jettison-1.1.jar:/home/user/.m2/repository/org/codehaus/jackson/jackson-core-asl/1.9.13/jackson-core-asl-1.9.13.jar:/home/user/.m2/repository/org/codehaus/jackson/jackson-mapper-asl/1.9.13/jackson-mapper-asl-1.9.13.jar:/home/user/.m2/repository/org/codehaus/jackson/jackson-jaxrs/1.9.13/jackson-jaxrs-1.9.13.jar:/home/user/.m2/repository/org/codehaus/jackson/jackson-xc/1.9.13/jackson-xc-1.9.13.jar:/home/user/.m2/repository/commons-logging/commons-logging/1.1.3/commons-logging-1.1.3.jar:/home/user/.m2/repository/commons-beanutils/commons-beanutils/1.9.4/commons-beanutils-1.9.4.jar:/home/user/.m2/repository/org/apache/commons/commons-configuration2/2.1.1/commons-configuration2-2.1.1.jar:/home/user/.m2/repository/org/apache/commons/commons-lang3/3.7/commons-lang3-3.7.jar:/home/user/.m2/repository/org/apache/commons/commons-text/1.4/commons-text-1.4.jar:/home/user/.m2/repository/org/apache/avro/avro/1.7.7/avro-1.7.7.jar:/home/user/.m2/repository/com/thoughtworks/paranamer/paranamer/2.3/paranamer-2.3.jar:/home/user/.m2/repository/org/xerial/snappy/snappy-java/1.0.5/snappy-java-1.0.5.jar:/home/user/.m2/repository/com/google/re2j/re2j/1.1/re2j-1.1.jar:/home/user/.m2/repository/com/google/code/gson/gson/2.2.4/gson-2.2.4.jar:/home/user/.m2/repository/com/jcraft/jsch/0.1.54/jsch-0.1.54.jar:/home/user/.m2/repository/org/apache/curator/curator-client/2.12.0/curator-client-2.12.0.jar:/home/user/.m2/repository/org/apache/curator/curator-recipes/2.12.0/curator-recipes-2.12.0.jar:/home/user/.m2/repository/com/google/code/findbugs/jsr305/3.0.0/jsr305-3.0.0.jar:/home/user/.m2/repository/org/apache/htrace/htrace-core4/4.1.0-incubating/htrace-core4-4.1.0-incubating.jar:/home/user/.m2/repository/org/apache/zookeeper/zookeeper/3.4.13/zookeeper-3.4.13.jar:/home/user/.m2/repository/jline/jline/0.9.94/jline-0.9.94.jar:/home/user/.m2/repository/org/apache/yetus/audience-annotations/0.5.0/audience-annotations-0.5.0.jar:/home/user/.m2/repository/org/codehaus/woodstox/stax2-api/3.1.4/stax2-api-3.1.4.jar:/home/user/.m2/repository/com/fasterxml/woodstox/woodstox-core/5.0.3/woodstox-core-5.0.3.jar:/home/user/.m2/repository/dnsjava/dnsjava/2.1.7/dnsjava-2.1.7.jar:/home/user/.m2/repository/org/apache/hadoop/hadoop-hdfs/3.2.0/hadoop-hdfs-3.2.0-tests.jar:/home/user/.m2/repository/org/eclipse/jetty/jetty-util-ajax/9.3.25.v20180904/jetty-util-ajax-9.3.25.v20180904.jar:/home/user/.m2/repository/commons-daemon/commons-daemon/1.0.13/commons-daemon-1.0.13.jar:/home/user/.m2/repository/io/netty/netty/3.10.5.Final/netty-3.10.5.Final.jar:/home/user/.m2/repository/io/netty/netty-all/4.0.52.Final/netty-all-4.0.52.Final.jar:/home/user/.m2/repository/org/fusesource/leveldbjni/leveldbjni-all/1.8/leveldbjni-all-1.8.jar:"/>
    <property name="sun.cpu.endian" value="little"/>
    <property name="user.home" value="/home/user"/>
    <property name="user.language" value="en"/>
    <property name="java.specification.vendor" value="Oracle Corporation"/>
    <property name="java.home" value="/usr/lib/jvm/java-1.8-openjdk/jre"/>
    <property name="java.security.krb5.conf" value="/workdir/hadoop-ozone/integration-test/target/test-classes/krb5.conf"/>
    <property name="basedir" value="/workdir/hadoop-ozone/integration-test"/>
    <property name="file.separator" value="/"/>
    <property name="line.separator" value="&#10;"/>
    <property name="java.vm.specification.vendor" value="Oracle Corporation"/>
    <property name="java.specification.name" value="Java Platform API Specification"/>
    <property name="java.awt.graphicsenv" value="sun.awt.X11GraphicsEnvironment"/>
    <property name="surefire.real.class.path" value="/workdir/hadoop-ozone/integration-test/target/surefire/surefirebooter2689409548942652297.jar"/>
    <property name="hadoop.log.dir" value="/workdir/hadoop-ozone/integration-test/target/log"/>
    <property name="sun.boot.class.path" value="/usr/lib/jvm/java-1.8-openjdk/jre/lib/resources.jar:/usr/lib/jvm/java-1.8-openjdk/jre/lib/rt.jar:/usr/lib/jvm/java-1.8-openjdk/jre/lib/sunrsasign.jar:/usr/lib/jvm/java-1.8-openjdk/jre/lib/jsse.jar:/usr/lib/jvm/java-1.8-openjdk/jre/lib/jce.jar:/usr/lib/jvm/java-1.8-openjdk/jre/lib/charsets.jar:/usr/lib/jvm/java-1.8-openjdk/jre/lib/jfr.jar:/usr/lib/jvm/java-1.8-openjdk/jre/classes"/>
    <property name="sun.management.compiler" value="HotSpot 64-Bit Tiered Compilers"/>
    <property name="java.runtime.version" value="1.8.0_212-b04"/>
    <property name="java.net.preferIPv4Stack" value="true"/>
    <property name="user.name" value="jenkins1000"/>
    <property name="path.separator" value=":"/>
    <property name="java.security.egd" value="file:///dev/urandom"/>
    <property name="os.version" value="3.10.0-957.12.2.el7.x86_64"/>
    <property name="java.endorsed.dirs" value="/usr/lib/jvm/java-1.8-openjdk/jre/lib/endorsed"/>
    <property name="java.runtime.name" value="OpenJDK Runtime Environment"/>
    <property name="file.encoding" value="UTF-8"/>
    <property name="java.vm.name" value="OpenJDK 64-Bit Server VM"/>
    <property name="test.build.webapps" value=""/>
    <property name="localRepository" value="/home/user/.m2/repository"/>
    <property name="java.vendor.url.bug" value="https://icedtea.classpath.org/bugzilla"/>
    <property name="java.io.tmpdir" value="/tmp"/>
    <property name="require.test.libhadoop" value=""/>
    <property name="java.version" value="1.8.0_212"/>
    <property name="user.dir" value="/workdir/hadoop-ozone/integration-test"/>
    <property name="os.arch" value="amd64"/>
    <property name="java.vm.specification.name" value="Java Virtual Machine Specification"/>
    <property name="test.build.classes" value="/workdir/hadoop-ozone/integration-test/target/test-classes"/>
    <property name="java.awt.printerjob" value="sun.print.PSPrinterJob"/>
    <property name="sun.os.patch.level" value="unknown"/>
    <property name="hadoop.tmp.dir" value="/workdir/hadoop-ozone/integration-test/target/tmp"/>
    <property name="java.library.path" value="/usr/lib/jvm/java-1.8-openjdk/jre/lib/amd64/server:/usr/lib/jvm/java-1.8-openjdk/jre/lib/amd64:/usr/lib/jvm/java-1.8-openjdk/jre/../lib/amd64:/workdir/hadoop-ozone/integration-test/target/native/target/usr/local/lib:/workdir/hadoop-ozone/integration-test/../../hadoop-common-project/hadoop-common/target/native/target/usr/local/lib:/usr/java/packages/lib/amd64:/usr/lib64:/lib64:/lib:/usr/lib"/>
    <property name="java.vm.info" value="mixed mode"/>
    <property name="java.vendor" value="IcedTea"/>
    <property name="java.vm.version" value="25.212-b04"/>
    <property name="java.ext.dirs" value="/usr/lib/jvm/java-1.8-openjdk/jre/lib/ext:/usr/java/packages/lib/ext"/>
    <property name="sun.io.unicode.encoding" value="UnicodeLittle"/>
    <property name="java.class.version" value="52.0"/>
  </properties>
  <testcase name="testWatchForCommitWithKeyWrite" classname="org.apache.hadoop.ozone.client.rpc.TestWatchForCommit" time="94.116"/>
  <testcase name="testWatchForCommitWithSmallerTimeoutValue" classname="org.apache.hadoop.ozone.client.rpc.TestWatchForCommit" time="42.747"/>
  <testcase name="testWatchForCommitForRetryfailure" classname="org.apache.hadoop.ozone.client.rpc.TestWatchForCommit" time="73.21"/>
  <testcase name="testWatchForCommitForGroupMismatchException" classname="org.apache.hadoop.ozone.client.rpc.TestWatchForCommit" time="32.328"/>
  <testcase name="test2WayCommitForTimeoutException" classname="org.apache.hadoop.ozone.client.rpc.TestWatchForCommit" time="32.748">
    <error type="java.util.concurrent.TimeoutException">java.util.concurrent.TimeoutException
	at java.util.concurrent.CompletableFuture.timedGet(CompletableFuture.java:1771)
	at java.util.concurrent.CompletableFuture.get(CompletableFuture.java:1915)
	at org.apache.hadoop.hdds.scm.XceiverClientRatis.watchForCommit(XceiverClientRatis.java:298)
	at org.apache.hadoop.ozone.client.rpc.TestWatchForCommit.test2WayCommitForTimeoutException(TestWatchForCommit.java:391)
	at sun.reflect.NativeMethodAccessorImpl.invoke0(Native Method)
	at sun.reflect.NativeMethodAccessorImpl.invoke(NativeMethodAccessorImpl.java:62)
	at sun.reflect.DelegatingMethodAccessorImpl.invoke(DelegatingMethodAccessorImpl.java:43)
	at java.lang.reflect.Method.invoke(Method.java:498)
	at org.junit.runners.model.FrameworkMethod$1.runReflectiveCall(FrameworkMethod.java:47)
	at org.junit.internal.runners.model.ReflectiveCallable.run(ReflectiveCallable.java:12)
	at org.junit.runners.model.FrameworkMethod.invokeExplosively(FrameworkMethod.java:44)
	at org.junit.internal.runners.statements.InvokeMethod.evaluate(InvokeMethod.java:17)
	at org.junit.runners.ParentRunner.runLeaf(ParentRunner.java:271)
	at org.junit.runners.BlockJUnit4ClassRunner.runChild(BlockJUnit4ClassRunner.java:70)
	at org.junit.runners.BlockJUnit4ClassRunner.runChild(BlockJUnit4ClassRunner.java:50)
	at org.junit.runners.ParentRunner$3.run(ParentRunner.java:238)
	at org.junit.runners.ParentRunner$1.schedule(ParentRunner.java:63)
	at org.junit.runners.ParentRunner.runChildren(ParentRunner.java:236)
	at org.junit.runners.ParentRunner.access$000(ParentRunner.java:53)
	at org.junit.runners.ParentRunner$2.evaluate(ParentRunner.java:229)
	at org.junit.runners.ParentRunner.run(ParentRunner.java:309)
	at org.apache.maven.surefire.junit4.JUnit4Provider.execute(JUnit4Provider.java:365)
	at org.apache.maven.surefire.junit4.JUnit4Provider.executeWithRerun(JUnit4Provider.java:273)
	at org.apache.maven.surefire.junit4.JUnit4Provider.executeTestSet(JUnit4Provider.java:238)
	at org.apache.maven.surefire.junit4.JUnit4Provider.invoke(JUnit4Provider.java:159)
	at org.apache.maven.surefire.booter.ForkedBooter.invokeProviderInSameClassLoader(ForkedBooter.java:384)
	at org.apache.maven.surefire.booter.ForkedBooter.runSuitesInProcess(ForkedBooter.java:345)
	at org.apache.maven.surefire.booter.ForkedBooter.execute(ForkedBooter.java:126)
	at org.apache.maven.surefire.booter.ForkedBooter.main(ForkedBooter.java:418)
</error>
    <system-out><![CDATA[2019-10-03 20:02:44,932 [main] WARN  server.ServerUtils (ServerUtils.java:getScmDbDir(145)) - ozone.scm.db.dirs is not configured. We recommend adding this setting. Falling back to ozone.metadata.dirs instead.
2019-10-03 20:02:44,968 [main] WARN  server.ServerUtils (ServerUtils.java:getScmDbDir(145)) - ozone.scm.db.dirs is not configured. We recommend adding this setting. Falling back to ozone.metadata.dirs instead.
2019-10-03 20:02:44,968 [main] WARN  server.ServerUtils (ServerUtils.java:getScmDbDir(145)) - ozone.scm.db.dirs is not configured. We recommend adding this setting. Falling back to ozone.metadata.dirs instead.
2019-10-03 20:02:44,969 [main] INFO  db.DBStoreBuilder (DBStoreBuilder.java:addTable(110)) - using custom profile for table: deletedBlocks
2019-10-03 20:02:44,969 [main] INFO  db.DBStoreBuilder (DBStoreBuilder.java:processTables(161)) - Using default column profile:DBProfile.DISK for Table:deletedBlocks
2019-10-03 20:02:44,969 [main] INFO  db.DBStoreBuilder (DBStoreBuilder.java:addTable(110)) - using custom profile for table: validCerts
2019-10-03 20:02:44,969 [main] INFO  db.DBStoreBuilder (DBStoreBuilder.java:processTables(161)) - Using default column profile:DBProfile.DISK for Table:validCerts
2019-10-03 20:02:44,969 [main] INFO  db.DBStoreBuilder (DBStoreBuilder.java:addTable(110)) - using custom profile for table: revokedCerts
2019-10-03 20:02:44,969 [main] INFO  db.DBStoreBuilder (DBStoreBuilder.java:processTables(161)) - Using default column profile:DBProfile.DISK for Table:revokedCerts
2019-10-03 20:02:44,969 [main] INFO  db.DBStoreBuilder (DBStoreBuilder.java:addTable(110)) - using custom profile for table: default
2019-10-03 20:02:44,970 [main] INFO  db.DBStoreBuilder (DBStoreBuilder.java:processTables(167)) - Using default column profile:DBProfile.DISK for Table:default
2019-10-03 20:02:44,970 [main] INFO  db.DBStoreBuilder (DBStoreBuilder.java:getDbProfile(198)) - Using default options. DBProfile.DISK
2019-10-03 20:02:45,177 [main] INFO  net.NodeSchemaLoader (NodeSchemaLoader.java:loadSchemaFromFile(125)) - Loading file from sun.misc.CompoundEnumeration@3a296107
2019-10-03 20:02:45,178 [main] INFO  net.NodeSchemaLoader (NodeSchemaLoader.java:loadSchema(171)) - Loading network topology layer schema file
2019-10-03 20:02:45,182 [main] WARN  server.ServerUtils (ServerUtils.java:sanitizeUserArgs(70)) - ozone.scm.stale.node.interval value = 300000 is larger than max = 100000 based on the key value of ozone.scm.heartbeat.thread.interval, reset to the max value 100000.
2019-10-03 20:02:45,182 [main] WARN  server.ServerUtils (ServerUtils.java:sanitizeUserArgs(70)) - ozone.scm.stale.node.interval value = 300000 is larger than max = 100000 based on the key value of ozone.scm.heartbeat.thread.interval, reset to the max value 100000.
2019-10-03 20:02:45,182 [main] INFO  node.SCMNodeManager (SCMNodeManager.java:<init>(114)) - Entering startup safe mode.
2019-10-03 20:02:45,183 [main] INFO  algorithms.ContainerPlacementPolicyFactory (ContainerPlacementPolicyFactory.java:getPolicy(57)) - Create container placement policy of type org.apache.hadoop.hdds.scm.container.placement.algorithms.SCMContainerPlacementRandom
2019-10-03 20:02:45,183 [main] WARN  server.ServerUtils (ServerUtils.java:getScmDbDir(145)) - ozone.scm.db.dirs is not configured. We recommend adding this setting. Falling back to ozone.metadata.dirs instead.
2019-10-03 20:02:45,278 [main] INFO  pipeline.SCMPipelineManager (SCMPipelineManager.java:initializePipelineState(132)) - No pipeline exists in current db
2019-10-03 20:02:45,279 [main] WARN  server.ServerUtils (ServerUtils.java:getScmDbDir(145)) - ozone.scm.db.dirs is not configured. We recommend adding this setting. Falling back to ozone.metadata.dirs instead.
2019-10-03 20:02:45,351 [main] WARN  events.EventQueue (EventQueue.java:fireEvent(183)) - No event handler registered for event TypedEvent{payloadType=SafeModeStatus, name='SafeModeStatus'}
2019-10-03 20:02:45,352 [main] INFO  ipc.CallQueueManager (CallQueueManager.java:<init>(84)) - Using callQueue: class java.util.concurrent.LinkedBlockingQueue, queueCapacity: 2000, scheduler: class org.apache.hadoop.ipc.DefaultRpcScheduler, ipcBackoff: false.
2019-10-03 20:02:45,353 [Socket Reader #1 for port 38112] INFO  ipc.Server (Server.java:run(1074)) - Starting Socket Reader #1 for port 38112
2019-10-03 20:02:45,355 [main] INFO  ipc.CallQueueManager (CallQueueManager.java:<init>(84)) - Using callQueue: class java.util.concurrent.LinkedBlockingQueue, queueCapacity: 2000, scheduler: class org.apache.hadoop.ipc.DefaultRpcScheduler, ipcBackoff: false.
2019-10-03 20:02:45,356 [Socket Reader #1 for port 35229] INFO  ipc.Server (Server.java:run(1074)) - Starting Socket Reader #1 for port 35229
2019-10-03 20:02:45,357 [main] INFO  ipc.CallQueueManager (CallQueueManager.java:<init>(84)) - Using callQueue: class java.util.concurrent.LinkedBlockingQueue, queueCapacity: 2000, scheduler: class org.apache.hadoop.ipc.DefaultRpcScheduler, ipcBackoff: false.
2019-10-03 20:02:45,358 [Socket Reader #1 for port 40381] INFO  ipc.Server (Server.java:run(1074)) - Starting Socket Reader #1 for port 40381
2019-10-03 20:02:45,360 [main] INFO  hdfs.DFSUtil (DFSUtil.java:httpServerTemplateForNNAndJN(1641)) - Starting Web-server for scm at: http://0.0.0.0:0
2019-10-03 20:02:45,361 [main] INFO  server.AuthenticationFilter (AuthenticationFilter.java:constructSecretProvider(240)) - Unable to initialize FileSignerSecretProvider, falling back to use random secrets.
2019-10-03 20:02:45,362 [main] WARN  http.HttpRequestLog (HttpRequestLog.java:getRequestLog(97)) - Jetty request log can only be enabled using Log4j
2019-10-03 20:02:45,363 [main] INFO  http.HttpServer2 (HttpServer2.java:addGlobalFilter(975)) - Added global filter 'safety' (class=org.apache.hadoop.http.HttpServer2$QuotingInputFilter)
2019-10-03 20:02:45,364 [main] INFO  http.HttpServer2 (HttpServer2.java:addFilter(948)) - Added filter static_user_filter (class=org.apache.hadoop.http.lib.StaticUserWebFilter$StaticUserFilter) to context scm
2019-10-03 20:02:45,364 [main] INFO  http.HttpServer2 (HttpServer2.java:addFilter(958)) - Added filter static_user_filter (class=org.apache.hadoop.http.lib.StaticUserWebFilter$StaticUserFilter) to context static
2019-10-03 20:02:45,364 [main] INFO  http.HttpServer2 (HttpServer2.java:addFilter(958)) - Added filter static_user_filter (class=org.apache.hadoop.http.lib.StaticUserWebFilter$StaticUserFilter) to context logs
2019-10-03 20:02:45,366 [main] INFO  server.StorageContainerManager (StorageContainerManager.java:start(770)) - StorageContainerLocationProtocol RPC server is listening at /0.0.0.0:40381
2019-10-03 20:02:45,368 [main] WARN  impl.MetricsConfig (MetricsConfig.java:loadFirst(134)) - Cannot locate configuration: tried hadoop-metrics2-storagecontainermanager.properties,hadoop-metrics2.properties
2019-10-03 20:02:45,369 [main] INFO  impl.MetricsSystemImpl (MetricsSystemImpl.java:startTimer(374)) - Scheduled Metric snapshot period at 10 second(s).
2019-10-03 20:02:45,369 [main] INFO  impl.MetricsSystemImpl (MetricsSystemImpl.java:start(191)) - StorageContainerManager metrics system started
2019-10-03 20:02:45,444 [main] WARN  impl.MetricsSystemImpl (MetricsSystemImpl.java:register(276)) - Sink prometheus already exists!
2019-10-03 20:02:45,551 [main] INFO  server.SCMClientProtocolServer (SCMClientProtocolServer.java:start(159)) - RPC server for Client  is listening at /0.0.0.0:40381
2019-10-03 20:02:45,551 [IPC Server Responder] INFO  ipc.Server (Server.java:run(1314)) - IPC Server Responder: starting
2019-10-03 20:02:45,551 [IPC Server listener on 40381] INFO  ipc.Server (Server.java:run(1153)) - IPC Server listener on 40381: starting
2019-10-03 20:02:45,555 [main] INFO  server.StorageContainerManager (StorageContainerManager.java:start(780)) - ScmBlockLocationProtocol RPC server is listening at /0.0.0.0:35229
2019-10-03 20:02:45,556 [main] INFO  server.SCMBlockProtocolServer (SCMBlockProtocolServer.java:start(146)) - RPC server for Block Protocol is listening at /0.0.0.0:35229
2019-10-03 20:02:45,556 [IPC Server Responder] INFO  ipc.Server (Server.java:run(1314)) - IPC Server Responder: starting
2019-10-03 20:02:45,557 [IPC Server listener on 35229] INFO  ipc.Server (Server.java:run(1153)) - IPC Server listener on 35229: starting
2019-10-03 20:02:45,561 [main] INFO  server.StorageContainerManager (StorageContainerManager.java:start(784)) - ScmDatanodeProtocl RPC server is listening at /0.0.0.0:38112
2019-10-03 20:02:45,561 [main] INFO  server.SCMDatanodeProtocolServer (SCMDatanodeProtocolServer.java:start(169)) - RPC server for DataNodes is listening at /0.0.0.0:38112
2019-10-03 20:02:45,562 [IPC Server Responder] INFO  ipc.Server (Server.java:run(1314)) - IPC Server Responder: starting
2019-10-03 20:02:45,562 [IPC Server listener on 38112] INFO  ipc.Server (Server.java:run(1153)) - IPC Server listener on 38112: starting
2019-10-03 20:02:45,564 [main] INFO  http.HttpServer2 (HttpServer2.java:bindListener(1191)) - Jetty bound to port 33338
2019-10-03 20:02:45,565 [main] INFO  server.Server (Server.java:doStart(351)) - jetty-9.3.25.v20180904, build timestamp: 2018-09-04T21:11:46Z, git hash: 3ce520221d0240229c862b122d2b06c12a625732
2019-10-03 20:02:45,566 [main] INFO  handler.ContextHandler (ContextHandler.java:doStart(781)) - Started o.e.j.s.ServletContextHandler@3c7279a5{/logs,file:///workdir/hadoop-ozone/integration-test/target/log,AVAILABLE}
2019-10-03 20:02:45,567 [main] INFO  handler.ContextHandler (ContextHandler.java:doStart(781)) - Started o.e.j.s.ServletContextHandler@b379bc6{/static,file:///workdir/hadoop-ozone/integration-test/target/test-classes/webapps/static,AVAILABLE}
2019-10-03 20:02:45,571 [main] INFO  handler.ContextHandler (ContextHandler.java:doStart(781)) - Started o.e.j.w.WebAppContext@2c1d57bc{/,file:///workdir/hadoop-ozone/integration-test/target/test-classes/webapps/scm/,AVAILABLE}{/scm}
2019-10-03 20:02:45,571 [main] INFO  server.AbstractConnector (AbstractConnector.java:doStart(278)) - Started ServerConnector@26c77f54{HTTP/1.1,[http/1.1]}{0.0.0.0:33338}
2019-10-03 20:02:45,572 [main] INFO  server.Server (Server.java:doStart(419)) - Started @243475ms
2019-10-03 20:02:45,572 [main] WARN  impl.MetricsSystemImpl (MetricsSystemImpl.java:register(276)) - Sink prometheus already exists!
2019-10-03 20:02:45,573 [main] INFO  server.BaseHttpServer (BaseHttpServer.java:updateConnectorAddress(215)) - HTTP server of SCM is listening at http://0.0.0.0:33338
2019-10-03 20:02:45,574 [main] WARN  server.ServerUtils (ServerUtils.java:getDBPath(222)) - ozone.om.db.dirs is not configured. We recommend adding this setting. Falling back to ozone.metadata.dirs instead.
2019-10-03 20:02:45,574 [org.apache.hadoop.util.JvmPauseMonitor$Monitor@6e9a0bea] INFO  util.JvmPauseMonitor (JvmPauseMonitor.java:run(188)) - Starting JVM pause monitor
2019-10-03 20:02:45,588 [main] INFO  ha.OMHANodeDetails (OMHANodeDetails.java:loadOMHAConfig(190)) - Configuration either no ozone.om.address set. Falling back to the default OM address /127.0.0.1:0
2019-10-03 20:02:45,588 [main] INFO  ha.OMHANodeDetails (OMHANodeDetails.java:getOMNodeDetails(220)) - OM Service ID is not set. Setting it to the default ID: omServiceIdDefault
2019-10-03 20:02:45,588 [main] WARN  server.ServerUtils (ServerUtils.java:getDBPath(222)) - ozone.om.db.dirs is not configured. We recommend adding this setting. Falling back to ozone.metadata.dirs instead.
2019-10-03 20:02:45,589 [main] WARN  server.ServerUtils (ServerUtils.java:getDBPath(222)) - ozone.om.db.dirs is not configured. We recommend adding this setting. Falling back to ozone.metadata.dirs instead.
2019-10-03 20:02:45,597 [main] WARN  server.ServerUtils (ServerUtils.java:getDBPath(222)) - ozone.om.db.dirs is not configured. We recommend adding this setting. Falling back to ozone.metadata.dirs instead.
2019-10-03 20:02:45,597 [main] INFO  db.DBStoreBuilder (DBStoreBuilder.java:addTable(110)) - using custom profile for table: userTable
2019-10-03 20:02:45,597 [main] INFO  db.DBStoreBuilder (DBStoreBuilder.java:processTables(161)) - Using default column profile:DBProfile.DISK for Table:userTable
2019-10-03 20:02:45,598 [main] INFO  db.DBStoreBuilder (DBStoreBuilder.java:addTable(110)) - using custom profile for table: volumeTable
2019-10-03 20:02:45,598 [main] INFO  db.DBStoreBuilder (DBStoreBuilder.java:processTables(161)) - Using default column profile:DBProfile.DISK for Table:volumeTable
2019-10-03 20:02:45,598 [main] INFO  db.DBStoreBuilder (DBStoreBuilder.java:addTable(110)) - using custom profile for table: bucketTable
2019-10-03 20:02:45,598 [main] INFO  db.DBStoreBuilder (DBStoreBuilder.java:processTables(161)) - Using default column profile:DBProfile.DISK for Table:bucketTable
2019-10-03 20:02:45,599 [main] INFO  db.DBStoreBuilder (DBStoreBuilder.java:addTable(110)) - using custom profile for table: keyTable
2019-10-03 20:02:45,599 [main] INFO  db.DBStoreBuilder (DBStoreBuilder.java:processTables(161)) - Using default column profile:DBProfile.DISK for Table:keyTable
2019-10-03 20:02:45,599 [main] INFO  db.DBStoreBuilder (DBStoreBuilder.java:addTable(110)) - using custom profile for table: deletedTable
2019-10-03 20:02:45,600 [main] INFO  db.DBStoreBuilder (DBStoreBuilder.java:processTables(161)) - Using default column profile:DBProfile.DISK for Table:deletedTable
2019-10-03 20:02:45,600 [main] INFO  db.DBStoreBuilder (DBStoreBuilder.java:addTable(110)) - using custom profile for table: openKeyTable
2019-10-03 20:02:45,600 [main] INFO  db.DBStoreBuilder (DBStoreBuilder.java:processTables(161)) - Using default column profile:DBProfile.DISK for Table:openKeyTable
2019-10-03 20:02:45,601 [main] INFO  db.DBStoreBuilder (DBStoreBuilder.java:addTable(110)) - using custom profile for table: s3Table
2019-10-03 20:02:45,601 [main] INFO  db.DBStoreBuilder (DBStoreBuilder.java:processTables(161)) - Using default column profile:DBProfile.DISK for Table:s3Table
2019-10-03 20:02:45,601 [main] INFO  db.DBStoreBuilder (DBStoreBuilder.java:addTable(110)) - using custom profile for table: multipartInfoTable
2019-10-03 20:02:45,602 [main] INFO  db.DBStoreBuilder (DBStoreBuilder.java:processTables(161)) - Using default column profile:DBProfile.DISK for Table:multipartInfoTable
2019-10-03 20:02:45,602 [main] INFO  db.DBStoreBuilder (DBStoreBuilder.java:addTable(110)) - using custom profile for table: dTokenTable
2019-10-03 20:02:45,602 [main] INFO  db.DBStoreBuilder (DBStoreBuilder.java:processTables(161)) - Using default column profile:DBProfile.DISK for Table:dTokenTable
2019-10-03 20:02:45,603 [main] INFO  db.DBStoreBuilder (DBStoreBuilder.java:addTable(110)) - using custom profile for table: s3SecretTable
2019-10-03 20:02:45,603 [main] INFO  db.DBStoreBuilder (DBStoreBuilder.java:processTables(161)) - Using default column profile:DBProfile.DISK for Table:s3SecretTable
2019-10-03 20:02:45,603 [main] INFO  db.DBStoreBuilder (DBStoreBuilder.java:addTable(110)) - using custom profile for table: prefixTable
2019-10-03 20:02:45,604 [main] INFO  db.DBStoreBuilder (DBStoreBuilder.java:processTables(161)) - Using default column profile:DBProfile.DISK for Table:prefixTable
2019-10-03 20:02:45,604 [main] INFO  db.DBStoreBuilder (DBStoreBuilder.java:addTable(110)) - using custom profile for table: default
2019-10-03 20:02:45,604 [main] INFO  db.DBStoreBuilder (DBStoreBuilder.java:processTables(167)) - Using default column profile:DBProfile.DISK for Table:default
2019-10-03 20:02:45,604 [main] INFO  db.DBStoreBuilder (DBStoreBuilder.java:getDbProfile(198)) - Using default options. DBProfile.DISK
2019-10-03 20:02:46,219 [main] INFO  ipc.CallQueueManager (CallQueueManager.java:<init>(84)) - Using callQueue: class java.util.concurrent.LinkedBlockingQueue, queueCapacity: 2000, scheduler: class org.apache.hadoop.ipc.DefaultRpcScheduler, ipcBackoff: false.
2019-10-03 20:02:46,220 [Socket Reader #1 for port 45265] INFO  ipc.Server (Server.java:run(1074)) - Starting Socket Reader #1 for port 45265
2019-10-03 20:02:46,236 [main] INFO  om.OzoneManager (OzoneManager.java:start(1069)) - OzoneManager RPC server is listening at localhost/127.0.0.1:45265
2019-10-03 20:02:46,237 [main] INFO  impl.MetricsSystemImpl (MetricsSystemImpl.java:init(158)) - OzoneManager metrics system started (again)
2019-10-03 20:02:46,237 [IPC Server Responder] INFO  ipc.Server (Server.java:run(1314)) - IPC Server Responder: starting
2019-10-03 20:02:46,238 [IPC Server listener on 45265] INFO  ipc.Server (Server.java:run(1153)) - IPC Server listener on 45265: starting
2019-10-03 20:02:46,243 [main] INFO  hdfs.DFSUtil (DFSUtil.java:httpServerTemplateForNNAndJN(1641)) - Starting Web-server for ozoneManager at: http://0.0.0.0:0
2019-10-03 20:02:46,244 [main] INFO  server.AuthenticationFilter (AuthenticationFilter.java:constructSecretProvider(240)) - Unable to initialize FileSignerSecretProvider, falling back to use random secrets.
2019-10-03 20:02:46,245 [main] WARN  http.HttpRequestLog (HttpRequestLog.java:getRequestLog(97)) - Jetty request log can only be enabled using Log4j
2019-10-03 20:02:46,247 [main] INFO  http.HttpServer2 (HttpServer2.java:addGlobalFilter(975)) - Added global filter 'safety' (class=org.apache.hadoop.http.HttpServer2$QuotingInputFilter)
2019-10-03 20:02:46,248 [main] INFO  http.HttpServer2 (HttpServer2.java:addFilter(948)) - Added filter static_user_filter (class=org.apache.hadoop.http.lib.StaticUserWebFilter$StaticUserFilter) to context ozoneManager
2019-10-03 20:02:46,248 [main] INFO  http.HttpServer2 (HttpServer2.java:addFilter(958)) - Added filter static_user_filter (class=org.apache.hadoop.http.lib.StaticUserWebFilter$StaticUserFilter) to context static
2019-10-03 20:02:46,248 [main] INFO  http.HttpServer2 (HttpServer2.java:addFilter(958)) - Added filter static_user_filter (class=org.apache.hadoop.http.lib.StaticUserWebFilter$StaticUserFilter) to context logs
2019-10-03 20:02:46,249 [main] INFO  http.HttpServer2 (HttpServer2.java:bindListener(1191)) - Jetty bound to port 41818
2019-10-03 20:02:46,249 [main] INFO  server.Server (Server.java:doStart(351)) - jetty-9.3.25.v20180904, build timestamp: 2018-09-04T21:11:46Z, git hash: 3ce520221d0240229c862b122d2b06c12a625732
2019-10-03 20:02:46,251 [main] INFO  handler.ContextHandler (ContextHandler.java:doStart(781)) - Started o.e.j.s.ServletContextHandler@52a7928a{/logs,file:///workdir/hadoop-ozone/integration-test/target/log,AVAILABLE}
2019-10-03 20:02:46,252 [main] INFO  handler.ContextHandler (ContextHandler.java:doStart(781)) - Started o.e.j.s.ServletContextHandler@72465eb2{/static,file:///workdir/hadoop-ozone/integration-test/target/test-classes/webapps/static,AVAILABLE}
2019-10-03 20:02:46,256 [main] INFO  handler.ContextHandler (ContextHandler.java:doStart(781)) - Started o.e.j.w.WebAppContext@67acfde9{/,file:///workdir/hadoop-ozone/integration-test/target/test-classes/webapps/ozoneManager/,AVAILABLE}{/ozoneManager}
2019-10-03 20:02:46,258 [main] INFO  server.AbstractConnector (AbstractConnector.java:doStart(278)) - Started ServerConnector@3b088163{HTTP/1.1,[http/1.1]}{0.0.0.0:41818}
2019-10-03 20:02:46,258 [main] INFO  server.Server (Server.java:doStart(419)) - Started @244161ms
2019-10-03 20:02:46,258 [main] WARN  impl.MetricsSystemImpl (MetricsSystemImpl.java:register(276)) - Sink prometheus already exists!
2019-10-03 20:02:46,259 [main] INFO  server.BaseHttpServer (BaseHttpServer.java:updateConnectorAddress(215)) - HTTP server of OZONEMANAGER is listening at http://0.0.0.0:41818
2019-10-03 20:02:46,272 [main] INFO  impl.MetricsSystemImpl (MetricsSystemImpl.java:init(158)) - HddsDatanode metrics system started (again)
2019-10-03 20:02:46,275 [main] INFO  ozone.HddsDatanodeService (HddsDatanodeService.java:start(184)) - HddsDatanodeService host:pr-hdds-2240-9gllg-3097873054 ip:192.168.164.206
2019-10-03 20:02:46,280 [main] INFO  volume.HddsVolume (HddsVolume.java:<init>(176)) - Creating Volume: /workdir/hadoop-ozone/integration-test/target/test-dir/MiniOzoneClusterImpl-4da3e29e-7197-414b-b066-3b2e861cdb23/datanode-0/data/containers/hdds of  storage type : DISK and capacity : 1482555576320
2019-10-03 20:02:46,281 [main] INFO  volume.VolumeSet (VolumeSet.java:initializeVolumeSet(170)) - Added Volume : /workdir/hadoop-ozone/integration-test/target/test-dir/MiniOzoneClusterImpl-4da3e29e-7197-414b-b066-3b2e861cdb23/datanode-0/data/containers/hdds to VolumeSet
2019-10-03 20:02:46,281 [main] INFO  volume.ThrottledAsyncChecker (ThrottledAsyncChecker.java:schedule(139)) - Scheduling a check for org.apache.hadoop.ozone.container.common.volume.HddsVolume@6da54910
2019-10-03 20:02:46,282 [main] INFO  volume.HddsVolumeChecker (HddsVolumeChecker.java:checkAllVolumes(202)) - Scheduled health check for volume org.apache.hadoop.ozone.container.common.volume.HddsVolume@6da54910
2019-10-03 20:02:46,294 [main] INFO  impl.RaftServerProxy (ConfUtils.java:logGet(43)) - raft.rpc.type = GRPC (default)
2019-10-03 20:02:46,294 [main] INFO  grpc.GrpcFactory (GrpcFactory.java:checkPooledByteBufAllocatorUseCacheForAllThreads(45)) - PERFORMANCE WARNING: useCacheForAllThreads is true that may cause Netty to create a lot garbage objects and, as a result, trigger GC.
	It is recommended to disable useCacheForAllThreads by setting -Dorg.apache.ratis.thirdparty.io.netty.allocator.useCacheForAllThreads=false in command line.
2019-10-03 20:02:46,295 [main] INFO  grpc.GrpcConfigKeys$Server (ConfUtils.java:logGet(43)) - raft.grpc.server.port = 0 (default)
2019-10-03 20:02:46,295 [main] INFO  server.GrpcService (ConfUtils.java:logGet(43)) - raft.grpc.message.size.max = 33570816 (custom)
2019-10-03 20:02:46,295 [main] INFO  server.RaftServerConfigKeys (ConfUtils.java:logGet(43)) - raft.server.log.appender.buffer.byte-limit = 33554432 (custom)
2019-10-03 20:02:46,295 [main] INFO  server.GrpcService (ConfUtils.java:logGet(43)) - raft.grpc.flow.control.window = 1MB (=1048576) (default)
2019-10-03 20:02:46,295 [main] INFO  server.RaftServerConfigKeys (ConfUtils.java:logGet(43)) - raft.server.rpc.request.timeout = 3000ms (default)
2019-10-03 20:02:46,296 [main] INFO  server.RaftServerConfigKeys (ConfUtils.java:logGet(43)) - raft.server.storage.dir = [/workdir/hadoop-ozone/integration-test/target/test-dir/MiniOzoneClusterImpl-4da3e29e-7197-414b-b066-3b2e861cdb23/datanode-0/data/ratis] (custom)
2019-10-03 20:02:46,298 [main] INFO  hdfs.DFSUtil (DFSUtil.java:httpServerTemplateForNNAndJN(1641)) - Starting Web-server for hddsDatanode at: http://0.0.0.0:0
2019-10-03 20:02:46,300 [main] INFO  server.AuthenticationFilter (AuthenticationFilter.java:constructSecretProvider(240)) - Unable to initialize FileSignerSecretProvider, falling back to use random secrets.
2019-10-03 20:02:46,300 [main] WARN  http.HttpRequestLog (HttpRequestLog.java:getRequestLog(97)) - Jetty request log can only be enabled using Log4j
2019-10-03 20:02:46,302 [main] INFO  http.HttpServer2 (HttpServer2.java:addGlobalFilter(975)) - Added global filter 'safety' (class=org.apache.hadoop.http.HttpServer2$QuotingInputFilter)
2019-10-03 20:02:46,303 [main] INFO  http.HttpServer2 (HttpServer2.java:addFilter(948)) - Added filter static_user_filter (class=org.apache.hadoop.http.lib.StaticUserWebFilter$StaticUserFilter) to context hddsDatanode
2019-10-03 20:02:46,303 [main] INFO  http.HttpServer2 (HttpServer2.java:addFilter(958)) - Added filter static_user_filter (class=org.apache.hadoop.http.lib.StaticUserWebFilter$StaticUserFilter) to context static
2019-10-03 20:02:46,303 [main] INFO  http.HttpServer2 (HttpServer2.java:addFilter(958)) - Added filter static_user_filter (class=org.apache.hadoop.http.lib.StaticUserWebFilter$StaticUserFilter) to context logs
2019-10-03 20:02:46,304 [main] INFO  http.HttpServer2 (HttpServer2.java:bindListener(1191)) - Jetty bound to port 41732
2019-10-03 20:02:46,304 [main] INFO  server.Server (Server.java:doStart(351)) - jetty-9.3.25.v20180904, build timestamp: 2018-09-04T21:11:46Z, git hash: 3ce520221d0240229c862b122d2b06c12a625732
2019-10-03 20:02:46,306 [main] INFO  handler.ContextHandler (ContextHandler.java:doStart(781)) - Started o.e.j.s.ServletContextHandler@119290b9{/logs,file:///workdir/hadoop-ozone/integration-test/target/log,AVAILABLE}
2019-10-03 20:02:46,307 [main] INFO  handler.ContextHandler (ContextHandler.java:doStart(781)) - Started o.e.j.s.ServletContextHandler@62cbc478{/static,jar:file:/home/user/.m2/repository/org/apache/hadoop/hadoop-hdds-container-service/0.5.0-SNAPSHOT/hadoop-hdds-container-service-0.5.0-SNAPSHOT.jar!/webapps/static,AVAILABLE}
2019-10-03 20:02:46,341 [main] INFO  handler.ContextHandler (ContextHandler.java:doStart(781)) - Started o.e.j.w.WebAppContext@de77146{/,file:///tmp/jetty-0.0.0.0-41732-hddsDatanode-_-any-6928918418291231117.dir/webapp/,AVAILABLE}{/hddsDatanode}
2019-10-03 20:02:46,341 [main] INFO  server.AbstractConnector (AbstractConnector.java:doStart(278)) - Started ServerConnector@691567ea{HTTP/1.1,[http/1.1]}{0.0.0.0:41732}
2019-10-03 20:02:46,342 [main] INFO  server.Server (Server.java:doStart(419)) - Started @244246ms
2019-10-03 20:02:46,343 [main] WARN  impl.MetricsSystemImpl (MetricsSystemImpl.java:register(276)) - Sink prometheus already exists!
2019-10-03 20:02:46,343 [main] INFO  server.BaseHttpServer (BaseHttpServer.java:updateConnectorAddress(215)) - HTTP server of HDDSDATANODE is listening at http://0.0.0.0:41732
2019-10-03 20:02:46,344 [main] INFO  impl.MetricsSystemImpl (MetricsSystemImpl.java:init(158)) - HddsDatanode metrics system started (again)
2019-10-03 20:02:46,347 [org.apache.hadoop.util.JvmPauseMonitor$Monitor@164b7560] INFO  util.JvmPauseMonitor (JvmPauseMonitor.java:run(188)) - Starting JVM pause monitor
2019-10-03 20:02:46,348 [main] INFO  ozone.HddsDatanodeService (HddsDatanodeService.java:start(184)) - HddsDatanodeService host:pr-hdds-2240-9gllg-3097873054 ip:192.168.164.206
2019-10-03 20:02:46,349 [Datanode State Machine Thread - 0] INFO  datanode.InitDatanodeState (InitDatanodeState.java:persistContainerDatanodeDetails(140)) - DatanodeDetails is persisted to /workdir/hadoop-ozone/integration-test/target/test-dir/MiniOzoneClusterImpl-4da3e29e-7197-414b-b066-3b2e861cdb23/datanode-0/meta/datanode.id
2019-10-03 20:02:46,353 [main] INFO  volume.HddsVolume (HddsVolume.java:<init>(176)) - Creating Volume: /workdir/hadoop-ozone/integration-test/target/test-dir/MiniOzoneClusterImpl-4da3e29e-7197-414b-b066-3b2e861cdb23/datanode-1/data/containers/hdds of  storage type : DISK and capacity : 1482555576320
2019-10-03 20:02:46,353 [main] INFO  volume.VolumeSet (VolumeSet.java:initializeVolumeSet(170)) - Added Volume : /workdir/hadoop-ozone/integration-test/target/test-dir/MiniOzoneClusterImpl-4da3e29e-7197-414b-b066-3b2e861cdb23/datanode-1/data/containers/hdds to VolumeSet
2019-10-03 20:02:46,353 [main] INFO  volume.ThrottledAsyncChecker (ThrottledAsyncChecker.java:schedule(139)) - Scheduling a check for org.apache.hadoop.ozone.container.common.volume.HddsVolume@8b13d91
2019-10-03 20:02:46,354 [main] INFO  volume.HddsVolumeChecker (HddsVolumeChecker.java:checkAllVolumes(202)) - Scheduled health check for volume org.apache.hadoop.ozone.container.common.volume.HddsVolume@8b13d91
2019-10-03 20:02:46,365 [main] INFO  impl.RaftServerProxy (ConfUtils.java:logGet(43)) - raft.rpc.type = GRPC (default)
2019-10-03 20:02:46,366 [main] INFO  grpc.GrpcFactory (GrpcFactory.java:checkPooledByteBufAllocatorUseCacheForAllThreads(45)) - PERFORMANCE WARNING: useCacheForAllThreads is true that may cause Netty to create a lot garbage objects and, as a result, trigger GC.
	It is recommended to disable useCacheForAllThreads by setting -Dorg.apache.ratis.thirdparty.io.netty.allocator.useCacheForAllThreads=false in command line.
2019-10-03 20:02:46,366 [main] INFO  grpc.GrpcConfigKeys$Server (ConfUtils.java:logGet(43)) - raft.grpc.server.port = 0 (default)
2019-10-03 20:02:46,366 [main] INFO  server.GrpcService (ConfUtils.java:logGet(43)) - raft.grpc.message.size.max = 33570816 (custom)
2019-10-03 20:02:46,366 [main] INFO  server.RaftServerConfigKeys (ConfUtils.java:logGet(43)) - raft.server.log.appender.buffer.byte-limit = 33554432 (custom)
2019-10-03 20:02:46,366 [main] INFO  server.GrpcService (ConfUtils.java:logGet(43)) - raft.grpc.flow.control.window = 1MB (=1048576) (default)
2019-10-03 20:02:46,366 [main] INFO  server.RaftServerConfigKeys (ConfUtils.java:logGet(43)) - raft.server.rpc.request.timeout = 3000ms (default)
2019-10-03 20:02:46,367 [main] INFO  server.RaftServerConfigKeys (ConfUtils.java:logGet(43)) - raft.server.storage.dir = [/workdir/hadoop-ozone/integration-test/target/test-dir/MiniOzoneClusterImpl-4da3e29e-7197-414b-b066-3b2e861cdb23/datanode-1/data/ratis] (custom)
2019-10-03 20:02:46,368 [main] INFO  hdfs.DFSUtil (DFSUtil.java:httpServerTemplateForNNAndJN(1641)) - Starting Web-server for hddsDatanode at: http://0.0.0.0:0
2019-10-03 20:02:46,369 [main] INFO  server.AuthenticationFilter (AuthenticationFilter.java:constructSecretProvider(240)) - Unable to initialize FileSignerSecretProvider, falling back to use random secrets.
2019-10-03 20:02:46,370 [main] WARN  http.HttpRequestLog (HttpRequestLog.java:getRequestLog(97)) - Jetty request log can only be enabled using Log4j
2019-10-03 20:02:46,371 [main] INFO  http.HttpServer2 (HttpServer2.java:addGlobalFilter(975)) - Added global filter 'safety' (class=org.apache.hadoop.http.HttpServer2$QuotingInputFilter)
2019-10-03 20:02:46,371 [main] INFO  http.HttpServer2 (HttpServer2.java:addFilter(948)) - Added filter static_user_filter (class=org.apache.hadoop.http.lib.StaticUserWebFilter$StaticUserFilter) to context hddsDatanode
2019-10-03 20:02:46,371 [main] INFO  http.HttpServer2 (HttpServer2.java:addFilter(958)) - Added filter static_user_filter (class=org.apache.hadoop.http.lib.StaticUserWebFilter$StaticUserFilter) to context logs
2019-10-03 20:02:46,372 [main] INFO  http.HttpServer2 (HttpServer2.java:addFilter(958)) - Added filter static_user_filter (class=org.apache.hadoop.http.lib.StaticUserWebFilter$StaticUserFilter) to context static
2019-10-03 20:02:46,372 [main] INFO  http.HttpServer2 (HttpServer2.java:bindListener(1191)) - Jetty bound to port 44653
2019-10-03 20:02:46,372 [main] INFO  server.Server (Server.java:doStart(351)) - jetty-9.3.25.v20180904, build timestamp: 2018-09-04T21:11:46Z, git hash: 3ce520221d0240229c862b122d2b06c12a625732
2019-10-03 20:02:46,374 [main] INFO  handler.ContextHandler (ContextHandler.java:doStart(781)) - Started o.e.j.s.ServletContextHandler@2f2e4bde{/logs,file:///workdir/hadoop-ozone/integration-test/target/log,AVAILABLE}
2019-10-03 20:02:46,374 [main] INFO  handler.ContextHandler (ContextHandler.java:doStart(781)) - Started o.e.j.s.ServletContextHandler@538a2f0e{/static,jar:file:/home/user/.m2/repository/org/apache/hadoop/hadoop-hdds-container-service/0.5.0-SNAPSHOT/hadoop-hdds-container-service-0.5.0-SNAPSHOT.jar!/webapps/static,AVAILABLE}
2019-10-03 20:02:46,402 [main] INFO  handler.ContextHandler (ContextHandler.java:doStart(781)) - Started o.e.j.w.WebAppContext@37c7766e{/,file:///tmp/jetty-0.0.0.0-44653-hddsDatanode-_-any-8946452394535141322.dir/webapp/,AVAILABLE}{/hddsDatanode}
2019-10-03 20:02:46,402 [main] INFO  server.AbstractConnector (AbstractConnector.java:doStart(278)) - Started ServerConnector@3fb450d7{HTTP/1.1,[http/1.1]}{0.0.0.0:44653}
2019-10-03 20:02:46,403 [main] INFO  server.Server (Server.java:doStart(419)) - Started @244307ms
2019-10-03 20:02:46,404 [main] WARN  impl.MetricsSystemImpl (MetricsSystemImpl.java:register(276)) - Sink prometheus already exists!
2019-10-03 20:02:46,404 [main] INFO  server.BaseHttpServer (BaseHttpServer.java:updateConnectorAddress(215)) - HTTP server of HDDSDATANODE is listening at http://0.0.0.0:44653
2019-10-03 20:02:46,405 [main] INFO  impl.MetricsSystemImpl (MetricsSystemImpl.java:init(158)) - HddsDatanode metrics system started (again)
2019-10-03 20:02:46,409 [org.apache.hadoop.util.JvmPauseMonitor$Monitor@4e722a7d] INFO  util.JvmPauseMonitor (JvmPauseMonitor.java:run(188)) - Starting JVM pause monitor
2019-10-03 20:02:46,410 [main] INFO  ozone.HddsDatanodeService (HddsDatanodeService.java:start(184)) - HddsDatanodeService host:pr-hdds-2240-9gllg-3097873054 ip:192.168.164.206
2019-10-03 20:02:46,415 [main] INFO  volume.HddsVolume (HddsVolume.java:<init>(176)) - Creating Volume: /workdir/hadoop-ozone/integration-test/target/test-dir/MiniOzoneClusterImpl-4da3e29e-7197-414b-b066-3b2e861cdb23/datanode-2/data/containers/hdds of  storage type : DISK and capacity : 1482555576320
2019-10-03 20:02:46,417 [main] INFO  volume.VolumeSet (VolumeSet.java:initializeVolumeSet(170)) - Added Volume : /workdir/hadoop-ozone/integration-test/target/test-dir/MiniOzoneClusterImpl-4da3e29e-7197-414b-b066-3b2e861cdb23/datanode-2/data/containers/hdds to VolumeSet
2019-10-03 20:02:46,417 [main] INFO  volume.ThrottledAsyncChecker (ThrottledAsyncChecker.java:schedule(139)) - Scheduling a check for org.apache.hadoop.ozone.container.common.volume.HddsVolume@69a40b3c
2019-10-03 20:02:46,418 [Datanode State Machine Thread - 0] INFO  datanode.InitDatanodeState (InitDatanodeState.java:persistContainerDatanodeDetails(140)) - DatanodeDetails is persisted to /workdir/hadoop-ozone/integration-test/target/test-dir/MiniOzoneClusterImpl-4da3e29e-7197-414b-b066-3b2e861cdb23/datanode-1/meta/datanode.id
2019-10-03 20:02:46,418 [main] INFO  volume.HddsVolumeChecker (HddsVolumeChecker.java:checkAllVolumes(202)) - Scheduled health check for volume org.apache.hadoop.ozone.container.common.volume.HddsVolume@69a40b3c
2019-10-03 20:02:46,435 [main] INFO  impl.RaftServerProxy (ConfUtils.java:logGet(43)) - raft.rpc.type = GRPC (default)
2019-10-03 20:02:46,435 [main] INFO  grpc.GrpcFactory (GrpcFactory.java:checkPooledByteBufAllocatorUseCacheForAllThreads(45)) - PERFORMANCE WARNING: useCacheForAllThreads is true that may cause Netty to create a lot garbage objects and, as a result, trigger GC.
	It is recommended to disable useCacheForAllThreads by setting -Dorg.apache.ratis.thirdparty.io.netty.allocator.useCacheForAllThreads=false in command line.
2019-10-03 20:02:46,435 [main] INFO  grpc.GrpcConfigKeys$Server (ConfUtils.java:logGet(43)) - raft.grpc.server.port = 0 (default)
2019-10-03 20:02:46,435 [main] INFO  server.GrpcService (ConfUtils.java:logGet(43)) - raft.grpc.message.size.max = 33570816 (custom)
2019-10-03 20:02:46,436 [main] INFO  server.RaftServerConfigKeys (ConfUtils.java:logGet(43)) - raft.server.log.appender.buffer.byte-limit = 33554432 (custom)
2019-10-03 20:02:46,436 [main] INFO  server.GrpcService (ConfUtils.java:logGet(43)) - raft.grpc.flow.control.window = 1MB (=1048576) (default)
2019-10-03 20:02:46,436 [main] INFO  server.RaftServerConfigKeys (ConfUtils.java:logGet(43)) - raft.server.rpc.request.timeout = 3000ms (default)
2019-10-03 20:02:46,437 [main] INFO  server.RaftServerConfigKeys (ConfUtils.java:logGet(43)) - raft.server.storage.dir = [/workdir/hadoop-ozone/integration-test/target/test-dir/MiniOzoneClusterImpl-4da3e29e-7197-414b-b066-3b2e861cdb23/datanode-2/data/ratis] (custom)
2019-10-03 20:02:46,438 [main] INFO  hdfs.DFSUtil (DFSUtil.java:httpServerTemplateForNNAndJN(1641)) - Starting Web-server for hddsDatanode at: http://0.0.0.0:0
2019-10-03 20:02:46,439 [main] INFO  server.AuthenticationFilter (AuthenticationFilter.java:constructSecretProvider(240)) - Unable to initialize FileSignerSecretProvider, falling back to use random secrets.
2019-10-03 20:02:46,440 [main] WARN  http.HttpRequestLog (HttpRequestLog.java:getRequestLog(97)) - Jetty request log can only be enabled using Log4j
2019-10-03 20:02:46,441 [main] INFO  http.HttpServer2 (HttpServer2.java:addGlobalFilter(975)) - Added global filter 'safety' (class=org.apache.hadoop.http.HttpServer2$QuotingInputFilter)
2019-10-03 20:02:46,441 [main] INFO  http.HttpServer2 (HttpServer2.java:addFilter(948)) - Added filter static_user_filter (class=org.apache.hadoop.http.lib.StaticUserWebFilter$StaticUserFilter) to context hddsDatanode
2019-10-03 20:02:46,442 [main] INFO  http.HttpServer2 (HttpServer2.java:addFilter(958)) - Added filter static_user_filter (class=org.apache.hadoop.http.lib.StaticUserWebFilter$StaticUserFilter) to context logs
2019-10-03 20:02:46,442 [main] INFO  http.HttpServer2 (HttpServer2.java:addFilter(958)) - Added filter static_user_filter (class=org.apache.hadoop.http.lib.StaticUserWebFilter$StaticUserFilter) to context static
2019-10-03 20:02:46,442 [main] INFO  http.HttpServer2 (HttpServer2.java:bindListener(1191)) - Jetty bound to port 35770
2019-10-03 20:02:46,443 [main] INFO  server.Server (Server.java:doStart(351)) - jetty-9.3.25.v20180904, build timestamp: 2018-09-04T21:11:46Z, git hash: 3ce520221d0240229c862b122d2b06c12a625732
2019-10-03 20:02:46,444 [main] INFO  handler.ContextHandler (ContextHandler.java:doStart(781)) - Started o.e.j.s.ServletContextHandler@37d28938{/logs,file:///workdir/hadoop-ozone/integration-test/target/log,AVAILABLE}
2019-10-03 20:02:46,444 [main] INFO  handler.ContextHandler (ContextHandler.java:doStart(781)) - Started o.e.j.s.ServletContextHandler@17c4dc5b{/static,jar:file:/home/user/.m2/repository/org/apache/hadoop/hadoop-hdds-container-service/0.5.0-SNAPSHOT/hadoop-hdds-container-service-0.5.0-SNAPSHOT.jar!/webapps/static,AVAILABLE}
2019-10-03 20:02:46,473 [main] INFO  handler.ContextHandler (ContextHandler.java:doStart(781)) - Started o.e.j.w.WebAppContext@231cdda8{/,file:///tmp/jetty-0.0.0.0-35770-hddsDatanode-_-any-2140711104166806317.dir/webapp/,AVAILABLE}{/hddsDatanode}
2019-10-03 20:02:46,474 [main] INFO  server.AbstractConnector (AbstractConnector.java:doStart(278)) - Started ServerConnector@6b70d1fb{HTTP/1.1,[http/1.1]}{0.0.0.0:35770}
2019-10-03 20:02:46,475 [main] INFO  server.Server (Server.java:doStart(419)) - Started @244378ms
2019-10-03 20:02:46,475 [main] WARN  impl.MetricsSystemImpl (MetricsSystemImpl.java:register(276)) - Sink prometheus already exists!
2019-10-03 20:02:46,476 [main] INFO  server.BaseHttpServer (BaseHttpServer.java:updateConnectorAddress(215)) - HTTP server of HDDSDATANODE is listening at http://0.0.0.0:35770
2019-10-03 20:02:46,476 [main] INFO  impl.MetricsSystemImpl (MetricsSystemImpl.java:init(158)) - HddsDatanode metrics system started (again)
2019-10-03 20:02:46,480 [org.apache.hadoop.util.JvmPauseMonitor$Monitor@114dd82e] INFO  util.JvmPauseMonitor (JvmPauseMonitor.java:run(188)) - Starting JVM pause monitor
2019-10-03 20:02:46,481 [main] INFO  ozone.HddsDatanodeService (HddsDatanodeService.java:start(184)) - HddsDatanodeService host:pr-hdds-2240-9gllg-3097873054 ip:192.168.164.206
2019-10-03 20:02:46,481 [Datanode State Machine Thread - 0] INFO  datanode.InitDatanodeState (InitDatanodeState.java:persistContainerDatanodeDetails(140)) - DatanodeDetails is persisted to /workdir/hadoop-ozone/integration-test/target/test-dir/MiniOzoneClusterImpl-4da3e29e-7197-414b-b066-3b2e861cdb23/datanode-2/meta/datanode.id
2019-10-03 20:02:46,487 [main] INFO  volume.HddsVolume (HddsVolume.java:<init>(176)) - Creating Volume: /workdir/hadoop-ozone/integration-test/target/test-dir/MiniOzoneClusterImpl-4da3e29e-7197-414b-b066-3b2e861cdb23/datanode-3/data/containers/hdds of  storage type : DISK and capacity : 1482555576320
2019-10-03 20:02:46,487 [main] INFO  volume.VolumeSet (VolumeSet.java:initializeVolumeSet(170)) - Added Volume : /workdir/hadoop-ozone/integration-test/target/test-dir/MiniOzoneClusterImpl-4da3e29e-7197-414b-b066-3b2e861cdb23/datanode-3/data/containers/hdds to VolumeSet
2019-10-03 20:02:46,487 [main] INFO  volume.ThrottledAsyncChecker (ThrottledAsyncChecker.java:schedule(139)) - Scheduling a check for org.apache.hadoop.ozone.container.common.volume.HddsVolume@7d59e968
2019-10-03 20:02:46,487 [main] INFO  volume.HddsVolumeChecker (HddsVolumeChecker.java:checkAllVolumes(202)) - Scheduled health check for volume org.apache.hadoop.ozone.container.common.volume.HddsVolume@7d59e968
2019-10-03 20:02:46,502 [main] INFO  impl.RaftServerProxy (ConfUtils.java:logGet(43)) - raft.rpc.type = GRPC (default)
2019-10-03 20:02:46,502 [main] INFO  grpc.GrpcFactory (GrpcFactory.java:checkPooledByteBufAllocatorUseCacheForAllThreads(45)) - PERFORMANCE WARNING: useCacheForAllThreads is true that may cause Netty to create a lot garbage objects and, as a result, trigger GC.
	It is recommended to disable useCacheForAllThreads by setting -Dorg.apache.ratis.thirdparty.io.netty.allocator.useCacheForAllThreads=false in command line.
2019-10-03 20:02:46,503 [main] INFO  grpc.GrpcConfigKeys$Server (ConfUtils.java:logGet(43)) - raft.grpc.server.port = 0 (default)
2019-10-03 20:02:46,503 [main] INFO  server.GrpcService (ConfUtils.java:logGet(43)) - raft.grpc.message.size.max = 33570816 (custom)
2019-10-03 20:02:46,503 [main] INFO  server.RaftServerConfigKeys (ConfUtils.java:logGet(43)) - raft.server.log.appender.buffer.byte-limit = 33554432 (custom)
2019-10-03 20:02:46,504 [main] INFO  server.GrpcService (ConfUtils.java:logGet(43)) - raft.grpc.flow.control.window = 1MB (=1048576) (default)
2019-10-03 20:02:46,504 [main] INFO  server.RaftServerConfigKeys (ConfUtils.java:logGet(43)) - raft.server.rpc.request.timeout = 3000ms (default)
2019-10-03 20:02:46,505 [main] INFO  server.RaftServerConfigKeys (ConfUtils.java:logGet(43)) - raft.server.storage.dir = [/workdir/hadoop-ozone/integration-test/target/test-dir/MiniOzoneClusterImpl-4da3e29e-7197-414b-b066-3b2e861cdb23/datanode-3/data/ratis] (custom)
2019-10-03 20:02:46,506 [main] INFO  hdfs.DFSUtil (DFSUtil.java:httpServerTemplateForNNAndJN(1641)) - Starting Web-server for hddsDatanode at: http://0.0.0.0:0
2019-10-03 20:02:46,508 [main] INFO  server.AuthenticationFilter (AuthenticationFilter.java:constructSecretProvider(240)) - Unable to initialize FileSignerSecretProvider, falling back to use random secrets.
2019-10-03 20:02:46,509 [main] WARN  http.HttpRequestLog (HttpRequestLog.java:getRequestLog(97)) - Jetty request log can only be enabled using Log4j
2019-10-03 20:02:46,510 [main] INFO  http.HttpServer2 (HttpServer2.java:addGlobalFilter(975)) - Added global filter 'safety' (class=org.apache.hadoop.http.HttpServer2$QuotingInputFilter)
2019-10-03 20:02:46,511 [main] INFO  http.HttpServer2 (HttpServer2.java:addFilter(948)) - Added filter static_user_filter (class=org.apache.hadoop.http.lib.StaticUserWebFilter$StaticUserFilter) to context hddsDatanode
2019-10-03 20:02:46,511 [main] INFO  http.HttpServer2 (HttpServer2.java:addFilter(958)) - Added filter static_user_filter (class=org.apache.hadoop.http.lib.StaticUserWebFilter$StaticUserFilter) to context static
2019-10-03 20:02:46,511 [main] INFO  http.HttpServer2 (HttpServer2.java:addFilter(958)) - Added filter static_user_filter (class=org.apache.hadoop.http.lib.StaticUserWebFilter$StaticUserFilter) to context logs
2019-10-03 20:02:46,512 [main] INFO  http.HttpServer2 (HttpServer2.java:bindListener(1191)) - Jetty bound to port 33125
2019-10-03 20:02:46,512 [main] INFO  server.Server (Server.java:doStart(351)) - jetty-9.3.25.v20180904, build timestamp: 2018-09-04T21:11:46Z, git hash: 3ce520221d0240229c862b122d2b06c12a625732
2019-10-03 20:02:46,513 [main] INFO  handler.ContextHandler (ContextHandler.java:doStart(781)) - Started o.e.j.s.ServletContextHandler@19b5214b{/logs,file:///workdir/hadoop-ozone/integration-test/target/log,AVAILABLE}
2019-10-03 20:02:46,514 [main] INFO  handler.ContextHandler (ContextHandler.java:doStart(781)) - Started o.e.j.s.ServletContextHandler@4aaecabd{/static,jar:file:/home/user/.m2/repository/org/apache/hadoop/hadoop-hdds-container-service/0.5.0-SNAPSHOT/hadoop-hdds-container-service-0.5.0-SNAPSHOT.jar!/webapps/static,AVAILABLE}
2019-10-03 20:02:46,552 [main] INFO  handler.ContextHandler (ContextHandler.java:doStart(781)) - Started o.e.j.w.WebAppContext@29bbc391{/,file:///tmp/jetty-0.0.0.0-33125-hddsDatanode-_-any-6954442206881174711.dir/webapp/,AVAILABLE}{/hddsDatanode}
2019-10-03 20:02:46,552 [main] INFO  server.AbstractConnector (AbstractConnector.java:doStart(278)) - Started ServerConnector@3487442d{HTTP/1.1,[http/1.1]}{0.0.0.0:33125}
2019-10-03 20:02:46,553 [main] INFO  server.Server (Server.java:doStart(419)) - Started @244457ms
2019-10-03 20:02:46,554 [main] WARN  impl.MetricsSystemImpl (MetricsSystemImpl.java:register(276)) - Sink prometheus already exists!
2019-10-03 20:02:46,554 [main] INFO  server.BaseHttpServer (BaseHttpServer.java:updateConnectorAddress(215)) - HTTP server of HDDSDATANODE is listening at http://0.0.0.0:33125
2019-10-03 20:02:46,555 [main] INFO  impl.MetricsSystemImpl (MetricsSystemImpl.java:init(158)) - HddsDatanode metrics system started (again)
2019-10-03 20:02:46,559 [org.apache.hadoop.util.JvmPauseMonitor$Monitor@6bbecb6d] INFO  util.JvmPauseMonitor (JvmPauseMonitor.java:run(188)) - Starting JVM pause monitor
2019-10-03 20:02:46,560 [main] INFO  ozone.HddsDatanodeService (HddsDatanodeService.java:start(184)) - HddsDatanodeService host:pr-hdds-2240-9gllg-3097873054 ip:192.168.164.206
2019-10-03 20:02:46,573 [main] INFO  volume.HddsVolume (HddsVolume.java:<init>(176)) - Creating Volume: /workdir/hadoop-ozone/integration-test/target/test-dir/MiniOzoneClusterImpl-4da3e29e-7197-414b-b066-3b2e861cdb23/datanode-4/data/containers/hdds of  storage type : DISK and capacity : 1482555576320
2019-10-03 20:02:46,574 [Datanode State Machine Thread - 0] INFO  datanode.InitDatanodeState (InitDatanodeState.java:persistContainerDatanodeDetails(140)) - DatanodeDetails is persisted to /workdir/hadoop-ozone/integration-test/target/test-dir/MiniOzoneClusterImpl-4da3e29e-7197-414b-b066-3b2e861cdb23/datanode-3/meta/datanode.id
2019-10-03 20:02:46,574 [main] INFO  volume.VolumeSet (VolumeSet.java:initializeVolumeSet(170)) - Added Volume : /workdir/hadoop-ozone/integration-test/target/test-dir/MiniOzoneClusterImpl-4da3e29e-7197-414b-b066-3b2e861cdb23/datanode-4/data/containers/hdds to VolumeSet
2019-10-03 20:02:46,574 [main] INFO  volume.ThrottledAsyncChecker (ThrottledAsyncChecker.java:schedule(139)) - Scheduling a check for org.apache.hadoop.ozone.container.common.volume.HddsVolume@5b8853
2019-10-03 20:02:46,576 [main] INFO  volume.HddsVolumeChecker (HddsVolumeChecker.java:checkAllVolumes(202)) - Scheduled health check for volume org.apache.hadoop.ozone.container.common.volume.HddsVolume@5b8853
2019-10-03 20:02:46,590 [main] INFO  impl.RaftServerProxy (ConfUtils.java:logGet(43)) - raft.rpc.type = GRPC (default)
2019-10-03 20:02:46,591 [main] INFO  grpc.GrpcFactory (GrpcFactory.java:checkPooledByteBufAllocatorUseCacheForAllThreads(45)) - PERFORMANCE WARNING: useCacheForAllThreads is true that may cause Netty to create a lot garbage objects and, as a result, trigger GC.
	It is recommended to disable useCacheForAllThreads by setting -Dorg.apache.ratis.thirdparty.io.netty.allocator.useCacheForAllThreads=false in command line.
2019-10-03 20:02:46,591 [main] INFO  grpc.GrpcConfigKeys$Server (ConfUtils.java:logGet(43)) - raft.grpc.server.port = 0 (default)
2019-10-03 20:02:46,591 [main] INFO  server.GrpcService (ConfUtils.java:logGet(43)) - raft.grpc.message.size.max = 33570816 (custom)
2019-10-03 20:02:46,592 [main] INFO  server.RaftServerConfigKeys (ConfUtils.java:logGet(43)) - raft.server.log.appender.buffer.byte-limit = 33554432 (custom)
2019-10-03 20:02:46,592 [main] INFO  server.GrpcService (ConfUtils.java:logGet(43)) - raft.grpc.flow.control.window = 1MB (=1048576) (default)
2019-10-03 20:02:46,592 [main] INFO  server.RaftServerConfigKeys (ConfUtils.java:logGet(43)) - raft.server.rpc.request.timeout = 3000ms (default)
2019-10-03 20:02:46,593 [main] INFO  server.RaftServerConfigKeys (ConfUtils.java:logGet(43)) - raft.server.storage.dir = [/workdir/hadoop-ozone/integration-test/target/test-dir/MiniOzoneClusterImpl-4da3e29e-7197-414b-b066-3b2e861cdb23/datanode-4/data/ratis] (custom)
2019-10-03 20:02:46,594 [main] INFO  hdfs.DFSUtil (DFSUtil.java:httpServerTemplateForNNAndJN(1641)) - Starting Web-server for hddsDatanode at: http://0.0.0.0:0
2019-10-03 20:02:46,595 [main] INFO  server.AuthenticationFilter (AuthenticationFilter.java:constructSecretProvider(240)) - Unable to initialize FileSignerSecretProvider, falling back to use random secrets.
2019-10-03 20:02:46,596 [main] WARN  http.HttpRequestLog (HttpRequestLog.java:getRequestLog(97)) - Jetty request log can only be enabled using Log4j
2019-10-03 20:02:46,597 [main] INFO  http.HttpServer2 (HttpServer2.java:addGlobalFilter(975)) - Added global filter 'safety' (class=org.apache.hadoop.http.HttpServer2$QuotingInputFilter)
2019-10-03 20:02:46,597 [main] INFO  http.HttpServer2 (HttpServer2.java:addFilter(948)) - Added filter static_user_filter (class=org.apache.hadoop.http.lib.StaticUserWebFilter$StaticUserFilter) to context hddsDatanode
2019-10-03 20:02:46,598 [main] INFO  http.HttpServer2 (HttpServer2.java:addFilter(958)) - Added filter static_user_filter (class=org.apache.hadoop.http.lib.StaticUserWebFilter$StaticUserFilter) to context static
2019-10-03 20:02:46,598 [main] INFO  http.HttpServer2 (HttpServer2.java:addFilter(958)) - Added filter static_user_filter (class=org.apache.hadoop.http.lib.StaticUserWebFilter$StaticUserFilter) to context logs
2019-10-03 20:02:46,598 [main] INFO  http.HttpServer2 (HttpServer2.java:bindListener(1191)) - Jetty bound to port 34937
2019-10-03 20:02:46,598 [main] INFO  server.Server (Server.java:doStart(351)) - jetty-9.3.25.v20180904, build timestamp: 2018-09-04T21:11:46Z, git hash: 3ce520221d0240229c862b122d2b06c12a625732
2019-10-03 20:02:46,600 [main] INFO  handler.ContextHandler (ContextHandler.java:doStart(781)) - Started o.e.j.s.ServletContextHandler@5bfc79cb{/logs,file:///workdir/hadoop-ozone/integration-test/target/log,AVAILABLE}
2019-10-03 20:02:46,600 [main] INFO  handler.ContextHandler (ContextHandler.java:doStart(781)) - Started o.e.j.s.ServletContextHandler@3bbf1c0d{/static,jar:file:/home/user/.m2/repository/org/apache/hadoop/hadoop-hdds-container-service/0.5.0-SNAPSHOT/hadoop-hdds-container-service-0.5.0-SNAPSHOT.jar!/webapps/static,AVAILABLE}
2019-10-03 20:02:46,630 [main] INFO  handler.ContextHandler (ContextHandler.java:doStart(781)) - Started o.e.j.w.WebAppContext@539c4830{/,file:///tmp/jetty-0.0.0.0-34937-hddsDatanode-_-any-3956316645459537991.dir/webapp/,AVAILABLE}{/hddsDatanode}
2019-10-03 20:02:46,631 [main] INFO  server.AbstractConnector (AbstractConnector.java:doStart(278)) - Started ServerConnector@6f1fa1d0{HTTP/1.1,[http/1.1]}{0.0.0.0:34937}
2019-10-03 20:02:46,632 [main] INFO  server.Server (Server.java:doStart(419)) - Started @244536ms
2019-10-03 20:02:46,632 [main] WARN  impl.MetricsSystemImpl (MetricsSystemImpl.java:register(276)) - Sink prometheus already exists!
2019-10-03 20:02:46,633 [main] INFO  server.BaseHttpServer (BaseHttpServer.java:updateConnectorAddress(215)) - HTTP server of HDDSDATANODE is listening at http://0.0.0.0:34937
2019-10-03 20:02:46,634 [main] INFO  impl.MetricsSystemImpl (MetricsSystemImpl.java:init(158)) - HddsDatanode metrics system started (again)
2019-10-03 20:02:46,639 [org.apache.hadoop.util.JvmPauseMonitor$Monitor@a1d8861] INFO  util.JvmPauseMonitor (JvmPauseMonitor.java:run(188)) - Starting JVM pause monitor
2019-10-03 20:02:46,640 [main] INFO  ozone.HddsDatanodeService (HddsDatanodeService.java:start(184)) - HddsDatanodeService host:pr-hdds-2240-9gllg-3097873054 ip:192.168.164.206
2019-10-03 20:02:46,640 [Datanode State Machine Thread - 0] INFO  datanode.InitDatanodeState (InitDatanodeState.java:persistContainerDatanodeDetails(140)) - DatanodeDetails is persisted to /workdir/hadoop-ozone/integration-test/target/test-dir/MiniOzoneClusterImpl-4da3e29e-7197-414b-b066-3b2e861cdb23/datanode-4/meta/datanode.id
2019-10-03 20:02:46,646 [main] INFO  volume.HddsVolume (HddsVolume.java:<init>(176)) - Creating Volume: /workdir/hadoop-ozone/integration-test/target/test-dir/MiniOzoneClusterImpl-4da3e29e-7197-414b-b066-3b2e861cdb23/datanode-5/data/containers/hdds of  storage type : DISK and capacity : 1482555576320
2019-10-03 20:02:46,647 [main] INFO  volume.VolumeSet (VolumeSet.java:initializeVolumeSet(170)) - Added Volume : /workdir/hadoop-ozone/integration-test/target/test-dir/MiniOzoneClusterImpl-4da3e29e-7197-414b-b066-3b2e861cdb23/datanode-5/data/containers/hdds to VolumeSet
2019-10-03 20:02:46,647 [main] INFO  volume.ThrottledAsyncChecker (ThrottledAsyncChecker.java:schedule(139)) - Scheduling a check for org.apache.hadoop.ozone.container.common.volume.HddsVolume@36478bce
2019-10-03 20:02:46,648 [main] INFO  volume.HddsVolumeChecker (HddsVolumeChecker.java:checkAllVolumes(202)) - Scheduled health check for volume org.apache.hadoop.ozone.container.common.volume.HddsVolume@36478bce
2019-10-03 20:02:46,661 [main] INFO  impl.RaftServerProxy (ConfUtils.java:logGet(43)) - raft.rpc.type = GRPC (default)
2019-10-03 20:02:46,661 [main] INFO  grpc.GrpcFactory (GrpcFactory.java:checkPooledByteBufAllocatorUseCacheForAllThreads(45)) - PERFORMANCE WARNING: useCacheForAllThreads is true that may cause Netty to create a lot garbage objects and, as a result, trigger GC.
	It is recommended to disable useCacheForAllThreads by setting -Dorg.apache.ratis.thirdparty.io.netty.allocator.useCacheForAllThreads=false in command line.
2019-10-03 20:02:46,661 [main] INFO  grpc.GrpcConfigKeys$Server (ConfUtils.java:logGet(43)) - raft.grpc.server.port = 0 (default)
2019-10-03 20:02:46,661 [main] INFO  server.GrpcService (ConfUtils.java:logGet(43)) - raft.grpc.message.size.max = 33570816 (custom)
2019-10-03 20:02:46,662 [main] INFO  server.RaftServerConfigKeys (ConfUtils.java:logGet(43)) - raft.server.log.appender.buffer.byte-limit = 33554432 (custom)
2019-10-03 20:02:46,662 [main] INFO  server.GrpcService (ConfUtils.java:logGet(43)) - raft.grpc.flow.control.window = 1MB (=1048576) (default)
2019-10-03 20:02:46,662 [main] INFO  server.RaftServerConfigKeys (ConfUtils.java:logGet(43)) - raft.server.rpc.request.timeout = 3000ms (default)
2019-10-03 20:02:46,662 [main] INFO  server.RaftServerConfigKeys (ConfUtils.java:logGet(43)) - raft.server.storage.dir = [/workdir/hadoop-ozone/integration-test/target/test-dir/MiniOzoneClusterImpl-4da3e29e-7197-414b-b066-3b2e861cdb23/datanode-5/data/ratis] (custom)
2019-10-03 20:02:46,664 [main] INFO  hdfs.DFSUtil (DFSUtil.java:httpServerTemplateForNNAndJN(1641)) - Starting Web-server for hddsDatanode at: http://0.0.0.0:0
2019-10-03 20:02:46,665 [main] INFO  server.AuthenticationFilter (AuthenticationFilter.java:constructSecretProvider(240)) - Unable to initialize FileSignerSecretProvider, falling back to use random secrets.
2019-10-03 20:02:46,666 [main] WARN  http.HttpRequestLog (HttpRequestLog.java:getRequestLog(97)) - Jetty request log can only be enabled using Log4j
2019-10-03 20:02:46,667 [main] INFO  http.HttpServer2 (HttpServer2.java:addGlobalFilter(975)) - Added global filter 'safety' (class=org.apache.hadoop.http.HttpServer2$QuotingInputFilter)
2019-10-03 20:02:46,667 [main] INFO  http.HttpServer2 (HttpServer2.java:addFilter(948)) - Added filter static_user_filter (class=org.apache.hadoop.http.lib.StaticUserWebFilter$StaticUserFilter) to context hddsDatanode
2019-10-03 20:02:46,667 [main] INFO  http.HttpServer2 (HttpServer2.java:addFilter(958)) - Added filter static_user_filter (class=org.apache.hadoop.http.lib.StaticUserWebFilter$StaticUserFilter) to context logs
2019-10-03 20:02:46,667 [main] INFO  http.HttpServer2 (HttpServer2.java:addFilter(958)) - Added filter static_user_filter (class=org.apache.hadoop.http.lib.StaticUserWebFilter$StaticUserFilter) to context static
2019-10-03 20:02:46,668 [main] INFO  http.HttpServer2 (HttpServer2.java:bindListener(1191)) - Jetty bound to port 33860
2019-10-03 20:02:46,668 [main] INFO  server.Server (Server.java:doStart(351)) - jetty-9.3.25.v20180904, build timestamp: 2018-09-04T21:11:46Z, git hash: 3ce520221d0240229c862b122d2b06c12a625732
2019-10-03 20:02:46,670 [main] INFO  handler.ContextHandler (ContextHandler.java:doStart(781)) - Started o.e.j.s.ServletContextHandler@2c48cede{/logs,file:///workdir/hadoop-ozone/integration-test/target/log,AVAILABLE}
2019-10-03 20:02:46,670 [main] INFO  handler.ContextHandler (ContextHandler.java:doStart(781)) - Started o.e.j.s.ServletContextHandler@47fcefb3{/static,jar:file:/home/user/.m2/repository/org/apache/hadoop/hadoop-hdds-container-service/0.5.0-SNAPSHOT/hadoop-hdds-container-service-0.5.0-SNAPSHOT.jar!/webapps/static,AVAILABLE}
2019-10-03 20:02:46,699 [main] INFO  handler.ContextHandler (ContextHandler.java:doStart(781)) - Started o.e.j.w.WebAppContext@3009eed7{/,file:///tmp/jetty-0.0.0.0-33860-hddsDatanode-_-any-2422796062494486408.dir/webapp/,AVAILABLE}{/hddsDatanode}
2019-10-03 20:02:46,700 [main] INFO  server.AbstractConnector (AbstractConnector.java:doStart(278)) - Started ServerConnector@2ee4706d{HTTP/1.1,[http/1.1]}{0.0.0.0:33860}
2019-10-03 20:02:46,701 [main] INFO  server.Server (Server.java:doStart(419)) - Started @244605ms
2019-10-03 20:02:46,701 [main] WARN  impl.MetricsSystemImpl (MetricsSystemImpl.java:register(276)) - Sink prometheus already exists!
2019-10-03 20:02:46,702 [main] INFO  server.BaseHttpServer (BaseHttpServer.java:updateConnectorAddress(215)) - HTTP server of HDDSDATANODE is listening at http://0.0.0.0:33860
2019-10-03 20:02:46,703 [main] INFO  impl.MetricsSystemImpl (MetricsSystemImpl.java:init(158)) - HddsDatanode metrics system started (again)
2019-10-03 20:02:46,708 [org.apache.hadoop.util.JvmPauseMonitor$Monitor@73c76757] INFO  util.JvmPauseMonitor (JvmPauseMonitor.java:run(188)) - Starting JVM pause monitor
2019-10-03 20:02:46,708 [main] INFO  ozone.HddsDatanodeService (HddsDatanodeService.java:start(184)) - HddsDatanodeService host:pr-hdds-2240-9gllg-3097873054 ip:192.168.164.206
2019-10-03 20:02:46,709 [Datanode State Machine Thread - 0] INFO  datanode.InitDatanodeState (InitDatanodeState.java:persistContainerDatanodeDetails(140)) - DatanodeDetails is persisted to /workdir/hadoop-ozone/integration-test/target/test-dir/MiniOzoneClusterImpl-4da3e29e-7197-414b-b066-3b2e861cdb23/datanode-5/meta/datanode.id
2019-10-03 20:02:46,716 [main] INFO  volume.HddsVolume (HddsVolume.java:<init>(176)) - Creating Volume: /workdir/hadoop-ozone/integration-test/target/test-dir/MiniOzoneClusterImpl-4da3e29e-7197-414b-b066-3b2e861cdb23/datanode-6/data/containers/hdds of  storage type : DISK and capacity : 1482555576320
2019-10-03 20:02:46,716 [main] INFO  volume.VolumeSet (VolumeSet.java:initializeVolumeSet(170)) - Added Volume : /workdir/hadoop-ozone/integration-test/target/test-dir/MiniOzoneClusterImpl-4da3e29e-7197-414b-b066-3b2e861cdb23/datanode-6/data/containers/hdds to VolumeSet
2019-10-03 20:02:46,717 [main] INFO  volume.ThrottledAsyncChecker (ThrottledAsyncChecker.java:schedule(139)) - Scheduling a check for org.apache.hadoop.ozone.container.common.volume.HddsVolume@7f4a1cac
2019-10-03 20:02:46,717 [main] INFO  volume.HddsVolumeChecker (HddsVolumeChecker.java:checkAllVolumes(202)) - Scheduled health check for volume org.apache.hadoop.ozone.container.common.volume.HddsVolume@7f4a1cac
2019-10-03 20:02:46,734 [main] INFO  impl.RaftServerProxy (ConfUtils.java:logGet(43)) - raft.rpc.type = GRPC (default)
2019-10-03 20:02:46,734 [main] INFO  grpc.GrpcFactory (GrpcFactory.java:checkPooledByteBufAllocatorUseCacheForAllThreads(45)) - PERFORMANCE WARNING: useCacheForAllThreads is true that may cause Netty to create a lot garbage objects and, as a result, trigger GC.
	It is recommended to disable useCacheForAllThreads by setting -Dorg.apache.ratis.thirdparty.io.netty.allocator.useCacheForAllThreads=false in command line.
2019-10-03 20:02:46,735 [main] INFO  grpc.GrpcConfigKeys$Server (ConfUtils.java:logGet(43)) - raft.grpc.server.port = 0 (default)
2019-10-03 20:02:46,735 [main] INFO  server.GrpcService (ConfUtils.java:logGet(43)) - raft.grpc.message.size.max = 33570816 (custom)
2019-10-03 20:02:46,735 [main] INFO  server.RaftServerConfigKeys (ConfUtils.java:logGet(43)) - raft.server.log.appender.buffer.byte-limit = 33554432 (custom)
2019-10-03 20:02:46,735 [main] INFO  server.GrpcService (ConfUtils.java:logGet(43)) - raft.grpc.flow.control.window = 1MB (=1048576) (default)
2019-10-03 20:02:46,735 [main] INFO  server.RaftServerConfigKeys (ConfUtils.java:logGet(43)) - raft.server.rpc.request.timeout = 3000ms (default)
2019-10-03 20:02:46,736 [main] INFO  server.RaftServerConfigKeys (ConfUtils.java:logGet(43)) - raft.server.storage.dir = [/workdir/hadoop-ozone/integration-test/target/test-dir/MiniOzoneClusterImpl-4da3e29e-7197-414b-b066-3b2e861cdb23/datanode-6/data/ratis] (custom)
2019-10-03 20:02:46,738 [main] INFO  hdfs.DFSUtil (DFSUtil.java:httpServerTemplateForNNAndJN(1641)) - Starting Web-server for hddsDatanode at: http://0.0.0.0:0
2019-10-03 20:02:46,739 [main] INFO  server.AuthenticationFilter (AuthenticationFilter.java:constructSecretProvider(240)) - Unable to initialize FileSignerSecretProvider, falling back to use random secrets.
2019-10-03 20:02:46,739 [main] WARN  http.HttpRequestLog (HttpRequestLog.java:getRequestLog(97)) - Jetty request log can only be enabled using Log4j
2019-10-03 20:02:46,740 [main] INFO  http.HttpServer2 (HttpServer2.java:addGlobalFilter(975)) - Added global filter 'safety' (class=org.apache.hadoop.http.HttpServer2$QuotingInputFilter)
2019-10-03 20:02:46,741 [main] INFO  http.HttpServer2 (HttpServer2.java:addFilter(948)) - Added filter static_user_filter (class=org.apache.hadoop.http.lib.StaticUserWebFilter$StaticUserFilter) to context hddsDatanode
2019-10-03 20:02:46,741 [main] INFO  http.HttpServer2 (HttpServer2.java:addFilter(958)) - Added filter static_user_filter (class=org.apache.hadoop.http.lib.StaticUserWebFilter$StaticUserFilter) to context static
2019-10-03 20:02:46,741 [main] INFO  http.HttpServer2 (HttpServer2.java:addFilter(958)) - Added filter static_user_filter (class=org.apache.hadoop.http.lib.StaticUserWebFilter$StaticUserFilter) to context logs
2019-10-03 20:02:46,742 [main] INFO  http.HttpServer2 (HttpServer2.java:bindListener(1191)) - Jetty bound to port 38045
2019-10-03 20:02:46,742 [main] INFO  server.Server (Server.java:doStart(351)) - jetty-9.3.25.v20180904, build timestamp: 2018-09-04T21:11:46Z, git hash: 3ce520221d0240229c862b122d2b06c12a625732
2019-10-03 20:02:46,743 [main] INFO  handler.ContextHandler (ContextHandler.java:doStart(781)) - Started o.e.j.s.ServletContextHandler@49232c6f{/logs,file:///workdir/hadoop-ozone/integration-test/target/log,AVAILABLE}
2019-10-03 20:02:46,744 [main] INFO  handler.ContextHandler (ContextHandler.java:doStart(781)) - Started o.e.j.s.ServletContextHandler@5396eeb1{/static,jar:file:/home/user/.m2/repository/org/apache/hadoop/hadoop-hdds-container-service/0.5.0-SNAPSHOT/hadoop-hdds-container-service-0.5.0-SNAPSHOT.jar!/webapps/static,AVAILABLE}
2019-10-03 20:02:46,773 [main] INFO  handler.ContextHandler (ContextHandler.java:doStart(781)) - Started o.e.j.w.WebAppContext@545d2560{/,file:///tmp/jetty-0.0.0.0-38045-hddsDatanode-_-any-9056681109991240528.dir/webapp/,AVAILABLE}{/hddsDatanode}
2019-10-03 20:02:46,774 [main] INFO  server.AbstractConnector (AbstractConnector.java:doStart(278)) - Started ServerConnector@124eb83d{HTTP/1.1,[http/1.1]}{0.0.0.0:38045}
2019-10-03 20:02:46,775 [main] INFO  server.Server (Server.java:doStart(419)) - Started @244679ms
2019-10-03 20:02:46,776 [main] WARN  impl.MetricsSystemImpl (MetricsSystemImpl.java:register(276)) - Sink prometheus already exists!
2019-10-03 20:02:46,777 [main] INFO  server.BaseHttpServer (BaseHttpServer.java:updateConnectorAddress(215)) - HTTP server of HDDSDATANODE is listening at http://0.0.0.0:38045
2019-10-03 20:02:46,777 [main] INFO  ozone.MiniOzoneClusterImpl (MiniOzoneClusterImpl.java:lambda$waitForClusterToBeReady$0(147)) - Waiting for cluster to be ready. Got 0 of 7 DN Heartbeats.
2019-10-03 20:02:46,778 [org.apache.hadoop.util.JvmPauseMonitor$Monitor@41bb7c9b] INFO  util.JvmPauseMonitor (JvmPauseMonitor.java:run(188)) - Starting JVM pause monitor
2019-10-03 20:02:46,780 [Datanode State Machine Thread - 0] INFO  datanode.InitDatanodeState (InitDatanodeState.java:persistContainerDatanodeDetails(140)) - DatanodeDetails is persisted to /workdir/hadoop-ozone/integration-test/target/test-dir/MiniOzoneClusterImpl-4da3e29e-7197-414b-b066-3b2e861cdb23/datanode-6/meta/datanode.id
2019-10-03 20:02:47,777 [main] INFO  ozone.MiniOzoneClusterImpl (MiniOzoneClusterImpl.java:lambda$waitForClusterToBeReady$0(147)) - Waiting for cluster to be ready. Got 0 of 7 DN Heartbeats.
2019-10-03 20:02:48,401 [Datanode State Machine Thread - 0] INFO  ozoneimpl.OzoneContainer (OzoneContainer.java:start(217)) - Attempting to start container services.
2019-10-03 20:02:48,402 [Datanode State Machine Thread - 0] INFO  ozoneimpl.OzoneContainer (OzoneContainer.java:startContainerScrub(179)) - Background container scanner has been disabled.
2019-10-03 20:02:48,402 [Datanode State Machine Thread - 0] INFO  ratis.XceiverServerRatis (XceiverServerRatis.java:start(417)) - Starting XceiverServerRatis a0cfe848-65f9-45cc-894d-97058114ebc4 at port 0
2019-10-03 20:02:48,406 [Datanode State Machine Thread - 0] INFO  impl.RaftServerProxy (RaftServerProxy.java:lambda$start$3(299)) - a0cfe848-65f9-45cc-894d-97058114ebc4: start RPC server
2019-10-03 20:02:48,413 [Datanode State Machine Thread - 0] INFO  server.GrpcService (GrpcService.java:startImpl(158)) - a0cfe848-65f9-45cc-894d-97058114ebc4: GrpcService started, listening on 0.0.0.0/0.0.0.0:45166
2019-10-03 20:02:48,414 [Datanode State Machine Thread - 0] INFO  ratis.XceiverServerRatis (XceiverServerRatis.java:start(427)) - XceiverServerRatis a0cfe848-65f9-45cc-894d-97058114ebc4 is started using port 45166
2019-10-03 20:02:48,414 [Datanode State Machine Thread - 0] INFO  server.XceiverServerGrpc (XceiverServerGrpc.java:start(149)) - XceiverServerGrpc a0cfe848-65f9-45cc-894d-97058114ebc4 is started using port 41070
2019-10-03 20:02:48,428 [Datanode State Machine Thread - 0] INFO  ozoneimpl.OzoneContainer (OzoneContainer.java:start(217)) - Attempting to start container services.
2019-10-03 20:02:48,428 [Datanode State Machine Thread - 0] INFO  ozoneimpl.OzoneContainer (OzoneContainer.java:startContainerScrub(179)) - Background container scanner has been disabled.
2019-10-03 20:02:48,429 [Datanode State Machine Thread - 0] INFO  ratis.XceiverServerRatis (XceiverServerRatis.java:start(417)) - Starting XceiverServerRatis 09915764-2c6b-430c-ba30-df162619c3b6 at port 0
2019-10-03 20:02:48,432 [Datanode State Machine Thread - 0] INFO  impl.RaftServerProxy (RaftServerProxy.java:lambda$start$3(299)) - 09915764-2c6b-430c-ba30-df162619c3b6: start RPC server
2019-10-03 20:02:48,434 [Datanode State Machine Thread - 0] INFO  server.GrpcService (GrpcService.java:startImpl(158)) - 09915764-2c6b-430c-ba30-df162619c3b6: GrpcService started, listening on 0.0.0.0/0.0.0.0:40589
2019-10-03 20:02:48,434 [Datanode State Machine Thread - 0] INFO  ratis.XceiverServerRatis (XceiverServerRatis.java:start(427)) - XceiverServerRatis 09915764-2c6b-430c-ba30-df162619c3b6 is started using port 40589
2019-10-03 20:02:48,434 [Datanode State Machine Thread - 0] INFO  server.XceiverServerGrpc (XceiverServerGrpc.java:start(149)) - XceiverServerGrpc 09915764-2c6b-430c-ba30-df162619c3b6 is started using port 42778
2019-10-03 20:02:48,494 [Datanode State Machine Thread - 0] INFO  ozoneimpl.OzoneContainer (OzoneContainer.java:start(217)) - Attempting to start container services.
2019-10-03 20:02:48,495 [Datanode State Machine Thread - 0] INFO  ozoneimpl.OzoneContainer (OzoneContainer.java:startContainerScrub(179)) - Background container scanner has been disabled.
2019-10-03 20:02:48,495 [Datanode State Machine Thread - 0] INFO  ratis.XceiverServerRatis (XceiverServerRatis.java:start(417)) - Starting XceiverServerRatis 4f819899-3d19-4cb8-84c1-1d456e79a579 at port 0
2019-10-03 20:02:48,499 [Datanode State Machine Thread - 0] INFO  impl.RaftServerProxy (RaftServerProxy.java:lambda$start$3(299)) - 4f819899-3d19-4cb8-84c1-1d456e79a579: start RPC server
2019-10-03 20:02:48,500 [Datanode State Machine Thread - 0] INFO  server.GrpcService (GrpcService.java:startImpl(158)) - 4f819899-3d19-4cb8-84c1-1d456e79a579: GrpcService started, listening on 0.0.0.0/0.0.0.0:39838
2019-10-03 20:02:48,501 [Datanode State Machine Thread - 0] INFO  ratis.XceiverServerRatis (XceiverServerRatis.java:start(427)) - XceiverServerRatis 4f819899-3d19-4cb8-84c1-1d456e79a579 is started using port 39838
2019-10-03 20:02:48,501 [Datanode State Machine Thread - 0] INFO  server.XceiverServerGrpc (XceiverServerGrpc.java:start(149)) - XceiverServerGrpc 4f819899-3d19-4cb8-84c1-1d456e79a579 is started using port 45117
2019-10-03 20:02:48,573 [Datanode State Machine Thread - 0] INFO  ozoneimpl.OzoneContainer (OzoneContainer.java:start(217)) - Attempting to start container services.
2019-10-03 20:02:48,574 [Datanode State Machine Thread - 0] INFO  ozoneimpl.OzoneContainer (OzoneContainer.java:startContainerScrub(179)) - Background container scanner has been disabled.
2019-10-03 20:02:48,574 [Datanode State Machine Thread - 0] INFO  ratis.XceiverServerRatis (XceiverServerRatis.java:start(417)) - Starting XceiverServerRatis 6ad5b5ab-60d3-486a-9189-d3e4623e6b7b at port 0
2019-10-03 20:02:48,580 [Datanode State Machine Thread - 0] INFO  impl.RaftServerProxy (RaftServerProxy.java:lambda$start$3(299)) - 6ad5b5ab-60d3-486a-9189-d3e4623e6b7b: start RPC server
2019-10-03 20:02:48,582 [Datanode State Machine Thread - 0] INFO  server.GrpcService (GrpcService.java:startImpl(158)) - 6ad5b5ab-60d3-486a-9189-d3e4623e6b7b: GrpcService started, listening on 0.0.0.0/0.0.0.0:44996
2019-10-03 20:02:48,582 [Datanode State Machine Thread - 0] INFO  ratis.XceiverServerRatis (XceiverServerRatis.java:start(427)) - XceiverServerRatis 6ad5b5ab-60d3-486a-9189-d3e4623e6b7b is started using port 44996
2019-10-03 20:02:48,583 [Datanode State Machine Thread - 0] INFO  server.XceiverServerGrpc (XceiverServerGrpc.java:start(149)) - XceiverServerGrpc 6ad5b5ab-60d3-486a-9189-d3e4623e6b7b is started using port 45267
2019-10-03 20:02:48,650 [Datanode State Machine Thread - 0] INFO  ozoneimpl.OzoneContainer (OzoneContainer.java:start(217)) - Attempting to start container services.
2019-10-03 20:02:48,651 [Datanode State Machine Thread - 0] INFO  ozoneimpl.OzoneContainer (OzoneContainer.java:startContainerScrub(179)) - Background container scanner has been disabled.
2019-10-03 20:02:48,651 [Datanode State Machine Thread - 0] INFO  ratis.XceiverServerRatis (XceiverServerRatis.java:start(417)) - Starting XceiverServerRatis ce411441-ec74-41fb-ae47-ef2da38128da at port 0
2019-10-03 20:02:48,656 [Datanode State Machine Thread - 0] INFO  impl.RaftServerProxy (RaftServerProxy.java:lambda$start$3(299)) - ce411441-ec74-41fb-ae47-ef2da38128da: start RPC server
2019-10-03 20:02:48,660 [Datanode State Machine Thread - 0] INFO  server.GrpcService (GrpcService.java:startImpl(158)) - ce411441-ec74-41fb-ae47-ef2da38128da: GrpcService started, listening on 0.0.0.0/0.0.0.0:42776
2019-10-03 20:02:48,660 [Datanode State Machine Thread - 0] INFO  ratis.XceiverServerRatis (XceiverServerRatis.java:start(427)) - XceiverServerRatis ce411441-ec74-41fb-ae47-ef2da38128da is started using port 42776
2019-10-03 20:02:48,660 [Datanode State Machine Thread - 0] INFO  server.XceiverServerGrpc (XceiverServerGrpc.java:start(149)) - XceiverServerGrpc ce411441-ec74-41fb-ae47-ef2da38128da is started using port 42854
2019-10-03 20:02:48,722 [Datanode State Machine Thread - 0] INFO  ozoneimpl.OzoneContainer (OzoneContainer.java:start(217)) - Attempting to start container services.
2019-10-03 20:02:48,722 [Datanode State Machine Thread - 0] INFO  ozoneimpl.OzoneContainer (OzoneContainer.java:startContainerScrub(179)) - Background container scanner has been disabled.
2019-10-03 20:02:48,722 [Datanode State Machine Thread - 0] INFO  ratis.XceiverServerRatis (XceiverServerRatis.java:start(417)) - Starting XceiverServerRatis e3434fd0-8dd0-4b11-8222-03ee75500a2d at port 0
2019-10-03 20:02:48,727 [Datanode State Machine Thread - 0] INFO  impl.RaftServerProxy (RaftServerProxy.java:lambda$start$3(299)) - e3434fd0-8dd0-4b11-8222-03ee75500a2d: start RPC server
2019-10-03 20:02:48,732 [Datanode State Machine Thread - 0] INFO  server.GrpcService (GrpcService.java:startImpl(158)) - e3434fd0-8dd0-4b11-8222-03ee75500a2d: GrpcService started, listening on 0.0.0.0/0.0.0.0:41683
2019-10-03 20:02:48,732 [Datanode State Machine Thread - 0] INFO  ratis.XceiverServerRatis (XceiverServerRatis.java:start(427)) - XceiverServerRatis e3434fd0-8dd0-4b11-8222-03ee75500a2d is started using port 41683
2019-10-03 20:02:48,732 [Datanode State Machine Thread - 0] INFO  server.XceiverServerGrpc (XceiverServerGrpc.java:start(149)) - XceiverServerGrpc e3434fd0-8dd0-4b11-8222-03ee75500a2d is started using port 45073
2019-10-03 20:02:48,778 [main] INFO  ozone.MiniOzoneClusterImpl (MiniOzoneClusterImpl.java:lambda$waitForClusterToBeReady$0(147)) - Waiting for cluster to be ready. Got 0 of 7 DN Heartbeats.
2019-10-03 20:02:48,791 [Datanode State Machine Thread - 0] INFO  ozoneimpl.OzoneContainer (OzoneContainer.java:start(217)) - Attempting to start container services.
2019-10-03 20:02:48,791 [Datanode State Machine Thread - 0] INFO  ozoneimpl.OzoneContainer (OzoneContainer.java:startContainerScrub(179)) - Background container scanner has been disabled.
2019-10-03 20:02:48,791 [Datanode State Machine Thread - 0] INFO  ratis.XceiverServerRatis (XceiverServerRatis.java:start(417)) - Starting XceiverServerRatis cc35ac4f-6f34-4800-9316-1a7800fd9454 at port 0
2019-10-03 20:02:48,796 [Datanode State Machine Thread - 0] INFO  impl.RaftServerProxy (RaftServerProxy.java:lambda$start$3(299)) - cc35ac4f-6f34-4800-9316-1a7800fd9454: start RPC server
2019-10-03 20:02:48,796 [Datanode State Machine Thread - 0] INFO  server.GrpcService (GrpcService.java:startImpl(158)) - cc35ac4f-6f34-4800-9316-1a7800fd9454: GrpcService started, listening on 0.0.0.0/0.0.0.0:36066
2019-10-03 20:02:48,796 [Datanode State Machine Thread - 0] INFO  ratis.XceiverServerRatis (XceiverServerRatis.java:start(427)) - XceiverServerRatis cc35ac4f-6f34-4800-9316-1a7800fd9454 is started using port 36066
2019-10-03 20:02:48,797 [Datanode State Machine Thread - 0] INFO  server.XceiverServerGrpc (XceiverServerGrpc.java:start(149)) - XceiverServerGrpc cc35ac4f-6f34-4800-9316-1a7800fd9454 is started using port 45142
2019-10-03 20:02:49,779 [main] INFO  ozone.MiniOzoneClusterImpl (MiniOzoneClusterImpl.java:lambda$waitForClusterToBeReady$0(147)) - Waiting for cluster to be ready. Got 0 of 7 DN Heartbeats.
2019-10-03 20:02:50,351 [IPC Server handler 2 on 38112] INFO  net.NetworkTopology (NetworkTopologyImpl.java:add(111)) - Added a new node: /default-rack/a0cfe848-65f9-45cc-894d-97058114ebc4
2019-10-03 20:02:50,353 [IPC Server handler 2 on 38112] INFO  node.SCMNodeManager (SCMNodeManager.java:register(266)) - Registered Data node : a0cfe848-65f9-45cc-894d-97058114ebc4{ip: 192.168.164.206, host: pr-hdds-2240-9gllg-3097873054, networkLocation: /default-rack, certSerialId: null}
2019-10-03 20:02:50,354 [EventQueue-NodeRegistrationContainerReportForDataNodeSafeModeRule] INFO  safemode.SCMSafeModeManager (DataNodeSafeModeRule.java:process(71)) - SCM in safe mode. 1 DataNodes registered, 1 required.
2019-10-03 20:02:50,357 [EventQueue-NodeRegistrationContainerReportForDataNodeSafeModeRule] INFO  safemode.SCMSafeModeManager (SCMSafeModeManager.java:validateSafeModeExitRules(177)) - ScmSafeModeManager, all rules are successfully validated
2019-10-03 20:02:50,357 [EventQueue-NodeRegistrationContainerReportForDataNodeSafeModeRule] INFO  safemode.SCMSafeModeManager (SCMSafeModeManager.java:exitSafeMode(193)) - SCM exiting safe mode.
2019-10-03 20:02:50,365 [grpc-default-executor-7] INFO  impl.RaftServerProxy (RaftServerProxy.java:addNew(89)) - a0cfe848-65f9-45cc-894d-97058114ebc4: addNew group-B72012AFF525:[a0cfe848-65f9-45cc-894d-97058114ebc4:192.168.164.206:45166] returns group-B72012AFF525:java.util.concurrent.CompletableFuture@2e26e4e2[Not completed]
2019-10-03 20:02:50,366 [pool-383-thread-1] INFO  impl.RaftServerImpl (RaftServerImpl.java:<init>(95)) - a0cfe848-65f9-45cc-894d-97058114ebc4: new RaftServerImpl for group-B72012AFF525:[a0cfe848-65f9-45cc-894d-97058114ebc4:192.168.164.206:45166] with ContainerStateMachine:uninitialized
2019-10-03 20:02:50,366 [pool-383-thread-1] INFO  server.RaftServerConfigKeys (ConfUtils.java:logGet(43)) - raft.server.rpc.timeout.min = 5s (custom)
2019-10-03 20:02:50,366 [pool-383-thread-1] INFO  server.RaftServerConfigKeys (ConfUtils.java:logGet(43)) - raft.server.rpc.timeout.max = 5200ms (custom)
2019-10-03 20:02:50,366 [pool-383-thread-1] INFO  server.RaftServerConfigKeys (ConfUtils.java:logGet(43)) - raft.server.rpcslowness.timeout = 120s (custom)
2019-10-03 20:02:50,366 [pool-383-thread-1] INFO  server.RaftServerConfigKeys (ConfUtils.java:logGet(43)) - raft.server.sleep.deviation.threshold = 300 (default)
2019-10-03 20:02:50,367 [pool-383-thread-1] INFO  server.RaftServerConfigKeys (ConfUtils.java:logGet(43)) - raft.server.log.appender.install.snapshot.enabled = false (custom)
2019-10-03 20:02:50,367 [pool-383-thread-1] INFO  impl.RaftServerImpl (ServerState.java:<init>(103)) - a0cfe848-65f9-45cc-894d-97058114ebc4@group-B72012AFF525: ConfigurationManager, init=-1: [a0cfe848-65f9-45cc-894d-97058114ebc4:192.168.164.206:45166], old=null, confs=<EMPTY_MAP>
2019-10-03 20:02:50,367 [pool-383-thread-1] INFO  server.RaftServerConfigKeys (ConfUtils.java:logGet(43)) - raft.server.storage.dir = [/workdir/hadoop-ozone/integration-test/target/test-dir/MiniOzoneClusterImpl-4da3e29e-7197-414b-b066-3b2e861cdb23/datanode-0/data/ratis] (custom)
2019-10-03 20:02:50,367 [pool-383-thread-1] INFO  server.RaftServerConfigKeys (ConfUtils.java:logGet(43)) - raft.server.log.corruption.policy = EXCEPTION (default)
2019-10-03 20:02:50,367 [pool-383-thread-1] INFO  storage.RaftStorageDirectory (RaftStorageDirectory.java:analyzeStorage(246)) - The storage directory /workdir/hadoop-ozone/integration-test/target/test-dir/MiniOzoneClusterImpl-4da3e29e-7197-414b-b066-3b2e861cdb23/datanode-0/data/ratis/1c5b4a64-16b3-40f7-9296-b72012aff525 does not exist. Creating ...
2019-10-03 20:02:50,380 [pool-383-thread-1] INFO  storage.RaftStorageDirectory (RaftStorageDirectory.java:tryLock(328)) - Lock on /workdir/hadoop-ozone/integration-test/target/test-dir/MiniOzoneClusterImpl-4da3e29e-7197-414b-b066-3b2e861cdb23/datanode-0/data/ratis/1c5b4a64-16b3-40f7-9296-b72012aff525/in_use.lock acquired by nodename 12811@pr-hdds-2240-9gllg-3097873054
2019-10-03 20:02:50,393 [pool-383-thread-1] INFO  storage.RaftStorage (RaftStorage.java:format(84)) - Storage directory /workdir/hadoop-ozone/integration-test/target/test-dir/MiniOzoneClusterImpl-4da3e29e-7197-414b-b066-3b2e861cdb23/datanode-0/data/ratis/1c5b4a64-16b3-40f7-9296-b72012aff525 has been successfully formatted.
2019-10-03 20:02:50,393 [pool-383-thread-1] INFO  ratis.ContainerStateMachine (ContainerStateMachine.java:loadSnapshot(230)) - group-B72012AFF525: The snapshot info is null. Setting the last applied indexto:(t:0, i:~)
2019-10-03 20:02:50,393 [pool-383-thread-1] INFO  server.RaftServerConfigKeys (ConfUtils.java:logGet(43)) - raft.server.notification.no-leader.timeout = 120s (custom)
2019-10-03 20:02:50,393 [pool-383-thread-1] INFO  server.RaftServerConfigKeys (ConfUtils.java:logGet(43)) - raft.server.log.use.memory = false (default)
2019-10-03 20:02:50,393 [pool-383-thread-1] INFO  server.RaftServerConfigKeys (ConfUtils.java:logGet(43)) - raft.server.log.purge.gap = 1000000 (custom)
2019-10-03 20:02:50,393 [pool-383-thread-1] INFO  server.RaftServerConfigKeys (ConfUtils.java:logGet(43)) - raft.server.log.appender.buffer.byte-limit = 33554432 (custom)
2019-10-03 20:02:50,394 [pool-383-thread-1] INFO  server.RaftServerConfigKeys (ConfUtils.java:logGet(43)) - raft.server.log.segment.size.max = 1048576 (custom)
2019-10-03 20:02:50,395 [pool-383-thread-1] INFO  server.RaftServerConfigKeys (ConfUtils.java:logGet(43)) - raft.server.log.segment.cache.num.max = 2 (custom)
2019-10-03 20:02:50,395 [pool-383-thread-1] INFO  segmented.SegmentedRaftLogWorker (SegmentedRaftLogWorker.java:<init>(173)) - new a0cfe848-65f9-45cc-894d-97058114ebc4@group-B72012AFF525-SegmentedRaftLogWorker for RaftStorage:Storage Directory /workdir/hadoop-ozone/integration-test/target/test-dir/MiniOzoneClusterImpl-4da3e29e-7197-414b-b066-3b2e861cdb23/datanode-0/data/ratis/1c5b4a64-16b3-40f7-9296-b72012aff525
2019-10-03 20:02:50,395 [pool-383-thread-1] INFO  server.RaftServerConfigKeys (ConfUtils.java:logGet(43)) - raft.server.log.queue.byte-limit = 2147483647 (custom)
2019-10-03 20:02:50,395 [pool-383-thread-1] INFO  server.RaftServerConfigKeys (ConfUtils.java:logGet(43)) - raft.server.log.queue.element-limit = 1024 (custom)
2019-10-03 20:02:50,395 [pool-383-thread-1] INFO  server.RaftServerConfigKeys (ConfUtils.java:logGet(43)) - raft.server.log.segment.size.max = 1048576 (custom)
2019-10-03 20:02:50,396 [pool-383-thread-1] INFO  server.RaftServerConfigKeys (ConfUtils.java:logGet(43)) - raft.server.log.preallocated.size = 16384 (custom)
2019-10-03 20:02:50,396 [pool-383-thread-1] INFO  server.RaftServerConfigKeys (ConfUtils.java:logGet(43)) - raft.server.log.write.buffer.size = 33554432 (custom)
2019-10-03 20:02:50,396 [pool-383-thread-1] INFO  server.RaftServerConfigKeys (ConfUtils.java:logGet(43)) - raft.server.log.force.sync.num = 128 (default)
2019-10-03 20:02:50,396 [pool-383-thread-1] INFO  server.RaftServerConfigKeys (ConfUtils.java:logGet(43)) - raft.server.log.statemachine.data.sync = true (default)
2019-10-03 20:02:50,396 [pool-383-thread-1] INFO  server.RaftServerConfigKeys (ConfUtils.java:logGet(43)) - raft.server.log.statemachine.data.sync.timeout = 10s (default)
2019-10-03 20:02:50,396 [pool-383-thread-1] INFO  server.RaftServerConfigKeys (ConfUtils.java:logGet(43)) - raft.server.log.statemachine.data.sync.timeout.retry = -1 (default)
2019-10-03 20:02:50,396 [pool-383-thread-1] INFO  server.RaftServerConfigKeys (ConfUtils.java:logGet(43)) - raft.server.log.statemachine.data.caching.enabled = true (custom)
2019-10-03 20:02:50,397 [pool-383-thread-1] INFO  segmented.SegmentedRaftLogWorker (SegmentedRaftLogWorker.java:lambda$new$0(128)) - a0cfe848-65f9-45cc-894d-97058114ebc4@group-B72012AFF525-SegmentedRaftLogWorker: flushIndex: setUnconditionally 0 -> -1
2019-10-03 20:02:50,397 [pool-383-thread-1] INFO  server.RaftServerConfigKeys (ConfUtils.java:logGet(43)) - raft.server.snapshot.auto.trigger.enabled = true (custom)
2019-10-03 20:02:50,397 [pool-383-thread-1] INFO  server.RaftServerConfigKeys (ConfUtils.java:logGet(43)) - raft.server.snapshot.auto.trigger.threshold = 10000 (custom)
2019-10-03 20:02:50,397 [pool-383-thread-1] INFO  server.RaftServerConfigKeys (ConfUtils.java:logGet(43)) - raft.server.snapshot.retention.file.num = 5 (custom)
2019-10-03 20:02:50,397 [pool-383-thread-1] INFO  server.RaftServerConfigKeys (ConfUtils.java:logGet(43)) - raft.server.retrycache.expirytime = 600000ms (custom)
2019-10-03 20:02:50,398 [pool-383-thread-1] INFO  impl.RaftServerImpl (RaftServerImpl.java:start(181)) - a0cfe848-65f9-45cc-894d-97058114ebc4@group-B72012AFF525: start as a follower, conf=-1: [a0cfe848-65f9-45cc-894d-97058114ebc4:192.168.164.206:45166], old=null
2019-10-03 20:02:50,398 [pool-383-thread-1] INFO  impl.RaftServerImpl (RaftServerImpl.java:setRole(170)) - a0cfe848-65f9-45cc-894d-97058114ebc4@group-B72012AFF525: changes role from      null to FOLLOWER at term 0 for startAsFollower
2019-10-03 20:02:50,398 [pool-383-thread-1] INFO  impl.RoleInfo (RoleInfo.java:updateAndGet(143)) - a0cfe848-65f9-45cc-894d-97058114ebc4: start FollowerState
2019-10-03 20:02:50,399 [pool-383-thread-1] INFO  util.JmxRegister (JmxRegister.java:tryRegister(44)) - Successfully registered JMX Bean with object name Ratis:service=RaftServer,group=group-B72012AFF525,id=a0cfe848-65f9-45cc-894d-97058114ebc4
2019-10-03 20:02:50,402 [RatisPipelineUtilsThread] INFO  pipeline.PipelineStateManager (PipelineStateManager.java:addPipeline(56)) - Created pipeline Pipeline[ Id: 1c5b4a64-16b3-40f7-9296-b72012aff525, Nodes: a0cfe848-65f9-45cc-894d-97058114ebc4{ip: 192.168.164.206, host: pr-hdds-2240-9gllg-3097873054, networkLocation: /default-rack, certSerialId: null}, Type:RATIS, Factor:ONE, State:OPEN]
2019-10-03 20:02:50,413 [IPC Server handler 1 on 38112] INFO  net.NetworkTopology (NetworkTopologyImpl.java:add(111)) - Added a new node: /default-rack/09915764-2c6b-430c-ba30-df162619c3b6
2019-10-03 20:02:50,413 [IPC Server handler 1 on 38112] INFO  node.SCMNodeManager (SCMNodeManager.java:register(266)) - Registered Data node : 09915764-2c6b-430c-ba30-df162619c3b6{ip: 192.168.164.206, host: pr-hdds-2240-9gllg-3097873054, networkLocation: /default-rack, certSerialId: null}
2019-10-03 20:02:50,419 [grpc-default-executor-7] INFO  impl.RaftServerProxy (RaftServerProxy.java:addNew(89)) - 09915764-2c6b-430c-ba30-df162619c3b6: addNew group-3B8F053E4F6C:[09915764-2c6b-430c-ba30-df162619c3b6:192.168.164.206:40589] returns group-3B8F053E4F6C:java.util.concurrent.CompletableFuture@5a85d705[Not completed]
2019-10-03 20:02:50,420 [pool-393-thread-1] INFO  impl.RaftServerImpl (RaftServerImpl.java:<init>(95)) - 09915764-2c6b-430c-ba30-df162619c3b6: new RaftServerImpl for group-3B8F053E4F6C:[09915764-2c6b-430c-ba30-df162619c3b6:192.168.164.206:40589] with ContainerStateMachine:uninitialized
2019-10-03 20:02:50,420 [pool-393-thread-1] INFO  server.RaftServerConfigKeys (ConfUtils.java:logGet(43)) - raft.server.rpc.timeout.min = 5s (custom)
2019-10-03 20:02:50,420 [pool-393-thread-1] INFO  server.RaftServerConfigKeys (ConfUtils.java:logGet(43)) - raft.server.rpc.timeout.max = 5200ms (custom)
2019-10-03 20:02:50,420 [pool-393-thread-1] INFO  server.RaftServerConfigKeys (ConfUtils.java:logGet(43)) - raft.server.rpcslowness.timeout = 120s (custom)
2019-10-03 20:02:50,420 [pool-393-thread-1] INFO  server.RaftServerConfigKeys (ConfUtils.java:logGet(43)) - raft.server.sleep.deviation.threshold = 300 (default)
2019-10-03 20:02:50,420 [pool-393-thread-1] INFO  server.RaftServerConfigKeys (ConfUtils.java:logGet(43)) - raft.server.log.appender.install.snapshot.enabled = false (custom)
2019-10-03 20:02:50,421 [pool-393-thread-1] INFO  impl.RaftServerImpl (ServerState.java:<init>(103)) - 09915764-2c6b-430c-ba30-df162619c3b6@group-3B8F053E4F6C: ConfigurationManager, init=-1: [09915764-2c6b-430c-ba30-df162619c3b6:192.168.164.206:40589], old=null, confs=<EMPTY_MAP>
2019-10-03 20:02:50,421 [pool-393-thread-1] INFO  server.RaftServerConfigKeys (ConfUtils.java:logGet(43)) - raft.server.storage.dir = [/workdir/hadoop-ozone/integration-test/target/test-dir/MiniOzoneClusterImpl-4da3e29e-7197-414b-b066-3b2e861cdb23/datanode-1/data/ratis] (custom)
2019-10-03 20:02:50,421 [pool-393-thread-1] INFO  server.RaftServerConfigKeys (ConfUtils.java:logGet(43)) - raft.server.log.corruption.policy = EXCEPTION (default)
2019-10-03 20:02:50,421 [pool-393-thread-1] INFO  storage.RaftStorageDirectory (RaftStorageDirectory.java:analyzeStorage(246)) - The storage directory /workdir/hadoop-ozone/integration-test/target/test-dir/MiniOzoneClusterImpl-4da3e29e-7197-414b-b066-3b2e861cdb23/datanode-1/data/ratis/a91d4fba-bba7-47a2-8675-3b8f053e4f6c does not exist. Creating ...
2019-10-03 20:02:50,428 [pool-393-thread-1] INFO  storage.RaftStorageDirectory (RaftStorageDirectory.java:tryLock(328)) - Lock on /workdir/hadoop-ozone/integration-test/target/test-dir/MiniOzoneClusterImpl-4da3e29e-7197-414b-b066-3b2e861cdb23/datanode-1/data/ratis/a91d4fba-bba7-47a2-8675-3b8f053e4f6c/in_use.lock acquired by nodename 12811@pr-hdds-2240-9gllg-3097873054
2019-10-03 20:02:50,441 [pool-393-thread-1] INFO  storage.RaftStorage (RaftStorage.java:format(84)) - Storage directory /workdir/hadoop-ozone/integration-test/target/test-dir/MiniOzoneClusterImpl-4da3e29e-7197-414b-b066-3b2e861cdb23/datanode-1/data/ratis/a91d4fba-bba7-47a2-8675-3b8f053e4f6c has been successfully formatted.
2019-10-03 20:02:50,441 [pool-393-thread-1] INFO  ratis.ContainerStateMachine (ContainerStateMachine.java:loadSnapshot(230)) - group-3B8F053E4F6C: The snapshot info is null. Setting the last applied indexto:(t:0, i:~)
2019-10-03 20:02:50,441 [pool-393-thread-1] INFO  server.RaftServerConfigKeys (ConfUtils.java:logGet(43)) - raft.server.notification.no-leader.timeout = 120s (custom)
2019-10-03 20:02:50,441 [pool-393-thread-1] INFO  server.RaftServerConfigKeys (ConfUtils.java:logGet(43)) - raft.server.log.use.memory = false (default)
2019-10-03 20:02:50,441 [pool-393-thread-1] INFO  server.RaftServerConfigKeys (ConfUtils.java:logGet(43)) - raft.server.log.purge.gap = 1000000 (custom)
2019-10-03 20:02:50,441 [pool-393-thread-1] INFO  server.RaftServerConfigKeys (ConfUtils.java:logGet(43)) - raft.server.log.appender.buffer.byte-limit = 33554432 (custom)
2019-10-03 20:02:50,441 [pool-393-thread-1] INFO  server.RaftServerConfigKeys (ConfUtils.java:logGet(43)) - raft.server.log.segment.size.max = 1048576 (custom)
2019-10-03 20:02:50,442 [pool-393-thread-1] INFO  server.RaftServerConfigKeys (ConfUtils.java:logGet(43)) - raft.server.log.segment.cache.num.max = 2 (custom)
2019-10-03 20:02:50,443 [pool-393-thread-1] INFO  segmented.SegmentedRaftLogWorker (SegmentedRaftLogWorker.java:<init>(173)) - new 09915764-2c6b-430c-ba30-df162619c3b6@group-3B8F053E4F6C-SegmentedRaftLogWorker for RaftStorage:Storage Directory /workdir/hadoop-ozone/integration-test/target/test-dir/MiniOzoneClusterImpl-4da3e29e-7197-414b-b066-3b2e861cdb23/datanode-1/data/ratis/a91d4fba-bba7-47a2-8675-3b8f053e4f6c
2019-10-03 20:02:50,443 [pool-393-thread-1] INFO  server.RaftServerConfigKeys (ConfUtils.java:logGet(43)) - raft.server.log.queue.byte-limit = 2147483647 (custom)
2019-10-03 20:02:50,443 [pool-393-thread-1] INFO  server.RaftServerConfigKeys (ConfUtils.java:logGet(43)) - raft.server.log.queue.element-limit = 1024 (custom)
2019-10-03 20:02:50,443 [pool-393-thread-1] INFO  server.RaftServerConfigKeys (ConfUtils.java:logGet(43)) - raft.server.log.segment.size.max = 1048576 (custom)
2019-10-03 20:02:50,443 [pool-393-thread-1] INFO  server.RaftServerConfigKeys (ConfUtils.java:logGet(43)) - raft.server.log.preallocated.size = 16384 (custom)
2019-10-03 20:02:50,443 [pool-393-thread-1] INFO  server.RaftServerConfigKeys (ConfUtils.java:logGet(43)) - raft.server.log.write.buffer.size = 33554432 (custom)
2019-10-03 20:02:50,443 [pool-393-thread-1] INFO  server.RaftServerConfigKeys (ConfUtils.java:logGet(43)) - raft.server.log.force.sync.num = 128 (default)
2019-10-03 20:02:50,443 [pool-393-thread-1] INFO  server.RaftServerConfigKeys (ConfUtils.java:logGet(43)) - raft.server.log.statemachine.data.sync = true (default)
2019-10-03 20:02:50,443 [pool-393-thread-1] INFO  server.RaftServerConfigKeys (ConfUtils.java:logGet(43)) - raft.server.log.statemachine.data.sync.timeout = 10s (default)
2019-10-03 20:02:50,443 [pool-393-thread-1] INFO  server.RaftServerConfigKeys (ConfUtils.java:logGet(43)) - raft.server.log.statemachine.data.sync.timeout.retry = -1 (default)
2019-10-03 20:02:50,444 [pool-393-thread-1] INFO  server.RaftServerConfigKeys (ConfUtils.java:logGet(43)) - raft.server.log.statemachine.data.caching.enabled = true (custom)
2019-10-03 20:02:50,444 [pool-393-thread-1] INFO  segmented.SegmentedRaftLogWorker (SegmentedRaftLogWorker.java:lambda$new$0(128)) - 09915764-2c6b-430c-ba30-df162619c3b6@group-3B8F053E4F6C-SegmentedRaftLogWorker: flushIndex: setUnconditionally 0 -> -1
2019-10-03 20:02:50,444 [pool-393-thread-1] INFO  server.RaftServerConfigKeys (ConfUtils.java:logGet(43)) - raft.server.snapshot.auto.trigger.enabled = true (custom)
2019-10-03 20:02:50,444 [pool-393-thread-1] INFO  server.RaftServerConfigKeys (ConfUtils.java:logGet(43)) - raft.server.snapshot.auto.trigger.threshold = 10000 (custom)
2019-10-03 20:02:50,444 [pool-393-thread-1] INFO  server.RaftServerConfigKeys (ConfUtils.java:logGet(43)) - raft.server.snapshot.retention.file.num = 5 (custom)
2019-10-03 20:02:50,444 [pool-393-thread-1] INFO  server.RaftServerConfigKeys (ConfUtils.java:logGet(43)) - raft.server.retrycache.expirytime = 600000ms (custom)
2019-10-03 20:02:50,445 [pool-393-thread-1] INFO  impl.RaftServerImpl (RaftServerImpl.java:start(181)) - 09915764-2c6b-430c-ba30-df162619c3b6@group-3B8F053E4F6C: start as a follower, conf=-1: [09915764-2c6b-430c-ba30-df162619c3b6:192.168.164.206:40589], old=null
2019-10-03 20:02:50,445 [pool-393-thread-1] INFO  impl.RaftServerImpl (RaftServerImpl.java:setRole(170)) - 09915764-2c6b-430c-ba30-df162619c3b6@group-3B8F053E4F6C: changes role from      null to FOLLOWER at term 0 for startAsFollower
2019-10-03 20:02:50,446 [pool-393-thread-1] INFO  impl.RoleInfo (RoleInfo.java:updateAndGet(143)) - 09915764-2c6b-430c-ba30-df162619c3b6: start FollowerState
2019-10-03 20:02:50,446 [pool-393-thread-1] INFO  util.JmxRegister (JmxRegister.java:tryRegister(44)) - Successfully registered JMX Bean with object name Ratis:service=RaftServer,group=group-3B8F053E4F6C,id=09915764-2c6b-430c-ba30-df162619c3b6
2019-10-03 20:02:50,448 [RatisPipelineUtilsThread] INFO  pipeline.PipelineStateManager (PipelineStateManager.java:addPipeline(56)) - Created pipeline Pipeline[ Id: a91d4fba-bba7-47a2-8675-3b8f053e4f6c, Nodes: 09915764-2c6b-430c-ba30-df162619c3b6{ip: 192.168.164.206, host: pr-hdds-2240-9gllg-3097873054, networkLocation: /default-rack, certSerialId: null}, Type:RATIS, Factor:ONE, State:OPEN]
2019-10-03 20:02:50,482 [IPC Server handler 6 on 38112] INFO  net.NetworkTopology (NetworkTopologyImpl.java:add(111)) - Added a new node: /default-rack/4f819899-3d19-4cb8-84c1-1d456e79a579
2019-10-03 20:02:50,482 [IPC Server handler 6 on 38112] INFO  node.SCMNodeManager (SCMNodeManager.java:register(266)) - Registered Data node : 4f819899-3d19-4cb8-84c1-1d456e79a579{ip: 192.168.164.206, host: pr-hdds-2240-9gllg-3097873054, networkLocation: /default-rack, certSerialId: null}
2019-10-03 20:02:50,487 [grpc-default-executor-7] INFO  impl.RaftServerProxy (RaftServerProxy.java:addNew(89)) - 4f819899-3d19-4cb8-84c1-1d456e79a579: addNew group-2CCD9DE047A1:[4f819899-3d19-4cb8-84c1-1d456e79a579:192.168.164.206:39838] returns group-2CCD9DE047A1:java.util.concurrent.CompletableFuture@62dad40[Not completed]
2019-10-03 20:02:50,488 [pool-403-thread-1] INFO  impl.RaftServerImpl (RaftServerImpl.java:<init>(95)) - 4f819899-3d19-4cb8-84c1-1d456e79a579: new RaftServerImpl for group-2CCD9DE047A1:[4f819899-3d19-4cb8-84c1-1d456e79a579:192.168.164.206:39838] with ContainerStateMachine:uninitialized
2019-10-03 20:02:50,488 [pool-403-thread-1] INFO  server.RaftServerConfigKeys (ConfUtils.java:logGet(43)) - raft.server.rpc.timeout.min = 5s (custom)
2019-10-03 20:02:50,488 [pool-403-thread-1] INFO  server.RaftServerConfigKeys (ConfUtils.java:logGet(43)) - raft.server.rpc.timeout.max = 5200ms (custom)
2019-10-03 20:02:50,488 [pool-403-thread-1] INFO  server.RaftServerConfigKeys (ConfUtils.java:logGet(43)) - raft.server.rpcslowness.timeout = 120s (custom)
2019-10-03 20:02:50,488 [pool-403-thread-1] INFO  server.RaftServerConfigKeys (ConfUtils.java:logGet(43)) - raft.server.sleep.deviation.threshold = 300 (default)
2019-10-03 20:02:50,489 [pool-403-thread-1] INFO  server.RaftServerConfigKeys (ConfUtils.java:logGet(43)) - raft.server.log.appender.install.snapshot.enabled = false (custom)
2019-10-03 20:02:50,489 [pool-403-thread-1] INFO  impl.RaftServerImpl (ServerState.java:<init>(103)) - 4f819899-3d19-4cb8-84c1-1d456e79a579@group-2CCD9DE047A1: ConfigurationManager, init=-1: [4f819899-3d19-4cb8-84c1-1d456e79a579:192.168.164.206:39838], old=null, confs=<EMPTY_MAP>
2019-10-03 20:02:50,489 [pool-403-thread-1] INFO  server.RaftServerConfigKeys (ConfUtils.java:logGet(43)) - raft.server.storage.dir = [/workdir/hadoop-ozone/integration-test/target/test-dir/MiniOzoneClusterImpl-4da3e29e-7197-414b-b066-3b2e861cdb23/datanode-2/data/ratis] (custom)
2019-10-03 20:02:50,489 [pool-403-thread-1] INFO  server.RaftServerConfigKeys (ConfUtils.java:logGet(43)) - raft.server.log.corruption.policy = EXCEPTION (default)
2019-10-03 20:02:50,489 [pool-403-thread-1] INFO  storage.RaftStorageDirectory (RaftStorageDirectory.java:analyzeStorage(246)) - The storage directory /workdir/hadoop-ozone/integration-test/target/test-dir/MiniOzoneClusterImpl-4da3e29e-7197-414b-b066-3b2e861cdb23/datanode-2/data/ratis/ff1ec23b-fa27-4813-9ed8-2ccd9de047a1 does not exist. Creating ...
2019-10-03 20:02:50,495 [pool-403-thread-1] INFO  storage.RaftStorageDirectory (RaftStorageDirectory.java:tryLock(328)) - Lock on /workdir/hadoop-ozone/integration-test/target/test-dir/MiniOzoneClusterImpl-4da3e29e-7197-414b-b066-3b2e861cdb23/datanode-2/data/ratis/ff1ec23b-fa27-4813-9ed8-2ccd9de047a1/in_use.lock acquired by nodename 12811@pr-hdds-2240-9gllg-3097873054
2019-10-03 20:02:50,507 [pool-403-thread-1] INFO  storage.RaftStorage (RaftStorage.java:format(84)) - Storage directory /workdir/hadoop-ozone/integration-test/target/test-dir/MiniOzoneClusterImpl-4da3e29e-7197-414b-b066-3b2e861cdb23/datanode-2/data/ratis/ff1ec23b-fa27-4813-9ed8-2ccd9de047a1 has been successfully formatted.
2019-10-03 20:02:50,508 [pool-403-thread-1] INFO  ratis.ContainerStateMachine (ContainerStateMachine.java:loadSnapshot(230)) - group-2CCD9DE047A1: The snapshot info is null. Setting the last applied indexto:(t:0, i:~)
2019-10-03 20:02:50,508 [pool-403-thread-1] INFO  server.RaftServerConfigKeys (ConfUtils.java:logGet(43)) - raft.server.notification.no-leader.timeout = 120s (custom)
2019-10-03 20:02:50,508 [pool-403-thread-1] INFO  server.RaftServerConfigKeys (ConfUtils.java:logGet(43)) - raft.server.log.use.memory = false (default)
2019-10-03 20:02:50,508 [pool-403-thread-1] INFO  server.RaftServerConfigKeys (ConfUtils.java:logGet(43)) - raft.server.log.purge.gap = 1000000 (custom)
2019-10-03 20:02:50,508 [pool-403-thread-1] INFO  server.RaftServerConfigKeys (ConfUtils.java:logGet(43)) - raft.server.log.appender.buffer.byte-limit = 33554432 (custom)
2019-10-03 20:02:50,508 [pool-403-thread-1] INFO  server.RaftServerConfigKeys (ConfUtils.java:logGet(43)) - raft.server.log.segment.size.max = 1048576 (custom)
2019-10-03 20:02:50,509 [pool-403-thread-1] INFO  server.RaftServerConfigKeys (ConfUtils.java:logGet(43)) - raft.server.log.segment.cache.num.max = 2 (custom)
2019-10-03 20:02:50,509 [pool-403-thread-1] INFO  segmented.SegmentedRaftLogWorker (SegmentedRaftLogWorker.java:<init>(173)) - new 4f819899-3d19-4cb8-84c1-1d456e79a579@group-2CCD9DE047A1-SegmentedRaftLogWorker for RaftStorage:Storage Directory /workdir/hadoop-ozone/integration-test/target/test-dir/MiniOzoneClusterImpl-4da3e29e-7197-414b-b066-3b2e861cdb23/datanode-2/data/ratis/ff1ec23b-fa27-4813-9ed8-2ccd9de047a1
2019-10-03 20:02:50,509 [pool-403-thread-1] INFO  server.RaftServerConfigKeys (ConfUtils.java:logGet(43)) - raft.server.log.queue.byte-limit = 2147483647 (custom)
2019-10-03 20:02:50,509 [pool-403-thread-1] INFO  server.RaftServerConfigKeys (ConfUtils.java:logGet(43)) - raft.server.log.queue.element-limit = 1024 (custom)
2019-10-03 20:02:50,509 [pool-403-thread-1] INFO  server.RaftServerConfigKeys (ConfUtils.java:logGet(43)) - raft.server.log.segment.size.max = 1048576 (custom)
2019-10-03 20:02:50,510 [pool-403-thread-1] INFO  server.RaftServerConfigKeys (ConfUtils.java:logGet(43)) - raft.server.log.preallocated.size = 16384 (custom)
2019-10-03 20:02:50,510 [pool-403-thread-1] INFO  server.RaftServerConfigKeys (ConfUtils.java:logGet(43)) - raft.server.log.write.buffer.size = 33554432 (custom)
2019-10-03 20:02:50,510 [pool-403-thread-1] INFO  server.RaftServerConfigKeys (ConfUtils.java:logGet(43)) - raft.server.log.force.sync.num = 128 (default)
2019-10-03 20:02:50,510 [pool-403-thread-1] INFO  server.RaftServerConfigKeys (ConfUtils.java:logGet(43)) - raft.server.log.statemachine.data.sync = true (default)
2019-10-03 20:02:50,510 [pool-403-thread-1] INFO  server.RaftServerConfigKeys (ConfUtils.java:logGet(43)) - raft.server.log.statemachine.data.sync.timeout = 10s (default)
2019-10-03 20:02:50,510 [pool-403-thread-1] INFO  server.RaftServerConfigKeys (ConfUtils.java:logGet(43)) - raft.server.log.statemachine.data.sync.timeout.retry = -1 (default)
2019-10-03 20:02:50,510 [pool-403-thread-1] INFO  server.RaftServerConfigKeys (ConfUtils.java:logGet(43)) - raft.server.log.statemachine.data.caching.enabled = true (custom)
2019-10-03 20:02:50,510 [pool-403-thread-1] INFO  segmented.SegmentedRaftLogWorker (SegmentedRaftLogWorker.java:lambda$new$0(128)) - 4f819899-3d19-4cb8-84c1-1d456e79a579@group-2CCD9DE047A1-SegmentedRaftLogWorker: flushIndex: setUnconditionally 0 -> -1
2019-10-03 20:02:50,511 [pool-403-thread-1] INFO  server.RaftServerConfigKeys (ConfUtils.java:logGet(43)) - raft.server.snapshot.auto.trigger.enabled = true (custom)
2019-10-03 20:02:50,511 [pool-403-thread-1] INFO  server.RaftServerConfigKeys (ConfUtils.java:logGet(43)) - raft.server.snapshot.auto.trigger.threshold = 10000 (custom)
2019-10-03 20:02:50,511 [pool-403-thread-1] INFO  server.RaftServerConfigKeys (ConfUtils.java:logGet(43)) - raft.server.snapshot.retention.file.num = 5 (custom)
2019-10-03 20:02:50,511 [pool-403-thread-1] INFO  server.RaftServerConfigKeys (ConfUtils.java:logGet(43)) - raft.server.retrycache.expirytime = 600000ms (custom)
2019-10-03 20:02:50,512 [pool-403-thread-1] INFO  impl.RaftServerImpl (RaftServerImpl.java:start(181)) - 4f819899-3d19-4cb8-84c1-1d456e79a579@group-2CCD9DE047A1: start as a follower, conf=-1: [4f819899-3d19-4cb8-84c1-1d456e79a579:192.168.164.206:39838], old=null
2019-10-03 20:02:50,512 [pool-403-thread-1] INFO  impl.RaftServerImpl (RaftServerImpl.java:setRole(170)) - 4f819899-3d19-4cb8-84c1-1d456e79a579@group-2CCD9DE047A1: changes role from      null to FOLLOWER at term 0 for startAsFollower
2019-10-03 20:02:50,512 [pool-403-thread-1] INFO  impl.RoleInfo (RoleInfo.java:updateAndGet(143)) - 4f819899-3d19-4cb8-84c1-1d456e79a579: start FollowerState
2019-10-03 20:02:50,512 [pool-403-thread-1] INFO  util.JmxRegister (JmxRegister.java:tryRegister(44)) - Successfully registered JMX Bean with object name Ratis:service=RaftServer,group=group-2CCD9DE047A1,id=4f819899-3d19-4cb8-84c1-1d456e79a579
2019-10-03 20:02:50,515 [RatisPipelineUtilsThread] INFO  pipeline.PipelineStateManager (PipelineStateManager.java:addPipeline(56)) - Created pipeline Pipeline[ Id: ff1ec23b-fa27-4813-9ed8-2ccd9de047a1, Nodes: 4f819899-3d19-4cb8-84c1-1d456e79a579{ip: 192.168.164.206, host: pr-hdds-2240-9gllg-3097873054, networkLocation: /default-rack, certSerialId: null}, Type:RATIS, Factor:ONE, State:OPEN]
2019-10-03 20:02:50,524 [grpc-default-executor-7] INFO  impl.RaftServerProxy (RaftServerProxy.java:addNew(89)) - 09915764-2c6b-430c-ba30-df162619c3b6: addNew group-0462A41E2695:[09915764-2c6b-430c-ba30-df162619c3b6:192.168.164.206:40589, a0cfe848-65f9-45cc-894d-97058114ebc4:192.168.164.206:45166, 4f819899-3d19-4cb8-84c1-1d456e79a579:192.168.164.206:39838] returns group-0462A41E2695:java.util.concurrent.CompletableFuture@f45ffa7[Not completed]
2019-10-03 20:02:50,525 [grpc-default-executor-7] INFO  impl.RaftServerProxy (RaftServerProxy.java:addNew(89)) - 4f819899-3d19-4cb8-84c1-1d456e79a579: addNew group-0462A41E2695:[09915764-2c6b-430c-ba30-df162619c3b6:192.168.164.206:40589, a0cfe848-65f9-45cc-894d-97058114ebc4:192.168.164.206:45166, 4f819899-3d19-4cb8-84c1-1d456e79a579:192.168.164.206:39838] returns group-0462A41E2695:java.util.concurrent.CompletableFuture@64e904a2[Not completed]
2019-10-03 20:02:50,525 [grpc-default-executor-3] INFO  impl.RaftServerProxy (RaftServerProxy.java:addNew(89)) - a0cfe848-65f9-45cc-894d-97058114ebc4: addNew group-0462A41E2695:[09915764-2c6b-430c-ba30-df162619c3b6:192.168.164.206:40589, a0cfe848-65f9-45cc-894d-97058114ebc4:192.168.164.206:45166, 4f819899-3d19-4cb8-84c1-1d456e79a579:192.168.164.206:39838] returns group-0462A41E2695:java.util.concurrent.CompletableFuture@1b4d50d5[Not completed]
2019-10-03 20:02:50,526 [pool-393-thread-1] INFO  impl.RaftServerImpl (RaftServerImpl.java:<init>(95)) - 09915764-2c6b-430c-ba30-df162619c3b6: new RaftServerImpl for group-0462A41E2695:[09915764-2c6b-430c-ba30-df162619c3b6:192.168.164.206:40589, a0cfe848-65f9-45cc-894d-97058114ebc4:192.168.164.206:45166, 4f819899-3d19-4cb8-84c1-1d456e79a579:192.168.164.206:39838] with ContainerStateMachine:uninitialized
2019-10-03 20:02:50,526 [pool-393-thread-1] INFO  server.RaftServerConfigKeys (ConfUtils.java:logGet(43)) - raft.server.rpc.timeout.min = 5s (custom)
2019-10-03 20:02:50,526 [pool-393-thread-1] INFO  server.RaftServerConfigKeys (ConfUtils.java:logGet(43)) - raft.server.rpc.timeout.max = 5200ms (custom)
2019-10-03 20:02:50,526 [pool-383-thread-1] INFO  impl.RaftServerImpl (RaftServerImpl.java:<init>(95)) - a0cfe848-65f9-45cc-894d-97058114ebc4: new RaftServerImpl for group-0462A41E2695:[09915764-2c6b-430c-ba30-df162619c3b6:192.168.164.206:40589, a0cfe848-65f9-45cc-894d-97058114ebc4:192.168.164.206:45166, 4f819899-3d19-4cb8-84c1-1d456e79a579:192.168.164.206:39838] with ContainerStateMachine:uninitialized
2019-10-03 20:02:50,526 [pool-393-thread-1] INFO  server.RaftServerConfigKeys (ConfUtils.java:logGet(43)) - raft.server.rpcslowness.timeout = 120s (custom)
2019-10-03 20:02:50,526 [pool-383-thread-1] INFO  server.RaftServerConfigKeys (ConfUtils.java:logGet(43)) - raft.server.rpc.timeout.min = 5s (custom)
2019-10-03 20:02:50,526 [pool-393-thread-1] INFO  server.RaftServerConfigKeys (ConfUtils.java:logGet(43)) - raft.server.sleep.deviation.threshold = 300 (default)
2019-10-03 20:02:50,526 [pool-403-thread-1] INFO  impl.RaftServerImpl (RaftServerImpl.java:<init>(95)) - 4f819899-3d19-4cb8-84c1-1d456e79a579: new RaftServerImpl for group-0462A41E2695:[09915764-2c6b-430c-ba30-df162619c3b6:192.168.164.206:40589, a0cfe848-65f9-45cc-894d-97058114ebc4:192.168.164.206:45166, 4f819899-3d19-4cb8-84c1-1d456e79a579:192.168.164.206:39838] with ContainerStateMachine:uninitialized
2019-10-03 20:02:50,526 [pool-383-thread-1] INFO  server.RaftServerConfigKeys (ConfUtils.java:logGet(43)) - raft.server.rpc.timeout.max = 5200ms (custom)
2019-10-03 20:02:50,527 [pool-403-thread-1] INFO  server.RaftServerConfigKeys (ConfUtils.java:logGet(43)) - raft.server.rpc.timeout.min = 5s (custom)
2019-10-03 20:02:50,526 [pool-393-thread-1] INFO  server.RaftServerConfigKeys (ConfUtils.java:logGet(43)) - raft.server.log.appender.install.snapshot.enabled = false (custom)
2019-10-03 20:02:50,527 [pool-403-thread-1] INFO  server.RaftServerConfigKeys (ConfUtils.java:logGet(43)) - raft.server.rpc.timeout.max = 5200ms (custom)
2019-10-03 20:02:50,527 [pool-383-thread-1] INFO  server.RaftServerConfigKeys (ConfUtils.java:logGet(43)) - raft.server.rpcslowness.timeout = 120s (custom)
2019-10-03 20:02:50,527 [pool-403-thread-1] INFO  server.RaftServerConfigKeys (ConfUtils.java:logGet(43)) - raft.server.rpcslowness.timeout = 120s (custom)
2019-10-03 20:02:50,527 [pool-393-thread-1] INFO  impl.RaftServerImpl (ServerState.java:<init>(103)) - 09915764-2c6b-430c-ba30-df162619c3b6@group-0462A41E2695: ConfigurationManager, init=-1: [09915764-2c6b-430c-ba30-df162619c3b6:192.168.164.206:40589, a0cfe848-65f9-45cc-894d-97058114ebc4:192.168.164.206:45166, 4f819899-3d19-4cb8-84c1-1d456e79a579:192.168.164.206:39838], old=null, confs=<EMPTY_MAP>
2019-10-03 20:02:50,527 [pool-403-thread-1] INFO  server.RaftServerConfigKeys (ConfUtils.java:logGet(43)) - raft.server.sleep.deviation.threshold = 300 (default)
2019-10-03 20:02:50,527 [pool-393-thread-1] INFO  server.RaftServerConfigKeys (ConfUtils.java:logGet(43)) - raft.server.storage.dir = [/workdir/hadoop-ozone/integration-test/target/test-dir/MiniOzoneClusterImpl-4da3e29e-7197-414b-b066-3b2e861cdb23/datanode-1/data/ratis] (custom)
2019-10-03 20:02:50,527 [pool-383-thread-1] INFO  server.RaftServerConfigKeys (ConfUtils.java:logGet(43)) - raft.server.sleep.deviation.threshold = 300 (default)
2019-10-03 20:02:50,527 [pool-403-thread-1] INFO  server.RaftServerConfigKeys (ConfUtils.java:logGet(43)) - raft.server.log.appender.install.snapshot.enabled = false (custom)
2019-10-03 20:02:50,527 [pool-393-thread-1] INFO  server.RaftServerConfigKeys (ConfUtils.java:logGet(43)) - raft.server.log.corruption.policy = EXCEPTION (default)
2019-10-03 20:02:50,527 [pool-383-thread-1] INFO  server.RaftServerConfigKeys (ConfUtils.java:logGet(43)) - raft.server.log.appender.install.snapshot.enabled = false (custom)
2019-10-03 20:02:50,528 [pool-403-thread-1] INFO  impl.RaftServerImpl (ServerState.java:<init>(103)) - 4f819899-3d19-4cb8-84c1-1d456e79a579@group-0462A41E2695: ConfigurationManager, init=-1: [09915764-2c6b-430c-ba30-df162619c3b6:192.168.164.206:40589, a0cfe848-65f9-45cc-894d-97058114ebc4:192.168.164.206:45166, 4f819899-3d19-4cb8-84c1-1d456e79a579:192.168.164.206:39838], old=null, confs=<EMPTY_MAP>
2019-10-03 20:02:50,528 [pool-393-thread-1] INFO  storage.RaftStorageDirectory (RaftStorageDirectory.java:analyzeStorage(246)) - The storage directory /workdir/hadoop-ozone/integration-test/target/test-dir/MiniOzoneClusterImpl-4da3e29e-7197-414b-b066-3b2e861cdb23/datanode-1/data/ratis/82e5d7dc-72f2-43c3-ac1a-0462a41e2695 does not exist. Creating ...
2019-10-03 20:02:50,528 [pool-383-thread-1] INFO  impl.RaftServerImpl (ServerState.java:<init>(103)) - a0cfe848-65f9-45cc-894d-97058114ebc4@group-0462A41E2695: ConfigurationManager, init=-1: [09915764-2c6b-430c-ba30-df162619c3b6:192.168.164.206:40589, a0cfe848-65f9-45cc-894d-97058114ebc4:192.168.164.206:45166, 4f819899-3d19-4cb8-84c1-1d456e79a579:192.168.164.206:39838], old=null, confs=<EMPTY_MAP>
2019-10-03 20:02:50,528 [pool-403-thread-1] INFO  server.RaftServerConfigKeys (ConfUtils.java:logGet(43)) - raft.server.storage.dir = [/workdir/hadoop-ozone/integration-test/target/test-dir/MiniOzoneClusterImpl-4da3e29e-7197-414b-b066-3b2e861cdb23/datanode-2/data/ratis] (custom)
2019-10-03 20:02:50,528 [pool-383-thread-1] INFO  server.RaftServerConfigKeys (ConfUtils.java:logGet(43)) - raft.server.storage.dir = [/workdir/hadoop-ozone/integration-test/target/test-dir/MiniOzoneClusterImpl-4da3e29e-7197-414b-b066-3b2e861cdb23/datanode-0/data/ratis] (custom)
2019-10-03 20:02:50,528 [pool-403-thread-1] INFO  server.RaftServerConfigKeys (ConfUtils.java:logGet(43)) - raft.server.log.corruption.policy = EXCEPTION (default)
2019-10-03 20:02:50,528 [pool-383-thread-1] INFO  server.RaftServerConfigKeys (ConfUtils.java:logGet(43)) - raft.server.log.corruption.policy = EXCEPTION (default)
2019-10-03 20:02:50,528 [pool-403-thread-1] INFO  storage.RaftStorageDirectory (RaftStorageDirectory.java:analyzeStorage(246)) - The storage directory /workdir/hadoop-ozone/integration-test/target/test-dir/MiniOzoneClusterImpl-4da3e29e-7197-414b-b066-3b2e861cdb23/datanode-2/data/ratis/82e5d7dc-72f2-43c3-ac1a-0462a41e2695 does not exist. Creating ...
2019-10-03 20:02:50,528 [pool-383-thread-1] INFO  storage.RaftStorageDirectory (RaftStorageDirectory.java:analyzeStorage(246)) - The storage directory /workdir/hadoop-ozone/integration-test/target/test-dir/MiniOzoneClusterImpl-4da3e29e-7197-414b-b066-3b2e861cdb23/datanode-0/data/ratis/82e5d7dc-72f2-43c3-ac1a-0462a41e2695 does not exist. Creating ...
2019-10-03 20:02:50,539 [pool-383-thread-1] INFO  storage.RaftStorageDirectory (RaftStorageDirectory.java:tryLock(328)) - Lock on /workdir/hadoop-ozone/integration-test/target/test-dir/MiniOzoneClusterImpl-4da3e29e-7197-414b-b066-3b2e861cdb23/datanode-0/data/ratis/82e5d7dc-72f2-43c3-ac1a-0462a41e2695/in_use.lock acquired by nodename 12811@pr-hdds-2240-9gllg-3097873054
2019-10-03 20:02:50,539 [pool-393-thread-1] INFO  storage.RaftStorageDirectory (RaftStorageDirectory.java:tryLock(328)) - Lock on /workdir/hadoop-ozone/integration-test/target/test-dir/MiniOzoneClusterImpl-4da3e29e-7197-414b-b066-3b2e861cdb23/datanode-1/data/ratis/82e5d7dc-72f2-43c3-ac1a-0462a41e2695/in_use.lock acquired by nodename 12811@pr-hdds-2240-9gllg-3097873054
2019-10-03 20:02:50,539 [pool-403-thread-1] INFO  storage.RaftStorageDirectory (RaftStorageDirectory.java:tryLock(328)) - Lock on /workdir/hadoop-ozone/integration-test/target/test-dir/MiniOzoneClusterImpl-4da3e29e-7197-414b-b066-3b2e861cdb23/datanode-2/data/ratis/82e5d7dc-72f2-43c3-ac1a-0462a41e2695/in_use.lock acquired by nodename 12811@pr-hdds-2240-9gllg-3097873054
2019-10-03 20:02:50,553 [pool-403-thread-1] INFO  storage.RaftStorage (RaftStorage.java:format(84)) - Storage directory /workdir/hadoop-ozone/integration-test/target/test-dir/MiniOzoneClusterImpl-4da3e29e-7197-414b-b066-3b2e861cdb23/datanode-2/data/ratis/82e5d7dc-72f2-43c3-ac1a-0462a41e2695 has been successfully formatted.
2019-10-03 20:02:50,553 [pool-393-thread-1] INFO  storage.RaftStorage (RaftStorage.java:format(84)) - Storage directory /workdir/hadoop-ozone/integration-test/target/test-dir/MiniOzoneClusterImpl-4da3e29e-7197-414b-b066-3b2e861cdb23/datanode-1/data/ratis/82e5d7dc-72f2-43c3-ac1a-0462a41e2695 has been successfully formatted.
2019-10-03 20:02:50,553 [pool-383-thread-1] INFO  storage.RaftStorage (RaftStorage.java:format(84)) - Storage directory /workdir/hadoop-ozone/integration-test/target/test-dir/MiniOzoneClusterImpl-4da3e29e-7197-414b-b066-3b2e861cdb23/datanode-0/data/ratis/82e5d7dc-72f2-43c3-ac1a-0462a41e2695 has been successfully formatted.
2019-10-03 20:02:50,553 [pool-403-thread-1] INFO  ratis.ContainerStateMachine (ContainerStateMachine.java:loadSnapshot(230)) - group-0462A41E2695: The snapshot info is null. Setting the last applied indexto:(t:0, i:~)
2019-10-03 20:02:50,554 [pool-383-thread-1] INFO  ratis.ContainerStateMachine (ContainerStateMachine.java:loadSnapshot(230)) - group-0462A41E2695: The snapshot info is null. Setting the last applied indexto:(t:0, i:~)
2019-10-03 20:02:50,554 [pool-403-thread-1] INFO  server.RaftServerConfigKeys (ConfUtils.java:logGet(43)) - raft.server.notification.no-leader.timeout = 120s (custom)
2019-10-03 20:02:50,554 [pool-393-thread-1] INFO  ratis.ContainerStateMachine (ContainerStateMachine.java:loadSnapshot(230)) - group-0462A41E2695: The snapshot info is null. Setting the last applied indexto:(t:0, i:~)
2019-10-03 20:02:50,554 [pool-403-thread-1] INFO  server.RaftServerConfigKeys (ConfUtils.java:logGet(43)) - raft.server.log.use.memory = false (default)
2019-10-03 20:02:50,554 [pool-383-thread-1] INFO  server.RaftServerConfigKeys (ConfUtils.java:logGet(43)) - raft.server.notification.no-leader.timeout = 120s (custom)
2019-10-03 20:02:50,554 [pool-403-thread-1] INFO  server.RaftServerConfigKeys (ConfUtils.java:logGet(43)) - raft.server.log.purge.gap = 1000000 (custom)
2019-10-03 20:02:50,554 [pool-403-thread-1] INFO  server.RaftServerConfigKeys (ConfUtils.java:logGet(43)) - raft.server.log.appender.buffer.byte-limit = 33554432 (custom)
2019-10-03 20:02:50,554 [pool-393-thread-1] INFO  server.RaftServerConfigKeys (ConfUtils.java:logGet(43)) - raft.server.notification.no-leader.timeout = 120s (custom)
2019-10-03 20:02:50,554 [pool-403-thread-1] INFO  server.RaftServerConfigKeys (ConfUtils.java:logGet(43)) - raft.server.log.segment.size.max = 1048576 (custom)
2019-10-03 20:02:50,554 [pool-383-thread-1] INFO  server.RaftServerConfigKeys (ConfUtils.java:logGet(43)) - raft.server.log.use.memory = false (default)
2019-10-03 20:02:50,555 [pool-403-thread-1] INFO  server.RaftServerConfigKeys (ConfUtils.java:logGet(43)) - raft.server.log.segment.cache.num.max = 2 (custom)
2019-10-03 20:02:50,555 [pool-393-thread-1] INFO  server.RaftServerConfigKeys (ConfUtils.java:logGet(43)) - raft.server.log.use.memory = false (default)
2019-10-03 20:02:50,555 [pool-403-thread-1] INFO  segmented.SegmentedRaftLogWorker (SegmentedRaftLogWorker.java:<init>(173)) - new 4f819899-3d19-4cb8-84c1-1d456e79a579@group-0462A41E2695-SegmentedRaftLogWorker for RaftStorage:Storage Directory /workdir/hadoop-ozone/integration-test/target/test-dir/MiniOzoneClusterImpl-4da3e29e-7197-414b-b066-3b2e861cdb23/datanode-2/data/ratis/82e5d7dc-72f2-43c3-ac1a-0462a41e2695
2019-10-03 20:02:50,555 [pool-383-thread-1] INFO  server.RaftServerConfigKeys (ConfUtils.java:logGet(43)) - raft.server.log.purge.gap = 1000000 (custom)
2019-10-03 20:02:50,555 [pool-403-thread-1] INFO  server.RaftServerConfigKeys (ConfUtils.java:logGet(43)) - raft.server.log.queue.byte-limit = 2147483647 (custom)
2019-10-03 20:02:50,555 [pool-393-thread-1] INFO  server.RaftServerConfigKeys (ConfUtils.java:logGet(43)) - raft.server.log.purge.gap = 1000000 (custom)
2019-10-03 20:02:50,555 [pool-403-thread-1] INFO  server.RaftServerConfigKeys (ConfUtils.java:logGet(43)) - raft.server.log.queue.element-limit = 1024 (custom)
2019-10-03 20:02:50,555 [pool-383-thread-1] INFO  server.RaftServerConfigKeys (ConfUtils.java:logGet(43)) - raft.server.log.appender.buffer.byte-limit = 33554432 (custom)
2019-10-03 20:02:50,556 [pool-403-thread-1] INFO  server.RaftServerConfigKeys (ConfUtils.java:logGet(43)) - raft.server.log.segment.size.max = 1048576 (custom)
2019-10-03 20:02:50,556 [pool-383-thread-1] INFO  server.RaftServerConfigKeys (ConfUtils.java:logGet(43)) - raft.server.log.segment.size.max = 1048576 (custom)
2019-10-03 20:02:50,556 [pool-393-thread-1] INFO  server.RaftServerConfigKeys (ConfUtils.java:logGet(43)) - raft.server.log.appender.buffer.byte-limit = 33554432 (custom)
2019-10-03 20:02:50,556 [pool-383-thread-1] INFO  server.RaftServerConfigKeys (ConfUtils.java:logGet(43)) - raft.server.log.segment.cache.num.max = 2 (custom)
2019-10-03 20:02:50,556 [pool-403-thread-1] INFO  server.RaftServerConfigKeys (ConfUtils.java:logGet(43)) - raft.server.log.preallocated.size = 16384 (custom)
2019-10-03 20:02:50,556 [pool-383-thread-1] INFO  segmented.SegmentedRaftLogWorker (SegmentedRaftLogWorker.java:<init>(173)) - new a0cfe848-65f9-45cc-894d-97058114ebc4@group-0462A41E2695-SegmentedRaftLogWorker for RaftStorage:Storage Directory /workdir/hadoop-ozone/integration-test/target/test-dir/MiniOzoneClusterImpl-4da3e29e-7197-414b-b066-3b2e861cdb23/datanode-0/data/ratis/82e5d7dc-72f2-43c3-ac1a-0462a41e2695
2019-10-03 20:02:50,556 [pool-393-thread-1] INFO  server.RaftServerConfigKeys (ConfUtils.java:logGet(43)) - raft.server.log.segment.size.max = 1048576 (custom)
2019-10-03 20:02:50,557 [pool-383-thread-1] INFO  server.RaftServerConfigKeys (ConfUtils.java:logGet(43)) - raft.server.log.queue.byte-limit = 2147483647 (custom)
2019-10-03 20:02:50,556 [pool-403-thread-1] INFO  server.RaftServerConfigKeys (ConfUtils.java:logGet(43)) - raft.server.log.write.buffer.size = 33554432 (custom)
2019-10-03 20:02:50,557 [pool-383-thread-1] INFO  server.RaftServerConfigKeys (ConfUtils.java:logGet(43)) - raft.server.log.queue.element-limit = 1024 (custom)
2019-10-03 20:02:50,557 [pool-393-thread-1] INFO  server.RaftServerConfigKeys (ConfUtils.java:logGet(43)) - raft.server.log.segment.cache.num.max = 2 (custom)
2019-10-03 20:02:50,557 [pool-383-thread-1] INFO  server.RaftServerConfigKeys (ConfUtils.java:logGet(43)) - raft.server.log.segment.size.max = 1048576 (custom)
2019-10-03 20:02:50,557 [pool-403-thread-1] INFO  server.RaftServerConfigKeys (ConfUtils.java:logGet(43)) - raft.server.log.force.sync.num = 128 (default)
2019-10-03 20:02:50,557 [pool-383-thread-1] INFO  server.RaftServerConfigKeys (ConfUtils.java:logGet(43)) - raft.server.log.preallocated.size = 16384 (custom)
2019-10-03 20:02:50,557 [pool-393-thread-1] INFO  segmented.SegmentedRaftLogWorker (SegmentedRaftLogWorker.java:<init>(173)) - new 09915764-2c6b-430c-ba30-df162619c3b6@group-0462A41E2695-SegmentedRaftLogWorker for RaftStorage:Storage Directory /workdir/hadoop-ozone/integration-test/target/test-dir/MiniOzoneClusterImpl-4da3e29e-7197-414b-b066-3b2e861cdb23/datanode-1/data/ratis/82e5d7dc-72f2-43c3-ac1a-0462a41e2695
2019-10-03 20:02:50,558 [pool-383-thread-1] INFO  server.RaftServerConfigKeys (ConfUtils.java:logGet(43)) - raft.server.log.write.buffer.size = 33554432 (custom)
2019-10-03 20:02:50,558 [pool-403-thread-1] INFO  server.RaftServerConfigKeys (ConfUtils.java:logGet(43)) - raft.server.log.statemachine.data.sync = true (default)
2019-10-03 20:02:50,558 [pool-383-thread-1] INFO  server.RaftServerConfigKeys (ConfUtils.java:logGet(43)) - raft.server.log.force.sync.num = 128 (default)
2019-10-03 20:02:50,558 [pool-393-thread-1] INFO  server.RaftServerConfigKeys (ConfUtils.java:logGet(43)) - raft.server.log.queue.byte-limit = 2147483647 (custom)
2019-10-03 20:02:50,558 [pool-383-thread-1] INFO  server.RaftServerConfigKeys (ConfUtils.java:logGet(43)) - raft.server.log.statemachine.data.sync = true (default)
2019-10-03 20:02:50,558 [pool-403-thread-1] INFO  server.RaftServerConfigKeys (ConfUtils.java:logGet(43)) - raft.server.log.statemachine.data.sync.timeout = 10s (default)
2019-10-03 20:02:50,559 [pool-383-thread-1] INFO  server.RaftServerConfigKeys (ConfUtils.java:logGet(43)) - raft.server.log.statemachine.data.sync.timeout = 10s (default)
2019-10-03 20:02:50,558 [pool-393-thread-1] INFO  server.RaftServerConfigKeys (ConfUtils.java:logGet(43)) - raft.server.log.queue.element-limit = 1024 (custom)
2019-10-03 20:02:50,559 [pool-383-thread-1] INFO  server.RaftServerConfigKeys (ConfUtils.java:logGet(43)) - raft.server.log.statemachine.data.sync.timeout.retry = -1 (default)
2019-10-03 20:02:50,559 [pool-403-thread-1] INFO  server.RaftServerConfigKeys (ConfUtils.java:logGet(43)) - raft.server.log.statemachine.data.sync.timeout.retry = -1 (default)
2019-10-03 20:02:50,559 [pool-393-thread-1] INFO  server.RaftServerConfigKeys (ConfUtils.java:logGet(43)) - raft.server.log.segment.size.max = 1048576 (custom)
2019-10-03 20:02:50,559 [pool-403-thread-1] INFO  server.RaftServerConfigKeys (ConfUtils.java:logGet(43)) - raft.server.log.statemachine.data.caching.enabled = true (custom)
2019-10-03 20:02:50,559 [pool-383-thread-1] INFO  server.RaftServerConfigKeys (ConfUtils.java:logGet(43)) - raft.server.log.statemachine.data.caching.enabled = true (custom)
2019-10-03 20:02:50,560 [pool-403-thread-1] INFO  segmented.SegmentedRaftLogWorker (SegmentedRaftLogWorker.java:lambda$new$0(128)) - 4f819899-3d19-4cb8-84c1-1d456e79a579@group-0462A41E2695-SegmentedRaftLogWorker: flushIndex: setUnconditionally 0 -> -1
2019-10-03 20:02:50,559 [pool-393-thread-1] INFO  server.RaftServerConfigKeys (ConfUtils.java:logGet(43)) - raft.server.log.preallocated.size = 16384 (custom)
2019-10-03 20:02:50,560 [pool-383-thread-1] INFO  segmented.SegmentedRaftLogWorker (SegmentedRaftLogWorker.java:lambda$new$0(128)) - a0cfe848-65f9-45cc-894d-97058114ebc4@group-0462A41E2695-SegmentedRaftLogWorker: flushIndex: setUnconditionally 0 -> -1
2019-10-03 20:02:50,560 [pool-403-thread-1] INFO  server.RaftServerConfigKeys (ConfUtils.java:logGet(43)) - raft.server.snapshot.auto.trigger.enabled = true (custom)
2019-10-03 20:02:50,560 [pool-393-thread-1] INFO  server.RaftServerConfigKeys (ConfUtils.java:logGet(43)) - raft.server.log.write.buffer.size = 33554432 (custom)
2019-10-03 20:02:50,560 [pool-383-thread-1] INFO  server.RaftServerConfigKeys (ConfUtils.java:logGet(43)) - raft.server.snapshot.auto.trigger.enabled = true (custom)
2019-10-03 20:02:50,560 [pool-403-thread-1] INFO  server.RaftServerConfigKeys (ConfUtils.java:logGet(43)) - raft.server.snapshot.auto.trigger.threshold = 10000 (custom)
2019-10-03 20:02:50,561 [pool-383-thread-1] INFO  server.RaftServerConfigKeys (ConfUtils.java:logGet(43)) - raft.server.snapshot.auto.trigger.threshold = 10000 (custom)
2019-10-03 20:02:50,560 [pool-393-thread-1] INFO  server.RaftServerConfigKeys (ConfUtils.java:logGet(43)) - raft.server.log.force.sync.num = 128 (default)
2019-10-03 20:02:50,561 [pool-383-thread-1] INFO  server.RaftServerConfigKeys (ConfUtils.java:logGet(43)) - raft.server.snapshot.retention.file.num = 5 (custom)
2019-10-03 20:02:50,561 [IPC Server handler 7 on 38112] INFO  net.NetworkTopology (NetworkTopologyImpl.java:add(111)) - Added a new node: /default-rack/6ad5b5ab-60d3-486a-9189-d3e4623e6b7b
2019-10-03 20:02:50,561 [pool-403-thread-1] INFO  server.RaftServerConfigKeys (ConfUtils.java:logGet(43)) - raft.server.snapshot.retention.file.num = 5 (custom)
2019-10-03 20:02:50,561 [IPC Server handler 7 on 38112] INFO  node.SCMNodeManager (SCMNodeManager.java:register(266)) - Registered Data node : 6ad5b5ab-60d3-486a-9189-d3e4623e6b7b{ip: 192.168.164.206, host: pr-hdds-2240-9gllg-3097873054, networkLocation: /default-rack, certSerialId: null}
2019-10-03 20:02:50,561 [pool-383-thread-1] INFO  server.RaftServerConfigKeys (ConfUtils.java:logGet(43)) - raft.server.retrycache.expirytime = 600000ms (custom)
2019-10-03 20:02:50,561 [pool-393-thread-1] INFO  server.RaftServerConfigKeys (ConfUtils.java:logGet(43)) - raft.server.log.statemachine.data.sync = true (default)
2019-10-03 20:02:50,561 [pool-403-thread-1] INFO  server.RaftServerConfigKeys (ConfUtils.java:logGet(43)) - raft.server.retrycache.expirytime = 600000ms (custom)
2019-10-03 20:02:50,562 [pool-393-thread-1] INFO  server.RaftServerConfigKeys (ConfUtils.java:logGet(43)) - raft.server.log.statemachine.data.sync.timeout = 10s (default)
2019-10-03 20:02:50,562 [pool-393-thread-1] INFO  server.RaftServerConfigKeys (ConfUtils.java:logGet(43)) - raft.server.log.statemachine.data.sync.timeout.retry = -1 (default)
2019-10-03 20:02:50,563 [pool-393-thread-1] INFO  server.RaftServerConfigKeys (ConfUtils.java:logGet(43)) - raft.server.log.statemachine.data.caching.enabled = true (custom)
2019-10-03 20:02:50,563 [pool-393-thread-1] INFO  segmented.SegmentedRaftLogWorker (SegmentedRaftLogWorker.java:lambda$new$0(128)) - 09915764-2c6b-430c-ba30-df162619c3b6@group-0462A41E2695-SegmentedRaftLogWorker: flushIndex: setUnconditionally 0 -> -1
2019-10-03 20:02:50,563 [pool-393-thread-1] INFO  server.RaftServerConfigKeys (ConfUtils.java:logGet(43)) - raft.server.snapshot.auto.trigger.enabled = true (custom)
2019-10-03 20:02:50,563 [pool-393-thread-1] INFO  server.RaftServerConfigKeys (ConfUtils.java:logGet(43)) - raft.server.snapshot.auto.trigger.threshold = 10000 (custom)
2019-10-03 20:02:50,564 [pool-393-thread-1] INFO  server.RaftServerConfigKeys (ConfUtils.java:logGet(43)) - raft.server.snapshot.retention.file.num = 5 (custom)
2019-10-03 20:02:50,564 [pool-393-thread-1] INFO  server.RaftServerConfigKeys (ConfUtils.java:logGet(43)) - raft.server.retrycache.expirytime = 600000ms (custom)
2019-10-03 20:02:50,564 [pool-403-thread-1] INFO  impl.RaftServerImpl (RaftServerImpl.java:start(181)) - 4f819899-3d19-4cb8-84c1-1d456e79a579@group-0462A41E2695: start as a follower, conf=-1: [09915764-2c6b-430c-ba30-df162619c3b6:192.168.164.206:40589, a0cfe848-65f9-45cc-894d-97058114ebc4:192.168.164.206:45166, 4f819899-3d19-4cb8-84c1-1d456e79a579:192.168.164.206:39838], old=null
2019-10-03 20:02:50,565 [pool-403-thread-1] INFO  impl.RaftServerImpl (RaftServerImpl.java:setRole(170)) - 4f819899-3d19-4cb8-84c1-1d456e79a579@group-0462A41E2695: changes role from      null to FOLLOWER at term 0 for startAsFollower
2019-10-03 20:02:50,565 [pool-403-thread-1] INFO  impl.RoleInfo (RoleInfo.java:updateAndGet(143)) - 4f819899-3d19-4cb8-84c1-1d456e79a579: start FollowerState
2019-10-03 20:02:50,565 [pool-403-thread-1] INFO  util.JmxRegister (JmxRegister.java:tryRegister(44)) - Successfully registered JMX Bean with object name Ratis:service=RaftServer,group=group-0462A41E2695,id=4f819899-3d19-4cb8-84c1-1d456e79a579
2019-10-03 20:02:50,565 [pool-383-thread-1] INFO  impl.RaftServerImpl (RaftServerImpl.java:start(181)) - a0cfe848-65f9-45cc-894d-97058114ebc4@group-0462A41E2695: start as a follower, conf=-1: [09915764-2c6b-430c-ba30-df162619c3b6:192.168.164.206:40589, a0cfe848-65f9-45cc-894d-97058114ebc4:192.168.164.206:45166, 4f819899-3d19-4cb8-84c1-1d456e79a579:192.168.164.206:39838], old=null
2019-10-03 20:02:50,565 [pool-383-thread-1] INFO  impl.RaftServerImpl (RaftServerImpl.java:setRole(170)) - a0cfe848-65f9-45cc-894d-97058114ebc4@group-0462A41E2695: changes role from      null to FOLLOWER at term 0 for startAsFollower
2019-10-03 20:02:50,566 [pool-383-thread-1] INFO  impl.RoleInfo (RoleInfo.java:updateAndGet(143)) - a0cfe848-65f9-45cc-894d-97058114ebc4: start FollowerState
2019-10-03 20:02:50,566 [pool-383-thread-1] INFO  util.JmxRegister (JmxRegister.java:tryRegister(44)) - Successfully registered JMX Bean with object name Ratis:service=RaftServer,group=group-0462A41E2695,id=a0cfe848-65f9-45cc-894d-97058114ebc4
2019-10-03 20:02:50,566 [pool-393-thread-1] INFO  impl.RaftServerImpl (RaftServerImpl.java:start(181)) - 09915764-2c6b-430c-ba30-df162619c3b6@group-0462A41E2695: start as a follower, conf=-1: [09915764-2c6b-430c-ba30-df162619c3b6:192.168.164.206:40589, a0cfe848-65f9-45cc-894d-97058114ebc4:192.168.164.206:45166, 4f819899-3d19-4cb8-84c1-1d456e79a579:192.168.164.206:39838], old=null
2019-10-03 20:02:50,566 [pool-393-thread-1] INFO  impl.RaftServerImpl (RaftServerImpl.java:setRole(170)) - 09915764-2c6b-430c-ba30-df162619c3b6@group-0462A41E2695: changes role from      null to FOLLOWER at term 0 for startAsFollower
2019-10-03 20:02:50,566 [pool-393-thread-1] INFO  impl.RoleInfo (RoleInfo.java:updateAndGet(143)) - 09915764-2c6b-430c-ba30-df162619c3b6: start FollowerState
2019-10-03 20:02:50,567 [pool-393-thread-1] INFO  util.JmxRegister (JmxRegister.java:tryRegister(44)) - Successfully registered JMX Bean with object name Ratis:service=RaftServer,group=group-0462A41E2695,id=09915764-2c6b-430c-ba30-df162619c3b6
2019-10-03 20:02:50,572 [RatisPipelineUtilsThread] INFO  pipeline.PipelineStateManager (PipelineStateManager.java:addPipeline(56)) - Created pipeline Pipeline[ Id: 82e5d7dc-72f2-43c3-ac1a-0462a41e2695, Nodes: a0cfe848-65f9-45cc-894d-97058114ebc4{ip: 192.168.164.206, host: pr-hdds-2240-9gllg-3097873054, networkLocation: /default-rack, certSerialId: null}09915764-2c6b-430c-ba30-df162619c3b6{ip: 192.168.164.206, host: pr-hdds-2240-9gllg-3097873054, networkLocation: /default-rack, certSerialId: null}4f819899-3d19-4cb8-84c1-1d456e79a579{ip: 192.168.164.206, host: pr-hdds-2240-9gllg-3097873054, networkLocation: /default-rack, certSerialId: null}, Type:RATIS, Factor:THREE, State:OPEN]
2019-10-03 20:02:50,639 [IPC Server handler 0 on 38112] INFO  net.NetworkTopology (NetworkTopologyImpl.java:add(111)) - Added a new node: /default-rack/ce411441-ec74-41fb-ae47-ef2da38128da
2019-10-03 20:02:50,639 [IPC Server handler 0 on 38112] INFO  node.SCMNodeManager (SCMNodeManager.java:register(266)) - Registered Data node : ce411441-ec74-41fb-ae47-ef2da38128da{ip: 192.168.164.206, host: pr-hdds-2240-9gllg-3097873054, networkLocation: /default-rack, certSerialId: null}
2019-10-03 20:02:50,646 [grpc-default-executor-3] INFO  impl.RaftServerProxy (RaftServerProxy.java:addNew(89)) - ce411441-ec74-41fb-ae47-ef2da38128da: addNew group-02140DEB1C8A:[ce411441-ec74-41fb-ae47-ef2da38128da:192.168.164.206:42776] returns group-02140DEB1C8A:java.util.concurrent.CompletableFuture@85ce814[Not completed]
2019-10-03 20:02:50,649 [pool-423-thread-1] INFO  impl.RaftServerImpl (RaftServerImpl.java:<init>(95)) - ce411441-ec74-41fb-ae47-ef2da38128da: new RaftServerImpl for group-02140DEB1C8A:[ce411441-ec74-41fb-ae47-ef2da38128da:192.168.164.206:42776] with ContainerStateMachine:uninitialized
2019-10-03 20:02:50,649 [pool-423-thread-1] INFO  server.RaftServerConfigKeys (ConfUtils.java:logGet(43)) - raft.server.rpc.timeout.min = 5s (custom)
2019-10-03 20:02:50,650 [pool-423-thread-1] INFO  server.RaftServerConfigKeys (ConfUtils.java:logGet(43)) - raft.server.rpc.timeout.max = 5200ms (custom)
2019-10-03 20:02:50,650 [pool-423-thread-1] INFO  server.RaftServerConfigKeys (ConfUtils.java:logGet(43)) - raft.server.rpcslowness.timeout = 120s (custom)
2019-10-03 20:02:50,650 [pool-423-thread-1] INFO  server.RaftServerConfigKeys (ConfUtils.java:logGet(43)) - raft.server.sleep.deviation.threshold = 300 (default)
2019-10-03 20:02:50,650 [pool-423-thread-1] INFO  server.RaftServerConfigKeys (ConfUtils.java:logGet(43)) - raft.server.log.appender.install.snapshot.enabled = false (custom)
2019-10-03 20:02:50,650 [pool-423-thread-1] INFO  impl.RaftServerImpl (ServerState.java:<init>(103)) - ce411441-ec74-41fb-ae47-ef2da38128da@group-02140DEB1C8A: ConfigurationManager, init=-1: [ce411441-ec74-41fb-ae47-ef2da38128da:192.168.164.206:42776], old=null, confs=<EMPTY_MAP>
2019-10-03 20:02:50,650 [pool-423-thread-1] INFO  server.RaftServerConfigKeys (ConfUtils.java:logGet(43)) - raft.server.storage.dir = [/workdir/hadoop-ozone/integration-test/target/test-dir/MiniOzoneClusterImpl-4da3e29e-7197-414b-b066-3b2e861cdb23/datanode-4/data/ratis] (custom)
2019-10-03 20:02:50,651 [pool-423-thread-1] INFO  server.RaftServerConfigKeys (ConfUtils.java:logGet(43)) - raft.server.log.corruption.policy = EXCEPTION (default)
2019-10-03 20:02:50,651 [pool-423-thread-1] INFO  storage.RaftStorageDirectory (RaftStorageDirectory.java:analyzeStorage(246)) - The storage directory /workdir/hadoop-ozone/integration-test/target/test-dir/MiniOzoneClusterImpl-4da3e29e-7197-414b-b066-3b2e861cdb23/datanode-4/data/ratis/f267a886-088d-48a8-a21b-02140deb1c8a does not exist. Creating ...
2019-10-03 20:02:50,664 [pool-423-thread-1] INFO  storage.RaftStorageDirectory (RaftStorageDirectory.java:tryLock(328)) - Lock on /workdir/hadoop-ozone/integration-test/target/test-dir/MiniOzoneClusterImpl-4da3e29e-7197-414b-b066-3b2e861cdb23/datanode-4/data/ratis/f267a886-088d-48a8-a21b-02140deb1c8a/in_use.lock acquired by nodename 12811@pr-hdds-2240-9gllg-3097873054
2019-10-03 20:02:50,681 [pool-423-thread-1] INFO  storage.RaftStorage (RaftStorage.java:format(84)) - Storage directory /workdir/hadoop-ozone/integration-test/target/test-dir/MiniOzoneClusterImpl-4da3e29e-7197-414b-b066-3b2e861cdb23/datanode-4/data/ratis/f267a886-088d-48a8-a21b-02140deb1c8a has been successfully formatted.
2019-10-03 20:02:50,681 [pool-423-thread-1] INFO  ratis.ContainerStateMachine (ContainerStateMachine.java:loadSnapshot(230)) - group-02140DEB1C8A: The snapshot info is null. Setting the last applied indexto:(t:0, i:~)
2019-10-03 20:02:50,681 [pool-423-thread-1] INFO  server.RaftServerConfigKeys (ConfUtils.java:logGet(43)) - raft.server.notification.no-leader.timeout = 120s (custom)
2019-10-03 20:02:50,682 [pool-423-thread-1] INFO  server.RaftServerConfigKeys (ConfUtils.java:logGet(43)) - raft.server.log.use.memory = false (default)
2019-10-03 20:02:50,682 [pool-423-thread-1] INFO  server.RaftServerConfigKeys (ConfUtils.java:logGet(43)) - raft.server.log.purge.gap = 1000000 (custom)
2019-10-03 20:02:50,682 [pool-423-thread-1] INFO  server.RaftServerConfigKeys (ConfUtils.java:logGet(43)) - raft.server.log.appender.buffer.byte-limit = 33554432 (custom)
2019-10-03 20:02:50,682 [pool-423-thread-1] INFO  server.RaftServerConfigKeys (ConfUtils.java:logGet(43)) - raft.server.log.segment.size.max = 1048576 (custom)
2019-10-03 20:02:50,685 [pool-423-thread-1] INFO  server.RaftServerConfigKeys (ConfUtils.java:logGet(43)) - raft.server.log.segment.cache.num.max = 2 (custom)
2019-10-03 20:02:50,685 [pool-423-thread-1] INFO  segmented.SegmentedRaftLogWorker (SegmentedRaftLogWorker.java:<init>(173)) - new ce411441-ec74-41fb-ae47-ef2da38128da@group-02140DEB1C8A-SegmentedRaftLogWorker for RaftStorage:Storage Directory /workdir/hadoop-ozone/integration-test/target/test-dir/MiniOzoneClusterImpl-4da3e29e-7197-414b-b066-3b2e861cdb23/datanode-4/data/ratis/f267a886-088d-48a8-a21b-02140deb1c8a
2019-10-03 20:02:50,685 [pool-423-thread-1] INFO  server.RaftServerConfigKeys (ConfUtils.java:logGet(43)) - raft.server.log.queue.byte-limit = 2147483647 (custom)
2019-10-03 20:02:50,685 [pool-423-thread-1] INFO  server.RaftServerConfigKeys (ConfUtils.java:logGet(43)) - raft.server.log.queue.element-limit = 1024 (custom)
2019-10-03 20:02:50,686 [pool-423-thread-1] INFO  server.RaftServerConfigKeys (ConfUtils.java:logGet(43)) - raft.server.log.segment.size.max = 1048576 (custom)
2019-10-03 20:02:50,686 [pool-423-thread-1] INFO  server.RaftServerConfigKeys (ConfUtils.java:logGet(43)) - raft.server.log.preallocated.size = 16384 (custom)
2019-10-03 20:02:50,686 [pool-423-thread-1] INFO  server.RaftServerConfigKeys (ConfUtils.java:logGet(43)) - raft.server.log.write.buffer.size = 33554432 (custom)
2019-10-03 20:02:50,686 [pool-423-thread-1] INFO  server.RaftServerConfigKeys (ConfUtils.java:logGet(43)) - raft.server.log.force.sync.num = 128 (default)
2019-10-03 20:02:50,686 [pool-423-thread-1] INFO  server.RaftServerConfigKeys (ConfUtils.java:logGet(43)) - raft.server.log.statemachine.data.sync = true (default)
2019-10-03 20:02:50,687 [pool-423-thread-1] INFO  server.RaftServerConfigKeys (ConfUtils.java:logGet(43)) - raft.server.log.statemachine.data.sync.timeout = 10s (default)
2019-10-03 20:02:50,687 [pool-423-thread-1] INFO  server.RaftServerConfigKeys (ConfUtils.java:logGet(43)) - raft.server.log.statemachine.data.sync.timeout.retry = -1 (default)
2019-10-03 20:02:50,687 [pool-423-thread-1] INFO  server.RaftServerConfigKeys (ConfUtils.java:logGet(43)) - raft.server.log.statemachine.data.caching.enabled = true (custom)
2019-10-03 20:02:50,688 [pool-423-thread-1] INFO  segmented.SegmentedRaftLogWorker (SegmentedRaftLogWorker.java:lambda$new$0(128)) - ce411441-ec74-41fb-ae47-ef2da38128da@group-02140DEB1C8A-SegmentedRaftLogWorker: flushIndex: setUnconditionally 0 -> -1
2019-10-03 20:02:50,688 [pool-423-thread-1] INFO  server.RaftServerConfigKeys (ConfUtils.java:logGet(43)) - raft.server.snapshot.auto.trigger.enabled = true (custom)
2019-10-03 20:02:50,688 [pool-423-thread-1] INFO  server.RaftServerConfigKeys (ConfUtils.java:logGet(43)) - raft.server.snapshot.auto.trigger.threshold = 10000 (custom)
2019-10-03 20:02:50,688 [pool-423-thread-1] INFO  server.RaftServerConfigKeys (ConfUtils.java:logGet(43)) - raft.server.snapshot.retention.file.num = 5 (custom)
2019-10-03 20:02:50,689 [pool-423-thread-1] INFO  server.RaftServerConfigKeys (ConfUtils.java:logGet(43)) - raft.server.retrycache.expirytime = 600000ms (custom)
2019-10-03 20:02:50,691 [pool-423-thread-1] INFO  impl.RaftServerImpl (RaftServerImpl.java:start(181)) - ce411441-ec74-41fb-ae47-ef2da38128da@group-02140DEB1C8A: start as a follower, conf=-1: [ce411441-ec74-41fb-ae47-ef2da38128da:192.168.164.206:42776], old=null
2019-10-03 20:02:50,691 [pool-423-thread-1] INFO  impl.RaftServerImpl (RaftServerImpl.java:setRole(170)) - ce411441-ec74-41fb-ae47-ef2da38128da@group-02140DEB1C8A: changes role from      null to FOLLOWER at term 0 for startAsFollower
2019-10-03 20:02:50,691 [pool-423-thread-1] INFO  impl.RoleInfo (RoleInfo.java:updateAndGet(143)) - ce411441-ec74-41fb-ae47-ef2da38128da: start FollowerState
2019-10-03 20:02:50,692 [pool-423-thread-1] INFO  util.JmxRegister (JmxRegister.java:tryRegister(44)) - Successfully registered JMX Bean with object name Ratis:service=RaftServer,group=group-02140DEB1C8A,id=ce411441-ec74-41fb-ae47-ef2da38128da
2019-10-03 20:02:50,696 [RatisPipelineUtilsThread] INFO  pipeline.PipelineStateManager (PipelineStateManager.java:addPipeline(56)) - Created pipeline Pipeline[ Id: f267a886-088d-48a8-a21b-02140deb1c8a, Nodes: ce411441-ec74-41fb-ae47-ef2da38128da{ip: 192.168.164.206, host: pr-hdds-2240-9gllg-3097873054, networkLocation: /default-rack, certSerialId: null}, Type:RATIS, Factor:ONE, State:OPEN]
2019-10-03 20:02:50,702 [grpc-default-executor-3] INFO  impl.RaftServerProxy (RaftServerProxy.java:addNew(89)) - 6ad5b5ab-60d3-486a-9189-d3e4623e6b7b: addNew group-574B8253D928:[6ad5b5ab-60d3-486a-9189-d3e4623e6b7b:192.168.164.206:44996] returns group-574B8253D928:java.util.concurrent.CompletableFuture@2add0d62[Not completed]
2019-10-03 20:02:50,703 [pool-413-thread-1] INFO  impl.RaftServerImpl (RaftServerImpl.java:<init>(95)) - 6ad5b5ab-60d3-486a-9189-d3e4623e6b7b: new RaftServerImpl for group-574B8253D928:[6ad5b5ab-60d3-486a-9189-d3e4623e6b7b:192.168.164.206:44996] with ContainerStateMachine:uninitialized
2019-10-03 20:02:50,703 [pool-413-thread-1] INFO  server.RaftServerConfigKeys (ConfUtils.java:logGet(43)) - raft.server.rpc.timeout.min = 5s (custom)
2019-10-03 20:02:50,703 [pool-413-thread-1] INFO  server.RaftServerConfigKeys (ConfUtils.java:logGet(43)) - raft.server.rpc.timeout.max = 5200ms (custom)
2019-10-03 20:02:50,703 [pool-413-thread-1] INFO  server.RaftServerConfigKeys (ConfUtils.java:logGet(43)) - raft.server.rpcslowness.timeout = 120s (custom)
2019-10-03 20:02:50,703 [pool-413-thread-1] INFO  server.RaftServerConfigKeys (ConfUtils.java:logGet(43)) - raft.server.sleep.deviation.threshold = 300 (default)
2019-10-03 20:02:50,703 [pool-413-thread-1] INFO  server.RaftServerConfigKeys (ConfUtils.java:logGet(43)) - raft.server.log.appender.install.snapshot.enabled = false (custom)
2019-10-03 20:02:50,704 [pool-413-thread-1] INFO  impl.RaftServerImpl (ServerState.java:<init>(103)) - 6ad5b5ab-60d3-486a-9189-d3e4623e6b7b@group-574B8253D928: ConfigurationManager, init=-1: [6ad5b5ab-60d3-486a-9189-d3e4623e6b7b:192.168.164.206:44996], old=null, confs=<EMPTY_MAP>
2019-10-03 20:02:50,704 [pool-413-thread-1] INFO  server.RaftServerConfigKeys (ConfUtils.java:logGet(43)) - raft.server.storage.dir = [/workdir/hadoop-ozone/integration-test/target/test-dir/MiniOzoneClusterImpl-4da3e29e-7197-414b-b066-3b2e861cdb23/datanode-3/data/ratis] (custom)
2019-10-03 20:02:50,704 [pool-413-thread-1] INFO  server.RaftServerConfigKeys (ConfUtils.java:logGet(43)) - raft.server.log.corruption.policy = EXCEPTION (default)
2019-10-03 20:02:50,704 [pool-413-thread-1] INFO  storage.RaftStorageDirectory (RaftStorageDirectory.java:analyzeStorage(246)) - The storage directory /workdir/hadoop-ozone/integration-test/target/test-dir/MiniOzoneClusterImpl-4da3e29e-7197-414b-b066-3b2e861cdb23/datanode-3/data/ratis/4268565a-6416-401e-8ca2-574b8253d928 does not exist. Creating ...
2019-10-03 20:02:50,709 [IPC Server handler 3 on 38112] INFO  net.NetworkTopology (NetworkTopologyImpl.java:add(111)) - Added a new node: /default-rack/e3434fd0-8dd0-4b11-8222-03ee75500a2d
2019-10-03 20:02:50,710 [IPC Server handler 3 on 38112] INFO  node.SCMNodeManager (SCMNodeManager.java:register(266)) - Registered Data node : e3434fd0-8dd0-4b11-8222-03ee75500a2d{ip: 192.168.164.206, host: pr-hdds-2240-9gllg-3097873054, networkLocation: /default-rack, certSerialId: null}
2019-10-03 20:02:50,716 [pool-413-thread-1] INFO  storage.RaftStorageDirectory (RaftStorageDirectory.java:tryLock(328)) - Lock on /workdir/hadoop-ozone/integration-test/target/test-dir/MiniOzoneClusterImpl-4da3e29e-7197-414b-b066-3b2e861cdb23/datanode-3/data/ratis/4268565a-6416-401e-8ca2-574b8253d928/in_use.lock acquired by nodename 12811@pr-hdds-2240-9gllg-3097873054
2019-10-03 20:02:50,739 [pool-413-thread-1] INFO  storage.RaftStorage (RaftStorage.java:format(84)) - Storage directory /workdir/hadoop-ozone/integration-test/target/test-dir/MiniOzoneClusterImpl-4da3e29e-7197-414b-b066-3b2e861cdb23/datanode-3/data/ratis/4268565a-6416-401e-8ca2-574b8253d928 has been successfully formatted.
2019-10-03 20:02:50,739 [pool-413-thread-1] INFO  ratis.ContainerStateMachine (ContainerStateMachine.java:loadSnapshot(230)) - group-574B8253D928: The snapshot info is null. Setting the last applied indexto:(t:0, i:~)
2019-10-03 20:02:50,739 [pool-413-thread-1] INFO  server.RaftServerConfigKeys (ConfUtils.java:logGet(43)) - raft.server.notification.no-leader.timeout = 120s (custom)
2019-10-03 20:02:50,739 [pool-413-thread-1] INFO  server.RaftServerConfigKeys (ConfUtils.java:logGet(43)) - raft.server.log.use.memory = false (default)
2019-10-03 20:02:50,739 [pool-413-thread-1] INFO  server.RaftServerConfigKeys (ConfUtils.java:logGet(43)) - raft.server.log.purge.gap = 1000000 (custom)
2019-10-03 20:02:50,740 [pool-413-thread-1] INFO  server.RaftServerConfigKeys (ConfUtils.java:logGet(43)) - raft.server.log.appender.buffer.byte-limit = 33554432 (custom)
2019-10-03 20:02:50,740 [pool-413-thread-1] INFO  server.RaftServerConfigKeys (ConfUtils.java:logGet(43)) - raft.server.log.segment.size.max = 1048576 (custom)
2019-10-03 20:02:50,741 [pool-413-thread-1] INFO  server.RaftServerConfigKeys (ConfUtils.java:logGet(43)) - raft.server.log.segment.cache.num.max = 2 (custom)
2019-10-03 20:02:50,741 [pool-413-thread-1] INFO  segmented.SegmentedRaftLogWorker (SegmentedRaftLogWorker.java:<init>(173)) - new 6ad5b5ab-60d3-486a-9189-d3e4623e6b7b@group-574B8253D928-SegmentedRaftLogWorker for RaftStorage:Storage Directory /workdir/hadoop-ozone/integration-test/target/test-dir/MiniOzoneClusterImpl-4da3e29e-7197-414b-b066-3b2e861cdb23/datanode-3/data/ratis/4268565a-6416-401e-8ca2-574b8253d928
2019-10-03 20:02:50,741 [pool-413-thread-1] INFO  server.RaftServerConfigKeys (ConfUtils.java:logGet(43)) - raft.server.log.queue.byte-limit = 2147483647 (custom)
2019-10-03 20:02:50,741 [pool-413-thread-1] INFO  server.RaftServerConfigKeys (ConfUtils.java:logGet(43)) - raft.server.log.queue.element-limit = 1024 (custom)
2019-10-03 20:02:50,742 [pool-413-thread-1] INFO  server.RaftServerConfigKeys (ConfUtils.java:logGet(43)) - raft.server.log.segment.size.max = 1048576 (custom)
2019-10-03 20:02:50,742 [pool-413-thread-1] INFO  server.RaftServerConfigKeys (ConfUtils.java:logGet(43)) - raft.server.log.preallocated.size = 16384 (custom)
2019-10-03 20:02:50,742 [pool-413-thread-1] INFO  server.RaftServerConfigKeys (ConfUtils.java:logGet(43)) - raft.server.log.write.buffer.size = 33554432 (custom)
2019-10-03 20:02:50,742 [pool-413-thread-1] INFO  server.RaftServerConfigKeys (ConfUtils.java:logGet(43)) - raft.server.log.force.sync.num = 128 (default)
2019-10-03 20:02:50,742 [pool-413-thread-1] INFO  server.RaftServerConfigKeys (ConfUtils.java:logGet(43)) - raft.server.log.statemachine.data.sync = true (default)
2019-10-03 20:02:50,742 [pool-413-thread-1] INFO  server.RaftServerConfigKeys (ConfUtils.java:logGet(43)) - raft.server.log.statemachine.data.sync.timeout = 10s (default)
2019-10-03 20:02:50,742 [pool-413-thread-1] INFO  server.RaftServerConfigKeys (ConfUtils.java:logGet(43)) - raft.server.log.statemachine.data.sync.timeout.retry = -1 (default)
2019-10-03 20:02:50,742 [pool-413-thread-1] INFO  server.RaftServerConfigKeys (ConfUtils.java:logGet(43)) - raft.server.log.statemachine.data.caching.enabled = true (custom)
2019-10-03 20:02:50,742 [pool-413-thread-1] INFO  segmented.SegmentedRaftLogWorker (SegmentedRaftLogWorker.java:lambda$new$0(128)) - 6ad5b5ab-60d3-486a-9189-d3e4623e6b7b@group-574B8253D928-SegmentedRaftLogWorker: flushIndex: setUnconditionally 0 -> -1
2019-10-03 20:02:50,743 [pool-413-thread-1] INFO  server.RaftServerConfigKeys (ConfUtils.java:logGet(43)) - raft.server.snapshot.auto.trigger.enabled = true (custom)
2019-10-03 20:02:50,743 [pool-413-thread-1] INFO  server.RaftServerConfigKeys (ConfUtils.java:logGet(43)) - raft.server.snapshot.auto.trigger.threshold = 10000 (custom)
2019-10-03 20:02:50,743 [pool-413-thread-1] INFO  server.RaftServerConfigKeys (ConfUtils.java:logGet(43)) - raft.server.snapshot.retention.file.num = 5 (custom)
2019-10-03 20:02:50,743 [pool-413-thread-1] INFO  server.RaftServerConfigKeys (ConfUtils.java:logGet(43)) - raft.server.retrycache.expirytime = 600000ms (custom)
2019-10-03 20:02:50,744 [pool-413-thread-1] INFO  impl.RaftServerImpl (RaftServerImpl.java:start(181)) - 6ad5b5ab-60d3-486a-9189-d3e4623e6b7b@group-574B8253D928: start as a follower, conf=-1: [6ad5b5ab-60d3-486a-9189-d3e4623e6b7b:192.168.164.206:44996], old=null
2019-10-03 20:02:50,744 [pool-413-thread-1] INFO  impl.RaftServerImpl (RaftServerImpl.java:setRole(170)) - 6ad5b5ab-60d3-486a-9189-d3e4623e6b7b@group-574B8253D928: changes role from      null to FOLLOWER at term 0 for startAsFollower
2019-10-03 20:02:50,744 [pool-413-thread-1] INFO  impl.RoleInfo (RoleInfo.java:updateAndGet(143)) - 6ad5b5ab-60d3-486a-9189-d3e4623e6b7b: start FollowerState
2019-10-03 20:02:50,745 [pool-413-thread-1] INFO  util.JmxRegister (JmxRegister.java:tryRegister(44)) - Successfully registered JMX Bean with object name Ratis:service=RaftServer,group=group-574B8253D928,id=6ad5b5ab-60d3-486a-9189-d3e4623e6b7b
2019-10-03 20:02:50,747 [RatisPipelineUtilsThread] INFO  pipeline.PipelineStateManager (PipelineStateManager.java:addPipeline(56)) - Created pipeline Pipeline[ Id: 4268565a-6416-401e-8ca2-574b8253d928, Nodes: 6ad5b5ab-60d3-486a-9189-d3e4623e6b7b{ip: 192.168.164.206, host: pr-hdds-2240-9gllg-3097873054, networkLocation: /default-rack, certSerialId: null}, Type:RATIS, Factor:ONE, State:OPEN]
2019-10-03 20:02:50,755 [grpc-default-executor-3] INFO  impl.RaftServerProxy (RaftServerProxy.java:addNew(89)) - e3434fd0-8dd0-4b11-8222-03ee75500a2d: addNew group-9C19B5E55607:[e3434fd0-8dd0-4b11-8222-03ee75500a2d:192.168.164.206:41683] returns group-9C19B5E55607:java.util.concurrent.CompletableFuture@3ce0e10f[Not completed]
2019-10-03 20:02:50,756 [pool-433-thread-1] INFO  impl.RaftServerImpl (RaftServerImpl.java:<init>(95)) - e3434fd0-8dd0-4b11-8222-03ee75500a2d: new RaftServerImpl for group-9C19B5E55607:[e3434fd0-8dd0-4b11-8222-03ee75500a2d:192.168.164.206:41683] with ContainerStateMachine:uninitialized
2019-10-03 20:02:50,756 [pool-433-thread-1] INFO  server.RaftServerConfigKeys (ConfUtils.java:logGet(43)) - raft.server.rpc.timeout.min = 5s (custom)
2019-10-03 20:02:50,756 [pool-433-thread-1] INFO  server.RaftServerConfigKeys (ConfUtils.java:logGet(43)) - raft.server.rpc.timeout.max = 5200ms (custom)
2019-10-03 20:02:50,757 [pool-433-thread-1] INFO  server.RaftServerConfigKeys (ConfUtils.java:logGet(43)) - raft.server.rpcslowness.timeout = 120s (custom)
2019-10-03 20:02:50,757 [pool-433-thread-1] INFO  server.RaftServerConfigKeys (ConfUtils.java:logGet(43)) - raft.server.sleep.deviation.threshold = 300 (default)
2019-10-03 20:02:50,757 [pool-433-thread-1] INFO  server.RaftServerConfigKeys (ConfUtils.java:logGet(43)) - raft.server.log.appender.install.snapshot.enabled = false (custom)
2019-10-03 20:02:50,757 [pool-433-thread-1] INFO  impl.RaftServerImpl (ServerState.java:<init>(103)) - e3434fd0-8dd0-4b11-8222-03ee75500a2d@group-9C19B5E55607: ConfigurationManager, init=-1: [e3434fd0-8dd0-4b11-8222-03ee75500a2d:192.168.164.206:41683], old=null, confs=<EMPTY_MAP>
2019-10-03 20:02:50,757 [pool-433-thread-1] INFO  server.RaftServerConfigKeys (ConfUtils.java:logGet(43)) - raft.server.storage.dir = [/workdir/hadoop-ozone/integration-test/target/test-dir/MiniOzoneClusterImpl-4da3e29e-7197-414b-b066-3b2e861cdb23/datanode-5/data/ratis] (custom)
2019-10-03 20:02:50,757 [pool-433-thread-1] INFO  server.RaftServerConfigKeys (ConfUtils.java:logGet(43)) - raft.server.log.corruption.policy = EXCEPTION (default)
2019-10-03 20:02:50,757 [pool-433-thread-1] INFO  storage.RaftStorageDirectory (RaftStorageDirectory.java:analyzeStorage(246)) - The storage directory /workdir/hadoop-ozone/integration-test/target/test-dir/MiniOzoneClusterImpl-4da3e29e-7197-414b-b066-3b2e861cdb23/datanode-5/data/ratis/96d68fe1-9e1c-4317-a95c-9c19b5e55607 does not exist. Creating ...
2019-10-03 20:02:50,767 [pool-433-thread-1] INFO  storage.RaftStorageDirectory (RaftStorageDirectory.java:tryLock(328)) - Lock on /workdir/hadoop-ozone/integration-test/target/test-dir/MiniOzoneClusterImpl-4da3e29e-7197-414b-b066-3b2e861cdb23/datanode-5/data/ratis/96d68fe1-9e1c-4317-a95c-9c19b5e55607/in_use.lock acquired by nodename 12811@pr-hdds-2240-9gllg-3097873054
2019-10-03 20:02:50,770 [pool-433-thread-1] INFO  storage.RaftStorage (RaftStorage.java:format(84)) - Storage directory /workdir/hadoop-ozone/integration-test/target/test-dir/MiniOzoneClusterImpl-4da3e29e-7197-414b-b066-3b2e861cdb23/datanode-5/data/ratis/96d68fe1-9e1c-4317-a95c-9c19b5e55607 has been successfully formatted.
2019-10-03 20:02:50,770 [pool-433-thread-1] INFO  ratis.ContainerStateMachine (ContainerStateMachine.java:loadSnapshot(230)) - group-9C19B5E55607: The snapshot info is null. Setting the last applied indexto:(t:0, i:~)
2019-10-03 20:02:50,770 [pool-433-thread-1] INFO  server.RaftServerConfigKeys (ConfUtils.java:logGet(43)) - raft.server.notification.no-leader.timeout = 120s (custom)
2019-10-03 20:02:50,771 [pool-433-thread-1] INFO  server.RaftServerConfigKeys (ConfUtils.java:logGet(43)) - raft.server.log.use.memory = false (default)
2019-10-03 20:02:50,771 [pool-433-thread-1] INFO  server.RaftServerConfigKeys (ConfUtils.java:logGet(43)) - raft.server.log.purge.gap = 1000000 (custom)
2019-10-03 20:02:50,771 [pool-433-thread-1] INFO  server.RaftServerConfigKeys (ConfUtils.java:logGet(43)) - raft.server.log.appender.buffer.byte-limit = 33554432 (custom)
2019-10-03 20:02:50,771 [pool-433-thread-1] INFO  server.RaftServerConfigKeys (ConfUtils.java:logGet(43)) - raft.server.log.segment.size.max = 1048576 (custom)
2019-10-03 20:02:50,772 [pool-433-thread-1] INFO  server.RaftServerConfigKeys (ConfUtils.java:logGet(43)) - raft.server.log.segment.cache.num.max = 2 (custom)
2019-10-03 20:02:50,772 [pool-433-thread-1] INFO  segmented.SegmentedRaftLogWorker (SegmentedRaftLogWorker.java:<init>(173)) - new e3434fd0-8dd0-4b11-8222-03ee75500a2d@group-9C19B5E55607-SegmentedRaftLogWorker for RaftStorage:Storage Directory /workdir/hadoop-ozone/integration-test/target/test-dir/MiniOzoneClusterImpl-4da3e29e-7197-414b-b066-3b2e861cdb23/datanode-5/data/ratis/96d68fe1-9e1c-4317-a95c-9c19b5e55607
2019-10-03 20:02:50,772 [pool-433-thread-1] INFO  server.RaftServerConfigKeys (ConfUtils.java:logGet(43)) - raft.server.log.queue.byte-limit = 2147483647 (custom)
2019-10-03 20:02:50,772 [pool-433-thread-1] INFO  server.RaftServerConfigKeys (ConfUtils.java:logGet(43)) - raft.server.log.queue.element-limit = 1024 (custom)
2019-10-03 20:02:50,772 [pool-433-thread-1] INFO  server.RaftServerConfigKeys (ConfUtils.java:logGet(43)) - raft.server.log.segment.size.max = 1048576 (custom)
2019-10-03 20:02:50,772 [pool-433-thread-1] INFO  server.RaftServerConfigKeys (ConfUtils.java:logGet(43)) - raft.server.log.preallocated.size = 16384 (custom)
2019-10-03 20:02:50,772 [pool-433-thread-1] INFO  server.RaftServerConfigKeys (ConfUtils.java:logGet(43)) - raft.server.log.write.buffer.size = 33554432 (custom)
2019-10-03 20:02:50,773 [pool-433-thread-1] INFO  server.RaftServerConfigKeys (ConfUtils.java:logGet(43)) - raft.server.log.force.sync.num = 128 (default)
2019-10-03 20:02:50,773 [pool-433-thread-1] INFO  server.RaftServerConfigKeys (ConfUtils.java:logGet(43)) - raft.server.log.statemachine.data.sync = true (default)
2019-10-03 20:02:50,773 [pool-433-thread-1] INFO  server.RaftServerConfigKeys (ConfUtils.java:logGet(43)) - raft.server.log.statemachine.data.sync.timeout = 10s (default)
2019-10-03 20:02:50,773 [pool-433-thread-1] INFO  server.RaftServerConfigKeys (ConfUtils.java:logGet(43)) - raft.server.log.statemachine.data.sync.timeout.retry = -1 (default)
2019-10-03 20:02:50,773 [pool-433-thread-1] INFO  server.RaftServerConfigKeys (ConfUtils.java:logGet(43)) - raft.server.log.statemachine.data.caching.enabled = true (custom)
2019-10-03 20:02:50,773 [pool-433-thread-1] INFO  segmented.SegmentedRaftLogWorker (SegmentedRaftLogWorker.java:lambda$new$0(128)) - e3434fd0-8dd0-4b11-8222-03ee75500a2d@group-9C19B5E55607-SegmentedRaftLogWorker: flushIndex: setUnconditionally 0 -> -1
2019-10-03 20:02:50,773 [pool-433-thread-1] INFO  server.RaftServerConfigKeys (ConfUtils.java:logGet(43)) - raft.server.snapshot.auto.trigger.enabled = true (custom)
2019-10-03 20:02:50,773 [pool-433-thread-1] INFO  server.RaftServerConfigKeys (ConfUtils.java:logGet(43)) - raft.server.snapshot.auto.trigger.threshold = 10000 (custom)
2019-10-03 20:02:50,774 [pool-433-thread-1] INFO  server.RaftServerConfigKeys (ConfUtils.java:logGet(43)) - raft.server.snapshot.retention.file.num = 5 (custom)
2019-10-03 20:02:50,774 [pool-433-thread-1] INFO  server.RaftServerConfigKeys (ConfUtils.java:logGet(43)) - raft.server.retrycache.expirytime = 600000ms (custom)
2019-10-03 20:02:50,775 [pool-433-thread-1] INFO  impl.RaftServerImpl (RaftServerImpl.java:start(181)) - e3434fd0-8dd0-4b11-8222-03ee75500a2d@group-9C19B5E55607: start as a follower, conf=-1: [e3434fd0-8dd0-4b11-8222-03ee75500a2d:192.168.164.206:41683], old=null
2019-10-03 20:02:50,775 [pool-433-thread-1] INFO  impl.RaftServerImpl (RaftServerImpl.java:setRole(170)) - e3434fd0-8dd0-4b11-8222-03ee75500a2d@group-9C19B5E55607: changes role from      null to FOLLOWER at term 0 for startAsFollower
2019-10-03 20:02:50,775 [pool-433-thread-1] INFO  impl.RoleInfo (RoleInfo.java:updateAndGet(143)) - e3434fd0-8dd0-4b11-8222-03ee75500a2d: start FollowerState
2019-10-03 20:02:50,775 [pool-433-thread-1] INFO  util.JmxRegister (JmxRegister.java:tryRegister(44)) - Successfully registered JMX Bean with object name Ratis:service=RaftServer,group=group-9C19B5E55607,id=e3434fd0-8dd0-4b11-8222-03ee75500a2d
2019-10-03 20:02:50,778 [RatisPipelineUtilsThread] INFO  pipeline.PipelineStateManager (PipelineStateManager.java:addPipeline(56)) - Created pipeline Pipeline[ Id: 96d68fe1-9e1c-4317-a95c-9c19b5e55607, Nodes: e3434fd0-8dd0-4b11-8222-03ee75500a2d{ip: 192.168.164.206, host: pr-hdds-2240-9gllg-3097873054, networkLocation: /default-rack, certSerialId: null}, Type:RATIS, Factor:ONE, State:OPEN]
2019-10-03 20:02:50,779 [IPC Server handler 4 on 38112] INFO  net.NetworkTopology (NetworkTopologyImpl.java:add(111)) - Added a new node: /default-rack/cc35ac4f-6f34-4800-9316-1a7800fd9454
2019-10-03 20:02:50,779 [IPC Server handler 4 on 38112] INFO  node.SCMNodeManager (SCMNodeManager.java:register(266)) - Registered Data node : cc35ac4f-6f34-4800-9316-1a7800fd9454{ip: 192.168.164.206, host: pr-hdds-2240-9gllg-3097873054, networkLocation: /default-rack, certSerialId: null}
2019-10-03 20:02:50,779 [main] INFO  ozone.MiniOzoneClusterImpl (MiniOzoneClusterImpl.java:lambda$waitForClusterToBeReady$0(147)) - Cluster is ready. Got 7 of 7 DN Heartbeats.
2019-10-03 20:02:50,786 [grpc-default-executor-3] INFO  impl.RaftServerProxy (RaftServerProxy.java:addNew(89)) - e3434fd0-8dd0-4b11-8222-03ee75500a2d: addNew group-D0EF92AC4124:[e3434fd0-8dd0-4b11-8222-03ee75500a2d:192.168.164.206:41683, ce411441-ec74-41fb-ae47-ef2da38128da:192.168.164.206:42776, 6ad5b5ab-60d3-486a-9189-d3e4623e6b7b:192.168.164.206:44996] returns group-D0EF92AC4124:java.util.concurrent.CompletableFuture@724e9053[Not completed]
2019-10-03 20:02:50,786 [grpc-default-executor-7] INFO  impl.RaftServerProxy (RaftServerProxy.java:addNew(89)) - 6ad5b5ab-60d3-486a-9189-d3e4623e6b7b: addNew group-D0EF92AC4124:[e3434fd0-8dd0-4b11-8222-03ee75500a2d:192.168.164.206:41683, ce411441-ec74-41fb-ae47-ef2da38128da:192.168.164.206:42776, 6ad5b5ab-60d3-486a-9189-d3e4623e6b7b:192.168.164.206:44996] returns group-D0EF92AC4124:java.util.concurrent.CompletableFuture@25942a3d[Not completed]
2019-10-03 20:02:50,794 [grpc-default-executor-7] INFO  impl.RaftServerProxy (RaftServerProxy.java:addNew(89)) - ce411441-ec74-41fb-ae47-ef2da38128da: addNew group-D0EF92AC4124:[e3434fd0-8dd0-4b11-8222-03ee75500a2d:192.168.164.206:41683, ce411441-ec74-41fb-ae47-ef2da38128da:192.168.164.206:42776, 6ad5b5ab-60d3-486a-9189-d3e4623e6b7b:192.168.164.206:44996] returns group-D0EF92AC4124:java.util.concurrent.CompletableFuture@58c41ef[Not completed]
2019-10-03 20:02:50,794 [pool-433-thread-1] INFO  impl.RaftServerImpl (RaftServerImpl.java:<init>(95)) - e3434fd0-8dd0-4b11-8222-03ee75500a2d: new RaftServerImpl for group-D0EF92AC4124:[e3434fd0-8dd0-4b11-8222-03ee75500a2d:192.168.164.206:41683, ce411441-ec74-41fb-ae47-ef2da38128da:192.168.164.206:42776, 6ad5b5ab-60d3-486a-9189-d3e4623e6b7b:192.168.164.206:44996] with ContainerStateMachine:uninitialized
2019-10-03 20:02:50,794 [pool-433-thread-1] INFO  server.RaftServerConfigKeys (ConfUtils.java:logGet(43)) - raft.server.rpc.timeout.min = 5s (custom)
2019-10-03 20:02:50,794 [pool-433-thread-1] INFO  server.RaftServerConfigKeys (ConfUtils.java:logGet(43)) - raft.server.rpc.timeout.max = 5200ms (custom)
2019-10-03 20:02:50,795 [pool-433-thread-1] INFO  server.RaftServerConfigKeys (ConfUtils.java:logGet(43)) - raft.server.rpcslowness.timeout = 120s (custom)
2019-10-03 20:02:50,795 [pool-433-thread-1] INFO  server.RaftServerConfigKeys (ConfUtils.java:logGet(43)) - raft.server.sleep.deviation.threshold = 300 (default)
2019-10-03 20:02:50,795 [pool-413-thread-1] INFO  impl.RaftServerImpl (RaftServerImpl.java:<init>(95)) - 6ad5b5ab-60d3-486a-9189-d3e4623e6b7b: new RaftServerImpl for group-D0EF92AC4124:[e3434fd0-8dd0-4b11-8222-03ee75500a2d:192.168.164.206:41683, ce411441-ec74-41fb-ae47-ef2da38128da:192.168.164.206:42776, 6ad5b5ab-60d3-486a-9189-d3e4623e6b7b:192.168.164.206:44996] with ContainerStateMachine:uninitialized
2019-10-03 20:02:50,795 [pool-433-thread-1] INFO  server.RaftServerConfigKeys (ConfUtils.java:logGet(43)) - raft.server.log.appender.install.snapshot.enabled = false (custom)
2019-10-03 20:02:50,795 [pool-413-thread-1] INFO  server.RaftServerConfigKeys (ConfUtils.java:logGet(43)) - raft.server.rpc.timeout.min = 5s (custom)
2019-10-03 20:02:50,795 [pool-433-thread-1] INFO  impl.RaftServerImpl (ServerState.java:<init>(103)) - e3434fd0-8dd0-4b11-8222-03ee75500a2d@group-D0EF92AC4124: ConfigurationManager, init=-1: [e3434fd0-8dd0-4b11-8222-03ee75500a2d:192.168.164.206:41683, ce411441-ec74-41fb-ae47-ef2da38128da:192.168.164.206:42776, 6ad5b5ab-60d3-486a-9189-d3e4623e6b7b:192.168.164.206:44996], old=null, confs=<EMPTY_MAP>
2019-10-03 20:02:50,795 [pool-413-thread-1] INFO  server.RaftServerConfigKeys (ConfUtils.java:logGet(43)) - raft.server.rpc.timeout.max = 5200ms (custom)
2019-10-03 20:02:50,795 [pool-433-thread-1] INFO  server.RaftServerConfigKeys (ConfUtils.java:logGet(43)) - raft.server.storage.dir = [/workdir/hadoop-ozone/integration-test/target/test-dir/MiniOzoneClusterImpl-4da3e29e-7197-414b-b066-3b2e861cdb23/datanode-5/data/ratis] (custom)
2019-10-03 20:02:50,795 [pool-423-thread-1] INFO  impl.RaftServerImpl (RaftServerImpl.java:<init>(95)) - ce411441-ec74-41fb-ae47-ef2da38128da: new RaftServerImpl for group-D0EF92AC4124:[e3434fd0-8dd0-4b11-8222-03ee75500a2d:192.168.164.206:41683, ce411441-ec74-41fb-ae47-ef2da38128da:192.168.164.206:42776, 6ad5b5ab-60d3-486a-9189-d3e4623e6b7b:192.168.164.206:44996] with ContainerStateMachine:uninitialized
2019-10-03 20:02:50,795 [pool-413-thread-1] INFO  server.RaftServerConfigKeys (ConfUtils.java:logGet(43)) - raft.server.rpcslowness.timeout = 120s (custom)
2019-10-03 20:02:50,798 [pool-423-thread-1] INFO  server.RaftServerConfigKeys (ConfUtils.java:logGet(43)) - raft.server.rpc.timeout.min = 5s (custom)
2019-10-03 20:02:50,798 [pool-433-thread-1] INFO  server.RaftServerConfigKeys (ConfUtils.java:logGet(43)) - raft.server.log.corruption.policy = EXCEPTION (default)
2019-10-03 20:02:50,798 [pool-423-thread-1] INFO  server.RaftServerConfigKeys (ConfUtils.java:logGet(43)) - raft.server.rpc.timeout.max = 5200ms (custom)
2019-10-03 20:02:50,798 [pool-433-thread-1] INFO  storage.RaftStorageDirectory (RaftStorageDirectory.java:analyzeStorage(246)) - The storage directory /workdir/hadoop-ozone/integration-test/target/test-dir/MiniOzoneClusterImpl-4da3e29e-7197-414b-b066-3b2e861cdb23/datanode-5/data/ratis/cad2d589-70c6-4f05-a779-d0ef92ac4124 does not exist. Creating ...
2019-10-03 20:02:50,798 [pool-413-thread-1] INFO  server.RaftServerConfigKeys (ConfUtils.java:logGet(43)) - raft.server.sleep.deviation.threshold = 300 (default)
2019-10-03 20:02:50,798 [pool-423-thread-1] INFO  server.RaftServerConfigKeys (ConfUtils.java:logGet(43)) - raft.server.rpcslowness.timeout = 120s (custom)
2019-10-03 20:02:50,809 [pool-413-thread-1] INFO  server.RaftServerConfigKeys (ConfUtils.java:logGet(43)) - raft.server.log.appender.install.snapshot.enabled = false (custom)
2019-10-03 20:02:50,809 [pool-423-thread-1] INFO  server.RaftServerConfigKeys (ConfUtils.java:logGet(43)) - raft.server.sleep.deviation.threshold = 300 (default)
2019-10-03 20:02:50,809 [pool-413-thread-1] INFO  impl.RaftServerImpl (ServerState.java:<init>(103)) - 6ad5b5ab-60d3-486a-9189-d3e4623e6b7b@group-D0EF92AC4124: ConfigurationManager, init=-1: [e3434fd0-8dd0-4b11-8222-03ee75500a2d:192.168.164.206:41683, ce411441-ec74-41fb-ae47-ef2da38128da:192.168.164.206:42776, 6ad5b5ab-60d3-486a-9189-d3e4623e6b7b:192.168.164.206:44996], old=null, confs=<EMPTY_MAP>
2019-10-03 20:02:50,809 [pool-423-thread-1] INFO  server.RaftServerConfigKeys (ConfUtils.java:logGet(43)) - raft.server.log.appender.install.snapshot.enabled = false (custom)
2019-10-03 20:02:50,809 [pool-413-thread-1] INFO  server.RaftServerConfigKeys (ConfUtils.java:logGet(43)) - raft.server.storage.dir = [/workdir/hadoop-ozone/integration-test/target/test-dir/MiniOzoneClusterImpl-4da3e29e-7197-414b-b066-3b2e861cdb23/datanode-3/data/ratis] (custom)
2019-10-03 20:02:50,809 [pool-423-thread-1] INFO  impl.RaftServerImpl (ServerState.java:<init>(103)) - ce411441-ec74-41fb-ae47-ef2da38128da@group-D0EF92AC4124: ConfigurationManager, init=-1: [e3434fd0-8dd0-4b11-8222-03ee75500a2d:192.168.164.206:41683, ce411441-ec74-41fb-ae47-ef2da38128da:192.168.164.206:42776, 6ad5b5ab-60d3-486a-9189-d3e4623e6b7b:192.168.164.206:44996], old=null, confs=<EMPTY_MAP>
2019-10-03 20:02:50,810 [pool-413-thread-1] INFO  server.RaftServerConfigKeys (ConfUtils.java:logGet(43)) - raft.server.log.corruption.policy = EXCEPTION (default)
2019-10-03 20:02:50,810 [pool-423-thread-1] INFO  server.RaftServerConfigKeys (ConfUtils.java:logGet(43)) - raft.server.storage.dir = [/workdir/hadoop-ozone/integration-test/target/test-dir/MiniOzoneClusterImpl-4da3e29e-7197-414b-b066-3b2e861cdb23/datanode-4/data/ratis] (custom)
2019-10-03 20:02:50,813 [pool-413-thread-1] INFO  storage.RaftStorageDirectory (RaftStorageDirectory.java:analyzeStorage(246)) - The storage directory /workdir/hadoop-ozone/integration-test/target/test-dir/MiniOzoneClusterImpl-4da3e29e-7197-414b-b066-3b2e861cdb23/datanode-3/data/ratis/cad2d589-70c6-4f05-a779-d0ef92ac4124 does not exist. Creating ...
2019-10-03 20:02:50,813 [pool-423-thread-1] INFO  server.RaftServerConfigKeys (ConfUtils.java:logGet(43)) - raft.server.log.corruption.policy = EXCEPTION (default)
2019-10-03 20:02:50,814 [pool-423-thread-1] INFO  storage.RaftStorageDirectory (RaftStorageDirectory.java:analyzeStorage(246)) - The storage directory /workdir/hadoop-ozone/integration-test/target/test-dir/MiniOzoneClusterImpl-4da3e29e-7197-414b-b066-3b2e861cdb23/datanode-4/data/ratis/cad2d589-70c6-4f05-a779-d0ef92ac4124 does not exist. Creating ...
2019-10-03 20:02:50,821 [pool-413-thread-1] INFO  storage.RaftStorageDirectory (RaftStorageDirectory.java:tryLock(328)) - Lock on /workdir/hadoop-ozone/integration-test/target/test-dir/MiniOzoneClusterImpl-4da3e29e-7197-414b-b066-3b2e861cdb23/datanode-3/data/ratis/cad2d589-70c6-4f05-a779-d0ef92ac4124/in_use.lock acquired by nodename 12811@pr-hdds-2240-9gllg-3097873054
2019-10-03 20:02:50,821 [pool-423-thread-1] INFO  storage.RaftStorageDirectory (RaftStorageDirectory.java:tryLock(328)) - Lock on /workdir/hadoop-ozone/integration-test/target/test-dir/MiniOzoneClusterImpl-4da3e29e-7197-414b-b066-3b2e861cdb23/datanode-4/data/ratis/cad2d589-70c6-4f05-a779-d0ef92ac4124/in_use.lock acquired by nodename 12811@pr-hdds-2240-9gllg-3097873054
2019-10-03 20:02:50,821 [pool-433-thread-1] INFO  storage.RaftStorageDirectory (RaftStorageDirectory.java:tryLock(328)) - Lock on /workdir/hadoop-ozone/integration-test/target/test-dir/MiniOzoneClusterImpl-4da3e29e-7197-414b-b066-3b2e861cdb23/datanode-5/data/ratis/cad2d589-70c6-4f05-a779-d0ef92ac4124/in_use.lock acquired by nodename 12811@pr-hdds-2240-9gllg-3097873054
2019-10-03 20:02:50,822 [main] INFO  rpc.RpcClient (RpcClient.java:createVolume(277)) - Creating Volume: watchforcommithandlingtest, with jenkins1000 as owner.
2019-10-03 20:02:50,824 [IPC Server handler 2 on 45265] INFO  volume.OMVolumeCreateRequest (OMVolumeCreateRequest.java:validateAndUpdateCache(193)) - created volume:watchforcommithandlingtest for user:jenkins1000
2019-10-03 20:02:50,835 [pool-413-thread-1] INFO  storage.RaftStorage (RaftStorage.java:format(84)) - Storage directory /workdir/hadoop-ozone/integration-test/target/test-dir/MiniOzoneClusterImpl-4da3e29e-7197-414b-b066-3b2e861cdb23/datanode-3/data/ratis/cad2d589-70c6-4f05-a779-d0ef92ac4124 has been successfully formatted.
2019-10-03 20:02:50,835 [pool-433-thread-1] INFO  storage.RaftStorage (RaftStorage.java:format(84)) - Storage directory /workdir/hadoop-ozone/integration-test/target/test-dir/MiniOzoneClusterImpl-4da3e29e-7197-414b-b066-3b2e861cdb23/datanode-5/data/ratis/cad2d589-70c6-4f05-a779-d0ef92ac4124 has been successfully formatted.
2019-10-03 20:02:50,835 [pool-423-thread-1] INFO  storage.RaftStorage (RaftStorage.java:format(84)) - Storage directory /workdir/hadoop-ozone/integration-test/target/test-dir/MiniOzoneClusterImpl-4da3e29e-7197-414b-b066-3b2e861cdb23/datanode-4/data/ratis/cad2d589-70c6-4f05-a779-d0ef92ac4124 has been successfully formatted.
2019-10-03 20:02:50,835 [main] INFO  rpc.RpcClient (RpcClient.java:createBucket(416)) - Creating Bucket: watchforcommithandlingtest/watchforcommithandlingtest, with Versioning false and Storage Type set to DISK and Encryption set to false 
2019-10-03 20:02:50,836 [pool-423-thread-1] INFO  ratis.ContainerStateMachine (ContainerStateMachine.java:loadSnapshot(230)) - group-D0EF92AC4124: The snapshot info is null. Setting the last applied indexto:(t:0, i:~)
2019-10-03 20:02:50,835 [pool-433-thread-1] INFO  ratis.ContainerStateMachine (ContainerStateMachine.java:loadSnapshot(230)) - group-D0EF92AC4124: The snapshot info is null. Setting the last applied indexto:(t:0, i:~)
2019-10-03 20:02:50,835 [pool-413-thread-1] INFO  ratis.ContainerStateMachine (ContainerStateMachine.java:loadSnapshot(230)) - group-D0EF92AC4124: The snapshot info is null. Setting the last applied indexto:(t:0, i:~)
2019-10-03 20:02:50,836 [pool-433-thread-1] INFO  server.RaftServerConfigKeys (ConfUtils.java:logGet(43)) - raft.server.notification.no-leader.timeout = 120s (custom)
2019-10-03 20:02:50,836 [pool-423-thread-1] INFO  server.RaftServerConfigKeys (ConfUtils.java:logGet(43)) - raft.server.notification.no-leader.timeout = 120s (custom)
2019-10-03 20:02:50,836 [pool-433-thread-1] INFO  server.RaftServerConfigKeys (ConfUtils.java:logGet(43)) - raft.server.log.use.memory = false (default)
2019-10-03 20:02:50,836 [pool-413-thread-1] INFO  server.RaftServerConfigKeys (ConfUtils.java:logGet(43)) - raft.server.notification.no-leader.timeout = 120s (custom)
2019-10-03 20:02:50,836 [pool-433-thread-1] INFO  server.RaftServerConfigKeys (ConfUtils.java:logGet(43)) - raft.server.log.purge.gap = 1000000 (custom)
2019-10-03 20:02:50,836 [pool-423-thread-1] INFO  server.RaftServerConfigKeys (ConfUtils.java:logGet(43)) - raft.server.log.use.memory = false (default)
2019-10-03 20:02:50,837 [pool-433-thread-1] INFO  server.RaftServerConfigKeys (ConfUtils.java:logGet(43)) - raft.server.log.appender.buffer.byte-limit = 33554432 (custom)
2019-10-03 20:02:50,837 [pool-413-thread-1] INFO  server.RaftServerConfigKeys (ConfUtils.java:logGet(43)) - raft.server.log.use.memory = false (default)
2019-10-03 20:02:50,837 [pool-433-thread-1] INFO  server.RaftServerConfigKeys (ConfUtils.java:logGet(43)) - raft.server.log.segment.size.max = 1048576 (custom)
2019-10-03 20:02:50,837 [pool-423-thread-1] INFO  server.RaftServerConfigKeys (ConfUtils.java:logGet(43)) - raft.server.log.purge.gap = 1000000 (custom)
2019-10-03 20:02:50,839 [pool-433-thread-1] INFO  server.RaftServerConfigKeys (ConfUtils.java:logGet(43)) - raft.server.log.segment.cache.num.max = 2 (custom)
2019-10-03 20:02:50,839 [pool-433-thread-1] INFO  segmented.SegmentedRaftLogWorker (SegmentedRaftLogWorker.java:<init>(173)) - new e3434fd0-8dd0-4b11-8222-03ee75500a2d@group-D0EF92AC4124-SegmentedRaftLogWorker for RaftStorage:Storage Directory /workdir/hadoop-ozone/integration-test/target/test-dir/MiniOzoneClusterImpl-4da3e29e-7197-414b-b066-3b2e861cdb23/datanode-5/data/ratis/cad2d589-70c6-4f05-a779-d0ef92ac4124
2019-10-03 20:02:50,839 [pool-413-thread-1] INFO  server.RaftServerConfigKeys (ConfUtils.java:logGet(43)) - raft.server.log.purge.gap = 1000000 (custom)
2019-10-03 20:02:50,839 [pool-433-thread-1] INFO  server.RaftServerConfigKeys (ConfUtils.java:logGet(43)) - raft.server.log.queue.byte-limit = 2147483647 (custom)
2019-10-03 20:02:50,839 [main] INFO  ozone.MiniOzoneClusterImpl (MiniOzoneClusterImpl.java:getStorageContainerLocationClient(234)) - Creating StorageContainerLocationProtocol RPC client with address /0.0.0.0:40381
2019-10-03 20:02:50,839 [pool-423-thread-1] INFO  server.RaftServerConfigKeys (ConfUtils.java:logGet(43)) - raft.server.log.appender.buffer.byte-limit = 33554432 (custom)
2019-10-03 20:02:50,839 [pool-433-thread-1] INFO  server.RaftServerConfigKeys (ConfUtils.java:logGet(43)) - raft.server.log.queue.element-limit = 1024 (custom)
2019-10-03 20:02:50,839 [pool-413-thread-1] INFO  server.RaftServerConfigKeys (ConfUtils.java:logGet(43)) - raft.server.log.appender.buffer.byte-limit = 33554432 (custom)
2019-10-03 20:02:50,840 [pool-433-thread-1] INFO  server.RaftServerConfigKeys (ConfUtils.java:logGet(43)) - raft.server.log.segment.size.max = 1048576 (custom)
2019-10-03 20:02:50,840 [pool-423-thread-1] INFO  server.RaftServerConfigKeys (ConfUtils.java:logGet(43)) - raft.server.log.segment.size.max = 1048576 (custom)
2019-10-03 20:02:50,840 [pool-433-thread-1] INFO  server.RaftServerConfigKeys (ConfUtils.java:logGet(43)) - raft.server.log.preallocated.size = 16384 (custom)
2019-10-03 20:02:50,840 [pool-433-thread-1] INFO  server.RaftServerConfigKeys (ConfUtils.java:logGet(43)) - raft.server.log.write.buffer.size = 33554432 (custom)
2019-10-03 20:02:50,840 [pool-413-thread-1] INFO  server.RaftServerConfigKeys (ConfUtils.java:logGet(43)) - raft.server.log.segment.size.max = 1048576 (custom)
2019-10-03 20:02:50,841 [pool-433-thread-1] INFO  server.RaftServerConfigKeys (ConfUtils.java:logGet(43)) - raft.server.log.force.sync.num = 128 (default)
2019-10-03 20:02:50,841 [pool-433-thread-1] INFO  server.RaftServerConfigKeys (ConfUtils.java:logGet(43)) - raft.server.log.statemachine.data.sync = true (default)
2019-10-03 20:02:50,840 [pool-423-thread-1] INFO  server.RaftServerConfigKeys (ConfUtils.java:logGet(43)) - raft.server.log.segment.cache.num.max = 2 (custom)
2019-10-03 20:02:50,841 [pool-433-thread-1] INFO  server.RaftServerConfigKeys (ConfUtils.java:logGet(43)) - raft.server.log.statemachine.data.sync.timeout = 10s (default)
2019-10-03 20:02:50,841 [pool-433-thread-1] INFO  server.RaftServerConfigKeys (ConfUtils.java:logGet(43)) - raft.server.log.statemachine.data.sync.timeout.retry = -1 (default)
2019-10-03 20:02:50,841 [pool-413-thread-1] INFO  server.RaftServerConfigKeys (ConfUtils.java:logGet(43)) - raft.server.log.segment.cache.num.max = 2 (custom)
2019-10-03 20:02:50,841 [pool-433-thread-1] INFO  server.RaftServerConfigKeys (ConfUtils.java:logGet(43)) - raft.server.log.statemachine.data.caching.enabled = true (custom)
2019-10-03 20:02:50,841 [pool-423-thread-1] INFO  segmented.SegmentedRaftLogWorker (SegmentedRaftLogWorker.java:<init>(173)) - new ce411441-ec74-41fb-ae47-ef2da38128da@group-D0EF92AC4124-SegmentedRaftLogWorker for RaftStorage:Storage Directory /workdir/hadoop-ozone/integration-test/target/test-dir/MiniOzoneClusterImpl-4da3e29e-7197-414b-b066-3b2e861cdb23/datanode-4/data/ratis/cad2d589-70c6-4f05-a779-d0ef92ac4124
2019-10-03 20:02:50,842 [pool-433-thread-1] INFO  segmented.SegmentedRaftLogWorker (SegmentedRaftLogWorker.java:lambda$new$0(128)) - e3434fd0-8dd0-4b11-8222-03ee75500a2d@group-D0EF92AC4124-SegmentedRaftLogWorker: flushIndex: setUnconditionally 0 -> -1
2019-10-03 20:02:50,842 [pool-413-thread-1] INFO  segmented.SegmentedRaftLogWorker (SegmentedRaftLogWorker.java:<init>(173)) - new 6ad5b5ab-60d3-486a-9189-d3e4623e6b7b@group-D0EF92AC4124-SegmentedRaftLogWorker for RaftStorage:Storage Directory /workdir/hadoop-ozone/integration-test/target/test-dir/MiniOzoneClusterImpl-4da3e29e-7197-414b-b066-3b2e861cdb23/datanode-3/data/ratis/cad2d589-70c6-4f05-a779-d0ef92ac4124
2019-10-03 20:02:50,842 [pool-423-thread-1] INFO  server.RaftServerConfigKeys (ConfUtils.java:logGet(43)) - raft.server.log.queue.byte-limit = 2147483647 (custom)
2019-10-03 20:02:50,842 [pool-433-thread-1] INFO  server.RaftServerConfigKeys (ConfUtils.java:logGet(43)) - raft.server.snapshot.auto.trigger.enabled = true (custom)
2019-10-03 20:02:50,842 [pool-413-thread-1] INFO  server.RaftServerConfigKeys (ConfUtils.java:logGet(43)) - raft.server.log.queue.byte-limit = 2147483647 (custom)
2019-10-03 20:02:50,842 [pool-433-thread-1] INFO  server.RaftServerConfigKeys (ConfUtils.java:logGet(43)) - raft.server.snapshot.auto.trigger.threshold = 10000 (custom)
2019-10-03 20:02:50,842 [pool-423-thread-1] INFO  server.RaftServerConfigKeys (ConfUtils.java:logGet(43)) - raft.server.log.queue.element-limit = 1024 (custom)
2019-10-03 20:02:50,843 [pool-433-thread-1] INFO  server.RaftServerConfigKeys (ConfUtils.java:logGet(43)) - raft.server.snapshot.retention.file.num = 5 (custom)
2019-10-03 20:02:50,842 [pool-413-thread-1] INFO  server.RaftServerConfigKeys (ConfUtils.java:logGet(43)) - raft.server.log.queue.element-limit = 1024 (custom)
2019-10-03 20:02:50,843 [pool-433-thread-1] INFO  server.RaftServerConfigKeys (ConfUtils.java:logGet(43)) - raft.server.retrycache.expirytime = 600000ms (custom)
2019-10-03 20:02:50,843 [pool-423-thread-1] INFO  server.RaftServerConfigKeys (ConfUtils.java:logGet(43)) - raft.server.log.segment.size.max = 1048576 (custom)
2019-10-03 20:02:50,843 [pool-413-thread-1] INFO  server.RaftServerConfigKeys (ConfUtils.java:logGet(43)) - raft.server.log.segment.size.max = 1048576 (custom)
2019-10-03 20:02:50,843 [pool-423-thread-1] INFO  server.RaftServerConfigKeys (ConfUtils.java:logGet(43)) - raft.server.log.preallocated.size = 16384 (custom)
2019-10-03 20:02:50,843 [pool-413-thread-1] INFO  server.RaftServerConfigKeys (ConfUtils.java:logGet(43)) - raft.server.log.preallocated.size = 16384 (custom)
2019-10-03 20:02:50,843 [pool-423-thread-1] INFO  server.RaftServerConfigKeys (ConfUtils.java:logGet(43)) - raft.server.log.write.buffer.size = 33554432 (custom)
2019-10-03 20:02:50,843 [pool-413-thread-1] INFO  server.RaftServerConfigKeys (ConfUtils.java:logGet(43)) - raft.server.log.write.buffer.size = 33554432 (custom)
2019-10-03 20:02:50,844 [pool-423-thread-1] INFO  server.RaftServerConfigKeys (ConfUtils.java:logGet(43)) - raft.server.log.force.sync.num = 128 (default)
2019-10-03 20:02:50,844 [pool-413-thread-1] INFO  server.RaftServerConfigKeys (ConfUtils.java:logGet(43)) - raft.server.log.force.sync.num = 128 (default)
2019-10-03 20:02:50,844 [pool-423-thread-1] INFO  server.RaftServerConfigKeys (ConfUtils.java:logGet(43)) - raft.server.log.statemachine.data.sync = true (default)
2019-10-03 20:02:50,844 [pool-413-thread-1] INFO  server.RaftServerConfigKeys (ConfUtils.java:logGet(43)) - raft.server.log.statemachine.data.sync = true (default)
2019-10-03 20:02:50,844 [pool-423-thread-1] INFO  server.RaftServerConfigKeys (ConfUtils.java:logGet(43)) - raft.server.log.statemachine.data.sync.timeout = 10s (default)
2019-10-03 20:02:50,844 [pool-433-thread-1] INFO  impl.RaftServerImpl (RaftServerImpl.java:start(181)) - e3434fd0-8dd0-4b11-8222-03ee75500a2d@group-D0EF92AC4124: start as a follower, conf=-1: [e3434fd0-8dd0-4b11-8222-03ee75500a2d:192.168.164.206:41683, ce411441-ec74-41fb-ae47-ef2da38128da:192.168.164.206:42776, 6ad5b5ab-60d3-486a-9189-d3e4623e6b7b:192.168.164.206:44996], old=null
2019-10-03 20:02:50,844 [pool-423-thread-1] INFO  server.RaftServerConfigKeys (ConfUtils.java:logGet(43)) - raft.server.log.statemachine.data.sync.timeout.retry = -1 (default)
2019-10-03 20:02:50,844 [pool-413-thread-1] INFO  server.RaftServerConfigKeys (ConfUtils.java:logGet(43)) - raft.server.log.statemachine.data.sync.timeout = 10s (default)
2019-10-03 20:02:50,845 [pool-423-thread-1] INFO  server.RaftServerConfigKeys (ConfUtils.java:logGet(43)) - raft.server.log.statemachine.data.caching.enabled = true (custom)
2019-10-03 20:02:50,845 [pool-433-thread-1] INFO  impl.RaftServerImpl (RaftServerImpl.java:setRole(170)) - e3434fd0-8dd0-4b11-8222-03ee75500a2d@group-D0EF92AC4124: changes role from      null to FOLLOWER at term 0 for startAsFollower
2019-10-03 20:02:50,845 [pool-413-thread-1] INFO  server.RaftServerConfigKeys (ConfUtils.java:logGet(43)) - raft.server.log.statemachine.data.sync.timeout.retry = -1 (default)
2019-10-03 20:02:50,845 [pool-423-thread-1] INFO  segmented.SegmentedRaftLogWorker (SegmentedRaftLogWorker.java:lambda$new$0(128)) - ce411441-ec74-41fb-ae47-ef2da38128da@group-D0EF92AC4124-SegmentedRaftLogWorker: flushIndex: setUnconditionally 0 -> -1
2019-10-03 20:02:50,845 [pool-433-thread-1] INFO  impl.RoleInfo (RoleInfo.java:updateAndGet(143)) - e3434fd0-8dd0-4b11-8222-03ee75500a2d: start FollowerState
2019-10-03 20:02:50,845 [pool-413-thread-1] INFO  server.RaftServerConfigKeys (ConfUtils.java:logGet(43)) - raft.server.log.statemachine.data.caching.enabled = true (custom)
2019-10-03 20:02:50,846 [pool-423-thread-1] INFO  server.RaftServerConfigKeys (ConfUtils.java:logGet(43)) - raft.server.snapshot.auto.trigger.enabled = true (custom)
2019-10-03 20:02:50,846 [pool-413-thread-1] INFO  segmented.SegmentedRaftLogWorker (SegmentedRaftLogWorker.java:lambda$new$0(128)) - 6ad5b5ab-60d3-486a-9189-d3e4623e6b7b@group-D0EF92AC4124-SegmentedRaftLogWorker: flushIndex: setUnconditionally 0 -> -1
2019-10-03 20:02:50,846 [pool-433-thread-1] INFO  util.JmxRegister (JmxRegister.java:tryRegister(44)) - Successfully registered JMX Bean with object name Ratis:service=RaftServer,group=group-D0EF92AC4124,id=e3434fd0-8dd0-4b11-8222-03ee75500a2d
2019-10-03 20:02:50,846 [pool-423-thread-1] INFO  server.RaftServerConfigKeys (ConfUtils.java:logGet(43)) - raft.server.snapshot.auto.trigger.threshold = 10000 (custom)
2019-10-03 20:02:50,846 [pool-413-thread-1] INFO  server.RaftServerConfigKeys (ConfUtils.java:logGet(43)) - raft.server.snapshot.auto.trigger.enabled = true (custom)
2019-10-03 20:02:50,846 [pool-423-thread-1] INFO  server.RaftServerConfigKeys (ConfUtils.java:logGet(43)) - raft.server.snapshot.retention.file.num = 5 (custom)
2019-10-03 20:02:50,846 [pool-413-thread-1] INFO  server.RaftServerConfigKeys (ConfUtils.java:logGet(43)) - raft.server.snapshot.auto.trigger.threshold = 10000 (custom)
2019-10-03 20:02:50,847 [pool-423-thread-1] INFO  server.RaftServerConfigKeys (ConfUtils.java:logGet(43)) - raft.server.retrycache.expirytime = 600000ms (custom)
2019-10-03 20:02:50,847 [pool-413-thread-1] INFO  server.RaftServerConfigKeys (ConfUtils.java:logGet(43)) - raft.server.snapshot.retention.file.num = 5 (custom)
2019-10-03 20:02:50,847 [pool-413-thread-1] INFO  server.RaftServerConfigKeys (ConfUtils.java:logGet(43)) - raft.server.retrycache.expirytime = 600000ms (custom)
2019-10-03 20:02:50,850 [pool-413-thread-1] INFO  impl.RaftServerImpl (RaftServerImpl.java:start(181)) - 6ad5b5ab-60d3-486a-9189-d3e4623e6b7b@group-D0EF92AC4124: start as a follower, conf=-1: [e3434fd0-8dd0-4b11-8222-03ee75500a2d:192.168.164.206:41683, ce411441-ec74-41fb-ae47-ef2da38128da:192.168.164.206:42776, 6ad5b5ab-60d3-486a-9189-d3e4623e6b7b:192.168.164.206:44996], old=null
2019-10-03 20:02:50,850 [pool-413-thread-1] INFO  impl.RaftServerImpl (RaftServerImpl.java:setRole(170)) - 6ad5b5ab-60d3-486a-9189-d3e4623e6b7b@group-D0EF92AC4124: changes role from      null to FOLLOWER at term 0 for startAsFollower
2019-10-03 20:02:50,850 [pool-413-thread-1] INFO  impl.RoleInfo (RoleInfo.java:updateAndGet(143)) - 6ad5b5ab-60d3-486a-9189-d3e4623e6b7b: start FollowerState
2019-10-03 20:02:50,850 [pool-423-thread-1] INFO  impl.RaftServerImpl (RaftServerImpl.java:start(181)) - ce411441-ec74-41fb-ae47-ef2da38128da@group-D0EF92AC4124: start as a follower, conf=-1: [e3434fd0-8dd0-4b11-8222-03ee75500a2d:192.168.164.206:41683, ce411441-ec74-41fb-ae47-ef2da38128da:192.168.164.206:42776, 6ad5b5ab-60d3-486a-9189-d3e4623e6b7b:192.168.164.206:44996], old=null
2019-10-03 20:02:50,850 [pool-413-thread-1] INFO  util.JmxRegister (JmxRegister.java:tryRegister(44)) - Successfully registered JMX Bean with object name Ratis:service=RaftServer,group=group-D0EF92AC4124,id=6ad5b5ab-60d3-486a-9189-d3e4623e6b7b
2019-10-03 20:02:50,850 [pool-423-thread-1] INFO  impl.RaftServerImpl (RaftServerImpl.java:setRole(170)) - ce411441-ec74-41fb-ae47-ef2da38128da@group-D0EF92AC4124: changes role from      null to FOLLOWER at term 0 for startAsFollower
2019-10-03 20:02:50,850 [pool-423-thread-1] INFO  impl.RoleInfo (RoleInfo.java:updateAndGet(143)) - ce411441-ec74-41fb-ae47-ef2da38128da: start FollowerState
2019-10-03 20:02:50,851 [pool-423-thread-1] INFO  util.JmxRegister (JmxRegister.java:tryRegister(44)) - Successfully registered JMX Bean with object name Ratis:service=RaftServer,group=group-D0EF92AC4124,id=ce411441-ec74-41fb-ae47-ef2da38128da
2019-10-03 20:02:50,855 [RatisPipelineUtilsThread] INFO  pipeline.PipelineStateManager (PipelineStateManager.java:addPipeline(56)) - Created pipeline Pipeline[ Id: cad2d589-70c6-4f05-a779-d0ef92ac4124, Nodes: e3434fd0-8dd0-4b11-8222-03ee75500a2d{ip: 192.168.164.206, host: pr-hdds-2240-9gllg-3097873054, networkLocation: /default-rack, certSerialId: null}ce411441-ec74-41fb-ae47-ef2da38128da{ip: 192.168.164.206, host: pr-hdds-2240-9gllg-3097873054, networkLocation: /default-rack, certSerialId: null}6ad5b5ab-60d3-486a-9189-d3e4623e6b7b{ip: 192.168.164.206, host: pr-hdds-2240-9gllg-3097873054, networkLocation: /default-rack, certSerialId: null}, Type:RATIS, Factor:THREE, State:OPEN]
2019-10-03 20:02:53,358 [Thread-2406] INFO  container.ReplicationManager (ReplicationManager.java:start(162)) - Starting Replication Monitor Thread.
2019-10-03 20:02:53,362 [ReplicationMonitor] INFO  container.ReplicationManager (ReplicationManager.java:run(225)) - Replication Monitor Thread took 0 milliseconds for processing 1 containers.
2019-10-03 20:02:55,500 [Thread-2408] INFO  impl.FollowerState (FollowerState.java:run(108)) - a0cfe848-65f9-45cc-894d-97058114ebc4@group-B72012AFF525-FollowerState: change to CANDIDATE, lastRpcTime:5101ms, electionTimeout:5101ms
2019-10-03 20:02:55,500 [Thread-2408] INFO  impl.RoleInfo (RoleInfo.java:shutdownFollowerState(121)) - a0cfe848-65f9-45cc-894d-97058114ebc4: shutdown FollowerState
2019-10-03 20:02:55,501 [Thread-2408] INFO  impl.RaftServerImpl (RaftServerImpl.java:setRole(170)) - a0cfe848-65f9-45cc-894d-97058114ebc4@group-B72012AFF525: changes role from  FOLLOWER to CANDIDATE at term 0 for changeToCandidate
2019-10-03 20:02:55,501 [Thread-2408] INFO  impl.RoleInfo (RoleInfo.java:updateAndGet(143)) - a0cfe848-65f9-45cc-894d-97058114ebc4: start LeaderElection
2019-10-03 20:02:55,535 [Thread-2411] INFO  impl.FollowerState (FollowerState.java:run(108)) - 09915764-2c6b-430c-ba30-df162619c3b6@group-3B8F053E4F6C-FollowerState: change to CANDIDATE, lastRpcTime:5089ms, electionTimeout:5089ms
2019-10-03 20:02:55,535 [Thread-2411] INFO  impl.RoleInfo (RoleInfo.java:shutdownFollowerState(121)) - 09915764-2c6b-430c-ba30-df162619c3b6: shutdown FollowerState
2019-10-03 20:02:55,535 [Thread-2411] INFO  impl.RaftServerImpl (RaftServerImpl.java:setRole(170)) - 09915764-2c6b-430c-ba30-df162619c3b6@group-3B8F053E4F6C: changes role from  FOLLOWER to CANDIDATE at term 0 for changeToCandidate
2019-10-03 20:02:55,535 [Thread-2411] INFO  impl.RoleInfo (RoleInfo.java:updateAndGet(143)) - 09915764-2c6b-430c-ba30-df162619c3b6: start LeaderElection
2019-10-03 20:02:55,548 [a0cfe848-65f9-45cc-894d-97058114ebc4@group-B72012AFF525-LeaderElection62] INFO  impl.LeaderElection (LeaderElection.java:askForVotes(178)) - a0cfe848-65f9-45cc-894d-97058114ebc4@group-B72012AFF525-LeaderElection62: begin an election at term 1 for -1: [a0cfe848-65f9-45cc-894d-97058114ebc4:192.168.164.206:45166], old=null
2019-10-03 20:02:55,548 [a0cfe848-65f9-45cc-894d-97058114ebc4@group-B72012AFF525-LeaderElection62] INFO  impl.RoleInfo (RoleInfo.java:shutdownLeaderElection(134)) - a0cfe848-65f9-45cc-894d-97058114ebc4: shutdown LeaderElection
2019-10-03 20:02:55,548 [a0cfe848-65f9-45cc-894d-97058114ebc4@group-B72012AFF525-LeaderElection62] INFO  impl.RaftServerImpl (RaftServerImpl.java:setRole(170)) - a0cfe848-65f9-45cc-894d-97058114ebc4@group-B72012AFF525: changes role from CANDIDATE to LEADER at term 1 for changeToLeader
2019-10-03 20:02:55,549 [a0cfe848-65f9-45cc-894d-97058114ebc4@group-B72012AFF525-LeaderElection62] INFO  impl.RaftServerImpl (ServerState.java:setLeader(255)) - a0cfe848-65f9-45cc-894d-97058114ebc4@group-B72012AFF525: change Leader from null to a0cfe848-65f9-45cc-894d-97058114ebc4 at term 1 for becomeLeader, leader elected after 5155ms
2019-10-03 20:02:55,549 [a0cfe848-65f9-45cc-894d-97058114ebc4@group-B72012AFF525-LeaderElection62] INFO  server.RaftServerConfigKeys (ConfUtils.java:logGet(43)) - raft.server.staging.catchup.gap = 1000 (default)
2019-10-03 20:02:55,549 [a0cfe848-65f9-45cc-894d-97058114ebc4@group-B72012AFF525-LeaderElection62] INFO  server.RaftServerConfigKeys (ConfUtils.java:logGet(43)) - raft.server.rpc.sleep.time = 25ms (default)
2019-10-03 20:02:55,550 [a0cfe848-65f9-45cc-894d-97058114ebc4@group-B72012AFF525-LeaderElection62] INFO  server.RaftServerConfigKeys (ConfUtils.java:logGet(43)) - raft.server.write.element-limit = 4096 (default)
2019-10-03 20:02:55,550 [a0cfe848-65f9-45cc-894d-97058114ebc4@group-B72012AFF525-LeaderElection62] INFO  server.RaftServerConfigKeys (ConfUtils.java:logGet(43)) - raft.server.watch.timeout = 10s (default)
2019-10-03 20:02:55,550 [a0cfe848-65f9-45cc-894d-97058114ebc4@group-B72012AFF525-LeaderElection62] INFO  server.RaftServerConfigKeys (ConfUtils.java:logGet(43)) - raft.server.watch.timeout.denomination = 1s (default)
2019-10-03 20:02:55,550 [a0cfe848-65f9-45cc-894d-97058114ebc4@group-B72012AFF525-LeaderElection62] INFO  server.RaftServerConfigKeys (ConfUtils.java:logGet(43)) - raft.server.watch.element-limit = 65536 (default)
2019-10-03 20:02:55,554 [a0cfe848-65f9-45cc-894d-97058114ebc4@group-B72012AFF525-LeaderElection62] INFO  impl.RoleInfo (RoleInfo.java:updateAndGet(143)) - a0cfe848-65f9-45cc-894d-97058114ebc4: start LeaderState
2019-10-03 20:02:55,555 [a0cfe848-65f9-45cc-894d-97058114ebc4@group-B72012AFF525-LeaderElection62] INFO  segmented.SegmentedRaftLogWorker (SegmentedRaftLogWorker.java:startLogSegment(385)) - a0cfe848-65f9-45cc-894d-97058114ebc4@group-B72012AFF525-SegmentedRaftLogWorker: Starting segment from index:0
2019-10-03 20:02:55,556 [a0cfe848-65f9-45cc-894d-97058114ebc4@group-B72012AFF525-LeaderElection62] INFO  impl.RaftServerImpl (ServerState.java:setRaftConf(356)) - a0cfe848-65f9-45cc-894d-97058114ebc4@group-B72012AFF525: set configuration 0: [a0cfe848-65f9-45cc-894d-97058114ebc4:192.168.164.206:45166], old=null at 0
2019-10-03 20:02:55,561 [09915764-2c6b-430c-ba30-df162619c3b6@group-3B8F053E4F6C-LeaderElection63] INFO  impl.LeaderElection (LeaderElection.java:askForVotes(178)) - 09915764-2c6b-430c-ba30-df162619c3b6@group-3B8F053E4F6C-LeaderElection63: begin an election at term 1 for -1: [09915764-2c6b-430c-ba30-df162619c3b6:192.168.164.206:40589], old=null
2019-10-03 20:02:55,561 [09915764-2c6b-430c-ba30-df162619c3b6@group-3B8F053E4F6C-LeaderElection63] INFO  impl.RoleInfo (RoleInfo.java:shutdownLeaderElection(134)) - 09915764-2c6b-430c-ba30-df162619c3b6: shutdown LeaderElection
2019-10-03 20:02:55,561 [09915764-2c6b-430c-ba30-df162619c3b6@group-3B8F053E4F6C-LeaderElection63] INFO  impl.RaftServerImpl (RaftServerImpl.java:setRole(170)) - 09915764-2c6b-430c-ba30-df162619c3b6@group-3B8F053E4F6C: changes role from CANDIDATE to LEADER at term 1 for changeToLeader
2019-10-03 20:02:55,561 [09915764-2c6b-430c-ba30-df162619c3b6@group-3B8F053E4F6C-LeaderElection63] INFO  impl.RaftServerImpl (ServerState.java:setLeader(255)) - 09915764-2c6b-430c-ba30-df162619c3b6@group-3B8F053E4F6C: change Leader from null to 09915764-2c6b-430c-ba30-df162619c3b6 at term 1 for becomeLeader, leader elected after 5120ms
2019-10-03 20:02:55,562 [09915764-2c6b-430c-ba30-df162619c3b6@group-3B8F053E4F6C-LeaderElection63] INFO  server.RaftServerConfigKeys (ConfUtils.java:logGet(43)) - raft.server.staging.catchup.gap = 1000 (default)
2019-10-03 20:02:55,562 [09915764-2c6b-430c-ba30-df162619c3b6@group-3B8F053E4F6C-LeaderElection63] INFO  server.RaftServerConfigKeys (ConfUtils.java:logGet(43)) - raft.server.rpc.sleep.time = 25ms (default)
2019-10-03 20:02:55,562 [09915764-2c6b-430c-ba30-df162619c3b6@group-3B8F053E4F6C-LeaderElection63] INFO  server.RaftServerConfigKeys (ConfUtils.java:logGet(43)) - raft.server.write.element-limit = 4096 (default)
2019-10-03 20:02:55,562 [09915764-2c6b-430c-ba30-df162619c3b6@group-3B8F053E4F6C-LeaderElection63] INFO  server.RaftServerConfigKeys (ConfUtils.java:logGet(43)) - raft.server.watch.timeout = 10s (default)
2019-10-03 20:02:55,562 [09915764-2c6b-430c-ba30-df162619c3b6@group-3B8F053E4F6C-LeaderElection63] INFO  server.RaftServerConfigKeys (ConfUtils.java:logGet(43)) - raft.server.watch.timeout.denomination = 1s (default)
2019-10-03 20:02:55,562 [09915764-2c6b-430c-ba30-df162619c3b6@group-3B8F053E4F6C-LeaderElection63] INFO  server.RaftServerConfigKeys (ConfUtils.java:logGet(43)) - raft.server.watch.element-limit = 65536 (default)
2019-10-03 20:02:55,564 [09915764-2c6b-430c-ba30-df162619c3b6@group-3B8F053E4F6C-LeaderElection63] INFO  impl.RoleInfo (RoleInfo.java:updateAndGet(143)) - 09915764-2c6b-430c-ba30-df162619c3b6: start LeaderState
2019-10-03 20:02:55,564 [09915764-2c6b-430c-ba30-df162619c3b6@group-3B8F053E4F6C-LeaderElection63] INFO  segmented.SegmentedRaftLogWorker (SegmentedRaftLogWorker.java:startLogSegment(385)) - 09915764-2c6b-430c-ba30-df162619c3b6@group-3B8F053E4F6C-SegmentedRaftLogWorker: Starting segment from index:0
2019-10-03 20:02:55,565 [09915764-2c6b-430c-ba30-df162619c3b6@group-3B8F053E4F6C-LeaderElection63] INFO  impl.RaftServerImpl (ServerState.java:setRaftConf(356)) - 09915764-2c6b-430c-ba30-df162619c3b6@group-3B8F053E4F6C: set configuration 0: [09915764-2c6b-430c-ba30-df162619c3b6:192.168.164.206:40589], old=null at 0
2019-10-03 20:02:55,593 [Thread-2414] INFO  impl.FollowerState (FollowerState.java:run(108)) - 4f819899-3d19-4cb8-84c1-1d456e79a579@group-2CCD9DE047A1-FollowerState: change to CANDIDATE, lastRpcTime:5080ms, electionTimeout:5080ms
2019-10-03 20:02:55,593 [Thread-2414] INFO  impl.RoleInfo (RoleInfo.java:shutdownFollowerState(121)) - 4f819899-3d19-4cb8-84c1-1d456e79a579: shutdown FollowerState
2019-10-03 20:02:55,593 [Thread-2414] INFO  impl.RaftServerImpl (RaftServerImpl.java:setRole(170)) - 4f819899-3d19-4cb8-84c1-1d456e79a579@group-2CCD9DE047A1: changes role from  FOLLOWER to CANDIDATE at term 0 for changeToCandidate
2019-10-03 20:02:55,593 [Thread-2414] INFO  impl.RoleInfo (RoleInfo.java:updateAndGet(143)) - 4f819899-3d19-4cb8-84c1-1d456e79a579: start LeaderElection
2019-10-03 20:02:55,609 [a0cfe848-65f9-45cc-894d-97058114ebc4@group-B72012AFF525-SegmentedRaftLogWorker] INFO  segmented.SegmentedRaftLogWorker (SegmentedRaftLogWorker.java:execute(574)) - a0cfe848-65f9-45cc-894d-97058114ebc4@group-B72012AFF525-SegmentedRaftLogWorker: created new log segment /workdir/hadoop-ozone/integration-test/target/test-dir/MiniOzoneClusterImpl-4da3e29e-7197-414b-b066-3b2e861cdb23/datanode-0/data/ratis/1c5b4a64-16b3-40f7-9296-b72012aff525/current/log_inprogress_0
2019-10-03 20:02:55,609 [09915764-2c6b-430c-ba30-df162619c3b6@group-3B8F053E4F6C-SegmentedRaftLogWorker] INFO  segmented.SegmentedRaftLogWorker (SegmentedRaftLogWorker.java:execute(574)) - 09915764-2c6b-430c-ba30-df162619c3b6@group-3B8F053E4F6C-SegmentedRaftLogWorker: created new log segment /workdir/hadoop-ozone/integration-test/target/test-dir/MiniOzoneClusterImpl-4da3e29e-7197-414b-b066-3b2e861cdb23/datanode-1/data/ratis/a91d4fba-bba7-47a2-8675-3b8f053e4f6c/current/log_inprogress_0
2019-10-03 20:02:55,626 [4f819899-3d19-4cb8-84c1-1d456e79a579@group-2CCD9DE047A1-LeaderElection64] INFO  impl.LeaderElection (LeaderElection.java:askForVotes(178)) - 4f819899-3d19-4cb8-84c1-1d456e79a579@group-2CCD9DE047A1-LeaderElection64: begin an election at term 1 for -1: [4f819899-3d19-4cb8-84c1-1d456e79a579:192.168.164.206:39838], old=null
2019-10-03 20:02:55,626 [4f819899-3d19-4cb8-84c1-1d456e79a579@group-2CCD9DE047A1-LeaderElection64] INFO  impl.RoleInfo (RoleInfo.java:shutdownLeaderElection(134)) - 4f819899-3d19-4cb8-84c1-1d456e79a579: shutdown LeaderElection
2019-10-03 20:02:55,626 [4f819899-3d19-4cb8-84c1-1d456e79a579@group-2CCD9DE047A1-LeaderElection64] INFO  impl.RaftServerImpl (RaftServerImpl.java:setRole(170)) - 4f819899-3d19-4cb8-84c1-1d456e79a579@group-2CCD9DE047A1: changes role from CANDIDATE to LEADER at term 1 for changeToLeader
2019-10-03 20:02:55,626 [4f819899-3d19-4cb8-84c1-1d456e79a579@group-2CCD9DE047A1-LeaderElection64] INFO  impl.RaftServerImpl (ServerState.java:setLeader(255)) - 4f819899-3d19-4cb8-84c1-1d456e79a579@group-2CCD9DE047A1: change Leader from null to 4f819899-3d19-4cb8-84c1-1d456e79a579 at term 1 for becomeLeader, leader elected after 5118ms
2019-10-03 20:02:55,627 [4f819899-3d19-4cb8-84c1-1d456e79a579@group-2CCD9DE047A1-LeaderElection64] INFO  server.RaftServerConfigKeys (ConfUtils.java:logGet(43)) - raft.server.staging.catchup.gap = 1000 (default)
2019-10-03 20:02:55,627 [4f819899-3d19-4cb8-84c1-1d456e79a579@group-2CCD9DE047A1-LeaderElection64] INFO  server.RaftServerConfigKeys (ConfUtils.java:logGet(43)) - raft.server.rpc.sleep.time = 25ms (default)
2019-10-03 20:02:55,627 [4f819899-3d19-4cb8-84c1-1d456e79a579@group-2CCD9DE047A1-LeaderElection64] INFO  server.RaftServerConfigKeys (ConfUtils.java:logGet(43)) - raft.server.write.element-limit = 4096 (default)
2019-10-03 20:02:55,627 [4f819899-3d19-4cb8-84c1-1d456e79a579@group-2CCD9DE047A1-LeaderElection64] INFO  server.RaftServerConfigKeys (ConfUtils.java:logGet(43)) - raft.server.watch.timeout = 10s (default)
2019-10-03 20:02:55,627 [4f819899-3d19-4cb8-84c1-1d456e79a579@group-2CCD9DE047A1-LeaderElection64] INFO  server.RaftServerConfigKeys (ConfUtils.java:logGet(43)) - raft.server.watch.timeout.denomination = 1s (default)
2019-10-03 20:02:55,627 [4f819899-3d19-4cb8-84c1-1d456e79a579@group-2CCD9DE047A1-LeaderElection64] INFO  server.RaftServerConfigKeys (ConfUtils.java:logGet(43)) - raft.server.watch.element-limit = 65536 (default)
2019-10-03 20:02:55,628 [4f819899-3d19-4cb8-84c1-1d456e79a579@group-2CCD9DE047A1-LeaderElection64] INFO  impl.RoleInfo (RoleInfo.java:updateAndGet(143)) - 4f819899-3d19-4cb8-84c1-1d456e79a579: start LeaderState
2019-10-03 20:02:55,628 [4f819899-3d19-4cb8-84c1-1d456e79a579@group-2CCD9DE047A1-LeaderElection64] INFO  segmented.SegmentedRaftLogWorker (SegmentedRaftLogWorker.java:startLogSegment(385)) - 4f819899-3d19-4cb8-84c1-1d456e79a579@group-2CCD9DE047A1-SegmentedRaftLogWorker: Starting segment from index:0
2019-10-03 20:02:55,629 [4f819899-3d19-4cb8-84c1-1d456e79a579@group-2CCD9DE047A1-LeaderElection64] INFO  impl.RaftServerImpl (ServerState.java:setRaftConf(356)) - 4f819899-3d19-4cb8-84c1-1d456e79a579@group-2CCD9DE047A1: set configuration 0: [4f819899-3d19-4cb8-84c1-1d456e79a579:192.168.164.206:39838], old=null at 0
2019-10-03 20:02:55,643 [Thread-2420] INFO  impl.FollowerState (FollowerState.java:run(108)) - a0cfe848-65f9-45cc-894d-97058114ebc4@group-0462A41E2695-FollowerState: change to CANDIDATE, lastRpcTime:5077ms, electionTimeout:5077ms
2019-10-03 20:02:55,643 [Thread-2420] INFO  impl.RoleInfo (RoleInfo.java:shutdownFollowerState(121)) - a0cfe848-65f9-45cc-894d-97058114ebc4: shutdown FollowerState
2019-10-03 20:02:55,643 [Thread-2420] INFO  impl.RaftServerImpl (RaftServerImpl.java:setRole(170)) - a0cfe848-65f9-45cc-894d-97058114ebc4@group-0462A41E2695: changes role from  FOLLOWER to CANDIDATE at term 0 for changeToCandidate
2019-10-03 20:02:55,644 [Thread-2420] INFO  impl.RoleInfo (RoleInfo.java:updateAndGet(143)) - a0cfe848-65f9-45cc-894d-97058114ebc4: start LeaderElection
2019-10-03 20:02:55,676 [4f819899-3d19-4cb8-84c1-1d456e79a579@group-2CCD9DE047A1-SegmentedRaftLogWorker] INFO  segmented.SegmentedRaftLogWorker (SegmentedRaftLogWorker.java:execute(574)) - 4f819899-3d19-4cb8-84c1-1d456e79a579@group-2CCD9DE047A1-SegmentedRaftLogWorker: created new log segment /workdir/hadoop-ozone/integration-test/target/test-dir/MiniOzoneClusterImpl-4da3e29e-7197-414b-b066-3b2e861cdb23/datanode-2/data/ratis/ff1ec23b-fa27-4813-9ed8-2ccd9de047a1/current/log_inprogress_0
2019-10-03 20:02:55,676 [a0cfe848-65f9-45cc-894d-97058114ebc4@group-0462A41E2695-LeaderElection65] INFO  impl.LeaderElection (LeaderElection.java:askForVotes(178)) - a0cfe848-65f9-45cc-894d-97058114ebc4@group-0462A41E2695-LeaderElection65: begin an election at term 1 for -1: [09915764-2c6b-430c-ba30-df162619c3b6:192.168.164.206:40589, a0cfe848-65f9-45cc-894d-97058114ebc4:192.168.164.206:45166, 4f819899-3d19-4cb8-84c1-1d456e79a579:192.168.164.206:39838], old=null
2019-10-03 20:02:55,681 [grpc-default-executor-7] INFO  impl.RaftServerImpl (RaftServerImpl.java:setRole(170)) - 09915764-2c6b-430c-ba30-df162619c3b6@group-0462A41E2695: changes role from  FOLLOWER to FOLLOWER at term 1 for recognizeCandidate:a0cfe848-65f9-45cc-894d-97058114ebc4
2019-10-03 20:02:55,681 [grpc-default-executor-3] INFO  impl.RaftServerImpl (RaftServerImpl.java:setRole(170)) - 4f819899-3d19-4cb8-84c1-1d456e79a579@group-0462A41E2695: changes role from  FOLLOWER to FOLLOWER at term 1 for recognizeCandidate:a0cfe848-65f9-45cc-894d-97058114ebc4
2019-10-03 20:02:55,682 [grpc-default-executor-7] INFO  impl.RoleInfo (RoleInfo.java:shutdownFollowerState(121)) - 09915764-2c6b-430c-ba30-df162619c3b6: shutdown FollowerState
2019-10-03 20:02:55,682 [grpc-default-executor-3] INFO  impl.RoleInfo (RoleInfo.java:shutdownFollowerState(121)) - 4f819899-3d19-4cb8-84c1-1d456e79a579: shutdown FollowerState
2019-10-03 20:02:55,682 [grpc-default-executor-7] INFO  impl.RoleInfo (RoleInfo.java:updateAndGet(143)) - 09915764-2c6b-430c-ba30-df162619c3b6: start FollowerState
2019-10-03 20:02:55,682 [grpc-default-executor-3] INFO  impl.RoleInfo (RoleInfo.java:updateAndGet(143)) - 4f819899-3d19-4cb8-84c1-1d456e79a579: start FollowerState
2019-10-03 20:02:55,682 [Thread-2421] INFO  impl.FollowerState (FollowerState.java:run(117)) - 09915764-2c6b-430c-ba30-df162619c3b6@group-0462A41E2695-FollowerState was interrupted: java.lang.InterruptedException: sleep interrupted
2019-10-03 20:02:55,682 [Thread-2419] INFO  impl.FollowerState (FollowerState.java:run(117)) - 4f819899-3d19-4cb8-84c1-1d456e79a579@group-0462A41E2695-FollowerState was interrupted: java.lang.InterruptedException: sleep interrupted
2019-10-03 20:02:55,699 [a0cfe848-65f9-45cc-894d-97058114ebc4@group-0462A41E2695-LeaderElection65] INFO  impl.LeaderElection (LeaderElection.java:logAndReturn(56)) - a0cfe848-65f9-45cc-894d-97058114ebc4@group-0462A41E2695-LeaderElection65: Election PASSED; received 1 response(s) [a0cfe848-65f9-45cc-894d-97058114ebc4<-09915764-2c6b-430c-ba30-df162619c3b6#0:OK-t1] and 0 exception(s); a0cfe848-65f9-45cc-894d-97058114ebc4@group-0462A41E2695:t1, leader=null, voted=a0cfe848-65f9-45cc-894d-97058114ebc4, raftlog=a0cfe848-65f9-45cc-894d-97058114ebc4@group-0462A41E2695-SegmentedRaftLog:OPENED:c-1,f-1,i0, conf=-1: [09915764-2c6b-430c-ba30-df162619c3b6:192.168.164.206:40589, a0cfe848-65f9-45cc-894d-97058114ebc4:192.168.164.206:45166, 4f819899-3d19-4cb8-84c1-1d456e79a579:192.168.164.206:39838], old=null
2019-10-03 20:02:55,699 [a0cfe848-65f9-45cc-894d-97058114ebc4@group-0462A41E2695-LeaderElection65] INFO  impl.RoleInfo (RoleInfo.java:shutdownLeaderElection(134)) - a0cfe848-65f9-45cc-894d-97058114ebc4: shutdown LeaderElection
2019-10-03 20:02:55,699 [a0cfe848-65f9-45cc-894d-97058114ebc4@group-0462A41E2695-LeaderElection65] INFO  impl.RaftServerImpl (RaftServerImpl.java:setRole(170)) - a0cfe848-65f9-45cc-894d-97058114ebc4@group-0462A41E2695: changes role from CANDIDATE to LEADER at term 1 for changeToLeader
2019-10-03 20:02:55,699 [a0cfe848-65f9-45cc-894d-97058114ebc4@group-0462A41E2695-LeaderElection65] INFO  impl.RaftServerImpl (ServerState.java:setLeader(255)) - a0cfe848-65f9-45cc-894d-97058114ebc4@group-0462A41E2695: change Leader from null to a0cfe848-65f9-45cc-894d-97058114ebc4 at term 1 for becomeLeader, leader elected after 5145ms
2019-10-03 20:02:55,699 [a0cfe848-65f9-45cc-894d-97058114ebc4@group-0462A41E2695-LeaderElection65] INFO  server.RaftServerConfigKeys (ConfUtils.java:logGet(43)) - raft.server.staging.catchup.gap = 1000 (default)
2019-10-03 20:02:55,700 [a0cfe848-65f9-45cc-894d-97058114ebc4@group-0462A41E2695-LeaderElection65] INFO  server.RaftServerConfigKeys (ConfUtils.java:logGet(43)) - raft.server.rpc.sleep.time = 25ms (default)
2019-10-03 20:02:55,700 [a0cfe848-65f9-45cc-894d-97058114ebc4@group-0462A41E2695-LeaderElection65] INFO  server.RaftServerConfigKeys (ConfUtils.java:logGet(43)) - raft.server.write.element-limit = 4096 (default)
2019-10-03 20:02:55,700 [a0cfe848-65f9-45cc-894d-97058114ebc4@group-0462A41E2695-LeaderElection65] INFO  server.RaftServerConfigKeys (ConfUtils.java:logGet(43)) - raft.server.watch.timeout = 10s (default)
2019-10-03 20:02:55,700 [a0cfe848-65f9-45cc-894d-97058114ebc4@group-0462A41E2695-LeaderElection65] INFO  server.RaftServerConfigKeys (ConfUtils.java:logGet(43)) - raft.server.watch.timeout.denomination = 1s (default)
2019-10-03 20:02:55,700 [a0cfe848-65f9-45cc-894d-97058114ebc4@group-0462A41E2695-LeaderElection65] INFO  server.RaftServerConfigKeys (ConfUtils.java:logGet(43)) - raft.server.watch.element-limit = 65536 (default)
2019-10-03 20:02:55,702 [a0cfe848-65f9-45cc-894d-97058114ebc4@group-0462A41E2695-LeaderElection65] INFO  server.RaftServerConfigKeys (ConfUtils.java:logGet(43)) - raft.server.log.appender.snapshot.chunk.size.max = 16MB (=16777216) (default)
2019-10-03 20:02:55,702 [a0cfe848-65f9-45cc-894d-97058114ebc4@group-0462A41E2695-LeaderElection65] INFO  server.RaftServerConfigKeys (ConfUtils.java:logGet(43)) - raft.server.log.appender.buffer.byte-limit = 33554432 (custom)
2019-10-03 20:02:55,703 [a0cfe848-65f9-45cc-894d-97058114ebc4@group-0462A41E2695-LeaderElection65] INFO  server.RaftServerConfigKeys (ConfUtils.java:logGet(43)) - raft.server.log.appender.buffer.element-limit = 1 (custom)
2019-10-03 20:02:55,703 [a0cfe848-65f9-45cc-894d-97058114ebc4@group-0462A41E2695-LeaderElection65] INFO  grpc.GrpcConfigKeys$Server (ConfUtils.java:logGet(43)) - raft.grpc.server.leader.outstanding.appends.max = 128 (default)
2019-10-03 20:02:55,703 [a0cfe848-65f9-45cc-894d-97058114ebc4@group-0462A41E2695-LeaderElection65] INFO  server.RaftServerConfigKeys (ConfUtils.java:logGet(43)) - raft.server.rpc.request.timeout = 3000ms (default)
2019-10-03 20:02:55,703 [a0cfe848-65f9-45cc-894d-97058114ebc4@group-0462A41E2695-LeaderElection65] INFO  server.RaftServerConfigKeys (ConfUtils.java:logGet(43)) - raft.server.log.appender.install.snapshot.enabled = false (custom)
2019-10-03 20:02:55,703 [a0cfe848-65f9-45cc-894d-97058114ebc4@group-0462A41E2695-LeaderElection65] INFO  server.RaftServerConfigKeys (ConfUtils.java:logGet(43)) - raft.server.log.appender.snapshot.chunk.size.max = 16MB (=16777216) (default)
2019-10-03 20:02:55,704 [a0cfe848-65f9-45cc-894d-97058114ebc4@group-0462A41E2695-LeaderElection65] INFO  server.RaftServerConfigKeys (ConfUtils.java:logGet(43)) - raft.server.log.appender.buffer.byte-limit = 33554432 (custom)
2019-10-03 20:02:55,704 [a0cfe848-65f9-45cc-894d-97058114ebc4@group-0462A41E2695-LeaderElection65] INFO  server.RaftServerConfigKeys (ConfUtils.java:logGet(43)) - raft.server.log.appender.buffer.element-limit = 1 (custom)
2019-10-03 20:02:55,704 [a0cfe848-65f9-45cc-894d-97058114ebc4@group-0462A41E2695-LeaderElection65] INFO  grpc.GrpcConfigKeys$Server (ConfUtils.java:logGet(43)) - raft.grpc.server.leader.outstanding.appends.max = 128 (default)
2019-10-03 20:02:55,704 [a0cfe848-65f9-45cc-894d-97058114ebc4@group-0462A41E2695-LeaderElection65] INFO  server.RaftServerConfigKeys (ConfUtils.java:logGet(43)) - raft.server.rpc.request.timeout = 3000ms (default)
2019-10-03 20:02:55,704 [a0cfe848-65f9-45cc-894d-97058114ebc4@group-0462A41E2695-LeaderElection65] INFO  server.RaftServerConfigKeys (ConfUtils.java:logGet(43)) - raft.server.log.appender.install.snapshot.enabled = false (custom)
2019-10-03 20:02:55,705 [a0cfe848-65f9-45cc-894d-97058114ebc4@group-0462A41E2695-LeaderElection65] INFO  impl.RoleInfo (RoleInfo.java:updateAndGet(143)) - a0cfe848-65f9-45cc-894d-97058114ebc4: start LeaderState
2019-10-03 20:02:55,705 [a0cfe848-65f9-45cc-894d-97058114ebc4@group-0462A41E2695-LeaderElection65] INFO  segmented.SegmentedRaftLogWorker (SegmentedRaftLogWorker.java:startLogSegment(385)) - a0cfe848-65f9-45cc-894d-97058114ebc4@group-0462A41E2695-SegmentedRaftLogWorker: Starting segment from index:0
2019-10-03 20:02:55,705 [a0cfe848-65f9-45cc-894d-97058114ebc4@group-0462A41E2695-LeaderElection65] INFO  impl.RaftServerImpl (ServerState.java:setRaftConf(356)) - a0cfe848-65f9-45cc-894d-97058114ebc4@group-0462A41E2695: set configuration 0: [09915764-2c6b-430c-ba30-df162619c3b6:192.168.164.206:40589, a0cfe848-65f9-45cc-894d-97058114ebc4:192.168.164.206:45166, 4f819899-3d19-4cb8-84c1-1d456e79a579:192.168.164.206:39838], old=null at 0
2019-10-03 20:02:55,737 [grpc-default-executor-7] INFO  impl.RaftServerImpl (ServerState.java:setLeader(255)) - 4f819899-3d19-4cb8-84c1-1d456e79a579@group-0462A41E2695: change Leader from null to a0cfe848-65f9-45cc-894d-97058114ebc4 at term 1 for appendEntries, leader elected after 5183ms
2019-10-03 20:02:55,737 [grpc-default-executor-3] INFO  impl.RaftServerImpl (ServerState.java:setLeader(255)) - 09915764-2c6b-430c-ba30-df162619c3b6@group-0462A41E2695: change Leader from null to a0cfe848-65f9-45cc-894d-97058114ebc4 at term 1 for appendEntries, leader elected after 5182ms
2019-10-03 20:02:55,741 [grpc-default-executor-3] INFO  impl.RaftServerImpl (ServerState.java:setRaftConf(356)) - 4f819899-3d19-4cb8-84c1-1d456e79a579@group-0462A41E2695: set configuration 0: [09915764-2c6b-430c-ba30-df162619c3b6:192.168.164.206:40589, a0cfe848-65f9-45cc-894d-97058114ebc4:192.168.164.206:45166, 4f819899-3d19-4cb8-84c1-1d456e79a579:192.168.164.206:39838], old=null at 0
2019-10-03 20:02:55,741 [grpc-default-executor-7] INFO  impl.RaftServerImpl (ServerState.java:setRaftConf(356)) - 09915764-2c6b-430c-ba30-df162619c3b6@group-0462A41E2695: set configuration 0: [09915764-2c6b-430c-ba30-df162619c3b6:192.168.164.206:40589, a0cfe848-65f9-45cc-894d-97058114ebc4:192.168.164.206:45166, 4f819899-3d19-4cb8-84c1-1d456e79a579:192.168.164.206:39838], old=null at 0
2019-10-03 20:02:55,741 [grpc-default-executor-3] INFO  segmented.SegmentedRaftLogWorker (SegmentedRaftLogWorker.java:startLogSegment(385)) - 4f819899-3d19-4cb8-84c1-1d456e79a579@group-0462A41E2695-SegmentedRaftLogWorker: Starting segment from index:0
2019-10-03 20:02:55,741 [grpc-default-executor-7] INFO  segmented.SegmentedRaftLogWorker (SegmentedRaftLogWorker.java:startLogSegment(385)) - 09915764-2c6b-430c-ba30-df162619c3b6@group-0462A41E2695-SegmentedRaftLogWorker: Starting segment from index:0
2019-10-03 20:02:55,751 [a0cfe848-65f9-45cc-894d-97058114ebc4@group-0462A41E2695-SegmentedRaftLogWorker] INFO  segmented.SegmentedRaftLogWorker (SegmentedRaftLogWorker.java:execute(574)) - a0cfe848-65f9-45cc-894d-97058114ebc4@group-0462A41E2695-SegmentedRaftLogWorker: created new log segment /workdir/hadoop-ozone/integration-test/target/test-dir/MiniOzoneClusterImpl-4da3e29e-7197-414b-b066-3b2e861cdb23/datanode-0/data/ratis/82e5d7dc-72f2-43c3-ac1a-0462a41e2695/current/log_inprogress_0
2019-10-03 20:02:55,757 [Thread-2429] INFO  impl.FollowerState (FollowerState.java:run(108)) - 6ad5b5ab-60d3-486a-9189-d3e4623e6b7b@group-574B8253D928-FollowerState: change to CANDIDATE, lastRpcTime:5012ms, electionTimeout:5012ms
2019-10-03 20:02:55,757 [Thread-2429] INFO  impl.RoleInfo (RoleInfo.java:shutdownFollowerState(121)) - 6ad5b5ab-60d3-486a-9189-d3e4623e6b7b: shutdown FollowerState
2019-10-03 20:02:55,757 [Thread-2429] INFO  impl.RaftServerImpl (RaftServerImpl.java:setRole(170)) - 6ad5b5ab-60d3-486a-9189-d3e4623e6b7b@group-574B8253D928: changes role from  FOLLOWER to CANDIDATE at term 0 for changeToCandidate
2019-10-03 20:02:55,757 [Thread-2429] INFO  impl.RoleInfo (RoleInfo.java:updateAndGet(143)) - 6ad5b5ab-60d3-486a-9189-d3e4623e6b7b: start LeaderElection
2019-10-03 20:02:55,784 [09915764-2c6b-430c-ba30-df162619c3b6@group-0462A41E2695-SegmentedRaftLogWorker] INFO  segmented.SegmentedRaftLogWorker (SegmentedRaftLogWorker.java:execute(574)) - 09915764-2c6b-430c-ba30-df162619c3b6@group-0462A41E2695-SegmentedRaftLogWorker: created new log segment /workdir/hadoop-ozone/integration-test/target/test-dir/MiniOzoneClusterImpl-4da3e29e-7197-414b-b066-3b2e861cdb23/datanode-1/data/ratis/82e5d7dc-72f2-43c3-ac1a-0462a41e2695/current/log_inprogress_0
2019-10-03 20:02:55,784 [6ad5b5ab-60d3-486a-9189-d3e4623e6b7b@group-574B8253D928-LeaderElection66] INFO  impl.LeaderElection (LeaderElection.java:askForVotes(178)) - 6ad5b5ab-60d3-486a-9189-d3e4623e6b7b@group-574B8253D928-LeaderElection66: begin an election at term 1 for -1: [6ad5b5ab-60d3-486a-9189-d3e4623e6b7b:192.168.164.206:44996], old=null
2019-10-03 20:02:55,784 [4f819899-3d19-4cb8-84c1-1d456e79a579@group-0462A41E2695-SegmentedRaftLogWorker] INFO  segmented.SegmentedRaftLogWorker (SegmentedRaftLogWorker.java:execute(574)) - 4f819899-3d19-4cb8-84c1-1d456e79a579@group-0462A41E2695-SegmentedRaftLogWorker: created new log segment /workdir/hadoop-ozone/integration-test/target/test-dir/MiniOzoneClusterImpl-4da3e29e-7197-414b-b066-3b2e861cdb23/datanode-2/data/ratis/82e5d7dc-72f2-43c3-ac1a-0462a41e2695/current/log_inprogress_0
2019-10-03 20:02:55,785 [6ad5b5ab-60d3-486a-9189-d3e4623e6b7b@group-574B8253D928-LeaderElection66] INFO  impl.RoleInfo (RoleInfo.java:shutdownLeaderElection(134)) - 6ad5b5ab-60d3-486a-9189-d3e4623e6b7b: shutdown LeaderElection
2019-10-03 20:02:55,785 [6ad5b5ab-60d3-486a-9189-d3e4623e6b7b@group-574B8253D928-LeaderElection66] INFO  impl.RaftServerImpl (RaftServerImpl.java:setRole(170)) - 6ad5b5ab-60d3-486a-9189-d3e4623e6b7b@group-574B8253D928: changes role from CANDIDATE to LEADER at term 1 for changeToLeader
2019-10-03 20:02:55,785 [6ad5b5ab-60d3-486a-9189-d3e4623e6b7b@group-574B8253D928-LeaderElection66] INFO  impl.RaftServerImpl (ServerState.java:setLeader(255)) - 6ad5b5ab-60d3-486a-9189-d3e4623e6b7b@group-574B8253D928: change Leader from null to 6ad5b5ab-60d3-486a-9189-d3e4623e6b7b at term 1 for becomeLeader, leader elected after 5045ms
2019-10-03 20:02:55,785 [6ad5b5ab-60d3-486a-9189-d3e4623e6b7b@group-574B8253D928-LeaderElection66] INFO  server.RaftServerConfigKeys (ConfUtils.java:logGet(43)) - raft.server.staging.catchup.gap = 1000 (default)
2019-10-03 20:02:55,785 [6ad5b5ab-60d3-486a-9189-d3e4623e6b7b@group-574B8253D928-LeaderElection66] INFO  server.RaftServerConfigKeys (ConfUtils.java:logGet(43)) - raft.server.rpc.sleep.time = 25ms (default)
2019-10-03 20:02:55,785 [6ad5b5ab-60d3-486a-9189-d3e4623e6b7b@group-574B8253D928-LeaderElection66] INFO  server.RaftServerConfigKeys (ConfUtils.java:logGet(43)) - raft.server.write.element-limit = 4096 (default)
2019-10-03 20:02:55,785 [6ad5b5ab-60d3-486a-9189-d3e4623e6b7b@group-574B8253D928-LeaderElection66] INFO  server.RaftServerConfigKeys (ConfUtils.java:logGet(43)) - raft.server.watch.timeout = 10s (default)
2019-10-03 20:02:55,786 [6ad5b5ab-60d3-486a-9189-d3e4623e6b7b@group-574B8253D928-LeaderElection66] INFO  server.RaftServerConfigKeys (ConfUtils.java:logGet(43)) - raft.server.watch.timeout.denomination = 1s (default)
2019-10-03 20:02:55,786 [6ad5b5ab-60d3-486a-9189-d3e4623e6b7b@group-574B8253D928-LeaderElection66] INFO  server.RaftServerConfigKeys (ConfUtils.java:logGet(43)) - raft.server.watch.element-limit = 65536 (default)
2019-10-03 20:02:55,787 [6ad5b5ab-60d3-486a-9189-d3e4623e6b7b@group-574B8253D928-LeaderElection66] INFO  impl.RoleInfo (RoleInfo.java:updateAndGet(143)) - 6ad5b5ab-60d3-486a-9189-d3e4623e6b7b: start LeaderState
2019-10-03 20:02:55,787 [6ad5b5ab-60d3-486a-9189-d3e4623e6b7b@group-574B8253D928-LeaderElection66] INFO  segmented.SegmentedRaftLogWorker (SegmentedRaftLogWorker.java:startLogSegment(385)) - 6ad5b5ab-60d3-486a-9189-d3e4623e6b7b@group-574B8253D928-SegmentedRaftLogWorker: Starting segment from index:0
2019-10-03 20:02:55,788 [6ad5b5ab-60d3-486a-9189-d3e4623e6b7b@group-574B8253D928-LeaderElection66] INFO  impl.RaftServerImpl (ServerState.java:setRaftConf(356)) - 6ad5b5ab-60d3-486a-9189-d3e4623e6b7b@group-574B8253D928: set configuration 0: [6ad5b5ab-60d3-486a-9189-d3e4623e6b7b:192.168.164.206:44996], old=null at 0
2019-10-03 20:02:55,825 [6ad5b5ab-60d3-486a-9189-d3e4623e6b7b@group-574B8253D928-SegmentedRaftLogWorker] INFO  segmented.SegmentedRaftLogWorker (SegmentedRaftLogWorker.java:execute(574)) - 6ad5b5ab-60d3-486a-9189-d3e4623e6b7b@group-574B8253D928-SegmentedRaftLogWorker: created new log segment /workdir/hadoop-ozone/integration-test/target/test-dir/MiniOzoneClusterImpl-4da3e29e-7197-414b-b066-3b2e861cdb23/datanode-3/data/ratis/4268565a-6416-401e-8ca2-574b8253d928/current/log_inprogress_0
2019-10-03 20:02:55,855 [Thread-2437] INFO  impl.FollowerState (FollowerState.java:run(108)) - e3434fd0-8dd0-4b11-8222-03ee75500a2d@group-D0EF92AC4124-FollowerState: change to CANDIDATE, lastRpcTime:5009ms, electionTimeout:5009ms
2019-10-03 20:02:55,855 [Thread-2437] INFO  impl.RoleInfo (RoleInfo.java:shutdownFollowerState(121)) - e3434fd0-8dd0-4b11-8222-03ee75500a2d: shutdown FollowerState
2019-10-03 20:02:55,855 [Thread-2437] INFO  impl.RaftServerImpl (RaftServerImpl.java:setRole(170)) - e3434fd0-8dd0-4b11-8222-03ee75500a2d@group-D0EF92AC4124: changes role from  FOLLOWER to CANDIDATE at term 0 for changeToCandidate
2019-10-03 20:02:55,855 [Thread-2437] INFO  impl.RoleInfo (RoleInfo.java:updateAndGet(143)) - e3434fd0-8dd0-4b11-8222-03ee75500a2d: start LeaderElection
2019-10-03 20:02:55,874 [e3434fd0-8dd0-4b11-8222-03ee75500a2d@group-D0EF92AC4124-LeaderElection67] INFO  impl.LeaderElection (LeaderElection.java:askForVotes(178)) - e3434fd0-8dd0-4b11-8222-03ee75500a2d@group-D0EF92AC4124-LeaderElection67: begin an election at term 1 for -1: [e3434fd0-8dd0-4b11-8222-03ee75500a2d:192.168.164.206:41683, ce411441-ec74-41fb-ae47-ef2da38128da:192.168.164.206:42776, 6ad5b5ab-60d3-486a-9189-d3e4623e6b7b:192.168.164.206:44996], old=null
2019-10-03 20:02:55,884 [grpc-default-executor-7] INFO  impl.RaftServerImpl (RaftServerImpl.java:setRole(170)) - 6ad5b5ab-60d3-486a-9189-d3e4623e6b7b@group-D0EF92AC4124: changes role from  FOLLOWER to FOLLOWER at term 1 for recognizeCandidate:e3434fd0-8dd0-4b11-8222-03ee75500a2d
2019-10-03 20:02:55,886 [Thread-2426] INFO  impl.FollowerState (FollowerState.java:run(108)) - ce411441-ec74-41fb-ae47-ef2da38128da@group-02140DEB1C8A-FollowerState: change to CANDIDATE, lastRpcTime:5194ms, electionTimeout:5193ms
2019-10-03 20:02:55,885 [grpc-default-executor-3] INFO  impl.RaftServerImpl (RaftServerImpl.java:setRole(170)) - ce411441-ec74-41fb-ae47-ef2da38128da@group-D0EF92AC4124: changes role from  FOLLOWER to FOLLOWER at term 1 for recognizeCandidate:e3434fd0-8dd0-4b11-8222-03ee75500a2d
2019-10-03 20:02:55,886 [Thread-2426] INFO  impl.RoleInfo (RoleInfo.java:shutdownFollowerState(121)) - ce411441-ec74-41fb-ae47-ef2da38128da: shutdown FollowerState
2019-10-03 20:02:55,886 [grpc-default-executor-7] INFO  impl.RoleInfo (RoleInfo.java:shutdownFollowerState(121)) - 6ad5b5ab-60d3-486a-9189-d3e4623e6b7b: shutdown FollowerState
2019-10-03 20:02:55,886 [Thread-2426] INFO  impl.RaftServerImpl (RaftServerImpl.java:setRole(170)) - ce411441-ec74-41fb-ae47-ef2da38128da@group-02140DEB1C8A: changes role from  FOLLOWER to CANDIDATE at term 0 for changeToCandidate
2019-10-03 20:02:55,886 [grpc-default-executor-3] INFO  impl.RoleInfo (RoleInfo.java:shutdownFollowerState(121)) - ce411441-ec74-41fb-ae47-ef2da38128da: shutdown FollowerState
2019-10-03 20:02:55,886 [Thread-2426] INFO  impl.RoleInfo (RoleInfo.java:updateAndGet(143)) - ce411441-ec74-41fb-ae47-ef2da38128da: start LeaderElection
2019-10-03 20:02:55,886 [Thread-2441] INFO  impl.FollowerState (FollowerState.java:run(117)) - 6ad5b5ab-60d3-486a-9189-d3e4623e6b7b@group-D0EF92AC4124-FollowerState was interrupted: java.lang.InterruptedException: sleep interrupted
2019-10-03 20:02:55,886 [grpc-default-executor-7] INFO  impl.RoleInfo (RoleInfo.java:updateAndGet(143)) - 6ad5b5ab-60d3-486a-9189-d3e4623e6b7b: start FollowerState
2019-10-03 20:02:55,886 [Thread-2442] INFO  impl.FollowerState (FollowerState.java:run(117)) - ce411441-ec74-41fb-ae47-ef2da38128da@group-D0EF92AC4124-FollowerState was interrupted: java.lang.InterruptedException: sleep interrupted
2019-10-03 20:02:55,886 [grpc-default-executor-3] INFO  impl.RoleInfo (RoleInfo.java:updateAndGet(143)) - ce411441-ec74-41fb-ae47-ef2da38128da: start FollowerState
2019-10-03 20:02:55,919 [ce411441-ec74-41fb-ae47-ef2da38128da@group-02140DEB1C8A-LeaderElection68] INFO  impl.LeaderElection (LeaderElection.java:askForVotes(178)) - ce411441-ec74-41fb-ae47-ef2da38128da@group-02140DEB1C8A-LeaderElection68: begin an election at term 1 for -1: [ce411441-ec74-41fb-ae47-ef2da38128da:192.168.164.206:42776], old=null
2019-10-03 20:02:55,919 [ce411441-ec74-41fb-ae47-ef2da38128da@group-02140DEB1C8A-LeaderElection68] INFO  impl.RoleInfo (RoleInfo.java:shutdownLeaderElection(134)) - ce411441-ec74-41fb-ae47-ef2da38128da: shutdown LeaderElection
2019-10-03 20:02:55,920 [ce411441-ec74-41fb-ae47-ef2da38128da@group-02140DEB1C8A-LeaderElection68] INFO  impl.RaftServerImpl (RaftServerImpl.java:setRole(170)) - ce411441-ec74-41fb-ae47-ef2da38128da@group-02140DEB1C8A: changes role from CANDIDATE to LEADER at term 1 for changeToLeader
2019-10-03 20:02:55,920 [ce411441-ec74-41fb-ae47-ef2da38128da@group-02140DEB1C8A-LeaderElection68] INFO  impl.RaftServerImpl (ServerState.java:setLeader(255)) - ce411441-ec74-41fb-ae47-ef2da38128da@group-02140DEB1C8A: change Leader from null to ce411441-ec74-41fb-ae47-ef2da38128da at term 1 for becomeLeader, leader elected after 5238ms
2019-10-03 20:02:55,920 [ce411441-ec74-41fb-ae47-ef2da38128da@group-02140DEB1C8A-LeaderElection68] INFO  server.RaftServerConfigKeys (ConfUtils.java:logGet(43)) - raft.server.staging.catchup.gap = 1000 (default)
2019-10-03 20:02:55,920 [e3434fd0-8dd0-4b11-8222-03ee75500a2d@group-D0EF92AC4124-LeaderElection67] INFO  impl.LeaderElection (LeaderElection.java:logAndReturn(56)) - e3434fd0-8dd0-4b11-8222-03ee75500a2d@group-D0EF92AC4124-LeaderElection67: Election PASSED; received 1 response(s) [e3434fd0-8dd0-4b11-8222-03ee75500a2d<-6ad5b5ab-60d3-486a-9189-d3e4623e6b7b#0:OK-t1] and 0 exception(s); e3434fd0-8dd0-4b11-8222-03ee75500a2d@group-D0EF92AC4124:t1, leader=null, voted=e3434fd0-8dd0-4b11-8222-03ee75500a2d, raftlog=e3434fd0-8dd0-4b11-8222-03ee75500a2d@group-D0EF92AC4124-SegmentedRaftLog:OPENED:c-1,f-1,i0, conf=-1: [e3434fd0-8dd0-4b11-8222-03ee75500a2d:192.168.164.206:41683, ce411441-ec74-41fb-ae47-ef2da38128da:192.168.164.206:42776, 6ad5b5ab-60d3-486a-9189-d3e4623e6b7b:192.168.164.206:44996], old=null
2019-10-03 20:02:55,920 [ce411441-ec74-41fb-ae47-ef2da38128da@group-02140DEB1C8A-LeaderElection68] INFO  server.RaftServerConfigKeys (ConfUtils.java:logGet(43)) - raft.server.rpc.sleep.time = 25ms (default)
2019-10-03 20:02:55,920 [e3434fd0-8dd0-4b11-8222-03ee75500a2d@group-D0EF92AC4124-LeaderElection67] INFO  impl.RoleInfo (RoleInfo.java:shutdownLeaderElection(134)) - e3434fd0-8dd0-4b11-8222-03ee75500a2d: shutdown LeaderElection
2019-10-03 20:02:55,923 [e3434fd0-8dd0-4b11-8222-03ee75500a2d@group-D0EF92AC4124-LeaderElection67] INFO  impl.RaftServerImpl (RaftServerImpl.java:setRole(170)) - e3434fd0-8dd0-4b11-8222-03ee75500a2d@group-D0EF92AC4124: changes role from CANDIDATE to LEADER at term 1 for changeToLeader
2019-10-03 20:02:55,923 [e3434fd0-8dd0-4b11-8222-03ee75500a2d@group-D0EF92AC4124-LeaderElection67] INFO  impl.RaftServerImpl (ServerState.java:setLeader(255)) - e3434fd0-8dd0-4b11-8222-03ee75500a2d@group-D0EF92AC4124: change Leader from null to e3434fd0-8dd0-4b11-8222-03ee75500a2d at term 1 for becomeLeader, leader elected after 5087ms
2019-10-03 20:02:55,923 [ce411441-ec74-41fb-ae47-ef2da38128da@group-02140DEB1C8A-LeaderElection68] INFO  server.RaftServerConfigKeys (ConfUtils.java:logGet(43)) - raft.server.write.element-limit = 4096 (default)
2019-10-03 20:02:55,923 [e3434fd0-8dd0-4b11-8222-03ee75500a2d@group-D0EF92AC4124-LeaderElection67] INFO  server.RaftServerConfigKeys (ConfUtils.java:logGet(43)) - raft.server.staging.catchup.gap = 1000 (default)
2019-10-03 20:02:55,923 [ce411441-ec74-41fb-ae47-ef2da38128da@group-02140DEB1C8A-LeaderElection68] INFO  server.RaftServerConfigKeys (ConfUtils.java:logGet(43)) - raft.server.watch.timeout = 10s (default)
2019-10-03 20:02:55,924 [e3434fd0-8dd0-4b11-8222-03ee75500a2d@group-D0EF92AC4124-LeaderElection67] INFO  server.RaftServerConfigKeys (ConfUtils.java:logGet(43)) - raft.server.rpc.sleep.time = 25ms (default)
2019-10-03 20:02:55,924 [ce411441-ec74-41fb-ae47-ef2da38128da@group-02140DEB1C8A-LeaderElection68] INFO  server.RaftServerConfigKeys (ConfUtils.java:logGet(43)) - raft.server.watch.timeout.denomination = 1s (default)
2019-10-03 20:02:55,924 [e3434fd0-8dd0-4b11-8222-03ee75500a2d@group-D0EF92AC4124-LeaderElection67] INFO  server.RaftServerConfigKeys (ConfUtils.java:logGet(43)) - raft.server.write.element-limit = 4096 (default)
2019-10-03 20:02:55,924 [ce411441-ec74-41fb-ae47-ef2da38128da@group-02140DEB1C8A-LeaderElection68] INFO  server.RaftServerConfigKeys (ConfUtils.java:logGet(43)) - raft.server.watch.element-limit = 65536 (default)
2019-10-03 20:02:55,924 [e3434fd0-8dd0-4b11-8222-03ee75500a2d@group-D0EF92AC4124-LeaderElection67] INFO  server.RaftServerConfigKeys (ConfUtils.java:logGet(43)) - raft.server.watch.timeout = 10s (default)
2019-10-03 20:02:55,924 [e3434fd0-8dd0-4b11-8222-03ee75500a2d@group-D0EF92AC4124-LeaderElection67] INFO  server.RaftServerConfigKeys (ConfUtils.java:logGet(43)) - raft.server.watch.timeout.denomination = 1s (default)
2019-10-03 20:02:55,924 [e3434fd0-8dd0-4b11-8222-03ee75500a2d@group-D0EF92AC4124-LeaderElection67] INFO  server.RaftServerConfigKeys (ConfUtils.java:logGet(43)) - raft.server.watch.element-limit = 65536 (default)
2019-10-03 20:02:55,926 [e3434fd0-8dd0-4b11-8222-03ee75500a2d@group-D0EF92AC4124-LeaderElection67] INFO  server.RaftServerConfigKeys (ConfUtils.java:logGet(43)) - raft.server.log.appender.snapshot.chunk.size.max = 16MB (=16777216) (default)
2019-10-03 20:02:55,926 [e3434fd0-8dd0-4b11-8222-03ee75500a2d@group-D0EF92AC4124-LeaderElection67] INFO  server.RaftServerConfigKeys (ConfUtils.java:logGet(43)) - raft.server.log.appender.buffer.byte-limit = 33554432 (custom)
2019-10-03 20:02:55,926 [ce411441-ec74-41fb-ae47-ef2da38128da@group-02140DEB1C8A-LeaderElection68] INFO  impl.RoleInfo (RoleInfo.java:updateAndGet(143)) - ce411441-ec74-41fb-ae47-ef2da38128da: start LeaderState
2019-10-03 20:02:55,926 [e3434fd0-8dd0-4b11-8222-03ee75500a2d@group-D0EF92AC4124-LeaderElection67] INFO  server.RaftServerConfigKeys (ConfUtils.java:logGet(43)) - raft.server.log.appender.buffer.element-limit = 1 (custom)
2019-10-03 20:02:55,927 [e3434fd0-8dd0-4b11-8222-03ee75500a2d@group-D0EF92AC4124-LeaderElection67] INFO  grpc.GrpcConfigKeys$Server (ConfUtils.java:logGet(43)) - raft.grpc.server.leader.outstanding.appends.max = 128 (default)
2019-10-03 20:02:55,927 [ce411441-ec74-41fb-ae47-ef2da38128da@group-02140DEB1C8A-LeaderElection68] INFO  segmented.SegmentedRaftLogWorker (SegmentedRaftLogWorker.java:startLogSegment(385)) - ce411441-ec74-41fb-ae47-ef2da38128da@group-02140DEB1C8A-SegmentedRaftLogWorker: Starting segment from index:0
2019-10-03 20:02:55,927 [e3434fd0-8dd0-4b11-8222-03ee75500a2d@group-D0EF92AC4124-LeaderElection67] INFO  server.RaftServerConfigKeys (ConfUtils.java:logGet(43)) - raft.server.rpc.request.timeout = 3000ms (default)
2019-10-03 20:02:55,927 [e3434fd0-8dd0-4b11-8222-03ee75500a2d@group-D0EF92AC4124-LeaderElection67] INFO  server.RaftServerConfigKeys (ConfUtils.java:logGet(43)) - raft.server.log.appender.install.snapshot.enabled = false (custom)
2019-10-03 20:02:55,927 [e3434fd0-8dd0-4b11-8222-03ee75500a2d@group-D0EF92AC4124-LeaderElection67] INFO  server.RaftServerConfigKeys (ConfUtils.java:logGet(43)) - raft.server.log.appender.snapshot.chunk.size.max = 16MB (=16777216) (default)
2019-10-03 20:02:55,927 [e3434fd0-8dd0-4b11-8222-03ee75500a2d@group-D0EF92AC4124-LeaderElection67] INFO  server.RaftServerConfigKeys (ConfUtils.java:logGet(43)) - raft.server.log.appender.buffer.byte-limit = 33554432 (custom)
2019-10-03 20:02:55,927 [ce411441-ec74-41fb-ae47-ef2da38128da@group-02140DEB1C8A-LeaderElection68] INFO  impl.RaftServerImpl (ServerState.java:setRaftConf(356)) - ce411441-ec74-41fb-ae47-ef2da38128da@group-02140DEB1C8A: set configuration 0: [ce411441-ec74-41fb-ae47-ef2da38128da:192.168.164.206:42776], old=null at 0
2019-10-03 20:02:55,927 [e3434fd0-8dd0-4b11-8222-03ee75500a2d@group-D0EF92AC4124-LeaderElection67] INFO  server.RaftServerConfigKeys (ConfUtils.java:logGet(43)) - raft.server.log.appender.buffer.element-limit = 1 (custom)
2019-10-03 20:02:55,928 [e3434fd0-8dd0-4b11-8222-03ee75500a2d@group-D0EF92AC4124-LeaderElection67] INFO  grpc.GrpcConfigKeys$Server (ConfUtils.java:logGet(43)) - raft.grpc.server.leader.outstanding.appends.max = 128 (default)
2019-10-03 20:02:55,928 [e3434fd0-8dd0-4b11-8222-03ee75500a2d@group-D0EF92AC4124-LeaderElection67] INFO  server.RaftServerConfigKeys (ConfUtils.java:logGet(43)) - raft.server.rpc.request.timeout = 3000ms (default)
2019-10-03 20:02:55,928 [e3434fd0-8dd0-4b11-8222-03ee75500a2d@group-D0EF92AC4124-LeaderElection67] INFO  server.RaftServerConfigKeys (ConfUtils.java:logGet(43)) - raft.server.log.appender.install.snapshot.enabled = false (custom)
2019-10-03 20:02:55,928 [e3434fd0-8dd0-4b11-8222-03ee75500a2d@group-D0EF92AC4124-LeaderElection67] INFO  impl.RoleInfo (RoleInfo.java:updateAndGet(143)) - e3434fd0-8dd0-4b11-8222-03ee75500a2d: start LeaderState
2019-10-03 20:02:55,928 [e3434fd0-8dd0-4b11-8222-03ee75500a2d@group-D0EF92AC4124-LeaderElection67] INFO  segmented.SegmentedRaftLogWorker (SegmentedRaftLogWorker.java:startLogSegment(385)) - e3434fd0-8dd0-4b11-8222-03ee75500a2d@group-D0EF92AC4124-SegmentedRaftLogWorker: Starting segment from index:0
2019-10-03 20:02:55,929 [e3434fd0-8dd0-4b11-8222-03ee75500a2d@group-D0EF92AC4124-LeaderElection67] INFO  impl.RaftServerImpl (ServerState.java:setRaftConf(356)) - e3434fd0-8dd0-4b11-8222-03ee75500a2d@group-D0EF92AC4124: set configuration 0: [e3434fd0-8dd0-4b11-8222-03ee75500a2d:192.168.164.206:41683, ce411441-ec74-41fb-ae47-ef2da38128da:192.168.164.206:42776, 6ad5b5ab-60d3-486a-9189-d3e4623e6b7b:192.168.164.206:44996], old=null at 0
2019-10-03 20:02:55,956 [grpc-default-executor-7] INFO  impl.RaftServerImpl (ServerState.java:setLeader(255)) - ce411441-ec74-41fb-ae47-ef2da38128da@group-D0EF92AC4124: change Leader from null to e3434fd0-8dd0-4b11-8222-03ee75500a2d at term 1 for appendEntries, leader elected after 5119ms
2019-10-03 20:02:55,956 [Thread-2432] INFO  impl.FollowerState (FollowerState.java:run(108)) - e3434fd0-8dd0-4b11-8222-03ee75500a2d@group-9C19B5E55607-FollowerState: change to CANDIDATE, lastRpcTime:5181ms, electionTimeout:5160ms
2019-10-03 20:02:55,956 [Thread-2432] INFO  impl.RoleInfo (RoleInfo.java:shutdownFollowerState(121)) - e3434fd0-8dd0-4b11-8222-03ee75500a2d: shutdown FollowerState
2019-10-03 20:02:55,958 [Thread-2432] INFO  impl.RaftServerImpl (RaftServerImpl.java:setRole(170)) - e3434fd0-8dd0-4b11-8222-03ee75500a2d@group-9C19B5E55607: changes role from  FOLLOWER to CANDIDATE at term 0 for changeToCandidate
2019-10-03 20:02:55,958 [grpc-default-executor-3] INFO  impl.RaftServerImpl (ServerState.java:setLeader(255)) - 6ad5b5ab-60d3-486a-9189-d3e4623e6b7b@group-D0EF92AC4124: change Leader from null to e3434fd0-8dd0-4b11-8222-03ee75500a2d at term 1 for appendEntries, leader elected after 5121ms
2019-10-03 20:02:55,958 [Thread-2432] INFO  impl.RoleInfo (RoleInfo.java:updateAndGet(143)) - e3434fd0-8dd0-4b11-8222-03ee75500a2d: start LeaderElection
2019-10-03 20:02:55,963 [grpc-default-executor-3] INFO  impl.RaftServerImpl (ServerState.java:setRaftConf(356)) - 6ad5b5ab-60d3-486a-9189-d3e4623e6b7b@group-D0EF92AC4124: set configuration 0: [e3434fd0-8dd0-4b11-8222-03ee75500a2d:192.168.164.206:41683, ce411441-ec74-41fb-ae47-ef2da38128da:192.168.164.206:42776, 6ad5b5ab-60d3-486a-9189-d3e4623e6b7b:192.168.164.206:44996], old=null at 0
2019-10-03 20:02:55,963 [grpc-default-executor-7] INFO  impl.RaftServerImpl (ServerState.java:setRaftConf(356)) - ce411441-ec74-41fb-ae47-ef2da38128da@group-D0EF92AC4124: set configuration 0: [e3434fd0-8dd0-4b11-8222-03ee75500a2d:192.168.164.206:41683, ce411441-ec74-41fb-ae47-ef2da38128da:192.168.164.206:42776, 6ad5b5ab-60d3-486a-9189-d3e4623e6b7b:192.168.164.206:44996], old=null at 0
2019-10-03 20:02:55,964 [grpc-default-executor-3] INFO  segmented.SegmentedRaftLogWorker (SegmentedRaftLogWorker.java:startLogSegment(385)) - 6ad5b5ab-60d3-486a-9189-d3e4623e6b7b@group-D0EF92AC4124-SegmentedRaftLogWorker: Starting segment from index:0
2019-10-03 20:02:55,964 [grpc-default-executor-7] INFO  segmented.SegmentedRaftLogWorker (SegmentedRaftLogWorker.java:startLogSegment(385)) - ce411441-ec74-41fb-ae47-ef2da38128da@group-D0EF92AC4124-SegmentedRaftLogWorker: Starting segment from index:0
2019-10-03 20:02:55,991 [ce411441-ec74-41fb-ae47-ef2da38128da@group-02140DEB1C8A-SegmentedRaftLogWorker] INFO  segmented.SegmentedRaftLogWorker (SegmentedRaftLogWorker.java:execute(574)) - ce411441-ec74-41fb-ae47-ef2da38128da@group-02140DEB1C8A-SegmentedRaftLogWorker: created new log segment /workdir/hadoop-ozone/integration-test/target/test-dir/MiniOzoneClusterImpl-4da3e29e-7197-414b-b066-3b2e861cdb23/datanode-4/data/ratis/f267a886-088d-48a8-a21b-02140deb1c8a/current/log_inprogress_0
2019-10-03 20:02:55,991 [e3434fd0-8dd0-4b11-8222-03ee75500a2d@group-9C19B5E55607-LeaderElection69] INFO  impl.LeaderElection (LeaderElection.java:askForVotes(178)) - e3434fd0-8dd0-4b11-8222-03ee75500a2d@group-9C19B5E55607-LeaderElection69: begin an election at term 1 for -1: [e3434fd0-8dd0-4b11-8222-03ee75500a2d:192.168.164.206:41683], old=null
2019-10-03 20:02:55,991 [e3434fd0-8dd0-4b11-8222-03ee75500a2d@group-D0EF92AC4124-SegmentedRaftLogWorker] INFO  segmented.SegmentedRaftLogWorker (SegmentedRaftLogWorker.java:execute(574)) - e3434fd0-8dd0-4b11-8222-03ee75500a2d@group-D0EF92AC4124-SegmentedRaftLogWorker: created new log segment /workdir/hadoop-ozone/integration-test/target/test-dir/MiniOzoneClusterImpl-4da3e29e-7197-414b-b066-3b2e861cdb23/datanode-5/data/ratis/cad2d589-70c6-4f05-a779-d0ef92ac4124/current/log_inprogress_0
2019-10-03 20:02:55,991 [e3434fd0-8dd0-4b11-8222-03ee75500a2d@group-9C19B5E55607-LeaderElection69] INFO  impl.RoleInfo (RoleInfo.java:shutdownLeaderElection(134)) - e3434fd0-8dd0-4b11-8222-03ee75500a2d: shutdown LeaderElection
2019-10-03 20:02:55,992 [e3434fd0-8dd0-4b11-8222-03ee75500a2d@group-9C19B5E55607-LeaderElection69] INFO  impl.RaftServerImpl (RaftServerImpl.java:setRole(170)) - e3434fd0-8dd0-4b11-8222-03ee75500a2d@group-9C19B5E55607: changes role from CANDIDATE to LEADER at term 1 for changeToLeader
2019-10-03 20:02:55,992 [e3434fd0-8dd0-4b11-8222-03ee75500a2d@group-9C19B5E55607-LeaderElection69] INFO  impl.RaftServerImpl (ServerState.java:setLeader(255)) - e3434fd0-8dd0-4b11-8222-03ee75500a2d@group-9C19B5E55607: change Leader from null to e3434fd0-8dd0-4b11-8222-03ee75500a2d at term 1 for becomeLeader, leader elected after 5221ms
2019-10-03 20:02:55,992 [e3434fd0-8dd0-4b11-8222-03ee75500a2d@group-9C19B5E55607-LeaderElection69] INFO  server.RaftServerConfigKeys (ConfUtils.java:logGet(43)) - raft.server.staging.catchup.gap = 1000 (default)
2019-10-03 20:02:55,992 [e3434fd0-8dd0-4b11-8222-03ee75500a2d@group-9C19B5E55607-LeaderElection69] INFO  server.RaftServerConfigKeys (ConfUtils.java:logGet(43)) - raft.server.rpc.sleep.time = 25ms (default)
2019-10-03 20:02:55,996 [e3434fd0-8dd0-4b11-8222-03ee75500a2d@group-9C19B5E55607-LeaderElection69] INFO  server.RaftServerConfigKeys (ConfUtils.java:logGet(43)) - raft.server.write.element-limit = 4096 (default)
2019-10-03 20:02:55,997 [e3434fd0-8dd0-4b11-8222-03ee75500a2d@group-9C19B5E55607-LeaderElection69] INFO  server.RaftServerConfigKeys (ConfUtils.java:logGet(43)) - raft.server.watch.timeout = 10s (default)
2019-10-03 20:02:55,997 [e3434fd0-8dd0-4b11-8222-03ee75500a2d@group-9C19B5E55607-LeaderElection69] INFO  server.RaftServerConfigKeys (ConfUtils.java:logGet(43)) - raft.server.watch.timeout.denomination = 1s (default)
2019-10-03 20:02:55,997 [e3434fd0-8dd0-4b11-8222-03ee75500a2d@group-9C19B5E55607-LeaderElection69] INFO  server.RaftServerConfigKeys (ConfUtils.java:logGet(43)) - raft.server.watch.element-limit = 65536 (default)
2019-10-03 20:02:56,000 [e3434fd0-8dd0-4b11-8222-03ee75500a2d@group-9C19B5E55607-LeaderElection69] INFO  impl.RoleInfo (RoleInfo.java:updateAndGet(143)) - e3434fd0-8dd0-4b11-8222-03ee75500a2d: start LeaderState
2019-10-03 20:02:56,001 [e3434fd0-8dd0-4b11-8222-03ee75500a2d@group-9C19B5E55607-LeaderElection69] INFO  segmented.SegmentedRaftLogWorker (SegmentedRaftLogWorker.java:startLogSegment(385)) - e3434fd0-8dd0-4b11-8222-03ee75500a2d@group-9C19B5E55607-SegmentedRaftLogWorker: Starting segment from index:0
2019-10-03 20:02:56,001 [e3434fd0-8dd0-4b11-8222-03ee75500a2d@group-9C19B5E55607-LeaderElection69] INFO  impl.RaftServerImpl (ServerState.java:setRaftConf(356)) - e3434fd0-8dd0-4b11-8222-03ee75500a2d@group-9C19B5E55607: set configuration 0: [e3434fd0-8dd0-4b11-8222-03ee75500a2d:192.168.164.206:41683], old=null at 0
2019-10-03 20:02:56,003 [ce411441-ec74-41fb-ae47-ef2da38128da@group-D0EF92AC4124-SegmentedRaftLogWorker] INFO  segmented.SegmentedRaftLogWorker (SegmentedRaftLogWorker.java:execute(574)) - ce411441-ec74-41fb-ae47-ef2da38128da@group-D0EF92AC4124-SegmentedRaftLogWorker: created new log segment /workdir/hadoop-ozone/integration-test/target/test-dir/MiniOzoneClusterImpl-4da3e29e-7197-414b-b066-3b2e861cdb23/datanode-4/data/ratis/cad2d589-70c6-4f05-a779-d0ef92ac4124/current/log_inprogress_0
2019-10-03 20:02:56,003 [6ad5b5ab-60d3-486a-9189-d3e4623e6b7b@group-D0EF92AC4124-SegmentedRaftLogWorker] INFO  segmented.SegmentedRaftLogWorker (SegmentedRaftLogWorker.java:execute(574)) - 6ad5b5ab-60d3-486a-9189-d3e4623e6b7b@group-D0EF92AC4124-SegmentedRaftLogWorker: created new log segment /workdir/hadoop-ozone/integration-test/target/test-dir/MiniOzoneClusterImpl-4da3e29e-7197-414b-b066-3b2e861cdb23/datanode-3/data/ratis/cad2d589-70c6-4f05-a779-d0ef92ac4124/current/log_inprogress_0
2019-10-03 20:02:56,058 [e3434fd0-8dd0-4b11-8222-03ee75500a2d@group-9C19B5E55607-SegmentedRaftLogWorker] INFO  segmented.SegmentedRaftLogWorker (SegmentedRaftLogWorker.java:execute(574)) - e3434fd0-8dd0-4b11-8222-03ee75500a2d@group-9C19B5E55607-SegmentedRaftLogWorker: created new log segment /workdir/hadoop-ozone/integration-test/target/test-dir/MiniOzoneClusterImpl-4da3e29e-7197-414b-b066-3b2e861cdb23/datanode-5/data/ratis/96d68fe1-9e1c-4317-a95c-9c19b5e55607/current/log_inprogress_0
2019-10-03 20:02:57,103 [Datanode State Machine Thread - 0] INFO  statemachine.DatanodeStateMachine (DatanodeStateMachine.java:lambda$startDaemon$0(350)) - Ozone container server started.
2019-10-03 20:03:01,119 [main] INFO  ozoneimpl.OzoneContainer (OzoneContainer.java:stop(231)) - Attempting to stop container services.
2019-10-03 20:03:01,120 [main] INFO  impl.RaftServerProxy (RaftServerProxy.java:lambda$close$4(314)) - a0cfe848-65f9-45cc-894d-97058114ebc4: close
2019-10-03 20:03:01,121 [main] INFO  impl.RaftServerImpl (RaftServerImpl.java:lambda$shutdown$3(247)) - a0cfe848-65f9-45cc-894d-97058114ebc4@group-B72012AFF525: shutdown
2019-10-03 20:03:01,121 [ForkJoinPool.commonPool-worker-1] INFO  impl.RaftServerImpl (RaftServerImpl.java:lambda$shutdown$3(247)) - a0cfe848-65f9-45cc-894d-97058114ebc4@group-0462A41E2695: shutdown
2019-10-03 20:03:01,122 [main] INFO  util.JmxRegister (JmxRegister.java:unregister(73)) - Successfully un-registered JMX Bean with object name Ratis:service=RaftServer,group=group-B72012AFF525,id=a0cfe848-65f9-45cc-894d-97058114ebc4
2019-10-03 20:03:01,122 [ForkJoinPool.commonPool-worker-1] INFO  util.JmxRegister (JmxRegister.java:unregister(73)) - Successfully un-registered JMX Bean with object name Ratis:service=RaftServer,group=group-0462A41E2695,id=a0cfe848-65f9-45cc-894d-97058114ebc4
2019-10-03 20:03:01,123 [main] INFO  impl.RoleInfo (RoleInfo.java:shutdownLeaderState(104)) - a0cfe848-65f9-45cc-894d-97058114ebc4: shutdown LeaderState
2019-10-03 20:03:01,123 [ForkJoinPool.commonPool-worker-1] INFO  impl.RoleInfo (RoleInfo.java:shutdownLeaderState(104)) - a0cfe848-65f9-45cc-894d-97058114ebc4: shutdown LeaderState
2019-10-03 20:03:01,123 [main] INFO  impl.PendingRequests (PendingRequests.java:sendNotLeaderResponses(202)) - a0cfe848-65f9-45cc-894d-97058114ebc4@group-B72012AFF525-PendingRequests: sendNotLeaderResponses
2019-10-03 20:03:01,130 [org.apache.ratis.server.impl.LogAppender$AppenderDaemon$$Lambda$516/608341518@6604f727] WARN  server.GrpcLogAppender (GrpcLogAppender.java:mayWait(143)) - a0cfe848-65f9-45cc-894d-97058114ebc4@group-0462A41E2695->09915764-2c6b-430c-ba30-df162619c3b6-GrpcLogAppender: Wait interrupted by java.lang.InterruptedException
2019-10-03 20:03:01,130 [org.apache.ratis.server.impl.LogAppender$AppenderDaemon$$Lambda$516/608341518@3f11b92a] WARN  server.GrpcLogAppender (GrpcLogAppender.java:mayWait(143)) - a0cfe848-65f9-45cc-894d-97058114ebc4@group-0462A41E2695->4f819899-3d19-4cb8-84c1-1d456e79a579-GrpcLogAppender: Wait interrupted by java.lang.InterruptedException
2019-10-03 20:03:01,130 [ForkJoinPool.commonPool-worker-1] INFO  impl.PendingRequests (PendingRequests.java:sendNotLeaderResponses(202)) - a0cfe848-65f9-45cc-894d-97058114ebc4@group-0462A41E2695-PendingRequests: sendNotLeaderResponses
2019-10-03 20:03:01,131 [main] INFO  impl.StateMachineUpdater (StateMachineUpdater.java:stopAndJoin(136)) - a0cfe848-65f9-45cc-894d-97058114ebc4@group-B72012AFF525-StateMachineUpdater: set stopIndex = 0
2019-10-03 20:03:01,158 [grpc-default-executor-7] INFO  server.GrpcServerProtocolService (GrpcServerProtocolService.java:onCompleted(113)) - 4f819899-3d19-4cb8-84c1-1d456e79a579: Completed APPEND_ENTRIES, lastRequest: a0cfe848-65f9-45cc-894d-97058114ebc4->4f819899-3d19-4cb8-84c1-1d456e79a579#5-t1, previous=(t:1, i:2), leaderCommit=2, initializing? false, entries: <empty>
2019-10-03 20:03:01,158 [ForkJoinPool.commonPool-worker-1] INFO  impl.StateMachineUpdater (StateMachineUpdater.java:stopAndJoin(136)) - a0cfe848-65f9-45cc-894d-97058114ebc4@group-0462A41E2695-StateMachineUpdater: set stopIndex = 2
2019-10-03 20:03:01,159 [grpc-default-executor-7] INFO  server.GrpcLogAppender (GrpcLogAppender.java:onCompleted(293)) - a0cfe848-65f9-45cc-894d-97058114ebc4@group-0462A41E2695->4f819899-3d19-4cb8-84c1-1d456e79a579-AppendLogResponseHandler: follower responses appendEntries COMPLETED
2019-10-03 20:03:01,158 [a0cfe848-65f9-45cc-894d-97058114ebc4@group-0462A41E2695-StateMachineUpdater] INFO  ratis.ContainerStateMachine (ContainerStateMachine.java:takeSnapshot(293)) - group-0462A41E2695: Taking a snapshot at:(t:1, i:2) file /workdir/hadoop-ozone/integration-test/target/test-dir/MiniOzoneClusterImpl-4da3e29e-7197-414b-b066-3b2e861cdb23/datanode-0/data/ratis/82e5d7dc-72f2-43c3-ac1a-0462a41e2695/sm/snapshot.1_2
2019-10-03 20:03:01,158 [grpc-default-executor-6] INFO  server.GrpcServerProtocolService (GrpcServerProtocolService.java:onCompleted(113)) - 09915764-2c6b-430c-ba30-df162619c3b6: Completed APPEND_ENTRIES, lastRequest: a0cfe848-65f9-45cc-894d-97058114ebc4->09915764-2c6b-430c-ba30-df162619c3b6#5-t1, previous=(t:1, i:2), leaderCommit=2, initializing? false, entries: <empty>
2019-10-03 20:03:01,158 [main] INFO  impl.RaftServerImpl (ServerState.java:close(387)) - a0cfe848-65f9-45cc-894d-97058114ebc4@group-B72012AFF525: closes. applyIndex: 0
2019-10-03 20:03:01,161 [grpc-default-executor-6] INFO  server.GrpcLogAppender (GrpcLogAppender.java:onCompleted(293)) - a0cfe848-65f9-45cc-894d-97058114ebc4@group-0462A41E2695->09915764-2c6b-430c-ba30-df162619c3b6-AppendLogResponseHandler: follower responses appendEntries COMPLETED
2019-10-03 20:03:01,161 [grpc-default-executor-7] INFO  impl.FollowerInfo (FollowerInfo.java:lambda$new$0(51)) - a0cfe848-65f9-45cc-894d-97058114ebc4@group-0462A41E2695->4f819899-3d19-4cb8-84c1-1d456e79a579: nextIndex: updateUnconditionally 3 -> 2
2019-10-03 20:03:01,161 [grpc-default-executor-6] INFO  impl.FollowerInfo (FollowerInfo.java:lambda$new$0(51)) - a0cfe848-65f9-45cc-894d-97058114ebc4@group-0462A41E2695->09915764-2c6b-430c-ba30-df162619c3b6: nextIndex: updateUnconditionally 3 -> 2
2019-10-03 20:03:01,161 [a0cfe848-65f9-45cc-894d-97058114ebc4@group-B72012AFF525-SegmentedRaftLogWorker] INFO  segmented.SegmentedRaftLogWorker (SegmentedRaftLogWorker.java:run(316)) - a0cfe848-65f9-45cc-894d-97058114ebc4@group-B72012AFF525-SegmentedRaftLogWorker was interrupted, exiting. There are 0 tasks remaining in the queue.
2019-10-03 20:03:01,165 [main] INFO  segmented.SegmentedRaftLogWorker (SegmentedRaftLogWorker.java:close(224)) - a0cfe848-65f9-45cc-894d-97058114ebc4@group-B72012AFF525-SegmentedRaftLogWorker close()
2019-10-03 20:03:01,174 [a0cfe848-65f9-45cc-894d-97058114ebc4@group-0462A41E2695-StateMachineUpdater] INFO  ratis.ContainerStateMachine (ContainerStateMachine.java:takeSnapshot(304)) - group-0462A41E2695: Finished taking a snapshot at:(t:1, i:2) file:/workdir/hadoop-ozone/integration-test/target/test-dir/MiniOzoneClusterImpl-4da3e29e-7197-414b-b066-3b2e861cdb23/datanode-0/data/ratis/82e5d7dc-72f2-43c3-ac1a-0462a41e2695/sm/snapshot.1_2 time:16
2019-10-03 20:03:01,174 [a0cfe848-65f9-45cc-894d-97058114ebc4@group-0462A41E2695-StateMachineUpdater] INFO  impl.StateMachineUpdater (StateMachineUpdater.java:takeSnapshot(269)) - a0cfe848-65f9-45cc-894d-97058114ebc4@group-0462A41E2695-StateMachineUpdater: Took a snapshot at index 2
2019-10-03 20:03:01,175 [a0cfe848-65f9-45cc-894d-97058114ebc4@group-0462A41E2695-StateMachineUpdater] INFO  impl.StateMachineUpdater (StateMachineUpdater.java:lambda$new$0(84)) - a0cfe848-65f9-45cc-894d-97058114ebc4@group-0462A41E2695-StateMachineUpdater: snapshotIndex: updateIncreasingly -1 -> 2
2019-10-03 20:03:01,175 [ForkJoinPool.commonPool-worker-1] INFO  impl.RaftServerImpl (ServerState.java:close(387)) - a0cfe848-65f9-45cc-894d-97058114ebc4@group-0462A41E2695: closes. applyIndex: 2
2019-10-03 20:03:01,175 [a0cfe848-65f9-45cc-894d-97058114ebc4@group-0462A41E2695-SegmentedRaftLogWorker] INFO  segmented.SegmentedRaftLogWorker (SegmentedRaftLogWorker.java:run(316)) - a0cfe848-65f9-45cc-894d-97058114ebc4@group-0462A41E2695-SegmentedRaftLogWorker was interrupted, exiting. There are 0 tasks remaining in the queue.
2019-10-03 20:03:01,177 [ForkJoinPool.commonPool-worker-1] INFO  segmented.SegmentedRaftLogWorker (SegmentedRaftLogWorker.java:close(224)) - a0cfe848-65f9-45cc-894d-97058114ebc4@group-0462A41E2695-SegmentedRaftLogWorker close()
2019-10-03 20:03:01,181 [main] INFO  server.GrpcService (GrpcService.java:closeImpl(164)) - a0cfe848-65f9-45cc-894d-97058114ebc4: shutdown server with port 45166 now
2019-10-03 20:03:01,182 [main] INFO  server.GrpcService (GrpcService.java:closeImpl(172)) - a0cfe848-65f9-45cc-894d-97058114ebc4: shutdown server with port 45166 successfully
2019-10-03 20:03:01,186 [refreshUsed-/workdir/hadoop-ozone/integration-test/target/test-dir/MiniOzoneClusterImpl-4da3e29e-7197-414b-b066-3b2e861cdb23/datanode-0/data/containers] WARN  fs.CachingGetSpaceUsed (CachingGetSpaceUsed.java:run(183)) - Thread Interrupted waiting to refresh disk information: sleep interrupted
2019-10-03 20:03:01,210 [main] INFO  utils.BackgroundService (BackgroundService.java:shutdown(148)) - Shutting down service BlockDeletingService
2019-10-03 20:03:01,216 [main] INFO  statemachine.DatanodeStateMachine (DatanodeStateMachine.java:stopDaemon(395)) - Ozone container server stopped.
2019-10-03 20:03:01,218 [main] INFO  handler.ContextHandler (ContextHandler.java:doStop(910)) - Stopped o.e.j.w.WebAppContext@de77146{/,null,UNAVAILABLE}{/hddsDatanode}
2019-10-03 20:03:01,221 [main] INFO  server.AbstractConnector (AbstractConnector.java:doStop(318)) - Stopped ServerConnector@691567ea{HTTP/1.1,[http/1.1]}{0.0.0.0:0}
2019-10-03 20:03:01,221 [main] INFO  handler.ContextHandler (ContextHandler.java:doStop(910)) - Stopped o.e.j.s.ServletContextHandler@62cbc478{/static,jar:file:/home/user/.m2/repository/org/apache/hadoop/hadoop-hdds-container-service/0.5.0-SNAPSHOT/hadoop-hdds-container-service-0.5.0-SNAPSHOT.jar!/webapps/static,UNAVAILABLE}
2019-10-03 20:03:01,221 [main] INFO  handler.ContextHandler (ContextHandler.java:doStop(910)) - Stopped o.e.j.s.ServletContextHandler@119290b9{/logs,file:///workdir/hadoop-ozone/integration-test/target/log,UNAVAILABLE}
2019-10-03 20:03:10,944 [Thread-2467] INFO  impl.FollowerState (FollowerState.java:run(108)) - 4f819899-3d19-4cb8-84c1-1d456e79a579@group-0462A41E2695-FollowerState: change to CANDIDATE, lastRpcTime:9923ms, electionTimeout:5063ms
2019-10-03 20:03:10,945 [Thread-2467] INFO  impl.RoleInfo (RoleInfo.java:shutdownFollowerState(121)) - 4f819899-3d19-4cb8-84c1-1d456e79a579: shutdown FollowerState
2019-10-03 20:03:10,945 [Thread-2467] INFO  impl.RaftServerImpl (RaftServerImpl.java:setRole(170)) - 4f819899-3d19-4cb8-84c1-1d456e79a579@group-0462A41E2695: changes role from  FOLLOWER to CANDIDATE at term 1 for changeToCandidate
2019-10-03 20:03:10,945 [Thread-2467] INFO  impl.RoleInfo (RoleInfo.java:updateAndGet(143)) - 4f819899-3d19-4cb8-84c1-1d456e79a579: start LeaderElection
2019-10-03 20:03:10,954 [4f819899-3d19-4cb8-84c1-1d456e79a579@group-0462A41E2695-LeaderElection70] INFO  impl.RaftServerImpl (ServerState.java:setLeader(255)) - 4f819899-3d19-4cb8-84c1-1d456e79a579@group-0462A41E2695: change Leader from a0cfe848-65f9-45cc-894d-97058114ebc4 to null at term 1 for initElection
2019-10-03 20:03:10,969 [4f819899-3d19-4cb8-84c1-1d456e79a579@group-0462A41E2695-LeaderElection70] INFO  impl.LeaderElection (LeaderElection.java:askForVotes(178)) - 4f819899-3d19-4cb8-84c1-1d456e79a579@group-0462A41E2695-LeaderElection70: begin an election at term 2 for 0: [09915764-2c6b-430c-ba30-df162619c3b6:192.168.164.206:40589, a0cfe848-65f9-45cc-894d-97058114ebc4:192.168.164.206:45166, 4f819899-3d19-4cb8-84c1-1d456e79a579:192.168.164.206:39838], old=null
2019-10-03 20:03:10,973 [4f819899-3d19-4cb8-84c1-1d456e79a579@group-0462A41E2695-LeaderElection70] INFO  impl.LeaderElection (LogUtils.java:infoOrTrace(149)) - 4f819899-3d19-4cb8-84c1-1d456e79a579@group-0462A41E2695-LeaderElection70 got exception when requesting votes: {}
java.util.concurrent.ExecutionException: org.apache.ratis.thirdparty.io.grpc.StatusRuntimeException: UNAVAILABLE: io exception
	at java.util.concurrent.FutureTask.report(FutureTask.java:122)
	at java.util.concurrent.FutureTask.get(FutureTask.java:192)
	at org.apache.ratis.server.impl.LeaderElection.waitForResults(LeaderElection.java:259)
	at org.apache.ratis.server.impl.LeaderElection.askForVotes(LeaderElection.java:197)
	at org.apache.ratis.server.impl.LeaderElection.run(LeaderElection.java:133)
	at java.lang.Thread.run(Thread.java:748)
Caused by: org.apache.ratis.thirdparty.io.grpc.StatusRuntimeException: UNAVAILABLE: io exception
	at org.apache.ratis.thirdparty.io.grpc.stub.ClientCalls.toStatusRuntimeException(ClientCalls.java:233)
	at org.apache.ratis.thirdparty.io.grpc.stub.ClientCalls.getUnchecked(ClientCalls.java:214)
	at org.apache.ratis.thirdparty.io.grpc.stub.ClientCalls.blockingUnaryCall(ClientCalls.java:139)
	at org.apache.ratis.proto.grpc.RaftServerProtocolServiceGrpc$RaftServerProtocolServiceBlockingStub.requestVote(RaftServerProtocolServiceGrpc.java:265)
	at org.apache.ratis.grpc.server.GrpcServerProtocolClient.requestVote(GrpcServerProtocolClient.java:99)
	at org.apache.ratis.grpc.server.GrpcService.requestVote(GrpcService.java:204)
	at org.apache.ratis.server.impl.LeaderElection.lambda$submitRequests$1(LeaderElection.java:234)
	at java.util.concurrent.FutureTask.run(FutureTask.java:266)
	at java.util.concurrent.Executors$RunnableAdapter.call(Executors.java:511)
	at java.util.concurrent.FutureTask.run(FutureTask.java:266)
	at java.util.concurrent.ThreadPoolExecutor.runWorker(ThreadPoolExecutor.java:1149)
	at java.util.concurrent.ThreadPoolExecutor$Worker.run(ThreadPoolExecutor.java:624)
	... 1 more
Caused by: org.apache.ratis.thirdparty.io.netty.channel.AbstractChannel$AnnotatedConnectException: Connection refused: /192.168.164.206:45166
	at sun.nio.ch.SocketChannelImpl.checkConnect(Native Method)
	at sun.nio.ch.SocketChannelImpl.finishConnect(SocketChannelImpl.java:717)
	at org.apache.ratis.thirdparty.io.netty.channel.socket.nio.NioSocketChannel.doFinishConnect(NioSocketChannel.java:327)
	at org.apache.ratis.thirdparty.io.netty.channel.nio.AbstractNioChannel$AbstractNioUnsafe.finishConnect(AbstractNioChannel.java:340)
	at org.apache.ratis.thirdparty.io.netty.channel.nio.NioEventLoop.processSelectedKey(NioEventLoop.java:632)
	at org.apache.ratis.thirdparty.io.netty.channel.nio.NioEventLoop.processSelectedKeysOptimized(NioEventLoop.java:579)
	at org.apache.ratis.thirdparty.io.netty.channel.nio.NioEventLoop.processSelectedKeys(NioEventLoop.java:496)
	at org.apache.ratis.thirdparty.io.netty.channel.nio.NioEventLoop.run(NioEventLoop.java:458)
	at org.apache.ratis.thirdparty.io.netty.util.concurrent.SingleThreadEventExecutor$5.run(SingleThreadEventExecutor.java:897)
	at org.apache.ratis.thirdparty.io.netty.util.concurrent.FastThreadLocalRunnable.run(FastThreadLocalRunnable.java:30)
	... 1 more
Caused by: java.net.ConnectException: Connection refused
	... 11 more
2019-10-03 20:03:10,978 [grpc-default-executor-3] INFO  impl.RaftServerImpl (ServerState.java:setLeader(255)) - 09915764-2c6b-430c-ba30-df162619c3b6@group-0462A41E2695: change Leader from a0cfe848-65f9-45cc-894d-97058114ebc4 to null at term 2 for updateCurrentTerm
2019-10-03 20:03:10,978 [grpc-default-executor-3] INFO  impl.RaftServerImpl (RaftServerImpl.java:setRole(170)) - 09915764-2c6b-430c-ba30-df162619c3b6@group-0462A41E2695: changes role from  FOLLOWER to FOLLOWER at term 2 for recognizeCandidate:4f819899-3d19-4cb8-84c1-1d456e79a579
2019-10-03 20:03:10,978 [grpc-default-executor-3] INFO  impl.RoleInfo (RoleInfo.java:shutdownFollowerState(121)) - 09915764-2c6b-430c-ba30-df162619c3b6: shutdown FollowerState
2019-10-03 20:03:10,979 [grpc-default-executor-3] INFO  impl.RoleInfo (RoleInfo.java:updateAndGet(143)) - 09915764-2c6b-430c-ba30-df162619c3b6: start FollowerState
2019-10-03 20:03:10,979 [Thread-2466] INFO  impl.FollowerState (FollowerState.java:run(117)) - 09915764-2c6b-430c-ba30-df162619c3b6@group-0462A41E2695-FollowerState was interrupted: java.lang.InterruptedException: sleep interrupted
2019-10-03 20:03:10,996 [4f819899-3d19-4cb8-84c1-1d456e79a579@group-0462A41E2695-LeaderElection70] INFO  impl.LeaderElection (LeaderElection.java:logAndReturn(56)) - 4f819899-3d19-4cb8-84c1-1d456e79a579@group-0462A41E2695-LeaderElection70: Election PASSED; received 1 response(s) [4f819899-3d19-4cb8-84c1-1d456e79a579<-09915764-2c6b-430c-ba30-df162619c3b6#0:OK-t2] and 1 exception(s); 4f819899-3d19-4cb8-84c1-1d456e79a579@group-0462A41E2695:t2, leader=null, voted=4f819899-3d19-4cb8-84c1-1d456e79a579, raftlog=4f819899-3d19-4cb8-84c1-1d456e79a579@group-0462A41E2695-SegmentedRaftLog:OPENED:c2,f2,i2, conf=0: [09915764-2c6b-430c-ba30-df162619c3b6:192.168.164.206:40589, a0cfe848-65f9-45cc-894d-97058114ebc4:192.168.164.206:45166, 4f819899-3d19-4cb8-84c1-1d456e79a579:192.168.164.206:39838], old=null
2019-10-03 20:03:10,996 [4f819899-3d19-4cb8-84c1-1d456e79a579@group-0462A41E2695-LeaderElection70] INFO  impl.LeaderElection (LogUtils.java:infoOrTrace(149)) -   Exception 0: {}
java.util.concurrent.ExecutionException: org.apache.ratis.thirdparty.io.grpc.StatusRuntimeException: UNAVAILABLE: io exception
	at java.util.concurrent.FutureTask.report(FutureTask.java:122)
	at java.util.concurrent.FutureTask.get(FutureTask.java:192)
	at org.apache.ratis.server.impl.LeaderElection.waitForResults(LeaderElection.java:259)
	at org.apache.ratis.server.impl.LeaderElection.askForVotes(LeaderElection.java:197)
	at org.apache.ratis.server.impl.LeaderElection.run(LeaderElection.java:133)
	at java.lang.Thread.run(Thread.java:748)
Caused by: org.apache.ratis.thirdparty.io.grpc.StatusRuntimeException: UNAVAILABLE: io exception
	at org.apache.ratis.thirdparty.io.grpc.stub.ClientCalls.toStatusRuntimeException(ClientCalls.java:233)
	at org.apache.ratis.thirdparty.io.grpc.stub.ClientCalls.getUnchecked(ClientCalls.java:214)
	at org.apache.ratis.thirdparty.io.grpc.stub.ClientCalls.blockingUnaryCall(ClientCalls.java:139)
	at org.apache.ratis.proto.grpc.RaftServerProtocolServiceGrpc$RaftServerProtocolServiceBlockingStub.requestVote(RaftServerProtocolServiceGrpc.java:265)
	at org.apache.ratis.grpc.server.GrpcServerProtocolClient.requestVote(GrpcServerProtocolClient.java:99)
	at org.apache.ratis.grpc.server.GrpcService.requestVote(GrpcService.java:204)
	at org.apache.ratis.server.impl.LeaderElection.lambda$submitRequests$1(LeaderElection.java:234)
	at java.util.concurrent.FutureTask.run(FutureTask.java:266)
	at java.util.concurrent.Executors$RunnableAdapter.call(Executors.java:511)
	at java.util.concurrent.FutureTask.run(FutureTask.java:266)
	at java.util.concurrent.ThreadPoolExecutor.runWorker(ThreadPoolExecutor.java:1149)
	at java.util.concurrent.ThreadPoolExecutor$Worker.run(ThreadPoolExecutor.java:624)
	... 1 more
Caused by: org.apache.ratis.thirdparty.io.netty.channel.AbstractChannel$AnnotatedConnectException: Connection refused: /192.168.164.206:45166
	at sun.nio.ch.SocketChannelImpl.checkConnect(Native Method)
	at sun.nio.ch.SocketChannelImpl.finishConnect(SocketChannelImpl.java:717)
	at org.apache.ratis.thirdparty.io.netty.channel.socket.nio.NioSocketChannel.doFinishConnect(NioSocketChannel.java:327)
	at org.apache.ratis.thirdparty.io.netty.channel.nio.AbstractNioChannel$AbstractNioUnsafe.finishConnect(AbstractNioChannel.java:340)
	at org.apache.ratis.thirdparty.io.netty.channel.nio.NioEventLoop.processSelectedKey(NioEventLoop.java:632)
	at org.apache.ratis.thirdparty.io.netty.channel.nio.NioEventLoop.processSelectedKeysOptimized(NioEventLoop.java:579)
	at org.apache.ratis.thirdparty.io.netty.channel.nio.NioEventLoop.processSelectedKeys(NioEventLoop.java:496)
	at org.apache.ratis.thirdparty.io.netty.channel.nio.NioEventLoop.run(NioEventLoop.java:458)
	at org.apache.ratis.thirdparty.io.netty.util.concurrent.SingleThreadEventExecutor$5.run(SingleThreadEventExecutor.java:897)
	at org.apache.ratis.thirdparty.io.netty.util.concurrent.FastThreadLocalRunnable.run(FastThreadLocalRunnable.java:30)
	... 1 more
Caused by: java.net.ConnectException: Connection refused
	... 11 more
2019-10-03 20:03:10,997 [4f819899-3d19-4cb8-84c1-1d456e79a579@group-0462A41E2695-LeaderElection70] INFO  impl.RoleInfo (RoleInfo.java:shutdownLeaderElection(134)) - 4f819899-3d19-4cb8-84c1-1d456e79a579: shutdown LeaderElection
2019-10-03 20:03:10,997 [4f819899-3d19-4cb8-84c1-1d456e79a579@group-0462A41E2695-LeaderElection70] INFO  impl.RaftServerImpl (RaftServerImpl.java:setRole(170)) - 4f819899-3d19-4cb8-84c1-1d456e79a579@group-0462A41E2695: changes role from CANDIDATE to LEADER at term 2 for changeToLeader
2019-10-03 20:03:10,997 [4f819899-3d19-4cb8-84c1-1d456e79a579@group-0462A41E2695-LeaderElection70] INFO  impl.RaftServerImpl (ServerState.java:setLeader(255)) - 4f819899-3d19-4cb8-84c1-1d456e79a579@group-0462A41E2695: change Leader from null to 4f819899-3d19-4cb8-84c1-1d456e79a579 at term 2 for becomeLeader, leader elected after 43ms
2019-10-03 20:03:10,997 [4f819899-3d19-4cb8-84c1-1d456e79a579@group-0462A41E2695-LeaderElection70] INFO  server.RaftServerConfigKeys (ConfUtils.java:logGet(43)) - raft.server.staging.catchup.gap = 1000 (default)
2019-10-03 20:03:10,998 [4f819899-3d19-4cb8-84c1-1d456e79a579@group-0462A41E2695-LeaderElection70] INFO  server.RaftServerConfigKeys (ConfUtils.java:logGet(43)) - raft.server.rpc.sleep.time = 25ms (default)
2019-10-03 20:03:10,998 [4f819899-3d19-4cb8-84c1-1d456e79a579@group-0462A41E2695-LeaderElection70] INFO  server.RaftServerConfigKeys (ConfUtils.java:logGet(43)) - raft.server.write.element-limit = 4096 (default)
2019-10-03 20:03:10,998 [4f819899-3d19-4cb8-84c1-1d456e79a579@group-0462A41E2695-LeaderElection70] INFO  server.RaftServerConfigKeys (ConfUtils.java:logGet(43)) - raft.server.watch.timeout = 10s (default)
2019-10-03 20:03:10,998 [4f819899-3d19-4cb8-84c1-1d456e79a579@group-0462A41E2695-LeaderElection70] INFO  server.RaftServerConfigKeys (ConfUtils.java:logGet(43)) - raft.server.watch.timeout.denomination = 1s (default)
2019-10-03 20:03:10,998 [4f819899-3d19-4cb8-84c1-1d456e79a579@group-0462A41E2695-LeaderElection70] INFO  server.RaftServerConfigKeys (ConfUtils.java:logGet(43)) - raft.server.watch.element-limit = 65536 (default)
2019-10-03 20:03:11,001 [4f819899-3d19-4cb8-84c1-1d456e79a579@group-0462A41E2695-LeaderElection70] INFO  server.RaftServerConfigKeys (ConfUtils.java:logGet(43)) - raft.server.log.appender.snapshot.chunk.size.max = 16MB (=16777216) (default)
2019-10-03 20:03:11,001 [4f819899-3d19-4cb8-84c1-1d456e79a579@group-0462A41E2695-LeaderElection70] INFO  server.RaftServerConfigKeys (ConfUtils.java:logGet(43)) - raft.server.log.appender.buffer.byte-limit = 33554432 (custom)
2019-10-03 20:03:11,002 [4f819899-3d19-4cb8-84c1-1d456e79a579@group-0462A41E2695-LeaderElection70] INFO  server.RaftServerConfigKeys (ConfUtils.java:logGet(43)) - raft.server.log.appender.buffer.element-limit = 1 (custom)
2019-10-03 20:03:11,002 [4f819899-3d19-4cb8-84c1-1d456e79a579@group-0462A41E2695-LeaderElection70] INFO  grpc.GrpcConfigKeys$Server (ConfUtils.java:logGet(43)) - raft.grpc.server.leader.outstanding.appends.max = 128 (default)
2019-10-03 20:03:11,002 [4f819899-3d19-4cb8-84c1-1d456e79a579@group-0462A41E2695-LeaderElection70] INFO  server.RaftServerConfigKeys (ConfUtils.java:logGet(43)) - raft.server.rpc.request.timeout = 3000ms (default)
2019-10-03 20:03:11,002 [4f819899-3d19-4cb8-84c1-1d456e79a579@group-0462A41E2695-LeaderElection70] INFO  server.RaftServerConfigKeys (ConfUtils.java:logGet(43)) - raft.server.log.appender.install.snapshot.enabled = false (custom)
2019-10-03 20:03:11,002 [4f819899-3d19-4cb8-84c1-1d456e79a579@group-0462A41E2695-LeaderElection70] INFO  server.RaftServerConfigKeys (ConfUtils.java:logGet(43)) - raft.server.log.appender.snapshot.chunk.size.max = 16MB (=16777216) (default)
2019-10-03 20:03:11,003 [4f819899-3d19-4cb8-84c1-1d456e79a579@group-0462A41E2695-LeaderElection70] INFO  server.RaftServerConfigKeys (ConfUtils.java:logGet(43)) - raft.server.log.appender.buffer.byte-limit = 33554432 (custom)
2019-10-03 20:03:11,003 [4f819899-3d19-4cb8-84c1-1d456e79a579@group-0462A41E2695-LeaderElection70] INFO  server.RaftServerConfigKeys (ConfUtils.java:logGet(43)) - raft.server.log.appender.buffer.element-limit = 1 (custom)
2019-10-03 20:03:11,003 [4f819899-3d19-4cb8-84c1-1d456e79a579@group-0462A41E2695-LeaderElection70] INFO  grpc.GrpcConfigKeys$Server (ConfUtils.java:logGet(43)) - raft.grpc.server.leader.outstanding.appends.max = 128 (default)
2019-10-03 20:03:11,003 [4f819899-3d19-4cb8-84c1-1d456e79a579@group-0462A41E2695-LeaderElection70] INFO  server.RaftServerConfigKeys (ConfUtils.java:logGet(43)) - raft.server.rpc.request.timeout = 3000ms (default)
2019-10-03 20:03:11,003 [4f819899-3d19-4cb8-84c1-1d456e79a579@group-0462A41E2695-LeaderElection70] INFO  server.RaftServerConfigKeys (ConfUtils.java:logGet(43)) - raft.server.log.appender.install.snapshot.enabled = false (custom)
2019-10-03 20:03:11,003 [4f819899-3d19-4cb8-84c1-1d456e79a579@group-0462A41E2695-LeaderElection70] INFO  impl.RoleInfo (RoleInfo.java:updateAndGet(143)) - 4f819899-3d19-4cb8-84c1-1d456e79a579: start LeaderState
2019-10-03 20:03:11,004 [4f819899-3d19-4cb8-84c1-1d456e79a579@group-0462A41E2695-LeaderElection70] INFO  segmented.SegmentedRaftLogWorker (SegmentedRaftLogWorker.java:rollLogSegment(390)) - 4f819899-3d19-4cb8-84c1-1d456e79a579@group-0462A41E2695-SegmentedRaftLogWorker: Rolling segment log-0_2 to index:2
2019-10-03 20:03:11,009 [4f819899-3d19-4cb8-84c1-1d456e79a579@group-0462A41E2695-LeaderElection70] INFO  impl.RaftServerImpl (ServerState.java:setRaftConf(356)) - 4f819899-3d19-4cb8-84c1-1d456e79a579@group-0462A41E2695: set configuration 3: [09915764-2c6b-430c-ba30-df162619c3b6:192.168.164.206:40589, a0cfe848-65f9-45cc-894d-97058114ebc4:192.168.164.206:45166, 4f819899-3d19-4cb8-84c1-1d456e79a579:192.168.164.206:39838], old=null at 3
2019-10-03 20:03:11,009 [grpc-default-executor-3] WARN  server.GrpcLogAppender (LogUtils.java:warn(134)) - 4f819899-3d19-4cb8-84c1-1d456e79a579@group-0462A41E2695->a0cfe848-65f9-45cc-894d-97058114ebc4-AppendLogResponseHandler: Failed appendEntries: org.apache.ratis.thirdparty.io.grpc.StatusRuntimeException: UNAVAILABLE: io exception
2019-10-03 20:03:11,013 [grpc-default-executor-3] INFO  impl.FollowerInfo (FollowerInfo.java:lambda$new$0(51)) - 4f819899-3d19-4cb8-84c1-1d456e79a579@group-0462A41E2695->a0cfe848-65f9-45cc-894d-97058114ebc4: nextIndex: updateUnconditionally 3 -> 1
2019-10-03 20:03:11,013 [grpc-default-executor-7] INFO  impl.RaftServerImpl (ServerState.java:setLeader(255)) - 09915764-2c6b-430c-ba30-df162619c3b6@group-0462A41E2695: change Leader from null to 4f819899-3d19-4cb8-84c1-1d456e79a579 at term 2 for appendEntries, leader elected after 35ms
2019-10-03 20:03:11,013 [4f819899-3d19-4cb8-84c1-1d456e79a579@group-0462A41E2695-SegmentedRaftLogWorker] INFO  segmented.SegmentedRaftLogWorker (SegmentedRaftLogWorker.java:execute(531)) - 4f819899-3d19-4cb8-84c1-1d456e79a579@group-0462A41E2695-SegmentedRaftLogWorker: Rolled log segment from /workdir/hadoop-ozone/integration-test/target/test-dir/MiniOzoneClusterImpl-4da3e29e-7197-414b-b066-3b2e861cdb23/datanode-2/data/ratis/82e5d7dc-72f2-43c3-ac1a-0462a41e2695/current/log_inprogress_0 to /workdir/hadoop-ozone/integration-test/target/test-dir/MiniOzoneClusterImpl-4da3e29e-7197-414b-b066-3b2e861cdb23/datanode-2/data/ratis/82e5d7dc-72f2-43c3-ac1a-0462a41e2695/current/log_0-2
2019-10-03 20:03:11,015 [grpc-default-executor-7] INFO  impl.RaftServerImpl (ServerState.java:setRaftConf(356)) - 09915764-2c6b-430c-ba30-df162619c3b6@group-0462A41E2695: set configuration 3: [09915764-2c6b-430c-ba30-df162619c3b6:192.168.164.206:40589, a0cfe848-65f9-45cc-894d-97058114ebc4:192.168.164.206:45166, 4f819899-3d19-4cb8-84c1-1d456e79a579:192.168.164.206:39838], old=null at 3
2019-10-03 20:03:11,016 [grpc-default-executor-7] INFO  segmented.SegmentedRaftLogWorker (SegmentedRaftLogWorker.java:rollLogSegment(390)) - 09915764-2c6b-430c-ba30-df162619c3b6@group-0462A41E2695-SegmentedRaftLogWorker: Rolling segment log-0_2 to index:2
2019-10-03 20:03:11,017 [09915764-2c6b-430c-ba30-df162619c3b6@group-0462A41E2695-SegmentedRaftLogWorker] INFO  segmented.SegmentedRaftLogWorker (SegmentedRaftLogWorker.java:execute(531)) - 09915764-2c6b-430c-ba30-df162619c3b6@group-0462A41E2695-SegmentedRaftLogWorker: Rolled log segment from /workdir/hadoop-ozone/integration-test/target/test-dir/MiniOzoneClusterImpl-4da3e29e-7197-414b-b066-3b2e861cdb23/datanode-1/data/ratis/82e5d7dc-72f2-43c3-ac1a-0462a41e2695/current/log_inprogress_0 to /workdir/hadoop-ozone/integration-test/target/test-dir/MiniOzoneClusterImpl-4da3e29e-7197-414b-b066-3b2e861cdb23/datanode-1/data/ratis/82e5d7dc-72f2-43c3-ac1a-0462a41e2695/current/log_0-2
2019-10-03 20:03:11,065 [4f819899-3d19-4cb8-84c1-1d456e79a579@group-0462A41E2695-SegmentedRaftLogWorker] INFO  segmented.SegmentedRaftLogWorker (SegmentedRaftLogWorker.java:execute(574)) - 4f819899-3d19-4cb8-84c1-1d456e79a579@group-0462A41E2695-SegmentedRaftLogWorker: created new log segment /workdir/hadoop-ozone/integration-test/target/test-dir/MiniOzoneClusterImpl-4da3e29e-7197-414b-b066-3b2e861cdb23/datanode-2/data/ratis/82e5d7dc-72f2-43c3-ac1a-0462a41e2695/current/log_inprogress_3
2019-10-03 20:03:11,100 [09915764-2c6b-430c-ba30-df162619c3b6@group-0462A41E2695-SegmentedRaftLogWorker] INFO  segmented.SegmentedRaftLogWorker (SegmentedRaftLogWorker.java:execute(574)) - 09915764-2c6b-430c-ba30-df162619c3b6@group-0462A41E2695-SegmentedRaftLogWorker: created new log segment /workdir/hadoop-ozone/integration-test/target/test-dir/MiniOzoneClusterImpl-4da3e29e-7197-414b-b066-3b2e861cdb23/datanode-1/data/ratis/82e5d7dc-72f2-43c3-ac1a-0462a41e2695/current/log_inprogress_3
2019-10-03 20:03:11,123 [grpc-default-executor-6] WARN  server.GrpcLogAppender (LogUtils.java:warn(134)) - 4f819899-3d19-4cb8-84c1-1d456e79a579@group-0462A41E2695->a0cfe848-65f9-45cc-894d-97058114ebc4-AppendLogResponseHandler: Failed appendEntries: org.apache.ratis.thirdparty.io.grpc.StatusRuntimeException: UNAVAILABLE: io exception
2019-10-03 20:03:11,123 [grpc-default-executor-6] INFO  impl.FollowerInfo (FollowerInfo.java:lambda$new$0(51)) - 4f819899-3d19-4cb8-84c1-1d456e79a579@group-0462A41E2695->a0cfe848-65f9-45cc-894d-97058114ebc4: nextIndex: updateUnconditionally 2 -> 1
2019-10-03 20:03:11,137 [grpc-default-executor-3] WARN  server.GrpcLogAppender (LogUtils.java:warn(134)) - 4f819899-3d19-4cb8-84c1-1d456e79a579@group-0462A41E2695->a0cfe848-65f9-45cc-894d-97058114ebc4-AppendLogResponseHandler: Failed appendEntries: org.apache.ratis.thirdparty.io.grpc.StatusRuntimeException: UNAVAILABLE: io exception
2019-10-03 20:03:11,137 [grpc-default-executor-3] INFO  impl.FollowerInfo (FollowerInfo.java:lambda$new$0(51)) - 4f819899-3d19-4cb8-84c1-1d456e79a579@group-0462A41E2695->a0cfe848-65f9-45cc-894d-97058114ebc4: nextIndex: updateUnconditionally 2 -> 1
2019-10-03 20:03:11,442 [grpc-default-executor-7] WARN  server.GrpcLogAppender (LogUtils.java:warn(134)) - 4f819899-3d19-4cb8-84c1-1d456e79a579@group-0462A41E2695->a0cfe848-65f9-45cc-894d-97058114ebc4-AppendLogResponseHandler: Failed appendEntries: org.apache.ratis.thirdparty.io.grpc.StatusRuntimeException: UNAVAILABLE: io exception
2019-10-03 20:03:11,442 [grpc-default-executor-7] INFO  impl.FollowerInfo (FollowerInfo.java:lambda$new$0(51)) - 4f819899-3d19-4cb8-84c1-1d456e79a579@group-0462A41E2695->a0cfe848-65f9-45cc-894d-97058114ebc4: nextIndex: updateUnconditionally 2 -> 1
2019-10-03 20:03:11,455 [grpc-default-executor-3] WARN  server.GrpcLogAppender (LogUtils.java:warn(134)) - 4f819899-3d19-4cb8-84c1-1d456e79a579@group-0462A41E2695->a0cfe848-65f9-45cc-894d-97058114ebc4-AppendLogResponseHandler: Failed appendEntries: org.apache.ratis.thirdparty.io.grpc.StatusRuntimeException: UNAVAILABLE: io exception
2019-10-03 20:03:11,455 [grpc-default-executor-3] INFO  impl.FollowerInfo (FollowerInfo.java:lambda$new$0(51)) - 4f819899-3d19-4cb8-84c1-1d456e79a579@group-0462A41E2695->a0cfe848-65f9-45cc-894d-97058114ebc4: nextIndex: updateUnconditionally 2 -> 1
2019-10-03 20:03:11,467 [grpc-default-executor-7] WARN  server.GrpcLogAppender (LogUtils.java:warn(134)) - 4f819899-3d19-4cb8-84c1-1d456e79a579@group-0462A41E2695->a0cfe848-65f9-45cc-894d-97058114ebc4-AppendLogResponseHandler: Failed appendEntries: org.apache.ratis.thirdparty.io.grpc.StatusRuntimeException: UNAVAILABLE: io exception
2019-10-03 20:03:11,468 [grpc-default-executor-7] INFO  impl.FollowerInfo (FollowerInfo.java:lambda$new$0(51)) - 4f819899-3d19-4cb8-84c1-1d456e79a579@group-0462A41E2695->a0cfe848-65f9-45cc-894d-97058114ebc4: nextIndex: updateUnconditionally 2 -> 1
2019-10-03 20:03:11,468 [EventQueue-IncrementalContainerReportForIncrementalContainerReportHandler] WARN  container.IncrementalContainerReportHandler (AbstractContainerReportHandler.java:updateContainerState(143)) - Container #1 is in OPEN state, but the datanode 4f819899-3d19-4cb8-84c1-1d456e79a579{ip: 192.168.164.206, host: pr-hdds-2240-9gllg-3097873054, networkLocation: /default-rack, certSerialId: null} reports an CLOSING replica.
2019-10-03 20:03:11,502 [EventQueue-IncrementalContainerReportForIncrementalContainerReportHandler] WARN  container.IncrementalContainerReportHandler (AbstractContainerReportHandler.java:updateContainerState(143)) - Container #1 is in OPEN state, but the datanode 09915764-2c6b-430c-ba30-df162619c3b6{ip: 192.168.164.206, host: pr-hdds-2240-9gllg-3097873054, networkLocation: /default-rack, certSerialId: null} reports an CLOSING replica.
2019-10-03 20:03:11,556 [RatisApplyTransactionExecutor 1] INFO  interfaces.Container (KeyValueContainer.java:flushAndSyncDB(386)) - Container 1 is synced with bcsId 0.
2019-10-03 20:03:11,613 [RatisApplyTransactionExecutor 1] INFO  interfaces.Container (KeyValueContainer.java:flushAndSyncDB(386)) - Container 1 is synced with bcsId 0.
2019-10-03 20:03:11,625 [RatisApplyTransactionExecutor 1] INFO  interfaces.Container (KeyValueContainer.java:flushAndSyncDB(386)) - Container 1 is synced with bcsId 0.
2019-10-03 20:03:11,625 [RatisApplyTransactionExecutor 1] INFO  interfaces.Container (KeyValueContainer.java:flushAndSyncDB(386)) - Container 1 is synced with bcsId 0.
2019-10-03 20:03:11,627 [RatisApplyTransactionExecutor 1] INFO  interfaces.Container (KeyValueContainer.java:close(335)) - Container 1 is closed with bcsId 0.
2019-10-03 20:03:11,639 [EventQueue-IncrementalContainerReportForIncrementalContainerReportHandler] WARN  container.IncrementalContainerReportHandler (AbstractContainerReportHandler.java:updateContainerState(143)) - Container #1 is in OPEN state, but the datanode 4f819899-3d19-4cb8-84c1-1d456e79a579{ip: 192.168.164.206, host: pr-hdds-2240-9gllg-3097873054, networkLocation: /default-rack, certSerialId: null} reports an CLOSED replica.
2019-10-03 20:03:11,651 [RatisApplyTransactionExecutor 1] INFO  interfaces.Container (KeyValueContainer.java:close(335)) - Container 1 is closed with bcsId 0.
2019-10-03 20:03:11,655 [EventQueue-IncrementalContainerReportForIncrementalContainerReportHandler] WARN  container.IncrementalContainerReportHandler (AbstractContainerReportHandler.java:updateContainerState(143)) - Container #1 is in OPEN state, but the datanode 09915764-2c6b-430c-ba30-df162619c3b6{ip: 192.168.164.206, host: pr-hdds-2240-9gllg-3097873054, networkLocation: /default-rack, certSerialId: null} reports an CLOSED replica.
2019-10-03 20:03:13,968 [grpc-default-executor-3] WARN  server.GrpcLogAppender (LogUtils.java:warn(134)) - 4f819899-3d19-4cb8-84c1-1d456e79a579@group-0462A41E2695->a0cfe848-65f9-45cc-894d-97058114ebc4-AppendLogResponseHandler: Failed appendEntries: org.apache.ratis.thirdparty.io.grpc.StatusRuntimeException: UNAVAILABLE: io exception
2019-10-03 20:03:13,969 [grpc-default-executor-3] INFO  impl.FollowerInfo (FollowerInfo.java:lambda$new$0(51)) - 4f819899-3d19-4cb8-84c1-1d456e79a579@group-0462A41E2695->a0cfe848-65f9-45cc-894d-97058114ebc4: nextIndex: updateUnconditionally 1 -> 0
2019-10-03 20:03:14,643 [main] WARN  scm.XceiverClientRatis (XceiverClientRatis.java:watchForCommit(292)) - 3 way commit failed on pipeline Pipeline[ Id: 82e5d7dc-72f2-43c3-ac1a-0462a41e2695, Nodes: a0cfe848-65f9-45cc-894d-97058114ebc4{ip: 192.168.164.206, host: pr-hdds-2240-9gllg-3097873054, networkLocation: /default-rack, certSerialId: null}09915764-2c6b-430c-ba30-df162619c3b6{ip: 192.168.164.206, host: pr-hdds-2240-9gllg-3097873054, networkLocation: /default-rack, certSerialId: null}4f819899-3d19-4cb8-84c1-1d456e79a579{ip: 192.168.164.206, host: pr-hdds-2240-9gllg-3097873054, networkLocation: /default-rack, certSerialId: null}, Type:RATIS, Factor:THREE, State:OPEN]
java.util.concurrent.TimeoutException
	at java.util.concurrent.CompletableFuture.timedGet(CompletableFuture.java:1771)
	at java.util.concurrent.CompletableFuture.get(CompletableFuture.java:1915)
	at org.apache.hadoop.hdds.scm.XceiverClientRatis.watchForCommit(XceiverClientRatis.java:289)
	at org.apache.hadoop.ozone.client.rpc.TestWatchForCommit.test2WayCommitForTimeoutException(TestWatchForCommit.java:391)
	at sun.reflect.NativeMethodAccessorImpl.invoke0(Native Method)
	at sun.reflect.NativeMethodAccessorImpl.invoke(NativeMethodAccessorImpl.java:62)
	at sun.reflect.DelegatingMethodAccessorImpl.invoke(DelegatingMethodAccessorImpl.java:43)
	at java.lang.reflect.Method.invoke(Method.java:498)
	at org.junit.runners.model.FrameworkMethod$1.runReflectiveCall(FrameworkMethod.java:47)
	at org.junit.internal.runners.model.ReflectiveCallable.run(ReflectiveCallable.java:12)
	at org.junit.runners.model.FrameworkMethod.invokeExplosively(FrameworkMethod.java:44)
	at org.junit.internal.runners.statements.InvokeMethod.evaluate(InvokeMethod.java:17)
	at org.junit.runners.ParentRunner.runLeaf(ParentRunner.java:271)
	at org.junit.runners.BlockJUnit4ClassRunner.runChild(BlockJUnit4ClassRunner.java:70)
	at org.junit.runners.BlockJUnit4ClassRunner.runChild(BlockJUnit4ClassRunner.java:50)
	at org.junit.runners.ParentRunner$3.run(ParentRunner.java:238)
	at org.junit.runners.ParentRunner$1.schedule(ParentRunner.java:63)
	at org.junit.runners.ParentRunner.runChildren(ParentRunner.java:236)
	at org.junit.runners.ParentRunner.access$000(ParentRunner.java:53)
	at org.junit.runners.ParentRunner$2.evaluate(ParentRunner.java:229)
	at org.junit.runners.ParentRunner.run(ParentRunner.java:309)
	at org.apache.maven.surefire.junit4.JUnit4Provider.execute(JUnit4Provider.java:365)
	at org.apache.maven.surefire.junit4.JUnit4Provider.executeWithRerun(JUnit4Provider.java:273)
	at org.apache.maven.surefire.junit4.JUnit4Provider.executeTestSet(JUnit4Provider.java:238)
	at org.apache.maven.surefire.junit4.JUnit4Provider.invoke(JUnit4Provider.java:159)
	at org.apache.maven.surefire.booter.ForkedBooter.invokeProviderInSameClassLoader(ForkedBooter.java:384)
	at org.apache.maven.surefire.booter.ForkedBooter.runSuitesInProcess(ForkedBooter.java:345)
	at org.apache.maven.surefire.booter.ForkedBooter.execute(ForkedBooter.java:126)
	at org.apache.maven.surefire.booter.ForkedBooter.main(ForkedBooter.java:418)
2019-10-03 20:03:14,654 [Thread-2574] INFO  client.GrpcClientProtocolService (GrpcClientProtocolService.java:lambda$processClientRequest$0(278)) - Failed RaftClientRequest:client-B19C85B4F070->09915764-2c6b-430c-ba30-df162619c3b6@group-0462A41E2695, cid=105, seq=0, Watch-MAJORITY_COMMITTED(5), Message:<EMPTY>, reply=RaftClientReply:client-B19C85B4F070->09915764-2c6b-430c-ba30-df162619c3b6@group-0462A41E2695, cid=105, FAILED org.apache.ratis.protocol.NotLeaderException: Server 09915764-2c6b-430c-ba30-df162619c3b6@group-0462A41E2695 is not the leader 4f819899-3d19-4cb8-84c1-1d456e79a579:192.168.164.206:39838, logIndex=0, commits[09915764-2c6b-430c-ba30-df162619c3b6:c6, a0cfe848-65f9-45cc-894d-97058114ebc4:c2, 4f819899-3d19-4cb8-84c1-1d456e79a579:c6]
2019-10-03 20:03:16,472 [grpc-default-executor-3] WARN  server.GrpcLogAppender (LogUtils.java:warn(134)) - 4f819899-3d19-4cb8-84c1-1d456e79a579@group-0462A41E2695->a0cfe848-65f9-45cc-894d-97058114ebc4-AppendLogResponseHandler: Failed appendEntries: org.apache.ratis.thirdparty.io.grpc.StatusRuntimeException: UNAVAILABLE: io exception
2019-10-03 20:03:16,477 [grpc-default-executor-3] INFO  impl.FollowerInfo (FollowerInfo.java:lambda$new$0(51)) - 4f819899-3d19-4cb8-84c1-1d456e79a579@group-0462A41E2695->a0cfe848-65f9-45cc-894d-97058114ebc4: nextIndex: updateUnconditionally 0 -> 0
]]></system-out>
  </testcase>
</testsuite>