<?xml version="1.0" encoding="UTF-8"?>
<testsuite xmlns:xsi="http://www.w3.org/2001/XMLSchema-instance" xsi:noNamespaceSchemaLocation="https://maven.apache.org/surefire/maven-surefire-plugin/xsd/surefire-test-report.xsd" name="org.apache.hadoop.ozone.client.rpc.TestMultiBlockWritesWithDnFailures" time="189.381" tests="2" errors="0" skipped="0" failures="1">
  <properties>
    <property name="awt.toolkit" value="sun.awt.X11.XToolkit"/>
    <property name="file.encoding.pkg" value="sun.io"/>
    <property name="java.specification.version" value="1.8"/>
    <property name="sun.cpu.isalist" value=""/>
    <property name="sun.jnu.encoding" value="ANSI_X3.4-1968"/>
    <property name="java.class.path" value="/workdir/hadoop-ozone/integration-test/target/test-classes:/workdir/hadoop-ozone/integration-test/target/classes:/home/user/.m2/repository/org/apache/hadoop/hadoop-ozone-common/0.5.0-SNAPSHOT/hadoop-ozone-common-0.5.0-SNAPSHOT.jar:/home/user/.m2/repository/org/apache/commons/commons-compress/1.4.1/commons-compress-1.4.1.jar:/home/user/.m2/repository/org/tukaani/xz/1.0/xz-1.0.jar:/home/user/.m2/repository/org/apache/hadoop/hadoop-common/3.2.0/hadoop-common-3.2.0.jar:/home/user/.m2/repository/org/apache/hadoop/hadoop-hdfs/3.2.0/hadoop-hdfs-3.2.0.jar:/home/user/.m2/repository/org/apache/hadoop/hadoop-hdfs-client/3.2.0/hadoop-hdfs-client-3.2.0.jar:/home/user/.m2/repository/com/fasterxml/jackson/core/jackson-annotations/2.9.9/jackson-annotations-2.9.9.jar:/home/user/.m2/repository/org/apache/hadoop/hadoop-hdds-common/0.5.0-SNAPSHOT/hadoop-hdds-common-0.5.0-SNAPSHOT.jar:/home/user/.m2/repository/javax/annotation/javax.annotation-api/1.2/javax.annotation-api-1.2.jar:/home/user/.m2/repository/org/apache/ratis/ratis-server/0.5.0-3f446aa-SNAPSHOT/ratis-server-0.5.0-3f446aa-SNAPSHOT.jar:/home/user/.m2/repository/org/apache/ratis/ratis-thirdparty-misc/0.2.0/ratis-thirdparty-misc-0.2.0.jar:/home/user/.m2/repository/org/apache/ratis/ratis-proto/0.5.0-3f446aa-SNAPSHOT/ratis-proto-0.5.0-3f446aa-SNAPSHOT.jar:/home/user/.m2/repository/org/apache/ratis/ratis-common/0.5.0-3f446aa-SNAPSHOT/ratis-common-0.5.0-3f446aa-SNAPSHOT.jar:/home/user/.m2/repository/org/apache/ratis/ratis-client/0.5.0-3f446aa-SNAPSHOT/ratis-client-0.5.0-3f446aa-SNAPSHOT.jar:/home/user/.m2/repository/org/apache/ratis/ratis-metrics/0.5.0-3f446aa-SNAPSHOT/ratis-metrics-0.5.0-3f446aa-SNAPSHOT.jar:/home/user/.m2/repository/com/github/joshelser/dropwizard-metrics-hadoop-metrics2-reporter/0.1.2/dropwizard-metrics-hadoop-metrics2-reporter-0.1.2.jar:/home/user/.m2/repository/io/dropwizard/metrics/metrics-jvm/3.2.5/metrics-jvm-3.2.5.jar:/home/user/.m2/repository/io/dropwizard/metrics/metrics-ganglia/3.2.5/metrics-ganglia-3.2.5.jar:/home/user/.m2/repository/info/ganglia/gmetric4j/gmetric4j/1.0.7/gmetric4j-1.0.7.jar:/home/user/.m2/repository/org/apache/ratis/ratis-netty/0.5.0-3f446aa-SNAPSHOT/ratis-netty-0.5.0-3f446aa-SNAPSHOT.jar:/home/user/.m2/repository/org/apache/ratis/ratis-grpc/0.5.0-3f446aa-SNAPSHOT/ratis-grpc-0.5.0-3f446aa-SNAPSHOT.jar:/home/user/.m2/repository/org/rocksdb/rocksdbjni/6.0.1/rocksdbjni-6.0.1.jar:/home/user/.m2/repository/org/apache/logging/log4j/log4j-api/2.11.0/log4j-api-2.11.0.jar:/home/user/.m2/repository/org/apache/logging/log4j/log4j-core/2.11.0/log4j-core-2.11.0.jar:/home/user/.m2/repository/com/lmax/disruptor/3.4.2/disruptor-3.4.2.jar:/home/user/.m2/repository/org/apache/commons/commons-pool2/2.6.0/commons-pool2-2.6.0.jar:/home/user/.m2/repository/org/bouncycastle/bcpkix-jdk15on/1.60/bcpkix-jdk15on-1.60.jar:/home/user/.m2/repository/commons-validator/commons-validator/1.6/commons-validator-1.6.jar:/home/user/.m2/repository/commons-digester/commons-digester/1.8.1/commons-digester-1.8.1.jar:/home/user/.m2/repository/io/jaegertracing/jaeger-client/0.34.0/jaeger-client-0.34.0.jar:/home/user/.m2/repository/io/jaegertracing/jaeger-thrift/0.34.0/jaeger-thrift-0.34.0.jar:/home/user/.m2/repository/org/apache/thrift/libthrift/0.12.0/libthrift-0.12.0.jar:/home/user/.m2/repository/com/squareup/okhttp3/okhttp/3.9.0/okhttp-3.9.0.jar:/home/user/.m2/repository/com/squareup/okio/okio/1.13.0/okio-1.13.0.jar:/home/user/.m2/repository/io/jaegertracing/jaeger-core/0.34.0/jaeger-core-0.34.0.jar:/home/user/.m2/repository/io/jaegertracing/jaeger-tracerresolver/0.34.0/jaeger-tracerresolver-0.34.0.jar:/home/user/.m2/repository/io/opentracing/contrib/opentracing-tracerresolver/0.1.5/opentracing-tracerresolver-0.1.5.jar:/home/user/.m2/repository/io/opentracing/opentracing-util/0.31.0/opentracing-util-0.31.0.jar:/home/user/.m2/repository/io/opentracing/opentracing-api/0.31.0/opentracing-api-0.31.0.jar:/home/user/.m2/repository/io/opentracing/opentracing-noop/0.31.0/opentracing-noop-0.31.0.jar:/home/user/.m2/repository/org/apache/hadoop/hadoop-hdds-server-framework/0.5.0-SNAPSHOT/hadoop-hdds-server-framework-0.5.0-SNAPSHOT.jar:/home/user/.m2/repository/org/apache/hadoop/hadoop-hdds-container-service/0.5.0-SNAPSHOT/hadoop-hdds-container-service-0.5.0-SNAPSHOT.jar:/home/user/.m2/repository/org/apache/hadoop/hadoop-hdds-client/0.5.0-SNAPSHOT/hadoop-hdds-client-0.5.0-SNAPSHOT.jar:/home/user/.m2/repository/org/apache/hadoop/hadoop-hdds-tools/0.5.0-SNAPSHOT/hadoop-hdds-tools-0.5.0-SNAPSHOT.jar:/home/user/.m2/repository/org/apache/hadoop/hadoop-hdds-server-scm/0.5.0-SNAPSHOT/hadoop-hdds-server-scm-0.5.0-SNAPSHOT.jar:/home/user/.m2/repository/org/apache/hadoop/hadoop-hdds-docs/0.5.0-SNAPSHOT/hadoop-hdds-docs-0.5.0-SNAPSHOT.jar:/home/user/.m2/repository/io/dropwizard/metrics/metrics-core/3.2.4/metrics-core-3.2.4.jar:/home/user/.m2/repository/org/hamcrest/hamcrest-all/1.3/hamcrest-all-1.3.jar:/home/user/.m2/repository/org/bouncycastle/bcprov-jdk15on/1.60/bcprov-jdk15on-1.60.jar:/home/user/.m2/repository/info/picocli/picocli/3.9.6/picocli-3.9.6.jar:/home/user/.m2/repository/com/google/protobuf/protobuf-java/2.5.0/protobuf-java-2.5.0.jar:/home/user/.m2/repository/com/google/guava/guava/11.0.2/guava-11.0.2.jar:/home/user/.m2/repository/org/apache/hadoop/hadoop-ozone-ozone-manager/0.5.0-SNAPSHOT/hadoop-ozone-ozone-manager-0.5.0-SNAPSHOT.jar:/home/user/.m2/repository/org/apache/hadoop/hadoop-minikdc/3.2.0/hadoop-minikdc-3.2.0.jar:/home/user/.m2/repository/commons-io/commons-io/2.5/commons-io-2.5.jar:/home/user/.m2/repository/org/apache/kerby/kerb-simplekdc/1.0.1/kerb-simplekdc-1.0.1.jar:/home/user/.m2/repository/org/apache/kerby/kerb-client/1.0.1/kerb-client-1.0.1.jar:/home/user/.m2/repository/org/apache/kerby/kerby-config/1.0.1/kerby-config-1.0.1.jar:/home/user/.m2/repository/org/apache/kerby/kerb-core/1.0.1/kerb-core-1.0.1.jar:/home/user/.m2/repository/org/apache/kerby/kerby-pkix/1.0.1/kerby-pkix-1.0.1.jar:/home/user/.m2/repository/org/apache/kerby/kerby-asn1/1.0.1/kerby-asn1-1.0.1.jar:/home/user/.m2/repository/org/apache/kerby/kerby-util/1.0.1/kerby-util-1.0.1.jar:/home/user/.m2/repository/org/apache/kerby/kerb-common/1.0.1/kerb-common-1.0.1.jar:/home/user/.m2/repository/org/apache/kerby/kerb-crypto/1.0.1/kerb-crypto-1.0.1.jar:/home/user/.m2/repository/org/apache/kerby/kerb-util/1.0.1/kerb-util-1.0.1.jar:/home/user/.m2/repository/org/apache/kerby/token-provider/1.0.1/token-provider-1.0.1.jar:/home/user/.m2/repository/org/apache/kerby/kerb-admin/1.0.1/kerb-admin-1.0.1.jar:/home/user/.m2/repository/org/apache/kerby/kerb-server/1.0.1/kerb-server-1.0.1.jar:/home/user/.m2/repository/org/apache/kerby/kerb-identity/1.0.1/kerb-identity-1.0.1.jar:/home/user/.m2/repository/org/apache/kerby/kerby-xdr/1.0.1/kerby-xdr-1.0.1.jar:/home/user/.m2/repository/org/slf4j/slf4j-log4j12/1.7.25/slf4j-log4j12-1.7.25.jar:/home/user/.m2/repository/org/apache/hadoop/hadoop-ozone-s3gateway/0.5.0-SNAPSHOT/hadoop-ozone-s3gateway-0.5.0-SNAPSHOT.jar:/home/user/.m2/repository/org/jboss/weld/servlet/weld-servlet/2.4.7.Final/weld-servlet-2.4.7.Final.jar:/home/user/.m2/repository/org/glassfish/jersey/containers/jersey-container-servlet-core/2.27/jersey-container-servlet-core-2.27.jar:/home/user/.m2/repository/org/glassfish/hk2/external/javax.inject/2.5.0-b42/javax.inject-2.5.0-b42.jar:/home/user/.m2/repository/org/glassfish/jersey/core/jersey-common/2.27/jersey-common-2.27.jar:/home/user/.m2/repository/org/glassfish/hk2/osgi-resource-locator/1.0.1/osgi-resource-locator-1.0.1.jar:/home/user/.m2/repository/javax/ws/rs/javax.ws.rs-api/2.1/javax.ws.rs-api-2.1.jar:/home/user/.m2/repository/org/glassfish/jersey/ext/cdi/jersey-cdi1x/2.27/jersey-cdi1x-2.27.jar:/home/user/.m2/repository/org/glassfish/jersey/inject/jersey-hk2/2.27/jersey-hk2-2.27.jar:/home/user/.m2/repository/org/glassfish/hk2/hk2-locator/2.5.0-b42/hk2-locator-2.5.0-b42.jar:/home/user/.m2/repository/org/javassist/javassist/3.22.0-CR2/javassist-3.22.0-CR2.jar:/home/user/.m2/repository/org/glassfish/hk2/hk2-api/2.5.0/hk2-api-2.5.0.jar:/home/user/.m2/repository/org/glassfish/hk2/external/jakarta.inject/2.5.0/jakarta.inject-2.5.0.jar:/home/user/.m2/repository/org/glassfish/hk2/hk2-utils/2.5.0/hk2-utils-2.5.0.jar:/home/user/.m2/repository/jakarta/annotation/jakarta.annotation-api/1.3.4/jakarta.annotation-api-1.3.4.jar:/home/user/.m2/repository/org/glassfish/hk2/external/aopalliance-repackaged/2.5.0/aopalliance-repackaged-2.5.0.jar:/home/user/.m2/repository/com/fasterxml/jackson/dataformat/jackson-dataformat-xml/2.9.0/jackson-dataformat-xml-2.9.0.jar:/home/user/.m2/repository/com/fasterxml/jackson/core/jackson-core/2.9.9/jackson-core-2.9.9.jar:/home/user/.m2/repository/com/fasterxml/jackson/module/jackson-module-jaxb-annotations/2.9.9/jackson-module-jaxb-annotations-2.9.9.jar:/home/user/.m2/repository/javax/enterprise/cdi-api/1.2/cdi-api-1.2.jar:/home/user/.m2/repository/javax/el/javax.el-api/3.0.0/javax.el-api-3.0.0.jar:/home/user/.m2/repository/javax/interceptor/javax.interceptor-api/1.2/javax.interceptor-api-1.2.jar:/home/user/.m2/repository/javax/inject/javax.inject/1/javax.inject-1.jar:/home/user/.m2/repository/com/sun/xml/bind/jaxb-impl/2.3.0.1/jaxb-impl-2.3.0.1.jar:/home/user/.m2/repository/com/sun/xml/bind/jaxb-core/2.3.0.1/jaxb-core-2.3.0.1.jar:/home/user/.m2/repository/javax/xml/bind/jaxb-api/2.3.0/jaxb-api-2.3.0.jar:/home/user/.m2/repository/javax/activation/activation/1.1.1/activation-1.1.1.jar:/home/user/.m2/repository/org/apache/hadoop/hadoop-ozone-csi/0.5.0-SNAPSHOT/hadoop-ozone-csi-0.5.0-SNAPSHOT.jar:/home/user/.m2/repository/com/google/protobuf/protobuf-java-util/3.5.1/protobuf-java-util-3.5.1.jar:/home/user/.m2/repository/org/apache/hadoop/hadoop-hdds-config/0.5.0-SNAPSHOT/hadoop-hdds-config-0.5.0-SNAPSHOT.jar:/home/user/.m2/repository/io/grpc/grpc-netty/1.17.1/grpc-netty-1.17.1.jar:/home/user/.m2/repository/io/grpc/grpc-core/1.17.1/grpc-core-1.17.1.jar:/home/user/.m2/repository/io/grpc/grpc-context/1.17.1/grpc-context-1.17.1.jar:/home/user/.m2/repository/com/google/errorprone/error_prone_annotations/2.2.0/error_prone_annotations-2.2.0.jar:/home/user/.m2/repository/org/codehaus/mojo/animal-sniffer-annotations/1.17/animal-sniffer-annotations-1.17.jar:/home/user/.m2/repository/io/opencensus/opencensus-api/0.17.0/opencensus-api-0.17.0.jar:/home/user/.m2/repository/io/opencensus/opencensus-contrib-grpc-metrics/0.17.0/opencensus-contrib-grpc-metrics-0.17.0.jar:/home/user/.m2/repository/io/netty/netty-codec-http2/4.1.30.Final/netty-codec-http2-4.1.30.Final.jar:/home/user/.m2/repository/io/netty/netty-codec-http/4.1.30.Final/netty-codec-http-4.1.30.Final.jar:/home/user/.m2/repository/io/netty/netty-codec/4.1.30.Final/netty-codec-4.1.30.Final.jar:/home/user/.m2/repository/io/netty/netty-handler/4.1.30.Final/netty-handler-4.1.30.Final.jar:/home/user/.m2/repository/io/netty/netty-handler-proxy/4.1.30.Final/netty-handler-proxy-4.1.30.Final.jar:/home/user/.m2/repository/io/netty/netty-codec-socks/4.1.30.Final/netty-codec-socks-4.1.30.Final.jar:/home/user/.m2/repository/io/netty/netty-transport-native-epoll/4.1.30.Final/netty-transport-native-epoll-4.1.30.Final.jar:/home/user/.m2/repository/io/netty/netty-common/4.1.30.Final/netty-common-4.1.30.Final.jar:/home/user/.m2/repository/io/netty/netty-buffer/4.1.30.Final/netty-buffer-4.1.30.Final.jar:/home/user/.m2/repository/io/netty/netty-transport/4.1.30.Final/netty-transport-4.1.30.Final.jar:/home/user/.m2/repository/io/netty/netty-resolver/4.1.30.Final/netty-resolver-4.1.30.Final.jar:/home/user/.m2/repository/io/netty/netty-transport-native-unix-common/4.1.30.Final/netty-transport-native-unix-common-4.1.30.Final.jar:/home/user/.m2/repository/io/grpc/grpc-protobuf/1.17.1/grpc-protobuf-1.17.1.jar:/home/user/.m2/repository/com/google/api/grpc/proto-google-common-protos/1.0.0/proto-google-common-protos-1.0.0.jar:/home/user/.m2/repository/io/grpc/grpc-protobuf-lite/1.17.1/grpc-protobuf-lite-1.17.1.jar:/home/user/.m2/repository/io/grpc/grpc-stub/1.17.1/grpc-stub-1.17.1.jar:/home/user/.m2/repository/org/apache/hadoop/hadoop-ozone-recon/0.5.0-SNAPSHOT/hadoop-ozone-recon-0.5.0-SNAPSHOT.jar:/home/user/.m2/repository/org/apache/hadoop/hadoop-ozone-reconcodegen/0.5.0-SNAPSHOT/hadoop-ozone-reconcodegen-0.5.0-SNAPSHOT.jar:/home/user/.m2/repository/com/google/inject/extensions/guice-multibindings/4.0/guice-multibindings-4.0.jar:/home/user/.m2/repository/com/google/inject/guice/4.0/guice-4.0.jar:/home/user/.m2/repository/aopalliance/aopalliance/1.0/aopalliance-1.0.jar:/home/user/.m2/repository/com/google/inject/extensions/guice-servlet/4.0/guice-servlet-4.0.jar:/home/user/.m2/repository/org/glassfish/jersey/containers/jersey-container-servlet/2.27/jersey-container-servlet-2.27.jar:/home/user/.m2/repository/org/glassfish/hk2/guice-bridge/2.5.0/guice-bridge-2.5.0.jar:/home/user/.m2/repository/org/glassfish/jersey/core/jersey-server/2.27/jersey-server-2.27.jar:/home/user/.m2/repository/org/glassfish/jersey/core/jersey-client/2.27/jersey-client-2.27.jar:/home/user/.m2/repository/org/glassfish/jersey/media/jersey-media-jaxb/2.27/jersey-media-jaxb-2.27.jar:/home/user/.m2/repository/javax/validation/validation-api/1.1.0.Final/validation-api-1.1.0.Final.jar:/home/user/.m2/repository/org/glassfish/jersey/media/jersey-media-json-jackson/2.27/jersey-media-json-jackson-2.27.jar:/home/user/.m2/repository/org/glassfish/jersey/ext/jersey-entity-filtering/2.27/jersey-entity-filtering-2.27.jar:/home/user/.m2/repository/com/google/inject/extensions/guice-assistedinject/4.0/guice-assistedinject-4.0.jar:/home/user/.m2/repository/org/jooq/jooq/3.11.10/jooq-3.11.10.jar:/home/user/.m2/repository/org/jooq/jooq-meta/3.11.10/jooq-meta-3.11.10.jar:/home/user/.m2/repository/org/jooq/jooq-codegen/3.11.10/jooq-codegen-3.11.10.jar:/home/user/.m2/repository/com/jolbox/bonecp/0.8.0.RELEASE/bonecp-0.8.0.RELEASE.jar:/home/user/.m2/repository/org/xerial/sqlite-jdbc/3.25.2/sqlite-jdbc-3.25.2.jar:/home/user/.m2/repository/org/springframework/spring-jdbc/5.1.3.RELEASE/spring-jdbc-5.1.3.RELEASE.jar:/home/user/.m2/repository/org/springframework/spring-beans/5.1.3.RELEASE/spring-beans-5.1.3.RELEASE.jar:/home/user/.m2/repository/org/springframework/spring-core/5.1.3.RELEASE/spring-core-5.1.3.RELEASE.jar:/home/user/.m2/repository/org/springframework/spring-jcl/5.1.3.RELEASE/spring-jcl-5.1.3.RELEASE.jar:/home/user/.m2/repository/org/springframework/spring-tx/5.1.3.RELEASE/spring-tx-5.1.3.RELEASE.jar:/home/user/.m2/repository/org/apache/hadoop/hadoop-ozone-client/0.5.0-SNAPSHOT/hadoop-ozone-client-0.5.0-SNAPSHOT.jar:/home/user/.m2/repository/commons-lang/commons-lang/2.6/commons-lang-2.6.jar:/home/user/.m2/repository/org/apache/hadoop/hadoop-ozone-ozone-manager/0.5.0-SNAPSHOT/hadoop-ozone-ozone-manager-0.5.0-SNAPSHOT-tests.jar:/home/user/.m2/repository/junit/junit/4.11/junit-4.11.jar:/home/user/.m2/repository/org/hamcrest/hamcrest-core/1.3/hamcrest-core-1.3.jar:/home/user/.m2/repository/org/openjdk/jmh/jmh-core/1.19/jmh-core-1.19.jar:/home/user/.m2/repository/net/sf/jopt-simple/jopt-simple/4.6/jopt-simple-4.6.jar:/home/user/.m2/repository/org/apache/commons/commons-math3/3.1.1/commons-math3-3.1.1.jar:/home/user/.m2/repository/org/openjdk/jmh/jmh-generator-annprocess/1.19/jmh-generator-annprocess-1.19.jar:/home/user/.m2/repository/org/mockito/mockito-all/1.8.5/mockito-all-1.8.5.jar:/home/user/.m2/repository/org/apache/hadoop/hadoop-kms/3.2.0/hadoop-kms-3.2.0.jar:/home/user/.m2/repository/org/apache/hadoop/hadoop-auth/3.2.0/hadoop-auth-3.2.0.jar:/home/user/.m2/repository/com/nimbusds/nimbus-jose-jwt/4.41.1/nimbus-jose-jwt-4.41.1.jar:/home/user/.m2/repository/com/github/stephenc/jcip/jcip-annotations/1.0-1/jcip-annotations-1.0-1.jar:/home/user/.m2/repository/net/minidev/json-smart/2.3/json-smart-2.3.jar:/home/user/.m2/repository/net/minidev/accessors-smart/1.2/accessors-smart-1.2.jar:/home/user/.m2/repository/org/ow2/asm/asm/5.0.4/asm-5.0.4.jar:/home/user/.m2/repository/org/apache/curator/curator-framework/2.12.0/curator-framework-2.12.0.jar:/home/user/.m2/repository/com/sun/jersey/jersey-core/1.19/jersey-core-1.19.jar:/home/user/.m2/repository/javax/ws/rs/jsr311-api/1.1.1/jsr311-api-1.1.1.jar:/home/user/.m2/repository/com/sun/jersey/jersey-server/1.19/jersey-server-1.19.jar:/home/user/.m2/repository/javax/servlet/javax.servlet-api/3.1.0/javax.servlet-api-3.1.0.jar:/home/user/.m2/repository/org/eclipse/jetty/jetty-server/9.3.25.v20180904/jetty-server-9.3.25.v20180904.jar:/home/user/.m2/repository/org/eclipse/jetty/jetty-http/9.3.25.v20180904/jetty-http-9.3.25.v20180904.jar:/home/user/.m2/repository/org/eclipse/jetty/jetty-io/9.3.25.v20180904/jetty-io-9.3.25.v20180904.jar:/home/user/.m2/repository/org/eclipse/jetty/jetty-webapp/9.3.25.v20180904/jetty-webapp-9.3.25.v20180904.jar:/home/user/.m2/repository/org/eclipse/jetty/jetty-xml/9.3.25.v20180904/jetty-xml-9.3.25.v20180904.jar:/home/user/.m2/repository/log4j/log4j/1.2.17/log4j-1.2.17.jar:/home/user/.m2/repository/org/slf4j/slf4j-api/1.7.25/slf4j-api-1.7.25.jar:/home/user/.m2/repository/org/slf4j/jul-to-slf4j/1.7.25/jul-to-slf4j-1.7.25.jar:/home/user/.m2/repository/org/eclipse/jetty/jetty-util/9.3.25.v20180904/jetty-util-9.3.25.v20180904.jar:/home/user/.m2/repository/com/fasterxml/jackson/core/jackson-databind/2.9.9/jackson-databind-2.9.9.jar:/home/user/.m2/repository/org/apache/hadoop/hadoop-kms/3.2.0/hadoop-kms-3.2.0-tests.jar:/home/user/.m2/repository/org/apache/hadoop/hadoop-hdds-server-scm/0.5.0-SNAPSHOT/hadoop-hdds-server-scm-0.5.0-SNAPSHOT-tests.jar:/home/user/.m2/repository/org/apache/hadoop/hadoop-hdds-container-service/0.5.0-SNAPSHOT/hadoop-hdds-container-service-0.5.0-SNAPSHOT-tests.jar:/home/user/.m2/repository/org/yaml/snakeyaml/1.16/snakeyaml-1.16.jar:/home/user/.m2/repository/org/apache/hadoop/hadoop-common/3.2.0/hadoop-common-3.2.0-tests.jar:/home/user/.m2/repository/org/apache/hadoop/hadoop-annotations/3.2.0/hadoop-annotations-3.2.0.jar:/usr/lib/jvm/java-1.8.0-openjdk-1.8.0.222.b10-1.el7_7.x86_64/jre/../lib/tools.jar:/home/user/.m2/repository/commons-cli/commons-cli/1.2/commons-cli-1.2.jar:/home/user/.m2/repository/org/apache/httpcomponents/httpclient/4.5.2/httpclient-4.5.2.jar:/home/user/.m2/repository/org/apache/httpcomponents/httpcore/4.4.4/httpcore-4.4.4.jar:/home/user/.m2/repository/commons-codec/commons-codec/1.11/commons-codec-1.11.jar:/home/user/.m2/repository/commons-net/commons-net/3.6/commons-net-3.6.jar:/home/user/.m2/repository/commons-collections/commons-collections/3.2.2/commons-collections-3.2.2.jar:/home/user/.m2/repository/org/eclipse/jetty/jetty-servlet/9.3.25.v20180904/jetty-servlet-9.3.25.v20180904.jar:/home/user/.m2/repository/org/eclipse/jetty/jetty-security/9.3.25.v20180904/jetty-security-9.3.25.v20180904.jar:/home/user/.m2/repository/javax/servlet/jsp/jsp-api/2.1/jsp-api-2.1.jar:/home/user/.m2/repository/com/sun/jersey/jersey-servlet/1.19/jersey-servlet-1.19.jar:/home/user/.m2/repository/com/sun/jersey/jersey-json/1.19/jersey-json-1.19.jar:/home/user/.m2/repository/org/codehaus/jettison/jettison/1.1/jettison-1.1.jar:/home/user/.m2/repository/org/codehaus/jackson/jackson-core-asl/1.9.13/jackson-core-asl-1.9.13.jar:/home/user/.m2/repository/org/codehaus/jackson/jackson-mapper-asl/1.9.13/jackson-mapper-asl-1.9.13.jar:/home/user/.m2/repository/org/codehaus/jackson/jackson-jaxrs/1.9.13/jackson-jaxrs-1.9.13.jar:/home/user/.m2/repository/org/codehaus/jackson/jackson-xc/1.9.13/jackson-xc-1.9.13.jar:/home/user/.m2/repository/commons-logging/commons-logging/1.1.3/commons-logging-1.1.3.jar:/home/user/.m2/repository/commons-beanutils/commons-beanutils/1.9.4/commons-beanutils-1.9.4.jar:/home/user/.m2/repository/org/apache/commons/commons-configuration2/2.1.1/commons-configuration2-2.1.1.jar:/home/user/.m2/repository/org/apache/commons/commons-lang3/3.7/commons-lang3-3.7.jar:/home/user/.m2/repository/org/apache/commons/commons-text/1.4/commons-text-1.4.jar:/home/user/.m2/repository/org/apache/avro/avro/1.7.7/avro-1.7.7.jar:/home/user/.m2/repository/com/thoughtworks/paranamer/paranamer/2.3/paranamer-2.3.jar:/home/user/.m2/repository/org/xerial/snappy/snappy-java/1.0.5/snappy-java-1.0.5.jar:/home/user/.m2/repository/com/google/re2j/re2j/1.1/re2j-1.1.jar:/home/user/.m2/repository/com/google/code/gson/gson/2.2.4/gson-2.2.4.jar:/home/user/.m2/repository/com/jcraft/jsch/0.1.54/jsch-0.1.54.jar:/home/user/.m2/repository/org/apache/curator/curator-client/2.12.0/curator-client-2.12.0.jar:/home/user/.m2/repository/org/apache/curator/curator-recipes/2.12.0/curator-recipes-2.12.0.jar:/home/user/.m2/repository/com/google/code/findbugs/jsr305/3.0.0/jsr305-3.0.0.jar:/home/user/.m2/repository/org/apache/htrace/htrace-core4/4.1.0-incubating/htrace-core4-4.1.0-incubating.jar:/home/user/.m2/repository/org/apache/zookeeper/zookeeper/3.4.13/zookeeper-3.4.13.jar:/home/user/.m2/repository/jline/jline/0.9.94/jline-0.9.94.jar:/home/user/.m2/repository/org/apache/yetus/audience-annotations/0.5.0/audience-annotations-0.5.0.jar:/home/user/.m2/repository/org/codehaus/woodstox/stax2-api/3.1.4/stax2-api-3.1.4.jar:/home/user/.m2/repository/com/fasterxml/woodstox/woodstox-core/5.0.3/woodstox-core-5.0.3.jar:/home/user/.m2/repository/dnsjava/dnsjava/2.1.7/dnsjava-2.1.7.jar:/home/user/.m2/repository/org/apache/hadoop/hadoop-hdfs/3.2.0/hadoop-hdfs-3.2.0-tests.jar:/home/user/.m2/repository/org/eclipse/jetty/jetty-util-ajax/9.3.25.v20180904/jetty-util-ajax-9.3.25.v20180904.jar:/home/user/.m2/repository/commons-daemon/commons-daemon/1.0.13/commons-daemon-1.0.13.jar:/home/user/.m2/repository/io/netty/netty/3.10.5.Final/netty-3.10.5.Final.jar:/home/user/.m2/repository/io/netty/netty-all/4.0.52.Final/netty-all-4.0.52.Final.jar:/home/user/.m2/repository/org/fusesource/leveldbjni/leveldbjni-all/1.8/leveldbjni-all-1.8.jar:"/>
    <property name="java.vm.vendor" value="Oracle Corporation"/>
    <property name="sun.arch.data.model" value="64"/>
    <property name="test.build.dir" value="/workdir/hadoop-ozone/integration-test/target/test-dir"/>
    <property name="test.cache.data" value=""/>
    <property name="java.vendor.url" value="http://java.oracle.com/"/>
    <property name="user.timezone" value=""/>
    <property name="java.vm.specification.version" value="1.8"/>
    <property name="os.name" value="Linux"/>
    <property name="test.build.data" value="/workdir/hadoop-ozone/integration-test/target/test-dir"/>
    <property name="user.country" value="US"/>
    <property name="sun.java.launcher" value="SUN_STANDARD"/>
    <property name="sun.boot.library.path" value="/usr/lib/jvm/java-1.8.0-openjdk-1.8.0.222.b10-1.el7_7.x86_64/jre/lib/amd64"/>
    <property name="sun.java.command" value="/workdir/hadoop-ozone/integration-test/target/surefire/surefirebooter6219864899754307102.jar /workdir/hadoop-ozone/integration-test/target/surefire 2019-10-17T06-19-42_083-jvmRun1 surefire8281798337531888875tmp surefire_36301206331251787464tmp"/>
    <property name="surefire.test.class.path" value="/workdir/hadoop-ozone/integration-test/target/test-classes:/workdir/hadoop-ozone/integration-test/target/classes:/home/user/.m2/repository/org/apache/hadoop/hadoop-ozone-common/0.5.0-SNAPSHOT/hadoop-ozone-common-0.5.0-SNAPSHOT.jar:/home/user/.m2/repository/org/apache/commons/commons-compress/1.4.1/commons-compress-1.4.1.jar:/home/user/.m2/repository/org/tukaani/xz/1.0/xz-1.0.jar:/home/user/.m2/repository/org/apache/hadoop/hadoop-common/3.2.0/hadoop-common-3.2.0.jar:/home/user/.m2/repository/org/apache/hadoop/hadoop-hdfs/3.2.0/hadoop-hdfs-3.2.0.jar:/home/user/.m2/repository/org/apache/hadoop/hadoop-hdfs-client/3.2.0/hadoop-hdfs-client-3.2.0.jar:/home/user/.m2/repository/com/fasterxml/jackson/core/jackson-annotations/2.9.9/jackson-annotations-2.9.9.jar:/home/user/.m2/repository/org/apache/hadoop/hadoop-hdds-common/0.5.0-SNAPSHOT/hadoop-hdds-common-0.5.0-SNAPSHOT.jar:/home/user/.m2/repository/javax/annotation/javax.annotation-api/1.2/javax.annotation-api-1.2.jar:/home/user/.m2/repository/org/apache/ratis/ratis-server/0.5.0-3f446aa-SNAPSHOT/ratis-server-0.5.0-3f446aa-SNAPSHOT.jar:/home/user/.m2/repository/org/apache/ratis/ratis-thirdparty-misc/0.2.0/ratis-thirdparty-misc-0.2.0.jar:/home/user/.m2/repository/org/apache/ratis/ratis-proto/0.5.0-3f446aa-SNAPSHOT/ratis-proto-0.5.0-3f446aa-SNAPSHOT.jar:/home/user/.m2/repository/org/apache/ratis/ratis-common/0.5.0-3f446aa-SNAPSHOT/ratis-common-0.5.0-3f446aa-SNAPSHOT.jar:/home/user/.m2/repository/org/apache/ratis/ratis-client/0.5.0-3f446aa-SNAPSHOT/ratis-client-0.5.0-3f446aa-SNAPSHOT.jar:/home/user/.m2/repository/org/apache/ratis/ratis-metrics/0.5.0-3f446aa-SNAPSHOT/ratis-metrics-0.5.0-3f446aa-SNAPSHOT.jar:/home/user/.m2/repository/com/github/joshelser/dropwizard-metrics-hadoop-metrics2-reporter/0.1.2/dropwizard-metrics-hadoop-metrics2-reporter-0.1.2.jar:/home/user/.m2/repository/io/dropwizard/metrics/metrics-jvm/3.2.5/metrics-jvm-3.2.5.jar:/home/user/.m2/repository/io/dropwizard/metrics/metrics-ganglia/3.2.5/metrics-ganglia-3.2.5.jar:/home/user/.m2/repository/info/ganglia/gmetric4j/gmetric4j/1.0.7/gmetric4j-1.0.7.jar:/home/user/.m2/repository/org/apache/ratis/ratis-netty/0.5.0-3f446aa-SNAPSHOT/ratis-netty-0.5.0-3f446aa-SNAPSHOT.jar:/home/user/.m2/repository/org/apache/ratis/ratis-grpc/0.5.0-3f446aa-SNAPSHOT/ratis-grpc-0.5.0-3f446aa-SNAPSHOT.jar:/home/user/.m2/repository/org/rocksdb/rocksdbjni/6.0.1/rocksdbjni-6.0.1.jar:/home/user/.m2/repository/org/apache/logging/log4j/log4j-api/2.11.0/log4j-api-2.11.0.jar:/home/user/.m2/repository/org/apache/logging/log4j/log4j-core/2.11.0/log4j-core-2.11.0.jar:/home/user/.m2/repository/com/lmax/disruptor/3.4.2/disruptor-3.4.2.jar:/home/user/.m2/repository/org/apache/commons/commons-pool2/2.6.0/commons-pool2-2.6.0.jar:/home/user/.m2/repository/org/bouncycastle/bcpkix-jdk15on/1.60/bcpkix-jdk15on-1.60.jar:/home/user/.m2/repository/commons-validator/commons-validator/1.6/commons-validator-1.6.jar:/home/user/.m2/repository/commons-digester/commons-digester/1.8.1/commons-digester-1.8.1.jar:/home/user/.m2/repository/io/jaegertracing/jaeger-client/0.34.0/jaeger-client-0.34.0.jar:/home/user/.m2/repository/io/jaegertracing/jaeger-thrift/0.34.0/jaeger-thrift-0.34.0.jar:/home/user/.m2/repository/org/apache/thrift/libthrift/0.12.0/libthrift-0.12.0.jar:/home/user/.m2/repository/com/squareup/okhttp3/okhttp/3.9.0/okhttp-3.9.0.jar:/home/user/.m2/repository/com/squareup/okio/okio/1.13.0/okio-1.13.0.jar:/home/user/.m2/repository/io/jaegertracing/jaeger-core/0.34.0/jaeger-core-0.34.0.jar:/home/user/.m2/repository/io/jaegertracing/jaeger-tracerresolver/0.34.0/jaeger-tracerresolver-0.34.0.jar:/home/user/.m2/repository/io/opentracing/contrib/opentracing-tracerresolver/0.1.5/opentracing-tracerresolver-0.1.5.jar:/home/user/.m2/repository/io/opentracing/opentracing-util/0.31.0/opentracing-util-0.31.0.jar:/home/user/.m2/repository/io/opentracing/opentracing-api/0.31.0/opentracing-api-0.31.0.jar:/home/user/.m2/repository/io/opentracing/opentracing-noop/0.31.0/opentracing-noop-0.31.0.jar:/home/user/.m2/repository/org/apache/hadoop/hadoop-hdds-server-framework/0.5.0-SNAPSHOT/hadoop-hdds-server-framework-0.5.0-SNAPSHOT.jar:/home/user/.m2/repository/org/apache/hadoop/hadoop-hdds-container-service/0.5.0-SNAPSHOT/hadoop-hdds-container-service-0.5.0-SNAPSHOT.jar:/home/user/.m2/repository/org/apache/hadoop/hadoop-hdds-client/0.5.0-SNAPSHOT/hadoop-hdds-client-0.5.0-SNAPSHOT.jar:/home/user/.m2/repository/org/apache/hadoop/hadoop-hdds-tools/0.5.0-SNAPSHOT/hadoop-hdds-tools-0.5.0-SNAPSHOT.jar:/home/user/.m2/repository/org/apache/hadoop/hadoop-hdds-server-scm/0.5.0-SNAPSHOT/hadoop-hdds-server-scm-0.5.0-SNAPSHOT.jar:/home/user/.m2/repository/org/apache/hadoop/hadoop-hdds-docs/0.5.0-SNAPSHOT/hadoop-hdds-docs-0.5.0-SNAPSHOT.jar:/home/user/.m2/repository/io/dropwizard/metrics/metrics-core/3.2.4/metrics-core-3.2.4.jar:/home/user/.m2/repository/org/hamcrest/hamcrest-all/1.3/hamcrest-all-1.3.jar:/home/user/.m2/repository/org/bouncycastle/bcprov-jdk15on/1.60/bcprov-jdk15on-1.60.jar:/home/user/.m2/repository/info/picocli/picocli/3.9.6/picocli-3.9.6.jar:/home/user/.m2/repository/com/google/protobuf/protobuf-java/2.5.0/protobuf-java-2.5.0.jar:/home/user/.m2/repository/com/google/guava/guava/11.0.2/guava-11.0.2.jar:/home/user/.m2/repository/org/apache/hadoop/hadoop-ozone-ozone-manager/0.5.0-SNAPSHOT/hadoop-ozone-ozone-manager-0.5.0-SNAPSHOT.jar:/home/user/.m2/repository/org/apache/hadoop/hadoop-minikdc/3.2.0/hadoop-minikdc-3.2.0.jar:/home/user/.m2/repository/commons-io/commons-io/2.5/commons-io-2.5.jar:/home/user/.m2/repository/org/apache/kerby/kerb-simplekdc/1.0.1/kerb-simplekdc-1.0.1.jar:/home/user/.m2/repository/org/apache/kerby/kerb-client/1.0.1/kerb-client-1.0.1.jar:/home/user/.m2/repository/org/apache/kerby/kerby-config/1.0.1/kerby-config-1.0.1.jar:/home/user/.m2/repository/org/apache/kerby/kerb-core/1.0.1/kerb-core-1.0.1.jar:/home/user/.m2/repository/org/apache/kerby/kerby-pkix/1.0.1/kerby-pkix-1.0.1.jar:/home/user/.m2/repository/org/apache/kerby/kerby-asn1/1.0.1/kerby-asn1-1.0.1.jar:/home/user/.m2/repository/org/apache/kerby/kerby-util/1.0.1/kerby-util-1.0.1.jar:/home/user/.m2/repository/org/apache/kerby/kerb-common/1.0.1/kerb-common-1.0.1.jar:/home/user/.m2/repository/org/apache/kerby/kerb-crypto/1.0.1/kerb-crypto-1.0.1.jar:/home/user/.m2/repository/org/apache/kerby/kerb-util/1.0.1/kerb-util-1.0.1.jar:/home/user/.m2/repository/org/apache/kerby/token-provider/1.0.1/token-provider-1.0.1.jar:/home/user/.m2/repository/org/apache/kerby/kerb-admin/1.0.1/kerb-admin-1.0.1.jar:/home/user/.m2/repository/org/apache/kerby/kerb-server/1.0.1/kerb-server-1.0.1.jar:/home/user/.m2/repository/org/apache/kerby/kerb-identity/1.0.1/kerb-identity-1.0.1.jar:/home/user/.m2/repository/org/apache/kerby/kerby-xdr/1.0.1/kerby-xdr-1.0.1.jar:/home/user/.m2/repository/org/slf4j/slf4j-log4j12/1.7.25/slf4j-log4j12-1.7.25.jar:/home/user/.m2/repository/org/apache/hadoop/hadoop-ozone-s3gateway/0.5.0-SNAPSHOT/hadoop-ozone-s3gateway-0.5.0-SNAPSHOT.jar:/home/user/.m2/repository/org/jboss/weld/servlet/weld-servlet/2.4.7.Final/weld-servlet-2.4.7.Final.jar:/home/user/.m2/repository/org/glassfish/jersey/containers/jersey-container-servlet-core/2.27/jersey-container-servlet-core-2.27.jar:/home/user/.m2/repository/org/glassfish/hk2/external/javax.inject/2.5.0-b42/javax.inject-2.5.0-b42.jar:/home/user/.m2/repository/org/glassfish/jersey/core/jersey-common/2.27/jersey-common-2.27.jar:/home/user/.m2/repository/org/glassfish/hk2/osgi-resource-locator/1.0.1/osgi-resource-locator-1.0.1.jar:/home/user/.m2/repository/javax/ws/rs/javax.ws.rs-api/2.1/javax.ws.rs-api-2.1.jar:/home/user/.m2/repository/org/glassfish/jersey/ext/cdi/jersey-cdi1x/2.27/jersey-cdi1x-2.27.jar:/home/user/.m2/repository/org/glassfish/jersey/inject/jersey-hk2/2.27/jersey-hk2-2.27.jar:/home/user/.m2/repository/org/glassfish/hk2/hk2-locator/2.5.0-b42/hk2-locator-2.5.0-b42.jar:/home/user/.m2/repository/org/javassist/javassist/3.22.0-CR2/javassist-3.22.0-CR2.jar:/home/user/.m2/repository/org/glassfish/hk2/hk2-api/2.5.0/hk2-api-2.5.0.jar:/home/user/.m2/repository/org/glassfish/hk2/external/jakarta.inject/2.5.0/jakarta.inject-2.5.0.jar:/home/user/.m2/repository/org/glassfish/hk2/hk2-utils/2.5.0/hk2-utils-2.5.0.jar:/home/user/.m2/repository/jakarta/annotation/jakarta.annotation-api/1.3.4/jakarta.annotation-api-1.3.4.jar:/home/user/.m2/repository/org/glassfish/hk2/external/aopalliance-repackaged/2.5.0/aopalliance-repackaged-2.5.0.jar:/home/user/.m2/repository/com/fasterxml/jackson/dataformat/jackson-dataformat-xml/2.9.0/jackson-dataformat-xml-2.9.0.jar:/home/user/.m2/repository/com/fasterxml/jackson/core/jackson-core/2.9.9/jackson-core-2.9.9.jar:/home/user/.m2/repository/com/fasterxml/jackson/module/jackson-module-jaxb-annotations/2.9.9/jackson-module-jaxb-annotations-2.9.9.jar:/home/user/.m2/repository/javax/enterprise/cdi-api/1.2/cdi-api-1.2.jar:/home/user/.m2/repository/javax/el/javax.el-api/3.0.0/javax.el-api-3.0.0.jar:/home/user/.m2/repository/javax/interceptor/javax.interceptor-api/1.2/javax.interceptor-api-1.2.jar:/home/user/.m2/repository/javax/inject/javax.inject/1/javax.inject-1.jar:/home/user/.m2/repository/com/sun/xml/bind/jaxb-impl/2.3.0.1/jaxb-impl-2.3.0.1.jar:/home/user/.m2/repository/com/sun/xml/bind/jaxb-core/2.3.0.1/jaxb-core-2.3.0.1.jar:/home/user/.m2/repository/javax/xml/bind/jaxb-api/2.3.0/jaxb-api-2.3.0.jar:/home/user/.m2/repository/javax/activation/activation/1.1.1/activation-1.1.1.jar:/home/user/.m2/repository/org/apache/hadoop/hadoop-ozone-csi/0.5.0-SNAPSHOT/hadoop-ozone-csi-0.5.0-SNAPSHOT.jar:/home/user/.m2/repository/com/google/protobuf/protobuf-java-util/3.5.1/protobuf-java-util-3.5.1.jar:/home/user/.m2/repository/org/apache/hadoop/hadoop-hdds-config/0.5.0-SNAPSHOT/hadoop-hdds-config-0.5.0-SNAPSHOT.jar:/home/user/.m2/repository/io/grpc/grpc-netty/1.17.1/grpc-netty-1.17.1.jar:/home/user/.m2/repository/io/grpc/grpc-core/1.17.1/grpc-core-1.17.1.jar:/home/user/.m2/repository/io/grpc/grpc-context/1.17.1/grpc-context-1.17.1.jar:/home/user/.m2/repository/com/google/errorprone/error_prone_annotations/2.2.0/error_prone_annotations-2.2.0.jar:/home/user/.m2/repository/org/codehaus/mojo/animal-sniffer-annotations/1.17/animal-sniffer-annotations-1.17.jar:/home/user/.m2/repository/io/opencensus/opencensus-api/0.17.0/opencensus-api-0.17.0.jar:/home/user/.m2/repository/io/opencensus/opencensus-contrib-grpc-metrics/0.17.0/opencensus-contrib-grpc-metrics-0.17.0.jar:/home/user/.m2/repository/io/netty/netty-codec-http2/4.1.30.Final/netty-codec-http2-4.1.30.Final.jar:/home/user/.m2/repository/io/netty/netty-codec-http/4.1.30.Final/netty-codec-http-4.1.30.Final.jar:/home/user/.m2/repository/io/netty/netty-codec/4.1.30.Final/netty-codec-4.1.30.Final.jar:/home/user/.m2/repository/io/netty/netty-handler/4.1.30.Final/netty-handler-4.1.30.Final.jar:/home/user/.m2/repository/io/netty/netty-handler-proxy/4.1.30.Final/netty-handler-proxy-4.1.30.Final.jar:/home/user/.m2/repository/io/netty/netty-codec-socks/4.1.30.Final/netty-codec-socks-4.1.30.Final.jar:/home/user/.m2/repository/io/netty/netty-transport-native-epoll/4.1.30.Final/netty-transport-native-epoll-4.1.30.Final.jar:/home/user/.m2/repository/io/netty/netty-common/4.1.30.Final/netty-common-4.1.30.Final.jar:/home/user/.m2/repository/io/netty/netty-buffer/4.1.30.Final/netty-buffer-4.1.30.Final.jar:/home/user/.m2/repository/io/netty/netty-transport/4.1.30.Final/netty-transport-4.1.30.Final.jar:/home/user/.m2/repository/io/netty/netty-resolver/4.1.30.Final/netty-resolver-4.1.30.Final.jar:/home/user/.m2/repository/io/netty/netty-transport-native-unix-common/4.1.30.Final/netty-transport-native-unix-common-4.1.30.Final.jar:/home/user/.m2/repository/io/grpc/grpc-protobuf/1.17.1/grpc-protobuf-1.17.1.jar:/home/user/.m2/repository/com/google/api/grpc/proto-google-common-protos/1.0.0/proto-google-common-protos-1.0.0.jar:/home/user/.m2/repository/io/grpc/grpc-protobuf-lite/1.17.1/grpc-protobuf-lite-1.17.1.jar:/home/user/.m2/repository/io/grpc/grpc-stub/1.17.1/grpc-stub-1.17.1.jar:/home/user/.m2/repository/org/apache/hadoop/hadoop-ozone-recon/0.5.0-SNAPSHOT/hadoop-ozone-recon-0.5.0-SNAPSHOT.jar:/home/user/.m2/repository/org/apache/hadoop/hadoop-ozone-reconcodegen/0.5.0-SNAPSHOT/hadoop-ozone-reconcodegen-0.5.0-SNAPSHOT.jar:/home/user/.m2/repository/com/google/inject/extensions/guice-multibindings/4.0/guice-multibindings-4.0.jar:/home/user/.m2/repository/com/google/inject/guice/4.0/guice-4.0.jar:/home/user/.m2/repository/aopalliance/aopalliance/1.0/aopalliance-1.0.jar:/home/user/.m2/repository/com/google/inject/extensions/guice-servlet/4.0/guice-servlet-4.0.jar:/home/user/.m2/repository/org/glassfish/jersey/containers/jersey-container-servlet/2.27/jersey-container-servlet-2.27.jar:/home/user/.m2/repository/org/glassfish/hk2/guice-bridge/2.5.0/guice-bridge-2.5.0.jar:/home/user/.m2/repository/org/glassfish/jersey/core/jersey-server/2.27/jersey-server-2.27.jar:/home/user/.m2/repository/org/glassfish/jersey/core/jersey-client/2.27/jersey-client-2.27.jar:/home/user/.m2/repository/org/glassfish/jersey/media/jersey-media-jaxb/2.27/jersey-media-jaxb-2.27.jar:/home/user/.m2/repository/javax/validation/validation-api/1.1.0.Final/validation-api-1.1.0.Final.jar:/home/user/.m2/repository/org/glassfish/jersey/media/jersey-media-json-jackson/2.27/jersey-media-json-jackson-2.27.jar:/home/user/.m2/repository/org/glassfish/jersey/ext/jersey-entity-filtering/2.27/jersey-entity-filtering-2.27.jar:/home/user/.m2/repository/com/google/inject/extensions/guice-assistedinject/4.0/guice-assistedinject-4.0.jar:/home/user/.m2/repository/org/jooq/jooq/3.11.10/jooq-3.11.10.jar:/home/user/.m2/repository/org/jooq/jooq-meta/3.11.10/jooq-meta-3.11.10.jar:/home/user/.m2/repository/org/jooq/jooq-codegen/3.11.10/jooq-codegen-3.11.10.jar:/home/user/.m2/repository/com/jolbox/bonecp/0.8.0.RELEASE/bonecp-0.8.0.RELEASE.jar:/home/user/.m2/repository/org/xerial/sqlite-jdbc/3.25.2/sqlite-jdbc-3.25.2.jar:/home/user/.m2/repository/org/springframework/spring-jdbc/5.1.3.RELEASE/spring-jdbc-5.1.3.RELEASE.jar:/home/user/.m2/repository/org/springframework/spring-beans/5.1.3.RELEASE/spring-beans-5.1.3.RELEASE.jar:/home/user/.m2/repository/org/springframework/spring-core/5.1.3.RELEASE/spring-core-5.1.3.RELEASE.jar:/home/user/.m2/repository/org/springframework/spring-jcl/5.1.3.RELEASE/spring-jcl-5.1.3.RELEASE.jar:/home/user/.m2/repository/org/springframework/spring-tx/5.1.3.RELEASE/spring-tx-5.1.3.RELEASE.jar:/home/user/.m2/repository/org/apache/hadoop/hadoop-ozone-client/0.5.0-SNAPSHOT/hadoop-ozone-client-0.5.0-SNAPSHOT.jar:/home/user/.m2/repository/commons-lang/commons-lang/2.6/commons-lang-2.6.jar:/home/user/.m2/repository/org/apache/hadoop/hadoop-ozone-ozone-manager/0.5.0-SNAPSHOT/hadoop-ozone-ozone-manager-0.5.0-SNAPSHOT-tests.jar:/home/user/.m2/repository/junit/junit/4.11/junit-4.11.jar:/home/user/.m2/repository/org/hamcrest/hamcrest-core/1.3/hamcrest-core-1.3.jar:/home/user/.m2/repository/org/openjdk/jmh/jmh-core/1.19/jmh-core-1.19.jar:/home/user/.m2/repository/net/sf/jopt-simple/jopt-simple/4.6/jopt-simple-4.6.jar:/home/user/.m2/repository/org/apache/commons/commons-math3/3.1.1/commons-math3-3.1.1.jar:/home/user/.m2/repository/org/openjdk/jmh/jmh-generator-annprocess/1.19/jmh-generator-annprocess-1.19.jar:/home/user/.m2/repository/org/mockito/mockito-all/1.8.5/mockito-all-1.8.5.jar:/home/user/.m2/repository/org/apache/hadoop/hadoop-kms/3.2.0/hadoop-kms-3.2.0.jar:/home/user/.m2/repository/org/apache/hadoop/hadoop-auth/3.2.0/hadoop-auth-3.2.0.jar:/home/user/.m2/repository/com/nimbusds/nimbus-jose-jwt/4.41.1/nimbus-jose-jwt-4.41.1.jar:/home/user/.m2/repository/com/github/stephenc/jcip/jcip-annotations/1.0-1/jcip-annotations-1.0-1.jar:/home/user/.m2/repository/net/minidev/json-smart/2.3/json-smart-2.3.jar:/home/user/.m2/repository/net/minidev/accessors-smart/1.2/accessors-smart-1.2.jar:/home/user/.m2/repository/org/ow2/asm/asm/5.0.4/asm-5.0.4.jar:/home/user/.m2/repository/org/apache/curator/curator-framework/2.12.0/curator-framework-2.12.0.jar:/home/user/.m2/repository/com/sun/jersey/jersey-core/1.19/jersey-core-1.19.jar:/home/user/.m2/repository/javax/ws/rs/jsr311-api/1.1.1/jsr311-api-1.1.1.jar:/home/user/.m2/repository/com/sun/jersey/jersey-server/1.19/jersey-server-1.19.jar:/home/user/.m2/repository/javax/servlet/javax.servlet-api/3.1.0/javax.servlet-api-3.1.0.jar:/home/user/.m2/repository/org/eclipse/jetty/jetty-server/9.3.25.v20180904/jetty-server-9.3.25.v20180904.jar:/home/user/.m2/repository/org/eclipse/jetty/jetty-http/9.3.25.v20180904/jetty-http-9.3.25.v20180904.jar:/home/user/.m2/repository/org/eclipse/jetty/jetty-io/9.3.25.v20180904/jetty-io-9.3.25.v20180904.jar:/home/user/.m2/repository/org/eclipse/jetty/jetty-webapp/9.3.25.v20180904/jetty-webapp-9.3.25.v20180904.jar:/home/user/.m2/repository/org/eclipse/jetty/jetty-xml/9.3.25.v20180904/jetty-xml-9.3.25.v20180904.jar:/home/user/.m2/repository/log4j/log4j/1.2.17/log4j-1.2.17.jar:/home/user/.m2/repository/org/slf4j/slf4j-api/1.7.25/slf4j-api-1.7.25.jar:/home/user/.m2/repository/org/slf4j/jul-to-slf4j/1.7.25/jul-to-slf4j-1.7.25.jar:/home/user/.m2/repository/org/eclipse/jetty/jetty-util/9.3.25.v20180904/jetty-util-9.3.25.v20180904.jar:/home/user/.m2/repository/com/fasterxml/jackson/core/jackson-databind/2.9.9/jackson-databind-2.9.9.jar:/home/user/.m2/repository/org/apache/hadoop/hadoop-kms/3.2.0/hadoop-kms-3.2.0-tests.jar:/home/user/.m2/repository/org/apache/hadoop/hadoop-hdds-server-scm/0.5.0-SNAPSHOT/hadoop-hdds-server-scm-0.5.0-SNAPSHOT-tests.jar:/home/user/.m2/repository/org/apache/hadoop/hadoop-hdds-container-service/0.5.0-SNAPSHOT/hadoop-hdds-container-service-0.5.0-SNAPSHOT-tests.jar:/home/user/.m2/repository/org/yaml/snakeyaml/1.16/snakeyaml-1.16.jar:/home/user/.m2/repository/org/apache/hadoop/hadoop-common/3.2.0/hadoop-common-3.2.0-tests.jar:/home/user/.m2/repository/org/apache/hadoop/hadoop-annotations/3.2.0/hadoop-annotations-3.2.0.jar:/usr/lib/jvm/java-1.8.0-openjdk-1.8.0.222.b10-1.el7_7.x86_64/jre/../lib/tools.jar:/home/user/.m2/repository/commons-cli/commons-cli/1.2/commons-cli-1.2.jar:/home/user/.m2/repository/org/apache/httpcomponents/httpclient/4.5.2/httpclient-4.5.2.jar:/home/user/.m2/repository/org/apache/httpcomponents/httpcore/4.4.4/httpcore-4.4.4.jar:/home/user/.m2/repository/commons-codec/commons-codec/1.11/commons-codec-1.11.jar:/home/user/.m2/repository/commons-net/commons-net/3.6/commons-net-3.6.jar:/home/user/.m2/repository/commons-collections/commons-collections/3.2.2/commons-collections-3.2.2.jar:/home/user/.m2/repository/org/eclipse/jetty/jetty-servlet/9.3.25.v20180904/jetty-servlet-9.3.25.v20180904.jar:/home/user/.m2/repository/org/eclipse/jetty/jetty-security/9.3.25.v20180904/jetty-security-9.3.25.v20180904.jar:/home/user/.m2/repository/javax/servlet/jsp/jsp-api/2.1/jsp-api-2.1.jar:/home/user/.m2/repository/com/sun/jersey/jersey-servlet/1.19/jersey-servlet-1.19.jar:/home/user/.m2/repository/com/sun/jersey/jersey-json/1.19/jersey-json-1.19.jar:/home/user/.m2/repository/org/codehaus/jettison/jettison/1.1/jettison-1.1.jar:/home/user/.m2/repository/org/codehaus/jackson/jackson-core-asl/1.9.13/jackson-core-asl-1.9.13.jar:/home/user/.m2/repository/org/codehaus/jackson/jackson-mapper-asl/1.9.13/jackson-mapper-asl-1.9.13.jar:/home/user/.m2/repository/org/codehaus/jackson/jackson-jaxrs/1.9.13/jackson-jaxrs-1.9.13.jar:/home/user/.m2/repository/org/codehaus/jackson/jackson-xc/1.9.13/jackson-xc-1.9.13.jar:/home/user/.m2/repository/commons-logging/commons-logging/1.1.3/commons-logging-1.1.3.jar:/home/user/.m2/repository/commons-beanutils/commons-beanutils/1.9.4/commons-beanutils-1.9.4.jar:/home/user/.m2/repository/org/apache/commons/commons-configuration2/2.1.1/commons-configuration2-2.1.1.jar:/home/user/.m2/repository/org/apache/commons/commons-lang3/3.7/commons-lang3-3.7.jar:/home/user/.m2/repository/org/apache/commons/commons-text/1.4/commons-text-1.4.jar:/home/user/.m2/repository/org/apache/avro/avro/1.7.7/avro-1.7.7.jar:/home/user/.m2/repository/com/thoughtworks/paranamer/paranamer/2.3/paranamer-2.3.jar:/home/user/.m2/repository/org/xerial/snappy/snappy-java/1.0.5/snappy-java-1.0.5.jar:/home/user/.m2/repository/com/google/re2j/re2j/1.1/re2j-1.1.jar:/home/user/.m2/repository/com/google/code/gson/gson/2.2.4/gson-2.2.4.jar:/home/user/.m2/repository/com/jcraft/jsch/0.1.54/jsch-0.1.54.jar:/home/user/.m2/repository/org/apache/curator/curator-client/2.12.0/curator-client-2.12.0.jar:/home/user/.m2/repository/org/apache/curator/curator-recipes/2.12.0/curator-recipes-2.12.0.jar:/home/user/.m2/repository/com/google/code/findbugs/jsr305/3.0.0/jsr305-3.0.0.jar:/home/user/.m2/repository/org/apache/htrace/htrace-core4/4.1.0-incubating/htrace-core4-4.1.0-incubating.jar:/home/user/.m2/repository/org/apache/zookeeper/zookeeper/3.4.13/zookeeper-3.4.13.jar:/home/user/.m2/repository/jline/jline/0.9.94/jline-0.9.94.jar:/home/user/.m2/repository/org/apache/yetus/audience-annotations/0.5.0/audience-annotations-0.5.0.jar:/home/user/.m2/repository/org/codehaus/woodstox/stax2-api/3.1.4/stax2-api-3.1.4.jar:/home/user/.m2/repository/com/fasterxml/woodstox/woodstox-core/5.0.3/woodstox-core-5.0.3.jar:/home/user/.m2/repository/dnsjava/dnsjava/2.1.7/dnsjava-2.1.7.jar:/home/user/.m2/repository/org/apache/hadoop/hadoop-hdfs/3.2.0/hadoop-hdfs-3.2.0-tests.jar:/home/user/.m2/repository/org/eclipse/jetty/jetty-util-ajax/9.3.25.v20180904/jetty-util-ajax-9.3.25.v20180904.jar:/home/user/.m2/repository/commons-daemon/commons-daemon/1.0.13/commons-daemon-1.0.13.jar:/home/user/.m2/repository/io/netty/netty/3.10.5.Final/netty-3.10.5.Final.jar:/home/user/.m2/repository/io/netty/netty-all/4.0.52.Final/netty-all-4.0.52.Final.jar:/home/user/.m2/repository/org/fusesource/leveldbjni/leveldbjni-all/1.8/leveldbjni-all-1.8.jar:"/>
    <property name="sun.cpu.endian" value="little"/>
    <property name="user.home" value="/home/user"/>
    <property name="user.language" value="en"/>
    <property name="java.specification.vendor" value="Oracle Corporation"/>
    <property name="java.home" value="/usr/lib/jvm/java-1.8.0-openjdk-1.8.0.222.b10-1.el7_7.x86_64/jre"/>
    <property name="surefire.excludesFile" value="/tools/ozone-bad-unit-tests"/>
    <property name="java.security.krb5.conf" value="/workdir/hadoop-ozone/integration-test/target/test-classes/krb5.conf"/>
    <property name="basedir" value="/workdir/hadoop-ozone/integration-test"/>
    <property name="file.separator" value="/"/>
    <property name="line.separator" value="&#10;"/>
    <property name="java.vm.specification.vendor" value="Oracle Corporation"/>
    <property name="java.specification.name" value="Java Platform API Specification"/>
    <property name="java.awt.graphicsenv" value="sun.awt.X11GraphicsEnvironment"/>
    <property name="surefire.real.class.path" value="/workdir/hadoop-ozone/integration-test/target/surefire/surefirebooter6219864899754307102.jar"/>
    <property name="hadoop.log.dir" value="/workdir/hadoop-ozone/integration-test/target/log"/>
    <property name="sun.boot.class.path" value="/usr/lib/jvm/java-1.8.0-openjdk-1.8.0.222.b10-1.el7_7.x86_64/jre/lib/resources.jar:/usr/lib/jvm/java-1.8.0-openjdk-1.8.0.222.b10-1.el7_7.x86_64/jre/lib/rt.jar:/usr/lib/jvm/java-1.8.0-openjdk-1.8.0.222.b10-1.el7_7.x86_64/jre/lib/sunrsasign.jar:/usr/lib/jvm/java-1.8.0-openjdk-1.8.0.222.b10-1.el7_7.x86_64/jre/lib/jsse.jar:/usr/lib/jvm/java-1.8.0-openjdk-1.8.0.222.b10-1.el7_7.x86_64/jre/lib/jce.jar:/usr/lib/jvm/java-1.8.0-openjdk-1.8.0.222.b10-1.el7_7.x86_64/jre/lib/charsets.jar:/usr/lib/jvm/java-1.8.0-openjdk-1.8.0.222.b10-1.el7_7.x86_64/jre/lib/jfr.jar:/usr/lib/jvm/java-1.8.0-openjdk-1.8.0.222.b10-1.el7_7.x86_64/jre/classes"/>
    <property name="sun.management.compiler" value="HotSpot 64-Bit Tiered Compilers"/>
    <property name="java.runtime.version" value="1.8.0_222-b10"/>
    <property name="java.net.preferIPv4Stack" value="true"/>
    <property name="user.name" value="jenkins1000"/>
    <property name="path.separator" value=":"/>
    <property name="java.security.egd" value="file:///dev/urandom"/>
    <property name="os.version" value="3.10.0-957.12.2.el7.x86_64"/>
    <property name="java.endorsed.dirs" value="/usr/lib/jvm/java-1.8.0-openjdk-1.8.0.222.b10-1.el7_7.x86_64/jre/lib/endorsed"/>
    <property name="java.runtime.name" value="OpenJDK Runtime Environment"/>
    <property name="file.encoding" value="ANSI_X3.4-1968"/>
    <property name="java.vm.name" value="OpenJDK 64-Bit Server VM"/>
    <property name="test.build.webapps" value=""/>
    <property name="localRepository" value="/home/user/.m2/repository"/>
    <property name="java.vendor.url.bug" value="http://bugreport.sun.com/bugreport/"/>
    <property name="java.io.tmpdir" value="/tmp"/>
    <property name="require.test.libhadoop" value=""/>
    <property name="java.version" value="1.8.0_222"/>
    <property name="user.dir" value="/workdir/hadoop-ozone/integration-test"/>
    <property name="os.arch" value="amd64"/>
    <property name="java.vm.specification.name" value="Java Virtual Machine Specification"/>
    <property name="test.build.classes" value="/workdir/hadoop-ozone/integration-test/target/test-classes"/>
    <property name="java.awt.printerjob" value="sun.print.PSPrinterJob"/>
    <property name="sun.os.patch.level" value="unknown"/>
    <property name="hadoop.tmp.dir" value="/workdir/hadoop-ozone/integration-test/target/tmp"/>
    <property name="java.library.path" value="/usr/lib:/workdir/hadoop-ozone/integration-test/target/native/target/usr/local/lib:/workdir/hadoop-ozone/integration-test/../../hadoop-common-project/hadoop-common/target/native/target/usr/local/lib:/usr/java/packages/lib/amd64:/usr/lib64:/lib64:/lib:/usr/lib"/>
    <property name="java.vm.info" value="mixed mode"/>
    <property name="java.vendor" value="Oracle Corporation"/>
    <property name="java.vm.version" value="25.222-b10"/>
    <property name="java.ext.dirs" value="/usr/lib/jvm/java-1.8.0-openjdk-1.8.0.222.b10-1.el7_7.x86_64/jre/lib/ext:/usr/java/packages/lib/ext"/>
    <property name="sun.io.unicode.encoding" value="UnicodeLittle"/>
    <property name="java.class.version" value="52.0"/>
  </properties>
  <testcase name="testMultiBlockWritesWithIntermittentDnFailures" classname="org.apache.hadoop.ozone.client.rpc.TestMultiBlockWritesWithDnFailures" time="49.203">
    <failure message="expected:&lt;6&gt; but was:&lt;4&gt;" type="java.lang.AssertionError"><![CDATA[java.lang.AssertionError: expected:<6> but was:<4>
	at org.junit.Assert.fail(Assert.java:88)
	at org.junit.Assert.failNotEquals(Assert.java:743)
	at org.junit.Assert.assertEquals(Assert.java:118)
	at org.junit.Assert.assertEquals(Assert.java:555)
	at org.junit.Assert.assertEquals(Assert.java:542)
	at org.apache.hadoop.ozone.client.rpc.TestMultiBlockWritesWithDnFailures.testMultiBlockWritesWithIntermittentDnFailures(TestMultiBlockWritesWithDnFailures.java:176)
	at sun.reflect.NativeMethodAccessorImpl.invoke0(Native Method)
	at sun.reflect.NativeMethodAccessorImpl.invoke(NativeMethodAccessorImpl.java:62)
	at sun.reflect.DelegatingMethodAccessorImpl.invoke(DelegatingMethodAccessorImpl.java:43)
	at java.lang.reflect.Method.invoke(Method.java:498)
	at org.junit.runners.model.FrameworkMethod$1.runReflectiveCall(FrameworkMethod.java:47)
	at org.junit.internal.runners.model.ReflectiveCallable.run(ReflectiveCallable.java:12)
	at org.junit.runners.model.FrameworkMethod.invokeExplosively(FrameworkMethod.java:44)
	at org.junit.internal.runners.statements.InvokeMethod.evaluate(InvokeMethod.java:17)
	at org.junit.internal.runners.statements.RunAfters.evaluate(RunAfters.java:27)
	at org.junit.runners.ParentRunner.runLeaf(ParentRunner.java:271)
	at org.junit.runners.BlockJUnit4ClassRunner.runChild(BlockJUnit4ClassRunner.java:70)
	at org.junit.runners.BlockJUnit4ClassRunner.runChild(BlockJUnit4ClassRunner.java:50)
	at org.junit.runners.ParentRunner$3.run(ParentRunner.java:238)
	at org.junit.runners.ParentRunner$1.schedule(ParentRunner.java:63)
	at org.junit.runners.ParentRunner.runChildren(ParentRunner.java:236)
	at org.junit.runners.ParentRunner.access$000(ParentRunner.java:53)
	at org.junit.runners.ParentRunner$2.evaluate(ParentRunner.java:229)
	at org.junit.runners.ParentRunner.run(ParentRunner.java:309)
	at org.apache.maven.surefire.junit4.JUnit4Provider.execute(JUnit4Provider.java:365)
	at org.apache.maven.surefire.junit4.JUnit4Provider.executeWithRerun(JUnit4Provider.java:273)
	at org.apache.maven.surefire.junit4.JUnit4Provider.executeTestSet(JUnit4Provider.java:238)
	at org.apache.maven.surefire.junit4.JUnit4Provider.invoke(JUnit4Provider.java:159)
	at org.apache.maven.surefire.booter.ForkedBooter.invokeProviderInSameClassLoader(ForkedBooter.java:384)
	at org.apache.maven.surefire.booter.ForkedBooter.runSuitesInProcess(ForkedBooter.java:345)
	at org.apache.maven.surefire.booter.ForkedBooter.execute(ForkedBooter.java:126)
	at org.apache.maven.surefire.booter.ForkedBooter.main(ForkedBooter.java:418)
]]></failure>
    <system-out><![CDATA[2019-10-17 07:10:11,553 [main] WARN  server.ServerUtils (ServerUtils.java:getScmDbDir(145)) - ozone.scm.db.dirs is not configured. We recommend adding this setting. Falling back to ozone.metadata.dirs instead.
2019-10-17 07:10:11,671 [main] WARN  server.ServerUtils (ServerUtils.java:getScmDbDir(145)) - ozone.scm.db.dirs is not configured. We recommend adding this setting. Falling back to ozone.metadata.dirs instead.
2019-10-17 07:10:11,675 [main] WARN  server.ServerUtils (ServerUtils.java:getScmDbDir(145)) - ozone.scm.db.dirs is not configured. We recommend adding this setting. Falling back to ozone.metadata.dirs instead.
2019-10-17 07:10:11,702 [main] INFO  util.log (Log.java:initialized(192)) - Logging initialized @899ms
2019-10-17 07:10:11,802 [main] INFO  db.DBStoreBuilder (DBStoreBuilder.java:addTable(117)) - using custom profile for table: deletedBlocks
2019-10-17 07:10:11,802 [main] INFO  db.DBStoreBuilder (DBStoreBuilder.java:processTables(168)) - Using default column profile:DBProfile.DISK for Table:deletedBlocks
2019-10-17 07:10:11,802 [main] INFO  db.DBStoreBuilder (DBStoreBuilder.java:addTable(117)) - using custom profile for table: validCerts
2019-10-17 07:10:11,803 [main] INFO  db.DBStoreBuilder (DBStoreBuilder.java:processTables(168)) - Using default column profile:DBProfile.DISK for Table:validCerts
2019-10-17 07:10:11,803 [main] INFO  db.DBStoreBuilder (DBStoreBuilder.java:addTable(117)) - using custom profile for table: revokedCerts
2019-10-17 07:10:11,803 [main] INFO  db.DBStoreBuilder (DBStoreBuilder.java:processTables(168)) - Using default column profile:DBProfile.DISK for Table:revokedCerts
2019-10-17 07:10:11,815 [main] INFO  db.DBStoreBuilder (DBStoreBuilder.java:addTable(117)) - using custom profile for table: default
2019-10-17 07:10:11,816 [main] INFO  db.DBStoreBuilder (DBStoreBuilder.java:processTables(174)) - Using default column profile:DBProfile.DISK for Table:default
2019-10-17 07:10:11,817 [main] INFO  db.DBStoreBuilder (DBStoreBuilder.java:getDbProfile(205)) - Using default options. DBProfile.DISK
2019-10-17 07:10:12,154 [main] INFO  net.NodeSchemaLoader (NodeSchemaLoader.java:loadSchemaFromFile(125)) - Loading file from sun.misc.CompoundEnumeration@6b2ea799
2019-10-17 07:10:12,156 [main] INFO  net.NodeSchemaLoader (NodeSchemaLoader.java:loadSchema(171)) - Loading network topology layer schema file
2019-10-17 07:10:12,217 [main] INFO  node.SCMNodeManager (SCMNodeManager.java:<init>(116)) - Entering startup safe mode.
2019-10-17 07:10:12,282 [main] INFO  algorithms.ContainerPlacementPolicyFactory (ContainerPlacementPolicyFactory.java:getPolicy(57)) - Create container placement policy of type org.apache.hadoop.hdds.scm.container.placement.algorithms.SCMContainerPlacementRandom
2019-10-17 07:10:12,296 [main] WARN  server.ServerUtils (ServerUtils.java:getScmDbDir(145)) - ozone.scm.db.dirs is not configured. We recommend adding this setting. Falling back to ozone.metadata.dirs instead.
2019-10-17 07:10:12,352 [main] INFO  pipeline.SCMPipelineManager (SCMPipelineManager.java:initializePipelineState(132)) - No pipeline exists in current db
2019-10-17 07:10:12,356 [main] WARN  server.ServerUtils (ServerUtils.java:getScmDbDir(145)) - ozone.scm.db.dirs is not configured. We recommend adding this setting. Falling back to ozone.metadata.dirs instead.
2019-10-17 07:10:12,464 [main] WARN  events.EventQueue (EventQueue.java:fireEvent(183)) - No event handler registered for event TypedEvent{payloadType=SafeModeStatus, name='SafeModeStatus'}
2019-10-17 07:10:12,826 [main] INFO  ipc.CallQueueManager (CallQueueManager.java:<init>(84)) - Using callQueue: class java.util.concurrent.LinkedBlockingQueue, queueCapacity: 2000, scheduler: class org.apache.hadoop.ipc.DefaultRpcScheduler, ipcBackoff: false.
2019-10-17 07:10:12,850 [Socket Reader #1 for port 35102] INFO  ipc.Server (Server.java:run(1074)) - Starting Socket Reader #1 for port 35102
2019-10-17 07:10:12,994 [main] INFO  ipc.CallQueueManager (CallQueueManager.java:<init>(84)) - Using callQueue: class java.util.concurrent.LinkedBlockingQueue, queueCapacity: 2000, scheduler: class org.apache.hadoop.ipc.DefaultRpcScheduler, ipcBackoff: false.
2019-10-17 07:10:12,995 [Socket Reader #1 for port 42881] INFO  ipc.Server (Server.java:run(1074)) - Starting Socket Reader #1 for port 42881
2019-10-17 07:10:13,006 [main] INFO  ipc.CallQueueManager (CallQueueManager.java:<init>(84)) - Using callQueue: class java.util.concurrent.LinkedBlockingQueue, queueCapacity: 2000, scheduler: class org.apache.hadoop.ipc.DefaultRpcScheduler, ipcBackoff: false.
2019-10-17 07:10:13,007 [Socket Reader #1 for port 43953] INFO  ipc.Server (Server.java:run(1074)) - Starting Socket Reader #1 for port 43953
2019-10-17 07:10:13,032 [main] INFO  hdfs.DFSUtil (DFSUtil.java:httpServerTemplateForNNAndJN(1641)) - Starting Web-server for scm at: http://0.0.0.0:0
2019-10-17 07:10:13,187 [main] INFO  server.AuthenticationFilter (AuthenticationFilter.java:constructSecretProvider(240)) - Unable to initialize FileSignerSecretProvider, falling back to use random secrets.
2019-10-17 07:10:13,195 [main] WARN  http.HttpRequestLog (HttpRequestLog.java:getRequestLog(97)) - Jetty request log can only be enabled using Log4j
2019-10-17 07:10:13,203 [main] INFO  http.HttpServer2 (HttpServer2.java:addGlobalFilter(975)) - Added global filter 'safety' (class=org.apache.hadoop.http.HttpServer2$QuotingInputFilter)
2019-10-17 07:10:13,206 [main] INFO  http.HttpServer2 (HttpServer2.java:addFilter(948)) - Added filter static_user_filter (class=org.apache.hadoop.http.lib.StaticUserWebFilter$StaticUserFilter) to context scm
2019-10-17 07:10:13,206 [main] INFO  http.HttpServer2 (HttpServer2.java:addFilter(958)) - Added filter static_user_filter (class=org.apache.hadoop.http.lib.StaticUserWebFilter$StaticUserFilter) to context logs
2019-10-17 07:10:13,206 [main] INFO  http.HttpServer2 (HttpServer2.java:addFilter(958)) - Added filter static_user_filter (class=org.apache.hadoop.http.lib.StaticUserWebFilter$StaticUserFilter) to context static
2019-10-17 07:10:13,240 [main] INFO  server.StorageContainerManager (StorageContainerManager.java:start(772)) - StorageContainerLocationProtocol RPC server is listening at /0.0.0.0:43953
2019-10-17 07:10:13,313 [main] WARN  impl.MetricsConfig (MetricsConfig.java:loadFirst(134)) - Cannot locate configuration: tried hadoop-metrics2-storagecontainermanager.properties,hadoop-metrics2.properties
2019-10-17 07:10:13,328 [main] INFO  impl.MetricsSystemImpl (MetricsSystemImpl.java:startTimer(374)) - Scheduled Metric snapshot period at 10 second(s).
2019-10-17 07:10:13,328 [main] INFO  impl.MetricsSystemImpl (MetricsSystemImpl.java:start(191)) - StorageContainerManager metrics system started
2019-10-17 07:10:13,564 [main] INFO  server.SCMClientProtocolServer (SCMClientProtocolServer.java:start(159)) - RPC server for Client  is listening at /0.0.0.0:43953
2019-10-17 07:10:13,564 [IPC Server Responder] INFO  ipc.Server (Server.java:run(1314)) - IPC Server Responder: starting
2019-10-17 07:10:13,565 [IPC Server listener on 43953] INFO  ipc.Server (Server.java:run(1153)) - IPC Server listener on 43953: starting
2019-10-17 07:10:13,568 [main] INFO  server.StorageContainerManager (StorageContainerManager.java:start(782)) - ScmBlockLocationProtocol RPC server is listening at /0.0.0.0:42881
2019-10-17 07:10:13,568 [main] INFO  server.SCMBlockProtocolServer (SCMBlockProtocolServer.java:start(146)) - RPC server for Block Protocol is listening at /0.0.0.0:42881
2019-10-17 07:10:13,569 [IPC Server Responder] INFO  ipc.Server (Server.java:run(1314)) - IPC Server Responder: starting
2019-10-17 07:10:13,569 [IPC Server listener on 42881] INFO  ipc.Server (Server.java:run(1153)) - IPC Server listener on 42881: starting
2019-10-17 07:10:13,572 [main] INFO  server.StorageContainerManager (StorageContainerManager.java:start(786)) - ScmDatanodeProtocl RPC server is listening at /0.0.0.0:35102
2019-10-17 07:10:13,572 [main] INFO  server.SCMDatanodeProtocolServer (SCMDatanodeProtocolServer.java:start(169)) - RPC server for DataNodes is listening at /0.0.0.0:35102
2019-10-17 07:10:13,573 [IPC Server listener on 35102] INFO  ipc.Server (Server.java:run(1153)) - IPC Server listener on 35102: starting
2019-10-17 07:10:13,573 [IPC Server Responder] INFO  ipc.Server (Server.java:run(1314)) - IPC Server Responder: starting
2019-10-17 07:10:13,577 [main] INFO  http.HttpServer2 (HttpServer2.java:bindListener(1191)) - Jetty bound to port 37090
2019-10-17 07:10:13,579 [main] INFO  server.Server (Server.java:doStart(351)) - jetty-9.3.25.v20180904, build timestamp: 2018-09-04T21:11:46Z, git hash: 3ce520221d0240229c862b122d2b06c12a625732
2019-10-17 07:10:13,617 [main] INFO  handler.ContextHandler (ContextHandler.java:doStart(781)) - Started o.e.j.s.ServletContextHandler@340da44c{/logs,file:///workdir/hadoop-ozone/integration-test/target/log,AVAILABLE}
2019-10-17 07:10:13,618 [main] INFO  handler.ContextHandler (ContextHandler.java:doStart(781)) - Started o.e.j.s.ServletContextHandler@37052337{/static,file:///workdir/hadoop-ozone/integration-test/target/test-classes/webapps/static,AVAILABLE}
2019-10-17 07:10:13,650 [main] INFO  handler.ContextHandler (ContextHandler.java:doStart(781)) - Started o.e.j.w.WebAppContext@3b366632{/,file:///workdir/hadoop-ozone/integration-test/target/test-classes/webapps/scm/,AVAILABLE}{/scm}
2019-10-17 07:10:13,656 [main] INFO  server.AbstractConnector (AbstractConnector.java:doStart(278)) - Started ServerConnector@6815c5f2{HTTP/1.1,[http/1.1]}{0.0.0.0:37090}
2019-10-17 07:10:13,656 [main] INFO  server.Server (Server.java:doStart(419)) - Started @2853ms
2019-10-17 07:10:13,659 [main] INFO  impl.MetricsSinkAdapter (MetricsSinkAdapter.java:start(204)) - Sink prometheus started
2019-10-17 07:10:13,659 [main] INFO  impl.MetricsSystemImpl (MetricsSystemImpl.java:registerSink(301)) - Registered sink prometheus
2019-10-17 07:10:13,660 [main] INFO  server.BaseHttpServer (BaseHttpServer.java:updateConnectorAddress(215)) - HTTP server of SCM is listening at http://0.0.0.0:37090
2019-10-17 07:10:13,667 [org.apache.hadoop.util.JvmPauseMonitor$Monitor@4263b080] INFO  util.JvmPauseMonitor (JvmPauseMonitor.java:run(188)) - Starting JVM pause monitor
2019-10-17 07:10:13,671 [main] WARN  server.ServerUtils (ServerUtils.java:getDBPath(222)) - ozone.om.db.dirs is not configured. We recommend adding this setting. Falling back to ozone.metadata.dirs instead.
2019-10-17 07:10:13,782 [main] INFO  ha.OMHANodeDetails (OMHANodeDetails.java:loadOMHAConfig(190)) - Configuration either no ozone.om.address set. Falling back to the default OM address /127.0.0.1:0
2019-10-17 07:10:13,782 [main] INFO  ha.OMHANodeDetails (OMHANodeDetails.java:getOMNodeDetails(220)) - OM Service ID is not set. Setting it to the default ID: omServiceIdDefault
2019-10-17 07:10:13,784 [main] WARN  server.ServerUtils (ServerUtils.java:getDBPath(222)) - ozone.om.db.dirs is not configured. We recommend adding this setting. Falling back to ozone.metadata.dirs instead.
2019-10-17 07:10:13,785 [main] WARN  server.ServerUtils (ServerUtils.java:getDBPath(222)) - ozone.om.db.dirs is not configured. We recommend adding this setting. Falling back to ozone.metadata.dirs instead.
2019-10-17 07:10:14,436 [main] WARN  server.ServerUtils (ServerUtils.java:getDBPath(222)) - ozone.om.db.dirs is not configured. We recommend adding this setting. Falling back to ozone.metadata.dirs instead.
2019-10-17 07:10:14,450 [main] INFO  db.DBStoreBuilder (DBStoreBuilder.java:addTable(117)) - using custom profile for table: userTable
2019-10-17 07:10:14,450 [main] INFO  db.DBStoreBuilder (DBStoreBuilder.java:processTables(168)) - Using default column profile:DBProfile.DISK for Table:userTable
2019-10-17 07:10:14,451 [main] INFO  db.DBStoreBuilder (DBStoreBuilder.java:addTable(117)) - using custom profile for table: volumeTable
2019-10-17 07:10:14,451 [main] INFO  db.DBStoreBuilder (DBStoreBuilder.java:processTables(168)) - Using default column profile:DBProfile.DISK for Table:volumeTable
2019-10-17 07:10:14,452 [main] INFO  db.DBStoreBuilder (DBStoreBuilder.java:addTable(117)) - using custom profile for table: bucketTable
2019-10-17 07:10:14,452 [main] INFO  db.DBStoreBuilder (DBStoreBuilder.java:processTables(168)) - Using default column profile:DBProfile.DISK for Table:bucketTable
2019-10-17 07:10:14,453 [main] INFO  db.DBStoreBuilder (DBStoreBuilder.java:addTable(117)) - using custom profile for table: keyTable
2019-10-17 07:10:14,453 [main] INFO  db.DBStoreBuilder (DBStoreBuilder.java:processTables(168)) - Using default column profile:DBProfile.DISK for Table:keyTable
2019-10-17 07:10:14,454 [main] INFO  db.DBStoreBuilder (DBStoreBuilder.java:addTable(117)) - using custom profile for table: deletedTable
2019-10-17 07:10:14,454 [main] INFO  db.DBStoreBuilder (DBStoreBuilder.java:processTables(168)) - Using default column profile:DBProfile.DISK for Table:deletedTable
2019-10-17 07:10:14,454 [main] INFO  db.DBStoreBuilder (DBStoreBuilder.java:addTable(117)) - using custom profile for table: openKeyTable
2019-10-17 07:10:14,455 [main] INFO  db.DBStoreBuilder (DBStoreBuilder.java:processTables(168)) - Using default column profile:DBProfile.DISK for Table:openKeyTable
2019-10-17 07:10:14,455 [main] INFO  db.DBStoreBuilder (DBStoreBuilder.java:addTable(117)) - using custom profile for table: s3Table
2019-10-17 07:10:14,456 [main] INFO  db.DBStoreBuilder (DBStoreBuilder.java:processTables(168)) - Using default column profile:DBProfile.DISK for Table:s3Table
2019-10-17 07:10:14,456 [main] INFO  db.DBStoreBuilder (DBStoreBuilder.java:addTable(117)) - using custom profile for table: multipartInfoTable
2019-10-17 07:10:14,456 [main] INFO  db.DBStoreBuilder (DBStoreBuilder.java:processTables(168)) - Using default column profile:DBProfile.DISK for Table:multipartInfoTable
2019-10-17 07:10:14,457 [main] INFO  db.DBStoreBuilder (DBStoreBuilder.java:addTable(117)) - using custom profile for table: dTokenTable
2019-10-17 07:10:14,457 [main] INFO  db.DBStoreBuilder (DBStoreBuilder.java:processTables(168)) - Using default column profile:DBProfile.DISK for Table:dTokenTable
2019-10-17 07:10:14,458 [main] INFO  db.DBStoreBuilder (DBStoreBuilder.java:addTable(117)) - using custom profile for table: s3SecretTable
2019-10-17 07:10:14,458 [main] INFO  db.DBStoreBuilder (DBStoreBuilder.java:processTables(168)) - Using default column profile:DBProfile.DISK for Table:s3SecretTable
2019-10-17 07:10:14,459 [main] INFO  db.DBStoreBuilder (DBStoreBuilder.java:addTable(117)) - using custom profile for table: prefixTable
2019-10-17 07:10:14,459 [main] INFO  db.DBStoreBuilder (DBStoreBuilder.java:processTables(168)) - Using default column profile:DBProfile.DISK for Table:prefixTable
2019-10-17 07:10:14,460 [main] INFO  db.DBStoreBuilder (DBStoreBuilder.java:addTable(117)) - using custom profile for table: default
2019-10-17 07:10:14,460 [main] INFO  db.DBStoreBuilder (DBStoreBuilder.java:processTables(174)) - Using default column profile:DBProfile.DISK for Table:default
2019-10-17 07:10:14,460 [main] INFO  db.DBStoreBuilder (DBStoreBuilder.java:getDbProfile(205)) - Using default options. DBProfile.DISK
2019-10-17 07:10:14,895 [main] INFO  ipc.CallQueueManager (CallQueueManager.java:<init>(84)) - Using callQueue: class java.util.concurrent.LinkedBlockingQueue, queueCapacity: 2000, scheduler: class org.apache.hadoop.ipc.DefaultRpcScheduler, ipcBackoff: false.
2019-10-17 07:10:14,897 [Socket Reader #1 for port 45572] INFO  ipc.Server (Server.java:run(1074)) - Starting Socket Reader #1 for port 45572
2019-10-17 07:10:14,923 [main] INFO  om.OzoneManager (OzoneManager.java:start(1071)) - OzoneManager RPC server is listening at localhost/127.0.0.1:45572
2019-10-17 07:10:14,924 [main] INFO  impl.MetricsSystemImpl (MetricsSystemImpl.java:init(158)) - OzoneManager metrics system started (again)
2019-10-17 07:10:14,933 [IPC Server Responder] INFO  ipc.Server (Server.java:run(1314)) - IPC Server Responder: starting
2019-10-17 07:10:14,933 [IPC Server listener on 45572] INFO  ipc.Server (Server.java:run(1153)) - IPC Server listener on 45572: starting
2019-10-17 07:10:14,940 [main] INFO  hdfs.DFSUtil (DFSUtil.java:httpServerTemplateForNNAndJN(1641)) - Starting Web-server for ozoneManager at: http://0.0.0.0:0
2019-10-17 07:10:14,942 [main] INFO  server.AuthenticationFilter (AuthenticationFilter.java:constructSecretProvider(240)) - Unable to initialize FileSignerSecretProvider, falling back to use random secrets.
2019-10-17 07:10:14,943 [main] WARN  http.HttpRequestLog (HttpRequestLog.java:getRequestLog(97)) - Jetty request log can only be enabled using Log4j
2019-10-17 07:10:14,947 [main] INFO  http.HttpServer2 (HttpServer2.java:addGlobalFilter(975)) - Added global filter 'safety' (class=org.apache.hadoop.http.HttpServer2$QuotingInputFilter)
2019-10-17 07:10:14,948 [main] INFO  http.HttpServer2 (HttpServer2.java:addFilter(948)) - Added filter static_user_filter (class=org.apache.hadoop.http.lib.StaticUserWebFilter$StaticUserFilter) to context ozoneManager
2019-10-17 07:10:14,949 [main] INFO  http.HttpServer2 (HttpServer2.java:addFilter(958)) - Added filter static_user_filter (class=org.apache.hadoop.http.lib.StaticUserWebFilter$StaticUserFilter) to context logs
2019-10-17 07:10:14,949 [main] INFO  http.HttpServer2 (HttpServer2.java:addFilter(958)) - Added filter static_user_filter (class=org.apache.hadoop.http.lib.StaticUserWebFilter$StaticUserFilter) to context static
2019-10-17 07:10:14,953 [main] INFO  http.HttpServer2 (HttpServer2.java:bindListener(1191)) - Jetty bound to port 43954
2019-10-17 07:10:14,953 [main] INFO  server.Server (Server.java:doStart(351)) - jetty-9.3.25.v20180904, build timestamp: 2018-09-04T21:11:46Z, git hash: 3ce520221d0240229c862b122d2b06c12a625732
2019-10-17 07:10:14,956 [main] INFO  handler.ContextHandler (ContextHandler.java:doStart(781)) - Started o.e.j.s.ServletContextHandler@6b63d445{/logs,file:///workdir/hadoop-ozone/integration-test/target/log,AVAILABLE}
2019-10-17 07:10:14,957 [main] INFO  handler.ContextHandler (ContextHandler.java:doStart(781)) - Started o.e.j.s.ServletContextHandler@30b2b76f{/static,file:///workdir/hadoop-ozone/integration-test/target/test-classes/webapps/static,AVAILABLE}
2019-10-17 07:10:14,984 [main] INFO  handler.ContextHandler (ContextHandler.java:doStart(781)) - Started o.e.j.w.WebAppContext@12db3386{/,file:///workdir/hadoop-ozone/integration-test/target/test-classes/webapps/ozoneManager/,AVAILABLE}{/ozoneManager}
2019-10-17 07:10:14,985 [main] INFO  server.AbstractConnector (AbstractConnector.java:doStart(278)) - Started ServerConnector@4078695f{HTTP/1.1,[http/1.1]}{0.0.0.0:43954}
2019-10-17 07:10:14,986 [main] INFO  server.Server (Server.java:doStart(419)) - Started @4183ms
2019-10-17 07:10:14,986 [main] WARN  impl.MetricsSystemImpl (MetricsSystemImpl.java:register(276)) - Sink prometheus already exists!
2019-10-17 07:10:14,988 [main] INFO  server.BaseHttpServer (BaseHttpServer.java:updateConnectorAddress(215)) - HTTP server of OZONEMANAGER is listening at http://0.0.0.0:43954
2019-10-17 07:10:15,353 [main] INFO  impl.MetricsSystemImpl (MetricsSystemImpl.java:init(158)) - HddsDatanode metrics system started (again)
2019-10-17 07:10:15,407 [main] INFO  ozone.HddsDatanodeService (HddsDatanodeService.java:start(184)) - HddsDatanodeService host:pr-hdds-2286-nkqct-1837310268 ip:192.168.157.211
2019-10-17 07:10:15,448 [main] INFO  volume.HddsVolume (HddsVolume.java:<init>(176)) - Creating Volume: /workdir/hadoop-ozone/integration-test/target/test-dir/MiniOzoneClusterImpl-ef926406-3935-4524-95f5-43adee877df5/datanode-0/data/containers/hdds of  storage type : DISK and capacity : 1482555576320
2019-10-17 07:10:15,450 [main] INFO  volume.VolumeSet (VolumeSet.java:initializeVolumeSet(170)) - Added Volume : /workdir/hadoop-ozone/integration-test/target/test-dir/MiniOzoneClusterImpl-ef926406-3935-4524-95f5-43adee877df5/datanode-0/data/containers/hdds to VolumeSet
2019-10-17 07:10:15,455 [main] INFO  volume.ThrottledAsyncChecker (ThrottledAsyncChecker.java:schedule(141)) - Scheduling a check for /workdir/hadoop-ozone/integration-test/target/test-dir/MiniOzoneClusterImpl-ef926406-3935-4524-95f5-43adee877df5/datanode-0/data/containers/hdds
2019-10-17 07:10:15,482 [main] INFO  volume.HddsVolumeChecker (HddsVolumeChecker.java:checkAllVolumes(204)) - Scheduled health check for volume /workdir/hadoop-ozone/integration-test/target/test-dir/MiniOzoneClusterImpl-ef926406-3935-4524-95f5-43adee877df5/datanode-0/data/containers/hdds
2019-10-17 07:10:15,627 [main] INFO  impl.RaftServerProxy (ConfUtils.java:logGet(43)) - raft.rpc.type = GRPC (default)
2019-10-17 07:10:15,693 [main] INFO  grpc.GrpcFactory (GrpcFactory.java:checkPooledByteBufAllocatorUseCacheForAllThreads(45)) - PERFORMANCE WARNING: useCacheForAllThreads is true that may cause Netty to create a lot garbage objects and, as a result, trigger GC.
	It is recommended to disable useCacheForAllThreads by setting -Dorg.apache.ratis.thirdparty.io.netty.allocator.useCacheForAllThreads=false in command line.
2019-10-17 07:10:15,697 [main] INFO  grpc.GrpcConfigKeys$Server (ConfUtils.java:logGet(43)) - raft.grpc.server.port = 0 (default)
2019-10-17 07:10:15,698 [main] INFO  server.GrpcService (ConfUtils.java:logGet(43)) - raft.grpc.message.size.max = 33570816 (custom)
2019-10-17 07:10:15,700 [main] INFO  server.RaftServerConfigKeys (ConfUtils.java:logGet(43)) - raft.server.log.appender.buffer.byte-limit = 33554432 (custom)
2019-10-17 07:10:15,701 [main] INFO  server.GrpcService (ConfUtils.java:logGet(43)) - raft.grpc.flow.control.window = 1MB (=1048576) (default)
2019-10-17 07:10:15,702 [main] INFO  server.RaftServerConfigKeys (ConfUtils.java:logGet(43)) - raft.server.rpc.request.timeout = 3000ms (default)
2019-10-17 07:10:15,858 [main] INFO  server.RaftServerConfigKeys (ConfUtils.java:logGet(43)) - raft.server.storage.dir = [/workdir/hadoop-ozone/integration-test/target/test-dir/MiniOzoneClusterImpl-ef926406-3935-4524-95f5-43adee877df5/datanode-0/data/ratis] (custom)
2019-10-17 07:10:15,933 [main] INFO  hdfs.DFSUtil (DFSUtil.java:httpServerTemplateForNNAndJN(1641)) - Starting Web-server for hddsDatanode at: http://0.0.0.0:0
2019-10-17 07:10:15,939 [main] INFO  server.AuthenticationFilter (AuthenticationFilter.java:constructSecretProvider(240)) - Unable to initialize FileSignerSecretProvider, falling back to use random secrets.
2019-10-17 07:10:15,941 [main] WARN  http.HttpRequestLog (HttpRequestLog.java:getRequestLog(97)) - Jetty request log can only be enabled using Log4j
2019-10-17 07:10:15,945 [main] INFO  http.HttpServer2 (HttpServer2.java:addGlobalFilter(975)) - Added global filter 'safety' (class=org.apache.hadoop.http.HttpServer2$QuotingInputFilter)
2019-10-17 07:10:15,947 [main] INFO  http.HttpServer2 (HttpServer2.java:addFilter(948)) - Added filter static_user_filter (class=org.apache.hadoop.http.lib.StaticUserWebFilter$StaticUserFilter) to context hddsDatanode
2019-10-17 07:10:15,947 [main] INFO  http.HttpServer2 (HttpServer2.java:addFilter(958)) - Added filter static_user_filter (class=org.apache.hadoop.http.lib.StaticUserWebFilter$StaticUserFilter) to context static
2019-10-17 07:10:15,947 [main] INFO  http.HttpServer2 (HttpServer2.java:addFilter(958)) - Added filter static_user_filter (class=org.apache.hadoop.http.lib.StaticUserWebFilter$StaticUserFilter) to context logs
2019-10-17 07:10:15,950 [main] INFO  http.HttpServer2 (HttpServer2.java:bindListener(1191)) - Jetty bound to port 35569
2019-10-17 07:10:15,950 [main] INFO  server.Server (Server.java:doStart(351)) - jetty-9.3.25.v20180904, build timestamp: 2018-09-04T21:11:46Z, git hash: 3ce520221d0240229c862b122d2b06c12a625732
2019-10-17 07:10:15,955 [main] INFO  handler.ContextHandler (ContextHandler.java:doStart(781)) - Started o.e.j.s.ServletContextHandler@644ded04{/logs,file:///workdir/hadoop-ozone/integration-test/target/log,AVAILABLE}
2019-10-17 07:10:15,956 [main] INFO  handler.ContextHandler (ContextHandler.java:doStart(781)) - Started o.e.j.s.ServletContextHandler@13d9261f{/static,jar:file:/home/user/.m2/repository/org/apache/hadoop/hadoop-hdds-container-service/0.5.0-SNAPSHOT/hadoop-hdds-container-service-0.5.0-SNAPSHOT.jar!/webapps/static,AVAILABLE}
2019-10-17 07:10:16,008 [main] INFO  handler.ContextHandler (ContextHandler.java:doStart(781)) - Started o.e.j.w.WebAppContext@61cd1c71{/,file:///tmp/jetty-0.0.0.0-35569-hddsDatanode-_-any-6752566113896386659.dir/webapp/,AVAILABLE}{/hddsDatanode}
2019-10-17 07:10:16,009 [main] INFO  server.AbstractConnector (AbstractConnector.java:doStart(278)) - Started ServerConnector@6724cdec{HTTP/1.1,[http/1.1]}{0.0.0.0:35569}
2019-10-17 07:10:16,011 [main] INFO  server.Server (Server.java:doStart(419)) - Started @5208ms
2019-10-17 07:10:16,012 [main] WARN  impl.MetricsSystemImpl (MetricsSystemImpl.java:register(276)) - Sink prometheus already exists!
2019-10-17 07:10:16,013 [main] INFO  server.BaseHttpServer (BaseHttpServer.java:updateConnectorAddress(215)) - HTTP server of HDDSDATANODE is listening at http://0.0.0.0:35569
2019-10-17 07:10:16,014 [main] INFO  impl.MetricsSystemImpl (MetricsSystemImpl.java:init(158)) - HddsDatanode metrics system started (again)
2019-10-17 07:10:16,019 [main] INFO  ozone.HddsDatanodeService (HddsDatanodeService.java:start(184)) - HddsDatanodeService host:pr-hdds-2286-nkqct-1837310268 ip:192.168.157.211
2019-10-17 07:10:16,024 [org.apache.hadoop.util.JvmPauseMonitor$Monitor@467c4029] INFO  util.JvmPauseMonitor (JvmPauseMonitor.java:run(188)) - Starting JVM pause monitor
2019-10-17 07:10:16,030 [main] INFO  volume.HddsVolume (HddsVolume.java:<init>(176)) - Creating Volume: /workdir/hadoop-ozone/integration-test/target/test-dir/MiniOzoneClusterImpl-ef926406-3935-4524-95f5-43adee877df5/datanode-1/data/containers/hdds of  storage type : DISK and capacity : 1482555576320
2019-10-17 07:10:16,031 [main] INFO  volume.VolumeSet (VolumeSet.java:initializeVolumeSet(170)) - Added Volume : /workdir/hadoop-ozone/integration-test/target/test-dir/MiniOzoneClusterImpl-ef926406-3935-4524-95f5-43adee877df5/datanode-1/data/containers/hdds to VolumeSet
2019-10-17 07:10:16,032 [main] INFO  volume.ThrottledAsyncChecker (ThrottledAsyncChecker.java:schedule(141)) - Scheduling a check for /workdir/hadoop-ozone/integration-test/target/test-dir/MiniOzoneClusterImpl-ef926406-3935-4524-95f5-43adee877df5/datanode-1/data/containers/hdds
2019-10-17 07:10:16,032 [main] INFO  volume.HddsVolumeChecker (HddsVolumeChecker.java:checkAllVolumes(204)) - Scheduled health check for volume /workdir/hadoop-ozone/integration-test/target/test-dir/MiniOzoneClusterImpl-ef926406-3935-4524-95f5-43adee877df5/datanode-1/data/containers/hdds
2019-10-17 07:10:16,053 [main] INFO  impl.RaftServerProxy (ConfUtils.java:logGet(43)) - raft.rpc.type = GRPC (default)
2019-10-17 07:10:16,054 [main] INFO  grpc.GrpcFactory (GrpcFactory.java:checkPooledByteBufAllocatorUseCacheForAllThreads(45)) - PERFORMANCE WARNING: useCacheForAllThreads is true that may cause Netty to create a lot garbage objects and, as a result, trigger GC.
	It is recommended to disable useCacheForAllThreads by setting -Dorg.apache.ratis.thirdparty.io.netty.allocator.useCacheForAllThreads=false in command line.
2019-10-17 07:10:16,054 [main] INFO  grpc.GrpcConfigKeys$Server (ConfUtils.java:logGet(43)) - raft.grpc.server.port = 0 (default)
2019-10-17 07:10:16,054 [main] INFO  server.GrpcService (ConfUtils.java:logGet(43)) - raft.grpc.message.size.max = 33570816 (custom)
2019-10-17 07:10:16,055 [main] INFO  server.RaftServerConfigKeys (ConfUtils.java:logGet(43)) - raft.server.log.appender.buffer.byte-limit = 33554432 (custom)
2019-10-17 07:10:16,055 [main] INFO  server.GrpcService (ConfUtils.java:logGet(43)) - raft.grpc.flow.control.window = 1MB (=1048576) (default)
2019-10-17 07:10:16,055 [main] INFO  server.RaftServerConfigKeys (ConfUtils.java:logGet(43)) - raft.server.rpc.request.timeout = 3000ms (default)
2019-10-17 07:10:16,056 [main] INFO  server.RaftServerConfigKeys (ConfUtils.java:logGet(43)) - raft.server.storage.dir = [/workdir/hadoop-ozone/integration-test/target/test-dir/MiniOzoneClusterImpl-ef926406-3935-4524-95f5-43adee877df5/datanode-1/data/ratis] (custom)
2019-10-17 07:10:16,058 [main] INFO  hdfs.DFSUtil (DFSUtil.java:httpServerTemplateForNNAndJN(1641)) - Starting Web-server for hddsDatanode at: http://0.0.0.0:0
2019-10-17 07:10:16,060 [main] INFO  server.AuthenticationFilter (AuthenticationFilter.java:constructSecretProvider(240)) - Unable to initialize FileSignerSecretProvider, falling back to use random secrets.
2019-10-17 07:10:16,060 [main] WARN  http.HttpRequestLog (HttpRequestLog.java:getRequestLog(97)) - Jetty request log can only be enabled using Log4j
2019-10-17 07:10:16,062 [main] INFO  http.HttpServer2 (HttpServer2.java:addGlobalFilter(975)) - Added global filter 'safety' (class=org.apache.hadoop.http.HttpServer2$QuotingInputFilter)
2019-10-17 07:10:16,062 [main] INFO  http.HttpServer2 (HttpServer2.java:addFilter(948)) - Added filter static_user_filter (class=org.apache.hadoop.http.lib.StaticUserWebFilter$StaticUserFilter) to context hddsDatanode
2019-10-17 07:10:16,063 [main] INFO  http.HttpServer2 (HttpServer2.java:addFilter(958)) - Added filter static_user_filter (class=org.apache.hadoop.http.lib.StaticUserWebFilter$StaticUserFilter) to context logs
2019-10-17 07:10:16,063 [main] INFO  http.HttpServer2 (HttpServer2.java:addFilter(958)) - Added filter static_user_filter (class=org.apache.hadoop.http.lib.StaticUserWebFilter$StaticUserFilter) to context static
2019-10-17 07:10:16,064 [main] INFO  http.HttpServer2 (HttpServer2.java:bindListener(1191)) - Jetty bound to port 32904
2019-10-17 07:10:16,064 [main] INFO  server.Server (Server.java:doStart(351)) - jetty-9.3.25.v20180904, build timestamp: 2018-09-04T21:11:46Z, git hash: 3ce520221d0240229c862b122d2b06c12a625732
2019-10-17 07:10:16,068 [main] INFO  handler.ContextHandler (ContextHandler.java:doStart(781)) - Started o.e.j.s.ServletContextHandler@6a094db2{/logs,file:///workdir/hadoop-ozone/integration-test/target/log,AVAILABLE}
2019-10-17 07:10:16,069 [main] INFO  handler.ContextHandler (ContextHandler.java:doStart(781)) - Started o.e.j.s.ServletContextHandler@1dba4e06{/static,jar:file:/home/user/.m2/repository/org/apache/hadoop/hadoop-hdds-container-service/0.5.0-SNAPSHOT/hadoop-hdds-container-service-0.5.0-SNAPSHOT.jar!/webapps/static,AVAILABLE}
2019-10-17 07:10:16,102 [main] INFO  handler.ContextHandler (ContextHandler.java:doStart(781)) - Started o.e.j.w.WebAppContext@1e58512c{/,file:///tmp/jetty-0.0.0.0-32904-hddsDatanode-_-any-8884031056377462866.dir/webapp/,AVAILABLE}{/hddsDatanode}
2019-10-17 07:10:16,103 [main] INFO  server.AbstractConnector (AbstractConnector.java:doStart(278)) - Started ServerConnector@210308d5{HTTP/1.1,[http/1.1]}{0.0.0.0:32904}
2019-10-17 07:10:16,103 [main] INFO  server.Server (Server.java:doStart(419)) - Started @5300ms
2019-10-17 07:10:16,104 [main] WARN  impl.MetricsSystemImpl (MetricsSystemImpl.java:register(276)) - Sink prometheus already exists!
2019-10-17 07:10:16,105 [main] INFO  server.BaseHttpServer (BaseHttpServer.java:updateConnectorAddress(215)) - HTTP server of HDDSDATANODE is listening at http://0.0.0.0:32904
2019-10-17 07:10:16,106 [main] INFO  impl.MetricsSystemImpl (MetricsSystemImpl.java:init(158)) - HddsDatanode metrics system started (again)
2019-10-17 07:10:16,108 [main] INFO  ozone.HddsDatanodeService (HddsDatanodeService.java:start(184)) - HddsDatanodeService host:pr-hdds-2286-nkqct-1837310268 ip:192.168.157.211
2019-10-17 07:10:16,109 [org.apache.hadoop.util.JvmPauseMonitor$Monitor@6183b1a0] INFO  util.JvmPauseMonitor (JvmPauseMonitor.java:run(188)) - Starting JVM pause monitor
2019-10-17 07:10:16,118 [main] INFO  volume.HddsVolume (HddsVolume.java:<init>(176)) - Creating Volume: /workdir/hadoop-ozone/integration-test/target/test-dir/MiniOzoneClusterImpl-ef926406-3935-4524-95f5-43adee877df5/datanode-2/data/containers/hdds of  storage type : DISK and capacity : 1482555576320
2019-10-17 07:10:16,119 [main] INFO  volume.VolumeSet (VolumeSet.java:initializeVolumeSet(170)) - Added Volume : /workdir/hadoop-ozone/integration-test/target/test-dir/MiniOzoneClusterImpl-ef926406-3935-4524-95f5-43adee877df5/datanode-2/data/containers/hdds to VolumeSet
2019-10-17 07:10:16,119 [main] INFO  volume.ThrottledAsyncChecker (ThrottledAsyncChecker.java:schedule(141)) - Scheduling a check for /workdir/hadoop-ozone/integration-test/target/test-dir/MiniOzoneClusterImpl-ef926406-3935-4524-95f5-43adee877df5/datanode-2/data/containers/hdds
2019-10-17 07:10:16,119 [main] INFO  volume.HddsVolumeChecker (HddsVolumeChecker.java:checkAllVolumes(204)) - Scheduled health check for volume /workdir/hadoop-ozone/integration-test/target/test-dir/MiniOzoneClusterImpl-ef926406-3935-4524-95f5-43adee877df5/datanode-2/data/containers/hdds
2019-10-17 07:10:16,133 [main] INFO  impl.RaftServerProxy (ConfUtils.java:logGet(43)) - raft.rpc.type = GRPC (default)
2019-10-17 07:10:16,134 [main] INFO  grpc.GrpcFactory (GrpcFactory.java:checkPooledByteBufAllocatorUseCacheForAllThreads(45)) - PERFORMANCE WARNING: useCacheForAllThreads is true that may cause Netty to create a lot garbage objects and, as a result, trigger GC.
	It is recommended to disable useCacheForAllThreads by setting -Dorg.apache.ratis.thirdparty.io.netty.allocator.useCacheForAllThreads=false in command line.
2019-10-17 07:10:16,134 [main] INFO  grpc.GrpcConfigKeys$Server (ConfUtils.java:logGet(43)) - raft.grpc.server.port = 0 (default)
2019-10-17 07:10:16,134 [main] INFO  server.GrpcService (ConfUtils.java:logGet(43)) - raft.grpc.message.size.max = 33570816 (custom)
2019-10-17 07:10:16,134 [main] INFO  server.RaftServerConfigKeys (ConfUtils.java:logGet(43)) - raft.server.log.appender.buffer.byte-limit = 33554432 (custom)
2019-10-17 07:10:16,135 [main] INFO  server.GrpcService (ConfUtils.java:logGet(43)) - raft.grpc.flow.control.window = 1MB (=1048576) (default)
2019-10-17 07:10:16,135 [main] INFO  server.RaftServerConfigKeys (ConfUtils.java:logGet(43)) - raft.server.rpc.request.timeout = 3000ms (default)
2019-10-17 07:10:16,135 [main] INFO  server.RaftServerConfigKeys (ConfUtils.java:logGet(43)) - raft.server.storage.dir = [/workdir/hadoop-ozone/integration-test/target/test-dir/MiniOzoneClusterImpl-ef926406-3935-4524-95f5-43adee877df5/datanode-2/data/ratis] (custom)
2019-10-17 07:10:16,138 [main] INFO  hdfs.DFSUtil (DFSUtil.java:httpServerTemplateForNNAndJN(1641)) - Starting Web-server for hddsDatanode at: http://0.0.0.0:0
2019-10-17 07:10:16,139 [main] INFO  server.AuthenticationFilter (AuthenticationFilter.java:constructSecretProvider(240)) - Unable to initialize FileSignerSecretProvider, falling back to use random secrets.
2019-10-17 07:10:16,139 [main] WARN  http.HttpRequestLog (HttpRequestLog.java:getRequestLog(97)) - Jetty request log can only be enabled using Log4j
2019-10-17 07:10:16,141 [main] INFO  http.HttpServer2 (HttpServer2.java:addGlobalFilter(975)) - Added global filter 'safety' (class=org.apache.hadoop.http.HttpServer2$QuotingInputFilter)
2019-10-17 07:10:16,141 [main] INFO  http.HttpServer2 (HttpServer2.java:addFilter(948)) - Added filter static_user_filter (class=org.apache.hadoop.http.lib.StaticUserWebFilter$StaticUserFilter) to context hddsDatanode
2019-10-17 07:10:16,142 [main] INFO  http.HttpServer2 (HttpServer2.java:addFilter(958)) - Added filter static_user_filter (class=org.apache.hadoop.http.lib.StaticUserWebFilter$StaticUserFilter) to context logs
2019-10-17 07:10:16,142 [main] INFO  http.HttpServer2 (HttpServer2.java:addFilter(958)) - Added filter static_user_filter (class=org.apache.hadoop.http.lib.StaticUserWebFilter$StaticUserFilter) to context static
2019-10-17 07:10:16,142 [main] INFO  http.HttpServer2 (HttpServer2.java:bindListener(1191)) - Jetty bound to port 33504
2019-10-17 07:10:16,143 [main] INFO  server.Server (Server.java:doStart(351)) - jetty-9.3.25.v20180904, build timestamp: 2018-09-04T21:11:46Z, git hash: 3ce520221d0240229c862b122d2b06c12a625732
2019-10-17 07:10:16,144 [main] INFO  handler.ContextHandler (ContextHandler.java:doStart(781)) - Started o.e.j.s.ServletContextHandler@767a014e{/logs,file:///workdir/hadoop-ozone/integration-test/target/log,AVAILABLE}
2019-10-17 07:10:16,145 [main] INFO  handler.ContextHandler (ContextHandler.java:doStart(781)) - Started o.e.j.s.ServletContextHandler@3968bc60{/static,jar:file:/home/user/.m2/repository/org/apache/hadoop/hadoop-hdds-container-service/0.5.0-SNAPSHOT/hadoop-hdds-container-service-0.5.0-SNAPSHOT.jar!/webapps/static,AVAILABLE}
2019-10-17 07:10:16,152 [Datanode State Machine Thread - 0] INFO  datanode.InitDatanodeState (InitDatanodeState.java:persistContainerDatanodeDetails(140)) - DatanodeDetails is persisted to /workdir/hadoop-ozone/integration-test/target/test-dir/MiniOzoneClusterImpl-ef926406-3935-4524-95f5-43adee877df5/datanode-0/meta/datanode.id
2019-10-17 07:10:16,157 [Datanode State Machine Thread - 0] INFO  datanode.InitDatanodeState (InitDatanodeState.java:persistContainerDatanodeDetails(140)) - DatanodeDetails is persisted to /workdir/hadoop-ozone/integration-test/target/test-dir/MiniOzoneClusterImpl-ef926406-3935-4524-95f5-43adee877df5/datanode-1/meta/datanode.id
2019-10-17 07:10:16,179 [main] INFO  handler.ContextHandler (ContextHandler.java:doStart(781)) - Started o.e.j.w.WebAppContext@6edcad64{/,file:///tmp/jetty-0.0.0.0-33504-hddsDatanode-_-any-4604174342294963721.dir/webapp/,AVAILABLE}{/hddsDatanode}
2019-10-17 07:10:16,179 [main] INFO  server.AbstractConnector (AbstractConnector.java:doStart(278)) - Started ServerConnector@4c6007fb{HTTP/1.1,[http/1.1]}{0.0.0.0:33504}
2019-10-17 07:10:16,180 [main] INFO  server.Server (Server.java:doStart(419)) - Started @5377ms
2019-10-17 07:10:16,180 [main] WARN  impl.MetricsSystemImpl (MetricsSystemImpl.java:register(276)) - Sink prometheus already exists!
2019-10-17 07:10:16,181 [main] INFO  server.BaseHttpServer (BaseHttpServer.java:updateConnectorAddress(215)) - HTTP server of HDDSDATANODE is listening at http://0.0.0.0:33504
2019-10-17 07:10:16,182 [main] INFO  impl.MetricsSystemImpl (MetricsSystemImpl.java:init(158)) - HddsDatanode metrics system started (again)
2019-10-17 07:10:16,184 [main] INFO  ozone.HddsDatanodeService (HddsDatanodeService.java:start(184)) - HddsDatanodeService host:pr-hdds-2286-nkqct-1837310268 ip:192.168.157.211
2019-10-17 07:10:16,185 [org.apache.hadoop.util.JvmPauseMonitor$Monitor@7768817e] INFO  util.JvmPauseMonitor (JvmPauseMonitor.java:run(188)) - Starting JVM pause monitor
2019-10-17 07:10:16,189 [Datanode State Machine Thread - 0] INFO  datanode.InitDatanodeState (InitDatanodeState.java:persistContainerDatanodeDetails(140)) - DatanodeDetails is persisted to /workdir/hadoop-ozone/integration-test/target/test-dir/MiniOzoneClusterImpl-ef926406-3935-4524-95f5-43adee877df5/datanode-2/meta/datanode.id
2019-10-17 07:10:16,192 [main] INFO  volume.HddsVolume (HddsVolume.java:<init>(176)) - Creating Volume: /workdir/hadoop-ozone/integration-test/target/test-dir/MiniOzoneClusterImpl-ef926406-3935-4524-95f5-43adee877df5/datanode-3/data/containers/hdds of  storage type : DISK and capacity : 1482555576320
2019-10-17 07:10:16,193 [main] INFO  volume.VolumeSet (VolumeSet.java:initializeVolumeSet(170)) - Added Volume : /workdir/hadoop-ozone/integration-test/target/test-dir/MiniOzoneClusterImpl-ef926406-3935-4524-95f5-43adee877df5/datanode-3/data/containers/hdds to VolumeSet
2019-10-17 07:10:16,193 [main] INFO  volume.ThrottledAsyncChecker (ThrottledAsyncChecker.java:schedule(141)) - Scheduling a check for /workdir/hadoop-ozone/integration-test/target/test-dir/MiniOzoneClusterImpl-ef926406-3935-4524-95f5-43adee877df5/datanode-3/data/containers/hdds
2019-10-17 07:10:16,194 [main] INFO  volume.HddsVolumeChecker (HddsVolumeChecker.java:checkAllVolumes(204)) - Scheduled health check for volume /workdir/hadoop-ozone/integration-test/target/test-dir/MiniOzoneClusterImpl-ef926406-3935-4524-95f5-43adee877df5/datanode-3/data/containers/hdds
2019-10-17 07:10:16,207 [main] INFO  impl.RaftServerProxy (ConfUtils.java:logGet(43)) - raft.rpc.type = GRPC (default)
2019-10-17 07:10:16,208 [main] INFO  grpc.GrpcFactory (GrpcFactory.java:checkPooledByteBufAllocatorUseCacheForAllThreads(45)) - PERFORMANCE WARNING: useCacheForAllThreads is true that may cause Netty to create a lot garbage objects and, as a result, trigger GC.
	It is recommended to disable useCacheForAllThreads by setting -Dorg.apache.ratis.thirdparty.io.netty.allocator.useCacheForAllThreads=false in command line.
2019-10-17 07:10:16,208 [main] INFO  grpc.GrpcConfigKeys$Server (ConfUtils.java:logGet(43)) - raft.grpc.server.port = 0 (default)
2019-10-17 07:10:16,208 [main] INFO  server.GrpcService (ConfUtils.java:logGet(43)) - raft.grpc.message.size.max = 33570816 (custom)
2019-10-17 07:10:16,208 [main] INFO  server.RaftServerConfigKeys (ConfUtils.java:logGet(43)) - raft.server.log.appender.buffer.byte-limit = 33554432 (custom)
2019-10-17 07:10:16,208 [main] INFO  server.GrpcService (ConfUtils.java:logGet(43)) - raft.grpc.flow.control.window = 1MB (=1048576) (default)
2019-10-17 07:10:16,209 [main] INFO  server.RaftServerConfigKeys (ConfUtils.java:logGet(43)) - raft.server.rpc.request.timeout = 3000ms (default)
2019-10-17 07:10:16,209 [main] INFO  server.RaftServerConfigKeys (ConfUtils.java:logGet(43)) - raft.server.storage.dir = [/workdir/hadoop-ozone/integration-test/target/test-dir/MiniOzoneClusterImpl-ef926406-3935-4524-95f5-43adee877df5/datanode-3/data/ratis] (custom)
2019-10-17 07:10:16,211 [main] INFO  hdfs.DFSUtil (DFSUtil.java:httpServerTemplateForNNAndJN(1641)) - Starting Web-server for hddsDatanode at: http://0.0.0.0:0
2019-10-17 07:10:16,212 [main] INFO  server.AuthenticationFilter (AuthenticationFilter.java:constructSecretProvider(240)) - Unable to initialize FileSignerSecretProvider, falling back to use random secrets.
2019-10-17 07:10:16,213 [main] WARN  http.HttpRequestLog (HttpRequestLog.java:getRequestLog(97)) - Jetty request log can only be enabled using Log4j
2019-10-17 07:10:16,214 [main] INFO  http.HttpServer2 (HttpServer2.java:addGlobalFilter(975)) - Added global filter 'safety' (class=org.apache.hadoop.http.HttpServer2$QuotingInputFilter)
2019-10-17 07:10:16,215 [main] INFO  http.HttpServer2 (HttpServer2.java:addFilter(948)) - Added filter static_user_filter (class=org.apache.hadoop.http.lib.StaticUserWebFilter$StaticUserFilter) to context hddsDatanode
2019-10-17 07:10:16,215 [main] INFO  http.HttpServer2 (HttpServer2.java:addFilter(958)) - Added filter static_user_filter (class=org.apache.hadoop.http.lib.StaticUserWebFilter$StaticUserFilter) to context logs
2019-10-17 07:10:16,215 [main] INFO  http.HttpServer2 (HttpServer2.java:addFilter(958)) - Added filter static_user_filter (class=org.apache.hadoop.http.lib.StaticUserWebFilter$StaticUserFilter) to context static
2019-10-17 07:10:16,216 [main] INFO  http.HttpServer2 (HttpServer2.java:bindListener(1191)) - Jetty bound to port 39623
2019-10-17 07:10:16,216 [main] INFO  server.Server (Server.java:doStart(351)) - jetty-9.3.25.v20180904, build timestamp: 2018-09-04T21:11:46Z, git hash: 3ce520221d0240229c862b122d2b06c12a625732
2019-10-17 07:10:16,220 [main] INFO  handler.ContextHandler (ContextHandler.java:doStart(781)) - Started o.e.j.s.ServletContextHandler@c27a3a2{/logs,file:///workdir/hadoop-ozone/integration-test/target/log,AVAILABLE}
2019-10-17 07:10:16,220 [main] INFO  handler.ContextHandler (ContextHandler.java:doStart(781)) - Started o.e.j.s.ServletContextHandler@1a2bcd56{/static,jar:file:/home/user/.m2/repository/org/apache/hadoop/hadoop-hdds-container-service/0.5.0-SNAPSHOT/hadoop-hdds-container-service-0.5.0-SNAPSHOT.jar!/webapps/static,AVAILABLE}
2019-10-17 07:10:16,250 [main] INFO  handler.ContextHandler (ContextHandler.java:doStart(781)) - Started o.e.j.w.WebAppContext@52d97ab6{/,file:///tmp/jetty-0.0.0.0-39623-hddsDatanode-_-any-8477934269431528520.dir/webapp/,AVAILABLE}{/hddsDatanode}
2019-10-17 07:10:16,251 [main] INFO  server.AbstractConnector (AbstractConnector.java:doStart(278)) - Started ServerConnector@4da6d664{HTTP/1.1,[http/1.1]}{0.0.0.0:39623}
2019-10-17 07:10:16,252 [main] INFO  server.Server (Server.java:doStart(419)) - Started @5449ms
2019-10-17 07:10:16,253 [main] WARN  impl.MetricsSystemImpl (MetricsSystemImpl.java:register(276)) - Sink prometheus already exists!
2019-10-17 07:10:16,254 [main] INFO  server.BaseHttpServer (BaseHttpServer.java:updateConnectorAddress(215)) - HTTP server of HDDSDATANODE is listening at http://0.0.0.0:39623
2019-10-17 07:10:16,254 [main] INFO  impl.MetricsSystemImpl (MetricsSystemImpl.java:init(158)) - HddsDatanode metrics system started (again)
2019-10-17 07:10:16,258 [main] INFO  ozone.HddsDatanodeService (HddsDatanodeService.java:start(184)) - HddsDatanodeService host:pr-hdds-2286-nkqct-1837310268 ip:192.168.157.211
2019-10-17 07:10:16,259 [org.apache.hadoop.util.JvmPauseMonitor$Monitor@4824e4b3] INFO  util.JvmPauseMonitor (JvmPauseMonitor.java:run(188)) - Starting JVM pause monitor
2019-10-17 07:10:16,262 [Datanode State Machine Thread - 0] INFO  datanode.InitDatanodeState (InitDatanodeState.java:persistContainerDatanodeDetails(140)) - DatanodeDetails is persisted to /workdir/hadoop-ozone/integration-test/target/test-dir/MiniOzoneClusterImpl-ef926406-3935-4524-95f5-43adee877df5/datanode-3/meta/datanode.id
2019-10-17 07:10:16,267 [main] INFO  volume.HddsVolume (HddsVolume.java:<init>(176)) - Creating Volume: /workdir/hadoop-ozone/integration-test/target/test-dir/MiniOzoneClusterImpl-ef926406-3935-4524-95f5-43adee877df5/datanode-4/data/containers/hdds of  storage type : DISK and capacity : 1482555576320
2019-10-17 07:10:16,268 [main] INFO  volume.VolumeSet (VolumeSet.java:initializeVolumeSet(170)) - Added Volume : /workdir/hadoop-ozone/integration-test/target/test-dir/MiniOzoneClusterImpl-ef926406-3935-4524-95f5-43adee877df5/datanode-4/data/containers/hdds to VolumeSet
2019-10-17 07:10:16,268 [main] INFO  volume.ThrottledAsyncChecker (ThrottledAsyncChecker.java:schedule(141)) - Scheduling a check for /workdir/hadoop-ozone/integration-test/target/test-dir/MiniOzoneClusterImpl-ef926406-3935-4524-95f5-43adee877df5/datanode-4/data/containers/hdds
2019-10-17 07:10:16,268 [main] INFO  volume.HddsVolumeChecker (HddsVolumeChecker.java:checkAllVolumes(204)) - Scheduled health check for volume /workdir/hadoop-ozone/integration-test/target/test-dir/MiniOzoneClusterImpl-ef926406-3935-4524-95f5-43adee877df5/datanode-4/data/containers/hdds
2019-10-17 07:10:16,281 [main] INFO  impl.RaftServerProxy (ConfUtils.java:logGet(43)) - raft.rpc.type = GRPC (default)
2019-10-17 07:10:16,281 [main] INFO  grpc.GrpcFactory (GrpcFactory.java:checkPooledByteBufAllocatorUseCacheForAllThreads(45)) - PERFORMANCE WARNING: useCacheForAllThreads is true that may cause Netty to create a lot garbage objects and, as a result, trigger GC.
	It is recommended to disable useCacheForAllThreads by setting -Dorg.apache.ratis.thirdparty.io.netty.allocator.useCacheForAllThreads=false in command line.
2019-10-17 07:10:16,281 [main] INFO  grpc.GrpcConfigKeys$Server (ConfUtils.java:logGet(43)) - raft.grpc.server.port = 0 (default)
2019-10-17 07:10:16,281 [main] INFO  server.GrpcService (ConfUtils.java:logGet(43)) - raft.grpc.message.size.max = 33570816 (custom)
2019-10-17 07:10:16,282 [main] INFO  server.RaftServerConfigKeys (ConfUtils.java:logGet(43)) - raft.server.log.appender.buffer.byte-limit = 33554432 (custom)
2019-10-17 07:10:16,282 [main] INFO  server.GrpcService (ConfUtils.java:logGet(43)) - raft.grpc.flow.control.window = 1MB (=1048576) (default)
2019-10-17 07:10:16,282 [main] INFO  server.RaftServerConfigKeys (ConfUtils.java:logGet(43)) - raft.server.rpc.request.timeout = 3000ms (default)
2019-10-17 07:10:16,283 [main] INFO  server.RaftServerConfigKeys (ConfUtils.java:logGet(43)) - raft.server.storage.dir = [/workdir/hadoop-ozone/integration-test/target/test-dir/MiniOzoneClusterImpl-ef926406-3935-4524-95f5-43adee877df5/datanode-4/data/ratis] (custom)
2019-10-17 07:10:16,284 [main] INFO  hdfs.DFSUtil (DFSUtil.java:httpServerTemplateForNNAndJN(1641)) - Starting Web-server for hddsDatanode at: http://0.0.0.0:0
2019-10-17 07:10:16,285 [main] INFO  server.AuthenticationFilter (AuthenticationFilter.java:constructSecretProvider(240)) - Unable to initialize FileSignerSecretProvider, falling back to use random secrets.
2019-10-17 07:10:16,286 [main] WARN  http.HttpRequestLog (HttpRequestLog.java:getRequestLog(97)) - Jetty request log can only be enabled using Log4j
2019-10-17 07:10:16,288 [main] INFO  http.HttpServer2 (HttpServer2.java:addGlobalFilter(975)) - Added global filter 'safety' (class=org.apache.hadoop.http.HttpServer2$QuotingInputFilter)
2019-10-17 07:10:16,288 [main] INFO  http.HttpServer2 (HttpServer2.java:addFilter(948)) - Added filter static_user_filter (class=org.apache.hadoop.http.lib.StaticUserWebFilter$StaticUserFilter) to context hddsDatanode
2019-10-17 07:10:16,288 [main] INFO  http.HttpServer2 (HttpServer2.java:addFilter(958)) - Added filter static_user_filter (class=org.apache.hadoop.http.lib.StaticUserWebFilter$StaticUserFilter) to context static
2019-10-17 07:10:16,288 [main] INFO  http.HttpServer2 (HttpServer2.java:addFilter(958)) - Added filter static_user_filter (class=org.apache.hadoop.http.lib.StaticUserWebFilter$StaticUserFilter) to context logs
2019-10-17 07:10:16,289 [main] INFO  http.HttpServer2 (HttpServer2.java:bindListener(1191)) - Jetty bound to port 37473
2019-10-17 07:10:16,289 [main] INFO  server.Server (Server.java:doStart(351)) - jetty-9.3.25.v20180904, build timestamp: 2018-09-04T21:11:46Z, git hash: 3ce520221d0240229c862b122d2b06c12a625732
2019-10-17 07:10:16,291 [main] INFO  handler.ContextHandler (ContextHandler.java:doStart(781)) - Started o.e.j.s.ServletContextHandler@7100dea{/logs,file:///workdir/hadoop-ozone/integration-test/target/log,AVAILABLE}
2019-10-17 07:10:16,292 [main] INFO  handler.ContextHandler (ContextHandler.java:doStart(781)) - Started o.e.j.s.ServletContextHandler@32e54a9d{/static,jar:file:/home/user/.m2/repository/org/apache/hadoop/hadoop-hdds-container-service/0.5.0-SNAPSHOT/hadoop-hdds-container-service-0.5.0-SNAPSHOT.jar!/webapps/static,AVAILABLE}
2019-10-17 07:10:16,321 [main] INFO  handler.ContextHandler (ContextHandler.java:doStart(781)) - Started o.e.j.w.WebAppContext@588f63c{/,file:///tmp/jetty-0.0.0.0-37473-hddsDatanode-_-any-2280513117167839523.dir/webapp/,AVAILABLE}{/hddsDatanode}
2019-10-17 07:10:16,321 [main] INFO  server.AbstractConnector (AbstractConnector.java:doStart(278)) - Started ServerConnector@5a6fa56e{HTTP/1.1,[http/1.1]}{0.0.0.0:37473}
2019-10-17 07:10:16,322 [main] INFO  server.Server (Server.java:doStart(419)) - Started @5519ms
2019-10-17 07:10:16,322 [main] WARN  impl.MetricsSystemImpl (MetricsSystemImpl.java:register(276)) - Sink prometheus already exists!
2019-10-17 07:10:16,325 [main] INFO  server.BaseHttpServer (BaseHttpServer.java:updateConnectorAddress(215)) - HTTP server of HDDSDATANODE is listening at http://0.0.0.0:37473
2019-10-17 07:10:16,325 [main] INFO  impl.MetricsSystemImpl (MetricsSystemImpl.java:init(158)) - HddsDatanode metrics system started (again)
2019-10-17 07:10:16,328 [main] INFO  ozone.HddsDatanodeService (HddsDatanodeService.java:start(184)) - HddsDatanodeService host:pr-hdds-2286-nkqct-1837310268 ip:192.168.157.211
2019-10-17 07:10:16,329 [org.apache.hadoop.util.JvmPauseMonitor$Monitor@5f9a7752] INFO  util.JvmPauseMonitor (JvmPauseMonitor.java:run(188)) - Starting JVM pause monitor
2019-10-17 07:10:16,332 [Datanode State Machine Thread - 0] INFO  datanode.InitDatanodeState (InitDatanodeState.java:persistContainerDatanodeDetails(140)) - DatanodeDetails is persisted to /workdir/hadoop-ozone/integration-test/target/test-dir/MiniOzoneClusterImpl-ef926406-3935-4524-95f5-43adee877df5/datanode-4/meta/datanode.id
2019-10-17 07:10:16,337 [main] INFO  volume.HddsVolume (HddsVolume.java:<init>(176)) - Creating Volume: /workdir/hadoop-ozone/integration-test/target/test-dir/MiniOzoneClusterImpl-ef926406-3935-4524-95f5-43adee877df5/datanode-5/data/containers/hdds of  storage type : DISK and capacity : 1482555576320
2019-10-17 07:10:16,338 [main] INFO  volume.VolumeSet (VolumeSet.java:initializeVolumeSet(170)) - Added Volume : /workdir/hadoop-ozone/integration-test/target/test-dir/MiniOzoneClusterImpl-ef926406-3935-4524-95f5-43adee877df5/datanode-5/data/containers/hdds to VolumeSet
2019-10-17 07:10:16,338 [main] INFO  volume.ThrottledAsyncChecker (ThrottledAsyncChecker.java:schedule(141)) - Scheduling a check for /workdir/hadoop-ozone/integration-test/target/test-dir/MiniOzoneClusterImpl-ef926406-3935-4524-95f5-43adee877df5/datanode-5/data/containers/hdds
2019-10-17 07:10:16,338 [main] INFO  volume.HddsVolumeChecker (HddsVolumeChecker.java:checkAllVolumes(204)) - Scheduled health check for volume /workdir/hadoop-ozone/integration-test/target/test-dir/MiniOzoneClusterImpl-ef926406-3935-4524-95f5-43adee877df5/datanode-5/data/containers/hdds
2019-10-17 07:10:16,355 [main] INFO  impl.RaftServerProxy (ConfUtils.java:logGet(43)) - raft.rpc.type = GRPC (default)
2019-10-17 07:10:16,356 [main] INFO  grpc.GrpcFactory (GrpcFactory.java:checkPooledByteBufAllocatorUseCacheForAllThreads(45)) - PERFORMANCE WARNING: useCacheForAllThreads is true that may cause Netty to create a lot garbage objects and, as a result, trigger GC.
	It is recommended to disable useCacheForAllThreads by setting -Dorg.apache.ratis.thirdparty.io.netty.allocator.useCacheForAllThreads=false in command line.
2019-10-17 07:10:16,356 [main] INFO  grpc.GrpcConfigKeys$Server (ConfUtils.java:logGet(43)) - raft.grpc.server.port = 0 (default)
2019-10-17 07:10:16,356 [main] INFO  server.GrpcService (ConfUtils.java:logGet(43)) - raft.grpc.message.size.max = 33570816 (custom)
2019-10-17 07:10:16,356 [main] INFO  server.RaftServerConfigKeys (ConfUtils.java:logGet(43)) - raft.server.log.appender.buffer.byte-limit = 33554432 (custom)
2019-10-17 07:10:16,357 [main] INFO  server.GrpcService (ConfUtils.java:logGet(43)) - raft.grpc.flow.control.window = 1MB (=1048576) (default)
2019-10-17 07:10:16,357 [main] INFO  server.RaftServerConfigKeys (ConfUtils.java:logGet(43)) - raft.server.rpc.request.timeout = 3000ms (default)
2019-10-17 07:10:16,358 [main] INFO  server.RaftServerConfigKeys (ConfUtils.java:logGet(43)) - raft.server.storage.dir = [/workdir/hadoop-ozone/integration-test/target/test-dir/MiniOzoneClusterImpl-ef926406-3935-4524-95f5-43adee877df5/datanode-5/data/ratis] (custom)
2019-10-17 07:10:16,359 [main] INFO  hdfs.DFSUtil (DFSUtil.java:httpServerTemplateForNNAndJN(1641)) - Starting Web-server for hddsDatanode at: http://0.0.0.0:0
2019-10-17 07:10:16,361 [main] INFO  server.AuthenticationFilter (AuthenticationFilter.java:constructSecretProvider(240)) - Unable to initialize FileSignerSecretProvider, falling back to use random secrets.
2019-10-17 07:10:16,361 [main] WARN  http.HttpRequestLog (HttpRequestLog.java:getRequestLog(97)) - Jetty request log can only be enabled using Log4j
2019-10-17 07:10:16,363 [main] INFO  http.HttpServer2 (HttpServer2.java:addGlobalFilter(975)) - Added global filter 'safety' (class=org.apache.hadoop.http.HttpServer2$QuotingInputFilter)
2019-10-17 07:10:16,364 [main] INFO  http.HttpServer2 (HttpServer2.java:addFilter(948)) - Added filter static_user_filter (class=org.apache.hadoop.http.lib.StaticUserWebFilter$StaticUserFilter) to context hddsDatanode
2019-10-17 07:10:16,364 [main] INFO  http.HttpServer2 (HttpServer2.java:addFilter(958)) - Added filter static_user_filter (class=org.apache.hadoop.http.lib.StaticUserWebFilter$StaticUserFilter) to context logs
2019-10-17 07:10:16,364 [main] INFO  http.HttpServer2 (HttpServer2.java:addFilter(958)) - Added filter static_user_filter (class=org.apache.hadoop.http.lib.StaticUserWebFilter$StaticUserFilter) to context static
2019-10-17 07:10:16,365 [main] INFO  http.HttpServer2 (HttpServer2.java:bindListener(1191)) - Jetty bound to port 42016
2019-10-17 07:10:16,366 [main] INFO  server.Server (Server.java:doStart(351)) - jetty-9.3.25.v20180904, build timestamp: 2018-09-04T21:11:46Z, git hash: 3ce520221d0240229c862b122d2b06c12a625732
2019-10-17 07:10:16,368 [main] INFO  handler.ContextHandler (ContextHandler.java:doStart(781)) - Started o.e.j.s.ServletContextHandler@1305c126{/logs,file:///workdir/hadoop-ozone/integration-test/target/log,AVAILABLE}
2019-10-17 07:10:16,369 [main] INFO  handler.ContextHandler (ContextHandler.java:doStart(781)) - Started o.e.j.s.ServletContextHandler@4c1bdcc2{/static,jar:file:/home/user/.m2/repository/org/apache/hadoop/hadoop-hdds-container-service/0.5.0-SNAPSHOT/hadoop-hdds-container-service-0.5.0-SNAPSHOT.jar!/webapps/static,AVAILABLE}
2019-10-17 07:10:16,400 [main] INFO  handler.ContextHandler (ContextHandler.java:doStart(781)) - Started o.e.j.w.WebAppContext@715b886f{/,file:///tmp/jetty-0.0.0.0-42016-hddsDatanode-_-any-1411172342547892740.dir/webapp/,AVAILABLE}{/hddsDatanode}
2019-10-17 07:10:16,401 [main] INFO  server.AbstractConnector (AbstractConnector.java:doStart(278)) - Started ServerConnector@7fb29ca9{HTTP/1.1,[http/1.1]}{0.0.0.0:42016}
2019-10-17 07:10:16,401 [main] INFO  server.Server (Server.java:doStart(419)) - Started @5599ms
2019-10-17 07:10:16,402 [main] WARN  impl.MetricsSystemImpl (MetricsSystemImpl.java:register(276)) - Sink prometheus already exists!
2019-10-17 07:10:16,402 [main] INFO  server.BaseHttpServer (BaseHttpServer.java:updateConnectorAddress(215)) - HTTP server of HDDSDATANODE is listening at http://0.0.0.0:42016
2019-10-17 07:10:16,403 [main] INFO  impl.MetricsSystemImpl (MetricsSystemImpl.java:init(158)) - HddsDatanode metrics system started (again)
2019-10-17 07:10:16,407 [main] INFO  ozone.HddsDatanodeService (HddsDatanodeService.java:start(184)) - HddsDatanodeService host:pr-hdds-2286-nkqct-1837310268 ip:192.168.157.211
2019-10-17 07:10:16,407 [org.apache.hadoop.util.JvmPauseMonitor$Monitor@51f0c7bf] INFO  util.JvmPauseMonitor (JvmPauseMonitor.java:run(188)) - Starting JVM pause monitor
2019-10-17 07:10:16,410 [Datanode State Machine Thread - 0] INFO  datanode.InitDatanodeState (InitDatanodeState.java:persistContainerDatanodeDetails(140)) - DatanodeDetails is persisted to /workdir/hadoop-ozone/integration-test/target/test-dir/MiniOzoneClusterImpl-ef926406-3935-4524-95f5-43adee877df5/datanode-5/meta/datanode.id
2019-10-17 07:10:16,417 [main] INFO  volume.HddsVolume (HddsVolume.java:<init>(176)) - Creating Volume: /workdir/hadoop-ozone/integration-test/target/test-dir/MiniOzoneClusterImpl-ef926406-3935-4524-95f5-43adee877df5/datanode-6/data/containers/hdds of  storage type : DISK and capacity : 1482555576320
2019-10-17 07:10:16,417 [main] INFO  volume.VolumeSet (VolumeSet.java:initializeVolumeSet(170)) - Added Volume : /workdir/hadoop-ozone/integration-test/target/test-dir/MiniOzoneClusterImpl-ef926406-3935-4524-95f5-43adee877df5/datanode-6/data/containers/hdds to VolumeSet
2019-10-17 07:10:16,417 [main] INFO  volume.ThrottledAsyncChecker (ThrottledAsyncChecker.java:schedule(141)) - Scheduling a check for /workdir/hadoop-ozone/integration-test/target/test-dir/MiniOzoneClusterImpl-ef926406-3935-4524-95f5-43adee877df5/datanode-6/data/containers/hdds
2019-10-17 07:10:16,418 [main] INFO  volume.HddsVolumeChecker (HddsVolumeChecker.java:checkAllVolumes(204)) - Scheduled health check for volume /workdir/hadoop-ozone/integration-test/target/test-dir/MiniOzoneClusterImpl-ef926406-3935-4524-95f5-43adee877df5/datanode-6/data/containers/hdds
2019-10-17 07:10:16,436 [main] INFO  impl.RaftServerProxy (ConfUtils.java:logGet(43)) - raft.rpc.type = GRPC (default)
2019-10-17 07:10:16,436 [main] INFO  grpc.GrpcFactory (GrpcFactory.java:checkPooledByteBufAllocatorUseCacheForAllThreads(45)) - PERFORMANCE WARNING: useCacheForAllThreads is true that may cause Netty to create a lot garbage objects and, as a result, trigger GC.
	It is recommended to disable useCacheForAllThreads by setting -Dorg.apache.ratis.thirdparty.io.netty.allocator.useCacheForAllThreads=false in command line.
2019-10-17 07:10:16,436 [main] INFO  grpc.GrpcConfigKeys$Server (ConfUtils.java:logGet(43)) - raft.grpc.server.port = 0 (default)
2019-10-17 07:10:16,437 [main] INFO  server.GrpcService (ConfUtils.java:logGet(43)) - raft.grpc.message.size.max = 33570816 (custom)
2019-10-17 07:10:16,437 [main] INFO  server.RaftServerConfigKeys (ConfUtils.java:logGet(43)) - raft.server.log.appender.buffer.byte-limit = 33554432 (custom)
2019-10-17 07:10:16,438 [main] INFO  server.GrpcService (ConfUtils.java:logGet(43)) - raft.grpc.flow.control.window = 1MB (=1048576) (default)
2019-10-17 07:10:16,438 [main] INFO  server.RaftServerConfigKeys (ConfUtils.java:logGet(43)) - raft.server.rpc.request.timeout = 3000ms (default)
2019-10-17 07:10:16,439 [main] INFO  server.RaftServerConfigKeys (ConfUtils.java:logGet(43)) - raft.server.storage.dir = [/workdir/hadoop-ozone/integration-test/target/test-dir/MiniOzoneClusterImpl-ef926406-3935-4524-95f5-43adee877df5/datanode-6/data/ratis] (custom)
2019-10-17 07:10:16,442 [main] INFO  hdfs.DFSUtil (DFSUtil.java:httpServerTemplateForNNAndJN(1641)) - Starting Web-server for hddsDatanode at: http://0.0.0.0:0
2019-10-17 07:10:16,443 [main] INFO  server.AuthenticationFilter (AuthenticationFilter.java:constructSecretProvider(240)) - Unable to initialize FileSignerSecretProvider, falling back to use random secrets.
2019-10-17 07:10:16,444 [main] WARN  http.HttpRequestLog (HttpRequestLog.java:getRequestLog(97)) - Jetty request log can only be enabled using Log4j
2019-10-17 07:10:16,445 [main] INFO  http.HttpServer2 (HttpServer2.java:addGlobalFilter(975)) - Added global filter 'safety' (class=org.apache.hadoop.http.HttpServer2$QuotingInputFilter)
2019-10-17 07:10:16,446 [main] INFO  http.HttpServer2 (HttpServer2.java:addFilter(948)) - Added filter static_user_filter (class=org.apache.hadoop.http.lib.StaticUserWebFilter$StaticUserFilter) to context hddsDatanode
2019-10-17 07:10:16,446 [main] INFO  http.HttpServer2 (HttpServer2.java:addFilter(958)) - Added filter static_user_filter (class=org.apache.hadoop.http.lib.StaticUserWebFilter$StaticUserFilter) to context static
2019-10-17 07:10:16,447 [main] INFO  http.HttpServer2 (HttpServer2.java:addFilter(958)) - Added filter static_user_filter (class=org.apache.hadoop.http.lib.StaticUserWebFilter$StaticUserFilter) to context logs
2019-10-17 07:10:16,448 [main] INFO  http.HttpServer2 (HttpServer2.java:bindListener(1191)) - Jetty bound to port 33472
2019-10-17 07:10:16,448 [main] INFO  server.Server (Server.java:doStart(351)) - jetty-9.3.25.v20180904, build timestamp: 2018-09-04T21:11:46Z, git hash: 3ce520221d0240229c862b122d2b06c12a625732
2019-10-17 07:10:16,450 [main] INFO  handler.ContextHandler (ContextHandler.java:doStart(781)) - Started o.e.j.s.ServletContextHandler@6f94fb9d{/logs,file:///workdir/hadoop-ozone/integration-test/target/log,AVAILABLE}
2019-10-17 07:10:16,451 [main] INFO  handler.ContextHandler (ContextHandler.java:doStart(781)) - Started o.e.j.s.ServletContextHandler@4228bf58{/static,jar:file:/home/user/.m2/repository/org/apache/hadoop/hadoop-hdds-container-service/0.5.0-SNAPSHOT/hadoop-hdds-container-service-0.5.0-SNAPSHOT.jar!/webapps/static,AVAILABLE}
2019-10-17 07:10:16,482 [main] INFO  handler.ContextHandler (ContextHandler.java:doStart(781)) - Started o.e.j.w.WebAppContext@934b52f{/,file:///tmp/jetty-0.0.0.0-33472-hddsDatanode-_-any-7433143815834066654.dir/webapp/,AVAILABLE}{/hddsDatanode}
2019-10-17 07:10:16,482 [main] INFO  server.AbstractConnector (AbstractConnector.java:doStart(278)) - Started ServerConnector@2630dbc4{HTTP/1.1,[http/1.1]}{0.0.0.0:33472}
2019-10-17 07:10:16,483 [main] INFO  server.Server (Server.java:doStart(419)) - Started @5680ms
2019-10-17 07:10:16,483 [main] WARN  impl.MetricsSystemImpl (MetricsSystemImpl.java:register(276)) - Sink prometheus already exists!
2019-10-17 07:10:16,484 [main] INFO  server.BaseHttpServer (BaseHttpServer.java:updateConnectorAddress(215)) - HTTP server of HDDSDATANODE is listening at http://0.0.0.0:33472
2019-10-17 07:10:16,485 [main] INFO  impl.MetricsSystemImpl (MetricsSystemImpl.java:init(158)) - HddsDatanode metrics system started (again)
2019-10-17 07:10:16,489 [main] INFO  ozone.HddsDatanodeService (HddsDatanodeService.java:start(184)) - HddsDatanodeService host:pr-hdds-2286-nkqct-1837310268 ip:192.168.157.211
2019-10-17 07:10:16,489 [org.apache.hadoop.util.JvmPauseMonitor$Monitor@1c76d485] INFO  util.JvmPauseMonitor (JvmPauseMonitor.java:run(188)) - Starting JVM pause monitor
2019-10-17 07:10:16,493 [Datanode State Machine Thread - 0] INFO  datanode.InitDatanodeState (InitDatanodeState.java:persistContainerDatanodeDetails(140)) - DatanodeDetails is persisted to /workdir/hadoop-ozone/integration-test/target/test-dir/MiniOzoneClusterImpl-ef926406-3935-4524-95f5-43adee877df5/datanode-6/meta/datanode.id
2019-10-17 07:10:16,498 [main] INFO  volume.HddsVolume (HddsVolume.java:<init>(176)) - Creating Volume: /workdir/hadoop-ozone/integration-test/target/test-dir/MiniOzoneClusterImpl-ef926406-3935-4524-95f5-43adee877df5/datanode-7/data/containers/hdds of  storage type : DISK and capacity : 1482555576320
2019-10-17 07:10:16,499 [main] INFO  volume.VolumeSet (VolumeSet.java:initializeVolumeSet(170)) - Added Volume : /workdir/hadoop-ozone/integration-test/target/test-dir/MiniOzoneClusterImpl-ef926406-3935-4524-95f5-43adee877df5/datanode-7/data/containers/hdds to VolumeSet
2019-10-17 07:10:16,499 [main] INFO  volume.ThrottledAsyncChecker (ThrottledAsyncChecker.java:schedule(141)) - Scheduling a check for /workdir/hadoop-ozone/integration-test/target/test-dir/MiniOzoneClusterImpl-ef926406-3935-4524-95f5-43adee877df5/datanode-7/data/containers/hdds
2019-10-17 07:10:16,499 [main] INFO  volume.HddsVolumeChecker (HddsVolumeChecker.java:checkAllVolumes(204)) - Scheduled health check for volume /workdir/hadoop-ozone/integration-test/target/test-dir/MiniOzoneClusterImpl-ef926406-3935-4524-95f5-43adee877df5/datanode-7/data/containers/hdds
2019-10-17 07:10:16,517 [main] INFO  impl.RaftServerProxy (ConfUtils.java:logGet(43)) - raft.rpc.type = GRPC (default)
2019-10-17 07:10:16,517 [main] INFO  grpc.GrpcFactory (GrpcFactory.java:checkPooledByteBufAllocatorUseCacheForAllThreads(45)) - PERFORMANCE WARNING: useCacheForAllThreads is true that may cause Netty to create a lot garbage objects and, as a result, trigger GC.
	It is recommended to disable useCacheForAllThreads by setting -Dorg.apache.ratis.thirdparty.io.netty.allocator.useCacheForAllThreads=false in command line.
2019-10-17 07:10:16,517 [main] INFO  grpc.GrpcConfigKeys$Server (ConfUtils.java:logGet(43)) - raft.grpc.server.port = 0 (default)
2019-10-17 07:10:16,517 [main] INFO  server.GrpcService (ConfUtils.java:logGet(43)) - raft.grpc.message.size.max = 33570816 (custom)
2019-10-17 07:10:16,518 [main] INFO  server.RaftServerConfigKeys (ConfUtils.java:logGet(43)) - raft.server.log.appender.buffer.byte-limit = 33554432 (custom)
2019-10-17 07:10:16,518 [main] INFO  server.GrpcService (ConfUtils.java:logGet(43)) - raft.grpc.flow.control.window = 1MB (=1048576) (default)
2019-10-17 07:10:16,518 [main] INFO  server.RaftServerConfigKeys (ConfUtils.java:logGet(43)) - raft.server.rpc.request.timeout = 3000ms (default)
2019-10-17 07:10:16,519 [main] INFO  server.RaftServerConfigKeys (ConfUtils.java:logGet(43)) - raft.server.storage.dir = [/workdir/hadoop-ozone/integration-test/target/test-dir/MiniOzoneClusterImpl-ef926406-3935-4524-95f5-43adee877df5/datanode-7/data/ratis] (custom)
2019-10-17 07:10:16,520 [main] INFO  hdfs.DFSUtil (DFSUtil.java:httpServerTemplateForNNAndJN(1641)) - Starting Web-server for hddsDatanode at: http://0.0.0.0:0
2019-10-17 07:10:16,522 [main] INFO  server.AuthenticationFilter (AuthenticationFilter.java:constructSecretProvider(240)) - Unable to initialize FileSignerSecretProvider, falling back to use random secrets.
2019-10-17 07:10:16,522 [main] WARN  http.HttpRequestLog (HttpRequestLog.java:getRequestLog(97)) - Jetty request log can only be enabled using Log4j
2019-10-17 07:10:16,524 [main] INFO  http.HttpServer2 (HttpServer2.java:addGlobalFilter(975)) - Added global filter 'safety' (class=org.apache.hadoop.http.HttpServer2$QuotingInputFilter)
2019-10-17 07:10:16,524 [main] INFO  http.HttpServer2 (HttpServer2.java:addFilter(948)) - Added filter static_user_filter (class=org.apache.hadoop.http.lib.StaticUserWebFilter$StaticUserFilter) to context hddsDatanode
2019-10-17 07:10:16,525 [main] INFO  http.HttpServer2 (HttpServer2.java:addFilter(958)) - Added filter static_user_filter (class=org.apache.hadoop.http.lib.StaticUserWebFilter$StaticUserFilter) to context logs
2019-10-17 07:10:16,525 [main] INFO  http.HttpServer2 (HttpServer2.java:addFilter(958)) - Added filter static_user_filter (class=org.apache.hadoop.http.lib.StaticUserWebFilter$StaticUserFilter) to context static
2019-10-17 07:10:16,526 [main] INFO  http.HttpServer2 (HttpServer2.java:bindListener(1191)) - Jetty bound to port 44884
2019-10-17 07:10:16,526 [main] INFO  server.Server (Server.java:doStart(351)) - jetty-9.3.25.v20180904, build timestamp: 2018-09-04T21:11:46Z, git hash: 3ce520221d0240229c862b122d2b06c12a625732
2019-10-17 07:10:16,528 [main] INFO  handler.ContextHandler (ContextHandler.java:doStart(781)) - Started o.e.j.s.ServletContextHandler@31ddb930{/logs,file:///workdir/hadoop-ozone/integration-test/target/log,AVAILABLE}
2019-10-17 07:10:16,528 [main] INFO  handler.ContextHandler (ContextHandler.java:doStart(781)) - Started o.e.j.s.ServletContextHandler@3c3c4a71{/static,jar:file:/home/user/.m2/repository/org/apache/hadoop/hadoop-hdds-container-service/0.5.0-SNAPSHOT/hadoop-hdds-container-service-0.5.0-SNAPSHOT.jar!/webapps/static,AVAILABLE}
2019-10-17 07:10:16,558 [main] INFO  handler.ContextHandler (ContextHandler.java:doStart(781)) - Started o.e.j.w.WebAppContext@268cbb86{/,file:///tmp/jetty-0.0.0.0-44884-hddsDatanode-_-any-6414418061780810014.dir/webapp/,AVAILABLE}{/hddsDatanode}
2019-10-17 07:10:16,559 [main] INFO  server.AbstractConnector (AbstractConnector.java:doStart(278)) - Started ServerConnector@10f7918f{HTTP/1.1,[http/1.1]}{0.0.0.0:44884}
2019-10-17 07:10:16,560 [main] INFO  server.Server (Server.java:doStart(419)) - Started @5757ms
2019-10-17 07:10:16,560 [main] WARN  impl.MetricsSystemImpl (MetricsSystemImpl.java:register(276)) - Sink prometheus already exists!
2019-10-17 07:10:16,561 [main] INFO  server.BaseHttpServer (BaseHttpServer.java:updateConnectorAddress(215)) - HTTP server of HDDSDATANODE is listening at http://0.0.0.0:44884
2019-10-17 07:10:16,561 [main] INFO  impl.MetricsSystemImpl (MetricsSystemImpl.java:init(158)) - HddsDatanode metrics system started (again)
2019-10-17 07:10:16,565 [main] INFO  ozone.HddsDatanodeService (HddsDatanodeService.java:start(184)) - HddsDatanodeService host:pr-hdds-2286-nkqct-1837310268 ip:192.168.157.211
2019-10-17 07:10:16,565 [org.apache.hadoop.util.JvmPauseMonitor$Monitor@633e8618] INFO  util.JvmPauseMonitor (JvmPauseMonitor.java:run(188)) - Starting JVM pause monitor
2019-10-17 07:10:16,569 [Datanode State Machine Thread - 0] INFO  datanode.InitDatanodeState (InitDatanodeState.java:persistContainerDatanodeDetails(140)) - DatanodeDetails is persisted to /workdir/hadoop-ozone/integration-test/target/test-dir/MiniOzoneClusterImpl-ef926406-3935-4524-95f5-43adee877df5/datanode-7/meta/datanode.id
2019-10-17 07:10:16,576 [main] INFO  volume.HddsVolume (HddsVolume.java:<init>(176)) - Creating Volume: /workdir/hadoop-ozone/integration-test/target/test-dir/MiniOzoneClusterImpl-ef926406-3935-4524-95f5-43adee877df5/datanode-8/data/containers/hdds of  storage type : DISK and capacity : 1482555576320
2019-10-17 07:10:16,576 [main] INFO  volume.VolumeSet (VolumeSet.java:initializeVolumeSet(170)) - Added Volume : /workdir/hadoop-ozone/integration-test/target/test-dir/MiniOzoneClusterImpl-ef926406-3935-4524-95f5-43adee877df5/datanode-8/data/containers/hdds to VolumeSet
2019-10-17 07:10:16,577 [main] INFO  volume.ThrottledAsyncChecker (ThrottledAsyncChecker.java:schedule(141)) - Scheduling a check for /workdir/hadoop-ozone/integration-test/target/test-dir/MiniOzoneClusterImpl-ef926406-3935-4524-95f5-43adee877df5/datanode-8/data/containers/hdds
2019-10-17 07:10:16,578 [main] INFO  volume.HddsVolumeChecker (HddsVolumeChecker.java:checkAllVolumes(204)) - Scheduled health check for volume /workdir/hadoop-ozone/integration-test/target/test-dir/MiniOzoneClusterImpl-ef926406-3935-4524-95f5-43adee877df5/datanode-8/data/containers/hdds
2019-10-17 07:10:16,599 [main] INFO  impl.RaftServerProxy (ConfUtils.java:logGet(43)) - raft.rpc.type = GRPC (default)
2019-10-17 07:10:16,600 [main] INFO  grpc.GrpcFactory (GrpcFactory.java:checkPooledByteBufAllocatorUseCacheForAllThreads(45)) - PERFORMANCE WARNING: useCacheForAllThreads is true that may cause Netty to create a lot garbage objects and, as a result, trigger GC.
	It is recommended to disable useCacheForAllThreads by setting -Dorg.apache.ratis.thirdparty.io.netty.allocator.useCacheForAllThreads=false in command line.
2019-10-17 07:10:16,600 [main] INFO  grpc.GrpcConfigKeys$Server (ConfUtils.java:logGet(43)) - raft.grpc.server.port = 0 (default)
2019-10-17 07:10:16,600 [main] INFO  server.GrpcService (ConfUtils.java:logGet(43)) - raft.grpc.message.size.max = 33570816 (custom)
2019-10-17 07:10:16,600 [main] INFO  server.RaftServerConfigKeys (ConfUtils.java:logGet(43)) - raft.server.log.appender.buffer.byte-limit = 33554432 (custom)
2019-10-17 07:10:16,601 [main] INFO  server.GrpcService (ConfUtils.java:logGet(43)) - raft.grpc.flow.control.window = 1MB (=1048576) (default)
2019-10-17 07:10:16,601 [main] INFO  server.RaftServerConfigKeys (ConfUtils.java:logGet(43)) - raft.server.rpc.request.timeout = 3000ms (default)
2019-10-17 07:10:16,602 [main] INFO  server.RaftServerConfigKeys (ConfUtils.java:logGet(43)) - raft.server.storage.dir = [/workdir/hadoop-ozone/integration-test/target/test-dir/MiniOzoneClusterImpl-ef926406-3935-4524-95f5-43adee877df5/datanode-8/data/ratis] (custom)
2019-10-17 07:10:16,604 [main] INFO  hdfs.DFSUtil (DFSUtil.java:httpServerTemplateForNNAndJN(1641)) - Starting Web-server for hddsDatanode at: http://0.0.0.0:0
2019-10-17 07:10:16,606 [main] INFO  server.AuthenticationFilter (AuthenticationFilter.java:constructSecretProvider(240)) - Unable to initialize FileSignerSecretProvider, falling back to use random secrets.
2019-10-17 07:10:16,607 [main] WARN  http.HttpRequestLog (HttpRequestLog.java:getRequestLog(97)) - Jetty request log can only be enabled using Log4j
2019-10-17 07:10:16,609 [main] INFO  http.HttpServer2 (HttpServer2.java:addGlobalFilter(975)) - Added global filter 'safety' (class=org.apache.hadoop.http.HttpServer2$QuotingInputFilter)
2019-10-17 07:10:16,610 [main] INFO  http.HttpServer2 (HttpServer2.java:addFilter(948)) - Added filter static_user_filter (class=org.apache.hadoop.http.lib.StaticUserWebFilter$StaticUserFilter) to context hddsDatanode
2019-10-17 07:10:16,610 [main] INFO  http.HttpServer2 (HttpServer2.java:addFilter(958)) - Added filter static_user_filter (class=org.apache.hadoop.http.lib.StaticUserWebFilter$StaticUserFilter) to context static
2019-10-17 07:10:16,610 [main] INFO  http.HttpServer2 (HttpServer2.java:addFilter(958)) - Added filter static_user_filter (class=org.apache.hadoop.http.lib.StaticUserWebFilter$StaticUserFilter) to context logs
2019-10-17 07:10:16,611 [main] INFO  http.HttpServer2 (HttpServer2.java:bindListener(1191)) - Jetty bound to port 44852
2019-10-17 07:10:16,611 [main] INFO  server.Server (Server.java:doStart(351)) - jetty-9.3.25.v20180904, build timestamp: 2018-09-04T21:11:46Z, git hash: 3ce520221d0240229c862b122d2b06c12a625732
2019-10-17 07:10:16,613 [main] INFO  handler.ContextHandler (ContextHandler.java:doStart(781)) - Started o.e.j.s.ServletContextHandler@6edf29c1{/logs,file:///workdir/hadoop-ozone/integration-test/target/log,AVAILABLE}
2019-10-17 07:10:16,614 [main] INFO  handler.ContextHandler (ContextHandler.java:doStart(781)) - Started o.e.j.s.ServletContextHandler@66b59b7d{/static,jar:file:/home/user/.m2/repository/org/apache/hadoop/hadoop-hdds-container-service/0.5.0-SNAPSHOT/hadoop-hdds-container-service-0.5.0-SNAPSHOT.jar!/webapps/static,AVAILABLE}
2019-10-17 07:10:16,653 [main] INFO  handler.ContextHandler (ContextHandler.java:doStart(781)) - Started o.e.j.w.WebAppContext@57272109{/,file:///tmp/jetty-0.0.0.0-44852-hddsDatanode-_-any-3014095823737221069.dir/webapp/,AVAILABLE}{/hddsDatanode}
2019-10-17 07:10:16,653 [main] INFO  server.AbstractConnector (AbstractConnector.java:doStart(278)) - Started ServerConnector@59696551{HTTP/1.1,[http/1.1]}{0.0.0.0:44852}
2019-10-17 07:10:16,654 [main] INFO  server.Server (Server.java:doStart(419)) - Started @5851ms
2019-10-17 07:10:16,655 [main] WARN  impl.MetricsSystemImpl (MetricsSystemImpl.java:register(276)) - Sink prometheus already exists!
2019-10-17 07:10:16,656 [main] INFO  server.BaseHttpServer (BaseHttpServer.java:updateConnectorAddress(215)) - HTTP server of HDDSDATANODE is listening at http://0.0.0.0:44852
2019-10-17 07:10:16,656 [main] INFO  impl.MetricsSystemImpl (MetricsSystemImpl.java:init(158)) - HddsDatanode metrics system started (again)
2019-10-17 07:10:16,662 [org.apache.hadoop.util.JvmPauseMonitor$Monitor@3f3d24ff] INFO  util.JvmPauseMonitor (JvmPauseMonitor.java:run(188)) - Starting JVM pause monitor
2019-10-17 07:10:16,664 [main] INFO  ozone.HddsDatanodeService (HddsDatanodeService.java:start(184)) - HddsDatanodeService host:pr-hdds-2286-nkqct-1837310268 ip:192.168.157.211
2019-10-17 07:10:16,666 [Datanode State Machine Thread - 0] INFO  datanode.InitDatanodeState (InitDatanodeState.java:persistContainerDatanodeDetails(140)) - DatanodeDetails is persisted to /workdir/hadoop-ozone/integration-test/target/test-dir/MiniOzoneClusterImpl-ef926406-3935-4524-95f5-43adee877df5/datanode-8/meta/datanode.id
2019-10-17 07:10:16,675 [main] INFO  volume.HddsVolume (HddsVolume.java:<init>(176)) - Creating Volume: /workdir/hadoop-ozone/integration-test/target/test-dir/MiniOzoneClusterImpl-ef926406-3935-4524-95f5-43adee877df5/datanode-9/data/containers/hdds of  storage type : DISK and capacity : 1482555576320
2019-10-17 07:10:16,675 [main] INFO  volume.VolumeSet (VolumeSet.java:initializeVolumeSet(170)) - Added Volume : /workdir/hadoop-ozone/integration-test/target/test-dir/MiniOzoneClusterImpl-ef926406-3935-4524-95f5-43adee877df5/datanode-9/data/containers/hdds to VolumeSet
2019-10-17 07:10:16,676 [main] INFO  volume.ThrottledAsyncChecker (ThrottledAsyncChecker.java:schedule(141)) - Scheduling a check for /workdir/hadoop-ozone/integration-test/target/test-dir/MiniOzoneClusterImpl-ef926406-3935-4524-95f5-43adee877df5/datanode-9/data/containers/hdds
2019-10-17 07:10:16,676 [main] INFO  volume.HddsVolumeChecker (HddsVolumeChecker.java:checkAllVolumes(204)) - Scheduled health check for volume /workdir/hadoop-ozone/integration-test/target/test-dir/MiniOzoneClusterImpl-ef926406-3935-4524-95f5-43adee877df5/datanode-9/data/containers/hdds
2019-10-17 07:10:16,699 [main] INFO  impl.RaftServerProxy (ConfUtils.java:logGet(43)) - raft.rpc.type = GRPC (default)
2019-10-17 07:10:16,699 [main] INFO  grpc.GrpcFactory (GrpcFactory.java:checkPooledByteBufAllocatorUseCacheForAllThreads(45)) - PERFORMANCE WARNING: useCacheForAllThreads is true that may cause Netty to create a lot garbage objects and, as a result, trigger GC.
	It is recommended to disable useCacheForAllThreads by setting -Dorg.apache.ratis.thirdparty.io.netty.allocator.useCacheForAllThreads=false in command line.
2019-10-17 07:10:16,699 [main] INFO  grpc.GrpcConfigKeys$Server (ConfUtils.java:logGet(43)) - raft.grpc.server.port = 0 (default)
2019-10-17 07:10:16,700 [main] INFO  server.GrpcService (ConfUtils.java:logGet(43)) - raft.grpc.message.size.max = 33570816 (custom)
2019-10-17 07:10:16,700 [main] INFO  server.RaftServerConfigKeys (ConfUtils.java:logGet(43)) - raft.server.log.appender.buffer.byte-limit = 33554432 (custom)
2019-10-17 07:10:16,700 [main] INFO  server.GrpcService (ConfUtils.java:logGet(43)) - raft.grpc.flow.control.window = 1MB (=1048576) (default)
2019-10-17 07:10:16,700 [main] INFO  server.RaftServerConfigKeys (ConfUtils.java:logGet(43)) - raft.server.rpc.request.timeout = 3000ms (default)
2019-10-17 07:10:16,701 [main] INFO  server.RaftServerConfigKeys (ConfUtils.java:logGet(43)) - raft.server.storage.dir = [/workdir/hadoop-ozone/integration-test/target/test-dir/MiniOzoneClusterImpl-ef926406-3935-4524-95f5-43adee877df5/datanode-9/data/ratis] (custom)
2019-10-17 07:10:16,704 [main] INFO  hdfs.DFSUtil (DFSUtil.java:httpServerTemplateForNNAndJN(1641)) - Starting Web-server for hddsDatanode at: http://0.0.0.0:0
2019-10-17 07:10:16,705 [main] INFO  server.AuthenticationFilter (AuthenticationFilter.java:constructSecretProvider(240)) - Unable to initialize FileSignerSecretProvider, falling back to use random secrets.
2019-10-17 07:10:16,706 [main] WARN  http.HttpRequestLog (HttpRequestLog.java:getRequestLog(97)) - Jetty request log can only be enabled using Log4j
2019-10-17 07:10:16,708 [main] INFO  http.HttpServer2 (HttpServer2.java:addGlobalFilter(975)) - Added global filter 'safety' (class=org.apache.hadoop.http.HttpServer2$QuotingInputFilter)
2019-10-17 07:10:16,709 [main] INFO  http.HttpServer2 (HttpServer2.java:addFilter(948)) - Added filter static_user_filter (class=org.apache.hadoop.http.lib.StaticUserWebFilter$StaticUserFilter) to context hddsDatanode
2019-10-17 07:10:16,709 [main] INFO  http.HttpServer2 (HttpServer2.java:addFilter(958)) - Added filter static_user_filter (class=org.apache.hadoop.http.lib.StaticUserWebFilter$StaticUserFilter) to context static
2019-10-17 07:10:16,709 [main] INFO  http.HttpServer2 (HttpServer2.java:addFilter(958)) - Added filter static_user_filter (class=org.apache.hadoop.http.lib.StaticUserWebFilter$StaticUserFilter) to context logs
2019-10-17 07:10:16,710 [main] INFO  http.HttpServer2 (HttpServer2.java:bindListener(1191)) - Jetty bound to port 44680
2019-10-17 07:10:16,711 [main] INFO  server.Server (Server.java:doStart(351)) - jetty-9.3.25.v20180904, build timestamp: 2018-09-04T21:11:46Z, git hash: 3ce520221d0240229c862b122d2b06c12a625732
2019-10-17 07:10:16,713 [main] INFO  handler.ContextHandler (ContextHandler.java:doStart(781)) - Started o.e.j.s.ServletContextHandler@6cbd0674{/logs,file:///workdir/hadoop-ozone/integration-test/target/log,AVAILABLE}
2019-10-17 07:10:16,714 [main] INFO  handler.ContextHandler (ContextHandler.java:doStart(781)) - Started o.e.j.s.ServletContextHandler@19a64eae{/static,jar:file:/home/user/.m2/repository/org/apache/hadoop/hadoop-hdds-container-service/0.5.0-SNAPSHOT/hadoop-hdds-container-service-0.5.0-SNAPSHOT.jar!/webapps/static,AVAILABLE}
2019-10-17 07:10:16,754 [main] INFO  handler.ContextHandler (ContextHandler.java:doStart(781)) - Started o.e.j.w.WebAppContext@10c72a6f{/,file:///tmp/jetty-0.0.0.0-44680-hddsDatanode-_-any-2793707531199256296.dir/webapp/,AVAILABLE}{/hddsDatanode}
2019-10-17 07:10:16,754 [main] INFO  server.AbstractConnector (AbstractConnector.java:doStart(278)) - Started ServerConnector@70e94ecb{HTTP/1.1,[http/1.1]}{0.0.0.0:44680}
2019-10-17 07:10:16,756 [main] INFO  server.Server (Server.java:doStart(419)) - Started @5953ms
2019-10-17 07:10:16,756 [main] WARN  impl.MetricsSystemImpl (MetricsSystemImpl.java:register(276)) - Sink prometheus already exists!
2019-10-17 07:10:16,757 [main] INFO  server.BaseHttpServer (BaseHttpServer.java:updateConnectorAddress(215)) - HTTP server of HDDSDATANODE is listening at http://0.0.0.0:44680
2019-10-17 07:10:16,762 [main] INFO  ozone.MiniOzoneClusterImpl (MiniOzoneClusterImpl.java:lambda$waitForClusterToBeReady$0(147)) - Waiting for cluster to be ready. Got 0 of 10 DN Heartbeats.
2019-10-17 07:10:16,762 [org.apache.hadoop.util.JvmPauseMonitor$Monitor@153015e5] INFO  util.JvmPauseMonitor (JvmPauseMonitor.java:run(188)) - Starting JVM pause monitor
2019-10-17 07:10:16,766 [Datanode State Machine Thread - 0] INFO  datanode.InitDatanodeState (InitDatanodeState.java:persistContainerDatanodeDetails(140)) - DatanodeDetails is persisted to /workdir/hadoop-ozone/integration-test/target/test-dir/MiniOzoneClusterImpl-ef926406-3935-4524-95f5-43adee877df5/datanode-9/meta/datanode.id
2019-10-17 07:10:17,762 [main] INFO  ozone.MiniOzoneClusterImpl (MiniOzoneClusterImpl.java:lambda$waitForClusterToBeReady$0(147)) - Waiting for cluster to be ready. Got 0 of 10 DN Heartbeats.
2019-10-17 07:10:18,122 [Datanode State Machine Thread - 0] INFO  ozoneimpl.OzoneContainer (OzoneContainer.java:start(213)) - Attempting to start container services.
2019-10-17 07:10:18,122 [Datanode State Machine Thread - 0] INFO  ozoneimpl.OzoneContainer (OzoneContainer.java:start(213)) - Attempting to start container services.
2019-10-17 07:10:18,126 [Datanode State Machine Thread - 0] INFO  ozoneimpl.OzoneContainer (OzoneContainer.java:startContainerScrub(177)) - Background container scanner has been disabled.
2019-10-17 07:10:18,126 [Datanode State Machine Thread - 0] INFO  ozoneimpl.OzoneContainer (OzoneContainer.java:startContainerScrub(177)) - Background container scanner has been disabled.
2019-10-17 07:10:18,126 [Datanode State Machine Thread - 0] INFO  ratis.XceiverServerRatis (XceiverServerRatis.java:start(418)) - Starting XceiverServerRatis d31fb603-bc45-4cd2-bfc5-2ee103695b2e at port 0
2019-10-17 07:10:18,126 [Datanode State Machine Thread - 0] INFO  ratis.XceiverServerRatis (XceiverServerRatis.java:start(418)) - Starting XceiverServerRatis 67ae3572-7d88-4e50-b53b-0f48f6748b38 at port 0
2019-10-17 07:10:18,162 [Datanode State Machine Thread - 0] INFO  impl.RaftServerProxy (RaftServerProxy.java:lambda$start$3(299)) - 67ae3572-7d88-4e50-b53b-0f48f6748b38: start RPC server
2019-10-17 07:10:18,162 [Datanode State Machine Thread - 0] INFO  impl.RaftServerProxy (RaftServerProxy.java:lambda$start$3(299)) - d31fb603-bc45-4cd2-bfc5-2ee103695b2e: start RPC server
2019-10-17 07:10:18,210 [Datanode State Machine Thread - 0] INFO  ozoneimpl.OzoneContainer (OzoneContainer.java:start(213)) - Attempting to start container services.
2019-10-17 07:10:18,214 [Datanode State Machine Thread - 0] INFO  ozoneimpl.OzoneContainer (OzoneContainer.java:startContainerScrub(177)) - Background container scanner has been disabled.
2019-10-17 07:10:18,214 [Datanode State Machine Thread - 0] INFO  ratis.XceiverServerRatis (XceiverServerRatis.java:start(418)) - Starting XceiverServerRatis aa731332-fe07-4871-af01-99c627816bfe at port 0
2019-10-17 07:10:18,224 [Datanode State Machine Thread - 0] INFO  impl.RaftServerProxy (RaftServerProxy.java:lambda$start$3(299)) - aa731332-fe07-4871-af01-99c627816bfe: start RPC server
2019-10-17 07:10:18,278 [Datanode State Machine Thread - 0] INFO  ozoneimpl.OzoneContainer (OzoneContainer.java:start(213)) - Attempting to start container services.
2019-10-17 07:10:18,278 [Datanode State Machine Thread - 0] INFO  ozoneimpl.OzoneContainer (OzoneContainer.java:startContainerScrub(177)) - Background container scanner has been disabled.
2019-10-17 07:10:18,278 [Datanode State Machine Thread - 0] INFO  ratis.XceiverServerRatis (XceiverServerRatis.java:start(418)) - Starting XceiverServerRatis 831edaa1-80a5-4091-843f-90c648a5a79d at port 0
2019-10-17 07:10:18,295 [Datanode State Machine Thread - 0] INFO  impl.RaftServerProxy (RaftServerProxy.java:lambda$start$3(299)) - 831edaa1-80a5-4091-843f-90c648a5a79d: start RPC server
2019-10-17 07:10:18,311 [Datanode State Machine Thread - 0] INFO  server.GrpcService (GrpcService.java:startImpl(158)) - d31fb603-bc45-4cd2-bfc5-2ee103695b2e: GrpcService started, listening on 0.0.0.0/0.0.0.0:42529
2019-10-17 07:10:18,311 [Datanode State Machine Thread - 0] INFO  server.GrpcService (GrpcService.java:startImpl(158)) - 67ae3572-7d88-4e50-b53b-0f48f6748b38: GrpcService started, listening on 0.0.0.0/0.0.0.0:41299
2019-10-17 07:10:18,311 [Datanode State Machine Thread - 0] INFO  server.GrpcService (GrpcService.java:startImpl(158)) - 831edaa1-80a5-4091-843f-90c648a5a79d: GrpcService started, listening on 0.0.0.0/0.0.0.0:44365
2019-10-17 07:10:18,312 [Datanode State Machine Thread - 0] INFO  server.GrpcService (GrpcService.java:startImpl(158)) - aa731332-fe07-4871-af01-99c627816bfe: GrpcService started, listening on 0.0.0.0/0.0.0.0:44627
2019-10-17 07:10:18,312 [Datanode State Machine Thread - 0] INFO  ratis.XceiverServerRatis (XceiverServerRatis.java:start(428)) - XceiverServerRatis 831edaa1-80a5-4091-843f-90c648a5a79d is started using port 44365
2019-10-17 07:10:18,312 [Datanode State Machine Thread - 0] INFO  ratis.XceiverServerRatis (XceiverServerRatis.java:start(428)) - XceiverServerRatis 67ae3572-7d88-4e50-b53b-0f48f6748b38 is started using port 41299
2019-10-17 07:10:18,312 [Datanode State Machine Thread - 0] INFO  ratis.XceiverServerRatis (XceiverServerRatis.java:start(428)) - XceiverServerRatis d31fb603-bc45-4cd2-bfc5-2ee103695b2e is started using port 42529
2019-10-17 07:10:18,313 [Datanode State Machine Thread - 0] INFO  ratis.XceiverServerRatis (XceiverServerRatis.java:start(428)) - XceiverServerRatis aa731332-fe07-4871-af01-99c627816bfe is started using port 44627
2019-10-17 07:10:18,319 [Datanode State Machine Thread - 0] INFO  server.XceiverServerGrpc (XceiverServerGrpc.java:start(149)) - XceiverServerGrpc d31fb603-bc45-4cd2-bfc5-2ee103695b2e is started using port 39616
2019-10-17 07:10:18,320 [Datanode State Machine Thread - 0] INFO  server.XceiverServerGrpc (XceiverServerGrpc.java:start(149)) - XceiverServerGrpc 831edaa1-80a5-4091-843f-90c648a5a79d is started using port 38123
2019-10-17 07:10:18,320 [Datanode State Machine Thread - 0] INFO  server.XceiverServerGrpc (XceiverServerGrpc.java:start(149)) - XceiverServerGrpc aa731332-fe07-4871-af01-99c627816bfe is started using port 38341
2019-10-17 07:10:18,320 [Datanode State Machine Thread - 0] INFO  server.XceiverServerGrpc (XceiverServerGrpc.java:start(149)) - XceiverServerGrpc 67ae3572-7d88-4e50-b53b-0f48f6748b38 is started using port 45348
2019-10-17 07:10:18,346 [Datanode State Machine Thread - 0] INFO  ozoneimpl.OzoneContainer (OzoneContainer.java:start(213)) - Attempting to start container services.
2019-10-17 07:10:18,346 [Datanode State Machine Thread - 0] INFO  ozoneimpl.OzoneContainer (OzoneContainer.java:startContainerScrub(177)) - Background container scanner has been disabled.
2019-10-17 07:10:18,347 [Datanode State Machine Thread - 0] INFO  ratis.XceiverServerRatis (XceiverServerRatis.java:start(418)) - Starting XceiverServerRatis decc5551-dd4b-40dc-8ff5-b6b450d67f6f at port 0
2019-10-17 07:10:18,354 [Datanode State Machine Thread - 0] INFO  impl.RaftServerProxy (RaftServerProxy.java:lambda$start$3(299)) - decc5551-dd4b-40dc-8ff5-b6b450d67f6f: start RPC server
2019-10-17 07:10:18,358 [Datanode State Machine Thread - 0] INFO  server.GrpcService (GrpcService.java:startImpl(158)) - decc5551-dd4b-40dc-8ff5-b6b450d67f6f: GrpcService started, listening on 0.0.0.0/0.0.0.0:34435
2019-10-17 07:10:18,358 [Datanode State Machine Thread - 0] INFO  ratis.XceiverServerRatis (XceiverServerRatis.java:start(428)) - XceiverServerRatis decc5551-dd4b-40dc-8ff5-b6b450d67f6f is started using port 34435
2019-10-17 07:10:18,361 [Datanode State Machine Thread - 0] INFO  server.XceiverServerGrpc (XceiverServerGrpc.java:start(149)) - XceiverServerGrpc decc5551-dd4b-40dc-8ff5-b6b450d67f6f is started using port 38330
2019-10-17 07:10:18,425 [Datanode State Machine Thread - 0] INFO  ozoneimpl.OzoneContainer (OzoneContainer.java:start(213)) - Attempting to start container services.
2019-10-17 07:10:18,425 [Datanode State Machine Thread - 0] INFO  ozoneimpl.OzoneContainer (OzoneContainer.java:startContainerScrub(177)) - Background container scanner has been disabled.
2019-10-17 07:10:18,425 [Datanode State Machine Thread - 0] INFO  ratis.XceiverServerRatis (XceiverServerRatis.java:start(418)) - Starting XceiverServerRatis a4e5d14e-95af-4d1f-b670-5b1c42084e26 at port 0
2019-10-17 07:10:18,436 [Datanode State Machine Thread - 0] INFO  impl.RaftServerProxy (RaftServerProxy.java:lambda$start$3(299)) - a4e5d14e-95af-4d1f-b670-5b1c42084e26: start RPC server
2019-10-17 07:10:18,439 [Datanode State Machine Thread - 0] INFO  server.GrpcService (GrpcService.java:startImpl(158)) - a4e5d14e-95af-4d1f-b670-5b1c42084e26: GrpcService started, listening on 0.0.0.0/0.0.0.0:46333
2019-10-17 07:10:18,439 [Datanode State Machine Thread - 0] INFO  ratis.XceiverServerRatis (XceiverServerRatis.java:start(428)) - XceiverServerRatis a4e5d14e-95af-4d1f-b670-5b1c42084e26 is started using port 46333
2019-10-17 07:10:18,442 [Datanode State Machine Thread - 0] INFO  server.XceiverServerGrpc (XceiverServerGrpc.java:start(149)) - XceiverServerGrpc a4e5d14e-95af-4d1f-b670-5b1c42084e26 is started using port 45633
2019-10-17 07:10:18,507 [Datanode State Machine Thread - 0] INFO  ozoneimpl.OzoneContainer (OzoneContainer.java:start(213)) - Attempting to start container services.
2019-10-17 07:10:18,508 [Datanode State Machine Thread - 0] INFO  ozoneimpl.OzoneContainer (OzoneContainer.java:startContainerScrub(177)) - Background container scanner has been disabled.
2019-10-17 07:10:18,508 [Datanode State Machine Thread - 0] INFO  ratis.XceiverServerRatis (XceiverServerRatis.java:start(418)) - Starting XceiverServerRatis 5c4ee31d-c5ed-4c65-a5df-da3e3cf53ac2 at port 0
2019-10-17 07:10:18,518 [Datanode State Machine Thread - 0] INFO  impl.RaftServerProxy (RaftServerProxy.java:lambda$start$3(299)) - 5c4ee31d-c5ed-4c65-a5df-da3e3cf53ac2: start RPC server
2019-10-17 07:10:18,522 [Datanode State Machine Thread - 0] INFO  server.GrpcService (GrpcService.java:startImpl(158)) - 5c4ee31d-c5ed-4c65-a5df-da3e3cf53ac2: GrpcService started, listening on 0.0.0.0/0.0.0.0:45059
2019-10-17 07:10:18,522 [Datanode State Machine Thread - 0] INFO  ratis.XceiverServerRatis (XceiverServerRatis.java:start(428)) - XceiverServerRatis 5c4ee31d-c5ed-4c65-a5df-da3e3cf53ac2 is started using port 45059
2019-10-17 07:10:18,526 [Datanode State Machine Thread - 0] INFO  server.XceiverServerGrpc (XceiverServerGrpc.java:start(149)) - XceiverServerGrpc 5c4ee31d-c5ed-4c65-a5df-da3e3cf53ac2 is started using port 38518
2019-10-17 07:10:18,581 [Datanode State Machine Thread - 0] INFO  ozoneimpl.OzoneContainer (OzoneContainer.java:start(213)) - Attempting to start container services.
2019-10-17 07:10:18,582 [Datanode State Machine Thread - 0] INFO  ozoneimpl.OzoneContainer (OzoneContainer.java:startContainerScrub(177)) - Background container scanner has been disabled.
2019-10-17 07:10:18,582 [Datanode State Machine Thread - 0] INFO  ratis.XceiverServerRatis (XceiverServerRatis.java:start(418)) - Starting XceiverServerRatis 215fceca-0555-458b-bc4f-ba38ff24d5ba at port 0
2019-10-17 07:10:18,593 [Datanode State Machine Thread - 0] INFO  impl.RaftServerProxy (RaftServerProxy.java:lambda$start$3(299)) - 215fceca-0555-458b-bc4f-ba38ff24d5ba: start RPC server
2019-10-17 07:10:18,596 [Datanode State Machine Thread - 0] INFO  server.GrpcService (GrpcService.java:startImpl(158)) - 215fceca-0555-458b-bc4f-ba38ff24d5ba: GrpcService started, listening on 0.0.0.0/0.0.0.0:43803
2019-10-17 07:10:18,596 [Datanode State Machine Thread - 0] INFO  ratis.XceiverServerRatis (XceiverServerRatis.java:start(428)) - XceiverServerRatis 215fceca-0555-458b-bc4f-ba38ff24d5ba is started using port 43803
2019-10-17 07:10:18,600 [Datanode State Machine Thread - 0] INFO  server.XceiverServerGrpc (XceiverServerGrpc.java:start(149)) - XceiverServerGrpc 215fceca-0555-458b-bc4f-ba38ff24d5ba is started using port 36864
2019-10-17 07:10:18,687 [Datanode State Machine Thread - 0] INFO  ozoneimpl.OzoneContainer (OzoneContainer.java:start(213)) - Attempting to start container services.
2019-10-17 07:10:18,687 [Datanode State Machine Thread - 0] INFO  ozoneimpl.OzoneContainer (OzoneContainer.java:startContainerScrub(177)) - Background container scanner has been disabled.
2019-10-17 07:10:18,688 [Datanode State Machine Thread - 0] INFO  ratis.XceiverServerRatis (XceiverServerRatis.java:start(418)) - Starting XceiverServerRatis 0c631657-10a5-4e2a-a322-8fc6c651b2ed at port 0
2019-10-17 07:10:18,697 [Datanode State Machine Thread - 0] INFO  impl.RaftServerProxy (RaftServerProxy.java:lambda$start$3(299)) - 0c631657-10a5-4e2a-a322-8fc6c651b2ed: start RPC server
2019-10-17 07:10:18,701 [Datanode State Machine Thread - 0] INFO  server.GrpcService (GrpcService.java:startImpl(158)) - 0c631657-10a5-4e2a-a322-8fc6c651b2ed: GrpcService started, listening on 0.0.0.0/0.0.0.0:41694
2019-10-17 07:10:18,701 [Datanode State Machine Thread - 0] INFO  ratis.XceiverServerRatis (XceiverServerRatis.java:start(428)) - XceiverServerRatis 0c631657-10a5-4e2a-a322-8fc6c651b2ed is started using port 41694
2019-10-17 07:10:18,705 [Datanode State Machine Thread - 0] INFO  server.XceiverServerGrpc (XceiverServerGrpc.java:start(149)) - XceiverServerGrpc 0c631657-10a5-4e2a-a322-8fc6c651b2ed is started using port 43259
2019-10-17 07:10:18,763 [main] INFO  ozone.MiniOzoneClusterImpl (MiniOzoneClusterImpl.java:lambda$waitForClusterToBeReady$0(147)) - Waiting for cluster to be ready. Got 0 of 10 DN Heartbeats.
2019-10-17 07:10:18,788 [Datanode State Machine Thread - 0] INFO  ozoneimpl.OzoneContainer (OzoneContainer.java:start(213)) - Attempting to start container services.
2019-10-17 07:10:18,788 [Datanode State Machine Thread - 0] INFO  ozoneimpl.OzoneContainer (OzoneContainer.java:startContainerScrub(177)) - Background container scanner has been disabled.
2019-10-17 07:10:18,789 [Datanode State Machine Thread - 0] INFO  ratis.XceiverServerRatis (XceiverServerRatis.java:start(418)) - Starting XceiverServerRatis 715ace13-eaf8-4882-a949-ec1ca9c7a1c8 at port 0
2019-10-17 07:10:18,798 [Datanode State Machine Thread - 0] INFO  impl.RaftServerProxy (RaftServerProxy.java:lambda$start$3(299)) - 715ace13-eaf8-4882-a949-ec1ca9c7a1c8: start RPC server
2019-10-17 07:10:18,810 [Datanode State Machine Thread - 0] INFO  server.GrpcService (GrpcService.java:startImpl(158)) - 715ace13-eaf8-4882-a949-ec1ca9c7a1c8: GrpcService started, listening on 0.0.0.0/0.0.0.0:44586
2019-10-17 07:10:18,810 [Datanode State Machine Thread - 0] INFO  ratis.XceiverServerRatis (XceiverServerRatis.java:start(428)) - XceiverServerRatis 715ace13-eaf8-4882-a949-ec1ca9c7a1c8 is started using port 44586
2019-10-17 07:10:18,827 [Datanode State Machine Thread - 0] INFO  server.XceiverServerGrpc (XceiverServerGrpc.java:start(149)) - XceiverServerGrpc 715ace13-eaf8-4882-a949-ec1ca9c7a1c8 is started using port 39975
2019-10-17 07:10:19,765 [main] INFO  ozone.MiniOzoneClusterImpl (MiniOzoneClusterImpl.java:lambda$waitForClusterToBeReady$0(147)) - Waiting for cluster to be ready. Got 0 of 10 DN Heartbeats.
2019-10-17 07:10:20,066 [IPC Server handler 9 on 35102] INFO  net.NetworkTopology (NetworkTopologyImpl.java:add(111)) - Added a new node: /default-rack/67ae3572-7d88-4e50-b53b-0f48f6748b38
2019-10-17 07:10:20,066 [IPC Server handler 9 on 35102] INFO  node.SCMNodeManager (SCMNodeManager.java:register(268)) - Registered Data node : 67ae3572-7d88-4e50-b53b-0f48f6748b38{ip: 192.168.157.211, host: pr-hdds-2286-nkqct-1837310268, networkLocation: /default-rack, certSerialId: null}
2019-10-17 07:10:20,071 [EventQueue-NodeRegistrationContainerReportForDataNodeSafeModeRule] INFO  safemode.SCMSafeModeManager (DataNodeSafeModeRule.java:process(71)) - SCM in safe mode. 1 DataNodes registered, 1 required.
2019-10-17 07:10:20,071 [EventQueue-NodeRegistrationContainerReportForDataNodeSafeModeRule] INFO  safemode.SCMSafeModeManager (SCMSafeModeManager.java:validateSafeModeExitRules(177)) - ScmSafeModeManager, all rules are successfully validated
2019-10-17 07:10:20,071 [EventQueue-NodeRegistrationContainerReportForDataNodeSafeModeRule] INFO  safemode.SCMSafeModeManager (SCMSafeModeManager.java:exitSafeMode(193)) - SCM exiting safe mode.
2019-10-17 07:10:20,113 [IPC Server handler 8 on 35102] INFO  net.NetworkTopology (NetworkTopologyImpl.java:add(111)) - Added a new node: /default-rack/d31fb603-bc45-4cd2-bfc5-2ee103695b2e
2019-10-17 07:10:20,115 [IPC Server handler 8 on 35102] INFO  node.SCMNodeManager (SCMNodeManager.java:register(268)) - Registered Data node : d31fb603-bc45-4cd2-bfc5-2ee103695b2e{ip: 192.168.157.211, host: pr-hdds-2286-nkqct-1837310268, networkLocation: /default-rack, certSerialId: null}
2019-10-17 07:10:20,188 [IPC Server handler 6 on 35102] INFO  net.NetworkTopology (NetworkTopologyImpl.java:add(111)) - Added a new node: /default-rack/aa731332-fe07-4871-af01-99c627816bfe
2019-10-17 07:10:20,188 [IPC Server handler 6 on 35102] INFO  node.SCMNodeManager (SCMNodeManager.java:register(268)) - Registered Data node : aa731332-fe07-4871-af01-99c627816bfe{ip: 192.168.157.211, host: pr-hdds-2286-nkqct-1837310268, networkLocation: /default-rack, certSerialId: null}
2019-10-17 07:10:20,264 [IPC Server handler 16 on 35102] INFO  net.NetworkTopology (NetworkTopologyImpl.java:add(111)) - Added a new node: /default-rack/831edaa1-80a5-4091-843f-90c648a5a79d
2019-10-17 07:10:20,264 [IPC Server handler 16 on 35102] INFO  node.SCMNodeManager (SCMNodeManager.java:register(268)) - Registered Data node : 831edaa1-80a5-4091-843f-90c648a5a79d{ip: 192.168.157.211, host: pr-hdds-2286-nkqct-1837310268, networkLocation: /default-rack, certSerialId: null}
2019-10-17 07:10:20,333 [IPC Server handler 5 on 35102] INFO  net.NetworkTopology (NetworkTopologyImpl.java:add(111)) - Added a new node: /default-rack/decc5551-dd4b-40dc-8ff5-b6b450d67f6f
2019-10-17 07:10:20,333 [IPC Server handler 5 on 35102] INFO  node.SCMNodeManager (SCMNodeManager.java:register(268)) - Registered Data node : decc5551-dd4b-40dc-8ff5-b6b450d67f6f{ip: 192.168.157.211, host: pr-hdds-2286-nkqct-1837310268, networkLocation: /default-rack, certSerialId: null}
2019-10-17 07:10:20,412 [IPC Server handler 4 on 35102] INFO  net.NetworkTopology (NetworkTopologyImpl.java:add(111)) - Added a new node: /default-rack/a4e5d14e-95af-4d1f-b670-5b1c42084e26
2019-10-17 07:10:20,412 [IPC Server handler 4 on 35102] INFO  node.SCMNodeManager (SCMNodeManager.java:register(268)) - Registered Data node : a4e5d14e-95af-4d1f-b670-5b1c42084e26{ip: 192.168.157.211, host: pr-hdds-2286-nkqct-1837310268, networkLocation: /default-rack, certSerialId: null}
2019-10-17 07:10:20,502 [IPC Server handler 3 on 35102] INFO  net.NetworkTopology (NetworkTopologyImpl.java:add(111)) - Added a new node: /default-rack/5c4ee31d-c5ed-4c65-a5df-da3e3cf53ac2
2019-10-17 07:10:20,503 [IPC Server handler 3 on 35102] INFO  node.SCMNodeManager (SCMNodeManager.java:register(268)) - Registered Data node : 5c4ee31d-c5ed-4c65-a5df-da3e3cf53ac2{ip: 192.168.157.211, host: pr-hdds-2286-nkqct-1837310268, networkLocation: /default-rack, certSerialId: null}
2019-10-17 07:10:20,569 [IPC Server handler 1 on 35102] INFO  net.NetworkTopology (NetworkTopologyImpl.java:add(111)) - Added a new node: /default-rack/215fceca-0555-458b-bc4f-ba38ff24d5ba
2019-10-17 07:10:20,569 [IPC Server handler 1 on 35102] INFO  node.SCMNodeManager (SCMNodeManager.java:register(268)) - Registered Data node : 215fceca-0555-458b-bc4f-ba38ff24d5ba{ip: 192.168.157.211, host: pr-hdds-2286-nkqct-1837310268, networkLocation: /default-rack, certSerialId: null}
2019-10-17 07:10:20,666 [IPC Server handler 12 on 35102] INFO  net.NetworkTopology (NetworkTopologyImpl.java:add(111)) - Added a new node: /default-rack/0c631657-10a5-4e2a-a322-8fc6c651b2ed
2019-10-17 07:10:20,667 [IPC Server handler 12 on 35102] INFO  node.SCMNodeManager (SCMNodeManager.java:register(268)) - Registered Data node : 0c631657-10a5-4e2a-a322-8fc6c651b2ed{ip: 192.168.157.211, host: pr-hdds-2286-nkqct-1837310268, networkLocation: /default-rack, certSerialId: null}
2019-10-17 07:10:20,678 [grpc-default-executor-0] INFO  impl.RaftServerProxy (RaftServerProxy.java:addNew(89)) - 67ae3572-7d88-4e50-b53b-0f48f6748b38: addNew group-B9236A927950:[67ae3572-7d88-4e50-b53b-0f48f6748b38:192.168.157.211:41299] returns group-B9236A927950:java.util.concurrent.CompletableFuture@6524c511[Not completed]
2019-10-17 07:10:20,693 [pool-27-thread-1] INFO  impl.RaftServerImpl (RaftServerImpl.java:<init>(104)) - 67ae3572-7d88-4e50-b53b-0f48f6748b38: new RaftServerImpl for group-B9236A927950:[67ae3572-7d88-4e50-b53b-0f48f6748b38:192.168.157.211:41299] with ContainerStateMachine:uninitialized
2019-10-17 07:10:20,694 [pool-27-thread-1] INFO  server.RaftServerConfigKeys (ConfUtils.java:logGet(43)) - raft.server.rpc.timeout.min = 1s (custom)
2019-10-17 07:10:20,696 [pool-27-thread-1] INFO  server.RaftServerConfigKeys (ConfUtils.java:logGet(43)) - raft.server.rpc.timeout.max = 1200ms (custom)
2019-10-17 07:10:20,696 [pool-27-thread-1] INFO  server.RaftServerConfigKeys (ConfUtils.java:logGet(43)) - raft.server.rpcslowness.timeout = 120s (custom)
2019-10-17 07:10:20,696 [pool-27-thread-1] INFO  server.RaftServerConfigKeys (ConfUtils.java:logGet(43)) - raft.server.sleep.deviation.threshold = 300 (default)
2019-10-17 07:10:20,697 [pool-27-thread-1] INFO  server.RaftServerConfigKeys (ConfUtils.java:logGet(43)) - raft.server.log.appender.install.snapshot.enabled = false (custom)
2019-10-17 07:10:20,705 [pool-27-thread-1] INFO  impl.RaftServerImpl (ServerState.java:<init>(103)) - 67ae3572-7d88-4e50-b53b-0f48f6748b38@group-B9236A927950: ConfigurationManager, init=-1: [67ae3572-7d88-4e50-b53b-0f48f6748b38:192.168.157.211:41299], old=null, confs=<EMPTY_MAP>
2019-10-17 07:10:20,705 [pool-27-thread-1] INFO  server.RaftServerConfigKeys (ConfUtils.java:logGet(43)) - raft.server.storage.dir = [/workdir/hadoop-ozone/integration-test/target/test-dir/MiniOzoneClusterImpl-ef926406-3935-4524-95f5-43adee877df5/datanode-0/data/ratis] (custom)
2019-10-17 07:10:20,712 [pool-27-thread-1] INFO  server.RaftServerConfigKeys (ConfUtils.java:logGet(43)) - raft.server.log.corruption.policy = EXCEPTION (default)
2019-10-17 07:10:20,714 [pool-27-thread-1] INFO  storage.RaftStorageDirectory (RaftStorageDirectory.java:analyzeStorage(246)) - The storage directory /workdir/hadoop-ozone/integration-test/target/test-dir/MiniOzoneClusterImpl-ef926406-3935-4524-95f5-43adee877df5/datanode-0/data/ratis/0a16e690-9850-47a2-ace0-b9236a927950 does not exist. Creating ...
2019-10-17 07:10:20,740 [pool-27-thread-1] INFO  storage.RaftStorageDirectory (RaftStorageDirectory.java:tryLock(328)) - Lock on /workdir/hadoop-ozone/integration-test/target/test-dir/MiniOzoneClusterImpl-ef926406-3935-4524-95f5-43adee877df5/datanode-0/data/ratis/0a16e690-9850-47a2-ace0-b9236a927950/in_use.lock acquired by nodename 2333@pr-hdds-2286-nkqct-1837310268
2019-10-17 07:10:20,746 [pool-27-thread-1] INFO  storage.RaftStorage (RaftStorage.java:format(84)) - Storage directory /workdir/hadoop-ozone/integration-test/target/test-dir/MiniOzoneClusterImpl-ef926406-3935-4524-95f5-43adee877df5/datanode-0/data/ratis/0a16e690-9850-47a2-ace0-b9236a927950 has been successfully formatted.
2019-10-17 07:10:20,749 [pool-27-thread-1] INFO  ratis.ContainerStateMachine (ContainerStateMachine.java:loadSnapshot(231)) - group-B9236A927950: The snapshot info is null. Setting the last applied indexto:(t:0, i:~)
2019-10-17 07:10:20,749 [pool-27-thread-1] INFO  server.RaftServerConfigKeys (ConfUtils.java:logGet(43)) - raft.server.notification.no-leader.timeout = 120s (custom)
2019-10-17 07:10:20,751 [pool-27-thread-1] INFO  server.RaftServerConfigKeys (ConfUtils.java:logGet(43)) - raft.server.log.use.memory = false (default)
2019-10-17 07:10:20,758 [pool-27-thread-1] INFO  server.RaftServerConfigKeys (ConfUtils.java:logGet(43)) - raft.server.log.purge.gap = 1000000 (custom)
2019-10-17 07:10:20,758 [pool-27-thread-1] INFO  server.RaftServerConfigKeys (ConfUtils.java:logGet(43)) - raft.server.log.appender.buffer.byte-limit = 33554432 (custom)
2019-10-17 07:10:20,761 [pool-27-thread-1] INFO  server.RaftServerConfigKeys (ConfUtils.java:logGet(43)) - raft.server.log.segment.size.max = 1048576 (custom)
2019-10-17 07:10:20,763 [pool-27-thread-1] INFO  impl.MetricsSystemImpl (MetricsSystemImpl.java:init(158)) - ratis metrics system started (again)
2019-10-17 07:10:20,779 [main] INFO  ozone.MiniOzoneClusterImpl (MiniOzoneClusterImpl.java:lambda$waitForClusterToBeReady$0(147)) - Waiting for cluster to be ready. Got 9 of 10 DN Heartbeats.
2019-10-17 07:10:20,787 [IPC Server handler 9 on 35102] INFO  net.NetworkTopology (NetworkTopologyImpl.java:add(111)) - Added a new node: /default-rack/715ace13-eaf8-4882-a949-ec1ca9c7a1c8
2019-10-17 07:10:20,788 [IPC Server handler 9 on 35102] INFO  node.SCMNodeManager (SCMNodeManager.java:register(268)) - Registered Data node : 715ace13-eaf8-4882-a949-ec1ca9c7a1c8{ip: 192.168.157.211, host: pr-hdds-2286-nkqct-1837310268, networkLocation: /default-rack, certSerialId: null}
2019-10-17 07:10:20,790 [pool-27-thread-1] INFO  metrics.MetricRegistries (MetricRegistriesLoader.java:load(64)) - Loaded MetricRegistries class org.apache.ratis.metrics.impl.MetricRegistriesImpl
2019-10-17 07:10:20,842 [pool-27-thread-1] INFO  server.RaftServerConfigKeys (ConfUtils.java:logGet(43)) - raft.server.log.segment.cache.num.max = 2 (custom)
2019-10-17 07:10:20,849 [pool-27-thread-1] INFO  segmented.SegmentedRaftLogWorker (SegmentedRaftLogWorker.java:<init>(173)) - new 67ae3572-7d88-4e50-b53b-0f48f6748b38@group-B9236A927950-SegmentedRaftLogWorker for RaftStorage:Storage Directory /workdir/hadoop-ozone/integration-test/target/test-dir/MiniOzoneClusterImpl-ef926406-3935-4524-95f5-43adee877df5/datanode-0/data/ratis/0a16e690-9850-47a2-ace0-b9236a927950
2019-10-17 07:10:20,850 [pool-27-thread-1] INFO  server.RaftServerConfigKeys (ConfUtils.java:logGet(43)) - raft.server.log.queue.byte-limit = 2147483647 (custom)
2019-10-17 07:10:20,850 [pool-27-thread-1] INFO  server.RaftServerConfigKeys (ConfUtils.java:logGet(43)) - raft.server.log.queue.element-limit = 1024 (custom)
2019-10-17 07:10:20,852 [pool-27-thread-1] INFO  server.RaftServerConfigKeys (ConfUtils.java:logGet(43)) - raft.server.log.segment.size.max = 1048576 (custom)
2019-10-17 07:10:20,853 [pool-27-thread-1] INFO  server.RaftServerConfigKeys (ConfUtils.java:logGet(43)) - raft.server.log.preallocated.size = 16384 (custom)
2019-10-17 07:10:20,853 [pool-27-thread-1] INFO  server.RaftServerConfigKeys (ConfUtils.java:logGet(43)) - raft.server.log.write.buffer.size = 33554432 (custom)
2019-10-17 07:10:20,854 [pool-27-thread-1] INFO  server.RaftServerConfigKeys (ConfUtils.java:logGet(43)) - raft.server.log.force.sync.num = 128 (default)
2019-10-17 07:10:20,855 [pool-27-thread-1] INFO  server.RaftServerConfigKeys (ConfUtils.java:logGet(43)) - raft.server.log.statemachine.data.sync = true (default)
2019-10-17 07:10:20,855 [pool-27-thread-1] INFO  server.RaftServerConfigKeys (ConfUtils.java:logGet(43)) - raft.server.log.statemachine.data.sync.timeout = 10s (default)
2019-10-17 07:10:20,856 [pool-27-thread-1] INFO  server.RaftServerConfigKeys (ConfUtils.java:logGet(43)) - raft.server.log.statemachine.data.sync.timeout.retry = -1 (default)
2019-10-17 07:10:20,871 [pool-27-thread-1] INFO  server.RaftServerConfigKeys (ConfUtils.java:logGet(43)) - raft.server.log.statemachine.data.caching.enabled = true (custom)
2019-10-17 07:10:20,876 [pool-27-thread-1] INFO  segmented.SegmentedRaftLogWorker (SegmentedRaftLogWorker.java:lambda$new$0(128)) - 67ae3572-7d88-4e50-b53b-0f48f6748b38@group-B9236A927950-SegmentedRaftLogWorker: flushIndex: setUnconditionally 0 -> -1
2019-10-17 07:10:20,881 [pool-27-thread-1] INFO  server.RaftServerConfigKeys (ConfUtils.java:logGet(43)) - raft.server.snapshot.auto.trigger.enabled = true (custom)
2019-10-17 07:10:20,882 [pool-27-thread-1] INFO  server.RaftServerConfigKeys (ConfUtils.java:logGet(43)) - raft.server.snapshot.auto.trigger.threshold = 10000 (custom)
2019-10-17 07:10:20,883 [pool-27-thread-1] INFO  server.RaftServerConfigKeys (ConfUtils.java:logGet(43)) - raft.server.snapshot.retention.file.num = 5 (custom)
2019-10-17 07:10:20,883 [pool-27-thread-1] INFO  server.RaftServerConfigKeys (ConfUtils.java:logGet(43)) - raft.server.retrycache.expirytime = 600000ms (custom)
2019-10-17 07:10:20,916 [pool-27-thread-1] INFO  impl.RaftServerImpl (RaftServerImpl.java:start(195)) - 67ae3572-7d88-4e50-b53b-0f48f6748b38@group-B9236A927950: start as a follower, conf=-1: [67ae3572-7d88-4e50-b53b-0f48f6748b38:192.168.157.211:41299], old=null
2019-10-17 07:10:20,917 [pool-27-thread-1] INFO  impl.RaftServerImpl (RaftServerImpl.java:setRole(184)) - 67ae3572-7d88-4e50-b53b-0f48f6748b38@group-B9236A927950: changes role from      null to FOLLOWER at term 0 for startAsFollower
2019-10-17 07:10:20,918 [pool-27-thread-1] INFO  impl.RoleInfo (RoleInfo.java:updateAndGet(143)) - 67ae3572-7d88-4e50-b53b-0f48f6748b38: start FollowerState
2019-10-17 07:10:20,920 [pool-27-thread-1] INFO  util.JmxRegister (JmxRegister.java:tryRegister(44)) - Successfully registered JMX Bean with object name Ratis:service=RaftServer,group=group-B9236A927950,id=67ae3572-7d88-4e50-b53b-0f48f6748b38
2019-10-17 07:10:20,922 [Thread-285] INFO  impl.FollowerState (FollowerState.java:run(108)) - 67ae3572-7d88-4e50-b53b-0f48f6748b38@group-B9236A927950-FollowerState: change to CANDIDATE, lastRpcTime:4ms, electionTimeout:3ms
2019-10-17 07:10:20,928 [Thread-285] INFO  impl.RoleInfo (RoleInfo.java:shutdownFollowerState(121)) - 67ae3572-7d88-4e50-b53b-0f48f6748b38: shutdown FollowerState
2019-10-17 07:10:20,930 [Thread-285] INFO  impl.RaftServerImpl (RaftServerImpl.java:setRole(184)) - 67ae3572-7d88-4e50-b53b-0f48f6748b38@group-B9236A927950: changes role from  FOLLOWER to CANDIDATE at term 0 for changeToCandidate
2019-10-17 07:10:20,938 [Thread-285] INFO  impl.RoleInfo (RoleInfo.java:updateAndGet(143)) - 67ae3572-7d88-4e50-b53b-0f48f6748b38: start LeaderElection
2019-10-17 07:10:20,954 [67ae3572-7d88-4e50-b53b-0f48f6748b38@group-B9236A927950-LeaderElection1] INFO  impl.LeaderElection (LeaderElection.java:askForVotes(178)) - 67ae3572-7d88-4e50-b53b-0f48f6748b38@group-B9236A927950-LeaderElection1: begin an election at term 1 for -1: [67ae3572-7d88-4e50-b53b-0f48f6748b38:192.168.157.211:41299], old=null
2019-10-17 07:10:20,956 [67ae3572-7d88-4e50-b53b-0f48f6748b38@group-B9236A927950-LeaderElection1] INFO  impl.RoleInfo (RoleInfo.java:shutdownLeaderElection(134)) - 67ae3572-7d88-4e50-b53b-0f48f6748b38: shutdown LeaderElection
2019-10-17 07:10:20,956 [67ae3572-7d88-4e50-b53b-0f48f6748b38@group-B9236A927950-LeaderElection1] INFO  impl.RaftServerImpl (RaftServerImpl.java:setRole(184)) - 67ae3572-7d88-4e50-b53b-0f48f6748b38@group-B9236A927950: changes role from CANDIDATE to LEADER at term 1 for changeToLeader
2019-10-17 07:10:20,957 [67ae3572-7d88-4e50-b53b-0f48f6748b38@group-B9236A927950-LeaderElection1] INFO  impl.RaftServerImpl (ServerState.java:setLeader(256)) - 67ae3572-7d88-4e50-b53b-0f48f6748b38@group-B9236A927950: change Leader from null to 67ae3572-7d88-4e50-b53b-0f48f6748b38 at term 1 for becomeLeader, leader elected after 207ms
2019-10-17 07:10:20,965 [67ae3572-7d88-4e50-b53b-0f48f6748b38@group-B9236A927950-LeaderElection1] INFO  server.RaftServerConfigKeys (ConfUtils.java:logGet(43)) - raft.server.staging.catchup.gap = 1000 (default)
2019-10-17 07:10:20,966 [67ae3572-7d88-4e50-b53b-0f48f6748b38@group-B9236A927950-LeaderElection1] INFO  server.RaftServerConfigKeys (ConfUtils.java:logGet(43)) - raft.server.rpc.sleep.time = 25ms (default)
2019-10-17 07:10:20,974 [67ae3572-7d88-4e50-b53b-0f48f6748b38@group-B9236A927950-LeaderElection1] INFO  server.RaftServerConfigKeys (ConfUtils.java:logGet(43)) - raft.server.write.element-limit = 4096 (default)
2019-10-17 07:10:20,977 [67ae3572-7d88-4e50-b53b-0f48f6748b38@group-B9236A927950-LeaderElection1] INFO  server.RaftServerConfigKeys (ConfUtils.java:logGet(43)) - raft.server.watch.timeout = 10s (default)
2019-10-17 07:10:20,977 [67ae3572-7d88-4e50-b53b-0f48f6748b38@group-B9236A927950-LeaderElection1] INFO  server.RaftServerConfigKeys (ConfUtils.java:logGet(43)) - raft.server.watch.timeout.denomination = 1s (default)
2019-10-17 07:10:20,980 [67ae3572-7d88-4e50-b53b-0f48f6748b38@group-B9236A927950-LeaderElection1] INFO  server.RaftServerConfigKeys (ConfUtils.java:logGet(43)) - raft.server.watch.element-limit = 65536 (default)
2019-10-17 07:10:21,048 [67ae3572-7d88-4e50-b53b-0f48f6748b38@group-B9236A927950-LeaderElection1] INFO  impl.RoleInfo (RoleInfo.java:updateAndGet(143)) - 67ae3572-7d88-4e50-b53b-0f48f6748b38: start LeaderState
2019-10-17 07:10:21,063 [RatisPipelineUtilsThread] INFO  pipeline.PipelineStateManager (PipelineStateManager.java:addPipeline(56)) - Created pipeline Pipeline[ Id: 0a16e690-9850-47a2-ace0-b9236a927950, Nodes: 67ae3572-7d88-4e50-b53b-0f48f6748b38{ip: 192.168.157.211, host: pr-hdds-2286-nkqct-1837310268, networkLocation: /default-rack, certSerialId: null}, Type:RATIS, Factor:ONE, State:OPEN]
2019-10-17 07:10:21,069 [67ae3572-7d88-4e50-b53b-0f48f6748b38@group-B9236A927950-LeaderElection1] INFO  segmented.SegmentedRaftLogWorker (SegmentedRaftLogWorker.java:startLogSegment(385)) - 67ae3572-7d88-4e50-b53b-0f48f6748b38@group-B9236A927950-SegmentedRaftLogWorker: Starting segment from index:0
2019-10-17 07:10:21,087 [67ae3572-7d88-4e50-b53b-0f48f6748b38@group-B9236A927950-LeaderElection1] INFO  impl.RaftServerImpl (ServerState.java:setRaftConf(357)) - 67ae3572-7d88-4e50-b53b-0f48f6748b38@group-B9236A927950: set configuration 0: [67ae3572-7d88-4e50-b53b-0f48f6748b38:192.168.157.211:41299], old=null at 0
2019-10-17 07:10:21,091 [grpc-default-executor-0] INFO  impl.RaftServerProxy (RaftServerProxy.java:addNew(89)) - decc5551-dd4b-40dc-8ff5-b6b450d67f6f: addNew group-769B41B895DA:[decc5551-dd4b-40dc-8ff5-b6b450d67f6f:192.168.157.211:34435] returns group-769B41B895DA:java.util.concurrent.CompletableFuture@2aa22f50[Not completed]
2019-10-17 07:10:21,095 [pool-67-thread-1] INFO  impl.RaftServerImpl (RaftServerImpl.java:<init>(104)) - decc5551-dd4b-40dc-8ff5-b6b450d67f6f: new RaftServerImpl for group-769B41B895DA:[decc5551-dd4b-40dc-8ff5-b6b450d67f6f:192.168.157.211:34435] with ContainerStateMachine:uninitialized
2019-10-17 07:10:21,095 [pool-67-thread-1] INFO  server.RaftServerConfigKeys (ConfUtils.java:logGet(43)) - raft.server.rpc.timeout.min = 1s (custom)
2019-10-17 07:10:21,095 [pool-67-thread-1] INFO  server.RaftServerConfigKeys (ConfUtils.java:logGet(43)) - raft.server.rpc.timeout.max = 1200ms (custom)
2019-10-17 07:10:21,095 [pool-67-thread-1] INFO  server.RaftServerConfigKeys (ConfUtils.java:logGet(43)) - raft.server.rpcslowness.timeout = 120s (custom)
2019-10-17 07:10:21,095 [pool-67-thread-1] INFO  server.RaftServerConfigKeys (ConfUtils.java:logGet(43)) - raft.server.sleep.deviation.threshold = 300 (default)
2019-10-17 07:10:21,095 [pool-67-thread-1] INFO  server.RaftServerConfigKeys (ConfUtils.java:logGet(43)) - raft.server.log.appender.install.snapshot.enabled = false (custom)
2019-10-17 07:10:21,095 [pool-67-thread-1] INFO  impl.RaftServerImpl (ServerState.java:<init>(103)) - decc5551-dd4b-40dc-8ff5-b6b450d67f6f@group-769B41B895DA: ConfigurationManager, init=-1: [decc5551-dd4b-40dc-8ff5-b6b450d67f6f:192.168.157.211:34435], old=null, confs=<EMPTY_MAP>
2019-10-17 07:10:21,096 [pool-67-thread-1] INFO  server.RaftServerConfigKeys (ConfUtils.java:logGet(43)) - raft.server.storage.dir = [/workdir/hadoop-ozone/integration-test/target/test-dir/MiniOzoneClusterImpl-ef926406-3935-4524-95f5-43adee877df5/datanode-4/data/ratis] (custom)
2019-10-17 07:10:21,096 [pool-67-thread-1] INFO  server.RaftServerConfigKeys (ConfUtils.java:logGet(43)) - raft.server.log.corruption.policy = EXCEPTION (default)
2019-10-17 07:10:21,096 [pool-67-thread-1] INFO  storage.RaftStorageDirectory (RaftStorageDirectory.java:analyzeStorage(246)) - The storage directory /workdir/hadoop-ozone/integration-test/target/test-dir/MiniOzoneClusterImpl-ef926406-3935-4524-95f5-43adee877df5/datanode-4/data/ratis/ef301b97-0803-40ed-a826-769b41b895da does not exist. Creating ...
2019-10-17 07:10:21,110 [pool-67-thread-1] INFO  storage.RaftStorageDirectory (RaftStorageDirectory.java:tryLock(328)) - Lock on /workdir/hadoop-ozone/integration-test/target/test-dir/MiniOzoneClusterImpl-ef926406-3935-4524-95f5-43adee877df5/datanode-4/data/ratis/ef301b97-0803-40ed-a826-769b41b895da/in_use.lock acquired by nodename 2333@pr-hdds-2286-nkqct-1837310268
2019-10-17 07:10:21,123 [pool-67-thread-1] INFO  storage.RaftStorage (RaftStorage.java:format(84)) - Storage directory /workdir/hadoop-ozone/integration-test/target/test-dir/MiniOzoneClusterImpl-ef926406-3935-4524-95f5-43adee877df5/datanode-4/data/ratis/ef301b97-0803-40ed-a826-769b41b895da has been successfully formatted.
2019-10-17 07:10:21,125 [pool-67-thread-1] INFO  ratis.ContainerStateMachine (ContainerStateMachine.java:loadSnapshot(231)) - group-769B41B895DA: The snapshot info is null. Setting the last applied indexto:(t:0, i:~)
2019-10-17 07:10:21,126 [pool-67-thread-1] INFO  server.RaftServerConfigKeys (ConfUtils.java:logGet(43)) - raft.server.notification.no-leader.timeout = 120s (custom)
2019-10-17 07:10:21,127 [pool-67-thread-1] INFO  server.RaftServerConfigKeys (ConfUtils.java:logGet(43)) - raft.server.log.use.memory = false (default)
2019-10-17 07:10:21,127 [pool-67-thread-1] INFO  server.RaftServerConfigKeys (ConfUtils.java:logGet(43)) - raft.server.log.purge.gap = 1000000 (custom)
2019-10-17 07:10:21,127 [pool-67-thread-1] INFO  server.RaftServerConfigKeys (ConfUtils.java:logGet(43)) - raft.server.log.appender.buffer.byte-limit = 33554432 (custom)
2019-10-17 07:10:21,127 [pool-67-thread-1] INFO  server.RaftServerConfigKeys (ConfUtils.java:logGet(43)) - raft.server.log.segment.size.max = 1048576 (custom)
2019-10-17 07:10:21,175 [pool-67-thread-1] INFO  server.RaftServerConfigKeys (ConfUtils.java:logGet(43)) - raft.server.log.segment.cache.num.max = 2 (custom)
2019-10-17 07:10:21,175 [pool-67-thread-1] INFO  segmented.SegmentedRaftLogWorker (SegmentedRaftLogWorker.java:<init>(173)) - new decc5551-dd4b-40dc-8ff5-b6b450d67f6f@group-769B41B895DA-SegmentedRaftLogWorker for RaftStorage:Storage Directory /workdir/hadoop-ozone/integration-test/target/test-dir/MiniOzoneClusterImpl-ef926406-3935-4524-95f5-43adee877df5/datanode-4/data/ratis/ef301b97-0803-40ed-a826-769b41b895da
2019-10-17 07:10:21,175 [pool-67-thread-1] INFO  server.RaftServerConfigKeys (ConfUtils.java:logGet(43)) - raft.server.log.queue.byte-limit = 2147483647 (custom)
2019-10-17 07:10:21,175 [pool-67-thread-1] INFO  server.RaftServerConfigKeys (ConfUtils.java:logGet(43)) - raft.server.log.queue.element-limit = 1024 (custom)
2019-10-17 07:10:21,175 [pool-67-thread-1] INFO  server.RaftServerConfigKeys (ConfUtils.java:logGet(43)) - raft.server.log.segment.size.max = 1048576 (custom)
2019-10-17 07:10:21,176 [pool-67-thread-1] INFO  server.RaftServerConfigKeys (ConfUtils.java:logGet(43)) - raft.server.log.preallocated.size = 16384 (custom)
2019-10-17 07:10:21,176 [pool-67-thread-1] INFO  server.RaftServerConfigKeys (ConfUtils.java:logGet(43)) - raft.server.log.write.buffer.size = 33554432 (custom)
2019-10-17 07:10:21,176 [pool-67-thread-1] INFO  server.RaftServerConfigKeys (ConfUtils.java:logGet(43)) - raft.server.log.force.sync.num = 128 (default)
2019-10-17 07:10:21,176 [pool-67-thread-1] INFO  server.RaftServerConfigKeys (ConfUtils.java:logGet(43)) - raft.server.log.statemachine.data.sync = true (default)
2019-10-17 07:10:21,176 [pool-67-thread-1] INFO  server.RaftServerConfigKeys (ConfUtils.java:logGet(43)) - raft.server.log.statemachine.data.sync.timeout = 10s (default)
2019-10-17 07:10:21,176 [pool-67-thread-1] INFO  server.RaftServerConfigKeys (ConfUtils.java:logGet(43)) - raft.server.log.statemachine.data.sync.timeout.retry = -1 (default)
2019-10-17 07:10:21,178 [pool-67-thread-1] INFO  server.RaftServerConfigKeys (ConfUtils.java:logGet(43)) - raft.server.log.statemachine.data.caching.enabled = true (custom)
2019-10-17 07:10:21,178 [pool-67-thread-1] INFO  segmented.SegmentedRaftLogWorker (SegmentedRaftLogWorker.java:lambda$new$0(128)) - decc5551-dd4b-40dc-8ff5-b6b450d67f6f@group-769B41B895DA-SegmentedRaftLogWorker: flushIndex: setUnconditionally 0 -> -1
2019-10-17 07:10:21,178 [pool-67-thread-1] INFO  server.RaftServerConfigKeys (ConfUtils.java:logGet(43)) - raft.server.snapshot.auto.trigger.enabled = true (custom)
2019-10-17 07:10:21,179 [pool-67-thread-1] INFO  server.RaftServerConfigKeys (ConfUtils.java:logGet(43)) - raft.server.snapshot.auto.trigger.threshold = 10000 (custom)
2019-10-17 07:10:21,179 [pool-67-thread-1] INFO  server.RaftServerConfigKeys (ConfUtils.java:logGet(43)) - raft.server.snapshot.retention.file.num = 5 (custom)
2019-10-17 07:10:21,179 [pool-67-thread-1] INFO  server.RaftServerConfigKeys (ConfUtils.java:logGet(43)) - raft.server.retrycache.expirytime = 600000ms (custom)
2019-10-17 07:10:21,190 [pool-67-thread-1] INFO  impl.RaftServerImpl (RaftServerImpl.java:start(195)) - decc5551-dd4b-40dc-8ff5-b6b450d67f6f@group-769B41B895DA: start as a follower, conf=-1: [decc5551-dd4b-40dc-8ff5-b6b450d67f6f:192.168.157.211:34435], old=null
2019-10-17 07:10:21,190 [pool-67-thread-1] INFO  impl.RaftServerImpl (RaftServerImpl.java:setRole(184)) - decc5551-dd4b-40dc-8ff5-b6b450d67f6f@group-769B41B895DA: changes role from      null to FOLLOWER at term 0 for startAsFollower
2019-10-17 07:10:21,190 [pool-67-thread-1] INFO  impl.RoleInfo (RoleInfo.java:updateAndGet(143)) - decc5551-dd4b-40dc-8ff5-b6b450d67f6f: start FollowerState
2019-10-17 07:10:21,191 [pool-67-thread-1] INFO  util.JmxRegister (JmxRegister.java:tryRegister(44)) - Successfully registered JMX Bean with object name Ratis:service=RaftServer,group=group-769B41B895DA,id=decc5551-dd4b-40dc-8ff5-b6b450d67f6f
2019-10-17 07:10:21,213 [RatisPipelineUtilsThread] INFO  pipeline.PipelineStateManager (PipelineStateManager.java:addPipeline(56)) - Created pipeline Pipeline[ Id: ef301b97-0803-40ed-a826-769b41b895da, Nodes: decc5551-dd4b-40dc-8ff5-b6b450d67f6f{ip: 192.168.157.211, host: pr-hdds-2286-nkqct-1837310268, networkLocation: /default-rack, certSerialId: null}, Type:RATIS, Factor:ONE, State:OPEN]
2019-10-17 07:10:21,234 [grpc-default-executor-0] INFO  impl.RaftServerProxy (RaftServerProxy.java:addNew(89)) - 215fceca-0555-458b-bc4f-ba38ff24d5ba: addNew group-7CDFFFDE5B5A:[215fceca-0555-458b-bc4f-ba38ff24d5ba:192.168.157.211:43803] returns group-7CDFFFDE5B5A:java.util.concurrent.CompletableFuture@369b1d6d[Not completed]
2019-10-17 07:10:21,254 [pool-97-thread-1] INFO  impl.RaftServerImpl (RaftServerImpl.java:<init>(104)) - 215fceca-0555-458b-bc4f-ba38ff24d5ba: new RaftServerImpl for group-7CDFFFDE5B5A:[215fceca-0555-458b-bc4f-ba38ff24d5ba:192.168.157.211:43803] with ContainerStateMachine:uninitialized
2019-10-17 07:10:21,254 [pool-97-thread-1] INFO  server.RaftServerConfigKeys (ConfUtils.java:logGet(43)) - raft.server.rpc.timeout.min = 1s (custom)
2019-10-17 07:10:21,254 [pool-97-thread-1] INFO  server.RaftServerConfigKeys (ConfUtils.java:logGet(43)) - raft.server.rpc.timeout.max = 1200ms (custom)
2019-10-17 07:10:21,254 [pool-97-thread-1] INFO  server.RaftServerConfigKeys (ConfUtils.java:logGet(43)) - raft.server.rpcslowness.timeout = 120s (custom)
2019-10-17 07:10:21,254 [pool-97-thread-1] INFO  server.RaftServerConfigKeys (ConfUtils.java:logGet(43)) - raft.server.sleep.deviation.threshold = 300 (default)
2019-10-17 07:10:21,255 [pool-97-thread-1] INFO  server.RaftServerConfigKeys (ConfUtils.java:logGet(43)) - raft.server.log.appender.install.snapshot.enabled = false (custom)
2019-10-17 07:10:21,255 [pool-97-thread-1] INFO  impl.RaftServerImpl (ServerState.java:<init>(103)) - 215fceca-0555-458b-bc4f-ba38ff24d5ba@group-7CDFFFDE5B5A: ConfigurationManager, init=-1: [215fceca-0555-458b-bc4f-ba38ff24d5ba:192.168.157.211:43803], old=null, confs=<EMPTY_MAP>
2019-10-17 07:10:21,255 [pool-97-thread-1] INFO  server.RaftServerConfigKeys (ConfUtils.java:logGet(43)) - raft.server.storage.dir = [/workdir/hadoop-ozone/integration-test/target/test-dir/MiniOzoneClusterImpl-ef926406-3935-4524-95f5-43adee877df5/datanode-7/data/ratis] (custom)
2019-10-17 07:10:21,255 [pool-97-thread-1] INFO  server.RaftServerConfigKeys (ConfUtils.java:logGet(43)) - raft.server.log.corruption.policy = EXCEPTION (default)
2019-10-17 07:10:21,255 [pool-97-thread-1] INFO  storage.RaftStorageDirectory (RaftStorageDirectory.java:analyzeStorage(246)) - The storage directory /workdir/hadoop-ozone/integration-test/target/test-dir/MiniOzoneClusterImpl-ef926406-3935-4524-95f5-43adee877df5/datanode-7/data/ratis/5e7d5d10-83e7-4024-b42a-7cdfffde5b5a does not exist. Creating ...
2019-10-17 07:10:21,268 [pool-97-thread-1] INFO  storage.RaftStorageDirectory (RaftStorageDirectory.java:tryLock(328)) - Lock on /workdir/hadoop-ozone/integration-test/target/test-dir/MiniOzoneClusterImpl-ef926406-3935-4524-95f5-43adee877df5/datanode-7/data/ratis/5e7d5d10-83e7-4024-b42a-7cdfffde5b5a/in_use.lock acquired by nodename 2333@pr-hdds-2286-nkqct-1837310268
2019-10-17 07:10:21,281 [pool-97-thread-1] INFO  storage.RaftStorage (RaftStorage.java:format(84)) - Storage directory /workdir/hadoop-ozone/integration-test/target/test-dir/MiniOzoneClusterImpl-ef926406-3935-4524-95f5-43adee877df5/datanode-7/data/ratis/5e7d5d10-83e7-4024-b42a-7cdfffde5b5a has been successfully formatted.
2019-10-17 07:10:21,282 [pool-97-thread-1] INFO  ratis.ContainerStateMachine (ContainerStateMachine.java:loadSnapshot(231)) - group-7CDFFFDE5B5A: The snapshot info is null. Setting the last applied indexto:(t:0, i:~)
2019-10-17 07:10:21,282 [pool-97-thread-1] INFO  server.RaftServerConfigKeys (ConfUtils.java:logGet(43)) - raft.server.notification.no-leader.timeout = 120s (custom)
2019-10-17 07:10:21,282 [pool-97-thread-1] INFO  server.RaftServerConfigKeys (ConfUtils.java:logGet(43)) - raft.server.log.use.memory = false (default)
2019-10-17 07:10:21,282 [pool-97-thread-1] INFO  server.RaftServerConfigKeys (ConfUtils.java:logGet(43)) - raft.server.log.purge.gap = 1000000 (custom)
2019-10-17 07:10:21,282 [pool-97-thread-1] INFO  server.RaftServerConfigKeys (ConfUtils.java:logGet(43)) - raft.server.log.appender.buffer.byte-limit = 33554432 (custom)
2019-10-17 07:10:21,282 [pool-97-thread-1] INFO  server.RaftServerConfigKeys (ConfUtils.java:logGet(43)) - raft.server.log.segment.size.max = 1048576 (custom)
2019-10-17 07:10:21,286 [pool-97-thread-1] INFO  server.RaftServerConfigKeys (ConfUtils.java:logGet(43)) - raft.server.log.segment.cache.num.max = 2 (custom)
2019-10-17 07:10:21,286 [pool-97-thread-1] INFO  segmented.SegmentedRaftLogWorker (SegmentedRaftLogWorker.java:<init>(173)) - new 215fceca-0555-458b-bc4f-ba38ff24d5ba@group-7CDFFFDE5B5A-SegmentedRaftLogWorker for RaftStorage:Storage Directory /workdir/hadoop-ozone/integration-test/target/test-dir/MiniOzoneClusterImpl-ef926406-3935-4524-95f5-43adee877df5/datanode-7/data/ratis/5e7d5d10-83e7-4024-b42a-7cdfffde5b5a
2019-10-17 07:10:21,286 [pool-97-thread-1] INFO  server.RaftServerConfigKeys (ConfUtils.java:logGet(43)) - raft.server.log.queue.byte-limit = 2147483647 (custom)
2019-10-17 07:10:21,286 [pool-97-thread-1] INFO  server.RaftServerConfigKeys (ConfUtils.java:logGet(43)) - raft.server.log.queue.element-limit = 1024 (custom)
2019-10-17 07:10:21,286 [pool-97-thread-1] INFO  server.RaftServerConfigKeys (ConfUtils.java:logGet(43)) - raft.server.log.segment.size.max = 1048576 (custom)
2019-10-17 07:10:21,286 [pool-97-thread-1] INFO  server.RaftServerConfigKeys (ConfUtils.java:logGet(43)) - raft.server.log.preallocated.size = 16384 (custom)
2019-10-17 07:10:21,286 [pool-97-thread-1] INFO  server.RaftServerConfigKeys (ConfUtils.java:logGet(43)) - raft.server.log.write.buffer.size = 33554432 (custom)
2019-10-17 07:10:21,286 [pool-97-thread-1] INFO  server.RaftServerConfigKeys (ConfUtils.java:logGet(43)) - raft.server.log.force.sync.num = 128 (default)
2019-10-17 07:10:21,286 [pool-97-thread-1] INFO  server.RaftServerConfigKeys (ConfUtils.java:logGet(43)) - raft.server.log.statemachine.data.sync = true (default)
2019-10-17 07:10:21,286 [pool-97-thread-1] INFO  server.RaftServerConfigKeys (ConfUtils.java:logGet(43)) - raft.server.log.statemachine.data.sync.timeout = 10s (default)
2019-10-17 07:10:21,287 [pool-97-thread-1] INFO  server.RaftServerConfigKeys (ConfUtils.java:logGet(43)) - raft.server.log.statemachine.data.sync.timeout.retry = -1 (default)
2019-10-17 07:10:21,287 [pool-97-thread-1] INFO  server.RaftServerConfigKeys (ConfUtils.java:logGet(43)) - raft.server.log.statemachine.data.caching.enabled = true (custom)
2019-10-17 07:10:21,288 [pool-97-thread-1] INFO  segmented.SegmentedRaftLogWorker (SegmentedRaftLogWorker.java:lambda$new$0(128)) - 215fceca-0555-458b-bc4f-ba38ff24d5ba@group-7CDFFFDE5B5A-SegmentedRaftLogWorker: flushIndex: setUnconditionally 0 -> -1
2019-10-17 07:10:21,288 [pool-97-thread-1] INFO  server.RaftServerConfigKeys (ConfUtils.java:logGet(43)) - raft.server.snapshot.auto.trigger.enabled = true (custom)
2019-10-17 07:10:21,288 [pool-97-thread-1] INFO  server.RaftServerConfigKeys (ConfUtils.java:logGet(43)) - raft.server.snapshot.auto.trigger.threshold = 10000 (custom)
2019-10-17 07:10:21,288 [pool-97-thread-1] INFO  server.RaftServerConfigKeys (ConfUtils.java:logGet(43)) - raft.server.snapshot.retention.file.num = 5 (custom)
2019-10-17 07:10:21,289 [pool-97-thread-1] INFO  server.RaftServerConfigKeys (ConfUtils.java:logGet(43)) - raft.server.retrycache.expirytime = 600000ms (custom)
2019-10-17 07:10:21,296 [pool-97-thread-1] INFO  impl.RaftServerImpl (RaftServerImpl.java:start(195)) - 215fceca-0555-458b-bc4f-ba38ff24d5ba@group-7CDFFFDE5B5A: start as a follower, conf=-1: [215fceca-0555-458b-bc4f-ba38ff24d5ba:192.168.157.211:43803], old=null
2019-10-17 07:10:21,296 [pool-97-thread-1] INFO  impl.RaftServerImpl (RaftServerImpl.java:setRole(184)) - 215fceca-0555-458b-bc4f-ba38ff24d5ba@group-7CDFFFDE5B5A: changes role from      null to FOLLOWER at term 0 for startAsFollower
2019-10-17 07:10:21,296 [pool-97-thread-1] INFO  impl.RoleInfo (RoleInfo.java:updateAndGet(143)) - 215fceca-0555-458b-bc4f-ba38ff24d5ba: start FollowerState
2019-10-17 07:10:21,296 [pool-97-thread-1] INFO  util.JmxRegister (JmxRegister.java:tryRegister(44)) - Successfully registered JMX Bean with object name Ratis:service=RaftServer,group=group-7CDFFFDE5B5A,id=215fceca-0555-458b-bc4f-ba38ff24d5ba
2019-10-17 07:10:21,327 [RatisPipelineUtilsThread] INFO  pipeline.PipelineStateManager (PipelineStateManager.java:addPipeline(56)) - Created pipeline Pipeline[ Id: 5e7d5d10-83e7-4024-b42a-7cdfffde5b5a, Nodes: 215fceca-0555-458b-bc4f-ba38ff24d5ba{ip: 192.168.157.211, host: pr-hdds-2286-nkqct-1837310268, networkLocation: /default-rack, certSerialId: null}, Type:RATIS, Factor:ONE, State:OPEN]
2019-10-17 07:10:21,346 [67ae3572-7d88-4e50-b53b-0f48f6748b38@group-B9236A927950-SegmentedRaftLogWorker] INFO  segmented.SegmentedRaftLogWorker (SegmentedRaftLogWorker.java:execute(576)) - 67ae3572-7d88-4e50-b53b-0f48f6748b38@group-B9236A927950-SegmentedRaftLogWorker: created new log segment /workdir/hadoop-ozone/integration-test/target/test-dir/MiniOzoneClusterImpl-ef926406-3935-4524-95f5-43adee877df5/datanode-0/data/ratis/0a16e690-9850-47a2-ace0-b9236a927950/current/log_inprogress_0
2019-10-17 07:10:21,355 [Thread-290] INFO  impl.FollowerState (FollowerState.java:run(108)) - decc5551-dd4b-40dc-8ff5-b6b450d67f6f@group-769B41B895DA-FollowerState: change to CANDIDATE, lastRpcTime:164ms, electionTimeout:163ms
2019-10-17 07:10:21,356 [Thread-290] INFO  impl.RoleInfo (RoleInfo.java:shutdownFollowerState(121)) - decc5551-dd4b-40dc-8ff5-b6b450d67f6f: shutdown FollowerState
2019-10-17 07:10:21,356 [Thread-290] INFO  impl.RaftServerImpl (RaftServerImpl.java:setRole(184)) - decc5551-dd4b-40dc-8ff5-b6b450d67f6f@group-769B41B895DA: changes role from  FOLLOWER to CANDIDATE at term 0 for changeToCandidate
2019-10-17 07:10:21,356 [Thread-290] INFO  impl.RoleInfo (RoleInfo.java:updateAndGet(143)) - decc5551-dd4b-40dc-8ff5-b6b450d67f6f: start LeaderElection
2019-10-17 07:10:21,360 [grpc-default-executor-0] INFO  impl.RaftServerProxy (RaftServerProxy.java:addNew(89)) - 0c631657-10a5-4e2a-a322-8fc6c651b2ed: addNew group-94B247354325:[0c631657-10a5-4e2a-a322-8fc6c651b2ed:192.168.157.211:41694] returns group-94B247354325:java.util.concurrent.CompletableFuture@7e9ae984[Not completed]
2019-10-17 07:10:21,364 [decc5551-dd4b-40dc-8ff5-b6b450d67f6f@group-769B41B895DA-LeaderElection2] INFO  impl.LeaderElection (LeaderElection.java:askForVotes(178)) - decc5551-dd4b-40dc-8ff5-b6b450d67f6f@group-769B41B895DA-LeaderElection2: begin an election at term 1 for -1: [decc5551-dd4b-40dc-8ff5-b6b450d67f6f:192.168.157.211:34435], old=null
2019-10-17 07:10:21,365 [pool-107-thread-1] INFO  impl.RaftServerImpl (RaftServerImpl.java:<init>(104)) - 0c631657-10a5-4e2a-a322-8fc6c651b2ed: new RaftServerImpl for group-94B247354325:[0c631657-10a5-4e2a-a322-8fc6c651b2ed:192.168.157.211:41694] with ContainerStateMachine:uninitialized
2019-10-17 07:10:21,365 [decc5551-dd4b-40dc-8ff5-b6b450d67f6f@group-769B41B895DA-LeaderElection2] INFO  impl.RoleInfo (RoleInfo.java:shutdownLeaderElection(134)) - decc5551-dd4b-40dc-8ff5-b6b450d67f6f: shutdown LeaderElection
2019-10-17 07:10:21,366 [pool-107-thread-1] INFO  server.RaftServerConfigKeys (ConfUtils.java:logGet(43)) - raft.server.rpc.timeout.min = 1s (custom)
2019-10-17 07:10:21,366 [decc5551-dd4b-40dc-8ff5-b6b450d67f6f@group-769B41B895DA-LeaderElection2] INFO  impl.RaftServerImpl (RaftServerImpl.java:setRole(184)) - decc5551-dd4b-40dc-8ff5-b6b450d67f6f@group-769B41B895DA: changes role from CANDIDATE to LEADER at term 1 for changeToLeader
2019-10-17 07:10:21,366 [pool-107-thread-1] INFO  server.RaftServerConfigKeys (ConfUtils.java:logGet(43)) - raft.server.rpc.timeout.max = 1200ms (custom)
2019-10-17 07:10:21,366 [decc5551-dd4b-40dc-8ff5-b6b450d67f6f@group-769B41B895DA-LeaderElection2] INFO  impl.RaftServerImpl (ServerState.java:setLeader(256)) - decc5551-dd4b-40dc-8ff5-b6b450d67f6f@group-769B41B895DA: change Leader from null to decc5551-dd4b-40dc-8ff5-b6b450d67f6f at term 1 for becomeLeader, leader elected after 239ms
2019-10-17 07:10:21,366 [pool-107-thread-1] INFO  server.RaftServerConfigKeys (ConfUtils.java:logGet(43)) - raft.server.rpcslowness.timeout = 120s (custom)
2019-10-17 07:10:21,368 [decc5551-dd4b-40dc-8ff5-b6b450d67f6f@group-769B41B895DA-LeaderElection2] INFO  server.RaftServerConfigKeys (ConfUtils.java:logGet(43)) - raft.server.staging.catchup.gap = 1000 (default)
2019-10-17 07:10:21,368 [pool-107-thread-1] INFO  server.RaftServerConfigKeys (ConfUtils.java:logGet(43)) - raft.server.sleep.deviation.threshold = 300 (default)
2019-10-17 07:10:21,368 [decc5551-dd4b-40dc-8ff5-b6b450d67f6f@group-769B41B895DA-LeaderElection2] INFO  server.RaftServerConfigKeys (ConfUtils.java:logGet(43)) - raft.server.rpc.sleep.time = 25ms (default)
2019-10-17 07:10:21,368 [pool-107-thread-1] INFO  server.RaftServerConfigKeys (ConfUtils.java:logGet(43)) - raft.server.log.appender.install.snapshot.enabled = false (custom)
2019-10-17 07:10:21,368 [pool-107-thread-1] INFO  impl.RaftServerImpl (ServerState.java:<init>(103)) - 0c631657-10a5-4e2a-a322-8fc6c651b2ed@group-94B247354325: ConfigurationManager, init=-1: [0c631657-10a5-4e2a-a322-8fc6c651b2ed:192.168.157.211:41694], old=null, confs=<EMPTY_MAP>
2019-10-17 07:10:21,368 [decc5551-dd4b-40dc-8ff5-b6b450d67f6f@group-769B41B895DA-LeaderElection2] INFO  server.RaftServerConfigKeys (ConfUtils.java:logGet(43)) - raft.server.write.element-limit = 4096 (default)
2019-10-17 07:10:21,369 [pool-107-thread-1] INFO  server.RaftServerConfigKeys (ConfUtils.java:logGet(43)) - raft.server.storage.dir = [/workdir/hadoop-ozone/integration-test/target/test-dir/MiniOzoneClusterImpl-ef926406-3935-4524-95f5-43adee877df5/datanode-8/data/ratis] (custom)
2019-10-17 07:10:21,369 [decc5551-dd4b-40dc-8ff5-b6b450d67f6f@group-769B41B895DA-LeaderElection2] INFO  server.RaftServerConfigKeys (ConfUtils.java:logGet(43)) - raft.server.watch.timeout = 10s (default)
2019-10-17 07:10:21,369 [decc5551-dd4b-40dc-8ff5-b6b450d67f6f@group-769B41B895DA-LeaderElection2] INFO  server.RaftServerConfigKeys (ConfUtils.java:logGet(43)) - raft.server.watch.timeout.denomination = 1s (default)
2019-10-17 07:10:21,369 [pool-107-thread-1] INFO  server.RaftServerConfigKeys (ConfUtils.java:logGet(43)) - raft.server.log.corruption.policy = EXCEPTION (default)
2019-10-17 07:10:21,369 [decc5551-dd4b-40dc-8ff5-b6b450d67f6f@group-769B41B895DA-LeaderElection2] INFO  server.RaftServerConfigKeys (ConfUtils.java:logGet(43)) - raft.server.watch.element-limit = 65536 (default)
2019-10-17 07:10:21,369 [pool-107-thread-1] INFO  storage.RaftStorageDirectory (RaftStorageDirectory.java:analyzeStorage(246)) - The storage directory /workdir/hadoop-ozone/integration-test/target/test-dir/MiniOzoneClusterImpl-ef926406-3935-4524-95f5-43adee877df5/datanode-8/data/ratis/d698ee84-14ac-41e5-8959-94b247354325 does not exist. Creating ...
2019-10-17 07:10:21,373 [decc5551-dd4b-40dc-8ff5-b6b450d67f6f@group-769B41B895DA-LeaderElection2] INFO  impl.RoleInfo (RoleInfo.java:updateAndGet(143)) - decc5551-dd4b-40dc-8ff5-b6b450d67f6f: start LeaderState
2019-10-17 07:10:21,373 [decc5551-dd4b-40dc-8ff5-b6b450d67f6f@group-769B41B895DA-LeaderElection2] INFO  segmented.SegmentedRaftLogWorker (SegmentedRaftLogWorker.java:startLogSegment(385)) - decc5551-dd4b-40dc-8ff5-b6b450d67f6f@group-769B41B895DA-SegmentedRaftLogWorker: Starting segment from index:0
2019-10-17 07:10:21,374 [decc5551-dd4b-40dc-8ff5-b6b450d67f6f@group-769B41B895DA-LeaderElection2] INFO  impl.RaftServerImpl (ServerState.java:setRaftConf(357)) - decc5551-dd4b-40dc-8ff5-b6b450d67f6f@group-769B41B895DA: set configuration 0: [decc5551-dd4b-40dc-8ff5-b6b450d67f6f:192.168.157.211:34435], old=null at 0
2019-10-17 07:10:21,409 [pool-107-thread-1] INFO  storage.RaftStorageDirectory (RaftStorageDirectory.java:tryLock(328)) - Lock on /workdir/hadoop-ozone/integration-test/target/test-dir/MiniOzoneClusterImpl-ef926406-3935-4524-95f5-43adee877df5/datanode-8/data/ratis/d698ee84-14ac-41e5-8959-94b247354325/in_use.lock acquired by nodename 2333@pr-hdds-2286-nkqct-1837310268
2019-10-17 07:10:21,424 [decc5551-dd4b-40dc-8ff5-b6b450d67f6f@group-769B41B895DA-SegmentedRaftLogWorker] INFO  segmented.SegmentedRaftLogWorker (SegmentedRaftLogWorker.java:execute(576)) - decc5551-dd4b-40dc-8ff5-b6b450d67f6f@group-769B41B895DA-SegmentedRaftLogWorker: created new log segment /workdir/hadoop-ozone/integration-test/target/test-dir/MiniOzoneClusterImpl-ef926406-3935-4524-95f5-43adee877df5/datanode-4/data/ratis/ef301b97-0803-40ed-a826-769b41b895da/current/log_inprogress_0
2019-10-17 07:10:21,424 [pool-107-thread-1] INFO  storage.RaftStorage (RaftStorage.java:format(84)) - Storage directory /workdir/hadoop-ozone/integration-test/target/test-dir/MiniOzoneClusterImpl-ef926406-3935-4524-95f5-43adee877df5/datanode-8/data/ratis/d698ee84-14ac-41e5-8959-94b247354325 has been successfully formatted.
2019-10-17 07:10:21,424 [pool-107-thread-1] INFO  ratis.ContainerStateMachine (ContainerStateMachine.java:loadSnapshot(231)) - group-94B247354325: The snapshot info is null. Setting the last applied indexto:(t:0, i:~)
2019-10-17 07:10:21,425 [pool-107-thread-1] INFO  server.RaftServerConfigKeys (ConfUtils.java:logGet(43)) - raft.server.notification.no-leader.timeout = 120s (custom)
2019-10-17 07:10:21,425 [pool-107-thread-1] INFO  server.RaftServerConfigKeys (ConfUtils.java:logGet(43)) - raft.server.log.use.memory = false (default)
2019-10-17 07:10:21,425 [pool-107-thread-1] INFO  server.RaftServerConfigKeys (ConfUtils.java:logGet(43)) - raft.server.log.purge.gap = 1000000 (custom)
2019-10-17 07:10:21,425 [pool-107-thread-1] INFO  server.RaftServerConfigKeys (ConfUtils.java:logGet(43)) - raft.server.log.appender.buffer.byte-limit = 33554432 (custom)
2019-10-17 07:10:21,425 [pool-107-thread-1] INFO  server.RaftServerConfigKeys (ConfUtils.java:logGet(43)) - raft.server.log.segment.size.max = 1048576 (custom)
2019-10-17 07:10:21,429 [pool-107-thread-1] INFO  server.RaftServerConfigKeys (ConfUtils.java:logGet(43)) - raft.server.log.segment.cache.num.max = 2 (custom)
2019-10-17 07:10:21,429 [pool-107-thread-1] INFO  segmented.SegmentedRaftLogWorker (SegmentedRaftLogWorker.java:<init>(173)) - new 0c631657-10a5-4e2a-a322-8fc6c651b2ed@group-94B247354325-SegmentedRaftLogWorker for RaftStorage:Storage Directory /workdir/hadoop-ozone/integration-test/target/test-dir/MiniOzoneClusterImpl-ef926406-3935-4524-95f5-43adee877df5/datanode-8/data/ratis/d698ee84-14ac-41e5-8959-94b247354325
2019-10-17 07:10:21,429 [pool-107-thread-1] INFO  server.RaftServerConfigKeys (ConfUtils.java:logGet(43)) - raft.server.log.queue.byte-limit = 2147483647 (custom)
2019-10-17 07:10:21,429 [pool-107-thread-1] INFO  server.RaftServerConfigKeys (ConfUtils.java:logGet(43)) - raft.server.log.queue.element-limit = 1024 (custom)
2019-10-17 07:10:21,429 [pool-107-thread-1] INFO  server.RaftServerConfigKeys (ConfUtils.java:logGet(43)) - raft.server.log.segment.size.max = 1048576 (custom)
2019-10-17 07:10:21,430 [pool-107-thread-1] INFO  server.RaftServerConfigKeys (ConfUtils.java:logGet(43)) - raft.server.log.preallocated.size = 16384 (custom)
2019-10-17 07:10:21,430 [pool-107-thread-1] INFO  server.RaftServerConfigKeys (ConfUtils.java:logGet(43)) - raft.server.log.write.buffer.size = 33554432 (custom)
2019-10-17 07:10:21,430 [pool-107-thread-1] INFO  server.RaftServerConfigKeys (ConfUtils.java:logGet(43)) - raft.server.log.force.sync.num = 128 (default)
2019-10-17 07:10:21,430 [pool-107-thread-1] INFO  server.RaftServerConfigKeys (ConfUtils.java:logGet(43)) - raft.server.log.statemachine.data.sync = true (default)
2019-10-17 07:10:21,430 [pool-107-thread-1] INFO  server.RaftServerConfigKeys (ConfUtils.java:logGet(43)) - raft.server.log.statemachine.data.sync.timeout = 10s (default)
2019-10-17 07:10:21,431 [pool-107-thread-1] INFO  server.RaftServerConfigKeys (ConfUtils.java:logGet(43)) - raft.server.log.statemachine.data.sync.timeout.retry = -1 (default)
2019-10-17 07:10:21,431 [pool-107-thread-1] INFO  server.RaftServerConfigKeys (ConfUtils.java:logGet(43)) - raft.server.log.statemachine.data.caching.enabled = true (custom)
2019-10-17 07:10:21,432 [pool-107-thread-1] INFO  segmented.SegmentedRaftLogWorker (SegmentedRaftLogWorker.java:lambda$new$0(128)) - 0c631657-10a5-4e2a-a322-8fc6c651b2ed@group-94B247354325-SegmentedRaftLogWorker: flushIndex: setUnconditionally 0 -> -1
2019-10-17 07:10:21,432 [pool-107-thread-1] INFO  server.RaftServerConfigKeys (ConfUtils.java:logGet(43)) - raft.server.snapshot.auto.trigger.enabled = true (custom)
2019-10-17 07:10:21,432 [pool-107-thread-1] INFO  server.RaftServerConfigKeys (ConfUtils.java:logGet(43)) - raft.server.snapshot.auto.trigger.threshold = 10000 (custom)
2019-10-17 07:10:21,432 [pool-107-thread-1] INFO  server.RaftServerConfigKeys (ConfUtils.java:logGet(43)) - raft.server.snapshot.retention.file.num = 5 (custom)
2019-10-17 07:10:21,433 [pool-107-thread-1] INFO  server.RaftServerConfigKeys (ConfUtils.java:logGet(43)) - raft.server.retrycache.expirytime = 600000ms (custom)
2019-10-17 07:10:21,438 [pool-107-thread-1] INFO  impl.RaftServerImpl (RaftServerImpl.java:start(195)) - 0c631657-10a5-4e2a-a322-8fc6c651b2ed@group-94B247354325: start as a follower, conf=-1: [0c631657-10a5-4e2a-a322-8fc6c651b2ed:192.168.157.211:41694], old=null
2019-10-17 07:10:21,439 [pool-107-thread-1] INFO  impl.RaftServerImpl (RaftServerImpl.java:setRole(184)) - 0c631657-10a5-4e2a-a322-8fc6c651b2ed@group-94B247354325: changes role from      null to FOLLOWER at term 0 for startAsFollower
2019-10-17 07:10:21,439 [pool-107-thread-1] INFO  impl.RoleInfo (RoleInfo.java:updateAndGet(143)) - 0c631657-10a5-4e2a-a322-8fc6c651b2ed: start FollowerState
2019-10-17 07:10:21,439 [pool-107-thread-1] INFO  util.JmxRegister (JmxRegister.java:tryRegister(44)) - Successfully registered JMX Bean with object name Ratis:service=RaftServer,group=group-94B247354325,id=0c631657-10a5-4e2a-a322-8fc6c651b2ed
2019-10-17 07:10:21,464 [RatisPipelineUtilsThread] INFO  pipeline.PipelineStateManager (PipelineStateManager.java:addPipeline(56)) - Created pipeline Pipeline[ Id: d698ee84-14ac-41e5-8959-94b247354325, Nodes: 0c631657-10a5-4e2a-a322-8fc6c651b2ed{ip: 192.168.157.211, host: pr-hdds-2286-nkqct-1837310268, networkLocation: /default-rack, certSerialId: null}, Type:RATIS, Factor:ONE, State:OPEN]
2019-10-17 07:10:21,480 [Thread-293] INFO  impl.FollowerState (FollowerState.java:run(108)) - 215fceca-0555-458b-bc4f-ba38ff24d5ba@group-7CDFFFDE5B5A-FollowerState: change to CANDIDATE, lastRpcTime:184ms, electionTimeout:183ms
2019-10-17 07:10:21,480 [Thread-293] INFO  impl.RoleInfo (RoleInfo.java:shutdownFollowerState(121)) - 215fceca-0555-458b-bc4f-ba38ff24d5ba: shutdown FollowerState
2019-10-17 07:10:21,481 [Thread-293] INFO  impl.RaftServerImpl (RaftServerImpl.java:setRole(184)) - 215fceca-0555-458b-bc4f-ba38ff24d5ba@group-7CDFFFDE5B5A: changes role from  FOLLOWER to CANDIDATE at term 0 for changeToCandidate
2019-10-17 07:10:21,481 [grpc-default-executor-0] INFO  impl.RaftServerProxy (RaftServerProxy.java:addNew(89)) - d31fb603-bc45-4cd2-bfc5-2ee103695b2e: addNew group-D4C7258D12F6:[d31fb603-bc45-4cd2-bfc5-2ee103695b2e:192.168.157.211:42529] returns group-D4C7258D12F6:java.util.concurrent.CompletableFuture@208996f9[Not completed]
2019-10-17 07:10:21,481 [Thread-293] INFO  impl.RoleInfo (RoleInfo.java:updateAndGet(143)) - 215fceca-0555-458b-bc4f-ba38ff24d5ba: start LeaderElection
2019-10-17 07:10:21,490 [pool-37-thread-1] INFO  impl.RaftServerImpl (RaftServerImpl.java:<init>(104)) - d31fb603-bc45-4cd2-bfc5-2ee103695b2e: new RaftServerImpl for group-D4C7258D12F6:[d31fb603-bc45-4cd2-bfc5-2ee103695b2e:192.168.157.211:42529] with ContainerStateMachine:uninitialized
2019-10-17 07:10:21,490 [pool-37-thread-1] INFO  server.RaftServerConfigKeys (ConfUtils.java:logGet(43)) - raft.server.rpc.timeout.min = 1s (custom)
2019-10-17 07:10:21,490 [pool-37-thread-1] INFO  server.RaftServerConfigKeys (ConfUtils.java:logGet(43)) - raft.server.rpc.timeout.max = 1200ms (custom)
2019-10-17 07:10:21,490 [pool-37-thread-1] INFO  server.RaftServerConfigKeys (ConfUtils.java:logGet(43)) - raft.server.rpcslowness.timeout = 120s (custom)
2019-10-17 07:10:21,490 [pool-37-thread-1] INFO  server.RaftServerConfigKeys (ConfUtils.java:logGet(43)) - raft.server.sleep.deviation.threshold = 300 (default)
2019-10-17 07:10:21,491 [pool-37-thread-1] INFO  server.RaftServerConfigKeys (ConfUtils.java:logGet(43)) - raft.server.log.appender.install.snapshot.enabled = false (custom)
2019-10-17 07:10:21,491 [pool-37-thread-1] INFO  impl.RaftServerImpl (ServerState.java:<init>(103)) - d31fb603-bc45-4cd2-bfc5-2ee103695b2e@group-D4C7258D12F6: ConfigurationManager, init=-1: [d31fb603-bc45-4cd2-bfc5-2ee103695b2e:192.168.157.211:42529], old=null, confs=<EMPTY_MAP>
2019-10-17 07:10:21,491 [pool-37-thread-1] INFO  server.RaftServerConfigKeys (ConfUtils.java:logGet(43)) - raft.server.storage.dir = [/workdir/hadoop-ozone/integration-test/target/test-dir/MiniOzoneClusterImpl-ef926406-3935-4524-95f5-43adee877df5/datanode-1/data/ratis] (custom)
2019-10-17 07:10:21,491 [pool-37-thread-1] INFO  server.RaftServerConfigKeys (ConfUtils.java:logGet(43)) - raft.server.log.corruption.policy = EXCEPTION (default)
2019-10-17 07:10:21,492 [pool-37-thread-1] INFO  storage.RaftStorageDirectory (RaftStorageDirectory.java:analyzeStorage(246)) - The storage directory /workdir/hadoop-ozone/integration-test/target/test-dir/MiniOzoneClusterImpl-ef926406-3935-4524-95f5-43adee877df5/datanode-1/data/ratis/710ba869-602b-4f09-a03b-d4c7258d12f6 does not exist. Creating ...
2019-10-17 07:10:21,500 [pool-37-thread-1] INFO  storage.RaftStorageDirectory (RaftStorageDirectory.java:tryLock(328)) - Lock on /workdir/hadoop-ozone/integration-test/target/test-dir/MiniOzoneClusterImpl-ef926406-3935-4524-95f5-43adee877df5/datanode-1/data/ratis/710ba869-602b-4f09-a03b-d4c7258d12f6/in_use.lock acquired by nodename 2333@pr-hdds-2286-nkqct-1837310268
2019-10-17 07:10:21,500 [215fceca-0555-458b-bc4f-ba38ff24d5ba@group-7CDFFFDE5B5A-LeaderElection3] INFO  impl.LeaderElection (LeaderElection.java:askForVotes(178)) - 215fceca-0555-458b-bc4f-ba38ff24d5ba@group-7CDFFFDE5B5A-LeaderElection3: begin an election at term 1 for -1: [215fceca-0555-458b-bc4f-ba38ff24d5ba:192.168.157.211:43803], old=null
2019-10-17 07:10:21,500 [215fceca-0555-458b-bc4f-ba38ff24d5ba@group-7CDFFFDE5B5A-LeaderElection3] INFO  impl.RoleInfo (RoleInfo.java:shutdownLeaderElection(134)) - 215fceca-0555-458b-bc4f-ba38ff24d5ba: shutdown LeaderElection
2019-10-17 07:10:21,500 [215fceca-0555-458b-bc4f-ba38ff24d5ba@group-7CDFFFDE5B5A-LeaderElection3] INFO  impl.RaftServerImpl (RaftServerImpl.java:setRole(184)) - 215fceca-0555-458b-bc4f-ba38ff24d5ba@group-7CDFFFDE5B5A: changes role from CANDIDATE to LEADER at term 1 for changeToLeader
2019-10-17 07:10:21,500 [215fceca-0555-458b-bc4f-ba38ff24d5ba@group-7CDFFFDE5B5A-LeaderElection3] INFO  impl.RaftServerImpl (ServerState.java:setLeader(256)) - 215fceca-0555-458b-bc4f-ba38ff24d5ba@group-7CDFFFDE5B5A: change Leader from null to 215fceca-0555-458b-bc4f-ba38ff24d5ba at term 1 for becomeLeader, leader elected after 218ms
2019-10-17 07:10:21,502 [215fceca-0555-458b-bc4f-ba38ff24d5ba@group-7CDFFFDE5B5A-LeaderElection3] INFO  server.RaftServerConfigKeys (ConfUtils.java:logGet(43)) - raft.server.staging.catchup.gap = 1000 (default)
2019-10-17 07:10:21,502 [215fceca-0555-458b-bc4f-ba38ff24d5ba@group-7CDFFFDE5B5A-LeaderElection3] INFO  server.RaftServerConfigKeys (ConfUtils.java:logGet(43)) - raft.server.rpc.sleep.time = 25ms (default)
2019-10-17 07:10:21,502 [215fceca-0555-458b-bc4f-ba38ff24d5ba@group-7CDFFFDE5B5A-LeaderElection3] INFO  server.RaftServerConfigKeys (ConfUtils.java:logGet(43)) - raft.server.write.element-limit = 4096 (default)
2019-10-17 07:10:21,503 [215fceca-0555-458b-bc4f-ba38ff24d5ba@group-7CDFFFDE5B5A-LeaderElection3] INFO  server.RaftServerConfigKeys (ConfUtils.java:logGet(43)) - raft.server.watch.timeout = 10s (default)
2019-10-17 07:10:21,503 [215fceca-0555-458b-bc4f-ba38ff24d5ba@group-7CDFFFDE5B5A-LeaderElection3] INFO  server.RaftServerConfigKeys (ConfUtils.java:logGet(43)) - raft.server.watch.timeout.denomination = 1s (default)
2019-10-17 07:10:21,503 [215fceca-0555-458b-bc4f-ba38ff24d5ba@group-7CDFFFDE5B5A-LeaderElection3] INFO  server.RaftServerConfigKeys (ConfUtils.java:logGet(43)) - raft.server.watch.element-limit = 65536 (default)
2019-10-17 07:10:21,506 [215fceca-0555-458b-bc4f-ba38ff24d5ba@group-7CDFFFDE5B5A-LeaderElection3] INFO  impl.RoleInfo (RoleInfo.java:updateAndGet(143)) - 215fceca-0555-458b-bc4f-ba38ff24d5ba: start LeaderState
2019-10-17 07:10:21,506 [215fceca-0555-458b-bc4f-ba38ff24d5ba@group-7CDFFFDE5B5A-LeaderElection3] INFO  segmented.SegmentedRaftLogWorker (SegmentedRaftLogWorker.java:startLogSegment(385)) - 215fceca-0555-458b-bc4f-ba38ff24d5ba@group-7CDFFFDE5B5A-SegmentedRaftLogWorker: Starting segment from index:0
2019-10-17 07:10:21,507 [215fceca-0555-458b-bc4f-ba38ff24d5ba@group-7CDFFFDE5B5A-LeaderElection3] INFO  impl.RaftServerImpl (ServerState.java:setRaftConf(357)) - 215fceca-0555-458b-bc4f-ba38ff24d5ba@group-7CDFFFDE5B5A: set configuration 0: [215fceca-0555-458b-bc4f-ba38ff24d5ba:192.168.157.211:43803], old=null at 0
2019-10-17 07:10:21,542 [pool-37-thread-1] INFO  storage.RaftStorage (RaftStorage.java:format(84)) - Storage directory /workdir/hadoop-ozone/integration-test/target/test-dir/MiniOzoneClusterImpl-ef926406-3935-4524-95f5-43adee877df5/datanode-1/data/ratis/710ba869-602b-4f09-a03b-d4c7258d12f6 has been successfully formatted.
2019-10-17 07:10:21,543 [pool-37-thread-1] INFO  ratis.ContainerStateMachine (ContainerStateMachine.java:loadSnapshot(231)) - group-D4C7258D12F6: The snapshot info is null. Setting the last applied indexto:(t:0, i:~)
2019-10-17 07:10:21,543 [pool-37-thread-1] INFO  server.RaftServerConfigKeys (ConfUtils.java:logGet(43)) - raft.server.notification.no-leader.timeout = 120s (custom)
2019-10-17 07:10:21,543 [pool-37-thread-1] INFO  server.RaftServerConfigKeys (ConfUtils.java:logGet(43)) - raft.server.log.use.memory = false (default)
2019-10-17 07:10:21,544 [pool-37-thread-1] INFO  server.RaftServerConfigKeys (ConfUtils.java:logGet(43)) - raft.server.log.purge.gap = 1000000 (custom)
2019-10-17 07:10:21,544 [pool-37-thread-1] INFO  server.RaftServerConfigKeys (ConfUtils.java:logGet(43)) - raft.server.log.appender.buffer.byte-limit = 33554432 (custom)
2019-10-17 07:10:21,544 [pool-37-thread-1] INFO  server.RaftServerConfigKeys (ConfUtils.java:logGet(43)) - raft.server.log.segment.size.max = 1048576 (custom)
2019-10-17 07:10:21,619 [Thread-298] INFO  impl.FollowerState (FollowerState.java:run(108)) - 0c631657-10a5-4e2a-a322-8fc6c651b2ed@group-94B247354325-FollowerState: change to CANDIDATE, lastRpcTime:180ms, electionTimeout:118ms
2019-10-17 07:10:21,619 [215fceca-0555-458b-bc4f-ba38ff24d5ba@group-7CDFFFDE5B5A-SegmentedRaftLogWorker] INFO  segmented.SegmentedRaftLogWorker (SegmentedRaftLogWorker.java:execute(576)) - 215fceca-0555-458b-bc4f-ba38ff24d5ba@group-7CDFFFDE5B5A-SegmentedRaftLogWorker: created new log segment /workdir/hadoop-ozone/integration-test/target/test-dir/MiniOzoneClusterImpl-ef926406-3935-4524-95f5-43adee877df5/datanode-7/data/ratis/5e7d5d10-83e7-4024-b42a-7cdfffde5b5a/current/log_inprogress_0
2019-10-17 07:10:21,619 [pool-37-thread-1] INFO  server.RaftServerConfigKeys (ConfUtils.java:logGet(43)) - raft.server.log.segment.cache.num.max = 2 (custom)
2019-10-17 07:10:21,619 [Thread-298] INFO  impl.RoleInfo (RoleInfo.java:shutdownFollowerState(121)) - 0c631657-10a5-4e2a-a322-8fc6c651b2ed: shutdown FollowerState
2019-10-17 07:10:21,620 [pool-37-thread-1] INFO  segmented.SegmentedRaftLogWorker (SegmentedRaftLogWorker.java:<init>(173)) - new d31fb603-bc45-4cd2-bfc5-2ee103695b2e@group-D4C7258D12F6-SegmentedRaftLogWorker for RaftStorage:Storage Directory /workdir/hadoop-ozone/integration-test/target/test-dir/MiniOzoneClusterImpl-ef926406-3935-4524-95f5-43adee877df5/datanode-1/data/ratis/710ba869-602b-4f09-a03b-d4c7258d12f6
2019-10-17 07:10:21,620 [Thread-298] INFO  impl.RaftServerImpl (RaftServerImpl.java:setRole(184)) - 0c631657-10a5-4e2a-a322-8fc6c651b2ed@group-94B247354325: changes role from  FOLLOWER to CANDIDATE at term 0 for changeToCandidate
2019-10-17 07:10:21,620 [pool-37-thread-1] INFO  server.RaftServerConfigKeys (ConfUtils.java:logGet(43)) - raft.server.log.queue.byte-limit = 2147483647 (custom)
2019-10-17 07:10:21,620 [Thread-298] INFO  impl.RoleInfo (RoleInfo.java:updateAndGet(143)) - 0c631657-10a5-4e2a-a322-8fc6c651b2ed: start LeaderElection
2019-10-17 07:10:21,620 [pool-37-thread-1] INFO  server.RaftServerConfigKeys (ConfUtils.java:logGet(43)) - raft.server.log.queue.element-limit = 1024 (custom)
2019-10-17 07:10:21,620 [pool-37-thread-1] INFO  server.RaftServerConfigKeys (ConfUtils.java:logGet(43)) - raft.server.log.segment.size.max = 1048576 (custom)
2019-10-17 07:10:21,624 [pool-37-thread-1] INFO  server.RaftServerConfigKeys (ConfUtils.java:logGet(43)) - raft.server.log.preallocated.size = 16384 (custom)
2019-10-17 07:10:21,624 [pool-37-thread-1] INFO  server.RaftServerConfigKeys (ConfUtils.java:logGet(43)) - raft.server.log.write.buffer.size = 33554432 (custom)
2019-10-17 07:10:21,624 [pool-37-thread-1] INFO  server.RaftServerConfigKeys (ConfUtils.java:logGet(43)) - raft.server.log.force.sync.num = 128 (default)
2019-10-17 07:10:21,626 [pool-37-thread-1] INFO  server.RaftServerConfigKeys (ConfUtils.java:logGet(43)) - raft.server.log.statemachine.data.sync = true (default)
2019-10-17 07:10:21,629 [pool-37-thread-1] INFO  server.RaftServerConfigKeys (ConfUtils.java:logGet(43)) - raft.server.log.statemachine.data.sync.timeout = 10s (default)
2019-10-17 07:10:21,631 [pool-37-thread-1] INFO  server.RaftServerConfigKeys (ConfUtils.java:logGet(43)) - raft.server.log.statemachine.data.sync.timeout.retry = -1 (default)
2019-10-17 07:10:21,632 [pool-37-thread-1] INFO  server.RaftServerConfigKeys (ConfUtils.java:logGet(43)) - raft.server.log.statemachine.data.caching.enabled = true (custom)
2019-10-17 07:10:21,632 [pool-37-thread-1] INFO  segmented.SegmentedRaftLogWorker (SegmentedRaftLogWorker.java:lambda$new$0(128)) - d31fb603-bc45-4cd2-bfc5-2ee103695b2e@group-D4C7258D12F6-SegmentedRaftLogWorker: flushIndex: setUnconditionally 0 -> -1
2019-10-17 07:10:21,632 [pool-37-thread-1] INFO  server.RaftServerConfigKeys (ConfUtils.java:logGet(43)) - raft.server.snapshot.auto.trigger.enabled = true (custom)
2019-10-17 07:10:21,633 [pool-37-thread-1] INFO  server.RaftServerConfigKeys (ConfUtils.java:logGet(43)) - raft.server.snapshot.auto.trigger.threshold = 10000 (custom)
2019-10-17 07:10:21,633 [pool-37-thread-1] INFO  server.RaftServerConfigKeys (ConfUtils.java:logGet(43)) - raft.server.snapshot.retention.file.num = 5 (custom)
2019-10-17 07:10:21,633 [pool-37-thread-1] INFO  server.RaftServerConfigKeys (ConfUtils.java:logGet(43)) - raft.server.retrycache.expirytime = 600000ms (custom)
2019-10-17 07:10:21,656 [0c631657-10a5-4e2a-a322-8fc6c651b2ed@group-94B247354325-LeaderElection4] INFO  impl.LeaderElection (LeaderElection.java:askForVotes(178)) - 0c631657-10a5-4e2a-a322-8fc6c651b2ed@group-94B247354325-LeaderElection4: begin an election at term 1 for -1: [0c631657-10a5-4e2a-a322-8fc6c651b2ed:192.168.157.211:41694], old=null
2019-10-17 07:10:21,664 [0c631657-10a5-4e2a-a322-8fc6c651b2ed@group-94B247354325-LeaderElection4] INFO  impl.RoleInfo (RoleInfo.java:shutdownLeaderElection(134)) - 0c631657-10a5-4e2a-a322-8fc6c651b2ed: shutdown LeaderElection
2019-10-17 07:10:21,664 [0c631657-10a5-4e2a-a322-8fc6c651b2ed@group-94B247354325-LeaderElection4] INFO  impl.RaftServerImpl (RaftServerImpl.java:setRole(184)) - 0c631657-10a5-4e2a-a322-8fc6c651b2ed@group-94B247354325: changes role from CANDIDATE to LEADER at term 1 for changeToLeader
2019-10-17 07:10:21,664 [0c631657-10a5-4e2a-a322-8fc6c651b2ed@group-94B247354325-LeaderElection4] INFO  impl.RaftServerImpl (ServerState.java:setLeader(256)) - 0c631657-10a5-4e2a-a322-8fc6c651b2ed@group-94B247354325: change Leader from null to 0c631657-10a5-4e2a-a322-8fc6c651b2ed at term 1 for becomeLeader, leader elected after 239ms
2019-10-17 07:10:21,666 [0c631657-10a5-4e2a-a322-8fc6c651b2ed@group-94B247354325-LeaderElection4] INFO  server.RaftServerConfigKeys (ConfUtils.java:logGet(43)) - raft.server.staging.catchup.gap = 1000 (default)
2019-10-17 07:10:21,666 [0c631657-10a5-4e2a-a322-8fc6c651b2ed@group-94B247354325-LeaderElection4] INFO  server.RaftServerConfigKeys (ConfUtils.java:logGet(43)) - raft.server.rpc.sleep.time = 25ms (default)
2019-10-17 07:10:21,666 [0c631657-10a5-4e2a-a322-8fc6c651b2ed@group-94B247354325-LeaderElection4] INFO  server.RaftServerConfigKeys (ConfUtils.java:logGet(43)) - raft.server.write.element-limit = 4096 (default)
2019-10-17 07:10:21,666 [0c631657-10a5-4e2a-a322-8fc6c651b2ed@group-94B247354325-LeaderElection4] INFO  server.RaftServerConfigKeys (ConfUtils.java:logGet(43)) - raft.server.watch.timeout = 10s (default)
2019-10-17 07:10:21,666 [0c631657-10a5-4e2a-a322-8fc6c651b2ed@group-94B247354325-LeaderElection4] INFO  server.RaftServerConfigKeys (ConfUtils.java:logGet(43)) - raft.server.watch.timeout.denomination = 1s (default)
2019-10-17 07:10:21,666 [0c631657-10a5-4e2a-a322-8fc6c651b2ed@group-94B247354325-LeaderElection4] INFO  server.RaftServerConfigKeys (ConfUtils.java:logGet(43)) - raft.server.watch.element-limit = 65536 (default)
2019-10-17 07:10:21,668 [pool-37-thread-1] INFO  impl.RaftServerImpl (RaftServerImpl.java:start(195)) - d31fb603-bc45-4cd2-bfc5-2ee103695b2e@group-D4C7258D12F6: start as a follower, conf=-1: [d31fb603-bc45-4cd2-bfc5-2ee103695b2e:192.168.157.211:42529], old=null
2019-10-17 07:10:21,669 [pool-37-thread-1] INFO  impl.RaftServerImpl (RaftServerImpl.java:setRole(184)) - d31fb603-bc45-4cd2-bfc5-2ee103695b2e@group-D4C7258D12F6: changes role from      null to FOLLOWER at term 0 for startAsFollower
2019-10-17 07:10:21,669 [pool-37-thread-1] INFO  impl.RoleInfo (RoleInfo.java:updateAndGet(143)) - d31fb603-bc45-4cd2-bfc5-2ee103695b2e: start FollowerState
2019-10-17 07:10:21,669 [pool-37-thread-1] INFO  util.JmxRegister (JmxRegister.java:tryRegister(44)) - Successfully registered JMX Bean with object name Ratis:service=RaftServer,group=group-D4C7258D12F6,id=d31fb603-bc45-4cd2-bfc5-2ee103695b2e
2019-10-17 07:10:21,669 [0c631657-10a5-4e2a-a322-8fc6c651b2ed@group-94B247354325-LeaderElection4] INFO  impl.RoleInfo (RoleInfo.java:updateAndGet(143)) - 0c631657-10a5-4e2a-a322-8fc6c651b2ed: start LeaderState
2019-10-17 07:10:21,670 [0c631657-10a5-4e2a-a322-8fc6c651b2ed@group-94B247354325-LeaderElection4] INFO  segmented.SegmentedRaftLogWorker (SegmentedRaftLogWorker.java:startLogSegment(385)) - 0c631657-10a5-4e2a-a322-8fc6c651b2ed@group-94B247354325-SegmentedRaftLogWorker: Starting segment from index:0
2019-10-17 07:10:21,672 [0c631657-10a5-4e2a-a322-8fc6c651b2ed@group-94B247354325-LeaderElection4] INFO  impl.RaftServerImpl (ServerState.java:setRaftConf(357)) - 0c631657-10a5-4e2a-a322-8fc6c651b2ed@group-94B247354325: set configuration 0: [0c631657-10a5-4e2a-a322-8fc6c651b2ed:192.168.157.211:41694], old=null at 0
2019-10-17 07:10:21,728 [0c631657-10a5-4e2a-a322-8fc6c651b2ed@group-94B247354325-SegmentedRaftLogWorker] INFO  segmented.SegmentedRaftLogWorker (SegmentedRaftLogWorker.java:execute(576)) - 0c631657-10a5-4e2a-a322-8fc6c651b2ed@group-94B247354325-SegmentedRaftLogWorker: created new log segment /workdir/hadoop-ozone/integration-test/target/test-dir/MiniOzoneClusterImpl-ef926406-3935-4524-95f5-43adee877df5/datanode-8/data/ratis/d698ee84-14ac-41e5-8959-94b247354325/current/log_inprogress_0
2019-10-17 07:10:21,729 [RatisPipelineUtilsThread] INFO  pipeline.PipelineStateManager (PipelineStateManager.java:addPipeline(56)) - Created pipeline Pipeline[ Id: 710ba869-602b-4f09-a03b-d4c7258d12f6, Nodes: d31fb603-bc45-4cd2-bfc5-2ee103695b2e{ip: 192.168.157.211, host: pr-hdds-2286-nkqct-1837310268, networkLocation: /default-rack, certSerialId: null}, Type:RATIS, Factor:ONE, State:OPEN]
2019-10-17 07:10:21,744 [grpc-default-executor-0] INFO  impl.RaftServerProxy (RaftServerProxy.java:addNew(89)) - a4e5d14e-95af-4d1f-b670-5b1c42084e26: addNew group-A7B78037332A:[a4e5d14e-95af-4d1f-b670-5b1c42084e26:192.168.157.211:46333] returns group-A7B78037332A:java.util.concurrent.CompletableFuture@60aa6aa1[Not completed]
2019-10-17 07:10:21,749 [pool-77-thread-1] INFO  impl.RaftServerImpl (RaftServerImpl.java:<init>(104)) - a4e5d14e-95af-4d1f-b670-5b1c42084e26: new RaftServerImpl for group-A7B78037332A:[a4e5d14e-95af-4d1f-b670-5b1c42084e26:192.168.157.211:46333] with ContainerStateMachine:uninitialized
2019-10-17 07:10:21,749 [pool-77-thread-1] INFO  server.RaftServerConfigKeys (ConfUtils.java:logGet(43)) - raft.server.rpc.timeout.min = 1s (custom)
2019-10-17 07:10:21,749 [pool-77-thread-1] INFO  server.RaftServerConfigKeys (ConfUtils.java:logGet(43)) - raft.server.rpc.timeout.max = 1200ms (custom)
2019-10-17 07:10:21,749 [pool-77-thread-1] INFO  server.RaftServerConfigKeys (ConfUtils.java:logGet(43)) - raft.server.rpcslowness.timeout = 120s (custom)
2019-10-17 07:10:21,749 [pool-77-thread-1] INFO  server.RaftServerConfigKeys (ConfUtils.java:logGet(43)) - raft.server.sleep.deviation.threshold = 300 (default)
2019-10-17 07:10:21,749 [pool-77-thread-1] INFO  server.RaftServerConfigKeys (ConfUtils.java:logGet(43)) - raft.server.log.appender.install.snapshot.enabled = false (custom)
2019-10-17 07:10:21,750 [pool-77-thread-1] INFO  impl.RaftServerImpl (ServerState.java:<init>(103)) - a4e5d14e-95af-4d1f-b670-5b1c42084e26@group-A7B78037332A: ConfigurationManager, init=-1: [a4e5d14e-95af-4d1f-b670-5b1c42084e26:192.168.157.211:46333], old=null, confs=<EMPTY_MAP>
2019-10-17 07:10:21,750 [pool-77-thread-1] INFO  server.RaftServerConfigKeys (ConfUtils.java:logGet(43)) - raft.server.storage.dir = [/workdir/hadoop-ozone/integration-test/target/test-dir/MiniOzoneClusterImpl-ef926406-3935-4524-95f5-43adee877df5/datanode-5/data/ratis] (custom)
2019-10-17 07:10:21,750 [pool-77-thread-1] INFO  server.RaftServerConfigKeys (ConfUtils.java:logGet(43)) - raft.server.log.corruption.policy = EXCEPTION (default)
2019-10-17 07:10:21,750 [pool-77-thread-1] INFO  storage.RaftStorageDirectory (RaftStorageDirectory.java:analyzeStorage(246)) - The storage directory /workdir/hadoop-ozone/integration-test/target/test-dir/MiniOzoneClusterImpl-ef926406-3935-4524-95f5-43adee877df5/datanode-5/data/ratis/9b3eac44-a4de-4c06-a808-a7b78037332a does not exist. Creating ...
2019-10-17 07:10:21,763 [pool-77-thread-1] INFO  storage.RaftStorageDirectory (RaftStorageDirectory.java:tryLock(328)) - Lock on /workdir/hadoop-ozone/integration-test/target/test-dir/MiniOzoneClusterImpl-ef926406-3935-4524-95f5-43adee877df5/datanode-5/data/ratis/9b3eac44-a4de-4c06-a808-a7b78037332a/in_use.lock acquired by nodename 2333@pr-hdds-2286-nkqct-1837310268
2019-10-17 07:10:21,776 [pool-77-thread-1] INFO  storage.RaftStorage (RaftStorage.java:format(84)) - Storage directory /workdir/hadoop-ozone/integration-test/target/test-dir/MiniOzoneClusterImpl-ef926406-3935-4524-95f5-43adee877df5/datanode-5/data/ratis/9b3eac44-a4de-4c06-a808-a7b78037332a has been successfully formatted.
2019-10-17 07:10:21,776 [pool-77-thread-1] INFO  ratis.ContainerStateMachine (ContainerStateMachine.java:loadSnapshot(231)) - group-A7B78037332A: The snapshot info is null. Setting the last applied indexto:(t:0, i:~)
2019-10-17 07:10:21,776 [pool-77-thread-1] INFO  server.RaftServerConfigKeys (ConfUtils.java:logGet(43)) - raft.server.notification.no-leader.timeout = 120s (custom)
2019-10-17 07:10:21,776 [pool-77-thread-1] INFO  server.RaftServerConfigKeys (ConfUtils.java:logGet(43)) - raft.server.log.use.memory = false (default)
2019-10-17 07:10:21,777 [pool-77-thread-1] INFO  server.RaftServerConfigKeys (ConfUtils.java:logGet(43)) - raft.server.log.purge.gap = 1000000 (custom)
2019-10-17 07:10:21,777 [pool-77-thread-1] INFO  server.RaftServerConfigKeys (ConfUtils.java:logGet(43)) - raft.server.log.appender.buffer.byte-limit = 33554432 (custom)
2019-10-17 07:10:21,777 [pool-77-thread-1] INFO  server.RaftServerConfigKeys (ConfUtils.java:logGet(43)) - raft.server.log.segment.size.max = 1048576 (custom)
2019-10-17 07:10:21,779 [pool-77-thread-1] INFO  server.RaftServerConfigKeys (ConfUtils.java:logGet(43)) - raft.server.log.segment.cache.num.max = 2 (custom)
2019-10-17 07:10:21,779 [pool-77-thread-1] INFO  segmented.SegmentedRaftLogWorker (SegmentedRaftLogWorker.java:<init>(173)) - new a4e5d14e-95af-4d1f-b670-5b1c42084e26@group-A7B78037332A-SegmentedRaftLogWorker for RaftStorage:Storage Directory /workdir/hadoop-ozone/integration-test/target/test-dir/MiniOzoneClusterImpl-ef926406-3935-4524-95f5-43adee877df5/datanode-5/data/ratis/9b3eac44-a4de-4c06-a808-a7b78037332a
2019-10-17 07:10:21,780 [pool-77-thread-1] INFO  server.RaftServerConfigKeys (ConfUtils.java:logGet(43)) - raft.server.log.queue.byte-limit = 2147483647 (custom)
2019-10-17 07:10:21,780 [pool-77-thread-1] INFO  server.RaftServerConfigKeys (ConfUtils.java:logGet(43)) - raft.server.log.queue.element-limit = 1024 (custom)
2019-10-17 07:10:21,780 [pool-77-thread-1] INFO  server.RaftServerConfigKeys (ConfUtils.java:logGet(43)) - raft.server.log.segment.size.max = 1048576 (custom)
2019-10-17 07:10:21,780 [pool-77-thread-1] INFO  server.RaftServerConfigKeys (ConfUtils.java:logGet(43)) - raft.server.log.preallocated.size = 16384 (custom)
2019-10-17 07:10:21,780 [pool-77-thread-1] INFO  server.RaftServerConfigKeys (ConfUtils.java:logGet(43)) - raft.server.log.write.buffer.size = 33554432 (custom)
2019-10-17 07:10:21,780 [pool-77-thread-1] INFO  server.RaftServerConfigKeys (ConfUtils.java:logGet(43)) - raft.server.log.force.sync.num = 128 (default)
2019-10-17 07:10:21,781 [pool-77-thread-1] INFO  server.RaftServerConfigKeys (ConfUtils.java:logGet(43)) - raft.server.log.statemachine.data.sync = true (default)
2019-10-17 07:10:21,781 [pool-77-thread-1] INFO  server.RaftServerConfigKeys (ConfUtils.java:logGet(43)) - raft.server.log.statemachine.data.sync.timeout = 10s (default)
2019-10-17 07:10:21,781 [pool-77-thread-1] INFO  server.RaftServerConfigKeys (ConfUtils.java:logGet(43)) - raft.server.log.statemachine.data.sync.timeout.retry = -1 (default)
2019-10-17 07:10:21,781 [pool-77-thread-1] INFO  server.RaftServerConfigKeys (ConfUtils.java:logGet(43)) - raft.server.log.statemachine.data.caching.enabled = true (custom)
2019-10-17 07:10:21,782 [pool-77-thread-1] INFO  segmented.SegmentedRaftLogWorker (SegmentedRaftLogWorker.java:lambda$new$0(128)) - a4e5d14e-95af-4d1f-b670-5b1c42084e26@group-A7B78037332A-SegmentedRaftLogWorker: flushIndex: setUnconditionally 0 -> -1
2019-10-17 07:10:21,782 [pool-77-thread-1] INFO  server.RaftServerConfigKeys (ConfUtils.java:logGet(43)) - raft.server.snapshot.auto.trigger.enabled = true (custom)
2019-10-17 07:10:21,782 [pool-77-thread-1] INFO  server.RaftServerConfigKeys (ConfUtils.java:logGet(43)) - raft.server.snapshot.auto.trigger.threshold = 10000 (custom)
2019-10-17 07:10:21,782 [pool-77-thread-1] INFO  server.RaftServerConfigKeys (ConfUtils.java:logGet(43)) - raft.server.snapshot.retention.file.num = 5 (custom)
2019-10-17 07:10:21,783 [pool-77-thread-1] INFO  server.RaftServerConfigKeys (ConfUtils.java:logGet(43)) - raft.server.retrycache.expirytime = 600000ms (custom)
2019-10-17 07:10:21,786 [main] INFO  ozone.MiniOzoneClusterImpl (MiniOzoneClusterImpl.java:lambda$waitForClusterToBeReady$0(147)) - Cluster is ready. Got 10 of 10 DN Heartbeats.
2019-10-17 07:10:21,788 [pool-77-thread-1] INFO  impl.RaftServerImpl (RaftServerImpl.java:start(195)) - a4e5d14e-95af-4d1f-b670-5b1c42084e26@group-A7B78037332A: start as a follower, conf=-1: [a4e5d14e-95af-4d1f-b670-5b1c42084e26:192.168.157.211:46333], old=null
2019-10-17 07:10:21,788 [pool-77-thread-1] INFO  impl.RaftServerImpl (RaftServerImpl.java:setRole(184)) - a4e5d14e-95af-4d1f-b670-5b1c42084e26@group-A7B78037332A: changes role from      null to FOLLOWER at term 0 for startAsFollower
2019-10-17 07:10:21,789 [pool-77-thread-1] INFO  impl.RoleInfo (RoleInfo.java:updateAndGet(143)) - a4e5d14e-95af-4d1f-b670-5b1c42084e26: start FollowerState
2019-10-17 07:10:21,789 [pool-77-thread-1] INFO  util.JmxRegister (JmxRegister.java:tryRegister(44)) - Successfully registered JMX Bean with object name Ratis:service=RaftServer,group=group-A7B78037332A,id=a4e5d14e-95af-4d1f-b670-5b1c42084e26
2019-10-17 07:10:21,804 [RatisPipelineUtilsThread] INFO  pipeline.PipelineStateManager (PipelineStateManager.java:addPipeline(56)) - Created pipeline Pipeline[ Id: 9b3eac44-a4de-4c06-a808-a7b78037332a, Nodes: a4e5d14e-95af-4d1f-b670-5b1c42084e26{ip: 192.168.157.211, host: pr-hdds-2286-nkqct-1837310268, networkLocation: /default-rack, certSerialId: null}, Type:RATIS, Factor:ONE, State:OPEN]
2019-10-17 07:10:21,807 [Thread-308] INFO  impl.FollowerState (FollowerState.java:run(108)) - a4e5d14e-95af-4d1f-b670-5b1c42084e26@group-A7B78037332A-FollowerState: change to CANDIDATE, lastRpcTime:18ms, electionTimeout:18ms
2019-10-17 07:10:21,808 [Thread-308] INFO  impl.RoleInfo (RoleInfo.java:shutdownFollowerState(121)) - a4e5d14e-95af-4d1f-b670-5b1c42084e26: shutdown FollowerState
2019-10-17 07:10:21,808 [Thread-308] INFO  impl.RaftServerImpl (RaftServerImpl.java:setRole(184)) - a4e5d14e-95af-4d1f-b670-5b1c42084e26@group-A7B78037332A: changes role from  FOLLOWER to CANDIDATE at term 0 for changeToCandidate
2019-10-17 07:10:21,808 [Thread-308] INFO  impl.RoleInfo (RoleInfo.java:updateAndGet(143)) - a4e5d14e-95af-4d1f-b670-5b1c42084e26: start LeaderElection
2019-10-17 07:10:21,821 [grpc-default-executor-0] INFO  impl.RaftServerProxy (RaftServerProxy.java:addNew(89)) - 715ace13-eaf8-4882-a949-ec1ca9c7a1c8: addNew group-190694439CE0:[715ace13-eaf8-4882-a949-ec1ca9c7a1c8:192.168.157.211:44586] returns group-190694439CE0:java.util.concurrent.CompletableFuture@73894b09[Not completed]
2019-10-17 07:10:21,824 [pool-117-thread-1] INFO  impl.RaftServerImpl (RaftServerImpl.java:<init>(104)) - 715ace13-eaf8-4882-a949-ec1ca9c7a1c8: new RaftServerImpl for group-190694439CE0:[715ace13-eaf8-4882-a949-ec1ca9c7a1c8:192.168.157.211:44586] with ContainerStateMachine:uninitialized
2019-10-17 07:10:21,825 [pool-117-thread-1] INFO  server.RaftServerConfigKeys (ConfUtils.java:logGet(43)) - raft.server.rpc.timeout.min = 1s (custom)
2019-10-17 07:10:21,825 [pool-117-thread-1] INFO  server.RaftServerConfigKeys (ConfUtils.java:logGet(43)) - raft.server.rpc.timeout.max = 1200ms (custom)
2019-10-17 07:10:21,825 [pool-117-thread-1] INFO  server.RaftServerConfigKeys (ConfUtils.java:logGet(43)) - raft.server.rpcslowness.timeout = 120s (custom)
2019-10-17 07:10:21,825 [pool-117-thread-1] INFO  server.RaftServerConfigKeys (ConfUtils.java:logGet(43)) - raft.server.sleep.deviation.threshold = 300 (default)
2019-10-17 07:10:21,825 [pool-117-thread-1] INFO  server.RaftServerConfigKeys (ConfUtils.java:logGet(43)) - raft.server.log.appender.install.snapshot.enabled = false (custom)
2019-10-17 07:10:21,825 [pool-117-thread-1] INFO  impl.RaftServerImpl (ServerState.java:<init>(103)) - 715ace13-eaf8-4882-a949-ec1ca9c7a1c8@group-190694439CE0: ConfigurationManager, init=-1: [715ace13-eaf8-4882-a949-ec1ca9c7a1c8:192.168.157.211:44586], old=null, confs=<EMPTY_MAP>
2019-10-17 07:10:21,825 [pool-117-thread-1] INFO  server.RaftServerConfigKeys (ConfUtils.java:logGet(43)) - raft.server.storage.dir = [/workdir/hadoop-ozone/integration-test/target/test-dir/MiniOzoneClusterImpl-ef926406-3935-4524-95f5-43adee877df5/datanode-9/data/ratis] (custom)
2019-10-17 07:10:21,826 [pool-117-thread-1] INFO  server.RaftServerConfigKeys (ConfUtils.java:logGet(43)) - raft.server.log.corruption.policy = EXCEPTION (default)
2019-10-17 07:10:21,826 [pool-117-thread-1] INFO  storage.RaftStorageDirectory (RaftStorageDirectory.java:analyzeStorage(246)) - The storage directory /workdir/hadoop-ozone/integration-test/target/test-dir/MiniOzoneClusterImpl-ef926406-3935-4524-95f5-43adee877df5/datanode-9/data/ratis/cfca34ef-b025-482f-b132-190694439ce0 does not exist. Creating ...
2019-10-17 07:10:21,831 [Thread-305] INFO  impl.FollowerState (FollowerState.java:run(108)) - d31fb603-bc45-4cd2-bfc5-2ee103695b2e@group-D4C7258D12F6-FollowerState: change to CANDIDATE, lastRpcTime:162ms, electionTimeout:162ms
2019-10-17 07:10:21,831 [Thread-305] INFO  impl.RoleInfo (RoleInfo.java:shutdownFollowerState(121)) - d31fb603-bc45-4cd2-bfc5-2ee103695b2e: shutdown FollowerState
2019-10-17 07:10:21,831 [Thread-305] INFO  impl.RaftServerImpl (RaftServerImpl.java:setRole(184)) - d31fb603-bc45-4cd2-bfc5-2ee103695b2e@group-D4C7258D12F6: changes role from  FOLLOWER to CANDIDATE at term 0 for changeToCandidate
2019-10-17 07:10:21,832 [Thread-305] INFO  impl.RoleInfo (RoleInfo.java:updateAndGet(143)) - d31fb603-bc45-4cd2-bfc5-2ee103695b2e: start LeaderElection
2019-10-17 07:10:21,834 [pool-117-thread-1] INFO  storage.RaftStorageDirectory (RaftStorageDirectory.java:tryLock(328)) - Lock on /workdir/hadoop-ozone/integration-test/target/test-dir/MiniOzoneClusterImpl-ef926406-3935-4524-95f5-43adee877df5/datanode-9/data/ratis/cfca34ef-b025-482f-b132-190694439ce0/in_use.lock acquired by nodename 2333@pr-hdds-2286-nkqct-1837310268
2019-10-17 07:10:21,836 [a4e5d14e-95af-4d1f-b670-5b1c42084e26@group-A7B78037332A-LeaderElection5] INFO  impl.LeaderElection (LeaderElection.java:askForVotes(178)) - a4e5d14e-95af-4d1f-b670-5b1c42084e26@group-A7B78037332A-LeaderElection5: begin an election at term 1 for -1: [a4e5d14e-95af-4d1f-b670-5b1c42084e26:192.168.157.211:46333], old=null
2019-10-17 07:10:21,836 [a4e5d14e-95af-4d1f-b670-5b1c42084e26@group-A7B78037332A-LeaderElection5] INFO  impl.RoleInfo (RoleInfo.java:shutdownLeaderElection(134)) - a4e5d14e-95af-4d1f-b670-5b1c42084e26: shutdown LeaderElection
2019-10-17 07:10:21,836 [a4e5d14e-95af-4d1f-b670-5b1c42084e26@group-A7B78037332A-LeaderElection5] INFO  impl.RaftServerImpl (RaftServerImpl.java:setRole(184)) - a4e5d14e-95af-4d1f-b670-5b1c42084e26@group-A7B78037332A: changes role from CANDIDATE to LEADER at term 1 for changeToLeader
2019-10-17 07:10:21,836 [a4e5d14e-95af-4d1f-b670-5b1c42084e26@group-A7B78037332A-LeaderElection5] INFO  impl.RaftServerImpl (ServerState.java:setLeader(256)) - a4e5d14e-95af-4d1f-b670-5b1c42084e26@group-A7B78037332A: change Leader from null to a4e5d14e-95af-4d1f-b670-5b1c42084e26 at term 1 for becomeLeader, leader elected after 59ms
2019-10-17 07:10:21,843 [a4e5d14e-95af-4d1f-b670-5b1c42084e26@group-A7B78037332A-LeaderElection5] INFO  server.RaftServerConfigKeys (ConfUtils.java:logGet(43)) - raft.server.staging.catchup.gap = 1000 (default)
2019-10-17 07:10:21,843 [a4e5d14e-95af-4d1f-b670-5b1c42084e26@group-A7B78037332A-LeaderElection5] INFO  server.RaftServerConfigKeys (ConfUtils.java:logGet(43)) - raft.server.rpc.sleep.time = 25ms (default)
2019-10-17 07:10:21,843 [a4e5d14e-95af-4d1f-b670-5b1c42084e26@group-A7B78037332A-LeaderElection5] INFO  server.RaftServerConfigKeys (ConfUtils.java:logGet(43)) - raft.server.write.element-limit = 4096 (default)
2019-10-17 07:10:21,844 [a4e5d14e-95af-4d1f-b670-5b1c42084e26@group-A7B78037332A-LeaderElection5] INFO  server.RaftServerConfigKeys (ConfUtils.java:logGet(43)) - raft.server.watch.timeout = 10s (default)
2019-10-17 07:10:21,844 [a4e5d14e-95af-4d1f-b670-5b1c42084e26@group-A7B78037332A-LeaderElection5] INFO  server.RaftServerConfigKeys (ConfUtils.java:logGet(43)) - raft.server.watch.timeout.denomination = 1s (default)
2019-10-17 07:10:21,844 [a4e5d14e-95af-4d1f-b670-5b1c42084e26@group-A7B78037332A-LeaderElection5] INFO  server.RaftServerConfigKeys (ConfUtils.java:logGet(43)) - raft.server.watch.element-limit = 65536 (default)
2019-10-17 07:10:21,847 [a4e5d14e-95af-4d1f-b670-5b1c42084e26@group-A7B78037332A-LeaderElection5] INFO  impl.RoleInfo (RoleInfo.java:updateAndGet(143)) - a4e5d14e-95af-4d1f-b670-5b1c42084e26: start LeaderState
2019-10-17 07:10:21,848 [a4e5d14e-95af-4d1f-b670-5b1c42084e26@group-A7B78037332A-LeaderElection5] INFO  segmented.SegmentedRaftLogWorker (SegmentedRaftLogWorker.java:startLogSegment(385)) - a4e5d14e-95af-4d1f-b670-5b1c42084e26@group-A7B78037332A-SegmentedRaftLogWorker: Starting segment from index:0
2019-10-17 07:10:21,848 [a4e5d14e-95af-4d1f-b670-5b1c42084e26@group-A7B78037332A-LeaderElection5] INFO  impl.RaftServerImpl (ServerState.java:setRaftConf(357)) - a4e5d14e-95af-4d1f-b670-5b1c42084e26@group-A7B78037332A: set configuration 0: [a4e5d14e-95af-4d1f-b670-5b1c42084e26:192.168.157.211:46333], old=null at 0
2019-10-17 07:10:21,877 [pool-117-thread-1] INFO  storage.RaftStorage (RaftStorage.java:format(84)) - Storage directory /workdir/hadoop-ozone/integration-test/target/test-dir/MiniOzoneClusterImpl-ef926406-3935-4524-95f5-43adee877df5/datanode-9/data/ratis/cfca34ef-b025-482f-b132-190694439ce0 has been successfully formatted.
2019-10-17 07:10:21,877 [d31fb603-bc45-4cd2-bfc5-2ee103695b2e@group-D4C7258D12F6-LeaderElection6] INFO  impl.LeaderElection (LeaderElection.java:askForVotes(178)) - d31fb603-bc45-4cd2-bfc5-2ee103695b2e@group-D4C7258D12F6-LeaderElection6: begin an election at term 1 for -1: [d31fb603-bc45-4cd2-bfc5-2ee103695b2e:192.168.157.211:42529], old=null
2019-10-17 07:10:21,877 [d31fb603-bc45-4cd2-bfc5-2ee103695b2e@group-D4C7258D12F6-LeaderElection6] INFO  impl.RoleInfo (RoleInfo.java:shutdownLeaderElection(134)) - d31fb603-bc45-4cd2-bfc5-2ee103695b2e: shutdown LeaderElection
2019-10-17 07:10:21,877 [pool-117-thread-1] INFO  ratis.ContainerStateMachine (ContainerStateMachine.java:loadSnapshot(231)) - group-190694439CE0: The snapshot info is null. Setting the last applied indexto:(t:0, i:~)
2019-10-17 07:10:21,877 [d31fb603-bc45-4cd2-bfc5-2ee103695b2e@group-D4C7258D12F6-LeaderElection6] INFO  impl.RaftServerImpl (RaftServerImpl.java:setRole(184)) - d31fb603-bc45-4cd2-bfc5-2ee103695b2e@group-D4C7258D12F6: changes role from CANDIDATE to LEADER at term 1 for changeToLeader
2019-10-17 07:10:21,877 [pool-117-thread-1] INFO  server.RaftServerConfigKeys (ConfUtils.java:logGet(43)) - raft.server.notification.no-leader.timeout = 120s (custom)
2019-10-17 07:10:21,877 [d31fb603-bc45-4cd2-bfc5-2ee103695b2e@group-D4C7258D12F6-LeaderElection6] INFO  impl.RaftServerImpl (ServerState.java:setLeader(256)) - d31fb603-bc45-4cd2-bfc5-2ee103695b2e@group-D4C7258D12F6: change Leader from null to d31fb603-bc45-4cd2-bfc5-2ee103695b2e at term 1 for becomeLeader, leader elected after 334ms
2019-10-17 07:10:21,877 [pool-117-thread-1] INFO  server.RaftServerConfigKeys (ConfUtils.java:logGet(43)) - raft.server.log.use.memory = false (default)
2019-10-17 07:10:21,878 [d31fb603-bc45-4cd2-bfc5-2ee103695b2e@group-D4C7258D12F6-LeaderElection6] INFO  server.RaftServerConfigKeys (ConfUtils.java:logGet(43)) - raft.server.staging.catchup.gap = 1000 (default)
2019-10-17 07:10:21,878 [pool-117-thread-1] INFO  server.RaftServerConfigKeys (ConfUtils.java:logGet(43)) - raft.server.log.purge.gap = 1000000 (custom)
2019-10-17 07:10:21,878 [d31fb603-bc45-4cd2-bfc5-2ee103695b2e@group-D4C7258D12F6-LeaderElection6] INFO  server.RaftServerConfigKeys (ConfUtils.java:logGet(43)) - raft.server.rpc.sleep.time = 25ms (default)
2019-10-17 07:10:21,878 [pool-117-thread-1] INFO  server.RaftServerConfigKeys (ConfUtils.java:logGet(43)) - raft.server.log.appender.buffer.byte-limit = 33554432 (custom)
2019-10-17 07:10:21,878 [d31fb603-bc45-4cd2-bfc5-2ee103695b2e@group-D4C7258D12F6-LeaderElection6] INFO  server.RaftServerConfigKeys (ConfUtils.java:logGet(43)) - raft.server.write.element-limit = 4096 (default)
2019-10-17 07:10:21,878 [pool-117-thread-1] INFO  server.RaftServerConfigKeys (ConfUtils.java:logGet(43)) - raft.server.log.segment.size.max = 1048576 (custom)
2019-10-17 07:10:21,878 [d31fb603-bc45-4cd2-bfc5-2ee103695b2e@group-D4C7258D12F6-LeaderElection6] INFO  server.RaftServerConfigKeys (ConfUtils.java:logGet(43)) - raft.server.watch.timeout = 10s (default)
2019-10-17 07:10:21,878 [d31fb603-bc45-4cd2-bfc5-2ee103695b2e@group-D4C7258D12F6-LeaderElection6] INFO  server.RaftServerConfigKeys (ConfUtils.java:logGet(43)) - raft.server.watch.timeout.denomination = 1s (default)
2019-10-17 07:10:21,879 [d31fb603-bc45-4cd2-bfc5-2ee103695b2e@group-D4C7258D12F6-LeaderElection6] INFO  server.RaftServerConfigKeys (ConfUtils.java:logGet(43)) - raft.server.watch.element-limit = 65536 (default)
2019-10-17 07:10:21,882 [pool-117-thread-1] INFO  server.RaftServerConfigKeys (ConfUtils.java:logGet(43)) - raft.server.log.segment.cache.num.max = 2 (custom)
2019-10-17 07:10:21,882 [pool-117-thread-1] INFO  segmented.SegmentedRaftLogWorker (SegmentedRaftLogWorker.java:<init>(173)) - new 715ace13-eaf8-4882-a949-ec1ca9c7a1c8@group-190694439CE0-SegmentedRaftLogWorker for RaftStorage:Storage Directory /workdir/hadoop-ozone/integration-test/target/test-dir/MiniOzoneClusterImpl-ef926406-3935-4524-95f5-43adee877df5/datanode-9/data/ratis/cfca34ef-b025-482f-b132-190694439ce0
2019-10-17 07:10:21,882 [d31fb603-bc45-4cd2-bfc5-2ee103695b2e@group-D4C7258D12F6-LeaderElection6] INFO  impl.RoleInfo (RoleInfo.java:updateAndGet(143)) - d31fb603-bc45-4cd2-bfc5-2ee103695b2e: start LeaderState
2019-10-17 07:10:21,882 [pool-117-thread-1] INFO  server.RaftServerConfigKeys (ConfUtils.java:logGet(43)) - raft.server.log.queue.byte-limit = 2147483647 (custom)
2019-10-17 07:10:21,882 [pool-117-thread-1] INFO  server.RaftServerConfigKeys (ConfUtils.java:logGet(43)) - raft.server.log.queue.element-limit = 1024 (custom)
2019-10-17 07:10:21,882 [d31fb603-bc45-4cd2-bfc5-2ee103695b2e@group-D4C7258D12F6-LeaderElection6] INFO  segmented.SegmentedRaftLogWorker (SegmentedRaftLogWorker.java:startLogSegment(385)) - d31fb603-bc45-4cd2-bfc5-2ee103695b2e@group-D4C7258D12F6-SegmentedRaftLogWorker: Starting segment from index:0
2019-10-17 07:10:21,882 [pool-117-thread-1] INFO  server.RaftServerConfigKeys (ConfUtils.java:logGet(43)) - raft.server.log.segment.size.max = 1048576 (custom)
2019-10-17 07:10:21,883 [pool-117-thread-1] INFO  server.RaftServerConfigKeys (ConfUtils.java:logGet(43)) - raft.server.log.preallocated.size = 16384 (custom)
2019-10-17 07:10:21,883 [pool-117-thread-1] INFO  server.RaftServerConfigKeys (ConfUtils.java:logGet(43)) - raft.server.log.write.buffer.size = 33554432 (custom)
2019-10-17 07:10:21,883 [pool-117-thread-1] INFO  server.RaftServerConfigKeys (ConfUtils.java:logGet(43)) - raft.server.log.force.sync.num = 128 (default)
2019-10-17 07:10:21,883 [d31fb603-bc45-4cd2-bfc5-2ee103695b2e@group-D4C7258D12F6-LeaderElection6] INFO  impl.RaftServerImpl (ServerState.java:setRaftConf(357)) - d31fb603-bc45-4cd2-bfc5-2ee103695b2e@group-D4C7258D12F6: set configuration 0: [d31fb603-bc45-4cd2-bfc5-2ee103695b2e:192.168.157.211:42529], old=null at 0
2019-10-17 07:10:21,883 [pool-117-thread-1] INFO  server.RaftServerConfigKeys (ConfUtils.java:logGet(43)) - raft.server.log.statemachine.data.sync = true (default)
2019-10-17 07:10:21,920 [a4e5d14e-95af-4d1f-b670-5b1c42084e26@group-A7B78037332A-SegmentedRaftLogWorker] INFO  segmented.SegmentedRaftLogWorker (SegmentedRaftLogWorker.java:execute(576)) - a4e5d14e-95af-4d1f-b670-5b1c42084e26@group-A7B78037332A-SegmentedRaftLogWorker: created new log segment /workdir/hadoop-ozone/integration-test/target/test-dir/MiniOzoneClusterImpl-ef926406-3935-4524-95f5-43adee877df5/datanode-5/data/ratis/9b3eac44-a4de-4c06-a808-a7b78037332a/current/log_inprogress_0
2019-10-17 07:10:21,920 [pool-117-thread-1] INFO  server.RaftServerConfigKeys (ConfUtils.java:logGet(43)) - raft.server.log.statemachine.data.sync.timeout = 10s (default)
2019-10-17 07:10:21,921 [pool-117-thread-1] INFO  server.RaftServerConfigKeys (ConfUtils.java:logGet(43)) - raft.server.log.statemachine.data.sync.timeout.retry = -1 (default)
2019-10-17 07:10:21,921 [pool-117-thread-1] INFO  server.RaftServerConfigKeys (ConfUtils.java:logGet(43)) - raft.server.log.statemachine.data.caching.enabled = true (custom)
2019-10-17 07:10:21,922 [pool-117-thread-1] INFO  segmented.SegmentedRaftLogWorker (SegmentedRaftLogWorker.java:lambda$new$0(128)) - 715ace13-eaf8-4882-a949-ec1ca9c7a1c8@group-190694439CE0-SegmentedRaftLogWorker: flushIndex: setUnconditionally 0 -> -1
2019-10-17 07:10:21,922 [pool-117-thread-1] INFO  server.RaftServerConfigKeys (ConfUtils.java:logGet(43)) - raft.server.snapshot.auto.trigger.enabled = true (custom)
2019-10-17 07:10:21,923 [pool-117-thread-1] INFO  server.RaftServerConfigKeys (ConfUtils.java:logGet(43)) - raft.server.snapshot.auto.trigger.threshold = 10000 (custom)
2019-10-17 07:10:21,923 [pool-117-thread-1] INFO  server.RaftServerConfigKeys (ConfUtils.java:logGet(43)) - raft.server.snapshot.retention.file.num = 5 (custom)
2019-10-17 07:10:21,923 [pool-117-thread-1] INFO  server.RaftServerConfigKeys (ConfUtils.java:logGet(43)) - raft.server.retrycache.expirytime = 600000ms (custom)
2019-10-17 07:10:21,930 [pool-117-thread-1] INFO  impl.RaftServerImpl (RaftServerImpl.java:start(195)) - 715ace13-eaf8-4882-a949-ec1ca9c7a1c8@group-190694439CE0: start as a follower, conf=-1: [715ace13-eaf8-4882-a949-ec1ca9c7a1c8:192.168.157.211:44586], old=null
2019-10-17 07:10:21,931 [pool-117-thread-1] INFO  impl.RaftServerImpl (RaftServerImpl.java:setRole(184)) - 715ace13-eaf8-4882-a949-ec1ca9c7a1c8@group-190694439CE0: changes role from      null to FOLLOWER at term 0 for startAsFollower
2019-10-17 07:10:21,931 [pool-117-thread-1] INFO  impl.RoleInfo (RoleInfo.java:updateAndGet(143)) - 715ace13-eaf8-4882-a949-ec1ca9c7a1c8: start FollowerState
2019-10-17 07:10:21,931 [pool-117-thread-1] INFO  util.JmxRegister (JmxRegister.java:tryRegister(44)) - Successfully registered JMX Bean with object name Ratis:service=RaftServer,group=group-190694439CE0,id=715ace13-eaf8-4882-a949-ec1ca9c7a1c8
2019-10-17 07:10:21,933 [d31fb603-bc45-4cd2-bfc5-2ee103695b2e@group-D4C7258D12F6-SegmentedRaftLogWorker] INFO  segmented.SegmentedRaftLogWorker (SegmentedRaftLogWorker.java:execute(576)) - d31fb603-bc45-4cd2-bfc5-2ee103695b2e@group-D4C7258D12F6-SegmentedRaftLogWorker: created new log segment /workdir/hadoop-ozone/integration-test/target/test-dir/MiniOzoneClusterImpl-ef926406-3935-4524-95f5-43adee877df5/datanode-1/data/ratis/710ba869-602b-4f09-a03b-d4c7258d12f6/current/log_inprogress_0
2019-10-17 07:10:21,954 [RatisPipelineUtilsThread] INFO  pipeline.PipelineStateManager (PipelineStateManager.java:addPipeline(56)) - Created pipeline Pipeline[ Id: cfca34ef-b025-482f-b132-190694439ce0, Nodes: 715ace13-eaf8-4882-a949-ec1ca9c7a1c8{ip: 192.168.157.211, host: pr-hdds-2286-nkqct-1837310268, networkLocation: /default-rack, certSerialId: null}, Type:RATIS, Factor:ONE, State:OPEN]
2019-10-17 07:10:21,968 [grpc-default-executor-0] INFO  impl.RaftServerProxy (RaftServerProxy.java:addNew(89)) - 831edaa1-80a5-4091-843f-90c648a5a79d: addNew group-21AB42D2BF21:[831edaa1-80a5-4091-843f-90c648a5a79d:192.168.157.211:44365] returns group-21AB42D2BF21:java.util.concurrent.CompletableFuture@48974cf3[Not completed]
2019-10-17 07:10:21,969 [pool-57-thread-1] INFO  impl.RaftServerImpl (RaftServerImpl.java:<init>(104)) - 831edaa1-80a5-4091-843f-90c648a5a79d: new RaftServerImpl for group-21AB42D2BF21:[831edaa1-80a5-4091-843f-90c648a5a79d:192.168.157.211:44365] with ContainerStateMachine:uninitialized
2019-10-17 07:10:21,970 [pool-57-thread-1] INFO  server.RaftServerConfigKeys (ConfUtils.java:logGet(43)) - raft.server.rpc.timeout.min = 1s (custom)
2019-10-17 07:10:21,970 [pool-57-thread-1] INFO  server.RaftServerConfigKeys (ConfUtils.java:logGet(43)) - raft.server.rpc.timeout.max = 1200ms (custom)
2019-10-17 07:10:21,970 [pool-57-thread-1] INFO  server.RaftServerConfigKeys (ConfUtils.java:logGet(43)) - raft.server.rpcslowness.timeout = 120s (custom)
2019-10-17 07:10:21,970 [pool-57-thread-1] INFO  server.RaftServerConfigKeys (ConfUtils.java:logGet(43)) - raft.server.sleep.deviation.threshold = 300 (default)
2019-10-17 07:10:21,970 [pool-57-thread-1] INFO  server.RaftServerConfigKeys (ConfUtils.java:logGet(43)) - raft.server.log.appender.install.snapshot.enabled = false (custom)
2019-10-17 07:10:21,970 [pool-57-thread-1] INFO  impl.RaftServerImpl (ServerState.java:<init>(103)) - 831edaa1-80a5-4091-843f-90c648a5a79d@group-21AB42D2BF21: ConfigurationManager, init=-1: [831edaa1-80a5-4091-843f-90c648a5a79d:192.168.157.211:44365], old=null, confs=<EMPTY_MAP>
2019-10-17 07:10:21,970 [pool-57-thread-1] INFO  server.RaftServerConfigKeys (ConfUtils.java:logGet(43)) - raft.server.storage.dir = [/workdir/hadoop-ozone/integration-test/target/test-dir/MiniOzoneClusterImpl-ef926406-3935-4524-95f5-43adee877df5/datanode-3/data/ratis] (custom)
2019-10-17 07:10:21,971 [pool-57-thread-1] INFO  server.RaftServerConfigKeys (ConfUtils.java:logGet(43)) - raft.server.log.corruption.policy = EXCEPTION (default)
2019-10-17 07:10:21,971 [pool-57-thread-1] INFO  storage.RaftStorageDirectory (RaftStorageDirectory.java:analyzeStorage(246)) - The storage directory /workdir/hadoop-ozone/integration-test/target/test-dir/MiniOzoneClusterImpl-ef926406-3935-4524-95f5-43adee877df5/datanode-3/data/ratis/cde06712-6a88-45e3-8907-21ab42d2bf21 does not exist. Creating ...
2019-10-17 07:10:21,983 [pool-57-thread-1] INFO  storage.RaftStorageDirectory (RaftStorageDirectory.java:tryLock(328)) - Lock on /workdir/hadoop-ozone/integration-test/target/test-dir/MiniOzoneClusterImpl-ef926406-3935-4524-95f5-43adee877df5/datanode-3/data/ratis/cde06712-6a88-45e3-8907-21ab42d2bf21/in_use.lock acquired by nodename 2333@pr-hdds-2286-nkqct-1837310268
2019-10-17 07:10:21,996 [pool-57-thread-1] INFO  storage.RaftStorage (RaftStorage.java:format(84)) - Storage directory /workdir/hadoop-ozone/integration-test/target/test-dir/MiniOzoneClusterImpl-ef926406-3935-4524-95f5-43adee877df5/datanode-3/data/ratis/cde06712-6a88-45e3-8907-21ab42d2bf21 has been successfully formatted.
2019-10-17 07:10:21,996 [pool-57-thread-1] INFO  ratis.ContainerStateMachine (ContainerStateMachine.java:loadSnapshot(231)) - group-21AB42D2BF21: The snapshot info is null. Setting the last applied indexto:(t:0, i:~)
2019-10-17 07:10:21,996 [pool-57-thread-1] INFO  server.RaftServerConfigKeys (ConfUtils.java:logGet(43)) - raft.server.notification.no-leader.timeout = 120s (custom)
2019-10-17 07:10:21,996 [pool-57-thread-1] INFO  server.RaftServerConfigKeys (ConfUtils.java:logGet(43)) - raft.server.log.use.memory = false (default)
2019-10-17 07:10:21,996 [pool-57-thread-1] INFO  server.RaftServerConfigKeys (ConfUtils.java:logGet(43)) - raft.server.log.purge.gap = 1000000 (custom)
2019-10-17 07:10:21,996 [pool-57-thread-1] INFO  server.RaftServerConfigKeys (ConfUtils.java:logGet(43)) - raft.server.log.appender.buffer.byte-limit = 33554432 (custom)
2019-10-17 07:10:21,997 [pool-57-thread-1] INFO  server.RaftServerConfigKeys (ConfUtils.java:logGet(43)) - raft.server.log.segment.size.max = 1048576 (custom)
2019-10-17 07:10:21,999 [pool-57-thread-1] INFO  server.RaftServerConfigKeys (ConfUtils.java:logGet(43)) - raft.server.log.segment.cache.num.max = 2 (custom)
2019-10-17 07:10:21,999 [pool-57-thread-1] INFO  segmented.SegmentedRaftLogWorker (SegmentedRaftLogWorker.java:<init>(173)) - new 831edaa1-80a5-4091-843f-90c648a5a79d@group-21AB42D2BF21-SegmentedRaftLogWorker for RaftStorage:Storage Directory /workdir/hadoop-ozone/integration-test/target/test-dir/MiniOzoneClusterImpl-ef926406-3935-4524-95f5-43adee877df5/datanode-3/data/ratis/cde06712-6a88-45e3-8907-21ab42d2bf21
2019-10-17 07:10:21,999 [pool-57-thread-1] INFO  server.RaftServerConfigKeys (ConfUtils.java:logGet(43)) - raft.server.log.queue.byte-limit = 2147483647 (custom)
2019-10-17 07:10:21,999 [pool-57-thread-1] INFO  server.RaftServerConfigKeys (ConfUtils.java:logGet(43)) - raft.server.log.queue.element-limit = 1024 (custom)
2019-10-17 07:10:21,999 [pool-57-thread-1] INFO  server.RaftServerConfigKeys (ConfUtils.java:logGet(43)) - raft.server.log.segment.size.max = 1048576 (custom)
2019-10-17 07:10:21,999 [pool-57-thread-1] INFO  server.RaftServerConfigKeys (ConfUtils.java:logGet(43)) - raft.server.log.preallocated.size = 16384 (custom)
2019-10-17 07:10:21,999 [pool-57-thread-1] INFO  server.RaftServerConfigKeys (ConfUtils.java:logGet(43)) - raft.server.log.write.buffer.size = 33554432 (custom)
2019-10-17 07:10:21,999 [pool-57-thread-1] INFO  server.RaftServerConfigKeys (ConfUtils.java:logGet(43)) - raft.server.log.force.sync.num = 128 (default)
2019-10-17 07:10:21,999 [pool-57-thread-1] INFO  server.RaftServerConfigKeys (ConfUtils.java:logGet(43)) - raft.server.log.statemachine.data.sync = true (default)
2019-10-17 07:10:22,000 [pool-57-thread-1] INFO  server.RaftServerConfigKeys (ConfUtils.java:logGet(43)) - raft.server.log.statemachine.data.sync.timeout = 10s (default)
2019-10-17 07:10:22,000 [pool-57-thread-1] INFO  server.RaftServerConfigKeys (ConfUtils.java:logGet(43)) - raft.server.log.statemachine.data.sync.timeout.retry = -1 (default)
2019-10-17 07:10:22,000 [pool-57-thread-1] INFO  server.RaftServerConfigKeys (ConfUtils.java:logGet(43)) - raft.server.log.statemachine.data.caching.enabled = true (custom)
2019-10-17 07:10:22,000 [pool-57-thread-1] INFO  segmented.SegmentedRaftLogWorker (SegmentedRaftLogWorker.java:lambda$new$0(128)) - 831edaa1-80a5-4091-843f-90c648a5a79d@group-21AB42D2BF21-SegmentedRaftLogWorker: flushIndex: setUnconditionally 0 -> -1
2019-10-17 07:10:22,001 [pool-57-thread-1] INFO  server.RaftServerConfigKeys (ConfUtils.java:logGet(43)) - raft.server.snapshot.auto.trigger.enabled = true (custom)
2019-10-17 07:10:22,001 [pool-57-thread-1] INFO  server.RaftServerConfigKeys (ConfUtils.java:logGet(43)) - raft.server.snapshot.auto.trigger.threshold = 10000 (custom)
2019-10-17 07:10:22,001 [pool-57-thread-1] INFO  server.RaftServerConfigKeys (ConfUtils.java:logGet(43)) - raft.server.snapshot.retention.file.num = 5 (custom)
2019-10-17 07:10:22,001 [pool-57-thread-1] INFO  server.RaftServerConfigKeys (ConfUtils.java:logGet(43)) - raft.server.retrycache.expirytime = 600000ms (custom)
2019-10-17 07:10:22,002 [Thread-315] INFO  impl.FollowerState (FollowerState.java:run(108)) - 715ace13-eaf8-4882-a949-ec1ca9c7a1c8@group-190694439CE0-FollowerState: change to CANDIDATE, lastRpcTime:71ms, electionTimeout:71ms
2019-10-17 07:10:22,003 [Thread-315] INFO  impl.RoleInfo (RoleInfo.java:shutdownFollowerState(121)) - 715ace13-eaf8-4882-a949-ec1ca9c7a1c8: shutdown FollowerState
2019-10-17 07:10:22,003 [Thread-315] INFO  impl.RaftServerImpl (RaftServerImpl.java:setRole(184)) - 715ace13-eaf8-4882-a949-ec1ca9c7a1c8@group-190694439CE0: changes role from  FOLLOWER to CANDIDATE at term 0 for changeToCandidate
2019-10-17 07:10:22,003 [Thread-315] INFO  impl.RoleInfo (RoleInfo.java:updateAndGet(143)) - 715ace13-eaf8-4882-a949-ec1ca9c7a1c8: start LeaderElection
2019-10-17 07:10:22,008 [pool-57-thread-1] INFO  impl.RaftServerImpl (RaftServerImpl.java:start(195)) - 831edaa1-80a5-4091-843f-90c648a5a79d@group-21AB42D2BF21: start as a follower, conf=-1: [831edaa1-80a5-4091-843f-90c648a5a79d:192.168.157.211:44365], old=null
2019-10-17 07:10:22,008 [pool-57-thread-1] INFO  impl.RaftServerImpl (RaftServerImpl.java:setRole(184)) - 831edaa1-80a5-4091-843f-90c648a5a79d@group-21AB42D2BF21: changes role from      null to FOLLOWER at term 0 for startAsFollower
2019-10-17 07:10:22,008 [pool-57-thread-1] INFO  impl.RoleInfo (RoleInfo.java:updateAndGet(143)) - 831edaa1-80a5-4091-843f-90c648a5a79d: start FollowerState
2019-10-17 07:10:22,008 [pool-57-thread-1] INFO  util.JmxRegister (JmxRegister.java:tryRegister(44)) - Successfully registered JMX Bean with object name Ratis:service=RaftServer,group=group-21AB42D2BF21,id=831edaa1-80a5-4091-843f-90c648a5a79d
2019-10-17 07:10:22,019 [RatisPipelineUtilsThread] INFO  pipeline.PipelineStateManager (PipelineStateManager.java:addPipeline(56)) - Created pipeline Pipeline[ Id: cde06712-6a88-45e3-8907-21ab42d2bf21, Nodes: 831edaa1-80a5-4091-843f-90c648a5a79d{ip: 192.168.157.211, host: pr-hdds-2286-nkqct-1837310268, networkLocation: /default-rack, certSerialId: null}, Type:RATIS, Factor:ONE, State:OPEN]
2019-10-17 07:10:22,020 [715ace13-eaf8-4882-a949-ec1ca9c7a1c8@group-190694439CE0-LeaderElection7] INFO  impl.LeaderElection (LeaderElection.java:askForVotes(178)) - 715ace13-eaf8-4882-a949-ec1ca9c7a1c8@group-190694439CE0-LeaderElection7: begin an election at term 1 for -1: [715ace13-eaf8-4882-a949-ec1ca9c7a1c8:192.168.157.211:44586], old=null
2019-10-17 07:10:22,020 [715ace13-eaf8-4882-a949-ec1ca9c7a1c8@group-190694439CE0-LeaderElection7] INFO  impl.RoleInfo (RoleInfo.java:shutdownLeaderElection(134)) - 715ace13-eaf8-4882-a949-ec1ca9c7a1c8: shutdown LeaderElection
2019-10-17 07:10:22,020 [715ace13-eaf8-4882-a949-ec1ca9c7a1c8@group-190694439CE0-LeaderElection7] INFO  impl.RaftServerImpl (RaftServerImpl.java:setRole(184)) - 715ace13-eaf8-4882-a949-ec1ca9c7a1c8@group-190694439CE0: changes role from CANDIDATE to LEADER at term 1 for changeToLeader
2019-10-17 07:10:22,020 [715ace13-eaf8-4882-a949-ec1ca9c7a1c8@group-190694439CE0-LeaderElection7] INFO  impl.RaftServerImpl (ServerState.java:setLeader(256)) - 715ace13-eaf8-4882-a949-ec1ca9c7a1c8@group-190694439CE0: change Leader from null to 715ace13-eaf8-4882-a949-ec1ca9c7a1c8 at term 1 for becomeLeader, leader elected after 142ms
2019-10-17 07:10:22,020 [715ace13-eaf8-4882-a949-ec1ca9c7a1c8@group-190694439CE0-LeaderElection7] INFO  server.RaftServerConfigKeys (ConfUtils.java:logGet(43)) - raft.server.staging.catchup.gap = 1000 (default)
2019-10-17 07:10:22,020 [715ace13-eaf8-4882-a949-ec1ca9c7a1c8@group-190694439CE0-LeaderElection7] INFO  server.RaftServerConfigKeys (ConfUtils.java:logGet(43)) - raft.server.rpc.sleep.time = 25ms (default)
2019-10-17 07:10:22,021 [715ace13-eaf8-4882-a949-ec1ca9c7a1c8@group-190694439CE0-LeaderElection7] INFO  server.RaftServerConfigKeys (ConfUtils.java:logGet(43)) - raft.server.write.element-limit = 4096 (default)
2019-10-17 07:10:22,021 [715ace13-eaf8-4882-a949-ec1ca9c7a1c8@group-190694439CE0-LeaderElection7] INFO  server.RaftServerConfigKeys (ConfUtils.java:logGet(43)) - raft.server.watch.timeout = 10s (default)
2019-10-17 07:10:22,021 [715ace13-eaf8-4882-a949-ec1ca9c7a1c8@group-190694439CE0-LeaderElection7] INFO  server.RaftServerConfigKeys (ConfUtils.java:logGet(43)) - raft.server.watch.timeout.denomination = 1s (default)
2019-10-17 07:10:22,021 [715ace13-eaf8-4882-a949-ec1ca9c7a1c8@group-190694439CE0-LeaderElection7] INFO  server.RaftServerConfigKeys (ConfUtils.java:logGet(43)) - raft.server.watch.element-limit = 65536 (default)
2019-10-17 07:10:22,026 [715ace13-eaf8-4882-a949-ec1ca9c7a1c8@group-190694439CE0-LeaderElection7] INFO  impl.RoleInfo (RoleInfo.java:updateAndGet(143)) - 715ace13-eaf8-4882-a949-ec1ca9c7a1c8: start LeaderState
2019-10-17 07:10:22,026 [715ace13-eaf8-4882-a949-ec1ca9c7a1c8@group-190694439CE0-LeaderElection7] INFO  segmented.SegmentedRaftLogWorker (SegmentedRaftLogWorker.java:startLogSegment(385)) - 715ace13-eaf8-4882-a949-ec1ca9c7a1c8@group-190694439CE0-SegmentedRaftLogWorker: Starting segment from index:0
2019-10-17 07:10:22,026 [715ace13-eaf8-4882-a949-ec1ca9c7a1c8@group-190694439CE0-LeaderElection7] INFO  impl.RaftServerImpl (ServerState.java:setRaftConf(357)) - 715ace13-eaf8-4882-a949-ec1ca9c7a1c8@group-190694439CE0: set configuration 0: [715ace13-eaf8-4882-a949-ec1ca9c7a1c8:192.168.157.211:44586], old=null at 0
2019-10-17 07:10:22,065 [grpc-default-executor-0] INFO  impl.RaftServerProxy (RaftServerProxy.java:addNew(89)) - 5c4ee31d-c5ed-4c65-a5df-da3e3cf53ac2: addNew group-A4252709B5DB:[5c4ee31d-c5ed-4c65-a5df-da3e3cf53ac2:192.168.157.211:45059] returns group-A4252709B5DB:java.util.concurrent.CompletableFuture@1be51c55[Not completed]
2019-10-17 07:10:22,068 [pool-87-thread-1] INFO  impl.RaftServerImpl (RaftServerImpl.java:<init>(104)) - 5c4ee31d-c5ed-4c65-a5df-da3e3cf53ac2: new RaftServerImpl for group-A4252709B5DB:[5c4ee31d-c5ed-4c65-a5df-da3e3cf53ac2:192.168.157.211:45059] with ContainerStateMachine:uninitialized
2019-10-17 07:10:22,068 [pool-87-thread-1] INFO  server.RaftServerConfigKeys (ConfUtils.java:logGet(43)) - raft.server.rpc.timeout.min = 1s (custom)
2019-10-17 07:10:22,068 [pool-87-thread-1] INFO  server.RaftServerConfigKeys (ConfUtils.java:logGet(43)) - raft.server.rpc.timeout.max = 1200ms (custom)
2019-10-17 07:10:22,068 [pool-87-thread-1] INFO  server.RaftServerConfigKeys (ConfUtils.java:logGet(43)) - raft.server.rpcslowness.timeout = 120s (custom)
2019-10-17 07:10:22,068 [pool-87-thread-1] INFO  server.RaftServerConfigKeys (ConfUtils.java:logGet(43)) - raft.server.sleep.deviation.threshold = 300 (default)
2019-10-17 07:10:22,068 [pool-87-thread-1] INFO  server.RaftServerConfigKeys (ConfUtils.java:logGet(43)) - raft.server.log.appender.install.snapshot.enabled = false (custom)
2019-10-17 07:10:22,069 [pool-87-thread-1] INFO  impl.RaftServerImpl (ServerState.java:<init>(103)) - 5c4ee31d-c5ed-4c65-a5df-da3e3cf53ac2@group-A4252709B5DB: ConfigurationManager, init=-1: [5c4ee31d-c5ed-4c65-a5df-da3e3cf53ac2:192.168.157.211:45059], old=null, confs=<EMPTY_MAP>
2019-10-17 07:10:22,069 [pool-87-thread-1] INFO  server.RaftServerConfigKeys (ConfUtils.java:logGet(43)) - raft.server.storage.dir = [/workdir/hadoop-ozone/integration-test/target/test-dir/MiniOzoneClusterImpl-ef926406-3935-4524-95f5-43adee877df5/datanode-6/data/ratis] (custom)
2019-10-17 07:10:22,069 [pool-87-thread-1] INFO  server.RaftServerConfigKeys (ConfUtils.java:logGet(43)) - raft.server.log.corruption.policy = EXCEPTION (default)
2019-10-17 07:10:22,069 [pool-87-thread-1] INFO  storage.RaftStorageDirectory (RaftStorageDirectory.java:analyzeStorage(246)) - The storage directory /workdir/hadoop-ozone/integration-test/target/test-dir/MiniOzoneClusterImpl-ef926406-3935-4524-95f5-43adee877df5/datanode-6/data/ratis/505cf61b-fe1c-4eb1-b366-a4252709b5db does not exist. Creating ...
2019-10-17 07:10:22,073 [715ace13-eaf8-4882-a949-ec1ca9c7a1c8@group-190694439CE0-SegmentedRaftLogWorker] INFO  segmented.SegmentedRaftLogWorker (SegmentedRaftLogWorker.java:execute(576)) - 715ace13-eaf8-4882-a949-ec1ca9c7a1c8@group-190694439CE0-SegmentedRaftLogWorker: created new log segment /workdir/hadoop-ozone/integration-test/target/test-dir/MiniOzoneClusterImpl-ef926406-3935-4524-95f5-43adee877df5/datanode-9/data/ratis/cfca34ef-b025-482f-b132-190694439ce0/current/log_inprogress_0
2019-10-17 07:10:22,084 [pool-87-thread-1] INFO  storage.RaftStorageDirectory (RaftStorageDirectory.java:tryLock(328)) - Lock on /workdir/hadoop-ozone/integration-test/target/test-dir/MiniOzoneClusterImpl-ef926406-3935-4524-95f5-43adee877df5/datanode-6/data/ratis/505cf61b-fe1c-4eb1-b366-a4252709b5db/in_use.lock acquired by nodename 2333@pr-hdds-2286-nkqct-1837310268
2019-10-17 07:10:22,104 [pool-87-thread-1] INFO  storage.RaftStorage (RaftStorage.java:format(84)) - Storage directory /workdir/hadoop-ozone/integration-test/target/test-dir/MiniOzoneClusterImpl-ef926406-3935-4524-95f5-43adee877df5/datanode-6/data/ratis/505cf61b-fe1c-4eb1-b366-a4252709b5db has been successfully formatted.
2019-10-17 07:10:22,104 [pool-87-thread-1] INFO  ratis.ContainerStateMachine (ContainerStateMachine.java:loadSnapshot(231)) - group-A4252709B5DB: The snapshot info is null. Setting the last applied indexto:(t:0, i:~)
2019-10-17 07:10:22,104 [pool-87-thread-1] INFO  server.RaftServerConfigKeys (ConfUtils.java:logGet(43)) - raft.server.notification.no-leader.timeout = 120s (custom)
2019-10-17 07:10:22,104 [pool-87-thread-1] INFO  server.RaftServerConfigKeys (ConfUtils.java:logGet(43)) - raft.server.log.use.memory = false (default)
2019-10-17 07:10:22,104 [pool-87-thread-1] INFO  server.RaftServerConfigKeys (ConfUtils.java:logGet(43)) - raft.server.log.purge.gap = 1000000 (custom)
2019-10-17 07:10:22,104 [pool-87-thread-1] INFO  server.RaftServerConfigKeys (ConfUtils.java:logGet(43)) - raft.server.log.appender.buffer.byte-limit = 33554432 (custom)
2019-10-17 07:10:22,105 [pool-87-thread-1] INFO  server.RaftServerConfigKeys (ConfUtils.java:logGet(43)) - raft.server.log.segment.size.max = 1048576 (custom)
2019-10-17 07:10:22,106 [pool-87-thread-1] INFO  server.RaftServerConfigKeys (ConfUtils.java:logGet(43)) - raft.server.log.segment.cache.num.max = 2 (custom)
2019-10-17 07:10:22,107 [pool-87-thread-1] INFO  segmented.SegmentedRaftLogWorker (SegmentedRaftLogWorker.java:<init>(173)) - new 5c4ee31d-c5ed-4c65-a5df-da3e3cf53ac2@group-A4252709B5DB-SegmentedRaftLogWorker for RaftStorage:Storage Directory /workdir/hadoop-ozone/integration-test/target/test-dir/MiniOzoneClusterImpl-ef926406-3935-4524-95f5-43adee877df5/datanode-6/data/ratis/505cf61b-fe1c-4eb1-b366-a4252709b5db
2019-10-17 07:10:22,107 [pool-87-thread-1] INFO  server.RaftServerConfigKeys (ConfUtils.java:logGet(43)) - raft.server.log.queue.byte-limit = 2147483647 (custom)
2019-10-17 07:10:22,107 [pool-87-thread-1] INFO  server.RaftServerConfigKeys (ConfUtils.java:logGet(43)) - raft.server.log.queue.element-limit = 1024 (custom)
2019-10-17 07:10:22,107 [pool-87-thread-1] INFO  server.RaftServerConfigKeys (ConfUtils.java:logGet(43)) - raft.server.log.segment.size.max = 1048576 (custom)
2019-10-17 07:10:22,107 [pool-87-thread-1] INFO  server.RaftServerConfigKeys (ConfUtils.java:logGet(43)) - raft.server.log.preallocated.size = 16384 (custom)
2019-10-17 07:10:22,107 [pool-87-thread-1] INFO  server.RaftServerConfigKeys (ConfUtils.java:logGet(43)) - raft.server.log.write.buffer.size = 33554432 (custom)
2019-10-17 07:10:22,107 [pool-87-thread-1] INFO  server.RaftServerConfigKeys (ConfUtils.java:logGet(43)) - raft.server.log.force.sync.num = 128 (default)
2019-10-17 07:10:22,107 [pool-87-thread-1] INFO  server.RaftServerConfigKeys (ConfUtils.java:logGet(43)) - raft.server.log.statemachine.data.sync = true (default)
2019-10-17 07:10:22,107 [pool-87-thread-1] INFO  server.RaftServerConfigKeys (ConfUtils.java:logGet(43)) - raft.server.log.statemachine.data.sync.timeout = 10s (default)
2019-10-17 07:10:22,107 [pool-87-thread-1] INFO  server.RaftServerConfigKeys (ConfUtils.java:logGet(43)) - raft.server.log.statemachine.data.sync.timeout.retry = -1 (default)
2019-10-17 07:10:22,108 [pool-87-thread-1] INFO  server.RaftServerConfigKeys (ConfUtils.java:logGet(43)) - raft.server.log.statemachine.data.caching.enabled = true (custom)
2019-10-17 07:10:22,108 [pool-87-thread-1] INFO  segmented.SegmentedRaftLogWorker (SegmentedRaftLogWorker.java:lambda$new$0(128)) - 5c4ee31d-c5ed-4c65-a5df-da3e3cf53ac2@group-A4252709B5DB-SegmentedRaftLogWorker: flushIndex: setUnconditionally 0 -> -1
2019-10-17 07:10:22,108 [pool-87-thread-1] INFO  server.RaftServerConfigKeys (ConfUtils.java:logGet(43)) - raft.server.snapshot.auto.trigger.enabled = true (custom)
2019-10-17 07:10:22,108 [pool-87-thread-1] INFO  server.RaftServerConfigKeys (ConfUtils.java:logGet(43)) - raft.server.snapshot.auto.trigger.threshold = 10000 (custom)
2019-10-17 07:10:22,108 [pool-87-thread-1] INFO  server.RaftServerConfigKeys (ConfUtils.java:logGet(43)) - raft.server.snapshot.retention.file.num = 5 (custom)
2019-10-17 07:10:22,109 [pool-87-thread-1] INFO  server.RaftServerConfigKeys (ConfUtils.java:logGet(43)) - raft.server.retrycache.expirytime = 600000ms (custom)
2019-10-17 07:10:22,119 [pool-87-thread-1] INFO  impl.RaftServerImpl (RaftServerImpl.java:start(195)) - 5c4ee31d-c5ed-4c65-a5df-da3e3cf53ac2@group-A4252709B5DB: start as a follower, conf=-1: [5c4ee31d-c5ed-4c65-a5df-da3e3cf53ac2:192.168.157.211:45059], old=null
2019-10-17 07:10:22,120 [pool-87-thread-1] INFO  impl.RaftServerImpl (RaftServerImpl.java:setRole(184)) - 5c4ee31d-c5ed-4c65-a5df-da3e3cf53ac2@group-A4252709B5DB: changes role from      null to FOLLOWER at term 0 for startAsFollower
2019-10-17 07:10:22,120 [pool-87-thread-1] INFO  impl.RoleInfo (RoleInfo.java:updateAndGet(143)) - 5c4ee31d-c5ed-4c65-a5df-da3e3cf53ac2: start FollowerState
2019-10-17 07:10:22,120 [pool-87-thread-1] INFO  util.JmxRegister (JmxRegister.java:tryRegister(44)) - Successfully registered JMX Bean with object name Ratis:service=RaftServer,group=group-A4252709B5DB,id=5c4ee31d-c5ed-4c65-a5df-da3e3cf53ac2
2019-10-17 07:10:22,122 [Thread-319] INFO  impl.FollowerState (FollowerState.java:run(108)) - 831edaa1-80a5-4091-843f-90c648a5a79d@group-21AB42D2BF21-FollowerState: change to CANDIDATE, lastRpcTime:114ms, electionTimeout:113ms
2019-10-17 07:10:22,125 [Thread-319] INFO  impl.RoleInfo (RoleInfo.java:shutdownFollowerState(121)) - 831edaa1-80a5-4091-843f-90c648a5a79d: shutdown FollowerState
2019-10-17 07:10:22,125 [Thread-319] INFO  impl.RaftServerImpl (RaftServerImpl.java:setRole(184)) - 831edaa1-80a5-4091-843f-90c648a5a79d@group-21AB42D2BF21: changes role from  FOLLOWER to CANDIDATE at term 0 for changeToCandidate
2019-10-17 07:10:22,125 [Thread-319] INFO  impl.RoleInfo (RoleInfo.java:updateAndGet(143)) - 831edaa1-80a5-4091-843f-90c648a5a79d: start LeaderElection
2019-10-17 07:10:22,139 [RatisPipelineUtilsThread] INFO  pipeline.PipelineStateManager (PipelineStateManager.java:addPipeline(56)) - Created pipeline Pipeline[ Id: 505cf61b-fe1c-4eb1-b366-a4252709b5db, Nodes: 5c4ee31d-c5ed-4c65-a5df-da3e3cf53ac2{ip: 192.168.157.211, host: pr-hdds-2286-nkqct-1837310268, networkLocation: /default-rack, certSerialId: null}, Type:RATIS, Factor:ONE, State:OPEN]
2019-10-17 07:10:22,143 [831edaa1-80a5-4091-843f-90c648a5a79d@group-21AB42D2BF21-LeaderElection8] INFO  impl.LeaderElection (LeaderElection.java:askForVotes(178)) - 831edaa1-80a5-4091-843f-90c648a5a79d@group-21AB42D2BF21-LeaderElection8: begin an election at term 1 for -1: [831edaa1-80a5-4091-843f-90c648a5a79d:192.168.157.211:44365], old=null
2019-10-17 07:10:22,143 [831edaa1-80a5-4091-843f-90c648a5a79d@group-21AB42D2BF21-LeaderElection8] INFO  impl.RoleInfo (RoleInfo.java:shutdownLeaderElection(134)) - 831edaa1-80a5-4091-843f-90c648a5a79d: shutdown LeaderElection
2019-10-17 07:10:22,143 [831edaa1-80a5-4091-843f-90c648a5a79d@group-21AB42D2BF21-LeaderElection8] INFO  impl.RaftServerImpl (RaftServerImpl.java:setRole(184)) - 831edaa1-80a5-4091-843f-90c648a5a79d@group-21AB42D2BF21: changes role from CANDIDATE to LEADER at term 1 for changeToLeader
2019-10-17 07:10:22,143 [831edaa1-80a5-4091-843f-90c648a5a79d@group-21AB42D2BF21-LeaderElection8] INFO  impl.RaftServerImpl (ServerState.java:setLeader(256)) - 831edaa1-80a5-4091-843f-90c648a5a79d@group-21AB42D2BF21: change Leader from null to 831edaa1-80a5-4091-843f-90c648a5a79d at term 1 for becomeLeader, leader elected after 146ms
2019-10-17 07:10:22,144 [831edaa1-80a5-4091-843f-90c648a5a79d@group-21AB42D2BF21-LeaderElection8] INFO  server.RaftServerConfigKeys (ConfUtils.java:logGet(43)) - raft.server.staging.catchup.gap = 1000 (default)
2019-10-17 07:10:22,144 [831edaa1-80a5-4091-843f-90c648a5a79d@group-21AB42D2BF21-LeaderElection8] INFO  server.RaftServerConfigKeys (ConfUtils.java:logGet(43)) - raft.server.rpc.sleep.time = 25ms (default)
2019-10-17 07:10:22,144 [831edaa1-80a5-4091-843f-90c648a5a79d@group-21AB42D2BF21-LeaderElection8] INFO  server.RaftServerConfigKeys (ConfUtils.java:logGet(43)) - raft.server.write.element-limit = 4096 (default)
2019-10-17 07:10:22,144 [831edaa1-80a5-4091-843f-90c648a5a79d@group-21AB42D2BF21-LeaderElection8] INFO  server.RaftServerConfigKeys (ConfUtils.java:logGet(43)) - raft.server.watch.timeout = 10s (default)
2019-10-17 07:10:22,144 [831edaa1-80a5-4091-843f-90c648a5a79d@group-21AB42D2BF21-LeaderElection8] INFO  server.RaftServerConfigKeys (ConfUtils.java:logGet(43)) - raft.server.watch.timeout.denomination = 1s (default)
2019-10-17 07:10:22,144 [831edaa1-80a5-4091-843f-90c648a5a79d@group-21AB42D2BF21-LeaderElection8] INFO  server.RaftServerConfigKeys (ConfUtils.java:logGet(43)) - raft.server.watch.element-limit = 65536 (default)
2019-10-17 07:10:22,152 [831edaa1-80a5-4091-843f-90c648a5a79d@group-21AB42D2BF21-LeaderElection8] INFO  impl.RoleInfo (RoleInfo.java:updateAndGet(143)) - 831edaa1-80a5-4091-843f-90c648a5a79d: start LeaderState
2019-10-17 07:10:22,152 [831edaa1-80a5-4091-843f-90c648a5a79d@group-21AB42D2BF21-LeaderElection8] INFO  segmented.SegmentedRaftLogWorker (SegmentedRaftLogWorker.java:startLogSegment(385)) - 831edaa1-80a5-4091-843f-90c648a5a79d@group-21AB42D2BF21-SegmentedRaftLogWorker: Starting segment from index:0
2019-10-17 07:10:22,153 [831edaa1-80a5-4091-843f-90c648a5a79d@group-21AB42D2BF21-LeaderElection8] INFO  impl.RaftServerImpl (ServerState.java:setRaftConf(357)) - 831edaa1-80a5-4091-843f-90c648a5a79d@group-21AB42D2BF21: set configuration 0: [831edaa1-80a5-4091-843f-90c648a5a79d:192.168.157.211:44365], old=null at 0
2019-10-17 07:10:22,182 [grpc-default-executor-0] INFO  impl.RaftServerProxy (RaftServerProxy.java:addNew(89)) - aa731332-fe07-4871-af01-99c627816bfe: addNew group-AB73EBE2DDA7:[aa731332-fe07-4871-af01-99c627816bfe:192.168.157.211:44627] returns group-AB73EBE2DDA7:java.util.concurrent.CompletableFuture@73670e0d[Not completed]
2019-10-17 07:10:22,186 [pool-47-thread-1] INFO  impl.RaftServerImpl (RaftServerImpl.java:<init>(104)) - aa731332-fe07-4871-af01-99c627816bfe: new RaftServerImpl for group-AB73EBE2DDA7:[aa731332-fe07-4871-af01-99c627816bfe:192.168.157.211:44627] with ContainerStateMachine:uninitialized
2019-10-17 07:10:22,187 [pool-47-thread-1] INFO  server.RaftServerConfigKeys (ConfUtils.java:logGet(43)) - raft.server.rpc.timeout.min = 1s (custom)
2019-10-17 07:10:22,187 [pool-47-thread-1] INFO  server.RaftServerConfigKeys (ConfUtils.java:logGet(43)) - raft.server.rpc.timeout.max = 1200ms (custom)
2019-10-17 07:10:22,187 [pool-47-thread-1] INFO  server.RaftServerConfigKeys (ConfUtils.java:logGet(43)) - raft.server.rpcslowness.timeout = 120s (custom)
2019-10-17 07:10:22,187 [pool-47-thread-1] INFO  server.RaftServerConfigKeys (ConfUtils.java:logGet(43)) - raft.server.sleep.deviation.threshold = 300 (default)
2019-10-17 07:10:22,187 [pool-47-thread-1] INFO  server.RaftServerConfigKeys (ConfUtils.java:logGet(43)) - raft.server.log.appender.install.snapshot.enabled = false (custom)
2019-10-17 07:10:22,188 [pool-47-thread-1] INFO  impl.RaftServerImpl (ServerState.java:<init>(103)) - aa731332-fe07-4871-af01-99c627816bfe@group-AB73EBE2DDA7: ConfigurationManager, init=-1: [aa731332-fe07-4871-af01-99c627816bfe:192.168.157.211:44627], old=null, confs=<EMPTY_MAP>
2019-10-17 07:10:22,188 [pool-47-thread-1] INFO  server.RaftServerConfigKeys (ConfUtils.java:logGet(43)) - raft.server.storage.dir = [/workdir/hadoop-ozone/integration-test/target/test-dir/MiniOzoneClusterImpl-ef926406-3935-4524-95f5-43adee877df5/datanode-2/data/ratis] (custom)
2019-10-17 07:10:22,188 [pool-47-thread-1] INFO  server.RaftServerConfigKeys (ConfUtils.java:logGet(43)) - raft.server.log.corruption.policy = EXCEPTION (default)
2019-10-17 07:10:22,189 [pool-47-thread-1] INFO  storage.RaftStorageDirectory (RaftStorageDirectory.java:analyzeStorage(246)) - The storage directory /workdir/hadoop-ozone/integration-test/target/test-dir/MiniOzoneClusterImpl-ef926406-3935-4524-95f5-43adee877df5/datanode-2/data/ratis/6b8e0bfa-348c-48d3-bce6-ab73ebe2dda7 does not exist. Creating ...
2019-10-17 07:10:22,192 [pool-47-thread-1] INFO  storage.RaftStorageDirectory (RaftStorageDirectory.java:tryLock(328)) - Lock on /workdir/hadoop-ozone/integration-test/target/test-dir/MiniOzoneClusterImpl-ef926406-3935-4524-95f5-43adee877df5/datanode-2/data/ratis/6b8e0bfa-348c-48d3-bce6-ab73ebe2dda7/in_use.lock acquired by nodename 2333@pr-hdds-2286-nkqct-1837310268
2019-10-17 07:10:22,192 [831edaa1-80a5-4091-843f-90c648a5a79d@group-21AB42D2BF21-SegmentedRaftLogWorker] INFO  segmented.SegmentedRaftLogWorker (SegmentedRaftLogWorker.java:execute(576)) - 831edaa1-80a5-4091-843f-90c648a5a79d@group-21AB42D2BF21-SegmentedRaftLogWorker: created new log segment /workdir/hadoop-ozone/integration-test/target/test-dir/MiniOzoneClusterImpl-ef926406-3935-4524-95f5-43adee877df5/datanode-3/data/ratis/cde06712-6a88-45e3-8907-21ab42d2bf21/current/log_inprogress_0
2019-10-17 07:10:22,206 [pool-47-thread-1] INFO  storage.RaftStorage (RaftStorage.java:format(84)) - Storage directory /workdir/hadoop-ozone/integration-test/target/test-dir/MiniOzoneClusterImpl-ef926406-3935-4524-95f5-43adee877df5/datanode-2/data/ratis/6b8e0bfa-348c-48d3-bce6-ab73ebe2dda7 has been successfully formatted.
2019-10-17 07:10:22,206 [pool-47-thread-1] INFO  ratis.ContainerStateMachine (ContainerStateMachine.java:loadSnapshot(231)) - group-AB73EBE2DDA7: The snapshot info is null. Setting the last applied indexto:(t:0, i:~)
2019-10-17 07:10:22,206 [pool-47-thread-1] INFO  server.RaftServerConfigKeys (ConfUtils.java:logGet(43)) - raft.server.notification.no-leader.timeout = 120s (custom)
2019-10-17 07:10:22,206 [pool-47-thread-1] INFO  server.RaftServerConfigKeys (ConfUtils.java:logGet(43)) - raft.server.log.use.memory = false (default)
2019-10-17 07:10:22,206 [pool-47-thread-1] INFO  server.RaftServerConfigKeys (ConfUtils.java:logGet(43)) - raft.server.log.purge.gap = 1000000 (custom)
2019-10-17 07:10:22,206 [pool-47-thread-1] INFO  server.RaftServerConfigKeys (ConfUtils.java:logGet(43)) - raft.server.log.appender.buffer.byte-limit = 33554432 (custom)
2019-10-17 07:10:22,206 [pool-47-thread-1] INFO  server.RaftServerConfigKeys (ConfUtils.java:logGet(43)) - raft.server.log.segment.size.max = 1048576 (custom)
2019-10-17 07:10:22,208 [pool-47-thread-1] INFO  server.RaftServerConfigKeys (ConfUtils.java:logGet(43)) - raft.server.log.segment.cache.num.max = 2 (custom)
2019-10-17 07:10:22,208 [pool-47-thread-1] INFO  segmented.SegmentedRaftLogWorker (SegmentedRaftLogWorker.java:<init>(173)) - new aa731332-fe07-4871-af01-99c627816bfe@group-AB73EBE2DDA7-SegmentedRaftLogWorker for RaftStorage:Storage Directory /workdir/hadoop-ozone/integration-test/target/test-dir/MiniOzoneClusterImpl-ef926406-3935-4524-95f5-43adee877df5/datanode-2/data/ratis/6b8e0bfa-348c-48d3-bce6-ab73ebe2dda7
2019-10-17 07:10:22,208 [pool-47-thread-1] INFO  server.RaftServerConfigKeys (ConfUtils.java:logGet(43)) - raft.server.log.queue.byte-limit = 2147483647 (custom)
2019-10-17 07:10:22,208 [pool-47-thread-1] INFO  server.RaftServerConfigKeys (ConfUtils.java:logGet(43)) - raft.server.log.queue.element-limit = 1024 (custom)
2019-10-17 07:10:22,208 [pool-47-thread-1] INFO  server.RaftServerConfigKeys (ConfUtils.java:logGet(43)) - raft.server.log.segment.size.max = 1048576 (custom)
2019-10-17 07:10:22,209 [pool-47-thread-1] INFO  server.RaftServerConfigKeys (ConfUtils.java:logGet(43)) - raft.server.log.preallocated.size = 16384 (custom)
2019-10-17 07:10:22,209 [pool-47-thread-1] INFO  server.RaftServerConfigKeys (ConfUtils.java:logGet(43)) - raft.server.log.write.buffer.size = 33554432 (custom)
2019-10-17 07:10:22,209 [pool-47-thread-1] INFO  server.RaftServerConfigKeys (ConfUtils.java:logGet(43)) - raft.server.log.force.sync.num = 128 (default)
2019-10-17 07:10:22,209 [pool-47-thread-1] INFO  server.RaftServerConfigKeys (ConfUtils.java:logGet(43)) - raft.server.log.statemachine.data.sync = true (default)
2019-10-17 07:10:22,209 [pool-47-thread-1] INFO  server.RaftServerConfigKeys (ConfUtils.java:logGet(43)) - raft.server.log.statemachine.data.sync.timeout = 10s (default)
2019-10-17 07:10:22,209 [pool-47-thread-1] INFO  server.RaftServerConfigKeys (ConfUtils.java:logGet(43)) - raft.server.log.statemachine.data.sync.timeout.retry = -1 (default)
2019-10-17 07:10:22,209 [pool-47-thread-1] INFO  server.RaftServerConfigKeys (ConfUtils.java:logGet(43)) - raft.server.log.statemachine.data.caching.enabled = true (custom)
2019-10-17 07:10:22,210 [pool-47-thread-1] INFO  segmented.SegmentedRaftLogWorker (SegmentedRaftLogWorker.java:lambda$new$0(128)) - aa731332-fe07-4871-af01-99c627816bfe@group-AB73EBE2DDA7-SegmentedRaftLogWorker: flushIndex: setUnconditionally 0 -> -1
2019-10-17 07:10:22,210 [pool-47-thread-1] INFO  server.RaftServerConfigKeys (ConfUtils.java:logGet(43)) - raft.server.snapshot.auto.trigger.enabled = true (custom)
2019-10-17 07:10:22,210 [pool-47-thread-1] INFO  server.RaftServerConfigKeys (ConfUtils.java:logGet(43)) - raft.server.snapshot.auto.trigger.threshold = 10000 (custom)
2019-10-17 07:10:22,210 [pool-47-thread-1] INFO  server.RaftServerConfigKeys (ConfUtils.java:logGet(43)) - raft.server.snapshot.retention.file.num = 5 (custom)
2019-10-17 07:10:22,210 [pool-47-thread-1] INFO  server.RaftServerConfigKeys (ConfUtils.java:logGet(43)) - raft.server.retrycache.expirytime = 600000ms (custom)
2019-10-17 07:10:22,213 [pool-47-thread-1] INFO  impl.RaftServerImpl (RaftServerImpl.java:start(195)) - aa731332-fe07-4871-af01-99c627816bfe@group-AB73EBE2DDA7: start as a follower, conf=-1: [aa731332-fe07-4871-af01-99c627816bfe:192.168.157.211:44627], old=null
2019-10-17 07:10:22,213 [pool-47-thread-1] INFO  impl.RaftServerImpl (RaftServerImpl.java:setRole(184)) - aa731332-fe07-4871-af01-99c627816bfe@group-AB73EBE2DDA7: changes role from      null to FOLLOWER at term 0 for startAsFollower
2019-10-17 07:10:22,213 [pool-47-thread-1] INFO  impl.RoleInfo (RoleInfo.java:updateAndGet(143)) - aa731332-fe07-4871-af01-99c627816bfe: start FollowerState
2019-10-17 07:10:22,213 [pool-47-thread-1] INFO  util.JmxRegister (JmxRegister.java:tryRegister(44)) - Successfully registered JMX Bean with object name Ratis:service=RaftServer,group=group-AB73EBE2DDA7,id=aa731332-fe07-4871-af01-99c627816bfe
2019-10-17 07:10:22,228 [RatisPipelineUtilsThread] INFO  pipeline.PipelineStateManager (PipelineStateManager.java:addPipeline(56)) - Created pipeline Pipeline[ Id: 6b8e0bfa-348c-48d3-bce6-ab73ebe2dda7, Nodes: aa731332-fe07-4871-af01-99c627816bfe{ip: 192.168.157.211, host: pr-hdds-2286-nkqct-1837310268, networkLocation: /default-rack, certSerialId: null}, Type:RATIS, Factor:ONE, State:OPEN]
2019-10-17 07:10:22,254 [grpc-default-executor-1] INFO  impl.RaftServerProxy (RaftServerProxy.java:addNew(89)) - 0c631657-10a5-4e2a-a322-8fc6c651b2ed: addNew group-42ACBF6EBE4E:[215fceca-0555-458b-bc4f-ba38ff24d5ba:192.168.157.211:43803, decc5551-dd4b-40dc-8ff5-b6b450d67f6f:192.168.157.211:34435, 0c631657-10a5-4e2a-a322-8fc6c651b2ed:192.168.157.211:41694] returns group-42ACBF6EBE4E:java.util.concurrent.CompletableFuture@61ebe0ff[Not completed]
2019-10-17 07:10:22,255 [grpc-default-executor-2] INFO  impl.RaftServerProxy (RaftServerProxy.java:addNew(89)) - 215fceca-0555-458b-bc4f-ba38ff24d5ba: addNew group-42ACBF6EBE4E:[215fceca-0555-458b-bc4f-ba38ff24d5ba:192.168.157.211:43803, decc5551-dd4b-40dc-8ff5-b6b450d67f6f:192.168.157.211:34435, 0c631657-10a5-4e2a-a322-8fc6c651b2ed:192.168.157.211:41694] returns group-42ACBF6EBE4E:java.util.concurrent.CompletableFuture@1a2050af[Not completed]
2019-10-17 07:10:22,256 [pool-107-thread-1] INFO  impl.RaftServerImpl (RaftServerImpl.java:<init>(104)) - 0c631657-10a5-4e2a-a322-8fc6c651b2ed: new RaftServerImpl for group-42ACBF6EBE4E:[215fceca-0555-458b-bc4f-ba38ff24d5ba:192.168.157.211:43803, decc5551-dd4b-40dc-8ff5-b6b450d67f6f:192.168.157.211:34435, 0c631657-10a5-4e2a-a322-8fc6c651b2ed:192.168.157.211:41694] with ContainerStateMachine:uninitialized
2019-10-17 07:10:22,256 [pool-107-thread-1] INFO  server.RaftServerConfigKeys (ConfUtils.java:logGet(43)) - raft.server.rpc.timeout.min = 1s (custom)
2019-10-17 07:10:22,256 [pool-107-thread-1] INFO  server.RaftServerConfigKeys (ConfUtils.java:logGet(43)) - raft.server.rpc.timeout.max = 1200ms (custom)
2019-10-17 07:10:22,256 [pool-107-thread-1] INFO  server.RaftServerConfigKeys (ConfUtils.java:logGet(43)) - raft.server.rpcslowness.timeout = 120s (custom)
2019-10-17 07:10:22,256 [pool-107-thread-1] INFO  server.RaftServerConfigKeys (ConfUtils.java:logGet(43)) - raft.server.sleep.deviation.threshold = 300 (default)
2019-10-17 07:10:22,256 [pool-107-thread-1] INFO  server.RaftServerConfigKeys (ConfUtils.java:logGet(43)) - raft.server.log.appender.install.snapshot.enabled = false (custom)
2019-10-17 07:10:22,256 [pool-107-thread-1] INFO  impl.RaftServerImpl (ServerState.java:<init>(103)) - 0c631657-10a5-4e2a-a322-8fc6c651b2ed@group-42ACBF6EBE4E: ConfigurationManager, init=-1: [215fceca-0555-458b-bc4f-ba38ff24d5ba:192.168.157.211:43803, decc5551-dd4b-40dc-8ff5-b6b450d67f6f:192.168.157.211:34435, 0c631657-10a5-4e2a-a322-8fc6c651b2ed:192.168.157.211:41694], old=null, confs=<EMPTY_MAP>
2019-10-17 07:10:22,256 [pool-107-thread-1] INFO  server.RaftServerConfigKeys (ConfUtils.java:logGet(43)) - raft.server.storage.dir = [/workdir/hadoop-ozone/integration-test/target/test-dir/MiniOzoneClusterImpl-ef926406-3935-4524-95f5-43adee877df5/datanode-8/data/ratis] (custom)
2019-10-17 07:10:22,256 [pool-97-thread-1] INFO  impl.RaftServerImpl (RaftServerImpl.java:<init>(104)) - 215fceca-0555-458b-bc4f-ba38ff24d5ba: new RaftServerImpl for group-42ACBF6EBE4E:[215fceca-0555-458b-bc4f-ba38ff24d5ba:192.168.157.211:43803, decc5551-dd4b-40dc-8ff5-b6b450d67f6f:192.168.157.211:34435, 0c631657-10a5-4e2a-a322-8fc6c651b2ed:192.168.157.211:41694] with ContainerStateMachine:uninitialized
2019-10-17 07:10:22,257 [pool-97-thread-1] INFO  server.RaftServerConfigKeys (ConfUtils.java:logGet(43)) - raft.server.rpc.timeout.min = 1s (custom)
2019-10-17 07:10:22,257 [pool-107-thread-1] INFO  server.RaftServerConfigKeys (ConfUtils.java:logGet(43)) - raft.server.log.corruption.policy = EXCEPTION (default)
2019-10-17 07:10:22,257 [pool-97-thread-1] INFO  server.RaftServerConfigKeys (ConfUtils.java:logGet(43)) - raft.server.rpc.timeout.max = 1200ms (custom)
2019-10-17 07:10:22,257 [pool-107-thread-1] INFO  storage.RaftStorageDirectory (RaftStorageDirectory.java:analyzeStorage(246)) - The storage directory /workdir/hadoop-ozone/integration-test/target/test-dir/MiniOzoneClusterImpl-ef926406-3935-4524-95f5-43adee877df5/datanode-8/data/ratis/981c1696-4e37-4fa3-b565-42acbf6ebe4e does not exist. Creating ...
2019-10-17 07:10:22,257 [pool-97-thread-1] INFO  server.RaftServerConfigKeys (ConfUtils.java:logGet(43)) - raft.server.rpcslowness.timeout = 120s (custom)
2019-10-17 07:10:22,257 [pool-97-thread-1] INFO  server.RaftServerConfigKeys (ConfUtils.java:logGet(43)) - raft.server.sleep.deviation.threshold = 300 (default)
2019-10-17 07:10:22,257 [pool-97-thread-1] INFO  server.RaftServerConfigKeys (ConfUtils.java:logGet(43)) - raft.server.log.appender.install.snapshot.enabled = false (custom)
2019-10-17 07:10:22,259 [pool-97-thread-1] INFO  impl.RaftServerImpl (ServerState.java:<init>(103)) - 215fceca-0555-458b-bc4f-ba38ff24d5ba@group-42ACBF6EBE4E: ConfigurationManager, init=-1: [215fceca-0555-458b-bc4f-ba38ff24d5ba:192.168.157.211:43803, decc5551-dd4b-40dc-8ff5-b6b450d67f6f:192.168.157.211:34435, 0c631657-10a5-4e2a-a322-8fc6c651b2ed:192.168.157.211:41694], old=null, confs=<EMPTY_MAP>
2019-10-17 07:10:22,259 [pool-97-thread-1] INFO  server.RaftServerConfigKeys (ConfUtils.java:logGet(43)) - raft.server.storage.dir = [/workdir/hadoop-ozone/integration-test/target/test-dir/MiniOzoneClusterImpl-ef926406-3935-4524-95f5-43adee877df5/datanode-7/data/ratis] (custom)
2019-10-17 07:10:22,259 [pool-97-thread-1] INFO  server.RaftServerConfigKeys (ConfUtils.java:logGet(43)) - raft.server.log.corruption.policy = EXCEPTION (default)
2019-10-17 07:10:22,259 [pool-97-thread-1] INFO  storage.RaftStorageDirectory (RaftStorageDirectory.java:analyzeStorage(246)) - The storage directory /workdir/hadoop-ozone/integration-test/target/test-dir/MiniOzoneClusterImpl-ef926406-3935-4524-95f5-43adee877df5/datanode-7/data/ratis/981c1696-4e37-4fa3-b565-42acbf6ebe4e does not exist. Creating ...
2019-10-17 07:10:22,259 [grpc-default-executor-2] INFO  impl.RaftServerProxy (RaftServerProxy.java:addNew(89)) - decc5551-dd4b-40dc-8ff5-b6b450d67f6f: addNew group-42ACBF6EBE4E:[215fceca-0555-458b-bc4f-ba38ff24d5ba:192.168.157.211:43803, decc5551-dd4b-40dc-8ff5-b6b450d67f6f:192.168.157.211:34435, 0c631657-10a5-4e2a-a322-8fc6c651b2ed:192.168.157.211:41694] returns group-42ACBF6EBE4E:java.util.concurrent.CompletableFuture@5f22cd8f[Not completed]
2019-10-17 07:10:22,260 [Thread-323] INFO  impl.FollowerState (FollowerState.java:run(108)) - 5c4ee31d-c5ed-4c65-a5df-da3e3cf53ac2@group-A4252709B5DB-FollowerState: change to CANDIDATE, lastRpcTime:140ms, electionTimeout:140ms
2019-10-17 07:10:22,261 [pool-67-thread-1] INFO  impl.RaftServerImpl (RaftServerImpl.java:<init>(104)) - decc5551-dd4b-40dc-8ff5-b6b450d67f6f: new RaftServerImpl for group-42ACBF6EBE4E:[215fceca-0555-458b-bc4f-ba38ff24d5ba:192.168.157.211:43803, decc5551-dd4b-40dc-8ff5-b6b450d67f6f:192.168.157.211:34435, 0c631657-10a5-4e2a-a322-8fc6c651b2ed:192.168.157.211:41694] with ContainerStateMachine:uninitialized
2019-10-17 07:10:22,261 [Thread-323] INFO  impl.RoleInfo (RoleInfo.java:shutdownFollowerState(121)) - 5c4ee31d-c5ed-4c65-a5df-da3e3cf53ac2: shutdown FollowerState
2019-10-17 07:10:22,261 [pool-67-thread-1] INFO  server.RaftServerConfigKeys (ConfUtils.java:logGet(43)) - raft.server.rpc.timeout.min = 1s (custom)
2019-10-17 07:10:22,262 [Thread-323] INFO  impl.RaftServerImpl (RaftServerImpl.java:setRole(184)) - 5c4ee31d-c5ed-4c65-a5df-da3e3cf53ac2@group-A4252709B5DB: changes role from  FOLLOWER to CANDIDATE at term 0 for changeToCandidate
2019-10-17 07:10:22,262 [pool-67-thread-1] INFO  server.RaftServerConfigKeys (ConfUtils.java:logGet(43)) - raft.server.rpc.timeout.max = 1200ms (custom)
2019-10-17 07:10:22,262 [Thread-323] INFO  impl.RoleInfo (RoleInfo.java:updateAndGet(143)) - 5c4ee31d-c5ed-4c65-a5df-da3e3cf53ac2: start LeaderElection
2019-10-17 07:10:22,262 [pool-67-thread-1] INFO  server.RaftServerConfigKeys (ConfUtils.java:logGet(43)) - raft.server.rpcslowness.timeout = 120s (custom)
2019-10-17 07:10:22,262 [pool-67-thread-1] INFO  server.RaftServerConfigKeys (ConfUtils.java:logGet(43)) - raft.server.sleep.deviation.threshold = 300 (default)
2019-10-17 07:10:22,262 [pool-67-thread-1] INFO  server.RaftServerConfigKeys (ConfUtils.java:logGet(43)) - raft.server.log.appender.install.snapshot.enabled = false (custom)
2019-10-17 07:10:22,262 [pool-67-thread-1] INFO  impl.RaftServerImpl (ServerState.java:<init>(103)) - decc5551-dd4b-40dc-8ff5-b6b450d67f6f@group-42ACBF6EBE4E: ConfigurationManager, init=-1: [215fceca-0555-458b-bc4f-ba38ff24d5ba:192.168.157.211:43803, decc5551-dd4b-40dc-8ff5-b6b450d67f6f:192.168.157.211:34435, 0c631657-10a5-4e2a-a322-8fc6c651b2ed:192.168.157.211:41694], old=null, confs=<EMPTY_MAP>
2019-10-17 07:10:22,266 [pool-67-thread-1] INFO  server.RaftServerConfigKeys (ConfUtils.java:logGet(43)) - raft.server.storage.dir = [/workdir/hadoop-ozone/integration-test/target/test-dir/MiniOzoneClusterImpl-ef926406-3935-4524-95f5-43adee877df5/datanode-4/data/ratis] (custom)
2019-10-17 07:10:22,266 [pool-67-thread-1] INFO  server.RaftServerConfigKeys (ConfUtils.java:logGet(43)) - raft.server.log.corruption.policy = EXCEPTION (default)
2019-10-17 07:10:22,266 [pool-67-thread-1] INFO  storage.RaftStorageDirectory (RaftStorageDirectory.java:analyzeStorage(246)) - The storage directory /workdir/hadoop-ozone/integration-test/target/test-dir/MiniOzoneClusterImpl-ef926406-3935-4524-95f5-43adee877df5/datanode-4/data/ratis/981c1696-4e37-4fa3-b565-42acbf6ebe4e does not exist. Creating ...
2019-10-17 07:10:22,271 [pool-97-thread-1] INFO  storage.RaftStorageDirectory (RaftStorageDirectory.java:tryLock(328)) - Lock on /workdir/hadoop-ozone/integration-test/target/test-dir/MiniOzoneClusterImpl-ef926406-3935-4524-95f5-43adee877df5/datanode-7/data/ratis/981c1696-4e37-4fa3-b565-42acbf6ebe4e/in_use.lock acquired by nodename 2333@pr-hdds-2286-nkqct-1837310268
2019-10-17 07:10:22,271 [pool-107-thread-1] INFO  storage.RaftStorageDirectory (RaftStorageDirectory.java:tryLock(328)) - Lock on /workdir/hadoop-ozone/integration-test/target/test-dir/MiniOzoneClusterImpl-ef926406-3935-4524-95f5-43adee877df5/datanode-8/data/ratis/981c1696-4e37-4fa3-b565-42acbf6ebe4e/in_use.lock acquired by nodename 2333@pr-hdds-2286-nkqct-1837310268
2019-10-17 07:10:22,271 [pool-67-thread-1] INFO  storage.RaftStorageDirectory (RaftStorageDirectory.java:tryLock(328)) - Lock on /workdir/hadoop-ozone/integration-test/target/test-dir/MiniOzoneClusterImpl-ef926406-3935-4524-95f5-43adee877df5/datanode-4/data/ratis/981c1696-4e37-4fa3-b565-42acbf6ebe4e/in_use.lock acquired by nodename 2333@pr-hdds-2286-nkqct-1837310268
2019-10-17 07:10:22,272 [5c4ee31d-c5ed-4c65-a5df-da3e3cf53ac2@group-A4252709B5DB-LeaderElection9] INFO  impl.LeaderElection (LeaderElection.java:askForVotes(178)) - 5c4ee31d-c5ed-4c65-a5df-da3e3cf53ac2@group-A4252709B5DB-LeaderElection9: begin an election at term 1 for -1: [5c4ee31d-c5ed-4c65-a5df-da3e3cf53ac2:192.168.157.211:45059], old=null
2019-10-17 07:10:22,272 [5c4ee31d-c5ed-4c65-a5df-da3e3cf53ac2@group-A4252709B5DB-LeaderElection9] INFO  impl.RoleInfo (RoleInfo.java:shutdownLeaderElection(134)) - 5c4ee31d-c5ed-4c65-a5df-da3e3cf53ac2: shutdown LeaderElection
2019-10-17 07:10:22,272 [5c4ee31d-c5ed-4c65-a5df-da3e3cf53ac2@group-A4252709B5DB-LeaderElection9] INFO  impl.RaftServerImpl (RaftServerImpl.java:setRole(184)) - 5c4ee31d-c5ed-4c65-a5df-da3e3cf53ac2@group-A4252709B5DB: changes role from CANDIDATE to LEADER at term 1 for changeToLeader
2019-10-17 07:10:22,272 [5c4ee31d-c5ed-4c65-a5df-da3e3cf53ac2@group-A4252709B5DB-LeaderElection9] INFO  impl.RaftServerImpl (ServerState.java:setLeader(256)) - 5c4ee31d-c5ed-4c65-a5df-da3e3cf53ac2@group-A4252709B5DB: change Leader from null to 5c4ee31d-c5ed-4c65-a5df-da3e3cf53ac2 at term 1 for becomeLeader, leader elected after 168ms
2019-10-17 07:10:22,272 [5c4ee31d-c5ed-4c65-a5df-da3e3cf53ac2@group-A4252709B5DB-LeaderElection9] INFO  server.RaftServerConfigKeys (ConfUtils.java:logGet(43)) - raft.server.staging.catchup.gap = 1000 (default)
2019-10-17 07:10:22,272 [5c4ee31d-c5ed-4c65-a5df-da3e3cf53ac2@group-A4252709B5DB-LeaderElection9] INFO  server.RaftServerConfigKeys (ConfUtils.java:logGet(43)) - raft.server.rpc.sleep.time = 25ms (default)
2019-10-17 07:10:22,273 [5c4ee31d-c5ed-4c65-a5df-da3e3cf53ac2@group-A4252709B5DB-LeaderElection9] INFO  server.RaftServerConfigKeys (ConfUtils.java:logGet(43)) - raft.server.write.element-limit = 4096 (default)
2019-10-17 07:10:22,273 [5c4ee31d-c5ed-4c65-a5df-da3e3cf53ac2@group-A4252709B5DB-LeaderElection9] INFO  server.RaftServerConfigKeys (ConfUtils.java:logGet(43)) - raft.server.watch.timeout = 10s (default)
2019-10-17 07:10:22,273 [5c4ee31d-c5ed-4c65-a5df-da3e3cf53ac2@group-A4252709B5DB-LeaderElection9] INFO  server.RaftServerConfigKeys (ConfUtils.java:logGet(43)) - raft.server.watch.timeout.denomination = 1s (default)
2019-10-17 07:10:22,273 [5c4ee31d-c5ed-4c65-a5df-da3e3cf53ac2@group-A4252709B5DB-LeaderElection9] INFO  server.RaftServerConfigKeys (ConfUtils.java:logGet(43)) - raft.server.watch.element-limit = 65536 (default)
2019-10-17 07:10:22,275 [5c4ee31d-c5ed-4c65-a5df-da3e3cf53ac2@group-A4252709B5DB-LeaderElection9] INFO  impl.RoleInfo (RoleInfo.java:updateAndGet(143)) - 5c4ee31d-c5ed-4c65-a5df-da3e3cf53ac2: start LeaderState
2019-10-17 07:10:22,275 [5c4ee31d-c5ed-4c65-a5df-da3e3cf53ac2@group-A4252709B5DB-LeaderElection9] INFO  segmented.SegmentedRaftLogWorker (SegmentedRaftLogWorker.java:startLogSegment(385)) - 5c4ee31d-c5ed-4c65-a5df-da3e3cf53ac2@group-A4252709B5DB-SegmentedRaftLogWorker: Starting segment from index:0
2019-10-17 07:10:22,276 [5c4ee31d-c5ed-4c65-a5df-da3e3cf53ac2@group-A4252709B5DB-LeaderElection9] INFO  impl.RaftServerImpl (ServerState.java:setRaftConf(357)) - 5c4ee31d-c5ed-4c65-a5df-da3e3cf53ac2@group-A4252709B5DB: set configuration 0: [5c4ee31d-c5ed-4c65-a5df-da3e3cf53ac2:192.168.157.211:45059], old=null at 0
2019-10-17 07:10:22,302 [pool-67-thread-1] INFO  storage.RaftStorage (RaftStorage.java:format(84)) - Storage directory /workdir/hadoop-ozone/integration-test/target/test-dir/MiniOzoneClusterImpl-ef926406-3935-4524-95f5-43adee877df5/datanode-4/data/ratis/981c1696-4e37-4fa3-b565-42acbf6ebe4e has been successfully formatted.
2019-10-17 07:10:22,302 [pool-97-thread-1] INFO  storage.RaftStorage (RaftStorage.java:format(84)) - Storage directory /workdir/hadoop-ozone/integration-test/target/test-dir/MiniOzoneClusterImpl-ef926406-3935-4524-95f5-43adee877df5/datanode-7/data/ratis/981c1696-4e37-4fa3-b565-42acbf6ebe4e has been successfully formatted.
2019-10-17 07:10:22,302 [pool-67-thread-1] INFO  ratis.ContainerStateMachine (ContainerStateMachine.java:loadSnapshot(231)) - group-42ACBF6EBE4E: The snapshot info is null. Setting the last applied indexto:(t:0, i:~)
2019-10-17 07:10:22,302 [pool-107-thread-1] INFO  storage.RaftStorage (RaftStorage.java:format(84)) - Storage directory /workdir/hadoop-ozone/integration-test/target/test-dir/MiniOzoneClusterImpl-ef926406-3935-4524-95f5-43adee877df5/datanode-8/data/ratis/981c1696-4e37-4fa3-b565-42acbf6ebe4e has been successfully formatted.
2019-10-17 07:10:22,303 [pool-67-thread-1] INFO  server.RaftServerConfigKeys (ConfUtils.java:logGet(43)) - raft.server.notification.no-leader.timeout = 120s (custom)
2019-10-17 07:10:22,303 [pool-97-thread-1] INFO  ratis.ContainerStateMachine (ContainerStateMachine.java:loadSnapshot(231)) - group-42ACBF6EBE4E: The snapshot info is null. Setting the last applied indexto:(t:0, i:~)
2019-10-17 07:10:22,303 [pool-67-thread-1] INFO  server.RaftServerConfigKeys (ConfUtils.java:logGet(43)) - raft.server.log.use.memory = false (default)
2019-10-17 07:10:22,303 [pool-97-thread-1] INFO  server.RaftServerConfigKeys (ConfUtils.java:logGet(43)) - raft.server.notification.no-leader.timeout = 120s (custom)
2019-10-17 07:10:22,303 [pool-107-thread-1] INFO  ratis.ContainerStateMachine (ContainerStateMachine.java:loadSnapshot(231)) - group-42ACBF6EBE4E: The snapshot info is null. Setting the last applied indexto:(t:0, i:~)
2019-10-17 07:10:22,303 [pool-97-thread-1] INFO  server.RaftServerConfigKeys (ConfUtils.java:logGet(43)) - raft.server.log.use.memory = false (default)
2019-10-17 07:10:22,303 [pool-67-thread-1] INFO  server.RaftServerConfigKeys (ConfUtils.java:logGet(43)) - raft.server.log.purge.gap = 1000000 (custom)
2019-10-17 07:10:22,303 [pool-97-thread-1] INFO  server.RaftServerConfigKeys (ConfUtils.java:logGet(43)) - raft.server.log.purge.gap = 1000000 (custom)
2019-10-17 07:10:22,303 [pool-107-thread-1] INFO  server.RaftServerConfigKeys (ConfUtils.java:logGet(43)) - raft.server.notification.no-leader.timeout = 120s (custom)
2019-10-17 07:10:22,304 [pool-97-thread-1] INFO  server.RaftServerConfigKeys (ConfUtils.java:logGet(43)) - raft.server.log.appender.buffer.byte-limit = 33554432 (custom)
2019-10-17 07:10:22,304 [pool-67-thread-1] INFO  server.RaftServerConfigKeys (ConfUtils.java:logGet(43)) - raft.server.log.appender.buffer.byte-limit = 33554432 (custom)
2019-10-17 07:10:22,304 [pool-97-thread-1] INFO  server.RaftServerConfigKeys (ConfUtils.java:logGet(43)) - raft.server.log.segment.size.max = 1048576 (custom)
2019-10-17 07:10:22,304 [pool-107-thread-1] INFO  server.RaftServerConfigKeys (ConfUtils.java:logGet(43)) - raft.server.log.use.memory = false (default)
2019-10-17 07:10:22,304 [pool-97-thread-1] INFO  server.RaftServerConfigKeys (ConfUtils.java:logGet(43)) - raft.server.log.segment.cache.num.max = 2 (custom)
2019-10-17 07:10:22,304 [pool-107-thread-1] INFO  server.RaftServerConfigKeys (ConfUtils.java:logGet(43)) - raft.server.log.purge.gap = 1000000 (custom)
2019-10-17 07:10:22,304 [pool-67-thread-1] INFO  server.RaftServerConfigKeys (ConfUtils.java:logGet(43)) - raft.server.log.segment.size.max = 1048576 (custom)
2019-10-17 07:10:22,304 [pool-107-thread-1] INFO  server.RaftServerConfigKeys (ConfUtils.java:logGet(43)) - raft.server.log.appender.buffer.byte-limit = 33554432 (custom)
2019-10-17 07:10:22,304 [pool-97-thread-1] INFO  segmented.SegmentedRaftLogWorker (SegmentedRaftLogWorker.java:<init>(173)) - new 215fceca-0555-458b-bc4f-ba38ff24d5ba@group-42ACBF6EBE4E-SegmentedRaftLogWorker for RaftStorage:Storage Directory /workdir/hadoop-ozone/integration-test/target/test-dir/MiniOzoneClusterImpl-ef926406-3935-4524-95f5-43adee877df5/datanode-7/data/ratis/981c1696-4e37-4fa3-b565-42acbf6ebe4e
2019-10-17 07:10:22,305 [pool-107-thread-1] INFO  server.RaftServerConfigKeys (ConfUtils.java:logGet(43)) - raft.server.log.segment.size.max = 1048576 (custom)
2019-10-17 07:10:22,305 [pool-67-thread-1] INFO  server.RaftServerConfigKeys (ConfUtils.java:logGet(43)) - raft.server.log.segment.cache.num.max = 2 (custom)
2019-10-17 07:10:22,305 [pool-97-thread-1] INFO  server.RaftServerConfigKeys (ConfUtils.java:logGet(43)) - raft.server.log.queue.byte-limit = 2147483647 (custom)
2019-10-17 07:10:22,305 [pool-67-thread-1] INFO  segmented.SegmentedRaftLogWorker (SegmentedRaftLogWorker.java:<init>(173)) - new decc5551-dd4b-40dc-8ff5-b6b450d67f6f@group-42ACBF6EBE4E-SegmentedRaftLogWorker for RaftStorage:Storage Directory /workdir/hadoop-ozone/integration-test/target/test-dir/MiniOzoneClusterImpl-ef926406-3935-4524-95f5-43adee877df5/datanode-4/data/ratis/981c1696-4e37-4fa3-b565-42acbf6ebe4e
2019-10-17 07:10:22,305 [pool-107-thread-1] INFO  server.RaftServerConfigKeys (ConfUtils.java:logGet(43)) - raft.server.log.segment.cache.num.max = 2 (custom)
2019-10-17 07:10:22,305 [pool-67-thread-1] INFO  server.RaftServerConfigKeys (ConfUtils.java:logGet(43)) - raft.server.log.queue.byte-limit = 2147483647 (custom)
2019-10-17 07:10:22,305 [pool-97-thread-1] INFO  server.RaftServerConfigKeys (ConfUtils.java:logGet(43)) - raft.server.log.queue.element-limit = 1024 (custom)
2019-10-17 07:10:22,305 [pool-67-thread-1] INFO  server.RaftServerConfigKeys (ConfUtils.java:logGet(43)) - raft.server.log.queue.element-limit = 1024 (custom)
2019-10-17 07:10:22,305 [pool-107-thread-1] INFO  segmented.SegmentedRaftLogWorker (SegmentedRaftLogWorker.java:<init>(173)) - new 0c631657-10a5-4e2a-a322-8fc6c651b2ed@group-42ACBF6EBE4E-SegmentedRaftLogWorker for RaftStorage:Storage Directory /workdir/hadoop-ozone/integration-test/target/test-dir/MiniOzoneClusterImpl-ef926406-3935-4524-95f5-43adee877df5/datanode-8/data/ratis/981c1696-4e37-4fa3-b565-42acbf6ebe4e
2019-10-17 07:10:22,306 [pool-67-thread-1] INFO  server.RaftServerConfigKeys (ConfUtils.java:logGet(43)) - raft.server.log.segment.size.max = 1048576 (custom)
2019-10-17 07:10:22,306 [pool-97-thread-1] INFO  server.RaftServerConfigKeys (ConfUtils.java:logGet(43)) - raft.server.log.segment.size.max = 1048576 (custom)
2019-10-17 07:10:22,306 [pool-67-thread-1] INFO  server.RaftServerConfigKeys (ConfUtils.java:logGet(43)) - raft.server.log.preallocated.size = 16384 (custom)
2019-10-17 07:10:22,306 [pool-107-thread-1] INFO  server.RaftServerConfigKeys (ConfUtils.java:logGet(43)) - raft.server.log.queue.byte-limit = 2147483647 (custom)
2019-10-17 07:10:22,306 [pool-67-thread-1] INFO  server.RaftServerConfigKeys (ConfUtils.java:logGet(43)) - raft.server.log.write.buffer.size = 33554432 (custom)
2019-10-17 07:10:22,306 [pool-97-thread-1] INFO  server.RaftServerConfigKeys (ConfUtils.java:logGet(43)) - raft.server.log.preallocated.size = 16384 (custom)
2019-10-17 07:10:22,306 [pool-67-thread-1] INFO  server.RaftServerConfigKeys (ConfUtils.java:logGet(43)) - raft.server.log.force.sync.num = 128 (default)
2019-10-17 07:10:22,306 [pool-107-thread-1] INFO  server.RaftServerConfigKeys (ConfUtils.java:logGet(43)) - raft.server.log.queue.element-limit = 1024 (custom)
2019-10-17 07:10:22,306 [pool-67-thread-1] INFO  server.RaftServerConfigKeys (ConfUtils.java:logGet(43)) - raft.server.log.statemachine.data.sync = true (default)
2019-10-17 07:10:22,306 [pool-97-thread-1] INFO  server.RaftServerConfigKeys (ConfUtils.java:logGet(43)) - raft.server.log.write.buffer.size = 33554432 (custom)
2019-10-17 07:10:22,307 [pool-67-thread-1] INFO  server.RaftServerConfigKeys (ConfUtils.java:logGet(43)) - raft.server.log.statemachine.data.sync.timeout = 10s (default)
2019-10-17 07:10:22,307 [pool-107-thread-1] INFO  server.RaftServerConfigKeys (ConfUtils.java:logGet(43)) - raft.server.log.segment.size.max = 1048576 (custom)
2019-10-17 07:10:22,307 [pool-67-thread-1] INFO  server.RaftServerConfigKeys (ConfUtils.java:logGet(43)) - raft.server.log.statemachine.data.sync.timeout.retry = -1 (default)
2019-10-17 07:10:22,307 [pool-97-thread-1] INFO  server.RaftServerConfigKeys (ConfUtils.java:logGet(43)) - raft.server.log.force.sync.num = 128 (default)
2019-10-17 07:10:22,307 [pool-107-thread-1] INFO  server.RaftServerConfigKeys (ConfUtils.java:logGet(43)) - raft.server.log.preallocated.size = 16384 (custom)
2019-10-17 07:10:22,307 [pool-97-thread-1] INFO  server.RaftServerConfigKeys (ConfUtils.java:logGet(43)) - raft.server.log.statemachine.data.sync = true (default)
2019-10-17 07:10:22,307 [pool-67-thread-1] INFO  server.RaftServerConfigKeys (ConfUtils.java:logGet(43)) - raft.server.log.statemachine.data.caching.enabled = true (custom)
2019-10-17 07:10:22,308 [pool-97-thread-1] INFO  server.RaftServerConfigKeys (ConfUtils.java:logGet(43)) - raft.server.log.statemachine.data.sync.timeout = 10s (default)
2019-10-17 07:10:22,307 [pool-107-thread-1] INFO  server.RaftServerConfigKeys (ConfUtils.java:logGet(43)) - raft.server.log.write.buffer.size = 33554432 (custom)
2019-10-17 07:10:22,308 [pool-67-thread-1] INFO  segmented.SegmentedRaftLogWorker (SegmentedRaftLogWorker.java:lambda$new$0(128)) - decc5551-dd4b-40dc-8ff5-b6b450d67f6f@group-42ACBF6EBE4E-SegmentedRaftLogWorker: flushIndex: setUnconditionally 0 -> -1
2019-10-17 07:10:22,308 [pool-97-thread-1] INFO  server.RaftServerConfigKeys (ConfUtils.java:logGet(43)) - raft.server.log.statemachine.data.sync.timeout.retry = -1 (default)
2019-10-17 07:10:22,308 [pool-107-thread-1] INFO  server.RaftServerConfigKeys (ConfUtils.java:logGet(43)) - raft.server.log.force.sync.num = 128 (default)
2019-10-17 07:10:22,308 [pool-97-thread-1] INFO  server.RaftServerConfigKeys (ConfUtils.java:logGet(43)) - raft.server.log.statemachine.data.caching.enabled = true (custom)
2019-10-17 07:10:22,308 [pool-67-thread-1] INFO  server.RaftServerConfigKeys (ConfUtils.java:logGet(43)) - raft.server.snapshot.auto.trigger.enabled = true (custom)
2019-10-17 07:10:22,308 [pool-107-thread-1] INFO  server.RaftServerConfigKeys (ConfUtils.java:logGet(43)) - raft.server.log.statemachine.data.sync = true (default)
2019-10-17 07:10:22,308 [pool-97-thread-1] INFO  segmented.SegmentedRaftLogWorker (SegmentedRaftLogWorker.java:lambda$new$0(128)) - 215fceca-0555-458b-bc4f-ba38ff24d5ba@group-42ACBF6EBE4E-SegmentedRaftLogWorker: flushIndex: setUnconditionally 0 -> -1
2019-10-17 07:10:22,309 [pool-107-thread-1] INFO  server.RaftServerConfigKeys (ConfUtils.java:logGet(43)) - raft.server.log.statemachine.data.sync.timeout = 10s (default)
2019-10-17 07:10:22,308 [pool-67-thread-1] INFO  server.RaftServerConfigKeys (ConfUtils.java:logGet(43)) - raft.server.snapshot.auto.trigger.threshold = 10000 (custom)
2019-10-17 07:10:22,309 [pool-97-thread-1] INFO  server.RaftServerConfigKeys (ConfUtils.java:logGet(43)) - raft.server.snapshot.auto.trigger.enabled = true (custom)
2019-10-17 07:10:22,309 [pool-107-thread-1] INFO  server.RaftServerConfigKeys (ConfUtils.java:logGet(43)) - raft.server.log.statemachine.data.sync.timeout.retry = -1 (default)
2019-10-17 07:10:22,309 [pool-97-thread-1] INFO  server.RaftServerConfigKeys (ConfUtils.java:logGet(43)) - raft.server.snapshot.auto.trigger.threshold = 10000 (custom)
2019-10-17 07:10:22,309 [pool-67-thread-1] INFO  server.RaftServerConfigKeys (ConfUtils.java:logGet(43)) - raft.server.snapshot.retention.file.num = 5 (custom)
2019-10-17 07:10:22,309 [pool-97-thread-1] INFO  server.RaftServerConfigKeys (ConfUtils.java:logGet(43)) - raft.server.snapshot.retention.file.num = 5 (custom)
2019-10-17 07:10:22,309 [pool-67-thread-1] INFO  server.RaftServerConfigKeys (ConfUtils.java:logGet(43)) - raft.server.retrycache.expirytime = 600000ms (custom)
2019-10-17 07:10:22,309 [pool-107-thread-1] INFO  server.RaftServerConfigKeys (ConfUtils.java:logGet(43)) - raft.server.log.statemachine.data.caching.enabled = true (custom)
2019-10-17 07:10:22,309 [pool-97-thread-1] INFO  server.RaftServerConfigKeys (ConfUtils.java:logGet(43)) - raft.server.retrycache.expirytime = 600000ms (custom)
2019-10-17 07:10:22,310 [pool-107-thread-1] INFO  segmented.SegmentedRaftLogWorker (SegmentedRaftLogWorker.java:lambda$new$0(128)) - 0c631657-10a5-4e2a-a322-8fc6c651b2ed@group-42ACBF6EBE4E-SegmentedRaftLogWorker: flushIndex: setUnconditionally 0 -> -1
2019-10-17 07:10:22,310 [pool-107-thread-1] INFO  server.RaftServerConfigKeys (ConfUtils.java:logGet(43)) - raft.server.snapshot.auto.trigger.enabled = true (custom)
2019-10-17 07:10:22,310 [pool-107-thread-1] INFO  server.RaftServerConfigKeys (ConfUtils.java:logGet(43)) - raft.server.snapshot.auto.trigger.threshold = 10000 (custom)
2019-10-17 07:10:22,310 [pool-107-thread-1] INFO  server.RaftServerConfigKeys (ConfUtils.java:logGet(43)) - raft.server.snapshot.retention.file.num = 5 (custom)
2019-10-17 07:10:22,310 [pool-107-thread-1] INFO  server.RaftServerConfigKeys (ConfUtils.java:logGet(43)) - raft.server.retrycache.expirytime = 600000ms (custom)
2019-10-17 07:10:22,313 [pool-67-thread-1] INFO  impl.RaftServerImpl (RaftServerImpl.java:start(195)) - decc5551-dd4b-40dc-8ff5-b6b450d67f6f@group-42ACBF6EBE4E: start as a follower, conf=-1: [215fceca-0555-458b-bc4f-ba38ff24d5ba:192.168.157.211:43803, decc5551-dd4b-40dc-8ff5-b6b450d67f6f:192.168.157.211:34435, 0c631657-10a5-4e2a-a322-8fc6c651b2ed:192.168.157.211:41694], old=null
2019-10-17 07:10:22,313 [pool-67-thread-1] INFO  impl.RaftServerImpl (RaftServerImpl.java:setRole(184)) - decc5551-dd4b-40dc-8ff5-b6b450d67f6f@group-42ACBF6EBE4E: changes role from      null to FOLLOWER at term 0 for startAsFollower
2019-10-17 07:10:22,313 [pool-67-thread-1] INFO  impl.RoleInfo (RoleInfo.java:updateAndGet(143)) - decc5551-dd4b-40dc-8ff5-b6b450d67f6f: start FollowerState
2019-10-17 07:10:22,313 [pool-97-thread-1] INFO  impl.RaftServerImpl (RaftServerImpl.java:start(195)) - 215fceca-0555-458b-bc4f-ba38ff24d5ba@group-42ACBF6EBE4E: start as a follower, conf=-1: [215fceca-0555-458b-bc4f-ba38ff24d5ba:192.168.157.211:43803, decc5551-dd4b-40dc-8ff5-b6b450d67f6f:192.168.157.211:34435, 0c631657-10a5-4e2a-a322-8fc6c651b2ed:192.168.157.211:41694], old=null
2019-10-17 07:10:22,313 [pool-97-thread-1] INFO  impl.RaftServerImpl (RaftServerImpl.java:setRole(184)) - 215fceca-0555-458b-bc4f-ba38ff24d5ba@group-42ACBF6EBE4E: changes role from      null to FOLLOWER at term 0 for startAsFollower
2019-10-17 07:10:22,313 [pool-67-thread-1] INFO  util.JmxRegister (JmxRegister.java:tryRegister(44)) - Successfully registered JMX Bean with object name Ratis:service=RaftServer,group=group-42ACBF6EBE4E,id=decc5551-dd4b-40dc-8ff5-b6b450d67f6f
2019-10-17 07:10:22,313 [pool-97-thread-1] INFO  impl.RoleInfo (RoleInfo.java:updateAndGet(143)) - 215fceca-0555-458b-bc4f-ba38ff24d5ba: start FollowerState
2019-10-17 07:10:22,313 [pool-107-thread-1] INFO  impl.RaftServerImpl (RaftServerImpl.java:start(195)) - 0c631657-10a5-4e2a-a322-8fc6c651b2ed@group-42ACBF6EBE4E: start as a follower, conf=-1: [215fceca-0555-458b-bc4f-ba38ff24d5ba:192.168.157.211:43803, decc5551-dd4b-40dc-8ff5-b6b450d67f6f:192.168.157.211:34435, 0c631657-10a5-4e2a-a322-8fc6c651b2ed:192.168.157.211:41694], old=null
2019-10-17 07:10:22,314 [pool-107-thread-1] INFO  impl.RaftServerImpl (RaftServerImpl.java:setRole(184)) - 0c631657-10a5-4e2a-a322-8fc6c651b2ed@group-42ACBF6EBE4E: changes role from      null to FOLLOWER at term 0 for startAsFollower
2019-10-17 07:10:22,314 [pool-107-thread-1] INFO  impl.RoleInfo (RoleInfo.java:updateAndGet(143)) - 0c631657-10a5-4e2a-a322-8fc6c651b2ed: start FollowerState
2019-10-17 07:10:22,314 [pool-97-thread-1] INFO  util.JmxRegister (JmxRegister.java:tryRegister(44)) - Successfully registered JMX Bean with object name Ratis:service=RaftServer,group=group-42ACBF6EBE4E,id=215fceca-0555-458b-bc4f-ba38ff24d5ba
2019-10-17 07:10:22,314 [pool-107-thread-1] INFO  util.JmxRegister (JmxRegister.java:tryRegister(44)) - Successfully registered JMX Bean with object name Ratis:service=RaftServer,group=group-42ACBF6EBE4E,id=0c631657-10a5-4e2a-a322-8fc6c651b2ed
2019-10-17 07:10:22,329 [5c4ee31d-c5ed-4c65-a5df-da3e3cf53ac2@group-A4252709B5DB-SegmentedRaftLogWorker] INFO  segmented.SegmentedRaftLogWorker (SegmentedRaftLogWorker.java:execute(576)) - 5c4ee31d-c5ed-4c65-a5df-da3e3cf53ac2@group-A4252709B5DB-SegmentedRaftLogWorker: created new log segment /workdir/hadoop-ozone/integration-test/target/test-dir/MiniOzoneClusterImpl-ef926406-3935-4524-95f5-43adee877df5/datanode-6/data/ratis/505cf61b-fe1c-4eb1-b366-a4252709b5db/current/log_inprogress_0
2019-10-17 07:10:22,350 [Thread-329] INFO  impl.FollowerState (FollowerState.java:run(108)) - aa731332-fe07-4871-af01-99c627816bfe@group-AB73EBE2DDA7-FollowerState: change to CANDIDATE, lastRpcTime:137ms, electionTimeout:137ms
2019-10-17 07:10:22,351 [Thread-329] INFO  impl.RoleInfo (RoleInfo.java:shutdownFollowerState(121)) - aa731332-fe07-4871-af01-99c627816bfe: shutdown FollowerState
2019-10-17 07:10:22,351 [Thread-329] INFO  impl.RaftServerImpl (RaftServerImpl.java:setRole(184)) - aa731332-fe07-4871-af01-99c627816bfe@group-AB73EBE2DDA7: changes role from  FOLLOWER to CANDIDATE at term 0 for changeToCandidate
2019-10-17 07:10:22,351 [Thread-329] INFO  impl.RoleInfo (RoleInfo.java:updateAndGet(143)) - aa731332-fe07-4871-af01-99c627816bfe: start LeaderElection
2019-10-17 07:10:22,357 [RatisPipelineUtilsThread] INFO  pipeline.PipelineStateManager (PipelineStateManager.java:addPipeline(56)) - Created pipeline Pipeline[ Id: 981c1696-4e37-4fa3-b565-42acbf6ebe4e, Nodes: decc5551-dd4b-40dc-8ff5-b6b450d67f6f{ip: 192.168.157.211, host: pr-hdds-2286-nkqct-1837310268, networkLocation: /default-rack, certSerialId: null}215fceca-0555-458b-bc4f-ba38ff24d5ba{ip: 192.168.157.211, host: pr-hdds-2286-nkqct-1837310268, networkLocation: /default-rack, certSerialId: null}0c631657-10a5-4e2a-a322-8fc6c651b2ed{ip: 192.168.157.211, host: pr-hdds-2286-nkqct-1837310268, networkLocation: /default-rack, certSerialId: null}, Type:RATIS, Factor:THREE, State:OPEN]
2019-10-17 07:10:22,367 [Thread-337] INFO  impl.FollowerState (FollowerState.java:run(108)) - 215fceca-0555-458b-bc4f-ba38ff24d5ba@group-42ACBF6EBE4E-FollowerState: change to CANDIDATE, lastRpcTime:51ms, electionTimeout:48ms
2019-10-17 07:10:22,367 [aa731332-fe07-4871-af01-99c627816bfe@group-AB73EBE2DDA7-LeaderElection10] INFO  impl.LeaderElection (LeaderElection.java:askForVotes(178)) - aa731332-fe07-4871-af01-99c627816bfe@group-AB73EBE2DDA7-LeaderElection10: begin an election at term 1 for -1: [aa731332-fe07-4871-af01-99c627816bfe:192.168.157.211:44627], old=null
2019-10-17 07:10:22,371 [Thread-337] INFO  impl.RoleInfo (RoleInfo.java:shutdownFollowerState(121)) - 215fceca-0555-458b-bc4f-ba38ff24d5ba: shutdown FollowerState
2019-10-17 07:10:22,371 [Thread-337] INFO  impl.RaftServerImpl (RaftServerImpl.java:setRole(184)) - 215fceca-0555-458b-bc4f-ba38ff24d5ba@group-42ACBF6EBE4E: changes role from  FOLLOWER to CANDIDATE at term 0 for changeToCandidate
2019-10-17 07:10:22,372 [aa731332-fe07-4871-af01-99c627816bfe@group-AB73EBE2DDA7-LeaderElection10] INFO  impl.RoleInfo (RoleInfo.java:shutdownLeaderElection(134)) - aa731332-fe07-4871-af01-99c627816bfe: shutdown LeaderElection
2019-10-17 07:10:22,372 [Thread-337] INFO  impl.RoleInfo (RoleInfo.java:updateAndGet(143)) - 215fceca-0555-458b-bc4f-ba38ff24d5ba: start LeaderElection
2019-10-17 07:10:22,372 [aa731332-fe07-4871-af01-99c627816bfe@group-AB73EBE2DDA7-LeaderElection10] INFO  impl.RaftServerImpl (RaftServerImpl.java:setRole(184)) - aa731332-fe07-4871-af01-99c627816bfe@group-AB73EBE2DDA7: changes role from CANDIDATE to LEADER at term 1 for changeToLeader
2019-10-17 07:10:22,377 [aa731332-fe07-4871-af01-99c627816bfe@group-AB73EBE2DDA7-LeaderElection10] INFO  impl.RaftServerImpl (ServerState.java:setLeader(256)) - aa731332-fe07-4871-af01-99c627816bfe@group-AB73EBE2DDA7: change Leader from null to aa731332-fe07-4871-af01-99c627816bfe at term 1 for becomeLeader, leader elected after 170ms
2019-10-17 07:10:22,377 [aa731332-fe07-4871-af01-99c627816bfe@group-AB73EBE2DDA7-LeaderElection10] INFO  server.RaftServerConfigKeys (ConfUtils.java:logGet(43)) - raft.server.staging.catchup.gap = 1000 (default)
2019-10-17 07:10:22,377 [aa731332-fe07-4871-af01-99c627816bfe@group-AB73EBE2DDA7-LeaderElection10] INFO  server.RaftServerConfigKeys (ConfUtils.java:logGet(43)) - raft.server.rpc.sleep.time = 25ms (default)
2019-10-17 07:10:22,377 [aa731332-fe07-4871-af01-99c627816bfe@group-AB73EBE2DDA7-LeaderElection10] INFO  server.RaftServerConfigKeys (ConfUtils.java:logGet(43)) - raft.server.write.element-limit = 4096 (default)
2019-10-17 07:10:22,377 [aa731332-fe07-4871-af01-99c627816bfe@group-AB73EBE2DDA7-LeaderElection10] INFO  server.RaftServerConfigKeys (ConfUtils.java:logGet(43)) - raft.server.watch.timeout = 10s (default)
2019-10-17 07:10:22,377 [aa731332-fe07-4871-af01-99c627816bfe@group-AB73EBE2DDA7-LeaderElection10] INFO  server.RaftServerConfigKeys (ConfUtils.java:logGet(43)) - raft.server.watch.timeout.denomination = 1s (default)
2019-10-17 07:10:22,378 [aa731332-fe07-4871-af01-99c627816bfe@group-AB73EBE2DDA7-LeaderElection10] INFO  server.RaftServerConfigKeys (ConfUtils.java:logGet(43)) - raft.server.watch.element-limit = 65536 (default)
2019-10-17 07:10:22,384 [aa731332-fe07-4871-af01-99c627816bfe@group-AB73EBE2DDA7-LeaderElection10] INFO  impl.RoleInfo (RoleInfo.java:updateAndGet(143)) - aa731332-fe07-4871-af01-99c627816bfe: start LeaderState
2019-10-17 07:10:22,384 [aa731332-fe07-4871-af01-99c627816bfe@group-AB73EBE2DDA7-LeaderElection10] INFO  segmented.SegmentedRaftLogWorker (SegmentedRaftLogWorker.java:startLogSegment(385)) - aa731332-fe07-4871-af01-99c627816bfe@group-AB73EBE2DDA7-SegmentedRaftLogWorker: Starting segment from index:0
2019-10-17 07:10:22,385 [aa731332-fe07-4871-af01-99c627816bfe@group-AB73EBE2DDA7-LeaderElection10] INFO  impl.RaftServerImpl (ServerState.java:setRaftConf(357)) - aa731332-fe07-4871-af01-99c627816bfe@group-AB73EBE2DDA7: set configuration 0: [aa731332-fe07-4871-af01-99c627816bfe:192.168.157.211:44627], old=null at 0
2019-10-17 07:10:22,427 [215fceca-0555-458b-bc4f-ba38ff24d5ba@group-42ACBF6EBE4E-LeaderElection11] INFO  impl.LeaderElection (LeaderElection.java:askForVotes(178)) - 215fceca-0555-458b-bc4f-ba38ff24d5ba@group-42ACBF6EBE4E-LeaderElection11: begin an election at term 1 for -1: [215fceca-0555-458b-bc4f-ba38ff24d5ba:192.168.157.211:43803, decc5551-dd4b-40dc-8ff5-b6b450d67f6f:192.168.157.211:34435, 0c631657-10a5-4e2a-a322-8fc6c651b2ed:192.168.157.211:41694], old=null
2019-10-17 07:10:22,435 [grpc-default-executor-1] INFO  impl.RaftServerProxy (RaftServerProxy.java:addNew(89)) - a4e5d14e-95af-4d1f-b670-5b1c42084e26: addNew group-A2172F2EE55F:[d31fb603-bc45-4cd2-bfc5-2ee103695b2e:192.168.157.211:42529, 715ace13-eaf8-4882-a949-ec1ca9c7a1c8:192.168.157.211:44586, a4e5d14e-95af-4d1f-b670-5b1c42084e26:192.168.157.211:46333] returns group-A2172F2EE55F:java.util.concurrent.CompletableFuture@20d6eac4[Not completed]
2019-10-17 07:10:22,435 [grpc-default-executor-0] INFO  impl.RaftServerProxy (RaftServerProxy.java:addNew(89)) - 715ace13-eaf8-4882-a949-ec1ca9c7a1c8: addNew group-A2172F2EE55F:[d31fb603-bc45-4cd2-bfc5-2ee103695b2e:192.168.157.211:42529, 715ace13-eaf8-4882-a949-ec1ca9c7a1c8:192.168.157.211:44586, a4e5d14e-95af-4d1f-b670-5b1c42084e26:192.168.157.211:46333] returns group-A2172F2EE55F:java.util.concurrent.CompletableFuture@3325b264[Not completed]
2019-10-17 07:10:22,435 [grpc-default-executor-2] INFO  impl.RaftServerProxy (RaftServerProxy.java:addNew(89)) - d31fb603-bc45-4cd2-bfc5-2ee103695b2e: addNew group-A2172F2EE55F:[d31fb603-bc45-4cd2-bfc5-2ee103695b2e:192.168.157.211:42529, 715ace13-eaf8-4882-a949-ec1ca9c7a1c8:192.168.157.211:44586, a4e5d14e-95af-4d1f-b670-5b1c42084e26:192.168.157.211:46333] returns group-A2172F2EE55F:java.util.concurrent.CompletableFuture@6eb7577a[Not completed]
2019-10-17 07:10:22,437 [pool-77-thread-1] INFO  impl.RaftServerImpl (RaftServerImpl.java:<init>(104)) - a4e5d14e-95af-4d1f-b670-5b1c42084e26: new RaftServerImpl for group-A2172F2EE55F:[d31fb603-bc45-4cd2-bfc5-2ee103695b2e:192.168.157.211:42529, 715ace13-eaf8-4882-a949-ec1ca9c7a1c8:192.168.157.211:44586, a4e5d14e-95af-4d1f-b670-5b1c42084e26:192.168.157.211:46333] with ContainerStateMachine:uninitialized
2019-10-17 07:10:22,437 [pool-77-thread-1] INFO  server.RaftServerConfigKeys (ConfUtils.java:logGet(43)) - raft.server.rpc.timeout.min = 1s (custom)
2019-10-17 07:10:22,438 [pool-77-thread-1] INFO  server.RaftServerConfigKeys (ConfUtils.java:logGet(43)) - raft.server.rpc.timeout.max = 1200ms (custom)
2019-10-17 07:10:22,438 [pool-77-thread-1] INFO  server.RaftServerConfigKeys (ConfUtils.java:logGet(43)) - raft.server.rpcslowness.timeout = 120s (custom)
2019-10-17 07:10:22,438 [pool-77-thread-1] INFO  server.RaftServerConfigKeys (ConfUtils.java:logGet(43)) - raft.server.sleep.deviation.threshold = 300 (default)
2019-10-17 07:10:22,438 [pool-77-thread-1] INFO  server.RaftServerConfigKeys (ConfUtils.java:logGet(43)) - raft.server.log.appender.install.snapshot.enabled = false (custom)
2019-10-17 07:10:22,438 [pool-77-thread-1] INFO  impl.RaftServerImpl (ServerState.java:<init>(103)) - a4e5d14e-95af-4d1f-b670-5b1c42084e26@group-A2172F2EE55F: ConfigurationManager, init=-1: [d31fb603-bc45-4cd2-bfc5-2ee103695b2e:192.168.157.211:42529, 715ace13-eaf8-4882-a949-ec1ca9c7a1c8:192.168.157.211:44586, a4e5d14e-95af-4d1f-b670-5b1c42084e26:192.168.157.211:46333], old=null, confs=<EMPTY_MAP>
2019-10-17 07:10:22,438 [pool-117-thread-1] INFO  impl.RaftServerImpl (RaftServerImpl.java:<init>(104)) - 715ace13-eaf8-4882-a949-ec1ca9c7a1c8: new RaftServerImpl for group-A2172F2EE55F:[d31fb603-bc45-4cd2-bfc5-2ee103695b2e:192.168.157.211:42529, 715ace13-eaf8-4882-a949-ec1ca9c7a1c8:192.168.157.211:44586, a4e5d14e-95af-4d1f-b670-5b1c42084e26:192.168.157.211:46333] with ContainerStateMachine:uninitialized
2019-10-17 07:10:22,439 [pool-77-thread-1] INFO  server.RaftServerConfigKeys (ConfUtils.java:logGet(43)) - raft.server.storage.dir = [/workdir/hadoop-ozone/integration-test/target/test-dir/MiniOzoneClusterImpl-ef926406-3935-4524-95f5-43adee877df5/datanode-5/data/ratis] (custom)
2019-10-17 07:10:22,439 [aa731332-fe07-4871-af01-99c627816bfe@group-AB73EBE2DDA7-SegmentedRaftLogWorker] INFO  segmented.SegmentedRaftLogWorker (SegmentedRaftLogWorker.java:execute(576)) - aa731332-fe07-4871-af01-99c627816bfe@group-AB73EBE2DDA7-SegmentedRaftLogWorker: created new log segment /workdir/hadoop-ozone/integration-test/target/test-dir/MiniOzoneClusterImpl-ef926406-3935-4524-95f5-43adee877df5/datanode-2/data/ratis/6b8e0bfa-348c-48d3-bce6-ab73ebe2dda7/current/log_inprogress_0
2019-10-17 07:10:22,439 [pool-117-thread-1] INFO  server.RaftServerConfigKeys (ConfUtils.java:logGet(43)) - raft.server.rpc.timeout.min = 1s (custom)
2019-10-17 07:10:22,439 [pool-117-thread-1] INFO  server.RaftServerConfigKeys (ConfUtils.java:logGet(43)) - raft.server.rpc.timeout.max = 1200ms (custom)
2019-10-17 07:10:22,439 [pool-77-thread-1] INFO  server.RaftServerConfigKeys (ConfUtils.java:logGet(43)) - raft.server.log.corruption.policy = EXCEPTION (default)
2019-10-17 07:10:22,439 [pool-37-thread-1] INFO  impl.RaftServerImpl (RaftServerImpl.java:<init>(104)) - d31fb603-bc45-4cd2-bfc5-2ee103695b2e: new RaftServerImpl for group-A2172F2EE55F:[d31fb603-bc45-4cd2-bfc5-2ee103695b2e:192.168.157.211:42529, 715ace13-eaf8-4882-a949-ec1ca9c7a1c8:192.168.157.211:44586, a4e5d14e-95af-4d1f-b670-5b1c42084e26:192.168.157.211:46333] with ContainerStateMachine:uninitialized
2019-10-17 07:10:22,439 [pool-117-thread-1] INFO  server.RaftServerConfigKeys (ConfUtils.java:logGet(43)) - raft.server.rpcslowness.timeout = 120s (custom)
2019-10-17 07:10:22,440 [pool-77-thread-1] INFO  storage.RaftStorageDirectory (RaftStorageDirectory.java:analyzeStorage(246)) - The storage directory /workdir/hadoop-ozone/integration-test/target/test-dir/MiniOzoneClusterImpl-ef926406-3935-4524-95f5-43adee877df5/datanode-5/data/ratis/d4cc5d64-8e05-478c-a8bd-a2172f2ee55f does not exist. Creating ...
2019-10-17 07:10:22,440 [pool-37-thread-1] INFO  server.RaftServerConfigKeys (ConfUtils.java:logGet(43)) - raft.server.rpc.timeout.min = 1s (custom)
2019-10-17 07:10:22,440 [pool-117-thread-1] INFO  server.RaftServerConfigKeys (ConfUtils.java:logGet(43)) - raft.server.sleep.deviation.threshold = 300 (default)
2019-10-17 07:10:22,440 [pool-37-thread-1] INFO  server.RaftServerConfigKeys (ConfUtils.java:logGet(43)) - raft.server.rpc.timeout.max = 1200ms (custom)
2019-10-17 07:10:22,440 [pool-117-thread-1] INFO  server.RaftServerConfigKeys (ConfUtils.java:logGet(43)) - raft.server.log.appender.install.snapshot.enabled = false (custom)
2019-10-17 07:10:22,440 [pool-37-thread-1] INFO  server.RaftServerConfigKeys (ConfUtils.java:logGet(43)) - raft.server.rpcslowness.timeout = 120s (custom)
2019-10-17 07:10:22,440 [pool-117-thread-1] INFO  impl.RaftServerImpl (ServerState.java:<init>(103)) - 715ace13-eaf8-4882-a949-ec1ca9c7a1c8@group-A2172F2EE55F: ConfigurationManager, init=-1: [d31fb603-bc45-4cd2-bfc5-2ee103695b2e:192.168.157.211:42529, 715ace13-eaf8-4882-a949-ec1ca9c7a1c8:192.168.157.211:44586, a4e5d14e-95af-4d1f-b670-5b1c42084e26:192.168.157.211:46333], old=null, confs=<EMPTY_MAP>
2019-10-17 07:10:22,440 [pool-37-thread-1] INFO  server.RaftServerConfigKeys (ConfUtils.java:logGet(43)) - raft.server.sleep.deviation.threshold = 300 (default)
2019-10-17 07:10:22,441 [pool-37-thread-1] INFO  server.RaftServerConfigKeys (ConfUtils.java:logGet(43)) - raft.server.log.appender.install.snapshot.enabled = false (custom)
2019-10-17 07:10:22,441 [pool-117-thread-1] INFO  server.RaftServerConfigKeys (ConfUtils.java:logGet(43)) - raft.server.storage.dir = [/workdir/hadoop-ozone/integration-test/target/test-dir/MiniOzoneClusterImpl-ef926406-3935-4524-95f5-43adee877df5/datanode-9/data/ratis] (custom)
2019-10-17 07:10:22,441 [pool-37-thread-1] INFO  impl.RaftServerImpl (ServerState.java:<init>(103)) - d31fb603-bc45-4cd2-bfc5-2ee103695b2e@group-A2172F2EE55F: ConfigurationManager, init=-1: [d31fb603-bc45-4cd2-bfc5-2ee103695b2e:192.168.157.211:42529, 715ace13-eaf8-4882-a949-ec1ca9c7a1c8:192.168.157.211:44586, a4e5d14e-95af-4d1f-b670-5b1c42084e26:192.168.157.211:46333], old=null, confs=<EMPTY_MAP>
2019-10-17 07:10:22,441 [pool-37-thread-1] INFO  server.RaftServerConfigKeys (ConfUtils.java:logGet(43)) - raft.server.storage.dir = [/workdir/hadoop-ozone/integration-test/target/test-dir/MiniOzoneClusterImpl-ef926406-3935-4524-95f5-43adee877df5/datanode-1/data/ratis] (custom)
2019-10-17 07:10:22,441 [pool-117-thread-1] INFO  server.RaftServerConfigKeys (ConfUtils.java:logGet(43)) - raft.server.log.corruption.policy = EXCEPTION (default)
2019-10-17 07:10:22,441 [pool-37-thread-1] INFO  server.RaftServerConfigKeys (ConfUtils.java:logGet(43)) - raft.server.log.corruption.policy = EXCEPTION (default)
2019-10-17 07:10:22,441 [pool-117-thread-1] INFO  storage.RaftStorageDirectory (RaftStorageDirectory.java:analyzeStorage(246)) - The storage directory /workdir/hadoop-ozone/integration-test/target/test-dir/MiniOzoneClusterImpl-ef926406-3935-4524-95f5-43adee877df5/datanode-9/data/ratis/d4cc5d64-8e05-478c-a8bd-a2172f2ee55f does not exist. Creating ...
2019-10-17 07:10:22,442 [pool-37-thread-1] INFO  storage.RaftStorageDirectory (RaftStorageDirectory.java:analyzeStorage(246)) - The storage directory /workdir/hadoop-ozone/integration-test/target/test-dir/MiniOzoneClusterImpl-ef926406-3935-4524-95f5-43adee877df5/datanode-1/data/ratis/d4cc5d64-8e05-478c-a8bd-a2172f2ee55f does not exist. Creating ...
2019-10-17 07:10:22,453 [pool-117-thread-1] INFO  storage.RaftStorageDirectory (RaftStorageDirectory.java:tryLock(328)) - Lock on /workdir/hadoop-ozone/integration-test/target/test-dir/MiniOzoneClusterImpl-ef926406-3935-4524-95f5-43adee877df5/datanode-9/data/ratis/d4cc5d64-8e05-478c-a8bd-a2172f2ee55f/in_use.lock acquired by nodename 2333@pr-hdds-2286-nkqct-1837310268
2019-10-17 07:10:22,453 [pool-37-thread-1] INFO  storage.RaftStorageDirectory (RaftStorageDirectory.java:tryLock(328)) - Lock on /workdir/hadoop-ozone/integration-test/target/test-dir/MiniOzoneClusterImpl-ef926406-3935-4524-95f5-43adee877df5/datanode-1/data/ratis/d4cc5d64-8e05-478c-a8bd-a2172f2ee55f/in_use.lock acquired by nodename 2333@pr-hdds-2286-nkqct-1837310268
2019-10-17 07:10:22,453 [pool-77-thread-1] INFO  storage.RaftStorageDirectory (RaftStorageDirectory.java:tryLock(328)) - Lock on /workdir/hadoop-ozone/integration-test/target/test-dir/MiniOzoneClusterImpl-ef926406-3935-4524-95f5-43adee877df5/datanode-5/data/ratis/d4cc5d64-8e05-478c-a8bd-a2172f2ee55f/in_use.lock acquired by nodename 2333@pr-hdds-2286-nkqct-1837310268
2019-10-17 07:10:22,464 [grpc-default-executor-2] INFO  impl.RaftServerImpl (RaftServerImpl.java:setRole(184)) - 0c631657-10a5-4e2a-a322-8fc6c651b2ed@group-42ACBF6EBE4E: changes role from  FOLLOWER to FOLLOWER at term 1 for recognizeCandidate:215fceca-0555-458b-bc4f-ba38ff24d5ba
2019-10-17 07:10:22,464 [grpc-default-executor-0] INFO  impl.RaftServerImpl (RaftServerImpl.java:setRole(184)) - decc5551-dd4b-40dc-8ff5-b6b450d67f6f@group-42ACBF6EBE4E: changes role from  FOLLOWER to FOLLOWER at term 1 for recognizeCandidate:215fceca-0555-458b-bc4f-ba38ff24d5ba
2019-10-17 07:10:22,464 [grpc-default-executor-2] INFO  impl.RoleInfo (RoleInfo.java:shutdownFollowerState(121)) - 0c631657-10a5-4e2a-a322-8fc6c651b2ed: shutdown FollowerState
2019-10-17 07:10:22,464 [grpc-default-executor-0] INFO  impl.RoleInfo (RoleInfo.java:shutdownFollowerState(121)) - decc5551-dd4b-40dc-8ff5-b6b450d67f6f: shutdown FollowerState
2019-10-17 07:10:22,464 [Thread-338] INFO  impl.FollowerState (FollowerState.java:run(117)) - 0c631657-10a5-4e2a-a322-8fc6c651b2ed@group-42ACBF6EBE4E-FollowerState was interrupted: java.lang.InterruptedException: sleep interrupted
2019-10-17 07:10:22,464 [grpc-default-executor-0] INFO  impl.RoleInfo (RoleInfo.java:updateAndGet(143)) - decc5551-dd4b-40dc-8ff5-b6b450d67f6f: start FollowerState
2019-10-17 07:10:22,464 [grpc-default-executor-2] INFO  impl.RoleInfo (RoleInfo.java:updateAndGet(143)) - 0c631657-10a5-4e2a-a322-8fc6c651b2ed: start FollowerState
2019-10-17 07:10:22,464 [Thread-336] INFO  impl.FollowerState (FollowerState.java:run(117)) - decc5551-dd4b-40dc-8ff5-b6b450d67f6f@group-42ACBF6EBE4E-FollowerState was interrupted: java.lang.InterruptedException: sleep interrupted
2019-10-17 07:10:22,468 [pool-77-thread-1] INFO  storage.RaftStorage (RaftStorage.java:format(84)) - Storage directory /workdir/hadoop-ozone/integration-test/target/test-dir/MiniOzoneClusterImpl-ef926406-3935-4524-95f5-43adee877df5/datanode-5/data/ratis/d4cc5d64-8e05-478c-a8bd-a2172f2ee55f has been successfully formatted.
2019-10-17 07:10:22,468 [pool-37-thread-1] INFO  storage.RaftStorage (RaftStorage.java:format(84)) - Storage directory /workdir/hadoop-ozone/integration-test/target/test-dir/MiniOzoneClusterImpl-ef926406-3935-4524-95f5-43adee877df5/datanode-1/data/ratis/d4cc5d64-8e05-478c-a8bd-a2172f2ee55f has been successfully formatted.
2019-10-17 07:10:22,468 [pool-117-thread-1] INFO  storage.RaftStorage (RaftStorage.java:format(84)) - Storage directory /workdir/hadoop-ozone/integration-test/target/test-dir/MiniOzoneClusterImpl-ef926406-3935-4524-95f5-43adee877df5/datanode-9/data/ratis/d4cc5d64-8e05-478c-a8bd-a2172f2ee55f has been successfully formatted.
2019-10-17 07:10:22,469 [pool-77-thread-1] INFO  ratis.ContainerStateMachine (ContainerStateMachine.java:loadSnapshot(231)) - group-A2172F2EE55F: The snapshot info is null. Setting the last applied indexto:(t:0, i:~)
2019-10-17 07:10:22,469 [pool-37-thread-1] INFO  ratis.ContainerStateMachine (ContainerStateMachine.java:loadSnapshot(231)) - group-A2172F2EE55F: The snapshot info is null. Setting the last applied indexto:(t:0, i:~)
2019-10-17 07:10:22,469 [pool-77-thread-1] INFO  server.RaftServerConfigKeys (ConfUtils.java:logGet(43)) - raft.server.notification.no-leader.timeout = 120s (custom)
2019-10-17 07:10:22,469 [pool-117-thread-1] INFO  ratis.ContainerStateMachine (ContainerStateMachine.java:loadSnapshot(231)) - group-A2172F2EE55F: The snapshot info is null. Setting the last applied indexto:(t:0, i:~)
2019-10-17 07:10:22,469 [pool-77-thread-1] INFO  server.RaftServerConfigKeys (ConfUtils.java:logGet(43)) - raft.server.log.use.memory = false (default)
2019-10-17 07:10:22,469 [pool-37-thread-1] INFO  server.RaftServerConfigKeys (ConfUtils.java:logGet(43)) - raft.server.notification.no-leader.timeout = 120s (custom)
2019-10-17 07:10:22,470 [pool-77-thread-1] INFO  server.RaftServerConfigKeys (ConfUtils.java:logGet(43)) - raft.server.log.purge.gap = 1000000 (custom)
2019-10-17 07:10:22,469 [pool-117-thread-1] INFO  server.RaftServerConfigKeys (ConfUtils.java:logGet(43)) - raft.server.notification.no-leader.timeout = 120s (custom)
2019-10-17 07:10:22,470 [pool-77-thread-1] INFO  server.RaftServerConfigKeys (ConfUtils.java:logGet(43)) - raft.server.log.appender.buffer.byte-limit = 33554432 (custom)
2019-10-17 07:10:22,470 [pool-37-thread-1] INFO  server.RaftServerConfigKeys (ConfUtils.java:logGet(43)) - raft.server.log.use.memory = false (default)
2019-10-17 07:10:22,470 [pool-77-thread-1] INFO  server.RaftServerConfigKeys (ConfUtils.java:logGet(43)) - raft.server.log.segment.size.max = 1048576 (custom)
2019-10-17 07:10:22,470 [pool-117-thread-1] INFO  server.RaftServerConfigKeys (ConfUtils.java:logGet(43)) - raft.server.log.use.memory = false (default)
2019-10-17 07:10:22,470 [pool-77-thread-1] INFO  server.RaftServerConfigKeys (ConfUtils.java:logGet(43)) - raft.server.log.segment.cache.num.max = 2 (custom)
2019-10-17 07:10:22,470 [pool-37-thread-1] INFO  server.RaftServerConfigKeys (ConfUtils.java:logGet(43)) - raft.server.log.purge.gap = 1000000 (custom)
2019-10-17 07:10:22,471 [pool-77-thread-1] INFO  segmented.SegmentedRaftLogWorker (SegmentedRaftLogWorker.java:<init>(173)) - new a4e5d14e-95af-4d1f-b670-5b1c42084e26@group-A2172F2EE55F-SegmentedRaftLogWorker for RaftStorage:Storage Directory /workdir/hadoop-ozone/integration-test/target/test-dir/MiniOzoneClusterImpl-ef926406-3935-4524-95f5-43adee877df5/datanode-5/data/ratis/d4cc5d64-8e05-478c-a8bd-a2172f2ee55f
2019-10-17 07:10:22,470 [pool-117-thread-1] INFO  server.RaftServerConfigKeys (ConfUtils.java:logGet(43)) - raft.server.log.purge.gap = 1000000 (custom)
2019-10-17 07:10:22,471 [pool-77-thread-1] INFO  server.RaftServerConfigKeys (ConfUtils.java:logGet(43)) - raft.server.log.queue.byte-limit = 2147483647 (custom)
2019-10-17 07:10:22,471 [pool-37-thread-1] INFO  server.RaftServerConfigKeys (ConfUtils.java:logGet(43)) - raft.server.log.appender.buffer.byte-limit = 33554432 (custom)
2019-10-17 07:10:22,471 [pool-77-thread-1] INFO  server.RaftServerConfigKeys (ConfUtils.java:logGet(43)) - raft.server.log.queue.element-limit = 1024 (custom)
2019-10-17 07:10:22,471 [pool-117-thread-1] INFO  server.RaftServerConfigKeys (ConfUtils.java:logGet(43)) - raft.server.log.appender.buffer.byte-limit = 33554432 (custom)
2019-10-17 07:10:22,471 [pool-77-thread-1] INFO  server.RaftServerConfigKeys (ConfUtils.java:logGet(43)) - raft.server.log.segment.size.max = 1048576 (custom)
2019-10-17 07:10:22,471 [pool-37-thread-1] INFO  server.RaftServerConfigKeys (ConfUtils.java:logGet(43)) - raft.server.log.segment.size.max = 1048576 (custom)
2019-10-17 07:10:22,472 [pool-77-thread-1] INFO  server.RaftServerConfigKeys (ConfUtils.java:logGet(43)) - raft.server.log.preallocated.size = 16384 (custom)
2019-10-17 07:10:22,472 [pool-117-thread-1] INFO  server.RaftServerConfigKeys (ConfUtils.java:logGet(43)) - raft.server.log.segment.size.max = 1048576 (custom)
2019-10-17 07:10:22,472 [pool-77-thread-1] INFO  server.RaftServerConfigKeys (ConfUtils.java:logGet(43)) - raft.server.log.write.buffer.size = 33554432 (custom)
2019-10-17 07:10:22,472 [pool-37-thread-1] INFO  server.RaftServerConfigKeys (ConfUtils.java:logGet(43)) - raft.server.log.segment.cache.num.max = 2 (custom)
2019-10-17 07:10:22,472 [pool-77-thread-1] INFO  server.RaftServerConfigKeys (ConfUtils.java:logGet(43)) - raft.server.log.force.sync.num = 128 (default)
2019-10-17 07:10:22,472 [pool-117-thread-1] INFO  server.RaftServerConfigKeys (ConfUtils.java:logGet(43)) - raft.server.log.segment.cache.num.max = 2 (custom)
2019-10-17 07:10:22,473 [pool-77-thread-1] INFO  server.RaftServerConfigKeys (ConfUtils.java:logGet(43)) - raft.server.log.statemachine.data.sync = true (default)
2019-10-17 07:10:22,472 [pool-37-thread-1] INFO  segmented.SegmentedRaftLogWorker (SegmentedRaftLogWorker.java:<init>(173)) - new d31fb603-bc45-4cd2-bfc5-2ee103695b2e@group-A2172F2EE55F-SegmentedRaftLogWorker for RaftStorage:Storage Directory /workdir/hadoop-ozone/integration-test/target/test-dir/MiniOzoneClusterImpl-ef926406-3935-4524-95f5-43adee877df5/datanode-1/data/ratis/d4cc5d64-8e05-478c-a8bd-a2172f2ee55f
2019-10-17 07:10:22,473 [pool-77-thread-1] INFO  server.RaftServerConfigKeys (ConfUtils.java:logGet(43)) - raft.server.log.statemachine.data.sync.timeout = 10s (default)
2019-10-17 07:10:22,473 [pool-117-thread-1] INFO  segmented.SegmentedRaftLogWorker (SegmentedRaftLogWorker.java:<init>(173)) - new 715ace13-eaf8-4882-a949-ec1ca9c7a1c8@group-A2172F2EE55F-SegmentedRaftLogWorker for RaftStorage:Storage Directory /workdir/hadoop-ozone/integration-test/target/test-dir/MiniOzoneClusterImpl-ef926406-3935-4524-95f5-43adee877df5/datanode-9/data/ratis/d4cc5d64-8e05-478c-a8bd-a2172f2ee55f
2019-10-17 07:10:22,473 [pool-77-thread-1] INFO  server.RaftServerConfigKeys (ConfUtils.java:logGet(43)) - raft.server.log.statemachine.data.sync.timeout.retry = -1 (default)
2019-10-17 07:10:22,473 [pool-37-thread-1] INFO  server.RaftServerConfigKeys (ConfUtils.java:logGet(43)) - raft.server.log.queue.byte-limit = 2147483647 (custom)
2019-10-17 07:10:22,473 [pool-117-thread-1] INFO  server.RaftServerConfigKeys (ConfUtils.java:logGet(43)) - raft.server.log.queue.byte-limit = 2147483647 (custom)
2019-10-17 07:10:22,474 [pool-37-thread-1] INFO  server.RaftServerConfigKeys (ConfUtils.java:logGet(43)) - raft.server.log.queue.element-limit = 1024 (custom)
2019-10-17 07:10:22,474 [pool-77-thread-1] INFO  server.RaftServerConfigKeys (ConfUtils.java:logGet(43)) - raft.server.log.statemachine.data.caching.enabled = true (custom)
2019-10-17 07:10:22,474 [pool-37-thread-1] INFO  server.RaftServerConfigKeys (ConfUtils.java:logGet(43)) - raft.server.log.segment.size.max = 1048576 (custom)
2019-10-17 07:10:22,474 [pool-117-thread-1] INFO  server.RaftServerConfigKeys (ConfUtils.java:logGet(43)) - raft.server.log.queue.element-limit = 1024 (custom)
2019-10-17 07:10:22,474 [pool-37-thread-1] INFO  server.RaftServerConfigKeys (ConfUtils.java:logGet(43)) - raft.server.log.preallocated.size = 16384 (custom)
2019-10-17 07:10:22,474 [pool-117-thread-1] INFO  server.RaftServerConfigKeys (ConfUtils.java:logGet(43)) - raft.server.log.segment.size.max = 1048576 (custom)
2019-10-17 07:10:22,474 [pool-77-thread-1] INFO  segmented.SegmentedRaftLogWorker (SegmentedRaftLogWorker.java:lambda$new$0(128)) - a4e5d14e-95af-4d1f-b670-5b1c42084e26@group-A2172F2EE55F-SegmentedRaftLogWorker: flushIndex: setUnconditionally 0 -> -1
2019-10-17 07:10:22,474 [pool-117-thread-1] INFO  server.RaftServerConfigKeys (ConfUtils.java:logGet(43)) - raft.server.log.preallocated.size = 16384 (custom)
2019-10-17 07:10:22,474 [pool-37-thread-1] INFO  server.RaftServerConfigKeys (ConfUtils.java:logGet(43)) - raft.server.log.write.buffer.size = 33554432 (custom)
2019-10-17 07:10:22,475 [pool-77-thread-1] INFO  server.RaftServerConfigKeys (ConfUtils.java:logGet(43)) - raft.server.snapshot.auto.trigger.enabled = true (custom)
2019-10-17 07:10:22,475 [pool-117-thread-1] INFO  server.RaftServerConfigKeys (ConfUtils.java:logGet(43)) - raft.server.log.write.buffer.size = 33554432 (custom)
2019-10-17 07:10:22,475 [pool-77-thread-1] INFO  server.RaftServerConfigKeys (ConfUtils.java:logGet(43)) - raft.server.snapshot.auto.trigger.threshold = 10000 (custom)
2019-10-17 07:10:22,475 [pool-37-thread-1] INFO  server.RaftServerConfigKeys (ConfUtils.java:logGet(43)) - raft.server.log.force.sync.num = 128 (default)
2019-10-17 07:10:22,475 [pool-77-thread-1] INFO  server.RaftServerConfigKeys (ConfUtils.java:logGet(43)) - raft.server.snapshot.retention.file.num = 5 (custom)
2019-10-17 07:10:22,475 [pool-117-thread-1] INFO  server.RaftServerConfigKeys (ConfUtils.java:logGet(43)) - raft.server.log.force.sync.num = 128 (default)
2019-10-17 07:10:22,476 [pool-77-thread-1] INFO  server.RaftServerConfigKeys (ConfUtils.java:logGet(43)) - raft.server.retrycache.expirytime = 600000ms (custom)
2019-10-17 07:10:22,475 [pool-37-thread-1] INFO  server.RaftServerConfigKeys (ConfUtils.java:logGet(43)) - raft.server.log.statemachine.data.sync = true (default)
2019-10-17 07:10:22,476 [pool-117-thread-1] INFO  server.RaftServerConfigKeys (ConfUtils.java:logGet(43)) - raft.server.log.statemachine.data.sync = true (default)
2019-10-17 07:10:22,476 [pool-37-thread-1] INFO  server.RaftServerConfigKeys (ConfUtils.java:logGet(43)) - raft.server.log.statemachine.data.sync.timeout = 10s (default)
2019-10-17 07:10:22,476 [pool-117-thread-1] INFO  server.RaftServerConfigKeys (ConfUtils.java:logGet(43)) - raft.server.log.statemachine.data.sync.timeout = 10s (default)
2019-10-17 07:10:22,476 [pool-37-thread-1] INFO  server.RaftServerConfigKeys (ConfUtils.java:logGet(43)) - raft.server.log.statemachine.data.sync.timeout.retry = -1 (default)
2019-10-17 07:10:22,476 [pool-117-thread-1] INFO  server.RaftServerConfigKeys (ConfUtils.java:logGet(43)) - raft.server.log.statemachine.data.sync.timeout.retry = -1 (default)
2019-10-17 07:10:22,477 [pool-37-thread-1] INFO  server.RaftServerConfigKeys (ConfUtils.java:logGet(43)) - raft.server.log.statemachine.data.caching.enabled = true (custom)
2019-10-17 07:10:22,477 [pool-117-thread-1] INFO  server.RaftServerConfigKeys (ConfUtils.java:logGet(43)) - raft.server.log.statemachine.data.caching.enabled = true (custom)
2019-10-17 07:10:22,477 [pool-37-thread-1] INFO  segmented.SegmentedRaftLogWorker (SegmentedRaftLogWorker.java:lambda$new$0(128)) - d31fb603-bc45-4cd2-bfc5-2ee103695b2e@group-A2172F2EE55F-SegmentedRaftLogWorker: flushIndex: setUnconditionally 0 -> -1
2019-10-17 07:10:22,477 [pool-117-thread-1] INFO  segmented.SegmentedRaftLogWorker (SegmentedRaftLogWorker.java:lambda$new$0(128)) - 715ace13-eaf8-4882-a949-ec1ca9c7a1c8@group-A2172F2EE55F-SegmentedRaftLogWorker: flushIndex: setUnconditionally 0 -> -1
2019-10-17 07:10:22,477 [pool-37-thread-1] INFO  server.RaftServerConfigKeys (ConfUtils.java:logGet(43)) - raft.server.snapshot.auto.trigger.enabled = true (custom)
2019-10-17 07:10:22,477 [pool-37-thread-1] INFO  server.RaftServerConfigKeys (ConfUtils.java:logGet(43)) - raft.server.snapshot.auto.trigger.threshold = 10000 (custom)
2019-10-17 07:10:22,478 [pool-117-thread-1] INFO  server.RaftServerConfigKeys (ConfUtils.java:logGet(43)) - raft.server.snapshot.auto.trigger.enabled = true (custom)
2019-10-17 07:10:22,478 [pool-37-thread-1] INFO  server.RaftServerConfigKeys (ConfUtils.java:logGet(43)) - raft.server.snapshot.retention.file.num = 5 (custom)
2019-10-17 07:10:22,478 [pool-117-thread-1] INFO  server.RaftServerConfigKeys (ConfUtils.java:logGet(43)) - raft.server.snapshot.auto.trigger.threshold = 10000 (custom)
2019-10-17 07:10:22,478 [pool-37-thread-1] INFO  server.RaftServerConfigKeys (ConfUtils.java:logGet(43)) - raft.server.retrycache.expirytime = 600000ms (custom)
2019-10-17 07:10:22,478 [pool-117-thread-1] INFO  server.RaftServerConfigKeys (ConfUtils.java:logGet(43)) - raft.server.snapshot.retention.file.num = 5 (custom)
2019-10-17 07:10:22,478 [pool-117-thread-1] INFO  server.RaftServerConfigKeys (ConfUtils.java:logGet(43)) - raft.server.retrycache.expirytime = 600000ms (custom)
2019-10-17 07:10:22,478 [pool-77-thread-1] INFO  impl.RaftServerImpl (RaftServerImpl.java:start(195)) - a4e5d14e-95af-4d1f-b670-5b1c42084e26@group-A2172F2EE55F: start as a follower, conf=-1: [d31fb603-bc45-4cd2-bfc5-2ee103695b2e:192.168.157.211:42529, 715ace13-eaf8-4882-a949-ec1ca9c7a1c8:192.168.157.211:44586, a4e5d14e-95af-4d1f-b670-5b1c42084e26:192.168.157.211:46333], old=null
2019-10-17 07:10:22,479 [pool-77-thread-1] INFO  impl.RaftServerImpl (RaftServerImpl.java:setRole(184)) - a4e5d14e-95af-4d1f-b670-5b1c42084e26@group-A2172F2EE55F: changes role from      null to FOLLOWER at term 0 for startAsFollower
2019-10-17 07:10:22,479 [pool-77-thread-1] INFO  impl.RoleInfo (RoleInfo.java:updateAndGet(143)) - a4e5d14e-95af-4d1f-b670-5b1c42084e26: start FollowerState
2019-10-17 07:10:22,482 [pool-77-thread-1] INFO  util.JmxRegister (JmxRegister.java:tryRegister(44)) - Successfully registered JMX Bean with object name Ratis:service=RaftServer,group=group-A2172F2EE55F,id=a4e5d14e-95af-4d1f-b670-5b1c42084e26
2019-10-17 07:10:22,496 [Thread-348] INFO  impl.FollowerState (FollowerState.java:run(108)) - decc5551-dd4b-40dc-8ff5-b6b450d67f6f@group-42ACBF6EBE4E-FollowerState: change to CANDIDATE, lastRpcTime:31ms, electionTimeout:25ms
2019-10-17 07:10:22,497 [Thread-348] INFO  impl.RoleInfo (RoleInfo.java:shutdownFollowerState(121)) - decc5551-dd4b-40dc-8ff5-b6b450d67f6f: shutdown FollowerState
2019-10-17 07:10:22,497 [Thread-348] INFO  impl.RaftServerImpl (RaftServerImpl.java:setRole(184)) - decc5551-dd4b-40dc-8ff5-b6b450d67f6f@group-42ACBF6EBE4E: changes role from  FOLLOWER to CANDIDATE at term 1 for changeToCandidate
2019-10-17 07:10:22,497 [Thread-348] INFO  impl.RoleInfo (RoleInfo.java:updateAndGet(143)) - decc5551-dd4b-40dc-8ff5-b6b450d67f6f: start LeaderElection
2019-10-17 07:10:22,512 [decc5551-dd4b-40dc-8ff5-b6b450d67f6f@group-42ACBF6EBE4E-LeaderElection12] INFO  impl.LeaderElection (LeaderElection.java:askForVotes(178)) - decc5551-dd4b-40dc-8ff5-b6b450d67f6f@group-42ACBF6EBE4E-LeaderElection12: begin an election at term 2 for -1: [215fceca-0555-458b-bc4f-ba38ff24d5ba:192.168.157.211:43803, decc5551-dd4b-40dc-8ff5-b6b450d67f6f:192.168.157.211:34435, 0c631657-10a5-4e2a-a322-8fc6c651b2ed:192.168.157.211:41694], old=null
2019-10-17 07:10:22,520 [pool-37-thread-1] INFO  impl.RaftServerImpl (RaftServerImpl.java:start(195)) - d31fb603-bc45-4cd2-bfc5-2ee103695b2e@group-A2172F2EE55F: start as a follower, conf=-1: [d31fb603-bc45-4cd2-bfc5-2ee103695b2e:192.168.157.211:42529, 715ace13-eaf8-4882-a949-ec1ca9c7a1c8:192.168.157.211:44586, a4e5d14e-95af-4d1f-b670-5b1c42084e26:192.168.157.211:46333], old=null
2019-10-17 07:10:22,520 [pool-37-thread-1] INFO  impl.RaftServerImpl (RaftServerImpl.java:setRole(184)) - d31fb603-bc45-4cd2-bfc5-2ee103695b2e@group-A2172F2EE55F: changes role from      null to FOLLOWER at term 0 for startAsFollower
2019-10-17 07:10:22,520 [pool-117-thread-1] INFO  impl.RaftServerImpl (RaftServerImpl.java:start(195)) - 715ace13-eaf8-4882-a949-ec1ca9c7a1c8@group-A2172F2EE55F: start as a follower, conf=-1: [d31fb603-bc45-4cd2-bfc5-2ee103695b2e:192.168.157.211:42529, 715ace13-eaf8-4882-a949-ec1ca9c7a1c8:192.168.157.211:44586, a4e5d14e-95af-4d1f-b670-5b1c42084e26:192.168.157.211:46333], old=null
2019-10-17 07:10:22,520 [pool-37-thread-1] INFO  impl.RoleInfo (RoleInfo.java:updateAndGet(143)) - d31fb603-bc45-4cd2-bfc5-2ee103695b2e: start FollowerState
2019-10-17 07:10:22,527 [pool-117-thread-1] INFO  impl.RaftServerImpl (RaftServerImpl.java:setRole(184)) - 715ace13-eaf8-4882-a949-ec1ca9c7a1c8@group-A2172F2EE55F: changes role from      null to FOLLOWER at term 0 for startAsFollower
2019-10-17 07:10:22,528 [pool-117-thread-1] INFO  impl.RoleInfo (RoleInfo.java:updateAndGet(143)) - 715ace13-eaf8-4882-a949-ec1ca9c7a1c8: start FollowerState
2019-10-17 07:10:22,528 [pool-37-thread-1] INFO  util.JmxRegister (JmxRegister.java:tryRegister(44)) - Successfully registered JMX Bean with object name Ratis:service=RaftServer,group=group-A2172F2EE55F,id=d31fb603-bc45-4cd2-bfc5-2ee103695b2e
2019-10-17 07:10:22,529 [pool-117-thread-1] INFO  util.JmxRegister (JmxRegister.java:tryRegister(44)) - Successfully registered JMX Bean with object name Ratis:service=RaftServer,group=group-A2172F2EE55F,id=715ace13-eaf8-4882-a949-ec1ca9c7a1c8
2019-10-17 07:10:22,529 [215fceca-0555-458b-bc4f-ba38ff24d5ba@group-42ACBF6EBE4E-LeaderElection11] INFO  impl.LeaderElection (LeaderElection.java:logAndReturn(56)) - 215fceca-0555-458b-bc4f-ba38ff24d5ba@group-42ACBF6EBE4E-LeaderElection11: Election PASSED; received 1 response(s) [215fceca-0555-458b-bc4f-ba38ff24d5ba<-0c631657-10a5-4e2a-a322-8fc6c651b2ed#0:OK-t1] and 0 exception(s); 215fceca-0555-458b-bc4f-ba38ff24d5ba@group-42ACBF6EBE4E:t1, leader=null, voted=215fceca-0555-458b-bc4f-ba38ff24d5ba, raftlog=215fceca-0555-458b-bc4f-ba38ff24d5ba@group-42ACBF6EBE4E-SegmentedRaftLog:OPENED:c-1,f-1,i0, conf=-1: [215fceca-0555-458b-bc4f-ba38ff24d5ba:192.168.157.211:43803, decc5551-dd4b-40dc-8ff5-b6b450d67f6f:192.168.157.211:34435, 0c631657-10a5-4e2a-a322-8fc6c651b2ed:192.168.157.211:41694], old=null
2019-10-17 07:10:22,529 [215fceca-0555-458b-bc4f-ba38ff24d5ba@group-42ACBF6EBE4E-LeaderElection11] INFO  impl.RoleInfo (RoleInfo.java:shutdownLeaderElection(134)) - 215fceca-0555-458b-bc4f-ba38ff24d5ba: shutdown LeaderElection
2019-10-17 07:10:22,529 [215fceca-0555-458b-bc4f-ba38ff24d5ba@group-42ACBF6EBE4E-LeaderElection11] INFO  impl.RaftServerImpl (RaftServerImpl.java:setRole(184)) - 215fceca-0555-458b-bc4f-ba38ff24d5ba@group-42ACBF6EBE4E: changes role from CANDIDATE to LEADER at term 1 for changeToLeader
2019-10-17 07:10:22,532 [215fceca-0555-458b-bc4f-ba38ff24d5ba@group-42ACBF6EBE4E-LeaderElection11] INFO  impl.RaftServerImpl (ServerState.java:setLeader(256)) - 215fceca-0555-458b-bc4f-ba38ff24d5ba@group-42ACBF6EBE4E: change Leader from null to 215fceca-0555-458b-bc4f-ba38ff24d5ba at term 1 for becomeLeader, leader elected after 228ms
2019-10-17 07:10:22,532 [215fceca-0555-458b-bc4f-ba38ff24d5ba@group-42ACBF6EBE4E-LeaderElection11] INFO  server.RaftServerConfigKeys (ConfUtils.java:logGet(43)) - raft.server.staging.catchup.gap = 1000 (default)
2019-10-17 07:10:22,534 [215fceca-0555-458b-bc4f-ba38ff24d5ba@group-42ACBF6EBE4E-LeaderElection11] INFO  server.RaftServerConfigKeys (ConfUtils.java:logGet(43)) - raft.server.rpc.sleep.time = 25ms (default)
2019-10-17 07:10:22,534 [215fceca-0555-458b-bc4f-ba38ff24d5ba@group-42ACBF6EBE4E-LeaderElection11] INFO  server.RaftServerConfigKeys (ConfUtils.java:logGet(43)) - raft.server.write.element-limit = 4096 (default)
2019-10-17 07:10:22,535 [215fceca-0555-458b-bc4f-ba38ff24d5ba@group-42ACBF6EBE4E-LeaderElection11] INFO  server.RaftServerConfigKeys (ConfUtils.java:logGet(43)) - raft.server.watch.timeout = 10s (default)
2019-10-17 07:10:22,536 [215fceca-0555-458b-bc4f-ba38ff24d5ba@group-42ACBF6EBE4E-LeaderElection11] INFO  server.RaftServerConfigKeys (ConfUtils.java:logGet(43)) - raft.server.watch.timeout.denomination = 1s (default)
2019-10-17 07:10:22,536 [215fceca-0555-458b-bc4f-ba38ff24d5ba@group-42ACBF6EBE4E-LeaderElection11] INFO  server.RaftServerConfigKeys (ConfUtils.java:logGet(43)) - raft.server.watch.element-limit = 65536 (default)
2019-10-17 07:10:22,550 [grpc-default-executor-0] INFO  impl.RaftServerImpl (RaftServerImpl.java:setRole(184)) - 0c631657-10a5-4e2a-a322-8fc6c651b2ed@group-42ACBF6EBE4E: changes role from  FOLLOWER to FOLLOWER at term 2 for recognizeCandidate:decc5551-dd4b-40dc-8ff5-b6b450d67f6f
2019-10-17 07:10:22,552 [grpc-default-executor-0] INFO  impl.RoleInfo (RoleInfo.java:shutdownFollowerState(121)) - 0c631657-10a5-4e2a-a322-8fc6c651b2ed: shutdown FollowerState
2019-10-17 07:10:22,552 [Thread-347] INFO  impl.FollowerState (FollowerState.java:run(117)) - 0c631657-10a5-4e2a-a322-8fc6c651b2ed@group-42ACBF6EBE4E-FollowerState was interrupted: java.lang.InterruptedException: sleep interrupted
2019-10-17 07:10:22,552 [grpc-default-executor-0] INFO  impl.RoleInfo (RoleInfo.java:updateAndGet(143)) - 0c631657-10a5-4e2a-a322-8fc6c651b2ed: start FollowerState
2019-10-17 07:10:22,559 [215fceca-0555-458b-bc4f-ba38ff24d5ba@group-42ACBF6EBE4E-LeaderElection11] INFO  server.RaftServerConfigKeys (ConfUtils.java:logGet(43)) - raft.server.log.appender.snapshot.chunk.size.max = 16MB (=16777216) (default)
2019-10-17 07:10:22,559 [215fceca-0555-458b-bc4f-ba38ff24d5ba@group-42ACBF6EBE4E-LeaderElection11] INFO  server.RaftServerConfigKeys (ConfUtils.java:logGet(43)) - raft.server.log.appender.buffer.byte-limit = 33554432 (custom)
2019-10-17 07:10:22,559 [215fceca-0555-458b-bc4f-ba38ff24d5ba@group-42ACBF6EBE4E-LeaderElection11] INFO  server.RaftServerConfigKeys (ConfUtils.java:logGet(43)) - raft.server.log.appender.buffer.element-limit = 1 (custom)
2019-10-17 07:10:22,564 [RatisPipelineUtilsThread] INFO  pipeline.PipelineStateManager (PipelineStateManager.java:addPipeline(56)) - Created pipeline Pipeline[ Id: d4cc5d64-8e05-478c-a8bd-a2172f2ee55f, Nodes: d31fb603-bc45-4cd2-bfc5-2ee103695b2e{ip: 192.168.157.211, host: pr-hdds-2286-nkqct-1837310268, networkLocation: /default-rack, certSerialId: null}a4e5d14e-95af-4d1f-b670-5b1c42084e26{ip: 192.168.157.211, host: pr-hdds-2286-nkqct-1837310268, networkLocation: /default-rack, certSerialId: null}715ace13-eaf8-4882-a949-ec1ca9c7a1c8{ip: 192.168.157.211, host: pr-hdds-2286-nkqct-1837310268, networkLocation: /default-rack, certSerialId: null}, Type:RATIS, Factor:THREE, State:OPEN]
2019-10-17 07:10:22,566 [215fceca-0555-458b-bc4f-ba38ff24d5ba@group-42ACBF6EBE4E-LeaderElection11] INFO  grpc.GrpcConfigKeys$Server (ConfUtils.java:logGet(43)) - raft.grpc.server.leader.outstanding.appends.max = 128 (default)
2019-10-17 07:10:22,576 [215fceca-0555-458b-bc4f-ba38ff24d5ba@group-42ACBF6EBE4E-LeaderElection11] INFO  server.RaftServerConfigKeys (ConfUtils.java:logGet(43)) - raft.server.rpc.request.timeout = 3000ms (default)
2019-10-17 07:10:22,576 [215fceca-0555-458b-bc4f-ba38ff24d5ba@group-42ACBF6EBE4E-LeaderElection11] INFO  server.RaftServerConfigKeys (ConfUtils.java:logGet(43)) - raft.server.log.appender.install.snapshot.enabled = false (custom)
2019-10-17 07:10:22,581 [Thread-357] INFO  impl.FollowerState (FollowerState.java:run(108)) - d31fb603-bc45-4cd2-bfc5-2ee103695b2e@group-A2172F2EE55F-FollowerState: change to CANDIDATE, lastRpcTime:61ms, electionTimeout:52ms
2019-10-17 07:10:22,587 [Thread-357] INFO  impl.RoleInfo (RoleInfo.java:shutdownFollowerState(121)) - d31fb603-bc45-4cd2-bfc5-2ee103695b2e: shutdown FollowerState
2019-10-17 07:10:22,587 [Thread-357] INFO  impl.RaftServerImpl (RaftServerImpl.java:setRole(184)) - d31fb603-bc45-4cd2-bfc5-2ee103695b2e@group-A2172F2EE55F: changes role from  FOLLOWER to CANDIDATE at term 0 for changeToCandidate
2019-10-17 07:10:22,591 [Thread-357] INFO  impl.RoleInfo (RoleInfo.java:updateAndGet(143)) - d31fb603-bc45-4cd2-bfc5-2ee103695b2e: start LeaderElection
2019-10-17 07:10:22,594 [decc5551-dd4b-40dc-8ff5-b6b450d67f6f@group-42ACBF6EBE4E-LeaderElection12] INFO  impl.LeaderElection (LeaderElection.java:logAndReturn(56)) - decc5551-dd4b-40dc-8ff5-b6b450d67f6f@group-42ACBF6EBE4E-LeaderElection12: Election TIMEOUT; received 0 response(s) [] and 0 exception(s); decc5551-dd4b-40dc-8ff5-b6b450d67f6f@group-42ACBF6EBE4E:t2, leader=null, voted=decc5551-dd4b-40dc-8ff5-b6b450d67f6f, raftlog=decc5551-dd4b-40dc-8ff5-b6b450d67f6f@group-42ACBF6EBE4E-SegmentedRaftLog:OPENED:c-1,f-1,i0, conf=-1: [215fceca-0555-458b-bc4f-ba38ff24d5ba:192.168.157.211:43803, decc5551-dd4b-40dc-8ff5-b6b450d67f6f:192.168.157.211:34435, 0c631657-10a5-4e2a-a322-8fc6c651b2ed:192.168.157.211:41694], old=null
2019-10-17 07:10:22,602 [215fceca-0555-458b-bc4f-ba38ff24d5ba@group-42ACBF6EBE4E-LeaderElection11] INFO  server.RaftServerConfigKeys (ConfUtils.java:logGet(43)) - raft.server.log.appender.snapshot.chunk.size.max = 16MB (=16777216) (default)
2019-10-17 07:10:22,602 [215fceca-0555-458b-bc4f-ba38ff24d5ba@group-42ACBF6EBE4E-LeaderElection11] INFO  server.RaftServerConfigKeys (ConfUtils.java:logGet(43)) - raft.server.log.appender.buffer.byte-limit = 33554432 (custom)
2019-10-17 07:10:22,602 [215fceca-0555-458b-bc4f-ba38ff24d5ba@group-42ACBF6EBE4E-LeaderElection11] INFO  server.RaftServerConfigKeys (ConfUtils.java:logGet(43)) - raft.server.log.appender.buffer.element-limit = 1 (custom)
2019-10-17 07:10:22,602 [215fceca-0555-458b-bc4f-ba38ff24d5ba@group-42ACBF6EBE4E-LeaderElection11] INFO  grpc.GrpcConfigKeys$Server (ConfUtils.java:logGet(43)) - raft.grpc.server.leader.outstanding.appends.max = 128 (default)
2019-10-17 07:10:22,602 [215fceca-0555-458b-bc4f-ba38ff24d5ba@group-42ACBF6EBE4E-LeaderElection11] INFO  server.RaftServerConfigKeys (ConfUtils.java:logGet(43)) - raft.server.rpc.request.timeout = 3000ms (default)
2019-10-17 07:10:22,603 [215fceca-0555-458b-bc4f-ba38ff24d5ba@group-42ACBF6EBE4E-LeaderElection11] INFO  server.RaftServerConfigKeys (ConfUtils.java:logGet(43)) - raft.server.log.appender.install.snapshot.enabled = false (custom)
2019-10-17 07:10:22,603 [d31fb603-bc45-4cd2-bfc5-2ee103695b2e@group-A2172F2EE55F-LeaderElection13] INFO  impl.LeaderElection (LeaderElection.java:askForVotes(178)) - d31fb603-bc45-4cd2-bfc5-2ee103695b2e@group-A2172F2EE55F-LeaderElection13: begin an election at term 1 for -1: [d31fb603-bc45-4cd2-bfc5-2ee103695b2e:192.168.157.211:42529, 715ace13-eaf8-4882-a949-ec1ca9c7a1c8:192.168.157.211:44586, a4e5d14e-95af-4d1f-b670-5b1c42084e26:192.168.157.211:46333], old=null
2019-10-17 07:10:22,603 [decc5551-dd4b-40dc-8ff5-b6b450d67f6f@group-42ACBF6EBE4E-LeaderElection12] INFO  impl.LeaderElection (LeaderElection.java:askForVotes(178)) - decc5551-dd4b-40dc-8ff5-b6b450d67f6f@group-42ACBF6EBE4E-LeaderElection12: begin an election at term 3 for -1: [215fceca-0555-458b-bc4f-ba38ff24d5ba:192.168.157.211:43803, decc5551-dd4b-40dc-8ff5-b6b450d67f6f:192.168.157.211:34435, 0c631657-10a5-4e2a-a322-8fc6c651b2ed:192.168.157.211:41694], old=null
2019-10-17 07:10:22,615 [grpc-default-executor-3] INFO  impl.RaftServerProxy (RaftServerProxy.java:addNew(89)) - 831edaa1-80a5-4091-843f-90c648a5a79d: addNew group-233C052D78D6:[67ae3572-7d88-4e50-b53b-0f48f6748b38:192.168.157.211:41299, 831edaa1-80a5-4091-843f-90c648a5a79d:192.168.157.211:44365, 5c4ee31d-c5ed-4c65-a5df-da3e3cf53ac2:192.168.157.211:45059] returns group-233C052D78D6:java.util.concurrent.CompletableFuture@5a480bd4[Not completed]
2019-10-17 07:10:22,617 [pool-57-thread-1] INFO  impl.RaftServerImpl (RaftServerImpl.java:<init>(104)) - 831edaa1-80a5-4091-843f-90c648a5a79d: new RaftServerImpl for group-233C052D78D6:[67ae3572-7d88-4e50-b53b-0f48f6748b38:192.168.157.211:41299, 831edaa1-80a5-4091-843f-90c648a5a79d:192.168.157.211:44365, 5c4ee31d-c5ed-4c65-a5df-da3e3cf53ac2:192.168.157.211:45059] with ContainerStateMachine:uninitialized
2019-10-17 07:10:22,617 [pool-57-thread-1] INFO  server.RaftServerConfigKeys (ConfUtils.java:logGet(43)) - raft.server.rpc.timeout.min = 1s (custom)
2019-10-17 07:10:22,618 [pool-57-thread-1] INFO  server.RaftServerConfigKeys (ConfUtils.java:logGet(43)) - raft.server.rpc.timeout.max = 1200ms (custom)
2019-10-17 07:10:22,618 [grpc-default-executor-1] INFO  impl.RaftServerProxy (RaftServerProxy.java:addNew(89)) - 67ae3572-7d88-4e50-b53b-0f48f6748b38: addNew group-233C052D78D6:[67ae3572-7d88-4e50-b53b-0f48f6748b38:192.168.157.211:41299, 831edaa1-80a5-4091-843f-90c648a5a79d:192.168.157.211:44365, 5c4ee31d-c5ed-4c65-a5df-da3e3cf53ac2:192.168.157.211:45059] returns group-233C052D78D6:java.util.concurrent.CompletableFuture@57ee5578[Not completed]
2019-10-17 07:10:22,618 [pool-57-thread-1] INFO  server.RaftServerConfigKeys (ConfUtils.java:logGet(43)) - raft.server.rpcslowness.timeout = 120s (custom)
2019-10-17 07:10:22,618 [pool-57-thread-1] INFO  server.RaftServerConfigKeys (ConfUtils.java:logGet(43)) - raft.server.sleep.deviation.threshold = 300 (default)
2019-10-17 07:10:22,618 [pool-57-thread-1] INFO  server.RaftServerConfigKeys (ConfUtils.java:logGet(43)) - raft.server.log.appender.install.snapshot.enabled = false (custom)
2019-10-17 07:10:22,620 [Thread-352] INFO  impl.FollowerState (FollowerState.java:run(108)) - a4e5d14e-95af-4d1f-b670-5b1c42084e26@group-A2172F2EE55F-FollowerState: change to CANDIDATE, lastRpcTime:141ms, electionTimeout:138ms
2019-10-17 07:10:22,620 [Thread-352] INFO  impl.RoleInfo (RoleInfo.java:shutdownFollowerState(121)) - a4e5d14e-95af-4d1f-b670-5b1c42084e26: shutdown FollowerState
2019-10-17 07:10:22,624 [pool-57-thread-1] INFO  impl.RaftServerImpl (ServerState.java:<init>(103)) - 831edaa1-80a5-4091-843f-90c648a5a79d@group-233C052D78D6: ConfigurationManager, init=-1: [67ae3572-7d88-4e50-b53b-0f48f6748b38:192.168.157.211:41299, 831edaa1-80a5-4091-843f-90c648a5a79d:192.168.157.211:44365, 5c4ee31d-c5ed-4c65-a5df-da3e3cf53ac2:192.168.157.211:45059], old=null, confs=<EMPTY_MAP>
2019-10-17 07:10:22,624 [pool-57-thread-1] INFO  server.RaftServerConfigKeys (ConfUtils.java:logGet(43)) - raft.server.storage.dir = [/workdir/hadoop-ozone/integration-test/target/test-dir/MiniOzoneClusterImpl-ef926406-3935-4524-95f5-43adee877df5/datanode-3/data/ratis] (custom)
2019-10-17 07:10:22,625 [Thread-352] INFO  impl.RaftServerImpl (RaftServerImpl.java:setRole(184)) - a4e5d14e-95af-4d1f-b670-5b1c42084e26@group-A2172F2EE55F: changes role from  FOLLOWER to CANDIDATE at term 0 for changeToCandidate
2019-10-17 07:10:22,625 [pool-57-thread-1] INFO  server.RaftServerConfigKeys (ConfUtils.java:logGet(43)) - raft.server.log.corruption.policy = EXCEPTION (default)
2019-10-17 07:10:22,625 [Thread-352] INFO  impl.RoleInfo (RoleInfo.java:updateAndGet(143)) - a4e5d14e-95af-4d1f-b670-5b1c42084e26: start LeaderElection
2019-10-17 07:10:22,627 [grpc-default-executor-1] INFO  impl.RaftServerImpl (RaftServerImpl.java:setRole(184)) - 0c631657-10a5-4e2a-a322-8fc6c651b2ed@group-42ACBF6EBE4E: changes role from  FOLLOWER to FOLLOWER at term 3 for recognizeCandidate:decc5551-dd4b-40dc-8ff5-b6b450d67f6f
2019-10-17 07:10:22,627 [pool-57-thread-1] INFO  storage.RaftStorageDirectory (RaftStorageDirectory.java:analyzeStorage(246)) - The storage directory /workdir/hadoop-ozone/integration-test/target/test-dir/MiniOzoneClusterImpl-ef926406-3935-4524-95f5-43adee877df5/datanode-3/data/ratis/6566e30d-cfe7-4597-a5a4-233c052d78d6 does not exist. Creating ...
2019-10-17 07:10:22,627 [pool-27-thread-1] INFO  impl.RaftServerImpl (RaftServerImpl.java:<init>(104)) - 67ae3572-7d88-4e50-b53b-0f48f6748b38: new RaftServerImpl for group-233C052D78D6:[67ae3572-7d88-4e50-b53b-0f48f6748b38:192.168.157.211:41299, 831edaa1-80a5-4091-843f-90c648a5a79d:192.168.157.211:44365, 5c4ee31d-c5ed-4c65-a5df-da3e3cf53ac2:192.168.157.211:45059] with ContainerStateMachine:uninitialized
2019-10-17 07:10:22,627 [grpc-default-executor-1] INFO  impl.RoleInfo (RoleInfo.java:shutdownFollowerState(121)) - 0c631657-10a5-4e2a-a322-8fc6c651b2ed: shutdown FollowerState
2019-10-17 07:10:22,629 [pool-27-thread-1] INFO  server.RaftServerConfigKeys (ConfUtils.java:logGet(43)) - raft.server.rpc.timeout.min = 1s (custom)
2019-10-17 07:10:22,632 [Thread-361] INFO  impl.FollowerState (FollowerState.java:run(117)) - 0c631657-10a5-4e2a-a322-8fc6c651b2ed@group-42ACBF6EBE4E-FollowerState was interrupted: java.lang.InterruptedException: sleep interrupted
2019-10-17 07:10:22,632 [pool-27-thread-1] INFO  server.RaftServerConfigKeys (ConfUtils.java:logGet(43)) - raft.server.rpc.timeout.max = 1200ms (custom)
2019-10-17 07:10:22,632 [grpc-default-executor-1] INFO  impl.RoleInfo (RoleInfo.java:updateAndGet(143)) - 0c631657-10a5-4e2a-a322-8fc6c651b2ed: start FollowerState
2019-10-17 07:10:22,633 [215fceca-0555-458b-bc4f-ba38ff24d5ba@group-42ACBF6EBE4E-LeaderElection11] INFO  impl.RoleInfo (RoleInfo.java:updateAndGet(143)) - 215fceca-0555-458b-bc4f-ba38ff24d5ba: start LeaderState
2019-10-17 07:10:22,633 [pool-27-thread-1] INFO  server.RaftServerConfigKeys (ConfUtils.java:logGet(43)) - raft.server.rpcslowness.timeout = 120s (custom)
2019-10-17 07:10:22,634 [pool-27-thread-1] INFO  server.RaftServerConfigKeys (ConfUtils.java:logGet(43)) - raft.server.sleep.deviation.threshold = 300 (default)
2019-10-17 07:10:22,634 [pool-27-thread-1] INFO  server.RaftServerConfigKeys (ConfUtils.java:logGet(43)) - raft.server.log.appender.install.snapshot.enabled = false (custom)
2019-10-17 07:10:22,634 [215fceca-0555-458b-bc4f-ba38ff24d5ba@group-42ACBF6EBE4E-LeaderElection11] INFO  segmented.SegmentedRaftLogWorker (SegmentedRaftLogWorker.java:startLogSegment(385)) - 215fceca-0555-458b-bc4f-ba38ff24d5ba@group-42ACBF6EBE4E-SegmentedRaftLogWorker: Starting segment from index:0
2019-10-17 07:10:22,634 [pool-27-thread-1] INFO  impl.RaftServerImpl (ServerState.java:<init>(103)) - 67ae3572-7d88-4e50-b53b-0f48f6748b38@group-233C052D78D6: ConfigurationManager, init=-1: [67ae3572-7d88-4e50-b53b-0f48f6748b38:192.168.157.211:41299, 831edaa1-80a5-4091-843f-90c648a5a79d:192.168.157.211:44365, 5c4ee31d-c5ed-4c65-a5df-da3e3cf53ac2:192.168.157.211:45059], old=null, confs=<EMPTY_MAP>
2019-10-17 07:10:22,634 [pool-27-thread-1] INFO  server.RaftServerConfigKeys (ConfUtils.java:logGet(43)) - raft.server.storage.dir = [/workdir/hadoop-ozone/integration-test/target/test-dir/MiniOzoneClusterImpl-ef926406-3935-4524-95f5-43adee877df5/datanode-0/data/ratis] (custom)
2019-10-17 07:10:22,665 [Thread-358] INFO  impl.FollowerState (FollowerState.java:run(108)) - 715ace13-eaf8-4882-a949-ec1ca9c7a1c8@group-A2172F2EE55F-FollowerState: change to CANDIDATE, lastRpcTime:136ms, electionTimeout:135ms
2019-10-17 07:10:22,668 [pool-57-thread-1] INFO  storage.RaftStorageDirectory (RaftStorageDirectory.java:tryLock(328)) - Lock on /workdir/hadoop-ozone/integration-test/target/test-dir/MiniOzoneClusterImpl-ef926406-3935-4524-95f5-43adee877df5/datanode-3/data/ratis/6566e30d-cfe7-4597-a5a4-233c052d78d6/in_use.lock acquired by nodename 2333@pr-hdds-2286-nkqct-1837310268
2019-10-17 07:10:22,669 [a4e5d14e-95af-4d1f-b670-5b1c42084e26@group-A2172F2EE55F-LeaderElection14] INFO  impl.LeaderElection (LeaderElection.java:askForVotes(178)) - a4e5d14e-95af-4d1f-b670-5b1c42084e26@group-A2172F2EE55F-LeaderElection14: begin an election at term 1 for -1: [d31fb603-bc45-4cd2-bfc5-2ee103695b2e:192.168.157.211:42529, 715ace13-eaf8-4882-a949-ec1ca9c7a1c8:192.168.157.211:44586, a4e5d14e-95af-4d1f-b670-5b1c42084e26:192.168.157.211:46333], old=null
2019-10-17 07:10:22,669 [Thread-372] INFO  impl.FollowerState (FollowerState.java:run(108)) - 0c631657-10a5-4e2a-a322-8fc6c651b2ed@group-42ACBF6EBE4E-FollowerState: change to CANDIDATE, lastRpcTime:36ms, electionTimeout:28ms
2019-10-17 07:10:22,669 [grpc-default-executor-3] INFO  impl.RaftServerProxy (RaftServerProxy.java:addNew(89)) - 5c4ee31d-c5ed-4c65-a5df-da3e3cf53ac2: addNew group-233C052D78D6:[67ae3572-7d88-4e50-b53b-0f48f6748b38:192.168.157.211:41299, 831edaa1-80a5-4091-843f-90c648a5a79d:192.168.157.211:44365, 5c4ee31d-c5ed-4c65-a5df-da3e3cf53ac2:192.168.157.211:45059] returns group-233C052D78D6:java.util.concurrent.CompletableFuture@5e779445[Not completed]
2019-10-17 07:10:22,669 [Thread-372] INFO  impl.RoleInfo (RoleInfo.java:shutdownFollowerState(121)) - 0c631657-10a5-4e2a-a322-8fc6c651b2ed: shutdown FollowerState
2019-10-17 07:10:22,669 [215fceca-0555-458b-bc4f-ba38ff24d5ba@group-42ACBF6EBE4E-LeaderElection11] INFO  impl.RaftServerImpl (ServerState.java:setRaftConf(357)) - 215fceca-0555-458b-bc4f-ba38ff24d5ba@group-42ACBF6EBE4E: set configuration 0: [215fceca-0555-458b-bc4f-ba38ff24d5ba:192.168.157.211:43803, decc5551-dd4b-40dc-8ff5-b6b450d67f6f:192.168.157.211:34435, 0c631657-10a5-4e2a-a322-8fc6c651b2ed:192.168.157.211:41694], old=null at 0
2019-10-17 07:10:22,669 [pool-27-thread-1] INFO  server.RaftServerConfigKeys (ConfUtils.java:logGet(43)) - raft.server.log.corruption.policy = EXCEPTION (default)
2019-10-17 07:10:22,673 [Thread-358] INFO  impl.RoleInfo (RoleInfo.java:shutdownFollowerState(121)) - 715ace13-eaf8-4882-a949-ec1ca9c7a1c8: shutdown FollowerState
2019-10-17 07:10:22,669 [Thread-372] INFO  impl.RaftServerImpl (RaftServerImpl.java:setRole(184)) - 0c631657-10a5-4e2a-a322-8fc6c651b2ed@group-42ACBF6EBE4E: changes role from  FOLLOWER to CANDIDATE at term 3 for changeToCandidate
2019-10-17 07:10:22,673 [Thread-358] INFO  impl.RaftServerImpl (RaftServerImpl.java:setRole(184)) - 715ace13-eaf8-4882-a949-ec1ca9c7a1c8@group-A2172F2EE55F: changes role from  FOLLOWER to CANDIDATE at term 0 for changeToCandidate
2019-10-17 07:10:22,673 [pool-27-thread-1] INFO  storage.RaftStorageDirectory (RaftStorageDirectory.java:analyzeStorage(246)) - The storage directory /workdir/hadoop-ozone/integration-test/target/test-dir/MiniOzoneClusterImpl-ef926406-3935-4524-95f5-43adee877df5/datanode-0/data/ratis/6566e30d-cfe7-4597-a5a4-233c052d78d6 does not exist. Creating ...
2019-10-17 07:10:22,673 [d31fb603-bc45-4cd2-bfc5-2ee103695b2e@group-A2172F2EE55F-LeaderElection13] INFO  impl.LeaderElection (LeaderElection.java:logAndReturn(56)) - d31fb603-bc45-4cd2-bfc5-2ee103695b2e@group-A2172F2EE55F-LeaderElection13: Election TIMEOUT; received 0 response(s) [] and 0 exception(s); d31fb603-bc45-4cd2-bfc5-2ee103695b2e@group-A2172F2EE55F:t1, leader=null, voted=d31fb603-bc45-4cd2-bfc5-2ee103695b2e, raftlog=d31fb603-bc45-4cd2-bfc5-2ee103695b2e@group-A2172F2EE55F-SegmentedRaftLog:OPENED:c-1,f-1,i0, conf=-1: [d31fb603-bc45-4cd2-bfc5-2ee103695b2e:192.168.157.211:42529, 715ace13-eaf8-4882-a949-ec1ca9c7a1c8:192.168.157.211:44586, a4e5d14e-95af-4d1f-b670-5b1c42084e26:192.168.157.211:46333], old=null
2019-10-17 07:10:22,676 [Thread-358] INFO  impl.RoleInfo (RoleInfo.java:updateAndGet(143)) - 715ace13-eaf8-4882-a949-ec1ca9c7a1c8: start LeaderElection
2019-10-17 07:10:22,676 [grpc-default-executor-2] INFO  impl.RaftServerImpl (ServerState.java:setLeader(256)) - 215fceca-0555-458b-bc4f-ba38ff24d5ba@group-42ACBF6EBE4E: change Leader from 215fceca-0555-458b-bc4f-ba38ff24d5ba to null at term 2 for updateCurrentTerm
2019-10-17 07:10:22,673 [Thread-372] INFO  impl.RoleInfo (RoleInfo.java:updateAndGet(143)) - 0c631657-10a5-4e2a-a322-8fc6c651b2ed: start LeaderElection
2019-10-17 07:10:22,676 [decc5551-dd4b-40dc-8ff5-b6b450d67f6f@group-42ACBF6EBE4E-LeaderElection12] INFO  impl.LeaderElection (LeaderElection.java:logAndReturn(56)) - decc5551-dd4b-40dc-8ff5-b6b450d67f6f@group-42ACBF6EBE4E-LeaderElection12: Election TIMEOUT; received 0 response(s) [] and 0 exception(s); decc5551-dd4b-40dc-8ff5-b6b450d67f6f@group-42ACBF6EBE4E:t3, leader=null, voted=decc5551-dd4b-40dc-8ff5-b6b450d67f6f, raftlog=decc5551-dd4b-40dc-8ff5-b6b450d67f6f@group-42ACBF6EBE4E-SegmentedRaftLog:OPENED:c-1,f-1,i0, conf=-1: [215fceca-0555-458b-bc4f-ba38ff24d5ba:192.168.157.211:43803, decc5551-dd4b-40dc-8ff5-b6b450d67f6f:192.168.157.211:34435, 0c631657-10a5-4e2a-a322-8fc6c651b2ed:192.168.157.211:41694], old=null
2019-10-17 07:10:22,689 [pool-57-thread-1] INFO  storage.RaftStorage (RaftStorage.java:format(84)) - Storage directory /workdir/hadoop-ozone/integration-test/target/test-dir/MiniOzoneClusterImpl-ef926406-3935-4524-95f5-43adee877df5/datanode-3/data/ratis/6566e30d-cfe7-4597-a5a4-233c052d78d6 has been successfully formatted.
2019-10-17 07:10:22,689 [215fceca-0555-458b-bc4f-ba38ff24d5ba@group-42ACBF6EBE4E-SegmentedRaftLogWorker] INFO  segmented.SegmentedRaftLogWorker (SegmentedRaftLogWorker.java:execute(576)) - 215fceca-0555-458b-bc4f-ba38ff24d5ba@group-42ACBF6EBE4E-SegmentedRaftLogWorker: created new log segment /workdir/hadoop-ozone/integration-test/target/test-dir/MiniOzoneClusterImpl-ef926406-3935-4524-95f5-43adee877df5/datanode-7/data/ratis/981c1696-4e37-4fa3-b565-42acbf6ebe4e/current/log_inprogress_0
2019-10-17 07:10:22,682 [grpc-default-executor-2] INFO  impl.RaftServerImpl (RaftServerImpl.java:setRole(184)) - 215fceca-0555-458b-bc4f-ba38ff24d5ba@group-42ACBF6EBE4E: changes role from    LEADER to FOLLOWER at term 2 for recognizeCandidate:decc5551-dd4b-40dc-8ff5-b6b450d67f6f
2019-10-17 07:10:22,679 [pool-87-thread-1] INFO  impl.RaftServerImpl (RaftServerImpl.java:<init>(104)) - 5c4ee31d-c5ed-4c65-a5df-da3e3cf53ac2: new RaftServerImpl for group-233C052D78D6:[67ae3572-7d88-4e50-b53b-0f48f6748b38:192.168.157.211:41299, 831edaa1-80a5-4091-843f-90c648a5a79d:192.168.157.211:44365, 5c4ee31d-c5ed-4c65-a5df-da3e3cf53ac2:192.168.157.211:45059] with ContainerStateMachine:uninitialized
2019-10-17 07:10:22,700 [grpc-default-executor-2] INFO  impl.RoleInfo (RoleInfo.java:shutdownLeaderState(104)) - 215fceca-0555-458b-bc4f-ba38ff24d5ba: shutdown LeaderState
2019-10-17 07:10:22,702 [pool-57-thread-1] INFO  ratis.ContainerStateMachine (ContainerStateMachine.java:loadSnapshot(231)) - group-233C052D78D6: The snapshot info is null. Setting the last applied indexto:(t:0, i:~)
2019-10-17 07:10:22,702 [715ace13-eaf8-4882-a949-ec1ca9c7a1c8@group-A2172F2EE55F-LeaderElection16] INFO  impl.LeaderElection (LeaderElection.java:askForVotes(178)) - 715ace13-eaf8-4882-a949-ec1ca9c7a1c8@group-A2172F2EE55F-LeaderElection16: begin an election at term 1 for -1: [d31fb603-bc45-4cd2-bfc5-2ee103695b2e:192.168.157.211:42529, 715ace13-eaf8-4882-a949-ec1ca9c7a1c8:192.168.157.211:44586, a4e5d14e-95af-4d1f-b670-5b1c42084e26:192.168.157.211:46333], old=null
2019-10-17 07:10:22,702 [pool-27-thread-1] INFO  storage.RaftStorageDirectory (RaftStorageDirectory.java:tryLock(328)) - Lock on /workdir/hadoop-ozone/integration-test/target/test-dir/MiniOzoneClusterImpl-ef926406-3935-4524-95f5-43adee877df5/datanode-0/data/ratis/6566e30d-cfe7-4597-a5a4-233c052d78d6/in_use.lock acquired by nodename 2333@pr-hdds-2286-nkqct-1837310268
2019-10-17 07:10:22,700 [pool-87-thread-1] INFO  server.RaftServerConfigKeys (ConfUtils.java:logGet(43)) - raft.server.rpc.timeout.min = 1s (custom)
2019-10-17 07:10:22,712 [pool-57-thread-1] INFO  server.RaftServerConfigKeys (ConfUtils.java:logGet(43)) - raft.server.notification.no-leader.timeout = 120s (custom)
2019-10-17 07:10:22,718 [pool-87-thread-1] INFO  server.RaftServerConfigKeys (ConfUtils.java:logGet(43)) - raft.server.rpc.timeout.max = 1200ms (custom)
2019-10-17 07:10:22,718 [pool-57-thread-1] INFO  server.RaftServerConfigKeys (ConfUtils.java:logGet(43)) - raft.server.log.use.memory = false (default)
2019-10-17 07:10:22,718 [grpc-default-executor-2] INFO  impl.PendingRequests (PendingRequests.java:sendNotLeaderResponses(202)) - 215fceca-0555-458b-bc4f-ba38ff24d5ba@group-42ACBF6EBE4E-PendingRequests: sendNotLeaderResponses
2019-10-17 07:10:22,718 [pool-87-thread-1] INFO  server.RaftServerConfigKeys (ConfUtils.java:logGet(43)) - raft.server.rpcslowness.timeout = 120s (custom)
2019-10-17 07:10:22,719 [pool-57-thread-1] INFO  server.RaftServerConfigKeys (ConfUtils.java:logGet(43)) - raft.server.log.purge.gap = 1000000 (custom)
2019-10-17 07:10:22,721 [pool-87-thread-1] INFO  server.RaftServerConfigKeys (ConfUtils.java:logGet(43)) - raft.server.sleep.deviation.threshold = 300 (default)
2019-10-17 07:10:22,725 [pool-57-thread-1] INFO  server.RaftServerConfigKeys (ConfUtils.java:logGet(43)) - raft.server.log.appender.buffer.byte-limit = 33554432 (custom)
2019-10-17 07:10:22,725 [pool-87-thread-1] INFO  server.RaftServerConfigKeys (ConfUtils.java:logGet(43)) - raft.server.log.appender.install.snapshot.enabled = false (custom)
2019-10-17 07:10:22,725 [pool-57-thread-1] INFO  server.RaftServerConfigKeys (ConfUtils.java:logGet(43)) - raft.server.log.segment.size.max = 1048576 (custom)
2019-10-17 07:10:22,725 [pool-87-thread-1] INFO  impl.RaftServerImpl (ServerState.java:<init>(103)) - 5c4ee31d-c5ed-4c65-a5df-da3e3cf53ac2@group-233C052D78D6: ConfigurationManager, init=-1: [67ae3572-7d88-4e50-b53b-0f48f6748b38:192.168.157.211:41299, 831edaa1-80a5-4091-843f-90c648a5a79d:192.168.157.211:44365, 5c4ee31d-c5ed-4c65-a5df-da3e3cf53ac2:192.168.157.211:45059], old=null, confs=<EMPTY_MAP>
2019-10-17 07:10:22,725 [pool-57-thread-1] INFO  server.RaftServerConfigKeys (ConfUtils.java:logGet(43)) - raft.server.log.segment.cache.num.max = 2 (custom)
2019-10-17 07:10:22,725 [pool-87-thread-1] INFO  server.RaftServerConfigKeys (ConfUtils.java:logGet(43)) - raft.server.storage.dir = [/workdir/hadoop-ozone/integration-test/target/test-dir/MiniOzoneClusterImpl-ef926406-3935-4524-95f5-43adee877df5/datanode-6/data/ratis] (custom)
2019-10-17 07:10:22,725 [pool-57-thread-1] INFO  segmented.SegmentedRaftLogWorker (SegmentedRaftLogWorker.java:<init>(173)) - new 831edaa1-80a5-4091-843f-90c648a5a79d@group-233C052D78D6-SegmentedRaftLogWorker for RaftStorage:Storage Directory /workdir/hadoop-ozone/integration-test/target/test-dir/MiniOzoneClusterImpl-ef926406-3935-4524-95f5-43adee877df5/datanode-3/data/ratis/6566e30d-cfe7-4597-a5a4-233c052d78d6
2019-10-17 07:10:22,725 [grpc-default-executor-2] INFO  impl.RoleInfo (RoleInfo.java:updateAndGet(143)) - 215fceca-0555-458b-bc4f-ba38ff24d5ba: start FollowerState
2019-10-17 07:10:22,726 [pool-57-thread-1] INFO  server.RaftServerConfigKeys (ConfUtils.java:logGet(43)) - raft.server.log.queue.byte-limit = 2147483647 (custom)
2019-10-17 07:10:22,726 [pool-87-thread-1] INFO  server.RaftServerConfigKeys (ConfUtils.java:logGet(43)) - raft.server.log.corruption.policy = EXCEPTION (default)
2019-10-17 07:10:22,726 [pool-57-thread-1] INFO  server.RaftServerConfigKeys (ConfUtils.java:logGet(43)) - raft.server.log.queue.element-limit = 1024 (custom)
2019-10-17 07:10:22,726 [pool-87-thread-1] INFO  storage.RaftStorageDirectory (RaftStorageDirectory.java:analyzeStorage(246)) - The storage directory /workdir/hadoop-ozone/integration-test/target/test-dir/MiniOzoneClusterImpl-ef926406-3935-4524-95f5-43adee877df5/datanode-6/data/ratis/6566e30d-cfe7-4597-a5a4-233c052d78d6 does not exist. Creating ...
2019-10-17 07:10:22,726 [pool-57-thread-1] INFO  server.RaftServerConfigKeys (ConfUtils.java:logGet(43)) - raft.server.log.segment.size.max = 1048576 (custom)
2019-10-17 07:10:22,726 [pool-57-thread-1] INFO  server.RaftServerConfigKeys (ConfUtils.java:logGet(43)) - raft.server.log.preallocated.size = 16384 (custom)
2019-10-17 07:10:22,727 [pool-57-thread-1] INFO  server.RaftServerConfigKeys (ConfUtils.java:logGet(43)) - raft.server.log.write.buffer.size = 33554432 (custom)
2019-10-17 07:10:22,729 [org.apache.ratis.server.impl.LogAppender$AppenderDaemon$$Lambda$406/1674391716@58de60fd] WARN  server.GrpcLogAppender (GrpcLogAppender.java:mayWait(149)) - 215fceca-0555-458b-bc4f-ba38ff24d5ba@group-42ACBF6EBE4E->decc5551-dd4b-40dc-8ff5-b6b450d67f6f-GrpcLogAppender: Wait interrupted by java.lang.InterruptedException
2019-10-17 07:10:22,731 [d31fb603-bc45-4cd2-bfc5-2ee103695b2e@group-A2172F2EE55F-LeaderElection13] INFO  impl.LeaderElection (LeaderElection.java:askForVotes(178)) - d31fb603-bc45-4cd2-bfc5-2ee103695b2e@group-A2172F2EE55F-LeaderElection13: begin an election at term 2 for -1: [d31fb603-bc45-4cd2-bfc5-2ee103695b2e:192.168.157.211:42529, 715ace13-eaf8-4882-a949-ec1ca9c7a1c8:192.168.157.211:44586, a4e5d14e-95af-4d1f-b670-5b1c42084e26:192.168.157.211:46333], old=null
2019-10-17 07:10:22,731 [pool-27-thread-1] INFO  storage.RaftStorage (RaftStorage.java:format(84)) - Storage directory /workdir/hadoop-ozone/integration-test/target/test-dir/MiniOzoneClusterImpl-ef926406-3935-4524-95f5-43adee877df5/datanode-0/data/ratis/6566e30d-cfe7-4597-a5a4-233c052d78d6 has been successfully formatted.
2019-10-17 07:10:22,731 [0c631657-10a5-4e2a-a322-8fc6c651b2ed@group-42ACBF6EBE4E-LeaderElection15] INFO  impl.LeaderElection (LeaderElection.java:askForVotes(178)) - 0c631657-10a5-4e2a-a322-8fc6c651b2ed@group-42ACBF6EBE4E-LeaderElection15: begin an election at term 4 for -1: [215fceca-0555-458b-bc4f-ba38ff24d5ba:192.168.157.211:43803, decc5551-dd4b-40dc-8ff5-b6b450d67f6f:192.168.157.211:34435, 0c631657-10a5-4e2a-a322-8fc6c651b2ed:192.168.157.211:41694], old=null
2019-10-17 07:10:22,731 [pool-87-thread-1] INFO  storage.RaftStorageDirectory (RaftStorageDirectory.java:tryLock(328)) - Lock on /workdir/hadoop-ozone/integration-test/target/test-dir/MiniOzoneClusterImpl-ef926406-3935-4524-95f5-43adee877df5/datanode-6/data/ratis/6566e30d-cfe7-4597-a5a4-233c052d78d6/in_use.lock acquired by nodename 2333@pr-hdds-2286-nkqct-1837310268
2019-10-17 07:10:22,729 [org.apache.ratis.server.impl.LogAppender$AppenderDaemon$$Lambda$406/1674391716@293d2336] WARN  server.GrpcLogAppender (GrpcLogAppender.java:mayWait(149)) - 215fceca-0555-458b-bc4f-ba38ff24d5ba@group-42ACBF6EBE4E->0c631657-10a5-4e2a-a322-8fc6c651b2ed-GrpcLogAppender: Wait interrupted by java.lang.InterruptedException
2019-10-17 07:10:22,729 [pool-57-thread-1] INFO  server.RaftServerConfigKeys (ConfUtils.java:logGet(43)) - raft.server.log.force.sync.num = 128 (default)
2019-10-17 07:10:22,732 [pool-27-thread-1] INFO  ratis.ContainerStateMachine (ContainerStateMachine.java:loadSnapshot(231)) - group-233C052D78D6: The snapshot info is null. Setting the last applied indexto:(t:0, i:~)
2019-10-17 07:10:22,731 [grpc-default-executor-4] INFO  impl.RaftServerImpl (RaftServerImpl.java:setRole(184)) - 215fceca-0555-458b-bc4f-ba38ff24d5ba@group-42ACBF6EBE4E: changes role from  FOLLOWER to FOLLOWER at term 3 for recognizeCandidate:decc5551-dd4b-40dc-8ff5-b6b450d67f6f
2019-10-17 07:10:22,731 [decc5551-dd4b-40dc-8ff5-b6b450d67f6f@group-42ACBF6EBE4E-LeaderElection12] INFO  impl.LeaderElection (LeaderElection.java:askForVotes(178)) - decc5551-dd4b-40dc-8ff5-b6b450d67f6f@group-42ACBF6EBE4E-LeaderElection12: begin an election at term 4 for -1: [215fceca-0555-458b-bc4f-ba38ff24d5ba:192.168.157.211:43803, decc5551-dd4b-40dc-8ff5-b6b450d67f6f:192.168.157.211:34435, 0c631657-10a5-4e2a-a322-8fc6c651b2ed:192.168.157.211:41694], old=null
2019-10-17 07:10:22,736 [grpc-default-executor-4] INFO  impl.RoleInfo (RoleInfo.java:shutdownFollowerState(121)) - 215fceca-0555-458b-bc4f-ba38ff24d5ba: shutdown FollowerState
2019-10-17 07:10:22,734 [pool-57-thread-1] INFO  server.RaftServerConfigKeys (ConfUtils.java:logGet(43)) - raft.server.log.statemachine.data.sync = true (default)
2019-10-17 07:10:22,736 [pool-27-thread-1] INFO  server.RaftServerConfigKeys (ConfUtils.java:logGet(43)) - raft.server.notification.no-leader.timeout = 120s (custom)
2019-10-17 07:10:22,743 [pool-57-thread-1] INFO  server.RaftServerConfigKeys (ConfUtils.java:logGet(43)) - raft.server.log.statemachine.data.sync.timeout = 10s (default)
2019-10-17 07:10:22,741 [Thread-379] INFO  impl.FollowerState (FollowerState.java:run(117)) - 215fceca-0555-458b-bc4f-ba38ff24d5ba@group-42ACBF6EBE4E-FollowerState was interrupted: java.lang.InterruptedException: sleep interrupted
2019-10-17 07:10:22,741 [grpc-default-executor-4] INFO  impl.RoleInfo (RoleInfo.java:updateAndGet(143)) - 215fceca-0555-458b-bc4f-ba38ff24d5ba: start FollowerState
2019-10-17 07:10:22,750 [pool-87-thread-1] INFO  storage.RaftStorage (RaftStorage.java:format(84)) - Storage directory /workdir/hadoop-ozone/integration-test/target/test-dir/MiniOzoneClusterImpl-ef926406-3935-4524-95f5-43adee877df5/datanode-6/data/ratis/6566e30d-cfe7-4597-a5a4-233c052d78d6 has been successfully formatted.
2019-10-17 07:10:22,743 [pool-57-thread-1] INFO  server.RaftServerConfigKeys (ConfUtils.java:logGet(43)) - raft.server.log.statemachine.data.sync.timeout.retry = -1 (default)
2019-10-17 07:10:22,743 [pool-27-thread-1] INFO  server.RaftServerConfigKeys (ConfUtils.java:logGet(43)) - raft.server.log.use.memory = false (default)
2019-10-17 07:10:22,753 [pool-57-thread-1] INFO  server.RaftServerConfigKeys (ConfUtils.java:logGet(43)) - raft.server.log.statemachine.data.caching.enabled = true (custom)
2019-10-17 07:10:22,752 [715ace13-eaf8-4882-a949-ec1ca9c7a1c8@group-A2172F2EE55F-LeaderElection16] INFO  impl.LeaderElection (LeaderElection.java:logAndReturn(56)) - 715ace13-eaf8-4882-a949-ec1ca9c7a1c8@group-A2172F2EE55F-LeaderElection16: Election TIMEOUT; received 0 response(s) [] and 0 exception(s); 715ace13-eaf8-4882-a949-ec1ca9c7a1c8@group-A2172F2EE55F:t1, leader=null, voted=715ace13-eaf8-4882-a949-ec1ca9c7a1c8, raftlog=715ace13-eaf8-4882-a949-ec1ca9c7a1c8@group-A2172F2EE55F-SegmentedRaftLog:OPENED:c-1,f-1,i0, conf=-1: [d31fb603-bc45-4cd2-bfc5-2ee103695b2e:192.168.157.211:42529, 715ace13-eaf8-4882-a949-ec1ca9c7a1c8:192.168.157.211:44586, a4e5d14e-95af-4d1f-b670-5b1c42084e26:192.168.157.211:46333], old=null
2019-10-17 07:10:22,753 [pool-27-thread-1] INFO  server.RaftServerConfigKeys (ConfUtils.java:logGet(43)) - raft.server.log.purge.gap = 1000000 (custom)
2019-10-17 07:10:22,755 [pool-27-thread-1] INFO  server.RaftServerConfigKeys (ConfUtils.java:logGet(43)) - raft.server.log.appender.buffer.byte-limit = 33554432 (custom)
2019-10-17 07:10:22,755 [pool-27-thread-1] INFO  server.RaftServerConfigKeys (ConfUtils.java:logGet(43)) - raft.server.log.segment.size.max = 1048576 (custom)
2019-10-17 07:10:22,757 [pool-27-thread-1] INFO  server.RaftServerConfigKeys (ConfUtils.java:logGet(43)) - raft.server.log.segment.cache.num.max = 2 (custom)
2019-10-17 07:10:22,757 [pool-27-thread-1] INFO  segmented.SegmentedRaftLogWorker (SegmentedRaftLogWorker.java:<init>(173)) - new 67ae3572-7d88-4e50-b53b-0f48f6748b38@group-233C052D78D6-SegmentedRaftLogWorker for RaftStorage:Storage Directory /workdir/hadoop-ozone/integration-test/target/test-dir/MiniOzoneClusterImpl-ef926406-3935-4524-95f5-43adee877df5/datanode-0/data/ratis/6566e30d-cfe7-4597-a5a4-233c052d78d6
2019-10-17 07:10:22,757 [pool-27-thread-1] INFO  server.RaftServerConfigKeys (ConfUtils.java:logGet(43)) - raft.server.log.queue.byte-limit = 2147483647 (custom)
2019-10-17 07:10:22,757 [grpc-default-executor-2] INFO  impl.RaftServerImpl (RaftServerImpl.java:setRole(184)) - a4e5d14e-95af-4d1f-b670-5b1c42084e26@group-A2172F2EE55F: changes role from CANDIDATE to FOLLOWER at term 2 for recognizeCandidate:d31fb603-bc45-4cd2-bfc5-2ee103695b2e
2019-10-17 07:10:22,757 [pool-27-thread-1] INFO  server.RaftServerConfigKeys (ConfUtils.java:logGet(43)) - raft.server.log.queue.element-limit = 1024 (custom)
2019-10-17 07:10:22,761 [grpc-default-executor-2] INFO  impl.RoleInfo (RoleInfo.java:shutdownLeaderElection(134)) - a4e5d14e-95af-4d1f-b670-5b1c42084e26: shutdown LeaderElection
2019-10-17 07:10:22,761 [pool-27-thread-1] INFO  server.RaftServerConfigKeys (ConfUtils.java:logGet(43)) - raft.server.log.segment.size.max = 1048576 (custom)
2019-10-17 07:10:22,761 [pool-27-thread-1] INFO  server.RaftServerConfigKeys (ConfUtils.java:logGet(43)) - raft.server.log.preallocated.size = 16384 (custom)
2019-10-17 07:10:22,769 [pool-57-thread-1] INFO  segmented.SegmentedRaftLogWorker (SegmentedRaftLogWorker.java:lambda$new$0(128)) - 831edaa1-80a5-4091-843f-90c648a5a79d@group-233C052D78D6-SegmentedRaftLogWorker: flushIndex: setUnconditionally 0 -> -1
2019-10-17 07:10:22,769 [pool-87-thread-1] INFO  ratis.ContainerStateMachine (ContainerStateMachine.java:loadSnapshot(231)) - group-233C052D78D6: The snapshot info is null. Setting the last applied indexto:(t:0, i:~)
2019-10-17 07:10:22,769 [grpc-default-executor-2] INFO  impl.RoleInfo (RoleInfo.java:updateAndGet(143)) - a4e5d14e-95af-4d1f-b670-5b1c42084e26: start FollowerState
2019-10-17 07:10:22,769 [pool-27-thread-1] INFO  server.RaftServerConfigKeys (ConfUtils.java:logGet(43)) - raft.server.log.write.buffer.size = 33554432 (custom)
2019-10-17 07:10:22,771 [pool-87-thread-1] INFO  server.RaftServerConfigKeys (ConfUtils.java:logGet(43)) - raft.server.notification.no-leader.timeout = 120s (custom)
2019-10-17 07:10:22,771 [pool-27-thread-1] INFO  server.RaftServerConfigKeys (ConfUtils.java:logGet(43)) - raft.server.log.force.sync.num = 128 (default)
2019-10-17 07:10:22,771 [d31fb603-bc45-4cd2-bfc5-2ee103695b2e@group-A2172F2EE55F-LeaderElection13] INFO  impl.LeaderElection (LeaderElection.java:logAndReturn(56)) - d31fb603-bc45-4cd2-bfc5-2ee103695b2e@group-A2172F2EE55F-LeaderElection13: Election TIMEOUT; received 0 response(s) [] and 0 exception(s); d31fb603-bc45-4cd2-bfc5-2ee103695b2e@group-A2172F2EE55F:t2, leader=null, voted=d31fb603-bc45-4cd2-bfc5-2ee103695b2e, raftlog=d31fb603-bc45-4cd2-bfc5-2ee103695b2e@group-A2172F2EE55F-SegmentedRaftLog:OPENED:c-1,f-1,i0, conf=-1: [d31fb603-bc45-4cd2-bfc5-2ee103695b2e:192.168.157.211:42529, 715ace13-eaf8-4882-a949-ec1ca9c7a1c8:192.168.157.211:44586, a4e5d14e-95af-4d1f-b670-5b1c42084e26:192.168.157.211:46333], old=null
2019-10-17 07:10:22,769 [pool-57-thread-1] INFO  server.RaftServerConfigKeys (ConfUtils.java:logGet(43)) - raft.server.snapshot.auto.trigger.enabled = true (custom)
2019-10-17 07:10:22,771 [pool-87-thread-1] INFO  server.RaftServerConfigKeys (ConfUtils.java:logGet(43)) - raft.server.log.use.memory = false (default)
2019-10-17 07:10:22,773 [pool-27-thread-1] INFO  server.RaftServerConfigKeys (ConfUtils.java:logGet(43)) - raft.server.log.statemachine.data.sync = true (default)
2019-10-17 07:10:22,777 [pool-87-thread-1] INFO  server.RaftServerConfigKeys (ConfUtils.java:logGet(43)) - raft.server.log.purge.gap = 1000000 (custom)
2019-10-17 07:10:22,776 [pool-57-thread-1] INFO  server.RaftServerConfigKeys (ConfUtils.java:logGet(43)) - raft.server.snapshot.auto.trigger.threshold = 10000 (custom)
2019-10-17 07:10:22,778 [pool-87-thread-1] INFO  server.RaftServerConfigKeys (ConfUtils.java:logGet(43)) - raft.server.log.appender.buffer.byte-limit = 33554432 (custom)
2019-10-17 07:10:22,777 [pool-27-thread-1] INFO  server.RaftServerConfigKeys (ConfUtils.java:logGet(43)) - raft.server.log.statemachine.data.sync.timeout = 10s (default)
2019-10-17 07:10:22,778 [pool-87-thread-1] INFO  server.RaftServerConfigKeys (ConfUtils.java:logGet(43)) - raft.server.log.segment.size.max = 1048576 (custom)
2019-10-17 07:10:22,778 [pool-57-thread-1] INFO  server.RaftServerConfigKeys (ConfUtils.java:logGet(43)) - raft.server.snapshot.retention.file.num = 5 (custom)
2019-10-17 07:10:22,778 [pool-87-thread-1] INFO  server.RaftServerConfigKeys (ConfUtils.java:logGet(43)) - raft.server.log.segment.cache.num.max = 2 (custom)
2019-10-17 07:10:22,778 [pool-27-thread-1] INFO  server.RaftServerConfigKeys (ConfUtils.java:logGet(43)) - raft.server.log.statemachine.data.sync.timeout.retry = -1 (default)
2019-10-17 07:10:22,779 [grpc-default-executor-1] INFO  server.GrpcServerProtocolService (GrpcServerProtocolService.java:onCompleted(113)) - decc5551-dd4b-40dc-8ff5-b6b450d67f6f: Completed APPEND_ENTRIES, lastRequest: null
2019-10-17 07:10:22,778 [pool-57-thread-1] INFO  server.RaftServerConfigKeys (ConfUtils.java:logGet(43)) - raft.server.retrycache.expirytime = 600000ms (custom)
2019-10-17 07:10:22,778 [pool-87-thread-1] INFO  segmented.SegmentedRaftLogWorker (SegmentedRaftLogWorker.java:<init>(173)) - new 5c4ee31d-c5ed-4c65-a5df-da3e3cf53ac2@group-233C052D78D6-SegmentedRaftLogWorker for RaftStorage:Storage Directory /workdir/hadoop-ozone/integration-test/target/test-dir/MiniOzoneClusterImpl-ef926406-3935-4524-95f5-43adee877df5/datanode-6/data/ratis/6566e30d-cfe7-4597-a5a4-233c052d78d6
2019-10-17 07:10:22,780 [pool-27-thread-1] INFO  server.RaftServerConfigKeys (ConfUtils.java:logGet(43)) - raft.server.log.statemachine.data.caching.enabled = true (custom)
2019-10-17 07:10:22,779 [grpc-default-executor-3] INFO  server.GrpcServerProtocolService (GrpcServerProtocolService.java:onCompleted(113)) - 0c631657-10a5-4e2a-a322-8fc6c651b2ed: Completed APPEND_ENTRIES, lastRequest: null
2019-10-17 07:10:22,780 [grpc-default-executor-1] INFO  impl.RaftServerImpl (RaftServerImpl.java:setRole(184)) - 215fceca-0555-458b-bc4f-ba38ff24d5ba@group-42ACBF6EBE4E: changes role from  FOLLOWER to FOLLOWER at term 4 for recognizeCandidate:decc5551-dd4b-40dc-8ff5-b6b450d67f6f
2019-10-17 07:10:22,781 [grpc-default-executor-1] INFO  impl.RoleInfo (RoleInfo.java:shutdownFollowerState(121)) - 215fceca-0555-458b-bc4f-ba38ff24d5ba: shutdown FollowerState
2019-10-17 07:10:22,780 [pool-87-thread-1] INFO  server.RaftServerConfigKeys (ConfUtils.java:logGet(43)) - raft.server.log.queue.byte-limit = 2147483647 (custom)
2019-10-17 07:10:22,782 [Thread-386] INFO  impl.FollowerState (FollowerState.java:run(117)) - 215fceca-0555-458b-bc4f-ba38ff24d5ba@group-42ACBF6EBE4E-FollowerState was interrupted: java.lang.InterruptedException: sleep interrupted
2019-10-17 07:10:22,782 [pool-27-thread-1] INFO  segmented.SegmentedRaftLogWorker (SegmentedRaftLogWorker.java:lambda$new$0(128)) - 67ae3572-7d88-4e50-b53b-0f48f6748b38@group-233C052D78D6-SegmentedRaftLogWorker: flushIndex: setUnconditionally 0 -> -1
2019-10-17 07:10:22,782 [grpc-default-executor-1] INFO  impl.RoleInfo (RoleInfo.java:updateAndGet(143)) - 215fceca-0555-458b-bc4f-ba38ff24d5ba: start FollowerState
2019-10-17 07:10:22,782 [715ace13-eaf8-4882-a949-ec1ca9c7a1c8@group-A2172F2EE55F-LeaderElection16] INFO  impl.LeaderElection (LeaderElection.java:askForVotes(178)) - 715ace13-eaf8-4882-a949-ec1ca9c7a1c8@group-A2172F2EE55F-LeaderElection16: begin an election at term 2 for -1: [d31fb603-bc45-4cd2-bfc5-2ee103695b2e:192.168.157.211:42529, 715ace13-eaf8-4882-a949-ec1ca9c7a1c8:192.168.157.211:44586, a4e5d14e-95af-4d1f-b670-5b1c42084e26:192.168.157.211:46333], old=null
2019-10-17 07:10:22,782 [d31fb603-bc45-4cd2-bfc5-2ee103695b2e@group-A2172F2EE55F-LeaderElection13] INFO  impl.LeaderElection (LeaderElection.java:askForVotes(178)) - d31fb603-bc45-4cd2-bfc5-2ee103695b2e@group-A2172F2EE55F-LeaderElection13: begin an election at term 3 for -1: [d31fb603-bc45-4cd2-bfc5-2ee103695b2e:192.168.157.211:42529, 715ace13-eaf8-4882-a949-ec1ca9c7a1c8:192.168.157.211:44586, a4e5d14e-95af-4d1f-b670-5b1c42084e26:192.168.157.211:46333], old=null
2019-10-17 07:10:22,784 [pool-27-thread-1] INFO  server.RaftServerConfigKeys (ConfUtils.java:logGet(43)) - raft.server.snapshot.auto.trigger.enabled = true (custom)
2019-10-17 07:10:22,782 [grpc-default-executor-3] INFO  server.GrpcLogAppender (GrpcLogAppender.java:onCompleted(308)) - 215fceca-0555-458b-bc4f-ba38ff24d5ba@group-42ACBF6EBE4E->decc5551-dd4b-40dc-8ff5-b6b450d67f6f-AppendLogResponseHandler: follower responses appendEntries COMPLETED
2019-10-17 07:10:22,782 [pool-87-thread-1] INFO  server.RaftServerConfigKeys (ConfUtils.java:logGet(43)) - raft.server.log.queue.element-limit = 1024 (custom)
2019-10-17 07:10:22,784 [pool-27-thread-1] INFO  server.RaftServerConfigKeys (ConfUtils.java:logGet(43)) - raft.server.snapshot.auto.trigger.threshold = 10000 (custom)
2019-10-17 07:10:22,785 [pool-87-thread-1] INFO  server.RaftServerConfigKeys (ConfUtils.java:logGet(43)) - raft.server.log.segment.size.max = 1048576 (custom)
2019-10-17 07:10:23,072 [0c631657-10a5-4e2a-a322-8fc6c651b2ed@group-42ACBF6EBE4E-LeaderElection15] INFO  impl.LeaderElection (LeaderElection.java:logAndReturn(56)) - 0c631657-10a5-4e2a-a322-8fc6c651b2ed@group-42ACBF6EBE4E-LeaderElection15: Election TIMEOUT; received 0 response(s) [] and 0 exception(s); 0c631657-10a5-4e2a-a322-8fc6c651b2ed@group-42ACBF6EBE4E:t4, leader=null, voted=0c631657-10a5-4e2a-a322-8fc6c651b2ed, raftlog=0c631657-10a5-4e2a-a322-8fc6c651b2ed@group-42ACBF6EBE4E-SegmentedRaftLog:OPENED:c-1,f-1,i0, conf=-1: [215fceca-0555-458b-bc4f-ba38ff24d5ba:192.168.157.211:43803, decc5551-dd4b-40dc-8ff5-b6b450d67f6f:192.168.157.211:34435, 0c631657-10a5-4e2a-a322-8fc6c651b2ed:192.168.157.211:41694], old=null
2019-10-17 07:10:23,072 [a4e5d14e-95af-4d1f-b670-5b1c42084e26@group-A2172F2EE55F-LeaderElection14] INFO  impl.LeaderElection (LeaderElection.java:logAndReturn(56)) - a4e5d14e-95af-4d1f-b670-5b1c42084e26@group-A2172F2EE55F-LeaderElection14: Election REJECTED; received 0 response(s) [] and 0 exception(s); a4e5d14e-95af-4d1f-b670-5b1c42084e26@group-A2172F2EE55F:t2, leader=null, voted=null, raftlog=a4e5d14e-95af-4d1f-b670-5b1c42084e26@group-A2172F2EE55F-SegmentedRaftLog:OPENED:c-1,f-1,i0, conf=-1: [d31fb603-bc45-4cd2-bfc5-2ee103695b2e:192.168.157.211:42529, 715ace13-eaf8-4882-a949-ec1ca9c7a1c8:192.168.157.211:44586, a4e5d14e-95af-4d1f-b670-5b1c42084e26:192.168.157.211:46333], old=null
2019-10-17 07:10:23,084 [pool-57-thread-1] INFO  impl.RaftServerImpl (RaftServerImpl.java:start(195)) - 831edaa1-80a5-4091-843f-90c648a5a79d@group-233C052D78D6: start as a follower, conf=-1: [67ae3572-7d88-4e50-b53b-0f48f6748b38:192.168.157.211:41299, 831edaa1-80a5-4091-843f-90c648a5a79d:192.168.157.211:44365, 5c4ee31d-c5ed-4c65-a5df-da3e3cf53ac2:192.168.157.211:45059], old=null
2019-10-17 07:10:23,072 [decc5551-dd4b-40dc-8ff5-b6b450d67f6f@group-42ACBF6EBE4E-LeaderElection12] INFO  impl.LeaderElection (LeaderElection.java:logAndReturn(56)) - decc5551-dd4b-40dc-8ff5-b6b450d67f6f@group-42ACBF6EBE4E-LeaderElection12: Election TIMEOUT; received 1 response(s) [decc5551-dd4b-40dc-8ff5-b6b450d67f6f<-0c631657-10a5-4e2a-a322-8fc6c651b2ed#0:FAIL-t4] and 0 exception(s); decc5551-dd4b-40dc-8ff5-b6b450d67f6f@group-42ACBF6EBE4E:t4, leader=null, voted=decc5551-dd4b-40dc-8ff5-b6b450d67f6f, raftlog=decc5551-dd4b-40dc-8ff5-b6b450d67f6f@group-42ACBF6EBE4E-SegmentedRaftLog:OPENED:c-1,f-1,i0, conf=-1: [215fceca-0555-458b-bc4f-ba38ff24d5ba:192.168.157.211:43803, decc5551-dd4b-40dc-8ff5-b6b450d67f6f:192.168.157.211:34435, 0c631657-10a5-4e2a-a322-8fc6c651b2ed:192.168.157.211:41694], old=null
2019-10-17 07:10:23,072 [Thread-387] INFO  impl.FollowerState (FollowerState.java:run(108)) - a4e5d14e-95af-4d1f-b670-5b1c42084e26@group-A2172F2EE55F-FollowerState: change to CANDIDATE, lastRpcTime:310ms, electionTimeout:62ms
2019-10-17 07:10:23,097 [pool-57-thread-1] INFO  impl.RaftServerImpl (RaftServerImpl.java:setRole(184)) - 831edaa1-80a5-4091-843f-90c648a5a79d@group-233C052D78D6: changes role from      null to FOLLOWER at term 0 for startAsFollower
2019-10-17 07:10:23,086 [grpc-default-executor-1] INFO  server.GrpcLogAppender (GrpcLogAppender.java:onCompleted(308)) - 215fceca-0555-458b-bc4f-ba38ff24d5ba@group-42ACBF6EBE4E->0c631657-10a5-4e2a-a322-8fc6c651b2ed-AppendLogResponseHandler: follower responses appendEntries COMPLETED
2019-10-17 07:10:23,083 [pool-87-thread-1] INFO  server.RaftServerConfigKeys (ConfUtils.java:logGet(43)) - raft.server.log.preallocated.size = 16384 (custom)
2019-10-17 07:10:23,073 [pool-27-thread-1] INFO  server.RaftServerConfigKeys (ConfUtils.java:logGet(43)) - raft.server.snapshot.retention.file.num = 5 (custom)
2019-10-17 07:10:23,101 [pool-87-thread-1] INFO  server.RaftServerConfigKeys (ConfUtils.java:logGet(43)) - raft.server.log.write.buffer.size = 33554432 (custom)
2019-10-17 07:10:23,101 [pool-27-thread-1] INFO  server.RaftServerConfigKeys (ConfUtils.java:logGet(43)) - raft.server.retrycache.expirytime = 600000ms (custom)
2019-10-17 07:10:23,100 [Thread-387] INFO  impl.RoleInfo (RoleInfo.java:shutdownFollowerState(121)) - a4e5d14e-95af-4d1f-b670-5b1c42084e26: shutdown FollowerState
2019-10-17 07:10:23,104 [Thread-387] INFO  impl.RaftServerImpl (RaftServerImpl.java:setRole(184)) - a4e5d14e-95af-4d1f-b670-5b1c42084e26@group-A2172F2EE55F: changes role from  FOLLOWER to CANDIDATE at term 2 for changeToCandidate
2019-10-17 07:10:23,100 [pool-57-thread-1] INFO  impl.RoleInfo (RoleInfo.java:updateAndGet(143)) - 831edaa1-80a5-4091-843f-90c648a5a79d: start FollowerState
2019-10-17 07:10:23,113 [0c631657-10a5-4e2a-a322-8fc6c651b2ed@group-42ACBF6EBE4E-LeaderElection15] INFO  impl.LeaderElection (LeaderElection.java:askForVotes(178)) - 0c631657-10a5-4e2a-a322-8fc6c651b2ed@group-42ACBF6EBE4E-LeaderElection15: begin an election at term 5 for -1: [215fceca-0555-458b-bc4f-ba38ff24d5ba:192.168.157.211:43803, decc5551-dd4b-40dc-8ff5-b6b450d67f6f:192.168.157.211:34435, 0c631657-10a5-4e2a-a322-8fc6c651b2ed:192.168.157.211:41694], old=null
2019-10-17 07:10:23,106 [Thread-387] INFO  impl.RoleInfo (RoleInfo.java:updateAndGet(143)) - a4e5d14e-95af-4d1f-b670-5b1c42084e26: start LeaderElection
2019-10-17 07:10:23,101 [pool-87-thread-1] INFO  server.RaftServerConfigKeys (ConfUtils.java:logGet(43)) - raft.server.log.force.sync.num = 128 (default)
2019-10-17 07:10:23,113 [decc5551-dd4b-40dc-8ff5-b6b450d67f6f@group-42ACBF6EBE4E-LeaderElection12] INFO  impl.LeaderElection (LeaderElection.java:askForVotes(178)) - decc5551-dd4b-40dc-8ff5-b6b450d67f6f@group-42ACBF6EBE4E-LeaderElection12: begin an election at term 5 for -1: [215fceca-0555-458b-bc4f-ba38ff24d5ba:192.168.157.211:43803, decc5551-dd4b-40dc-8ff5-b6b450d67f6f:192.168.157.211:34435, 0c631657-10a5-4e2a-a322-8fc6c651b2ed:192.168.157.211:41694], old=null
2019-10-17 07:10:23,113 [pool-87-thread-1] INFO  server.RaftServerConfigKeys (ConfUtils.java:logGet(43)) - raft.server.log.statemachine.data.sync = true (default)
2019-10-17 07:10:23,114 [pool-87-thread-1] INFO  server.RaftServerConfigKeys (ConfUtils.java:logGet(43)) - raft.server.log.statemachine.data.sync.timeout = 10s (default)
2019-10-17 07:10:23,114 [grpc-default-executor-3] INFO  impl.FollowerInfo (FollowerInfo.java:lambda$new$0(51)) - 215fceca-0555-458b-bc4f-ba38ff24d5ba@group-42ACBF6EBE4E->decc5551-dd4b-40dc-8ff5-b6b450d67f6f: nextIndex: updateUnconditionally 0 -> 0
2019-10-17 07:10:23,114 [Thread-283] INFO  container.ReplicationManager (ReplicationManager.java:start(162)) - Starting Replication Monitor Thread.
2019-10-17 07:10:23,114 [pool-87-thread-1] INFO  server.RaftServerConfigKeys (ConfUtils.java:logGet(43)) - raft.server.log.statemachine.data.sync.timeout.retry = -1 (default)
2019-10-17 07:10:23,116 [pool-57-thread-1] INFO  util.JmxRegister (JmxRegister.java:tryRegister(44)) - Successfully registered JMX Bean with object name Ratis:service=RaftServer,group=group-233C052D78D6,id=831edaa1-80a5-4091-843f-90c648a5a79d
2019-10-17 07:10:23,117 [pool-87-thread-1] INFO  server.RaftServerConfigKeys (ConfUtils.java:logGet(43)) - raft.server.log.statemachine.data.caching.enabled = true (custom)
2019-10-17 07:10:23,120 [pool-87-thread-1] INFO  segmented.SegmentedRaftLogWorker (SegmentedRaftLogWorker.java:lambda$new$0(128)) - 5c4ee31d-c5ed-4c65-a5df-da3e3cf53ac2@group-233C052D78D6-SegmentedRaftLogWorker: flushIndex: setUnconditionally 0 -> -1
2019-10-17 07:10:23,121 [pool-87-thread-1] INFO  server.RaftServerConfigKeys (ConfUtils.java:logGet(43)) - raft.server.snapshot.auto.trigger.enabled = true (custom)
2019-10-17 07:10:23,121 [ReplicationMonitor] INFO  container.ReplicationManager (ReplicationManager.java:run(225)) - Replication Monitor Thread took 2 milliseconds for processing 0 containers.
2019-10-17 07:10:23,121 [pool-87-thread-1] INFO  server.RaftServerConfigKeys (ConfUtils.java:logGet(43)) - raft.server.snapshot.auto.trigger.threshold = 10000 (custom)
2019-10-17 07:10:23,121 [715ace13-eaf8-4882-a949-ec1ca9c7a1c8@group-A2172F2EE55F-LeaderElection16] INFO  impl.LeaderElection (LeaderElection.java:logAndReturn(56)) - 715ace13-eaf8-4882-a949-ec1ca9c7a1c8@group-A2172F2EE55F-LeaderElection16: Election DISCOVERED_A_NEW_TERM; received 1 response(s) [715ace13-eaf8-4882-a949-ec1ca9c7a1c8<-d31fb603-bc45-4cd2-bfc5-2ee103695b2e#0:FAIL-t3] and 0 exception(s); 715ace13-eaf8-4882-a949-ec1ca9c7a1c8@group-A2172F2EE55F:t2, leader=null, voted=715ace13-eaf8-4882-a949-ec1ca9c7a1c8, raftlog=715ace13-eaf8-4882-a949-ec1ca9c7a1c8@group-A2172F2EE55F-SegmentedRaftLog:OPENED:c-1,f-1,i0, conf=-1: [d31fb603-bc45-4cd2-bfc5-2ee103695b2e:192.168.157.211:42529, 715ace13-eaf8-4882-a949-ec1ca9c7a1c8:192.168.157.211:44586, a4e5d14e-95af-4d1f-b670-5b1c42084e26:192.168.157.211:46333], old=null
2019-10-17 07:10:23,121 [pool-87-thread-1] INFO  server.RaftServerConfigKeys (ConfUtils.java:logGet(43)) - raft.server.snapshot.retention.file.num = 5 (custom)
2019-10-17 07:10:23,121 [715ace13-eaf8-4882-a949-ec1ca9c7a1c8@group-A2172F2EE55F-LeaderElection16] INFO  impl.RaftServerImpl (RaftServerImpl.java:setRole(184)) - 715ace13-eaf8-4882-a949-ec1ca9c7a1c8@group-A2172F2EE55F: changes role from CANDIDATE to FOLLOWER at term 3 for DISCOVERED_A_NEW_TERM
2019-10-17 07:10:23,123 [pool-27-thread-1] INFO  impl.RaftServerImpl (RaftServerImpl.java:start(195)) - 67ae3572-7d88-4e50-b53b-0f48f6748b38@group-233C052D78D6: start as a follower, conf=-1: [67ae3572-7d88-4e50-b53b-0f48f6748b38:192.168.157.211:41299, 831edaa1-80a5-4091-843f-90c648a5a79d:192.168.157.211:44365, 5c4ee31d-c5ed-4c65-a5df-da3e3cf53ac2:192.168.157.211:45059], old=null
2019-10-17 07:10:23,125 [pool-87-thread-1] INFO  server.RaftServerConfigKeys (ConfUtils.java:logGet(43)) - raft.server.retrycache.expirytime = 600000ms (custom)
2019-10-17 07:10:23,124 [715ace13-eaf8-4882-a949-ec1ca9c7a1c8@group-A2172F2EE55F-LeaderElection16] INFO  impl.RoleInfo (RoleInfo.java:shutdownLeaderElection(134)) - 715ace13-eaf8-4882-a949-ec1ca9c7a1c8: shutdown LeaderElection
2019-10-17 07:10:23,125 [grpc-default-executor-1] INFO  impl.FollowerInfo (FollowerInfo.java:lambda$new$0(51)) - 215fceca-0555-458b-bc4f-ba38ff24d5ba@group-42ACBF6EBE4E->0c631657-10a5-4e2a-a322-8fc6c651b2ed: nextIndex: updateUnconditionally 0 -> 0
2019-10-17 07:10:23,125 [pool-27-thread-1] INFO  impl.RaftServerImpl (RaftServerImpl.java:setRole(184)) - 67ae3572-7d88-4e50-b53b-0f48f6748b38@group-233C052D78D6: changes role from      null to FOLLOWER at term 0 for startAsFollower
2019-10-17 07:10:23,126 [715ace13-eaf8-4882-a949-ec1ca9c7a1c8@group-A2172F2EE55F-LeaderElection16] INFO  impl.RoleInfo (RoleInfo.java:updateAndGet(143)) - 715ace13-eaf8-4882-a949-ec1ca9c7a1c8: start FollowerState
2019-10-17 07:10:23,127 [pool-27-thread-1] INFO  impl.RoleInfo (RoleInfo.java:updateAndGet(143)) - 67ae3572-7d88-4e50-b53b-0f48f6748b38: start FollowerState
2019-10-17 07:10:23,127 [pool-27-thread-1] INFO  util.JmxRegister (JmxRegister.java:tryRegister(44)) - Successfully registered JMX Bean with object name Ratis:service=RaftServer,group=group-233C052D78D6,id=67ae3572-7d88-4e50-b53b-0f48f6748b38
2019-10-17 07:10:23,127 [a4e5d14e-95af-4d1f-b670-5b1c42084e26@group-A2172F2EE55F-LeaderElection17] INFO  impl.LeaderElection (LeaderElection.java:askForVotes(178)) - a4e5d14e-95af-4d1f-b670-5b1c42084e26@group-A2172F2EE55F-LeaderElection17: begin an election at term 3 for -1: [d31fb603-bc45-4cd2-bfc5-2ee103695b2e:192.168.157.211:42529, 715ace13-eaf8-4882-a949-ec1ca9c7a1c8:192.168.157.211:44586, a4e5d14e-95af-4d1f-b670-5b1c42084e26:192.168.157.211:46333], old=null
2019-10-17 07:10:23,130 [grpc-default-executor-3] INFO  impl.RaftServerImpl (RaftServerImpl.java:setRole(184)) - 215fceca-0555-458b-bc4f-ba38ff24d5ba@group-42ACBF6EBE4E: changes role from  FOLLOWER to FOLLOWER at term 5 for recognizeCandidate:decc5551-dd4b-40dc-8ff5-b6b450d67f6f
2019-10-17 07:10:23,130 [pool-87-thread-1] INFO  impl.RaftServerImpl (RaftServerImpl.java:start(195)) - 5c4ee31d-c5ed-4c65-a5df-da3e3cf53ac2@group-233C052D78D6: start as a follower, conf=-1: [67ae3572-7d88-4e50-b53b-0f48f6748b38:192.168.157.211:41299, 831edaa1-80a5-4091-843f-90c648a5a79d:192.168.157.211:44365, 5c4ee31d-c5ed-4c65-a5df-da3e3cf53ac2:192.168.157.211:45059], old=null
2019-10-17 07:10:23,130 [grpc-default-executor-3] INFO  impl.RoleInfo (RoleInfo.java:shutdownFollowerState(121)) - 215fceca-0555-458b-bc4f-ba38ff24d5ba: shutdown FollowerState
2019-10-17 07:10:23,130 [pool-87-thread-1] INFO  impl.RaftServerImpl (RaftServerImpl.java:setRole(184)) - 5c4ee31d-c5ed-4c65-a5df-da3e3cf53ac2@group-233C052D78D6: changes role from      null to FOLLOWER at term 0 for startAsFollower
2019-10-17 07:10:23,130 [grpc-default-executor-3] INFO  impl.RoleInfo (RoleInfo.java:updateAndGet(143)) - 215fceca-0555-458b-bc4f-ba38ff24d5ba: start FollowerState
2019-10-17 07:10:23,130 [Thread-389] INFO  impl.FollowerState (FollowerState.java:run(117)) - 215fceca-0555-458b-bc4f-ba38ff24d5ba@group-42ACBF6EBE4E-FollowerState was interrupted: java.lang.InterruptedException: sleep interrupted
2019-10-17 07:10:23,130 [pool-87-thread-1] INFO  impl.RoleInfo (RoleInfo.java:updateAndGet(143)) - 5c4ee31d-c5ed-4c65-a5df-da3e3cf53ac2: start FollowerState
2019-10-17 07:10:23,133 [pool-87-thread-1] INFO  util.JmxRegister (JmxRegister.java:tryRegister(44)) - Successfully registered JMX Bean with object name Ratis:service=RaftServer,group=group-233C052D78D6,id=5c4ee31d-c5ed-4c65-a5df-da3e3cf53ac2
2019-10-17 07:10:23,133 [grpc-default-executor-5] INFO  impl.RaftServerImpl (RaftServerImpl.java:setRole(184)) - 715ace13-eaf8-4882-a949-ec1ca9c7a1c8@group-A2172F2EE55F: changes role from  FOLLOWER to FOLLOWER at term 3 for recognizeCandidate:d31fb603-bc45-4cd2-bfc5-2ee103695b2e
2019-10-17 07:10:23,133 [grpc-default-executor-5] INFO  impl.RoleInfo (RoleInfo.java:shutdownFollowerState(121)) - 715ace13-eaf8-4882-a949-ec1ca9c7a1c8: shutdown FollowerState
2019-10-17 07:10:23,133 [Thread-403] INFO  impl.FollowerState (FollowerState.java:run(117)) - 715ace13-eaf8-4882-a949-ec1ca9c7a1c8@group-A2172F2EE55F-FollowerState was interrupted: java.lang.InterruptedException: sleep interrupted
2019-10-17 07:10:23,133 [grpc-default-executor-5] INFO  impl.RoleInfo (RoleInfo.java:updateAndGet(143)) - 715ace13-eaf8-4882-a949-ec1ca9c7a1c8: start FollowerState
2019-10-17 07:10:23,138 [grpc-default-executor-1] INFO  impl.RaftServerImpl (RaftServerImpl.java:setRole(184)) - 215fceca-0555-458b-bc4f-ba38ff24d5ba@group-42ACBF6EBE4E: changes role from  FOLLOWER to FOLLOWER at term 5 for recognizeCandidate:0c631657-10a5-4e2a-a322-8fc6c651b2ed
2019-10-17 07:10:23,138 [grpc-default-executor-1] INFO  impl.RoleInfo (RoleInfo.java:shutdownFollowerState(121)) - 215fceca-0555-458b-bc4f-ba38ff24d5ba: shutdown FollowerState
2019-10-17 07:10:23,139 [Thread-409] INFO  impl.FollowerState (FollowerState.java:run(117)) - 215fceca-0555-458b-bc4f-ba38ff24d5ba@group-42ACBF6EBE4E-FollowerState was interrupted: java.lang.InterruptedException: sleep interrupted
2019-10-17 07:10:23,139 [grpc-default-executor-1] INFO  impl.RoleInfo (RoleInfo.java:updateAndGet(143)) - 215fceca-0555-458b-bc4f-ba38ff24d5ba: start FollowerState
2019-10-17 07:10:23,144 [decc5551-dd4b-40dc-8ff5-b6b450d67f6f@group-42ACBF6EBE4E-LeaderElection12] INFO  impl.LeaderElection (LeaderElection.java:logAndReturn(56)) - decc5551-dd4b-40dc-8ff5-b6b450d67f6f@group-42ACBF6EBE4E-LeaderElection12: Election REJECTED; received 2 response(s) [decc5551-dd4b-40dc-8ff5-b6b450d67f6f<-215fceca-0555-458b-bc4f-ba38ff24d5ba#0:FAIL-t5, decc5551-dd4b-40dc-8ff5-b6b450d67f6f<-0c631657-10a5-4e2a-a322-8fc6c651b2ed#0:FAIL-t5] and 0 exception(s); decc5551-dd4b-40dc-8ff5-b6b450d67f6f@group-42ACBF6EBE4E:t5, leader=null, voted=decc5551-dd4b-40dc-8ff5-b6b450d67f6f, raftlog=decc5551-dd4b-40dc-8ff5-b6b450d67f6f@group-42ACBF6EBE4E-SegmentedRaftLog:OPENED:c-1,f-1,i0, conf=-1: [215fceca-0555-458b-bc4f-ba38ff24d5ba:192.168.157.211:43803, decc5551-dd4b-40dc-8ff5-b6b450d67f6f:192.168.157.211:34435, 0c631657-10a5-4e2a-a322-8fc6c651b2ed:192.168.157.211:41694], old=null
2019-10-17 07:10:23,146 [decc5551-dd4b-40dc-8ff5-b6b450d67f6f@group-42ACBF6EBE4E-LeaderElection12] INFO  impl.RaftServerImpl (RaftServerImpl.java:setRole(184)) - decc5551-dd4b-40dc-8ff5-b6b450d67f6f@group-42ACBF6EBE4E: changes role from CANDIDATE to FOLLOWER at term 5 for DISCOVERED_A_NEW_TERM
2019-10-17 07:10:23,146 [decc5551-dd4b-40dc-8ff5-b6b450d67f6f@group-42ACBF6EBE4E-LeaderElection12] INFO  impl.RoleInfo (RoleInfo.java:shutdownLeaderElection(134)) - decc5551-dd4b-40dc-8ff5-b6b450d67f6f: shutdown LeaderElection
2019-10-17 07:10:23,146 [decc5551-dd4b-40dc-8ff5-b6b450d67f6f@group-42ACBF6EBE4E-LeaderElection12] INFO  impl.RoleInfo (RoleInfo.java:updateAndGet(143)) - decc5551-dd4b-40dc-8ff5-b6b450d67f6f: start FollowerState
2019-10-17 07:10:23,148 [0c631657-10a5-4e2a-a322-8fc6c651b2ed@group-42ACBF6EBE4E-LeaderElection15] INFO  impl.LeaderElection (LeaderElection.java:logAndReturn(56)) - 0c631657-10a5-4e2a-a322-8fc6c651b2ed@group-42ACBF6EBE4E-LeaderElection15: Election REJECTED; received 2 response(s) [0c631657-10a5-4e2a-a322-8fc6c651b2ed<-215fceca-0555-458b-bc4f-ba38ff24d5ba#0:FAIL-t5, 0c631657-10a5-4e2a-a322-8fc6c651b2ed<-decc5551-dd4b-40dc-8ff5-b6b450d67f6f#0:FAIL-t5] and 0 exception(s); 0c631657-10a5-4e2a-a322-8fc6c651b2ed@group-42ACBF6EBE4E:t5, leader=null, voted=0c631657-10a5-4e2a-a322-8fc6c651b2ed, raftlog=0c631657-10a5-4e2a-a322-8fc6c651b2ed@group-42ACBF6EBE4E-SegmentedRaftLog:OPENED:c-1,f-1,i0, conf=-1: [215fceca-0555-458b-bc4f-ba38ff24d5ba:192.168.157.211:43803, decc5551-dd4b-40dc-8ff5-b6b450d67f6f:192.168.157.211:34435, 0c631657-10a5-4e2a-a322-8fc6c651b2ed:192.168.157.211:41694], old=null
2019-10-17 07:10:23,150 [0c631657-10a5-4e2a-a322-8fc6c651b2ed@group-42ACBF6EBE4E-LeaderElection15] INFO  impl.RaftServerImpl (RaftServerImpl.java:setRole(184)) - 0c631657-10a5-4e2a-a322-8fc6c651b2ed@group-42ACBF6EBE4E: changes role from CANDIDATE to FOLLOWER at term 5 for DISCOVERED_A_NEW_TERM
2019-10-17 07:10:23,152 [0c631657-10a5-4e2a-a322-8fc6c651b2ed@group-42ACBF6EBE4E-LeaderElection15] INFO  impl.RoleInfo (RoleInfo.java:shutdownLeaderElection(134)) - 0c631657-10a5-4e2a-a322-8fc6c651b2ed: shutdown LeaderElection
2019-10-17 07:10:23,152 [0c631657-10a5-4e2a-a322-8fc6c651b2ed@group-42ACBF6EBE4E-LeaderElection15] INFO  impl.RoleInfo (RoleInfo.java:updateAndGet(143)) - 0c631657-10a5-4e2a-a322-8fc6c651b2ed: start FollowerState
2019-10-17 07:10:23,152 [a4e5d14e-95af-4d1f-b670-5b1c42084e26@group-A2172F2EE55F-LeaderElection17] INFO  impl.LeaderElection (LeaderElection.java:logAndReturn(56)) - a4e5d14e-95af-4d1f-b670-5b1c42084e26@group-A2172F2EE55F-LeaderElection17: Election REJECTED; received 2 response(s) [a4e5d14e-95af-4d1f-b670-5b1c42084e26<-d31fb603-bc45-4cd2-bfc5-2ee103695b2e#0:FAIL-t3, a4e5d14e-95af-4d1f-b670-5b1c42084e26<-715ace13-eaf8-4882-a949-ec1ca9c7a1c8#0:FAIL-t3] and 0 exception(s); a4e5d14e-95af-4d1f-b670-5b1c42084e26@group-A2172F2EE55F:t3, leader=null, voted=a4e5d14e-95af-4d1f-b670-5b1c42084e26, raftlog=a4e5d14e-95af-4d1f-b670-5b1c42084e26@group-A2172F2EE55F-SegmentedRaftLog:OPENED:c-1,f-1,i0, conf=-1: [d31fb603-bc45-4cd2-bfc5-2ee103695b2e:192.168.157.211:42529, 715ace13-eaf8-4882-a949-ec1ca9c7a1c8:192.168.157.211:44586, a4e5d14e-95af-4d1f-b670-5b1c42084e26:192.168.157.211:46333], old=null
2019-10-17 07:10:23,154 [a4e5d14e-95af-4d1f-b670-5b1c42084e26@group-A2172F2EE55F-LeaderElection17] INFO  impl.RaftServerImpl (RaftServerImpl.java:setRole(184)) - a4e5d14e-95af-4d1f-b670-5b1c42084e26@group-A2172F2EE55F: changes role from CANDIDATE to FOLLOWER at term 3 for DISCOVERED_A_NEW_TERM
2019-10-17 07:10:23,155 [a4e5d14e-95af-4d1f-b670-5b1c42084e26@group-A2172F2EE55F-LeaderElection17] INFO  impl.RoleInfo (RoleInfo.java:shutdownLeaderElection(134)) - a4e5d14e-95af-4d1f-b670-5b1c42084e26: shutdown LeaderElection
2019-10-17 07:10:23,155 [a4e5d14e-95af-4d1f-b670-5b1c42084e26@group-A2172F2EE55F-LeaderElection17] INFO  impl.RoleInfo (RoleInfo.java:updateAndGet(143)) - a4e5d14e-95af-4d1f-b670-5b1c42084e26: start FollowerState
2019-10-17 07:10:23,155 [RatisPipelineUtilsThread] INFO  pipeline.PipelineStateManager (PipelineStateManager.java:addPipeline(56)) - Created pipeline Pipeline[ Id: 6566e30d-cfe7-4597-a5a4-233c052d78d6, Nodes: 831edaa1-80a5-4091-843f-90c648a5a79d{ip: 192.168.157.211, host: pr-hdds-2286-nkqct-1837310268, networkLocation: /default-rack, certSerialId: null}67ae3572-7d88-4e50-b53b-0f48f6748b38{ip: 192.168.157.211, host: pr-hdds-2286-nkqct-1837310268, networkLocation: /default-rack, certSerialId: null}5c4ee31d-c5ed-4c65-a5df-da3e3cf53ac2{ip: 192.168.157.211, host: pr-hdds-2286-nkqct-1837310268, networkLocation: /default-rack, certSerialId: null}, Type:RATIS, Factor:THREE, State:OPEN]
2019-10-17 07:10:23,158 [d31fb603-bc45-4cd2-bfc5-2ee103695b2e@group-A2172F2EE55F-LeaderElection13] INFO  impl.LeaderElection (LeaderElection.java:logAndReturn(56)) - d31fb603-bc45-4cd2-bfc5-2ee103695b2e@group-A2172F2EE55F-LeaderElection13: Election PASSED; received 2 response(s) [d31fb603-bc45-4cd2-bfc5-2ee103695b2e<-715ace13-eaf8-4882-a949-ec1ca9c7a1c8#0:OK-t3, d31fb603-bc45-4cd2-bfc5-2ee103695b2e<-a4e5d14e-95af-4d1f-b670-5b1c42084e26#0:FAIL-t3] and 0 exception(s); d31fb603-bc45-4cd2-bfc5-2ee103695b2e@group-A2172F2EE55F:t3, leader=null, voted=d31fb603-bc45-4cd2-bfc5-2ee103695b2e, raftlog=d31fb603-bc45-4cd2-bfc5-2ee103695b2e@group-A2172F2EE55F-SegmentedRaftLog:OPENED:c-1,f-1,i0, conf=-1: [d31fb603-bc45-4cd2-bfc5-2ee103695b2e:192.168.157.211:42529, 715ace13-eaf8-4882-a949-ec1ca9c7a1c8:192.168.157.211:44586, a4e5d14e-95af-4d1f-b670-5b1c42084e26:192.168.157.211:46333], old=null
2019-10-17 07:10:23,159 [d31fb603-bc45-4cd2-bfc5-2ee103695b2e@group-A2172F2EE55F-LeaderElection13] INFO  impl.RoleInfo (RoleInfo.java:shutdownLeaderElection(134)) - d31fb603-bc45-4cd2-bfc5-2ee103695b2e: shutdown LeaderElection
2019-10-17 07:10:23,160 [d31fb603-bc45-4cd2-bfc5-2ee103695b2e@group-A2172F2EE55F-LeaderElection13] INFO  impl.RaftServerImpl (RaftServerImpl.java:setRole(184)) - d31fb603-bc45-4cd2-bfc5-2ee103695b2e@group-A2172F2EE55F: changes role from CANDIDATE to LEADER at term 3 for changeToLeader
2019-10-17 07:10:23,160 [d31fb603-bc45-4cd2-bfc5-2ee103695b2e@group-A2172F2EE55F-LeaderElection13] INFO  impl.RaftServerImpl (ServerState.java:setLeader(256)) - d31fb603-bc45-4cd2-bfc5-2ee103695b2e@group-A2172F2EE55F: change Leader from null to d31fb603-bc45-4cd2-bfc5-2ee103695b2e at term 3 for becomeLeader, leader elected after 691ms
2019-10-17 07:10:23,160 [d31fb603-bc45-4cd2-bfc5-2ee103695b2e@group-A2172F2EE55F-LeaderElection13] INFO  server.RaftServerConfigKeys (ConfUtils.java:logGet(43)) - raft.server.staging.catchup.gap = 1000 (default)
2019-10-17 07:10:23,160 [d31fb603-bc45-4cd2-bfc5-2ee103695b2e@group-A2172F2EE55F-LeaderElection13] INFO  server.RaftServerConfigKeys (ConfUtils.java:logGet(43)) - raft.server.rpc.sleep.time = 25ms (default)
2019-10-17 07:10:23,162 [d31fb603-bc45-4cd2-bfc5-2ee103695b2e@group-A2172F2EE55F-LeaderElection13] INFO  server.RaftServerConfigKeys (ConfUtils.java:logGet(43)) - raft.server.write.element-limit = 4096 (default)
2019-10-17 07:10:23,162 [d31fb603-bc45-4cd2-bfc5-2ee103695b2e@group-A2172F2EE55F-LeaderElection13] INFO  server.RaftServerConfigKeys (ConfUtils.java:logGet(43)) - raft.server.watch.timeout = 10s (default)
2019-10-17 07:10:23,162 [d31fb603-bc45-4cd2-bfc5-2ee103695b2e@group-A2172F2EE55F-LeaderElection13] INFO  server.RaftServerConfigKeys (ConfUtils.java:logGet(43)) - raft.server.watch.timeout.denomination = 1s (default)
2019-10-17 07:10:23,162 [d31fb603-bc45-4cd2-bfc5-2ee103695b2e@group-A2172F2EE55F-LeaderElection13] INFO  server.RaftServerConfigKeys (ConfUtils.java:logGet(43)) - raft.server.watch.element-limit = 65536 (default)
2019-10-17 07:10:23,164 [d31fb603-bc45-4cd2-bfc5-2ee103695b2e@group-A2172F2EE55F-LeaderElection13] INFO  server.RaftServerConfigKeys (ConfUtils.java:logGet(43)) - raft.server.log.appender.snapshot.chunk.size.max = 16MB (=16777216) (default)
2019-10-17 07:10:23,164 [d31fb603-bc45-4cd2-bfc5-2ee103695b2e@group-A2172F2EE55F-LeaderElection13] INFO  server.RaftServerConfigKeys (ConfUtils.java:logGet(43)) - raft.server.log.appender.buffer.byte-limit = 33554432 (custom)
2019-10-17 07:10:23,164 [d31fb603-bc45-4cd2-bfc5-2ee103695b2e@group-A2172F2EE55F-LeaderElection13] INFO  server.RaftServerConfigKeys (ConfUtils.java:logGet(43)) - raft.server.log.appender.buffer.element-limit = 1 (custom)
2019-10-17 07:10:23,164 [d31fb603-bc45-4cd2-bfc5-2ee103695b2e@group-A2172F2EE55F-LeaderElection13] INFO  grpc.GrpcConfigKeys$Server (ConfUtils.java:logGet(43)) - raft.grpc.server.leader.outstanding.appends.max = 128 (default)
2019-10-17 07:10:23,166 [d31fb603-bc45-4cd2-bfc5-2ee103695b2e@group-A2172F2EE55F-LeaderElection13] INFO  server.RaftServerConfigKeys (ConfUtils.java:logGet(43)) - raft.server.rpc.request.timeout = 3000ms (default)
2019-10-17 07:10:23,166 [d31fb603-bc45-4cd2-bfc5-2ee103695b2e@group-A2172F2EE55F-LeaderElection13] INFO  server.RaftServerConfigKeys (ConfUtils.java:logGet(43)) - raft.server.log.appender.install.snapshot.enabled = false (custom)
2019-10-17 07:10:23,167 [d31fb603-bc45-4cd2-bfc5-2ee103695b2e@group-A2172F2EE55F-LeaderElection13] INFO  server.RaftServerConfigKeys (ConfUtils.java:logGet(43)) - raft.server.log.appender.snapshot.chunk.size.max = 16MB (=16777216) (default)
2019-10-17 07:10:23,167 [d31fb603-bc45-4cd2-bfc5-2ee103695b2e@group-A2172F2EE55F-LeaderElection13] INFO  server.RaftServerConfigKeys (ConfUtils.java:logGet(43)) - raft.server.log.appender.buffer.byte-limit = 33554432 (custom)
2019-10-17 07:10:23,167 [d31fb603-bc45-4cd2-bfc5-2ee103695b2e@group-A2172F2EE55F-LeaderElection13] INFO  server.RaftServerConfigKeys (ConfUtils.java:logGet(43)) - raft.server.log.appender.buffer.element-limit = 1 (custom)
2019-10-17 07:10:23,168 [d31fb603-bc45-4cd2-bfc5-2ee103695b2e@group-A2172F2EE55F-LeaderElection13] INFO  grpc.GrpcConfigKeys$Server (ConfUtils.java:logGet(43)) - raft.grpc.server.leader.outstanding.appends.max = 128 (default)
2019-10-17 07:10:23,168 [d31fb603-bc45-4cd2-bfc5-2ee103695b2e@group-A2172F2EE55F-LeaderElection13] INFO  server.RaftServerConfigKeys (ConfUtils.java:logGet(43)) - raft.server.rpc.request.timeout = 3000ms (default)
2019-10-17 07:10:23,168 [d31fb603-bc45-4cd2-bfc5-2ee103695b2e@group-A2172F2EE55F-LeaderElection13] INFO  server.RaftServerConfigKeys (ConfUtils.java:logGet(43)) - raft.server.log.appender.install.snapshot.enabled = false (custom)
2019-10-17 07:10:23,169 [d31fb603-bc45-4cd2-bfc5-2ee103695b2e@group-A2172F2EE55F-LeaderElection13] INFO  impl.RoleInfo (RoleInfo.java:updateAndGet(143)) - d31fb603-bc45-4cd2-bfc5-2ee103695b2e: start LeaderState
2019-10-17 07:10:23,170 [d31fb603-bc45-4cd2-bfc5-2ee103695b2e@group-A2172F2EE55F-LeaderElection13] INFO  segmented.SegmentedRaftLogWorker (SegmentedRaftLogWorker.java:startLogSegment(385)) - d31fb603-bc45-4cd2-bfc5-2ee103695b2e@group-A2172F2EE55F-SegmentedRaftLogWorker: Starting segment from index:0
2019-10-17 07:10:23,170 [d31fb603-bc45-4cd2-bfc5-2ee103695b2e@group-A2172F2EE55F-LeaderElection13] INFO  impl.RaftServerImpl (ServerState.java:setRaftConf(357)) - d31fb603-bc45-4cd2-bfc5-2ee103695b2e@group-A2172F2EE55F: set configuration 0: [d31fb603-bc45-4cd2-bfc5-2ee103695b2e:192.168.157.211:42529, 715ace13-eaf8-4882-a949-ec1ca9c7a1c8:192.168.157.211:44586, a4e5d14e-95af-4d1f-b670-5b1c42084e26:192.168.157.211:46333], old=null at 0
2019-10-17 07:10:23,203 [Thread-415] INFO  impl.FollowerState (FollowerState.java:run(108)) - 0c631657-10a5-4e2a-a322-8fc6c651b2ed@group-42ACBF6EBE4E-FollowerState: change to CANDIDATE, lastRpcTime:51ms, electionTimeout:48ms
2019-10-17 07:10:23,205 [Thread-415] INFO  impl.RoleInfo (RoleInfo.java:shutdownFollowerState(121)) - 0c631657-10a5-4e2a-a322-8fc6c651b2ed: shutdown FollowerState
2019-10-17 07:10:23,205 [Thread-415] INFO  impl.RaftServerImpl (RaftServerImpl.java:setRole(184)) - 0c631657-10a5-4e2a-a322-8fc6c651b2ed@group-42ACBF6EBE4E: changes role from  FOLLOWER to CANDIDATE at term 5 for changeToCandidate
2019-10-17 07:10:23,205 [Thread-415] INFO  impl.RoleInfo (RoleInfo.java:updateAndGet(143)) - 0c631657-10a5-4e2a-a322-8fc6c651b2ed: start LeaderElection
2019-10-17 07:10:23,219 [d31fb603-bc45-4cd2-bfc5-2ee103695b2e@group-A2172F2EE55F-SegmentedRaftLogWorker] INFO  segmented.SegmentedRaftLogWorker (SegmentedRaftLogWorker.java:execute(576)) - d31fb603-bc45-4cd2-bfc5-2ee103695b2e@group-A2172F2EE55F-SegmentedRaftLogWorker: created new log segment /workdir/hadoop-ozone/integration-test/target/test-dir/MiniOzoneClusterImpl-ef926406-3935-4524-95f5-43adee877df5/datanode-1/data/ratis/d4cc5d64-8e05-478c-a8bd-a2172f2ee55f/current/log_inprogress_0
2019-10-17 07:10:23,219 [0c631657-10a5-4e2a-a322-8fc6c651b2ed@group-42ACBF6EBE4E-LeaderElection18] INFO  impl.LeaderElection (LeaderElection.java:askForVotes(178)) - 0c631657-10a5-4e2a-a322-8fc6c651b2ed@group-42ACBF6EBE4E-LeaderElection18: begin an election at term 6 for -1: [215fceca-0555-458b-bc4f-ba38ff24d5ba:192.168.157.211:43803, decc5551-dd4b-40dc-8ff5-b6b450d67f6f:192.168.157.211:34435, 0c631657-10a5-4e2a-a322-8fc6c651b2ed:192.168.157.211:41694], old=null
2019-10-17 07:10:23,219 [grpc-default-executor-3] INFO  impl.RaftServerImpl (ServerState.java:setLeader(256)) - a4e5d14e-95af-4d1f-b670-5b1c42084e26@group-A2172F2EE55F: change Leader from null to d31fb603-bc45-4cd2-bfc5-2ee103695b2e at term 3 for appendEntries, leader elected after 750ms
2019-10-17 07:10:23,219 [grpc-default-executor-5] INFO  impl.RaftServerImpl (ServerState.java:setLeader(256)) - 715ace13-eaf8-4882-a949-ec1ca9c7a1c8@group-A2172F2EE55F: change Leader from null to d31fb603-bc45-4cd2-bfc5-2ee103695b2e at term 3 for appendEntries, leader elected after 750ms
2019-10-17 07:10:23,228 [Thread-404] INFO  impl.FollowerState (FollowerState.java:run(108)) - 67ae3572-7d88-4e50-b53b-0f48f6748b38@group-233C052D78D6-FollowerState: change to CANDIDATE, lastRpcTime:101ms, electionTimeout:100ms
2019-10-17 07:10:23,230 [Thread-404] INFO  impl.RoleInfo (RoleInfo.java:shutdownFollowerState(121)) - 67ae3572-7d88-4e50-b53b-0f48f6748b38: shutdown FollowerState
2019-10-17 07:10:23,230 [Thread-404] INFO  impl.RaftServerImpl (RaftServerImpl.java:setRole(184)) - 67ae3572-7d88-4e50-b53b-0f48f6748b38@group-233C052D78D6: changes role from  FOLLOWER to CANDIDATE at term 0 for changeToCandidate
2019-10-17 07:10:23,230 [Thread-404] INFO  impl.RoleInfo (RoleInfo.java:updateAndGet(143)) - 67ae3572-7d88-4e50-b53b-0f48f6748b38: start LeaderElection
2019-10-17 07:10:23,230 [grpc-default-executor-1] INFO  impl.RaftServerImpl (RaftServerImpl.java:setRole(184)) - 215fceca-0555-458b-bc4f-ba38ff24d5ba@group-42ACBF6EBE4E: changes role from  FOLLOWER to FOLLOWER at term 6 for recognizeCandidate:0c631657-10a5-4e2a-a322-8fc6c651b2ed
2019-10-17 07:10:23,232 [grpc-default-executor-1] INFO  impl.RoleInfo (RoleInfo.java:shutdownFollowerState(121)) - 215fceca-0555-458b-bc4f-ba38ff24d5ba: shutdown FollowerState
2019-10-17 07:10:23,235 [grpc-default-executor-6] INFO  impl.RaftServerImpl (RaftServerImpl.java:setRole(184)) - decc5551-dd4b-40dc-8ff5-b6b450d67f6f@group-42ACBF6EBE4E: changes role from  FOLLOWER to FOLLOWER at term 6 for recognizeCandidate:0c631657-10a5-4e2a-a322-8fc6c651b2ed
2019-10-17 07:10:23,236 [Thread-413] INFO  impl.FollowerState (FollowerState.java:run(117)) - 215fceca-0555-458b-bc4f-ba38ff24d5ba@group-42ACBF6EBE4E-FollowerState was interrupted: java.lang.InterruptedException: sleep interrupted
2019-10-17 07:10:23,236 [grpc-default-executor-6] INFO  impl.RoleInfo (RoleInfo.java:shutdownFollowerState(121)) - decc5551-dd4b-40dc-8ff5-b6b450d67f6f: shutdown FollowerState
2019-10-17 07:10:23,236 [Thread-394] INFO  impl.FollowerState (FollowerState.java:run(108)) - 831edaa1-80a5-4091-843f-90c648a5a79d@group-233C052D78D6-FollowerState: change to CANDIDATE, lastRpcTime:135ms, electionTimeout:119ms
2019-10-17 07:10:23,236 [grpc-default-executor-1] INFO  impl.RoleInfo (RoleInfo.java:updateAndGet(143)) - 215fceca-0555-458b-bc4f-ba38ff24d5ba: start FollowerState
2019-10-17 07:10:23,238 [Thread-394] INFO  impl.RoleInfo (RoleInfo.java:shutdownFollowerState(121)) - 831edaa1-80a5-4091-843f-90c648a5a79d: shutdown FollowerState
2019-10-17 07:10:23,238 [grpc-default-executor-6] INFO  impl.RoleInfo (RoleInfo.java:updateAndGet(143)) - decc5551-dd4b-40dc-8ff5-b6b450d67f6f: start FollowerState
2019-10-17 07:10:23,238 [Thread-414] INFO  impl.FollowerState (FollowerState.java:run(117)) - decc5551-dd4b-40dc-8ff5-b6b450d67f6f@group-42ACBF6EBE4E-FollowerState was interrupted: java.lang.InterruptedException: sleep interrupted
2019-10-17 07:10:23,238 [Thread-394] INFO  impl.RaftServerImpl (RaftServerImpl.java:setRole(184)) - 831edaa1-80a5-4091-843f-90c648a5a79d@group-233C052D78D6: changes role from  FOLLOWER to CANDIDATE at term 0 for changeToCandidate
2019-10-17 07:10:23,240 [Thread-394] INFO  impl.RoleInfo (RoleInfo.java:updateAndGet(143)) - 831edaa1-80a5-4091-843f-90c648a5a79d: start LeaderElection
2019-10-17 07:10:23,257 [831edaa1-80a5-4091-843f-90c648a5a79d@group-233C052D78D6-LeaderElection20] INFO  impl.LeaderElection (LeaderElection.java:askForVotes(178)) - 831edaa1-80a5-4091-843f-90c648a5a79d@group-233C052D78D6-LeaderElection20: begin an election at term 1 for -1: [67ae3572-7d88-4e50-b53b-0f48f6748b38:192.168.157.211:41299, 831edaa1-80a5-4091-843f-90c648a5a79d:192.168.157.211:44365, 5c4ee31d-c5ed-4c65-a5df-da3e3cf53ac2:192.168.157.211:45059], old=null
2019-10-17 07:10:23,257 [67ae3572-7d88-4e50-b53b-0f48f6748b38@group-233C052D78D6-LeaderElection19] INFO  impl.LeaderElection (LeaderElection.java:askForVotes(178)) - 67ae3572-7d88-4e50-b53b-0f48f6748b38@group-233C052D78D6-LeaderElection19: begin an election at term 1 for -1: [67ae3572-7d88-4e50-b53b-0f48f6748b38:192.168.157.211:41299, 831edaa1-80a5-4091-843f-90c648a5a79d:192.168.157.211:44365, 5c4ee31d-c5ed-4c65-a5df-da3e3cf53ac2:192.168.157.211:45059], old=null
2019-10-17 07:10:23,275 [0c631657-10a5-4e2a-a322-8fc6c651b2ed@group-42ACBF6EBE4E-LeaderElection18] INFO  impl.LeaderElection (LeaderElection.java:logAndReturn(56)) - 0c631657-10a5-4e2a-a322-8fc6c651b2ed@group-42ACBF6EBE4E-LeaderElection18: Election PASSED; received 2 response(s) [0c631657-10a5-4e2a-a322-8fc6c651b2ed<-215fceca-0555-458b-bc4f-ba38ff24d5ba#0:FAIL-t6, 0c631657-10a5-4e2a-a322-8fc6c651b2ed<-decc5551-dd4b-40dc-8ff5-b6b450d67f6f#0:OK-t6] and 0 exception(s); 0c631657-10a5-4e2a-a322-8fc6c651b2ed@group-42ACBF6EBE4E:t6, leader=null, voted=0c631657-10a5-4e2a-a322-8fc6c651b2ed, raftlog=0c631657-10a5-4e2a-a322-8fc6c651b2ed@group-42ACBF6EBE4E-SegmentedRaftLog:OPENED:c-1,f-1,i0, conf=-1: [215fceca-0555-458b-bc4f-ba38ff24d5ba:192.168.157.211:43803, decc5551-dd4b-40dc-8ff5-b6b450d67f6f:192.168.157.211:34435, 0c631657-10a5-4e2a-a322-8fc6c651b2ed:192.168.157.211:41694], old=null
2019-10-17 07:10:23,275 [grpc-default-executor-6] INFO  impl.RaftServerImpl (ServerState.java:setRaftConf(357)) - a4e5d14e-95af-4d1f-b670-5b1c42084e26@group-A2172F2EE55F: set configuration 0: [d31fb603-bc45-4cd2-bfc5-2ee103695b2e:192.168.157.211:42529, 715ace13-eaf8-4882-a949-ec1ca9c7a1c8:192.168.157.211:44586, a4e5d14e-95af-4d1f-b670-5b1c42084e26:192.168.157.211:46333], old=null at 0
2019-10-17 07:10:23,275 [grpc-default-executor-1] INFO  impl.RaftServerImpl (ServerState.java:setRaftConf(357)) - 715ace13-eaf8-4882-a949-ec1ca9c7a1c8@group-A2172F2EE55F: set configuration 0: [d31fb603-bc45-4cd2-bfc5-2ee103695b2e:192.168.157.211:42529, 715ace13-eaf8-4882-a949-ec1ca9c7a1c8:192.168.157.211:44586, a4e5d14e-95af-4d1f-b670-5b1c42084e26:192.168.157.211:46333], old=null at 0
2019-10-17 07:10:23,278 [grpc-default-executor-6] INFO  segmented.SegmentedRaftLogWorker (SegmentedRaftLogWorker.java:startLogSegment(385)) - a4e5d14e-95af-4d1f-b670-5b1c42084e26@group-A2172F2EE55F-SegmentedRaftLogWorker: Starting segment from index:0
2019-10-17 07:10:23,275 [0c631657-10a5-4e2a-a322-8fc6c651b2ed@group-42ACBF6EBE4E-LeaderElection18] INFO  impl.RoleInfo (RoleInfo.java:shutdownLeaderElection(134)) - 0c631657-10a5-4e2a-a322-8fc6c651b2ed: shutdown LeaderElection
2019-10-17 07:10:23,278 [grpc-default-executor-1] INFO  segmented.SegmentedRaftLogWorker (SegmentedRaftLogWorker.java:startLogSegment(385)) - 715ace13-eaf8-4882-a949-ec1ca9c7a1c8@group-A2172F2EE55F-SegmentedRaftLogWorker: Starting segment from index:0
2019-10-17 07:10:23,279 [0c631657-10a5-4e2a-a322-8fc6c651b2ed@group-42ACBF6EBE4E-LeaderElection18] INFO  impl.RaftServerImpl (RaftServerImpl.java:setRole(184)) - 0c631657-10a5-4e2a-a322-8fc6c651b2ed@group-42ACBF6EBE4E: changes role from CANDIDATE to LEADER at term 6 for changeToLeader
2019-10-17 07:10:23,279 [0c631657-10a5-4e2a-a322-8fc6c651b2ed@group-42ACBF6EBE4E-LeaderElection18] INFO  impl.RaftServerImpl (ServerState.java:setLeader(256)) - 0c631657-10a5-4e2a-a322-8fc6c651b2ed@group-42ACBF6EBE4E: change Leader from null to 0c631657-10a5-4e2a-a322-8fc6c651b2ed at term 6 for becomeLeader, leader elected after 975ms
2019-10-17 07:10:23,279 [0c631657-10a5-4e2a-a322-8fc6c651b2ed@group-42ACBF6EBE4E-LeaderElection18] INFO  server.RaftServerConfigKeys (ConfUtils.java:logGet(43)) - raft.server.staging.catchup.gap = 1000 (default)
2019-10-17 07:10:23,279 [0c631657-10a5-4e2a-a322-8fc6c651b2ed@group-42ACBF6EBE4E-LeaderElection18] INFO  server.RaftServerConfigKeys (ConfUtils.java:logGet(43)) - raft.server.rpc.sleep.time = 25ms (default)
2019-10-17 07:10:23,280 [0c631657-10a5-4e2a-a322-8fc6c651b2ed@group-42ACBF6EBE4E-LeaderElection18] INFO  server.RaftServerConfigKeys (ConfUtils.java:logGet(43)) - raft.server.write.element-limit = 4096 (default)
2019-10-17 07:10:23,280 [0c631657-10a5-4e2a-a322-8fc6c651b2ed@group-42ACBF6EBE4E-LeaderElection18] INFO  server.RaftServerConfigKeys (ConfUtils.java:logGet(43)) - raft.server.watch.timeout = 10s (default)
2019-10-17 07:10:23,280 [0c631657-10a5-4e2a-a322-8fc6c651b2ed@group-42ACBF6EBE4E-LeaderElection18] INFO  server.RaftServerConfigKeys (ConfUtils.java:logGet(43)) - raft.server.watch.timeout.denomination = 1s (default)
2019-10-17 07:10:23,280 [0c631657-10a5-4e2a-a322-8fc6c651b2ed@group-42ACBF6EBE4E-LeaderElection18] INFO  server.RaftServerConfigKeys (ConfUtils.java:logGet(43)) - raft.server.watch.element-limit = 65536 (default)
2019-10-17 07:10:23,306 [Thread-429] INFO  impl.FollowerState (FollowerState.java:run(108)) - decc5551-dd4b-40dc-8ff5-b6b450d67f6f@group-42ACBF6EBE4E-FollowerState: change to CANDIDATE, lastRpcTime:68ms, electionTimeout:57ms
2019-10-17 07:10:23,306 [grpc-default-executor-6] INFO  impl.RaftServerImpl (RaftServerImpl.java:setRole(184)) - 5c4ee31d-c5ed-4c65-a5df-da3e3cf53ac2@group-233C052D78D6: changes role from  FOLLOWER to FOLLOWER at term 1 for recognizeCandidate:67ae3572-7d88-4e50-b53b-0f48f6748b38
2019-10-17 07:10:23,306 [Thread-429] INFO  impl.RoleInfo (RoleInfo.java:shutdownFollowerState(121)) - decc5551-dd4b-40dc-8ff5-b6b450d67f6f: shutdown FollowerState
2019-10-17 07:10:23,307 [grpc-default-executor-6] INFO  impl.RoleInfo (RoleInfo.java:shutdownFollowerState(121)) - 5c4ee31d-c5ed-4c65-a5df-da3e3cf53ac2: shutdown FollowerState
2019-10-17 07:10:23,307 [Thread-429] INFO  impl.RaftServerImpl (RaftServerImpl.java:setRole(184)) - decc5551-dd4b-40dc-8ff5-b6b450d67f6f@group-42ACBF6EBE4E: changes role from  FOLLOWER to CANDIDATE at term 6 for changeToCandidate
2019-10-17 07:10:23,307 [Thread-410] INFO  impl.FollowerState (FollowerState.java:run(117)) - 5c4ee31d-c5ed-4c65-a5df-da3e3cf53ac2@group-233C052D78D6-FollowerState was interrupted: java.lang.InterruptedException: sleep interrupted
2019-10-17 07:10:23,307 [grpc-default-executor-6] INFO  impl.RoleInfo (RoleInfo.java:updateAndGet(143)) - 5c4ee31d-c5ed-4c65-a5df-da3e3cf53ac2: start FollowerState
2019-10-17 07:10:23,307 [Thread-429] INFO  impl.RoleInfo (RoleInfo.java:updateAndGet(143)) - decc5551-dd4b-40dc-8ff5-b6b450d67f6f: start LeaderElection
2019-10-17 07:10:23,311 [main] INFO  rpc.RpcClient (RpcClient.java:createVolume(272)) - Creating Volume: datanodefailurehandlingtest, with jenkins1000 as owner.
2019-10-17 07:10:23,316 [0c631657-10a5-4e2a-a322-8fc6c651b2ed@group-42ACBF6EBE4E-LeaderElection18] INFO  server.RaftServerConfigKeys (ConfUtils.java:logGet(43)) - raft.server.log.appender.snapshot.chunk.size.max = 16MB (=16777216) (default)
2019-10-17 07:10:23,316 [0c631657-10a5-4e2a-a322-8fc6c651b2ed@group-42ACBF6EBE4E-LeaderElection18] INFO  server.RaftServerConfigKeys (ConfUtils.java:logGet(43)) - raft.server.log.appender.buffer.byte-limit = 33554432 (custom)
2019-10-17 07:10:23,316 [0c631657-10a5-4e2a-a322-8fc6c651b2ed@group-42ACBF6EBE4E-LeaderElection18] INFO  server.RaftServerConfigKeys (ConfUtils.java:logGet(43)) - raft.server.log.appender.buffer.element-limit = 1 (custom)
2019-10-17 07:10:23,317 [0c631657-10a5-4e2a-a322-8fc6c651b2ed@group-42ACBF6EBE4E-LeaderElection18] INFO  grpc.GrpcConfigKeys$Server (ConfUtils.java:logGet(43)) - raft.grpc.server.leader.outstanding.appends.max = 128 (default)
2019-10-17 07:10:23,317 [0c631657-10a5-4e2a-a322-8fc6c651b2ed@group-42ACBF6EBE4E-LeaderElection18] INFO  server.RaftServerConfigKeys (ConfUtils.java:logGet(43)) - raft.server.rpc.request.timeout = 3000ms (default)
2019-10-17 07:10:23,317 [0c631657-10a5-4e2a-a322-8fc6c651b2ed@group-42ACBF6EBE4E-LeaderElection18] INFO  server.RaftServerConfigKeys (ConfUtils.java:logGet(43)) - raft.server.log.appender.install.snapshot.enabled = false (custom)
2019-10-17 07:10:23,322 [0c631657-10a5-4e2a-a322-8fc6c651b2ed@group-42ACBF6EBE4E-LeaderElection18] INFO  server.RaftServerConfigKeys (ConfUtils.java:logGet(43)) - raft.server.log.appender.snapshot.chunk.size.max = 16MB (=16777216) (default)
2019-10-17 07:10:23,322 [0c631657-10a5-4e2a-a322-8fc6c651b2ed@group-42ACBF6EBE4E-LeaderElection18] INFO  server.RaftServerConfigKeys (ConfUtils.java:logGet(43)) - raft.server.log.appender.buffer.byte-limit = 33554432 (custom)
2019-10-17 07:10:23,323 [0c631657-10a5-4e2a-a322-8fc6c651b2ed@group-42ACBF6EBE4E-LeaderElection18] INFO  server.RaftServerConfigKeys (ConfUtils.java:logGet(43)) - raft.server.log.appender.buffer.element-limit = 1 (custom)
2019-10-17 07:10:23,323 [0c631657-10a5-4e2a-a322-8fc6c651b2ed@group-42ACBF6EBE4E-LeaderElection18] INFO  grpc.GrpcConfigKeys$Server (ConfUtils.java:logGet(43)) - raft.grpc.server.leader.outstanding.appends.max = 128 (default)
2019-10-17 07:10:23,323 [0c631657-10a5-4e2a-a322-8fc6c651b2ed@group-42ACBF6EBE4E-LeaderElection18] INFO  server.RaftServerConfigKeys (ConfUtils.java:logGet(43)) - raft.server.rpc.request.timeout = 3000ms (default)
2019-10-17 07:10:23,323 [0c631657-10a5-4e2a-a322-8fc6c651b2ed@group-42ACBF6EBE4E-LeaderElection18] INFO  server.RaftServerConfigKeys (ConfUtils.java:logGet(43)) - raft.server.log.appender.install.snapshot.enabled = false (custom)
2019-10-17 07:10:23,326 [0c631657-10a5-4e2a-a322-8fc6c651b2ed@group-42ACBF6EBE4E-LeaderElection18] INFO  impl.RoleInfo (RoleInfo.java:updateAndGet(143)) - 0c631657-10a5-4e2a-a322-8fc6c651b2ed: start LeaderState
2019-10-17 07:10:23,326 [0c631657-10a5-4e2a-a322-8fc6c651b2ed@group-42ACBF6EBE4E-LeaderElection18] INFO  segmented.SegmentedRaftLogWorker (SegmentedRaftLogWorker.java:startLogSegment(385)) - 0c631657-10a5-4e2a-a322-8fc6c651b2ed@group-42ACBF6EBE4E-SegmentedRaftLogWorker: Starting segment from index:0
2019-10-17 07:10:23,327 [0c631657-10a5-4e2a-a322-8fc6c651b2ed@group-42ACBF6EBE4E-LeaderElection18] INFO  impl.RaftServerImpl (ServerState.java:setRaftConf(357)) - 0c631657-10a5-4e2a-a322-8fc6c651b2ed@group-42ACBF6EBE4E: set configuration 0: [215fceca-0555-458b-bc4f-ba38ff24d5ba:192.168.157.211:43803, decc5551-dd4b-40dc-8ff5-b6b450d67f6f:192.168.157.211:34435, 0c631657-10a5-4e2a-a322-8fc6c651b2ed:192.168.157.211:41694], old=null at 0
2019-10-17 07:10:23,331 [715ace13-eaf8-4882-a949-ec1ca9c7a1c8@group-A2172F2EE55F-SegmentedRaftLogWorker] INFO  segmented.SegmentedRaftLogWorker (SegmentedRaftLogWorker.java:execute(576)) - 715ace13-eaf8-4882-a949-ec1ca9c7a1c8@group-A2172F2EE55F-SegmentedRaftLogWorker: created new log segment /workdir/hadoop-ozone/integration-test/target/test-dir/MiniOzoneClusterImpl-ef926406-3935-4524-95f5-43adee877df5/datanode-9/data/ratis/d4cc5d64-8e05-478c-a8bd-a2172f2ee55f/current/log_inprogress_0
2019-10-17 07:10:23,331 [a4e5d14e-95af-4d1f-b670-5b1c42084e26@group-A2172F2EE55F-SegmentedRaftLogWorker] INFO  segmented.SegmentedRaftLogWorker (SegmentedRaftLogWorker.java:execute(576)) - a4e5d14e-95af-4d1f-b670-5b1c42084e26@group-A2172F2EE55F-SegmentedRaftLogWorker: created new log segment /workdir/hadoop-ozone/integration-test/target/test-dir/MiniOzoneClusterImpl-ef926406-3935-4524-95f5-43adee877df5/datanode-5/data/ratis/d4cc5d64-8e05-478c-a8bd-a2172f2ee55f/current/log_inprogress_0
2019-10-17 07:10:23,332 [decc5551-dd4b-40dc-8ff5-b6b450d67f6f@group-42ACBF6EBE4E-LeaderElection21] INFO  impl.LeaderElection (LeaderElection.java:askForVotes(178)) - decc5551-dd4b-40dc-8ff5-b6b450d67f6f@group-42ACBF6EBE4E-LeaderElection21: begin an election at term 7 for -1: [215fceca-0555-458b-bc4f-ba38ff24d5ba:192.168.157.211:43803, decc5551-dd4b-40dc-8ff5-b6b450d67f6f:192.168.157.211:34435, 0c631657-10a5-4e2a-a322-8fc6c651b2ed:192.168.157.211:41694], old=null
2019-10-17 07:10:23,354 [831edaa1-80a5-4091-843f-90c648a5a79d@group-233C052D78D6-LeaderElection20] INFO  impl.LeaderElection (LeaderElection.java:logAndReturn(56)) - 831edaa1-80a5-4091-843f-90c648a5a79d@group-233C052D78D6-LeaderElection20: Election TIMEOUT; received 1 response(s) [831edaa1-80a5-4091-843f-90c648a5a79d<-67ae3572-7d88-4e50-b53b-0f48f6748b38#0:FAIL-t1] and 0 exception(s); 831edaa1-80a5-4091-843f-90c648a5a79d@group-233C052D78D6:t1, leader=null, voted=831edaa1-80a5-4091-843f-90c648a5a79d, raftlog=831edaa1-80a5-4091-843f-90c648a5a79d@group-233C052D78D6-SegmentedRaftLog:OPENED:c-1,f-1,i0, conf=-1: [67ae3572-7d88-4e50-b53b-0f48f6748b38:192.168.157.211:41299, 831edaa1-80a5-4091-843f-90c648a5a79d:192.168.157.211:44365, 5c4ee31d-c5ed-4c65-a5df-da3e3cf53ac2:192.168.157.211:45059], old=null
2019-10-17 07:10:23,354 [decc5551-dd4b-40dc-8ff5-b6b450d67f6f@group-42ACBF6EBE4E-LeaderElection21] INFO  impl.LeaderElection (LeaderElection.java:logAndReturn(56)) - decc5551-dd4b-40dc-8ff5-b6b450d67f6f@group-42ACBF6EBE4E-LeaderElection21: Election TIMEOUT; received 0 response(s) [] and 0 exception(s); decc5551-dd4b-40dc-8ff5-b6b450d67f6f@group-42ACBF6EBE4E:t7, leader=null, voted=decc5551-dd4b-40dc-8ff5-b6b450d67f6f, raftlog=decc5551-dd4b-40dc-8ff5-b6b450d67f6f@group-42ACBF6EBE4E-SegmentedRaftLog:OPENED:c-1,f-1,i0, conf=-1: [215fceca-0555-458b-bc4f-ba38ff24d5ba:192.168.157.211:43803, decc5551-dd4b-40dc-8ff5-b6b450d67f6f:192.168.157.211:34435, 0c631657-10a5-4e2a-a322-8fc6c651b2ed:192.168.157.211:41694], old=null
2019-10-17 07:10:23,359 [grpc-default-executor-6] INFO  impl.RaftServerImpl (RaftServerImpl.java:setRole(184)) - 215fceca-0555-458b-bc4f-ba38ff24d5ba@group-42ACBF6EBE4E: changes role from  FOLLOWER to FOLLOWER at term 7 for recognizeCandidate:decc5551-dd4b-40dc-8ff5-b6b450d67f6f
2019-10-17 07:10:23,372 [831edaa1-80a5-4091-843f-90c648a5a79d@group-233C052D78D6-LeaderElection20] INFO  impl.LeaderElection (LeaderElection.java:askForVotes(178)) - 831edaa1-80a5-4091-843f-90c648a5a79d@group-233C052D78D6-LeaderElection20: begin an election at term 2 for -1: [67ae3572-7d88-4e50-b53b-0f48f6748b38:192.168.157.211:41299, 831edaa1-80a5-4091-843f-90c648a5a79d:192.168.157.211:44365, 5c4ee31d-c5ed-4c65-a5df-da3e3cf53ac2:192.168.157.211:45059], old=null
2019-10-17 07:10:23,376 [67ae3572-7d88-4e50-b53b-0f48f6748b38@group-233C052D78D6-LeaderElection19] INFO  impl.LeaderElection (LeaderElection.java:logAndReturn(56)) - 67ae3572-7d88-4e50-b53b-0f48f6748b38@group-233C052D78D6-LeaderElection19: Election PASSED; received 2 response(s) [67ae3572-7d88-4e50-b53b-0f48f6748b38<-831edaa1-80a5-4091-843f-90c648a5a79d#0:FAIL-t1, 67ae3572-7d88-4e50-b53b-0f48f6748b38<-5c4ee31d-c5ed-4c65-a5df-da3e3cf53ac2#0:OK-t1] and 0 exception(s); 67ae3572-7d88-4e50-b53b-0f48f6748b38@group-233C052D78D6:t1, leader=null, voted=67ae3572-7d88-4e50-b53b-0f48f6748b38, raftlog=67ae3572-7d88-4e50-b53b-0f48f6748b38@group-233C052D78D6-SegmentedRaftLog:OPENED:c-1,f-1,i0, conf=-1: [67ae3572-7d88-4e50-b53b-0f48f6748b38:192.168.157.211:41299, 831edaa1-80a5-4091-843f-90c648a5a79d:192.168.157.211:44365, 5c4ee31d-c5ed-4c65-a5df-da3e3cf53ac2:192.168.157.211:45059], old=null
2019-10-17 07:10:23,360 [0c631657-10a5-4e2a-a322-8fc6c651b2ed@group-42ACBF6EBE4E-SegmentedRaftLogWorker] INFO  segmented.SegmentedRaftLogWorker (SegmentedRaftLogWorker.java:execute(576)) - 0c631657-10a5-4e2a-a322-8fc6c651b2ed@group-42ACBF6EBE4E-SegmentedRaftLogWorker: created new log segment /workdir/hadoop-ozone/integration-test/target/test-dir/MiniOzoneClusterImpl-ef926406-3935-4524-95f5-43adee877df5/datanode-8/data/ratis/981c1696-4e37-4fa3-b565-42acbf6ebe4e/current/log_inprogress_0
2019-10-17 07:10:23,378 [67ae3572-7d88-4e50-b53b-0f48f6748b38@group-233C052D78D6-LeaderElection19] INFO  impl.RoleInfo (RoleInfo.java:shutdownLeaderElection(134)) - 67ae3572-7d88-4e50-b53b-0f48f6748b38: shutdown LeaderElection
2019-10-17 07:10:23,376 [grpc-default-executor-6] INFO  impl.RoleInfo (RoleInfo.java:shutdownFollowerState(121)) - 215fceca-0555-458b-bc4f-ba38ff24d5ba: shutdown FollowerState
2019-10-17 07:10:23,390 [67ae3572-7d88-4e50-b53b-0f48f6748b38@group-233C052D78D6-LeaderElection19] INFO  impl.RaftServerImpl (RaftServerImpl.java:setRole(184)) - 67ae3572-7d88-4e50-b53b-0f48f6748b38@group-233C052D78D6: changes role from CANDIDATE to LEADER at term 1 for changeToLeader
2019-10-17 07:10:23,390 [grpc-default-executor-6] INFO  impl.RoleInfo (RoleInfo.java:updateAndGet(143)) - 215fceca-0555-458b-bc4f-ba38ff24d5ba: start FollowerState
2019-10-17 07:10:23,390 [Thread-428] INFO  impl.FollowerState (FollowerState.java:run(117)) - 215fceca-0555-458b-bc4f-ba38ff24d5ba@group-42ACBF6EBE4E-FollowerState was interrupted: java.lang.InterruptedException: sleep interrupted
2019-10-17 07:10:23,390 [67ae3572-7d88-4e50-b53b-0f48f6748b38@group-233C052D78D6-LeaderElection19] INFO  impl.RaftServerImpl (ServerState.java:setLeader(256)) - 67ae3572-7d88-4e50-b53b-0f48f6748b38@group-233C052D78D6: change Leader from null to 67ae3572-7d88-4e50-b53b-0f48f6748b38 at term 1 for becomeLeader, leader elected after 654ms
2019-10-17 07:10:23,402 [decc5551-dd4b-40dc-8ff5-b6b450d67f6f@group-42ACBF6EBE4E-LeaderElection21] INFO  impl.LeaderElection (LeaderElection.java:askForVotes(178)) - decc5551-dd4b-40dc-8ff5-b6b450d67f6f@group-42ACBF6EBE4E-LeaderElection21: begin an election at term 8 for -1: [215fceca-0555-458b-bc4f-ba38ff24d5ba:192.168.157.211:43803, decc5551-dd4b-40dc-8ff5-b6b450d67f6f:192.168.157.211:34435, 0c631657-10a5-4e2a-a322-8fc6c651b2ed:192.168.157.211:41694], old=null
2019-10-17 07:10:23,409 [67ae3572-7d88-4e50-b53b-0f48f6748b38@group-233C052D78D6-LeaderElection19] INFO  server.RaftServerConfigKeys (ConfUtils.java:logGet(43)) - raft.server.staging.catchup.gap = 1000 (default)
2019-10-17 07:10:23,409 [831edaa1-80a5-4091-843f-90c648a5a79d@group-233C052D78D6-LeaderElection20] INFO  impl.LeaderElection (LeaderElection.java:logAndReturn(56)) - 831edaa1-80a5-4091-843f-90c648a5a79d@group-233C052D78D6-LeaderElection20: Election TIMEOUT; received 0 response(s) [] and 0 exception(s); 831edaa1-80a5-4091-843f-90c648a5a79d@group-233C052D78D6:t2, leader=null, voted=831edaa1-80a5-4091-843f-90c648a5a79d, raftlog=831edaa1-80a5-4091-843f-90c648a5a79d@group-233C052D78D6-SegmentedRaftLog:OPENED:c-1,f-1,i0, conf=-1: [67ae3572-7d88-4e50-b53b-0f48f6748b38:192.168.157.211:41299, 831edaa1-80a5-4091-843f-90c648a5a79d:192.168.157.211:44365, 5c4ee31d-c5ed-4c65-a5df-da3e3cf53ac2:192.168.157.211:45059], old=null
2019-10-17 07:10:23,411 [67ae3572-7d88-4e50-b53b-0f48f6748b38@group-233C052D78D6-LeaderElection19] INFO  server.RaftServerConfigKeys (ConfUtils.java:logGet(43)) - raft.server.rpc.sleep.time = 25ms (default)
2019-10-17 07:10:23,411 [grpc-default-executor-7] INFO  impl.RaftServerImpl (ServerState.java:setLeader(256)) - 0c631657-10a5-4e2a-a322-8fc6c651b2ed@group-42ACBF6EBE4E: change Leader from 0c631657-10a5-4e2a-a322-8fc6c651b2ed to null at term 7 for updateCurrentTerm
2019-10-17 07:10:23,413 [67ae3572-7d88-4e50-b53b-0f48f6748b38@group-233C052D78D6-LeaderElection19] INFO  server.RaftServerConfigKeys (ConfUtils.java:logGet(43)) - raft.server.write.element-limit = 4096 (default)
2019-10-17 07:10:23,413 [grpc-default-executor-7] INFO  impl.RaftServerImpl (RaftServerImpl.java:setRole(184)) - 0c631657-10a5-4e2a-a322-8fc6c651b2ed@group-42ACBF6EBE4E: changes role from    LEADER to FOLLOWER at term 7 for recognizeCandidate:decc5551-dd4b-40dc-8ff5-b6b450d67f6f
2019-10-17 07:10:23,413 [67ae3572-7d88-4e50-b53b-0f48f6748b38@group-233C052D78D6-LeaderElection19] INFO  server.RaftServerConfigKeys (ConfUtils.java:logGet(43)) - raft.server.watch.timeout = 10s (default)
2019-10-17 07:10:23,413 [grpc-default-executor-7] INFO  impl.RoleInfo (RoleInfo.java:shutdownLeaderState(104)) - 0c631657-10a5-4e2a-a322-8fc6c651b2ed: shutdown LeaderState
2019-10-17 07:10:23,413 [67ae3572-7d88-4e50-b53b-0f48f6748b38@group-233C052D78D6-LeaderElection19] INFO  server.RaftServerConfigKeys (ConfUtils.java:logGet(43)) - raft.server.watch.timeout.denomination = 1s (default)
2019-10-17 07:10:23,416 [grpc-default-executor-7] INFO  impl.PendingRequests (PendingRequests.java:sendNotLeaderResponses(202)) - 0c631657-10a5-4e2a-a322-8fc6c651b2ed@group-42ACBF6EBE4E-PendingRequests: sendNotLeaderResponses
2019-10-17 07:10:23,415 [org.apache.ratis.server.impl.LogAppender$AppenderDaemon$$Lambda$406/1674391716@6f5e7b7c] WARN  server.GrpcLogAppender (GrpcLogAppender.java:mayWait(149)) - 0c631657-10a5-4e2a-a322-8fc6c651b2ed@group-42ACBF6EBE4E->decc5551-dd4b-40dc-8ff5-b6b450d67f6f-GrpcLogAppender: Wait interrupted by java.lang.InterruptedException
2019-10-17 07:10:23,417 [org.apache.ratis.server.impl.LogAppender$AppenderDaemon$$Lambda$406/1674391716@5eca00a4] WARN  server.GrpcLogAppender (GrpcLogAppender.java:mayWait(149)) - 0c631657-10a5-4e2a-a322-8fc6c651b2ed@group-42ACBF6EBE4E->215fceca-0555-458b-bc4f-ba38ff24d5ba-GrpcLogAppender: Wait interrupted by java.lang.InterruptedException
2019-10-17 07:10:23,417 [67ae3572-7d88-4e50-b53b-0f48f6748b38@group-233C052D78D6-LeaderElection19] INFO  server.RaftServerConfigKeys (ConfUtils.java:logGet(43)) - raft.server.watch.element-limit = 65536 (default)
2019-10-17 07:10:23,424 [grpc-default-executor-7] INFO  impl.RoleInfo (RoleInfo.java:updateAndGet(143)) - 0c631657-10a5-4e2a-a322-8fc6c651b2ed: start FollowerState
2019-10-17 07:10:23,424 [831edaa1-80a5-4091-843f-90c648a5a79d@group-233C052D78D6-LeaderElection20] INFO  impl.LeaderElection (LeaderElection.java:askForVotes(178)) - 831edaa1-80a5-4091-843f-90c648a5a79d@group-233C052D78D6-LeaderElection20: begin an election at term 3 for -1: [67ae3572-7d88-4e50-b53b-0f48f6748b38:192.168.157.211:41299, 831edaa1-80a5-4091-843f-90c648a5a79d:192.168.157.211:44365, 5c4ee31d-c5ed-4c65-a5df-da3e3cf53ac2:192.168.157.211:45059], old=null
2019-10-17 07:10:23,424 [grpc-default-executor-1] INFO  impl.RaftServerImpl (RaftServerImpl.java:setRole(184)) - 5c4ee31d-c5ed-4c65-a5df-da3e3cf53ac2@group-233C052D78D6: changes role from  FOLLOWER to FOLLOWER at term 2 for recognizeCandidate:831edaa1-80a5-4091-843f-90c648a5a79d
2019-10-17 07:10:23,425 [grpc-default-executor-1] INFO  impl.RoleInfo (RoleInfo.java:shutdownFollowerState(121)) - 5c4ee31d-c5ed-4c65-a5df-da3e3cf53ac2: shutdown FollowerState
2019-10-17 07:10:23,425 [grpc-default-executor-6] INFO  server.GrpcServerProtocolService (GrpcServerProtocolService.java:onCompleted(113)) - decc5551-dd4b-40dc-8ff5-b6b450d67f6f: Completed APPEND_ENTRIES, lastRequest: 0c631657-10a5-4e2a-a322-8fc6c651b2ed->decc5551-dd4b-40dc-8ff5-b6b450d67f6f#0-t6, previous=(t:0, i:0), leaderCommit=-1, initializing? false, entries: <empty>
2019-10-17 07:10:23,425 [Thread-437] INFO  impl.FollowerState (FollowerState.java:run(117)) - 5c4ee31d-c5ed-4c65-a5df-da3e3cf53ac2@group-233C052D78D6-FollowerState was interrupted: java.lang.InterruptedException: sleep interrupted
2019-10-17 07:10:23,425 [grpc-default-executor-0] INFO  server.GrpcServerProtocolService (GrpcServerProtocolService.java:onCompleted(113)) - 215fceca-0555-458b-bc4f-ba38ff24d5ba: Completed APPEND_ENTRIES, lastRequest: 0c631657-10a5-4e2a-a322-8fc6c651b2ed->215fceca-0555-458b-bc4f-ba38ff24d5ba#0-t6, previous=(t:0, i:0), leaderCommit=-1, initializing? false, entries: <empty>
2019-10-17 07:10:23,438 [grpc-default-executor-4] INFO  impl.RaftServerImpl (RaftServerImpl.java:setRole(184)) - 0c631657-10a5-4e2a-a322-8fc6c651b2ed@group-42ACBF6EBE4E: changes role from  FOLLOWER to FOLLOWER at term 8 for recognizeCandidate:decc5551-dd4b-40dc-8ff5-b6b450d67f6f
2019-10-17 07:10:23,438 [grpc-default-executor-4] INFO  impl.RoleInfo (RoleInfo.java:shutdownFollowerState(121)) - 0c631657-10a5-4e2a-a322-8fc6c651b2ed: shutdown FollowerState
2019-10-17 07:10:23,438 [831edaa1-80a5-4091-843f-90c648a5a79d@group-233C052D78D6-LeaderElection20] INFO  impl.LeaderElection (LeaderElection.java:logAndReturn(56)) - 831edaa1-80a5-4091-843f-90c648a5a79d@group-233C052D78D6-LeaderElection20: Election TIMEOUT; received 0 response(s) [] and 0 exception(s); 831edaa1-80a5-4091-843f-90c648a5a79d@group-233C052D78D6:t3, leader=null, voted=831edaa1-80a5-4091-843f-90c648a5a79d, raftlog=831edaa1-80a5-4091-843f-90c648a5a79d@group-233C052D78D6-SegmentedRaftLog:OPENED:c-1,f-1,i0, conf=-1: [67ae3572-7d88-4e50-b53b-0f48f6748b38:192.168.157.211:41299, 831edaa1-80a5-4091-843f-90c648a5a79d:192.168.157.211:44365, 5c4ee31d-c5ed-4c65-a5df-da3e3cf53ac2:192.168.157.211:45059], old=null
2019-10-17 07:10:23,447 [grpc-default-executor-4] INFO  impl.RoleInfo (RoleInfo.java:updateAndGet(143)) - 0c631657-10a5-4e2a-a322-8fc6c651b2ed: start FollowerState
2019-10-17 07:10:23,461 [Thread-453] INFO  impl.FollowerState (FollowerState.java:run(117)) - 0c631657-10a5-4e2a-a322-8fc6c651b2ed@group-42ACBF6EBE4E-FollowerState was interrupted: java.lang.InterruptedException: sleep interrupted
2019-10-17 07:10:23,461 [grpc-default-executor-1] INFO  impl.RoleInfo (RoleInfo.java:updateAndGet(143)) - 5c4ee31d-c5ed-4c65-a5df-da3e3cf53ac2: start FollowerState
2019-10-17 07:10:23,472 [grpc-default-executor-5] INFO  impl.RaftServerImpl (RaftServerImpl.java:setRole(184)) - 215fceca-0555-458b-bc4f-ba38ff24d5ba@group-42ACBF6EBE4E: changes role from  FOLLOWER to FOLLOWER at term 8 for recognizeCandidate:decc5551-dd4b-40dc-8ff5-b6b450d67f6f
2019-10-17 07:10:23,472 [grpc-default-executor-5] INFO  impl.RoleInfo (RoleInfo.java:shutdownFollowerState(121)) - 215fceca-0555-458b-bc4f-ba38ff24d5ba: shutdown FollowerState
2019-10-17 07:10:23,473 [grpc-default-executor-5] INFO  impl.RoleInfo (RoleInfo.java:updateAndGet(143)) - 215fceca-0555-458b-bc4f-ba38ff24d5ba: start FollowerState
2019-10-17 07:10:23,473 [Thread-449] INFO  impl.FollowerState (FollowerState.java:run(117)) - 215fceca-0555-458b-bc4f-ba38ff24d5ba@group-42ACBF6EBE4E-FollowerState was interrupted: java.lang.InterruptedException: sleep interrupted
2019-10-17 07:10:23,480 [decc5551-dd4b-40dc-8ff5-b6b450d67f6f@group-42ACBF6EBE4E-LeaderElection21] INFO  impl.LeaderElection (LeaderElection.java:logAndReturn(56)) - decc5551-dd4b-40dc-8ff5-b6b450d67f6f@group-42ACBF6EBE4E-LeaderElection21: Election TIMEOUT; received 0 response(s) [] and 0 exception(s); decc5551-dd4b-40dc-8ff5-b6b450d67f6f@group-42ACBF6EBE4E:t8, leader=null, voted=decc5551-dd4b-40dc-8ff5-b6b450d67f6f, raftlog=decc5551-dd4b-40dc-8ff5-b6b450d67f6f@group-42ACBF6EBE4E-SegmentedRaftLog:OPENED:c-1,f-1,i0, conf=-1: [215fceca-0555-458b-bc4f-ba38ff24d5ba:192.168.157.211:43803, decc5551-dd4b-40dc-8ff5-b6b450d67f6f:192.168.157.211:34435, 0c631657-10a5-4e2a-a322-8fc6c651b2ed:192.168.157.211:41694], old=null
2019-10-17 07:10:23,484 [831edaa1-80a5-4091-843f-90c648a5a79d@group-233C052D78D6-LeaderElection20] INFO  impl.LeaderElection (LeaderElection.java:askForVotes(178)) - 831edaa1-80a5-4091-843f-90c648a5a79d@group-233C052D78D6-LeaderElection20: begin an election at term 4 for -1: [67ae3572-7d88-4e50-b53b-0f48f6748b38:192.168.157.211:41299, 831edaa1-80a5-4091-843f-90c648a5a79d:192.168.157.211:44365, 5c4ee31d-c5ed-4c65-a5df-da3e3cf53ac2:192.168.157.211:45059], old=null
2019-10-17 07:10:23,484 [grpc-default-executor-2] INFO  impl.RaftServerImpl (RaftServerImpl.java:setRole(184)) - 5c4ee31d-c5ed-4c65-a5df-da3e3cf53ac2@group-233C052D78D6: changes role from  FOLLOWER to FOLLOWER at term 3 for recognizeCandidate:831edaa1-80a5-4091-843f-90c648a5a79d
2019-10-17 07:10:23,484 [grpc-default-executor-6] INFO  server.GrpcLogAppender (GrpcLogAppender.java:onCompleted(308)) - 0c631657-10a5-4e2a-a322-8fc6c651b2ed@group-42ACBF6EBE4E->215fceca-0555-458b-bc4f-ba38ff24d5ba-AppendLogResponseHandler: follower responses appendEntries COMPLETED
2019-10-17 07:10:23,484 [grpc-default-executor-3] INFO  server.GrpcLogAppender (GrpcLogAppender.java:onCompleted(308)) - 0c631657-10a5-4e2a-a322-8fc6c651b2ed@group-42ACBF6EBE4E->decc5551-dd4b-40dc-8ff5-b6b450d67f6f-AppendLogResponseHandler: follower responses appendEntries COMPLETED
2019-10-17 07:10:23,498 [grpc-default-executor-2] INFO  impl.RoleInfo (RoleInfo.java:shutdownFollowerState(121)) - 5c4ee31d-c5ed-4c65-a5df-da3e3cf53ac2: shutdown FollowerState
2019-10-17 07:10:23,500 [Thread-456] INFO  impl.FollowerState (FollowerState.java:run(117)) - 5c4ee31d-c5ed-4c65-a5df-da3e3cf53ac2@group-233C052D78D6-FollowerState was interrupted: java.lang.InterruptedException: sleep interrupted
2019-10-17 07:10:23,500 [grpc-default-executor-2] INFO  impl.RoleInfo (RoleInfo.java:updateAndGet(143)) - 5c4ee31d-c5ed-4c65-a5df-da3e3cf53ac2: start FollowerState
2019-10-17 07:10:23,502 [grpc-default-executor-6] INFO  impl.FollowerInfo (FollowerInfo.java:lambda$new$0(51)) - 0c631657-10a5-4e2a-a322-8fc6c651b2ed@group-42ACBF6EBE4E->215fceca-0555-458b-bc4f-ba38ff24d5ba: nextIndex: updateUnconditionally 0 -> 0
2019-10-17 07:10:23,526 [grpc-default-executor-3] INFO  impl.FollowerInfo (FollowerInfo.java:lambda$new$0(51)) - 0c631657-10a5-4e2a-a322-8fc6c651b2ed@group-42ACBF6EBE4E->decc5551-dd4b-40dc-8ff5-b6b450d67f6f: nextIndex: updateUnconditionally 0 -> 0
2019-10-17 07:10:23,547 [decc5551-dd4b-40dc-8ff5-b6b450d67f6f@group-42ACBF6EBE4E-LeaderElection21] INFO  impl.LeaderElection (LeaderElection.java:askForVotes(178)) - decc5551-dd4b-40dc-8ff5-b6b450d67f6f@group-42ACBF6EBE4E-LeaderElection21: begin an election at term 9 for -1: [215fceca-0555-458b-bc4f-ba38ff24d5ba:192.168.157.211:43803, decc5551-dd4b-40dc-8ff5-b6b450d67f6f:192.168.157.211:34435, 0c631657-10a5-4e2a-a322-8fc6c651b2ed:192.168.157.211:41694], old=null
2019-10-17 07:10:23,562 [decc5551-dd4b-40dc-8ff5-b6b450d67f6f@group-42ACBF6EBE4E-LeaderElection21] INFO  impl.LeaderElection (LeaderElection.java:logAndReturn(56)) - decc5551-dd4b-40dc-8ff5-b6b450d67f6f@group-42ACBF6EBE4E-LeaderElection21: Election TIMEOUT; received 0 response(s) [] and 0 exception(s); decc5551-dd4b-40dc-8ff5-b6b450d67f6f@group-42ACBF6EBE4E:t9, leader=null, voted=decc5551-dd4b-40dc-8ff5-b6b450d67f6f, raftlog=decc5551-dd4b-40dc-8ff5-b6b450d67f6f@group-42ACBF6EBE4E-SegmentedRaftLog:OPENED:c-1,f-1,i0, conf=-1: [215fceca-0555-458b-bc4f-ba38ff24d5ba:192.168.157.211:43803, decc5551-dd4b-40dc-8ff5-b6b450d67f6f:192.168.157.211:34435, 0c631657-10a5-4e2a-a322-8fc6c651b2ed:192.168.157.211:41694], old=null
2019-10-17 07:10:23,565 [grpc-default-executor-4] INFO  impl.RaftServerImpl (RaftServerImpl.java:setRole(184)) - 0c631657-10a5-4e2a-a322-8fc6c651b2ed@group-42ACBF6EBE4E: changes role from  FOLLOWER to FOLLOWER at term 9 for recognizeCandidate:decc5551-dd4b-40dc-8ff5-b6b450d67f6f
2019-10-17 07:10:23,565 [grpc-default-executor-4] INFO  impl.RoleInfo (RoleInfo.java:shutdownFollowerState(121)) - 0c631657-10a5-4e2a-a322-8fc6c651b2ed: shutdown FollowerState
2019-10-17 07:10:23,576 [decc5551-dd4b-40dc-8ff5-b6b450d67f6f@group-42ACBF6EBE4E-LeaderElection21] INFO  impl.LeaderElection (LeaderElection.java:askForVotes(178)) - decc5551-dd4b-40dc-8ff5-b6b450d67f6f@group-42ACBF6EBE4E-LeaderElection21: begin an election at term 10 for -1: [215fceca-0555-458b-bc4f-ba38ff24d5ba:192.168.157.211:43803, decc5551-dd4b-40dc-8ff5-b6b450d67f6f:192.168.157.211:34435, 0c631657-10a5-4e2a-a322-8fc6c651b2ed:192.168.157.211:41694], old=null
2019-10-17 07:10:23,587 [Thread-457] INFO  impl.FollowerState (FollowerState.java:run(117)) - 0c631657-10a5-4e2a-a322-8fc6c651b2ed@group-42ACBF6EBE4E-FollowerState was interrupted: java.lang.InterruptedException: sleep interrupted
2019-10-17 07:10:23,587 [grpc-default-executor-4] INFO  impl.RoleInfo (RoleInfo.java:updateAndGet(143)) - 0c631657-10a5-4e2a-a322-8fc6c651b2ed: start FollowerState
2019-10-17 07:10:23,590 [grpc-default-executor-3] INFO  impl.RaftServerImpl (RaftServerImpl.java:setRole(184)) - 5c4ee31d-c5ed-4c65-a5df-da3e3cf53ac2@group-233C052D78D6: changes role from  FOLLOWER to FOLLOWER at term 4 for recognizeCandidate:831edaa1-80a5-4091-843f-90c648a5a79d
2019-10-17 07:10:23,590 [grpc-default-executor-3] INFO  impl.RoleInfo (RoleInfo.java:shutdownFollowerState(121)) - 5c4ee31d-c5ed-4c65-a5df-da3e3cf53ac2: shutdown FollowerState
2019-10-17 07:10:23,590 [Thread-461] INFO  impl.FollowerState (FollowerState.java:run(117)) - 5c4ee31d-c5ed-4c65-a5df-da3e3cf53ac2@group-233C052D78D6-FollowerState was interrupted: java.lang.InterruptedException: sleep interrupted
2019-10-17 07:10:23,590 [grpc-default-executor-3] INFO  impl.RoleInfo (RoleInfo.java:updateAndGet(143)) - 5c4ee31d-c5ed-4c65-a5df-da3e3cf53ac2: start FollowerState
2019-10-17 07:10:23,598 [grpc-default-executor-2] INFO  impl.RaftServerImpl (RaftServerImpl.java:setRole(184)) - 215fceca-0555-458b-bc4f-ba38ff24d5ba@group-42ACBF6EBE4E: changes role from  FOLLOWER to FOLLOWER at term 9 for recognizeCandidate:decc5551-dd4b-40dc-8ff5-b6b450d67f6f
2019-10-17 07:10:23,599 [grpc-default-executor-2] INFO  impl.RoleInfo (RoleInfo.java:shutdownFollowerState(121)) - 215fceca-0555-458b-bc4f-ba38ff24d5ba: shutdown FollowerState
2019-10-17 07:10:23,599 [grpc-default-executor-2] INFO  impl.RoleInfo (RoleInfo.java:updateAndGet(143)) - 215fceca-0555-458b-bc4f-ba38ff24d5ba: start FollowerState
2019-10-17 07:10:23,599 [Thread-458] INFO  impl.FollowerState (FollowerState.java:run(117)) - 215fceca-0555-458b-bc4f-ba38ff24d5ba@group-42ACBF6EBE4E-FollowerState was interrupted: java.lang.InterruptedException: sleep interrupted
2019-10-17 07:10:23,606 [grpc-default-executor-5] INFO  impl.RaftServerImpl (RaftServerImpl.java:setRole(184)) - 0c631657-10a5-4e2a-a322-8fc6c651b2ed@group-42ACBF6EBE4E: changes role from  FOLLOWER to FOLLOWER at term 10 for recognizeCandidate:decc5551-dd4b-40dc-8ff5-b6b450d67f6f
2019-10-17 07:10:23,606 [grpc-default-executor-5] INFO  impl.RoleInfo (RoleInfo.java:shutdownFollowerState(121)) - 0c631657-10a5-4e2a-a322-8fc6c651b2ed: shutdown FollowerState
2019-10-17 07:10:23,606 [831edaa1-80a5-4091-843f-90c648a5a79d@group-233C052D78D6-LeaderElection20] INFO  impl.LeaderElection (LeaderElection.java:logAndReturn(56)) - 831edaa1-80a5-4091-843f-90c648a5a79d@group-233C052D78D6-LeaderElection20: Election PASSED; received 1 response(s) [831edaa1-80a5-4091-843f-90c648a5a79d<-5c4ee31d-c5ed-4c65-a5df-da3e3cf53ac2#0:OK-t4] and 0 exception(s); 831edaa1-80a5-4091-843f-90c648a5a79d@group-233C052D78D6:t4, leader=null, voted=831edaa1-80a5-4091-843f-90c648a5a79d, raftlog=831edaa1-80a5-4091-843f-90c648a5a79d@group-233C052D78D6-SegmentedRaftLog:OPENED:c-1,f-1,i0, conf=-1: [67ae3572-7d88-4e50-b53b-0f48f6748b38:192.168.157.211:41299, 831edaa1-80a5-4091-843f-90c648a5a79d:192.168.157.211:44365, 5c4ee31d-c5ed-4c65-a5df-da3e3cf53ac2:192.168.157.211:45059], old=null
2019-10-17 07:10:23,614 [IPC Server handler 1 on 45572] INFO  volume.OMVolumeCreateRequest (OMVolumeCreateRequest.java:validateAndUpdateCache(193)) - created volume:datanodefailurehandlingtest for user:jenkins1000
2019-10-17 07:10:23,617 [grpc-default-executor-3] INFO  impl.RaftServerImpl (RaftServerImpl.java:setRole(184)) - 215fceca-0555-458b-bc4f-ba38ff24d5ba@group-42ACBF6EBE4E: changes role from  FOLLOWER to FOLLOWER at term 10 for recognizeCandidate:decc5551-dd4b-40dc-8ff5-b6b450d67f6f
2019-10-17 07:10:23,638 [Thread-464] INFO  impl.FollowerState (FollowerState.java:run(117)) - 0c631657-10a5-4e2a-a322-8fc6c651b2ed@group-42ACBF6EBE4E-FollowerState was interrupted: java.lang.InterruptedException: sleep interrupted
2019-10-17 07:10:23,638 [grpc-default-executor-3] INFO  impl.RoleInfo (RoleInfo.java:shutdownFollowerState(121)) - 215fceca-0555-458b-bc4f-ba38ff24d5ba: shutdown FollowerState
2019-10-17 07:10:23,638 [grpc-default-executor-5] INFO  impl.RoleInfo (RoleInfo.java:updateAndGet(143)) - 0c631657-10a5-4e2a-a322-8fc6c651b2ed: start FollowerState
2019-10-17 07:10:23,638 [831edaa1-80a5-4091-843f-90c648a5a79d@group-233C052D78D6-LeaderElection20] INFO  impl.RoleInfo (RoleInfo.java:shutdownLeaderElection(134)) - 831edaa1-80a5-4091-843f-90c648a5a79d: shutdown LeaderElection
2019-10-17 07:10:23,638 [grpc-default-executor-3] INFO  impl.RoleInfo (RoleInfo.java:updateAndGet(143)) - 215fceca-0555-458b-bc4f-ba38ff24d5ba: start FollowerState
2019-10-17 07:10:23,638 [831edaa1-80a5-4091-843f-90c648a5a79d@group-233C052D78D6-LeaderElection20] INFO  impl.RaftServerImpl (RaftServerImpl.java:setRole(184)) - 831edaa1-80a5-4091-843f-90c648a5a79d@group-233C052D78D6: changes role from CANDIDATE to LEADER at term 4 for changeToLeader
2019-10-17 07:10:23,638 [Thread-468] INFO  impl.FollowerState (FollowerState.java:run(117)) - 215fceca-0555-458b-bc4f-ba38ff24d5ba@group-42ACBF6EBE4E-FollowerState was interrupted: java.lang.InterruptedException: sleep interrupted
2019-10-17 07:10:23,639 [831edaa1-80a5-4091-843f-90c648a5a79d@group-233C052D78D6-LeaderElection20] INFO  impl.RaftServerImpl (ServerState.java:setLeader(256)) - 831edaa1-80a5-4091-843f-90c648a5a79d@group-233C052D78D6: change Leader from null to 831edaa1-80a5-4091-843f-90c648a5a79d at term 4 for becomeLeader, leader elected after 926ms
2019-10-17 07:10:23,639 [831edaa1-80a5-4091-843f-90c648a5a79d@group-233C052D78D6-LeaderElection20] INFO  server.RaftServerConfigKeys (ConfUtils.java:logGet(43)) - raft.server.staging.catchup.gap = 1000 (default)
2019-10-17 07:10:23,639 [831edaa1-80a5-4091-843f-90c648a5a79d@group-233C052D78D6-LeaderElection20] INFO  server.RaftServerConfigKeys (ConfUtils.java:logGet(43)) - raft.server.rpc.sleep.time = 25ms (default)
2019-10-17 07:10:23,640 [831edaa1-80a5-4091-843f-90c648a5a79d@group-233C052D78D6-LeaderElection20] INFO  server.RaftServerConfigKeys (ConfUtils.java:logGet(43)) - raft.server.write.element-limit = 4096 (default)
2019-10-17 07:10:23,642 [831edaa1-80a5-4091-843f-90c648a5a79d@group-233C052D78D6-LeaderElection20] INFO  server.RaftServerConfigKeys (ConfUtils.java:logGet(43)) - raft.server.watch.timeout = 10s (default)
2019-10-17 07:10:23,642 [831edaa1-80a5-4091-843f-90c648a5a79d@group-233C052D78D6-LeaderElection20] INFO  server.RaftServerConfigKeys (ConfUtils.java:logGet(43)) - raft.server.watch.timeout.denomination = 1s (default)
2019-10-17 07:10:23,642 [831edaa1-80a5-4091-843f-90c648a5a79d@group-233C052D78D6-LeaderElection20] INFO  server.RaftServerConfigKeys (ConfUtils.java:logGet(43)) - raft.server.watch.element-limit = 65536 (default)
2019-10-17 07:10:23,654 [decc5551-dd4b-40dc-8ff5-b6b450d67f6f@group-42ACBF6EBE4E-LeaderElection21] INFO  impl.LeaderElection (LeaderElection.java:logAndReturn(56)) - decc5551-dd4b-40dc-8ff5-b6b450d67f6f@group-42ACBF6EBE4E-LeaderElection21: Election REJECTED; received 2 response(s) [decc5551-dd4b-40dc-8ff5-b6b450d67f6f<-215fceca-0555-458b-bc4f-ba38ff24d5ba#0:FAIL-t10, decc5551-dd4b-40dc-8ff5-b6b450d67f6f<-0c631657-10a5-4e2a-a322-8fc6c651b2ed#0:FAIL-t10] and 0 exception(s); decc5551-dd4b-40dc-8ff5-b6b450d67f6f@group-42ACBF6EBE4E:t10, leader=null, voted=decc5551-dd4b-40dc-8ff5-b6b450d67f6f, raftlog=decc5551-dd4b-40dc-8ff5-b6b450d67f6f@group-42ACBF6EBE4E-SegmentedRaftLog:OPENED:c-1,f-1,i0, conf=-1: [215fceca-0555-458b-bc4f-ba38ff24d5ba:192.168.157.211:43803, decc5551-dd4b-40dc-8ff5-b6b450d67f6f:192.168.157.211:34435, 0c631657-10a5-4e2a-a322-8fc6c651b2ed:192.168.157.211:41694], old=null
2019-10-17 07:10:23,676 [decc5551-dd4b-40dc-8ff5-b6b450d67f6f@group-42ACBF6EBE4E-LeaderElection21] INFO  impl.RaftServerImpl (RaftServerImpl.java:setRole(184)) - decc5551-dd4b-40dc-8ff5-b6b450d67f6f@group-42ACBF6EBE4E: changes role from CANDIDATE to FOLLOWER at term 10 for DISCOVERED_A_NEW_TERM
2019-10-17 07:10:23,676 [decc5551-dd4b-40dc-8ff5-b6b450d67f6f@group-42ACBF6EBE4E-LeaderElection21] INFO  impl.RoleInfo (RoleInfo.java:shutdownLeaderElection(134)) - decc5551-dd4b-40dc-8ff5-b6b450d67f6f: shutdown LeaderElection
2019-10-17 07:10:23,676 [decc5551-dd4b-40dc-8ff5-b6b450d67f6f@group-42ACBF6EBE4E-LeaderElection21] INFO  impl.RoleInfo (RoleInfo.java:updateAndGet(143)) - decc5551-dd4b-40dc-8ff5-b6b450d67f6f: start FollowerState
2019-10-17 07:10:23,696 [Thread-467] INFO  impl.FollowerState (FollowerState.java:run(108)) - 5c4ee31d-c5ed-4c65-a5df-da3e3cf53ac2@group-233C052D78D6-FollowerState: change to CANDIDATE, lastRpcTime:106ms, electionTimeout:98ms
2019-10-17 07:10:23,698 [Thread-472] INFO  impl.FollowerState (FollowerState.java:run(108)) - decc5551-dd4b-40dc-8ff5-b6b450d67f6f@group-42ACBF6EBE4E-FollowerState: change to CANDIDATE, lastRpcTime:22ms, electionTimeout:22ms
2019-10-17 07:10:23,708 [Thread-472] INFO  impl.RoleInfo (RoleInfo.java:shutdownFollowerState(121)) - decc5551-dd4b-40dc-8ff5-b6b450d67f6f: shutdown FollowerState
2019-10-17 07:10:23,708 [Thread-467] INFO  impl.RoleInfo (RoleInfo.java:shutdownFollowerState(121)) - 5c4ee31d-c5ed-4c65-a5df-da3e3cf53ac2: shutdown FollowerState
2019-10-17 07:10:23,708 [Thread-472] INFO  impl.RaftServerImpl (RaftServerImpl.java:setRole(184)) - decc5551-dd4b-40dc-8ff5-b6b450d67f6f@group-42ACBF6EBE4E: changes role from  FOLLOWER to CANDIDATE at term 10 for changeToCandidate
2019-10-17 07:10:23,708 [Thread-467] INFO  impl.RaftServerImpl (RaftServerImpl.java:setRole(184)) - 5c4ee31d-c5ed-4c65-a5df-da3e3cf53ac2@group-233C052D78D6: changes role from  FOLLOWER to CANDIDATE at term 4 for changeToCandidate
2019-10-17 07:10:23,708 [Thread-472] INFO  impl.RoleInfo (RoleInfo.java:updateAndGet(143)) - decc5551-dd4b-40dc-8ff5-b6b450d67f6f: start LeaderElection
2019-10-17 07:10:23,709 [Thread-467] INFO  impl.RoleInfo (RoleInfo.java:updateAndGet(143)) - 5c4ee31d-c5ed-4c65-a5df-da3e3cf53ac2: start LeaderElection
2019-10-17 07:10:23,718 [main] INFO  rpc.RpcClient (RpcClient.java:createBucket(411)) - Creating Bucket: datanodefailurehandlingtest/datanodefailurehandlingtest, with Versioning false and Storage Type set to DISK and Encryption set to false 
2019-10-17 07:10:23,725 [5c4ee31d-c5ed-4c65-a5df-da3e3cf53ac2@group-233C052D78D6-LeaderElection23] INFO  impl.LeaderElection (LeaderElection.java:askForVotes(178)) - 5c4ee31d-c5ed-4c65-a5df-da3e3cf53ac2@group-233C052D78D6-LeaderElection23: begin an election at term 5 for -1: [67ae3572-7d88-4e50-b53b-0f48f6748b38:192.168.157.211:41299, 831edaa1-80a5-4091-843f-90c648a5a79d:192.168.157.211:44365, 5c4ee31d-c5ed-4c65-a5df-da3e3cf53ac2:192.168.157.211:45059], old=null
2019-10-17 07:10:23,725 [decc5551-dd4b-40dc-8ff5-b6b450d67f6f@group-42ACBF6EBE4E-LeaderElection22] INFO  impl.LeaderElection (LeaderElection.java:askForVotes(178)) - decc5551-dd4b-40dc-8ff5-b6b450d67f6f@group-42ACBF6EBE4E-LeaderElection22: begin an election at term 11 for -1: [215fceca-0555-458b-bc4f-ba38ff24d5ba:192.168.157.211:43803, decc5551-dd4b-40dc-8ff5-b6b450d67f6f:192.168.157.211:34435, 0c631657-10a5-4e2a-a322-8fc6c651b2ed:192.168.157.211:41694], old=null
2019-10-17 07:10:23,746 [grpc-default-executor-5] INFO  impl.RaftServerImpl (RaftServerImpl.java:setRole(184)) - 0c631657-10a5-4e2a-a322-8fc6c651b2ed@group-42ACBF6EBE4E: changes role from  FOLLOWER to FOLLOWER at term 11 for recognizeCandidate:decc5551-dd4b-40dc-8ff5-b6b450d67f6f
2019-10-17 07:10:23,746 [grpc-default-executor-5] INFO  impl.RoleInfo (RoleInfo.java:shutdownFollowerState(121)) - 0c631657-10a5-4e2a-a322-8fc6c651b2ed: shutdown FollowerState
2019-10-17 07:10:23,769 [Thread-469] INFO  impl.FollowerState (FollowerState.java:run(117)) - 0c631657-10a5-4e2a-a322-8fc6c651b2ed@group-42ACBF6EBE4E-FollowerState was interrupted: java.lang.InterruptedException: sleep interrupted
2019-10-17 07:10:23,769 [grpc-default-executor-5] INFO  impl.RoleInfo (RoleInfo.java:updateAndGet(143)) - 0c631657-10a5-4e2a-a322-8fc6c651b2ed: start FollowerState
2019-10-17 07:10:23,774 [grpc-default-executor-3] INFO  impl.RaftServerImpl (RaftServerImpl.java:setRole(184)) - 215fceca-0555-458b-bc4f-ba38ff24d5ba@group-42ACBF6EBE4E: changes role from  FOLLOWER to FOLLOWER at term 11 for recognizeCandidate:decc5551-dd4b-40dc-8ff5-b6b450d67f6f
2019-10-17 07:10:23,774 [grpc-default-executor-3] INFO  impl.RoleInfo (RoleInfo.java:shutdownFollowerState(121)) - 215fceca-0555-458b-bc4f-ba38ff24d5ba: shutdown FollowerState
2019-10-17 07:10:23,795 [Thread-470] INFO  impl.FollowerState (FollowerState.java:run(117)) - 215fceca-0555-458b-bc4f-ba38ff24d5ba@group-42ACBF6EBE4E-FollowerState was interrupted: java.lang.InterruptedException: sleep interrupted
2019-10-17 07:10:23,795 [grpc-default-executor-3] INFO  impl.RoleInfo (RoleInfo.java:updateAndGet(143)) - 215fceca-0555-458b-bc4f-ba38ff24d5ba: start FollowerState
2019-10-17 07:10:23,810 [decc5551-dd4b-40dc-8ff5-b6b450d67f6f@group-42ACBF6EBE4E-LeaderElection22] INFO  impl.LeaderElection (LeaderElection.java:logAndReturn(56)) - decc5551-dd4b-40dc-8ff5-b6b450d67f6f@group-42ACBF6EBE4E-LeaderElection22: Election REJECTED; received 2 response(s) [decc5551-dd4b-40dc-8ff5-b6b450d67f6f<-215fceca-0555-458b-bc4f-ba38ff24d5ba#0:FAIL-t11, decc5551-dd4b-40dc-8ff5-b6b450d67f6f<-0c631657-10a5-4e2a-a322-8fc6c651b2ed#0:FAIL-t11] and 0 exception(s); decc5551-dd4b-40dc-8ff5-b6b450d67f6f@group-42ACBF6EBE4E:t11, leader=null, voted=decc5551-dd4b-40dc-8ff5-b6b450d67f6f, raftlog=decc5551-dd4b-40dc-8ff5-b6b450d67f6f@group-42ACBF6EBE4E-SegmentedRaftLog:OPENED:c-1,f-1,i0, conf=-1: [215fceca-0555-458b-bc4f-ba38ff24d5ba:192.168.157.211:43803, decc5551-dd4b-40dc-8ff5-b6b450d67f6f:192.168.157.211:34435, 0c631657-10a5-4e2a-a322-8fc6c651b2ed:192.168.157.211:41694], old=null
2019-10-17 07:10:23,821 [decc5551-dd4b-40dc-8ff5-b6b450d67f6f@group-42ACBF6EBE4E-LeaderElection22] INFO  impl.RaftServerImpl (RaftServerImpl.java:setRole(184)) - decc5551-dd4b-40dc-8ff5-b6b450d67f6f@group-42ACBF6EBE4E: changes role from CANDIDATE to FOLLOWER at term 11 for DISCOVERED_A_NEW_TERM
2019-10-17 07:10:23,822 [decc5551-dd4b-40dc-8ff5-b6b450d67f6f@group-42ACBF6EBE4E-LeaderElection22] INFO  impl.RoleInfo (RoleInfo.java:shutdownLeaderElection(134)) - decc5551-dd4b-40dc-8ff5-b6b450d67f6f: shutdown LeaderElection
2019-10-17 07:10:23,822 [decc5551-dd4b-40dc-8ff5-b6b450d67f6f@group-42ACBF6EBE4E-LeaderElection22] INFO  impl.RoleInfo (RoleInfo.java:updateAndGet(143)) - decc5551-dd4b-40dc-8ff5-b6b450d67f6f: start FollowerState
2019-10-17 07:10:23,857 [Timer for 'StorageContainerManager' metrics system] INFO  lib.Interns (Interns.java:removeEldestEntry(50)) - Metrics intern cache overflow at 2011 for MetricsSystem={MetricsSystem=MetricsInfoImpl{name=MetricsSystem, description=MetricsSystem}, MetricsSystem record=MetricsInfoImpl{name=MetricsSystem, description=MetricsSystem record}}
2019-10-17 07:10:23,864 [IPC Server handler 0 on 42881] INFO  server.SCMBlockProtocolServer (SCMBlockProtocolServer.java:allocateBlock(179)) - Allocating blocks 6 of size 4194304, with excludeList: datanodes = [], pipelines = [], containers = []
2019-10-17 07:10:23,865 [831edaa1-80a5-4091-843f-90c648a5a79d@group-233C052D78D6-LeaderElection20] INFO  server.RaftServerConfigKeys (ConfUtils.java:logGet(43)) - raft.server.log.appender.snapshot.chunk.size.max = 16MB (=16777216) (default)
2019-10-17 07:10:23,866 [831edaa1-80a5-4091-843f-90c648a5a79d@group-233C052D78D6-LeaderElection20] INFO  server.RaftServerConfigKeys (ConfUtils.java:logGet(43)) - raft.server.log.appender.buffer.byte-limit = 33554432 (custom)
2019-10-17 07:10:23,866 [67ae3572-7d88-4e50-b53b-0f48f6748b38@group-233C052D78D6-LeaderElection19] INFO  server.RaftServerConfigKeys (ConfUtils.java:logGet(43)) - raft.server.log.appender.snapshot.chunk.size.max = 16MB (=16777216) (default)
2019-10-17 07:10:23,866 [831edaa1-80a5-4091-843f-90c648a5a79d@group-233C052D78D6-LeaderElection20] INFO  server.RaftServerConfigKeys (ConfUtils.java:logGet(43)) - raft.server.log.appender.buffer.element-limit = 1 (custom)
2019-10-17 07:10:23,866 [67ae3572-7d88-4e50-b53b-0f48f6748b38@group-233C052D78D6-LeaderElection19] INFO  server.RaftServerConfigKeys (ConfUtils.java:logGet(43)) - raft.server.log.appender.buffer.byte-limit = 33554432 (custom)
2019-10-17 07:10:23,866 [831edaa1-80a5-4091-843f-90c648a5a79d@group-233C052D78D6-LeaderElection20] INFO  grpc.GrpcConfigKeys$Server (ConfUtils.java:logGet(43)) - raft.grpc.server.leader.outstanding.appends.max = 128 (default)
2019-10-17 07:10:23,866 [67ae3572-7d88-4e50-b53b-0f48f6748b38@group-233C052D78D6-LeaderElection19] INFO  server.RaftServerConfigKeys (ConfUtils.java:logGet(43)) - raft.server.log.appender.buffer.element-limit = 1 (custom)
2019-10-17 07:10:23,867 [831edaa1-80a5-4091-843f-90c648a5a79d@group-233C052D78D6-LeaderElection20] INFO  server.RaftServerConfigKeys (ConfUtils.java:logGet(43)) - raft.server.rpc.request.timeout = 3000ms (default)
2019-10-17 07:10:23,867 [67ae3572-7d88-4e50-b53b-0f48f6748b38@group-233C052D78D6-LeaderElection19] INFO  grpc.GrpcConfigKeys$Server (ConfUtils.java:logGet(43)) - raft.grpc.server.leader.outstanding.appends.max = 128 (default)
2019-10-17 07:10:23,867 [831edaa1-80a5-4091-843f-90c648a5a79d@group-233C052D78D6-LeaderElection20] INFO  server.RaftServerConfigKeys (ConfUtils.java:logGet(43)) - raft.server.log.appender.install.snapshot.enabled = false (custom)
2019-10-17 07:10:23,867 [67ae3572-7d88-4e50-b53b-0f48f6748b38@group-233C052D78D6-LeaderElection19] INFO  server.RaftServerConfigKeys (ConfUtils.java:logGet(43)) - raft.server.rpc.request.timeout = 3000ms (default)
2019-10-17 07:10:23,868 [67ae3572-7d88-4e50-b53b-0f48f6748b38@group-233C052D78D6-LeaderElection19] INFO  server.RaftServerConfigKeys (ConfUtils.java:logGet(43)) - raft.server.log.appender.install.snapshot.enabled = false (custom)
2019-10-17 07:10:23,873 [831edaa1-80a5-4091-843f-90c648a5a79d@group-233C052D78D6-LeaderElection20] INFO  server.RaftServerConfigKeys (ConfUtils.java:logGet(43)) - raft.server.log.appender.snapshot.chunk.size.max = 16MB (=16777216) (default)
2019-10-17 07:10:23,873 [831edaa1-80a5-4091-843f-90c648a5a79d@group-233C052D78D6-LeaderElection20] INFO  server.RaftServerConfigKeys (ConfUtils.java:logGet(43)) - raft.server.log.appender.buffer.byte-limit = 33554432 (custom)
2019-10-17 07:10:23,874 [831edaa1-80a5-4091-843f-90c648a5a79d@group-233C052D78D6-LeaderElection20] INFO  server.RaftServerConfigKeys (ConfUtils.java:logGet(43)) - raft.server.log.appender.buffer.element-limit = 1 (custom)
2019-10-17 07:10:23,874 [831edaa1-80a5-4091-843f-90c648a5a79d@group-233C052D78D6-LeaderElection20] INFO  grpc.GrpcConfigKeys$Server (ConfUtils.java:logGet(43)) - raft.grpc.server.leader.outstanding.appends.max = 128 (default)
2019-10-17 07:10:23,874 [67ae3572-7d88-4e50-b53b-0f48f6748b38@group-233C052D78D6-LeaderElection19] INFO  server.RaftServerConfigKeys (ConfUtils.java:logGet(43)) - raft.server.log.appender.snapshot.chunk.size.max = 16MB (=16777216) (default)
2019-10-17 07:10:23,874 [831edaa1-80a5-4091-843f-90c648a5a79d@group-233C052D78D6-LeaderElection20] INFO  server.RaftServerConfigKeys (ConfUtils.java:logGet(43)) - raft.server.rpc.request.timeout = 3000ms (default)
2019-10-17 07:10:23,874 [67ae3572-7d88-4e50-b53b-0f48f6748b38@group-233C052D78D6-LeaderElection19] INFO  server.RaftServerConfigKeys (ConfUtils.java:logGet(43)) - raft.server.log.appender.buffer.byte-limit = 33554432 (custom)
2019-10-17 07:10:23,874 [831edaa1-80a5-4091-843f-90c648a5a79d@group-233C052D78D6-LeaderElection20] INFO  server.RaftServerConfigKeys (ConfUtils.java:logGet(43)) - raft.server.log.appender.install.snapshot.enabled = false (custom)
2019-10-17 07:10:23,875 [67ae3572-7d88-4e50-b53b-0f48f6748b38@group-233C052D78D6-LeaderElection19] INFO  server.RaftServerConfigKeys (ConfUtils.java:logGet(43)) - raft.server.log.appender.buffer.element-limit = 1 (custom)
2019-10-17 07:10:23,875 [67ae3572-7d88-4e50-b53b-0f48f6748b38@group-233C052D78D6-LeaderElection19] INFO  grpc.GrpcConfigKeys$Server (ConfUtils.java:logGet(43)) - raft.grpc.server.leader.outstanding.appends.max = 128 (default)
2019-10-17 07:10:23,875 [67ae3572-7d88-4e50-b53b-0f48f6748b38@group-233C052D78D6-LeaderElection19] INFO  server.RaftServerConfigKeys (ConfUtils.java:logGet(43)) - raft.server.rpc.request.timeout = 3000ms (default)
2019-10-17 07:10:23,875 [67ae3572-7d88-4e50-b53b-0f48f6748b38@group-233C052D78D6-LeaderElection19] INFO  server.RaftServerConfigKeys (ConfUtils.java:logGet(43)) - raft.server.log.appender.install.snapshot.enabled = false (custom)
2019-10-17 07:10:23,878 [831edaa1-80a5-4091-843f-90c648a5a79d@group-233C052D78D6-LeaderElection20] INFO  impl.RoleInfo (RoleInfo.java:updateAndGet(143)) - 831edaa1-80a5-4091-843f-90c648a5a79d: start LeaderState
2019-10-17 07:10:23,878 [831edaa1-80a5-4091-843f-90c648a5a79d@group-233C052D78D6-LeaderElection20] INFO  segmented.SegmentedRaftLogWorker (SegmentedRaftLogWorker.java:startLogSegment(385)) - 831edaa1-80a5-4091-843f-90c648a5a79d@group-233C052D78D6-SegmentedRaftLogWorker: Starting segment from index:0
2019-10-17 07:10:23,879 [67ae3572-7d88-4e50-b53b-0f48f6748b38@group-233C052D78D6-LeaderElection19] INFO  impl.RoleInfo (RoleInfo.java:updateAndGet(143)) - 67ae3572-7d88-4e50-b53b-0f48f6748b38: start LeaderState
2019-10-17 07:10:23,879 [67ae3572-7d88-4e50-b53b-0f48f6748b38@group-233C052D78D6-LeaderElection19] INFO  segmented.SegmentedRaftLogWorker (SegmentedRaftLogWorker.java:startLogSegment(385)) - 67ae3572-7d88-4e50-b53b-0f48f6748b38@group-233C052D78D6-SegmentedRaftLogWorker: Starting segment from index:0
2019-10-17 07:10:23,880 [831edaa1-80a5-4091-843f-90c648a5a79d@group-233C052D78D6-LeaderElection20] INFO  impl.RaftServerImpl (ServerState.java:setRaftConf(357)) - 831edaa1-80a5-4091-843f-90c648a5a79d@group-233C052D78D6: set configuration 0: [67ae3572-7d88-4e50-b53b-0f48f6748b38:192.168.157.211:41299, 831edaa1-80a5-4091-843f-90c648a5a79d:192.168.157.211:44365, 5c4ee31d-c5ed-4c65-a5df-da3e3cf53ac2:192.168.157.211:45059], old=null at 0
2019-10-17 07:10:23,880 [grpc-default-executor-2] INFO  impl.RaftServerImpl (ServerState.java:setLeader(256)) - 831edaa1-80a5-4091-843f-90c648a5a79d@group-233C052D78D6: change Leader from 831edaa1-80a5-4091-843f-90c648a5a79d to null at term 5 for updateCurrentTerm
2019-10-17 07:10:23,880 [grpc-default-executor-2] INFO  impl.RaftServerImpl (RaftServerImpl.java:setRole(184)) - 831edaa1-80a5-4091-843f-90c648a5a79d@group-233C052D78D6: changes role from    LEADER to FOLLOWER at term 5 for recognizeCandidate:5c4ee31d-c5ed-4c65-a5df-da3e3cf53ac2
2019-10-17 07:10:23,880 [67ae3572-7d88-4e50-b53b-0f48f6748b38@group-233C052D78D6-LeaderElection19] INFO  impl.RaftServerImpl (ServerState.java:setRaftConf(357)) - 67ae3572-7d88-4e50-b53b-0f48f6748b38@group-233C052D78D6: set configuration 0: [67ae3572-7d88-4e50-b53b-0f48f6748b38:192.168.157.211:41299, 831edaa1-80a5-4091-843f-90c648a5a79d:192.168.157.211:44365, 5c4ee31d-c5ed-4c65-a5df-da3e3cf53ac2:192.168.157.211:45059], old=null at 0
2019-10-17 07:10:23,880 [grpc-default-executor-2] INFO  impl.RoleInfo (RoleInfo.java:shutdownLeaderState(104)) - 831edaa1-80a5-4091-843f-90c648a5a79d: shutdown LeaderState
2019-10-17 07:10:23,925 [grpc-default-executor-5] INFO  impl.RaftServerImpl (ServerState.java:setLeader(256)) - 67ae3572-7d88-4e50-b53b-0f48f6748b38@group-233C052D78D6: change Leader from 67ae3572-7d88-4e50-b53b-0f48f6748b38 to null at term 5 for updateCurrentTerm
2019-10-17 07:10:23,930 [grpc-default-executor-2] INFO  impl.PendingRequests (PendingRequests.java:sendNotLeaderResponses(202)) - 831edaa1-80a5-4091-843f-90c648a5a79d@group-233C052D78D6-PendingRequests: sendNotLeaderResponses
2019-10-17 07:10:23,930 [grpc-default-executor-5] INFO  impl.RaftServerImpl (RaftServerImpl.java:setRole(184)) - 67ae3572-7d88-4e50-b53b-0f48f6748b38@group-233C052D78D6: changes role from    LEADER to FOLLOWER at term 5 for recognizeCandidate:5c4ee31d-c5ed-4c65-a5df-da3e3cf53ac2
2019-10-17 07:10:23,930 [org.apache.ratis.server.impl.LogAppender$AppenderDaemon$$Lambda$406/1674391716@730b7a1f] WARN  server.GrpcLogAppender (GrpcLogAppender.java:mayWait(149)) - 831edaa1-80a5-4091-843f-90c648a5a79d@group-233C052D78D6->5c4ee31d-c5ed-4c65-a5df-da3e3cf53ac2-GrpcLogAppender: Wait interrupted by java.lang.InterruptedException
2019-10-17 07:10:23,931 [org.apache.ratis.server.impl.LogAppender$AppenderDaemon$$Lambda$406/1674391716@71edea27] WARN  server.GrpcLogAppender (GrpcLogAppender.java:mayWait(149)) - 831edaa1-80a5-4091-843f-90c648a5a79d@group-233C052D78D6->67ae3572-7d88-4e50-b53b-0f48f6748b38-GrpcLogAppender: Wait interrupted by java.lang.InterruptedException
2019-10-17 07:10:23,931 [grpc-default-executor-5] INFO  impl.RoleInfo (RoleInfo.java:shutdownLeaderState(104)) - 67ae3572-7d88-4e50-b53b-0f48f6748b38: shutdown LeaderState
2019-10-17 07:10:23,931 [grpc-default-executor-2] INFO  impl.RoleInfo (RoleInfo.java:updateAndGet(143)) - 831edaa1-80a5-4091-843f-90c648a5a79d: start FollowerState
2019-10-17 07:10:23,935 [grpc-default-executor-5] INFO  impl.PendingRequests (PendingRequests.java:sendNotLeaderResponses(202)) - 67ae3572-7d88-4e50-b53b-0f48f6748b38@group-233C052D78D6-PendingRequests: sendNotLeaderResponses
2019-10-17 07:10:23,935 [org.apache.ratis.server.impl.LogAppender$AppenderDaemon$$Lambda$406/1674391716@32504097] WARN  server.GrpcLogAppender (GrpcLogAppender.java:mayWait(149)) - 67ae3572-7d88-4e50-b53b-0f48f6748b38@group-233C052D78D6->5c4ee31d-c5ed-4c65-a5df-da3e3cf53ac2-GrpcLogAppender: Wait interrupted by java.lang.InterruptedException
2019-10-17 07:10:23,936 [grpc-default-executor-5] INFO  impl.RoleInfo (RoleInfo.java:updateAndGet(143)) - 67ae3572-7d88-4e50-b53b-0f48f6748b38: start FollowerState
2019-10-17 07:10:23,936 [org.apache.ratis.server.impl.LogAppender$AppenderDaemon$$Lambda$406/1674391716@3992522] WARN  server.GrpcLogAppender (GrpcLogAppender.java:mayWait(149)) - 67ae3572-7d88-4e50-b53b-0f48f6748b38@group-233C052D78D6->831edaa1-80a5-4091-843f-90c648a5a79d-GrpcLogAppender: Wait interrupted by java.lang.InterruptedException
2019-10-17 07:10:23,937 [grpc-default-executor-1] INFO  server.GrpcServerProtocolService (GrpcServerProtocolService.java:onCompleted(113)) - 5c4ee31d-c5ed-4c65-a5df-da3e3cf53ac2: Completed APPEND_ENTRIES, lastRequest: 67ae3572-7d88-4e50-b53b-0f48f6748b38->5c4ee31d-c5ed-4c65-a5df-da3e3cf53ac2#0-t1, previous=(t:0, i:0), leaderCommit=-1, initializing? false, entries: <empty>
2019-10-17 07:10:23,938 [grpc-default-executor-8] INFO  server.GrpcServerProtocolService (GrpcServerProtocolService.java:onCompleted(113)) - 5c4ee31d-c5ed-4c65-a5df-da3e3cf53ac2: Completed APPEND_ENTRIES, lastRequest: 831edaa1-80a5-4091-843f-90c648a5a79d->5c4ee31d-c5ed-4c65-a5df-da3e3cf53ac2#0-t4, previous=(t:0, i:0), leaderCommit=-1, initializing? false, entries: <empty>
2019-10-17 07:10:23,938 [5c4ee31d-c5ed-4c65-a5df-da3e3cf53ac2@group-233C052D78D6-LeaderElection23] INFO  impl.LeaderElection (LeaderElection.java:logAndReturn(56)) - 5c4ee31d-c5ed-4c65-a5df-da3e3cf53ac2@group-233C052D78D6-LeaderElection23: Election TIMEOUT; received 0 response(s) [] and 0 exception(s); 5c4ee31d-c5ed-4c65-a5df-da3e3cf53ac2@group-233C052D78D6:t5, leader=null, voted=5c4ee31d-c5ed-4c65-a5df-da3e3cf53ac2, raftlog=5c4ee31d-c5ed-4c65-a5df-da3e3cf53ac2@group-233C052D78D6-SegmentedRaftLog:OPENED:c-1,f-1,i0, conf=-1: [67ae3572-7d88-4e50-b53b-0f48f6748b38:192.168.157.211:41299, 831edaa1-80a5-4091-843f-90c648a5a79d:192.168.157.211:44365, 5c4ee31d-c5ed-4c65-a5df-da3e3cf53ac2:192.168.157.211:45059], old=null
2019-10-17 07:10:23,938 [831edaa1-80a5-4091-843f-90c648a5a79d@group-233C052D78D6-SegmentedRaftLogWorker] INFO  segmented.SegmentedRaftLogWorker (SegmentedRaftLogWorker.java:execute(576)) - 831edaa1-80a5-4091-843f-90c648a5a79d@group-233C052D78D6-SegmentedRaftLogWorker: created new log segment /workdir/hadoop-ozone/integration-test/target/test-dir/MiniOzoneClusterImpl-ef926406-3935-4524-95f5-43adee877df5/datanode-3/data/ratis/6566e30d-cfe7-4597-a5a4-233c052d78d6/current/log_inprogress_0
2019-10-17 07:10:23,938 [67ae3572-7d88-4e50-b53b-0f48f6748b38@group-233C052D78D6-SegmentedRaftLogWorker] INFO  segmented.SegmentedRaftLogWorker (SegmentedRaftLogWorker.java:execute(576)) - 67ae3572-7d88-4e50-b53b-0f48f6748b38@group-233C052D78D6-SegmentedRaftLogWorker: created new log segment /workdir/hadoop-ozone/integration-test/target/test-dir/MiniOzoneClusterImpl-ef926406-3935-4524-95f5-43adee877df5/datanode-0/data/ratis/6566e30d-cfe7-4597-a5a4-233c052d78d6/current/log_inprogress_0
2019-10-17 07:10:23,941 [grpc-default-executor-4] INFO  server.GrpcServerProtocolService (GrpcServerProtocolService.java:onCompleted(113)) - 831edaa1-80a5-4091-843f-90c648a5a79d: Completed APPEND_ENTRIES, lastRequest: 67ae3572-7d88-4e50-b53b-0f48f6748b38->831edaa1-80a5-4091-843f-90c648a5a79d#0-t1, previous=(t:0, i:0), leaderCommit=-1, initializing? false, entries: <empty>
2019-10-17 07:10:23,942 [grpc-default-executor-3] INFO  server.GrpcServerProtocolService (GrpcServerProtocolService.java:onCompleted(113)) - 67ae3572-7d88-4e50-b53b-0f48f6748b38: Completed APPEND_ENTRIES, lastRequest: 831edaa1-80a5-4091-843f-90c648a5a79d->67ae3572-7d88-4e50-b53b-0f48f6748b38#0-t4, previous=(t:0, i:0), leaderCommit=-1, initializing? false, entries: <empty>
2019-10-17 07:10:23,942 [grpc-default-executor-7] INFO  server.GrpcLogAppender (GrpcLogAppender.java:onCompleted(308)) - 67ae3572-7d88-4e50-b53b-0f48f6748b38@group-233C052D78D6->5c4ee31d-c5ed-4c65-a5df-da3e3cf53ac2-AppendLogResponseHandler: follower responses appendEntries COMPLETED
2019-10-17 07:10:23,945 [grpc-default-executor-7] INFO  impl.FollowerInfo (FollowerInfo.java:lambda$new$0(51)) - 67ae3572-7d88-4e50-b53b-0f48f6748b38@group-233C052D78D6->5c4ee31d-c5ed-4c65-a5df-da3e3cf53ac2: nextIndex: updateUnconditionally 0 -> 0
2019-10-17 07:10:23,946 [grpc-default-executor-11] INFO  server.GrpcLogAppender (GrpcLogAppender.java:onCompleted(308)) - 831edaa1-80a5-4091-843f-90c648a5a79d@group-233C052D78D6->5c4ee31d-c5ed-4c65-a5df-da3e3cf53ac2-AppendLogResponseHandler: follower responses appendEntries COMPLETED
2019-10-17 07:10:23,949 [grpc-default-executor-3] INFO  server.GrpcLogAppender (GrpcLogAppender.java:onCompleted(308)) - 67ae3572-7d88-4e50-b53b-0f48f6748b38@group-233C052D78D6->831edaa1-80a5-4091-843f-90c648a5a79d-AppendLogResponseHandler: follower responses appendEntries COMPLETED
2019-10-17 07:10:23,954 [Thread-481] INFO  impl.FollowerState (FollowerState.java:run(108)) - decc5551-dd4b-40dc-8ff5-b6b450d67f6f@group-42ACBF6EBE4E-FollowerState: change to CANDIDATE, lastRpcTime:131ms, electionTimeout:130ms
2019-10-17 07:10:23,954 [grpc-default-executor-9] INFO  server.GrpcLogAppender (GrpcLogAppender.java:onCompleted(308)) - 831edaa1-80a5-4091-843f-90c648a5a79d@group-233C052D78D6->67ae3572-7d88-4e50-b53b-0f48f6748b38-AppendLogResponseHandler: follower responses appendEntries COMPLETED
2019-10-17 07:10:23,954 [grpc-default-executor-11] INFO  impl.FollowerInfo (FollowerInfo.java:lambda$new$0(51)) - 831edaa1-80a5-4091-843f-90c648a5a79d@group-233C052D78D6->5c4ee31d-c5ed-4c65-a5df-da3e3cf53ac2: nextIndex: updateUnconditionally 0 -> 0
2019-10-17 07:10:23,954 [Thread-481] INFO  impl.RoleInfo (RoleInfo.java:shutdownFollowerState(121)) - decc5551-dd4b-40dc-8ff5-b6b450d67f6f: shutdown FollowerState
2019-10-17 07:10:23,957 [Thread-481] INFO  impl.RaftServerImpl (RaftServerImpl.java:setRole(184)) - decc5551-dd4b-40dc-8ff5-b6b450d67f6f@group-42ACBF6EBE4E: changes role from  FOLLOWER to CANDIDATE at term 11 for changeToCandidate
2019-10-17 07:10:23,957 [grpc-default-executor-3] INFO  impl.FollowerInfo (FollowerInfo.java:lambda$new$0(51)) - 67ae3572-7d88-4e50-b53b-0f48f6748b38@group-233C052D78D6->831edaa1-80a5-4091-843f-90c648a5a79d: nextIndex: updateUnconditionally 0 -> 0
2019-10-17 07:10:23,957 [Thread-481] INFO  impl.RoleInfo (RoleInfo.java:updateAndGet(143)) - decc5551-dd4b-40dc-8ff5-b6b450d67f6f: start LeaderElection
2019-10-17 07:10:23,957 [grpc-default-executor-9] INFO  impl.FollowerInfo (FollowerInfo.java:lambda$new$0(51)) - 831edaa1-80a5-4091-843f-90c648a5a79d@group-233C052D78D6->67ae3572-7d88-4e50-b53b-0f48f6748b38: nextIndex: updateUnconditionally 0 -> 0
2019-10-17 07:10:23,964 [decc5551-dd4b-40dc-8ff5-b6b450d67f6f@group-42ACBF6EBE4E-LeaderElection24] INFO  impl.LeaderElection (LeaderElection.java:askForVotes(178)) - decc5551-dd4b-40dc-8ff5-b6b450d67f6f@group-42ACBF6EBE4E-LeaderElection24: begin an election at term 12 for -1: [215fceca-0555-458b-bc4f-ba38ff24d5ba:192.168.157.211:43803, decc5551-dd4b-40dc-8ff5-b6b450d67f6f:192.168.157.211:34435, 0c631657-10a5-4e2a-a322-8fc6c651b2ed:192.168.157.211:41694], old=null
2019-10-17 07:10:23,964 [5c4ee31d-c5ed-4c65-a5df-da3e3cf53ac2@group-233C052D78D6-LeaderElection23] INFO  impl.LeaderElection (LeaderElection.java:askForVotes(178)) - 5c4ee31d-c5ed-4c65-a5df-da3e3cf53ac2@group-233C052D78D6-LeaderElection23: begin an election at term 6 for -1: [67ae3572-7d88-4e50-b53b-0f48f6748b38:192.168.157.211:41299, 831edaa1-80a5-4091-843f-90c648a5a79d:192.168.157.211:44365, 5c4ee31d-c5ed-4c65-a5df-da3e3cf53ac2:192.168.157.211:45059], old=null
2019-10-17 07:10:23,969 [grpc-default-executor-9] INFO  impl.RaftServerImpl (RaftServerImpl.java:setRole(184)) - 831edaa1-80a5-4091-843f-90c648a5a79d@group-233C052D78D6: changes role from  FOLLOWER to FOLLOWER at term 6 for recognizeCandidate:5c4ee31d-c5ed-4c65-a5df-da3e3cf53ac2
2019-10-17 07:10:23,969 [grpc-default-executor-9] INFO  impl.RoleInfo (RoleInfo.java:shutdownFollowerState(121)) - 831edaa1-80a5-4091-843f-90c648a5a79d: shutdown FollowerState
2019-10-17 07:10:23,969 [Thread-489] INFO  impl.FollowerState (FollowerState.java:run(117)) - 831edaa1-80a5-4091-843f-90c648a5a79d@group-233C052D78D6-FollowerState was interrupted: java.lang.InterruptedException: sleep interrupted
2019-10-17 07:10:23,969 [grpc-default-executor-3] INFO  impl.RaftServerImpl (RaftServerImpl.java:setRole(184)) - 0c631657-10a5-4e2a-a322-8fc6c651b2ed@group-42ACBF6EBE4E: changes role from  FOLLOWER to FOLLOWER at term 12 for recognizeCandidate:decc5551-dd4b-40dc-8ff5-b6b450d67f6f
2019-10-17 07:10:23,969 [grpc-default-executor-9] INFO  impl.RoleInfo (RoleInfo.java:updateAndGet(143)) - 831edaa1-80a5-4091-843f-90c648a5a79d: start FollowerState
2019-10-17 07:10:23,970 [grpc-default-executor-3] INFO  impl.RoleInfo (RoleInfo.java:shutdownFollowerState(121)) - 0c631657-10a5-4e2a-a322-8fc6c651b2ed: shutdown FollowerState
2019-10-17 07:10:23,970 [grpc-default-executor-11] INFO  impl.RaftServerImpl (RaftServerImpl.java:setRole(184)) - 67ae3572-7d88-4e50-b53b-0f48f6748b38@group-233C052D78D6: changes role from  FOLLOWER to FOLLOWER at term 6 for recognizeCandidate:5c4ee31d-c5ed-4c65-a5df-da3e3cf53ac2
2019-10-17 07:10:23,970 [grpc-default-executor-11] INFO  impl.RoleInfo (RoleInfo.java:shutdownFollowerState(121)) - 67ae3572-7d88-4e50-b53b-0f48f6748b38: shutdown FollowerState
2019-10-17 07:10:23,970 [grpc-default-executor-10] INFO  impl.RaftServerImpl (RaftServerImpl.java:setRole(184)) - 215fceca-0555-458b-bc4f-ba38ff24d5ba@group-42ACBF6EBE4E: changes role from  FOLLOWER to FOLLOWER at term 12 for recognizeCandidate:decc5551-dd4b-40dc-8ff5-b6b450d67f6f
2019-10-17 07:10:23,970 [grpc-default-executor-11] INFO  impl.RoleInfo (RoleInfo.java:updateAndGet(143)) - 67ae3572-7d88-4e50-b53b-0f48f6748b38: start FollowerState
2019-10-17 07:10:23,970 [Thread-491] INFO  impl.FollowerState (FollowerState.java:run(117)) - 67ae3572-7d88-4e50-b53b-0f48f6748b38@group-233C052D78D6-FollowerState was interrupted: java.lang.InterruptedException: sleep interrupted
2019-10-17 07:10:23,970 [grpc-default-executor-3] INFO  impl.RoleInfo (RoleInfo.java:updateAndGet(143)) - 0c631657-10a5-4e2a-a322-8fc6c651b2ed: start FollowerState
2019-10-17 07:10:23,970 [Thread-479] INFO  impl.FollowerState (FollowerState.java:run(117)) - 0c631657-10a5-4e2a-a322-8fc6c651b2ed@group-42ACBF6EBE4E-FollowerState was interrupted: java.lang.InterruptedException: sleep interrupted
2019-10-17 07:10:23,970 [grpc-default-executor-10] INFO  impl.RoleInfo (RoleInfo.java:shutdownFollowerState(121)) - 215fceca-0555-458b-bc4f-ba38ff24d5ba: shutdown FollowerState
2019-10-17 07:10:23,971 [grpc-default-executor-10] INFO  impl.RoleInfo (RoleInfo.java:updateAndGet(143)) - 215fceca-0555-458b-bc4f-ba38ff24d5ba: start FollowerState
2019-10-17 07:10:23,971 [Thread-480] INFO  impl.FollowerState (FollowerState.java:run(117)) - 215fceca-0555-458b-bc4f-ba38ff24d5ba@group-42ACBF6EBE4E-FollowerState was interrupted: java.lang.InterruptedException: sleep interrupted
2019-10-17 07:10:23,986 [5c4ee31d-c5ed-4c65-a5df-da3e3cf53ac2@group-233C052D78D6-LeaderElection23] INFO  impl.LeaderElection (LeaderElection.java:logAndReturn(56)) - 5c4ee31d-c5ed-4c65-a5df-da3e3cf53ac2@group-233C052D78D6-LeaderElection23: Election REJECTED; received 2 response(s) [5c4ee31d-c5ed-4c65-a5df-da3e3cf53ac2<-67ae3572-7d88-4e50-b53b-0f48f6748b38#0:FAIL-t6, 5c4ee31d-c5ed-4c65-a5df-da3e3cf53ac2<-831edaa1-80a5-4091-843f-90c648a5a79d#0:FAIL-t6] and 0 exception(s); 5c4ee31d-c5ed-4c65-a5df-da3e3cf53ac2@group-233C052D78D6:t6, leader=null, voted=5c4ee31d-c5ed-4c65-a5df-da3e3cf53ac2, raftlog=5c4ee31d-c5ed-4c65-a5df-da3e3cf53ac2@group-233C052D78D6-SegmentedRaftLog:OPENED:c-1,f-1,i0, conf=-1: [67ae3572-7d88-4e50-b53b-0f48f6748b38:192.168.157.211:41299, 831edaa1-80a5-4091-843f-90c648a5a79d:192.168.157.211:44365, 5c4ee31d-c5ed-4c65-a5df-da3e3cf53ac2:192.168.157.211:45059], old=null
2019-10-17 07:10:23,986 [5c4ee31d-c5ed-4c65-a5df-da3e3cf53ac2@group-233C052D78D6-LeaderElection23] INFO  impl.RaftServerImpl (RaftServerImpl.java:setRole(184)) - 5c4ee31d-c5ed-4c65-a5df-da3e3cf53ac2@group-233C052D78D6: changes role from CANDIDATE to FOLLOWER at term 6 for DISCOVERED_A_NEW_TERM
2019-10-17 07:10:23,986 [decc5551-dd4b-40dc-8ff5-b6b450d67f6f@group-42ACBF6EBE4E-LeaderElection24] INFO  impl.LeaderElection (LeaderElection.java:logAndReturn(56)) - decc5551-dd4b-40dc-8ff5-b6b450d67f6f@group-42ACBF6EBE4E-LeaderElection24: Election REJECTED; received 2 response(s) [decc5551-dd4b-40dc-8ff5-b6b450d67f6f<-215fceca-0555-458b-bc4f-ba38ff24d5ba#0:FAIL-t12, decc5551-dd4b-40dc-8ff5-b6b450d67f6f<-0c631657-10a5-4e2a-a322-8fc6c651b2ed#0:FAIL-t12] and 0 exception(s); decc5551-dd4b-40dc-8ff5-b6b450d67f6f@group-42ACBF6EBE4E:t12, leader=null, voted=decc5551-dd4b-40dc-8ff5-b6b450d67f6f, raftlog=decc5551-dd4b-40dc-8ff5-b6b450d67f6f@group-42ACBF6EBE4E-SegmentedRaftLog:OPENED:c-1,f-1,i0, conf=-1: [215fceca-0555-458b-bc4f-ba38ff24d5ba:192.168.157.211:43803, decc5551-dd4b-40dc-8ff5-b6b450d67f6f:192.168.157.211:34435, 0c631657-10a5-4e2a-a322-8fc6c651b2ed:192.168.157.211:41694], old=null
2019-10-17 07:10:23,986 [5c4ee31d-c5ed-4c65-a5df-da3e3cf53ac2@group-233C052D78D6-LeaderElection23] INFO  impl.RoleInfo (RoleInfo.java:shutdownLeaderElection(134)) - 5c4ee31d-c5ed-4c65-a5df-da3e3cf53ac2: shutdown LeaderElection
2019-10-17 07:10:23,989 [decc5551-dd4b-40dc-8ff5-b6b450d67f6f@group-42ACBF6EBE4E-LeaderElection24] INFO  impl.RaftServerImpl (RaftServerImpl.java:setRole(184)) - decc5551-dd4b-40dc-8ff5-b6b450d67f6f@group-42ACBF6EBE4E: changes role from CANDIDATE to FOLLOWER at term 12 for DISCOVERED_A_NEW_TERM
2019-10-17 07:10:23,991 [decc5551-dd4b-40dc-8ff5-b6b450d67f6f@group-42ACBF6EBE4E-LeaderElection24] INFO  impl.RoleInfo (RoleInfo.java:shutdownLeaderElection(134)) - decc5551-dd4b-40dc-8ff5-b6b450d67f6f: shutdown LeaderElection
2019-10-17 07:10:23,991 [5c4ee31d-c5ed-4c65-a5df-da3e3cf53ac2@group-233C052D78D6-LeaderElection23] INFO  impl.RoleInfo (RoleInfo.java:updateAndGet(143)) - 5c4ee31d-c5ed-4c65-a5df-da3e3cf53ac2: start FollowerState
2019-10-17 07:10:23,991 [decc5551-dd4b-40dc-8ff5-b6b450d67f6f@group-42ACBF6EBE4E-LeaderElection24] INFO  impl.RoleInfo (RoleInfo.java:updateAndGet(143)) - decc5551-dd4b-40dc-8ff5-b6b450d67f6f: start FollowerState
2019-10-17 07:10:24,056 [Thread-504] INFO  impl.FollowerState (FollowerState.java:run(108)) - decc5551-dd4b-40dc-8ff5-b6b450d67f6f@group-42ACBF6EBE4E-FollowerState: change to CANDIDATE, lastRpcTime:64ms, electionTimeout:64ms
2019-10-17 07:10:24,056 [Thread-504] INFO  impl.RoleInfo (RoleInfo.java:shutdownFollowerState(121)) - decc5551-dd4b-40dc-8ff5-b6b450d67f6f: shutdown FollowerState
2019-10-17 07:10:24,056 [Thread-504] INFO  impl.RaftServerImpl (RaftServerImpl.java:setRole(184)) - decc5551-dd4b-40dc-8ff5-b6b450d67f6f@group-42ACBF6EBE4E: changes role from  FOLLOWER to CANDIDATE at term 12 for changeToCandidate
2019-10-17 07:10:24,056 [Thread-504] INFO  impl.RoleInfo (RoleInfo.java:updateAndGet(143)) - decc5551-dd4b-40dc-8ff5-b6b450d67f6f: start LeaderElection
2019-10-17 07:10:24,060 [Thread-503] INFO  impl.FollowerState (FollowerState.java:run(108)) - 5c4ee31d-c5ed-4c65-a5df-da3e3cf53ac2@group-233C052D78D6-FollowerState: change to CANDIDATE, lastRpcTime:69ms, electionTimeout:69ms
2019-10-17 07:10:24,060 [Thread-503] INFO  impl.RoleInfo (RoleInfo.java:shutdownFollowerState(121)) - 5c4ee31d-c5ed-4c65-a5df-da3e3cf53ac2: shutdown FollowerState
2019-10-17 07:10:24,061 [Thread-503] INFO  impl.RaftServerImpl (RaftServerImpl.java:setRole(184)) - 5c4ee31d-c5ed-4c65-a5df-da3e3cf53ac2@group-233C052D78D6: changes role from  FOLLOWER to CANDIDATE at term 6 for changeToCandidate
2019-10-17 07:10:24,061 [Thread-503] INFO  impl.RoleInfo (RoleInfo.java:updateAndGet(143)) - 5c4ee31d-c5ed-4c65-a5df-da3e3cf53ac2: start LeaderElection
2019-10-17 07:10:24,070 [decc5551-dd4b-40dc-8ff5-b6b450d67f6f@group-42ACBF6EBE4E-LeaderElection25] INFO  impl.LeaderElection (LeaderElection.java:askForVotes(178)) - decc5551-dd4b-40dc-8ff5-b6b450d67f6f@group-42ACBF6EBE4E-LeaderElection25: begin an election at term 13 for -1: [215fceca-0555-458b-bc4f-ba38ff24d5ba:192.168.157.211:43803, decc5551-dd4b-40dc-8ff5-b6b450d67f6f:192.168.157.211:34435, 0c631657-10a5-4e2a-a322-8fc6c651b2ed:192.168.157.211:41694], old=null
2019-10-17 07:10:24,070 [5c4ee31d-c5ed-4c65-a5df-da3e3cf53ac2@group-233C052D78D6-LeaderElection26] INFO  impl.LeaderElection (LeaderElection.java:askForVotes(178)) - 5c4ee31d-c5ed-4c65-a5df-da3e3cf53ac2@group-233C052D78D6-LeaderElection26: begin an election at term 7 for -1: [67ae3572-7d88-4e50-b53b-0f48f6748b38:192.168.157.211:41299, 831edaa1-80a5-4091-843f-90c648a5a79d:192.168.157.211:44365, 5c4ee31d-c5ed-4c65-a5df-da3e3cf53ac2:192.168.157.211:45059], old=null
2019-10-17 07:10:24,074 [grpc-default-executor-11] INFO  impl.RaftServerImpl (RaftServerImpl.java:setRole(184)) - 215fceca-0555-458b-bc4f-ba38ff24d5ba@group-42ACBF6EBE4E: changes role from  FOLLOWER to FOLLOWER at term 13 for recognizeCandidate:decc5551-dd4b-40dc-8ff5-b6b450d67f6f
2019-10-17 07:10:24,074 [grpc-default-executor-11] INFO  impl.RoleInfo (RoleInfo.java:shutdownFollowerState(121)) - 215fceca-0555-458b-bc4f-ba38ff24d5ba: shutdown FollowerState
2019-10-17 07:10:24,074 [grpc-default-executor-3] INFO  impl.RaftServerImpl (RaftServerImpl.java:setRole(184)) - 67ae3572-7d88-4e50-b53b-0f48f6748b38@group-233C052D78D6: changes role from  FOLLOWER to FOLLOWER at term 7 for recognizeCandidate:5c4ee31d-c5ed-4c65-a5df-da3e3cf53ac2
2019-10-17 07:10:24,074 [grpc-default-executor-11] INFO  impl.RoleInfo (RoleInfo.java:updateAndGet(143)) - 215fceca-0555-458b-bc4f-ba38ff24d5ba: start FollowerState
2019-10-17 07:10:24,074 [Thread-502] INFO  impl.FollowerState (FollowerState.java:run(117)) - 215fceca-0555-458b-bc4f-ba38ff24d5ba@group-42ACBF6EBE4E-FollowerState was interrupted: java.lang.InterruptedException: sleep interrupted
2019-10-17 07:10:24,074 [grpc-default-executor-10] INFO  impl.RaftServerImpl (RaftServerImpl.java:setRole(184)) - 831edaa1-80a5-4091-843f-90c648a5a79d@group-233C052D78D6: changes role from  FOLLOWER to FOLLOWER at term 7 for recognizeCandidate:5c4ee31d-c5ed-4c65-a5df-da3e3cf53ac2
2019-10-17 07:10:24,074 [grpc-default-executor-3] INFO  impl.RoleInfo (RoleInfo.java:shutdownFollowerState(121)) - 67ae3572-7d88-4e50-b53b-0f48f6748b38: shutdown FollowerState
2019-10-17 07:10:24,074 [grpc-default-executor-9] INFO  impl.RaftServerImpl (RaftServerImpl.java:setRole(184)) - 0c631657-10a5-4e2a-a322-8fc6c651b2ed@group-42ACBF6EBE4E: changes role from  FOLLOWER to FOLLOWER at term 13 for recognizeCandidate:decc5551-dd4b-40dc-8ff5-b6b450d67f6f
2019-10-17 07:10:24,075 [Thread-501] INFO  impl.FollowerState (FollowerState.java:run(117)) - 67ae3572-7d88-4e50-b53b-0f48f6748b38@group-233C052D78D6-FollowerState was interrupted: java.lang.InterruptedException: sleep interrupted
2019-10-17 07:10:24,075 [grpc-default-executor-3] INFO  impl.RoleInfo (RoleInfo.java:updateAndGet(143)) - 67ae3572-7d88-4e50-b53b-0f48f6748b38: start FollowerState
2019-10-17 07:10:24,075 [grpc-default-executor-10] INFO  impl.RoleInfo (RoleInfo.java:shutdownFollowerState(121)) - 831edaa1-80a5-4091-843f-90c648a5a79d: shutdown FollowerState
2019-10-17 07:10:24,075 [grpc-default-executor-9] INFO  impl.RoleInfo (RoleInfo.java:shutdownFollowerState(121)) - 0c631657-10a5-4e2a-a322-8fc6c651b2ed: shutdown FollowerState
2019-10-17 07:10:24,075 [grpc-default-executor-10] INFO  impl.RoleInfo (RoleInfo.java:updateAndGet(143)) - 831edaa1-80a5-4091-843f-90c648a5a79d: start FollowerState
2019-10-17 07:10:24,075 [Thread-499] INFO  impl.FollowerState (FollowerState.java:run(117)) - 831edaa1-80a5-4091-843f-90c648a5a79d@group-233C052D78D6-FollowerState was interrupted: java.lang.InterruptedException: sleep interrupted
2019-10-17 07:10:24,076 [grpc-default-executor-9] INFO  impl.RoleInfo (RoleInfo.java:updateAndGet(143)) - 0c631657-10a5-4e2a-a322-8fc6c651b2ed: start FollowerState
2019-10-17 07:10:24,076 [Thread-500] INFO  impl.FollowerState (FollowerState.java:run(117)) - 0c631657-10a5-4e2a-a322-8fc6c651b2ed@group-42ACBF6EBE4E-FollowerState was interrupted: java.lang.InterruptedException: sleep interrupted
2019-10-17 07:10:24,078 [5c4ee31d-c5ed-4c65-a5df-da3e3cf53ac2@group-233C052D78D6-LeaderElection26] INFO  impl.LeaderElection (LeaderElection.java:logAndReturn(56)) - 5c4ee31d-c5ed-4c65-a5df-da3e3cf53ac2@group-233C052D78D6-LeaderElection26: Election TIMEOUT; received 0 response(s) [] and 0 exception(s); 5c4ee31d-c5ed-4c65-a5df-da3e3cf53ac2@group-233C052D78D6:t7, leader=null, voted=5c4ee31d-c5ed-4c65-a5df-da3e3cf53ac2, raftlog=5c4ee31d-c5ed-4c65-a5df-da3e3cf53ac2@group-233C052D78D6-SegmentedRaftLog:OPENED:c-1,f-1,i0, conf=-1: [67ae3572-7d88-4e50-b53b-0f48f6748b38:192.168.157.211:41299, 831edaa1-80a5-4091-843f-90c648a5a79d:192.168.157.211:44365, 5c4ee31d-c5ed-4c65-a5df-da3e3cf53ac2:192.168.157.211:45059], old=null
2019-10-17 07:10:24,088 [5c4ee31d-c5ed-4c65-a5df-da3e3cf53ac2@group-233C052D78D6-LeaderElection26] INFO  impl.LeaderElection (LeaderElection.java:askForVotes(178)) - 5c4ee31d-c5ed-4c65-a5df-da3e3cf53ac2@group-233C052D78D6-LeaderElection26: begin an election at term 8 for -1: [67ae3572-7d88-4e50-b53b-0f48f6748b38:192.168.157.211:41299, 831edaa1-80a5-4091-843f-90c648a5a79d:192.168.157.211:44365, 5c4ee31d-c5ed-4c65-a5df-da3e3cf53ac2:192.168.157.211:45059], old=null
2019-10-17 07:10:24,091 [grpc-default-executor-9] INFO  impl.RaftServerImpl (RaftServerImpl.java:setRole(184)) - 67ae3572-7d88-4e50-b53b-0f48f6748b38@group-233C052D78D6: changes role from  FOLLOWER to FOLLOWER at term 8 for recognizeCandidate:5c4ee31d-c5ed-4c65-a5df-da3e3cf53ac2
2019-10-17 07:10:24,095 [grpc-default-executor-9] INFO  impl.RoleInfo (RoleInfo.java:shutdownFollowerState(121)) - 67ae3572-7d88-4e50-b53b-0f48f6748b38: shutdown FollowerState
2019-10-17 07:10:24,091 [grpc-default-executor-11] INFO  impl.RaftServerImpl (RaftServerImpl.java:setRole(184)) - 831edaa1-80a5-4091-843f-90c648a5a79d@group-233C052D78D6: changes role from  FOLLOWER to FOLLOWER at term 8 for recognizeCandidate:5c4ee31d-c5ed-4c65-a5df-da3e3cf53ac2
2019-10-17 07:10:24,095 [grpc-default-executor-9] INFO  impl.RoleInfo (RoleInfo.java:updateAndGet(143)) - 67ae3572-7d88-4e50-b53b-0f48f6748b38: start FollowerState
2019-10-17 07:10:24,095 [Thread-512] INFO  impl.FollowerState (FollowerState.java:run(117)) - 67ae3572-7d88-4e50-b53b-0f48f6748b38@group-233C052D78D6-FollowerState was interrupted: java.lang.InterruptedException: sleep interrupted
2019-10-17 07:10:24,095 [grpc-default-executor-11] INFO  impl.RoleInfo (RoleInfo.java:shutdownFollowerState(121)) - 831edaa1-80a5-4091-843f-90c648a5a79d: shutdown FollowerState
2019-10-17 07:10:24,096 [decc5551-dd4b-40dc-8ff5-b6b450d67f6f@group-42ACBF6EBE4E-LeaderElection25] INFO  impl.LeaderElection (LeaderElection.java:logAndReturn(56)) - decc5551-dd4b-40dc-8ff5-b6b450d67f6f@group-42ACBF6EBE4E-LeaderElection25: Election REJECTED; received 2 response(s) [decc5551-dd4b-40dc-8ff5-b6b450d67f6f<-215fceca-0555-458b-bc4f-ba38ff24d5ba#0:FAIL-t13, decc5551-dd4b-40dc-8ff5-b6b450d67f6f<-0c631657-10a5-4e2a-a322-8fc6c651b2ed#0:FAIL-t13] and 0 exception(s); decc5551-dd4b-40dc-8ff5-b6b450d67f6f@group-42ACBF6EBE4E:t13, leader=null, voted=decc5551-dd4b-40dc-8ff5-b6b450d67f6f, raftlog=decc5551-dd4b-40dc-8ff5-b6b450d67f6f@group-42ACBF6EBE4E-SegmentedRaftLog:OPENED:c-1,f-1,i0, conf=-1: [215fceca-0555-458b-bc4f-ba38ff24d5ba:192.168.157.211:43803, decc5551-dd4b-40dc-8ff5-b6b450d67f6f:192.168.157.211:34435, 0c631657-10a5-4e2a-a322-8fc6c651b2ed:192.168.157.211:41694], old=null
2019-10-17 07:10:24,096 [Thread-513] INFO  impl.FollowerState (FollowerState.java:run(117)) - 831edaa1-80a5-4091-843f-90c648a5a79d@group-233C052D78D6-FollowerState was interrupted: java.lang.InterruptedException: sleep interrupted
2019-10-17 07:10:24,096 [grpc-default-executor-11] INFO  impl.RoleInfo (RoleInfo.java:updateAndGet(143)) - 831edaa1-80a5-4091-843f-90c648a5a79d: start FollowerState
2019-10-17 07:10:24,096 [decc5551-dd4b-40dc-8ff5-b6b450d67f6f@group-42ACBF6EBE4E-LeaderElection25] INFO  impl.RaftServerImpl (RaftServerImpl.java:setRole(184)) - decc5551-dd4b-40dc-8ff5-b6b450d67f6f@group-42ACBF6EBE4E: changes role from CANDIDATE to FOLLOWER at term 13 for DISCOVERED_A_NEW_TERM
2019-10-17 07:10:24,098 [decc5551-dd4b-40dc-8ff5-b6b450d67f6f@group-42ACBF6EBE4E-LeaderElection25] INFO  impl.RoleInfo (RoleInfo.java:shutdownLeaderElection(134)) - decc5551-dd4b-40dc-8ff5-b6b450d67f6f: shutdown LeaderElection
2019-10-17 07:10:24,098 [decc5551-dd4b-40dc-8ff5-b6b450d67f6f@group-42ACBF6EBE4E-LeaderElection25] INFO  impl.RoleInfo (RoleInfo.java:updateAndGet(143)) - decc5551-dd4b-40dc-8ff5-b6b450d67f6f: start FollowerState
2019-10-17 07:10:24,108 [5c4ee31d-c5ed-4c65-a5df-da3e3cf53ac2@group-233C052D78D6-LeaderElection26] INFO  impl.LeaderElection (LeaderElection.java:logAndReturn(56)) - 5c4ee31d-c5ed-4c65-a5df-da3e3cf53ac2@group-233C052D78D6-LeaderElection26: Election REJECTED; received 2 response(s) [5c4ee31d-c5ed-4c65-a5df-da3e3cf53ac2<-67ae3572-7d88-4e50-b53b-0f48f6748b38#0:FAIL-t8, 5c4ee31d-c5ed-4c65-a5df-da3e3cf53ac2<-831edaa1-80a5-4091-843f-90c648a5a79d#0:FAIL-t8] and 0 exception(s); 5c4ee31d-c5ed-4c65-a5df-da3e3cf53ac2@group-233C052D78D6:t8, leader=null, voted=5c4ee31d-c5ed-4c65-a5df-da3e3cf53ac2, raftlog=5c4ee31d-c5ed-4c65-a5df-da3e3cf53ac2@group-233C052D78D6-SegmentedRaftLog:OPENED:c-1,f-1,i0, conf=-1: [67ae3572-7d88-4e50-b53b-0f48f6748b38:192.168.157.211:41299, 831edaa1-80a5-4091-843f-90c648a5a79d:192.168.157.211:44365, 5c4ee31d-c5ed-4c65-a5df-da3e3cf53ac2:192.168.157.211:45059], old=null
2019-10-17 07:10:24,108 [5c4ee31d-c5ed-4c65-a5df-da3e3cf53ac2@group-233C052D78D6-LeaderElection26] INFO  impl.RaftServerImpl (RaftServerImpl.java:setRole(184)) - 5c4ee31d-c5ed-4c65-a5df-da3e3cf53ac2@group-233C052D78D6: changes role from CANDIDATE to FOLLOWER at term 8 for DISCOVERED_A_NEW_TERM
2019-10-17 07:10:24,108 [5c4ee31d-c5ed-4c65-a5df-da3e3cf53ac2@group-233C052D78D6-LeaderElection26] INFO  impl.RoleInfo (RoleInfo.java:shutdownLeaderElection(134)) - 5c4ee31d-c5ed-4c65-a5df-da3e3cf53ac2: shutdown LeaderElection
2019-10-17 07:10:24,108 [5c4ee31d-c5ed-4c65-a5df-da3e3cf53ac2@group-233C052D78D6-LeaderElection26] INFO  impl.RoleInfo (RoleInfo.java:updateAndGet(143)) - 5c4ee31d-c5ed-4c65-a5df-da3e3cf53ac2: start FollowerState
2019-10-17 07:10:24,179 [main] INFO  impl.MetricsSystemImpl (MetricsSystemImpl.java:init(158)) - XceiverClientMetrics metrics system started (again)
2019-10-17 07:10:24,212 [Thread-520] INFO  impl.FollowerState (FollowerState.java:run(108)) - 5c4ee31d-c5ed-4c65-a5df-da3e3cf53ac2@group-233C052D78D6-FollowerState: change to CANDIDATE, lastRpcTime:103ms, electionTimeout:103ms
2019-10-17 07:10:24,212 [Thread-520] INFO  impl.RoleInfo (RoleInfo.java:shutdownFollowerState(121)) - 5c4ee31d-c5ed-4c65-a5df-da3e3cf53ac2: shutdown FollowerState
2019-10-17 07:10:24,212 [Thread-520] INFO  impl.RaftServerImpl (RaftServerImpl.java:setRole(184)) - 5c4ee31d-c5ed-4c65-a5df-da3e3cf53ac2@group-233C052D78D6: changes role from  FOLLOWER to CANDIDATE at term 8 for changeToCandidate
2019-10-17 07:10:24,212 [Thread-520] INFO  impl.RoleInfo (RoleInfo.java:updateAndGet(143)) - 5c4ee31d-c5ed-4c65-a5df-da3e3cf53ac2: start LeaderElection
2019-10-17 07:10:24,226 [5c4ee31d-c5ed-4c65-a5df-da3e3cf53ac2@group-233C052D78D6-LeaderElection27] INFO  impl.LeaderElection (LeaderElection.java:askForVotes(178)) - 5c4ee31d-c5ed-4c65-a5df-da3e3cf53ac2@group-233C052D78D6-LeaderElection27: begin an election at term 9 for -1: [67ae3572-7d88-4e50-b53b-0f48f6748b38:192.168.157.211:41299, 831edaa1-80a5-4091-843f-90c648a5a79d:192.168.157.211:44365, 5c4ee31d-c5ed-4c65-a5df-da3e3cf53ac2:192.168.157.211:45059], old=null
2019-10-17 07:10:24,229 [grpc-default-executor-9] INFO  impl.RaftServerImpl (RaftServerImpl.java:setRole(184)) - 67ae3572-7d88-4e50-b53b-0f48f6748b38@group-233C052D78D6: changes role from  FOLLOWER to FOLLOWER at term 9 for recognizeCandidate:5c4ee31d-c5ed-4c65-a5df-da3e3cf53ac2
2019-10-17 07:10:24,229 [grpc-default-executor-11] INFO  impl.RaftServerImpl (RaftServerImpl.java:setRole(184)) - 831edaa1-80a5-4091-843f-90c648a5a79d@group-233C052D78D6: changes role from  FOLLOWER to FOLLOWER at term 9 for recognizeCandidate:5c4ee31d-c5ed-4c65-a5df-da3e3cf53ac2
2019-10-17 07:10:24,230 [grpc-default-executor-9] INFO  impl.RoleInfo (RoleInfo.java:shutdownFollowerState(121)) - 67ae3572-7d88-4e50-b53b-0f48f6748b38: shutdown FollowerState
2019-10-17 07:10:24,230 [grpc-default-executor-11] INFO  impl.RoleInfo (RoleInfo.java:shutdownFollowerState(121)) - 831edaa1-80a5-4091-843f-90c648a5a79d: shutdown FollowerState
2019-10-17 07:10:24,230 [grpc-default-executor-9] INFO  impl.RoleInfo (RoleInfo.java:updateAndGet(143)) - 67ae3572-7d88-4e50-b53b-0f48f6748b38: start FollowerState
2019-10-17 07:10:24,230 [grpc-default-executor-11] INFO  impl.RoleInfo (RoleInfo.java:updateAndGet(143)) - 831edaa1-80a5-4091-843f-90c648a5a79d: start FollowerState
2019-10-17 07:10:24,230 [Thread-518] INFO  impl.FollowerState (FollowerState.java:run(117)) - 831edaa1-80a5-4091-843f-90c648a5a79d@group-233C052D78D6-FollowerState was interrupted: java.lang.InterruptedException: sleep interrupted
2019-10-17 07:10:24,230 [Thread-517] INFO  impl.FollowerState (FollowerState.java:run(117)) - 67ae3572-7d88-4e50-b53b-0f48f6748b38@group-233C052D78D6-FollowerState was interrupted: java.lang.InterruptedException: sleep interrupted
2019-10-17 07:10:24,246 [5c4ee31d-c5ed-4c65-a5df-da3e3cf53ac2@group-233C052D78D6-LeaderElection27] INFO  impl.LeaderElection (LeaderElection.java:logAndReturn(56)) - 5c4ee31d-c5ed-4c65-a5df-da3e3cf53ac2@group-233C052D78D6-LeaderElection27: Election REJECTED; received 2 response(s) [5c4ee31d-c5ed-4c65-a5df-da3e3cf53ac2<-67ae3572-7d88-4e50-b53b-0f48f6748b38#0:FAIL-t9, 5c4ee31d-c5ed-4c65-a5df-da3e3cf53ac2<-831edaa1-80a5-4091-843f-90c648a5a79d#0:FAIL-t9] and 0 exception(s); 5c4ee31d-c5ed-4c65-a5df-da3e3cf53ac2@group-233C052D78D6:t9, leader=null, voted=5c4ee31d-c5ed-4c65-a5df-da3e3cf53ac2, raftlog=5c4ee31d-c5ed-4c65-a5df-da3e3cf53ac2@group-233C052D78D6-SegmentedRaftLog:OPENED:c-1,f-1,i0, conf=-1: [67ae3572-7d88-4e50-b53b-0f48f6748b38:192.168.157.211:41299, 831edaa1-80a5-4091-843f-90c648a5a79d:192.168.157.211:44365, 5c4ee31d-c5ed-4c65-a5df-da3e3cf53ac2:192.168.157.211:45059], old=null
2019-10-17 07:10:24,246 [5c4ee31d-c5ed-4c65-a5df-da3e3cf53ac2@group-233C052D78D6-LeaderElection27] INFO  impl.RaftServerImpl (RaftServerImpl.java:setRole(184)) - 5c4ee31d-c5ed-4c65-a5df-da3e3cf53ac2@group-233C052D78D6: changes role from CANDIDATE to FOLLOWER at term 9 for DISCOVERED_A_NEW_TERM
2019-10-17 07:10:24,246 [5c4ee31d-c5ed-4c65-a5df-da3e3cf53ac2@group-233C052D78D6-LeaderElection27] INFO  impl.RoleInfo (RoleInfo.java:shutdownLeaderElection(134)) - 5c4ee31d-c5ed-4c65-a5df-da3e3cf53ac2: shutdown LeaderElection
2019-10-17 07:10:24,247 [5c4ee31d-c5ed-4c65-a5df-da3e3cf53ac2@group-233C052D78D6-LeaderElection27] INFO  impl.RoleInfo (RoleInfo.java:updateAndGet(143)) - 5c4ee31d-c5ed-4c65-a5df-da3e3cf53ac2: start FollowerState
2019-10-17 07:10:24,252 [Thread-519] INFO  impl.FollowerState (FollowerState.java:run(108)) - decc5551-dd4b-40dc-8ff5-b6b450d67f6f@group-42ACBF6EBE4E-FollowerState: change to CANDIDATE, lastRpcTime:153ms, electionTimeout:153ms
2019-10-17 07:10:24,254 [Thread-519] INFO  impl.RoleInfo (RoleInfo.java:shutdownFollowerState(121)) - decc5551-dd4b-40dc-8ff5-b6b450d67f6f: shutdown FollowerState
2019-10-17 07:10:24,254 [Thread-519] INFO  impl.RaftServerImpl (RaftServerImpl.java:setRole(184)) - decc5551-dd4b-40dc-8ff5-b6b450d67f6f@group-42ACBF6EBE4E: changes role from  FOLLOWER to CANDIDATE at term 13 for changeToCandidate
2019-10-17 07:10:24,254 [Thread-519] INFO  impl.RoleInfo (RoleInfo.java:updateAndGet(143)) - decc5551-dd4b-40dc-8ff5-b6b450d67f6f: start LeaderElection
2019-10-17 07:10:24,259 [Thread-526] INFO  impl.FollowerState (FollowerState.java:run(108)) - 5c4ee31d-c5ed-4c65-a5df-da3e3cf53ac2@group-233C052D78D6-FollowerState: change to CANDIDATE, lastRpcTime:12ms, electionTimeout:12ms
2019-10-17 07:10:24,259 [Thread-526] INFO  impl.RoleInfo (RoleInfo.java:shutdownFollowerState(121)) - 5c4ee31d-c5ed-4c65-a5df-da3e3cf53ac2: shutdown FollowerState
2019-10-17 07:10:24,259 [Thread-526] INFO  impl.RaftServerImpl (RaftServerImpl.java:setRole(184)) - 5c4ee31d-c5ed-4c65-a5df-da3e3cf53ac2@group-233C052D78D6: changes role from  FOLLOWER to CANDIDATE at term 9 for changeToCandidate
2019-10-17 07:10:24,260 [Thread-526] INFO  impl.RoleInfo (RoleInfo.java:updateAndGet(143)) - 5c4ee31d-c5ed-4c65-a5df-da3e3cf53ac2: start LeaderElection
2019-10-17 07:10:24,271 [decc5551-dd4b-40dc-8ff5-b6b450d67f6f@group-42ACBF6EBE4E-LeaderElection28] INFO  impl.LeaderElection (LeaderElection.java:askForVotes(178)) - decc5551-dd4b-40dc-8ff5-b6b450d67f6f@group-42ACBF6EBE4E-LeaderElection28: begin an election at term 14 for -1: [215fceca-0555-458b-bc4f-ba38ff24d5ba:192.168.157.211:43803, decc5551-dd4b-40dc-8ff5-b6b450d67f6f:192.168.157.211:34435, 0c631657-10a5-4e2a-a322-8fc6c651b2ed:192.168.157.211:41694], old=null
2019-10-17 07:10:24,271 [5c4ee31d-c5ed-4c65-a5df-da3e3cf53ac2@group-233C052D78D6-LeaderElection29] INFO  impl.LeaderElection (LeaderElection.java:askForVotes(178)) - 5c4ee31d-c5ed-4c65-a5df-da3e3cf53ac2@group-233C052D78D6-LeaderElection29: begin an election at term 10 for -1: [67ae3572-7d88-4e50-b53b-0f48f6748b38:192.168.157.211:41299, 831edaa1-80a5-4091-843f-90c648a5a79d:192.168.157.211:44365, 5c4ee31d-c5ed-4c65-a5df-da3e3cf53ac2:192.168.157.211:45059], old=null
2019-10-17 07:10:24,274 [grpc-default-executor-11] INFO  impl.RaftServerImpl (RaftServerImpl.java:setRole(184)) - 215fceca-0555-458b-bc4f-ba38ff24d5ba@group-42ACBF6EBE4E: changes role from  FOLLOWER to FOLLOWER at term 14 for recognizeCandidate:decc5551-dd4b-40dc-8ff5-b6b450d67f6f
2019-10-17 07:10:24,274 [grpc-default-executor-11] INFO  impl.RoleInfo (RoleInfo.java:shutdownFollowerState(121)) - 215fceca-0555-458b-bc4f-ba38ff24d5ba: shutdown FollowerState
2019-10-17 07:10:24,276 [grpc-default-executor-9] INFO  impl.RaftServerImpl (RaftServerImpl.java:setRole(184)) - 67ae3572-7d88-4e50-b53b-0f48f6748b38@group-233C052D78D6: changes role from  FOLLOWER to FOLLOWER at term 10 for recognizeCandidate:5c4ee31d-c5ed-4c65-a5df-da3e3cf53ac2
2019-10-17 07:10:24,276 [grpc-default-executor-11] INFO  impl.RoleInfo (RoleInfo.java:updateAndGet(143)) - 215fceca-0555-458b-bc4f-ba38ff24d5ba: start FollowerState
2019-10-17 07:10:24,276 [Thread-511] INFO  impl.FollowerState (FollowerState.java:run(117)) - 215fceca-0555-458b-bc4f-ba38ff24d5ba@group-42ACBF6EBE4E-FollowerState was interrupted: java.lang.InterruptedException: sleep interrupted
2019-10-17 07:10:24,277 [grpc-default-executor-3] INFO  impl.RaftServerImpl (RaftServerImpl.java:setRole(184)) - 831edaa1-80a5-4091-843f-90c648a5a79d@group-233C052D78D6: changes role from  FOLLOWER to FOLLOWER at term 10 for recognizeCandidate:5c4ee31d-c5ed-4c65-a5df-da3e3cf53ac2
2019-10-17 07:10:24,276 [grpc-default-executor-9] INFO  impl.RoleInfo (RoleInfo.java:shutdownFollowerState(121)) - 67ae3572-7d88-4e50-b53b-0f48f6748b38: shutdown FollowerState
2019-10-17 07:10:24,277 [grpc-default-executor-7] INFO  impl.RaftServerImpl (RaftServerImpl.java:setRole(184)) - 0c631657-10a5-4e2a-a322-8fc6c651b2ed@group-42ACBF6EBE4E: changes role from  FOLLOWER to FOLLOWER at term 14 for recognizeCandidate:decc5551-dd4b-40dc-8ff5-b6b450d67f6f
2019-10-17 07:10:24,277 [grpc-default-executor-3] INFO  impl.RoleInfo (RoleInfo.java:shutdownFollowerState(121)) - 831edaa1-80a5-4091-843f-90c648a5a79d: shutdown FollowerState
2019-10-17 07:10:24,277 [grpc-default-executor-7] INFO  impl.RoleInfo (RoleInfo.java:shutdownFollowerState(121)) - 0c631657-10a5-4e2a-a322-8fc6c651b2ed: shutdown FollowerState
2019-10-17 07:10:24,277 [grpc-default-executor-9] INFO  impl.RoleInfo (RoleInfo.java:updateAndGet(143)) - 67ae3572-7d88-4e50-b53b-0f48f6748b38: start FollowerState
2019-10-17 07:10:24,277 [Thread-524] INFO  impl.FollowerState (FollowerState.java:run(117)) - 67ae3572-7d88-4e50-b53b-0f48f6748b38@group-233C052D78D6-FollowerState was interrupted: java.lang.InterruptedException: sleep interrupted
2019-10-17 07:10:24,278 [grpc-default-executor-7] INFO  impl.RoleInfo (RoleInfo.java:updateAndGet(143)) - 0c631657-10a5-4e2a-a322-8fc6c651b2ed: start FollowerState
2019-10-17 07:10:24,278 [Thread-514] INFO  impl.FollowerState (FollowerState.java:run(117)) - 0c631657-10a5-4e2a-a322-8fc6c651b2ed@group-42ACBF6EBE4E-FollowerState was interrupted: java.lang.InterruptedException: sleep interrupted
2019-10-17 07:10:24,278 [grpc-default-executor-3] INFO  impl.RoleInfo (RoleInfo.java:updateAndGet(143)) - 831edaa1-80a5-4091-843f-90c648a5a79d: start FollowerState
2019-10-17 07:10:24,278 [Thread-525] INFO  impl.FollowerState (FollowerState.java:run(117)) - 831edaa1-80a5-4091-843f-90c648a5a79d@group-233C052D78D6-FollowerState was interrupted: java.lang.InterruptedException: sleep interrupted
2019-10-17 07:10:24,292 [5c4ee31d-c5ed-4c65-a5df-da3e3cf53ac2@group-233C052D78D6-LeaderElection29] INFO  impl.LeaderElection (LeaderElection.java:logAndReturn(56)) - 5c4ee31d-c5ed-4c65-a5df-da3e3cf53ac2@group-233C052D78D6-LeaderElection29: Election REJECTED; received 2 response(s) [5c4ee31d-c5ed-4c65-a5df-da3e3cf53ac2<-67ae3572-7d88-4e50-b53b-0f48f6748b38#0:FAIL-t10, 5c4ee31d-c5ed-4c65-a5df-da3e3cf53ac2<-831edaa1-80a5-4091-843f-90c648a5a79d#0:FAIL-t10] and 0 exception(s); 5c4ee31d-c5ed-4c65-a5df-da3e3cf53ac2@group-233C052D78D6:t10, leader=null, voted=5c4ee31d-c5ed-4c65-a5df-da3e3cf53ac2, raftlog=5c4ee31d-c5ed-4c65-a5df-da3e3cf53ac2@group-233C052D78D6-SegmentedRaftLog:OPENED:c-1,f-1,i0, conf=-1: [67ae3572-7d88-4e50-b53b-0f48f6748b38:192.168.157.211:41299, 831edaa1-80a5-4091-843f-90c648a5a79d:192.168.157.211:44365, 5c4ee31d-c5ed-4c65-a5df-da3e3cf53ac2:192.168.157.211:45059], old=null
2019-10-17 07:10:24,292 [5c4ee31d-c5ed-4c65-a5df-da3e3cf53ac2@group-233C052D78D6-LeaderElection29] INFO  impl.RaftServerImpl (RaftServerImpl.java:setRole(184)) - 5c4ee31d-c5ed-4c65-a5df-da3e3cf53ac2@group-233C052D78D6: changes role from CANDIDATE to FOLLOWER at term 10 for DISCOVERED_A_NEW_TERM
2019-10-17 07:10:24,292 [5c4ee31d-c5ed-4c65-a5df-da3e3cf53ac2@group-233C052D78D6-LeaderElection29] INFO  impl.RoleInfo (RoleInfo.java:shutdownLeaderElection(134)) - 5c4ee31d-c5ed-4c65-a5df-da3e3cf53ac2: shutdown LeaderElection
2019-10-17 07:10:24,292 [decc5551-dd4b-40dc-8ff5-b6b450d67f6f@group-42ACBF6EBE4E-LeaderElection28] INFO  impl.LeaderElection (LeaderElection.java:logAndReturn(56)) - decc5551-dd4b-40dc-8ff5-b6b450d67f6f@group-42ACBF6EBE4E-LeaderElection28: Election REJECTED; received 2 response(s) [decc5551-dd4b-40dc-8ff5-b6b450d67f6f<-215fceca-0555-458b-bc4f-ba38ff24d5ba#0:FAIL-t14, decc5551-dd4b-40dc-8ff5-b6b450d67f6f<-0c631657-10a5-4e2a-a322-8fc6c651b2ed#0:FAIL-t14] and 0 exception(s); decc5551-dd4b-40dc-8ff5-b6b450d67f6f@group-42ACBF6EBE4E:t14, leader=null, voted=decc5551-dd4b-40dc-8ff5-b6b450d67f6f, raftlog=decc5551-dd4b-40dc-8ff5-b6b450d67f6f@group-42ACBF6EBE4E-SegmentedRaftLog:OPENED:c-1,f-1,i0, conf=-1: [215fceca-0555-458b-bc4f-ba38ff24d5ba:192.168.157.211:43803, decc5551-dd4b-40dc-8ff5-b6b450d67f6f:192.168.157.211:34435, 0c631657-10a5-4e2a-a322-8fc6c651b2ed:192.168.157.211:41694], old=null
2019-10-17 07:10:24,297 [5c4ee31d-c5ed-4c65-a5df-da3e3cf53ac2@group-233C052D78D6-LeaderElection29] INFO  impl.RoleInfo (RoleInfo.java:updateAndGet(143)) - 5c4ee31d-c5ed-4c65-a5df-da3e3cf53ac2: start FollowerState
2019-10-17 07:10:24,297 [decc5551-dd4b-40dc-8ff5-b6b450d67f6f@group-42ACBF6EBE4E-LeaderElection28] INFO  impl.RaftServerImpl (RaftServerImpl.java:setRole(184)) - decc5551-dd4b-40dc-8ff5-b6b450d67f6f@group-42ACBF6EBE4E: changes role from CANDIDATE to FOLLOWER at term 14 for DISCOVERED_A_NEW_TERM
2019-10-17 07:10:24,299 [decc5551-dd4b-40dc-8ff5-b6b450d67f6f@group-42ACBF6EBE4E-LeaderElection28] INFO  impl.RoleInfo (RoleInfo.java:shutdownLeaderElection(134)) - decc5551-dd4b-40dc-8ff5-b6b450d67f6f: shutdown LeaderElection
2019-10-17 07:10:24,299 [decc5551-dd4b-40dc-8ff5-b6b450d67f6f@group-42ACBF6EBE4E-LeaderElection28] INFO  impl.RoleInfo (RoleInfo.java:updateAndGet(143)) - decc5551-dd4b-40dc-8ff5-b6b450d67f6f: start FollowerState
2019-10-17 07:10:24,335 [Thread-539] INFO  impl.FollowerState (FollowerState.java:run(108)) - decc5551-dd4b-40dc-8ff5-b6b450d67f6f@group-42ACBF6EBE4E-FollowerState: change to CANDIDATE, lastRpcTime:35ms, electionTimeout:35ms
2019-10-17 07:10:24,335 [Thread-539] INFO  impl.RoleInfo (RoleInfo.java:shutdownFollowerState(121)) - decc5551-dd4b-40dc-8ff5-b6b450d67f6f: shutdown FollowerState
2019-10-17 07:10:24,335 [Thread-539] INFO  impl.RaftServerImpl (RaftServerImpl.java:setRole(184)) - decc5551-dd4b-40dc-8ff5-b6b450d67f6f@group-42ACBF6EBE4E: changes role from  FOLLOWER to CANDIDATE at term 14 for changeToCandidate
2019-10-17 07:10:24,335 [Thread-539] INFO  impl.RoleInfo (RoleInfo.java:updateAndGet(143)) - decc5551-dd4b-40dc-8ff5-b6b450d67f6f: start LeaderElection
2019-10-17 07:10:24,349 [decc5551-dd4b-40dc-8ff5-b6b450d67f6f@group-42ACBF6EBE4E-LeaderElection30] INFO  impl.LeaderElection (LeaderElection.java:askForVotes(178)) - decc5551-dd4b-40dc-8ff5-b6b450d67f6f@group-42ACBF6EBE4E-LeaderElection30: begin an election at term 15 for -1: [215fceca-0555-458b-bc4f-ba38ff24d5ba:192.168.157.211:43803, decc5551-dd4b-40dc-8ff5-b6b450d67f6f:192.168.157.211:34435, 0c631657-10a5-4e2a-a322-8fc6c651b2ed:192.168.157.211:41694], old=null
2019-10-17 07:10:24,352 [grpc-default-executor-11] INFO  impl.RaftServerImpl (RaftServerImpl.java:setRole(184)) - 215fceca-0555-458b-bc4f-ba38ff24d5ba@group-42ACBF6EBE4E: changes role from  FOLLOWER to FOLLOWER at term 15 for recognizeCandidate:decc5551-dd4b-40dc-8ff5-b6b450d67f6f
2019-10-17 07:10:24,352 [grpc-default-executor-10] INFO  impl.RaftServerImpl (RaftServerImpl.java:setRole(184)) - 0c631657-10a5-4e2a-a322-8fc6c651b2ed@group-42ACBF6EBE4E: changes role from  FOLLOWER to FOLLOWER at term 15 for recognizeCandidate:decc5551-dd4b-40dc-8ff5-b6b450d67f6f
2019-10-17 07:10:24,352 [grpc-default-executor-11] INFO  impl.RoleInfo (RoleInfo.java:shutdownFollowerState(121)) - 215fceca-0555-458b-bc4f-ba38ff24d5ba: shutdown FollowerState
2019-10-17 07:10:24,352 [grpc-default-executor-10] INFO  impl.RoleInfo (RoleInfo.java:shutdownFollowerState(121)) - 0c631657-10a5-4e2a-a322-8fc6c651b2ed: shutdown FollowerState
2019-10-17 07:10:24,353 [Thread-533] INFO  impl.FollowerState (FollowerState.java:run(117)) - 215fceca-0555-458b-bc4f-ba38ff24d5ba@group-42ACBF6EBE4E-FollowerState was interrupted: java.lang.InterruptedException: sleep interrupted
2019-10-17 07:10:24,353 [grpc-default-executor-10] INFO  impl.RoleInfo (RoleInfo.java:updateAndGet(143)) - 0c631657-10a5-4e2a-a322-8fc6c651b2ed: start FollowerState
2019-10-17 07:10:24,353 [grpc-default-executor-11] INFO  impl.RoleInfo (RoleInfo.java:updateAndGet(143)) - 215fceca-0555-458b-bc4f-ba38ff24d5ba: start FollowerState
2019-10-17 07:10:24,353 [Thread-536] INFO  impl.FollowerState (FollowerState.java:run(117)) - 0c631657-10a5-4e2a-a322-8fc6c651b2ed@group-42ACBF6EBE4E-FollowerState was interrupted: java.lang.InterruptedException: sleep interrupted
2019-10-17 07:10:24,373 [decc5551-dd4b-40dc-8ff5-b6b450d67f6f@group-42ACBF6EBE4E-LeaderElection30] INFO  impl.LeaderElection (LeaderElection.java:logAndReturn(56)) - decc5551-dd4b-40dc-8ff5-b6b450d67f6f@group-42ACBF6EBE4E-LeaderElection30: Election REJECTED; received 2 response(s) [decc5551-dd4b-40dc-8ff5-b6b450d67f6f<-215fceca-0555-458b-bc4f-ba38ff24d5ba#0:FAIL-t15, decc5551-dd4b-40dc-8ff5-b6b450d67f6f<-0c631657-10a5-4e2a-a322-8fc6c651b2ed#0:FAIL-t15] and 0 exception(s); decc5551-dd4b-40dc-8ff5-b6b450d67f6f@group-42ACBF6EBE4E:t15, leader=null, voted=decc5551-dd4b-40dc-8ff5-b6b450d67f6f, raftlog=decc5551-dd4b-40dc-8ff5-b6b450d67f6f@group-42ACBF6EBE4E-SegmentedRaftLog:OPENED:c-1,f-1,i0, conf=-1: [215fceca-0555-458b-bc4f-ba38ff24d5ba:192.168.157.211:43803, decc5551-dd4b-40dc-8ff5-b6b450d67f6f:192.168.157.211:34435, 0c631657-10a5-4e2a-a322-8fc6c651b2ed:192.168.157.211:41694], old=null
2019-10-17 07:10:24,373 [decc5551-dd4b-40dc-8ff5-b6b450d67f6f@group-42ACBF6EBE4E-LeaderElection30] INFO  impl.RaftServerImpl (RaftServerImpl.java:setRole(184)) - decc5551-dd4b-40dc-8ff5-b6b450d67f6f@group-42ACBF6EBE4E: changes role from CANDIDATE to FOLLOWER at term 15 for DISCOVERED_A_NEW_TERM
2019-10-17 07:10:24,373 [decc5551-dd4b-40dc-8ff5-b6b450d67f6f@group-42ACBF6EBE4E-LeaderElection30] INFO  impl.RoleInfo (RoleInfo.java:shutdownLeaderElection(134)) - decc5551-dd4b-40dc-8ff5-b6b450d67f6f: shutdown LeaderElection
2019-10-17 07:10:24,374 [decc5551-dd4b-40dc-8ff5-b6b450d67f6f@group-42ACBF6EBE4E-LeaderElection30] INFO  impl.RoleInfo (RoleInfo.java:updateAndGet(143)) - decc5551-dd4b-40dc-8ff5-b6b450d67f6f: start FollowerState
2019-10-17 07:10:24,472 [Thread-538] INFO  impl.FollowerState (FollowerState.java:run(108)) - 5c4ee31d-c5ed-4c65-a5df-da3e3cf53ac2@group-233C052D78D6-FollowerState: change to CANDIDATE, lastRpcTime:175ms, electionTimeout:173ms
2019-10-17 07:10:24,476 [Thread-538] INFO  impl.RoleInfo (RoleInfo.java:shutdownFollowerState(121)) - 5c4ee31d-c5ed-4c65-a5df-da3e3cf53ac2: shutdown FollowerState
2019-10-17 07:10:24,476 [Thread-538] INFO  impl.RaftServerImpl (RaftServerImpl.java:setRole(184)) - 5c4ee31d-c5ed-4c65-a5df-da3e3cf53ac2@group-233C052D78D6: changes role from  FOLLOWER to CANDIDATE at term 10 for changeToCandidate
2019-10-17 07:10:24,476 [Thread-538] INFO  impl.RoleInfo (RoleInfo.java:updateAndGet(143)) - 5c4ee31d-c5ed-4c65-a5df-da3e3cf53ac2: start LeaderElection
2019-10-17 07:10:24,491 [5c4ee31d-c5ed-4c65-a5df-da3e3cf53ac2@group-233C052D78D6-LeaderElection31] INFO  impl.LeaderElection (LeaderElection.java:askForVotes(178)) - 5c4ee31d-c5ed-4c65-a5df-da3e3cf53ac2@group-233C052D78D6-LeaderElection31: begin an election at term 11 for -1: [67ae3572-7d88-4e50-b53b-0f48f6748b38:192.168.157.211:41299, 831edaa1-80a5-4091-843f-90c648a5a79d:192.168.157.211:44365, 5c4ee31d-c5ed-4c65-a5df-da3e3cf53ac2:192.168.157.211:45059], old=null
2019-10-17 07:10:24,494 [grpc-default-executor-10] INFO  impl.RaftServerImpl (RaftServerImpl.java:setRole(184)) - 831edaa1-80a5-4091-843f-90c648a5a79d@group-233C052D78D6: changes role from  FOLLOWER to FOLLOWER at term 11 for recognizeCandidate:5c4ee31d-c5ed-4c65-a5df-da3e3cf53ac2
2019-10-17 07:10:24,494 [grpc-default-executor-11] INFO  impl.RaftServerImpl (RaftServerImpl.java:setRole(184)) - 67ae3572-7d88-4e50-b53b-0f48f6748b38@group-233C052D78D6: changes role from  FOLLOWER to FOLLOWER at term 11 for recognizeCandidate:5c4ee31d-c5ed-4c65-a5df-da3e3cf53ac2
2019-10-17 07:10:24,495 [grpc-default-executor-10] INFO  impl.RoleInfo (RoleInfo.java:shutdownFollowerState(121)) - 831edaa1-80a5-4091-843f-90c648a5a79d: shutdown FollowerState
2019-10-17 07:10:24,495 [grpc-default-executor-11] INFO  impl.RoleInfo (RoleInfo.java:shutdownFollowerState(121)) - 67ae3572-7d88-4e50-b53b-0f48f6748b38: shutdown FollowerState
2019-10-17 07:10:24,495 [grpc-default-executor-10] INFO  impl.RoleInfo (RoleInfo.java:updateAndGet(143)) - 831edaa1-80a5-4091-843f-90c648a5a79d: start FollowerState
2019-10-17 07:10:24,495 [Thread-535] INFO  impl.FollowerState (FollowerState.java:run(117)) - 831edaa1-80a5-4091-843f-90c648a5a79d@group-233C052D78D6-FollowerState was interrupted: java.lang.InterruptedException: sleep interrupted
2019-10-17 07:10:24,495 [grpc-default-executor-11] INFO  impl.RoleInfo (RoleInfo.java:updateAndGet(143)) - 67ae3572-7d88-4e50-b53b-0f48f6748b38: start FollowerState
2019-10-17 07:10:24,495 [Thread-534] INFO  impl.FollowerState (FollowerState.java:run(117)) - 67ae3572-7d88-4e50-b53b-0f48f6748b38@group-233C052D78D6-FollowerState was interrupted: java.lang.InterruptedException: sleep interrupted
2019-10-17 07:10:24,512 [5c4ee31d-c5ed-4c65-a5df-da3e3cf53ac2@group-233C052D78D6-LeaderElection31] INFO  impl.LeaderElection (LeaderElection.java:logAndReturn(56)) - 5c4ee31d-c5ed-4c65-a5df-da3e3cf53ac2@group-233C052D78D6-LeaderElection31: Election REJECTED; received 2 response(s) [5c4ee31d-c5ed-4c65-a5df-da3e3cf53ac2<-67ae3572-7d88-4e50-b53b-0f48f6748b38#0:FAIL-t11, 5c4ee31d-c5ed-4c65-a5df-da3e3cf53ac2<-831edaa1-80a5-4091-843f-90c648a5a79d#0:FAIL-t11] and 0 exception(s); 5c4ee31d-c5ed-4c65-a5df-da3e3cf53ac2@group-233C052D78D6:t11, leader=null, voted=5c4ee31d-c5ed-4c65-a5df-da3e3cf53ac2, raftlog=5c4ee31d-c5ed-4c65-a5df-da3e3cf53ac2@group-233C052D78D6-SegmentedRaftLog:OPENED:c-1,f-1,i0, conf=-1: [67ae3572-7d88-4e50-b53b-0f48f6748b38:192.168.157.211:41299, 831edaa1-80a5-4091-843f-90c648a5a79d:192.168.157.211:44365, 5c4ee31d-c5ed-4c65-a5df-da3e3cf53ac2:192.168.157.211:45059], old=null
2019-10-17 07:10:24,512 [5c4ee31d-c5ed-4c65-a5df-da3e3cf53ac2@group-233C052D78D6-LeaderElection31] INFO  impl.RaftServerImpl (RaftServerImpl.java:setRole(184)) - 5c4ee31d-c5ed-4c65-a5df-da3e3cf53ac2@group-233C052D78D6: changes role from CANDIDATE to FOLLOWER at term 11 for DISCOVERED_A_NEW_TERM
2019-10-17 07:10:24,512 [5c4ee31d-c5ed-4c65-a5df-da3e3cf53ac2@group-233C052D78D6-LeaderElection31] INFO  impl.RoleInfo (RoleInfo.java:shutdownLeaderElection(134)) - 5c4ee31d-c5ed-4c65-a5df-da3e3cf53ac2: shutdown LeaderElection
2019-10-17 07:10:24,512 [5c4ee31d-c5ed-4c65-a5df-da3e3cf53ac2@group-233C052D78D6-LeaderElection31] INFO  impl.RoleInfo (RoleInfo.java:updateAndGet(143)) - 5c4ee31d-c5ed-4c65-a5df-da3e3cf53ac2: start FollowerState
2019-10-17 07:10:24,524 [Thread-547] INFO  impl.FollowerState (FollowerState.java:run(108)) - decc5551-dd4b-40dc-8ff5-b6b450d67f6f@group-42ACBF6EBE4E-FollowerState: change to CANDIDATE, lastRpcTime:150ms, electionTimeout:150ms
2019-10-17 07:10:24,528 [Thread-547] INFO  impl.RoleInfo (RoleInfo.java:shutdownFollowerState(121)) - decc5551-dd4b-40dc-8ff5-b6b450d67f6f: shutdown FollowerState
2019-10-17 07:10:24,528 [Thread-547] INFO  impl.RaftServerImpl (RaftServerImpl.java:setRole(184)) - decc5551-dd4b-40dc-8ff5-b6b450d67f6f@group-42ACBF6EBE4E: changes role from  FOLLOWER to CANDIDATE at term 15 for changeToCandidate
2019-10-17 07:10:24,528 [Thread-547] INFO  impl.RoleInfo (RoleInfo.java:updateAndGet(143)) - decc5551-dd4b-40dc-8ff5-b6b450d67f6f: start LeaderElection
2019-10-17 07:10:24,542 [decc5551-dd4b-40dc-8ff5-b6b450d67f6f@group-42ACBF6EBE4E-LeaderElection32] INFO  impl.LeaderElection (LeaderElection.java:askForVotes(178)) - decc5551-dd4b-40dc-8ff5-b6b450d67f6f@group-42ACBF6EBE4E-LeaderElection32: begin an election at term 16 for -1: [215fceca-0555-458b-bc4f-ba38ff24d5ba:192.168.157.211:43803, decc5551-dd4b-40dc-8ff5-b6b450d67f6f:192.168.157.211:34435, 0c631657-10a5-4e2a-a322-8fc6c651b2ed:192.168.157.211:41694], old=null
2019-10-17 07:10:24,548 [grpc-default-executor-11] INFO  impl.RaftServerImpl (RaftServerImpl.java:setRole(184)) - 0c631657-10a5-4e2a-a322-8fc6c651b2ed@group-42ACBF6EBE4E: changes role from  FOLLOWER to FOLLOWER at term 16 for recognizeCandidate:decc5551-dd4b-40dc-8ff5-b6b450d67f6f
2019-10-17 07:10:24,548 [grpc-default-executor-10] INFO  impl.RaftServerImpl (RaftServerImpl.java:setRole(184)) - 215fceca-0555-458b-bc4f-ba38ff24d5ba@group-42ACBF6EBE4E: changes role from  FOLLOWER to FOLLOWER at term 16 for recognizeCandidate:decc5551-dd4b-40dc-8ff5-b6b450d67f6f
2019-10-17 07:10:24,548 [grpc-default-executor-11] INFO  impl.RoleInfo (RoleInfo.java:shutdownFollowerState(121)) - 0c631657-10a5-4e2a-a322-8fc6c651b2ed: shutdown FollowerState
2019-10-17 07:10:24,548 [grpc-default-executor-10] INFO  impl.RoleInfo (RoleInfo.java:shutdownFollowerState(121)) - 215fceca-0555-458b-bc4f-ba38ff24d5ba: shutdown FollowerState
2019-10-17 07:10:24,548 [grpc-default-executor-11] INFO  impl.RoleInfo (RoleInfo.java:updateAndGet(143)) - 0c631657-10a5-4e2a-a322-8fc6c651b2ed: start FollowerState
2019-10-17 07:10:24,548 [Thread-546] INFO  impl.FollowerState (FollowerState.java:run(117)) - 0c631657-10a5-4e2a-a322-8fc6c651b2ed@group-42ACBF6EBE4E-FollowerState was interrupted: java.lang.InterruptedException: sleep interrupted
2019-10-17 07:10:24,549 [grpc-default-executor-10] INFO  impl.RoleInfo (RoleInfo.java:updateAndGet(143)) - 215fceca-0555-458b-bc4f-ba38ff24d5ba: start FollowerState
2019-10-17 07:10:24,549 [Thread-545] INFO  impl.FollowerState (FollowerState.java:run(117)) - 215fceca-0555-458b-bc4f-ba38ff24d5ba@group-42ACBF6EBE4E-FollowerState was interrupted: java.lang.InterruptedException: sleep interrupted
2019-10-17 07:10:24,564 [decc5551-dd4b-40dc-8ff5-b6b450d67f6f@group-42ACBF6EBE4E-LeaderElection32] INFO  impl.LeaderElection (LeaderElection.java:logAndReturn(56)) - decc5551-dd4b-40dc-8ff5-b6b450d67f6f@group-42ACBF6EBE4E-LeaderElection32: Election REJECTED; received 2 response(s) [decc5551-dd4b-40dc-8ff5-b6b450d67f6f<-215fceca-0555-458b-bc4f-ba38ff24d5ba#0:FAIL-t16, decc5551-dd4b-40dc-8ff5-b6b450d67f6f<-0c631657-10a5-4e2a-a322-8fc6c651b2ed#0:FAIL-t16] and 0 exception(s); decc5551-dd4b-40dc-8ff5-b6b450d67f6f@group-42ACBF6EBE4E:t16, leader=null, voted=decc5551-dd4b-40dc-8ff5-b6b450d67f6f, raftlog=decc5551-dd4b-40dc-8ff5-b6b450d67f6f@group-42ACBF6EBE4E-SegmentedRaftLog:OPENED:c-1,f-1,i0, conf=-1: [215fceca-0555-458b-bc4f-ba38ff24d5ba:192.168.157.211:43803, decc5551-dd4b-40dc-8ff5-b6b450d67f6f:192.168.157.211:34435, 0c631657-10a5-4e2a-a322-8fc6c651b2ed:192.168.157.211:41694], old=null
2019-10-17 07:10:24,565 [decc5551-dd4b-40dc-8ff5-b6b450d67f6f@group-42ACBF6EBE4E-LeaderElection32] INFO  impl.RaftServerImpl (RaftServerImpl.java:setRole(184)) - decc5551-dd4b-40dc-8ff5-b6b450d67f6f@group-42ACBF6EBE4E: changes role from CANDIDATE to FOLLOWER at term 16 for DISCOVERED_A_NEW_TERM
2019-10-17 07:10:24,565 [decc5551-dd4b-40dc-8ff5-b6b450d67f6f@group-42ACBF6EBE4E-LeaderElection32] INFO  impl.RoleInfo (RoleInfo.java:shutdownLeaderElection(134)) - decc5551-dd4b-40dc-8ff5-b6b450d67f6f: shutdown LeaderElection
2019-10-17 07:10:24,565 [decc5551-dd4b-40dc-8ff5-b6b450d67f6f@group-42ACBF6EBE4E-LeaderElection32] INFO  impl.RoleInfo (RoleInfo.java:updateAndGet(143)) - decc5551-dd4b-40dc-8ff5-b6b450d67f6f: start FollowerState
2019-10-17 07:10:24,648 [Thread-561] INFO  impl.FollowerState (FollowerState.java:run(108)) - decc5551-dd4b-40dc-8ff5-b6b450d67f6f@group-42ACBF6EBE4E-FollowerState: change to CANDIDATE, lastRpcTime:83ms, electionTimeout:83ms
2019-10-17 07:10:24,658 [Thread-555] INFO  impl.FollowerState (FollowerState.java:run(108)) - 5c4ee31d-c5ed-4c65-a5df-da3e3cf53ac2@group-233C052D78D6-FollowerState: change to CANDIDATE, lastRpcTime:145ms, electionTimeout:141ms
2019-10-17 07:10:24,658 [Thread-561] INFO  impl.RoleInfo (RoleInfo.java:shutdownFollowerState(121)) - decc5551-dd4b-40dc-8ff5-b6b450d67f6f: shutdown FollowerState
2019-10-17 07:10:24,658 [Thread-555] INFO  impl.RoleInfo (RoleInfo.java:shutdownFollowerState(121)) - 5c4ee31d-c5ed-4c65-a5df-da3e3cf53ac2: shutdown FollowerState
2019-10-17 07:10:24,658 [Thread-561] INFO  impl.RaftServerImpl (RaftServerImpl.java:setRole(184)) - decc5551-dd4b-40dc-8ff5-b6b450d67f6f@group-42ACBF6EBE4E: changes role from  FOLLOWER to CANDIDATE at term 16 for changeToCandidate
2019-10-17 07:10:24,659 [Thread-555] INFO  impl.RaftServerImpl (RaftServerImpl.java:setRole(184)) - 5c4ee31d-c5ed-4c65-a5df-da3e3cf53ac2@group-233C052D78D6: changes role from  FOLLOWER to CANDIDATE at term 11 for changeToCandidate
2019-10-17 07:10:24,659 [Thread-561] INFO  impl.RoleInfo (RoleInfo.java:updateAndGet(143)) - decc5551-dd4b-40dc-8ff5-b6b450d67f6f: start LeaderElection
2019-10-17 07:10:24,659 [Thread-555] INFO  impl.RoleInfo (RoleInfo.java:updateAndGet(143)) - 5c4ee31d-c5ed-4c65-a5df-da3e3cf53ac2: start LeaderElection
2019-10-17 07:10:24,673 [decc5551-dd4b-40dc-8ff5-b6b450d67f6f@group-42ACBF6EBE4E-LeaderElection33] INFO  impl.LeaderElection (LeaderElection.java:askForVotes(178)) - decc5551-dd4b-40dc-8ff5-b6b450d67f6f@group-42ACBF6EBE4E-LeaderElection33: begin an election at term 17 for -1: [215fceca-0555-458b-bc4f-ba38ff24d5ba:192.168.157.211:43803, decc5551-dd4b-40dc-8ff5-b6b450d67f6f:192.168.157.211:34435, 0c631657-10a5-4e2a-a322-8fc6c651b2ed:192.168.157.211:41694], old=null
2019-10-17 07:10:24,673 [5c4ee31d-c5ed-4c65-a5df-da3e3cf53ac2@group-233C052D78D6-LeaderElection34] INFO  impl.LeaderElection (LeaderElection.java:askForVotes(178)) - 5c4ee31d-c5ed-4c65-a5df-da3e3cf53ac2@group-233C052D78D6-LeaderElection34: begin an election at term 12 for -1: [67ae3572-7d88-4e50-b53b-0f48f6748b38:192.168.157.211:41299, 831edaa1-80a5-4091-843f-90c648a5a79d:192.168.157.211:44365, 5c4ee31d-c5ed-4c65-a5df-da3e3cf53ac2:192.168.157.211:45059], old=null
2019-10-17 07:10:24,679 [grpc-default-executor-10] INFO  impl.RaftServerImpl (RaftServerImpl.java:setRole(184)) - 0c631657-10a5-4e2a-a322-8fc6c651b2ed@group-42ACBF6EBE4E: changes role from  FOLLOWER to FOLLOWER at term 17 for recognizeCandidate:decc5551-dd4b-40dc-8ff5-b6b450d67f6f
2019-10-17 07:10:24,679 [grpc-default-executor-11] INFO  impl.RaftServerImpl (RaftServerImpl.java:setRole(184)) - 831edaa1-80a5-4091-843f-90c648a5a79d@group-233C052D78D6: changes role from  FOLLOWER to FOLLOWER at term 12 for recognizeCandidate:5c4ee31d-c5ed-4c65-a5df-da3e3cf53ac2
2019-10-17 07:10:24,679 [grpc-default-executor-10] INFO  impl.RoleInfo (RoleInfo.java:shutdownFollowerState(121)) - 0c631657-10a5-4e2a-a322-8fc6c651b2ed: shutdown FollowerState
2019-10-17 07:10:24,680 [grpc-default-executor-3] INFO  impl.RaftServerImpl (RaftServerImpl.java:setRole(184)) - 215fceca-0555-458b-bc4f-ba38ff24d5ba@group-42ACBF6EBE4E: changes role from  FOLLOWER to FOLLOWER at term 17 for recognizeCandidate:decc5551-dd4b-40dc-8ff5-b6b450d67f6f
2019-10-17 07:10:24,680 [grpc-default-executor-9] INFO  impl.RaftServerImpl (RaftServerImpl.java:setRole(184)) - 67ae3572-7d88-4e50-b53b-0f48f6748b38@group-233C052D78D6: changes role from  FOLLOWER to FOLLOWER at term 12 for recognizeCandidate:5c4ee31d-c5ed-4c65-a5df-da3e3cf53ac2
2019-10-17 07:10:24,680 [grpc-default-executor-9] INFO  impl.RoleInfo (RoleInfo.java:shutdownFollowerState(121)) - 67ae3572-7d88-4e50-b53b-0f48f6748b38: shutdown FollowerState
2019-10-17 07:10:24,680 [grpc-default-executor-11] INFO  impl.RoleInfo (RoleInfo.java:shutdownFollowerState(121)) - 831edaa1-80a5-4091-843f-90c648a5a79d: shutdown FollowerState
2019-10-17 07:10:24,681 [Thread-554] INFO  impl.FollowerState (FollowerState.java:run(117)) - 67ae3572-7d88-4e50-b53b-0f48f6748b38@group-233C052D78D6-FollowerState was interrupted: java.lang.InterruptedException: sleep interrupted
2019-10-17 07:10:24,681 [grpc-default-executor-9] INFO  impl.RoleInfo (RoleInfo.java:updateAndGet(143)) - 67ae3572-7d88-4e50-b53b-0f48f6748b38: start FollowerState
2019-10-17 07:10:24,680 [grpc-default-executor-3] INFO  impl.RoleInfo (RoleInfo.java:shutdownFollowerState(121)) - 215fceca-0555-458b-bc4f-ba38ff24d5ba: shutdown FollowerState
2019-10-17 07:10:24,680 [grpc-default-executor-10] INFO  impl.RoleInfo (RoleInfo.java:updateAndGet(143)) - 0c631657-10a5-4e2a-a322-8fc6c651b2ed: start FollowerState
2019-10-17 07:10:24,680 [Thread-559] INFO  impl.FollowerState (FollowerState.java:run(117)) - 0c631657-10a5-4e2a-a322-8fc6c651b2ed@group-42ACBF6EBE4E-FollowerState was interrupted: java.lang.InterruptedException: sleep interrupted
2019-10-17 07:10:24,682 [Thread-560] INFO  impl.FollowerState (FollowerState.java:run(117)) - 215fceca-0555-458b-bc4f-ba38ff24d5ba@group-42ACBF6EBE4E-FollowerState was interrupted: java.lang.InterruptedException: sleep interrupted
2019-10-17 07:10:24,682 [grpc-default-executor-3] INFO  impl.RoleInfo (RoleInfo.java:updateAndGet(143)) - 215fceca-0555-458b-bc4f-ba38ff24d5ba: start FollowerState
2019-10-17 07:10:24,681 [grpc-default-executor-11] INFO  impl.RoleInfo (RoleInfo.java:updateAndGet(143)) - 831edaa1-80a5-4091-843f-90c648a5a79d: start FollowerState
2019-10-17 07:10:24,681 [Thread-553] INFO  impl.FollowerState (FollowerState.java:run(117)) - 831edaa1-80a5-4091-843f-90c648a5a79d@group-233C052D78D6-FollowerState was interrupted: java.lang.InterruptedException: sleep interrupted
2019-10-17 07:10:24,697 [decc5551-dd4b-40dc-8ff5-b6b450d67f6f@group-42ACBF6EBE4E-LeaderElection33] INFO  impl.LeaderElection (LeaderElection.java:logAndReturn(56)) - decc5551-dd4b-40dc-8ff5-b6b450d67f6f@group-42ACBF6EBE4E-LeaderElection33: Election REJECTED; received 2 response(s) [decc5551-dd4b-40dc-8ff5-b6b450d67f6f<-215fceca-0555-458b-bc4f-ba38ff24d5ba#0:FAIL-t17, decc5551-dd4b-40dc-8ff5-b6b450d67f6f<-0c631657-10a5-4e2a-a322-8fc6c651b2ed#0:FAIL-t17] and 0 exception(s); decc5551-dd4b-40dc-8ff5-b6b450d67f6f@group-42ACBF6EBE4E:t17, leader=null, voted=decc5551-dd4b-40dc-8ff5-b6b450d67f6f, raftlog=decc5551-dd4b-40dc-8ff5-b6b450d67f6f@group-42ACBF6EBE4E-SegmentedRaftLog:OPENED:c-1,f-1,i0, conf=-1: [215fceca-0555-458b-bc4f-ba38ff24d5ba:192.168.157.211:43803, decc5551-dd4b-40dc-8ff5-b6b450d67f6f:192.168.157.211:34435, 0c631657-10a5-4e2a-a322-8fc6c651b2ed:192.168.157.211:41694], old=null
2019-10-17 07:10:24,697 [decc5551-dd4b-40dc-8ff5-b6b450d67f6f@group-42ACBF6EBE4E-LeaderElection33] INFO  impl.RaftServerImpl (RaftServerImpl.java:setRole(184)) - decc5551-dd4b-40dc-8ff5-b6b450d67f6f@group-42ACBF6EBE4E: changes role from CANDIDATE to FOLLOWER at term 17 for DISCOVERED_A_NEW_TERM
2019-10-17 07:10:24,697 [decc5551-dd4b-40dc-8ff5-b6b450d67f6f@group-42ACBF6EBE4E-LeaderElection33] INFO  impl.RoleInfo (RoleInfo.java:shutdownLeaderElection(134)) - decc5551-dd4b-40dc-8ff5-b6b450d67f6f: shutdown LeaderElection
2019-10-17 07:10:24,697 [decc5551-dd4b-40dc-8ff5-b6b450d67f6f@group-42ACBF6EBE4E-LeaderElection33] INFO  impl.RoleInfo (RoleInfo.java:updateAndGet(143)) - decc5551-dd4b-40dc-8ff5-b6b450d67f6f: start FollowerState
2019-10-17 07:10:24,697 [5c4ee31d-c5ed-4c65-a5df-da3e3cf53ac2@group-233C052D78D6-LeaderElection34] INFO  impl.LeaderElection (LeaderElection.java:logAndReturn(56)) - 5c4ee31d-c5ed-4c65-a5df-da3e3cf53ac2@group-233C052D78D6-LeaderElection34: Election REJECTED; received 2 response(s) [5c4ee31d-c5ed-4c65-a5df-da3e3cf53ac2<-67ae3572-7d88-4e50-b53b-0f48f6748b38#0:FAIL-t12, 5c4ee31d-c5ed-4c65-a5df-da3e3cf53ac2<-831edaa1-80a5-4091-843f-90c648a5a79d#0:FAIL-t12] and 0 exception(s); 5c4ee31d-c5ed-4c65-a5df-da3e3cf53ac2@group-233C052D78D6:t12, leader=null, voted=5c4ee31d-c5ed-4c65-a5df-da3e3cf53ac2, raftlog=5c4ee31d-c5ed-4c65-a5df-da3e3cf53ac2@group-233C052D78D6-SegmentedRaftLog:OPENED:c-1,f-1,i0, conf=-1: [67ae3572-7d88-4e50-b53b-0f48f6748b38:192.168.157.211:41299, 831edaa1-80a5-4091-843f-90c648a5a79d:192.168.157.211:44365, 5c4ee31d-c5ed-4c65-a5df-da3e3cf53ac2:192.168.157.211:45059], old=null
2019-10-17 07:10:24,698 [5c4ee31d-c5ed-4c65-a5df-da3e3cf53ac2@group-233C052D78D6-LeaderElection34] INFO  impl.RaftServerImpl (RaftServerImpl.java:setRole(184)) - 5c4ee31d-c5ed-4c65-a5df-da3e3cf53ac2@group-233C052D78D6: changes role from CANDIDATE to FOLLOWER at term 12 for DISCOVERED_A_NEW_TERM
2019-10-17 07:10:24,698 [5c4ee31d-c5ed-4c65-a5df-da3e3cf53ac2@group-233C052D78D6-LeaderElection34] INFO  impl.RoleInfo (RoleInfo.java:shutdownLeaderElection(134)) - 5c4ee31d-c5ed-4c65-a5df-da3e3cf53ac2: shutdown LeaderElection
2019-10-17 07:10:24,698 [5c4ee31d-c5ed-4c65-a5df-da3e3cf53ac2@group-233C052D78D6-LeaderElection34] INFO  impl.RoleInfo (RoleInfo.java:updateAndGet(143)) - 5c4ee31d-c5ed-4c65-a5df-da3e3cf53ac2: start FollowerState
2019-10-17 07:10:24,703 [Thread-573] INFO  impl.FollowerState (FollowerState.java:run(108)) - 5c4ee31d-c5ed-4c65-a5df-da3e3cf53ac2@group-233C052D78D6-FollowerState: change to CANDIDATE, lastRpcTime:5ms, electionTimeout:5ms
2019-10-17 07:10:24,703 [Thread-573] INFO  impl.RoleInfo (RoleInfo.java:shutdownFollowerState(121)) - 5c4ee31d-c5ed-4c65-a5df-da3e3cf53ac2: shutdown FollowerState
2019-10-17 07:10:24,704 [Thread-573] INFO  impl.RaftServerImpl (RaftServerImpl.java:setRole(184)) - 5c4ee31d-c5ed-4c65-a5df-da3e3cf53ac2@group-233C052D78D6: changes role from  FOLLOWER to CANDIDATE at term 12 for changeToCandidate
2019-10-17 07:10:24,704 [Thread-573] INFO  impl.RoleInfo (RoleInfo.java:updateAndGet(143)) - 5c4ee31d-c5ed-4c65-a5df-da3e3cf53ac2: start LeaderElection
2019-10-17 07:10:24,717 [5c4ee31d-c5ed-4c65-a5df-da3e3cf53ac2@group-233C052D78D6-LeaderElection35] INFO  impl.LeaderElection (LeaderElection.java:askForVotes(178)) - 5c4ee31d-c5ed-4c65-a5df-da3e3cf53ac2@group-233C052D78D6-LeaderElection35: begin an election at term 13 for -1: [67ae3572-7d88-4e50-b53b-0f48f6748b38:192.168.157.211:41299, 831edaa1-80a5-4091-843f-90c648a5a79d:192.168.157.211:44365, 5c4ee31d-c5ed-4c65-a5df-da3e3cf53ac2:192.168.157.211:45059], old=null
2019-10-17 07:10:24,720 [grpc-default-executor-3] INFO  impl.RaftServerImpl (RaftServerImpl.java:setRole(184)) - 831edaa1-80a5-4091-843f-90c648a5a79d@group-233C052D78D6: changes role from  FOLLOWER to FOLLOWER at term 13 for recognizeCandidate:5c4ee31d-c5ed-4c65-a5df-da3e3cf53ac2
2019-10-17 07:10:24,720 [grpc-default-executor-9] INFO  impl.RaftServerImpl (RaftServerImpl.java:setRole(184)) - 67ae3572-7d88-4e50-b53b-0f48f6748b38@group-233C052D78D6: changes role from  FOLLOWER to FOLLOWER at term 13 for recognizeCandidate:5c4ee31d-c5ed-4c65-a5df-da3e3cf53ac2
2019-10-17 07:10:24,720 [grpc-default-executor-3] INFO  impl.RoleInfo (RoleInfo.java:shutdownFollowerState(121)) - 831edaa1-80a5-4091-843f-90c648a5a79d: shutdown FollowerState
2019-10-17 07:10:24,720 [grpc-default-executor-9] INFO  impl.RoleInfo (RoleInfo.java:shutdownFollowerState(121)) - 67ae3572-7d88-4e50-b53b-0f48f6748b38: shutdown FollowerState
2019-10-17 07:10:24,720 [Thread-570] INFO  impl.FollowerState (FollowerState.java:run(117)) - 831edaa1-80a5-4091-843f-90c648a5a79d@group-233C052D78D6-FollowerState was interrupted: java.lang.InterruptedException: sleep interrupted
2019-10-17 07:10:24,720 [grpc-default-executor-3] INFO  impl.RoleInfo (RoleInfo.java:updateAndGet(143)) - 831edaa1-80a5-4091-843f-90c648a5a79d: start FollowerState
2019-10-17 07:10:24,720 [Thread-569] INFO  impl.FollowerState (FollowerState.java:run(117)) - 67ae3572-7d88-4e50-b53b-0f48f6748b38@group-233C052D78D6-FollowerState was interrupted: java.lang.InterruptedException: sleep interrupted
2019-10-17 07:10:24,720 [grpc-default-executor-9] INFO  impl.RoleInfo (RoleInfo.java:updateAndGet(143)) - 67ae3572-7d88-4e50-b53b-0f48f6748b38: start FollowerState
2019-10-17 07:10:24,735 [5c4ee31d-c5ed-4c65-a5df-da3e3cf53ac2@group-233C052D78D6-LeaderElection35] INFO  impl.LeaderElection (LeaderElection.java:logAndReturn(56)) - 5c4ee31d-c5ed-4c65-a5df-da3e3cf53ac2@group-233C052D78D6-LeaderElection35: Election REJECTED; received 2 response(s) [5c4ee31d-c5ed-4c65-a5df-da3e3cf53ac2<-67ae3572-7d88-4e50-b53b-0f48f6748b38#0:FAIL-t13, 5c4ee31d-c5ed-4c65-a5df-da3e3cf53ac2<-831edaa1-80a5-4091-843f-90c648a5a79d#0:FAIL-t13] and 0 exception(s); 5c4ee31d-c5ed-4c65-a5df-da3e3cf53ac2@group-233C052D78D6:t13, leader=null, voted=5c4ee31d-c5ed-4c65-a5df-da3e3cf53ac2, raftlog=5c4ee31d-c5ed-4c65-a5df-da3e3cf53ac2@group-233C052D78D6-SegmentedRaftLog:OPENED:c-1,f-1,i0, conf=-1: [67ae3572-7d88-4e50-b53b-0f48f6748b38:192.168.157.211:41299, 831edaa1-80a5-4091-843f-90c648a5a79d:192.168.157.211:44365, 5c4ee31d-c5ed-4c65-a5df-da3e3cf53ac2:192.168.157.211:45059], old=null
2019-10-17 07:10:24,735 [5c4ee31d-c5ed-4c65-a5df-da3e3cf53ac2@group-233C052D78D6-LeaderElection35] INFO  impl.RaftServerImpl (RaftServerImpl.java:setRole(184)) - 5c4ee31d-c5ed-4c65-a5df-da3e3cf53ac2@group-233C052D78D6: changes role from CANDIDATE to FOLLOWER at term 13 for DISCOVERED_A_NEW_TERM
2019-10-17 07:10:24,735 [5c4ee31d-c5ed-4c65-a5df-da3e3cf53ac2@group-233C052D78D6-LeaderElection35] INFO  impl.RoleInfo (RoleInfo.java:shutdownLeaderElection(134)) - 5c4ee31d-c5ed-4c65-a5df-da3e3cf53ac2: shutdown LeaderElection
2019-10-17 07:10:24,736 [5c4ee31d-c5ed-4c65-a5df-da3e3cf53ac2@group-233C052D78D6-LeaderElection35] INFO  impl.RoleInfo (RoleInfo.java:updateAndGet(143)) - 5c4ee31d-c5ed-4c65-a5df-da3e3cf53ac2: start FollowerState
2019-10-17 07:10:24,864 [Thread-579] INFO  impl.FollowerState (FollowerState.java:run(108)) - 5c4ee31d-c5ed-4c65-a5df-da3e3cf53ac2@group-233C052D78D6-FollowerState: change to CANDIDATE, lastRpcTime:128ms, electionTimeout:128ms
2019-10-17 07:10:24,864 [Thread-579] INFO  impl.RoleInfo (RoleInfo.java:shutdownFollowerState(121)) - 5c4ee31d-c5ed-4c65-a5df-da3e3cf53ac2: shutdown FollowerState
2019-10-17 07:10:24,864 [Thread-579] INFO  impl.RaftServerImpl (RaftServerImpl.java:setRole(184)) - 5c4ee31d-c5ed-4c65-a5df-da3e3cf53ac2@group-233C052D78D6: changes role from  FOLLOWER to CANDIDATE at term 13 for changeToCandidate
2019-10-17 07:10:24,865 [Thread-579] INFO  impl.RoleInfo (RoleInfo.java:updateAndGet(143)) - 5c4ee31d-c5ed-4c65-a5df-da3e3cf53ac2: start LeaderElection
2019-10-17 07:10:24,887 [5c4ee31d-c5ed-4c65-a5df-da3e3cf53ac2@group-233C052D78D6-LeaderElection36] INFO  impl.LeaderElection (LeaderElection.java:askForVotes(178)) - 5c4ee31d-c5ed-4c65-a5df-da3e3cf53ac2@group-233C052D78D6-LeaderElection36: begin an election at term 14 for -1: [67ae3572-7d88-4e50-b53b-0f48f6748b38:192.168.157.211:41299, 831edaa1-80a5-4091-843f-90c648a5a79d:192.168.157.211:44365, 5c4ee31d-c5ed-4c65-a5df-da3e3cf53ac2:192.168.157.211:45059], old=null
2019-10-17 07:10:24,888 [Thread-572] INFO  impl.FollowerState (FollowerState.java:run(108)) - decc5551-dd4b-40dc-8ff5-b6b450d67f6f@group-42ACBF6EBE4E-FollowerState: change to CANDIDATE, lastRpcTime:190ms, electionTimeout:190ms
2019-10-17 07:10:24,888 [Thread-572] INFO  impl.RoleInfo (RoleInfo.java:shutdownFollowerState(121)) - decc5551-dd4b-40dc-8ff5-b6b450d67f6f: shutdown FollowerState
2019-10-17 07:10:24,888 [Thread-572] INFO  impl.RaftServerImpl (RaftServerImpl.java:setRole(184)) - decc5551-dd4b-40dc-8ff5-b6b450d67f6f@group-42ACBF6EBE4E: changes role from  FOLLOWER to CANDIDATE at term 17 for changeToCandidate
2019-10-17 07:10:24,888 [Thread-572] INFO  impl.RoleInfo (RoleInfo.java:updateAndGet(143)) - decc5551-dd4b-40dc-8ff5-b6b450d67f6f: start LeaderElection
2019-10-17 07:10:24,894 [grpc-default-executor-3] INFO  impl.RaftServerImpl (RaftServerImpl.java:setRole(184)) - 67ae3572-7d88-4e50-b53b-0f48f6748b38@group-233C052D78D6: changes role from  FOLLOWER to FOLLOWER at term 14 for recognizeCandidate:5c4ee31d-c5ed-4c65-a5df-da3e3cf53ac2
2019-10-17 07:10:24,894 [grpc-default-executor-9] INFO  impl.RaftServerImpl (RaftServerImpl.java:setRole(184)) - 831edaa1-80a5-4091-843f-90c648a5a79d@group-233C052D78D6: changes role from  FOLLOWER to FOLLOWER at term 14 for recognizeCandidate:5c4ee31d-c5ed-4c65-a5df-da3e3cf53ac2
2019-10-17 07:10:24,894 [grpc-default-executor-3] INFO  impl.RoleInfo (RoleInfo.java:shutdownFollowerState(121)) - 67ae3572-7d88-4e50-b53b-0f48f6748b38: shutdown FollowerState
2019-10-17 07:10:24,895 [grpc-default-executor-9] INFO  impl.RoleInfo (RoleInfo.java:shutdownFollowerState(121)) - 831edaa1-80a5-4091-843f-90c648a5a79d: shutdown FollowerState
2019-10-17 07:10:24,895 [Thread-578] INFO  impl.FollowerState (FollowerState.java:run(117)) - 67ae3572-7d88-4e50-b53b-0f48f6748b38@group-233C052D78D6-FollowerState was interrupted: java.lang.InterruptedException: sleep interrupted
2019-10-17 07:10:24,895 [grpc-default-executor-3] INFO  impl.RoleInfo (RoleInfo.java:updateAndGet(143)) - 67ae3572-7d88-4e50-b53b-0f48f6748b38: start FollowerState
2019-10-17 07:10:24,895 [grpc-default-executor-9] INFO  impl.RoleInfo (RoleInfo.java:updateAndGet(143)) - 831edaa1-80a5-4091-843f-90c648a5a79d: start FollowerState
2019-10-17 07:10:24,895 [Thread-577] INFO  impl.FollowerState (FollowerState.java:run(117)) - 831edaa1-80a5-4091-843f-90c648a5a79d@group-233C052D78D6-FollowerState was interrupted: java.lang.InterruptedException: sleep interrupted
2019-10-17 07:10:24,905 [decc5551-dd4b-40dc-8ff5-b6b450d67f6f@group-42ACBF6EBE4E-LeaderElection37] INFO  impl.LeaderElection (LeaderElection.java:askForVotes(178)) - decc5551-dd4b-40dc-8ff5-b6b450d67f6f@group-42ACBF6EBE4E-LeaderElection37: begin an election at term 18 for -1: [215fceca-0555-458b-bc4f-ba38ff24d5ba:192.168.157.211:43803, decc5551-dd4b-40dc-8ff5-b6b450d67f6f:192.168.157.211:34435, 0c631657-10a5-4e2a-a322-8fc6c651b2ed:192.168.157.211:41694], old=null
2019-10-17 07:10:24,906 [5c4ee31d-c5ed-4c65-a5df-da3e3cf53ac2@group-233C052D78D6-LeaderElection36] INFO  impl.LeaderElection (LeaderElection.java:logAndReturn(56)) - 5c4ee31d-c5ed-4c65-a5df-da3e3cf53ac2@group-233C052D78D6-LeaderElection36: Election REJECTED; received 2 response(s) [5c4ee31d-c5ed-4c65-a5df-da3e3cf53ac2<-67ae3572-7d88-4e50-b53b-0f48f6748b38#0:FAIL-t14, 5c4ee31d-c5ed-4c65-a5df-da3e3cf53ac2<-831edaa1-80a5-4091-843f-90c648a5a79d#0:FAIL-t14] and 0 exception(s); 5c4ee31d-c5ed-4c65-a5df-da3e3cf53ac2@group-233C052D78D6:t14, leader=null, voted=5c4ee31d-c5ed-4c65-a5df-da3e3cf53ac2, raftlog=5c4ee31d-c5ed-4c65-a5df-da3e3cf53ac2@group-233C052D78D6-SegmentedRaftLog:OPENED:c-1,f-1,i0, conf=-1: [67ae3572-7d88-4e50-b53b-0f48f6748b38:192.168.157.211:41299, 831edaa1-80a5-4091-843f-90c648a5a79d:192.168.157.211:44365, 5c4ee31d-c5ed-4c65-a5df-da3e3cf53ac2:192.168.157.211:45059], old=null
2019-10-17 07:10:24,907 [5c4ee31d-c5ed-4c65-a5df-da3e3cf53ac2@group-233C052D78D6-LeaderElection36] INFO  impl.RaftServerImpl (RaftServerImpl.java:setRole(184)) - 5c4ee31d-c5ed-4c65-a5df-da3e3cf53ac2@group-233C052D78D6: changes role from CANDIDATE to FOLLOWER at term 14 for DISCOVERED_A_NEW_TERM
2019-10-17 07:10:24,907 [5c4ee31d-c5ed-4c65-a5df-da3e3cf53ac2@group-233C052D78D6-LeaderElection36] INFO  impl.RoleInfo (RoleInfo.java:shutdownLeaderElection(134)) - 5c4ee31d-c5ed-4c65-a5df-da3e3cf53ac2: shutdown LeaderElection
2019-10-17 07:10:24,907 [5c4ee31d-c5ed-4c65-a5df-da3e3cf53ac2@group-233C052D78D6-LeaderElection36] INFO  impl.RoleInfo (RoleInfo.java:updateAndGet(143)) - 5c4ee31d-c5ed-4c65-a5df-da3e3cf53ac2: start FollowerState
2019-10-17 07:10:24,910 [grpc-default-executor-9] INFO  impl.RaftServerImpl (RaftServerImpl.java:setRole(184)) - 215fceca-0555-458b-bc4f-ba38ff24d5ba@group-42ACBF6EBE4E: changes role from  FOLLOWER to FOLLOWER at term 18 for recognizeCandidate:decc5551-dd4b-40dc-8ff5-b6b450d67f6f
2019-10-17 07:10:24,910 [grpc-default-executor-3] INFO  impl.RaftServerImpl (RaftServerImpl.java:setRole(184)) - 0c631657-10a5-4e2a-a322-8fc6c651b2ed@group-42ACBF6EBE4E: changes role from  FOLLOWER to FOLLOWER at term 18 for recognizeCandidate:decc5551-dd4b-40dc-8ff5-b6b450d67f6f
2019-10-17 07:10:24,911 [grpc-default-executor-9] INFO  impl.RoleInfo (RoleInfo.java:shutdownFollowerState(121)) - 215fceca-0555-458b-bc4f-ba38ff24d5ba: shutdown FollowerState
2019-10-17 07:10:24,911 [grpc-default-executor-3] INFO  impl.RoleInfo (RoleInfo.java:shutdownFollowerState(121)) - 0c631657-10a5-4e2a-a322-8fc6c651b2ed: shutdown FollowerState
2019-10-17 07:10:24,911 [Thread-571] INFO  impl.FollowerState (FollowerState.java:run(117)) - 215fceca-0555-458b-bc4f-ba38ff24d5ba@group-42ACBF6EBE4E-FollowerState was interrupted: java.lang.InterruptedException: sleep interrupted
2019-10-17 07:10:24,911 [grpc-default-executor-9] INFO  impl.RoleInfo (RoleInfo.java:updateAndGet(143)) - 215fceca-0555-458b-bc4f-ba38ff24d5ba: start FollowerState
2019-10-17 07:10:24,911 [Thread-568] INFO  impl.FollowerState (FollowerState.java:run(117)) - 0c631657-10a5-4e2a-a322-8fc6c651b2ed@group-42ACBF6EBE4E-FollowerState was interrupted: java.lang.InterruptedException: sleep interrupted
2019-10-17 07:10:24,911 [grpc-default-executor-3] INFO  impl.RoleInfo (RoleInfo.java:updateAndGet(143)) - 0c631657-10a5-4e2a-a322-8fc6c651b2ed: start FollowerState
2019-10-17 07:10:24,926 [decc5551-dd4b-40dc-8ff5-b6b450d67f6f@group-42ACBF6EBE4E-LeaderElection37] INFO  impl.LeaderElection (LeaderElection.java:logAndReturn(56)) - decc5551-dd4b-40dc-8ff5-b6b450d67f6f@group-42ACBF6EBE4E-LeaderElection37: Election REJECTED; received 2 response(s) [decc5551-dd4b-40dc-8ff5-b6b450d67f6f<-215fceca-0555-458b-bc4f-ba38ff24d5ba#0:FAIL-t18, decc5551-dd4b-40dc-8ff5-b6b450d67f6f<-0c631657-10a5-4e2a-a322-8fc6c651b2ed#0:FAIL-t18] and 0 exception(s); decc5551-dd4b-40dc-8ff5-b6b450d67f6f@group-42ACBF6EBE4E:t18, leader=null, voted=decc5551-dd4b-40dc-8ff5-b6b450d67f6f, raftlog=decc5551-dd4b-40dc-8ff5-b6b450d67f6f@group-42ACBF6EBE4E-SegmentedRaftLog:OPENED:c-1,f-1,i0, conf=-1: [215fceca-0555-458b-bc4f-ba38ff24d5ba:192.168.157.211:43803, decc5551-dd4b-40dc-8ff5-b6b450d67f6f:192.168.157.211:34435, 0c631657-10a5-4e2a-a322-8fc6c651b2ed:192.168.157.211:41694], old=null
2019-10-17 07:10:24,927 [decc5551-dd4b-40dc-8ff5-b6b450d67f6f@group-42ACBF6EBE4E-LeaderElection37] INFO  impl.RaftServerImpl (RaftServerImpl.java:setRole(184)) - decc5551-dd4b-40dc-8ff5-b6b450d67f6f@group-42ACBF6EBE4E: changes role from CANDIDATE to FOLLOWER at term 18 for DISCOVERED_A_NEW_TERM
2019-10-17 07:10:24,927 [decc5551-dd4b-40dc-8ff5-b6b450d67f6f@group-42ACBF6EBE4E-LeaderElection37] INFO  impl.RoleInfo (RoleInfo.java:shutdownLeaderElection(134)) - decc5551-dd4b-40dc-8ff5-b6b450d67f6f: shutdown LeaderElection
2019-10-17 07:10:24,927 [decc5551-dd4b-40dc-8ff5-b6b450d67f6f@group-42ACBF6EBE4E-LeaderElection37] INFO  impl.RoleInfo (RoleInfo.java:updateAndGet(143)) - decc5551-dd4b-40dc-8ff5-b6b450d67f6f: start FollowerState
2019-10-17 07:10:25,090 [Thread-591] INFO  impl.FollowerState (FollowerState.java:run(108)) - decc5551-dd4b-40dc-8ff5-b6b450d67f6f@group-42ACBF6EBE4E-FollowerState: change to CANDIDATE, lastRpcTime:163ms, electionTimeout:163ms
2019-10-17 07:10:25,091 [Thread-591] INFO  impl.RoleInfo (RoleInfo.java:shutdownFollowerState(121)) - decc5551-dd4b-40dc-8ff5-b6b450d67f6f: shutdown FollowerState
2019-10-17 07:10:25,091 [Thread-591] INFO  impl.RaftServerImpl (RaftServerImpl.java:setRole(184)) - decc5551-dd4b-40dc-8ff5-b6b450d67f6f@group-42ACBF6EBE4E: changes role from  FOLLOWER to CANDIDATE at term 18 for changeToCandidate
2019-10-17 07:10:25,091 [Thread-591] INFO  impl.RoleInfo (RoleInfo.java:updateAndGet(143)) - decc5551-dd4b-40dc-8ff5-b6b450d67f6f: start LeaderElection
2019-10-17 07:10:25,105 [decc5551-dd4b-40dc-8ff5-b6b450d67f6f@group-42ACBF6EBE4E-LeaderElection38] INFO  impl.LeaderElection (LeaderElection.java:askForVotes(178)) - decc5551-dd4b-40dc-8ff5-b6b450d67f6f@group-42ACBF6EBE4E-LeaderElection38: begin an election at term 19 for -1: [215fceca-0555-458b-bc4f-ba38ff24d5ba:192.168.157.211:43803, decc5551-dd4b-40dc-8ff5-b6b450d67f6f:192.168.157.211:34435, 0c631657-10a5-4e2a-a322-8fc6c651b2ed:192.168.157.211:41694], old=null
2019-10-17 07:10:25,106 [Thread-588] INFO  impl.FollowerState (FollowerState.java:run(108)) - 5c4ee31d-c5ed-4c65-a5df-da3e3cf53ac2@group-233C052D78D6-FollowerState: change to CANDIDATE, lastRpcTime:199ms, electionTimeout:196ms
2019-10-17 07:10:25,106 [Thread-588] INFO  impl.RoleInfo (RoleInfo.java:shutdownFollowerState(121)) - 5c4ee31d-c5ed-4c65-a5df-da3e3cf53ac2: shutdown FollowerState
2019-10-17 07:10:25,106 [Thread-588] INFO  impl.RaftServerImpl (RaftServerImpl.java:setRole(184)) - 5c4ee31d-c5ed-4c65-a5df-da3e3cf53ac2@group-233C052D78D6: changes role from  FOLLOWER to CANDIDATE at term 14 for changeToCandidate
2019-10-17 07:10:25,107 [Thread-588] INFO  impl.RoleInfo (RoleInfo.java:updateAndGet(143)) - 5c4ee31d-c5ed-4c65-a5df-da3e3cf53ac2: start LeaderElection
2019-10-17 07:10:25,109 [grpc-default-executor-9] INFO  impl.RaftServerImpl (RaftServerImpl.java:setRole(184)) - 0c631657-10a5-4e2a-a322-8fc6c651b2ed@group-42ACBF6EBE4E: changes role from  FOLLOWER to FOLLOWER at term 19 for recognizeCandidate:decc5551-dd4b-40dc-8ff5-b6b450d67f6f
2019-10-17 07:10:25,109 [grpc-default-executor-9] INFO  impl.RoleInfo (RoleInfo.java:shutdownFollowerState(121)) - 0c631657-10a5-4e2a-a322-8fc6c651b2ed: shutdown FollowerState
2019-10-17 07:10:25,109 [grpc-default-executor-3] INFO  impl.RaftServerImpl (RaftServerImpl.java:setRole(184)) - 215fceca-0555-458b-bc4f-ba38ff24d5ba@group-42ACBF6EBE4E: changes role from  FOLLOWER to FOLLOWER at term 19 for recognizeCandidate:decc5551-dd4b-40dc-8ff5-b6b450d67f6f
2019-10-17 07:10:25,110 [grpc-default-executor-9] INFO  impl.RoleInfo (RoleInfo.java:updateAndGet(143)) - 0c631657-10a5-4e2a-a322-8fc6c651b2ed: start FollowerState
2019-10-17 07:10:25,110 [Thread-590] INFO  impl.FollowerState (FollowerState.java:run(117)) - 0c631657-10a5-4e2a-a322-8fc6c651b2ed@group-42ACBF6EBE4E-FollowerState was interrupted: java.lang.InterruptedException: sleep interrupted
2019-10-17 07:10:25,110 [grpc-default-executor-3] INFO  impl.RoleInfo (RoleInfo.java:shutdownFollowerState(121)) - 215fceca-0555-458b-bc4f-ba38ff24d5ba: shutdown FollowerState
2019-10-17 07:10:25,110 [Thread-589] INFO  impl.FollowerState (FollowerState.java:run(117)) - 215fceca-0555-458b-bc4f-ba38ff24d5ba@group-42ACBF6EBE4E-FollowerState was interrupted: java.lang.InterruptedException: sleep interrupted
2019-10-17 07:10:25,110 [grpc-default-executor-3] INFO  impl.RoleInfo (RoleInfo.java:updateAndGet(143)) - 215fceca-0555-458b-bc4f-ba38ff24d5ba: start FollowerState
2019-10-17 07:10:25,133 [5c4ee31d-c5ed-4c65-a5df-da3e3cf53ac2@group-233C052D78D6-LeaderElection39] INFO  impl.LeaderElection (LeaderElection.java:askForVotes(178)) - 5c4ee31d-c5ed-4c65-a5df-da3e3cf53ac2@group-233C052D78D6-LeaderElection39: begin an election at term 15 for -1: [67ae3572-7d88-4e50-b53b-0f48f6748b38:192.168.157.211:41299, 831edaa1-80a5-4091-843f-90c648a5a79d:192.168.157.211:44365, 5c4ee31d-c5ed-4c65-a5df-da3e3cf53ac2:192.168.157.211:45059], old=null
2019-10-17 07:10:25,134 [decc5551-dd4b-40dc-8ff5-b6b450d67f6f@group-42ACBF6EBE4E-LeaderElection38] INFO  impl.LeaderElection (LeaderElection.java:logAndReturn(56)) - decc5551-dd4b-40dc-8ff5-b6b450d67f6f@group-42ACBF6EBE4E-LeaderElection38: Election REJECTED; received 2 response(s) [decc5551-dd4b-40dc-8ff5-b6b450d67f6f<-215fceca-0555-458b-bc4f-ba38ff24d5ba#0:FAIL-t19, decc5551-dd4b-40dc-8ff5-b6b450d67f6f<-0c631657-10a5-4e2a-a322-8fc6c651b2ed#0:FAIL-t19] and 0 exception(s); decc5551-dd4b-40dc-8ff5-b6b450d67f6f@group-42ACBF6EBE4E:t19, leader=null, voted=decc5551-dd4b-40dc-8ff5-b6b450d67f6f, raftlog=decc5551-dd4b-40dc-8ff5-b6b450d67f6f@group-42ACBF6EBE4E-SegmentedRaftLog:OPENED:c-1,f-1,i0, conf=-1: [215fceca-0555-458b-bc4f-ba38ff24d5ba:192.168.157.211:43803, decc5551-dd4b-40dc-8ff5-b6b450d67f6f:192.168.157.211:34435, 0c631657-10a5-4e2a-a322-8fc6c651b2ed:192.168.157.211:41694], old=null
2019-10-17 07:10:25,135 [decc5551-dd4b-40dc-8ff5-b6b450d67f6f@group-42ACBF6EBE4E-LeaderElection38] INFO  impl.RaftServerImpl (RaftServerImpl.java:setRole(184)) - decc5551-dd4b-40dc-8ff5-b6b450d67f6f@group-42ACBF6EBE4E: changes role from CANDIDATE to FOLLOWER at term 19 for DISCOVERED_A_NEW_TERM
2019-10-17 07:10:25,135 [decc5551-dd4b-40dc-8ff5-b6b450d67f6f@group-42ACBF6EBE4E-LeaderElection38] INFO  impl.RoleInfo (RoleInfo.java:shutdownLeaderElection(134)) - decc5551-dd4b-40dc-8ff5-b6b450d67f6f: shutdown LeaderElection
2019-10-17 07:10:25,135 [decc5551-dd4b-40dc-8ff5-b6b450d67f6f@group-42ACBF6EBE4E-LeaderElection38] INFO  impl.RoleInfo (RoleInfo.java:updateAndGet(143)) - decc5551-dd4b-40dc-8ff5-b6b450d67f6f: start FollowerState
2019-10-17 07:10:25,136 [grpc-default-executor-9] INFO  impl.RaftServerImpl (RaftServerImpl.java:setRole(184)) - 67ae3572-7d88-4e50-b53b-0f48f6748b38@group-233C052D78D6: changes role from  FOLLOWER to FOLLOWER at term 15 for recognizeCandidate:5c4ee31d-c5ed-4c65-a5df-da3e3cf53ac2
2019-10-17 07:10:25,136 [grpc-default-executor-9] INFO  impl.RoleInfo (RoleInfo.java:shutdownFollowerState(121)) - 67ae3572-7d88-4e50-b53b-0f48f6748b38: shutdown FollowerState
2019-10-17 07:10:25,136 [grpc-default-executor-9] INFO  impl.RoleInfo (RoleInfo.java:updateAndGet(143)) - 67ae3572-7d88-4e50-b53b-0f48f6748b38: start FollowerState
2019-10-17 07:10:25,136 [Thread-584] INFO  impl.FollowerState (FollowerState.java:run(117)) - 67ae3572-7d88-4e50-b53b-0f48f6748b38@group-233C052D78D6-FollowerState was interrupted: java.lang.InterruptedException: sleep interrupted
2019-10-17 07:10:25,136 [grpc-default-executor-3] INFO  impl.RaftServerImpl (RaftServerImpl.java:setRole(184)) - 831edaa1-80a5-4091-843f-90c648a5a79d@group-233C052D78D6: changes role from  FOLLOWER to FOLLOWER at term 15 for recognizeCandidate:5c4ee31d-c5ed-4c65-a5df-da3e3cf53ac2
2019-10-17 07:10:25,137 [grpc-default-executor-3] INFO  impl.RoleInfo (RoleInfo.java:shutdownFollowerState(121)) - 831edaa1-80a5-4091-843f-90c648a5a79d: shutdown FollowerState
2019-10-17 07:10:25,137 [grpc-default-executor-3] INFO  impl.RoleInfo (RoleInfo.java:updateAndGet(143)) - 831edaa1-80a5-4091-843f-90c648a5a79d: start FollowerState
2019-10-17 07:10:25,137 [Thread-585] INFO  impl.FollowerState (FollowerState.java:run(117)) - 831edaa1-80a5-4091-843f-90c648a5a79d@group-233C052D78D6-FollowerState was interrupted: java.lang.InterruptedException: sleep interrupted
2019-10-17 07:10:25,156 [5c4ee31d-c5ed-4c65-a5df-da3e3cf53ac2@group-233C052D78D6-LeaderElection39] INFO  impl.LeaderElection (LeaderElection.java:logAndReturn(56)) - 5c4ee31d-c5ed-4c65-a5df-da3e3cf53ac2@group-233C052D78D6-LeaderElection39: Election REJECTED; received 2 response(s) [5c4ee31d-c5ed-4c65-a5df-da3e3cf53ac2<-67ae3572-7d88-4e50-b53b-0f48f6748b38#0:FAIL-t15, 5c4ee31d-c5ed-4c65-a5df-da3e3cf53ac2<-831edaa1-80a5-4091-843f-90c648a5a79d#0:FAIL-t15] and 0 exception(s); 5c4ee31d-c5ed-4c65-a5df-da3e3cf53ac2@group-233C052D78D6:t15, leader=null, voted=5c4ee31d-c5ed-4c65-a5df-da3e3cf53ac2, raftlog=5c4ee31d-c5ed-4c65-a5df-da3e3cf53ac2@group-233C052D78D6-SegmentedRaftLog:OPENED:c-1,f-1,i0, conf=-1: [67ae3572-7d88-4e50-b53b-0f48f6748b38:192.168.157.211:41299, 831edaa1-80a5-4091-843f-90c648a5a79d:192.168.157.211:44365, 5c4ee31d-c5ed-4c65-a5df-da3e3cf53ac2:192.168.157.211:45059], old=null
2019-10-17 07:10:25,157 [5c4ee31d-c5ed-4c65-a5df-da3e3cf53ac2@group-233C052D78D6-LeaderElection39] INFO  impl.RaftServerImpl (RaftServerImpl.java:setRole(184)) - 5c4ee31d-c5ed-4c65-a5df-da3e3cf53ac2@group-233C052D78D6: changes role from CANDIDATE to FOLLOWER at term 15 for DISCOVERED_A_NEW_TERM
2019-10-17 07:10:25,157 [5c4ee31d-c5ed-4c65-a5df-da3e3cf53ac2@group-233C052D78D6-LeaderElection39] INFO  impl.RoleInfo (RoleInfo.java:shutdownLeaderElection(134)) - 5c4ee31d-c5ed-4c65-a5df-da3e3cf53ac2: shutdown LeaderElection
2019-10-17 07:10:25,157 [5c4ee31d-c5ed-4c65-a5df-da3e3cf53ac2@group-233C052D78D6-LeaderElection39] INFO  impl.RoleInfo (RoleInfo.java:updateAndGet(143)) - 5c4ee31d-c5ed-4c65-a5df-da3e3cf53ac2: start FollowerState
2019-10-17 07:10:25,188 [Thread-605] INFO  impl.FollowerState (FollowerState.java:run(108)) - 5c4ee31d-c5ed-4c65-a5df-da3e3cf53ac2@group-233C052D78D6-FollowerState: change to CANDIDATE, lastRpcTime:31ms, electionTimeout:31ms
2019-10-17 07:10:25,188 [Thread-605] INFO  impl.RoleInfo (RoleInfo.java:shutdownFollowerState(121)) - 5c4ee31d-c5ed-4c65-a5df-da3e3cf53ac2: shutdown FollowerState
2019-10-17 07:10:25,189 [Thread-605] INFO  impl.RaftServerImpl (RaftServerImpl.java:setRole(184)) - 5c4ee31d-c5ed-4c65-a5df-da3e3cf53ac2@group-233C052D78D6: changes role from  FOLLOWER to CANDIDATE at term 15 for changeToCandidate
2019-10-17 07:10:25,189 [Thread-605] INFO  impl.RoleInfo (RoleInfo.java:updateAndGet(143)) - 5c4ee31d-c5ed-4c65-a5df-da3e3cf53ac2: start LeaderElection
2019-10-17 07:10:25,203 [5c4ee31d-c5ed-4c65-a5df-da3e3cf53ac2@group-233C052D78D6-LeaderElection40] INFO  impl.LeaderElection (LeaderElection.java:askForVotes(178)) - 5c4ee31d-c5ed-4c65-a5df-da3e3cf53ac2@group-233C052D78D6-LeaderElection40: begin an election at term 16 for -1: [67ae3572-7d88-4e50-b53b-0f48f6748b38:192.168.157.211:41299, 831edaa1-80a5-4091-843f-90c648a5a79d:192.168.157.211:44365, 5c4ee31d-c5ed-4c65-a5df-da3e3cf53ac2:192.168.157.211:45059], old=null
2019-10-17 07:10:25,208 [grpc-default-executor-3] INFO  impl.RaftServerImpl (RaftServerImpl.java:setRole(184)) - 67ae3572-7d88-4e50-b53b-0f48f6748b38@group-233C052D78D6: changes role from  FOLLOWER to FOLLOWER at term 16 for recognizeCandidate:5c4ee31d-c5ed-4c65-a5df-da3e3cf53ac2
2019-10-17 07:10:25,209 [grpc-default-executor-3] INFO  impl.RoleInfo (RoleInfo.java:shutdownFollowerState(121)) - 67ae3572-7d88-4e50-b53b-0f48f6748b38: shutdown FollowerState
2019-10-17 07:10:25,209 [grpc-default-executor-9] INFO  impl.RaftServerImpl (RaftServerImpl.java:setRole(184)) - 831edaa1-80a5-4091-843f-90c648a5a79d@group-233C052D78D6: changes role from  FOLLOWER to FOLLOWER at term 16 for recognizeCandidate:5c4ee31d-c5ed-4c65-a5df-da3e3cf53ac2
2019-10-17 07:10:25,209 [Thread-603] INFO  impl.FollowerState (FollowerState.java:run(117)) - 67ae3572-7d88-4e50-b53b-0f48f6748b38@group-233C052D78D6-FollowerState was interrupted: java.lang.InterruptedException: sleep interrupted
2019-10-17 07:10:25,209 [grpc-default-executor-3] INFO  impl.RoleInfo (RoleInfo.java:updateAndGet(143)) - 67ae3572-7d88-4e50-b53b-0f48f6748b38: start FollowerState
2019-10-17 07:10:25,209 [grpc-default-executor-9] INFO  impl.RoleInfo (RoleInfo.java:shutdownFollowerState(121)) - 831edaa1-80a5-4091-843f-90c648a5a79d: shutdown FollowerState
2019-10-17 07:10:25,210 [grpc-default-executor-9] INFO  impl.RoleInfo (RoleInfo.java:updateAndGet(143)) - 831edaa1-80a5-4091-843f-90c648a5a79d: start FollowerState
2019-10-17 07:10:25,210 [Thread-604] INFO  impl.FollowerState (FollowerState.java:run(117)) - 831edaa1-80a5-4091-843f-90c648a5a79d@group-233C052D78D6-FollowerState was interrupted: java.lang.InterruptedException: sleep interrupted
2019-10-17 07:10:25,225 [5c4ee31d-c5ed-4c65-a5df-da3e3cf53ac2@group-233C052D78D6-LeaderElection40] INFO  impl.LeaderElection (LeaderElection.java:logAndReturn(56)) - 5c4ee31d-c5ed-4c65-a5df-da3e3cf53ac2@group-233C052D78D6-LeaderElection40: Election REJECTED; received 2 response(s) [5c4ee31d-c5ed-4c65-a5df-da3e3cf53ac2<-67ae3572-7d88-4e50-b53b-0f48f6748b38#0:FAIL-t16, 5c4ee31d-c5ed-4c65-a5df-da3e3cf53ac2<-831edaa1-80a5-4091-843f-90c648a5a79d#0:FAIL-t16] and 0 exception(s); 5c4ee31d-c5ed-4c65-a5df-da3e3cf53ac2@group-233C052D78D6:t16, leader=null, voted=5c4ee31d-c5ed-4c65-a5df-da3e3cf53ac2, raftlog=5c4ee31d-c5ed-4c65-a5df-da3e3cf53ac2@group-233C052D78D6-SegmentedRaftLog:OPENED:c-1,f-1,i0, conf=-1: [67ae3572-7d88-4e50-b53b-0f48f6748b38:192.168.157.211:41299, 831edaa1-80a5-4091-843f-90c648a5a79d:192.168.157.211:44365, 5c4ee31d-c5ed-4c65-a5df-da3e3cf53ac2:192.168.157.211:45059], old=null
2019-10-17 07:10:25,225 [5c4ee31d-c5ed-4c65-a5df-da3e3cf53ac2@group-233C052D78D6-LeaderElection40] INFO  impl.RaftServerImpl (RaftServerImpl.java:setRole(184)) - 5c4ee31d-c5ed-4c65-a5df-da3e3cf53ac2@group-233C052D78D6: changes role from CANDIDATE to FOLLOWER at term 16 for DISCOVERED_A_NEW_TERM
2019-10-17 07:10:25,225 [5c4ee31d-c5ed-4c65-a5df-da3e3cf53ac2@group-233C052D78D6-LeaderElection40] INFO  impl.RoleInfo (RoleInfo.java:shutdownLeaderElection(134)) - 5c4ee31d-c5ed-4c65-a5df-da3e3cf53ac2: shutdown LeaderElection
2019-10-17 07:10:25,225 [5c4ee31d-c5ed-4c65-a5df-da3e3cf53ac2@group-233C052D78D6-LeaderElection40] INFO  impl.RoleInfo (RoleInfo.java:updateAndGet(143)) - 5c4ee31d-c5ed-4c65-a5df-da3e3cf53ac2: start FollowerState
2019-10-17 07:10:25,257 [Thread-602] INFO  impl.FollowerState (FollowerState.java:run(108)) - decc5551-dd4b-40dc-8ff5-b6b450d67f6f@group-42ACBF6EBE4E-FollowerState: change to CANDIDATE, lastRpcTime:122ms, electionTimeout:122ms
2019-10-17 07:10:25,258 [Thread-602] INFO  impl.RoleInfo (RoleInfo.java:shutdownFollowerState(121)) - decc5551-dd4b-40dc-8ff5-b6b450d67f6f: shutdown FollowerState
2019-10-17 07:10:25,258 [Thread-602] INFO  impl.RaftServerImpl (RaftServerImpl.java:setRole(184)) - decc5551-dd4b-40dc-8ff5-b6b450d67f6f@group-42ACBF6EBE4E: changes role from  FOLLOWER to CANDIDATE at term 19 for changeToCandidate
2019-10-17 07:10:25,258 [Thread-602] INFO  impl.RoleInfo (RoleInfo.java:updateAndGet(143)) - decc5551-dd4b-40dc-8ff5-b6b450d67f6f: start LeaderElection
2019-10-17 07:10:25,272 [decc5551-dd4b-40dc-8ff5-b6b450d67f6f@group-42ACBF6EBE4E-LeaderElection41] INFO  impl.LeaderElection (LeaderElection.java:askForVotes(178)) - decc5551-dd4b-40dc-8ff5-b6b450d67f6f@group-42ACBF6EBE4E-LeaderElection41: begin an election at term 20 for -1: [215fceca-0555-458b-bc4f-ba38ff24d5ba:192.168.157.211:43803, decc5551-dd4b-40dc-8ff5-b6b450d67f6f:192.168.157.211:34435, 0c631657-10a5-4e2a-a322-8fc6c651b2ed:192.168.157.211:41694], old=null
2019-10-17 07:10:25,272 [Thread-611] INFO  impl.FollowerState (FollowerState.java:run(108)) - 5c4ee31d-c5ed-4c65-a5df-da3e3cf53ac2@group-233C052D78D6-FollowerState: change to CANDIDATE, lastRpcTime:46ms, electionTimeout:46ms
2019-10-17 07:10:25,272 [Thread-611] INFO  impl.RoleInfo (RoleInfo.java:shutdownFollowerState(121)) - 5c4ee31d-c5ed-4c65-a5df-da3e3cf53ac2: shutdown FollowerState
2019-10-17 07:10:25,272 [Thread-611] INFO  impl.RaftServerImpl (RaftServerImpl.java:setRole(184)) - 5c4ee31d-c5ed-4c65-a5df-da3e3cf53ac2@group-233C052D78D6: changes role from  FOLLOWER to CANDIDATE at term 16 for changeToCandidate
2019-10-17 07:10:25,272 [Thread-611] INFO  impl.RoleInfo (RoleInfo.java:updateAndGet(143)) - 5c4ee31d-c5ed-4c65-a5df-da3e3cf53ac2: start LeaderElection
2019-10-17 07:10:25,279 [grpc-default-executor-3] INFO  impl.RaftServerImpl (RaftServerImpl.java:setRole(184)) - 215fceca-0555-458b-bc4f-ba38ff24d5ba@group-42ACBF6EBE4E: changes role from  FOLLOWER to FOLLOWER at term 20 for recognizeCandidate:decc5551-dd4b-40dc-8ff5-b6b450d67f6f
2019-10-17 07:10:25,279 [grpc-default-executor-3] INFO  impl.RoleInfo (RoleInfo.java:shutdownFollowerState(121)) - 215fceca-0555-458b-bc4f-ba38ff24d5ba: shutdown FollowerState
2019-10-17 07:10:25,279 [grpc-default-executor-9] INFO  impl.RaftServerImpl (RaftServerImpl.java:setRole(184)) - 0c631657-10a5-4e2a-a322-8fc6c651b2ed@group-42ACBF6EBE4E: changes role from  FOLLOWER to FOLLOWER at term 20 for recognizeCandidate:decc5551-dd4b-40dc-8ff5-b6b450d67f6f
2019-10-17 07:10:25,279 [Thread-599] INFO  impl.FollowerState (FollowerState.java:run(117)) - 215fceca-0555-458b-bc4f-ba38ff24d5ba@group-42ACBF6EBE4E-FollowerState was interrupted: java.lang.InterruptedException: sleep interrupted
2019-10-17 07:10:25,279 [grpc-default-executor-3] INFO  impl.RoleInfo (RoleInfo.java:updateAndGet(143)) - 215fceca-0555-458b-bc4f-ba38ff24d5ba: start FollowerState
2019-10-17 07:10:25,279 [grpc-default-executor-9] INFO  impl.RoleInfo (RoleInfo.java:shutdownFollowerState(121)) - 0c631657-10a5-4e2a-a322-8fc6c651b2ed: shutdown FollowerState
2019-10-17 07:10:25,280 [grpc-default-executor-9] INFO  impl.RoleInfo (RoleInfo.java:updateAndGet(143)) - 0c631657-10a5-4e2a-a322-8fc6c651b2ed: start FollowerState
2019-10-17 07:10:25,280 [Thread-598] INFO  impl.FollowerState (FollowerState.java:run(117)) - 0c631657-10a5-4e2a-a322-8fc6c651b2ed@group-42ACBF6EBE4E-FollowerState was interrupted: java.lang.InterruptedException: sleep interrupted
2019-10-17 07:10:25,286 [5c4ee31d-c5ed-4c65-a5df-da3e3cf53ac2@group-233C052D78D6-LeaderElection42] INFO  impl.LeaderElection (LeaderElection.java:askForVotes(178)) - 5c4ee31d-c5ed-4c65-a5df-da3e3cf53ac2@group-233C052D78D6-LeaderElection42: begin an election at term 17 for -1: [67ae3572-7d88-4e50-b53b-0f48f6748b38:192.168.157.211:41299, 831edaa1-80a5-4091-843f-90c648a5a79d:192.168.157.211:44365, 5c4ee31d-c5ed-4c65-a5df-da3e3cf53ac2:192.168.157.211:45059], old=null
2019-10-17 07:10:25,288 [decc5551-dd4b-40dc-8ff5-b6b450d67f6f@group-42ACBF6EBE4E-LeaderElection41] INFO  impl.LeaderElection (LeaderElection.java:logAndReturn(56)) - decc5551-dd4b-40dc-8ff5-b6b450d67f6f@group-42ACBF6EBE4E-LeaderElection41: Election REJECTED; received 2 response(s) [decc5551-dd4b-40dc-8ff5-b6b450d67f6f<-215fceca-0555-458b-bc4f-ba38ff24d5ba#0:FAIL-t20, decc5551-dd4b-40dc-8ff5-b6b450d67f6f<-0c631657-10a5-4e2a-a322-8fc6c651b2ed#0:FAIL-t20] and 0 exception(s); decc5551-dd4b-40dc-8ff5-b6b450d67f6f@group-42ACBF6EBE4E:t20, leader=null, voted=decc5551-dd4b-40dc-8ff5-b6b450d67f6f, raftlog=decc5551-dd4b-40dc-8ff5-b6b450d67f6f@group-42ACBF6EBE4E-SegmentedRaftLog:OPENED:c-1,f-1,i0, conf=-1: [215fceca-0555-458b-bc4f-ba38ff24d5ba:192.168.157.211:43803, decc5551-dd4b-40dc-8ff5-b6b450d67f6f:192.168.157.211:34435, 0c631657-10a5-4e2a-a322-8fc6c651b2ed:192.168.157.211:41694], old=null
2019-10-17 07:10:25,288 [decc5551-dd4b-40dc-8ff5-b6b450d67f6f@group-42ACBF6EBE4E-LeaderElection41] INFO  impl.RaftServerImpl (RaftServerImpl.java:setRole(184)) - decc5551-dd4b-40dc-8ff5-b6b450d67f6f@group-42ACBF6EBE4E: changes role from CANDIDATE to FOLLOWER at term 20 for DISCOVERED_A_NEW_TERM
2019-10-17 07:10:25,288 [decc5551-dd4b-40dc-8ff5-b6b450d67f6f@group-42ACBF6EBE4E-LeaderElection41] INFO  impl.RoleInfo (RoleInfo.java:shutdownLeaderElection(134)) - decc5551-dd4b-40dc-8ff5-b6b450d67f6f: shutdown LeaderElection
2019-10-17 07:10:25,288 [decc5551-dd4b-40dc-8ff5-b6b450d67f6f@group-42ACBF6EBE4E-LeaderElection41] INFO  impl.RoleInfo (RoleInfo.java:updateAndGet(143)) - decc5551-dd4b-40dc-8ff5-b6b450d67f6f: start FollowerState
2019-10-17 07:10:25,289 [grpc-default-executor-3] INFO  impl.RaftServerImpl (RaftServerImpl.java:setRole(184)) - 67ae3572-7d88-4e50-b53b-0f48f6748b38@group-233C052D78D6: changes role from  FOLLOWER to FOLLOWER at term 17 for recognizeCandidate:5c4ee31d-c5ed-4c65-a5df-da3e3cf53ac2
2019-10-17 07:10:25,290 [grpc-default-executor-3] INFO  impl.RoleInfo (RoleInfo.java:shutdownFollowerState(121)) - 67ae3572-7d88-4e50-b53b-0f48f6748b38: shutdown FollowerState
2019-10-17 07:10:25,290 [grpc-default-executor-9] INFO  impl.RaftServerImpl (RaftServerImpl.java:setRole(184)) - 831edaa1-80a5-4091-843f-90c648a5a79d@group-233C052D78D6: changes role from  FOLLOWER to FOLLOWER at term 17 for recognizeCandidate:5c4ee31d-c5ed-4c65-a5df-da3e3cf53ac2
2019-10-17 07:10:25,290 [grpc-default-executor-9] INFO  impl.RoleInfo (RoleInfo.java:shutdownFollowerState(121)) - 831edaa1-80a5-4091-843f-90c648a5a79d: shutdown FollowerState
2019-10-17 07:10:25,290 [Thread-609] INFO  impl.FollowerState (FollowerState.java:run(117)) - 67ae3572-7d88-4e50-b53b-0f48f6748b38@group-233C052D78D6-FollowerState was interrupted: java.lang.InterruptedException: sleep interrupted
2019-10-17 07:10:25,290 [grpc-default-executor-3] INFO  impl.RoleInfo (RoleInfo.java:updateAndGet(143)) - 67ae3572-7d88-4e50-b53b-0f48f6748b38: start FollowerState
2019-10-17 07:10:25,290 [Thread-610] INFO  impl.FollowerState (FollowerState.java:run(117)) - 831edaa1-80a5-4091-843f-90c648a5a79d@group-233C052D78D6-FollowerState was interrupted: java.lang.InterruptedException: sleep interrupted
2019-10-17 07:10:25,290 [grpc-default-executor-9] INFO  impl.RoleInfo (RoleInfo.java:updateAndGet(143)) - 831edaa1-80a5-4091-843f-90c648a5a79d: start FollowerState
2019-10-17 07:10:25,305 [5c4ee31d-c5ed-4c65-a5df-da3e3cf53ac2@group-233C052D78D6-LeaderElection42] INFO  impl.LeaderElection (LeaderElection.java:logAndReturn(56)) - 5c4ee31d-c5ed-4c65-a5df-da3e3cf53ac2@group-233C052D78D6-LeaderElection42: Election REJECTED; received 2 response(s) [5c4ee31d-c5ed-4c65-a5df-da3e3cf53ac2<-67ae3572-7d88-4e50-b53b-0f48f6748b38#0:FAIL-t17, 5c4ee31d-c5ed-4c65-a5df-da3e3cf53ac2<-831edaa1-80a5-4091-843f-90c648a5a79d#0:FAIL-t17] and 0 exception(s); 5c4ee31d-c5ed-4c65-a5df-da3e3cf53ac2@group-233C052D78D6:t17, leader=null, voted=5c4ee31d-c5ed-4c65-a5df-da3e3cf53ac2, raftlog=5c4ee31d-c5ed-4c65-a5df-da3e3cf53ac2@group-233C052D78D6-SegmentedRaftLog:OPENED:c-1,f-1,i0, conf=-1: [67ae3572-7d88-4e50-b53b-0f48f6748b38:192.168.157.211:41299, 831edaa1-80a5-4091-843f-90c648a5a79d:192.168.157.211:44365, 5c4ee31d-c5ed-4c65-a5df-da3e3cf53ac2:192.168.157.211:45059], old=null
2019-10-17 07:10:25,306 [5c4ee31d-c5ed-4c65-a5df-da3e3cf53ac2@group-233C052D78D6-LeaderElection42] INFO  impl.RaftServerImpl (RaftServerImpl.java:setRole(184)) - 5c4ee31d-c5ed-4c65-a5df-da3e3cf53ac2@group-233C052D78D6: changes role from CANDIDATE to FOLLOWER at term 17 for DISCOVERED_A_NEW_TERM
2019-10-17 07:10:25,306 [5c4ee31d-c5ed-4c65-a5df-da3e3cf53ac2@group-233C052D78D6-LeaderElection42] INFO  impl.RoleInfo (RoleInfo.java:shutdownLeaderElection(134)) - 5c4ee31d-c5ed-4c65-a5df-da3e3cf53ac2: shutdown LeaderElection
2019-10-17 07:10:25,306 [5c4ee31d-c5ed-4c65-a5df-da3e3cf53ac2@group-233C052D78D6-LeaderElection42] INFO  impl.RoleInfo (RoleInfo.java:updateAndGet(143)) - 5c4ee31d-c5ed-4c65-a5df-da3e3cf53ac2: start FollowerState
2019-10-17 07:10:25,371 [Thread-620] INFO  impl.FollowerState (FollowerState.java:run(108)) - decc5551-dd4b-40dc-8ff5-b6b450d67f6f@group-42ACBF6EBE4E-FollowerState: change to CANDIDATE, lastRpcTime:82ms, electionTimeout:82ms
2019-10-17 07:10:25,371 [Thread-620] INFO  impl.RoleInfo (RoleInfo.java:shutdownFollowerState(121)) - decc5551-dd4b-40dc-8ff5-b6b450d67f6f: shutdown FollowerState
2019-10-17 07:10:25,371 [Thread-620] INFO  impl.RaftServerImpl (RaftServerImpl.java:setRole(184)) - decc5551-dd4b-40dc-8ff5-b6b450d67f6f@group-42ACBF6EBE4E: changes role from  FOLLOWER to CANDIDATE at term 20 for changeToCandidate
2019-10-17 07:10:25,372 [Thread-620] INFO  impl.RoleInfo (RoleInfo.java:updateAndGet(143)) - decc5551-dd4b-40dc-8ff5-b6b450d67f6f: start LeaderElection
2019-10-17 07:10:25,385 [decc5551-dd4b-40dc-8ff5-b6b450d67f6f@group-42ACBF6EBE4E-LeaderElection43] INFO  impl.LeaderElection (LeaderElection.java:askForVotes(178)) - decc5551-dd4b-40dc-8ff5-b6b450d67f6f@group-42ACBF6EBE4E-LeaderElection43: begin an election at term 21 for -1: [215fceca-0555-458b-bc4f-ba38ff24d5ba:192.168.157.211:43803, decc5551-dd4b-40dc-8ff5-b6b450d67f6f:192.168.157.211:34435, 0c631657-10a5-4e2a-a322-8fc6c651b2ed:192.168.157.211:41694], old=null
2019-10-17 07:10:25,388 [grpc-default-executor-3] INFO  impl.RaftServerImpl (RaftServerImpl.java:setRole(184)) - 215fceca-0555-458b-bc4f-ba38ff24d5ba@group-42ACBF6EBE4E: changes role from  FOLLOWER to FOLLOWER at term 21 for recognizeCandidate:decc5551-dd4b-40dc-8ff5-b6b450d67f6f
2019-10-17 07:10:25,388 [grpc-default-executor-9] INFO  impl.RaftServerImpl (RaftServerImpl.java:setRole(184)) - 0c631657-10a5-4e2a-a322-8fc6c651b2ed@group-42ACBF6EBE4E: changes role from  FOLLOWER to FOLLOWER at term 21 for recognizeCandidate:decc5551-dd4b-40dc-8ff5-b6b450d67f6f
2019-10-17 07:10:25,388 [grpc-default-executor-3] INFO  impl.RoleInfo (RoleInfo.java:shutdownFollowerState(121)) - 215fceca-0555-458b-bc4f-ba38ff24d5ba: shutdown FollowerState
2019-10-17 07:10:25,388 [grpc-default-executor-9] INFO  impl.RoleInfo (RoleInfo.java:shutdownFollowerState(121)) - 0c631657-10a5-4e2a-a322-8fc6c651b2ed: shutdown FollowerState
2019-10-17 07:10:25,388 [grpc-default-executor-3] INFO  impl.RoleInfo (RoleInfo.java:updateAndGet(143)) - 215fceca-0555-458b-bc4f-ba38ff24d5ba: start FollowerState
2019-10-17 07:10:25,388 [Thread-616] INFO  impl.FollowerState (FollowerState.java:run(117)) - 215fceca-0555-458b-bc4f-ba38ff24d5ba@group-42ACBF6EBE4E-FollowerState was interrupted: java.lang.InterruptedException: sleep interrupted
2019-10-17 07:10:25,388 [grpc-default-executor-9] INFO  impl.RoleInfo (RoleInfo.java:updateAndGet(143)) - 0c631657-10a5-4e2a-a322-8fc6c651b2ed: start FollowerState
2019-10-17 07:10:25,388 [Thread-617] INFO  impl.FollowerState (FollowerState.java:run(117)) - 0c631657-10a5-4e2a-a322-8fc6c651b2ed@group-42ACBF6EBE4E-FollowerState was interrupted: java.lang.InterruptedException: sleep interrupted
2019-10-17 07:10:25,404 [Thread-623] INFO  impl.FollowerState (FollowerState.java:run(108)) - 5c4ee31d-c5ed-4c65-a5df-da3e3cf53ac2@group-233C052D78D6-FollowerState: change to CANDIDATE, lastRpcTime:98ms, electionTimeout:98ms
2019-10-17 07:10:25,405 [Thread-623] INFO  impl.RoleInfo (RoleInfo.java:shutdownFollowerState(121)) - 5c4ee31d-c5ed-4c65-a5df-da3e3cf53ac2: shutdown FollowerState
2019-10-17 07:10:25,405 [Thread-623] INFO  impl.RaftServerImpl (RaftServerImpl.java:setRole(184)) - 5c4ee31d-c5ed-4c65-a5df-da3e3cf53ac2@group-233C052D78D6: changes role from  FOLLOWER to CANDIDATE at term 17 for changeToCandidate
2019-10-17 07:10:25,405 [Thread-623] INFO  impl.RoleInfo (RoleInfo.java:updateAndGet(143)) - 5c4ee31d-c5ed-4c65-a5df-da3e3cf53ac2: start LeaderElection
2019-10-17 07:10:25,406 [decc5551-dd4b-40dc-8ff5-b6b450d67f6f@group-42ACBF6EBE4E-LeaderElection43] INFO  impl.LeaderElection (LeaderElection.java:logAndReturn(56)) - decc5551-dd4b-40dc-8ff5-b6b450d67f6f@group-42ACBF6EBE4E-LeaderElection43: Election REJECTED; received 2 response(s) [decc5551-dd4b-40dc-8ff5-b6b450d67f6f<-215fceca-0555-458b-bc4f-ba38ff24d5ba#0:FAIL-t21, decc5551-dd4b-40dc-8ff5-b6b450d67f6f<-0c631657-10a5-4e2a-a322-8fc6c651b2ed#0:FAIL-t21] and 0 exception(s); decc5551-dd4b-40dc-8ff5-b6b450d67f6f@group-42ACBF6EBE4E:t21, leader=null, voted=decc5551-dd4b-40dc-8ff5-b6b450d67f6f, raftlog=decc5551-dd4b-40dc-8ff5-b6b450d67f6f@group-42ACBF6EBE4E-SegmentedRaftLog:OPENED:c-1,f-1,i0, conf=-1: [215fceca-0555-458b-bc4f-ba38ff24d5ba:192.168.157.211:43803, decc5551-dd4b-40dc-8ff5-b6b450d67f6f:192.168.157.211:34435, 0c631657-10a5-4e2a-a322-8fc6c651b2ed:192.168.157.211:41694], old=null
2019-10-17 07:10:25,406 [decc5551-dd4b-40dc-8ff5-b6b450d67f6f@group-42ACBF6EBE4E-LeaderElection43] INFO  impl.RaftServerImpl (RaftServerImpl.java:setRole(184)) - decc5551-dd4b-40dc-8ff5-b6b450d67f6f@group-42ACBF6EBE4E: changes role from CANDIDATE to FOLLOWER at term 21 for DISCOVERED_A_NEW_TERM
2019-10-17 07:10:25,406 [decc5551-dd4b-40dc-8ff5-b6b450d67f6f@group-42ACBF6EBE4E-LeaderElection43] INFO  impl.RoleInfo (RoleInfo.java:shutdownLeaderElection(134)) - decc5551-dd4b-40dc-8ff5-b6b450d67f6f: shutdown LeaderElection
2019-10-17 07:10:25,407 [decc5551-dd4b-40dc-8ff5-b6b450d67f6f@group-42ACBF6EBE4E-LeaderElection43] INFO  impl.RoleInfo (RoleInfo.java:updateAndGet(143)) - decc5551-dd4b-40dc-8ff5-b6b450d67f6f: start FollowerState
2019-10-17 07:10:25,416 [5c4ee31d-c5ed-4c65-a5df-da3e3cf53ac2@group-233C052D78D6-LeaderElection44] INFO  impl.LeaderElection (LeaderElection.java:askForVotes(178)) - 5c4ee31d-c5ed-4c65-a5df-da3e3cf53ac2@group-233C052D78D6-LeaderElection44: begin an election at term 18 for -1: [67ae3572-7d88-4e50-b53b-0f48f6748b38:192.168.157.211:41299, 831edaa1-80a5-4091-843f-90c648a5a79d:192.168.157.211:44365, 5c4ee31d-c5ed-4c65-a5df-da3e3cf53ac2:192.168.157.211:45059], old=null
2019-10-17 07:10:25,421 [grpc-default-executor-3] INFO  impl.RaftServerImpl (RaftServerImpl.java:setRole(184)) - 67ae3572-7d88-4e50-b53b-0f48f6748b38@group-233C052D78D6: changes role from  FOLLOWER to FOLLOWER at term 18 for recognizeCandidate:5c4ee31d-c5ed-4c65-a5df-da3e3cf53ac2
2019-10-17 07:10:25,421 [grpc-default-executor-9] INFO  impl.RaftServerImpl (RaftServerImpl.java:setRole(184)) - 831edaa1-80a5-4091-843f-90c648a5a79d@group-233C052D78D6: changes role from  FOLLOWER to FOLLOWER at term 18 for recognizeCandidate:5c4ee31d-c5ed-4c65-a5df-da3e3cf53ac2
2019-10-17 07:10:25,421 [grpc-default-executor-3] INFO  impl.RoleInfo (RoleInfo.java:shutdownFollowerState(121)) - 67ae3572-7d88-4e50-b53b-0f48f6748b38: shutdown FollowerState
2019-10-17 07:10:25,422 [grpc-default-executor-9] INFO  impl.RoleInfo (RoleInfo.java:shutdownFollowerState(121)) - 831edaa1-80a5-4091-843f-90c648a5a79d: shutdown FollowerState
2019-10-17 07:10:25,422 [Thread-621] INFO  impl.FollowerState (FollowerState.java:run(117)) - 67ae3572-7d88-4e50-b53b-0f48f6748b38@group-233C052D78D6-FollowerState was interrupted: java.lang.InterruptedException: sleep interrupted
2019-10-17 07:10:25,422 [Thread-622] INFO  impl.FollowerState (FollowerState.java:run(117)) - 831edaa1-80a5-4091-843f-90c648a5a79d@group-233C052D78D6-FollowerState was interrupted: java.lang.InterruptedException: sleep interrupted
2019-10-17 07:10:25,422 [grpc-default-executor-3] INFO  impl.RoleInfo (RoleInfo.java:updateAndGet(143)) - 67ae3572-7d88-4e50-b53b-0f48f6748b38: start FollowerState
2019-10-17 07:10:25,422 [grpc-default-executor-9] INFO  impl.RoleInfo (RoleInfo.java:updateAndGet(143)) - 831edaa1-80a5-4091-843f-90c648a5a79d: start FollowerState
2019-10-17 07:10:25,442 [5c4ee31d-c5ed-4c65-a5df-da3e3cf53ac2@group-233C052D78D6-LeaderElection44] INFO  impl.LeaderElection (LeaderElection.java:logAndReturn(56)) - 5c4ee31d-c5ed-4c65-a5df-da3e3cf53ac2@group-233C052D78D6-LeaderElection44: Election REJECTED; received 2 response(s) [5c4ee31d-c5ed-4c65-a5df-da3e3cf53ac2<-67ae3572-7d88-4e50-b53b-0f48f6748b38#0:FAIL-t18, 5c4ee31d-c5ed-4c65-a5df-da3e3cf53ac2<-831edaa1-80a5-4091-843f-90c648a5a79d#0:FAIL-t18] and 0 exception(s); 5c4ee31d-c5ed-4c65-a5df-da3e3cf53ac2@group-233C052D78D6:t18, leader=null, voted=5c4ee31d-c5ed-4c65-a5df-da3e3cf53ac2, raftlog=5c4ee31d-c5ed-4c65-a5df-da3e3cf53ac2@group-233C052D78D6-SegmentedRaftLog:OPENED:c-1,f-1,i0, conf=-1: [67ae3572-7d88-4e50-b53b-0f48f6748b38:192.168.157.211:41299, 831edaa1-80a5-4091-843f-90c648a5a79d:192.168.157.211:44365, 5c4ee31d-c5ed-4c65-a5df-da3e3cf53ac2:192.168.157.211:45059], old=null
2019-10-17 07:10:25,442 [5c4ee31d-c5ed-4c65-a5df-da3e3cf53ac2@group-233C052D78D6-LeaderElection44] INFO  impl.RaftServerImpl (RaftServerImpl.java:setRole(184)) - 5c4ee31d-c5ed-4c65-a5df-da3e3cf53ac2@group-233C052D78D6: changes role from CANDIDATE to FOLLOWER at term 18 for DISCOVERED_A_NEW_TERM
2019-10-17 07:10:25,442 [5c4ee31d-c5ed-4c65-a5df-da3e3cf53ac2@group-233C052D78D6-LeaderElection44] INFO  impl.RoleInfo (RoleInfo.java:shutdownLeaderElection(134)) - 5c4ee31d-c5ed-4c65-a5df-da3e3cf53ac2: shutdown LeaderElection
2019-10-17 07:10:25,443 [5c4ee31d-c5ed-4c65-a5df-da3e3cf53ac2@group-233C052D78D6-LeaderElection44] INFO  impl.RoleInfo (RoleInfo.java:updateAndGet(143)) - 5c4ee31d-c5ed-4c65-a5df-da3e3cf53ac2: start FollowerState
2019-10-17 07:10:25,502 [Thread-632] INFO  impl.FollowerState (FollowerState.java:run(108)) - decc5551-dd4b-40dc-8ff5-b6b450d67f6f@group-42ACBF6EBE4E-FollowerState: change to CANDIDATE, lastRpcTime:95ms, electionTimeout:95ms
2019-10-17 07:10:25,502 [Thread-632] INFO  impl.RoleInfo (RoleInfo.java:shutdownFollowerState(121)) - decc5551-dd4b-40dc-8ff5-b6b450d67f6f: shutdown FollowerState
2019-10-17 07:10:25,502 [Thread-632] INFO  impl.RaftServerImpl (RaftServerImpl.java:setRole(184)) - decc5551-dd4b-40dc-8ff5-b6b450d67f6f@group-42ACBF6EBE4E: changes role from  FOLLOWER to CANDIDATE at term 21 for changeToCandidate
2019-10-17 07:10:25,503 [Thread-632] INFO  impl.RoleInfo (RoleInfo.java:updateAndGet(143)) - decc5551-dd4b-40dc-8ff5-b6b450d67f6f: start LeaderElection
2019-10-17 07:10:25,528 [decc5551-dd4b-40dc-8ff5-b6b450d67f6f@group-42ACBF6EBE4E-LeaderElection45] INFO  impl.LeaderElection (LeaderElection.java:askForVotes(178)) - decc5551-dd4b-40dc-8ff5-b6b450d67f6f@group-42ACBF6EBE4E-LeaderElection45: begin an election at term 22 for -1: [215fceca-0555-458b-bc4f-ba38ff24d5ba:192.168.157.211:43803, decc5551-dd4b-40dc-8ff5-b6b450d67f6f:192.168.157.211:34435, 0c631657-10a5-4e2a-a322-8fc6c651b2ed:192.168.157.211:41694], old=null
2019-10-17 07:10:25,536 [grpc-default-executor-3] INFO  impl.RaftServerImpl (RaftServerImpl.java:setRole(184)) - 215fceca-0555-458b-bc4f-ba38ff24d5ba@group-42ACBF6EBE4E: changes role from  FOLLOWER to FOLLOWER at term 22 for recognizeCandidate:decc5551-dd4b-40dc-8ff5-b6b450d67f6f
2019-10-17 07:10:25,536 [grpc-default-executor-9] INFO  impl.RaftServerImpl (RaftServerImpl.java:setRole(184)) - 0c631657-10a5-4e2a-a322-8fc6c651b2ed@group-42ACBF6EBE4E: changes role from  FOLLOWER to FOLLOWER at term 22 for recognizeCandidate:decc5551-dd4b-40dc-8ff5-b6b450d67f6f
2019-10-17 07:10:25,536 [grpc-default-executor-9] INFO  impl.RoleInfo (RoleInfo.java:shutdownFollowerState(121)) - 0c631657-10a5-4e2a-a322-8fc6c651b2ed: shutdown FollowerState
2019-10-17 07:10:25,536 [grpc-default-executor-3] INFO  impl.RoleInfo (RoleInfo.java:shutdownFollowerState(121)) - 215fceca-0555-458b-bc4f-ba38ff24d5ba: shutdown FollowerState
2019-10-17 07:10:25,536 [grpc-default-executor-9] INFO  impl.RoleInfo (RoleInfo.java:updateAndGet(143)) - 0c631657-10a5-4e2a-a322-8fc6c651b2ed: start FollowerState
2019-10-17 07:10:25,536 [Thread-630] INFO  impl.FollowerState (FollowerState.java:run(117)) - 0c631657-10a5-4e2a-a322-8fc6c651b2ed@group-42ACBF6EBE4E-FollowerState was interrupted: java.lang.InterruptedException: sleep interrupted
2019-10-17 07:10:25,537 [Thread-629] INFO  impl.FollowerState (FollowerState.java:run(117)) - 215fceca-0555-458b-bc4f-ba38ff24d5ba@group-42ACBF6EBE4E-FollowerState was interrupted: java.lang.InterruptedException: sleep interrupted
2019-10-17 07:10:25,537 [grpc-default-executor-3] INFO  impl.RoleInfo (RoleInfo.java:updateAndGet(143)) - 215fceca-0555-458b-bc4f-ba38ff24d5ba: start FollowerState
2019-10-17 07:10:25,552 [decc5551-dd4b-40dc-8ff5-b6b450d67f6f@group-42ACBF6EBE4E-LeaderElection45] INFO  impl.LeaderElection (LeaderElection.java:logAndReturn(56)) - decc5551-dd4b-40dc-8ff5-b6b450d67f6f@group-42ACBF6EBE4E-LeaderElection45: Election REJECTED; received 2 response(s) [decc5551-dd4b-40dc-8ff5-b6b450d67f6f<-215fceca-0555-458b-bc4f-ba38ff24d5ba#0:FAIL-t22, decc5551-dd4b-40dc-8ff5-b6b450d67f6f<-0c631657-10a5-4e2a-a322-8fc6c651b2ed#0:FAIL-t22] and 0 exception(s); decc5551-dd4b-40dc-8ff5-b6b450d67f6f@group-42ACBF6EBE4E:t22, leader=null, voted=decc5551-dd4b-40dc-8ff5-b6b450d67f6f, raftlog=decc5551-dd4b-40dc-8ff5-b6b450d67f6f@group-42ACBF6EBE4E-SegmentedRaftLog:OPENED:c-1,f-1,i0, conf=-1: [215fceca-0555-458b-bc4f-ba38ff24d5ba:192.168.157.211:43803, decc5551-dd4b-40dc-8ff5-b6b450d67f6f:192.168.157.211:34435, 0c631657-10a5-4e2a-a322-8fc6c651b2ed:192.168.157.211:41694], old=null
2019-10-17 07:10:25,552 [decc5551-dd4b-40dc-8ff5-b6b450d67f6f@group-42ACBF6EBE4E-LeaderElection45] INFO  impl.RaftServerImpl (RaftServerImpl.java:setRole(184)) - decc5551-dd4b-40dc-8ff5-b6b450d67f6f@group-42ACBF6EBE4E: changes role from CANDIDATE to FOLLOWER at term 22 for DISCOVERED_A_NEW_TERM
2019-10-17 07:10:25,552 [decc5551-dd4b-40dc-8ff5-b6b450d67f6f@group-42ACBF6EBE4E-LeaderElection45] INFO  impl.RoleInfo (RoleInfo.java:shutdownLeaderElection(134)) - decc5551-dd4b-40dc-8ff5-b6b450d67f6f: shutdown LeaderElection
2019-10-17 07:10:25,553 [decc5551-dd4b-40dc-8ff5-b6b450d67f6f@group-42ACBF6EBE4E-LeaderElection45] INFO  impl.RoleInfo (RoleInfo.java:updateAndGet(143)) - decc5551-dd4b-40dc-8ff5-b6b450d67f6f: start FollowerState
2019-10-17 07:10:25,580 [Thread-637] INFO  impl.FollowerState (FollowerState.java:run(108)) - 5c4ee31d-c5ed-4c65-a5df-da3e3cf53ac2@group-233C052D78D6-FollowerState: change to CANDIDATE, lastRpcTime:137ms, electionTimeout:137ms
2019-10-17 07:10:25,580 [Thread-637] INFO  impl.RoleInfo (RoleInfo.java:shutdownFollowerState(121)) - 5c4ee31d-c5ed-4c65-a5df-da3e3cf53ac2: shutdown FollowerState
2019-10-17 07:10:25,580 [Thread-637] INFO  impl.RaftServerImpl (RaftServerImpl.java:setRole(184)) - 5c4ee31d-c5ed-4c65-a5df-da3e3cf53ac2@group-233C052D78D6: changes role from  FOLLOWER to CANDIDATE at term 18 for changeToCandidate
2019-10-17 07:10:25,580 [Thread-637] INFO  impl.RoleInfo (RoleInfo.java:updateAndGet(143)) - 5c4ee31d-c5ed-4c65-a5df-da3e3cf53ac2: start LeaderElection
2019-10-17 07:10:25,605 [5c4ee31d-c5ed-4c65-a5df-da3e3cf53ac2@group-233C052D78D6-LeaderElection46] INFO  impl.LeaderElection (LeaderElection.java:askForVotes(178)) - 5c4ee31d-c5ed-4c65-a5df-da3e3cf53ac2@group-233C052D78D6-LeaderElection46: begin an election at term 19 for -1: [67ae3572-7d88-4e50-b53b-0f48f6748b38:192.168.157.211:41299, 831edaa1-80a5-4091-843f-90c648a5a79d:192.168.157.211:44365, 5c4ee31d-c5ed-4c65-a5df-da3e3cf53ac2:192.168.157.211:45059], old=null
2019-10-17 07:10:25,608 [grpc-default-executor-3] INFO  impl.RaftServerImpl (RaftServerImpl.java:setRole(184)) - 67ae3572-7d88-4e50-b53b-0f48f6748b38@group-233C052D78D6: changes role from  FOLLOWER to FOLLOWER at term 19 for recognizeCandidate:5c4ee31d-c5ed-4c65-a5df-da3e3cf53ac2
2019-10-17 07:10:25,608 [grpc-default-executor-9] INFO  impl.RaftServerImpl (RaftServerImpl.java:setRole(184)) - 831edaa1-80a5-4091-843f-90c648a5a79d@group-233C052D78D6: changes role from  FOLLOWER to FOLLOWER at term 19 for recognizeCandidate:5c4ee31d-c5ed-4c65-a5df-da3e3cf53ac2
2019-10-17 07:10:25,608 [grpc-default-executor-3] INFO  impl.RoleInfo (RoleInfo.java:shutdownFollowerState(121)) - 67ae3572-7d88-4e50-b53b-0f48f6748b38: shutdown FollowerState
2019-10-17 07:10:25,608 [grpc-default-executor-9] INFO  impl.RoleInfo (RoleInfo.java:shutdownFollowerState(121)) - 831edaa1-80a5-4091-843f-90c648a5a79d: shutdown FollowerState
2019-10-17 07:10:25,609 [Thread-635] INFO  impl.FollowerState (FollowerState.java:run(117)) - 67ae3572-7d88-4e50-b53b-0f48f6748b38@group-233C052D78D6-FollowerState was interrupted: java.lang.InterruptedException: sleep interrupted
2019-10-17 07:10:25,609 [grpc-default-executor-9] INFO  impl.RoleInfo (RoleInfo.java:updateAndGet(143)) - 831edaa1-80a5-4091-843f-90c648a5a79d: start FollowerState
2019-10-17 07:10:25,609 [grpc-default-executor-3] INFO  impl.RoleInfo (RoleInfo.java:updateAndGet(143)) - 67ae3572-7d88-4e50-b53b-0f48f6748b38: start FollowerState
2019-10-17 07:10:25,609 [Thread-636] INFO  impl.FollowerState (FollowerState.java:run(117)) - 831edaa1-80a5-4091-843f-90c648a5a79d@group-233C052D78D6-FollowerState was interrupted: java.lang.InterruptedException: sleep interrupted
2019-10-17 07:10:25,624 [5c4ee31d-c5ed-4c65-a5df-da3e3cf53ac2@group-233C052D78D6-LeaderElection46] INFO  impl.LeaderElection (LeaderElection.java:logAndReturn(56)) - 5c4ee31d-c5ed-4c65-a5df-da3e3cf53ac2@group-233C052D78D6-LeaderElection46: Election REJECTED; received 2 response(s) [5c4ee31d-c5ed-4c65-a5df-da3e3cf53ac2<-67ae3572-7d88-4e50-b53b-0f48f6748b38#0:FAIL-t19, 5c4ee31d-c5ed-4c65-a5df-da3e3cf53ac2<-831edaa1-80a5-4091-843f-90c648a5a79d#0:FAIL-t19] and 0 exception(s); 5c4ee31d-c5ed-4c65-a5df-da3e3cf53ac2@group-233C052D78D6:t19, leader=null, voted=5c4ee31d-c5ed-4c65-a5df-da3e3cf53ac2, raftlog=5c4ee31d-c5ed-4c65-a5df-da3e3cf53ac2@group-233C052D78D6-SegmentedRaftLog:OPENED:c-1,f-1,i0, conf=-1: [67ae3572-7d88-4e50-b53b-0f48f6748b38:192.168.157.211:41299, 831edaa1-80a5-4091-843f-90c648a5a79d:192.168.157.211:44365, 5c4ee31d-c5ed-4c65-a5df-da3e3cf53ac2:192.168.157.211:45059], old=null
2019-10-17 07:10:25,624 [5c4ee31d-c5ed-4c65-a5df-da3e3cf53ac2@group-233C052D78D6-LeaderElection46] INFO  impl.RaftServerImpl (RaftServerImpl.java:setRole(184)) - 5c4ee31d-c5ed-4c65-a5df-da3e3cf53ac2@group-233C052D78D6: changes role from CANDIDATE to FOLLOWER at term 19 for DISCOVERED_A_NEW_TERM
2019-10-17 07:10:25,624 [5c4ee31d-c5ed-4c65-a5df-da3e3cf53ac2@group-233C052D78D6-LeaderElection46] INFO  impl.RoleInfo (RoleInfo.java:shutdownLeaderElection(134)) - 5c4ee31d-c5ed-4c65-a5df-da3e3cf53ac2: shutdown LeaderElection
2019-10-17 07:10:25,625 [5c4ee31d-c5ed-4c65-a5df-da3e3cf53ac2@group-233C052D78D6-LeaderElection46] INFO  impl.RoleInfo (RoleInfo.java:updateAndGet(143)) - 5c4ee31d-c5ed-4c65-a5df-da3e3cf53ac2: start FollowerState
2019-10-17 07:10:25,715 [Thread-651] INFO  impl.FollowerState (FollowerState.java:run(108)) - 5c4ee31d-c5ed-4c65-a5df-da3e3cf53ac2@group-233C052D78D6-FollowerState: change to CANDIDATE, lastRpcTime:90ms, electionTimeout:90ms
2019-10-17 07:10:25,715 [Thread-651] INFO  impl.RoleInfo (RoleInfo.java:shutdownFollowerState(121)) - 5c4ee31d-c5ed-4c65-a5df-da3e3cf53ac2: shutdown FollowerState
2019-10-17 07:10:25,715 [Thread-651] INFO  impl.RaftServerImpl (RaftServerImpl.java:setRole(184)) - 5c4ee31d-c5ed-4c65-a5df-da3e3cf53ac2@group-233C052D78D6: changes role from  FOLLOWER to CANDIDATE at term 19 for changeToCandidate
2019-10-17 07:10:25,716 [Thread-651] INFO  impl.RoleInfo (RoleInfo.java:updateAndGet(143)) - 5c4ee31d-c5ed-4c65-a5df-da3e3cf53ac2: start LeaderElection
2019-10-17 07:10:25,726 [Thread-645] INFO  impl.FollowerState (FollowerState.java:run(108)) - decc5551-dd4b-40dc-8ff5-b6b450d67f6f@group-42ACBF6EBE4E-FollowerState: change to CANDIDATE, lastRpcTime:173ms, electionTimeout:173ms
2019-10-17 07:10:25,726 [Thread-645] INFO  impl.RoleInfo (RoleInfo.java:shutdownFollowerState(121)) - decc5551-dd4b-40dc-8ff5-b6b450d67f6f: shutdown FollowerState
2019-10-17 07:10:25,726 [Thread-645] INFO  impl.RaftServerImpl (RaftServerImpl.java:setRole(184)) - decc5551-dd4b-40dc-8ff5-b6b450d67f6f@group-42ACBF6EBE4E: changes role from  FOLLOWER to CANDIDATE at term 22 for changeToCandidate
2019-10-17 07:10:25,727 [Thread-645] INFO  impl.RoleInfo (RoleInfo.java:updateAndGet(143)) - decc5551-dd4b-40dc-8ff5-b6b450d67f6f: start LeaderElection
2019-10-17 07:10:25,731 [5c4ee31d-c5ed-4c65-a5df-da3e3cf53ac2@group-233C052D78D6-LeaderElection47] INFO  impl.LeaderElection (LeaderElection.java:askForVotes(178)) - 5c4ee31d-c5ed-4c65-a5df-da3e3cf53ac2@group-233C052D78D6-LeaderElection47: begin an election at term 20 for -1: [67ae3572-7d88-4e50-b53b-0f48f6748b38:192.168.157.211:41299, 831edaa1-80a5-4091-843f-90c648a5a79d:192.168.157.211:44365, 5c4ee31d-c5ed-4c65-a5df-da3e3cf53ac2:192.168.157.211:45059], old=null
2019-10-17 07:10:25,731 [decc5551-dd4b-40dc-8ff5-b6b450d67f6f@group-42ACBF6EBE4E-LeaderElection48] INFO  impl.LeaderElection (LeaderElection.java:askForVotes(178)) - decc5551-dd4b-40dc-8ff5-b6b450d67f6f@group-42ACBF6EBE4E-LeaderElection48: begin an election at term 23 for -1: [215fceca-0555-458b-bc4f-ba38ff24d5ba:192.168.157.211:43803, decc5551-dd4b-40dc-8ff5-b6b450d67f6f:192.168.157.211:34435, 0c631657-10a5-4e2a-a322-8fc6c651b2ed:192.168.157.211:41694], old=null
2019-10-17 07:10:25,737 [grpc-default-executor-9] INFO  impl.RaftServerImpl (RaftServerImpl.java:setRole(184)) - 831edaa1-80a5-4091-843f-90c648a5a79d@group-233C052D78D6: changes role from  FOLLOWER to FOLLOWER at term 20 for recognizeCandidate:5c4ee31d-c5ed-4c65-a5df-da3e3cf53ac2
2019-10-17 07:10:25,737 [grpc-default-executor-3] INFO  impl.RaftServerImpl (RaftServerImpl.java:setRole(184)) - 67ae3572-7d88-4e50-b53b-0f48f6748b38@group-233C052D78D6: changes role from  FOLLOWER to FOLLOWER at term 20 for recognizeCandidate:5c4ee31d-c5ed-4c65-a5df-da3e3cf53ac2
2019-10-17 07:10:25,737 [grpc-default-executor-3] INFO  impl.RoleInfo (RoleInfo.java:shutdownFollowerState(121)) - 67ae3572-7d88-4e50-b53b-0f48f6748b38: shutdown FollowerState
2019-10-17 07:10:25,737 [grpc-default-executor-9] INFO  impl.RoleInfo (RoleInfo.java:shutdownFollowerState(121)) - 831edaa1-80a5-4091-843f-90c648a5a79d: shutdown FollowerState
2019-10-17 07:10:25,738 [grpc-default-executor-3] INFO  impl.RoleInfo (RoleInfo.java:updateAndGet(143)) - 67ae3572-7d88-4e50-b53b-0f48f6748b38: start FollowerState
2019-10-17 07:10:25,738 [grpc-default-executor-10] INFO  impl.RaftServerImpl (RaftServerImpl.java:setRole(184)) - 0c631657-10a5-4e2a-a322-8fc6c651b2ed@group-42ACBF6EBE4E: changes role from  FOLLOWER to FOLLOWER at term 23 for recognizeCandidate:decc5551-dd4b-40dc-8ff5-b6b450d67f6f
2019-10-17 07:10:25,738 [Thread-649] INFO  impl.FollowerState (FollowerState.java:run(117)) - 67ae3572-7d88-4e50-b53b-0f48f6748b38@group-233C052D78D6-FollowerState was interrupted: java.lang.InterruptedException: sleep interrupted
2019-10-17 07:10:25,738 [grpc-default-executor-11] INFO  impl.RaftServerImpl (RaftServerImpl.java:setRole(184)) - 215fceca-0555-458b-bc4f-ba38ff24d5ba@group-42ACBF6EBE4E: changes role from  FOLLOWER to FOLLOWER at term 23 for recognizeCandidate:decc5551-dd4b-40dc-8ff5-b6b450d67f6f
2019-10-17 07:10:25,738 [grpc-default-executor-11] INFO  impl.RoleInfo (RoleInfo.java:shutdownFollowerState(121)) - 215fceca-0555-458b-bc4f-ba38ff24d5ba: shutdown FollowerState
2019-10-17 07:10:25,738 [grpc-default-executor-10] INFO  impl.RoleInfo (RoleInfo.java:shutdownFollowerState(121)) - 0c631657-10a5-4e2a-a322-8fc6c651b2ed: shutdown FollowerState
2019-10-17 07:10:25,738 [Thread-650] INFO  impl.FollowerState (FollowerState.java:run(117)) - 831edaa1-80a5-4091-843f-90c648a5a79d@group-233C052D78D6-FollowerState was interrupted: java.lang.InterruptedException: sleep interrupted
2019-10-17 07:10:25,738 [grpc-default-executor-9] INFO  impl.RoleInfo (RoleInfo.java:updateAndGet(143)) - 831edaa1-80a5-4091-843f-90c648a5a79d: start FollowerState
2019-10-17 07:10:25,739 [Thread-643] INFO  impl.FollowerState (FollowerState.java:run(117)) - 0c631657-10a5-4e2a-a322-8fc6c651b2ed@group-42ACBF6EBE4E-FollowerState was interrupted: java.lang.InterruptedException: sleep interrupted
2019-10-17 07:10:25,739 [grpc-default-executor-10] INFO  impl.RoleInfo (RoleInfo.java:updateAndGet(143)) - 0c631657-10a5-4e2a-a322-8fc6c651b2ed: start FollowerState
2019-10-17 07:10:25,739 [Thread-644] INFO  impl.FollowerState (FollowerState.java:run(117)) - 215fceca-0555-458b-bc4f-ba38ff24d5ba@group-42ACBF6EBE4E-FollowerState was interrupted: java.lang.InterruptedException: sleep interrupted
2019-10-17 07:10:25,739 [grpc-default-executor-11] INFO  impl.RoleInfo (RoleInfo.java:updateAndGet(143)) - 215fceca-0555-458b-bc4f-ba38ff24d5ba: start FollowerState
2019-10-17 07:10:25,753 [5c4ee31d-c5ed-4c65-a5df-da3e3cf53ac2@group-233C052D78D6-LeaderElection47] INFO  impl.LeaderElection (LeaderElection.java:logAndReturn(56)) - 5c4ee31d-c5ed-4c65-a5df-da3e3cf53ac2@group-233C052D78D6-LeaderElection47: Election REJECTED; received 2 response(s) [5c4ee31d-c5ed-4c65-a5df-da3e3cf53ac2<-67ae3572-7d88-4e50-b53b-0f48f6748b38#0:FAIL-t20, 5c4ee31d-c5ed-4c65-a5df-da3e3cf53ac2<-831edaa1-80a5-4091-843f-90c648a5a79d#0:FAIL-t20] and 0 exception(s); 5c4ee31d-c5ed-4c65-a5df-da3e3cf53ac2@group-233C052D78D6:t20, leader=null, voted=5c4ee31d-c5ed-4c65-a5df-da3e3cf53ac2, raftlog=5c4ee31d-c5ed-4c65-a5df-da3e3cf53ac2@group-233C052D78D6-SegmentedRaftLog:OPENED:c-1,f-1,i0, conf=-1: [67ae3572-7d88-4e50-b53b-0f48f6748b38:192.168.157.211:41299, 831edaa1-80a5-4091-843f-90c648a5a79d:192.168.157.211:44365, 5c4ee31d-c5ed-4c65-a5df-da3e3cf53ac2:192.168.157.211:45059], old=null
2019-10-17 07:10:25,753 [5c4ee31d-c5ed-4c65-a5df-da3e3cf53ac2@group-233C052D78D6-LeaderElection47] INFO  impl.RaftServerImpl (RaftServerImpl.java:setRole(184)) - 5c4ee31d-c5ed-4c65-a5df-da3e3cf53ac2@group-233C052D78D6: changes role from CANDIDATE to FOLLOWER at term 20 for DISCOVERED_A_NEW_TERM
2019-10-17 07:10:25,753 [5c4ee31d-c5ed-4c65-a5df-da3e3cf53ac2@group-233C052D78D6-LeaderElection47] INFO  impl.RoleInfo (RoleInfo.java:shutdownLeaderElection(134)) - 5c4ee31d-c5ed-4c65-a5df-da3e3cf53ac2: shutdown LeaderElection
2019-10-17 07:10:25,753 [decc5551-dd4b-40dc-8ff5-b6b450d67f6f@group-42ACBF6EBE4E-LeaderElection48] INFO  impl.LeaderElection (LeaderElection.java:logAndReturn(56)) - decc5551-dd4b-40dc-8ff5-b6b450d67f6f@group-42ACBF6EBE4E-LeaderElection48: Election REJECTED; received 2 response(s) [decc5551-dd4b-40dc-8ff5-b6b450d67f6f<-215fceca-0555-458b-bc4f-ba38ff24d5ba#0:FAIL-t23, decc5551-dd4b-40dc-8ff5-b6b450d67f6f<-0c631657-10a5-4e2a-a322-8fc6c651b2ed#0:FAIL-t23] and 0 exception(s); decc5551-dd4b-40dc-8ff5-b6b450d67f6f@group-42ACBF6EBE4E:t23, leader=null, voted=decc5551-dd4b-40dc-8ff5-b6b450d67f6f, raftlog=decc5551-dd4b-40dc-8ff5-b6b450d67f6f@group-42ACBF6EBE4E-SegmentedRaftLog:OPENED:c-1,f-1,i0, conf=-1: [215fceca-0555-458b-bc4f-ba38ff24d5ba:192.168.157.211:43803, decc5551-dd4b-40dc-8ff5-b6b450d67f6f:192.168.157.211:34435, 0c631657-10a5-4e2a-a322-8fc6c651b2ed:192.168.157.211:41694], old=null
2019-10-17 07:10:25,753 [5c4ee31d-c5ed-4c65-a5df-da3e3cf53ac2@group-233C052D78D6-LeaderElection47] INFO  impl.RoleInfo (RoleInfo.java:updateAndGet(143)) - 5c4ee31d-c5ed-4c65-a5df-da3e3cf53ac2: start FollowerState
2019-10-17 07:10:25,754 [decc5551-dd4b-40dc-8ff5-b6b450d67f6f@group-42ACBF6EBE4E-LeaderElection48] INFO  impl.RaftServerImpl (RaftServerImpl.java:setRole(184)) - decc5551-dd4b-40dc-8ff5-b6b450d67f6f@group-42ACBF6EBE4E: changes role from CANDIDATE to FOLLOWER at term 23 for DISCOVERED_A_NEW_TERM
2019-10-17 07:10:25,754 [decc5551-dd4b-40dc-8ff5-b6b450d67f6f@group-42ACBF6EBE4E-LeaderElection48] INFO  impl.RoleInfo (RoleInfo.java:shutdownLeaderElection(134)) - decc5551-dd4b-40dc-8ff5-b6b450d67f6f: shutdown LeaderElection
2019-10-17 07:10:25,754 [decc5551-dd4b-40dc-8ff5-b6b450d67f6f@group-42ACBF6EBE4E-LeaderElection48] INFO  impl.RoleInfo (RoleInfo.java:updateAndGet(143)) - decc5551-dd4b-40dc-8ff5-b6b450d67f6f: start FollowerState
2019-10-17 07:10:25,894 [Thread-663] INFO  impl.FollowerState (FollowerState.java:run(108)) - decc5551-dd4b-40dc-8ff5-b6b450d67f6f@group-42ACBF6EBE4E-FollowerState: change to CANDIDATE, lastRpcTime:140ms, electionTimeout:140ms
2019-10-17 07:10:25,895 [Thread-663] INFO  impl.RoleInfo (RoleInfo.java:shutdownFollowerState(121)) - decc5551-dd4b-40dc-8ff5-b6b450d67f6f: shutdown FollowerState
2019-10-17 07:10:25,895 [Thread-663] INFO  impl.RaftServerImpl (RaftServerImpl.java:setRole(184)) - decc5551-dd4b-40dc-8ff5-b6b450d67f6f@group-42ACBF6EBE4E: changes role from  FOLLOWER to CANDIDATE at term 23 for changeToCandidate
2019-10-17 07:10:25,895 [Thread-663] INFO  impl.RoleInfo (RoleInfo.java:updateAndGet(143)) - decc5551-dd4b-40dc-8ff5-b6b450d67f6f: start LeaderElection
2019-10-17 07:10:25,904 [Thread-662] INFO  impl.FollowerState (FollowerState.java:run(108)) - 5c4ee31d-c5ed-4c65-a5df-da3e3cf53ac2@group-233C052D78D6-FollowerState: change to CANDIDATE, lastRpcTime:150ms, electionTimeout:150ms
2019-10-17 07:10:25,904 [Thread-662] INFO  impl.RoleInfo (RoleInfo.java:shutdownFollowerState(121)) - 5c4ee31d-c5ed-4c65-a5df-da3e3cf53ac2: shutdown FollowerState
2019-10-17 07:10:25,904 [Thread-662] INFO  impl.RaftServerImpl (RaftServerImpl.java:setRole(184)) - 5c4ee31d-c5ed-4c65-a5df-da3e3cf53ac2@group-233C052D78D6: changes role from  FOLLOWER to CANDIDATE at term 20 for changeToCandidate
2019-10-17 07:10:25,905 [Thread-662] INFO  impl.RoleInfo (RoleInfo.java:updateAndGet(143)) - 5c4ee31d-c5ed-4c65-a5df-da3e3cf53ac2: start LeaderElection
2019-10-17 07:10:25,910 [decc5551-dd4b-40dc-8ff5-b6b450d67f6f@group-42ACBF6EBE4E-LeaderElection49] INFO  impl.LeaderElection (LeaderElection.java:askForVotes(178)) - decc5551-dd4b-40dc-8ff5-b6b450d67f6f@group-42ACBF6EBE4E-LeaderElection49: begin an election at term 24 for -1: [215fceca-0555-458b-bc4f-ba38ff24d5ba:192.168.157.211:43803, decc5551-dd4b-40dc-8ff5-b6b450d67f6f:192.168.157.211:34435, 0c631657-10a5-4e2a-a322-8fc6c651b2ed:192.168.157.211:41694], old=null
2019-10-17 07:10:25,910 [5c4ee31d-c5ed-4c65-a5df-da3e3cf53ac2@group-233C052D78D6-LeaderElection50] INFO  impl.LeaderElection (LeaderElection.java:askForVotes(178)) - 5c4ee31d-c5ed-4c65-a5df-da3e3cf53ac2@group-233C052D78D6-LeaderElection50: begin an election at term 21 for -1: [67ae3572-7d88-4e50-b53b-0f48f6748b38:192.168.157.211:41299, 831edaa1-80a5-4091-843f-90c648a5a79d:192.168.157.211:44365, 5c4ee31d-c5ed-4c65-a5df-da3e3cf53ac2:192.168.157.211:45059], old=null
2019-10-17 07:10:25,917 [grpc-default-executor-3] INFO  impl.RaftServerImpl (RaftServerImpl.java:setRole(184)) - 831edaa1-80a5-4091-843f-90c648a5a79d@group-233C052D78D6: changes role from  FOLLOWER to FOLLOWER at term 21 for recognizeCandidate:5c4ee31d-c5ed-4c65-a5df-da3e3cf53ac2
2019-10-17 07:10:25,917 [grpc-default-executor-11] INFO  impl.RaftServerImpl (RaftServerImpl.java:setRole(184)) - 215fceca-0555-458b-bc4f-ba38ff24d5ba@group-42ACBF6EBE4E: changes role from  FOLLOWER to FOLLOWER at term 24 for recognizeCandidate:decc5551-dd4b-40dc-8ff5-b6b450d67f6f
2019-10-17 07:10:25,917 [grpc-default-executor-11] INFO  impl.RoleInfo (RoleInfo.java:shutdownFollowerState(121)) - 215fceca-0555-458b-bc4f-ba38ff24d5ba: shutdown FollowerState
2019-10-17 07:10:25,917 [grpc-default-executor-9] INFO  impl.RaftServerImpl (RaftServerImpl.java:setRole(184)) - 67ae3572-7d88-4e50-b53b-0f48f6748b38@group-233C052D78D6: changes role from  FOLLOWER to FOLLOWER at term 21 for recognizeCandidate:5c4ee31d-c5ed-4c65-a5df-da3e3cf53ac2
2019-10-17 07:10:25,917 [grpc-default-executor-10] INFO  impl.RaftServerImpl (RaftServerImpl.java:setRole(184)) - 0c631657-10a5-4e2a-a322-8fc6c651b2ed@group-42ACBF6EBE4E: changes role from  FOLLOWER to FOLLOWER at term 24 for recognizeCandidate:decc5551-dd4b-40dc-8ff5-b6b450d67f6f
2019-10-17 07:10:25,917 [grpc-default-executor-9] INFO  impl.RoleInfo (RoleInfo.java:shutdownFollowerState(121)) - 67ae3572-7d88-4e50-b53b-0f48f6748b38: shutdown FollowerState
2019-10-17 07:10:25,917 [Thread-660] INFO  impl.FollowerState (FollowerState.java:run(117)) - 215fceca-0555-458b-bc4f-ba38ff24d5ba@group-42ACBF6EBE4E-FollowerState was interrupted: java.lang.InterruptedException: sleep interrupted
2019-10-17 07:10:25,917 [grpc-default-executor-11] INFO  impl.RoleInfo (RoleInfo.java:updateAndGet(143)) - 215fceca-0555-458b-bc4f-ba38ff24d5ba: start FollowerState
2019-10-17 07:10:25,917 [grpc-default-executor-3] INFO  impl.RoleInfo (RoleInfo.java:shutdownFollowerState(121)) - 831edaa1-80a5-4091-843f-90c648a5a79d: shutdown FollowerState
2019-10-17 07:10:25,918 [Thread-658] INFO  impl.FollowerState (FollowerState.java:run(117)) - 67ae3572-7d88-4e50-b53b-0f48f6748b38@group-233C052D78D6-FollowerState was interrupted: java.lang.InterruptedException: sleep interrupted
2019-10-17 07:10:25,918 [grpc-default-executor-9] INFO  impl.RoleInfo (RoleInfo.java:updateAndGet(143)) - 67ae3572-7d88-4e50-b53b-0f48f6748b38: start FollowerState
2019-10-17 07:10:25,918 [5c4ee31d-c5ed-4c65-a5df-da3e3cf53ac2@group-233C052D78D6-LeaderElection50] INFO  impl.LeaderElection (LeaderElection.java:logAndReturn(56)) - 5c4ee31d-c5ed-4c65-a5df-da3e3cf53ac2@group-233C052D78D6-LeaderElection50: Election TIMEOUT; received 0 response(s) [] and 0 exception(s); 5c4ee31d-c5ed-4c65-a5df-da3e3cf53ac2@group-233C052D78D6:t21, leader=null, voted=5c4ee31d-c5ed-4c65-a5df-da3e3cf53ac2, raftlog=5c4ee31d-c5ed-4c65-a5df-da3e3cf53ac2@group-233C052D78D6-SegmentedRaftLog:OPENED:c-1,f-1,i0, conf=-1: [67ae3572-7d88-4e50-b53b-0f48f6748b38:192.168.157.211:41299, 831edaa1-80a5-4091-843f-90c648a5a79d:192.168.157.211:44365, 5c4ee31d-c5ed-4c65-a5df-da3e3cf53ac2:192.168.157.211:45059], old=null
2019-10-17 07:10:25,918 [grpc-default-executor-10] INFO  impl.RoleInfo (RoleInfo.java:shutdownFollowerState(121)) - 0c631657-10a5-4e2a-a322-8fc6c651b2ed: shutdown FollowerState
2019-10-17 07:10:25,918 [Thread-659] INFO  impl.FollowerState (FollowerState.java:run(117)) - 831edaa1-80a5-4091-843f-90c648a5a79d@group-233C052D78D6-FollowerState was interrupted: java.lang.InterruptedException: sleep interrupted
2019-10-17 07:10:25,919 [Thread-661] INFO  impl.FollowerState (FollowerState.java:run(117)) - 0c631657-10a5-4e2a-a322-8fc6c651b2ed@group-42ACBF6EBE4E-FollowerState was interrupted: java.lang.InterruptedException: sleep interrupted
2019-10-17 07:10:25,918 [grpc-default-executor-3] INFO  impl.RoleInfo (RoleInfo.java:updateAndGet(143)) - 831edaa1-80a5-4091-843f-90c648a5a79d: start FollowerState
2019-10-17 07:10:25,919 [grpc-default-executor-10] INFO  impl.RoleInfo (RoleInfo.java:updateAndGet(143)) - 0c631657-10a5-4e2a-a322-8fc6c651b2ed: start FollowerState
2019-10-17 07:10:25,927 [5c4ee31d-c5ed-4c65-a5df-da3e3cf53ac2@group-233C052D78D6-LeaderElection50] INFO  impl.LeaderElection (LeaderElection.java:askForVotes(178)) - 5c4ee31d-c5ed-4c65-a5df-da3e3cf53ac2@group-233C052D78D6-LeaderElection50: begin an election at term 22 for -1: [67ae3572-7d88-4e50-b53b-0f48f6748b38:192.168.157.211:41299, 831edaa1-80a5-4091-843f-90c648a5a79d:192.168.157.211:44365, 5c4ee31d-c5ed-4c65-a5df-da3e3cf53ac2:192.168.157.211:45059], old=null
2019-10-17 07:10:25,932 [decc5551-dd4b-40dc-8ff5-b6b450d67f6f@group-42ACBF6EBE4E-LeaderElection49] INFO  impl.LeaderElection (LeaderElection.java:logAndReturn(56)) - decc5551-dd4b-40dc-8ff5-b6b450d67f6f@group-42ACBF6EBE4E-LeaderElection49: Election REJECTED; received 2 response(s) [decc5551-dd4b-40dc-8ff5-b6b450d67f6f<-215fceca-0555-458b-bc4f-ba38ff24d5ba#0:FAIL-t24, decc5551-dd4b-40dc-8ff5-b6b450d67f6f<-0c631657-10a5-4e2a-a322-8fc6c651b2ed#0:FAIL-t24] and 0 exception(s); decc5551-dd4b-40dc-8ff5-b6b450d67f6f@group-42ACBF6EBE4E:t24, leader=null, voted=decc5551-dd4b-40dc-8ff5-b6b450d67f6f, raftlog=decc5551-dd4b-40dc-8ff5-b6b450d67f6f@group-42ACBF6EBE4E-SegmentedRaftLog:OPENED:c-1,f-1,i0, conf=-1: [215fceca-0555-458b-bc4f-ba38ff24d5ba:192.168.157.211:43803, decc5551-dd4b-40dc-8ff5-b6b450d67f6f:192.168.157.211:34435, 0c631657-10a5-4e2a-a322-8fc6c651b2ed:192.168.157.211:41694], old=null
2019-10-17 07:10:25,932 [decc5551-dd4b-40dc-8ff5-b6b450d67f6f@group-42ACBF6EBE4E-LeaderElection49] INFO  impl.RaftServerImpl (RaftServerImpl.java:setRole(184)) - decc5551-dd4b-40dc-8ff5-b6b450d67f6f@group-42ACBF6EBE4E: changes role from CANDIDATE to FOLLOWER at term 24 for DISCOVERED_A_NEW_TERM
2019-10-17 07:10:25,932 [decc5551-dd4b-40dc-8ff5-b6b450d67f6f@group-42ACBF6EBE4E-LeaderElection49] INFO  impl.RoleInfo (RoleInfo.java:shutdownLeaderElection(134)) - decc5551-dd4b-40dc-8ff5-b6b450d67f6f: shutdown LeaderElection
2019-10-17 07:10:25,932 [grpc-default-executor-3] INFO  impl.RaftServerImpl (RaftServerImpl.java:setRole(184)) - 831edaa1-80a5-4091-843f-90c648a5a79d@group-233C052D78D6: changes role from  FOLLOWER to FOLLOWER at term 22 for recognizeCandidate:5c4ee31d-c5ed-4c65-a5df-da3e3cf53ac2
2019-10-17 07:10:25,932 [decc5551-dd4b-40dc-8ff5-b6b450d67f6f@group-42ACBF6EBE4E-LeaderElection49] INFO  impl.RoleInfo (RoleInfo.java:updateAndGet(143)) - decc5551-dd4b-40dc-8ff5-b6b450d67f6f: start FollowerState
2019-10-17 07:10:25,932 [grpc-default-executor-3] INFO  impl.RoleInfo (RoleInfo.java:shutdownFollowerState(121)) - 831edaa1-80a5-4091-843f-90c648a5a79d: shutdown FollowerState
2019-10-17 07:10:25,933 [grpc-default-executor-3] INFO  impl.RoleInfo (RoleInfo.java:updateAndGet(143)) - 831edaa1-80a5-4091-843f-90c648a5a79d: start FollowerState
2019-10-17 07:10:25,933 [grpc-default-executor-9] INFO  impl.RaftServerImpl (RaftServerImpl.java:setRole(184)) - 67ae3572-7d88-4e50-b53b-0f48f6748b38@group-233C052D78D6: changes role from  FOLLOWER to FOLLOWER at term 22 for recognizeCandidate:5c4ee31d-c5ed-4c65-a5df-da3e3cf53ac2
2019-10-17 07:10:25,933 [Thread-672] INFO  impl.FollowerState (FollowerState.java:run(117)) - 831edaa1-80a5-4091-843f-90c648a5a79d@group-233C052D78D6-FollowerState was interrupted: java.lang.InterruptedException: sleep interrupted
2019-10-17 07:10:25,933 [grpc-default-executor-9] INFO  impl.RoleInfo (RoleInfo.java:shutdownFollowerState(121)) - 67ae3572-7d88-4e50-b53b-0f48f6748b38: shutdown FollowerState
2019-10-17 07:10:25,933 [grpc-default-executor-9] INFO  impl.RoleInfo (RoleInfo.java:updateAndGet(143)) - 67ae3572-7d88-4e50-b53b-0f48f6748b38: start FollowerState
2019-10-17 07:10:25,933 [Thread-671] INFO  impl.FollowerState (FollowerState.java:run(117)) - 67ae3572-7d88-4e50-b53b-0f48f6748b38@group-233C052D78D6-FollowerState was interrupted: java.lang.InterruptedException: sleep interrupted
2019-10-17 07:10:25,940 [5c4ee31d-c5ed-4c65-a5df-da3e3cf53ac2@group-233C052D78D6-LeaderElection50] INFO  impl.LeaderElection (LeaderElection.java:logAndReturn(56)) - 5c4ee31d-c5ed-4c65-a5df-da3e3cf53ac2@group-233C052D78D6-LeaderElection50: Election REJECTED; received 2 response(s) [5c4ee31d-c5ed-4c65-a5df-da3e3cf53ac2<-67ae3572-7d88-4e50-b53b-0f48f6748b38#0:FAIL-t22, 5c4ee31d-c5ed-4c65-a5df-da3e3cf53ac2<-831edaa1-80a5-4091-843f-90c648a5a79d#0:FAIL-t22] and 0 exception(s); 5c4ee31d-c5ed-4c65-a5df-da3e3cf53ac2@group-233C052D78D6:t22, leader=null, voted=5c4ee31d-c5ed-4c65-a5df-da3e3cf53ac2, raftlog=5c4ee31d-c5ed-4c65-a5df-da3e3cf53ac2@group-233C052D78D6-SegmentedRaftLog:OPENED:c-1,f-1,i0, conf=-1: [67ae3572-7d88-4e50-b53b-0f48f6748b38:192.168.157.211:41299, 831edaa1-80a5-4091-843f-90c648a5a79d:192.168.157.211:44365, 5c4ee31d-c5ed-4c65-a5df-da3e3cf53ac2:192.168.157.211:45059], old=null
2019-10-17 07:10:25,940 [5c4ee31d-c5ed-4c65-a5df-da3e3cf53ac2@group-233C052D78D6-LeaderElection50] INFO  impl.RaftServerImpl (RaftServerImpl.java:setRole(184)) - 5c4ee31d-c5ed-4c65-a5df-da3e3cf53ac2@group-233C052D78D6: changes role from CANDIDATE to FOLLOWER at term 22 for DISCOVERED_A_NEW_TERM
2019-10-17 07:10:25,940 [5c4ee31d-c5ed-4c65-a5df-da3e3cf53ac2@group-233C052D78D6-LeaderElection50] INFO  impl.RoleInfo (RoleInfo.java:shutdownLeaderElection(134)) - 5c4ee31d-c5ed-4c65-a5df-da3e3cf53ac2: shutdown LeaderElection
2019-10-17 07:10:25,941 [5c4ee31d-c5ed-4c65-a5df-da3e3cf53ac2@group-233C052D78D6-LeaderElection50] INFO  impl.RoleInfo (RoleInfo.java:updateAndGet(143)) - 5c4ee31d-c5ed-4c65-a5df-da3e3cf53ac2: start FollowerState
2019-10-17 07:10:25,960 [Thread-679] INFO  impl.FollowerState (FollowerState.java:run(108)) - 5c4ee31d-c5ed-4c65-a5df-da3e3cf53ac2@group-233C052D78D6-FollowerState: change to CANDIDATE, lastRpcTime:19ms, electionTimeout:19ms
2019-10-17 07:10:25,960 [Thread-679] INFO  impl.RoleInfo (RoleInfo.java:shutdownFollowerState(121)) - 5c4ee31d-c5ed-4c65-a5df-da3e3cf53ac2: shutdown FollowerState
2019-10-17 07:10:25,961 [Thread-679] INFO  impl.RaftServerImpl (RaftServerImpl.java:setRole(184)) - 5c4ee31d-c5ed-4c65-a5df-da3e3cf53ac2@group-233C052D78D6: changes role from  FOLLOWER to CANDIDATE at term 22 for changeToCandidate
2019-10-17 07:10:25,961 [Thread-679] INFO  impl.RoleInfo (RoleInfo.java:updateAndGet(143)) - 5c4ee31d-c5ed-4c65-a5df-da3e3cf53ac2: start LeaderElection
2019-10-17 07:10:25,974 [5c4ee31d-c5ed-4c65-a5df-da3e3cf53ac2@group-233C052D78D6-LeaderElection51] INFO  impl.LeaderElection (LeaderElection.java:askForVotes(178)) - 5c4ee31d-c5ed-4c65-a5df-da3e3cf53ac2@group-233C052D78D6-LeaderElection51: begin an election at term 23 for -1: [67ae3572-7d88-4e50-b53b-0f48f6748b38:192.168.157.211:41299, 831edaa1-80a5-4091-843f-90c648a5a79d:192.168.157.211:44365, 5c4ee31d-c5ed-4c65-a5df-da3e3cf53ac2:192.168.157.211:45059], old=null
2019-10-17 07:10:25,977 [grpc-default-executor-9] INFO  impl.RaftServerImpl (RaftServerImpl.java:setRole(184)) - 831edaa1-80a5-4091-843f-90c648a5a79d@group-233C052D78D6: changes role from  FOLLOWER to FOLLOWER at term 23 for recognizeCandidate:5c4ee31d-c5ed-4c65-a5df-da3e3cf53ac2
2019-10-17 07:10:25,977 [grpc-default-executor-3] INFO  impl.RaftServerImpl (RaftServerImpl.java:setRole(184)) - 67ae3572-7d88-4e50-b53b-0f48f6748b38@group-233C052D78D6: changes role from  FOLLOWER to FOLLOWER at term 23 for recognizeCandidate:5c4ee31d-c5ed-4c65-a5df-da3e3cf53ac2
2019-10-17 07:10:25,977 [grpc-default-executor-3] INFO  impl.RoleInfo (RoleInfo.java:shutdownFollowerState(121)) - 67ae3572-7d88-4e50-b53b-0f48f6748b38: shutdown FollowerState
2019-10-17 07:10:25,977 [grpc-default-executor-9] INFO  impl.RoleInfo (RoleInfo.java:shutdownFollowerState(121)) - 831edaa1-80a5-4091-843f-90c648a5a79d: shutdown FollowerState
2019-10-17 07:10:25,977 [Thread-678] INFO  impl.FollowerState (FollowerState.java:run(117)) - 67ae3572-7d88-4e50-b53b-0f48f6748b38@group-233C052D78D6-FollowerState was interrupted: java.lang.InterruptedException: sleep interrupted
2019-10-17 07:10:25,977 [grpc-default-executor-3] INFO  impl.RoleInfo (RoleInfo.java:updateAndGet(143)) - 67ae3572-7d88-4e50-b53b-0f48f6748b38: start FollowerState
2019-10-17 07:10:25,977 [Thread-677] INFO  impl.FollowerState (FollowerState.java:run(117)) - 831edaa1-80a5-4091-843f-90c648a5a79d@group-233C052D78D6-FollowerState was interrupted: java.lang.InterruptedException: sleep interrupted
2019-10-17 07:10:25,977 [grpc-default-executor-9] INFO  impl.RoleInfo (RoleInfo.java:updateAndGet(143)) - 831edaa1-80a5-4091-843f-90c648a5a79d: start FollowerState
2019-10-17 07:10:25,992 [5c4ee31d-c5ed-4c65-a5df-da3e3cf53ac2@group-233C052D78D6-LeaderElection51] INFO  impl.LeaderElection (LeaderElection.java:logAndReturn(56)) - 5c4ee31d-c5ed-4c65-a5df-da3e3cf53ac2@group-233C052D78D6-LeaderElection51: Election REJECTED; received 2 response(s) [5c4ee31d-c5ed-4c65-a5df-da3e3cf53ac2<-67ae3572-7d88-4e50-b53b-0f48f6748b38#0:FAIL-t23, 5c4ee31d-c5ed-4c65-a5df-da3e3cf53ac2<-831edaa1-80a5-4091-843f-90c648a5a79d#0:FAIL-t23] and 0 exception(s); 5c4ee31d-c5ed-4c65-a5df-da3e3cf53ac2@group-233C052D78D6:t23, leader=null, voted=5c4ee31d-c5ed-4c65-a5df-da3e3cf53ac2, raftlog=5c4ee31d-c5ed-4c65-a5df-da3e3cf53ac2@group-233C052D78D6-SegmentedRaftLog:OPENED:c-1,f-1,i0, conf=-1: [67ae3572-7d88-4e50-b53b-0f48f6748b38:192.168.157.211:41299, 831edaa1-80a5-4091-843f-90c648a5a79d:192.168.157.211:44365, 5c4ee31d-c5ed-4c65-a5df-da3e3cf53ac2:192.168.157.211:45059], old=null
2019-10-17 07:10:25,993 [5c4ee31d-c5ed-4c65-a5df-da3e3cf53ac2@group-233C052D78D6-LeaderElection51] INFO  impl.RaftServerImpl (RaftServerImpl.java:setRole(184)) - 5c4ee31d-c5ed-4c65-a5df-da3e3cf53ac2@group-233C052D78D6: changes role from CANDIDATE to FOLLOWER at term 23 for DISCOVERED_A_NEW_TERM
2019-10-17 07:10:25,993 [5c4ee31d-c5ed-4c65-a5df-da3e3cf53ac2@group-233C052D78D6-LeaderElection51] INFO  impl.RoleInfo (RoleInfo.java:shutdownLeaderElection(134)) - 5c4ee31d-c5ed-4c65-a5df-da3e3cf53ac2: shutdown LeaderElection
2019-10-17 07:10:25,993 [5c4ee31d-c5ed-4c65-a5df-da3e3cf53ac2@group-233C052D78D6-LeaderElection51] INFO  impl.RoleInfo (RoleInfo.java:updateAndGet(143)) - 5c4ee31d-c5ed-4c65-a5df-da3e3cf53ac2: start FollowerState
2019-10-17 07:10:26,097 [Thread-687] INFO  impl.FollowerState (FollowerState.java:run(108)) - 5c4ee31d-c5ed-4c65-a5df-da3e3cf53ac2@group-233C052D78D6-FollowerState: change to CANDIDATE, lastRpcTime:104ms, electionTimeout:104ms
2019-10-17 07:10:26,097 [Thread-687] INFO  impl.RoleInfo (RoleInfo.java:shutdownFollowerState(121)) - 5c4ee31d-c5ed-4c65-a5df-da3e3cf53ac2: shutdown FollowerState
2019-10-17 07:10:26,098 [Thread-687] INFO  impl.RaftServerImpl (RaftServerImpl.java:setRole(184)) - 5c4ee31d-c5ed-4c65-a5df-da3e3cf53ac2@group-233C052D78D6: changes role from  FOLLOWER to CANDIDATE at term 23 for changeToCandidate
2019-10-17 07:10:26,098 [Thread-687] INFO  impl.RoleInfo (RoleInfo.java:updateAndGet(143)) - 5c4ee31d-c5ed-4c65-a5df-da3e3cf53ac2: start LeaderElection
2019-10-17 07:10:26,111 [5c4ee31d-c5ed-4c65-a5df-da3e3cf53ac2@group-233C052D78D6-LeaderElection52] INFO  impl.LeaderElection (LeaderElection.java:askForVotes(178)) - 5c4ee31d-c5ed-4c65-a5df-da3e3cf53ac2@group-233C052D78D6-LeaderElection52: begin an election at term 24 for -1: [67ae3572-7d88-4e50-b53b-0f48f6748b38:192.168.157.211:41299, 831edaa1-80a5-4091-843f-90c648a5a79d:192.168.157.211:44365, 5c4ee31d-c5ed-4c65-a5df-da3e3cf53ac2:192.168.157.211:45059], old=null
2019-10-17 07:10:26,118 [grpc-default-executor-9] INFO  impl.RaftServerImpl (RaftServerImpl.java:setRole(184)) - 831edaa1-80a5-4091-843f-90c648a5a79d@group-233C052D78D6: changes role from  FOLLOWER to FOLLOWER at term 24 for recognizeCandidate:5c4ee31d-c5ed-4c65-a5df-da3e3cf53ac2
2019-10-17 07:10:26,118 [grpc-default-executor-3] INFO  impl.RaftServerImpl (RaftServerImpl.java:setRole(184)) - 67ae3572-7d88-4e50-b53b-0f48f6748b38@group-233C052D78D6: changes role from  FOLLOWER to FOLLOWER at term 24 for recognizeCandidate:5c4ee31d-c5ed-4c65-a5df-da3e3cf53ac2
2019-10-17 07:10:26,118 [grpc-default-executor-9] INFO  impl.RoleInfo (RoleInfo.java:shutdownFollowerState(121)) - 831edaa1-80a5-4091-843f-90c648a5a79d: shutdown FollowerState
2019-10-17 07:10:26,118 [grpc-default-executor-3] INFO  impl.RoleInfo (RoleInfo.java:shutdownFollowerState(121)) - 67ae3572-7d88-4e50-b53b-0f48f6748b38: shutdown FollowerState
2019-10-17 07:10:26,118 [Thread-686] INFO  impl.FollowerState (FollowerState.java:run(117)) - 831edaa1-80a5-4091-843f-90c648a5a79d@group-233C052D78D6-FollowerState was interrupted: java.lang.InterruptedException: sleep interrupted
2019-10-17 07:10:26,118 [grpc-default-executor-9] INFO  impl.RoleInfo (RoleInfo.java:updateAndGet(143)) - 831edaa1-80a5-4091-843f-90c648a5a79d: start FollowerState
2019-10-17 07:10:26,119 [Thread-685] INFO  impl.FollowerState (FollowerState.java:run(117)) - 67ae3572-7d88-4e50-b53b-0f48f6748b38@group-233C052D78D6-FollowerState was interrupted: java.lang.InterruptedException: sleep interrupted
2019-10-17 07:10:26,119 [grpc-default-executor-3] INFO  impl.RoleInfo (RoleInfo.java:updateAndGet(143)) - 67ae3572-7d88-4e50-b53b-0f48f6748b38: start FollowerState
2019-10-17 07:10:26,132 [Thread-676] INFO  impl.FollowerState (FollowerState.java:run(108)) - decc5551-dd4b-40dc-8ff5-b6b450d67f6f@group-42ACBF6EBE4E-FollowerState: change to CANDIDATE, lastRpcTime:199ms, electionTimeout:199ms
2019-10-17 07:10:26,132 [Thread-676] INFO  impl.RoleInfo (RoleInfo.java:shutdownFollowerState(121)) - decc5551-dd4b-40dc-8ff5-b6b450d67f6f: shutdown FollowerState
2019-10-17 07:10:26,132 [Thread-676] INFO  impl.RaftServerImpl (RaftServerImpl.java:setRole(184)) - decc5551-dd4b-40dc-8ff5-b6b450d67f6f@group-42ACBF6EBE4E: changes role from  FOLLOWER to CANDIDATE at term 24 for changeToCandidate
2019-10-17 07:10:26,132 [Thread-676] INFO  impl.RoleInfo (RoleInfo.java:updateAndGet(143)) - decc5551-dd4b-40dc-8ff5-b6b450d67f6f: start LeaderElection
2019-10-17 07:10:26,137 [5c4ee31d-c5ed-4c65-a5df-da3e3cf53ac2@group-233C052D78D6-LeaderElection52] INFO  impl.LeaderElection (LeaderElection.java:logAndReturn(56)) - 5c4ee31d-c5ed-4c65-a5df-da3e3cf53ac2@group-233C052D78D6-LeaderElection52: Election REJECTED; received 2 response(s) [5c4ee31d-c5ed-4c65-a5df-da3e3cf53ac2<-67ae3572-7d88-4e50-b53b-0f48f6748b38#0:FAIL-t24, 5c4ee31d-c5ed-4c65-a5df-da3e3cf53ac2<-831edaa1-80a5-4091-843f-90c648a5a79d#0:FAIL-t24] and 0 exception(s); 5c4ee31d-c5ed-4c65-a5df-da3e3cf53ac2@group-233C052D78D6:t24, leader=null, voted=5c4ee31d-c5ed-4c65-a5df-da3e3cf53ac2, raftlog=5c4ee31d-c5ed-4c65-a5df-da3e3cf53ac2@group-233C052D78D6-SegmentedRaftLog:OPENED:c-1,f-1,i0, conf=-1: [67ae3572-7d88-4e50-b53b-0f48f6748b38:192.168.157.211:41299, 831edaa1-80a5-4091-843f-90c648a5a79d:192.168.157.211:44365, 5c4ee31d-c5ed-4c65-a5df-da3e3cf53ac2:192.168.157.211:45059], old=null
2019-10-17 07:10:26,138 [5c4ee31d-c5ed-4c65-a5df-da3e3cf53ac2@group-233C052D78D6-LeaderElection52] INFO  impl.RaftServerImpl (RaftServerImpl.java:setRole(184)) - 5c4ee31d-c5ed-4c65-a5df-da3e3cf53ac2@group-233C052D78D6: changes role from CANDIDATE to FOLLOWER at term 24 for DISCOVERED_A_NEW_TERM
2019-10-17 07:10:26,138 [5c4ee31d-c5ed-4c65-a5df-da3e3cf53ac2@group-233C052D78D6-LeaderElection52] INFO  impl.RoleInfo (RoleInfo.java:shutdownLeaderElection(134)) - 5c4ee31d-c5ed-4c65-a5df-da3e3cf53ac2: shutdown LeaderElection
2019-10-17 07:10:26,138 [5c4ee31d-c5ed-4c65-a5df-da3e3cf53ac2@group-233C052D78D6-LeaderElection52] INFO  impl.RoleInfo (RoleInfo.java:updateAndGet(143)) - 5c4ee31d-c5ed-4c65-a5df-da3e3cf53ac2: start FollowerState
2019-10-17 07:10:26,149 [decc5551-dd4b-40dc-8ff5-b6b450d67f6f@group-42ACBF6EBE4E-LeaderElection53] INFO  impl.LeaderElection (LeaderElection.java:askForVotes(178)) - decc5551-dd4b-40dc-8ff5-b6b450d67f6f@group-42ACBF6EBE4E-LeaderElection53: begin an election at term 25 for -1: [215fceca-0555-458b-bc4f-ba38ff24d5ba:192.168.157.211:43803, decc5551-dd4b-40dc-8ff5-b6b450d67f6f:192.168.157.211:34435, 0c631657-10a5-4e2a-a322-8fc6c651b2ed:192.168.157.211:41694], old=null
2019-10-17 07:10:26,151 [grpc-default-executor-9] INFO  impl.RaftServerImpl (RaftServerImpl.java:setRole(184)) - 0c631657-10a5-4e2a-a322-8fc6c651b2ed@group-42ACBF6EBE4E: changes role from  FOLLOWER to FOLLOWER at term 25 for recognizeCandidate:decc5551-dd4b-40dc-8ff5-b6b450d67f6f
2019-10-17 07:10:26,151 [grpc-default-executor-3] INFO  impl.RaftServerImpl (RaftServerImpl.java:setRole(184)) - 215fceca-0555-458b-bc4f-ba38ff24d5ba@group-42ACBF6EBE4E: changes role from  FOLLOWER to FOLLOWER at term 25 for recognizeCandidate:decc5551-dd4b-40dc-8ff5-b6b450d67f6f
2019-10-17 07:10:26,152 [grpc-default-executor-3] INFO  impl.RoleInfo (RoleInfo.java:shutdownFollowerState(121)) - 215fceca-0555-458b-bc4f-ba38ff24d5ba: shutdown FollowerState
2019-10-17 07:10:26,152 [grpc-default-executor-9] INFO  impl.RoleInfo (RoleInfo.java:shutdownFollowerState(121)) - 0c631657-10a5-4e2a-a322-8fc6c651b2ed: shutdown FollowerState
2019-10-17 07:10:26,152 [Thread-670] INFO  impl.FollowerState (FollowerState.java:run(117)) - 215fceca-0555-458b-bc4f-ba38ff24d5ba@group-42ACBF6EBE4E-FollowerState was interrupted: java.lang.InterruptedException: sleep interrupted
2019-10-17 07:10:26,152 [grpc-default-executor-3] INFO  impl.RoleInfo (RoleInfo.java:updateAndGet(143)) - 215fceca-0555-458b-bc4f-ba38ff24d5ba: start FollowerState
2019-10-17 07:10:26,152 [Thread-673] INFO  impl.FollowerState (FollowerState.java:run(117)) - 0c631657-10a5-4e2a-a322-8fc6c651b2ed@group-42ACBF6EBE4E-FollowerState was interrupted: java.lang.InterruptedException: sleep interrupted
2019-10-17 07:10:26,152 [grpc-default-executor-9] INFO  impl.RoleInfo (RoleInfo.java:updateAndGet(143)) - 0c631657-10a5-4e2a-a322-8fc6c651b2ed: start FollowerState
2019-10-17 07:10:26,170 [decc5551-dd4b-40dc-8ff5-b6b450d67f6f@group-42ACBF6EBE4E-LeaderElection53] INFO  impl.LeaderElection (LeaderElection.java:logAndReturn(56)) - decc5551-dd4b-40dc-8ff5-b6b450d67f6f@group-42ACBF6EBE4E-LeaderElection53: Election REJECTED; received 2 response(s) [decc5551-dd4b-40dc-8ff5-b6b450d67f6f<-215fceca-0555-458b-bc4f-ba38ff24d5ba#0:FAIL-t25, decc5551-dd4b-40dc-8ff5-b6b450d67f6f<-0c631657-10a5-4e2a-a322-8fc6c651b2ed#0:FAIL-t25] and 0 exception(s); decc5551-dd4b-40dc-8ff5-b6b450d67f6f@group-42ACBF6EBE4E:t25, leader=null, voted=decc5551-dd4b-40dc-8ff5-b6b450d67f6f, raftlog=decc5551-dd4b-40dc-8ff5-b6b450d67f6f@group-42ACBF6EBE4E-SegmentedRaftLog:OPENED:c-1,f-1,i0, conf=-1: [215fceca-0555-458b-bc4f-ba38ff24d5ba:192.168.157.211:43803, decc5551-dd4b-40dc-8ff5-b6b450d67f6f:192.168.157.211:34435, 0c631657-10a5-4e2a-a322-8fc6c651b2ed:192.168.157.211:41694], old=null
2019-10-17 07:10:26,170 [decc5551-dd4b-40dc-8ff5-b6b450d67f6f@group-42ACBF6EBE4E-LeaderElection53] INFO  impl.RaftServerImpl (RaftServerImpl.java:setRole(184)) - decc5551-dd4b-40dc-8ff5-b6b450d67f6f@group-42ACBF6EBE4E: changes role from CANDIDATE to FOLLOWER at term 25 for DISCOVERED_A_NEW_TERM
2019-10-17 07:10:26,170 [decc5551-dd4b-40dc-8ff5-b6b450d67f6f@group-42ACBF6EBE4E-LeaderElection53] INFO  impl.RoleInfo (RoleInfo.java:shutdownLeaderElection(134)) - decc5551-dd4b-40dc-8ff5-b6b450d67f6f: shutdown LeaderElection
2019-10-17 07:10:26,170 [decc5551-dd4b-40dc-8ff5-b6b450d67f6f@group-42ACBF6EBE4E-LeaderElection53] INFO  impl.RoleInfo (RoleInfo.java:updateAndGet(143)) - decc5551-dd4b-40dc-8ff5-b6b450d67f6f: start FollowerState
2019-10-17 07:10:26,307 [Thread-694] INFO  impl.FollowerState (FollowerState.java:run(108)) - 5c4ee31d-c5ed-4c65-a5df-da3e3cf53ac2@group-233C052D78D6-FollowerState: change to CANDIDATE, lastRpcTime:169ms, electionTimeout:169ms
2019-10-17 07:10:26,308 [Thread-694] INFO  impl.RoleInfo (RoleInfo.java:shutdownFollowerState(121)) - 5c4ee31d-c5ed-4c65-a5df-da3e3cf53ac2: shutdown FollowerState
2019-10-17 07:10:26,308 [Thread-694] INFO  impl.RaftServerImpl (RaftServerImpl.java:setRole(184)) - 5c4ee31d-c5ed-4c65-a5df-da3e3cf53ac2@group-233C052D78D6: changes role from  FOLLOWER to CANDIDATE at term 24 for changeToCandidate
2019-10-17 07:10:26,308 [Thread-694] INFO  impl.RoleInfo (RoleInfo.java:updateAndGet(143)) - 5c4ee31d-c5ed-4c65-a5df-da3e3cf53ac2: start LeaderElection
2019-10-17 07:10:26,308 [Thread-699] INFO  impl.FollowerState (FollowerState.java:run(108)) - decc5551-dd4b-40dc-8ff5-b6b450d67f6f@group-42ACBF6EBE4E-FollowerState: change to CANDIDATE, lastRpcTime:138ms, electionTimeout:138ms
2019-10-17 07:10:26,308 [Thread-699] INFO  impl.RoleInfo (RoleInfo.java:shutdownFollowerState(121)) - decc5551-dd4b-40dc-8ff5-b6b450d67f6f: shutdown FollowerState
2019-10-17 07:10:26,309 [Thread-699] INFO  impl.RaftServerImpl (RaftServerImpl.java:setRole(184)) - decc5551-dd4b-40dc-8ff5-b6b450d67f6f@group-42ACBF6EBE4E: changes role from  FOLLOWER to CANDIDATE at term 25 for changeToCandidate
2019-10-17 07:10:26,309 [Thread-699] INFO  impl.RoleInfo (RoleInfo.java:updateAndGet(143)) - decc5551-dd4b-40dc-8ff5-b6b450d67f6f: start LeaderElection
2019-10-17 07:10:26,323 [decc5551-dd4b-40dc-8ff5-b6b450d67f6f@group-42ACBF6EBE4E-LeaderElection55] INFO  impl.LeaderElection (LeaderElection.java:askForVotes(178)) - decc5551-dd4b-40dc-8ff5-b6b450d67f6f@group-42ACBF6EBE4E-LeaderElection55: begin an election at term 26 for -1: [215fceca-0555-458b-bc4f-ba38ff24d5ba:192.168.157.211:43803, decc5551-dd4b-40dc-8ff5-b6b450d67f6f:192.168.157.211:34435, 0c631657-10a5-4e2a-a322-8fc6c651b2ed:192.168.157.211:41694], old=null
2019-10-17 07:10:26,323 [5c4ee31d-c5ed-4c65-a5df-da3e3cf53ac2@group-233C052D78D6-LeaderElection54] INFO  impl.LeaderElection (LeaderElection.java:askForVotes(178)) - 5c4ee31d-c5ed-4c65-a5df-da3e3cf53ac2@group-233C052D78D6-LeaderElection54: begin an election at term 25 for -1: [67ae3572-7d88-4e50-b53b-0f48f6748b38:192.168.157.211:41299, 831edaa1-80a5-4091-843f-90c648a5a79d:192.168.157.211:44365, 5c4ee31d-c5ed-4c65-a5df-da3e3cf53ac2:192.168.157.211:45059], old=null
2019-10-17 07:10:26,326 [grpc-default-executor-3] INFO  impl.RaftServerImpl (RaftServerImpl.java:setRole(184)) - 0c631657-10a5-4e2a-a322-8fc6c651b2ed@group-42ACBF6EBE4E: changes role from  FOLLOWER to FOLLOWER at term 26 for recognizeCandidate:decc5551-dd4b-40dc-8ff5-b6b450d67f6f
2019-10-17 07:10:26,326 [grpc-default-executor-11] INFO  impl.RaftServerImpl (RaftServerImpl.java:setRole(184)) - 215fceca-0555-458b-bc4f-ba38ff24d5ba@group-42ACBF6EBE4E: changes role from  FOLLOWER to FOLLOWER at term 26 for recognizeCandidate:decc5551-dd4b-40dc-8ff5-b6b450d67f6f
2019-10-17 07:10:26,326 [grpc-default-executor-10] INFO  impl.RaftServerImpl (RaftServerImpl.java:setRole(184)) - 67ae3572-7d88-4e50-b53b-0f48f6748b38@group-233C052D78D6: changes role from  FOLLOWER to FOLLOWER at term 25 for recognizeCandidate:5c4ee31d-c5ed-4c65-a5df-da3e3cf53ac2
2019-10-17 07:10:26,326 [grpc-default-executor-10] INFO  impl.RoleInfo (RoleInfo.java:shutdownFollowerState(121)) - 67ae3572-7d88-4e50-b53b-0f48f6748b38: shutdown FollowerState
2019-10-17 07:10:26,326 [grpc-default-executor-9] INFO  impl.RaftServerImpl (RaftServerImpl.java:setRole(184)) - 831edaa1-80a5-4091-843f-90c648a5a79d@group-233C052D78D6: changes role from  FOLLOWER to FOLLOWER at term 25 for recognizeCandidate:5c4ee31d-c5ed-4c65-a5df-da3e3cf53ac2
2019-10-17 07:10:26,326 [Thread-692] INFO  impl.FollowerState (FollowerState.java:run(117)) - 67ae3572-7d88-4e50-b53b-0f48f6748b38@group-233C052D78D6-FollowerState was interrupted: java.lang.InterruptedException: sleep interrupted
2019-10-17 07:10:26,326 [grpc-default-executor-10] INFO  impl.RoleInfo (RoleInfo.java:updateAndGet(143)) - 67ae3572-7d88-4e50-b53b-0f48f6748b38: start FollowerState
2019-10-17 07:10:26,326 [grpc-default-executor-11] INFO  impl.RoleInfo (RoleInfo.java:shutdownFollowerState(121)) - 215fceca-0555-458b-bc4f-ba38ff24d5ba: shutdown FollowerState
2019-10-17 07:10:26,326 [grpc-default-executor-3] INFO  impl.RoleInfo (RoleInfo.java:shutdownFollowerState(121)) - 0c631657-10a5-4e2a-a322-8fc6c651b2ed: shutdown FollowerState
2019-10-17 07:10:26,327 [Thread-697] INFO  impl.FollowerState (FollowerState.java:run(117)) - 215fceca-0555-458b-bc4f-ba38ff24d5ba@group-42ACBF6EBE4E-FollowerState was interrupted: java.lang.InterruptedException: sleep interrupted
2019-10-17 07:10:26,327 [grpc-default-executor-11] INFO  impl.RoleInfo (RoleInfo.java:updateAndGet(143)) - 215fceca-0555-458b-bc4f-ba38ff24d5ba: start FollowerState
2019-10-17 07:10:26,327 [grpc-default-executor-9] INFO  impl.RoleInfo (RoleInfo.java:shutdownFollowerState(121)) - 831edaa1-80a5-4091-843f-90c648a5a79d: shutdown FollowerState
2019-10-17 07:10:26,327 [grpc-default-executor-3] INFO  impl.RoleInfo (RoleInfo.java:updateAndGet(143)) - 0c631657-10a5-4e2a-a322-8fc6c651b2ed: start FollowerState
2019-10-17 07:10:26,327 [Thread-698] INFO  impl.FollowerState (FollowerState.java:run(117)) - 0c631657-10a5-4e2a-a322-8fc6c651b2ed@group-42ACBF6EBE4E-FollowerState was interrupted: java.lang.InterruptedException: sleep interrupted
2019-10-17 07:10:26,328 [grpc-default-executor-9] INFO  impl.RoleInfo (RoleInfo.java:updateAndGet(143)) - 831edaa1-80a5-4091-843f-90c648a5a79d: start FollowerState
2019-10-17 07:10:26,328 [Thread-691] INFO  impl.FollowerState (FollowerState.java:run(117)) - 831edaa1-80a5-4091-843f-90c648a5a79d@group-233C052D78D6-FollowerState was interrupted: java.lang.InterruptedException: sleep interrupted
2019-10-17 07:10:26,342 [5c4ee31d-c5ed-4c65-a5df-da3e3cf53ac2@group-233C052D78D6-LeaderElection54] INFO  impl.LeaderElection (LeaderElection.java:logAndReturn(56)) - 5c4ee31d-c5ed-4c65-a5df-da3e3cf53ac2@group-233C052D78D6-LeaderElection54: Election REJECTED; received 2 response(s) [5c4ee31d-c5ed-4c65-a5df-da3e3cf53ac2<-67ae3572-7d88-4e50-b53b-0f48f6748b38#0:FAIL-t25, 5c4ee31d-c5ed-4c65-a5df-da3e3cf53ac2<-831edaa1-80a5-4091-843f-90c648a5a79d#0:FAIL-t25] and 0 exception(s); 5c4ee31d-c5ed-4c65-a5df-da3e3cf53ac2@group-233C052D78D6:t25, leader=null, voted=5c4ee31d-c5ed-4c65-a5df-da3e3cf53ac2, raftlog=5c4ee31d-c5ed-4c65-a5df-da3e3cf53ac2@group-233C052D78D6-SegmentedRaftLog:OPENED:c-1,f-1,i0, conf=-1: [67ae3572-7d88-4e50-b53b-0f48f6748b38:192.168.157.211:41299, 831edaa1-80a5-4091-843f-90c648a5a79d:192.168.157.211:44365, 5c4ee31d-c5ed-4c65-a5df-da3e3cf53ac2:192.168.157.211:45059], old=null
2019-10-17 07:10:26,342 [5c4ee31d-c5ed-4c65-a5df-da3e3cf53ac2@group-233C052D78D6-LeaderElection54] INFO  impl.RaftServerImpl (RaftServerImpl.java:setRole(184)) - 5c4ee31d-c5ed-4c65-a5df-da3e3cf53ac2@group-233C052D78D6: changes role from CANDIDATE to FOLLOWER at term 25 for DISCOVERED_A_NEW_TERM
2019-10-17 07:10:26,342 [decc5551-dd4b-40dc-8ff5-b6b450d67f6f@group-42ACBF6EBE4E-LeaderElection55] INFO  impl.LeaderElection (LeaderElection.java:logAndReturn(56)) - decc5551-dd4b-40dc-8ff5-b6b450d67f6f@group-42ACBF6EBE4E-LeaderElection55: Election REJECTED; received 2 response(s) [decc5551-dd4b-40dc-8ff5-b6b450d67f6f<-215fceca-0555-458b-bc4f-ba38ff24d5ba#0:FAIL-t26, decc5551-dd4b-40dc-8ff5-b6b450d67f6f<-0c631657-10a5-4e2a-a322-8fc6c651b2ed#0:FAIL-t26] and 0 exception(s); decc5551-dd4b-40dc-8ff5-b6b450d67f6f@group-42ACBF6EBE4E:t26, leader=null, voted=decc5551-dd4b-40dc-8ff5-b6b450d67f6f, raftlog=decc5551-dd4b-40dc-8ff5-b6b450d67f6f@group-42ACBF6EBE4E-SegmentedRaftLog:OPENED:c-1,f-1,i0, conf=-1: [215fceca-0555-458b-bc4f-ba38ff24d5ba:192.168.157.211:43803, decc5551-dd4b-40dc-8ff5-b6b450d67f6f:192.168.157.211:34435, 0c631657-10a5-4e2a-a322-8fc6c651b2ed:192.168.157.211:41694], old=null
2019-10-17 07:10:26,342 [5c4ee31d-c5ed-4c65-a5df-da3e3cf53ac2@group-233C052D78D6-LeaderElection54] INFO  impl.RoleInfo (RoleInfo.java:shutdownLeaderElection(134)) - 5c4ee31d-c5ed-4c65-a5df-da3e3cf53ac2: shutdown LeaderElection
2019-10-17 07:10:26,343 [decc5551-dd4b-40dc-8ff5-b6b450d67f6f@group-42ACBF6EBE4E-LeaderElection55] INFO  impl.RaftServerImpl (RaftServerImpl.java:setRole(184)) - decc5551-dd4b-40dc-8ff5-b6b450d67f6f@group-42ACBF6EBE4E: changes role from CANDIDATE to FOLLOWER at term 26 for DISCOVERED_A_NEW_TERM
2019-10-17 07:10:26,343 [5c4ee31d-c5ed-4c65-a5df-da3e3cf53ac2@group-233C052D78D6-LeaderElection54] INFO  impl.RoleInfo (RoleInfo.java:updateAndGet(143)) - 5c4ee31d-c5ed-4c65-a5df-da3e3cf53ac2: start FollowerState
2019-10-17 07:10:26,343 [decc5551-dd4b-40dc-8ff5-b6b450d67f6f@group-42ACBF6EBE4E-LeaderElection55] INFO  impl.RoleInfo (RoleInfo.java:shutdownLeaderElection(134)) - decc5551-dd4b-40dc-8ff5-b6b450d67f6f: shutdown LeaderElection
2019-10-17 07:10:26,343 [decc5551-dd4b-40dc-8ff5-b6b450d67f6f@group-42ACBF6EBE4E-LeaderElection55] INFO  impl.RoleInfo (RoleInfo.java:updateAndGet(143)) - decc5551-dd4b-40dc-8ff5-b6b450d67f6f: start FollowerState
2019-10-17 07:10:26,399 [Thread-710] INFO  impl.FollowerState (FollowerState.java:run(108)) - 5c4ee31d-c5ed-4c65-a5df-da3e3cf53ac2@group-233C052D78D6-FollowerState: change to CANDIDATE, lastRpcTime:55ms, electionTimeout:55ms
2019-10-17 07:10:26,399 [Thread-710] INFO  impl.RoleInfo (RoleInfo.java:shutdownFollowerState(121)) - 5c4ee31d-c5ed-4c65-a5df-da3e3cf53ac2: shutdown FollowerState
2019-10-17 07:10:26,399 [Thread-710] INFO  impl.RaftServerImpl (RaftServerImpl.java:setRole(184)) - 5c4ee31d-c5ed-4c65-a5df-da3e3cf53ac2@group-233C052D78D6: changes role from  FOLLOWER to CANDIDATE at term 25 for changeToCandidate
2019-10-17 07:10:26,399 [Thread-710] INFO  impl.RoleInfo (RoleInfo.java:updateAndGet(143)) - 5c4ee31d-c5ed-4c65-a5df-da3e3cf53ac2: start LeaderElection
2019-10-17 07:10:26,414 [5c4ee31d-c5ed-4c65-a5df-da3e3cf53ac2@group-233C052D78D6-LeaderElection56] INFO  impl.LeaderElection (LeaderElection.java:askForVotes(178)) - 5c4ee31d-c5ed-4c65-a5df-da3e3cf53ac2@group-233C052D78D6-LeaderElection56: begin an election at term 26 for -1: [67ae3572-7d88-4e50-b53b-0f48f6748b38:192.168.157.211:41299, 831edaa1-80a5-4091-843f-90c648a5a79d:192.168.157.211:44365, 5c4ee31d-c5ed-4c65-a5df-da3e3cf53ac2:192.168.157.211:45059], old=null
2019-10-17 07:10:26,419 [grpc-default-executor-10] INFO  impl.RaftServerImpl (RaftServerImpl.java:setRole(184)) - 67ae3572-7d88-4e50-b53b-0f48f6748b38@group-233C052D78D6: changes role from  FOLLOWER to FOLLOWER at term 26 for recognizeCandidate:5c4ee31d-c5ed-4c65-a5df-da3e3cf53ac2
2019-10-17 07:10:26,419 [grpc-default-executor-11] INFO  impl.RaftServerImpl (RaftServerImpl.java:setRole(184)) - 831edaa1-80a5-4091-843f-90c648a5a79d@group-233C052D78D6: changes role from  FOLLOWER to FOLLOWER at term 26 for recognizeCandidate:5c4ee31d-c5ed-4c65-a5df-da3e3cf53ac2
2019-10-17 07:10:26,419 [grpc-default-executor-10] INFO  impl.RoleInfo (RoleInfo.java:shutdownFollowerState(121)) - 67ae3572-7d88-4e50-b53b-0f48f6748b38: shutdown FollowerState
2019-10-17 07:10:26,419 [grpc-default-executor-11] INFO  impl.RoleInfo (RoleInfo.java:shutdownFollowerState(121)) - 831edaa1-80a5-4091-843f-90c648a5a79d: shutdown FollowerState
2019-10-17 07:10:26,419 [Thread-706] INFO  impl.FollowerState (FollowerState.java:run(117)) - 67ae3572-7d88-4e50-b53b-0f48f6748b38@group-233C052D78D6-FollowerState was interrupted: java.lang.InterruptedException: sleep interrupted
2019-10-17 07:10:26,419 [grpc-default-executor-10] INFO  impl.RoleInfo (RoleInfo.java:updateAndGet(143)) - 67ae3572-7d88-4e50-b53b-0f48f6748b38: start FollowerState
2019-10-17 07:10:26,419 [Thread-709] INFO  impl.FollowerState (FollowerState.java:run(117)) - 831edaa1-80a5-4091-843f-90c648a5a79d@group-233C052D78D6-FollowerState was interrupted: java.lang.InterruptedException: sleep interrupted
2019-10-17 07:10:26,419 [grpc-default-executor-11] INFO  impl.RoleInfo (RoleInfo.java:updateAndGet(143)) - 831edaa1-80a5-4091-843f-90c648a5a79d: start FollowerState
2019-10-17 07:10:26,438 [5c4ee31d-c5ed-4c65-a5df-da3e3cf53ac2@group-233C052D78D6-LeaderElection56] INFO  impl.LeaderElection (LeaderElection.java:logAndReturn(56)) - 5c4ee31d-c5ed-4c65-a5df-da3e3cf53ac2@group-233C052D78D6-LeaderElection56: Election REJECTED; received 2 response(s) [5c4ee31d-c5ed-4c65-a5df-da3e3cf53ac2<-67ae3572-7d88-4e50-b53b-0f48f6748b38#0:FAIL-t26, 5c4ee31d-c5ed-4c65-a5df-da3e3cf53ac2<-831edaa1-80a5-4091-843f-90c648a5a79d#0:FAIL-t26] and 0 exception(s); 5c4ee31d-c5ed-4c65-a5df-da3e3cf53ac2@group-233C052D78D6:t26, leader=null, voted=5c4ee31d-c5ed-4c65-a5df-da3e3cf53ac2, raftlog=5c4ee31d-c5ed-4c65-a5df-da3e3cf53ac2@group-233C052D78D6-SegmentedRaftLog:OPENED:c-1,f-1,i0, conf=-1: [67ae3572-7d88-4e50-b53b-0f48f6748b38:192.168.157.211:41299, 831edaa1-80a5-4091-843f-90c648a5a79d:192.168.157.211:44365, 5c4ee31d-c5ed-4c65-a5df-da3e3cf53ac2:192.168.157.211:45059], old=null
2019-10-17 07:10:26,439 [5c4ee31d-c5ed-4c65-a5df-da3e3cf53ac2@group-233C052D78D6-LeaderElection56] INFO  impl.RaftServerImpl (RaftServerImpl.java:setRole(184)) - 5c4ee31d-c5ed-4c65-a5df-da3e3cf53ac2@group-233C052D78D6: changes role from CANDIDATE to FOLLOWER at term 26 for DISCOVERED_A_NEW_TERM
2019-10-17 07:10:26,439 [5c4ee31d-c5ed-4c65-a5df-da3e3cf53ac2@group-233C052D78D6-LeaderElection56] INFO  impl.RoleInfo (RoleInfo.java:shutdownLeaderElection(134)) - 5c4ee31d-c5ed-4c65-a5df-da3e3cf53ac2: shutdown LeaderElection
2019-10-17 07:10:26,439 [5c4ee31d-c5ed-4c65-a5df-da3e3cf53ac2@group-233C052D78D6-LeaderElection56] INFO  impl.RoleInfo (RoleInfo.java:updateAndGet(143)) - 5c4ee31d-c5ed-4c65-a5df-da3e3cf53ac2: start FollowerState
2019-10-17 07:10:26,534 [Thread-711] INFO  impl.FollowerState (FollowerState.java:run(108)) - decc5551-dd4b-40dc-8ff5-b6b450d67f6f@group-42ACBF6EBE4E-FollowerState: change to CANDIDATE, lastRpcTime:190ms, electionTimeout:190ms
2019-10-17 07:10:26,534 [Thread-711] INFO  impl.RoleInfo (RoleInfo.java:shutdownFollowerState(121)) - decc5551-dd4b-40dc-8ff5-b6b450d67f6f: shutdown FollowerState
2019-10-17 07:10:26,534 [Thread-711] INFO  impl.RaftServerImpl (RaftServerImpl.java:setRole(184)) - decc5551-dd4b-40dc-8ff5-b6b450d67f6f@group-42ACBF6EBE4E: changes role from  FOLLOWER to CANDIDATE at term 26 for changeToCandidate
2019-10-17 07:10:26,534 [Thread-711] INFO  impl.RoleInfo (RoleInfo.java:updateAndGet(143)) - decc5551-dd4b-40dc-8ff5-b6b450d67f6f: start LeaderElection
2019-10-17 07:10:26,548 [decc5551-dd4b-40dc-8ff5-b6b450d67f6f@group-42ACBF6EBE4E-LeaderElection57] INFO  impl.LeaderElection (LeaderElection.java:askForVotes(178)) - decc5551-dd4b-40dc-8ff5-b6b450d67f6f@group-42ACBF6EBE4E-LeaderElection57: begin an election at term 27 for -1: [215fceca-0555-458b-bc4f-ba38ff24d5ba:192.168.157.211:43803, decc5551-dd4b-40dc-8ff5-b6b450d67f6f:192.168.157.211:34435, 0c631657-10a5-4e2a-a322-8fc6c651b2ed:192.168.157.211:41694], old=null
2019-10-17 07:10:26,551 [grpc-default-executor-11] INFO  impl.RaftServerImpl (RaftServerImpl.java:setRole(184)) - 215fceca-0555-458b-bc4f-ba38ff24d5ba@group-42ACBF6EBE4E: changes role from  FOLLOWER to FOLLOWER at term 27 for recognizeCandidate:decc5551-dd4b-40dc-8ff5-b6b450d67f6f
2019-10-17 07:10:26,551 [grpc-default-executor-10] INFO  impl.RaftServerImpl (RaftServerImpl.java:setRole(184)) - 0c631657-10a5-4e2a-a322-8fc6c651b2ed@group-42ACBF6EBE4E: changes role from  FOLLOWER to FOLLOWER at term 27 for recognizeCandidate:decc5551-dd4b-40dc-8ff5-b6b450d67f6f
2019-10-17 07:10:26,551 [grpc-default-executor-11] INFO  impl.RoleInfo (RoleInfo.java:shutdownFollowerState(121)) - 215fceca-0555-458b-bc4f-ba38ff24d5ba: shutdown FollowerState
2019-10-17 07:10:26,551 [grpc-default-executor-10] INFO  impl.RoleInfo (RoleInfo.java:shutdownFollowerState(121)) - 0c631657-10a5-4e2a-a322-8fc6c651b2ed: shutdown FollowerState
2019-10-17 07:10:26,551 [Thread-707] INFO  impl.FollowerState (FollowerState.java:run(117)) - 215fceca-0555-458b-bc4f-ba38ff24d5ba@group-42ACBF6EBE4E-FollowerState was interrupted: java.lang.InterruptedException: sleep interrupted
2019-10-17 07:10:26,551 [grpc-default-executor-11] INFO  impl.RoleInfo (RoleInfo.java:updateAndGet(143)) - 215fceca-0555-458b-bc4f-ba38ff24d5ba: start FollowerState
2019-10-17 07:10:26,552 [Thread-708] INFO  impl.FollowerState (FollowerState.java:run(117)) - 0c631657-10a5-4e2a-a322-8fc6c651b2ed@group-42ACBF6EBE4E-FollowerState was interrupted: java.lang.InterruptedException: sleep interrupted
2019-10-17 07:10:26,552 [grpc-default-executor-10] INFO  impl.RoleInfo (RoleInfo.java:updateAndGet(143)) - 0c631657-10a5-4e2a-a322-8fc6c651b2ed: start FollowerState
2019-10-17 07:10:26,567 [decc5551-dd4b-40dc-8ff5-b6b450d67f6f@group-42ACBF6EBE4E-LeaderElection57] INFO  impl.LeaderElection (LeaderElection.java:logAndReturn(56)) - decc5551-dd4b-40dc-8ff5-b6b450d67f6f@group-42ACBF6EBE4E-LeaderElection57: Election REJECTED; received 2 response(s) [decc5551-dd4b-40dc-8ff5-b6b450d67f6f<-215fceca-0555-458b-bc4f-ba38ff24d5ba#0:FAIL-t27, decc5551-dd4b-40dc-8ff5-b6b450d67f6f<-0c631657-10a5-4e2a-a322-8fc6c651b2ed#0:FAIL-t27] and 0 exception(s); decc5551-dd4b-40dc-8ff5-b6b450d67f6f@group-42ACBF6EBE4E:t27, leader=null, voted=decc5551-dd4b-40dc-8ff5-b6b450d67f6f, raftlog=decc5551-dd4b-40dc-8ff5-b6b450d67f6f@group-42ACBF6EBE4E-SegmentedRaftLog:OPENED:c-1,f-1,i0, conf=-1: [215fceca-0555-458b-bc4f-ba38ff24d5ba:192.168.157.211:43803, decc5551-dd4b-40dc-8ff5-b6b450d67f6f:192.168.157.211:34435, 0c631657-10a5-4e2a-a322-8fc6c651b2ed:192.168.157.211:41694], old=null
2019-10-17 07:10:26,568 [decc5551-dd4b-40dc-8ff5-b6b450d67f6f@group-42ACBF6EBE4E-LeaderElection57] INFO  impl.RaftServerImpl (RaftServerImpl.java:setRole(184)) - decc5551-dd4b-40dc-8ff5-b6b450d67f6f@group-42ACBF6EBE4E: changes role from CANDIDATE to FOLLOWER at term 27 for DISCOVERED_A_NEW_TERM
2019-10-17 07:10:26,568 [decc5551-dd4b-40dc-8ff5-b6b450d67f6f@group-42ACBF6EBE4E-LeaderElection57] INFO  impl.RoleInfo (RoleInfo.java:shutdownLeaderElection(134)) - decc5551-dd4b-40dc-8ff5-b6b450d67f6f: shutdown LeaderElection
2019-10-17 07:10:26,568 [decc5551-dd4b-40dc-8ff5-b6b450d67f6f@group-42ACBF6EBE4E-LeaderElection57] INFO  impl.RoleInfo (RoleInfo.java:updateAndGet(143)) - decc5551-dd4b-40dc-8ff5-b6b450d67f6f: start FollowerState
2019-10-17 07:10:26,594 [Thread-719] INFO  impl.FollowerState (FollowerState.java:run(108)) - 5c4ee31d-c5ed-4c65-a5df-da3e3cf53ac2@group-233C052D78D6-FollowerState: change to CANDIDATE, lastRpcTime:155ms, electionTimeout:155ms
2019-10-17 07:10:26,594 [Thread-719] INFO  impl.RoleInfo (RoleInfo.java:shutdownFollowerState(121)) - 5c4ee31d-c5ed-4c65-a5df-da3e3cf53ac2: shutdown FollowerState
2019-10-17 07:10:26,594 [Thread-719] INFO  impl.RaftServerImpl (RaftServerImpl.java:setRole(184)) - 5c4ee31d-c5ed-4c65-a5df-da3e3cf53ac2@group-233C052D78D6: changes role from  FOLLOWER to CANDIDATE at term 26 for changeToCandidate
2019-10-17 07:10:26,594 [Thread-719] INFO  impl.RoleInfo (RoleInfo.java:updateAndGet(143)) - 5c4ee31d-c5ed-4c65-a5df-da3e3cf53ac2: start LeaderElection
2019-10-17 07:10:26,608 [5c4ee31d-c5ed-4c65-a5df-da3e3cf53ac2@group-233C052D78D6-LeaderElection58] INFO  impl.LeaderElection (LeaderElection.java:askForVotes(178)) - 5c4ee31d-c5ed-4c65-a5df-da3e3cf53ac2@group-233C052D78D6-LeaderElection58: begin an election at term 27 for -1: [67ae3572-7d88-4e50-b53b-0f48f6748b38:192.168.157.211:41299, 831edaa1-80a5-4091-843f-90c648a5a79d:192.168.157.211:44365, 5c4ee31d-c5ed-4c65-a5df-da3e3cf53ac2:192.168.157.211:45059], old=null
2019-10-17 07:10:26,611 [grpc-default-executor-11] INFO  impl.RaftServerImpl (RaftServerImpl.java:setRole(184)) - 67ae3572-7d88-4e50-b53b-0f48f6748b38@group-233C052D78D6: changes role from  FOLLOWER to FOLLOWER at term 27 for recognizeCandidate:5c4ee31d-c5ed-4c65-a5df-da3e3cf53ac2
2019-10-17 07:10:26,611 [grpc-default-executor-10] INFO  impl.RaftServerImpl (RaftServerImpl.java:setRole(184)) - 831edaa1-80a5-4091-843f-90c648a5a79d@group-233C052D78D6: changes role from  FOLLOWER to FOLLOWER at term 27 for recognizeCandidate:5c4ee31d-c5ed-4c65-a5df-da3e3cf53ac2
2019-10-17 07:10:26,611 [grpc-default-executor-11] INFO  impl.RoleInfo (RoleInfo.java:shutdownFollowerState(121)) - 67ae3572-7d88-4e50-b53b-0f48f6748b38: shutdown FollowerState
2019-10-17 07:10:26,611 [grpc-default-executor-10] INFO  impl.RoleInfo (RoleInfo.java:shutdownFollowerState(121)) - 831edaa1-80a5-4091-843f-90c648a5a79d: shutdown FollowerState
2019-10-17 07:10:26,611 [Thread-717] INFO  impl.FollowerState (FollowerState.java:run(117)) - 67ae3572-7d88-4e50-b53b-0f48f6748b38@group-233C052D78D6-FollowerState was interrupted: java.lang.InterruptedException: sleep interrupted
2019-10-17 07:10:26,611 [Thread-718] INFO  impl.FollowerState (FollowerState.java:run(117)) - 831edaa1-80a5-4091-843f-90c648a5a79d@group-233C052D78D6-FollowerState was interrupted: java.lang.InterruptedException: sleep interrupted
2019-10-17 07:10:26,611 [grpc-default-executor-11] INFO  impl.RoleInfo (RoleInfo.java:updateAndGet(143)) - 67ae3572-7d88-4e50-b53b-0f48f6748b38: start FollowerState
2019-10-17 07:10:26,611 [grpc-default-executor-10] INFO  impl.RoleInfo (RoleInfo.java:updateAndGet(143)) - 831edaa1-80a5-4091-843f-90c648a5a79d: start FollowerState
2019-10-17 07:10:26,627 [5c4ee31d-c5ed-4c65-a5df-da3e3cf53ac2@group-233C052D78D6-LeaderElection58] INFO  impl.LeaderElection (LeaderElection.java:logAndReturn(56)) - 5c4ee31d-c5ed-4c65-a5df-da3e3cf53ac2@group-233C052D78D6-LeaderElection58: Election REJECTED; received 2 response(s) [5c4ee31d-c5ed-4c65-a5df-da3e3cf53ac2<-67ae3572-7d88-4e50-b53b-0f48f6748b38#0:FAIL-t27, 5c4ee31d-c5ed-4c65-a5df-da3e3cf53ac2<-831edaa1-80a5-4091-843f-90c648a5a79d#0:FAIL-t27] and 0 exception(s); 5c4ee31d-c5ed-4c65-a5df-da3e3cf53ac2@group-233C052D78D6:t27, leader=null, voted=5c4ee31d-c5ed-4c65-a5df-da3e3cf53ac2, raftlog=5c4ee31d-c5ed-4c65-a5df-da3e3cf53ac2@group-233C052D78D6-SegmentedRaftLog:OPENED:c-1,f-1,i0, conf=-1: [67ae3572-7d88-4e50-b53b-0f48f6748b38:192.168.157.211:41299, 831edaa1-80a5-4091-843f-90c648a5a79d:192.168.157.211:44365, 5c4ee31d-c5ed-4c65-a5df-da3e3cf53ac2:192.168.157.211:45059], old=null
2019-10-17 07:10:26,627 [5c4ee31d-c5ed-4c65-a5df-da3e3cf53ac2@group-233C052D78D6-LeaderElection58] INFO  impl.RaftServerImpl (RaftServerImpl.java:setRole(184)) - 5c4ee31d-c5ed-4c65-a5df-da3e3cf53ac2@group-233C052D78D6: changes role from CANDIDATE to FOLLOWER at term 27 for DISCOVERED_A_NEW_TERM
2019-10-17 07:10:26,627 [5c4ee31d-c5ed-4c65-a5df-da3e3cf53ac2@group-233C052D78D6-LeaderElection58] INFO  impl.RoleInfo (RoleInfo.java:shutdownLeaderElection(134)) - 5c4ee31d-c5ed-4c65-a5df-da3e3cf53ac2: shutdown LeaderElection
2019-10-17 07:10:26,627 [5c4ee31d-c5ed-4c65-a5df-da3e3cf53ac2@group-233C052D78D6-LeaderElection58] INFO  impl.RoleInfo (RoleInfo.java:updateAndGet(143)) - 5c4ee31d-c5ed-4c65-a5df-da3e3cf53ac2: start FollowerState
2019-10-17 07:10:26,636 [Thread-727] INFO  impl.FollowerState (FollowerState.java:run(108)) - decc5551-dd4b-40dc-8ff5-b6b450d67f6f@group-42ACBF6EBE4E-FollowerState: change to CANDIDATE, lastRpcTime:68ms, electionTimeout:68ms
2019-10-17 07:10:26,636 [Thread-727] INFO  impl.RoleInfo (RoleInfo.java:shutdownFollowerState(121)) - decc5551-dd4b-40dc-8ff5-b6b450d67f6f: shutdown FollowerState
2019-10-17 07:10:26,637 [Thread-727] INFO  impl.RaftServerImpl (RaftServerImpl.java:setRole(184)) - decc5551-dd4b-40dc-8ff5-b6b450d67f6f@group-42ACBF6EBE4E: changes role from  FOLLOWER to CANDIDATE at term 27 for changeToCandidate
2019-10-17 07:10:26,637 [Thread-727] INFO  impl.RoleInfo (RoleInfo.java:updateAndGet(143)) - decc5551-dd4b-40dc-8ff5-b6b450d67f6f: start LeaderElection
2019-10-17 07:10:26,650 [decc5551-dd4b-40dc-8ff5-b6b450d67f6f@group-42ACBF6EBE4E-LeaderElection59] INFO  impl.LeaderElection (LeaderElection.java:askForVotes(178)) - decc5551-dd4b-40dc-8ff5-b6b450d67f6f@group-42ACBF6EBE4E-LeaderElection59: begin an election at term 28 for -1: [215fceca-0555-458b-bc4f-ba38ff24d5ba:192.168.157.211:43803, decc5551-dd4b-40dc-8ff5-b6b450d67f6f:192.168.157.211:34435, 0c631657-10a5-4e2a-a322-8fc6c651b2ed:192.168.157.211:41694], old=null
2019-10-17 07:10:26,652 [grpc-default-executor-10] INFO  impl.RaftServerImpl (RaftServerImpl.java:setRole(184)) - 215fceca-0555-458b-bc4f-ba38ff24d5ba@group-42ACBF6EBE4E: changes role from  FOLLOWER to FOLLOWER at term 28 for recognizeCandidate:decc5551-dd4b-40dc-8ff5-b6b450d67f6f
2019-10-17 07:10:26,652 [grpc-default-executor-11] INFO  impl.RaftServerImpl (RaftServerImpl.java:setRole(184)) - 0c631657-10a5-4e2a-a322-8fc6c651b2ed@group-42ACBF6EBE4E: changes role from  FOLLOWER to FOLLOWER at term 28 for recognizeCandidate:decc5551-dd4b-40dc-8ff5-b6b450d67f6f
2019-10-17 07:10:26,652 [grpc-default-executor-10] INFO  impl.RoleInfo (RoleInfo.java:shutdownFollowerState(121)) - 215fceca-0555-458b-bc4f-ba38ff24d5ba: shutdown FollowerState
2019-10-17 07:10:26,652 [grpc-default-executor-11] INFO  impl.RoleInfo (RoleInfo.java:shutdownFollowerState(121)) - 0c631657-10a5-4e2a-a322-8fc6c651b2ed: shutdown FollowerState
2019-10-17 07:10:26,653 [grpc-default-executor-10] INFO  impl.RoleInfo (RoleInfo.java:updateAndGet(143)) - 215fceca-0555-458b-bc4f-ba38ff24d5ba: start FollowerState
2019-10-17 07:10:26,653 [Thread-725] INFO  impl.FollowerState (FollowerState.java:run(117)) - 215fceca-0555-458b-bc4f-ba38ff24d5ba@group-42ACBF6EBE4E-FollowerState was interrupted: java.lang.InterruptedException: sleep interrupted
2019-10-17 07:10:26,653 [Thread-726] INFO  impl.FollowerState (FollowerState.java:run(117)) - 0c631657-10a5-4e2a-a322-8fc6c651b2ed@group-42ACBF6EBE4E-FollowerState was interrupted: java.lang.InterruptedException: sleep interrupted
2019-10-17 07:10:26,653 [grpc-default-executor-11] INFO  impl.RoleInfo (RoleInfo.java:updateAndGet(143)) - 0c631657-10a5-4e2a-a322-8fc6c651b2ed: start FollowerState
2019-10-17 07:10:26,668 [decc5551-dd4b-40dc-8ff5-b6b450d67f6f@group-42ACBF6EBE4E-LeaderElection59] INFO  impl.LeaderElection (LeaderElection.java:logAndReturn(56)) - decc5551-dd4b-40dc-8ff5-b6b450d67f6f@group-42ACBF6EBE4E-LeaderElection59: Election REJECTED; received 2 response(s) [decc5551-dd4b-40dc-8ff5-b6b450d67f6f<-215fceca-0555-458b-bc4f-ba38ff24d5ba#0:FAIL-t28, decc5551-dd4b-40dc-8ff5-b6b450d67f6f<-0c631657-10a5-4e2a-a322-8fc6c651b2ed#0:FAIL-t28] and 0 exception(s); decc5551-dd4b-40dc-8ff5-b6b450d67f6f@group-42ACBF6EBE4E:t28, leader=null, voted=decc5551-dd4b-40dc-8ff5-b6b450d67f6f, raftlog=decc5551-dd4b-40dc-8ff5-b6b450d67f6f@group-42ACBF6EBE4E-SegmentedRaftLog:OPENED:c-1,f-1,i0, conf=-1: [215fceca-0555-458b-bc4f-ba38ff24d5ba:192.168.157.211:43803, decc5551-dd4b-40dc-8ff5-b6b450d67f6f:192.168.157.211:34435, 0c631657-10a5-4e2a-a322-8fc6c651b2ed:192.168.157.211:41694], old=null
2019-10-17 07:10:26,668 [decc5551-dd4b-40dc-8ff5-b6b450d67f6f@group-42ACBF6EBE4E-LeaderElection59] INFO  impl.RaftServerImpl (RaftServerImpl.java:setRole(184)) - decc5551-dd4b-40dc-8ff5-b6b450d67f6f@group-42ACBF6EBE4E: changes role from CANDIDATE to FOLLOWER at term 28 for DISCOVERED_A_NEW_TERM
2019-10-17 07:10:26,668 [decc5551-dd4b-40dc-8ff5-b6b450d67f6f@group-42ACBF6EBE4E-LeaderElection59] INFO  impl.RoleInfo (RoleInfo.java:shutdownLeaderElection(134)) - decc5551-dd4b-40dc-8ff5-b6b450d67f6f: shutdown LeaderElection
2019-10-17 07:10:26,668 [decc5551-dd4b-40dc-8ff5-b6b450d67f6f@group-42ACBF6EBE4E-LeaderElection59] INFO  impl.RoleInfo (RoleInfo.java:updateAndGet(143)) - decc5551-dd4b-40dc-8ff5-b6b450d67f6f: start FollowerState
2019-10-17 07:10:26,708 [Thread-733] INFO  impl.FollowerState (FollowerState.java:run(108)) - 5c4ee31d-c5ed-4c65-a5df-da3e3cf53ac2@group-233C052D78D6-FollowerState: change to CANDIDATE, lastRpcTime:80ms, electionTimeout:80ms
2019-10-17 07:10:26,708 [Thread-733] INFO  impl.RoleInfo (RoleInfo.java:shutdownFollowerState(121)) - 5c4ee31d-c5ed-4c65-a5df-da3e3cf53ac2: shutdown FollowerState
2019-10-17 07:10:26,708 [Thread-733] INFO  impl.RaftServerImpl (RaftServerImpl.java:setRole(184)) - 5c4ee31d-c5ed-4c65-a5df-da3e3cf53ac2@group-233C052D78D6: changes role from  FOLLOWER to CANDIDATE at term 27 for changeToCandidate
2019-10-17 07:10:26,708 [Thread-733] INFO  impl.RoleInfo (RoleInfo.java:updateAndGet(143)) - 5c4ee31d-c5ed-4c65-a5df-da3e3cf53ac2: start LeaderElection
2019-10-17 07:10:26,742 [5c4ee31d-c5ed-4c65-a5df-da3e3cf53ac2@group-233C052D78D6-LeaderElection60] INFO  impl.LeaderElection (LeaderElection.java:askForVotes(178)) - 5c4ee31d-c5ed-4c65-a5df-da3e3cf53ac2@group-233C052D78D6-LeaderElection60: begin an election at term 28 for -1: [67ae3572-7d88-4e50-b53b-0f48f6748b38:192.168.157.211:41299, 831edaa1-80a5-4091-843f-90c648a5a79d:192.168.157.211:44365, 5c4ee31d-c5ed-4c65-a5df-da3e3cf53ac2:192.168.157.211:45059], old=null
2019-10-17 07:10:26,747 [grpc-default-executor-10] INFO  impl.RaftServerImpl (RaftServerImpl.java:setRole(184)) - 67ae3572-7d88-4e50-b53b-0f48f6748b38@group-233C052D78D6: changes role from  FOLLOWER to FOLLOWER at term 28 for recognizeCandidate:5c4ee31d-c5ed-4c65-a5df-da3e3cf53ac2
2019-10-17 07:10:26,747 [grpc-default-executor-10] INFO  impl.RoleInfo (RoleInfo.java:shutdownFollowerState(121)) - 67ae3572-7d88-4e50-b53b-0f48f6748b38: shutdown FollowerState
2019-10-17 07:10:26,747 [grpc-default-executor-11] INFO  impl.RaftServerImpl (RaftServerImpl.java:setRole(184)) - 831edaa1-80a5-4091-843f-90c648a5a79d@group-233C052D78D6: changes role from  FOLLOWER to FOLLOWER at term 28 for recognizeCandidate:5c4ee31d-c5ed-4c65-a5df-da3e3cf53ac2
2019-10-17 07:10:26,747 [grpc-default-executor-10] INFO  impl.RoleInfo (RoleInfo.java:updateAndGet(143)) - 67ae3572-7d88-4e50-b53b-0f48f6748b38: start FollowerState
2019-10-17 07:10:26,747 [Thread-731] INFO  impl.FollowerState (FollowerState.java:run(117)) - 67ae3572-7d88-4e50-b53b-0f48f6748b38@group-233C052D78D6-FollowerState was interrupted: java.lang.InterruptedException: sleep interrupted
2019-10-17 07:10:26,747 [grpc-default-executor-11] INFO  impl.RoleInfo (RoleInfo.java:shutdownFollowerState(121)) - 831edaa1-80a5-4091-843f-90c648a5a79d: shutdown FollowerState
2019-10-17 07:10:26,748 [grpc-default-executor-11] INFO  impl.RoleInfo (RoleInfo.java:updateAndGet(143)) - 831edaa1-80a5-4091-843f-90c648a5a79d: start FollowerState
2019-10-17 07:10:26,748 [Thread-732] INFO  impl.FollowerState (FollowerState.java:run(117)) - 831edaa1-80a5-4091-843f-90c648a5a79d@group-233C052D78D6-FollowerState was interrupted: java.lang.InterruptedException: sleep interrupted
2019-10-17 07:10:26,754 [5c4ee31d-c5ed-4c65-a5df-da3e3cf53ac2@group-233C052D78D6-LeaderElection60] INFO  impl.LeaderElection (LeaderElection.java:logAndReturn(56)) - 5c4ee31d-c5ed-4c65-a5df-da3e3cf53ac2@group-233C052D78D6-LeaderElection60: Election TIMEOUT; received 0 response(s) [] and 0 exception(s); 5c4ee31d-c5ed-4c65-a5df-da3e3cf53ac2@group-233C052D78D6:t28, leader=null, voted=5c4ee31d-c5ed-4c65-a5df-da3e3cf53ac2, raftlog=5c4ee31d-c5ed-4c65-a5df-da3e3cf53ac2@group-233C052D78D6-SegmentedRaftLog:OPENED:c-1,f-1,i0, conf=-1: [67ae3572-7d88-4e50-b53b-0f48f6748b38:192.168.157.211:41299, 831edaa1-80a5-4091-843f-90c648a5a79d:192.168.157.211:44365, 5c4ee31d-c5ed-4c65-a5df-da3e3cf53ac2:192.168.157.211:45059], old=null
2019-10-17 07:10:26,769 [Thread-739] INFO  impl.FollowerState (FollowerState.java:run(108)) - decc5551-dd4b-40dc-8ff5-b6b450d67f6f@group-42ACBF6EBE4E-FollowerState: change to CANDIDATE, lastRpcTime:100ms, electionTimeout:100ms
2019-10-17 07:10:26,769 [Thread-739] INFO  impl.RoleInfo (RoleInfo.java:shutdownFollowerState(121)) - decc5551-dd4b-40dc-8ff5-b6b450d67f6f: shutdown FollowerState
2019-10-17 07:10:26,769 [Thread-739] INFO  impl.RaftServerImpl (RaftServerImpl.java:setRole(184)) - decc5551-dd4b-40dc-8ff5-b6b450d67f6f@group-42ACBF6EBE4E: changes role from  FOLLOWER to CANDIDATE at term 28 for changeToCandidate
2019-10-17 07:10:26,769 [Thread-739] INFO  impl.RoleInfo (RoleInfo.java:updateAndGet(143)) - decc5551-dd4b-40dc-8ff5-b6b450d67f6f: start LeaderElection
2019-10-17 07:10:26,773 [5c4ee31d-c5ed-4c65-a5df-da3e3cf53ac2@group-233C052D78D6-LeaderElection60] INFO  impl.LeaderElection (LeaderElection.java:askForVotes(178)) - 5c4ee31d-c5ed-4c65-a5df-da3e3cf53ac2@group-233C052D78D6-LeaderElection60: begin an election at term 29 for -1: [67ae3572-7d88-4e50-b53b-0f48f6748b38:192.168.157.211:41299, 831edaa1-80a5-4091-843f-90c648a5a79d:192.168.157.211:44365, 5c4ee31d-c5ed-4c65-a5df-da3e3cf53ac2:192.168.157.211:45059], old=null
2019-10-17 07:10:26,784 [decc5551-dd4b-40dc-8ff5-b6b450d67f6f@group-42ACBF6EBE4E-LeaderElection61] INFO  impl.LeaderElection (LeaderElection.java:askForVotes(178)) - decc5551-dd4b-40dc-8ff5-b6b450d67f6f@group-42ACBF6EBE4E-LeaderElection61: begin an election at term 29 for -1: [215fceca-0555-458b-bc4f-ba38ff24d5ba:192.168.157.211:43803, decc5551-dd4b-40dc-8ff5-b6b450d67f6f:192.168.157.211:34435, 0c631657-10a5-4e2a-a322-8fc6c651b2ed:192.168.157.211:41694], old=null
2019-10-17 07:10:26,785 [grpc-default-executor-10] INFO  impl.RaftServerImpl (RaftServerImpl.java:setRole(184)) - 67ae3572-7d88-4e50-b53b-0f48f6748b38@group-233C052D78D6: changes role from  FOLLOWER to FOLLOWER at term 29 for recognizeCandidate:5c4ee31d-c5ed-4c65-a5df-da3e3cf53ac2
2019-10-17 07:10:26,785 [grpc-default-executor-11] INFO  impl.RaftServerImpl (RaftServerImpl.java:setRole(184)) - 831edaa1-80a5-4091-843f-90c648a5a79d@group-233C052D78D6: changes role from  FOLLOWER to FOLLOWER at term 29 for recognizeCandidate:5c4ee31d-c5ed-4c65-a5df-da3e3cf53ac2
2019-10-17 07:10:26,785 [grpc-default-executor-10] INFO  impl.RoleInfo (RoleInfo.java:shutdownFollowerState(121)) - 67ae3572-7d88-4e50-b53b-0f48f6748b38: shutdown FollowerState
2019-10-17 07:10:26,786 [grpc-default-executor-11] INFO  impl.RoleInfo (RoleInfo.java:shutdownFollowerState(121)) - 831edaa1-80a5-4091-843f-90c648a5a79d: shutdown FollowerState
2019-10-17 07:10:26,786 [Thread-743] INFO  impl.FollowerState (FollowerState.java:run(117)) - 67ae3572-7d88-4e50-b53b-0f48f6748b38@group-233C052D78D6-FollowerState was interrupted: java.lang.InterruptedException: sleep interrupted
2019-10-17 07:10:26,786 [grpc-default-executor-10] INFO  impl.RoleInfo (RoleInfo.java:updateAndGet(143)) - 67ae3572-7d88-4e50-b53b-0f48f6748b38: start FollowerState
2019-10-17 07:10:26,786 [grpc-default-executor-3] INFO  impl.RaftServerImpl (RaftServerImpl.java:setRole(184)) - 215fceca-0555-458b-bc4f-ba38ff24d5ba@group-42ACBF6EBE4E: changes role from  FOLLOWER to FOLLOWER at term 29 for recognizeCandidate:decc5551-dd4b-40dc-8ff5-b6b450d67f6f
2019-10-17 07:10:26,786 [grpc-default-executor-9] INFO  impl.RaftServerImpl (RaftServerImpl.java:setRole(184)) - 0c631657-10a5-4e2a-a322-8fc6c651b2ed@group-42ACBF6EBE4E: changes role from  FOLLOWER to FOLLOWER at term 29 for recognizeCandidate:decc5551-dd4b-40dc-8ff5-b6b450d67f6f
2019-10-17 07:10:26,786 [Thread-744] INFO  impl.FollowerState (FollowerState.java:run(117)) - 831edaa1-80a5-4091-843f-90c648a5a79d@group-233C052D78D6-FollowerState was interrupted: java.lang.InterruptedException: sleep interrupted
2019-10-17 07:10:26,786 [grpc-default-executor-11] INFO  impl.RoleInfo (RoleInfo.java:updateAndGet(143)) - 831edaa1-80a5-4091-843f-90c648a5a79d: start FollowerState
2019-10-17 07:10:26,787 [grpc-default-executor-9] INFO  impl.RoleInfo (RoleInfo.java:shutdownFollowerState(121)) - 0c631657-10a5-4e2a-a322-8fc6c651b2ed: shutdown FollowerState
2019-10-17 07:10:26,786 [grpc-default-executor-3] INFO  impl.RoleInfo (RoleInfo.java:shutdownFollowerState(121)) - 215fceca-0555-458b-bc4f-ba38ff24d5ba: shutdown FollowerState
2019-10-17 07:10:26,787 [grpc-default-executor-9] INFO  impl.RoleInfo (RoleInfo.java:updateAndGet(143)) - 0c631657-10a5-4e2a-a322-8fc6c651b2ed: start FollowerState
2019-10-17 07:10:26,787 [Thread-738] INFO  impl.FollowerState (FollowerState.java:run(117)) - 0c631657-10a5-4e2a-a322-8fc6c651b2ed@group-42ACBF6EBE4E-FollowerState was interrupted: java.lang.InterruptedException: sleep interrupted
2019-10-17 07:10:26,787 [Thread-737] INFO  impl.FollowerState (FollowerState.java:run(117)) - 215fceca-0555-458b-bc4f-ba38ff24d5ba@group-42ACBF6EBE4E-FollowerState was interrupted: java.lang.InterruptedException: sleep interrupted
2019-10-17 07:10:26,787 [grpc-default-executor-3] INFO  impl.RoleInfo (RoleInfo.java:updateAndGet(143)) - 215fceca-0555-458b-bc4f-ba38ff24d5ba: start FollowerState
2019-10-17 07:10:26,803 [5c4ee31d-c5ed-4c65-a5df-da3e3cf53ac2@group-233C052D78D6-LeaderElection60] INFO  impl.LeaderElection (LeaderElection.java:logAndReturn(56)) - 5c4ee31d-c5ed-4c65-a5df-da3e3cf53ac2@group-233C052D78D6-LeaderElection60: Election REJECTED; received 2 response(s) [5c4ee31d-c5ed-4c65-a5df-da3e3cf53ac2<-67ae3572-7d88-4e50-b53b-0f48f6748b38#0:FAIL-t29, 5c4ee31d-c5ed-4c65-a5df-da3e3cf53ac2<-831edaa1-80a5-4091-843f-90c648a5a79d#0:FAIL-t29] and 0 exception(s); 5c4ee31d-c5ed-4c65-a5df-da3e3cf53ac2@group-233C052D78D6:t29, leader=null, voted=5c4ee31d-c5ed-4c65-a5df-da3e3cf53ac2, raftlog=5c4ee31d-c5ed-4c65-a5df-da3e3cf53ac2@group-233C052D78D6-SegmentedRaftLog:OPENED:c-1,f-1,i0, conf=-1: [67ae3572-7d88-4e50-b53b-0f48f6748b38:192.168.157.211:41299, 831edaa1-80a5-4091-843f-90c648a5a79d:192.168.157.211:44365, 5c4ee31d-c5ed-4c65-a5df-da3e3cf53ac2:192.168.157.211:45059], old=null
2019-10-17 07:10:26,803 [5c4ee31d-c5ed-4c65-a5df-da3e3cf53ac2@group-233C052D78D6-LeaderElection60] INFO  impl.RaftServerImpl (RaftServerImpl.java:setRole(184)) - 5c4ee31d-c5ed-4c65-a5df-da3e3cf53ac2@group-233C052D78D6: changes role from CANDIDATE to FOLLOWER at term 29 for DISCOVERED_A_NEW_TERM
2019-10-17 07:10:26,803 [5c4ee31d-c5ed-4c65-a5df-da3e3cf53ac2@group-233C052D78D6-LeaderElection60] INFO  impl.RoleInfo (RoleInfo.java:shutdownLeaderElection(134)) - 5c4ee31d-c5ed-4c65-a5df-da3e3cf53ac2: shutdown LeaderElection
2019-10-17 07:10:26,803 [decc5551-dd4b-40dc-8ff5-b6b450d67f6f@group-42ACBF6EBE4E-LeaderElection61] INFO  impl.LeaderElection (LeaderElection.java:logAndReturn(56)) - decc5551-dd4b-40dc-8ff5-b6b450d67f6f@group-42ACBF6EBE4E-LeaderElection61: Election REJECTED; received 2 response(s) [decc5551-dd4b-40dc-8ff5-b6b450d67f6f<-215fceca-0555-458b-bc4f-ba38ff24d5ba#0:FAIL-t29, decc5551-dd4b-40dc-8ff5-b6b450d67f6f<-0c631657-10a5-4e2a-a322-8fc6c651b2ed#0:FAIL-t29] and 0 exception(s); decc5551-dd4b-40dc-8ff5-b6b450d67f6f@group-42ACBF6EBE4E:t29, leader=null, voted=decc5551-dd4b-40dc-8ff5-b6b450d67f6f, raftlog=decc5551-dd4b-40dc-8ff5-b6b450d67f6f@group-42ACBF6EBE4E-SegmentedRaftLog:OPENED:c-1,f-1,i0, conf=-1: [215fceca-0555-458b-bc4f-ba38ff24d5ba:192.168.157.211:43803, decc5551-dd4b-40dc-8ff5-b6b450d67f6f:192.168.157.211:34435, 0c631657-10a5-4e2a-a322-8fc6c651b2ed:192.168.157.211:41694], old=null
2019-10-17 07:10:26,804 [5c4ee31d-c5ed-4c65-a5df-da3e3cf53ac2@group-233C052D78D6-LeaderElection60] INFO  impl.RoleInfo (RoleInfo.java:updateAndGet(143)) - 5c4ee31d-c5ed-4c65-a5df-da3e3cf53ac2: start FollowerState
2019-10-17 07:10:26,804 [decc5551-dd4b-40dc-8ff5-b6b450d67f6f@group-42ACBF6EBE4E-LeaderElection61] INFO  impl.RaftServerImpl (RaftServerImpl.java:setRole(184)) - decc5551-dd4b-40dc-8ff5-b6b450d67f6f@group-42ACBF6EBE4E: changes role from CANDIDATE to FOLLOWER at term 29 for DISCOVERED_A_NEW_TERM
2019-10-17 07:10:26,804 [decc5551-dd4b-40dc-8ff5-b6b450d67f6f@group-42ACBF6EBE4E-LeaderElection61] INFO  impl.RoleInfo (RoleInfo.java:shutdownLeaderElection(134)) - decc5551-dd4b-40dc-8ff5-b6b450d67f6f: shutdown LeaderElection
2019-10-17 07:10:26,804 [decc5551-dd4b-40dc-8ff5-b6b450d67f6f@group-42ACBF6EBE4E-LeaderElection61] INFO  impl.RoleInfo (RoleInfo.java:updateAndGet(143)) - decc5551-dd4b-40dc-8ff5-b6b450d67f6f: start FollowerState
2019-10-17 07:10:26,808 [Thread-754] INFO  impl.FollowerState (FollowerState.java:run(108)) - 5c4ee31d-c5ed-4c65-a5df-da3e3cf53ac2@group-233C052D78D6-FollowerState: change to CANDIDATE, lastRpcTime:4ms, electionTimeout:4ms
2019-10-17 07:10:26,808 [Thread-754] INFO  impl.RoleInfo (RoleInfo.java:shutdownFollowerState(121)) - 5c4ee31d-c5ed-4c65-a5df-da3e3cf53ac2: shutdown FollowerState
2019-10-17 07:10:26,808 [Thread-754] INFO  impl.RaftServerImpl (RaftServerImpl.java:setRole(184)) - 5c4ee31d-c5ed-4c65-a5df-da3e3cf53ac2@group-233C052D78D6: changes role from  FOLLOWER to CANDIDATE at term 29 for changeToCandidate
2019-10-17 07:10:26,808 [Thread-754] INFO  impl.RoleInfo (RoleInfo.java:updateAndGet(143)) - 5c4ee31d-c5ed-4c65-a5df-da3e3cf53ac2: start LeaderElection
2019-10-17 07:10:26,822 [5c4ee31d-c5ed-4c65-a5df-da3e3cf53ac2@group-233C052D78D6-LeaderElection62] INFO  impl.LeaderElection (LeaderElection.java:askForVotes(178)) - 5c4ee31d-c5ed-4c65-a5df-da3e3cf53ac2@group-233C052D78D6-LeaderElection62: begin an election at term 30 for -1: [67ae3572-7d88-4e50-b53b-0f48f6748b38:192.168.157.211:41299, 831edaa1-80a5-4091-843f-90c648a5a79d:192.168.157.211:44365, 5c4ee31d-c5ed-4c65-a5df-da3e3cf53ac2:192.168.157.211:45059], old=null
2019-10-17 07:10:26,824 [grpc-default-executor-3] INFO  impl.RaftServerImpl (RaftServerImpl.java:setRole(184)) - 67ae3572-7d88-4e50-b53b-0f48f6748b38@group-233C052D78D6: changes role from  FOLLOWER to FOLLOWER at term 30 for recognizeCandidate:5c4ee31d-c5ed-4c65-a5df-da3e3cf53ac2
2019-10-17 07:10:26,824 [grpc-default-executor-3] INFO  impl.RoleInfo (RoleInfo.java:shutdownFollowerState(121)) - 67ae3572-7d88-4e50-b53b-0f48f6748b38: shutdown FollowerState
2019-10-17 07:10:26,824 [grpc-default-executor-10] INFO  impl.RaftServerImpl (RaftServerImpl.java:setRole(184)) - 831edaa1-80a5-4091-843f-90c648a5a79d@group-233C052D78D6: changes role from  FOLLOWER to FOLLOWER at term 30 for recognizeCandidate:5c4ee31d-c5ed-4c65-a5df-da3e3cf53ac2
2019-10-17 07:10:26,824 [Thread-750] INFO  impl.FollowerState (FollowerState.java:run(117)) - 67ae3572-7d88-4e50-b53b-0f48f6748b38@group-233C052D78D6-FollowerState was interrupted: java.lang.InterruptedException: sleep interrupted
2019-10-17 07:10:26,824 [grpc-default-executor-3] INFO  impl.RoleInfo (RoleInfo.java:updateAndGet(143)) - 67ae3572-7d88-4e50-b53b-0f48f6748b38: start FollowerState
2019-10-17 07:10:26,824 [grpc-default-executor-10] INFO  impl.RoleInfo (RoleInfo.java:shutdownFollowerState(121)) - 831edaa1-80a5-4091-843f-90c648a5a79d: shutdown FollowerState
2019-10-17 07:10:26,825 [grpc-default-executor-10] INFO  impl.RoleInfo (RoleInfo.java:updateAndGet(143)) - 831edaa1-80a5-4091-843f-90c648a5a79d: start FollowerState
2019-10-17 07:10:26,825 [Thread-751] INFO  impl.FollowerState (FollowerState.java:run(117)) - 831edaa1-80a5-4091-843f-90c648a5a79d@group-233C052D78D6-FollowerState was interrupted: java.lang.InterruptedException: sleep interrupted
2019-10-17 07:10:26,827 [Thread-755] INFO  impl.FollowerState (FollowerState.java:run(108)) - decc5551-dd4b-40dc-8ff5-b6b450d67f6f@group-42ACBF6EBE4E-FollowerState: change to CANDIDATE, lastRpcTime:23ms, electionTimeout:23ms
2019-10-17 07:10:26,828 [Thread-755] INFO  impl.RoleInfo (RoleInfo.java:shutdownFollowerState(121)) - decc5551-dd4b-40dc-8ff5-b6b450d67f6f: shutdown FollowerState
2019-10-17 07:10:26,828 [Thread-755] INFO  impl.RaftServerImpl (RaftServerImpl.java:setRole(184)) - decc5551-dd4b-40dc-8ff5-b6b450d67f6f@group-42ACBF6EBE4E: changes role from  FOLLOWER to CANDIDATE at term 29 for changeToCandidate
2019-10-17 07:10:26,828 [Thread-755] INFO  impl.RoleInfo (RoleInfo.java:updateAndGet(143)) - decc5551-dd4b-40dc-8ff5-b6b450d67f6f: start LeaderElection
2019-10-17 07:10:26,838 [decc5551-dd4b-40dc-8ff5-b6b450d67f6f@group-42ACBF6EBE4E-LeaderElection63] INFO  impl.LeaderElection (LeaderElection.java:askForVotes(178)) - decc5551-dd4b-40dc-8ff5-b6b450d67f6f@group-42ACBF6EBE4E-LeaderElection63: begin an election at term 30 for -1: [215fceca-0555-458b-bc4f-ba38ff24d5ba:192.168.157.211:43803, decc5551-dd4b-40dc-8ff5-b6b450d67f6f:192.168.157.211:34435, 0c631657-10a5-4e2a-a322-8fc6c651b2ed:192.168.157.211:41694], old=null
2019-10-17 07:10:26,840 [5c4ee31d-c5ed-4c65-a5df-da3e3cf53ac2@group-233C052D78D6-LeaderElection62] INFO  impl.LeaderElection (LeaderElection.java:logAndReturn(56)) - 5c4ee31d-c5ed-4c65-a5df-da3e3cf53ac2@group-233C052D78D6-LeaderElection62: Election REJECTED; received 2 response(s) [5c4ee31d-c5ed-4c65-a5df-da3e3cf53ac2<-67ae3572-7d88-4e50-b53b-0f48f6748b38#0:FAIL-t30, 5c4ee31d-c5ed-4c65-a5df-da3e3cf53ac2<-831edaa1-80a5-4091-843f-90c648a5a79d#0:FAIL-t30] and 0 exception(s); 5c4ee31d-c5ed-4c65-a5df-da3e3cf53ac2@group-233C052D78D6:t30, leader=null, voted=5c4ee31d-c5ed-4c65-a5df-da3e3cf53ac2, raftlog=5c4ee31d-c5ed-4c65-a5df-da3e3cf53ac2@group-233C052D78D6-SegmentedRaftLog:OPENED:c-1,f-1,i0, conf=-1: [67ae3572-7d88-4e50-b53b-0f48f6748b38:192.168.157.211:41299, 831edaa1-80a5-4091-843f-90c648a5a79d:192.168.157.211:44365, 5c4ee31d-c5ed-4c65-a5df-da3e3cf53ac2:192.168.157.211:45059], old=null
2019-10-17 07:10:26,840 [5c4ee31d-c5ed-4c65-a5df-da3e3cf53ac2@group-233C052D78D6-LeaderElection62] INFO  impl.RaftServerImpl (RaftServerImpl.java:setRole(184)) - 5c4ee31d-c5ed-4c65-a5df-da3e3cf53ac2@group-233C052D78D6: changes role from CANDIDATE to FOLLOWER at term 30 for DISCOVERED_A_NEW_TERM
2019-10-17 07:10:26,840 [5c4ee31d-c5ed-4c65-a5df-da3e3cf53ac2@group-233C052D78D6-LeaderElection62] INFO  impl.RoleInfo (RoleInfo.java:shutdownLeaderElection(134)) - 5c4ee31d-c5ed-4c65-a5df-da3e3cf53ac2: shutdown LeaderElection
2019-10-17 07:10:26,840 [5c4ee31d-c5ed-4c65-a5df-da3e3cf53ac2@group-233C052D78D6-LeaderElection62] INFO  impl.RoleInfo (RoleInfo.java:updateAndGet(143)) - 5c4ee31d-c5ed-4c65-a5df-da3e3cf53ac2: start FollowerState
2019-10-17 07:10:26,841 [grpc-default-executor-3] INFO  impl.RaftServerImpl (RaftServerImpl.java:setRole(184)) - 215fceca-0555-458b-bc4f-ba38ff24d5ba@group-42ACBF6EBE4E: changes role from  FOLLOWER to FOLLOWER at term 30 for recognizeCandidate:decc5551-dd4b-40dc-8ff5-b6b450d67f6f
2019-10-17 07:10:26,841 [grpc-default-executor-10] INFO  impl.RaftServerImpl (RaftServerImpl.java:setRole(184)) - 0c631657-10a5-4e2a-a322-8fc6c651b2ed@group-42ACBF6EBE4E: changes role from  FOLLOWER to FOLLOWER at term 30 for recognizeCandidate:decc5551-dd4b-40dc-8ff5-b6b450d67f6f
2019-10-17 07:10:26,841 [grpc-default-executor-3] INFO  impl.RoleInfo (RoleInfo.java:shutdownFollowerState(121)) - 215fceca-0555-458b-bc4f-ba38ff24d5ba: shutdown FollowerState
2019-10-17 07:10:26,841 [grpc-default-executor-10] INFO  impl.RoleInfo (RoleInfo.java:shutdownFollowerState(121)) - 0c631657-10a5-4e2a-a322-8fc6c651b2ed: shutdown FollowerState
2019-10-17 07:10:26,841 [Thread-753] INFO  impl.FollowerState (FollowerState.java:run(117)) - 215fceca-0555-458b-bc4f-ba38ff24d5ba@group-42ACBF6EBE4E-FollowerState was interrupted: java.lang.InterruptedException: sleep interrupted
2019-10-17 07:10:26,841 [grpc-default-executor-3] INFO  impl.RoleInfo (RoleInfo.java:updateAndGet(143)) - 215fceca-0555-458b-bc4f-ba38ff24d5ba: start FollowerState
2019-10-17 07:10:26,841 [Thread-752] INFO  impl.FollowerState (FollowerState.java:run(117)) - 0c631657-10a5-4e2a-a322-8fc6c651b2ed@group-42ACBF6EBE4E-FollowerState was interrupted: java.lang.InterruptedException: sleep interrupted
2019-10-17 07:10:26,841 [grpc-default-executor-10] INFO  impl.RoleInfo (RoleInfo.java:updateAndGet(143)) - 0c631657-10a5-4e2a-a322-8fc6c651b2ed: start FollowerState
2019-10-17 07:10:26,857 [decc5551-dd4b-40dc-8ff5-b6b450d67f6f@group-42ACBF6EBE4E-LeaderElection63] INFO  impl.LeaderElection (LeaderElection.java:logAndReturn(56)) - decc5551-dd4b-40dc-8ff5-b6b450d67f6f@group-42ACBF6EBE4E-LeaderElection63: Election REJECTED; received 2 response(s) [decc5551-dd4b-40dc-8ff5-b6b450d67f6f<-215fceca-0555-458b-bc4f-ba38ff24d5ba#0:FAIL-t30, decc5551-dd4b-40dc-8ff5-b6b450d67f6f<-0c631657-10a5-4e2a-a322-8fc6c651b2ed#0:FAIL-t30] and 0 exception(s); decc5551-dd4b-40dc-8ff5-b6b450d67f6f@group-42ACBF6EBE4E:t30, leader=null, voted=decc5551-dd4b-40dc-8ff5-b6b450d67f6f, raftlog=decc5551-dd4b-40dc-8ff5-b6b450d67f6f@group-42ACBF6EBE4E-SegmentedRaftLog:OPENED:c-1,f-1,i0, conf=-1: [215fceca-0555-458b-bc4f-ba38ff24d5ba:192.168.157.211:43803, decc5551-dd4b-40dc-8ff5-b6b450d67f6f:192.168.157.211:34435, 0c631657-10a5-4e2a-a322-8fc6c651b2ed:192.168.157.211:41694], old=null
2019-10-17 07:10:26,857 [decc5551-dd4b-40dc-8ff5-b6b450d67f6f@group-42ACBF6EBE4E-LeaderElection63] INFO  impl.RaftServerImpl (RaftServerImpl.java:setRole(184)) - decc5551-dd4b-40dc-8ff5-b6b450d67f6f@group-42ACBF6EBE4E: changes role from CANDIDATE to FOLLOWER at term 30 for DISCOVERED_A_NEW_TERM
2019-10-17 07:10:26,857 [decc5551-dd4b-40dc-8ff5-b6b450d67f6f@group-42ACBF6EBE4E-LeaderElection63] INFO  impl.RoleInfo (RoleInfo.java:shutdownLeaderElection(134)) - decc5551-dd4b-40dc-8ff5-b6b450d67f6f: shutdown LeaderElection
2019-10-17 07:10:26,857 [decc5551-dd4b-40dc-8ff5-b6b450d67f6f@group-42ACBF6EBE4E-LeaderElection63] INFO  impl.RoleInfo (RoleInfo.java:updateAndGet(143)) - decc5551-dd4b-40dc-8ff5-b6b450d67f6f: start FollowerState
2019-10-17 07:10:26,929 [Thread-767] INFO  impl.FollowerState (FollowerState.java:run(108)) - decc5551-dd4b-40dc-8ff5-b6b450d67f6f@group-42ACBF6EBE4E-FollowerState: change to CANDIDATE, lastRpcTime:71ms, electionTimeout:70ms
2019-10-17 07:10:26,929 [Thread-767] INFO  impl.RoleInfo (RoleInfo.java:shutdownFollowerState(121)) - decc5551-dd4b-40dc-8ff5-b6b450d67f6f: shutdown FollowerState
2019-10-17 07:10:26,929 [Thread-767] INFO  impl.RaftServerImpl (RaftServerImpl.java:setRole(184)) - decc5551-dd4b-40dc-8ff5-b6b450d67f6f@group-42ACBF6EBE4E: changes role from  FOLLOWER to CANDIDATE at term 30 for changeToCandidate
2019-10-17 07:10:26,929 [Thread-767] INFO  impl.RoleInfo (RoleInfo.java:updateAndGet(143)) - decc5551-dd4b-40dc-8ff5-b6b450d67f6f: start LeaderElection
2019-10-17 07:10:26,959 [decc5551-dd4b-40dc-8ff5-b6b450d67f6f@group-42ACBF6EBE4E-LeaderElection64] INFO  impl.LeaderElection (LeaderElection.java:askForVotes(178)) - decc5551-dd4b-40dc-8ff5-b6b450d67f6f@group-42ACBF6EBE4E-LeaderElection64: begin an election at term 31 for -1: [215fceca-0555-458b-bc4f-ba38ff24d5ba:192.168.157.211:43803, decc5551-dd4b-40dc-8ff5-b6b450d67f6f:192.168.157.211:34435, 0c631657-10a5-4e2a-a322-8fc6c651b2ed:192.168.157.211:41694], old=null
2019-10-17 07:10:26,962 [grpc-default-executor-10] INFO  impl.RaftServerImpl (RaftServerImpl.java:setRole(184)) - 0c631657-10a5-4e2a-a322-8fc6c651b2ed@group-42ACBF6EBE4E: changes role from  FOLLOWER to FOLLOWER at term 31 for recognizeCandidate:decc5551-dd4b-40dc-8ff5-b6b450d67f6f
2019-10-17 07:10:26,962 [grpc-default-executor-3] INFO  impl.RaftServerImpl (RaftServerImpl.java:setRole(184)) - 215fceca-0555-458b-bc4f-ba38ff24d5ba@group-42ACBF6EBE4E: changes role from  FOLLOWER to FOLLOWER at term 31 for recognizeCandidate:decc5551-dd4b-40dc-8ff5-b6b450d67f6f
2019-10-17 07:10:26,962 [grpc-default-executor-10] INFO  impl.RoleInfo (RoleInfo.java:shutdownFollowerState(121)) - 0c631657-10a5-4e2a-a322-8fc6c651b2ed: shutdown FollowerState
2019-10-17 07:10:26,962 [grpc-default-executor-3] INFO  impl.RoleInfo (RoleInfo.java:shutdownFollowerState(121)) - 215fceca-0555-458b-bc4f-ba38ff24d5ba: shutdown FollowerState
2019-10-17 07:10:26,962 [Thread-766] INFO  impl.FollowerState (FollowerState.java:run(117)) - 0c631657-10a5-4e2a-a322-8fc6c651b2ed@group-42ACBF6EBE4E-FollowerState was interrupted: java.lang.InterruptedException: sleep interrupted
2019-10-17 07:10:26,962 [grpc-default-executor-10] INFO  impl.RoleInfo (RoleInfo.java:updateAndGet(143)) - 0c631657-10a5-4e2a-a322-8fc6c651b2ed: start FollowerState
2019-10-17 07:10:26,962 [Thread-765] INFO  impl.FollowerState (FollowerState.java:run(117)) - 215fceca-0555-458b-bc4f-ba38ff24d5ba@group-42ACBF6EBE4E-FollowerState was interrupted: java.lang.InterruptedException: sleep interrupted
2019-10-17 07:10:26,962 [grpc-default-executor-3] INFO  impl.RoleInfo (RoleInfo.java:updateAndGet(143)) - 215fceca-0555-458b-bc4f-ba38ff24d5ba: start FollowerState
2019-10-17 07:10:26,975 [decc5551-dd4b-40dc-8ff5-b6b450d67f6f@group-42ACBF6EBE4E-LeaderElection64] INFO  impl.LeaderElection (LeaderElection.java:logAndReturn(56)) - decc5551-dd4b-40dc-8ff5-b6b450d67f6f@group-42ACBF6EBE4E-LeaderElection64: Election REJECTED; received 2 response(s) [decc5551-dd4b-40dc-8ff5-b6b450d67f6f<-215fceca-0555-458b-bc4f-ba38ff24d5ba#0:FAIL-t31, decc5551-dd4b-40dc-8ff5-b6b450d67f6f<-0c631657-10a5-4e2a-a322-8fc6c651b2ed#0:FAIL-t31] and 0 exception(s); decc5551-dd4b-40dc-8ff5-b6b450d67f6f@group-42ACBF6EBE4E:t31, leader=null, voted=decc5551-dd4b-40dc-8ff5-b6b450d67f6f, raftlog=decc5551-dd4b-40dc-8ff5-b6b450d67f6f@group-42ACBF6EBE4E-SegmentedRaftLog:OPENED:c-1,f-1,i0, conf=-1: [215fceca-0555-458b-bc4f-ba38ff24d5ba:192.168.157.211:43803, decc5551-dd4b-40dc-8ff5-b6b450d67f6f:192.168.157.211:34435, 0c631657-10a5-4e2a-a322-8fc6c651b2ed:192.168.157.211:41694], old=null
2019-10-17 07:10:26,975 [decc5551-dd4b-40dc-8ff5-b6b450d67f6f@group-42ACBF6EBE4E-LeaderElection64] INFO  impl.RaftServerImpl (RaftServerImpl.java:setRole(184)) - decc5551-dd4b-40dc-8ff5-b6b450d67f6f@group-42ACBF6EBE4E: changes role from CANDIDATE to FOLLOWER at term 31 for DISCOVERED_A_NEW_TERM
2019-10-17 07:10:26,975 [decc5551-dd4b-40dc-8ff5-b6b450d67f6f@group-42ACBF6EBE4E-LeaderElection64] INFO  impl.RoleInfo (RoleInfo.java:shutdownLeaderElection(134)) - decc5551-dd4b-40dc-8ff5-b6b450d67f6f: shutdown LeaderElection
2019-10-17 07:10:26,975 [decc5551-dd4b-40dc-8ff5-b6b450d67f6f@group-42ACBF6EBE4E-LeaderElection64] INFO  impl.RoleInfo (RoleInfo.java:updateAndGet(143)) - decc5551-dd4b-40dc-8ff5-b6b450d67f6f: start FollowerState
2019-10-17 07:10:27,018 [Thread-764] INFO  impl.FollowerState (FollowerState.java:run(108)) - 5c4ee31d-c5ed-4c65-a5df-da3e3cf53ac2@group-233C052D78D6-FollowerState: change to CANDIDATE, lastRpcTime:177ms, electionTimeout:177ms
2019-10-17 07:10:27,018 [Thread-764] INFO  impl.RoleInfo (RoleInfo.java:shutdownFollowerState(121)) - 5c4ee31d-c5ed-4c65-a5df-da3e3cf53ac2: shutdown FollowerState
2019-10-17 07:10:27,018 [Thread-764] INFO  impl.RaftServerImpl (RaftServerImpl.java:setRole(184)) - 5c4ee31d-c5ed-4c65-a5df-da3e3cf53ac2@group-233C052D78D6: changes role from  FOLLOWER to CANDIDATE at term 30 for changeToCandidate
2019-10-17 07:10:27,019 [Thread-764] INFO  impl.RoleInfo (RoleInfo.java:updateAndGet(143)) - 5c4ee31d-c5ed-4c65-a5df-da3e3cf53ac2: start LeaderElection
2019-10-17 07:10:27,049 [5c4ee31d-c5ed-4c65-a5df-da3e3cf53ac2@group-233C052D78D6-LeaderElection65] INFO  impl.LeaderElection (LeaderElection.java:askForVotes(178)) - 5c4ee31d-c5ed-4c65-a5df-da3e3cf53ac2@group-233C052D78D6-LeaderElection65: begin an election at term 31 for -1: [67ae3572-7d88-4e50-b53b-0f48f6748b38:192.168.157.211:41299, 831edaa1-80a5-4091-843f-90c648a5a79d:192.168.157.211:44365, 5c4ee31d-c5ed-4c65-a5df-da3e3cf53ac2:192.168.157.211:45059], old=null
2019-10-17 07:10:27,058 [grpc-default-executor-3] INFO  impl.RaftServerImpl (RaftServerImpl.java:setRole(184)) - 67ae3572-7d88-4e50-b53b-0f48f6748b38@group-233C052D78D6: changes role from  FOLLOWER to FOLLOWER at term 31 for recognizeCandidate:5c4ee31d-c5ed-4c65-a5df-da3e3cf53ac2
2019-10-17 07:10:27,058 [grpc-default-executor-10] INFO  impl.RaftServerImpl (RaftServerImpl.java:setRole(184)) - 831edaa1-80a5-4091-843f-90c648a5a79d@group-233C052D78D6: changes role from  FOLLOWER to FOLLOWER at term 31 for recognizeCandidate:5c4ee31d-c5ed-4c65-a5df-da3e3cf53ac2
2019-10-17 07:10:27,058 [grpc-default-executor-3] INFO  impl.RoleInfo (RoleInfo.java:shutdownFollowerState(121)) - 67ae3572-7d88-4e50-b53b-0f48f6748b38: shutdown FollowerState
2019-10-17 07:10:27,058 [grpc-default-executor-10] INFO  impl.RoleInfo (RoleInfo.java:shutdownFollowerState(121)) - 831edaa1-80a5-4091-843f-90c648a5a79d: shutdown FollowerState
2019-10-17 07:10:27,058 [Thread-759] INFO  impl.FollowerState (FollowerState.java:run(117)) - 67ae3572-7d88-4e50-b53b-0f48f6748b38@group-233C052D78D6-FollowerState was interrupted: java.lang.InterruptedException: sleep interrupted
2019-10-17 07:10:27,058 [grpc-default-executor-3] INFO  impl.RoleInfo (RoleInfo.java:updateAndGet(143)) - 67ae3572-7d88-4e50-b53b-0f48f6748b38: start FollowerState
2019-10-17 07:10:27,059 [Thread-760] INFO  impl.FollowerState (FollowerState.java:run(117)) - 831edaa1-80a5-4091-843f-90c648a5a79d@group-233C052D78D6-FollowerState was interrupted: java.lang.InterruptedException: sleep interrupted
2019-10-17 07:10:27,059 [grpc-default-executor-10] INFO  impl.RoleInfo (RoleInfo.java:updateAndGet(143)) - 831edaa1-80a5-4091-843f-90c648a5a79d: start FollowerState
2019-10-17 07:10:27,067 [5c4ee31d-c5ed-4c65-a5df-da3e3cf53ac2@group-233C052D78D6-LeaderElection65] INFO  impl.LeaderElection (LeaderElection.java:logAndReturn(56)) - 5c4ee31d-c5ed-4c65-a5df-da3e3cf53ac2@group-233C052D78D6-LeaderElection65: Election REJECTED; received 2 response(s) [5c4ee31d-c5ed-4c65-a5df-da3e3cf53ac2<-67ae3572-7d88-4e50-b53b-0f48f6748b38#0:FAIL-t31, 5c4ee31d-c5ed-4c65-a5df-da3e3cf53ac2<-831edaa1-80a5-4091-843f-90c648a5a79d#0:FAIL-t31] and 0 exception(s); 5c4ee31d-c5ed-4c65-a5df-da3e3cf53ac2@group-233C052D78D6:t31, leader=null, voted=5c4ee31d-c5ed-4c65-a5df-da3e3cf53ac2, raftlog=5c4ee31d-c5ed-4c65-a5df-da3e3cf53ac2@group-233C052D78D6-SegmentedRaftLog:OPENED:c-1,f-1,i0, conf=-1: [67ae3572-7d88-4e50-b53b-0f48f6748b38:192.168.157.211:41299, 831edaa1-80a5-4091-843f-90c648a5a79d:192.168.157.211:44365, 5c4ee31d-c5ed-4c65-a5df-da3e3cf53ac2:192.168.157.211:45059], old=null
2019-10-17 07:10:27,067 [5c4ee31d-c5ed-4c65-a5df-da3e3cf53ac2@group-233C052D78D6-LeaderElection65] INFO  impl.RaftServerImpl (RaftServerImpl.java:setRole(184)) - 5c4ee31d-c5ed-4c65-a5df-da3e3cf53ac2@group-233C052D78D6: changes role from CANDIDATE to FOLLOWER at term 31 for DISCOVERED_A_NEW_TERM
2019-10-17 07:10:27,067 [5c4ee31d-c5ed-4c65-a5df-da3e3cf53ac2@group-233C052D78D6-LeaderElection65] INFO  impl.RoleInfo (RoleInfo.java:shutdownLeaderElection(134)) - 5c4ee31d-c5ed-4c65-a5df-da3e3cf53ac2: shutdown LeaderElection
2019-10-17 07:10:27,068 [5c4ee31d-c5ed-4c65-a5df-da3e3cf53ac2@group-233C052D78D6-LeaderElection65] INFO  impl.RoleInfo (RoleInfo.java:updateAndGet(143)) - 5c4ee31d-c5ed-4c65-a5df-da3e3cf53ac2: start FollowerState
2019-10-17 07:10:27,087 [Thread-781] INFO  impl.FollowerState (FollowerState.java:run(108)) - 5c4ee31d-c5ed-4c65-a5df-da3e3cf53ac2@group-233C052D78D6-FollowerState: change to CANDIDATE, lastRpcTime:19ms, electionTimeout:19ms
2019-10-17 07:10:27,087 [Thread-781] INFO  impl.RoleInfo (RoleInfo.java:shutdownFollowerState(121)) - 5c4ee31d-c5ed-4c65-a5df-da3e3cf53ac2: shutdown FollowerState
2019-10-17 07:10:27,087 [Thread-781] INFO  impl.RaftServerImpl (RaftServerImpl.java:setRole(184)) - 5c4ee31d-c5ed-4c65-a5df-da3e3cf53ac2@group-233C052D78D6: changes role from  FOLLOWER to CANDIDATE at term 31 for changeToCandidate
2019-10-17 07:10:27,087 [Thread-781] INFO  impl.RoleInfo (RoleInfo.java:updateAndGet(143)) - 5c4ee31d-c5ed-4c65-a5df-da3e3cf53ac2: start LeaderElection
2019-10-17 07:10:27,095 [5c4ee31d-c5ed-4c65-a5df-da3e3cf53ac2@group-233C052D78D6-LeaderElection66] INFO  impl.LeaderElection (LeaderElection.java:askForVotes(178)) - 5c4ee31d-c5ed-4c65-a5df-da3e3cf53ac2@group-233C052D78D6-LeaderElection66: begin an election at term 32 for -1: [67ae3572-7d88-4e50-b53b-0f48f6748b38:192.168.157.211:41299, 831edaa1-80a5-4091-843f-90c648a5a79d:192.168.157.211:44365, 5c4ee31d-c5ed-4c65-a5df-da3e3cf53ac2:192.168.157.211:45059], old=null
2019-10-17 07:10:27,098 [grpc-default-executor-10] INFO  impl.RaftServerImpl (RaftServerImpl.java:setRole(184)) - 831edaa1-80a5-4091-843f-90c648a5a79d@group-233C052D78D6: changes role from  FOLLOWER to FOLLOWER at term 32 for recognizeCandidate:5c4ee31d-c5ed-4c65-a5df-da3e3cf53ac2
2019-10-17 07:10:27,098 [grpc-default-executor-3] INFO  impl.RaftServerImpl (RaftServerImpl.java:setRole(184)) - 67ae3572-7d88-4e50-b53b-0f48f6748b38@group-233C052D78D6: changes role from  FOLLOWER to FOLLOWER at term 32 for recognizeCandidate:5c4ee31d-c5ed-4c65-a5df-da3e3cf53ac2
2019-10-17 07:10:27,098 [grpc-default-executor-10] INFO  impl.RoleInfo (RoleInfo.java:shutdownFollowerState(121)) - 831edaa1-80a5-4091-843f-90c648a5a79d: shutdown FollowerState
2019-10-17 07:10:27,098 [grpc-default-executor-3] INFO  impl.RoleInfo (RoleInfo.java:shutdownFollowerState(121)) - 67ae3572-7d88-4e50-b53b-0f48f6748b38: shutdown FollowerState
2019-10-17 07:10:27,098 [Thread-780] INFO  impl.FollowerState (FollowerState.java:run(117)) - 831edaa1-80a5-4091-843f-90c648a5a79d@group-233C052D78D6-FollowerState was interrupted: java.lang.InterruptedException: sleep interrupted
2019-10-17 07:10:27,098 [grpc-default-executor-10] INFO  impl.RoleInfo (RoleInfo.java:updateAndGet(143)) - 831edaa1-80a5-4091-843f-90c648a5a79d: start FollowerState
2019-10-17 07:10:27,098 [Thread-779] INFO  impl.FollowerState (FollowerState.java:run(117)) - 67ae3572-7d88-4e50-b53b-0f48f6748b38@group-233C052D78D6-FollowerState was interrupted: java.lang.InterruptedException: sleep interrupted
2019-10-17 07:10:27,098 [grpc-default-executor-3] INFO  impl.RoleInfo (RoleInfo.java:updateAndGet(143)) - 67ae3572-7d88-4e50-b53b-0f48f6748b38: start FollowerState
2019-10-17 07:10:27,109 [5c4ee31d-c5ed-4c65-a5df-da3e3cf53ac2@group-233C052D78D6-LeaderElection66] INFO  impl.LeaderElection (LeaderElection.java:logAndReturn(56)) - 5c4ee31d-c5ed-4c65-a5df-da3e3cf53ac2@group-233C052D78D6-LeaderElection66: Election REJECTED; received 2 response(s) [5c4ee31d-c5ed-4c65-a5df-da3e3cf53ac2<-67ae3572-7d88-4e50-b53b-0f48f6748b38#0:FAIL-t32, 5c4ee31d-c5ed-4c65-a5df-da3e3cf53ac2<-831edaa1-80a5-4091-843f-90c648a5a79d#0:FAIL-t32] and 0 exception(s); 5c4ee31d-c5ed-4c65-a5df-da3e3cf53ac2@group-233C052D78D6:t32, leader=null, voted=5c4ee31d-c5ed-4c65-a5df-da3e3cf53ac2, raftlog=5c4ee31d-c5ed-4c65-a5df-da3e3cf53ac2@group-233C052D78D6-SegmentedRaftLog:OPENED:c-1,f-1,i0, conf=-1: [67ae3572-7d88-4e50-b53b-0f48f6748b38:192.168.157.211:41299, 831edaa1-80a5-4091-843f-90c648a5a79d:192.168.157.211:44365, 5c4ee31d-c5ed-4c65-a5df-da3e3cf53ac2:192.168.157.211:45059], old=null
2019-10-17 07:10:27,109 [5c4ee31d-c5ed-4c65-a5df-da3e3cf53ac2@group-233C052D78D6-LeaderElection66] INFO  impl.RaftServerImpl (RaftServerImpl.java:setRole(184)) - 5c4ee31d-c5ed-4c65-a5df-da3e3cf53ac2@group-233C052D78D6: changes role from CANDIDATE to FOLLOWER at term 32 for DISCOVERED_A_NEW_TERM
2019-10-17 07:10:27,109 [5c4ee31d-c5ed-4c65-a5df-da3e3cf53ac2@group-233C052D78D6-LeaderElection66] INFO  impl.RoleInfo (RoleInfo.java:shutdownLeaderElection(134)) - 5c4ee31d-c5ed-4c65-a5df-da3e3cf53ac2: shutdown LeaderElection
2019-10-17 07:10:27,109 [5c4ee31d-c5ed-4c65-a5df-da3e3cf53ac2@group-233C052D78D6-LeaderElection66] INFO  impl.RoleInfo (RoleInfo.java:updateAndGet(143)) - 5c4ee31d-c5ed-4c65-a5df-da3e3cf53ac2: start FollowerState
2019-10-17 07:10:27,150 [Thread-775] INFO  impl.FollowerState (FollowerState.java:run(108)) - decc5551-dd4b-40dc-8ff5-b6b450d67f6f@group-42ACBF6EBE4E-FollowerState: change to CANDIDATE, lastRpcTime:174ms, electionTimeout:174ms
2019-10-17 07:10:27,150 [Thread-775] INFO  impl.RoleInfo (RoleInfo.java:shutdownFollowerState(121)) - decc5551-dd4b-40dc-8ff5-b6b450d67f6f: shutdown FollowerState
2019-10-17 07:10:27,150 [Thread-775] INFO  impl.RaftServerImpl (RaftServerImpl.java:setRole(184)) - decc5551-dd4b-40dc-8ff5-b6b450d67f6f@group-42ACBF6EBE4E: changes role from  FOLLOWER to CANDIDATE at term 31 for changeToCandidate
2019-10-17 07:10:27,150 [Thread-775] INFO  impl.RoleInfo (RoleInfo.java:updateAndGet(143)) - decc5551-dd4b-40dc-8ff5-b6b450d67f6f: start LeaderElection
2019-10-17 07:10:27,178 [decc5551-dd4b-40dc-8ff5-b6b450d67f6f@group-42ACBF6EBE4E-LeaderElection67] INFO  impl.LeaderElection (LeaderElection.java:askForVotes(178)) - decc5551-dd4b-40dc-8ff5-b6b450d67f6f@group-42ACBF6EBE4E-LeaderElection67: begin an election at term 32 for -1: [215fceca-0555-458b-bc4f-ba38ff24d5ba:192.168.157.211:43803, decc5551-dd4b-40dc-8ff5-b6b450d67f6f:192.168.157.211:34435, 0c631657-10a5-4e2a-a322-8fc6c651b2ed:192.168.157.211:41694], old=null
2019-10-17 07:10:27,181 [grpc-default-executor-10] INFO  impl.RaftServerImpl (RaftServerImpl.java:setRole(184)) - 215fceca-0555-458b-bc4f-ba38ff24d5ba@group-42ACBF6EBE4E: changes role from  FOLLOWER to FOLLOWER at term 32 for recognizeCandidate:decc5551-dd4b-40dc-8ff5-b6b450d67f6f
2019-10-17 07:10:27,181 [grpc-default-executor-10] INFO  impl.RoleInfo (RoleInfo.java:shutdownFollowerState(121)) - 215fceca-0555-458b-bc4f-ba38ff24d5ba: shutdown FollowerState
2019-10-17 07:10:27,181 [grpc-default-executor-3] INFO  impl.RaftServerImpl (RaftServerImpl.java:setRole(184)) - 0c631657-10a5-4e2a-a322-8fc6c651b2ed@group-42ACBF6EBE4E: changes role from  FOLLOWER to FOLLOWER at term 32 for recognizeCandidate:decc5551-dd4b-40dc-8ff5-b6b450d67f6f
2019-10-17 07:10:27,182 [Thread-772] INFO  impl.FollowerState (FollowerState.java:run(117)) - 215fceca-0555-458b-bc4f-ba38ff24d5ba@group-42ACBF6EBE4E-FollowerState was interrupted: java.lang.InterruptedException: sleep interrupted
2019-10-17 07:10:27,181 [grpc-default-executor-10] INFO  impl.RoleInfo (RoleInfo.java:updateAndGet(143)) - 215fceca-0555-458b-bc4f-ba38ff24d5ba: start FollowerState
2019-10-17 07:10:27,182 [grpc-default-executor-3] INFO  impl.RoleInfo (RoleInfo.java:shutdownFollowerState(121)) - 0c631657-10a5-4e2a-a322-8fc6c651b2ed: shutdown FollowerState
2019-10-17 07:10:27,182 [grpc-default-executor-3] INFO  impl.RoleInfo (RoleInfo.java:updateAndGet(143)) - 0c631657-10a5-4e2a-a322-8fc6c651b2ed: start FollowerState
2019-10-17 07:10:27,182 [Thread-771] INFO  impl.FollowerState (FollowerState.java:run(117)) - 0c631657-10a5-4e2a-a322-8fc6c651b2ed@group-42ACBF6EBE4E-FollowerState was interrupted: java.lang.InterruptedException: sleep interrupted
2019-10-17 07:10:27,195 [decc5551-dd4b-40dc-8ff5-b6b450d67f6f@group-42ACBF6EBE4E-LeaderElection67] INFO  impl.LeaderElection (LeaderElection.java:logAndReturn(56)) - decc5551-dd4b-40dc-8ff5-b6b450d67f6f@group-42ACBF6EBE4E-LeaderElection67: Election REJECTED; received 2 response(s) [decc5551-dd4b-40dc-8ff5-b6b450d67f6f<-215fceca-0555-458b-bc4f-ba38ff24d5ba#0:FAIL-t32, decc5551-dd4b-40dc-8ff5-b6b450d67f6f<-0c631657-10a5-4e2a-a322-8fc6c651b2ed#0:FAIL-t32] and 0 exception(s); decc5551-dd4b-40dc-8ff5-b6b450d67f6f@group-42ACBF6EBE4E:t32, leader=null, voted=decc5551-dd4b-40dc-8ff5-b6b450d67f6f, raftlog=decc5551-dd4b-40dc-8ff5-b6b450d67f6f@group-42ACBF6EBE4E-SegmentedRaftLog:OPENED:c-1,f-1,i0, conf=-1: [215fceca-0555-458b-bc4f-ba38ff24d5ba:192.168.157.211:43803, decc5551-dd4b-40dc-8ff5-b6b450d67f6f:192.168.157.211:34435, 0c631657-10a5-4e2a-a322-8fc6c651b2ed:192.168.157.211:41694], old=null
2019-10-17 07:10:27,195 [decc5551-dd4b-40dc-8ff5-b6b450d67f6f@group-42ACBF6EBE4E-LeaderElection67] INFO  impl.RaftServerImpl (RaftServerImpl.java:setRole(184)) - decc5551-dd4b-40dc-8ff5-b6b450d67f6f@group-42ACBF6EBE4E: changes role from CANDIDATE to FOLLOWER at term 32 for DISCOVERED_A_NEW_TERM
2019-10-17 07:10:27,195 [decc5551-dd4b-40dc-8ff5-b6b450d67f6f@group-42ACBF6EBE4E-LeaderElection67] INFO  impl.RoleInfo (RoleInfo.java:shutdownLeaderElection(134)) - decc5551-dd4b-40dc-8ff5-b6b450d67f6f: shutdown LeaderElection
2019-10-17 07:10:27,195 [decc5551-dd4b-40dc-8ff5-b6b450d67f6f@group-42ACBF6EBE4E-LeaderElection67] INFO  impl.RoleInfo (RoleInfo.java:updateAndGet(143)) - decc5551-dd4b-40dc-8ff5-b6b450d67f6f: start FollowerState
2019-10-17 07:10:27,249 [Thread-787] INFO  impl.FollowerState (FollowerState.java:run(108)) - 5c4ee31d-c5ed-4c65-a5df-da3e3cf53ac2@group-233C052D78D6-FollowerState: change to CANDIDATE, lastRpcTime:140ms, electionTimeout:140ms
2019-10-17 07:10:27,250 [Thread-787] INFO  impl.RoleInfo (RoleInfo.java:shutdownFollowerState(121)) - 5c4ee31d-c5ed-4c65-a5df-da3e3cf53ac2: shutdown FollowerState
2019-10-17 07:10:27,250 [Thread-787] INFO  impl.RaftServerImpl (RaftServerImpl.java:setRole(184)) - 5c4ee31d-c5ed-4c65-a5df-da3e3cf53ac2@group-233C052D78D6: changes role from  FOLLOWER to CANDIDATE at term 32 for changeToCandidate
2019-10-17 07:10:27,250 [Thread-787] INFO  impl.RoleInfo (RoleInfo.java:updateAndGet(143)) - 5c4ee31d-c5ed-4c65-a5df-da3e3cf53ac2: start LeaderElection
2019-10-17 07:10:27,261 [Thread-793] INFO  impl.FollowerState (FollowerState.java:run(108)) - decc5551-dd4b-40dc-8ff5-b6b450d67f6f@group-42ACBF6EBE4E-FollowerState: change to CANDIDATE, lastRpcTime:65ms, electionTimeout:65ms
2019-10-17 07:10:27,261 [Thread-793] INFO  impl.RoleInfo (RoleInfo.java:shutdownFollowerState(121)) - decc5551-dd4b-40dc-8ff5-b6b450d67f6f: shutdown FollowerState
2019-10-17 07:10:27,261 [Thread-793] INFO  impl.RaftServerImpl (RaftServerImpl.java:setRole(184)) - decc5551-dd4b-40dc-8ff5-b6b450d67f6f@group-42ACBF6EBE4E: changes role from  FOLLOWER to CANDIDATE at term 32 for changeToCandidate
2019-10-17 07:10:27,261 [Thread-793] INFO  impl.RoleInfo (RoleInfo.java:updateAndGet(143)) - decc5551-dd4b-40dc-8ff5-b6b450d67f6f: start LeaderElection
2019-10-17 07:10:27,265 [decc5551-dd4b-40dc-8ff5-b6b450d67f6f@group-42ACBF6EBE4E-LeaderElection69] INFO  impl.LeaderElection (LeaderElection.java:askForVotes(178)) - decc5551-dd4b-40dc-8ff5-b6b450d67f6f@group-42ACBF6EBE4E-LeaderElection69: begin an election at term 33 for -1: [215fceca-0555-458b-bc4f-ba38ff24d5ba:192.168.157.211:43803, decc5551-dd4b-40dc-8ff5-b6b450d67f6f:192.168.157.211:34435, 0c631657-10a5-4e2a-a322-8fc6c651b2ed:192.168.157.211:41694], old=null
2019-10-17 07:10:27,265 [5c4ee31d-c5ed-4c65-a5df-da3e3cf53ac2@group-233C052D78D6-LeaderElection68] INFO  impl.LeaderElection (LeaderElection.java:askForVotes(178)) - 5c4ee31d-c5ed-4c65-a5df-da3e3cf53ac2@group-233C052D78D6-LeaderElection68: begin an election at term 33 for -1: [67ae3572-7d88-4e50-b53b-0f48f6748b38:192.168.157.211:41299, 831edaa1-80a5-4091-843f-90c648a5a79d:192.168.157.211:44365, 5c4ee31d-c5ed-4c65-a5df-da3e3cf53ac2:192.168.157.211:45059], old=null
2019-10-17 07:10:27,268 [grpc-default-executor-10] INFO  impl.RaftServerImpl (RaftServerImpl.java:setRole(184)) - 215fceca-0555-458b-bc4f-ba38ff24d5ba@group-42ACBF6EBE4E: changes role from  FOLLOWER to FOLLOWER at term 33 for recognizeCandidate:decc5551-dd4b-40dc-8ff5-b6b450d67f6f
2019-10-17 07:10:27,268 [grpc-default-executor-10] INFO  impl.RoleInfo (RoleInfo.java:shutdownFollowerState(121)) - 215fceca-0555-458b-bc4f-ba38ff24d5ba: shutdown FollowerState
2019-10-17 07:10:27,268 [grpc-default-executor-10] INFO  impl.RoleInfo (RoleInfo.java:updateAndGet(143)) - 215fceca-0555-458b-bc4f-ba38ff24d5ba: start FollowerState
2019-10-17 07:10:27,268 [Thread-791] INFO  impl.FollowerState (FollowerState.java:run(117)) - 215fceca-0555-458b-bc4f-ba38ff24d5ba@group-42ACBF6EBE4E-FollowerState was interrupted: java.lang.InterruptedException: sleep interrupted
2019-10-17 07:10:27,268 [grpc-default-executor-11] INFO  impl.RaftServerImpl (RaftServerImpl.java:setRole(184)) - 67ae3572-7d88-4e50-b53b-0f48f6748b38@group-233C052D78D6: changes role from  FOLLOWER to FOLLOWER at term 33 for recognizeCandidate:5c4ee31d-c5ed-4c65-a5df-da3e3cf53ac2
2019-10-17 07:10:27,269 [grpc-default-executor-9] INFO  impl.RaftServerImpl (RaftServerImpl.java:setRole(184)) - 0c631657-10a5-4e2a-a322-8fc6c651b2ed@group-42ACBF6EBE4E: changes role from  FOLLOWER to FOLLOWER at term 33 for recognizeCandidate:decc5551-dd4b-40dc-8ff5-b6b450d67f6f
2019-10-17 07:10:27,268 [grpc-default-executor-3] INFO  impl.RaftServerImpl (RaftServerImpl.java:setRole(184)) - 831edaa1-80a5-4091-843f-90c648a5a79d@group-233C052D78D6: changes role from  FOLLOWER to FOLLOWER at term 33 for recognizeCandidate:5c4ee31d-c5ed-4c65-a5df-da3e3cf53ac2
2019-10-17 07:10:27,269 [grpc-default-executor-9] INFO  impl.RoleInfo (RoleInfo.java:shutdownFollowerState(121)) - 0c631657-10a5-4e2a-a322-8fc6c651b2ed: shutdown FollowerState
2019-10-17 07:10:27,269 [grpc-default-executor-11] INFO  impl.RoleInfo (RoleInfo.java:shutdownFollowerState(121)) - 67ae3572-7d88-4e50-b53b-0f48f6748b38: shutdown FollowerState
2019-10-17 07:10:27,269 [Thread-792] INFO  impl.FollowerState (FollowerState.java:run(117)) - 0c631657-10a5-4e2a-a322-8fc6c651b2ed@group-42ACBF6EBE4E-FollowerState was interrupted: java.lang.InterruptedException: sleep interrupted
2019-10-17 07:10:27,269 [grpc-default-executor-9] INFO  impl.RoleInfo (RoleInfo.java:updateAndGet(143)) - 0c631657-10a5-4e2a-a322-8fc6c651b2ed: start FollowerState
2019-10-17 07:10:27,269 [grpc-default-executor-3] INFO  impl.RoleInfo (RoleInfo.java:shutdownFollowerState(121)) - 831edaa1-80a5-4091-843f-90c648a5a79d: shutdown FollowerState
2019-10-17 07:10:27,270 [Thread-786] INFO  impl.FollowerState (FollowerState.java:run(117)) - 67ae3572-7d88-4e50-b53b-0f48f6748b38@group-233C052D78D6-FollowerState was interrupted: java.lang.InterruptedException: sleep interrupted
2019-10-17 07:10:27,270 [grpc-default-executor-11] INFO  impl.RoleInfo (RoleInfo.java:updateAndGet(143)) - 67ae3572-7d88-4e50-b53b-0f48f6748b38: start FollowerState
2019-10-17 07:10:27,270 [grpc-default-executor-3] INFO  impl.RoleInfo (RoleInfo.java:updateAndGet(143)) - 831edaa1-80a5-4091-843f-90c648a5a79d: start FollowerState
2019-10-17 07:10:27,270 [Thread-785] INFO  impl.FollowerState (FollowerState.java:run(117)) - 831edaa1-80a5-4091-843f-90c648a5a79d@group-233C052D78D6-FollowerState was interrupted: java.lang.InterruptedException: sleep interrupted
2019-10-17 07:10:27,276 [5c4ee31d-c5ed-4c65-a5df-da3e3cf53ac2@group-233C052D78D6-LeaderElection68] INFO  impl.LeaderElection (LeaderElection.java:logAndReturn(56)) - 5c4ee31d-c5ed-4c65-a5df-da3e3cf53ac2@group-233C052D78D6-LeaderElection68: Election REJECTED; received 2 response(s) [5c4ee31d-c5ed-4c65-a5df-da3e3cf53ac2<-67ae3572-7d88-4e50-b53b-0f48f6748b38#0:FAIL-t33, 5c4ee31d-c5ed-4c65-a5df-da3e3cf53ac2<-831edaa1-80a5-4091-843f-90c648a5a79d#0:FAIL-t33] and 0 exception(s); 5c4ee31d-c5ed-4c65-a5df-da3e3cf53ac2@group-233C052D78D6:t33, leader=null, voted=5c4ee31d-c5ed-4c65-a5df-da3e3cf53ac2, raftlog=5c4ee31d-c5ed-4c65-a5df-da3e3cf53ac2@group-233C052D78D6-SegmentedRaftLog:OPENED:c-1,f-1,i0, conf=-1: [67ae3572-7d88-4e50-b53b-0f48f6748b38:192.168.157.211:41299, 831edaa1-80a5-4091-843f-90c648a5a79d:192.168.157.211:44365, 5c4ee31d-c5ed-4c65-a5df-da3e3cf53ac2:192.168.157.211:45059], old=null
2019-10-17 07:10:27,276 [5c4ee31d-c5ed-4c65-a5df-da3e3cf53ac2@group-233C052D78D6-LeaderElection68] INFO  impl.RaftServerImpl (RaftServerImpl.java:setRole(184)) - 5c4ee31d-c5ed-4c65-a5df-da3e3cf53ac2@group-233C052D78D6: changes role from CANDIDATE to FOLLOWER at term 33 for DISCOVERED_A_NEW_TERM
2019-10-17 07:10:27,276 [decc5551-dd4b-40dc-8ff5-b6b450d67f6f@group-42ACBF6EBE4E-LeaderElection69] INFO  impl.LeaderElection (LeaderElection.java:logAndReturn(56)) - decc5551-dd4b-40dc-8ff5-b6b450d67f6f@group-42ACBF6EBE4E-LeaderElection69: Election REJECTED; received 2 response(s) [decc5551-dd4b-40dc-8ff5-b6b450d67f6f<-215fceca-0555-458b-bc4f-ba38ff24d5ba#0:FAIL-t33, decc5551-dd4b-40dc-8ff5-b6b450d67f6f<-0c631657-10a5-4e2a-a322-8fc6c651b2ed#0:FAIL-t33] and 0 exception(s); decc5551-dd4b-40dc-8ff5-b6b450d67f6f@group-42ACBF6EBE4E:t33, leader=null, voted=decc5551-dd4b-40dc-8ff5-b6b450d67f6f, raftlog=decc5551-dd4b-40dc-8ff5-b6b450d67f6f@group-42ACBF6EBE4E-SegmentedRaftLog:OPENED:c-1,f-1,i0, conf=-1: [215fceca-0555-458b-bc4f-ba38ff24d5ba:192.168.157.211:43803, decc5551-dd4b-40dc-8ff5-b6b450d67f6f:192.168.157.211:34435, 0c631657-10a5-4e2a-a322-8fc6c651b2ed:192.168.157.211:41694], old=null
2019-10-17 07:10:27,276 [5c4ee31d-c5ed-4c65-a5df-da3e3cf53ac2@group-233C052D78D6-LeaderElection68] INFO  impl.RoleInfo (RoleInfo.java:shutdownLeaderElection(134)) - 5c4ee31d-c5ed-4c65-a5df-da3e3cf53ac2: shutdown LeaderElection
2019-10-17 07:10:27,276 [decc5551-dd4b-40dc-8ff5-b6b450d67f6f@group-42ACBF6EBE4E-LeaderElection69] INFO  impl.RaftServerImpl (RaftServerImpl.java:setRole(184)) - decc5551-dd4b-40dc-8ff5-b6b450d67f6f@group-42ACBF6EBE4E: changes role from CANDIDATE to FOLLOWER at term 33 for DISCOVERED_A_NEW_TERM
2019-10-17 07:10:27,277 [decc5551-dd4b-40dc-8ff5-b6b450d67f6f@group-42ACBF6EBE4E-LeaderElection69] INFO  impl.RoleInfo (RoleInfo.java:shutdownLeaderElection(134)) - decc5551-dd4b-40dc-8ff5-b6b450d67f6f: shutdown LeaderElection
2019-10-17 07:10:27,277 [5c4ee31d-c5ed-4c65-a5df-da3e3cf53ac2@group-233C052D78D6-LeaderElection68] INFO  impl.RoleInfo (RoleInfo.java:updateAndGet(143)) - 5c4ee31d-c5ed-4c65-a5df-da3e3cf53ac2: start FollowerState
2019-10-17 07:10:27,277 [decc5551-dd4b-40dc-8ff5-b6b450d67f6f@group-42ACBF6EBE4E-LeaderElection69] INFO  impl.RoleInfo (RoleInfo.java:updateAndGet(143)) - decc5551-dd4b-40dc-8ff5-b6b450d67f6f: start FollowerState
2019-10-17 07:10:27,282 [Thread-805] INFO  impl.FollowerState (FollowerState.java:run(108)) - decc5551-dd4b-40dc-8ff5-b6b450d67f6f@group-42ACBF6EBE4E-FollowerState: change to CANDIDATE, lastRpcTime:5ms, electionTimeout:5ms
2019-10-17 07:10:27,282 [Thread-805] INFO  impl.RoleInfo (RoleInfo.java:shutdownFollowerState(121)) - decc5551-dd4b-40dc-8ff5-b6b450d67f6f: shutdown FollowerState
2019-10-17 07:10:27,283 [Thread-805] INFO  impl.RaftServerImpl (RaftServerImpl.java:setRole(184)) - decc5551-dd4b-40dc-8ff5-b6b450d67f6f@group-42ACBF6EBE4E: changes role from  FOLLOWER to CANDIDATE at term 33 for changeToCandidate
2019-10-17 07:10:27,283 [Thread-805] INFO  impl.RoleInfo (RoleInfo.java:updateAndGet(143)) - decc5551-dd4b-40dc-8ff5-b6b450d67f6f: start LeaderElection
2019-10-17 07:10:27,296 [decc5551-dd4b-40dc-8ff5-b6b450d67f6f@group-42ACBF6EBE4E-LeaderElection70] INFO  impl.LeaderElection (LeaderElection.java:askForVotes(178)) - decc5551-dd4b-40dc-8ff5-b6b450d67f6f@group-42ACBF6EBE4E-LeaderElection70: begin an election at term 34 for -1: [215fceca-0555-458b-bc4f-ba38ff24d5ba:192.168.157.211:43803, decc5551-dd4b-40dc-8ff5-b6b450d67f6f:192.168.157.211:34435, 0c631657-10a5-4e2a-a322-8fc6c651b2ed:192.168.157.211:41694], old=null
2019-10-17 07:10:27,299 [grpc-default-executor-9] INFO  impl.RaftServerImpl (RaftServerImpl.java:setRole(184)) - 215fceca-0555-458b-bc4f-ba38ff24d5ba@group-42ACBF6EBE4E: changes role from  FOLLOWER to FOLLOWER at term 34 for recognizeCandidate:decc5551-dd4b-40dc-8ff5-b6b450d67f6f
2019-10-17 07:10:27,299 [grpc-default-executor-11] INFO  impl.RaftServerImpl (RaftServerImpl.java:setRole(184)) - 0c631657-10a5-4e2a-a322-8fc6c651b2ed@group-42ACBF6EBE4E: changes role from  FOLLOWER to FOLLOWER at term 34 for recognizeCandidate:decc5551-dd4b-40dc-8ff5-b6b450d67f6f
2019-10-17 07:10:27,299 [grpc-default-executor-9] INFO  impl.RoleInfo (RoleInfo.java:shutdownFollowerState(121)) - 215fceca-0555-458b-bc4f-ba38ff24d5ba: shutdown FollowerState
2019-10-17 07:10:27,299 [grpc-default-executor-11] INFO  impl.RoleInfo (RoleInfo.java:shutdownFollowerState(121)) - 0c631657-10a5-4e2a-a322-8fc6c651b2ed: shutdown FollowerState
2019-10-17 07:10:27,299 [grpc-default-executor-9] INFO  impl.RoleInfo (RoleInfo.java:updateAndGet(143)) - 215fceca-0555-458b-bc4f-ba38ff24d5ba: start FollowerState
2019-10-17 07:10:27,299 [Thread-800] INFO  impl.FollowerState (FollowerState.java:run(117)) - 215fceca-0555-458b-bc4f-ba38ff24d5ba@group-42ACBF6EBE4E-FollowerState was interrupted: java.lang.InterruptedException: sleep interrupted
2019-10-17 07:10:27,299 [Thread-801] INFO  impl.FollowerState (FollowerState.java:run(117)) - 0c631657-10a5-4e2a-a322-8fc6c651b2ed@group-42ACBF6EBE4E-FollowerState was interrupted: java.lang.InterruptedException: sleep interrupted
2019-10-17 07:10:27,299 [grpc-default-executor-11] INFO  impl.RoleInfo (RoleInfo.java:updateAndGet(143)) - 0c631657-10a5-4e2a-a322-8fc6c651b2ed: start FollowerState
2019-10-17 07:10:27,312 [decc5551-dd4b-40dc-8ff5-b6b450d67f6f@group-42ACBF6EBE4E-LeaderElection70] INFO  impl.LeaderElection (LeaderElection.java:logAndReturn(56)) - decc5551-dd4b-40dc-8ff5-b6b450d67f6f@group-42ACBF6EBE4E-LeaderElection70: Election REJECTED; received 2 response(s) [decc5551-dd4b-40dc-8ff5-b6b450d67f6f<-215fceca-0555-458b-bc4f-ba38ff24d5ba#0:FAIL-t34, decc5551-dd4b-40dc-8ff5-b6b450d67f6f<-0c631657-10a5-4e2a-a322-8fc6c651b2ed#0:FAIL-t34] and 0 exception(s); decc5551-dd4b-40dc-8ff5-b6b450d67f6f@group-42ACBF6EBE4E:t34, leader=null, voted=decc5551-dd4b-40dc-8ff5-b6b450d67f6f, raftlog=decc5551-dd4b-40dc-8ff5-b6b450d67f6f@group-42ACBF6EBE4E-SegmentedRaftLog:OPENED:c-1,f-1,i0, conf=-1: [215fceca-0555-458b-bc4f-ba38ff24d5ba:192.168.157.211:43803, decc5551-dd4b-40dc-8ff5-b6b450d67f6f:192.168.157.211:34435, 0c631657-10a5-4e2a-a322-8fc6c651b2ed:192.168.157.211:41694], old=null
2019-10-17 07:10:27,313 [decc5551-dd4b-40dc-8ff5-b6b450d67f6f@group-42ACBF6EBE4E-LeaderElection70] INFO  impl.RaftServerImpl (RaftServerImpl.java:setRole(184)) - decc5551-dd4b-40dc-8ff5-b6b450d67f6f@group-42ACBF6EBE4E: changes role from CANDIDATE to FOLLOWER at term 34 for DISCOVERED_A_NEW_TERM
2019-10-17 07:10:27,313 [decc5551-dd4b-40dc-8ff5-b6b450d67f6f@group-42ACBF6EBE4E-LeaderElection70] INFO  impl.RoleInfo (RoleInfo.java:shutdownLeaderElection(134)) - decc5551-dd4b-40dc-8ff5-b6b450d67f6f: shutdown LeaderElection
2019-10-17 07:10:27,313 [decc5551-dd4b-40dc-8ff5-b6b450d67f6f@group-42ACBF6EBE4E-LeaderElection70] INFO  impl.RoleInfo (RoleInfo.java:updateAndGet(143)) - decc5551-dd4b-40dc-8ff5-b6b450d67f6f: start FollowerState
2019-10-17 07:10:27,355 [Thread-811] INFO  impl.FollowerState (FollowerState.java:run(108)) - decc5551-dd4b-40dc-8ff5-b6b450d67f6f@group-42ACBF6EBE4E-FollowerState: change to CANDIDATE, lastRpcTime:42ms, electionTimeout:42ms
2019-10-17 07:10:27,356 [Thread-811] INFO  impl.RoleInfo (RoleInfo.java:shutdownFollowerState(121)) - decc5551-dd4b-40dc-8ff5-b6b450d67f6f: shutdown FollowerState
2019-10-17 07:10:27,356 [Thread-811] INFO  impl.RaftServerImpl (RaftServerImpl.java:setRole(184)) - decc5551-dd4b-40dc-8ff5-b6b450d67f6f@group-42ACBF6EBE4E: changes role from  FOLLOWER to CANDIDATE at term 34 for changeToCandidate
2019-10-17 07:10:27,356 [Thread-811] INFO  impl.RoleInfo (RoleInfo.java:updateAndGet(143)) - decc5551-dd4b-40dc-8ff5-b6b450d67f6f: start LeaderElection
2019-10-17 07:10:27,358 [Thread-804] INFO  impl.FollowerState (FollowerState.java:run(108)) - 5c4ee31d-c5ed-4c65-a5df-da3e3cf53ac2@group-233C052D78D6-FollowerState: change to CANDIDATE, lastRpcTime:81ms, electionTimeout:81ms
2019-10-17 07:10:27,358 [Thread-804] INFO  impl.RoleInfo (RoleInfo.java:shutdownFollowerState(121)) - 5c4ee31d-c5ed-4c65-a5df-da3e3cf53ac2: shutdown FollowerState
2019-10-17 07:10:27,359 [Thread-804] INFO  impl.RaftServerImpl (RaftServerImpl.java:setRole(184)) - 5c4ee31d-c5ed-4c65-a5df-da3e3cf53ac2@group-233C052D78D6: changes role from  FOLLOWER to CANDIDATE at term 33 for changeToCandidate
2019-10-17 07:10:27,359 [Thread-804] INFO  impl.RoleInfo (RoleInfo.java:updateAndGet(143)) - 5c4ee31d-c5ed-4c65-a5df-da3e3cf53ac2: start LeaderElection
2019-10-17 07:10:27,370 [5c4ee31d-c5ed-4c65-a5df-da3e3cf53ac2@group-233C052D78D6-LeaderElection72] INFO  impl.LeaderElection (LeaderElection.java:askForVotes(178)) - 5c4ee31d-c5ed-4c65-a5df-da3e3cf53ac2@group-233C052D78D6-LeaderElection72: begin an election at term 34 for -1: [67ae3572-7d88-4e50-b53b-0f48f6748b38:192.168.157.211:41299, 831edaa1-80a5-4091-843f-90c648a5a79d:192.168.157.211:44365, 5c4ee31d-c5ed-4c65-a5df-da3e3cf53ac2:192.168.157.211:45059], old=null
2019-10-17 07:10:27,370 [decc5551-dd4b-40dc-8ff5-b6b450d67f6f@group-42ACBF6EBE4E-LeaderElection71] INFO  impl.LeaderElection (LeaderElection.java:askForVotes(178)) - decc5551-dd4b-40dc-8ff5-b6b450d67f6f@group-42ACBF6EBE4E-LeaderElection71: begin an election at term 35 for -1: [215fceca-0555-458b-bc4f-ba38ff24d5ba:192.168.157.211:43803, decc5551-dd4b-40dc-8ff5-b6b450d67f6f:192.168.157.211:34435, 0c631657-10a5-4e2a-a322-8fc6c651b2ed:192.168.157.211:41694], old=null
2019-10-17 07:10:27,373 [grpc-default-executor-11] INFO  impl.RaftServerImpl (RaftServerImpl.java:setRole(184)) - 831edaa1-80a5-4091-843f-90c648a5a79d@group-233C052D78D6: changes role from  FOLLOWER to FOLLOWER at term 34 for recognizeCandidate:5c4ee31d-c5ed-4c65-a5df-da3e3cf53ac2
2019-10-17 07:10:27,373 [grpc-default-executor-11] INFO  impl.RoleInfo (RoleInfo.java:shutdownFollowerState(121)) - 831edaa1-80a5-4091-843f-90c648a5a79d: shutdown FollowerState
2019-10-17 07:10:27,373 [grpc-default-executor-9] INFO  impl.RaftServerImpl (RaftServerImpl.java:setRole(184)) - 67ae3572-7d88-4e50-b53b-0f48f6748b38@group-233C052D78D6: changes role from  FOLLOWER to FOLLOWER at term 34 for recognizeCandidate:5c4ee31d-c5ed-4c65-a5df-da3e3cf53ac2
2019-10-17 07:10:27,373 [Thread-803] INFO  impl.FollowerState (FollowerState.java:run(117)) - 831edaa1-80a5-4091-843f-90c648a5a79d@group-233C052D78D6-FollowerState was interrupted: java.lang.InterruptedException: sleep interrupted
2019-10-17 07:10:27,373 [grpc-default-executor-11] INFO  impl.RoleInfo (RoleInfo.java:updateAndGet(143)) - 831edaa1-80a5-4091-843f-90c648a5a79d: start FollowerState
2019-10-17 07:10:27,374 [grpc-default-executor-10] INFO  impl.RaftServerImpl (RaftServerImpl.java:setRole(184)) - 0c631657-10a5-4e2a-a322-8fc6c651b2ed@group-42ACBF6EBE4E: changes role from  FOLLOWER to FOLLOWER at term 35 for recognizeCandidate:decc5551-dd4b-40dc-8ff5-b6b450d67f6f
2019-10-17 07:10:27,373 [grpc-default-executor-3] INFO  impl.RaftServerImpl (RaftServerImpl.java:setRole(184)) - 215fceca-0555-458b-bc4f-ba38ff24d5ba@group-42ACBF6EBE4E: changes role from  FOLLOWER to FOLLOWER at term 35 for recognizeCandidate:decc5551-dd4b-40dc-8ff5-b6b450d67f6f
2019-10-17 07:10:27,373 [grpc-default-executor-9] INFO  impl.RoleInfo (RoleInfo.java:shutdownFollowerState(121)) - 67ae3572-7d88-4e50-b53b-0f48f6748b38: shutdown FollowerState
2019-10-17 07:10:27,374 [grpc-default-executor-3] INFO  impl.RoleInfo (RoleInfo.java:shutdownFollowerState(121)) - 215fceca-0555-458b-bc4f-ba38ff24d5ba: shutdown FollowerState
2019-10-17 07:10:27,374 [grpc-default-executor-10] INFO  impl.RoleInfo (RoleInfo.java:shutdownFollowerState(121)) - 0c631657-10a5-4e2a-a322-8fc6c651b2ed: shutdown FollowerState
2019-10-17 07:10:27,375 [Thread-809] INFO  impl.FollowerState (FollowerState.java:run(117)) - 215fceca-0555-458b-bc4f-ba38ff24d5ba@group-42ACBF6EBE4E-FollowerState was interrupted: java.lang.InterruptedException: sleep interrupted
2019-10-17 07:10:27,374 [grpc-default-executor-3] INFO  impl.RoleInfo (RoleInfo.java:updateAndGet(143)) - 215fceca-0555-458b-bc4f-ba38ff24d5ba: start FollowerState
2019-10-17 07:10:27,374 [Thread-802] INFO  impl.FollowerState (FollowerState.java:run(117)) - 67ae3572-7d88-4e50-b53b-0f48f6748b38@group-233C052D78D6-FollowerState was interrupted: java.lang.InterruptedException: sleep interrupted
2019-10-17 07:10:27,374 [grpc-default-executor-9] INFO  impl.RoleInfo (RoleInfo.java:updateAndGet(143)) - 67ae3572-7d88-4e50-b53b-0f48f6748b38: start FollowerState
2019-10-17 07:10:27,375 [grpc-default-executor-10] INFO  impl.RoleInfo (RoleInfo.java:updateAndGet(143)) - 0c631657-10a5-4e2a-a322-8fc6c651b2ed: start FollowerState
2019-10-17 07:10:27,375 [Thread-810] INFO  impl.FollowerState (FollowerState.java:run(117)) - 0c631657-10a5-4e2a-a322-8fc6c651b2ed@group-42ACBF6EBE4E-FollowerState was interrupted: java.lang.InterruptedException: sleep interrupted
2019-10-17 07:10:27,385 [5c4ee31d-c5ed-4c65-a5df-da3e3cf53ac2@group-233C052D78D6-LeaderElection72] INFO  impl.LeaderElection (LeaderElection.java:logAndReturn(56)) - 5c4ee31d-c5ed-4c65-a5df-da3e3cf53ac2@group-233C052D78D6-LeaderElection72: Election REJECTED; received 2 response(s) [5c4ee31d-c5ed-4c65-a5df-da3e3cf53ac2<-67ae3572-7d88-4e50-b53b-0f48f6748b38#0:FAIL-t34, 5c4ee31d-c5ed-4c65-a5df-da3e3cf53ac2<-831edaa1-80a5-4091-843f-90c648a5a79d#0:FAIL-t34] and 0 exception(s); 5c4ee31d-c5ed-4c65-a5df-da3e3cf53ac2@group-233C052D78D6:t34, leader=null, voted=5c4ee31d-c5ed-4c65-a5df-da3e3cf53ac2, raftlog=5c4ee31d-c5ed-4c65-a5df-da3e3cf53ac2@group-233C052D78D6-SegmentedRaftLog:OPENED:c-1,f-1,i0, conf=-1: [67ae3572-7d88-4e50-b53b-0f48f6748b38:192.168.157.211:41299, 831edaa1-80a5-4091-843f-90c648a5a79d:192.168.157.211:44365, 5c4ee31d-c5ed-4c65-a5df-da3e3cf53ac2:192.168.157.211:45059], old=null
2019-10-17 07:10:27,385 [5c4ee31d-c5ed-4c65-a5df-da3e3cf53ac2@group-233C052D78D6-LeaderElection72] INFO  impl.RaftServerImpl (RaftServerImpl.java:setRole(184)) - 5c4ee31d-c5ed-4c65-a5df-da3e3cf53ac2@group-233C052D78D6: changes role from CANDIDATE to FOLLOWER at term 34 for DISCOVERED_A_NEW_TERM
2019-10-17 07:10:27,385 [decc5551-dd4b-40dc-8ff5-b6b450d67f6f@group-42ACBF6EBE4E-LeaderElection71] INFO  impl.LeaderElection (LeaderElection.java:logAndReturn(56)) - decc5551-dd4b-40dc-8ff5-b6b450d67f6f@group-42ACBF6EBE4E-LeaderElection71: Election REJECTED; received 2 response(s) [decc5551-dd4b-40dc-8ff5-b6b450d67f6f<-215fceca-0555-458b-bc4f-ba38ff24d5ba#0:FAIL-t35, decc5551-dd4b-40dc-8ff5-b6b450d67f6f<-0c631657-10a5-4e2a-a322-8fc6c651b2ed#0:FAIL-t35] and 0 exception(s); decc5551-dd4b-40dc-8ff5-b6b450d67f6f@group-42ACBF6EBE4E:t35, leader=null, voted=decc5551-dd4b-40dc-8ff5-b6b450d67f6f, raftlog=decc5551-dd4b-40dc-8ff5-b6b450d67f6f@group-42ACBF6EBE4E-SegmentedRaftLog:OPENED:c-1,f-1,i0, conf=-1: [215fceca-0555-458b-bc4f-ba38ff24d5ba:192.168.157.211:43803, decc5551-dd4b-40dc-8ff5-b6b450d67f6f:192.168.157.211:34435, 0c631657-10a5-4e2a-a322-8fc6c651b2ed:192.168.157.211:41694], old=null
2019-10-17 07:10:27,385 [5c4ee31d-c5ed-4c65-a5df-da3e3cf53ac2@group-233C052D78D6-LeaderElection72] INFO  impl.RoleInfo (RoleInfo.java:shutdownLeaderElection(134)) - 5c4ee31d-c5ed-4c65-a5df-da3e3cf53ac2: shutdown LeaderElection
2019-10-17 07:10:27,385 [decc5551-dd4b-40dc-8ff5-b6b450d67f6f@group-42ACBF6EBE4E-LeaderElection71] INFO  impl.RaftServerImpl (RaftServerImpl.java:setRole(184)) - decc5551-dd4b-40dc-8ff5-b6b450d67f6f@group-42ACBF6EBE4E: changes role from CANDIDATE to FOLLOWER at term 35 for DISCOVERED_A_NEW_TERM
2019-10-17 07:10:27,385 [5c4ee31d-c5ed-4c65-a5df-da3e3cf53ac2@group-233C052D78D6-LeaderElection72] INFO  impl.RoleInfo (RoleInfo.java:updateAndGet(143)) - 5c4ee31d-c5ed-4c65-a5df-da3e3cf53ac2: start FollowerState
2019-10-17 07:10:27,385 [decc5551-dd4b-40dc-8ff5-b6b450d67f6f@group-42ACBF6EBE4E-LeaderElection71] INFO  impl.RoleInfo (RoleInfo.java:shutdownLeaderElection(134)) - decc5551-dd4b-40dc-8ff5-b6b450d67f6f: shutdown LeaderElection
2019-10-17 07:10:27,386 [decc5551-dd4b-40dc-8ff5-b6b450d67f6f@group-42ACBF6EBE4E-LeaderElection71] INFO  impl.RoleInfo (RoleInfo.java:updateAndGet(143)) - decc5551-dd4b-40dc-8ff5-b6b450d67f6f: start FollowerState
2019-10-17 07:10:27,429 [Thread-822] INFO  impl.FollowerState (FollowerState.java:run(108)) - 5c4ee31d-c5ed-4c65-a5df-da3e3cf53ac2@group-233C052D78D6-FollowerState: change to CANDIDATE, lastRpcTime:43ms, electionTimeout:41ms
2019-10-17 07:10:27,429 [Thread-822] INFO  impl.RoleInfo (RoleInfo.java:shutdownFollowerState(121)) - 5c4ee31d-c5ed-4c65-a5df-da3e3cf53ac2: shutdown FollowerState
2019-10-17 07:10:27,429 [Thread-822] INFO  impl.RaftServerImpl (RaftServerImpl.java:setRole(184)) - 5c4ee31d-c5ed-4c65-a5df-da3e3cf53ac2@group-233C052D78D6: changes role from  FOLLOWER to CANDIDATE at term 34 for changeToCandidate
2019-10-17 07:10:27,429 [Thread-822] INFO  impl.RoleInfo (RoleInfo.java:updateAndGet(143)) - 5c4ee31d-c5ed-4c65-a5df-da3e3cf53ac2: start LeaderElection
2019-10-17 07:10:27,431 [Thread-823] INFO  impl.FollowerState (FollowerState.java:run(108)) - decc5551-dd4b-40dc-8ff5-b6b450d67f6f@group-42ACBF6EBE4E-FollowerState: change to CANDIDATE, lastRpcTime:45ms, electionTimeout:45ms
2019-10-17 07:10:27,431 [Thread-823] INFO  impl.RoleInfo (RoleInfo.java:shutdownFollowerState(121)) - decc5551-dd4b-40dc-8ff5-b6b450d67f6f: shutdown FollowerState
2019-10-17 07:10:27,432 [Thread-823] INFO  impl.RaftServerImpl (RaftServerImpl.java:setRole(184)) - decc5551-dd4b-40dc-8ff5-b6b450d67f6f@group-42ACBF6EBE4E: changes role from  FOLLOWER to CANDIDATE at term 35 for changeToCandidate
2019-10-17 07:10:27,432 [Thread-823] INFO  impl.RoleInfo (RoleInfo.java:updateAndGet(143)) - decc5551-dd4b-40dc-8ff5-b6b450d67f6f: start LeaderElection
2019-10-17 07:10:27,445 [5c4ee31d-c5ed-4c65-a5df-da3e3cf53ac2@group-233C052D78D6-LeaderElection73] INFO  impl.LeaderElection (LeaderElection.java:askForVotes(178)) - 5c4ee31d-c5ed-4c65-a5df-da3e3cf53ac2@group-233C052D78D6-LeaderElection73: begin an election at term 35 for -1: [67ae3572-7d88-4e50-b53b-0f48f6748b38:192.168.157.211:41299, 831edaa1-80a5-4091-843f-90c648a5a79d:192.168.157.211:44365, 5c4ee31d-c5ed-4c65-a5df-da3e3cf53ac2:192.168.157.211:45059], old=null
2019-10-17 07:10:27,445 [decc5551-dd4b-40dc-8ff5-b6b450d67f6f@group-42ACBF6EBE4E-LeaderElection74] INFO  impl.LeaderElection (LeaderElection.java:askForVotes(178)) - decc5551-dd4b-40dc-8ff5-b6b450d67f6f@group-42ACBF6EBE4E-LeaderElection74: begin an election at term 36 for -1: [215fceca-0555-458b-bc4f-ba38ff24d5ba:192.168.157.211:43803, decc5551-dd4b-40dc-8ff5-b6b450d67f6f:192.168.157.211:34435, 0c631657-10a5-4e2a-a322-8fc6c651b2ed:192.168.157.211:41694], old=null
2019-10-17 07:10:27,448 [grpc-default-executor-11] INFO  impl.RaftServerImpl (RaftServerImpl.java:setRole(184)) - 67ae3572-7d88-4e50-b53b-0f48f6748b38@group-233C052D78D6: changes role from  FOLLOWER to FOLLOWER at term 35 for recognizeCandidate:5c4ee31d-c5ed-4c65-a5df-da3e3cf53ac2
2019-10-17 07:10:27,448 [grpc-default-executor-11] INFO  impl.RoleInfo (RoleInfo.java:shutdownFollowerState(121)) - 67ae3572-7d88-4e50-b53b-0f48f6748b38: shutdown FollowerState
2019-10-17 07:10:27,448 [grpc-default-executor-3] INFO  impl.RaftServerImpl (RaftServerImpl.java:setRole(184)) - 831edaa1-80a5-4091-843f-90c648a5a79d@group-233C052D78D6: changes role from  FOLLOWER to FOLLOWER at term 35 for recognizeCandidate:5c4ee31d-c5ed-4c65-a5df-da3e3cf53ac2
2019-10-17 07:10:27,449 [grpc-default-executor-3] INFO  impl.RoleInfo (RoleInfo.java:shutdownFollowerState(121)) - 831edaa1-80a5-4091-843f-90c648a5a79d: shutdown FollowerState
2019-10-17 07:10:27,448 [grpc-default-executor-10] INFO  impl.RaftServerImpl (RaftServerImpl.java:setRole(184)) - 0c631657-10a5-4e2a-a322-8fc6c651b2ed@group-42ACBF6EBE4E: changes role from  FOLLOWER to FOLLOWER at term 36 for recognizeCandidate:decc5551-dd4b-40dc-8ff5-b6b450d67f6f
2019-10-17 07:10:27,449 [Thread-818] INFO  impl.FollowerState (FollowerState.java:run(117)) - 831edaa1-80a5-4091-843f-90c648a5a79d@group-233C052D78D6-FollowerState was interrupted: java.lang.InterruptedException: sleep interrupted
2019-10-17 07:10:27,449 [grpc-default-executor-3] INFO  impl.RoleInfo (RoleInfo.java:updateAndGet(143)) - 831edaa1-80a5-4091-843f-90c648a5a79d: start FollowerState
2019-10-17 07:10:27,448 [Thread-819] INFO  impl.FollowerState (FollowerState.java:run(117)) - 67ae3572-7d88-4e50-b53b-0f48f6748b38@group-233C052D78D6-FollowerState was interrupted: java.lang.InterruptedException: sleep interrupted
2019-10-17 07:10:27,448 [grpc-default-executor-9] INFO  impl.RaftServerImpl (RaftServerImpl.java:setRole(184)) - 215fceca-0555-458b-bc4f-ba38ff24d5ba@group-42ACBF6EBE4E: changes role from  FOLLOWER to FOLLOWER at term 36 for recognizeCandidate:decc5551-dd4b-40dc-8ff5-b6b450d67f6f
2019-10-17 07:10:27,448 [grpc-default-executor-11] INFO  impl.RoleInfo (RoleInfo.java:updateAndGet(143)) - 67ae3572-7d88-4e50-b53b-0f48f6748b38: start FollowerState
2019-10-17 07:10:27,449 [grpc-default-executor-9] INFO  impl.RoleInfo (RoleInfo.java:shutdownFollowerState(121)) - 215fceca-0555-458b-bc4f-ba38ff24d5ba: shutdown FollowerState
2019-10-17 07:10:27,449 [grpc-default-executor-10] INFO  impl.RoleInfo (RoleInfo.java:shutdownFollowerState(121)) - 0c631657-10a5-4e2a-a322-8fc6c651b2ed: shutdown FollowerState
2019-10-17 07:10:27,450 [Thread-820] INFO  impl.FollowerState (FollowerState.java:run(117)) - 215fceca-0555-458b-bc4f-ba38ff24d5ba@group-42ACBF6EBE4E-FollowerState was interrupted: java.lang.InterruptedException: sleep interrupted
2019-10-17 07:10:27,450 [Thread-821] INFO  impl.FollowerState (FollowerState.java:run(117)) - 0c631657-10a5-4e2a-a322-8fc6c651b2ed@group-42ACBF6EBE4E-FollowerState was interrupted: java.lang.InterruptedException: sleep interrupted
2019-10-17 07:10:27,450 [grpc-default-executor-10] INFO  impl.RoleInfo (RoleInfo.java:updateAndGet(143)) - 0c631657-10a5-4e2a-a322-8fc6c651b2ed: start FollowerState
2019-10-17 07:10:27,450 [grpc-default-executor-9] INFO  impl.RoleInfo (RoleInfo.java:updateAndGet(143)) - 215fceca-0555-458b-bc4f-ba38ff24d5ba: start FollowerState
2019-10-17 07:10:27,470 [5c4ee31d-c5ed-4c65-a5df-da3e3cf53ac2@group-233C052D78D6-LeaderElection73] INFO  impl.LeaderElection (LeaderElection.java:logAndReturn(56)) - 5c4ee31d-c5ed-4c65-a5df-da3e3cf53ac2@group-233C052D78D6-LeaderElection73: Election REJECTED; received 2 response(s) [5c4ee31d-c5ed-4c65-a5df-da3e3cf53ac2<-67ae3572-7d88-4e50-b53b-0f48f6748b38#0:FAIL-t35, 5c4ee31d-c5ed-4c65-a5df-da3e3cf53ac2<-831edaa1-80a5-4091-843f-90c648a5a79d#0:FAIL-t35] and 0 exception(s); 5c4ee31d-c5ed-4c65-a5df-da3e3cf53ac2@group-233C052D78D6:t35, leader=null, voted=5c4ee31d-c5ed-4c65-a5df-da3e3cf53ac2, raftlog=5c4ee31d-c5ed-4c65-a5df-da3e3cf53ac2@group-233C052D78D6-SegmentedRaftLog:OPENED:c-1,f-1,i0, conf=-1: [67ae3572-7d88-4e50-b53b-0f48f6748b38:192.168.157.211:41299, 831edaa1-80a5-4091-843f-90c648a5a79d:192.168.157.211:44365, 5c4ee31d-c5ed-4c65-a5df-da3e3cf53ac2:192.168.157.211:45059], old=null
2019-10-17 07:10:27,471 [5c4ee31d-c5ed-4c65-a5df-da3e3cf53ac2@group-233C052D78D6-LeaderElection73] INFO  impl.RaftServerImpl (RaftServerImpl.java:setRole(184)) - 5c4ee31d-c5ed-4c65-a5df-da3e3cf53ac2@group-233C052D78D6: changes role from CANDIDATE to FOLLOWER at term 35 for DISCOVERED_A_NEW_TERM
2019-10-17 07:10:27,471 [5c4ee31d-c5ed-4c65-a5df-da3e3cf53ac2@group-233C052D78D6-LeaderElection73] INFO  impl.RoleInfo (RoleInfo.java:shutdownLeaderElection(134)) - 5c4ee31d-c5ed-4c65-a5df-da3e3cf53ac2: shutdown LeaderElection
2019-10-17 07:10:27,471 [decc5551-dd4b-40dc-8ff5-b6b450d67f6f@group-42ACBF6EBE4E-LeaderElection74] INFO  impl.LeaderElection (LeaderElection.java:logAndReturn(56)) - decc5551-dd4b-40dc-8ff5-b6b450d67f6f@group-42ACBF6EBE4E-LeaderElection74: Election REJECTED; received 2 response(s) [decc5551-dd4b-40dc-8ff5-b6b450d67f6f<-215fceca-0555-458b-bc4f-ba38ff24d5ba#0:FAIL-t36, decc5551-dd4b-40dc-8ff5-b6b450d67f6f<-0c631657-10a5-4e2a-a322-8fc6c651b2ed#0:FAIL-t36] and 0 exception(s); decc5551-dd4b-40dc-8ff5-b6b450d67f6f@group-42ACBF6EBE4E:t36, leader=null, voted=decc5551-dd4b-40dc-8ff5-b6b450d67f6f, raftlog=decc5551-dd4b-40dc-8ff5-b6b450d67f6f@group-42ACBF6EBE4E-SegmentedRaftLog:OPENED:c-1,f-1,i0, conf=-1: [215fceca-0555-458b-bc4f-ba38ff24d5ba:192.168.157.211:43803, decc5551-dd4b-40dc-8ff5-b6b450d67f6f:192.168.157.211:34435, 0c631657-10a5-4e2a-a322-8fc6c651b2ed:192.168.157.211:41694], old=null
2019-10-17 07:10:27,471 [5c4ee31d-c5ed-4c65-a5df-da3e3cf53ac2@group-233C052D78D6-LeaderElection73] INFO  impl.RoleInfo (RoleInfo.java:updateAndGet(143)) - 5c4ee31d-c5ed-4c65-a5df-da3e3cf53ac2: start FollowerState
2019-10-17 07:10:27,471 [decc5551-dd4b-40dc-8ff5-b6b450d67f6f@group-42ACBF6EBE4E-LeaderElection74] INFO  impl.RaftServerImpl (RaftServerImpl.java:setRole(184)) - decc5551-dd4b-40dc-8ff5-b6b450d67f6f@group-42ACBF6EBE4E: changes role from CANDIDATE to FOLLOWER at term 36 for DISCOVERED_A_NEW_TERM
2019-10-17 07:10:27,471 [decc5551-dd4b-40dc-8ff5-b6b450d67f6f@group-42ACBF6EBE4E-LeaderElection74] INFO  impl.RoleInfo (RoleInfo.java:shutdownLeaderElection(134)) - decc5551-dd4b-40dc-8ff5-b6b450d67f6f: shutdown LeaderElection
2019-10-17 07:10:27,480 [decc5551-dd4b-40dc-8ff5-b6b450d67f6f@group-42ACBF6EBE4E-LeaderElection74] INFO  impl.RoleInfo (RoleInfo.java:updateAndGet(143)) - decc5551-dd4b-40dc-8ff5-b6b450d67f6f: start FollowerState
2019-10-17 07:10:27,501 [Thread-836] INFO  impl.FollowerState (FollowerState.java:run(108)) - 5c4ee31d-c5ed-4c65-a5df-da3e3cf53ac2@group-233C052D78D6-FollowerState: change to CANDIDATE, lastRpcTime:30ms, electionTimeout:30ms
2019-10-17 07:10:27,501 [Thread-836] INFO  impl.RoleInfo (RoleInfo.java:shutdownFollowerState(121)) - 5c4ee31d-c5ed-4c65-a5df-da3e3cf53ac2: shutdown FollowerState
2019-10-17 07:10:27,502 [Thread-836] INFO  impl.RaftServerImpl (RaftServerImpl.java:setRole(184)) - 5c4ee31d-c5ed-4c65-a5df-da3e3cf53ac2@group-233C052D78D6: changes role from  FOLLOWER to CANDIDATE at term 35 for changeToCandidate
2019-10-17 07:10:27,502 [Thread-836] INFO  impl.RoleInfo (RoleInfo.java:updateAndGet(143)) - 5c4ee31d-c5ed-4c65-a5df-da3e3cf53ac2: start LeaderElection
2019-10-17 07:10:27,515 [5c4ee31d-c5ed-4c65-a5df-da3e3cf53ac2@group-233C052D78D6-LeaderElection75] INFO  impl.LeaderElection (LeaderElection.java:askForVotes(178)) - 5c4ee31d-c5ed-4c65-a5df-da3e3cf53ac2@group-233C052D78D6-LeaderElection75: begin an election at term 36 for -1: [67ae3572-7d88-4e50-b53b-0f48f6748b38:192.168.157.211:41299, 831edaa1-80a5-4091-843f-90c648a5a79d:192.168.157.211:44365, 5c4ee31d-c5ed-4c65-a5df-da3e3cf53ac2:192.168.157.211:45059], old=null
2019-10-17 07:10:27,517 [grpc-default-executor-3] INFO  impl.RaftServerImpl (RaftServerImpl.java:setRole(184)) - 67ae3572-7d88-4e50-b53b-0f48f6748b38@group-233C052D78D6: changes role from  FOLLOWER to FOLLOWER at term 36 for recognizeCandidate:5c4ee31d-c5ed-4c65-a5df-da3e3cf53ac2
2019-10-17 07:10:27,517 [grpc-default-executor-9] INFO  impl.RaftServerImpl (RaftServerImpl.java:setRole(184)) - 831edaa1-80a5-4091-843f-90c648a5a79d@group-233C052D78D6: changes role from  FOLLOWER to FOLLOWER at term 36 for recognizeCandidate:5c4ee31d-c5ed-4c65-a5df-da3e3cf53ac2
2019-10-17 07:10:27,517 [grpc-default-executor-3] INFO  impl.RoleInfo (RoleInfo.java:shutdownFollowerState(121)) - 67ae3572-7d88-4e50-b53b-0f48f6748b38: shutdown FollowerState
2019-10-17 07:10:27,518 [grpc-default-executor-9] INFO  impl.RoleInfo (RoleInfo.java:shutdownFollowerState(121)) - 831edaa1-80a5-4091-843f-90c648a5a79d: shutdown FollowerState
2019-10-17 07:10:27,518 [Thread-832] INFO  impl.FollowerState (FollowerState.java:run(117)) - 67ae3572-7d88-4e50-b53b-0f48f6748b38@group-233C052D78D6-FollowerState was interrupted: java.lang.InterruptedException: sleep interrupted
2019-10-17 07:10:27,518 [grpc-default-executor-3] INFO  impl.RoleInfo (RoleInfo.java:updateAndGet(143)) - 67ae3572-7d88-4e50-b53b-0f48f6748b38: start FollowerState
2019-10-17 07:10:27,518 [Thread-833] INFO  impl.FollowerState (FollowerState.java:run(117)) - 831edaa1-80a5-4091-843f-90c648a5a79d@group-233C052D78D6-FollowerState was interrupted: java.lang.InterruptedException: sleep interrupted
2019-10-17 07:10:27,518 [grpc-default-executor-9] INFO  impl.RoleInfo (RoleInfo.java:updateAndGet(143)) - 831edaa1-80a5-4091-843f-90c648a5a79d: start FollowerState
2019-10-17 07:10:27,532 [Thread-837] INFO  impl.FollowerState (FollowerState.java:run(108)) - decc5551-dd4b-40dc-8ff5-b6b450d67f6f@group-42ACBF6EBE4E-FollowerState: change to CANDIDATE, lastRpcTime:60ms, electionTimeout:49ms
2019-10-17 07:10:27,532 [Thread-837] INFO  impl.RoleInfo (RoleInfo.java:shutdownFollowerState(121)) - decc5551-dd4b-40dc-8ff5-b6b450d67f6f: shutdown FollowerState
2019-10-17 07:10:27,532 [Thread-837] INFO  impl.RaftServerImpl (RaftServerImpl.java:setRole(184)) - decc5551-dd4b-40dc-8ff5-b6b450d67f6f@group-42ACBF6EBE4E: changes role from  FOLLOWER to CANDIDATE at term 36 for changeToCandidate
2019-10-17 07:10:27,532 [Thread-837] INFO  impl.RoleInfo (RoleInfo.java:updateAndGet(143)) - decc5551-dd4b-40dc-8ff5-b6b450d67f6f: start LeaderElection
2019-10-17 07:10:27,533 [5c4ee31d-c5ed-4c65-a5df-da3e3cf53ac2@group-233C052D78D6-LeaderElection75] INFO  impl.LeaderElection (LeaderElection.java:logAndReturn(56)) - 5c4ee31d-c5ed-4c65-a5df-da3e3cf53ac2@group-233C052D78D6-LeaderElection75: Election REJECTED; received 2 response(s) [5c4ee31d-c5ed-4c65-a5df-da3e3cf53ac2<-67ae3572-7d88-4e50-b53b-0f48f6748b38#0:FAIL-t36, 5c4ee31d-c5ed-4c65-a5df-da3e3cf53ac2<-831edaa1-80a5-4091-843f-90c648a5a79d#0:FAIL-t36] and 0 exception(s); 5c4ee31d-c5ed-4c65-a5df-da3e3cf53ac2@group-233C052D78D6:t36, leader=null, voted=5c4ee31d-c5ed-4c65-a5df-da3e3cf53ac2, raftlog=5c4ee31d-c5ed-4c65-a5df-da3e3cf53ac2@group-233C052D78D6-SegmentedRaftLog:OPENED:c-1,f-1,i0, conf=-1: [67ae3572-7d88-4e50-b53b-0f48f6748b38:192.168.157.211:41299, 831edaa1-80a5-4091-843f-90c648a5a79d:192.168.157.211:44365, 5c4ee31d-c5ed-4c65-a5df-da3e3cf53ac2:192.168.157.211:45059], old=null
2019-10-17 07:10:27,533 [5c4ee31d-c5ed-4c65-a5df-da3e3cf53ac2@group-233C052D78D6-LeaderElection75] INFO  impl.RaftServerImpl (RaftServerImpl.java:setRole(184)) - 5c4ee31d-c5ed-4c65-a5df-da3e3cf53ac2@group-233C052D78D6: changes role from CANDIDATE to FOLLOWER at term 36 for DISCOVERED_A_NEW_TERM
2019-10-17 07:10:27,533 [5c4ee31d-c5ed-4c65-a5df-da3e3cf53ac2@group-233C052D78D6-LeaderElection75] INFO  impl.RoleInfo (RoleInfo.java:shutdownLeaderElection(134)) - 5c4ee31d-c5ed-4c65-a5df-da3e3cf53ac2: shutdown LeaderElection
2019-10-17 07:10:27,533 [5c4ee31d-c5ed-4c65-a5df-da3e3cf53ac2@group-233C052D78D6-LeaderElection75] INFO  impl.RoleInfo (RoleInfo.java:updateAndGet(143)) - 5c4ee31d-c5ed-4c65-a5df-da3e3cf53ac2: start FollowerState
2019-10-17 07:10:27,545 [decc5551-dd4b-40dc-8ff5-b6b450d67f6f@group-42ACBF6EBE4E-LeaderElection76] INFO  impl.LeaderElection (LeaderElection.java:askForVotes(178)) - decc5551-dd4b-40dc-8ff5-b6b450d67f6f@group-42ACBF6EBE4E-LeaderElection76: begin an election at term 37 for -1: [215fceca-0555-458b-bc4f-ba38ff24d5ba:192.168.157.211:43803, decc5551-dd4b-40dc-8ff5-b6b450d67f6f:192.168.157.211:34435, 0c631657-10a5-4e2a-a322-8fc6c651b2ed:192.168.157.211:41694], old=null
2019-10-17 07:10:27,547 [grpc-default-executor-9] INFO  impl.RaftServerImpl (RaftServerImpl.java:setRole(184)) - 0c631657-10a5-4e2a-a322-8fc6c651b2ed@group-42ACBF6EBE4E: changes role from  FOLLOWER to FOLLOWER at term 37 for recognizeCandidate:decc5551-dd4b-40dc-8ff5-b6b450d67f6f
2019-10-17 07:10:27,547 [grpc-default-executor-9] INFO  impl.RoleInfo (RoleInfo.java:shutdownFollowerState(121)) - 0c631657-10a5-4e2a-a322-8fc6c651b2ed: shutdown FollowerState
2019-10-17 07:10:27,547 [grpc-default-executor-3] INFO  impl.RaftServerImpl (RaftServerImpl.java:setRole(184)) - 215fceca-0555-458b-bc4f-ba38ff24d5ba@group-42ACBF6EBE4E: changes role from  FOLLOWER to FOLLOWER at term 37 for recognizeCandidate:decc5551-dd4b-40dc-8ff5-b6b450d67f6f
2019-10-17 07:10:27,547 [Thread-835] INFO  impl.FollowerState (FollowerState.java:run(117)) - 0c631657-10a5-4e2a-a322-8fc6c651b2ed@group-42ACBF6EBE4E-FollowerState was interrupted: java.lang.InterruptedException: sleep interrupted
2019-10-17 07:10:27,547 [grpc-default-executor-9] INFO  impl.RoleInfo (RoleInfo.java:updateAndGet(143)) - 0c631657-10a5-4e2a-a322-8fc6c651b2ed: start FollowerState
2019-10-17 07:10:27,547 [grpc-default-executor-3] INFO  impl.RoleInfo (RoleInfo.java:shutdownFollowerState(121)) - 215fceca-0555-458b-bc4f-ba38ff24d5ba: shutdown FollowerState
2019-10-17 07:10:27,548 [grpc-default-executor-3] INFO  impl.RoleInfo (RoleInfo.java:updateAndGet(143)) - 215fceca-0555-458b-bc4f-ba38ff24d5ba: start FollowerState
2019-10-17 07:10:27,548 [Thread-834] INFO  impl.FollowerState (FollowerState.java:run(117)) - 215fceca-0555-458b-bc4f-ba38ff24d5ba@group-42ACBF6EBE4E-FollowerState was interrupted: java.lang.InterruptedException: sleep interrupted
2019-10-17 07:10:27,561 [decc5551-dd4b-40dc-8ff5-b6b450d67f6f@group-42ACBF6EBE4E-LeaderElection76] INFO  impl.LeaderElection (LeaderElection.java:logAndReturn(56)) - decc5551-dd4b-40dc-8ff5-b6b450d67f6f@group-42ACBF6EBE4E-LeaderElection76: Election REJECTED; received 2 response(s) [decc5551-dd4b-40dc-8ff5-b6b450d67f6f<-215fceca-0555-458b-bc4f-ba38ff24d5ba#0:FAIL-t37, decc5551-dd4b-40dc-8ff5-b6b450d67f6f<-0c631657-10a5-4e2a-a322-8fc6c651b2ed#0:FAIL-t37] and 0 exception(s); decc5551-dd4b-40dc-8ff5-b6b450d67f6f@group-42ACBF6EBE4E:t37, leader=null, voted=decc5551-dd4b-40dc-8ff5-b6b450d67f6f, raftlog=decc5551-dd4b-40dc-8ff5-b6b450d67f6f@group-42ACBF6EBE4E-SegmentedRaftLog:OPENED:c-1,f-1,i0, conf=-1: [215fceca-0555-458b-bc4f-ba38ff24d5ba:192.168.157.211:43803, decc5551-dd4b-40dc-8ff5-b6b450d67f6f:192.168.157.211:34435, 0c631657-10a5-4e2a-a322-8fc6c651b2ed:192.168.157.211:41694], old=null
2019-10-17 07:10:27,561 [decc5551-dd4b-40dc-8ff5-b6b450d67f6f@group-42ACBF6EBE4E-LeaderElection76] INFO  impl.RaftServerImpl (RaftServerImpl.java:setRole(184)) - decc5551-dd4b-40dc-8ff5-b6b450d67f6f@group-42ACBF6EBE4E: changes role from CANDIDATE to FOLLOWER at term 37 for DISCOVERED_A_NEW_TERM
2019-10-17 07:10:27,562 [decc5551-dd4b-40dc-8ff5-b6b450d67f6f@group-42ACBF6EBE4E-LeaderElection76] INFO  impl.RoleInfo (RoleInfo.java:shutdownLeaderElection(134)) - decc5551-dd4b-40dc-8ff5-b6b450d67f6f: shutdown LeaderElection
2019-10-17 07:10:27,562 [decc5551-dd4b-40dc-8ff5-b6b450d67f6f@group-42ACBF6EBE4E-LeaderElection76] INFO  impl.RoleInfo (RoleInfo.java:updateAndGet(143)) - decc5551-dd4b-40dc-8ff5-b6b450d67f6f: start FollowerState
2019-10-17 07:10:27,607 [Thread-846] INFO  impl.FollowerState (FollowerState.java:run(108)) - 5c4ee31d-c5ed-4c65-a5df-da3e3cf53ac2@group-233C052D78D6-FollowerState: change to CANDIDATE, lastRpcTime:73ms, electionTimeout:73ms
2019-10-17 07:10:27,607 [Thread-846] INFO  impl.RoleInfo (RoleInfo.java:shutdownFollowerState(121)) - 5c4ee31d-c5ed-4c65-a5df-da3e3cf53ac2: shutdown FollowerState
2019-10-17 07:10:27,607 [Thread-846] INFO  impl.RaftServerImpl (RaftServerImpl.java:setRole(184)) - 5c4ee31d-c5ed-4c65-a5df-da3e3cf53ac2@group-233C052D78D6: changes role from  FOLLOWER to CANDIDATE at term 36 for changeToCandidate
2019-10-17 07:10:27,607 [Thread-846] INFO  impl.RoleInfo (RoleInfo.java:updateAndGet(143)) - 5c4ee31d-c5ed-4c65-a5df-da3e3cf53ac2: start LeaderElection
2019-10-17 07:10:27,622 [5c4ee31d-c5ed-4c65-a5df-da3e3cf53ac2@group-233C052D78D6-LeaderElection77] INFO  impl.LeaderElection (LeaderElection.java:askForVotes(178)) - 5c4ee31d-c5ed-4c65-a5df-da3e3cf53ac2@group-233C052D78D6-LeaderElection77: begin an election at term 37 for -1: [67ae3572-7d88-4e50-b53b-0f48f6748b38:192.168.157.211:41299, 831edaa1-80a5-4091-843f-90c648a5a79d:192.168.157.211:44365, 5c4ee31d-c5ed-4c65-a5df-da3e3cf53ac2:192.168.157.211:45059], old=null
2019-10-17 07:10:27,625 [grpc-default-executor-3] INFO  impl.RaftServerImpl (RaftServerImpl.java:setRole(184)) - 831edaa1-80a5-4091-843f-90c648a5a79d@group-233C052D78D6: changes role from  FOLLOWER to FOLLOWER at term 37 for recognizeCandidate:5c4ee31d-c5ed-4c65-a5df-da3e3cf53ac2
2019-10-17 07:10:27,625 [grpc-default-executor-9] INFO  impl.RaftServerImpl (RaftServerImpl.java:setRole(184)) - 67ae3572-7d88-4e50-b53b-0f48f6748b38@group-233C052D78D6: changes role from  FOLLOWER to FOLLOWER at term 37 for recognizeCandidate:5c4ee31d-c5ed-4c65-a5df-da3e3cf53ac2
2019-10-17 07:10:27,625 [grpc-default-executor-3] INFO  impl.RoleInfo (RoleInfo.java:shutdownFollowerState(121)) - 831edaa1-80a5-4091-843f-90c648a5a79d: shutdown FollowerState
2019-10-17 07:10:27,625 [grpc-default-executor-9] INFO  impl.RoleInfo (RoleInfo.java:shutdownFollowerState(121)) - 67ae3572-7d88-4e50-b53b-0f48f6748b38: shutdown FollowerState
2019-10-17 07:10:27,625 [grpc-default-executor-3] INFO  impl.RoleInfo (RoleInfo.java:updateAndGet(143)) - 831edaa1-80a5-4091-843f-90c648a5a79d: start FollowerState
2019-10-17 07:10:27,625 [Thread-844] INFO  impl.FollowerState (FollowerState.java:run(117)) - 831edaa1-80a5-4091-843f-90c648a5a79d@group-233C052D78D6-FollowerState was interrupted: java.lang.InterruptedException: sleep interrupted
2019-10-17 07:10:27,626 [Thread-843] INFO  impl.FollowerState (FollowerState.java:run(117)) - 67ae3572-7d88-4e50-b53b-0f48f6748b38@group-233C052D78D6-FollowerState was interrupted: java.lang.InterruptedException: sleep interrupted
2019-10-17 07:10:27,626 [grpc-default-executor-9] INFO  impl.RoleInfo (RoleInfo.java:updateAndGet(143)) - 67ae3572-7d88-4e50-b53b-0f48f6748b38: start FollowerState
2019-10-17 07:10:27,631 [5c4ee31d-c5ed-4c65-a5df-da3e3cf53ac2@group-233C052D78D6-LeaderElection77] INFO  impl.LeaderElection (LeaderElection.java:logAndReturn(56)) - 5c4ee31d-c5ed-4c65-a5df-da3e3cf53ac2@group-233C052D78D6-LeaderElection77: Election REJECTED; received 2 response(s) [5c4ee31d-c5ed-4c65-a5df-da3e3cf53ac2<-67ae3572-7d88-4e50-b53b-0f48f6748b38#0:FAIL-t37, 5c4ee31d-c5ed-4c65-a5df-da3e3cf53ac2<-831edaa1-80a5-4091-843f-90c648a5a79d#0:FAIL-t37] and 0 exception(s); 5c4ee31d-c5ed-4c65-a5df-da3e3cf53ac2@group-233C052D78D6:t37, leader=null, voted=5c4ee31d-c5ed-4c65-a5df-da3e3cf53ac2, raftlog=5c4ee31d-c5ed-4c65-a5df-da3e3cf53ac2@group-233C052D78D6-SegmentedRaftLog:OPENED:c-1,f-1,i0, conf=-1: [67ae3572-7d88-4e50-b53b-0f48f6748b38:192.168.157.211:41299, 831edaa1-80a5-4091-843f-90c648a5a79d:192.168.157.211:44365, 5c4ee31d-c5ed-4c65-a5df-da3e3cf53ac2:192.168.157.211:45059], old=null
2019-10-17 07:10:27,631 [5c4ee31d-c5ed-4c65-a5df-da3e3cf53ac2@group-233C052D78D6-LeaderElection77] INFO  impl.RaftServerImpl (RaftServerImpl.java:setRole(184)) - 5c4ee31d-c5ed-4c65-a5df-da3e3cf53ac2@group-233C052D78D6: changes role from CANDIDATE to FOLLOWER at term 37 for DISCOVERED_A_NEW_TERM
2019-10-17 07:10:27,631 [5c4ee31d-c5ed-4c65-a5df-da3e3cf53ac2@group-233C052D78D6-LeaderElection77] INFO  impl.RoleInfo (RoleInfo.java:shutdownLeaderElection(134)) - 5c4ee31d-c5ed-4c65-a5df-da3e3cf53ac2: shutdown LeaderElection
2019-10-17 07:10:27,631 [5c4ee31d-c5ed-4c65-a5df-da3e3cf53ac2@group-233C052D78D6-LeaderElection77] INFO  impl.RoleInfo (RoleInfo.java:updateAndGet(143)) - 5c4ee31d-c5ed-4c65-a5df-da3e3cf53ac2: start FollowerState
2019-10-17 07:10:27,716 [Thread-851] INFO  impl.FollowerState (FollowerState.java:run(108)) - decc5551-dd4b-40dc-8ff5-b6b450d67f6f@group-42ACBF6EBE4E-FollowerState: change to CANDIDATE, lastRpcTime:154ms, electionTimeout:154ms
2019-10-17 07:10:27,716 [Thread-851] INFO  impl.RoleInfo (RoleInfo.java:shutdownFollowerState(121)) - decc5551-dd4b-40dc-8ff5-b6b450d67f6f: shutdown FollowerState
2019-10-17 07:10:27,716 [Thread-851] INFO  impl.RaftServerImpl (RaftServerImpl.java:setRole(184)) - decc5551-dd4b-40dc-8ff5-b6b450d67f6f@group-42ACBF6EBE4E: changes role from  FOLLOWER to CANDIDATE at term 37 for changeToCandidate
2019-10-17 07:10:27,716 [Thread-851] INFO  impl.RoleInfo (RoleInfo.java:updateAndGet(143)) - decc5551-dd4b-40dc-8ff5-b6b450d67f6f: start LeaderElection
2019-10-17 07:10:27,741 [decc5551-dd4b-40dc-8ff5-b6b450d67f6f@group-42ACBF6EBE4E-LeaderElection78] INFO  impl.LeaderElection (LeaderElection.java:askForVotes(178)) - decc5551-dd4b-40dc-8ff5-b6b450d67f6f@group-42ACBF6EBE4E-LeaderElection78: begin an election at term 38 for -1: [215fceca-0555-458b-bc4f-ba38ff24d5ba:192.168.157.211:43803, decc5551-dd4b-40dc-8ff5-b6b450d67f6f:192.168.157.211:34435, 0c631657-10a5-4e2a-a322-8fc6c651b2ed:192.168.157.211:41694], old=null
2019-10-17 07:10:27,743 [grpc-default-executor-9] INFO  impl.RaftServerImpl (RaftServerImpl.java:setRole(184)) - 0c631657-10a5-4e2a-a322-8fc6c651b2ed@group-42ACBF6EBE4E: changes role from  FOLLOWER to FOLLOWER at term 38 for recognizeCandidate:decc5551-dd4b-40dc-8ff5-b6b450d67f6f
2019-10-17 07:10:27,743 [grpc-default-executor-3] INFO  impl.RaftServerImpl (RaftServerImpl.java:setRole(184)) - 215fceca-0555-458b-bc4f-ba38ff24d5ba@group-42ACBF6EBE4E: changes role from  FOLLOWER to FOLLOWER at term 38 for recognizeCandidate:decc5551-dd4b-40dc-8ff5-b6b450d67f6f
2019-10-17 07:10:27,743 [grpc-default-executor-9] INFO  impl.RoleInfo (RoleInfo.java:shutdownFollowerState(121)) - 0c631657-10a5-4e2a-a322-8fc6c651b2ed: shutdown FollowerState
2019-10-17 07:10:27,743 [grpc-default-executor-3] INFO  impl.RoleInfo (RoleInfo.java:shutdownFollowerState(121)) - 215fceca-0555-458b-bc4f-ba38ff24d5ba: shutdown FollowerState
2019-10-17 07:10:27,744 [Thread-849] INFO  impl.FollowerState (FollowerState.java:run(117)) - 0c631657-10a5-4e2a-a322-8fc6c651b2ed@group-42ACBF6EBE4E-FollowerState was interrupted: java.lang.InterruptedException: sleep interrupted
2019-10-17 07:10:27,744 [Thread-850] INFO  impl.FollowerState (FollowerState.java:run(117)) - 215fceca-0555-458b-bc4f-ba38ff24d5ba@group-42ACBF6EBE4E-FollowerState was interrupted: java.lang.InterruptedException: sleep interrupted
2019-10-17 07:10:27,744 [grpc-default-executor-9] INFO  impl.RoleInfo (RoleInfo.java:updateAndGet(143)) - 0c631657-10a5-4e2a-a322-8fc6c651b2ed: start FollowerState
2019-10-17 07:10:27,744 [grpc-default-executor-3] INFO  impl.RoleInfo (RoleInfo.java:updateAndGet(143)) - 215fceca-0555-458b-bc4f-ba38ff24d5ba: start FollowerState
2019-10-17 07:10:27,760 [decc5551-dd4b-40dc-8ff5-b6b450d67f6f@group-42ACBF6EBE4E-LeaderElection78] INFO  impl.LeaderElection (LeaderElection.java:logAndReturn(56)) - decc5551-dd4b-40dc-8ff5-b6b450d67f6f@group-42ACBF6EBE4E-LeaderElection78: Election REJECTED; received 2 response(s) [decc5551-dd4b-40dc-8ff5-b6b450d67f6f<-215fceca-0555-458b-bc4f-ba38ff24d5ba#0:FAIL-t38, decc5551-dd4b-40dc-8ff5-b6b450d67f6f<-0c631657-10a5-4e2a-a322-8fc6c651b2ed#0:FAIL-t38] and 0 exception(s); decc5551-dd4b-40dc-8ff5-b6b450d67f6f@group-42ACBF6EBE4E:t38, leader=null, voted=decc5551-dd4b-40dc-8ff5-b6b450d67f6f, raftlog=decc5551-dd4b-40dc-8ff5-b6b450d67f6f@group-42ACBF6EBE4E-SegmentedRaftLog:OPENED:c-1,f-1,i0, conf=-1: [215fceca-0555-458b-bc4f-ba38ff24d5ba:192.168.157.211:43803, decc5551-dd4b-40dc-8ff5-b6b450d67f6f:192.168.157.211:34435, 0c631657-10a5-4e2a-a322-8fc6c651b2ed:192.168.157.211:41694], old=null
2019-10-17 07:10:27,760 [decc5551-dd4b-40dc-8ff5-b6b450d67f6f@group-42ACBF6EBE4E-LeaderElection78] INFO  impl.RaftServerImpl (RaftServerImpl.java:setRole(184)) - decc5551-dd4b-40dc-8ff5-b6b450d67f6f@group-42ACBF6EBE4E: changes role from CANDIDATE to FOLLOWER at term 38 for DISCOVERED_A_NEW_TERM
2019-10-17 07:10:27,760 [decc5551-dd4b-40dc-8ff5-b6b450d67f6f@group-42ACBF6EBE4E-LeaderElection78] INFO  impl.RoleInfo (RoleInfo.java:shutdownLeaderElection(134)) - decc5551-dd4b-40dc-8ff5-b6b450d67f6f: shutdown LeaderElection
2019-10-17 07:10:27,760 [decc5551-dd4b-40dc-8ff5-b6b450d67f6f@group-42ACBF6EBE4E-LeaderElection78] INFO  impl.RoleInfo (RoleInfo.java:updateAndGet(143)) - decc5551-dd4b-40dc-8ff5-b6b450d67f6f: start FollowerState
2019-10-17 07:10:27,780 [Thread-863] INFO  impl.FollowerState (FollowerState.java:run(108)) - decc5551-dd4b-40dc-8ff5-b6b450d67f6f@group-42ACBF6EBE4E-FollowerState: change to CANDIDATE, lastRpcTime:19ms, electionTimeout:19ms
2019-10-17 07:10:27,780 [Thread-863] INFO  impl.RoleInfo (RoleInfo.java:shutdownFollowerState(121)) - decc5551-dd4b-40dc-8ff5-b6b450d67f6f: shutdown FollowerState
2019-10-17 07:10:27,780 [Thread-863] INFO  impl.RaftServerImpl (RaftServerImpl.java:setRole(184)) - decc5551-dd4b-40dc-8ff5-b6b450d67f6f@group-42ACBF6EBE4E: changes role from  FOLLOWER to CANDIDATE at term 38 for changeToCandidate
2019-10-17 07:10:27,780 [Thread-863] INFO  impl.RoleInfo (RoleInfo.java:updateAndGet(143)) - decc5551-dd4b-40dc-8ff5-b6b450d67f6f: start LeaderElection
2019-10-17 07:10:27,793 [decc5551-dd4b-40dc-8ff5-b6b450d67f6f@group-42ACBF6EBE4E-LeaderElection79] INFO  impl.LeaderElection (LeaderElection.java:askForVotes(178)) - decc5551-dd4b-40dc-8ff5-b6b450d67f6f@group-42ACBF6EBE4E-LeaderElection79: begin an election at term 39 for -1: [215fceca-0555-458b-bc4f-ba38ff24d5ba:192.168.157.211:43803, decc5551-dd4b-40dc-8ff5-b6b450d67f6f:192.168.157.211:34435, 0c631657-10a5-4e2a-a322-8fc6c651b2ed:192.168.157.211:41694], old=null
2019-10-17 07:10:27,796 [grpc-default-executor-3] INFO  impl.RaftServerImpl (RaftServerImpl.java:setRole(184)) - 215fceca-0555-458b-bc4f-ba38ff24d5ba@group-42ACBF6EBE4E: changes role from  FOLLOWER to FOLLOWER at term 39 for recognizeCandidate:decc5551-dd4b-40dc-8ff5-b6b450d67f6f
2019-10-17 07:10:27,796 [grpc-default-executor-9] INFO  impl.RaftServerImpl (RaftServerImpl.java:setRole(184)) - 0c631657-10a5-4e2a-a322-8fc6c651b2ed@group-42ACBF6EBE4E: changes role from  FOLLOWER to FOLLOWER at term 39 for recognizeCandidate:decc5551-dd4b-40dc-8ff5-b6b450d67f6f
2019-10-17 07:10:27,796 [grpc-default-executor-3] INFO  impl.RoleInfo (RoleInfo.java:shutdownFollowerState(121)) - 215fceca-0555-458b-bc4f-ba38ff24d5ba: shutdown FollowerState
2019-10-17 07:10:27,796 [grpc-default-executor-9] INFO  impl.RoleInfo (RoleInfo.java:shutdownFollowerState(121)) - 0c631657-10a5-4e2a-a322-8fc6c651b2ed: shutdown FollowerState
2019-10-17 07:10:27,796 [Thread-862] INFO  impl.FollowerState (FollowerState.java:run(117)) - 215fceca-0555-458b-bc4f-ba38ff24d5ba@group-42ACBF6EBE4E-FollowerState was interrupted: java.lang.InterruptedException: sleep interrupted
2019-10-17 07:10:27,796 [Thread-861] INFO  impl.FollowerState (FollowerState.java:run(117)) - 0c631657-10a5-4e2a-a322-8fc6c651b2ed@group-42ACBF6EBE4E-FollowerState was interrupted: java.lang.InterruptedException: sleep interrupted
2019-10-17 07:10:27,796 [grpc-default-executor-3] INFO  impl.RoleInfo (RoleInfo.java:updateAndGet(143)) - 215fceca-0555-458b-bc4f-ba38ff24d5ba: start FollowerState
2019-10-17 07:10:27,796 [grpc-default-executor-9] INFO  impl.RoleInfo (RoleInfo.java:updateAndGet(143)) - 0c631657-10a5-4e2a-a322-8fc6c651b2ed: start FollowerState
2019-10-17 07:10:27,806 [Thread-857] INFO  impl.FollowerState (FollowerState.java:run(108)) - 5c4ee31d-c5ed-4c65-a5df-da3e3cf53ac2@group-233C052D78D6-FollowerState: change to CANDIDATE, lastRpcTime:174ms, electionTimeout:174ms
2019-10-17 07:10:27,806 [Thread-857] INFO  impl.RoleInfo (RoleInfo.java:shutdownFollowerState(121)) - 5c4ee31d-c5ed-4c65-a5df-da3e3cf53ac2: shutdown FollowerState
2019-10-17 07:10:27,806 [Thread-857] INFO  impl.RaftServerImpl (RaftServerImpl.java:setRole(184)) - 5c4ee31d-c5ed-4c65-a5df-da3e3cf53ac2@group-233C052D78D6: changes role from  FOLLOWER to CANDIDATE at term 37 for changeToCandidate
2019-10-17 07:10:27,806 [Thread-857] INFO  impl.RoleInfo (RoleInfo.java:updateAndGet(143)) - 5c4ee31d-c5ed-4c65-a5df-da3e3cf53ac2: start LeaderElection
2019-10-17 07:10:27,811 [5c4ee31d-c5ed-4c65-a5df-da3e3cf53ac2@group-233C052D78D6-LeaderElection80] INFO  impl.LeaderElection (LeaderElection.java:askForVotes(178)) - 5c4ee31d-c5ed-4c65-a5df-da3e3cf53ac2@group-233C052D78D6-LeaderElection80: begin an election at term 38 for -1: [67ae3572-7d88-4e50-b53b-0f48f6748b38:192.168.157.211:41299, 831edaa1-80a5-4091-843f-90c648a5a79d:192.168.157.211:44365, 5c4ee31d-c5ed-4c65-a5df-da3e3cf53ac2:192.168.157.211:45059], old=null
2019-10-17 07:10:27,812 [decc5551-dd4b-40dc-8ff5-b6b450d67f6f@group-42ACBF6EBE4E-LeaderElection79] INFO  impl.LeaderElection (LeaderElection.java:logAndReturn(56)) - decc5551-dd4b-40dc-8ff5-b6b450d67f6f@group-42ACBF6EBE4E-LeaderElection79: Election REJECTED; received 2 response(s) [decc5551-dd4b-40dc-8ff5-b6b450d67f6f<-215fceca-0555-458b-bc4f-ba38ff24d5ba#0:FAIL-t39, decc5551-dd4b-40dc-8ff5-b6b450d67f6f<-0c631657-10a5-4e2a-a322-8fc6c651b2ed#0:FAIL-t39] and 0 exception(s); decc5551-dd4b-40dc-8ff5-b6b450d67f6f@group-42ACBF6EBE4E:t39, leader=null, voted=decc5551-dd4b-40dc-8ff5-b6b450d67f6f, raftlog=decc5551-dd4b-40dc-8ff5-b6b450d67f6f@group-42ACBF6EBE4E-SegmentedRaftLog:OPENED:c-1,f-1,i0, conf=-1: [215fceca-0555-458b-bc4f-ba38ff24d5ba:192.168.157.211:43803, decc5551-dd4b-40dc-8ff5-b6b450d67f6f:192.168.157.211:34435, 0c631657-10a5-4e2a-a322-8fc6c651b2ed:192.168.157.211:41694], old=null
2019-10-17 07:10:27,813 [decc5551-dd4b-40dc-8ff5-b6b450d67f6f@group-42ACBF6EBE4E-LeaderElection79] INFO  impl.RaftServerImpl (RaftServerImpl.java:setRole(184)) - decc5551-dd4b-40dc-8ff5-b6b450d67f6f@group-42ACBF6EBE4E: changes role from CANDIDATE to FOLLOWER at term 39 for DISCOVERED_A_NEW_TERM
2019-10-17 07:10:27,813 [decc5551-dd4b-40dc-8ff5-b6b450d67f6f@group-42ACBF6EBE4E-LeaderElection79] INFO  impl.RoleInfo (RoleInfo.java:shutdownLeaderElection(134)) - decc5551-dd4b-40dc-8ff5-b6b450d67f6f: shutdown LeaderElection
2019-10-17 07:10:27,813 [decc5551-dd4b-40dc-8ff5-b6b450d67f6f@group-42ACBF6EBE4E-LeaderElection79] INFO  impl.RoleInfo (RoleInfo.java:updateAndGet(143)) - decc5551-dd4b-40dc-8ff5-b6b450d67f6f: start FollowerState
2019-10-17 07:10:27,813 [grpc-default-executor-3] INFO  impl.RaftServerImpl (RaftServerImpl.java:setRole(184)) - 67ae3572-7d88-4e50-b53b-0f48f6748b38@group-233C052D78D6: changes role from  FOLLOWER to FOLLOWER at term 38 for recognizeCandidate:5c4ee31d-c5ed-4c65-a5df-da3e3cf53ac2
2019-10-17 07:10:27,813 [grpc-default-executor-9] INFO  impl.RaftServerImpl (RaftServerImpl.java:setRole(184)) - 831edaa1-80a5-4091-843f-90c648a5a79d@group-233C052D78D6: changes role from  FOLLOWER to FOLLOWER at term 38 for recognizeCandidate:5c4ee31d-c5ed-4c65-a5df-da3e3cf53ac2
2019-10-17 07:10:27,813 [grpc-default-executor-3] INFO  impl.RoleInfo (RoleInfo.java:shutdownFollowerState(121)) - 67ae3572-7d88-4e50-b53b-0f48f6748b38: shutdown FollowerState
2019-10-17 07:10:27,814 [grpc-default-executor-9] INFO  impl.RoleInfo (RoleInfo.java:shutdownFollowerState(121)) - 831edaa1-80a5-4091-843f-90c648a5a79d: shutdown FollowerState
2019-10-17 07:10:27,814 [Thread-856] INFO  impl.FollowerState (FollowerState.java:run(117)) - 67ae3572-7d88-4e50-b53b-0f48f6748b38@group-233C052D78D6-FollowerState was interrupted: java.lang.InterruptedException: sleep interrupted
2019-10-17 07:10:27,814 [grpc-default-executor-3] INFO  impl.RoleInfo (RoleInfo.java:updateAndGet(143)) - 67ae3572-7d88-4e50-b53b-0f48f6748b38: start FollowerState
2019-10-17 07:10:27,814 [Thread-855] INFO  impl.FollowerState (FollowerState.java:run(117)) - 831edaa1-80a5-4091-843f-90c648a5a79d@group-233C052D78D6-FollowerState was interrupted: java.lang.InterruptedException: sleep interrupted
2019-10-17 07:10:27,814 [grpc-default-executor-9] INFO  impl.RoleInfo (RoleInfo.java:updateAndGet(143)) - 831edaa1-80a5-4091-843f-90c648a5a79d: start FollowerState
2019-10-17 07:10:27,829 [5c4ee31d-c5ed-4c65-a5df-da3e3cf53ac2@group-233C052D78D6-LeaderElection80] INFO  impl.LeaderElection (LeaderElection.java:logAndReturn(56)) - 5c4ee31d-c5ed-4c65-a5df-da3e3cf53ac2@group-233C052D78D6-LeaderElection80: Election REJECTED; received 2 response(s) [5c4ee31d-c5ed-4c65-a5df-da3e3cf53ac2<-67ae3572-7d88-4e50-b53b-0f48f6748b38#0:FAIL-t38, 5c4ee31d-c5ed-4c65-a5df-da3e3cf53ac2<-831edaa1-80a5-4091-843f-90c648a5a79d#0:FAIL-t38] and 0 exception(s); 5c4ee31d-c5ed-4c65-a5df-da3e3cf53ac2@group-233C052D78D6:t38, leader=null, voted=5c4ee31d-c5ed-4c65-a5df-da3e3cf53ac2, raftlog=5c4ee31d-c5ed-4c65-a5df-da3e3cf53ac2@group-233C052D78D6-SegmentedRaftLog:OPENED:c-1,f-1,i0, conf=-1: [67ae3572-7d88-4e50-b53b-0f48f6748b38:192.168.157.211:41299, 831edaa1-80a5-4091-843f-90c648a5a79d:192.168.157.211:44365, 5c4ee31d-c5ed-4c65-a5df-da3e3cf53ac2:192.168.157.211:45059], old=null
2019-10-17 07:10:27,829 [5c4ee31d-c5ed-4c65-a5df-da3e3cf53ac2@group-233C052D78D6-LeaderElection80] INFO  impl.RaftServerImpl (RaftServerImpl.java:setRole(184)) - 5c4ee31d-c5ed-4c65-a5df-da3e3cf53ac2@group-233C052D78D6: changes role from CANDIDATE to FOLLOWER at term 38 for DISCOVERED_A_NEW_TERM
2019-10-17 07:10:27,829 [5c4ee31d-c5ed-4c65-a5df-da3e3cf53ac2@group-233C052D78D6-LeaderElection80] INFO  impl.RoleInfo (RoleInfo.java:shutdownLeaderElection(134)) - 5c4ee31d-c5ed-4c65-a5df-da3e3cf53ac2: shutdown LeaderElection
2019-10-17 07:10:27,830 [5c4ee31d-c5ed-4c65-a5df-da3e3cf53ac2@group-233C052D78D6-LeaderElection80] INFO  impl.RoleInfo (RoleInfo.java:updateAndGet(143)) - 5c4ee31d-c5ed-4c65-a5df-da3e3cf53ac2: start FollowerState
2019-10-17 07:10:27,880 [Thread-872] INFO  impl.FollowerState (FollowerState.java:run(108)) - decc5551-dd4b-40dc-8ff5-b6b450d67f6f@group-42ACBF6EBE4E-FollowerState: change to CANDIDATE, lastRpcTime:67ms, electionTimeout:67ms
2019-10-17 07:10:27,881 [Thread-872] INFO  impl.RoleInfo (RoleInfo.java:shutdownFollowerState(121)) - decc5551-dd4b-40dc-8ff5-b6b450d67f6f: shutdown FollowerState
2019-10-17 07:10:27,881 [Thread-872] INFO  impl.RaftServerImpl (RaftServerImpl.java:setRole(184)) - decc5551-dd4b-40dc-8ff5-b6b450d67f6f@group-42ACBF6EBE4E: changes role from  FOLLOWER to CANDIDATE at term 39 for changeToCandidate
2019-10-17 07:10:27,881 [Thread-872] INFO  impl.RoleInfo (RoleInfo.java:updateAndGet(143)) - decc5551-dd4b-40dc-8ff5-b6b450d67f6f: start LeaderElection
2019-10-17 07:10:27,894 [decc5551-dd4b-40dc-8ff5-b6b450d67f6f@group-42ACBF6EBE4E-LeaderElection81] INFO  impl.LeaderElection (LeaderElection.java:askForVotes(178)) - decc5551-dd4b-40dc-8ff5-b6b450d67f6f@group-42ACBF6EBE4E-LeaderElection81: begin an election at term 40 for -1: [215fceca-0555-458b-bc4f-ba38ff24d5ba:192.168.157.211:43803, decc5551-dd4b-40dc-8ff5-b6b450d67f6f:192.168.157.211:34435, 0c631657-10a5-4e2a-a322-8fc6c651b2ed:192.168.157.211:41694], old=null
2019-10-17 07:10:27,896 [decc5551-dd4b-40dc-8ff5-b6b450d67f6f@group-42ACBF6EBE4E-LeaderElection81] INFO  impl.LeaderElection (LeaderElection.java:logAndReturn(56)) - decc5551-dd4b-40dc-8ff5-b6b450d67f6f@group-42ACBF6EBE4E-LeaderElection81: Election TIMEOUT; received 0 response(s) [] and 0 exception(s); decc5551-dd4b-40dc-8ff5-b6b450d67f6f@group-42ACBF6EBE4E:t40, leader=null, voted=decc5551-dd4b-40dc-8ff5-b6b450d67f6f, raftlog=decc5551-dd4b-40dc-8ff5-b6b450d67f6f@group-42ACBF6EBE4E-SegmentedRaftLog:OPENED:c-1,f-1,i0, conf=-1: [215fceca-0555-458b-bc4f-ba38ff24d5ba:192.168.157.211:43803, decc5551-dd4b-40dc-8ff5-b6b450d67f6f:192.168.157.211:34435, 0c631657-10a5-4e2a-a322-8fc6c651b2ed:192.168.157.211:41694], old=null
2019-10-17 07:10:27,897 [grpc-default-executor-9] INFO  impl.RaftServerImpl (RaftServerImpl.java:setRole(184)) - 215fceca-0555-458b-bc4f-ba38ff24d5ba@group-42ACBF6EBE4E: changes role from  FOLLOWER to FOLLOWER at term 40 for recognizeCandidate:decc5551-dd4b-40dc-8ff5-b6b450d67f6f
2019-10-17 07:10:27,897 [grpc-default-executor-3] INFO  impl.RaftServerImpl (RaftServerImpl.java:setRole(184)) - 0c631657-10a5-4e2a-a322-8fc6c651b2ed@group-42ACBF6EBE4E: changes role from  FOLLOWER to FOLLOWER at term 40 for recognizeCandidate:decc5551-dd4b-40dc-8ff5-b6b450d67f6f
2019-10-17 07:10:27,897 [grpc-default-executor-9] INFO  impl.RoleInfo (RoleInfo.java:shutdownFollowerState(121)) - 215fceca-0555-458b-bc4f-ba38ff24d5ba: shutdown FollowerState
2019-10-17 07:10:27,897 [grpc-default-executor-3] INFO  impl.RoleInfo (RoleInfo.java:shutdownFollowerState(121)) - 0c631657-10a5-4e2a-a322-8fc6c651b2ed: shutdown FollowerState
2019-10-17 07:10:27,897 [Thread-867] INFO  impl.FollowerState (FollowerState.java:run(117)) - 215fceca-0555-458b-bc4f-ba38ff24d5ba@group-42ACBF6EBE4E-FollowerState was interrupted: java.lang.InterruptedException: sleep interrupted
2019-10-17 07:10:27,897 [grpc-default-executor-9] INFO  impl.RoleInfo (RoleInfo.java:updateAndGet(143)) - 215fceca-0555-458b-bc4f-ba38ff24d5ba: start FollowerState
2019-10-17 07:10:27,898 [Thread-868] INFO  impl.FollowerState (FollowerState.java:run(117)) - 0c631657-10a5-4e2a-a322-8fc6c651b2ed@group-42ACBF6EBE4E-FollowerState was interrupted: java.lang.InterruptedException: sleep interrupted
2019-10-17 07:10:27,897 [grpc-default-executor-3] INFO  impl.RoleInfo (RoleInfo.java:updateAndGet(143)) - 0c631657-10a5-4e2a-a322-8fc6c651b2ed: start FollowerState
2019-10-17 07:10:27,903 [decc5551-dd4b-40dc-8ff5-b6b450d67f6f@group-42ACBF6EBE4E-LeaderElection81] INFO  impl.LeaderElection (LeaderElection.java:askForVotes(178)) - decc5551-dd4b-40dc-8ff5-b6b450d67f6f@group-42ACBF6EBE4E-LeaderElection81: begin an election at term 41 for -1: [215fceca-0555-458b-bc4f-ba38ff24d5ba:192.168.157.211:43803, decc5551-dd4b-40dc-8ff5-b6b450d67f6f:192.168.157.211:34435, 0c631657-10a5-4e2a-a322-8fc6c651b2ed:192.168.157.211:41694], old=null
2019-10-17 07:10:27,906 [grpc-default-executor-3] INFO  impl.RaftServerImpl (RaftServerImpl.java:setRole(184)) - 0c631657-10a5-4e2a-a322-8fc6c651b2ed@group-42ACBF6EBE4E: changes role from  FOLLOWER to FOLLOWER at term 41 for recognizeCandidate:decc5551-dd4b-40dc-8ff5-b6b450d67f6f
2019-10-17 07:10:27,906 [grpc-default-executor-9] INFO  impl.RaftServerImpl (RaftServerImpl.java:setRole(184)) - 215fceca-0555-458b-bc4f-ba38ff24d5ba@group-42ACBF6EBE4E: changes role from  FOLLOWER to FOLLOWER at term 41 for recognizeCandidate:decc5551-dd4b-40dc-8ff5-b6b450d67f6f
2019-10-17 07:10:27,906 [grpc-default-executor-3] INFO  impl.RoleInfo (RoleInfo.java:shutdownFollowerState(121)) - 0c631657-10a5-4e2a-a322-8fc6c651b2ed: shutdown FollowerState
2019-10-17 07:10:27,906 [grpc-default-executor-9] INFO  impl.RoleInfo (RoleInfo.java:shutdownFollowerState(121)) - 215fceca-0555-458b-bc4f-ba38ff24d5ba: shutdown FollowerState
2019-10-17 07:10:27,906 [Thread-880] INFO  impl.FollowerState (FollowerState.java:run(117)) - 0c631657-10a5-4e2a-a322-8fc6c651b2ed@group-42ACBF6EBE4E-FollowerState was interrupted: java.lang.InterruptedException: sleep interrupted
2019-10-17 07:10:27,906 [grpc-default-executor-3] INFO  impl.RoleInfo (RoleInfo.java:updateAndGet(143)) - 0c631657-10a5-4e2a-a322-8fc6c651b2ed: start FollowerState
2019-10-17 07:10:27,906 [Thread-879] INFO  impl.FollowerState (FollowerState.java:run(117)) - 215fceca-0555-458b-bc4f-ba38ff24d5ba@group-42ACBF6EBE4E-FollowerState was interrupted: java.lang.InterruptedException: sleep interrupted
2019-10-17 07:10:27,906 [grpc-default-executor-9] INFO  impl.RoleInfo (RoleInfo.java:updateAndGet(143)) - 215fceca-0555-458b-bc4f-ba38ff24d5ba: start FollowerState
2019-10-17 07:10:27,913 [decc5551-dd4b-40dc-8ff5-b6b450d67f6f@group-42ACBF6EBE4E-LeaderElection81] INFO  impl.LeaderElection (LeaderElection.java:logAndReturn(56)) - decc5551-dd4b-40dc-8ff5-b6b450d67f6f@group-42ACBF6EBE4E-LeaderElection81: Election REJECTED; received 2 response(s) [decc5551-dd4b-40dc-8ff5-b6b450d67f6f<-215fceca-0555-458b-bc4f-ba38ff24d5ba#0:FAIL-t41, decc5551-dd4b-40dc-8ff5-b6b450d67f6f<-0c631657-10a5-4e2a-a322-8fc6c651b2ed#0:FAIL-t41] and 0 exception(s); decc5551-dd4b-40dc-8ff5-b6b450d67f6f@group-42ACBF6EBE4E:t41, leader=null, voted=decc5551-dd4b-40dc-8ff5-b6b450d67f6f, raftlog=decc5551-dd4b-40dc-8ff5-b6b450d67f6f@group-42ACBF6EBE4E-SegmentedRaftLog:OPENED:c-1,f-1,i0, conf=-1: [215fceca-0555-458b-bc4f-ba38ff24d5ba:192.168.157.211:43803, decc5551-dd4b-40dc-8ff5-b6b450d67f6f:192.168.157.211:34435, 0c631657-10a5-4e2a-a322-8fc6c651b2ed:192.168.157.211:41694], old=null
2019-10-17 07:10:27,913 [decc5551-dd4b-40dc-8ff5-b6b450d67f6f@group-42ACBF6EBE4E-LeaderElection81] INFO  impl.RaftServerImpl (RaftServerImpl.java:setRole(184)) - decc5551-dd4b-40dc-8ff5-b6b450d67f6f@group-42ACBF6EBE4E: changes role from CANDIDATE to FOLLOWER at term 41 for DISCOVERED_A_NEW_TERM
2019-10-17 07:10:27,913 [decc5551-dd4b-40dc-8ff5-b6b450d67f6f@group-42ACBF6EBE4E-LeaderElection81] INFO  impl.RoleInfo (RoleInfo.java:shutdownLeaderElection(134)) - decc5551-dd4b-40dc-8ff5-b6b450d67f6f: shutdown LeaderElection
2019-10-17 07:10:27,913 [decc5551-dd4b-40dc-8ff5-b6b450d67f6f@group-42ACBF6EBE4E-LeaderElection81] INFO  impl.RoleInfo (RoleInfo.java:updateAndGet(143)) - decc5551-dd4b-40dc-8ff5-b6b450d67f6f: start FollowerState
2019-10-17 07:10:28,023 [Thread-875] INFO  impl.FollowerState (FollowerState.java:run(108)) - 5c4ee31d-c5ed-4c65-a5df-da3e3cf53ac2@group-233C052D78D6-FollowerState: change to CANDIDATE, lastRpcTime:193ms, electionTimeout:193ms
2019-10-17 07:10:28,023 [Thread-875] INFO  impl.RoleInfo (RoleInfo.java:shutdownFollowerState(121)) - 5c4ee31d-c5ed-4c65-a5df-da3e3cf53ac2: shutdown FollowerState
2019-10-17 07:10:28,023 [Thread-875] INFO  impl.RaftServerImpl (RaftServerImpl.java:setRole(184)) - 5c4ee31d-c5ed-4c65-a5df-da3e3cf53ac2@group-233C052D78D6: changes role from  FOLLOWER to CANDIDATE at term 38 for changeToCandidate
2019-10-17 07:10:28,024 [Thread-875] INFO  impl.RoleInfo (RoleInfo.java:updateAndGet(143)) - 5c4ee31d-c5ed-4c65-a5df-da3e3cf53ac2: start LeaderElection
2019-10-17 07:10:28,026 [Thread-885] INFO  impl.FollowerState (FollowerState.java:run(108)) - decc5551-dd4b-40dc-8ff5-b6b450d67f6f@group-42ACBF6EBE4E-FollowerState: change to CANDIDATE, lastRpcTime:112ms, electionTimeout:112ms
2019-10-17 07:10:28,026 [Thread-885] INFO  impl.RoleInfo (RoleInfo.java:shutdownFollowerState(121)) - decc5551-dd4b-40dc-8ff5-b6b450d67f6f: shutdown FollowerState
2019-10-17 07:10:28,026 [Thread-885] INFO  impl.RaftServerImpl (RaftServerImpl.java:setRole(184)) - decc5551-dd4b-40dc-8ff5-b6b450d67f6f@group-42ACBF6EBE4E: changes role from  FOLLOWER to CANDIDATE at term 41 for changeToCandidate
2019-10-17 07:10:28,026 [Thread-885] INFO  impl.RoleInfo (RoleInfo.java:updateAndGet(143)) - decc5551-dd4b-40dc-8ff5-b6b450d67f6f: start LeaderElection
2019-10-17 07:10:28,039 [decc5551-dd4b-40dc-8ff5-b6b450d67f6f@group-42ACBF6EBE4E-LeaderElection83] INFO  impl.LeaderElection (LeaderElection.java:askForVotes(178)) - decc5551-dd4b-40dc-8ff5-b6b450d67f6f@group-42ACBF6EBE4E-LeaderElection83: begin an election at term 42 for -1: [215fceca-0555-458b-bc4f-ba38ff24d5ba:192.168.157.211:43803, decc5551-dd4b-40dc-8ff5-b6b450d67f6f:192.168.157.211:34435, 0c631657-10a5-4e2a-a322-8fc6c651b2ed:192.168.157.211:41694], old=null
2019-10-17 07:10:28,039 [5c4ee31d-c5ed-4c65-a5df-da3e3cf53ac2@group-233C052D78D6-LeaderElection82] INFO  impl.LeaderElection (LeaderElection.java:askForVotes(178)) - 5c4ee31d-c5ed-4c65-a5df-da3e3cf53ac2@group-233C052D78D6-LeaderElection82: begin an election at term 39 for -1: [67ae3572-7d88-4e50-b53b-0f48f6748b38:192.168.157.211:41299, 831edaa1-80a5-4091-843f-90c648a5a79d:192.168.157.211:44365, 5c4ee31d-c5ed-4c65-a5df-da3e3cf53ac2:192.168.157.211:45059], old=null
2019-10-17 07:10:28,042 [grpc-default-executor-9] INFO  impl.RaftServerImpl (RaftServerImpl.java:setRole(184)) - 67ae3572-7d88-4e50-b53b-0f48f6748b38@group-233C052D78D6: changes role from  FOLLOWER to FOLLOWER at term 39 for recognizeCandidate:5c4ee31d-c5ed-4c65-a5df-da3e3cf53ac2
2019-10-17 07:10:28,042 [grpc-default-executor-3] INFO  impl.RaftServerImpl (RaftServerImpl.java:setRole(184)) - 831edaa1-80a5-4091-843f-90c648a5a79d@group-233C052D78D6: changes role from  FOLLOWER to FOLLOWER at term 39 for recognizeCandidate:5c4ee31d-c5ed-4c65-a5df-da3e3cf53ac2
2019-10-17 07:10:28,042 [grpc-default-executor-11] INFO  impl.RaftServerImpl (RaftServerImpl.java:setRole(184)) - 0c631657-10a5-4e2a-a322-8fc6c651b2ed@group-42ACBF6EBE4E: changes role from  FOLLOWER to FOLLOWER at term 42 for recognizeCandidate:decc5551-dd4b-40dc-8ff5-b6b450d67f6f
2019-10-17 07:10:28,042 [grpc-default-executor-10] INFO  impl.RaftServerImpl (RaftServerImpl.java:setRole(184)) - 215fceca-0555-458b-bc4f-ba38ff24d5ba@group-42ACBF6EBE4E: changes role from  FOLLOWER to FOLLOWER at term 42 for recognizeCandidate:decc5551-dd4b-40dc-8ff5-b6b450d67f6f
2019-10-17 07:10:28,042 [grpc-default-executor-11] INFO  impl.RoleInfo (RoleInfo.java:shutdownFollowerState(121)) - 0c631657-10a5-4e2a-a322-8fc6c651b2ed: shutdown FollowerState
2019-10-17 07:10:28,042 [grpc-default-executor-3] INFO  impl.RoleInfo (RoleInfo.java:shutdownFollowerState(121)) - 831edaa1-80a5-4091-843f-90c648a5a79d: shutdown FollowerState
2019-10-17 07:10:28,042 [grpc-default-executor-9] INFO  impl.RoleInfo (RoleInfo.java:shutdownFollowerState(121)) - 67ae3572-7d88-4e50-b53b-0f48f6748b38: shutdown FollowerState
2019-10-17 07:10:28,043 [Thread-874] INFO  impl.FollowerState (FollowerState.java:run(117)) - 831edaa1-80a5-4091-843f-90c648a5a79d@group-233C052D78D6-FollowerState was interrupted: java.lang.InterruptedException: sleep interrupted
2019-10-17 07:10:28,043 [grpc-default-executor-3] INFO  impl.RoleInfo (RoleInfo.java:updateAndGet(143)) - 831edaa1-80a5-4091-843f-90c648a5a79d: start FollowerState
2019-10-17 07:10:28,043 [Thread-883] INFO  impl.FollowerState (FollowerState.java:run(117)) - 0c631657-10a5-4e2a-a322-8fc6c651b2ed@group-42ACBF6EBE4E-FollowerState was interrupted: java.lang.InterruptedException: sleep interrupted
2019-10-17 07:10:28,043 [grpc-default-executor-11] INFO  impl.RoleInfo (RoleInfo.java:updateAndGet(143)) - 0c631657-10a5-4e2a-a322-8fc6c651b2ed: start FollowerState
2019-10-17 07:10:28,043 [grpc-default-executor-10] INFO  impl.RoleInfo (RoleInfo.java:shutdownFollowerState(121)) - 215fceca-0555-458b-bc4f-ba38ff24d5ba: shutdown FollowerState
2019-10-17 07:10:28,043 [Thread-873] INFO  impl.FollowerState (FollowerState.java:run(117)) - 67ae3572-7d88-4e50-b53b-0f48f6748b38@group-233C052D78D6-FollowerState was interrupted: java.lang.InterruptedException: sleep interrupted
2019-10-17 07:10:28,043 [grpc-default-executor-9] INFO  impl.RoleInfo (RoleInfo.java:updateAndGet(143)) - 67ae3572-7d88-4e50-b53b-0f48f6748b38: start FollowerState
2019-10-17 07:10:28,044 [Thread-884] INFO  impl.FollowerState (FollowerState.java:run(117)) - 215fceca-0555-458b-bc4f-ba38ff24d5ba@group-42ACBF6EBE4E-FollowerState was interrupted: java.lang.InterruptedException: sleep interrupted
2019-10-17 07:10:28,044 [grpc-default-executor-10] INFO  impl.RoleInfo (RoleInfo.java:updateAndGet(143)) - 215fceca-0555-458b-bc4f-ba38ff24d5ba: start FollowerState
2019-10-17 07:10:28,058 [5c4ee31d-c5ed-4c65-a5df-da3e3cf53ac2@group-233C052D78D6-LeaderElection82] INFO  impl.LeaderElection (LeaderElection.java:logAndReturn(56)) - 5c4ee31d-c5ed-4c65-a5df-da3e3cf53ac2@group-233C052D78D6-LeaderElection82: Election REJECTED; received 2 response(s) [5c4ee31d-c5ed-4c65-a5df-da3e3cf53ac2<-67ae3572-7d88-4e50-b53b-0f48f6748b38#0:FAIL-t39, 5c4ee31d-c5ed-4c65-a5df-da3e3cf53ac2<-831edaa1-80a5-4091-843f-90c648a5a79d#0:FAIL-t39] and 0 exception(s); 5c4ee31d-c5ed-4c65-a5df-da3e3cf53ac2@group-233C052D78D6:t39, leader=null, voted=5c4ee31d-c5ed-4c65-a5df-da3e3cf53ac2, raftlog=5c4ee31d-c5ed-4c65-a5df-da3e3cf53ac2@group-233C052D78D6-SegmentedRaftLog:OPENED:c-1,f-1,i0, conf=-1: [67ae3572-7d88-4e50-b53b-0f48f6748b38:192.168.157.211:41299, 831edaa1-80a5-4091-843f-90c648a5a79d:192.168.157.211:44365, 5c4ee31d-c5ed-4c65-a5df-da3e3cf53ac2:192.168.157.211:45059], old=null
2019-10-17 07:10:28,058 [5c4ee31d-c5ed-4c65-a5df-da3e3cf53ac2@group-233C052D78D6-LeaderElection82] INFO  impl.RaftServerImpl (RaftServerImpl.java:setRole(184)) - 5c4ee31d-c5ed-4c65-a5df-da3e3cf53ac2@group-233C052D78D6: changes role from CANDIDATE to FOLLOWER at term 39 for DISCOVERED_A_NEW_TERM
2019-10-17 07:10:28,059 [5c4ee31d-c5ed-4c65-a5df-da3e3cf53ac2@group-233C052D78D6-LeaderElection82] INFO  impl.RoleInfo (RoleInfo.java:shutdownLeaderElection(134)) - 5c4ee31d-c5ed-4c65-a5df-da3e3cf53ac2: shutdown LeaderElection
2019-10-17 07:10:28,059 [5c4ee31d-c5ed-4c65-a5df-da3e3cf53ac2@group-233C052D78D6-LeaderElection82] INFO  impl.RoleInfo (RoleInfo.java:updateAndGet(143)) - 5c4ee31d-c5ed-4c65-a5df-da3e3cf53ac2: start FollowerState
2019-10-17 07:10:28,059 [decc5551-dd4b-40dc-8ff5-b6b450d67f6f@group-42ACBF6EBE4E-LeaderElection83] INFO  impl.LeaderElection (LeaderElection.java:logAndReturn(56)) - decc5551-dd4b-40dc-8ff5-b6b450d67f6f@group-42ACBF6EBE4E-LeaderElection83: Election REJECTED; received 2 response(s) [decc5551-dd4b-40dc-8ff5-b6b450d67f6f<-215fceca-0555-458b-bc4f-ba38ff24d5ba#0:FAIL-t42, decc5551-dd4b-40dc-8ff5-b6b450d67f6f<-0c631657-10a5-4e2a-a322-8fc6c651b2ed#0:FAIL-t42] and 0 exception(s); decc5551-dd4b-40dc-8ff5-b6b450d67f6f@group-42ACBF6EBE4E:t42, leader=null, voted=decc5551-dd4b-40dc-8ff5-b6b450d67f6f, raftlog=decc5551-dd4b-40dc-8ff5-b6b450d67f6f@group-42ACBF6EBE4E-SegmentedRaftLog:OPENED:c-1,f-1,i0, conf=-1: [215fceca-0555-458b-bc4f-ba38ff24d5ba:192.168.157.211:43803, decc5551-dd4b-40dc-8ff5-b6b450d67f6f:192.168.157.211:34435, 0c631657-10a5-4e2a-a322-8fc6c651b2ed:192.168.157.211:41694], old=null
2019-10-17 07:10:28,059 [decc5551-dd4b-40dc-8ff5-b6b450d67f6f@group-42ACBF6EBE4E-LeaderElection83] INFO  impl.RaftServerImpl (RaftServerImpl.java:setRole(184)) - decc5551-dd4b-40dc-8ff5-b6b450d67f6f@group-42ACBF6EBE4E: changes role from CANDIDATE to FOLLOWER at term 42 for DISCOVERED_A_NEW_TERM
2019-10-17 07:10:28,059 [decc5551-dd4b-40dc-8ff5-b6b450d67f6f@group-42ACBF6EBE4E-LeaderElection83] INFO  impl.RoleInfo (RoleInfo.java:shutdownLeaderElection(134)) - decc5551-dd4b-40dc-8ff5-b6b450d67f6f: shutdown LeaderElection
2019-10-17 07:10:28,059 [decc5551-dd4b-40dc-8ff5-b6b450d67f6f@group-42ACBF6EBE4E-LeaderElection83] INFO  impl.RoleInfo (RoleInfo.java:updateAndGet(143)) - decc5551-dd4b-40dc-8ff5-b6b450d67f6f: start FollowerState
2019-10-17 07:10:28,173 [Thread-899] INFO  impl.FollowerState (FollowerState.java:run(108)) - decc5551-dd4b-40dc-8ff5-b6b450d67f6f@group-42ACBF6EBE4E-FollowerState: change to CANDIDATE, lastRpcTime:113ms, electionTimeout:113ms
2019-10-17 07:10:28,173 [Thread-899] INFO  impl.RoleInfo (RoleInfo.java:shutdownFollowerState(121)) - decc5551-dd4b-40dc-8ff5-b6b450d67f6f: shutdown FollowerState
2019-10-17 07:10:28,173 [Thread-899] INFO  impl.RaftServerImpl (RaftServerImpl.java:setRole(184)) - decc5551-dd4b-40dc-8ff5-b6b450d67f6f@group-42ACBF6EBE4E: changes role from  FOLLOWER to CANDIDATE at term 42 for changeToCandidate
2019-10-17 07:10:28,173 [Thread-899] INFO  impl.RoleInfo (RoleInfo.java:updateAndGet(143)) - decc5551-dd4b-40dc-8ff5-b6b450d67f6f: start LeaderElection
2019-10-17 07:10:28,187 [decc5551-dd4b-40dc-8ff5-b6b450d67f6f@group-42ACBF6EBE4E-LeaderElection84] INFO  impl.LeaderElection (LeaderElection.java:askForVotes(178)) - decc5551-dd4b-40dc-8ff5-b6b450d67f6f@group-42ACBF6EBE4E-LeaderElection84: begin an election at term 43 for -1: [215fceca-0555-458b-bc4f-ba38ff24d5ba:192.168.157.211:43803, decc5551-dd4b-40dc-8ff5-b6b450d67f6f:192.168.157.211:34435, 0c631657-10a5-4e2a-a322-8fc6c651b2ed:192.168.157.211:41694], old=null
2019-10-17 07:10:28,190 [grpc-default-executor-11] INFO  impl.RaftServerImpl (RaftServerImpl.java:setRole(184)) - 0c631657-10a5-4e2a-a322-8fc6c651b2ed@group-42ACBF6EBE4E: changes role from  FOLLOWER to FOLLOWER at term 43 for recognizeCandidate:decc5551-dd4b-40dc-8ff5-b6b450d67f6f
2019-10-17 07:10:28,190 [grpc-default-executor-9] INFO  impl.RaftServerImpl (RaftServerImpl.java:setRole(184)) - 215fceca-0555-458b-bc4f-ba38ff24d5ba@group-42ACBF6EBE4E: changes role from  FOLLOWER to FOLLOWER at term 43 for recognizeCandidate:decc5551-dd4b-40dc-8ff5-b6b450d67f6f
2019-10-17 07:10:28,190 [grpc-default-executor-11] INFO  impl.RoleInfo (RoleInfo.java:shutdownFollowerState(121)) - 0c631657-10a5-4e2a-a322-8fc6c651b2ed: shutdown FollowerState
2019-10-17 07:10:28,191 [grpc-default-executor-9] INFO  impl.RoleInfo (RoleInfo.java:shutdownFollowerState(121)) - 215fceca-0555-458b-bc4f-ba38ff24d5ba: shutdown FollowerState
2019-10-17 07:10:28,191 [Thread-894] INFO  impl.FollowerState (FollowerState.java:run(117)) - 0c631657-10a5-4e2a-a322-8fc6c651b2ed@group-42ACBF6EBE4E-FollowerState was interrupted: java.lang.InterruptedException: sleep interrupted
2019-10-17 07:10:28,191 [Thread-897] INFO  impl.FollowerState (FollowerState.java:run(117)) - 215fceca-0555-458b-bc4f-ba38ff24d5ba@group-42ACBF6EBE4E-FollowerState was interrupted: java.lang.InterruptedException: sleep interrupted
2019-10-17 07:10:28,191 [grpc-default-executor-11] INFO  impl.RoleInfo (RoleInfo.java:updateAndGet(143)) - 0c631657-10a5-4e2a-a322-8fc6c651b2ed: start FollowerState
2019-10-17 07:10:28,191 [grpc-default-executor-9] INFO  impl.RoleInfo (RoleInfo.java:updateAndGet(143)) - 215fceca-0555-458b-bc4f-ba38ff24d5ba: start FollowerState
2019-10-17 07:10:28,206 [decc5551-dd4b-40dc-8ff5-b6b450d67f6f@group-42ACBF6EBE4E-LeaderElection84] INFO  impl.LeaderElection (LeaderElection.java:logAndReturn(56)) - decc5551-dd4b-40dc-8ff5-b6b450d67f6f@group-42ACBF6EBE4E-LeaderElection84: Election REJECTED; received 2 response(s) [decc5551-dd4b-40dc-8ff5-b6b450d67f6f<-215fceca-0555-458b-bc4f-ba38ff24d5ba#0:FAIL-t43, decc5551-dd4b-40dc-8ff5-b6b450d67f6f<-0c631657-10a5-4e2a-a322-8fc6c651b2ed#0:FAIL-t43] and 0 exception(s); decc5551-dd4b-40dc-8ff5-b6b450d67f6f@group-42ACBF6EBE4E:t43, leader=null, voted=decc5551-dd4b-40dc-8ff5-b6b450d67f6f, raftlog=decc5551-dd4b-40dc-8ff5-b6b450d67f6f@group-42ACBF6EBE4E-SegmentedRaftLog:OPENED:c-1,f-1,i0, conf=-1: [215fceca-0555-458b-bc4f-ba38ff24d5ba:192.168.157.211:43803, decc5551-dd4b-40dc-8ff5-b6b450d67f6f:192.168.157.211:34435, 0c631657-10a5-4e2a-a322-8fc6c651b2ed:192.168.157.211:41694], old=null
2019-10-17 07:10:28,206 [decc5551-dd4b-40dc-8ff5-b6b450d67f6f@group-42ACBF6EBE4E-LeaderElection84] INFO  impl.RaftServerImpl (RaftServerImpl.java:setRole(184)) - decc5551-dd4b-40dc-8ff5-b6b450d67f6f@group-42ACBF6EBE4E: changes role from CANDIDATE to FOLLOWER at term 43 for DISCOVERED_A_NEW_TERM
2019-10-17 07:10:28,206 [decc5551-dd4b-40dc-8ff5-b6b450d67f6f@group-42ACBF6EBE4E-LeaderElection84] INFO  impl.RoleInfo (RoleInfo.java:shutdownLeaderElection(134)) - decc5551-dd4b-40dc-8ff5-b6b450d67f6f: shutdown LeaderElection
2019-10-17 07:10:28,206 [decc5551-dd4b-40dc-8ff5-b6b450d67f6f@group-42ACBF6EBE4E-LeaderElection84] INFO  impl.RoleInfo (RoleInfo.java:updateAndGet(143)) - decc5551-dd4b-40dc-8ff5-b6b450d67f6f: start FollowerState
2019-10-17 07:10:28,230 [Thread-898] INFO  impl.FollowerState (FollowerState.java:run(108)) - 5c4ee31d-c5ed-4c65-a5df-da3e3cf53ac2@group-233C052D78D6-FollowerState: change to CANDIDATE, lastRpcTime:171ms, electionTimeout:171ms
2019-10-17 07:10:28,230 [Thread-898] INFO  impl.RoleInfo (RoleInfo.java:shutdownFollowerState(121)) - 5c4ee31d-c5ed-4c65-a5df-da3e3cf53ac2: shutdown FollowerState
2019-10-17 07:10:28,231 [Thread-898] INFO  impl.RaftServerImpl (RaftServerImpl.java:setRole(184)) - 5c4ee31d-c5ed-4c65-a5df-da3e3cf53ac2@group-233C052D78D6: changes role from  FOLLOWER to CANDIDATE at term 39 for changeToCandidate
2019-10-17 07:10:28,231 [Thread-898] INFO  impl.RoleInfo (RoleInfo.java:updateAndGet(143)) - 5c4ee31d-c5ed-4c65-a5df-da3e3cf53ac2: start LeaderElection
2019-10-17 07:10:28,231 [Thread-905] INFO  impl.FollowerState (FollowerState.java:run(108)) - decc5551-dd4b-40dc-8ff5-b6b450d67f6f@group-42ACBF6EBE4E-FollowerState: change to CANDIDATE, lastRpcTime:24ms, electionTimeout:24ms
2019-10-17 07:10:28,231 [Thread-905] INFO  impl.RoleInfo (RoleInfo.java:shutdownFollowerState(121)) - decc5551-dd4b-40dc-8ff5-b6b450d67f6f: shutdown FollowerState
2019-10-17 07:10:28,231 [Thread-905] INFO  impl.RaftServerImpl (RaftServerImpl.java:setRole(184)) - decc5551-dd4b-40dc-8ff5-b6b450d67f6f@group-42ACBF6EBE4E: changes role from  FOLLOWER to CANDIDATE at term 43 for changeToCandidate
2019-10-17 07:10:28,231 [Thread-905] INFO  impl.RoleInfo (RoleInfo.java:updateAndGet(143)) - decc5551-dd4b-40dc-8ff5-b6b450d67f6f: start LeaderElection
2019-10-17 07:10:28,245 [5c4ee31d-c5ed-4c65-a5df-da3e3cf53ac2@group-233C052D78D6-LeaderElection85] INFO  impl.LeaderElection (LeaderElection.java:askForVotes(178)) - 5c4ee31d-c5ed-4c65-a5df-da3e3cf53ac2@group-233C052D78D6-LeaderElection85: begin an election at term 40 for -1: [67ae3572-7d88-4e50-b53b-0f48f6748b38:192.168.157.211:41299, 831edaa1-80a5-4091-843f-90c648a5a79d:192.168.157.211:44365, 5c4ee31d-c5ed-4c65-a5df-da3e3cf53ac2:192.168.157.211:45059], old=null
2019-10-17 07:10:28,245 [decc5551-dd4b-40dc-8ff5-b6b450d67f6f@group-42ACBF6EBE4E-LeaderElection86] INFO  impl.LeaderElection (LeaderElection.java:askForVotes(178)) - decc5551-dd4b-40dc-8ff5-b6b450d67f6f@group-42ACBF6EBE4E-LeaderElection86: begin an election at term 44 for -1: [215fceca-0555-458b-bc4f-ba38ff24d5ba:192.168.157.211:43803, decc5551-dd4b-40dc-8ff5-b6b450d67f6f:192.168.157.211:34435, 0c631657-10a5-4e2a-a322-8fc6c651b2ed:192.168.157.211:41694], old=null
2019-10-17 07:10:28,248 [grpc-default-executor-11] INFO  impl.RaftServerImpl (RaftServerImpl.java:setRole(184)) - 215fceca-0555-458b-bc4f-ba38ff24d5ba@group-42ACBF6EBE4E: changes role from  FOLLOWER to FOLLOWER at term 44 for recognizeCandidate:decc5551-dd4b-40dc-8ff5-b6b450d67f6f
2019-10-17 07:10:28,248 [grpc-default-executor-3] INFO  impl.RaftServerImpl (RaftServerImpl.java:setRole(184)) - 0c631657-10a5-4e2a-a322-8fc6c651b2ed@group-42ACBF6EBE4E: changes role from  FOLLOWER to FOLLOWER at term 44 for recognizeCandidate:decc5551-dd4b-40dc-8ff5-b6b450d67f6f
2019-10-17 07:10:28,248 [grpc-default-executor-9] INFO  impl.RaftServerImpl (RaftServerImpl.java:setRole(184)) - 831edaa1-80a5-4091-843f-90c648a5a79d@group-233C052D78D6: changes role from  FOLLOWER to FOLLOWER at term 40 for recognizeCandidate:5c4ee31d-c5ed-4c65-a5df-da3e3cf53ac2
2019-10-17 07:10:28,248 [grpc-default-executor-10] INFO  impl.RaftServerImpl (RaftServerImpl.java:setRole(184)) - 67ae3572-7d88-4e50-b53b-0f48f6748b38@group-233C052D78D6: changes role from  FOLLOWER to FOLLOWER at term 40 for recognizeCandidate:5c4ee31d-c5ed-4c65-a5df-da3e3cf53ac2
2019-10-17 07:10:28,248 [grpc-default-executor-9] INFO  impl.RoleInfo (RoleInfo.java:shutdownFollowerState(121)) - 831edaa1-80a5-4091-843f-90c648a5a79d: shutdown FollowerState
2019-10-17 07:10:28,248 [grpc-default-executor-3] INFO  impl.RoleInfo (RoleInfo.java:shutdownFollowerState(121)) - 0c631657-10a5-4e2a-a322-8fc6c651b2ed: shutdown FollowerState
2019-10-17 07:10:28,248 [Thread-903] INFO  impl.FollowerState (FollowerState.java:run(117)) - 0c631657-10a5-4e2a-a322-8fc6c651b2ed@group-42ACBF6EBE4E-FollowerState was interrupted: java.lang.InterruptedException: sleep interrupted
2019-10-17 07:10:28,248 [grpc-default-executor-11] INFO  impl.RoleInfo (RoleInfo.java:shutdownFollowerState(121)) - 215fceca-0555-458b-bc4f-ba38ff24d5ba: shutdown FollowerState
2019-10-17 07:10:28,249 [grpc-default-executor-3] INFO  impl.RoleInfo (RoleInfo.java:updateAndGet(143)) - 0c631657-10a5-4e2a-a322-8fc6c651b2ed: start FollowerState
2019-10-17 07:10:28,248 [Thread-895] INFO  impl.FollowerState (FollowerState.java:run(117)) - 831edaa1-80a5-4091-843f-90c648a5a79d@group-233C052D78D6-FollowerState was interrupted: java.lang.InterruptedException: sleep interrupted
2019-10-17 07:10:28,248 [grpc-default-executor-9] INFO  impl.RoleInfo (RoleInfo.java:updateAndGet(143)) - 831edaa1-80a5-4091-843f-90c648a5a79d: start FollowerState
2019-10-17 07:10:28,248 [grpc-default-executor-10] INFO  impl.RoleInfo (RoleInfo.java:shutdownFollowerState(121)) - 67ae3572-7d88-4e50-b53b-0f48f6748b38: shutdown FollowerState
2019-10-17 07:10:28,249 [Thread-904] INFO  impl.FollowerState (FollowerState.java:run(117)) - 215fceca-0555-458b-bc4f-ba38ff24d5ba@group-42ACBF6EBE4E-FollowerState was interrupted: java.lang.InterruptedException: sleep interrupted
2019-10-17 07:10:28,249 [grpc-default-executor-11] INFO  impl.RoleInfo (RoleInfo.java:updateAndGet(143)) - 215fceca-0555-458b-bc4f-ba38ff24d5ba: start FollowerState
2019-10-17 07:10:28,250 [Thread-896] INFO  impl.FollowerState (FollowerState.java:run(117)) - 67ae3572-7d88-4e50-b53b-0f48f6748b38@group-233C052D78D6-FollowerState was interrupted: java.lang.InterruptedException: sleep interrupted
2019-10-17 07:10:28,250 [grpc-default-executor-10] INFO  impl.RoleInfo (RoleInfo.java:updateAndGet(143)) - 67ae3572-7d88-4e50-b53b-0f48f6748b38: start FollowerState
2019-10-17 07:10:28,259 [decc5551-dd4b-40dc-8ff5-b6b450d67f6f@group-42ACBF6EBE4E-LeaderElection86] INFO  impl.LeaderElection (LeaderElection.java:logAndReturn(56)) - decc5551-dd4b-40dc-8ff5-b6b450d67f6f@group-42ACBF6EBE4E-LeaderElection86: Election TIMEOUT; received 0 response(s) [] and 0 exception(s); decc5551-dd4b-40dc-8ff5-b6b450d67f6f@group-42ACBF6EBE4E:t44, leader=null, voted=decc5551-dd4b-40dc-8ff5-b6b450d67f6f, raftlog=decc5551-dd4b-40dc-8ff5-b6b450d67f6f@group-42ACBF6EBE4E-SegmentedRaftLog:OPENED:c-1,f-1,i0, conf=-1: [215fceca-0555-458b-bc4f-ba38ff24d5ba:192.168.157.211:43803, decc5551-dd4b-40dc-8ff5-b6b450d67f6f:192.168.157.211:34435, 0c631657-10a5-4e2a-a322-8fc6c651b2ed:192.168.157.211:41694], old=null
2019-10-17 07:10:28,262 [decc5551-dd4b-40dc-8ff5-b6b450d67f6f@group-42ACBF6EBE4E-LeaderElection86] INFO  impl.LeaderElection (LeaderElection.java:askForVotes(178)) - decc5551-dd4b-40dc-8ff5-b6b450d67f6f@group-42ACBF6EBE4E-LeaderElection86: begin an election at term 45 for -1: [215fceca-0555-458b-bc4f-ba38ff24d5ba:192.168.157.211:43803, decc5551-dd4b-40dc-8ff5-b6b450d67f6f:192.168.157.211:34435, 0c631657-10a5-4e2a-a322-8fc6c651b2ed:192.168.157.211:41694], old=null
2019-10-17 07:10:28,264 [5c4ee31d-c5ed-4c65-a5df-da3e3cf53ac2@group-233C052D78D6-LeaderElection85] INFO  impl.LeaderElection (LeaderElection.java:logAndReturn(56)) - 5c4ee31d-c5ed-4c65-a5df-da3e3cf53ac2@group-233C052D78D6-LeaderElection85: Election REJECTED; received 2 response(s) [5c4ee31d-c5ed-4c65-a5df-da3e3cf53ac2<-67ae3572-7d88-4e50-b53b-0f48f6748b38#0:FAIL-t40, 5c4ee31d-c5ed-4c65-a5df-da3e3cf53ac2<-831edaa1-80a5-4091-843f-90c648a5a79d#0:FAIL-t40] and 0 exception(s); 5c4ee31d-c5ed-4c65-a5df-da3e3cf53ac2@group-233C052D78D6:t40, leader=null, voted=5c4ee31d-c5ed-4c65-a5df-da3e3cf53ac2, raftlog=5c4ee31d-c5ed-4c65-a5df-da3e3cf53ac2@group-233C052D78D6-SegmentedRaftLog:OPENED:c-1,f-1,i0, conf=-1: [67ae3572-7d88-4e50-b53b-0f48f6748b38:192.168.157.211:41299, 831edaa1-80a5-4091-843f-90c648a5a79d:192.168.157.211:44365, 5c4ee31d-c5ed-4c65-a5df-da3e3cf53ac2:192.168.157.211:45059], old=null
2019-10-17 07:10:28,264 [5c4ee31d-c5ed-4c65-a5df-da3e3cf53ac2@group-233C052D78D6-LeaderElection85] INFO  impl.RaftServerImpl (RaftServerImpl.java:setRole(184)) - 5c4ee31d-c5ed-4c65-a5df-da3e3cf53ac2@group-233C052D78D6: changes role from CANDIDATE to FOLLOWER at term 40 for DISCOVERED_A_NEW_TERM
2019-10-17 07:10:28,264 [5c4ee31d-c5ed-4c65-a5df-da3e3cf53ac2@group-233C052D78D6-LeaderElection85] INFO  impl.RoleInfo (RoleInfo.java:shutdownLeaderElection(134)) - 5c4ee31d-c5ed-4c65-a5df-da3e3cf53ac2: shutdown LeaderElection
2019-10-17 07:10:28,264 [5c4ee31d-c5ed-4c65-a5df-da3e3cf53ac2@group-233C052D78D6-LeaderElection85] INFO  impl.RoleInfo (RoleInfo.java:updateAndGet(143)) - 5c4ee31d-c5ed-4c65-a5df-da3e3cf53ac2: start FollowerState
2019-10-17 07:10:28,264 [grpc-default-executor-3] INFO  impl.RaftServerImpl (RaftServerImpl.java:setRole(184)) - 0c631657-10a5-4e2a-a322-8fc6c651b2ed@group-42ACBF6EBE4E: changes role from  FOLLOWER to FOLLOWER at term 45 for recognizeCandidate:decc5551-dd4b-40dc-8ff5-b6b450d67f6f
2019-10-17 07:10:28,265 [grpc-default-executor-3] INFO  impl.RoleInfo (RoleInfo.java:shutdownFollowerState(121)) - 0c631657-10a5-4e2a-a322-8fc6c651b2ed: shutdown FollowerState
2019-10-17 07:10:28,265 [grpc-default-executor-10] INFO  impl.RaftServerImpl (RaftServerImpl.java:setRole(184)) - 215fceca-0555-458b-bc4f-ba38ff24d5ba@group-42ACBF6EBE4E: changes role from  FOLLOWER to FOLLOWER at term 45 for recognizeCandidate:decc5551-dd4b-40dc-8ff5-b6b450d67f6f
2019-10-17 07:10:28,265 [Thread-913] INFO  impl.FollowerState (FollowerState.java:run(117)) - 0c631657-10a5-4e2a-a322-8fc6c651b2ed@group-42ACBF6EBE4E-FollowerState was interrupted: java.lang.InterruptedException: sleep interrupted
2019-10-17 07:10:28,265 [grpc-default-executor-3] INFO  impl.RoleInfo (RoleInfo.java:updateAndGet(143)) - 0c631657-10a5-4e2a-a322-8fc6c651b2ed: start FollowerState
2019-10-17 07:10:28,265 [grpc-default-executor-10] INFO  impl.RoleInfo (RoleInfo.java:shutdownFollowerState(121)) - 215fceca-0555-458b-bc4f-ba38ff24d5ba: shutdown FollowerState
2019-10-17 07:10:28,265 [grpc-default-executor-10] INFO  impl.RoleInfo (RoleInfo.java:updateAndGet(143)) - 215fceca-0555-458b-bc4f-ba38ff24d5ba: start FollowerState
2019-10-17 07:10:28,265 [Thread-914] INFO  impl.FollowerState (FollowerState.java:run(117)) - 215fceca-0555-458b-bc4f-ba38ff24d5ba@group-42ACBF6EBE4E-FollowerState was interrupted: java.lang.InterruptedException: sleep interrupted
2019-10-17 07:10:28,270 [decc5551-dd4b-40dc-8ff5-b6b450d67f6f@group-42ACBF6EBE4E-LeaderElection86] INFO  impl.LeaderElection (LeaderElection.java:logAndReturn(56)) - decc5551-dd4b-40dc-8ff5-b6b450d67f6f@group-42ACBF6EBE4E-LeaderElection86: Election REJECTED; received 2 response(s) [decc5551-dd4b-40dc-8ff5-b6b450d67f6f<-215fceca-0555-458b-bc4f-ba38ff24d5ba#0:FAIL-t45, decc5551-dd4b-40dc-8ff5-b6b450d67f6f<-0c631657-10a5-4e2a-a322-8fc6c651b2ed#0:FAIL-t45] and 0 exception(s); decc5551-dd4b-40dc-8ff5-b6b450d67f6f@group-42ACBF6EBE4E:t45, leader=null, voted=decc5551-dd4b-40dc-8ff5-b6b450d67f6f, raftlog=decc5551-dd4b-40dc-8ff5-b6b450d67f6f@group-42ACBF6EBE4E-SegmentedRaftLog:OPENED:c-1,f-1,i0, conf=-1: [215fceca-0555-458b-bc4f-ba38ff24d5ba:192.168.157.211:43803, decc5551-dd4b-40dc-8ff5-b6b450d67f6f:192.168.157.211:34435, 0c631657-10a5-4e2a-a322-8fc6c651b2ed:192.168.157.211:41694], old=null
2019-10-17 07:10:28,270 [decc5551-dd4b-40dc-8ff5-b6b450d67f6f@group-42ACBF6EBE4E-LeaderElection86] INFO  impl.RaftServerImpl (RaftServerImpl.java:setRole(184)) - decc5551-dd4b-40dc-8ff5-b6b450d67f6f@group-42ACBF6EBE4E: changes role from CANDIDATE to FOLLOWER at term 45 for DISCOVERED_A_NEW_TERM
2019-10-17 07:10:28,270 [decc5551-dd4b-40dc-8ff5-b6b450d67f6f@group-42ACBF6EBE4E-LeaderElection86] INFO  impl.RoleInfo (RoleInfo.java:shutdownLeaderElection(134)) - decc5551-dd4b-40dc-8ff5-b6b450d67f6f: shutdown LeaderElection
2019-10-17 07:10:28,270 [decc5551-dd4b-40dc-8ff5-b6b450d67f6f@group-42ACBF6EBE4E-LeaderElection86] INFO  impl.RoleInfo (RoleInfo.java:updateAndGet(143)) - decc5551-dd4b-40dc-8ff5-b6b450d67f6f: start FollowerState
2019-10-17 07:10:28,351 [Thread-918] INFO  impl.FollowerState (FollowerState.java:run(108)) - 5c4ee31d-c5ed-4c65-a5df-da3e3cf53ac2@group-233C052D78D6-FollowerState: change to CANDIDATE, lastRpcTime:86ms, electionTimeout:86ms
2019-10-17 07:10:28,351 [Thread-918] INFO  impl.RoleInfo (RoleInfo.java:shutdownFollowerState(121)) - 5c4ee31d-c5ed-4c65-a5df-da3e3cf53ac2: shutdown FollowerState
2019-10-17 07:10:28,351 [Thread-918] INFO  impl.RaftServerImpl (RaftServerImpl.java:setRole(184)) - 5c4ee31d-c5ed-4c65-a5df-da3e3cf53ac2@group-233C052D78D6: changes role from  FOLLOWER to CANDIDATE at term 40 for changeToCandidate
2019-10-17 07:10:28,351 [Thread-918] INFO  impl.RoleInfo (RoleInfo.java:updateAndGet(143)) - 5c4ee31d-c5ed-4c65-a5df-da3e3cf53ac2: start LeaderElection
2019-10-17 07:10:28,364 [5c4ee31d-c5ed-4c65-a5df-da3e3cf53ac2@group-233C052D78D6-LeaderElection87] INFO  impl.LeaderElection (LeaderElection.java:askForVotes(178)) - 5c4ee31d-c5ed-4c65-a5df-da3e3cf53ac2@group-233C052D78D6-LeaderElection87: begin an election at term 41 for -1: [67ae3572-7d88-4e50-b53b-0f48f6748b38:192.168.157.211:41299, 831edaa1-80a5-4091-843f-90c648a5a79d:192.168.157.211:44365, 5c4ee31d-c5ed-4c65-a5df-da3e3cf53ac2:192.168.157.211:45059], old=null
2019-10-17 07:10:28,366 [grpc-default-executor-10] INFO  impl.RaftServerImpl (RaftServerImpl.java:setRole(184)) - 67ae3572-7d88-4e50-b53b-0f48f6748b38@group-233C052D78D6: changes role from  FOLLOWER to FOLLOWER at term 41 for recognizeCandidate:5c4ee31d-c5ed-4c65-a5df-da3e3cf53ac2
2019-10-17 07:10:28,366 [grpc-default-executor-3] INFO  impl.RaftServerImpl (RaftServerImpl.java:setRole(184)) - 831edaa1-80a5-4091-843f-90c648a5a79d@group-233C052D78D6: changes role from  FOLLOWER to FOLLOWER at term 41 for recognizeCandidate:5c4ee31d-c5ed-4c65-a5df-da3e3cf53ac2
2019-10-17 07:10:28,367 [grpc-default-executor-10] INFO  impl.RoleInfo (RoleInfo.java:shutdownFollowerState(121)) - 67ae3572-7d88-4e50-b53b-0f48f6748b38: shutdown FollowerState
2019-10-17 07:10:28,367 [grpc-default-executor-3] INFO  impl.RoleInfo (RoleInfo.java:shutdownFollowerState(121)) - 831edaa1-80a5-4091-843f-90c648a5a79d: shutdown FollowerState
2019-10-17 07:10:28,367 [Thread-915] INFO  impl.FollowerState (FollowerState.java:run(117)) - 67ae3572-7d88-4e50-b53b-0f48f6748b38@group-233C052D78D6-FollowerState was interrupted: java.lang.InterruptedException: sleep interrupted
2019-10-17 07:10:28,367 [grpc-default-executor-10] INFO  impl.RoleInfo (RoleInfo.java:updateAndGet(143)) - 67ae3572-7d88-4e50-b53b-0f48f6748b38: start FollowerState
2019-10-17 07:10:28,367 [grpc-default-executor-3] INFO  impl.RoleInfo (RoleInfo.java:updateAndGet(143)) - 831edaa1-80a5-4091-843f-90c648a5a79d: start FollowerState
2019-10-17 07:10:28,367 [Thread-912] INFO  impl.FollowerState (FollowerState.java:run(117)) - 831edaa1-80a5-4091-843f-90c648a5a79d@group-233C052D78D6-FollowerState was interrupted: java.lang.InterruptedException: sleep interrupted
2019-10-17 07:10:28,382 [5c4ee31d-c5ed-4c65-a5df-da3e3cf53ac2@group-233C052D78D6-LeaderElection87] INFO  impl.LeaderElection (LeaderElection.java:logAndReturn(56)) - 5c4ee31d-c5ed-4c65-a5df-da3e3cf53ac2@group-233C052D78D6-LeaderElection87: Election REJECTED; received 2 response(s) [5c4ee31d-c5ed-4c65-a5df-da3e3cf53ac2<-67ae3572-7d88-4e50-b53b-0f48f6748b38#0:FAIL-t41, 5c4ee31d-c5ed-4c65-a5df-da3e3cf53ac2<-831edaa1-80a5-4091-843f-90c648a5a79d#0:FAIL-t41] and 0 exception(s); 5c4ee31d-c5ed-4c65-a5df-da3e3cf53ac2@group-233C052D78D6:t41, leader=null, voted=5c4ee31d-c5ed-4c65-a5df-da3e3cf53ac2, raftlog=5c4ee31d-c5ed-4c65-a5df-da3e3cf53ac2@group-233C052D78D6-SegmentedRaftLog:OPENED:c-1,f-1,i0, conf=-1: [67ae3572-7d88-4e50-b53b-0f48f6748b38:192.168.157.211:41299, 831edaa1-80a5-4091-843f-90c648a5a79d:192.168.157.211:44365, 5c4ee31d-c5ed-4c65-a5df-da3e3cf53ac2:192.168.157.211:45059], old=null
2019-10-17 07:10:28,382 [5c4ee31d-c5ed-4c65-a5df-da3e3cf53ac2@group-233C052D78D6-LeaderElection87] INFO  impl.RaftServerImpl (RaftServerImpl.java:setRole(184)) - 5c4ee31d-c5ed-4c65-a5df-da3e3cf53ac2@group-233C052D78D6: changes role from CANDIDATE to FOLLOWER at term 41 for DISCOVERED_A_NEW_TERM
2019-10-17 07:10:28,382 [5c4ee31d-c5ed-4c65-a5df-da3e3cf53ac2@group-233C052D78D6-LeaderElection87] INFO  impl.RoleInfo (RoleInfo.java:shutdownLeaderElection(134)) - 5c4ee31d-c5ed-4c65-a5df-da3e3cf53ac2: shutdown LeaderElection
2019-10-17 07:10:28,382 [5c4ee31d-c5ed-4c65-a5df-da3e3cf53ac2@group-233C052D78D6-LeaderElection87] INFO  impl.RoleInfo (RoleInfo.java:updateAndGet(143)) - 5c4ee31d-c5ed-4c65-a5df-da3e3cf53ac2: start FollowerState
2019-10-17 07:10:28,383 [Thread-921] INFO  impl.FollowerState (FollowerState.java:run(108)) - decc5551-dd4b-40dc-8ff5-b6b450d67f6f@group-42ACBF6EBE4E-FollowerState: change to CANDIDATE, lastRpcTime:112ms, electionTimeout:112ms
2019-10-17 07:10:28,383 [Thread-921] INFO  impl.RoleInfo (RoleInfo.java:shutdownFollowerState(121)) - decc5551-dd4b-40dc-8ff5-b6b450d67f6f: shutdown FollowerState
2019-10-17 07:10:28,383 [Thread-921] INFO  impl.RaftServerImpl (RaftServerImpl.java:setRole(184)) - decc5551-dd4b-40dc-8ff5-b6b450d67f6f@group-42ACBF6EBE4E: changes role from  FOLLOWER to CANDIDATE at term 45 for changeToCandidate
2019-10-17 07:10:28,383 [Thread-921] INFO  impl.RoleInfo (RoleInfo.java:updateAndGet(143)) - decc5551-dd4b-40dc-8ff5-b6b450d67f6f: start LeaderElection
2019-10-17 07:10:28,397 [decc5551-dd4b-40dc-8ff5-b6b450d67f6f@group-42ACBF6EBE4E-LeaderElection88] INFO  impl.LeaderElection (LeaderElection.java:askForVotes(178)) - decc5551-dd4b-40dc-8ff5-b6b450d67f6f@group-42ACBF6EBE4E-LeaderElection88: begin an election at term 46 for -1: [215fceca-0555-458b-bc4f-ba38ff24d5ba:192.168.157.211:43803, decc5551-dd4b-40dc-8ff5-b6b450d67f6f:192.168.157.211:34435, 0c631657-10a5-4e2a-a322-8fc6c651b2ed:192.168.157.211:41694], old=null
2019-10-17 07:10:28,398 [grpc-default-executor-10] INFO  impl.RaftServerImpl (RaftServerImpl.java:setRole(184)) - 215fceca-0555-458b-bc4f-ba38ff24d5ba@group-42ACBF6EBE4E: changes role from  FOLLOWER to FOLLOWER at term 46 for recognizeCandidate:decc5551-dd4b-40dc-8ff5-b6b450d67f6f
2019-10-17 07:10:28,399 [grpc-default-executor-10] INFO  impl.RoleInfo (RoleInfo.java:shutdownFollowerState(121)) - 215fceca-0555-458b-bc4f-ba38ff24d5ba: shutdown FollowerState
2019-10-17 07:10:28,399 [grpc-default-executor-3] INFO  impl.RaftServerImpl (RaftServerImpl.java:setRole(184)) - 0c631657-10a5-4e2a-a322-8fc6c651b2ed@group-42ACBF6EBE4E: changes role from  FOLLOWER to FOLLOWER at term 46 for recognizeCandidate:decc5551-dd4b-40dc-8ff5-b6b450d67f6f
2019-10-17 07:10:28,399 [Thread-920] INFO  impl.FollowerState (FollowerState.java:run(117)) - 215fceca-0555-458b-bc4f-ba38ff24d5ba@group-42ACBF6EBE4E-FollowerState was interrupted: java.lang.InterruptedException: sleep interrupted
2019-10-17 07:10:28,399 [grpc-default-executor-10] INFO  impl.RoleInfo (RoleInfo.java:updateAndGet(143)) - 215fceca-0555-458b-bc4f-ba38ff24d5ba: start FollowerState
2019-10-17 07:10:28,399 [grpc-default-executor-3] INFO  impl.RoleInfo (RoleInfo.java:shutdownFollowerState(121)) - 0c631657-10a5-4e2a-a322-8fc6c651b2ed: shutdown FollowerState
2019-10-17 07:10:28,399 [grpc-default-executor-3] INFO  impl.RoleInfo (RoleInfo.java:updateAndGet(143)) - 0c631657-10a5-4e2a-a322-8fc6c651b2ed: start FollowerState
2019-10-17 07:10:28,399 [Thread-919] INFO  impl.FollowerState (FollowerState.java:run(117)) - 0c631657-10a5-4e2a-a322-8fc6c651b2ed@group-42ACBF6EBE4E-FollowerState was interrupted: java.lang.InterruptedException: sleep interrupted
2019-10-17 07:10:28,426 [decc5551-dd4b-40dc-8ff5-b6b450d67f6f@group-42ACBF6EBE4E-LeaderElection88] INFO  impl.LeaderElection (LeaderElection.java:logAndReturn(56)) - decc5551-dd4b-40dc-8ff5-b6b450d67f6f@group-42ACBF6EBE4E-LeaderElection88: Election REJECTED; received 2 response(s) [decc5551-dd4b-40dc-8ff5-b6b450d67f6f<-215fceca-0555-458b-bc4f-ba38ff24d5ba#0:FAIL-t46, decc5551-dd4b-40dc-8ff5-b6b450d67f6f<-0c631657-10a5-4e2a-a322-8fc6c651b2ed#0:FAIL-t46] and 0 exception(s); decc5551-dd4b-40dc-8ff5-b6b450d67f6f@group-42ACBF6EBE4E:t46, leader=null, voted=decc5551-dd4b-40dc-8ff5-b6b450d67f6f, raftlog=decc5551-dd4b-40dc-8ff5-b6b450d67f6f@group-42ACBF6EBE4E-SegmentedRaftLog:OPENED:c-1,f-1,i0, conf=-1: [215fceca-0555-458b-bc4f-ba38ff24d5ba:192.168.157.211:43803, decc5551-dd4b-40dc-8ff5-b6b450d67f6f:192.168.157.211:34435, 0c631657-10a5-4e2a-a322-8fc6c651b2ed:192.168.157.211:41694], old=null
2019-10-17 07:10:28,426 [decc5551-dd4b-40dc-8ff5-b6b450d67f6f@group-42ACBF6EBE4E-LeaderElection88] INFO  impl.RaftServerImpl (RaftServerImpl.java:setRole(184)) - decc5551-dd4b-40dc-8ff5-b6b450d67f6f@group-42ACBF6EBE4E: changes role from CANDIDATE to FOLLOWER at term 46 for DISCOVERED_A_NEW_TERM
2019-10-17 07:10:28,426 [decc5551-dd4b-40dc-8ff5-b6b450d67f6f@group-42ACBF6EBE4E-LeaderElection88] INFO  impl.RoleInfo (RoleInfo.java:shutdownLeaderElection(134)) - decc5551-dd4b-40dc-8ff5-b6b450d67f6f: shutdown LeaderElection
2019-10-17 07:10:28,426 [decc5551-dd4b-40dc-8ff5-b6b450d67f6f@group-42ACBF6EBE4E-LeaderElection88] INFO  impl.RoleInfo (RoleInfo.java:updateAndGet(143)) - decc5551-dd4b-40dc-8ff5-b6b450d67f6f: start FollowerState
2019-10-17 07:10:28,457 [Thread-933] INFO  impl.FollowerState (FollowerState.java:run(108)) - decc5551-dd4b-40dc-8ff5-b6b450d67f6f@group-42ACBF6EBE4E-FollowerState: change to CANDIDATE, lastRpcTime:31ms, electionTimeout:30ms
2019-10-17 07:10:28,459 [Thread-933] INFO  impl.RoleInfo (RoleInfo.java:shutdownFollowerState(121)) - decc5551-dd4b-40dc-8ff5-b6b450d67f6f: shutdown FollowerState
2019-10-17 07:10:28,459 [Thread-933] INFO  impl.RaftServerImpl (RaftServerImpl.java:setRole(184)) - decc5551-dd4b-40dc-8ff5-b6b450d67f6f@group-42ACBF6EBE4E: changes role from  FOLLOWER to CANDIDATE at term 46 for changeToCandidate
2019-10-17 07:10:28,460 [Thread-933] INFO  impl.RoleInfo (RoleInfo.java:updateAndGet(143)) - decc5551-dd4b-40dc-8ff5-b6b450d67f6f: start LeaderElection
2019-10-17 07:10:28,468 [decc5551-dd4b-40dc-8ff5-b6b450d67f6f@group-42ACBF6EBE4E-LeaderElection89] INFO  impl.LeaderElection (LeaderElection.java:askForVotes(178)) - decc5551-dd4b-40dc-8ff5-b6b450d67f6f@group-42ACBF6EBE4E-LeaderElection89: begin an election at term 47 for -1: [215fceca-0555-458b-bc4f-ba38ff24d5ba:192.168.157.211:43803, decc5551-dd4b-40dc-8ff5-b6b450d67f6f:192.168.157.211:34435, 0c631657-10a5-4e2a-a322-8fc6c651b2ed:192.168.157.211:41694], old=null
2019-10-17 07:10:28,470 [grpc-default-executor-3] INFO  impl.RaftServerImpl (RaftServerImpl.java:setRole(184)) - 0c631657-10a5-4e2a-a322-8fc6c651b2ed@group-42ACBF6EBE4E: changes role from  FOLLOWER to FOLLOWER at term 47 for recognizeCandidate:decc5551-dd4b-40dc-8ff5-b6b450d67f6f
2019-10-17 07:10:28,470 [grpc-default-executor-11] INFO  impl.RaftServerImpl (RaftServerImpl.java:setRole(184)) - 215fceca-0555-458b-bc4f-ba38ff24d5ba@group-42ACBF6EBE4E: changes role from  FOLLOWER to FOLLOWER at term 47 for recognizeCandidate:decc5551-dd4b-40dc-8ff5-b6b450d67f6f
2019-10-17 07:10:28,471 [grpc-default-executor-3] INFO  impl.RoleInfo (RoleInfo.java:shutdownFollowerState(121)) - 0c631657-10a5-4e2a-a322-8fc6c651b2ed: shutdown FollowerState
2019-10-17 07:10:28,471 [grpc-default-executor-11] INFO  impl.RoleInfo (RoleInfo.java:shutdownFollowerState(121)) - 215fceca-0555-458b-bc4f-ba38ff24d5ba: shutdown FollowerState
2019-10-17 07:10:28,471 [Thread-932] INFO  impl.FollowerState (FollowerState.java:run(117)) - 0c631657-10a5-4e2a-a322-8fc6c651b2ed@group-42ACBF6EBE4E-FollowerState was interrupted: java.lang.InterruptedException: sleep interrupted
2019-10-17 07:10:28,471 [grpc-default-executor-3] INFO  impl.RoleInfo (RoleInfo.java:updateAndGet(143)) - 0c631657-10a5-4e2a-a322-8fc6c651b2ed: start FollowerState
2019-10-17 07:10:28,471 [Thread-931] INFO  impl.FollowerState (FollowerState.java:run(117)) - 215fceca-0555-458b-bc4f-ba38ff24d5ba@group-42ACBF6EBE4E-FollowerState was interrupted: java.lang.InterruptedException: sleep interrupted
2019-10-17 07:10:28,471 [grpc-default-executor-11] INFO  impl.RoleInfo (RoleInfo.java:updateAndGet(143)) - 215fceca-0555-458b-bc4f-ba38ff24d5ba: start FollowerState
2019-10-17 07:10:28,483 [decc5551-dd4b-40dc-8ff5-b6b450d67f6f@group-42ACBF6EBE4E-LeaderElection89] INFO  impl.LeaderElection (LeaderElection.java:logAndReturn(56)) - decc5551-dd4b-40dc-8ff5-b6b450d67f6f@group-42ACBF6EBE4E-LeaderElection89: Election REJECTED; received 2 response(s) [decc5551-dd4b-40dc-8ff5-b6b450d67f6f<-215fceca-0555-458b-bc4f-ba38ff24d5ba#0:FAIL-t47, decc5551-dd4b-40dc-8ff5-b6b450d67f6f<-0c631657-10a5-4e2a-a322-8fc6c651b2ed#0:FAIL-t47] and 0 exception(s); decc5551-dd4b-40dc-8ff5-b6b450d67f6f@group-42ACBF6EBE4E:t47, leader=null, voted=decc5551-dd4b-40dc-8ff5-b6b450d67f6f, raftlog=decc5551-dd4b-40dc-8ff5-b6b450d67f6f@group-42ACBF6EBE4E-SegmentedRaftLog:OPENED:c-1,f-1,i0, conf=-1: [215fceca-0555-458b-bc4f-ba38ff24d5ba:192.168.157.211:43803, decc5551-dd4b-40dc-8ff5-b6b450d67f6f:192.168.157.211:34435, 0c631657-10a5-4e2a-a322-8fc6c651b2ed:192.168.157.211:41694], old=null
2019-10-17 07:10:28,483 [decc5551-dd4b-40dc-8ff5-b6b450d67f6f@group-42ACBF6EBE4E-LeaderElection89] INFO  impl.RaftServerImpl (RaftServerImpl.java:setRole(184)) - decc5551-dd4b-40dc-8ff5-b6b450d67f6f@group-42ACBF6EBE4E: changes role from CANDIDATE to FOLLOWER at term 47 for DISCOVERED_A_NEW_TERM
2019-10-17 07:10:28,483 [decc5551-dd4b-40dc-8ff5-b6b450d67f6f@group-42ACBF6EBE4E-LeaderElection89] INFO  impl.RoleInfo (RoleInfo.java:shutdownLeaderElection(134)) - decc5551-dd4b-40dc-8ff5-b6b450d67f6f: shutdown LeaderElection
2019-10-17 07:10:28,483 [decc5551-dd4b-40dc-8ff5-b6b450d67f6f@group-42ACBF6EBE4E-LeaderElection89] INFO  impl.RoleInfo (RoleInfo.java:updateAndGet(143)) - decc5551-dd4b-40dc-8ff5-b6b450d67f6f: start FollowerState
2019-10-17 07:10:28,541 [Thread-927] INFO  impl.FollowerState (FollowerState.java:run(108)) - 5c4ee31d-c5ed-4c65-a5df-da3e3cf53ac2@group-233C052D78D6-FollowerState: change to CANDIDATE, lastRpcTime:158ms, electionTimeout:158ms
2019-10-17 07:10:28,541 [Thread-927] INFO  impl.RoleInfo (RoleInfo.java:shutdownFollowerState(121)) - 5c4ee31d-c5ed-4c65-a5df-da3e3cf53ac2: shutdown FollowerState
2019-10-17 07:10:28,541 [Thread-927] INFO  impl.RaftServerImpl (RaftServerImpl.java:setRole(184)) - 5c4ee31d-c5ed-4c65-a5df-da3e3cf53ac2@group-233C052D78D6: changes role from  FOLLOWER to CANDIDATE at term 41 for changeToCandidate
2019-10-17 07:10:28,541 [Thread-927] INFO  impl.RoleInfo (RoleInfo.java:updateAndGet(143)) - 5c4ee31d-c5ed-4c65-a5df-da3e3cf53ac2: start LeaderElection
2019-10-17 07:10:28,556 [5c4ee31d-c5ed-4c65-a5df-da3e3cf53ac2@group-233C052D78D6-LeaderElection90] INFO  impl.LeaderElection (LeaderElection.java:askForVotes(178)) - 5c4ee31d-c5ed-4c65-a5df-da3e3cf53ac2@group-233C052D78D6-LeaderElection90: begin an election at term 42 for -1: [67ae3572-7d88-4e50-b53b-0f48f6748b38:192.168.157.211:41299, 831edaa1-80a5-4091-843f-90c648a5a79d:192.168.157.211:44365, 5c4ee31d-c5ed-4c65-a5df-da3e3cf53ac2:192.168.157.211:45059], old=null
2019-10-17 07:10:28,558 [grpc-default-executor-3] INFO  impl.RaftServerImpl (RaftServerImpl.java:setRole(184)) - 831edaa1-80a5-4091-843f-90c648a5a79d@group-233C052D78D6: changes role from  FOLLOWER to FOLLOWER at term 42 for recognizeCandidate:5c4ee31d-c5ed-4c65-a5df-da3e3cf53ac2
2019-10-17 07:10:28,558 [grpc-default-executor-11] INFO  impl.RaftServerImpl (RaftServerImpl.java:setRole(184)) - 67ae3572-7d88-4e50-b53b-0f48f6748b38@group-233C052D78D6: changes role from  FOLLOWER to FOLLOWER at term 42 for recognizeCandidate:5c4ee31d-c5ed-4c65-a5df-da3e3cf53ac2
2019-10-17 07:10:28,558 [grpc-default-executor-3] INFO  impl.RoleInfo (RoleInfo.java:shutdownFollowerState(121)) - 831edaa1-80a5-4091-843f-90c648a5a79d: shutdown FollowerState
2019-10-17 07:10:28,559 [grpc-default-executor-11] INFO  impl.RoleInfo (RoleInfo.java:shutdownFollowerState(121)) - 67ae3572-7d88-4e50-b53b-0f48f6748b38: shutdown FollowerState
2019-10-17 07:10:28,559 [Thread-926] INFO  impl.FollowerState (FollowerState.java:run(117)) - 831edaa1-80a5-4091-843f-90c648a5a79d@group-233C052D78D6-FollowerState was interrupted: java.lang.InterruptedException: sleep interrupted
2019-10-17 07:10:28,559 [Thread-941] INFO  impl.FollowerState (FollowerState.java:run(108)) - decc5551-dd4b-40dc-8ff5-b6b450d67f6f@group-42ACBF6EBE4E-FollowerState: change to CANDIDATE, lastRpcTime:75ms, electionTimeout:75ms
2019-10-17 07:10:28,559 [grpc-default-executor-3] INFO  impl.RoleInfo (RoleInfo.java:updateAndGet(143)) - 831edaa1-80a5-4091-843f-90c648a5a79d: start FollowerState
2019-10-17 07:10:28,559 [Thread-941] INFO  impl.RoleInfo (RoleInfo.java:shutdownFollowerState(121)) - decc5551-dd4b-40dc-8ff5-b6b450d67f6f: shutdown FollowerState
2019-10-17 07:10:28,559 [Thread-925] INFO  impl.FollowerState (FollowerState.java:run(117)) - 67ae3572-7d88-4e50-b53b-0f48f6748b38@group-233C052D78D6-FollowerState was interrupted: java.lang.InterruptedException: sleep interrupted
2019-10-17 07:10:28,559 [grpc-default-executor-11] INFO  impl.RoleInfo (RoleInfo.java:updateAndGet(143)) - 67ae3572-7d88-4e50-b53b-0f48f6748b38: start FollowerState
2019-10-17 07:10:28,559 [Thread-941] INFO  impl.RaftServerImpl (RaftServerImpl.java:setRole(184)) - decc5551-dd4b-40dc-8ff5-b6b450d67f6f@group-42ACBF6EBE4E: changes role from  FOLLOWER to CANDIDATE at term 47 for changeToCandidate
2019-10-17 07:10:28,560 [Thread-941] INFO  impl.RoleInfo (RoleInfo.java:updateAndGet(143)) - decc5551-dd4b-40dc-8ff5-b6b450d67f6f: start LeaderElection
2019-10-17 07:10:28,573 [decc5551-dd4b-40dc-8ff5-b6b450d67f6f@group-42ACBF6EBE4E-LeaderElection91] INFO  impl.LeaderElection (LeaderElection.java:askForVotes(178)) - decc5551-dd4b-40dc-8ff5-b6b450d67f6f@group-42ACBF6EBE4E-LeaderElection91: begin an election at term 48 for -1: [215fceca-0555-458b-bc4f-ba38ff24d5ba:192.168.157.211:43803, decc5551-dd4b-40dc-8ff5-b6b450d67f6f:192.168.157.211:34435, 0c631657-10a5-4e2a-a322-8fc6c651b2ed:192.168.157.211:41694], old=null
2019-10-17 07:10:28,574 [5c4ee31d-c5ed-4c65-a5df-da3e3cf53ac2@group-233C052D78D6-LeaderElection90] INFO  impl.LeaderElection (LeaderElection.java:logAndReturn(56)) - 5c4ee31d-c5ed-4c65-a5df-da3e3cf53ac2@group-233C052D78D6-LeaderElection90: Election REJECTED; received 2 response(s) [5c4ee31d-c5ed-4c65-a5df-da3e3cf53ac2<-67ae3572-7d88-4e50-b53b-0f48f6748b38#0:FAIL-t42, 5c4ee31d-c5ed-4c65-a5df-da3e3cf53ac2<-831edaa1-80a5-4091-843f-90c648a5a79d#0:FAIL-t42] and 0 exception(s); 5c4ee31d-c5ed-4c65-a5df-da3e3cf53ac2@group-233C052D78D6:t42, leader=null, voted=5c4ee31d-c5ed-4c65-a5df-da3e3cf53ac2, raftlog=5c4ee31d-c5ed-4c65-a5df-da3e3cf53ac2@group-233C052D78D6-SegmentedRaftLog:OPENED:c-1,f-1,i0, conf=-1: [67ae3572-7d88-4e50-b53b-0f48f6748b38:192.168.157.211:41299, 831edaa1-80a5-4091-843f-90c648a5a79d:192.168.157.211:44365, 5c4ee31d-c5ed-4c65-a5df-da3e3cf53ac2:192.168.157.211:45059], old=null
2019-10-17 07:10:28,574 [5c4ee31d-c5ed-4c65-a5df-da3e3cf53ac2@group-233C052D78D6-LeaderElection90] INFO  impl.RaftServerImpl (RaftServerImpl.java:setRole(184)) - 5c4ee31d-c5ed-4c65-a5df-da3e3cf53ac2@group-233C052D78D6: changes role from CANDIDATE to FOLLOWER at term 42 for DISCOVERED_A_NEW_TERM
2019-10-17 07:10:28,574 [5c4ee31d-c5ed-4c65-a5df-da3e3cf53ac2@group-233C052D78D6-LeaderElection90] INFO  impl.RoleInfo (RoleInfo.java:shutdownLeaderElection(134)) - 5c4ee31d-c5ed-4c65-a5df-da3e3cf53ac2: shutdown LeaderElection
2019-10-17 07:10:28,574 [5c4ee31d-c5ed-4c65-a5df-da3e3cf53ac2@group-233C052D78D6-LeaderElection90] INFO  impl.RoleInfo (RoleInfo.java:updateAndGet(143)) - 5c4ee31d-c5ed-4c65-a5df-da3e3cf53ac2: start FollowerState
2019-10-17 07:10:28,575 [grpc-default-executor-3] INFO  impl.RaftServerImpl (RaftServerImpl.java:setRole(184)) - 215fceca-0555-458b-bc4f-ba38ff24d5ba@group-42ACBF6EBE4E: changes role from  FOLLOWER to FOLLOWER at term 48 for recognizeCandidate:decc5551-dd4b-40dc-8ff5-b6b450d67f6f
2019-10-17 07:10:28,575 [grpc-default-executor-3] INFO  impl.RoleInfo (RoleInfo.java:shutdownFollowerState(121)) - 215fceca-0555-458b-bc4f-ba38ff24d5ba: shutdown FollowerState
2019-10-17 07:10:28,575 [grpc-default-executor-11] INFO  impl.RaftServerImpl (RaftServerImpl.java:setRole(184)) - 0c631657-10a5-4e2a-a322-8fc6c651b2ed@group-42ACBF6EBE4E: changes role from  FOLLOWER to FOLLOWER at term 48 for recognizeCandidate:decc5551-dd4b-40dc-8ff5-b6b450d67f6f
2019-10-17 07:10:28,575 [Thread-940] INFO  impl.FollowerState (FollowerState.java:run(117)) - 215fceca-0555-458b-bc4f-ba38ff24d5ba@group-42ACBF6EBE4E-FollowerState was interrupted: java.lang.InterruptedException: sleep interrupted
2019-10-17 07:10:28,575 [grpc-default-executor-3] INFO  impl.RoleInfo (RoleInfo.java:updateAndGet(143)) - 215fceca-0555-458b-bc4f-ba38ff24d5ba: start FollowerState
2019-10-17 07:10:28,575 [grpc-default-executor-11] INFO  impl.RoleInfo (RoleInfo.java:shutdownFollowerState(121)) - 0c631657-10a5-4e2a-a322-8fc6c651b2ed: shutdown FollowerState
2019-10-17 07:10:28,576 [grpc-default-executor-11] INFO  impl.RoleInfo (RoleInfo.java:updateAndGet(143)) - 0c631657-10a5-4e2a-a322-8fc6c651b2ed: start FollowerState
2019-10-17 07:10:28,576 [Thread-939] INFO  impl.FollowerState (FollowerState.java:run(117)) - 0c631657-10a5-4e2a-a322-8fc6c651b2ed@group-42ACBF6EBE4E-FollowerState was interrupted: java.lang.InterruptedException: sleep interrupted
2019-10-17 07:10:28,591 [decc5551-dd4b-40dc-8ff5-b6b450d67f6f@group-42ACBF6EBE4E-LeaderElection91] INFO  impl.LeaderElection (LeaderElection.java:logAndReturn(56)) - decc5551-dd4b-40dc-8ff5-b6b450d67f6f@group-42ACBF6EBE4E-LeaderElection91: Election REJECTED; received 2 response(s) [decc5551-dd4b-40dc-8ff5-b6b450d67f6f<-215fceca-0555-458b-bc4f-ba38ff24d5ba#0:FAIL-t48, decc5551-dd4b-40dc-8ff5-b6b450d67f6f<-0c631657-10a5-4e2a-a322-8fc6c651b2ed#0:FAIL-t48] and 0 exception(s); decc5551-dd4b-40dc-8ff5-b6b450d67f6f@group-42ACBF6EBE4E:t48, leader=null, voted=decc5551-dd4b-40dc-8ff5-b6b450d67f6f, raftlog=decc5551-dd4b-40dc-8ff5-b6b450d67f6f@group-42ACBF6EBE4E-SegmentedRaftLog:OPENED:c-1,f-1,i0, conf=-1: [215fceca-0555-458b-bc4f-ba38ff24d5ba:192.168.157.211:43803, decc5551-dd4b-40dc-8ff5-b6b450d67f6f:192.168.157.211:34435, 0c631657-10a5-4e2a-a322-8fc6c651b2ed:192.168.157.211:41694], old=null
2019-10-17 07:10:28,592 [decc5551-dd4b-40dc-8ff5-b6b450d67f6f@group-42ACBF6EBE4E-LeaderElection91] INFO  impl.RaftServerImpl (RaftServerImpl.java:setRole(184)) - decc5551-dd4b-40dc-8ff5-b6b450d67f6f@group-42ACBF6EBE4E: changes role from CANDIDATE to FOLLOWER at term 48 for DISCOVERED_A_NEW_TERM
2019-10-17 07:10:28,592 [decc5551-dd4b-40dc-8ff5-b6b450d67f6f@group-42ACBF6EBE4E-LeaderElection91] INFO  impl.RoleInfo (RoleInfo.java:shutdownLeaderElection(134)) - decc5551-dd4b-40dc-8ff5-b6b450d67f6f: shutdown LeaderElection
2019-10-17 07:10:28,592 [decc5551-dd4b-40dc-8ff5-b6b450d67f6f@group-42ACBF6EBE4E-LeaderElection91] INFO  impl.RoleInfo (RoleInfo.java:updateAndGet(143)) - decc5551-dd4b-40dc-8ff5-b6b450d67f6f: start FollowerState
2019-10-17 07:10:28,668 [Thread-955] INFO  impl.FollowerState (FollowerState.java:run(108)) - decc5551-dd4b-40dc-8ff5-b6b450d67f6f@group-42ACBF6EBE4E-FollowerState: change to CANDIDATE, lastRpcTime:76ms, electionTimeout:76ms
2019-10-17 07:10:28,669 [Thread-955] INFO  impl.RoleInfo (RoleInfo.java:shutdownFollowerState(121)) - decc5551-dd4b-40dc-8ff5-b6b450d67f6f: shutdown FollowerState
2019-10-17 07:10:28,669 [Thread-955] INFO  impl.RaftServerImpl (RaftServerImpl.java:setRole(184)) - decc5551-dd4b-40dc-8ff5-b6b450d67f6f@group-42ACBF6EBE4E: changes role from  FOLLOWER to CANDIDATE at term 48 for changeToCandidate
2019-10-17 07:10:28,669 [Thread-955] INFO  impl.RoleInfo (RoleInfo.java:updateAndGet(143)) - decc5551-dd4b-40dc-8ff5-b6b450d67f6f: start LeaderElection
2019-10-17 07:10:28,672 [Thread-952] INFO  impl.FollowerState (FollowerState.java:run(108)) - 5c4ee31d-c5ed-4c65-a5df-da3e3cf53ac2@group-233C052D78D6-FollowerState: change to CANDIDATE, lastRpcTime:97ms, electionTimeout:97ms
2019-10-17 07:10:28,672 [Thread-952] INFO  impl.RoleInfo (RoleInfo.java:shutdownFollowerState(121)) - 5c4ee31d-c5ed-4c65-a5df-da3e3cf53ac2: shutdown FollowerState
2019-10-17 07:10:28,672 [Thread-952] INFO  impl.RaftServerImpl (RaftServerImpl.java:setRole(184)) - 5c4ee31d-c5ed-4c65-a5df-da3e3cf53ac2@group-233C052D78D6: changes role from  FOLLOWER to CANDIDATE at term 42 for changeToCandidate
2019-10-17 07:10:28,672 [Thread-952] INFO  impl.RoleInfo (RoleInfo.java:updateAndGet(143)) - 5c4ee31d-c5ed-4c65-a5df-da3e3cf53ac2: start LeaderElection
2019-10-17 07:10:28,694 [5c4ee31d-c5ed-4c65-a5df-da3e3cf53ac2@group-233C052D78D6-LeaderElection93] INFO  impl.LeaderElection (LeaderElection.java:askForVotes(178)) - 5c4ee31d-c5ed-4c65-a5df-da3e3cf53ac2@group-233C052D78D6-LeaderElection93: begin an election at term 43 for -1: [67ae3572-7d88-4e50-b53b-0f48f6748b38:192.168.157.211:41299, 831edaa1-80a5-4091-843f-90c648a5a79d:192.168.157.211:44365, 5c4ee31d-c5ed-4c65-a5df-da3e3cf53ac2:192.168.157.211:45059], old=null
2019-10-17 07:10:28,694 [decc5551-dd4b-40dc-8ff5-b6b450d67f6f@group-42ACBF6EBE4E-LeaderElection92] INFO  impl.LeaderElection (LeaderElection.java:askForVotes(178)) - decc5551-dd4b-40dc-8ff5-b6b450d67f6f@group-42ACBF6EBE4E-LeaderElection92: begin an election at term 49 for -1: [215fceca-0555-458b-bc4f-ba38ff24d5ba:192.168.157.211:43803, decc5551-dd4b-40dc-8ff5-b6b450d67f6f:192.168.157.211:34435, 0c631657-10a5-4e2a-a322-8fc6c651b2ed:192.168.157.211:41694], old=null
2019-10-17 07:10:28,696 [grpc-default-executor-3] INFO  impl.RaftServerImpl (RaftServerImpl.java:setRole(184)) - 67ae3572-7d88-4e50-b53b-0f48f6748b38@group-233C052D78D6: changes role from  FOLLOWER to FOLLOWER at term 43 for recognizeCandidate:5c4ee31d-c5ed-4c65-a5df-da3e3cf53ac2
2019-10-17 07:10:28,696 [grpc-default-executor-3] INFO  impl.RoleInfo (RoleInfo.java:shutdownFollowerState(121)) - 67ae3572-7d88-4e50-b53b-0f48f6748b38: shutdown FollowerState
2019-10-17 07:10:28,696 [grpc-default-executor-11] INFO  impl.RaftServerImpl (RaftServerImpl.java:setRole(184)) - 831edaa1-80a5-4091-843f-90c648a5a79d@group-233C052D78D6: changes role from  FOLLOWER to FOLLOWER at term 43 for recognizeCandidate:5c4ee31d-c5ed-4c65-a5df-da3e3cf53ac2
2019-10-17 07:10:28,696 [grpc-default-executor-11] INFO  impl.RoleInfo (RoleInfo.java:shutdownFollowerState(121)) - 831edaa1-80a5-4091-843f-90c648a5a79d: shutdown FollowerState
2019-10-17 07:10:28,696 [Thread-948] INFO  impl.FollowerState (FollowerState.java:run(117)) - 67ae3572-7d88-4e50-b53b-0f48f6748b38@group-233C052D78D6-FollowerState was interrupted: java.lang.InterruptedException: sleep interrupted
2019-10-17 07:10:28,696 [grpc-default-executor-3] INFO  impl.RoleInfo (RoleInfo.java:updateAndGet(143)) - 67ae3572-7d88-4e50-b53b-0f48f6748b38: start FollowerState
2019-10-17 07:10:28,697 [grpc-default-executor-10] INFO  impl.RaftServerImpl (RaftServerImpl.java:setRole(184)) - 0c631657-10a5-4e2a-a322-8fc6c651b2ed@group-42ACBF6EBE4E: changes role from  FOLLOWER to FOLLOWER at term 49 for recognizeCandidate:decc5551-dd4b-40dc-8ff5-b6b450d67f6f
2019-10-17 07:10:28,697 [grpc-default-executor-10] INFO  impl.RoleInfo (RoleInfo.java:shutdownFollowerState(121)) - 0c631657-10a5-4e2a-a322-8fc6c651b2ed: shutdown FollowerState
2019-10-17 07:10:28,697 [Thread-947] INFO  impl.FollowerState (FollowerState.java:run(117)) - 831edaa1-80a5-4091-843f-90c648a5a79d@group-233C052D78D6-FollowerState was interrupted: java.lang.InterruptedException: sleep interrupted
2019-10-17 07:10:28,697 [grpc-default-executor-11] INFO  impl.RoleInfo (RoleInfo.java:updateAndGet(143)) - 831edaa1-80a5-4091-843f-90c648a5a79d: start FollowerState
2019-10-17 07:10:28,697 [Thread-954] INFO  impl.FollowerState (FollowerState.java:run(117)) - 0c631657-10a5-4e2a-a322-8fc6c651b2ed@group-42ACBF6EBE4E-FollowerState was interrupted: java.lang.InterruptedException: sleep interrupted
2019-10-17 07:10:28,697 [grpc-default-executor-10] INFO  impl.RoleInfo (RoleInfo.java:updateAndGet(143)) - 0c631657-10a5-4e2a-a322-8fc6c651b2ed: start FollowerState
2019-10-17 07:10:28,697 [grpc-default-executor-9] INFO  impl.RaftServerImpl (RaftServerImpl.java:setRole(184)) - 215fceca-0555-458b-bc4f-ba38ff24d5ba@group-42ACBF6EBE4E: changes role from  FOLLOWER to FOLLOWER at term 49 for recognizeCandidate:decc5551-dd4b-40dc-8ff5-b6b450d67f6f
2019-10-17 07:10:28,698 [grpc-default-executor-9] INFO  impl.RoleInfo (RoleInfo.java:shutdownFollowerState(121)) - 215fceca-0555-458b-bc4f-ba38ff24d5ba: shutdown FollowerState
2019-10-17 07:10:28,698 [grpc-default-executor-9] INFO  impl.RoleInfo (RoleInfo.java:updateAndGet(143)) - 215fceca-0555-458b-bc4f-ba38ff24d5ba: start FollowerState
2019-10-17 07:10:28,698 [Thread-953] INFO  impl.FollowerState (FollowerState.java:run(117)) - 215fceca-0555-458b-bc4f-ba38ff24d5ba@group-42ACBF6EBE4E-FollowerState was interrupted: java.lang.InterruptedException: sleep interrupted
2019-10-17 07:10:28,701 [decc5551-dd4b-40dc-8ff5-b6b450d67f6f@group-42ACBF6EBE4E-LeaderElection92] INFO  impl.LeaderElection (LeaderElection.java:logAndReturn(56)) - decc5551-dd4b-40dc-8ff5-b6b450d67f6f@group-42ACBF6EBE4E-LeaderElection92: Election TIMEOUT; received 0 response(s) [] and 0 exception(s); decc5551-dd4b-40dc-8ff5-b6b450d67f6f@group-42ACBF6EBE4E:t49, leader=null, voted=decc5551-dd4b-40dc-8ff5-b6b450d67f6f, raftlog=decc5551-dd4b-40dc-8ff5-b6b450d67f6f@group-42ACBF6EBE4E-SegmentedRaftLog:OPENED:c-1,f-1,i0, conf=-1: [215fceca-0555-458b-bc4f-ba38ff24d5ba:192.168.157.211:43803, decc5551-dd4b-40dc-8ff5-b6b450d67f6f:192.168.157.211:34435, 0c631657-10a5-4e2a-a322-8fc6c651b2ed:192.168.157.211:41694], old=null
2019-10-17 07:10:28,712 [decc5551-dd4b-40dc-8ff5-b6b450d67f6f@group-42ACBF6EBE4E-LeaderElection92] INFO  impl.LeaderElection (LeaderElection.java:askForVotes(178)) - decc5551-dd4b-40dc-8ff5-b6b450d67f6f@group-42ACBF6EBE4E-LeaderElection92: begin an election at term 50 for -1: [215fceca-0555-458b-bc4f-ba38ff24d5ba:192.168.157.211:43803, decc5551-dd4b-40dc-8ff5-b6b450d67f6f:192.168.157.211:34435, 0c631657-10a5-4e2a-a322-8fc6c651b2ed:192.168.157.211:41694], old=null
2019-10-17 07:10:28,713 [5c4ee31d-c5ed-4c65-a5df-da3e3cf53ac2@group-233C052D78D6-LeaderElection93] INFO  impl.LeaderElection (LeaderElection.java:logAndReturn(56)) - 5c4ee31d-c5ed-4c65-a5df-da3e3cf53ac2@group-233C052D78D6-LeaderElection93: Election REJECTED; received 2 response(s) [5c4ee31d-c5ed-4c65-a5df-da3e3cf53ac2<-67ae3572-7d88-4e50-b53b-0f48f6748b38#0:FAIL-t43, 5c4ee31d-c5ed-4c65-a5df-da3e3cf53ac2<-831edaa1-80a5-4091-843f-90c648a5a79d#0:FAIL-t43] and 0 exception(s); 5c4ee31d-c5ed-4c65-a5df-da3e3cf53ac2@group-233C052D78D6:t43, leader=null, voted=5c4ee31d-c5ed-4c65-a5df-da3e3cf53ac2, raftlog=5c4ee31d-c5ed-4c65-a5df-da3e3cf53ac2@group-233C052D78D6-SegmentedRaftLog:OPENED:c-1,f-1,i0, conf=-1: [67ae3572-7d88-4e50-b53b-0f48f6748b38:192.168.157.211:41299, 831edaa1-80a5-4091-843f-90c648a5a79d:192.168.157.211:44365, 5c4ee31d-c5ed-4c65-a5df-da3e3cf53ac2:192.168.157.211:45059], old=null
2019-10-17 07:10:28,714 [5c4ee31d-c5ed-4c65-a5df-da3e3cf53ac2@group-233C052D78D6-LeaderElection93] INFO  impl.RaftServerImpl (RaftServerImpl.java:setRole(184)) - 5c4ee31d-c5ed-4c65-a5df-da3e3cf53ac2@group-233C052D78D6: changes role from CANDIDATE to FOLLOWER at term 43 for DISCOVERED_A_NEW_TERM
2019-10-17 07:10:28,714 [5c4ee31d-c5ed-4c65-a5df-da3e3cf53ac2@group-233C052D78D6-LeaderElection93] INFO  impl.RoleInfo (RoleInfo.java:shutdownLeaderElection(134)) - 5c4ee31d-c5ed-4c65-a5df-da3e3cf53ac2: shutdown LeaderElection
2019-10-17 07:10:28,714 [grpc-default-executor-10] INFO  impl.RaftServerImpl (RaftServerImpl.java:setRole(184)) - 0c631657-10a5-4e2a-a322-8fc6c651b2ed@group-42ACBF6EBE4E: changes role from  FOLLOWER to FOLLOWER at term 50 for recognizeCandidate:decc5551-dd4b-40dc-8ff5-b6b450d67f6f
2019-10-17 07:10:28,714 [grpc-default-executor-10] INFO  impl.RoleInfo (RoleInfo.java:shutdownFollowerState(121)) - 0c631657-10a5-4e2a-a322-8fc6c651b2ed: shutdown FollowerState
2019-10-17 07:10:28,714 [5c4ee31d-c5ed-4c65-a5df-da3e3cf53ac2@group-233C052D78D6-LeaderElection93] INFO  impl.RoleInfo (RoleInfo.java:updateAndGet(143)) - 5c4ee31d-c5ed-4c65-a5df-da3e3cf53ac2: start FollowerState
2019-10-17 07:10:28,714 [Thread-964] INFO  impl.FollowerState (FollowerState.java:run(117)) - 0c631657-10a5-4e2a-a322-8fc6c651b2ed@group-42ACBF6EBE4E-FollowerState was interrupted: java.lang.InterruptedException: sleep interrupted
2019-10-17 07:10:28,714 [grpc-default-executor-10] INFO  impl.RoleInfo (RoleInfo.java:updateAndGet(143)) - 0c631657-10a5-4e2a-a322-8fc6c651b2ed: start FollowerState
2019-10-17 07:10:28,715 [grpc-default-executor-9] INFO  impl.RaftServerImpl (RaftServerImpl.java:setRole(184)) - 215fceca-0555-458b-bc4f-ba38ff24d5ba@group-42ACBF6EBE4E: changes role from  FOLLOWER to FOLLOWER at term 50 for recognizeCandidate:decc5551-dd4b-40dc-8ff5-b6b450d67f6f
2019-10-17 07:10:28,715 [grpc-default-executor-9] INFO  impl.RoleInfo (RoleInfo.java:shutdownFollowerState(121)) - 215fceca-0555-458b-bc4f-ba38ff24d5ba: shutdown FollowerState
2019-10-17 07:10:28,715 [grpc-default-executor-9] INFO  impl.RoleInfo (RoleInfo.java:updateAndGet(143)) - 215fceca-0555-458b-bc4f-ba38ff24d5ba: start FollowerState
2019-10-17 07:10:28,715 [Thread-965] INFO  impl.FollowerState (FollowerState.java:run(117)) - 215fceca-0555-458b-bc4f-ba38ff24d5ba@group-42ACBF6EBE4E-FollowerState was interrupted: java.lang.InterruptedException: sleep interrupted
2019-10-17 07:10:28,728 [decc5551-dd4b-40dc-8ff5-b6b450d67f6f@group-42ACBF6EBE4E-LeaderElection92] INFO  impl.LeaderElection (LeaderElection.java:logAndReturn(56)) - decc5551-dd4b-40dc-8ff5-b6b450d67f6f@group-42ACBF6EBE4E-LeaderElection92: Election REJECTED; received 2 response(s) [decc5551-dd4b-40dc-8ff5-b6b450d67f6f<-215fceca-0555-458b-bc4f-ba38ff24d5ba#0:FAIL-t50, decc5551-dd4b-40dc-8ff5-b6b450d67f6f<-0c631657-10a5-4e2a-a322-8fc6c651b2ed#0:FAIL-t50] and 0 exception(s); decc5551-dd4b-40dc-8ff5-b6b450d67f6f@group-42ACBF6EBE4E:t50, leader=null, voted=decc5551-dd4b-40dc-8ff5-b6b450d67f6f, raftlog=decc5551-dd4b-40dc-8ff5-b6b450d67f6f@group-42ACBF6EBE4E-SegmentedRaftLog:OPENED:c-1,f-1,i0, conf=-1: [215fceca-0555-458b-bc4f-ba38ff24d5ba:192.168.157.211:43803, decc5551-dd4b-40dc-8ff5-b6b450d67f6f:192.168.157.211:34435, 0c631657-10a5-4e2a-a322-8fc6c651b2ed:192.168.157.211:41694], old=null
2019-10-17 07:10:28,728 [decc5551-dd4b-40dc-8ff5-b6b450d67f6f@group-42ACBF6EBE4E-LeaderElection92] INFO  impl.RaftServerImpl (RaftServerImpl.java:setRole(184)) - decc5551-dd4b-40dc-8ff5-b6b450d67f6f@group-42ACBF6EBE4E: changes role from CANDIDATE to FOLLOWER at term 50 for DISCOVERED_A_NEW_TERM
2019-10-17 07:10:28,728 [decc5551-dd4b-40dc-8ff5-b6b450d67f6f@group-42ACBF6EBE4E-LeaderElection92] INFO  impl.RoleInfo (RoleInfo.java:shutdownLeaderElection(134)) - decc5551-dd4b-40dc-8ff5-b6b450d67f6f: shutdown LeaderElection
2019-10-17 07:10:28,728 [decc5551-dd4b-40dc-8ff5-b6b450d67f6f@group-42ACBF6EBE4E-LeaderElection92] INFO  impl.RoleInfo (RoleInfo.java:updateAndGet(143)) - decc5551-dd4b-40dc-8ff5-b6b450d67f6f: start FollowerState
2019-10-17 07:10:28,847 [Thread-968] INFO  impl.FollowerState (FollowerState.java:run(108)) - 5c4ee31d-c5ed-4c65-a5df-da3e3cf53ac2@group-233C052D78D6-FollowerState: change to CANDIDATE, lastRpcTime:132ms, electionTimeout:132ms
2019-10-17 07:10:28,847 [Thread-968] INFO  impl.RoleInfo (RoleInfo.java:shutdownFollowerState(121)) - 5c4ee31d-c5ed-4c65-a5df-da3e3cf53ac2: shutdown FollowerState
2019-10-17 07:10:28,847 [Thread-968] INFO  impl.RaftServerImpl (RaftServerImpl.java:setRole(184)) - 5c4ee31d-c5ed-4c65-a5df-da3e3cf53ac2@group-233C052D78D6: changes role from  FOLLOWER to CANDIDATE at term 43 for changeToCandidate
2019-10-17 07:10:28,848 [Thread-968] INFO  impl.RoleInfo (RoleInfo.java:updateAndGet(143)) - 5c4ee31d-c5ed-4c65-a5df-da3e3cf53ac2: start LeaderElection
2019-10-17 07:10:28,866 [Thread-971] INFO  impl.FollowerState (FollowerState.java:run(108)) - decc5551-dd4b-40dc-8ff5-b6b450d67f6f@group-42ACBF6EBE4E-FollowerState: change to CANDIDATE, lastRpcTime:137ms, electionTimeout:137ms
2019-10-17 07:10:28,866 [Thread-971] INFO  impl.RoleInfo (RoleInfo.java:shutdownFollowerState(121)) - decc5551-dd4b-40dc-8ff5-b6b450d67f6f: shutdown FollowerState
2019-10-17 07:10:28,866 [Thread-971] INFO  impl.RaftServerImpl (RaftServerImpl.java:setRole(184)) - decc5551-dd4b-40dc-8ff5-b6b450d67f6f@group-42ACBF6EBE4E: changes role from  FOLLOWER to CANDIDATE at term 50 for changeToCandidate
2019-10-17 07:10:28,866 [Thread-971] INFO  impl.RoleInfo (RoleInfo.java:updateAndGet(143)) - decc5551-dd4b-40dc-8ff5-b6b450d67f6f: start LeaderElection
2019-10-17 07:10:28,872 [5c4ee31d-c5ed-4c65-a5df-da3e3cf53ac2@group-233C052D78D6-LeaderElection94] INFO  impl.LeaderElection (LeaderElection.java:askForVotes(178)) - 5c4ee31d-c5ed-4c65-a5df-da3e3cf53ac2@group-233C052D78D6-LeaderElection94: begin an election at term 44 for -1: [67ae3572-7d88-4e50-b53b-0f48f6748b38:192.168.157.211:41299, 831edaa1-80a5-4091-843f-90c648a5a79d:192.168.157.211:44365, 5c4ee31d-c5ed-4c65-a5df-da3e3cf53ac2:192.168.157.211:45059], old=null
2019-10-17 07:10:28,872 [decc5551-dd4b-40dc-8ff5-b6b450d67f6f@group-42ACBF6EBE4E-LeaderElection95] INFO  impl.LeaderElection (LeaderElection.java:askForVotes(178)) - decc5551-dd4b-40dc-8ff5-b6b450d67f6f@group-42ACBF6EBE4E-LeaderElection95: begin an election at term 51 for -1: [215fceca-0555-458b-bc4f-ba38ff24d5ba:192.168.157.211:43803, decc5551-dd4b-40dc-8ff5-b6b450d67f6f:192.168.157.211:34435, 0c631657-10a5-4e2a-a322-8fc6c651b2ed:192.168.157.211:41694], old=null
2019-10-17 07:10:28,875 [grpc-default-executor-9] INFO  impl.RaftServerImpl (RaftServerImpl.java:setRole(184)) - 831edaa1-80a5-4091-843f-90c648a5a79d@group-233C052D78D6: changes role from  FOLLOWER to FOLLOWER at term 44 for recognizeCandidate:5c4ee31d-c5ed-4c65-a5df-da3e3cf53ac2
2019-10-17 07:10:28,875 [grpc-default-executor-3] INFO  impl.RaftServerImpl (RaftServerImpl.java:setRole(184)) - 67ae3572-7d88-4e50-b53b-0f48f6748b38@group-233C052D78D6: changes role from  FOLLOWER to FOLLOWER at term 44 for recognizeCandidate:5c4ee31d-c5ed-4c65-a5df-da3e3cf53ac2
2019-10-17 07:10:28,875 [grpc-default-executor-3] INFO  impl.RoleInfo (RoleInfo.java:shutdownFollowerState(121)) - 67ae3572-7d88-4e50-b53b-0f48f6748b38: shutdown FollowerState
2019-10-17 07:10:28,875 [grpc-default-executor-10] INFO  impl.RaftServerImpl (RaftServerImpl.java:setRole(184)) - 0c631657-10a5-4e2a-a322-8fc6c651b2ed@group-42ACBF6EBE4E: changes role from  FOLLOWER to FOLLOWER at term 51 for recognizeCandidate:decc5551-dd4b-40dc-8ff5-b6b450d67f6f
2019-10-17 07:10:28,876 [Thread-962] INFO  impl.FollowerState (FollowerState.java:run(117)) - 67ae3572-7d88-4e50-b53b-0f48f6748b38@group-233C052D78D6-FollowerState was interrupted: java.lang.InterruptedException: sleep interrupted
2019-10-17 07:10:28,876 [grpc-default-executor-3] INFO  impl.RoleInfo (RoleInfo.java:updateAndGet(143)) - 67ae3572-7d88-4e50-b53b-0f48f6748b38: start FollowerState
2019-10-17 07:10:28,875 [grpc-default-executor-11] INFO  impl.RaftServerImpl (RaftServerImpl.java:setRole(184)) - 215fceca-0555-458b-bc4f-ba38ff24d5ba@group-42ACBF6EBE4E: changes role from  FOLLOWER to FOLLOWER at term 51 for recognizeCandidate:decc5551-dd4b-40dc-8ff5-b6b450d67f6f
2019-10-17 07:10:28,875 [grpc-default-executor-9] INFO  impl.RoleInfo (RoleInfo.java:shutdownFollowerState(121)) - 831edaa1-80a5-4091-843f-90c648a5a79d: shutdown FollowerState
2019-10-17 07:10:28,876 [grpc-default-executor-9] INFO  impl.RoleInfo (RoleInfo.java:updateAndGet(143)) - 831edaa1-80a5-4091-843f-90c648a5a79d: start FollowerState
2019-10-17 07:10:28,876 [grpc-default-executor-11] INFO  impl.RoleInfo (RoleInfo.java:shutdownFollowerState(121)) - 215fceca-0555-458b-bc4f-ba38ff24d5ba: shutdown FollowerState
2019-10-17 07:10:28,876 [grpc-default-executor-10] INFO  impl.RoleInfo (RoleInfo.java:shutdownFollowerState(121)) - 0c631657-10a5-4e2a-a322-8fc6c651b2ed: shutdown FollowerState
2019-10-17 07:10:28,877 [Thread-963] INFO  impl.FollowerState (FollowerState.java:run(117)) - 831edaa1-80a5-4091-843f-90c648a5a79d@group-233C052D78D6-FollowerState was interrupted: java.lang.InterruptedException: sleep interrupted
2019-10-17 07:10:28,877 [Thread-970] INFO  impl.FollowerState (FollowerState.java:run(117)) - 215fceca-0555-458b-bc4f-ba38ff24d5ba@group-42ACBF6EBE4E-FollowerState was interrupted: java.lang.InterruptedException: sleep interrupted
2019-10-17 07:10:28,877 [grpc-default-executor-11] INFO  impl.RoleInfo (RoleInfo.java:updateAndGet(143)) - 215fceca-0555-458b-bc4f-ba38ff24d5ba: start FollowerState
2019-10-17 07:10:28,877 [Thread-969] INFO  impl.FollowerState (FollowerState.java:run(117)) - 0c631657-10a5-4e2a-a322-8fc6c651b2ed@group-42ACBF6EBE4E-FollowerState was interrupted: java.lang.InterruptedException: sleep interrupted
2019-10-17 07:10:28,877 [grpc-default-executor-10] INFO  impl.RoleInfo (RoleInfo.java:updateAndGet(143)) - 0c631657-10a5-4e2a-a322-8fc6c651b2ed: start FollowerState
2019-10-17 07:10:28,891 [decc5551-dd4b-40dc-8ff5-b6b450d67f6f@group-42ACBF6EBE4E-LeaderElection95] INFO  impl.LeaderElection (LeaderElection.java:logAndReturn(56)) - decc5551-dd4b-40dc-8ff5-b6b450d67f6f@group-42ACBF6EBE4E-LeaderElection95: Election REJECTED; received 2 response(s) [decc5551-dd4b-40dc-8ff5-b6b450d67f6f<-215fceca-0555-458b-bc4f-ba38ff24d5ba#0:FAIL-t51, decc5551-dd4b-40dc-8ff5-b6b450d67f6f<-0c631657-10a5-4e2a-a322-8fc6c651b2ed#0:FAIL-t51] and 0 exception(s); decc5551-dd4b-40dc-8ff5-b6b450d67f6f@group-42ACBF6EBE4E:t51, leader=null, voted=decc5551-dd4b-40dc-8ff5-b6b450d67f6f, raftlog=decc5551-dd4b-40dc-8ff5-b6b450d67f6f@group-42ACBF6EBE4E-SegmentedRaftLog:OPENED:c-1,f-1,i0, conf=-1: [215fceca-0555-458b-bc4f-ba38ff24d5ba:192.168.157.211:43803, decc5551-dd4b-40dc-8ff5-b6b450d67f6f:192.168.157.211:34435, 0c631657-10a5-4e2a-a322-8fc6c651b2ed:192.168.157.211:41694], old=null
2019-10-17 07:10:28,891 [decc5551-dd4b-40dc-8ff5-b6b450d67f6f@group-42ACBF6EBE4E-LeaderElection95] INFO  impl.RaftServerImpl (RaftServerImpl.java:setRole(184)) - decc5551-dd4b-40dc-8ff5-b6b450d67f6f@group-42ACBF6EBE4E: changes role from CANDIDATE to FOLLOWER at term 51 for DISCOVERED_A_NEW_TERM
2019-10-17 07:10:28,891 [5c4ee31d-c5ed-4c65-a5df-da3e3cf53ac2@group-233C052D78D6-LeaderElection94] INFO  impl.LeaderElection (LeaderElection.java:logAndReturn(56)) - 5c4ee31d-c5ed-4c65-a5df-da3e3cf53ac2@group-233C052D78D6-LeaderElection94: Election REJECTED; received 2 response(s) [5c4ee31d-c5ed-4c65-a5df-da3e3cf53ac2<-67ae3572-7d88-4e50-b53b-0f48f6748b38#0:FAIL-t44, 5c4ee31d-c5ed-4c65-a5df-da3e3cf53ac2<-831edaa1-80a5-4091-843f-90c648a5a79d#0:FAIL-t44] and 0 exception(s); 5c4ee31d-c5ed-4c65-a5df-da3e3cf53ac2@group-233C052D78D6:t44, leader=null, voted=5c4ee31d-c5ed-4c65-a5df-da3e3cf53ac2, raftlog=5c4ee31d-c5ed-4c65-a5df-da3e3cf53ac2@group-233C052D78D6-SegmentedRaftLog:OPENED:c-1,f-1,i0, conf=-1: [67ae3572-7d88-4e50-b53b-0f48f6748b38:192.168.157.211:41299, 831edaa1-80a5-4091-843f-90c648a5a79d:192.168.157.211:44365, 5c4ee31d-c5ed-4c65-a5df-da3e3cf53ac2:192.168.157.211:45059], old=null
2019-10-17 07:10:28,891 [decc5551-dd4b-40dc-8ff5-b6b450d67f6f@group-42ACBF6EBE4E-LeaderElection95] INFO  impl.RoleInfo (RoleInfo.java:shutdownLeaderElection(134)) - decc5551-dd4b-40dc-8ff5-b6b450d67f6f: shutdown LeaderElection
2019-10-17 07:10:28,892 [5c4ee31d-c5ed-4c65-a5df-da3e3cf53ac2@group-233C052D78D6-LeaderElection94] INFO  impl.RaftServerImpl (RaftServerImpl.java:setRole(184)) - 5c4ee31d-c5ed-4c65-a5df-da3e3cf53ac2@group-233C052D78D6: changes role from CANDIDATE to FOLLOWER at term 44 for DISCOVERED_A_NEW_TERM
2019-10-17 07:10:28,892 [decc5551-dd4b-40dc-8ff5-b6b450d67f6f@group-42ACBF6EBE4E-LeaderElection95] INFO  impl.RoleInfo (RoleInfo.java:updateAndGet(143)) - decc5551-dd4b-40dc-8ff5-b6b450d67f6f: start FollowerState
2019-10-17 07:10:28,892 [5c4ee31d-c5ed-4c65-a5df-da3e3cf53ac2@group-233C052D78D6-LeaderElection94] INFO  impl.RoleInfo (RoleInfo.java:shutdownLeaderElection(134)) - 5c4ee31d-c5ed-4c65-a5df-da3e3cf53ac2: shutdown LeaderElection
2019-10-17 07:10:28,892 [5c4ee31d-c5ed-4c65-a5df-da3e3cf53ac2@group-233C052D78D6-LeaderElection94] INFO  impl.RoleInfo (RoleInfo.java:updateAndGet(143)) - 5c4ee31d-c5ed-4c65-a5df-da3e3cf53ac2: start FollowerState
2019-10-17 07:10:28,990 [Thread-983] INFO  impl.FollowerState (FollowerState.java:run(108)) - 5c4ee31d-c5ed-4c65-a5df-da3e3cf53ac2@group-233C052D78D6-FollowerState: change to CANDIDATE, lastRpcTime:97ms, electionTimeout:97ms
2019-10-17 07:10:28,990 [Thread-983] INFO  impl.RoleInfo (RoleInfo.java:shutdownFollowerState(121)) - 5c4ee31d-c5ed-4c65-a5df-da3e3cf53ac2: shutdown FollowerState
2019-10-17 07:10:28,990 [Thread-983] INFO  impl.RaftServerImpl (RaftServerImpl.java:setRole(184)) - 5c4ee31d-c5ed-4c65-a5df-da3e3cf53ac2@group-233C052D78D6: changes role from  FOLLOWER to CANDIDATE at term 44 for changeToCandidate
2019-10-17 07:10:28,990 [Thread-983] INFO  impl.RoleInfo (RoleInfo.java:updateAndGet(143)) - 5c4ee31d-c5ed-4c65-a5df-da3e3cf53ac2: start LeaderElection
2019-10-17 07:10:29,003 [5c4ee31d-c5ed-4c65-a5df-da3e3cf53ac2@group-233C052D78D6-LeaderElection96] INFO  impl.LeaderElection (LeaderElection.java:askForVotes(178)) - 5c4ee31d-c5ed-4c65-a5df-da3e3cf53ac2@group-233C052D78D6-LeaderElection96: begin an election at term 45 for -1: [67ae3572-7d88-4e50-b53b-0f48f6748b38:192.168.157.211:41299, 831edaa1-80a5-4091-843f-90c648a5a79d:192.168.157.211:44365, 5c4ee31d-c5ed-4c65-a5df-da3e3cf53ac2:192.168.157.211:45059], old=null
2019-10-17 07:10:29,005 [grpc-default-executor-9] INFO  impl.RaftServerImpl (RaftServerImpl.java:setRole(184)) - 831edaa1-80a5-4091-843f-90c648a5a79d@group-233C052D78D6: changes role from  FOLLOWER to FOLLOWER at term 45 for recognizeCandidate:5c4ee31d-c5ed-4c65-a5df-da3e3cf53ac2
2019-10-17 07:10:29,005 [grpc-default-executor-9] INFO  impl.RoleInfo (RoleInfo.java:shutdownFollowerState(121)) - 831edaa1-80a5-4091-843f-90c648a5a79d: shutdown FollowerState
2019-10-17 07:10:29,005 [grpc-default-executor-10] INFO  impl.RaftServerImpl (RaftServerImpl.java:setRole(184)) - 67ae3572-7d88-4e50-b53b-0f48f6748b38@group-233C052D78D6: changes role from  FOLLOWER to FOLLOWER at term 45 for recognizeCandidate:5c4ee31d-c5ed-4c65-a5df-da3e3cf53ac2
2019-10-17 07:10:29,006 [Thread-979] INFO  impl.FollowerState (FollowerState.java:run(117)) - 831edaa1-80a5-4091-843f-90c648a5a79d@group-233C052D78D6-FollowerState was interrupted: java.lang.InterruptedException: sleep interrupted
2019-10-17 07:10:29,006 [grpc-default-executor-9] INFO  impl.RoleInfo (RoleInfo.java:updateAndGet(143)) - 831edaa1-80a5-4091-843f-90c648a5a79d: start FollowerState
2019-10-17 07:10:29,006 [grpc-default-executor-10] INFO  impl.RoleInfo (RoleInfo.java:shutdownFollowerState(121)) - 67ae3572-7d88-4e50-b53b-0f48f6748b38: shutdown FollowerState
2019-10-17 07:10:29,006 [grpc-default-executor-10] INFO  impl.RoleInfo (RoleInfo.java:updateAndGet(143)) - 67ae3572-7d88-4e50-b53b-0f48f6748b38: start FollowerState
2019-10-17 07:10:29,006 [Thread-978] INFO  impl.FollowerState (FollowerState.java:run(117)) - 67ae3572-7d88-4e50-b53b-0f48f6748b38@group-233C052D78D6-FollowerState was interrupted: java.lang.InterruptedException: sleep interrupted
2019-10-17 07:10:29,016 [Thread-982] INFO  impl.FollowerState (FollowerState.java:run(108)) - decc5551-dd4b-40dc-8ff5-b6b450d67f6f@group-42ACBF6EBE4E-FollowerState: change to CANDIDATE, lastRpcTime:124ms, electionTimeout:124ms
2019-10-17 07:10:29,016 [Thread-982] INFO  impl.RoleInfo (RoleInfo.java:shutdownFollowerState(121)) - decc5551-dd4b-40dc-8ff5-b6b450d67f6f: shutdown FollowerState
2019-10-17 07:10:29,016 [Thread-982] INFO  impl.RaftServerImpl (RaftServerImpl.java:setRole(184)) - decc5551-dd4b-40dc-8ff5-b6b450d67f6f@group-42ACBF6EBE4E: changes role from  FOLLOWER to CANDIDATE at term 51 for changeToCandidate
2019-10-17 07:10:29,017 [Thread-982] INFO  impl.RoleInfo (RoleInfo.java:updateAndGet(143)) - decc5551-dd4b-40dc-8ff5-b6b450d67f6f: start LeaderElection
2019-10-17 07:10:29,034 [decc5551-dd4b-40dc-8ff5-b6b450d67f6f@group-42ACBF6EBE4E-LeaderElection97] INFO  impl.LeaderElection (LeaderElection.java:askForVotes(178)) - decc5551-dd4b-40dc-8ff5-b6b450d67f6f@group-42ACBF6EBE4E-LeaderElection97: begin an election at term 52 for -1: [215fceca-0555-458b-bc4f-ba38ff24d5ba:192.168.157.211:43803, decc5551-dd4b-40dc-8ff5-b6b450d67f6f:192.168.157.211:34435, 0c631657-10a5-4e2a-a322-8fc6c651b2ed:192.168.157.211:41694], old=null
2019-10-17 07:10:29,034 [5c4ee31d-c5ed-4c65-a5df-da3e3cf53ac2@group-233C052D78D6-LeaderElection96] INFO  impl.LeaderElection (LeaderElection.java:logAndReturn(56)) - 5c4ee31d-c5ed-4c65-a5df-da3e3cf53ac2@group-233C052D78D6-LeaderElection96: Election REJECTED; received 2 response(s) [5c4ee31d-c5ed-4c65-a5df-da3e3cf53ac2<-67ae3572-7d88-4e50-b53b-0f48f6748b38#0:FAIL-t45, 5c4ee31d-c5ed-4c65-a5df-da3e3cf53ac2<-831edaa1-80a5-4091-843f-90c648a5a79d#0:FAIL-t45] and 0 exception(s); 5c4ee31d-c5ed-4c65-a5df-da3e3cf53ac2@group-233C052D78D6:t45, leader=null, voted=5c4ee31d-c5ed-4c65-a5df-da3e3cf53ac2, raftlog=5c4ee31d-c5ed-4c65-a5df-da3e3cf53ac2@group-233C052D78D6-SegmentedRaftLog:OPENED:c-1,f-1,i0, conf=-1: [67ae3572-7d88-4e50-b53b-0f48f6748b38:192.168.157.211:41299, 831edaa1-80a5-4091-843f-90c648a5a79d:192.168.157.211:44365, 5c4ee31d-c5ed-4c65-a5df-da3e3cf53ac2:192.168.157.211:45059], old=null
2019-10-17 07:10:29,034 [5c4ee31d-c5ed-4c65-a5df-da3e3cf53ac2@group-233C052D78D6-LeaderElection96] INFO  impl.RaftServerImpl (RaftServerImpl.java:setRole(184)) - 5c4ee31d-c5ed-4c65-a5df-da3e3cf53ac2@group-233C052D78D6: changes role from CANDIDATE to FOLLOWER at term 45 for DISCOVERED_A_NEW_TERM
2019-10-17 07:10:29,034 [5c4ee31d-c5ed-4c65-a5df-da3e3cf53ac2@group-233C052D78D6-LeaderElection96] INFO  impl.RoleInfo (RoleInfo.java:shutdownLeaderElection(134)) - 5c4ee31d-c5ed-4c65-a5df-da3e3cf53ac2: shutdown LeaderElection
2019-10-17 07:10:29,034 [5c4ee31d-c5ed-4c65-a5df-da3e3cf53ac2@group-233C052D78D6-LeaderElection96] INFO  impl.RoleInfo (RoleInfo.java:updateAndGet(143)) - 5c4ee31d-c5ed-4c65-a5df-da3e3cf53ac2: start FollowerState
2019-10-17 07:10:29,036 [grpc-default-executor-10] INFO  impl.RaftServerImpl (RaftServerImpl.java:setRole(184)) - 215fceca-0555-458b-bc4f-ba38ff24d5ba@group-42ACBF6EBE4E: changes role from  FOLLOWER to FOLLOWER at term 52 for recognizeCandidate:decc5551-dd4b-40dc-8ff5-b6b450d67f6f
2019-10-17 07:10:29,036 [grpc-default-executor-9] INFO  impl.RaftServerImpl (RaftServerImpl.java:setRole(184)) - 0c631657-10a5-4e2a-a322-8fc6c651b2ed@group-42ACBF6EBE4E: changes role from  FOLLOWER to FOLLOWER at term 52 for recognizeCandidate:decc5551-dd4b-40dc-8ff5-b6b450d67f6f
2019-10-17 07:10:29,036 [grpc-default-executor-10] INFO  impl.RoleInfo (RoleInfo.java:shutdownFollowerState(121)) - 215fceca-0555-458b-bc4f-ba38ff24d5ba: shutdown FollowerState
2019-10-17 07:10:29,036 [grpc-default-executor-9] INFO  impl.RoleInfo (RoleInfo.java:shutdownFollowerState(121)) - 0c631657-10a5-4e2a-a322-8fc6c651b2ed: shutdown FollowerState
2019-10-17 07:10:29,036 [Thread-980] INFO  impl.FollowerState (FollowerState.java:run(117)) - 215fceca-0555-458b-bc4f-ba38ff24d5ba@group-42ACBF6EBE4E-FollowerState was interrupted: java.lang.InterruptedException: sleep interrupted
2019-10-17 07:10:29,036 [grpc-default-executor-10] INFO  impl.RoleInfo (RoleInfo.java:updateAndGet(143)) - 215fceca-0555-458b-bc4f-ba38ff24d5ba: start FollowerState
2019-10-17 07:10:29,036 [Thread-981] INFO  impl.FollowerState (FollowerState.java:run(117)) - 0c631657-10a5-4e2a-a322-8fc6c651b2ed@group-42ACBF6EBE4E-FollowerState was interrupted: java.lang.InterruptedException: sleep interrupted
2019-10-17 07:10:29,036 [grpc-default-executor-9] INFO  impl.RoleInfo (RoleInfo.java:updateAndGet(143)) - 0c631657-10a5-4e2a-a322-8fc6c651b2ed: start FollowerState
2019-10-17 07:10:29,041 [decc5551-dd4b-40dc-8ff5-b6b450d67f6f@group-42ACBF6EBE4E-LeaderElection97] INFO  impl.LeaderElection (LeaderElection.java:logAndReturn(56)) - decc5551-dd4b-40dc-8ff5-b6b450d67f6f@group-42ACBF6EBE4E-LeaderElection97: Election REJECTED; received 2 response(s) [decc5551-dd4b-40dc-8ff5-b6b450d67f6f<-215fceca-0555-458b-bc4f-ba38ff24d5ba#0:FAIL-t52, decc5551-dd4b-40dc-8ff5-b6b450d67f6f<-0c631657-10a5-4e2a-a322-8fc6c651b2ed#0:FAIL-t52] and 0 exception(s); decc5551-dd4b-40dc-8ff5-b6b450d67f6f@group-42ACBF6EBE4E:t52, leader=null, voted=decc5551-dd4b-40dc-8ff5-b6b450d67f6f, raftlog=decc5551-dd4b-40dc-8ff5-b6b450d67f6f@group-42ACBF6EBE4E-SegmentedRaftLog:OPENED:c-1,f-1,i0, conf=-1: [215fceca-0555-458b-bc4f-ba38ff24d5ba:192.168.157.211:43803, decc5551-dd4b-40dc-8ff5-b6b450d67f6f:192.168.157.211:34435, 0c631657-10a5-4e2a-a322-8fc6c651b2ed:192.168.157.211:41694], old=null
2019-10-17 07:10:29,041 [decc5551-dd4b-40dc-8ff5-b6b450d67f6f@group-42ACBF6EBE4E-LeaderElection97] INFO  impl.RaftServerImpl (RaftServerImpl.java:setRole(184)) - decc5551-dd4b-40dc-8ff5-b6b450d67f6f@group-42ACBF6EBE4E: changes role from CANDIDATE to FOLLOWER at term 52 for DISCOVERED_A_NEW_TERM
2019-10-17 07:10:29,041 [decc5551-dd4b-40dc-8ff5-b6b450d67f6f@group-42ACBF6EBE4E-LeaderElection97] INFO  impl.RoleInfo (RoleInfo.java:shutdownLeaderElection(134)) - decc5551-dd4b-40dc-8ff5-b6b450d67f6f: shutdown LeaderElection
2019-10-17 07:10:29,041 [decc5551-dd4b-40dc-8ff5-b6b450d67f6f@group-42ACBF6EBE4E-LeaderElection97] INFO  impl.RoleInfo (RoleInfo.java:updateAndGet(143)) - decc5551-dd4b-40dc-8ff5-b6b450d67f6f: start FollowerState
2019-10-17 07:10:29,184 [Thread-994] INFO  impl.FollowerState (FollowerState.java:run(108)) - 5c4ee31d-c5ed-4c65-a5df-da3e3cf53ac2@group-233C052D78D6-FollowerState: change to CANDIDATE, lastRpcTime:149ms, electionTimeout:149ms
2019-10-17 07:10:29,184 [Thread-994] INFO  impl.RoleInfo (RoleInfo.java:shutdownFollowerState(121)) - 5c4ee31d-c5ed-4c65-a5df-da3e3cf53ac2: shutdown FollowerState
2019-10-17 07:10:29,184 [Thread-994] INFO  impl.RaftServerImpl (RaftServerImpl.java:setRole(184)) - 5c4ee31d-c5ed-4c65-a5df-da3e3cf53ac2@group-233C052D78D6: changes role from  FOLLOWER to CANDIDATE at term 45 for changeToCandidate
2019-10-17 07:10:29,184 [Thread-994] INFO  impl.RoleInfo (RoleInfo.java:updateAndGet(143)) - 5c4ee31d-c5ed-4c65-a5df-da3e3cf53ac2: start LeaderElection
2019-10-17 07:10:29,197 [5c4ee31d-c5ed-4c65-a5df-da3e3cf53ac2@group-233C052D78D6-LeaderElection98] INFO  impl.LeaderElection (LeaderElection.java:askForVotes(178)) - 5c4ee31d-c5ed-4c65-a5df-da3e3cf53ac2@group-233C052D78D6-LeaderElection98: begin an election at term 46 for -1: [67ae3572-7d88-4e50-b53b-0f48f6748b38:192.168.157.211:41299, 831edaa1-80a5-4091-843f-90c648a5a79d:192.168.157.211:44365, 5c4ee31d-c5ed-4c65-a5df-da3e3cf53ac2:192.168.157.211:45059], old=null
2019-10-17 07:10:29,200 [grpc-default-executor-10] INFO  impl.RaftServerImpl (RaftServerImpl.java:setRole(184)) - 831edaa1-80a5-4091-843f-90c648a5a79d@group-233C052D78D6: changes role from  FOLLOWER to FOLLOWER at term 46 for recognizeCandidate:5c4ee31d-c5ed-4c65-a5df-da3e3cf53ac2
2019-10-17 07:10:29,200 [grpc-default-executor-9] INFO  impl.RaftServerImpl (RaftServerImpl.java:setRole(184)) - 67ae3572-7d88-4e50-b53b-0f48f6748b38@group-233C052D78D6: changes role from  FOLLOWER to FOLLOWER at term 46 for recognizeCandidate:5c4ee31d-c5ed-4c65-a5df-da3e3cf53ac2
2019-10-17 07:10:29,200 [grpc-default-executor-10] INFO  impl.RoleInfo (RoleInfo.java:shutdownFollowerState(121)) - 831edaa1-80a5-4091-843f-90c648a5a79d: shutdown FollowerState
2019-10-17 07:10:29,200 [grpc-default-executor-9] INFO  impl.RoleInfo (RoleInfo.java:shutdownFollowerState(121)) - 67ae3572-7d88-4e50-b53b-0f48f6748b38: shutdown FollowerState
2019-10-17 07:10:29,200 [Thread-989] INFO  impl.FollowerState (FollowerState.java:run(117)) - 831edaa1-80a5-4091-843f-90c648a5a79d@group-233C052D78D6-FollowerState was interrupted: java.lang.InterruptedException: sleep interrupted
2019-10-17 07:10:29,200 [grpc-default-executor-10] INFO  impl.RoleInfo (RoleInfo.java:updateAndGet(143)) - 831edaa1-80a5-4091-843f-90c648a5a79d: start FollowerState
2019-10-17 07:10:29,201 [Thread-990] INFO  impl.FollowerState (FollowerState.java:run(117)) - 67ae3572-7d88-4e50-b53b-0f48f6748b38@group-233C052D78D6-FollowerState was interrupted: java.lang.InterruptedException: sleep interrupted
2019-10-17 07:10:29,201 [grpc-default-executor-9] INFO  impl.RoleInfo (RoleInfo.java:updateAndGet(143)) - 67ae3572-7d88-4e50-b53b-0f48f6748b38: start FollowerState
2019-10-17 07:10:29,202 [Thread-997] INFO  impl.FollowerState (FollowerState.java:run(108)) - decc5551-dd4b-40dc-8ff5-b6b450d67f6f@group-42ACBF6EBE4E-FollowerState: change to CANDIDATE, lastRpcTime:160ms, electionTimeout:160ms
2019-10-17 07:10:29,202 [Thread-997] INFO  impl.RoleInfo (RoleInfo.java:shutdownFollowerState(121)) - decc5551-dd4b-40dc-8ff5-b6b450d67f6f: shutdown FollowerState
2019-10-17 07:10:29,202 [Thread-997] INFO  impl.RaftServerImpl (RaftServerImpl.java:setRole(184)) - decc5551-dd4b-40dc-8ff5-b6b450d67f6f@group-42ACBF6EBE4E: changes role from  FOLLOWER to CANDIDATE at term 52 for changeToCandidate
2019-10-17 07:10:29,202 [Thread-997] INFO  impl.RoleInfo (RoleInfo.java:updateAndGet(143)) - decc5551-dd4b-40dc-8ff5-b6b450d67f6f: start LeaderElection
2019-10-17 07:10:29,210 [decc5551-dd4b-40dc-8ff5-b6b450d67f6f@group-42ACBF6EBE4E-LeaderElection99] INFO  impl.LeaderElection (LeaderElection.java:askForVotes(178)) - decc5551-dd4b-40dc-8ff5-b6b450d67f6f@group-42ACBF6EBE4E-LeaderElection99: begin an election at term 53 for -1: [215fceca-0555-458b-bc4f-ba38ff24d5ba:192.168.157.211:43803, decc5551-dd4b-40dc-8ff5-b6b450d67f6f:192.168.157.211:34435, 0c631657-10a5-4e2a-a322-8fc6c651b2ed:192.168.157.211:41694], old=null
2019-10-17 07:10:29,211 [5c4ee31d-c5ed-4c65-a5df-da3e3cf53ac2@group-233C052D78D6-LeaderElection98] INFO  impl.LeaderElection (LeaderElection.java:logAndReturn(56)) - 5c4ee31d-c5ed-4c65-a5df-da3e3cf53ac2@group-233C052D78D6-LeaderElection98: Election REJECTED; received 2 response(s) [5c4ee31d-c5ed-4c65-a5df-da3e3cf53ac2<-67ae3572-7d88-4e50-b53b-0f48f6748b38#0:FAIL-t46, 5c4ee31d-c5ed-4c65-a5df-da3e3cf53ac2<-831edaa1-80a5-4091-843f-90c648a5a79d#0:FAIL-t46] and 0 exception(s); 5c4ee31d-c5ed-4c65-a5df-da3e3cf53ac2@group-233C052D78D6:t46, leader=null, voted=5c4ee31d-c5ed-4c65-a5df-da3e3cf53ac2, raftlog=5c4ee31d-c5ed-4c65-a5df-da3e3cf53ac2@group-233C052D78D6-SegmentedRaftLog:OPENED:c-1,f-1,i0, conf=-1: [67ae3572-7d88-4e50-b53b-0f48f6748b38:192.168.157.211:41299, 831edaa1-80a5-4091-843f-90c648a5a79d:192.168.157.211:44365, 5c4ee31d-c5ed-4c65-a5df-da3e3cf53ac2:192.168.157.211:45059], old=null
2019-10-17 07:10:29,211 [5c4ee31d-c5ed-4c65-a5df-da3e3cf53ac2@group-233C052D78D6-LeaderElection98] INFO  impl.RaftServerImpl (RaftServerImpl.java:setRole(184)) - 5c4ee31d-c5ed-4c65-a5df-da3e3cf53ac2@group-233C052D78D6: changes role from CANDIDATE to FOLLOWER at term 46 for DISCOVERED_A_NEW_TERM
2019-10-17 07:10:29,211 [5c4ee31d-c5ed-4c65-a5df-da3e3cf53ac2@group-233C052D78D6-LeaderElection98] INFO  impl.RoleInfo (RoleInfo.java:shutdownLeaderElection(134)) - 5c4ee31d-c5ed-4c65-a5df-da3e3cf53ac2: shutdown LeaderElection
2019-10-17 07:10:29,211 [5c4ee31d-c5ed-4c65-a5df-da3e3cf53ac2@group-233C052D78D6-LeaderElection98] INFO  impl.RoleInfo (RoleInfo.java:updateAndGet(143)) - 5c4ee31d-c5ed-4c65-a5df-da3e3cf53ac2: start FollowerState
2019-10-17 07:10:29,212 [grpc-default-executor-10] INFO  impl.RaftServerImpl (RaftServerImpl.java:setRole(184)) - 0c631657-10a5-4e2a-a322-8fc6c651b2ed@group-42ACBF6EBE4E: changes role from  FOLLOWER to FOLLOWER at term 53 for recognizeCandidate:decc5551-dd4b-40dc-8ff5-b6b450d67f6f
2019-10-17 07:10:29,212 [grpc-default-executor-10] INFO  impl.RoleInfo (RoleInfo.java:shutdownFollowerState(121)) - 0c631657-10a5-4e2a-a322-8fc6c651b2ed: shutdown FollowerState
2019-10-17 07:10:29,212 [grpc-default-executor-9] INFO  impl.RaftServerImpl (RaftServerImpl.java:setRole(184)) - 215fceca-0555-458b-bc4f-ba38ff24d5ba@group-42ACBF6EBE4E: changes role from  FOLLOWER to FOLLOWER at term 53 for recognizeCandidate:decc5551-dd4b-40dc-8ff5-b6b450d67f6f
2019-10-17 07:10:29,212 [Thread-996] INFO  impl.FollowerState (FollowerState.java:run(117)) - 0c631657-10a5-4e2a-a322-8fc6c651b2ed@group-42ACBF6EBE4E-FollowerState was interrupted: java.lang.InterruptedException: sleep interrupted
2019-10-17 07:10:29,212 [grpc-default-executor-10] INFO  impl.RoleInfo (RoleInfo.java:updateAndGet(143)) - 0c631657-10a5-4e2a-a322-8fc6c651b2ed: start FollowerState
2019-10-17 07:10:29,212 [grpc-default-executor-9] INFO  impl.RoleInfo (RoleInfo.java:shutdownFollowerState(121)) - 215fceca-0555-458b-bc4f-ba38ff24d5ba: shutdown FollowerState
2019-10-17 07:10:29,212 [grpc-default-executor-9] INFO  impl.RoleInfo (RoleInfo.java:updateAndGet(143)) - 215fceca-0555-458b-bc4f-ba38ff24d5ba: start FollowerState
2019-10-17 07:10:29,212 [Thread-995] INFO  impl.FollowerState (FollowerState.java:run(117)) - 215fceca-0555-458b-bc4f-ba38ff24d5ba@group-42ACBF6EBE4E-FollowerState was interrupted: java.lang.InterruptedException: sleep interrupted
2019-10-17 07:10:29,225 [decc5551-dd4b-40dc-8ff5-b6b450d67f6f@group-42ACBF6EBE4E-LeaderElection99] INFO  impl.LeaderElection (LeaderElection.java:logAndReturn(56)) - decc5551-dd4b-40dc-8ff5-b6b450d67f6f@group-42ACBF6EBE4E-LeaderElection99: Election REJECTED; received 2 response(s) [decc5551-dd4b-40dc-8ff5-b6b450d67f6f<-215fceca-0555-458b-bc4f-ba38ff24d5ba#0:FAIL-t53, decc5551-dd4b-40dc-8ff5-b6b450d67f6f<-0c631657-10a5-4e2a-a322-8fc6c651b2ed#0:FAIL-t53] and 0 exception(s); decc5551-dd4b-40dc-8ff5-b6b450d67f6f@group-42ACBF6EBE4E:t53, leader=null, voted=decc5551-dd4b-40dc-8ff5-b6b450d67f6f, raftlog=decc5551-dd4b-40dc-8ff5-b6b450d67f6f@group-42ACBF6EBE4E-SegmentedRaftLog:OPENED:c-1,f-1,i0, conf=-1: [215fceca-0555-458b-bc4f-ba38ff24d5ba:192.168.157.211:43803, decc5551-dd4b-40dc-8ff5-b6b450d67f6f:192.168.157.211:34435, 0c631657-10a5-4e2a-a322-8fc6c651b2ed:192.168.157.211:41694], old=null
2019-10-17 07:10:29,225 [decc5551-dd4b-40dc-8ff5-b6b450d67f6f@group-42ACBF6EBE4E-LeaderElection99] INFO  impl.RaftServerImpl (RaftServerImpl.java:setRole(184)) - decc5551-dd4b-40dc-8ff5-b6b450d67f6f@group-42ACBF6EBE4E: changes role from CANDIDATE to FOLLOWER at term 53 for DISCOVERED_A_NEW_TERM
2019-10-17 07:10:29,225 [decc5551-dd4b-40dc-8ff5-b6b450d67f6f@group-42ACBF6EBE4E-LeaderElection99] INFO  impl.RoleInfo (RoleInfo.java:shutdownLeaderElection(134)) - decc5551-dd4b-40dc-8ff5-b6b450d67f6f: shutdown LeaderElection
2019-10-17 07:10:29,225 [decc5551-dd4b-40dc-8ff5-b6b450d67f6f@group-42ACBF6EBE4E-LeaderElection99] INFO  impl.RoleInfo (RoleInfo.java:updateAndGet(143)) - decc5551-dd4b-40dc-8ff5-b6b450d67f6f: start FollowerState
2019-10-17 07:10:29,307 [Thread-1006] INFO  impl.FollowerState (FollowerState.java:run(108)) - 5c4ee31d-c5ed-4c65-a5df-da3e3cf53ac2@group-233C052D78D6-FollowerState: change to CANDIDATE, lastRpcTime:96ms, electionTimeout:96ms
2019-10-17 07:10:29,307 [Thread-1006] INFO  impl.RoleInfo (RoleInfo.java:shutdownFollowerState(121)) - 5c4ee31d-c5ed-4c65-a5df-da3e3cf53ac2: shutdown FollowerState
2019-10-17 07:10:29,308 [Thread-1006] INFO  impl.RaftServerImpl (RaftServerImpl.java:setRole(184)) - 5c4ee31d-c5ed-4c65-a5df-da3e3cf53ac2@group-233C052D78D6: changes role from  FOLLOWER to CANDIDATE at term 46 for changeToCandidate
2019-10-17 07:10:29,308 [Thread-1006] INFO  impl.RoleInfo (RoleInfo.java:updateAndGet(143)) - 5c4ee31d-c5ed-4c65-a5df-da3e3cf53ac2: start LeaderElection
2019-10-17 07:10:29,316 [5c4ee31d-c5ed-4c65-a5df-da3e3cf53ac2@group-233C052D78D6-LeaderElection100] INFO  impl.LeaderElection (LeaderElection.java:askForVotes(178)) - 5c4ee31d-c5ed-4c65-a5df-da3e3cf53ac2@group-233C052D78D6-LeaderElection100: begin an election at term 47 for -1: [67ae3572-7d88-4e50-b53b-0f48f6748b38:192.168.157.211:41299, 831edaa1-80a5-4091-843f-90c648a5a79d:192.168.157.211:44365, 5c4ee31d-c5ed-4c65-a5df-da3e3cf53ac2:192.168.157.211:45059], old=null
2019-10-17 07:10:29,319 [grpc-default-executor-9] INFO  impl.RaftServerImpl (RaftServerImpl.java:setRole(184)) - 67ae3572-7d88-4e50-b53b-0f48f6748b38@group-233C052D78D6: changes role from  FOLLOWER to FOLLOWER at term 47 for recognizeCandidate:5c4ee31d-c5ed-4c65-a5df-da3e3cf53ac2
2019-10-17 07:10:29,319 [grpc-default-executor-10] INFO  impl.RaftServerImpl (RaftServerImpl.java:setRole(184)) - 831edaa1-80a5-4091-843f-90c648a5a79d@group-233C052D78D6: changes role from  FOLLOWER to FOLLOWER at term 47 for recognizeCandidate:5c4ee31d-c5ed-4c65-a5df-da3e3cf53ac2
2019-10-17 07:10:29,319 [grpc-default-executor-10] INFO  impl.RoleInfo (RoleInfo.java:shutdownFollowerState(121)) - 831edaa1-80a5-4091-843f-90c648a5a79d: shutdown FollowerState
2019-10-17 07:10:29,319 [grpc-default-executor-9] INFO  impl.RoleInfo (RoleInfo.java:shutdownFollowerState(121)) - 67ae3572-7d88-4e50-b53b-0f48f6748b38: shutdown FollowerState
2019-10-17 07:10:29,319 [Thread-1001] INFO  impl.FollowerState (FollowerState.java:run(117)) - 831edaa1-80a5-4091-843f-90c648a5a79d@group-233C052D78D6-FollowerState was interrupted: java.lang.InterruptedException: sleep interrupted
2019-10-17 07:10:29,319 [Thread-1002] INFO  impl.FollowerState (FollowerState.java:run(117)) - 67ae3572-7d88-4e50-b53b-0f48f6748b38@group-233C052D78D6-FollowerState was interrupted: java.lang.InterruptedException: sleep interrupted
2019-10-17 07:10:29,319 [grpc-default-executor-10] INFO  impl.RoleInfo (RoleInfo.java:updateAndGet(143)) - 831edaa1-80a5-4091-843f-90c648a5a79d: start FollowerState
2019-10-17 07:10:29,319 [grpc-default-executor-9] INFO  impl.RoleInfo (RoleInfo.java:updateAndGet(143)) - 67ae3572-7d88-4e50-b53b-0f48f6748b38: start FollowerState
2019-10-17 07:10:29,334 [5c4ee31d-c5ed-4c65-a5df-da3e3cf53ac2@group-233C052D78D6-LeaderElection100] INFO  impl.LeaderElection (LeaderElection.java:logAndReturn(56)) - 5c4ee31d-c5ed-4c65-a5df-da3e3cf53ac2@group-233C052D78D6-LeaderElection100: Election REJECTED; received 2 response(s) [5c4ee31d-c5ed-4c65-a5df-da3e3cf53ac2<-67ae3572-7d88-4e50-b53b-0f48f6748b38#0:FAIL-t47, 5c4ee31d-c5ed-4c65-a5df-da3e3cf53ac2<-831edaa1-80a5-4091-843f-90c648a5a79d#0:FAIL-t47] and 0 exception(s); 5c4ee31d-c5ed-4c65-a5df-da3e3cf53ac2@group-233C052D78D6:t47, leader=null, voted=5c4ee31d-c5ed-4c65-a5df-da3e3cf53ac2, raftlog=5c4ee31d-c5ed-4c65-a5df-da3e3cf53ac2@group-233C052D78D6-SegmentedRaftLog:OPENED:c-1,f-1,i0, conf=-1: [67ae3572-7d88-4e50-b53b-0f48f6748b38:192.168.157.211:41299, 831edaa1-80a5-4091-843f-90c648a5a79d:192.168.157.211:44365, 5c4ee31d-c5ed-4c65-a5df-da3e3cf53ac2:192.168.157.211:45059], old=null
2019-10-17 07:10:29,334 [5c4ee31d-c5ed-4c65-a5df-da3e3cf53ac2@group-233C052D78D6-LeaderElection100] INFO  impl.RaftServerImpl (RaftServerImpl.java:setRole(184)) - 5c4ee31d-c5ed-4c65-a5df-da3e3cf53ac2@group-233C052D78D6: changes role from CANDIDATE to FOLLOWER at term 47 for DISCOVERED_A_NEW_TERM
2019-10-17 07:10:29,334 [5c4ee31d-c5ed-4c65-a5df-da3e3cf53ac2@group-233C052D78D6-LeaderElection100] INFO  impl.RoleInfo (RoleInfo.java:shutdownLeaderElection(134)) - 5c4ee31d-c5ed-4c65-a5df-da3e3cf53ac2: shutdown LeaderElection
2019-10-17 07:10:29,335 [5c4ee31d-c5ed-4c65-a5df-da3e3cf53ac2@group-233C052D78D6-LeaderElection100] INFO  impl.RoleInfo (RoleInfo.java:updateAndGet(143)) - 5c4ee31d-c5ed-4c65-a5df-da3e3cf53ac2: start FollowerState
2019-10-17 07:10:29,336 [Thread-1015] INFO  impl.FollowerState (FollowerState.java:run(108)) - 5c4ee31d-c5ed-4c65-a5df-da3e3cf53ac2@group-233C052D78D6-FollowerState: change to CANDIDATE, lastRpcTime:1ms, electionTimeout:1ms
2019-10-17 07:10:29,336 [Thread-1015] INFO  impl.RoleInfo (RoleInfo.java:shutdownFollowerState(121)) - 5c4ee31d-c5ed-4c65-a5df-da3e3cf53ac2: shutdown FollowerState
2019-10-17 07:10:29,336 [Thread-1015] INFO  impl.RaftServerImpl (RaftServerImpl.java:setRole(184)) - 5c4ee31d-c5ed-4c65-a5df-da3e3cf53ac2@group-233C052D78D6: changes role from  FOLLOWER to CANDIDATE at term 47 for changeToCandidate
2019-10-17 07:10:29,336 [Thread-1015] INFO  impl.RoleInfo (RoleInfo.java:updateAndGet(143)) - 5c4ee31d-c5ed-4c65-a5df-da3e3cf53ac2: start LeaderElection
2019-10-17 07:10:29,349 [5c4ee31d-c5ed-4c65-a5df-da3e3cf53ac2@group-233C052D78D6-LeaderElection101] INFO  impl.LeaderElection (LeaderElection.java:askForVotes(178)) - 5c4ee31d-c5ed-4c65-a5df-da3e3cf53ac2@group-233C052D78D6-LeaderElection101: begin an election at term 48 for -1: [67ae3572-7d88-4e50-b53b-0f48f6748b38:192.168.157.211:41299, 831edaa1-80a5-4091-843f-90c648a5a79d:192.168.157.211:44365, 5c4ee31d-c5ed-4c65-a5df-da3e3cf53ac2:192.168.157.211:45059], old=null
2019-10-17 07:10:29,351 [Thread-1009] INFO  impl.FollowerState (FollowerState.java:run(108)) - decc5551-dd4b-40dc-8ff5-b6b450d67f6f@group-42ACBF6EBE4E-FollowerState: change to CANDIDATE, lastRpcTime:125ms, electionTimeout:125ms
2019-10-17 07:10:29,351 [Thread-1009] INFO  impl.RoleInfo (RoleInfo.java:shutdownFollowerState(121)) - decc5551-dd4b-40dc-8ff5-b6b450d67f6f: shutdown FollowerState
2019-10-17 07:10:29,351 [Thread-1009] INFO  impl.RaftServerImpl (RaftServerImpl.java:setRole(184)) - decc5551-dd4b-40dc-8ff5-b6b450d67f6f@group-42ACBF6EBE4E: changes role from  FOLLOWER to CANDIDATE at term 53 for changeToCandidate
2019-10-17 07:10:29,351 [grpc-default-executor-10] INFO  impl.RaftServerImpl (RaftServerImpl.java:setRole(184)) - 67ae3572-7d88-4e50-b53b-0f48f6748b38@group-233C052D78D6: changes role from  FOLLOWER to FOLLOWER at term 48 for recognizeCandidate:5c4ee31d-c5ed-4c65-a5df-da3e3cf53ac2
2019-10-17 07:10:29,351 [grpc-default-executor-10] INFO  impl.RoleInfo (RoleInfo.java:shutdownFollowerState(121)) - 67ae3572-7d88-4e50-b53b-0f48f6748b38: shutdown FollowerState
2019-10-17 07:10:29,351 [Thread-1009] INFO  impl.RoleInfo (RoleInfo.java:updateAndGet(143)) - decc5551-dd4b-40dc-8ff5-b6b450d67f6f: start LeaderElection
2019-10-17 07:10:29,352 [grpc-default-executor-10] INFO  impl.RoleInfo (RoleInfo.java:updateAndGet(143)) - 67ae3572-7d88-4e50-b53b-0f48f6748b38: start FollowerState
2019-10-17 07:10:29,352 [Thread-1014] INFO  impl.FollowerState (FollowerState.java:run(117)) - 67ae3572-7d88-4e50-b53b-0f48f6748b38@group-233C052D78D6-FollowerState was interrupted: java.lang.InterruptedException: sleep interrupted
2019-10-17 07:10:29,352 [grpc-default-executor-9] INFO  impl.RaftServerImpl (RaftServerImpl.java:setRole(184)) - 831edaa1-80a5-4091-843f-90c648a5a79d@group-233C052D78D6: changes role from  FOLLOWER to FOLLOWER at term 48 for recognizeCandidate:5c4ee31d-c5ed-4c65-a5df-da3e3cf53ac2
2019-10-17 07:10:29,352 [grpc-default-executor-9] INFO  impl.RoleInfo (RoleInfo.java:shutdownFollowerState(121)) - 831edaa1-80a5-4091-843f-90c648a5a79d: shutdown FollowerState
2019-10-17 07:10:29,352 [grpc-default-executor-9] INFO  impl.RoleInfo (RoleInfo.java:updateAndGet(143)) - 831edaa1-80a5-4091-843f-90c648a5a79d: start FollowerState
2019-10-17 07:10:29,352 [Thread-1013] INFO  impl.FollowerState (FollowerState.java:run(117)) - 831edaa1-80a5-4091-843f-90c648a5a79d@group-233C052D78D6-FollowerState was interrupted: java.lang.InterruptedException: sleep interrupted
2019-10-17 07:10:29,354 [5c4ee31d-c5ed-4c65-a5df-da3e3cf53ac2@group-233C052D78D6-LeaderElection101] INFO  impl.LeaderElection (LeaderElection.java:logAndReturn(56)) - 5c4ee31d-c5ed-4c65-a5df-da3e3cf53ac2@group-233C052D78D6-LeaderElection101: Election TIMEOUT; received 0 response(s) [] and 0 exception(s); 5c4ee31d-c5ed-4c65-a5df-da3e3cf53ac2@group-233C052D78D6:t48, leader=null, voted=5c4ee31d-c5ed-4c65-a5df-da3e3cf53ac2, raftlog=5c4ee31d-c5ed-4c65-a5df-da3e3cf53ac2@group-233C052D78D6-SegmentedRaftLog:OPENED:c-1,f-1,i0, conf=-1: [67ae3572-7d88-4e50-b53b-0f48f6748b38:192.168.157.211:41299, 831edaa1-80a5-4091-843f-90c648a5a79d:192.168.157.211:44365, 5c4ee31d-c5ed-4c65-a5df-da3e3cf53ac2:192.168.157.211:45059], old=null
2019-10-17 07:10:29,378 [decc5551-dd4b-40dc-8ff5-b6b450d67f6f@group-42ACBF6EBE4E-LeaderElection102] INFO  impl.LeaderElection (LeaderElection.java:askForVotes(178)) - decc5551-dd4b-40dc-8ff5-b6b450d67f6f@group-42ACBF6EBE4E-LeaderElection102: begin an election at term 54 for -1: [215fceca-0555-458b-bc4f-ba38ff24d5ba:192.168.157.211:43803, decc5551-dd4b-40dc-8ff5-b6b450d67f6f:192.168.157.211:34435, 0c631657-10a5-4e2a-a322-8fc6c651b2ed:192.168.157.211:41694], old=null
2019-10-17 07:10:29,378 [5c4ee31d-c5ed-4c65-a5df-da3e3cf53ac2@group-233C052D78D6-LeaderElection101] INFO  impl.LeaderElection (LeaderElection.java:askForVotes(178)) - 5c4ee31d-c5ed-4c65-a5df-da3e3cf53ac2@group-233C052D78D6-LeaderElection101: begin an election at term 49 for -1: [67ae3572-7d88-4e50-b53b-0f48f6748b38:192.168.157.211:41299, 831edaa1-80a5-4091-843f-90c648a5a79d:192.168.157.211:44365, 5c4ee31d-c5ed-4c65-a5df-da3e3cf53ac2:192.168.157.211:45059], old=null
2019-10-17 07:10:29,380 [grpc-default-executor-10] INFO  impl.RaftServerImpl (RaftServerImpl.java:setRole(184)) - 215fceca-0555-458b-bc4f-ba38ff24d5ba@group-42ACBF6EBE4E: changes role from  FOLLOWER to FOLLOWER at term 54 for recognizeCandidate:decc5551-dd4b-40dc-8ff5-b6b450d67f6f
2019-10-17 07:10:29,380 [grpc-default-executor-10] INFO  impl.RoleInfo (RoleInfo.java:shutdownFollowerState(121)) - 215fceca-0555-458b-bc4f-ba38ff24d5ba: shutdown FollowerState
2019-10-17 07:10:29,380 [grpc-default-executor-11] INFO  impl.RaftServerImpl (RaftServerImpl.java:setRole(184)) - 0c631657-10a5-4e2a-a322-8fc6c651b2ed@group-42ACBF6EBE4E: changes role from  FOLLOWER to FOLLOWER at term 54 for recognizeCandidate:decc5551-dd4b-40dc-8ff5-b6b450d67f6f
2019-10-17 07:10:29,381 [Thread-1008] INFO  impl.FollowerState (FollowerState.java:run(117)) - 215fceca-0555-458b-bc4f-ba38ff24d5ba@group-42ACBF6EBE4E-FollowerState was interrupted: java.lang.InterruptedException: sleep interrupted
2019-10-17 07:10:29,381 [grpc-default-executor-10] INFO  impl.RoleInfo (RoleInfo.java:updateAndGet(143)) - 215fceca-0555-458b-bc4f-ba38ff24d5ba: start FollowerState
2019-10-17 07:10:29,380 [grpc-default-executor-9] INFO  impl.RaftServerImpl (RaftServerImpl.java:setRole(184)) - 831edaa1-80a5-4091-843f-90c648a5a79d@group-233C052D78D6: changes role from  FOLLOWER to FOLLOWER at term 49 for recognizeCandidate:5c4ee31d-c5ed-4c65-a5df-da3e3cf53ac2
2019-10-17 07:10:29,381 [grpc-default-executor-9] INFO  impl.RoleInfo (RoleInfo.java:shutdownFollowerState(121)) - 831edaa1-80a5-4091-843f-90c648a5a79d: shutdown FollowerState
2019-10-17 07:10:29,381 [grpc-default-executor-3] INFO  impl.RaftServerImpl (RaftServerImpl.java:setRole(184)) - 67ae3572-7d88-4e50-b53b-0f48f6748b38@group-233C052D78D6: changes role from  FOLLOWER to FOLLOWER at term 49 for recognizeCandidate:5c4ee31d-c5ed-4c65-a5df-da3e3cf53ac2
2019-10-17 07:10:29,381 [grpc-default-executor-3] INFO  impl.RoleInfo (RoleInfo.java:shutdownFollowerState(121)) - 67ae3572-7d88-4e50-b53b-0f48f6748b38: shutdown FollowerState
2019-10-17 07:10:29,381 [grpc-default-executor-11] INFO  impl.RoleInfo (RoleInfo.java:shutdownFollowerState(121)) - 0c631657-10a5-4e2a-a322-8fc6c651b2ed: shutdown FollowerState
2019-10-17 07:10:29,381 [Thread-1020] INFO  impl.FollowerState (FollowerState.java:run(117)) - 67ae3572-7d88-4e50-b53b-0f48f6748b38@group-233C052D78D6-FollowerState was interrupted: java.lang.InterruptedException: sleep interrupted
2019-10-17 07:10:29,382 [Thread-1007] INFO  impl.FollowerState (FollowerState.java:run(117)) - 0c631657-10a5-4e2a-a322-8fc6c651b2ed@group-42ACBF6EBE4E-FollowerState was interrupted: java.lang.InterruptedException: sleep interrupted
2019-10-17 07:10:29,381 [grpc-default-executor-3] INFO  impl.RoleInfo (RoleInfo.java:updateAndGet(143)) - 67ae3572-7d88-4e50-b53b-0f48f6748b38: start FollowerState
2019-10-17 07:10:29,381 [Thread-1021] INFO  impl.FollowerState (FollowerState.java:run(117)) - 831edaa1-80a5-4091-843f-90c648a5a79d@group-233C052D78D6-FollowerState was interrupted: java.lang.InterruptedException: sleep interrupted
2019-10-17 07:10:29,381 [grpc-default-executor-9] INFO  impl.RoleInfo (RoleInfo.java:updateAndGet(143)) - 831edaa1-80a5-4091-843f-90c648a5a79d: start FollowerState
2019-10-17 07:10:29,382 [grpc-default-executor-11] INFO  impl.RoleInfo (RoleInfo.java:updateAndGet(143)) - 0c631657-10a5-4e2a-a322-8fc6c651b2ed: start FollowerState
2019-10-17 07:10:29,396 [5c4ee31d-c5ed-4c65-a5df-da3e3cf53ac2@group-233C052D78D6-LeaderElection101] INFO  impl.LeaderElection (LeaderElection.java:logAndReturn(56)) - 5c4ee31d-c5ed-4c65-a5df-da3e3cf53ac2@group-233C052D78D6-LeaderElection101: Election REJECTED; received 2 response(s) [5c4ee31d-c5ed-4c65-a5df-da3e3cf53ac2<-67ae3572-7d88-4e50-b53b-0f48f6748b38#0:FAIL-t49, 5c4ee31d-c5ed-4c65-a5df-da3e3cf53ac2<-831edaa1-80a5-4091-843f-90c648a5a79d#0:FAIL-t49] and 0 exception(s); 5c4ee31d-c5ed-4c65-a5df-da3e3cf53ac2@group-233C052D78D6:t49, leader=null, voted=5c4ee31d-c5ed-4c65-a5df-da3e3cf53ac2, raftlog=5c4ee31d-c5ed-4c65-a5df-da3e3cf53ac2@group-233C052D78D6-SegmentedRaftLog:OPENED:c-1,f-1,i0, conf=-1: [67ae3572-7d88-4e50-b53b-0f48f6748b38:192.168.157.211:41299, 831edaa1-80a5-4091-843f-90c648a5a79d:192.168.157.211:44365, 5c4ee31d-c5ed-4c65-a5df-da3e3cf53ac2:192.168.157.211:45059], old=null
2019-10-17 07:10:29,396 [5c4ee31d-c5ed-4c65-a5df-da3e3cf53ac2@group-233C052D78D6-LeaderElection101] INFO  impl.RaftServerImpl (RaftServerImpl.java:setRole(184)) - 5c4ee31d-c5ed-4c65-a5df-da3e3cf53ac2@group-233C052D78D6: changes role from CANDIDATE to FOLLOWER at term 49 for DISCOVERED_A_NEW_TERM
2019-10-17 07:10:29,396 [decc5551-dd4b-40dc-8ff5-b6b450d67f6f@group-42ACBF6EBE4E-LeaderElection102] INFO  impl.LeaderElection (LeaderElection.java:logAndReturn(56)) - decc5551-dd4b-40dc-8ff5-b6b450d67f6f@group-42ACBF6EBE4E-LeaderElection102: Election REJECTED; received 2 response(s) [decc5551-dd4b-40dc-8ff5-b6b450d67f6f<-215fceca-0555-458b-bc4f-ba38ff24d5ba#0:FAIL-t54, decc5551-dd4b-40dc-8ff5-b6b450d67f6f<-0c631657-10a5-4e2a-a322-8fc6c651b2ed#0:FAIL-t54] and 0 exception(s); decc5551-dd4b-40dc-8ff5-b6b450d67f6f@group-42ACBF6EBE4E:t54, leader=null, voted=decc5551-dd4b-40dc-8ff5-b6b450d67f6f, raftlog=decc5551-dd4b-40dc-8ff5-b6b450d67f6f@group-42ACBF6EBE4E-SegmentedRaftLog:OPENED:c-1,f-1,i0, conf=-1: [215fceca-0555-458b-bc4f-ba38ff24d5ba:192.168.157.211:43803, decc5551-dd4b-40dc-8ff5-b6b450d67f6f:192.168.157.211:34435, 0c631657-10a5-4e2a-a322-8fc6c651b2ed:192.168.157.211:41694], old=null
2019-10-17 07:10:29,396 [5c4ee31d-c5ed-4c65-a5df-da3e3cf53ac2@group-233C052D78D6-LeaderElection101] INFO  impl.RoleInfo (RoleInfo.java:shutdownLeaderElection(134)) - 5c4ee31d-c5ed-4c65-a5df-da3e3cf53ac2: shutdown LeaderElection
2019-10-17 07:10:29,396 [decc5551-dd4b-40dc-8ff5-b6b450d67f6f@group-42ACBF6EBE4E-LeaderElection102] INFO  impl.RaftServerImpl (RaftServerImpl.java:setRole(184)) - decc5551-dd4b-40dc-8ff5-b6b450d67f6f@group-42ACBF6EBE4E: changes role from CANDIDATE to FOLLOWER at term 54 for DISCOVERED_A_NEW_TERM
2019-10-17 07:10:29,396 [5c4ee31d-c5ed-4c65-a5df-da3e3cf53ac2@group-233C052D78D6-LeaderElection101] INFO  impl.RoleInfo (RoleInfo.java:updateAndGet(143)) - 5c4ee31d-c5ed-4c65-a5df-da3e3cf53ac2: start FollowerState
2019-10-17 07:10:29,396 [decc5551-dd4b-40dc-8ff5-b6b450d67f6f@group-42ACBF6EBE4E-LeaderElection102] INFO  impl.RoleInfo (RoleInfo.java:shutdownLeaderElection(134)) - decc5551-dd4b-40dc-8ff5-b6b450d67f6f: shutdown LeaderElection
2019-10-17 07:10:29,397 [decc5551-dd4b-40dc-8ff5-b6b450d67f6f@group-42ACBF6EBE4E-LeaderElection102] INFO  impl.RoleInfo (RoleInfo.java:updateAndGet(143)) - decc5551-dd4b-40dc-8ff5-b6b450d67f6f: start FollowerState
2019-10-17 07:10:29,472 [Thread-1031] INFO  impl.FollowerState (FollowerState.java:run(108)) - decc5551-dd4b-40dc-8ff5-b6b450d67f6f@group-42ACBF6EBE4E-FollowerState: change to CANDIDATE, lastRpcTime:75ms, electionTimeout:75ms
2019-10-17 07:10:29,473 [Thread-1031] INFO  impl.RoleInfo (RoleInfo.java:shutdownFollowerState(121)) - decc5551-dd4b-40dc-8ff5-b6b450d67f6f: shutdown FollowerState
2019-10-17 07:10:29,473 [Thread-1031] INFO  impl.RaftServerImpl (RaftServerImpl.java:setRole(184)) - decc5551-dd4b-40dc-8ff5-b6b450d67f6f@group-42ACBF6EBE4E: changes role from  FOLLOWER to CANDIDATE at term 54 for changeToCandidate
2019-10-17 07:10:29,473 [Thread-1031] INFO  impl.RoleInfo (RoleInfo.java:updateAndGet(143)) - decc5551-dd4b-40dc-8ff5-b6b450d67f6f: start LeaderElection
2019-10-17 07:10:29,486 [decc5551-dd4b-40dc-8ff5-b6b450d67f6f@group-42ACBF6EBE4E-LeaderElection103] INFO  impl.LeaderElection (LeaderElection.java:askForVotes(178)) - decc5551-dd4b-40dc-8ff5-b6b450d67f6f@group-42ACBF6EBE4E-LeaderElection103: begin an election at term 55 for -1: [215fceca-0555-458b-bc4f-ba38ff24d5ba:192.168.157.211:43803, decc5551-dd4b-40dc-8ff5-b6b450d67f6f:192.168.157.211:34435, 0c631657-10a5-4e2a-a322-8fc6c651b2ed:192.168.157.211:41694], old=null
2019-10-17 07:10:29,491 [grpc-default-executor-11] INFO  impl.RaftServerImpl (RaftServerImpl.java:setRole(184)) - 215fceca-0555-458b-bc4f-ba38ff24d5ba@group-42ACBF6EBE4E: changes role from  FOLLOWER to FOLLOWER at term 55 for recognizeCandidate:decc5551-dd4b-40dc-8ff5-b6b450d67f6f
2019-10-17 07:10:29,492 [grpc-default-executor-11] INFO  impl.RoleInfo (RoleInfo.java:shutdownFollowerState(121)) - 215fceca-0555-458b-bc4f-ba38ff24d5ba: shutdown FollowerState
2019-10-17 07:10:29,492 [grpc-default-executor-11] INFO  impl.RoleInfo (RoleInfo.java:updateAndGet(143)) - 215fceca-0555-458b-bc4f-ba38ff24d5ba: start FollowerState
2019-10-17 07:10:29,492 [Thread-1026] INFO  impl.FollowerState (FollowerState.java:run(117)) - 215fceca-0555-458b-bc4f-ba38ff24d5ba@group-42ACBF6EBE4E-FollowerState was interrupted: java.lang.InterruptedException: sleep interrupted
2019-10-17 07:10:29,492 [grpc-default-executor-9] INFO  impl.RaftServerImpl (RaftServerImpl.java:setRole(184)) - 0c631657-10a5-4e2a-a322-8fc6c651b2ed@group-42ACBF6EBE4E: changes role from  FOLLOWER to FOLLOWER at term 55 for recognizeCandidate:decc5551-dd4b-40dc-8ff5-b6b450d67f6f
2019-10-17 07:10:29,492 [grpc-default-executor-9] INFO  impl.RoleInfo (RoleInfo.java:shutdownFollowerState(121)) - 0c631657-10a5-4e2a-a322-8fc6c651b2ed: shutdown FollowerState
2019-10-17 07:10:29,492 [grpc-default-executor-9] INFO  impl.RoleInfo (RoleInfo.java:updateAndGet(143)) - 0c631657-10a5-4e2a-a322-8fc6c651b2ed: start FollowerState
2019-10-17 07:10:29,492 [Thread-1029] INFO  impl.FollowerState (FollowerState.java:run(117)) - 0c631657-10a5-4e2a-a322-8fc6c651b2ed@group-42ACBF6EBE4E-FollowerState was interrupted: java.lang.InterruptedException: sleep interrupted
2019-10-17 07:10:29,499 [Thread-1030] INFO  impl.FollowerState (FollowerState.java:run(108)) - 5c4ee31d-c5ed-4c65-a5df-da3e3cf53ac2@group-233C052D78D6-FollowerState: change to CANDIDATE, lastRpcTime:102ms, electionTimeout:102ms
2019-10-17 07:10:29,499 [Thread-1030] INFO  impl.RoleInfo (RoleInfo.java:shutdownFollowerState(121)) - 5c4ee31d-c5ed-4c65-a5df-da3e3cf53ac2: shutdown FollowerState
2019-10-17 07:10:29,499 [Thread-1030] INFO  impl.RaftServerImpl (RaftServerImpl.java:setRole(184)) - 5c4ee31d-c5ed-4c65-a5df-da3e3cf53ac2@group-233C052D78D6: changes role from  FOLLOWER to CANDIDATE at term 49 for changeToCandidate
2019-10-17 07:10:29,499 [Thread-1030] INFO  impl.RoleInfo (RoleInfo.java:updateAndGet(143)) - 5c4ee31d-c5ed-4c65-a5df-da3e3cf53ac2: start LeaderElection
2019-10-17 07:10:29,505 [5c4ee31d-c5ed-4c65-a5df-da3e3cf53ac2@group-233C052D78D6-LeaderElection104] INFO  impl.LeaderElection (LeaderElection.java:askForVotes(178)) - 5c4ee31d-c5ed-4c65-a5df-da3e3cf53ac2@group-233C052D78D6-LeaderElection104: begin an election at term 50 for -1: [67ae3572-7d88-4e50-b53b-0f48f6748b38:192.168.157.211:41299, 831edaa1-80a5-4091-843f-90c648a5a79d:192.168.157.211:44365, 5c4ee31d-c5ed-4c65-a5df-da3e3cf53ac2:192.168.157.211:45059], old=null
2019-10-17 07:10:29,506 [decc5551-dd4b-40dc-8ff5-b6b450d67f6f@group-42ACBF6EBE4E-LeaderElection103] INFO  impl.LeaderElection (LeaderElection.java:logAndReturn(56)) - decc5551-dd4b-40dc-8ff5-b6b450d67f6f@group-42ACBF6EBE4E-LeaderElection103: Election REJECTED; received 2 response(s) [decc5551-dd4b-40dc-8ff5-b6b450d67f6f<-215fceca-0555-458b-bc4f-ba38ff24d5ba#0:FAIL-t55, decc5551-dd4b-40dc-8ff5-b6b450d67f6f<-0c631657-10a5-4e2a-a322-8fc6c651b2ed#0:FAIL-t55] and 0 exception(s); decc5551-dd4b-40dc-8ff5-b6b450d67f6f@group-42ACBF6EBE4E:t55, leader=null, voted=decc5551-dd4b-40dc-8ff5-b6b450d67f6f, raftlog=decc5551-dd4b-40dc-8ff5-b6b450d67f6f@group-42ACBF6EBE4E-SegmentedRaftLog:OPENED:c-1,f-1,i0, conf=-1: [215fceca-0555-458b-bc4f-ba38ff24d5ba:192.168.157.211:43803, decc5551-dd4b-40dc-8ff5-b6b450d67f6f:192.168.157.211:34435, 0c631657-10a5-4e2a-a322-8fc6c651b2ed:192.168.157.211:41694], old=null
2019-10-17 07:10:29,507 [decc5551-dd4b-40dc-8ff5-b6b450d67f6f@group-42ACBF6EBE4E-LeaderElection103] INFO  impl.RaftServerImpl (RaftServerImpl.java:setRole(184)) - decc5551-dd4b-40dc-8ff5-b6b450d67f6f@group-42ACBF6EBE4E: changes role from CANDIDATE to FOLLOWER at term 55 for DISCOVERED_A_NEW_TERM
2019-10-17 07:10:29,507 [decc5551-dd4b-40dc-8ff5-b6b450d67f6f@group-42ACBF6EBE4E-LeaderElection103] INFO  impl.RoleInfo (RoleInfo.java:shutdownLeaderElection(134)) - decc5551-dd4b-40dc-8ff5-b6b450d67f6f: shutdown LeaderElection
2019-10-17 07:10:29,507 [decc5551-dd4b-40dc-8ff5-b6b450d67f6f@group-42ACBF6EBE4E-LeaderElection103] INFO  impl.RoleInfo (RoleInfo.java:updateAndGet(143)) - decc5551-dd4b-40dc-8ff5-b6b450d67f6f: start FollowerState
2019-10-17 07:10:29,507 [grpc-default-executor-9] INFO  impl.RaftServerImpl (RaftServerImpl.java:setRole(184)) - 67ae3572-7d88-4e50-b53b-0f48f6748b38@group-233C052D78D6: changes role from  FOLLOWER to FOLLOWER at term 50 for recognizeCandidate:5c4ee31d-c5ed-4c65-a5df-da3e3cf53ac2
2019-10-17 07:10:29,507 [grpc-default-executor-9] INFO  impl.RoleInfo (RoleInfo.java:shutdownFollowerState(121)) - 67ae3572-7d88-4e50-b53b-0f48f6748b38: shutdown FollowerState
2019-10-17 07:10:29,507 [grpc-default-executor-11] INFO  impl.RaftServerImpl (RaftServerImpl.java:setRole(184)) - 831edaa1-80a5-4091-843f-90c648a5a79d@group-233C052D78D6: changes role from  FOLLOWER to FOLLOWER at term 50 for recognizeCandidate:5c4ee31d-c5ed-4c65-a5df-da3e3cf53ac2
2019-10-17 07:10:29,507 [Thread-1028] INFO  impl.FollowerState (FollowerState.java:run(117)) - 67ae3572-7d88-4e50-b53b-0f48f6748b38@group-233C052D78D6-FollowerState was interrupted: java.lang.InterruptedException: sleep interrupted
2019-10-17 07:10:29,507 [grpc-default-executor-9] INFO  impl.RoleInfo (RoleInfo.java:updateAndGet(143)) - 67ae3572-7d88-4e50-b53b-0f48f6748b38: start FollowerState
2019-10-17 07:10:29,507 [grpc-default-executor-11] INFO  impl.RoleInfo (RoleInfo.java:shutdownFollowerState(121)) - 831edaa1-80a5-4091-843f-90c648a5a79d: shutdown FollowerState
2019-10-17 07:10:29,508 [grpc-default-executor-11] INFO  impl.RoleInfo (RoleInfo.java:updateAndGet(143)) - 831edaa1-80a5-4091-843f-90c648a5a79d: start FollowerState
2019-10-17 07:10:29,508 [Thread-1027] INFO  impl.FollowerState (FollowerState.java:run(117)) - 831edaa1-80a5-4091-843f-90c648a5a79d@group-233C052D78D6-FollowerState was interrupted: java.lang.InterruptedException: sleep interrupted
2019-10-17 07:10:29,522 [5c4ee31d-c5ed-4c65-a5df-da3e3cf53ac2@group-233C052D78D6-LeaderElection104] INFO  impl.LeaderElection (LeaderElection.java:logAndReturn(56)) - 5c4ee31d-c5ed-4c65-a5df-da3e3cf53ac2@group-233C052D78D6-LeaderElection104: Election REJECTED; received 2 response(s) [5c4ee31d-c5ed-4c65-a5df-da3e3cf53ac2<-67ae3572-7d88-4e50-b53b-0f48f6748b38#0:FAIL-t50, 5c4ee31d-c5ed-4c65-a5df-da3e3cf53ac2<-831edaa1-80a5-4091-843f-90c648a5a79d#0:FAIL-t50] and 0 exception(s); 5c4ee31d-c5ed-4c65-a5df-da3e3cf53ac2@group-233C052D78D6:t50, leader=null, voted=5c4ee31d-c5ed-4c65-a5df-da3e3cf53ac2, raftlog=5c4ee31d-c5ed-4c65-a5df-da3e3cf53ac2@group-233C052D78D6-SegmentedRaftLog:OPENED:c-1,f-1,i0, conf=-1: [67ae3572-7d88-4e50-b53b-0f48f6748b38:192.168.157.211:41299, 831edaa1-80a5-4091-843f-90c648a5a79d:192.168.157.211:44365, 5c4ee31d-c5ed-4c65-a5df-da3e3cf53ac2:192.168.157.211:45059], old=null
2019-10-17 07:10:29,522 [5c4ee31d-c5ed-4c65-a5df-da3e3cf53ac2@group-233C052D78D6-LeaderElection104] INFO  impl.RaftServerImpl (RaftServerImpl.java:setRole(184)) - 5c4ee31d-c5ed-4c65-a5df-da3e3cf53ac2@group-233C052D78D6: changes role from CANDIDATE to FOLLOWER at term 50 for DISCOVERED_A_NEW_TERM
2019-10-17 07:10:29,522 [5c4ee31d-c5ed-4c65-a5df-da3e3cf53ac2@group-233C052D78D6-LeaderElection104] INFO  impl.RoleInfo (RoleInfo.java:shutdownLeaderElection(134)) - 5c4ee31d-c5ed-4c65-a5df-da3e3cf53ac2: shutdown LeaderElection
2019-10-17 07:10:29,522 [5c4ee31d-c5ed-4c65-a5df-da3e3cf53ac2@group-233C052D78D6-LeaderElection104] INFO  impl.RoleInfo (RoleInfo.java:updateAndGet(143)) - 5c4ee31d-c5ed-4c65-a5df-da3e3cf53ac2: start FollowerState
2019-10-17 07:10:29,591 [Thread-1044] INFO  impl.FollowerState (FollowerState.java:run(108)) - decc5551-dd4b-40dc-8ff5-b6b450d67f6f@group-42ACBF6EBE4E-FollowerState: change to CANDIDATE, lastRpcTime:84ms, electionTimeout:84ms
2019-10-17 07:10:29,591 [Thread-1044] INFO  impl.RoleInfo (RoleInfo.java:shutdownFollowerState(121)) - decc5551-dd4b-40dc-8ff5-b6b450d67f6f: shutdown FollowerState
2019-10-17 07:10:29,591 [Thread-1044] INFO  impl.RaftServerImpl (RaftServerImpl.java:setRole(184)) - decc5551-dd4b-40dc-8ff5-b6b450d67f6f@group-42ACBF6EBE4E: changes role from  FOLLOWER to CANDIDATE at term 55 for changeToCandidate
2019-10-17 07:10:29,592 [Thread-1044] INFO  impl.RoleInfo (RoleInfo.java:updateAndGet(143)) - decc5551-dd4b-40dc-8ff5-b6b450d67f6f: start LeaderElection
2019-10-17 07:10:29,606 [decc5551-dd4b-40dc-8ff5-b6b450d67f6f@group-42ACBF6EBE4E-LeaderElection105] INFO  impl.LeaderElection (LeaderElection.java:askForVotes(178)) - decc5551-dd4b-40dc-8ff5-b6b450d67f6f@group-42ACBF6EBE4E-LeaderElection105: begin an election at term 56 for -1: [215fceca-0555-458b-bc4f-ba38ff24d5ba:192.168.157.211:43803, decc5551-dd4b-40dc-8ff5-b6b450d67f6f:192.168.157.211:34435, 0c631657-10a5-4e2a-a322-8fc6c651b2ed:192.168.157.211:41694], old=null
2019-10-17 07:10:29,608 [grpc-default-executor-9] INFO  impl.RaftServerImpl (RaftServerImpl.java:setRole(184)) - 215fceca-0555-458b-bc4f-ba38ff24d5ba@group-42ACBF6EBE4E: changes role from  FOLLOWER to FOLLOWER at term 56 for recognizeCandidate:decc5551-dd4b-40dc-8ff5-b6b450d67f6f
2019-10-17 07:10:29,608 [grpc-default-executor-11] INFO  impl.RaftServerImpl (RaftServerImpl.java:setRole(184)) - 0c631657-10a5-4e2a-a322-8fc6c651b2ed@group-42ACBF6EBE4E: changes role from  FOLLOWER to FOLLOWER at term 56 for recognizeCandidate:decc5551-dd4b-40dc-8ff5-b6b450d67f6f
2019-10-17 07:10:29,608 [grpc-default-executor-9] INFO  impl.RoleInfo (RoleInfo.java:shutdownFollowerState(121)) - 215fceca-0555-458b-bc4f-ba38ff24d5ba: shutdown FollowerState
2019-10-17 07:10:29,608 [grpc-default-executor-11] INFO  impl.RoleInfo (RoleInfo.java:shutdownFollowerState(121)) - 0c631657-10a5-4e2a-a322-8fc6c651b2ed: shutdown FollowerState
2019-10-17 07:10:29,608 [Thread-1037] INFO  impl.FollowerState (FollowerState.java:run(117)) - 215fceca-0555-458b-bc4f-ba38ff24d5ba@group-42ACBF6EBE4E-FollowerState was interrupted: java.lang.InterruptedException: sleep interrupted
2019-10-17 07:10:29,609 [Thread-1038] INFO  impl.FollowerState (FollowerState.java:run(117)) - 0c631657-10a5-4e2a-a322-8fc6c651b2ed@group-42ACBF6EBE4E-FollowerState was interrupted: java.lang.InterruptedException: sleep interrupted
2019-10-17 07:10:29,608 [grpc-default-executor-9] INFO  impl.RoleInfo (RoleInfo.java:updateAndGet(143)) - 215fceca-0555-458b-bc4f-ba38ff24d5ba: start FollowerState
2019-10-17 07:10:29,608 [grpc-default-executor-11] INFO  impl.RoleInfo (RoleInfo.java:updateAndGet(143)) - 0c631657-10a5-4e2a-a322-8fc6c651b2ed: start FollowerState
2019-10-17 07:10:29,617 [Thread-1047] INFO  impl.FollowerState (FollowerState.java:run(108)) - 5c4ee31d-c5ed-4c65-a5df-da3e3cf53ac2@group-233C052D78D6-FollowerState: change to CANDIDATE, lastRpcTime:94ms, electionTimeout:94ms
2019-10-17 07:10:29,617 [Thread-1047] INFO  impl.RoleInfo (RoleInfo.java:shutdownFollowerState(121)) - 5c4ee31d-c5ed-4c65-a5df-da3e3cf53ac2: shutdown FollowerState
2019-10-17 07:10:29,617 [Thread-1047] INFO  impl.RaftServerImpl (RaftServerImpl.java:setRole(184)) - 5c4ee31d-c5ed-4c65-a5df-da3e3cf53ac2@group-233C052D78D6: changes role from  FOLLOWER to CANDIDATE at term 50 for changeToCandidate
2019-10-17 07:10:29,617 [Thread-1047] INFO  impl.RoleInfo (RoleInfo.java:updateAndGet(143)) - 5c4ee31d-c5ed-4c65-a5df-da3e3cf53ac2: start LeaderElection
2019-10-17 07:10:29,623 [5c4ee31d-c5ed-4c65-a5df-da3e3cf53ac2@group-233C052D78D6-LeaderElection106] INFO  impl.LeaderElection (LeaderElection.java:askForVotes(178)) - 5c4ee31d-c5ed-4c65-a5df-da3e3cf53ac2@group-233C052D78D6-LeaderElection106: begin an election at term 51 for -1: [67ae3572-7d88-4e50-b53b-0f48f6748b38:192.168.157.211:41299, 831edaa1-80a5-4091-843f-90c648a5a79d:192.168.157.211:44365, 5c4ee31d-c5ed-4c65-a5df-da3e3cf53ac2:192.168.157.211:45059], old=null
2019-10-17 07:10:29,624 [decc5551-dd4b-40dc-8ff5-b6b450d67f6f@group-42ACBF6EBE4E-LeaderElection105] INFO  impl.LeaderElection (LeaderElection.java:logAndReturn(56)) - decc5551-dd4b-40dc-8ff5-b6b450d67f6f@group-42ACBF6EBE4E-LeaderElection105: Election REJECTED; received 2 response(s) [decc5551-dd4b-40dc-8ff5-b6b450d67f6f<-215fceca-0555-458b-bc4f-ba38ff24d5ba#0:FAIL-t56, decc5551-dd4b-40dc-8ff5-b6b450d67f6f<-0c631657-10a5-4e2a-a322-8fc6c651b2ed#0:FAIL-t56] and 0 exception(s); decc5551-dd4b-40dc-8ff5-b6b450d67f6f@group-42ACBF6EBE4E:t56, leader=null, voted=decc5551-dd4b-40dc-8ff5-b6b450d67f6f, raftlog=decc5551-dd4b-40dc-8ff5-b6b450d67f6f@group-42ACBF6EBE4E-SegmentedRaftLog:OPENED:c-1,f-1,i0, conf=-1: [215fceca-0555-458b-bc4f-ba38ff24d5ba:192.168.157.211:43803, decc5551-dd4b-40dc-8ff5-b6b450d67f6f:192.168.157.211:34435, 0c631657-10a5-4e2a-a322-8fc6c651b2ed:192.168.157.211:41694], old=null
2019-10-17 07:10:29,624 [decc5551-dd4b-40dc-8ff5-b6b450d67f6f@group-42ACBF6EBE4E-LeaderElection105] INFO  impl.RaftServerImpl (RaftServerImpl.java:setRole(184)) - decc5551-dd4b-40dc-8ff5-b6b450d67f6f@group-42ACBF6EBE4E: changes role from CANDIDATE to FOLLOWER at term 56 for DISCOVERED_A_NEW_TERM
2019-10-17 07:10:29,624 [decc5551-dd4b-40dc-8ff5-b6b450d67f6f@group-42ACBF6EBE4E-LeaderElection105] INFO  impl.RoleInfo (RoleInfo.java:shutdownLeaderElection(134)) - decc5551-dd4b-40dc-8ff5-b6b450d67f6f: shutdown LeaderElection
2019-10-17 07:10:29,624 [decc5551-dd4b-40dc-8ff5-b6b450d67f6f@group-42ACBF6EBE4E-LeaderElection105] INFO  impl.RoleInfo (RoleInfo.java:updateAndGet(143)) - decc5551-dd4b-40dc-8ff5-b6b450d67f6f: start FollowerState
2019-10-17 07:10:29,624 [grpc-default-executor-9] INFO  impl.RaftServerImpl (RaftServerImpl.java:setRole(184)) - 67ae3572-7d88-4e50-b53b-0f48f6748b38@group-233C052D78D6: changes role from  FOLLOWER to FOLLOWER at term 51 for recognizeCandidate:5c4ee31d-c5ed-4c65-a5df-da3e3cf53ac2
2019-10-17 07:10:29,625 [grpc-default-executor-9] INFO  impl.RoleInfo (RoleInfo.java:shutdownFollowerState(121)) - 67ae3572-7d88-4e50-b53b-0f48f6748b38: shutdown FollowerState
2019-10-17 07:10:29,624 [grpc-default-executor-11] INFO  impl.RaftServerImpl (RaftServerImpl.java:setRole(184)) - 831edaa1-80a5-4091-843f-90c648a5a79d@group-233C052D78D6: changes role from  FOLLOWER to FOLLOWER at term 51 for recognizeCandidate:5c4ee31d-c5ed-4c65-a5df-da3e3cf53ac2
2019-10-17 07:10:29,625 [Thread-1045] INFO  impl.FollowerState (FollowerState.java:run(117)) - 67ae3572-7d88-4e50-b53b-0f48f6748b38@group-233C052D78D6-FollowerState was interrupted: java.lang.InterruptedException: sleep interrupted
2019-10-17 07:10:29,625 [grpc-default-executor-9] INFO  impl.RoleInfo (RoleInfo.java:updateAndGet(143)) - 67ae3572-7d88-4e50-b53b-0f48f6748b38: start FollowerState
2019-10-17 07:10:29,625 [grpc-default-executor-11] INFO  impl.RoleInfo (RoleInfo.java:shutdownFollowerState(121)) - 831edaa1-80a5-4091-843f-90c648a5a79d: shutdown FollowerState
2019-10-17 07:10:29,625 [grpc-default-executor-11] INFO  impl.RoleInfo (RoleInfo.java:updateAndGet(143)) - 831edaa1-80a5-4091-843f-90c648a5a79d: start FollowerState
2019-10-17 07:10:29,625 [Thread-1046] INFO  impl.FollowerState (FollowerState.java:run(117)) - 831edaa1-80a5-4091-843f-90c648a5a79d@group-233C052D78D6-FollowerState was interrupted: java.lang.InterruptedException: sleep interrupted
2019-10-17 07:10:29,626 [5c4ee31d-c5ed-4c65-a5df-da3e3cf53ac2@group-233C052D78D6-LeaderElection106] INFO  impl.LeaderElection (LeaderElection.java:logAndReturn(56)) - 5c4ee31d-c5ed-4c65-a5df-da3e3cf53ac2@group-233C052D78D6-LeaderElection106: Election TIMEOUT; received 0 response(s) [] and 0 exception(s); 5c4ee31d-c5ed-4c65-a5df-da3e3cf53ac2@group-233C052D78D6:t51, leader=null, voted=5c4ee31d-c5ed-4c65-a5df-da3e3cf53ac2, raftlog=5c4ee31d-c5ed-4c65-a5df-da3e3cf53ac2@group-233C052D78D6-SegmentedRaftLog:OPENED:c-1,f-1,i0, conf=-1: [67ae3572-7d88-4e50-b53b-0f48f6748b38:192.168.157.211:41299, 831edaa1-80a5-4091-843f-90c648a5a79d:192.168.157.211:44365, 5c4ee31d-c5ed-4c65-a5df-da3e3cf53ac2:192.168.157.211:45059], old=null
2019-10-17 07:10:29,650 [5c4ee31d-c5ed-4c65-a5df-da3e3cf53ac2@group-233C052D78D6-LeaderElection106] INFO  impl.LeaderElection (LeaderElection.java:askForVotes(178)) - 5c4ee31d-c5ed-4c65-a5df-da3e3cf53ac2@group-233C052D78D6-LeaderElection106: begin an election at term 52 for -1: [67ae3572-7d88-4e50-b53b-0f48f6748b38:192.168.157.211:41299, 831edaa1-80a5-4091-843f-90c648a5a79d:192.168.157.211:44365, 5c4ee31d-c5ed-4c65-a5df-da3e3cf53ac2:192.168.157.211:45059], old=null
2019-10-17 07:10:29,652 [grpc-default-executor-11] INFO  impl.RaftServerImpl (RaftServerImpl.java:setRole(184)) - 831edaa1-80a5-4091-843f-90c648a5a79d@group-233C052D78D6: changes role from  FOLLOWER to FOLLOWER at term 52 for recognizeCandidate:5c4ee31d-c5ed-4c65-a5df-da3e3cf53ac2
2019-10-17 07:10:29,652 [grpc-default-executor-9] INFO  impl.RaftServerImpl (RaftServerImpl.java:setRole(184)) - 67ae3572-7d88-4e50-b53b-0f48f6748b38@group-233C052D78D6: changes role from  FOLLOWER to FOLLOWER at term 52 for recognizeCandidate:5c4ee31d-c5ed-4c65-a5df-da3e3cf53ac2
2019-10-17 07:10:29,652 [grpc-default-executor-11] INFO  impl.RoleInfo (RoleInfo.java:shutdownFollowerState(121)) - 831edaa1-80a5-4091-843f-90c648a5a79d: shutdown FollowerState
2019-10-17 07:10:29,652 [grpc-default-executor-9] INFO  impl.RoleInfo (RoleInfo.java:shutdownFollowerState(121)) - 67ae3572-7d88-4e50-b53b-0f48f6748b38: shutdown FollowerState
2019-10-17 07:10:29,652 [Thread-1058] INFO  impl.FollowerState (FollowerState.java:run(117)) - 831edaa1-80a5-4091-843f-90c648a5a79d@group-233C052D78D6-FollowerState was interrupted: java.lang.InterruptedException: sleep interrupted
2019-10-17 07:10:29,652 [grpc-default-executor-9] INFO  impl.RoleInfo (RoleInfo.java:updateAndGet(143)) - 67ae3572-7d88-4e50-b53b-0f48f6748b38: start FollowerState
2019-10-17 07:10:29,652 [grpc-default-executor-11] INFO  impl.RoleInfo (RoleInfo.java:updateAndGet(143)) - 831edaa1-80a5-4091-843f-90c648a5a79d: start FollowerState
2019-10-17 07:10:29,652 [Thread-1057] INFO  impl.FollowerState (FollowerState.java:run(117)) - 67ae3572-7d88-4e50-b53b-0f48f6748b38@group-233C052D78D6-FollowerState was interrupted: java.lang.InterruptedException: sleep interrupted
2019-10-17 07:10:29,672 [5c4ee31d-c5ed-4c65-a5df-da3e3cf53ac2@group-233C052D78D6-LeaderElection106] INFO  impl.LeaderElection (LeaderElection.java:logAndReturn(56)) - 5c4ee31d-c5ed-4c65-a5df-da3e3cf53ac2@group-233C052D78D6-LeaderElection106: Election REJECTED; received 2 response(s) [5c4ee31d-c5ed-4c65-a5df-da3e3cf53ac2<-67ae3572-7d88-4e50-b53b-0f48f6748b38#0:FAIL-t52, 5c4ee31d-c5ed-4c65-a5df-da3e3cf53ac2<-831edaa1-80a5-4091-843f-90c648a5a79d#0:FAIL-t52] and 0 exception(s); 5c4ee31d-c5ed-4c65-a5df-da3e3cf53ac2@group-233C052D78D6:t52, leader=null, voted=5c4ee31d-c5ed-4c65-a5df-da3e3cf53ac2, raftlog=5c4ee31d-c5ed-4c65-a5df-da3e3cf53ac2@group-233C052D78D6-SegmentedRaftLog:OPENED:c-1,f-1,i0, conf=-1: [67ae3572-7d88-4e50-b53b-0f48f6748b38:192.168.157.211:41299, 831edaa1-80a5-4091-843f-90c648a5a79d:192.168.157.211:44365, 5c4ee31d-c5ed-4c65-a5df-da3e3cf53ac2:192.168.157.211:45059], old=null
2019-10-17 07:10:29,672 [5c4ee31d-c5ed-4c65-a5df-da3e3cf53ac2@group-233C052D78D6-LeaderElection106] INFO  impl.RaftServerImpl (RaftServerImpl.java:setRole(184)) - 5c4ee31d-c5ed-4c65-a5df-da3e3cf53ac2@group-233C052D78D6: changes role from CANDIDATE to FOLLOWER at term 52 for DISCOVERED_A_NEW_TERM
2019-10-17 07:10:29,673 [5c4ee31d-c5ed-4c65-a5df-da3e3cf53ac2@group-233C052D78D6-LeaderElection106] INFO  impl.RoleInfo (RoleInfo.java:shutdownLeaderElection(134)) - 5c4ee31d-c5ed-4c65-a5df-da3e3cf53ac2: shutdown LeaderElection
2019-10-17 07:10:29,673 [5c4ee31d-c5ed-4c65-a5df-da3e3cf53ac2@group-233C052D78D6-LeaderElection106] INFO  impl.RoleInfo (RoleInfo.java:updateAndGet(143)) - 5c4ee31d-c5ed-4c65-a5df-da3e3cf53ac2: start FollowerState
2019-10-17 07:10:29,721 [Thread-1056] INFO  impl.FollowerState (FollowerState.java:run(108)) - decc5551-dd4b-40dc-8ff5-b6b450d67f6f@group-42ACBF6EBE4E-FollowerState: change to CANDIDATE, lastRpcTime:97ms, electionTimeout:97ms
2019-10-17 07:10:29,722 [Thread-1056] INFO  impl.RoleInfo (RoleInfo.java:shutdownFollowerState(121)) - decc5551-dd4b-40dc-8ff5-b6b450d67f6f: shutdown FollowerState
2019-10-17 07:10:29,722 [Thread-1056] INFO  impl.RaftServerImpl (RaftServerImpl.java:setRole(184)) - decc5551-dd4b-40dc-8ff5-b6b450d67f6f@group-42ACBF6EBE4E: changes role from  FOLLOWER to CANDIDATE at term 56 for changeToCandidate
2019-10-17 07:10:29,722 [Thread-1056] INFO  impl.RoleInfo (RoleInfo.java:updateAndGet(143)) - decc5551-dd4b-40dc-8ff5-b6b450d67f6f: start LeaderElection
2019-10-17 07:10:29,738 [Thread-1063] INFO  impl.FollowerState (FollowerState.java:run(108)) - 5c4ee31d-c5ed-4c65-a5df-da3e3cf53ac2@group-233C052D78D6-FollowerState: change to CANDIDATE, lastRpcTime:65ms, electionTimeout:65ms
2019-10-17 07:10:29,738 [Thread-1063] INFO  impl.RoleInfo (RoleInfo.java:shutdownFollowerState(121)) - 5c4ee31d-c5ed-4c65-a5df-da3e3cf53ac2: shutdown FollowerState
2019-10-17 07:10:29,738 [Thread-1063] INFO  impl.RaftServerImpl (RaftServerImpl.java:setRole(184)) - 5c4ee31d-c5ed-4c65-a5df-da3e3cf53ac2@group-233C052D78D6: changes role from  FOLLOWER to CANDIDATE at term 52 for changeToCandidate
2019-10-17 07:10:29,738 [Thread-1063] INFO  impl.RoleInfo (RoleInfo.java:updateAndGet(143)) - 5c4ee31d-c5ed-4c65-a5df-da3e3cf53ac2: start LeaderElection
2019-10-17 07:10:29,747 [decc5551-dd4b-40dc-8ff5-b6b450d67f6f@group-42ACBF6EBE4E-LeaderElection107] INFO  impl.LeaderElection (LeaderElection.java:askForVotes(178)) - decc5551-dd4b-40dc-8ff5-b6b450d67f6f@group-42ACBF6EBE4E-LeaderElection107: begin an election at term 57 for -1: [215fceca-0555-458b-bc4f-ba38ff24d5ba:192.168.157.211:43803, decc5551-dd4b-40dc-8ff5-b6b450d67f6f:192.168.157.211:34435, 0c631657-10a5-4e2a-a322-8fc6c651b2ed:192.168.157.211:41694], old=null
2019-10-17 07:10:29,749 [5c4ee31d-c5ed-4c65-a5df-da3e3cf53ac2@group-233C052D78D6-LeaderElection108] INFO  impl.LeaderElection (LeaderElection.java:askForVotes(178)) - 5c4ee31d-c5ed-4c65-a5df-da3e3cf53ac2@group-233C052D78D6-LeaderElection108: begin an election at term 53 for -1: [67ae3572-7d88-4e50-b53b-0f48f6748b38:192.168.157.211:41299, 831edaa1-80a5-4091-843f-90c648a5a79d:192.168.157.211:44365, 5c4ee31d-c5ed-4c65-a5df-da3e3cf53ac2:192.168.157.211:45059], old=null
2019-10-17 07:10:29,750 [grpc-default-executor-11] INFO  impl.RaftServerImpl (RaftServerImpl.java:setRole(184)) - 215fceca-0555-458b-bc4f-ba38ff24d5ba@group-42ACBF6EBE4E: changes role from  FOLLOWER to FOLLOWER at term 57 for recognizeCandidate:decc5551-dd4b-40dc-8ff5-b6b450d67f6f
2019-10-17 07:10:29,750 [grpc-default-executor-9] INFO  impl.RaftServerImpl (RaftServerImpl.java:setRole(184)) - 0c631657-10a5-4e2a-a322-8fc6c651b2ed@group-42ACBF6EBE4E: changes role from  FOLLOWER to FOLLOWER at term 57 for recognizeCandidate:decc5551-dd4b-40dc-8ff5-b6b450d67f6f
2019-10-17 07:10:29,750 [grpc-default-executor-11] INFO  impl.RoleInfo (RoleInfo.java:shutdownFollowerState(121)) - 215fceca-0555-458b-bc4f-ba38ff24d5ba: shutdown FollowerState
2019-10-17 07:10:29,750 [grpc-default-executor-9] INFO  impl.RoleInfo (RoleInfo.java:shutdownFollowerState(121)) - 0c631657-10a5-4e2a-a322-8fc6c651b2ed: shutdown FollowerState
2019-10-17 07:10:29,750 [Thread-1051] INFO  impl.FollowerState (FollowerState.java:run(117)) - 215fceca-0555-458b-bc4f-ba38ff24d5ba@group-42ACBF6EBE4E-FollowerState was interrupted: java.lang.InterruptedException: sleep interrupted
2019-10-17 07:10:29,750 [grpc-default-executor-9] INFO  impl.RoleInfo (RoleInfo.java:updateAndGet(143)) - 0c631657-10a5-4e2a-a322-8fc6c651b2ed: start FollowerState
2019-10-17 07:10:29,750 [grpc-default-executor-11] INFO  impl.RoleInfo (RoleInfo.java:updateAndGet(143)) - 215fceca-0555-458b-bc4f-ba38ff24d5ba: start FollowerState
2019-10-17 07:10:29,751 [grpc-default-executor-10] INFO  impl.RaftServerImpl (RaftServerImpl.java:setRole(184)) - 67ae3572-7d88-4e50-b53b-0f48f6748b38@group-233C052D78D6: changes role from  FOLLOWER to FOLLOWER at term 53 for recognizeCandidate:5c4ee31d-c5ed-4c65-a5df-da3e3cf53ac2
2019-10-17 07:10:29,751 [grpc-default-executor-10] INFO  impl.RoleInfo (RoleInfo.java:shutdownFollowerState(121)) - 67ae3572-7d88-4e50-b53b-0f48f6748b38: shutdown FollowerState
2019-10-17 07:10:29,750 [Thread-1052] INFO  impl.FollowerState (FollowerState.java:run(117)) - 0c631657-10a5-4e2a-a322-8fc6c651b2ed@group-42ACBF6EBE4E-FollowerState was interrupted: java.lang.InterruptedException: sleep interrupted
2019-10-17 07:10:29,751 [Thread-1062] INFO  impl.FollowerState (FollowerState.java:run(117)) - 67ae3572-7d88-4e50-b53b-0f48f6748b38@group-233C052D78D6-FollowerState was interrupted: java.lang.InterruptedException: sleep interrupted
2019-10-17 07:10:29,751 [grpc-default-executor-10] INFO  impl.RoleInfo (RoleInfo.java:updateAndGet(143)) - 67ae3572-7d88-4e50-b53b-0f48f6748b38: start FollowerState
2019-10-17 07:10:29,751 [grpc-default-executor-3] INFO  impl.RaftServerImpl (RaftServerImpl.java:setRole(184)) - 831edaa1-80a5-4091-843f-90c648a5a79d@group-233C052D78D6: changes role from  FOLLOWER to FOLLOWER at term 53 for recognizeCandidate:5c4ee31d-c5ed-4c65-a5df-da3e3cf53ac2
2019-10-17 07:10:29,751 [grpc-default-executor-3] INFO  impl.RoleInfo (RoleInfo.java:shutdownFollowerState(121)) - 831edaa1-80a5-4091-843f-90c648a5a79d: shutdown FollowerState
2019-10-17 07:10:29,752 [grpc-default-executor-3] INFO  impl.RoleInfo (RoleInfo.java:updateAndGet(143)) - 831edaa1-80a5-4091-843f-90c648a5a79d: start FollowerState
2019-10-17 07:10:29,752 [Thread-1061] INFO  impl.FollowerState (FollowerState.java:run(117)) - 831edaa1-80a5-4091-843f-90c648a5a79d@group-233C052D78D6-FollowerState was interrupted: java.lang.InterruptedException: sleep interrupted
2019-10-17 07:10:29,765 [5c4ee31d-c5ed-4c65-a5df-da3e3cf53ac2@group-233C052D78D6-LeaderElection108] INFO  impl.LeaderElection (LeaderElection.java:logAndReturn(56)) - 5c4ee31d-c5ed-4c65-a5df-da3e3cf53ac2@group-233C052D78D6-LeaderElection108: Election REJECTED; received 2 response(s) [5c4ee31d-c5ed-4c65-a5df-da3e3cf53ac2<-67ae3572-7d88-4e50-b53b-0f48f6748b38#0:FAIL-t53, 5c4ee31d-c5ed-4c65-a5df-da3e3cf53ac2<-831edaa1-80a5-4091-843f-90c648a5a79d#0:FAIL-t53] and 0 exception(s); 5c4ee31d-c5ed-4c65-a5df-da3e3cf53ac2@group-233C052D78D6:t53, leader=null, voted=5c4ee31d-c5ed-4c65-a5df-da3e3cf53ac2, raftlog=5c4ee31d-c5ed-4c65-a5df-da3e3cf53ac2@group-233C052D78D6-SegmentedRaftLog:OPENED:c-1,f-1,i0, conf=-1: [67ae3572-7d88-4e50-b53b-0f48f6748b38:192.168.157.211:41299, 831edaa1-80a5-4091-843f-90c648a5a79d:192.168.157.211:44365, 5c4ee31d-c5ed-4c65-a5df-da3e3cf53ac2:192.168.157.211:45059], old=null
2019-10-17 07:10:29,765 [5c4ee31d-c5ed-4c65-a5df-da3e3cf53ac2@group-233C052D78D6-LeaderElection108] INFO  impl.RaftServerImpl (RaftServerImpl.java:setRole(184)) - 5c4ee31d-c5ed-4c65-a5df-da3e3cf53ac2@group-233C052D78D6: changes role from CANDIDATE to FOLLOWER at term 53 for DISCOVERED_A_NEW_TERM
2019-10-17 07:10:29,765 [decc5551-dd4b-40dc-8ff5-b6b450d67f6f@group-42ACBF6EBE4E-LeaderElection107] INFO  impl.LeaderElection (LeaderElection.java:logAndReturn(56)) - decc5551-dd4b-40dc-8ff5-b6b450d67f6f@group-42ACBF6EBE4E-LeaderElection107: Election REJECTED; received 2 response(s) [decc5551-dd4b-40dc-8ff5-b6b450d67f6f<-215fceca-0555-458b-bc4f-ba38ff24d5ba#0:FAIL-t57, decc5551-dd4b-40dc-8ff5-b6b450d67f6f<-0c631657-10a5-4e2a-a322-8fc6c651b2ed#0:FAIL-t57] and 0 exception(s); decc5551-dd4b-40dc-8ff5-b6b450d67f6f@group-42ACBF6EBE4E:t57, leader=null, voted=decc5551-dd4b-40dc-8ff5-b6b450d67f6f, raftlog=decc5551-dd4b-40dc-8ff5-b6b450d67f6f@group-42ACBF6EBE4E-SegmentedRaftLog:OPENED:c-1,f-1,i0, conf=-1: [215fceca-0555-458b-bc4f-ba38ff24d5ba:192.168.157.211:43803, decc5551-dd4b-40dc-8ff5-b6b450d67f6f:192.168.157.211:34435, 0c631657-10a5-4e2a-a322-8fc6c651b2ed:192.168.157.211:41694], old=null
2019-10-17 07:10:29,765 [5c4ee31d-c5ed-4c65-a5df-da3e3cf53ac2@group-233C052D78D6-LeaderElection108] INFO  impl.RoleInfo (RoleInfo.java:shutdownLeaderElection(134)) - 5c4ee31d-c5ed-4c65-a5df-da3e3cf53ac2: shutdown LeaderElection
2019-10-17 07:10:29,765 [decc5551-dd4b-40dc-8ff5-b6b450d67f6f@group-42ACBF6EBE4E-LeaderElection107] INFO  impl.RaftServerImpl (RaftServerImpl.java:setRole(184)) - decc5551-dd4b-40dc-8ff5-b6b450d67f6f@group-42ACBF6EBE4E: changes role from CANDIDATE to FOLLOWER at term 57 for DISCOVERED_A_NEW_TERM
2019-10-17 07:10:29,765 [5c4ee31d-c5ed-4c65-a5df-da3e3cf53ac2@group-233C052D78D6-LeaderElection108] INFO  impl.RoleInfo (RoleInfo.java:updateAndGet(143)) - 5c4ee31d-c5ed-4c65-a5df-da3e3cf53ac2: start FollowerState
2019-10-17 07:10:29,766 [decc5551-dd4b-40dc-8ff5-b6b450d67f6f@group-42ACBF6EBE4E-LeaderElection107] INFO  impl.RoleInfo (RoleInfo.java:shutdownLeaderElection(134)) - decc5551-dd4b-40dc-8ff5-b6b450d67f6f: shutdown LeaderElection
2019-10-17 07:10:29,766 [decc5551-dd4b-40dc-8ff5-b6b450d67f6f@group-42ACBF6EBE4E-LeaderElection107] INFO  impl.RoleInfo (RoleInfo.java:updateAndGet(143)) - decc5551-dd4b-40dc-8ff5-b6b450d67f6f: start FollowerState
2019-10-17 07:10:29,820 [Thread-1075] INFO  impl.FollowerState (FollowerState.java:run(108)) - decc5551-dd4b-40dc-8ff5-b6b450d67f6f@group-42ACBF6EBE4E-FollowerState: change to CANDIDATE, lastRpcTime:54ms, electionTimeout:54ms
2019-10-17 07:10:29,820 [Thread-1075] INFO  impl.RoleInfo (RoleInfo.java:shutdownFollowerState(121)) - decc5551-dd4b-40dc-8ff5-b6b450d67f6f: shutdown FollowerState
2019-10-17 07:10:29,820 [Thread-1075] INFO  impl.RaftServerImpl (RaftServerImpl.java:setRole(184)) - decc5551-dd4b-40dc-8ff5-b6b450d67f6f@group-42ACBF6EBE4E: changes role from  FOLLOWER to CANDIDATE at term 57 for changeToCandidate
2019-10-17 07:10:29,820 [Thread-1075] INFO  impl.RoleInfo (RoleInfo.java:updateAndGet(143)) - decc5551-dd4b-40dc-8ff5-b6b450d67f6f: start LeaderElection
2019-10-17 07:10:29,834 [decc5551-dd4b-40dc-8ff5-b6b450d67f6f@group-42ACBF6EBE4E-LeaderElection109] INFO  impl.LeaderElection (LeaderElection.java:askForVotes(178)) - decc5551-dd4b-40dc-8ff5-b6b450d67f6f@group-42ACBF6EBE4E-LeaderElection109: begin an election at term 58 for -1: [215fceca-0555-458b-bc4f-ba38ff24d5ba:192.168.157.211:43803, decc5551-dd4b-40dc-8ff5-b6b450d67f6f:192.168.157.211:34435, 0c631657-10a5-4e2a-a322-8fc6c651b2ed:192.168.157.211:41694], old=null
2019-10-17 07:10:29,836 [grpc-default-executor-9] INFO  impl.RaftServerImpl (RaftServerImpl.java:setRole(184)) - 215fceca-0555-458b-bc4f-ba38ff24d5ba@group-42ACBF6EBE4E: changes role from  FOLLOWER to FOLLOWER at term 58 for recognizeCandidate:decc5551-dd4b-40dc-8ff5-b6b450d67f6f
2019-10-17 07:10:29,836 [grpc-default-executor-10] INFO  impl.RaftServerImpl (RaftServerImpl.java:setRole(184)) - 0c631657-10a5-4e2a-a322-8fc6c651b2ed@group-42ACBF6EBE4E: changes role from  FOLLOWER to FOLLOWER at term 58 for recognizeCandidate:decc5551-dd4b-40dc-8ff5-b6b450d67f6f
2019-10-17 07:10:29,836 [grpc-default-executor-9] INFO  impl.RoleInfo (RoleInfo.java:shutdownFollowerState(121)) - 215fceca-0555-458b-bc4f-ba38ff24d5ba: shutdown FollowerState
2019-10-17 07:10:29,837 [grpc-default-executor-10] INFO  impl.RoleInfo (RoleInfo.java:shutdownFollowerState(121)) - 0c631657-10a5-4e2a-a322-8fc6c651b2ed: shutdown FollowerState
2019-10-17 07:10:29,837 [grpc-default-executor-9] INFO  impl.RoleInfo (RoleInfo.java:updateAndGet(143)) - 215fceca-0555-458b-bc4f-ba38ff24d5ba: start FollowerState
2019-10-17 07:10:29,837 [Thread-1070] INFO  impl.FollowerState (FollowerState.java:run(117)) - 215fceca-0555-458b-bc4f-ba38ff24d5ba@group-42ACBF6EBE4E-FollowerState was interrupted: java.lang.InterruptedException: sleep interrupted
2019-10-17 07:10:29,837 [grpc-default-executor-10] INFO  impl.RoleInfo (RoleInfo.java:updateAndGet(143)) - 0c631657-10a5-4e2a-a322-8fc6c651b2ed: start FollowerState
2019-10-17 07:10:29,837 [Thread-1071] INFO  impl.FollowerState (FollowerState.java:run(117)) - 0c631657-10a5-4e2a-a322-8fc6c651b2ed@group-42ACBF6EBE4E-FollowerState was interrupted: java.lang.InterruptedException: sleep interrupted
2019-10-17 07:10:29,851 [decc5551-dd4b-40dc-8ff5-b6b450d67f6f@group-42ACBF6EBE4E-LeaderElection109] INFO  impl.LeaderElection (LeaderElection.java:logAndReturn(56)) - decc5551-dd4b-40dc-8ff5-b6b450d67f6f@group-42ACBF6EBE4E-LeaderElection109: Election REJECTED; received 2 response(s) [decc5551-dd4b-40dc-8ff5-b6b450d67f6f<-215fceca-0555-458b-bc4f-ba38ff24d5ba#0:FAIL-t58, decc5551-dd4b-40dc-8ff5-b6b450d67f6f<-0c631657-10a5-4e2a-a322-8fc6c651b2ed#0:FAIL-t58] and 0 exception(s); decc5551-dd4b-40dc-8ff5-b6b450d67f6f@group-42ACBF6EBE4E:t58, leader=null, voted=decc5551-dd4b-40dc-8ff5-b6b450d67f6f, raftlog=decc5551-dd4b-40dc-8ff5-b6b450d67f6f@group-42ACBF6EBE4E-SegmentedRaftLog:OPENED:c-1,f-1,i0, conf=-1: [215fceca-0555-458b-bc4f-ba38ff24d5ba:192.168.157.211:43803, decc5551-dd4b-40dc-8ff5-b6b450d67f6f:192.168.157.211:34435, 0c631657-10a5-4e2a-a322-8fc6c651b2ed:192.168.157.211:41694], old=null
2019-10-17 07:10:29,852 [decc5551-dd4b-40dc-8ff5-b6b450d67f6f@group-42ACBF6EBE4E-LeaderElection109] INFO  impl.RaftServerImpl (RaftServerImpl.java:setRole(184)) - decc5551-dd4b-40dc-8ff5-b6b450d67f6f@group-42ACBF6EBE4E: changes role from CANDIDATE to FOLLOWER at term 58 for DISCOVERED_A_NEW_TERM
2019-10-17 07:10:29,852 [decc5551-dd4b-40dc-8ff5-b6b450d67f6f@group-42ACBF6EBE4E-LeaderElection109] INFO  impl.RoleInfo (RoleInfo.java:shutdownLeaderElection(134)) - decc5551-dd4b-40dc-8ff5-b6b450d67f6f: shutdown LeaderElection
2019-10-17 07:10:29,852 [decc5551-dd4b-40dc-8ff5-b6b450d67f6f@group-42ACBF6EBE4E-LeaderElection109] INFO  impl.RoleInfo (RoleInfo.java:updateAndGet(143)) - decc5551-dd4b-40dc-8ff5-b6b450d67f6f: start FollowerState
2019-10-17 07:10:29,940 [Thread-1074] INFO  impl.FollowerState (FollowerState.java:run(108)) - 5c4ee31d-c5ed-4c65-a5df-da3e3cf53ac2@group-233C052D78D6-FollowerState: change to CANDIDATE, lastRpcTime:174ms, electionTimeout:174ms
2019-10-17 07:10:29,940 [Thread-1074] INFO  impl.RoleInfo (RoleInfo.java:shutdownFollowerState(121)) - 5c4ee31d-c5ed-4c65-a5df-da3e3cf53ac2: shutdown FollowerState
2019-10-17 07:10:29,940 [Thread-1074] INFO  impl.RaftServerImpl (RaftServerImpl.java:setRole(184)) - 5c4ee31d-c5ed-4c65-a5df-da3e3cf53ac2@group-233C052D78D6: changes role from  FOLLOWER to CANDIDATE at term 53 for changeToCandidate
2019-10-17 07:10:29,940 [Thread-1074] INFO  impl.RoleInfo (RoleInfo.java:updateAndGet(143)) - 5c4ee31d-c5ed-4c65-a5df-da3e3cf53ac2: start LeaderElection
2019-10-17 07:10:29,955 [5c4ee31d-c5ed-4c65-a5df-da3e3cf53ac2@group-233C052D78D6-LeaderElection110] INFO  impl.LeaderElection (LeaderElection.java:askForVotes(178)) - 5c4ee31d-c5ed-4c65-a5df-da3e3cf53ac2@group-233C052D78D6-LeaderElection110: begin an election at term 54 for -1: [67ae3572-7d88-4e50-b53b-0f48f6748b38:192.168.157.211:41299, 831edaa1-80a5-4091-843f-90c648a5a79d:192.168.157.211:44365, 5c4ee31d-c5ed-4c65-a5df-da3e3cf53ac2:192.168.157.211:45059], old=null
2019-10-17 07:10:29,958 [grpc-default-executor-9] INFO  impl.RaftServerImpl (RaftServerImpl.java:setRole(184)) - 67ae3572-7d88-4e50-b53b-0f48f6748b38@group-233C052D78D6: changes role from  FOLLOWER to FOLLOWER at term 54 for recognizeCandidate:5c4ee31d-c5ed-4c65-a5df-da3e3cf53ac2
2019-10-17 07:10:29,958 [grpc-default-executor-10] INFO  impl.RaftServerImpl (RaftServerImpl.java:setRole(184)) - 831edaa1-80a5-4091-843f-90c648a5a79d@group-233C052D78D6: changes role from  FOLLOWER to FOLLOWER at term 54 for recognizeCandidate:5c4ee31d-c5ed-4c65-a5df-da3e3cf53ac2
2019-10-17 07:10:29,958 [grpc-default-executor-9] INFO  impl.RoleInfo (RoleInfo.java:shutdownFollowerState(121)) - 67ae3572-7d88-4e50-b53b-0f48f6748b38: shutdown FollowerState
2019-10-17 07:10:29,958 [grpc-default-executor-10] INFO  impl.RoleInfo (RoleInfo.java:shutdownFollowerState(121)) - 831edaa1-80a5-4091-843f-90c648a5a79d: shutdown FollowerState
2019-10-17 07:10:29,958 [Thread-1072] INFO  impl.FollowerState (FollowerState.java:run(117)) - 67ae3572-7d88-4e50-b53b-0f48f6748b38@group-233C052D78D6-FollowerState was interrupted: java.lang.InterruptedException: sleep interrupted
2019-10-17 07:10:29,958 [Thread-1073] INFO  impl.FollowerState (FollowerState.java:run(117)) - 831edaa1-80a5-4091-843f-90c648a5a79d@group-233C052D78D6-FollowerState was interrupted: java.lang.InterruptedException: sleep interrupted
2019-10-17 07:10:29,958 [grpc-default-executor-9] INFO  impl.RoleInfo (RoleInfo.java:updateAndGet(143)) - 67ae3572-7d88-4e50-b53b-0f48f6748b38: start FollowerState
2019-10-17 07:10:29,958 [grpc-default-executor-10] INFO  impl.RoleInfo (RoleInfo.java:updateAndGet(143)) - 831edaa1-80a5-4091-843f-90c648a5a79d: start FollowerState
2019-10-17 07:10:29,973 [5c4ee31d-c5ed-4c65-a5df-da3e3cf53ac2@group-233C052D78D6-LeaderElection110] INFO  impl.LeaderElection (LeaderElection.java:logAndReturn(56)) - 5c4ee31d-c5ed-4c65-a5df-da3e3cf53ac2@group-233C052D78D6-LeaderElection110: Election REJECTED; received 2 response(s) [5c4ee31d-c5ed-4c65-a5df-da3e3cf53ac2<-67ae3572-7d88-4e50-b53b-0f48f6748b38#0:FAIL-t54, 5c4ee31d-c5ed-4c65-a5df-da3e3cf53ac2<-831edaa1-80a5-4091-843f-90c648a5a79d#0:FAIL-t54] and 0 exception(s); 5c4ee31d-c5ed-4c65-a5df-da3e3cf53ac2@group-233C052D78D6:t54, leader=null, voted=5c4ee31d-c5ed-4c65-a5df-da3e3cf53ac2, raftlog=5c4ee31d-c5ed-4c65-a5df-da3e3cf53ac2@group-233C052D78D6-SegmentedRaftLog:OPENED:c-1,f-1,i0, conf=-1: [67ae3572-7d88-4e50-b53b-0f48f6748b38:192.168.157.211:41299, 831edaa1-80a5-4091-843f-90c648a5a79d:192.168.157.211:44365, 5c4ee31d-c5ed-4c65-a5df-da3e3cf53ac2:192.168.157.211:45059], old=null
2019-10-17 07:10:29,974 [5c4ee31d-c5ed-4c65-a5df-da3e3cf53ac2@group-233C052D78D6-LeaderElection110] INFO  impl.RaftServerImpl (RaftServerImpl.java:setRole(184)) - 5c4ee31d-c5ed-4c65-a5df-da3e3cf53ac2@group-233C052D78D6: changes role from CANDIDATE to FOLLOWER at term 54 for DISCOVERED_A_NEW_TERM
2019-10-17 07:10:29,974 [5c4ee31d-c5ed-4c65-a5df-da3e3cf53ac2@group-233C052D78D6-LeaderElection110] INFO  impl.RoleInfo (RoleInfo.java:shutdownLeaderElection(134)) - 5c4ee31d-c5ed-4c65-a5df-da3e3cf53ac2: shutdown LeaderElection
2019-10-17 07:10:29,974 [5c4ee31d-c5ed-4c65-a5df-da3e3cf53ac2@group-233C052D78D6-LeaderElection110] INFO  impl.RoleInfo (RoleInfo.java:updateAndGet(143)) - 5c4ee31d-c5ed-4c65-a5df-da3e3cf53ac2: start FollowerState
2019-10-17 07:10:30,028 [Thread-1081] INFO  impl.FollowerState (FollowerState.java:run(108)) - decc5551-dd4b-40dc-8ff5-b6b450d67f6f@group-42ACBF6EBE4E-FollowerState: change to CANDIDATE, lastRpcTime:176ms, electionTimeout:176ms
2019-10-17 07:10:30,028 [Thread-1081] INFO  impl.RoleInfo (RoleInfo.java:shutdownFollowerState(121)) - decc5551-dd4b-40dc-8ff5-b6b450d67f6f: shutdown FollowerState
2019-10-17 07:10:30,028 [Thread-1081] INFO  impl.RaftServerImpl (RaftServerImpl.java:setRole(184)) - decc5551-dd4b-40dc-8ff5-b6b450d67f6f@group-42ACBF6EBE4E: changes role from  FOLLOWER to CANDIDATE at term 58 for changeToCandidate
2019-10-17 07:10:30,028 [Thread-1081] INFO  impl.RoleInfo (RoleInfo.java:updateAndGet(143)) - decc5551-dd4b-40dc-8ff5-b6b450d67f6f: start LeaderElection
2019-10-17 07:10:30,042 [decc5551-dd4b-40dc-8ff5-b6b450d67f6f@group-42ACBF6EBE4E-LeaderElection111] INFO  impl.LeaderElection (LeaderElection.java:askForVotes(178)) - decc5551-dd4b-40dc-8ff5-b6b450d67f6f@group-42ACBF6EBE4E-LeaderElection111: begin an election at term 59 for -1: [215fceca-0555-458b-bc4f-ba38ff24d5ba:192.168.157.211:43803, decc5551-dd4b-40dc-8ff5-b6b450d67f6f:192.168.157.211:34435, 0c631657-10a5-4e2a-a322-8fc6c651b2ed:192.168.157.211:41694], old=null
2019-10-17 07:10:30,044 [grpc-default-executor-10] INFO  impl.RaftServerImpl (RaftServerImpl.java:setRole(184)) - 215fceca-0555-458b-bc4f-ba38ff24d5ba@group-42ACBF6EBE4E: changes role from  FOLLOWER to FOLLOWER at term 59 for recognizeCandidate:decc5551-dd4b-40dc-8ff5-b6b450d67f6f
2019-10-17 07:10:30,045 [grpc-default-executor-9] INFO  impl.RaftServerImpl (RaftServerImpl.java:setRole(184)) - 0c631657-10a5-4e2a-a322-8fc6c651b2ed@group-42ACBF6EBE4E: changes role from  FOLLOWER to FOLLOWER at term 59 for recognizeCandidate:decc5551-dd4b-40dc-8ff5-b6b450d67f6f
2019-10-17 07:10:30,045 [grpc-default-executor-10] INFO  impl.RoleInfo (RoleInfo.java:shutdownFollowerState(121)) - 215fceca-0555-458b-bc4f-ba38ff24d5ba: shutdown FollowerState
2019-10-17 07:10:30,045 [grpc-default-executor-9] INFO  impl.RoleInfo (RoleInfo.java:shutdownFollowerState(121)) - 0c631657-10a5-4e2a-a322-8fc6c651b2ed: shutdown FollowerState
2019-10-17 07:10:30,045 [grpc-default-executor-10] INFO  impl.RoleInfo (RoleInfo.java:updateAndGet(143)) - 215fceca-0555-458b-bc4f-ba38ff24d5ba: start FollowerState
2019-10-17 07:10:30,045 [Thread-1079] INFO  impl.FollowerState (FollowerState.java:run(117)) - 215fceca-0555-458b-bc4f-ba38ff24d5ba@group-42ACBF6EBE4E-FollowerState was interrupted: java.lang.InterruptedException: sleep interrupted
2019-10-17 07:10:30,045 [grpc-default-executor-9] INFO  impl.RoleInfo (RoleInfo.java:updateAndGet(143)) - 0c631657-10a5-4e2a-a322-8fc6c651b2ed: start FollowerState
2019-10-17 07:10:30,045 [Thread-1080] INFO  impl.FollowerState (FollowerState.java:run(117)) - 0c631657-10a5-4e2a-a322-8fc6c651b2ed@group-42ACBF6EBE4E-FollowerState was interrupted: java.lang.InterruptedException: sleep interrupted
2019-10-17 07:10:30,061 [decc5551-dd4b-40dc-8ff5-b6b450d67f6f@group-42ACBF6EBE4E-LeaderElection111] INFO  impl.LeaderElection (LeaderElection.java:logAndReturn(56)) - decc5551-dd4b-40dc-8ff5-b6b450d67f6f@group-42ACBF6EBE4E-LeaderElection111: Election REJECTED; received 2 response(s) [decc5551-dd4b-40dc-8ff5-b6b450d67f6f<-215fceca-0555-458b-bc4f-ba38ff24d5ba#0:FAIL-t59, decc5551-dd4b-40dc-8ff5-b6b450d67f6f<-0c631657-10a5-4e2a-a322-8fc6c651b2ed#0:FAIL-t59] and 0 exception(s); decc5551-dd4b-40dc-8ff5-b6b450d67f6f@group-42ACBF6EBE4E:t59, leader=null, voted=decc5551-dd4b-40dc-8ff5-b6b450d67f6f, raftlog=decc5551-dd4b-40dc-8ff5-b6b450d67f6f@group-42ACBF6EBE4E-SegmentedRaftLog:OPENED:c-1,f-1,i0, conf=-1: [215fceca-0555-458b-bc4f-ba38ff24d5ba:192.168.157.211:43803, decc5551-dd4b-40dc-8ff5-b6b450d67f6f:192.168.157.211:34435, 0c631657-10a5-4e2a-a322-8fc6c651b2ed:192.168.157.211:41694], old=null
2019-10-17 07:10:30,062 [decc5551-dd4b-40dc-8ff5-b6b450d67f6f@group-42ACBF6EBE4E-LeaderElection111] INFO  impl.RaftServerImpl (RaftServerImpl.java:setRole(184)) - decc5551-dd4b-40dc-8ff5-b6b450d67f6f@group-42ACBF6EBE4E: changes role from CANDIDATE to FOLLOWER at term 59 for DISCOVERED_A_NEW_TERM
2019-10-17 07:10:30,062 [decc5551-dd4b-40dc-8ff5-b6b450d67f6f@group-42ACBF6EBE4E-LeaderElection111] INFO  impl.RoleInfo (RoleInfo.java:shutdownLeaderElection(134)) - decc5551-dd4b-40dc-8ff5-b6b450d67f6f: shutdown LeaderElection
2019-10-17 07:10:30,062 [decc5551-dd4b-40dc-8ff5-b6b450d67f6f@group-42ACBF6EBE4E-LeaderElection111] INFO  impl.RoleInfo (RoleInfo.java:updateAndGet(143)) - decc5551-dd4b-40dc-8ff5-b6b450d67f6f: start FollowerState
2019-10-17 07:10:30,062 [Thread-1095] INFO  impl.FollowerState (FollowerState.java:run(108)) - decc5551-dd4b-40dc-8ff5-b6b450d67f6f@group-42ACBF6EBE4E-FollowerState: change to CANDIDATE, lastRpcTime:0ms, electionTimeout:0ms
2019-10-17 07:10:30,062 [Thread-1095] INFO  impl.RoleInfo (RoleInfo.java:shutdownFollowerState(121)) - decc5551-dd4b-40dc-8ff5-b6b450d67f6f: shutdown FollowerState
2019-10-17 07:10:30,062 [Thread-1095] INFO  impl.RaftServerImpl (RaftServerImpl.java:setRole(184)) - decc5551-dd4b-40dc-8ff5-b6b450d67f6f@group-42ACBF6EBE4E: changes role from  FOLLOWER to CANDIDATE at term 59 for changeToCandidate
2019-10-17 07:10:30,063 [Thread-1095] INFO  impl.RoleInfo (RoleInfo.java:updateAndGet(143)) - decc5551-dd4b-40dc-8ff5-b6b450d67f6f: start LeaderElection
2019-10-17 07:10:30,075 [decc5551-dd4b-40dc-8ff5-b6b450d67f6f@group-42ACBF6EBE4E-LeaderElection112] INFO  impl.LeaderElection (LeaderElection.java:askForVotes(178)) - decc5551-dd4b-40dc-8ff5-b6b450d67f6f@group-42ACBF6EBE4E-LeaderElection112: begin an election at term 60 for -1: [215fceca-0555-458b-bc4f-ba38ff24d5ba:192.168.157.211:43803, decc5551-dd4b-40dc-8ff5-b6b450d67f6f:192.168.157.211:34435, 0c631657-10a5-4e2a-a322-8fc6c651b2ed:192.168.157.211:41694], old=null
2019-10-17 07:10:30,077 [grpc-default-executor-9] INFO  impl.RaftServerImpl (RaftServerImpl.java:setRole(184)) - 215fceca-0555-458b-bc4f-ba38ff24d5ba@group-42ACBF6EBE4E: changes role from  FOLLOWER to FOLLOWER at term 60 for recognizeCandidate:decc5551-dd4b-40dc-8ff5-b6b450d67f6f
2019-10-17 07:10:30,077 [grpc-default-executor-10] INFO  impl.RaftServerImpl (RaftServerImpl.java:setRole(184)) - 0c631657-10a5-4e2a-a322-8fc6c651b2ed@group-42ACBF6EBE4E: changes role from  FOLLOWER to FOLLOWER at term 60 for recognizeCandidate:decc5551-dd4b-40dc-8ff5-b6b450d67f6f
2019-10-17 07:10:30,078 [grpc-default-executor-10] INFO  impl.RoleInfo (RoleInfo.java:shutdownFollowerState(121)) - 0c631657-10a5-4e2a-a322-8fc6c651b2ed: shutdown FollowerState
2019-10-17 07:10:30,077 [grpc-default-executor-9] INFO  impl.RoleInfo (RoleInfo.java:shutdownFollowerState(121)) - 215fceca-0555-458b-bc4f-ba38ff24d5ba: shutdown FollowerState
2019-10-17 07:10:30,078 [Thread-1094] INFO  impl.FollowerState (FollowerState.java:run(117)) - 0c631657-10a5-4e2a-a322-8fc6c651b2ed@group-42ACBF6EBE4E-FollowerState was interrupted: java.lang.InterruptedException: sleep interrupted
2019-10-17 07:10:30,078 [Thread-1093] INFO  impl.FollowerState (FollowerState.java:run(117)) - 215fceca-0555-458b-bc4f-ba38ff24d5ba@group-42ACBF6EBE4E-FollowerState was interrupted: java.lang.InterruptedException: sleep interrupted
2019-10-17 07:10:30,078 [grpc-default-executor-10] INFO  impl.RoleInfo (RoleInfo.java:updateAndGet(143)) - 0c631657-10a5-4e2a-a322-8fc6c651b2ed: start FollowerState
2019-10-17 07:10:30,078 [grpc-default-executor-9] INFO  impl.RoleInfo (RoleInfo.java:updateAndGet(143)) - 215fceca-0555-458b-bc4f-ba38ff24d5ba: start FollowerState
2019-10-17 07:10:30,093 [decc5551-dd4b-40dc-8ff5-b6b450d67f6f@group-42ACBF6EBE4E-LeaderElection112] INFO  impl.LeaderElection (LeaderElection.java:logAndReturn(56)) - decc5551-dd4b-40dc-8ff5-b6b450d67f6f@group-42ACBF6EBE4E-LeaderElection112: Election REJECTED; received 2 response(s) [decc5551-dd4b-40dc-8ff5-b6b450d67f6f<-215fceca-0555-458b-bc4f-ba38ff24d5ba#0:FAIL-t60, decc5551-dd4b-40dc-8ff5-b6b450d67f6f<-0c631657-10a5-4e2a-a322-8fc6c651b2ed#0:FAIL-t60] and 0 exception(s); decc5551-dd4b-40dc-8ff5-b6b450d67f6f@group-42ACBF6EBE4E:t60, leader=null, voted=decc5551-dd4b-40dc-8ff5-b6b450d67f6f, raftlog=decc5551-dd4b-40dc-8ff5-b6b450d67f6f@group-42ACBF6EBE4E-SegmentedRaftLog:OPENED:c-1,f-1,i0, conf=-1: [215fceca-0555-458b-bc4f-ba38ff24d5ba:192.168.157.211:43803, decc5551-dd4b-40dc-8ff5-b6b450d67f6f:192.168.157.211:34435, 0c631657-10a5-4e2a-a322-8fc6c651b2ed:192.168.157.211:41694], old=null
2019-10-17 07:10:30,093 [decc5551-dd4b-40dc-8ff5-b6b450d67f6f@group-42ACBF6EBE4E-LeaderElection112] INFO  impl.RaftServerImpl (RaftServerImpl.java:setRole(184)) - decc5551-dd4b-40dc-8ff5-b6b450d67f6f@group-42ACBF6EBE4E: changes role from CANDIDATE to FOLLOWER at term 60 for DISCOVERED_A_NEW_TERM
2019-10-17 07:10:30,093 [decc5551-dd4b-40dc-8ff5-b6b450d67f6f@group-42ACBF6EBE4E-LeaderElection112] INFO  impl.RoleInfo (RoleInfo.java:shutdownLeaderElection(134)) - decc5551-dd4b-40dc-8ff5-b6b450d67f6f: shutdown LeaderElection
2019-10-17 07:10:30,093 [decc5551-dd4b-40dc-8ff5-b6b450d67f6f@group-42ACBF6EBE4E-LeaderElection112] INFO  impl.RoleInfo (RoleInfo.java:updateAndGet(143)) - decc5551-dd4b-40dc-8ff5-b6b450d67f6f: start FollowerState
2019-10-17 07:10:30,094 [Thread-1087] INFO  impl.FollowerState (FollowerState.java:run(108)) - 5c4ee31d-c5ed-4c65-a5df-da3e3cf53ac2@group-233C052D78D6-FollowerState: change to CANDIDATE, lastRpcTime:120ms, electionTimeout:120ms
2019-10-17 07:10:30,094 [Thread-1087] INFO  impl.RoleInfo (RoleInfo.java:shutdownFollowerState(121)) - 5c4ee31d-c5ed-4c65-a5df-da3e3cf53ac2: shutdown FollowerState
2019-10-17 07:10:30,095 [Thread-1087] INFO  impl.RaftServerImpl (RaftServerImpl.java:setRole(184)) - 5c4ee31d-c5ed-4c65-a5df-da3e3cf53ac2@group-233C052D78D6: changes role from  FOLLOWER to CANDIDATE at term 54 for changeToCandidate
2019-10-17 07:10:30,095 [Thread-1087] INFO  impl.RoleInfo (RoleInfo.java:updateAndGet(143)) - 5c4ee31d-c5ed-4c65-a5df-da3e3cf53ac2: start LeaderElection
2019-10-17 07:10:30,118 [5c4ee31d-c5ed-4c65-a5df-da3e3cf53ac2@group-233C052D78D6-LeaderElection113] INFO  impl.LeaderElection (LeaderElection.java:askForVotes(178)) - 5c4ee31d-c5ed-4c65-a5df-da3e3cf53ac2@group-233C052D78D6-LeaderElection113: begin an election at term 55 for -1: [67ae3572-7d88-4e50-b53b-0f48f6748b38:192.168.157.211:41299, 831edaa1-80a5-4091-843f-90c648a5a79d:192.168.157.211:44365, 5c4ee31d-c5ed-4c65-a5df-da3e3cf53ac2:192.168.157.211:45059], old=null
2019-10-17 07:10:30,120 [grpc-default-executor-10] INFO  impl.RaftServerImpl (RaftServerImpl.java:setRole(184)) - 67ae3572-7d88-4e50-b53b-0f48f6748b38@group-233C052D78D6: changes role from  FOLLOWER to FOLLOWER at term 55 for recognizeCandidate:5c4ee31d-c5ed-4c65-a5df-da3e3cf53ac2
2019-10-17 07:10:30,120 [grpc-default-executor-9] INFO  impl.RaftServerImpl (RaftServerImpl.java:setRole(184)) - 831edaa1-80a5-4091-843f-90c648a5a79d@group-233C052D78D6: changes role from  FOLLOWER to FOLLOWER at term 55 for recognizeCandidate:5c4ee31d-c5ed-4c65-a5df-da3e3cf53ac2
2019-10-17 07:10:30,121 [grpc-default-executor-9] INFO  impl.RoleInfo (RoleInfo.java:shutdownFollowerState(121)) - 831edaa1-80a5-4091-843f-90c648a5a79d: shutdown FollowerState
2019-10-17 07:10:30,120 [grpc-default-executor-10] INFO  impl.RoleInfo (RoleInfo.java:shutdownFollowerState(121)) - 67ae3572-7d88-4e50-b53b-0f48f6748b38: shutdown FollowerState
2019-10-17 07:10:30,121 [Thread-1086] INFO  impl.FollowerState (FollowerState.java:run(117)) - 831edaa1-80a5-4091-843f-90c648a5a79d@group-233C052D78D6-FollowerState was interrupted: java.lang.InterruptedException: sleep interrupted
2019-10-17 07:10:30,121 [grpc-default-executor-9] INFO  impl.RoleInfo (RoleInfo.java:updateAndGet(143)) - 831edaa1-80a5-4091-843f-90c648a5a79d: start FollowerState
2019-10-17 07:10:30,121 [grpc-default-executor-10] INFO  impl.RoleInfo (RoleInfo.java:updateAndGet(143)) - 67ae3572-7d88-4e50-b53b-0f48f6748b38: start FollowerState
2019-10-17 07:10:30,121 [Thread-1085] INFO  impl.FollowerState (FollowerState.java:run(117)) - 67ae3572-7d88-4e50-b53b-0f48f6748b38@group-233C052D78D6-FollowerState was interrupted: java.lang.InterruptedException: sleep interrupted
2019-10-17 07:10:30,158 [5c4ee31d-c5ed-4c65-a5df-da3e3cf53ac2@group-233C052D78D6-LeaderElection113] INFO  impl.LeaderElection (LeaderElection.java:logAndReturn(56)) - 5c4ee31d-c5ed-4c65-a5df-da3e3cf53ac2@group-233C052D78D6-LeaderElection113: Election REJECTED; received 2 response(s) [5c4ee31d-c5ed-4c65-a5df-da3e3cf53ac2<-67ae3572-7d88-4e50-b53b-0f48f6748b38#0:FAIL-t55, 5c4ee31d-c5ed-4c65-a5df-da3e3cf53ac2<-831edaa1-80a5-4091-843f-90c648a5a79d#0:FAIL-t55] and 0 exception(s); 5c4ee31d-c5ed-4c65-a5df-da3e3cf53ac2@group-233C052D78D6:t55, leader=null, voted=5c4ee31d-c5ed-4c65-a5df-da3e3cf53ac2, raftlog=5c4ee31d-c5ed-4c65-a5df-da3e3cf53ac2@group-233C052D78D6-SegmentedRaftLog:OPENED:c-1,f-1,i0, conf=-1: [67ae3572-7d88-4e50-b53b-0f48f6748b38:192.168.157.211:41299, 831edaa1-80a5-4091-843f-90c648a5a79d:192.168.157.211:44365, 5c4ee31d-c5ed-4c65-a5df-da3e3cf53ac2:192.168.157.211:45059], old=null
2019-10-17 07:10:30,158 [5c4ee31d-c5ed-4c65-a5df-da3e3cf53ac2@group-233C052D78D6-LeaderElection113] INFO  impl.RaftServerImpl (RaftServerImpl.java:setRole(184)) - 5c4ee31d-c5ed-4c65-a5df-da3e3cf53ac2@group-233C052D78D6: changes role from CANDIDATE to FOLLOWER at term 55 for DISCOVERED_A_NEW_TERM
2019-10-17 07:10:30,158 [5c4ee31d-c5ed-4c65-a5df-da3e3cf53ac2@group-233C052D78D6-LeaderElection113] INFO  impl.RoleInfo (RoleInfo.java:shutdownLeaderElection(134)) - 5c4ee31d-c5ed-4c65-a5df-da3e3cf53ac2: shutdown LeaderElection
2019-10-17 07:10:30,158 [5c4ee31d-c5ed-4c65-a5df-da3e3cf53ac2@group-233C052D78D6-LeaderElection113] INFO  impl.RoleInfo (RoleInfo.java:updateAndGet(143)) - 5c4ee31d-c5ed-4c65-a5df-da3e3cf53ac2: start FollowerState
2019-10-17 07:10:30,166 [Thread-1107] INFO  impl.FollowerState (FollowerState.java:run(108)) - 5c4ee31d-c5ed-4c65-a5df-da3e3cf53ac2@group-233C052D78D6-FollowerState: change to CANDIDATE, lastRpcTime:7ms, electionTimeout:7ms
2019-10-17 07:10:30,166 [Thread-1107] INFO  impl.RoleInfo (RoleInfo.java:shutdownFollowerState(121)) - 5c4ee31d-c5ed-4c65-a5df-da3e3cf53ac2: shutdown FollowerState
2019-10-17 07:10:30,166 [Thread-1107] INFO  impl.RaftServerImpl (RaftServerImpl.java:setRole(184)) - 5c4ee31d-c5ed-4c65-a5df-da3e3cf53ac2@group-233C052D78D6: changes role from  FOLLOWER to CANDIDATE at term 55 for changeToCandidate
2019-10-17 07:10:30,166 [Thread-1107] INFO  impl.RoleInfo (RoleInfo.java:updateAndGet(143)) - 5c4ee31d-c5ed-4c65-a5df-da3e3cf53ac2: start LeaderElection
2019-10-17 07:10:30,188 [5c4ee31d-c5ed-4c65-a5df-da3e3cf53ac2@group-233C052D78D6-LeaderElection114] INFO  impl.LeaderElection (LeaderElection.java:askForVotes(178)) - 5c4ee31d-c5ed-4c65-a5df-da3e3cf53ac2@group-233C052D78D6-LeaderElection114: begin an election at term 56 for -1: [67ae3572-7d88-4e50-b53b-0f48f6748b38:192.168.157.211:41299, 831edaa1-80a5-4091-843f-90c648a5a79d:192.168.157.211:44365, 5c4ee31d-c5ed-4c65-a5df-da3e3cf53ac2:192.168.157.211:45059], old=null
2019-10-17 07:10:30,190 [grpc-default-executor-10] INFO  impl.RaftServerImpl (RaftServerImpl.java:setRole(184)) - 67ae3572-7d88-4e50-b53b-0f48f6748b38@group-233C052D78D6: changes role from  FOLLOWER to FOLLOWER at term 56 for recognizeCandidate:5c4ee31d-c5ed-4c65-a5df-da3e3cf53ac2
2019-10-17 07:10:30,190 [grpc-default-executor-10] INFO  impl.RoleInfo (RoleInfo.java:shutdownFollowerState(121)) - 67ae3572-7d88-4e50-b53b-0f48f6748b38: shutdown FollowerState
2019-10-17 07:10:30,190 [grpc-default-executor-9] INFO  impl.RaftServerImpl (RaftServerImpl.java:setRole(184)) - 831edaa1-80a5-4091-843f-90c648a5a79d@group-233C052D78D6: changes role from  FOLLOWER to FOLLOWER at term 56 for recognizeCandidate:5c4ee31d-c5ed-4c65-a5df-da3e3cf53ac2
2019-10-17 07:10:30,190 [Thread-1106] INFO  impl.FollowerState (FollowerState.java:run(117)) - 67ae3572-7d88-4e50-b53b-0f48f6748b38@group-233C052D78D6-FollowerState was interrupted: java.lang.InterruptedException: sleep interrupted
2019-10-17 07:10:30,190 [grpc-default-executor-10] INFO  impl.RoleInfo (RoleInfo.java:updateAndGet(143)) - 67ae3572-7d88-4e50-b53b-0f48f6748b38: start FollowerState
2019-10-17 07:10:30,191 [grpc-default-executor-9] INFO  impl.RoleInfo (RoleInfo.java:shutdownFollowerState(121)) - 831edaa1-80a5-4091-843f-90c648a5a79d: shutdown FollowerState
2019-10-17 07:10:30,191 [grpc-default-executor-9] INFO  impl.RoleInfo (RoleInfo.java:updateAndGet(143)) - 831edaa1-80a5-4091-843f-90c648a5a79d: start FollowerState
2019-10-17 07:10:30,191 [Thread-1105] INFO  impl.FollowerState (FollowerState.java:run(117)) - 831edaa1-80a5-4091-843f-90c648a5a79d@group-233C052D78D6-FollowerState was interrupted: java.lang.InterruptedException: sleep interrupted
2019-10-17 07:10:30,206 [5c4ee31d-c5ed-4c65-a5df-da3e3cf53ac2@group-233C052D78D6-LeaderElection114] INFO  impl.LeaderElection (LeaderElection.java:logAndReturn(56)) - 5c4ee31d-c5ed-4c65-a5df-da3e3cf53ac2@group-233C052D78D6-LeaderElection114: Election REJECTED; received 2 response(s) [5c4ee31d-c5ed-4c65-a5df-da3e3cf53ac2<-67ae3572-7d88-4e50-b53b-0f48f6748b38#0:FAIL-t56, 5c4ee31d-c5ed-4c65-a5df-da3e3cf53ac2<-831edaa1-80a5-4091-843f-90c648a5a79d#0:FAIL-t56] and 0 exception(s); 5c4ee31d-c5ed-4c65-a5df-da3e3cf53ac2@group-233C052D78D6:t56, leader=null, voted=5c4ee31d-c5ed-4c65-a5df-da3e3cf53ac2, raftlog=5c4ee31d-c5ed-4c65-a5df-da3e3cf53ac2@group-233C052D78D6-SegmentedRaftLog:OPENED:c-1,f-1,i0, conf=-1: [67ae3572-7d88-4e50-b53b-0f48f6748b38:192.168.157.211:41299, 831edaa1-80a5-4091-843f-90c648a5a79d:192.168.157.211:44365, 5c4ee31d-c5ed-4c65-a5df-da3e3cf53ac2:192.168.157.211:45059], old=null
2019-10-17 07:10:30,206 [5c4ee31d-c5ed-4c65-a5df-da3e3cf53ac2@group-233C052D78D6-LeaderElection114] INFO  impl.RaftServerImpl (RaftServerImpl.java:setRole(184)) - 5c4ee31d-c5ed-4c65-a5df-da3e3cf53ac2@group-233C052D78D6: changes role from CANDIDATE to FOLLOWER at term 56 for DISCOVERED_A_NEW_TERM
2019-10-17 07:10:30,206 [5c4ee31d-c5ed-4c65-a5df-da3e3cf53ac2@group-233C052D78D6-LeaderElection114] INFO  impl.RoleInfo (RoleInfo.java:shutdownLeaderElection(134)) - 5c4ee31d-c5ed-4c65-a5df-da3e3cf53ac2: shutdown LeaderElection
2019-10-17 07:10:30,206 [5c4ee31d-c5ed-4c65-a5df-da3e3cf53ac2@group-233C052D78D6-LeaderElection114] INFO  impl.RoleInfo (RoleInfo.java:updateAndGet(143)) - 5c4ee31d-c5ed-4c65-a5df-da3e3cf53ac2: start FollowerState
2019-10-17 07:10:30,241 [Thread-1101] INFO  impl.FollowerState (FollowerState.java:run(108)) - decc5551-dd4b-40dc-8ff5-b6b450d67f6f@group-42ACBF6EBE4E-FollowerState: change to CANDIDATE, lastRpcTime:148ms, electionTimeout:148ms
2019-10-17 07:10:30,242 [Thread-1101] INFO  impl.RoleInfo (RoleInfo.java:shutdownFollowerState(121)) - decc5551-dd4b-40dc-8ff5-b6b450d67f6f: shutdown FollowerState
2019-10-17 07:10:30,242 [Thread-1101] INFO  impl.RaftServerImpl (RaftServerImpl.java:setRole(184)) - decc5551-dd4b-40dc-8ff5-b6b450d67f6f@group-42ACBF6EBE4E: changes role from  FOLLOWER to CANDIDATE at term 60 for changeToCandidate
2019-10-17 07:10:30,242 [Thread-1101] INFO  impl.RoleInfo (RoleInfo.java:updateAndGet(143)) - decc5551-dd4b-40dc-8ff5-b6b450d67f6f: start LeaderElection
2019-10-17 07:10:30,255 [decc5551-dd4b-40dc-8ff5-b6b450d67f6f@group-42ACBF6EBE4E-LeaderElection115] INFO  impl.LeaderElection (LeaderElection.java:askForVotes(178)) - decc5551-dd4b-40dc-8ff5-b6b450d67f6f@group-42ACBF6EBE4E-LeaderElection115: begin an election at term 61 for -1: [215fceca-0555-458b-bc4f-ba38ff24d5ba:192.168.157.211:43803, decc5551-dd4b-40dc-8ff5-b6b450d67f6f:192.168.157.211:34435, 0c631657-10a5-4e2a-a322-8fc6c651b2ed:192.168.157.211:41694], old=null
2019-10-17 07:10:30,258 [grpc-default-executor-9] INFO  impl.RaftServerImpl (RaftServerImpl.java:setRole(184)) - 0c631657-10a5-4e2a-a322-8fc6c651b2ed@group-42ACBF6EBE4E: changes role from  FOLLOWER to FOLLOWER at term 61 for recognizeCandidate:decc5551-dd4b-40dc-8ff5-b6b450d67f6f
2019-10-17 07:10:30,258 [grpc-default-executor-9] INFO  impl.RoleInfo (RoleInfo.java:shutdownFollowerState(121)) - 0c631657-10a5-4e2a-a322-8fc6c651b2ed: shutdown FollowerState
2019-10-17 07:10:30,258 [grpc-default-executor-10] INFO  impl.RaftServerImpl (RaftServerImpl.java:setRole(184)) - 215fceca-0555-458b-bc4f-ba38ff24d5ba@group-42ACBF6EBE4E: changes role from  FOLLOWER to FOLLOWER at term 61 for recognizeCandidate:decc5551-dd4b-40dc-8ff5-b6b450d67f6f
2019-10-17 07:10:30,259 [Thread-1099] INFO  impl.FollowerState (FollowerState.java:run(117)) - 0c631657-10a5-4e2a-a322-8fc6c651b2ed@group-42ACBF6EBE4E-FollowerState was interrupted: java.lang.InterruptedException: sleep interrupted
2019-10-17 07:10:30,258 [grpc-default-executor-9] INFO  impl.RoleInfo (RoleInfo.java:updateAndGet(143)) - 0c631657-10a5-4e2a-a322-8fc6c651b2ed: start FollowerState
2019-10-17 07:10:30,259 [grpc-default-executor-10] INFO  impl.RoleInfo (RoleInfo.java:shutdownFollowerState(121)) - 215fceca-0555-458b-bc4f-ba38ff24d5ba: shutdown FollowerState
2019-10-17 07:10:30,259 [grpc-default-executor-10] INFO  impl.RoleInfo (RoleInfo.java:updateAndGet(143)) - 215fceca-0555-458b-bc4f-ba38ff24d5ba: start FollowerState
2019-10-17 07:10:30,259 [Thread-1100] INFO  impl.FollowerState (FollowerState.java:run(117)) - 215fceca-0555-458b-bc4f-ba38ff24d5ba@group-42ACBF6EBE4E-FollowerState was interrupted: java.lang.InterruptedException: sleep interrupted
2019-10-17 07:10:30,282 [decc5551-dd4b-40dc-8ff5-b6b450d67f6f@group-42ACBF6EBE4E-LeaderElection115] INFO  impl.LeaderElection (LeaderElection.java:logAndReturn(56)) - decc5551-dd4b-40dc-8ff5-b6b450d67f6f@group-42ACBF6EBE4E-LeaderElection115: Election REJECTED; received 2 response(s) [decc5551-dd4b-40dc-8ff5-b6b450d67f6f<-215fceca-0555-458b-bc4f-ba38ff24d5ba#0:FAIL-t61, decc5551-dd4b-40dc-8ff5-b6b450d67f6f<-0c631657-10a5-4e2a-a322-8fc6c651b2ed#0:FAIL-t61] and 0 exception(s); decc5551-dd4b-40dc-8ff5-b6b450d67f6f@group-42ACBF6EBE4E:t61, leader=null, voted=decc5551-dd4b-40dc-8ff5-b6b450d67f6f, raftlog=decc5551-dd4b-40dc-8ff5-b6b450d67f6f@group-42ACBF6EBE4E-SegmentedRaftLog:OPENED:c-1,f-1,i0, conf=-1: [215fceca-0555-458b-bc4f-ba38ff24d5ba:192.168.157.211:43803, decc5551-dd4b-40dc-8ff5-b6b450d67f6f:192.168.157.211:34435, 0c631657-10a5-4e2a-a322-8fc6c651b2ed:192.168.157.211:41694], old=null
2019-10-17 07:10:30,282 [decc5551-dd4b-40dc-8ff5-b6b450d67f6f@group-42ACBF6EBE4E-LeaderElection115] INFO  impl.RaftServerImpl (RaftServerImpl.java:setRole(184)) - decc5551-dd4b-40dc-8ff5-b6b450d67f6f@group-42ACBF6EBE4E: changes role from CANDIDATE to FOLLOWER at term 61 for DISCOVERED_A_NEW_TERM
2019-10-17 07:10:30,282 [decc5551-dd4b-40dc-8ff5-b6b450d67f6f@group-42ACBF6EBE4E-LeaderElection115] INFO  impl.RoleInfo (RoleInfo.java:shutdownLeaderElection(134)) - decc5551-dd4b-40dc-8ff5-b6b450d67f6f: shutdown LeaderElection
2019-10-17 07:10:30,282 [decc5551-dd4b-40dc-8ff5-b6b450d67f6f@group-42ACBF6EBE4E-LeaderElection115] INFO  impl.RoleInfo (RoleInfo.java:updateAndGet(143)) - decc5551-dd4b-40dc-8ff5-b6b450d67f6f: start FollowerState
2019-10-17 07:10:30,344 [Thread-1113] INFO  impl.FollowerState (FollowerState.java:run(108)) - 5c4ee31d-c5ed-4c65-a5df-da3e3cf53ac2@group-233C052D78D6-FollowerState: change to CANDIDATE, lastRpcTime:137ms, electionTimeout:137ms
2019-10-17 07:10:30,344 [Thread-1113] INFO  impl.RoleInfo (RoleInfo.java:shutdownFollowerState(121)) - 5c4ee31d-c5ed-4c65-a5df-da3e3cf53ac2: shutdown FollowerState
2019-10-17 07:10:30,344 [Thread-1113] INFO  impl.RaftServerImpl (RaftServerImpl.java:setRole(184)) - 5c4ee31d-c5ed-4c65-a5df-da3e3cf53ac2@group-233C052D78D6: changes role from  FOLLOWER to CANDIDATE at term 56 for changeToCandidate
2019-10-17 07:10:30,344 [Thread-1113] INFO  impl.RoleInfo (RoleInfo.java:updateAndGet(143)) - 5c4ee31d-c5ed-4c65-a5df-da3e3cf53ac2: start LeaderElection
2019-10-17 07:10:30,370 [5c4ee31d-c5ed-4c65-a5df-da3e3cf53ac2@group-233C052D78D6-LeaderElection116] INFO  impl.LeaderElection (LeaderElection.java:askForVotes(178)) - 5c4ee31d-c5ed-4c65-a5df-da3e3cf53ac2@group-233C052D78D6-LeaderElection116: begin an election at term 57 for -1: [67ae3572-7d88-4e50-b53b-0f48f6748b38:192.168.157.211:41299, 831edaa1-80a5-4091-843f-90c648a5a79d:192.168.157.211:44365, 5c4ee31d-c5ed-4c65-a5df-da3e3cf53ac2:192.168.157.211:45059], old=null
2019-10-17 07:10:30,372 [grpc-default-executor-10] INFO  impl.RaftServerImpl (RaftServerImpl.java:setRole(184)) - 67ae3572-7d88-4e50-b53b-0f48f6748b38@group-233C052D78D6: changes role from  FOLLOWER to FOLLOWER at term 57 for recognizeCandidate:5c4ee31d-c5ed-4c65-a5df-da3e3cf53ac2
2019-10-17 07:10:30,372 [grpc-default-executor-10] INFO  impl.RoleInfo (RoleInfo.java:shutdownFollowerState(121)) - 67ae3572-7d88-4e50-b53b-0f48f6748b38: shutdown FollowerState
2019-10-17 07:10:30,372 [grpc-default-executor-10] INFO  impl.RoleInfo (RoleInfo.java:updateAndGet(143)) - 67ae3572-7d88-4e50-b53b-0f48f6748b38: start FollowerState
2019-10-17 07:10:30,372 [Thread-1111] INFO  impl.FollowerState (FollowerState.java:run(117)) - 67ae3572-7d88-4e50-b53b-0f48f6748b38@group-233C052D78D6-FollowerState was interrupted: java.lang.InterruptedException: sleep interrupted
2019-10-17 07:10:30,372 [grpc-default-executor-9] INFO  impl.RaftServerImpl (RaftServerImpl.java:setRole(184)) - 831edaa1-80a5-4091-843f-90c648a5a79d@group-233C052D78D6: changes role from  FOLLOWER to FOLLOWER at term 57 for recognizeCandidate:5c4ee31d-c5ed-4c65-a5df-da3e3cf53ac2
2019-10-17 07:10:30,372 [grpc-default-executor-9] INFO  impl.RoleInfo (RoleInfo.java:shutdownFollowerState(121)) - 831edaa1-80a5-4091-843f-90c648a5a79d: shutdown FollowerState
2019-10-17 07:10:30,373 [grpc-default-executor-9] INFO  impl.RoleInfo (RoleInfo.java:updateAndGet(143)) - 831edaa1-80a5-4091-843f-90c648a5a79d: start FollowerState
2019-10-17 07:10:30,373 [Thread-1112] INFO  impl.FollowerState (FollowerState.java:run(117)) - 831edaa1-80a5-4091-843f-90c648a5a79d@group-233C052D78D6-FollowerState was interrupted: java.lang.InterruptedException: sleep interrupted
2019-10-17 07:10:30,387 [5c4ee31d-c5ed-4c65-a5df-da3e3cf53ac2@group-233C052D78D6-LeaderElection116] INFO  impl.LeaderElection (LeaderElection.java:logAndReturn(56)) - 5c4ee31d-c5ed-4c65-a5df-da3e3cf53ac2@group-233C052D78D6-LeaderElection116: Election REJECTED; received 2 response(s) [5c4ee31d-c5ed-4c65-a5df-da3e3cf53ac2<-67ae3572-7d88-4e50-b53b-0f48f6748b38#0:FAIL-t57, 5c4ee31d-c5ed-4c65-a5df-da3e3cf53ac2<-831edaa1-80a5-4091-843f-90c648a5a79d#0:FAIL-t57] and 0 exception(s); 5c4ee31d-c5ed-4c65-a5df-da3e3cf53ac2@group-233C052D78D6:t57, leader=null, voted=5c4ee31d-c5ed-4c65-a5df-da3e3cf53ac2, raftlog=5c4ee31d-c5ed-4c65-a5df-da3e3cf53ac2@group-233C052D78D6-SegmentedRaftLog:OPENED:c-1,f-1,i0, conf=-1: [67ae3572-7d88-4e50-b53b-0f48f6748b38:192.168.157.211:41299, 831edaa1-80a5-4091-843f-90c648a5a79d:192.168.157.211:44365, 5c4ee31d-c5ed-4c65-a5df-da3e3cf53ac2:192.168.157.211:45059], old=null
2019-10-17 07:10:30,387 [5c4ee31d-c5ed-4c65-a5df-da3e3cf53ac2@group-233C052D78D6-LeaderElection116] INFO  impl.RaftServerImpl (RaftServerImpl.java:setRole(184)) - 5c4ee31d-c5ed-4c65-a5df-da3e3cf53ac2@group-233C052D78D6: changes role from CANDIDATE to FOLLOWER at term 57 for DISCOVERED_A_NEW_TERM
2019-10-17 07:10:30,387 [5c4ee31d-c5ed-4c65-a5df-da3e3cf53ac2@group-233C052D78D6-LeaderElection116] INFO  impl.RoleInfo (RoleInfo.java:shutdownLeaderElection(134)) - 5c4ee31d-c5ed-4c65-a5df-da3e3cf53ac2: shutdown LeaderElection
2019-10-17 07:10:30,387 [5c4ee31d-c5ed-4c65-a5df-da3e3cf53ac2@group-233C052D78D6-LeaderElection116] INFO  impl.RoleInfo (RoleInfo.java:updateAndGet(143)) - 5c4ee31d-c5ed-4c65-a5df-da3e3cf53ac2: start FollowerState
2019-10-17 07:10:30,459 [Thread-1119] INFO  impl.FollowerState (FollowerState.java:run(108)) - decc5551-dd4b-40dc-8ff5-b6b450d67f6f@group-42ACBF6EBE4E-FollowerState: change to CANDIDATE, lastRpcTime:176ms, electionTimeout:176ms
2019-10-17 07:10:30,459 [Thread-1119] INFO  impl.RoleInfo (RoleInfo.java:shutdownFollowerState(121)) - decc5551-dd4b-40dc-8ff5-b6b450d67f6f: shutdown FollowerState
2019-10-17 07:10:30,459 [Thread-1119] INFO  impl.RaftServerImpl (RaftServerImpl.java:setRole(184)) - decc5551-dd4b-40dc-8ff5-b6b450d67f6f@group-42ACBF6EBE4E: changes role from  FOLLOWER to CANDIDATE at term 61 for changeToCandidate
2019-10-17 07:10:30,459 [Thread-1119] INFO  impl.RoleInfo (RoleInfo.java:updateAndGet(143)) - decc5551-dd4b-40dc-8ff5-b6b450d67f6f: start LeaderElection
2019-10-17 07:10:30,484 [decc5551-dd4b-40dc-8ff5-b6b450d67f6f@group-42ACBF6EBE4E-LeaderElection117] INFO  impl.LeaderElection (LeaderElection.java:askForVotes(178)) - decc5551-dd4b-40dc-8ff5-b6b450d67f6f@group-42ACBF6EBE4E-LeaderElection117: begin an election at term 62 for -1: [215fceca-0555-458b-bc4f-ba38ff24d5ba:192.168.157.211:43803, decc5551-dd4b-40dc-8ff5-b6b450d67f6f:192.168.157.211:34435, 0c631657-10a5-4e2a-a322-8fc6c651b2ed:192.168.157.211:41694], old=null
2019-10-17 07:10:30,486 [grpc-default-executor-10] INFO  impl.RaftServerImpl (RaftServerImpl.java:setRole(184)) - 0c631657-10a5-4e2a-a322-8fc6c651b2ed@group-42ACBF6EBE4E: changes role from  FOLLOWER to FOLLOWER at term 62 for recognizeCandidate:decc5551-dd4b-40dc-8ff5-b6b450d67f6f
2019-10-17 07:10:30,486 [grpc-default-executor-10] INFO  impl.RoleInfo (RoleInfo.java:shutdownFollowerState(121)) - 0c631657-10a5-4e2a-a322-8fc6c651b2ed: shutdown FollowerState
2019-10-17 07:10:30,487 [grpc-default-executor-9] INFO  impl.RaftServerImpl (RaftServerImpl.java:setRole(184)) - 215fceca-0555-458b-bc4f-ba38ff24d5ba@group-42ACBF6EBE4E: changes role from  FOLLOWER to FOLLOWER at term 62 for recognizeCandidate:decc5551-dd4b-40dc-8ff5-b6b450d67f6f
2019-10-17 07:10:30,487 [grpc-default-executor-9] INFO  impl.RoleInfo (RoleInfo.java:shutdownFollowerState(121)) - 215fceca-0555-458b-bc4f-ba38ff24d5ba: shutdown FollowerState
2019-10-17 07:10:30,487 [Thread-1117] INFO  impl.FollowerState (FollowerState.java:run(117)) - 0c631657-10a5-4e2a-a322-8fc6c651b2ed@group-42ACBF6EBE4E-FollowerState was interrupted: java.lang.InterruptedException: sleep interrupted
2019-10-17 07:10:30,487 [Thread-1118] INFO  impl.FollowerState (FollowerState.java:run(117)) - 215fceca-0555-458b-bc4f-ba38ff24d5ba@group-42ACBF6EBE4E-FollowerState was interrupted: java.lang.InterruptedException: sleep interrupted
2019-10-17 07:10:30,487 [grpc-default-executor-10] INFO  impl.RoleInfo (RoleInfo.java:updateAndGet(143)) - 0c631657-10a5-4e2a-a322-8fc6c651b2ed: start FollowerState
2019-10-17 07:10:30,487 [grpc-default-executor-9] INFO  impl.RoleInfo (RoleInfo.java:updateAndGet(143)) - 215fceca-0555-458b-bc4f-ba38ff24d5ba: start FollowerState
2019-10-17 07:10:30,503 [decc5551-dd4b-40dc-8ff5-b6b450d67f6f@group-42ACBF6EBE4E-LeaderElection117] INFO  impl.LeaderElection (LeaderElection.java:logAndReturn(56)) - decc5551-dd4b-40dc-8ff5-b6b450d67f6f@group-42ACBF6EBE4E-LeaderElection117: Election REJECTED; received 2 response(s) [decc5551-dd4b-40dc-8ff5-b6b450d67f6f<-215fceca-0555-458b-bc4f-ba38ff24d5ba#0:FAIL-t62, decc5551-dd4b-40dc-8ff5-b6b450d67f6f<-0c631657-10a5-4e2a-a322-8fc6c651b2ed#0:FAIL-t62] and 0 exception(s); decc5551-dd4b-40dc-8ff5-b6b450d67f6f@group-42ACBF6EBE4E:t62, leader=null, voted=decc5551-dd4b-40dc-8ff5-b6b450d67f6f, raftlog=decc5551-dd4b-40dc-8ff5-b6b450d67f6f@group-42ACBF6EBE4E-SegmentedRaftLog:OPENED:c-1,f-1,i0, conf=-1: [215fceca-0555-458b-bc4f-ba38ff24d5ba:192.168.157.211:43803, decc5551-dd4b-40dc-8ff5-b6b450d67f6f:192.168.157.211:34435, 0c631657-10a5-4e2a-a322-8fc6c651b2ed:192.168.157.211:41694], old=null
2019-10-17 07:10:30,503 [decc5551-dd4b-40dc-8ff5-b6b450d67f6f@group-42ACBF6EBE4E-LeaderElection117] INFO  impl.RaftServerImpl (RaftServerImpl.java:setRole(184)) - decc5551-dd4b-40dc-8ff5-b6b450d67f6f@group-42ACBF6EBE4E: changes role from CANDIDATE to FOLLOWER at term 62 for DISCOVERED_A_NEW_TERM
2019-10-17 07:10:30,503 [decc5551-dd4b-40dc-8ff5-b6b450d67f6f@group-42ACBF6EBE4E-LeaderElection117] INFO  impl.RoleInfo (RoleInfo.java:shutdownLeaderElection(134)) - decc5551-dd4b-40dc-8ff5-b6b450d67f6f: shutdown LeaderElection
2019-10-17 07:10:30,503 [decc5551-dd4b-40dc-8ff5-b6b450d67f6f@group-42ACBF6EBE4E-LeaderElection117] INFO  impl.RoleInfo (RoleInfo.java:updateAndGet(143)) - decc5551-dd4b-40dc-8ff5-b6b450d67f6f: start FollowerState
2019-10-17 07:10:30,549 [Thread-1125] INFO  impl.FollowerState (FollowerState.java:run(108)) - 5c4ee31d-c5ed-4c65-a5df-da3e3cf53ac2@group-233C052D78D6-FollowerState: change to CANDIDATE, lastRpcTime:161ms, electionTimeout:161ms
2019-10-17 07:10:30,549 [Thread-1125] INFO  impl.RoleInfo (RoleInfo.java:shutdownFollowerState(121)) - 5c4ee31d-c5ed-4c65-a5df-da3e3cf53ac2: shutdown FollowerState
2019-10-17 07:10:30,549 [Thread-1125] INFO  impl.RaftServerImpl (RaftServerImpl.java:setRole(184)) - 5c4ee31d-c5ed-4c65-a5df-da3e3cf53ac2@group-233C052D78D6: changes role from  FOLLOWER to CANDIDATE at term 57 for changeToCandidate
2019-10-17 07:10:30,549 [Thread-1125] INFO  impl.RoleInfo (RoleInfo.java:updateAndGet(143)) - 5c4ee31d-c5ed-4c65-a5df-da3e3cf53ac2: start LeaderElection
2019-10-17 07:10:30,564 [5c4ee31d-c5ed-4c65-a5df-da3e3cf53ac2@group-233C052D78D6-LeaderElection118] INFO  impl.LeaderElection (LeaderElection.java:askForVotes(178)) - 5c4ee31d-c5ed-4c65-a5df-da3e3cf53ac2@group-233C052D78D6-LeaderElection118: begin an election at term 58 for -1: [67ae3572-7d88-4e50-b53b-0f48f6748b38:192.168.157.211:41299, 831edaa1-80a5-4091-843f-90c648a5a79d:192.168.157.211:44365, 5c4ee31d-c5ed-4c65-a5df-da3e3cf53ac2:192.168.157.211:45059], old=null
2019-10-17 07:10:30,567 [grpc-default-executor-10] INFO  impl.RaftServerImpl (RaftServerImpl.java:setRole(184)) - 67ae3572-7d88-4e50-b53b-0f48f6748b38@group-233C052D78D6: changes role from  FOLLOWER to FOLLOWER at term 58 for recognizeCandidate:5c4ee31d-c5ed-4c65-a5df-da3e3cf53ac2
2019-10-17 07:10:30,567 [grpc-default-executor-9] INFO  impl.RaftServerImpl (RaftServerImpl.java:setRole(184)) - 831edaa1-80a5-4091-843f-90c648a5a79d@group-233C052D78D6: changes role from  FOLLOWER to FOLLOWER at term 58 for recognizeCandidate:5c4ee31d-c5ed-4c65-a5df-da3e3cf53ac2
2019-10-17 07:10:30,567 [grpc-default-executor-9] INFO  impl.RoleInfo (RoleInfo.java:shutdownFollowerState(121)) - 831edaa1-80a5-4091-843f-90c648a5a79d: shutdown FollowerState
2019-10-17 07:10:30,567 [grpc-default-executor-10] INFO  impl.RoleInfo (RoleInfo.java:shutdownFollowerState(121)) - 67ae3572-7d88-4e50-b53b-0f48f6748b38: shutdown FollowerState
2019-10-17 07:10:30,568 [Thread-1124] INFO  impl.FollowerState (FollowerState.java:run(117)) - 831edaa1-80a5-4091-843f-90c648a5a79d@group-233C052D78D6-FollowerState was interrupted: java.lang.InterruptedException: sleep interrupted
2019-10-17 07:10:30,568 [grpc-default-executor-9] INFO  impl.RoleInfo (RoleInfo.java:updateAndGet(143)) - 831edaa1-80a5-4091-843f-90c648a5a79d: start FollowerState
2019-10-17 07:10:30,568 [Thread-1123] INFO  impl.FollowerState (FollowerState.java:run(117)) - 67ae3572-7d88-4e50-b53b-0f48f6748b38@group-233C052D78D6-FollowerState was interrupted: java.lang.InterruptedException: sleep interrupted
2019-10-17 07:10:30,568 [grpc-default-executor-10] INFO  impl.RoleInfo (RoleInfo.java:updateAndGet(143)) - 67ae3572-7d88-4e50-b53b-0f48f6748b38: start FollowerState
2019-10-17 07:10:30,584 [5c4ee31d-c5ed-4c65-a5df-da3e3cf53ac2@group-233C052D78D6-LeaderElection118] INFO  impl.LeaderElection (LeaderElection.java:logAndReturn(56)) - 5c4ee31d-c5ed-4c65-a5df-da3e3cf53ac2@group-233C052D78D6-LeaderElection118: Election REJECTED; received 2 response(s) [5c4ee31d-c5ed-4c65-a5df-da3e3cf53ac2<-67ae3572-7d88-4e50-b53b-0f48f6748b38#0:FAIL-t58, 5c4ee31d-c5ed-4c65-a5df-da3e3cf53ac2<-831edaa1-80a5-4091-843f-90c648a5a79d#0:FAIL-t58] and 0 exception(s); 5c4ee31d-c5ed-4c65-a5df-da3e3cf53ac2@group-233C052D78D6:t58, leader=null, voted=5c4ee31d-c5ed-4c65-a5df-da3e3cf53ac2, raftlog=5c4ee31d-c5ed-4c65-a5df-da3e3cf53ac2@group-233C052D78D6-SegmentedRaftLog:OPENED:c-1,f-1,i0, conf=-1: [67ae3572-7d88-4e50-b53b-0f48f6748b38:192.168.157.211:41299, 831edaa1-80a5-4091-843f-90c648a5a79d:192.168.157.211:44365, 5c4ee31d-c5ed-4c65-a5df-da3e3cf53ac2:192.168.157.211:45059], old=null
2019-10-17 07:10:30,584 [5c4ee31d-c5ed-4c65-a5df-da3e3cf53ac2@group-233C052D78D6-LeaderElection118] INFO  impl.RaftServerImpl (RaftServerImpl.java:setRole(184)) - 5c4ee31d-c5ed-4c65-a5df-da3e3cf53ac2@group-233C052D78D6: changes role from CANDIDATE to FOLLOWER at term 58 for DISCOVERED_A_NEW_TERM
2019-10-17 07:10:30,584 [5c4ee31d-c5ed-4c65-a5df-da3e3cf53ac2@group-233C052D78D6-LeaderElection118] INFO  impl.RoleInfo (RoleInfo.java:shutdownLeaderElection(134)) - 5c4ee31d-c5ed-4c65-a5df-da3e3cf53ac2: shutdown LeaderElection
2019-10-17 07:10:30,584 [5c4ee31d-c5ed-4c65-a5df-da3e3cf53ac2@group-233C052D78D6-LeaderElection118] INFO  impl.RoleInfo (RoleInfo.java:updateAndGet(143)) - 5c4ee31d-c5ed-4c65-a5df-da3e3cf53ac2: start FollowerState
2019-10-17 07:10:30,677 [Thread-1134] INFO  impl.FollowerState (FollowerState.java:run(108)) - decc5551-dd4b-40dc-8ff5-b6b450d67f6f@group-42ACBF6EBE4E-FollowerState: change to CANDIDATE, lastRpcTime:173ms, electionTimeout:173ms
2019-10-17 07:10:30,677 [Thread-1134] INFO  impl.RoleInfo (RoleInfo.java:shutdownFollowerState(121)) - decc5551-dd4b-40dc-8ff5-b6b450d67f6f: shutdown FollowerState
2019-10-17 07:10:30,677 [Thread-1134] INFO  impl.RaftServerImpl (RaftServerImpl.java:setRole(184)) - decc5551-dd4b-40dc-8ff5-b6b450d67f6f@group-42ACBF6EBE4E: changes role from  FOLLOWER to CANDIDATE at term 62 for changeToCandidate
2019-10-17 07:10:30,677 [Thread-1134] INFO  impl.RoleInfo (RoleInfo.java:updateAndGet(143)) - decc5551-dd4b-40dc-8ff5-b6b450d67f6f: start LeaderElection
2019-10-17 07:10:30,691 [decc5551-dd4b-40dc-8ff5-b6b450d67f6f@group-42ACBF6EBE4E-LeaderElection119] INFO  impl.LeaderElection (LeaderElection.java:askForVotes(178)) - decc5551-dd4b-40dc-8ff5-b6b450d67f6f@group-42ACBF6EBE4E-LeaderElection119: begin an election at term 63 for -1: [215fceca-0555-458b-bc4f-ba38ff24d5ba:192.168.157.211:43803, decc5551-dd4b-40dc-8ff5-b6b450d67f6f:192.168.157.211:34435, 0c631657-10a5-4e2a-a322-8fc6c651b2ed:192.168.157.211:41694], old=null
2019-10-17 07:10:30,692 [Thread-1141] INFO  impl.FollowerState (FollowerState.java:run(108)) - 5c4ee31d-c5ed-4c65-a5df-da3e3cf53ac2@group-233C052D78D6-FollowerState: change to CANDIDATE, lastRpcTime:107ms, electionTimeout:107ms
2019-10-17 07:10:30,692 [Thread-1141] INFO  impl.RoleInfo (RoleInfo.java:shutdownFollowerState(121)) - 5c4ee31d-c5ed-4c65-a5df-da3e3cf53ac2: shutdown FollowerState
2019-10-17 07:10:30,692 [Thread-1141] INFO  impl.RaftServerImpl (RaftServerImpl.java:setRole(184)) - 5c4ee31d-c5ed-4c65-a5df-da3e3cf53ac2@group-233C052D78D6: changes role from  FOLLOWER to CANDIDATE at term 58 for changeToCandidate
2019-10-17 07:10:30,692 [Thread-1141] INFO  impl.RoleInfo (RoleInfo.java:updateAndGet(143)) - 5c4ee31d-c5ed-4c65-a5df-da3e3cf53ac2: start LeaderElection
2019-10-17 07:10:30,693 [grpc-default-executor-10] INFO  impl.RaftServerImpl (RaftServerImpl.java:setRole(184)) - 0c631657-10a5-4e2a-a322-8fc6c651b2ed@group-42ACBF6EBE4E: changes role from  FOLLOWER to FOLLOWER at term 63 for recognizeCandidate:decc5551-dd4b-40dc-8ff5-b6b450d67f6f
2019-10-17 07:10:30,693 [grpc-default-executor-9] INFO  impl.RaftServerImpl (RaftServerImpl.java:setRole(184)) - 215fceca-0555-458b-bc4f-ba38ff24d5ba@group-42ACBF6EBE4E: changes role from  FOLLOWER to FOLLOWER at term 63 for recognizeCandidate:decc5551-dd4b-40dc-8ff5-b6b450d67f6f
2019-10-17 07:10:30,693 [grpc-default-executor-10] INFO  impl.RoleInfo (RoleInfo.java:shutdownFollowerState(121)) - 0c631657-10a5-4e2a-a322-8fc6c651b2ed: shutdown FollowerState
2019-10-17 07:10:30,694 [grpc-default-executor-9] INFO  impl.RoleInfo (RoleInfo.java:shutdownFollowerState(121)) - 215fceca-0555-458b-bc4f-ba38ff24d5ba: shutdown FollowerState
2019-10-17 07:10:30,694 [Thread-1129] INFO  impl.FollowerState (FollowerState.java:run(117)) - 0c631657-10a5-4e2a-a322-8fc6c651b2ed@group-42ACBF6EBE4E-FollowerState was interrupted: java.lang.InterruptedException: sleep interrupted
2019-10-17 07:10:30,694 [grpc-default-executor-10] INFO  impl.RoleInfo (RoleInfo.java:updateAndGet(143)) - 0c631657-10a5-4e2a-a322-8fc6c651b2ed: start FollowerState
2019-10-17 07:10:30,694 [Thread-1130] INFO  impl.FollowerState (FollowerState.java:run(117)) - 215fceca-0555-458b-bc4f-ba38ff24d5ba@group-42ACBF6EBE4E-FollowerState was interrupted: java.lang.InterruptedException: sleep interrupted
2019-10-17 07:10:30,694 [grpc-default-executor-9] INFO  impl.RoleInfo (RoleInfo.java:updateAndGet(143)) - 215fceca-0555-458b-bc4f-ba38ff24d5ba: start FollowerState
2019-10-17 07:10:30,707 [5c4ee31d-c5ed-4c65-a5df-da3e3cf53ac2@group-233C052D78D6-LeaderElection120] INFO  impl.LeaderElection (LeaderElection.java:askForVotes(178)) - 5c4ee31d-c5ed-4c65-a5df-da3e3cf53ac2@group-233C052D78D6-LeaderElection120: begin an election at term 59 for -1: [67ae3572-7d88-4e50-b53b-0f48f6748b38:192.168.157.211:41299, 831edaa1-80a5-4091-843f-90c648a5a79d:192.168.157.211:44365, 5c4ee31d-c5ed-4c65-a5df-da3e3cf53ac2:192.168.157.211:45059], old=null
2019-10-17 07:10:30,708 [decc5551-dd4b-40dc-8ff5-b6b450d67f6f@group-42ACBF6EBE4E-LeaderElection119] INFO  impl.LeaderElection (LeaderElection.java:logAndReturn(56)) - decc5551-dd4b-40dc-8ff5-b6b450d67f6f@group-42ACBF6EBE4E-LeaderElection119: Election REJECTED; received 2 response(s) [decc5551-dd4b-40dc-8ff5-b6b450d67f6f<-215fceca-0555-458b-bc4f-ba38ff24d5ba#0:FAIL-t63, decc5551-dd4b-40dc-8ff5-b6b450d67f6f<-0c631657-10a5-4e2a-a322-8fc6c651b2ed#0:FAIL-t63] and 0 exception(s); decc5551-dd4b-40dc-8ff5-b6b450d67f6f@group-42ACBF6EBE4E:t63, leader=null, voted=decc5551-dd4b-40dc-8ff5-b6b450d67f6f, raftlog=decc5551-dd4b-40dc-8ff5-b6b450d67f6f@group-42ACBF6EBE4E-SegmentedRaftLog:OPENED:c-1,f-1,i0, conf=-1: [215fceca-0555-458b-bc4f-ba38ff24d5ba:192.168.157.211:43803, decc5551-dd4b-40dc-8ff5-b6b450d67f6f:192.168.157.211:34435, 0c631657-10a5-4e2a-a322-8fc6c651b2ed:192.168.157.211:41694], old=null
2019-10-17 07:10:30,708 [decc5551-dd4b-40dc-8ff5-b6b450d67f6f@group-42ACBF6EBE4E-LeaderElection119] INFO  impl.RaftServerImpl (RaftServerImpl.java:setRole(184)) - decc5551-dd4b-40dc-8ff5-b6b450d67f6f@group-42ACBF6EBE4E: changes role from CANDIDATE to FOLLOWER at term 63 for DISCOVERED_A_NEW_TERM
2019-10-17 07:10:30,708 [decc5551-dd4b-40dc-8ff5-b6b450d67f6f@group-42ACBF6EBE4E-LeaderElection119] INFO  impl.RoleInfo (RoleInfo.java:shutdownLeaderElection(134)) - decc5551-dd4b-40dc-8ff5-b6b450d67f6f: shutdown LeaderElection
2019-10-17 07:10:30,708 [decc5551-dd4b-40dc-8ff5-b6b450d67f6f@group-42ACBF6EBE4E-LeaderElection119] INFO  impl.RoleInfo (RoleInfo.java:updateAndGet(143)) - decc5551-dd4b-40dc-8ff5-b6b450d67f6f: start FollowerState
2019-10-17 07:10:30,709 [Thread-1150] INFO  impl.FollowerState (FollowerState.java:run(108)) - decc5551-dd4b-40dc-8ff5-b6b450d67f6f@group-42ACBF6EBE4E-FollowerState: change to CANDIDATE, lastRpcTime:0ms, electionTimeout:0ms
2019-10-17 07:10:30,709 [grpc-default-executor-10] INFO  impl.RaftServerImpl (RaftServerImpl.java:setRole(184)) - 67ae3572-7d88-4e50-b53b-0f48f6748b38@group-233C052D78D6: changes role from  FOLLOWER to FOLLOWER at term 59 for recognizeCandidate:5c4ee31d-c5ed-4c65-a5df-da3e3cf53ac2
2019-10-17 07:10:30,709 [Thread-1150] INFO  impl.RoleInfo (RoleInfo.java:shutdownFollowerState(121)) - decc5551-dd4b-40dc-8ff5-b6b450d67f6f: shutdown FollowerState
2019-10-17 07:10:30,709 [grpc-default-executor-10] INFO  impl.RoleInfo (RoleInfo.java:shutdownFollowerState(121)) - 67ae3572-7d88-4e50-b53b-0f48f6748b38: shutdown FollowerState
2019-10-17 07:10:30,709 [Thread-1150] INFO  impl.RaftServerImpl (RaftServerImpl.java:setRole(184)) - decc5551-dd4b-40dc-8ff5-b6b450d67f6f@group-42ACBF6EBE4E: changes role from  FOLLOWER to CANDIDATE at term 63 for changeToCandidate
2019-10-17 07:10:30,709 [grpc-default-executor-9] INFO  impl.RaftServerImpl (RaftServerImpl.java:setRole(184)) - 831edaa1-80a5-4091-843f-90c648a5a79d@group-233C052D78D6: changes role from  FOLLOWER to FOLLOWER at term 59 for recognizeCandidate:5c4ee31d-c5ed-4c65-a5df-da3e3cf53ac2
2019-10-17 07:10:30,710 [Thread-1150] INFO  impl.RoleInfo (RoleInfo.java:updateAndGet(143)) - decc5551-dd4b-40dc-8ff5-b6b450d67f6f: start LeaderElection
2019-10-17 07:10:30,710 [Thread-1140] INFO  impl.FollowerState (FollowerState.java:run(117)) - 67ae3572-7d88-4e50-b53b-0f48f6748b38@group-233C052D78D6-FollowerState was interrupted: java.lang.InterruptedException: sleep interrupted
2019-10-17 07:10:30,710 [grpc-default-executor-10] INFO  impl.RoleInfo (RoleInfo.java:updateAndGet(143)) - 67ae3572-7d88-4e50-b53b-0f48f6748b38: start FollowerState
2019-10-17 07:10:30,710 [grpc-default-executor-9] INFO  impl.RoleInfo (RoleInfo.java:shutdownFollowerState(121)) - 831edaa1-80a5-4091-843f-90c648a5a79d: shutdown FollowerState
2019-10-17 07:10:30,710 [grpc-default-executor-9] INFO  impl.RoleInfo (RoleInfo.java:updateAndGet(143)) - 831edaa1-80a5-4091-843f-90c648a5a79d: start FollowerState
2019-10-17 07:10:30,710 [Thread-1139] INFO  impl.FollowerState (FollowerState.java:run(117)) - 831edaa1-80a5-4091-843f-90c648a5a79d@group-233C052D78D6-FollowerState was interrupted: java.lang.InterruptedException: sleep interrupted
2019-10-17 07:10:30,724 [decc5551-dd4b-40dc-8ff5-b6b450d67f6f@group-42ACBF6EBE4E-LeaderElection121] INFO  impl.LeaderElection (LeaderElection.java:askForVotes(178)) - decc5551-dd4b-40dc-8ff5-b6b450d67f6f@group-42ACBF6EBE4E-LeaderElection121: begin an election at term 64 for -1: [215fceca-0555-458b-bc4f-ba38ff24d5ba:192.168.157.211:43803, decc5551-dd4b-40dc-8ff5-b6b450d67f6f:192.168.157.211:34435, 0c631657-10a5-4e2a-a322-8fc6c651b2ed:192.168.157.211:41694], old=null
2019-10-17 07:10:30,725 [5c4ee31d-c5ed-4c65-a5df-da3e3cf53ac2@group-233C052D78D6-LeaderElection120] INFO  impl.LeaderElection (LeaderElection.java:logAndReturn(56)) - 5c4ee31d-c5ed-4c65-a5df-da3e3cf53ac2@group-233C052D78D6-LeaderElection120: Election REJECTED; received 2 response(s) [5c4ee31d-c5ed-4c65-a5df-da3e3cf53ac2<-67ae3572-7d88-4e50-b53b-0f48f6748b38#0:FAIL-t59, 5c4ee31d-c5ed-4c65-a5df-da3e3cf53ac2<-831edaa1-80a5-4091-843f-90c648a5a79d#0:FAIL-t59] and 0 exception(s); 5c4ee31d-c5ed-4c65-a5df-da3e3cf53ac2@group-233C052D78D6:t59, leader=null, voted=5c4ee31d-c5ed-4c65-a5df-da3e3cf53ac2, raftlog=5c4ee31d-c5ed-4c65-a5df-da3e3cf53ac2@group-233C052D78D6-SegmentedRaftLog:OPENED:c-1,f-1,i0, conf=-1: [67ae3572-7d88-4e50-b53b-0f48f6748b38:192.168.157.211:41299, 831edaa1-80a5-4091-843f-90c648a5a79d:192.168.157.211:44365, 5c4ee31d-c5ed-4c65-a5df-da3e3cf53ac2:192.168.157.211:45059], old=null
2019-10-17 07:10:30,725 [5c4ee31d-c5ed-4c65-a5df-da3e3cf53ac2@group-233C052D78D6-LeaderElection120] INFO  impl.RaftServerImpl (RaftServerImpl.java:setRole(184)) - 5c4ee31d-c5ed-4c65-a5df-da3e3cf53ac2@group-233C052D78D6: changes role from CANDIDATE to FOLLOWER at term 59 for DISCOVERED_A_NEW_TERM
2019-10-17 07:10:30,725 [5c4ee31d-c5ed-4c65-a5df-da3e3cf53ac2@group-233C052D78D6-LeaderElection120] INFO  impl.RoleInfo (RoleInfo.java:shutdownLeaderElection(134)) - 5c4ee31d-c5ed-4c65-a5df-da3e3cf53ac2: shutdown LeaderElection
2019-10-17 07:10:30,725 [5c4ee31d-c5ed-4c65-a5df-da3e3cf53ac2@group-233C052D78D6-LeaderElection120] INFO  impl.RoleInfo (RoleInfo.java:updateAndGet(143)) - 5c4ee31d-c5ed-4c65-a5df-da3e3cf53ac2: start FollowerState
2019-10-17 07:10:30,726 [grpc-default-executor-9] INFO  impl.RaftServerImpl (RaftServerImpl.java:setRole(184)) - 215fceca-0555-458b-bc4f-ba38ff24d5ba@group-42ACBF6EBE4E: changes role from  FOLLOWER to FOLLOWER at term 64 for recognizeCandidate:decc5551-dd4b-40dc-8ff5-b6b450d67f6f
2019-10-17 07:10:30,726 [grpc-default-executor-9] INFO  impl.RoleInfo (RoleInfo.java:shutdownFollowerState(121)) - 215fceca-0555-458b-bc4f-ba38ff24d5ba: shutdown FollowerState
2019-10-17 07:10:30,726 [grpc-default-executor-9] INFO  impl.RoleInfo (RoleInfo.java:updateAndGet(143)) - 215fceca-0555-458b-bc4f-ba38ff24d5ba: start FollowerState
2019-10-17 07:10:30,726 [grpc-default-executor-3] INFO  impl.RaftServerImpl (RaftServerImpl.java:setRole(184)) - 0c631657-10a5-4e2a-a322-8fc6c651b2ed@group-42ACBF6EBE4E: changes role from  FOLLOWER to FOLLOWER at term 64 for recognizeCandidate:decc5551-dd4b-40dc-8ff5-b6b450d67f6f
2019-10-17 07:10:30,726 [grpc-default-executor-3] INFO  impl.RoleInfo (RoleInfo.java:shutdownFollowerState(121)) - 0c631657-10a5-4e2a-a322-8fc6c651b2ed: shutdown FollowerState
2019-10-17 07:10:30,726 [Thread-1147] INFO  impl.FollowerState (FollowerState.java:run(117)) - 215fceca-0555-458b-bc4f-ba38ff24d5ba@group-42ACBF6EBE4E-FollowerState was interrupted: java.lang.InterruptedException: sleep interrupted
2019-10-17 07:10:30,727 [Thread-1146] INFO  impl.FollowerState (FollowerState.java:run(117)) - 0c631657-10a5-4e2a-a322-8fc6c651b2ed@group-42ACBF6EBE4E-FollowerState was interrupted: java.lang.InterruptedException: sleep interrupted
2019-10-17 07:10:30,727 [grpc-default-executor-3] INFO  impl.RoleInfo (RoleInfo.java:updateAndGet(143)) - 0c631657-10a5-4e2a-a322-8fc6c651b2ed: start FollowerState
2019-10-17 07:10:30,741 [decc5551-dd4b-40dc-8ff5-b6b450d67f6f@group-42ACBF6EBE4E-LeaderElection121] INFO  impl.LeaderElection (LeaderElection.java:logAndReturn(56)) - decc5551-dd4b-40dc-8ff5-b6b450d67f6f@group-42ACBF6EBE4E-LeaderElection121: Election REJECTED; received 2 response(s) [decc5551-dd4b-40dc-8ff5-b6b450d67f6f<-215fceca-0555-458b-bc4f-ba38ff24d5ba#0:FAIL-t64, decc5551-dd4b-40dc-8ff5-b6b450d67f6f<-0c631657-10a5-4e2a-a322-8fc6c651b2ed#0:FAIL-t64] and 0 exception(s); decc5551-dd4b-40dc-8ff5-b6b450d67f6f@group-42ACBF6EBE4E:t64, leader=null, voted=decc5551-dd4b-40dc-8ff5-b6b450d67f6f, raftlog=decc5551-dd4b-40dc-8ff5-b6b450d67f6f@group-42ACBF6EBE4E-SegmentedRaftLog:OPENED:c-1,f-1,i0, conf=-1: [215fceca-0555-458b-bc4f-ba38ff24d5ba:192.168.157.211:43803, decc5551-dd4b-40dc-8ff5-b6b450d67f6f:192.168.157.211:34435, 0c631657-10a5-4e2a-a322-8fc6c651b2ed:192.168.157.211:41694], old=null
2019-10-17 07:10:30,741 [decc5551-dd4b-40dc-8ff5-b6b450d67f6f@group-42ACBF6EBE4E-LeaderElection121] INFO  impl.RaftServerImpl (RaftServerImpl.java:setRole(184)) - decc5551-dd4b-40dc-8ff5-b6b450d67f6f@group-42ACBF6EBE4E: changes role from CANDIDATE to FOLLOWER at term 64 for DISCOVERED_A_NEW_TERM
2019-10-17 07:10:30,742 [decc5551-dd4b-40dc-8ff5-b6b450d67f6f@group-42ACBF6EBE4E-LeaderElection121] INFO  impl.RoleInfo (RoleInfo.java:shutdownLeaderElection(134)) - decc5551-dd4b-40dc-8ff5-b6b450d67f6f: shutdown LeaderElection
2019-10-17 07:10:30,742 [decc5551-dd4b-40dc-8ff5-b6b450d67f6f@group-42ACBF6EBE4E-LeaderElection121] INFO  impl.RoleInfo (RoleInfo.java:updateAndGet(143)) - decc5551-dd4b-40dc-8ff5-b6b450d67f6f: start FollowerState
2019-10-17 07:10:30,848 [Thread-1156] INFO  impl.FollowerState (FollowerState.java:run(108)) - 5c4ee31d-c5ed-4c65-a5df-da3e3cf53ac2@group-233C052D78D6-FollowerState: change to CANDIDATE, lastRpcTime:122ms, electionTimeout:122ms
2019-10-17 07:10:30,848 [Thread-1156] INFO  impl.RoleInfo (RoleInfo.java:shutdownFollowerState(121)) - 5c4ee31d-c5ed-4c65-a5df-da3e3cf53ac2: shutdown FollowerState
2019-10-17 07:10:30,848 [Thread-1156] INFO  impl.RaftServerImpl (RaftServerImpl.java:setRole(184)) - 5c4ee31d-c5ed-4c65-a5df-da3e3cf53ac2@group-233C052D78D6: changes role from  FOLLOWER to CANDIDATE at term 59 for changeToCandidate
2019-10-17 07:10:30,848 [Thread-1156] INFO  impl.RoleInfo (RoleInfo.java:updateAndGet(143)) - 5c4ee31d-c5ed-4c65-a5df-da3e3cf53ac2: start LeaderElection
2019-10-17 07:10:30,861 [5c4ee31d-c5ed-4c65-a5df-da3e3cf53ac2@group-233C052D78D6-LeaderElection122] INFO  impl.LeaderElection (LeaderElection.java:askForVotes(178)) - 5c4ee31d-c5ed-4c65-a5df-da3e3cf53ac2@group-233C052D78D6-LeaderElection122: begin an election at term 60 for -1: [67ae3572-7d88-4e50-b53b-0f48f6748b38:192.168.157.211:41299, 831edaa1-80a5-4091-843f-90c648a5a79d:192.168.157.211:44365, 5c4ee31d-c5ed-4c65-a5df-da3e3cf53ac2:192.168.157.211:45059], old=null
2019-10-17 07:10:30,863 [grpc-default-executor-3] INFO  impl.RaftServerImpl (RaftServerImpl.java:setRole(184)) - 67ae3572-7d88-4e50-b53b-0f48f6748b38@group-233C052D78D6: changes role from  FOLLOWER to FOLLOWER at term 60 for recognizeCandidate:5c4ee31d-c5ed-4c65-a5df-da3e3cf53ac2
2019-10-17 07:10:30,864 [grpc-default-executor-3] INFO  impl.RoleInfo (RoleInfo.java:shutdownFollowerState(121)) - 67ae3572-7d88-4e50-b53b-0f48f6748b38: shutdown FollowerState
2019-10-17 07:10:30,864 [grpc-default-executor-9] INFO  impl.RaftServerImpl (RaftServerImpl.java:setRole(184)) - 831edaa1-80a5-4091-843f-90c648a5a79d@group-233C052D78D6: changes role from  FOLLOWER to FOLLOWER at term 60 for recognizeCandidate:5c4ee31d-c5ed-4c65-a5df-da3e3cf53ac2
2019-10-17 07:10:30,864 [Thread-1151] INFO  impl.FollowerState (FollowerState.java:run(117)) - 67ae3572-7d88-4e50-b53b-0f48f6748b38@group-233C052D78D6-FollowerState was interrupted: java.lang.InterruptedException: sleep interrupted
2019-10-17 07:10:30,864 [grpc-default-executor-3] INFO  impl.RoleInfo (RoleInfo.java:updateAndGet(143)) - 67ae3572-7d88-4e50-b53b-0f48f6748b38: start FollowerState
2019-10-17 07:10:30,864 [grpc-default-executor-9] INFO  impl.RoleInfo (RoleInfo.java:shutdownFollowerState(121)) - 831edaa1-80a5-4091-843f-90c648a5a79d: shutdown FollowerState
2019-10-17 07:10:30,865 [grpc-default-executor-9] INFO  impl.RoleInfo (RoleInfo.java:updateAndGet(143)) - 831edaa1-80a5-4091-843f-90c648a5a79d: start FollowerState
2019-10-17 07:10:30,865 [Thread-1153] INFO  impl.FollowerState (FollowerState.java:run(117)) - 831edaa1-80a5-4091-843f-90c648a5a79d@group-233C052D78D6-FollowerState was interrupted: java.lang.InterruptedException: sleep interrupted
2019-10-17 07:10:30,868 [Thread-1159] INFO  impl.FollowerState (FollowerState.java:run(108)) - decc5551-dd4b-40dc-8ff5-b6b450d67f6f@group-42ACBF6EBE4E-FollowerState: change to CANDIDATE, lastRpcTime:126ms, electionTimeout:126ms
2019-10-17 07:10:30,868 [Thread-1159] INFO  impl.RoleInfo (RoleInfo.java:shutdownFollowerState(121)) - decc5551-dd4b-40dc-8ff5-b6b450d67f6f: shutdown FollowerState
2019-10-17 07:10:30,868 [Thread-1159] INFO  impl.RaftServerImpl (RaftServerImpl.java:setRole(184)) - decc5551-dd4b-40dc-8ff5-b6b450d67f6f@group-42ACBF6EBE4E: changes role from  FOLLOWER to CANDIDATE at term 64 for changeToCandidate
2019-10-17 07:10:30,869 [Thread-1159] INFO  impl.RoleInfo (RoleInfo.java:updateAndGet(143)) - decc5551-dd4b-40dc-8ff5-b6b450d67f6f: start LeaderElection
2019-10-17 07:10:30,879 [decc5551-dd4b-40dc-8ff5-b6b450d67f6f@group-42ACBF6EBE4E-LeaderElection123] INFO  impl.LeaderElection (LeaderElection.java:askForVotes(178)) - decc5551-dd4b-40dc-8ff5-b6b450d67f6f@group-42ACBF6EBE4E-LeaderElection123: begin an election at term 65 for -1: [215fceca-0555-458b-bc4f-ba38ff24d5ba:192.168.157.211:43803, decc5551-dd4b-40dc-8ff5-b6b450d67f6f:192.168.157.211:34435, 0c631657-10a5-4e2a-a322-8fc6c651b2ed:192.168.157.211:41694], old=null
2019-10-17 07:10:30,879 [5c4ee31d-c5ed-4c65-a5df-da3e3cf53ac2@group-233C052D78D6-LeaderElection122] INFO  impl.LeaderElection (LeaderElection.java:logAndReturn(56)) - 5c4ee31d-c5ed-4c65-a5df-da3e3cf53ac2@group-233C052D78D6-LeaderElection122: Election REJECTED; received 2 response(s) [5c4ee31d-c5ed-4c65-a5df-da3e3cf53ac2<-67ae3572-7d88-4e50-b53b-0f48f6748b38#0:FAIL-t60, 5c4ee31d-c5ed-4c65-a5df-da3e3cf53ac2<-831edaa1-80a5-4091-843f-90c648a5a79d#0:FAIL-t60] and 0 exception(s); 5c4ee31d-c5ed-4c65-a5df-da3e3cf53ac2@group-233C052D78D6:t60, leader=null, voted=5c4ee31d-c5ed-4c65-a5df-da3e3cf53ac2, raftlog=5c4ee31d-c5ed-4c65-a5df-da3e3cf53ac2@group-233C052D78D6-SegmentedRaftLog:OPENED:c-1,f-1,i0, conf=-1: [67ae3572-7d88-4e50-b53b-0f48f6748b38:192.168.157.211:41299, 831edaa1-80a5-4091-843f-90c648a5a79d:192.168.157.211:44365, 5c4ee31d-c5ed-4c65-a5df-da3e3cf53ac2:192.168.157.211:45059], old=null
2019-10-17 07:10:30,880 [5c4ee31d-c5ed-4c65-a5df-da3e3cf53ac2@group-233C052D78D6-LeaderElection122] INFO  impl.RaftServerImpl (RaftServerImpl.java:setRole(184)) - 5c4ee31d-c5ed-4c65-a5df-da3e3cf53ac2@group-233C052D78D6: changes role from CANDIDATE to FOLLOWER at term 60 for DISCOVERED_A_NEW_TERM
2019-10-17 07:10:30,880 [5c4ee31d-c5ed-4c65-a5df-da3e3cf53ac2@group-233C052D78D6-LeaderElection122] INFO  impl.RoleInfo (RoleInfo.java:shutdownLeaderElection(134)) - 5c4ee31d-c5ed-4c65-a5df-da3e3cf53ac2: shutdown LeaderElection
2019-10-17 07:10:30,880 [5c4ee31d-c5ed-4c65-a5df-da3e3cf53ac2@group-233C052D78D6-LeaderElection122] INFO  impl.RoleInfo (RoleInfo.java:updateAndGet(143)) - 5c4ee31d-c5ed-4c65-a5df-da3e3cf53ac2: start FollowerState
2019-10-17 07:10:30,880 [grpc-default-executor-3] INFO  impl.RaftServerImpl (RaftServerImpl.java:setRole(184)) - 215fceca-0555-458b-bc4f-ba38ff24d5ba@group-42ACBF6EBE4E: changes role from  FOLLOWER to FOLLOWER at term 65 for recognizeCandidate:decc5551-dd4b-40dc-8ff5-b6b450d67f6f
2019-10-17 07:10:30,881 [grpc-default-executor-3] INFO  impl.RoleInfo (RoleInfo.java:shutdownFollowerState(121)) - 215fceca-0555-458b-bc4f-ba38ff24d5ba: shutdown FollowerState
2019-10-17 07:10:30,881 [grpc-default-executor-3] INFO  impl.RoleInfo (RoleInfo.java:updateAndGet(143)) - 215fceca-0555-458b-bc4f-ba38ff24d5ba: start FollowerState
2019-10-17 07:10:30,881 [grpc-default-executor-9] INFO  impl.RaftServerImpl (RaftServerImpl.java:setRole(184)) - 0c631657-10a5-4e2a-a322-8fc6c651b2ed@group-42ACBF6EBE4E: changes role from  FOLLOWER to FOLLOWER at term 65 for recognizeCandidate:decc5551-dd4b-40dc-8ff5-b6b450d67f6f
2019-10-17 07:10:30,881 [grpc-default-executor-9] INFO  impl.RoleInfo (RoleInfo.java:shutdownFollowerState(121)) - 0c631657-10a5-4e2a-a322-8fc6c651b2ed: shutdown FollowerState
2019-10-17 07:10:30,881 [Thread-1157] INFO  impl.FollowerState (FollowerState.java:run(117)) - 215fceca-0555-458b-bc4f-ba38ff24d5ba@group-42ACBF6EBE4E-FollowerState was interrupted: java.lang.InterruptedException: sleep interrupted
2019-10-17 07:10:30,881 [Thread-1158] INFO  impl.FollowerState (FollowerState.java:run(117)) - 0c631657-10a5-4e2a-a322-8fc6c651b2ed@group-42ACBF6EBE4E-FollowerState was interrupted: java.lang.InterruptedException: sleep interrupted
2019-10-17 07:10:30,881 [grpc-default-executor-9] INFO  impl.RoleInfo (RoleInfo.java:updateAndGet(143)) - 0c631657-10a5-4e2a-a322-8fc6c651b2ed: start FollowerState
2019-10-17 07:10:30,891 [decc5551-dd4b-40dc-8ff5-b6b450d67f6f@group-42ACBF6EBE4E-LeaderElection123] INFO  impl.LeaderElection (LeaderElection.java:logAndReturn(56)) - decc5551-dd4b-40dc-8ff5-b6b450d67f6f@group-42ACBF6EBE4E-LeaderElection123: Election TIMEOUT; received 0 response(s) [] and 0 exception(s); decc5551-dd4b-40dc-8ff5-b6b450d67f6f@group-42ACBF6EBE4E:t65, leader=null, voted=decc5551-dd4b-40dc-8ff5-b6b450d67f6f, raftlog=decc5551-dd4b-40dc-8ff5-b6b450d67f6f@group-42ACBF6EBE4E-SegmentedRaftLog:OPENED:c-1,f-1,i0, conf=-1: [215fceca-0555-458b-bc4f-ba38ff24d5ba:192.168.157.211:43803, decc5551-dd4b-40dc-8ff5-b6b450d67f6f:192.168.157.211:34435, 0c631657-10a5-4e2a-a322-8fc6c651b2ed:192.168.157.211:41694], old=null
2019-10-17 07:10:30,895 [decc5551-dd4b-40dc-8ff5-b6b450d67f6f@group-42ACBF6EBE4E-LeaderElection123] INFO  impl.LeaderElection (LeaderElection.java:askForVotes(178)) - decc5551-dd4b-40dc-8ff5-b6b450d67f6f@group-42ACBF6EBE4E-LeaderElection123: begin an election at term 66 for -1: [215fceca-0555-458b-bc4f-ba38ff24d5ba:192.168.157.211:43803, decc5551-dd4b-40dc-8ff5-b6b450d67f6f:192.168.157.211:34435, 0c631657-10a5-4e2a-a322-8fc6c651b2ed:192.168.157.211:41694], old=null
2019-10-17 07:10:30,896 [grpc-default-executor-3] INFO  impl.RaftServerImpl (RaftServerImpl.java:setRole(184)) - 215fceca-0555-458b-bc4f-ba38ff24d5ba@group-42ACBF6EBE4E: changes role from  FOLLOWER to FOLLOWER at term 66 for recognizeCandidate:decc5551-dd4b-40dc-8ff5-b6b450d67f6f
2019-10-17 07:10:30,897 [grpc-default-executor-3] INFO  impl.RoleInfo (RoleInfo.java:shutdownFollowerState(121)) - 215fceca-0555-458b-bc4f-ba38ff24d5ba: shutdown FollowerState
2019-10-17 07:10:30,897 [grpc-default-executor-3] INFO  impl.RoleInfo (RoleInfo.java:updateAndGet(143)) - 215fceca-0555-458b-bc4f-ba38ff24d5ba: start FollowerState
2019-10-17 07:10:30,897 [grpc-default-executor-9] INFO  impl.RaftServerImpl (RaftServerImpl.java:setRole(184)) - 0c631657-10a5-4e2a-a322-8fc6c651b2ed@group-42ACBF6EBE4E: changes role from  FOLLOWER to FOLLOWER at term 66 for recognizeCandidate:decc5551-dd4b-40dc-8ff5-b6b450d67f6f
2019-10-17 07:10:30,897 [grpc-default-executor-9] INFO  impl.RoleInfo (RoleInfo.java:shutdownFollowerState(121)) - 0c631657-10a5-4e2a-a322-8fc6c651b2ed: shutdown FollowerState
2019-10-17 07:10:30,897 [Thread-1169] INFO  impl.FollowerState (FollowerState.java:run(117)) - 215fceca-0555-458b-bc4f-ba38ff24d5ba@group-42ACBF6EBE4E-FollowerState was interrupted: java.lang.InterruptedException: sleep interrupted
2019-10-17 07:10:30,897 [Thread-1170] INFO  impl.FollowerState (FollowerState.java:run(117)) - 0c631657-10a5-4e2a-a322-8fc6c651b2ed@group-42ACBF6EBE4E-FollowerState was interrupted: java.lang.InterruptedException: sleep interrupted
2019-10-17 07:10:30,897 [grpc-default-executor-9] INFO  impl.RoleInfo (RoleInfo.java:updateAndGet(143)) - 0c631657-10a5-4e2a-a322-8fc6c651b2ed: start FollowerState
2019-10-17 07:10:30,912 [decc5551-dd4b-40dc-8ff5-b6b450d67f6f@group-42ACBF6EBE4E-LeaderElection123] INFO  impl.LeaderElection (LeaderElection.java:logAndReturn(56)) - decc5551-dd4b-40dc-8ff5-b6b450d67f6f@group-42ACBF6EBE4E-LeaderElection123: Election REJECTED; received 2 response(s) [decc5551-dd4b-40dc-8ff5-b6b450d67f6f<-215fceca-0555-458b-bc4f-ba38ff24d5ba#0:FAIL-t66, decc5551-dd4b-40dc-8ff5-b6b450d67f6f<-0c631657-10a5-4e2a-a322-8fc6c651b2ed#0:FAIL-t66] and 0 exception(s); decc5551-dd4b-40dc-8ff5-b6b450d67f6f@group-42ACBF6EBE4E:t66, leader=null, voted=decc5551-dd4b-40dc-8ff5-b6b450d67f6f, raftlog=decc5551-dd4b-40dc-8ff5-b6b450d67f6f@group-42ACBF6EBE4E-SegmentedRaftLog:OPENED:c-1,f-1,i0, conf=-1: [215fceca-0555-458b-bc4f-ba38ff24d5ba:192.168.157.211:43803, decc5551-dd4b-40dc-8ff5-b6b450d67f6f:192.168.157.211:34435, 0c631657-10a5-4e2a-a322-8fc6c651b2ed:192.168.157.211:41694], old=null
2019-10-17 07:10:30,912 [decc5551-dd4b-40dc-8ff5-b6b450d67f6f@group-42ACBF6EBE4E-LeaderElection123] INFO  impl.RaftServerImpl (RaftServerImpl.java:setRole(184)) - decc5551-dd4b-40dc-8ff5-b6b450d67f6f@group-42ACBF6EBE4E: changes role from CANDIDATE to FOLLOWER at term 66 for DISCOVERED_A_NEW_TERM
2019-10-17 07:10:30,912 [decc5551-dd4b-40dc-8ff5-b6b450d67f6f@group-42ACBF6EBE4E-LeaderElection123] INFO  impl.RoleInfo (RoleInfo.java:shutdownLeaderElection(134)) - decc5551-dd4b-40dc-8ff5-b6b450d67f6f: shutdown LeaderElection
2019-10-17 07:10:30,912 [decc5551-dd4b-40dc-8ff5-b6b450d67f6f@group-42ACBF6EBE4E-LeaderElection123] INFO  impl.RoleInfo (RoleInfo.java:updateAndGet(143)) - decc5551-dd4b-40dc-8ff5-b6b450d67f6f: start FollowerState
2019-10-17 07:10:31,013 [Thread-1175] INFO  impl.FollowerState (FollowerState.java:run(108)) - decc5551-dd4b-40dc-8ff5-b6b450d67f6f@group-42ACBF6EBE4E-FollowerState: change to CANDIDATE, lastRpcTime:100ms, electionTimeout:100ms
2019-10-17 07:10:31,013 [Thread-1175] INFO  impl.RoleInfo (RoleInfo.java:shutdownFollowerState(121)) - decc5551-dd4b-40dc-8ff5-b6b450d67f6f: shutdown FollowerState
2019-10-17 07:10:31,013 [Thread-1175] INFO  impl.RaftServerImpl (RaftServerImpl.java:setRole(184)) - decc5551-dd4b-40dc-8ff5-b6b450d67f6f@group-42ACBF6EBE4E: changes role from  FOLLOWER to CANDIDATE at term 66 for changeToCandidate
2019-10-17 07:10:31,013 [Thread-1175] INFO  impl.RoleInfo (RoleInfo.java:updateAndGet(143)) - decc5551-dd4b-40dc-8ff5-b6b450d67f6f: start LeaderElection
2019-10-17 07:10:31,027 [decc5551-dd4b-40dc-8ff5-b6b450d67f6f@group-42ACBF6EBE4E-LeaderElection124] INFO  impl.LeaderElection (LeaderElection.java:askForVotes(178)) - decc5551-dd4b-40dc-8ff5-b6b450d67f6f@group-42ACBF6EBE4E-LeaderElection124: begin an election at term 67 for -1: [215fceca-0555-458b-bc4f-ba38ff24d5ba:192.168.157.211:43803, decc5551-dd4b-40dc-8ff5-b6b450d67f6f:192.168.157.211:34435, 0c631657-10a5-4e2a-a322-8fc6c651b2ed:192.168.157.211:41694], old=null
2019-10-17 07:10:31,029 [grpc-default-executor-3] INFO  impl.RaftServerImpl (RaftServerImpl.java:setRole(184)) - 215fceca-0555-458b-bc4f-ba38ff24d5ba@group-42ACBF6EBE4E: changes role from  FOLLOWER to FOLLOWER at term 67 for recognizeCandidate:decc5551-dd4b-40dc-8ff5-b6b450d67f6f
2019-10-17 07:10:31,029 [grpc-default-executor-9] INFO  impl.RaftServerImpl (RaftServerImpl.java:setRole(184)) - 0c631657-10a5-4e2a-a322-8fc6c651b2ed@group-42ACBF6EBE4E: changes role from  FOLLOWER to FOLLOWER at term 67 for recognizeCandidate:decc5551-dd4b-40dc-8ff5-b6b450d67f6f
2019-10-17 07:10:31,029 [grpc-default-executor-3] INFO  impl.RoleInfo (RoleInfo.java:shutdownFollowerState(121)) - 215fceca-0555-458b-bc4f-ba38ff24d5ba: shutdown FollowerState
2019-10-17 07:10:31,030 [grpc-default-executor-9] INFO  impl.RoleInfo (RoleInfo.java:shutdownFollowerState(121)) - 0c631657-10a5-4e2a-a322-8fc6c651b2ed: shutdown FollowerState
2019-10-17 07:10:31,030 [grpc-default-executor-3] INFO  impl.RoleInfo (RoleInfo.java:updateAndGet(143)) - 215fceca-0555-458b-bc4f-ba38ff24d5ba: start FollowerState
2019-10-17 07:10:31,030 [Thread-1173] INFO  impl.FollowerState (FollowerState.java:run(117)) - 215fceca-0555-458b-bc4f-ba38ff24d5ba@group-42ACBF6EBE4E-FollowerState was interrupted: java.lang.InterruptedException: sleep interrupted
2019-10-17 07:10:31,030 [Thread-1174] INFO  impl.FollowerState (FollowerState.java:run(117)) - 0c631657-10a5-4e2a-a322-8fc6c651b2ed@group-42ACBF6EBE4E-FollowerState was interrupted: java.lang.InterruptedException: sleep interrupted
2019-10-17 07:10:31,030 [grpc-default-executor-9] INFO  impl.RoleInfo (RoleInfo.java:updateAndGet(143)) - 0c631657-10a5-4e2a-a322-8fc6c651b2ed: start FollowerState
2019-10-17 07:10:31,046 [decc5551-dd4b-40dc-8ff5-b6b450d67f6f@group-42ACBF6EBE4E-LeaderElection124] INFO  impl.LeaderElection (LeaderElection.java:logAndReturn(56)) - decc5551-dd4b-40dc-8ff5-b6b450d67f6f@group-42ACBF6EBE4E-LeaderElection124: Election REJECTED; received 2 response(s) [decc5551-dd4b-40dc-8ff5-b6b450d67f6f<-215fceca-0555-458b-bc4f-ba38ff24d5ba#0:FAIL-t67, decc5551-dd4b-40dc-8ff5-b6b450d67f6f<-0c631657-10a5-4e2a-a322-8fc6c651b2ed#0:FAIL-t67] and 0 exception(s); decc5551-dd4b-40dc-8ff5-b6b450d67f6f@group-42ACBF6EBE4E:t67, leader=null, voted=decc5551-dd4b-40dc-8ff5-b6b450d67f6f, raftlog=decc5551-dd4b-40dc-8ff5-b6b450d67f6f@group-42ACBF6EBE4E-SegmentedRaftLog:OPENED:c-1,f-1,i0, conf=-1: [215fceca-0555-458b-bc4f-ba38ff24d5ba:192.168.157.211:43803, decc5551-dd4b-40dc-8ff5-b6b450d67f6f:192.168.157.211:34435, 0c631657-10a5-4e2a-a322-8fc6c651b2ed:192.168.157.211:41694], old=null
2019-10-17 07:10:31,046 [decc5551-dd4b-40dc-8ff5-b6b450d67f6f@group-42ACBF6EBE4E-LeaderElection124] INFO  impl.RaftServerImpl (RaftServerImpl.java:setRole(184)) - decc5551-dd4b-40dc-8ff5-b6b450d67f6f@group-42ACBF6EBE4E: changes role from CANDIDATE to FOLLOWER at term 67 for DISCOVERED_A_NEW_TERM
2019-10-17 07:10:31,046 [decc5551-dd4b-40dc-8ff5-b6b450d67f6f@group-42ACBF6EBE4E-LeaderElection124] INFO  impl.RoleInfo (RoleInfo.java:shutdownLeaderElection(134)) - decc5551-dd4b-40dc-8ff5-b6b450d67f6f: shutdown LeaderElection
2019-10-17 07:10:31,046 [decc5551-dd4b-40dc-8ff5-b6b450d67f6f@group-42ACBF6EBE4E-LeaderElection124] INFO  impl.RoleInfo (RoleInfo.java:updateAndGet(143)) - decc5551-dd4b-40dc-8ff5-b6b450d67f6f: start FollowerState
2019-10-17 07:10:31,052 [Thread-1168] INFO  impl.FollowerState (FollowerState.java:run(108)) - 5c4ee31d-c5ed-4c65-a5df-da3e3cf53ac2@group-233C052D78D6-FollowerState: change to CANDIDATE, lastRpcTime:172ms, electionTimeout:172ms
2019-10-17 07:10:31,053 [Thread-1168] INFO  impl.RoleInfo (RoleInfo.java:shutdownFollowerState(121)) - 5c4ee31d-c5ed-4c65-a5df-da3e3cf53ac2: shutdown FollowerState
2019-10-17 07:10:31,053 [Thread-1168] INFO  impl.RaftServerImpl (RaftServerImpl.java:setRole(184)) - 5c4ee31d-c5ed-4c65-a5df-da3e3cf53ac2@group-233C052D78D6: changes role from  FOLLOWER to CANDIDATE at term 60 for changeToCandidate
2019-10-17 07:10:31,053 [Thread-1168] INFO  impl.RoleInfo (RoleInfo.java:updateAndGet(143)) - 5c4ee31d-c5ed-4c65-a5df-da3e3cf53ac2: start LeaderElection
2019-10-17 07:10:31,067 [5c4ee31d-c5ed-4c65-a5df-da3e3cf53ac2@group-233C052D78D6-LeaderElection125] INFO  impl.LeaderElection (LeaderElection.java:askForVotes(178)) - 5c4ee31d-c5ed-4c65-a5df-da3e3cf53ac2@group-233C052D78D6-LeaderElection125: begin an election at term 61 for -1: [67ae3572-7d88-4e50-b53b-0f48f6748b38:192.168.157.211:41299, 831edaa1-80a5-4091-843f-90c648a5a79d:192.168.157.211:44365, 5c4ee31d-c5ed-4c65-a5df-da3e3cf53ac2:192.168.157.211:45059], old=null
2019-10-17 07:10:31,069 [grpc-default-executor-9] INFO  impl.RaftServerImpl (RaftServerImpl.java:setRole(184)) - 67ae3572-7d88-4e50-b53b-0f48f6748b38@group-233C052D78D6: changes role from  FOLLOWER to FOLLOWER at term 61 for recognizeCandidate:5c4ee31d-c5ed-4c65-a5df-da3e3cf53ac2
2019-10-17 07:10:31,069 [grpc-default-executor-9] INFO  impl.RoleInfo (RoleInfo.java:shutdownFollowerState(121)) - 67ae3572-7d88-4e50-b53b-0f48f6748b38: shutdown FollowerState
2019-10-17 07:10:31,069 [grpc-default-executor-3] INFO  impl.RaftServerImpl (RaftServerImpl.java:setRole(184)) - 831edaa1-80a5-4091-843f-90c648a5a79d@group-233C052D78D6: changes role from  FOLLOWER to FOLLOWER at term 61 for recognizeCandidate:5c4ee31d-c5ed-4c65-a5df-da3e3cf53ac2
2019-10-17 07:10:31,069 [grpc-default-executor-3] INFO  impl.RoleInfo (RoleInfo.java:shutdownFollowerState(121)) - 831edaa1-80a5-4091-843f-90c648a5a79d: shutdown FollowerState
2019-10-17 07:10:31,069 [Thread-1163] INFO  impl.FollowerState (FollowerState.java:run(117)) - 67ae3572-7d88-4e50-b53b-0f48f6748b38@group-233C052D78D6-FollowerState was interrupted: java.lang.InterruptedException: sleep interrupted
2019-10-17 07:10:31,069 [grpc-default-executor-9] INFO  impl.RoleInfo (RoleInfo.java:updateAndGet(143)) - 67ae3572-7d88-4e50-b53b-0f48f6748b38: start FollowerState
2019-10-17 07:10:31,070 [Thread-1164] INFO  impl.FollowerState (FollowerState.java:run(117)) - 831edaa1-80a5-4091-843f-90c648a5a79d@group-233C052D78D6-FollowerState was interrupted: java.lang.InterruptedException: sleep interrupted
2019-10-17 07:10:31,069 [grpc-default-executor-3] INFO  impl.RoleInfo (RoleInfo.java:updateAndGet(143)) - 831edaa1-80a5-4091-843f-90c648a5a79d: start FollowerState
2019-10-17 07:10:31,087 [5c4ee31d-c5ed-4c65-a5df-da3e3cf53ac2@group-233C052D78D6-LeaderElection125] INFO  impl.LeaderElection (LeaderElection.java:logAndReturn(56)) - 5c4ee31d-c5ed-4c65-a5df-da3e3cf53ac2@group-233C052D78D6-LeaderElection125: Election REJECTED; received 2 response(s) [5c4ee31d-c5ed-4c65-a5df-da3e3cf53ac2<-67ae3572-7d88-4e50-b53b-0f48f6748b38#0:FAIL-t61, 5c4ee31d-c5ed-4c65-a5df-da3e3cf53ac2<-831edaa1-80a5-4091-843f-90c648a5a79d#0:FAIL-t61] and 0 exception(s); 5c4ee31d-c5ed-4c65-a5df-da3e3cf53ac2@group-233C052D78D6:t61, leader=null, voted=5c4ee31d-c5ed-4c65-a5df-da3e3cf53ac2, raftlog=5c4ee31d-c5ed-4c65-a5df-da3e3cf53ac2@group-233C052D78D6-SegmentedRaftLog:OPENED:c-1,f-1,i0, conf=-1: [67ae3572-7d88-4e50-b53b-0f48f6748b38:192.168.157.211:41299, 831edaa1-80a5-4091-843f-90c648a5a79d:192.168.157.211:44365, 5c4ee31d-c5ed-4c65-a5df-da3e3cf53ac2:192.168.157.211:45059], old=null
2019-10-17 07:10:31,087 [5c4ee31d-c5ed-4c65-a5df-da3e3cf53ac2@group-233C052D78D6-LeaderElection125] INFO  impl.RaftServerImpl (RaftServerImpl.java:setRole(184)) - 5c4ee31d-c5ed-4c65-a5df-da3e3cf53ac2@group-233C052D78D6: changes role from CANDIDATE to FOLLOWER at term 61 for DISCOVERED_A_NEW_TERM
2019-10-17 07:10:31,087 [5c4ee31d-c5ed-4c65-a5df-da3e3cf53ac2@group-233C052D78D6-LeaderElection125] INFO  impl.RoleInfo (RoleInfo.java:shutdownLeaderElection(134)) - 5c4ee31d-c5ed-4c65-a5df-da3e3cf53ac2: shutdown LeaderElection
2019-10-17 07:10:31,087 [5c4ee31d-c5ed-4c65-a5df-da3e3cf53ac2@group-233C052D78D6-LeaderElection125] INFO  impl.RoleInfo (RoleInfo.java:updateAndGet(143)) - 5c4ee31d-c5ed-4c65-a5df-da3e3cf53ac2: start FollowerState
2019-10-17 07:10:31,144 [Thread-1183] INFO  impl.FollowerState (FollowerState.java:run(108)) - decc5551-dd4b-40dc-8ff5-b6b450d67f6f@group-42ACBF6EBE4E-FollowerState: change to CANDIDATE, lastRpcTime:97ms, electionTimeout:97ms
2019-10-17 07:10:31,144 [Thread-1183] INFO  impl.RoleInfo (RoleInfo.java:shutdownFollowerState(121)) - decc5551-dd4b-40dc-8ff5-b6b450d67f6f: shutdown FollowerState
2019-10-17 07:10:31,144 [Thread-1183] INFO  impl.RaftServerImpl (RaftServerImpl.java:setRole(184)) - decc5551-dd4b-40dc-8ff5-b6b450d67f6f@group-42ACBF6EBE4E: changes role from  FOLLOWER to CANDIDATE at term 67 for changeToCandidate
2019-10-17 07:10:31,144 [Thread-1183] INFO  impl.RoleInfo (RoleInfo.java:updateAndGet(143)) - decc5551-dd4b-40dc-8ff5-b6b450d67f6f: start LeaderElection
2019-10-17 07:10:31,159 [Thread-1189] INFO  impl.FollowerState (FollowerState.java:run(108)) - 5c4ee31d-c5ed-4c65-a5df-da3e3cf53ac2@group-233C052D78D6-FollowerState: change to CANDIDATE, lastRpcTime:71ms, electionTimeout:71ms
2019-10-17 07:10:31,159 [Thread-1189] INFO  impl.RoleInfo (RoleInfo.java:shutdownFollowerState(121)) - 5c4ee31d-c5ed-4c65-a5df-da3e3cf53ac2: shutdown FollowerState
2019-10-17 07:10:31,159 [Thread-1189] INFO  impl.RaftServerImpl (RaftServerImpl.java:setRole(184)) - 5c4ee31d-c5ed-4c65-a5df-da3e3cf53ac2@group-233C052D78D6: changes role from  FOLLOWER to CANDIDATE at term 61 for changeToCandidate
2019-10-17 07:10:31,159 [Thread-1189] INFO  impl.RoleInfo (RoleInfo.java:updateAndGet(143)) - 5c4ee31d-c5ed-4c65-a5df-da3e3cf53ac2: start LeaderElection
2019-10-17 07:10:31,171 [decc5551-dd4b-40dc-8ff5-b6b450d67f6f@group-42ACBF6EBE4E-LeaderElection126] INFO  impl.LeaderElection (LeaderElection.java:askForVotes(178)) - decc5551-dd4b-40dc-8ff5-b6b450d67f6f@group-42ACBF6EBE4E-LeaderElection126: begin an election at term 68 for -1: [215fceca-0555-458b-bc4f-ba38ff24d5ba:192.168.157.211:43803, decc5551-dd4b-40dc-8ff5-b6b450d67f6f:192.168.157.211:34435, 0c631657-10a5-4e2a-a322-8fc6c651b2ed:192.168.157.211:41694], old=null
2019-10-17 07:10:31,172 [5c4ee31d-c5ed-4c65-a5df-da3e3cf53ac2@group-233C052D78D6-LeaderElection127] INFO  impl.LeaderElection (LeaderElection.java:askForVotes(178)) - 5c4ee31d-c5ed-4c65-a5df-da3e3cf53ac2@group-233C052D78D6-LeaderElection127: begin an election at term 62 for -1: [67ae3572-7d88-4e50-b53b-0f48f6748b38:192.168.157.211:41299, 831edaa1-80a5-4091-843f-90c648a5a79d:192.168.157.211:44365, 5c4ee31d-c5ed-4c65-a5df-da3e3cf53ac2:192.168.157.211:45059], old=null
2019-10-17 07:10:31,174 [grpc-default-executor-3] INFO  impl.RaftServerImpl (RaftServerImpl.java:setRole(184)) - 215fceca-0555-458b-bc4f-ba38ff24d5ba@group-42ACBF6EBE4E: changes role from  FOLLOWER to FOLLOWER at term 68 for recognizeCandidate:decc5551-dd4b-40dc-8ff5-b6b450d67f6f
2019-10-17 07:10:31,174 [grpc-default-executor-9] INFO  impl.RaftServerImpl (RaftServerImpl.java:setRole(184)) - 0c631657-10a5-4e2a-a322-8fc6c651b2ed@group-42ACBF6EBE4E: changes role from  FOLLOWER to FOLLOWER at term 68 for recognizeCandidate:decc5551-dd4b-40dc-8ff5-b6b450d67f6f
2019-10-17 07:10:31,174 [grpc-default-executor-3] INFO  impl.RoleInfo (RoleInfo.java:shutdownFollowerState(121)) - 215fceca-0555-458b-bc4f-ba38ff24d5ba: shutdown FollowerState
2019-10-17 07:10:31,174 [grpc-default-executor-9] INFO  impl.RoleInfo (RoleInfo.java:shutdownFollowerState(121)) - 0c631657-10a5-4e2a-a322-8fc6c651b2ed: shutdown FollowerState
2019-10-17 07:10:31,174 [grpc-default-executor-3] INFO  impl.RoleInfo (RoleInfo.java:updateAndGet(143)) - 215fceca-0555-458b-bc4f-ba38ff24d5ba: start FollowerState
2019-10-17 07:10:31,174 [Thread-1181] INFO  impl.FollowerState (FollowerState.java:run(117)) - 215fceca-0555-458b-bc4f-ba38ff24d5ba@group-42ACBF6EBE4E-FollowerState was interrupted: java.lang.InterruptedException: sleep interrupted
2019-10-17 07:10:31,175 [grpc-default-executor-10] INFO  impl.RaftServerImpl (RaftServerImpl.java:setRole(184)) - 67ae3572-7d88-4e50-b53b-0f48f6748b38@group-233C052D78D6: changes role from  FOLLOWER to FOLLOWER at term 62 for recognizeCandidate:5c4ee31d-c5ed-4c65-a5df-da3e3cf53ac2
2019-10-17 07:10:31,174 [Thread-1182] INFO  impl.FollowerState (FollowerState.java:run(117)) - 0c631657-10a5-4e2a-a322-8fc6c651b2ed@group-42ACBF6EBE4E-FollowerState was interrupted: java.lang.InterruptedException: sleep interrupted
2019-10-17 07:10:31,174 [grpc-default-executor-9] INFO  impl.RoleInfo (RoleInfo.java:updateAndGet(143)) - 0c631657-10a5-4e2a-a322-8fc6c651b2ed: start FollowerState
2019-10-17 07:10:31,175 [grpc-default-executor-10] INFO  impl.RoleInfo (RoleInfo.java:shutdownFollowerState(121)) - 67ae3572-7d88-4e50-b53b-0f48f6748b38: shutdown FollowerState
2019-10-17 07:10:31,175 [grpc-default-executor-11] INFO  impl.RaftServerImpl (RaftServerImpl.java:setRole(184)) - 831edaa1-80a5-4091-843f-90c648a5a79d@group-233C052D78D6: changes role from  FOLLOWER to FOLLOWER at term 62 for recognizeCandidate:5c4ee31d-c5ed-4c65-a5df-da3e3cf53ac2
2019-10-17 07:10:31,175 [Thread-1187] INFO  impl.FollowerState (FollowerState.java:run(117)) - 67ae3572-7d88-4e50-b53b-0f48f6748b38@group-233C052D78D6-FollowerState was interrupted: java.lang.InterruptedException: sleep interrupted
2019-10-17 07:10:31,175 [grpc-default-executor-10] INFO  impl.RoleInfo (RoleInfo.java:updateAndGet(143)) - 67ae3572-7d88-4e50-b53b-0f48f6748b38: start FollowerState
2019-10-17 07:10:31,176 [grpc-default-executor-11] INFO  impl.RoleInfo (RoleInfo.java:shutdownFollowerState(121)) - 831edaa1-80a5-4091-843f-90c648a5a79d: shutdown FollowerState
2019-10-17 07:10:31,176 [grpc-default-executor-11] INFO  impl.RoleInfo (RoleInfo.java:updateAndGet(143)) - 831edaa1-80a5-4091-843f-90c648a5a79d: start FollowerState
2019-10-17 07:10:31,176 [Thread-1188] INFO  impl.FollowerState (FollowerState.java:run(117)) - 831edaa1-80a5-4091-843f-90c648a5a79d@group-233C052D78D6-FollowerState was interrupted: java.lang.InterruptedException: sleep interrupted
2019-10-17 07:10:31,189 [5c4ee31d-c5ed-4c65-a5df-da3e3cf53ac2@group-233C052D78D6-LeaderElection127] INFO  impl.LeaderElection (LeaderElection.java:logAndReturn(56)) - 5c4ee31d-c5ed-4c65-a5df-da3e3cf53ac2@group-233C052D78D6-LeaderElection127: Election REJECTED; received 2 response(s) [5c4ee31d-c5ed-4c65-a5df-da3e3cf53ac2<-67ae3572-7d88-4e50-b53b-0f48f6748b38#0:FAIL-t62, 5c4ee31d-c5ed-4c65-a5df-da3e3cf53ac2<-831edaa1-80a5-4091-843f-90c648a5a79d#0:FAIL-t62] and 0 exception(s); 5c4ee31d-c5ed-4c65-a5df-da3e3cf53ac2@group-233C052D78D6:t62, leader=null, voted=5c4ee31d-c5ed-4c65-a5df-da3e3cf53ac2, raftlog=5c4ee31d-c5ed-4c65-a5df-da3e3cf53ac2@group-233C052D78D6-SegmentedRaftLog:OPENED:c-1,f-1,i0, conf=-1: [67ae3572-7d88-4e50-b53b-0f48f6748b38:192.168.157.211:41299, 831edaa1-80a5-4091-843f-90c648a5a79d:192.168.157.211:44365, 5c4ee31d-c5ed-4c65-a5df-da3e3cf53ac2:192.168.157.211:45059], old=null
2019-10-17 07:10:31,190 [5c4ee31d-c5ed-4c65-a5df-da3e3cf53ac2@group-233C052D78D6-LeaderElection127] INFO  impl.RaftServerImpl (RaftServerImpl.java:setRole(184)) - 5c4ee31d-c5ed-4c65-a5df-da3e3cf53ac2@group-233C052D78D6: changes role from CANDIDATE to FOLLOWER at term 62 for DISCOVERED_A_NEW_TERM
2019-10-17 07:10:31,190 [5c4ee31d-c5ed-4c65-a5df-da3e3cf53ac2@group-233C052D78D6-LeaderElection127] INFO  impl.RoleInfo (RoleInfo.java:shutdownLeaderElection(134)) - 5c4ee31d-c5ed-4c65-a5df-da3e3cf53ac2: shutdown LeaderElection
2019-10-17 07:10:31,190 [decc5551-dd4b-40dc-8ff5-b6b450d67f6f@group-42ACBF6EBE4E-LeaderElection126] INFO  impl.LeaderElection (LeaderElection.java:logAndReturn(56)) - decc5551-dd4b-40dc-8ff5-b6b450d67f6f@group-42ACBF6EBE4E-LeaderElection126: Election REJECTED; received 2 response(s) [decc5551-dd4b-40dc-8ff5-b6b450d67f6f<-215fceca-0555-458b-bc4f-ba38ff24d5ba#0:FAIL-t68, decc5551-dd4b-40dc-8ff5-b6b450d67f6f<-0c631657-10a5-4e2a-a322-8fc6c651b2ed#0:FAIL-t68] and 0 exception(s); decc5551-dd4b-40dc-8ff5-b6b450d67f6f@group-42ACBF6EBE4E:t68, leader=null, voted=decc5551-dd4b-40dc-8ff5-b6b450d67f6f, raftlog=decc5551-dd4b-40dc-8ff5-b6b450d67f6f@group-42ACBF6EBE4E-SegmentedRaftLog:OPENED:c-1,f-1,i0, conf=-1: [215fceca-0555-458b-bc4f-ba38ff24d5ba:192.168.157.211:43803, decc5551-dd4b-40dc-8ff5-b6b450d67f6f:192.168.157.211:34435, 0c631657-10a5-4e2a-a322-8fc6c651b2ed:192.168.157.211:41694], old=null
2019-10-17 07:10:31,190 [5c4ee31d-c5ed-4c65-a5df-da3e3cf53ac2@group-233C052D78D6-LeaderElection127] INFO  impl.RoleInfo (RoleInfo.java:updateAndGet(143)) - 5c4ee31d-c5ed-4c65-a5df-da3e3cf53ac2: start FollowerState
2019-10-17 07:10:31,190 [decc5551-dd4b-40dc-8ff5-b6b450d67f6f@group-42ACBF6EBE4E-LeaderElection126] INFO  impl.RaftServerImpl (RaftServerImpl.java:setRole(184)) - decc5551-dd4b-40dc-8ff5-b6b450d67f6f@group-42ACBF6EBE4E: changes role from CANDIDATE to FOLLOWER at term 68 for DISCOVERED_A_NEW_TERM
2019-10-17 07:10:31,190 [decc5551-dd4b-40dc-8ff5-b6b450d67f6f@group-42ACBF6EBE4E-LeaderElection126] INFO  impl.RoleInfo (RoleInfo.java:shutdownLeaderElection(134)) - decc5551-dd4b-40dc-8ff5-b6b450d67f6f: shutdown LeaderElection
2019-10-17 07:10:31,190 [decc5551-dd4b-40dc-8ff5-b6b450d67f6f@group-42ACBF6EBE4E-LeaderElection126] INFO  impl.RoleInfo (RoleInfo.java:updateAndGet(143)) - decc5551-dd4b-40dc-8ff5-b6b450d67f6f: start FollowerState
2019-10-17 07:10:31,219 [Thread-1200] INFO  impl.FollowerState (FollowerState.java:run(108)) - 5c4ee31d-c5ed-4c65-a5df-da3e3cf53ac2@group-233C052D78D6-FollowerState: change to CANDIDATE, lastRpcTime:29ms, electionTimeout:29ms
2019-10-17 07:10:31,220 [Thread-1200] INFO  impl.RoleInfo (RoleInfo.java:shutdownFollowerState(121)) - 5c4ee31d-c5ed-4c65-a5df-da3e3cf53ac2: shutdown FollowerState
2019-10-17 07:10:31,220 [Thread-1200] INFO  impl.RaftServerImpl (RaftServerImpl.java:setRole(184)) - 5c4ee31d-c5ed-4c65-a5df-da3e3cf53ac2@group-233C052D78D6: changes role from  FOLLOWER to CANDIDATE at term 62 for changeToCandidate
2019-10-17 07:10:31,220 [Thread-1200] INFO  impl.RoleInfo (RoleInfo.java:updateAndGet(143)) - 5c4ee31d-c5ed-4c65-a5df-da3e3cf53ac2: start LeaderElection
2019-10-17 07:10:31,245 [5c4ee31d-c5ed-4c65-a5df-da3e3cf53ac2@group-233C052D78D6-LeaderElection128] INFO  impl.LeaderElection (LeaderElection.java:askForVotes(178)) - 5c4ee31d-c5ed-4c65-a5df-da3e3cf53ac2@group-233C052D78D6-LeaderElection128: begin an election at term 63 for -1: [67ae3572-7d88-4e50-b53b-0f48f6748b38:192.168.157.211:41299, 831edaa1-80a5-4091-843f-90c648a5a79d:192.168.157.211:44365, 5c4ee31d-c5ed-4c65-a5df-da3e3cf53ac2:192.168.157.211:45059], old=null
2019-10-17 07:10:31,247 [grpc-default-executor-3] INFO  impl.RaftServerImpl (RaftServerImpl.java:setRole(184)) - 67ae3572-7d88-4e50-b53b-0f48f6748b38@group-233C052D78D6: changes role from  FOLLOWER to FOLLOWER at term 63 for recognizeCandidate:5c4ee31d-c5ed-4c65-a5df-da3e3cf53ac2
2019-10-17 07:10:31,247 [grpc-default-executor-3] INFO  impl.RoleInfo (RoleInfo.java:shutdownFollowerState(121)) - 67ae3572-7d88-4e50-b53b-0f48f6748b38: shutdown FollowerState
2019-10-17 07:10:31,247 [grpc-default-executor-3] INFO  impl.RoleInfo (RoleInfo.java:updateAndGet(143)) - 67ae3572-7d88-4e50-b53b-0f48f6748b38: start FollowerState
2019-10-17 07:10:31,247 [grpc-default-executor-9] INFO  impl.RaftServerImpl (RaftServerImpl.java:setRole(184)) - 831edaa1-80a5-4091-843f-90c648a5a79d@group-233C052D78D6: changes role from  FOLLOWER to FOLLOWER at term 63 for recognizeCandidate:5c4ee31d-c5ed-4c65-a5df-da3e3cf53ac2
2019-10-17 07:10:31,247 [Thread-1198] INFO  impl.FollowerState (FollowerState.java:run(117)) - 67ae3572-7d88-4e50-b53b-0f48f6748b38@group-233C052D78D6-FollowerState was interrupted: java.lang.InterruptedException: sleep interrupted
2019-10-17 07:10:31,248 [grpc-default-executor-9] INFO  impl.RoleInfo (RoleInfo.java:shutdownFollowerState(121)) - 831edaa1-80a5-4091-843f-90c648a5a79d: shutdown FollowerState
2019-10-17 07:10:31,248 [grpc-default-executor-9] INFO  impl.RoleInfo (RoleInfo.java:updateAndGet(143)) - 831edaa1-80a5-4091-843f-90c648a5a79d: start FollowerState
2019-10-17 07:10:31,248 [Thread-1199] INFO  impl.FollowerState (FollowerState.java:run(117)) - 831edaa1-80a5-4091-843f-90c648a5a79d@group-233C052D78D6-FollowerState was interrupted: java.lang.InterruptedException: sleep interrupted
2019-10-17 07:10:31,263 [5c4ee31d-c5ed-4c65-a5df-da3e3cf53ac2@group-233C052D78D6-LeaderElection128] INFO  impl.LeaderElection (LeaderElection.java:logAndReturn(56)) - 5c4ee31d-c5ed-4c65-a5df-da3e3cf53ac2@group-233C052D78D6-LeaderElection128: Election REJECTED; received 2 response(s) [5c4ee31d-c5ed-4c65-a5df-da3e3cf53ac2<-67ae3572-7d88-4e50-b53b-0f48f6748b38#0:FAIL-t63, 5c4ee31d-c5ed-4c65-a5df-da3e3cf53ac2<-831edaa1-80a5-4091-843f-90c648a5a79d#0:FAIL-t63] and 0 exception(s); 5c4ee31d-c5ed-4c65-a5df-da3e3cf53ac2@group-233C052D78D6:t63, leader=null, voted=5c4ee31d-c5ed-4c65-a5df-da3e3cf53ac2, raftlog=5c4ee31d-c5ed-4c65-a5df-da3e3cf53ac2@group-233C052D78D6-SegmentedRaftLog:OPENED:c-1,f-1,i0, conf=-1: [67ae3572-7d88-4e50-b53b-0f48f6748b38:192.168.157.211:41299, 831edaa1-80a5-4091-843f-90c648a5a79d:192.168.157.211:44365, 5c4ee31d-c5ed-4c65-a5df-da3e3cf53ac2:192.168.157.211:45059], old=null
2019-10-17 07:10:31,263 [5c4ee31d-c5ed-4c65-a5df-da3e3cf53ac2@group-233C052D78D6-LeaderElection128] INFO  impl.RaftServerImpl (RaftServerImpl.java:setRole(184)) - 5c4ee31d-c5ed-4c65-a5df-da3e3cf53ac2@group-233C052D78D6: changes role from CANDIDATE to FOLLOWER at term 63 for DISCOVERED_A_NEW_TERM
2019-10-17 07:10:31,263 [5c4ee31d-c5ed-4c65-a5df-da3e3cf53ac2@group-233C052D78D6-LeaderElection128] INFO  impl.RoleInfo (RoleInfo.java:shutdownLeaderElection(134)) - 5c4ee31d-c5ed-4c65-a5df-da3e3cf53ac2: shutdown LeaderElection
2019-10-17 07:10:31,263 [5c4ee31d-c5ed-4c65-a5df-da3e3cf53ac2@group-233C052D78D6-LeaderElection128] INFO  impl.RoleInfo (RoleInfo.java:updateAndGet(143)) - 5c4ee31d-c5ed-4c65-a5df-da3e3cf53ac2: start FollowerState
2019-10-17 07:10:31,301 [Thread-1201] INFO  impl.FollowerState (FollowerState.java:run(108)) - decc5551-dd4b-40dc-8ff5-b6b450d67f6f@group-42ACBF6EBE4E-FollowerState: change to CANDIDATE, lastRpcTime:110ms, electionTimeout:110ms
2019-10-17 07:10:31,301 [Thread-1201] INFO  impl.RoleInfo (RoleInfo.java:shutdownFollowerState(121)) - decc5551-dd4b-40dc-8ff5-b6b450d67f6f: shutdown FollowerState
2019-10-17 07:10:31,301 [Thread-1201] INFO  impl.RaftServerImpl (RaftServerImpl.java:setRole(184)) - decc5551-dd4b-40dc-8ff5-b6b450d67f6f@group-42ACBF6EBE4E: changes role from  FOLLOWER to CANDIDATE at term 68 for changeToCandidate
2019-10-17 07:10:31,301 [Thread-1201] INFO  impl.RoleInfo (RoleInfo.java:updateAndGet(143)) - decc5551-dd4b-40dc-8ff5-b6b450d67f6f: start LeaderElection
2019-10-17 07:10:31,315 [decc5551-dd4b-40dc-8ff5-b6b450d67f6f@group-42ACBF6EBE4E-LeaderElection129] INFO  impl.LeaderElection (LeaderElection.java:askForVotes(178)) - decc5551-dd4b-40dc-8ff5-b6b450d67f6f@group-42ACBF6EBE4E-LeaderElection129: begin an election at term 69 for -1: [215fceca-0555-458b-bc4f-ba38ff24d5ba:192.168.157.211:43803, decc5551-dd4b-40dc-8ff5-b6b450d67f6f:192.168.157.211:34435, 0c631657-10a5-4e2a-a322-8fc6c651b2ed:192.168.157.211:41694], old=null
2019-10-17 07:10:31,317 [grpc-default-executor-9] INFO  impl.RaftServerImpl (RaftServerImpl.java:setRole(184)) - 215fceca-0555-458b-bc4f-ba38ff24d5ba@group-42ACBF6EBE4E: changes role from  FOLLOWER to FOLLOWER at term 69 for recognizeCandidate:decc5551-dd4b-40dc-8ff5-b6b450d67f6f
2019-10-17 07:10:31,317 [grpc-default-executor-9] INFO  impl.RoleInfo (RoleInfo.java:shutdownFollowerState(121)) - 215fceca-0555-458b-bc4f-ba38ff24d5ba: shutdown FollowerState
2019-10-17 07:10:31,317 [grpc-default-executor-9] INFO  impl.RoleInfo (RoleInfo.java:updateAndGet(143)) - 215fceca-0555-458b-bc4f-ba38ff24d5ba: start FollowerState
2019-10-17 07:10:31,317 [Thread-1196] INFO  impl.FollowerState (FollowerState.java:run(117)) - 215fceca-0555-458b-bc4f-ba38ff24d5ba@group-42ACBF6EBE4E-FollowerState was interrupted: java.lang.InterruptedException: sleep interrupted
2019-10-17 07:10:31,317 [grpc-default-executor-3] INFO  impl.RaftServerImpl (RaftServerImpl.java:setRole(184)) - 0c631657-10a5-4e2a-a322-8fc6c651b2ed@group-42ACBF6EBE4E: changes role from  FOLLOWER to FOLLOWER at term 69 for recognizeCandidate:decc5551-dd4b-40dc-8ff5-b6b450d67f6f
2019-10-17 07:10:31,318 [grpc-default-executor-3] INFO  impl.RoleInfo (RoleInfo.java:shutdownFollowerState(121)) - 0c631657-10a5-4e2a-a322-8fc6c651b2ed: shutdown FollowerState
2019-10-17 07:10:31,318 [grpc-default-executor-3] INFO  impl.RoleInfo (RoleInfo.java:updateAndGet(143)) - 0c631657-10a5-4e2a-a322-8fc6c651b2ed: start FollowerState
2019-10-17 07:10:31,318 [Thread-1197] INFO  impl.FollowerState (FollowerState.java:run(117)) - 0c631657-10a5-4e2a-a322-8fc6c651b2ed@group-42ACBF6EBE4E-FollowerState was interrupted: java.lang.InterruptedException: sleep interrupted
2019-10-17 07:10:31,332 [Thread-1207] INFO  impl.FollowerState (FollowerState.java:run(108)) - 5c4ee31d-c5ed-4c65-a5df-da3e3cf53ac2@group-233C052D78D6-FollowerState: change to CANDIDATE, lastRpcTime:69ms, electionTimeout:69ms
2019-10-17 07:10:31,333 [Thread-1207] INFO  impl.RoleInfo (RoleInfo.java:shutdownFollowerState(121)) - 5c4ee31d-c5ed-4c65-a5df-da3e3cf53ac2: shutdown FollowerState
2019-10-17 07:10:31,333 [Thread-1207] INFO  impl.RaftServerImpl (RaftServerImpl.java:setRole(184)) - 5c4ee31d-c5ed-4c65-a5df-da3e3cf53ac2@group-233C052D78D6: changes role from  FOLLOWER to CANDIDATE at term 63 for changeToCandidate
2019-10-17 07:10:31,333 [decc5551-dd4b-40dc-8ff5-b6b450d67f6f@group-42ACBF6EBE4E-LeaderElection129] INFO  impl.LeaderElection (LeaderElection.java:logAndReturn(56)) - decc5551-dd4b-40dc-8ff5-b6b450d67f6f@group-42ACBF6EBE4E-LeaderElection129: Election REJECTED; received 2 response(s) [decc5551-dd4b-40dc-8ff5-b6b450d67f6f<-215fceca-0555-458b-bc4f-ba38ff24d5ba#0:FAIL-t69, decc5551-dd4b-40dc-8ff5-b6b450d67f6f<-0c631657-10a5-4e2a-a322-8fc6c651b2ed#0:FAIL-t69] and 0 exception(s); decc5551-dd4b-40dc-8ff5-b6b450d67f6f@group-42ACBF6EBE4E:t69, leader=null, voted=decc5551-dd4b-40dc-8ff5-b6b450d67f6f, raftlog=decc5551-dd4b-40dc-8ff5-b6b450d67f6f@group-42ACBF6EBE4E-SegmentedRaftLog:OPENED:c-1,f-1,i0, conf=-1: [215fceca-0555-458b-bc4f-ba38ff24d5ba:192.168.157.211:43803, decc5551-dd4b-40dc-8ff5-b6b450d67f6f:192.168.157.211:34435, 0c631657-10a5-4e2a-a322-8fc6c651b2ed:192.168.157.211:41694], old=null
2019-10-17 07:10:31,333 [Thread-1207] INFO  impl.RoleInfo (RoleInfo.java:updateAndGet(143)) - 5c4ee31d-c5ed-4c65-a5df-da3e3cf53ac2: start LeaderElection
2019-10-17 07:10:31,333 [decc5551-dd4b-40dc-8ff5-b6b450d67f6f@group-42ACBF6EBE4E-LeaderElection129] INFO  impl.RaftServerImpl (RaftServerImpl.java:setRole(184)) - decc5551-dd4b-40dc-8ff5-b6b450d67f6f@group-42ACBF6EBE4E: changes role from CANDIDATE to FOLLOWER at term 69 for DISCOVERED_A_NEW_TERM
2019-10-17 07:10:31,333 [decc5551-dd4b-40dc-8ff5-b6b450d67f6f@group-42ACBF6EBE4E-LeaderElection129] INFO  impl.RoleInfo (RoleInfo.java:shutdownLeaderElection(134)) - decc5551-dd4b-40dc-8ff5-b6b450d67f6f: shutdown LeaderElection
2019-10-17 07:10:31,333 [decc5551-dd4b-40dc-8ff5-b6b450d67f6f@group-42ACBF6EBE4E-LeaderElection129] INFO  impl.RoleInfo (RoleInfo.java:updateAndGet(143)) - decc5551-dd4b-40dc-8ff5-b6b450d67f6f: start FollowerState
2019-10-17 07:10:31,349 [5c4ee31d-c5ed-4c65-a5df-da3e3cf53ac2@group-233C052D78D6-LeaderElection130] INFO  impl.LeaderElection (LeaderElection.java:askForVotes(178)) - 5c4ee31d-c5ed-4c65-a5df-da3e3cf53ac2@group-233C052D78D6-LeaderElection130: begin an election at term 64 for -1: [67ae3572-7d88-4e50-b53b-0f48f6748b38:192.168.157.211:41299, 831edaa1-80a5-4091-843f-90c648a5a79d:192.168.157.211:44365, 5c4ee31d-c5ed-4c65-a5df-da3e3cf53ac2:192.168.157.211:45059], old=null
2019-10-17 07:10:31,351 [grpc-default-executor-9] INFO  impl.RaftServerImpl (RaftServerImpl.java:setRole(184)) - 67ae3572-7d88-4e50-b53b-0f48f6748b38@group-233C052D78D6: changes role from  FOLLOWER to FOLLOWER at term 64 for recognizeCandidate:5c4ee31d-c5ed-4c65-a5df-da3e3cf53ac2
2019-10-17 07:10:31,351 [grpc-default-executor-3] INFO  impl.RaftServerImpl (RaftServerImpl.java:setRole(184)) - 831edaa1-80a5-4091-843f-90c648a5a79d@group-233C052D78D6: changes role from  FOLLOWER to FOLLOWER at term 64 for recognizeCandidate:5c4ee31d-c5ed-4c65-a5df-da3e3cf53ac2
2019-10-17 07:10:31,351 [grpc-default-executor-9] INFO  impl.RoleInfo (RoleInfo.java:shutdownFollowerState(121)) - 67ae3572-7d88-4e50-b53b-0f48f6748b38: shutdown FollowerState
2019-10-17 07:10:31,352 [grpc-default-executor-3] INFO  impl.RoleInfo (RoleInfo.java:shutdownFollowerState(121)) - 831edaa1-80a5-4091-843f-90c648a5a79d: shutdown FollowerState
2019-10-17 07:10:31,352 [grpc-default-executor-9] INFO  impl.RoleInfo (RoleInfo.java:updateAndGet(143)) - 67ae3572-7d88-4e50-b53b-0f48f6748b38: start FollowerState
2019-10-17 07:10:31,352 [grpc-default-executor-3] INFO  impl.RoleInfo (RoleInfo.java:updateAndGet(143)) - 831edaa1-80a5-4091-843f-90c648a5a79d: start FollowerState
2019-10-17 07:10:31,352 [Thread-1205] INFO  impl.FollowerState (FollowerState.java:run(117)) - 67ae3572-7d88-4e50-b53b-0f48f6748b38@group-233C052D78D6-FollowerState was interrupted: java.lang.InterruptedException: sleep interrupted
2019-10-17 07:10:31,352 [Thread-1206] INFO  impl.FollowerState (FollowerState.java:run(117)) - 831edaa1-80a5-4091-843f-90c648a5a79d@group-233C052D78D6-FollowerState was interrupted: java.lang.InterruptedException: sleep interrupted
2019-10-17 07:10:31,360 [5c4ee31d-c5ed-4c65-a5df-da3e3cf53ac2@group-233C052D78D6-LeaderElection130] INFO  impl.LeaderElection (LeaderElection.java:logAndReturn(56)) - 5c4ee31d-c5ed-4c65-a5df-da3e3cf53ac2@group-233C052D78D6-LeaderElection130: Election REJECTED; received 2 response(s) [5c4ee31d-c5ed-4c65-a5df-da3e3cf53ac2<-67ae3572-7d88-4e50-b53b-0f48f6748b38#0:FAIL-t64, 5c4ee31d-c5ed-4c65-a5df-da3e3cf53ac2<-831edaa1-80a5-4091-843f-90c648a5a79d#0:FAIL-t64] and 0 exception(s); 5c4ee31d-c5ed-4c65-a5df-da3e3cf53ac2@group-233C052D78D6:t64, leader=null, voted=5c4ee31d-c5ed-4c65-a5df-da3e3cf53ac2, raftlog=5c4ee31d-c5ed-4c65-a5df-da3e3cf53ac2@group-233C052D78D6-SegmentedRaftLog:OPENED:c-1,f-1,i0, conf=-1: [67ae3572-7d88-4e50-b53b-0f48f6748b38:192.168.157.211:41299, 831edaa1-80a5-4091-843f-90c648a5a79d:192.168.157.211:44365, 5c4ee31d-c5ed-4c65-a5df-da3e3cf53ac2:192.168.157.211:45059], old=null
2019-10-17 07:10:31,360 [5c4ee31d-c5ed-4c65-a5df-da3e3cf53ac2@group-233C052D78D6-LeaderElection130] INFO  impl.RaftServerImpl (RaftServerImpl.java:setRole(184)) - 5c4ee31d-c5ed-4c65-a5df-da3e3cf53ac2@group-233C052D78D6: changes role from CANDIDATE to FOLLOWER at term 64 for DISCOVERED_A_NEW_TERM
2019-10-17 07:10:31,360 [5c4ee31d-c5ed-4c65-a5df-da3e3cf53ac2@group-233C052D78D6-LeaderElection130] INFO  impl.RoleInfo (RoleInfo.java:shutdownLeaderElection(134)) - 5c4ee31d-c5ed-4c65-a5df-da3e3cf53ac2: shutdown LeaderElection
2019-10-17 07:10:31,361 [5c4ee31d-c5ed-4c65-a5df-da3e3cf53ac2@group-233C052D78D6-LeaderElection130] INFO  impl.RoleInfo (RoleInfo.java:updateAndGet(143)) - 5c4ee31d-c5ed-4c65-a5df-da3e3cf53ac2: start FollowerState
2019-10-17 07:10:31,400 [Thread-1219] INFO  impl.FollowerState (FollowerState.java:run(108)) - 5c4ee31d-c5ed-4c65-a5df-da3e3cf53ac2@group-233C052D78D6-FollowerState: change to CANDIDATE, lastRpcTime:39ms, electionTimeout:39ms
2019-10-17 07:10:31,400 [Thread-1219] INFO  impl.RoleInfo (RoleInfo.java:shutdownFollowerState(121)) - 5c4ee31d-c5ed-4c65-a5df-da3e3cf53ac2: shutdown FollowerState
2019-10-17 07:10:31,400 [Thread-1219] INFO  impl.RaftServerImpl (RaftServerImpl.java:setRole(184)) - 5c4ee31d-c5ed-4c65-a5df-da3e3cf53ac2@group-233C052D78D6: changes role from  FOLLOWER to CANDIDATE at term 64 for changeToCandidate
2019-10-17 07:10:31,400 [Thread-1219] INFO  impl.RoleInfo (RoleInfo.java:updateAndGet(143)) - 5c4ee31d-c5ed-4c65-a5df-da3e3cf53ac2: start LeaderElection
2019-10-17 07:10:31,414 [5c4ee31d-c5ed-4c65-a5df-da3e3cf53ac2@group-233C052D78D6-LeaderElection131] INFO  impl.LeaderElection (LeaderElection.java:askForVotes(178)) - 5c4ee31d-c5ed-4c65-a5df-da3e3cf53ac2@group-233C052D78D6-LeaderElection131: begin an election at term 65 for -1: [67ae3572-7d88-4e50-b53b-0f48f6748b38:192.168.157.211:41299, 831edaa1-80a5-4091-843f-90c648a5a79d:192.168.157.211:44365, 5c4ee31d-c5ed-4c65-a5df-da3e3cf53ac2:192.168.157.211:45059], old=null
2019-10-17 07:10:31,416 [grpc-default-executor-3] INFO  impl.RaftServerImpl (RaftServerImpl.java:setRole(184)) - 67ae3572-7d88-4e50-b53b-0f48f6748b38@group-233C052D78D6: changes role from  FOLLOWER to FOLLOWER at term 65 for recognizeCandidate:5c4ee31d-c5ed-4c65-a5df-da3e3cf53ac2
2019-10-17 07:10:31,416 [grpc-default-executor-9] INFO  impl.RaftServerImpl (RaftServerImpl.java:setRole(184)) - 831edaa1-80a5-4091-843f-90c648a5a79d@group-233C052D78D6: changes role from  FOLLOWER to FOLLOWER at term 65 for recognizeCandidate:5c4ee31d-c5ed-4c65-a5df-da3e3cf53ac2
2019-10-17 07:10:31,416 [grpc-default-executor-3] INFO  impl.RoleInfo (RoleInfo.java:shutdownFollowerState(121)) - 67ae3572-7d88-4e50-b53b-0f48f6748b38: shutdown FollowerState
2019-10-17 07:10:31,416 [grpc-default-executor-9] INFO  impl.RoleInfo (RoleInfo.java:shutdownFollowerState(121)) - 831edaa1-80a5-4091-843f-90c648a5a79d: shutdown FollowerState
2019-10-17 07:10:31,417 [grpc-default-executor-9] INFO  impl.RoleInfo (RoleInfo.java:updateAndGet(143)) - 831edaa1-80a5-4091-843f-90c648a5a79d: start FollowerState
2019-10-17 07:10:31,417 [Thread-1217] INFO  impl.FollowerState (FollowerState.java:run(117)) - 67ae3572-7d88-4e50-b53b-0f48f6748b38@group-233C052D78D6-FollowerState was interrupted: java.lang.InterruptedException: sleep interrupted
2019-10-17 07:10:31,416 [grpc-default-executor-3] INFO  impl.RoleInfo (RoleInfo.java:updateAndGet(143)) - 67ae3572-7d88-4e50-b53b-0f48f6748b38: start FollowerState
2019-10-17 07:10:31,417 [Thread-1218] INFO  impl.FollowerState (FollowerState.java:run(117)) - 831edaa1-80a5-4091-843f-90c648a5a79d@group-233C052D78D6-FollowerState was interrupted: java.lang.InterruptedException: sleep interrupted
2019-10-17 07:10:31,432 [5c4ee31d-c5ed-4c65-a5df-da3e3cf53ac2@group-233C052D78D6-LeaderElection131] INFO  impl.LeaderElection (LeaderElection.java:logAndReturn(56)) - 5c4ee31d-c5ed-4c65-a5df-da3e3cf53ac2@group-233C052D78D6-LeaderElection131: Election REJECTED; received 2 response(s) [5c4ee31d-c5ed-4c65-a5df-da3e3cf53ac2<-67ae3572-7d88-4e50-b53b-0f48f6748b38#0:FAIL-t65, 5c4ee31d-c5ed-4c65-a5df-da3e3cf53ac2<-831edaa1-80a5-4091-843f-90c648a5a79d#0:FAIL-t65] and 0 exception(s); 5c4ee31d-c5ed-4c65-a5df-da3e3cf53ac2@group-233C052D78D6:t65, leader=null, voted=5c4ee31d-c5ed-4c65-a5df-da3e3cf53ac2, raftlog=5c4ee31d-c5ed-4c65-a5df-da3e3cf53ac2@group-233C052D78D6-SegmentedRaftLog:OPENED:c-1,f-1,i0, conf=-1: [67ae3572-7d88-4e50-b53b-0f48f6748b38:192.168.157.211:41299, 831edaa1-80a5-4091-843f-90c648a5a79d:192.168.157.211:44365, 5c4ee31d-c5ed-4c65-a5df-da3e3cf53ac2:192.168.157.211:45059], old=null
2019-10-17 07:10:31,432 [5c4ee31d-c5ed-4c65-a5df-da3e3cf53ac2@group-233C052D78D6-LeaderElection131] INFO  impl.RaftServerImpl (RaftServerImpl.java:setRole(184)) - 5c4ee31d-c5ed-4c65-a5df-da3e3cf53ac2@group-233C052D78D6: changes role from CANDIDATE to FOLLOWER at term 65 for DISCOVERED_A_NEW_TERM
2019-10-17 07:10:31,432 [5c4ee31d-c5ed-4c65-a5df-da3e3cf53ac2@group-233C052D78D6-LeaderElection131] INFO  impl.RoleInfo (RoleInfo.java:shutdownLeaderElection(134)) - 5c4ee31d-c5ed-4c65-a5df-da3e3cf53ac2: shutdown LeaderElection
2019-10-17 07:10:31,432 [5c4ee31d-c5ed-4c65-a5df-da3e3cf53ac2@group-233C052D78D6-LeaderElection131] INFO  impl.RoleInfo (RoleInfo.java:updateAndGet(143)) - 5c4ee31d-c5ed-4c65-a5df-da3e3cf53ac2: start FollowerState
2019-10-17 07:10:31,462 [Thread-1214] INFO  impl.FollowerState (FollowerState.java:run(108)) - decc5551-dd4b-40dc-8ff5-b6b450d67f6f@group-42ACBF6EBE4E-FollowerState: change to CANDIDATE, lastRpcTime:128ms, electionTimeout:128ms
2019-10-17 07:10:31,462 [Thread-1214] INFO  impl.RoleInfo (RoleInfo.java:shutdownFollowerState(121)) - decc5551-dd4b-40dc-8ff5-b6b450d67f6f: shutdown FollowerState
2019-10-17 07:10:31,462 [Thread-1214] INFO  impl.RaftServerImpl (RaftServerImpl.java:setRole(184)) - decc5551-dd4b-40dc-8ff5-b6b450d67f6f@group-42ACBF6EBE4E: changes role from  FOLLOWER to CANDIDATE at term 69 for changeToCandidate
2019-10-17 07:10:31,462 [Thread-1214] INFO  impl.RoleInfo (RoleInfo.java:updateAndGet(143)) - decc5551-dd4b-40dc-8ff5-b6b450d67f6f: start LeaderElection
2019-10-17 07:10:31,476 [decc5551-dd4b-40dc-8ff5-b6b450d67f6f@group-42ACBF6EBE4E-LeaderElection132] INFO  impl.LeaderElection (LeaderElection.java:askForVotes(178)) - decc5551-dd4b-40dc-8ff5-b6b450d67f6f@group-42ACBF6EBE4E-LeaderElection132: begin an election at term 70 for -1: [215fceca-0555-458b-bc4f-ba38ff24d5ba:192.168.157.211:43803, decc5551-dd4b-40dc-8ff5-b6b450d67f6f:192.168.157.211:34435, 0c631657-10a5-4e2a-a322-8fc6c651b2ed:192.168.157.211:41694], old=null
2019-10-17 07:10:31,478 [grpc-default-executor-3] INFO  impl.RaftServerImpl (RaftServerImpl.java:setRole(184)) - 0c631657-10a5-4e2a-a322-8fc6c651b2ed@group-42ACBF6EBE4E: changes role from  FOLLOWER to FOLLOWER at term 70 for recognizeCandidate:decc5551-dd4b-40dc-8ff5-b6b450d67f6f
2019-10-17 07:10:31,478 [grpc-default-executor-9] INFO  impl.RaftServerImpl (RaftServerImpl.java:setRole(184)) - 215fceca-0555-458b-bc4f-ba38ff24d5ba@group-42ACBF6EBE4E: changes role from  FOLLOWER to FOLLOWER at term 70 for recognizeCandidate:decc5551-dd4b-40dc-8ff5-b6b450d67f6f
2019-10-17 07:10:31,478 [grpc-default-executor-3] INFO  impl.RoleInfo (RoleInfo.java:shutdownFollowerState(121)) - 0c631657-10a5-4e2a-a322-8fc6c651b2ed: shutdown FollowerState
2019-10-17 07:10:31,478 [grpc-default-executor-9] INFO  impl.RoleInfo (RoleInfo.java:shutdownFollowerState(121)) - 215fceca-0555-458b-bc4f-ba38ff24d5ba: shutdown FollowerState
2019-10-17 07:10:31,479 [grpc-default-executor-3] INFO  impl.RoleInfo (RoleInfo.java:updateAndGet(143)) - 0c631657-10a5-4e2a-a322-8fc6c651b2ed: start FollowerState
2019-10-17 07:10:31,479 [Thread-1211] INFO  impl.FollowerState (FollowerState.java:run(117)) - 215fceca-0555-458b-bc4f-ba38ff24d5ba@group-42ACBF6EBE4E-FollowerState was interrupted: java.lang.InterruptedException: sleep interrupted
2019-10-17 07:10:31,479 [Thread-1212] INFO  impl.FollowerState (FollowerState.java:run(117)) - 0c631657-10a5-4e2a-a322-8fc6c651b2ed@group-42ACBF6EBE4E-FollowerState was interrupted: java.lang.InterruptedException: sleep interrupted
2019-10-17 07:10:31,479 [grpc-default-executor-9] INFO  impl.RoleInfo (RoleInfo.java:updateAndGet(143)) - 215fceca-0555-458b-bc4f-ba38ff24d5ba: start FollowerState
2019-10-17 07:10:31,493 [decc5551-dd4b-40dc-8ff5-b6b450d67f6f@group-42ACBF6EBE4E-LeaderElection132] INFO  impl.LeaderElection (LeaderElection.java:logAndReturn(56)) - decc5551-dd4b-40dc-8ff5-b6b450d67f6f@group-42ACBF6EBE4E-LeaderElection132: Election REJECTED; received 2 response(s) [decc5551-dd4b-40dc-8ff5-b6b450d67f6f<-215fceca-0555-458b-bc4f-ba38ff24d5ba#0:FAIL-t70, decc5551-dd4b-40dc-8ff5-b6b450d67f6f<-0c631657-10a5-4e2a-a322-8fc6c651b2ed#0:FAIL-t70] and 0 exception(s); decc5551-dd4b-40dc-8ff5-b6b450d67f6f@group-42ACBF6EBE4E:t70, leader=null, voted=decc5551-dd4b-40dc-8ff5-b6b450d67f6f, raftlog=decc5551-dd4b-40dc-8ff5-b6b450d67f6f@group-42ACBF6EBE4E-SegmentedRaftLog:OPENED:c-1,f-1,i0, conf=-1: [215fceca-0555-458b-bc4f-ba38ff24d5ba:192.168.157.211:43803, decc5551-dd4b-40dc-8ff5-b6b450d67f6f:192.168.157.211:34435, 0c631657-10a5-4e2a-a322-8fc6c651b2ed:192.168.157.211:41694], old=null
2019-10-17 07:10:31,494 [decc5551-dd4b-40dc-8ff5-b6b450d67f6f@group-42ACBF6EBE4E-LeaderElection132] INFO  impl.RaftServerImpl (RaftServerImpl.java:setRole(184)) - decc5551-dd4b-40dc-8ff5-b6b450d67f6f@group-42ACBF6EBE4E: changes role from CANDIDATE to FOLLOWER at term 70 for DISCOVERED_A_NEW_TERM
2019-10-17 07:10:31,494 [decc5551-dd4b-40dc-8ff5-b6b450d67f6f@group-42ACBF6EBE4E-LeaderElection132] INFO  impl.RoleInfo (RoleInfo.java:shutdownLeaderElection(134)) - decc5551-dd4b-40dc-8ff5-b6b450d67f6f: shutdown LeaderElection
2019-10-17 07:10:31,494 [decc5551-dd4b-40dc-8ff5-b6b450d67f6f@group-42ACBF6EBE4E-LeaderElection132] INFO  impl.RoleInfo (RoleInfo.java:updateAndGet(143)) - decc5551-dd4b-40dc-8ff5-b6b450d67f6f: start FollowerState
2019-10-17 07:10:31,511 [Thread-1225] INFO  impl.FollowerState (FollowerState.java:run(108)) - 5c4ee31d-c5ed-4c65-a5df-da3e3cf53ac2@group-233C052D78D6-FollowerState: change to CANDIDATE, lastRpcTime:79ms, electionTimeout:79ms
2019-10-17 07:10:31,512 [Thread-1225] INFO  impl.RoleInfo (RoleInfo.java:shutdownFollowerState(121)) - 5c4ee31d-c5ed-4c65-a5df-da3e3cf53ac2: shutdown FollowerState
2019-10-17 07:10:31,512 [Thread-1225] INFO  impl.RaftServerImpl (RaftServerImpl.java:setRole(184)) - 5c4ee31d-c5ed-4c65-a5df-da3e3cf53ac2@group-233C052D78D6: changes role from  FOLLOWER to CANDIDATE at term 65 for changeToCandidate
2019-10-17 07:10:31,512 [Thread-1225] INFO  impl.RoleInfo (RoleInfo.java:updateAndGet(143)) - 5c4ee31d-c5ed-4c65-a5df-da3e3cf53ac2: start LeaderElection
2019-10-17 07:10:31,525 [5c4ee31d-c5ed-4c65-a5df-da3e3cf53ac2@group-233C052D78D6-LeaderElection133] INFO  impl.LeaderElection (LeaderElection.java:askForVotes(178)) - 5c4ee31d-c5ed-4c65-a5df-da3e3cf53ac2@group-233C052D78D6-LeaderElection133: begin an election at term 66 for -1: [67ae3572-7d88-4e50-b53b-0f48f6748b38:192.168.157.211:41299, 831edaa1-80a5-4091-843f-90c648a5a79d:192.168.157.211:44365, 5c4ee31d-c5ed-4c65-a5df-da3e3cf53ac2:192.168.157.211:45059], old=null
2019-10-17 07:10:31,557 [grpc-default-executor-9] INFO  impl.RaftServerImpl (RaftServerImpl.java:setRole(184)) - 831edaa1-80a5-4091-843f-90c648a5a79d@group-233C052D78D6: changes role from  FOLLOWER to FOLLOWER at term 66 for recognizeCandidate:5c4ee31d-c5ed-4c65-a5df-da3e3cf53ac2
2019-10-17 07:10:31,557 [grpc-default-executor-9] INFO  impl.RoleInfo (RoleInfo.java:shutdownFollowerState(121)) - 831edaa1-80a5-4091-843f-90c648a5a79d: shutdown FollowerState
2019-10-17 07:10:31,557 [grpc-default-executor-9] INFO  impl.RoleInfo (RoleInfo.java:updateAndGet(143)) - 831edaa1-80a5-4091-843f-90c648a5a79d: start FollowerState
2019-10-17 07:10:31,558 [Thread-1224] INFO  impl.FollowerState (FollowerState.java:run(117)) - 831edaa1-80a5-4091-843f-90c648a5a79d@group-233C052D78D6-FollowerState was interrupted: java.lang.InterruptedException: sleep interrupted
2019-10-17 07:10:31,558 [grpc-default-executor-10] INFO  impl.RaftServerImpl (RaftServerImpl.java:setRole(184)) - 67ae3572-7d88-4e50-b53b-0f48f6748b38@group-233C052D78D6: changes role from  FOLLOWER to FOLLOWER at term 66 for recognizeCandidate:5c4ee31d-c5ed-4c65-a5df-da3e3cf53ac2
2019-10-17 07:10:31,558 [grpc-default-executor-10] INFO  impl.RoleInfo (RoleInfo.java:shutdownFollowerState(121)) - 67ae3572-7d88-4e50-b53b-0f48f6748b38: shutdown FollowerState
2019-10-17 07:10:31,558 [grpc-default-executor-10] INFO  impl.RoleInfo (RoleInfo.java:updateAndGet(143)) - 67ae3572-7d88-4e50-b53b-0f48f6748b38: start FollowerState
2019-10-17 07:10:31,559 [Thread-1223] INFO  impl.FollowerState (FollowerState.java:run(117)) - 67ae3572-7d88-4e50-b53b-0f48f6748b38@group-233C052D78D6-FollowerState was interrupted: java.lang.InterruptedException: sleep interrupted
2019-10-17 07:10:31,588 [5c4ee31d-c5ed-4c65-a5df-da3e3cf53ac2@group-233C052D78D6-LeaderElection133] INFO  impl.LeaderElection (LeaderElection.java:logAndReturn(56)) - 5c4ee31d-c5ed-4c65-a5df-da3e3cf53ac2@group-233C052D78D6-LeaderElection133: Election REJECTED; received 2 response(s) [5c4ee31d-c5ed-4c65-a5df-da3e3cf53ac2<-67ae3572-7d88-4e50-b53b-0f48f6748b38#0:FAIL-t66, 5c4ee31d-c5ed-4c65-a5df-da3e3cf53ac2<-831edaa1-80a5-4091-843f-90c648a5a79d#0:FAIL-t66] and 0 exception(s); 5c4ee31d-c5ed-4c65-a5df-da3e3cf53ac2@group-233C052D78D6:t66, leader=null, voted=5c4ee31d-c5ed-4c65-a5df-da3e3cf53ac2, raftlog=5c4ee31d-c5ed-4c65-a5df-da3e3cf53ac2@group-233C052D78D6-SegmentedRaftLog:OPENED:c-1,f-1,i0, conf=-1: [67ae3572-7d88-4e50-b53b-0f48f6748b38:192.168.157.211:41299, 831edaa1-80a5-4091-843f-90c648a5a79d:192.168.157.211:44365, 5c4ee31d-c5ed-4c65-a5df-da3e3cf53ac2:192.168.157.211:45059], old=null
2019-10-17 07:10:31,591 [5c4ee31d-c5ed-4c65-a5df-da3e3cf53ac2@group-233C052D78D6-LeaderElection133] INFO  impl.RaftServerImpl (RaftServerImpl.java:setRole(184)) - 5c4ee31d-c5ed-4c65-a5df-da3e3cf53ac2@group-233C052D78D6: changes role from CANDIDATE to FOLLOWER at term 66 for DISCOVERED_A_NEW_TERM
2019-10-17 07:10:31,591 [5c4ee31d-c5ed-4c65-a5df-da3e3cf53ac2@group-233C052D78D6-LeaderElection133] INFO  impl.RoleInfo (RoleInfo.java:shutdownLeaderElection(134)) - 5c4ee31d-c5ed-4c65-a5df-da3e3cf53ac2: shutdown LeaderElection
2019-10-17 07:10:31,591 [5c4ee31d-c5ed-4c65-a5df-da3e3cf53ac2@group-233C052D78D6-LeaderElection133] INFO  impl.RoleInfo (RoleInfo.java:updateAndGet(143)) - 5c4ee31d-c5ed-4c65-a5df-da3e3cf53ac2: start FollowerState
2019-10-17 07:10:31,594 [Thread-1241] INFO  impl.FollowerState (FollowerState.java:run(108)) - 5c4ee31d-c5ed-4c65-a5df-da3e3cf53ac2@group-233C052D78D6-FollowerState: change to CANDIDATE, lastRpcTime:3ms, electionTimeout:3ms
2019-10-17 07:10:31,594 [Thread-1241] INFO  impl.RoleInfo (RoleInfo.java:shutdownFollowerState(121)) - 5c4ee31d-c5ed-4c65-a5df-da3e3cf53ac2: shutdown FollowerState
2019-10-17 07:10:31,594 [Thread-1241] INFO  impl.RaftServerImpl (RaftServerImpl.java:setRole(184)) - 5c4ee31d-c5ed-4c65-a5df-da3e3cf53ac2@group-233C052D78D6: changes role from  FOLLOWER to CANDIDATE at term 66 for changeToCandidate
2019-10-17 07:10:31,595 [Thread-1241] INFO  impl.RoleInfo (RoleInfo.java:updateAndGet(143)) - 5c4ee31d-c5ed-4c65-a5df-da3e3cf53ac2: start LeaderElection
2019-10-17 07:10:31,624 [5c4ee31d-c5ed-4c65-a5df-da3e3cf53ac2@group-233C052D78D6-LeaderElection134] INFO  impl.LeaderElection (LeaderElection.java:askForVotes(178)) - 5c4ee31d-c5ed-4c65-a5df-da3e3cf53ac2@group-233C052D78D6-LeaderElection134: begin an election at term 67 for -1: [67ae3572-7d88-4e50-b53b-0f48f6748b38:192.168.157.211:41299, 831edaa1-80a5-4091-843f-90c648a5a79d:192.168.157.211:44365, 5c4ee31d-c5ed-4c65-a5df-da3e3cf53ac2:192.168.157.211:45059], old=null
2019-10-17 07:10:31,627 [grpc-default-executor-3] INFO  impl.RaftServerImpl (RaftServerImpl.java:setRole(184)) - 67ae3572-7d88-4e50-b53b-0f48f6748b38@group-233C052D78D6: changes role from  FOLLOWER to FOLLOWER at term 67 for recognizeCandidate:5c4ee31d-c5ed-4c65-a5df-da3e3cf53ac2
2019-10-17 07:10:31,627 [grpc-default-executor-10] INFO  impl.RaftServerImpl (RaftServerImpl.java:setRole(184)) - 831edaa1-80a5-4091-843f-90c648a5a79d@group-233C052D78D6: changes role from  FOLLOWER to FOLLOWER at term 67 for recognizeCandidate:5c4ee31d-c5ed-4c65-a5df-da3e3cf53ac2
2019-10-17 07:10:31,627 [grpc-default-executor-3] INFO  impl.RoleInfo (RoleInfo.java:shutdownFollowerState(121)) - 67ae3572-7d88-4e50-b53b-0f48f6748b38: shutdown FollowerState
2019-10-17 07:10:31,627 [grpc-default-executor-10] INFO  impl.RoleInfo (RoleInfo.java:shutdownFollowerState(121)) - 831edaa1-80a5-4091-843f-90c648a5a79d: shutdown FollowerState
2019-10-17 07:10:31,628 [Thread-1239] INFO  impl.FollowerState (FollowerState.java:run(117)) - 67ae3572-7d88-4e50-b53b-0f48f6748b38@group-233C052D78D6-FollowerState was interrupted: java.lang.InterruptedException: sleep interrupted
2019-10-17 07:10:31,628 [grpc-default-executor-10] INFO  impl.RoleInfo (RoleInfo.java:updateAndGet(143)) - 831edaa1-80a5-4091-843f-90c648a5a79d: start FollowerState
2019-10-17 07:10:31,627 [grpc-default-executor-3] INFO  impl.RoleInfo (RoleInfo.java:updateAndGet(143)) - 67ae3572-7d88-4e50-b53b-0f48f6748b38: start FollowerState
2019-10-17 07:10:31,628 [Thread-1238] INFO  impl.FollowerState (FollowerState.java:run(117)) - 831edaa1-80a5-4091-843f-90c648a5a79d@group-233C052D78D6-FollowerState was interrupted: java.lang.InterruptedException: sleep interrupted
2019-10-17 07:10:31,642 [5c4ee31d-c5ed-4c65-a5df-da3e3cf53ac2@group-233C052D78D6-LeaderElection134] INFO  impl.LeaderElection (LeaderElection.java:logAndReturn(56)) - 5c4ee31d-c5ed-4c65-a5df-da3e3cf53ac2@group-233C052D78D6-LeaderElection134: Election REJECTED; received 2 response(s) [5c4ee31d-c5ed-4c65-a5df-da3e3cf53ac2<-67ae3572-7d88-4e50-b53b-0f48f6748b38#0:FAIL-t67, 5c4ee31d-c5ed-4c65-a5df-da3e3cf53ac2<-831edaa1-80a5-4091-843f-90c648a5a79d#0:FAIL-t67] and 0 exception(s); 5c4ee31d-c5ed-4c65-a5df-da3e3cf53ac2@group-233C052D78D6:t67, leader=null, voted=5c4ee31d-c5ed-4c65-a5df-da3e3cf53ac2, raftlog=5c4ee31d-c5ed-4c65-a5df-da3e3cf53ac2@group-233C052D78D6-SegmentedRaftLog:OPENED:c-1,f-1,i0, conf=-1: [67ae3572-7d88-4e50-b53b-0f48f6748b38:192.168.157.211:41299, 831edaa1-80a5-4091-843f-90c648a5a79d:192.168.157.211:44365, 5c4ee31d-c5ed-4c65-a5df-da3e3cf53ac2:192.168.157.211:45059], old=null
2019-10-17 07:10:31,643 [5c4ee31d-c5ed-4c65-a5df-da3e3cf53ac2@group-233C052D78D6-LeaderElection134] INFO  impl.RaftServerImpl (RaftServerImpl.java:setRole(184)) - 5c4ee31d-c5ed-4c65-a5df-da3e3cf53ac2@group-233C052D78D6: changes role from CANDIDATE to FOLLOWER at term 67 for DISCOVERED_A_NEW_TERM
2019-10-17 07:10:31,643 [5c4ee31d-c5ed-4c65-a5df-da3e3cf53ac2@group-233C052D78D6-LeaderElection134] INFO  impl.RoleInfo (RoleInfo.java:shutdownLeaderElection(134)) - 5c4ee31d-c5ed-4c65-a5df-da3e3cf53ac2: shutdown LeaderElection
2019-10-17 07:10:31,643 [5c4ee31d-c5ed-4c65-a5df-da3e3cf53ac2@group-233C052D78D6-LeaderElection134] INFO  impl.RoleInfo (RoleInfo.java:updateAndGet(143)) - 5c4ee31d-c5ed-4c65-a5df-da3e3cf53ac2: start FollowerState
2019-10-17 07:10:31,684 [Thread-1231] INFO  impl.FollowerState (FollowerState.java:run(108)) - decc5551-dd4b-40dc-8ff5-b6b450d67f6f@group-42ACBF6EBE4E-FollowerState: change to CANDIDATE, lastRpcTime:190ms, electionTimeout:190ms
2019-10-17 07:10:31,684 [Thread-1231] INFO  impl.RoleInfo (RoleInfo.java:shutdownFollowerState(121)) - decc5551-dd4b-40dc-8ff5-b6b450d67f6f: shutdown FollowerState
2019-10-17 07:10:31,685 [Thread-1231] INFO  impl.RaftServerImpl (RaftServerImpl.java:setRole(184)) - decc5551-dd4b-40dc-8ff5-b6b450d67f6f@group-42ACBF6EBE4E: changes role from  FOLLOWER to CANDIDATE at term 70 for changeToCandidate
2019-10-17 07:10:31,685 [Thread-1231] INFO  impl.RoleInfo (RoleInfo.java:updateAndGet(143)) - decc5551-dd4b-40dc-8ff5-b6b450d67f6f: start LeaderElection
2019-10-17 07:10:31,699 [decc5551-dd4b-40dc-8ff5-b6b450d67f6f@group-42ACBF6EBE4E-LeaderElection135] INFO  impl.LeaderElection (LeaderElection.java:askForVotes(178)) - decc5551-dd4b-40dc-8ff5-b6b450d67f6f@group-42ACBF6EBE4E-LeaderElection135: begin an election at term 71 for -1: [215fceca-0555-458b-bc4f-ba38ff24d5ba:192.168.157.211:43803, decc5551-dd4b-40dc-8ff5-b6b450d67f6f:192.168.157.211:34435, 0c631657-10a5-4e2a-a322-8fc6c651b2ed:192.168.157.211:41694], old=null
2019-10-17 07:10:31,701 [grpc-default-executor-10] INFO  impl.RaftServerImpl (RaftServerImpl.java:setRole(184)) - 215fceca-0555-458b-bc4f-ba38ff24d5ba@group-42ACBF6EBE4E: changes role from  FOLLOWER to FOLLOWER at term 71 for recognizeCandidate:decc5551-dd4b-40dc-8ff5-b6b450d67f6f
2019-10-17 07:10:31,702 [grpc-default-executor-10] INFO  impl.RoleInfo (RoleInfo.java:shutdownFollowerState(121)) - 215fceca-0555-458b-bc4f-ba38ff24d5ba: shutdown FollowerState
2019-10-17 07:10:31,701 [grpc-default-executor-3] INFO  impl.RaftServerImpl (RaftServerImpl.java:setRole(184)) - 0c631657-10a5-4e2a-a322-8fc6c651b2ed@group-42ACBF6EBE4E: changes role from  FOLLOWER to FOLLOWER at term 71 for recognizeCandidate:decc5551-dd4b-40dc-8ff5-b6b450d67f6f
2019-10-17 07:10:31,702 [Thread-1230] INFO  impl.FollowerState (FollowerState.java:run(117)) - 215fceca-0555-458b-bc4f-ba38ff24d5ba@group-42ACBF6EBE4E-FollowerState was interrupted: java.lang.InterruptedException: sleep interrupted
2019-10-17 07:10:31,702 [grpc-default-executor-10] INFO  impl.RoleInfo (RoleInfo.java:updateAndGet(143)) - 215fceca-0555-458b-bc4f-ba38ff24d5ba: start FollowerState
2019-10-17 07:10:31,702 [grpc-default-executor-3] INFO  impl.RoleInfo (RoleInfo.java:shutdownFollowerState(121)) - 0c631657-10a5-4e2a-a322-8fc6c651b2ed: shutdown FollowerState
2019-10-17 07:10:31,703 [grpc-default-executor-3] INFO  impl.RoleInfo (RoleInfo.java:updateAndGet(143)) - 0c631657-10a5-4e2a-a322-8fc6c651b2ed: start FollowerState
2019-10-17 07:10:31,703 [Thread-1229] INFO  impl.FollowerState (FollowerState.java:run(117)) - 0c631657-10a5-4e2a-a322-8fc6c651b2ed@group-42ACBF6EBE4E-FollowerState was interrupted: java.lang.InterruptedException: sleep interrupted
2019-10-17 07:10:31,717 [decc5551-dd4b-40dc-8ff5-b6b450d67f6f@group-42ACBF6EBE4E-LeaderElection135] INFO  impl.LeaderElection (LeaderElection.java:logAndReturn(56)) - decc5551-dd4b-40dc-8ff5-b6b450d67f6f@group-42ACBF6EBE4E-LeaderElection135: Election REJECTED; received 2 response(s) [decc5551-dd4b-40dc-8ff5-b6b450d67f6f<-215fceca-0555-458b-bc4f-ba38ff24d5ba#0:FAIL-t71, decc5551-dd4b-40dc-8ff5-b6b450d67f6f<-0c631657-10a5-4e2a-a322-8fc6c651b2ed#0:FAIL-t71] and 0 exception(s); decc5551-dd4b-40dc-8ff5-b6b450d67f6f@group-42ACBF6EBE4E:t71, leader=null, voted=decc5551-dd4b-40dc-8ff5-b6b450d67f6f, raftlog=decc5551-dd4b-40dc-8ff5-b6b450d67f6f@group-42ACBF6EBE4E-SegmentedRaftLog:OPENED:c-1,f-1,i0, conf=-1: [215fceca-0555-458b-bc4f-ba38ff24d5ba:192.168.157.211:43803, decc5551-dd4b-40dc-8ff5-b6b450d67f6f:192.168.157.211:34435, 0c631657-10a5-4e2a-a322-8fc6c651b2ed:192.168.157.211:41694], old=null
2019-10-17 07:10:31,717 [decc5551-dd4b-40dc-8ff5-b6b450d67f6f@group-42ACBF6EBE4E-LeaderElection135] INFO  impl.RaftServerImpl (RaftServerImpl.java:setRole(184)) - decc5551-dd4b-40dc-8ff5-b6b450d67f6f@group-42ACBF6EBE4E: changes role from CANDIDATE to FOLLOWER at term 71 for DISCOVERED_A_NEW_TERM
2019-10-17 07:10:31,718 [decc5551-dd4b-40dc-8ff5-b6b450d67f6f@group-42ACBF6EBE4E-LeaderElection135] INFO  impl.RoleInfo (RoleInfo.java:shutdownLeaderElection(134)) - decc5551-dd4b-40dc-8ff5-b6b450d67f6f: shutdown LeaderElection
2019-10-17 07:10:31,718 [decc5551-dd4b-40dc-8ff5-b6b450d67f6f@group-42ACBF6EBE4E-LeaderElection135] INFO  impl.RoleInfo (RoleInfo.java:updateAndGet(143)) - decc5551-dd4b-40dc-8ff5-b6b450d67f6f: start FollowerState
2019-10-17 07:10:31,780 [Thread-1253] INFO  impl.FollowerState (FollowerState.java:run(108)) - decc5551-dd4b-40dc-8ff5-b6b450d67f6f@group-42ACBF6EBE4E-FollowerState: change to CANDIDATE, lastRpcTime:62ms, electionTimeout:62ms
2019-10-17 07:10:31,780 [Thread-1253] INFO  impl.RoleInfo (RoleInfo.java:shutdownFollowerState(121)) - decc5551-dd4b-40dc-8ff5-b6b450d67f6f: shutdown FollowerState
2019-10-17 07:10:31,780 [Thread-1253] INFO  impl.RaftServerImpl (RaftServerImpl.java:setRole(184)) - decc5551-dd4b-40dc-8ff5-b6b450d67f6f@group-42ACBF6EBE4E: changes role from  FOLLOWER to CANDIDATE at term 71 for changeToCandidate
2019-10-17 07:10:31,781 [Thread-1253] INFO  impl.RoleInfo (RoleInfo.java:updateAndGet(143)) - decc5551-dd4b-40dc-8ff5-b6b450d67f6f: start LeaderElection
2019-10-17 07:10:31,787 [decc5551-dd4b-40dc-8ff5-b6b450d67f6f@group-42ACBF6EBE4E-LeaderElection136] INFO  impl.LeaderElection (LeaderElection.java:askForVotes(178)) - decc5551-dd4b-40dc-8ff5-b6b450d67f6f@group-42ACBF6EBE4E-LeaderElection136: begin an election at term 72 for -1: [215fceca-0555-458b-bc4f-ba38ff24d5ba:192.168.157.211:43803, decc5551-dd4b-40dc-8ff5-b6b450d67f6f:192.168.157.211:34435, 0c631657-10a5-4e2a-a322-8fc6c651b2ed:192.168.157.211:41694], old=null
2019-10-17 07:10:31,790 [grpc-default-executor-10] INFO  impl.RaftServerImpl (RaftServerImpl.java:setRole(184)) - 215fceca-0555-458b-bc4f-ba38ff24d5ba@group-42ACBF6EBE4E: changes role from  FOLLOWER to FOLLOWER at term 72 for recognizeCandidate:decc5551-dd4b-40dc-8ff5-b6b450d67f6f
2019-10-17 07:10:31,790 [grpc-default-executor-10] INFO  impl.RoleInfo (RoleInfo.java:shutdownFollowerState(121)) - 215fceca-0555-458b-bc4f-ba38ff24d5ba: shutdown FollowerState
2019-10-17 07:10:31,790 [grpc-default-executor-3] INFO  impl.RaftServerImpl (RaftServerImpl.java:setRole(184)) - 0c631657-10a5-4e2a-a322-8fc6c651b2ed@group-42ACBF6EBE4E: changes role from  FOLLOWER to FOLLOWER at term 72 for recognizeCandidate:decc5551-dd4b-40dc-8ff5-b6b450d67f6f
2019-10-17 07:10:31,790 [Thread-1251] INFO  impl.FollowerState (FollowerState.java:run(117)) - 215fceca-0555-458b-bc4f-ba38ff24d5ba@group-42ACBF6EBE4E-FollowerState was interrupted: java.lang.InterruptedException: sleep interrupted
2019-10-17 07:10:31,790 [grpc-default-executor-10] INFO  impl.RoleInfo (RoleInfo.java:updateAndGet(143)) - 215fceca-0555-458b-bc4f-ba38ff24d5ba: start FollowerState
2019-10-17 07:10:31,790 [grpc-default-executor-3] INFO  impl.RoleInfo (RoleInfo.java:shutdownFollowerState(121)) - 0c631657-10a5-4e2a-a322-8fc6c651b2ed: shutdown FollowerState
2019-10-17 07:10:31,791 [grpc-default-executor-3] INFO  impl.RoleInfo (RoleInfo.java:updateAndGet(143)) - 0c631657-10a5-4e2a-a322-8fc6c651b2ed: start FollowerState
2019-10-17 07:10:31,791 [Thread-1252] INFO  impl.FollowerState (FollowerState.java:run(117)) - 0c631657-10a5-4e2a-a322-8fc6c651b2ed@group-42ACBF6EBE4E-FollowerState was interrupted: java.lang.InterruptedException: sleep interrupted
2019-10-17 07:10:31,801 [decc5551-dd4b-40dc-8ff5-b6b450d67f6f@group-42ACBF6EBE4E-LeaderElection136] INFO  impl.LeaderElection (LeaderElection.java:logAndReturn(56)) - decc5551-dd4b-40dc-8ff5-b6b450d67f6f@group-42ACBF6EBE4E-LeaderElection136: Election TIMEOUT; received 0 response(s) [] and 0 exception(s); decc5551-dd4b-40dc-8ff5-b6b450d67f6f@group-42ACBF6EBE4E:t72, leader=null, voted=decc5551-dd4b-40dc-8ff5-b6b450d67f6f, raftlog=decc5551-dd4b-40dc-8ff5-b6b450d67f6f@group-42ACBF6EBE4E-SegmentedRaftLog:OPENED:c-1,f-1,i0, conf=-1: [215fceca-0555-458b-bc4f-ba38ff24d5ba:192.168.157.211:43803, decc5551-dd4b-40dc-8ff5-b6b450d67f6f:192.168.157.211:34435, 0c631657-10a5-4e2a-a322-8fc6c651b2ed:192.168.157.211:41694], old=null
2019-10-17 07:10:31,817 [decc5551-dd4b-40dc-8ff5-b6b450d67f6f@group-42ACBF6EBE4E-LeaderElection136] INFO  impl.LeaderElection (LeaderElection.java:askForVotes(178)) - decc5551-dd4b-40dc-8ff5-b6b450d67f6f@group-42ACBF6EBE4E-LeaderElection136: begin an election at term 73 for -1: [215fceca-0555-458b-bc4f-ba38ff24d5ba:192.168.157.211:43803, decc5551-dd4b-40dc-8ff5-b6b450d67f6f:192.168.157.211:34435, 0c631657-10a5-4e2a-a322-8fc6c651b2ed:192.168.157.211:41694], old=null
2019-10-17 07:10:31,819 [grpc-default-executor-10] INFO  impl.RaftServerImpl (RaftServerImpl.java:setRole(184)) - 215fceca-0555-458b-bc4f-ba38ff24d5ba@group-42ACBF6EBE4E: changes role from  FOLLOWER to FOLLOWER at term 73 for recognizeCandidate:decc5551-dd4b-40dc-8ff5-b6b450d67f6f
2019-10-17 07:10:31,819 [grpc-default-executor-3] INFO  impl.RaftServerImpl (RaftServerImpl.java:setRole(184)) - 0c631657-10a5-4e2a-a322-8fc6c651b2ed@group-42ACBF6EBE4E: changes role from  FOLLOWER to FOLLOWER at term 73 for recognizeCandidate:decc5551-dd4b-40dc-8ff5-b6b450d67f6f
2019-10-17 07:10:31,819 [grpc-default-executor-10] INFO  impl.RoleInfo (RoleInfo.java:shutdownFollowerState(121)) - 215fceca-0555-458b-bc4f-ba38ff24d5ba: shutdown FollowerState
2019-10-17 07:10:31,819 [grpc-default-executor-3] INFO  impl.RoleInfo (RoleInfo.java:shutdownFollowerState(121)) - 0c631657-10a5-4e2a-a322-8fc6c651b2ed: shutdown FollowerState
2019-10-17 07:10:31,819 [grpc-default-executor-10] INFO  impl.RoleInfo (RoleInfo.java:updateAndGet(143)) - 215fceca-0555-458b-bc4f-ba38ff24d5ba: start FollowerState
2019-10-17 07:10:31,819 [grpc-default-executor-3] INFO  impl.RoleInfo (RoleInfo.java:updateAndGet(143)) - 0c631657-10a5-4e2a-a322-8fc6c651b2ed: start FollowerState
2019-10-17 07:10:31,819 [Thread-1257] INFO  impl.FollowerState (FollowerState.java:run(117)) - 215fceca-0555-458b-bc4f-ba38ff24d5ba@group-42ACBF6EBE4E-FollowerState was interrupted: java.lang.InterruptedException: sleep interrupted
2019-10-17 07:10:31,820 [Thread-1258] INFO  impl.FollowerState (FollowerState.java:run(117)) - 0c631657-10a5-4e2a-a322-8fc6c651b2ed@group-42ACBF6EBE4E-FollowerState was interrupted: java.lang.InterruptedException: sleep interrupted
2019-10-17 07:10:31,823 [Thread-1247] INFO  impl.FollowerState (FollowerState.java:run(108)) - 5c4ee31d-c5ed-4c65-a5df-da3e3cf53ac2@group-233C052D78D6-FollowerState: change to CANDIDATE, lastRpcTime:180ms, electionTimeout:180ms
2019-10-17 07:10:31,823 [Thread-1247] INFO  impl.RoleInfo (RoleInfo.java:shutdownFollowerState(121)) - 5c4ee31d-c5ed-4c65-a5df-da3e3cf53ac2: shutdown FollowerState
2019-10-17 07:10:31,823 [Thread-1247] INFO  impl.RaftServerImpl (RaftServerImpl.java:setRole(184)) - 5c4ee31d-c5ed-4c65-a5df-da3e3cf53ac2@group-233C052D78D6: changes role from  FOLLOWER to CANDIDATE at term 67 for changeToCandidate
2019-10-17 07:10:31,824 [Thread-1247] INFO  impl.RoleInfo (RoleInfo.java:updateAndGet(143)) - 5c4ee31d-c5ed-4c65-a5df-da3e3cf53ac2: start LeaderElection
2019-10-17 07:10:31,833 [5c4ee31d-c5ed-4c65-a5df-da3e3cf53ac2@group-233C052D78D6-LeaderElection137] INFO  impl.LeaderElection (LeaderElection.java:askForVotes(178)) - 5c4ee31d-c5ed-4c65-a5df-da3e3cf53ac2@group-233C052D78D6-LeaderElection137: begin an election at term 68 for -1: [67ae3572-7d88-4e50-b53b-0f48f6748b38:192.168.157.211:41299, 831edaa1-80a5-4091-843f-90c648a5a79d:192.168.157.211:44365, 5c4ee31d-c5ed-4c65-a5df-da3e3cf53ac2:192.168.157.211:45059], old=null
2019-10-17 07:10:31,834 [decc5551-dd4b-40dc-8ff5-b6b450d67f6f@group-42ACBF6EBE4E-LeaderElection136] INFO  impl.LeaderElection (LeaderElection.java:logAndReturn(56)) - decc5551-dd4b-40dc-8ff5-b6b450d67f6f@group-42ACBF6EBE4E-LeaderElection136: Election REJECTED; received 2 response(s) [decc5551-dd4b-40dc-8ff5-b6b450d67f6f<-215fceca-0555-458b-bc4f-ba38ff24d5ba#0:FAIL-t73, decc5551-dd4b-40dc-8ff5-b6b450d67f6f<-0c631657-10a5-4e2a-a322-8fc6c651b2ed#0:FAIL-t73] and 0 exception(s); decc5551-dd4b-40dc-8ff5-b6b450d67f6f@group-42ACBF6EBE4E:t73, leader=null, voted=decc5551-dd4b-40dc-8ff5-b6b450d67f6f, raftlog=decc5551-dd4b-40dc-8ff5-b6b450d67f6f@group-42ACBF6EBE4E-SegmentedRaftLog:OPENED:c-1,f-1,i0, conf=-1: [215fceca-0555-458b-bc4f-ba38ff24d5ba:192.168.157.211:43803, decc5551-dd4b-40dc-8ff5-b6b450d67f6f:192.168.157.211:34435, 0c631657-10a5-4e2a-a322-8fc6c651b2ed:192.168.157.211:41694], old=null
2019-10-17 07:10:31,834 [decc5551-dd4b-40dc-8ff5-b6b450d67f6f@group-42ACBF6EBE4E-LeaderElection136] INFO  impl.RaftServerImpl (RaftServerImpl.java:setRole(184)) - decc5551-dd4b-40dc-8ff5-b6b450d67f6f@group-42ACBF6EBE4E: changes role from CANDIDATE to FOLLOWER at term 73 for DISCOVERED_A_NEW_TERM
2019-10-17 07:10:31,834 [decc5551-dd4b-40dc-8ff5-b6b450d67f6f@group-42ACBF6EBE4E-LeaderElection136] INFO  impl.RoleInfo (RoleInfo.java:shutdownLeaderElection(134)) - decc5551-dd4b-40dc-8ff5-b6b450d67f6f: shutdown LeaderElection
2019-10-17 07:10:31,834 [decc5551-dd4b-40dc-8ff5-b6b450d67f6f@group-42ACBF6EBE4E-LeaderElection136] INFO  impl.RoleInfo (RoleInfo.java:updateAndGet(143)) - decc5551-dd4b-40dc-8ff5-b6b450d67f6f: start FollowerState
2019-10-17 07:10:31,835 [grpc-default-executor-10] INFO  impl.RaftServerImpl (RaftServerImpl.java:setRole(184)) - 67ae3572-7d88-4e50-b53b-0f48f6748b38@group-233C052D78D6: changes role from  FOLLOWER to FOLLOWER at term 68 for recognizeCandidate:5c4ee31d-c5ed-4c65-a5df-da3e3cf53ac2
2019-10-17 07:10:31,835 [grpc-default-executor-10] INFO  impl.RoleInfo (RoleInfo.java:shutdownFollowerState(121)) - 67ae3572-7d88-4e50-b53b-0f48f6748b38: shutdown FollowerState
2019-10-17 07:10:31,835 [grpc-default-executor-3] INFO  impl.RaftServerImpl (RaftServerImpl.java:setRole(184)) - 831edaa1-80a5-4091-843f-90c648a5a79d@group-233C052D78D6: changes role from  FOLLOWER to FOLLOWER at term 68 for recognizeCandidate:5c4ee31d-c5ed-4c65-a5df-da3e3cf53ac2
2019-10-17 07:10:31,835 [Thread-1245] INFO  impl.FollowerState (FollowerState.java:run(117)) - 67ae3572-7d88-4e50-b53b-0f48f6748b38@group-233C052D78D6-FollowerState was interrupted: java.lang.InterruptedException: sleep interrupted
2019-10-17 07:10:31,835 [grpc-default-executor-10] INFO  impl.RoleInfo (RoleInfo.java:updateAndGet(143)) - 67ae3572-7d88-4e50-b53b-0f48f6748b38: start FollowerState
2019-10-17 07:10:31,835 [grpc-default-executor-3] INFO  impl.RoleInfo (RoleInfo.java:shutdownFollowerState(121)) - 831edaa1-80a5-4091-843f-90c648a5a79d: shutdown FollowerState
2019-10-17 07:10:31,836 [grpc-default-executor-3] INFO  impl.RoleInfo (RoleInfo.java:updateAndGet(143)) - 831edaa1-80a5-4091-843f-90c648a5a79d: start FollowerState
2019-10-17 07:10:31,836 [Thread-1246] INFO  impl.FollowerState (FollowerState.java:run(117)) - 831edaa1-80a5-4091-843f-90c648a5a79d@group-233C052D78D6-FollowerState was interrupted: java.lang.InterruptedException: sleep interrupted
2019-10-17 07:10:31,853 [5c4ee31d-c5ed-4c65-a5df-da3e3cf53ac2@group-233C052D78D6-LeaderElection137] INFO  impl.LeaderElection (LeaderElection.java:logAndReturn(56)) - 5c4ee31d-c5ed-4c65-a5df-da3e3cf53ac2@group-233C052D78D6-LeaderElection137: Election REJECTED; received 2 response(s) [5c4ee31d-c5ed-4c65-a5df-da3e3cf53ac2<-67ae3572-7d88-4e50-b53b-0f48f6748b38#0:FAIL-t68, 5c4ee31d-c5ed-4c65-a5df-da3e3cf53ac2<-831edaa1-80a5-4091-843f-90c648a5a79d#0:FAIL-t68] and 0 exception(s); 5c4ee31d-c5ed-4c65-a5df-da3e3cf53ac2@group-233C052D78D6:t68, leader=null, voted=5c4ee31d-c5ed-4c65-a5df-da3e3cf53ac2, raftlog=5c4ee31d-c5ed-4c65-a5df-da3e3cf53ac2@group-233C052D78D6-SegmentedRaftLog:OPENED:c-1,f-1,i0, conf=-1: [67ae3572-7d88-4e50-b53b-0f48f6748b38:192.168.157.211:41299, 831edaa1-80a5-4091-843f-90c648a5a79d:192.168.157.211:44365, 5c4ee31d-c5ed-4c65-a5df-da3e3cf53ac2:192.168.157.211:45059], old=null
2019-10-17 07:10:31,853 [5c4ee31d-c5ed-4c65-a5df-da3e3cf53ac2@group-233C052D78D6-LeaderElection137] INFO  impl.RaftServerImpl (RaftServerImpl.java:setRole(184)) - 5c4ee31d-c5ed-4c65-a5df-da3e3cf53ac2@group-233C052D78D6: changes role from CANDIDATE to FOLLOWER at term 68 for DISCOVERED_A_NEW_TERM
2019-10-17 07:10:31,854 [5c4ee31d-c5ed-4c65-a5df-da3e3cf53ac2@group-233C052D78D6-LeaderElection137] INFO  impl.RoleInfo (RoleInfo.java:shutdownLeaderElection(134)) - 5c4ee31d-c5ed-4c65-a5df-da3e3cf53ac2: shutdown LeaderElection
2019-10-17 07:10:31,854 [5c4ee31d-c5ed-4c65-a5df-da3e3cf53ac2@group-233C052D78D6-LeaderElection137] INFO  impl.RoleInfo (RoleInfo.java:updateAndGet(143)) - 5c4ee31d-c5ed-4c65-a5df-da3e3cf53ac2: start FollowerState
2019-10-17 07:10:31,861 [Thread-1269] INFO  impl.FollowerState (FollowerState.java:run(108)) - 5c4ee31d-c5ed-4c65-a5df-da3e3cf53ac2@group-233C052D78D6-FollowerState: change to CANDIDATE, lastRpcTime:7ms, electionTimeout:7ms
2019-10-17 07:10:31,861 [Thread-1269] INFO  impl.RoleInfo (RoleInfo.java:shutdownFollowerState(121)) - 5c4ee31d-c5ed-4c65-a5df-da3e3cf53ac2: shutdown FollowerState
2019-10-17 07:10:31,861 [Thread-1269] INFO  impl.RaftServerImpl (RaftServerImpl.java:setRole(184)) - 5c4ee31d-c5ed-4c65-a5df-da3e3cf53ac2@group-233C052D78D6: changes role from  FOLLOWER to CANDIDATE at term 68 for changeToCandidate
2019-10-17 07:10:31,861 [Thread-1269] INFO  impl.RoleInfo (RoleInfo.java:updateAndGet(143)) - 5c4ee31d-c5ed-4c65-a5df-da3e3cf53ac2: start LeaderElection
2019-10-17 07:10:31,874 [Thread-1266] INFO  impl.FollowerState (FollowerState.java:run(108)) - decc5551-dd4b-40dc-8ff5-b6b450d67f6f@group-42ACBF6EBE4E-FollowerState: change to CANDIDATE, lastRpcTime:40ms, electionTimeout:40ms
2019-10-17 07:10:31,875 [Thread-1266] INFO  impl.RoleInfo (RoleInfo.java:shutdownFollowerState(121)) - decc5551-dd4b-40dc-8ff5-b6b450d67f6f: shutdown FollowerState
2019-10-17 07:10:31,875 [Thread-1266] INFO  impl.RaftServerImpl (RaftServerImpl.java:setRole(184)) - decc5551-dd4b-40dc-8ff5-b6b450d67f6f@group-42ACBF6EBE4E: changes role from  FOLLOWER to CANDIDATE at term 73 for changeToCandidate
2019-10-17 07:10:31,875 [Thread-1266] INFO  impl.RoleInfo (RoleInfo.java:updateAndGet(143)) - decc5551-dd4b-40dc-8ff5-b6b450d67f6f: start LeaderElection
2019-10-17 07:10:31,887 [5c4ee31d-c5ed-4c65-a5df-da3e3cf53ac2@group-233C052D78D6-LeaderElection138] INFO  impl.LeaderElection (LeaderElection.java:askForVotes(178)) - 5c4ee31d-c5ed-4c65-a5df-da3e3cf53ac2@group-233C052D78D6-LeaderElection138: begin an election at term 69 for -1: [67ae3572-7d88-4e50-b53b-0f48f6748b38:192.168.157.211:41299, 831edaa1-80a5-4091-843f-90c648a5a79d:192.168.157.211:44365, 5c4ee31d-c5ed-4c65-a5df-da3e3cf53ac2:192.168.157.211:45059], old=null
2019-10-17 07:10:31,889 [decc5551-dd4b-40dc-8ff5-b6b450d67f6f@group-42ACBF6EBE4E-LeaderElection139] INFO  impl.LeaderElection (LeaderElection.java:askForVotes(178)) - decc5551-dd4b-40dc-8ff5-b6b450d67f6f@group-42ACBF6EBE4E-LeaderElection139: begin an election at term 74 for -1: [215fceca-0555-458b-bc4f-ba38ff24d5ba:192.168.157.211:43803, decc5551-dd4b-40dc-8ff5-b6b450d67f6f:192.168.157.211:34435, 0c631657-10a5-4e2a-a322-8fc6c651b2ed:192.168.157.211:41694], old=null
2019-10-17 07:10:31,889 [grpc-default-executor-3] INFO  impl.RaftServerImpl (RaftServerImpl.java:setRole(184)) - 67ae3572-7d88-4e50-b53b-0f48f6748b38@group-233C052D78D6: changes role from  FOLLOWER to FOLLOWER at term 69 for recognizeCandidate:5c4ee31d-c5ed-4c65-a5df-da3e3cf53ac2
2019-10-17 07:10:31,889 [grpc-default-executor-10] INFO  impl.RaftServerImpl (RaftServerImpl.java:setRole(184)) - 831edaa1-80a5-4091-843f-90c648a5a79d@group-233C052D78D6: changes role from  FOLLOWER to FOLLOWER at term 69 for recognizeCandidate:5c4ee31d-c5ed-4c65-a5df-da3e3cf53ac2
2019-10-17 07:10:31,889 [grpc-default-executor-3] INFO  impl.RoleInfo (RoleInfo.java:shutdownFollowerState(121)) - 67ae3572-7d88-4e50-b53b-0f48f6748b38: shutdown FollowerState
2019-10-17 07:10:31,889 [grpc-default-executor-10] INFO  impl.RoleInfo (RoleInfo.java:shutdownFollowerState(121)) - 831edaa1-80a5-4091-843f-90c648a5a79d: shutdown FollowerState
2019-10-17 07:10:31,889 [grpc-default-executor-3] INFO  impl.RoleInfo (RoleInfo.java:updateAndGet(143)) - 67ae3572-7d88-4e50-b53b-0f48f6748b38: start FollowerState
2019-10-17 07:10:31,889 [grpc-default-executor-10] INFO  impl.RoleInfo (RoleInfo.java:updateAndGet(143)) - 831edaa1-80a5-4091-843f-90c648a5a79d: start FollowerState
2019-10-17 07:10:31,889 [Thread-1268] INFO  impl.FollowerState (FollowerState.java:run(117)) - 831edaa1-80a5-4091-843f-90c648a5a79d@group-233C052D78D6-FollowerState was interrupted: java.lang.InterruptedException: sleep interrupted
2019-10-17 07:10:31,889 [Thread-1267] INFO  impl.FollowerState (FollowerState.java:run(117)) - 67ae3572-7d88-4e50-b53b-0f48f6748b38@group-233C052D78D6-FollowerState was interrupted: java.lang.InterruptedException: sleep interrupted
2019-10-17 07:10:31,891 [grpc-default-executor-11] INFO  impl.RaftServerImpl (RaftServerImpl.java:setRole(184)) - 215fceca-0555-458b-bc4f-ba38ff24d5ba@group-42ACBF6EBE4E: changes role from  FOLLOWER to FOLLOWER at term 74 for recognizeCandidate:decc5551-dd4b-40dc-8ff5-b6b450d67f6f
2019-10-17 07:10:31,891 [grpc-default-executor-9] INFO  impl.RaftServerImpl (RaftServerImpl.java:setRole(184)) - 0c631657-10a5-4e2a-a322-8fc6c651b2ed@group-42ACBF6EBE4E: changes role from  FOLLOWER to FOLLOWER at term 74 for recognizeCandidate:decc5551-dd4b-40dc-8ff5-b6b450d67f6f
2019-10-17 07:10:31,891 [grpc-default-executor-11] INFO  impl.RoleInfo (RoleInfo.java:shutdownFollowerState(121)) - 215fceca-0555-458b-bc4f-ba38ff24d5ba: shutdown FollowerState
2019-10-17 07:10:31,891 [grpc-default-executor-9] INFO  impl.RoleInfo (RoleInfo.java:shutdownFollowerState(121)) - 0c631657-10a5-4e2a-a322-8fc6c651b2ed: shutdown FollowerState
2019-10-17 07:10:31,891 [grpc-default-executor-11] INFO  impl.RoleInfo (RoleInfo.java:updateAndGet(143)) - 215fceca-0555-458b-bc4f-ba38ff24d5ba: start FollowerState
2019-10-17 07:10:31,891 [grpc-default-executor-9] INFO  impl.RoleInfo (RoleInfo.java:updateAndGet(143)) - 0c631657-10a5-4e2a-a322-8fc6c651b2ed: start FollowerState
2019-10-17 07:10:31,891 [Thread-1262] INFO  impl.FollowerState (FollowerState.java:run(117)) - 0c631657-10a5-4e2a-a322-8fc6c651b2ed@group-42ACBF6EBE4E-FollowerState was interrupted: java.lang.InterruptedException: sleep interrupted
2019-10-17 07:10:31,891 [Thread-1261] INFO  impl.FollowerState (FollowerState.java:run(117)) - 215fceca-0555-458b-bc4f-ba38ff24d5ba@group-42ACBF6EBE4E-FollowerState was interrupted: java.lang.InterruptedException: sleep interrupted
2019-10-17 07:10:31,905 [decc5551-dd4b-40dc-8ff5-b6b450d67f6f@group-42ACBF6EBE4E-LeaderElection139] INFO  impl.LeaderElection (LeaderElection.java:logAndReturn(56)) - decc5551-dd4b-40dc-8ff5-b6b450d67f6f@group-42ACBF6EBE4E-LeaderElection139: Election REJECTED; received 2 response(s) [decc5551-dd4b-40dc-8ff5-b6b450d67f6f<-215fceca-0555-458b-bc4f-ba38ff24d5ba#0:FAIL-t74, decc5551-dd4b-40dc-8ff5-b6b450d67f6f<-0c631657-10a5-4e2a-a322-8fc6c651b2ed#0:FAIL-t74] and 0 exception(s); decc5551-dd4b-40dc-8ff5-b6b450d67f6f@group-42ACBF6EBE4E:t74, leader=null, voted=decc5551-dd4b-40dc-8ff5-b6b450d67f6f, raftlog=decc5551-dd4b-40dc-8ff5-b6b450d67f6f@group-42ACBF6EBE4E-SegmentedRaftLog:OPENED:c-1,f-1,i0, conf=-1: [215fceca-0555-458b-bc4f-ba38ff24d5ba:192.168.157.211:43803, decc5551-dd4b-40dc-8ff5-b6b450d67f6f:192.168.157.211:34435, 0c631657-10a5-4e2a-a322-8fc6c651b2ed:192.168.157.211:41694], old=null
2019-10-17 07:10:31,905 [5c4ee31d-c5ed-4c65-a5df-da3e3cf53ac2@group-233C052D78D6-LeaderElection138] INFO  impl.LeaderElection (LeaderElection.java:logAndReturn(56)) - 5c4ee31d-c5ed-4c65-a5df-da3e3cf53ac2@group-233C052D78D6-LeaderElection138: Election REJECTED; received 2 response(s) [5c4ee31d-c5ed-4c65-a5df-da3e3cf53ac2<-67ae3572-7d88-4e50-b53b-0f48f6748b38#0:FAIL-t69, 5c4ee31d-c5ed-4c65-a5df-da3e3cf53ac2<-831edaa1-80a5-4091-843f-90c648a5a79d#0:FAIL-t69] and 0 exception(s); 5c4ee31d-c5ed-4c65-a5df-da3e3cf53ac2@group-233C052D78D6:t69, leader=null, voted=5c4ee31d-c5ed-4c65-a5df-da3e3cf53ac2, raftlog=5c4ee31d-c5ed-4c65-a5df-da3e3cf53ac2@group-233C052D78D6-SegmentedRaftLog:OPENED:c-1,f-1,i0, conf=-1: [67ae3572-7d88-4e50-b53b-0f48f6748b38:192.168.157.211:41299, 831edaa1-80a5-4091-843f-90c648a5a79d:192.168.157.211:44365, 5c4ee31d-c5ed-4c65-a5df-da3e3cf53ac2:192.168.157.211:45059], old=null
2019-10-17 07:10:31,905 [decc5551-dd4b-40dc-8ff5-b6b450d67f6f@group-42ACBF6EBE4E-LeaderElection139] INFO  impl.RaftServerImpl (RaftServerImpl.java:setRole(184)) - decc5551-dd4b-40dc-8ff5-b6b450d67f6f@group-42ACBF6EBE4E: changes role from CANDIDATE to FOLLOWER at term 74 for DISCOVERED_A_NEW_TERM
2019-10-17 07:10:31,905 [5c4ee31d-c5ed-4c65-a5df-da3e3cf53ac2@group-233C052D78D6-LeaderElection138] INFO  impl.RaftServerImpl (RaftServerImpl.java:setRole(184)) - 5c4ee31d-c5ed-4c65-a5df-da3e3cf53ac2@group-233C052D78D6: changes role from CANDIDATE to FOLLOWER at term 69 for DISCOVERED_A_NEW_TERM
2019-10-17 07:10:31,905 [decc5551-dd4b-40dc-8ff5-b6b450d67f6f@group-42ACBF6EBE4E-LeaderElection139] INFO  impl.RoleInfo (RoleInfo.java:shutdownLeaderElection(134)) - decc5551-dd4b-40dc-8ff5-b6b450d67f6f: shutdown LeaderElection
2019-10-17 07:10:31,905 [5c4ee31d-c5ed-4c65-a5df-da3e3cf53ac2@group-233C052D78D6-LeaderElection138] INFO  impl.RoleInfo (RoleInfo.java:shutdownLeaderElection(134)) - 5c4ee31d-c5ed-4c65-a5df-da3e3cf53ac2: shutdown LeaderElection
2019-10-17 07:10:31,905 [decc5551-dd4b-40dc-8ff5-b6b450d67f6f@group-42ACBF6EBE4E-LeaderElection139] INFO  impl.RoleInfo (RoleInfo.java:updateAndGet(143)) - decc5551-dd4b-40dc-8ff5-b6b450d67f6f: start FollowerState
2019-10-17 07:10:31,905 [5c4ee31d-c5ed-4c65-a5df-da3e3cf53ac2@group-233C052D78D6-LeaderElection138] INFO  impl.RoleInfo (RoleInfo.java:updateAndGet(143)) - 5c4ee31d-c5ed-4c65-a5df-da3e3cf53ac2: start FollowerState
2019-10-17 07:10:31,908 [Thread-1280] INFO  impl.FollowerState (FollowerState.java:run(108)) - decc5551-dd4b-40dc-8ff5-b6b450d67f6f@group-42ACBF6EBE4E-FollowerState: change to CANDIDATE, lastRpcTime:2ms, electionTimeout:2ms
2019-10-17 07:10:31,908 [Thread-1280] INFO  impl.RoleInfo (RoleInfo.java:shutdownFollowerState(121)) - decc5551-dd4b-40dc-8ff5-b6b450d67f6f: shutdown FollowerState
2019-10-17 07:10:31,908 [Thread-1280] INFO  impl.RaftServerImpl (RaftServerImpl.java:setRole(184)) - decc5551-dd4b-40dc-8ff5-b6b450d67f6f@group-42ACBF6EBE4E: changes role from  FOLLOWER to CANDIDATE at term 74 for changeToCandidate
2019-10-17 07:10:31,908 [Thread-1280] INFO  impl.RoleInfo (RoleInfo.java:updateAndGet(143)) - decc5551-dd4b-40dc-8ff5-b6b450d67f6f: start LeaderElection
2019-10-17 07:10:31,910 [Thread-1281] INFO  impl.FollowerState (FollowerState.java:run(108)) - 5c4ee31d-c5ed-4c65-a5df-da3e3cf53ac2@group-233C052D78D6-FollowerState: change to CANDIDATE, lastRpcTime:4ms, electionTimeout:4ms
2019-10-17 07:10:31,910 [Thread-1281] INFO  impl.RoleInfo (RoleInfo.java:shutdownFollowerState(121)) - 5c4ee31d-c5ed-4c65-a5df-da3e3cf53ac2: shutdown FollowerState
2019-10-17 07:10:31,910 [Thread-1281] INFO  impl.RaftServerImpl (RaftServerImpl.java:setRole(184)) - 5c4ee31d-c5ed-4c65-a5df-da3e3cf53ac2@group-233C052D78D6: changes role from  FOLLOWER to CANDIDATE at term 69 for changeToCandidate
2019-10-17 07:10:31,910 [Thread-1281] INFO  impl.RoleInfo (RoleInfo.java:updateAndGet(143)) - 5c4ee31d-c5ed-4c65-a5df-da3e3cf53ac2: start LeaderElection
2019-10-17 07:10:31,922 [decc5551-dd4b-40dc-8ff5-b6b450d67f6f@group-42ACBF6EBE4E-LeaderElection140] INFO  impl.LeaderElection (LeaderElection.java:askForVotes(178)) - decc5551-dd4b-40dc-8ff5-b6b450d67f6f@group-42ACBF6EBE4E-LeaderElection140: begin an election at term 75 for -1: [215fceca-0555-458b-bc4f-ba38ff24d5ba:192.168.157.211:43803, decc5551-dd4b-40dc-8ff5-b6b450d67f6f:192.168.157.211:34435, 0c631657-10a5-4e2a-a322-8fc6c651b2ed:192.168.157.211:41694], old=null
2019-10-17 07:10:31,922 [5c4ee31d-c5ed-4c65-a5df-da3e3cf53ac2@group-233C052D78D6-LeaderElection141] INFO  impl.LeaderElection (LeaderElection.java:askForVotes(178)) - 5c4ee31d-c5ed-4c65-a5df-da3e3cf53ac2@group-233C052D78D6-LeaderElection141: begin an election at term 70 for -1: [67ae3572-7d88-4e50-b53b-0f48f6748b38:192.168.157.211:41299, 831edaa1-80a5-4091-843f-90c648a5a79d:192.168.157.211:44365, 5c4ee31d-c5ed-4c65-a5df-da3e3cf53ac2:192.168.157.211:45059], old=null
2019-10-17 07:10:31,924 [grpc-default-executor-10] INFO  impl.RaftServerImpl (RaftServerImpl.java:setRole(184)) - 215fceca-0555-458b-bc4f-ba38ff24d5ba@group-42ACBF6EBE4E: changes role from  FOLLOWER to FOLLOWER at term 75 for recognizeCandidate:decc5551-dd4b-40dc-8ff5-b6b450d67f6f
2019-10-17 07:10:31,924 [grpc-default-executor-3] INFO  impl.RaftServerImpl (RaftServerImpl.java:setRole(184)) - 831edaa1-80a5-4091-843f-90c648a5a79d@group-233C052D78D6: changes role from  FOLLOWER to FOLLOWER at term 70 for recognizeCandidate:5c4ee31d-c5ed-4c65-a5df-da3e3cf53ac2
2019-10-17 07:10:31,924 [grpc-default-executor-9] INFO  impl.RaftServerImpl (RaftServerImpl.java:setRole(184)) - 0c631657-10a5-4e2a-a322-8fc6c651b2ed@group-42ACBF6EBE4E: changes role from  FOLLOWER to FOLLOWER at term 75 for recognizeCandidate:decc5551-dd4b-40dc-8ff5-b6b450d67f6f
2019-10-17 07:10:31,924 [grpc-default-executor-11] INFO  impl.RaftServerImpl (RaftServerImpl.java:setRole(184)) - 67ae3572-7d88-4e50-b53b-0f48f6748b38@group-233C052D78D6: changes role from  FOLLOWER to FOLLOWER at term 70 for recognizeCandidate:5c4ee31d-c5ed-4c65-a5df-da3e3cf53ac2
2019-10-17 07:10:31,924 [grpc-default-executor-10] INFO  impl.RoleInfo (RoleInfo.java:shutdownFollowerState(121)) - 215fceca-0555-458b-bc4f-ba38ff24d5ba: shutdown FollowerState
2019-10-17 07:10:31,925 [grpc-default-executor-11] INFO  impl.RoleInfo (RoleInfo.java:shutdownFollowerState(121)) - 67ae3572-7d88-4e50-b53b-0f48f6748b38: shutdown FollowerState
2019-10-17 07:10:31,925 [grpc-default-executor-9] INFO  impl.RoleInfo (RoleInfo.java:shutdownFollowerState(121)) - 0c631657-10a5-4e2a-a322-8fc6c651b2ed: shutdown FollowerState
2019-10-17 07:10:31,924 [grpc-default-executor-3] INFO  impl.RoleInfo (RoleInfo.java:shutdownFollowerState(121)) - 831edaa1-80a5-4091-843f-90c648a5a79d: shutdown FollowerState
2019-10-17 07:10:31,925 [Thread-1279] INFO  impl.FollowerState (FollowerState.java:run(117)) - 0c631657-10a5-4e2a-a322-8fc6c651b2ed@group-42ACBF6EBE4E-FollowerState was interrupted: java.lang.InterruptedException: sleep interrupted
2019-10-17 07:10:31,925 [Thread-1276] INFO  impl.FollowerState (FollowerState.java:run(117)) - 67ae3572-7d88-4e50-b53b-0f48f6748b38@group-233C052D78D6-FollowerState was interrupted: java.lang.InterruptedException: sleep interrupted
2019-10-17 07:10:31,925 [grpc-default-executor-9] INFO  impl.RoleInfo (RoleInfo.java:updateAndGet(143)) - 0c631657-10a5-4e2a-a322-8fc6c651b2ed: start FollowerState
2019-10-17 07:10:31,925 [grpc-default-executor-11] INFO  impl.RoleInfo (RoleInfo.java:updateAndGet(143)) - 67ae3572-7d88-4e50-b53b-0f48f6748b38: start FollowerState
2019-10-17 07:10:31,925 [Thread-1278] INFO  impl.FollowerState (FollowerState.java:run(117)) - 215fceca-0555-458b-bc4f-ba38ff24d5ba@group-42ACBF6EBE4E-FollowerState was interrupted: java.lang.InterruptedException: sleep interrupted
2019-10-17 07:10:31,925 [grpc-default-executor-10] INFO  impl.RoleInfo (RoleInfo.java:updateAndGet(143)) - 215fceca-0555-458b-bc4f-ba38ff24d5ba: start FollowerState
2019-10-17 07:10:31,925 [Thread-1277] INFO  impl.FollowerState (FollowerState.java:run(117)) - 831edaa1-80a5-4091-843f-90c648a5a79d@group-233C052D78D6-FollowerState was interrupted: java.lang.InterruptedException: sleep interrupted
2019-10-17 07:10:31,925 [grpc-default-executor-3] INFO  impl.RoleInfo (RoleInfo.java:updateAndGet(143)) - 831edaa1-80a5-4091-843f-90c648a5a79d: start FollowerState
2019-10-17 07:10:31,940 [5c4ee31d-c5ed-4c65-a5df-da3e3cf53ac2@group-233C052D78D6-LeaderElection141] INFO  impl.LeaderElection (LeaderElection.java:logAndReturn(56)) - 5c4ee31d-c5ed-4c65-a5df-da3e3cf53ac2@group-233C052D78D6-LeaderElection141: Election REJECTED; received 2 response(s) [5c4ee31d-c5ed-4c65-a5df-da3e3cf53ac2<-67ae3572-7d88-4e50-b53b-0f48f6748b38#0:FAIL-t70, 5c4ee31d-c5ed-4c65-a5df-da3e3cf53ac2<-831edaa1-80a5-4091-843f-90c648a5a79d#0:FAIL-t70] and 0 exception(s); 5c4ee31d-c5ed-4c65-a5df-da3e3cf53ac2@group-233C052D78D6:t70, leader=null, voted=5c4ee31d-c5ed-4c65-a5df-da3e3cf53ac2, raftlog=5c4ee31d-c5ed-4c65-a5df-da3e3cf53ac2@group-233C052D78D6-SegmentedRaftLog:OPENED:c-1,f-1,i0, conf=-1: [67ae3572-7d88-4e50-b53b-0f48f6748b38:192.168.157.211:41299, 831edaa1-80a5-4091-843f-90c648a5a79d:192.168.157.211:44365, 5c4ee31d-c5ed-4c65-a5df-da3e3cf53ac2:192.168.157.211:45059], old=null
2019-10-17 07:10:31,940 [decc5551-dd4b-40dc-8ff5-b6b450d67f6f@group-42ACBF6EBE4E-LeaderElection140] INFO  impl.LeaderElection (LeaderElection.java:logAndReturn(56)) - decc5551-dd4b-40dc-8ff5-b6b450d67f6f@group-42ACBF6EBE4E-LeaderElection140: Election REJECTED; received 2 response(s) [decc5551-dd4b-40dc-8ff5-b6b450d67f6f<-215fceca-0555-458b-bc4f-ba38ff24d5ba#0:FAIL-t75, decc5551-dd4b-40dc-8ff5-b6b450d67f6f<-0c631657-10a5-4e2a-a322-8fc6c651b2ed#0:FAIL-t75] and 0 exception(s); decc5551-dd4b-40dc-8ff5-b6b450d67f6f@group-42ACBF6EBE4E:t75, leader=null, voted=decc5551-dd4b-40dc-8ff5-b6b450d67f6f, raftlog=decc5551-dd4b-40dc-8ff5-b6b450d67f6f@group-42ACBF6EBE4E-SegmentedRaftLog:OPENED:c-1,f-1,i0, conf=-1: [215fceca-0555-458b-bc4f-ba38ff24d5ba:192.168.157.211:43803, decc5551-dd4b-40dc-8ff5-b6b450d67f6f:192.168.157.211:34435, 0c631657-10a5-4e2a-a322-8fc6c651b2ed:192.168.157.211:41694], old=null
2019-10-17 07:10:31,940 [5c4ee31d-c5ed-4c65-a5df-da3e3cf53ac2@group-233C052D78D6-LeaderElection141] INFO  impl.RaftServerImpl (RaftServerImpl.java:setRole(184)) - 5c4ee31d-c5ed-4c65-a5df-da3e3cf53ac2@group-233C052D78D6: changes role from CANDIDATE to FOLLOWER at term 70 for DISCOVERED_A_NEW_TERM
2019-10-17 07:10:31,940 [decc5551-dd4b-40dc-8ff5-b6b450d67f6f@group-42ACBF6EBE4E-LeaderElection140] INFO  impl.RaftServerImpl (RaftServerImpl.java:setRole(184)) - decc5551-dd4b-40dc-8ff5-b6b450d67f6f@group-42ACBF6EBE4E: changes role from CANDIDATE to FOLLOWER at term 75 for DISCOVERED_A_NEW_TERM
2019-10-17 07:10:31,941 [5c4ee31d-c5ed-4c65-a5df-da3e3cf53ac2@group-233C052D78D6-LeaderElection141] INFO  impl.RoleInfo (RoleInfo.java:shutdownLeaderElection(134)) - 5c4ee31d-c5ed-4c65-a5df-da3e3cf53ac2: shutdown LeaderElection
2019-10-17 07:10:31,941 [decc5551-dd4b-40dc-8ff5-b6b450d67f6f@group-42ACBF6EBE4E-LeaderElection140] INFO  impl.RoleInfo (RoleInfo.java:shutdownLeaderElection(134)) - decc5551-dd4b-40dc-8ff5-b6b450d67f6f: shutdown LeaderElection
2019-10-17 07:10:31,941 [5c4ee31d-c5ed-4c65-a5df-da3e3cf53ac2@group-233C052D78D6-LeaderElection141] INFO  impl.RoleInfo (RoleInfo.java:updateAndGet(143)) - 5c4ee31d-c5ed-4c65-a5df-da3e3cf53ac2: start FollowerState
2019-10-17 07:10:31,941 [decc5551-dd4b-40dc-8ff5-b6b450d67f6f@group-42ACBF6EBE4E-LeaderElection140] INFO  impl.RoleInfo (RoleInfo.java:updateAndGet(143)) - decc5551-dd4b-40dc-8ff5-b6b450d67f6f: start FollowerState
2019-10-17 07:10:31,962 [Thread-1293] INFO  impl.FollowerState (FollowerState.java:run(108)) - decc5551-dd4b-40dc-8ff5-b6b450d67f6f@group-42ACBF6EBE4E-FollowerState: change to CANDIDATE, lastRpcTime:21ms, electionTimeout:21ms
2019-10-17 07:10:31,963 [Thread-1293] INFO  impl.RoleInfo (RoleInfo.java:shutdownFollowerState(121)) - decc5551-dd4b-40dc-8ff5-b6b450d67f6f: shutdown FollowerState
2019-10-17 07:10:31,963 [Thread-1293] INFO  impl.RaftServerImpl (RaftServerImpl.java:setRole(184)) - decc5551-dd4b-40dc-8ff5-b6b450d67f6f@group-42ACBF6EBE4E: changes role from  FOLLOWER to CANDIDATE at term 75 for changeToCandidate
2019-10-17 07:10:31,963 [Thread-1293] INFO  impl.RoleInfo (RoleInfo.java:updateAndGet(143)) - decc5551-dd4b-40dc-8ff5-b6b450d67f6f: start LeaderElection
2019-10-17 07:10:31,976 [decc5551-dd4b-40dc-8ff5-b6b450d67f6f@group-42ACBF6EBE4E-LeaderElection142] INFO  impl.LeaderElection (LeaderElection.java:askForVotes(178)) - decc5551-dd4b-40dc-8ff5-b6b450d67f6f@group-42ACBF6EBE4E-LeaderElection142: begin an election at term 76 for -1: [215fceca-0555-458b-bc4f-ba38ff24d5ba:192.168.157.211:43803, decc5551-dd4b-40dc-8ff5-b6b450d67f6f:192.168.157.211:34435, 0c631657-10a5-4e2a-a322-8fc6c651b2ed:192.168.157.211:41694], old=null
2019-10-17 07:10:31,978 [grpc-default-executor-3] INFO  impl.RaftServerImpl (RaftServerImpl.java:setRole(184)) - 215fceca-0555-458b-bc4f-ba38ff24d5ba@group-42ACBF6EBE4E: changes role from  FOLLOWER to FOLLOWER at term 76 for recognizeCandidate:decc5551-dd4b-40dc-8ff5-b6b450d67f6f
2019-10-17 07:10:31,978 [grpc-default-executor-11] INFO  impl.RaftServerImpl (RaftServerImpl.java:setRole(184)) - 0c631657-10a5-4e2a-a322-8fc6c651b2ed@group-42ACBF6EBE4E: changes role from  FOLLOWER to FOLLOWER at term 76 for recognizeCandidate:decc5551-dd4b-40dc-8ff5-b6b450d67f6f
2019-10-17 07:10:31,978 [grpc-default-executor-3] INFO  impl.RoleInfo (RoleInfo.java:shutdownFollowerState(121)) - 215fceca-0555-458b-bc4f-ba38ff24d5ba: shutdown FollowerState
2019-10-17 07:10:31,978 [grpc-default-executor-11] INFO  impl.RoleInfo (RoleInfo.java:shutdownFollowerState(121)) - 0c631657-10a5-4e2a-a322-8fc6c651b2ed: shutdown FollowerState
2019-10-17 07:10:31,979 [Thread-1288] INFO  impl.FollowerState (FollowerState.java:run(117)) - 215fceca-0555-458b-bc4f-ba38ff24d5ba@group-42ACBF6EBE4E-FollowerState was interrupted: java.lang.InterruptedException: sleep interrupted
2019-10-17 07:10:31,978 [grpc-default-executor-3] INFO  impl.RoleInfo (RoleInfo.java:updateAndGet(143)) - 215fceca-0555-458b-bc4f-ba38ff24d5ba: start FollowerState
2019-10-17 07:10:31,979 [Thread-1290] INFO  impl.FollowerState (FollowerState.java:run(117)) - 0c631657-10a5-4e2a-a322-8fc6c651b2ed@group-42ACBF6EBE4E-FollowerState was interrupted: java.lang.InterruptedException: sleep interrupted
2019-10-17 07:10:31,979 [grpc-default-executor-11] INFO  impl.RoleInfo (RoleInfo.java:updateAndGet(143)) - 0c631657-10a5-4e2a-a322-8fc6c651b2ed: start FollowerState
2019-10-17 07:10:31,982 [Thread-1292] INFO  impl.FollowerState (FollowerState.java:run(108)) - 5c4ee31d-c5ed-4c65-a5df-da3e3cf53ac2@group-233C052D78D6-FollowerState: change to CANDIDATE, lastRpcTime:41ms, electionTimeout:41ms
2019-10-17 07:10:31,982 [Thread-1292] INFO  impl.RoleInfo (RoleInfo.java:shutdownFollowerState(121)) - 5c4ee31d-c5ed-4c65-a5df-da3e3cf53ac2: shutdown FollowerState
2019-10-17 07:10:31,982 [Thread-1292] INFO  impl.RaftServerImpl (RaftServerImpl.java:setRole(184)) - 5c4ee31d-c5ed-4c65-a5df-da3e3cf53ac2@group-233C052D78D6: changes role from  FOLLOWER to CANDIDATE at term 70 for changeToCandidate
2019-10-17 07:10:31,983 [Thread-1292] INFO  impl.RoleInfo (RoleInfo.java:updateAndGet(143)) - 5c4ee31d-c5ed-4c65-a5df-da3e3cf53ac2: start LeaderElection
2019-10-17 07:10:31,993 [5c4ee31d-c5ed-4c65-a5df-da3e3cf53ac2@group-233C052D78D6-LeaderElection143] INFO  impl.LeaderElection (LeaderElection.java:askForVotes(178)) - 5c4ee31d-c5ed-4c65-a5df-da3e3cf53ac2@group-233C052D78D6-LeaderElection143: begin an election at term 71 for -1: [67ae3572-7d88-4e50-b53b-0f48f6748b38:192.168.157.211:41299, 831edaa1-80a5-4091-843f-90c648a5a79d:192.168.157.211:44365, 5c4ee31d-c5ed-4c65-a5df-da3e3cf53ac2:192.168.157.211:45059], old=null
2019-10-17 07:10:31,994 [decc5551-dd4b-40dc-8ff5-b6b450d67f6f@group-42ACBF6EBE4E-LeaderElection142] INFO  impl.LeaderElection (LeaderElection.java:logAndReturn(56)) - decc5551-dd4b-40dc-8ff5-b6b450d67f6f@group-42ACBF6EBE4E-LeaderElection142: Election REJECTED; received 2 response(s) [decc5551-dd4b-40dc-8ff5-b6b450d67f6f<-215fceca-0555-458b-bc4f-ba38ff24d5ba#0:FAIL-t76, decc5551-dd4b-40dc-8ff5-b6b450d67f6f<-0c631657-10a5-4e2a-a322-8fc6c651b2ed#0:FAIL-t76] and 0 exception(s); decc5551-dd4b-40dc-8ff5-b6b450d67f6f@group-42ACBF6EBE4E:t76, leader=null, voted=decc5551-dd4b-40dc-8ff5-b6b450d67f6f, raftlog=decc5551-dd4b-40dc-8ff5-b6b450d67f6f@group-42ACBF6EBE4E-SegmentedRaftLog:OPENED:c-1,f-1,i0, conf=-1: [215fceca-0555-458b-bc4f-ba38ff24d5ba:192.168.157.211:43803, decc5551-dd4b-40dc-8ff5-b6b450d67f6f:192.168.157.211:34435, 0c631657-10a5-4e2a-a322-8fc6c651b2ed:192.168.157.211:41694], old=null
2019-10-17 07:10:31,994 [decc5551-dd4b-40dc-8ff5-b6b450d67f6f@group-42ACBF6EBE4E-LeaderElection142] INFO  impl.RaftServerImpl (RaftServerImpl.java:setRole(184)) - decc5551-dd4b-40dc-8ff5-b6b450d67f6f@group-42ACBF6EBE4E: changes role from CANDIDATE to FOLLOWER at term 76 for DISCOVERED_A_NEW_TERM
2019-10-17 07:10:31,995 [decc5551-dd4b-40dc-8ff5-b6b450d67f6f@group-42ACBF6EBE4E-LeaderElection142] INFO  impl.RoleInfo (RoleInfo.java:shutdownLeaderElection(134)) - decc5551-dd4b-40dc-8ff5-b6b450d67f6f: shutdown LeaderElection
2019-10-17 07:10:31,995 [decc5551-dd4b-40dc-8ff5-b6b450d67f6f@group-42ACBF6EBE4E-LeaderElection142] INFO  impl.RoleInfo (RoleInfo.java:updateAndGet(143)) - decc5551-dd4b-40dc-8ff5-b6b450d67f6f: start FollowerState
2019-10-17 07:10:31,995 [grpc-default-executor-3] INFO  impl.RaftServerImpl (RaftServerImpl.java:setRole(184)) - 67ae3572-7d88-4e50-b53b-0f48f6748b38@group-233C052D78D6: changes role from  FOLLOWER to FOLLOWER at term 71 for recognizeCandidate:5c4ee31d-c5ed-4c65-a5df-da3e3cf53ac2
2019-10-17 07:10:31,995 [grpc-default-executor-3] INFO  impl.RoleInfo (RoleInfo.java:shutdownFollowerState(121)) - 67ae3572-7d88-4e50-b53b-0f48f6748b38: shutdown FollowerState
2019-10-17 07:10:31,995 [grpc-default-executor-3] INFO  impl.RoleInfo (RoleInfo.java:updateAndGet(143)) - 67ae3572-7d88-4e50-b53b-0f48f6748b38: start FollowerState
2019-10-17 07:10:31,995 [Thread-1289] INFO  impl.FollowerState (FollowerState.java:run(117)) - 67ae3572-7d88-4e50-b53b-0f48f6748b38@group-233C052D78D6-FollowerState was interrupted: java.lang.InterruptedException: sleep interrupted
2019-10-17 07:10:31,995 [grpc-default-executor-11] INFO  impl.RaftServerImpl (RaftServerImpl.java:setRole(184)) - 831edaa1-80a5-4091-843f-90c648a5a79d@group-233C052D78D6: changes role from  FOLLOWER to FOLLOWER at term 71 for recognizeCandidate:5c4ee31d-c5ed-4c65-a5df-da3e3cf53ac2
2019-10-17 07:10:31,996 [grpc-default-executor-11] INFO  impl.RoleInfo (RoleInfo.java:shutdownFollowerState(121)) - 831edaa1-80a5-4091-843f-90c648a5a79d: shutdown FollowerState
2019-10-17 07:10:31,996 [grpc-default-executor-11] INFO  impl.RoleInfo (RoleInfo.java:updateAndGet(143)) - 831edaa1-80a5-4091-843f-90c648a5a79d: start FollowerState
2019-10-17 07:10:31,996 [Thread-1291] INFO  impl.FollowerState (FollowerState.java:run(117)) - 831edaa1-80a5-4091-843f-90c648a5a79d@group-233C052D78D6-FollowerState was interrupted: java.lang.InterruptedException: sleep interrupted
2019-10-17 07:10:32,010 [5c4ee31d-c5ed-4c65-a5df-da3e3cf53ac2@group-233C052D78D6-LeaderElection143] INFO  impl.LeaderElection (LeaderElection.java:logAndReturn(56)) - 5c4ee31d-c5ed-4c65-a5df-da3e3cf53ac2@group-233C052D78D6-LeaderElection143: Election REJECTED; received 2 response(s) [5c4ee31d-c5ed-4c65-a5df-da3e3cf53ac2<-67ae3572-7d88-4e50-b53b-0f48f6748b38#0:FAIL-t71, 5c4ee31d-c5ed-4c65-a5df-da3e3cf53ac2<-831edaa1-80a5-4091-843f-90c648a5a79d#0:FAIL-t71] and 0 exception(s); 5c4ee31d-c5ed-4c65-a5df-da3e3cf53ac2@group-233C052D78D6:t71, leader=null, voted=5c4ee31d-c5ed-4c65-a5df-da3e3cf53ac2, raftlog=5c4ee31d-c5ed-4c65-a5df-da3e3cf53ac2@group-233C052D78D6-SegmentedRaftLog:OPENED:c-1,f-1,i0, conf=-1: [67ae3572-7d88-4e50-b53b-0f48f6748b38:192.168.157.211:41299, 831edaa1-80a5-4091-843f-90c648a5a79d:192.168.157.211:44365, 5c4ee31d-c5ed-4c65-a5df-da3e3cf53ac2:192.168.157.211:45059], old=null
2019-10-17 07:10:32,010 [5c4ee31d-c5ed-4c65-a5df-da3e3cf53ac2@group-233C052D78D6-LeaderElection143] INFO  impl.RaftServerImpl (RaftServerImpl.java:setRole(184)) - 5c4ee31d-c5ed-4c65-a5df-da3e3cf53ac2@group-233C052D78D6: changes role from CANDIDATE to FOLLOWER at term 71 for DISCOVERED_A_NEW_TERM
2019-10-17 07:10:32,011 [5c4ee31d-c5ed-4c65-a5df-da3e3cf53ac2@group-233C052D78D6-LeaderElection143] INFO  impl.RoleInfo (RoleInfo.java:shutdownLeaderElection(134)) - 5c4ee31d-c5ed-4c65-a5df-da3e3cf53ac2: shutdown LeaderElection
2019-10-17 07:10:32,011 [5c4ee31d-c5ed-4c65-a5df-da3e3cf53ac2@group-233C052D78D6-LeaderElection143] INFO  impl.RoleInfo (RoleInfo.java:updateAndGet(143)) - 5c4ee31d-c5ed-4c65-a5df-da3e3cf53ac2: start FollowerState
2019-10-17 07:10:32,112 [Thread-1307] INFO  impl.FollowerState (FollowerState.java:run(108)) - 5c4ee31d-c5ed-4c65-a5df-da3e3cf53ac2@group-233C052D78D6-FollowerState: change to CANDIDATE, lastRpcTime:101ms, electionTimeout:101ms
2019-10-17 07:10:32,112 [Thread-1307] INFO  impl.RoleInfo (RoleInfo.java:shutdownFollowerState(121)) - 5c4ee31d-c5ed-4c65-a5df-da3e3cf53ac2: shutdown FollowerState
2019-10-17 07:10:32,113 [Thread-1307] INFO  impl.RaftServerImpl (RaftServerImpl.java:setRole(184)) - 5c4ee31d-c5ed-4c65-a5df-da3e3cf53ac2@group-233C052D78D6: changes role from  FOLLOWER to CANDIDATE at term 71 for changeToCandidate
2019-10-17 07:10:32,113 [Thread-1307] INFO  impl.RoleInfo (RoleInfo.java:updateAndGet(143)) - 5c4ee31d-c5ed-4c65-a5df-da3e3cf53ac2: start LeaderElection
2019-10-17 07:10:32,128 [5c4ee31d-c5ed-4c65-a5df-da3e3cf53ac2@group-233C052D78D6-LeaderElection144] INFO  impl.LeaderElection (LeaderElection.java:askForVotes(178)) - 5c4ee31d-c5ed-4c65-a5df-da3e3cf53ac2@group-233C052D78D6-LeaderElection144: begin an election at term 72 for -1: [67ae3572-7d88-4e50-b53b-0f48f6748b38:192.168.157.211:41299, 831edaa1-80a5-4091-843f-90c648a5a79d:192.168.157.211:44365, 5c4ee31d-c5ed-4c65-a5df-da3e3cf53ac2:192.168.157.211:45059], old=null
2019-10-17 07:10:32,130 [grpc-default-executor-9] INFO  impl.RaftServerImpl (RaftServerImpl.java:setRole(184)) - 67ae3572-7d88-4e50-b53b-0f48f6748b38@group-233C052D78D6: changes role from  FOLLOWER to FOLLOWER at term 72 for recognizeCandidate:5c4ee31d-c5ed-4c65-a5df-da3e3cf53ac2
2019-10-17 07:10:32,130 [grpc-default-executor-9] INFO  impl.RoleInfo (RoleInfo.java:shutdownFollowerState(121)) - 67ae3572-7d88-4e50-b53b-0f48f6748b38: shutdown FollowerState
2019-10-17 07:10:32,130 [grpc-default-executor-10] INFO  impl.RaftServerImpl (RaftServerImpl.java:setRole(184)) - 831edaa1-80a5-4091-843f-90c648a5a79d@group-233C052D78D6: changes role from  FOLLOWER to FOLLOWER at term 72 for recognizeCandidate:5c4ee31d-c5ed-4c65-a5df-da3e3cf53ac2
2019-10-17 07:10:32,130 [Thread-1303] INFO  impl.FollowerState (FollowerState.java:run(117)) - 67ae3572-7d88-4e50-b53b-0f48f6748b38@group-233C052D78D6-FollowerState was interrupted: java.lang.InterruptedException: sleep interrupted
2019-10-17 07:10:32,130 [grpc-default-executor-9] INFO  impl.RoleInfo (RoleInfo.java:updateAndGet(143)) - 67ae3572-7d88-4e50-b53b-0f48f6748b38: start FollowerState
2019-10-17 07:10:32,131 [grpc-default-executor-10] INFO  impl.RoleInfo (RoleInfo.java:shutdownFollowerState(121)) - 831edaa1-80a5-4091-843f-90c648a5a79d: shutdown FollowerState
2019-10-17 07:10:32,131 [grpc-default-executor-10] INFO  impl.RoleInfo (RoleInfo.java:updateAndGet(143)) - 831edaa1-80a5-4091-843f-90c648a5a79d: start FollowerState
2019-10-17 07:10:32,131 [Thread-1304] INFO  impl.FollowerState (FollowerState.java:run(117)) - 831edaa1-80a5-4091-843f-90c648a5a79d@group-233C052D78D6-FollowerState was interrupted: java.lang.InterruptedException: sleep interrupted
2019-10-17 07:10:32,155 [5c4ee31d-c5ed-4c65-a5df-da3e3cf53ac2@group-233C052D78D6-LeaderElection144] INFO  impl.LeaderElection (LeaderElection.java:logAndReturn(56)) - 5c4ee31d-c5ed-4c65-a5df-da3e3cf53ac2@group-233C052D78D6-LeaderElection144: Election REJECTED; received 2 response(s) [5c4ee31d-c5ed-4c65-a5df-da3e3cf53ac2<-67ae3572-7d88-4e50-b53b-0f48f6748b38#0:FAIL-t72, 5c4ee31d-c5ed-4c65-a5df-da3e3cf53ac2<-831edaa1-80a5-4091-843f-90c648a5a79d#0:FAIL-t72] and 0 exception(s); 5c4ee31d-c5ed-4c65-a5df-da3e3cf53ac2@group-233C052D78D6:t72, leader=null, voted=5c4ee31d-c5ed-4c65-a5df-da3e3cf53ac2, raftlog=5c4ee31d-c5ed-4c65-a5df-da3e3cf53ac2@group-233C052D78D6-SegmentedRaftLog:OPENED:c-1,f-1,i0, conf=-1: [67ae3572-7d88-4e50-b53b-0f48f6748b38:192.168.157.211:41299, 831edaa1-80a5-4091-843f-90c648a5a79d:192.168.157.211:44365, 5c4ee31d-c5ed-4c65-a5df-da3e3cf53ac2:192.168.157.211:45059], old=null
2019-10-17 07:10:32,155 [5c4ee31d-c5ed-4c65-a5df-da3e3cf53ac2@group-233C052D78D6-LeaderElection144] INFO  impl.RaftServerImpl (RaftServerImpl.java:setRole(184)) - 5c4ee31d-c5ed-4c65-a5df-da3e3cf53ac2@group-233C052D78D6: changes role from CANDIDATE to FOLLOWER at term 72 for DISCOVERED_A_NEW_TERM
2019-10-17 07:10:32,155 [5c4ee31d-c5ed-4c65-a5df-da3e3cf53ac2@group-233C052D78D6-LeaderElection144] INFO  impl.RoleInfo (RoleInfo.java:shutdownLeaderElection(134)) - 5c4ee31d-c5ed-4c65-a5df-da3e3cf53ac2: shutdown LeaderElection
2019-10-17 07:10:32,155 [5c4ee31d-c5ed-4c65-a5df-da3e3cf53ac2@group-233C052D78D6-LeaderElection144] INFO  impl.RoleInfo (RoleInfo.java:updateAndGet(143)) - 5c4ee31d-c5ed-4c65-a5df-da3e3cf53ac2: start FollowerState
2019-10-17 07:10:32,159 [Thread-1313] INFO  impl.FollowerState (FollowerState.java:run(108)) - 5c4ee31d-c5ed-4c65-a5df-da3e3cf53ac2@group-233C052D78D6-FollowerState: change to CANDIDATE, lastRpcTime:3ms, electionTimeout:3ms
2019-10-17 07:10:32,159 [Thread-1313] INFO  impl.RoleInfo (RoleInfo.java:shutdownFollowerState(121)) - 5c4ee31d-c5ed-4c65-a5df-da3e3cf53ac2: shutdown FollowerState
2019-10-17 07:10:32,159 [Thread-1313] INFO  impl.RaftServerImpl (RaftServerImpl.java:setRole(184)) - 5c4ee31d-c5ed-4c65-a5df-da3e3cf53ac2@group-233C052D78D6: changes role from  FOLLOWER to CANDIDATE at term 72 for changeToCandidate
2019-10-17 07:10:32,159 [Thread-1313] INFO  impl.RoleInfo (RoleInfo.java:updateAndGet(143)) - 5c4ee31d-c5ed-4c65-a5df-da3e3cf53ac2: start LeaderElection
2019-10-17 07:10:32,163 [Thread-1302] INFO  impl.FollowerState (FollowerState.java:run(108)) - decc5551-dd4b-40dc-8ff5-b6b450d67f6f@group-42ACBF6EBE4E-FollowerState: change to CANDIDATE, lastRpcTime:168ms, electionTimeout:168ms
2019-10-17 07:10:32,163 [Thread-1302] INFO  impl.RoleInfo (RoleInfo.java:shutdownFollowerState(121)) - decc5551-dd4b-40dc-8ff5-b6b450d67f6f: shutdown FollowerState
2019-10-17 07:10:32,163 [Thread-1302] INFO  impl.RaftServerImpl (RaftServerImpl.java:setRole(184)) - decc5551-dd4b-40dc-8ff5-b6b450d67f6f@group-42ACBF6EBE4E: changes role from  FOLLOWER to CANDIDATE at term 76 for changeToCandidate
2019-10-17 07:10:32,163 [Thread-1302] INFO  impl.RoleInfo (RoleInfo.java:updateAndGet(143)) - decc5551-dd4b-40dc-8ff5-b6b450d67f6f: start LeaderElection
2019-10-17 07:10:32,178 [5c4ee31d-c5ed-4c65-a5df-da3e3cf53ac2@group-233C052D78D6-LeaderElection145] INFO  impl.LeaderElection (LeaderElection.java:askForVotes(178)) - 5c4ee31d-c5ed-4c65-a5df-da3e3cf53ac2@group-233C052D78D6-LeaderElection145: begin an election at term 73 for -1: [67ae3572-7d88-4e50-b53b-0f48f6748b38:192.168.157.211:41299, 831edaa1-80a5-4091-843f-90c648a5a79d:192.168.157.211:44365, 5c4ee31d-c5ed-4c65-a5df-da3e3cf53ac2:192.168.157.211:45059], old=null
2019-10-17 07:10:32,179 [decc5551-dd4b-40dc-8ff5-b6b450d67f6f@group-42ACBF6EBE4E-LeaderElection146] INFO  impl.LeaderElection (LeaderElection.java:askForVotes(178)) - decc5551-dd4b-40dc-8ff5-b6b450d67f6f@group-42ACBF6EBE4E-LeaderElection146: begin an election at term 77 for -1: [215fceca-0555-458b-bc4f-ba38ff24d5ba:192.168.157.211:43803, decc5551-dd4b-40dc-8ff5-b6b450d67f6f:192.168.157.211:34435, 0c631657-10a5-4e2a-a322-8fc6c651b2ed:192.168.157.211:41694], old=null
2019-10-17 07:10:32,180 [grpc-default-executor-10] INFO  impl.RaftServerImpl (RaftServerImpl.java:setRole(184)) - 67ae3572-7d88-4e50-b53b-0f48f6748b38@group-233C052D78D6: changes role from  FOLLOWER to FOLLOWER at term 73 for recognizeCandidate:5c4ee31d-c5ed-4c65-a5df-da3e3cf53ac2
2019-10-17 07:10:32,180 [grpc-default-executor-10] INFO  impl.RoleInfo (RoleInfo.java:shutdownFollowerState(121)) - 67ae3572-7d88-4e50-b53b-0f48f6748b38: shutdown FollowerState
2019-10-17 07:10:32,181 [grpc-default-executor-10] INFO  impl.RoleInfo (RoleInfo.java:updateAndGet(143)) - 67ae3572-7d88-4e50-b53b-0f48f6748b38: start FollowerState
2019-10-17 07:10:32,181 [grpc-default-executor-9] INFO  impl.RaftServerImpl (RaftServerImpl.java:setRole(184)) - 831edaa1-80a5-4091-843f-90c648a5a79d@group-233C052D78D6: changes role from  FOLLOWER to FOLLOWER at term 73 for recognizeCandidate:5c4ee31d-c5ed-4c65-a5df-da3e3cf53ac2
2019-10-17 07:10:32,181 [Thread-1311] INFO  impl.FollowerState (FollowerState.java:run(117)) - 67ae3572-7d88-4e50-b53b-0f48f6748b38@group-233C052D78D6-FollowerState was interrupted: java.lang.InterruptedException: sleep interrupted
2019-10-17 07:10:32,181 [grpc-default-executor-11] INFO  impl.RaftServerImpl (RaftServerImpl.java:setRole(184)) - 215fceca-0555-458b-bc4f-ba38ff24d5ba@group-42ACBF6EBE4E: changes role from  FOLLOWER to FOLLOWER at term 77 for recognizeCandidate:decc5551-dd4b-40dc-8ff5-b6b450d67f6f
2019-10-17 07:10:32,181 [grpc-default-executor-3] INFO  impl.RaftServerImpl (RaftServerImpl.java:setRole(184)) - 0c631657-10a5-4e2a-a322-8fc6c651b2ed@group-42ACBF6EBE4E: changes role from  FOLLOWER to FOLLOWER at term 77 for recognizeCandidate:decc5551-dd4b-40dc-8ff5-b6b450d67f6f
2019-10-17 07:10:32,181 [grpc-default-executor-9] INFO  impl.RoleInfo (RoleInfo.java:shutdownFollowerState(121)) - 831edaa1-80a5-4091-843f-90c648a5a79d: shutdown FollowerState
2019-10-17 07:10:32,181 [grpc-default-executor-3] INFO  impl.RoleInfo (RoleInfo.java:shutdownFollowerState(121)) - 0c631657-10a5-4e2a-a322-8fc6c651b2ed: shutdown FollowerState
2019-10-17 07:10:32,181 [grpc-default-executor-11] INFO  impl.RoleInfo (RoleInfo.java:shutdownFollowerState(121)) - 215fceca-0555-458b-bc4f-ba38ff24d5ba: shutdown FollowerState
2019-10-17 07:10:32,182 [Thread-1298] INFO  impl.FollowerState (FollowerState.java:run(117)) - 0c631657-10a5-4e2a-a322-8fc6c651b2ed@group-42ACBF6EBE4E-FollowerState was interrupted: java.lang.InterruptedException: sleep interrupted
2019-10-17 07:10:32,182 [grpc-default-executor-3] INFO  impl.RoleInfo (RoleInfo.java:updateAndGet(143)) - 0c631657-10a5-4e2a-a322-8fc6c651b2ed: start FollowerState
2019-10-17 07:10:32,182 [Thread-1312] INFO  impl.FollowerState (FollowerState.java:run(117)) - 831edaa1-80a5-4091-843f-90c648a5a79d@group-233C052D78D6-FollowerState was interrupted: java.lang.InterruptedException: sleep interrupted
2019-10-17 07:10:32,182 [grpc-default-executor-9] INFO  impl.RoleInfo (RoleInfo.java:updateAndGet(143)) - 831edaa1-80a5-4091-843f-90c648a5a79d: start FollowerState
2019-10-17 07:10:32,182 [Thread-1297] INFO  impl.FollowerState (FollowerState.java:run(117)) - 215fceca-0555-458b-bc4f-ba38ff24d5ba@group-42ACBF6EBE4E-FollowerState was interrupted: java.lang.InterruptedException: sleep interrupted
2019-10-17 07:10:32,182 [grpc-default-executor-11] INFO  impl.RoleInfo (RoleInfo.java:updateAndGet(143)) - 215fceca-0555-458b-bc4f-ba38ff24d5ba: start FollowerState
2019-10-17 07:10:32,195 [5c4ee31d-c5ed-4c65-a5df-da3e3cf53ac2@group-233C052D78D6-LeaderElection145] INFO  impl.LeaderElection (LeaderElection.java:logAndReturn(56)) - 5c4ee31d-c5ed-4c65-a5df-da3e3cf53ac2@group-233C052D78D6-LeaderElection145: Election REJECTED; received 2 response(s) [5c4ee31d-c5ed-4c65-a5df-da3e3cf53ac2<-67ae3572-7d88-4e50-b53b-0f48f6748b38#0:FAIL-t73, 5c4ee31d-c5ed-4c65-a5df-da3e3cf53ac2<-831edaa1-80a5-4091-843f-90c648a5a79d#0:FAIL-t73] and 0 exception(s); 5c4ee31d-c5ed-4c65-a5df-da3e3cf53ac2@group-233C052D78D6:t73, leader=null, voted=5c4ee31d-c5ed-4c65-a5df-da3e3cf53ac2, raftlog=5c4ee31d-c5ed-4c65-a5df-da3e3cf53ac2@group-233C052D78D6-SegmentedRaftLog:OPENED:c-1,f-1,i0, conf=-1: [67ae3572-7d88-4e50-b53b-0f48f6748b38:192.168.157.211:41299, 831edaa1-80a5-4091-843f-90c648a5a79d:192.168.157.211:44365, 5c4ee31d-c5ed-4c65-a5df-da3e3cf53ac2:192.168.157.211:45059], old=null
2019-10-17 07:10:32,195 [decc5551-dd4b-40dc-8ff5-b6b450d67f6f@group-42ACBF6EBE4E-LeaderElection146] INFO  impl.LeaderElection (LeaderElection.java:logAndReturn(56)) - decc5551-dd4b-40dc-8ff5-b6b450d67f6f@group-42ACBF6EBE4E-LeaderElection146: Election REJECTED; received 2 response(s) [decc5551-dd4b-40dc-8ff5-b6b450d67f6f<-215fceca-0555-458b-bc4f-ba38ff24d5ba#0:FAIL-t77, decc5551-dd4b-40dc-8ff5-b6b450d67f6f<-0c631657-10a5-4e2a-a322-8fc6c651b2ed#0:FAIL-t77] and 0 exception(s); decc5551-dd4b-40dc-8ff5-b6b450d67f6f@group-42ACBF6EBE4E:t77, leader=null, voted=decc5551-dd4b-40dc-8ff5-b6b450d67f6f, raftlog=decc5551-dd4b-40dc-8ff5-b6b450d67f6f@group-42ACBF6EBE4E-SegmentedRaftLog:OPENED:c-1,f-1,i0, conf=-1: [215fceca-0555-458b-bc4f-ba38ff24d5ba:192.168.157.211:43803, decc5551-dd4b-40dc-8ff5-b6b450d67f6f:192.168.157.211:34435, 0c631657-10a5-4e2a-a322-8fc6c651b2ed:192.168.157.211:41694], old=null
2019-10-17 07:10:32,195 [5c4ee31d-c5ed-4c65-a5df-da3e3cf53ac2@group-233C052D78D6-LeaderElection145] INFO  impl.RaftServerImpl (RaftServerImpl.java:setRole(184)) - 5c4ee31d-c5ed-4c65-a5df-da3e3cf53ac2@group-233C052D78D6: changes role from CANDIDATE to FOLLOWER at term 73 for DISCOVERED_A_NEW_TERM
2019-10-17 07:10:32,196 [decc5551-dd4b-40dc-8ff5-b6b450d67f6f@group-42ACBF6EBE4E-LeaderElection146] INFO  impl.RaftServerImpl (RaftServerImpl.java:setRole(184)) - decc5551-dd4b-40dc-8ff5-b6b450d67f6f@group-42ACBF6EBE4E: changes role from CANDIDATE to FOLLOWER at term 77 for DISCOVERED_A_NEW_TERM
2019-10-17 07:10:32,196 [5c4ee31d-c5ed-4c65-a5df-da3e3cf53ac2@group-233C052D78D6-LeaderElection145] INFO  impl.RoleInfo (RoleInfo.java:shutdownLeaderElection(134)) - 5c4ee31d-c5ed-4c65-a5df-da3e3cf53ac2: shutdown LeaderElection
2019-10-17 07:10:32,196 [decc5551-dd4b-40dc-8ff5-b6b450d67f6f@group-42ACBF6EBE4E-LeaderElection146] INFO  impl.RoleInfo (RoleInfo.java:shutdownLeaderElection(134)) - decc5551-dd4b-40dc-8ff5-b6b450d67f6f: shutdown LeaderElection
2019-10-17 07:10:32,196 [5c4ee31d-c5ed-4c65-a5df-da3e3cf53ac2@group-233C052D78D6-LeaderElection145] INFO  impl.RoleInfo (RoleInfo.java:updateAndGet(143)) - 5c4ee31d-c5ed-4c65-a5df-da3e3cf53ac2: start FollowerState
2019-10-17 07:10:32,196 [decc5551-dd4b-40dc-8ff5-b6b450d67f6f@group-42ACBF6EBE4E-LeaderElection146] INFO  impl.RoleInfo (RoleInfo.java:updateAndGet(143)) - decc5551-dd4b-40dc-8ff5-b6b450d67f6f: start FollowerState
2019-10-17 07:10:32,358 [Thread-1324] INFO  impl.FollowerState (FollowerState.java:run(108)) - 5c4ee31d-c5ed-4c65-a5df-da3e3cf53ac2@group-233C052D78D6-FollowerState: change to CANDIDATE, lastRpcTime:162ms, electionTimeout:162ms
2019-10-17 07:10:32,359 [Thread-1324] INFO  impl.RoleInfo (RoleInfo.java:shutdownFollowerState(121)) - 5c4ee31d-c5ed-4c65-a5df-da3e3cf53ac2: shutdown FollowerState
2019-10-17 07:10:32,359 [Thread-1324] INFO  impl.RaftServerImpl (RaftServerImpl.java:setRole(184)) - 5c4ee31d-c5ed-4c65-a5df-da3e3cf53ac2@group-233C052D78D6: changes role from  FOLLOWER to CANDIDATE at term 73 for changeToCandidate
2019-10-17 07:10:32,359 [Thread-1324] INFO  impl.RoleInfo (RoleInfo.java:updateAndGet(143)) - 5c4ee31d-c5ed-4c65-a5df-da3e3cf53ac2: start LeaderElection
2019-10-17 07:10:32,372 [5c4ee31d-c5ed-4c65-a5df-da3e3cf53ac2@group-233C052D78D6-LeaderElection147] INFO  impl.LeaderElection (LeaderElection.java:askForVotes(178)) - 5c4ee31d-c5ed-4c65-a5df-da3e3cf53ac2@group-233C052D78D6-LeaderElection147: begin an election at term 74 for -1: [67ae3572-7d88-4e50-b53b-0f48f6748b38:192.168.157.211:41299, 831edaa1-80a5-4091-843f-90c648a5a79d:192.168.157.211:44365, 5c4ee31d-c5ed-4c65-a5df-da3e3cf53ac2:192.168.157.211:45059], old=null
2019-10-17 07:10:32,375 [grpc-default-executor-3] INFO  impl.RaftServerImpl (RaftServerImpl.java:setRole(184)) - 67ae3572-7d88-4e50-b53b-0f48f6748b38@group-233C052D78D6: changes role from  FOLLOWER to FOLLOWER at term 74 for recognizeCandidate:5c4ee31d-c5ed-4c65-a5df-da3e3cf53ac2
2019-10-17 07:10:32,375 [grpc-default-executor-3] INFO  impl.RoleInfo (RoleInfo.java:shutdownFollowerState(121)) - 67ae3572-7d88-4e50-b53b-0f48f6748b38: shutdown FollowerState
2019-10-17 07:10:32,375 [grpc-default-executor-3] INFO  impl.RoleInfo (RoleInfo.java:updateAndGet(143)) - 67ae3572-7d88-4e50-b53b-0f48f6748b38: start FollowerState
2019-10-17 07:10:32,376 [Thread-1320] INFO  impl.FollowerState (FollowerState.java:run(117)) - 67ae3572-7d88-4e50-b53b-0f48f6748b38@group-233C052D78D6-FollowerState was interrupted: java.lang.InterruptedException: sleep interrupted
2019-10-17 07:10:32,376 [grpc-default-executor-11] INFO  impl.RaftServerImpl (RaftServerImpl.java:setRole(184)) - 831edaa1-80a5-4091-843f-90c648a5a79d@group-233C052D78D6: changes role from  FOLLOWER to FOLLOWER at term 74 for recognizeCandidate:5c4ee31d-c5ed-4c65-a5df-da3e3cf53ac2
2019-10-17 07:10:32,376 [grpc-default-executor-11] INFO  impl.RoleInfo (RoleInfo.java:shutdownFollowerState(121)) - 831edaa1-80a5-4091-843f-90c648a5a79d: shutdown FollowerState
2019-10-17 07:10:32,376 [grpc-default-executor-11] INFO  impl.RoleInfo (RoleInfo.java:updateAndGet(143)) - 831edaa1-80a5-4091-843f-90c648a5a79d: start FollowerState
2019-10-17 07:10:32,377 [Thread-1321] INFO  impl.FollowerState (FollowerState.java:run(117)) - 831edaa1-80a5-4091-843f-90c648a5a79d@group-233C052D78D6-FollowerState was interrupted: java.lang.InterruptedException: sleep interrupted
2019-10-17 07:10:32,389 [5c4ee31d-c5ed-4c65-a5df-da3e3cf53ac2@group-233C052D78D6-LeaderElection147] INFO  impl.LeaderElection (LeaderElection.java:logAndReturn(56)) - 5c4ee31d-c5ed-4c65-a5df-da3e3cf53ac2@group-233C052D78D6-LeaderElection147: Election REJECTED; received 2 response(s) [5c4ee31d-c5ed-4c65-a5df-da3e3cf53ac2<-67ae3572-7d88-4e50-b53b-0f48f6748b38#0:FAIL-t74, 5c4ee31d-c5ed-4c65-a5df-da3e3cf53ac2<-831edaa1-80a5-4091-843f-90c648a5a79d#0:FAIL-t74] and 0 exception(s); 5c4ee31d-c5ed-4c65-a5df-da3e3cf53ac2@group-233C052D78D6:t74, leader=null, voted=5c4ee31d-c5ed-4c65-a5df-da3e3cf53ac2, raftlog=5c4ee31d-c5ed-4c65-a5df-da3e3cf53ac2@group-233C052D78D6-SegmentedRaftLog:OPENED:c-1,f-1,i0, conf=-1: [67ae3572-7d88-4e50-b53b-0f48f6748b38:192.168.157.211:41299, 831edaa1-80a5-4091-843f-90c648a5a79d:192.168.157.211:44365, 5c4ee31d-c5ed-4c65-a5df-da3e3cf53ac2:192.168.157.211:45059], old=null
2019-10-17 07:10:32,389 [5c4ee31d-c5ed-4c65-a5df-da3e3cf53ac2@group-233C052D78D6-LeaderElection147] INFO  impl.RaftServerImpl (RaftServerImpl.java:setRole(184)) - 5c4ee31d-c5ed-4c65-a5df-da3e3cf53ac2@group-233C052D78D6: changes role from CANDIDATE to FOLLOWER at term 74 for DISCOVERED_A_NEW_TERM
2019-10-17 07:10:32,390 [5c4ee31d-c5ed-4c65-a5df-da3e3cf53ac2@group-233C052D78D6-LeaderElection147] INFO  impl.RoleInfo (RoleInfo.java:shutdownLeaderElection(134)) - 5c4ee31d-c5ed-4c65-a5df-da3e3cf53ac2: shutdown LeaderElection
2019-10-17 07:10:32,390 [5c4ee31d-c5ed-4c65-a5df-da3e3cf53ac2@group-233C052D78D6-LeaderElection147] INFO  impl.RoleInfo (RoleInfo.java:updateAndGet(143)) - 5c4ee31d-c5ed-4c65-a5df-da3e3cf53ac2: start FollowerState
2019-10-17 07:10:32,393 [Thread-1325] INFO  impl.FollowerState (FollowerState.java:run(108)) - decc5551-dd4b-40dc-8ff5-b6b450d67f6f@group-42ACBF6EBE4E-FollowerState: change to CANDIDATE, lastRpcTime:196ms, electionTimeout:196ms
2019-10-17 07:10:32,393 [Thread-1325] INFO  impl.RoleInfo (RoleInfo.java:shutdownFollowerState(121)) - decc5551-dd4b-40dc-8ff5-b6b450d67f6f: shutdown FollowerState
2019-10-17 07:10:32,393 [Thread-1325] INFO  impl.RaftServerImpl (RaftServerImpl.java:setRole(184)) - decc5551-dd4b-40dc-8ff5-b6b450d67f6f@group-42ACBF6EBE4E: changes role from  FOLLOWER to CANDIDATE at term 77 for changeToCandidate
2019-10-17 07:10:32,393 [Thread-1325] INFO  impl.RoleInfo (RoleInfo.java:updateAndGet(143)) - decc5551-dd4b-40dc-8ff5-b6b450d67f6f: start LeaderElection
2019-10-17 07:10:32,421 [decc5551-dd4b-40dc-8ff5-b6b450d67f6f@group-42ACBF6EBE4E-LeaderElection148] INFO  impl.LeaderElection (LeaderElection.java:askForVotes(178)) - decc5551-dd4b-40dc-8ff5-b6b450d67f6f@group-42ACBF6EBE4E-LeaderElection148: begin an election at term 78 for -1: [215fceca-0555-458b-bc4f-ba38ff24d5ba:192.168.157.211:43803, decc5551-dd4b-40dc-8ff5-b6b450d67f6f:192.168.157.211:34435, 0c631657-10a5-4e2a-a322-8fc6c651b2ed:192.168.157.211:41694], old=null
2019-10-17 07:10:32,423 [grpc-default-executor-11] INFO  impl.RaftServerImpl (RaftServerImpl.java:setRole(184)) - 0c631657-10a5-4e2a-a322-8fc6c651b2ed@group-42ACBF6EBE4E: changes role from  FOLLOWER to FOLLOWER at term 78 for recognizeCandidate:decc5551-dd4b-40dc-8ff5-b6b450d67f6f
2019-10-17 07:10:32,423 [grpc-default-executor-3] INFO  impl.RaftServerImpl (RaftServerImpl.java:setRole(184)) - 215fceca-0555-458b-bc4f-ba38ff24d5ba@group-42ACBF6EBE4E: changes role from  FOLLOWER to FOLLOWER at term 78 for recognizeCandidate:decc5551-dd4b-40dc-8ff5-b6b450d67f6f
2019-10-17 07:10:32,424 [grpc-default-executor-11] INFO  impl.RoleInfo (RoleInfo.java:shutdownFollowerState(121)) - 0c631657-10a5-4e2a-a322-8fc6c651b2ed: shutdown FollowerState
2019-10-17 07:10:32,424 [grpc-default-executor-3] INFO  impl.RoleInfo (RoleInfo.java:shutdownFollowerState(121)) - 215fceca-0555-458b-bc4f-ba38ff24d5ba: shutdown FollowerState
2019-10-17 07:10:32,424 [grpc-default-executor-11] INFO  impl.RoleInfo (RoleInfo.java:updateAndGet(143)) - 0c631657-10a5-4e2a-a322-8fc6c651b2ed: start FollowerState
2019-10-17 07:10:32,424 [grpc-default-executor-3] INFO  impl.RoleInfo (RoleInfo.java:updateAndGet(143)) - 215fceca-0555-458b-bc4f-ba38ff24d5ba: start FollowerState
2019-10-17 07:10:32,424 [Thread-1322] INFO  impl.FollowerState (FollowerState.java:run(117)) - 0c631657-10a5-4e2a-a322-8fc6c651b2ed@group-42ACBF6EBE4E-FollowerState was interrupted: java.lang.InterruptedException: sleep interrupted
2019-10-17 07:10:32,424 [Thread-1323] INFO  impl.FollowerState (FollowerState.java:run(117)) - 215fceca-0555-458b-bc4f-ba38ff24d5ba@group-42ACBF6EBE4E-FollowerState was interrupted: java.lang.InterruptedException: sleep interrupted
2019-10-17 07:10:32,441 [decc5551-dd4b-40dc-8ff5-b6b450d67f6f@group-42ACBF6EBE4E-LeaderElection148] INFO  impl.LeaderElection (LeaderElection.java:logAndReturn(56)) - decc5551-dd4b-40dc-8ff5-b6b450d67f6f@group-42ACBF6EBE4E-LeaderElection148: Election REJECTED; received 2 response(s) [decc5551-dd4b-40dc-8ff5-b6b450d67f6f<-215fceca-0555-458b-bc4f-ba38ff24d5ba#0:FAIL-t78, decc5551-dd4b-40dc-8ff5-b6b450d67f6f<-0c631657-10a5-4e2a-a322-8fc6c651b2ed#0:FAIL-t78] and 0 exception(s); decc5551-dd4b-40dc-8ff5-b6b450d67f6f@group-42ACBF6EBE4E:t78, leader=null, voted=decc5551-dd4b-40dc-8ff5-b6b450d67f6f, raftlog=decc5551-dd4b-40dc-8ff5-b6b450d67f6f@group-42ACBF6EBE4E-SegmentedRaftLog:OPENED:c-1,f-1,i0, conf=-1: [215fceca-0555-458b-bc4f-ba38ff24d5ba:192.168.157.211:43803, decc5551-dd4b-40dc-8ff5-b6b450d67f6f:192.168.157.211:34435, 0c631657-10a5-4e2a-a322-8fc6c651b2ed:192.168.157.211:41694], old=null
2019-10-17 07:10:32,441 [decc5551-dd4b-40dc-8ff5-b6b450d67f6f@group-42ACBF6EBE4E-LeaderElection148] INFO  impl.RaftServerImpl (RaftServerImpl.java:setRole(184)) - decc5551-dd4b-40dc-8ff5-b6b450d67f6f@group-42ACBF6EBE4E: changes role from CANDIDATE to FOLLOWER at term 78 for DISCOVERED_A_NEW_TERM
2019-10-17 07:10:32,441 [decc5551-dd4b-40dc-8ff5-b6b450d67f6f@group-42ACBF6EBE4E-LeaderElection148] INFO  impl.RoleInfo (RoleInfo.java:shutdownLeaderElection(134)) - decc5551-dd4b-40dc-8ff5-b6b450d67f6f: shutdown LeaderElection
2019-10-17 07:10:32,441 [decc5551-dd4b-40dc-8ff5-b6b450d67f6f@group-42ACBF6EBE4E-LeaderElection148] INFO  impl.RoleInfo (RoleInfo.java:updateAndGet(143)) - decc5551-dd4b-40dc-8ff5-b6b450d67f6f: start FollowerState
2019-10-17 07:10:32,491 [Thread-1331] INFO  impl.FollowerState (FollowerState.java:run(108)) - 5c4ee31d-c5ed-4c65-a5df-da3e3cf53ac2@group-233C052D78D6-FollowerState: change to CANDIDATE, lastRpcTime:101ms, electionTimeout:101ms
2019-10-17 07:10:32,491 [Thread-1331] INFO  impl.RoleInfo (RoleInfo.java:shutdownFollowerState(121)) - 5c4ee31d-c5ed-4c65-a5df-da3e3cf53ac2: shutdown FollowerState
2019-10-17 07:10:32,491 [Thread-1331] INFO  impl.RaftServerImpl (RaftServerImpl.java:setRole(184)) - 5c4ee31d-c5ed-4c65-a5df-da3e3cf53ac2@group-233C052D78D6: changes role from  FOLLOWER to CANDIDATE at term 74 for changeToCandidate
2019-10-17 07:10:32,491 [Thread-1331] INFO  impl.RoleInfo (RoleInfo.java:updateAndGet(143)) - 5c4ee31d-c5ed-4c65-a5df-da3e3cf53ac2: start LeaderElection
2019-10-17 07:10:32,505 [5c4ee31d-c5ed-4c65-a5df-da3e3cf53ac2@group-233C052D78D6-LeaderElection149] INFO  impl.LeaderElection (LeaderElection.java:askForVotes(178)) - 5c4ee31d-c5ed-4c65-a5df-da3e3cf53ac2@group-233C052D78D6-LeaderElection149: begin an election at term 75 for -1: [67ae3572-7d88-4e50-b53b-0f48f6748b38:192.168.157.211:41299, 831edaa1-80a5-4091-843f-90c648a5a79d:192.168.157.211:44365, 5c4ee31d-c5ed-4c65-a5df-da3e3cf53ac2:192.168.157.211:45059], old=null
2019-10-17 07:10:32,507 [grpc-default-executor-11] INFO  impl.RaftServerImpl (RaftServerImpl.java:setRole(184)) - 67ae3572-7d88-4e50-b53b-0f48f6748b38@group-233C052D78D6: changes role from  FOLLOWER to FOLLOWER at term 75 for recognizeCandidate:5c4ee31d-c5ed-4c65-a5df-da3e3cf53ac2
2019-10-17 07:10:32,508 [grpc-default-executor-3] INFO  impl.RaftServerImpl (RaftServerImpl.java:setRole(184)) - 831edaa1-80a5-4091-843f-90c648a5a79d@group-233C052D78D6: changes role from  FOLLOWER to FOLLOWER at term 75 for recognizeCandidate:5c4ee31d-c5ed-4c65-a5df-da3e3cf53ac2
2019-10-17 07:10:32,508 [grpc-default-executor-11] INFO  impl.RoleInfo (RoleInfo.java:shutdownFollowerState(121)) - 67ae3572-7d88-4e50-b53b-0f48f6748b38: shutdown FollowerState
2019-10-17 07:10:32,508 [grpc-default-executor-3] INFO  impl.RoleInfo (RoleInfo.java:shutdownFollowerState(121)) - 831edaa1-80a5-4091-843f-90c648a5a79d: shutdown FollowerState
2019-10-17 07:10:32,508 [Thread-1329] INFO  impl.FollowerState (FollowerState.java:run(117)) - 67ae3572-7d88-4e50-b53b-0f48f6748b38@group-233C052D78D6-FollowerState was interrupted: java.lang.InterruptedException: sleep interrupted
2019-10-17 07:10:32,508 [grpc-default-executor-11] INFO  impl.RoleInfo (RoleInfo.java:updateAndGet(143)) - 67ae3572-7d88-4e50-b53b-0f48f6748b38: start FollowerState
2019-10-17 07:10:32,508 [Thread-1330] INFO  impl.FollowerState (FollowerState.java:run(117)) - 831edaa1-80a5-4091-843f-90c648a5a79d@group-233C052D78D6-FollowerState was interrupted: java.lang.InterruptedException: sleep interrupted
2019-10-17 07:10:32,508 [grpc-default-executor-3] INFO  impl.RoleInfo (RoleInfo.java:updateAndGet(143)) - 831edaa1-80a5-4091-843f-90c648a5a79d: start FollowerState
2019-10-17 07:10:32,523 [5c4ee31d-c5ed-4c65-a5df-da3e3cf53ac2@group-233C052D78D6-LeaderElection149] INFO  impl.LeaderElection (LeaderElection.java:logAndReturn(56)) - 5c4ee31d-c5ed-4c65-a5df-da3e3cf53ac2@group-233C052D78D6-LeaderElection149: Election REJECTED; received 2 response(s) [5c4ee31d-c5ed-4c65-a5df-da3e3cf53ac2<-67ae3572-7d88-4e50-b53b-0f48f6748b38#0:FAIL-t75, 5c4ee31d-c5ed-4c65-a5df-da3e3cf53ac2<-831edaa1-80a5-4091-843f-90c648a5a79d#0:FAIL-t75] and 0 exception(s); 5c4ee31d-c5ed-4c65-a5df-da3e3cf53ac2@group-233C052D78D6:t75, leader=null, voted=5c4ee31d-c5ed-4c65-a5df-da3e3cf53ac2, raftlog=5c4ee31d-c5ed-4c65-a5df-da3e3cf53ac2@group-233C052D78D6-SegmentedRaftLog:OPENED:c-1,f-1,i0, conf=-1: [67ae3572-7d88-4e50-b53b-0f48f6748b38:192.168.157.211:41299, 831edaa1-80a5-4091-843f-90c648a5a79d:192.168.157.211:44365, 5c4ee31d-c5ed-4c65-a5df-da3e3cf53ac2:192.168.157.211:45059], old=null
2019-10-17 07:10:32,523 [5c4ee31d-c5ed-4c65-a5df-da3e3cf53ac2@group-233C052D78D6-LeaderElection149] INFO  impl.RaftServerImpl (RaftServerImpl.java:setRole(184)) - 5c4ee31d-c5ed-4c65-a5df-da3e3cf53ac2@group-233C052D78D6: changes role from CANDIDATE to FOLLOWER at term 75 for DISCOVERED_A_NEW_TERM
2019-10-17 07:10:32,523 [5c4ee31d-c5ed-4c65-a5df-da3e3cf53ac2@group-233C052D78D6-LeaderElection149] INFO  impl.RoleInfo (RoleInfo.java:shutdownLeaderElection(134)) - 5c4ee31d-c5ed-4c65-a5df-da3e3cf53ac2: shutdown LeaderElection
2019-10-17 07:10:32,523 [5c4ee31d-c5ed-4c65-a5df-da3e3cf53ac2@group-233C052D78D6-LeaderElection149] INFO  impl.RoleInfo (RoleInfo.java:updateAndGet(143)) - 5c4ee31d-c5ed-4c65-a5df-da3e3cf53ac2: start FollowerState
2019-10-17 07:10:32,614 [Thread-1337] INFO  impl.FollowerState (FollowerState.java:run(108)) - decc5551-dd4b-40dc-8ff5-b6b450d67f6f@group-42ACBF6EBE4E-FollowerState: change to CANDIDATE, lastRpcTime:173ms, electionTimeout:159ms
2019-10-17 07:10:32,614 [Thread-1337] INFO  impl.RoleInfo (RoleInfo.java:shutdownFollowerState(121)) - decc5551-dd4b-40dc-8ff5-b6b450d67f6f: shutdown FollowerState
2019-10-17 07:10:32,615 [Thread-1337] INFO  impl.RaftServerImpl (RaftServerImpl.java:setRole(184)) - decc5551-dd4b-40dc-8ff5-b6b450d67f6f@group-42ACBF6EBE4E: changes role from  FOLLOWER to CANDIDATE at term 78 for changeToCandidate
2019-10-17 07:10:32,615 [Thread-1337] INFO  impl.RoleInfo (RoleInfo.java:updateAndGet(143)) - decc5551-dd4b-40dc-8ff5-b6b450d67f6f: start LeaderElection
2019-10-17 07:10:32,630 [decc5551-dd4b-40dc-8ff5-b6b450d67f6f@group-42ACBF6EBE4E-LeaderElection150] INFO  impl.LeaderElection (LeaderElection.java:askForVotes(178)) - decc5551-dd4b-40dc-8ff5-b6b450d67f6f@group-42ACBF6EBE4E-LeaderElection150: begin an election at term 79 for -1: [215fceca-0555-458b-bc4f-ba38ff24d5ba:192.168.157.211:43803, decc5551-dd4b-40dc-8ff5-b6b450d67f6f:192.168.157.211:34435, 0c631657-10a5-4e2a-a322-8fc6c651b2ed:192.168.157.211:41694], old=null
2019-10-17 07:10:32,642 [grpc-default-executor-11] INFO  impl.RaftServerImpl (RaftServerImpl.java:setRole(184)) - 215fceca-0555-458b-bc4f-ba38ff24d5ba@group-42ACBF6EBE4E: changes role from  FOLLOWER to FOLLOWER at term 79 for recognizeCandidate:decc5551-dd4b-40dc-8ff5-b6b450d67f6f
2019-10-17 07:10:32,642 [grpc-default-executor-3] INFO  impl.RaftServerImpl (RaftServerImpl.java:setRole(184)) - 0c631657-10a5-4e2a-a322-8fc6c651b2ed@group-42ACBF6EBE4E: changes role from  FOLLOWER to FOLLOWER at term 79 for recognizeCandidate:decc5551-dd4b-40dc-8ff5-b6b450d67f6f
2019-10-17 07:10:32,642 [grpc-default-executor-11] INFO  impl.RoleInfo (RoleInfo.java:shutdownFollowerState(121)) - 215fceca-0555-458b-bc4f-ba38ff24d5ba: shutdown FollowerState
2019-10-17 07:10:32,642 [grpc-default-executor-3] INFO  impl.RoleInfo (RoleInfo.java:shutdownFollowerState(121)) - 0c631657-10a5-4e2a-a322-8fc6c651b2ed: shutdown FollowerState
2019-10-17 07:10:32,642 [Thread-1336] INFO  impl.FollowerState (FollowerState.java:run(117)) - 215fceca-0555-458b-bc4f-ba38ff24d5ba@group-42ACBF6EBE4E-FollowerState was interrupted: java.lang.InterruptedException: sleep interrupted
2019-10-17 07:10:32,642 [grpc-default-executor-11] INFO  impl.RoleInfo (RoleInfo.java:updateAndGet(143)) - 215fceca-0555-458b-bc4f-ba38ff24d5ba: start FollowerState
2019-10-17 07:10:32,643 [Thread-1335] INFO  impl.FollowerState (FollowerState.java:run(117)) - 0c631657-10a5-4e2a-a322-8fc6c651b2ed@group-42ACBF6EBE4E-FollowerState was interrupted: java.lang.InterruptedException: sleep interrupted
2019-10-17 07:10:32,642 [grpc-default-executor-3] INFO  impl.RoleInfo (RoleInfo.java:updateAndGet(143)) - 0c631657-10a5-4e2a-a322-8fc6c651b2ed: start FollowerState
2019-10-17 07:10:32,649 [Thread-1345] INFO  impl.FollowerState (FollowerState.java:run(108)) - 5c4ee31d-c5ed-4c65-a5df-da3e3cf53ac2@group-233C052D78D6-FollowerState: change to CANDIDATE, lastRpcTime:125ms, electionTimeout:125ms
2019-10-17 07:10:32,649 [Thread-1345] INFO  impl.RoleInfo (RoleInfo.java:shutdownFollowerState(121)) - 5c4ee31d-c5ed-4c65-a5df-da3e3cf53ac2: shutdown FollowerState
2019-10-17 07:10:32,649 [Thread-1345] INFO  impl.RaftServerImpl (RaftServerImpl.java:setRole(184)) - 5c4ee31d-c5ed-4c65-a5df-da3e3cf53ac2@group-233C052D78D6: changes role from  FOLLOWER to CANDIDATE at term 75 for changeToCandidate
2019-10-17 07:10:32,649 [Thread-1345] INFO  impl.RoleInfo (RoleInfo.java:updateAndGet(143)) - 5c4ee31d-c5ed-4c65-a5df-da3e3cf53ac2: start LeaderElection
2019-10-17 07:10:32,651 [decc5551-dd4b-40dc-8ff5-b6b450d67f6f@group-42ACBF6EBE4E-LeaderElection150] INFO  impl.LeaderElection (LeaderElection.java:logAndReturn(56)) - decc5551-dd4b-40dc-8ff5-b6b450d67f6f@group-42ACBF6EBE4E-LeaderElection150: Election REJECTED; received 2 response(s) [decc5551-dd4b-40dc-8ff5-b6b450d67f6f<-215fceca-0555-458b-bc4f-ba38ff24d5ba#0:FAIL-t79, decc5551-dd4b-40dc-8ff5-b6b450d67f6f<-0c631657-10a5-4e2a-a322-8fc6c651b2ed#0:FAIL-t79] and 0 exception(s); decc5551-dd4b-40dc-8ff5-b6b450d67f6f@group-42ACBF6EBE4E:t79, leader=null, voted=decc5551-dd4b-40dc-8ff5-b6b450d67f6f, raftlog=decc5551-dd4b-40dc-8ff5-b6b450d67f6f@group-42ACBF6EBE4E-SegmentedRaftLog:OPENED:c-1,f-1,i0, conf=-1: [215fceca-0555-458b-bc4f-ba38ff24d5ba:192.168.157.211:43803, decc5551-dd4b-40dc-8ff5-b6b450d67f6f:192.168.157.211:34435, 0c631657-10a5-4e2a-a322-8fc6c651b2ed:192.168.157.211:41694], old=null
2019-10-17 07:10:32,651 [decc5551-dd4b-40dc-8ff5-b6b450d67f6f@group-42ACBF6EBE4E-LeaderElection150] INFO  impl.RaftServerImpl (RaftServerImpl.java:setRole(184)) - decc5551-dd4b-40dc-8ff5-b6b450d67f6f@group-42ACBF6EBE4E: changes role from CANDIDATE to FOLLOWER at term 79 for DISCOVERED_A_NEW_TERM
2019-10-17 07:10:32,651 [decc5551-dd4b-40dc-8ff5-b6b450d67f6f@group-42ACBF6EBE4E-LeaderElection150] INFO  impl.RoleInfo (RoleInfo.java:shutdownLeaderElection(134)) - decc5551-dd4b-40dc-8ff5-b6b450d67f6f: shutdown LeaderElection
2019-10-17 07:10:32,652 [decc5551-dd4b-40dc-8ff5-b6b450d67f6f@group-42ACBF6EBE4E-LeaderElection150] INFO  impl.RoleInfo (RoleInfo.java:updateAndGet(143)) - decc5551-dd4b-40dc-8ff5-b6b450d67f6f: start FollowerState
2019-10-17 07:10:32,664 [5c4ee31d-c5ed-4c65-a5df-da3e3cf53ac2@group-233C052D78D6-LeaderElection151] INFO  impl.LeaderElection (LeaderElection.java:askForVotes(178)) - 5c4ee31d-c5ed-4c65-a5df-da3e3cf53ac2@group-233C052D78D6-LeaderElection151: begin an election at term 76 for -1: [67ae3572-7d88-4e50-b53b-0f48f6748b38:192.168.157.211:41299, 831edaa1-80a5-4091-843f-90c648a5a79d:192.168.157.211:44365, 5c4ee31d-c5ed-4c65-a5df-da3e3cf53ac2:192.168.157.211:45059], old=null
2019-10-17 07:10:32,666 [grpc-default-executor-3] INFO  impl.RaftServerImpl (RaftServerImpl.java:setRole(184)) - 67ae3572-7d88-4e50-b53b-0f48f6748b38@group-233C052D78D6: changes role from  FOLLOWER to FOLLOWER at term 76 for recognizeCandidate:5c4ee31d-c5ed-4c65-a5df-da3e3cf53ac2
2019-10-17 07:10:32,666 [grpc-default-executor-3] INFO  impl.RoleInfo (RoleInfo.java:shutdownFollowerState(121)) - 67ae3572-7d88-4e50-b53b-0f48f6748b38: shutdown FollowerState
2019-10-17 07:10:32,666 [grpc-default-executor-3] INFO  impl.RoleInfo (RoleInfo.java:updateAndGet(143)) - 67ae3572-7d88-4e50-b53b-0f48f6748b38: start FollowerState
2019-10-17 07:10:32,666 [grpc-default-executor-11] INFO  impl.RaftServerImpl (RaftServerImpl.java:setRole(184)) - 831edaa1-80a5-4091-843f-90c648a5a79d@group-233C052D78D6: changes role from  FOLLOWER to FOLLOWER at term 76 for recognizeCandidate:5c4ee31d-c5ed-4c65-a5df-da3e3cf53ac2
2019-10-17 07:10:32,666 [grpc-default-executor-11] INFO  impl.RoleInfo (RoleInfo.java:shutdownFollowerState(121)) - 831edaa1-80a5-4091-843f-90c648a5a79d: shutdown FollowerState
2019-10-17 07:10:32,666 [Thread-1341] INFO  impl.FollowerState (FollowerState.java:run(117)) - 67ae3572-7d88-4e50-b53b-0f48f6748b38@group-233C052D78D6-FollowerState was interrupted: java.lang.InterruptedException: sleep interrupted
2019-10-17 07:10:32,667 [grpc-default-executor-11] INFO  impl.RoleInfo (RoleInfo.java:updateAndGet(143)) - 831edaa1-80a5-4091-843f-90c648a5a79d: start FollowerState
2019-10-17 07:10:32,667 [Thread-1342] INFO  impl.FollowerState (FollowerState.java:run(117)) - 831edaa1-80a5-4091-843f-90c648a5a79d@group-233C052D78D6-FollowerState was interrupted: java.lang.InterruptedException: sleep interrupted
2019-10-17 07:10:32,681 [5c4ee31d-c5ed-4c65-a5df-da3e3cf53ac2@group-233C052D78D6-LeaderElection151] INFO  impl.LeaderElection (LeaderElection.java:logAndReturn(56)) - 5c4ee31d-c5ed-4c65-a5df-da3e3cf53ac2@group-233C052D78D6-LeaderElection151: Election REJECTED; received 2 response(s) [5c4ee31d-c5ed-4c65-a5df-da3e3cf53ac2<-67ae3572-7d88-4e50-b53b-0f48f6748b38#0:FAIL-t76, 5c4ee31d-c5ed-4c65-a5df-da3e3cf53ac2<-831edaa1-80a5-4091-843f-90c648a5a79d#0:FAIL-t76] and 0 exception(s); 5c4ee31d-c5ed-4c65-a5df-da3e3cf53ac2@group-233C052D78D6:t76, leader=null, voted=5c4ee31d-c5ed-4c65-a5df-da3e3cf53ac2, raftlog=5c4ee31d-c5ed-4c65-a5df-da3e3cf53ac2@group-233C052D78D6-SegmentedRaftLog:OPENED:c-1,f-1,i0, conf=-1: [67ae3572-7d88-4e50-b53b-0f48f6748b38:192.168.157.211:41299, 831edaa1-80a5-4091-843f-90c648a5a79d:192.168.157.211:44365, 5c4ee31d-c5ed-4c65-a5df-da3e3cf53ac2:192.168.157.211:45059], old=null
2019-10-17 07:10:32,681 [5c4ee31d-c5ed-4c65-a5df-da3e3cf53ac2@group-233C052D78D6-LeaderElection151] INFO  impl.RaftServerImpl (RaftServerImpl.java:setRole(184)) - 5c4ee31d-c5ed-4c65-a5df-da3e3cf53ac2@group-233C052D78D6: changes role from CANDIDATE to FOLLOWER at term 76 for DISCOVERED_A_NEW_TERM
2019-10-17 07:10:32,682 [5c4ee31d-c5ed-4c65-a5df-da3e3cf53ac2@group-233C052D78D6-LeaderElection151] INFO  impl.RoleInfo (RoleInfo.java:shutdownLeaderElection(134)) - 5c4ee31d-c5ed-4c65-a5df-da3e3cf53ac2: shutdown LeaderElection
2019-10-17 07:10:32,682 [5c4ee31d-c5ed-4c65-a5df-da3e3cf53ac2@group-233C052D78D6-LeaderElection151] INFO  impl.RoleInfo (RoleInfo.java:updateAndGet(143)) - 5c4ee31d-c5ed-4c65-a5df-da3e3cf53ac2: start FollowerState
2019-10-17 07:10:32,744 [Thread-1354] INFO  impl.FollowerState (FollowerState.java:run(108)) - decc5551-dd4b-40dc-8ff5-b6b450d67f6f@group-42ACBF6EBE4E-FollowerState: change to CANDIDATE, lastRpcTime:92ms, electionTimeout:92ms
2019-10-17 07:10:32,744 [Thread-1354] INFO  impl.RoleInfo (RoleInfo.java:shutdownFollowerState(121)) - decc5551-dd4b-40dc-8ff5-b6b450d67f6f: shutdown FollowerState
2019-10-17 07:10:32,745 [Thread-1354] INFO  impl.RaftServerImpl (RaftServerImpl.java:setRole(184)) - decc5551-dd4b-40dc-8ff5-b6b450d67f6f@group-42ACBF6EBE4E: changes role from  FOLLOWER to CANDIDATE at term 79 for changeToCandidate
2019-10-17 07:10:32,745 [Thread-1354] INFO  impl.RoleInfo (RoleInfo.java:updateAndGet(143)) - decc5551-dd4b-40dc-8ff5-b6b450d67f6f: start LeaderElection
2019-10-17 07:10:32,759 [decc5551-dd4b-40dc-8ff5-b6b450d67f6f@group-42ACBF6EBE4E-LeaderElection152] INFO  impl.LeaderElection (LeaderElection.java:askForVotes(178)) - decc5551-dd4b-40dc-8ff5-b6b450d67f6f@group-42ACBF6EBE4E-LeaderElection152: begin an election at term 80 for -1: [215fceca-0555-458b-bc4f-ba38ff24d5ba:192.168.157.211:43803, decc5551-dd4b-40dc-8ff5-b6b450d67f6f:192.168.157.211:34435, 0c631657-10a5-4e2a-a322-8fc6c651b2ed:192.168.157.211:41694], old=null
2019-10-17 07:10:32,764 [grpc-default-executor-3] INFO  impl.RaftServerImpl (RaftServerImpl.java:setRole(184)) - 215fceca-0555-458b-bc4f-ba38ff24d5ba@group-42ACBF6EBE4E: changes role from  FOLLOWER to FOLLOWER at term 80 for recognizeCandidate:decc5551-dd4b-40dc-8ff5-b6b450d67f6f
2019-10-17 07:10:32,764 [grpc-default-executor-3] INFO  impl.RoleInfo (RoleInfo.java:shutdownFollowerState(121)) - 215fceca-0555-458b-bc4f-ba38ff24d5ba: shutdown FollowerState
2019-10-17 07:10:32,764 [grpc-default-executor-11] INFO  impl.RaftServerImpl (RaftServerImpl.java:setRole(184)) - 0c631657-10a5-4e2a-a322-8fc6c651b2ed@group-42ACBF6EBE4E: changes role from  FOLLOWER to FOLLOWER at term 80 for recognizeCandidate:decc5551-dd4b-40dc-8ff5-b6b450d67f6f
2019-10-17 07:10:32,764 [Thread-1351] INFO  impl.FollowerState (FollowerState.java:run(117)) - 215fceca-0555-458b-bc4f-ba38ff24d5ba@group-42ACBF6EBE4E-FollowerState was interrupted: java.lang.InterruptedException: sleep interrupted
2019-10-17 07:10:32,764 [grpc-default-executor-3] INFO  impl.RoleInfo (RoleInfo.java:updateAndGet(143)) - 215fceca-0555-458b-bc4f-ba38ff24d5ba: start FollowerState
2019-10-17 07:10:32,765 [grpc-default-executor-11] INFO  impl.RoleInfo (RoleInfo.java:shutdownFollowerState(121)) - 0c631657-10a5-4e2a-a322-8fc6c651b2ed: shutdown FollowerState
2019-10-17 07:10:32,765 [grpc-default-executor-11] INFO  impl.RoleInfo (RoleInfo.java:updateAndGet(143)) - 0c631657-10a5-4e2a-a322-8fc6c651b2ed: start FollowerState
2019-10-17 07:10:32,765 [Thread-1352] INFO  impl.FollowerState (FollowerState.java:run(117)) - 0c631657-10a5-4e2a-a322-8fc6c651b2ed@group-42ACBF6EBE4E-FollowerState was interrupted: java.lang.InterruptedException: sleep interrupted
2019-10-17 07:10:32,779 [decc5551-dd4b-40dc-8ff5-b6b450d67f6f@group-42ACBF6EBE4E-LeaderElection152] INFO  impl.LeaderElection (LeaderElection.java:logAndReturn(56)) - decc5551-dd4b-40dc-8ff5-b6b450d67f6f@group-42ACBF6EBE4E-LeaderElection152: Election REJECTED; received 2 response(s) [decc5551-dd4b-40dc-8ff5-b6b450d67f6f<-215fceca-0555-458b-bc4f-ba38ff24d5ba#0:FAIL-t80, decc5551-dd4b-40dc-8ff5-b6b450d67f6f<-0c631657-10a5-4e2a-a322-8fc6c651b2ed#0:FAIL-t80] and 0 exception(s); decc5551-dd4b-40dc-8ff5-b6b450d67f6f@group-42ACBF6EBE4E:t80, leader=null, voted=decc5551-dd4b-40dc-8ff5-b6b450d67f6f, raftlog=decc5551-dd4b-40dc-8ff5-b6b450d67f6f@group-42ACBF6EBE4E-SegmentedRaftLog:OPENED:c-1,f-1,i0, conf=-1: [215fceca-0555-458b-bc4f-ba38ff24d5ba:192.168.157.211:43803, decc5551-dd4b-40dc-8ff5-b6b450d67f6f:192.168.157.211:34435, 0c631657-10a5-4e2a-a322-8fc6c651b2ed:192.168.157.211:41694], old=null
2019-10-17 07:10:32,779 [decc5551-dd4b-40dc-8ff5-b6b450d67f6f@group-42ACBF6EBE4E-LeaderElection152] INFO  impl.RaftServerImpl (RaftServerImpl.java:setRole(184)) - decc5551-dd4b-40dc-8ff5-b6b450d67f6f@group-42ACBF6EBE4E: changes role from CANDIDATE to FOLLOWER at term 80 for DISCOVERED_A_NEW_TERM
2019-10-17 07:10:32,780 [decc5551-dd4b-40dc-8ff5-b6b450d67f6f@group-42ACBF6EBE4E-LeaderElection152] INFO  impl.RoleInfo (RoleInfo.java:shutdownLeaderElection(134)) - decc5551-dd4b-40dc-8ff5-b6b450d67f6f: shutdown LeaderElection
2019-10-17 07:10:32,780 [decc5551-dd4b-40dc-8ff5-b6b450d67f6f@group-42ACBF6EBE4E-LeaderElection152] INFO  impl.RoleInfo (RoleInfo.java:updateAndGet(143)) - decc5551-dd4b-40dc-8ff5-b6b450d67f6f: start FollowerState
2019-10-17 07:10:32,861 [Thread-1365] INFO  impl.FollowerState (FollowerState.java:run(108)) - decc5551-dd4b-40dc-8ff5-b6b450d67f6f@group-42ACBF6EBE4E-FollowerState: change to CANDIDATE, lastRpcTime:81ms, electionTimeout:81ms
2019-10-17 07:10:32,861 [Thread-1365] INFO  impl.RoleInfo (RoleInfo.java:shutdownFollowerState(121)) - decc5551-dd4b-40dc-8ff5-b6b450d67f6f: shutdown FollowerState
2019-10-17 07:10:32,861 [Thread-1365] INFO  impl.RaftServerImpl (RaftServerImpl.java:setRole(184)) - decc5551-dd4b-40dc-8ff5-b6b450d67f6f@group-42ACBF6EBE4E: changes role from  FOLLOWER to CANDIDATE at term 80 for changeToCandidate
2019-10-17 07:10:32,862 [Thread-1365] INFO  impl.RoleInfo (RoleInfo.java:updateAndGet(143)) - decc5551-dd4b-40dc-8ff5-b6b450d67f6f: start LeaderElection
2019-10-17 07:10:32,875 [decc5551-dd4b-40dc-8ff5-b6b450d67f6f@group-42ACBF6EBE4E-LeaderElection153] INFO  impl.LeaderElection (LeaderElection.java:askForVotes(178)) - decc5551-dd4b-40dc-8ff5-b6b450d67f6f@group-42ACBF6EBE4E-LeaderElection153: begin an election at term 81 for -1: [215fceca-0555-458b-bc4f-ba38ff24d5ba:192.168.157.211:43803, decc5551-dd4b-40dc-8ff5-b6b450d67f6f:192.168.157.211:34435, 0c631657-10a5-4e2a-a322-8fc6c651b2ed:192.168.157.211:41694], old=null
2019-10-17 07:10:32,877 [grpc-default-executor-3] INFO  impl.RaftServerImpl (RaftServerImpl.java:setRole(184)) - 0c631657-10a5-4e2a-a322-8fc6c651b2ed@group-42ACBF6EBE4E: changes role from  FOLLOWER to FOLLOWER at term 81 for recognizeCandidate:decc5551-dd4b-40dc-8ff5-b6b450d67f6f
2019-10-17 07:10:32,877 [grpc-default-executor-3] INFO  impl.RoleInfo (RoleInfo.java:shutdownFollowerState(121)) - 0c631657-10a5-4e2a-a322-8fc6c651b2ed: shutdown FollowerState
2019-10-17 07:10:32,877 [grpc-default-executor-11] INFO  impl.RaftServerImpl (RaftServerImpl.java:setRole(184)) - 215fceca-0555-458b-bc4f-ba38ff24d5ba@group-42ACBF6EBE4E: changes role from  FOLLOWER to FOLLOWER at term 81 for recognizeCandidate:decc5551-dd4b-40dc-8ff5-b6b450d67f6f
2019-10-17 07:10:32,877 [grpc-default-executor-3] INFO  impl.RoleInfo (RoleInfo.java:updateAndGet(143)) - 0c631657-10a5-4e2a-a322-8fc6c651b2ed: start FollowerState
2019-10-17 07:10:32,877 [Thread-1359] INFO  impl.FollowerState (FollowerState.java:run(108)) - 5c4ee31d-c5ed-4c65-a5df-da3e3cf53ac2@group-233C052D78D6-FollowerState: change to CANDIDATE, lastRpcTime:195ms, electionTimeout:195ms
2019-10-17 07:10:32,878 [Thread-1364] INFO  impl.FollowerState (FollowerState.java:run(117)) - 0c631657-10a5-4e2a-a322-8fc6c651b2ed@group-42ACBF6EBE4E-FollowerState was interrupted: java.lang.InterruptedException: sleep interrupted
2019-10-17 07:10:32,877 [grpc-default-executor-11] INFO  impl.RoleInfo (RoleInfo.java:shutdownFollowerState(121)) - 215fceca-0555-458b-bc4f-ba38ff24d5ba: shutdown FollowerState
2019-10-17 07:10:32,878 [Thread-1359] INFO  impl.RoleInfo (RoleInfo.java:shutdownFollowerState(121)) - 5c4ee31d-c5ed-4c65-a5df-da3e3cf53ac2: shutdown FollowerState
2019-10-17 07:10:32,878 [grpc-default-executor-11] INFO  impl.RoleInfo (RoleInfo.java:updateAndGet(143)) - 215fceca-0555-458b-bc4f-ba38ff24d5ba: start FollowerState
2019-10-17 07:10:32,878 [Thread-1363] INFO  impl.FollowerState (FollowerState.java:run(117)) - 215fceca-0555-458b-bc4f-ba38ff24d5ba@group-42ACBF6EBE4E-FollowerState was interrupted: java.lang.InterruptedException: sleep interrupted
2019-10-17 07:10:32,878 [Thread-1359] INFO  impl.RaftServerImpl (RaftServerImpl.java:setRole(184)) - 5c4ee31d-c5ed-4c65-a5df-da3e3cf53ac2@group-233C052D78D6: changes role from  FOLLOWER to CANDIDATE at term 76 for changeToCandidate
2019-10-17 07:10:32,879 [Thread-1359] INFO  impl.RoleInfo (RoleInfo.java:updateAndGet(143)) - 5c4ee31d-c5ed-4c65-a5df-da3e3cf53ac2: start LeaderElection
2019-10-17 07:10:32,891 [5c4ee31d-c5ed-4c65-a5df-da3e3cf53ac2@group-233C052D78D6-LeaderElection154] INFO  impl.LeaderElection (LeaderElection.java:askForVotes(178)) - 5c4ee31d-c5ed-4c65-a5df-da3e3cf53ac2@group-233C052D78D6-LeaderElection154: begin an election at term 77 for -1: [67ae3572-7d88-4e50-b53b-0f48f6748b38:192.168.157.211:41299, 831edaa1-80a5-4091-843f-90c648a5a79d:192.168.157.211:44365, 5c4ee31d-c5ed-4c65-a5df-da3e3cf53ac2:192.168.157.211:45059], old=null
2019-10-17 07:10:32,892 [decc5551-dd4b-40dc-8ff5-b6b450d67f6f@group-42ACBF6EBE4E-LeaderElection153] INFO  impl.LeaderElection (LeaderElection.java:logAndReturn(56)) - decc5551-dd4b-40dc-8ff5-b6b450d67f6f@group-42ACBF6EBE4E-LeaderElection153: Election REJECTED; received 2 response(s) [decc5551-dd4b-40dc-8ff5-b6b450d67f6f<-215fceca-0555-458b-bc4f-ba38ff24d5ba#0:FAIL-t81, decc5551-dd4b-40dc-8ff5-b6b450d67f6f<-0c631657-10a5-4e2a-a322-8fc6c651b2ed#0:FAIL-t81] and 0 exception(s); decc5551-dd4b-40dc-8ff5-b6b450d67f6f@group-42ACBF6EBE4E:t81, leader=null, voted=decc5551-dd4b-40dc-8ff5-b6b450d67f6f, raftlog=decc5551-dd4b-40dc-8ff5-b6b450d67f6f@group-42ACBF6EBE4E-SegmentedRaftLog:OPENED:c-1,f-1,i0, conf=-1: [215fceca-0555-458b-bc4f-ba38ff24d5ba:192.168.157.211:43803, decc5551-dd4b-40dc-8ff5-b6b450d67f6f:192.168.157.211:34435, 0c631657-10a5-4e2a-a322-8fc6c651b2ed:192.168.157.211:41694], old=null
2019-10-17 07:10:32,892 [decc5551-dd4b-40dc-8ff5-b6b450d67f6f@group-42ACBF6EBE4E-LeaderElection153] INFO  impl.RaftServerImpl (RaftServerImpl.java:setRole(184)) - decc5551-dd4b-40dc-8ff5-b6b450d67f6f@group-42ACBF6EBE4E: changes role from CANDIDATE to FOLLOWER at term 81 for DISCOVERED_A_NEW_TERM
2019-10-17 07:10:32,893 [decc5551-dd4b-40dc-8ff5-b6b450d67f6f@group-42ACBF6EBE4E-LeaderElection153] INFO  impl.RoleInfo (RoleInfo.java:shutdownLeaderElection(134)) - decc5551-dd4b-40dc-8ff5-b6b450d67f6f: shutdown LeaderElection
2019-10-17 07:10:32,893 [decc5551-dd4b-40dc-8ff5-b6b450d67f6f@group-42ACBF6EBE4E-LeaderElection153] INFO  impl.RoleInfo (RoleInfo.java:updateAndGet(143)) - decc5551-dd4b-40dc-8ff5-b6b450d67f6f: start FollowerState
2019-10-17 07:10:32,893 [grpc-default-executor-11] INFO  impl.RaftServerImpl (RaftServerImpl.java:setRole(184)) - 67ae3572-7d88-4e50-b53b-0f48f6748b38@group-233C052D78D6: changes role from  FOLLOWER to FOLLOWER at term 77 for recognizeCandidate:5c4ee31d-c5ed-4c65-a5df-da3e3cf53ac2
2019-10-17 07:10:32,894 [grpc-default-executor-11] INFO  impl.RoleInfo (RoleInfo.java:shutdownFollowerState(121)) - 67ae3572-7d88-4e50-b53b-0f48f6748b38: shutdown FollowerState
2019-10-17 07:10:32,894 [grpc-default-executor-11] INFO  impl.RoleInfo (RoleInfo.java:updateAndGet(143)) - 67ae3572-7d88-4e50-b53b-0f48f6748b38: start FollowerState
2019-10-17 07:10:32,894 [Thread-1357] INFO  impl.FollowerState (FollowerState.java:run(117)) - 67ae3572-7d88-4e50-b53b-0f48f6748b38@group-233C052D78D6-FollowerState was interrupted: java.lang.InterruptedException: sleep interrupted
2019-10-17 07:10:32,894 [grpc-default-executor-3] INFO  impl.RaftServerImpl (RaftServerImpl.java:setRole(184)) - 831edaa1-80a5-4091-843f-90c648a5a79d@group-233C052D78D6: changes role from  FOLLOWER to FOLLOWER at term 77 for recognizeCandidate:5c4ee31d-c5ed-4c65-a5df-da3e3cf53ac2
2019-10-17 07:10:32,894 [grpc-default-executor-3] INFO  impl.RoleInfo (RoleInfo.java:shutdownFollowerState(121)) - 831edaa1-80a5-4091-843f-90c648a5a79d: shutdown FollowerState
2019-10-17 07:10:32,895 [grpc-default-executor-3] INFO  impl.RoleInfo (RoleInfo.java:updateAndGet(143)) - 831edaa1-80a5-4091-843f-90c648a5a79d: start FollowerState
2019-10-17 07:10:32,895 [Thread-1358] INFO  impl.FollowerState (FollowerState.java:run(117)) - 831edaa1-80a5-4091-843f-90c648a5a79d@group-233C052D78D6-FollowerState was interrupted: java.lang.InterruptedException: sleep interrupted
2019-10-17 07:10:32,909 [5c4ee31d-c5ed-4c65-a5df-da3e3cf53ac2@group-233C052D78D6-LeaderElection154] INFO  impl.LeaderElection (LeaderElection.java:logAndReturn(56)) - 5c4ee31d-c5ed-4c65-a5df-da3e3cf53ac2@group-233C052D78D6-LeaderElection154: Election REJECTED; received 2 response(s) [5c4ee31d-c5ed-4c65-a5df-da3e3cf53ac2<-67ae3572-7d88-4e50-b53b-0f48f6748b38#0:FAIL-t77, 5c4ee31d-c5ed-4c65-a5df-da3e3cf53ac2<-831edaa1-80a5-4091-843f-90c648a5a79d#0:FAIL-t77] and 0 exception(s); 5c4ee31d-c5ed-4c65-a5df-da3e3cf53ac2@group-233C052D78D6:t77, leader=null, voted=5c4ee31d-c5ed-4c65-a5df-da3e3cf53ac2, raftlog=5c4ee31d-c5ed-4c65-a5df-da3e3cf53ac2@group-233C052D78D6-SegmentedRaftLog:OPENED:c-1,f-1,i0, conf=-1: [67ae3572-7d88-4e50-b53b-0f48f6748b38:192.168.157.211:41299, 831edaa1-80a5-4091-843f-90c648a5a79d:192.168.157.211:44365, 5c4ee31d-c5ed-4c65-a5df-da3e3cf53ac2:192.168.157.211:45059], old=null
2019-10-17 07:10:32,909 [5c4ee31d-c5ed-4c65-a5df-da3e3cf53ac2@group-233C052D78D6-LeaderElection154] INFO  impl.RaftServerImpl (RaftServerImpl.java:setRole(184)) - 5c4ee31d-c5ed-4c65-a5df-da3e3cf53ac2@group-233C052D78D6: changes role from CANDIDATE to FOLLOWER at term 77 for DISCOVERED_A_NEW_TERM
2019-10-17 07:10:32,909 [5c4ee31d-c5ed-4c65-a5df-da3e3cf53ac2@group-233C052D78D6-LeaderElection154] INFO  impl.RoleInfo (RoleInfo.java:shutdownLeaderElection(134)) - 5c4ee31d-c5ed-4c65-a5df-da3e3cf53ac2: shutdown LeaderElection
2019-10-17 07:10:32,909 [5c4ee31d-c5ed-4c65-a5df-da3e3cf53ac2@group-233C052D78D6-LeaderElection154] INFO  impl.RoleInfo (RoleInfo.java:updateAndGet(143)) - 5c4ee31d-c5ed-4c65-a5df-da3e3cf53ac2: start FollowerState
2019-10-17 07:10:33,040 [Thread-1377] INFO  impl.FollowerState (FollowerState.java:run(108)) - 5c4ee31d-c5ed-4c65-a5df-da3e3cf53ac2@group-233C052D78D6-FollowerState: change to CANDIDATE, lastRpcTime:130ms, electionTimeout:130ms
2019-10-17 07:10:33,040 [Thread-1377] INFO  impl.RoleInfo (RoleInfo.java:shutdownFollowerState(121)) - 5c4ee31d-c5ed-4c65-a5df-da3e3cf53ac2: shutdown FollowerState
2019-10-17 07:10:33,040 [Thread-1377] INFO  impl.RaftServerImpl (RaftServerImpl.java:setRole(184)) - 5c4ee31d-c5ed-4c65-a5df-da3e3cf53ac2@group-233C052D78D6: changes role from  FOLLOWER to CANDIDATE at term 77 for changeToCandidate
2019-10-17 07:10:33,040 [Thread-1377] INFO  impl.RoleInfo (RoleInfo.java:updateAndGet(143)) - 5c4ee31d-c5ed-4c65-a5df-da3e3cf53ac2: start LeaderElection
2019-10-17 07:10:33,066 [5c4ee31d-c5ed-4c65-a5df-da3e3cf53ac2@group-233C052D78D6-LeaderElection155] INFO  impl.LeaderElection (LeaderElection.java:askForVotes(178)) - 5c4ee31d-c5ed-4c65-a5df-da3e3cf53ac2@group-233C052D78D6-LeaderElection155: begin an election at term 78 for -1: [67ae3572-7d88-4e50-b53b-0f48f6748b38:192.168.157.211:41299, 831edaa1-80a5-4091-843f-90c648a5a79d:192.168.157.211:44365, 5c4ee31d-c5ed-4c65-a5df-da3e3cf53ac2:192.168.157.211:45059], old=null
2019-10-17 07:10:33,067 [Thread-1374] INFO  impl.FollowerState (FollowerState.java:run(108)) - decc5551-dd4b-40dc-8ff5-b6b450d67f6f@group-42ACBF6EBE4E-FollowerState: change to CANDIDATE, lastRpcTime:174ms, electionTimeout:174ms
2019-10-17 07:10:33,067 [Thread-1374] INFO  impl.RoleInfo (RoleInfo.java:shutdownFollowerState(121)) - decc5551-dd4b-40dc-8ff5-b6b450d67f6f: shutdown FollowerState
2019-10-17 07:10:33,068 [Thread-1374] INFO  impl.RaftServerImpl (RaftServerImpl.java:setRole(184)) - decc5551-dd4b-40dc-8ff5-b6b450d67f6f@group-42ACBF6EBE4E: changes role from  FOLLOWER to CANDIDATE at term 81 for changeToCandidate
2019-10-17 07:10:33,068 [Thread-1374] INFO  impl.RoleInfo (RoleInfo.java:updateAndGet(143)) - decc5551-dd4b-40dc-8ff5-b6b450d67f6f: start LeaderElection
2019-10-17 07:10:33,069 [grpc-default-executor-11] INFO  impl.RaftServerImpl (RaftServerImpl.java:setRole(184)) - 67ae3572-7d88-4e50-b53b-0f48f6748b38@group-233C052D78D6: changes role from  FOLLOWER to FOLLOWER at term 78 for recognizeCandidate:5c4ee31d-c5ed-4c65-a5df-da3e3cf53ac2
2019-10-17 07:10:33,069 [grpc-default-executor-11] INFO  impl.RoleInfo (RoleInfo.java:shutdownFollowerState(121)) - 67ae3572-7d88-4e50-b53b-0f48f6748b38: shutdown FollowerState
2019-10-17 07:10:33,069 [grpc-default-executor-3] INFO  impl.RaftServerImpl (RaftServerImpl.java:setRole(184)) - 831edaa1-80a5-4091-843f-90c648a5a79d@group-233C052D78D6: changes role from  FOLLOWER to FOLLOWER at term 78 for recognizeCandidate:5c4ee31d-c5ed-4c65-a5df-da3e3cf53ac2
2019-10-17 07:10:33,069 [Thread-1375] INFO  impl.FollowerState (FollowerState.java:run(117)) - 67ae3572-7d88-4e50-b53b-0f48f6748b38@group-233C052D78D6-FollowerState was interrupted: java.lang.InterruptedException: sleep interrupted
2019-10-17 07:10:33,069 [grpc-default-executor-11] INFO  impl.RoleInfo (RoleInfo.java:updateAndGet(143)) - 67ae3572-7d88-4e50-b53b-0f48f6748b38: start FollowerState
2019-10-17 07:10:33,070 [grpc-default-executor-3] INFO  impl.RoleInfo (RoleInfo.java:shutdownFollowerState(121)) - 831edaa1-80a5-4091-843f-90c648a5a79d: shutdown FollowerState
2019-10-17 07:10:33,070 [grpc-default-executor-3] INFO  impl.RoleInfo (RoleInfo.java:updateAndGet(143)) - 831edaa1-80a5-4091-843f-90c648a5a79d: start FollowerState
2019-10-17 07:10:33,070 [Thread-1376] INFO  impl.FollowerState (FollowerState.java:run(117)) - 831edaa1-80a5-4091-843f-90c648a5a79d@group-233C052D78D6-FollowerState was interrupted: java.lang.InterruptedException: sleep interrupted
2019-10-17 07:10:33,094 [decc5551-dd4b-40dc-8ff5-b6b450d67f6f@group-42ACBF6EBE4E-LeaderElection156] INFO  impl.LeaderElection (LeaderElection.java:askForVotes(178)) - decc5551-dd4b-40dc-8ff5-b6b450d67f6f@group-42ACBF6EBE4E-LeaderElection156: begin an election at term 82 for -1: [215fceca-0555-458b-bc4f-ba38ff24d5ba:192.168.157.211:43803, decc5551-dd4b-40dc-8ff5-b6b450d67f6f:192.168.157.211:34435, 0c631657-10a5-4e2a-a322-8fc6c651b2ed:192.168.157.211:41694], old=null
2019-10-17 07:10:33,095 [5c4ee31d-c5ed-4c65-a5df-da3e3cf53ac2@group-233C052D78D6-LeaderElection155] INFO  impl.LeaderElection (LeaderElection.java:logAndReturn(56)) - 5c4ee31d-c5ed-4c65-a5df-da3e3cf53ac2@group-233C052D78D6-LeaderElection155: Election REJECTED; received 2 response(s) [5c4ee31d-c5ed-4c65-a5df-da3e3cf53ac2<-67ae3572-7d88-4e50-b53b-0f48f6748b38#0:FAIL-t78, 5c4ee31d-c5ed-4c65-a5df-da3e3cf53ac2<-831edaa1-80a5-4091-843f-90c648a5a79d#0:FAIL-t78] and 0 exception(s); 5c4ee31d-c5ed-4c65-a5df-da3e3cf53ac2@group-233C052D78D6:t78, leader=null, voted=5c4ee31d-c5ed-4c65-a5df-da3e3cf53ac2, raftlog=5c4ee31d-c5ed-4c65-a5df-da3e3cf53ac2@group-233C052D78D6-SegmentedRaftLog:OPENED:c-1,f-1,i0, conf=-1: [67ae3572-7d88-4e50-b53b-0f48f6748b38:192.168.157.211:41299, 831edaa1-80a5-4091-843f-90c648a5a79d:192.168.157.211:44365, 5c4ee31d-c5ed-4c65-a5df-da3e3cf53ac2:192.168.157.211:45059], old=null
2019-10-17 07:10:33,095 [5c4ee31d-c5ed-4c65-a5df-da3e3cf53ac2@group-233C052D78D6-LeaderElection155] INFO  impl.RaftServerImpl (RaftServerImpl.java:setRole(184)) - 5c4ee31d-c5ed-4c65-a5df-da3e3cf53ac2@group-233C052D78D6: changes role from CANDIDATE to FOLLOWER at term 78 for DISCOVERED_A_NEW_TERM
2019-10-17 07:10:33,095 [5c4ee31d-c5ed-4c65-a5df-da3e3cf53ac2@group-233C052D78D6-LeaderElection155] INFO  impl.RoleInfo (RoleInfo.java:shutdownLeaderElection(134)) - 5c4ee31d-c5ed-4c65-a5df-da3e3cf53ac2: shutdown LeaderElection
2019-10-17 07:10:33,095 [5c4ee31d-c5ed-4c65-a5df-da3e3cf53ac2@group-233C052D78D6-LeaderElection155] INFO  impl.RoleInfo (RoleInfo.java:updateAndGet(143)) - 5c4ee31d-c5ed-4c65-a5df-da3e3cf53ac2: start FollowerState
2019-10-17 07:10:33,096 [grpc-default-executor-3] INFO  impl.RaftServerImpl (RaftServerImpl.java:setRole(184)) - 0c631657-10a5-4e2a-a322-8fc6c651b2ed@group-42ACBF6EBE4E: changes role from  FOLLOWER to FOLLOWER at term 82 for recognizeCandidate:decc5551-dd4b-40dc-8ff5-b6b450d67f6f
2019-10-17 07:10:33,096 [grpc-default-executor-11] INFO  impl.RaftServerImpl (RaftServerImpl.java:setRole(184)) - 215fceca-0555-458b-bc4f-ba38ff24d5ba@group-42ACBF6EBE4E: changes role from  FOLLOWER to FOLLOWER at term 82 for recognizeCandidate:decc5551-dd4b-40dc-8ff5-b6b450d67f6f
2019-10-17 07:10:33,096 [grpc-default-executor-3] INFO  impl.RoleInfo (RoleInfo.java:shutdownFollowerState(121)) - 0c631657-10a5-4e2a-a322-8fc6c651b2ed: shutdown FollowerState
2019-10-17 07:10:33,096 [grpc-default-executor-11] INFO  impl.RoleInfo (RoleInfo.java:shutdownFollowerState(121)) - 215fceca-0555-458b-bc4f-ba38ff24d5ba: shutdown FollowerState
2019-10-17 07:10:33,097 [Thread-1369] INFO  impl.FollowerState (FollowerState.java:run(117)) - 0c631657-10a5-4e2a-a322-8fc6c651b2ed@group-42ACBF6EBE4E-FollowerState was interrupted: java.lang.InterruptedException: sleep interrupted
2019-10-17 07:10:33,097 [grpc-default-executor-3] INFO  impl.RoleInfo (RoleInfo.java:updateAndGet(143)) - 0c631657-10a5-4e2a-a322-8fc6c651b2ed: start FollowerState
2019-10-17 07:10:33,097 [Thread-1370] INFO  impl.FollowerState (FollowerState.java:run(117)) - 215fceca-0555-458b-bc4f-ba38ff24d5ba@group-42ACBF6EBE4E-FollowerState was interrupted: java.lang.InterruptedException: sleep interrupted
2019-10-17 07:10:33,097 [grpc-default-executor-11] INFO  impl.RoleInfo (RoleInfo.java:updateAndGet(143)) - 215fceca-0555-458b-bc4f-ba38ff24d5ba: start FollowerState
2019-10-17 07:10:33,122 [decc5551-dd4b-40dc-8ff5-b6b450d67f6f@group-42ACBF6EBE4E-LeaderElection156] INFO  impl.LeaderElection (LeaderElection.java:logAndReturn(56)) - decc5551-dd4b-40dc-8ff5-b6b450d67f6f@group-42ACBF6EBE4E-LeaderElection156: Election TIMEOUT; received 0 response(s) [] and 0 exception(s); decc5551-dd4b-40dc-8ff5-b6b450d67f6f@group-42ACBF6EBE4E:t82, leader=null, voted=decc5551-dd4b-40dc-8ff5-b6b450d67f6f, raftlog=decc5551-dd4b-40dc-8ff5-b6b450d67f6f@group-42ACBF6EBE4E-SegmentedRaftLog:OPENED:c-1,f-1,i0, conf=-1: [215fceca-0555-458b-bc4f-ba38ff24d5ba:192.168.157.211:43803, decc5551-dd4b-40dc-8ff5-b6b450d67f6f:192.168.157.211:34435, 0c631657-10a5-4e2a-a322-8fc6c651b2ed:192.168.157.211:41694], old=null
2019-10-17 07:10:33,158 [Thread-1388] INFO  impl.FollowerState (FollowerState.java:run(108)) - 5c4ee31d-c5ed-4c65-a5df-da3e3cf53ac2@group-233C052D78D6-FollowerState: change to CANDIDATE, lastRpcTime:63ms, electionTimeout:63ms
2019-10-17 07:10:33,159 [Thread-1388] INFO  impl.RoleInfo (RoleInfo.java:shutdownFollowerState(121)) - 5c4ee31d-c5ed-4c65-a5df-da3e3cf53ac2: shutdown FollowerState
2019-10-17 07:10:33,159 [Thread-1388] INFO  impl.RaftServerImpl (RaftServerImpl.java:setRole(184)) - 5c4ee31d-c5ed-4c65-a5df-da3e3cf53ac2@group-233C052D78D6: changes role from  FOLLOWER to CANDIDATE at term 78 for changeToCandidate
2019-10-17 07:10:33,159 [Thread-1388] INFO  impl.RoleInfo (RoleInfo.java:updateAndGet(143)) - 5c4ee31d-c5ed-4c65-a5df-da3e3cf53ac2: start LeaderElection
2019-10-17 07:10:33,161 [decc5551-dd4b-40dc-8ff5-b6b450d67f6f@group-42ACBF6EBE4E-LeaderElection156] INFO  impl.LeaderElection (LeaderElection.java:askForVotes(178)) - decc5551-dd4b-40dc-8ff5-b6b450d67f6f@group-42ACBF6EBE4E-LeaderElection156: begin an election at term 83 for -1: [215fceca-0555-458b-bc4f-ba38ff24d5ba:192.168.157.211:43803, decc5551-dd4b-40dc-8ff5-b6b450d67f6f:192.168.157.211:34435, 0c631657-10a5-4e2a-a322-8fc6c651b2ed:192.168.157.211:41694], old=null
2019-10-17 07:10:33,164 [5c4ee31d-c5ed-4c65-a5df-da3e3cf53ac2@group-233C052D78D6-LeaderElection157] INFO  impl.LeaderElection (LeaderElection.java:askForVotes(178)) - 5c4ee31d-c5ed-4c65-a5df-da3e3cf53ac2@group-233C052D78D6-LeaderElection157: begin an election at term 79 for -1: [67ae3572-7d88-4e50-b53b-0f48f6748b38:192.168.157.211:41299, 831edaa1-80a5-4091-843f-90c648a5a79d:192.168.157.211:44365, 5c4ee31d-c5ed-4c65-a5df-da3e3cf53ac2:192.168.157.211:45059], old=null
2019-10-17 07:10:33,164 [grpc-default-executor-3] INFO  impl.RaftServerImpl (RaftServerImpl.java:setRole(184)) - 215fceca-0555-458b-bc4f-ba38ff24d5ba@group-42ACBF6EBE4E: changes role from  FOLLOWER to FOLLOWER at term 83 for recognizeCandidate:decc5551-dd4b-40dc-8ff5-b6b450d67f6f
2019-10-17 07:10:33,164 [grpc-default-executor-11] INFO  impl.RaftServerImpl (RaftServerImpl.java:setRole(184)) - 0c631657-10a5-4e2a-a322-8fc6c651b2ed@group-42ACBF6EBE4E: changes role from  FOLLOWER to FOLLOWER at term 83 for recognizeCandidate:decc5551-dd4b-40dc-8ff5-b6b450d67f6f
2019-10-17 07:10:33,164 [grpc-default-executor-3] INFO  impl.RoleInfo (RoleInfo.java:shutdownFollowerState(121)) - 215fceca-0555-458b-bc4f-ba38ff24d5ba: shutdown FollowerState
2019-10-17 07:10:33,164 [grpc-default-executor-11] INFO  impl.RoleInfo (RoleInfo.java:shutdownFollowerState(121)) - 0c631657-10a5-4e2a-a322-8fc6c651b2ed: shutdown FollowerState
2019-10-17 07:10:33,165 [grpc-default-executor-3] INFO  impl.RoleInfo (RoleInfo.java:updateAndGet(143)) - 215fceca-0555-458b-bc4f-ba38ff24d5ba: start FollowerState
2019-10-17 07:10:33,165 [Thread-1389] INFO  impl.FollowerState (FollowerState.java:run(117)) - 0c631657-10a5-4e2a-a322-8fc6c651b2ed@group-42ACBF6EBE4E-FollowerState was interrupted: java.lang.InterruptedException: sleep interrupted
2019-10-17 07:10:33,165 [Thread-1390] INFO  impl.FollowerState (FollowerState.java:run(117)) - 215fceca-0555-458b-bc4f-ba38ff24d5ba@group-42ACBF6EBE4E-FollowerState was interrupted: java.lang.InterruptedException: sleep interrupted
2019-10-17 07:10:33,165 [grpc-default-executor-11] INFO  impl.RoleInfo (RoleInfo.java:updateAndGet(143)) - 0c631657-10a5-4e2a-a322-8fc6c651b2ed: start FollowerState
2019-10-17 07:10:33,166 [grpc-default-executor-9] INFO  impl.RaftServerImpl (RaftServerImpl.java:setRole(184)) - 67ae3572-7d88-4e50-b53b-0f48f6748b38@group-233C052D78D6: changes role from  FOLLOWER to FOLLOWER at term 79 for recognizeCandidate:5c4ee31d-c5ed-4c65-a5df-da3e3cf53ac2
2019-10-17 07:10:33,166 [grpc-default-executor-9] INFO  impl.RoleInfo (RoleInfo.java:shutdownFollowerState(121)) - 67ae3572-7d88-4e50-b53b-0f48f6748b38: shutdown FollowerState
2019-10-17 07:10:33,166 [grpc-default-executor-10] INFO  impl.RaftServerImpl (RaftServerImpl.java:setRole(184)) - 831edaa1-80a5-4091-843f-90c648a5a79d@group-233C052D78D6: changes role from  FOLLOWER to FOLLOWER at term 79 for recognizeCandidate:5c4ee31d-c5ed-4c65-a5df-da3e3cf53ac2
2019-10-17 07:10:33,166 [Thread-1384] INFO  impl.FollowerState (FollowerState.java:run(117)) - 67ae3572-7d88-4e50-b53b-0f48f6748b38@group-233C052D78D6-FollowerState was interrupted: java.lang.InterruptedException: sleep interrupted
2019-10-17 07:10:33,166 [grpc-default-executor-9] INFO  impl.RoleInfo (RoleInfo.java:updateAndGet(143)) - 67ae3572-7d88-4e50-b53b-0f48f6748b38: start FollowerState
2019-10-17 07:10:33,166 [grpc-default-executor-10] INFO  impl.RoleInfo (RoleInfo.java:shutdownFollowerState(121)) - 831edaa1-80a5-4091-843f-90c648a5a79d: shutdown FollowerState
2019-10-17 07:10:33,167 [grpc-default-executor-10] INFO  impl.RoleInfo (RoleInfo.java:updateAndGet(143)) - 831edaa1-80a5-4091-843f-90c648a5a79d: start FollowerState
2019-10-17 07:10:33,167 [Thread-1385] INFO  impl.FollowerState (FollowerState.java:run(117)) - 831edaa1-80a5-4091-843f-90c648a5a79d@group-233C052D78D6-FollowerState was interrupted: java.lang.InterruptedException: sleep interrupted
2019-10-17 07:10:33,189 [decc5551-dd4b-40dc-8ff5-b6b450d67f6f@group-42ACBF6EBE4E-LeaderElection156] INFO  impl.LeaderElection (LeaderElection.java:logAndReturn(56)) - decc5551-dd4b-40dc-8ff5-b6b450d67f6f@group-42ACBF6EBE4E-LeaderElection156: Election REJECTED; received 2 response(s) [decc5551-dd4b-40dc-8ff5-b6b450d67f6f<-215fceca-0555-458b-bc4f-ba38ff24d5ba#0:FAIL-t83, decc5551-dd4b-40dc-8ff5-b6b450d67f6f<-0c631657-10a5-4e2a-a322-8fc6c651b2ed#0:FAIL-t83] and 0 exception(s); decc5551-dd4b-40dc-8ff5-b6b450d67f6f@group-42ACBF6EBE4E:t83, leader=null, voted=decc5551-dd4b-40dc-8ff5-b6b450d67f6f, raftlog=decc5551-dd4b-40dc-8ff5-b6b450d67f6f@group-42ACBF6EBE4E-SegmentedRaftLog:OPENED:c-1,f-1,i0, conf=-1: [215fceca-0555-458b-bc4f-ba38ff24d5ba:192.168.157.211:43803, decc5551-dd4b-40dc-8ff5-b6b450d67f6f:192.168.157.211:34435, 0c631657-10a5-4e2a-a322-8fc6c651b2ed:192.168.157.211:41694], old=null
2019-10-17 07:10:33,190 [5c4ee31d-c5ed-4c65-a5df-da3e3cf53ac2@group-233C052D78D6-LeaderElection157] INFO  impl.LeaderElection (LeaderElection.java:logAndReturn(56)) - 5c4ee31d-c5ed-4c65-a5df-da3e3cf53ac2@group-233C052D78D6-LeaderElection157: Election REJECTED; received 2 response(s) [5c4ee31d-c5ed-4c65-a5df-da3e3cf53ac2<-67ae3572-7d88-4e50-b53b-0f48f6748b38#0:FAIL-t79, 5c4ee31d-c5ed-4c65-a5df-da3e3cf53ac2<-831edaa1-80a5-4091-843f-90c648a5a79d#0:FAIL-t79] and 0 exception(s); 5c4ee31d-c5ed-4c65-a5df-da3e3cf53ac2@group-233C052D78D6:t79, leader=null, voted=5c4ee31d-c5ed-4c65-a5df-da3e3cf53ac2, raftlog=5c4ee31d-c5ed-4c65-a5df-da3e3cf53ac2@group-233C052D78D6-SegmentedRaftLog:OPENED:c-1,f-1,i0, conf=-1: [67ae3572-7d88-4e50-b53b-0f48f6748b38:192.168.157.211:41299, 831edaa1-80a5-4091-843f-90c648a5a79d:192.168.157.211:44365, 5c4ee31d-c5ed-4c65-a5df-da3e3cf53ac2:192.168.157.211:45059], old=null
2019-10-17 07:10:33,190 [decc5551-dd4b-40dc-8ff5-b6b450d67f6f@group-42ACBF6EBE4E-LeaderElection156] INFO  impl.RaftServerImpl (RaftServerImpl.java:setRole(184)) - decc5551-dd4b-40dc-8ff5-b6b450d67f6f@group-42ACBF6EBE4E: changes role from CANDIDATE to FOLLOWER at term 83 for DISCOVERED_A_NEW_TERM
2019-10-17 07:10:33,190 [5c4ee31d-c5ed-4c65-a5df-da3e3cf53ac2@group-233C052D78D6-LeaderElection157] INFO  impl.RaftServerImpl (RaftServerImpl.java:setRole(184)) - 5c4ee31d-c5ed-4c65-a5df-da3e3cf53ac2@group-233C052D78D6: changes role from CANDIDATE to FOLLOWER at term 79 for DISCOVERED_A_NEW_TERM
2019-10-17 07:10:33,190 [decc5551-dd4b-40dc-8ff5-b6b450d67f6f@group-42ACBF6EBE4E-LeaderElection156] INFO  impl.RoleInfo (RoleInfo.java:shutdownLeaderElection(134)) - decc5551-dd4b-40dc-8ff5-b6b450d67f6f: shutdown LeaderElection
2019-10-17 07:10:33,190 [5c4ee31d-c5ed-4c65-a5df-da3e3cf53ac2@group-233C052D78D6-LeaderElection157] INFO  impl.RoleInfo (RoleInfo.java:shutdownLeaderElection(134)) - 5c4ee31d-c5ed-4c65-a5df-da3e3cf53ac2: shutdown LeaderElection
2019-10-17 07:10:33,190 [decc5551-dd4b-40dc-8ff5-b6b450d67f6f@group-42ACBF6EBE4E-LeaderElection156] INFO  impl.RoleInfo (RoleInfo.java:updateAndGet(143)) - decc5551-dd4b-40dc-8ff5-b6b450d67f6f: start FollowerState
2019-10-17 07:10:33,190 [5c4ee31d-c5ed-4c65-a5df-da3e3cf53ac2@group-233C052D78D6-LeaderElection157] INFO  impl.RoleInfo (RoleInfo.java:updateAndGet(143)) - 5c4ee31d-c5ed-4c65-a5df-da3e3cf53ac2: start FollowerState
2019-10-17 07:10:33,195 [Thread-1401] INFO  impl.FollowerState (FollowerState.java:run(108)) - 5c4ee31d-c5ed-4c65-a5df-da3e3cf53ac2@group-233C052D78D6-FollowerState: change to CANDIDATE, lastRpcTime:4ms, electionTimeout:4ms
2019-10-17 07:10:33,195 [Thread-1401] INFO  impl.RoleInfo (RoleInfo.java:shutdownFollowerState(121)) - 5c4ee31d-c5ed-4c65-a5df-da3e3cf53ac2: shutdown FollowerState
2019-10-17 07:10:33,195 [Thread-1401] INFO  impl.RaftServerImpl (RaftServerImpl.java:setRole(184)) - 5c4ee31d-c5ed-4c65-a5df-da3e3cf53ac2@group-233C052D78D6: changes role from  FOLLOWER to CANDIDATE at term 79 for changeToCandidate
2019-10-17 07:10:33,195 [Thread-1401] INFO  impl.RoleInfo (RoleInfo.java:updateAndGet(143)) - 5c4ee31d-c5ed-4c65-a5df-da3e3cf53ac2: start LeaderElection
2019-10-17 07:10:33,218 [5c4ee31d-c5ed-4c65-a5df-da3e3cf53ac2@group-233C052D78D6-LeaderElection158] INFO  impl.LeaderElection (LeaderElection.java:askForVotes(178)) - 5c4ee31d-c5ed-4c65-a5df-da3e3cf53ac2@group-233C052D78D6-LeaderElection158: begin an election at term 80 for -1: [67ae3572-7d88-4e50-b53b-0f48f6748b38:192.168.157.211:41299, 831edaa1-80a5-4091-843f-90c648a5a79d:192.168.157.211:44365, 5c4ee31d-c5ed-4c65-a5df-da3e3cf53ac2:192.168.157.211:45059], old=null
2019-10-17 07:10:33,220 [grpc-default-executor-9] INFO  impl.RaftServerImpl (RaftServerImpl.java:setRole(184)) - 67ae3572-7d88-4e50-b53b-0f48f6748b38@group-233C052D78D6: changes role from  FOLLOWER to FOLLOWER at term 80 for recognizeCandidate:5c4ee31d-c5ed-4c65-a5df-da3e3cf53ac2
2019-10-17 07:10:33,220 [grpc-default-executor-9] INFO  impl.RoleInfo (RoleInfo.java:shutdownFollowerState(121)) - 67ae3572-7d88-4e50-b53b-0f48f6748b38: shutdown FollowerState
2019-10-17 07:10:33,220 [grpc-default-executor-9] INFO  impl.RoleInfo (RoleInfo.java:updateAndGet(143)) - 67ae3572-7d88-4e50-b53b-0f48f6748b38: start FollowerState
2019-10-17 07:10:33,220 [Thread-1398] INFO  impl.FollowerState (FollowerState.java:run(117)) - 67ae3572-7d88-4e50-b53b-0f48f6748b38@group-233C052D78D6-FollowerState was interrupted: java.lang.InterruptedException: sleep interrupted
2019-10-17 07:10:33,221 [grpc-default-executor-10] INFO  impl.RaftServerImpl (RaftServerImpl.java:setRole(184)) - 831edaa1-80a5-4091-843f-90c648a5a79d@group-233C052D78D6: changes role from  FOLLOWER to FOLLOWER at term 80 for recognizeCandidate:5c4ee31d-c5ed-4c65-a5df-da3e3cf53ac2
2019-10-17 07:10:33,221 [grpc-default-executor-10] INFO  impl.RoleInfo (RoleInfo.java:shutdownFollowerState(121)) - 831edaa1-80a5-4091-843f-90c648a5a79d: shutdown FollowerState
2019-10-17 07:10:33,221 [grpc-default-executor-10] INFO  impl.RoleInfo (RoleInfo.java:updateAndGet(143)) - 831edaa1-80a5-4091-843f-90c648a5a79d: start FollowerState
2019-10-17 07:10:33,221 [Thread-1399] INFO  impl.FollowerState (FollowerState.java:run(117)) - 831edaa1-80a5-4091-843f-90c648a5a79d@group-233C052D78D6-FollowerState was interrupted: java.lang.InterruptedException: sleep interrupted
2019-10-17 07:10:33,230 [5c4ee31d-c5ed-4c65-a5df-da3e3cf53ac2@group-233C052D78D6-LeaderElection158] INFO  impl.LeaderElection (LeaderElection.java:logAndReturn(56)) - 5c4ee31d-c5ed-4c65-a5df-da3e3cf53ac2@group-233C052D78D6-LeaderElection158: Election REJECTED; received 2 response(s) [5c4ee31d-c5ed-4c65-a5df-da3e3cf53ac2<-67ae3572-7d88-4e50-b53b-0f48f6748b38#0:FAIL-t80, 5c4ee31d-c5ed-4c65-a5df-da3e3cf53ac2<-831edaa1-80a5-4091-843f-90c648a5a79d#0:FAIL-t80] and 0 exception(s); 5c4ee31d-c5ed-4c65-a5df-da3e3cf53ac2@group-233C052D78D6:t80, leader=null, voted=5c4ee31d-c5ed-4c65-a5df-da3e3cf53ac2, raftlog=5c4ee31d-c5ed-4c65-a5df-da3e3cf53ac2@group-233C052D78D6-SegmentedRaftLog:OPENED:c-1,f-1,i0, conf=-1: [67ae3572-7d88-4e50-b53b-0f48f6748b38:192.168.157.211:41299, 831edaa1-80a5-4091-843f-90c648a5a79d:192.168.157.211:44365, 5c4ee31d-c5ed-4c65-a5df-da3e3cf53ac2:192.168.157.211:45059], old=null
2019-10-17 07:10:33,230 [5c4ee31d-c5ed-4c65-a5df-da3e3cf53ac2@group-233C052D78D6-LeaderElection158] INFO  impl.RaftServerImpl (RaftServerImpl.java:setRole(184)) - 5c4ee31d-c5ed-4c65-a5df-da3e3cf53ac2@group-233C052D78D6: changes role from CANDIDATE to FOLLOWER at term 80 for DISCOVERED_A_NEW_TERM
2019-10-17 07:10:33,230 [5c4ee31d-c5ed-4c65-a5df-da3e3cf53ac2@group-233C052D78D6-LeaderElection158] INFO  impl.RoleInfo (RoleInfo.java:shutdownLeaderElection(134)) - 5c4ee31d-c5ed-4c65-a5df-da3e3cf53ac2: shutdown LeaderElection
2019-10-17 07:10:33,230 [5c4ee31d-c5ed-4c65-a5df-da3e3cf53ac2@group-233C052D78D6-LeaderElection158] INFO  impl.RoleInfo (RoleInfo.java:updateAndGet(143)) - 5c4ee31d-c5ed-4c65-a5df-da3e3cf53ac2: start FollowerState
2019-10-17 07:10:33,328 [Thread-1400] INFO  impl.FollowerState (FollowerState.java:run(108)) - decc5551-dd4b-40dc-8ff5-b6b450d67f6f@group-42ACBF6EBE4E-FollowerState: change to CANDIDATE, lastRpcTime:137ms, electionTimeout:137ms
2019-10-17 07:10:33,328 [Thread-1400] INFO  impl.RoleInfo (RoleInfo.java:shutdownFollowerState(121)) - decc5551-dd4b-40dc-8ff5-b6b450d67f6f: shutdown FollowerState
2019-10-17 07:10:33,328 [Thread-1400] INFO  impl.RaftServerImpl (RaftServerImpl.java:setRole(184)) - decc5551-dd4b-40dc-8ff5-b6b450d67f6f@group-42ACBF6EBE4E: changes role from  FOLLOWER to CANDIDATE at term 83 for changeToCandidate
2019-10-17 07:10:33,329 [Thread-1400] INFO  impl.RoleInfo (RoleInfo.java:updateAndGet(143)) - decc5551-dd4b-40dc-8ff5-b6b450d67f6f: start LeaderElection
2019-10-17 07:10:33,351 [decc5551-dd4b-40dc-8ff5-b6b450d67f6f@group-42ACBF6EBE4E-LeaderElection159] INFO  impl.LeaderElection (LeaderElection.java:askForVotes(178)) - decc5551-dd4b-40dc-8ff5-b6b450d67f6f@group-42ACBF6EBE4E-LeaderElection159: begin an election at term 84 for -1: [215fceca-0555-458b-bc4f-ba38ff24d5ba:192.168.157.211:43803, decc5551-dd4b-40dc-8ff5-b6b450d67f6f:192.168.157.211:34435, 0c631657-10a5-4e2a-a322-8fc6c651b2ed:192.168.157.211:41694], old=null
2019-10-17 07:10:33,355 [grpc-default-executor-10] INFO  impl.RaftServerImpl (RaftServerImpl.java:setRole(184)) - 0c631657-10a5-4e2a-a322-8fc6c651b2ed@group-42ACBF6EBE4E: changes role from  FOLLOWER to FOLLOWER at term 84 for recognizeCandidate:decc5551-dd4b-40dc-8ff5-b6b450d67f6f
2019-10-17 07:10:33,355 [grpc-default-executor-9] INFO  impl.RaftServerImpl (RaftServerImpl.java:setRole(184)) - 215fceca-0555-458b-bc4f-ba38ff24d5ba@group-42ACBF6EBE4E: changes role from  FOLLOWER to FOLLOWER at term 84 for recognizeCandidate:decc5551-dd4b-40dc-8ff5-b6b450d67f6f
2019-10-17 07:10:33,355 [grpc-default-executor-10] INFO  impl.RoleInfo (RoleInfo.java:shutdownFollowerState(121)) - 0c631657-10a5-4e2a-a322-8fc6c651b2ed: shutdown FollowerState
2019-10-17 07:10:33,355 [grpc-default-executor-9] INFO  impl.RoleInfo (RoleInfo.java:shutdownFollowerState(121)) - 215fceca-0555-458b-bc4f-ba38ff24d5ba: shutdown FollowerState
2019-10-17 07:10:33,357 [grpc-default-executor-9] INFO  impl.RoleInfo (RoleInfo.java:updateAndGet(143)) - 215fceca-0555-458b-bc4f-ba38ff24d5ba: start FollowerState
2019-10-17 07:10:33,357 [Thread-1396] INFO  impl.FollowerState (FollowerState.java:run(117)) - 215fceca-0555-458b-bc4f-ba38ff24d5ba@group-42ACBF6EBE4E-FollowerState was interrupted: java.lang.InterruptedException: sleep interrupted
2019-10-17 07:10:33,357 [grpc-default-executor-10] INFO  impl.RoleInfo (RoleInfo.java:updateAndGet(143)) - 0c631657-10a5-4e2a-a322-8fc6c651b2ed: start FollowerState
2019-10-17 07:10:33,357 [Thread-1397] INFO  impl.FollowerState (FollowerState.java:run(117)) - 0c631657-10a5-4e2a-a322-8fc6c651b2ed@group-42ACBF6EBE4E-FollowerState was interrupted: java.lang.InterruptedException: sleep interrupted
2019-10-17 07:10:33,369 [decc5551-dd4b-40dc-8ff5-b6b450d67f6f@group-42ACBF6EBE4E-LeaderElection159] INFO  impl.LeaderElection (LeaderElection.java:logAndReturn(56)) - decc5551-dd4b-40dc-8ff5-b6b450d67f6f@group-42ACBF6EBE4E-LeaderElection159: Election TIMEOUT; received 0 response(s) [] and 0 exception(s); decc5551-dd4b-40dc-8ff5-b6b450d67f6f@group-42ACBF6EBE4E:t84, leader=null, voted=decc5551-dd4b-40dc-8ff5-b6b450d67f6f, raftlog=decc5551-dd4b-40dc-8ff5-b6b450d67f6f@group-42ACBF6EBE4E-SegmentedRaftLog:OPENED:c-1,f-1,i0, conf=-1: [215fceca-0555-458b-bc4f-ba38ff24d5ba:192.168.157.211:43803, decc5551-dd4b-40dc-8ff5-b6b450d67f6f:192.168.157.211:34435, 0c631657-10a5-4e2a-a322-8fc6c651b2ed:192.168.157.211:41694], old=null
2019-10-17 07:10:33,407 [Thread-1407] INFO  impl.FollowerState (FollowerState.java:run(108)) - 5c4ee31d-c5ed-4c65-a5df-da3e3cf53ac2@group-233C052D78D6-FollowerState: change to CANDIDATE, lastRpcTime:176ms, electionTimeout:176ms
2019-10-17 07:10:33,407 [Thread-1407] INFO  impl.RoleInfo (RoleInfo.java:shutdownFollowerState(121)) - 5c4ee31d-c5ed-4c65-a5df-da3e3cf53ac2: shutdown FollowerState
2019-10-17 07:10:33,407 [Thread-1407] INFO  impl.RaftServerImpl (RaftServerImpl.java:setRole(184)) - 5c4ee31d-c5ed-4c65-a5df-da3e3cf53ac2@group-233C052D78D6: changes role from  FOLLOWER to CANDIDATE at term 80 for changeToCandidate
2019-10-17 07:10:33,421 [decc5551-dd4b-40dc-8ff5-b6b450d67f6f@group-42ACBF6EBE4E-LeaderElection159] INFO  impl.LeaderElection (LeaderElection.java:askForVotes(178)) - decc5551-dd4b-40dc-8ff5-b6b450d67f6f@group-42ACBF6EBE4E-LeaderElection159: begin an election at term 85 for -1: [215fceca-0555-458b-bc4f-ba38ff24d5ba:192.168.157.211:43803, decc5551-dd4b-40dc-8ff5-b6b450d67f6f:192.168.157.211:34435, 0c631657-10a5-4e2a-a322-8fc6c651b2ed:192.168.157.211:41694], old=null
2019-10-17 07:10:33,437 [Thread-1407] INFO  impl.RoleInfo (RoleInfo.java:updateAndGet(143)) - 5c4ee31d-c5ed-4c65-a5df-da3e3cf53ac2: start LeaderElection
2019-10-17 07:10:33,439 [grpc-default-executor-10] INFO  impl.RaftServerImpl (RaftServerImpl.java:setRole(184)) - 215fceca-0555-458b-bc4f-ba38ff24d5ba@group-42ACBF6EBE4E: changes role from  FOLLOWER to FOLLOWER at term 85 for recognizeCandidate:decc5551-dd4b-40dc-8ff5-b6b450d67f6f
2019-10-17 07:10:33,439 [grpc-default-executor-9] INFO  impl.RaftServerImpl (RaftServerImpl.java:setRole(184)) - 0c631657-10a5-4e2a-a322-8fc6c651b2ed@group-42ACBF6EBE4E: changes role from  FOLLOWER to FOLLOWER at term 85 for recognizeCandidate:decc5551-dd4b-40dc-8ff5-b6b450d67f6f
2019-10-17 07:10:33,439 [grpc-default-executor-10] INFO  impl.RoleInfo (RoleInfo.java:shutdownFollowerState(121)) - 215fceca-0555-458b-bc4f-ba38ff24d5ba: shutdown FollowerState
2019-10-17 07:10:33,440 [grpc-default-executor-9] INFO  impl.RoleInfo (RoleInfo.java:shutdownFollowerState(121)) - 0c631657-10a5-4e2a-a322-8fc6c651b2ed: shutdown FollowerState
2019-10-17 07:10:33,440 [Thread-1411] INFO  impl.FollowerState (FollowerState.java:run(117)) - 215fceca-0555-458b-bc4f-ba38ff24d5ba@group-42ACBF6EBE4E-FollowerState was interrupted: java.lang.InterruptedException: sleep interrupted
2019-10-17 07:10:33,440 [grpc-default-executor-10] INFO  impl.RoleInfo (RoleInfo.java:updateAndGet(143)) - 215fceca-0555-458b-bc4f-ba38ff24d5ba: start FollowerState
2019-10-17 07:10:33,454 [5c4ee31d-c5ed-4c65-a5df-da3e3cf53ac2@group-233C052D78D6-LeaderElection160] INFO  impl.LeaderElection (LeaderElection.java:askForVotes(178)) - 5c4ee31d-c5ed-4c65-a5df-da3e3cf53ac2@group-233C052D78D6-LeaderElection160: begin an election at term 81 for -1: [67ae3572-7d88-4e50-b53b-0f48f6748b38:192.168.157.211:41299, 831edaa1-80a5-4091-843f-90c648a5a79d:192.168.157.211:44365, 5c4ee31d-c5ed-4c65-a5df-da3e3cf53ac2:192.168.157.211:45059], old=null
2019-10-17 07:10:33,469 [grpc-default-executor-9] INFO  impl.RoleInfo (RoleInfo.java:updateAndGet(143)) - 0c631657-10a5-4e2a-a322-8fc6c651b2ed: start FollowerState
2019-10-17 07:10:33,469 [Thread-1412] INFO  impl.FollowerState (FollowerState.java:run(117)) - 0c631657-10a5-4e2a-a322-8fc6c651b2ed@group-42ACBF6EBE4E-FollowerState was interrupted: java.lang.InterruptedException: sleep interrupted
2019-10-17 07:10:33,471 [grpc-default-executor-11] INFO  impl.RaftServerImpl (RaftServerImpl.java:setRole(184)) - 67ae3572-7d88-4e50-b53b-0f48f6748b38@group-233C052D78D6: changes role from  FOLLOWER to FOLLOWER at term 81 for recognizeCandidate:5c4ee31d-c5ed-4c65-a5df-da3e3cf53ac2
2019-10-17 07:10:33,471 [grpc-default-executor-11] INFO  impl.RoleInfo (RoleInfo.java:shutdownFollowerState(121)) - 67ae3572-7d88-4e50-b53b-0f48f6748b38: shutdown FollowerState
2019-10-17 07:10:33,471 [grpc-default-executor-3] INFO  impl.RaftServerImpl (RaftServerImpl.java:setRole(184)) - 831edaa1-80a5-4091-843f-90c648a5a79d@group-233C052D78D6: changes role from  FOLLOWER to FOLLOWER at term 81 for recognizeCandidate:5c4ee31d-c5ed-4c65-a5df-da3e3cf53ac2
2019-10-17 07:10:33,471 [Thread-1405] INFO  impl.FollowerState (FollowerState.java:run(117)) - 67ae3572-7d88-4e50-b53b-0f48f6748b38@group-233C052D78D6-FollowerState was interrupted: java.lang.InterruptedException: sleep interrupted
2019-10-17 07:10:33,471 [grpc-default-executor-3] INFO  impl.RoleInfo (RoleInfo.java:shutdownFollowerState(121)) - 831edaa1-80a5-4091-843f-90c648a5a79d: shutdown FollowerState
2019-10-17 07:10:33,496 [grpc-default-executor-3] INFO  impl.RoleInfo (RoleInfo.java:updateAndGet(143)) - 831edaa1-80a5-4091-843f-90c648a5a79d: start FollowerState
2019-10-17 07:10:33,496 [Thread-1406] INFO  impl.FollowerState (FollowerState.java:run(117)) - 831edaa1-80a5-4091-843f-90c648a5a79d@group-233C052D78D6-FollowerState was interrupted: java.lang.InterruptedException: sleep interrupted
2019-10-17 07:10:33,496 [grpc-default-executor-11] INFO  impl.RoleInfo (RoleInfo.java:updateAndGet(143)) - 67ae3572-7d88-4e50-b53b-0f48f6748b38: start FollowerState
2019-10-17 07:10:33,496 [decc5551-dd4b-40dc-8ff5-b6b450d67f6f@group-42ACBF6EBE4E-LeaderElection159] INFO  impl.LeaderElection (LeaderElection.java:logAndReturn(56)) - decc5551-dd4b-40dc-8ff5-b6b450d67f6f@group-42ACBF6EBE4E-LeaderElection159: Election REJECTED; received 2 response(s) [decc5551-dd4b-40dc-8ff5-b6b450d67f6f<-215fceca-0555-458b-bc4f-ba38ff24d5ba#0:FAIL-t85, decc5551-dd4b-40dc-8ff5-b6b450d67f6f<-0c631657-10a5-4e2a-a322-8fc6c651b2ed#0:FAIL-t85] and 0 exception(s); decc5551-dd4b-40dc-8ff5-b6b450d67f6f@group-42ACBF6EBE4E:t85, leader=null, voted=decc5551-dd4b-40dc-8ff5-b6b450d67f6f, raftlog=decc5551-dd4b-40dc-8ff5-b6b450d67f6f@group-42ACBF6EBE4E-SegmentedRaftLog:OPENED:c-1,f-1,i0, conf=-1: [215fceca-0555-458b-bc4f-ba38ff24d5ba:192.168.157.211:43803, decc5551-dd4b-40dc-8ff5-b6b450d67f6f:192.168.157.211:34435, 0c631657-10a5-4e2a-a322-8fc6c651b2ed:192.168.157.211:41694], old=null
2019-10-17 07:10:33,497 [decc5551-dd4b-40dc-8ff5-b6b450d67f6f@group-42ACBF6EBE4E-LeaderElection159] INFO  impl.RaftServerImpl (RaftServerImpl.java:setRole(184)) - decc5551-dd4b-40dc-8ff5-b6b450d67f6f@group-42ACBF6EBE4E: changes role from CANDIDATE to FOLLOWER at term 85 for DISCOVERED_A_NEW_TERM
2019-10-17 07:10:33,497 [decc5551-dd4b-40dc-8ff5-b6b450d67f6f@group-42ACBF6EBE4E-LeaderElection159] INFO  impl.RoleInfo (RoleInfo.java:shutdownLeaderElection(134)) - decc5551-dd4b-40dc-8ff5-b6b450d67f6f: shutdown LeaderElection
2019-10-17 07:10:33,497 [decc5551-dd4b-40dc-8ff5-b6b450d67f6f@group-42ACBF6EBE4E-LeaderElection159] INFO  impl.RoleInfo (RoleInfo.java:updateAndGet(143)) - decc5551-dd4b-40dc-8ff5-b6b450d67f6f: start FollowerState
2019-10-17 07:10:33,521 [5c4ee31d-c5ed-4c65-a5df-da3e3cf53ac2@group-233C052D78D6-LeaderElection160] INFO  impl.LeaderElection (LeaderElection.java:logAndReturn(56)) - 5c4ee31d-c5ed-4c65-a5df-da3e3cf53ac2@group-233C052D78D6-LeaderElection160: Election REJECTED; received 2 response(s) [5c4ee31d-c5ed-4c65-a5df-da3e3cf53ac2<-67ae3572-7d88-4e50-b53b-0f48f6748b38#0:FAIL-t81, 5c4ee31d-c5ed-4c65-a5df-da3e3cf53ac2<-831edaa1-80a5-4091-843f-90c648a5a79d#0:FAIL-t81] and 0 exception(s); 5c4ee31d-c5ed-4c65-a5df-da3e3cf53ac2@group-233C052D78D6:t81, leader=null, voted=5c4ee31d-c5ed-4c65-a5df-da3e3cf53ac2, raftlog=5c4ee31d-c5ed-4c65-a5df-da3e3cf53ac2@group-233C052D78D6-SegmentedRaftLog:OPENED:c-1,f-1,i0, conf=-1: [67ae3572-7d88-4e50-b53b-0f48f6748b38:192.168.157.211:41299, 831edaa1-80a5-4091-843f-90c648a5a79d:192.168.157.211:44365, 5c4ee31d-c5ed-4c65-a5df-da3e3cf53ac2:192.168.157.211:45059], old=null
2019-10-17 07:10:33,521 [5c4ee31d-c5ed-4c65-a5df-da3e3cf53ac2@group-233C052D78D6-LeaderElection160] INFO  impl.RaftServerImpl (RaftServerImpl.java:setRole(184)) - 5c4ee31d-c5ed-4c65-a5df-da3e3cf53ac2@group-233C052D78D6: changes role from CANDIDATE to FOLLOWER at term 81 for DISCOVERED_A_NEW_TERM
2019-10-17 07:10:33,521 [5c4ee31d-c5ed-4c65-a5df-da3e3cf53ac2@group-233C052D78D6-LeaderElection160] INFO  impl.RoleInfo (RoleInfo.java:shutdownLeaderElection(134)) - 5c4ee31d-c5ed-4c65-a5df-da3e3cf53ac2: shutdown LeaderElection
2019-10-17 07:10:33,521 [5c4ee31d-c5ed-4c65-a5df-da3e3cf53ac2@group-233C052D78D6-LeaderElection160] INFO  impl.RoleInfo (RoleInfo.java:updateAndGet(143)) - 5c4ee31d-c5ed-4c65-a5df-da3e3cf53ac2: start FollowerState
2019-10-17 07:10:33,589 [Thread-1422] INFO  impl.FollowerState (FollowerState.java:run(108)) - decc5551-dd4b-40dc-8ff5-b6b450d67f6f@group-42ACBF6EBE4E-FollowerState: change to CANDIDATE, lastRpcTime:92ms, electionTimeout:92ms
2019-10-17 07:10:33,590 [Thread-1422] INFO  impl.RoleInfo (RoleInfo.java:shutdownFollowerState(121)) - decc5551-dd4b-40dc-8ff5-b6b450d67f6f: shutdown FollowerState
2019-10-17 07:10:33,590 [Thread-1422] INFO  impl.RaftServerImpl (RaftServerImpl.java:setRole(184)) - decc5551-dd4b-40dc-8ff5-b6b450d67f6f@group-42ACBF6EBE4E: changes role from  FOLLOWER to CANDIDATE at term 85 for changeToCandidate
2019-10-17 07:10:33,600 [Thread-1422] INFO  impl.RoleInfo (RoleInfo.java:updateAndGet(143)) - decc5551-dd4b-40dc-8ff5-b6b450d67f6f: start LeaderElection
2019-10-17 07:10:33,614 [decc5551-dd4b-40dc-8ff5-b6b450d67f6f@group-42ACBF6EBE4E-LeaderElection161] INFO  impl.LeaderElection (LeaderElection.java:askForVotes(178)) - decc5551-dd4b-40dc-8ff5-b6b450d67f6f@group-42ACBF6EBE4E-LeaderElection161: begin an election at term 86 for -1: [215fceca-0555-458b-bc4f-ba38ff24d5ba:192.168.157.211:43803, decc5551-dd4b-40dc-8ff5-b6b450d67f6f:192.168.157.211:34435, 0c631657-10a5-4e2a-a322-8fc6c651b2ed:192.168.157.211:41694], old=null
2019-10-17 07:10:33,628 [grpc-default-executor-3] INFO  impl.RaftServerImpl (RaftServerImpl.java:setRole(184)) - 215fceca-0555-458b-bc4f-ba38ff24d5ba@group-42ACBF6EBE4E: changes role from  FOLLOWER to FOLLOWER at term 86 for recognizeCandidate:decc5551-dd4b-40dc-8ff5-b6b450d67f6f
2019-10-17 07:10:33,628 [grpc-default-executor-11] INFO  impl.RaftServerImpl (RaftServerImpl.java:setRole(184)) - 0c631657-10a5-4e2a-a322-8fc6c651b2ed@group-42ACBF6EBE4E: changes role from  FOLLOWER to FOLLOWER at term 86 for recognizeCandidate:decc5551-dd4b-40dc-8ff5-b6b450d67f6f
2019-10-17 07:10:33,628 [grpc-default-executor-3] INFO  impl.RoleInfo (RoleInfo.java:shutdownFollowerState(121)) - 215fceca-0555-458b-bc4f-ba38ff24d5ba: shutdown FollowerState
2019-10-17 07:10:33,628 [grpc-default-executor-11] INFO  impl.RoleInfo (RoleInfo.java:shutdownFollowerState(121)) - 0c631657-10a5-4e2a-a322-8fc6c651b2ed: shutdown FollowerState
2019-10-17 07:10:33,650 [Thread-1423] INFO  impl.FollowerState (FollowerState.java:run(108)) - 5c4ee31d-c5ed-4c65-a5df-da3e3cf53ac2@group-233C052D78D6-FollowerState: change to CANDIDATE, lastRpcTime:128ms, electionTimeout:128ms
2019-10-17 07:10:33,650 [Thread-1423] INFO  impl.RoleInfo (RoleInfo.java:shutdownFollowerState(121)) - 5c4ee31d-c5ed-4c65-a5df-da3e3cf53ac2: shutdown FollowerState
2019-10-17 07:10:33,650 [Thread-1423] INFO  impl.RaftServerImpl (RaftServerImpl.java:setRole(184)) - 5c4ee31d-c5ed-4c65-a5df-da3e3cf53ac2@group-233C052D78D6: changes role from  FOLLOWER to CANDIDATE at term 81 for changeToCandidate
2019-10-17 07:10:33,654 [Thread-1416] INFO  impl.FollowerState (FollowerState.java:run(117)) - 215fceca-0555-458b-bc4f-ba38ff24d5ba@group-42ACBF6EBE4E-FollowerState was interrupted: java.lang.InterruptedException: sleep interrupted
2019-10-17 07:10:33,654 [Thread-1419] INFO  impl.FollowerState (FollowerState.java:run(117)) - 0c631657-10a5-4e2a-a322-8fc6c651b2ed@group-42ACBF6EBE4E-FollowerState was interrupted: java.lang.InterruptedException: sleep interrupted
2019-10-17 07:10:33,654 [grpc-default-executor-3] INFO  impl.RoleInfo (RoleInfo.java:updateAndGet(143)) - 215fceca-0555-458b-bc4f-ba38ff24d5ba: start FollowerState
2019-10-17 07:10:33,654 [grpc-default-executor-11] INFO  impl.RoleInfo (RoleInfo.java:updateAndGet(143)) - 0c631657-10a5-4e2a-a322-8fc6c651b2ed: start FollowerState
2019-10-17 07:10:33,654 [Thread-1423] INFO  impl.RoleInfo (RoleInfo.java:updateAndGet(143)) - 5c4ee31d-c5ed-4c65-a5df-da3e3cf53ac2: start LeaderElection
2019-10-17 07:10:33,669 [5c4ee31d-c5ed-4c65-a5df-da3e3cf53ac2@group-233C052D78D6-LeaderElection162] INFO  impl.LeaderElection (LeaderElection.java:askForVotes(178)) - 5c4ee31d-c5ed-4c65-a5df-da3e3cf53ac2@group-233C052D78D6-LeaderElection162: begin an election at term 82 for -1: [67ae3572-7d88-4e50-b53b-0f48f6748b38:192.168.157.211:41299, 831edaa1-80a5-4091-843f-90c648a5a79d:192.168.157.211:44365, 5c4ee31d-c5ed-4c65-a5df-da3e3cf53ac2:192.168.157.211:45059], old=null
2019-10-17 07:10:33,679 [decc5551-dd4b-40dc-8ff5-b6b450d67f6f@group-42ACBF6EBE4E-LeaderElection161] INFO  impl.LeaderElection (LeaderElection.java:logAndReturn(56)) - decc5551-dd4b-40dc-8ff5-b6b450d67f6f@group-42ACBF6EBE4E-LeaderElection161: Election REJECTED; received 2 response(s) [decc5551-dd4b-40dc-8ff5-b6b450d67f6f<-215fceca-0555-458b-bc4f-ba38ff24d5ba#0:FAIL-t86, decc5551-dd4b-40dc-8ff5-b6b450d67f6f<-0c631657-10a5-4e2a-a322-8fc6c651b2ed#0:FAIL-t86] and 0 exception(s); decc5551-dd4b-40dc-8ff5-b6b450d67f6f@group-42ACBF6EBE4E:t86, leader=null, voted=decc5551-dd4b-40dc-8ff5-b6b450d67f6f, raftlog=decc5551-dd4b-40dc-8ff5-b6b450d67f6f@group-42ACBF6EBE4E-SegmentedRaftLog:OPENED:c-1,f-1,i0, conf=-1: [215fceca-0555-458b-bc4f-ba38ff24d5ba:192.168.157.211:43803, decc5551-dd4b-40dc-8ff5-b6b450d67f6f:192.168.157.211:34435, 0c631657-10a5-4e2a-a322-8fc6c651b2ed:192.168.157.211:41694], old=null
2019-10-17 07:10:33,679 [decc5551-dd4b-40dc-8ff5-b6b450d67f6f@group-42ACBF6EBE4E-LeaderElection161] INFO  impl.RaftServerImpl (RaftServerImpl.java:setRole(184)) - decc5551-dd4b-40dc-8ff5-b6b450d67f6f@group-42ACBF6EBE4E: changes role from CANDIDATE to FOLLOWER at term 86 for DISCOVERED_A_NEW_TERM
2019-10-17 07:10:33,681 [decc5551-dd4b-40dc-8ff5-b6b450d67f6f@group-42ACBF6EBE4E-LeaderElection161] INFO  impl.RoleInfo (RoleInfo.java:shutdownLeaderElection(134)) - decc5551-dd4b-40dc-8ff5-b6b450d67f6f: shutdown LeaderElection
2019-10-17 07:10:33,682 [decc5551-dd4b-40dc-8ff5-b6b450d67f6f@group-42ACBF6EBE4E-LeaderElection161] INFO  impl.RoleInfo (RoleInfo.java:updateAndGet(143)) - decc5551-dd4b-40dc-8ff5-b6b450d67f6f: start FollowerState
2019-10-17 07:10:33,683 [grpc-default-executor-9] INFO  impl.RaftServerImpl (RaftServerImpl.java:setRole(184)) - 67ae3572-7d88-4e50-b53b-0f48f6748b38@group-233C052D78D6: changes role from  FOLLOWER to FOLLOWER at term 82 for recognizeCandidate:5c4ee31d-c5ed-4c65-a5df-da3e3cf53ac2
2019-10-17 07:10:33,683 [grpc-default-executor-9] INFO  impl.RoleInfo (RoleInfo.java:shutdownFollowerState(121)) - 67ae3572-7d88-4e50-b53b-0f48f6748b38: shutdown FollowerState
2019-10-17 07:10:33,683 [grpc-default-executor-9] INFO  impl.RoleInfo (RoleInfo.java:updateAndGet(143)) - 67ae3572-7d88-4e50-b53b-0f48f6748b38: start FollowerState
2019-10-17 07:10:33,683 [Thread-1420] INFO  impl.FollowerState (FollowerState.java:run(117)) - 67ae3572-7d88-4e50-b53b-0f48f6748b38@group-233C052D78D6-FollowerState was interrupted: java.lang.InterruptedException: sleep interrupted
2019-10-17 07:10:33,683 [grpc-default-executor-3] INFO  impl.RaftServerImpl (RaftServerImpl.java:setRole(184)) - 831edaa1-80a5-4091-843f-90c648a5a79d@group-233C052D78D6: changes role from  FOLLOWER to FOLLOWER at term 82 for recognizeCandidate:5c4ee31d-c5ed-4c65-a5df-da3e3cf53ac2
2019-10-17 07:10:33,684 [grpc-default-executor-3] INFO  impl.RoleInfo (RoleInfo.java:shutdownFollowerState(121)) - 831edaa1-80a5-4091-843f-90c648a5a79d: shutdown FollowerState
2019-10-17 07:10:33,686 [grpc-default-executor-3] INFO  impl.RoleInfo (RoleInfo.java:updateAndGet(143)) - 831edaa1-80a5-4091-843f-90c648a5a79d: start FollowerState
2019-10-17 07:10:33,686 [Thread-1421] INFO  impl.FollowerState (FollowerState.java:run(117)) - 831edaa1-80a5-4091-843f-90c648a5a79d@group-233C052D78D6-FollowerState was interrupted: java.lang.InterruptedException: sleep interrupted
2019-10-17 07:10:33,738 [5c4ee31d-c5ed-4c65-a5df-da3e3cf53ac2@group-233C052D78D6-LeaderElection162] INFO  impl.LeaderElection (LeaderElection.java:logAndReturn(56)) - 5c4ee31d-c5ed-4c65-a5df-da3e3cf53ac2@group-233C052D78D6-LeaderElection162: Election REJECTED; received 2 response(s) [5c4ee31d-c5ed-4c65-a5df-da3e3cf53ac2<-67ae3572-7d88-4e50-b53b-0f48f6748b38#0:FAIL-t82, 5c4ee31d-c5ed-4c65-a5df-da3e3cf53ac2<-831edaa1-80a5-4091-843f-90c648a5a79d#0:FAIL-t82] and 0 exception(s); 5c4ee31d-c5ed-4c65-a5df-da3e3cf53ac2@group-233C052D78D6:t82, leader=null, voted=5c4ee31d-c5ed-4c65-a5df-da3e3cf53ac2, raftlog=5c4ee31d-c5ed-4c65-a5df-da3e3cf53ac2@group-233C052D78D6-SegmentedRaftLog:OPENED:c-1,f-1,i0, conf=-1: [67ae3572-7d88-4e50-b53b-0f48f6748b38:192.168.157.211:41299, 831edaa1-80a5-4091-843f-90c648a5a79d:192.168.157.211:44365, 5c4ee31d-c5ed-4c65-a5df-da3e3cf53ac2:192.168.157.211:45059], old=null
2019-10-17 07:10:33,738 [5c4ee31d-c5ed-4c65-a5df-da3e3cf53ac2@group-233C052D78D6-LeaderElection162] INFO  impl.RaftServerImpl (RaftServerImpl.java:setRole(184)) - 5c4ee31d-c5ed-4c65-a5df-da3e3cf53ac2@group-233C052D78D6: changes role from CANDIDATE to FOLLOWER at term 82 for DISCOVERED_A_NEW_TERM
2019-10-17 07:10:33,738 [5c4ee31d-c5ed-4c65-a5df-da3e3cf53ac2@group-233C052D78D6-LeaderElection162] INFO  impl.RoleInfo (RoleInfo.java:shutdownLeaderElection(134)) - 5c4ee31d-c5ed-4c65-a5df-da3e3cf53ac2: shutdown LeaderElection
2019-10-17 07:10:33,738 [5c4ee31d-c5ed-4c65-a5df-da3e3cf53ac2@group-233C052D78D6-LeaderElection162] INFO  impl.RoleInfo (RoleInfo.java:updateAndGet(143)) - 5c4ee31d-c5ed-4c65-a5df-da3e3cf53ac2: start FollowerState
2019-10-17 07:10:33,751 [Thread-1436] INFO  impl.FollowerState (FollowerState.java:run(108)) - decc5551-dd4b-40dc-8ff5-b6b450d67f6f@group-42ACBF6EBE4E-FollowerState: change to CANDIDATE, lastRpcTime:69ms, electionTimeout:69ms
2019-10-17 07:10:33,752 [Thread-1436] INFO  impl.RoleInfo (RoleInfo.java:shutdownFollowerState(121)) - decc5551-dd4b-40dc-8ff5-b6b450d67f6f: shutdown FollowerState
2019-10-17 07:10:33,752 [Thread-1436] INFO  impl.RaftServerImpl (RaftServerImpl.java:setRole(184)) - decc5551-dd4b-40dc-8ff5-b6b450d67f6f@group-42ACBF6EBE4E: changes role from  FOLLOWER to CANDIDATE at term 86 for changeToCandidate
2019-10-17 07:10:33,752 [Thread-1436] INFO  impl.RoleInfo (RoleInfo.java:updateAndGet(143)) - decc5551-dd4b-40dc-8ff5-b6b450d67f6f: start LeaderElection
2019-10-17 07:10:33,761 [decc5551-dd4b-40dc-8ff5-b6b450d67f6f@group-42ACBF6EBE4E-LeaderElection163] INFO  impl.LeaderElection (LeaderElection.java:askForVotes(178)) - decc5551-dd4b-40dc-8ff5-b6b450d67f6f@group-42ACBF6EBE4E-LeaderElection163: begin an election at term 87 for -1: [215fceca-0555-458b-bc4f-ba38ff24d5ba:192.168.157.211:43803, decc5551-dd4b-40dc-8ff5-b6b450d67f6f:192.168.157.211:34435, 0c631657-10a5-4e2a-a322-8fc6c651b2ed:192.168.157.211:41694], old=null
2019-10-17 07:10:33,764 [grpc-default-executor-3] INFO  impl.RaftServerImpl (RaftServerImpl.java:setRole(184)) - 215fceca-0555-458b-bc4f-ba38ff24d5ba@group-42ACBF6EBE4E: changes role from  FOLLOWER to FOLLOWER at term 87 for recognizeCandidate:decc5551-dd4b-40dc-8ff5-b6b450d67f6f
2019-10-17 07:10:33,764 [grpc-default-executor-9] INFO  impl.RaftServerImpl (RaftServerImpl.java:setRole(184)) - 0c631657-10a5-4e2a-a322-8fc6c651b2ed@group-42ACBF6EBE4E: changes role from  FOLLOWER to FOLLOWER at term 87 for recognizeCandidate:decc5551-dd4b-40dc-8ff5-b6b450d67f6f
2019-10-17 07:10:33,764 [grpc-default-executor-3] INFO  impl.RoleInfo (RoleInfo.java:shutdownFollowerState(121)) - 215fceca-0555-458b-bc4f-ba38ff24d5ba: shutdown FollowerState
2019-10-17 07:10:33,764 [grpc-default-executor-9] INFO  impl.RoleInfo (RoleInfo.java:shutdownFollowerState(121)) - 0c631657-10a5-4e2a-a322-8fc6c651b2ed: shutdown FollowerState
2019-10-17 07:10:33,765 [grpc-default-executor-3] INFO  impl.RoleInfo (RoleInfo.java:updateAndGet(143)) - 215fceca-0555-458b-bc4f-ba38ff24d5ba: start FollowerState
2019-10-17 07:10:33,765 [Thread-1431] INFO  impl.FollowerState (FollowerState.java:run(117)) - 215fceca-0555-458b-bc4f-ba38ff24d5ba@group-42ACBF6EBE4E-FollowerState was interrupted: java.lang.InterruptedException: sleep interrupted
2019-10-17 07:10:33,765 [grpc-default-executor-9] INFO  impl.RoleInfo (RoleInfo.java:updateAndGet(143)) - 0c631657-10a5-4e2a-a322-8fc6c651b2ed: start FollowerState
2019-10-17 07:10:33,765 [Thread-1430] INFO  impl.FollowerState (FollowerState.java:run(117)) - 0c631657-10a5-4e2a-a322-8fc6c651b2ed@group-42ACBF6EBE4E-FollowerState was interrupted: java.lang.InterruptedException: sleep interrupted
2019-10-17 07:10:33,779 [decc5551-dd4b-40dc-8ff5-b6b450d67f6f@group-42ACBF6EBE4E-LeaderElection163] INFO  impl.LeaderElection (LeaderElection.java:logAndReturn(56)) - decc5551-dd4b-40dc-8ff5-b6b450d67f6f@group-42ACBF6EBE4E-LeaderElection163: Election REJECTED; received 2 response(s) [decc5551-dd4b-40dc-8ff5-b6b450d67f6f<-215fceca-0555-458b-bc4f-ba38ff24d5ba#0:FAIL-t87, decc5551-dd4b-40dc-8ff5-b6b450d67f6f<-0c631657-10a5-4e2a-a322-8fc6c651b2ed#0:FAIL-t87] and 0 exception(s); decc5551-dd4b-40dc-8ff5-b6b450d67f6f@group-42ACBF6EBE4E:t87, leader=null, voted=decc5551-dd4b-40dc-8ff5-b6b450d67f6f, raftlog=decc5551-dd4b-40dc-8ff5-b6b450d67f6f@group-42ACBF6EBE4E-SegmentedRaftLog:OPENED:c-1,f-1,i0, conf=-1: [215fceca-0555-458b-bc4f-ba38ff24d5ba:192.168.157.211:43803, decc5551-dd4b-40dc-8ff5-b6b450d67f6f:192.168.157.211:34435, 0c631657-10a5-4e2a-a322-8fc6c651b2ed:192.168.157.211:41694], old=null
2019-10-17 07:10:33,779 [decc5551-dd4b-40dc-8ff5-b6b450d67f6f@group-42ACBF6EBE4E-LeaderElection163] INFO  impl.RaftServerImpl (RaftServerImpl.java:setRole(184)) - decc5551-dd4b-40dc-8ff5-b6b450d67f6f@group-42ACBF6EBE4E: changes role from CANDIDATE to FOLLOWER at term 87 for DISCOVERED_A_NEW_TERM
2019-10-17 07:10:33,780 [decc5551-dd4b-40dc-8ff5-b6b450d67f6f@group-42ACBF6EBE4E-LeaderElection163] INFO  impl.RoleInfo (RoleInfo.java:shutdownLeaderElection(134)) - decc5551-dd4b-40dc-8ff5-b6b450d67f6f: shutdown LeaderElection
2019-10-17 07:10:33,780 [decc5551-dd4b-40dc-8ff5-b6b450d67f6f@group-42ACBF6EBE4E-LeaderElection163] INFO  impl.RoleInfo (RoleInfo.java:updateAndGet(143)) - decc5551-dd4b-40dc-8ff5-b6b450d67f6f: start FollowerState
2019-10-17 07:10:33,785 [Thread-1439] INFO  impl.FollowerState (FollowerState.java:run(108)) - 5c4ee31d-c5ed-4c65-a5df-da3e3cf53ac2@group-233C052D78D6-FollowerState: change to CANDIDATE, lastRpcTime:46ms, electionTimeout:46ms
2019-10-17 07:10:33,785 [Thread-1439] INFO  impl.RoleInfo (RoleInfo.java:shutdownFollowerState(121)) - 5c4ee31d-c5ed-4c65-a5df-da3e3cf53ac2: shutdown FollowerState
2019-10-17 07:10:33,785 [Thread-1439] INFO  impl.RaftServerImpl (RaftServerImpl.java:setRole(184)) - 5c4ee31d-c5ed-4c65-a5df-da3e3cf53ac2@group-233C052D78D6: changes role from  FOLLOWER to CANDIDATE at term 82 for changeToCandidate
2019-10-17 07:10:33,785 [Thread-1439] INFO  impl.RoleInfo (RoleInfo.java:updateAndGet(143)) - 5c4ee31d-c5ed-4c65-a5df-da3e3cf53ac2: start LeaderElection
2019-10-17 07:10:33,799 [5c4ee31d-c5ed-4c65-a5df-da3e3cf53ac2@group-233C052D78D6-LeaderElection164] INFO  impl.LeaderElection (LeaderElection.java:askForVotes(178)) - 5c4ee31d-c5ed-4c65-a5df-da3e3cf53ac2@group-233C052D78D6-LeaderElection164: begin an election at term 83 for -1: [67ae3572-7d88-4e50-b53b-0f48f6748b38:192.168.157.211:41299, 831edaa1-80a5-4091-843f-90c648a5a79d:192.168.157.211:44365, 5c4ee31d-c5ed-4c65-a5df-da3e3cf53ac2:192.168.157.211:45059], old=null
2019-10-17 07:10:33,801 [grpc-default-executor-9] INFO  impl.RaftServerImpl (RaftServerImpl.java:setRole(184)) - 67ae3572-7d88-4e50-b53b-0f48f6748b38@group-233C052D78D6: changes role from  FOLLOWER to FOLLOWER at term 83 for recognizeCandidate:5c4ee31d-c5ed-4c65-a5df-da3e3cf53ac2
2019-10-17 07:10:33,801 [grpc-default-executor-3] INFO  impl.RaftServerImpl (RaftServerImpl.java:setRole(184)) - 831edaa1-80a5-4091-843f-90c648a5a79d@group-233C052D78D6: changes role from  FOLLOWER to FOLLOWER at term 83 for recognizeCandidate:5c4ee31d-c5ed-4c65-a5df-da3e3cf53ac2
2019-10-17 07:10:33,801 [grpc-default-executor-9] INFO  impl.RoleInfo (RoleInfo.java:shutdownFollowerState(121)) - 67ae3572-7d88-4e50-b53b-0f48f6748b38: shutdown FollowerState
2019-10-17 07:10:33,801 [grpc-default-executor-3] INFO  impl.RoleInfo (RoleInfo.java:shutdownFollowerState(121)) - 831edaa1-80a5-4091-843f-90c648a5a79d: shutdown FollowerState
2019-10-17 07:10:33,801 [grpc-default-executor-9] INFO  impl.RoleInfo (RoleInfo.java:updateAndGet(143)) - 67ae3572-7d88-4e50-b53b-0f48f6748b38: start FollowerState
2019-10-17 07:10:33,802 [grpc-default-executor-3] INFO  impl.RoleInfo (RoleInfo.java:updateAndGet(143)) - 831edaa1-80a5-4091-843f-90c648a5a79d: start FollowerState
2019-10-17 07:10:33,802 [Thread-1437] INFO  impl.FollowerState (FollowerState.java:run(117)) - 67ae3572-7d88-4e50-b53b-0f48f6748b38@group-233C052D78D6-FollowerState was interrupted: java.lang.InterruptedException: sleep interrupted
2019-10-17 07:10:33,802 [Thread-1438] INFO  impl.FollowerState (FollowerState.java:run(117)) - 831edaa1-80a5-4091-843f-90c648a5a79d@group-233C052D78D6-FollowerState was interrupted: java.lang.InterruptedException: sleep interrupted
2019-10-17 07:10:33,826 [5c4ee31d-c5ed-4c65-a5df-da3e3cf53ac2@group-233C052D78D6-LeaderElection164] INFO  impl.LeaderElection (LeaderElection.java:logAndReturn(56)) - 5c4ee31d-c5ed-4c65-a5df-da3e3cf53ac2@group-233C052D78D6-LeaderElection164: Election REJECTED; received 2 response(s) [5c4ee31d-c5ed-4c65-a5df-da3e3cf53ac2<-67ae3572-7d88-4e50-b53b-0f48f6748b38#0:FAIL-t83, 5c4ee31d-c5ed-4c65-a5df-da3e3cf53ac2<-831edaa1-80a5-4091-843f-90c648a5a79d#0:FAIL-t83] and 0 exception(s); 5c4ee31d-c5ed-4c65-a5df-da3e3cf53ac2@group-233C052D78D6:t83, leader=null, voted=5c4ee31d-c5ed-4c65-a5df-da3e3cf53ac2, raftlog=5c4ee31d-c5ed-4c65-a5df-da3e3cf53ac2@group-233C052D78D6-SegmentedRaftLog:OPENED:c-1,f-1,i0, conf=-1: [67ae3572-7d88-4e50-b53b-0f48f6748b38:192.168.157.211:41299, 831edaa1-80a5-4091-843f-90c648a5a79d:192.168.157.211:44365, 5c4ee31d-c5ed-4c65-a5df-da3e3cf53ac2:192.168.157.211:45059], old=null
2019-10-17 07:10:33,826 [5c4ee31d-c5ed-4c65-a5df-da3e3cf53ac2@group-233C052D78D6-LeaderElection164] INFO  impl.RaftServerImpl (RaftServerImpl.java:setRole(184)) - 5c4ee31d-c5ed-4c65-a5df-da3e3cf53ac2@group-233C052D78D6: changes role from CANDIDATE to FOLLOWER at term 83 for DISCOVERED_A_NEW_TERM
2019-10-17 07:10:33,826 [5c4ee31d-c5ed-4c65-a5df-da3e3cf53ac2@group-233C052D78D6-LeaderElection164] INFO  impl.RoleInfo (RoleInfo.java:shutdownLeaderElection(134)) - 5c4ee31d-c5ed-4c65-a5df-da3e3cf53ac2: shutdown LeaderElection
2019-10-17 07:10:33,826 [5c4ee31d-c5ed-4c65-a5df-da3e3cf53ac2@group-233C052D78D6-LeaderElection164] INFO  impl.RoleInfo (RoleInfo.java:updateAndGet(143)) - 5c4ee31d-c5ed-4c65-a5df-da3e3cf53ac2: start FollowerState
2019-10-17 07:10:33,865 [main] WARN  io.KeyOutputStream (KeyOutputStream.java:handleException(274)) - Encountered exception java.io.IOException: Unexpected Storage Container Exception: java.util.concurrent.CompletionException: java.util.concurrent.CompletionException: org.apache.ratis.protocol.RaftRetryFailureException: Failed RaftClientRequest:client-99649617FE2F->831edaa1-80a5-4091-843f-90c648a5a79d@group-233C052D78D6, cid=19, seq=1*, RW, cmdType: WriteChunk
traceID: "c1e5d2ae3710293a:c1e5d2ae3710293a:0:0"
containerID: 1
datanodeUuid: "831edaa1-80a5-4091-843f-90c648a5a79d"
writeChunk {
  blockID {
    containerID: 1
    localID: 102976469331869696
    blockCommitSequenceId: 0
  }
  chunkData {
    chunkName: "102976469331869696_chunk_1"
    offset: 0
    len: 1048576
    checksumData {
      type: CRC32
      bytesPerChecksum: 1048576
      checksums: "\361\003\002\247"
    }
  }
}
, data.size=1048576 for 10 attempts with RetryLimited(maxAttempts=10, sleepTime=1000ms) on the pipeline Pipeline[ Id: 6566e30d-cfe7-4597-a5a4-233c052d78d6, Nodes: 831edaa1-80a5-4091-843f-90c648a5a79d{ip: 192.168.157.211, host: pr-hdds-2286-nkqct-1837310268, networkLocation: /default-rack, certSerialId: null}67ae3572-7d88-4e50-b53b-0f48f6748b38{ip: 192.168.157.211, host: pr-hdds-2286-nkqct-1837310268, networkLocation: /default-rack, certSerialId: null}5c4ee31d-c5ed-4c65-a5df-da3e3cf53ac2{ip: 192.168.157.211, host: pr-hdds-2286-nkqct-1837310268, networkLocation: /default-rack, certSerialId: null}, Type:RATIS, Factor:THREE, State:OPEN]. The last committed block length is 0, uncommitted data length is 2097152 retry count 0
2019-10-17 07:10:33,953 [Thread-1451] INFO  impl.FollowerState (FollowerState.java:run(108)) - 5c4ee31d-c5ed-4c65-a5df-da3e3cf53ac2@group-233C052D78D6-FollowerState: change to CANDIDATE, lastRpcTime:126ms, electionTimeout:126ms
2019-10-17 07:10:33,953 [Thread-1451] INFO  impl.RoleInfo (RoleInfo.java:shutdownFollowerState(121)) - 5c4ee31d-c5ed-4c65-a5df-da3e3cf53ac2: shutdown FollowerState
2019-10-17 07:10:33,953 [Thread-1451] INFO  impl.RaftServerImpl (RaftServerImpl.java:setRole(184)) - 5c4ee31d-c5ed-4c65-a5df-da3e3cf53ac2@group-233C052D78D6: changes role from  FOLLOWER to CANDIDATE at term 83 for changeToCandidate
2019-10-17 07:10:33,954 [Thread-1451] INFO  impl.RoleInfo (RoleInfo.java:updateAndGet(143)) - 5c4ee31d-c5ed-4c65-a5df-da3e3cf53ac2: start LeaderElection
2019-10-17 07:10:33,957 [Thread-1445] INFO  impl.FollowerState (FollowerState.java:run(108)) - decc5551-dd4b-40dc-8ff5-b6b450d67f6f@group-42ACBF6EBE4E-FollowerState: change to CANDIDATE, lastRpcTime:177ms, electionTimeout:177ms
2019-10-17 07:10:33,957 [Thread-1445] INFO  impl.RoleInfo (RoleInfo.java:shutdownFollowerState(121)) - decc5551-dd4b-40dc-8ff5-b6b450d67f6f: shutdown FollowerState
2019-10-17 07:10:33,958 [Thread-1445] INFO  impl.RaftServerImpl (RaftServerImpl.java:setRole(184)) - decc5551-dd4b-40dc-8ff5-b6b450d67f6f@group-42ACBF6EBE4E: changes role from  FOLLOWER to CANDIDATE at term 87 for changeToCandidate
2019-10-17 07:10:33,958 [Thread-1445] INFO  impl.RoleInfo (RoleInfo.java:updateAndGet(143)) - decc5551-dd4b-40dc-8ff5-b6b450d67f6f: start LeaderElection
2019-10-17 07:10:33,969 [5c4ee31d-c5ed-4c65-a5df-da3e3cf53ac2@group-233C052D78D6-LeaderElection165] INFO  impl.LeaderElection (LeaderElection.java:askForVotes(178)) - 5c4ee31d-c5ed-4c65-a5df-da3e3cf53ac2@group-233C052D78D6-LeaderElection165: begin an election at term 84 for -1: [67ae3572-7d88-4e50-b53b-0f48f6748b38:192.168.157.211:41299, 831edaa1-80a5-4091-843f-90c648a5a79d:192.168.157.211:44365, 5c4ee31d-c5ed-4c65-a5df-da3e3cf53ac2:192.168.157.211:45059], old=null
2019-10-17 07:10:33,972 [decc5551-dd4b-40dc-8ff5-b6b450d67f6f@group-42ACBF6EBE4E-LeaderElection166] INFO  impl.LeaderElection (LeaderElection.java:askForVotes(178)) - decc5551-dd4b-40dc-8ff5-b6b450d67f6f@group-42ACBF6EBE4E-LeaderElection166: begin an election at term 88 for -1: [215fceca-0555-458b-bc4f-ba38ff24d5ba:192.168.157.211:43803, decc5551-dd4b-40dc-8ff5-b6b450d67f6f:192.168.157.211:34435, 0c631657-10a5-4e2a-a322-8fc6c651b2ed:192.168.157.211:41694], old=null
2019-10-17 07:10:33,972 [grpc-default-executor-3] INFO  impl.RaftServerImpl (RaftServerImpl.java:setRole(184)) - 67ae3572-7d88-4e50-b53b-0f48f6748b38@group-233C052D78D6: changes role from  FOLLOWER to FOLLOWER at term 84 for recognizeCandidate:5c4ee31d-c5ed-4c65-a5df-da3e3cf53ac2
2019-10-17 07:10:33,973 [grpc-default-executor-3] INFO  impl.RoleInfo (RoleInfo.java:shutdownFollowerState(121)) - 67ae3572-7d88-4e50-b53b-0f48f6748b38: shutdown FollowerState
2019-10-17 07:10:33,972 [grpc-default-executor-10] INFO  impl.RaftServerImpl (RaftServerImpl.java:setRole(184)) - 831edaa1-80a5-4091-843f-90c648a5a79d@group-233C052D78D6: changes role from  FOLLOWER to FOLLOWER at term 84 for recognizeCandidate:5c4ee31d-c5ed-4c65-a5df-da3e3cf53ac2
2019-10-17 07:10:33,973 [grpc-default-executor-10] INFO  impl.RoleInfo (RoleInfo.java:shutdownFollowerState(121)) - 831edaa1-80a5-4091-843f-90c648a5a79d: shutdown FollowerState
2019-10-17 07:10:33,973 [grpc-default-executor-3] INFO  impl.RoleInfo (RoleInfo.java:updateAndGet(143)) - 67ae3572-7d88-4e50-b53b-0f48f6748b38: start FollowerState
2019-10-17 07:10:33,973 [Thread-1450] INFO  impl.FollowerState (FollowerState.java:run(117)) - 831edaa1-80a5-4091-843f-90c648a5a79d@group-233C052D78D6-FollowerState was interrupted: java.lang.InterruptedException: sleep interrupted
2019-10-17 07:10:33,973 [grpc-default-executor-10] INFO  impl.RoleInfo (RoleInfo.java:updateAndGet(143)) - 831edaa1-80a5-4091-843f-90c648a5a79d: start FollowerState
2019-10-17 07:10:33,973 [Thread-1449] INFO  impl.FollowerState (FollowerState.java:run(117)) - 67ae3572-7d88-4e50-b53b-0f48f6748b38@group-233C052D78D6-FollowerState was interrupted: java.lang.InterruptedException: sleep interrupted
2019-10-17 07:10:33,975 [grpc-default-executor-11] INFO  impl.RaftServerImpl (RaftServerImpl.java:setRole(184)) - 215fceca-0555-458b-bc4f-ba38ff24d5ba@group-42ACBF6EBE4E: changes role from  FOLLOWER to FOLLOWER at term 88 for recognizeCandidate:decc5551-dd4b-40dc-8ff5-b6b450d67f6f
2019-10-17 07:10:33,975 [grpc-default-executor-11] INFO  impl.RoleInfo (RoleInfo.java:shutdownFollowerState(121)) - 215fceca-0555-458b-bc4f-ba38ff24d5ba: shutdown FollowerState
2019-10-17 07:10:33,975 [grpc-default-executor-11] INFO  impl.RoleInfo (RoleInfo.java:updateAndGet(143)) - 215fceca-0555-458b-bc4f-ba38ff24d5ba: start FollowerState
2019-10-17 07:10:33,975 [grpc-default-executor-9] INFO  impl.RaftServerImpl (RaftServerImpl.java:setRole(184)) - 0c631657-10a5-4e2a-a322-8fc6c651b2ed@group-42ACBF6EBE4E: changes role from  FOLLOWER to FOLLOWER at term 88 for recognizeCandidate:decc5551-dd4b-40dc-8ff5-b6b450d67f6f
2019-10-17 07:10:33,975 [Thread-1443] INFO  impl.FollowerState (FollowerState.java:run(117)) - 215fceca-0555-458b-bc4f-ba38ff24d5ba@group-42ACBF6EBE4E-FollowerState was interrupted: java.lang.InterruptedException: sleep interrupted
2019-10-17 07:10:33,976 [grpc-default-executor-9] INFO  impl.RoleInfo (RoleInfo.java:shutdownFollowerState(121)) - 0c631657-10a5-4e2a-a322-8fc6c651b2ed: shutdown FollowerState
2019-10-17 07:10:33,976 [grpc-default-executor-9] INFO  impl.RoleInfo (RoleInfo.java:updateAndGet(143)) - 0c631657-10a5-4e2a-a322-8fc6c651b2ed: start FollowerState
2019-10-17 07:10:33,976 [Thread-1444] INFO  impl.FollowerState (FollowerState.java:run(117)) - 0c631657-10a5-4e2a-a322-8fc6c651b2ed@group-42ACBF6EBE4E-FollowerState was interrupted: java.lang.InterruptedException: sleep interrupted
2019-10-17 07:10:33,999 [5c4ee31d-c5ed-4c65-a5df-da3e3cf53ac2@group-233C052D78D6-LeaderElection165] INFO  impl.LeaderElection (LeaderElection.java:logAndReturn(56)) - 5c4ee31d-c5ed-4c65-a5df-da3e3cf53ac2@group-233C052D78D6-LeaderElection165: Election REJECTED; received 2 response(s) [5c4ee31d-c5ed-4c65-a5df-da3e3cf53ac2<-67ae3572-7d88-4e50-b53b-0f48f6748b38#0:FAIL-t84, 5c4ee31d-c5ed-4c65-a5df-da3e3cf53ac2<-831edaa1-80a5-4091-843f-90c648a5a79d#0:FAIL-t84] and 0 exception(s); 5c4ee31d-c5ed-4c65-a5df-da3e3cf53ac2@group-233C052D78D6:t84, leader=null, voted=5c4ee31d-c5ed-4c65-a5df-da3e3cf53ac2, raftlog=5c4ee31d-c5ed-4c65-a5df-da3e3cf53ac2@group-233C052D78D6-SegmentedRaftLog:OPENED:c-1,f-1,i0, conf=-1: [67ae3572-7d88-4e50-b53b-0f48f6748b38:192.168.157.211:41299, 831edaa1-80a5-4091-843f-90c648a5a79d:192.168.157.211:44365, 5c4ee31d-c5ed-4c65-a5df-da3e3cf53ac2:192.168.157.211:45059], old=null
2019-10-17 07:10:33,999 [decc5551-dd4b-40dc-8ff5-b6b450d67f6f@group-42ACBF6EBE4E-LeaderElection166] INFO  impl.LeaderElection (LeaderElection.java:logAndReturn(56)) - decc5551-dd4b-40dc-8ff5-b6b450d67f6f@group-42ACBF6EBE4E-LeaderElection166: Election REJECTED; received 2 response(s) [decc5551-dd4b-40dc-8ff5-b6b450d67f6f<-215fceca-0555-458b-bc4f-ba38ff24d5ba#0:FAIL-t88, decc5551-dd4b-40dc-8ff5-b6b450d67f6f<-0c631657-10a5-4e2a-a322-8fc6c651b2ed#0:FAIL-t88] and 0 exception(s); decc5551-dd4b-40dc-8ff5-b6b450d67f6f@group-42ACBF6EBE4E:t88, leader=null, voted=decc5551-dd4b-40dc-8ff5-b6b450d67f6f, raftlog=decc5551-dd4b-40dc-8ff5-b6b450d67f6f@group-42ACBF6EBE4E-SegmentedRaftLog:OPENED:c-1,f-1,i0, conf=-1: [215fceca-0555-458b-bc4f-ba38ff24d5ba:192.168.157.211:43803, decc5551-dd4b-40dc-8ff5-b6b450d67f6f:192.168.157.211:34435, 0c631657-10a5-4e2a-a322-8fc6c651b2ed:192.168.157.211:41694], old=null
2019-10-17 07:10:33,999 [5c4ee31d-c5ed-4c65-a5df-da3e3cf53ac2@group-233C052D78D6-LeaderElection165] INFO  impl.RaftServerImpl (RaftServerImpl.java:setRole(184)) - 5c4ee31d-c5ed-4c65-a5df-da3e3cf53ac2@group-233C052D78D6: changes role from CANDIDATE to FOLLOWER at term 84 for DISCOVERED_A_NEW_TERM
2019-10-17 07:10:34,000 [decc5551-dd4b-40dc-8ff5-b6b450d67f6f@group-42ACBF6EBE4E-LeaderElection166] INFO  impl.RaftServerImpl (RaftServerImpl.java:setRole(184)) - decc5551-dd4b-40dc-8ff5-b6b450d67f6f@group-42ACBF6EBE4E: changes role from CANDIDATE to FOLLOWER at term 88 for DISCOVERED_A_NEW_TERM
2019-10-17 07:10:34,000 [5c4ee31d-c5ed-4c65-a5df-da3e3cf53ac2@group-233C052D78D6-LeaderElection165] INFO  impl.RoleInfo (RoleInfo.java:shutdownLeaderElection(134)) - 5c4ee31d-c5ed-4c65-a5df-da3e3cf53ac2: shutdown LeaderElection
2019-10-17 07:10:34,000 [decc5551-dd4b-40dc-8ff5-b6b450d67f6f@group-42ACBF6EBE4E-LeaderElection166] INFO  impl.RoleInfo (RoleInfo.java:shutdownLeaderElection(134)) - decc5551-dd4b-40dc-8ff5-b6b450d67f6f: shutdown LeaderElection
2019-10-17 07:10:34,000 [5c4ee31d-c5ed-4c65-a5df-da3e3cf53ac2@group-233C052D78D6-LeaderElection165] INFO  impl.RoleInfo (RoleInfo.java:updateAndGet(143)) - 5c4ee31d-c5ed-4c65-a5df-da3e3cf53ac2: start FollowerState
2019-10-17 07:10:34,000 [decc5551-dd4b-40dc-8ff5-b6b450d67f6f@group-42ACBF6EBE4E-LeaderElection166] INFO  impl.RoleInfo (RoleInfo.java:updateAndGet(143)) - decc5551-dd4b-40dc-8ff5-b6b450d67f6f: start FollowerState
2019-10-17 07:10:34,050 [Thread-1463] INFO  impl.FollowerState (FollowerState.java:run(108)) - 5c4ee31d-c5ed-4c65-a5df-da3e3cf53ac2@group-233C052D78D6-FollowerState: change to CANDIDATE, lastRpcTime:49ms, electionTimeout:49ms
2019-10-17 07:10:34,050 [Thread-1463] INFO  impl.RoleInfo (RoleInfo.java:shutdownFollowerState(121)) - 5c4ee31d-c5ed-4c65-a5df-da3e3cf53ac2: shutdown FollowerState
2019-10-17 07:10:34,050 [Thread-1463] INFO  impl.RaftServerImpl (RaftServerImpl.java:setRole(184)) - 5c4ee31d-c5ed-4c65-a5df-da3e3cf53ac2@group-233C052D78D6: changes role from  FOLLOWER to CANDIDATE at term 84 for changeToCandidate
2019-10-17 07:10:34,050 [Thread-1463] INFO  impl.RoleInfo (RoleInfo.java:updateAndGet(143)) - 5c4ee31d-c5ed-4c65-a5df-da3e3cf53ac2: start LeaderElection
2019-10-17 07:10:34,073 [5c4ee31d-c5ed-4c65-a5df-da3e3cf53ac2@group-233C052D78D6-LeaderElection167] INFO  impl.LeaderElection (LeaderElection.java:askForVotes(178)) - 5c4ee31d-c5ed-4c65-a5df-da3e3cf53ac2@group-233C052D78D6-LeaderElection167: begin an election at term 85 for -1: [67ae3572-7d88-4e50-b53b-0f48f6748b38:192.168.157.211:41299, 831edaa1-80a5-4091-843f-90c648a5a79d:192.168.157.211:44365, 5c4ee31d-c5ed-4c65-a5df-da3e3cf53ac2:192.168.157.211:45059], old=null
2019-10-17 07:10:34,076 [grpc-default-executor-10] INFO  impl.RaftServerImpl (RaftServerImpl.java:setRole(184)) - 831edaa1-80a5-4091-843f-90c648a5a79d@group-233C052D78D6: changes role from  FOLLOWER to FOLLOWER at term 85 for recognizeCandidate:5c4ee31d-c5ed-4c65-a5df-da3e3cf53ac2
2019-10-17 07:10:34,076 [grpc-default-executor-10] INFO  impl.RoleInfo (RoleInfo.java:shutdownFollowerState(121)) - 831edaa1-80a5-4091-843f-90c648a5a79d: shutdown FollowerState
2019-10-17 07:10:34,076 [grpc-default-executor-10] INFO  impl.RoleInfo (RoleInfo.java:updateAndGet(143)) - 831edaa1-80a5-4091-843f-90c648a5a79d: start FollowerState
2019-10-17 07:10:34,076 [Thread-1460] INFO  impl.FollowerState (FollowerState.java:run(117)) - 831edaa1-80a5-4091-843f-90c648a5a79d@group-233C052D78D6-FollowerState was interrupted: java.lang.InterruptedException: sleep interrupted
2019-10-17 07:10:34,077 [grpc-default-executor-11] INFO  impl.RaftServerImpl (RaftServerImpl.java:setRole(184)) - 67ae3572-7d88-4e50-b53b-0f48f6748b38@group-233C052D78D6: changes role from  FOLLOWER to FOLLOWER at term 85 for recognizeCandidate:5c4ee31d-c5ed-4c65-a5df-da3e3cf53ac2
2019-10-17 07:10:34,077 [grpc-default-executor-11] INFO  impl.RoleInfo (RoleInfo.java:shutdownFollowerState(121)) - 67ae3572-7d88-4e50-b53b-0f48f6748b38: shutdown FollowerState
2019-10-17 07:10:34,077 [grpc-default-executor-11] INFO  impl.RoleInfo (RoleInfo.java:updateAndGet(143)) - 67ae3572-7d88-4e50-b53b-0f48f6748b38: start FollowerState
2019-10-17 07:10:34,078 [Thread-1459] INFO  impl.FollowerState (FollowerState.java:run(117)) - 67ae3572-7d88-4e50-b53b-0f48f6748b38@group-233C052D78D6-FollowerState was interrupted: java.lang.InterruptedException: sleep interrupted
2019-10-17 07:10:34,092 [Thread-1464] INFO  impl.FollowerState (FollowerState.java:run(108)) - decc5551-dd4b-40dc-8ff5-b6b450d67f6f@group-42ACBF6EBE4E-FollowerState: change to CANDIDATE, lastRpcTime:91ms, electionTimeout:89ms
2019-10-17 07:10:34,094 [Thread-1464] INFO  impl.RoleInfo (RoleInfo.java:shutdownFollowerState(121)) - decc5551-dd4b-40dc-8ff5-b6b450d67f6f: shutdown FollowerState
2019-10-17 07:10:34,095 [Thread-1464] INFO  impl.RaftServerImpl (RaftServerImpl.java:setRole(184)) - decc5551-dd4b-40dc-8ff5-b6b450d67f6f@group-42ACBF6EBE4E: changes role from  FOLLOWER to CANDIDATE at term 88 for changeToCandidate
2019-10-17 07:10:34,095 [Thread-1464] INFO  impl.RoleInfo (RoleInfo.java:updateAndGet(143)) - decc5551-dd4b-40dc-8ff5-b6b450d67f6f: start LeaderElection
2019-10-17 07:10:34,098 [5c4ee31d-c5ed-4c65-a5df-da3e3cf53ac2@group-233C052D78D6-LeaderElection167] INFO  impl.LeaderElection (LeaderElection.java:logAndReturn(56)) - 5c4ee31d-c5ed-4c65-a5df-da3e3cf53ac2@group-233C052D78D6-LeaderElection167: Election REJECTED; received 2 response(s) [5c4ee31d-c5ed-4c65-a5df-da3e3cf53ac2<-67ae3572-7d88-4e50-b53b-0f48f6748b38#0:FAIL-t85, 5c4ee31d-c5ed-4c65-a5df-da3e3cf53ac2<-831edaa1-80a5-4091-843f-90c648a5a79d#0:FAIL-t85] and 0 exception(s); 5c4ee31d-c5ed-4c65-a5df-da3e3cf53ac2@group-233C052D78D6:t85, leader=null, voted=5c4ee31d-c5ed-4c65-a5df-da3e3cf53ac2, raftlog=5c4ee31d-c5ed-4c65-a5df-da3e3cf53ac2@group-233C052D78D6-SegmentedRaftLog:OPENED:c-1,f-1,i0, conf=-1: [67ae3572-7d88-4e50-b53b-0f48f6748b38:192.168.157.211:41299, 831edaa1-80a5-4091-843f-90c648a5a79d:192.168.157.211:44365, 5c4ee31d-c5ed-4c65-a5df-da3e3cf53ac2:192.168.157.211:45059], old=null
2019-10-17 07:10:34,101 [5c4ee31d-c5ed-4c65-a5df-da3e3cf53ac2@group-233C052D78D6-LeaderElection167] INFO  impl.RaftServerImpl (RaftServerImpl.java:setRole(184)) - 5c4ee31d-c5ed-4c65-a5df-da3e3cf53ac2@group-233C052D78D6: changes role from CANDIDATE to FOLLOWER at term 85 for DISCOVERED_A_NEW_TERM
2019-10-17 07:10:34,101 [5c4ee31d-c5ed-4c65-a5df-da3e3cf53ac2@group-233C052D78D6-LeaderElection167] INFO  impl.RoleInfo (RoleInfo.java:shutdownLeaderElection(134)) - 5c4ee31d-c5ed-4c65-a5df-da3e3cf53ac2: shutdown LeaderElection
2019-10-17 07:10:34,101 [5c4ee31d-c5ed-4c65-a5df-da3e3cf53ac2@group-233C052D78D6-LeaderElection167] INFO  impl.RoleInfo (RoleInfo.java:updateAndGet(143)) - 5c4ee31d-c5ed-4c65-a5df-da3e3cf53ac2: start FollowerState
2019-10-17 07:10:34,120 [decc5551-dd4b-40dc-8ff5-b6b450d67f6f@group-42ACBF6EBE4E-LeaderElection168] INFO  impl.LeaderElection (LeaderElection.java:askForVotes(178)) - decc5551-dd4b-40dc-8ff5-b6b450d67f6f@group-42ACBF6EBE4E-LeaderElection168: begin an election at term 89 for -1: [215fceca-0555-458b-bc4f-ba38ff24d5ba:192.168.157.211:43803, decc5551-dd4b-40dc-8ff5-b6b450d67f6f:192.168.157.211:34435, 0c631657-10a5-4e2a-a322-8fc6c651b2ed:192.168.157.211:41694], old=null
2019-10-17 07:10:34,122 [grpc-default-executor-10] INFO  impl.RaftServerImpl (RaftServerImpl.java:setRole(184)) - 215fceca-0555-458b-bc4f-ba38ff24d5ba@group-42ACBF6EBE4E: changes role from  FOLLOWER to FOLLOWER at term 89 for recognizeCandidate:decc5551-dd4b-40dc-8ff5-b6b450d67f6f
2019-10-17 07:10:34,122 [grpc-default-executor-10] INFO  impl.RoleInfo (RoleInfo.java:shutdownFollowerState(121)) - 215fceca-0555-458b-bc4f-ba38ff24d5ba: shutdown FollowerState
2019-10-17 07:10:34,122 [grpc-default-executor-10] INFO  impl.RoleInfo (RoleInfo.java:updateAndGet(143)) - 215fceca-0555-458b-bc4f-ba38ff24d5ba: start FollowerState
2019-10-17 07:10:34,123 [grpc-default-executor-11] INFO  impl.RaftServerImpl (RaftServerImpl.java:setRole(184)) - 0c631657-10a5-4e2a-a322-8fc6c651b2ed@group-42ACBF6EBE4E: changes role from  FOLLOWER to FOLLOWER at term 89 for recognizeCandidate:decc5551-dd4b-40dc-8ff5-b6b450d67f6f
2019-10-17 07:10:34,123 [grpc-default-executor-11] INFO  impl.RoleInfo (RoleInfo.java:shutdownFollowerState(121)) - 0c631657-10a5-4e2a-a322-8fc6c651b2ed: shutdown FollowerState
2019-10-17 07:10:34,123 [Thread-1461] INFO  impl.FollowerState (FollowerState.java:run(117)) - 215fceca-0555-458b-bc4f-ba38ff24d5ba@group-42ACBF6EBE4E-FollowerState was interrupted: java.lang.InterruptedException: sleep interrupted
2019-10-17 07:10:34,123 [Thread-1462] INFO  impl.FollowerState (FollowerState.java:run(117)) - 0c631657-10a5-4e2a-a322-8fc6c651b2ed@group-42ACBF6EBE4E-FollowerState was interrupted: java.lang.InterruptedException: sleep interrupted
2019-10-17 07:10:34,123 [grpc-default-executor-11] INFO  impl.RoleInfo (RoleInfo.java:updateAndGet(143)) - 0c631657-10a5-4e2a-a322-8fc6c651b2ed: start FollowerState
2019-10-17 07:10:34,134 [decc5551-dd4b-40dc-8ff5-b6b450d67f6f@group-42ACBF6EBE4E-LeaderElection168] INFO  impl.LeaderElection (LeaderElection.java:logAndReturn(56)) - decc5551-dd4b-40dc-8ff5-b6b450d67f6f@group-42ACBF6EBE4E-LeaderElection168: Election REJECTED; received 2 response(s) [decc5551-dd4b-40dc-8ff5-b6b450d67f6f<-215fceca-0555-458b-bc4f-ba38ff24d5ba#0:FAIL-t89, decc5551-dd4b-40dc-8ff5-b6b450d67f6f<-0c631657-10a5-4e2a-a322-8fc6c651b2ed#0:FAIL-t89] and 0 exception(s); decc5551-dd4b-40dc-8ff5-b6b450d67f6f@group-42ACBF6EBE4E:t89, leader=null, voted=decc5551-dd4b-40dc-8ff5-b6b450d67f6f, raftlog=decc5551-dd4b-40dc-8ff5-b6b450d67f6f@group-42ACBF6EBE4E-SegmentedRaftLog:OPENED:c-1,f-1,i0, conf=-1: [215fceca-0555-458b-bc4f-ba38ff24d5ba:192.168.157.211:43803, decc5551-dd4b-40dc-8ff5-b6b450d67f6f:192.168.157.211:34435, 0c631657-10a5-4e2a-a322-8fc6c651b2ed:192.168.157.211:41694], old=null
2019-10-17 07:10:34,134 [decc5551-dd4b-40dc-8ff5-b6b450d67f6f@group-42ACBF6EBE4E-LeaderElection168] INFO  impl.RaftServerImpl (RaftServerImpl.java:setRole(184)) - decc5551-dd4b-40dc-8ff5-b6b450d67f6f@group-42ACBF6EBE4E: changes role from CANDIDATE to FOLLOWER at term 89 for DISCOVERED_A_NEW_TERM
2019-10-17 07:10:34,134 [decc5551-dd4b-40dc-8ff5-b6b450d67f6f@group-42ACBF6EBE4E-LeaderElection168] INFO  impl.RoleInfo (RoleInfo.java:shutdownLeaderElection(134)) - decc5551-dd4b-40dc-8ff5-b6b450d67f6f: shutdown LeaderElection
2019-10-17 07:10:34,134 [decc5551-dd4b-40dc-8ff5-b6b450d67f6f@group-42ACBF6EBE4E-LeaderElection168] INFO  impl.RoleInfo (RoleInfo.java:updateAndGet(143)) - decc5551-dd4b-40dc-8ff5-b6b450d67f6f: start FollowerState
2019-10-17 07:10:34,263 [Thread-1477] INFO  impl.FollowerState (FollowerState.java:run(108)) - decc5551-dd4b-40dc-8ff5-b6b450d67f6f@group-42ACBF6EBE4E-FollowerState: change to CANDIDATE, lastRpcTime:128ms, electionTimeout:128ms
2019-10-17 07:10:34,263 [Thread-1477] INFO  impl.RoleInfo (RoleInfo.java:shutdownFollowerState(121)) - decc5551-dd4b-40dc-8ff5-b6b450d67f6f: shutdown FollowerState
2019-10-17 07:10:34,263 [Thread-1477] INFO  impl.RaftServerImpl (RaftServerImpl.java:setRole(184)) - decc5551-dd4b-40dc-8ff5-b6b450d67f6f@group-42ACBF6EBE4E: changes role from  FOLLOWER to CANDIDATE at term 89 for changeToCandidate
2019-10-17 07:10:34,263 [Thread-1477] INFO  impl.RoleInfo (RoleInfo.java:updateAndGet(143)) - decc5551-dd4b-40dc-8ff5-b6b450d67f6f: start LeaderElection
2019-10-17 07:10:34,270 [decc5551-dd4b-40dc-8ff5-b6b450d67f6f@group-42ACBF6EBE4E-LeaderElection169] INFO  impl.LeaderElection (LeaderElection.java:askForVotes(178)) - decc5551-dd4b-40dc-8ff5-b6b450d67f6f@group-42ACBF6EBE4E-LeaderElection169: begin an election at term 90 for -1: [215fceca-0555-458b-bc4f-ba38ff24d5ba:192.168.157.211:43803, decc5551-dd4b-40dc-8ff5-b6b450d67f6f:192.168.157.211:34435, 0c631657-10a5-4e2a-a322-8fc6c651b2ed:192.168.157.211:41694], old=null
2019-10-17 07:10:34,273 [grpc-default-executor-3] INFO  impl.RaftServerImpl (RaftServerImpl.java:setRole(184)) - 0c631657-10a5-4e2a-a322-8fc6c651b2ed@group-42ACBF6EBE4E: changes role from  FOLLOWER to FOLLOWER at term 90 for recognizeCandidate:decc5551-dd4b-40dc-8ff5-b6b450d67f6f
2019-10-17 07:10:34,273 [grpc-default-executor-3] INFO  impl.RoleInfo (RoleInfo.java:shutdownFollowerState(121)) - 0c631657-10a5-4e2a-a322-8fc6c651b2ed: shutdown FollowerState
2019-10-17 07:10:34,273 [grpc-default-executor-11] INFO  impl.RaftServerImpl (RaftServerImpl.java:setRole(184)) - 215fceca-0555-458b-bc4f-ba38ff24d5ba@group-42ACBF6EBE4E: changes role from  FOLLOWER to FOLLOWER at term 90 for recognizeCandidate:decc5551-dd4b-40dc-8ff5-b6b450d67f6f
2019-10-17 07:10:34,274 [Thread-1476] INFO  impl.FollowerState (FollowerState.java:run(117)) - 0c631657-10a5-4e2a-a322-8fc6c651b2ed@group-42ACBF6EBE4E-FollowerState was interrupted: java.lang.InterruptedException: sleep interrupted
2019-10-17 07:10:34,274 [grpc-default-executor-3] INFO  impl.RoleInfo (RoleInfo.java:updateAndGet(143)) - 0c631657-10a5-4e2a-a322-8fc6c651b2ed: start FollowerState
2019-10-17 07:10:34,274 [grpc-default-executor-11] INFO  impl.RoleInfo (RoleInfo.java:shutdownFollowerState(121)) - 215fceca-0555-458b-bc4f-ba38ff24d5ba: shutdown FollowerState
2019-10-17 07:10:34,274 [grpc-default-executor-11] INFO  impl.RoleInfo (RoleInfo.java:updateAndGet(143)) - 215fceca-0555-458b-bc4f-ba38ff24d5ba: start FollowerState
2019-10-17 07:10:34,274 [Thread-1475] INFO  impl.FollowerState (FollowerState.java:run(117)) - 215fceca-0555-458b-bc4f-ba38ff24d5ba@group-42ACBF6EBE4E-FollowerState was interrupted: java.lang.InterruptedException: sleep interrupted
2019-10-17 07:10:34,295 [Thread-1471] INFO  impl.FollowerState (FollowerState.java:run(108)) - 5c4ee31d-c5ed-4c65-a5df-da3e3cf53ac2@group-233C052D78D6-FollowerState: change to CANDIDATE, lastRpcTime:193ms, electionTimeout:193ms
2019-10-17 07:10:34,295 [Thread-1471] INFO  impl.RoleInfo (RoleInfo.java:shutdownFollowerState(121)) - 5c4ee31d-c5ed-4c65-a5df-da3e3cf53ac2: shutdown FollowerState
2019-10-17 07:10:34,295 [Thread-1471] INFO  impl.RaftServerImpl (RaftServerImpl.java:setRole(184)) - 5c4ee31d-c5ed-4c65-a5df-da3e3cf53ac2@group-233C052D78D6: changes role from  FOLLOWER to CANDIDATE at term 85 for changeToCandidate
2019-10-17 07:10:34,295 [Thread-1471] INFO  impl.RoleInfo (RoleInfo.java:updateAndGet(143)) - 5c4ee31d-c5ed-4c65-a5df-da3e3cf53ac2: start LeaderElection
2019-10-17 07:10:34,303 [decc5551-dd4b-40dc-8ff5-b6b450d67f6f@group-42ACBF6EBE4E-LeaderElection169] INFO  impl.LeaderElection (LeaderElection.java:logAndReturn(56)) - decc5551-dd4b-40dc-8ff5-b6b450d67f6f@group-42ACBF6EBE4E-LeaderElection169: Election REJECTED; received 2 response(s) [decc5551-dd4b-40dc-8ff5-b6b450d67f6f<-215fceca-0555-458b-bc4f-ba38ff24d5ba#0:FAIL-t90, decc5551-dd4b-40dc-8ff5-b6b450d67f6f<-0c631657-10a5-4e2a-a322-8fc6c651b2ed#0:FAIL-t90] and 0 exception(s); decc5551-dd4b-40dc-8ff5-b6b450d67f6f@group-42ACBF6EBE4E:t90, leader=null, voted=decc5551-dd4b-40dc-8ff5-b6b450d67f6f, raftlog=decc5551-dd4b-40dc-8ff5-b6b450d67f6f@group-42ACBF6EBE4E-SegmentedRaftLog:OPENED:c-1,f-1,i0, conf=-1: [215fceca-0555-458b-bc4f-ba38ff24d5ba:192.168.157.211:43803, decc5551-dd4b-40dc-8ff5-b6b450d67f6f:192.168.157.211:34435, 0c631657-10a5-4e2a-a322-8fc6c651b2ed:192.168.157.211:41694], old=null
2019-10-17 07:10:34,303 [decc5551-dd4b-40dc-8ff5-b6b450d67f6f@group-42ACBF6EBE4E-LeaderElection169] INFO  impl.RaftServerImpl (RaftServerImpl.java:setRole(184)) - decc5551-dd4b-40dc-8ff5-b6b450d67f6f@group-42ACBF6EBE4E: changes role from CANDIDATE to FOLLOWER at term 90 for DISCOVERED_A_NEW_TERM
2019-10-17 07:10:34,303 [decc5551-dd4b-40dc-8ff5-b6b450d67f6f@group-42ACBF6EBE4E-LeaderElection169] INFO  impl.RoleInfo (RoleInfo.java:shutdownLeaderElection(134)) - decc5551-dd4b-40dc-8ff5-b6b450d67f6f: shutdown LeaderElection
2019-10-17 07:10:34,303 [decc5551-dd4b-40dc-8ff5-b6b450d67f6f@group-42ACBF6EBE4E-LeaderElection169] INFO  impl.RoleInfo (RoleInfo.java:updateAndGet(143)) - decc5551-dd4b-40dc-8ff5-b6b450d67f6f: start FollowerState
2019-10-17 07:10:34,316 [5c4ee31d-c5ed-4c65-a5df-da3e3cf53ac2@group-233C052D78D6-LeaderElection170] INFO  impl.LeaderElection (LeaderElection.java:askForVotes(178)) - 5c4ee31d-c5ed-4c65-a5df-da3e3cf53ac2@group-233C052D78D6-LeaderElection170: begin an election at term 86 for -1: [67ae3572-7d88-4e50-b53b-0f48f6748b38:192.168.157.211:41299, 831edaa1-80a5-4091-843f-90c648a5a79d:192.168.157.211:44365, 5c4ee31d-c5ed-4c65-a5df-da3e3cf53ac2:192.168.157.211:45059], old=null
2019-10-17 07:10:34,318 [grpc-default-executor-3] INFO  impl.RaftServerImpl (RaftServerImpl.java:setRole(184)) - 831edaa1-80a5-4091-843f-90c648a5a79d@group-233C052D78D6: changes role from  FOLLOWER to FOLLOWER at term 86 for recognizeCandidate:5c4ee31d-c5ed-4c65-a5df-da3e3cf53ac2
2019-10-17 07:10:34,318 [grpc-default-executor-3] INFO  impl.RoleInfo (RoleInfo.java:shutdownFollowerState(121)) - 831edaa1-80a5-4091-843f-90c648a5a79d: shutdown FollowerState
2019-10-17 07:10:34,318 [grpc-default-executor-11] INFO  impl.RaftServerImpl (RaftServerImpl.java:setRole(184)) - 67ae3572-7d88-4e50-b53b-0f48f6748b38@group-233C052D78D6: changes role from  FOLLOWER to FOLLOWER at term 86 for recognizeCandidate:5c4ee31d-c5ed-4c65-a5df-da3e3cf53ac2
2019-10-17 07:10:34,318 [Thread-1468] INFO  impl.FollowerState (FollowerState.java:run(117)) - 831edaa1-80a5-4091-843f-90c648a5a79d@group-233C052D78D6-FollowerState was interrupted: java.lang.InterruptedException: sleep interrupted
2019-10-17 07:10:34,318 [grpc-default-executor-3] INFO  impl.RoleInfo (RoleInfo.java:updateAndGet(143)) - 831edaa1-80a5-4091-843f-90c648a5a79d: start FollowerState
2019-10-17 07:10:34,318 [grpc-default-executor-11] INFO  impl.RoleInfo (RoleInfo.java:shutdownFollowerState(121)) - 67ae3572-7d88-4e50-b53b-0f48f6748b38: shutdown FollowerState
2019-10-17 07:10:34,319 [grpc-default-executor-11] INFO  impl.RoleInfo (RoleInfo.java:updateAndGet(143)) - 67ae3572-7d88-4e50-b53b-0f48f6748b38: start FollowerState
2019-10-17 07:10:34,319 [Thread-1469] INFO  impl.FollowerState (FollowerState.java:run(117)) - 67ae3572-7d88-4e50-b53b-0f48f6748b38@group-233C052D78D6-FollowerState was interrupted: java.lang.InterruptedException: sleep interrupted
2019-10-17 07:10:34,337 [5c4ee31d-c5ed-4c65-a5df-da3e3cf53ac2@group-233C052D78D6-LeaderElection170] INFO  impl.LeaderElection (LeaderElection.java:logAndReturn(56)) - 5c4ee31d-c5ed-4c65-a5df-da3e3cf53ac2@group-233C052D78D6-LeaderElection170: Election REJECTED; received 2 response(s) [5c4ee31d-c5ed-4c65-a5df-da3e3cf53ac2<-67ae3572-7d88-4e50-b53b-0f48f6748b38#0:FAIL-t86, 5c4ee31d-c5ed-4c65-a5df-da3e3cf53ac2<-831edaa1-80a5-4091-843f-90c648a5a79d#0:FAIL-t86] and 0 exception(s); 5c4ee31d-c5ed-4c65-a5df-da3e3cf53ac2@group-233C052D78D6:t86, leader=null, voted=5c4ee31d-c5ed-4c65-a5df-da3e3cf53ac2, raftlog=5c4ee31d-c5ed-4c65-a5df-da3e3cf53ac2@group-233C052D78D6-SegmentedRaftLog:OPENED:c-1,f-1,i0, conf=-1: [67ae3572-7d88-4e50-b53b-0f48f6748b38:192.168.157.211:41299, 831edaa1-80a5-4091-843f-90c648a5a79d:192.168.157.211:44365, 5c4ee31d-c5ed-4c65-a5df-da3e3cf53ac2:192.168.157.211:45059], old=null
2019-10-17 07:10:34,337 [5c4ee31d-c5ed-4c65-a5df-da3e3cf53ac2@group-233C052D78D6-LeaderElection170] INFO  impl.RaftServerImpl (RaftServerImpl.java:setRole(184)) - 5c4ee31d-c5ed-4c65-a5df-da3e3cf53ac2@group-233C052D78D6: changes role from CANDIDATE to FOLLOWER at term 86 for DISCOVERED_A_NEW_TERM
2019-10-17 07:10:34,338 [5c4ee31d-c5ed-4c65-a5df-da3e3cf53ac2@group-233C052D78D6-LeaderElection170] INFO  impl.RoleInfo (RoleInfo.java:shutdownLeaderElection(134)) - 5c4ee31d-c5ed-4c65-a5df-da3e3cf53ac2: shutdown LeaderElection
2019-10-17 07:10:34,338 [5c4ee31d-c5ed-4c65-a5df-da3e3cf53ac2@group-233C052D78D6-LeaderElection170] INFO  impl.RoleInfo (RoleInfo.java:updateAndGet(143)) - 5c4ee31d-c5ed-4c65-a5df-da3e3cf53ac2: start FollowerState
2019-10-17 07:10:34,402 [Thread-1511] INFO  impl.FollowerState (FollowerState.java:run(108)) - 5c4ee31d-c5ed-4c65-a5df-da3e3cf53ac2@group-233C052D78D6-FollowerState: change to CANDIDATE, lastRpcTime:64ms, electionTimeout:64ms
2019-10-17 07:10:34,402 [Thread-1511] INFO  impl.RoleInfo (RoleInfo.java:shutdownFollowerState(121)) - 5c4ee31d-c5ed-4c65-a5df-da3e3cf53ac2: shutdown FollowerState
2019-10-17 07:10:34,403 [Thread-1511] INFO  impl.RaftServerImpl (RaftServerImpl.java:setRole(184)) - 5c4ee31d-c5ed-4c65-a5df-da3e3cf53ac2@group-233C052D78D6: changes role from  FOLLOWER to CANDIDATE at term 86 for changeToCandidate
2019-10-17 07:10:34,403 [Thread-1511] INFO  impl.RoleInfo (RoleInfo.java:updateAndGet(143)) - 5c4ee31d-c5ed-4c65-a5df-da3e3cf53ac2: start LeaderElection
2019-10-17 07:10:34,436 [Thread-1504] INFO  impl.FollowerState (FollowerState.java:run(108)) - decc5551-dd4b-40dc-8ff5-b6b450d67f6f@group-42ACBF6EBE4E-FollowerState: change to CANDIDATE, lastRpcTime:132ms, electionTimeout:132ms
2019-10-17 07:10:34,436 [Thread-1504] INFO  impl.RoleInfo (RoleInfo.java:shutdownFollowerState(121)) - decc5551-dd4b-40dc-8ff5-b6b450d67f6f: shutdown FollowerState
2019-10-17 07:10:34,436 [Thread-1504] INFO  impl.RaftServerImpl (RaftServerImpl.java:setRole(184)) - decc5551-dd4b-40dc-8ff5-b6b450d67f6f@group-42ACBF6EBE4E: changes role from  FOLLOWER to CANDIDATE at term 90 for changeToCandidate
2019-10-17 07:10:34,436 [Thread-1504] INFO  impl.RoleInfo (RoleInfo.java:updateAndGet(143)) - decc5551-dd4b-40dc-8ff5-b6b450d67f6f: start LeaderElection
2019-10-17 07:10:34,437 [5c4ee31d-c5ed-4c65-a5df-da3e3cf53ac2@group-233C052D78D6-LeaderElection171] INFO  impl.LeaderElection (LeaderElection.java:askForVotes(178)) - 5c4ee31d-c5ed-4c65-a5df-da3e3cf53ac2@group-233C052D78D6-LeaderElection171: begin an election at term 87 for -1: [67ae3572-7d88-4e50-b53b-0f48f6748b38:192.168.157.211:41299, 831edaa1-80a5-4091-843f-90c648a5a79d:192.168.157.211:44365, 5c4ee31d-c5ed-4c65-a5df-da3e3cf53ac2:192.168.157.211:45059], old=null
2019-10-17 07:10:34,440 [grpc-default-executor-11] INFO  impl.RaftServerImpl (RaftServerImpl.java:setRole(184)) - 831edaa1-80a5-4091-843f-90c648a5a79d@group-233C052D78D6: changes role from  FOLLOWER to FOLLOWER at term 87 for recognizeCandidate:5c4ee31d-c5ed-4c65-a5df-da3e3cf53ac2
2019-10-17 07:10:34,440 [grpc-default-executor-3] INFO  impl.RaftServerImpl (RaftServerImpl.java:setRole(184)) - 67ae3572-7d88-4e50-b53b-0f48f6748b38@group-233C052D78D6: changes role from  FOLLOWER to FOLLOWER at term 87 for recognizeCandidate:5c4ee31d-c5ed-4c65-a5df-da3e3cf53ac2
2019-10-17 07:10:34,440 [grpc-default-executor-11] INFO  impl.RoleInfo (RoleInfo.java:shutdownFollowerState(121)) - 831edaa1-80a5-4091-843f-90c648a5a79d: shutdown FollowerState
2019-10-17 07:10:34,440 [grpc-default-executor-3] INFO  impl.RoleInfo (RoleInfo.java:shutdownFollowerState(121)) - 67ae3572-7d88-4e50-b53b-0f48f6748b38: shutdown FollowerState
2019-10-17 07:10:34,440 [Thread-1507] INFO  impl.FollowerState (FollowerState.java:run(117)) - 831edaa1-80a5-4091-843f-90c648a5a79d@group-233C052D78D6-FollowerState was interrupted: java.lang.InterruptedException: sleep interrupted
2019-10-17 07:10:34,440 [grpc-default-executor-11] INFO  impl.RoleInfo (RoleInfo.java:updateAndGet(143)) - 831edaa1-80a5-4091-843f-90c648a5a79d: start FollowerState
2019-10-17 07:10:34,440 [Thread-1508] INFO  impl.FollowerState (FollowerState.java:run(117)) - 67ae3572-7d88-4e50-b53b-0f48f6748b38@group-233C052D78D6-FollowerState was interrupted: java.lang.InterruptedException: sleep interrupted
2019-10-17 07:10:34,440 [grpc-default-executor-3] INFO  impl.RoleInfo (RoleInfo.java:updateAndGet(143)) - 67ae3572-7d88-4e50-b53b-0f48f6748b38: start FollowerState
2019-10-17 07:10:34,440 [decc5551-dd4b-40dc-8ff5-b6b450d67f6f@group-42ACBF6EBE4E-LeaderElection172] INFO  impl.LeaderElection (LeaderElection.java:askForVotes(178)) - decc5551-dd4b-40dc-8ff5-b6b450d67f6f@group-42ACBF6EBE4E-LeaderElection172: begin an election at term 91 for -1: [215fceca-0555-458b-bc4f-ba38ff24d5ba:192.168.157.211:43803, decc5551-dd4b-40dc-8ff5-b6b450d67f6f:192.168.157.211:34435, 0c631657-10a5-4e2a-a322-8fc6c651b2ed:192.168.157.211:41694], old=null
2019-10-17 07:10:34,444 [grpc-default-executor-10] INFO  impl.RaftServerImpl (RaftServerImpl.java:setRole(184)) - 215fceca-0555-458b-bc4f-ba38ff24d5ba@group-42ACBF6EBE4E: changes role from  FOLLOWER to FOLLOWER at term 91 for recognizeCandidate:decc5551-dd4b-40dc-8ff5-b6b450d67f6f
2019-10-17 07:10:34,447 [grpc-default-executor-10] INFO  impl.RoleInfo (RoleInfo.java:shutdownFollowerState(121)) - 215fceca-0555-458b-bc4f-ba38ff24d5ba: shutdown FollowerState
2019-10-17 07:10:34,447 [grpc-default-executor-10] INFO  impl.RoleInfo (RoleInfo.java:updateAndGet(143)) - 215fceca-0555-458b-bc4f-ba38ff24d5ba: start FollowerState
2019-10-17 07:10:34,447 [Thread-1502] INFO  impl.FollowerState (FollowerState.java:run(117)) - 215fceca-0555-458b-bc4f-ba38ff24d5ba@group-42ACBF6EBE4E-FollowerState was interrupted: java.lang.InterruptedException: sleep interrupted
2019-10-17 07:10:34,448 [grpc-default-executor-7] INFO  impl.RaftServerImpl (RaftServerImpl.java:setRole(184)) - 0c631657-10a5-4e2a-a322-8fc6c651b2ed@group-42ACBF6EBE4E: changes role from  FOLLOWER to FOLLOWER at term 91 for recognizeCandidate:decc5551-dd4b-40dc-8ff5-b6b450d67f6f
2019-10-17 07:10:34,448 [grpc-default-executor-7] INFO  impl.RoleInfo (RoleInfo.java:shutdownFollowerState(121)) - 0c631657-10a5-4e2a-a322-8fc6c651b2ed: shutdown FollowerState
2019-10-17 07:10:34,448 [grpc-default-executor-7] INFO  impl.RoleInfo (RoleInfo.java:updateAndGet(143)) - 0c631657-10a5-4e2a-a322-8fc6c651b2ed: start FollowerState
2019-10-17 07:10:34,448 [Thread-1501] INFO  impl.FollowerState (FollowerState.java:run(117)) - 0c631657-10a5-4e2a-a322-8fc6c651b2ed@group-42ACBF6EBE4E-FollowerState was interrupted: java.lang.InterruptedException: sleep interrupted
2019-10-17 07:10:34,459 [decc5551-dd4b-40dc-8ff5-b6b450d67f6f@group-42ACBF6EBE4E-LeaderElection172] INFO  impl.LeaderElection (LeaderElection.java:logAndReturn(56)) - decc5551-dd4b-40dc-8ff5-b6b450d67f6f@group-42ACBF6EBE4E-LeaderElection172: Election REJECTED; received 2 response(s) [decc5551-dd4b-40dc-8ff5-b6b450d67f6f<-215fceca-0555-458b-bc4f-ba38ff24d5ba#0:FAIL-t91, decc5551-dd4b-40dc-8ff5-b6b450d67f6f<-0c631657-10a5-4e2a-a322-8fc6c651b2ed#0:FAIL-t91] and 0 exception(s); decc5551-dd4b-40dc-8ff5-b6b450d67f6f@group-42ACBF6EBE4E:t91, leader=null, voted=decc5551-dd4b-40dc-8ff5-b6b450d67f6f, raftlog=decc5551-dd4b-40dc-8ff5-b6b450d67f6f@group-42ACBF6EBE4E-SegmentedRaftLog:OPENED:c-1,f-1,i0, conf=-1: [215fceca-0555-458b-bc4f-ba38ff24d5ba:192.168.157.211:43803, decc5551-dd4b-40dc-8ff5-b6b450d67f6f:192.168.157.211:34435, 0c631657-10a5-4e2a-a322-8fc6c651b2ed:192.168.157.211:41694], old=null
2019-10-17 07:10:34,460 [decc5551-dd4b-40dc-8ff5-b6b450d67f6f@group-42ACBF6EBE4E-LeaderElection172] INFO  impl.RaftServerImpl (RaftServerImpl.java:setRole(184)) - decc5551-dd4b-40dc-8ff5-b6b450d67f6f@group-42ACBF6EBE4E: changes role from CANDIDATE to FOLLOWER at term 91 for DISCOVERED_A_NEW_TERM
2019-10-17 07:10:34,460 [decc5551-dd4b-40dc-8ff5-b6b450d67f6f@group-42ACBF6EBE4E-LeaderElection172] INFO  impl.RoleInfo (RoleInfo.java:shutdownLeaderElection(134)) - decc5551-dd4b-40dc-8ff5-b6b450d67f6f: shutdown LeaderElection
2019-10-17 07:10:34,460 [decc5551-dd4b-40dc-8ff5-b6b450d67f6f@group-42ACBF6EBE4E-LeaderElection172] INFO  impl.RoleInfo (RoleInfo.java:updateAndGet(143)) - decc5551-dd4b-40dc-8ff5-b6b450d67f6f: start FollowerState
2019-10-17 07:10:34,461 [5c4ee31d-c5ed-4c65-a5df-da3e3cf53ac2@group-233C052D78D6-LeaderElection171] INFO  impl.LeaderElection (LeaderElection.java:logAndReturn(56)) - 5c4ee31d-c5ed-4c65-a5df-da3e3cf53ac2@group-233C052D78D6-LeaderElection171: Election REJECTED; received 2 response(s) [5c4ee31d-c5ed-4c65-a5df-da3e3cf53ac2<-67ae3572-7d88-4e50-b53b-0f48f6748b38#0:FAIL-t87, 5c4ee31d-c5ed-4c65-a5df-da3e3cf53ac2<-831edaa1-80a5-4091-843f-90c648a5a79d#0:FAIL-t87] and 0 exception(s); 5c4ee31d-c5ed-4c65-a5df-da3e3cf53ac2@group-233C052D78D6:t87, leader=null, voted=5c4ee31d-c5ed-4c65-a5df-da3e3cf53ac2, raftlog=5c4ee31d-c5ed-4c65-a5df-da3e3cf53ac2@group-233C052D78D6-SegmentedRaftLog:OPENED:c-1,f-1,i0, conf=-1: [67ae3572-7d88-4e50-b53b-0f48f6748b38:192.168.157.211:41299, 831edaa1-80a5-4091-843f-90c648a5a79d:192.168.157.211:44365, 5c4ee31d-c5ed-4c65-a5df-da3e3cf53ac2:192.168.157.211:45059], old=null
2019-10-17 07:10:34,461 [5c4ee31d-c5ed-4c65-a5df-da3e3cf53ac2@group-233C052D78D6-LeaderElection171] INFO  impl.RaftServerImpl (RaftServerImpl.java:setRole(184)) - 5c4ee31d-c5ed-4c65-a5df-da3e3cf53ac2@group-233C052D78D6: changes role from CANDIDATE to FOLLOWER at term 87 for DISCOVERED_A_NEW_TERM
2019-10-17 07:10:34,461 [5c4ee31d-c5ed-4c65-a5df-da3e3cf53ac2@group-233C052D78D6-LeaderElection171] INFO  impl.RoleInfo (RoleInfo.java:shutdownLeaderElection(134)) - 5c4ee31d-c5ed-4c65-a5df-da3e3cf53ac2: shutdown LeaderElection
2019-10-17 07:10:34,461 [5c4ee31d-c5ed-4c65-a5df-da3e3cf53ac2@group-233C052D78D6-LeaderElection171] INFO  impl.RoleInfo (RoleInfo.java:updateAndGet(143)) - 5c4ee31d-c5ed-4c65-a5df-da3e3cf53ac2: start FollowerState
2019-10-17 07:10:34,473 [Thread-1524] INFO  impl.FollowerState (FollowerState.java:run(108)) - 5c4ee31d-c5ed-4c65-a5df-da3e3cf53ac2@group-233C052D78D6-FollowerState: change to CANDIDATE, lastRpcTime:11ms, electionTimeout:11ms
2019-10-17 07:10:34,473 [Thread-1524] INFO  impl.RoleInfo (RoleInfo.java:shutdownFollowerState(121)) - 5c4ee31d-c5ed-4c65-a5df-da3e3cf53ac2: shutdown FollowerState
2019-10-17 07:10:34,473 [Thread-1524] INFO  impl.RaftServerImpl (RaftServerImpl.java:setRole(184)) - 5c4ee31d-c5ed-4c65-a5df-da3e3cf53ac2@group-233C052D78D6: changes role from  FOLLOWER to CANDIDATE at term 87 for changeToCandidate
2019-10-17 07:10:34,473 [Thread-1524] INFO  impl.RoleInfo (RoleInfo.java:updateAndGet(143)) - 5c4ee31d-c5ed-4c65-a5df-da3e3cf53ac2: start LeaderElection
2019-10-17 07:10:34,768 [Thread-1523] INFO  impl.FollowerState (FollowerState.java:run(108)) - decc5551-dd4b-40dc-8ff5-b6b450d67f6f@group-42ACBF6EBE4E-FollowerState: change to CANDIDATE, lastRpcTime:308ms, electionTimeout:156ms
2019-10-17 07:10:34,769 [Thread-1523] INFO  impl.RoleInfo (RoleInfo.java:shutdownFollowerState(121)) - decc5551-dd4b-40dc-8ff5-b6b450d67f6f: shutdown FollowerState
2019-10-17 07:10:34,770 [Thread-1523] INFO  impl.RaftServerImpl (RaftServerImpl.java:setRole(184)) - decc5551-dd4b-40dc-8ff5-b6b450d67f6f@group-42ACBF6EBE4E: changes role from  FOLLOWER to CANDIDATE at term 91 for changeToCandidate
2019-10-17 07:10:34,770 [5c4ee31d-c5ed-4c65-a5df-da3e3cf53ac2@group-233C052D78D6-LeaderElection173] INFO  impl.LeaderElection (LeaderElection.java:askForVotes(178)) - 5c4ee31d-c5ed-4c65-a5df-da3e3cf53ac2@group-233C052D78D6-LeaderElection173: begin an election at term 88 for -1: [67ae3572-7d88-4e50-b53b-0f48f6748b38:192.168.157.211:41299, 831edaa1-80a5-4091-843f-90c648a5a79d:192.168.157.211:44365, 5c4ee31d-c5ed-4c65-a5df-da3e3cf53ac2:192.168.157.211:45059], old=null
2019-10-17 07:10:34,770 [Thread-1523] INFO  impl.RoleInfo (RoleInfo.java:updateAndGet(143)) - decc5551-dd4b-40dc-8ff5-b6b450d67f6f: start LeaderElection
2019-10-17 07:10:34,777 [grpc-default-executor-3] INFO  impl.RaftServerImpl (RaftServerImpl.java:setRole(184)) - 831edaa1-80a5-4091-843f-90c648a5a79d@group-233C052D78D6: changes role from  FOLLOWER to FOLLOWER at term 88 for recognizeCandidate:5c4ee31d-c5ed-4c65-a5df-da3e3cf53ac2
2019-10-17 07:10:34,777 [5c4ee31d-c5ed-4c65-a5df-da3e3cf53ac2@group-233C052D78D6-LeaderElection173] INFO  impl.LeaderElection (LeaderElection.java:logAndReturn(56)) - 5c4ee31d-c5ed-4c65-a5df-da3e3cf53ac2@group-233C052D78D6-LeaderElection173: Election TIMEOUT; received 0 response(s) [] and 0 exception(s); 5c4ee31d-c5ed-4c65-a5df-da3e3cf53ac2@group-233C052D78D6:t88, leader=null, voted=5c4ee31d-c5ed-4c65-a5df-da3e3cf53ac2, raftlog=5c4ee31d-c5ed-4c65-a5df-da3e3cf53ac2@group-233C052D78D6-SegmentedRaftLog:OPENED:c-1,f-1,i0, conf=-1: [67ae3572-7d88-4e50-b53b-0f48f6748b38:192.168.157.211:41299, 831edaa1-80a5-4091-843f-90c648a5a79d:192.168.157.211:44365, 5c4ee31d-c5ed-4c65-a5df-da3e3cf53ac2:192.168.157.211:45059], old=null
2019-10-17 07:10:34,777 [grpc-default-executor-3] INFO  impl.RoleInfo (RoleInfo.java:shutdownFollowerState(121)) - 831edaa1-80a5-4091-843f-90c648a5a79d: shutdown FollowerState
2019-10-17 07:10:34,778 [grpc-default-executor-3] INFO  impl.RoleInfo (RoleInfo.java:updateAndGet(143)) - 831edaa1-80a5-4091-843f-90c648a5a79d: start FollowerState
2019-10-17 07:10:34,778 [Thread-1516] INFO  impl.FollowerState (FollowerState.java:run(117)) - 831edaa1-80a5-4091-843f-90c648a5a79d@group-233C052D78D6-FollowerState was interrupted: java.lang.InterruptedException: sleep interrupted
2019-10-17 07:10:34,779 [grpc-default-executor-11] INFO  impl.RaftServerImpl (RaftServerImpl.java:setRole(184)) - 67ae3572-7d88-4e50-b53b-0f48f6748b38@group-233C052D78D6: changes role from  FOLLOWER to FOLLOWER at term 88 for recognizeCandidate:5c4ee31d-c5ed-4c65-a5df-da3e3cf53ac2
2019-10-17 07:10:34,779 [grpc-default-executor-11] INFO  impl.RoleInfo (RoleInfo.java:shutdownFollowerState(121)) - 67ae3572-7d88-4e50-b53b-0f48f6748b38: shutdown FollowerState
2019-10-17 07:10:34,779 [grpc-default-executor-11] INFO  impl.RoleInfo (RoleInfo.java:updateAndGet(143)) - 67ae3572-7d88-4e50-b53b-0f48f6748b38: start FollowerState
2019-10-17 07:10:34,779 [Thread-1517] INFO  impl.FollowerState (FollowerState.java:run(117)) - 67ae3572-7d88-4e50-b53b-0f48f6748b38@group-233C052D78D6-FollowerState was interrupted: java.lang.InterruptedException: sleep interrupted
2019-10-17 07:10:34,790 [5c4ee31d-c5ed-4c65-a5df-da3e3cf53ac2@group-233C052D78D6-LeaderElection173] INFO  impl.LeaderElection (LeaderElection.java:askForVotes(178)) - 5c4ee31d-c5ed-4c65-a5df-da3e3cf53ac2@group-233C052D78D6-LeaderElection173: begin an election at term 89 for -1: [67ae3572-7d88-4e50-b53b-0f48f6748b38:192.168.157.211:41299, 831edaa1-80a5-4091-843f-90c648a5a79d:192.168.157.211:44365, 5c4ee31d-c5ed-4c65-a5df-da3e3cf53ac2:192.168.157.211:45059], old=null
2019-10-17 07:10:34,790 [decc5551-dd4b-40dc-8ff5-b6b450d67f6f@group-42ACBF6EBE4E-LeaderElection174] INFO  impl.LeaderElection (LeaderElection.java:askForVotes(178)) - decc5551-dd4b-40dc-8ff5-b6b450d67f6f@group-42ACBF6EBE4E-LeaderElection174: begin an election at term 92 for -1: [215fceca-0555-458b-bc4f-ba38ff24d5ba:192.168.157.211:43803, decc5551-dd4b-40dc-8ff5-b6b450d67f6f:192.168.157.211:34435, 0c631657-10a5-4e2a-a322-8fc6c651b2ed:192.168.157.211:41694], old=null
2019-10-17 07:10:34,796 [grpc-default-executor-3] INFO  impl.RaftServerImpl (RaftServerImpl.java:setRole(184)) - 67ae3572-7d88-4e50-b53b-0f48f6748b38@group-233C052D78D6: changes role from  FOLLOWER to FOLLOWER at term 89 for recognizeCandidate:5c4ee31d-c5ed-4c65-a5df-da3e3cf53ac2
2019-10-17 07:10:34,796 [grpc-default-executor-3] INFO  impl.RoleInfo (RoleInfo.java:shutdownFollowerState(121)) - 67ae3572-7d88-4e50-b53b-0f48f6748b38: shutdown FollowerState
2019-10-17 07:10:34,796 [grpc-default-executor-10] INFO  impl.RaftServerImpl (RaftServerImpl.java:setRole(184)) - 0c631657-10a5-4e2a-a322-8fc6c651b2ed@group-42ACBF6EBE4E: changes role from  FOLLOWER to FOLLOWER at term 92 for recognizeCandidate:decc5551-dd4b-40dc-8ff5-b6b450d67f6f
2019-10-17 07:10:34,797 [grpc-default-executor-10] INFO  impl.RoleInfo (RoleInfo.java:shutdownFollowerState(121)) - 0c631657-10a5-4e2a-a322-8fc6c651b2ed: shutdown FollowerState
2019-10-17 07:10:34,796 [Thread-1530] INFO  impl.FollowerState (FollowerState.java:run(117)) - 67ae3572-7d88-4e50-b53b-0f48f6748b38@group-233C052D78D6-FollowerState was interrupted: java.lang.InterruptedException: sleep interrupted
2019-10-17 07:10:34,796 [grpc-default-executor-3] INFO  impl.RoleInfo (RoleInfo.java:updateAndGet(143)) - 67ae3572-7d88-4e50-b53b-0f48f6748b38: start FollowerState
2019-10-17 07:10:34,797 [grpc-default-executor-11] INFO  impl.RaftServerImpl (RaftServerImpl.java:setRole(184)) - 215fceca-0555-458b-bc4f-ba38ff24d5ba@group-42ACBF6EBE4E: changes role from  FOLLOWER to FOLLOWER at term 92 for recognizeCandidate:decc5551-dd4b-40dc-8ff5-b6b450d67f6f
2019-10-17 07:10:34,797 [grpc-default-executor-11] INFO  impl.RoleInfo (RoleInfo.java:shutdownFollowerState(121)) - 215fceca-0555-458b-bc4f-ba38ff24d5ba: shutdown FollowerState
2019-10-17 07:10:34,797 [Thread-1522] INFO  impl.FollowerState (FollowerState.java:run(117)) - 0c631657-10a5-4e2a-a322-8fc6c651b2ed@group-42ACBF6EBE4E-FollowerState was interrupted: java.lang.InterruptedException: sleep interrupted
2019-10-17 07:10:34,798 [Thread-1521] INFO  impl.FollowerState (FollowerState.java:run(117)) - 215fceca-0555-458b-bc4f-ba38ff24d5ba@group-42ACBF6EBE4E-FollowerState was interrupted: java.lang.InterruptedException: sleep interrupted
2019-10-17 07:10:34,797 [grpc-default-executor-10] INFO  impl.RoleInfo (RoleInfo.java:updateAndGet(143)) - 0c631657-10a5-4e2a-a322-8fc6c651b2ed: start FollowerState
2019-10-17 07:10:34,798 [grpc-default-executor-7] INFO  impl.RaftServerImpl (RaftServerImpl.java:setRole(184)) - 831edaa1-80a5-4091-843f-90c648a5a79d@group-233C052D78D6: changes role from  FOLLOWER to FOLLOWER at term 89 for recognizeCandidate:5c4ee31d-c5ed-4c65-a5df-da3e3cf53ac2
2019-10-17 07:10:34,798 [grpc-default-executor-7] INFO  impl.RoleInfo (RoleInfo.java:shutdownFollowerState(121)) - 831edaa1-80a5-4091-843f-90c648a5a79d: shutdown FollowerState
2019-10-17 07:10:34,798 [grpc-default-executor-11] INFO  impl.RoleInfo (RoleInfo.java:updateAndGet(143)) - 215fceca-0555-458b-bc4f-ba38ff24d5ba: start FollowerState
2019-10-17 07:10:34,798 [Thread-1529] INFO  impl.FollowerState (FollowerState.java:run(117)) - 831edaa1-80a5-4091-843f-90c648a5a79d@group-233C052D78D6-FollowerState was interrupted: java.lang.InterruptedException: sleep interrupted
2019-10-17 07:10:34,798 [grpc-default-executor-7] INFO  impl.RoleInfo (RoleInfo.java:updateAndGet(143)) - 831edaa1-80a5-4091-843f-90c648a5a79d: start FollowerState
2019-10-17 07:10:34,810 [decc5551-dd4b-40dc-8ff5-b6b450d67f6f@group-42ACBF6EBE4E-LeaderElection174] INFO  impl.LeaderElection (LeaderElection.java:logAndReturn(56)) - decc5551-dd4b-40dc-8ff5-b6b450d67f6f@group-42ACBF6EBE4E-LeaderElection174: Election TIMEOUT; received 0 response(s) [] and 0 exception(s); decc5551-dd4b-40dc-8ff5-b6b450d67f6f@group-42ACBF6EBE4E:t92, leader=null, voted=decc5551-dd4b-40dc-8ff5-b6b450d67f6f, raftlog=decc5551-dd4b-40dc-8ff5-b6b450d67f6f@group-42ACBF6EBE4E-SegmentedRaftLog:OPENED:c-1,f-1,i0, conf=-1: [215fceca-0555-458b-bc4f-ba38ff24d5ba:192.168.157.211:43803, decc5551-dd4b-40dc-8ff5-b6b450d67f6f:192.168.157.211:34435, 0c631657-10a5-4e2a-a322-8fc6c651b2ed:192.168.157.211:41694], old=null
2019-10-17 07:10:34,826 [decc5551-dd4b-40dc-8ff5-b6b450d67f6f@group-42ACBF6EBE4E-LeaderElection174] INFO  impl.LeaderElection (LeaderElection.java:askForVotes(178)) - decc5551-dd4b-40dc-8ff5-b6b450d67f6f@group-42ACBF6EBE4E-LeaderElection174: begin an election at term 93 for -1: [215fceca-0555-458b-bc4f-ba38ff24d5ba:192.168.157.211:43803, decc5551-dd4b-40dc-8ff5-b6b450d67f6f:192.168.157.211:34435, 0c631657-10a5-4e2a-a322-8fc6c651b2ed:192.168.157.211:41694], old=null
2019-10-17 07:10:34,827 [5c4ee31d-c5ed-4c65-a5df-da3e3cf53ac2@group-233C052D78D6-LeaderElection173] INFO  impl.LeaderElection (LeaderElection.java:logAndReturn(56)) - 5c4ee31d-c5ed-4c65-a5df-da3e3cf53ac2@group-233C052D78D6-LeaderElection173: Election REJECTED; received 2 response(s) [5c4ee31d-c5ed-4c65-a5df-da3e3cf53ac2<-67ae3572-7d88-4e50-b53b-0f48f6748b38#0:FAIL-t89, 5c4ee31d-c5ed-4c65-a5df-da3e3cf53ac2<-831edaa1-80a5-4091-843f-90c648a5a79d#0:FAIL-t89] and 0 exception(s); 5c4ee31d-c5ed-4c65-a5df-da3e3cf53ac2@group-233C052D78D6:t89, leader=null, voted=5c4ee31d-c5ed-4c65-a5df-da3e3cf53ac2, raftlog=5c4ee31d-c5ed-4c65-a5df-da3e3cf53ac2@group-233C052D78D6-SegmentedRaftLog:OPENED:c-1,f-1,i0, conf=-1: [67ae3572-7d88-4e50-b53b-0f48f6748b38:192.168.157.211:41299, 831edaa1-80a5-4091-843f-90c648a5a79d:192.168.157.211:44365, 5c4ee31d-c5ed-4c65-a5df-da3e3cf53ac2:192.168.157.211:45059], old=null
2019-10-17 07:10:34,830 [5c4ee31d-c5ed-4c65-a5df-da3e3cf53ac2@group-233C052D78D6-LeaderElection173] INFO  impl.RaftServerImpl (RaftServerImpl.java:setRole(184)) - 5c4ee31d-c5ed-4c65-a5df-da3e3cf53ac2@group-233C052D78D6: changes role from CANDIDATE to FOLLOWER at term 89 for DISCOVERED_A_NEW_TERM
2019-10-17 07:10:34,830 [5c4ee31d-c5ed-4c65-a5df-da3e3cf53ac2@group-233C052D78D6-LeaderElection173] INFO  impl.RoleInfo (RoleInfo.java:shutdownLeaderElection(134)) - 5c4ee31d-c5ed-4c65-a5df-da3e3cf53ac2: shutdown LeaderElection
2019-10-17 07:10:34,830 [5c4ee31d-c5ed-4c65-a5df-da3e3cf53ac2@group-233C052D78D6-LeaderElection173] INFO  impl.RoleInfo (RoleInfo.java:updateAndGet(143)) - 5c4ee31d-c5ed-4c65-a5df-da3e3cf53ac2: start FollowerState
2019-10-17 07:10:34,831 [grpc-default-executor-9] INFO  impl.RaftServerImpl (RaftServerImpl.java:setRole(184)) - 0c631657-10a5-4e2a-a322-8fc6c651b2ed@group-42ACBF6EBE4E: changes role from  FOLLOWER to FOLLOWER at term 93 for recognizeCandidate:decc5551-dd4b-40dc-8ff5-b6b450d67f6f
2019-10-17 07:10:34,831 [grpc-default-executor-9] INFO  impl.RoleInfo (RoleInfo.java:shutdownFollowerState(121)) - 0c631657-10a5-4e2a-a322-8fc6c651b2ed: shutdown FollowerState
2019-10-17 07:10:34,831 [grpc-default-executor-9] INFO  impl.RoleInfo (RoleInfo.java:updateAndGet(143)) - 0c631657-10a5-4e2a-a322-8fc6c651b2ed: start FollowerState
2019-10-17 07:10:34,831 [Thread-1542] INFO  impl.FollowerState (FollowerState.java:run(117)) - 0c631657-10a5-4e2a-a322-8fc6c651b2ed@group-42ACBF6EBE4E-FollowerState was interrupted: java.lang.InterruptedException: sleep interrupted
2019-10-17 07:10:34,832 [grpc-default-executor-4] INFO  impl.RaftServerImpl (RaftServerImpl.java:setRole(184)) - 215fceca-0555-458b-bc4f-ba38ff24d5ba@group-42ACBF6EBE4E: changes role from  FOLLOWER to FOLLOWER at term 93 for recognizeCandidate:decc5551-dd4b-40dc-8ff5-b6b450d67f6f
2019-10-17 07:10:34,832 [grpc-default-executor-4] INFO  impl.RoleInfo (RoleInfo.java:shutdownFollowerState(121)) - 215fceca-0555-458b-bc4f-ba38ff24d5ba: shutdown FollowerState
2019-10-17 07:10:34,832 [grpc-default-executor-4] INFO  impl.RoleInfo (RoleInfo.java:updateAndGet(143)) - 215fceca-0555-458b-bc4f-ba38ff24d5ba: start FollowerState
2019-10-17 07:10:34,832 [Thread-1543] INFO  impl.FollowerState (FollowerState.java:run(117)) - 215fceca-0555-458b-bc4f-ba38ff24d5ba@group-42ACBF6EBE4E-FollowerState was interrupted: java.lang.InterruptedException: sleep interrupted
2019-10-17 07:10:34,848 [decc5551-dd4b-40dc-8ff5-b6b450d67f6f@group-42ACBF6EBE4E-LeaderElection174] INFO  impl.LeaderElection (LeaderElection.java:logAndReturn(56)) - decc5551-dd4b-40dc-8ff5-b6b450d67f6f@group-42ACBF6EBE4E-LeaderElection174: Election REJECTED; received 2 response(s) [decc5551-dd4b-40dc-8ff5-b6b450d67f6f<-215fceca-0555-458b-bc4f-ba38ff24d5ba#0:FAIL-t93, decc5551-dd4b-40dc-8ff5-b6b450d67f6f<-0c631657-10a5-4e2a-a322-8fc6c651b2ed#0:FAIL-t93] and 0 exception(s); decc5551-dd4b-40dc-8ff5-b6b450d67f6f@group-42ACBF6EBE4E:t93, leader=null, voted=decc5551-dd4b-40dc-8ff5-b6b450d67f6f, raftlog=decc5551-dd4b-40dc-8ff5-b6b450d67f6f@group-42ACBF6EBE4E-SegmentedRaftLog:OPENED:c-1,f-1,i0, conf=-1: [215fceca-0555-458b-bc4f-ba38ff24d5ba:192.168.157.211:43803, decc5551-dd4b-40dc-8ff5-b6b450d67f6f:192.168.157.211:34435, 0c631657-10a5-4e2a-a322-8fc6c651b2ed:192.168.157.211:41694], old=null
2019-10-17 07:10:34,848 [decc5551-dd4b-40dc-8ff5-b6b450d67f6f@group-42ACBF6EBE4E-LeaderElection174] INFO  impl.RaftServerImpl (RaftServerImpl.java:setRole(184)) - decc5551-dd4b-40dc-8ff5-b6b450d67f6f@group-42ACBF6EBE4E: changes role from CANDIDATE to FOLLOWER at term 93 for DISCOVERED_A_NEW_TERM
2019-10-17 07:10:34,848 [decc5551-dd4b-40dc-8ff5-b6b450d67f6f@group-42ACBF6EBE4E-LeaderElection174] INFO  impl.RoleInfo (RoleInfo.java:shutdownLeaderElection(134)) - decc5551-dd4b-40dc-8ff5-b6b450d67f6f: shutdown LeaderElection
2019-10-17 07:10:34,849 [decc5551-dd4b-40dc-8ff5-b6b450d67f6f@group-42ACBF6EBE4E-LeaderElection174] INFO  impl.RoleInfo (RoleInfo.java:updateAndGet(143)) - decc5551-dd4b-40dc-8ff5-b6b450d67f6f: start FollowerState
2019-10-17 07:10:34,867 [main] INFO  ozone.MiniOzoneClusterImpl (MiniOzoneClusterImpl.java:shutdown(314)) - Shutting down the Mini Ozone Cluster
2019-10-17 07:10:34,867 [main] INFO  ozone.MiniOzoneClusterImpl (MiniOzoneClusterImpl.java:stop(330)) - Stopping the Mini Ozone Cluster
2019-10-17 07:10:34,868 [main] INFO  ozone.MiniOzoneClusterImpl (MiniOzoneClusterImpl.java:stopOM(400)) - Stopping the OzoneManager
2019-10-17 07:10:34,868 [main] INFO  ipc.Server (Server.java:stop(3082)) - Stopping server on 45572
2019-10-17 07:10:34,879 [IPC Server listener on 45572] INFO  ipc.Server (Server.java:run(1185)) - Stopping IPC Server listener on 45572
2019-10-17 07:10:34,879 [main] INFO  ratis.OzoneManagerDoubleBuffer (OzoneManagerDoubleBuffer.java:stop(250)) - Stopping OMDoubleBuffer flush thread
2019-10-17 07:10:34,886 [IPC Server Responder] INFO  ipc.Server (Server.java:run(1319)) - Stopping IPC Server Responder
2019-10-17 07:10:34,886 [OMDoubleBufferFlushThread] INFO  ratis.OzoneManagerDoubleBuffer (OzoneManagerDoubleBuffer.java:flushTransactions(193)) - OMDoubleBuffer flush thread OMDoubleBufferFlushThread is interrupted and will exit. OMDoubleBufferFlushThread
2019-10-17 07:10:34,896 [main] INFO  utils.BackgroundService (BackgroundService.java:shutdown(151)) - Shutting down service KeyDeletingService
2019-10-17 07:10:34,911 [Thread-1557] INFO  impl.FollowerState (FollowerState.java:run(108)) - 5c4ee31d-c5ed-4c65-a5df-da3e3cf53ac2@group-233C052D78D6-FollowerState: change to CANDIDATE, lastRpcTime:80ms, electionTimeout:74ms
2019-10-17 07:10:34,911 [Thread-1557] INFO  impl.RoleInfo (RoleInfo.java:shutdownFollowerState(121)) - 5c4ee31d-c5ed-4c65-a5df-da3e3cf53ac2: shutdown FollowerState
2019-10-17 07:10:34,912 [Thread-1557] INFO  impl.RaftServerImpl (RaftServerImpl.java:setRole(184)) - 5c4ee31d-c5ed-4c65-a5df-da3e3cf53ac2@group-233C052D78D6: changes role from  FOLLOWER to CANDIDATE at term 89 for changeToCandidate
2019-10-17 07:10:34,912 [Thread-1557] INFO  impl.RoleInfo (RoleInfo.java:updateAndGet(143)) - 5c4ee31d-c5ed-4c65-a5df-da3e3cf53ac2: start LeaderElection
2019-10-17 07:10:34,917 [main] INFO  handler.ContextHandler (ContextHandler.java:doStop(910)) - Stopped o.e.j.w.WebAppContext@12db3386{/,null,UNAVAILABLE}{/ozoneManager}
2019-10-17 07:10:34,924 [main] INFO  server.AbstractConnector (AbstractConnector.java:doStop(318)) - Stopped ServerConnector@4078695f{HTTP/1.1,[http/1.1]}{0.0.0.0:0}
2019-10-17 07:10:34,924 [main] INFO  handler.ContextHandler (ContextHandler.java:doStop(910)) - Stopped o.e.j.s.ServletContextHandler@30b2b76f{/static,file:///workdir/hadoop-ozone/integration-test/target/test-classes/webapps/static,UNAVAILABLE}
2019-10-17 07:10:34,924 [main] INFO  handler.ContextHandler (ContextHandler.java:doStop(910)) - Stopped o.e.j.s.ServletContextHandler@6b63d445{/logs,file:///workdir/hadoop-ozone/integration-test/target/log,UNAVAILABLE}
2019-10-17 07:10:34,927 [5c4ee31d-c5ed-4c65-a5df-da3e3cf53ac2@group-233C052D78D6-LeaderElection175] INFO  impl.LeaderElection (LeaderElection.java:askForVotes(178)) - 5c4ee31d-c5ed-4c65-a5df-da3e3cf53ac2@group-233C052D78D6-LeaderElection175: begin an election at term 90 for -1: [67ae3572-7d88-4e50-b53b-0f48f6748b38:192.168.157.211:41299, 831edaa1-80a5-4091-843f-90c648a5a79d:192.168.157.211:44365, 5c4ee31d-c5ed-4c65-a5df-da3e3cf53ac2:192.168.157.211:45059], old=null
2019-10-17 07:10:34,929 [grpc-default-executor-4] INFO  impl.RaftServerImpl (RaftServerImpl.java:setRole(184)) - 67ae3572-7d88-4e50-b53b-0f48f6748b38@group-233C052D78D6: changes role from  FOLLOWER to FOLLOWER at term 90 for recognizeCandidate:5c4ee31d-c5ed-4c65-a5df-da3e3cf53ac2
2019-10-17 07:10:34,929 [grpc-default-executor-9] INFO  impl.RaftServerImpl (RaftServerImpl.java:setRole(184)) - 831edaa1-80a5-4091-843f-90c648a5a79d@group-233C052D78D6: changes role from  FOLLOWER to FOLLOWER at term 90 for recognizeCandidate:5c4ee31d-c5ed-4c65-a5df-da3e3cf53ac2
2019-10-17 07:10:34,929 [grpc-default-executor-4] INFO  impl.RoleInfo (RoleInfo.java:shutdownFollowerState(121)) - 67ae3572-7d88-4e50-b53b-0f48f6748b38: shutdown FollowerState
2019-10-17 07:10:34,929 [grpc-default-executor-9] INFO  impl.RoleInfo (RoleInfo.java:shutdownFollowerState(121)) - 831edaa1-80a5-4091-843f-90c648a5a79d: shutdown FollowerState
2019-10-17 07:10:34,930 [Thread-1541] INFO  impl.FollowerState (FollowerState.java:run(117)) - 67ae3572-7d88-4e50-b53b-0f48f6748b38@group-233C052D78D6-FollowerState was interrupted: java.lang.InterruptedException: sleep interrupted
2019-10-17 07:10:34,930 [grpc-default-executor-4] INFO  impl.RoleInfo (RoleInfo.java:updateAndGet(143)) - 67ae3572-7d88-4e50-b53b-0f48f6748b38: start FollowerState
2019-10-17 07:10:34,930 [main] INFO  ozone.MiniOzoneClusterImpl (MiniOzoneClusterImpl.java:stopDatanodes(377)) - Stopping the HddsDatanodes
2019-10-17 07:10:34,930 [grpc-default-executor-9] INFO  impl.RoleInfo (RoleInfo.java:updateAndGet(143)) - 831edaa1-80a5-4091-843f-90c648a5a79d: start FollowerState
2019-10-17 07:10:34,930 [Thread-1544] INFO  impl.FollowerState (FollowerState.java:run(117)) - 831edaa1-80a5-4091-843f-90c648a5a79d@group-233C052D78D6-FollowerState was interrupted: java.lang.InterruptedException: sleep interrupted
2019-10-17 07:10:34,948 [5c4ee31d-c5ed-4c65-a5df-da3e3cf53ac2@group-233C052D78D6-LeaderElection175] INFO  impl.LeaderElection (LeaderElection.java:logAndReturn(56)) - 5c4ee31d-c5ed-4c65-a5df-da3e3cf53ac2@group-233C052D78D6-LeaderElection175: Election REJECTED; received 2 response(s) [5c4ee31d-c5ed-4c65-a5df-da3e3cf53ac2<-67ae3572-7d88-4e50-b53b-0f48f6748b38#0:FAIL-t90, 5c4ee31d-c5ed-4c65-a5df-da3e3cf53ac2<-831edaa1-80a5-4091-843f-90c648a5a79d#0:FAIL-t90] and 0 exception(s); 5c4ee31d-c5ed-4c65-a5df-da3e3cf53ac2@group-233C052D78D6:t90, leader=null, voted=5c4ee31d-c5ed-4c65-a5df-da3e3cf53ac2, raftlog=5c4ee31d-c5ed-4c65-a5df-da3e3cf53ac2@group-233C052D78D6-SegmentedRaftLog:OPENED:c-1,f-1,i0, conf=-1: [67ae3572-7d88-4e50-b53b-0f48f6748b38:192.168.157.211:41299, 831edaa1-80a5-4091-843f-90c648a5a79d:192.168.157.211:44365, 5c4ee31d-c5ed-4c65-a5df-da3e3cf53ac2:192.168.157.211:45059], old=null
2019-10-17 07:10:34,948 [5c4ee31d-c5ed-4c65-a5df-da3e3cf53ac2@group-233C052D78D6-LeaderElection175] INFO  impl.RaftServerImpl (RaftServerImpl.java:setRole(184)) - 5c4ee31d-c5ed-4c65-a5df-da3e3cf53ac2@group-233C052D78D6: changes role from CANDIDATE to FOLLOWER at term 90 for DISCOVERED_A_NEW_TERM
2019-10-17 07:10:34,948 [5c4ee31d-c5ed-4c65-a5df-da3e3cf53ac2@group-233C052D78D6-LeaderElection175] INFO  impl.RoleInfo (RoleInfo.java:shutdownLeaderElection(134)) - 5c4ee31d-c5ed-4c65-a5df-da3e3cf53ac2: shutdown LeaderElection
2019-10-17 07:10:34,948 [5c4ee31d-c5ed-4c65-a5df-da3e3cf53ac2@group-233C052D78D6-LeaderElection175] INFO  impl.RoleInfo (RoleInfo.java:updateAndGet(143)) - 5c4ee31d-c5ed-4c65-a5df-da3e3cf53ac2: start FollowerState
2019-10-17 07:10:35,017 [Datanode State Machine Thread - 0] INFO  statemachine.DatanodeStateMachine (DatanodeStateMachine.java:lambda$startDaemon$0(350)) - Ozone container server started.
2019-10-17 07:10:35,036 [Thread-1564] INFO  impl.FollowerState (FollowerState.java:run(108)) - decc5551-dd4b-40dc-8ff5-b6b450d67f6f@group-42ACBF6EBE4E-FollowerState: change to CANDIDATE, lastRpcTime:187ms, electionTimeout:187ms
2019-10-17 07:10:35,037 [Thread-1564] INFO  impl.RoleInfo (RoleInfo.java:shutdownFollowerState(121)) - decc5551-dd4b-40dc-8ff5-b6b450d67f6f: shutdown FollowerState
2019-10-17 07:10:35,037 [Thread-1564] INFO  impl.RaftServerImpl (RaftServerImpl.java:setRole(184)) - decc5551-dd4b-40dc-8ff5-b6b450d67f6f@group-42ACBF6EBE4E: changes role from  FOLLOWER to CANDIDATE at term 93 for changeToCandidate
2019-10-17 07:10:35,037 [Thread-1564] INFO  impl.RoleInfo (RoleInfo.java:updateAndGet(143)) - decc5551-dd4b-40dc-8ff5-b6b450d67f6f: start LeaderElection
2019-10-17 07:10:35,064 [Thread-1572] INFO  impl.FollowerState (FollowerState.java:run(108)) - 5c4ee31d-c5ed-4c65-a5df-da3e3cf53ac2@group-233C052D78D6-FollowerState: change to CANDIDATE, lastRpcTime:116ms, electionTimeout:116ms
2019-10-17 07:10:35,065 [Thread-1572] INFO  impl.RoleInfo (RoleInfo.java:shutdownFollowerState(121)) - 5c4ee31d-c5ed-4c65-a5df-da3e3cf53ac2: shutdown FollowerState
2019-10-17 07:10:35,065 [Thread-1572] INFO  impl.RaftServerImpl (RaftServerImpl.java:setRole(184)) - 5c4ee31d-c5ed-4c65-a5df-da3e3cf53ac2@group-233C052D78D6: changes role from  FOLLOWER to CANDIDATE at term 90 for changeToCandidate
2019-10-17 07:10:35,065 [Thread-1572] INFO  impl.RoleInfo (RoleInfo.java:updateAndGet(143)) - 5c4ee31d-c5ed-4c65-a5df-da3e3cf53ac2: start LeaderElection
2019-10-17 07:10:35,080 [decc5551-dd4b-40dc-8ff5-b6b450d67f6f@group-42ACBF6EBE4E-LeaderElection176] INFO  impl.LeaderElection (LeaderElection.java:askForVotes(178)) - decc5551-dd4b-40dc-8ff5-b6b450d67f6f@group-42ACBF6EBE4E-LeaderElection176: begin an election at term 94 for -1: [215fceca-0555-458b-bc4f-ba38ff24d5ba:192.168.157.211:43803, decc5551-dd4b-40dc-8ff5-b6b450d67f6f:192.168.157.211:34435, 0c631657-10a5-4e2a-a322-8fc6c651b2ed:192.168.157.211:41694], old=null
2019-10-17 07:10:35,082 [grpc-default-executor-4] INFO  impl.RaftServerImpl (RaftServerImpl.java:setRole(184)) - 215fceca-0555-458b-bc4f-ba38ff24d5ba@group-42ACBF6EBE4E: changes role from  FOLLOWER to FOLLOWER at term 94 for recognizeCandidate:decc5551-dd4b-40dc-8ff5-b6b450d67f6f
2019-10-17 07:10:35,082 [grpc-default-executor-9] INFO  impl.RaftServerImpl (RaftServerImpl.java:setRole(184)) - 0c631657-10a5-4e2a-a322-8fc6c651b2ed@group-42ACBF6EBE4E: changes role from  FOLLOWER to FOLLOWER at term 94 for recognizeCandidate:decc5551-dd4b-40dc-8ff5-b6b450d67f6f
2019-10-17 07:10:35,082 [grpc-default-executor-9] INFO  impl.RoleInfo (RoleInfo.java:shutdownFollowerState(121)) - 0c631657-10a5-4e2a-a322-8fc6c651b2ed: shutdown FollowerState
2019-10-17 07:10:35,082 [grpc-default-executor-4] INFO  impl.RoleInfo (RoleInfo.java:shutdownFollowerState(121)) - 215fceca-0555-458b-bc4f-ba38ff24d5ba: shutdown FollowerState
2019-10-17 07:10:35,082 [Thread-1558] INFO  impl.FollowerState (FollowerState.java:run(117)) - 0c631657-10a5-4e2a-a322-8fc6c651b2ed@group-42ACBF6EBE4E-FollowerState was interrupted: java.lang.InterruptedException: sleep interrupted
2019-10-17 07:10:35,082 [grpc-default-executor-9] INFO  impl.RoleInfo (RoleInfo.java:updateAndGet(143)) - 0c631657-10a5-4e2a-a322-8fc6c651b2ed: start FollowerState
2019-10-17 07:10:35,083 [Thread-1559] INFO  impl.FollowerState (FollowerState.java:run(117)) - 215fceca-0555-458b-bc4f-ba38ff24d5ba@group-42ACBF6EBE4E-FollowerState was interrupted: java.lang.InterruptedException: sleep interrupted
2019-10-17 07:10:35,083 [grpc-default-executor-4] INFO  impl.RoleInfo (RoleInfo.java:updateAndGet(143)) - 215fceca-0555-458b-bc4f-ba38ff24d5ba: start FollowerState
2019-10-17 07:10:35,084 [5c4ee31d-c5ed-4c65-a5df-da3e3cf53ac2@group-233C052D78D6-LeaderElection177] INFO  impl.LeaderElection (LeaderElection.java:askForVotes(178)) - 5c4ee31d-c5ed-4c65-a5df-da3e3cf53ac2@group-233C052D78D6-LeaderElection177: begin an election at term 91 for -1: [67ae3572-7d88-4e50-b53b-0f48f6748b38:192.168.157.211:41299, 831edaa1-80a5-4091-843f-90c648a5a79d:192.168.157.211:44365, 5c4ee31d-c5ed-4c65-a5df-da3e3cf53ac2:192.168.157.211:45059], old=null
2019-10-17 07:10:35,085 [grpc-default-executor-7] INFO  impl.RaftServerImpl (RaftServerImpl.java:setRole(184)) - 67ae3572-7d88-4e50-b53b-0f48f6748b38@group-233C052D78D6: changes role from  FOLLOWER to FOLLOWER at term 91 for recognizeCandidate:5c4ee31d-c5ed-4c65-a5df-da3e3cf53ac2
2019-10-17 07:10:35,085 [grpc-default-executor-7] INFO  impl.RoleInfo (RoleInfo.java:shutdownFollowerState(121)) - 67ae3572-7d88-4e50-b53b-0f48f6748b38: shutdown FollowerState
2019-10-17 07:10:35,085 [grpc-default-executor-7] INFO  impl.RoleInfo (RoleInfo.java:updateAndGet(143)) - 67ae3572-7d88-4e50-b53b-0f48f6748b38: start FollowerState
2019-10-17 07:10:35,085 [grpc-default-executor-3] INFO  impl.RaftServerImpl (RaftServerImpl.java:setRole(184)) - 831edaa1-80a5-4091-843f-90c648a5a79d@group-233C052D78D6: changes role from  FOLLOWER to FOLLOWER at term 91 for recognizeCandidate:5c4ee31d-c5ed-4c65-a5df-da3e3cf53ac2
2019-10-17 07:10:35,085 [grpc-default-executor-3] INFO  impl.RoleInfo (RoleInfo.java:shutdownFollowerState(121)) - 831edaa1-80a5-4091-843f-90c648a5a79d: shutdown FollowerState
2019-10-17 07:10:35,085 [Thread-1570] INFO  impl.FollowerState (FollowerState.java:run(117)) - 67ae3572-7d88-4e50-b53b-0f48f6748b38@group-233C052D78D6-FollowerState was interrupted: java.lang.InterruptedException: sleep interrupted
2019-10-17 07:10:35,086 [Thread-1571] INFO  impl.FollowerState (FollowerState.java:run(117)) - 831edaa1-80a5-4091-843f-90c648a5a79d@group-233C052D78D6-FollowerState was interrupted: java.lang.InterruptedException: sleep interrupted
2019-10-17 07:10:35,086 [grpc-default-executor-3] INFO  impl.RoleInfo (RoleInfo.java:updateAndGet(143)) - 831edaa1-80a5-4091-843f-90c648a5a79d: start FollowerState
2019-10-17 07:10:35,091 [decc5551-dd4b-40dc-8ff5-b6b450d67f6f@group-42ACBF6EBE4E-LeaderElection176] INFO  impl.LeaderElection (LeaderElection.java:logAndReturn(56)) - decc5551-dd4b-40dc-8ff5-b6b450d67f6f@group-42ACBF6EBE4E-LeaderElection176: Election REJECTED; received 2 response(s) [decc5551-dd4b-40dc-8ff5-b6b450d67f6f<-215fceca-0555-458b-bc4f-ba38ff24d5ba#0:FAIL-t94, decc5551-dd4b-40dc-8ff5-b6b450d67f6f<-0c631657-10a5-4e2a-a322-8fc6c651b2ed#0:FAIL-t94] and 0 exception(s); decc5551-dd4b-40dc-8ff5-b6b450d67f6f@group-42ACBF6EBE4E:t94, leader=null, voted=decc5551-dd4b-40dc-8ff5-b6b450d67f6f, raftlog=decc5551-dd4b-40dc-8ff5-b6b450d67f6f@group-42ACBF6EBE4E-SegmentedRaftLog:OPENED:c-1,f-1,i0, conf=-1: [215fceca-0555-458b-bc4f-ba38ff24d5ba:192.168.157.211:43803, decc5551-dd4b-40dc-8ff5-b6b450d67f6f:192.168.157.211:34435, 0c631657-10a5-4e2a-a322-8fc6c651b2ed:192.168.157.211:41694], old=null
2019-10-17 07:10:35,091 [decc5551-dd4b-40dc-8ff5-b6b450d67f6f@group-42ACBF6EBE4E-LeaderElection176] INFO  impl.RaftServerImpl (RaftServerImpl.java:setRole(184)) - decc5551-dd4b-40dc-8ff5-b6b450d67f6f@group-42ACBF6EBE4E: changes role from CANDIDATE to FOLLOWER at term 94 for DISCOVERED_A_NEW_TERM
2019-10-17 07:10:35,091 [decc5551-dd4b-40dc-8ff5-b6b450d67f6f@group-42ACBF6EBE4E-LeaderElection176] INFO  impl.RoleInfo (RoleInfo.java:shutdownLeaderElection(134)) - decc5551-dd4b-40dc-8ff5-b6b450d67f6f: shutdown LeaderElection
2019-10-17 07:10:35,091 [decc5551-dd4b-40dc-8ff5-b6b450d67f6f@group-42ACBF6EBE4E-LeaderElection176] INFO  impl.RoleInfo (RoleInfo.java:updateAndGet(143)) - decc5551-dd4b-40dc-8ff5-b6b450d67f6f: start FollowerState
2019-10-17 07:10:35,091 [5c4ee31d-c5ed-4c65-a5df-da3e3cf53ac2@group-233C052D78D6-LeaderElection177] INFO  impl.LeaderElection (LeaderElection.java:logAndReturn(56)) - 5c4ee31d-c5ed-4c65-a5df-da3e3cf53ac2@group-233C052D78D6-LeaderElection177: Election REJECTED; received 2 response(s) [5c4ee31d-c5ed-4c65-a5df-da3e3cf53ac2<-67ae3572-7d88-4e50-b53b-0f48f6748b38#0:FAIL-t91, 5c4ee31d-c5ed-4c65-a5df-da3e3cf53ac2<-831edaa1-80a5-4091-843f-90c648a5a79d#0:FAIL-t91] and 0 exception(s); 5c4ee31d-c5ed-4c65-a5df-da3e3cf53ac2@group-233C052D78D6:t91, leader=null, voted=5c4ee31d-c5ed-4c65-a5df-da3e3cf53ac2, raftlog=5c4ee31d-c5ed-4c65-a5df-da3e3cf53ac2@group-233C052D78D6-SegmentedRaftLog:OPENED:c-1,f-1,i0, conf=-1: [67ae3572-7d88-4e50-b53b-0f48f6748b38:192.168.157.211:41299, 831edaa1-80a5-4091-843f-90c648a5a79d:192.168.157.211:44365, 5c4ee31d-c5ed-4c65-a5df-da3e3cf53ac2:192.168.157.211:45059], old=null
2019-10-17 07:10:35,091 [5c4ee31d-c5ed-4c65-a5df-da3e3cf53ac2@group-233C052D78D6-LeaderElection177] INFO  impl.RaftServerImpl (RaftServerImpl.java:setRole(184)) - 5c4ee31d-c5ed-4c65-a5df-da3e3cf53ac2@group-233C052D78D6: changes role from CANDIDATE to FOLLOWER at term 91 for DISCOVERED_A_NEW_TERM
2019-10-17 07:10:35,092 [5c4ee31d-c5ed-4c65-a5df-da3e3cf53ac2@group-233C052D78D6-LeaderElection177] INFO  impl.RoleInfo (RoleInfo.java:shutdownLeaderElection(134)) - 5c4ee31d-c5ed-4c65-a5df-da3e3cf53ac2: shutdown LeaderElection
2019-10-17 07:10:35,092 [5c4ee31d-c5ed-4c65-a5df-da3e3cf53ac2@group-233C052D78D6-LeaderElection177] INFO  impl.RoleInfo (RoleInfo.java:updateAndGet(143)) - 5c4ee31d-c5ed-4c65-a5df-da3e3cf53ac2: start FollowerState
2019-10-17 07:10:35,205 [Datanode State Machine Thread - 0] INFO  statemachine.DatanodeStateMachine (DatanodeStateMachine.java:lambda$startDaemon$0(350)) - Ozone container server started.
2019-10-17 07:10:35,224 [Thread-1596] INFO  impl.FollowerState (FollowerState.java:run(108)) - 5c4ee31d-c5ed-4c65-a5df-da3e3cf53ac2@group-233C052D78D6-FollowerState: change to CANDIDATE, lastRpcTime:132ms, electionTimeout:132ms
2019-10-17 07:10:35,224 [Thread-1596] INFO  impl.RoleInfo (RoleInfo.java:shutdownFollowerState(121)) - 5c4ee31d-c5ed-4c65-a5df-da3e3cf53ac2: shutdown FollowerState
2019-10-17 07:10:35,224 [Thread-1596] INFO  impl.RaftServerImpl (RaftServerImpl.java:setRole(184)) - 5c4ee31d-c5ed-4c65-a5df-da3e3cf53ac2@group-233C052D78D6: changes role from  FOLLOWER to CANDIDATE at term 91 for changeToCandidate
2019-10-17 07:10:35,224 [Thread-1596] INFO  impl.RoleInfo (RoleInfo.java:updateAndGet(143)) - 5c4ee31d-c5ed-4c65-a5df-da3e3cf53ac2: start LeaderElection
2019-10-17 07:10:35,244 [5c4ee31d-c5ed-4c65-a5df-da3e3cf53ac2@group-233C052D78D6-LeaderElection178] INFO  impl.LeaderElection (LeaderElection.java:askForVotes(178)) - 5c4ee31d-c5ed-4c65-a5df-da3e3cf53ac2@group-233C052D78D6-LeaderElection178: begin an election at term 92 for -1: [67ae3572-7d88-4e50-b53b-0f48f6748b38:192.168.157.211:41299, 831edaa1-80a5-4091-843f-90c648a5a79d:192.168.157.211:44365, 5c4ee31d-c5ed-4c65-a5df-da3e3cf53ac2:192.168.157.211:45059], old=null
2019-10-17 07:10:35,246 [grpc-default-executor-3] INFO  impl.RaftServerImpl (RaftServerImpl.java:setRole(184)) - 67ae3572-7d88-4e50-b53b-0f48f6748b38@group-233C052D78D6: changes role from  FOLLOWER to FOLLOWER at term 92 for recognizeCandidate:5c4ee31d-c5ed-4c65-a5df-da3e3cf53ac2
2019-10-17 07:10:35,246 [grpc-default-executor-3] INFO  impl.RoleInfo (RoleInfo.java:shutdownFollowerState(121)) - 67ae3572-7d88-4e50-b53b-0f48f6748b38: shutdown FollowerState
2019-10-17 07:10:35,246 [grpc-default-executor-3] INFO  impl.RoleInfo (RoleInfo.java:updateAndGet(143)) - 67ae3572-7d88-4e50-b53b-0f48f6748b38: start FollowerState
2019-10-17 07:10:35,246 [Thread-1593] INFO  impl.FollowerState (FollowerState.java:run(117)) - 67ae3572-7d88-4e50-b53b-0f48f6748b38@group-233C052D78D6-FollowerState was interrupted: java.lang.InterruptedException: sleep interrupted
2019-10-17 07:10:35,246 [grpc-default-executor-7] INFO  impl.RaftServerImpl (RaftServerImpl.java:setRole(184)) - 831edaa1-80a5-4091-843f-90c648a5a79d@group-233C052D78D6: changes role from  FOLLOWER to FOLLOWER at term 92 for recognizeCandidate:5c4ee31d-c5ed-4c65-a5df-da3e3cf53ac2
2019-10-17 07:10:35,247 [grpc-default-executor-7] INFO  impl.RoleInfo (RoleInfo.java:shutdownFollowerState(121)) - 831edaa1-80a5-4091-843f-90c648a5a79d: shutdown FollowerState
2019-10-17 07:10:35,247 [grpc-default-executor-7] INFO  impl.RoleInfo (RoleInfo.java:updateAndGet(143)) - 831edaa1-80a5-4091-843f-90c648a5a79d: start FollowerState
2019-10-17 07:10:35,247 [Thread-1594] INFO  impl.FollowerState (FollowerState.java:run(117)) - 831edaa1-80a5-4091-843f-90c648a5a79d@group-233C052D78D6-FollowerState was interrupted: java.lang.InterruptedException: sleep interrupted
2019-10-17 07:10:35,256 [5c4ee31d-c5ed-4c65-a5df-da3e3cf53ac2@group-233C052D78D6-LeaderElection178] INFO  impl.LeaderElection (LeaderElection.java:logAndReturn(56)) - 5c4ee31d-c5ed-4c65-a5df-da3e3cf53ac2@group-233C052D78D6-LeaderElection178: Election REJECTED; received 2 response(s) [5c4ee31d-c5ed-4c65-a5df-da3e3cf53ac2<-67ae3572-7d88-4e50-b53b-0f48f6748b38#0:FAIL-t92, 5c4ee31d-c5ed-4c65-a5df-da3e3cf53ac2<-831edaa1-80a5-4091-843f-90c648a5a79d#0:FAIL-t92] and 0 exception(s); 5c4ee31d-c5ed-4c65-a5df-da3e3cf53ac2@group-233C052D78D6:t92, leader=null, voted=5c4ee31d-c5ed-4c65-a5df-da3e3cf53ac2, raftlog=5c4ee31d-c5ed-4c65-a5df-da3e3cf53ac2@group-233C052D78D6-SegmentedRaftLog:OPENED:c-1,f-1,i0, conf=-1: [67ae3572-7d88-4e50-b53b-0f48f6748b38:192.168.157.211:41299, 831edaa1-80a5-4091-843f-90c648a5a79d:192.168.157.211:44365, 5c4ee31d-c5ed-4c65-a5df-da3e3cf53ac2:192.168.157.211:45059], old=null
2019-10-17 07:10:35,257 [5c4ee31d-c5ed-4c65-a5df-da3e3cf53ac2@group-233C052D78D6-LeaderElection178] INFO  impl.RaftServerImpl (RaftServerImpl.java:setRole(184)) - 5c4ee31d-c5ed-4c65-a5df-da3e3cf53ac2@group-233C052D78D6: changes role from CANDIDATE to FOLLOWER at term 92 for DISCOVERED_A_NEW_TERM
2019-10-17 07:10:35,257 [5c4ee31d-c5ed-4c65-a5df-da3e3cf53ac2@group-233C052D78D6-LeaderElection178] INFO  impl.RoleInfo (RoleInfo.java:shutdownLeaderElection(134)) - 5c4ee31d-c5ed-4c65-a5df-da3e3cf53ac2: shutdown LeaderElection
2019-10-17 07:10:35,257 [5c4ee31d-c5ed-4c65-a5df-da3e3cf53ac2@group-233C052D78D6-LeaderElection178] INFO  impl.RoleInfo (RoleInfo.java:updateAndGet(143)) - 5c4ee31d-c5ed-4c65-a5df-da3e3cf53ac2: start FollowerState
2019-10-17 07:10:35,281 [Thread-1595] INFO  impl.FollowerState (FollowerState.java:run(108)) - decc5551-dd4b-40dc-8ff5-b6b450d67f6f@group-42ACBF6EBE4E-FollowerState: change to CANDIDATE, lastRpcTime:189ms, electionTimeout:189ms
2019-10-17 07:10:35,281 [Thread-1595] INFO  impl.RoleInfo (RoleInfo.java:shutdownFollowerState(121)) - decc5551-dd4b-40dc-8ff5-b6b450d67f6f: shutdown FollowerState
2019-10-17 07:10:35,281 [Thread-1595] INFO  impl.RaftServerImpl (RaftServerImpl.java:setRole(184)) - decc5551-dd4b-40dc-8ff5-b6b450d67f6f@group-42ACBF6EBE4E: changes role from  FOLLOWER to CANDIDATE at term 94 for changeToCandidate
2019-10-17 07:10:35,281 [Thread-1595] INFO  impl.RoleInfo (RoleInfo.java:updateAndGet(143)) - decc5551-dd4b-40dc-8ff5-b6b450d67f6f: start LeaderElection
2019-10-17 07:10:35,295 [decc5551-dd4b-40dc-8ff5-b6b450d67f6f@group-42ACBF6EBE4E-LeaderElection179] INFO  impl.LeaderElection (LeaderElection.java:askForVotes(178)) - decc5551-dd4b-40dc-8ff5-b6b450d67f6f@group-42ACBF6EBE4E-LeaderElection179: begin an election at term 95 for -1: [215fceca-0555-458b-bc4f-ba38ff24d5ba:192.168.157.211:43803, decc5551-dd4b-40dc-8ff5-b6b450d67f6f:192.168.157.211:34435, 0c631657-10a5-4e2a-a322-8fc6c651b2ed:192.168.157.211:41694], old=null
2019-10-17 07:10:35,297 [grpc-default-executor-7] INFO  impl.RaftServerImpl (RaftServerImpl.java:setRole(184)) - 215fceca-0555-458b-bc4f-ba38ff24d5ba@group-42ACBF6EBE4E: changes role from  FOLLOWER to FOLLOWER at term 95 for recognizeCandidate:decc5551-dd4b-40dc-8ff5-b6b450d67f6f
2019-10-17 07:10:35,297 [grpc-default-executor-7] INFO  impl.RoleInfo (RoleInfo.java:shutdownFollowerState(121)) - 215fceca-0555-458b-bc4f-ba38ff24d5ba: shutdown FollowerState
2019-10-17 07:10:35,297 [grpc-default-executor-3] INFO  impl.RaftServerImpl (RaftServerImpl.java:setRole(184)) - 0c631657-10a5-4e2a-a322-8fc6c651b2ed@group-42ACBF6EBE4E: changes role from  FOLLOWER to FOLLOWER at term 95 for recognizeCandidate:decc5551-dd4b-40dc-8ff5-b6b450d67f6f
2019-10-17 07:10:35,297 [grpc-default-executor-3] INFO  impl.RoleInfo (RoleInfo.java:shutdownFollowerState(121)) - 0c631657-10a5-4e2a-a322-8fc6c651b2ed: shutdown FollowerState
2019-10-17 07:10:35,297 [Thread-1590] INFO  impl.FollowerState (FollowerState.java:run(117)) - 215fceca-0555-458b-bc4f-ba38ff24d5ba@group-42ACBF6EBE4E-FollowerState was interrupted: java.lang.InterruptedException: sleep interrupted
2019-10-17 07:10:35,298 [Thread-1589] INFO  impl.FollowerState (FollowerState.java:run(117)) - 0c631657-10a5-4e2a-a322-8fc6c651b2ed@group-42ACBF6EBE4E-FollowerState was interrupted: java.lang.InterruptedException: sleep interrupted
2019-10-17 07:10:35,297 [grpc-default-executor-7] INFO  impl.RoleInfo (RoleInfo.java:updateAndGet(143)) - 215fceca-0555-458b-bc4f-ba38ff24d5ba: start FollowerState
2019-10-17 07:10:35,298 [grpc-default-executor-3] INFO  impl.RoleInfo (RoleInfo.java:updateAndGet(143)) - 0c631657-10a5-4e2a-a322-8fc6c651b2ed: start FollowerState
2019-10-17 07:10:35,325 [decc5551-dd4b-40dc-8ff5-b6b450d67f6f@group-42ACBF6EBE4E-LeaderElection179] INFO  impl.LeaderElection (LeaderElection.java:logAndReturn(56)) - decc5551-dd4b-40dc-8ff5-b6b450d67f6f@group-42ACBF6EBE4E-LeaderElection179: Election REJECTED; received 2 response(s) [decc5551-dd4b-40dc-8ff5-b6b450d67f6f<-215fceca-0555-458b-bc4f-ba38ff24d5ba#0:FAIL-t95, decc5551-dd4b-40dc-8ff5-b6b450d67f6f<-0c631657-10a5-4e2a-a322-8fc6c651b2ed#0:FAIL-t95] and 0 exception(s); decc5551-dd4b-40dc-8ff5-b6b450d67f6f@group-42ACBF6EBE4E:t95, leader=null, voted=decc5551-dd4b-40dc-8ff5-b6b450d67f6f, raftlog=decc5551-dd4b-40dc-8ff5-b6b450d67f6f@group-42ACBF6EBE4E-SegmentedRaftLog:OPENED:c-1,f-1,i0, conf=-1: [215fceca-0555-458b-bc4f-ba38ff24d5ba:192.168.157.211:43803, decc5551-dd4b-40dc-8ff5-b6b450d67f6f:192.168.157.211:34435, 0c631657-10a5-4e2a-a322-8fc6c651b2ed:192.168.157.211:41694], old=null
2019-10-17 07:10:35,325 [decc5551-dd4b-40dc-8ff5-b6b450d67f6f@group-42ACBF6EBE4E-LeaderElection179] INFO  impl.RaftServerImpl (RaftServerImpl.java:setRole(184)) - decc5551-dd4b-40dc-8ff5-b6b450d67f6f@group-42ACBF6EBE4E: changes role from CANDIDATE to FOLLOWER at term 95 for DISCOVERED_A_NEW_TERM
2019-10-17 07:10:35,325 [decc5551-dd4b-40dc-8ff5-b6b450d67f6f@group-42ACBF6EBE4E-LeaderElection179] INFO  impl.RoleInfo (RoleInfo.java:shutdownLeaderElection(134)) - decc5551-dd4b-40dc-8ff5-b6b450d67f6f: shutdown LeaderElection
2019-10-17 07:10:35,325 [decc5551-dd4b-40dc-8ff5-b6b450d67f6f@group-42ACBF6EBE4E-LeaderElection179] INFO  impl.RoleInfo (RoleInfo.java:updateAndGet(143)) - decc5551-dd4b-40dc-8ff5-b6b450d67f6f: start FollowerState
2019-10-17 07:10:35,391 [Thread-1603] INFO  impl.FollowerState (FollowerState.java:run(108)) - 5c4ee31d-c5ed-4c65-a5df-da3e3cf53ac2@group-233C052D78D6-FollowerState: change to CANDIDATE, lastRpcTime:134ms, electionTimeout:134ms
2019-10-17 07:10:35,391 [Thread-1603] INFO  impl.RoleInfo (RoleInfo.java:shutdownFollowerState(121)) - 5c4ee31d-c5ed-4c65-a5df-da3e3cf53ac2: shutdown FollowerState
2019-10-17 07:10:35,392 [Thread-1603] INFO  impl.RaftServerImpl (RaftServerImpl.java:setRole(184)) - 5c4ee31d-c5ed-4c65-a5df-da3e3cf53ac2@group-233C052D78D6: changes role from  FOLLOWER to CANDIDATE at term 92 for changeToCandidate
2019-10-17 07:10:35,392 [Thread-1603] INFO  impl.RoleInfo (RoleInfo.java:updateAndGet(143)) - 5c4ee31d-c5ed-4c65-a5df-da3e3cf53ac2: start LeaderElection
2019-10-17 07:10:35,405 [5c4ee31d-c5ed-4c65-a5df-da3e3cf53ac2@group-233C052D78D6-LeaderElection180] INFO  impl.LeaderElection (LeaderElection.java:askForVotes(178)) - 5c4ee31d-c5ed-4c65-a5df-da3e3cf53ac2@group-233C052D78D6-LeaderElection180: begin an election at term 93 for -1: [67ae3572-7d88-4e50-b53b-0f48f6748b38:192.168.157.211:41299, 831edaa1-80a5-4091-843f-90c648a5a79d:192.168.157.211:44365, 5c4ee31d-c5ed-4c65-a5df-da3e3cf53ac2:192.168.157.211:45059], old=null
2019-10-17 07:10:35,407 [grpc-default-executor-3] INFO  impl.RaftServerImpl (RaftServerImpl.java:setRole(184)) - 67ae3572-7d88-4e50-b53b-0f48f6748b38@group-233C052D78D6: changes role from  FOLLOWER to FOLLOWER at term 93 for recognizeCandidate:5c4ee31d-c5ed-4c65-a5df-da3e3cf53ac2
2019-10-17 07:10:35,407 [grpc-default-executor-3] INFO  impl.RoleInfo (RoleInfo.java:shutdownFollowerState(121)) - 67ae3572-7d88-4e50-b53b-0f48f6748b38: shutdown FollowerState
2019-10-17 07:10:35,407 [grpc-default-executor-7] INFO  impl.RaftServerImpl (RaftServerImpl.java:setRole(184)) - 831edaa1-80a5-4091-843f-90c648a5a79d@group-233C052D78D6: changes role from  FOLLOWER to FOLLOWER at term 93 for recognizeCandidate:5c4ee31d-c5ed-4c65-a5df-da3e3cf53ac2
2019-10-17 07:10:35,408 [grpc-default-executor-7] INFO  impl.RoleInfo (RoleInfo.java:shutdownFollowerState(121)) - 831edaa1-80a5-4091-843f-90c648a5a79d: shutdown FollowerState
2019-10-17 07:10:35,408 [Thread-1601] INFO  impl.FollowerState (FollowerState.java:run(117)) - 67ae3572-7d88-4e50-b53b-0f48f6748b38@group-233C052D78D6-FollowerState was interrupted: java.lang.InterruptedException: sleep interrupted
2019-10-17 07:10:35,407 [grpc-default-executor-3] INFO  impl.RoleInfo (RoleInfo.java:updateAndGet(143)) - 67ae3572-7d88-4e50-b53b-0f48f6748b38: start FollowerState
2019-10-17 07:10:35,408 [Thread-1602] INFO  impl.FollowerState (FollowerState.java:run(117)) - 831edaa1-80a5-4091-843f-90c648a5a79d@group-233C052D78D6-FollowerState was interrupted: java.lang.InterruptedException: sleep interrupted
2019-10-17 07:10:35,408 [grpc-default-executor-7] INFO  impl.RoleInfo (RoleInfo.java:updateAndGet(143)) - 831edaa1-80a5-4091-843f-90c648a5a79d: start FollowerState
2019-10-17 07:10:35,422 [5c4ee31d-c5ed-4c65-a5df-da3e3cf53ac2@group-233C052D78D6-LeaderElection180] INFO  impl.LeaderElection (LeaderElection.java:logAndReturn(56)) - 5c4ee31d-c5ed-4c65-a5df-da3e3cf53ac2@group-233C052D78D6-LeaderElection180: Election REJECTED; received 2 response(s) [5c4ee31d-c5ed-4c65-a5df-da3e3cf53ac2<-67ae3572-7d88-4e50-b53b-0f48f6748b38#0:FAIL-t93, 5c4ee31d-c5ed-4c65-a5df-da3e3cf53ac2<-831edaa1-80a5-4091-843f-90c648a5a79d#0:FAIL-t93] and 0 exception(s); 5c4ee31d-c5ed-4c65-a5df-da3e3cf53ac2@group-233C052D78D6:t93, leader=null, voted=5c4ee31d-c5ed-4c65-a5df-da3e3cf53ac2, raftlog=5c4ee31d-c5ed-4c65-a5df-da3e3cf53ac2@group-233C052D78D6-SegmentedRaftLog:OPENED:c-1,f-1,i0, conf=-1: [67ae3572-7d88-4e50-b53b-0f48f6748b38:192.168.157.211:41299, 831edaa1-80a5-4091-843f-90c648a5a79d:192.168.157.211:44365, 5c4ee31d-c5ed-4c65-a5df-da3e3cf53ac2:192.168.157.211:45059], old=null
2019-10-17 07:10:35,423 [5c4ee31d-c5ed-4c65-a5df-da3e3cf53ac2@group-233C052D78D6-LeaderElection180] INFO  impl.RaftServerImpl (RaftServerImpl.java:setRole(184)) - 5c4ee31d-c5ed-4c65-a5df-da3e3cf53ac2@group-233C052D78D6: changes role from CANDIDATE to FOLLOWER at term 93 for DISCOVERED_A_NEW_TERM
2019-10-17 07:10:35,423 [5c4ee31d-c5ed-4c65-a5df-da3e3cf53ac2@group-233C052D78D6-LeaderElection180] INFO  impl.RoleInfo (RoleInfo.java:shutdownLeaderElection(134)) - 5c4ee31d-c5ed-4c65-a5df-da3e3cf53ac2: shutdown LeaderElection
2019-10-17 07:10:35,423 [5c4ee31d-c5ed-4c65-a5df-da3e3cf53ac2@group-233C052D78D6-LeaderElection180] INFO  impl.RoleInfo (RoleInfo.java:updateAndGet(143)) - 5c4ee31d-c5ed-4c65-a5df-da3e3cf53ac2: start FollowerState
2019-10-17 07:10:35,515 [Thread-1609] INFO  impl.FollowerState (FollowerState.java:run(108)) - decc5551-dd4b-40dc-8ff5-b6b450d67f6f@group-42ACBF6EBE4E-FollowerState: change to CANDIDATE, lastRpcTime:189ms, electionTimeout:189ms
2019-10-17 07:10:35,515 [Thread-1609] INFO  impl.RoleInfo (RoleInfo.java:shutdownFollowerState(121)) - decc5551-dd4b-40dc-8ff5-b6b450d67f6f: shutdown FollowerState
2019-10-17 07:10:35,515 [Thread-1609] INFO  impl.RaftServerImpl (RaftServerImpl.java:setRole(184)) - decc5551-dd4b-40dc-8ff5-b6b450d67f6f@group-42ACBF6EBE4E: changes role from  FOLLOWER to CANDIDATE at term 95 for changeToCandidate
2019-10-17 07:10:35,515 [Thread-1609] INFO  impl.RoleInfo (RoleInfo.java:updateAndGet(143)) - decc5551-dd4b-40dc-8ff5-b6b450d67f6f: start LeaderElection
2019-10-17 07:10:35,540 [decc5551-dd4b-40dc-8ff5-b6b450d67f6f@group-42ACBF6EBE4E-LeaderElection181] INFO  impl.LeaderElection (LeaderElection.java:askForVotes(178)) - decc5551-dd4b-40dc-8ff5-b6b450d67f6f@group-42ACBF6EBE4E-LeaderElection181: begin an election at term 96 for -1: [215fceca-0555-458b-bc4f-ba38ff24d5ba:192.168.157.211:43803, decc5551-dd4b-40dc-8ff5-b6b450d67f6f:192.168.157.211:34435, 0c631657-10a5-4e2a-a322-8fc6c651b2ed:192.168.157.211:41694], old=null
2019-10-17 07:10:35,542 [grpc-default-executor-7] INFO  impl.RaftServerImpl (RaftServerImpl.java:setRole(184)) - 215fceca-0555-458b-bc4f-ba38ff24d5ba@group-42ACBF6EBE4E: changes role from  FOLLOWER to FOLLOWER at term 96 for recognizeCandidate:decc5551-dd4b-40dc-8ff5-b6b450d67f6f
2019-10-17 07:10:35,542 [grpc-default-executor-7] INFO  impl.RoleInfo (RoleInfo.java:shutdownFollowerState(121)) - 215fceca-0555-458b-bc4f-ba38ff24d5ba: shutdown FollowerState
2019-10-17 07:10:35,542 [grpc-default-executor-3] INFO  impl.RaftServerImpl (RaftServerImpl.java:setRole(184)) - 0c631657-10a5-4e2a-a322-8fc6c651b2ed@group-42ACBF6EBE4E: changes role from  FOLLOWER to FOLLOWER at term 96 for recognizeCandidate:decc5551-dd4b-40dc-8ff5-b6b450d67f6f
2019-10-17 07:10:35,542 [grpc-default-executor-3] INFO  impl.RoleInfo (RoleInfo.java:shutdownFollowerState(121)) - 0c631657-10a5-4e2a-a322-8fc6c651b2ed: shutdown FollowerState
2019-10-17 07:10:35,542 [Thread-1607] INFO  impl.FollowerState (FollowerState.java:run(117)) - 215fceca-0555-458b-bc4f-ba38ff24d5ba@group-42ACBF6EBE4E-FollowerState was interrupted: java.lang.InterruptedException: sleep interrupted
2019-10-17 07:10:35,542 [grpc-default-executor-7] INFO  impl.RoleInfo (RoleInfo.java:updateAndGet(143)) - 215fceca-0555-458b-bc4f-ba38ff24d5ba: start FollowerState
2019-10-17 07:10:35,543 [Thread-1608] INFO  impl.FollowerState (FollowerState.java:run(117)) - 0c631657-10a5-4e2a-a322-8fc6c651b2ed@group-42ACBF6EBE4E-FollowerState was interrupted: java.lang.InterruptedException: sleep interrupted
2019-10-17 07:10:35,542 [grpc-default-executor-3] INFO  impl.RoleInfo (RoleInfo.java:updateAndGet(143)) - 0c631657-10a5-4e2a-a322-8fc6c651b2ed: start FollowerState
2019-10-17 07:10:35,555 [Thread-1615] INFO  impl.FollowerState (FollowerState.java:run(108)) - 5c4ee31d-c5ed-4c65-a5df-da3e3cf53ac2@group-233C052D78D6-FollowerState: change to CANDIDATE, lastRpcTime:132ms, electionTimeout:132ms
2019-10-17 07:10:35,555 [Thread-1615] INFO  impl.RoleInfo (RoleInfo.java:shutdownFollowerState(121)) - 5c4ee31d-c5ed-4c65-a5df-da3e3cf53ac2: shutdown FollowerState
2019-10-17 07:10:35,556 [Thread-1615] INFO  impl.RaftServerImpl (RaftServerImpl.java:setRole(184)) - 5c4ee31d-c5ed-4c65-a5df-da3e3cf53ac2@group-233C052D78D6: changes role from  FOLLOWER to CANDIDATE at term 93 for changeToCandidate
2019-10-17 07:10:35,556 [Thread-1615] INFO  impl.RoleInfo (RoleInfo.java:updateAndGet(143)) - 5c4ee31d-c5ed-4c65-a5df-da3e3cf53ac2: start LeaderElection
2019-10-17 07:10:35,557 [decc5551-dd4b-40dc-8ff5-b6b450d67f6f@group-42ACBF6EBE4E-LeaderElection181] INFO  impl.LeaderElection (LeaderElection.java:logAndReturn(56)) - decc5551-dd4b-40dc-8ff5-b6b450d67f6f@group-42ACBF6EBE4E-LeaderElection181: Election REJECTED; received 2 response(s) [decc5551-dd4b-40dc-8ff5-b6b450d67f6f<-215fceca-0555-458b-bc4f-ba38ff24d5ba#0:FAIL-t96, decc5551-dd4b-40dc-8ff5-b6b450d67f6f<-0c631657-10a5-4e2a-a322-8fc6c651b2ed#0:FAIL-t96] and 0 exception(s); decc5551-dd4b-40dc-8ff5-b6b450d67f6f@group-42ACBF6EBE4E:t96, leader=null, voted=decc5551-dd4b-40dc-8ff5-b6b450d67f6f, raftlog=decc5551-dd4b-40dc-8ff5-b6b450d67f6f@group-42ACBF6EBE4E-SegmentedRaftLog:OPENED:c-1,f-1,i0, conf=-1: [215fceca-0555-458b-bc4f-ba38ff24d5ba:192.168.157.211:43803, decc5551-dd4b-40dc-8ff5-b6b450d67f6f:192.168.157.211:34435, 0c631657-10a5-4e2a-a322-8fc6c651b2ed:192.168.157.211:41694], old=null
2019-10-17 07:10:35,557 [decc5551-dd4b-40dc-8ff5-b6b450d67f6f@group-42ACBF6EBE4E-LeaderElection181] INFO  impl.RaftServerImpl (RaftServerImpl.java:setRole(184)) - decc5551-dd4b-40dc-8ff5-b6b450d67f6f@group-42ACBF6EBE4E: changes role from CANDIDATE to FOLLOWER at term 96 for DISCOVERED_A_NEW_TERM
2019-10-17 07:10:35,557 [decc5551-dd4b-40dc-8ff5-b6b450d67f6f@group-42ACBF6EBE4E-LeaderElection181] INFO  impl.RoleInfo (RoleInfo.java:shutdownLeaderElection(134)) - decc5551-dd4b-40dc-8ff5-b6b450d67f6f: shutdown LeaderElection
2019-10-17 07:10:35,558 [decc5551-dd4b-40dc-8ff5-b6b450d67f6f@group-42ACBF6EBE4E-LeaderElection181] INFO  impl.RoleInfo (RoleInfo.java:updateAndGet(143)) - decc5551-dd4b-40dc-8ff5-b6b450d67f6f: start FollowerState
2019-10-17 07:10:35,569 [5c4ee31d-c5ed-4c65-a5df-da3e3cf53ac2@group-233C052D78D6-LeaderElection182] INFO  impl.LeaderElection (LeaderElection.java:askForVotes(178)) - 5c4ee31d-c5ed-4c65-a5df-da3e3cf53ac2@group-233C052D78D6-LeaderElection182: begin an election at term 94 for -1: [67ae3572-7d88-4e50-b53b-0f48f6748b38:192.168.157.211:41299, 831edaa1-80a5-4091-843f-90c648a5a79d:192.168.157.211:44365, 5c4ee31d-c5ed-4c65-a5df-da3e3cf53ac2:192.168.157.211:45059], old=null
2019-10-17 07:10:35,572 [grpc-default-executor-3] INFO  impl.RaftServerImpl (RaftServerImpl.java:setRole(184)) - 67ae3572-7d88-4e50-b53b-0f48f6748b38@group-233C052D78D6: changes role from  FOLLOWER to FOLLOWER at term 94 for recognizeCandidate:5c4ee31d-c5ed-4c65-a5df-da3e3cf53ac2
2019-10-17 07:10:35,572 [grpc-default-executor-3] INFO  impl.RoleInfo (RoleInfo.java:shutdownFollowerState(121)) - 67ae3572-7d88-4e50-b53b-0f48f6748b38: shutdown FollowerState
2019-10-17 07:10:35,572 [grpc-default-executor-3] INFO  impl.RoleInfo (RoleInfo.java:updateAndGet(143)) - 67ae3572-7d88-4e50-b53b-0f48f6748b38: start FollowerState
2019-10-17 07:10:35,573 [grpc-default-executor-7] INFO  impl.RaftServerImpl (RaftServerImpl.java:setRole(184)) - 831edaa1-80a5-4091-843f-90c648a5a79d@group-233C052D78D6: changes role from  FOLLOWER to FOLLOWER at term 94 for recognizeCandidate:5c4ee31d-c5ed-4c65-a5df-da3e3cf53ac2
2019-10-17 07:10:35,573 [grpc-default-executor-7] INFO  impl.RoleInfo (RoleInfo.java:shutdownFollowerState(121)) - 831edaa1-80a5-4091-843f-90c648a5a79d: shutdown FollowerState
2019-10-17 07:10:35,572 [Thread-1613] INFO  impl.FollowerState (FollowerState.java:run(117)) - 67ae3572-7d88-4e50-b53b-0f48f6748b38@group-233C052D78D6-FollowerState was interrupted: java.lang.InterruptedException: sleep interrupted
2019-10-17 07:10:35,573 [grpc-default-executor-7] INFO  impl.RoleInfo (RoleInfo.java:updateAndGet(143)) - 831edaa1-80a5-4091-843f-90c648a5a79d: start FollowerState
2019-10-17 07:10:35,573 [Thread-1614] INFO  impl.FollowerState (FollowerState.java:run(117)) - 831edaa1-80a5-4091-843f-90c648a5a79d@group-233C052D78D6-FollowerState was interrupted: java.lang.InterruptedException: sleep interrupted
2019-10-17 07:10:35,595 [5c4ee31d-c5ed-4c65-a5df-da3e3cf53ac2@group-233C052D78D6-LeaderElection182] INFO  impl.LeaderElection (LeaderElection.java:logAndReturn(56)) - 5c4ee31d-c5ed-4c65-a5df-da3e3cf53ac2@group-233C052D78D6-LeaderElection182: Election REJECTED; received 2 response(s) [5c4ee31d-c5ed-4c65-a5df-da3e3cf53ac2<-67ae3572-7d88-4e50-b53b-0f48f6748b38#0:FAIL-t94, 5c4ee31d-c5ed-4c65-a5df-da3e3cf53ac2<-831edaa1-80a5-4091-843f-90c648a5a79d#0:FAIL-t94] and 0 exception(s); 5c4ee31d-c5ed-4c65-a5df-da3e3cf53ac2@group-233C052D78D6:t94, leader=null, voted=5c4ee31d-c5ed-4c65-a5df-da3e3cf53ac2, raftlog=5c4ee31d-c5ed-4c65-a5df-da3e3cf53ac2@group-233C052D78D6-SegmentedRaftLog:OPENED:c-1,f-1,i0, conf=-1: [67ae3572-7d88-4e50-b53b-0f48f6748b38:192.168.157.211:41299, 831edaa1-80a5-4091-843f-90c648a5a79d:192.168.157.211:44365, 5c4ee31d-c5ed-4c65-a5df-da3e3cf53ac2:192.168.157.211:45059], old=null
2019-10-17 07:10:35,595 [5c4ee31d-c5ed-4c65-a5df-da3e3cf53ac2@group-233C052D78D6-LeaderElection182] INFO  impl.RaftServerImpl (RaftServerImpl.java:setRole(184)) - 5c4ee31d-c5ed-4c65-a5df-da3e3cf53ac2@group-233C052D78D6: changes role from CANDIDATE to FOLLOWER at term 94 for DISCOVERED_A_NEW_TERM
2019-10-17 07:10:35,595 [5c4ee31d-c5ed-4c65-a5df-da3e3cf53ac2@group-233C052D78D6-LeaderElection182] INFO  impl.RoleInfo (RoleInfo.java:shutdownLeaderElection(134)) - 5c4ee31d-c5ed-4c65-a5df-da3e3cf53ac2: shutdown LeaderElection
2019-10-17 07:10:35,595 [5c4ee31d-c5ed-4c65-a5df-da3e3cf53ac2@group-233C052D78D6-LeaderElection182] INFO  impl.RoleInfo (RoleInfo.java:updateAndGet(143)) - 5c4ee31d-c5ed-4c65-a5df-da3e3cf53ac2: start FollowerState
2019-10-17 07:10:35,699 [Thread-1622] INFO  impl.FollowerState (FollowerState.java:run(108)) - decc5551-dd4b-40dc-8ff5-b6b450d67f6f@group-42ACBF6EBE4E-FollowerState: change to CANDIDATE, lastRpcTime:141ms, electionTimeout:141ms
2019-10-17 07:10:35,699 [Thread-1622] INFO  impl.RoleInfo (RoleInfo.java:shutdownFollowerState(121)) - decc5551-dd4b-40dc-8ff5-b6b450d67f6f: shutdown FollowerState
2019-10-17 07:10:35,699 [Thread-1622] INFO  impl.RaftServerImpl (RaftServerImpl.java:setRole(184)) - decc5551-dd4b-40dc-8ff5-b6b450d67f6f@group-42ACBF6EBE4E: changes role from  FOLLOWER to CANDIDATE at term 96 for changeToCandidate
2019-10-17 07:10:35,699 [Thread-1622] INFO  impl.RoleInfo (RoleInfo.java:updateAndGet(143)) - decc5551-dd4b-40dc-8ff5-b6b450d67f6f: start LeaderElection
2019-10-17 07:10:35,713 [decc5551-dd4b-40dc-8ff5-b6b450d67f6f@group-42ACBF6EBE4E-LeaderElection183] INFO  impl.LeaderElection (LeaderElection.java:askForVotes(178)) - decc5551-dd4b-40dc-8ff5-b6b450d67f6f@group-42ACBF6EBE4E-LeaderElection183: begin an election at term 97 for -1: [215fceca-0555-458b-bc4f-ba38ff24d5ba:192.168.157.211:43803, decc5551-dd4b-40dc-8ff5-b6b450d67f6f:192.168.157.211:34435, 0c631657-10a5-4e2a-a322-8fc6c651b2ed:192.168.157.211:41694], old=null
2019-10-17 07:10:35,715 [grpc-default-executor-7] INFO  impl.RaftServerImpl (RaftServerImpl.java:setRole(184)) - 0c631657-10a5-4e2a-a322-8fc6c651b2ed@group-42ACBF6EBE4E: changes role from  FOLLOWER to FOLLOWER at term 97 for recognizeCandidate:decc5551-dd4b-40dc-8ff5-b6b450d67f6f
2019-10-17 07:10:35,715 [grpc-default-executor-3] INFO  impl.RaftServerImpl (RaftServerImpl.java:setRole(184)) - 215fceca-0555-458b-bc4f-ba38ff24d5ba@group-42ACBF6EBE4E: changes role from  FOLLOWER to FOLLOWER at term 97 for recognizeCandidate:decc5551-dd4b-40dc-8ff5-b6b450d67f6f
2019-10-17 07:10:35,715 [grpc-default-executor-7] INFO  impl.RoleInfo (RoleInfo.java:shutdownFollowerState(121)) - 0c631657-10a5-4e2a-a322-8fc6c651b2ed: shutdown FollowerState
2019-10-17 07:10:35,715 [grpc-default-executor-3] INFO  impl.RoleInfo (RoleInfo.java:shutdownFollowerState(121)) - 215fceca-0555-458b-bc4f-ba38ff24d5ba: shutdown FollowerState
2019-10-17 07:10:35,715 [Thread-1620] INFO  impl.FollowerState (FollowerState.java:run(117)) - 0c631657-10a5-4e2a-a322-8fc6c651b2ed@group-42ACBF6EBE4E-FollowerState was interrupted: java.lang.InterruptedException: sleep interrupted
2019-10-17 07:10:35,715 [grpc-default-executor-7] INFO  impl.RoleInfo (RoleInfo.java:updateAndGet(143)) - 0c631657-10a5-4e2a-a322-8fc6c651b2ed: start FollowerState
2019-10-17 07:10:35,716 [Thread-1619] INFO  impl.FollowerState (FollowerState.java:run(117)) - 215fceca-0555-458b-bc4f-ba38ff24d5ba@group-42ACBF6EBE4E-FollowerState was interrupted: java.lang.InterruptedException: sleep interrupted
2019-10-17 07:10:35,716 [grpc-default-executor-3] INFO  impl.RoleInfo (RoleInfo.java:updateAndGet(143)) - 215fceca-0555-458b-bc4f-ba38ff24d5ba: start FollowerState
2019-10-17 07:10:35,733 [decc5551-dd4b-40dc-8ff5-b6b450d67f6f@group-42ACBF6EBE4E-LeaderElection183] INFO  impl.LeaderElection (LeaderElection.java:logAndReturn(56)) - decc5551-dd4b-40dc-8ff5-b6b450d67f6f@group-42ACBF6EBE4E-LeaderElection183: Election REJECTED; received 2 response(s) [decc5551-dd4b-40dc-8ff5-b6b450d67f6f<-215fceca-0555-458b-bc4f-ba38ff24d5ba#0:FAIL-t97, decc5551-dd4b-40dc-8ff5-b6b450d67f6f<-0c631657-10a5-4e2a-a322-8fc6c651b2ed#0:FAIL-t97] and 0 exception(s); decc5551-dd4b-40dc-8ff5-b6b450d67f6f@group-42ACBF6EBE4E:t97, leader=null, voted=decc5551-dd4b-40dc-8ff5-b6b450d67f6f, raftlog=decc5551-dd4b-40dc-8ff5-b6b450d67f6f@group-42ACBF6EBE4E-SegmentedRaftLog:OPENED:c-1,f-1,i0, conf=-1: [215fceca-0555-458b-bc4f-ba38ff24d5ba:192.168.157.211:43803, decc5551-dd4b-40dc-8ff5-b6b450d67f6f:192.168.157.211:34435, 0c631657-10a5-4e2a-a322-8fc6c651b2ed:192.168.157.211:41694], old=null
2019-10-17 07:10:35,733 [decc5551-dd4b-40dc-8ff5-b6b450d67f6f@group-42ACBF6EBE4E-LeaderElection183] INFO  impl.RaftServerImpl (RaftServerImpl.java:setRole(184)) - decc5551-dd4b-40dc-8ff5-b6b450d67f6f@group-42ACBF6EBE4E: changes role from CANDIDATE to FOLLOWER at term 97 for DISCOVERED_A_NEW_TERM
2019-10-17 07:10:35,734 [decc5551-dd4b-40dc-8ff5-b6b450d67f6f@group-42ACBF6EBE4E-LeaderElection183] INFO  impl.RoleInfo (RoleInfo.java:shutdownLeaderElection(134)) - decc5551-dd4b-40dc-8ff5-b6b450d67f6f: shutdown LeaderElection
2019-10-17 07:10:35,734 [decc5551-dd4b-40dc-8ff5-b6b450d67f6f@group-42ACBF6EBE4E-LeaderElection183] INFO  impl.RoleInfo (RoleInfo.java:updateAndGet(143)) - decc5551-dd4b-40dc-8ff5-b6b450d67f6f: start FollowerState
2019-10-17 07:10:35,794 [Thread-1629] INFO  impl.FollowerState (FollowerState.java:run(108)) - 5c4ee31d-c5ed-4c65-a5df-da3e3cf53ac2@group-233C052D78D6-FollowerState: change to CANDIDATE, lastRpcTime:198ms, electionTimeout:198ms
2019-10-17 07:10:35,794 [Thread-1629] INFO  impl.RoleInfo (RoleInfo.java:shutdownFollowerState(121)) - 5c4ee31d-c5ed-4c65-a5df-da3e3cf53ac2: shutdown FollowerState
2019-10-17 07:10:35,794 [Thread-1629] INFO  impl.RaftServerImpl (RaftServerImpl.java:setRole(184)) - 5c4ee31d-c5ed-4c65-a5df-da3e3cf53ac2@group-233C052D78D6: changes role from  FOLLOWER to CANDIDATE at term 94 for changeToCandidate
2019-10-17 07:10:35,794 [Thread-1629] INFO  impl.RoleInfo (RoleInfo.java:updateAndGet(143)) - 5c4ee31d-c5ed-4c65-a5df-da3e3cf53ac2: start LeaderElection
2019-10-17 07:10:35,808 [5c4ee31d-c5ed-4c65-a5df-da3e3cf53ac2@group-233C052D78D6-LeaderElection184] INFO  impl.LeaderElection (LeaderElection.java:askForVotes(178)) - 5c4ee31d-c5ed-4c65-a5df-da3e3cf53ac2@group-233C052D78D6-LeaderElection184: begin an election at term 95 for -1: [67ae3572-7d88-4e50-b53b-0f48f6748b38:192.168.157.211:41299, 831edaa1-80a5-4091-843f-90c648a5a79d:192.168.157.211:44365, 5c4ee31d-c5ed-4c65-a5df-da3e3cf53ac2:192.168.157.211:45059], old=null
2019-10-17 07:10:35,810 [grpc-default-executor-3] INFO  impl.RaftServerImpl (RaftServerImpl.java:setRole(184)) - 831edaa1-80a5-4091-843f-90c648a5a79d@group-233C052D78D6: changes role from  FOLLOWER to FOLLOWER at term 95 for recognizeCandidate:5c4ee31d-c5ed-4c65-a5df-da3e3cf53ac2
2019-10-17 07:10:35,810 [grpc-default-executor-3] INFO  impl.RoleInfo (RoleInfo.java:shutdownFollowerState(121)) - 831edaa1-80a5-4091-843f-90c648a5a79d: shutdown FollowerState
2019-10-17 07:10:35,810 [grpc-default-executor-7] INFO  impl.RaftServerImpl (RaftServerImpl.java:setRole(184)) - 67ae3572-7d88-4e50-b53b-0f48f6748b38@group-233C052D78D6: changes role from  FOLLOWER to FOLLOWER at term 95 for recognizeCandidate:5c4ee31d-c5ed-4c65-a5df-da3e3cf53ac2
2019-10-17 07:10:35,811 [grpc-default-executor-7] INFO  impl.RoleInfo (RoleInfo.java:shutdownFollowerState(121)) - 67ae3572-7d88-4e50-b53b-0f48f6748b38: shutdown FollowerState
2019-10-17 07:10:35,811 [Thread-1626] INFO  impl.FollowerState (FollowerState.java:run(117)) - 831edaa1-80a5-4091-843f-90c648a5a79d@group-233C052D78D6-FollowerState was interrupted: java.lang.InterruptedException: sleep interrupted
2019-10-17 07:10:35,811 [grpc-default-executor-3] INFO  impl.RoleInfo (RoleInfo.java:updateAndGet(143)) - 831edaa1-80a5-4091-843f-90c648a5a79d: start FollowerState
2019-10-17 07:10:35,811 [Thread-1625] INFO  impl.FollowerState (FollowerState.java:run(117)) - 67ae3572-7d88-4e50-b53b-0f48f6748b38@group-233C052D78D6-FollowerState was interrupted: java.lang.InterruptedException: sleep interrupted
2019-10-17 07:10:35,811 [grpc-default-executor-7] INFO  impl.RoleInfo (RoleInfo.java:updateAndGet(143)) - 67ae3572-7d88-4e50-b53b-0f48f6748b38: start FollowerState
2019-10-17 07:10:35,826 [5c4ee31d-c5ed-4c65-a5df-da3e3cf53ac2@group-233C052D78D6-LeaderElection184] INFO  impl.LeaderElection (LeaderElection.java:logAndReturn(56)) - 5c4ee31d-c5ed-4c65-a5df-da3e3cf53ac2@group-233C052D78D6-LeaderElection184: Election REJECTED; received 2 response(s) [5c4ee31d-c5ed-4c65-a5df-da3e3cf53ac2<-67ae3572-7d88-4e50-b53b-0f48f6748b38#0:FAIL-t95, 5c4ee31d-c5ed-4c65-a5df-da3e3cf53ac2<-831edaa1-80a5-4091-843f-90c648a5a79d#0:FAIL-t95] and 0 exception(s); 5c4ee31d-c5ed-4c65-a5df-da3e3cf53ac2@group-233C052D78D6:t95, leader=null, voted=5c4ee31d-c5ed-4c65-a5df-da3e3cf53ac2, raftlog=5c4ee31d-c5ed-4c65-a5df-da3e3cf53ac2@group-233C052D78D6-SegmentedRaftLog:OPENED:c-1,f-1,i0, conf=-1: [67ae3572-7d88-4e50-b53b-0f48f6748b38:192.168.157.211:41299, 831edaa1-80a5-4091-843f-90c648a5a79d:192.168.157.211:44365, 5c4ee31d-c5ed-4c65-a5df-da3e3cf53ac2:192.168.157.211:45059], old=null
2019-10-17 07:10:35,826 [5c4ee31d-c5ed-4c65-a5df-da3e3cf53ac2@group-233C052D78D6-LeaderElection184] INFO  impl.RaftServerImpl (RaftServerImpl.java:setRole(184)) - 5c4ee31d-c5ed-4c65-a5df-da3e3cf53ac2@group-233C052D78D6: changes role from CANDIDATE to FOLLOWER at term 95 for DISCOVERED_A_NEW_TERM
2019-10-17 07:10:35,827 [5c4ee31d-c5ed-4c65-a5df-da3e3cf53ac2@group-233C052D78D6-LeaderElection184] INFO  impl.RoleInfo (RoleInfo.java:shutdownLeaderElection(134)) - 5c4ee31d-c5ed-4c65-a5df-da3e3cf53ac2: shutdown LeaderElection
2019-10-17 07:10:35,827 [5c4ee31d-c5ed-4c65-a5df-da3e3cf53ac2@group-233C052D78D6-LeaderElection184] INFO  impl.RoleInfo (RoleInfo.java:updateAndGet(143)) - 5c4ee31d-c5ed-4c65-a5df-da3e3cf53ac2: start FollowerState
2019-10-17 07:10:35,865 [Thread-1635] INFO  impl.FollowerState (FollowerState.java:run(108)) - decc5551-dd4b-40dc-8ff5-b6b450d67f6f@group-42ACBF6EBE4E-FollowerState: change to CANDIDATE, lastRpcTime:131ms, electionTimeout:131ms
2019-10-17 07:10:35,865 [Thread-1635] INFO  impl.RoleInfo (RoleInfo.java:shutdownFollowerState(121)) - decc5551-dd4b-40dc-8ff5-b6b450d67f6f: shutdown FollowerState
2019-10-17 07:10:35,865 [Thread-1635] INFO  impl.RaftServerImpl (RaftServerImpl.java:setRole(184)) - decc5551-dd4b-40dc-8ff5-b6b450d67f6f@group-42ACBF6EBE4E: changes role from  FOLLOWER to CANDIDATE at term 97 for changeToCandidate
2019-10-17 07:10:35,866 [Thread-1635] INFO  impl.RoleInfo (RoleInfo.java:updateAndGet(143)) - decc5551-dd4b-40dc-8ff5-b6b450d67f6f: start LeaderElection
2019-10-17 07:10:35,887 [decc5551-dd4b-40dc-8ff5-b6b450d67f6f@group-42ACBF6EBE4E-LeaderElection185] INFO  impl.LeaderElection (LeaderElection.java:askForVotes(178)) - decc5551-dd4b-40dc-8ff5-b6b450d67f6f@group-42ACBF6EBE4E-LeaderElection185: begin an election at term 98 for -1: [215fceca-0555-458b-bc4f-ba38ff24d5ba:192.168.157.211:43803, decc5551-dd4b-40dc-8ff5-b6b450d67f6f:192.168.157.211:34435, 0c631657-10a5-4e2a-a322-8fc6c651b2ed:192.168.157.211:41694], old=null
2019-10-17 07:10:35,889 [grpc-default-executor-3] INFO  impl.RaftServerImpl (RaftServerImpl.java:setRole(184)) - 215fceca-0555-458b-bc4f-ba38ff24d5ba@group-42ACBF6EBE4E: changes role from  FOLLOWER to FOLLOWER at term 98 for recognizeCandidate:decc5551-dd4b-40dc-8ff5-b6b450d67f6f
2019-10-17 07:10:35,890 [grpc-default-executor-3] INFO  impl.RoleInfo (RoleInfo.java:shutdownFollowerState(121)) - 215fceca-0555-458b-bc4f-ba38ff24d5ba: shutdown FollowerState
2019-10-17 07:10:35,890 [grpc-default-executor-7] INFO  impl.RaftServerImpl (RaftServerImpl.java:setRole(184)) - 0c631657-10a5-4e2a-a322-8fc6c651b2ed@group-42ACBF6EBE4E: changes role from  FOLLOWER to FOLLOWER at term 98 for recognizeCandidate:decc5551-dd4b-40dc-8ff5-b6b450d67f6f
2019-10-17 07:10:35,890 [Thread-1634] INFO  impl.FollowerState (FollowerState.java:run(117)) - 215fceca-0555-458b-bc4f-ba38ff24d5ba@group-42ACBF6EBE4E-FollowerState was interrupted: java.lang.InterruptedException: sleep interrupted
2019-10-17 07:10:35,890 [grpc-default-executor-3] INFO  impl.RoleInfo (RoleInfo.java:updateAndGet(143)) - 215fceca-0555-458b-bc4f-ba38ff24d5ba: start FollowerState
2019-10-17 07:10:35,890 [grpc-default-executor-7] INFO  impl.RoleInfo (RoleInfo.java:shutdownFollowerState(121)) - 0c631657-10a5-4e2a-a322-8fc6c651b2ed: shutdown FollowerState
2019-10-17 07:10:35,891 [grpc-default-executor-7] INFO  impl.RoleInfo (RoleInfo.java:updateAndGet(143)) - 0c631657-10a5-4e2a-a322-8fc6c651b2ed: start FollowerState
2019-10-17 07:10:35,891 [Thread-1633] INFO  impl.FollowerState (FollowerState.java:run(117)) - 0c631657-10a5-4e2a-a322-8fc6c651b2ed@group-42ACBF6EBE4E-FollowerState was interrupted: java.lang.InterruptedException: sleep interrupted
2019-10-17 07:10:35,901 [Thread-1641] INFO  impl.FollowerState (FollowerState.java:run(108)) - 5c4ee31d-c5ed-4c65-a5df-da3e3cf53ac2@group-233C052D78D6-FollowerState: change to CANDIDATE, lastRpcTime:74ms, electionTimeout:74ms
2019-10-17 07:10:35,901 [Thread-1641] INFO  impl.RoleInfo (RoleInfo.java:shutdownFollowerState(121)) - 5c4ee31d-c5ed-4c65-a5df-da3e3cf53ac2: shutdown FollowerState
2019-10-17 07:10:35,901 [Thread-1641] INFO  impl.RaftServerImpl (RaftServerImpl.java:setRole(184)) - 5c4ee31d-c5ed-4c65-a5df-da3e3cf53ac2@group-233C052D78D6: changes role from  FOLLOWER to CANDIDATE at term 95 for changeToCandidate
2019-10-17 07:10:35,902 [Thread-1641] INFO  impl.RoleInfo (RoleInfo.java:updateAndGet(143)) - 5c4ee31d-c5ed-4c65-a5df-da3e3cf53ac2: start LeaderElection
2019-10-17 07:10:35,905 [decc5551-dd4b-40dc-8ff5-b6b450d67f6f@group-42ACBF6EBE4E-LeaderElection185] INFO  impl.LeaderElection (LeaderElection.java:logAndReturn(56)) - decc5551-dd4b-40dc-8ff5-b6b450d67f6f@group-42ACBF6EBE4E-LeaderElection185: Election REJECTED; received 2 response(s) [decc5551-dd4b-40dc-8ff5-b6b450d67f6f<-215fceca-0555-458b-bc4f-ba38ff24d5ba#0:FAIL-t98, decc5551-dd4b-40dc-8ff5-b6b450d67f6f<-0c631657-10a5-4e2a-a322-8fc6c651b2ed#0:FAIL-t98] and 0 exception(s); decc5551-dd4b-40dc-8ff5-b6b450d67f6f@group-42ACBF6EBE4E:t98, leader=null, voted=decc5551-dd4b-40dc-8ff5-b6b450d67f6f, raftlog=decc5551-dd4b-40dc-8ff5-b6b450d67f6f@group-42ACBF6EBE4E-SegmentedRaftLog:OPENED:c-1,f-1,i0, conf=-1: [215fceca-0555-458b-bc4f-ba38ff24d5ba:192.168.157.211:43803, decc5551-dd4b-40dc-8ff5-b6b450d67f6f:192.168.157.211:34435, 0c631657-10a5-4e2a-a322-8fc6c651b2ed:192.168.157.211:41694], old=null
2019-10-17 07:10:35,905 [decc5551-dd4b-40dc-8ff5-b6b450d67f6f@group-42ACBF6EBE4E-LeaderElection185] INFO  impl.RaftServerImpl (RaftServerImpl.java:setRole(184)) - decc5551-dd4b-40dc-8ff5-b6b450d67f6f@group-42ACBF6EBE4E: changes role from CANDIDATE to FOLLOWER at term 98 for DISCOVERED_A_NEW_TERM
2019-10-17 07:10:35,905 [decc5551-dd4b-40dc-8ff5-b6b450d67f6f@group-42ACBF6EBE4E-LeaderElection185] INFO  impl.RoleInfo (RoleInfo.java:shutdownLeaderElection(134)) - decc5551-dd4b-40dc-8ff5-b6b450d67f6f: shutdown LeaderElection
2019-10-17 07:10:35,905 [decc5551-dd4b-40dc-8ff5-b6b450d67f6f@group-42ACBF6EBE4E-LeaderElection185] INFO  impl.RoleInfo (RoleInfo.java:updateAndGet(143)) - decc5551-dd4b-40dc-8ff5-b6b450d67f6f: start FollowerState
2019-10-17 07:10:35,906 [5c4ee31d-c5ed-4c65-a5df-da3e3cf53ac2@group-233C052D78D6-LeaderElection186] INFO  impl.LeaderElection (LeaderElection.java:askForVotes(178)) - 5c4ee31d-c5ed-4c65-a5df-da3e3cf53ac2@group-233C052D78D6-LeaderElection186: begin an election at term 96 for -1: [67ae3572-7d88-4e50-b53b-0f48f6748b38:192.168.157.211:41299, 831edaa1-80a5-4091-843f-90c648a5a79d:192.168.157.211:44365, 5c4ee31d-c5ed-4c65-a5df-da3e3cf53ac2:192.168.157.211:45059], old=null
2019-10-17 07:10:35,907 [grpc-default-executor-3] INFO  impl.RaftServerImpl (RaftServerImpl.java:setRole(184)) - 67ae3572-7d88-4e50-b53b-0f48f6748b38@group-233C052D78D6: changes role from  FOLLOWER to FOLLOWER at term 96 for recognizeCandidate:5c4ee31d-c5ed-4c65-a5df-da3e3cf53ac2
2019-10-17 07:10:35,908 [grpc-default-executor-7] INFO  impl.RaftServerImpl (RaftServerImpl.java:setRole(184)) - 831edaa1-80a5-4091-843f-90c648a5a79d@group-233C052D78D6: changes role from  FOLLOWER to FOLLOWER at term 96 for recognizeCandidate:5c4ee31d-c5ed-4c65-a5df-da3e3cf53ac2
2019-10-17 07:10:35,908 [grpc-default-executor-3] INFO  impl.RoleInfo (RoleInfo.java:shutdownFollowerState(121)) - 67ae3572-7d88-4e50-b53b-0f48f6748b38: shutdown FollowerState
2019-10-17 07:10:35,908 [grpc-default-executor-7] INFO  impl.RoleInfo (RoleInfo.java:shutdownFollowerState(121)) - 831edaa1-80a5-4091-843f-90c648a5a79d: shutdown FollowerState
2019-10-17 07:10:35,908 [Thread-1640] INFO  impl.FollowerState (FollowerState.java:run(117)) - 67ae3572-7d88-4e50-b53b-0f48f6748b38@group-233C052D78D6-FollowerState was interrupted: java.lang.InterruptedException: sleep interrupted
2019-10-17 07:10:35,908 [grpc-default-executor-3] INFO  impl.RoleInfo (RoleInfo.java:updateAndGet(143)) - 67ae3572-7d88-4e50-b53b-0f48f6748b38: start FollowerState
2019-10-17 07:10:35,908 [Thread-1639] INFO  impl.FollowerState (FollowerState.java:run(117)) - 831edaa1-80a5-4091-843f-90c648a5a79d@group-233C052D78D6-FollowerState was interrupted: java.lang.InterruptedException: sleep interrupted
2019-10-17 07:10:35,908 [grpc-default-executor-7] INFO  impl.RoleInfo (RoleInfo.java:updateAndGet(143)) - 831edaa1-80a5-4091-843f-90c648a5a79d: start FollowerState
2019-10-17 07:10:35,923 [5c4ee31d-c5ed-4c65-a5df-da3e3cf53ac2@group-233C052D78D6-LeaderElection186] INFO  impl.LeaderElection (LeaderElection.java:logAndReturn(56)) - 5c4ee31d-c5ed-4c65-a5df-da3e3cf53ac2@group-233C052D78D6-LeaderElection186: Election REJECTED; received 2 response(s) [5c4ee31d-c5ed-4c65-a5df-da3e3cf53ac2<-67ae3572-7d88-4e50-b53b-0f48f6748b38#0:FAIL-t96, 5c4ee31d-c5ed-4c65-a5df-da3e3cf53ac2<-831edaa1-80a5-4091-843f-90c648a5a79d#0:FAIL-t96] and 0 exception(s); 5c4ee31d-c5ed-4c65-a5df-da3e3cf53ac2@group-233C052D78D6:t96, leader=null, voted=5c4ee31d-c5ed-4c65-a5df-da3e3cf53ac2, raftlog=5c4ee31d-c5ed-4c65-a5df-da3e3cf53ac2@group-233C052D78D6-SegmentedRaftLog:OPENED:c-1,f-1,i0, conf=-1: [67ae3572-7d88-4e50-b53b-0f48f6748b38:192.168.157.211:41299, 831edaa1-80a5-4091-843f-90c648a5a79d:192.168.157.211:44365, 5c4ee31d-c5ed-4c65-a5df-da3e3cf53ac2:192.168.157.211:45059], old=null
2019-10-17 07:10:35,923 [5c4ee31d-c5ed-4c65-a5df-da3e3cf53ac2@group-233C052D78D6-LeaderElection186] INFO  impl.RaftServerImpl (RaftServerImpl.java:setRole(184)) - 5c4ee31d-c5ed-4c65-a5df-da3e3cf53ac2@group-233C052D78D6: changes role from CANDIDATE to FOLLOWER at term 96 for DISCOVERED_A_NEW_TERM
2019-10-17 07:10:35,923 [5c4ee31d-c5ed-4c65-a5df-da3e3cf53ac2@group-233C052D78D6-LeaderElection186] INFO  impl.RoleInfo (RoleInfo.java:shutdownLeaderElection(134)) - 5c4ee31d-c5ed-4c65-a5df-da3e3cf53ac2: shutdown LeaderElection
2019-10-17 07:10:35,923 [5c4ee31d-c5ed-4c65-a5df-da3e3cf53ac2@group-233C052D78D6-LeaderElection186] INFO  impl.RoleInfo (RoleInfo.java:updateAndGet(143)) - 5c4ee31d-c5ed-4c65-a5df-da3e3cf53ac2: start FollowerState
2019-10-17 07:10:35,934 [Thread-1648] INFO  impl.FollowerState (FollowerState.java:run(108)) - decc5551-dd4b-40dc-8ff5-b6b450d67f6f@group-42ACBF6EBE4E-FollowerState: change to CANDIDATE, lastRpcTime:29ms, electionTimeout:29ms
2019-10-17 07:10:35,935 [Thread-1648] INFO  impl.RoleInfo (RoleInfo.java:shutdownFollowerState(121)) - decc5551-dd4b-40dc-8ff5-b6b450d67f6f: shutdown FollowerState
2019-10-17 07:10:35,935 [Thread-1648] INFO  impl.RaftServerImpl (RaftServerImpl.java:setRole(184)) - decc5551-dd4b-40dc-8ff5-b6b450d67f6f@group-42ACBF6EBE4E: changes role from  FOLLOWER to CANDIDATE at term 98 for changeToCandidate
2019-10-17 07:10:35,935 [Thread-1648] INFO  impl.RoleInfo (RoleInfo.java:updateAndGet(143)) - decc5551-dd4b-40dc-8ff5-b6b450d67f6f: start LeaderElection
2019-10-17 07:10:35,948 [decc5551-dd4b-40dc-8ff5-b6b450d67f6f@group-42ACBF6EBE4E-LeaderElection187] INFO  impl.LeaderElection (LeaderElection.java:askForVotes(178)) - decc5551-dd4b-40dc-8ff5-b6b450d67f6f@group-42ACBF6EBE4E-LeaderElection187: begin an election at term 99 for -1: [215fceca-0555-458b-bc4f-ba38ff24d5ba:192.168.157.211:43803, decc5551-dd4b-40dc-8ff5-b6b450d67f6f:192.168.157.211:34435, 0c631657-10a5-4e2a-a322-8fc6c651b2ed:192.168.157.211:41694], old=null
2019-10-17 07:10:35,951 [grpc-default-executor-7] INFO  impl.RaftServerImpl (RaftServerImpl.java:setRole(184)) - 0c631657-10a5-4e2a-a322-8fc6c651b2ed@group-42ACBF6EBE4E: changes role from  FOLLOWER to FOLLOWER at term 99 for recognizeCandidate:decc5551-dd4b-40dc-8ff5-b6b450d67f6f
2019-10-17 07:10:35,951 [grpc-default-executor-3] INFO  impl.RaftServerImpl (RaftServerImpl.java:setRole(184)) - 215fceca-0555-458b-bc4f-ba38ff24d5ba@group-42ACBF6EBE4E: changes role from  FOLLOWER to FOLLOWER at term 99 for recognizeCandidate:decc5551-dd4b-40dc-8ff5-b6b450d67f6f
2019-10-17 07:10:35,951 [grpc-default-executor-7] INFO  impl.RoleInfo (RoleInfo.java:shutdownFollowerState(121)) - 0c631657-10a5-4e2a-a322-8fc6c651b2ed: shutdown FollowerState
2019-10-17 07:10:35,951 [grpc-default-executor-3] INFO  impl.RoleInfo (RoleInfo.java:shutdownFollowerState(121)) - 215fceca-0555-458b-bc4f-ba38ff24d5ba: shutdown FollowerState
2019-10-17 07:10:35,951 [Thread-1646] INFO  impl.FollowerState (FollowerState.java:run(117)) - 0c631657-10a5-4e2a-a322-8fc6c651b2ed@group-42ACBF6EBE4E-FollowerState was interrupted: java.lang.InterruptedException: sleep interrupted
2019-10-17 07:10:35,952 [Thread-1645] INFO  impl.FollowerState (FollowerState.java:run(117)) - 215fceca-0555-458b-bc4f-ba38ff24d5ba@group-42ACBF6EBE4E-FollowerState was interrupted: java.lang.InterruptedException: sleep interrupted
2019-10-17 07:10:35,951 [grpc-default-executor-7] INFO  impl.RoleInfo (RoleInfo.java:updateAndGet(143)) - 0c631657-10a5-4e2a-a322-8fc6c651b2ed: start FollowerState
2019-10-17 07:10:35,952 [grpc-default-executor-3] INFO  impl.RoleInfo (RoleInfo.java:updateAndGet(143)) - 215fceca-0555-458b-bc4f-ba38ff24d5ba: start FollowerState
2019-10-17 07:10:35,968 [decc5551-dd4b-40dc-8ff5-b6b450d67f6f@group-42ACBF6EBE4E-LeaderElection187] INFO  impl.LeaderElection (LeaderElection.java:logAndReturn(56)) - decc5551-dd4b-40dc-8ff5-b6b450d67f6f@group-42ACBF6EBE4E-LeaderElection187: Election REJECTED; received 2 response(s) [decc5551-dd4b-40dc-8ff5-b6b450d67f6f<-215fceca-0555-458b-bc4f-ba38ff24d5ba#0:FAIL-t99, decc5551-dd4b-40dc-8ff5-b6b450d67f6f<-0c631657-10a5-4e2a-a322-8fc6c651b2ed#0:FAIL-t99] and 0 exception(s); decc5551-dd4b-40dc-8ff5-b6b450d67f6f@group-42ACBF6EBE4E:t99, leader=null, voted=decc5551-dd4b-40dc-8ff5-b6b450d67f6f, raftlog=decc5551-dd4b-40dc-8ff5-b6b450d67f6f@group-42ACBF6EBE4E-SegmentedRaftLog:OPENED:c-1,f-1,i0, conf=-1: [215fceca-0555-458b-bc4f-ba38ff24d5ba:192.168.157.211:43803, decc5551-dd4b-40dc-8ff5-b6b450d67f6f:192.168.157.211:34435, 0c631657-10a5-4e2a-a322-8fc6c651b2ed:192.168.157.211:41694], old=null
2019-10-17 07:10:35,968 [decc5551-dd4b-40dc-8ff5-b6b450d67f6f@group-42ACBF6EBE4E-LeaderElection187] INFO  impl.RaftServerImpl (RaftServerImpl.java:setRole(184)) - decc5551-dd4b-40dc-8ff5-b6b450d67f6f@group-42ACBF6EBE4E: changes role from CANDIDATE to FOLLOWER at term 99 for DISCOVERED_A_NEW_TERM
2019-10-17 07:10:35,968 [decc5551-dd4b-40dc-8ff5-b6b450d67f6f@group-42ACBF6EBE4E-LeaderElection187] INFO  impl.RoleInfo (RoleInfo.java:shutdownLeaderElection(134)) - decc5551-dd4b-40dc-8ff5-b6b450d67f6f: shutdown LeaderElection
2019-10-17 07:10:35,968 [decc5551-dd4b-40dc-8ff5-b6b450d67f6f@group-42ACBF6EBE4E-LeaderElection187] INFO  impl.RoleInfo (RoleInfo.java:updateAndGet(143)) - decc5551-dd4b-40dc-8ff5-b6b450d67f6f: start FollowerState
2019-10-17 07:10:36,003 [Thread-1653] INFO  impl.FollowerState (FollowerState.java:run(108)) - 5c4ee31d-c5ed-4c65-a5df-da3e3cf53ac2@group-233C052D78D6-FollowerState: change to CANDIDATE, lastRpcTime:79ms, electionTimeout:79ms
2019-10-17 07:10:36,003 [Thread-1653] INFO  impl.RoleInfo (RoleInfo.java:shutdownFollowerState(121)) - 5c4ee31d-c5ed-4c65-a5df-da3e3cf53ac2: shutdown FollowerState
2019-10-17 07:10:36,003 [Thread-1653] INFO  impl.RaftServerImpl (RaftServerImpl.java:setRole(184)) - 5c4ee31d-c5ed-4c65-a5df-da3e3cf53ac2@group-233C052D78D6: changes role from  FOLLOWER to CANDIDATE at term 96 for changeToCandidate
2019-10-17 07:10:36,003 [Thread-1653] INFO  impl.RoleInfo (RoleInfo.java:updateAndGet(143)) - 5c4ee31d-c5ed-4c65-a5df-da3e3cf53ac2: start LeaderElection
2019-10-17 07:10:36,019 [5c4ee31d-c5ed-4c65-a5df-da3e3cf53ac2@group-233C052D78D6-LeaderElection188] INFO  impl.LeaderElection (LeaderElection.java:askForVotes(178)) - 5c4ee31d-c5ed-4c65-a5df-da3e3cf53ac2@group-233C052D78D6-LeaderElection188: begin an election at term 97 for -1: [67ae3572-7d88-4e50-b53b-0f48f6748b38:192.168.157.211:41299, 831edaa1-80a5-4091-843f-90c648a5a79d:192.168.157.211:44365, 5c4ee31d-c5ed-4c65-a5df-da3e3cf53ac2:192.168.157.211:45059], old=null
2019-10-17 07:10:36,021 [grpc-default-executor-3] INFO  impl.RaftServerImpl (RaftServerImpl.java:setRole(184)) - 67ae3572-7d88-4e50-b53b-0f48f6748b38@group-233C052D78D6: changes role from  FOLLOWER to FOLLOWER at term 97 for recognizeCandidate:5c4ee31d-c5ed-4c65-a5df-da3e3cf53ac2
2019-10-17 07:10:36,021 [grpc-default-executor-7] INFO  impl.RaftServerImpl (RaftServerImpl.java:setRole(184)) - 831edaa1-80a5-4091-843f-90c648a5a79d@group-233C052D78D6: changes role from  FOLLOWER to FOLLOWER at term 97 for recognizeCandidate:5c4ee31d-c5ed-4c65-a5df-da3e3cf53ac2
2019-10-17 07:10:36,022 [grpc-default-executor-3] INFO  impl.RoleInfo (RoleInfo.java:shutdownFollowerState(121)) - 67ae3572-7d88-4e50-b53b-0f48f6748b38: shutdown FollowerState
2019-10-17 07:10:36,022 [grpc-default-executor-7] INFO  impl.RoleInfo (RoleInfo.java:shutdownFollowerState(121)) - 831edaa1-80a5-4091-843f-90c648a5a79d: shutdown FollowerState
2019-10-17 07:10:36,022 [grpc-default-executor-3] INFO  impl.RoleInfo (RoleInfo.java:updateAndGet(143)) - 67ae3572-7d88-4e50-b53b-0f48f6748b38: start FollowerState
2019-10-17 07:10:36,022 [Thread-1651] INFO  impl.FollowerState (FollowerState.java:run(117)) - 67ae3572-7d88-4e50-b53b-0f48f6748b38@group-233C052D78D6-FollowerState was interrupted: java.lang.InterruptedException: sleep interrupted
2019-10-17 07:10:36,022 [Thread-1652] INFO  impl.FollowerState (FollowerState.java:run(117)) - 831edaa1-80a5-4091-843f-90c648a5a79d@group-233C052D78D6-FollowerState was interrupted: java.lang.InterruptedException: sleep interrupted
2019-10-17 07:10:36,022 [grpc-default-executor-7] INFO  impl.RoleInfo (RoleInfo.java:updateAndGet(143)) - 831edaa1-80a5-4091-843f-90c648a5a79d: start FollowerState
2019-10-17 07:10:36,037 [5c4ee31d-c5ed-4c65-a5df-da3e3cf53ac2@group-233C052D78D6-LeaderElection188] INFO  impl.LeaderElection (LeaderElection.java:logAndReturn(56)) - 5c4ee31d-c5ed-4c65-a5df-da3e3cf53ac2@group-233C052D78D6-LeaderElection188: Election REJECTED; received 2 response(s) [5c4ee31d-c5ed-4c65-a5df-da3e3cf53ac2<-67ae3572-7d88-4e50-b53b-0f48f6748b38#0:FAIL-t97, 5c4ee31d-c5ed-4c65-a5df-da3e3cf53ac2<-831edaa1-80a5-4091-843f-90c648a5a79d#0:FAIL-t97] and 0 exception(s); 5c4ee31d-c5ed-4c65-a5df-da3e3cf53ac2@group-233C052D78D6:t97, leader=null, voted=5c4ee31d-c5ed-4c65-a5df-da3e3cf53ac2, raftlog=5c4ee31d-c5ed-4c65-a5df-da3e3cf53ac2@group-233C052D78D6-SegmentedRaftLog:OPENED:c-1,f-1,i0, conf=-1: [67ae3572-7d88-4e50-b53b-0f48f6748b38:192.168.157.211:41299, 831edaa1-80a5-4091-843f-90c648a5a79d:192.168.157.211:44365, 5c4ee31d-c5ed-4c65-a5df-da3e3cf53ac2:192.168.157.211:45059], old=null
2019-10-17 07:10:36,037 [5c4ee31d-c5ed-4c65-a5df-da3e3cf53ac2@group-233C052D78D6-LeaderElection188] INFO  impl.RaftServerImpl (RaftServerImpl.java:setRole(184)) - 5c4ee31d-c5ed-4c65-a5df-da3e3cf53ac2@group-233C052D78D6: changes role from CANDIDATE to FOLLOWER at term 97 for DISCOVERED_A_NEW_TERM
2019-10-17 07:10:36,037 [5c4ee31d-c5ed-4c65-a5df-da3e3cf53ac2@group-233C052D78D6-LeaderElection188] INFO  impl.RoleInfo (RoleInfo.java:shutdownLeaderElection(134)) - 5c4ee31d-c5ed-4c65-a5df-da3e3cf53ac2: shutdown LeaderElection
2019-10-17 07:10:36,038 [5c4ee31d-c5ed-4c65-a5df-da3e3cf53ac2@group-233C052D78D6-LeaderElection188] INFO  impl.RoleInfo (RoleInfo.java:updateAndGet(143)) - 5c4ee31d-c5ed-4c65-a5df-da3e3cf53ac2: start FollowerState
2019-10-17 07:10:36,102 [Thread-1659] INFO  impl.FollowerState (FollowerState.java:run(108)) - decc5551-dd4b-40dc-8ff5-b6b450d67f6f@group-42ACBF6EBE4E-FollowerState: change to CANDIDATE, lastRpcTime:134ms, electionTimeout:134ms
2019-10-17 07:10:36,103 [Thread-1659] INFO  impl.RoleInfo (RoleInfo.java:shutdownFollowerState(121)) - decc5551-dd4b-40dc-8ff5-b6b450d67f6f: shutdown FollowerState
2019-10-17 07:10:36,103 [Thread-1659] INFO  impl.RaftServerImpl (RaftServerImpl.java:setRole(184)) - decc5551-dd4b-40dc-8ff5-b6b450d67f6f@group-42ACBF6EBE4E: changes role from  FOLLOWER to CANDIDATE at term 99 for changeToCandidate
2019-10-17 07:10:36,103 [Thread-1659] INFO  impl.RoleInfo (RoleInfo.java:updateAndGet(143)) - decc5551-dd4b-40dc-8ff5-b6b450d67f6f: start LeaderElection
2019-10-17 07:10:36,128 [Thread-1665] INFO  impl.FollowerState (FollowerState.java:run(108)) - 5c4ee31d-c5ed-4c65-a5df-da3e3cf53ac2@group-233C052D78D6-FollowerState: change to CANDIDATE, lastRpcTime:90ms, electionTimeout:90ms
2019-10-17 07:10:36,128 [decc5551-dd4b-40dc-8ff5-b6b450d67f6f@group-42ACBF6EBE4E-LeaderElection189] INFO  impl.LeaderElection (LeaderElection.java:askForVotes(178)) - decc5551-dd4b-40dc-8ff5-b6b450d67f6f@group-42ACBF6EBE4E-LeaderElection189: begin an election at term 100 for -1: [215fceca-0555-458b-bc4f-ba38ff24d5ba:192.168.157.211:43803, decc5551-dd4b-40dc-8ff5-b6b450d67f6f:192.168.157.211:34435, 0c631657-10a5-4e2a-a322-8fc6c651b2ed:192.168.157.211:41694], old=null
2019-10-17 07:10:36,128 [Thread-1665] INFO  impl.RoleInfo (RoleInfo.java:shutdownFollowerState(121)) - 5c4ee31d-c5ed-4c65-a5df-da3e3cf53ac2: shutdown FollowerState
2019-10-17 07:10:36,128 [Thread-1665] INFO  impl.RaftServerImpl (RaftServerImpl.java:setRole(184)) - 5c4ee31d-c5ed-4c65-a5df-da3e3cf53ac2@group-233C052D78D6: changes role from  FOLLOWER to CANDIDATE at term 97 for changeToCandidate
2019-10-17 07:10:36,128 [Thread-1665] INFO  impl.RoleInfo (RoleInfo.java:updateAndGet(143)) - 5c4ee31d-c5ed-4c65-a5df-da3e3cf53ac2: start LeaderElection
2019-10-17 07:10:36,130 [grpc-default-executor-7] INFO  impl.RaftServerImpl (RaftServerImpl.java:setRole(184)) - 0c631657-10a5-4e2a-a322-8fc6c651b2ed@group-42ACBF6EBE4E: changes role from  FOLLOWER to FOLLOWER at term 100 for recognizeCandidate:decc5551-dd4b-40dc-8ff5-b6b450d67f6f
2019-10-17 07:10:36,130 [grpc-default-executor-3] INFO  impl.RaftServerImpl (RaftServerImpl.java:setRole(184)) - 215fceca-0555-458b-bc4f-ba38ff24d5ba@group-42ACBF6EBE4E: changes role from  FOLLOWER to FOLLOWER at term 100 for recognizeCandidate:decc5551-dd4b-40dc-8ff5-b6b450d67f6f
2019-10-17 07:10:36,131 [grpc-default-executor-7] INFO  impl.RoleInfo (RoleInfo.java:shutdownFollowerState(121)) - 0c631657-10a5-4e2a-a322-8fc6c651b2ed: shutdown FollowerState
2019-10-17 07:10:36,131 [grpc-default-executor-3] INFO  impl.RoleInfo (RoleInfo.java:shutdownFollowerState(121)) - 215fceca-0555-458b-bc4f-ba38ff24d5ba: shutdown FollowerState
2019-10-17 07:10:36,131 [Thread-1657] INFO  impl.FollowerState (FollowerState.java:run(117)) - 0c631657-10a5-4e2a-a322-8fc6c651b2ed@group-42ACBF6EBE4E-FollowerState was interrupted: java.lang.InterruptedException: sleep interrupted
2019-10-17 07:10:36,131 [grpc-default-executor-7] INFO  impl.RoleInfo (RoleInfo.java:updateAndGet(143)) - 0c631657-10a5-4e2a-a322-8fc6c651b2ed: start FollowerState
2019-10-17 07:10:36,131 [Thread-1658] INFO  impl.FollowerState (FollowerState.java:run(117)) - 215fceca-0555-458b-bc4f-ba38ff24d5ba@group-42ACBF6EBE4E-FollowerState was interrupted: java.lang.InterruptedException: sleep interrupted
2019-10-17 07:10:36,131 [grpc-default-executor-3] INFO  impl.RoleInfo (RoleInfo.java:updateAndGet(143)) - 215fceca-0555-458b-bc4f-ba38ff24d5ba: start FollowerState
2019-10-17 07:10:36,154 [5c4ee31d-c5ed-4c65-a5df-da3e3cf53ac2@group-233C052D78D6-LeaderElection190] INFO  impl.LeaderElection (LeaderElection.java:askForVotes(178)) - 5c4ee31d-c5ed-4c65-a5df-da3e3cf53ac2@group-233C052D78D6-LeaderElection190: begin an election at term 98 for -1: [67ae3572-7d88-4e50-b53b-0f48f6748b38:192.168.157.211:41299, 831edaa1-80a5-4091-843f-90c648a5a79d:192.168.157.211:44365, 5c4ee31d-c5ed-4c65-a5df-da3e3cf53ac2:192.168.157.211:45059], old=null
2019-10-17 07:10:36,155 [decc5551-dd4b-40dc-8ff5-b6b450d67f6f@group-42ACBF6EBE4E-LeaderElection189] INFO  impl.LeaderElection (LeaderElection.java:logAndReturn(56)) - decc5551-dd4b-40dc-8ff5-b6b450d67f6f@group-42ACBF6EBE4E-LeaderElection189: Election REJECTED; received 2 response(s) [decc5551-dd4b-40dc-8ff5-b6b450d67f6f<-215fceca-0555-458b-bc4f-ba38ff24d5ba#0:FAIL-t100, decc5551-dd4b-40dc-8ff5-b6b450d67f6f<-0c631657-10a5-4e2a-a322-8fc6c651b2ed#0:FAIL-t100] and 0 exception(s); decc5551-dd4b-40dc-8ff5-b6b450d67f6f@group-42ACBF6EBE4E:t100, leader=null, voted=decc5551-dd4b-40dc-8ff5-b6b450d67f6f, raftlog=decc5551-dd4b-40dc-8ff5-b6b450d67f6f@group-42ACBF6EBE4E-SegmentedRaftLog:OPENED:c-1,f-1,i0, conf=-1: [215fceca-0555-458b-bc4f-ba38ff24d5ba:192.168.157.211:43803, decc5551-dd4b-40dc-8ff5-b6b450d67f6f:192.168.157.211:34435, 0c631657-10a5-4e2a-a322-8fc6c651b2ed:192.168.157.211:41694], old=null
2019-10-17 07:10:36,155 [decc5551-dd4b-40dc-8ff5-b6b450d67f6f@group-42ACBF6EBE4E-LeaderElection189] INFO  impl.RaftServerImpl (RaftServerImpl.java:setRole(184)) - decc5551-dd4b-40dc-8ff5-b6b450d67f6f@group-42ACBF6EBE4E: changes role from CANDIDATE to FOLLOWER at term 100 for DISCOVERED_A_NEW_TERM
2019-10-17 07:10:36,155 [decc5551-dd4b-40dc-8ff5-b6b450d67f6f@group-42ACBF6EBE4E-LeaderElection189] INFO  impl.RoleInfo (RoleInfo.java:shutdownLeaderElection(134)) - decc5551-dd4b-40dc-8ff5-b6b450d67f6f: shutdown LeaderElection
2019-10-17 07:10:36,155 [decc5551-dd4b-40dc-8ff5-b6b450d67f6f@group-42ACBF6EBE4E-LeaderElection189] INFO  impl.RoleInfo (RoleInfo.java:updateAndGet(143)) - decc5551-dd4b-40dc-8ff5-b6b450d67f6f: start FollowerState
2019-10-17 07:10:36,156 [grpc-default-executor-7] INFO  impl.RaftServerImpl (RaftServerImpl.java:setRole(184)) - 67ae3572-7d88-4e50-b53b-0f48f6748b38@group-233C052D78D6: changes role from  FOLLOWER to FOLLOWER at term 98 for recognizeCandidate:5c4ee31d-c5ed-4c65-a5df-da3e3cf53ac2
2019-10-17 07:10:36,156 [grpc-default-executor-7] INFO  impl.RoleInfo (RoleInfo.java:shutdownFollowerState(121)) - 67ae3572-7d88-4e50-b53b-0f48f6748b38: shutdown FollowerState
2019-10-17 07:10:36,156 [grpc-default-executor-3] INFO  impl.RaftServerImpl (RaftServerImpl.java:setRole(184)) - 831edaa1-80a5-4091-843f-90c648a5a79d@group-233C052D78D6: changes role from  FOLLOWER to FOLLOWER at term 98 for recognizeCandidate:5c4ee31d-c5ed-4c65-a5df-da3e3cf53ac2
2019-10-17 07:10:36,157 [Thread-1663] INFO  impl.FollowerState (FollowerState.java:run(117)) - 67ae3572-7d88-4e50-b53b-0f48f6748b38@group-233C052D78D6-FollowerState was interrupted: java.lang.InterruptedException: sleep interrupted
2019-10-17 07:10:36,157 [grpc-default-executor-7] INFO  impl.RoleInfo (RoleInfo.java:updateAndGet(143)) - 67ae3572-7d88-4e50-b53b-0f48f6748b38: start FollowerState
2019-10-17 07:10:36,157 [grpc-default-executor-3] INFO  impl.RoleInfo (RoleInfo.java:shutdownFollowerState(121)) - 831edaa1-80a5-4091-843f-90c648a5a79d: shutdown FollowerState
2019-10-17 07:10:36,157 [grpc-default-executor-3] INFO  impl.RoleInfo (RoleInfo.java:updateAndGet(143)) - 831edaa1-80a5-4091-843f-90c648a5a79d: start FollowerState
2019-10-17 07:10:36,157 [Thread-1664] INFO  impl.FollowerState (FollowerState.java:run(117)) - 831edaa1-80a5-4091-843f-90c648a5a79d@group-233C052D78D6-FollowerState was interrupted: java.lang.InterruptedException: sleep interrupted
2019-10-17 07:10:36,171 [5c4ee31d-c5ed-4c65-a5df-da3e3cf53ac2@group-233C052D78D6-LeaderElection190] INFO  impl.LeaderElection (LeaderElection.java:logAndReturn(56)) - 5c4ee31d-c5ed-4c65-a5df-da3e3cf53ac2@group-233C052D78D6-LeaderElection190: Election REJECTED; received 2 response(s) [5c4ee31d-c5ed-4c65-a5df-da3e3cf53ac2<-67ae3572-7d88-4e50-b53b-0f48f6748b38#0:FAIL-t98, 5c4ee31d-c5ed-4c65-a5df-da3e3cf53ac2<-831edaa1-80a5-4091-843f-90c648a5a79d#0:FAIL-t98] and 0 exception(s); 5c4ee31d-c5ed-4c65-a5df-da3e3cf53ac2@group-233C052D78D6:t98, leader=null, voted=5c4ee31d-c5ed-4c65-a5df-da3e3cf53ac2, raftlog=5c4ee31d-c5ed-4c65-a5df-da3e3cf53ac2@group-233C052D78D6-SegmentedRaftLog:OPENED:c-1,f-1,i0, conf=-1: [67ae3572-7d88-4e50-b53b-0f48f6748b38:192.168.157.211:41299, 831edaa1-80a5-4091-843f-90c648a5a79d:192.168.157.211:44365, 5c4ee31d-c5ed-4c65-a5df-da3e3cf53ac2:192.168.157.211:45059], old=null
2019-10-17 07:10:36,172 [5c4ee31d-c5ed-4c65-a5df-da3e3cf53ac2@group-233C052D78D6-LeaderElection190] INFO  impl.RaftServerImpl (RaftServerImpl.java:setRole(184)) - 5c4ee31d-c5ed-4c65-a5df-da3e3cf53ac2@group-233C052D78D6: changes role from CANDIDATE to FOLLOWER at term 98 for DISCOVERED_A_NEW_TERM
2019-10-17 07:10:36,172 [5c4ee31d-c5ed-4c65-a5df-da3e3cf53ac2@group-233C052D78D6-LeaderElection190] INFO  impl.RoleInfo (RoleInfo.java:shutdownLeaderElection(134)) - 5c4ee31d-c5ed-4c65-a5df-da3e3cf53ac2: shutdown LeaderElection
2019-10-17 07:10:36,172 [5c4ee31d-c5ed-4c65-a5df-da3e3cf53ac2@group-233C052D78D6-LeaderElection190] INFO  impl.RoleInfo (RoleInfo.java:updateAndGet(143)) - 5c4ee31d-c5ed-4c65-a5df-da3e3cf53ac2: start FollowerState
2019-10-17 07:10:36,181 [Thread-1679] INFO  impl.FollowerState (FollowerState.java:run(108)) - 5c4ee31d-c5ed-4c65-a5df-da3e3cf53ac2@group-233C052D78D6-FollowerState: change to CANDIDATE, lastRpcTime:9ms, electionTimeout:9ms
2019-10-17 07:10:36,181 [Thread-1679] INFO  impl.RoleInfo (RoleInfo.java:shutdownFollowerState(121)) - 5c4ee31d-c5ed-4c65-a5df-da3e3cf53ac2: shutdown FollowerState
2019-10-17 07:10:36,182 [Thread-1679] INFO  impl.RaftServerImpl (RaftServerImpl.java:setRole(184)) - 5c4ee31d-c5ed-4c65-a5df-da3e3cf53ac2@group-233C052D78D6: changes role from  FOLLOWER to CANDIDATE at term 98 for changeToCandidate
2019-10-17 07:10:36,182 [Thread-1679] INFO  impl.RoleInfo (RoleInfo.java:updateAndGet(143)) - 5c4ee31d-c5ed-4c65-a5df-da3e3cf53ac2: start LeaderElection
2019-10-17 07:10:36,195 [5c4ee31d-c5ed-4c65-a5df-da3e3cf53ac2@group-233C052D78D6-LeaderElection191] INFO  impl.LeaderElection (LeaderElection.java:askForVotes(178)) - 5c4ee31d-c5ed-4c65-a5df-da3e3cf53ac2@group-233C052D78D6-LeaderElection191: begin an election at term 99 for -1: [67ae3572-7d88-4e50-b53b-0f48f6748b38:192.168.157.211:41299, 831edaa1-80a5-4091-843f-90c648a5a79d:192.168.157.211:44365, 5c4ee31d-c5ed-4c65-a5df-da3e3cf53ac2:192.168.157.211:45059], old=null
2019-10-17 07:10:36,197 [grpc-default-executor-7] INFO  impl.RaftServerImpl (RaftServerImpl.java:setRole(184)) - 67ae3572-7d88-4e50-b53b-0f48f6748b38@group-233C052D78D6: changes role from  FOLLOWER to FOLLOWER at term 99 for recognizeCandidate:5c4ee31d-c5ed-4c65-a5df-da3e3cf53ac2
2019-10-17 07:10:36,197 [grpc-default-executor-7] INFO  impl.RoleInfo (RoleInfo.java:shutdownFollowerState(121)) - 67ae3572-7d88-4e50-b53b-0f48f6748b38: shutdown FollowerState
2019-10-17 07:10:36,197 [grpc-default-executor-7] INFO  impl.RoleInfo (RoleInfo.java:updateAndGet(143)) - 67ae3572-7d88-4e50-b53b-0f48f6748b38: start FollowerState
2019-10-17 07:10:36,197 [Thread-1677] INFO  impl.FollowerState (FollowerState.java:run(117)) - 67ae3572-7d88-4e50-b53b-0f48f6748b38@group-233C052D78D6-FollowerState was interrupted: java.lang.InterruptedException: sleep interrupted
2019-10-17 07:10:36,197 [grpc-default-executor-3] INFO  impl.RaftServerImpl (RaftServerImpl.java:setRole(184)) - 831edaa1-80a5-4091-843f-90c648a5a79d@group-233C052D78D6: changes role from  FOLLOWER to FOLLOWER at term 99 for recognizeCandidate:5c4ee31d-c5ed-4c65-a5df-da3e3cf53ac2
2019-10-17 07:10:36,197 [grpc-default-executor-3] INFO  impl.RoleInfo (RoleInfo.java:shutdownFollowerState(121)) - 831edaa1-80a5-4091-843f-90c648a5a79d: shutdown FollowerState
2019-10-17 07:10:36,198 [grpc-default-executor-3] INFO  impl.RoleInfo (RoleInfo.java:updateAndGet(143)) - 831edaa1-80a5-4091-843f-90c648a5a79d: start FollowerState
2019-10-17 07:10:36,198 [Thread-1678] INFO  impl.FollowerState (FollowerState.java:run(117)) - 831edaa1-80a5-4091-843f-90c648a5a79d@group-233C052D78D6-FollowerState was interrupted: java.lang.InterruptedException: sleep interrupted
2019-10-17 07:10:36,212 [5c4ee31d-c5ed-4c65-a5df-da3e3cf53ac2@group-233C052D78D6-LeaderElection191] INFO  impl.LeaderElection (LeaderElection.java:logAndReturn(56)) - 5c4ee31d-c5ed-4c65-a5df-da3e3cf53ac2@group-233C052D78D6-LeaderElection191: Election REJECTED; received 2 response(s) [5c4ee31d-c5ed-4c65-a5df-da3e3cf53ac2<-67ae3572-7d88-4e50-b53b-0f48f6748b38#0:FAIL-t99, 5c4ee31d-c5ed-4c65-a5df-da3e3cf53ac2<-831edaa1-80a5-4091-843f-90c648a5a79d#0:FAIL-t99] and 0 exception(s); 5c4ee31d-c5ed-4c65-a5df-da3e3cf53ac2@group-233C052D78D6:t99, leader=null, voted=5c4ee31d-c5ed-4c65-a5df-da3e3cf53ac2, raftlog=5c4ee31d-c5ed-4c65-a5df-da3e3cf53ac2@group-233C052D78D6-SegmentedRaftLog:OPENED:c-1,f-1,i0, conf=-1: [67ae3572-7d88-4e50-b53b-0f48f6748b38:192.168.157.211:41299, 831edaa1-80a5-4091-843f-90c648a5a79d:192.168.157.211:44365, 5c4ee31d-c5ed-4c65-a5df-da3e3cf53ac2:192.168.157.211:45059], old=null
2019-10-17 07:10:36,212 [5c4ee31d-c5ed-4c65-a5df-da3e3cf53ac2@group-233C052D78D6-LeaderElection191] INFO  impl.RaftServerImpl (RaftServerImpl.java:setRole(184)) - 5c4ee31d-c5ed-4c65-a5df-da3e3cf53ac2@group-233C052D78D6: changes role from CANDIDATE to FOLLOWER at term 99 for DISCOVERED_A_NEW_TERM
2019-10-17 07:10:36,212 [5c4ee31d-c5ed-4c65-a5df-da3e3cf53ac2@group-233C052D78D6-LeaderElection191] INFO  impl.RoleInfo (RoleInfo.java:shutdownLeaderElection(134)) - 5c4ee31d-c5ed-4c65-a5df-da3e3cf53ac2: shutdown LeaderElection
2019-10-17 07:10:36,212 [5c4ee31d-c5ed-4c65-a5df-da3e3cf53ac2@group-233C052D78D6-LeaderElection191] INFO  impl.RoleInfo (RoleInfo.java:updateAndGet(143)) - 5c4ee31d-c5ed-4c65-a5df-da3e3cf53ac2: start FollowerState
2019-10-17 07:10:36,217 [Thread-1676] INFO  impl.FollowerState (FollowerState.java:run(108)) - decc5551-dd4b-40dc-8ff5-b6b450d67f6f@group-42ACBF6EBE4E-FollowerState: change to CANDIDATE, lastRpcTime:61ms, electionTimeout:61ms
2019-10-17 07:10:36,217 [Thread-1676] INFO  impl.RoleInfo (RoleInfo.java:shutdownFollowerState(121)) - decc5551-dd4b-40dc-8ff5-b6b450d67f6f: shutdown FollowerState
2019-10-17 07:10:36,217 [Thread-1676] INFO  impl.RaftServerImpl (RaftServerImpl.java:setRole(184)) - decc5551-dd4b-40dc-8ff5-b6b450d67f6f@group-42ACBF6EBE4E: changes role from  FOLLOWER to CANDIDATE at term 100 for changeToCandidate
2019-10-17 07:10:36,217 [Thread-1676] INFO  impl.RoleInfo (RoleInfo.java:updateAndGet(143)) - decc5551-dd4b-40dc-8ff5-b6b450d67f6f: start LeaderElection
2019-10-17 07:10:36,231 [decc5551-dd4b-40dc-8ff5-b6b450d67f6f@group-42ACBF6EBE4E-LeaderElection192] INFO  impl.LeaderElection (LeaderElection.java:askForVotes(178)) - decc5551-dd4b-40dc-8ff5-b6b450d67f6f@group-42ACBF6EBE4E-LeaderElection192: begin an election at term 101 for -1: [215fceca-0555-458b-bc4f-ba38ff24d5ba:192.168.157.211:43803, decc5551-dd4b-40dc-8ff5-b6b450d67f6f:192.168.157.211:34435, 0c631657-10a5-4e2a-a322-8fc6c651b2ed:192.168.157.211:41694], old=null
2019-10-17 07:10:36,232 [grpc-default-executor-7] INFO  impl.RaftServerImpl (RaftServerImpl.java:setRole(184)) - 215fceca-0555-458b-bc4f-ba38ff24d5ba@group-42ACBF6EBE4E: changes role from  FOLLOWER to FOLLOWER at term 101 for recognizeCandidate:decc5551-dd4b-40dc-8ff5-b6b450d67f6f
2019-10-17 07:10:36,232 [grpc-default-executor-3] INFO  impl.RaftServerImpl (RaftServerImpl.java:setRole(184)) - 0c631657-10a5-4e2a-a322-8fc6c651b2ed@group-42ACBF6EBE4E: changes role from  FOLLOWER to FOLLOWER at term 101 for recognizeCandidate:decc5551-dd4b-40dc-8ff5-b6b450d67f6f
2019-10-17 07:10:36,233 [grpc-default-executor-7] INFO  impl.RoleInfo (RoleInfo.java:shutdownFollowerState(121)) - 215fceca-0555-458b-bc4f-ba38ff24d5ba: shutdown FollowerState
2019-10-17 07:10:36,233 [grpc-default-executor-3] INFO  impl.RoleInfo (RoleInfo.java:shutdownFollowerState(121)) - 0c631657-10a5-4e2a-a322-8fc6c651b2ed: shutdown FollowerState
2019-10-17 07:10:36,233 [Thread-1673] INFO  impl.FollowerState (FollowerState.java:run(117)) - 215fceca-0555-458b-bc4f-ba38ff24d5ba@group-42ACBF6EBE4E-FollowerState was interrupted: java.lang.InterruptedException: sleep interrupted
2019-10-17 07:10:36,233 [grpc-default-executor-7] INFO  impl.RoleInfo (RoleInfo.java:updateAndGet(143)) - 215fceca-0555-458b-bc4f-ba38ff24d5ba: start FollowerState
2019-10-17 07:10:36,233 [Thread-1672] INFO  impl.FollowerState (FollowerState.java:run(117)) - 0c631657-10a5-4e2a-a322-8fc6c651b2ed@group-42ACBF6EBE4E-FollowerState was interrupted: java.lang.InterruptedException: sleep interrupted
2019-10-17 07:10:36,233 [grpc-default-executor-3] INFO  impl.RoleInfo (RoleInfo.java:updateAndGet(143)) - 0c631657-10a5-4e2a-a322-8fc6c651b2ed: start FollowerState
2019-10-17 07:10:36,250 [Thread-1685] INFO  impl.FollowerState (FollowerState.java:run(108)) - 5c4ee31d-c5ed-4c65-a5df-da3e3cf53ac2@group-233C052D78D6-FollowerState: change to CANDIDATE, lastRpcTime:37ms, electionTimeout:37ms
2019-10-17 07:10:36,250 [Thread-1685] INFO  impl.RoleInfo (RoleInfo.java:shutdownFollowerState(121)) - 5c4ee31d-c5ed-4c65-a5df-da3e3cf53ac2: shutdown FollowerState
2019-10-17 07:10:36,250 [Thread-1685] INFO  impl.RaftServerImpl (RaftServerImpl.java:setRole(184)) - 5c4ee31d-c5ed-4c65-a5df-da3e3cf53ac2@group-233C052D78D6: changes role from  FOLLOWER to CANDIDATE at term 99 for changeToCandidate
2019-10-17 07:10:36,250 [Thread-1685] INFO  impl.RoleInfo (RoleInfo.java:updateAndGet(143)) - 5c4ee31d-c5ed-4c65-a5df-da3e3cf53ac2: start LeaderElection
2019-10-17 07:10:36,251 [decc5551-dd4b-40dc-8ff5-b6b450d67f6f@group-42ACBF6EBE4E-LeaderElection192] INFO  impl.LeaderElection (LeaderElection.java:logAndReturn(56)) - decc5551-dd4b-40dc-8ff5-b6b450d67f6f@group-42ACBF6EBE4E-LeaderElection192: Election REJECTED; received 2 response(s) [decc5551-dd4b-40dc-8ff5-b6b450d67f6f<-215fceca-0555-458b-bc4f-ba38ff24d5ba#0:FAIL-t101, decc5551-dd4b-40dc-8ff5-b6b450d67f6f<-0c631657-10a5-4e2a-a322-8fc6c651b2ed#0:FAIL-t101] and 0 exception(s); decc5551-dd4b-40dc-8ff5-b6b450d67f6f@group-42ACBF6EBE4E:t101, leader=null, voted=decc5551-dd4b-40dc-8ff5-b6b450d67f6f, raftlog=decc5551-dd4b-40dc-8ff5-b6b450d67f6f@group-42ACBF6EBE4E-SegmentedRaftLog:OPENED:c-1,f-1,i0, conf=-1: [215fceca-0555-458b-bc4f-ba38ff24d5ba:192.168.157.211:43803, decc5551-dd4b-40dc-8ff5-b6b450d67f6f:192.168.157.211:34435, 0c631657-10a5-4e2a-a322-8fc6c651b2ed:192.168.157.211:41694], old=null
2019-10-17 07:10:36,252 [decc5551-dd4b-40dc-8ff5-b6b450d67f6f@group-42ACBF6EBE4E-LeaderElection192] INFO  impl.RaftServerImpl (RaftServerImpl.java:setRole(184)) - decc5551-dd4b-40dc-8ff5-b6b450d67f6f@group-42ACBF6EBE4E: changes role from CANDIDATE to FOLLOWER at term 101 for DISCOVERED_A_NEW_TERM
2019-10-17 07:10:36,252 [decc5551-dd4b-40dc-8ff5-b6b450d67f6f@group-42ACBF6EBE4E-LeaderElection192] INFO  impl.RoleInfo (RoleInfo.java:shutdownLeaderElection(134)) - decc5551-dd4b-40dc-8ff5-b6b450d67f6f: shutdown LeaderElection
2019-10-17 07:10:36,252 [decc5551-dd4b-40dc-8ff5-b6b450d67f6f@group-42ACBF6EBE4E-LeaderElection192] INFO  impl.RoleInfo (RoleInfo.java:updateAndGet(143)) - decc5551-dd4b-40dc-8ff5-b6b450d67f6f: start FollowerState
2019-10-17 07:10:36,277 [5c4ee31d-c5ed-4c65-a5df-da3e3cf53ac2@group-233C052D78D6-LeaderElection193] INFO  impl.LeaderElection (LeaderElection.java:askForVotes(178)) - 5c4ee31d-c5ed-4c65-a5df-da3e3cf53ac2@group-233C052D78D6-LeaderElection193: begin an election at term 100 for -1: [67ae3572-7d88-4e50-b53b-0f48f6748b38:192.168.157.211:41299, 831edaa1-80a5-4091-843f-90c648a5a79d:192.168.157.211:44365, 5c4ee31d-c5ed-4c65-a5df-da3e3cf53ac2:192.168.157.211:45059], old=null
2019-10-17 07:10:36,279 [grpc-default-executor-7] INFO  impl.RaftServerImpl (RaftServerImpl.java:setRole(184)) - 67ae3572-7d88-4e50-b53b-0f48f6748b38@group-233C052D78D6: changes role from  FOLLOWER to FOLLOWER at term 100 for recognizeCandidate:5c4ee31d-c5ed-4c65-a5df-da3e3cf53ac2
2019-10-17 07:10:36,279 [grpc-default-executor-7] INFO  impl.RoleInfo (RoleInfo.java:shutdownFollowerState(121)) - 67ae3572-7d88-4e50-b53b-0f48f6748b38: shutdown FollowerState
2019-10-17 07:10:36,279 [grpc-default-executor-7] INFO  impl.RoleInfo (RoleInfo.java:updateAndGet(143)) - 67ae3572-7d88-4e50-b53b-0f48f6748b38: start FollowerState
2019-10-17 07:10:36,279 [Thread-1683] INFO  impl.FollowerState (FollowerState.java:run(117)) - 67ae3572-7d88-4e50-b53b-0f48f6748b38@group-233C052D78D6-FollowerState was interrupted: java.lang.InterruptedException: sleep interrupted
2019-10-17 07:10:36,280 [grpc-default-executor-3] INFO  impl.RaftServerImpl (RaftServerImpl.java:setRole(184)) - 831edaa1-80a5-4091-843f-90c648a5a79d@group-233C052D78D6: changes role from  FOLLOWER to FOLLOWER at term 100 for recognizeCandidate:5c4ee31d-c5ed-4c65-a5df-da3e3cf53ac2
2019-10-17 07:10:36,280 [grpc-default-executor-3] INFO  impl.RoleInfo (RoleInfo.java:shutdownFollowerState(121)) - 831edaa1-80a5-4091-843f-90c648a5a79d: shutdown FollowerState
2019-10-17 07:10:36,280 [grpc-default-executor-3] INFO  impl.RoleInfo (RoleInfo.java:updateAndGet(143)) - 831edaa1-80a5-4091-843f-90c648a5a79d: start FollowerState
2019-10-17 07:10:36,280 [Thread-1684] INFO  impl.FollowerState (FollowerState.java:run(117)) - 831edaa1-80a5-4091-843f-90c648a5a79d@group-233C052D78D6-FollowerState was interrupted: java.lang.InterruptedException: sleep interrupted
2019-10-17 07:10:36,294 [5c4ee31d-c5ed-4c65-a5df-da3e3cf53ac2@group-233C052D78D6-LeaderElection193] INFO  impl.LeaderElection (LeaderElection.java:logAndReturn(56)) - 5c4ee31d-c5ed-4c65-a5df-da3e3cf53ac2@group-233C052D78D6-LeaderElection193: Election REJECTED; received 2 response(s) [5c4ee31d-c5ed-4c65-a5df-da3e3cf53ac2<-67ae3572-7d88-4e50-b53b-0f48f6748b38#0:FAIL-t100, 5c4ee31d-c5ed-4c65-a5df-da3e3cf53ac2<-831edaa1-80a5-4091-843f-90c648a5a79d#0:FAIL-t100] and 0 exception(s); 5c4ee31d-c5ed-4c65-a5df-da3e3cf53ac2@group-233C052D78D6:t100, leader=null, voted=5c4ee31d-c5ed-4c65-a5df-da3e3cf53ac2, raftlog=5c4ee31d-c5ed-4c65-a5df-da3e3cf53ac2@group-233C052D78D6-SegmentedRaftLog:OPENED:c-1,f-1,i0, conf=-1: [67ae3572-7d88-4e50-b53b-0f48f6748b38:192.168.157.211:41299, 831edaa1-80a5-4091-843f-90c648a5a79d:192.168.157.211:44365, 5c4ee31d-c5ed-4c65-a5df-da3e3cf53ac2:192.168.157.211:45059], old=null
2019-10-17 07:10:36,294 [5c4ee31d-c5ed-4c65-a5df-da3e3cf53ac2@group-233C052D78D6-LeaderElection193] INFO  impl.RaftServerImpl (RaftServerImpl.java:setRole(184)) - 5c4ee31d-c5ed-4c65-a5df-da3e3cf53ac2@group-233C052D78D6: changes role from CANDIDATE to FOLLOWER at term 100 for DISCOVERED_A_NEW_TERM
2019-10-17 07:10:36,294 [5c4ee31d-c5ed-4c65-a5df-da3e3cf53ac2@group-233C052D78D6-LeaderElection193] INFO  impl.RoleInfo (RoleInfo.java:shutdownLeaderElection(134)) - 5c4ee31d-c5ed-4c65-a5df-da3e3cf53ac2: shutdown LeaderElection
2019-10-17 07:10:36,294 [5c4ee31d-c5ed-4c65-a5df-da3e3cf53ac2@group-233C052D78D6-LeaderElection193] INFO  impl.RoleInfo (RoleInfo.java:updateAndGet(143)) - 5c4ee31d-c5ed-4c65-a5df-da3e3cf53ac2: start FollowerState
2019-10-17 07:10:36,352 [Thread-1697] INFO  impl.FollowerState (FollowerState.java:run(108)) - 5c4ee31d-c5ed-4c65-a5df-da3e3cf53ac2@group-233C052D78D6-FollowerState: change to CANDIDATE, lastRpcTime:57ms, electionTimeout:57ms
2019-10-17 07:10:36,352 [Thread-1697] INFO  impl.RoleInfo (RoleInfo.java:shutdownFollowerState(121)) - 5c4ee31d-c5ed-4c65-a5df-da3e3cf53ac2: shutdown FollowerState
2019-10-17 07:10:36,352 [Thread-1697] INFO  impl.RaftServerImpl (RaftServerImpl.java:setRole(184)) - 5c4ee31d-c5ed-4c65-a5df-da3e3cf53ac2@group-233C052D78D6: changes role from  FOLLOWER to CANDIDATE at term 100 for changeToCandidate
2019-10-17 07:10:36,352 [Thread-1697] INFO  impl.RoleInfo (RoleInfo.java:updateAndGet(143)) - 5c4ee31d-c5ed-4c65-a5df-da3e3cf53ac2: start LeaderElection
2019-10-17 07:10:36,366 [5c4ee31d-c5ed-4c65-a5df-da3e3cf53ac2@group-233C052D78D6-LeaderElection194] INFO  impl.LeaderElection (LeaderElection.java:askForVotes(178)) - 5c4ee31d-c5ed-4c65-a5df-da3e3cf53ac2@group-233C052D78D6-LeaderElection194: begin an election at term 101 for -1: [67ae3572-7d88-4e50-b53b-0f48f6748b38:192.168.157.211:41299, 831edaa1-80a5-4091-843f-90c648a5a79d:192.168.157.211:44365, 5c4ee31d-c5ed-4c65-a5df-da3e3cf53ac2:192.168.157.211:45059], old=null
2019-10-17 07:10:36,368 [grpc-default-executor-7] INFO  impl.RaftServerImpl (RaftServerImpl.java:setRole(184)) - 67ae3572-7d88-4e50-b53b-0f48f6748b38@group-233C052D78D6: changes role from  FOLLOWER to FOLLOWER at term 101 for recognizeCandidate:5c4ee31d-c5ed-4c65-a5df-da3e3cf53ac2
2019-10-17 07:10:36,369 [grpc-default-executor-7] INFO  impl.RoleInfo (RoleInfo.java:shutdownFollowerState(121)) - 67ae3572-7d88-4e50-b53b-0f48f6748b38: shutdown FollowerState
2019-10-17 07:10:36,369 [grpc-default-executor-7] INFO  impl.RoleInfo (RoleInfo.java:updateAndGet(143)) - 67ae3572-7d88-4e50-b53b-0f48f6748b38: start FollowerState
2019-10-17 07:10:36,369 [Thread-1695] INFO  impl.FollowerState (FollowerState.java:run(117)) - 67ae3572-7d88-4e50-b53b-0f48f6748b38@group-233C052D78D6-FollowerState was interrupted: java.lang.InterruptedException: sleep interrupted
2019-10-17 07:10:36,369 [grpc-default-executor-3] INFO  impl.RaftServerImpl (RaftServerImpl.java:setRole(184)) - 831edaa1-80a5-4091-843f-90c648a5a79d@group-233C052D78D6: changes role from  FOLLOWER to FOLLOWER at term 101 for recognizeCandidate:5c4ee31d-c5ed-4c65-a5df-da3e3cf53ac2
2019-10-17 07:10:36,369 [grpc-default-executor-3] INFO  impl.RoleInfo (RoleInfo.java:shutdownFollowerState(121)) - 831edaa1-80a5-4091-843f-90c648a5a79d: shutdown FollowerState
2019-10-17 07:10:36,369 [grpc-default-executor-3] INFO  impl.RoleInfo (RoleInfo.java:updateAndGet(143)) - 831edaa1-80a5-4091-843f-90c648a5a79d: start FollowerState
2019-10-17 07:10:36,369 [Thread-1696] INFO  impl.FollowerState (FollowerState.java:run(117)) - 831edaa1-80a5-4091-843f-90c648a5a79d@group-233C052D78D6-FollowerState was interrupted: java.lang.InterruptedException: sleep interrupted
2019-10-17 07:10:36,383 [5c4ee31d-c5ed-4c65-a5df-da3e3cf53ac2@group-233C052D78D6-LeaderElection194] INFO  impl.LeaderElection (LeaderElection.java:logAndReturn(56)) - 5c4ee31d-c5ed-4c65-a5df-da3e3cf53ac2@group-233C052D78D6-LeaderElection194: Election REJECTED; received 2 response(s) [5c4ee31d-c5ed-4c65-a5df-da3e3cf53ac2<-67ae3572-7d88-4e50-b53b-0f48f6748b38#0:FAIL-t101, 5c4ee31d-c5ed-4c65-a5df-da3e3cf53ac2<-831edaa1-80a5-4091-843f-90c648a5a79d#0:FAIL-t101] and 0 exception(s); 5c4ee31d-c5ed-4c65-a5df-da3e3cf53ac2@group-233C052D78D6:t101, leader=null, voted=5c4ee31d-c5ed-4c65-a5df-da3e3cf53ac2, raftlog=5c4ee31d-c5ed-4c65-a5df-da3e3cf53ac2@group-233C052D78D6-SegmentedRaftLog:OPENED:c-1,f-1,i0, conf=-1: [67ae3572-7d88-4e50-b53b-0f48f6748b38:192.168.157.211:41299, 831edaa1-80a5-4091-843f-90c648a5a79d:192.168.157.211:44365, 5c4ee31d-c5ed-4c65-a5df-da3e3cf53ac2:192.168.157.211:45059], old=null
2019-10-17 07:10:36,384 [5c4ee31d-c5ed-4c65-a5df-da3e3cf53ac2@group-233C052D78D6-LeaderElection194] INFO  impl.RaftServerImpl (RaftServerImpl.java:setRole(184)) - 5c4ee31d-c5ed-4c65-a5df-da3e3cf53ac2@group-233C052D78D6: changes role from CANDIDATE to FOLLOWER at term 101 for DISCOVERED_A_NEW_TERM
2019-10-17 07:10:36,384 [5c4ee31d-c5ed-4c65-a5df-da3e3cf53ac2@group-233C052D78D6-LeaderElection194] INFO  impl.RoleInfo (RoleInfo.java:shutdownLeaderElection(134)) - 5c4ee31d-c5ed-4c65-a5df-da3e3cf53ac2: shutdown LeaderElection
2019-10-17 07:10:36,384 [5c4ee31d-c5ed-4c65-a5df-da3e3cf53ac2@group-233C052D78D6-LeaderElection194] INFO  impl.RoleInfo (RoleInfo.java:updateAndGet(143)) - 5c4ee31d-c5ed-4c65-a5df-da3e3cf53ac2: start FollowerState
2019-10-17 07:10:36,384 [Thread-1703] INFO  impl.FollowerState (FollowerState.java:run(108)) - 5c4ee31d-c5ed-4c65-a5df-da3e3cf53ac2@group-233C052D78D6-FollowerState: change to CANDIDATE, lastRpcTime:0ms, electionTimeout:0ms
2019-10-17 07:10:36,384 [Thread-1703] INFO  impl.RoleInfo (RoleInfo.java:shutdownFollowerState(121)) - 5c4ee31d-c5ed-4c65-a5df-da3e3cf53ac2: shutdown FollowerState
2019-10-17 07:10:36,384 [Thread-1703] INFO  impl.RaftServerImpl (RaftServerImpl.java:setRole(184)) - 5c4ee31d-c5ed-4c65-a5df-da3e3cf53ac2@group-233C052D78D6: changes role from  FOLLOWER to CANDIDATE at term 101 for changeToCandidate
2019-10-17 07:10:36,384 [Thread-1703] INFO  impl.RoleInfo (RoleInfo.java:updateAndGet(143)) - 5c4ee31d-c5ed-4c65-a5df-da3e3cf53ac2: start LeaderElection
2019-10-17 07:10:36,398 [5c4ee31d-c5ed-4c65-a5df-da3e3cf53ac2@group-233C052D78D6-LeaderElection195] INFO  impl.LeaderElection (LeaderElection.java:askForVotes(178)) - 5c4ee31d-c5ed-4c65-a5df-da3e3cf53ac2@group-233C052D78D6-LeaderElection195: begin an election at term 102 for -1: [67ae3572-7d88-4e50-b53b-0f48f6748b38:192.168.157.211:41299, 831edaa1-80a5-4091-843f-90c648a5a79d:192.168.157.211:44365, 5c4ee31d-c5ed-4c65-a5df-da3e3cf53ac2:192.168.157.211:45059], old=null
2019-10-17 07:10:36,399 [grpc-default-executor-7] INFO  impl.RaftServerImpl (RaftServerImpl.java:setRole(184)) - 67ae3572-7d88-4e50-b53b-0f48f6748b38@group-233C052D78D6: changes role from  FOLLOWER to FOLLOWER at term 102 for recognizeCandidate:5c4ee31d-c5ed-4c65-a5df-da3e3cf53ac2
2019-10-17 07:10:36,400 [grpc-default-executor-7] INFO  impl.RoleInfo (RoleInfo.java:shutdownFollowerState(121)) - 67ae3572-7d88-4e50-b53b-0f48f6748b38: shutdown FollowerState
2019-10-17 07:10:36,400 [grpc-default-executor-7] INFO  impl.RoleInfo (RoleInfo.java:updateAndGet(143)) - 67ae3572-7d88-4e50-b53b-0f48f6748b38: start FollowerState
2019-10-17 07:10:36,400 [Thread-1701] INFO  impl.FollowerState (FollowerState.java:run(117)) - 67ae3572-7d88-4e50-b53b-0f48f6748b38@group-233C052D78D6-FollowerState was interrupted: java.lang.InterruptedException: sleep interrupted
2019-10-17 07:10:36,401 [grpc-default-executor-3] INFO  impl.RaftServerImpl (RaftServerImpl.java:setRole(184)) - 831edaa1-80a5-4091-843f-90c648a5a79d@group-233C052D78D6: changes role from  FOLLOWER to FOLLOWER at term 102 for recognizeCandidate:5c4ee31d-c5ed-4c65-a5df-da3e3cf53ac2
2019-10-17 07:10:36,401 [grpc-default-executor-3] INFO  impl.RoleInfo (RoleInfo.java:shutdownFollowerState(121)) - 831edaa1-80a5-4091-843f-90c648a5a79d: shutdown FollowerState
2019-10-17 07:10:36,401 [Thread-1702] INFO  impl.FollowerState (FollowerState.java:run(117)) - 831edaa1-80a5-4091-843f-90c648a5a79d@group-233C052D78D6-FollowerState was interrupted: java.lang.InterruptedException: sleep interrupted
2019-10-17 07:10:36,401 [grpc-default-executor-3] INFO  impl.RoleInfo (RoleInfo.java:updateAndGet(143)) - 831edaa1-80a5-4091-843f-90c648a5a79d: start FollowerState
2019-10-17 07:10:36,407 [Thread-1692] INFO  impl.FollowerState (FollowerState.java:run(108)) - decc5551-dd4b-40dc-8ff5-b6b450d67f6f@group-42ACBF6EBE4E-FollowerState: change to CANDIDATE, lastRpcTime:155ms, electionTimeout:155ms
2019-10-17 07:10:36,408 [Thread-1692] INFO  impl.RoleInfo (RoleInfo.java:shutdownFollowerState(121)) - decc5551-dd4b-40dc-8ff5-b6b450d67f6f: shutdown FollowerState
2019-10-17 07:10:36,408 [Thread-1692] INFO  impl.RaftServerImpl (RaftServerImpl.java:setRole(184)) - decc5551-dd4b-40dc-8ff5-b6b450d67f6f@group-42ACBF6EBE4E: changes role from  FOLLOWER to CANDIDATE at term 101 for changeToCandidate
2019-10-17 07:10:36,408 [Thread-1692] INFO  impl.RoleInfo (RoleInfo.java:updateAndGet(143)) - decc5551-dd4b-40dc-8ff5-b6b450d67f6f: start LeaderElection
2019-10-17 07:10:36,413 [decc5551-dd4b-40dc-8ff5-b6b450d67f6f@group-42ACBF6EBE4E-LeaderElection196] INFO  impl.LeaderElection (LeaderElection.java:askForVotes(178)) - decc5551-dd4b-40dc-8ff5-b6b450d67f6f@group-42ACBF6EBE4E-LeaderElection196: begin an election at term 102 for -1: [215fceca-0555-458b-bc4f-ba38ff24d5ba:192.168.157.211:43803, decc5551-dd4b-40dc-8ff5-b6b450d67f6f:192.168.157.211:34435, 0c631657-10a5-4e2a-a322-8fc6c651b2ed:192.168.157.211:41694], old=null
2019-10-17 07:10:36,414 [5c4ee31d-c5ed-4c65-a5df-da3e3cf53ac2@group-233C052D78D6-LeaderElection195] INFO  impl.LeaderElection (LeaderElection.java:logAndReturn(56)) - 5c4ee31d-c5ed-4c65-a5df-da3e3cf53ac2@group-233C052D78D6-LeaderElection195: Election REJECTED; received 2 response(s) [5c4ee31d-c5ed-4c65-a5df-da3e3cf53ac2<-67ae3572-7d88-4e50-b53b-0f48f6748b38#0:FAIL-t102, 5c4ee31d-c5ed-4c65-a5df-da3e3cf53ac2<-831edaa1-80a5-4091-843f-90c648a5a79d#0:FAIL-t102] and 0 exception(s); 5c4ee31d-c5ed-4c65-a5df-da3e3cf53ac2@group-233C052D78D6:t102, leader=null, voted=5c4ee31d-c5ed-4c65-a5df-da3e3cf53ac2, raftlog=5c4ee31d-c5ed-4c65-a5df-da3e3cf53ac2@group-233C052D78D6-SegmentedRaftLog:OPENED:c-1,f-1,i0, conf=-1: [67ae3572-7d88-4e50-b53b-0f48f6748b38:192.168.157.211:41299, 831edaa1-80a5-4091-843f-90c648a5a79d:192.168.157.211:44365, 5c4ee31d-c5ed-4c65-a5df-da3e3cf53ac2:192.168.157.211:45059], old=null
2019-10-17 07:10:36,414 [5c4ee31d-c5ed-4c65-a5df-da3e3cf53ac2@group-233C052D78D6-LeaderElection195] INFO  impl.RaftServerImpl (RaftServerImpl.java:setRole(184)) - 5c4ee31d-c5ed-4c65-a5df-da3e3cf53ac2@group-233C052D78D6: changes role from CANDIDATE to FOLLOWER at term 102 for DISCOVERED_A_NEW_TERM
2019-10-17 07:10:36,414 [5c4ee31d-c5ed-4c65-a5df-da3e3cf53ac2@group-233C052D78D6-LeaderElection195] INFO  impl.RoleInfo (RoleInfo.java:shutdownLeaderElection(134)) - 5c4ee31d-c5ed-4c65-a5df-da3e3cf53ac2: shutdown LeaderElection
2019-10-17 07:10:36,414 [5c4ee31d-c5ed-4c65-a5df-da3e3cf53ac2@group-233C052D78D6-LeaderElection195] INFO  impl.RoleInfo (RoleInfo.java:updateAndGet(143)) - 5c4ee31d-c5ed-4c65-a5df-da3e3cf53ac2: start FollowerState
2019-10-17 07:10:36,415 [grpc-default-executor-3] INFO  impl.RaftServerImpl (RaftServerImpl.java:setRole(184)) - 215fceca-0555-458b-bc4f-ba38ff24d5ba@group-42ACBF6EBE4E: changes role from  FOLLOWER to FOLLOWER at term 102 for recognizeCandidate:decc5551-dd4b-40dc-8ff5-b6b450d67f6f
2019-10-17 07:10:36,415 [grpc-default-executor-3] INFO  impl.RoleInfo (RoleInfo.java:shutdownFollowerState(121)) - 215fceca-0555-458b-bc4f-ba38ff24d5ba: shutdown FollowerState
2019-10-17 07:10:36,415 [grpc-default-executor-3] INFO  impl.RoleInfo (RoleInfo.java:updateAndGet(143)) - 215fceca-0555-458b-bc4f-ba38ff24d5ba: start FollowerState
2019-10-17 07:10:36,415 [Thread-1689] INFO  impl.FollowerState (FollowerState.java:run(117)) - 215fceca-0555-458b-bc4f-ba38ff24d5ba@group-42ACBF6EBE4E-FollowerState was interrupted: java.lang.InterruptedException: sleep interrupted
2019-10-17 07:10:36,416 [grpc-default-executor-7] INFO  impl.RaftServerImpl (RaftServerImpl.java:setRole(184)) - 0c631657-10a5-4e2a-a322-8fc6c651b2ed@group-42ACBF6EBE4E: changes role from  FOLLOWER to FOLLOWER at term 102 for recognizeCandidate:decc5551-dd4b-40dc-8ff5-b6b450d67f6f
2019-10-17 07:10:36,416 [grpc-default-executor-7] INFO  impl.RoleInfo (RoleInfo.java:shutdownFollowerState(121)) - 0c631657-10a5-4e2a-a322-8fc6c651b2ed: shutdown FollowerState
2019-10-17 07:10:36,416 [grpc-default-executor-7] INFO  impl.RoleInfo (RoleInfo.java:updateAndGet(143)) - 0c631657-10a5-4e2a-a322-8fc6c651b2ed: start FollowerState
2019-10-17 07:10:36,416 [Thread-1690] INFO  impl.FollowerState (FollowerState.java:run(117)) - 0c631657-10a5-4e2a-a322-8fc6c651b2ed@group-42ACBF6EBE4E-FollowerState was interrupted: java.lang.InterruptedException: sleep interrupted
2019-10-17 07:10:36,430 [decc5551-dd4b-40dc-8ff5-b6b450d67f6f@group-42ACBF6EBE4E-LeaderElection196] INFO  impl.LeaderElection (LeaderElection.java:logAndReturn(56)) - decc5551-dd4b-40dc-8ff5-b6b450d67f6f@group-42ACBF6EBE4E-LeaderElection196: Election REJECTED; received 2 response(s) [decc5551-dd4b-40dc-8ff5-b6b450d67f6f<-215fceca-0555-458b-bc4f-ba38ff24d5ba#0:FAIL-t102, decc5551-dd4b-40dc-8ff5-b6b450d67f6f<-0c631657-10a5-4e2a-a322-8fc6c651b2ed#0:FAIL-t102] and 0 exception(s); decc5551-dd4b-40dc-8ff5-b6b450d67f6f@group-42ACBF6EBE4E:t102, leader=null, voted=decc5551-dd4b-40dc-8ff5-b6b450d67f6f, raftlog=decc5551-dd4b-40dc-8ff5-b6b450d67f6f@group-42ACBF6EBE4E-SegmentedRaftLog:OPENED:c-1,f-1,i0, conf=-1: [215fceca-0555-458b-bc4f-ba38ff24d5ba:192.168.157.211:43803, decc5551-dd4b-40dc-8ff5-b6b450d67f6f:192.168.157.211:34435, 0c631657-10a5-4e2a-a322-8fc6c651b2ed:192.168.157.211:41694], old=null
2019-10-17 07:10:36,430 [decc5551-dd4b-40dc-8ff5-b6b450d67f6f@group-42ACBF6EBE4E-LeaderElection196] INFO  impl.RaftServerImpl (RaftServerImpl.java:setRole(184)) - decc5551-dd4b-40dc-8ff5-b6b450d67f6f@group-42ACBF6EBE4E: changes role from CANDIDATE to FOLLOWER at term 102 for DISCOVERED_A_NEW_TERM
2019-10-17 07:10:36,430 [decc5551-dd4b-40dc-8ff5-b6b450d67f6f@group-42ACBF6EBE4E-LeaderElection196] INFO  impl.RoleInfo (RoleInfo.java:shutdownLeaderElection(134)) - decc5551-dd4b-40dc-8ff5-b6b450d67f6f: shutdown LeaderElection
2019-10-17 07:10:36,430 [decc5551-dd4b-40dc-8ff5-b6b450d67f6f@group-42ACBF6EBE4E-LeaderElection196] INFO  impl.RoleInfo (RoleInfo.java:updateAndGet(143)) - decc5551-dd4b-40dc-8ff5-b6b450d67f6f: start FollowerState
2019-10-17 07:10:36,445 [Thread-1712] INFO  impl.FollowerState (FollowerState.java:run(108)) - 5c4ee31d-c5ed-4c65-a5df-da3e3cf53ac2@group-233C052D78D6-FollowerState: change to CANDIDATE, lastRpcTime:30ms, electionTimeout:30ms
2019-10-17 07:10:36,445 [Thread-1712] INFO  impl.RoleInfo (RoleInfo.java:shutdownFollowerState(121)) - 5c4ee31d-c5ed-4c65-a5df-da3e3cf53ac2: shutdown FollowerState
2019-10-17 07:10:36,445 [Thread-1712] INFO  impl.RaftServerImpl (RaftServerImpl.java:setRole(184)) - 5c4ee31d-c5ed-4c65-a5df-da3e3cf53ac2@group-233C052D78D6: changes role from  FOLLOWER to CANDIDATE at term 102 for changeToCandidate
2019-10-17 07:10:36,445 [Thread-1712] INFO  impl.RoleInfo (RoleInfo.java:updateAndGet(143)) - 5c4ee31d-c5ed-4c65-a5df-da3e3cf53ac2: start LeaderElection
2019-10-17 07:10:36,458 [5c4ee31d-c5ed-4c65-a5df-da3e3cf53ac2@group-233C052D78D6-LeaderElection197] INFO  impl.LeaderElection (LeaderElection.java:askForVotes(178)) - 5c4ee31d-c5ed-4c65-a5df-da3e3cf53ac2@group-233C052D78D6-LeaderElection197: begin an election at term 103 for -1: [67ae3572-7d88-4e50-b53b-0f48f6748b38:192.168.157.211:41299, 831edaa1-80a5-4091-843f-90c648a5a79d:192.168.157.211:44365, 5c4ee31d-c5ed-4c65-a5df-da3e3cf53ac2:192.168.157.211:45059], old=null
2019-10-17 07:10:36,460 [grpc-default-executor-7] INFO  impl.RaftServerImpl (RaftServerImpl.java:setRole(184)) - 67ae3572-7d88-4e50-b53b-0f48f6748b38@group-233C052D78D6: changes role from  FOLLOWER to FOLLOWER at term 103 for recognizeCandidate:5c4ee31d-c5ed-4c65-a5df-da3e3cf53ac2
2019-10-17 07:10:36,460 [grpc-default-executor-3] INFO  impl.RaftServerImpl (RaftServerImpl.java:setRole(184)) - 831edaa1-80a5-4091-843f-90c648a5a79d@group-233C052D78D6: changes role from  FOLLOWER to FOLLOWER at term 103 for recognizeCandidate:5c4ee31d-c5ed-4c65-a5df-da3e3cf53ac2
2019-10-17 07:10:36,460 [grpc-default-executor-3] INFO  impl.RoleInfo (RoleInfo.java:shutdownFollowerState(121)) - 831edaa1-80a5-4091-843f-90c648a5a79d: shutdown FollowerState
2019-10-17 07:10:36,460 [grpc-default-executor-7] INFO  impl.RoleInfo (RoleInfo.java:shutdownFollowerState(121)) - 67ae3572-7d88-4e50-b53b-0f48f6748b38: shutdown FollowerState
2019-10-17 07:10:36,461 [Thread-1708] INFO  impl.FollowerState (FollowerState.java:run(117)) - 831edaa1-80a5-4091-843f-90c648a5a79d@group-233C052D78D6-FollowerState was interrupted: java.lang.InterruptedException: sleep interrupted
2019-10-17 07:10:36,461 [Thread-1707] INFO  impl.FollowerState (FollowerState.java:run(117)) - 67ae3572-7d88-4e50-b53b-0f48f6748b38@group-233C052D78D6-FollowerState was interrupted: java.lang.InterruptedException: sleep interrupted
2019-10-17 07:10:36,461 [grpc-default-executor-3] INFO  impl.RoleInfo (RoleInfo.java:updateAndGet(143)) - 831edaa1-80a5-4091-843f-90c648a5a79d: start FollowerState
2019-10-17 07:10:36,461 [grpc-default-executor-7] INFO  impl.RoleInfo (RoleInfo.java:updateAndGet(143)) - 67ae3572-7d88-4e50-b53b-0f48f6748b38: start FollowerState
2019-10-17 07:10:36,468 [Thread-1715] INFO  impl.FollowerState (FollowerState.java:run(108)) - decc5551-dd4b-40dc-8ff5-b6b450d67f6f@group-42ACBF6EBE4E-FollowerState: change to CANDIDATE, lastRpcTime:38ms, electionTimeout:38ms
2019-10-17 07:10:36,469 [Thread-1715] INFO  impl.RoleInfo (RoleInfo.java:shutdownFollowerState(121)) - decc5551-dd4b-40dc-8ff5-b6b450d67f6f: shutdown FollowerState
2019-10-17 07:10:36,469 [Thread-1715] INFO  impl.RaftServerImpl (RaftServerImpl.java:setRole(184)) - decc5551-dd4b-40dc-8ff5-b6b450d67f6f@group-42ACBF6EBE4E: changes role from  FOLLOWER to CANDIDATE at term 102 for changeToCandidate
2019-10-17 07:10:36,469 [Thread-1715] INFO  impl.RoleInfo (RoleInfo.java:updateAndGet(143)) - decc5551-dd4b-40dc-8ff5-b6b450d67f6f: start LeaderElection
2019-10-17 07:10:36,475 [decc5551-dd4b-40dc-8ff5-b6b450d67f6f@group-42ACBF6EBE4E-LeaderElection198] INFO  impl.LeaderElection (LeaderElection.java:askForVotes(178)) - decc5551-dd4b-40dc-8ff5-b6b450d67f6f@group-42ACBF6EBE4E-LeaderElection198: begin an election at term 103 for -1: [215fceca-0555-458b-bc4f-ba38ff24d5ba:192.168.157.211:43803, decc5551-dd4b-40dc-8ff5-b6b450d67f6f:192.168.157.211:34435, 0c631657-10a5-4e2a-a322-8fc6c651b2ed:192.168.157.211:41694], old=null
2019-10-17 07:10:36,476 [5c4ee31d-c5ed-4c65-a5df-da3e3cf53ac2@group-233C052D78D6-LeaderElection197] INFO  impl.LeaderElection (LeaderElection.java:logAndReturn(56)) - 5c4ee31d-c5ed-4c65-a5df-da3e3cf53ac2@group-233C052D78D6-LeaderElection197: Election REJECTED; received 2 response(s) [5c4ee31d-c5ed-4c65-a5df-da3e3cf53ac2<-67ae3572-7d88-4e50-b53b-0f48f6748b38#0:FAIL-t103, 5c4ee31d-c5ed-4c65-a5df-da3e3cf53ac2<-831edaa1-80a5-4091-843f-90c648a5a79d#0:FAIL-t103] and 0 exception(s); 5c4ee31d-c5ed-4c65-a5df-da3e3cf53ac2@group-233C052D78D6:t103, leader=null, voted=5c4ee31d-c5ed-4c65-a5df-da3e3cf53ac2, raftlog=5c4ee31d-c5ed-4c65-a5df-da3e3cf53ac2@group-233C052D78D6-SegmentedRaftLog:OPENED:c-1,f-1,i0, conf=-1: [67ae3572-7d88-4e50-b53b-0f48f6748b38:192.168.157.211:41299, 831edaa1-80a5-4091-843f-90c648a5a79d:192.168.157.211:44365, 5c4ee31d-c5ed-4c65-a5df-da3e3cf53ac2:192.168.157.211:45059], old=null
2019-10-17 07:10:36,476 [5c4ee31d-c5ed-4c65-a5df-da3e3cf53ac2@group-233C052D78D6-LeaderElection197] INFO  impl.RaftServerImpl (RaftServerImpl.java:setRole(184)) - 5c4ee31d-c5ed-4c65-a5df-da3e3cf53ac2@group-233C052D78D6: changes role from CANDIDATE to FOLLOWER at term 103 for DISCOVERED_A_NEW_TERM
2019-10-17 07:10:36,476 [5c4ee31d-c5ed-4c65-a5df-da3e3cf53ac2@group-233C052D78D6-LeaderElection197] INFO  impl.RoleInfo (RoleInfo.java:shutdownLeaderElection(134)) - 5c4ee31d-c5ed-4c65-a5df-da3e3cf53ac2: shutdown LeaderElection
2019-10-17 07:10:36,476 [5c4ee31d-c5ed-4c65-a5df-da3e3cf53ac2@group-233C052D78D6-LeaderElection197] INFO  impl.RoleInfo (RoleInfo.java:updateAndGet(143)) - 5c4ee31d-c5ed-4c65-a5df-da3e3cf53ac2: start FollowerState
2019-10-17 07:10:36,477 [grpc-default-executor-7] INFO  impl.RaftServerImpl (RaftServerImpl.java:setRole(184)) - 215fceca-0555-458b-bc4f-ba38ff24d5ba@group-42ACBF6EBE4E: changes role from  FOLLOWER to FOLLOWER at term 103 for recognizeCandidate:decc5551-dd4b-40dc-8ff5-b6b450d67f6f
2019-10-17 07:10:36,477 [grpc-default-executor-7] INFO  impl.RoleInfo (RoleInfo.java:shutdownFollowerState(121)) - 215fceca-0555-458b-bc4f-ba38ff24d5ba: shutdown FollowerState
2019-10-17 07:10:36,477 [grpc-default-executor-3] INFO  impl.RaftServerImpl (RaftServerImpl.java:setRole(184)) - 0c631657-10a5-4e2a-a322-8fc6c651b2ed@group-42ACBF6EBE4E: changes role from  FOLLOWER to FOLLOWER at term 103 for recognizeCandidate:decc5551-dd4b-40dc-8ff5-b6b450d67f6f
2019-10-17 07:10:36,478 [Thread-1713] INFO  impl.FollowerState (FollowerState.java:run(117)) - 215fceca-0555-458b-bc4f-ba38ff24d5ba@group-42ACBF6EBE4E-FollowerState was interrupted: java.lang.InterruptedException: sleep interrupted
2019-10-17 07:10:36,478 [grpc-default-executor-7] INFO  impl.RoleInfo (RoleInfo.java:updateAndGet(143)) - 215fceca-0555-458b-bc4f-ba38ff24d5ba: start FollowerState
2019-10-17 07:10:36,478 [grpc-default-executor-3] INFO  impl.RoleInfo (RoleInfo.java:shutdownFollowerState(121)) - 0c631657-10a5-4e2a-a322-8fc6c651b2ed: shutdown FollowerState
2019-10-17 07:10:36,478 [grpc-default-executor-3] INFO  impl.RoleInfo (RoleInfo.java:updateAndGet(143)) - 0c631657-10a5-4e2a-a322-8fc6c651b2ed: start FollowerState
2019-10-17 07:10:36,478 [Thread-1714] INFO  impl.FollowerState (FollowerState.java:run(117)) - 0c631657-10a5-4e2a-a322-8fc6c651b2ed@group-42ACBF6EBE4E-FollowerState was interrupted: java.lang.InterruptedException: sleep interrupted
2019-10-17 07:10:36,498 [decc5551-dd4b-40dc-8ff5-b6b450d67f6f@group-42ACBF6EBE4E-LeaderElection198] INFO  impl.LeaderElection (LeaderElection.java:logAndReturn(56)) - decc5551-dd4b-40dc-8ff5-b6b450d67f6f@group-42ACBF6EBE4E-LeaderElection198: Election REJECTED; received 2 response(s) [decc5551-dd4b-40dc-8ff5-b6b450d67f6f<-215fceca-0555-458b-bc4f-ba38ff24d5ba#0:FAIL-t103, decc5551-dd4b-40dc-8ff5-b6b450d67f6f<-0c631657-10a5-4e2a-a322-8fc6c651b2ed#0:FAIL-t103] and 0 exception(s); decc5551-dd4b-40dc-8ff5-b6b450d67f6f@group-42ACBF6EBE4E:t103, leader=null, voted=decc5551-dd4b-40dc-8ff5-b6b450d67f6f, raftlog=decc5551-dd4b-40dc-8ff5-b6b450d67f6f@group-42ACBF6EBE4E-SegmentedRaftLog:OPENED:c-1,f-1,i0, conf=-1: [215fceca-0555-458b-bc4f-ba38ff24d5ba:192.168.157.211:43803, decc5551-dd4b-40dc-8ff5-b6b450d67f6f:192.168.157.211:34435, 0c631657-10a5-4e2a-a322-8fc6c651b2ed:192.168.157.211:41694], old=null
2019-10-17 07:10:36,498 [decc5551-dd4b-40dc-8ff5-b6b450d67f6f@group-42ACBF6EBE4E-LeaderElection198] INFO  impl.RaftServerImpl (RaftServerImpl.java:setRole(184)) - decc5551-dd4b-40dc-8ff5-b6b450d67f6f@group-42ACBF6EBE4E: changes role from CANDIDATE to FOLLOWER at term 103 for DISCOVERED_A_NEW_TERM
2019-10-17 07:10:36,498 [decc5551-dd4b-40dc-8ff5-b6b450d67f6f@group-42ACBF6EBE4E-LeaderElection198] INFO  impl.RoleInfo (RoleInfo.java:shutdownLeaderElection(134)) - decc5551-dd4b-40dc-8ff5-b6b450d67f6f: shutdown LeaderElection
2019-10-17 07:10:36,498 [decc5551-dd4b-40dc-8ff5-b6b450d67f6f@group-42ACBF6EBE4E-LeaderElection198] INFO  impl.RoleInfo (RoleInfo.java:updateAndGet(143)) - decc5551-dd4b-40dc-8ff5-b6b450d67f6f: start FollowerState
2019-10-17 07:10:36,533 [Thread-1727] INFO  impl.FollowerState (FollowerState.java:run(108)) - decc5551-dd4b-40dc-8ff5-b6b450d67f6f@group-42ACBF6EBE4E-FollowerState: change to CANDIDATE, lastRpcTime:35ms, electionTimeout:35ms
2019-10-17 07:10:36,534 [Thread-1727] INFO  impl.RoleInfo (RoleInfo.java:shutdownFollowerState(121)) - decc5551-dd4b-40dc-8ff5-b6b450d67f6f: shutdown FollowerState
2019-10-17 07:10:36,534 [Thread-1727] INFO  impl.RaftServerImpl (RaftServerImpl.java:setRole(184)) - decc5551-dd4b-40dc-8ff5-b6b450d67f6f@group-42ACBF6EBE4E: changes role from  FOLLOWER to CANDIDATE at term 103 for changeToCandidate
2019-10-17 07:10:36,534 [Thread-1727] INFO  impl.RoleInfo (RoleInfo.java:updateAndGet(143)) - decc5551-dd4b-40dc-8ff5-b6b450d67f6f: start LeaderElection
2019-10-17 07:10:36,548 [decc5551-dd4b-40dc-8ff5-b6b450d67f6f@group-42ACBF6EBE4E-LeaderElection199] INFO  impl.LeaderElection (LeaderElection.java:askForVotes(178)) - decc5551-dd4b-40dc-8ff5-b6b450d67f6f@group-42ACBF6EBE4E-LeaderElection199: begin an election at term 104 for -1: [215fceca-0555-458b-bc4f-ba38ff24d5ba:192.168.157.211:43803, decc5551-dd4b-40dc-8ff5-b6b450d67f6f:192.168.157.211:34435, 0c631657-10a5-4e2a-a322-8fc6c651b2ed:192.168.157.211:41694], old=null
2019-10-17 07:10:36,550 [grpc-default-executor-3] INFO  impl.RaftServerImpl (RaftServerImpl.java:setRole(184)) - 215fceca-0555-458b-bc4f-ba38ff24d5ba@group-42ACBF6EBE4E: changes role from  FOLLOWER to FOLLOWER at term 104 for recognizeCandidate:decc5551-dd4b-40dc-8ff5-b6b450d67f6f
2019-10-17 07:10:36,550 [grpc-default-executor-3] INFO  impl.RoleInfo (RoleInfo.java:shutdownFollowerState(121)) - 215fceca-0555-458b-bc4f-ba38ff24d5ba: shutdown FollowerState
2019-10-17 07:10:36,551 [grpc-default-executor-3] INFO  impl.RoleInfo (RoleInfo.java:updateAndGet(143)) - 215fceca-0555-458b-bc4f-ba38ff24d5ba: start FollowerState
2019-10-17 07:10:36,551 [Thread-1725] INFO  impl.FollowerState (FollowerState.java:run(117)) - 215fceca-0555-458b-bc4f-ba38ff24d5ba@group-42ACBF6EBE4E-FollowerState was interrupted: java.lang.InterruptedException: sleep interrupted
2019-10-17 07:10:36,551 [grpc-default-executor-7] INFO  impl.RaftServerImpl (RaftServerImpl.java:setRole(184)) - 0c631657-10a5-4e2a-a322-8fc6c651b2ed@group-42ACBF6EBE4E: changes role from  FOLLOWER to FOLLOWER at term 104 for recognizeCandidate:decc5551-dd4b-40dc-8ff5-b6b450d67f6f
2019-10-17 07:10:36,551 [grpc-default-executor-7] INFO  impl.RoleInfo (RoleInfo.java:shutdownFollowerState(121)) - 0c631657-10a5-4e2a-a322-8fc6c651b2ed: shutdown FollowerState
2019-10-17 07:10:36,551 [grpc-default-executor-7] INFO  impl.RoleInfo (RoleInfo.java:updateAndGet(143)) - 0c631657-10a5-4e2a-a322-8fc6c651b2ed: start FollowerState
2019-10-17 07:10:36,551 [Thread-1726] INFO  impl.FollowerState (FollowerState.java:run(117)) - 0c631657-10a5-4e2a-a322-8fc6c651b2ed@group-42ACBF6EBE4E-FollowerState was interrupted: java.lang.InterruptedException: sleep interrupted
2019-10-17 07:10:36,565 [decc5551-dd4b-40dc-8ff5-b6b450d67f6f@group-42ACBF6EBE4E-LeaderElection199] INFO  impl.LeaderElection (LeaderElection.java:logAndReturn(56)) - decc5551-dd4b-40dc-8ff5-b6b450d67f6f@group-42ACBF6EBE4E-LeaderElection199: Election REJECTED; received 2 response(s) [decc5551-dd4b-40dc-8ff5-b6b450d67f6f<-215fceca-0555-458b-bc4f-ba38ff24d5ba#0:FAIL-t104, decc5551-dd4b-40dc-8ff5-b6b450d67f6f<-0c631657-10a5-4e2a-a322-8fc6c651b2ed#0:FAIL-t104] and 0 exception(s); decc5551-dd4b-40dc-8ff5-b6b450d67f6f@group-42ACBF6EBE4E:t104, leader=null, voted=decc5551-dd4b-40dc-8ff5-b6b450d67f6f, raftlog=decc5551-dd4b-40dc-8ff5-b6b450d67f6f@group-42ACBF6EBE4E-SegmentedRaftLog:OPENED:c-1,f-1,i0, conf=-1: [215fceca-0555-458b-bc4f-ba38ff24d5ba:192.168.157.211:43803, decc5551-dd4b-40dc-8ff5-b6b450d67f6f:192.168.157.211:34435, 0c631657-10a5-4e2a-a322-8fc6c651b2ed:192.168.157.211:41694], old=null
2019-10-17 07:10:36,565 [decc5551-dd4b-40dc-8ff5-b6b450d67f6f@group-42ACBF6EBE4E-LeaderElection199] INFO  impl.RaftServerImpl (RaftServerImpl.java:setRole(184)) - decc5551-dd4b-40dc-8ff5-b6b450d67f6f@group-42ACBF6EBE4E: changes role from CANDIDATE to FOLLOWER at term 104 for DISCOVERED_A_NEW_TERM
2019-10-17 07:10:36,565 [decc5551-dd4b-40dc-8ff5-b6b450d67f6f@group-42ACBF6EBE4E-LeaderElection199] INFO  impl.RoleInfo (RoleInfo.java:shutdownLeaderElection(134)) - decc5551-dd4b-40dc-8ff5-b6b450d67f6f: shutdown LeaderElection
2019-10-17 07:10:36,566 [decc5551-dd4b-40dc-8ff5-b6b450d67f6f@group-42ACBF6EBE4E-LeaderElection199] INFO  impl.RoleInfo (RoleInfo.java:updateAndGet(143)) - decc5551-dd4b-40dc-8ff5-b6b450d67f6f: start FollowerState
2019-10-17 07:10:36,603 [Thread-1733] INFO  impl.FollowerState (FollowerState.java:run(108)) - decc5551-dd4b-40dc-8ff5-b6b450d67f6f@group-42ACBF6EBE4E-FollowerState: change to CANDIDATE, lastRpcTime:37ms, electionTimeout:37ms
2019-10-17 07:10:36,603 [Thread-1733] INFO  impl.RoleInfo (RoleInfo.java:shutdownFollowerState(121)) - decc5551-dd4b-40dc-8ff5-b6b450d67f6f: shutdown FollowerState
2019-10-17 07:10:36,603 [Thread-1733] INFO  impl.RaftServerImpl (RaftServerImpl.java:setRole(184)) - decc5551-dd4b-40dc-8ff5-b6b450d67f6f@group-42ACBF6EBE4E: changes role from  FOLLOWER to CANDIDATE at term 104 for changeToCandidate
2019-10-17 07:10:36,603 [Thread-1733] INFO  impl.RoleInfo (RoleInfo.java:updateAndGet(143)) - decc5551-dd4b-40dc-8ff5-b6b450d67f6f: start LeaderElection
2019-10-17 07:10:36,617 [decc5551-dd4b-40dc-8ff5-b6b450d67f6f@group-42ACBF6EBE4E-LeaderElection200] INFO  impl.LeaderElection (LeaderElection.java:askForVotes(178)) - decc5551-dd4b-40dc-8ff5-b6b450d67f6f@group-42ACBF6EBE4E-LeaderElection200: begin an election at term 105 for -1: [215fceca-0555-458b-bc4f-ba38ff24d5ba:192.168.157.211:43803, decc5551-dd4b-40dc-8ff5-b6b450d67f6f:192.168.157.211:34435, 0c631657-10a5-4e2a-a322-8fc6c651b2ed:192.168.157.211:41694], old=null
2019-10-17 07:10:36,620 [grpc-default-executor-7] INFO  impl.RaftServerImpl (RaftServerImpl.java:setRole(184)) - 215fceca-0555-458b-bc4f-ba38ff24d5ba@group-42ACBF6EBE4E: changes role from  FOLLOWER to FOLLOWER at term 105 for recognizeCandidate:decc5551-dd4b-40dc-8ff5-b6b450d67f6f
2019-10-17 07:10:36,620 [grpc-default-executor-7] INFO  impl.RoleInfo (RoleInfo.java:shutdownFollowerState(121)) - 215fceca-0555-458b-bc4f-ba38ff24d5ba: shutdown FollowerState
2019-10-17 07:10:36,620 [grpc-default-executor-3] INFO  impl.RaftServerImpl (RaftServerImpl.java:setRole(184)) - 0c631657-10a5-4e2a-a322-8fc6c651b2ed@group-42ACBF6EBE4E: changes role from  FOLLOWER to FOLLOWER at term 105 for recognizeCandidate:decc5551-dd4b-40dc-8ff5-b6b450d67f6f
2019-10-17 07:10:36,620 [Thread-1731] INFO  impl.FollowerState (FollowerState.java:run(117)) - 215fceca-0555-458b-bc4f-ba38ff24d5ba@group-42ACBF6EBE4E-FollowerState was interrupted: java.lang.InterruptedException: sleep interrupted
2019-10-17 07:10:36,620 [grpc-default-executor-7] INFO  impl.RoleInfo (RoleInfo.java:updateAndGet(143)) - 215fceca-0555-458b-bc4f-ba38ff24d5ba: start FollowerState
2019-10-17 07:10:36,620 [grpc-default-executor-3] INFO  impl.RoleInfo (RoleInfo.java:shutdownFollowerState(121)) - 0c631657-10a5-4e2a-a322-8fc6c651b2ed: shutdown FollowerState
2019-10-17 07:10:36,621 [grpc-default-executor-3] INFO  impl.RoleInfo (RoleInfo.java:updateAndGet(143)) - 0c631657-10a5-4e2a-a322-8fc6c651b2ed: start FollowerState
2019-10-17 07:10:36,621 [Thread-1732] INFO  impl.FollowerState (FollowerState.java:run(117)) - 0c631657-10a5-4e2a-a322-8fc6c651b2ed@group-42ACBF6EBE4E-FollowerState was interrupted: java.lang.InterruptedException: sleep interrupted
2019-10-17 07:10:36,635 [decc5551-dd4b-40dc-8ff5-b6b450d67f6f@group-42ACBF6EBE4E-LeaderElection200] INFO  impl.LeaderElection (LeaderElection.java:logAndReturn(56)) - decc5551-dd4b-40dc-8ff5-b6b450d67f6f@group-42ACBF6EBE4E-LeaderElection200: Election REJECTED; received 2 response(s) [decc5551-dd4b-40dc-8ff5-b6b450d67f6f<-215fceca-0555-458b-bc4f-ba38ff24d5ba#0:FAIL-t105, decc5551-dd4b-40dc-8ff5-b6b450d67f6f<-0c631657-10a5-4e2a-a322-8fc6c651b2ed#0:FAIL-t105] and 0 exception(s); decc5551-dd4b-40dc-8ff5-b6b450d67f6f@group-42ACBF6EBE4E:t105, leader=null, voted=decc5551-dd4b-40dc-8ff5-b6b450d67f6f, raftlog=decc5551-dd4b-40dc-8ff5-b6b450d67f6f@group-42ACBF6EBE4E-SegmentedRaftLog:OPENED:c-1,f-1,i0, conf=-1: [215fceca-0555-458b-bc4f-ba38ff24d5ba:192.168.157.211:43803, decc5551-dd4b-40dc-8ff5-b6b450d67f6f:192.168.157.211:34435, 0c631657-10a5-4e2a-a322-8fc6c651b2ed:192.168.157.211:41694], old=null
2019-10-17 07:10:36,635 [decc5551-dd4b-40dc-8ff5-b6b450d67f6f@group-42ACBF6EBE4E-LeaderElection200] INFO  impl.RaftServerImpl (RaftServerImpl.java:setRole(184)) - decc5551-dd4b-40dc-8ff5-b6b450d67f6f@group-42ACBF6EBE4E: changes role from CANDIDATE to FOLLOWER at term 105 for DISCOVERED_A_NEW_TERM
2019-10-17 07:10:36,635 [decc5551-dd4b-40dc-8ff5-b6b450d67f6f@group-42ACBF6EBE4E-LeaderElection200] INFO  impl.RoleInfo (RoleInfo.java:shutdownLeaderElection(134)) - decc5551-dd4b-40dc-8ff5-b6b450d67f6f: shutdown LeaderElection
2019-10-17 07:10:36,635 [decc5551-dd4b-40dc-8ff5-b6b450d67f6f@group-42ACBF6EBE4E-LeaderElection200] INFO  impl.RoleInfo (RoleInfo.java:updateAndGet(143)) - decc5551-dd4b-40dc-8ff5-b6b450d67f6f: start FollowerState
2019-10-17 07:10:36,637 [Thread-1724] INFO  impl.FollowerState (FollowerState.java:run(108)) - 5c4ee31d-c5ed-4c65-a5df-da3e3cf53ac2@group-233C052D78D6-FollowerState: change to CANDIDATE, lastRpcTime:160ms, electionTimeout:160ms
2019-10-17 07:10:36,637 [Thread-1724] INFO  impl.RoleInfo (RoleInfo.java:shutdownFollowerState(121)) - 5c4ee31d-c5ed-4c65-a5df-da3e3cf53ac2: shutdown FollowerState
2019-10-17 07:10:36,637 [Thread-1724] INFO  impl.RaftServerImpl (RaftServerImpl.java:setRole(184)) - 5c4ee31d-c5ed-4c65-a5df-da3e3cf53ac2@group-233C052D78D6: changes role from  FOLLOWER to CANDIDATE at term 103 for changeToCandidate
2019-10-17 07:10:36,637 [Thread-1724] INFO  impl.RoleInfo (RoleInfo.java:updateAndGet(143)) - 5c4ee31d-c5ed-4c65-a5df-da3e3cf53ac2: start LeaderElection
2019-10-17 07:10:36,651 [5c4ee31d-c5ed-4c65-a5df-da3e3cf53ac2@group-233C052D78D6-LeaderElection201] INFO  impl.LeaderElection (LeaderElection.java:askForVotes(178)) - 5c4ee31d-c5ed-4c65-a5df-da3e3cf53ac2@group-233C052D78D6-LeaderElection201: begin an election at term 104 for -1: [67ae3572-7d88-4e50-b53b-0f48f6748b38:192.168.157.211:41299, 831edaa1-80a5-4091-843f-90c648a5a79d:192.168.157.211:44365, 5c4ee31d-c5ed-4c65-a5df-da3e3cf53ac2:192.168.157.211:45059], old=null
2019-10-17 07:10:36,653 [grpc-default-executor-3] INFO  impl.RaftServerImpl (RaftServerImpl.java:setRole(184)) - 67ae3572-7d88-4e50-b53b-0f48f6748b38@group-233C052D78D6: changes role from  FOLLOWER to FOLLOWER at term 104 for recognizeCandidate:5c4ee31d-c5ed-4c65-a5df-da3e3cf53ac2
2019-10-17 07:10:36,653 [grpc-default-executor-3] INFO  impl.RoleInfo (RoleInfo.java:shutdownFollowerState(121)) - 67ae3572-7d88-4e50-b53b-0f48f6748b38: shutdown FollowerState
2019-10-17 07:10:36,653 [grpc-default-executor-3] INFO  impl.RoleInfo (RoleInfo.java:updateAndGet(143)) - 67ae3572-7d88-4e50-b53b-0f48f6748b38: start FollowerState
2019-10-17 07:10:36,653 [Thread-1720] INFO  impl.FollowerState (FollowerState.java:run(117)) - 67ae3572-7d88-4e50-b53b-0f48f6748b38@group-233C052D78D6-FollowerState was interrupted: java.lang.InterruptedException: sleep interrupted
2019-10-17 07:10:36,654 [grpc-default-executor-7] INFO  impl.RaftServerImpl (RaftServerImpl.java:setRole(184)) - 831edaa1-80a5-4091-843f-90c648a5a79d@group-233C052D78D6: changes role from  FOLLOWER to FOLLOWER at term 104 for recognizeCandidate:5c4ee31d-c5ed-4c65-a5df-da3e3cf53ac2
2019-10-17 07:10:36,654 [grpc-default-executor-7] INFO  impl.RoleInfo (RoleInfo.java:shutdownFollowerState(121)) - 831edaa1-80a5-4091-843f-90c648a5a79d: shutdown FollowerState
2019-10-17 07:10:36,654 [grpc-default-executor-7] INFO  impl.RoleInfo (RoleInfo.java:updateAndGet(143)) - 831edaa1-80a5-4091-843f-90c648a5a79d: start FollowerState
2019-10-17 07:10:36,654 [Thread-1719] INFO  impl.FollowerState (FollowerState.java:run(117)) - 831edaa1-80a5-4091-843f-90c648a5a79d@group-233C052D78D6-FollowerState was interrupted: java.lang.InterruptedException: sleep interrupted
2019-10-17 07:10:36,656 [Thread-1741] INFO  impl.FollowerState (FollowerState.java:run(108)) - decc5551-dd4b-40dc-8ff5-b6b450d67f6f@group-42ACBF6EBE4E-FollowerState: change to CANDIDATE, lastRpcTime:20ms, electionTimeout:20ms
2019-10-17 07:10:36,656 [Thread-1741] INFO  impl.RoleInfo (RoleInfo.java:shutdownFollowerState(121)) - decc5551-dd4b-40dc-8ff5-b6b450d67f6f: shutdown FollowerState
2019-10-17 07:10:36,656 [Thread-1741] INFO  impl.RaftServerImpl (RaftServerImpl.java:setRole(184)) - decc5551-dd4b-40dc-8ff5-b6b450d67f6f@group-42ACBF6EBE4E: changes role from  FOLLOWER to CANDIDATE at term 105 for changeToCandidate
2019-10-17 07:10:36,656 [Thread-1741] INFO  impl.RoleInfo (RoleInfo.java:updateAndGet(143)) - decc5551-dd4b-40dc-8ff5-b6b450d67f6f: start LeaderElection
2019-10-17 07:10:36,667 [decc5551-dd4b-40dc-8ff5-b6b450d67f6f@group-42ACBF6EBE4E-LeaderElection202] INFO  impl.LeaderElection (LeaderElection.java:askForVotes(178)) - decc5551-dd4b-40dc-8ff5-b6b450d67f6f@group-42ACBF6EBE4E-LeaderElection202: begin an election at term 106 for -1: [215fceca-0555-458b-bc4f-ba38ff24d5ba:192.168.157.211:43803, decc5551-dd4b-40dc-8ff5-b6b450d67f6f:192.168.157.211:34435, 0c631657-10a5-4e2a-a322-8fc6c651b2ed:192.168.157.211:41694], old=null
2019-10-17 07:10:36,668 [5c4ee31d-c5ed-4c65-a5df-da3e3cf53ac2@group-233C052D78D6-LeaderElection201] INFO  impl.LeaderElection (LeaderElection.java:logAndReturn(56)) - 5c4ee31d-c5ed-4c65-a5df-da3e3cf53ac2@group-233C052D78D6-LeaderElection201: Election REJECTED; received 2 response(s) [5c4ee31d-c5ed-4c65-a5df-da3e3cf53ac2<-67ae3572-7d88-4e50-b53b-0f48f6748b38#0:FAIL-t104, 5c4ee31d-c5ed-4c65-a5df-da3e3cf53ac2<-831edaa1-80a5-4091-843f-90c648a5a79d#0:FAIL-t104] and 0 exception(s); 5c4ee31d-c5ed-4c65-a5df-da3e3cf53ac2@group-233C052D78D6:t104, leader=null, voted=5c4ee31d-c5ed-4c65-a5df-da3e3cf53ac2, raftlog=5c4ee31d-c5ed-4c65-a5df-da3e3cf53ac2@group-233C052D78D6-SegmentedRaftLog:OPENED:c-1,f-1,i0, conf=-1: [67ae3572-7d88-4e50-b53b-0f48f6748b38:192.168.157.211:41299, 831edaa1-80a5-4091-843f-90c648a5a79d:192.168.157.211:44365, 5c4ee31d-c5ed-4c65-a5df-da3e3cf53ac2:192.168.157.211:45059], old=null
2019-10-17 07:10:36,668 [5c4ee31d-c5ed-4c65-a5df-da3e3cf53ac2@group-233C052D78D6-LeaderElection201] INFO  impl.RaftServerImpl (RaftServerImpl.java:setRole(184)) - 5c4ee31d-c5ed-4c65-a5df-da3e3cf53ac2@group-233C052D78D6: changes role from CANDIDATE to FOLLOWER at term 104 for DISCOVERED_A_NEW_TERM
2019-10-17 07:10:36,668 [5c4ee31d-c5ed-4c65-a5df-da3e3cf53ac2@group-233C052D78D6-LeaderElection201] INFO  impl.RoleInfo (RoleInfo.java:shutdownLeaderElection(134)) - 5c4ee31d-c5ed-4c65-a5df-da3e3cf53ac2: shutdown LeaderElection
2019-10-17 07:10:36,669 [5c4ee31d-c5ed-4c65-a5df-da3e3cf53ac2@group-233C052D78D6-LeaderElection201] INFO  impl.RoleInfo (RoleInfo.java:updateAndGet(143)) - 5c4ee31d-c5ed-4c65-a5df-da3e3cf53ac2: start FollowerState
2019-10-17 07:10:36,670 [grpc-default-executor-7] INFO  impl.RaftServerImpl (RaftServerImpl.java:setRole(184)) - 215fceca-0555-458b-bc4f-ba38ff24d5ba@group-42ACBF6EBE4E: changes role from  FOLLOWER to FOLLOWER at term 106 for recognizeCandidate:decc5551-dd4b-40dc-8ff5-b6b450d67f6f
2019-10-17 07:10:36,670 [grpc-default-executor-7] INFO  impl.RoleInfo (RoleInfo.java:shutdownFollowerState(121)) - 215fceca-0555-458b-bc4f-ba38ff24d5ba: shutdown FollowerState
2019-10-17 07:10:36,670 [grpc-default-executor-7] INFO  impl.RoleInfo (RoleInfo.java:updateAndGet(143)) - 215fceca-0555-458b-bc4f-ba38ff24d5ba: start FollowerState
2019-10-17 07:10:36,670 [Thread-1739] INFO  impl.FollowerState (FollowerState.java:run(117)) - 215fceca-0555-458b-bc4f-ba38ff24d5ba@group-42ACBF6EBE4E-FollowerState was interrupted: java.lang.InterruptedException: sleep interrupted
2019-10-17 07:10:36,670 [grpc-default-executor-3] INFO  impl.RaftServerImpl (RaftServerImpl.java:setRole(184)) - 0c631657-10a5-4e2a-a322-8fc6c651b2ed@group-42ACBF6EBE4E: changes role from  FOLLOWER to FOLLOWER at term 106 for recognizeCandidate:decc5551-dd4b-40dc-8ff5-b6b450d67f6f
2019-10-17 07:10:36,670 [grpc-default-executor-3] INFO  impl.RoleInfo (RoleInfo.java:shutdownFollowerState(121)) - 0c631657-10a5-4e2a-a322-8fc6c651b2ed: shutdown FollowerState
2019-10-17 07:10:36,671 [grpc-default-executor-3] INFO  impl.RoleInfo (RoleInfo.java:updateAndGet(143)) - 0c631657-10a5-4e2a-a322-8fc6c651b2ed: start FollowerState
2019-10-17 07:10:36,671 [Thread-1740] INFO  impl.FollowerState (FollowerState.java:run(117)) - 0c631657-10a5-4e2a-a322-8fc6c651b2ed@group-42ACBF6EBE4E-FollowerState was interrupted: java.lang.InterruptedException: sleep interrupted
2019-10-17 07:10:36,684 [decc5551-dd4b-40dc-8ff5-b6b450d67f6f@group-42ACBF6EBE4E-LeaderElection202] INFO  impl.LeaderElection (LeaderElection.java:logAndReturn(56)) - decc5551-dd4b-40dc-8ff5-b6b450d67f6f@group-42ACBF6EBE4E-LeaderElection202: Election REJECTED; received 2 response(s) [decc5551-dd4b-40dc-8ff5-b6b450d67f6f<-215fceca-0555-458b-bc4f-ba38ff24d5ba#0:FAIL-t106, decc5551-dd4b-40dc-8ff5-b6b450d67f6f<-0c631657-10a5-4e2a-a322-8fc6c651b2ed#0:FAIL-t106] and 0 exception(s); decc5551-dd4b-40dc-8ff5-b6b450d67f6f@group-42ACBF6EBE4E:t106, leader=null, voted=decc5551-dd4b-40dc-8ff5-b6b450d67f6f, raftlog=decc5551-dd4b-40dc-8ff5-b6b450d67f6f@group-42ACBF6EBE4E-SegmentedRaftLog:OPENED:c-1,f-1,i0, conf=-1: [215fceca-0555-458b-bc4f-ba38ff24d5ba:192.168.157.211:43803, decc5551-dd4b-40dc-8ff5-b6b450d67f6f:192.168.157.211:34435, 0c631657-10a5-4e2a-a322-8fc6c651b2ed:192.168.157.211:41694], old=null
2019-10-17 07:10:36,684 [decc5551-dd4b-40dc-8ff5-b6b450d67f6f@group-42ACBF6EBE4E-LeaderElection202] INFO  impl.RaftServerImpl (RaftServerImpl.java:setRole(184)) - decc5551-dd4b-40dc-8ff5-b6b450d67f6f@group-42ACBF6EBE4E: changes role from CANDIDATE to FOLLOWER at term 106 for DISCOVERED_A_NEW_TERM
2019-10-17 07:10:36,684 [decc5551-dd4b-40dc-8ff5-b6b450d67f6f@group-42ACBF6EBE4E-LeaderElection202] INFO  impl.RoleInfo (RoleInfo.java:shutdownLeaderElection(134)) - decc5551-dd4b-40dc-8ff5-b6b450d67f6f: shutdown LeaderElection
2019-10-17 07:10:36,684 [decc5551-dd4b-40dc-8ff5-b6b450d67f6f@group-42ACBF6EBE4E-LeaderElection202] INFO  impl.RoleInfo (RoleInfo.java:updateAndGet(143)) - decc5551-dd4b-40dc-8ff5-b6b450d67f6f: start FollowerState
2019-10-17 07:10:36,721 [Thread-1753] INFO  impl.FollowerState (FollowerState.java:run(108)) - decc5551-dd4b-40dc-8ff5-b6b450d67f6f@group-42ACBF6EBE4E-FollowerState: change to CANDIDATE, lastRpcTime:36ms, electionTimeout:36ms
2019-10-17 07:10:36,721 [Thread-1753] INFO  impl.RoleInfo (RoleInfo.java:shutdownFollowerState(121)) - decc5551-dd4b-40dc-8ff5-b6b450d67f6f: shutdown FollowerState
2019-10-17 07:10:36,721 [Thread-1753] INFO  impl.RaftServerImpl (RaftServerImpl.java:setRole(184)) - decc5551-dd4b-40dc-8ff5-b6b450d67f6f@group-42ACBF6EBE4E: changes role from  FOLLOWER to CANDIDATE at term 106 for changeToCandidate
2019-10-17 07:10:36,721 [Thread-1753] INFO  impl.RoleInfo (RoleInfo.java:updateAndGet(143)) - decc5551-dd4b-40dc-8ff5-b6b450d67f6f: start LeaderElection
2019-10-17 07:10:36,743 [decc5551-dd4b-40dc-8ff5-b6b450d67f6f@group-42ACBF6EBE4E-LeaderElection203] INFO  impl.LeaderElection (LeaderElection.java:askForVotes(178)) - decc5551-dd4b-40dc-8ff5-b6b450d67f6f@group-42ACBF6EBE4E-LeaderElection203: begin an election at term 107 for -1: [215fceca-0555-458b-bc4f-ba38ff24d5ba:192.168.157.211:43803, decc5551-dd4b-40dc-8ff5-b6b450d67f6f:192.168.157.211:34435, 0c631657-10a5-4e2a-a322-8fc6c651b2ed:192.168.157.211:41694], old=null
2019-10-17 07:10:36,745 [grpc-default-executor-7] INFO  impl.RaftServerImpl (RaftServerImpl.java:setRole(184)) - 215fceca-0555-458b-bc4f-ba38ff24d5ba@group-42ACBF6EBE4E: changes role from  FOLLOWER to FOLLOWER at term 107 for recognizeCandidate:decc5551-dd4b-40dc-8ff5-b6b450d67f6f
2019-10-17 07:10:36,746 [grpc-default-executor-7] INFO  impl.RoleInfo (RoleInfo.java:shutdownFollowerState(121)) - 215fceca-0555-458b-bc4f-ba38ff24d5ba: shutdown FollowerState
2019-10-17 07:10:36,746 [grpc-default-executor-7] INFO  impl.RoleInfo (RoleInfo.java:updateAndGet(143)) - 215fceca-0555-458b-bc4f-ba38ff24d5ba: start FollowerState
2019-10-17 07:10:36,746 [Thread-1751] INFO  impl.FollowerState (FollowerState.java:run(117)) - 215fceca-0555-458b-bc4f-ba38ff24d5ba@group-42ACBF6EBE4E-FollowerState was interrupted: java.lang.InterruptedException: sleep interrupted
2019-10-17 07:10:36,746 [grpc-default-executor-3] INFO  impl.RaftServerImpl (RaftServerImpl.java:setRole(184)) - 0c631657-10a5-4e2a-a322-8fc6c651b2ed@group-42ACBF6EBE4E: changes role from  FOLLOWER to FOLLOWER at term 107 for recognizeCandidate:decc5551-dd4b-40dc-8ff5-b6b450d67f6f
2019-10-17 07:10:36,746 [grpc-default-executor-3] INFO  impl.RoleInfo (RoleInfo.java:shutdownFollowerState(121)) - 0c631657-10a5-4e2a-a322-8fc6c651b2ed: shutdown FollowerState
2019-10-17 07:10:36,746 [grpc-default-executor-3] INFO  impl.RoleInfo (RoleInfo.java:updateAndGet(143)) - 0c631657-10a5-4e2a-a322-8fc6c651b2ed: start FollowerState
2019-10-17 07:10:36,746 [Thread-1752] INFO  impl.FollowerState (FollowerState.java:run(117)) - 0c631657-10a5-4e2a-a322-8fc6c651b2ed@group-42ACBF6EBE4E-FollowerState was interrupted: java.lang.InterruptedException: sleep interrupted
2019-10-17 07:10:36,759 [decc5551-dd4b-40dc-8ff5-b6b450d67f6f@group-42ACBF6EBE4E-LeaderElection203] INFO  impl.LeaderElection (LeaderElection.java:logAndReturn(56)) - decc5551-dd4b-40dc-8ff5-b6b450d67f6f@group-42ACBF6EBE4E-LeaderElection203: Election REJECTED; received 2 response(s) [decc5551-dd4b-40dc-8ff5-b6b450d67f6f<-215fceca-0555-458b-bc4f-ba38ff24d5ba#0:FAIL-t107, decc5551-dd4b-40dc-8ff5-b6b450d67f6f<-0c631657-10a5-4e2a-a322-8fc6c651b2ed#0:FAIL-t107] and 0 exception(s); decc5551-dd4b-40dc-8ff5-b6b450d67f6f@group-42ACBF6EBE4E:t107, leader=null, voted=decc5551-dd4b-40dc-8ff5-b6b450d67f6f, raftlog=decc5551-dd4b-40dc-8ff5-b6b450d67f6f@group-42ACBF6EBE4E-SegmentedRaftLog:OPENED:c-1,f-1,i0, conf=-1: [215fceca-0555-458b-bc4f-ba38ff24d5ba:192.168.157.211:43803, decc5551-dd4b-40dc-8ff5-b6b450d67f6f:192.168.157.211:34435, 0c631657-10a5-4e2a-a322-8fc6c651b2ed:192.168.157.211:41694], old=null
2019-10-17 07:10:36,760 [decc5551-dd4b-40dc-8ff5-b6b450d67f6f@group-42ACBF6EBE4E-LeaderElection203] INFO  impl.RaftServerImpl (RaftServerImpl.java:setRole(184)) - decc5551-dd4b-40dc-8ff5-b6b450d67f6f@group-42ACBF6EBE4E: changes role from CANDIDATE to FOLLOWER at term 107 for DISCOVERED_A_NEW_TERM
2019-10-17 07:10:36,760 [decc5551-dd4b-40dc-8ff5-b6b450d67f6f@group-42ACBF6EBE4E-LeaderElection203] INFO  impl.RoleInfo (RoleInfo.java:shutdownLeaderElection(134)) - decc5551-dd4b-40dc-8ff5-b6b450d67f6f: shutdown LeaderElection
2019-10-17 07:10:36,760 [decc5551-dd4b-40dc-8ff5-b6b450d67f6f@group-42ACBF6EBE4E-LeaderElection203] INFO  impl.RoleInfo (RoleInfo.java:updateAndGet(143)) - decc5551-dd4b-40dc-8ff5-b6b450d67f6f: start FollowerState
2019-10-17 07:10:36,810 [Thread-1759] INFO  impl.FollowerState (FollowerState.java:run(108)) - decc5551-dd4b-40dc-8ff5-b6b450d67f6f@group-42ACBF6EBE4E-FollowerState: change to CANDIDATE, lastRpcTime:50ms, electionTimeout:50ms
2019-10-17 07:10:36,810 [Thread-1759] INFO  impl.RoleInfo (RoleInfo.java:shutdownFollowerState(121)) - decc5551-dd4b-40dc-8ff5-b6b450d67f6f: shutdown FollowerState
2019-10-17 07:10:36,811 [Thread-1759] INFO  impl.RaftServerImpl (RaftServerImpl.java:setRole(184)) - decc5551-dd4b-40dc-8ff5-b6b450d67f6f@group-42ACBF6EBE4E: changes role from  FOLLOWER to CANDIDATE at term 107 for changeToCandidate
2019-10-17 07:10:36,811 [Thread-1759] INFO  impl.RoleInfo (RoleInfo.java:updateAndGet(143)) - decc5551-dd4b-40dc-8ff5-b6b450d67f6f: start LeaderElection
2019-10-17 07:10:36,815 [Thread-1750] INFO  impl.FollowerState (FollowerState.java:run(108)) - 5c4ee31d-c5ed-4c65-a5df-da3e3cf53ac2@group-233C052D78D6-FollowerState: change to CANDIDATE, lastRpcTime:146ms, electionTimeout:146ms
2019-10-17 07:10:36,815 [Thread-1750] INFO  impl.RoleInfo (RoleInfo.java:shutdownFollowerState(121)) - 5c4ee31d-c5ed-4c65-a5df-da3e3cf53ac2: shutdown FollowerState
2019-10-17 07:10:36,815 [Thread-1750] INFO  impl.RaftServerImpl (RaftServerImpl.java:setRole(184)) - 5c4ee31d-c5ed-4c65-a5df-da3e3cf53ac2@group-233C052D78D6: changes role from  FOLLOWER to CANDIDATE at term 104 for changeToCandidate
2019-10-17 07:10:36,815 [Thread-1750] INFO  impl.RoleInfo (RoleInfo.java:updateAndGet(143)) - 5c4ee31d-c5ed-4c65-a5df-da3e3cf53ac2: start LeaderElection
2019-10-17 07:10:36,825 [5c4ee31d-c5ed-4c65-a5df-da3e3cf53ac2@group-233C052D78D6-LeaderElection205] INFO  impl.LeaderElection (LeaderElection.java:askForVotes(178)) - 5c4ee31d-c5ed-4c65-a5df-da3e3cf53ac2@group-233C052D78D6-LeaderElection205: begin an election at term 105 for -1: [67ae3572-7d88-4e50-b53b-0f48f6748b38:192.168.157.211:41299, 831edaa1-80a5-4091-843f-90c648a5a79d:192.168.157.211:44365, 5c4ee31d-c5ed-4c65-a5df-da3e3cf53ac2:192.168.157.211:45059], old=null
2019-10-17 07:10:36,825 [decc5551-dd4b-40dc-8ff5-b6b450d67f6f@group-42ACBF6EBE4E-LeaderElection204] INFO  impl.LeaderElection (LeaderElection.java:askForVotes(178)) - decc5551-dd4b-40dc-8ff5-b6b450d67f6f@group-42ACBF6EBE4E-LeaderElection204: begin an election at term 108 for -1: [215fceca-0555-458b-bc4f-ba38ff24d5ba:192.168.157.211:43803, decc5551-dd4b-40dc-8ff5-b6b450d67f6f:192.168.157.211:34435, 0c631657-10a5-4e2a-a322-8fc6c651b2ed:192.168.157.211:41694], old=null
2019-10-17 07:10:36,827 [grpc-default-executor-3] INFO  impl.RaftServerImpl (RaftServerImpl.java:setRole(184)) - 831edaa1-80a5-4091-843f-90c648a5a79d@group-233C052D78D6: changes role from  FOLLOWER to FOLLOWER at term 105 for recognizeCandidate:5c4ee31d-c5ed-4c65-a5df-da3e3cf53ac2
2019-10-17 07:10:36,827 [grpc-default-executor-3] INFO  impl.RoleInfo (RoleInfo.java:shutdownFollowerState(121)) - 831edaa1-80a5-4091-843f-90c648a5a79d: shutdown FollowerState
2019-10-17 07:10:36,828 [grpc-default-executor-3] INFO  impl.RoleInfo (RoleInfo.java:updateAndGet(143)) - 831edaa1-80a5-4091-843f-90c648a5a79d: start FollowerState
2019-10-17 07:10:36,828 [Thread-1746] INFO  impl.FollowerState (FollowerState.java:run(117)) - 831edaa1-80a5-4091-843f-90c648a5a79d@group-233C052D78D6-FollowerState was interrupted: java.lang.InterruptedException: sleep interrupted
2019-10-17 07:10:36,828 [grpc-default-executor-7] INFO  impl.RaftServerImpl (RaftServerImpl.java:setRole(184)) - 0c631657-10a5-4e2a-a322-8fc6c651b2ed@group-42ACBF6EBE4E: changes role from  FOLLOWER to FOLLOWER at term 108 for recognizeCandidate:decc5551-dd4b-40dc-8ff5-b6b450d67f6f
2019-10-17 07:10:36,828 [grpc-default-executor-7] INFO  impl.RoleInfo (RoleInfo.java:shutdownFollowerState(121)) - 0c631657-10a5-4e2a-a322-8fc6c651b2ed: shutdown FollowerState
2019-10-17 07:10:36,828 [grpc-default-executor-7] INFO  impl.RoleInfo (RoleInfo.java:updateAndGet(143)) - 0c631657-10a5-4e2a-a322-8fc6c651b2ed: start FollowerState
2019-10-17 07:10:36,829 [Thread-1758] INFO  impl.FollowerState (FollowerState.java:run(117)) - 0c631657-10a5-4e2a-a322-8fc6c651b2ed@group-42ACBF6EBE4E-FollowerState was interrupted: java.lang.InterruptedException: sleep interrupted
2019-10-17 07:10:36,829 [grpc-default-executor-9] INFO  impl.RaftServerImpl (RaftServerImpl.java:setRole(184)) - 215fceca-0555-458b-bc4f-ba38ff24d5ba@group-42ACBF6EBE4E: changes role from  FOLLOWER to FOLLOWER at term 108 for recognizeCandidate:decc5551-dd4b-40dc-8ff5-b6b450d67f6f
2019-10-17 07:10:36,829 [grpc-default-executor-9] INFO  impl.RoleInfo (RoleInfo.java:shutdownFollowerState(121)) - 215fceca-0555-458b-bc4f-ba38ff24d5ba: shutdown FollowerState
2019-10-17 07:10:36,829 [Thread-1757] INFO  impl.FollowerState (FollowerState.java:run(117)) - 215fceca-0555-458b-bc4f-ba38ff24d5ba@group-42ACBF6EBE4E-FollowerState was interrupted: java.lang.InterruptedException: sleep interrupted
2019-10-17 07:10:36,829 [grpc-default-executor-9] INFO  impl.RoleInfo (RoleInfo.java:updateAndGet(143)) - 215fceca-0555-458b-bc4f-ba38ff24d5ba: start FollowerState
2019-10-17 07:10:36,829 [grpc-default-executor-4] INFO  impl.RaftServerImpl (RaftServerImpl.java:setRole(184)) - 67ae3572-7d88-4e50-b53b-0f48f6748b38@group-233C052D78D6: changes role from  FOLLOWER to FOLLOWER at term 105 for recognizeCandidate:5c4ee31d-c5ed-4c65-a5df-da3e3cf53ac2
2019-10-17 07:10:36,829 [grpc-default-executor-4] INFO  impl.RoleInfo (RoleInfo.java:shutdownFollowerState(121)) - 67ae3572-7d88-4e50-b53b-0f48f6748b38: shutdown FollowerState
2019-10-17 07:10:36,830 [grpc-default-executor-4] INFO  impl.RoleInfo (RoleInfo.java:updateAndGet(143)) - 67ae3572-7d88-4e50-b53b-0f48f6748b38: start FollowerState
2019-10-17 07:10:36,830 [Thread-1745] INFO  impl.FollowerState (FollowerState.java:run(117)) - 67ae3572-7d88-4e50-b53b-0f48f6748b38@group-233C052D78D6-FollowerState was interrupted: java.lang.InterruptedException: sleep interrupted
2019-10-17 07:10:36,842 [5c4ee31d-c5ed-4c65-a5df-da3e3cf53ac2@group-233C052D78D6-LeaderElection205] INFO  impl.LeaderElection (LeaderElection.java:logAndReturn(56)) - 5c4ee31d-c5ed-4c65-a5df-da3e3cf53ac2@group-233C052D78D6-LeaderElection205: Election REJECTED; received 2 response(s) [5c4ee31d-c5ed-4c65-a5df-da3e3cf53ac2<-67ae3572-7d88-4e50-b53b-0f48f6748b38#0:FAIL-t105, 5c4ee31d-c5ed-4c65-a5df-da3e3cf53ac2<-831edaa1-80a5-4091-843f-90c648a5a79d#0:FAIL-t105] and 0 exception(s); 5c4ee31d-c5ed-4c65-a5df-da3e3cf53ac2@group-233C052D78D6:t105, leader=null, voted=5c4ee31d-c5ed-4c65-a5df-da3e3cf53ac2, raftlog=5c4ee31d-c5ed-4c65-a5df-da3e3cf53ac2@group-233C052D78D6-SegmentedRaftLog:OPENED:c-1,f-1,i0, conf=-1: [67ae3572-7d88-4e50-b53b-0f48f6748b38:192.168.157.211:41299, 831edaa1-80a5-4091-843f-90c648a5a79d:192.168.157.211:44365, 5c4ee31d-c5ed-4c65-a5df-da3e3cf53ac2:192.168.157.211:45059], old=null
2019-10-17 07:10:36,842 [decc5551-dd4b-40dc-8ff5-b6b450d67f6f@group-42ACBF6EBE4E-LeaderElection204] INFO  impl.LeaderElection (LeaderElection.java:logAndReturn(56)) - decc5551-dd4b-40dc-8ff5-b6b450d67f6f@group-42ACBF6EBE4E-LeaderElection204: Election REJECTED; received 2 response(s) [decc5551-dd4b-40dc-8ff5-b6b450d67f6f<-215fceca-0555-458b-bc4f-ba38ff24d5ba#0:FAIL-t108, decc5551-dd4b-40dc-8ff5-b6b450d67f6f<-0c631657-10a5-4e2a-a322-8fc6c651b2ed#0:FAIL-t108] and 0 exception(s); decc5551-dd4b-40dc-8ff5-b6b450d67f6f@group-42ACBF6EBE4E:t108, leader=null, voted=decc5551-dd4b-40dc-8ff5-b6b450d67f6f, raftlog=decc5551-dd4b-40dc-8ff5-b6b450d67f6f@group-42ACBF6EBE4E-SegmentedRaftLog:OPENED:c-1,f-1,i0, conf=-1: [215fceca-0555-458b-bc4f-ba38ff24d5ba:192.168.157.211:43803, decc5551-dd4b-40dc-8ff5-b6b450d67f6f:192.168.157.211:34435, 0c631657-10a5-4e2a-a322-8fc6c651b2ed:192.168.157.211:41694], old=null
2019-10-17 07:10:36,842 [5c4ee31d-c5ed-4c65-a5df-da3e3cf53ac2@group-233C052D78D6-LeaderElection205] INFO  impl.RaftServerImpl (RaftServerImpl.java:setRole(184)) - 5c4ee31d-c5ed-4c65-a5df-da3e3cf53ac2@group-233C052D78D6: changes role from CANDIDATE to FOLLOWER at term 105 for DISCOVERED_A_NEW_TERM
2019-10-17 07:10:36,842 [decc5551-dd4b-40dc-8ff5-b6b450d67f6f@group-42ACBF6EBE4E-LeaderElection204] INFO  impl.RaftServerImpl (RaftServerImpl.java:setRole(184)) - decc5551-dd4b-40dc-8ff5-b6b450d67f6f@group-42ACBF6EBE4E: changes role from CANDIDATE to FOLLOWER at term 108 for DISCOVERED_A_NEW_TERM
2019-10-17 07:10:36,843 [5c4ee31d-c5ed-4c65-a5df-da3e3cf53ac2@group-233C052D78D6-LeaderElection205] INFO  impl.RoleInfo (RoleInfo.java:shutdownLeaderElection(134)) - 5c4ee31d-c5ed-4c65-a5df-da3e3cf53ac2: shutdown LeaderElection
2019-10-17 07:10:36,843 [decc5551-dd4b-40dc-8ff5-b6b450d67f6f@group-42ACBF6EBE4E-LeaderElection204] INFO  impl.RoleInfo (RoleInfo.java:shutdownLeaderElection(134)) - decc5551-dd4b-40dc-8ff5-b6b450d67f6f: shutdown LeaderElection
2019-10-17 07:10:36,843 [5c4ee31d-c5ed-4c65-a5df-da3e3cf53ac2@group-233C052D78D6-LeaderElection205] INFO  impl.RoleInfo (RoleInfo.java:updateAndGet(143)) - 5c4ee31d-c5ed-4c65-a5df-da3e3cf53ac2: start FollowerState
2019-10-17 07:10:36,843 [decc5551-dd4b-40dc-8ff5-b6b450d67f6f@group-42ACBF6EBE4E-LeaderElection204] INFO  impl.RoleInfo (RoleInfo.java:updateAndGet(143)) - decc5551-dd4b-40dc-8ff5-b6b450d67f6f: start FollowerState
2019-10-17 07:10:36,867 [Thread-1771] INFO  impl.FollowerState (FollowerState.java:run(108)) - decc5551-dd4b-40dc-8ff5-b6b450d67f6f@group-42ACBF6EBE4E-FollowerState: change to CANDIDATE, lastRpcTime:24ms, electionTimeout:24ms
2019-10-17 07:10:36,868 [Thread-1771] INFO  impl.RoleInfo (RoleInfo.java:shutdownFollowerState(121)) - decc5551-dd4b-40dc-8ff5-b6b450d67f6f: shutdown FollowerState
2019-10-17 07:10:36,868 [Thread-1771] INFO  impl.RaftServerImpl (RaftServerImpl.java:setRole(184)) - decc5551-dd4b-40dc-8ff5-b6b450d67f6f@group-42ACBF6EBE4E: changes role from  FOLLOWER to CANDIDATE at term 108 for changeToCandidate
2019-10-17 07:10:36,868 [Thread-1771] INFO  impl.RoleInfo (RoleInfo.java:updateAndGet(143)) - decc5551-dd4b-40dc-8ff5-b6b450d67f6f: start LeaderElection
2019-10-17 07:10:36,881 [decc5551-dd4b-40dc-8ff5-b6b450d67f6f@group-42ACBF6EBE4E-LeaderElection206] INFO  impl.LeaderElection (LeaderElection.java:askForVotes(178)) - decc5551-dd4b-40dc-8ff5-b6b450d67f6f@group-42ACBF6EBE4E-LeaderElection206: begin an election at term 109 for -1: [215fceca-0555-458b-bc4f-ba38ff24d5ba:192.168.157.211:43803, decc5551-dd4b-40dc-8ff5-b6b450d67f6f:192.168.157.211:34435, 0c631657-10a5-4e2a-a322-8fc6c651b2ed:192.168.157.211:41694], old=null
2019-10-17 07:10:36,883 [grpc-default-executor-3] INFO  impl.RaftServerImpl (RaftServerImpl.java:setRole(184)) - 215fceca-0555-458b-bc4f-ba38ff24d5ba@group-42ACBF6EBE4E: changes role from  FOLLOWER to FOLLOWER at term 109 for recognizeCandidate:decc5551-dd4b-40dc-8ff5-b6b450d67f6f
2019-10-17 07:10:36,883 [grpc-default-executor-3] INFO  impl.RoleInfo (RoleInfo.java:shutdownFollowerState(121)) - 215fceca-0555-458b-bc4f-ba38ff24d5ba: shutdown FollowerState
2019-10-17 07:10:36,883 [grpc-default-executor-3] INFO  impl.RoleInfo (RoleInfo.java:updateAndGet(143)) - 215fceca-0555-458b-bc4f-ba38ff24d5ba: start FollowerState
2019-10-17 07:10:36,883 [grpc-default-executor-9] INFO  impl.RaftServerImpl (RaftServerImpl.java:setRole(184)) - 0c631657-10a5-4e2a-a322-8fc6c651b2ed@group-42ACBF6EBE4E: changes role from  FOLLOWER to FOLLOWER at term 109 for recognizeCandidate:decc5551-dd4b-40dc-8ff5-b6b450d67f6f
2019-10-17 07:10:36,884 [grpc-default-executor-9] INFO  impl.RoleInfo (RoleInfo.java:shutdownFollowerState(121)) - 0c631657-10a5-4e2a-a322-8fc6c651b2ed: shutdown FollowerState
2019-10-17 07:10:36,883 [Thread-1768] INFO  impl.FollowerState (FollowerState.java:run(117)) - 215fceca-0555-458b-bc4f-ba38ff24d5ba@group-42ACBF6EBE4E-FollowerState was interrupted: java.lang.InterruptedException: sleep interrupted
2019-10-17 07:10:36,884 [Thread-1767] INFO  impl.FollowerState (FollowerState.java:run(117)) - 0c631657-10a5-4e2a-a322-8fc6c651b2ed@group-42ACBF6EBE4E-FollowerState was interrupted: java.lang.InterruptedException: sleep interrupted
2019-10-17 07:10:36,884 [grpc-default-executor-9] INFO  impl.RoleInfo (RoleInfo.java:updateAndGet(143)) - 0c631657-10a5-4e2a-a322-8fc6c651b2ed: start FollowerState
2019-10-17 07:10:36,898 [decc5551-dd4b-40dc-8ff5-b6b450d67f6f@group-42ACBF6EBE4E-LeaderElection206] INFO  impl.LeaderElection (LeaderElection.java:logAndReturn(56)) - decc5551-dd4b-40dc-8ff5-b6b450d67f6f@group-42ACBF6EBE4E-LeaderElection206: Election REJECTED; received 2 response(s) [decc5551-dd4b-40dc-8ff5-b6b450d67f6f<-215fceca-0555-458b-bc4f-ba38ff24d5ba#0:FAIL-t109, decc5551-dd4b-40dc-8ff5-b6b450d67f6f<-0c631657-10a5-4e2a-a322-8fc6c651b2ed#0:FAIL-t109] and 0 exception(s); decc5551-dd4b-40dc-8ff5-b6b450d67f6f@group-42ACBF6EBE4E:t109, leader=null, voted=decc5551-dd4b-40dc-8ff5-b6b450d67f6f, raftlog=decc5551-dd4b-40dc-8ff5-b6b450d67f6f@group-42ACBF6EBE4E-SegmentedRaftLog:OPENED:c-1,f-1,i0, conf=-1: [215fceca-0555-458b-bc4f-ba38ff24d5ba:192.168.157.211:43803, decc5551-dd4b-40dc-8ff5-b6b450d67f6f:192.168.157.211:34435, 0c631657-10a5-4e2a-a322-8fc6c651b2ed:192.168.157.211:41694], old=null
2019-10-17 07:10:36,898 [decc5551-dd4b-40dc-8ff5-b6b450d67f6f@group-42ACBF6EBE4E-LeaderElection206] INFO  impl.RaftServerImpl (RaftServerImpl.java:setRole(184)) - decc5551-dd4b-40dc-8ff5-b6b450d67f6f@group-42ACBF6EBE4E: changes role from CANDIDATE to FOLLOWER at term 109 for DISCOVERED_A_NEW_TERM
2019-10-17 07:10:36,898 [decc5551-dd4b-40dc-8ff5-b6b450d67f6f@group-42ACBF6EBE4E-LeaderElection206] INFO  impl.RoleInfo (RoleInfo.java:shutdownLeaderElection(134)) - decc5551-dd4b-40dc-8ff5-b6b450d67f6f: shutdown LeaderElection
2019-10-17 07:10:36,898 [decc5551-dd4b-40dc-8ff5-b6b450d67f6f@group-42ACBF6EBE4E-LeaderElection206] INFO  impl.RoleInfo (RoleInfo.java:updateAndGet(143)) - decc5551-dd4b-40dc-8ff5-b6b450d67f6f: start FollowerState
2019-10-17 07:10:37,018 [Thread-1770] INFO  impl.FollowerState (FollowerState.java:run(108)) - 5c4ee31d-c5ed-4c65-a5df-da3e3cf53ac2@group-233C052D78D6-FollowerState: change to CANDIDATE, lastRpcTime:175ms, electionTimeout:175ms
2019-10-17 07:10:37,019 [Thread-1770] INFO  impl.RoleInfo (RoleInfo.java:shutdownFollowerState(121)) - 5c4ee31d-c5ed-4c65-a5df-da3e3cf53ac2: shutdown FollowerState
2019-10-17 07:10:37,019 [Thread-1770] INFO  impl.RaftServerImpl (RaftServerImpl.java:setRole(184)) - 5c4ee31d-c5ed-4c65-a5df-da3e3cf53ac2@group-233C052D78D6: changes role from  FOLLOWER to CANDIDATE at term 105 for changeToCandidate
2019-10-17 07:10:37,019 [Thread-1770] INFO  impl.RoleInfo (RoleInfo.java:updateAndGet(143)) - 5c4ee31d-c5ed-4c65-a5df-da3e3cf53ac2: start LeaderElection
2019-10-17 07:10:37,044 [Thread-1777] INFO  impl.FollowerState (FollowerState.java:run(108)) - decc5551-dd4b-40dc-8ff5-b6b450d67f6f@group-42ACBF6EBE4E-FollowerState: change to CANDIDATE, lastRpcTime:146ms, electionTimeout:146ms
2019-10-17 07:10:37,044 [Thread-1777] INFO  impl.RoleInfo (RoleInfo.java:shutdownFollowerState(121)) - decc5551-dd4b-40dc-8ff5-b6b450d67f6f: shutdown FollowerState
2019-10-17 07:10:37,045 [Thread-1777] INFO  impl.RaftServerImpl (RaftServerImpl.java:setRole(184)) - decc5551-dd4b-40dc-8ff5-b6b450d67f6f@group-42ACBF6EBE4E: changes role from  FOLLOWER to CANDIDATE at term 109 for changeToCandidate
2019-10-17 07:10:37,045 [Thread-1777] INFO  impl.RoleInfo (RoleInfo.java:updateAndGet(143)) - decc5551-dd4b-40dc-8ff5-b6b450d67f6f: start LeaderElection
2019-10-17 07:10:37,050 [5c4ee31d-c5ed-4c65-a5df-da3e3cf53ac2@group-233C052D78D6-LeaderElection207] INFO  impl.LeaderElection (LeaderElection.java:askForVotes(178)) - 5c4ee31d-c5ed-4c65-a5df-da3e3cf53ac2@group-233C052D78D6-LeaderElection207: begin an election at term 106 for -1: [67ae3572-7d88-4e50-b53b-0f48f6748b38:192.168.157.211:41299, 831edaa1-80a5-4091-843f-90c648a5a79d:192.168.157.211:44365, 5c4ee31d-c5ed-4c65-a5df-da3e3cf53ac2:192.168.157.211:45059], old=null
2019-10-17 07:10:37,050 [decc5551-dd4b-40dc-8ff5-b6b450d67f6f@group-42ACBF6EBE4E-LeaderElection208] INFO  impl.LeaderElection (LeaderElection.java:askForVotes(178)) - decc5551-dd4b-40dc-8ff5-b6b450d67f6f@group-42ACBF6EBE4E-LeaderElection208: begin an election at term 110 for -1: [215fceca-0555-458b-bc4f-ba38ff24d5ba:192.168.157.211:43803, decc5551-dd4b-40dc-8ff5-b6b450d67f6f:192.168.157.211:34435, 0c631657-10a5-4e2a-a322-8fc6c651b2ed:192.168.157.211:41694], old=null
2019-10-17 07:10:37,052 [grpc-default-executor-3] INFO  impl.RaftServerImpl (RaftServerImpl.java:setRole(184)) - 67ae3572-7d88-4e50-b53b-0f48f6748b38@group-233C052D78D6: changes role from  FOLLOWER to FOLLOWER at term 106 for recognizeCandidate:5c4ee31d-c5ed-4c65-a5df-da3e3cf53ac2
2019-10-17 07:10:37,052 [grpc-default-executor-9] INFO  impl.RaftServerImpl (RaftServerImpl.java:setRole(184)) - 215fceca-0555-458b-bc4f-ba38ff24d5ba@group-42ACBF6EBE4E: changes role from  FOLLOWER to FOLLOWER at term 110 for recognizeCandidate:decc5551-dd4b-40dc-8ff5-b6b450d67f6f
2019-10-17 07:10:37,052 [grpc-default-executor-4] INFO  impl.RaftServerImpl (RaftServerImpl.java:setRole(184)) - 831edaa1-80a5-4091-843f-90c648a5a79d@group-233C052D78D6: changes role from  FOLLOWER to FOLLOWER at term 106 for recognizeCandidate:5c4ee31d-c5ed-4c65-a5df-da3e3cf53ac2
2019-10-17 07:10:37,052 [grpc-default-executor-3] INFO  impl.RoleInfo (RoleInfo.java:shutdownFollowerState(121)) - 67ae3572-7d88-4e50-b53b-0f48f6748b38: shutdown FollowerState
2019-10-17 07:10:37,053 [grpc-default-executor-4] INFO  impl.RoleInfo (RoleInfo.java:shutdownFollowerState(121)) - 831edaa1-80a5-4091-843f-90c648a5a79d: shutdown FollowerState
2019-10-17 07:10:37,052 [grpc-default-executor-9] INFO  impl.RoleInfo (RoleInfo.java:shutdownFollowerState(121)) - 215fceca-0555-458b-bc4f-ba38ff24d5ba: shutdown FollowerState
2019-10-17 07:10:37,053 [grpc-default-executor-7] INFO  impl.RaftServerImpl (RaftServerImpl.java:setRole(184)) - 0c631657-10a5-4e2a-a322-8fc6c651b2ed@group-42ACBF6EBE4E: changes role from  FOLLOWER to FOLLOWER at term 110 for recognizeCandidate:decc5551-dd4b-40dc-8ff5-b6b450d67f6f
2019-10-17 07:10:37,053 [Thread-1766] INFO  impl.FollowerState (FollowerState.java:run(117)) - 831edaa1-80a5-4091-843f-90c648a5a79d@group-233C052D78D6-FollowerState was interrupted: java.lang.InterruptedException: sleep interrupted
2019-10-17 07:10:37,053 [grpc-default-executor-4] INFO  impl.RoleInfo (RoleInfo.java:updateAndGet(143)) - 831edaa1-80a5-4091-843f-90c648a5a79d: start FollowerState
2019-10-17 07:10:37,053 [Thread-1769] INFO  impl.FollowerState (FollowerState.java:run(117)) - 67ae3572-7d88-4e50-b53b-0f48f6748b38@group-233C052D78D6-FollowerState was interrupted: java.lang.InterruptedException: sleep interrupted
2019-10-17 07:10:37,053 [grpc-default-executor-3] INFO  impl.RoleInfo (RoleInfo.java:updateAndGet(143)) - 67ae3572-7d88-4e50-b53b-0f48f6748b38: start FollowerState
2019-10-17 07:10:37,053 [grpc-default-executor-7] INFO  impl.RoleInfo (RoleInfo.java:shutdownFollowerState(121)) - 0c631657-10a5-4e2a-a322-8fc6c651b2ed: shutdown FollowerState
2019-10-17 07:10:37,053 [Thread-1775] INFO  impl.FollowerState (FollowerState.java:run(117)) - 215fceca-0555-458b-bc4f-ba38ff24d5ba@group-42ACBF6EBE4E-FollowerState was interrupted: java.lang.InterruptedException: sleep interrupted
2019-10-17 07:10:37,053 [grpc-default-executor-9] INFO  impl.RoleInfo (RoleInfo.java:updateAndGet(143)) - 215fceca-0555-458b-bc4f-ba38ff24d5ba: start FollowerState
2019-10-17 07:10:37,054 [Thread-1776] INFO  impl.FollowerState (FollowerState.java:run(117)) - 0c631657-10a5-4e2a-a322-8fc6c651b2ed@group-42ACBF6EBE4E-FollowerState was interrupted: java.lang.InterruptedException: sleep interrupted
2019-10-17 07:10:37,054 [grpc-default-executor-7] INFO  impl.RoleInfo (RoleInfo.java:updateAndGet(143)) - 0c631657-10a5-4e2a-a322-8fc6c651b2ed: start FollowerState
2019-10-17 07:10:37,068 [decc5551-dd4b-40dc-8ff5-b6b450d67f6f@group-42ACBF6EBE4E-LeaderElection208] INFO  impl.LeaderElection (LeaderElection.java:logAndReturn(56)) - decc5551-dd4b-40dc-8ff5-b6b450d67f6f@group-42ACBF6EBE4E-LeaderElection208: Election REJECTED; received 2 response(s) [decc5551-dd4b-40dc-8ff5-b6b450d67f6f<-215fceca-0555-458b-bc4f-ba38ff24d5ba#0:FAIL-t110, decc5551-dd4b-40dc-8ff5-b6b450d67f6f<-0c631657-10a5-4e2a-a322-8fc6c651b2ed#0:FAIL-t110] and 0 exception(s); decc5551-dd4b-40dc-8ff5-b6b450d67f6f@group-42ACBF6EBE4E:t110, leader=null, voted=decc5551-dd4b-40dc-8ff5-b6b450d67f6f, raftlog=decc5551-dd4b-40dc-8ff5-b6b450d67f6f@group-42ACBF6EBE4E-SegmentedRaftLog:OPENED:c-1,f-1,i0, conf=-1: [215fceca-0555-458b-bc4f-ba38ff24d5ba:192.168.157.211:43803, decc5551-dd4b-40dc-8ff5-b6b450d67f6f:192.168.157.211:34435, 0c631657-10a5-4e2a-a322-8fc6c651b2ed:192.168.157.211:41694], old=null
2019-10-17 07:10:37,068 [5c4ee31d-c5ed-4c65-a5df-da3e3cf53ac2@group-233C052D78D6-LeaderElection207] INFO  impl.LeaderElection (LeaderElection.java:logAndReturn(56)) - 5c4ee31d-c5ed-4c65-a5df-da3e3cf53ac2@group-233C052D78D6-LeaderElection207: Election REJECTED; received 2 response(s) [5c4ee31d-c5ed-4c65-a5df-da3e3cf53ac2<-67ae3572-7d88-4e50-b53b-0f48f6748b38#0:FAIL-t106, 5c4ee31d-c5ed-4c65-a5df-da3e3cf53ac2<-831edaa1-80a5-4091-843f-90c648a5a79d#0:FAIL-t106] and 0 exception(s); 5c4ee31d-c5ed-4c65-a5df-da3e3cf53ac2@group-233C052D78D6:t106, leader=null, voted=5c4ee31d-c5ed-4c65-a5df-da3e3cf53ac2, raftlog=5c4ee31d-c5ed-4c65-a5df-da3e3cf53ac2@group-233C052D78D6-SegmentedRaftLog:OPENED:c-1,f-1,i0, conf=-1: [67ae3572-7d88-4e50-b53b-0f48f6748b38:192.168.157.211:41299, 831edaa1-80a5-4091-843f-90c648a5a79d:192.168.157.211:44365, 5c4ee31d-c5ed-4c65-a5df-da3e3cf53ac2:192.168.157.211:45059], old=null
2019-10-17 07:10:37,068 [decc5551-dd4b-40dc-8ff5-b6b450d67f6f@group-42ACBF6EBE4E-LeaderElection208] INFO  impl.RaftServerImpl (RaftServerImpl.java:setRole(184)) - decc5551-dd4b-40dc-8ff5-b6b450d67f6f@group-42ACBF6EBE4E: changes role from CANDIDATE to FOLLOWER at term 110 for DISCOVERED_A_NEW_TERM
2019-10-17 07:10:37,069 [5c4ee31d-c5ed-4c65-a5df-da3e3cf53ac2@group-233C052D78D6-LeaderElection207] INFO  impl.RaftServerImpl (RaftServerImpl.java:setRole(184)) - 5c4ee31d-c5ed-4c65-a5df-da3e3cf53ac2@group-233C052D78D6: changes role from CANDIDATE to FOLLOWER at term 106 for DISCOVERED_A_NEW_TERM
2019-10-17 07:10:37,069 [decc5551-dd4b-40dc-8ff5-b6b450d67f6f@group-42ACBF6EBE4E-LeaderElection208] INFO  impl.RoleInfo (RoleInfo.java:shutdownLeaderElection(134)) - decc5551-dd4b-40dc-8ff5-b6b450d67f6f: shutdown LeaderElection
2019-10-17 07:10:37,069 [5c4ee31d-c5ed-4c65-a5df-da3e3cf53ac2@group-233C052D78D6-LeaderElection207] INFO  impl.RoleInfo (RoleInfo.java:shutdownLeaderElection(134)) - 5c4ee31d-c5ed-4c65-a5df-da3e3cf53ac2: shutdown LeaderElection
2019-10-17 07:10:37,069 [decc5551-dd4b-40dc-8ff5-b6b450d67f6f@group-42ACBF6EBE4E-LeaderElection208] INFO  impl.RoleInfo (RoleInfo.java:updateAndGet(143)) - decc5551-dd4b-40dc-8ff5-b6b450d67f6f: start FollowerState
2019-10-17 07:10:37,069 [5c4ee31d-c5ed-4c65-a5df-da3e3cf53ac2@group-233C052D78D6-LeaderElection207] INFO  impl.RoleInfo (RoleInfo.java:updateAndGet(143)) - 5c4ee31d-c5ed-4c65-a5df-da3e3cf53ac2: start FollowerState
2019-10-17 07:10:37,204 [Thread-1788] INFO  impl.FollowerState (FollowerState.java:run(108)) - decc5551-dd4b-40dc-8ff5-b6b450d67f6f@group-42ACBF6EBE4E-FollowerState: change to CANDIDATE, lastRpcTime:135ms, electionTimeout:135ms
2019-10-17 07:10:37,204 [Thread-1788] INFO  impl.RoleInfo (RoleInfo.java:shutdownFollowerState(121)) - decc5551-dd4b-40dc-8ff5-b6b450d67f6f: shutdown FollowerState
2019-10-17 07:10:37,204 [Thread-1788] INFO  impl.RaftServerImpl (RaftServerImpl.java:setRole(184)) - decc5551-dd4b-40dc-8ff5-b6b450d67f6f@group-42ACBF6EBE4E: changes role from  FOLLOWER to CANDIDATE at term 110 for changeToCandidate
2019-10-17 07:10:37,205 [Thread-1788] INFO  impl.RoleInfo (RoleInfo.java:updateAndGet(143)) - decc5551-dd4b-40dc-8ff5-b6b450d67f6f: start LeaderElection
2019-10-17 07:10:37,219 [decc5551-dd4b-40dc-8ff5-b6b450d67f6f@group-42ACBF6EBE4E-LeaderElection209] INFO  impl.LeaderElection (LeaderElection.java:askForVotes(178)) - decc5551-dd4b-40dc-8ff5-b6b450d67f6f@group-42ACBF6EBE4E-LeaderElection209: begin an election at term 111 for -1: [215fceca-0555-458b-bc4f-ba38ff24d5ba:192.168.157.211:43803, decc5551-dd4b-40dc-8ff5-b6b450d67f6f:192.168.157.211:34435, 0c631657-10a5-4e2a-a322-8fc6c651b2ed:192.168.157.211:41694], old=null
2019-10-17 07:10:37,221 [grpc-default-executor-7] INFO  impl.RaftServerImpl (RaftServerImpl.java:setRole(184)) - 215fceca-0555-458b-bc4f-ba38ff24d5ba@group-42ACBF6EBE4E: changes role from  FOLLOWER to FOLLOWER at term 111 for recognizeCandidate:decc5551-dd4b-40dc-8ff5-b6b450d67f6f
2019-10-17 07:10:37,222 [grpc-default-executor-7] INFO  impl.RoleInfo (RoleInfo.java:shutdownFollowerState(121)) - 215fceca-0555-458b-bc4f-ba38ff24d5ba: shutdown FollowerState
2019-10-17 07:10:37,222 [grpc-default-executor-3] INFO  impl.RaftServerImpl (RaftServerImpl.java:setRole(184)) - 0c631657-10a5-4e2a-a322-8fc6c651b2ed@group-42ACBF6EBE4E: changes role from  FOLLOWER to FOLLOWER at term 111 for recognizeCandidate:decc5551-dd4b-40dc-8ff5-b6b450d67f6f
2019-10-17 07:10:37,222 [grpc-default-executor-3] INFO  impl.RoleInfo (RoleInfo.java:shutdownFollowerState(121)) - 0c631657-10a5-4e2a-a322-8fc6c651b2ed: shutdown FollowerState
2019-10-17 07:10:37,222 [Thread-1786] INFO  impl.FollowerState (FollowerState.java:run(117)) - 215fceca-0555-458b-bc4f-ba38ff24d5ba@group-42ACBF6EBE4E-FollowerState was interrupted: java.lang.InterruptedException: sleep interrupted
2019-10-17 07:10:37,222 [Thread-1787] INFO  impl.FollowerState (FollowerState.java:run(117)) - 0c631657-10a5-4e2a-a322-8fc6c651b2ed@group-42ACBF6EBE4E-FollowerState was interrupted: java.lang.InterruptedException: sleep interrupted
2019-10-17 07:10:37,222 [grpc-default-executor-7] INFO  impl.RoleInfo (RoleInfo.java:updateAndGet(143)) - 215fceca-0555-458b-bc4f-ba38ff24d5ba: start FollowerState
2019-10-17 07:10:37,222 [grpc-default-executor-3] INFO  impl.RoleInfo (RoleInfo.java:updateAndGet(143)) - 0c631657-10a5-4e2a-a322-8fc6c651b2ed: start FollowerState
2019-10-17 07:10:37,227 [Thread-1789] INFO  impl.FollowerState (FollowerState.java:run(108)) - 5c4ee31d-c5ed-4c65-a5df-da3e3cf53ac2@group-233C052D78D6-FollowerState: change to CANDIDATE, lastRpcTime:158ms, electionTimeout:158ms
2019-10-17 07:10:37,228 [Thread-1789] INFO  impl.RoleInfo (RoleInfo.java:shutdownFollowerState(121)) - 5c4ee31d-c5ed-4c65-a5df-da3e3cf53ac2: shutdown FollowerState
2019-10-17 07:10:37,228 [Thread-1789] INFO  impl.RaftServerImpl (RaftServerImpl.java:setRole(184)) - 5c4ee31d-c5ed-4c65-a5df-da3e3cf53ac2@group-233C052D78D6: changes role from  FOLLOWER to CANDIDATE at term 106 for changeToCandidate
2019-10-17 07:10:37,228 [Thread-1789] INFO  impl.RoleInfo (RoleInfo.java:updateAndGet(143)) - 5c4ee31d-c5ed-4c65-a5df-da3e3cf53ac2: start LeaderElection
2019-10-17 07:10:37,236 [5c4ee31d-c5ed-4c65-a5df-da3e3cf53ac2@group-233C052D78D6-LeaderElection210] INFO  impl.LeaderElection (LeaderElection.java:askForVotes(178)) - 5c4ee31d-c5ed-4c65-a5df-da3e3cf53ac2@group-233C052D78D6-LeaderElection210: begin an election at term 107 for -1: [67ae3572-7d88-4e50-b53b-0f48f6748b38:192.168.157.211:41299, 831edaa1-80a5-4091-843f-90c648a5a79d:192.168.157.211:44365, 5c4ee31d-c5ed-4c65-a5df-da3e3cf53ac2:192.168.157.211:45059], old=null
2019-10-17 07:10:37,237 [decc5551-dd4b-40dc-8ff5-b6b450d67f6f@group-42ACBF6EBE4E-LeaderElection209] INFO  impl.LeaderElection (LeaderElection.java:logAndReturn(56)) - decc5551-dd4b-40dc-8ff5-b6b450d67f6f@group-42ACBF6EBE4E-LeaderElection209: Election REJECTED; received 2 response(s) [decc5551-dd4b-40dc-8ff5-b6b450d67f6f<-215fceca-0555-458b-bc4f-ba38ff24d5ba#0:FAIL-t111, decc5551-dd4b-40dc-8ff5-b6b450d67f6f<-0c631657-10a5-4e2a-a322-8fc6c651b2ed#0:FAIL-t111] and 0 exception(s); decc5551-dd4b-40dc-8ff5-b6b450d67f6f@group-42ACBF6EBE4E:t111, leader=null, voted=decc5551-dd4b-40dc-8ff5-b6b450d67f6f, raftlog=decc5551-dd4b-40dc-8ff5-b6b450d67f6f@group-42ACBF6EBE4E-SegmentedRaftLog:OPENED:c-1,f-1,i0, conf=-1: [215fceca-0555-458b-bc4f-ba38ff24d5ba:192.168.157.211:43803, decc5551-dd4b-40dc-8ff5-b6b450d67f6f:192.168.157.211:34435, 0c631657-10a5-4e2a-a322-8fc6c651b2ed:192.168.157.211:41694], old=null
2019-10-17 07:10:37,237 [decc5551-dd4b-40dc-8ff5-b6b450d67f6f@group-42ACBF6EBE4E-LeaderElection209] INFO  impl.RaftServerImpl (RaftServerImpl.java:setRole(184)) - decc5551-dd4b-40dc-8ff5-b6b450d67f6f@group-42ACBF6EBE4E: changes role from CANDIDATE to FOLLOWER at term 111 for DISCOVERED_A_NEW_TERM
2019-10-17 07:10:37,237 [decc5551-dd4b-40dc-8ff5-b6b450d67f6f@group-42ACBF6EBE4E-LeaderElection209] INFO  impl.RoleInfo (RoleInfo.java:shutdownLeaderElection(134)) - decc5551-dd4b-40dc-8ff5-b6b450d67f6f: shutdown LeaderElection
2019-10-17 07:10:37,238 [decc5551-dd4b-40dc-8ff5-b6b450d67f6f@group-42ACBF6EBE4E-LeaderElection209] INFO  impl.RoleInfo (RoleInfo.java:updateAndGet(143)) - decc5551-dd4b-40dc-8ff5-b6b450d67f6f: start FollowerState
2019-10-17 07:10:37,238 [grpc-default-executor-3] INFO  impl.RaftServerImpl (RaftServerImpl.java:setRole(184)) - 67ae3572-7d88-4e50-b53b-0f48f6748b38@group-233C052D78D6: changes role from  FOLLOWER to FOLLOWER at term 107 for recognizeCandidate:5c4ee31d-c5ed-4c65-a5df-da3e3cf53ac2
2019-10-17 07:10:37,238 [grpc-default-executor-3] INFO  impl.RoleInfo (RoleInfo.java:shutdownFollowerState(121)) - 67ae3572-7d88-4e50-b53b-0f48f6748b38: shutdown FollowerState
2019-10-17 07:10:37,238 [grpc-default-executor-3] INFO  impl.RoleInfo (RoleInfo.java:updateAndGet(143)) - 67ae3572-7d88-4e50-b53b-0f48f6748b38: start FollowerState
2019-10-17 07:10:37,238 [Thread-1784] INFO  impl.FollowerState (FollowerState.java:run(117)) - 67ae3572-7d88-4e50-b53b-0f48f6748b38@group-233C052D78D6-FollowerState was interrupted: java.lang.InterruptedException: sleep interrupted
2019-10-17 07:10:37,239 [grpc-default-executor-7] INFO  impl.RaftServerImpl (RaftServerImpl.java:setRole(184)) - 831edaa1-80a5-4091-843f-90c648a5a79d@group-233C052D78D6: changes role from  FOLLOWER to FOLLOWER at term 107 for recognizeCandidate:5c4ee31d-c5ed-4c65-a5df-da3e3cf53ac2
2019-10-17 07:10:37,239 [grpc-default-executor-7] INFO  impl.RoleInfo (RoleInfo.java:shutdownFollowerState(121)) - 831edaa1-80a5-4091-843f-90c648a5a79d: shutdown FollowerState
2019-10-17 07:10:37,239 [grpc-default-executor-7] INFO  impl.RoleInfo (RoleInfo.java:updateAndGet(143)) - 831edaa1-80a5-4091-843f-90c648a5a79d: start FollowerState
2019-10-17 07:10:37,239 [Thread-1785] INFO  impl.FollowerState (FollowerState.java:run(117)) - 831edaa1-80a5-4091-843f-90c648a5a79d@group-233C052D78D6-FollowerState was interrupted: java.lang.InterruptedException: sleep interrupted
2019-10-17 07:10:37,252 [5c4ee31d-c5ed-4c65-a5df-da3e3cf53ac2@group-233C052D78D6-LeaderElection210] INFO  impl.LeaderElection (LeaderElection.java:logAndReturn(56)) - 5c4ee31d-c5ed-4c65-a5df-da3e3cf53ac2@group-233C052D78D6-LeaderElection210: Election REJECTED; received 2 response(s) [5c4ee31d-c5ed-4c65-a5df-da3e3cf53ac2<-67ae3572-7d88-4e50-b53b-0f48f6748b38#0:FAIL-t107, 5c4ee31d-c5ed-4c65-a5df-da3e3cf53ac2<-831edaa1-80a5-4091-843f-90c648a5a79d#0:FAIL-t107] and 0 exception(s); 5c4ee31d-c5ed-4c65-a5df-da3e3cf53ac2@group-233C052D78D6:t107, leader=null, voted=5c4ee31d-c5ed-4c65-a5df-da3e3cf53ac2, raftlog=5c4ee31d-c5ed-4c65-a5df-da3e3cf53ac2@group-233C052D78D6-SegmentedRaftLog:OPENED:c-1,f-1,i0, conf=-1: [67ae3572-7d88-4e50-b53b-0f48f6748b38:192.168.157.211:41299, 831edaa1-80a5-4091-843f-90c648a5a79d:192.168.157.211:44365, 5c4ee31d-c5ed-4c65-a5df-da3e3cf53ac2:192.168.157.211:45059], old=null
2019-10-17 07:10:37,252 [5c4ee31d-c5ed-4c65-a5df-da3e3cf53ac2@group-233C052D78D6-LeaderElection210] INFO  impl.RaftServerImpl (RaftServerImpl.java:setRole(184)) - 5c4ee31d-c5ed-4c65-a5df-da3e3cf53ac2@group-233C052D78D6: changes role from CANDIDATE to FOLLOWER at term 107 for DISCOVERED_A_NEW_TERM
2019-10-17 07:10:37,252 [5c4ee31d-c5ed-4c65-a5df-da3e3cf53ac2@group-233C052D78D6-LeaderElection210] INFO  impl.RoleInfo (RoleInfo.java:shutdownLeaderElection(134)) - 5c4ee31d-c5ed-4c65-a5df-da3e3cf53ac2: shutdown LeaderElection
2019-10-17 07:10:37,253 [5c4ee31d-c5ed-4c65-a5df-da3e3cf53ac2@group-233C052D78D6-LeaderElection210] INFO  impl.RoleInfo (RoleInfo.java:updateAndGet(143)) - 5c4ee31d-c5ed-4c65-a5df-da3e3cf53ac2: start FollowerState
2019-10-17 07:10:37,391 [Thread-1800] INFO  impl.FollowerState (FollowerState.java:run(108)) - decc5551-dd4b-40dc-8ff5-b6b450d67f6f@group-42ACBF6EBE4E-FollowerState: change to CANDIDATE, lastRpcTime:153ms, electionTimeout:153ms
2019-10-17 07:10:37,391 [Thread-1800] INFO  impl.RoleInfo (RoleInfo.java:shutdownFollowerState(121)) - decc5551-dd4b-40dc-8ff5-b6b450d67f6f: shutdown FollowerState
2019-10-17 07:10:37,391 [Thread-1800] INFO  impl.RaftServerImpl (RaftServerImpl.java:setRole(184)) - decc5551-dd4b-40dc-8ff5-b6b450d67f6f@group-42ACBF6EBE4E: changes role from  FOLLOWER to CANDIDATE at term 111 for changeToCandidate
2019-10-17 07:10:37,391 [Thread-1800] INFO  impl.RoleInfo (RoleInfo.java:updateAndGet(143)) - decc5551-dd4b-40dc-8ff5-b6b450d67f6f: start LeaderElection
2019-10-17 07:10:37,406 [decc5551-dd4b-40dc-8ff5-b6b450d67f6f@group-42ACBF6EBE4E-LeaderElection211] INFO  impl.LeaderElection (LeaderElection.java:askForVotes(178)) - decc5551-dd4b-40dc-8ff5-b6b450d67f6f@group-42ACBF6EBE4E-LeaderElection211: begin an election at term 112 for -1: [215fceca-0555-458b-bc4f-ba38ff24d5ba:192.168.157.211:43803, decc5551-dd4b-40dc-8ff5-b6b450d67f6f:192.168.157.211:34435, 0c631657-10a5-4e2a-a322-8fc6c651b2ed:192.168.157.211:41694], old=null
2019-10-17 07:10:37,408 [grpc-default-executor-3] INFO  impl.RaftServerImpl (RaftServerImpl.java:setRole(184)) - 215fceca-0555-458b-bc4f-ba38ff24d5ba@group-42ACBF6EBE4E: changes role from  FOLLOWER to FOLLOWER at term 112 for recognizeCandidate:decc5551-dd4b-40dc-8ff5-b6b450d67f6f
2019-10-17 07:10:37,408 [grpc-default-executor-7] INFO  impl.RaftServerImpl (RaftServerImpl.java:setRole(184)) - 0c631657-10a5-4e2a-a322-8fc6c651b2ed@group-42ACBF6EBE4E: changes role from  FOLLOWER to FOLLOWER at term 112 for recognizeCandidate:decc5551-dd4b-40dc-8ff5-b6b450d67f6f
2019-10-17 07:10:37,408 [grpc-default-executor-3] INFO  impl.RoleInfo (RoleInfo.java:shutdownFollowerState(121)) - 215fceca-0555-458b-bc4f-ba38ff24d5ba: shutdown FollowerState
2019-10-17 07:10:37,409 [grpc-default-executor-7] INFO  impl.RoleInfo (RoleInfo.java:shutdownFollowerState(121)) - 0c631657-10a5-4e2a-a322-8fc6c651b2ed: shutdown FollowerState
2019-10-17 07:10:37,409 [Thread-1795] INFO  impl.FollowerState (FollowerState.java:run(117)) - 215fceca-0555-458b-bc4f-ba38ff24d5ba@group-42ACBF6EBE4E-FollowerState was interrupted: java.lang.InterruptedException: sleep interrupted
2019-10-17 07:10:37,409 [grpc-default-executor-3] INFO  impl.RoleInfo (RoleInfo.java:updateAndGet(143)) - 215fceca-0555-458b-bc4f-ba38ff24d5ba: start FollowerState
2019-10-17 07:10:37,409 [Thread-1796] INFO  impl.FollowerState (FollowerState.java:run(117)) - 0c631657-10a5-4e2a-a322-8fc6c651b2ed@group-42ACBF6EBE4E-FollowerState was interrupted: java.lang.InterruptedException: sleep interrupted
2019-10-17 07:10:37,409 [grpc-default-executor-7] INFO  impl.RoleInfo (RoleInfo.java:updateAndGet(143)) - 0c631657-10a5-4e2a-a322-8fc6c651b2ed: start FollowerState
2019-10-17 07:10:37,424 [decc5551-dd4b-40dc-8ff5-b6b450d67f6f@group-42ACBF6EBE4E-LeaderElection211] INFO  impl.LeaderElection (LeaderElection.java:logAndReturn(56)) - decc5551-dd4b-40dc-8ff5-b6b450d67f6f@group-42ACBF6EBE4E-LeaderElection211: Election REJECTED; received 2 response(s) [decc5551-dd4b-40dc-8ff5-b6b450d67f6f<-215fceca-0555-458b-bc4f-ba38ff24d5ba#0:FAIL-t112, decc5551-dd4b-40dc-8ff5-b6b450d67f6f<-0c631657-10a5-4e2a-a322-8fc6c651b2ed#0:FAIL-t112] and 0 exception(s); decc5551-dd4b-40dc-8ff5-b6b450d67f6f@group-42ACBF6EBE4E:t112, leader=null, voted=decc5551-dd4b-40dc-8ff5-b6b450d67f6f, raftlog=decc5551-dd4b-40dc-8ff5-b6b450d67f6f@group-42ACBF6EBE4E-SegmentedRaftLog:OPENED:c-1,f-1,i0, conf=-1: [215fceca-0555-458b-bc4f-ba38ff24d5ba:192.168.157.211:43803, decc5551-dd4b-40dc-8ff5-b6b450d67f6f:192.168.157.211:34435, 0c631657-10a5-4e2a-a322-8fc6c651b2ed:192.168.157.211:41694], old=null
2019-10-17 07:10:37,424 [decc5551-dd4b-40dc-8ff5-b6b450d67f6f@group-42ACBF6EBE4E-LeaderElection211] INFO  impl.RaftServerImpl (RaftServerImpl.java:setRole(184)) - decc5551-dd4b-40dc-8ff5-b6b450d67f6f@group-42ACBF6EBE4E: changes role from CANDIDATE to FOLLOWER at term 112 for DISCOVERED_A_NEW_TERM
2019-10-17 07:10:37,424 [decc5551-dd4b-40dc-8ff5-b6b450d67f6f@group-42ACBF6EBE4E-LeaderElection211] INFO  impl.RoleInfo (RoleInfo.java:shutdownLeaderElection(134)) - decc5551-dd4b-40dc-8ff5-b6b450d67f6f: shutdown LeaderElection
2019-10-17 07:10:37,424 [decc5551-dd4b-40dc-8ff5-b6b450d67f6f@group-42ACBF6EBE4E-LeaderElection211] INFO  impl.RoleInfo (RoleInfo.java:updateAndGet(143)) - decc5551-dd4b-40dc-8ff5-b6b450d67f6f: start FollowerState
2019-10-17 07:10:37,431 [Thread-1803] INFO  impl.FollowerState (FollowerState.java:run(108)) - 5c4ee31d-c5ed-4c65-a5df-da3e3cf53ac2@group-233C052D78D6-FollowerState: change to CANDIDATE, lastRpcTime:178ms, electionTimeout:178ms
2019-10-17 07:10:37,431 [Thread-1803] INFO  impl.RoleInfo (RoleInfo.java:shutdownFollowerState(121)) - 5c4ee31d-c5ed-4c65-a5df-da3e3cf53ac2: shutdown FollowerState
2019-10-17 07:10:37,431 [Thread-1803] INFO  impl.RaftServerImpl (RaftServerImpl.java:setRole(184)) - 5c4ee31d-c5ed-4c65-a5df-da3e3cf53ac2@group-233C052D78D6: changes role from  FOLLOWER to CANDIDATE at term 107 for changeToCandidate
2019-10-17 07:10:37,431 [Thread-1803] INFO  impl.RoleInfo (RoleInfo.java:updateAndGet(143)) - 5c4ee31d-c5ed-4c65-a5df-da3e3cf53ac2: start LeaderElection
2019-10-17 07:10:37,445 [5c4ee31d-c5ed-4c65-a5df-da3e3cf53ac2@group-233C052D78D6-LeaderElection212] INFO  impl.LeaderElection (LeaderElection.java:askForVotes(178)) - 5c4ee31d-c5ed-4c65-a5df-da3e3cf53ac2@group-233C052D78D6-LeaderElection212: begin an election at term 108 for -1: [67ae3572-7d88-4e50-b53b-0f48f6748b38:192.168.157.211:41299, 831edaa1-80a5-4091-843f-90c648a5a79d:192.168.157.211:44365, 5c4ee31d-c5ed-4c65-a5df-da3e3cf53ac2:192.168.157.211:45059], old=null
2019-10-17 07:10:37,447 [grpc-default-executor-7] INFO  impl.RaftServerImpl (RaftServerImpl.java:setRole(184)) - 67ae3572-7d88-4e50-b53b-0f48f6748b38@group-233C052D78D6: changes role from  FOLLOWER to FOLLOWER at term 108 for recognizeCandidate:5c4ee31d-c5ed-4c65-a5df-da3e3cf53ac2
2019-10-17 07:10:37,447 [grpc-default-executor-7] INFO  impl.RoleInfo (RoleInfo.java:shutdownFollowerState(121)) - 67ae3572-7d88-4e50-b53b-0f48f6748b38: shutdown FollowerState
2019-10-17 07:10:37,447 [grpc-default-executor-7] INFO  impl.RoleInfo (RoleInfo.java:updateAndGet(143)) - 67ae3572-7d88-4e50-b53b-0f48f6748b38: start FollowerState
2019-10-17 07:10:37,447 [grpc-default-executor-3] INFO  impl.RaftServerImpl (RaftServerImpl.java:setRole(184)) - 831edaa1-80a5-4091-843f-90c648a5a79d@group-233C052D78D6: changes role from  FOLLOWER to FOLLOWER at term 108 for recognizeCandidate:5c4ee31d-c5ed-4c65-a5df-da3e3cf53ac2
2019-10-17 07:10:37,447 [grpc-default-executor-3] INFO  impl.RoleInfo (RoleInfo.java:shutdownFollowerState(121)) - 831edaa1-80a5-4091-843f-90c648a5a79d: shutdown FollowerState
2019-10-17 07:10:37,447 [Thread-1801] INFO  impl.FollowerState (FollowerState.java:run(117)) - 67ae3572-7d88-4e50-b53b-0f48f6748b38@group-233C052D78D6-FollowerState was interrupted: java.lang.InterruptedException: sleep interrupted
2019-10-17 07:10:37,447 [Thread-1802] INFO  impl.FollowerState (FollowerState.java:run(117)) - 831edaa1-80a5-4091-843f-90c648a5a79d@group-233C052D78D6-FollowerState was interrupted: java.lang.InterruptedException: sleep interrupted
2019-10-17 07:10:37,447 [grpc-default-executor-3] INFO  impl.RoleInfo (RoleInfo.java:updateAndGet(143)) - 831edaa1-80a5-4091-843f-90c648a5a79d: start FollowerState
2019-10-17 07:10:37,453 [5c4ee31d-c5ed-4c65-a5df-da3e3cf53ac2@group-233C052D78D6-LeaderElection212] INFO  impl.LeaderElection (LeaderElection.java:logAndReturn(56)) - 5c4ee31d-c5ed-4c65-a5df-da3e3cf53ac2@group-233C052D78D6-LeaderElection212: Election TIMEOUT; received 0 response(s) [] and 0 exception(s); 5c4ee31d-c5ed-4c65-a5df-da3e3cf53ac2@group-233C052D78D6:t108, leader=null, voted=5c4ee31d-c5ed-4c65-a5df-da3e3cf53ac2, raftlog=5c4ee31d-c5ed-4c65-a5df-da3e3cf53ac2@group-233C052D78D6-SegmentedRaftLog:OPENED:c-1,f-1,i0, conf=-1: [67ae3572-7d88-4e50-b53b-0f48f6748b38:192.168.157.211:41299, 831edaa1-80a5-4091-843f-90c648a5a79d:192.168.157.211:44365, 5c4ee31d-c5ed-4c65-a5df-da3e3cf53ac2:192.168.157.211:45059], old=null
2019-10-17 07:10:37,461 [5c4ee31d-c5ed-4c65-a5df-da3e3cf53ac2@group-233C052D78D6-LeaderElection212] INFO  impl.LeaderElection (LeaderElection.java:askForVotes(178)) - 5c4ee31d-c5ed-4c65-a5df-da3e3cf53ac2@group-233C052D78D6-LeaderElection212: begin an election at term 109 for -1: [67ae3572-7d88-4e50-b53b-0f48f6748b38:192.168.157.211:41299, 831edaa1-80a5-4091-843f-90c648a5a79d:192.168.157.211:44365, 5c4ee31d-c5ed-4c65-a5df-da3e3cf53ac2:192.168.157.211:45059], old=null
2019-10-17 07:10:37,463 [grpc-default-executor-7] INFO  impl.RaftServerImpl (RaftServerImpl.java:setRole(184)) - 67ae3572-7d88-4e50-b53b-0f48f6748b38@group-233C052D78D6: changes role from  FOLLOWER to FOLLOWER at term 109 for recognizeCandidate:5c4ee31d-c5ed-4c65-a5df-da3e3cf53ac2
2019-10-17 07:10:37,463 [grpc-default-executor-7] INFO  impl.RoleInfo (RoleInfo.java:shutdownFollowerState(121)) - 67ae3572-7d88-4e50-b53b-0f48f6748b38: shutdown FollowerState
2019-10-17 07:10:37,463 [grpc-default-executor-7] INFO  impl.RoleInfo (RoleInfo.java:updateAndGet(143)) - 67ae3572-7d88-4e50-b53b-0f48f6748b38: start FollowerState
2019-10-17 07:10:37,464 [Thread-1813] INFO  impl.FollowerState (FollowerState.java:run(117)) - 67ae3572-7d88-4e50-b53b-0f48f6748b38@group-233C052D78D6-FollowerState was interrupted: java.lang.InterruptedException: sleep interrupted
2019-10-17 07:10:37,464 [grpc-default-executor-3] INFO  impl.RaftServerImpl (RaftServerImpl.java:setRole(184)) - 831edaa1-80a5-4091-843f-90c648a5a79d@group-233C052D78D6: changes role from  FOLLOWER to FOLLOWER at term 109 for recognizeCandidate:5c4ee31d-c5ed-4c65-a5df-da3e3cf53ac2
2019-10-17 07:10:37,464 [grpc-default-executor-3] INFO  impl.RoleInfo (RoleInfo.java:shutdownFollowerState(121)) - 831edaa1-80a5-4091-843f-90c648a5a79d: shutdown FollowerState
2019-10-17 07:10:37,464 [grpc-default-executor-3] INFO  impl.RoleInfo (RoleInfo.java:updateAndGet(143)) - 831edaa1-80a5-4091-843f-90c648a5a79d: start FollowerState
2019-10-17 07:10:37,464 [Thread-1814] INFO  impl.FollowerState (FollowerState.java:run(117)) - 831edaa1-80a5-4091-843f-90c648a5a79d@group-233C052D78D6-FollowerState was interrupted: java.lang.InterruptedException: sleep interrupted
2019-10-17 07:10:37,478 [5c4ee31d-c5ed-4c65-a5df-da3e3cf53ac2@group-233C052D78D6-LeaderElection212] INFO  impl.LeaderElection (LeaderElection.java:logAndReturn(56)) - 5c4ee31d-c5ed-4c65-a5df-da3e3cf53ac2@group-233C052D78D6-LeaderElection212: Election REJECTED; received 2 response(s) [5c4ee31d-c5ed-4c65-a5df-da3e3cf53ac2<-67ae3572-7d88-4e50-b53b-0f48f6748b38#0:FAIL-t109, 5c4ee31d-c5ed-4c65-a5df-da3e3cf53ac2<-831edaa1-80a5-4091-843f-90c648a5a79d#0:FAIL-t109] and 0 exception(s); 5c4ee31d-c5ed-4c65-a5df-da3e3cf53ac2@group-233C052D78D6:t109, leader=null, voted=5c4ee31d-c5ed-4c65-a5df-da3e3cf53ac2, raftlog=5c4ee31d-c5ed-4c65-a5df-da3e3cf53ac2@group-233C052D78D6-SegmentedRaftLog:OPENED:c-1,f-1,i0, conf=-1: [67ae3572-7d88-4e50-b53b-0f48f6748b38:192.168.157.211:41299, 831edaa1-80a5-4091-843f-90c648a5a79d:192.168.157.211:44365, 5c4ee31d-c5ed-4c65-a5df-da3e3cf53ac2:192.168.157.211:45059], old=null
2019-10-17 07:10:37,478 [5c4ee31d-c5ed-4c65-a5df-da3e3cf53ac2@group-233C052D78D6-LeaderElection212] INFO  impl.RaftServerImpl (RaftServerImpl.java:setRole(184)) - 5c4ee31d-c5ed-4c65-a5df-da3e3cf53ac2@group-233C052D78D6: changes role from CANDIDATE to FOLLOWER at term 109 for DISCOVERED_A_NEW_TERM
2019-10-17 07:10:37,479 [5c4ee31d-c5ed-4c65-a5df-da3e3cf53ac2@group-233C052D78D6-LeaderElection212] INFO  impl.RoleInfo (RoleInfo.java:shutdownLeaderElection(134)) - 5c4ee31d-c5ed-4c65-a5df-da3e3cf53ac2: shutdown LeaderElection
2019-10-17 07:10:37,479 [5c4ee31d-c5ed-4c65-a5df-da3e3cf53ac2@group-233C052D78D6-LeaderElection212] INFO  impl.RoleInfo (RoleInfo.java:updateAndGet(143)) - 5c4ee31d-c5ed-4c65-a5df-da3e3cf53ac2: start FollowerState
2019-10-17 07:10:37,597 [Thread-1819] INFO  impl.FollowerState (FollowerState.java:run(108)) - 5c4ee31d-c5ed-4c65-a5df-da3e3cf53ac2@group-233C052D78D6-FollowerState: change to CANDIDATE, lastRpcTime:118ms, electionTimeout:118ms
2019-10-17 07:10:37,597 [Thread-1819] INFO  impl.RoleInfo (RoleInfo.java:shutdownFollowerState(121)) - 5c4ee31d-c5ed-4c65-a5df-da3e3cf53ac2: shutdown FollowerState
2019-10-17 07:10:37,597 [Thread-1819] INFO  impl.RaftServerImpl (RaftServerImpl.java:setRole(184)) - 5c4ee31d-c5ed-4c65-a5df-da3e3cf53ac2@group-233C052D78D6: changes role from  FOLLOWER to CANDIDATE at term 109 for changeToCandidate
2019-10-17 07:10:37,598 [Thread-1819] INFO  impl.RoleInfo (RoleInfo.java:updateAndGet(143)) - 5c4ee31d-c5ed-4c65-a5df-da3e3cf53ac2: start LeaderElection
2019-10-17 07:10:37,598 [Thread-1809] INFO  impl.FollowerState (FollowerState.java:run(108)) - decc5551-dd4b-40dc-8ff5-b6b450d67f6f@group-42ACBF6EBE4E-FollowerState: change to CANDIDATE, lastRpcTime:174ms, electionTimeout:174ms
2019-10-17 07:10:37,599 [Thread-1809] INFO  impl.RoleInfo (RoleInfo.java:shutdownFollowerState(121)) - decc5551-dd4b-40dc-8ff5-b6b450d67f6f: shutdown FollowerState
2019-10-17 07:10:37,599 [Thread-1809] INFO  impl.RaftServerImpl (RaftServerImpl.java:setRole(184)) - decc5551-dd4b-40dc-8ff5-b6b450d67f6f@group-42ACBF6EBE4E: changes role from  FOLLOWER to CANDIDATE at term 112 for changeToCandidate
2019-10-17 07:10:37,599 [Thread-1809] INFO  impl.RoleInfo (RoleInfo.java:updateAndGet(143)) - decc5551-dd4b-40dc-8ff5-b6b450d67f6f: start LeaderElection
2019-10-17 07:10:37,612 [decc5551-dd4b-40dc-8ff5-b6b450d67f6f@group-42ACBF6EBE4E-LeaderElection214] INFO  impl.LeaderElection (LeaderElection.java:askForVotes(178)) - decc5551-dd4b-40dc-8ff5-b6b450d67f6f@group-42ACBF6EBE4E-LeaderElection214: begin an election at term 113 for -1: [215fceca-0555-458b-bc4f-ba38ff24d5ba:192.168.157.211:43803, decc5551-dd4b-40dc-8ff5-b6b450d67f6f:192.168.157.211:34435, 0c631657-10a5-4e2a-a322-8fc6c651b2ed:192.168.157.211:41694], old=null
2019-10-17 07:10:37,612 [5c4ee31d-c5ed-4c65-a5df-da3e3cf53ac2@group-233C052D78D6-LeaderElection213] INFO  impl.LeaderElection (LeaderElection.java:askForVotes(178)) - 5c4ee31d-c5ed-4c65-a5df-da3e3cf53ac2@group-233C052D78D6-LeaderElection213: begin an election at term 110 for -1: [67ae3572-7d88-4e50-b53b-0f48f6748b38:192.168.157.211:41299, 831edaa1-80a5-4091-843f-90c648a5a79d:192.168.157.211:44365, 5c4ee31d-c5ed-4c65-a5df-da3e3cf53ac2:192.168.157.211:45059], old=null
2019-10-17 07:10:37,615 [grpc-default-executor-3] INFO  impl.RaftServerImpl (RaftServerImpl.java:setRole(184)) - 215fceca-0555-458b-bc4f-ba38ff24d5ba@group-42ACBF6EBE4E: changes role from  FOLLOWER to FOLLOWER at term 113 for recognizeCandidate:decc5551-dd4b-40dc-8ff5-b6b450d67f6f
2019-10-17 07:10:37,616 [grpc-default-executor-3] INFO  impl.RoleInfo (RoleInfo.java:shutdownFollowerState(121)) - 215fceca-0555-458b-bc4f-ba38ff24d5ba: shutdown FollowerState
2019-10-17 07:10:37,616 [grpc-default-executor-7] INFO  impl.RaftServerImpl (RaftServerImpl.java:setRole(184)) - 831edaa1-80a5-4091-843f-90c648a5a79d@group-233C052D78D6: changes role from  FOLLOWER to FOLLOWER at term 110 for recognizeCandidate:5c4ee31d-c5ed-4c65-a5df-da3e3cf53ac2
2019-10-17 07:10:37,616 [grpc-default-executor-7] INFO  impl.RoleInfo (RoleInfo.java:shutdownFollowerState(121)) - 831edaa1-80a5-4091-843f-90c648a5a79d: shutdown FollowerState
2019-10-17 07:10:37,616 [grpc-default-executor-4] INFO  impl.RaftServerImpl (RaftServerImpl.java:setRole(184)) - 0c631657-10a5-4e2a-a322-8fc6c651b2ed@group-42ACBF6EBE4E: changes role from  FOLLOWER to FOLLOWER at term 113 for recognizeCandidate:decc5551-dd4b-40dc-8ff5-b6b450d67f6f
2019-10-17 07:10:37,616 [grpc-default-executor-4] INFO  impl.RoleInfo (RoleInfo.java:shutdownFollowerState(121)) - 0c631657-10a5-4e2a-a322-8fc6c651b2ed: shutdown FollowerState
2019-10-17 07:10:37,616 [Thread-1807] INFO  impl.FollowerState (FollowerState.java:run(117)) - 215fceca-0555-458b-bc4f-ba38ff24d5ba@group-42ACBF6EBE4E-FollowerState was interrupted: java.lang.InterruptedException: sleep interrupted
2019-10-17 07:10:37,616 [Thread-1808] INFO  impl.FollowerState (FollowerState.java:run(117)) - 0c631657-10a5-4e2a-a322-8fc6c651b2ed@group-42ACBF6EBE4E-FollowerState was interrupted: java.lang.InterruptedException: sleep interrupted
2019-10-17 07:10:37,616 [grpc-default-executor-3] INFO  impl.RoleInfo (RoleInfo.java:updateAndGet(143)) - 215fceca-0555-458b-bc4f-ba38ff24d5ba: start FollowerState
2019-10-17 07:10:37,616 [grpc-default-executor-4] INFO  impl.RoleInfo (RoleInfo.java:updateAndGet(143)) - 0c631657-10a5-4e2a-a322-8fc6c651b2ed: start FollowerState
2019-10-17 07:10:37,616 [Thread-1818] INFO  impl.FollowerState (FollowerState.java:run(117)) - 831edaa1-80a5-4091-843f-90c648a5a79d@group-233C052D78D6-FollowerState was interrupted: java.lang.InterruptedException: sleep interrupted
2019-10-17 07:10:37,616 [grpc-default-executor-7] INFO  impl.RoleInfo (RoleInfo.java:updateAndGet(143)) - 831edaa1-80a5-4091-843f-90c648a5a79d: start FollowerState
2019-10-17 07:10:37,616 [grpc-default-executor-9] INFO  impl.RaftServerImpl (RaftServerImpl.java:setRole(184)) - 67ae3572-7d88-4e50-b53b-0f48f6748b38@group-233C052D78D6: changes role from  FOLLOWER to FOLLOWER at term 110 for recognizeCandidate:5c4ee31d-c5ed-4c65-a5df-da3e3cf53ac2
2019-10-17 07:10:37,617 [grpc-default-executor-9] INFO  impl.RoleInfo (RoleInfo.java:shutdownFollowerState(121)) - 67ae3572-7d88-4e50-b53b-0f48f6748b38: shutdown FollowerState
2019-10-17 07:10:37,618 [grpc-default-executor-9] INFO  impl.RoleInfo (RoleInfo.java:updateAndGet(143)) - 67ae3572-7d88-4e50-b53b-0f48f6748b38: start FollowerState
2019-10-17 07:10:37,618 [Thread-1817] INFO  impl.FollowerState (FollowerState.java:run(117)) - 67ae3572-7d88-4e50-b53b-0f48f6748b38@group-233C052D78D6-FollowerState was interrupted: java.lang.InterruptedException: sleep interrupted
2019-10-17 07:10:37,626 [5c4ee31d-c5ed-4c65-a5df-da3e3cf53ac2@group-233C052D78D6-LeaderElection213] INFO  impl.LeaderElection (LeaderElection.java:logAndReturn(56)) - 5c4ee31d-c5ed-4c65-a5df-da3e3cf53ac2@group-233C052D78D6-LeaderElection213: Election TIMEOUT; received 0 response(s) [] and 0 exception(s); 5c4ee31d-c5ed-4c65-a5df-da3e3cf53ac2@group-233C052D78D6:t110, leader=null, voted=5c4ee31d-c5ed-4c65-a5df-da3e3cf53ac2, raftlog=5c4ee31d-c5ed-4c65-a5df-da3e3cf53ac2@group-233C052D78D6-SegmentedRaftLog:OPENED:c-1,f-1,i0, conf=-1: [67ae3572-7d88-4e50-b53b-0f48f6748b38:192.168.157.211:41299, 831edaa1-80a5-4091-843f-90c648a5a79d:192.168.157.211:44365, 5c4ee31d-c5ed-4c65-a5df-da3e3cf53ac2:192.168.157.211:45059], old=null
2019-10-17 07:10:37,631 [decc5551-dd4b-40dc-8ff5-b6b450d67f6f@group-42ACBF6EBE4E-LeaderElection214] INFO  impl.LeaderElection (LeaderElection.java:logAndReturn(56)) - decc5551-dd4b-40dc-8ff5-b6b450d67f6f@group-42ACBF6EBE4E-LeaderElection214: Election REJECTED; received 2 response(s) [decc5551-dd4b-40dc-8ff5-b6b450d67f6f<-215fceca-0555-458b-bc4f-ba38ff24d5ba#0:FAIL-t113, decc5551-dd4b-40dc-8ff5-b6b450d67f6f<-0c631657-10a5-4e2a-a322-8fc6c651b2ed#0:FAIL-t113] and 0 exception(s); decc5551-dd4b-40dc-8ff5-b6b450d67f6f@group-42ACBF6EBE4E:t113, leader=null, voted=decc5551-dd4b-40dc-8ff5-b6b450d67f6f, raftlog=decc5551-dd4b-40dc-8ff5-b6b450d67f6f@group-42ACBF6EBE4E-SegmentedRaftLog:OPENED:c-1,f-1,i0, conf=-1: [215fceca-0555-458b-bc4f-ba38ff24d5ba:192.168.157.211:43803, decc5551-dd4b-40dc-8ff5-b6b450d67f6f:192.168.157.211:34435, 0c631657-10a5-4e2a-a322-8fc6c651b2ed:192.168.157.211:41694], old=null
2019-10-17 07:10:37,631 [decc5551-dd4b-40dc-8ff5-b6b450d67f6f@group-42ACBF6EBE4E-LeaderElection214] INFO  impl.RaftServerImpl (RaftServerImpl.java:setRole(184)) - decc5551-dd4b-40dc-8ff5-b6b450d67f6f@group-42ACBF6EBE4E: changes role from CANDIDATE to FOLLOWER at term 113 for DISCOVERED_A_NEW_TERM
2019-10-17 07:10:37,631 [decc5551-dd4b-40dc-8ff5-b6b450d67f6f@group-42ACBF6EBE4E-LeaderElection214] INFO  impl.RoleInfo (RoleInfo.java:shutdownLeaderElection(134)) - decc5551-dd4b-40dc-8ff5-b6b450d67f6f: shutdown LeaderElection
2019-10-17 07:10:37,631 [decc5551-dd4b-40dc-8ff5-b6b450d67f6f@group-42ACBF6EBE4E-LeaderElection214] INFO  impl.RoleInfo (RoleInfo.java:updateAndGet(143)) - decc5551-dd4b-40dc-8ff5-b6b450d67f6f: start FollowerState
2019-10-17 07:10:37,632 [5c4ee31d-c5ed-4c65-a5df-da3e3cf53ac2@group-233C052D78D6-LeaderElection213] INFO  impl.LeaderElection (LeaderElection.java:askForVotes(178)) - 5c4ee31d-c5ed-4c65-a5df-da3e3cf53ac2@group-233C052D78D6-LeaderElection213: begin an election at term 111 for -1: [67ae3572-7d88-4e50-b53b-0f48f6748b38:192.168.157.211:41299, 831edaa1-80a5-4091-843f-90c648a5a79d:192.168.157.211:44365, 5c4ee31d-c5ed-4c65-a5df-da3e3cf53ac2:192.168.157.211:45059], old=null
2019-10-17 07:10:37,634 [grpc-default-executor-3] INFO  impl.RaftServerImpl (RaftServerImpl.java:setRole(184)) - 67ae3572-7d88-4e50-b53b-0f48f6748b38@group-233C052D78D6: changes role from  FOLLOWER to FOLLOWER at term 111 for recognizeCandidate:5c4ee31d-c5ed-4c65-a5df-da3e3cf53ac2
2019-10-17 07:10:37,634 [grpc-default-executor-3] INFO  impl.RoleInfo (RoleInfo.java:shutdownFollowerState(121)) - 67ae3572-7d88-4e50-b53b-0f48f6748b38: shutdown FollowerState
2019-10-17 07:10:37,634 [grpc-default-executor-7] INFO  impl.RaftServerImpl (RaftServerImpl.java:setRole(184)) - 831edaa1-80a5-4091-843f-90c648a5a79d@group-233C052D78D6: changes role from  FOLLOWER to FOLLOWER at term 111 for recognizeCandidate:5c4ee31d-c5ed-4c65-a5df-da3e3cf53ac2
2019-10-17 07:10:37,634 [Thread-1831] INFO  impl.FollowerState (FollowerState.java:run(117)) - 67ae3572-7d88-4e50-b53b-0f48f6748b38@group-233C052D78D6-FollowerState was interrupted: java.lang.InterruptedException: sleep interrupted
2019-10-17 07:10:37,634 [grpc-default-executor-3] INFO  impl.RoleInfo (RoleInfo.java:updateAndGet(143)) - 67ae3572-7d88-4e50-b53b-0f48f6748b38: start FollowerState
2019-10-17 07:10:37,635 [grpc-default-executor-7] INFO  impl.RoleInfo (RoleInfo.java:shutdownFollowerState(121)) - 831edaa1-80a5-4091-843f-90c648a5a79d: shutdown FollowerState
2019-10-17 07:10:37,635 [grpc-default-executor-7] INFO  impl.RoleInfo (RoleInfo.java:updateAndGet(143)) - 831edaa1-80a5-4091-843f-90c648a5a79d: start FollowerState
2019-10-17 07:10:37,635 [Thread-1829] INFO  impl.FollowerState (FollowerState.java:run(117)) - 831edaa1-80a5-4091-843f-90c648a5a79d@group-233C052D78D6-FollowerState was interrupted: java.lang.InterruptedException: sleep interrupted
2019-10-17 07:10:37,652 [5c4ee31d-c5ed-4c65-a5df-da3e3cf53ac2@group-233C052D78D6-LeaderElection213] INFO  impl.LeaderElection (LeaderElection.java:logAndReturn(56)) - 5c4ee31d-c5ed-4c65-a5df-da3e3cf53ac2@group-233C052D78D6-LeaderElection213: Election REJECTED; received 2 response(s) [5c4ee31d-c5ed-4c65-a5df-da3e3cf53ac2<-67ae3572-7d88-4e50-b53b-0f48f6748b38#0:FAIL-t111, 5c4ee31d-c5ed-4c65-a5df-da3e3cf53ac2<-831edaa1-80a5-4091-843f-90c648a5a79d#0:FAIL-t111] and 0 exception(s); 5c4ee31d-c5ed-4c65-a5df-da3e3cf53ac2@group-233C052D78D6:t111, leader=null, voted=5c4ee31d-c5ed-4c65-a5df-da3e3cf53ac2, raftlog=5c4ee31d-c5ed-4c65-a5df-da3e3cf53ac2@group-233C052D78D6-SegmentedRaftLog:OPENED:c-1,f-1,i0, conf=-1: [67ae3572-7d88-4e50-b53b-0f48f6748b38:192.168.157.211:41299, 831edaa1-80a5-4091-843f-90c648a5a79d:192.168.157.211:44365, 5c4ee31d-c5ed-4c65-a5df-da3e3cf53ac2:192.168.157.211:45059], old=null
2019-10-17 07:10:37,652 [5c4ee31d-c5ed-4c65-a5df-da3e3cf53ac2@group-233C052D78D6-LeaderElection213] INFO  impl.RaftServerImpl (RaftServerImpl.java:setRole(184)) - 5c4ee31d-c5ed-4c65-a5df-da3e3cf53ac2@group-233C052D78D6: changes role from CANDIDATE to FOLLOWER at term 111 for DISCOVERED_A_NEW_TERM
2019-10-17 07:10:37,652 [5c4ee31d-c5ed-4c65-a5df-da3e3cf53ac2@group-233C052D78D6-LeaderElection213] INFO  impl.RoleInfo (RoleInfo.java:shutdownLeaderElection(134)) - 5c4ee31d-c5ed-4c65-a5df-da3e3cf53ac2: shutdown LeaderElection
2019-10-17 07:10:37,652 [5c4ee31d-c5ed-4c65-a5df-da3e3cf53ac2@group-233C052D78D6-LeaderElection213] INFO  impl.RoleInfo (RoleInfo.java:updateAndGet(143)) - 5c4ee31d-c5ed-4c65-a5df-da3e3cf53ac2: start FollowerState
2019-10-17 07:10:37,732 [Thread-1832] INFO  impl.FollowerState (FollowerState.java:run(108)) - decc5551-dd4b-40dc-8ff5-b6b450d67f6f@group-42ACBF6EBE4E-FollowerState: change to CANDIDATE, lastRpcTime:101ms, electionTimeout:101ms
2019-10-17 07:10:37,733 [Thread-1832] INFO  impl.RoleInfo (RoleInfo.java:shutdownFollowerState(121)) - decc5551-dd4b-40dc-8ff5-b6b450d67f6f: shutdown FollowerState
2019-10-17 07:10:37,733 [Thread-1832] INFO  impl.RaftServerImpl (RaftServerImpl.java:setRole(184)) - decc5551-dd4b-40dc-8ff5-b6b450d67f6f@group-42ACBF6EBE4E: changes role from  FOLLOWER to CANDIDATE at term 113 for changeToCandidate
2019-10-17 07:10:37,733 [Thread-1832] INFO  impl.RoleInfo (RoleInfo.java:updateAndGet(143)) - decc5551-dd4b-40dc-8ff5-b6b450d67f6f: start LeaderElection
2019-10-17 07:10:37,747 [decc5551-dd4b-40dc-8ff5-b6b450d67f6f@group-42ACBF6EBE4E-LeaderElection215] INFO  impl.LeaderElection (LeaderElection.java:askForVotes(178)) - decc5551-dd4b-40dc-8ff5-b6b450d67f6f@group-42ACBF6EBE4E-LeaderElection215: begin an election at term 114 for -1: [215fceca-0555-458b-bc4f-ba38ff24d5ba:192.168.157.211:43803, decc5551-dd4b-40dc-8ff5-b6b450d67f6f:192.168.157.211:34435, 0c631657-10a5-4e2a-a322-8fc6c651b2ed:192.168.157.211:41694], old=null
2019-10-17 07:10:37,748 [grpc-default-executor-3] INFO  impl.RaftServerImpl (RaftServerImpl.java:setRole(184)) - 215fceca-0555-458b-bc4f-ba38ff24d5ba@group-42ACBF6EBE4E: changes role from  FOLLOWER to FOLLOWER at term 114 for recognizeCandidate:decc5551-dd4b-40dc-8ff5-b6b450d67f6f
2019-10-17 07:10:37,749 [grpc-default-executor-3] INFO  impl.RoleInfo (RoleInfo.java:shutdownFollowerState(121)) - 215fceca-0555-458b-bc4f-ba38ff24d5ba: shutdown FollowerState
2019-10-17 07:10:37,749 [grpc-default-executor-3] INFO  impl.RoleInfo (RoleInfo.java:updateAndGet(143)) - 215fceca-0555-458b-bc4f-ba38ff24d5ba: start FollowerState
2019-10-17 07:10:37,749 [grpc-default-executor-7] INFO  impl.RaftServerImpl (RaftServerImpl.java:setRole(184)) - 0c631657-10a5-4e2a-a322-8fc6c651b2ed@group-42ACBF6EBE4E: changes role from  FOLLOWER to FOLLOWER at term 114 for recognizeCandidate:decc5551-dd4b-40dc-8ff5-b6b450d67f6f
2019-10-17 07:10:37,749 [grpc-default-executor-7] INFO  impl.RoleInfo (RoleInfo.java:shutdownFollowerState(121)) - 0c631657-10a5-4e2a-a322-8fc6c651b2ed: shutdown FollowerState
2019-10-17 07:10:37,749 [Thread-1828] INFO  impl.FollowerState (FollowerState.java:run(117)) - 215fceca-0555-458b-bc4f-ba38ff24d5ba@group-42ACBF6EBE4E-FollowerState was interrupted: java.lang.InterruptedException: sleep interrupted
2019-10-17 07:10:37,749 [Thread-1830] INFO  impl.FollowerState (FollowerState.java:run(117)) - 0c631657-10a5-4e2a-a322-8fc6c651b2ed@group-42ACBF6EBE4E-FollowerState was interrupted: java.lang.InterruptedException: sleep interrupted
2019-10-17 07:10:37,749 [grpc-default-executor-7] INFO  impl.RoleInfo (RoleInfo.java:updateAndGet(143)) - 0c631657-10a5-4e2a-a322-8fc6c651b2ed: start FollowerState
2019-10-17 07:10:37,763 [decc5551-dd4b-40dc-8ff5-b6b450d67f6f@group-42ACBF6EBE4E-LeaderElection215] INFO  impl.LeaderElection (LeaderElection.java:logAndReturn(56)) - decc5551-dd4b-40dc-8ff5-b6b450d67f6f@group-42ACBF6EBE4E-LeaderElection215: Election REJECTED; received 2 response(s) [decc5551-dd4b-40dc-8ff5-b6b450d67f6f<-215fceca-0555-458b-bc4f-ba38ff24d5ba#0:FAIL-t114, decc5551-dd4b-40dc-8ff5-b6b450d67f6f<-0c631657-10a5-4e2a-a322-8fc6c651b2ed#0:FAIL-t114] and 0 exception(s); decc5551-dd4b-40dc-8ff5-b6b450d67f6f@group-42ACBF6EBE4E:t114, leader=null, voted=decc5551-dd4b-40dc-8ff5-b6b450d67f6f, raftlog=decc5551-dd4b-40dc-8ff5-b6b450d67f6f@group-42ACBF6EBE4E-SegmentedRaftLog:OPENED:c-1,f-1,i0, conf=-1: [215fceca-0555-458b-bc4f-ba38ff24d5ba:192.168.157.211:43803, decc5551-dd4b-40dc-8ff5-b6b450d67f6f:192.168.157.211:34435, 0c631657-10a5-4e2a-a322-8fc6c651b2ed:192.168.157.211:41694], old=null
2019-10-17 07:10:37,763 [decc5551-dd4b-40dc-8ff5-b6b450d67f6f@group-42ACBF6EBE4E-LeaderElection215] INFO  impl.RaftServerImpl (RaftServerImpl.java:setRole(184)) - decc5551-dd4b-40dc-8ff5-b6b450d67f6f@group-42ACBF6EBE4E: changes role from CANDIDATE to FOLLOWER at term 114 for DISCOVERED_A_NEW_TERM
2019-10-17 07:10:37,764 [Thread-1837] INFO  impl.FollowerState (FollowerState.java:run(108)) - 5c4ee31d-c5ed-4c65-a5df-da3e3cf53ac2@group-233C052D78D6-FollowerState: change to CANDIDATE, lastRpcTime:111ms, electionTimeout:111ms
2019-10-17 07:10:37,764 [decc5551-dd4b-40dc-8ff5-b6b450d67f6f@group-42ACBF6EBE4E-LeaderElection215] INFO  impl.RoleInfo (RoleInfo.java:shutdownLeaderElection(134)) - decc5551-dd4b-40dc-8ff5-b6b450d67f6f: shutdown LeaderElection
2019-10-17 07:10:37,764 [Thread-1837] INFO  impl.RoleInfo (RoleInfo.java:shutdownFollowerState(121)) - 5c4ee31d-c5ed-4c65-a5df-da3e3cf53ac2: shutdown FollowerState
2019-10-17 07:10:37,764 [decc5551-dd4b-40dc-8ff5-b6b450d67f6f@group-42ACBF6EBE4E-LeaderElection215] INFO  impl.RoleInfo (RoleInfo.java:updateAndGet(143)) - decc5551-dd4b-40dc-8ff5-b6b450d67f6f: start FollowerState
2019-10-17 07:10:37,764 [Thread-1837] INFO  impl.RaftServerImpl (RaftServerImpl.java:setRole(184)) - 5c4ee31d-c5ed-4c65-a5df-da3e3cf53ac2@group-233C052D78D6: changes role from  FOLLOWER to CANDIDATE at term 111 for changeToCandidate
2019-10-17 07:10:37,764 [Thread-1837] INFO  impl.RoleInfo (RoleInfo.java:updateAndGet(143)) - 5c4ee31d-c5ed-4c65-a5df-da3e3cf53ac2: start LeaderElection
2019-10-17 07:10:37,773 [Thread-1843] INFO  impl.FollowerState (FollowerState.java:run(108)) - decc5551-dd4b-40dc-8ff5-b6b450d67f6f@group-42ACBF6EBE4E-FollowerState: change to CANDIDATE, lastRpcTime:9ms, electionTimeout:9ms
2019-10-17 07:10:37,773 [Thread-1843] INFO  impl.RoleInfo (RoleInfo.java:shutdownFollowerState(121)) - decc5551-dd4b-40dc-8ff5-b6b450d67f6f: shutdown FollowerState
2019-10-17 07:10:37,774 [Thread-1843] INFO  impl.RaftServerImpl (RaftServerImpl.java:setRole(184)) - decc5551-dd4b-40dc-8ff5-b6b450d67f6f@group-42ACBF6EBE4E: changes role from  FOLLOWER to CANDIDATE at term 114 for changeToCandidate
2019-10-17 07:10:37,774 [Thread-1843] INFO  impl.RoleInfo (RoleInfo.java:updateAndGet(143)) - decc5551-dd4b-40dc-8ff5-b6b450d67f6f: start LeaderElection
2019-10-17 07:10:37,778 [decc5551-dd4b-40dc-8ff5-b6b450d67f6f@group-42ACBF6EBE4E-LeaderElection217] INFO  impl.LeaderElection (LeaderElection.java:askForVotes(178)) - decc5551-dd4b-40dc-8ff5-b6b450d67f6f@group-42ACBF6EBE4E-LeaderElection217: begin an election at term 115 for -1: [215fceca-0555-458b-bc4f-ba38ff24d5ba:192.168.157.211:43803, decc5551-dd4b-40dc-8ff5-b6b450d67f6f:192.168.157.211:34435, 0c631657-10a5-4e2a-a322-8fc6c651b2ed:192.168.157.211:41694], old=null
2019-10-17 07:10:37,778 [5c4ee31d-c5ed-4c65-a5df-da3e3cf53ac2@group-233C052D78D6-LeaderElection216] INFO  impl.LeaderElection (LeaderElection.java:askForVotes(178)) - 5c4ee31d-c5ed-4c65-a5df-da3e3cf53ac2@group-233C052D78D6-LeaderElection216: begin an election at term 112 for -1: [67ae3572-7d88-4e50-b53b-0f48f6748b38:192.168.157.211:41299, 831edaa1-80a5-4091-843f-90c648a5a79d:192.168.157.211:44365, 5c4ee31d-c5ed-4c65-a5df-da3e3cf53ac2:192.168.157.211:45059], old=null
2019-10-17 07:10:37,781 [grpc-default-executor-7] INFO  impl.RaftServerImpl (RaftServerImpl.java:setRole(184)) - 215fceca-0555-458b-bc4f-ba38ff24d5ba@group-42ACBF6EBE4E: changes role from  FOLLOWER to FOLLOWER at term 115 for recognizeCandidate:decc5551-dd4b-40dc-8ff5-b6b450d67f6f
2019-10-17 07:10:37,782 [grpc-default-executor-7] INFO  impl.RoleInfo (RoleInfo.java:shutdownFollowerState(121)) - 215fceca-0555-458b-bc4f-ba38ff24d5ba: shutdown FollowerState
2019-10-17 07:10:37,782 [grpc-default-executor-7] INFO  impl.RoleInfo (RoleInfo.java:updateAndGet(143)) - 215fceca-0555-458b-bc4f-ba38ff24d5ba: start FollowerState
2019-10-17 07:10:37,782 [Thread-1841] INFO  impl.FollowerState (FollowerState.java:run(117)) - 215fceca-0555-458b-bc4f-ba38ff24d5ba@group-42ACBF6EBE4E-FollowerState was interrupted: java.lang.InterruptedException: sleep interrupted
2019-10-17 07:10:37,782 [grpc-default-executor-4] INFO  impl.RaftServerImpl (RaftServerImpl.java:setRole(184)) - 831edaa1-80a5-4091-843f-90c648a5a79d@group-233C052D78D6: changes role from  FOLLOWER to FOLLOWER at term 112 for recognizeCandidate:5c4ee31d-c5ed-4c65-a5df-da3e3cf53ac2
2019-10-17 07:10:37,782 [grpc-default-executor-9] INFO  impl.RaftServerImpl (RaftServerImpl.java:setRole(184)) - 67ae3572-7d88-4e50-b53b-0f48f6748b38@group-233C052D78D6: changes role from  FOLLOWER to FOLLOWER at term 112 for recognizeCandidate:5c4ee31d-c5ed-4c65-a5df-da3e3cf53ac2
2019-10-17 07:10:37,782 [grpc-default-executor-9] INFO  impl.RoleInfo (RoleInfo.java:shutdownFollowerState(121)) - 67ae3572-7d88-4e50-b53b-0f48f6748b38: shutdown FollowerState
2019-10-17 07:10:37,782 [grpc-default-executor-3] INFO  impl.RaftServerImpl (RaftServerImpl.java:setRole(184)) - 0c631657-10a5-4e2a-a322-8fc6c651b2ed@group-42ACBF6EBE4E: changes role from  FOLLOWER to FOLLOWER at term 115 for recognizeCandidate:decc5551-dd4b-40dc-8ff5-b6b450d67f6f
2019-10-17 07:10:37,783 [grpc-default-executor-3] INFO  impl.RoleInfo (RoleInfo.java:shutdownFollowerState(121)) - 0c631657-10a5-4e2a-a322-8fc6c651b2ed: shutdown FollowerState
2019-10-17 07:10:37,783 [Thread-1835] INFO  impl.FollowerState (FollowerState.java:run(117)) - 67ae3572-7d88-4e50-b53b-0f48f6748b38@group-233C052D78D6-FollowerState was interrupted: java.lang.InterruptedException: sleep interrupted
2019-10-17 07:10:37,783 [grpc-default-executor-9] INFO  impl.RoleInfo (RoleInfo.java:updateAndGet(143)) - 67ae3572-7d88-4e50-b53b-0f48f6748b38: start FollowerState
2019-10-17 07:10:37,782 [grpc-default-executor-4] INFO  impl.RoleInfo (RoleInfo.java:shutdownFollowerState(121)) - 831edaa1-80a5-4091-843f-90c648a5a79d: shutdown FollowerState
2019-10-17 07:10:37,783 [Thread-1842] INFO  impl.FollowerState (FollowerState.java:run(117)) - 0c631657-10a5-4e2a-a322-8fc6c651b2ed@group-42ACBF6EBE4E-FollowerState was interrupted: java.lang.InterruptedException: sleep interrupted
2019-10-17 07:10:37,783 [grpc-default-executor-3] INFO  impl.RoleInfo (RoleInfo.java:updateAndGet(143)) - 0c631657-10a5-4e2a-a322-8fc6c651b2ed: start FollowerState
2019-10-17 07:10:37,783 [Thread-1836] INFO  impl.FollowerState (FollowerState.java:run(117)) - 831edaa1-80a5-4091-843f-90c648a5a79d@group-233C052D78D6-FollowerState was interrupted: java.lang.InterruptedException: sleep interrupted
2019-10-17 07:10:37,783 [grpc-default-executor-4] INFO  impl.RoleInfo (RoleInfo.java:updateAndGet(143)) - 831edaa1-80a5-4091-843f-90c648a5a79d: start FollowerState
2019-10-17 07:10:37,797 [5c4ee31d-c5ed-4c65-a5df-da3e3cf53ac2@group-233C052D78D6-LeaderElection216] INFO  impl.LeaderElection (LeaderElection.java:logAndReturn(56)) - 5c4ee31d-c5ed-4c65-a5df-da3e3cf53ac2@group-233C052D78D6-LeaderElection216: Election REJECTED; received 2 response(s) [5c4ee31d-c5ed-4c65-a5df-da3e3cf53ac2<-67ae3572-7d88-4e50-b53b-0f48f6748b38#0:FAIL-t112, 5c4ee31d-c5ed-4c65-a5df-da3e3cf53ac2<-831edaa1-80a5-4091-843f-90c648a5a79d#0:FAIL-t112] and 0 exception(s); 5c4ee31d-c5ed-4c65-a5df-da3e3cf53ac2@group-233C052D78D6:t112, leader=null, voted=5c4ee31d-c5ed-4c65-a5df-da3e3cf53ac2, raftlog=5c4ee31d-c5ed-4c65-a5df-da3e3cf53ac2@group-233C052D78D6-SegmentedRaftLog:OPENED:c-1,f-1,i0, conf=-1: [67ae3572-7d88-4e50-b53b-0f48f6748b38:192.168.157.211:41299, 831edaa1-80a5-4091-843f-90c648a5a79d:192.168.157.211:44365, 5c4ee31d-c5ed-4c65-a5df-da3e3cf53ac2:192.168.157.211:45059], old=null
2019-10-17 07:10:37,797 [decc5551-dd4b-40dc-8ff5-b6b450d67f6f@group-42ACBF6EBE4E-LeaderElection217] INFO  impl.LeaderElection (LeaderElection.java:logAndReturn(56)) - decc5551-dd4b-40dc-8ff5-b6b450d67f6f@group-42ACBF6EBE4E-LeaderElection217: Election REJECTED; received 2 response(s) [decc5551-dd4b-40dc-8ff5-b6b450d67f6f<-215fceca-0555-458b-bc4f-ba38ff24d5ba#0:FAIL-t115, decc5551-dd4b-40dc-8ff5-b6b450d67f6f<-0c631657-10a5-4e2a-a322-8fc6c651b2ed#0:FAIL-t115] and 0 exception(s); decc5551-dd4b-40dc-8ff5-b6b450d67f6f@group-42ACBF6EBE4E:t115, leader=null, voted=decc5551-dd4b-40dc-8ff5-b6b450d67f6f, raftlog=decc5551-dd4b-40dc-8ff5-b6b450d67f6f@group-42ACBF6EBE4E-SegmentedRaftLog:OPENED:c-1,f-1,i0, conf=-1: [215fceca-0555-458b-bc4f-ba38ff24d5ba:192.168.157.211:43803, decc5551-dd4b-40dc-8ff5-b6b450d67f6f:192.168.157.211:34435, 0c631657-10a5-4e2a-a322-8fc6c651b2ed:192.168.157.211:41694], old=null
2019-10-17 07:10:37,797 [5c4ee31d-c5ed-4c65-a5df-da3e3cf53ac2@group-233C052D78D6-LeaderElection216] INFO  impl.RaftServerImpl (RaftServerImpl.java:setRole(184)) - 5c4ee31d-c5ed-4c65-a5df-da3e3cf53ac2@group-233C052D78D6: changes role from CANDIDATE to FOLLOWER at term 112 for DISCOVERED_A_NEW_TERM
2019-10-17 07:10:37,797 [decc5551-dd4b-40dc-8ff5-b6b450d67f6f@group-42ACBF6EBE4E-LeaderElection217] INFO  impl.RaftServerImpl (RaftServerImpl.java:setRole(184)) - decc5551-dd4b-40dc-8ff5-b6b450d67f6f@group-42ACBF6EBE4E: changes role from CANDIDATE to FOLLOWER at term 115 for DISCOVERED_A_NEW_TERM
2019-10-17 07:10:37,797 [5c4ee31d-c5ed-4c65-a5df-da3e3cf53ac2@group-233C052D78D6-LeaderElection216] INFO  impl.RoleInfo (RoleInfo.java:shutdownLeaderElection(134)) - 5c4ee31d-c5ed-4c65-a5df-da3e3cf53ac2: shutdown LeaderElection
2019-10-17 07:10:37,797 [decc5551-dd4b-40dc-8ff5-b6b450d67f6f@group-42ACBF6EBE4E-LeaderElection217] INFO  impl.RoleInfo (RoleInfo.java:shutdownLeaderElection(134)) - decc5551-dd4b-40dc-8ff5-b6b450d67f6f: shutdown LeaderElection
2019-10-17 07:10:37,797 [5c4ee31d-c5ed-4c65-a5df-da3e3cf53ac2@group-233C052D78D6-LeaderElection216] INFO  impl.RoleInfo (RoleInfo.java:updateAndGet(143)) - 5c4ee31d-c5ed-4c65-a5df-da3e3cf53ac2: start FollowerState
2019-10-17 07:10:37,798 [decc5551-dd4b-40dc-8ff5-b6b450d67f6f@group-42ACBF6EBE4E-LeaderElection217] INFO  impl.RoleInfo (RoleInfo.java:updateAndGet(143)) - decc5551-dd4b-40dc-8ff5-b6b450d67f6f: start FollowerState
2019-10-17 07:10:37,828 [Thread-1854] INFO  impl.FollowerState (FollowerState.java:run(108)) - 5c4ee31d-c5ed-4c65-a5df-da3e3cf53ac2@group-233C052D78D6-FollowerState: change to CANDIDATE, lastRpcTime:30ms, electionTimeout:30ms
2019-10-17 07:10:37,828 [Thread-1854] INFO  impl.RoleInfo (RoleInfo.java:shutdownFollowerState(121)) - 5c4ee31d-c5ed-4c65-a5df-da3e3cf53ac2: shutdown FollowerState
2019-10-17 07:10:37,828 [Thread-1854] INFO  impl.RaftServerImpl (RaftServerImpl.java:setRole(184)) - 5c4ee31d-c5ed-4c65-a5df-da3e3cf53ac2@group-233C052D78D6: changes role from  FOLLOWER to CANDIDATE at term 112 for changeToCandidate
2019-10-17 07:10:37,828 [Thread-1854] INFO  impl.RoleInfo (RoleInfo.java:updateAndGet(143)) - 5c4ee31d-c5ed-4c65-a5df-da3e3cf53ac2: start LeaderElection
2019-10-17 07:10:37,842 [5c4ee31d-c5ed-4c65-a5df-da3e3cf53ac2@group-233C052D78D6-LeaderElection218] INFO  impl.LeaderElection (LeaderElection.java:askForVotes(178)) - 5c4ee31d-c5ed-4c65-a5df-da3e3cf53ac2@group-233C052D78D6-LeaderElection218: begin an election at term 113 for -1: [67ae3572-7d88-4e50-b53b-0f48f6748b38:192.168.157.211:41299, 831edaa1-80a5-4091-843f-90c648a5a79d:192.168.157.211:44365, 5c4ee31d-c5ed-4c65-a5df-da3e3cf53ac2:192.168.157.211:45059], old=null
2019-10-17 07:10:37,844 [grpc-default-executor-9] INFO  impl.RaftServerImpl (RaftServerImpl.java:setRole(184)) - 831edaa1-80a5-4091-843f-90c648a5a79d@group-233C052D78D6: changes role from  FOLLOWER to FOLLOWER at term 113 for recognizeCandidate:5c4ee31d-c5ed-4c65-a5df-da3e3cf53ac2
2019-10-17 07:10:37,844 [grpc-default-executor-7] INFO  impl.RaftServerImpl (RaftServerImpl.java:setRole(184)) - 67ae3572-7d88-4e50-b53b-0f48f6748b38@group-233C052D78D6: changes role from  FOLLOWER to FOLLOWER at term 113 for recognizeCandidate:5c4ee31d-c5ed-4c65-a5df-da3e3cf53ac2
2019-10-17 07:10:37,844 [grpc-default-executor-9] INFO  impl.RoleInfo (RoleInfo.java:shutdownFollowerState(121)) - 831edaa1-80a5-4091-843f-90c648a5a79d: shutdown FollowerState
2019-10-17 07:10:37,844 [grpc-default-executor-7] INFO  impl.RoleInfo (RoleInfo.java:shutdownFollowerState(121)) - 67ae3572-7d88-4e50-b53b-0f48f6748b38: shutdown FollowerState
2019-10-17 07:10:37,845 [Thread-1853] INFO  impl.FollowerState (FollowerState.java:run(117)) - 831edaa1-80a5-4091-843f-90c648a5a79d@group-233C052D78D6-FollowerState was interrupted: java.lang.InterruptedException: sleep interrupted
2019-10-17 07:10:37,845 [grpc-default-executor-9] INFO  impl.RoleInfo (RoleInfo.java:updateAndGet(143)) - 831edaa1-80a5-4091-843f-90c648a5a79d: start FollowerState
2019-10-17 07:10:37,845 [Thread-1851] INFO  impl.FollowerState (FollowerState.java:run(117)) - 67ae3572-7d88-4e50-b53b-0f48f6748b38@group-233C052D78D6-FollowerState was interrupted: java.lang.InterruptedException: sleep interrupted
2019-10-17 07:10:37,845 [grpc-default-executor-7] INFO  impl.RoleInfo (RoleInfo.java:updateAndGet(143)) - 67ae3572-7d88-4e50-b53b-0f48f6748b38: start FollowerState
2019-10-17 07:10:37,859 [5c4ee31d-c5ed-4c65-a5df-da3e3cf53ac2@group-233C052D78D6-LeaderElection218] INFO  impl.LeaderElection (LeaderElection.java:logAndReturn(56)) - 5c4ee31d-c5ed-4c65-a5df-da3e3cf53ac2@group-233C052D78D6-LeaderElection218: Election REJECTED; received 2 response(s) [5c4ee31d-c5ed-4c65-a5df-da3e3cf53ac2<-67ae3572-7d88-4e50-b53b-0f48f6748b38#0:FAIL-t113, 5c4ee31d-c5ed-4c65-a5df-da3e3cf53ac2<-831edaa1-80a5-4091-843f-90c648a5a79d#0:FAIL-t113] and 0 exception(s); 5c4ee31d-c5ed-4c65-a5df-da3e3cf53ac2@group-233C052D78D6:t113, leader=null, voted=5c4ee31d-c5ed-4c65-a5df-da3e3cf53ac2, raftlog=5c4ee31d-c5ed-4c65-a5df-da3e3cf53ac2@group-233C052D78D6-SegmentedRaftLog:OPENED:c-1,f-1,i0, conf=-1: [67ae3572-7d88-4e50-b53b-0f48f6748b38:192.168.157.211:41299, 831edaa1-80a5-4091-843f-90c648a5a79d:192.168.157.211:44365, 5c4ee31d-c5ed-4c65-a5df-da3e3cf53ac2:192.168.157.211:45059], old=null
2019-10-17 07:10:37,859 [5c4ee31d-c5ed-4c65-a5df-da3e3cf53ac2@group-233C052D78D6-LeaderElection218] INFO  impl.RaftServerImpl (RaftServerImpl.java:setRole(184)) - 5c4ee31d-c5ed-4c65-a5df-da3e3cf53ac2@group-233C052D78D6: changes role from CANDIDATE to FOLLOWER at term 113 for DISCOVERED_A_NEW_TERM
2019-10-17 07:10:37,859 [5c4ee31d-c5ed-4c65-a5df-da3e3cf53ac2@group-233C052D78D6-LeaderElection218] INFO  impl.RoleInfo (RoleInfo.java:shutdownLeaderElection(134)) - 5c4ee31d-c5ed-4c65-a5df-da3e3cf53ac2: shutdown LeaderElection
2019-10-17 07:10:37,859 [5c4ee31d-c5ed-4c65-a5df-da3e3cf53ac2@group-233C052D78D6-LeaderElection218] INFO  impl.RoleInfo (RoleInfo.java:updateAndGet(143)) - 5c4ee31d-c5ed-4c65-a5df-da3e3cf53ac2: start FollowerState
2019-10-17 07:10:37,868 [Thread-1861] INFO  impl.FollowerState (FollowerState.java:run(108)) - 5c4ee31d-c5ed-4c65-a5df-da3e3cf53ac2@group-233C052D78D6-FollowerState: change to CANDIDATE, lastRpcTime:8ms, electionTimeout:8ms
2019-10-17 07:10:37,868 [Thread-1861] INFO  impl.RoleInfo (RoleInfo.java:shutdownFollowerState(121)) - 5c4ee31d-c5ed-4c65-a5df-da3e3cf53ac2: shutdown FollowerState
2019-10-17 07:10:37,868 [Thread-1861] INFO  impl.RaftServerImpl (RaftServerImpl.java:setRole(184)) - 5c4ee31d-c5ed-4c65-a5df-da3e3cf53ac2@group-233C052D78D6: changes role from  FOLLOWER to CANDIDATE at term 113 for changeToCandidate
2019-10-17 07:10:37,868 [Thread-1861] INFO  impl.RoleInfo (RoleInfo.java:updateAndGet(143)) - 5c4ee31d-c5ed-4c65-a5df-da3e3cf53ac2: start LeaderElection
2019-10-17 07:10:37,881 [5c4ee31d-c5ed-4c65-a5df-da3e3cf53ac2@group-233C052D78D6-LeaderElection219] INFO  impl.LeaderElection (LeaderElection.java:askForVotes(178)) - 5c4ee31d-c5ed-4c65-a5df-da3e3cf53ac2@group-233C052D78D6-LeaderElection219: begin an election at term 114 for -1: [67ae3572-7d88-4e50-b53b-0f48f6748b38:192.168.157.211:41299, 831edaa1-80a5-4091-843f-90c648a5a79d:192.168.157.211:44365, 5c4ee31d-c5ed-4c65-a5df-da3e3cf53ac2:192.168.157.211:45059], old=null
2019-10-17 07:10:37,883 [grpc-default-executor-9] INFO  impl.RaftServerImpl (RaftServerImpl.java:setRole(184)) - 831edaa1-80a5-4091-843f-90c648a5a79d@group-233C052D78D6: changes role from  FOLLOWER to FOLLOWER at term 114 for recognizeCandidate:5c4ee31d-c5ed-4c65-a5df-da3e3cf53ac2
2019-10-17 07:10:37,883 [grpc-default-executor-9] INFO  impl.RoleInfo (RoleInfo.java:shutdownFollowerState(121)) - 831edaa1-80a5-4091-843f-90c648a5a79d: shutdown FollowerState
2019-10-17 07:10:37,883 [grpc-default-executor-7] INFO  impl.RaftServerImpl (RaftServerImpl.java:setRole(184)) - 67ae3572-7d88-4e50-b53b-0f48f6748b38@group-233C052D78D6: changes role from  FOLLOWER to FOLLOWER at term 114 for recognizeCandidate:5c4ee31d-c5ed-4c65-a5df-da3e3cf53ac2
2019-10-17 07:10:37,883 [grpc-default-executor-7] INFO  impl.RoleInfo (RoleInfo.java:shutdownFollowerState(121)) - 67ae3572-7d88-4e50-b53b-0f48f6748b38: shutdown FollowerState
2019-10-17 07:10:37,883 [Thread-1859] INFO  impl.FollowerState (FollowerState.java:run(117)) - 831edaa1-80a5-4091-843f-90c648a5a79d@group-233C052D78D6-FollowerState was interrupted: java.lang.InterruptedException: sleep interrupted
2019-10-17 07:10:37,883 [grpc-default-executor-9] INFO  impl.RoleInfo (RoleInfo.java:updateAndGet(143)) - 831edaa1-80a5-4091-843f-90c648a5a79d: start FollowerState
2019-10-17 07:10:37,884 [Thread-1860] INFO  impl.FollowerState (FollowerState.java:run(117)) - 67ae3572-7d88-4e50-b53b-0f48f6748b38@group-233C052D78D6-FollowerState was interrupted: java.lang.InterruptedException: sleep interrupted
2019-10-17 07:10:37,883 [grpc-default-executor-7] INFO  impl.RoleInfo (RoleInfo.java:updateAndGet(143)) - 67ae3572-7d88-4e50-b53b-0f48f6748b38: start FollowerState
2019-10-17 07:10:37,916 [5c4ee31d-c5ed-4c65-a5df-da3e3cf53ac2@group-233C052D78D6-LeaderElection219] INFO  impl.LeaderElection (LeaderElection.java:logAndReturn(56)) - 5c4ee31d-c5ed-4c65-a5df-da3e3cf53ac2@group-233C052D78D6-LeaderElection219: Election REJECTED; received 2 response(s) [5c4ee31d-c5ed-4c65-a5df-da3e3cf53ac2<-67ae3572-7d88-4e50-b53b-0f48f6748b38#0:FAIL-t114, 5c4ee31d-c5ed-4c65-a5df-da3e3cf53ac2<-831edaa1-80a5-4091-843f-90c648a5a79d#0:FAIL-t114] and 0 exception(s); 5c4ee31d-c5ed-4c65-a5df-da3e3cf53ac2@group-233C052D78D6:t114, leader=null, voted=5c4ee31d-c5ed-4c65-a5df-da3e3cf53ac2, raftlog=5c4ee31d-c5ed-4c65-a5df-da3e3cf53ac2@group-233C052D78D6-SegmentedRaftLog:OPENED:c-1,f-1,i0, conf=-1: [67ae3572-7d88-4e50-b53b-0f48f6748b38:192.168.157.211:41299, 831edaa1-80a5-4091-843f-90c648a5a79d:192.168.157.211:44365, 5c4ee31d-c5ed-4c65-a5df-da3e3cf53ac2:192.168.157.211:45059], old=null
2019-10-17 07:10:37,917 [5c4ee31d-c5ed-4c65-a5df-da3e3cf53ac2@group-233C052D78D6-LeaderElection219] INFO  impl.RaftServerImpl (RaftServerImpl.java:setRole(184)) - 5c4ee31d-c5ed-4c65-a5df-da3e3cf53ac2@group-233C052D78D6: changes role from CANDIDATE to FOLLOWER at term 114 for DISCOVERED_A_NEW_TERM
2019-10-17 07:10:37,917 [5c4ee31d-c5ed-4c65-a5df-da3e3cf53ac2@group-233C052D78D6-LeaderElection219] INFO  impl.RoleInfo (RoleInfo.java:shutdownLeaderElection(134)) - 5c4ee31d-c5ed-4c65-a5df-da3e3cf53ac2: shutdown LeaderElection
2019-10-17 07:10:37,917 [5c4ee31d-c5ed-4c65-a5df-da3e3cf53ac2@group-233C052D78D6-LeaderElection219] INFO  impl.RoleInfo (RoleInfo.java:updateAndGet(143)) - 5c4ee31d-c5ed-4c65-a5df-da3e3cf53ac2: start FollowerState
2019-10-17 07:10:37,948 [Thread-1855] INFO  impl.FollowerState (FollowerState.java:run(108)) - decc5551-dd4b-40dc-8ff5-b6b450d67f6f@group-42ACBF6EBE4E-FollowerState: change to CANDIDATE, lastRpcTime:150ms, electionTimeout:150ms
2019-10-17 07:10:37,948 [Thread-1855] INFO  impl.RoleInfo (RoleInfo.java:shutdownFollowerState(121)) - decc5551-dd4b-40dc-8ff5-b6b450d67f6f: shutdown FollowerState
2019-10-17 07:10:37,948 [Thread-1855] INFO  impl.RaftServerImpl (RaftServerImpl.java:setRole(184)) - decc5551-dd4b-40dc-8ff5-b6b450d67f6f@group-42ACBF6EBE4E: changes role from  FOLLOWER to CANDIDATE at term 115 for changeToCandidate
2019-10-17 07:10:37,948 [Thread-1855] INFO  impl.RoleInfo (RoleInfo.java:updateAndGet(143)) - decc5551-dd4b-40dc-8ff5-b6b450d67f6f: start LeaderElection
2019-10-17 07:10:37,963 [decc5551-dd4b-40dc-8ff5-b6b450d67f6f@group-42ACBF6EBE4E-LeaderElection220] INFO  impl.LeaderElection (LeaderElection.java:askForVotes(178)) - decc5551-dd4b-40dc-8ff5-b6b450d67f6f@group-42ACBF6EBE4E-LeaderElection220: begin an election at term 116 for -1: [215fceca-0555-458b-bc4f-ba38ff24d5ba:192.168.157.211:43803, decc5551-dd4b-40dc-8ff5-b6b450d67f6f:192.168.157.211:34435, 0c631657-10a5-4e2a-a322-8fc6c651b2ed:192.168.157.211:41694], old=null
2019-10-17 07:10:37,964 [grpc-default-executor-9] INFO  impl.RaftServerImpl (RaftServerImpl.java:setRole(184)) - 215fceca-0555-458b-bc4f-ba38ff24d5ba@group-42ACBF6EBE4E: changes role from  FOLLOWER to FOLLOWER at term 116 for recognizeCandidate:decc5551-dd4b-40dc-8ff5-b6b450d67f6f
2019-10-17 07:10:37,964 [grpc-default-executor-7] INFO  impl.RaftServerImpl (RaftServerImpl.java:setRole(184)) - 0c631657-10a5-4e2a-a322-8fc6c651b2ed@group-42ACBF6EBE4E: changes role from  FOLLOWER to FOLLOWER at term 116 for recognizeCandidate:decc5551-dd4b-40dc-8ff5-b6b450d67f6f
2019-10-17 07:10:37,964 [grpc-default-executor-9] INFO  impl.RoleInfo (RoleInfo.java:shutdownFollowerState(121)) - 215fceca-0555-458b-bc4f-ba38ff24d5ba: shutdown FollowerState
2019-10-17 07:10:37,965 [grpc-default-executor-7] INFO  impl.RoleInfo (RoleInfo.java:shutdownFollowerState(121)) - 0c631657-10a5-4e2a-a322-8fc6c651b2ed: shutdown FollowerState
2019-10-17 07:10:37,965 [Thread-1850] INFO  impl.FollowerState (FollowerState.java:run(117)) - 215fceca-0555-458b-bc4f-ba38ff24d5ba@group-42ACBF6EBE4E-FollowerState was interrupted: java.lang.InterruptedException: sleep interrupted
2019-10-17 07:10:37,965 [grpc-default-executor-9] INFO  impl.RoleInfo (RoleInfo.java:updateAndGet(143)) - 215fceca-0555-458b-bc4f-ba38ff24d5ba: start FollowerState
2019-10-17 07:10:37,965 [Thread-1852] INFO  impl.FollowerState (FollowerState.java:run(117)) - 0c631657-10a5-4e2a-a322-8fc6c651b2ed@group-42ACBF6EBE4E-FollowerState was interrupted: java.lang.InterruptedException: sleep interrupted
2019-10-17 07:10:37,965 [grpc-default-executor-7] INFO  impl.RoleInfo (RoleInfo.java:updateAndGet(143)) - 0c631657-10a5-4e2a-a322-8fc6c651b2ed: start FollowerState
2019-10-17 07:10:37,980 [decc5551-dd4b-40dc-8ff5-b6b450d67f6f@group-42ACBF6EBE4E-LeaderElection220] INFO  impl.LeaderElection (LeaderElection.java:logAndReturn(56)) - decc5551-dd4b-40dc-8ff5-b6b450d67f6f@group-42ACBF6EBE4E-LeaderElection220: Election REJECTED; received 2 response(s) [decc5551-dd4b-40dc-8ff5-b6b450d67f6f<-215fceca-0555-458b-bc4f-ba38ff24d5ba#0:FAIL-t116, decc5551-dd4b-40dc-8ff5-b6b450d67f6f<-0c631657-10a5-4e2a-a322-8fc6c651b2ed#0:FAIL-t116] and 0 exception(s); decc5551-dd4b-40dc-8ff5-b6b450d67f6f@group-42ACBF6EBE4E:t116, leader=null, voted=decc5551-dd4b-40dc-8ff5-b6b450d67f6f, raftlog=decc5551-dd4b-40dc-8ff5-b6b450d67f6f@group-42ACBF6EBE4E-SegmentedRaftLog:OPENED:c-1,f-1,i0, conf=-1: [215fceca-0555-458b-bc4f-ba38ff24d5ba:192.168.157.211:43803, decc5551-dd4b-40dc-8ff5-b6b450d67f6f:192.168.157.211:34435, 0c631657-10a5-4e2a-a322-8fc6c651b2ed:192.168.157.211:41694], old=null
2019-10-17 07:10:37,980 [decc5551-dd4b-40dc-8ff5-b6b450d67f6f@group-42ACBF6EBE4E-LeaderElection220] INFO  impl.RaftServerImpl (RaftServerImpl.java:setRole(184)) - decc5551-dd4b-40dc-8ff5-b6b450d67f6f@group-42ACBF6EBE4E: changes role from CANDIDATE to FOLLOWER at term 116 for DISCOVERED_A_NEW_TERM
2019-10-17 07:10:37,980 [Thread-1867] INFO  impl.FollowerState (FollowerState.java:run(108)) - 5c4ee31d-c5ed-4c65-a5df-da3e3cf53ac2@group-233C052D78D6-FollowerState: change to CANDIDATE, lastRpcTime:63ms, electionTimeout:63ms
2019-10-17 07:10:37,980 [decc5551-dd4b-40dc-8ff5-b6b450d67f6f@group-42ACBF6EBE4E-LeaderElection220] INFO  impl.RoleInfo (RoleInfo.java:shutdownLeaderElection(134)) - decc5551-dd4b-40dc-8ff5-b6b450d67f6f: shutdown LeaderElection
2019-10-17 07:10:37,980 [Thread-1867] INFO  impl.RoleInfo (RoleInfo.java:shutdownFollowerState(121)) - 5c4ee31d-c5ed-4c65-a5df-da3e3cf53ac2: shutdown FollowerState
2019-10-17 07:10:37,981 [decc5551-dd4b-40dc-8ff5-b6b450d67f6f@group-42ACBF6EBE4E-LeaderElection220] INFO  impl.RoleInfo (RoleInfo.java:updateAndGet(143)) - decc5551-dd4b-40dc-8ff5-b6b450d67f6f: start FollowerState
2019-10-17 07:10:37,981 [Thread-1867] INFO  impl.RaftServerImpl (RaftServerImpl.java:setRole(184)) - 5c4ee31d-c5ed-4c65-a5df-da3e3cf53ac2@group-233C052D78D6: changes role from  FOLLOWER to CANDIDATE at term 114 for changeToCandidate
2019-10-17 07:10:37,981 [Thread-1867] INFO  impl.RoleInfo (RoleInfo.java:updateAndGet(143)) - 5c4ee31d-c5ed-4c65-a5df-da3e3cf53ac2: start LeaderElection
2019-10-17 07:10:37,994 [5c4ee31d-c5ed-4c65-a5df-da3e3cf53ac2@group-233C052D78D6-LeaderElection221] INFO  impl.LeaderElection (LeaderElection.java:askForVotes(178)) - 5c4ee31d-c5ed-4c65-a5df-da3e3cf53ac2@group-233C052D78D6-LeaderElection221: begin an election at term 115 for -1: [67ae3572-7d88-4e50-b53b-0f48f6748b38:192.168.157.211:41299, 831edaa1-80a5-4091-843f-90c648a5a79d:192.168.157.211:44365, 5c4ee31d-c5ed-4c65-a5df-da3e3cf53ac2:192.168.157.211:45059], old=null
2019-10-17 07:10:37,997 [grpc-default-executor-7] INFO  impl.RaftServerImpl (RaftServerImpl.java:setRole(184)) - 67ae3572-7d88-4e50-b53b-0f48f6748b38@group-233C052D78D6: changes role from  FOLLOWER to FOLLOWER at term 115 for recognizeCandidate:5c4ee31d-c5ed-4c65-a5df-da3e3cf53ac2
2019-10-17 07:10:37,997 [grpc-default-executor-7] INFO  impl.RoleInfo (RoleInfo.java:shutdownFollowerState(121)) - 67ae3572-7d88-4e50-b53b-0f48f6748b38: shutdown FollowerState
2019-10-17 07:10:37,997 [grpc-default-executor-7] INFO  impl.RoleInfo (RoleInfo.java:updateAndGet(143)) - 67ae3572-7d88-4e50-b53b-0f48f6748b38: start FollowerState
2019-10-17 07:10:37,997 [grpc-default-executor-9] INFO  impl.RaftServerImpl (RaftServerImpl.java:setRole(184)) - 831edaa1-80a5-4091-843f-90c648a5a79d@group-233C052D78D6: changes role from  FOLLOWER to FOLLOWER at term 115 for recognizeCandidate:5c4ee31d-c5ed-4c65-a5df-da3e3cf53ac2
2019-10-17 07:10:37,997 [Thread-1866] INFO  impl.FollowerState (FollowerState.java:run(117)) - 67ae3572-7d88-4e50-b53b-0f48f6748b38@group-233C052D78D6-FollowerState was interrupted: java.lang.InterruptedException: sleep interrupted
2019-10-17 07:10:37,997 [grpc-default-executor-9] INFO  impl.RoleInfo (RoleInfo.java:shutdownFollowerState(121)) - 831edaa1-80a5-4091-843f-90c648a5a79d: shutdown FollowerState
2019-10-17 07:10:37,998 [grpc-default-executor-9] INFO  impl.RoleInfo (RoleInfo.java:updateAndGet(143)) - 831edaa1-80a5-4091-843f-90c648a5a79d: start FollowerState
2019-10-17 07:10:37,998 [Thread-1865] INFO  impl.FollowerState (FollowerState.java:run(117)) - 831edaa1-80a5-4091-843f-90c648a5a79d@group-233C052D78D6-FollowerState was interrupted: java.lang.InterruptedException: sleep interrupted
2019-10-17 07:10:38,012 [5c4ee31d-c5ed-4c65-a5df-da3e3cf53ac2@group-233C052D78D6-LeaderElection221] INFO  impl.LeaderElection (LeaderElection.java:logAndReturn(56)) - 5c4ee31d-c5ed-4c65-a5df-da3e3cf53ac2@group-233C052D78D6-LeaderElection221: Election REJECTED; received 2 response(s) [5c4ee31d-c5ed-4c65-a5df-da3e3cf53ac2<-67ae3572-7d88-4e50-b53b-0f48f6748b38#0:FAIL-t115, 5c4ee31d-c5ed-4c65-a5df-da3e3cf53ac2<-831edaa1-80a5-4091-843f-90c648a5a79d#0:FAIL-t115] and 0 exception(s); 5c4ee31d-c5ed-4c65-a5df-da3e3cf53ac2@group-233C052D78D6:t115, leader=null, voted=5c4ee31d-c5ed-4c65-a5df-da3e3cf53ac2, raftlog=5c4ee31d-c5ed-4c65-a5df-da3e3cf53ac2@group-233C052D78D6-SegmentedRaftLog:OPENED:c-1,f-1,i0, conf=-1: [67ae3572-7d88-4e50-b53b-0f48f6748b38:192.168.157.211:41299, 831edaa1-80a5-4091-843f-90c648a5a79d:192.168.157.211:44365, 5c4ee31d-c5ed-4c65-a5df-da3e3cf53ac2:192.168.157.211:45059], old=null
2019-10-17 07:10:38,012 [5c4ee31d-c5ed-4c65-a5df-da3e3cf53ac2@group-233C052D78D6-LeaderElection221] INFO  impl.RaftServerImpl (RaftServerImpl.java:setRole(184)) - 5c4ee31d-c5ed-4c65-a5df-da3e3cf53ac2@group-233C052D78D6: changes role from CANDIDATE to FOLLOWER at term 115 for DISCOVERED_A_NEW_TERM
2019-10-17 07:10:38,012 [5c4ee31d-c5ed-4c65-a5df-da3e3cf53ac2@group-233C052D78D6-LeaderElection221] INFO  impl.RoleInfo (RoleInfo.java:shutdownLeaderElection(134)) - 5c4ee31d-c5ed-4c65-a5df-da3e3cf53ac2: shutdown LeaderElection
2019-10-17 07:10:38,012 [5c4ee31d-c5ed-4c65-a5df-da3e3cf53ac2@group-233C052D78D6-LeaderElection221] INFO  impl.RoleInfo (RoleInfo.java:updateAndGet(143)) - 5c4ee31d-c5ed-4c65-a5df-da3e3cf53ac2: start FollowerState
2019-10-17 07:10:38,178 [Thread-1873] INFO  impl.FollowerState (FollowerState.java:run(108)) - decc5551-dd4b-40dc-8ff5-b6b450d67f6f@group-42ACBF6EBE4E-FollowerState: change to CANDIDATE, lastRpcTime:197ms, electionTimeout:197ms
2019-10-17 07:10:38,178 [Thread-1873] INFO  impl.RoleInfo (RoleInfo.java:shutdownFollowerState(121)) - decc5551-dd4b-40dc-8ff5-b6b450d67f6f: shutdown FollowerState
2019-10-17 07:10:38,178 [Thread-1873] INFO  impl.RaftServerImpl (RaftServerImpl.java:setRole(184)) - decc5551-dd4b-40dc-8ff5-b6b450d67f6f@group-42ACBF6EBE4E: changes role from  FOLLOWER to CANDIDATE at term 116 for changeToCandidate
2019-10-17 07:10:38,179 [Thread-1873] INFO  impl.RoleInfo (RoleInfo.java:updateAndGet(143)) - decc5551-dd4b-40dc-8ff5-b6b450d67f6f: start LeaderElection
2019-10-17 07:10:38,190 [Thread-1879] INFO  impl.FollowerState (FollowerState.java:run(108)) - 5c4ee31d-c5ed-4c65-a5df-da3e3cf53ac2@group-233C052D78D6-FollowerState: change to CANDIDATE, lastRpcTime:177ms, electionTimeout:177ms
2019-10-17 07:10:38,190 [Thread-1879] INFO  impl.RoleInfo (RoleInfo.java:shutdownFollowerState(121)) - 5c4ee31d-c5ed-4c65-a5df-da3e3cf53ac2: shutdown FollowerState
2019-10-17 07:10:38,190 [Thread-1879] INFO  impl.RaftServerImpl (RaftServerImpl.java:setRole(184)) - 5c4ee31d-c5ed-4c65-a5df-da3e3cf53ac2@group-233C052D78D6: changes role from  FOLLOWER to CANDIDATE at term 115 for changeToCandidate
2019-10-17 07:10:38,190 [Thread-1879] INFO  impl.RoleInfo (RoleInfo.java:updateAndGet(143)) - 5c4ee31d-c5ed-4c65-a5df-da3e3cf53ac2: start LeaderElection
2019-10-17 07:10:38,265 [decc5551-dd4b-40dc-8ff5-b6b450d67f6f@group-42ACBF6EBE4E-LeaderElection222] INFO  impl.LeaderElection (LeaderElection.java:askForVotes(178)) - decc5551-dd4b-40dc-8ff5-b6b450d67f6f@group-42ACBF6EBE4E-LeaderElection222: begin an election at term 117 for -1: [215fceca-0555-458b-bc4f-ba38ff24d5ba:192.168.157.211:43803, decc5551-dd4b-40dc-8ff5-b6b450d67f6f:192.168.157.211:34435, 0c631657-10a5-4e2a-a322-8fc6c651b2ed:192.168.157.211:41694], old=null
2019-10-17 07:10:38,267 [grpc-default-executor-7] INFO  impl.RaftServerImpl (RaftServerImpl.java:setRole(184)) - 215fceca-0555-458b-bc4f-ba38ff24d5ba@group-42ACBF6EBE4E: changes role from  FOLLOWER to FOLLOWER at term 117 for recognizeCandidate:decc5551-dd4b-40dc-8ff5-b6b450d67f6f
2019-10-17 07:10:38,267 [grpc-default-executor-9] INFO  impl.RaftServerImpl (RaftServerImpl.java:setRole(184)) - 0c631657-10a5-4e2a-a322-8fc6c651b2ed@group-42ACBF6EBE4E: changes role from  FOLLOWER to FOLLOWER at term 117 for recognizeCandidate:decc5551-dd4b-40dc-8ff5-b6b450d67f6f
2019-10-17 07:10:38,268 [grpc-default-executor-9] INFO  impl.RoleInfo (RoleInfo.java:shutdownFollowerState(121)) - 0c631657-10a5-4e2a-a322-8fc6c651b2ed: shutdown FollowerState
2019-10-17 07:10:38,267 [grpc-default-executor-7] INFO  impl.RoleInfo (RoleInfo.java:shutdownFollowerState(121)) - 215fceca-0555-458b-bc4f-ba38ff24d5ba: shutdown FollowerState
2019-10-17 07:10:38,268 [Thread-1872] INFO  impl.FollowerState (FollowerState.java:run(117)) - 0c631657-10a5-4e2a-a322-8fc6c651b2ed@group-42ACBF6EBE4E-FollowerState was interrupted: java.lang.InterruptedException: sleep interrupted
2019-10-17 07:10:38,268 [grpc-default-executor-9] INFO  impl.RoleInfo (RoleInfo.java:updateAndGet(143)) - 0c631657-10a5-4e2a-a322-8fc6c651b2ed: start FollowerState
2019-10-17 07:10:38,268 [Thread-1871] INFO  impl.FollowerState (FollowerState.java:run(117)) - 215fceca-0555-458b-bc4f-ba38ff24d5ba@group-42ACBF6EBE4E-FollowerState was interrupted: java.lang.InterruptedException: sleep interrupted
2019-10-17 07:10:38,268 [grpc-default-executor-7] INFO  impl.RoleInfo (RoleInfo.java:updateAndGet(143)) - 215fceca-0555-458b-bc4f-ba38ff24d5ba: start FollowerState
2019-10-17 07:10:38,303 [5c4ee31d-c5ed-4c65-a5df-da3e3cf53ac2@group-233C052D78D6-LeaderElection223] INFO  impl.LeaderElection (LeaderElection.java:askForVotes(178)) - 5c4ee31d-c5ed-4c65-a5df-da3e3cf53ac2@group-233C052D78D6-LeaderElection223: begin an election at term 116 for -1: [67ae3572-7d88-4e50-b53b-0f48f6748b38:192.168.157.211:41299, 831edaa1-80a5-4091-843f-90c648a5a79d:192.168.157.211:44365, 5c4ee31d-c5ed-4c65-a5df-da3e3cf53ac2:192.168.157.211:45059], old=null
2019-10-17 07:10:38,305 [decc5551-dd4b-40dc-8ff5-b6b450d67f6f@group-42ACBF6EBE4E-LeaderElection222] INFO  impl.LeaderElection (LeaderElection.java:logAndReturn(56)) - decc5551-dd4b-40dc-8ff5-b6b450d67f6f@group-42ACBF6EBE4E-LeaderElection222: Election REJECTED; received 2 response(s) [decc5551-dd4b-40dc-8ff5-b6b450d67f6f<-215fceca-0555-458b-bc4f-ba38ff24d5ba#0:FAIL-t117, decc5551-dd4b-40dc-8ff5-b6b450d67f6f<-0c631657-10a5-4e2a-a322-8fc6c651b2ed#0:FAIL-t117] and 0 exception(s); decc5551-dd4b-40dc-8ff5-b6b450d67f6f@group-42ACBF6EBE4E:t117, leader=null, voted=decc5551-dd4b-40dc-8ff5-b6b450d67f6f, raftlog=decc5551-dd4b-40dc-8ff5-b6b450d67f6f@group-42ACBF6EBE4E-SegmentedRaftLog:OPENED:c-1,f-1,i0, conf=-1: [215fceca-0555-458b-bc4f-ba38ff24d5ba:192.168.157.211:43803, decc5551-dd4b-40dc-8ff5-b6b450d67f6f:192.168.157.211:34435, 0c631657-10a5-4e2a-a322-8fc6c651b2ed:192.168.157.211:41694], old=null
2019-10-17 07:10:38,305 [grpc-default-executor-9] INFO  impl.RaftServerImpl (RaftServerImpl.java:setRole(184)) - 67ae3572-7d88-4e50-b53b-0f48f6748b38@group-233C052D78D6: changes role from  FOLLOWER to FOLLOWER at term 116 for recognizeCandidate:5c4ee31d-c5ed-4c65-a5df-da3e3cf53ac2
2019-10-17 07:10:38,305 [grpc-default-executor-9] INFO  impl.RoleInfo (RoleInfo.java:shutdownFollowerState(121)) - 67ae3572-7d88-4e50-b53b-0f48f6748b38: shutdown FollowerState
2019-10-17 07:10:38,305 [decc5551-dd4b-40dc-8ff5-b6b450d67f6f@group-42ACBF6EBE4E-LeaderElection222] INFO  impl.RaftServerImpl (RaftServerImpl.java:setRole(184)) - decc5551-dd4b-40dc-8ff5-b6b450d67f6f@group-42ACBF6EBE4E: changes role from CANDIDATE to FOLLOWER at term 117 for DISCOVERED_A_NEW_TERM
2019-10-17 07:10:38,305 [decc5551-dd4b-40dc-8ff5-b6b450d67f6f@group-42ACBF6EBE4E-LeaderElection222] INFO  impl.RoleInfo (RoleInfo.java:shutdownLeaderElection(134)) - decc5551-dd4b-40dc-8ff5-b6b450d67f6f: shutdown LeaderElection
2019-10-17 07:10:38,305 [grpc-default-executor-4] INFO  impl.RaftServerImpl (RaftServerImpl.java:setRole(184)) - 831edaa1-80a5-4091-843f-90c648a5a79d@group-233C052D78D6: changes role from  FOLLOWER to FOLLOWER at term 116 for recognizeCandidate:5c4ee31d-c5ed-4c65-a5df-da3e3cf53ac2
2019-10-17 07:10:38,306 [grpc-default-executor-4] INFO  impl.RoleInfo (RoleInfo.java:shutdownFollowerState(121)) - 831edaa1-80a5-4091-843f-90c648a5a79d: shutdown FollowerState
2019-10-17 07:10:38,306 [decc5551-dd4b-40dc-8ff5-b6b450d67f6f@group-42ACBF6EBE4E-LeaderElection222] INFO  impl.RoleInfo (RoleInfo.java:updateAndGet(143)) - decc5551-dd4b-40dc-8ff5-b6b450d67f6f: start FollowerState
2019-10-17 07:10:38,305 [Thread-1877] INFO  impl.FollowerState (FollowerState.java:run(117)) - 67ae3572-7d88-4e50-b53b-0f48f6748b38@group-233C052D78D6-FollowerState was interrupted: java.lang.InterruptedException: sleep interrupted
2019-10-17 07:10:38,305 [grpc-default-executor-9] INFO  impl.RoleInfo (RoleInfo.java:updateAndGet(143)) - 67ae3572-7d88-4e50-b53b-0f48f6748b38: start FollowerState
2019-10-17 07:10:38,306 [Thread-1878] INFO  impl.FollowerState (FollowerState.java:run(117)) - 831edaa1-80a5-4091-843f-90c648a5a79d@group-233C052D78D6-FollowerState was interrupted: java.lang.InterruptedException: sleep interrupted
2019-10-17 07:10:38,306 [grpc-default-executor-4] INFO  impl.RoleInfo (RoleInfo.java:updateAndGet(143)) - 831edaa1-80a5-4091-843f-90c648a5a79d: start FollowerState
2019-10-17 07:10:38,317 [5c4ee31d-c5ed-4c65-a5df-da3e3cf53ac2@group-233C052D78D6-LeaderElection223] INFO  impl.LeaderElection (LeaderElection.java:logAndReturn(56)) - 5c4ee31d-c5ed-4c65-a5df-da3e3cf53ac2@group-233C052D78D6-LeaderElection223: Election REJECTED; received 2 response(s) [5c4ee31d-c5ed-4c65-a5df-da3e3cf53ac2<-67ae3572-7d88-4e50-b53b-0f48f6748b38#0:FAIL-t116, 5c4ee31d-c5ed-4c65-a5df-da3e3cf53ac2<-831edaa1-80a5-4091-843f-90c648a5a79d#0:FAIL-t116] and 0 exception(s); 5c4ee31d-c5ed-4c65-a5df-da3e3cf53ac2@group-233C052D78D6:t116, leader=null, voted=5c4ee31d-c5ed-4c65-a5df-da3e3cf53ac2, raftlog=5c4ee31d-c5ed-4c65-a5df-da3e3cf53ac2@group-233C052D78D6-SegmentedRaftLog:OPENED:c-1,f-1,i0, conf=-1: [67ae3572-7d88-4e50-b53b-0f48f6748b38:192.168.157.211:41299, 831edaa1-80a5-4091-843f-90c648a5a79d:192.168.157.211:44365, 5c4ee31d-c5ed-4c65-a5df-da3e3cf53ac2:192.168.157.211:45059], old=null
2019-10-17 07:10:38,317 [5c4ee31d-c5ed-4c65-a5df-da3e3cf53ac2@group-233C052D78D6-LeaderElection223] INFO  impl.RaftServerImpl (RaftServerImpl.java:setRole(184)) - 5c4ee31d-c5ed-4c65-a5df-da3e3cf53ac2@group-233C052D78D6: changes role from CANDIDATE to FOLLOWER at term 116 for DISCOVERED_A_NEW_TERM
2019-10-17 07:10:38,317 [5c4ee31d-c5ed-4c65-a5df-da3e3cf53ac2@group-233C052D78D6-LeaderElection223] INFO  impl.RoleInfo (RoleInfo.java:shutdownLeaderElection(134)) - 5c4ee31d-c5ed-4c65-a5df-da3e3cf53ac2: shutdown LeaderElection
2019-10-17 07:10:38,318 [5c4ee31d-c5ed-4c65-a5df-da3e3cf53ac2@group-233C052D78D6-LeaderElection223] INFO  impl.RoleInfo (RoleInfo.java:updateAndGet(143)) - 5c4ee31d-c5ed-4c65-a5df-da3e3cf53ac2: start FollowerState
2019-10-17 07:10:38,467 [Thread-1893] INFO  impl.FollowerState (FollowerState.java:run(108)) - 5c4ee31d-c5ed-4c65-a5df-da3e3cf53ac2@group-233C052D78D6-FollowerState: change to CANDIDATE, lastRpcTime:149ms, electionTimeout:149ms
2019-10-17 07:10:38,467 [Thread-1893] INFO  impl.RoleInfo (RoleInfo.java:shutdownFollowerState(121)) - 5c4ee31d-c5ed-4c65-a5df-da3e3cf53ac2: shutdown FollowerState
2019-10-17 07:10:38,467 [Thread-1893] INFO  impl.RaftServerImpl (RaftServerImpl.java:setRole(184)) - 5c4ee31d-c5ed-4c65-a5df-da3e3cf53ac2@group-233C052D78D6: changes role from  FOLLOWER to CANDIDATE at term 116 for changeToCandidate
2019-10-17 07:10:38,468 [Thread-1893] INFO  impl.RoleInfo (RoleInfo.java:updateAndGet(143)) - 5c4ee31d-c5ed-4c65-a5df-da3e3cf53ac2: start LeaderElection
2019-10-17 07:10:38,480 [Thread-1891] INFO  impl.FollowerState (FollowerState.java:run(108)) - decc5551-dd4b-40dc-8ff5-b6b450d67f6f@group-42ACBF6EBE4E-FollowerState: change to CANDIDATE, lastRpcTime:174ms, electionTimeout:174ms
2019-10-17 07:10:38,480 [Thread-1891] INFO  impl.RoleInfo (RoleInfo.java:shutdownFollowerState(121)) - decc5551-dd4b-40dc-8ff5-b6b450d67f6f: shutdown FollowerState
2019-10-17 07:10:38,481 [Thread-1891] INFO  impl.RaftServerImpl (RaftServerImpl.java:setRole(184)) - decc5551-dd4b-40dc-8ff5-b6b450d67f6f@group-42ACBF6EBE4E: changes role from  FOLLOWER to CANDIDATE at term 117 for changeToCandidate
2019-10-17 07:10:38,481 [Thread-1891] INFO  impl.RoleInfo (RoleInfo.java:updateAndGet(143)) - decc5551-dd4b-40dc-8ff5-b6b450d67f6f: start LeaderElection
2019-10-17 07:10:38,492 [5c4ee31d-c5ed-4c65-a5df-da3e3cf53ac2@group-233C052D78D6-LeaderElection224] INFO  impl.LeaderElection (LeaderElection.java:askForVotes(178)) - 5c4ee31d-c5ed-4c65-a5df-da3e3cf53ac2@group-233C052D78D6-LeaderElection224: begin an election at term 117 for -1: [67ae3572-7d88-4e50-b53b-0f48f6748b38:192.168.157.211:41299, 831edaa1-80a5-4091-843f-90c648a5a79d:192.168.157.211:44365, 5c4ee31d-c5ed-4c65-a5df-da3e3cf53ac2:192.168.157.211:45059], old=null
2019-10-17 07:10:38,492 [decc5551-dd4b-40dc-8ff5-b6b450d67f6f@group-42ACBF6EBE4E-LeaderElection225] INFO  impl.LeaderElection (LeaderElection.java:askForVotes(178)) - decc5551-dd4b-40dc-8ff5-b6b450d67f6f@group-42ACBF6EBE4E-LeaderElection225: begin an election at term 118 for -1: [215fceca-0555-458b-bc4f-ba38ff24d5ba:192.168.157.211:43803, decc5551-dd4b-40dc-8ff5-b6b450d67f6f:192.168.157.211:34435, 0c631657-10a5-4e2a-a322-8fc6c651b2ed:192.168.157.211:41694], old=null
2019-10-17 07:10:38,494 [grpc-default-executor-9] INFO  impl.RaftServerImpl (RaftServerImpl.java:setRole(184)) - 215fceca-0555-458b-bc4f-ba38ff24d5ba@group-42ACBF6EBE4E: changes role from  FOLLOWER to FOLLOWER at term 118 for recognizeCandidate:decc5551-dd4b-40dc-8ff5-b6b450d67f6f
2019-10-17 07:10:38,494 [grpc-default-executor-9] INFO  impl.RoleInfo (RoleInfo.java:shutdownFollowerState(121)) - 215fceca-0555-458b-bc4f-ba38ff24d5ba: shutdown FollowerState
2019-10-17 07:10:38,495 [grpc-default-executor-9] INFO  impl.RoleInfo (RoleInfo.java:updateAndGet(143)) - 215fceca-0555-458b-bc4f-ba38ff24d5ba: start FollowerState
2019-10-17 07:10:38,495 [grpc-default-executor-7] INFO  impl.RaftServerImpl (RaftServerImpl.java:setRole(184)) - 0c631657-10a5-4e2a-a322-8fc6c651b2ed@group-42ACBF6EBE4E: changes role from  FOLLOWER to FOLLOWER at term 118 for recognizeCandidate:decc5551-dd4b-40dc-8ff5-b6b450d67f6f
2019-10-17 07:10:38,495 [grpc-default-executor-7] INFO  impl.RoleInfo (RoleInfo.java:shutdownFollowerState(121)) - 0c631657-10a5-4e2a-a322-8fc6c651b2ed: shutdown FollowerState
2019-10-17 07:10:38,495 [Thread-1887] INFO  impl.FollowerState (FollowerState.java:run(117)) - 215fceca-0555-458b-bc4f-ba38ff24d5ba@group-42ACBF6EBE4E-FollowerState was interrupted: java.lang.InterruptedException: sleep interrupted
2019-10-17 07:10:38,495 [Thread-1886] INFO  impl.FollowerState (FollowerState.java:run(117)) - 0c631657-10a5-4e2a-a322-8fc6c651b2ed@group-42ACBF6EBE4E-FollowerState was interrupted: java.lang.InterruptedException: sleep interrupted
2019-10-17 07:10:38,495 [grpc-default-executor-4] INFO  impl.RaftServerImpl (RaftServerImpl.java:setRole(184)) - 831edaa1-80a5-4091-843f-90c648a5a79d@group-233C052D78D6: changes role from  FOLLOWER to FOLLOWER at term 117 for recognizeCandidate:5c4ee31d-c5ed-4c65-a5df-da3e3cf53ac2
2019-10-17 07:10:38,496 [grpc-default-executor-4] INFO  impl.RoleInfo (RoleInfo.java:shutdownFollowerState(121)) - 831edaa1-80a5-4091-843f-90c648a5a79d: shutdown FollowerState
2019-10-17 07:10:38,495 [grpc-default-executor-7] INFO  impl.RoleInfo (RoleInfo.java:updateAndGet(143)) - 0c631657-10a5-4e2a-a322-8fc6c651b2ed: start FollowerState
2019-10-17 07:10:38,495 [grpc-default-executor-3] INFO  impl.RaftServerImpl (RaftServerImpl.java:setRole(184)) - 67ae3572-7d88-4e50-b53b-0f48f6748b38@group-233C052D78D6: changes role from  FOLLOWER to FOLLOWER at term 117 for recognizeCandidate:5c4ee31d-c5ed-4c65-a5df-da3e3cf53ac2
2019-10-17 07:10:38,496 [Thread-1892] INFO  impl.FollowerState (FollowerState.java:run(117)) - 831edaa1-80a5-4091-843f-90c648a5a79d@group-233C052D78D6-FollowerState was interrupted: java.lang.InterruptedException: sleep interrupted
2019-10-17 07:10:38,496 [grpc-default-executor-4] INFO  impl.RoleInfo (RoleInfo.java:updateAndGet(143)) - 831edaa1-80a5-4091-843f-90c648a5a79d: start FollowerState
2019-10-17 07:10:38,496 [grpc-default-executor-3] INFO  impl.RoleInfo (RoleInfo.java:shutdownFollowerState(121)) - 67ae3572-7d88-4e50-b53b-0f48f6748b38: shutdown FollowerState
2019-10-17 07:10:38,497 [grpc-default-executor-3] INFO  impl.RoleInfo (RoleInfo.java:updateAndGet(143)) - 67ae3572-7d88-4e50-b53b-0f48f6748b38: start FollowerState
2019-10-17 07:10:38,497 [Thread-1890] INFO  impl.FollowerState (FollowerState.java:run(117)) - 67ae3572-7d88-4e50-b53b-0f48f6748b38@group-233C052D78D6-FollowerState was interrupted: java.lang.InterruptedException: sleep interrupted
2019-10-17 07:10:38,514 [decc5551-dd4b-40dc-8ff5-b6b450d67f6f@group-42ACBF6EBE4E-LeaderElection225] INFO  impl.LeaderElection (LeaderElection.java:logAndReturn(56)) - decc5551-dd4b-40dc-8ff5-b6b450d67f6f@group-42ACBF6EBE4E-LeaderElection225: Election REJECTED; received 2 response(s) [decc5551-dd4b-40dc-8ff5-b6b450d67f6f<-215fceca-0555-458b-bc4f-ba38ff24d5ba#0:FAIL-t118, decc5551-dd4b-40dc-8ff5-b6b450d67f6f<-0c631657-10a5-4e2a-a322-8fc6c651b2ed#0:FAIL-t118] and 0 exception(s); decc5551-dd4b-40dc-8ff5-b6b450d67f6f@group-42ACBF6EBE4E:t118, leader=null, voted=decc5551-dd4b-40dc-8ff5-b6b450d67f6f, raftlog=decc5551-dd4b-40dc-8ff5-b6b450d67f6f@group-42ACBF6EBE4E-SegmentedRaftLog:OPENED:c-1,f-1,i0, conf=-1: [215fceca-0555-458b-bc4f-ba38ff24d5ba:192.168.157.211:43803, decc5551-dd4b-40dc-8ff5-b6b450d67f6f:192.168.157.211:34435, 0c631657-10a5-4e2a-a322-8fc6c651b2ed:192.168.157.211:41694], old=null
2019-10-17 07:10:38,514 [5c4ee31d-c5ed-4c65-a5df-da3e3cf53ac2@group-233C052D78D6-LeaderElection224] INFO  impl.LeaderElection (LeaderElection.java:logAndReturn(56)) - 5c4ee31d-c5ed-4c65-a5df-da3e3cf53ac2@group-233C052D78D6-LeaderElection224: Election REJECTED; received 2 response(s) [5c4ee31d-c5ed-4c65-a5df-da3e3cf53ac2<-67ae3572-7d88-4e50-b53b-0f48f6748b38#0:FAIL-t117, 5c4ee31d-c5ed-4c65-a5df-da3e3cf53ac2<-831edaa1-80a5-4091-843f-90c648a5a79d#0:FAIL-t117] and 0 exception(s); 5c4ee31d-c5ed-4c65-a5df-da3e3cf53ac2@group-233C052D78D6:t117, leader=null, voted=5c4ee31d-c5ed-4c65-a5df-da3e3cf53ac2, raftlog=5c4ee31d-c5ed-4c65-a5df-da3e3cf53ac2@group-233C052D78D6-SegmentedRaftLog:OPENED:c-1,f-1,i0, conf=-1: [67ae3572-7d88-4e50-b53b-0f48f6748b38:192.168.157.211:41299, 831edaa1-80a5-4091-843f-90c648a5a79d:192.168.157.211:44365, 5c4ee31d-c5ed-4c65-a5df-da3e3cf53ac2:192.168.157.211:45059], old=null
2019-10-17 07:10:38,515 [decc5551-dd4b-40dc-8ff5-b6b450d67f6f@group-42ACBF6EBE4E-LeaderElection225] INFO  impl.RaftServerImpl (RaftServerImpl.java:setRole(184)) - decc5551-dd4b-40dc-8ff5-b6b450d67f6f@group-42ACBF6EBE4E: changes role from CANDIDATE to FOLLOWER at term 118 for DISCOVERED_A_NEW_TERM
2019-10-17 07:10:38,515 [5c4ee31d-c5ed-4c65-a5df-da3e3cf53ac2@group-233C052D78D6-LeaderElection224] INFO  impl.RaftServerImpl (RaftServerImpl.java:setRole(184)) - 5c4ee31d-c5ed-4c65-a5df-da3e3cf53ac2@group-233C052D78D6: changes role from CANDIDATE to FOLLOWER at term 117 for DISCOVERED_A_NEW_TERM
2019-10-17 07:10:38,515 [decc5551-dd4b-40dc-8ff5-b6b450d67f6f@group-42ACBF6EBE4E-LeaderElection225] INFO  impl.RoleInfo (RoleInfo.java:shutdownLeaderElection(134)) - decc5551-dd4b-40dc-8ff5-b6b450d67f6f: shutdown LeaderElection
2019-10-17 07:10:38,515 [5c4ee31d-c5ed-4c65-a5df-da3e3cf53ac2@group-233C052D78D6-LeaderElection224] INFO  impl.RoleInfo (RoleInfo.java:shutdownLeaderElection(134)) - 5c4ee31d-c5ed-4c65-a5df-da3e3cf53ac2: shutdown LeaderElection
2019-10-17 07:10:38,515 [decc5551-dd4b-40dc-8ff5-b6b450d67f6f@group-42ACBF6EBE4E-LeaderElection225] INFO  impl.RoleInfo (RoleInfo.java:updateAndGet(143)) - decc5551-dd4b-40dc-8ff5-b6b450d67f6f: start FollowerState
2019-10-17 07:10:38,515 [5c4ee31d-c5ed-4c65-a5df-da3e3cf53ac2@group-233C052D78D6-LeaderElection224] INFO  impl.RoleInfo (RoleInfo.java:updateAndGet(143)) - 5c4ee31d-c5ed-4c65-a5df-da3e3cf53ac2: start FollowerState
2019-10-17 07:10:38,600 [Thread-1904] INFO  impl.FollowerState (FollowerState.java:run(108)) - decc5551-dd4b-40dc-8ff5-b6b450d67f6f@group-42ACBF6EBE4E-FollowerState: change to CANDIDATE, lastRpcTime:84ms, electionTimeout:84ms
2019-10-17 07:10:38,600 [Thread-1904] INFO  impl.RoleInfo (RoleInfo.java:shutdownFollowerState(121)) - decc5551-dd4b-40dc-8ff5-b6b450d67f6f: shutdown FollowerState
2019-10-17 07:10:38,600 [Thread-1904] INFO  impl.RaftServerImpl (RaftServerImpl.java:setRole(184)) - decc5551-dd4b-40dc-8ff5-b6b450d67f6f@group-42ACBF6EBE4E: changes role from  FOLLOWER to CANDIDATE at term 118 for changeToCandidate
2019-10-17 07:10:38,601 [Thread-1904] INFO  impl.RoleInfo (RoleInfo.java:updateAndGet(143)) - decc5551-dd4b-40dc-8ff5-b6b450d67f6f: start LeaderElection
2019-10-17 07:10:38,614 [decc5551-dd4b-40dc-8ff5-b6b450d67f6f@group-42ACBF6EBE4E-LeaderElection226] INFO  impl.LeaderElection (LeaderElection.java:askForVotes(178)) - decc5551-dd4b-40dc-8ff5-b6b450d67f6f@group-42ACBF6EBE4E-LeaderElection226: begin an election at term 119 for -1: [215fceca-0555-458b-bc4f-ba38ff24d5ba:192.168.157.211:43803, decc5551-dd4b-40dc-8ff5-b6b450d67f6f:192.168.157.211:34435, 0c631657-10a5-4e2a-a322-8fc6c651b2ed:192.168.157.211:41694], old=null
2019-10-17 07:10:38,616 [grpc-default-executor-3] INFO  impl.RaftServerImpl (RaftServerImpl.java:setRole(184)) - 215fceca-0555-458b-bc4f-ba38ff24d5ba@group-42ACBF6EBE4E: changes role from  FOLLOWER to FOLLOWER at term 119 for recognizeCandidate:decc5551-dd4b-40dc-8ff5-b6b450d67f6f
2019-10-17 07:10:38,616 [grpc-default-executor-4] INFO  impl.RaftServerImpl (RaftServerImpl.java:setRole(184)) - 0c631657-10a5-4e2a-a322-8fc6c651b2ed@group-42ACBF6EBE4E: changes role from  FOLLOWER to FOLLOWER at term 119 for recognizeCandidate:decc5551-dd4b-40dc-8ff5-b6b450d67f6f
2019-10-17 07:10:38,616 [grpc-default-executor-3] INFO  impl.RoleInfo (RoleInfo.java:shutdownFollowerState(121)) - 215fceca-0555-458b-bc4f-ba38ff24d5ba: shutdown FollowerState
2019-10-17 07:10:38,616 [grpc-default-executor-4] INFO  impl.RoleInfo (RoleInfo.java:shutdownFollowerState(121)) - 0c631657-10a5-4e2a-a322-8fc6c651b2ed: shutdown FollowerState
2019-10-17 07:10:38,617 [Thread-1901] INFO  impl.FollowerState (FollowerState.java:run(117)) - 0c631657-10a5-4e2a-a322-8fc6c651b2ed@group-42ACBF6EBE4E-FollowerState was interrupted: java.lang.InterruptedException: sleep interrupted
2019-10-17 07:10:38,617 [Thread-1900] INFO  impl.FollowerState (FollowerState.java:run(117)) - 215fceca-0555-458b-bc4f-ba38ff24d5ba@group-42ACBF6EBE4E-FollowerState was interrupted: java.lang.InterruptedException: sleep interrupted
2019-10-17 07:10:38,617 [grpc-default-executor-3] INFO  impl.RoleInfo (RoleInfo.java:updateAndGet(143)) - 215fceca-0555-458b-bc4f-ba38ff24d5ba: start FollowerState
2019-10-17 07:10:38,617 [grpc-default-executor-4] INFO  impl.RoleInfo (RoleInfo.java:updateAndGet(143)) - 0c631657-10a5-4e2a-a322-8fc6c651b2ed: start FollowerState
2019-10-17 07:10:38,630 [decc5551-dd4b-40dc-8ff5-b6b450d67f6f@group-42ACBF6EBE4E-LeaderElection226] INFO  impl.LeaderElection (LeaderElection.java:logAndReturn(56)) - decc5551-dd4b-40dc-8ff5-b6b450d67f6f@group-42ACBF6EBE4E-LeaderElection226: Election REJECTED; received 2 response(s) [decc5551-dd4b-40dc-8ff5-b6b450d67f6f<-215fceca-0555-458b-bc4f-ba38ff24d5ba#0:FAIL-t119, decc5551-dd4b-40dc-8ff5-b6b450d67f6f<-0c631657-10a5-4e2a-a322-8fc6c651b2ed#0:FAIL-t119] and 0 exception(s); decc5551-dd4b-40dc-8ff5-b6b450d67f6f@group-42ACBF6EBE4E:t119, leader=null, voted=decc5551-dd4b-40dc-8ff5-b6b450d67f6f, raftlog=decc5551-dd4b-40dc-8ff5-b6b450d67f6f@group-42ACBF6EBE4E-SegmentedRaftLog:OPENED:c-1,f-1,i0, conf=-1: [215fceca-0555-458b-bc4f-ba38ff24d5ba:192.168.157.211:43803, decc5551-dd4b-40dc-8ff5-b6b450d67f6f:192.168.157.211:34435, 0c631657-10a5-4e2a-a322-8fc6c651b2ed:192.168.157.211:41694], old=null
2019-10-17 07:10:38,630 [decc5551-dd4b-40dc-8ff5-b6b450d67f6f@group-42ACBF6EBE4E-LeaderElection226] INFO  impl.RaftServerImpl (RaftServerImpl.java:setRole(184)) - decc5551-dd4b-40dc-8ff5-b6b450d67f6f@group-42ACBF6EBE4E: changes role from CANDIDATE to FOLLOWER at term 119 for DISCOVERED_A_NEW_TERM
2019-10-17 07:10:38,630 [decc5551-dd4b-40dc-8ff5-b6b450d67f6f@group-42ACBF6EBE4E-LeaderElection226] INFO  impl.RoleInfo (RoleInfo.java:shutdownLeaderElection(134)) - decc5551-dd4b-40dc-8ff5-b6b450d67f6f: shutdown LeaderElection
2019-10-17 07:10:38,630 [decc5551-dd4b-40dc-8ff5-b6b450d67f6f@group-42ACBF6EBE4E-LeaderElection226] INFO  impl.RoleInfo (RoleInfo.java:updateAndGet(143)) - decc5551-dd4b-40dc-8ff5-b6b450d67f6f: start FollowerState
2019-10-17 07:10:38,636 [Thread-1905] INFO  impl.FollowerState (FollowerState.java:run(108)) - 5c4ee31d-c5ed-4c65-a5df-da3e3cf53ac2@group-233C052D78D6-FollowerState: change to CANDIDATE, lastRpcTime:120ms, electionTimeout:120ms
2019-10-17 07:10:38,636 [Thread-1905] INFO  impl.RoleInfo (RoleInfo.java:shutdownFollowerState(121)) - 5c4ee31d-c5ed-4c65-a5df-da3e3cf53ac2: shutdown FollowerState
2019-10-17 07:10:38,636 [Thread-1905] INFO  impl.RaftServerImpl (RaftServerImpl.java:setRole(184)) - 5c4ee31d-c5ed-4c65-a5df-da3e3cf53ac2@group-233C052D78D6: changes role from  FOLLOWER to CANDIDATE at term 117 for changeToCandidate
2019-10-17 07:10:38,636 [Thread-1905] INFO  impl.RoleInfo (RoleInfo.java:updateAndGet(143)) - 5c4ee31d-c5ed-4c65-a5df-da3e3cf53ac2: start LeaderElection
2019-10-17 07:10:38,650 [5c4ee31d-c5ed-4c65-a5df-da3e3cf53ac2@group-233C052D78D6-LeaderElection227] INFO  impl.LeaderElection (LeaderElection.java:askForVotes(178)) - 5c4ee31d-c5ed-4c65-a5df-da3e3cf53ac2@group-233C052D78D6-LeaderElection227: begin an election at term 118 for -1: [67ae3572-7d88-4e50-b53b-0f48f6748b38:192.168.157.211:41299, 831edaa1-80a5-4091-843f-90c648a5a79d:192.168.157.211:44365, 5c4ee31d-c5ed-4c65-a5df-da3e3cf53ac2:192.168.157.211:45059], old=null
2019-10-17 07:10:38,652 [grpc-default-executor-3] INFO  impl.RaftServerImpl (RaftServerImpl.java:setRole(184)) - 67ae3572-7d88-4e50-b53b-0f48f6748b38@group-233C052D78D6: changes role from  FOLLOWER to FOLLOWER at term 118 for recognizeCandidate:5c4ee31d-c5ed-4c65-a5df-da3e3cf53ac2
2019-10-17 07:10:38,652 [grpc-default-executor-3] INFO  impl.RoleInfo (RoleInfo.java:shutdownFollowerState(121)) - 67ae3572-7d88-4e50-b53b-0f48f6748b38: shutdown FollowerState
2019-10-17 07:10:38,652 [grpc-default-executor-3] INFO  impl.RoleInfo (RoleInfo.java:updateAndGet(143)) - 67ae3572-7d88-4e50-b53b-0f48f6748b38: start FollowerState
2019-10-17 07:10:38,652 [Thread-1903] INFO  impl.FollowerState (FollowerState.java:run(117)) - 67ae3572-7d88-4e50-b53b-0f48f6748b38@group-233C052D78D6-FollowerState was interrupted: java.lang.InterruptedException: sleep interrupted
2019-10-17 07:10:38,652 [grpc-default-executor-4] INFO  impl.RaftServerImpl (RaftServerImpl.java:setRole(184)) - 831edaa1-80a5-4091-843f-90c648a5a79d@group-233C052D78D6: changes role from  FOLLOWER to FOLLOWER at term 118 for recognizeCandidate:5c4ee31d-c5ed-4c65-a5df-da3e3cf53ac2
2019-10-17 07:10:38,652 [grpc-default-executor-4] INFO  impl.RoleInfo (RoleInfo.java:shutdownFollowerState(121)) - 831edaa1-80a5-4091-843f-90c648a5a79d: shutdown FollowerState
2019-10-17 07:10:38,653 [grpc-default-executor-4] INFO  impl.RoleInfo (RoleInfo.java:updateAndGet(143)) - 831edaa1-80a5-4091-843f-90c648a5a79d: start FollowerState
2019-10-17 07:10:38,653 [Thread-1902] INFO  impl.FollowerState (FollowerState.java:run(117)) - 831edaa1-80a5-4091-843f-90c648a5a79d@group-233C052D78D6-FollowerState was interrupted: java.lang.InterruptedException: sleep interrupted
2019-10-17 07:10:38,666 [5c4ee31d-c5ed-4c65-a5df-da3e3cf53ac2@group-233C052D78D6-LeaderElection227] INFO  impl.LeaderElection (LeaderElection.java:logAndReturn(56)) - 5c4ee31d-c5ed-4c65-a5df-da3e3cf53ac2@group-233C052D78D6-LeaderElection227: Election REJECTED; received 2 response(s) [5c4ee31d-c5ed-4c65-a5df-da3e3cf53ac2<-67ae3572-7d88-4e50-b53b-0f48f6748b38#0:FAIL-t118, 5c4ee31d-c5ed-4c65-a5df-da3e3cf53ac2<-831edaa1-80a5-4091-843f-90c648a5a79d#0:FAIL-t118] and 0 exception(s); 5c4ee31d-c5ed-4c65-a5df-da3e3cf53ac2@group-233C052D78D6:t118, leader=null, voted=5c4ee31d-c5ed-4c65-a5df-da3e3cf53ac2, raftlog=5c4ee31d-c5ed-4c65-a5df-da3e3cf53ac2@group-233C052D78D6-SegmentedRaftLog:OPENED:c-1,f-1,i0, conf=-1: [67ae3572-7d88-4e50-b53b-0f48f6748b38:192.168.157.211:41299, 831edaa1-80a5-4091-843f-90c648a5a79d:192.168.157.211:44365, 5c4ee31d-c5ed-4c65-a5df-da3e3cf53ac2:192.168.157.211:45059], old=null
2019-10-17 07:10:38,667 [5c4ee31d-c5ed-4c65-a5df-da3e3cf53ac2@group-233C052D78D6-LeaderElection227] INFO  impl.RaftServerImpl (RaftServerImpl.java:setRole(184)) - 5c4ee31d-c5ed-4c65-a5df-da3e3cf53ac2@group-233C052D78D6: changes role from CANDIDATE to FOLLOWER at term 118 for DISCOVERED_A_NEW_TERM
2019-10-17 07:10:38,667 [5c4ee31d-c5ed-4c65-a5df-da3e3cf53ac2@group-233C052D78D6-LeaderElection227] INFO  impl.RoleInfo (RoleInfo.java:shutdownLeaderElection(134)) - 5c4ee31d-c5ed-4c65-a5df-da3e3cf53ac2: shutdown LeaderElection
2019-10-17 07:10:38,667 [5c4ee31d-c5ed-4c65-a5df-da3e3cf53ac2@group-233C052D78D6-LeaderElection227] INFO  impl.RoleInfo (RoleInfo.java:updateAndGet(143)) - 5c4ee31d-c5ed-4c65-a5df-da3e3cf53ac2: start FollowerState
2019-10-17 07:10:38,699 [Thread-1919] INFO  impl.FollowerState (FollowerState.java:run(108)) - 5c4ee31d-c5ed-4c65-a5df-da3e3cf53ac2@group-233C052D78D6-FollowerState: change to CANDIDATE, lastRpcTime:32ms, electionTimeout:32ms
2019-10-17 07:10:38,699 [Thread-1919] INFO  impl.RoleInfo (RoleInfo.java:shutdownFollowerState(121)) - 5c4ee31d-c5ed-4c65-a5df-da3e3cf53ac2: shutdown FollowerState
2019-10-17 07:10:38,700 [Thread-1919] INFO  impl.RaftServerImpl (RaftServerImpl.java:setRole(184)) - 5c4ee31d-c5ed-4c65-a5df-da3e3cf53ac2@group-233C052D78D6: changes role from  FOLLOWER to CANDIDATE at term 118 for changeToCandidate
2019-10-17 07:10:38,700 [Thread-1919] INFO  impl.RoleInfo (RoleInfo.java:updateAndGet(143)) - 5c4ee31d-c5ed-4c65-a5df-da3e3cf53ac2: start LeaderElection
2019-10-17 07:10:38,713 [5c4ee31d-c5ed-4c65-a5df-da3e3cf53ac2@group-233C052D78D6-LeaderElection228] INFO  impl.LeaderElection (LeaderElection.java:askForVotes(178)) - 5c4ee31d-c5ed-4c65-a5df-da3e3cf53ac2@group-233C052D78D6-LeaderElection228: begin an election at term 119 for -1: [67ae3572-7d88-4e50-b53b-0f48f6748b38:192.168.157.211:41299, 831edaa1-80a5-4091-843f-90c648a5a79d:192.168.157.211:44365, 5c4ee31d-c5ed-4c65-a5df-da3e3cf53ac2:192.168.157.211:45059], old=null
2019-10-17 07:10:38,716 [grpc-default-executor-4] INFO  impl.RaftServerImpl (RaftServerImpl.java:setRole(184)) - 67ae3572-7d88-4e50-b53b-0f48f6748b38@group-233C052D78D6: changes role from  FOLLOWER to FOLLOWER at term 119 for recognizeCandidate:5c4ee31d-c5ed-4c65-a5df-da3e3cf53ac2
2019-10-17 07:10:38,716 [grpc-default-executor-4] INFO  impl.RoleInfo (RoleInfo.java:shutdownFollowerState(121)) - 67ae3572-7d88-4e50-b53b-0f48f6748b38: shutdown FollowerState
2019-10-17 07:10:38,716 [grpc-default-executor-3] INFO  impl.RaftServerImpl (RaftServerImpl.java:setRole(184)) - 831edaa1-80a5-4091-843f-90c648a5a79d@group-233C052D78D6: changes role from  FOLLOWER to FOLLOWER at term 119 for recognizeCandidate:5c4ee31d-c5ed-4c65-a5df-da3e3cf53ac2
2019-10-17 07:10:38,716 [Thread-1917] INFO  impl.FollowerState (FollowerState.java:run(117)) - 67ae3572-7d88-4e50-b53b-0f48f6748b38@group-233C052D78D6-FollowerState was interrupted: java.lang.InterruptedException: sleep interrupted
2019-10-17 07:10:38,716 [grpc-default-executor-4] INFO  impl.RoleInfo (RoleInfo.java:updateAndGet(143)) - 67ae3572-7d88-4e50-b53b-0f48f6748b38: start FollowerState
2019-10-17 07:10:38,716 [grpc-default-executor-3] INFO  impl.RoleInfo (RoleInfo.java:shutdownFollowerState(121)) - 831edaa1-80a5-4091-843f-90c648a5a79d: shutdown FollowerState
2019-10-17 07:10:38,717 [grpc-default-executor-3] INFO  impl.RoleInfo (RoleInfo.java:updateAndGet(143)) - 831edaa1-80a5-4091-843f-90c648a5a79d: start FollowerState
2019-10-17 07:10:38,717 [Thread-1918] INFO  impl.FollowerState (FollowerState.java:run(117)) - 831edaa1-80a5-4091-843f-90c648a5a79d@group-233C052D78D6-FollowerState was interrupted: java.lang.InterruptedException: sleep interrupted
2019-10-17 07:10:38,734 [5c4ee31d-c5ed-4c65-a5df-da3e3cf53ac2@group-233C052D78D6-LeaderElection228] INFO  impl.LeaderElection (LeaderElection.java:logAndReturn(56)) - 5c4ee31d-c5ed-4c65-a5df-da3e3cf53ac2@group-233C052D78D6-LeaderElection228: Election TIMEOUT; received 0 response(s) [] and 0 exception(s); 5c4ee31d-c5ed-4c65-a5df-da3e3cf53ac2@group-233C052D78D6:t119, leader=null, voted=5c4ee31d-c5ed-4c65-a5df-da3e3cf53ac2, raftlog=5c4ee31d-c5ed-4c65-a5df-da3e3cf53ac2@group-233C052D78D6-SegmentedRaftLog:OPENED:c-1,f-1,i0, conf=-1: [67ae3572-7d88-4e50-b53b-0f48f6748b38:192.168.157.211:41299, 831edaa1-80a5-4091-843f-90c648a5a79d:192.168.157.211:44365, 5c4ee31d-c5ed-4c65-a5df-da3e3cf53ac2:192.168.157.211:45059], old=null
2019-10-17 07:10:38,743 [5c4ee31d-c5ed-4c65-a5df-da3e3cf53ac2@group-233C052D78D6-LeaderElection228] INFO  impl.LeaderElection (LeaderElection.java:askForVotes(178)) - 5c4ee31d-c5ed-4c65-a5df-da3e3cf53ac2@group-233C052D78D6-LeaderElection228: begin an election at term 120 for -1: [67ae3572-7d88-4e50-b53b-0f48f6748b38:192.168.157.211:41299, 831edaa1-80a5-4091-843f-90c648a5a79d:192.168.157.211:44365, 5c4ee31d-c5ed-4c65-a5df-da3e3cf53ac2:192.168.157.211:45059], old=null
2019-10-17 07:10:38,745 [grpc-default-executor-3] INFO  impl.RaftServerImpl (RaftServerImpl.java:setRole(184)) - 67ae3572-7d88-4e50-b53b-0f48f6748b38@group-233C052D78D6: changes role from  FOLLOWER to FOLLOWER at term 120 for recognizeCandidate:5c4ee31d-c5ed-4c65-a5df-da3e3cf53ac2
2019-10-17 07:10:38,745 [grpc-default-executor-3] INFO  impl.RoleInfo (RoleInfo.java:shutdownFollowerState(121)) - 67ae3572-7d88-4e50-b53b-0f48f6748b38: shutdown FollowerState
2019-10-17 07:10:38,746 [grpc-default-executor-3] INFO  impl.RoleInfo (RoleInfo.java:updateAndGet(143)) - 67ae3572-7d88-4e50-b53b-0f48f6748b38: start FollowerState
2019-10-17 07:10:38,746 [Thread-1923] INFO  impl.FollowerState (FollowerState.java:run(117)) - 67ae3572-7d88-4e50-b53b-0f48f6748b38@group-233C052D78D6-FollowerState was interrupted: java.lang.InterruptedException: sleep interrupted
2019-10-17 07:10:38,746 [grpc-default-executor-4] INFO  impl.RaftServerImpl (RaftServerImpl.java:setRole(184)) - 831edaa1-80a5-4091-843f-90c648a5a79d@group-233C052D78D6: changes role from  FOLLOWER to FOLLOWER at term 120 for recognizeCandidate:5c4ee31d-c5ed-4c65-a5df-da3e3cf53ac2
2019-10-17 07:10:38,746 [grpc-default-executor-4] INFO  impl.RoleInfo (RoleInfo.java:shutdownFollowerState(121)) - 831edaa1-80a5-4091-843f-90c648a5a79d: shutdown FollowerState
2019-10-17 07:10:38,746 [grpc-default-executor-4] INFO  impl.RoleInfo (RoleInfo.java:updateAndGet(143)) - 831edaa1-80a5-4091-843f-90c648a5a79d: start FollowerState
2019-10-17 07:10:38,746 [Thread-1924] INFO  impl.FollowerState (FollowerState.java:run(117)) - 831edaa1-80a5-4091-843f-90c648a5a79d@group-233C052D78D6-FollowerState was interrupted: java.lang.InterruptedException: sleep interrupted
2019-10-17 07:10:38,760 [5c4ee31d-c5ed-4c65-a5df-da3e3cf53ac2@group-233C052D78D6-LeaderElection228] INFO  impl.LeaderElection (LeaderElection.java:logAndReturn(56)) - 5c4ee31d-c5ed-4c65-a5df-da3e3cf53ac2@group-233C052D78D6-LeaderElection228: Election REJECTED; received 2 response(s) [5c4ee31d-c5ed-4c65-a5df-da3e3cf53ac2<-67ae3572-7d88-4e50-b53b-0f48f6748b38#0:FAIL-t120, 5c4ee31d-c5ed-4c65-a5df-da3e3cf53ac2<-831edaa1-80a5-4091-843f-90c648a5a79d#0:FAIL-t120] and 0 exception(s); 5c4ee31d-c5ed-4c65-a5df-da3e3cf53ac2@group-233C052D78D6:t120, leader=null, voted=5c4ee31d-c5ed-4c65-a5df-da3e3cf53ac2, raftlog=5c4ee31d-c5ed-4c65-a5df-da3e3cf53ac2@group-233C052D78D6-SegmentedRaftLog:OPENED:c-1,f-1,i0, conf=-1: [67ae3572-7d88-4e50-b53b-0f48f6748b38:192.168.157.211:41299, 831edaa1-80a5-4091-843f-90c648a5a79d:192.168.157.211:44365, 5c4ee31d-c5ed-4c65-a5df-da3e3cf53ac2:192.168.157.211:45059], old=null
2019-10-17 07:10:38,760 [5c4ee31d-c5ed-4c65-a5df-da3e3cf53ac2@group-233C052D78D6-LeaderElection228] INFO  impl.RaftServerImpl (RaftServerImpl.java:setRole(184)) - 5c4ee31d-c5ed-4c65-a5df-da3e3cf53ac2@group-233C052D78D6: changes role from CANDIDATE to FOLLOWER at term 120 for DISCOVERED_A_NEW_TERM
2019-10-17 07:10:38,760 [5c4ee31d-c5ed-4c65-a5df-da3e3cf53ac2@group-233C052D78D6-LeaderElection228] INFO  impl.RoleInfo (RoleInfo.java:shutdownLeaderElection(134)) - 5c4ee31d-c5ed-4c65-a5df-da3e3cf53ac2: shutdown LeaderElection
2019-10-17 07:10:38,760 [5c4ee31d-c5ed-4c65-a5df-da3e3cf53ac2@group-233C052D78D6-LeaderElection228] INFO  impl.RoleInfo (RoleInfo.java:updateAndGet(143)) - 5c4ee31d-c5ed-4c65-a5df-da3e3cf53ac2: start FollowerState
2019-10-17 07:10:38,791 [Thread-1913] INFO  impl.FollowerState (FollowerState.java:run(108)) - decc5551-dd4b-40dc-8ff5-b6b450d67f6f@group-42ACBF6EBE4E-FollowerState: change to CANDIDATE, lastRpcTime:161ms, electionTimeout:161ms
2019-10-17 07:10:38,792 [Thread-1913] INFO  impl.RoleInfo (RoleInfo.java:shutdownFollowerState(121)) - decc5551-dd4b-40dc-8ff5-b6b450d67f6f: shutdown FollowerState
2019-10-17 07:10:38,792 [Thread-1913] INFO  impl.RaftServerImpl (RaftServerImpl.java:setRole(184)) - decc5551-dd4b-40dc-8ff5-b6b450d67f6f@group-42ACBF6EBE4E: changes role from  FOLLOWER to CANDIDATE at term 119 for changeToCandidate
2019-10-17 07:10:38,792 [Thread-1913] INFO  impl.RoleInfo (RoleInfo.java:updateAndGet(143)) - decc5551-dd4b-40dc-8ff5-b6b450d67f6f: start LeaderElection
2019-10-17 07:10:38,806 [decc5551-dd4b-40dc-8ff5-b6b450d67f6f@group-42ACBF6EBE4E-LeaderElection229] INFO  impl.LeaderElection (LeaderElection.java:askForVotes(178)) - decc5551-dd4b-40dc-8ff5-b6b450d67f6f@group-42ACBF6EBE4E-LeaderElection229: begin an election at term 120 for -1: [215fceca-0555-458b-bc4f-ba38ff24d5ba:192.168.157.211:43803, decc5551-dd4b-40dc-8ff5-b6b450d67f6f:192.168.157.211:34435, 0c631657-10a5-4e2a-a322-8fc6c651b2ed:192.168.157.211:41694], old=null
2019-10-17 07:10:38,808 [grpc-default-executor-3] INFO  impl.RaftServerImpl (RaftServerImpl.java:setRole(184)) - 215fceca-0555-458b-bc4f-ba38ff24d5ba@group-42ACBF6EBE4E: changes role from  FOLLOWER to FOLLOWER at term 120 for recognizeCandidate:decc5551-dd4b-40dc-8ff5-b6b450d67f6f
2019-10-17 07:10:38,809 [grpc-default-executor-4] INFO  impl.RaftServerImpl (RaftServerImpl.java:setRole(184)) - 0c631657-10a5-4e2a-a322-8fc6c651b2ed@group-42ACBF6EBE4E: changes role from  FOLLOWER to FOLLOWER at term 120 for recognizeCandidate:decc5551-dd4b-40dc-8ff5-b6b450d67f6f
2019-10-17 07:10:38,809 [grpc-default-executor-3] INFO  impl.RoleInfo (RoleInfo.java:shutdownFollowerState(121)) - 215fceca-0555-458b-bc4f-ba38ff24d5ba: shutdown FollowerState
2019-10-17 07:10:38,809 [grpc-default-executor-4] INFO  impl.RoleInfo (RoleInfo.java:shutdownFollowerState(121)) - 0c631657-10a5-4e2a-a322-8fc6c651b2ed: shutdown FollowerState
2019-10-17 07:10:38,809 [Thread-1911] INFO  impl.FollowerState (FollowerState.java:run(117)) - 215fceca-0555-458b-bc4f-ba38ff24d5ba@group-42ACBF6EBE4E-FollowerState was interrupted: java.lang.InterruptedException: sleep interrupted
2019-10-17 07:10:38,809 [grpc-default-executor-3] INFO  impl.RoleInfo (RoleInfo.java:updateAndGet(143)) - 215fceca-0555-458b-bc4f-ba38ff24d5ba: start FollowerState
2019-10-17 07:10:38,809 [Thread-1912] INFO  impl.FollowerState (FollowerState.java:run(117)) - 0c631657-10a5-4e2a-a322-8fc6c651b2ed@group-42ACBF6EBE4E-FollowerState was interrupted: java.lang.InterruptedException: sleep interrupted
2019-10-17 07:10:38,809 [grpc-default-executor-4] INFO  impl.RoleInfo (RoleInfo.java:updateAndGet(143)) - 0c631657-10a5-4e2a-a322-8fc6c651b2ed: start FollowerState
2019-10-17 07:10:38,812 [Thread-1929] INFO  impl.FollowerState (FollowerState.java:run(108)) - 5c4ee31d-c5ed-4c65-a5df-da3e3cf53ac2@group-233C052D78D6-FollowerState: change to CANDIDATE, lastRpcTime:51ms, electionTimeout:51ms
2019-10-17 07:10:38,812 [Thread-1929] INFO  impl.RoleInfo (RoleInfo.java:shutdownFollowerState(121)) - 5c4ee31d-c5ed-4c65-a5df-da3e3cf53ac2: shutdown FollowerState
2019-10-17 07:10:38,812 [Thread-1929] INFO  impl.RaftServerImpl (RaftServerImpl.java:setRole(184)) - 5c4ee31d-c5ed-4c65-a5df-da3e3cf53ac2@group-233C052D78D6: changes role from  FOLLOWER to CANDIDATE at term 120 for changeToCandidate
2019-10-17 07:10:38,812 [Thread-1929] INFO  impl.RoleInfo (RoleInfo.java:updateAndGet(143)) - 5c4ee31d-c5ed-4c65-a5df-da3e3cf53ac2: start LeaderElection
2019-10-17 07:10:38,820 [5c4ee31d-c5ed-4c65-a5df-da3e3cf53ac2@group-233C052D78D6-LeaderElection230] INFO  impl.LeaderElection (LeaderElection.java:askForVotes(178)) - 5c4ee31d-c5ed-4c65-a5df-da3e3cf53ac2@group-233C052D78D6-LeaderElection230: begin an election at term 121 for -1: [67ae3572-7d88-4e50-b53b-0f48f6748b38:192.168.157.211:41299, 831edaa1-80a5-4091-843f-90c648a5a79d:192.168.157.211:44365, 5c4ee31d-c5ed-4c65-a5df-da3e3cf53ac2:192.168.157.211:45059], old=null
2019-10-17 07:10:38,821 [decc5551-dd4b-40dc-8ff5-b6b450d67f6f@group-42ACBF6EBE4E-LeaderElection229] INFO  impl.LeaderElection (LeaderElection.java:logAndReturn(56)) - decc5551-dd4b-40dc-8ff5-b6b450d67f6f@group-42ACBF6EBE4E-LeaderElection229: Election REJECTED; received 2 response(s) [decc5551-dd4b-40dc-8ff5-b6b450d67f6f<-215fceca-0555-458b-bc4f-ba38ff24d5ba#0:FAIL-t120, decc5551-dd4b-40dc-8ff5-b6b450d67f6f<-0c631657-10a5-4e2a-a322-8fc6c651b2ed#0:FAIL-t120] and 0 exception(s); decc5551-dd4b-40dc-8ff5-b6b450d67f6f@group-42ACBF6EBE4E:t120, leader=null, voted=decc5551-dd4b-40dc-8ff5-b6b450d67f6f, raftlog=decc5551-dd4b-40dc-8ff5-b6b450d67f6f@group-42ACBF6EBE4E-SegmentedRaftLog:OPENED:c-1,f-1,i0, conf=-1: [215fceca-0555-458b-bc4f-ba38ff24d5ba:192.168.157.211:43803, decc5551-dd4b-40dc-8ff5-b6b450d67f6f:192.168.157.211:34435, 0c631657-10a5-4e2a-a322-8fc6c651b2ed:192.168.157.211:41694], old=null
2019-10-17 07:10:38,821 [decc5551-dd4b-40dc-8ff5-b6b450d67f6f@group-42ACBF6EBE4E-LeaderElection229] INFO  impl.RaftServerImpl (RaftServerImpl.java:setRole(184)) - decc5551-dd4b-40dc-8ff5-b6b450d67f6f@group-42ACBF6EBE4E: changes role from CANDIDATE to FOLLOWER at term 120 for DISCOVERED_A_NEW_TERM
2019-10-17 07:10:38,821 [decc5551-dd4b-40dc-8ff5-b6b450d67f6f@group-42ACBF6EBE4E-LeaderElection229] INFO  impl.RoleInfo (RoleInfo.java:shutdownLeaderElection(134)) - decc5551-dd4b-40dc-8ff5-b6b450d67f6f: shutdown LeaderElection
2019-10-17 07:10:38,821 [decc5551-dd4b-40dc-8ff5-b6b450d67f6f@group-42ACBF6EBE4E-LeaderElection229] INFO  impl.RoleInfo (RoleInfo.java:updateAndGet(143)) - decc5551-dd4b-40dc-8ff5-b6b450d67f6f: start FollowerState
2019-10-17 07:10:38,822 [grpc-default-executor-3] INFO  impl.RaftServerImpl (RaftServerImpl.java:setRole(184)) - 67ae3572-7d88-4e50-b53b-0f48f6748b38@group-233C052D78D6: changes role from  FOLLOWER to FOLLOWER at term 121 for recognizeCandidate:5c4ee31d-c5ed-4c65-a5df-da3e3cf53ac2
2019-10-17 07:10:38,822 [grpc-default-executor-3] INFO  impl.RoleInfo (RoleInfo.java:shutdownFollowerState(121)) - 67ae3572-7d88-4e50-b53b-0f48f6748b38: shutdown FollowerState
2019-10-17 07:10:38,822 [grpc-default-executor-4] INFO  impl.RaftServerImpl (RaftServerImpl.java:setRole(184)) - 831edaa1-80a5-4091-843f-90c648a5a79d@group-233C052D78D6: changes role from  FOLLOWER to FOLLOWER at term 121 for recognizeCandidate:5c4ee31d-c5ed-4c65-a5df-da3e3cf53ac2
2019-10-17 07:10:38,822 [grpc-default-executor-4] INFO  impl.RoleInfo (RoleInfo.java:shutdownFollowerState(121)) - 831edaa1-80a5-4091-843f-90c648a5a79d: shutdown FollowerState
2019-10-17 07:10:38,822 [Thread-1927] INFO  impl.FollowerState (FollowerState.java:run(117)) - 67ae3572-7d88-4e50-b53b-0f48f6748b38@group-233C052D78D6-FollowerState was interrupted: java.lang.InterruptedException: sleep interrupted
2019-10-17 07:10:38,822 [grpc-default-executor-3] INFO  impl.RoleInfo (RoleInfo.java:updateAndGet(143)) - 67ae3572-7d88-4e50-b53b-0f48f6748b38: start FollowerState
2019-10-17 07:10:38,822 [Thread-1928] INFO  impl.FollowerState (FollowerState.java:run(117)) - 831edaa1-80a5-4091-843f-90c648a5a79d@group-233C052D78D6-FollowerState was interrupted: java.lang.InterruptedException: sleep interrupted
2019-10-17 07:10:38,822 [grpc-default-executor-4] INFO  impl.RoleInfo (RoleInfo.java:updateAndGet(143)) - 831edaa1-80a5-4091-843f-90c648a5a79d: start FollowerState
2019-10-17 07:10:38,832 [5c4ee31d-c5ed-4c65-a5df-da3e3cf53ac2@group-233C052D78D6-LeaderElection230] INFO  impl.LeaderElection (LeaderElection.java:logAndReturn(56)) - 5c4ee31d-c5ed-4c65-a5df-da3e3cf53ac2@group-233C052D78D6-LeaderElection230: Election REJECTED; received 2 response(s) [5c4ee31d-c5ed-4c65-a5df-da3e3cf53ac2<-67ae3572-7d88-4e50-b53b-0f48f6748b38#0:FAIL-t121, 5c4ee31d-c5ed-4c65-a5df-da3e3cf53ac2<-831edaa1-80a5-4091-843f-90c648a5a79d#0:FAIL-t121] and 0 exception(s); 5c4ee31d-c5ed-4c65-a5df-da3e3cf53ac2@group-233C052D78D6:t121, leader=null, voted=5c4ee31d-c5ed-4c65-a5df-da3e3cf53ac2, raftlog=5c4ee31d-c5ed-4c65-a5df-da3e3cf53ac2@group-233C052D78D6-SegmentedRaftLog:OPENED:c-1,f-1,i0, conf=-1: [67ae3572-7d88-4e50-b53b-0f48f6748b38:192.168.157.211:41299, 831edaa1-80a5-4091-843f-90c648a5a79d:192.168.157.211:44365, 5c4ee31d-c5ed-4c65-a5df-da3e3cf53ac2:192.168.157.211:45059], old=null
2019-10-17 07:10:38,832 [5c4ee31d-c5ed-4c65-a5df-da3e3cf53ac2@group-233C052D78D6-LeaderElection230] INFO  impl.RaftServerImpl (RaftServerImpl.java:setRole(184)) - 5c4ee31d-c5ed-4c65-a5df-da3e3cf53ac2@group-233C052D78D6: changes role from CANDIDATE to FOLLOWER at term 121 for DISCOVERED_A_NEW_TERM
2019-10-17 07:10:38,832 [5c4ee31d-c5ed-4c65-a5df-da3e3cf53ac2@group-233C052D78D6-LeaderElection230] INFO  impl.RoleInfo (RoleInfo.java:shutdownLeaderElection(134)) - 5c4ee31d-c5ed-4c65-a5df-da3e3cf53ac2: shutdown LeaderElection
2019-10-17 07:10:38,832 [5c4ee31d-c5ed-4c65-a5df-da3e3cf53ac2@group-233C052D78D6-LeaderElection230] INFO  impl.RoleInfo (RoleInfo.java:updateAndGet(143)) - 5c4ee31d-c5ed-4c65-a5df-da3e3cf53ac2: start FollowerState
2019-10-17 07:10:38,944 [Thread-1938] INFO  impl.FollowerState (FollowerState.java:run(108)) - decc5551-dd4b-40dc-8ff5-b6b450d67f6f@group-42ACBF6EBE4E-FollowerState: change to CANDIDATE, lastRpcTime:123ms, electionTimeout:123ms
2019-10-17 07:10:38,945 [Thread-1938] INFO  impl.RoleInfo (RoleInfo.java:shutdownFollowerState(121)) - decc5551-dd4b-40dc-8ff5-b6b450d67f6f: shutdown FollowerState
2019-10-17 07:10:38,945 [Thread-1938] INFO  impl.RaftServerImpl (RaftServerImpl.java:setRole(184)) - decc5551-dd4b-40dc-8ff5-b6b450d67f6f@group-42ACBF6EBE4E: changes role from  FOLLOWER to CANDIDATE at term 120 for changeToCandidate
2019-10-17 07:10:38,945 [Thread-1938] INFO  impl.RoleInfo (RoleInfo.java:updateAndGet(143)) - decc5551-dd4b-40dc-8ff5-b6b450d67f6f: start LeaderElection
2019-10-17 07:10:38,959 [decc5551-dd4b-40dc-8ff5-b6b450d67f6f@group-42ACBF6EBE4E-LeaderElection231] INFO  impl.LeaderElection (LeaderElection.java:askForVotes(178)) - decc5551-dd4b-40dc-8ff5-b6b450d67f6f@group-42ACBF6EBE4E-LeaderElection231: begin an election at term 121 for -1: [215fceca-0555-458b-bc4f-ba38ff24d5ba:192.168.157.211:43803, decc5551-dd4b-40dc-8ff5-b6b450d67f6f:192.168.157.211:34435, 0c631657-10a5-4e2a-a322-8fc6c651b2ed:192.168.157.211:41694], old=null
2019-10-17 07:10:38,962 [grpc-default-executor-4] INFO  impl.RaftServerImpl (RaftServerImpl.java:setRole(184)) - 215fceca-0555-458b-bc4f-ba38ff24d5ba@group-42ACBF6EBE4E: changes role from  FOLLOWER to FOLLOWER at term 121 for recognizeCandidate:decc5551-dd4b-40dc-8ff5-b6b450d67f6f
2019-10-17 07:10:38,962 [grpc-default-executor-4] INFO  impl.RoleInfo (RoleInfo.java:shutdownFollowerState(121)) - 215fceca-0555-458b-bc4f-ba38ff24d5ba: shutdown FollowerState
2019-10-17 07:10:38,962 [grpc-default-executor-3] INFO  impl.RaftServerImpl (RaftServerImpl.java:setRole(184)) - 0c631657-10a5-4e2a-a322-8fc6c651b2ed@group-42ACBF6EBE4E: changes role from  FOLLOWER to FOLLOWER at term 121 for recognizeCandidate:decc5551-dd4b-40dc-8ff5-b6b450d67f6f
2019-10-17 07:10:38,962 [Thread-1933] INFO  impl.FollowerState (FollowerState.java:run(117)) - 215fceca-0555-458b-bc4f-ba38ff24d5ba@group-42ACBF6EBE4E-FollowerState was interrupted: java.lang.InterruptedException: sleep interrupted
2019-10-17 07:10:38,962 [grpc-default-executor-4] INFO  impl.RoleInfo (RoleInfo.java:updateAndGet(143)) - 215fceca-0555-458b-bc4f-ba38ff24d5ba: start FollowerState
2019-10-17 07:10:38,962 [grpc-default-executor-3] INFO  impl.RoleInfo (RoleInfo.java:shutdownFollowerState(121)) - 0c631657-10a5-4e2a-a322-8fc6c651b2ed: shutdown FollowerState
2019-10-17 07:10:38,963 [grpc-default-executor-3] INFO  impl.RoleInfo (RoleInfo.java:updateAndGet(143)) - 0c631657-10a5-4e2a-a322-8fc6c651b2ed: start FollowerState
2019-10-17 07:10:38,963 [Thread-1934] INFO  impl.FollowerState (FollowerState.java:run(117)) - 0c631657-10a5-4e2a-a322-8fc6c651b2ed@group-42ACBF6EBE4E-FollowerState was interrupted: java.lang.InterruptedException: sleep interrupted
2019-10-17 07:10:38,977 [decc5551-dd4b-40dc-8ff5-b6b450d67f6f@group-42ACBF6EBE4E-LeaderElection231] INFO  impl.LeaderElection (LeaderElection.java:logAndReturn(56)) - decc5551-dd4b-40dc-8ff5-b6b450d67f6f@group-42ACBF6EBE4E-LeaderElection231: Election REJECTED; received 2 response(s) [decc5551-dd4b-40dc-8ff5-b6b450d67f6f<-215fceca-0555-458b-bc4f-ba38ff24d5ba#0:FAIL-t121, decc5551-dd4b-40dc-8ff5-b6b450d67f6f<-0c631657-10a5-4e2a-a322-8fc6c651b2ed#0:FAIL-t121] and 0 exception(s); decc5551-dd4b-40dc-8ff5-b6b450d67f6f@group-42ACBF6EBE4E:t121, leader=null, voted=decc5551-dd4b-40dc-8ff5-b6b450d67f6f, raftlog=decc5551-dd4b-40dc-8ff5-b6b450d67f6f@group-42ACBF6EBE4E-SegmentedRaftLog:OPENED:c-1,f-1,i0, conf=-1: [215fceca-0555-458b-bc4f-ba38ff24d5ba:192.168.157.211:43803, decc5551-dd4b-40dc-8ff5-b6b450d67f6f:192.168.157.211:34435, 0c631657-10a5-4e2a-a322-8fc6c651b2ed:192.168.157.211:41694], old=null
2019-10-17 07:10:38,977 [decc5551-dd4b-40dc-8ff5-b6b450d67f6f@group-42ACBF6EBE4E-LeaderElection231] INFO  impl.RaftServerImpl (RaftServerImpl.java:setRole(184)) - decc5551-dd4b-40dc-8ff5-b6b450d67f6f@group-42ACBF6EBE4E: changes role from CANDIDATE to FOLLOWER at term 121 for DISCOVERED_A_NEW_TERM
2019-10-17 07:10:38,978 [decc5551-dd4b-40dc-8ff5-b6b450d67f6f@group-42ACBF6EBE4E-LeaderElection231] INFO  impl.RoleInfo (RoleInfo.java:shutdownLeaderElection(134)) - decc5551-dd4b-40dc-8ff5-b6b450d67f6f: shutdown LeaderElection
2019-10-17 07:10:38,978 [decc5551-dd4b-40dc-8ff5-b6b450d67f6f@group-42ACBF6EBE4E-LeaderElection231] INFO  impl.RoleInfo (RoleInfo.java:updateAndGet(143)) - decc5551-dd4b-40dc-8ff5-b6b450d67f6f: start FollowerState
2019-10-17 07:10:38,993 [Thread-1941] INFO  impl.FollowerState (FollowerState.java:run(108)) - 5c4ee31d-c5ed-4c65-a5df-da3e3cf53ac2@group-233C052D78D6-FollowerState: change to CANDIDATE, lastRpcTime:160ms, electionTimeout:160ms
2019-10-17 07:10:38,993 [Thread-1941] INFO  impl.RoleInfo (RoleInfo.java:shutdownFollowerState(121)) - 5c4ee31d-c5ed-4c65-a5df-da3e3cf53ac2: shutdown FollowerState
2019-10-17 07:10:38,993 [Thread-1941] INFO  impl.RaftServerImpl (RaftServerImpl.java:setRole(184)) - 5c4ee31d-c5ed-4c65-a5df-da3e3cf53ac2@group-233C052D78D6: changes role from  FOLLOWER to CANDIDATE at term 121 for changeToCandidate
2019-10-17 07:10:38,993 [Thread-1941] INFO  impl.RoleInfo (RoleInfo.java:updateAndGet(143)) - 5c4ee31d-c5ed-4c65-a5df-da3e3cf53ac2: start LeaderElection
2019-10-17 07:10:39,006 [Thread-1947] INFO  impl.FollowerState (FollowerState.java:run(108)) - decc5551-dd4b-40dc-8ff5-b6b450d67f6f@group-42ACBF6EBE4E-FollowerState: change to CANDIDATE, lastRpcTime:28ms, electionTimeout:28ms
2019-10-17 07:10:39,006 [5c4ee31d-c5ed-4c65-a5df-da3e3cf53ac2@group-233C052D78D6-LeaderElection232] INFO  impl.LeaderElection (LeaderElection.java:askForVotes(178)) - 5c4ee31d-c5ed-4c65-a5df-da3e3cf53ac2@group-233C052D78D6-LeaderElection232: begin an election at term 122 for -1: [67ae3572-7d88-4e50-b53b-0f48f6748b38:192.168.157.211:41299, 831edaa1-80a5-4091-843f-90c648a5a79d:192.168.157.211:44365, 5c4ee31d-c5ed-4c65-a5df-da3e3cf53ac2:192.168.157.211:45059], old=null
2019-10-17 07:10:39,007 [Thread-1947] INFO  impl.RoleInfo (RoleInfo.java:shutdownFollowerState(121)) - decc5551-dd4b-40dc-8ff5-b6b450d67f6f: shutdown FollowerState
2019-10-17 07:10:39,007 [Thread-1947] INFO  impl.RaftServerImpl (RaftServerImpl.java:setRole(184)) - decc5551-dd4b-40dc-8ff5-b6b450d67f6f@group-42ACBF6EBE4E: changes role from  FOLLOWER to CANDIDATE at term 121 for changeToCandidate
2019-10-17 07:10:39,007 [Thread-1947] INFO  impl.RoleInfo (RoleInfo.java:updateAndGet(143)) - decc5551-dd4b-40dc-8ff5-b6b450d67f6f: start LeaderElection
2019-10-17 07:10:39,009 [grpc-default-executor-4] INFO  impl.RaftServerImpl (RaftServerImpl.java:setRole(184)) - 831edaa1-80a5-4091-843f-90c648a5a79d@group-233C052D78D6: changes role from  FOLLOWER to FOLLOWER at term 122 for recognizeCandidate:5c4ee31d-c5ed-4c65-a5df-da3e3cf53ac2
2019-10-17 07:10:39,010 [grpc-default-executor-4] INFO  impl.RoleInfo (RoleInfo.java:shutdownFollowerState(121)) - 831edaa1-80a5-4091-843f-90c648a5a79d: shutdown FollowerState
2019-10-17 07:10:39,009 [grpc-default-executor-3] INFO  impl.RaftServerImpl (RaftServerImpl.java:setRole(184)) - 67ae3572-7d88-4e50-b53b-0f48f6748b38@group-233C052D78D6: changes role from  FOLLOWER to FOLLOWER at term 122 for recognizeCandidate:5c4ee31d-c5ed-4c65-a5df-da3e3cf53ac2
2019-10-17 07:10:39,010 [Thread-1940] INFO  impl.FollowerState (FollowerState.java:run(117)) - 831edaa1-80a5-4091-843f-90c648a5a79d@group-233C052D78D6-FollowerState was interrupted: java.lang.InterruptedException: sleep interrupted
2019-10-17 07:10:39,010 [grpc-default-executor-4] INFO  impl.RoleInfo (RoleInfo.java:updateAndGet(143)) - 831edaa1-80a5-4091-843f-90c648a5a79d: start FollowerState
2019-10-17 07:10:39,010 [grpc-default-executor-3] INFO  impl.RoleInfo (RoleInfo.java:shutdownFollowerState(121)) - 67ae3572-7d88-4e50-b53b-0f48f6748b38: shutdown FollowerState
2019-10-17 07:10:39,010 [grpc-default-executor-3] INFO  impl.RoleInfo (RoleInfo.java:updateAndGet(143)) - 67ae3572-7d88-4e50-b53b-0f48f6748b38: start FollowerState
2019-10-17 07:10:39,010 [Thread-1939] INFO  impl.FollowerState (FollowerState.java:run(117)) - 67ae3572-7d88-4e50-b53b-0f48f6748b38@group-233C052D78D6-FollowerState was interrupted: java.lang.InterruptedException: sleep interrupted
2019-10-17 07:10:39,014 [decc5551-dd4b-40dc-8ff5-b6b450d67f6f@group-42ACBF6EBE4E-LeaderElection233] INFO  impl.LeaderElection (LeaderElection.java:askForVotes(178)) - decc5551-dd4b-40dc-8ff5-b6b450d67f6f@group-42ACBF6EBE4E-LeaderElection233: begin an election at term 122 for -1: [215fceca-0555-458b-bc4f-ba38ff24d5ba:192.168.157.211:43803, decc5551-dd4b-40dc-8ff5-b6b450d67f6f:192.168.157.211:34435, 0c631657-10a5-4e2a-a322-8fc6c651b2ed:192.168.157.211:41694], old=null
2019-10-17 07:10:39,015 [5c4ee31d-c5ed-4c65-a5df-da3e3cf53ac2@group-233C052D78D6-LeaderElection232] INFO  impl.LeaderElection (LeaderElection.java:logAndReturn(56)) - 5c4ee31d-c5ed-4c65-a5df-da3e3cf53ac2@group-233C052D78D6-LeaderElection232: Election REJECTED; received 2 response(s) [5c4ee31d-c5ed-4c65-a5df-da3e3cf53ac2<-67ae3572-7d88-4e50-b53b-0f48f6748b38#0:FAIL-t122, 5c4ee31d-c5ed-4c65-a5df-da3e3cf53ac2<-831edaa1-80a5-4091-843f-90c648a5a79d#0:FAIL-t122] and 0 exception(s); 5c4ee31d-c5ed-4c65-a5df-da3e3cf53ac2@group-233C052D78D6:t122, leader=null, voted=5c4ee31d-c5ed-4c65-a5df-da3e3cf53ac2, raftlog=5c4ee31d-c5ed-4c65-a5df-da3e3cf53ac2@group-233C052D78D6-SegmentedRaftLog:OPENED:c-1,f-1,i0, conf=-1: [67ae3572-7d88-4e50-b53b-0f48f6748b38:192.168.157.211:41299, 831edaa1-80a5-4091-843f-90c648a5a79d:192.168.157.211:44365, 5c4ee31d-c5ed-4c65-a5df-da3e3cf53ac2:192.168.157.211:45059], old=null
2019-10-17 07:10:39,015 [5c4ee31d-c5ed-4c65-a5df-da3e3cf53ac2@group-233C052D78D6-LeaderElection232] INFO  impl.RaftServerImpl (RaftServerImpl.java:setRole(184)) - 5c4ee31d-c5ed-4c65-a5df-da3e3cf53ac2@group-233C052D78D6: changes role from CANDIDATE to FOLLOWER at term 122 for DISCOVERED_A_NEW_TERM
2019-10-17 07:10:39,015 [5c4ee31d-c5ed-4c65-a5df-da3e3cf53ac2@group-233C052D78D6-LeaderElection232] INFO  impl.RoleInfo (RoleInfo.java:shutdownLeaderElection(134)) - 5c4ee31d-c5ed-4c65-a5df-da3e3cf53ac2: shutdown LeaderElection
2019-10-17 07:10:39,015 [5c4ee31d-c5ed-4c65-a5df-da3e3cf53ac2@group-233C052D78D6-LeaderElection232] INFO  impl.RoleInfo (RoleInfo.java:updateAndGet(143)) - 5c4ee31d-c5ed-4c65-a5df-da3e3cf53ac2: start FollowerState
2019-10-17 07:10:39,016 [grpc-default-executor-4] INFO  impl.RaftServerImpl (RaftServerImpl.java:setRole(184)) - 0c631657-10a5-4e2a-a322-8fc6c651b2ed@group-42ACBF6EBE4E: changes role from  FOLLOWER to FOLLOWER at term 122 for recognizeCandidate:decc5551-dd4b-40dc-8ff5-b6b450d67f6f
2019-10-17 07:10:39,016 [grpc-default-executor-3] INFO  impl.RaftServerImpl (RaftServerImpl.java:setRole(184)) - 215fceca-0555-458b-bc4f-ba38ff24d5ba@group-42ACBF6EBE4E: changes role from  FOLLOWER to FOLLOWER at term 122 for recognizeCandidate:decc5551-dd4b-40dc-8ff5-b6b450d67f6f
2019-10-17 07:10:39,016 [grpc-default-executor-4] INFO  impl.RoleInfo (RoleInfo.java:shutdownFollowerState(121)) - 0c631657-10a5-4e2a-a322-8fc6c651b2ed: shutdown FollowerState
2019-10-17 07:10:39,016 [grpc-default-executor-3] INFO  impl.RoleInfo (RoleInfo.java:shutdownFollowerState(121)) - 215fceca-0555-458b-bc4f-ba38ff24d5ba: shutdown FollowerState
2019-10-17 07:10:39,016 [Thread-1946] INFO  impl.FollowerState (FollowerState.java:run(117)) - 0c631657-10a5-4e2a-a322-8fc6c651b2ed@group-42ACBF6EBE4E-FollowerState was interrupted: java.lang.InterruptedException: sleep interrupted
2019-10-17 07:10:39,016 [grpc-default-executor-4] INFO  impl.RoleInfo (RoleInfo.java:updateAndGet(143)) - 0c631657-10a5-4e2a-a322-8fc6c651b2ed: start FollowerState
2019-10-17 07:10:39,016 [Thread-1945] INFO  impl.FollowerState (FollowerState.java:run(117)) - 215fceca-0555-458b-bc4f-ba38ff24d5ba@group-42ACBF6EBE4E-FollowerState was interrupted: java.lang.InterruptedException: sleep interrupted
2019-10-17 07:10:39,016 [grpc-default-executor-3] INFO  impl.RoleInfo (RoleInfo.java:updateAndGet(143)) - 215fceca-0555-458b-bc4f-ba38ff24d5ba: start FollowerState
2019-10-17 07:10:39,038 [decc5551-dd4b-40dc-8ff5-b6b450d67f6f@group-42ACBF6EBE4E-LeaderElection233] INFO  impl.LeaderElection (LeaderElection.java:logAndReturn(56)) - decc5551-dd4b-40dc-8ff5-b6b450d67f6f@group-42ACBF6EBE4E-LeaderElection233: Election REJECTED; received 2 response(s) [decc5551-dd4b-40dc-8ff5-b6b450d67f6f<-215fceca-0555-458b-bc4f-ba38ff24d5ba#0:FAIL-t122, decc5551-dd4b-40dc-8ff5-b6b450d67f6f<-0c631657-10a5-4e2a-a322-8fc6c651b2ed#0:FAIL-t122] and 0 exception(s); decc5551-dd4b-40dc-8ff5-b6b450d67f6f@group-42ACBF6EBE4E:t122, leader=null, voted=decc5551-dd4b-40dc-8ff5-b6b450d67f6f, raftlog=decc5551-dd4b-40dc-8ff5-b6b450d67f6f@group-42ACBF6EBE4E-SegmentedRaftLog:OPENED:c-1,f-1,i0, conf=-1: [215fceca-0555-458b-bc4f-ba38ff24d5ba:192.168.157.211:43803, decc5551-dd4b-40dc-8ff5-b6b450d67f6f:192.168.157.211:34435, 0c631657-10a5-4e2a-a322-8fc6c651b2ed:192.168.157.211:41694], old=null
2019-10-17 07:10:39,038 [decc5551-dd4b-40dc-8ff5-b6b450d67f6f@group-42ACBF6EBE4E-LeaderElection233] INFO  impl.RaftServerImpl (RaftServerImpl.java:setRole(184)) - decc5551-dd4b-40dc-8ff5-b6b450d67f6f@group-42ACBF6EBE4E: changes role from CANDIDATE to FOLLOWER at term 122 for DISCOVERED_A_NEW_TERM
2019-10-17 07:10:39,039 [decc5551-dd4b-40dc-8ff5-b6b450d67f6f@group-42ACBF6EBE4E-LeaderElection233] INFO  impl.RoleInfo (RoleInfo.java:shutdownLeaderElection(134)) - decc5551-dd4b-40dc-8ff5-b6b450d67f6f: shutdown LeaderElection
2019-10-17 07:10:39,039 [decc5551-dd4b-40dc-8ff5-b6b450d67f6f@group-42ACBF6EBE4E-LeaderElection233] INFO  impl.RoleInfo (RoleInfo.java:updateAndGet(143)) - decc5551-dd4b-40dc-8ff5-b6b450d67f6f: start FollowerState
2019-10-17 07:10:39,168 [Thread-1956] INFO  impl.FollowerState (FollowerState.java:run(108)) - 5c4ee31d-c5ed-4c65-a5df-da3e3cf53ac2@group-233C052D78D6-FollowerState: change to CANDIDATE, lastRpcTime:153ms, electionTimeout:153ms
2019-10-17 07:10:39,169 [Thread-1956] INFO  impl.RoleInfo (RoleInfo.java:shutdownFollowerState(121)) - 5c4ee31d-c5ed-4c65-a5df-da3e3cf53ac2: shutdown FollowerState
2019-10-17 07:10:39,169 [Thread-1956] INFO  impl.RaftServerImpl (RaftServerImpl.java:setRole(184)) - 5c4ee31d-c5ed-4c65-a5df-da3e3cf53ac2@group-233C052D78D6: changes role from  FOLLOWER to CANDIDATE at term 122 for changeToCandidate
2019-10-17 07:10:39,169 [Thread-1956] INFO  impl.RoleInfo (RoleInfo.java:updateAndGet(143)) - 5c4ee31d-c5ed-4c65-a5df-da3e3cf53ac2: start LeaderElection
2019-10-17 07:10:39,175 [5c4ee31d-c5ed-4c65-a5df-da3e3cf53ac2@group-233C052D78D6-LeaderElection234] INFO  impl.LeaderElection (LeaderElection.java:askForVotes(178)) - 5c4ee31d-c5ed-4c65-a5df-da3e3cf53ac2@group-233C052D78D6-LeaderElection234: begin an election at term 123 for -1: [67ae3572-7d88-4e50-b53b-0f48f6748b38:192.168.157.211:41299, 831edaa1-80a5-4091-843f-90c648a5a79d:192.168.157.211:44365, 5c4ee31d-c5ed-4c65-a5df-da3e3cf53ac2:192.168.157.211:45059], old=null
2019-10-17 07:10:39,177 [grpc-default-executor-4] INFO  impl.RaftServerImpl (RaftServerImpl.java:setRole(184)) - 831edaa1-80a5-4091-843f-90c648a5a79d@group-233C052D78D6: changes role from  FOLLOWER to FOLLOWER at term 123 for recognizeCandidate:5c4ee31d-c5ed-4c65-a5df-da3e3cf53ac2
2019-10-17 07:10:39,178 [grpc-default-executor-4] INFO  impl.RoleInfo (RoleInfo.java:shutdownFollowerState(121)) - 831edaa1-80a5-4091-843f-90c648a5a79d: shutdown FollowerState
2019-10-17 07:10:39,178 [grpc-default-executor-4] INFO  impl.RoleInfo (RoleInfo.java:updateAndGet(143)) - 831edaa1-80a5-4091-843f-90c648a5a79d: start FollowerState
2019-10-17 07:10:39,178 [Thread-1952] INFO  impl.FollowerState (FollowerState.java:run(117)) - 831edaa1-80a5-4091-843f-90c648a5a79d@group-233C052D78D6-FollowerState was interrupted: java.lang.InterruptedException: sleep interrupted
2019-10-17 07:10:39,178 [grpc-default-executor-3] INFO  impl.RaftServerImpl (RaftServerImpl.java:setRole(184)) - 67ae3572-7d88-4e50-b53b-0f48f6748b38@group-233C052D78D6: changes role from  FOLLOWER to FOLLOWER at term 123 for recognizeCandidate:5c4ee31d-c5ed-4c65-a5df-da3e3cf53ac2
2019-10-17 07:10:39,178 [grpc-default-executor-3] INFO  impl.RoleInfo (RoleInfo.java:shutdownFollowerState(121)) - 67ae3572-7d88-4e50-b53b-0f48f6748b38: shutdown FollowerState
2019-10-17 07:10:39,178 [grpc-default-executor-3] INFO  impl.RoleInfo (RoleInfo.java:updateAndGet(143)) - 67ae3572-7d88-4e50-b53b-0f48f6748b38: start FollowerState
2019-10-17 07:10:39,178 [Thread-1953] INFO  impl.FollowerState (FollowerState.java:run(117)) - 67ae3572-7d88-4e50-b53b-0f48f6748b38@group-233C052D78D6-FollowerState was interrupted: java.lang.InterruptedException: sleep interrupted
2019-10-17 07:10:39,189 [5c4ee31d-c5ed-4c65-a5df-da3e3cf53ac2@group-233C052D78D6-LeaderElection234] INFO  impl.LeaderElection (LeaderElection.java:logAndReturn(56)) - 5c4ee31d-c5ed-4c65-a5df-da3e3cf53ac2@group-233C052D78D6-LeaderElection234: Election REJECTED; received 2 response(s) [5c4ee31d-c5ed-4c65-a5df-da3e3cf53ac2<-67ae3572-7d88-4e50-b53b-0f48f6748b38#0:FAIL-t123, 5c4ee31d-c5ed-4c65-a5df-da3e3cf53ac2<-831edaa1-80a5-4091-843f-90c648a5a79d#0:FAIL-t123] and 0 exception(s); 5c4ee31d-c5ed-4c65-a5df-da3e3cf53ac2@group-233C052D78D6:t123, leader=null, voted=5c4ee31d-c5ed-4c65-a5df-da3e3cf53ac2, raftlog=5c4ee31d-c5ed-4c65-a5df-da3e3cf53ac2@group-233C052D78D6-SegmentedRaftLog:OPENED:c-1,f-1,i0, conf=-1: [67ae3572-7d88-4e50-b53b-0f48f6748b38:192.168.157.211:41299, 831edaa1-80a5-4091-843f-90c648a5a79d:192.168.157.211:44365, 5c4ee31d-c5ed-4c65-a5df-da3e3cf53ac2:192.168.157.211:45059], old=null
2019-10-17 07:10:39,190 [5c4ee31d-c5ed-4c65-a5df-da3e3cf53ac2@group-233C052D78D6-LeaderElection234] INFO  impl.RaftServerImpl (RaftServerImpl.java:setRole(184)) - 5c4ee31d-c5ed-4c65-a5df-da3e3cf53ac2@group-233C052D78D6: changes role from CANDIDATE to FOLLOWER at term 123 for DISCOVERED_A_NEW_TERM
2019-10-17 07:10:39,190 [5c4ee31d-c5ed-4c65-a5df-da3e3cf53ac2@group-233C052D78D6-LeaderElection234] INFO  impl.RoleInfo (RoleInfo.java:shutdownLeaderElection(134)) - 5c4ee31d-c5ed-4c65-a5df-da3e3cf53ac2: shutdown LeaderElection
2019-10-17 07:10:39,190 [5c4ee31d-c5ed-4c65-a5df-da3e3cf53ac2@group-233C052D78D6-LeaderElection234] INFO  impl.RoleInfo (RoleInfo.java:updateAndGet(143)) - 5c4ee31d-c5ed-4c65-a5df-da3e3cf53ac2: start FollowerState
2019-10-17 07:10:39,224 [Thread-1959] INFO  impl.FollowerState (FollowerState.java:run(108)) - decc5551-dd4b-40dc-8ff5-b6b450d67f6f@group-42ACBF6EBE4E-FollowerState: change to CANDIDATE, lastRpcTime:185ms, electionTimeout:185ms
2019-10-17 07:10:39,224 [Thread-1959] INFO  impl.RoleInfo (RoleInfo.java:shutdownFollowerState(121)) - decc5551-dd4b-40dc-8ff5-b6b450d67f6f: shutdown FollowerState
2019-10-17 07:10:39,225 [Thread-1959] INFO  impl.RaftServerImpl (RaftServerImpl.java:setRole(184)) - decc5551-dd4b-40dc-8ff5-b6b450d67f6f@group-42ACBF6EBE4E: changes role from  FOLLOWER to CANDIDATE at term 122 for changeToCandidate
2019-10-17 07:10:39,225 [Thread-1959] INFO  impl.RoleInfo (RoleInfo.java:updateAndGet(143)) - decc5551-dd4b-40dc-8ff5-b6b450d67f6f: start LeaderElection
2019-10-17 07:10:39,229 [decc5551-dd4b-40dc-8ff5-b6b450d67f6f@group-42ACBF6EBE4E-LeaderElection235] INFO  impl.LeaderElection (LeaderElection.java:askForVotes(178)) - decc5551-dd4b-40dc-8ff5-b6b450d67f6f@group-42ACBF6EBE4E-LeaderElection235: begin an election at term 123 for -1: [215fceca-0555-458b-bc4f-ba38ff24d5ba:192.168.157.211:43803, decc5551-dd4b-40dc-8ff5-b6b450d67f6f:192.168.157.211:34435, 0c631657-10a5-4e2a-a322-8fc6c651b2ed:192.168.157.211:41694], old=null
2019-10-17 07:10:39,231 [grpc-default-executor-3] INFO  impl.RaftServerImpl (RaftServerImpl.java:setRole(184)) - 215fceca-0555-458b-bc4f-ba38ff24d5ba@group-42ACBF6EBE4E: changes role from  FOLLOWER to FOLLOWER at term 123 for recognizeCandidate:decc5551-dd4b-40dc-8ff5-b6b450d67f6f
2019-10-17 07:10:39,231 [grpc-default-executor-3] INFO  impl.RoleInfo (RoleInfo.java:shutdownFollowerState(121)) - 215fceca-0555-458b-bc4f-ba38ff24d5ba: shutdown FollowerState
2019-10-17 07:10:39,232 [grpc-default-executor-4] INFO  impl.RaftServerImpl (RaftServerImpl.java:setRole(184)) - 0c631657-10a5-4e2a-a322-8fc6c651b2ed@group-42ACBF6EBE4E: changes role from  FOLLOWER to FOLLOWER at term 123 for recognizeCandidate:decc5551-dd4b-40dc-8ff5-b6b450d67f6f
2019-10-17 07:10:39,232 [grpc-default-executor-4] INFO  impl.RoleInfo (RoleInfo.java:shutdownFollowerState(121)) - 0c631657-10a5-4e2a-a322-8fc6c651b2ed: shutdown FollowerState
2019-10-17 07:10:39,232 [grpc-default-executor-3] INFO  impl.RoleInfo (RoleInfo.java:updateAndGet(143)) - 215fceca-0555-458b-bc4f-ba38ff24d5ba: start FollowerState
2019-10-17 07:10:39,232 [Thread-1957] INFO  impl.FollowerState (FollowerState.java:run(117)) - 0c631657-10a5-4e2a-a322-8fc6c651b2ed@group-42ACBF6EBE4E-FollowerState was interrupted: java.lang.InterruptedException: sleep interrupted
2019-10-17 07:10:39,232 [grpc-default-executor-4] INFO  impl.RoleInfo (RoleInfo.java:updateAndGet(143)) - 0c631657-10a5-4e2a-a322-8fc6c651b2ed: start FollowerState
2019-10-17 07:10:39,232 [Thread-1958] INFO  impl.FollowerState (FollowerState.java:run(117)) - 215fceca-0555-458b-bc4f-ba38ff24d5ba@group-42ACBF6EBE4E-FollowerState was interrupted: java.lang.InterruptedException: sleep interrupted
2019-10-17 07:10:39,241 [decc5551-dd4b-40dc-8ff5-b6b450d67f6f@group-42ACBF6EBE4E-LeaderElection235] INFO  impl.LeaderElection (LeaderElection.java:logAndReturn(56)) - decc5551-dd4b-40dc-8ff5-b6b450d67f6f@group-42ACBF6EBE4E-LeaderElection235: Election REJECTED; received 2 response(s) [decc5551-dd4b-40dc-8ff5-b6b450d67f6f<-215fceca-0555-458b-bc4f-ba38ff24d5ba#0:FAIL-t123, decc5551-dd4b-40dc-8ff5-b6b450d67f6f<-0c631657-10a5-4e2a-a322-8fc6c651b2ed#0:FAIL-t123] and 0 exception(s); decc5551-dd4b-40dc-8ff5-b6b450d67f6f@group-42ACBF6EBE4E:t123, leader=null, voted=decc5551-dd4b-40dc-8ff5-b6b450d67f6f, raftlog=decc5551-dd4b-40dc-8ff5-b6b450d67f6f@group-42ACBF6EBE4E-SegmentedRaftLog:OPENED:c-1,f-1,i0, conf=-1: [215fceca-0555-458b-bc4f-ba38ff24d5ba:192.168.157.211:43803, decc5551-dd4b-40dc-8ff5-b6b450d67f6f:192.168.157.211:34435, 0c631657-10a5-4e2a-a322-8fc6c651b2ed:192.168.157.211:41694], old=null
2019-10-17 07:10:39,241 [decc5551-dd4b-40dc-8ff5-b6b450d67f6f@group-42ACBF6EBE4E-LeaderElection235] INFO  impl.RaftServerImpl (RaftServerImpl.java:setRole(184)) - decc5551-dd4b-40dc-8ff5-b6b450d67f6f@group-42ACBF6EBE4E: changes role from CANDIDATE to FOLLOWER at term 123 for DISCOVERED_A_NEW_TERM
2019-10-17 07:10:39,241 [decc5551-dd4b-40dc-8ff5-b6b450d67f6f@group-42ACBF6EBE4E-LeaderElection235] INFO  impl.RoleInfo (RoleInfo.java:shutdownLeaderElection(134)) - decc5551-dd4b-40dc-8ff5-b6b450d67f6f: shutdown LeaderElection
2019-10-17 07:10:39,241 [decc5551-dd4b-40dc-8ff5-b6b450d67f6f@group-42ACBF6EBE4E-LeaderElection235] INFO  impl.RoleInfo (RoleInfo.java:updateAndGet(143)) - decc5551-dd4b-40dc-8ff5-b6b450d67f6f: start FollowerState
2019-10-17 07:10:39,277 [Thread-1967] INFO  impl.FollowerState (FollowerState.java:run(108)) - 5c4ee31d-c5ed-4c65-a5df-da3e3cf53ac2@group-233C052D78D6-FollowerState: change to CANDIDATE, lastRpcTime:87ms, electionTimeout:87ms
2019-10-17 07:10:39,277 [Thread-1967] INFO  impl.RoleInfo (RoleInfo.java:shutdownFollowerState(121)) - 5c4ee31d-c5ed-4c65-a5df-da3e3cf53ac2: shutdown FollowerState
2019-10-17 07:10:39,277 [Thread-1967] INFO  impl.RaftServerImpl (RaftServerImpl.java:setRole(184)) - 5c4ee31d-c5ed-4c65-a5df-da3e3cf53ac2@group-233C052D78D6: changes role from  FOLLOWER to CANDIDATE at term 123 for changeToCandidate
2019-10-17 07:10:39,277 [Thread-1967] INFO  impl.RoleInfo (RoleInfo.java:updateAndGet(143)) - 5c4ee31d-c5ed-4c65-a5df-da3e3cf53ac2: start LeaderElection
2019-10-17 07:10:39,303 [5c4ee31d-c5ed-4c65-a5df-da3e3cf53ac2@group-233C052D78D6-LeaderElection236] INFO  impl.LeaderElection (LeaderElection.java:askForVotes(178)) - 5c4ee31d-c5ed-4c65-a5df-da3e3cf53ac2@group-233C052D78D6-LeaderElection236: begin an election at term 124 for -1: [67ae3572-7d88-4e50-b53b-0f48f6748b38:192.168.157.211:41299, 831edaa1-80a5-4091-843f-90c648a5a79d:192.168.157.211:44365, 5c4ee31d-c5ed-4c65-a5df-da3e3cf53ac2:192.168.157.211:45059], old=null
2019-10-17 07:10:39,307 [grpc-default-executor-3] INFO  impl.RaftServerImpl (RaftServerImpl.java:setRole(184)) - 67ae3572-7d88-4e50-b53b-0f48f6748b38@group-233C052D78D6: changes role from  FOLLOWER to FOLLOWER at term 124 for recognizeCandidate:5c4ee31d-c5ed-4c65-a5df-da3e3cf53ac2
2019-10-17 07:10:39,307 [grpc-default-executor-4] INFO  impl.RaftServerImpl (RaftServerImpl.java:setRole(184)) - 831edaa1-80a5-4091-843f-90c648a5a79d@group-233C052D78D6: changes role from  FOLLOWER to FOLLOWER at term 124 for recognizeCandidate:5c4ee31d-c5ed-4c65-a5df-da3e3cf53ac2
2019-10-17 07:10:39,307 [grpc-default-executor-3] INFO  impl.RoleInfo (RoleInfo.java:shutdownFollowerState(121)) - 67ae3572-7d88-4e50-b53b-0f48f6748b38: shutdown FollowerState
2019-10-17 07:10:39,307 [grpc-default-executor-4] INFO  impl.RoleInfo (RoleInfo.java:shutdownFollowerState(121)) - 831edaa1-80a5-4091-843f-90c648a5a79d: shutdown FollowerState
2019-10-17 07:10:39,307 [grpc-default-executor-3] INFO  impl.RoleInfo (RoleInfo.java:updateAndGet(143)) - 67ae3572-7d88-4e50-b53b-0f48f6748b38: start FollowerState
2019-10-17 07:10:39,307 [Thread-1965] INFO  impl.FollowerState (FollowerState.java:run(117)) - 831edaa1-80a5-4091-843f-90c648a5a79d@group-233C052D78D6-FollowerState was interrupted: java.lang.InterruptedException: sleep interrupted
2019-10-17 07:10:39,307 [grpc-default-executor-4] INFO  impl.RoleInfo (RoleInfo.java:updateAndGet(143)) - 831edaa1-80a5-4091-843f-90c648a5a79d: start FollowerState
2019-10-17 07:10:39,307 [Thread-1966] INFO  impl.FollowerState (FollowerState.java:run(117)) - 67ae3572-7d88-4e50-b53b-0f48f6748b38@group-233C052D78D6-FollowerState was interrupted: java.lang.InterruptedException: sleep interrupted
2019-10-17 07:10:39,331 [5c4ee31d-c5ed-4c65-a5df-da3e3cf53ac2@group-233C052D78D6-LeaderElection236] INFO  impl.LeaderElection (LeaderElection.java:logAndReturn(56)) - 5c4ee31d-c5ed-4c65-a5df-da3e3cf53ac2@group-233C052D78D6-LeaderElection236: Election REJECTED; received 2 response(s) [5c4ee31d-c5ed-4c65-a5df-da3e3cf53ac2<-67ae3572-7d88-4e50-b53b-0f48f6748b38#0:FAIL-t124, 5c4ee31d-c5ed-4c65-a5df-da3e3cf53ac2<-831edaa1-80a5-4091-843f-90c648a5a79d#0:FAIL-t124] and 0 exception(s); 5c4ee31d-c5ed-4c65-a5df-da3e3cf53ac2@group-233C052D78D6:t124, leader=null, voted=5c4ee31d-c5ed-4c65-a5df-da3e3cf53ac2, raftlog=5c4ee31d-c5ed-4c65-a5df-da3e3cf53ac2@group-233C052D78D6-SegmentedRaftLog:OPENED:c-1,f-1,i0, conf=-1: [67ae3572-7d88-4e50-b53b-0f48f6748b38:192.168.157.211:41299, 831edaa1-80a5-4091-843f-90c648a5a79d:192.168.157.211:44365, 5c4ee31d-c5ed-4c65-a5df-da3e3cf53ac2:192.168.157.211:45059], old=null
2019-10-17 07:10:39,331 [5c4ee31d-c5ed-4c65-a5df-da3e3cf53ac2@group-233C052D78D6-LeaderElection236] INFO  impl.RaftServerImpl (RaftServerImpl.java:setRole(184)) - 5c4ee31d-c5ed-4c65-a5df-da3e3cf53ac2@group-233C052D78D6: changes role from CANDIDATE to FOLLOWER at term 124 for DISCOVERED_A_NEW_TERM
2019-10-17 07:10:39,331 [5c4ee31d-c5ed-4c65-a5df-da3e3cf53ac2@group-233C052D78D6-LeaderElection236] INFO  impl.RoleInfo (RoleInfo.java:shutdownLeaderElection(134)) - 5c4ee31d-c5ed-4c65-a5df-da3e3cf53ac2: shutdown LeaderElection
2019-10-17 07:10:39,331 [5c4ee31d-c5ed-4c65-a5df-da3e3cf53ac2@group-233C052D78D6-LeaderElection236] INFO  impl.RoleInfo (RoleInfo.java:updateAndGet(143)) - 5c4ee31d-c5ed-4c65-a5df-da3e3cf53ac2: start FollowerState
2019-10-17 07:10:39,379 [Thread-1973] INFO  impl.FollowerState (FollowerState.java:run(108)) - decc5551-dd4b-40dc-8ff5-b6b450d67f6f@group-42ACBF6EBE4E-FollowerState: change to CANDIDATE, lastRpcTime:137ms, electionTimeout:137ms
2019-10-17 07:10:39,379 [Thread-1973] INFO  impl.RoleInfo (RoleInfo.java:shutdownFollowerState(121)) - decc5551-dd4b-40dc-8ff5-b6b450d67f6f: shutdown FollowerState
2019-10-17 07:10:39,379 [Thread-1973] INFO  impl.RaftServerImpl (RaftServerImpl.java:setRole(184)) - decc5551-dd4b-40dc-8ff5-b6b450d67f6f@group-42ACBF6EBE4E: changes role from  FOLLOWER to CANDIDATE at term 123 for changeToCandidate
2019-10-17 07:10:39,379 [Thread-1973] INFO  impl.RoleInfo (RoleInfo.java:updateAndGet(143)) - decc5551-dd4b-40dc-8ff5-b6b450d67f6f: start LeaderElection
2019-10-17 07:10:39,393 [decc5551-dd4b-40dc-8ff5-b6b450d67f6f@group-42ACBF6EBE4E-LeaderElection237] INFO  impl.LeaderElection (LeaderElection.java:askForVotes(178)) - decc5551-dd4b-40dc-8ff5-b6b450d67f6f@group-42ACBF6EBE4E-LeaderElection237: begin an election at term 124 for -1: [215fceca-0555-458b-bc4f-ba38ff24d5ba:192.168.157.211:43803, decc5551-dd4b-40dc-8ff5-b6b450d67f6f:192.168.157.211:34435, 0c631657-10a5-4e2a-a322-8fc6c651b2ed:192.168.157.211:41694], old=null
2019-10-17 07:10:39,395 [grpc-default-executor-4] INFO  impl.RaftServerImpl (RaftServerImpl.java:setRole(184)) - 215fceca-0555-458b-bc4f-ba38ff24d5ba@group-42ACBF6EBE4E: changes role from  FOLLOWER to FOLLOWER at term 124 for recognizeCandidate:decc5551-dd4b-40dc-8ff5-b6b450d67f6f
2019-10-17 07:10:39,395 [grpc-default-executor-4] INFO  impl.RoleInfo (RoleInfo.java:shutdownFollowerState(121)) - 215fceca-0555-458b-bc4f-ba38ff24d5ba: shutdown FollowerState
2019-10-17 07:10:39,395 [grpc-default-executor-3] INFO  impl.RaftServerImpl (RaftServerImpl.java:setRole(184)) - 0c631657-10a5-4e2a-a322-8fc6c651b2ed@group-42ACBF6EBE4E: changes role from  FOLLOWER to FOLLOWER at term 124 for recognizeCandidate:decc5551-dd4b-40dc-8ff5-b6b450d67f6f
2019-10-17 07:10:39,396 [grpc-default-executor-4] INFO  impl.RoleInfo (RoleInfo.java:updateAndGet(143)) - 215fceca-0555-458b-bc4f-ba38ff24d5ba: start FollowerState
2019-10-17 07:10:39,396 [Thread-1971] INFO  impl.FollowerState (FollowerState.java:run(117)) - 215fceca-0555-458b-bc4f-ba38ff24d5ba@group-42ACBF6EBE4E-FollowerState was interrupted: java.lang.InterruptedException: sleep interrupted
2019-10-17 07:10:39,396 [grpc-default-executor-3] INFO  impl.RoleInfo (RoleInfo.java:shutdownFollowerState(121)) - 0c631657-10a5-4e2a-a322-8fc6c651b2ed: shutdown FollowerState
2019-10-17 07:10:39,396 [grpc-default-executor-3] INFO  impl.RoleInfo (RoleInfo.java:updateAndGet(143)) - 0c631657-10a5-4e2a-a322-8fc6c651b2ed: start FollowerState
2019-10-17 07:10:39,396 [Thread-1972] INFO  impl.FollowerState (FollowerState.java:run(117)) - 0c631657-10a5-4e2a-a322-8fc6c651b2ed@group-42ACBF6EBE4E-FollowerState was interrupted: java.lang.InterruptedException: sleep interrupted
2019-10-17 07:10:39,408 [Thread-1979] INFO  impl.FollowerState (FollowerState.java:run(108)) - 5c4ee31d-c5ed-4c65-a5df-da3e3cf53ac2@group-233C052D78D6-FollowerState: change to CANDIDATE, lastRpcTime:76ms, electionTimeout:76ms
2019-10-17 07:10:39,408 [Thread-1979] INFO  impl.RoleInfo (RoleInfo.java:shutdownFollowerState(121)) - 5c4ee31d-c5ed-4c65-a5df-da3e3cf53ac2: shutdown FollowerState
2019-10-17 07:10:39,408 [Thread-1979] INFO  impl.RaftServerImpl (RaftServerImpl.java:setRole(184)) - 5c4ee31d-c5ed-4c65-a5df-da3e3cf53ac2@group-233C052D78D6: changes role from  FOLLOWER to CANDIDATE at term 124 for changeToCandidate
2019-10-17 07:10:39,408 [Thread-1979] INFO  impl.RoleInfo (RoleInfo.java:updateAndGet(143)) - 5c4ee31d-c5ed-4c65-a5df-da3e3cf53ac2: start LeaderElection
2019-10-17 07:10:39,410 [decc5551-dd4b-40dc-8ff5-b6b450d67f6f@group-42ACBF6EBE4E-LeaderElection237] INFO  impl.LeaderElection (LeaderElection.java:logAndReturn(56)) - decc5551-dd4b-40dc-8ff5-b6b450d67f6f@group-42ACBF6EBE4E-LeaderElection237: Election REJECTED; received 2 response(s) [decc5551-dd4b-40dc-8ff5-b6b450d67f6f<-215fceca-0555-458b-bc4f-ba38ff24d5ba#0:FAIL-t124, decc5551-dd4b-40dc-8ff5-b6b450d67f6f<-0c631657-10a5-4e2a-a322-8fc6c651b2ed#0:FAIL-t124] and 0 exception(s); decc5551-dd4b-40dc-8ff5-b6b450d67f6f@group-42ACBF6EBE4E:t124, leader=null, voted=decc5551-dd4b-40dc-8ff5-b6b450d67f6f, raftlog=decc5551-dd4b-40dc-8ff5-b6b450d67f6f@group-42ACBF6EBE4E-SegmentedRaftLog:OPENED:c-1,f-1,i0, conf=-1: [215fceca-0555-458b-bc4f-ba38ff24d5ba:192.168.157.211:43803, decc5551-dd4b-40dc-8ff5-b6b450d67f6f:192.168.157.211:34435, 0c631657-10a5-4e2a-a322-8fc6c651b2ed:192.168.157.211:41694], old=null
2019-10-17 07:10:39,410 [decc5551-dd4b-40dc-8ff5-b6b450d67f6f@group-42ACBF6EBE4E-LeaderElection237] INFO  impl.RaftServerImpl (RaftServerImpl.java:setRole(184)) - decc5551-dd4b-40dc-8ff5-b6b450d67f6f@group-42ACBF6EBE4E: changes role from CANDIDATE to FOLLOWER at term 124 for DISCOVERED_A_NEW_TERM
2019-10-17 07:10:39,410 [decc5551-dd4b-40dc-8ff5-b6b450d67f6f@group-42ACBF6EBE4E-LeaderElection237] INFO  impl.RoleInfo (RoleInfo.java:shutdownLeaderElection(134)) - decc5551-dd4b-40dc-8ff5-b6b450d67f6f: shutdown LeaderElection
2019-10-17 07:10:39,411 [decc5551-dd4b-40dc-8ff5-b6b450d67f6f@group-42ACBF6EBE4E-LeaderElection237] INFO  impl.RoleInfo (RoleInfo.java:updateAndGet(143)) - decc5551-dd4b-40dc-8ff5-b6b450d67f6f: start FollowerState
2019-10-17 07:10:39,412 [5c4ee31d-c5ed-4c65-a5df-da3e3cf53ac2@group-233C052D78D6-LeaderElection238] INFO  impl.LeaderElection (LeaderElection.java:askForVotes(178)) - 5c4ee31d-c5ed-4c65-a5df-da3e3cf53ac2@group-233C052D78D6-LeaderElection238: begin an election at term 125 for -1: [67ae3572-7d88-4e50-b53b-0f48f6748b38:192.168.157.211:41299, 831edaa1-80a5-4091-843f-90c648a5a79d:192.168.157.211:44365, 5c4ee31d-c5ed-4c65-a5df-da3e3cf53ac2:192.168.157.211:45059], old=null
2019-10-17 07:10:39,414 [grpc-default-executor-3] INFO  impl.RaftServerImpl (RaftServerImpl.java:setRole(184)) - 67ae3572-7d88-4e50-b53b-0f48f6748b38@group-233C052D78D6: changes role from  FOLLOWER to FOLLOWER at term 125 for recognizeCandidate:5c4ee31d-c5ed-4c65-a5df-da3e3cf53ac2
2019-10-17 07:10:39,414 [grpc-default-executor-3] INFO  impl.RoleInfo (RoleInfo.java:shutdownFollowerState(121)) - 67ae3572-7d88-4e50-b53b-0f48f6748b38: shutdown FollowerState
2019-10-17 07:10:39,414 [grpc-default-executor-3] INFO  impl.RoleInfo (RoleInfo.java:updateAndGet(143)) - 67ae3572-7d88-4e50-b53b-0f48f6748b38: start FollowerState
2019-10-17 07:10:39,415 [Thread-1977] INFO  impl.FollowerState (FollowerState.java:run(117)) - 67ae3572-7d88-4e50-b53b-0f48f6748b38@group-233C052D78D6-FollowerState was interrupted: java.lang.InterruptedException: sleep interrupted
2019-10-17 07:10:39,415 [grpc-default-executor-4] INFO  impl.RaftServerImpl (RaftServerImpl.java:setRole(184)) - 831edaa1-80a5-4091-843f-90c648a5a79d@group-233C052D78D6: changes role from  FOLLOWER to FOLLOWER at term 125 for recognizeCandidate:5c4ee31d-c5ed-4c65-a5df-da3e3cf53ac2
2019-10-17 07:10:39,415 [grpc-default-executor-4] INFO  impl.RoleInfo (RoleInfo.java:shutdownFollowerState(121)) - 831edaa1-80a5-4091-843f-90c648a5a79d: shutdown FollowerState
2019-10-17 07:10:39,415 [grpc-default-executor-4] INFO  impl.RoleInfo (RoleInfo.java:updateAndGet(143)) - 831edaa1-80a5-4091-843f-90c648a5a79d: start FollowerState
2019-10-17 07:10:39,415 [Thread-1978] INFO  impl.FollowerState (FollowerState.java:run(117)) - 831edaa1-80a5-4091-843f-90c648a5a79d@group-233C052D78D6-FollowerState was interrupted: java.lang.InterruptedException: sleep interrupted
2019-10-17 07:10:39,428 [5c4ee31d-c5ed-4c65-a5df-da3e3cf53ac2@group-233C052D78D6-LeaderElection238] INFO  impl.LeaderElection (LeaderElection.java:logAndReturn(56)) - 5c4ee31d-c5ed-4c65-a5df-da3e3cf53ac2@group-233C052D78D6-LeaderElection238: Election REJECTED; received 2 response(s) [5c4ee31d-c5ed-4c65-a5df-da3e3cf53ac2<-67ae3572-7d88-4e50-b53b-0f48f6748b38#0:FAIL-t125, 5c4ee31d-c5ed-4c65-a5df-da3e3cf53ac2<-831edaa1-80a5-4091-843f-90c648a5a79d#0:FAIL-t125] and 0 exception(s); 5c4ee31d-c5ed-4c65-a5df-da3e3cf53ac2@group-233C052D78D6:t125, leader=null, voted=5c4ee31d-c5ed-4c65-a5df-da3e3cf53ac2, raftlog=5c4ee31d-c5ed-4c65-a5df-da3e3cf53ac2@group-233C052D78D6-SegmentedRaftLog:OPENED:c-1,f-1,i0, conf=-1: [67ae3572-7d88-4e50-b53b-0f48f6748b38:192.168.157.211:41299, 831edaa1-80a5-4091-843f-90c648a5a79d:192.168.157.211:44365, 5c4ee31d-c5ed-4c65-a5df-da3e3cf53ac2:192.168.157.211:45059], old=null
2019-10-17 07:10:39,429 [5c4ee31d-c5ed-4c65-a5df-da3e3cf53ac2@group-233C052D78D6-LeaderElection238] INFO  impl.RaftServerImpl (RaftServerImpl.java:setRole(184)) - 5c4ee31d-c5ed-4c65-a5df-da3e3cf53ac2@group-233C052D78D6: changes role from CANDIDATE to FOLLOWER at term 125 for DISCOVERED_A_NEW_TERM
2019-10-17 07:10:39,429 [5c4ee31d-c5ed-4c65-a5df-da3e3cf53ac2@group-233C052D78D6-LeaderElection238] INFO  impl.RoleInfo (RoleInfo.java:shutdownLeaderElection(134)) - 5c4ee31d-c5ed-4c65-a5df-da3e3cf53ac2: shutdown LeaderElection
2019-10-17 07:10:39,429 [5c4ee31d-c5ed-4c65-a5df-da3e3cf53ac2@group-233C052D78D6-LeaderElection238] INFO  impl.RoleInfo (RoleInfo.java:updateAndGet(143)) - 5c4ee31d-c5ed-4c65-a5df-da3e3cf53ac2: start FollowerState
2019-10-17 07:10:39,433 [Thread-1991] INFO  impl.FollowerState (FollowerState.java:run(108)) - 5c4ee31d-c5ed-4c65-a5df-da3e3cf53ac2@group-233C052D78D6-FollowerState: change to CANDIDATE, lastRpcTime:4ms, electionTimeout:4ms
2019-10-17 07:10:39,433 [Thread-1991] INFO  impl.RoleInfo (RoleInfo.java:shutdownFollowerState(121)) - 5c4ee31d-c5ed-4c65-a5df-da3e3cf53ac2: shutdown FollowerState
2019-10-17 07:10:39,433 [Thread-1991] INFO  impl.RaftServerImpl (RaftServerImpl.java:setRole(184)) - 5c4ee31d-c5ed-4c65-a5df-da3e3cf53ac2@group-233C052D78D6: changes role from  FOLLOWER to CANDIDATE at term 125 for changeToCandidate
2019-10-17 07:10:39,434 [Thread-1991] INFO  impl.RoleInfo (RoleInfo.java:updateAndGet(143)) - 5c4ee31d-c5ed-4c65-a5df-da3e3cf53ac2: start LeaderElection
2019-10-17 07:10:39,447 [5c4ee31d-c5ed-4c65-a5df-da3e3cf53ac2@group-233C052D78D6-LeaderElection239] INFO  impl.LeaderElection (LeaderElection.java:askForVotes(178)) - 5c4ee31d-c5ed-4c65-a5df-da3e3cf53ac2@group-233C052D78D6-LeaderElection239: begin an election at term 126 for -1: [67ae3572-7d88-4e50-b53b-0f48f6748b38:192.168.157.211:41299, 831edaa1-80a5-4091-843f-90c648a5a79d:192.168.157.211:44365, 5c4ee31d-c5ed-4c65-a5df-da3e3cf53ac2:192.168.157.211:45059], old=null
2019-10-17 07:10:39,449 [grpc-default-executor-4] INFO  impl.RaftServerImpl (RaftServerImpl.java:setRole(184)) - 67ae3572-7d88-4e50-b53b-0f48f6748b38@group-233C052D78D6: changes role from  FOLLOWER to FOLLOWER at term 126 for recognizeCandidate:5c4ee31d-c5ed-4c65-a5df-da3e3cf53ac2
2019-10-17 07:10:39,449 [grpc-default-executor-4] INFO  impl.RoleInfo (RoleInfo.java:shutdownFollowerState(121)) - 67ae3572-7d88-4e50-b53b-0f48f6748b38: shutdown FollowerState
2019-10-17 07:10:39,449 [grpc-default-executor-3] INFO  impl.RaftServerImpl (RaftServerImpl.java:setRole(184)) - 831edaa1-80a5-4091-843f-90c648a5a79d@group-233C052D78D6: changes role from  FOLLOWER to FOLLOWER at term 126 for recognizeCandidate:5c4ee31d-c5ed-4c65-a5df-da3e3cf53ac2
2019-10-17 07:10:39,449 [grpc-default-executor-3] INFO  impl.RoleInfo (RoleInfo.java:shutdownFollowerState(121)) - 831edaa1-80a5-4091-843f-90c648a5a79d: shutdown FollowerState
2019-10-17 07:10:39,449 [Thread-1989] INFO  impl.FollowerState (FollowerState.java:run(117)) - 67ae3572-7d88-4e50-b53b-0f48f6748b38@group-233C052D78D6-FollowerState was interrupted: java.lang.InterruptedException: sleep interrupted
2019-10-17 07:10:39,449 [grpc-default-executor-4] INFO  impl.RoleInfo (RoleInfo.java:updateAndGet(143)) - 67ae3572-7d88-4e50-b53b-0f48f6748b38: start FollowerState
2019-10-17 07:10:39,450 [Thread-1990] INFO  impl.FollowerState (FollowerState.java:run(117)) - 831edaa1-80a5-4091-843f-90c648a5a79d@group-233C052D78D6-FollowerState was interrupted: java.lang.InterruptedException: sleep interrupted
2019-10-17 07:10:39,449 [grpc-default-executor-3] INFO  impl.RoleInfo (RoleInfo.java:updateAndGet(143)) - 831edaa1-80a5-4091-843f-90c648a5a79d: start FollowerState
2019-10-17 07:10:39,471 [5c4ee31d-c5ed-4c65-a5df-da3e3cf53ac2@group-233C052D78D6-LeaderElection239] INFO  impl.LeaderElection (LeaderElection.java:logAndReturn(56)) - 5c4ee31d-c5ed-4c65-a5df-da3e3cf53ac2@group-233C052D78D6-LeaderElection239: Election REJECTED; received 2 response(s) [5c4ee31d-c5ed-4c65-a5df-da3e3cf53ac2<-67ae3572-7d88-4e50-b53b-0f48f6748b38#0:FAIL-t126, 5c4ee31d-c5ed-4c65-a5df-da3e3cf53ac2<-831edaa1-80a5-4091-843f-90c648a5a79d#0:FAIL-t126] and 0 exception(s); 5c4ee31d-c5ed-4c65-a5df-da3e3cf53ac2@group-233C052D78D6:t126, leader=null, voted=5c4ee31d-c5ed-4c65-a5df-da3e3cf53ac2, raftlog=5c4ee31d-c5ed-4c65-a5df-da3e3cf53ac2@group-233C052D78D6-SegmentedRaftLog:OPENED:c-1,f-1,i0, conf=-1: [67ae3572-7d88-4e50-b53b-0f48f6748b38:192.168.157.211:41299, 831edaa1-80a5-4091-843f-90c648a5a79d:192.168.157.211:44365, 5c4ee31d-c5ed-4c65-a5df-da3e3cf53ac2:192.168.157.211:45059], old=null
2019-10-17 07:10:39,471 [5c4ee31d-c5ed-4c65-a5df-da3e3cf53ac2@group-233C052D78D6-LeaderElection239] INFO  impl.RaftServerImpl (RaftServerImpl.java:setRole(184)) - 5c4ee31d-c5ed-4c65-a5df-da3e3cf53ac2@group-233C052D78D6: changes role from CANDIDATE to FOLLOWER at term 126 for DISCOVERED_A_NEW_TERM
2019-10-17 07:10:39,473 [5c4ee31d-c5ed-4c65-a5df-da3e3cf53ac2@group-233C052D78D6-LeaderElection239] INFO  impl.RoleInfo (RoleInfo.java:shutdownLeaderElection(134)) - 5c4ee31d-c5ed-4c65-a5df-da3e3cf53ac2: shutdown LeaderElection
2019-10-17 07:10:39,473 [5c4ee31d-c5ed-4c65-a5df-da3e3cf53ac2@group-233C052D78D6-LeaderElection239] INFO  impl.RoleInfo (RoleInfo.java:updateAndGet(143)) - 5c4ee31d-c5ed-4c65-a5df-da3e3cf53ac2: start FollowerState
2019-10-17 07:10:39,490 [Thread-1986] INFO  impl.FollowerState (FollowerState.java:run(108)) - decc5551-dd4b-40dc-8ff5-b6b450d67f6f@group-42ACBF6EBE4E-FollowerState: change to CANDIDATE, lastRpcTime:79ms, electionTimeout:79ms
2019-10-17 07:10:39,490 [Thread-1986] INFO  impl.RoleInfo (RoleInfo.java:shutdownFollowerState(121)) - decc5551-dd4b-40dc-8ff5-b6b450d67f6f: shutdown FollowerState
2019-10-17 07:10:39,490 [Thread-1986] INFO  impl.RaftServerImpl (RaftServerImpl.java:setRole(184)) - decc5551-dd4b-40dc-8ff5-b6b450d67f6f@group-42ACBF6EBE4E: changes role from  FOLLOWER to CANDIDATE at term 124 for changeToCandidate
2019-10-17 07:10:39,490 [Thread-1986] INFO  impl.RoleInfo (RoleInfo.java:updateAndGet(143)) - decc5551-dd4b-40dc-8ff5-b6b450d67f6f: start LeaderElection
2019-10-17 07:10:39,504 [decc5551-dd4b-40dc-8ff5-b6b450d67f6f@group-42ACBF6EBE4E-LeaderElection240] INFO  impl.LeaderElection (LeaderElection.java:askForVotes(178)) - decc5551-dd4b-40dc-8ff5-b6b450d67f6f@group-42ACBF6EBE4E-LeaderElection240: begin an election at term 125 for -1: [215fceca-0555-458b-bc4f-ba38ff24d5ba:192.168.157.211:43803, decc5551-dd4b-40dc-8ff5-b6b450d67f6f:192.168.157.211:34435, 0c631657-10a5-4e2a-a322-8fc6c651b2ed:192.168.157.211:41694], old=null
2019-10-17 07:10:39,506 [grpc-default-executor-4] INFO  impl.RaftServerImpl (RaftServerImpl.java:setRole(184)) - 0c631657-10a5-4e2a-a322-8fc6c651b2ed@group-42ACBF6EBE4E: changes role from  FOLLOWER to FOLLOWER at term 125 for recognizeCandidate:decc5551-dd4b-40dc-8ff5-b6b450d67f6f
2019-10-17 07:10:39,506 [grpc-default-executor-3] INFO  impl.RaftServerImpl (RaftServerImpl.java:setRole(184)) - 215fceca-0555-458b-bc4f-ba38ff24d5ba@group-42ACBF6EBE4E: changes role from  FOLLOWER to FOLLOWER at term 125 for recognizeCandidate:decc5551-dd4b-40dc-8ff5-b6b450d67f6f
2019-10-17 07:10:39,506 [grpc-default-executor-4] INFO  impl.RoleInfo (RoleInfo.java:shutdownFollowerState(121)) - 0c631657-10a5-4e2a-a322-8fc6c651b2ed: shutdown FollowerState
2019-10-17 07:10:39,507 [grpc-default-executor-3] INFO  impl.RoleInfo (RoleInfo.java:shutdownFollowerState(121)) - 215fceca-0555-458b-bc4f-ba38ff24d5ba: shutdown FollowerState
2019-10-17 07:10:39,507 [Thread-1984] INFO  impl.FollowerState (FollowerState.java:run(117)) - 0c631657-10a5-4e2a-a322-8fc6c651b2ed@group-42ACBF6EBE4E-FollowerState was interrupted: java.lang.InterruptedException: sleep interrupted
2019-10-17 07:10:39,507 [grpc-default-executor-4] INFO  impl.RoleInfo (RoleInfo.java:updateAndGet(143)) - 0c631657-10a5-4e2a-a322-8fc6c651b2ed: start FollowerState
2019-10-17 07:10:39,507 [grpc-default-executor-3] INFO  impl.RoleInfo (RoleInfo.java:updateAndGet(143)) - 215fceca-0555-458b-bc4f-ba38ff24d5ba: start FollowerState
2019-10-17 07:10:39,507 [Thread-1983] INFO  impl.FollowerState (FollowerState.java:run(117)) - 215fceca-0555-458b-bc4f-ba38ff24d5ba@group-42ACBF6EBE4E-FollowerState was interrupted: java.lang.InterruptedException: sleep interrupted
2019-10-17 07:10:39,533 [decc5551-dd4b-40dc-8ff5-b6b450d67f6f@group-42ACBF6EBE4E-LeaderElection240] INFO  impl.LeaderElection (LeaderElection.java:logAndReturn(56)) - decc5551-dd4b-40dc-8ff5-b6b450d67f6f@group-42ACBF6EBE4E-LeaderElection240: Election REJECTED; received 2 response(s) [decc5551-dd4b-40dc-8ff5-b6b450d67f6f<-215fceca-0555-458b-bc4f-ba38ff24d5ba#0:FAIL-t125, decc5551-dd4b-40dc-8ff5-b6b450d67f6f<-0c631657-10a5-4e2a-a322-8fc6c651b2ed#0:FAIL-t125] and 0 exception(s); decc5551-dd4b-40dc-8ff5-b6b450d67f6f@group-42ACBF6EBE4E:t125, leader=null, voted=decc5551-dd4b-40dc-8ff5-b6b450d67f6f, raftlog=decc5551-dd4b-40dc-8ff5-b6b450d67f6f@group-42ACBF6EBE4E-SegmentedRaftLog:OPENED:c-1,f-1,i0, conf=-1: [215fceca-0555-458b-bc4f-ba38ff24d5ba:192.168.157.211:43803, decc5551-dd4b-40dc-8ff5-b6b450d67f6f:192.168.157.211:34435, 0c631657-10a5-4e2a-a322-8fc6c651b2ed:192.168.157.211:41694], old=null
2019-10-17 07:10:39,534 [decc5551-dd4b-40dc-8ff5-b6b450d67f6f@group-42ACBF6EBE4E-LeaderElection240] INFO  impl.RaftServerImpl (RaftServerImpl.java:setRole(184)) - decc5551-dd4b-40dc-8ff5-b6b450d67f6f@group-42ACBF6EBE4E: changes role from CANDIDATE to FOLLOWER at term 125 for DISCOVERED_A_NEW_TERM
2019-10-17 07:10:39,534 [decc5551-dd4b-40dc-8ff5-b6b450d67f6f@group-42ACBF6EBE4E-LeaderElection240] INFO  impl.RoleInfo (RoleInfo.java:shutdownLeaderElection(134)) - decc5551-dd4b-40dc-8ff5-b6b450d67f6f: shutdown LeaderElection
2019-10-17 07:10:39,534 [decc5551-dd4b-40dc-8ff5-b6b450d67f6f@group-42ACBF6EBE4E-LeaderElection240] INFO  impl.RoleInfo (RoleInfo.java:updateAndGet(143)) - decc5551-dd4b-40dc-8ff5-b6b450d67f6f: start FollowerState
2019-10-17 07:10:39,616 [Thread-1997] INFO  impl.FollowerState (FollowerState.java:run(108)) - 5c4ee31d-c5ed-4c65-a5df-da3e3cf53ac2@group-233C052D78D6-FollowerState: change to CANDIDATE, lastRpcTime:143ms, electionTimeout:143ms
2019-10-17 07:10:39,617 [Thread-1997] INFO  impl.RoleInfo (RoleInfo.java:shutdownFollowerState(121)) - 5c4ee31d-c5ed-4c65-a5df-da3e3cf53ac2: shutdown FollowerState
2019-10-17 07:10:39,617 [Thread-1997] INFO  impl.RaftServerImpl (RaftServerImpl.java:setRole(184)) - 5c4ee31d-c5ed-4c65-a5df-da3e3cf53ac2@group-233C052D78D6: changes role from  FOLLOWER to CANDIDATE at term 126 for changeToCandidate
2019-10-17 07:10:39,617 [Thread-1997] INFO  impl.RoleInfo (RoleInfo.java:updateAndGet(143)) - 5c4ee31d-c5ed-4c65-a5df-da3e3cf53ac2: start LeaderElection
2019-10-17 07:10:39,642 [5c4ee31d-c5ed-4c65-a5df-da3e3cf53ac2@group-233C052D78D6-LeaderElection241] INFO  impl.LeaderElection (LeaderElection.java:askForVotes(178)) - 5c4ee31d-c5ed-4c65-a5df-da3e3cf53ac2@group-233C052D78D6-LeaderElection241: begin an election at term 127 for -1: [67ae3572-7d88-4e50-b53b-0f48f6748b38:192.168.157.211:41299, 831edaa1-80a5-4091-843f-90c648a5a79d:192.168.157.211:44365, 5c4ee31d-c5ed-4c65-a5df-da3e3cf53ac2:192.168.157.211:45059], old=null
2019-10-17 07:10:39,645 [grpc-default-executor-3] INFO  impl.RaftServerImpl (RaftServerImpl.java:setRole(184)) - 67ae3572-7d88-4e50-b53b-0f48f6748b38@group-233C052D78D6: changes role from  FOLLOWER to FOLLOWER at term 127 for recognizeCandidate:5c4ee31d-c5ed-4c65-a5df-da3e3cf53ac2
2019-10-17 07:10:39,645 [grpc-default-executor-3] INFO  impl.RoleInfo (RoleInfo.java:shutdownFollowerState(121)) - 67ae3572-7d88-4e50-b53b-0f48f6748b38: shutdown FollowerState
2019-10-17 07:10:39,645 [grpc-default-executor-3] INFO  impl.RoleInfo (RoleInfo.java:updateAndGet(143)) - 67ae3572-7d88-4e50-b53b-0f48f6748b38: start FollowerState
2019-10-17 07:10:39,645 [Thread-1995] INFO  impl.FollowerState (FollowerState.java:run(117)) - 67ae3572-7d88-4e50-b53b-0f48f6748b38@group-233C052D78D6-FollowerState was interrupted: java.lang.InterruptedException: sleep interrupted
2019-10-17 07:10:39,645 [grpc-default-executor-4] INFO  impl.RaftServerImpl (RaftServerImpl.java:setRole(184)) - 831edaa1-80a5-4091-843f-90c648a5a79d@group-233C052D78D6: changes role from  FOLLOWER to FOLLOWER at term 127 for recognizeCandidate:5c4ee31d-c5ed-4c65-a5df-da3e3cf53ac2
2019-10-17 07:10:39,645 [grpc-default-executor-4] INFO  impl.RoleInfo (RoleInfo.java:shutdownFollowerState(121)) - 831edaa1-80a5-4091-843f-90c648a5a79d: shutdown FollowerState
2019-10-17 07:10:39,645 [grpc-default-executor-4] INFO  impl.RoleInfo (RoleInfo.java:updateAndGet(143)) - 831edaa1-80a5-4091-843f-90c648a5a79d: start FollowerState
2019-10-17 07:10:39,645 [Thread-1996] INFO  impl.FollowerState (FollowerState.java:run(117)) - 831edaa1-80a5-4091-843f-90c648a5a79d@group-233C052D78D6-FollowerState was interrupted: java.lang.InterruptedException: sleep interrupted
2019-10-17 07:10:39,659 [5c4ee31d-c5ed-4c65-a5df-da3e3cf53ac2@group-233C052D78D6-LeaderElection241] INFO  impl.LeaderElection (LeaderElection.java:logAndReturn(56)) - 5c4ee31d-c5ed-4c65-a5df-da3e3cf53ac2@group-233C052D78D6-LeaderElection241: Election REJECTED; received 2 response(s) [5c4ee31d-c5ed-4c65-a5df-da3e3cf53ac2<-67ae3572-7d88-4e50-b53b-0f48f6748b38#0:FAIL-t127, 5c4ee31d-c5ed-4c65-a5df-da3e3cf53ac2<-831edaa1-80a5-4091-843f-90c648a5a79d#0:FAIL-t127] and 0 exception(s); 5c4ee31d-c5ed-4c65-a5df-da3e3cf53ac2@group-233C052D78D6:t127, leader=null, voted=5c4ee31d-c5ed-4c65-a5df-da3e3cf53ac2, raftlog=5c4ee31d-c5ed-4c65-a5df-da3e3cf53ac2@group-233C052D78D6-SegmentedRaftLog:OPENED:c-1,f-1,i0, conf=-1: [67ae3572-7d88-4e50-b53b-0f48f6748b38:192.168.157.211:41299, 831edaa1-80a5-4091-843f-90c648a5a79d:192.168.157.211:44365, 5c4ee31d-c5ed-4c65-a5df-da3e3cf53ac2:192.168.157.211:45059], old=null
2019-10-17 07:10:39,659 [5c4ee31d-c5ed-4c65-a5df-da3e3cf53ac2@group-233C052D78D6-LeaderElection241] INFO  impl.RaftServerImpl (RaftServerImpl.java:setRole(184)) - 5c4ee31d-c5ed-4c65-a5df-da3e3cf53ac2@group-233C052D78D6: changes role from CANDIDATE to FOLLOWER at term 127 for DISCOVERED_A_NEW_TERM
2019-10-17 07:10:39,659 [5c4ee31d-c5ed-4c65-a5df-da3e3cf53ac2@group-233C052D78D6-LeaderElection241] INFO  impl.RoleInfo (RoleInfo.java:shutdownLeaderElection(134)) - 5c4ee31d-c5ed-4c65-a5df-da3e3cf53ac2: shutdown LeaderElection
2019-10-17 07:10:39,660 [5c4ee31d-c5ed-4c65-a5df-da3e3cf53ac2@group-233C052D78D6-LeaderElection241] INFO  impl.RoleInfo (RoleInfo.java:updateAndGet(143)) - 5c4ee31d-c5ed-4c65-a5df-da3e3cf53ac2: start FollowerState
2019-10-17 07:10:39,697 [Thread-2003] INFO  impl.FollowerState (FollowerState.java:run(108)) - decc5551-dd4b-40dc-8ff5-b6b450d67f6f@group-42ACBF6EBE4E-FollowerState: change to CANDIDATE, lastRpcTime:163ms, electionTimeout:163ms
2019-10-17 07:10:39,697 [Thread-2003] INFO  impl.RoleInfo (RoleInfo.java:shutdownFollowerState(121)) - decc5551-dd4b-40dc-8ff5-b6b450d67f6f: shutdown FollowerState
2019-10-17 07:10:39,697 [Thread-2003] INFO  impl.RaftServerImpl (RaftServerImpl.java:setRole(184)) - decc5551-dd4b-40dc-8ff5-b6b450d67f6f@group-42ACBF6EBE4E: changes role from  FOLLOWER to CANDIDATE at term 125 for changeToCandidate
2019-10-17 07:10:39,698 [Thread-2003] INFO  impl.RoleInfo (RoleInfo.java:updateAndGet(143)) - decc5551-dd4b-40dc-8ff5-b6b450d67f6f: start LeaderElection
2019-10-17 07:10:39,711 [decc5551-dd4b-40dc-8ff5-b6b450d67f6f@group-42ACBF6EBE4E-LeaderElection242] INFO  impl.LeaderElection (LeaderElection.java:askForVotes(178)) - decc5551-dd4b-40dc-8ff5-b6b450d67f6f@group-42ACBF6EBE4E-LeaderElection242: begin an election at term 126 for -1: [215fceca-0555-458b-bc4f-ba38ff24d5ba:192.168.157.211:43803, decc5551-dd4b-40dc-8ff5-b6b450d67f6f:192.168.157.211:34435, 0c631657-10a5-4e2a-a322-8fc6c651b2ed:192.168.157.211:41694], old=null
2019-10-17 07:10:39,713 [grpc-default-executor-3] INFO  impl.RaftServerImpl (RaftServerImpl.java:setRole(184)) - 0c631657-10a5-4e2a-a322-8fc6c651b2ed@group-42ACBF6EBE4E: changes role from  FOLLOWER to FOLLOWER at term 126 for recognizeCandidate:decc5551-dd4b-40dc-8ff5-b6b450d67f6f
2019-10-17 07:10:39,713 [grpc-default-executor-4] INFO  impl.RaftServerImpl (RaftServerImpl.java:setRole(184)) - 215fceca-0555-458b-bc4f-ba38ff24d5ba@group-42ACBF6EBE4E: changes role from  FOLLOWER to FOLLOWER at term 126 for recognizeCandidate:decc5551-dd4b-40dc-8ff5-b6b450d67f6f
2019-10-17 07:10:39,713 [grpc-default-executor-3] INFO  impl.RoleInfo (RoleInfo.java:shutdownFollowerState(121)) - 0c631657-10a5-4e2a-a322-8fc6c651b2ed: shutdown FollowerState
2019-10-17 07:10:39,713 [grpc-default-executor-4] INFO  impl.RoleInfo (RoleInfo.java:shutdownFollowerState(121)) - 215fceca-0555-458b-bc4f-ba38ff24d5ba: shutdown FollowerState
2019-10-17 07:10:39,714 [Thread-2001] INFO  impl.FollowerState (FollowerState.java:run(117)) - 0c631657-10a5-4e2a-a322-8fc6c651b2ed@group-42ACBF6EBE4E-FollowerState was interrupted: java.lang.InterruptedException: sleep interrupted
2019-10-17 07:10:39,714 [grpc-default-executor-3] INFO  impl.RoleInfo (RoleInfo.java:updateAndGet(143)) - 0c631657-10a5-4e2a-a322-8fc6c651b2ed: start FollowerState
2019-10-17 07:10:39,714 [Thread-2002] INFO  impl.FollowerState (FollowerState.java:run(117)) - 215fceca-0555-458b-bc4f-ba38ff24d5ba@group-42ACBF6EBE4E-FollowerState was interrupted: java.lang.InterruptedException: sleep interrupted
2019-10-17 07:10:39,714 [grpc-default-executor-4] INFO  impl.RoleInfo (RoleInfo.java:updateAndGet(143)) - 215fceca-0555-458b-bc4f-ba38ff24d5ba: start FollowerState
2019-10-17 07:10:39,718 [decc5551-dd4b-40dc-8ff5-b6b450d67f6f@group-42ACBF6EBE4E-LeaderElection242] INFO  impl.LeaderElection (LeaderElection.java:logAndReturn(56)) - decc5551-dd4b-40dc-8ff5-b6b450d67f6f@group-42ACBF6EBE4E-LeaderElection242: Election TIMEOUT; received 0 response(s) [] and 0 exception(s); decc5551-dd4b-40dc-8ff5-b6b450d67f6f@group-42ACBF6EBE4E:t126, leader=null, voted=decc5551-dd4b-40dc-8ff5-b6b450d67f6f, raftlog=decc5551-dd4b-40dc-8ff5-b6b450d67f6f@group-42ACBF6EBE4E-SegmentedRaftLog:OPENED:c-1,f-1,i0, conf=-1: [215fceca-0555-458b-bc4f-ba38ff24d5ba:192.168.157.211:43803, decc5551-dd4b-40dc-8ff5-b6b450d67f6f:192.168.157.211:34435, 0c631657-10a5-4e2a-a322-8fc6c651b2ed:192.168.157.211:41694], old=null
2019-10-17 07:10:39,721 [Thread-2011] INFO  impl.FollowerState (FollowerState.java:run(108)) - 5c4ee31d-c5ed-4c65-a5df-da3e3cf53ac2@group-233C052D78D6-FollowerState: change to CANDIDATE, lastRpcTime:61ms, electionTimeout:61ms
2019-10-17 07:10:39,721 [Thread-2011] INFO  impl.RoleInfo (RoleInfo.java:shutdownFollowerState(121)) - 5c4ee31d-c5ed-4c65-a5df-da3e3cf53ac2: shutdown FollowerState
2019-10-17 07:10:39,721 [Thread-2011] INFO  impl.RaftServerImpl (RaftServerImpl.java:setRole(184)) - 5c4ee31d-c5ed-4c65-a5df-da3e3cf53ac2@group-233C052D78D6: changes role from  FOLLOWER to CANDIDATE at term 127 for changeToCandidate
2019-10-17 07:10:39,721 [Thread-2011] INFO  impl.RoleInfo (RoleInfo.java:updateAndGet(143)) - 5c4ee31d-c5ed-4c65-a5df-da3e3cf53ac2: start LeaderElection
2019-10-17 07:10:39,735 [decc5551-dd4b-40dc-8ff5-b6b450d67f6f@group-42ACBF6EBE4E-LeaderElection242] INFO  impl.LeaderElection (LeaderElection.java:askForVotes(178)) - decc5551-dd4b-40dc-8ff5-b6b450d67f6f@group-42ACBF6EBE4E-LeaderElection242: begin an election at term 127 for -1: [215fceca-0555-458b-bc4f-ba38ff24d5ba:192.168.157.211:43803, decc5551-dd4b-40dc-8ff5-b6b450d67f6f:192.168.157.211:34435, 0c631657-10a5-4e2a-a322-8fc6c651b2ed:192.168.157.211:41694], old=null
2019-10-17 07:10:39,735 [5c4ee31d-c5ed-4c65-a5df-da3e3cf53ac2@group-233C052D78D6-LeaderElection243] INFO  impl.LeaderElection (LeaderElection.java:askForVotes(178)) - 5c4ee31d-c5ed-4c65-a5df-da3e3cf53ac2@group-233C052D78D6-LeaderElection243: begin an election at term 128 for -1: [67ae3572-7d88-4e50-b53b-0f48f6748b38:192.168.157.211:41299, 831edaa1-80a5-4091-843f-90c648a5a79d:192.168.157.211:44365, 5c4ee31d-c5ed-4c65-a5df-da3e3cf53ac2:192.168.157.211:45059], old=null
2019-10-17 07:10:39,736 [grpc-default-executor-3] INFO  impl.RaftServerImpl (RaftServerImpl.java:setRole(184)) - 0c631657-10a5-4e2a-a322-8fc6c651b2ed@group-42ACBF6EBE4E: changes role from  FOLLOWER to FOLLOWER at term 127 for recognizeCandidate:decc5551-dd4b-40dc-8ff5-b6b450d67f6f
2019-10-17 07:10:39,737 [grpc-default-executor-3] INFO  impl.RoleInfo (RoleInfo.java:shutdownFollowerState(121)) - 0c631657-10a5-4e2a-a322-8fc6c651b2ed: shutdown FollowerState
2019-10-17 07:10:39,737 [grpc-default-executor-3] INFO  impl.RoleInfo (RoleInfo.java:updateAndGet(143)) - 0c631657-10a5-4e2a-a322-8fc6c651b2ed: start FollowerState
2019-10-17 07:10:39,737 [Thread-2015] INFO  impl.FollowerState (FollowerState.java:run(117)) - 0c631657-10a5-4e2a-a322-8fc6c651b2ed@group-42ACBF6EBE4E-FollowerState was interrupted: java.lang.InterruptedException: sleep interrupted
2019-10-17 07:10:39,737 [grpc-default-executor-4] INFO  impl.RaftServerImpl (RaftServerImpl.java:setRole(184)) - 67ae3572-7d88-4e50-b53b-0f48f6748b38@group-233C052D78D6: changes role from  FOLLOWER to FOLLOWER at term 128 for recognizeCandidate:5c4ee31d-c5ed-4c65-a5df-da3e3cf53ac2
2019-10-17 07:10:39,737 [grpc-default-executor-4] INFO  impl.RoleInfo (RoleInfo.java:shutdownFollowerState(121)) - 67ae3572-7d88-4e50-b53b-0f48f6748b38: shutdown FollowerState
2019-10-17 07:10:39,737 [grpc-default-executor-4] INFO  impl.RoleInfo (RoleInfo.java:updateAndGet(143)) - 67ae3572-7d88-4e50-b53b-0f48f6748b38: start FollowerState
2019-10-17 07:10:39,737 [grpc-default-executor-7] INFO  impl.RaftServerImpl (RaftServerImpl.java:setRole(184)) - 831edaa1-80a5-4091-843f-90c648a5a79d@group-233C052D78D6: changes role from  FOLLOWER to FOLLOWER at term 128 for recognizeCandidate:5c4ee31d-c5ed-4c65-a5df-da3e3cf53ac2
2019-10-17 07:10:39,737 [grpc-default-executor-7] INFO  impl.RoleInfo (RoleInfo.java:shutdownFollowerState(121)) - 831edaa1-80a5-4091-843f-90c648a5a79d: shutdown FollowerState
2019-10-17 07:10:39,737 [Thread-2009] INFO  impl.FollowerState (FollowerState.java:run(117)) - 67ae3572-7d88-4e50-b53b-0f48f6748b38@group-233C052D78D6-FollowerState was interrupted: java.lang.InterruptedException: sleep interrupted
2019-10-17 07:10:39,737 [Thread-2010] INFO  impl.FollowerState (FollowerState.java:run(117)) - 831edaa1-80a5-4091-843f-90c648a5a79d@group-233C052D78D6-FollowerState was interrupted: java.lang.InterruptedException: sleep interrupted
2019-10-17 07:10:39,737 [grpc-default-executor-7] INFO  impl.RoleInfo (RoleInfo.java:updateAndGet(143)) - 831edaa1-80a5-4091-843f-90c648a5a79d: start FollowerState
2019-10-17 07:10:39,737 [grpc-default-executor-9] INFO  impl.RaftServerImpl (RaftServerImpl.java:setRole(184)) - 215fceca-0555-458b-bc4f-ba38ff24d5ba@group-42ACBF6EBE4E: changes role from  FOLLOWER to FOLLOWER at term 127 for recognizeCandidate:decc5551-dd4b-40dc-8ff5-b6b450d67f6f
2019-10-17 07:10:39,738 [grpc-default-executor-9] INFO  impl.RoleInfo (RoleInfo.java:shutdownFollowerState(121)) - 215fceca-0555-458b-bc4f-ba38ff24d5ba: shutdown FollowerState
2019-10-17 07:10:39,738 [grpc-default-executor-9] INFO  impl.RoleInfo (RoleInfo.java:updateAndGet(143)) - 215fceca-0555-458b-bc4f-ba38ff24d5ba: start FollowerState
2019-10-17 07:10:39,738 [Thread-2016] INFO  impl.FollowerState (FollowerState.java:run(117)) - 215fceca-0555-458b-bc4f-ba38ff24d5ba@group-42ACBF6EBE4E-FollowerState was interrupted: java.lang.InterruptedException: sleep interrupted
2019-10-17 07:10:39,745 [decc5551-dd4b-40dc-8ff5-b6b450d67f6f@group-42ACBF6EBE4E-LeaderElection242] INFO  impl.LeaderElection (LeaderElection.java:logAndReturn(56)) - decc5551-dd4b-40dc-8ff5-b6b450d67f6f@group-42ACBF6EBE4E-LeaderElection242: Election REJECTED; received 2 response(s) [decc5551-dd4b-40dc-8ff5-b6b450d67f6f<-215fceca-0555-458b-bc4f-ba38ff24d5ba#0:FAIL-t127, decc5551-dd4b-40dc-8ff5-b6b450d67f6f<-0c631657-10a5-4e2a-a322-8fc6c651b2ed#0:FAIL-t127] and 0 exception(s); decc5551-dd4b-40dc-8ff5-b6b450d67f6f@group-42ACBF6EBE4E:t127, leader=null, voted=decc5551-dd4b-40dc-8ff5-b6b450d67f6f, raftlog=decc5551-dd4b-40dc-8ff5-b6b450d67f6f@group-42ACBF6EBE4E-SegmentedRaftLog:OPENED:c-1,f-1,i0, conf=-1: [215fceca-0555-458b-bc4f-ba38ff24d5ba:192.168.157.211:43803, decc5551-dd4b-40dc-8ff5-b6b450d67f6f:192.168.157.211:34435, 0c631657-10a5-4e2a-a322-8fc6c651b2ed:192.168.157.211:41694], old=null
2019-10-17 07:10:39,745 [5c4ee31d-c5ed-4c65-a5df-da3e3cf53ac2@group-233C052D78D6-LeaderElection243] INFO  impl.LeaderElection (LeaderElection.java:logAndReturn(56)) - 5c4ee31d-c5ed-4c65-a5df-da3e3cf53ac2@group-233C052D78D6-LeaderElection243: Election REJECTED; received 2 response(s) [5c4ee31d-c5ed-4c65-a5df-da3e3cf53ac2<-67ae3572-7d88-4e50-b53b-0f48f6748b38#0:FAIL-t128, 5c4ee31d-c5ed-4c65-a5df-da3e3cf53ac2<-831edaa1-80a5-4091-843f-90c648a5a79d#0:FAIL-t128] and 0 exception(s); 5c4ee31d-c5ed-4c65-a5df-da3e3cf53ac2@group-233C052D78D6:t128, leader=null, voted=5c4ee31d-c5ed-4c65-a5df-da3e3cf53ac2, raftlog=5c4ee31d-c5ed-4c65-a5df-da3e3cf53ac2@group-233C052D78D6-SegmentedRaftLog:OPENED:c-1,f-1,i0, conf=-1: [67ae3572-7d88-4e50-b53b-0f48f6748b38:192.168.157.211:41299, 831edaa1-80a5-4091-843f-90c648a5a79d:192.168.157.211:44365, 5c4ee31d-c5ed-4c65-a5df-da3e3cf53ac2:192.168.157.211:45059], old=null
2019-10-17 07:10:39,745 [decc5551-dd4b-40dc-8ff5-b6b450d67f6f@group-42ACBF6EBE4E-LeaderElection242] INFO  impl.RaftServerImpl (RaftServerImpl.java:setRole(184)) - decc5551-dd4b-40dc-8ff5-b6b450d67f6f@group-42ACBF6EBE4E: changes role from CANDIDATE to FOLLOWER at term 127 for DISCOVERED_A_NEW_TERM
2019-10-17 07:10:39,746 [5c4ee31d-c5ed-4c65-a5df-da3e3cf53ac2@group-233C052D78D6-LeaderElection243] INFO  impl.RaftServerImpl (RaftServerImpl.java:setRole(184)) - 5c4ee31d-c5ed-4c65-a5df-da3e3cf53ac2@group-233C052D78D6: changes role from CANDIDATE to FOLLOWER at term 128 for DISCOVERED_A_NEW_TERM
2019-10-17 07:10:39,746 [decc5551-dd4b-40dc-8ff5-b6b450d67f6f@group-42ACBF6EBE4E-LeaderElection242] INFO  impl.RoleInfo (RoleInfo.java:shutdownLeaderElection(134)) - decc5551-dd4b-40dc-8ff5-b6b450d67f6f: shutdown LeaderElection
2019-10-17 07:10:39,746 [5c4ee31d-c5ed-4c65-a5df-da3e3cf53ac2@group-233C052D78D6-LeaderElection243] INFO  impl.RoleInfo (RoleInfo.java:shutdownLeaderElection(134)) - 5c4ee31d-c5ed-4c65-a5df-da3e3cf53ac2: shutdown LeaderElection
2019-10-17 07:10:39,746 [decc5551-dd4b-40dc-8ff5-b6b450d67f6f@group-42ACBF6EBE4E-LeaderElection242] INFO  impl.RoleInfo (RoleInfo.java:updateAndGet(143)) - decc5551-dd4b-40dc-8ff5-b6b450d67f6f: start FollowerState
2019-10-17 07:10:39,746 [5c4ee31d-c5ed-4c65-a5df-da3e3cf53ac2@group-233C052D78D6-LeaderElection243] INFO  impl.RoleInfo (RoleInfo.java:updateAndGet(143)) - 5c4ee31d-c5ed-4c65-a5df-da3e3cf53ac2: start FollowerState
2019-10-17 07:10:39,772 [Thread-2027] INFO  impl.FollowerState (FollowerState.java:run(108)) - 5c4ee31d-c5ed-4c65-a5df-da3e3cf53ac2@group-233C052D78D6-FollowerState: change to CANDIDATE, lastRpcTime:26ms, electionTimeout:26ms
2019-10-17 07:10:39,773 [Thread-2027] INFO  impl.RoleInfo (RoleInfo.java:shutdownFollowerState(121)) - 5c4ee31d-c5ed-4c65-a5df-da3e3cf53ac2: shutdown FollowerState
2019-10-17 07:10:39,773 [Thread-2027] INFO  impl.RaftServerImpl (RaftServerImpl.java:setRole(184)) - 5c4ee31d-c5ed-4c65-a5df-da3e3cf53ac2@group-233C052D78D6: changes role from  FOLLOWER to CANDIDATE at term 128 for changeToCandidate
2019-10-17 07:10:39,773 [Thread-2027] INFO  impl.RoleInfo (RoleInfo.java:updateAndGet(143)) - 5c4ee31d-c5ed-4c65-a5df-da3e3cf53ac2: start LeaderElection
2019-10-17 07:10:39,776 [Thread-2026] INFO  impl.FollowerState (FollowerState.java:run(108)) - decc5551-dd4b-40dc-8ff5-b6b450d67f6f@group-42ACBF6EBE4E-FollowerState: change to CANDIDATE, lastRpcTime:30ms, electionTimeout:30ms
2019-10-17 07:10:39,776 [Thread-2026] INFO  impl.RoleInfo (RoleInfo.java:shutdownFollowerState(121)) - decc5551-dd4b-40dc-8ff5-b6b450d67f6f: shutdown FollowerState
2019-10-17 07:10:39,776 [Thread-2026] INFO  impl.RaftServerImpl (RaftServerImpl.java:setRole(184)) - decc5551-dd4b-40dc-8ff5-b6b450d67f6f@group-42ACBF6EBE4E: changes role from  FOLLOWER to CANDIDATE at term 127 for changeToCandidate
2019-10-17 07:10:39,776 [Thread-2026] INFO  impl.RoleInfo (RoleInfo.java:updateAndGet(143)) - decc5551-dd4b-40dc-8ff5-b6b450d67f6f: start LeaderElection
2019-10-17 07:10:39,787 [5c4ee31d-c5ed-4c65-a5df-da3e3cf53ac2@group-233C052D78D6-LeaderElection244] INFO  impl.LeaderElection (LeaderElection.java:askForVotes(178)) - 5c4ee31d-c5ed-4c65-a5df-da3e3cf53ac2@group-233C052D78D6-LeaderElection244: begin an election at term 129 for -1: [67ae3572-7d88-4e50-b53b-0f48f6748b38:192.168.157.211:41299, 831edaa1-80a5-4091-843f-90c648a5a79d:192.168.157.211:44365, 5c4ee31d-c5ed-4c65-a5df-da3e3cf53ac2:192.168.157.211:45059], old=null
2019-10-17 07:10:39,787 [decc5551-dd4b-40dc-8ff5-b6b450d67f6f@group-42ACBF6EBE4E-LeaderElection245] INFO  impl.LeaderElection (LeaderElection.java:askForVotes(178)) - decc5551-dd4b-40dc-8ff5-b6b450d67f6f@group-42ACBF6EBE4E-LeaderElection245: begin an election at term 128 for -1: [215fceca-0555-458b-bc4f-ba38ff24d5ba:192.168.157.211:43803, decc5551-dd4b-40dc-8ff5-b6b450d67f6f:192.168.157.211:34435, 0c631657-10a5-4e2a-a322-8fc6c651b2ed:192.168.157.211:41694], old=null
2019-10-17 07:10:39,788 [grpc-default-executor-7] INFO  impl.RaftServerImpl (RaftServerImpl.java:setRole(184)) - 215fceca-0555-458b-bc4f-ba38ff24d5ba@group-42ACBF6EBE4E: changes role from  FOLLOWER to FOLLOWER at term 128 for recognizeCandidate:decc5551-dd4b-40dc-8ff5-b6b450d67f6f
2019-10-17 07:10:39,789 [grpc-default-executor-7] INFO  impl.RoleInfo (RoleInfo.java:shutdownFollowerState(121)) - 215fceca-0555-458b-bc4f-ba38ff24d5ba: shutdown FollowerState
2019-10-17 07:10:39,789 [grpc-default-executor-3] INFO  impl.RaftServerImpl (RaftServerImpl.java:setRole(184)) - 831edaa1-80a5-4091-843f-90c648a5a79d@group-233C052D78D6: changes role from  FOLLOWER to FOLLOWER at term 129 for recognizeCandidate:5c4ee31d-c5ed-4c65-a5df-da3e3cf53ac2
2019-10-17 07:10:39,789 [Thread-2025] INFO  impl.FollowerState (FollowerState.java:run(117)) - 215fceca-0555-458b-bc4f-ba38ff24d5ba@group-42ACBF6EBE4E-FollowerState was interrupted: java.lang.InterruptedException: sleep interrupted
2019-10-17 07:10:39,789 [grpc-default-executor-7] INFO  impl.RoleInfo (RoleInfo.java:updateAndGet(143)) - 215fceca-0555-458b-bc4f-ba38ff24d5ba: start FollowerState
2019-10-17 07:10:39,789 [grpc-default-executor-3] INFO  impl.RoleInfo (RoleInfo.java:shutdownFollowerState(121)) - 831edaa1-80a5-4091-843f-90c648a5a79d: shutdown FollowerState
2019-10-17 07:10:39,789 [grpc-default-executor-9] INFO  impl.RaftServerImpl (RaftServerImpl.java:setRole(184)) - 67ae3572-7d88-4e50-b53b-0f48f6748b38@group-233C052D78D6: changes role from  FOLLOWER to FOLLOWER at term 129 for recognizeCandidate:5c4ee31d-c5ed-4c65-a5df-da3e3cf53ac2
2019-10-17 07:10:39,789 [grpc-default-executor-9] INFO  impl.RoleInfo (RoleInfo.java:shutdownFollowerState(121)) - 67ae3572-7d88-4e50-b53b-0f48f6748b38: shutdown FollowerState
2019-10-17 07:10:39,790 [Thread-2023] INFO  impl.FollowerState (FollowerState.java:run(117)) - 67ae3572-7d88-4e50-b53b-0f48f6748b38@group-233C052D78D6-FollowerState was interrupted: java.lang.InterruptedException: sleep interrupted
2019-10-17 07:10:39,789 [Thread-2024] INFO  impl.FollowerState (FollowerState.java:run(117)) - 831edaa1-80a5-4091-843f-90c648a5a79d@group-233C052D78D6-FollowerState was interrupted: java.lang.InterruptedException: sleep interrupted
2019-10-17 07:10:39,789 [grpc-default-executor-3] INFO  impl.RoleInfo (RoleInfo.java:updateAndGet(143)) - 831edaa1-80a5-4091-843f-90c648a5a79d: start FollowerState
2019-10-17 07:10:39,789 [grpc-default-executor-4] INFO  impl.RaftServerImpl (RaftServerImpl.java:setRole(184)) - 0c631657-10a5-4e2a-a322-8fc6c651b2ed@group-42ACBF6EBE4E: changes role from  FOLLOWER to FOLLOWER at term 128 for recognizeCandidate:decc5551-dd4b-40dc-8ff5-b6b450d67f6f
2019-10-17 07:10:39,790 [grpc-default-executor-4] INFO  impl.RoleInfo (RoleInfo.java:shutdownFollowerState(121)) - 0c631657-10a5-4e2a-a322-8fc6c651b2ed: shutdown FollowerState
2019-10-17 07:10:39,790 [grpc-default-executor-9] INFO  impl.RoleInfo (RoleInfo.java:updateAndGet(143)) - 67ae3572-7d88-4e50-b53b-0f48f6748b38: start FollowerState
2019-10-17 07:10:39,790 [Thread-2022] INFO  impl.FollowerState (FollowerState.java:run(117)) - 0c631657-10a5-4e2a-a322-8fc6c651b2ed@group-42ACBF6EBE4E-FollowerState was interrupted: java.lang.InterruptedException: sleep interrupted
2019-10-17 07:10:39,790 [grpc-default-executor-4] INFO  impl.RoleInfo (RoleInfo.java:updateAndGet(143)) - 0c631657-10a5-4e2a-a322-8fc6c651b2ed: start FollowerState
2019-10-17 07:10:39,803 [5c4ee31d-c5ed-4c65-a5df-da3e3cf53ac2@group-233C052D78D6-LeaderElection244] INFO  impl.LeaderElection (LeaderElection.java:logAndReturn(56)) - 5c4ee31d-c5ed-4c65-a5df-da3e3cf53ac2@group-233C052D78D6-LeaderElection244: Election REJECTED; received 2 response(s) [5c4ee31d-c5ed-4c65-a5df-da3e3cf53ac2<-67ae3572-7d88-4e50-b53b-0f48f6748b38#0:FAIL-t129, 5c4ee31d-c5ed-4c65-a5df-da3e3cf53ac2<-831edaa1-80a5-4091-843f-90c648a5a79d#0:FAIL-t129] and 0 exception(s); 5c4ee31d-c5ed-4c65-a5df-da3e3cf53ac2@group-233C052D78D6:t129, leader=null, voted=5c4ee31d-c5ed-4c65-a5df-da3e3cf53ac2, raftlog=5c4ee31d-c5ed-4c65-a5df-da3e3cf53ac2@group-233C052D78D6-SegmentedRaftLog:OPENED:c-1,f-1,i0, conf=-1: [67ae3572-7d88-4e50-b53b-0f48f6748b38:192.168.157.211:41299, 831edaa1-80a5-4091-843f-90c648a5a79d:192.168.157.211:44365, 5c4ee31d-c5ed-4c65-a5df-da3e3cf53ac2:192.168.157.211:45059], old=null
2019-10-17 07:10:39,803 [decc5551-dd4b-40dc-8ff5-b6b450d67f6f@group-42ACBF6EBE4E-LeaderElection245] INFO  impl.LeaderElection (LeaderElection.java:logAndReturn(56)) - decc5551-dd4b-40dc-8ff5-b6b450d67f6f@group-42ACBF6EBE4E-LeaderElection245: Election REJECTED; received 2 response(s) [decc5551-dd4b-40dc-8ff5-b6b450d67f6f<-215fceca-0555-458b-bc4f-ba38ff24d5ba#0:FAIL-t128, decc5551-dd4b-40dc-8ff5-b6b450d67f6f<-0c631657-10a5-4e2a-a322-8fc6c651b2ed#0:FAIL-t128] and 0 exception(s); decc5551-dd4b-40dc-8ff5-b6b450d67f6f@group-42ACBF6EBE4E:t128, leader=null, voted=decc5551-dd4b-40dc-8ff5-b6b450d67f6f, raftlog=decc5551-dd4b-40dc-8ff5-b6b450d67f6f@group-42ACBF6EBE4E-SegmentedRaftLog:OPENED:c-1,f-1,i0, conf=-1: [215fceca-0555-458b-bc4f-ba38ff24d5ba:192.168.157.211:43803, decc5551-dd4b-40dc-8ff5-b6b450d67f6f:192.168.157.211:34435, 0c631657-10a5-4e2a-a322-8fc6c651b2ed:192.168.157.211:41694], old=null
2019-10-17 07:10:39,804 [5c4ee31d-c5ed-4c65-a5df-da3e3cf53ac2@group-233C052D78D6-LeaderElection244] INFO  impl.RaftServerImpl (RaftServerImpl.java:setRole(184)) - 5c4ee31d-c5ed-4c65-a5df-da3e3cf53ac2@group-233C052D78D6: changes role from CANDIDATE to FOLLOWER at term 129 for DISCOVERED_A_NEW_TERM
2019-10-17 07:10:39,804 [decc5551-dd4b-40dc-8ff5-b6b450d67f6f@group-42ACBF6EBE4E-LeaderElection245] INFO  impl.RaftServerImpl (RaftServerImpl.java:setRole(184)) - decc5551-dd4b-40dc-8ff5-b6b450d67f6f@group-42ACBF6EBE4E: changes role from CANDIDATE to FOLLOWER at term 128 for DISCOVERED_A_NEW_TERM
2019-10-17 07:10:39,804 [5c4ee31d-c5ed-4c65-a5df-da3e3cf53ac2@group-233C052D78D6-LeaderElection244] INFO  impl.RoleInfo (RoleInfo.java:shutdownLeaderElection(134)) - 5c4ee31d-c5ed-4c65-a5df-da3e3cf53ac2: shutdown LeaderElection
2019-10-17 07:10:39,804 [decc5551-dd4b-40dc-8ff5-b6b450d67f6f@group-42ACBF6EBE4E-LeaderElection245] INFO  impl.RoleInfo (RoleInfo.java:shutdownLeaderElection(134)) - decc5551-dd4b-40dc-8ff5-b6b450d67f6f: shutdown LeaderElection
2019-10-17 07:10:39,804 [5c4ee31d-c5ed-4c65-a5df-da3e3cf53ac2@group-233C052D78D6-LeaderElection244] INFO  impl.RoleInfo (RoleInfo.java:updateAndGet(143)) - 5c4ee31d-c5ed-4c65-a5df-da3e3cf53ac2: start FollowerState
2019-10-17 07:10:39,804 [decc5551-dd4b-40dc-8ff5-b6b450d67f6f@group-42ACBF6EBE4E-LeaderElection245] INFO  impl.RoleInfo (RoleInfo.java:updateAndGet(143)) - decc5551-dd4b-40dc-8ff5-b6b450d67f6f: start FollowerState
2019-10-17 07:10:39,843 [Thread-2038] INFO  impl.FollowerState (FollowerState.java:run(108)) - 5c4ee31d-c5ed-4c65-a5df-da3e3cf53ac2@group-233C052D78D6-FollowerState: change to CANDIDATE, lastRpcTime:39ms, electionTimeout:39ms
2019-10-17 07:10:39,843 [Thread-2038] INFO  impl.RoleInfo (RoleInfo.java:shutdownFollowerState(121)) - 5c4ee31d-c5ed-4c65-a5df-da3e3cf53ac2: shutdown FollowerState
2019-10-17 07:10:39,843 [Thread-2038] INFO  impl.RaftServerImpl (RaftServerImpl.java:setRole(184)) - 5c4ee31d-c5ed-4c65-a5df-da3e3cf53ac2@group-233C052D78D6: changes role from  FOLLOWER to CANDIDATE at term 129 for changeToCandidate
2019-10-17 07:10:39,844 [Thread-2038] INFO  impl.RoleInfo (RoleInfo.java:updateAndGet(143)) - 5c4ee31d-c5ed-4c65-a5df-da3e3cf53ac2: start LeaderElection
2019-10-17 07:10:39,859 [Thread-2039] INFO  impl.FollowerState (FollowerState.java:run(108)) - decc5551-dd4b-40dc-8ff5-b6b450d67f6f@group-42ACBF6EBE4E-FollowerState: change to CANDIDATE, lastRpcTime:55ms, electionTimeout:53ms
2019-10-17 07:10:39,859 [Thread-2039] INFO  impl.RoleInfo (RoleInfo.java:shutdownFollowerState(121)) - decc5551-dd4b-40dc-8ff5-b6b450d67f6f: shutdown FollowerState
2019-10-17 07:10:39,859 [5c4ee31d-c5ed-4c65-a5df-da3e3cf53ac2@group-233C052D78D6-LeaderElection246] INFO  impl.LeaderElection (LeaderElection.java:askForVotes(178)) - 5c4ee31d-c5ed-4c65-a5df-da3e3cf53ac2@group-233C052D78D6-LeaderElection246: begin an election at term 130 for -1: [67ae3572-7d88-4e50-b53b-0f48f6748b38:192.168.157.211:41299, 831edaa1-80a5-4091-843f-90c648a5a79d:192.168.157.211:44365, 5c4ee31d-c5ed-4c65-a5df-da3e3cf53ac2:192.168.157.211:45059], old=null
2019-10-17 07:10:39,860 [Thread-2039] INFO  impl.RaftServerImpl (RaftServerImpl.java:setRole(184)) - decc5551-dd4b-40dc-8ff5-b6b450d67f6f@group-42ACBF6EBE4E: changes role from  FOLLOWER to CANDIDATE at term 128 for changeToCandidate
2019-10-17 07:10:39,860 [Thread-2039] INFO  impl.RoleInfo (RoleInfo.java:updateAndGet(143)) - decc5551-dd4b-40dc-8ff5-b6b450d67f6f: start LeaderElection
2019-10-17 07:10:39,862 [grpc-default-executor-3] INFO  impl.RaftServerImpl (RaftServerImpl.java:setRole(184)) - 67ae3572-7d88-4e50-b53b-0f48f6748b38@group-233C052D78D6: changes role from  FOLLOWER to FOLLOWER at term 130 for recognizeCandidate:5c4ee31d-c5ed-4c65-a5df-da3e3cf53ac2
2019-10-17 07:10:39,862 [grpc-default-executor-3] INFO  impl.RoleInfo (RoleInfo.java:shutdownFollowerState(121)) - 67ae3572-7d88-4e50-b53b-0f48f6748b38: shutdown FollowerState
2019-10-17 07:10:39,862 [grpc-default-executor-4] INFO  impl.RaftServerImpl (RaftServerImpl.java:setRole(184)) - 831edaa1-80a5-4091-843f-90c648a5a79d@group-233C052D78D6: changes role from  FOLLOWER to FOLLOWER at term 130 for recognizeCandidate:5c4ee31d-c5ed-4c65-a5df-da3e3cf53ac2
2019-10-17 07:10:39,862 [Thread-2036] INFO  impl.FollowerState (FollowerState.java:run(117)) - 67ae3572-7d88-4e50-b53b-0f48f6748b38@group-233C052D78D6-FollowerState was interrupted: java.lang.InterruptedException: sleep interrupted
2019-10-17 07:10:39,862 [grpc-default-executor-3] INFO  impl.RoleInfo (RoleInfo.java:updateAndGet(143)) - 67ae3572-7d88-4e50-b53b-0f48f6748b38: start FollowerState
2019-10-17 07:10:39,862 [grpc-default-executor-4] INFO  impl.RoleInfo (RoleInfo.java:shutdownFollowerState(121)) - 831edaa1-80a5-4091-843f-90c648a5a79d: shutdown FollowerState
2019-10-17 07:10:39,863 [grpc-default-executor-4] INFO  impl.RoleInfo (RoleInfo.java:updateAndGet(143)) - 831edaa1-80a5-4091-843f-90c648a5a79d: start FollowerState
2019-10-17 07:10:39,863 [Thread-2035] INFO  impl.FollowerState (FollowerState.java:run(117)) - 831edaa1-80a5-4091-843f-90c648a5a79d@group-233C052D78D6-FollowerState was interrupted: java.lang.InterruptedException: sleep interrupted
2019-10-17 07:10:39,874 [decc5551-dd4b-40dc-8ff5-b6b450d67f6f@group-42ACBF6EBE4E-LeaderElection247] INFO  impl.LeaderElection (LeaderElection.java:askForVotes(178)) - decc5551-dd4b-40dc-8ff5-b6b450d67f6f@group-42ACBF6EBE4E-LeaderElection247: begin an election at term 129 for -1: [215fceca-0555-458b-bc4f-ba38ff24d5ba:192.168.157.211:43803, decc5551-dd4b-40dc-8ff5-b6b450d67f6f:192.168.157.211:34435, 0c631657-10a5-4e2a-a322-8fc6c651b2ed:192.168.157.211:41694], old=null
2019-10-17 07:10:39,875 [5c4ee31d-c5ed-4c65-a5df-da3e3cf53ac2@group-233C052D78D6-LeaderElection246] INFO  impl.LeaderElection (LeaderElection.java:logAndReturn(56)) - 5c4ee31d-c5ed-4c65-a5df-da3e3cf53ac2@group-233C052D78D6-LeaderElection246: Election REJECTED; received 2 response(s) [5c4ee31d-c5ed-4c65-a5df-da3e3cf53ac2<-67ae3572-7d88-4e50-b53b-0f48f6748b38#0:FAIL-t130, 5c4ee31d-c5ed-4c65-a5df-da3e3cf53ac2<-831edaa1-80a5-4091-843f-90c648a5a79d#0:FAIL-t130] and 0 exception(s); 5c4ee31d-c5ed-4c65-a5df-da3e3cf53ac2@group-233C052D78D6:t130, leader=null, voted=5c4ee31d-c5ed-4c65-a5df-da3e3cf53ac2, raftlog=5c4ee31d-c5ed-4c65-a5df-da3e3cf53ac2@group-233C052D78D6-SegmentedRaftLog:OPENED:c-1,f-1,i0, conf=-1: [67ae3572-7d88-4e50-b53b-0f48f6748b38:192.168.157.211:41299, 831edaa1-80a5-4091-843f-90c648a5a79d:192.168.157.211:44365, 5c4ee31d-c5ed-4c65-a5df-da3e3cf53ac2:192.168.157.211:45059], old=null
2019-10-17 07:10:39,875 [5c4ee31d-c5ed-4c65-a5df-da3e3cf53ac2@group-233C052D78D6-LeaderElection246] INFO  impl.RaftServerImpl (RaftServerImpl.java:setRole(184)) - 5c4ee31d-c5ed-4c65-a5df-da3e3cf53ac2@group-233C052D78D6: changes role from CANDIDATE to FOLLOWER at term 130 for DISCOVERED_A_NEW_TERM
2019-10-17 07:10:39,875 [5c4ee31d-c5ed-4c65-a5df-da3e3cf53ac2@group-233C052D78D6-LeaderElection246] INFO  impl.RoleInfo (RoleInfo.java:shutdownLeaderElection(134)) - 5c4ee31d-c5ed-4c65-a5df-da3e3cf53ac2: shutdown LeaderElection
2019-10-17 07:10:39,875 [5c4ee31d-c5ed-4c65-a5df-da3e3cf53ac2@group-233C052D78D6-LeaderElection246] INFO  impl.RoleInfo (RoleInfo.java:updateAndGet(143)) - 5c4ee31d-c5ed-4c65-a5df-da3e3cf53ac2: start FollowerState
2019-10-17 07:10:39,876 [grpc-default-executor-3] INFO  impl.RaftServerImpl (RaftServerImpl.java:setRole(184)) - 215fceca-0555-458b-bc4f-ba38ff24d5ba@group-42ACBF6EBE4E: changes role from  FOLLOWER to FOLLOWER at term 129 for recognizeCandidate:decc5551-dd4b-40dc-8ff5-b6b450d67f6f
2019-10-17 07:10:39,876 [grpc-default-executor-3] INFO  impl.RoleInfo (RoleInfo.java:shutdownFollowerState(121)) - 215fceca-0555-458b-bc4f-ba38ff24d5ba: shutdown FollowerState
2019-10-17 07:10:39,876 [grpc-default-executor-4] INFO  impl.RaftServerImpl (RaftServerImpl.java:setRole(184)) - 0c631657-10a5-4e2a-a322-8fc6c651b2ed@group-42ACBF6EBE4E: changes role from  FOLLOWER to FOLLOWER at term 129 for recognizeCandidate:decc5551-dd4b-40dc-8ff5-b6b450d67f6f
2019-10-17 07:10:39,877 [Thread-2034] INFO  impl.FollowerState (FollowerState.java:run(117)) - 215fceca-0555-458b-bc4f-ba38ff24d5ba@group-42ACBF6EBE4E-FollowerState was interrupted: java.lang.InterruptedException: sleep interrupted
2019-10-17 07:10:39,876 [grpc-default-executor-3] INFO  impl.RoleInfo (RoleInfo.java:updateAndGet(143)) - 215fceca-0555-458b-bc4f-ba38ff24d5ba: start FollowerState
2019-10-17 07:10:39,877 [grpc-default-executor-4] INFO  impl.RoleInfo (RoleInfo.java:shutdownFollowerState(121)) - 0c631657-10a5-4e2a-a322-8fc6c651b2ed: shutdown FollowerState
2019-10-17 07:10:39,877 [grpc-default-executor-4] INFO  impl.RoleInfo (RoleInfo.java:updateAndGet(143)) - 0c631657-10a5-4e2a-a322-8fc6c651b2ed: start FollowerState
2019-10-17 07:10:39,877 [Thread-2037] INFO  impl.FollowerState (FollowerState.java:run(117)) - 0c631657-10a5-4e2a-a322-8fc6c651b2ed@group-42ACBF6EBE4E-FollowerState was interrupted: java.lang.InterruptedException: sleep interrupted
2019-10-17 07:10:39,891 [decc5551-dd4b-40dc-8ff5-b6b450d67f6f@group-42ACBF6EBE4E-LeaderElection247] INFO  impl.LeaderElection (LeaderElection.java:logAndReturn(56)) - decc5551-dd4b-40dc-8ff5-b6b450d67f6f@group-42ACBF6EBE4E-LeaderElection247: Election REJECTED; received 2 response(s) [decc5551-dd4b-40dc-8ff5-b6b450d67f6f<-215fceca-0555-458b-bc4f-ba38ff24d5ba#0:FAIL-t129, decc5551-dd4b-40dc-8ff5-b6b450d67f6f<-0c631657-10a5-4e2a-a322-8fc6c651b2ed#0:FAIL-t129] and 0 exception(s); decc5551-dd4b-40dc-8ff5-b6b450d67f6f@group-42ACBF6EBE4E:t129, leader=null, voted=decc5551-dd4b-40dc-8ff5-b6b450d67f6f, raftlog=decc5551-dd4b-40dc-8ff5-b6b450d67f6f@group-42ACBF6EBE4E-SegmentedRaftLog:OPENED:c-1,f-1,i0, conf=-1: [215fceca-0555-458b-bc4f-ba38ff24d5ba:192.168.157.211:43803, decc5551-dd4b-40dc-8ff5-b6b450d67f6f:192.168.157.211:34435, 0c631657-10a5-4e2a-a322-8fc6c651b2ed:192.168.157.211:41694], old=null
2019-10-17 07:10:39,892 [decc5551-dd4b-40dc-8ff5-b6b450d67f6f@group-42ACBF6EBE4E-LeaderElection247] INFO  impl.RaftServerImpl (RaftServerImpl.java:setRole(184)) - decc5551-dd4b-40dc-8ff5-b6b450d67f6f@group-42ACBF6EBE4E: changes role from CANDIDATE to FOLLOWER at term 129 for DISCOVERED_A_NEW_TERM
2019-10-17 07:10:39,892 [decc5551-dd4b-40dc-8ff5-b6b450d67f6f@group-42ACBF6EBE4E-LeaderElection247] INFO  impl.RoleInfo (RoleInfo.java:shutdownLeaderElection(134)) - decc5551-dd4b-40dc-8ff5-b6b450d67f6f: shutdown LeaderElection
2019-10-17 07:10:39,892 [decc5551-dd4b-40dc-8ff5-b6b450d67f6f@group-42ACBF6EBE4E-LeaderElection247] INFO  impl.RoleInfo (RoleInfo.java:updateAndGet(143)) - decc5551-dd4b-40dc-8ff5-b6b450d67f6f: start FollowerState
2019-10-17 07:10:39,933 [main] INFO  ozoneimpl.OzoneContainer (OzoneContainer.java:stop(227)) - Attempting to stop container services.
2019-10-17 07:10:39,933 [ForkJoinPool.commonPool-worker-0] INFO  ozoneimpl.OzoneContainer (OzoneContainer.java:stop(227)) - Attempting to stop container services.
2019-10-17 07:10:39,933 [Thread-2051] INFO  impl.FollowerState (FollowerState.java:run(108)) - decc5551-dd4b-40dc-8ff5-b6b450d67f6f@group-42ACBF6EBE4E-FollowerState: change to CANDIDATE, lastRpcTime:41ms, electionTimeout:41ms
2019-10-17 07:10:39,934 [Thread-2051] INFO  impl.RoleInfo (RoleInfo.java:shutdownFollowerState(121)) - decc5551-dd4b-40dc-8ff5-b6b450d67f6f: shutdown FollowerState
2019-10-17 07:10:39,934 [Thread-2051] INFO  impl.RaftServerImpl (RaftServerImpl.java:setRole(184)) - decc5551-dd4b-40dc-8ff5-b6b450d67f6f@group-42ACBF6EBE4E: changes role from  FOLLOWER to CANDIDATE at term 129 for changeToCandidate
2019-10-17 07:10:39,934 [Thread-2051] INFO  impl.RoleInfo (RoleInfo.java:updateAndGet(143)) - decc5551-dd4b-40dc-8ff5-b6b450d67f6f: start LeaderElection
2019-10-17 07:10:39,934 [main] INFO  impl.RaftServerProxy (RaftServerProxy.java:lambda$close$4(314)) - a4e5d14e-95af-4d1f-b670-5b1c42084e26: close
2019-10-17 07:10:39,934 [ForkJoinPool.commonPool-worker-0] INFO  impl.RaftServerProxy (RaftServerProxy.java:lambda$close$4(314)) - aa731332-fe07-4871-af01-99c627816bfe: close
2019-10-17 07:10:39,935 [ForkJoinPool.commonPool-worker-0] INFO  impl.RaftServerImpl (RaftServerImpl.java:lambda$shutdown$3(261)) - aa731332-fe07-4871-af01-99c627816bfe@group-AB73EBE2DDA7: shutdown
2019-10-17 07:10:39,935 [main] INFO  impl.RaftServerImpl (RaftServerImpl.java:lambda$shutdown$3(261)) - a4e5d14e-95af-4d1f-b670-5b1c42084e26@group-A7B78037332A: shutdown
2019-10-17 07:10:39,936 [ForkJoinPool.commonPool-worker-0] INFO  util.JmxRegister (JmxRegister.java:unregister(73)) - Successfully un-registered JMX Bean with object name Ratis:service=RaftServer,group=group-AB73EBE2DDA7,id=aa731332-fe07-4871-af01-99c627816bfe
2019-10-17 07:10:39,936 [main] INFO  util.JmxRegister (JmxRegister.java:unregister(73)) - Successfully un-registered JMX Bean with object name Ratis:service=RaftServer,group=group-A7B78037332A,id=a4e5d14e-95af-4d1f-b670-5b1c42084e26
2019-10-17 07:10:39,936 [ForkJoinPool.commonPool-worker-0] INFO  impl.RoleInfo (RoleInfo.java:shutdownLeaderState(104)) - aa731332-fe07-4871-af01-99c627816bfe: shutdown LeaderState
2019-10-17 07:10:39,936 [main] INFO  impl.RoleInfo (RoleInfo.java:shutdownLeaderState(104)) - a4e5d14e-95af-4d1f-b670-5b1c42084e26: shutdown LeaderState
2019-10-17 07:10:39,937 [ForkJoinPool.commonPool-worker-0] INFO  impl.PendingRequests (PendingRequests.java:sendNotLeaderResponses(202)) - aa731332-fe07-4871-af01-99c627816bfe@group-AB73EBE2DDA7-PendingRequests: sendNotLeaderResponses
2019-10-17 07:10:39,937 [main] INFO  impl.PendingRequests (PendingRequests.java:sendNotLeaderResponses(202)) - a4e5d14e-95af-4d1f-b670-5b1c42084e26@group-A7B78037332A-PendingRequests: sendNotLeaderResponses
2019-10-17 07:10:39,937 [ForkJoinPool.commonPool-worker-0] INFO  impl.StateMachineUpdater (StateMachineUpdater.java:stopAndJoin(136)) - aa731332-fe07-4871-af01-99c627816bfe@group-AB73EBE2DDA7-StateMachineUpdater: set stopIndex = 0
2019-10-17 07:10:39,937 [main] INFO  impl.StateMachineUpdater (StateMachineUpdater.java:stopAndJoin(136)) - a4e5d14e-95af-4d1f-b670-5b1c42084e26@group-A7B78037332A-StateMachineUpdater: set stopIndex = 0
2019-10-17 07:10:39,940 [ForkJoinPool.commonPool-worker-0] INFO  impl.RaftServerImpl (ServerState.java:close(388)) - aa731332-fe07-4871-af01-99c627816bfe@group-AB73EBE2DDA7: closes. applyIndex: 0
2019-10-17 07:10:39,940 [main] INFO  impl.RaftServerImpl (ServerState.java:close(388)) - a4e5d14e-95af-4d1f-b670-5b1c42084e26@group-A7B78037332A: closes. applyIndex: 0
2019-10-17 07:10:39,942 [a4e5d14e-95af-4d1f-b670-5b1c42084e26@group-A7B78037332A-SegmentedRaftLogWorker] INFO  segmented.SegmentedRaftLogWorker (SegmentedRaftLogWorker.java:run(316)) - a4e5d14e-95af-4d1f-b670-5b1c42084e26@group-A7B78037332A-SegmentedRaftLogWorker was interrupted, exiting. There are 0 tasks remaining in the queue.
2019-10-17 07:10:39,942 [aa731332-fe07-4871-af01-99c627816bfe@group-AB73EBE2DDA7-SegmentedRaftLogWorker] INFO  segmented.SegmentedRaftLogWorker (SegmentedRaftLogWorker.java:run(316)) - aa731332-fe07-4871-af01-99c627816bfe@group-AB73EBE2DDA7-SegmentedRaftLogWorker was interrupted, exiting. There are 0 tasks remaining in the queue.
2019-10-17 07:10:39,945 [main] INFO  segmented.SegmentedRaftLogWorker (SegmentedRaftLogWorker.java:close(224)) - a4e5d14e-95af-4d1f-b670-5b1c42084e26@group-A7B78037332A-SegmentedRaftLogWorker close()
2019-10-17 07:10:39,945 [ForkJoinPool.commonPool-worker-0] INFO  segmented.SegmentedRaftLogWorker (SegmentedRaftLogWorker.java:close(224)) - aa731332-fe07-4871-af01-99c627816bfe@group-AB73EBE2DDA7-SegmentedRaftLogWorker close()
2019-10-17 07:10:39,948 [decc5551-dd4b-40dc-8ff5-b6b450d67f6f@group-42ACBF6EBE4E-LeaderElection248] INFO  impl.LeaderElection (LeaderElection.java:askForVotes(178)) - decc5551-dd4b-40dc-8ff5-b6b450d67f6f@group-42ACBF6EBE4E-LeaderElection248: begin an election at term 130 for -1: [215fceca-0555-458b-bc4f-ba38ff24d5ba:192.168.157.211:43803, decc5551-dd4b-40dc-8ff5-b6b450d67f6f:192.168.157.211:34435, 0c631657-10a5-4e2a-a322-8fc6c651b2ed:192.168.157.211:41694], old=null
2019-10-17 07:10:39,949 [main] INFO  impl.RaftServerImpl (RaftServerImpl.java:lambda$shutdown$3(261)) - a4e5d14e-95af-4d1f-b670-5b1c42084e26@group-A2172F2EE55F: shutdown
2019-10-17 07:10:39,951 [ForkJoinPool.commonPool-worker-0] INFO  server.GrpcService (GrpcService.java:closeImpl(164)) - aa731332-fe07-4871-af01-99c627816bfe: shutdown server with port 44627 now
2019-10-17 07:10:39,951 [main] INFO  util.JmxRegister (JmxRegister.java:unregister(73)) - Successfully un-registered JMX Bean with object name Ratis:service=RaftServer,group=group-A2172F2EE55F,id=a4e5d14e-95af-4d1f-b670-5b1c42084e26
2019-10-17 07:10:39,951 [main] INFO  impl.RoleInfo (RoleInfo.java:shutdownFollowerState(121)) - a4e5d14e-95af-4d1f-b670-5b1c42084e26: shutdown FollowerState
2019-10-17 07:10:39,952 [main] INFO  impl.StateMachineUpdater (StateMachineUpdater.java:stopAndJoin(136)) - a4e5d14e-95af-4d1f-b670-5b1c42084e26@group-A2172F2EE55F-StateMachineUpdater: set stopIndex = 20
2019-10-17 07:10:39,952 [a4e5d14e-95af-4d1f-b670-5b1c42084e26@group-A2172F2EE55F-StateMachineUpdater] INFO  ratis.ContainerStateMachine (ContainerStateMachine.java:takeSnapshot(294)) - group-A2172F2EE55F: Taking a snapshot at:(t:3, i:18) file /workdir/hadoop-ozone/integration-test/target/test-dir/MiniOzoneClusterImpl-ef926406-3935-4524-95f5-43adee877df5/datanode-5/data/ratis/d4cc5d64-8e05-478c-a8bd-a2172f2ee55f/sm/snapshot.3_18
2019-10-17 07:10:39,952 [Thread-416] INFO  impl.FollowerState (FollowerState.java:run(117)) - a4e5d14e-95af-4d1f-b670-5b1c42084e26@group-A2172F2EE55F-FollowerState was interrupted: java.lang.InterruptedException: sleep interrupted
2019-10-17 07:10:39,952 [grpc-default-executor-3] INFO  impl.RaftServerImpl (RaftServerImpl.java:setRole(184)) - 215fceca-0555-458b-bc4f-ba38ff24d5ba@group-42ACBF6EBE4E: changes role from  FOLLOWER to FOLLOWER at term 130 for recognizeCandidate:decc5551-dd4b-40dc-8ff5-b6b450d67f6f
2019-10-17 07:10:39,952 [grpc-default-executor-4] INFO  impl.RaftServerImpl (RaftServerImpl.java:setRole(184)) - 0c631657-10a5-4e2a-a322-8fc6c651b2ed@group-42ACBF6EBE4E: changes role from  FOLLOWER to FOLLOWER at term 130 for recognizeCandidate:decc5551-dd4b-40dc-8ff5-b6b450d67f6f
2019-10-17 07:10:39,952 [grpc-default-executor-3] INFO  impl.RoleInfo (RoleInfo.java:shutdownFollowerState(121)) - 215fceca-0555-458b-bc4f-ba38ff24d5ba: shutdown FollowerState
2019-10-17 07:10:39,952 [grpc-default-executor-4] INFO  impl.RoleInfo (RoleInfo.java:shutdownFollowerState(121)) - 0c631657-10a5-4e2a-a322-8fc6c651b2ed: shutdown FollowerState
2019-10-17 07:10:39,954 [Thread-2049] INFO  impl.FollowerState (FollowerState.java:run(117)) - 215fceca-0555-458b-bc4f-ba38ff24d5ba@group-42ACBF6EBE4E-FollowerState was interrupted: java.lang.InterruptedException: sleep interrupted
2019-10-17 07:10:39,954 [Thread-2050] INFO  impl.FollowerState (FollowerState.java:run(117)) - 0c631657-10a5-4e2a-a322-8fc6c651b2ed@group-42ACBF6EBE4E-FollowerState was interrupted: java.lang.InterruptedException: sleep interrupted
2019-10-17 07:10:39,954 [grpc-default-executor-4] INFO  impl.RoleInfo (RoleInfo.java:updateAndGet(143)) - 0c631657-10a5-4e2a-a322-8fc6c651b2ed: start FollowerState
2019-10-17 07:10:39,954 [grpc-default-executor-3] INFO  impl.RoleInfo (RoleInfo.java:updateAndGet(143)) - 215fceca-0555-458b-bc4f-ba38ff24d5ba: start FollowerState
2019-10-17 07:10:39,954 [ForkJoinPool.commonPool-worker-0] INFO  server.GrpcService (GrpcService.java:closeImpl(172)) - aa731332-fe07-4871-af01-99c627816bfe: shutdown server with port 44627 successfully
2019-10-17 07:10:39,961 [refreshUsed-/workdir/hadoop-ozone/integration-test/target/test-dir/MiniOzoneClusterImpl-ef926406-3935-4524-95f5-43adee877df5/datanode-2/data/containers] WARN  fs.CachingGetSpaceUsed (CachingGetSpaceUsed.java:run(183)) - Thread Interrupted waiting to refresh disk information: sleep interrupted
2019-10-17 07:10:39,969 [decc5551-dd4b-40dc-8ff5-b6b450d67f6f@group-42ACBF6EBE4E-LeaderElection248] INFO  impl.LeaderElection (LeaderElection.java:logAndReturn(56)) - decc5551-dd4b-40dc-8ff5-b6b450d67f6f@group-42ACBF6EBE4E-LeaderElection248: Election REJECTED; received 2 response(s) [decc5551-dd4b-40dc-8ff5-b6b450d67f6f<-215fceca-0555-458b-bc4f-ba38ff24d5ba#0:FAIL-t130, decc5551-dd4b-40dc-8ff5-b6b450d67f6f<-0c631657-10a5-4e2a-a322-8fc6c651b2ed#0:FAIL-t130] and 0 exception(s); decc5551-dd4b-40dc-8ff5-b6b450d67f6f@group-42ACBF6EBE4E:t130, leader=null, voted=decc5551-dd4b-40dc-8ff5-b6b450d67f6f, raftlog=decc5551-dd4b-40dc-8ff5-b6b450d67f6f@group-42ACBF6EBE4E-SegmentedRaftLog:OPENED:c-1,f-1,i0, conf=-1: [215fceca-0555-458b-bc4f-ba38ff24d5ba:192.168.157.211:43803, decc5551-dd4b-40dc-8ff5-b6b450d67f6f:192.168.157.211:34435, 0c631657-10a5-4e2a-a322-8fc6c651b2ed:192.168.157.211:41694], old=null
2019-10-17 07:10:39,969 [decc5551-dd4b-40dc-8ff5-b6b450d67f6f@group-42ACBF6EBE4E-LeaderElection248] INFO  impl.RaftServerImpl (RaftServerImpl.java:setRole(184)) - decc5551-dd4b-40dc-8ff5-b6b450d67f6f@group-42ACBF6EBE4E: changes role from CANDIDATE to FOLLOWER at term 130 for DISCOVERED_A_NEW_TERM
2019-10-17 07:10:39,969 [decc5551-dd4b-40dc-8ff5-b6b450d67f6f@group-42ACBF6EBE4E-LeaderElection248] INFO  impl.RoleInfo (RoleInfo.java:shutdownLeaderElection(134)) - decc5551-dd4b-40dc-8ff5-b6b450d67f6f: shutdown LeaderElection
2019-10-17 07:10:39,969 [decc5551-dd4b-40dc-8ff5-b6b450d67f6f@group-42ACBF6EBE4E-LeaderElection248] INFO  impl.RoleInfo (RoleInfo.java:updateAndGet(143)) - decc5551-dd4b-40dc-8ff5-b6b450d67f6f: start FollowerState
2019-10-17 07:10:39,979 [ForkJoinPool.commonPool-worker-0] INFO  utils.BackgroundService (BackgroundService.java:shutdown(151)) - Shutting down service BlockDeletingService
2019-10-17 07:10:39,984 [ForkJoinPool.commonPool-worker-0] INFO  statemachine.DatanodeStateMachine (DatanodeStateMachine.java:stopDaemon(395)) - Ozone container server stopped.
2019-10-17 07:10:39,987 [a4e5d14e-95af-4d1f-b670-5b1c42084e26@group-A2172F2EE55F-StateMachineUpdater] INFO  ratis.ContainerStateMachine (ContainerStateMachine.java:takeSnapshot(305)) - group-A2172F2EE55F: Finished taking a snapshot at:(t:3, i:18) file:/workdir/hadoop-ozone/integration-test/target/test-dir/MiniOzoneClusterImpl-ef926406-3935-4524-95f5-43adee877df5/datanode-5/data/ratis/d4cc5d64-8e05-478c-a8bd-a2172f2ee55f/sm/snapshot.3_18 time:34
2019-10-17 07:10:39,989 [ForkJoinPool.commonPool-worker-0] INFO  handler.ContextHandler (ContextHandler.java:doStop(910)) - Stopped o.e.j.w.WebAppContext@6edcad64{/,null,UNAVAILABLE}{/hddsDatanode}
2019-10-17 07:10:39,989 [ForkJoinPool.commonPool-worker-0] INFO  server.AbstractConnector (AbstractConnector.java:doStop(318)) - Stopped ServerConnector@4c6007fb{HTTP/1.1,[http/1.1]}{0.0.0.0:0}
2019-10-17 07:10:39,993 [a4e5d14e-95af-4d1f-b670-5b1c42084e26@group-A2172F2EE55F-StateMachineUpdater] INFO  impl.StateMachineUpdater (StateMachineUpdater.java:takeSnapshot(269)) - a4e5d14e-95af-4d1f-b670-5b1c42084e26@group-A2172F2EE55F-StateMachineUpdater: Took a snapshot at index 18
2019-10-17 07:10:39,993 [ForkJoinPool.commonPool-worker-0] INFO  handler.ContextHandler (ContextHandler.java:doStop(910)) - Stopped o.e.j.s.ServletContextHandler@3968bc60{/static,jar:file:/home/user/.m2/repository/org/apache/hadoop/hadoop-hdds-container-service/0.5.0-SNAPSHOT/hadoop-hdds-container-service-0.5.0-SNAPSHOT.jar!/webapps/static,UNAVAILABLE}
2019-10-17 07:10:39,994 [a4e5d14e-95af-4d1f-b670-5b1c42084e26@group-A2172F2EE55F-StateMachineUpdater] INFO  impl.StateMachineUpdater (StateMachineUpdater.java:lambda$new$0(84)) - a4e5d14e-95af-4d1f-b670-5b1c42084e26@group-A2172F2EE55F-StateMachineUpdater: snapshotIndex: updateIncreasingly -1 -> 18
2019-10-17 07:10:39,995 [ForkJoinPool.commonPool-worker-0] INFO  handler.ContextHandler (ContextHandler.java:doStop(910)) - Stopped o.e.j.s.ServletContextHandler@767a014e{/logs,file:///workdir/hadoop-ozone/integration-test/target/log,UNAVAILABLE}
2019-10-17 07:10:39,999 [a4e5d14e-95af-4d1f-b670-5b1c42084e26@group-A2172F2EE55F-StateMachineUpdater] INFO  ratis.ContainerStateMachine (ContainerStateMachine.java:takeSnapshot(294)) - group-A2172F2EE55F: Taking a snapshot at:(t:3, i:18) file /workdir/hadoop-ozone/integration-test/target/test-dir/MiniOzoneClusterImpl-ef926406-3935-4524-95f5-43adee877df5/datanode-5/data/ratis/d4cc5d64-8e05-478c-a8bd-a2172f2ee55f/sm/snapshot.3_18
2019-10-17 07:10:40,000 [Thread-2048] INFO  impl.FollowerState (FollowerState.java:run(108)) - 5c4ee31d-c5ed-4c65-a5df-da3e3cf53ac2@group-233C052D78D6-FollowerState: change to CANDIDATE, lastRpcTime:124ms, electionTimeout:124ms
2019-10-17 07:10:40,000 [Thread-2048] INFO  impl.RoleInfo (RoleInfo.java:shutdownFollowerState(121)) - 5c4ee31d-c5ed-4c65-a5df-da3e3cf53ac2: shutdown FollowerState
2019-10-17 07:10:40,000 [Thread-2048] INFO  impl.RaftServerImpl (RaftServerImpl.java:setRole(184)) - 5c4ee31d-c5ed-4c65-a5df-da3e3cf53ac2@group-233C052D78D6: changes role from  FOLLOWER to CANDIDATE at term 130 for changeToCandidate
2019-10-17 07:10:40,000 [Thread-2048] INFO  impl.RoleInfo (RoleInfo.java:updateAndGet(143)) - 5c4ee31d-c5ed-4c65-a5df-da3e3cf53ac2: start LeaderElection
2019-10-17 07:10:40,012 [a4e5d14e-95af-4d1f-b670-5b1c42084e26@group-A2172F2EE55F-StateMachineUpdater] INFO  ratis.ContainerStateMachine (ContainerStateMachine.java:takeSnapshot(305)) - group-A2172F2EE55F: Finished taking a snapshot at:(t:3, i:18) file:/workdir/hadoop-ozone/integration-test/target/test-dir/MiniOzoneClusterImpl-ef926406-3935-4524-95f5-43adee877df5/datanode-5/data/ratis/d4cc5d64-8e05-478c-a8bd-a2172f2ee55f/sm/snapshot.3_18 time:13
2019-10-17 07:10:40,012 [5c4ee31d-c5ed-4c65-a5df-da3e3cf53ac2@group-233C052D78D6-LeaderElection249] INFO  impl.LeaderElection (LeaderElection.java:askForVotes(178)) - 5c4ee31d-c5ed-4c65-a5df-da3e3cf53ac2@group-233C052D78D6-LeaderElection249: begin an election at term 131 for -1: [67ae3572-7d88-4e50-b53b-0f48f6748b38:192.168.157.211:41299, 831edaa1-80a5-4091-843f-90c648a5a79d:192.168.157.211:44365, 5c4ee31d-c5ed-4c65-a5df-da3e3cf53ac2:192.168.157.211:45059], old=null
2019-10-17 07:10:40,012 [a4e5d14e-95af-4d1f-b670-5b1c42084e26@group-A2172F2EE55F-StateMachineUpdater] INFO  impl.StateMachineUpdater (StateMachineUpdater.java:takeSnapshot(269)) - a4e5d14e-95af-4d1f-b670-5b1c42084e26@group-A2172F2EE55F-StateMachineUpdater: Took a snapshot at index 18
2019-10-17 07:10:40,012 [a4e5d14e-95af-4d1f-b670-5b1c42084e26@group-A2172F2EE55F-StateMachineUpdater] INFO  impl.StateMachineUpdater (StateMachineUpdater.java:lambda$new$0(84)) - a4e5d14e-95af-4d1f-b670-5b1c42084e26@group-A2172F2EE55F-StateMachineUpdater: snapshotIndex: updateIncreasingly 18 -> 18
2019-10-17 07:10:40,013 [main] INFO  impl.RaftServerImpl (ServerState.java:close(388)) - a4e5d14e-95af-4d1f-b670-5b1c42084e26@group-A2172F2EE55F: closes. applyIndex: 20
2019-10-17 07:10:40,013 [a4e5d14e-95af-4d1f-b670-5b1c42084e26@group-A2172F2EE55F-SegmentedRaftLogWorker] INFO  segmented.SegmentedRaftLogWorker (SegmentedRaftLogWorker.java:run(316)) - a4e5d14e-95af-4d1f-b670-5b1c42084e26@group-A2172F2EE55F-SegmentedRaftLogWorker was interrupted, exiting. There are 0 tasks remaining in the queue.
2019-10-17 07:10:40,015 [main] INFO  segmented.SegmentedRaftLogWorker (SegmentedRaftLogWorker.java:close(224)) - a4e5d14e-95af-4d1f-b670-5b1c42084e26@group-A2172F2EE55F-SegmentedRaftLogWorker close()
2019-10-17 07:10:40,017 [main] INFO  server.GrpcService (GrpcService.java:closeImpl(164)) - a4e5d14e-95af-4d1f-b670-5b1c42084e26: shutdown server with port 46333 now
2019-10-17 07:10:40,017 [grpc-default-executor-4] INFO  impl.RaftServerImpl (RaftServerImpl.java:setRole(184)) - 67ae3572-7d88-4e50-b53b-0f48f6748b38@group-233C052D78D6: changes role from  FOLLOWER to FOLLOWER at term 131 for recognizeCandidate:5c4ee31d-c5ed-4c65-a5df-da3e3cf53ac2
2019-10-17 07:10:40,019 [grpc-default-executor-4] INFO  impl.RoleInfo (RoleInfo.java:shutdownFollowerState(121)) - 67ae3572-7d88-4e50-b53b-0f48f6748b38: shutdown FollowerState
2019-10-17 07:10:40,019 [grpc-default-executor-4] INFO  impl.RoleInfo (RoleInfo.java:updateAndGet(143)) - 67ae3572-7d88-4e50-b53b-0f48f6748b38: start FollowerState
2019-10-17 07:10:40,017 [grpc-default-executor-3] INFO  impl.RaftServerImpl (RaftServerImpl.java:setRole(184)) - 831edaa1-80a5-4091-843f-90c648a5a79d@group-233C052D78D6: changes role from  FOLLOWER to FOLLOWER at term 131 for recognizeCandidate:5c4ee31d-c5ed-4c65-a5df-da3e3cf53ac2
2019-10-17 07:10:40,027 [grpc-default-executor-3] INFO  impl.RoleInfo (RoleInfo.java:shutdownFollowerState(121)) - 831edaa1-80a5-4091-843f-90c648a5a79d: shutdown FollowerState
2019-10-17 07:10:40,019 [Thread-2044] INFO  impl.FollowerState (FollowerState.java:run(117)) - 67ae3572-7d88-4e50-b53b-0f48f6748b38@group-233C052D78D6-FollowerState was interrupted: java.lang.InterruptedException: sleep interrupted
2019-10-17 07:10:40,027 [Thread-2045] INFO  impl.FollowerState (FollowerState.java:run(117)) - 831edaa1-80a5-4091-843f-90c648a5a79d@group-233C052D78D6-FollowerState was interrupted: java.lang.InterruptedException: sleep interrupted
2019-10-17 07:10:40,027 [grpc-default-executor-3] INFO  impl.RoleInfo (RoleInfo.java:updateAndGet(143)) - 831edaa1-80a5-4091-843f-90c648a5a79d: start FollowerState
2019-10-17 07:10:40,029 [grpc-default-executor-9] WARN  server.GrpcServerProtocolService (LogUtils.java:warn(134)) - a4e5d14e-95af-4d1f-b670-5b1c42084e26: installSnapshot onError, lastRequest: d31fb603-bc45-4cd2-bfc5-2ee103695b2e->a4e5d14e-95af-4d1f-b670-5b1c42084e26#50-t3, previous=(t:3, i:20), leaderCommit=20, initializing? false, entries: <empty>: org.apache.ratis.thirdparty.io.grpc.StatusRuntimeException: CANCELLED: cancelled before receiving half close
2019-10-17 07:10:40,030 [main] INFO  server.GrpcService (GrpcService.java:closeImpl(172)) - a4e5d14e-95af-4d1f-b670-5b1c42084e26: shutdown server with port 46333 successfully
2019-10-17 07:10:40,032 [grpc-default-executor-7] WARN  server.GrpcLogAppender (LogUtils.java:warn(134)) - d31fb603-bc45-4cd2-bfc5-2ee103695b2e@group-A2172F2EE55F->a4e5d14e-95af-4d1f-b670-5b1c42084e26-AppendLogResponseHandler: Failed appendEntries: org.apache.ratis.thirdparty.io.grpc.StatusRuntimeException: CANCELLED: HTTP/2 error code: CANCEL
Received Rst Stream
2019-10-17 07:10:40,033 [refreshUsed-/workdir/hadoop-ozone/integration-test/target/test-dir/MiniOzoneClusterImpl-ef926406-3935-4524-95f5-43adee877df5/datanode-5/data/containers] WARN  fs.CachingGetSpaceUsed (CachingGetSpaceUsed.java:run(183)) - Thread Interrupted waiting to refresh disk information: sleep interrupted
2019-10-17 07:10:40,041 [5c4ee31d-c5ed-4c65-a5df-da3e3cf53ac2@group-233C052D78D6-LeaderElection249] INFO  impl.LeaderElection (LeaderElection.java:logAndReturn(56)) - 5c4ee31d-c5ed-4c65-a5df-da3e3cf53ac2@group-233C052D78D6-LeaderElection249: Election REJECTED; received 2 response(s) [5c4ee31d-c5ed-4c65-a5df-da3e3cf53ac2<-67ae3572-7d88-4e50-b53b-0f48f6748b38#0:FAIL-t131, 5c4ee31d-c5ed-4c65-a5df-da3e3cf53ac2<-831edaa1-80a5-4091-843f-90c648a5a79d#0:FAIL-t131] and 0 exception(s); 5c4ee31d-c5ed-4c65-a5df-da3e3cf53ac2@group-233C052D78D6:t131, leader=null, voted=5c4ee31d-c5ed-4c65-a5df-da3e3cf53ac2, raftlog=5c4ee31d-c5ed-4c65-a5df-da3e3cf53ac2@group-233C052D78D6-SegmentedRaftLog:OPENED:c-1,f-1,i0, conf=-1: [67ae3572-7d88-4e50-b53b-0f48f6748b38:192.168.157.211:41299, 831edaa1-80a5-4091-843f-90c648a5a79d:192.168.157.211:44365, 5c4ee31d-c5ed-4c65-a5df-da3e3cf53ac2:192.168.157.211:45059], old=null
2019-10-17 07:10:40,042 [5c4ee31d-c5ed-4c65-a5df-da3e3cf53ac2@group-233C052D78D6-LeaderElection249] INFO  impl.RaftServerImpl (RaftServerImpl.java:setRole(184)) - 5c4ee31d-c5ed-4c65-a5df-da3e3cf53ac2@group-233C052D78D6: changes role from CANDIDATE to FOLLOWER at term 131 for DISCOVERED_A_NEW_TERM
2019-10-17 07:10:40,042 [5c4ee31d-c5ed-4c65-a5df-da3e3cf53ac2@group-233C052D78D6-LeaderElection249] INFO  impl.RoleInfo (RoleInfo.java:shutdownLeaderElection(134)) - 5c4ee31d-c5ed-4c65-a5df-da3e3cf53ac2: shutdown LeaderElection
2019-10-17 07:10:40,042 [5c4ee31d-c5ed-4c65-a5df-da3e3cf53ac2@group-233C052D78D6-LeaderElection249] INFO  impl.RoleInfo (RoleInfo.java:updateAndGet(143)) - 5c4ee31d-c5ed-4c65-a5df-da3e3cf53ac2: start FollowerState
2019-10-17 07:10:40,050 [main] INFO  utils.BackgroundService (BackgroundService.java:shutdown(151)) - Shutting down service BlockDeletingService
2019-10-17 07:10:40,054 [main] INFO  statemachine.DatanodeStateMachine (DatanodeStateMachine.java:stopDaemon(395)) - Ozone container server stopped.
2019-10-17 07:10:40,055 [main] INFO  handler.ContextHandler (ContextHandler.java:doStop(910)) - Stopped o.e.j.w.WebAppContext@715b886f{/,null,UNAVAILABLE}{/hddsDatanode}
2019-10-17 07:10:40,055 [main] INFO  server.AbstractConnector (AbstractConnector.java:doStop(318)) - Stopped ServerConnector@7fb29ca9{HTTP/1.1,[http/1.1]}{0.0.0.0:0}
2019-10-17 07:10:40,055 [main] INFO  handler.ContextHandler (ContextHandler.java:doStop(910)) - Stopped o.e.j.s.ServletContextHandler@4c1bdcc2{/static,jar:file:/home/user/.m2/repository/org/apache/hadoop/hadoop-hdds-container-service/0.5.0-SNAPSHOT/hadoop-hdds-container-service-0.5.0-SNAPSHOT.jar!/webapps/static,UNAVAILABLE}
2019-10-17 07:10:40,056 [main] INFO  handler.ContextHandler (ContextHandler.java:doStop(910)) - Stopped o.e.j.s.ServletContextHandler@1305c126{/logs,file:///workdir/hadoop-ozone/integration-test/target/log,UNAVAILABLE}
2019-10-17 07:10:40,124 [Thread-2063] INFO  impl.FollowerState (FollowerState.java:run(108)) - 5c4ee31d-c5ed-4c65-a5df-da3e3cf53ac2@group-233C052D78D6-FollowerState: change to CANDIDATE, lastRpcTime:81ms, electionTimeout:81ms
2019-10-17 07:10:40,124 [Thread-2063] INFO  impl.RoleInfo (RoleInfo.java:shutdownFollowerState(121)) - 5c4ee31d-c5ed-4c65-a5df-da3e3cf53ac2: shutdown FollowerState
2019-10-17 07:10:40,124 [Thread-2063] INFO  impl.RaftServerImpl (RaftServerImpl.java:setRole(184)) - 5c4ee31d-c5ed-4c65-a5df-da3e3cf53ac2@group-233C052D78D6: changes role from  FOLLOWER to CANDIDATE at term 131 for changeToCandidate
2019-10-17 07:10:40,124 [Thread-2063] INFO  impl.RoleInfo (RoleInfo.java:updateAndGet(143)) - 5c4ee31d-c5ed-4c65-a5df-da3e3cf53ac2: start LeaderElection
2019-10-17 07:10:40,132 [Thread-2057] INFO  impl.FollowerState (FollowerState.java:run(108)) - decc5551-dd4b-40dc-8ff5-b6b450d67f6f@group-42ACBF6EBE4E-FollowerState: change to CANDIDATE, lastRpcTime:163ms, electionTimeout:163ms
2019-10-17 07:10:40,133 [Thread-2057] INFO  impl.RoleInfo (RoleInfo.java:shutdownFollowerState(121)) - decc5551-dd4b-40dc-8ff5-b6b450d67f6f: shutdown FollowerState
2019-10-17 07:10:40,133 [Thread-2057] INFO  impl.RaftServerImpl (RaftServerImpl.java:setRole(184)) - decc5551-dd4b-40dc-8ff5-b6b450d67f6f@group-42ACBF6EBE4E: changes role from  FOLLOWER to CANDIDATE at term 130 for changeToCandidate
2019-10-17 07:10:40,133 [Thread-2057] INFO  impl.RoleInfo (RoleInfo.java:updateAndGet(143)) - decc5551-dd4b-40dc-8ff5-b6b450d67f6f: start LeaderElection
2019-10-17 07:10:40,139 [5c4ee31d-c5ed-4c65-a5df-da3e3cf53ac2@group-233C052D78D6-LeaderElection250] INFO  impl.LeaderElection (LeaderElection.java:askForVotes(178)) - 5c4ee31d-c5ed-4c65-a5df-da3e3cf53ac2@group-233C052D78D6-LeaderElection250: begin an election at term 132 for -1: [67ae3572-7d88-4e50-b53b-0f48f6748b38:192.168.157.211:41299, 831edaa1-80a5-4091-843f-90c648a5a79d:192.168.157.211:44365, 5c4ee31d-c5ed-4c65-a5df-da3e3cf53ac2:192.168.157.211:45059], old=null
2019-10-17 07:10:40,139 [decc5551-dd4b-40dc-8ff5-b6b450d67f6f@group-42ACBF6EBE4E-LeaderElection251] INFO  impl.LeaderElection (LeaderElection.java:askForVotes(178)) - decc5551-dd4b-40dc-8ff5-b6b450d67f6f@group-42ACBF6EBE4E-LeaderElection251: begin an election at term 131 for -1: [215fceca-0555-458b-bc4f-ba38ff24d5ba:192.168.157.211:43803, decc5551-dd4b-40dc-8ff5-b6b450d67f6f:192.168.157.211:34435, 0c631657-10a5-4e2a-a322-8fc6c651b2ed:192.168.157.211:41694], old=null
2019-10-17 07:10:40,142 [grpc-default-executor-3] INFO  impl.RaftServerImpl (RaftServerImpl.java:setRole(184)) - 67ae3572-7d88-4e50-b53b-0f48f6748b38@group-233C052D78D6: changes role from  FOLLOWER to FOLLOWER at term 132 for recognizeCandidate:5c4ee31d-c5ed-4c65-a5df-da3e3cf53ac2
2019-10-17 07:10:40,142 [grpc-default-executor-3] INFO  impl.RoleInfo (RoleInfo.java:shutdownFollowerState(121)) - 67ae3572-7d88-4e50-b53b-0f48f6748b38: shutdown FollowerState
2019-10-17 07:10:40,142 [grpc-default-executor-7] INFO  impl.RaftServerImpl (RaftServerImpl.java:setRole(184)) - 0c631657-10a5-4e2a-a322-8fc6c651b2ed@group-42ACBF6EBE4E: changes role from  FOLLOWER to FOLLOWER at term 131 for recognizeCandidate:decc5551-dd4b-40dc-8ff5-b6b450d67f6f
2019-10-17 07:10:40,142 [Thread-2061] INFO  impl.FollowerState (FollowerState.java:run(117)) - 67ae3572-7d88-4e50-b53b-0f48f6748b38@group-233C052D78D6-FollowerState was interrupted: java.lang.InterruptedException: sleep interrupted
2019-10-17 07:10:40,142 [grpc-default-executor-3] INFO  impl.RoleInfo (RoleInfo.java:updateAndGet(143)) - 67ae3572-7d88-4e50-b53b-0f48f6748b38: start FollowerState
2019-10-17 07:10:40,143 [grpc-default-executor-7] INFO  impl.RoleInfo (RoleInfo.java:shutdownFollowerState(121)) - 0c631657-10a5-4e2a-a322-8fc6c651b2ed: shutdown FollowerState
2019-10-17 07:10:40,143 [grpc-default-executor-4] INFO  impl.RaftServerImpl (RaftServerImpl.java:setRole(184)) - 831edaa1-80a5-4091-843f-90c648a5a79d@group-233C052D78D6: changes role from  FOLLOWER to FOLLOWER at term 132 for recognizeCandidate:5c4ee31d-c5ed-4c65-a5df-da3e3cf53ac2
2019-10-17 07:10:40,143 [Thread-2056] INFO  impl.FollowerState (FollowerState.java:run(117)) - 0c631657-10a5-4e2a-a322-8fc6c651b2ed@group-42ACBF6EBE4E-FollowerState was interrupted: java.lang.InterruptedException: sleep interrupted
2019-10-17 07:10:40,143 [grpc-default-executor-7] INFO  impl.RoleInfo (RoleInfo.java:updateAndGet(143)) - 0c631657-10a5-4e2a-a322-8fc6c651b2ed: start FollowerState
2019-10-17 07:10:40,143 [grpc-default-executor-4] INFO  impl.RoleInfo (RoleInfo.java:shutdownFollowerState(121)) - 831edaa1-80a5-4091-843f-90c648a5a79d: shutdown FollowerState
2019-10-17 07:10:40,144 [grpc-default-executor-9] INFO  impl.RaftServerImpl (RaftServerImpl.java:setRole(184)) - 215fceca-0555-458b-bc4f-ba38ff24d5ba@group-42ACBF6EBE4E: changes role from  FOLLOWER to FOLLOWER at term 131 for recognizeCandidate:decc5551-dd4b-40dc-8ff5-b6b450d67f6f
2019-10-17 07:10:40,144 [Thread-2062] INFO  impl.FollowerState (FollowerState.java:run(117)) - 831edaa1-80a5-4091-843f-90c648a5a79d@group-233C052D78D6-FollowerState was interrupted: java.lang.InterruptedException: sleep interrupted
2019-10-17 07:10:40,144 [grpc-default-executor-4] INFO  impl.RoleInfo (RoleInfo.java:updateAndGet(143)) - 831edaa1-80a5-4091-843f-90c648a5a79d: start FollowerState
2019-10-17 07:10:40,144 [grpc-default-executor-9] INFO  impl.RoleInfo (RoleInfo.java:shutdownFollowerState(121)) - 215fceca-0555-458b-bc4f-ba38ff24d5ba: shutdown FollowerState
2019-10-17 07:10:40,145 [grpc-default-executor-9] INFO  impl.RoleInfo (RoleInfo.java:updateAndGet(143)) - 215fceca-0555-458b-bc4f-ba38ff24d5ba: start FollowerState
2019-10-17 07:10:40,145 [Thread-2055] INFO  impl.FollowerState (FollowerState.java:run(117)) - 215fceca-0555-458b-bc4f-ba38ff24d5ba@group-42ACBF6EBE4E-FollowerState was interrupted: java.lang.InterruptedException: sleep interrupted
2019-10-17 07:10:40,158 [5c4ee31d-c5ed-4c65-a5df-da3e3cf53ac2@group-233C052D78D6-LeaderElection250] INFO  impl.LeaderElection (LeaderElection.java:logAndReturn(56)) - 5c4ee31d-c5ed-4c65-a5df-da3e3cf53ac2@group-233C052D78D6-LeaderElection250: Election REJECTED; received 2 response(s) [5c4ee31d-c5ed-4c65-a5df-da3e3cf53ac2<-67ae3572-7d88-4e50-b53b-0f48f6748b38#0:FAIL-t132, 5c4ee31d-c5ed-4c65-a5df-da3e3cf53ac2<-831edaa1-80a5-4091-843f-90c648a5a79d#0:FAIL-t132] and 0 exception(s); 5c4ee31d-c5ed-4c65-a5df-da3e3cf53ac2@group-233C052D78D6:t132, leader=null, voted=5c4ee31d-c5ed-4c65-a5df-da3e3cf53ac2, raftlog=5c4ee31d-c5ed-4c65-a5df-da3e3cf53ac2@group-233C052D78D6-SegmentedRaftLog:OPENED:c-1,f-1,i0, conf=-1: [67ae3572-7d88-4e50-b53b-0f48f6748b38:192.168.157.211:41299, 831edaa1-80a5-4091-843f-90c648a5a79d:192.168.157.211:44365, 5c4ee31d-c5ed-4c65-a5df-da3e3cf53ac2:192.168.157.211:45059], old=null
2019-10-17 07:10:40,158 [5c4ee31d-c5ed-4c65-a5df-da3e3cf53ac2@group-233C052D78D6-LeaderElection250] INFO  impl.RaftServerImpl (RaftServerImpl.java:setRole(184)) - 5c4ee31d-c5ed-4c65-a5df-da3e3cf53ac2@group-233C052D78D6: changes role from CANDIDATE to FOLLOWER at term 132 for DISCOVERED_A_NEW_TERM
2019-10-17 07:10:40,158 [decc5551-dd4b-40dc-8ff5-b6b450d67f6f@group-42ACBF6EBE4E-LeaderElection251] INFO  impl.LeaderElection (LeaderElection.java:logAndReturn(56)) - decc5551-dd4b-40dc-8ff5-b6b450d67f6f@group-42ACBF6EBE4E-LeaderElection251: Election REJECTED; received 2 response(s) [decc5551-dd4b-40dc-8ff5-b6b450d67f6f<-215fceca-0555-458b-bc4f-ba38ff24d5ba#0:FAIL-t131, decc5551-dd4b-40dc-8ff5-b6b450d67f6f<-0c631657-10a5-4e2a-a322-8fc6c651b2ed#0:FAIL-t131] and 0 exception(s); decc5551-dd4b-40dc-8ff5-b6b450d67f6f@group-42ACBF6EBE4E:t131, leader=null, voted=decc5551-dd4b-40dc-8ff5-b6b450d67f6f, raftlog=decc5551-dd4b-40dc-8ff5-b6b450d67f6f@group-42ACBF6EBE4E-SegmentedRaftLog:OPENED:c-1,f-1,i0, conf=-1: [215fceca-0555-458b-bc4f-ba38ff24d5ba:192.168.157.211:43803, decc5551-dd4b-40dc-8ff5-b6b450d67f6f:192.168.157.211:34435, 0c631657-10a5-4e2a-a322-8fc6c651b2ed:192.168.157.211:41694], old=null
2019-10-17 07:10:40,158 [5c4ee31d-c5ed-4c65-a5df-da3e3cf53ac2@group-233C052D78D6-LeaderElection250] INFO  impl.RoleInfo (RoleInfo.java:shutdownLeaderElection(134)) - 5c4ee31d-c5ed-4c65-a5df-da3e3cf53ac2: shutdown LeaderElection
2019-10-17 07:10:40,158 [decc5551-dd4b-40dc-8ff5-b6b450d67f6f@group-42ACBF6EBE4E-LeaderElection251] INFO  impl.RaftServerImpl (RaftServerImpl.java:setRole(184)) - decc5551-dd4b-40dc-8ff5-b6b450d67f6f@group-42ACBF6EBE4E: changes role from CANDIDATE to FOLLOWER at term 131 for DISCOVERED_A_NEW_TERM
2019-10-17 07:10:40,158 [5c4ee31d-c5ed-4c65-a5df-da3e3cf53ac2@group-233C052D78D6-LeaderElection250] INFO  impl.RoleInfo (RoleInfo.java:updateAndGet(143)) - 5c4ee31d-c5ed-4c65-a5df-da3e3cf53ac2: start FollowerState
2019-10-17 07:10:40,159 [decc5551-dd4b-40dc-8ff5-b6b450d67f6f@group-42ACBF6EBE4E-LeaderElection251] INFO  impl.RoleInfo (RoleInfo.java:shutdownLeaderElection(134)) - decc5551-dd4b-40dc-8ff5-b6b450d67f6f: shutdown LeaderElection
2019-10-17 07:10:40,159 [decc5551-dd4b-40dc-8ff5-b6b450d67f6f@group-42ACBF6EBE4E-LeaderElection251] INFO  impl.RoleInfo (RoleInfo.java:updateAndGet(143)) - decc5551-dd4b-40dc-8ff5-b6b450d67f6f: start FollowerState
2019-10-17 07:10:40,233 [Thread-2075] INFO  impl.FollowerState (FollowerState.java:run(108)) - 5c4ee31d-c5ed-4c65-a5df-da3e3cf53ac2@group-233C052D78D6-FollowerState: change to CANDIDATE, lastRpcTime:74ms, electionTimeout:74ms
2019-10-17 07:10:40,233 [Thread-2075] INFO  impl.RoleInfo (RoleInfo.java:shutdownFollowerState(121)) - 5c4ee31d-c5ed-4c65-a5df-da3e3cf53ac2: shutdown FollowerState
2019-10-17 07:10:40,233 [Thread-2075] INFO  impl.RaftServerImpl (RaftServerImpl.java:setRole(184)) - 5c4ee31d-c5ed-4c65-a5df-da3e3cf53ac2@group-233C052D78D6: changes role from  FOLLOWER to CANDIDATE at term 132 for changeToCandidate
2019-10-17 07:10:40,234 [Thread-2075] INFO  impl.RoleInfo (RoleInfo.java:updateAndGet(143)) - 5c4ee31d-c5ed-4c65-a5df-da3e3cf53ac2: start LeaderElection
2019-10-17 07:10:40,241 [5c4ee31d-c5ed-4c65-a5df-da3e3cf53ac2@group-233C052D78D6-LeaderElection252] INFO  impl.LeaderElection (LeaderElection.java:askForVotes(178)) - 5c4ee31d-c5ed-4c65-a5df-da3e3cf53ac2@group-233C052D78D6-LeaderElection252: begin an election at term 133 for -1: [67ae3572-7d88-4e50-b53b-0f48f6748b38:192.168.157.211:41299, 831edaa1-80a5-4091-843f-90c648a5a79d:192.168.157.211:44365, 5c4ee31d-c5ed-4c65-a5df-da3e3cf53ac2:192.168.157.211:45059], old=null
2019-10-17 07:10:40,244 [grpc-default-executor-9] INFO  impl.RaftServerImpl (RaftServerImpl.java:setRole(184)) - 67ae3572-7d88-4e50-b53b-0f48f6748b38@group-233C052D78D6: changes role from  FOLLOWER to FOLLOWER at term 133 for recognizeCandidate:5c4ee31d-c5ed-4c65-a5df-da3e3cf53ac2
2019-10-17 07:10:40,244 [grpc-default-executor-9] INFO  impl.RoleInfo (RoleInfo.java:shutdownFollowerState(121)) - 67ae3572-7d88-4e50-b53b-0f48f6748b38: shutdown FollowerState
2019-10-17 07:10:40,244 [grpc-default-executor-9] INFO  impl.RoleInfo (RoleInfo.java:updateAndGet(143)) - 67ae3572-7d88-4e50-b53b-0f48f6748b38: start FollowerState
2019-10-17 07:10:40,244 [Thread-2071] INFO  impl.FollowerState (FollowerState.java:run(117)) - 67ae3572-7d88-4e50-b53b-0f48f6748b38@group-233C052D78D6-FollowerState was interrupted: java.lang.InterruptedException: sleep interrupted
2019-10-17 07:10:40,245 [grpc-default-executor-4] INFO  impl.RaftServerImpl (RaftServerImpl.java:setRole(184)) - 831edaa1-80a5-4091-843f-90c648a5a79d@group-233C052D78D6: changes role from  FOLLOWER to FOLLOWER at term 133 for recognizeCandidate:5c4ee31d-c5ed-4c65-a5df-da3e3cf53ac2
2019-10-17 07:10:40,245 [grpc-default-executor-4] INFO  impl.RoleInfo (RoleInfo.java:shutdownFollowerState(121)) - 831edaa1-80a5-4091-843f-90c648a5a79d: shutdown FollowerState
2019-10-17 07:10:40,245 [grpc-default-executor-4] INFO  impl.RoleInfo (RoleInfo.java:updateAndGet(143)) - 831edaa1-80a5-4091-843f-90c648a5a79d: start FollowerState
2019-10-17 07:10:40,245 [Thread-2073] INFO  impl.FollowerState (FollowerState.java:run(117)) - 831edaa1-80a5-4091-843f-90c648a5a79d@group-233C052D78D6-FollowerState was interrupted: java.lang.InterruptedException: sleep interrupted
2019-10-17 07:10:40,259 [5c4ee31d-c5ed-4c65-a5df-da3e3cf53ac2@group-233C052D78D6-LeaderElection252] INFO  impl.LeaderElection (LeaderElection.java:logAndReturn(56)) - 5c4ee31d-c5ed-4c65-a5df-da3e3cf53ac2@group-233C052D78D6-LeaderElection252: Election REJECTED; received 2 response(s) [5c4ee31d-c5ed-4c65-a5df-da3e3cf53ac2<-67ae3572-7d88-4e50-b53b-0f48f6748b38#0:FAIL-t133, 5c4ee31d-c5ed-4c65-a5df-da3e3cf53ac2<-831edaa1-80a5-4091-843f-90c648a5a79d#0:FAIL-t133] and 0 exception(s); 5c4ee31d-c5ed-4c65-a5df-da3e3cf53ac2@group-233C052D78D6:t133, leader=null, voted=5c4ee31d-c5ed-4c65-a5df-da3e3cf53ac2, raftlog=5c4ee31d-c5ed-4c65-a5df-da3e3cf53ac2@group-233C052D78D6-SegmentedRaftLog:OPENED:c-1,f-1,i0, conf=-1: [67ae3572-7d88-4e50-b53b-0f48f6748b38:192.168.157.211:41299, 831edaa1-80a5-4091-843f-90c648a5a79d:192.168.157.211:44365, 5c4ee31d-c5ed-4c65-a5df-da3e3cf53ac2:192.168.157.211:45059], old=null
2019-10-17 07:10:40,260 [5c4ee31d-c5ed-4c65-a5df-da3e3cf53ac2@group-233C052D78D6-LeaderElection252] INFO  impl.RaftServerImpl (RaftServerImpl.java:setRole(184)) - 5c4ee31d-c5ed-4c65-a5df-da3e3cf53ac2@group-233C052D78D6: changes role from CANDIDATE to FOLLOWER at term 133 for DISCOVERED_A_NEW_TERM
2019-10-17 07:10:40,260 [5c4ee31d-c5ed-4c65-a5df-da3e3cf53ac2@group-233C052D78D6-LeaderElection252] INFO  impl.RoleInfo (RoleInfo.java:shutdownLeaderElection(134)) - 5c4ee31d-c5ed-4c65-a5df-da3e3cf53ac2: shutdown LeaderElection
2019-10-17 07:10:40,260 [5c4ee31d-c5ed-4c65-a5df-da3e3cf53ac2@group-233C052D78D6-LeaderElection252] INFO  impl.RoleInfo (RoleInfo.java:updateAndGet(143)) - 5c4ee31d-c5ed-4c65-a5df-da3e3cf53ac2: start FollowerState
2019-10-17 07:10:40,262 [Datanode State Machine Thread - 0] INFO  statemachine.DatanodeStateMachine (DatanodeStateMachine.java:lambda$startDaemon$0(350)) - Ozone container server started.
2019-10-17 07:10:40,270 [Thread-2082] INFO  impl.FollowerState (FollowerState.java:run(108)) - 5c4ee31d-c5ed-4c65-a5df-da3e3cf53ac2@group-233C052D78D6-FollowerState: change to CANDIDATE, lastRpcTime:10ms, electionTimeout:10ms
2019-10-17 07:10:40,270 [Thread-2082] INFO  impl.RoleInfo (RoleInfo.java:shutdownFollowerState(121)) - 5c4ee31d-c5ed-4c65-a5df-da3e3cf53ac2: shutdown FollowerState
2019-10-17 07:10:40,271 [Thread-2082] INFO  impl.RaftServerImpl (RaftServerImpl.java:setRole(184)) - 5c4ee31d-c5ed-4c65-a5df-da3e3cf53ac2@group-233C052D78D6: changes role from  FOLLOWER to CANDIDATE at term 133 for changeToCandidate
2019-10-17 07:10:40,271 [Thread-2082] INFO  impl.RoleInfo (RoleInfo.java:updateAndGet(143)) - 5c4ee31d-c5ed-4c65-a5df-da3e3cf53ac2: start LeaderElection
2019-10-17 07:10:40,285 [5c4ee31d-c5ed-4c65-a5df-da3e3cf53ac2@group-233C052D78D6-LeaderElection253] INFO  impl.LeaderElection (LeaderElection.java:askForVotes(178)) - 5c4ee31d-c5ed-4c65-a5df-da3e3cf53ac2@group-233C052D78D6-LeaderElection253: begin an election at term 134 for -1: [67ae3572-7d88-4e50-b53b-0f48f6748b38:192.168.157.211:41299, 831edaa1-80a5-4091-843f-90c648a5a79d:192.168.157.211:44365, 5c4ee31d-c5ed-4c65-a5df-da3e3cf53ac2:192.168.157.211:45059], old=null
2019-10-17 07:10:40,287 [grpc-default-executor-4] INFO  impl.RaftServerImpl (RaftServerImpl.java:setRole(184)) - 67ae3572-7d88-4e50-b53b-0f48f6748b38@group-233C052D78D6: changes role from  FOLLOWER to FOLLOWER at term 134 for recognizeCandidate:5c4ee31d-c5ed-4c65-a5df-da3e3cf53ac2
2019-10-17 07:10:40,287 [grpc-default-executor-4] INFO  impl.RoleInfo (RoleInfo.java:shutdownFollowerState(121)) - 67ae3572-7d88-4e50-b53b-0f48f6748b38: shutdown FollowerState
2019-10-17 07:10:40,287 [grpc-default-executor-4] INFO  impl.RoleInfo (RoleInfo.java:updateAndGet(143)) - 67ae3572-7d88-4e50-b53b-0f48f6748b38: start FollowerState
2019-10-17 07:10:40,287 [grpc-default-executor-9] INFO  impl.RaftServerImpl (RaftServerImpl.java:setRole(184)) - 831edaa1-80a5-4091-843f-90c648a5a79d@group-233C052D78D6: changes role from  FOLLOWER to FOLLOWER at term 134 for recognizeCandidate:5c4ee31d-c5ed-4c65-a5df-da3e3cf53ac2
2019-10-17 07:10:40,287 [Thread-2080] INFO  impl.FollowerState (FollowerState.java:run(117)) - 67ae3572-7d88-4e50-b53b-0f48f6748b38@group-233C052D78D6-FollowerState was interrupted: java.lang.InterruptedException: sleep interrupted
2019-10-17 07:10:40,287 [grpc-default-executor-9] INFO  impl.RoleInfo (RoleInfo.java:shutdownFollowerState(121)) - 831edaa1-80a5-4091-843f-90c648a5a79d: shutdown FollowerState
2019-10-17 07:10:40,288 [grpc-default-executor-9] INFO  impl.RoleInfo (RoleInfo.java:updateAndGet(143)) - 831edaa1-80a5-4091-843f-90c648a5a79d: start FollowerState
2019-10-17 07:10:40,288 [Thread-2081] INFO  impl.FollowerState (FollowerState.java:run(117)) - 831edaa1-80a5-4091-843f-90c648a5a79d@group-233C052D78D6-FollowerState was interrupted: java.lang.InterruptedException: sleep interrupted
2019-10-17 07:10:40,297 [Thread-2076] INFO  impl.FollowerState (FollowerState.java:run(108)) - decc5551-dd4b-40dc-8ff5-b6b450d67f6f@group-42ACBF6EBE4E-FollowerState: change to CANDIDATE, lastRpcTime:138ms, electionTimeout:138ms
2019-10-17 07:10:40,297 [Thread-2076] INFO  impl.RoleInfo (RoleInfo.java:shutdownFollowerState(121)) - decc5551-dd4b-40dc-8ff5-b6b450d67f6f: shutdown FollowerState
2019-10-17 07:10:40,298 [Thread-2076] INFO  impl.RaftServerImpl (RaftServerImpl.java:setRole(184)) - decc5551-dd4b-40dc-8ff5-b6b450d67f6f@group-42ACBF6EBE4E: changes role from  FOLLOWER to CANDIDATE at term 131 for changeToCandidate
2019-10-17 07:10:40,298 [Thread-2076] INFO  impl.RoleInfo (RoleInfo.java:updateAndGet(143)) - decc5551-dd4b-40dc-8ff5-b6b450d67f6f: start LeaderElection
2019-10-17 07:10:40,303 [5c4ee31d-c5ed-4c65-a5df-da3e3cf53ac2@group-233C052D78D6-LeaderElection253] INFO  impl.LeaderElection (LeaderElection.java:logAndReturn(56)) - 5c4ee31d-c5ed-4c65-a5df-da3e3cf53ac2@group-233C052D78D6-LeaderElection253: Election REJECTED; received 2 response(s) [5c4ee31d-c5ed-4c65-a5df-da3e3cf53ac2<-67ae3572-7d88-4e50-b53b-0f48f6748b38#0:FAIL-t134, 5c4ee31d-c5ed-4c65-a5df-da3e3cf53ac2<-831edaa1-80a5-4091-843f-90c648a5a79d#0:FAIL-t134] and 0 exception(s); 5c4ee31d-c5ed-4c65-a5df-da3e3cf53ac2@group-233C052D78D6:t134, leader=null, voted=5c4ee31d-c5ed-4c65-a5df-da3e3cf53ac2, raftlog=5c4ee31d-c5ed-4c65-a5df-da3e3cf53ac2@group-233C052D78D6-SegmentedRaftLog:OPENED:c-1,f-1,i0, conf=-1: [67ae3572-7d88-4e50-b53b-0f48f6748b38:192.168.157.211:41299, 831edaa1-80a5-4091-843f-90c648a5a79d:192.168.157.211:44365, 5c4ee31d-c5ed-4c65-a5df-da3e3cf53ac2:192.168.157.211:45059], old=null
2019-10-17 07:10:40,303 [decc5551-dd4b-40dc-8ff5-b6b450d67f6f@group-42ACBF6EBE4E-LeaderElection254] INFO  impl.LeaderElection (LeaderElection.java:askForVotes(178)) - decc5551-dd4b-40dc-8ff5-b6b450d67f6f@group-42ACBF6EBE4E-LeaderElection254: begin an election at term 132 for -1: [215fceca-0555-458b-bc4f-ba38ff24d5ba:192.168.157.211:43803, decc5551-dd4b-40dc-8ff5-b6b450d67f6f:192.168.157.211:34435, 0c631657-10a5-4e2a-a322-8fc6c651b2ed:192.168.157.211:41694], old=null
2019-10-17 07:10:40,303 [5c4ee31d-c5ed-4c65-a5df-da3e3cf53ac2@group-233C052D78D6-LeaderElection253] INFO  impl.RaftServerImpl (RaftServerImpl.java:setRole(184)) - 5c4ee31d-c5ed-4c65-a5df-da3e3cf53ac2@group-233C052D78D6: changes role from CANDIDATE to FOLLOWER at term 134 for DISCOVERED_A_NEW_TERM
2019-10-17 07:10:40,303 [5c4ee31d-c5ed-4c65-a5df-da3e3cf53ac2@group-233C052D78D6-LeaderElection253] INFO  impl.RoleInfo (RoleInfo.java:shutdownLeaderElection(134)) - 5c4ee31d-c5ed-4c65-a5df-da3e3cf53ac2: shutdown LeaderElection
2019-10-17 07:10:40,303 [5c4ee31d-c5ed-4c65-a5df-da3e3cf53ac2@group-233C052D78D6-LeaderElection253] INFO  impl.RoleInfo (RoleInfo.java:updateAndGet(143)) - 5c4ee31d-c5ed-4c65-a5df-da3e3cf53ac2: start FollowerState
2019-10-17 07:10:40,305 [grpc-default-executor-9] INFO  impl.RaftServerImpl (RaftServerImpl.java:setRole(184)) - 215fceca-0555-458b-bc4f-ba38ff24d5ba@group-42ACBF6EBE4E: changes role from  FOLLOWER to FOLLOWER at term 132 for recognizeCandidate:decc5551-dd4b-40dc-8ff5-b6b450d67f6f
2019-10-17 07:10:40,305 [grpc-default-executor-9] INFO  impl.RoleInfo (RoleInfo.java:shutdownFollowerState(121)) - 215fceca-0555-458b-bc4f-ba38ff24d5ba: shutdown FollowerState
2019-10-17 07:10:40,305 [grpc-default-executor-4] INFO  impl.RaftServerImpl (RaftServerImpl.java:setRole(184)) - 0c631657-10a5-4e2a-a322-8fc6c651b2ed@group-42ACBF6EBE4E: changes role from  FOLLOWER to FOLLOWER at term 132 for recognizeCandidate:decc5551-dd4b-40dc-8ff5-b6b450d67f6f
2019-10-17 07:10:40,305 [grpc-default-executor-4] INFO  impl.RoleInfo (RoleInfo.java:shutdownFollowerState(121)) - 0c631657-10a5-4e2a-a322-8fc6c651b2ed: shutdown FollowerState
2019-10-17 07:10:40,305 [Thread-2074] INFO  impl.FollowerState (FollowerState.java:run(117)) - 215fceca-0555-458b-bc4f-ba38ff24d5ba@group-42ACBF6EBE4E-FollowerState was interrupted: java.lang.InterruptedException: sleep interrupted
2019-10-17 07:10:40,305 [grpc-default-executor-9] INFO  impl.RoleInfo (RoleInfo.java:updateAndGet(143)) - 215fceca-0555-458b-bc4f-ba38ff24d5ba: start FollowerState
2019-10-17 07:10:40,306 [Thread-2072] INFO  impl.FollowerState (FollowerState.java:run(117)) - 0c631657-10a5-4e2a-a322-8fc6c651b2ed@group-42ACBF6EBE4E-FollowerState was interrupted: java.lang.InterruptedException: sleep interrupted
2019-10-17 07:10:40,305 [grpc-default-executor-4] INFO  impl.RoleInfo (RoleInfo.java:updateAndGet(143)) - 0c631657-10a5-4e2a-a322-8fc6c651b2ed: start FollowerState
2019-10-17 07:10:40,315 [decc5551-dd4b-40dc-8ff5-b6b450d67f6f@group-42ACBF6EBE4E-LeaderElection254] INFO  impl.LeaderElection (LeaderElection.java:logAndReturn(56)) - decc5551-dd4b-40dc-8ff5-b6b450d67f6f@group-42ACBF6EBE4E-LeaderElection254: Election TIMEOUT; received 0 response(s) [] and 0 exception(s); decc5551-dd4b-40dc-8ff5-b6b450d67f6f@group-42ACBF6EBE4E:t132, leader=null, voted=decc5551-dd4b-40dc-8ff5-b6b450d67f6f, raftlog=decc5551-dd4b-40dc-8ff5-b6b450d67f6f@group-42ACBF6EBE4E-SegmentedRaftLog:OPENED:c-1,f-1,i0, conf=-1: [215fceca-0555-458b-bc4f-ba38ff24d5ba:192.168.157.211:43803, decc5551-dd4b-40dc-8ff5-b6b450d67f6f:192.168.157.211:34435, 0c631657-10a5-4e2a-a322-8fc6c651b2ed:192.168.157.211:41694], old=null
2019-10-17 07:10:40,318 [Thread-2090] INFO  impl.FollowerState (FollowerState.java:run(108)) - 5c4ee31d-c5ed-4c65-a5df-da3e3cf53ac2@group-233C052D78D6-FollowerState: change to CANDIDATE, lastRpcTime:14ms, electionTimeout:14ms
2019-10-17 07:10:40,318 [Thread-2090] INFO  impl.RoleInfo (RoleInfo.java:shutdownFollowerState(121)) - 5c4ee31d-c5ed-4c65-a5df-da3e3cf53ac2: shutdown FollowerState
2019-10-17 07:10:40,318 [Thread-2090] INFO  impl.RaftServerImpl (RaftServerImpl.java:setRole(184)) - 5c4ee31d-c5ed-4c65-a5df-da3e3cf53ac2@group-233C052D78D6: changes role from  FOLLOWER to CANDIDATE at term 134 for changeToCandidate
2019-10-17 07:10:40,318 [Thread-2090] INFO  impl.RoleInfo (RoleInfo.java:updateAndGet(143)) - 5c4ee31d-c5ed-4c65-a5df-da3e3cf53ac2: start LeaderElection
2019-10-17 07:10:40,319 [decc5551-dd4b-40dc-8ff5-b6b450d67f6f@group-42ACBF6EBE4E-LeaderElection254] INFO  impl.LeaderElection (LeaderElection.java:askForVotes(178)) - decc5551-dd4b-40dc-8ff5-b6b450d67f6f@group-42ACBF6EBE4E-LeaderElection254: begin an election at term 133 for -1: [215fceca-0555-458b-bc4f-ba38ff24d5ba:192.168.157.211:43803, decc5551-dd4b-40dc-8ff5-b6b450d67f6f:192.168.157.211:34435, 0c631657-10a5-4e2a-a322-8fc6c651b2ed:192.168.157.211:41694], old=null
2019-10-17 07:10:40,322 [5c4ee31d-c5ed-4c65-a5df-da3e3cf53ac2@group-233C052D78D6-LeaderElection255] INFO  impl.LeaderElection (LeaderElection.java:askForVotes(178)) - 5c4ee31d-c5ed-4c65-a5df-da3e3cf53ac2@group-233C052D78D6-LeaderElection255: begin an election at term 135 for -1: [67ae3572-7d88-4e50-b53b-0f48f6748b38:192.168.157.211:41299, 831edaa1-80a5-4091-843f-90c648a5a79d:192.168.157.211:44365, 5c4ee31d-c5ed-4c65-a5df-da3e3cf53ac2:192.168.157.211:45059], old=null
2019-10-17 07:10:40,322 [grpc-default-executor-9] INFO  impl.RaftServerImpl (RaftServerImpl.java:setRole(184)) - 215fceca-0555-458b-bc4f-ba38ff24d5ba@group-42ACBF6EBE4E: changes role from  FOLLOWER to FOLLOWER at term 133 for recognizeCandidate:decc5551-dd4b-40dc-8ff5-b6b450d67f6f
2019-10-17 07:10:40,322 [grpc-default-executor-9] INFO  impl.RoleInfo (RoleInfo.java:shutdownFollowerState(121)) - 215fceca-0555-458b-bc4f-ba38ff24d5ba: shutdown FollowerState
2019-10-17 07:10:40,322 [grpc-default-executor-4] INFO  impl.RaftServerImpl (RaftServerImpl.java:setRole(184)) - 0c631657-10a5-4e2a-a322-8fc6c651b2ed@group-42ACBF6EBE4E: changes role from  FOLLOWER to FOLLOWER at term 133 for recognizeCandidate:decc5551-dd4b-40dc-8ff5-b6b450d67f6f
2019-10-17 07:10:40,322 [grpc-default-executor-4] INFO  impl.RoleInfo (RoleInfo.java:shutdownFollowerState(121)) - 0c631657-10a5-4e2a-a322-8fc6c651b2ed: shutdown FollowerState
2019-10-17 07:10:40,322 [Thread-2092] INFO  impl.FollowerState (FollowerState.java:run(117)) - 215fceca-0555-458b-bc4f-ba38ff24d5ba@group-42ACBF6EBE4E-FollowerState was interrupted: java.lang.InterruptedException: sleep interrupted
2019-10-17 07:10:40,322 [grpc-default-executor-9] INFO  impl.RoleInfo (RoleInfo.java:updateAndGet(143)) - 215fceca-0555-458b-bc4f-ba38ff24d5ba: start FollowerState
2019-10-17 07:10:40,322 [grpc-default-executor-4] INFO  impl.RoleInfo (RoleInfo.java:updateAndGet(143)) - 0c631657-10a5-4e2a-a322-8fc6c651b2ed: start FollowerState
2019-10-17 07:10:40,323 [Thread-2093] INFO  impl.FollowerState (FollowerState.java:run(117)) - 0c631657-10a5-4e2a-a322-8fc6c651b2ed@group-42ACBF6EBE4E-FollowerState was interrupted: java.lang.InterruptedException: sleep interrupted
2019-10-17 07:10:40,324 [grpc-default-executor-7] INFO  impl.RaftServerImpl (RaftServerImpl.java:setRole(184)) - 67ae3572-7d88-4e50-b53b-0f48f6748b38@group-233C052D78D6: changes role from  FOLLOWER to FOLLOWER at term 135 for recognizeCandidate:5c4ee31d-c5ed-4c65-a5df-da3e3cf53ac2
2019-10-17 07:10:40,324 [grpc-default-executor-7] INFO  impl.RoleInfo (RoleInfo.java:shutdownFollowerState(121)) - 67ae3572-7d88-4e50-b53b-0f48f6748b38: shutdown FollowerState
2019-10-17 07:10:40,324 [grpc-default-executor-7] INFO  impl.RoleInfo (RoleInfo.java:updateAndGet(143)) - 67ae3572-7d88-4e50-b53b-0f48f6748b38: start FollowerState
2019-10-17 07:10:40,324 [Thread-2086] INFO  impl.FollowerState (FollowerState.java:run(117)) - 67ae3572-7d88-4e50-b53b-0f48f6748b38@group-233C052D78D6-FollowerState was interrupted: java.lang.InterruptedException: sleep interrupted
2019-10-17 07:10:40,325 [grpc-default-executor-3] INFO  impl.RaftServerImpl (RaftServerImpl.java:setRole(184)) - 831edaa1-80a5-4091-843f-90c648a5a79d@group-233C052D78D6: changes role from  FOLLOWER to FOLLOWER at term 135 for recognizeCandidate:5c4ee31d-c5ed-4c65-a5df-da3e3cf53ac2
2019-10-17 07:10:40,325 [grpc-default-executor-3] INFO  impl.RoleInfo (RoleInfo.java:shutdownFollowerState(121)) - 831edaa1-80a5-4091-843f-90c648a5a79d: shutdown FollowerState
2019-10-17 07:10:40,325 [Thread-2087] INFO  impl.FollowerState (FollowerState.java:run(117)) - 831edaa1-80a5-4091-843f-90c648a5a79d@group-233C052D78D6-FollowerState was interrupted: java.lang.InterruptedException: sleep interrupted
2019-10-17 07:10:40,325 [grpc-default-executor-3] INFO  impl.RoleInfo (RoleInfo.java:updateAndGet(143)) - 831edaa1-80a5-4091-843f-90c648a5a79d: start FollowerState
2019-10-17 07:10:40,327 [decc5551-dd4b-40dc-8ff5-b6b450d67f6f@group-42ACBF6EBE4E-LeaderElection254] INFO  impl.LeaderElection (LeaderElection.java:logAndReturn(56)) - decc5551-dd4b-40dc-8ff5-b6b450d67f6f@group-42ACBF6EBE4E-LeaderElection254: Election TIMEOUT; received 0 response(s) [] and 0 exception(s); decc5551-dd4b-40dc-8ff5-b6b450d67f6f@group-42ACBF6EBE4E:t133, leader=null, voted=decc5551-dd4b-40dc-8ff5-b6b450d67f6f, raftlog=decc5551-dd4b-40dc-8ff5-b6b450d67f6f@group-42ACBF6EBE4E-SegmentedRaftLog:OPENED:c-1,f-1,i0, conf=-1: [215fceca-0555-458b-bc4f-ba38ff24d5ba:192.168.157.211:43803, decc5551-dd4b-40dc-8ff5-b6b450d67f6f:192.168.157.211:34435, 0c631657-10a5-4e2a-a322-8fc6c651b2ed:192.168.157.211:41694], old=null
2019-10-17 07:10:40,336 [decc5551-dd4b-40dc-8ff5-b6b450d67f6f@group-42ACBF6EBE4E-LeaderElection254] INFO  impl.LeaderElection (LeaderElection.java:askForVotes(178)) - decc5551-dd4b-40dc-8ff5-b6b450d67f6f@group-42ACBF6EBE4E-LeaderElection254: begin an election at term 134 for -1: [215fceca-0555-458b-bc4f-ba38ff24d5ba:192.168.157.211:43803, decc5551-dd4b-40dc-8ff5-b6b450d67f6f:192.168.157.211:34435, 0c631657-10a5-4e2a-a322-8fc6c651b2ed:192.168.157.211:41694], old=null
2019-10-17 07:10:40,337 [5c4ee31d-c5ed-4c65-a5df-da3e3cf53ac2@group-233C052D78D6-LeaderElection255] INFO  impl.LeaderElection (LeaderElection.java:logAndReturn(56)) - 5c4ee31d-c5ed-4c65-a5df-da3e3cf53ac2@group-233C052D78D6-LeaderElection255: Election REJECTED; received 2 response(s) [5c4ee31d-c5ed-4c65-a5df-da3e3cf53ac2<-67ae3572-7d88-4e50-b53b-0f48f6748b38#0:FAIL-t135, 5c4ee31d-c5ed-4c65-a5df-da3e3cf53ac2<-831edaa1-80a5-4091-843f-90c648a5a79d#0:FAIL-t135] and 0 exception(s); 5c4ee31d-c5ed-4c65-a5df-da3e3cf53ac2@group-233C052D78D6:t135, leader=null, voted=5c4ee31d-c5ed-4c65-a5df-da3e3cf53ac2, raftlog=5c4ee31d-c5ed-4c65-a5df-da3e3cf53ac2@group-233C052D78D6-SegmentedRaftLog:OPENED:c-1,f-1,i0, conf=-1: [67ae3572-7d88-4e50-b53b-0f48f6748b38:192.168.157.211:41299, 831edaa1-80a5-4091-843f-90c648a5a79d:192.168.157.211:44365, 5c4ee31d-c5ed-4c65-a5df-da3e3cf53ac2:192.168.157.211:45059], old=null
2019-10-17 07:10:40,337 [5c4ee31d-c5ed-4c65-a5df-da3e3cf53ac2@group-233C052D78D6-LeaderElection255] INFO  impl.RaftServerImpl (RaftServerImpl.java:setRole(184)) - 5c4ee31d-c5ed-4c65-a5df-da3e3cf53ac2@group-233C052D78D6: changes role from CANDIDATE to FOLLOWER at term 135 for DISCOVERED_A_NEW_TERM
2019-10-17 07:10:40,337 [5c4ee31d-c5ed-4c65-a5df-da3e3cf53ac2@group-233C052D78D6-LeaderElection255] INFO  impl.RoleInfo (RoleInfo.java:shutdownLeaderElection(134)) - 5c4ee31d-c5ed-4c65-a5df-da3e3cf53ac2: shutdown LeaderElection
2019-10-17 07:10:40,338 [5c4ee31d-c5ed-4c65-a5df-da3e3cf53ac2@group-233C052D78D6-LeaderElection255] INFO  impl.RoleInfo (RoleInfo.java:updateAndGet(143)) - 5c4ee31d-c5ed-4c65-a5df-da3e3cf53ac2: start FollowerState
2019-10-17 07:10:40,339 [grpc-default-executor-9] INFO  impl.RaftServerImpl (RaftServerImpl.java:setRole(184)) - 215fceca-0555-458b-bc4f-ba38ff24d5ba@group-42ACBF6EBE4E: changes role from  FOLLOWER to FOLLOWER at term 134 for recognizeCandidate:decc5551-dd4b-40dc-8ff5-b6b450d67f6f
2019-10-17 07:10:40,339 [grpc-default-executor-9] INFO  impl.RoleInfo (RoleInfo.java:shutdownFollowerState(121)) - 215fceca-0555-458b-bc4f-ba38ff24d5ba: shutdown FollowerState
2019-10-17 07:10:40,339 [grpc-default-executor-9] INFO  impl.RoleInfo (RoleInfo.java:updateAndGet(143)) - 215fceca-0555-458b-bc4f-ba38ff24d5ba: start FollowerState
2019-10-17 07:10:40,339 [Thread-2099] INFO  impl.FollowerState (FollowerState.java:run(117)) - 215fceca-0555-458b-bc4f-ba38ff24d5ba@group-42ACBF6EBE4E-FollowerState was interrupted: java.lang.InterruptedException: sleep interrupted
2019-10-17 07:10:40,339 [grpc-default-executor-4] INFO  impl.RaftServerImpl (RaftServerImpl.java:setRole(184)) - 0c631657-10a5-4e2a-a322-8fc6c651b2ed@group-42ACBF6EBE4E: changes role from  FOLLOWER to FOLLOWER at term 134 for recognizeCandidate:decc5551-dd4b-40dc-8ff5-b6b450d67f6f
2019-10-17 07:10:40,340 [grpc-default-executor-4] INFO  impl.RoleInfo (RoleInfo.java:shutdownFollowerState(121)) - 0c631657-10a5-4e2a-a322-8fc6c651b2ed: shutdown FollowerState
2019-10-17 07:10:40,340 [grpc-default-executor-4] INFO  impl.RoleInfo (RoleInfo.java:updateAndGet(143)) - 0c631657-10a5-4e2a-a322-8fc6c651b2ed: start FollowerState
2019-10-17 07:10:40,340 [Thread-2100] INFO  impl.FollowerState (FollowerState.java:run(117)) - 0c631657-10a5-4e2a-a322-8fc6c651b2ed@group-42ACBF6EBE4E-FollowerState was interrupted: java.lang.InterruptedException: sleep interrupted
2019-10-17 07:10:40,348 [decc5551-dd4b-40dc-8ff5-b6b450d67f6f@group-42ACBF6EBE4E-LeaderElection254] INFO  impl.LeaderElection (LeaderElection.java:logAndReturn(56)) - decc5551-dd4b-40dc-8ff5-b6b450d67f6f@group-42ACBF6EBE4E-LeaderElection254: Election TIMEOUT; received 0 response(s) [] and 0 exception(s); decc5551-dd4b-40dc-8ff5-b6b450d67f6f@group-42ACBF6EBE4E:t134, leader=null, voted=decc5551-dd4b-40dc-8ff5-b6b450d67f6f, raftlog=decc5551-dd4b-40dc-8ff5-b6b450d67f6f@group-42ACBF6EBE4E-SegmentedRaftLog:OPENED:c-1,f-1,i0, conf=-1: [215fceca-0555-458b-bc4f-ba38ff24d5ba:192.168.157.211:43803, decc5551-dd4b-40dc-8ff5-b6b450d67f6f:192.168.157.211:34435, 0c631657-10a5-4e2a-a322-8fc6c651b2ed:192.168.157.211:41694], old=null
2019-10-17 07:10:40,353 [decc5551-dd4b-40dc-8ff5-b6b450d67f6f@group-42ACBF6EBE4E-LeaderElection254] INFO  impl.LeaderElection (LeaderElection.java:askForVotes(178)) - decc5551-dd4b-40dc-8ff5-b6b450d67f6f@group-42ACBF6EBE4E-LeaderElection254: begin an election at term 135 for -1: [215fceca-0555-458b-bc4f-ba38ff24d5ba:192.168.157.211:43803, decc5551-dd4b-40dc-8ff5-b6b450d67f6f:192.168.157.211:34435, 0c631657-10a5-4e2a-a322-8fc6c651b2ed:192.168.157.211:41694], old=null
2019-10-17 07:10:40,355 [grpc-default-executor-4] INFO  impl.RaftServerImpl (RaftServerImpl.java:setRole(184)) - 215fceca-0555-458b-bc4f-ba38ff24d5ba@group-42ACBF6EBE4E: changes role from  FOLLOWER to FOLLOWER at term 135 for recognizeCandidate:decc5551-dd4b-40dc-8ff5-b6b450d67f6f
2019-10-17 07:10:40,355 [grpc-default-executor-4] INFO  impl.RoleInfo (RoleInfo.java:shutdownFollowerState(121)) - 215fceca-0555-458b-bc4f-ba38ff24d5ba: shutdown FollowerState
2019-10-17 07:10:40,356 [grpc-default-executor-4] INFO  impl.RoleInfo (RoleInfo.java:updateAndGet(143)) - 215fceca-0555-458b-bc4f-ba38ff24d5ba: start FollowerState
2019-10-17 07:10:40,356 [Thread-2106] INFO  impl.FollowerState (FollowerState.java:run(117)) - 215fceca-0555-458b-bc4f-ba38ff24d5ba@group-42ACBF6EBE4E-FollowerState was interrupted: java.lang.InterruptedException: sleep interrupted
2019-10-17 07:10:40,356 [grpc-default-executor-9] INFO  impl.RaftServerImpl (RaftServerImpl.java:setRole(184)) - 0c631657-10a5-4e2a-a322-8fc6c651b2ed@group-42ACBF6EBE4E: changes role from  FOLLOWER to FOLLOWER at term 135 for recognizeCandidate:decc5551-dd4b-40dc-8ff5-b6b450d67f6f
2019-10-17 07:10:40,356 [grpc-default-executor-9] INFO  impl.RoleInfo (RoleInfo.java:shutdownFollowerState(121)) - 0c631657-10a5-4e2a-a322-8fc6c651b2ed: shutdown FollowerState
2019-10-17 07:10:40,356 [grpc-default-executor-9] INFO  impl.RoleInfo (RoleInfo.java:updateAndGet(143)) - 0c631657-10a5-4e2a-a322-8fc6c651b2ed: start FollowerState
2019-10-17 07:10:40,356 [Thread-2107] INFO  impl.FollowerState (FollowerState.java:run(117)) - 0c631657-10a5-4e2a-a322-8fc6c651b2ed@group-42ACBF6EBE4E-FollowerState was interrupted: java.lang.InterruptedException: sleep interrupted
2019-10-17 07:10:40,370 [decc5551-dd4b-40dc-8ff5-b6b450d67f6f@group-42ACBF6EBE4E-LeaderElection254] INFO  impl.LeaderElection (LeaderElection.java:logAndReturn(56)) - decc5551-dd4b-40dc-8ff5-b6b450d67f6f@group-42ACBF6EBE4E-LeaderElection254: Election REJECTED; received 2 response(s) [decc5551-dd4b-40dc-8ff5-b6b450d67f6f<-215fceca-0555-458b-bc4f-ba38ff24d5ba#0:FAIL-t135, decc5551-dd4b-40dc-8ff5-b6b450d67f6f<-0c631657-10a5-4e2a-a322-8fc6c651b2ed#0:FAIL-t135] and 0 exception(s); decc5551-dd4b-40dc-8ff5-b6b450d67f6f@group-42ACBF6EBE4E:t135, leader=null, voted=decc5551-dd4b-40dc-8ff5-b6b450d67f6f, raftlog=decc5551-dd4b-40dc-8ff5-b6b450d67f6f@group-42ACBF6EBE4E-SegmentedRaftLog:OPENED:c-1,f-1,i0, conf=-1: [215fceca-0555-458b-bc4f-ba38ff24d5ba:192.168.157.211:43803, decc5551-dd4b-40dc-8ff5-b6b450d67f6f:192.168.157.211:34435, 0c631657-10a5-4e2a-a322-8fc6c651b2ed:192.168.157.211:41694], old=null
2019-10-17 07:10:40,371 [decc5551-dd4b-40dc-8ff5-b6b450d67f6f@group-42ACBF6EBE4E-LeaderElection254] INFO  impl.RaftServerImpl (RaftServerImpl.java:setRole(184)) - decc5551-dd4b-40dc-8ff5-b6b450d67f6f@group-42ACBF6EBE4E: changes role from CANDIDATE to FOLLOWER at term 135 for DISCOVERED_A_NEW_TERM
2019-10-17 07:10:40,371 [decc5551-dd4b-40dc-8ff5-b6b450d67f6f@group-42ACBF6EBE4E-LeaderElection254] INFO  impl.RoleInfo (RoleInfo.java:shutdownLeaderElection(134)) - decc5551-dd4b-40dc-8ff5-b6b450d67f6f: shutdown LeaderElection
2019-10-17 07:10:40,371 [decc5551-dd4b-40dc-8ff5-b6b450d67f6f@group-42ACBF6EBE4E-LeaderElection254] INFO  impl.RoleInfo (RoleInfo.java:updateAndGet(143)) - decc5551-dd4b-40dc-8ff5-b6b450d67f6f: start FollowerState
2019-10-17 07:10:40,413 [Thread-2105] INFO  impl.FollowerState (FollowerState.java:run(108)) - 5c4ee31d-c5ed-4c65-a5df-da3e3cf53ac2@group-233C052D78D6-FollowerState: change to CANDIDATE, lastRpcTime:75ms, electionTimeout:75ms
2019-10-17 07:10:40,413 [Thread-2105] INFO  impl.RoleInfo (RoleInfo.java:shutdownFollowerState(121)) - 5c4ee31d-c5ed-4c65-a5df-da3e3cf53ac2: shutdown FollowerState
2019-10-17 07:10:40,414 [Thread-2105] INFO  impl.RaftServerImpl (RaftServerImpl.java:setRole(184)) - 5c4ee31d-c5ed-4c65-a5df-da3e3cf53ac2@group-233C052D78D6: changes role from  FOLLOWER to CANDIDATE at term 135 for changeToCandidate
2019-10-17 07:10:40,414 [Thread-2105] INFO  impl.RoleInfo (RoleInfo.java:updateAndGet(143)) - 5c4ee31d-c5ed-4c65-a5df-da3e3cf53ac2: start LeaderElection
2019-10-17 07:10:40,416 [Thread-2112] INFO  impl.FollowerState (FollowerState.java:run(108)) - decc5551-dd4b-40dc-8ff5-b6b450d67f6f@group-42ACBF6EBE4E-FollowerState: change to CANDIDATE, lastRpcTime:45ms, electionTimeout:45ms
2019-10-17 07:10:40,417 [Thread-2112] INFO  impl.RoleInfo (RoleInfo.java:shutdownFollowerState(121)) - decc5551-dd4b-40dc-8ff5-b6b450d67f6f: shutdown FollowerState
2019-10-17 07:10:40,417 [Thread-2112] INFO  impl.RaftServerImpl (RaftServerImpl.java:setRole(184)) - decc5551-dd4b-40dc-8ff5-b6b450d67f6f@group-42ACBF6EBE4E: changes role from  FOLLOWER to CANDIDATE at term 135 for changeToCandidate
2019-10-17 07:10:40,417 [Thread-2112] INFO  impl.RoleInfo (RoleInfo.java:updateAndGet(143)) - decc5551-dd4b-40dc-8ff5-b6b450d67f6f: start LeaderElection
2019-10-17 07:10:40,428 [decc5551-dd4b-40dc-8ff5-b6b450d67f6f@group-42ACBF6EBE4E-LeaderElection257] INFO  impl.LeaderElection (LeaderElection.java:askForVotes(178)) - decc5551-dd4b-40dc-8ff5-b6b450d67f6f@group-42ACBF6EBE4E-LeaderElection257: begin an election at term 136 for -1: [215fceca-0555-458b-bc4f-ba38ff24d5ba:192.168.157.211:43803, decc5551-dd4b-40dc-8ff5-b6b450d67f6f:192.168.157.211:34435, 0c631657-10a5-4e2a-a322-8fc6c651b2ed:192.168.157.211:41694], old=null
2019-10-17 07:10:40,428 [5c4ee31d-c5ed-4c65-a5df-da3e3cf53ac2@group-233C052D78D6-LeaderElection256] INFO  impl.LeaderElection (LeaderElection.java:askForVotes(178)) - 5c4ee31d-c5ed-4c65-a5df-da3e3cf53ac2@group-233C052D78D6-LeaderElection256: begin an election at term 136 for -1: [67ae3572-7d88-4e50-b53b-0f48f6748b38:192.168.157.211:41299, 831edaa1-80a5-4091-843f-90c648a5a79d:192.168.157.211:44365, 5c4ee31d-c5ed-4c65-a5df-da3e3cf53ac2:192.168.157.211:45059], old=null
2019-10-17 07:10:40,431 [grpc-default-executor-9] INFO  impl.RaftServerImpl (RaftServerImpl.java:setRole(184)) - 215fceca-0555-458b-bc4f-ba38ff24d5ba@group-42ACBF6EBE4E: changes role from  FOLLOWER to FOLLOWER at term 136 for recognizeCandidate:decc5551-dd4b-40dc-8ff5-b6b450d67f6f
2019-10-17 07:10:40,431 [grpc-default-executor-4] INFO  impl.RaftServerImpl (RaftServerImpl.java:setRole(184)) - 831edaa1-80a5-4091-843f-90c648a5a79d@group-233C052D78D6: changes role from  FOLLOWER to FOLLOWER at term 136 for recognizeCandidate:5c4ee31d-c5ed-4c65-a5df-da3e3cf53ac2
2019-10-17 07:10:40,431 [grpc-default-executor-9] INFO  impl.RoleInfo (RoleInfo.java:shutdownFollowerState(121)) - 215fceca-0555-458b-bc4f-ba38ff24d5ba: shutdown FollowerState
2019-10-17 07:10:40,431 [grpc-default-executor-4] INFO  impl.RoleInfo (RoleInfo.java:shutdownFollowerState(121)) - 831edaa1-80a5-4091-843f-90c648a5a79d: shutdown FollowerState
2019-10-17 07:10:40,432 [grpc-default-executor-9] INFO  impl.RoleInfo (RoleInfo.java:updateAndGet(143)) - 215fceca-0555-458b-bc4f-ba38ff24d5ba: start FollowerState
2019-10-17 07:10:40,432 [Thread-2102] INFO  impl.FollowerState (FollowerState.java:run(117)) - 831edaa1-80a5-4091-843f-90c648a5a79d@group-233C052D78D6-FollowerState was interrupted: java.lang.InterruptedException: sleep interrupted
2019-10-17 07:10:40,432 [grpc-default-executor-3] INFO  impl.RaftServerImpl (RaftServerImpl.java:setRole(184)) - 67ae3572-7d88-4e50-b53b-0f48f6748b38@group-233C052D78D6: changes role from  FOLLOWER to FOLLOWER at term 136 for recognizeCandidate:5c4ee31d-c5ed-4c65-a5df-da3e3cf53ac2
2019-10-17 07:10:40,432 [Thread-2110] INFO  impl.FollowerState (FollowerState.java:run(117)) - 215fceca-0555-458b-bc4f-ba38ff24d5ba@group-42ACBF6EBE4E-FollowerState was interrupted: java.lang.InterruptedException: sleep interrupted
2019-10-17 07:10:40,432 [grpc-default-executor-4] INFO  impl.RoleInfo (RoleInfo.java:updateAndGet(143)) - 831edaa1-80a5-4091-843f-90c648a5a79d: start FollowerState
2019-10-17 07:10:40,432 [grpc-default-executor-3] INFO  impl.RoleInfo (RoleInfo.java:shutdownFollowerState(121)) - 67ae3572-7d88-4e50-b53b-0f48f6748b38: shutdown FollowerState
2019-10-17 07:10:40,433 [grpc-default-executor-3] INFO  impl.RoleInfo (RoleInfo.java:updateAndGet(143)) - 67ae3572-7d88-4e50-b53b-0f48f6748b38: start FollowerState
2019-10-17 07:10:40,433 [Thread-2101] INFO  impl.FollowerState (FollowerState.java:run(117)) - 67ae3572-7d88-4e50-b53b-0f48f6748b38@group-233C052D78D6-FollowerState was interrupted: java.lang.InterruptedException: sleep interrupted
2019-10-17 07:10:40,433 [grpc-default-executor-7] INFO  impl.RaftServerImpl (RaftServerImpl.java:setRole(184)) - 0c631657-10a5-4e2a-a322-8fc6c651b2ed@group-42ACBF6EBE4E: changes role from  FOLLOWER to FOLLOWER at term 136 for recognizeCandidate:decc5551-dd4b-40dc-8ff5-b6b450d67f6f
2019-10-17 07:10:40,433 [grpc-default-executor-7] INFO  impl.RoleInfo (RoleInfo.java:shutdownFollowerState(121)) - 0c631657-10a5-4e2a-a322-8fc6c651b2ed: shutdown FollowerState
2019-10-17 07:10:40,434 [grpc-default-executor-7] INFO  impl.RoleInfo (RoleInfo.java:updateAndGet(143)) - 0c631657-10a5-4e2a-a322-8fc6c651b2ed: start FollowerState
2019-10-17 07:10:40,434 [Thread-2111] INFO  impl.FollowerState (FollowerState.java:run(117)) - 0c631657-10a5-4e2a-a322-8fc6c651b2ed@group-42ACBF6EBE4E-FollowerState was interrupted: java.lang.InterruptedException: sleep interrupted
2019-10-17 07:10:40,447 [5c4ee31d-c5ed-4c65-a5df-da3e3cf53ac2@group-233C052D78D6-LeaderElection256] INFO  impl.LeaderElection (LeaderElection.java:logAndReturn(56)) - 5c4ee31d-c5ed-4c65-a5df-da3e3cf53ac2@group-233C052D78D6-LeaderElection256: Election REJECTED; received 2 response(s) [5c4ee31d-c5ed-4c65-a5df-da3e3cf53ac2<-67ae3572-7d88-4e50-b53b-0f48f6748b38#0:FAIL-t136, 5c4ee31d-c5ed-4c65-a5df-da3e3cf53ac2<-831edaa1-80a5-4091-843f-90c648a5a79d#0:FAIL-t136] and 0 exception(s); 5c4ee31d-c5ed-4c65-a5df-da3e3cf53ac2@group-233C052D78D6:t136, leader=null, voted=5c4ee31d-c5ed-4c65-a5df-da3e3cf53ac2, raftlog=5c4ee31d-c5ed-4c65-a5df-da3e3cf53ac2@group-233C052D78D6-SegmentedRaftLog:OPENED:c-1,f-1,i0, conf=-1: [67ae3572-7d88-4e50-b53b-0f48f6748b38:192.168.157.211:41299, 831edaa1-80a5-4091-843f-90c648a5a79d:192.168.157.211:44365, 5c4ee31d-c5ed-4c65-a5df-da3e3cf53ac2:192.168.157.211:45059], old=null
2019-10-17 07:10:40,447 [decc5551-dd4b-40dc-8ff5-b6b450d67f6f@group-42ACBF6EBE4E-LeaderElection257] INFO  impl.LeaderElection (LeaderElection.java:logAndReturn(56)) - decc5551-dd4b-40dc-8ff5-b6b450d67f6f@group-42ACBF6EBE4E-LeaderElection257: Election REJECTED; received 2 response(s) [decc5551-dd4b-40dc-8ff5-b6b450d67f6f<-215fceca-0555-458b-bc4f-ba38ff24d5ba#0:FAIL-t136, decc5551-dd4b-40dc-8ff5-b6b450d67f6f<-0c631657-10a5-4e2a-a322-8fc6c651b2ed#0:FAIL-t136] and 0 exception(s); decc5551-dd4b-40dc-8ff5-b6b450d67f6f@group-42ACBF6EBE4E:t136, leader=null, voted=decc5551-dd4b-40dc-8ff5-b6b450d67f6f, raftlog=decc5551-dd4b-40dc-8ff5-b6b450d67f6f@group-42ACBF6EBE4E-SegmentedRaftLog:OPENED:c-1,f-1,i0, conf=-1: [215fceca-0555-458b-bc4f-ba38ff24d5ba:192.168.157.211:43803, decc5551-dd4b-40dc-8ff5-b6b450d67f6f:192.168.157.211:34435, 0c631657-10a5-4e2a-a322-8fc6c651b2ed:192.168.157.211:41694], old=null
2019-10-17 07:10:40,447 [5c4ee31d-c5ed-4c65-a5df-da3e3cf53ac2@group-233C052D78D6-LeaderElection256] INFO  impl.RaftServerImpl (RaftServerImpl.java:setRole(184)) - 5c4ee31d-c5ed-4c65-a5df-da3e3cf53ac2@group-233C052D78D6: changes role from CANDIDATE to FOLLOWER at term 136 for DISCOVERED_A_NEW_TERM
2019-10-17 07:10:40,447 [decc5551-dd4b-40dc-8ff5-b6b450d67f6f@group-42ACBF6EBE4E-LeaderElection257] INFO  impl.RaftServerImpl (RaftServerImpl.java:setRole(184)) - decc5551-dd4b-40dc-8ff5-b6b450d67f6f@group-42ACBF6EBE4E: changes role from CANDIDATE to FOLLOWER at term 136 for DISCOVERED_A_NEW_TERM
2019-10-17 07:10:40,447 [decc5551-dd4b-40dc-8ff5-b6b450d67f6f@group-42ACBF6EBE4E-LeaderElection257] INFO  impl.RoleInfo (RoleInfo.java:shutdownLeaderElection(134)) - decc5551-dd4b-40dc-8ff5-b6b450d67f6f: shutdown LeaderElection
2019-10-17 07:10:40,447 [5c4ee31d-c5ed-4c65-a5df-da3e3cf53ac2@group-233C052D78D6-LeaderElection256] INFO  impl.RoleInfo (RoleInfo.java:shutdownLeaderElection(134)) - 5c4ee31d-c5ed-4c65-a5df-da3e3cf53ac2: shutdown LeaderElection
2019-10-17 07:10:40,447 [decc5551-dd4b-40dc-8ff5-b6b450d67f6f@group-42ACBF6EBE4E-LeaderElection257] INFO  impl.RoleInfo (RoleInfo.java:updateAndGet(143)) - decc5551-dd4b-40dc-8ff5-b6b450d67f6f: start FollowerState
2019-10-17 07:10:40,448 [5c4ee31d-c5ed-4c65-a5df-da3e3cf53ac2@group-233C052D78D6-LeaderElection256] INFO  impl.RoleInfo (RoleInfo.java:updateAndGet(143)) - 5c4ee31d-c5ed-4c65-a5df-da3e3cf53ac2: start FollowerState
2019-10-17 07:10:40,451 [Thread-2124] INFO  impl.FollowerState (FollowerState.java:run(108)) - 5c4ee31d-c5ed-4c65-a5df-da3e3cf53ac2@group-233C052D78D6-FollowerState: change to CANDIDATE, lastRpcTime:3ms, electionTimeout:3ms
2019-10-17 07:10:40,451 [Thread-2124] INFO  impl.RoleInfo (RoleInfo.java:shutdownFollowerState(121)) - 5c4ee31d-c5ed-4c65-a5df-da3e3cf53ac2: shutdown FollowerState
2019-10-17 07:10:40,451 [Thread-2124] INFO  impl.RaftServerImpl (RaftServerImpl.java:setRole(184)) - 5c4ee31d-c5ed-4c65-a5df-da3e3cf53ac2@group-233C052D78D6: changes role from  FOLLOWER to CANDIDATE at term 136 for changeToCandidate
2019-10-17 07:10:40,451 [Thread-2124] INFO  impl.RoleInfo (RoleInfo.java:updateAndGet(143)) - 5c4ee31d-c5ed-4c65-a5df-da3e3cf53ac2: start LeaderElection
2019-10-17 07:10:40,465 [5c4ee31d-c5ed-4c65-a5df-da3e3cf53ac2@group-233C052D78D6-LeaderElection258] INFO  impl.LeaderElection (LeaderElection.java:askForVotes(178)) - 5c4ee31d-c5ed-4c65-a5df-da3e3cf53ac2@group-233C052D78D6-LeaderElection258: begin an election at term 137 for -1: [67ae3572-7d88-4e50-b53b-0f48f6748b38:192.168.157.211:41299, 831edaa1-80a5-4091-843f-90c648a5a79d:192.168.157.211:44365, 5c4ee31d-c5ed-4c65-a5df-da3e3cf53ac2:192.168.157.211:45059], old=null
2019-10-17 07:10:40,467 [grpc-default-executor-3] INFO  impl.RaftServerImpl (RaftServerImpl.java:setRole(184)) - 67ae3572-7d88-4e50-b53b-0f48f6748b38@group-233C052D78D6: changes role from  FOLLOWER to FOLLOWER at term 137 for recognizeCandidate:5c4ee31d-c5ed-4c65-a5df-da3e3cf53ac2
2019-10-17 07:10:40,467 [grpc-default-executor-3] INFO  impl.RoleInfo (RoleInfo.java:shutdownFollowerState(121)) - 67ae3572-7d88-4e50-b53b-0f48f6748b38: shutdown FollowerState
2019-10-17 07:10:40,467 [grpc-default-executor-3] INFO  impl.RoleInfo (RoleInfo.java:updateAndGet(143)) - 67ae3572-7d88-4e50-b53b-0f48f6748b38: start FollowerState
2019-10-17 07:10:40,467 [Thread-2121] INFO  impl.FollowerState (FollowerState.java:run(117)) - 67ae3572-7d88-4e50-b53b-0f48f6748b38@group-233C052D78D6-FollowerState was interrupted: java.lang.InterruptedException: sleep interrupted
2019-10-17 07:10:40,468 [grpc-default-executor-7] INFO  impl.RaftServerImpl (RaftServerImpl.java:setRole(184)) - 831edaa1-80a5-4091-843f-90c648a5a79d@group-233C052D78D6: changes role from  FOLLOWER to FOLLOWER at term 137 for recognizeCandidate:5c4ee31d-c5ed-4c65-a5df-da3e3cf53ac2
2019-10-17 07:10:40,468 [grpc-default-executor-7] INFO  impl.RoleInfo (RoleInfo.java:shutdownFollowerState(121)) - 831edaa1-80a5-4091-843f-90c648a5a79d: shutdown FollowerState
2019-10-17 07:10:40,468 [grpc-default-executor-7] INFO  impl.RoleInfo (RoleInfo.java:updateAndGet(143)) - 831edaa1-80a5-4091-843f-90c648a5a79d: start FollowerState
2019-10-17 07:10:40,468 [Thread-2120] INFO  impl.FollowerState (FollowerState.java:run(117)) - 831edaa1-80a5-4091-843f-90c648a5a79d@group-233C052D78D6-FollowerState was interrupted: java.lang.InterruptedException: sleep interrupted
2019-10-17 07:10:40,489 [5c4ee31d-c5ed-4c65-a5df-da3e3cf53ac2@group-233C052D78D6-LeaderElection258] INFO  impl.LeaderElection (LeaderElection.java:logAndReturn(56)) - 5c4ee31d-c5ed-4c65-a5df-da3e3cf53ac2@group-233C052D78D6-LeaderElection258: Election REJECTED; received 2 response(s) [5c4ee31d-c5ed-4c65-a5df-da3e3cf53ac2<-67ae3572-7d88-4e50-b53b-0f48f6748b38#0:FAIL-t137, 5c4ee31d-c5ed-4c65-a5df-da3e3cf53ac2<-831edaa1-80a5-4091-843f-90c648a5a79d#0:FAIL-t137] and 0 exception(s); 5c4ee31d-c5ed-4c65-a5df-da3e3cf53ac2@group-233C052D78D6:t137, leader=null, voted=5c4ee31d-c5ed-4c65-a5df-da3e3cf53ac2, raftlog=5c4ee31d-c5ed-4c65-a5df-da3e3cf53ac2@group-233C052D78D6-SegmentedRaftLog:OPENED:c-1,f-1,i0, conf=-1: [67ae3572-7d88-4e50-b53b-0f48f6748b38:192.168.157.211:41299, 831edaa1-80a5-4091-843f-90c648a5a79d:192.168.157.211:44365, 5c4ee31d-c5ed-4c65-a5df-da3e3cf53ac2:192.168.157.211:45059], old=null
2019-10-17 07:10:40,490 [5c4ee31d-c5ed-4c65-a5df-da3e3cf53ac2@group-233C052D78D6-LeaderElection258] INFO  impl.RaftServerImpl (RaftServerImpl.java:setRole(184)) - 5c4ee31d-c5ed-4c65-a5df-da3e3cf53ac2@group-233C052D78D6: changes role from CANDIDATE to FOLLOWER at term 137 for DISCOVERED_A_NEW_TERM
2019-10-17 07:10:40,490 [5c4ee31d-c5ed-4c65-a5df-da3e3cf53ac2@group-233C052D78D6-LeaderElection258] INFO  impl.RoleInfo (RoleInfo.java:shutdownLeaderElection(134)) - 5c4ee31d-c5ed-4c65-a5df-da3e3cf53ac2: shutdown LeaderElection
2019-10-17 07:10:40,490 [5c4ee31d-c5ed-4c65-a5df-da3e3cf53ac2@group-233C052D78D6-LeaderElection258] INFO  impl.RoleInfo (RoleInfo.java:updateAndGet(143)) - 5c4ee31d-c5ed-4c65-a5df-da3e3cf53ac2: start FollowerState
2019-10-17 07:10:40,592 [Thread-2123] INFO  impl.FollowerState (FollowerState.java:run(108)) - decc5551-dd4b-40dc-8ff5-b6b450d67f6f@group-42ACBF6EBE4E-FollowerState: change to CANDIDATE, lastRpcTime:144ms, electionTimeout:144ms
2019-10-17 07:10:40,592 [Thread-2123] INFO  impl.RoleInfo (RoleInfo.java:shutdownFollowerState(121)) - decc5551-dd4b-40dc-8ff5-b6b450d67f6f: shutdown FollowerState
2019-10-17 07:10:40,592 [Thread-2123] INFO  impl.RaftServerImpl (RaftServerImpl.java:setRole(184)) - decc5551-dd4b-40dc-8ff5-b6b450d67f6f@group-42ACBF6EBE4E: changes role from  FOLLOWER to CANDIDATE at term 136 for changeToCandidate
2019-10-17 07:10:40,593 [Thread-2123] INFO  impl.RoleInfo (RoleInfo.java:updateAndGet(143)) - decc5551-dd4b-40dc-8ff5-b6b450d67f6f: start LeaderElection
2019-10-17 07:10:40,606 [decc5551-dd4b-40dc-8ff5-b6b450d67f6f@group-42ACBF6EBE4E-LeaderElection259] INFO  impl.LeaderElection (LeaderElection.java:askForVotes(178)) - decc5551-dd4b-40dc-8ff5-b6b450d67f6f@group-42ACBF6EBE4E-LeaderElection259: begin an election at term 137 for -1: [215fceca-0555-458b-bc4f-ba38ff24d5ba:192.168.157.211:43803, decc5551-dd4b-40dc-8ff5-b6b450d67f6f:192.168.157.211:34435, 0c631657-10a5-4e2a-a322-8fc6c651b2ed:192.168.157.211:41694], old=null
2019-10-17 07:10:40,609 [grpc-default-executor-3] INFO  impl.RaftServerImpl (RaftServerImpl.java:setRole(184)) - 215fceca-0555-458b-bc4f-ba38ff24d5ba@group-42ACBF6EBE4E: changes role from  FOLLOWER to FOLLOWER at term 137 for recognizeCandidate:decc5551-dd4b-40dc-8ff5-b6b450d67f6f
2019-10-17 07:10:40,609 [grpc-default-executor-3] INFO  impl.RoleInfo (RoleInfo.java:shutdownFollowerState(121)) - 215fceca-0555-458b-bc4f-ba38ff24d5ba: shutdown FollowerState
2019-10-17 07:10:40,609 [grpc-default-executor-3] INFO  impl.RoleInfo (RoleInfo.java:updateAndGet(143)) - 215fceca-0555-458b-bc4f-ba38ff24d5ba: start FollowerState
2019-10-17 07:10:40,609 [Thread-2119] INFO  impl.FollowerState (FollowerState.java:run(117)) - 215fceca-0555-458b-bc4f-ba38ff24d5ba@group-42ACBF6EBE4E-FollowerState was interrupted: java.lang.InterruptedException: sleep interrupted
2019-10-17 07:10:40,609 [grpc-default-executor-7] INFO  impl.RaftServerImpl (RaftServerImpl.java:setRole(184)) - 0c631657-10a5-4e2a-a322-8fc6c651b2ed@group-42ACBF6EBE4E: changes role from  FOLLOWER to FOLLOWER at term 137 for recognizeCandidate:decc5551-dd4b-40dc-8ff5-b6b450d67f6f
2019-10-17 07:10:40,610 [grpc-default-executor-7] INFO  impl.RoleInfo (RoleInfo.java:shutdownFollowerState(121)) - 0c631657-10a5-4e2a-a322-8fc6c651b2ed: shutdown FollowerState
2019-10-17 07:10:40,610 [grpc-default-executor-7] INFO  impl.RoleInfo (RoleInfo.java:updateAndGet(143)) - 0c631657-10a5-4e2a-a322-8fc6c651b2ed: start FollowerState
2019-10-17 07:10:40,610 [Thread-2122] INFO  impl.FollowerState (FollowerState.java:run(117)) - 0c631657-10a5-4e2a-a322-8fc6c651b2ed@group-42ACBF6EBE4E-FollowerState was interrupted: java.lang.InterruptedException: sleep interrupted
2019-10-17 07:10:40,610 [Thread-2130] INFO  impl.FollowerState (FollowerState.java:run(108)) - 5c4ee31d-c5ed-4c65-a5df-da3e3cf53ac2@group-233C052D78D6-FollowerState: change to CANDIDATE, lastRpcTime:120ms, electionTimeout:120ms
2019-10-17 07:10:40,611 [Thread-2130] INFO  impl.RoleInfo (RoleInfo.java:shutdownFollowerState(121)) - 5c4ee31d-c5ed-4c65-a5df-da3e3cf53ac2: shutdown FollowerState
2019-10-17 07:10:40,611 [Thread-2130] INFO  impl.RaftServerImpl (RaftServerImpl.java:setRole(184)) - 5c4ee31d-c5ed-4c65-a5df-da3e3cf53ac2@group-233C052D78D6: changes role from  FOLLOWER to CANDIDATE at term 137 for changeToCandidate
2019-10-17 07:10:40,611 [Thread-2130] INFO  impl.RoleInfo (RoleInfo.java:updateAndGet(143)) - 5c4ee31d-c5ed-4c65-a5df-da3e3cf53ac2: start LeaderElection
2019-10-17 07:10:40,623 [5c4ee31d-c5ed-4c65-a5df-da3e3cf53ac2@group-233C052D78D6-LeaderElection260] INFO  impl.LeaderElection (LeaderElection.java:askForVotes(178)) - 5c4ee31d-c5ed-4c65-a5df-da3e3cf53ac2@group-233C052D78D6-LeaderElection260: begin an election at term 138 for -1: [67ae3572-7d88-4e50-b53b-0f48f6748b38:192.168.157.211:41299, 831edaa1-80a5-4091-843f-90c648a5a79d:192.168.157.211:44365, 5c4ee31d-c5ed-4c65-a5df-da3e3cf53ac2:192.168.157.211:45059], old=null
2019-10-17 07:10:40,623 [decc5551-dd4b-40dc-8ff5-b6b450d67f6f@group-42ACBF6EBE4E-LeaderElection259] INFO  impl.LeaderElection (LeaderElection.java:logAndReturn(56)) - decc5551-dd4b-40dc-8ff5-b6b450d67f6f@group-42ACBF6EBE4E-LeaderElection259: Election REJECTED; received 2 response(s) [decc5551-dd4b-40dc-8ff5-b6b450d67f6f<-215fceca-0555-458b-bc4f-ba38ff24d5ba#0:FAIL-t137, decc5551-dd4b-40dc-8ff5-b6b450d67f6f<-0c631657-10a5-4e2a-a322-8fc6c651b2ed#0:FAIL-t137] and 0 exception(s); decc5551-dd4b-40dc-8ff5-b6b450d67f6f@group-42ACBF6EBE4E:t137, leader=null, voted=decc5551-dd4b-40dc-8ff5-b6b450d67f6f, raftlog=decc5551-dd4b-40dc-8ff5-b6b450d67f6f@group-42ACBF6EBE4E-SegmentedRaftLog:OPENED:c-1,f-1,i0, conf=-1: [215fceca-0555-458b-bc4f-ba38ff24d5ba:192.168.157.211:43803, decc5551-dd4b-40dc-8ff5-b6b450d67f6f:192.168.157.211:34435, 0c631657-10a5-4e2a-a322-8fc6c651b2ed:192.168.157.211:41694], old=null
2019-10-17 07:10:40,624 [decc5551-dd4b-40dc-8ff5-b6b450d67f6f@group-42ACBF6EBE4E-LeaderElection259] INFO  impl.RaftServerImpl (RaftServerImpl.java:setRole(184)) - decc5551-dd4b-40dc-8ff5-b6b450d67f6f@group-42ACBF6EBE4E: changes role from CANDIDATE to FOLLOWER at term 137 for DISCOVERED_A_NEW_TERM
2019-10-17 07:10:40,624 [decc5551-dd4b-40dc-8ff5-b6b450d67f6f@group-42ACBF6EBE4E-LeaderElection259] INFO  impl.RoleInfo (RoleInfo.java:shutdownLeaderElection(134)) - decc5551-dd4b-40dc-8ff5-b6b450d67f6f: shutdown LeaderElection
2019-10-17 07:10:40,624 [decc5551-dd4b-40dc-8ff5-b6b450d67f6f@group-42ACBF6EBE4E-LeaderElection259] INFO  impl.RoleInfo (RoleInfo.java:updateAndGet(143)) - decc5551-dd4b-40dc-8ff5-b6b450d67f6f: start FollowerState
2019-10-17 07:10:40,625 [grpc-default-executor-7] INFO  impl.RaftServerImpl (RaftServerImpl.java:setRole(184)) - 67ae3572-7d88-4e50-b53b-0f48f6748b38@group-233C052D78D6: changes role from  FOLLOWER to FOLLOWER at term 138 for recognizeCandidate:5c4ee31d-c5ed-4c65-a5df-da3e3cf53ac2
2019-10-17 07:10:40,625 [grpc-default-executor-7] INFO  impl.RoleInfo (RoleInfo.java:shutdownFollowerState(121)) - 67ae3572-7d88-4e50-b53b-0f48f6748b38: shutdown FollowerState
2019-10-17 07:10:40,625 [grpc-default-executor-3] INFO  impl.RaftServerImpl (RaftServerImpl.java:setRole(184)) - 831edaa1-80a5-4091-843f-90c648a5a79d@group-233C052D78D6: changes role from  FOLLOWER to FOLLOWER at term 138 for recognizeCandidate:5c4ee31d-c5ed-4c65-a5df-da3e3cf53ac2
2019-10-17 07:10:40,626 [grpc-default-executor-3] INFO  impl.RoleInfo (RoleInfo.java:shutdownFollowerState(121)) - 831edaa1-80a5-4091-843f-90c648a5a79d: shutdown FollowerState
2019-10-17 07:10:40,625 [Thread-2128] INFO  impl.FollowerState (FollowerState.java:run(117)) - 67ae3572-7d88-4e50-b53b-0f48f6748b38@group-233C052D78D6-FollowerState was interrupted: java.lang.InterruptedException: sleep interrupted
2019-10-17 07:10:40,625 [grpc-default-executor-7] INFO  impl.RoleInfo (RoleInfo.java:updateAndGet(143)) - 67ae3572-7d88-4e50-b53b-0f48f6748b38: start FollowerState
2019-10-17 07:10:40,626 [Thread-2129] INFO  impl.FollowerState (FollowerState.java:run(117)) - 831edaa1-80a5-4091-843f-90c648a5a79d@group-233C052D78D6-FollowerState was interrupted: java.lang.InterruptedException: sleep interrupted
2019-10-17 07:10:40,626 [grpc-default-executor-3] INFO  impl.RoleInfo (RoleInfo.java:updateAndGet(143)) - 831edaa1-80a5-4091-843f-90c648a5a79d: start FollowerState
2019-10-17 07:10:40,640 [5c4ee31d-c5ed-4c65-a5df-da3e3cf53ac2@group-233C052D78D6-LeaderElection260] INFO  impl.LeaderElection (LeaderElection.java:logAndReturn(56)) - 5c4ee31d-c5ed-4c65-a5df-da3e3cf53ac2@group-233C052D78D6-LeaderElection260: Election REJECTED; received 2 response(s) [5c4ee31d-c5ed-4c65-a5df-da3e3cf53ac2<-67ae3572-7d88-4e50-b53b-0f48f6748b38#0:FAIL-t138, 5c4ee31d-c5ed-4c65-a5df-da3e3cf53ac2<-831edaa1-80a5-4091-843f-90c648a5a79d#0:FAIL-t138] and 0 exception(s); 5c4ee31d-c5ed-4c65-a5df-da3e3cf53ac2@group-233C052D78D6:t138, leader=null, voted=5c4ee31d-c5ed-4c65-a5df-da3e3cf53ac2, raftlog=5c4ee31d-c5ed-4c65-a5df-da3e3cf53ac2@group-233C052D78D6-SegmentedRaftLog:OPENED:c-1,f-1,i0, conf=-1: [67ae3572-7d88-4e50-b53b-0f48f6748b38:192.168.157.211:41299, 831edaa1-80a5-4091-843f-90c648a5a79d:192.168.157.211:44365, 5c4ee31d-c5ed-4c65-a5df-da3e3cf53ac2:192.168.157.211:45059], old=null
2019-10-17 07:10:40,640 [5c4ee31d-c5ed-4c65-a5df-da3e3cf53ac2@group-233C052D78D6-LeaderElection260] INFO  impl.RaftServerImpl (RaftServerImpl.java:setRole(184)) - 5c4ee31d-c5ed-4c65-a5df-da3e3cf53ac2@group-233C052D78D6: changes role from CANDIDATE to FOLLOWER at term 138 for DISCOVERED_A_NEW_TERM
2019-10-17 07:10:40,640 [5c4ee31d-c5ed-4c65-a5df-da3e3cf53ac2@group-233C052D78D6-LeaderElection260] INFO  impl.RoleInfo (RoleInfo.java:shutdownLeaderElection(134)) - 5c4ee31d-c5ed-4c65-a5df-da3e3cf53ac2: shutdown LeaderElection
2019-10-17 07:10:40,640 [5c4ee31d-c5ed-4c65-a5df-da3e3cf53ac2@group-233C052D78D6-LeaderElection260] INFO  impl.RoleInfo (RoleInfo.java:updateAndGet(143)) - 5c4ee31d-c5ed-4c65-a5df-da3e3cf53ac2: start FollowerState
2019-10-17 07:10:40,743 [Thread-2140] INFO  impl.FollowerState (FollowerState.java:run(108)) - decc5551-dd4b-40dc-8ff5-b6b450d67f6f@group-42ACBF6EBE4E-FollowerState: change to CANDIDATE, lastRpcTime:118ms, electionTimeout:118ms
2019-10-17 07:10:40,743 [Thread-2140] INFO  impl.RoleInfo (RoleInfo.java:shutdownFollowerState(121)) - decc5551-dd4b-40dc-8ff5-b6b450d67f6f: shutdown FollowerState
2019-10-17 07:10:40,743 [Thread-2140] INFO  impl.RaftServerImpl (RaftServerImpl.java:setRole(184)) - decc5551-dd4b-40dc-8ff5-b6b450d67f6f@group-42ACBF6EBE4E: changes role from  FOLLOWER to CANDIDATE at term 137 for changeToCandidate
2019-10-17 07:10:40,743 [Thread-2140] INFO  impl.RoleInfo (RoleInfo.java:updateAndGet(143)) - decc5551-dd4b-40dc-8ff5-b6b450d67f6f: start LeaderElection
2019-10-17 07:10:40,754 [Thread-2143] INFO  impl.FollowerState (FollowerState.java:run(108)) - 5c4ee31d-c5ed-4c65-a5df-da3e3cf53ac2@group-233C052D78D6-FollowerState: change to CANDIDATE, lastRpcTime:114ms, electionTimeout:114ms
2019-10-17 07:10:40,754 [Thread-2143] INFO  impl.RoleInfo (RoleInfo.java:shutdownFollowerState(121)) - 5c4ee31d-c5ed-4c65-a5df-da3e3cf53ac2: shutdown FollowerState
2019-10-17 07:10:40,755 [Thread-2143] INFO  impl.RaftServerImpl (RaftServerImpl.java:setRole(184)) - 5c4ee31d-c5ed-4c65-a5df-da3e3cf53ac2@group-233C052D78D6: changes role from  FOLLOWER to CANDIDATE at term 138 for changeToCandidate
2019-10-17 07:10:40,755 [Thread-2143] INFO  impl.RoleInfo (RoleInfo.java:updateAndGet(143)) - 5c4ee31d-c5ed-4c65-a5df-da3e3cf53ac2: start LeaderElection
2019-10-17 07:10:40,757 [decc5551-dd4b-40dc-8ff5-b6b450d67f6f@group-42ACBF6EBE4E-LeaderElection261] INFO  impl.LeaderElection (LeaderElection.java:askForVotes(178)) - decc5551-dd4b-40dc-8ff5-b6b450d67f6f@group-42ACBF6EBE4E-LeaderElection261: begin an election at term 138 for -1: [215fceca-0555-458b-bc4f-ba38ff24d5ba:192.168.157.211:43803, decc5551-dd4b-40dc-8ff5-b6b450d67f6f:192.168.157.211:34435, 0c631657-10a5-4e2a-a322-8fc6c651b2ed:192.168.157.211:41694], old=null
2019-10-17 07:10:40,759 [grpc-default-executor-7] INFO  impl.RaftServerImpl (RaftServerImpl.java:setRole(184)) - 215fceca-0555-458b-bc4f-ba38ff24d5ba@group-42ACBF6EBE4E: changes role from  FOLLOWER to FOLLOWER at term 138 for recognizeCandidate:decc5551-dd4b-40dc-8ff5-b6b450d67f6f
2019-10-17 07:10:40,759 [grpc-default-executor-7] INFO  impl.RoleInfo (RoleInfo.java:shutdownFollowerState(121)) - 215fceca-0555-458b-bc4f-ba38ff24d5ba: shutdown FollowerState
2019-10-17 07:10:40,759 [5c4ee31d-c5ed-4c65-a5df-da3e3cf53ac2@group-233C052D78D6-LeaderElection262] INFO  impl.LeaderElection (LeaderElection.java:askForVotes(178)) - 5c4ee31d-c5ed-4c65-a5df-da3e3cf53ac2@group-233C052D78D6-LeaderElection262: begin an election at term 139 for -1: [67ae3572-7d88-4e50-b53b-0f48f6748b38:192.168.157.211:41299, 831edaa1-80a5-4091-843f-90c648a5a79d:192.168.157.211:44365, 5c4ee31d-c5ed-4c65-a5df-da3e3cf53ac2:192.168.157.211:45059], old=null
2019-10-17 07:10:40,759 [grpc-default-executor-3] INFO  impl.RaftServerImpl (RaftServerImpl.java:setRole(184)) - 0c631657-10a5-4e2a-a322-8fc6c651b2ed@group-42ACBF6EBE4E: changes role from  FOLLOWER to FOLLOWER at term 138 for recognizeCandidate:decc5551-dd4b-40dc-8ff5-b6b450d67f6f
2019-10-17 07:10:40,759 [grpc-default-executor-3] INFO  impl.RoleInfo (RoleInfo.java:shutdownFollowerState(121)) - 0c631657-10a5-4e2a-a322-8fc6c651b2ed: shutdown FollowerState
2019-10-17 07:10:40,759 [Thread-2134] INFO  impl.FollowerState (FollowerState.java:run(117)) - 215fceca-0555-458b-bc4f-ba38ff24d5ba@group-42ACBF6EBE4E-FollowerState was interrupted: java.lang.InterruptedException: sleep interrupted
2019-10-17 07:10:40,759 [grpc-default-executor-7] INFO  impl.RoleInfo (RoleInfo.java:updateAndGet(143)) - 215fceca-0555-458b-bc4f-ba38ff24d5ba: start FollowerState
2019-10-17 07:10:40,760 [Thread-2135] INFO  impl.FollowerState (FollowerState.java:run(117)) - 0c631657-10a5-4e2a-a322-8fc6c651b2ed@group-42ACBF6EBE4E-FollowerState was interrupted: java.lang.InterruptedException: sleep interrupted
2019-10-17 07:10:40,760 [grpc-default-executor-3] INFO  impl.RoleInfo (RoleInfo.java:updateAndGet(143)) - 0c631657-10a5-4e2a-a322-8fc6c651b2ed: start FollowerState
2019-10-17 07:10:40,761 [grpc-default-executor-9] INFO  impl.RaftServerImpl (RaftServerImpl.java:setRole(184)) - 67ae3572-7d88-4e50-b53b-0f48f6748b38@group-233C052D78D6: changes role from  FOLLOWER to FOLLOWER at term 139 for recognizeCandidate:5c4ee31d-c5ed-4c65-a5df-da3e3cf53ac2
2019-10-17 07:10:40,761 [grpc-default-executor-9] INFO  impl.RoleInfo (RoleInfo.java:shutdownFollowerState(121)) - 67ae3572-7d88-4e50-b53b-0f48f6748b38: shutdown FollowerState
2019-10-17 07:10:40,761 [grpc-default-executor-4] INFO  impl.RaftServerImpl (RaftServerImpl.java:setRole(184)) - 831edaa1-80a5-4091-843f-90c648a5a79d@group-233C052D78D6: changes role from  FOLLOWER to FOLLOWER at term 139 for recognizeCandidate:5c4ee31d-c5ed-4c65-a5df-da3e3cf53ac2
2019-10-17 07:10:40,762 [Thread-2141] INFO  impl.FollowerState (FollowerState.java:run(117)) - 67ae3572-7d88-4e50-b53b-0f48f6748b38@group-233C052D78D6-FollowerState was interrupted: java.lang.InterruptedException: sleep interrupted
2019-10-17 07:10:40,762 [grpc-default-executor-9] INFO  impl.RoleInfo (RoleInfo.java:updateAndGet(143)) - 67ae3572-7d88-4e50-b53b-0f48f6748b38: start FollowerState
2019-10-17 07:10:40,762 [grpc-default-executor-4] INFO  impl.RoleInfo (RoleInfo.java:shutdownFollowerState(121)) - 831edaa1-80a5-4091-843f-90c648a5a79d: shutdown FollowerState
2019-10-17 07:10:40,762 [grpc-default-executor-4] INFO  impl.RoleInfo (RoleInfo.java:updateAndGet(143)) - 831edaa1-80a5-4091-843f-90c648a5a79d: start FollowerState
2019-10-17 07:10:40,762 [Thread-2142] INFO  impl.FollowerState (FollowerState.java:run(117)) - 831edaa1-80a5-4091-843f-90c648a5a79d@group-233C052D78D6-FollowerState was interrupted: java.lang.InterruptedException: sleep interrupted
2019-10-17 07:10:40,769 [Datanode State Machine Thread - 0] INFO  statemachine.DatanodeStateMachine (DatanodeStateMachine.java:lambda$startDaemon$0(350)) - Ozone container server started.
2019-10-17 07:10:40,778 [decc5551-dd4b-40dc-8ff5-b6b450d67f6f@group-42ACBF6EBE4E-LeaderElection261] INFO  impl.LeaderElection (LeaderElection.java:logAndReturn(56)) - decc5551-dd4b-40dc-8ff5-b6b450d67f6f@group-42ACBF6EBE4E-LeaderElection261: Election REJECTED; received 2 response(s) [decc5551-dd4b-40dc-8ff5-b6b450d67f6f<-215fceca-0555-458b-bc4f-ba38ff24d5ba#0:FAIL-t138, decc5551-dd4b-40dc-8ff5-b6b450d67f6f<-0c631657-10a5-4e2a-a322-8fc6c651b2ed#0:FAIL-t138] and 0 exception(s); decc5551-dd4b-40dc-8ff5-b6b450d67f6f@group-42ACBF6EBE4E:t138, leader=null, voted=decc5551-dd4b-40dc-8ff5-b6b450d67f6f, raftlog=decc5551-dd4b-40dc-8ff5-b6b450d67f6f@group-42ACBF6EBE4E-SegmentedRaftLog:OPENED:c-1,f-1,i0, conf=-1: [215fceca-0555-458b-bc4f-ba38ff24d5ba:192.168.157.211:43803, decc5551-dd4b-40dc-8ff5-b6b450d67f6f:192.168.157.211:34435, 0c631657-10a5-4e2a-a322-8fc6c651b2ed:192.168.157.211:41694], old=null
2019-10-17 07:10:40,778 [5c4ee31d-c5ed-4c65-a5df-da3e3cf53ac2@group-233C052D78D6-LeaderElection262] INFO  impl.LeaderElection (LeaderElection.java:logAndReturn(56)) - 5c4ee31d-c5ed-4c65-a5df-da3e3cf53ac2@group-233C052D78D6-LeaderElection262: Election REJECTED; received 2 response(s) [5c4ee31d-c5ed-4c65-a5df-da3e3cf53ac2<-67ae3572-7d88-4e50-b53b-0f48f6748b38#0:FAIL-t139, 5c4ee31d-c5ed-4c65-a5df-da3e3cf53ac2<-831edaa1-80a5-4091-843f-90c648a5a79d#0:FAIL-t139] and 0 exception(s); 5c4ee31d-c5ed-4c65-a5df-da3e3cf53ac2@group-233C052D78D6:t139, leader=null, voted=5c4ee31d-c5ed-4c65-a5df-da3e3cf53ac2, raftlog=5c4ee31d-c5ed-4c65-a5df-da3e3cf53ac2@group-233C052D78D6-SegmentedRaftLog:OPENED:c-1,f-1,i0, conf=-1: [67ae3572-7d88-4e50-b53b-0f48f6748b38:192.168.157.211:41299, 831edaa1-80a5-4091-843f-90c648a5a79d:192.168.157.211:44365, 5c4ee31d-c5ed-4c65-a5df-da3e3cf53ac2:192.168.157.211:45059], old=null
2019-10-17 07:10:40,778 [decc5551-dd4b-40dc-8ff5-b6b450d67f6f@group-42ACBF6EBE4E-LeaderElection261] INFO  impl.RaftServerImpl (RaftServerImpl.java:setRole(184)) - decc5551-dd4b-40dc-8ff5-b6b450d67f6f@group-42ACBF6EBE4E: changes role from CANDIDATE to FOLLOWER at term 138 for DISCOVERED_A_NEW_TERM
2019-10-17 07:10:40,778 [5c4ee31d-c5ed-4c65-a5df-da3e3cf53ac2@group-233C052D78D6-LeaderElection262] INFO  impl.RaftServerImpl (RaftServerImpl.java:setRole(184)) - 5c4ee31d-c5ed-4c65-a5df-da3e3cf53ac2@group-233C052D78D6: changes role from CANDIDATE to FOLLOWER at term 139 for DISCOVERED_A_NEW_TERM
2019-10-17 07:10:40,778 [decc5551-dd4b-40dc-8ff5-b6b450d67f6f@group-42ACBF6EBE4E-LeaderElection261] INFO  impl.RoleInfo (RoleInfo.java:shutdownLeaderElection(134)) - decc5551-dd4b-40dc-8ff5-b6b450d67f6f: shutdown LeaderElection
2019-10-17 07:10:40,778 [5c4ee31d-c5ed-4c65-a5df-da3e3cf53ac2@group-233C052D78D6-LeaderElection262] INFO  impl.RoleInfo (RoleInfo.java:shutdownLeaderElection(134)) - 5c4ee31d-c5ed-4c65-a5df-da3e3cf53ac2: shutdown LeaderElection
2019-10-17 07:10:40,779 [decc5551-dd4b-40dc-8ff5-b6b450d67f6f@group-42ACBF6EBE4E-LeaderElection261] INFO  impl.RoleInfo (RoleInfo.java:updateAndGet(143)) - decc5551-dd4b-40dc-8ff5-b6b450d67f6f: start FollowerState
2019-10-17 07:10:40,779 [5c4ee31d-c5ed-4c65-a5df-da3e3cf53ac2@group-233C052D78D6-LeaderElection262] INFO  impl.RoleInfo (RoleInfo.java:updateAndGet(143)) - 5c4ee31d-c5ed-4c65-a5df-da3e3cf53ac2: start FollowerState
2019-10-17 07:10:40,835 [Thread-2154] INFO  impl.FollowerState (FollowerState.java:run(108)) - decc5551-dd4b-40dc-8ff5-b6b450d67f6f@group-42ACBF6EBE4E-FollowerState: change to CANDIDATE, lastRpcTime:56ms, electionTimeout:56ms
2019-10-17 07:10:40,835 [Thread-2154] INFO  impl.RoleInfo (RoleInfo.java:shutdownFollowerState(121)) - decc5551-dd4b-40dc-8ff5-b6b450d67f6f: shutdown FollowerState
2019-10-17 07:10:40,835 [Thread-2154] INFO  impl.RaftServerImpl (RaftServerImpl.java:setRole(184)) - decc5551-dd4b-40dc-8ff5-b6b450d67f6f@group-42ACBF6EBE4E: changes role from  FOLLOWER to CANDIDATE at term 138 for changeToCandidate
2019-10-17 07:10:40,835 [Thread-2154] INFO  impl.RoleInfo (RoleInfo.java:updateAndGet(143)) - decc5551-dd4b-40dc-8ff5-b6b450d67f6f: start LeaderElection
2019-10-17 07:10:40,849 [decc5551-dd4b-40dc-8ff5-b6b450d67f6f@group-42ACBF6EBE4E-LeaderElection263] INFO  impl.LeaderElection (LeaderElection.java:askForVotes(178)) - decc5551-dd4b-40dc-8ff5-b6b450d67f6f@group-42ACBF6EBE4E-LeaderElection263: begin an election at term 139 for -1: [215fceca-0555-458b-bc4f-ba38ff24d5ba:192.168.157.211:43803, decc5551-dd4b-40dc-8ff5-b6b450d67f6f:192.168.157.211:34435, 0c631657-10a5-4e2a-a322-8fc6c651b2ed:192.168.157.211:41694], old=null
2019-10-17 07:10:40,851 [grpc-default-executor-7] INFO  impl.RaftServerImpl (RaftServerImpl.java:setRole(184)) - 215fceca-0555-458b-bc4f-ba38ff24d5ba@group-42ACBF6EBE4E: changes role from  FOLLOWER to FOLLOWER at term 139 for recognizeCandidate:decc5551-dd4b-40dc-8ff5-b6b450d67f6f
2019-10-17 07:10:40,851 [grpc-default-executor-7] INFO  impl.RoleInfo (RoleInfo.java:shutdownFollowerState(121)) - 215fceca-0555-458b-bc4f-ba38ff24d5ba: shutdown FollowerState
2019-10-17 07:10:40,851 [grpc-default-executor-9] INFO  impl.RaftServerImpl (RaftServerImpl.java:setRole(184)) - 0c631657-10a5-4e2a-a322-8fc6c651b2ed@group-42ACBF6EBE4E: changes role from  FOLLOWER to FOLLOWER at term 139 for recognizeCandidate:decc5551-dd4b-40dc-8ff5-b6b450d67f6f
2019-10-17 07:10:40,852 [Thread-2148] INFO  impl.FollowerState (FollowerState.java:run(117)) - 215fceca-0555-458b-bc4f-ba38ff24d5ba@group-42ACBF6EBE4E-FollowerState was interrupted: java.lang.InterruptedException: sleep interrupted
2019-10-17 07:10:40,852 [grpc-default-executor-7] INFO  impl.RoleInfo (RoleInfo.java:updateAndGet(143)) - 215fceca-0555-458b-bc4f-ba38ff24d5ba: start FollowerState
2019-10-17 07:10:40,852 [grpc-default-executor-9] INFO  impl.RoleInfo (RoleInfo.java:shutdownFollowerState(121)) - 0c631657-10a5-4e2a-a322-8fc6c651b2ed: shutdown FollowerState
2019-10-17 07:10:40,852 [grpc-default-executor-9] INFO  impl.RoleInfo (RoleInfo.java:updateAndGet(143)) - 0c631657-10a5-4e2a-a322-8fc6c651b2ed: start FollowerState
2019-10-17 07:10:40,852 [Thread-2151] INFO  impl.FollowerState (FollowerState.java:run(117)) - 0c631657-10a5-4e2a-a322-8fc6c651b2ed@group-42ACBF6EBE4E-FollowerState was interrupted: java.lang.InterruptedException: sleep interrupted
2019-10-17 07:10:40,855 [decc5551-dd4b-40dc-8ff5-b6b450d67f6f@group-42ACBF6EBE4E-LeaderElection263] INFO  impl.LeaderElection (LeaderElection.java:logAndReturn(56)) - decc5551-dd4b-40dc-8ff5-b6b450d67f6f@group-42ACBF6EBE4E-LeaderElection263: Election TIMEOUT; received 0 response(s) [] and 0 exception(s); decc5551-dd4b-40dc-8ff5-b6b450d67f6f@group-42ACBF6EBE4E:t139, leader=null, voted=decc5551-dd4b-40dc-8ff5-b6b450d67f6f, raftlog=decc5551-dd4b-40dc-8ff5-b6b450d67f6f@group-42ACBF6EBE4E-SegmentedRaftLog:OPENED:c-1,f-1,i0, conf=-1: [215fceca-0555-458b-bc4f-ba38ff24d5ba:192.168.157.211:43803, decc5551-dd4b-40dc-8ff5-b6b450d67f6f:192.168.157.211:34435, 0c631657-10a5-4e2a-a322-8fc6c651b2ed:192.168.157.211:41694], old=null
2019-10-17 07:10:40,866 [decc5551-dd4b-40dc-8ff5-b6b450d67f6f@group-42ACBF6EBE4E-LeaderElection263] INFO  impl.LeaderElection (LeaderElection.java:askForVotes(178)) - decc5551-dd4b-40dc-8ff5-b6b450d67f6f@group-42ACBF6EBE4E-LeaderElection263: begin an election at term 140 for -1: [215fceca-0555-458b-bc4f-ba38ff24d5ba:192.168.157.211:43803, decc5551-dd4b-40dc-8ff5-b6b450d67f6f:192.168.157.211:34435, 0c631657-10a5-4e2a-a322-8fc6c651b2ed:192.168.157.211:41694], old=null
2019-10-17 07:10:40,867 [grpc-default-executor-9] INFO  impl.RaftServerImpl (RaftServerImpl.java:setRole(184)) - 215fceca-0555-458b-bc4f-ba38ff24d5ba@group-42ACBF6EBE4E: changes role from  FOLLOWER to FOLLOWER at term 140 for recognizeCandidate:decc5551-dd4b-40dc-8ff5-b6b450d67f6f
2019-10-17 07:10:40,868 [grpc-default-executor-9] INFO  impl.RoleInfo (RoleInfo.java:shutdownFollowerState(121)) - 215fceca-0555-458b-bc4f-ba38ff24d5ba: shutdown FollowerState
2019-10-17 07:10:40,868 [grpc-default-executor-9] INFO  impl.RoleInfo (RoleInfo.java:updateAndGet(143)) - 215fceca-0555-458b-bc4f-ba38ff24d5ba: start FollowerState
2019-10-17 07:10:40,868 [Thread-2159] INFO  impl.FollowerState (FollowerState.java:run(117)) - 215fceca-0555-458b-bc4f-ba38ff24d5ba@group-42ACBF6EBE4E-FollowerState was interrupted: java.lang.InterruptedException: sleep interrupted
2019-10-17 07:10:40,868 [grpc-default-executor-7] INFO  impl.RaftServerImpl (RaftServerImpl.java:setRole(184)) - 0c631657-10a5-4e2a-a322-8fc6c651b2ed@group-42ACBF6EBE4E: changes role from  FOLLOWER to FOLLOWER at term 140 for recognizeCandidate:decc5551-dd4b-40dc-8ff5-b6b450d67f6f
2019-10-17 07:10:40,868 [grpc-default-executor-7] INFO  impl.RoleInfo (RoleInfo.java:shutdownFollowerState(121)) - 0c631657-10a5-4e2a-a322-8fc6c651b2ed: shutdown FollowerState
2019-10-17 07:10:40,869 [grpc-default-executor-7] INFO  impl.RoleInfo (RoleInfo.java:updateAndGet(143)) - 0c631657-10a5-4e2a-a322-8fc6c651b2ed: start FollowerState
2019-10-17 07:10:40,869 [Thread-2160] INFO  impl.FollowerState (FollowerState.java:run(117)) - 0c631657-10a5-4e2a-a322-8fc6c651b2ed@group-42ACBF6EBE4E-FollowerState was interrupted: java.lang.InterruptedException: sleep interrupted
2019-10-17 07:10:40,882 [decc5551-dd4b-40dc-8ff5-b6b450d67f6f@group-42ACBF6EBE4E-LeaderElection263] INFO  impl.LeaderElection (LeaderElection.java:logAndReturn(56)) - decc5551-dd4b-40dc-8ff5-b6b450d67f6f@group-42ACBF6EBE4E-LeaderElection263: Election REJECTED; received 2 response(s) [decc5551-dd4b-40dc-8ff5-b6b450d67f6f<-215fceca-0555-458b-bc4f-ba38ff24d5ba#0:FAIL-t140, decc5551-dd4b-40dc-8ff5-b6b450d67f6f<-0c631657-10a5-4e2a-a322-8fc6c651b2ed#0:FAIL-t140] and 0 exception(s); decc5551-dd4b-40dc-8ff5-b6b450d67f6f@group-42ACBF6EBE4E:t140, leader=null, voted=decc5551-dd4b-40dc-8ff5-b6b450d67f6f, raftlog=decc5551-dd4b-40dc-8ff5-b6b450d67f6f@group-42ACBF6EBE4E-SegmentedRaftLog:OPENED:c-1,f-1,i0, conf=-1: [215fceca-0555-458b-bc4f-ba38ff24d5ba:192.168.157.211:43803, decc5551-dd4b-40dc-8ff5-b6b450d67f6f:192.168.157.211:34435, 0c631657-10a5-4e2a-a322-8fc6c651b2ed:192.168.157.211:41694], old=null
2019-10-17 07:10:40,882 [decc5551-dd4b-40dc-8ff5-b6b450d67f6f@group-42ACBF6EBE4E-LeaderElection263] INFO  impl.RaftServerImpl (RaftServerImpl.java:setRole(184)) - decc5551-dd4b-40dc-8ff5-b6b450d67f6f@group-42ACBF6EBE4E: changes role from CANDIDATE to FOLLOWER at term 140 for DISCOVERED_A_NEW_TERM
2019-10-17 07:10:40,883 [decc5551-dd4b-40dc-8ff5-b6b450d67f6f@group-42ACBF6EBE4E-LeaderElection263] INFO  impl.RoleInfo (RoleInfo.java:shutdownLeaderElection(134)) - decc5551-dd4b-40dc-8ff5-b6b450d67f6f: shutdown LeaderElection
2019-10-17 07:10:40,883 [decc5551-dd4b-40dc-8ff5-b6b450d67f6f@group-42ACBF6EBE4E-LeaderElection263] INFO  impl.RoleInfo (RoleInfo.java:updateAndGet(143)) - decc5551-dd4b-40dc-8ff5-b6b450d67f6f: start FollowerState
2019-10-17 07:10:40,975 [Thread-2155] INFO  impl.FollowerState (FollowerState.java:run(108)) - 5c4ee31d-c5ed-4c65-a5df-da3e3cf53ac2@group-233C052D78D6-FollowerState: change to CANDIDATE, lastRpcTime:196ms, electionTimeout:196ms
2019-10-17 07:10:40,975 [Thread-2155] INFO  impl.RoleInfo (RoleInfo.java:shutdownFollowerState(121)) - 5c4ee31d-c5ed-4c65-a5df-da3e3cf53ac2: shutdown FollowerState
2019-10-17 07:10:40,975 [Thread-2155] INFO  impl.RaftServerImpl (RaftServerImpl.java:setRole(184)) - 5c4ee31d-c5ed-4c65-a5df-da3e3cf53ac2@group-233C052D78D6: changes role from  FOLLOWER to CANDIDATE at term 139 for changeToCandidate
2019-10-17 07:10:40,976 [Thread-2155] INFO  impl.RoleInfo (RoleInfo.java:updateAndGet(143)) - 5c4ee31d-c5ed-4c65-a5df-da3e3cf53ac2: start LeaderElection
2019-10-17 07:10:40,989 [5c4ee31d-c5ed-4c65-a5df-da3e3cf53ac2@group-233C052D78D6-LeaderElection264] INFO  impl.LeaderElection (LeaderElection.java:askForVotes(178)) - 5c4ee31d-c5ed-4c65-a5df-da3e3cf53ac2@group-233C052D78D6-LeaderElection264: begin an election at term 140 for -1: [67ae3572-7d88-4e50-b53b-0f48f6748b38:192.168.157.211:41299, 831edaa1-80a5-4091-843f-90c648a5a79d:192.168.157.211:44365, 5c4ee31d-c5ed-4c65-a5df-da3e3cf53ac2:192.168.157.211:45059], old=null
2019-10-17 07:10:40,991 [grpc-default-executor-9] INFO  impl.RaftServerImpl (RaftServerImpl.java:setRole(184)) - 67ae3572-7d88-4e50-b53b-0f48f6748b38@group-233C052D78D6: changes role from  FOLLOWER to FOLLOWER at term 140 for recognizeCandidate:5c4ee31d-c5ed-4c65-a5df-da3e3cf53ac2
2019-10-17 07:10:40,991 [grpc-default-executor-7] INFO  impl.RaftServerImpl (RaftServerImpl.java:setRole(184)) - 831edaa1-80a5-4091-843f-90c648a5a79d@group-233C052D78D6: changes role from  FOLLOWER to FOLLOWER at term 140 for recognizeCandidate:5c4ee31d-c5ed-4c65-a5df-da3e3cf53ac2
2019-10-17 07:10:40,992 [grpc-default-executor-7] INFO  impl.RoleInfo (RoleInfo.java:shutdownFollowerState(121)) - 831edaa1-80a5-4091-843f-90c648a5a79d: shutdown FollowerState
2019-10-17 07:10:40,991 [grpc-default-executor-9] INFO  impl.RoleInfo (RoleInfo.java:shutdownFollowerState(121)) - 67ae3572-7d88-4e50-b53b-0f48f6748b38: shutdown FollowerState
2019-10-17 07:10:40,992 [Thread-2153] INFO  impl.FollowerState (FollowerState.java:run(117)) - 831edaa1-80a5-4091-843f-90c648a5a79d@group-233C052D78D6-FollowerState was interrupted: java.lang.InterruptedException: sleep interrupted
2019-10-17 07:10:40,992 [grpc-default-executor-7] INFO  impl.RoleInfo (RoleInfo.java:updateAndGet(143)) - 831edaa1-80a5-4091-843f-90c648a5a79d: start FollowerState
2019-10-17 07:10:40,992 [Thread-2152] INFO  impl.FollowerState (FollowerState.java:run(117)) - 67ae3572-7d88-4e50-b53b-0f48f6748b38@group-233C052D78D6-FollowerState was interrupted: java.lang.InterruptedException: sleep interrupted
2019-10-17 07:10:40,992 [grpc-default-executor-9] INFO  impl.RoleInfo (RoleInfo.java:updateAndGet(143)) - 67ae3572-7d88-4e50-b53b-0f48f6748b38: start FollowerState
2019-10-17 07:10:41,007 [5c4ee31d-c5ed-4c65-a5df-da3e3cf53ac2@group-233C052D78D6-LeaderElection264] INFO  impl.LeaderElection (LeaderElection.java:logAndReturn(56)) - 5c4ee31d-c5ed-4c65-a5df-da3e3cf53ac2@group-233C052D78D6-LeaderElection264: Election REJECTED; received 2 response(s) [5c4ee31d-c5ed-4c65-a5df-da3e3cf53ac2<-67ae3572-7d88-4e50-b53b-0f48f6748b38#0:FAIL-t140, 5c4ee31d-c5ed-4c65-a5df-da3e3cf53ac2<-831edaa1-80a5-4091-843f-90c648a5a79d#0:FAIL-t140] and 0 exception(s); 5c4ee31d-c5ed-4c65-a5df-da3e3cf53ac2@group-233C052D78D6:t140, leader=null, voted=5c4ee31d-c5ed-4c65-a5df-da3e3cf53ac2, raftlog=5c4ee31d-c5ed-4c65-a5df-da3e3cf53ac2@group-233C052D78D6-SegmentedRaftLog:OPENED:c-1,f-1,i0, conf=-1: [67ae3572-7d88-4e50-b53b-0f48f6748b38:192.168.157.211:41299, 831edaa1-80a5-4091-843f-90c648a5a79d:192.168.157.211:44365, 5c4ee31d-c5ed-4c65-a5df-da3e3cf53ac2:192.168.157.211:45059], old=null
2019-10-17 07:10:41,007 [5c4ee31d-c5ed-4c65-a5df-da3e3cf53ac2@group-233C052D78D6-LeaderElection264] INFO  impl.RaftServerImpl (RaftServerImpl.java:setRole(184)) - 5c4ee31d-c5ed-4c65-a5df-da3e3cf53ac2@group-233C052D78D6: changes role from CANDIDATE to FOLLOWER at term 140 for DISCOVERED_A_NEW_TERM
2019-10-17 07:10:41,007 [5c4ee31d-c5ed-4c65-a5df-da3e3cf53ac2@group-233C052D78D6-LeaderElection264] INFO  impl.RoleInfo (RoleInfo.java:shutdownLeaderElection(134)) - 5c4ee31d-c5ed-4c65-a5df-da3e3cf53ac2: shutdown LeaderElection
2019-10-17 07:10:41,007 [5c4ee31d-c5ed-4c65-a5df-da3e3cf53ac2@group-233C052D78D6-LeaderElection264] INFO  impl.RoleInfo (RoleInfo.java:updateAndGet(143)) - 5c4ee31d-c5ed-4c65-a5df-da3e3cf53ac2: start FollowerState
2019-10-17 07:10:41,040 [Thread-2165] INFO  impl.FollowerState (FollowerState.java:run(108)) - decc5551-dd4b-40dc-8ff5-b6b450d67f6f@group-42ACBF6EBE4E-FollowerState: change to CANDIDATE, lastRpcTime:157ms, electionTimeout:157ms
2019-10-17 07:10:41,040 [Thread-2165] INFO  impl.RoleInfo (RoleInfo.java:shutdownFollowerState(121)) - decc5551-dd4b-40dc-8ff5-b6b450d67f6f: shutdown FollowerState
2019-10-17 07:10:41,040 [Thread-2165] INFO  impl.RaftServerImpl (RaftServerImpl.java:setRole(184)) - decc5551-dd4b-40dc-8ff5-b6b450d67f6f@group-42ACBF6EBE4E: changes role from  FOLLOWER to CANDIDATE at term 140 for changeToCandidate
2019-10-17 07:10:41,040 [Thread-2165] INFO  impl.RoleInfo (RoleInfo.java:updateAndGet(143)) - decc5551-dd4b-40dc-8ff5-b6b450d67f6f: start LeaderElection
2019-10-17 07:10:41,050 [decc5551-dd4b-40dc-8ff5-b6b450d67f6f@group-42ACBF6EBE4E-LeaderElection265] INFO  impl.LeaderElection (LeaderElection.java:askForVotes(178)) - decc5551-dd4b-40dc-8ff5-b6b450d67f6f@group-42ACBF6EBE4E-LeaderElection265: begin an election at term 141 for -1: [215fceca-0555-458b-bc4f-ba38ff24d5ba:192.168.157.211:43803, decc5551-dd4b-40dc-8ff5-b6b450d67f6f:192.168.157.211:34435, 0c631657-10a5-4e2a-a322-8fc6c651b2ed:192.168.157.211:41694], old=null
2019-10-17 07:10:41,052 [grpc-default-executor-9] INFO  impl.RaftServerImpl (RaftServerImpl.java:setRole(184)) - 215fceca-0555-458b-bc4f-ba38ff24d5ba@group-42ACBF6EBE4E: changes role from  FOLLOWER to FOLLOWER at term 141 for recognizeCandidate:decc5551-dd4b-40dc-8ff5-b6b450d67f6f
2019-10-17 07:10:41,053 [grpc-default-executor-9] INFO  impl.RoleInfo (RoleInfo.java:shutdownFollowerState(121)) - 215fceca-0555-458b-bc4f-ba38ff24d5ba: shutdown FollowerState
2019-10-17 07:10:41,053 [grpc-default-executor-9] INFO  impl.RoleInfo (RoleInfo.java:updateAndGet(143)) - 215fceca-0555-458b-bc4f-ba38ff24d5ba: start FollowerState
2019-10-17 07:10:41,053 [Thread-2163] INFO  impl.FollowerState (FollowerState.java:run(117)) - 215fceca-0555-458b-bc4f-ba38ff24d5ba@group-42ACBF6EBE4E-FollowerState was interrupted: java.lang.InterruptedException: sleep interrupted
2019-10-17 07:10:41,053 [grpc-default-executor-7] INFO  impl.RaftServerImpl (RaftServerImpl.java:setRole(184)) - 0c631657-10a5-4e2a-a322-8fc6c651b2ed@group-42ACBF6EBE4E: changes role from  FOLLOWER to FOLLOWER at term 141 for recognizeCandidate:decc5551-dd4b-40dc-8ff5-b6b450d67f6f
2019-10-17 07:10:41,053 [grpc-default-executor-7] INFO  impl.RoleInfo (RoleInfo.java:shutdownFollowerState(121)) - 0c631657-10a5-4e2a-a322-8fc6c651b2ed: shutdown FollowerState
2019-10-17 07:10:41,053 [grpc-default-executor-7] INFO  impl.RoleInfo (RoleInfo.java:updateAndGet(143)) - 0c631657-10a5-4e2a-a322-8fc6c651b2ed: start FollowerState
2019-10-17 07:10:41,054 [Thread-2164] INFO  impl.FollowerState (FollowerState.java:run(117)) - 0c631657-10a5-4e2a-a322-8fc6c651b2ed@group-42ACBF6EBE4E-FollowerState was interrupted: java.lang.InterruptedException: sleep interrupted
2019-10-17 07:10:41,067 [decc5551-dd4b-40dc-8ff5-b6b450d67f6f@group-42ACBF6EBE4E-LeaderElection265] INFO  impl.LeaderElection (LeaderElection.java:logAndReturn(56)) - decc5551-dd4b-40dc-8ff5-b6b450d67f6f@group-42ACBF6EBE4E-LeaderElection265: Election REJECTED; received 2 response(s) [decc5551-dd4b-40dc-8ff5-b6b450d67f6f<-215fceca-0555-458b-bc4f-ba38ff24d5ba#0:FAIL-t141, decc5551-dd4b-40dc-8ff5-b6b450d67f6f<-0c631657-10a5-4e2a-a322-8fc6c651b2ed#0:FAIL-t141] and 0 exception(s); decc5551-dd4b-40dc-8ff5-b6b450d67f6f@group-42ACBF6EBE4E:t141, leader=null, voted=decc5551-dd4b-40dc-8ff5-b6b450d67f6f, raftlog=decc5551-dd4b-40dc-8ff5-b6b450d67f6f@group-42ACBF6EBE4E-SegmentedRaftLog:OPENED:c-1,f-1,i0, conf=-1: [215fceca-0555-458b-bc4f-ba38ff24d5ba:192.168.157.211:43803, decc5551-dd4b-40dc-8ff5-b6b450d67f6f:192.168.157.211:34435, 0c631657-10a5-4e2a-a322-8fc6c651b2ed:192.168.157.211:41694], old=null
2019-10-17 07:10:41,068 [decc5551-dd4b-40dc-8ff5-b6b450d67f6f@group-42ACBF6EBE4E-LeaderElection265] INFO  impl.RaftServerImpl (RaftServerImpl.java:setRole(184)) - decc5551-dd4b-40dc-8ff5-b6b450d67f6f@group-42ACBF6EBE4E: changes role from CANDIDATE to FOLLOWER at term 141 for DISCOVERED_A_NEW_TERM
2019-10-17 07:10:41,068 [decc5551-dd4b-40dc-8ff5-b6b450d67f6f@group-42ACBF6EBE4E-LeaderElection265] INFO  impl.RoleInfo (RoleInfo.java:shutdownLeaderElection(134)) - decc5551-dd4b-40dc-8ff5-b6b450d67f6f: shutdown LeaderElection
2019-10-17 07:10:41,068 [decc5551-dd4b-40dc-8ff5-b6b450d67f6f@group-42ACBF6EBE4E-LeaderElection265] INFO  impl.RoleInfo (RoleInfo.java:updateAndGet(143)) - decc5551-dd4b-40dc-8ff5-b6b450d67f6f: start FollowerState
2019-10-17 07:10:41,206 [Thread-2171] INFO  impl.FollowerState (FollowerState.java:run(108)) - 5c4ee31d-c5ed-4c65-a5df-da3e3cf53ac2@group-233C052D78D6-FollowerState: change to CANDIDATE, lastRpcTime:199ms, electionTimeout:199ms
2019-10-17 07:10:41,207 [Thread-2171] INFO  impl.RoleInfo (RoleInfo.java:shutdownFollowerState(121)) - 5c4ee31d-c5ed-4c65-a5df-da3e3cf53ac2: shutdown FollowerState
2019-10-17 07:10:41,207 [Thread-2171] INFO  impl.RaftServerImpl (RaftServerImpl.java:setRole(184)) - 5c4ee31d-c5ed-4c65-a5df-da3e3cf53ac2@group-233C052D78D6: changes role from  FOLLOWER to CANDIDATE at term 140 for changeToCandidate
2019-10-17 07:10:41,207 [Thread-2171] INFO  impl.RoleInfo (RoleInfo.java:updateAndGet(143)) - 5c4ee31d-c5ed-4c65-a5df-da3e3cf53ac2: start LeaderElection
2019-10-17 07:10:41,221 [5c4ee31d-c5ed-4c65-a5df-da3e3cf53ac2@group-233C052D78D6-LeaderElection266] INFO  impl.LeaderElection (LeaderElection.java:askForVotes(178)) - 5c4ee31d-c5ed-4c65-a5df-da3e3cf53ac2@group-233C052D78D6-LeaderElection266: begin an election at term 141 for -1: [67ae3572-7d88-4e50-b53b-0f48f6748b38:192.168.157.211:41299, 831edaa1-80a5-4091-843f-90c648a5a79d:192.168.157.211:44365, 5c4ee31d-c5ed-4c65-a5df-da3e3cf53ac2:192.168.157.211:45059], old=null
2019-10-17 07:10:41,224 [grpc-default-executor-7] INFO  impl.RaftServerImpl (RaftServerImpl.java:setRole(184)) - 67ae3572-7d88-4e50-b53b-0f48f6748b38@group-233C052D78D6: changes role from  FOLLOWER to FOLLOWER at term 141 for recognizeCandidate:5c4ee31d-c5ed-4c65-a5df-da3e3cf53ac2
2019-10-17 07:10:41,224 [grpc-default-executor-7] INFO  impl.RoleInfo (RoleInfo.java:shutdownFollowerState(121)) - 67ae3572-7d88-4e50-b53b-0f48f6748b38: shutdown FollowerState
2019-10-17 07:10:41,224 [grpc-default-executor-7] INFO  impl.RoleInfo (RoleInfo.java:updateAndGet(143)) - 67ae3572-7d88-4e50-b53b-0f48f6748b38: start FollowerState
2019-10-17 07:10:41,224 [Thread-2170] INFO  impl.FollowerState (FollowerState.java:run(117)) - 67ae3572-7d88-4e50-b53b-0f48f6748b38@group-233C052D78D6-FollowerState was interrupted: java.lang.InterruptedException: sleep interrupted
2019-10-17 07:10:41,224 [grpc-default-executor-9] INFO  impl.RaftServerImpl (RaftServerImpl.java:setRole(184)) - 831edaa1-80a5-4091-843f-90c648a5a79d@group-233C052D78D6: changes role from  FOLLOWER to FOLLOWER at term 141 for recognizeCandidate:5c4ee31d-c5ed-4c65-a5df-da3e3cf53ac2
2019-10-17 07:10:41,225 [grpc-default-executor-9] INFO  impl.RoleInfo (RoleInfo.java:shutdownFollowerState(121)) - 831edaa1-80a5-4091-843f-90c648a5a79d: shutdown FollowerState
2019-10-17 07:10:41,225 [grpc-default-executor-9] INFO  impl.RoleInfo (RoleInfo.java:updateAndGet(143)) - 831edaa1-80a5-4091-843f-90c648a5a79d: start FollowerState
2019-10-17 07:10:41,225 [Thread-2169] INFO  impl.FollowerState (FollowerState.java:run(117)) - 831edaa1-80a5-4091-843f-90c648a5a79d@group-233C052D78D6-FollowerState was interrupted: java.lang.InterruptedException: sleep interrupted
2019-10-17 07:10:41,238 [5c4ee31d-c5ed-4c65-a5df-da3e3cf53ac2@group-233C052D78D6-LeaderElection266] INFO  impl.LeaderElection (LeaderElection.java:logAndReturn(56)) - 5c4ee31d-c5ed-4c65-a5df-da3e3cf53ac2@group-233C052D78D6-LeaderElection266: Election REJECTED; received 2 response(s) [5c4ee31d-c5ed-4c65-a5df-da3e3cf53ac2<-67ae3572-7d88-4e50-b53b-0f48f6748b38#0:FAIL-t141, 5c4ee31d-c5ed-4c65-a5df-da3e3cf53ac2<-831edaa1-80a5-4091-843f-90c648a5a79d#0:FAIL-t141] and 0 exception(s); 5c4ee31d-c5ed-4c65-a5df-da3e3cf53ac2@group-233C052D78D6:t141, leader=null, voted=5c4ee31d-c5ed-4c65-a5df-da3e3cf53ac2, raftlog=5c4ee31d-c5ed-4c65-a5df-da3e3cf53ac2@group-233C052D78D6-SegmentedRaftLog:OPENED:c-1,f-1,i0, conf=-1: [67ae3572-7d88-4e50-b53b-0f48f6748b38:192.168.157.211:41299, 831edaa1-80a5-4091-843f-90c648a5a79d:192.168.157.211:44365, 5c4ee31d-c5ed-4c65-a5df-da3e3cf53ac2:192.168.157.211:45059], old=null
2019-10-17 07:10:41,238 [5c4ee31d-c5ed-4c65-a5df-da3e3cf53ac2@group-233C052D78D6-LeaderElection266] INFO  impl.RaftServerImpl (RaftServerImpl.java:setRole(184)) - 5c4ee31d-c5ed-4c65-a5df-da3e3cf53ac2@group-233C052D78D6: changes role from CANDIDATE to FOLLOWER at term 141 for DISCOVERED_A_NEW_TERM
2019-10-17 07:10:41,239 [5c4ee31d-c5ed-4c65-a5df-da3e3cf53ac2@group-233C052D78D6-LeaderElection266] INFO  impl.RoleInfo (RoleInfo.java:shutdownLeaderElection(134)) - 5c4ee31d-c5ed-4c65-a5df-da3e3cf53ac2: shutdown LeaderElection
2019-10-17 07:10:41,239 [5c4ee31d-c5ed-4c65-a5df-da3e3cf53ac2@group-233C052D78D6-LeaderElection266] INFO  impl.RoleInfo (RoleInfo.java:updateAndGet(143)) - 5c4ee31d-c5ed-4c65-a5df-da3e3cf53ac2: start FollowerState
2019-10-17 07:10:41,249 [Thread-2177] INFO  impl.FollowerState (FollowerState.java:run(108)) - decc5551-dd4b-40dc-8ff5-b6b450d67f6f@group-42ACBF6EBE4E-FollowerState: change to CANDIDATE, lastRpcTime:180ms, electionTimeout:180ms
2019-10-17 07:10:41,249 [Thread-2177] INFO  impl.RoleInfo (RoleInfo.java:shutdownFollowerState(121)) - decc5551-dd4b-40dc-8ff5-b6b450d67f6f: shutdown FollowerState
2019-10-17 07:10:41,249 [Thread-2177] INFO  impl.RaftServerImpl (RaftServerImpl.java:setRole(184)) - decc5551-dd4b-40dc-8ff5-b6b450d67f6f@group-42ACBF6EBE4E: changes role from  FOLLOWER to CANDIDATE at term 141 for changeToCandidate
2019-10-17 07:10:41,249 [Thread-2177] INFO  impl.RoleInfo (RoleInfo.java:updateAndGet(143)) - decc5551-dd4b-40dc-8ff5-b6b450d67f6f: start LeaderElection
2019-10-17 07:10:41,262 [decc5551-dd4b-40dc-8ff5-b6b450d67f6f@group-42ACBF6EBE4E-LeaderElection267] INFO  impl.LeaderElection (LeaderElection.java:askForVotes(178)) - decc5551-dd4b-40dc-8ff5-b6b450d67f6f@group-42ACBF6EBE4E-LeaderElection267: begin an election at term 142 for -1: [215fceca-0555-458b-bc4f-ba38ff24d5ba:192.168.157.211:43803, decc5551-dd4b-40dc-8ff5-b6b450d67f6f:192.168.157.211:34435, 0c631657-10a5-4e2a-a322-8fc6c651b2ed:192.168.157.211:41694], old=null
2019-10-17 07:10:41,264 [Thread-2184] INFO  impl.FollowerState (FollowerState.java:run(108)) - 5c4ee31d-c5ed-4c65-a5df-da3e3cf53ac2@group-233C052D78D6-FollowerState: change to CANDIDATE, lastRpcTime:25ms, electionTimeout:25ms
2019-10-17 07:10:41,264 [Thread-2184] INFO  impl.RoleInfo (RoleInfo.java:shutdownFollowerState(121)) - 5c4ee31d-c5ed-4c65-a5df-da3e3cf53ac2: shutdown FollowerState
2019-10-17 07:10:41,264 [grpc-default-executor-9] INFO  impl.RaftServerImpl (RaftServerImpl.java:setRole(184)) - 0c631657-10a5-4e2a-a322-8fc6c651b2ed@group-42ACBF6EBE4E: changes role from  FOLLOWER to FOLLOWER at term 142 for recognizeCandidate:decc5551-dd4b-40dc-8ff5-b6b450d67f6f
2019-10-17 07:10:41,265 [grpc-default-executor-9] INFO  impl.RoleInfo (RoleInfo.java:shutdownFollowerState(121)) - 0c631657-10a5-4e2a-a322-8fc6c651b2ed: shutdown FollowerState
2019-10-17 07:10:41,264 [Thread-2184] INFO  impl.RaftServerImpl (RaftServerImpl.java:setRole(184)) - 5c4ee31d-c5ed-4c65-a5df-da3e3cf53ac2@group-233C052D78D6: changes role from  FOLLOWER to CANDIDATE at term 141 for changeToCandidate
2019-10-17 07:10:41,265 [Thread-2176] INFO  impl.FollowerState (FollowerState.java:run(117)) - 0c631657-10a5-4e2a-a322-8fc6c651b2ed@group-42ACBF6EBE4E-FollowerState was interrupted: java.lang.InterruptedException: sleep interrupted
2019-10-17 07:10:41,265 [grpc-default-executor-9] INFO  impl.RoleInfo (RoleInfo.java:updateAndGet(143)) - 0c631657-10a5-4e2a-a322-8fc6c651b2ed: start FollowerState
2019-10-17 07:10:41,265 [grpc-default-executor-7] INFO  impl.RaftServerImpl (RaftServerImpl.java:setRole(184)) - 215fceca-0555-458b-bc4f-ba38ff24d5ba@group-42ACBF6EBE4E: changes role from  FOLLOWER to FOLLOWER at term 142 for recognizeCandidate:decc5551-dd4b-40dc-8ff5-b6b450d67f6f
2019-10-17 07:10:41,265 [grpc-default-executor-7] INFO  impl.RoleInfo (RoleInfo.java:shutdownFollowerState(121)) - 215fceca-0555-458b-bc4f-ba38ff24d5ba: shutdown FollowerState
2019-10-17 07:10:41,265 [Thread-2184] INFO  impl.RoleInfo (RoleInfo.java:updateAndGet(143)) - 5c4ee31d-c5ed-4c65-a5df-da3e3cf53ac2: start LeaderElection
2019-10-17 07:10:41,265 [grpc-default-executor-7] INFO  impl.RoleInfo (RoleInfo.java:updateAndGet(143)) - 215fceca-0555-458b-bc4f-ba38ff24d5ba: start FollowerState
2019-10-17 07:10:41,265 [Thread-2175] INFO  impl.FollowerState (FollowerState.java:run(117)) - 215fceca-0555-458b-bc4f-ba38ff24d5ba@group-42ACBF6EBE4E-FollowerState was interrupted: java.lang.InterruptedException: sleep interrupted
2019-10-17 07:10:41,283 [5c4ee31d-c5ed-4c65-a5df-da3e3cf53ac2@group-233C052D78D6-LeaderElection268] INFO  impl.LeaderElection (LeaderElection.java:askForVotes(178)) - 5c4ee31d-c5ed-4c65-a5df-da3e3cf53ac2@group-233C052D78D6-LeaderElection268: begin an election at term 142 for -1: [67ae3572-7d88-4e50-b53b-0f48f6748b38:192.168.157.211:41299, 831edaa1-80a5-4091-843f-90c648a5a79d:192.168.157.211:44365, 5c4ee31d-c5ed-4c65-a5df-da3e3cf53ac2:192.168.157.211:45059], old=null
2019-10-17 07:10:41,283 [decc5551-dd4b-40dc-8ff5-b6b450d67f6f@group-42ACBF6EBE4E-LeaderElection267] INFO  impl.LeaderElection (LeaderElection.java:logAndReturn(56)) - decc5551-dd4b-40dc-8ff5-b6b450d67f6f@group-42ACBF6EBE4E-LeaderElection267: Election REJECTED; received 2 response(s) [decc5551-dd4b-40dc-8ff5-b6b450d67f6f<-215fceca-0555-458b-bc4f-ba38ff24d5ba#0:FAIL-t142, decc5551-dd4b-40dc-8ff5-b6b450d67f6f<-0c631657-10a5-4e2a-a322-8fc6c651b2ed#0:FAIL-t142] and 0 exception(s); decc5551-dd4b-40dc-8ff5-b6b450d67f6f@group-42ACBF6EBE4E:t142, leader=null, voted=decc5551-dd4b-40dc-8ff5-b6b450d67f6f, raftlog=decc5551-dd4b-40dc-8ff5-b6b450d67f6f@group-42ACBF6EBE4E-SegmentedRaftLog:OPENED:c-1,f-1,i0, conf=-1: [215fceca-0555-458b-bc4f-ba38ff24d5ba:192.168.157.211:43803, decc5551-dd4b-40dc-8ff5-b6b450d67f6f:192.168.157.211:34435, 0c631657-10a5-4e2a-a322-8fc6c651b2ed:192.168.157.211:41694], old=null
2019-10-17 07:10:41,284 [decc5551-dd4b-40dc-8ff5-b6b450d67f6f@group-42ACBF6EBE4E-LeaderElection267] INFO  impl.RaftServerImpl (RaftServerImpl.java:setRole(184)) - decc5551-dd4b-40dc-8ff5-b6b450d67f6f@group-42ACBF6EBE4E: changes role from CANDIDATE to FOLLOWER at term 142 for DISCOVERED_A_NEW_TERM
2019-10-17 07:10:41,284 [decc5551-dd4b-40dc-8ff5-b6b450d67f6f@group-42ACBF6EBE4E-LeaderElection267] INFO  impl.RoleInfo (RoleInfo.java:shutdownLeaderElection(134)) - decc5551-dd4b-40dc-8ff5-b6b450d67f6f: shutdown LeaderElection
2019-10-17 07:10:41,284 [decc5551-dd4b-40dc-8ff5-b6b450d67f6f@group-42ACBF6EBE4E-LeaderElection267] INFO  impl.RoleInfo (RoleInfo.java:updateAndGet(143)) - decc5551-dd4b-40dc-8ff5-b6b450d67f6f: start FollowerState
2019-10-17 07:10:41,285 [grpc-default-executor-7] INFO  impl.RaftServerImpl (RaftServerImpl.java:setRole(184)) - 67ae3572-7d88-4e50-b53b-0f48f6748b38@group-233C052D78D6: changes role from  FOLLOWER to FOLLOWER at term 142 for recognizeCandidate:5c4ee31d-c5ed-4c65-a5df-da3e3cf53ac2
2019-10-17 07:10:41,285 [grpc-default-executor-7] INFO  impl.RoleInfo (RoleInfo.java:shutdownFollowerState(121)) - 67ae3572-7d88-4e50-b53b-0f48f6748b38: shutdown FollowerState
2019-10-17 07:10:41,286 [grpc-default-executor-7] INFO  impl.RoleInfo (RoleInfo.java:updateAndGet(143)) - 67ae3572-7d88-4e50-b53b-0f48f6748b38: start FollowerState
2019-10-17 07:10:41,286 [Thread-2182] INFO  impl.FollowerState (FollowerState.java:run(117)) - 67ae3572-7d88-4e50-b53b-0f48f6748b38@group-233C052D78D6-FollowerState was interrupted: java.lang.InterruptedException: sleep interrupted
2019-10-17 07:10:41,286 [grpc-default-executor-9] INFO  impl.RaftServerImpl (RaftServerImpl.java:setRole(184)) - 831edaa1-80a5-4091-843f-90c648a5a79d@group-233C052D78D6: changes role from  FOLLOWER to FOLLOWER at term 142 for recognizeCandidate:5c4ee31d-c5ed-4c65-a5df-da3e3cf53ac2
2019-10-17 07:10:41,286 [grpc-default-executor-9] INFO  impl.RoleInfo (RoleInfo.java:shutdownFollowerState(121)) - 831edaa1-80a5-4091-843f-90c648a5a79d: shutdown FollowerState
2019-10-17 07:10:41,286 [grpc-default-executor-9] INFO  impl.RoleInfo (RoleInfo.java:updateAndGet(143)) - 831edaa1-80a5-4091-843f-90c648a5a79d: start FollowerState
2019-10-17 07:10:41,286 [Thread-2183] INFO  impl.FollowerState (FollowerState.java:run(117)) - 831edaa1-80a5-4091-843f-90c648a5a79d@group-233C052D78D6-FollowerState was interrupted: java.lang.InterruptedException: sleep interrupted
2019-10-17 07:10:41,298 [5c4ee31d-c5ed-4c65-a5df-da3e3cf53ac2@group-233C052D78D6-LeaderElection268] INFO  impl.LeaderElection (LeaderElection.java:logAndReturn(56)) - 5c4ee31d-c5ed-4c65-a5df-da3e3cf53ac2@group-233C052D78D6-LeaderElection268: Election REJECTED; received 2 response(s) [5c4ee31d-c5ed-4c65-a5df-da3e3cf53ac2<-67ae3572-7d88-4e50-b53b-0f48f6748b38#0:FAIL-t142, 5c4ee31d-c5ed-4c65-a5df-da3e3cf53ac2<-831edaa1-80a5-4091-843f-90c648a5a79d#0:FAIL-t142] and 0 exception(s); 5c4ee31d-c5ed-4c65-a5df-da3e3cf53ac2@group-233C052D78D6:t142, leader=null, voted=5c4ee31d-c5ed-4c65-a5df-da3e3cf53ac2, raftlog=5c4ee31d-c5ed-4c65-a5df-da3e3cf53ac2@group-233C052D78D6-SegmentedRaftLog:OPENED:c-1,f-1,i0, conf=-1: [67ae3572-7d88-4e50-b53b-0f48f6748b38:192.168.157.211:41299, 831edaa1-80a5-4091-843f-90c648a5a79d:192.168.157.211:44365, 5c4ee31d-c5ed-4c65-a5df-da3e3cf53ac2:192.168.157.211:45059], old=null
2019-10-17 07:10:41,298 [5c4ee31d-c5ed-4c65-a5df-da3e3cf53ac2@group-233C052D78D6-LeaderElection268] INFO  impl.RaftServerImpl (RaftServerImpl.java:setRole(184)) - 5c4ee31d-c5ed-4c65-a5df-da3e3cf53ac2@group-233C052D78D6: changes role from CANDIDATE to FOLLOWER at term 142 for DISCOVERED_A_NEW_TERM
2019-10-17 07:10:41,298 [5c4ee31d-c5ed-4c65-a5df-da3e3cf53ac2@group-233C052D78D6-LeaderElection268] INFO  impl.RoleInfo (RoleInfo.java:shutdownLeaderElection(134)) - 5c4ee31d-c5ed-4c65-a5df-da3e3cf53ac2: shutdown LeaderElection
2019-10-17 07:10:41,298 [5c4ee31d-c5ed-4c65-a5df-da3e3cf53ac2@group-233C052D78D6-LeaderElection268] INFO  impl.RoleInfo (RoleInfo.java:updateAndGet(143)) - 5c4ee31d-c5ed-4c65-a5df-da3e3cf53ac2: start FollowerState
2019-10-17 07:10:41,319 [Thread-2193] INFO  impl.FollowerState (FollowerState.java:run(108)) - decc5551-dd4b-40dc-8ff5-b6b450d67f6f@group-42ACBF6EBE4E-FollowerState: change to CANDIDATE, lastRpcTime:35ms, electionTimeout:35ms
2019-10-17 07:10:41,320 [Thread-2193] INFO  impl.RoleInfo (RoleInfo.java:shutdownFollowerState(121)) - decc5551-dd4b-40dc-8ff5-b6b450d67f6f: shutdown FollowerState
2019-10-17 07:10:41,320 [Thread-2193] INFO  impl.RaftServerImpl (RaftServerImpl.java:setRole(184)) - decc5551-dd4b-40dc-8ff5-b6b450d67f6f@group-42ACBF6EBE4E: changes role from  FOLLOWER to CANDIDATE at term 142 for changeToCandidate
2019-10-17 07:10:41,320 [Thread-2193] INFO  impl.RoleInfo (RoleInfo.java:updateAndGet(143)) - decc5551-dd4b-40dc-8ff5-b6b450d67f6f: start LeaderElection
2019-10-17 07:10:41,333 [decc5551-dd4b-40dc-8ff5-b6b450d67f6f@group-42ACBF6EBE4E-LeaderElection269] INFO  impl.LeaderElection (LeaderElection.java:askForVotes(178)) - decc5551-dd4b-40dc-8ff5-b6b450d67f6f@group-42ACBF6EBE4E-LeaderElection269: begin an election at term 143 for -1: [215fceca-0555-458b-bc4f-ba38ff24d5ba:192.168.157.211:43803, decc5551-dd4b-40dc-8ff5-b6b450d67f6f:192.168.157.211:34435, 0c631657-10a5-4e2a-a322-8fc6c651b2ed:192.168.157.211:41694], old=null
2019-10-17 07:10:41,336 [grpc-default-executor-7] INFO  impl.RaftServerImpl (RaftServerImpl.java:setRole(184)) - 215fceca-0555-458b-bc4f-ba38ff24d5ba@group-42ACBF6EBE4E: changes role from  FOLLOWER to FOLLOWER at term 143 for recognizeCandidate:decc5551-dd4b-40dc-8ff5-b6b450d67f6f
2019-10-17 07:10:41,336 [grpc-default-executor-7] INFO  impl.RoleInfo (RoleInfo.java:shutdownFollowerState(121)) - 215fceca-0555-458b-bc4f-ba38ff24d5ba: shutdown FollowerState
2019-10-17 07:10:41,336 [grpc-default-executor-7] INFO  impl.RoleInfo (RoleInfo.java:updateAndGet(143)) - 215fceca-0555-458b-bc4f-ba38ff24d5ba: start FollowerState
2019-10-17 07:10:41,336 [Thread-2190] INFO  impl.FollowerState (FollowerState.java:run(117)) - 215fceca-0555-458b-bc4f-ba38ff24d5ba@group-42ACBF6EBE4E-FollowerState was interrupted: java.lang.InterruptedException: sleep interrupted
2019-10-17 07:10:41,336 [grpc-default-executor-9] INFO  impl.RaftServerImpl (RaftServerImpl.java:setRole(184)) - 0c631657-10a5-4e2a-a322-8fc6c651b2ed@group-42ACBF6EBE4E: changes role from  FOLLOWER to FOLLOWER at term 143 for recognizeCandidate:decc5551-dd4b-40dc-8ff5-b6b450d67f6f
2019-10-17 07:10:41,337 [grpc-default-executor-9] INFO  impl.RoleInfo (RoleInfo.java:shutdownFollowerState(121)) - 0c631657-10a5-4e2a-a322-8fc6c651b2ed: shutdown FollowerState
2019-10-17 07:10:41,337 [grpc-default-executor-9] INFO  impl.RoleInfo (RoleInfo.java:updateAndGet(143)) - 0c631657-10a5-4e2a-a322-8fc6c651b2ed: start FollowerState
2019-10-17 07:10:41,337 [Thread-2188] INFO  impl.FollowerState (FollowerState.java:run(117)) - 0c631657-10a5-4e2a-a322-8fc6c651b2ed@group-42ACBF6EBE4E-FollowerState was interrupted: java.lang.InterruptedException: sleep interrupted
2019-10-17 07:10:41,351 [decc5551-dd4b-40dc-8ff5-b6b450d67f6f@group-42ACBF6EBE4E-LeaderElection269] INFO  impl.LeaderElection (LeaderElection.java:logAndReturn(56)) - decc5551-dd4b-40dc-8ff5-b6b450d67f6f@group-42ACBF6EBE4E-LeaderElection269: Election REJECTED; received 2 response(s) [decc5551-dd4b-40dc-8ff5-b6b450d67f6f<-215fceca-0555-458b-bc4f-ba38ff24d5ba#0:FAIL-t143, decc5551-dd4b-40dc-8ff5-b6b450d67f6f<-0c631657-10a5-4e2a-a322-8fc6c651b2ed#0:FAIL-t143] and 0 exception(s); decc5551-dd4b-40dc-8ff5-b6b450d67f6f@group-42ACBF6EBE4E:t143, leader=null, voted=decc5551-dd4b-40dc-8ff5-b6b450d67f6f, raftlog=decc5551-dd4b-40dc-8ff5-b6b450d67f6f@group-42ACBF6EBE4E-SegmentedRaftLog:OPENED:c-1,f-1,i0, conf=-1: [215fceca-0555-458b-bc4f-ba38ff24d5ba:192.168.157.211:43803, decc5551-dd4b-40dc-8ff5-b6b450d67f6f:192.168.157.211:34435, 0c631657-10a5-4e2a-a322-8fc6c651b2ed:192.168.157.211:41694], old=null
2019-10-17 07:10:41,351 [decc5551-dd4b-40dc-8ff5-b6b450d67f6f@group-42ACBF6EBE4E-LeaderElection269] INFO  impl.RaftServerImpl (RaftServerImpl.java:setRole(184)) - decc5551-dd4b-40dc-8ff5-b6b450d67f6f@group-42ACBF6EBE4E: changes role from CANDIDATE to FOLLOWER at term 143 for DISCOVERED_A_NEW_TERM
2019-10-17 07:10:41,351 [decc5551-dd4b-40dc-8ff5-b6b450d67f6f@group-42ACBF6EBE4E-LeaderElection269] INFO  impl.RoleInfo (RoleInfo.java:shutdownLeaderElection(134)) - decc5551-dd4b-40dc-8ff5-b6b450d67f6f: shutdown LeaderElection
2019-10-17 07:10:41,352 [decc5551-dd4b-40dc-8ff5-b6b450d67f6f@group-42ACBF6EBE4E-LeaderElection269] INFO  impl.RoleInfo (RoleInfo.java:updateAndGet(143)) - decc5551-dd4b-40dc-8ff5-b6b450d67f6f: start FollowerState
2019-10-17 07:10:41,421 [Thread-2202] INFO  impl.FollowerState (FollowerState.java:run(108)) - decc5551-dd4b-40dc-8ff5-b6b450d67f6f@group-42ACBF6EBE4E-FollowerState: change to CANDIDATE, lastRpcTime:69ms, electionTimeout:69ms
2019-10-17 07:10:41,421 [Thread-2202] INFO  impl.RoleInfo (RoleInfo.java:shutdownFollowerState(121)) - decc5551-dd4b-40dc-8ff5-b6b450d67f6f: shutdown FollowerState
2019-10-17 07:10:41,421 [Thread-2202] INFO  impl.RaftServerImpl (RaftServerImpl.java:setRole(184)) - decc5551-dd4b-40dc-8ff5-b6b450d67f6f@group-42ACBF6EBE4E: changes role from  FOLLOWER to CANDIDATE at term 143 for changeToCandidate
2019-10-17 07:10:41,421 [Thread-2202] INFO  impl.RoleInfo (RoleInfo.java:updateAndGet(143)) - decc5551-dd4b-40dc-8ff5-b6b450d67f6f: start LeaderElection
2019-10-17 07:10:41,427 [Thread-2196] INFO  impl.FollowerState (FollowerState.java:run(108)) - 5c4ee31d-c5ed-4c65-a5df-da3e3cf53ac2@group-233C052D78D6-FollowerState: change to CANDIDATE, lastRpcTime:128ms, electionTimeout:128ms
2019-10-17 07:10:41,427 [Thread-2196] INFO  impl.RoleInfo (RoleInfo.java:shutdownFollowerState(121)) - 5c4ee31d-c5ed-4c65-a5df-da3e3cf53ac2: shutdown FollowerState
2019-10-17 07:10:41,427 [Thread-2196] INFO  impl.RaftServerImpl (RaftServerImpl.java:setRole(184)) - 5c4ee31d-c5ed-4c65-a5df-da3e3cf53ac2@group-233C052D78D6: changes role from  FOLLOWER to CANDIDATE at term 142 for changeToCandidate
2019-10-17 07:10:41,427 [Thread-2196] INFO  impl.RoleInfo (RoleInfo.java:updateAndGet(143)) - 5c4ee31d-c5ed-4c65-a5df-da3e3cf53ac2: start LeaderElection
2019-10-17 07:10:41,435 [5c4ee31d-c5ed-4c65-a5df-da3e3cf53ac2@group-233C052D78D6-LeaderElection271] INFO  impl.LeaderElection (LeaderElection.java:askForVotes(178)) - 5c4ee31d-c5ed-4c65-a5df-da3e3cf53ac2@group-233C052D78D6-LeaderElection271: begin an election at term 143 for -1: [67ae3572-7d88-4e50-b53b-0f48f6748b38:192.168.157.211:41299, 831edaa1-80a5-4091-843f-90c648a5a79d:192.168.157.211:44365, 5c4ee31d-c5ed-4c65-a5df-da3e3cf53ac2:192.168.157.211:45059], old=null
2019-10-17 07:10:41,435 [decc5551-dd4b-40dc-8ff5-b6b450d67f6f@group-42ACBF6EBE4E-LeaderElection270] INFO  impl.LeaderElection (LeaderElection.java:askForVotes(178)) - decc5551-dd4b-40dc-8ff5-b6b450d67f6f@group-42ACBF6EBE4E-LeaderElection270: begin an election at term 144 for -1: [215fceca-0555-458b-bc4f-ba38ff24d5ba:192.168.157.211:43803, decc5551-dd4b-40dc-8ff5-b6b450d67f6f:192.168.157.211:34435, 0c631657-10a5-4e2a-a322-8fc6c651b2ed:192.168.157.211:41694], old=null
2019-10-17 07:10:41,437 [grpc-default-executor-9] INFO  impl.RaftServerImpl (RaftServerImpl.java:setRole(184)) - 67ae3572-7d88-4e50-b53b-0f48f6748b38@group-233C052D78D6: changes role from  FOLLOWER to FOLLOWER at term 143 for recognizeCandidate:5c4ee31d-c5ed-4c65-a5df-da3e3cf53ac2
2019-10-17 07:10:41,437 [grpc-default-executor-9] INFO  impl.RoleInfo (RoleInfo.java:shutdownFollowerState(121)) - 67ae3572-7d88-4e50-b53b-0f48f6748b38: shutdown FollowerState
2019-10-17 07:10:41,437 [grpc-default-executor-9] INFO  impl.RoleInfo (RoleInfo.java:updateAndGet(143)) - 67ae3572-7d88-4e50-b53b-0f48f6748b38: start FollowerState
2019-10-17 07:10:41,437 [grpc-default-executor-7] INFO  impl.RaftServerImpl (RaftServerImpl.java:setRole(184)) - 831edaa1-80a5-4091-843f-90c648a5a79d@group-233C052D78D6: changes role from  FOLLOWER to FOLLOWER at term 143 for recognizeCandidate:5c4ee31d-c5ed-4c65-a5df-da3e3cf53ac2
2019-10-17 07:10:41,438 [grpc-default-executor-7] INFO  impl.RoleInfo (RoleInfo.java:shutdownFollowerState(121)) - 831edaa1-80a5-4091-843f-90c648a5a79d: shutdown FollowerState
2019-10-17 07:10:41,438 [Thread-2194] INFO  impl.FollowerState (FollowerState.java:run(117)) - 67ae3572-7d88-4e50-b53b-0f48f6748b38@group-233C052D78D6-FollowerState was interrupted: java.lang.InterruptedException: sleep interrupted
2019-10-17 07:10:41,438 [Thread-2195] INFO  impl.FollowerState (FollowerState.java:run(117)) - 831edaa1-80a5-4091-843f-90c648a5a79d@group-233C052D78D6-FollowerState was interrupted: java.lang.InterruptedException: sleep interrupted
2019-10-17 07:10:41,438 [grpc-default-executor-7] INFO  impl.RoleInfo (RoleInfo.java:updateAndGet(143)) - 831edaa1-80a5-4091-843f-90c648a5a79d: start FollowerState
2019-10-17 07:10:41,439 [grpc-default-executor-4] INFO  impl.RaftServerImpl (RaftServerImpl.java:setRole(184)) - 0c631657-10a5-4e2a-a322-8fc6c651b2ed@group-42ACBF6EBE4E: changes role from  FOLLOWER to FOLLOWER at term 144 for recognizeCandidate:decc5551-dd4b-40dc-8ff5-b6b450d67f6f
2019-10-17 07:10:41,439 [grpc-default-executor-4] INFO  impl.RoleInfo (RoleInfo.java:shutdownFollowerState(121)) - 0c631657-10a5-4e2a-a322-8fc6c651b2ed: shutdown FollowerState
2019-10-17 07:10:41,439 [grpc-default-executor-4] INFO  impl.RoleInfo (RoleInfo.java:updateAndGet(143)) - 0c631657-10a5-4e2a-a322-8fc6c651b2ed: start FollowerState
2019-10-17 07:10:41,439 [Thread-2201] INFO  impl.FollowerState (FollowerState.java:run(117)) - 0c631657-10a5-4e2a-a322-8fc6c651b2ed@group-42ACBF6EBE4E-FollowerState was interrupted: java.lang.InterruptedException: sleep interrupted
2019-10-17 07:10:41,440 [grpc-default-executor-3] INFO  impl.RaftServerImpl (RaftServerImpl.java:setRole(184)) - 215fceca-0555-458b-bc4f-ba38ff24d5ba@group-42ACBF6EBE4E: changes role from  FOLLOWER to FOLLOWER at term 144 for recognizeCandidate:decc5551-dd4b-40dc-8ff5-b6b450d67f6f
2019-10-17 07:10:41,440 [grpc-default-executor-3] INFO  impl.RoleInfo (RoleInfo.java:shutdownFollowerState(121)) - 215fceca-0555-458b-bc4f-ba38ff24d5ba: shutdown FollowerState
2019-10-17 07:10:41,440 [grpc-default-executor-3] INFO  impl.RoleInfo (RoleInfo.java:updateAndGet(143)) - 215fceca-0555-458b-bc4f-ba38ff24d5ba: start FollowerState
2019-10-17 07:10:41,440 [Thread-2200] INFO  impl.FollowerState (FollowerState.java:run(117)) - 215fceca-0555-458b-bc4f-ba38ff24d5ba@group-42ACBF6EBE4E-FollowerState was interrupted: java.lang.InterruptedException: sleep interrupted
2019-10-17 07:10:41,452 [5c4ee31d-c5ed-4c65-a5df-da3e3cf53ac2@group-233C052D78D6-LeaderElection271] INFO  impl.LeaderElection (LeaderElection.java:logAndReturn(56)) - 5c4ee31d-c5ed-4c65-a5df-da3e3cf53ac2@group-233C052D78D6-LeaderElection271: Election REJECTED; received 2 response(s) [5c4ee31d-c5ed-4c65-a5df-da3e3cf53ac2<-67ae3572-7d88-4e50-b53b-0f48f6748b38#0:FAIL-t143, 5c4ee31d-c5ed-4c65-a5df-da3e3cf53ac2<-831edaa1-80a5-4091-843f-90c648a5a79d#0:FAIL-t143] and 0 exception(s); 5c4ee31d-c5ed-4c65-a5df-da3e3cf53ac2@group-233C052D78D6:t143, leader=null, voted=5c4ee31d-c5ed-4c65-a5df-da3e3cf53ac2, raftlog=5c4ee31d-c5ed-4c65-a5df-da3e3cf53ac2@group-233C052D78D6-SegmentedRaftLog:OPENED:c-1,f-1,i0, conf=-1: [67ae3572-7d88-4e50-b53b-0f48f6748b38:192.168.157.211:41299, 831edaa1-80a5-4091-843f-90c648a5a79d:192.168.157.211:44365, 5c4ee31d-c5ed-4c65-a5df-da3e3cf53ac2:192.168.157.211:45059], old=null
2019-10-17 07:10:41,452 [decc5551-dd4b-40dc-8ff5-b6b450d67f6f@group-42ACBF6EBE4E-LeaderElection270] INFO  impl.LeaderElection (LeaderElection.java:logAndReturn(56)) - decc5551-dd4b-40dc-8ff5-b6b450d67f6f@group-42ACBF6EBE4E-LeaderElection270: Election REJECTED; received 2 response(s) [decc5551-dd4b-40dc-8ff5-b6b450d67f6f<-215fceca-0555-458b-bc4f-ba38ff24d5ba#0:FAIL-t144, decc5551-dd4b-40dc-8ff5-b6b450d67f6f<-0c631657-10a5-4e2a-a322-8fc6c651b2ed#0:FAIL-t144] and 0 exception(s); decc5551-dd4b-40dc-8ff5-b6b450d67f6f@group-42ACBF6EBE4E:t144, leader=null, voted=decc5551-dd4b-40dc-8ff5-b6b450d67f6f, raftlog=decc5551-dd4b-40dc-8ff5-b6b450d67f6f@group-42ACBF6EBE4E-SegmentedRaftLog:OPENED:c-1,f-1,i0, conf=-1: [215fceca-0555-458b-bc4f-ba38ff24d5ba:192.168.157.211:43803, decc5551-dd4b-40dc-8ff5-b6b450d67f6f:192.168.157.211:34435, 0c631657-10a5-4e2a-a322-8fc6c651b2ed:192.168.157.211:41694], old=null
2019-10-17 07:10:41,452 [5c4ee31d-c5ed-4c65-a5df-da3e3cf53ac2@group-233C052D78D6-LeaderElection271] INFO  impl.RaftServerImpl (RaftServerImpl.java:setRole(184)) - 5c4ee31d-c5ed-4c65-a5df-da3e3cf53ac2@group-233C052D78D6: changes role from CANDIDATE to FOLLOWER at term 143 for DISCOVERED_A_NEW_TERM
2019-10-17 07:10:41,453 [decc5551-dd4b-40dc-8ff5-b6b450d67f6f@group-42ACBF6EBE4E-LeaderElection270] INFO  impl.RaftServerImpl (RaftServerImpl.java:setRole(184)) - decc5551-dd4b-40dc-8ff5-b6b450d67f6f@group-42ACBF6EBE4E: changes role from CANDIDATE to FOLLOWER at term 144 for DISCOVERED_A_NEW_TERM
2019-10-17 07:10:41,453 [5c4ee31d-c5ed-4c65-a5df-da3e3cf53ac2@group-233C052D78D6-LeaderElection271] INFO  impl.RoleInfo (RoleInfo.java:shutdownLeaderElection(134)) - 5c4ee31d-c5ed-4c65-a5df-da3e3cf53ac2: shutdown LeaderElection
2019-10-17 07:10:41,453 [decc5551-dd4b-40dc-8ff5-b6b450d67f6f@group-42ACBF6EBE4E-LeaderElection270] INFO  impl.RoleInfo (RoleInfo.java:shutdownLeaderElection(134)) - decc5551-dd4b-40dc-8ff5-b6b450d67f6f: shutdown LeaderElection
2019-10-17 07:10:41,453 [5c4ee31d-c5ed-4c65-a5df-da3e3cf53ac2@group-233C052D78D6-LeaderElection271] INFO  impl.RoleInfo (RoleInfo.java:updateAndGet(143)) - 5c4ee31d-c5ed-4c65-a5df-da3e3cf53ac2: start FollowerState
2019-10-17 07:10:41,453 [decc5551-dd4b-40dc-8ff5-b6b450d67f6f@group-42ACBF6EBE4E-LeaderElection270] INFO  impl.RoleInfo (RoleInfo.java:updateAndGet(143)) - decc5551-dd4b-40dc-8ff5-b6b450d67f6f: start FollowerState
2019-10-17 07:10:41,511 [Thread-2214] INFO  impl.FollowerState (FollowerState.java:run(108)) - decc5551-dd4b-40dc-8ff5-b6b450d67f6f@group-42ACBF6EBE4E-FollowerState: change to CANDIDATE, lastRpcTime:57ms, electionTimeout:57ms
2019-10-17 07:10:41,511 [Thread-2214] INFO  impl.RoleInfo (RoleInfo.java:shutdownFollowerState(121)) - decc5551-dd4b-40dc-8ff5-b6b450d67f6f: shutdown FollowerState
2019-10-17 07:10:41,511 [Thread-2214] INFO  impl.RaftServerImpl (RaftServerImpl.java:setRole(184)) - decc5551-dd4b-40dc-8ff5-b6b450d67f6f@group-42ACBF6EBE4E: changes role from  FOLLOWER to CANDIDATE at term 144 for changeToCandidate
2019-10-17 07:10:41,511 [Thread-2214] INFO  impl.RoleInfo (RoleInfo.java:updateAndGet(143)) - decc5551-dd4b-40dc-8ff5-b6b450d67f6f: start LeaderElection
2019-10-17 07:10:41,525 [decc5551-dd4b-40dc-8ff5-b6b450d67f6f@group-42ACBF6EBE4E-LeaderElection272] INFO  impl.LeaderElection (LeaderElection.java:askForVotes(178)) - decc5551-dd4b-40dc-8ff5-b6b450d67f6f@group-42ACBF6EBE4E-LeaderElection272: begin an election at term 145 for -1: [215fceca-0555-458b-bc4f-ba38ff24d5ba:192.168.157.211:43803, decc5551-dd4b-40dc-8ff5-b6b450d67f6f:192.168.157.211:34435, 0c631657-10a5-4e2a-a322-8fc6c651b2ed:192.168.157.211:41694], old=null
2019-10-17 07:10:41,527 [grpc-default-executor-7] INFO  impl.RaftServerImpl (RaftServerImpl.java:setRole(184)) - 215fceca-0555-458b-bc4f-ba38ff24d5ba@group-42ACBF6EBE4E: changes role from  FOLLOWER to FOLLOWER at term 145 for recognizeCandidate:decc5551-dd4b-40dc-8ff5-b6b450d67f6f
2019-10-17 07:10:41,527 [grpc-default-executor-7] INFO  impl.RoleInfo (RoleInfo.java:shutdownFollowerState(121)) - 215fceca-0555-458b-bc4f-ba38ff24d5ba: shutdown FollowerState
2019-10-17 07:10:41,527 [grpc-default-executor-7] INFO  impl.RoleInfo (RoleInfo.java:updateAndGet(143)) - 215fceca-0555-458b-bc4f-ba38ff24d5ba: start FollowerState
2019-10-17 07:10:41,527 [Thread-2212] INFO  impl.FollowerState (FollowerState.java:run(117)) - 215fceca-0555-458b-bc4f-ba38ff24d5ba@group-42ACBF6EBE4E-FollowerState was interrupted: java.lang.InterruptedException: sleep interrupted
2019-10-17 07:10:41,528 [grpc-default-executor-4] INFO  impl.RaftServerImpl (RaftServerImpl.java:setRole(184)) - 0c631657-10a5-4e2a-a322-8fc6c651b2ed@group-42ACBF6EBE4E: changes role from  FOLLOWER to FOLLOWER at term 145 for recognizeCandidate:decc5551-dd4b-40dc-8ff5-b6b450d67f6f
2019-10-17 07:10:41,528 [grpc-default-executor-4] INFO  impl.RoleInfo (RoleInfo.java:shutdownFollowerState(121)) - 0c631657-10a5-4e2a-a322-8fc6c651b2ed: shutdown FollowerState
2019-10-17 07:10:41,528 [grpc-default-executor-4] INFO  impl.RoleInfo (RoleInfo.java:updateAndGet(143)) - 0c631657-10a5-4e2a-a322-8fc6c651b2ed: start FollowerState
2019-10-17 07:10:41,528 [Thread-2211] INFO  impl.FollowerState (FollowerState.java:run(117)) - 0c631657-10a5-4e2a-a322-8fc6c651b2ed@group-42ACBF6EBE4E-FollowerState was interrupted: java.lang.InterruptedException: sleep interrupted
2019-10-17 07:10:41,542 [decc5551-dd4b-40dc-8ff5-b6b450d67f6f@group-42ACBF6EBE4E-LeaderElection272] INFO  impl.LeaderElection (LeaderElection.java:logAndReturn(56)) - decc5551-dd4b-40dc-8ff5-b6b450d67f6f@group-42ACBF6EBE4E-LeaderElection272: Election REJECTED; received 2 response(s) [decc5551-dd4b-40dc-8ff5-b6b450d67f6f<-215fceca-0555-458b-bc4f-ba38ff24d5ba#0:FAIL-t145, decc5551-dd4b-40dc-8ff5-b6b450d67f6f<-0c631657-10a5-4e2a-a322-8fc6c651b2ed#0:FAIL-t145] and 0 exception(s); decc5551-dd4b-40dc-8ff5-b6b450d67f6f@group-42ACBF6EBE4E:t145, leader=null, voted=decc5551-dd4b-40dc-8ff5-b6b450d67f6f, raftlog=decc5551-dd4b-40dc-8ff5-b6b450d67f6f@group-42ACBF6EBE4E-SegmentedRaftLog:OPENED:c-1,f-1,i0, conf=-1: [215fceca-0555-458b-bc4f-ba38ff24d5ba:192.168.157.211:43803, decc5551-dd4b-40dc-8ff5-b6b450d67f6f:192.168.157.211:34435, 0c631657-10a5-4e2a-a322-8fc6c651b2ed:192.168.157.211:41694], old=null
2019-10-17 07:10:41,542 [decc5551-dd4b-40dc-8ff5-b6b450d67f6f@group-42ACBF6EBE4E-LeaderElection272] INFO  impl.RaftServerImpl (RaftServerImpl.java:setRole(184)) - decc5551-dd4b-40dc-8ff5-b6b450d67f6f@group-42ACBF6EBE4E: changes role from CANDIDATE to FOLLOWER at term 145 for DISCOVERED_A_NEW_TERM
2019-10-17 07:10:41,542 [decc5551-dd4b-40dc-8ff5-b6b450d67f6f@group-42ACBF6EBE4E-LeaderElection272] INFO  impl.RoleInfo (RoleInfo.java:shutdownLeaderElection(134)) - decc5551-dd4b-40dc-8ff5-b6b450d67f6f: shutdown LeaderElection
2019-10-17 07:10:41,542 [decc5551-dd4b-40dc-8ff5-b6b450d67f6f@group-42ACBF6EBE4E-LeaderElection272] INFO  impl.RoleInfo (RoleInfo.java:updateAndGet(143)) - decc5551-dd4b-40dc-8ff5-b6b450d67f6f: start FollowerState
2019-10-17 07:10:41,609 [Thread-2213] INFO  impl.FollowerState (FollowerState.java:run(108)) - 5c4ee31d-c5ed-4c65-a5df-da3e3cf53ac2@group-233C052D78D6-FollowerState: change to CANDIDATE, lastRpcTime:156ms, electionTimeout:156ms
2019-10-17 07:10:41,610 [Thread-2213] INFO  impl.RoleInfo (RoleInfo.java:shutdownFollowerState(121)) - 5c4ee31d-c5ed-4c65-a5df-da3e3cf53ac2: shutdown FollowerState
2019-10-17 07:10:41,610 [Thread-2213] INFO  impl.RaftServerImpl (RaftServerImpl.java:setRole(184)) - 5c4ee31d-c5ed-4c65-a5df-da3e3cf53ac2@group-233C052D78D6: changes role from  FOLLOWER to CANDIDATE at term 143 for changeToCandidate
2019-10-17 07:10:41,610 [Thread-2213] INFO  impl.RoleInfo (RoleInfo.java:updateAndGet(143)) - 5c4ee31d-c5ed-4c65-a5df-da3e3cf53ac2: start LeaderElection
2019-10-17 07:10:41,625 [5c4ee31d-c5ed-4c65-a5df-da3e3cf53ac2@group-233C052D78D6-LeaderElection273] INFO  impl.LeaderElection (LeaderElection.java:askForVotes(178)) - 5c4ee31d-c5ed-4c65-a5df-da3e3cf53ac2@group-233C052D78D6-LeaderElection273: begin an election at term 144 for -1: [67ae3572-7d88-4e50-b53b-0f48f6748b38:192.168.157.211:41299, 831edaa1-80a5-4091-843f-90c648a5a79d:192.168.157.211:44365, 5c4ee31d-c5ed-4c65-a5df-da3e3cf53ac2:192.168.157.211:45059], old=null
2019-10-17 07:10:41,627 [grpc-default-executor-7] INFO  impl.RaftServerImpl (RaftServerImpl.java:setRole(184)) - 67ae3572-7d88-4e50-b53b-0f48f6748b38@group-233C052D78D6: changes role from  FOLLOWER to FOLLOWER at term 144 for recognizeCandidate:5c4ee31d-c5ed-4c65-a5df-da3e3cf53ac2
2019-10-17 07:10:41,627 [grpc-default-executor-7] INFO  impl.RoleInfo (RoleInfo.java:shutdownFollowerState(121)) - 67ae3572-7d88-4e50-b53b-0f48f6748b38: shutdown FollowerState
2019-10-17 07:10:41,628 [grpc-default-executor-7] INFO  impl.RoleInfo (RoleInfo.java:updateAndGet(143)) - 67ae3572-7d88-4e50-b53b-0f48f6748b38: start FollowerState
2019-10-17 07:10:41,628 [Thread-2209] INFO  impl.FollowerState (FollowerState.java:run(117)) - 67ae3572-7d88-4e50-b53b-0f48f6748b38@group-233C052D78D6-FollowerState was interrupted: java.lang.InterruptedException: sleep interrupted
2019-10-17 07:10:41,628 [grpc-default-executor-4] INFO  impl.RaftServerImpl (RaftServerImpl.java:setRole(184)) - 831edaa1-80a5-4091-843f-90c648a5a79d@group-233C052D78D6: changes role from  FOLLOWER to FOLLOWER at term 144 for recognizeCandidate:5c4ee31d-c5ed-4c65-a5df-da3e3cf53ac2
2019-10-17 07:10:41,628 [grpc-default-executor-4] INFO  impl.RoleInfo (RoleInfo.java:shutdownFollowerState(121)) - 831edaa1-80a5-4091-843f-90c648a5a79d: shutdown FollowerState
2019-10-17 07:10:41,628 [grpc-default-executor-4] INFO  impl.RoleInfo (RoleInfo.java:updateAndGet(143)) - 831edaa1-80a5-4091-843f-90c648a5a79d: start FollowerState
2019-10-17 07:10:41,628 [Thread-2210] INFO  impl.FollowerState (FollowerState.java:run(117)) - 831edaa1-80a5-4091-843f-90c648a5a79d@group-233C052D78D6-FollowerState was interrupted: java.lang.InterruptedException: sleep interrupted
2019-10-17 07:10:41,642 [5c4ee31d-c5ed-4c65-a5df-da3e3cf53ac2@group-233C052D78D6-LeaderElection273] INFO  impl.LeaderElection (LeaderElection.java:logAndReturn(56)) - 5c4ee31d-c5ed-4c65-a5df-da3e3cf53ac2@group-233C052D78D6-LeaderElection273: Election REJECTED; received 2 response(s) [5c4ee31d-c5ed-4c65-a5df-da3e3cf53ac2<-67ae3572-7d88-4e50-b53b-0f48f6748b38#0:FAIL-t144, 5c4ee31d-c5ed-4c65-a5df-da3e3cf53ac2<-831edaa1-80a5-4091-843f-90c648a5a79d#0:FAIL-t144] and 0 exception(s); 5c4ee31d-c5ed-4c65-a5df-da3e3cf53ac2@group-233C052D78D6:t144, leader=null, voted=5c4ee31d-c5ed-4c65-a5df-da3e3cf53ac2, raftlog=5c4ee31d-c5ed-4c65-a5df-da3e3cf53ac2@group-233C052D78D6-SegmentedRaftLog:OPENED:c-1,f-1,i0, conf=-1: [67ae3572-7d88-4e50-b53b-0f48f6748b38:192.168.157.211:41299, 831edaa1-80a5-4091-843f-90c648a5a79d:192.168.157.211:44365, 5c4ee31d-c5ed-4c65-a5df-da3e3cf53ac2:192.168.157.211:45059], old=null
2019-10-17 07:10:41,642 [5c4ee31d-c5ed-4c65-a5df-da3e3cf53ac2@group-233C052D78D6-LeaderElection273] INFO  impl.RaftServerImpl (RaftServerImpl.java:setRole(184)) - 5c4ee31d-c5ed-4c65-a5df-da3e3cf53ac2@group-233C052D78D6: changes role from CANDIDATE to FOLLOWER at term 144 for DISCOVERED_A_NEW_TERM
2019-10-17 07:10:41,642 [5c4ee31d-c5ed-4c65-a5df-da3e3cf53ac2@group-233C052D78D6-LeaderElection273] INFO  impl.RoleInfo (RoleInfo.java:shutdownLeaderElection(134)) - 5c4ee31d-c5ed-4c65-a5df-da3e3cf53ac2: shutdown LeaderElection
2019-10-17 07:10:41,643 [5c4ee31d-c5ed-4c65-a5df-da3e3cf53ac2@group-233C052D78D6-LeaderElection273] INFO  impl.RoleInfo (RoleInfo.java:updateAndGet(143)) - 5c4ee31d-c5ed-4c65-a5df-da3e3cf53ac2: start FollowerState
2019-10-17 07:10:41,665 [Thread-2227] INFO  impl.FollowerState (FollowerState.java:run(108)) - 5c4ee31d-c5ed-4c65-a5df-da3e3cf53ac2@group-233C052D78D6-FollowerState: change to CANDIDATE, lastRpcTime:22ms, electionTimeout:22ms
2019-10-17 07:10:41,665 [Thread-2227] INFO  impl.RoleInfo (RoleInfo.java:shutdownFollowerState(121)) - 5c4ee31d-c5ed-4c65-a5df-da3e3cf53ac2: shutdown FollowerState
2019-10-17 07:10:41,665 [Thread-2227] INFO  impl.RaftServerImpl (RaftServerImpl.java:setRole(184)) - 5c4ee31d-c5ed-4c65-a5df-da3e3cf53ac2@group-233C052D78D6: changes role from  FOLLOWER to CANDIDATE at term 144 for changeToCandidate
2019-10-17 07:10:41,666 [Thread-2227] INFO  impl.RoleInfo (RoleInfo.java:updateAndGet(143)) - 5c4ee31d-c5ed-4c65-a5df-da3e3cf53ac2: start LeaderElection
2019-10-17 07:10:41,680 [5c4ee31d-c5ed-4c65-a5df-da3e3cf53ac2@group-233C052D78D6-LeaderElection274] INFO  impl.LeaderElection (LeaderElection.java:askForVotes(178)) - 5c4ee31d-c5ed-4c65-a5df-da3e3cf53ac2@group-233C052D78D6-LeaderElection274: begin an election at term 145 for -1: [67ae3572-7d88-4e50-b53b-0f48f6748b38:192.168.157.211:41299, 831edaa1-80a5-4091-843f-90c648a5a79d:192.168.157.211:44365, 5c4ee31d-c5ed-4c65-a5df-da3e3cf53ac2:192.168.157.211:45059], old=null
2019-10-17 07:10:41,683 [grpc-default-executor-7] INFO  impl.RaftServerImpl (RaftServerImpl.java:setRole(184)) - 67ae3572-7d88-4e50-b53b-0f48f6748b38@group-233C052D78D6: changes role from  FOLLOWER to FOLLOWER at term 145 for recognizeCandidate:5c4ee31d-c5ed-4c65-a5df-da3e3cf53ac2
2019-10-17 07:10:41,683 [grpc-default-executor-7] INFO  impl.RoleInfo (RoleInfo.java:shutdownFollowerState(121)) - 67ae3572-7d88-4e50-b53b-0f48f6748b38: shutdown FollowerState
2019-10-17 07:10:41,683 [grpc-default-executor-7] INFO  impl.RoleInfo (RoleInfo.java:updateAndGet(143)) - 67ae3572-7d88-4e50-b53b-0f48f6748b38: start FollowerState
2019-10-17 07:10:41,683 [Thread-2225] INFO  impl.FollowerState (FollowerState.java:run(117)) - 67ae3572-7d88-4e50-b53b-0f48f6748b38@group-233C052D78D6-FollowerState was interrupted: java.lang.InterruptedException: sleep interrupted
2019-10-17 07:10:41,683 [grpc-default-executor-4] INFO  impl.RaftServerImpl (RaftServerImpl.java:setRole(184)) - 831edaa1-80a5-4091-843f-90c648a5a79d@group-233C052D78D6: changes role from  FOLLOWER to FOLLOWER at term 145 for recognizeCandidate:5c4ee31d-c5ed-4c65-a5df-da3e3cf53ac2
2019-10-17 07:10:41,683 [grpc-default-executor-4] INFO  impl.RoleInfo (RoleInfo.java:shutdownFollowerState(121)) - 831edaa1-80a5-4091-843f-90c648a5a79d: shutdown FollowerState
2019-10-17 07:10:41,684 [grpc-default-executor-4] INFO  impl.RoleInfo (RoleInfo.java:updateAndGet(143)) - 831edaa1-80a5-4091-843f-90c648a5a79d: start FollowerState
2019-10-17 07:10:41,684 [Thread-2226] INFO  impl.FollowerState (FollowerState.java:run(117)) - 831edaa1-80a5-4091-843f-90c648a5a79d@group-233C052D78D6-FollowerState was interrupted: java.lang.InterruptedException: sleep interrupted
2019-10-17 07:10:41,697 [Thread-2220] INFO  impl.FollowerState (FollowerState.java:run(108)) - decc5551-dd4b-40dc-8ff5-b6b450d67f6f@group-42ACBF6EBE4E-FollowerState: change to CANDIDATE, lastRpcTime:154ms, electionTimeout:154ms
2019-10-17 07:10:41,697 [Thread-2220] INFO  impl.RoleInfo (RoleInfo.java:shutdownFollowerState(121)) - decc5551-dd4b-40dc-8ff5-b6b450d67f6f: shutdown FollowerState
2019-10-17 07:10:41,697 [Thread-2220] INFO  impl.RaftServerImpl (RaftServerImpl.java:setRole(184)) - decc5551-dd4b-40dc-8ff5-b6b450d67f6f@group-42ACBF6EBE4E: changes role from  FOLLOWER to CANDIDATE at term 145 for changeToCandidate
2019-10-17 07:10:41,697 [5c4ee31d-c5ed-4c65-a5df-da3e3cf53ac2@group-233C052D78D6-LeaderElection274] INFO  impl.LeaderElection (LeaderElection.java:logAndReturn(56)) - 5c4ee31d-c5ed-4c65-a5df-da3e3cf53ac2@group-233C052D78D6-LeaderElection274: Election REJECTED; received 2 response(s) [5c4ee31d-c5ed-4c65-a5df-da3e3cf53ac2<-67ae3572-7d88-4e50-b53b-0f48f6748b38#0:FAIL-t145, 5c4ee31d-c5ed-4c65-a5df-da3e3cf53ac2<-831edaa1-80a5-4091-843f-90c648a5a79d#0:FAIL-t145] and 0 exception(s); 5c4ee31d-c5ed-4c65-a5df-da3e3cf53ac2@group-233C052D78D6:t145, leader=null, voted=5c4ee31d-c5ed-4c65-a5df-da3e3cf53ac2, raftlog=5c4ee31d-c5ed-4c65-a5df-da3e3cf53ac2@group-233C052D78D6-SegmentedRaftLog:OPENED:c-1,f-1,i0, conf=-1: [67ae3572-7d88-4e50-b53b-0f48f6748b38:192.168.157.211:41299, 831edaa1-80a5-4091-843f-90c648a5a79d:192.168.157.211:44365, 5c4ee31d-c5ed-4c65-a5df-da3e3cf53ac2:192.168.157.211:45059], old=null
2019-10-17 07:10:41,697 [Thread-2220] INFO  impl.RoleInfo (RoleInfo.java:updateAndGet(143)) - decc5551-dd4b-40dc-8ff5-b6b450d67f6f: start LeaderElection
2019-10-17 07:10:41,697 [5c4ee31d-c5ed-4c65-a5df-da3e3cf53ac2@group-233C052D78D6-LeaderElection274] INFO  impl.RaftServerImpl (RaftServerImpl.java:setRole(184)) - 5c4ee31d-c5ed-4c65-a5df-da3e3cf53ac2@group-233C052D78D6: changes role from CANDIDATE to FOLLOWER at term 145 for DISCOVERED_A_NEW_TERM
2019-10-17 07:10:41,698 [5c4ee31d-c5ed-4c65-a5df-da3e3cf53ac2@group-233C052D78D6-LeaderElection274] INFO  impl.RoleInfo (RoleInfo.java:shutdownLeaderElection(134)) - 5c4ee31d-c5ed-4c65-a5df-da3e3cf53ac2: shutdown LeaderElection
2019-10-17 07:10:41,698 [5c4ee31d-c5ed-4c65-a5df-da3e3cf53ac2@group-233C052D78D6-LeaderElection274] INFO  impl.RoleInfo (RoleInfo.java:updateAndGet(143)) - 5c4ee31d-c5ed-4c65-a5df-da3e3cf53ac2: start FollowerState
2019-10-17 07:10:41,711 [decc5551-dd4b-40dc-8ff5-b6b450d67f6f@group-42ACBF6EBE4E-LeaderElection275] INFO  impl.LeaderElection (LeaderElection.java:askForVotes(178)) - decc5551-dd4b-40dc-8ff5-b6b450d67f6f@group-42ACBF6EBE4E-LeaderElection275: begin an election at term 146 for -1: [215fceca-0555-458b-bc4f-ba38ff24d5ba:192.168.157.211:43803, decc5551-dd4b-40dc-8ff5-b6b450d67f6f:192.168.157.211:34435, 0c631657-10a5-4e2a-a322-8fc6c651b2ed:192.168.157.211:41694], old=null
2019-10-17 07:10:41,714 [grpc-default-executor-7] INFO  impl.RaftServerImpl (RaftServerImpl.java:setRole(184)) - 215fceca-0555-458b-bc4f-ba38ff24d5ba@group-42ACBF6EBE4E: changes role from  FOLLOWER to FOLLOWER at term 146 for recognizeCandidate:decc5551-dd4b-40dc-8ff5-b6b450d67f6f
2019-10-17 07:10:41,714 [grpc-default-executor-7] INFO  impl.RoleInfo (RoleInfo.java:shutdownFollowerState(121)) - 215fceca-0555-458b-bc4f-ba38ff24d5ba: shutdown FollowerState
2019-10-17 07:10:41,714 [grpc-default-executor-4] INFO  impl.RaftServerImpl (RaftServerImpl.java:setRole(184)) - 0c631657-10a5-4e2a-a322-8fc6c651b2ed@group-42ACBF6EBE4E: changes role from  FOLLOWER to FOLLOWER at term 146 for recognizeCandidate:decc5551-dd4b-40dc-8ff5-b6b450d67f6f
2019-10-17 07:10:41,714 [grpc-default-executor-4] INFO  impl.RoleInfo (RoleInfo.java:shutdownFollowerState(121)) - 0c631657-10a5-4e2a-a322-8fc6c651b2ed: shutdown FollowerState
2019-10-17 07:10:41,714 [Thread-2218] INFO  impl.FollowerState (FollowerState.java:run(117)) - 215fceca-0555-458b-bc4f-ba38ff24d5ba@group-42ACBF6EBE4E-FollowerState was interrupted: java.lang.InterruptedException: sleep interrupted
2019-10-17 07:10:41,714 [Thread-2219] INFO  impl.FollowerState (FollowerState.java:run(117)) - 0c631657-10a5-4e2a-a322-8fc6c651b2ed@group-42ACBF6EBE4E-FollowerState was interrupted: java.lang.InterruptedException: sleep interrupted
2019-10-17 07:10:41,714 [grpc-default-executor-7] INFO  impl.RoleInfo (RoleInfo.java:updateAndGet(143)) - 215fceca-0555-458b-bc4f-ba38ff24d5ba: start FollowerState
2019-10-17 07:10:41,714 [grpc-default-executor-4] INFO  impl.RoleInfo (RoleInfo.java:updateAndGet(143)) - 0c631657-10a5-4e2a-a322-8fc6c651b2ed: start FollowerState
2019-10-17 07:10:41,729 [decc5551-dd4b-40dc-8ff5-b6b450d67f6f@group-42ACBF6EBE4E-LeaderElection275] INFO  impl.LeaderElection (LeaderElection.java:logAndReturn(56)) - decc5551-dd4b-40dc-8ff5-b6b450d67f6f@group-42ACBF6EBE4E-LeaderElection275: Election REJECTED; received 2 response(s) [decc5551-dd4b-40dc-8ff5-b6b450d67f6f<-215fceca-0555-458b-bc4f-ba38ff24d5ba#0:FAIL-t146, decc5551-dd4b-40dc-8ff5-b6b450d67f6f<-0c631657-10a5-4e2a-a322-8fc6c651b2ed#0:FAIL-t146] and 0 exception(s); decc5551-dd4b-40dc-8ff5-b6b450d67f6f@group-42ACBF6EBE4E:t146, leader=null, voted=decc5551-dd4b-40dc-8ff5-b6b450d67f6f, raftlog=decc5551-dd4b-40dc-8ff5-b6b450d67f6f@group-42ACBF6EBE4E-SegmentedRaftLog:OPENED:c-1,f-1,i0, conf=-1: [215fceca-0555-458b-bc4f-ba38ff24d5ba:192.168.157.211:43803, decc5551-dd4b-40dc-8ff5-b6b450d67f6f:192.168.157.211:34435, 0c631657-10a5-4e2a-a322-8fc6c651b2ed:192.168.157.211:41694], old=null
2019-10-17 07:10:41,729 [decc5551-dd4b-40dc-8ff5-b6b450d67f6f@group-42ACBF6EBE4E-LeaderElection275] INFO  impl.RaftServerImpl (RaftServerImpl.java:setRole(184)) - decc5551-dd4b-40dc-8ff5-b6b450d67f6f@group-42ACBF6EBE4E: changes role from CANDIDATE to FOLLOWER at term 146 for DISCOVERED_A_NEW_TERM
2019-10-17 07:10:41,729 [decc5551-dd4b-40dc-8ff5-b6b450d67f6f@group-42ACBF6EBE4E-LeaderElection275] INFO  impl.RoleInfo (RoleInfo.java:shutdownLeaderElection(134)) - decc5551-dd4b-40dc-8ff5-b6b450d67f6f: shutdown LeaderElection
2019-10-17 07:10:41,729 [decc5551-dd4b-40dc-8ff5-b6b450d67f6f@group-42ACBF6EBE4E-LeaderElection275] INFO  impl.RoleInfo (RoleInfo.java:updateAndGet(143)) - decc5551-dd4b-40dc-8ff5-b6b450d67f6f: start FollowerState
2019-10-17 07:10:41,885 [Thread-2239] INFO  impl.FollowerState (FollowerState.java:run(108)) - decc5551-dd4b-40dc-8ff5-b6b450d67f6f@group-42ACBF6EBE4E-FollowerState: change to CANDIDATE, lastRpcTime:155ms, electionTimeout:155ms
2019-10-17 07:10:41,885 [Thread-2239] INFO  impl.RoleInfo (RoleInfo.java:shutdownFollowerState(121)) - decc5551-dd4b-40dc-8ff5-b6b450d67f6f: shutdown FollowerState
2019-10-17 07:10:41,885 [Thread-2239] INFO  impl.RaftServerImpl (RaftServerImpl.java:setRole(184)) - decc5551-dd4b-40dc-8ff5-b6b450d67f6f@group-42ACBF6EBE4E: changes role from  FOLLOWER to CANDIDATE at term 146 for changeToCandidate
2019-10-17 07:10:41,885 [Thread-2239] INFO  impl.RoleInfo (RoleInfo.java:updateAndGet(143)) - decc5551-dd4b-40dc-8ff5-b6b450d67f6f: start LeaderElection
2019-10-17 07:10:41,890 [Thread-2234] INFO  impl.FollowerState (FollowerState.java:run(108)) - 5c4ee31d-c5ed-4c65-a5df-da3e3cf53ac2@group-233C052D78D6-FollowerState: change to CANDIDATE, lastRpcTime:192ms, electionTimeout:192ms
2019-10-17 07:10:41,891 [Thread-2234] INFO  impl.RoleInfo (RoleInfo.java:shutdownFollowerState(121)) - 5c4ee31d-c5ed-4c65-a5df-da3e3cf53ac2: shutdown FollowerState
2019-10-17 07:10:41,891 [Thread-2234] INFO  impl.RaftServerImpl (RaftServerImpl.java:setRole(184)) - 5c4ee31d-c5ed-4c65-a5df-da3e3cf53ac2@group-233C052D78D6: changes role from  FOLLOWER to CANDIDATE at term 145 for changeToCandidate
2019-10-17 07:10:41,891 [Thread-2234] INFO  impl.RoleInfo (RoleInfo.java:updateAndGet(143)) - 5c4ee31d-c5ed-4c65-a5df-da3e3cf53ac2: start LeaderElection
2019-10-17 07:10:41,903 [5c4ee31d-c5ed-4c65-a5df-da3e3cf53ac2@group-233C052D78D6-LeaderElection277] INFO  impl.LeaderElection (LeaderElection.java:askForVotes(178)) - 5c4ee31d-c5ed-4c65-a5df-da3e3cf53ac2@group-233C052D78D6-LeaderElection277: begin an election at term 146 for -1: [67ae3572-7d88-4e50-b53b-0f48f6748b38:192.168.157.211:41299, 831edaa1-80a5-4091-843f-90c648a5a79d:192.168.157.211:44365, 5c4ee31d-c5ed-4c65-a5df-da3e3cf53ac2:192.168.157.211:45059], old=null
2019-10-17 07:10:41,903 [decc5551-dd4b-40dc-8ff5-b6b450d67f6f@group-42ACBF6EBE4E-LeaderElection276] INFO  impl.LeaderElection (LeaderElection.java:askForVotes(178)) - decc5551-dd4b-40dc-8ff5-b6b450d67f6f@group-42ACBF6EBE4E-LeaderElection276: begin an election at term 147 for -1: [215fceca-0555-458b-bc4f-ba38ff24d5ba:192.168.157.211:43803, decc5551-dd4b-40dc-8ff5-b6b450d67f6f:192.168.157.211:34435, 0c631657-10a5-4e2a-a322-8fc6c651b2ed:192.168.157.211:41694], old=null
2019-10-17 07:10:41,909 [grpc-default-executor-7] INFO  impl.RaftServerImpl (RaftServerImpl.java:setRole(184)) - 0c631657-10a5-4e2a-a322-8fc6c651b2ed@group-42ACBF6EBE4E: changes role from  FOLLOWER to FOLLOWER at term 147 for recognizeCandidate:decc5551-dd4b-40dc-8ff5-b6b450d67f6f
2019-10-17 07:10:41,909 [grpc-default-executor-4] INFO  impl.RaftServerImpl (RaftServerImpl.java:setRole(184)) - 67ae3572-7d88-4e50-b53b-0f48f6748b38@group-233C052D78D6: changes role from  FOLLOWER to FOLLOWER at term 146 for recognizeCandidate:5c4ee31d-c5ed-4c65-a5df-da3e3cf53ac2
2019-10-17 07:10:41,909 [grpc-default-executor-7] INFO  impl.RoleInfo (RoleInfo.java:shutdownFollowerState(121)) - 0c631657-10a5-4e2a-a322-8fc6c651b2ed: shutdown FollowerState
2019-10-17 07:10:41,910 [grpc-default-executor-4] INFO  impl.RoleInfo (RoleInfo.java:shutdownFollowerState(121)) - 67ae3572-7d88-4e50-b53b-0f48f6748b38: shutdown FollowerState
2019-10-17 07:10:41,910 [Thread-2238] INFO  impl.FollowerState (FollowerState.java:run(117)) - 0c631657-10a5-4e2a-a322-8fc6c651b2ed@group-42ACBF6EBE4E-FollowerState was interrupted: java.lang.InterruptedException: sleep interrupted
2019-10-17 07:10:41,910 [grpc-default-executor-7] INFO  impl.RoleInfo (RoleInfo.java:updateAndGet(143)) - 0c631657-10a5-4e2a-a322-8fc6c651b2ed: start FollowerState
2019-10-17 07:10:41,910 [grpc-default-executor-3] INFO  impl.RaftServerImpl (RaftServerImpl.java:setRole(184)) - 831edaa1-80a5-4091-843f-90c648a5a79d@group-233C052D78D6: changes role from  FOLLOWER to FOLLOWER at term 146 for recognizeCandidate:5c4ee31d-c5ed-4c65-a5df-da3e3cf53ac2
2019-10-17 07:10:41,910 [grpc-default-executor-3] INFO  impl.RoleInfo (RoleInfo.java:shutdownFollowerState(121)) - 831edaa1-80a5-4091-843f-90c648a5a79d: shutdown FollowerState
2019-10-17 07:10:41,910 [Thread-2231] INFO  impl.FollowerState (FollowerState.java:run(117)) - 67ae3572-7d88-4e50-b53b-0f48f6748b38@group-233C052D78D6-FollowerState was interrupted: java.lang.InterruptedException: sleep interrupted
2019-10-17 07:10:41,910 [grpc-default-executor-4] INFO  impl.RoleInfo (RoleInfo.java:updateAndGet(143)) - 67ae3572-7d88-4e50-b53b-0f48f6748b38: start FollowerState
2019-10-17 07:10:41,911 [Thread-2232] INFO  impl.FollowerState (FollowerState.java:run(117)) - 831edaa1-80a5-4091-843f-90c648a5a79d@group-233C052D78D6-FollowerState was interrupted: java.lang.InterruptedException: sleep interrupted
2019-10-17 07:10:41,911 [grpc-default-executor-3] INFO  impl.RoleInfo (RoleInfo.java:updateAndGet(143)) - 831edaa1-80a5-4091-843f-90c648a5a79d: start FollowerState
2019-10-17 07:10:41,910 [grpc-default-executor-9] INFO  impl.RaftServerImpl (RaftServerImpl.java:setRole(184)) - 215fceca-0555-458b-bc4f-ba38ff24d5ba@group-42ACBF6EBE4E: changes role from  FOLLOWER to FOLLOWER at term 147 for recognizeCandidate:decc5551-dd4b-40dc-8ff5-b6b450d67f6f
2019-10-17 07:10:41,911 [grpc-default-executor-9] INFO  impl.RoleInfo (RoleInfo.java:shutdownFollowerState(121)) - 215fceca-0555-458b-bc4f-ba38ff24d5ba: shutdown FollowerState
2019-10-17 07:10:41,911 [grpc-default-executor-9] INFO  impl.RoleInfo (RoleInfo.java:updateAndGet(143)) - 215fceca-0555-458b-bc4f-ba38ff24d5ba: start FollowerState
2019-10-17 07:10:41,911 [Thread-2237] INFO  impl.FollowerState (FollowerState.java:run(117)) - 215fceca-0555-458b-bc4f-ba38ff24d5ba@group-42ACBF6EBE4E-FollowerState was interrupted: java.lang.InterruptedException: sleep interrupted
2019-10-17 07:10:41,925 [5c4ee31d-c5ed-4c65-a5df-da3e3cf53ac2@group-233C052D78D6-LeaderElection277] INFO  impl.LeaderElection (LeaderElection.java:logAndReturn(56)) - 5c4ee31d-c5ed-4c65-a5df-da3e3cf53ac2@group-233C052D78D6-LeaderElection277: Election REJECTED; received 2 response(s) [5c4ee31d-c5ed-4c65-a5df-da3e3cf53ac2<-67ae3572-7d88-4e50-b53b-0f48f6748b38#0:FAIL-t146, 5c4ee31d-c5ed-4c65-a5df-da3e3cf53ac2<-831edaa1-80a5-4091-843f-90c648a5a79d#0:FAIL-t146] and 0 exception(s); 5c4ee31d-c5ed-4c65-a5df-da3e3cf53ac2@group-233C052D78D6:t146, leader=null, voted=5c4ee31d-c5ed-4c65-a5df-da3e3cf53ac2, raftlog=5c4ee31d-c5ed-4c65-a5df-da3e3cf53ac2@group-233C052D78D6-SegmentedRaftLog:OPENED:c-1,f-1,i0, conf=-1: [67ae3572-7d88-4e50-b53b-0f48f6748b38:192.168.157.211:41299, 831edaa1-80a5-4091-843f-90c648a5a79d:192.168.157.211:44365, 5c4ee31d-c5ed-4c65-a5df-da3e3cf53ac2:192.168.157.211:45059], old=null
2019-10-17 07:10:41,925 [decc5551-dd4b-40dc-8ff5-b6b450d67f6f@group-42ACBF6EBE4E-LeaderElection276] INFO  impl.LeaderElection (LeaderElection.java:logAndReturn(56)) - decc5551-dd4b-40dc-8ff5-b6b450d67f6f@group-42ACBF6EBE4E-LeaderElection276: Election REJECTED; received 2 response(s) [decc5551-dd4b-40dc-8ff5-b6b450d67f6f<-215fceca-0555-458b-bc4f-ba38ff24d5ba#0:FAIL-t147, decc5551-dd4b-40dc-8ff5-b6b450d67f6f<-0c631657-10a5-4e2a-a322-8fc6c651b2ed#0:FAIL-t147] and 0 exception(s); decc5551-dd4b-40dc-8ff5-b6b450d67f6f@group-42ACBF6EBE4E:t147, leader=null, voted=decc5551-dd4b-40dc-8ff5-b6b450d67f6f, raftlog=decc5551-dd4b-40dc-8ff5-b6b450d67f6f@group-42ACBF6EBE4E-SegmentedRaftLog:OPENED:c-1,f-1,i0, conf=-1: [215fceca-0555-458b-bc4f-ba38ff24d5ba:192.168.157.211:43803, decc5551-dd4b-40dc-8ff5-b6b450d67f6f:192.168.157.211:34435, 0c631657-10a5-4e2a-a322-8fc6c651b2ed:192.168.157.211:41694], old=null
2019-10-17 07:10:41,926 [5c4ee31d-c5ed-4c65-a5df-da3e3cf53ac2@group-233C052D78D6-LeaderElection277] INFO  impl.RaftServerImpl (RaftServerImpl.java:setRole(184)) - 5c4ee31d-c5ed-4c65-a5df-da3e3cf53ac2@group-233C052D78D6: changes role from CANDIDATE to FOLLOWER at term 146 for DISCOVERED_A_NEW_TERM
2019-10-17 07:10:41,926 [decc5551-dd4b-40dc-8ff5-b6b450d67f6f@group-42ACBF6EBE4E-LeaderElection276] INFO  impl.RaftServerImpl (RaftServerImpl.java:setRole(184)) - decc5551-dd4b-40dc-8ff5-b6b450d67f6f@group-42ACBF6EBE4E: changes role from CANDIDATE to FOLLOWER at term 147 for DISCOVERED_A_NEW_TERM
2019-10-17 07:10:41,926 [decc5551-dd4b-40dc-8ff5-b6b450d67f6f@group-42ACBF6EBE4E-LeaderElection276] INFO  impl.RoleInfo (RoleInfo.java:shutdownLeaderElection(134)) - decc5551-dd4b-40dc-8ff5-b6b450d67f6f: shutdown LeaderElection
2019-10-17 07:10:41,926 [5c4ee31d-c5ed-4c65-a5df-da3e3cf53ac2@group-233C052D78D6-LeaderElection277] INFO  impl.RoleInfo (RoleInfo.java:shutdownLeaderElection(134)) - 5c4ee31d-c5ed-4c65-a5df-da3e3cf53ac2: shutdown LeaderElection
2019-10-17 07:10:41,926 [decc5551-dd4b-40dc-8ff5-b6b450d67f6f@group-42ACBF6EBE4E-LeaderElection276] INFO  impl.RoleInfo (RoleInfo.java:updateAndGet(143)) - decc5551-dd4b-40dc-8ff5-b6b450d67f6f: start FollowerState
2019-10-17 07:10:41,926 [5c4ee31d-c5ed-4c65-a5df-da3e3cf53ac2@group-233C052D78D6-LeaderElection277] INFO  impl.RoleInfo (RoleInfo.java:updateAndGet(143)) - 5c4ee31d-c5ed-4c65-a5df-da3e3cf53ac2: start FollowerState
2019-10-17 07:10:41,969 [Thread-2250] INFO  impl.FollowerState (FollowerState.java:run(108)) - decc5551-dd4b-40dc-8ff5-b6b450d67f6f@group-42ACBF6EBE4E-FollowerState: change to CANDIDATE, lastRpcTime:42ms, electionTimeout:42ms
2019-10-17 07:10:41,969 [Thread-2250] INFO  impl.RoleInfo (RoleInfo.java:shutdownFollowerState(121)) - decc5551-dd4b-40dc-8ff5-b6b450d67f6f: shutdown FollowerState
2019-10-17 07:10:41,969 [Thread-2250] INFO  impl.RaftServerImpl (RaftServerImpl.java:setRole(184)) - decc5551-dd4b-40dc-8ff5-b6b450d67f6f@group-42ACBF6EBE4E: changes role from  FOLLOWER to CANDIDATE at term 147 for changeToCandidate
2019-10-17 07:10:41,969 [Thread-2250] INFO  impl.RoleInfo (RoleInfo.java:updateAndGet(143)) - decc5551-dd4b-40dc-8ff5-b6b450d67f6f: start LeaderElection
2019-10-17 07:10:41,996 [decc5551-dd4b-40dc-8ff5-b6b450d67f6f@group-42ACBF6EBE4E-LeaderElection278] INFO  impl.LeaderElection (LeaderElection.java:askForVotes(178)) - decc5551-dd4b-40dc-8ff5-b6b450d67f6f@group-42ACBF6EBE4E-LeaderElection278: begin an election at term 148 for -1: [215fceca-0555-458b-bc4f-ba38ff24d5ba:192.168.157.211:43803, decc5551-dd4b-40dc-8ff5-b6b450d67f6f:192.168.157.211:34435, 0c631657-10a5-4e2a-a322-8fc6c651b2ed:192.168.157.211:41694], old=null
2019-10-17 07:10:41,999 [grpc-default-executor-3] INFO  impl.RaftServerImpl (RaftServerImpl.java:setRole(184)) - 215fceca-0555-458b-bc4f-ba38ff24d5ba@group-42ACBF6EBE4E: changes role from  FOLLOWER to FOLLOWER at term 148 for recognizeCandidate:decc5551-dd4b-40dc-8ff5-b6b450d67f6f
2019-10-17 07:10:41,999 [grpc-default-executor-4] INFO  impl.RaftServerImpl (RaftServerImpl.java:setRole(184)) - 0c631657-10a5-4e2a-a322-8fc6c651b2ed@group-42ACBF6EBE4E: changes role from  FOLLOWER to FOLLOWER at term 148 for recognizeCandidate:decc5551-dd4b-40dc-8ff5-b6b450d67f6f
2019-10-17 07:10:41,999 [grpc-default-executor-3] INFO  impl.RoleInfo (RoleInfo.java:shutdownFollowerState(121)) - 215fceca-0555-458b-bc4f-ba38ff24d5ba: shutdown FollowerState
2019-10-17 07:10:42,000 [grpc-default-executor-4] INFO  impl.RoleInfo (RoleInfo.java:shutdownFollowerState(121)) - 0c631657-10a5-4e2a-a322-8fc6c651b2ed: shutdown FollowerState
2019-10-17 07:10:42,000 [Thread-2249] INFO  impl.FollowerState (FollowerState.java:run(117)) - 215fceca-0555-458b-bc4f-ba38ff24d5ba@group-42ACBF6EBE4E-FollowerState was interrupted: java.lang.InterruptedException: sleep interrupted
2019-10-17 07:10:42,000 [grpc-default-executor-3] INFO  impl.RoleInfo (RoleInfo.java:updateAndGet(143)) - 215fceca-0555-458b-bc4f-ba38ff24d5ba: start FollowerState
2019-10-17 07:10:42,000 [Thread-2246] INFO  impl.FollowerState (FollowerState.java:run(117)) - 0c631657-10a5-4e2a-a322-8fc6c651b2ed@group-42ACBF6EBE4E-FollowerState was interrupted: java.lang.InterruptedException: sleep interrupted
2019-10-17 07:10:42,000 [grpc-default-executor-4] INFO  impl.RoleInfo (RoleInfo.java:updateAndGet(143)) - 0c631657-10a5-4e2a-a322-8fc6c651b2ed: start FollowerState
2019-10-17 07:10:42,008 [Thread-2251] INFO  impl.FollowerState (FollowerState.java:run(108)) - 5c4ee31d-c5ed-4c65-a5df-da3e3cf53ac2@group-233C052D78D6-FollowerState: change to CANDIDATE, lastRpcTime:81ms, electionTimeout:81ms
2019-10-17 07:10:42,008 [Thread-2251] INFO  impl.RoleInfo (RoleInfo.java:shutdownFollowerState(121)) - 5c4ee31d-c5ed-4c65-a5df-da3e3cf53ac2: shutdown FollowerState
2019-10-17 07:10:42,008 [Thread-2251] INFO  impl.RaftServerImpl (RaftServerImpl.java:setRole(184)) - 5c4ee31d-c5ed-4c65-a5df-da3e3cf53ac2@group-233C052D78D6: changes role from  FOLLOWER to CANDIDATE at term 146 for changeToCandidate
2019-10-17 07:10:42,008 [Thread-2251] INFO  impl.RoleInfo (RoleInfo.java:updateAndGet(143)) - 5c4ee31d-c5ed-4c65-a5df-da3e3cf53ac2: start LeaderElection
2019-10-17 07:10:42,014 [decc5551-dd4b-40dc-8ff5-b6b450d67f6f@group-42ACBF6EBE4E-LeaderElection278] INFO  impl.LeaderElection (LeaderElection.java:logAndReturn(56)) - decc5551-dd4b-40dc-8ff5-b6b450d67f6f@group-42ACBF6EBE4E-LeaderElection278: Election TIMEOUT; received 0 response(s) [] and 0 exception(s); decc5551-dd4b-40dc-8ff5-b6b450d67f6f@group-42ACBF6EBE4E:t148, leader=null, voted=decc5551-dd4b-40dc-8ff5-b6b450d67f6f, raftlog=decc5551-dd4b-40dc-8ff5-b6b450d67f6f@group-42ACBF6EBE4E-SegmentedRaftLog:OPENED:c-1,f-1,i0, conf=-1: [215fceca-0555-458b-bc4f-ba38ff24d5ba:192.168.157.211:43803, decc5551-dd4b-40dc-8ff5-b6b450d67f6f:192.168.157.211:34435, 0c631657-10a5-4e2a-a322-8fc6c651b2ed:192.168.157.211:41694], old=null
2019-10-17 07:10:42,018 [5c4ee31d-c5ed-4c65-a5df-da3e3cf53ac2@group-233C052D78D6-LeaderElection279] INFO  impl.LeaderElection (LeaderElection.java:askForVotes(178)) - 5c4ee31d-c5ed-4c65-a5df-da3e3cf53ac2@group-233C052D78D6-LeaderElection279: begin an election at term 147 for -1: [67ae3572-7d88-4e50-b53b-0f48f6748b38:192.168.157.211:41299, 831edaa1-80a5-4091-843f-90c648a5a79d:192.168.157.211:44365, 5c4ee31d-c5ed-4c65-a5df-da3e3cf53ac2:192.168.157.211:45059], old=null
2019-10-17 07:10:42,020 [grpc-default-executor-4] INFO  impl.RaftServerImpl (RaftServerImpl.java:setRole(184)) - 67ae3572-7d88-4e50-b53b-0f48f6748b38@group-233C052D78D6: changes role from  FOLLOWER to FOLLOWER at term 147 for recognizeCandidate:5c4ee31d-c5ed-4c65-a5df-da3e3cf53ac2
2019-10-17 07:10:42,020 [grpc-default-executor-4] INFO  impl.RoleInfo (RoleInfo.java:shutdownFollowerState(121)) - 67ae3572-7d88-4e50-b53b-0f48f6748b38: shutdown FollowerState
2019-10-17 07:10:42,020 [grpc-default-executor-3] INFO  impl.RaftServerImpl (RaftServerImpl.java:setRole(184)) - 831edaa1-80a5-4091-843f-90c648a5a79d@group-233C052D78D6: changes role from  FOLLOWER to FOLLOWER at term 147 for recognizeCandidate:5c4ee31d-c5ed-4c65-a5df-da3e3cf53ac2
2019-10-17 07:10:42,020 [grpc-default-executor-3] INFO  impl.RoleInfo (RoleInfo.java:shutdownFollowerState(121)) - 831edaa1-80a5-4091-843f-90c648a5a79d: shutdown FollowerState
2019-10-17 07:10:42,020 [Thread-2247] INFO  impl.FollowerState (FollowerState.java:run(117)) - 67ae3572-7d88-4e50-b53b-0f48f6748b38@group-233C052D78D6-FollowerState was interrupted: java.lang.InterruptedException: sleep interrupted
2019-10-17 07:10:42,020 [decc5551-dd4b-40dc-8ff5-b6b450d67f6f@group-42ACBF6EBE4E-LeaderElection278] INFO  impl.LeaderElection (LeaderElection.java:askForVotes(178)) - decc5551-dd4b-40dc-8ff5-b6b450d67f6f@group-42ACBF6EBE4E-LeaderElection278: begin an election at term 149 for -1: [215fceca-0555-458b-bc4f-ba38ff24d5ba:192.168.157.211:43803, decc5551-dd4b-40dc-8ff5-b6b450d67f6f:192.168.157.211:34435, 0c631657-10a5-4e2a-a322-8fc6c651b2ed:192.168.157.211:41694], old=null
2019-10-17 07:10:42,020 [grpc-default-executor-4] INFO  impl.RoleInfo (RoleInfo.java:updateAndGet(143)) - 67ae3572-7d88-4e50-b53b-0f48f6748b38: start FollowerState
2019-10-17 07:10:42,020 [Thread-2248] INFO  impl.FollowerState (FollowerState.java:run(117)) - 831edaa1-80a5-4091-843f-90c648a5a79d@group-233C052D78D6-FollowerState was interrupted: java.lang.InterruptedException: sleep interrupted
2019-10-17 07:10:42,020 [grpc-default-executor-3] INFO  impl.RoleInfo (RoleInfo.java:updateAndGet(143)) - 831edaa1-80a5-4091-843f-90c648a5a79d: start FollowerState
2019-10-17 07:10:42,022 [grpc-default-executor-7] INFO  impl.RaftServerImpl (RaftServerImpl.java:setRole(184)) - 215fceca-0555-458b-bc4f-ba38ff24d5ba@group-42ACBF6EBE4E: changes role from  FOLLOWER to FOLLOWER at term 149 for recognizeCandidate:decc5551-dd4b-40dc-8ff5-b6b450d67f6f
2019-10-17 07:10:42,023 [grpc-default-executor-7] INFO  impl.RoleInfo (RoleInfo.java:shutdownFollowerState(121)) - 215fceca-0555-458b-bc4f-ba38ff24d5ba: shutdown FollowerState
2019-10-17 07:10:42,023 [grpc-default-executor-7] INFO  impl.RoleInfo (RoleInfo.java:updateAndGet(143)) - 215fceca-0555-458b-bc4f-ba38ff24d5ba: start FollowerState
2019-10-17 07:10:42,023 [Thread-2255] INFO  impl.FollowerState (FollowerState.java:run(117)) - 215fceca-0555-458b-bc4f-ba38ff24d5ba@group-42ACBF6EBE4E-FollowerState was interrupted: java.lang.InterruptedException: sleep interrupted
2019-10-17 07:10:42,023 [grpc-default-executor-9] INFO  impl.RaftServerImpl (RaftServerImpl.java:setRole(184)) - 0c631657-10a5-4e2a-a322-8fc6c651b2ed@group-42ACBF6EBE4E: changes role from  FOLLOWER to FOLLOWER at term 149 for recognizeCandidate:decc5551-dd4b-40dc-8ff5-b6b450d67f6f
2019-10-17 07:10:42,023 [grpc-default-executor-9] INFO  impl.RoleInfo (RoleInfo.java:shutdownFollowerState(121)) - 0c631657-10a5-4e2a-a322-8fc6c651b2ed: shutdown FollowerState
2019-10-17 07:10:42,023 [grpc-default-executor-9] INFO  impl.RoleInfo (RoleInfo.java:updateAndGet(143)) - 0c631657-10a5-4e2a-a322-8fc6c651b2ed: start FollowerState
2019-10-17 07:10:42,023 [Thread-2256] INFO  impl.FollowerState (FollowerState.java:run(117)) - 0c631657-10a5-4e2a-a322-8fc6c651b2ed@group-42ACBF6EBE4E-FollowerState was interrupted: java.lang.InterruptedException: sleep interrupted
2019-10-17 07:10:42,042 [5c4ee31d-c5ed-4c65-a5df-da3e3cf53ac2@group-233C052D78D6-LeaderElection279] INFO  impl.LeaderElection (LeaderElection.java:logAndReturn(56)) - 5c4ee31d-c5ed-4c65-a5df-da3e3cf53ac2@group-233C052D78D6-LeaderElection279: Election REJECTED; received 2 response(s) [5c4ee31d-c5ed-4c65-a5df-da3e3cf53ac2<-67ae3572-7d88-4e50-b53b-0f48f6748b38#0:FAIL-t147, 5c4ee31d-c5ed-4c65-a5df-da3e3cf53ac2<-831edaa1-80a5-4091-843f-90c648a5a79d#0:FAIL-t147] and 0 exception(s); 5c4ee31d-c5ed-4c65-a5df-da3e3cf53ac2@group-233C052D78D6:t147, leader=null, voted=5c4ee31d-c5ed-4c65-a5df-da3e3cf53ac2, raftlog=5c4ee31d-c5ed-4c65-a5df-da3e3cf53ac2@group-233C052D78D6-SegmentedRaftLog:OPENED:c-1,f-1,i0, conf=-1: [67ae3572-7d88-4e50-b53b-0f48f6748b38:192.168.157.211:41299, 831edaa1-80a5-4091-843f-90c648a5a79d:192.168.157.211:44365, 5c4ee31d-c5ed-4c65-a5df-da3e3cf53ac2:192.168.157.211:45059], old=null
2019-10-17 07:10:42,042 [decc5551-dd4b-40dc-8ff5-b6b450d67f6f@group-42ACBF6EBE4E-LeaderElection278] INFO  impl.LeaderElection (LeaderElection.java:logAndReturn(56)) - decc5551-dd4b-40dc-8ff5-b6b450d67f6f@group-42ACBF6EBE4E-LeaderElection278: Election REJECTED; received 2 response(s) [decc5551-dd4b-40dc-8ff5-b6b450d67f6f<-215fceca-0555-458b-bc4f-ba38ff24d5ba#0:FAIL-t149, decc5551-dd4b-40dc-8ff5-b6b450d67f6f<-0c631657-10a5-4e2a-a322-8fc6c651b2ed#0:FAIL-t149] and 0 exception(s); decc5551-dd4b-40dc-8ff5-b6b450d67f6f@group-42ACBF6EBE4E:t149, leader=null, voted=decc5551-dd4b-40dc-8ff5-b6b450d67f6f, raftlog=decc5551-dd4b-40dc-8ff5-b6b450d67f6f@group-42ACBF6EBE4E-SegmentedRaftLog:OPENED:c-1,f-1,i0, conf=-1: [215fceca-0555-458b-bc4f-ba38ff24d5ba:192.168.157.211:43803, decc5551-dd4b-40dc-8ff5-b6b450d67f6f:192.168.157.211:34435, 0c631657-10a5-4e2a-a322-8fc6c651b2ed:192.168.157.211:41694], old=null
2019-10-17 07:10:42,042 [5c4ee31d-c5ed-4c65-a5df-da3e3cf53ac2@group-233C052D78D6-LeaderElection279] INFO  impl.RaftServerImpl (RaftServerImpl.java:setRole(184)) - 5c4ee31d-c5ed-4c65-a5df-da3e3cf53ac2@group-233C052D78D6: changes role from CANDIDATE to FOLLOWER at term 147 for DISCOVERED_A_NEW_TERM
2019-10-17 07:10:42,042 [decc5551-dd4b-40dc-8ff5-b6b450d67f6f@group-42ACBF6EBE4E-LeaderElection278] INFO  impl.RaftServerImpl (RaftServerImpl.java:setRole(184)) - decc5551-dd4b-40dc-8ff5-b6b450d67f6f@group-42ACBF6EBE4E: changes role from CANDIDATE to FOLLOWER at term 149 for DISCOVERED_A_NEW_TERM
2019-10-17 07:10:42,043 [5c4ee31d-c5ed-4c65-a5df-da3e3cf53ac2@group-233C052D78D6-LeaderElection279] INFO  impl.RoleInfo (RoleInfo.java:shutdownLeaderElection(134)) - 5c4ee31d-c5ed-4c65-a5df-da3e3cf53ac2: shutdown LeaderElection
2019-10-17 07:10:42,043 [decc5551-dd4b-40dc-8ff5-b6b450d67f6f@group-42ACBF6EBE4E-LeaderElection278] INFO  impl.RoleInfo (RoleInfo.java:shutdownLeaderElection(134)) - decc5551-dd4b-40dc-8ff5-b6b450d67f6f: shutdown LeaderElection
2019-10-17 07:10:42,043 [5c4ee31d-c5ed-4c65-a5df-da3e3cf53ac2@group-233C052D78D6-LeaderElection279] INFO  impl.RoleInfo (RoleInfo.java:updateAndGet(143)) - 5c4ee31d-c5ed-4c65-a5df-da3e3cf53ac2: start FollowerState
2019-10-17 07:10:42,043 [decc5551-dd4b-40dc-8ff5-b6b450d67f6f@group-42ACBF6EBE4E-LeaderElection278] INFO  impl.RoleInfo (RoleInfo.java:updateAndGet(143)) - decc5551-dd4b-40dc-8ff5-b6b450d67f6f: start FollowerState
2019-10-17 07:10:42,086 [Thread-2267] INFO  impl.FollowerState (FollowerState.java:run(108)) - decc5551-dd4b-40dc-8ff5-b6b450d67f6f@group-42ACBF6EBE4E-FollowerState: change to CANDIDATE, lastRpcTime:43ms, electionTimeout:43ms
2019-10-17 07:10:42,087 [Thread-2267] INFO  impl.RoleInfo (RoleInfo.java:shutdownFollowerState(121)) - decc5551-dd4b-40dc-8ff5-b6b450d67f6f: shutdown FollowerState
2019-10-17 07:10:42,087 [Thread-2267] INFO  impl.RaftServerImpl (RaftServerImpl.java:setRole(184)) - decc5551-dd4b-40dc-8ff5-b6b450d67f6f@group-42ACBF6EBE4E: changes role from  FOLLOWER to CANDIDATE at term 149 for changeToCandidate
2019-10-17 07:10:42,087 [Thread-2267] INFO  impl.RoleInfo (RoleInfo.java:updateAndGet(143)) - decc5551-dd4b-40dc-8ff5-b6b450d67f6f: start LeaderElection
2019-10-17 07:10:42,104 [decc5551-dd4b-40dc-8ff5-b6b450d67f6f@group-42ACBF6EBE4E-LeaderElection280] INFO  impl.LeaderElection (LeaderElection.java:askForVotes(178)) - decc5551-dd4b-40dc-8ff5-b6b450d67f6f@group-42ACBF6EBE4E-LeaderElection280: begin an election at term 150 for -1: [215fceca-0555-458b-bc4f-ba38ff24d5ba:192.168.157.211:43803, decc5551-dd4b-40dc-8ff5-b6b450d67f6f:192.168.157.211:34435, 0c631657-10a5-4e2a-a322-8fc6c651b2ed:192.168.157.211:41694], old=null
2019-10-17 07:10:42,105 [grpc-default-executor-7] INFO  impl.RaftServerImpl (RaftServerImpl.java:setRole(184)) - 215fceca-0555-458b-bc4f-ba38ff24d5ba@group-42ACBF6EBE4E: changes role from  FOLLOWER to FOLLOWER at term 150 for recognizeCandidate:decc5551-dd4b-40dc-8ff5-b6b450d67f6f
2019-10-17 07:10:42,105 [grpc-default-executor-7] INFO  impl.RoleInfo (RoleInfo.java:shutdownFollowerState(121)) - 215fceca-0555-458b-bc4f-ba38ff24d5ba: shutdown FollowerState
2019-10-17 07:10:42,105 [grpc-default-executor-7] INFO  impl.RoleInfo (RoleInfo.java:updateAndGet(143)) - 215fceca-0555-458b-bc4f-ba38ff24d5ba: start FollowerState
2019-10-17 07:10:42,105 [Thread-2264] INFO  impl.FollowerState (FollowerState.java:run(117)) - 215fceca-0555-458b-bc4f-ba38ff24d5ba@group-42ACBF6EBE4E-FollowerState was interrupted: java.lang.InterruptedException: sleep interrupted
2019-10-17 07:10:42,106 [grpc-default-executor-9] INFO  impl.RaftServerImpl (RaftServerImpl.java:setRole(184)) - 0c631657-10a5-4e2a-a322-8fc6c651b2ed@group-42ACBF6EBE4E: changes role from  FOLLOWER to FOLLOWER at term 150 for recognizeCandidate:decc5551-dd4b-40dc-8ff5-b6b450d67f6f
2019-10-17 07:10:42,106 [grpc-default-executor-9] INFO  impl.RoleInfo (RoleInfo.java:shutdownFollowerState(121)) - 0c631657-10a5-4e2a-a322-8fc6c651b2ed: shutdown FollowerState
2019-10-17 07:10:42,106 [grpc-default-executor-9] INFO  impl.RoleInfo (RoleInfo.java:updateAndGet(143)) - 0c631657-10a5-4e2a-a322-8fc6c651b2ed: start FollowerState
2019-10-17 07:10:42,106 [Thread-2265] INFO  impl.FollowerState (FollowerState.java:run(117)) - 0c631657-10a5-4e2a-a322-8fc6c651b2ed@group-42ACBF6EBE4E-FollowerState was interrupted: java.lang.InterruptedException: sleep interrupted
2019-10-17 07:10:42,115 [Thread-2266] INFO  impl.FollowerState (FollowerState.java:run(108)) - 5c4ee31d-c5ed-4c65-a5df-da3e3cf53ac2@group-233C052D78D6-FollowerState: change to CANDIDATE, lastRpcTime:72ms, electionTimeout:72ms
2019-10-17 07:10:42,115 [Thread-2266] INFO  impl.RoleInfo (RoleInfo.java:shutdownFollowerState(121)) - 5c4ee31d-c5ed-4c65-a5df-da3e3cf53ac2: shutdown FollowerState
2019-10-17 07:10:42,115 [Thread-2266] INFO  impl.RaftServerImpl (RaftServerImpl.java:setRole(184)) - 5c4ee31d-c5ed-4c65-a5df-da3e3cf53ac2@group-233C052D78D6: changes role from  FOLLOWER to CANDIDATE at term 147 for changeToCandidate
2019-10-17 07:10:42,116 [Thread-2266] INFO  impl.RoleInfo (RoleInfo.java:updateAndGet(143)) - 5c4ee31d-c5ed-4c65-a5df-da3e3cf53ac2: start LeaderElection
2019-10-17 07:10:42,118 [decc5551-dd4b-40dc-8ff5-b6b450d67f6f@group-42ACBF6EBE4E-LeaderElection280] INFO  impl.LeaderElection (LeaderElection.java:logAndReturn(56)) - decc5551-dd4b-40dc-8ff5-b6b450d67f6f@group-42ACBF6EBE4E-LeaderElection280: Election REJECTED; received 2 response(s) [decc5551-dd4b-40dc-8ff5-b6b450d67f6f<-215fceca-0555-458b-bc4f-ba38ff24d5ba#0:FAIL-t150, decc5551-dd4b-40dc-8ff5-b6b450d67f6f<-0c631657-10a5-4e2a-a322-8fc6c651b2ed#0:FAIL-t150] and 0 exception(s); decc5551-dd4b-40dc-8ff5-b6b450d67f6f@group-42ACBF6EBE4E:t150, leader=null, voted=decc5551-dd4b-40dc-8ff5-b6b450d67f6f, raftlog=decc5551-dd4b-40dc-8ff5-b6b450d67f6f@group-42ACBF6EBE4E-SegmentedRaftLog:OPENED:c-1,f-1,i0, conf=-1: [215fceca-0555-458b-bc4f-ba38ff24d5ba:192.168.157.211:43803, decc5551-dd4b-40dc-8ff5-b6b450d67f6f:192.168.157.211:34435, 0c631657-10a5-4e2a-a322-8fc6c651b2ed:192.168.157.211:41694], old=null
2019-10-17 07:10:42,118 [decc5551-dd4b-40dc-8ff5-b6b450d67f6f@group-42ACBF6EBE4E-LeaderElection280] INFO  impl.RaftServerImpl (RaftServerImpl.java:setRole(184)) - decc5551-dd4b-40dc-8ff5-b6b450d67f6f@group-42ACBF6EBE4E: changes role from CANDIDATE to FOLLOWER at term 150 for DISCOVERED_A_NEW_TERM
2019-10-17 07:10:42,118 [decc5551-dd4b-40dc-8ff5-b6b450d67f6f@group-42ACBF6EBE4E-LeaderElection280] INFO  impl.RoleInfo (RoleInfo.java:shutdownLeaderElection(134)) - decc5551-dd4b-40dc-8ff5-b6b450d67f6f: shutdown LeaderElection
2019-10-17 07:10:42,118 [decc5551-dd4b-40dc-8ff5-b6b450d67f6f@group-42ACBF6EBE4E-LeaderElection280] INFO  impl.RoleInfo (RoleInfo.java:updateAndGet(143)) - decc5551-dd4b-40dc-8ff5-b6b450d67f6f: start FollowerState
2019-10-17 07:10:42,120 [5c4ee31d-c5ed-4c65-a5df-da3e3cf53ac2@group-233C052D78D6-LeaderElection281] INFO  impl.LeaderElection (LeaderElection.java:askForVotes(178)) - 5c4ee31d-c5ed-4c65-a5df-da3e3cf53ac2@group-233C052D78D6-LeaderElection281: begin an election at term 148 for -1: [67ae3572-7d88-4e50-b53b-0f48f6748b38:192.168.157.211:41299, 831edaa1-80a5-4091-843f-90c648a5a79d:192.168.157.211:44365, 5c4ee31d-c5ed-4c65-a5df-da3e3cf53ac2:192.168.157.211:45059], old=null
2019-10-17 07:10:42,121 [grpc-default-executor-7] INFO  impl.RaftServerImpl (RaftServerImpl.java:setRole(184)) - 67ae3572-7d88-4e50-b53b-0f48f6748b38@group-233C052D78D6: changes role from  FOLLOWER to FOLLOWER at term 148 for recognizeCandidate:5c4ee31d-c5ed-4c65-a5df-da3e3cf53ac2
2019-10-17 07:10:42,121 [grpc-default-executor-7] INFO  impl.RoleInfo (RoleInfo.java:shutdownFollowerState(121)) - 67ae3572-7d88-4e50-b53b-0f48f6748b38: shutdown FollowerState
2019-10-17 07:10:42,122 [grpc-default-executor-7] INFO  impl.RoleInfo (RoleInfo.java:updateAndGet(143)) - 67ae3572-7d88-4e50-b53b-0f48f6748b38: start FollowerState
2019-10-17 07:10:42,122 [Thread-2260] INFO  impl.FollowerState (FollowerState.java:run(117)) - 67ae3572-7d88-4e50-b53b-0f48f6748b38@group-233C052D78D6-FollowerState was interrupted: java.lang.InterruptedException: sleep interrupted
2019-10-17 07:10:42,122 [grpc-default-executor-9] INFO  impl.RaftServerImpl (RaftServerImpl.java:setRole(184)) - 831edaa1-80a5-4091-843f-90c648a5a79d@group-233C052D78D6: changes role from  FOLLOWER to FOLLOWER at term 148 for recognizeCandidate:5c4ee31d-c5ed-4c65-a5df-da3e3cf53ac2
2019-10-17 07:10:42,122 [grpc-default-executor-9] INFO  impl.RoleInfo (RoleInfo.java:shutdownFollowerState(121)) - 831edaa1-80a5-4091-843f-90c648a5a79d: shutdown FollowerState
2019-10-17 07:10:42,122 [grpc-default-executor-9] INFO  impl.RoleInfo (RoleInfo.java:updateAndGet(143)) - 831edaa1-80a5-4091-843f-90c648a5a79d: start FollowerState
2019-10-17 07:10:42,122 [Thread-2261] INFO  impl.FollowerState (FollowerState.java:run(117)) - 831edaa1-80a5-4091-843f-90c648a5a79d@group-233C052D78D6-FollowerState was interrupted: java.lang.InterruptedException: sleep interrupted
2019-10-17 07:10:42,134 [5c4ee31d-c5ed-4c65-a5df-da3e3cf53ac2@group-233C052D78D6-LeaderElection281] INFO  impl.LeaderElection (LeaderElection.java:logAndReturn(56)) - 5c4ee31d-c5ed-4c65-a5df-da3e3cf53ac2@group-233C052D78D6-LeaderElection281: Election REJECTED; received 2 response(s) [5c4ee31d-c5ed-4c65-a5df-da3e3cf53ac2<-67ae3572-7d88-4e50-b53b-0f48f6748b38#0:FAIL-t148, 5c4ee31d-c5ed-4c65-a5df-da3e3cf53ac2<-831edaa1-80a5-4091-843f-90c648a5a79d#0:FAIL-t148] and 0 exception(s); 5c4ee31d-c5ed-4c65-a5df-da3e3cf53ac2@group-233C052D78D6:t148, leader=null, voted=5c4ee31d-c5ed-4c65-a5df-da3e3cf53ac2, raftlog=5c4ee31d-c5ed-4c65-a5df-da3e3cf53ac2@group-233C052D78D6-SegmentedRaftLog:OPENED:c-1,f-1,i0, conf=-1: [67ae3572-7d88-4e50-b53b-0f48f6748b38:192.168.157.211:41299, 831edaa1-80a5-4091-843f-90c648a5a79d:192.168.157.211:44365, 5c4ee31d-c5ed-4c65-a5df-da3e3cf53ac2:192.168.157.211:45059], old=null
2019-10-17 07:10:42,135 [5c4ee31d-c5ed-4c65-a5df-da3e3cf53ac2@group-233C052D78D6-LeaderElection281] INFO  impl.RaftServerImpl (RaftServerImpl.java:setRole(184)) - 5c4ee31d-c5ed-4c65-a5df-da3e3cf53ac2@group-233C052D78D6: changes role from CANDIDATE to FOLLOWER at term 148 for DISCOVERED_A_NEW_TERM
2019-10-17 07:10:42,136 [5c4ee31d-c5ed-4c65-a5df-da3e3cf53ac2@group-233C052D78D6-LeaderElection281] INFO  impl.RoleInfo (RoleInfo.java:shutdownLeaderElection(134)) - 5c4ee31d-c5ed-4c65-a5df-da3e3cf53ac2: shutdown LeaderElection
2019-10-17 07:10:42,136 [5c4ee31d-c5ed-4c65-a5df-da3e3cf53ac2@group-233C052D78D6-LeaderElection281] INFO  impl.RoleInfo (RoleInfo.java:updateAndGet(143)) - 5c4ee31d-c5ed-4c65-a5df-da3e3cf53ac2: start FollowerState
2019-10-17 07:10:42,221 [Thread-2280] INFO  impl.FollowerState (FollowerState.java:run(108)) - 5c4ee31d-c5ed-4c65-a5df-da3e3cf53ac2@group-233C052D78D6-FollowerState: change to CANDIDATE, lastRpcTime:85ms, electionTimeout:85ms
2019-10-17 07:10:42,221 [Thread-2280] INFO  impl.RoleInfo (RoleInfo.java:shutdownFollowerState(121)) - 5c4ee31d-c5ed-4c65-a5df-da3e3cf53ac2: shutdown FollowerState
2019-10-17 07:10:42,221 [Thread-2280] INFO  impl.RaftServerImpl (RaftServerImpl.java:setRole(184)) - 5c4ee31d-c5ed-4c65-a5df-da3e3cf53ac2@group-233C052D78D6: changes role from  FOLLOWER to CANDIDATE at term 148 for changeToCandidate
2019-10-17 07:10:42,222 [Thread-2280] INFO  impl.RoleInfo (RoleInfo.java:updateAndGet(143)) - 5c4ee31d-c5ed-4c65-a5df-da3e3cf53ac2: start LeaderElection
2019-10-17 07:10:42,229 [5c4ee31d-c5ed-4c65-a5df-da3e3cf53ac2@group-233C052D78D6-LeaderElection282] INFO  impl.LeaderElection (LeaderElection.java:askForVotes(178)) - 5c4ee31d-c5ed-4c65-a5df-da3e3cf53ac2@group-233C052D78D6-LeaderElection282: begin an election at term 149 for -1: [67ae3572-7d88-4e50-b53b-0f48f6748b38:192.168.157.211:41299, 831edaa1-80a5-4091-843f-90c648a5a79d:192.168.157.211:44365, 5c4ee31d-c5ed-4c65-a5df-da3e3cf53ac2:192.168.157.211:45059], old=null
2019-10-17 07:10:42,231 [grpc-default-executor-7] INFO  impl.RaftServerImpl (RaftServerImpl.java:setRole(184)) - 67ae3572-7d88-4e50-b53b-0f48f6748b38@group-233C052D78D6: changes role from  FOLLOWER to FOLLOWER at term 149 for recognizeCandidate:5c4ee31d-c5ed-4c65-a5df-da3e3cf53ac2
2019-10-17 07:10:42,231 [grpc-default-executor-7] INFO  impl.RoleInfo (RoleInfo.java:shutdownFollowerState(121)) - 67ae3572-7d88-4e50-b53b-0f48f6748b38: shutdown FollowerState
2019-10-17 07:10:42,231 [grpc-default-executor-7] INFO  impl.RoleInfo (RoleInfo.java:updateAndGet(143)) - 67ae3572-7d88-4e50-b53b-0f48f6748b38: start FollowerState
2019-10-17 07:10:42,231 [grpc-default-executor-9] INFO  impl.RaftServerImpl (RaftServerImpl.java:setRole(184)) - 831edaa1-80a5-4091-843f-90c648a5a79d@group-233C052D78D6: changes role from  FOLLOWER to FOLLOWER at term 149 for recognizeCandidate:5c4ee31d-c5ed-4c65-a5df-da3e3cf53ac2
2019-10-17 07:10:42,231 [grpc-default-executor-9] INFO  impl.RoleInfo (RoleInfo.java:shutdownFollowerState(121)) - 831edaa1-80a5-4091-843f-90c648a5a79d: shutdown FollowerState
2019-10-17 07:10:42,231 [Thread-2278] INFO  impl.FollowerState (FollowerState.java:run(117)) - 67ae3572-7d88-4e50-b53b-0f48f6748b38@group-233C052D78D6-FollowerState was interrupted: java.lang.InterruptedException: sleep interrupted
2019-10-17 07:10:42,232 [Thread-2279] INFO  impl.FollowerState (FollowerState.java:run(117)) - 831edaa1-80a5-4091-843f-90c648a5a79d@group-233C052D78D6-FollowerState was interrupted: java.lang.InterruptedException: sleep interrupted
2019-10-17 07:10:42,232 [grpc-default-executor-9] INFO  impl.RoleInfo (RoleInfo.java:updateAndGet(143)) - 831edaa1-80a5-4091-843f-90c648a5a79d: start FollowerState
2019-10-17 07:10:42,243 [5c4ee31d-c5ed-4c65-a5df-da3e3cf53ac2@group-233C052D78D6-LeaderElection282] INFO  impl.LeaderElection (LeaderElection.java:logAndReturn(56)) - 5c4ee31d-c5ed-4c65-a5df-da3e3cf53ac2@group-233C052D78D6-LeaderElection282: Election REJECTED; received 2 response(s) [5c4ee31d-c5ed-4c65-a5df-da3e3cf53ac2<-67ae3572-7d88-4e50-b53b-0f48f6748b38#0:FAIL-t149, 5c4ee31d-c5ed-4c65-a5df-da3e3cf53ac2<-831edaa1-80a5-4091-843f-90c648a5a79d#0:FAIL-t149] and 0 exception(s); 5c4ee31d-c5ed-4c65-a5df-da3e3cf53ac2@group-233C052D78D6:t149, leader=null, voted=5c4ee31d-c5ed-4c65-a5df-da3e3cf53ac2, raftlog=5c4ee31d-c5ed-4c65-a5df-da3e3cf53ac2@group-233C052D78D6-SegmentedRaftLog:OPENED:c-1,f-1,i0, conf=-1: [67ae3572-7d88-4e50-b53b-0f48f6748b38:192.168.157.211:41299, 831edaa1-80a5-4091-843f-90c648a5a79d:192.168.157.211:44365, 5c4ee31d-c5ed-4c65-a5df-da3e3cf53ac2:192.168.157.211:45059], old=null
2019-10-17 07:10:42,243 [5c4ee31d-c5ed-4c65-a5df-da3e3cf53ac2@group-233C052D78D6-LeaderElection282] INFO  impl.RaftServerImpl (RaftServerImpl.java:setRole(184)) - 5c4ee31d-c5ed-4c65-a5df-da3e3cf53ac2@group-233C052D78D6: changes role from CANDIDATE to FOLLOWER at term 149 for DISCOVERED_A_NEW_TERM
2019-10-17 07:10:42,243 [5c4ee31d-c5ed-4c65-a5df-da3e3cf53ac2@group-233C052D78D6-LeaderElection282] INFO  impl.RoleInfo (RoleInfo.java:shutdownLeaderElection(134)) - 5c4ee31d-c5ed-4c65-a5df-da3e3cf53ac2: shutdown LeaderElection
2019-10-17 07:10:42,243 [5c4ee31d-c5ed-4c65-a5df-da3e3cf53ac2@group-233C052D78D6-LeaderElection282] INFO  impl.RoleInfo (RoleInfo.java:updateAndGet(143)) - 5c4ee31d-c5ed-4c65-a5df-da3e3cf53ac2: start FollowerState
2019-10-17 07:10:42,305 [Thread-2286] INFO  impl.FollowerState (FollowerState.java:run(108)) - 5c4ee31d-c5ed-4c65-a5df-da3e3cf53ac2@group-233C052D78D6-FollowerState: change to CANDIDATE, lastRpcTime:61ms, electionTimeout:61ms
2019-10-17 07:10:42,305 [Thread-2286] INFO  impl.RoleInfo (RoleInfo.java:shutdownFollowerState(121)) - 5c4ee31d-c5ed-4c65-a5df-da3e3cf53ac2: shutdown FollowerState
2019-10-17 07:10:42,305 [Thread-2286] INFO  impl.RaftServerImpl (RaftServerImpl.java:setRole(184)) - 5c4ee31d-c5ed-4c65-a5df-da3e3cf53ac2@group-233C052D78D6: changes role from  FOLLOWER to CANDIDATE at term 149 for changeToCandidate
2019-10-17 07:10:42,305 [Thread-2286] INFO  impl.RoleInfo (RoleInfo.java:updateAndGet(143)) - 5c4ee31d-c5ed-4c65-a5df-da3e3cf53ac2: start LeaderElection
2019-10-17 07:10:42,309 [Thread-2274] INFO  impl.FollowerState (FollowerState.java:run(108)) - decc5551-dd4b-40dc-8ff5-b6b450d67f6f@group-42ACBF6EBE4E-FollowerState: change to CANDIDATE, lastRpcTime:190ms, electionTimeout:190ms
2019-10-17 07:10:42,309 [Thread-2274] INFO  impl.RoleInfo (RoleInfo.java:shutdownFollowerState(121)) - decc5551-dd4b-40dc-8ff5-b6b450d67f6f: shutdown FollowerState
2019-10-17 07:10:42,309 [Thread-2274] INFO  impl.RaftServerImpl (RaftServerImpl.java:setRole(184)) - decc5551-dd4b-40dc-8ff5-b6b450d67f6f@group-42ACBF6EBE4E: changes role from  FOLLOWER to CANDIDATE at term 150 for changeToCandidate
2019-10-17 07:10:42,309 [Thread-2274] INFO  impl.RoleInfo (RoleInfo.java:updateAndGet(143)) - decc5551-dd4b-40dc-8ff5-b6b450d67f6f: start LeaderElection
2019-10-17 07:10:42,319 [5c4ee31d-c5ed-4c65-a5df-da3e3cf53ac2@group-233C052D78D6-LeaderElection283] INFO  impl.LeaderElection (LeaderElection.java:askForVotes(178)) - 5c4ee31d-c5ed-4c65-a5df-da3e3cf53ac2@group-233C052D78D6-LeaderElection283: begin an election at term 150 for -1: [67ae3572-7d88-4e50-b53b-0f48f6748b38:192.168.157.211:41299, 831edaa1-80a5-4091-843f-90c648a5a79d:192.168.157.211:44365, 5c4ee31d-c5ed-4c65-a5df-da3e3cf53ac2:192.168.157.211:45059], old=null
2019-10-17 07:10:42,319 [decc5551-dd4b-40dc-8ff5-b6b450d67f6f@group-42ACBF6EBE4E-LeaderElection284] INFO  impl.LeaderElection (LeaderElection.java:askForVotes(178)) - decc5551-dd4b-40dc-8ff5-b6b450d67f6f@group-42ACBF6EBE4E-LeaderElection284: begin an election at term 151 for -1: [215fceca-0555-458b-bc4f-ba38ff24d5ba:192.168.157.211:43803, decc5551-dd4b-40dc-8ff5-b6b450d67f6f:192.168.157.211:34435, 0c631657-10a5-4e2a-a322-8fc6c651b2ed:192.168.157.211:41694], old=null
2019-10-17 07:10:42,321 [grpc-default-executor-7] INFO  impl.RaftServerImpl (RaftServerImpl.java:setRole(184)) - 67ae3572-7d88-4e50-b53b-0f48f6748b38@group-233C052D78D6: changes role from  FOLLOWER to FOLLOWER at term 150 for recognizeCandidate:5c4ee31d-c5ed-4c65-a5df-da3e3cf53ac2
2019-10-17 07:10:42,321 [grpc-default-executor-7] INFO  impl.RoleInfo (RoleInfo.java:shutdownFollowerState(121)) - 67ae3572-7d88-4e50-b53b-0f48f6748b38: shutdown FollowerState
2019-10-17 07:10:42,321 [grpc-default-executor-7] INFO  impl.RoleInfo (RoleInfo.java:updateAndGet(143)) - 67ae3572-7d88-4e50-b53b-0f48f6748b38: start FollowerState
2019-10-17 07:10:42,321 [Thread-2284] INFO  impl.FollowerState (FollowerState.java:run(117)) - 67ae3572-7d88-4e50-b53b-0f48f6748b38@group-233C052D78D6-FollowerState was interrupted: java.lang.InterruptedException: sleep interrupted
2019-10-17 07:10:42,322 [grpc-default-executor-9] INFO  impl.RaftServerImpl (RaftServerImpl.java:setRole(184)) - 0c631657-10a5-4e2a-a322-8fc6c651b2ed@group-42ACBF6EBE4E: changes role from  FOLLOWER to FOLLOWER at term 151 for recognizeCandidate:decc5551-dd4b-40dc-8ff5-b6b450d67f6f
2019-10-17 07:10:42,322 [grpc-default-executor-9] INFO  impl.RoleInfo (RoleInfo.java:shutdownFollowerState(121)) - 0c631657-10a5-4e2a-a322-8fc6c651b2ed: shutdown FollowerState
2019-10-17 07:10:42,322 [grpc-default-executor-9] INFO  impl.RoleInfo (RoleInfo.java:updateAndGet(143)) - 0c631657-10a5-4e2a-a322-8fc6c651b2ed: start FollowerState
2019-10-17 07:10:42,322 [Thread-2272] INFO  impl.FollowerState (FollowerState.java:run(117)) - 0c631657-10a5-4e2a-a322-8fc6c651b2ed@group-42ACBF6EBE4E-FollowerState was interrupted: java.lang.InterruptedException: sleep interrupted
2019-10-17 07:10:42,323 [grpc-default-executor-3] INFO  impl.RaftServerImpl (RaftServerImpl.java:setRole(184)) - 831edaa1-80a5-4091-843f-90c648a5a79d@group-233C052D78D6: changes role from  FOLLOWER to FOLLOWER at term 150 for recognizeCandidate:5c4ee31d-c5ed-4c65-a5df-da3e3cf53ac2
2019-10-17 07:10:42,323 [grpc-default-executor-4] INFO  impl.RaftServerImpl (RaftServerImpl.java:setRole(184)) - 215fceca-0555-458b-bc4f-ba38ff24d5ba@group-42ACBF6EBE4E: changes role from  FOLLOWER to FOLLOWER at term 151 for recognizeCandidate:decc5551-dd4b-40dc-8ff5-b6b450d67f6f
2019-10-17 07:10:42,323 [grpc-default-executor-3] INFO  impl.RoleInfo (RoleInfo.java:shutdownFollowerState(121)) - 831edaa1-80a5-4091-843f-90c648a5a79d: shutdown FollowerState
2019-10-17 07:10:42,323 [grpc-default-executor-4] INFO  impl.RoleInfo (RoleInfo.java:shutdownFollowerState(121)) - 215fceca-0555-458b-bc4f-ba38ff24d5ba: shutdown FollowerState
2019-10-17 07:10:42,323 [Thread-2285] INFO  impl.FollowerState (FollowerState.java:run(117)) - 831edaa1-80a5-4091-843f-90c648a5a79d@group-233C052D78D6-FollowerState was interrupted: java.lang.InterruptedException: sleep interrupted
2019-10-17 07:10:42,323 [grpc-default-executor-3] INFO  impl.RoleInfo (RoleInfo.java:updateAndGet(143)) - 831edaa1-80a5-4091-843f-90c648a5a79d: start FollowerState
2019-10-17 07:10:42,323 [Thread-2271] INFO  impl.FollowerState (FollowerState.java:run(117)) - 215fceca-0555-458b-bc4f-ba38ff24d5ba@group-42ACBF6EBE4E-FollowerState was interrupted: java.lang.InterruptedException: sleep interrupted
2019-10-17 07:10:42,323 [grpc-default-executor-4] INFO  impl.RoleInfo (RoleInfo.java:updateAndGet(143)) - 215fceca-0555-458b-bc4f-ba38ff24d5ba: start FollowerState
2019-10-17 07:10:42,338 [5c4ee31d-c5ed-4c65-a5df-da3e3cf53ac2@group-233C052D78D6-LeaderElection283] INFO  impl.LeaderElection (LeaderElection.java:logAndReturn(56)) - 5c4ee31d-c5ed-4c65-a5df-da3e3cf53ac2@group-233C052D78D6-LeaderElection283: Election REJECTED; received 2 response(s) [5c4ee31d-c5ed-4c65-a5df-da3e3cf53ac2<-67ae3572-7d88-4e50-b53b-0f48f6748b38#0:FAIL-t150, 5c4ee31d-c5ed-4c65-a5df-da3e3cf53ac2<-831edaa1-80a5-4091-843f-90c648a5a79d#0:FAIL-t150] and 0 exception(s); 5c4ee31d-c5ed-4c65-a5df-da3e3cf53ac2@group-233C052D78D6:t150, leader=null, voted=5c4ee31d-c5ed-4c65-a5df-da3e3cf53ac2, raftlog=5c4ee31d-c5ed-4c65-a5df-da3e3cf53ac2@group-233C052D78D6-SegmentedRaftLog:OPENED:c-1,f-1,i0, conf=-1: [67ae3572-7d88-4e50-b53b-0f48f6748b38:192.168.157.211:41299, 831edaa1-80a5-4091-843f-90c648a5a79d:192.168.157.211:44365, 5c4ee31d-c5ed-4c65-a5df-da3e3cf53ac2:192.168.157.211:45059], old=null
2019-10-17 07:10:42,338 [5c4ee31d-c5ed-4c65-a5df-da3e3cf53ac2@group-233C052D78D6-LeaderElection283] INFO  impl.RaftServerImpl (RaftServerImpl.java:setRole(184)) - 5c4ee31d-c5ed-4c65-a5df-da3e3cf53ac2@group-233C052D78D6: changes role from CANDIDATE to FOLLOWER at term 150 for DISCOVERED_A_NEW_TERM
2019-10-17 07:10:42,338 [5c4ee31d-c5ed-4c65-a5df-da3e3cf53ac2@group-233C052D78D6-LeaderElection283] INFO  impl.RoleInfo (RoleInfo.java:shutdownLeaderElection(134)) - 5c4ee31d-c5ed-4c65-a5df-da3e3cf53ac2: shutdown LeaderElection
2019-10-17 07:10:42,338 [decc5551-dd4b-40dc-8ff5-b6b450d67f6f@group-42ACBF6EBE4E-LeaderElection284] INFO  impl.LeaderElection (LeaderElection.java:logAndReturn(56)) - decc5551-dd4b-40dc-8ff5-b6b450d67f6f@group-42ACBF6EBE4E-LeaderElection284: Election REJECTED; received 2 response(s) [decc5551-dd4b-40dc-8ff5-b6b450d67f6f<-215fceca-0555-458b-bc4f-ba38ff24d5ba#0:FAIL-t151, decc5551-dd4b-40dc-8ff5-b6b450d67f6f<-0c631657-10a5-4e2a-a322-8fc6c651b2ed#0:FAIL-t151] and 0 exception(s); decc5551-dd4b-40dc-8ff5-b6b450d67f6f@group-42ACBF6EBE4E:t151, leader=null, voted=decc5551-dd4b-40dc-8ff5-b6b450d67f6f, raftlog=decc5551-dd4b-40dc-8ff5-b6b450d67f6f@group-42ACBF6EBE4E-SegmentedRaftLog:OPENED:c-1,f-1,i0, conf=-1: [215fceca-0555-458b-bc4f-ba38ff24d5ba:192.168.157.211:43803, decc5551-dd4b-40dc-8ff5-b6b450d67f6f:192.168.157.211:34435, 0c631657-10a5-4e2a-a322-8fc6c651b2ed:192.168.157.211:41694], old=null
2019-10-17 07:10:42,338 [5c4ee31d-c5ed-4c65-a5df-da3e3cf53ac2@group-233C052D78D6-LeaderElection283] INFO  impl.RoleInfo (RoleInfo.java:updateAndGet(143)) - 5c4ee31d-c5ed-4c65-a5df-da3e3cf53ac2: start FollowerState
2019-10-17 07:10:42,338 [decc5551-dd4b-40dc-8ff5-b6b450d67f6f@group-42ACBF6EBE4E-LeaderElection284] INFO  impl.RaftServerImpl (RaftServerImpl.java:setRole(184)) - decc5551-dd4b-40dc-8ff5-b6b450d67f6f@group-42ACBF6EBE4E: changes role from CANDIDATE to FOLLOWER at term 151 for DISCOVERED_A_NEW_TERM
2019-10-17 07:10:42,339 [decc5551-dd4b-40dc-8ff5-b6b450d67f6f@group-42ACBF6EBE4E-LeaderElection284] INFO  impl.RoleInfo (RoleInfo.java:shutdownLeaderElection(134)) - decc5551-dd4b-40dc-8ff5-b6b450d67f6f: shutdown LeaderElection
2019-10-17 07:10:42,339 [decc5551-dd4b-40dc-8ff5-b6b450d67f6f@group-42ACBF6EBE4E-LeaderElection284] INFO  impl.RoleInfo (RoleInfo.java:updateAndGet(143)) - decc5551-dd4b-40dc-8ff5-b6b450d67f6f: start FollowerState
2019-10-17 07:10:42,425 [Thread-2297] INFO  impl.FollowerState (FollowerState.java:run(108)) - 5c4ee31d-c5ed-4c65-a5df-da3e3cf53ac2@group-233C052D78D6-FollowerState: change to CANDIDATE, lastRpcTime:86ms, electionTimeout:86ms
2019-10-17 07:10:42,425 [Thread-2297] INFO  impl.RoleInfo (RoleInfo.java:shutdownFollowerState(121)) - 5c4ee31d-c5ed-4c65-a5df-da3e3cf53ac2: shutdown FollowerState
2019-10-17 07:10:42,425 [Thread-2297] INFO  impl.RaftServerImpl (RaftServerImpl.java:setRole(184)) - 5c4ee31d-c5ed-4c65-a5df-da3e3cf53ac2@group-233C052D78D6: changes role from  FOLLOWER to CANDIDATE at term 150 for changeToCandidate
2019-10-17 07:10:42,425 [Thread-2297] INFO  impl.RoleInfo (RoleInfo.java:updateAndGet(143)) - 5c4ee31d-c5ed-4c65-a5df-da3e3cf53ac2: start LeaderElection
2019-10-17 07:10:42,440 [5c4ee31d-c5ed-4c65-a5df-da3e3cf53ac2@group-233C052D78D6-LeaderElection285] INFO  impl.LeaderElection (LeaderElection.java:askForVotes(178)) - 5c4ee31d-c5ed-4c65-a5df-da3e3cf53ac2@group-233C052D78D6-LeaderElection285: begin an election at term 151 for -1: [67ae3572-7d88-4e50-b53b-0f48f6748b38:192.168.157.211:41299, 831edaa1-80a5-4091-843f-90c648a5a79d:192.168.157.211:44365, 5c4ee31d-c5ed-4c65-a5df-da3e3cf53ac2:192.168.157.211:45059], old=null
2019-10-17 07:10:42,442 [grpc-default-executor-3] INFO  impl.RaftServerImpl (RaftServerImpl.java:setRole(184)) - 831edaa1-80a5-4091-843f-90c648a5a79d@group-233C052D78D6: changes role from  FOLLOWER to FOLLOWER at term 151 for recognizeCandidate:5c4ee31d-c5ed-4c65-a5df-da3e3cf53ac2
2019-10-17 07:10:42,442 [grpc-default-executor-3] INFO  impl.RoleInfo (RoleInfo.java:shutdownFollowerState(121)) - 831edaa1-80a5-4091-843f-90c648a5a79d: shutdown FollowerState
2019-10-17 07:10:42,442 [grpc-default-executor-7] INFO  impl.RaftServerImpl (RaftServerImpl.java:setRole(184)) - 67ae3572-7d88-4e50-b53b-0f48f6748b38@group-233C052D78D6: changes role from  FOLLOWER to FOLLOWER at term 151 for recognizeCandidate:5c4ee31d-c5ed-4c65-a5df-da3e3cf53ac2
2019-10-17 07:10:42,443 [grpc-default-executor-7] INFO  impl.RoleInfo (RoleInfo.java:shutdownFollowerState(121)) - 67ae3572-7d88-4e50-b53b-0f48f6748b38: shutdown FollowerState
2019-10-17 07:10:42,443 [Thread-2295] INFO  impl.FollowerState (FollowerState.java:run(117)) - 831edaa1-80a5-4091-843f-90c648a5a79d@group-233C052D78D6-FollowerState was interrupted: java.lang.InterruptedException: sleep interrupted
2019-10-17 07:10:42,443 [Thread-2293] INFO  impl.FollowerState (FollowerState.java:run(117)) - 67ae3572-7d88-4e50-b53b-0f48f6748b38@group-233C052D78D6-FollowerState was interrupted: java.lang.InterruptedException: sleep interrupted
2019-10-17 07:10:42,443 [grpc-default-executor-3] INFO  impl.RoleInfo (RoleInfo.java:updateAndGet(143)) - 831edaa1-80a5-4091-843f-90c648a5a79d: start FollowerState
2019-10-17 07:10:42,443 [grpc-default-executor-7] INFO  impl.RoleInfo (RoleInfo.java:updateAndGet(143)) - 67ae3572-7d88-4e50-b53b-0f48f6748b38: start FollowerState
2019-10-17 07:10:42,457 [5c4ee31d-c5ed-4c65-a5df-da3e3cf53ac2@group-233C052D78D6-LeaderElection285] INFO  impl.LeaderElection (LeaderElection.java:logAndReturn(56)) - 5c4ee31d-c5ed-4c65-a5df-da3e3cf53ac2@group-233C052D78D6-LeaderElection285: Election REJECTED; received 2 response(s) [5c4ee31d-c5ed-4c65-a5df-da3e3cf53ac2<-67ae3572-7d88-4e50-b53b-0f48f6748b38#0:FAIL-t151, 5c4ee31d-c5ed-4c65-a5df-da3e3cf53ac2<-831edaa1-80a5-4091-843f-90c648a5a79d#0:FAIL-t151] and 0 exception(s); 5c4ee31d-c5ed-4c65-a5df-da3e3cf53ac2@group-233C052D78D6:t151, leader=null, voted=5c4ee31d-c5ed-4c65-a5df-da3e3cf53ac2, raftlog=5c4ee31d-c5ed-4c65-a5df-da3e3cf53ac2@group-233C052D78D6-SegmentedRaftLog:OPENED:c-1,f-1,i0, conf=-1: [67ae3572-7d88-4e50-b53b-0f48f6748b38:192.168.157.211:41299, 831edaa1-80a5-4091-843f-90c648a5a79d:192.168.157.211:44365, 5c4ee31d-c5ed-4c65-a5df-da3e3cf53ac2:192.168.157.211:45059], old=null
2019-10-17 07:10:42,458 [5c4ee31d-c5ed-4c65-a5df-da3e3cf53ac2@group-233C052D78D6-LeaderElection285] INFO  impl.RaftServerImpl (RaftServerImpl.java:setRole(184)) - 5c4ee31d-c5ed-4c65-a5df-da3e3cf53ac2@group-233C052D78D6: changes role from CANDIDATE to FOLLOWER at term 151 for DISCOVERED_A_NEW_TERM
2019-10-17 07:10:42,458 [5c4ee31d-c5ed-4c65-a5df-da3e3cf53ac2@group-233C052D78D6-LeaderElection285] INFO  impl.RoleInfo (RoleInfo.java:shutdownLeaderElection(134)) - 5c4ee31d-c5ed-4c65-a5df-da3e3cf53ac2: shutdown LeaderElection
2019-10-17 07:10:42,458 [5c4ee31d-c5ed-4c65-a5df-da3e3cf53ac2@group-233C052D78D6-LeaderElection285] INFO  impl.RoleInfo (RoleInfo.java:updateAndGet(143)) - 5c4ee31d-c5ed-4c65-a5df-da3e3cf53ac2: start FollowerState
2019-10-17 07:10:42,497 [Thread-2298] INFO  impl.FollowerState (FollowerState.java:run(108)) - decc5551-dd4b-40dc-8ff5-b6b450d67f6f@group-42ACBF6EBE4E-FollowerState: change to CANDIDATE, lastRpcTime:158ms, electionTimeout:158ms
2019-10-17 07:10:42,497 [Thread-2298] INFO  impl.RoleInfo (RoleInfo.java:shutdownFollowerState(121)) - decc5551-dd4b-40dc-8ff5-b6b450d67f6f: shutdown FollowerState
2019-10-17 07:10:42,497 [Thread-2298] INFO  impl.RaftServerImpl (RaftServerImpl.java:setRole(184)) - decc5551-dd4b-40dc-8ff5-b6b450d67f6f@group-42ACBF6EBE4E: changes role from  FOLLOWER to CANDIDATE at term 151 for changeToCandidate
2019-10-17 07:10:42,498 [Thread-2298] INFO  impl.RoleInfo (RoleInfo.java:updateAndGet(143)) - decc5551-dd4b-40dc-8ff5-b6b450d67f6f: start LeaderElection
2019-10-17 07:10:42,511 [decc5551-dd4b-40dc-8ff5-b6b450d67f6f@group-42ACBF6EBE4E-LeaderElection286] INFO  impl.LeaderElection (LeaderElection.java:askForVotes(178)) - decc5551-dd4b-40dc-8ff5-b6b450d67f6f@group-42ACBF6EBE4E-LeaderElection286: begin an election at term 152 for -1: [215fceca-0555-458b-bc4f-ba38ff24d5ba:192.168.157.211:43803, decc5551-dd4b-40dc-8ff5-b6b450d67f6f:192.168.157.211:34435, 0c631657-10a5-4e2a-a322-8fc6c651b2ed:192.168.157.211:41694], old=null
2019-10-17 07:10:42,513 [grpc-default-executor-3] INFO  impl.RaftServerImpl (RaftServerImpl.java:setRole(184)) - 0c631657-10a5-4e2a-a322-8fc6c651b2ed@group-42ACBF6EBE4E: changes role from  FOLLOWER to FOLLOWER at term 152 for recognizeCandidate:decc5551-dd4b-40dc-8ff5-b6b450d67f6f
2019-10-17 07:10:42,513 [grpc-default-executor-3] INFO  impl.RoleInfo (RoleInfo.java:shutdownFollowerState(121)) - 0c631657-10a5-4e2a-a322-8fc6c651b2ed: shutdown FollowerState
2019-10-17 07:10:42,514 [grpc-default-executor-3] INFO  impl.RoleInfo (RoleInfo.java:updateAndGet(143)) - 0c631657-10a5-4e2a-a322-8fc6c651b2ed: start FollowerState
2019-10-17 07:10:42,514 [Thread-2294] INFO  impl.FollowerState (FollowerState.java:run(117)) - 0c631657-10a5-4e2a-a322-8fc6c651b2ed@group-42ACBF6EBE4E-FollowerState was interrupted: java.lang.InterruptedException: sleep interrupted
2019-10-17 07:10:42,514 [grpc-default-executor-7] INFO  impl.RaftServerImpl (RaftServerImpl.java:setRole(184)) - 215fceca-0555-458b-bc4f-ba38ff24d5ba@group-42ACBF6EBE4E: changes role from  FOLLOWER to FOLLOWER at term 152 for recognizeCandidate:decc5551-dd4b-40dc-8ff5-b6b450d67f6f
2019-10-17 07:10:42,514 [grpc-default-executor-7] INFO  impl.RoleInfo (RoleInfo.java:shutdownFollowerState(121)) - 215fceca-0555-458b-bc4f-ba38ff24d5ba: shutdown FollowerState
2019-10-17 07:10:42,514 [grpc-default-executor-7] INFO  impl.RoleInfo (RoleInfo.java:updateAndGet(143)) - 215fceca-0555-458b-bc4f-ba38ff24d5ba: start FollowerState
2019-10-17 07:10:42,514 [Thread-2296] INFO  impl.FollowerState (FollowerState.java:run(117)) - 215fceca-0555-458b-bc4f-ba38ff24d5ba@group-42ACBF6EBE4E-FollowerState was interrupted: java.lang.InterruptedException: sleep interrupted
2019-10-17 07:10:42,528 [decc5551-dd4b-40dc-8ff5-b6b450d67f6f@group-42ACBF6EBE4E-LeaderElection286] INFO  impl.LeaderElection (LeaderElection.java:logAndReturn(56)) - decc5551-dd4b-40dc-8ff5-b6b450d67f6f@group-42ACBF6EBE4E-LeaderElection286: Election REJECTED; received 2 response(s) [decc5551-dd4b-40dc-8ff5-b6b450d67f6f<-215fceca-0555-458b-bc4f-ba38ff24d5ba#0:FAIL-t152, decc5551-dd4b-40dc-8ff5-b6b450d67f6f<-0c631657-10a5-4e2a-a322-8fc6c651b2ed#0:FAIL-t152] and 0 exception(s); decc5551-dd4b-40dc-8ff5-b6b450d67f6f@group-42ACBF6EBE4E:t152, leader=null, voted=decc5551-dd4b-40dc-8ff5-b6b450d67f6f, raftlog=decc5551-dd4b-40dc-8ff5-b6b450d67f6f@group-42ACBF6EBE4E-SegmentedRaftLog:OPENED:c-1,f-1,i0, conf=-1: [215fceca-0555-458b-bc4f-ba38ff24d5ba:192.168.157.211:43803, decc5551-dd4b-40dc-8ff5-b6b450d67f6f:192.168.157.211:34435, 0c631657-10a5-4e2a-a322-8fc6c651b2ed:192.168.157.211:41694], old=null
2019-10-17 07:10:42,528 [decc5551-dd4b-40dc-8ff5-b6b450d67f6f@group-42ACBF6EBE4E-LeaderElection286] INFO  impl.RaftServerImpl (RaftServerImpl.java:setRole(184)) - decc5551-dd4b-40dc-8ff5-b6b450d67f6f@group-42ACBF6EBE4E: changes role from CANDIDATE to FOLLOWER at term 152 for DISCOVERED_A_NEW_TERM
2019-10-17 07:10:42,528 [decc5551-dd4b-40dc-8ff5-b6b450d67f6f@group-42ACBF6EBE4E-LeaderElection286] INFO  impl.RoleInfo (RoleInfo.java:shutdownLeaderElection(134)) - decc5551-dd4b-40dc-8ff5-b6b450d67f6f: shutdown LeaderElection
2019-10-17 07:10:42,529 [decc5551-dd4b-40dc-8ff5-b6b450d67f6f@group-42ACBF6EBE4E-LeaderElection286] INFO  impl.RoleInfo (RoleInfo.java:updateAndGet(143)) - decc5551-dd4b-40dc-8ff5-b6b450d67f6f: start FollowerState
2019-10-17 07:10:42,565 [Thread-2304] INFO  impl.FollowerState (FollowerState.java:run(108)) - 5c4ee31d-c5ed-4c65-a5df-da3e3cf53ac2@group-233C052D78D6-FollowerState: change to CANDIDATE, lastRpcTime:106ms, electionTimeout:106ms
2019-10-17 07:10:42,565 [Thread-2304] INFO  impl.RoleInfo (RoleInfo.java:shutdownFollowerState(121)) - 5c4ee31d-c5ed-4c65-a5df-da3e3cf53ac2: shutdown FollowerState
2019-10-17 07:10:42,565 [Thread-2304] INFO  impl.RaftServerImpl (RaftServerImpl.java:setRole(184)) - 5c4ee31d-c5ed-4c65-a5df-da3e3cf53ac2@group-233C052D78D6: changes role from  FOLLOWER to CANDIDATE at term 151 for changeToCandidate
2019-10-17 07:10:42,565 [Thread-2304] INFO  impl.RoleInfo (RoleInfo.java:updateAndGet(143)) - 5c4ee31d-c5ed-4c65-a5df-da3e3cf53ac2: start LeaderElection
2019-10-17 07:10:42,579 [5c4ee31d-c5ed-4c65-a5df-da3e3cf53ac2@group-233C052D78D6-LeaderElection287] INFO  impl.LeaderElection (LeaderElection.java:askForVotes(178)) - 5c4ee31d-c5ed-4c65-a5df-da3e3cf53ac2@group-233C052D78D6-LeaderElection287: begin an election at term 152 for -1: [67ae3572-7d88-4e50-b53b-0f48f6748b38:192.168.157.211:41299, 831edaa1-80a5-4091-843f-90c648a5a79d:192.168.157.211:44365, 5c4ee31d-c5ed-4c65-a5df-da3e3cf53ac2:192.168.157.211:45059], old=null
2019-10-17 07:10:42,581 [grpc-default-executor-7] INFO  impl.RaftServerImpl (RaftServerImpl.java:setRole(184)) - 67ae3572-7d88-4e50-b53b-0f48f6748b38@group-233C052D78D6: changes role from  FOLLOWER to FOLLOWER at term 152 for recognizeCandidate:5c4ee31d-c5ed-4c65-a5df-da3e3cf53ac2
2019-10-17 07:10:42,581 [grpc-default-executor-7] INFO  impl.RoleInfo (RoleInfo.java:shutdownFollowerState(121)) - 67ae3572-7d88-4e50-b53b-0f48f6748b38: shutdown FollowerState
2019-10-17 07:10:42,581 [grpc-default-executor-7] INFO  impl.RoleInfo (RoleInfo.java:updateAndGet(143)) - 67ae3572-7d88-4e50-b53b-0f48f6748b38: start FollowerState
2019-10-17 07:10:42,581 [Thread-2303] INFO  impl.FollowerState (FollowerState.java:run(117)) - 67ae3572-7d88-4e50-b53b-0f48f6748b38@group-233C052D78D6-FollowerState was interrupted: java.lang.InterruptedException: sleep interrupted
2019-10-17 07:10:42,581 [grpc-default-executor-3] INFO  impl.RaftServerImpl (RaftServerImpl.java:setRole(184)) - 831edaa1-80a5-4091-843f-90c648a5a79d@group-233C052D78D6: changes role from  FOLLOWER to FOLLOWER at term 152 for recognizeCandidate:5c4ee31d-c5ed-4c65-a5df-da3e3cf53ac2
2019-10-17 07:10:42,582 [grpc-default-executor-3] INFO  impl.RoleInfo (RoleInfo.java:shutdownFollowerState(121)) - 831edaa1-80a5-4091-843f-90c648a5a79d: shutdown FollowerState
2019-10-17 07:10:42,582 [grpc-default-executor-3] INFO  impl.RoleInfo (RoleInfo.java:updateAndGet(143)) - 831edaa1-80a5-4091-843f-90c648a5a79d: start FollowerState
2019-10-17 07:10:42,582 [Thread-2302] INFO  impl.FollowerState (FollowerState.java:run(117)) - 831edaa1-80a5-4091-843f-90c648a5a79d@group-233C052D78D6-FollowerState was interrupted: java.lang.InterruptedException: sleep interrupted
2019-10-17 07:10:42,589 [5c4ee31d-c5ed-4c65-a5df-da3e3cf53ac2@group-233C052D78D6-LeaderElection287] INFO  impl.LeaderElection (LeaderElection.java:logAndReturn(56)) - 5c4ee31d-c5ed-4c65-a5df-da3e3cf53ac2@group-233C052D78D6-LeaderElection287: Election TIMEOUT; received 0 response(s) [] and 0 exception(s); 5c4ee31d-c5ed-4c65-a5df-da3e3cf53ac2@group-233C052D78D6:t152, leader=null, voted=5c4ee31d-c5ed-4c65-a5df-da3e3cf53ac2, raftlog=5c4ee31d-c5ed-4c65-a5df-da3e3cf53ac2@group-233C052D78D6-SegmentedRaftLog:OPENED:c-1,f-1,i0, conf=-1: [67ae3572-7d88-4e50-b53b-0f48f6748b38:192.168.157.211:41299, 831edaa1-80a5-4091-843f-90c648a5a79d:192.168.157.211:44365, 5c4ee31d-c5ed-4c65-a5df-da3e3cf53ac2:192.168.157.211:45059], old=null
2019-10-17 07:10:42,599 [5c4ee31d-c5ed-4c65-a5df-da3e3cf53ac2@group-233C052D78D6-LeaderElection287] INFO  impl.LeaderElection (LeaderElection.java:askForVotes(178)) - 5c4ee31d-c5ed-4c65-a5df-da3e3cf53ac2@group-233C052D78D6-LeaderElection287: begin an election at term 153 for -1: [67ae3572-7d88-4e50-b53b-0f48f6748b38:192.168.157.211:41299, 831edaa1-80a5-4091-843f-90c648a5a79d:192.168.157.211:44365, 5c4ee31d-c5ed-4c65-a5df-da3e3cf53ac2:192.168.157.211:45059], old=null
2019-10-17 07:10:42,601 [grpc-default-executor-3] INFO  impl.RaftServerImpl (RaftServerImpl.java:setRole(184)) - 67ae3572-7d88-4e50-b53b-0f48f6748b38@group-233C052D78D6: changes role from  FOLLOWER to FOLLOWER at term 153 for recognizeCandidate:5c4ee31d-c5ed-4c65-a5df-da3e3cf53ac2
2019-10-17 07:10:42,601 [grpc-default-executor-3] INFO  impl.RoleInfo (RoleInfo.java:shutdownFollowerState(121)) - 67ae3572-7d88-4e50-b53b-0f48f6748b38: shutdown FollowerState
2019-10-17 07:10:42,601 [grpc-default-executor-3] INFO  impl.RoleInfo (RoleInfo.java:updateAndGet(143)) - 67ae3572-7d88-4e50-b53b-0f48f6748b38: start FollowerState
2019-10-17 07:10:42,601 [Thread-2314] INFO  impl.FollowerState (FollowerState.java:run(117)) - 67ae3572-7d88-4e50-b53b-0f48f6748b38@group-233C052D78D6-FollowerState was interrupted: java.lang.InterruptedException: sleep interrupted
2019-10-17 07:10:42,601 [grpc-default-executor-7] INFO  impl.RaftServerImpl (RaftServerImpl.java:setRole(184)) - 831edaa1-80a5-4091-843f-90c648a5a79d@group-233C052D78D6: changes role from  FOLLOWER to FOLLOWER at term 153 for recognizeCandidate:5c4ee31d-c5ed-4c65-a5df-da3e3cf53ac2
2019-10-17 07:10:42,602 [grpc-default-executor-7] INFO  impl.RoleInfo (RoleInfo.java:shutdownFollowerState(121)) - 831edaa1-80a5-4091-843f-90c648a5a79d: shutdown FollowerState
2019-10-17 07:10:42,602 [grpc-default-executor-7] INFO  impl.RoleInfo (RoleInfo.java:updateAndGet(143)) - 831edaa1-80a5-4091-843f-90c648a5a79d: start FollowerState
2019-10-17 07:10:42,602 [Thread-2315] INFO  impl.FollowerState (FollowerState.java:run(117)) - 831edaa1-80a5-4091-843f-90c648a5a79d@group-233C052D78D6-FollowerState was interrupted: java.lang.InterruptedException: sleep interrupted
2019-10-17 07:10:42,616 [5c4ee31d-c5ed-4c65-a5df-da3e3cf53ac2@group-233C052D78D6-LeaderElection287] INFO  impl.LeaderElection (LeaderElection.java:logAndReturn(56)) - 5c4ee31d-c5ed-4c65-a5df-da3e3cf53ac2@group-233C052D78D6-LeaderElection287: Election REJECTED; received 2 response(s) [5c4ee31d-c5ed-4c65-a5df-da3e3cf53ac2<-67ae3572-7d88-4e50-b53b-0f48f6748b38#0:FAIL-t153, 5c4ee31d-c5ed-4c65-a5df-da3e3cf53ac2<-831edaa1-80a5-4091-843f-90c648a5a79d#0:FAIL-t153] and 0 exception(s); 5c4ee31d-c5ed-4c65-a5df-da3e3cf53ac2@group-233C052D78D6:t153, leader=null, voted=5c4ee31d-c5ed-4c65-a5df-da3e3cf53ac2, raftlog=5c4ee31d-c5ed-4c65-a5df-da3e3cf53ac2@group-233C052D78D6-SegmentedRaftLog:OPENED:c-1,f-1,i0, conf=-1: [67ae3572-7d88-4e50-b53b-0f48f6748b38:192.168.157.211:41299, 831edaa1-80a5-4091-843f-90c648a5a79d:192.168.157.211:44365, 5c4ee31d-c5ed-4c65-a5df-da3e3cf53ac2:192.168.157.211:45059], old=null
2019-10-17 07:10:42,616 [5c4ee31d-c5ed-4c65-a5df-da3e3cf53ac2@group-233C052D78D6-LeaderElection287] INFO  impl.RaftServerImpl (RaftServerImpl.java:setRole(184)) - 5c4ee31d-c5ed-4c65-a5df-da3e3cf53ac2@group-233C052D78D6: changes role from CANDIDATE to FOLLOWER at term 153 for DISCOVERED_A_NEW_TERM
2019-10-17 07:10:42,616 [5c4ee31d-c5ed-4c65-a5df-da3e3cf53ac2@group-233C052D78D6-LeaderElection287] INFO  impl.RoleInfo (RoleInfo.java:shutdownLeaderElection(134)) - 5c4ee31d-c5ed-4c65-a5df-da3e3cf53ac2: shutdown LeaderElection
2019-10-17 07:10:42,616 [5c4ee31d-c5ed-4c65-a5df-da3e3cf53ac2@group-233C052D78D6-LeaderElection287] INFO  impl.RoleInfo (RoleInfo.java:updateAndGet(143)) - 5c4ee31d-c5ed-4c65-a5df-da3e3cf53ac2: start FollowerState
2019-10-17 07:10:42,672 [Thread-2320] INFO  impl.FollowerState (FollowerState.java:run(108)) - 5c4ee31d-c5ed-4c65-a5df-da3e3cf53ac2@group-233C052D78D6-FollowerState: change to CANDIDATE, lastRpcTime:55ms, electionTimeout:55ms
2019-10-17 07:10:42,672 [Thread-2320] INFO  impl.RoleInfo (RoleInfo.java:shutdownFollowerState(121)) - 5c4ee31d-c5ed-4c65-a5df-da3e3cf53ac2: shutdown FollowerState
2019-10-17 07:10:42,672 [Thread-2320] INFO  impl.RaftServerImpl (RaftServerImpl.java:setRole(184)) - 5c4ee31d-c5ed-4c65-a5df-da3e3cf53ac2@group-233C052D78D6: changes role from  FOLLOWER to CANDIDATE at term 153 for changeToCandidate
2019-10-17 07:10:42,672 [Thread-2320] INFO  impl.RoleInfo (RoleInfo.java:updateAndGet(143)) - 5c4ee31d-c5ed-4c65-a5df-da3e3cf53ac2: start LeaderElection
2019-10-17 07:10:42,681 [5c4ee31d-c5ed-4c65-a5df-da3e3cf53ac2@group-233C052D78D6-LeaderElection288] INFO  impl.LeaderElection (LeaderElection.java:askForVotes(178)) - 5c4ee31d-c5ed-4c65-a5df-da3e3cf53ac2@group-233C052D78D6-LeaderElection288: begin an election at term 154 for -1: [67ae3572-7d88-4e50-b53b-0f48f6748b38:192.168.157.211:41299, 831edaa1-80a5-4091-843f-90c648a5a79d:192.168.157.211:44365, 5c4ee31d-c5ed-4c65-a5df-da3e3cf53ac2:192.168.157.211:45059], old=null
2019-10-17 07:10:42,684 [grpc-default-executor-3] INFO  impl.RaftServerImpl (RaftServerImpl.java:setRole(184)) - 831edaa1-80a5-4091-843f-90c648a5a79d@group-233C052D78D6: changes role from  FOLLOWER to FOLLOWER at term 154 for recognizeCandidate:5c4ee31d-c5ed-4c65-a5df-da3e3cf53ac2
2019-10-17 07:10:42,684 [grpc-default-executor-3] INFO  impl.RoleInfo (RoleInfo.java:shutdownFollowerState(121)) - 831edaa1-80a5-4091-843f-90c648a5a79d: shutdown FollowerState
2019-10-17 07:10:42,685 [grpc-default-executor-3] INFO  impl.RoleInfo (RoleInfo.java:updateAndGet(143)) - 831edaa1-80a5-4091-843f-90c648a5a79d: start FollowerState
2019-10-17 07:10:42,685 [Thread-2319] INFO  impl.FollowerState (FollowerState.java:run(117)) - 831edaa1-80a5-4091-843f-90c648a5a79d@group-233C052D78D6-FollowerState was interrupted: java.lang.InterruptedException: sleep interrupted
2019-10-17 07:10:42,685 [grpc-default-executor-7] INFO  impl.RaftServerImpl (RaftServerImpl.java:setRole(184)) - 67ae3572-7d88-4e50-b53b-0f48f6748b38@group-233C052D78D6: changes role from  FOLLOWER to FOLLOWER at term 154 for recognizeCandidate:5c4ee31d-c5ed-4c65-a5df-da3e3cf53ac2
2019-10-17 07:10:42,685 [grpc-default-executor-7] INFO  impl.RoleInfo (RoleInfo.java:shutdownFollowerState(121)) - 67ae3572-7d88-4e50-b53b-0f48f6748b38: shutdown FollowerState
2019-10-17 07:10:42,685 [grpc-default-executor-7] INFO  impl.RoleInfo (RoleInfo.java:updateAndGet(143)) - 67ae3572-7d88-4e50-b53b-0f48f6748b38: start FollowerState
2019-10-17 07:10:42,685 [Thread-2318] INFO  impl.FollowerState (FollowerState.java:run(117)) - 67ae3572-7d88-4e50-b53b-0f48f6748b38@group-233C052D78D6-FollowerState was interrupted: java.lang.InterruptedException: sleep interrupted
2019-10-17 07:10:42,688 [Thread-2310] INFO  impl.FollowerState (FollowerState.java:run(108)) - decc5551-dd4b-40dc-8ff5-b6b450d67f6f@group-42ACBF6EBE4E-FollowerState: change to CANDIDATE, lastRpcTime:159ms, electionTimeout:159ms
2019-10-17 07:10:42,688 [Thread-2310] INFO  impl.RoleInfo (RoleInfo.java:shutdownFollowerState(121)) - decc5551-dd4b-40dc-8ff5-b6b450d67f6f: shutdown FollowerState
2019-10-17 07:10:42,688 [Thread-2310] INFO  impl.RaftServerImpl (RaftServerImpl.java:setRole(184)) - decc5551-dd4b-40dc-8ff5-b6b450d67f6f@group-42ACBF6EBE4E: changes role from  FOLLOWER to CANDIDATE at term 152 for changeToCandidate
2019-10-17 07:10:42,688 [Thread-2310] INFO  impl.RoleInfo (RoleInfo.java:updateAndGet(143)) - decc5551-dd4b-40dc-8ff5-b6b450d67f6f: start LeaderElection
2019-10-17 07:10:42,696 [decc5551-dd4b-40dc-8ff5-b6b450d67f6f@group-42ACBF6EBE4E-LeaderElection289] INFO  impl.LeaderElection (LeaderElection.java:askForVotes(178)) - decc5551-dd4b-40dc-8ff5-b6b450d67f6f@group-42ACBF6EBE4E-LeaderElection289: begin an election at term 153 for -1: [215fceca-0555-458b-bc4f-ba38ff24d5ba:192.168.157.211:43803, decc5551-dd4b-40dc-8ff5-b6b450d67f6f:192.168.157.211:34435, 0c631657-10a5-4e2a-a322-8fc6c651b2ed:192.168.157.211:41694], old=null
2019-10-17 07:10:42,697 [5c4ee31d-c5ed-4c65-a5df-da3e3cf53ac2@group-233C052D78D6-LeaderElection288] INFO  impl.LeaderElection (LeaderElection.java:logAndReturn(56)) - 5c4ee31d-c5ed-4c65-a5df-da3e3cf53ac2@group-233C052D78D6-LeaderElection288: Election REJECTED; received 2 response(s) [5c4ee31d-c5ed-4c65-a5df-da3e3cf53ac2<-67ae3572-7d88-4e50-b53b-0f48f6748b38#0:FAIL-t154, 5c4ee31d-c5ed-4c65-a5df-da3e3cf53ac2<-831edaa1-80a5-4091-843f-90c648a5a79d#0:FAIL-t154] and 0 exception(s); 5c4ee31d-c5ed-4c65-a5df-da3e3cf53ac2@group-233C052D78D6:t154, leader=null, voted=5c4ee31d-c5ed-4c65-a5df-da3e3cf53ac2, raftlog=5c4ee31d-c5ed-4c65-a5df-da3e3cf53ac2@group-233C052D78D6-SegmentedRaftLog:OPENED:c-1,f-1,i0, conf=-1: [67ae3572-7d88-4e50-b53b-0f48f6748b38:192.168.157.211:41299, 831edaa1-80a5-4091-843f-90c648a5a79d:192.168.157.211:44365, 5c4ee31d-c5ed-4c65-a5df-da3e3cf53ac2:192.168.157.211:45059], old=null
2019-10-17 07:10:42,697 [5c4ee31d-c5ed-4c65-a5df-da3e3cf53ac2@group-233C052D78D6-LeaderElection288] INFO  impl.RaftServerImpl (RaftServerImpl.java:setRole(184)) - 5c4ee31d-c5ed-4c65-a5df-da3e3cf53ac2@group-233C052D78D6: changes role from CANDIDATE to FOLLOWER at term 154 for DISCOVERED_A_NEW_TERM
2019-10-17 07:10:42,697 [5c4ee31d-c5ed-4c65-a5df-da3e3cf53ac2@group-233C052D78D6-LeaderElection288] INFO  impl.RoleInfo (RoleInfo.java:shutdownLeaderElection(134)) - 5c4ee31d-c5ed-4c65-a5df-da3e3cf53ac2: shutdown LeaderElection
2019-10-17 07:10:42,697 [5c4ee31d-c5ed-4c65-a5df-da3e3cf53ac2@group-233C052D78D6-LeaderElection288] INFO  impl.RoleInfo (RoleInfo.java:updateAndGet(143)) - 5c4ee31d-c5ed-4c65-a5df-da3e3cf53ac2: start FollowerState
2019-10-17 07:10:42,698 [grpc-default-executor-7] INFO  impl.RaftServerImpl (RaftServerImpl.java:setRole(184)) - 215fceca-0555-458b-bc4f-ba38ff24d5ba@group-42ACBF6EBE4E: changes role from  FOLLOWER to FOLLOWER at term 153 for recognizeCandidate:decc5551-dd4b-40dc-8ff5-b6b450d67f6f
2019-10-17 07:10:42,698 [grpc-default-executor-7] INFO  impl.RoleInfo (RoleInfo.java:shutdownFollowerState(121)) - 215fceca-0555-458b-bc4f-ba38ff24d5ba: shutdown FollowerState
2019-10-17 07:10:42,699 [grpc-default-executor-7] INFO  impl.RoleInfo (RoleInfo.java:updateAndGet(143)) - 215fceca-0555-458b-bc4f-ba38ff24d5ba: start FollowerState
2019-10-17 07:10:42,699 [Thread-2309] INFO  impl.FollowerState (FollowerState.java:run(117)) - 215fceca-0555-458b-bc4f-ba38ff24d5ba@group-42ACBF6EBE4E-FollowerState was interrupted: java.lang.InterruptedException: sleep interrupted
2019-10-17 07:10:42,699 [grpc-default-executor-3] INFO  impl.RaftServerImpl (RaftServerImpl.java:setRole(184)) - 0c631657-10a5-4e2a-a322-8fc6c651b2ed@group-42ACBF6EBE4E: changes role from  FOLLOWER to FOLLOWER at term 153 for recognizeCandidate:decc5551-dd4b-40dc-8ff5-b6b450d67f6f
2019-10-17 07:10:42,699 [grpc-default-executor-3] INFO  impl.RoleInfo (RoleInfo.java:shutdownFollowerState(121)) - 0c631657-10a5-4e2a-a322-8fc6c651b2ed: shutdown FollowerState
2019-10-17 07:10:42,699 [grpc-default-executor-3] INFO  impl.RoleInfo (RoleInfo.java:updateAndGet(143)) - 0c631657-10a5-4e2a-a322-8fc6c651b2ed: start FollowerState
2019-10-17 07:10:42,699 [Thread-2308] INFO  impl.FollowerState (FollowerState.java:run(117)) - 0c631657-10a5-4e2a-a322-8fc6c651b2ed@group-42ACBF6EBE4E-FollowerState was interrupted: java.lang.InterruptedException: sleep interrupted
2019-10-17 07:10:42,708 [decc5551-dd4b-40dc-8ff5-b6b450d67f6f@group-42ACBF6EBE4E-LeaderElection289] INFO  impl.LeaderElection (LeaderElection.java:logAndReturn(56)) - decc5551-dd4b-40dc-8ff5-b6b450d67f6f@group-42ACBF6EBE4E-LeaderElection289: Election REJECTED; received 2 response(s) [decc5551-dd4b-40dc-8ff5-b6b450d67f6f<-215fceca-0555-458b-bc4f-ba38ff24d5ba#0:FAIL-t153, decc5551-dd4b-40dc-8ff5-b6b450d67f6f<-0c631657-10a5-4e2a-a322-8fc6c651b2ed#0:FAIL-t153] and 0 exception(s); decc5551-dd4b-40dc-8ff5-b6b450d67f6f@group-42ACBF6EBE4E:t153, leader=null, voted=decc5551-dd4b-40dc-8ff5-b6b450d67f6f, raftlog=decc5551-dd4b-40dc-8ff5-b6b450d67f6f@group-42ACBF6EBE4E-SegmentedRaftLog:OPENED:c-1,f-1,i0, conf=-1: [215fceca-0555-458b-bc4f-ba38ff24d5ba:192.168.157.211:43803, decc5551-dd4b-40dc-8ff5-b6b450d67f6f:192.168.157.211:34435, 0c631657-10a5-4e2a-a322-8fc6c651b2ed:192.168.157.211:41694], old=null
2019-10-17 07:10:42,708 [decc5551-dd4b-40dc-8ff5-b6b450d67f6f@group-42ACBF6EBE4E-LeaderElection289] INFO  impl.RaftServerImpl (RaftServerImpl.java:setRole(184)) - decc5551-dd4b-40dc-8ff5-b6b450d67f6f@group-42ACBF6EBE4E: changes role from CANDIDATE to FOLLOWER at term 153 for DISCOVERED_A_NEW_TERM
2019-10-17 07:10:42,708 [decc5551-dd4b-40dc-8ff5-b6b450d67f6f@group-42ACBF6EBE4E-LeaderElection289] INFO  impl.RoleInfo (RoleInfo.java:shutdownLeaderElection(134)) - decc5551-dd4b-40dc-8ff5-b6b450d67f6f: shutdown LeaderElection
2019-10-17 07:10:42,708 [decc5551-dd4b-40dc-8ff5-b6b450d67f6f@group-42ACBF6EBE4E-LeaderElection289] INFO  impl.RoleInfo (RoleInfo.java:updateAndGet(143)) - decc5551-dd4b-40dc-8ff5-b6b450d67f6f: start FollowerState
2019-10-17 07:10:42,716 [Thread-2330] INFO  impl.FollowerState (FollowerState.java:run(108)) - 5c4ee31d-c5ed-4c65-a5df-da3e3cf53ac2@group-233C052D78D6-FollowerState: change to CANDIDATE, lastRpcTime:18ms, electionTimeout:18ms
2019-10-17 07:10:42,716 [Thread-2330] INFO  impl.RoleInfo (RoleInfo.java:shutdownFollowerState(121)) - 5c4ee31d-c5ed-4c65-a5df-da3e3cf53ac2: shutdown FollowerState
2019-10-17 07:10:42,716 [Thread-2330] INFO  impl.RaftServerImpl (RaftServerImpl.java:setRole(184)) - 5c4ee31d-c5ed-4c65-a5df-da3e3cf53ac2@group-233C052D78D6: changes role from  FOLLOWER to CANDIDATE at term 154 for changeToCandidate
2019-10-17 07:10:42,716 [Thread-2330] INFO  impl.RoleInfo (RoleInfo.java:updateAndGet(143)) - 5c4ee31d-c5ed-4c65-a5df-da3e3cf53ac2: start LeaderElection
2019-10-17 07:10:42,730 [5c4ee31d-c5ed-4c65-a5df-da3e3cf53ac2@group-233C052D78D6-LeaderElection290] INFO  impl.LeaderElection (LeaderElection.java:askForVotes(178)) - 5c4ee31d-c5ed-4c65-a5df-da3e3cf53ac2@group-233C052D78D6-LeaderElection290: begin an election at term 155 for -1: [67ae3572-7d88-4e50-b53b-0f48f6748b38:192.168.157.211:41299, 831edaa1-80a5-4091-843f-90c648a5a79d:192.168.157.211:44365, 5c4ee31d-c5ed-4c65-a5df-da3e3cf53ac2:192.168.157.211:45059], old=null
2019-10-17 07:10:42,732 [grpc-default-executor-7] INFO  impl.RaftServerImpl (RaftServerImpl.java:setRole(184)) - 67ae3572-7d88-4e50-b53b-0f48f6748b38@group-233C052D78D6: changes role from  FOLLOWER to FOLLOWER at term 155 for recognizeCandidate:5c4ee31d-c5ed-4c65-a5df-da3e3cf53ac2
2019-10-17 07:10:42,732 [grpc-default-executor-7] INFO  impl.RoleInfo (RoleInfo.java:shutdownFollowerState(121)) - 67ae3572-7d88-4e50-b53b-0f48f6748b38: shutdown FollowerState
2019-10-17 07:10:42,732 [grpc-default-executor-7] INFO  impl.RoleInfo (RoleInfo.java:updateAndGet(143)) - 67ae3572-7d88-4e50-b53b-0f48f6748b38: start FollowerState
2019-10-17 07:10:42,732 [grpc-default-executor-3] INFO  impl.RaftServerImpl (RaftServerImpl.java:setRole(184)) - 831edaa1-80a5-4091-843f-90c648a5a79d@group-233C052D78D6: changes role from  FOLLOWER to FOLLOWER at term 155 for recognizeCandidate:5c4ee31d-c5ed-4c65-a5df-da3e3cf53ac2
2019-10-17 07:10:42,732 [grpc-default-executor-3] INFO  impl.RoleInfo (RoleInfo.java:shutdownFollowerState(121)) - 831edaa1-80a5-4091-843f-90c648a5a79d: shutdown FollowerState
2019-10-17 07:10:42,732 [Thread-2326] INFO  impl.FollowerState (FollowerState.java:run(117)) - 67ae3572-7d88-4e50-b53b-0f48f6748b38@group-233C052D78D6-FollowerState was interrupted: java.lang.InterruptedException: sleep interrupted
2019-10-17 07:10:42,733 [grpc-default-executor-3] INFO  impl.RoleInfo (RoleInfo.java:updateAndGet(143)) - 831edaa1-80a5-4091-843f-90c648a5a79d: start FollowerState
2019-10-17 07:10:42,733 [Thread-2325] INFO  impl.FollowerState (FollowerState.java:run(117)) - 831edaa1-80a5-4091-843f-90c648a5a79d@group-233C052D78D6-FollowerState was interrupted: java.lang.InterruptedException: sleep interrupted
2019-10-17 07:10:42,746 [5c4ee31d-c5ed-4c65-a5df-da3e3cf53ac2@group-233C052D78D6-LeaderElection290] INFO  impl.LeaderElection (LeaderElection.java:logAndReturn(56)) - 5c4ee31d-c5ed-4c65-a5df-da3e3cf53ac2@group-233C052D78D6-LeaderElection290: Election REJECTED; received 2 response(s) [5c4ee31d-c5ed-4c65-a5df-da3e3cf53ac2<-67ae3572-7d88-4e50-b53b-0f48f6748b38#0:FAIL-t155, 5c4ee31d-c5ed-4c65-a5df-da3e3cf53ac2<-831edaa1-80a5-4091-843f-90c648a5a79d#0:FAIL-t155] and 0 exception(s); 5c4ee31d-c5ed-4c65-a5df-da3e3cf53ac2@group-233C052D78D6:t155, leader=null, voted=5c4ee31d-c5ed-4c65-a5df-da3e3cf53ac2, raftlog=5c4ee31d-c5ed-4c65-a5df-da3e3cf53ac2@group-233C052D78D6-SegmentedRaftLog:OPENED:c-1,f-1,i0, conf=-1: [67ae3572-7d88-4e50-b53b-0f48f6748b38:192.168.157.211:41299, 831edaa1-80a5-4091-843f-90c648a5a79d:192.168.157.211:44365, 5c4ee31d-c5ed-4c65-a5df-da3e3cf53ac2:192.168.157.211:45059], old=null
2019-10-17 07:10:42,747 [5c4ee31d-c5ed-4c65-a5df-da3e3cf53ac2@group-233C052D78D6-LeaderElection290] INFO  impl.RaftServerImpl (RaftServerImpl.java:setRole(184)) - 5c4ee31d-c5ed-4c65-a5df-da3e3cf53ac2@group-233C052D78D6: changes role from CANDIDATE to FOLLOWER at term 155 for DISCOVERED_A_NEW_TERM
2019-10-17 07:10:42,747 [5c4ee31d-c5ed-4c65-a5df-da3e3cf53ac2@group-233C052D78D6-LeaderElection290] INFO  impl.RoleInfo (RoleInfo.java:shutdownLeaderElection(134)) - 5c4ee31d-c5ed-4c65-a5df-da3e3cf53ac2: shutdown LeaderElection
2019-10-17 07:10:42,747 [5c4ee31d-c5ed-4c65-a5df-da3e3cf53ac2@group-233C052D78D6-LeaderElection290] INFO  impl.RoleInfo (RoleInfo.java:updateAndGet(143)) - 5c4ee31d-c5ed-4c65-a5df-da3e3cf53ac2: start FollowerState
2019-10-17 07:10:42,803 [Thread-2339] INFO  impl.FollowerState (FollowerState.java:run(108)) - 5c4ee31d-c5ed-4c65-a5df-da3e3cf53ac2@group-233C052D78D6-FollowerState: change to CANDIDATE, lastRpcTime:56ms, electionTimeout:56ms
2019-10-17 07:10:42,803 [Thread-2339] INFO  impl.RoleInfo (RoleInfo.java:shutdownFollowerState(121)) - 5c4ee31d-c5ed-4c65-a5df-da3e3cf53ac2: shutdown FollowerState
2019-10-17 07:10:42,804 [Thread-2339] INFO  impl.RaftServerImpl (RaftServerImpl.java:setRole(184)) - 5c4ee31d-c5ed-4c65-a5df-da3e3cf53ac2@group-233C052D78D6: changes role from  FOLLOWER to CANDIDATE at term 155 for changeToCandidate
2019-10-17 07:10:42,804 [Thread-2339] INFO  impl.RoleInfo (RoleInfo.java:updateAndGet(143)) - 5c4ee31d-c5ed-4c65-a5df-da3e3cf53ac2: start LeaderElection
2019-10-17 07:10:42,817 [5c4ee31d-c5ed-4c65-a5df-da3e3cf53ac2@group-233C052D78D6-LeaderElection291] INFO  impl.LeaderElection (LeaderElection.java:askForVotes(178)) - 5c4ee31d-c5ed-4c65-a5df-da3e3cf53ac2@group-233C052D78D6-LeaderElection291: begin an election at term 156 for -1: [67ae3572-7d88-4e50-b53b-0f48f6748b38:192.168.157.211:41299, 831edaa1-80a5-4091-843f-90c648a5a79d:192.168.157.211:44365, 5c4ee31d-c5ed-4c65-a5df-da3e3cf53ac2:192.168.157.211:45059], old=null
2019-10-17 07:10:42,819 [grpc-default-executor-3] INFO  impl.RaftServerImpl (RaftServerImpl.java:setRole(184)) - 67ae3572-7d88-4e50-b53b-0f48f6748b38@group-233C052D78D6: changes role from  FOLLOWER to FOLLOWER at term 156 for recognizeCandidate:5c4ee31d-c5ed-4c65-a5df-da3e3cf53ac2
2019-10-17 07:10:42,819 [grpc-default-executor-3] INFO  impl.RoleInfo (RoleInfo.java:shutdownFollowerState(121)) - 67ae3572-7d88-4e50-b53b-0f48f6748b38: shutdown FollowerState
2019-10-17 07:10:42,819 [grpc-default-executor-3] INFO  impl.RoleInfo (RoleInfo.java:updateAndGet(143)) - 67ae3572-7d88-4e50-b53b-0f48f6748b38: start FollowerState
2019-10-17 07:10:42,819 [Thread-2337] INFO  impl.FollowerState (FollowerState.java:run(117)) - 67ae3572-7d88-4e50-b53b-0f48f6748b38@group-233C052D78D6-FollowerState was interrupted: java.lang.InterruptedException: sleep interrupted
2019-10-17 07:10:42,819 [grpc-default-executor-7] INFO  impl.RaftServerImpl (RaftServerImpl.java:setRole(184)) - 831edaa1-80a5-4091-843f-90c648a5a79d@group-233C052D78D6: changes role from  FOLLOWER to FOLLOWER at term 156 for recognizeCandidate:5c4ee31d-c5ed-4c65-a5df-da3e3cf53ac2
2019-10-17 07:10:42,820 [grpc-default-executor-7] INFO  impl.RoleInfo (RoleInfo.java:shutdownFollowerState(121)) - 831edaa1-80a5-4091-843f-90c648a5a79d: shutdown FollowerState
2019-10-17 07:10:42,820 [grpc-default-executor-7] INFO  impl.RoleInfo (RoleInfo.java:updateAndGet(143)) - 831edaa1-80a5-4091-843f-90c648a5a79d: start FollowerState
2019-10-17 07:10:42,820 [Thread-2338] INFO  impl.FollowerState (FollowerState.java:run(117)) - 831edaa1-80a5-4091-843f-90c648a5a79d@group-233C052D78D6-FollowerState was interrupted: java.lang.InterruptedException: sleep interrupted
2019-10-17 07:10:42,833 [Thread-2333] INFO  impl.FollowerState (FollowerState.java:run(108)) - decc5551-dd4b-40dc-8ff5-b6b450d67f6f@group-42ACBF6EBE4E-FollowerState: change to CANDIDATE, lastRpcTime:124ms, electionTimeout:124ms
2019-10-17 07:10:42,833 [Thread-2333] INFO  impl.RoleInfo (RoleInfo.java:shutdownFollowerState(121)) - decc5551-dd4b-40dc-8ff5-b6b450d67f6f: shutdown FollowerState
2019-10-17 07:10:42,833 [Thread-2333] INFO  impl.RaftServerImpl (RaftServerImpl.java:setRole(184)) - decc5551-dd4b-40dc-8ff5-b6b450d67f6f@group-42ACBF6EBE4E: changes role from  FOLLOWER to CANDIDATE at term 153 for changeToCandidate
2019-10-17 07:10:42,833 [Thread-2333] INFO  impl.RoleInfo (RoleInfo.java:updateAndGet(143)) - decc5551-dd4b-40dc-8ff5-b6b450d67f6f: start LeaderElection
2019-10-17 07:10:42,833 [5c4ee31d-c5ed-4c65-a5df-da3e3cf53ac2@group-233C052D78D6-LeaderElection291] INFO  impl.LeaderElection (LeaderElection.java:logAndReturn(56)) - 5c4ee31d-c5ed-4c65-a5df-da3e3cf53ac2@group-233C052D78D6-LeaderElection291: Election REJECTED; received 2 response(s) [5c4ee31d-c5ed-4c65-a5df-da3e3cf53ac2<-67ae3572-7d88-4e50-b53b-0f48f6748b38#0:FAIL-t156, 5c4ee31d-c5ed-4c65-a5df-da3e3cf53ac2<-831edaa1-80a5-4091-843f-90c648a5a79d#0:FAIL-t156] and 0 exception(s); 5c4ee31d-c5ed-4c65-a5df-da3e3cf53ac2@group-233C052D78D6:t156, leader=null, voted=5c4ee31d-c5ed-4c65-a5df-da3e3cf53ac2, raftlog=5c4ee31d-c5ed-4c65-a5df-da3e3cf53ac2@group-233C052D78D6-SegmentedRaftLog:OPENED:c-1,f-1,i0, conf=-1: [67ae3572-7d88-4e50-b53b-0f48f6748b38:192.168.157.211:41299, 831edaa1-80a5-4091-843f-90c648a5a79d:192.168.157.211:44365, 5c4ee31d-c5ed-4c65-a5df-da3e3cf53ac2:192.168.157.211:45059], old=null
2019-10-17 07:10:42,834 [5c4ee31d-c5ed-4c65-a5df-da3e3cf53ac2@group-233C052D78D6-LeaderElection291] INFO  impl.RaftServerImpl (RaftServerImpl.java:setRole(184)) - 5c4ee31d-c5ed-4c65-a5df-da3e3cf53ac2@group-233C052D78D6: changes role from CANDIDATE to FOLLOWER at term 156 for DISCOVERED_A_NEW_TERM
2019-10-17 07:10:42,834 [5c4ee31d-c5ed-4c65-a5df-da3e3cf53ac2@group-233C052D78D6-LeaderElection291] INFO  impl.RoleInfo (RoleInfo.java:shutdownLeaderElection(134)) - 5c4ee31d-c5ed-4c65-a5df-da3e3cf53ac2: shutdown LeaderElection
2019-10-17 07:10:42,834 [5c4ee31d-c5ed-4c65-a5df-da3e3cf53ac2@group-233C052D78D6-LeaderElection291] INFO  impl.RoleInfo (RoleInfo.java:updateAndGet(143)) - 5c4ee31d-c5ed-4c65-a5df-da3e3cf53ac2: start FollowerState
2019-10-17 07:10:42,837 [decc5551-dd4b-40dc-8ff5-b6b450d67f6f@group-42ACBF6EBE4E-LeaderElection292] INFO  impl.LeaderElection (LeaderElection.java:askForVotes(178)) - decc5551-dd4b-40dc-8ff5-b6b450d67f6f@group-42ACBF6EBE4E-LeaderElection292: begin an election at term 154 for -1: [215fceca-0555-458b-bc4f-ba38ff24d5ba:192.168.157.211:43803, decc5551-dd4b-40dc-8ff5-b6b450d67f6f:192.168.157.211:34435, 0c631657-10a5-4e2a-a322-8fc6c651b2ed:192.168.157.211:41694], old=null
2019-10-17 07:10:42,838 [grpc-default-executor-7] INFO  impl.RaftServerImpl (RaftServerImpl.java:setRole(184)) - 215fceca-0555-458b-bc4f-ba38ff24d5ba@group-42ACBF6EBE4E: changes role from  FOLLOWER to FOLLOWER at term 154 for recognizeCandidate:decc5551-dd4b-40dc-8ff5-b6b450d67f6f
2019-10-17 07:10:42,839 [grpc-default-executor-7] INFO  impl.RoleInfo (RoleInfo.java:shutdownFollowerState(121)) - 215fceca-0555-458b-bc4f-ba38ff24d5ba: shutdown FollowerState
2019-10-17 07:10:42,839 [grpc-default-executor-7] INFO  impl.RoleInfo (RoleInfo.java:updateAndGet(143)) - 215fceca-0555-458b-bc4f-ba38ff24d5ba: start FollowerState
2019-10-17 07:10:42,839 [Thread-2331] INFO  impl.FollowerState (FollowerState.java:run(117)) - 215fceca-0555-458b-bc4f-ba38ff24d5ba@group-42ACBF6EBE4E-FollowerState was interrupted: java.lang.InterruptedException: sleep interrupted
2019-10-17 07:10:42,839 [grpc-default-executor-3] INFO  impl.RaftServerImpl (RaftServerImpl.java:setRole(184)) - 0c631657-10a5-4e2a-a322-8fc6c651b2ed@group-42ACBF6EBE4E: changes role from  FOLLOWER to FOLLOWER at term 154 for recognizeCandidate:decc5551-dd4b-40dc-8ff5-b6b450d67f6f
2019-10-17 07:10:42,839 [grpc-default-executor-3] INFO  impl.RoleInfo (RoleInfo.java:shutdownFollowerState(121)) - 0c631657-10a5-4e2a-a322-8fc6c651b2ed: shutdown FollowerState
2019-10-17 07:10:42,840 [grpc-default-executor-3] INFO  impl.RoleInfo (RoleInfo.java:updateAndGet(143)) - 0c631657-10a5-4e2a-a322-8fc6c651b2ed: start FollowerState
2019-10-17 07:10:42,840 [Thread-2332] INFO  impl.FollowerState (FollowerState.java:run(117)) - 0c631657-10a5-4e2a-a322-8fc6c651b2ed@group-42ACBF6EBE4E-FollowerState was interrupted: java.lang.InterruptedException: sleep interrupted
2019-10-17 07:10:42,843 [decc5551-dd4b-40dc-8ff5-b6b450d67f6f@group-42ACBF6EBE4E-LeaderElection292] INFO  impl.LeaderElection (LeaderElection.java:logAndReturn(56)) - decc5551-dd4b-40dc-8ff5-b6b450d67f6f@group-42ACBF6EBE4E-LeaderElection292: Election REJECTED; received 2 response(s) [decc5551-dd4b-40dc-8ff5-b6b450d67f6f<-215fceca-0555-458b-bc4f-ba38ff24d5ba#0:FAIL-t154, decc5551-dd4b-40dc-8ff5-b6b450d67f6f<-0c631657-10a5-4e2a-a322-8fc6c651b2ed#0:FAIL-t154] and 0 exception(s); decc5551-dd4b-40dc-8ff5-b6b450d67f6f@group-42ACBF6EBE4E:t154, leader=null, voted=decc5551-dd4b-40dc-8ff5-b6b450d67f6f, raftlog=decc5551-dd4b-40dc-8ff5-b6b450d67f6f@group-42ACBF6EBE4E-SegmentedRaftLog:OPENED:c-1,f-1,i0, conf=-1: [215fceca-0555-458b-bc4f-ba38ff24d5ba:192.168.157.211:43803, decc5551-dd4b-40dc-8ff5-b6b450d67f6f:192.168.157.211:34435, 0c631657-10a5-4e2a-a322-8fc6c651b2ed:192.168.157.211:41694], old=null
2019-10-17 07:10:42,843 [decc5551-dd4b-40dc-8ff5-b6b450d67f6f@group-42ACBF6EBE4E-LeaderElection292] INFO  impl.RaftServerImpl (RaftServerImpl.java:setRole(184)) - decc5551-dd4b-40dc-8ff5-b6b450d67f6f@group-42ACBF6EBE4E: changes role from CANDIDATE to FOLLOWER at term 154 for DISCOVERED_A_NEW_TERM
2019-10-17 07:10:42,844 [decc5551-dd4b-40dc-8ff5-b6b450d67f6f@group-42ACBF6EBE4E-LeaderElection292] INFO  impl.RoleInfo (RoleInfo.java:shutdownLeaderElection(134)) - decc5551-dd4b-40dc-8ff5-b6b450d67f6f: shutdown LeaderElection
2019-10-17 07:10:42,844 [decc5551-dd4b-40dc-8ff5-b6b450d67f6f@group-42ACBF6EBE4E-LeaderElection292] INFO  impl.RoleInfo (RoleInfo.java:updateAndGet(143)) - decc5551-dd4b-40dc-8ff5-b6b450d67f6f: start FollowerState
2019-10-17 07:10:42,906 [Thread-2351] INFO  impl.FollowerState (FollowerState.java:run(108)) - decc5551-dd4b-40dc-8ff5-b6b450d67f6f@group-42ACBF6EBE4E-FollowerState: change to CANDIDATE, lastRpcTime:62ms, electionTimeout:62ms
2019-10-17 07:10:42,922 [Thread-2351] INFO  impl.RoleInfo (RoleInfo.java:shutdownFollowerState(121)) - decc5551-dd4b-40dc-8ff5-b6b450d67f6f: shutdown FollowerState
2019-10-17 07:10:42,923 [Thread-2351] INFO  impl.RaftServerImpl (RaftServerImpl.java:setRole(184)) - decc5551-dd4b-40dc-8ff5-b6b450d67f6f@group-42ACBF6EBE4E: changes role from  FOLLOWER to CANDIDATE at term 154 for changeToCandidate
2019-10-17 07:10:42,924 [Thread-2351] INFO  impl.RoleInfo (RoleInfo.java:updateAndGet(143)) - decc5551-dd4b-40dc-8ff5-b6b450d67f6f: start LeaderElection
2019-10-17 07:10:42,940 [decc5551-dd4b-40dc-8ff5-b6b450d67f6f@group-42ACBF6EBE4E-LeaderElection293] INFO  impl.LeaderElection (LeaderElection.java:askForVotes(178)) - decc5551-dd4b-40dc-8ff5-b6b450d67f6f@group-42ACBF6EBE4E-LeaderElection293: begin an election at term 155 for -1: [215fceca-0555-458b-bc4f-ba38ff24d5ba:192.168.157.211:43803, decc5551-dd4b-40dc-8ff5-b6b450d67f6f:192.168.157.211:34435, 0c631657-10a5-4e2a-a322-8fc6c651b2ed:192.168.157.211:41694], old=null
2019-10-17 07:10:42,947 [Thread-2346] INFO  impl.FollowerState (FollowerState.java:run(108)) - 5c4ee31d-c5ed-4c65-a5df-da3e3cf53ac2@group-233C052D78D6-FollowerState: change to CANDIDATE, lastRpcTime:113ms, electionTimeout:113ms
2019-10-17 07:10:42,948 [Thread-2346] INFO  impl.RoleInfo (RoleInfo.java:shutdownFollowerState(121)) - 5c4ee31d-c5ed-4c65-a5df-da3e3cf53ac2: shutdown FollowerState
2019-10-17 07:10:42,948 [Thread-2346] INFO  impl.RaftServerImpl (RaftServerImpl.java:setRole(184)) - 5c4ee31d-c5ed-4c65-a5df-da3e3cf53ac2@group-233C052D78D6: changes role from  FOLLOWER to CANDIDATE at term 156 for changeToCandidate
2019-10-17 07:10:42,948 [Thread-2346] INFO  impl.RoleInfo (RoleInfo.java:updateAndGet(143)) - 5c4ee31d-c5ed-4c65-a5df-da3e3cf53ac2: start LeaderElection
2019-10-17 07:10:42,949 [grpc-default-executor-7] INFO  impl.RaftServerImpl (RaftServerImpl.java:setRole(184)) - 0c631657-10a5-4e2a-a322-8fc6c651b2ed@group-42ACBF6EBE4E: changes role from  FOLLOWER to FOLLOWER at term 155 for recognizeCandidate:decc5551-dd4b-40dc-8ff5-b6b450d67f6f
2019-10-17 07:10:42,949 [grpc-default-executor-3] INFO  impl.RaftServerImpl (RaftServerImpl.java:setRole(184)) - 215fceca-0555-458b-bc4f-ba38ff24d5ba@group-42ACBF6EBE4E: changes role from  FOLLOWER to FOLLOWER at term 155 for recognizeCandidate:decc5551-dd4b-40dc-8ff5-b6b450d67f6f
2019-10-17 07:10:42,949 [grpc-default-executor-7] INFO  impl.RoleInfo (RoleInfo.java:shutdownFollowerState(121)) - 0c631657-10a5-4e2a-a322-8fc6c651b2ed: shutdown FollowerState
2019-10-17 07:10:42,950 [grpc-default-executor-3] INFO  impl.RoleInfo (RoleInfo.java:shutdownFollowerState(121)) - 215fceca-0555-458b-bc4f-ba38ff24d5ba: shutdown FollowerState
2019-10-17 07:10:42,950 [grpc-default-executor-7] INFO  impl.RoleInfo (RoleInfo.java:updateAndGet(143)) - 0c631657-10a5-4e2a-a322-8fc6c651b2ed: start FollowerState
2019-10-17 07:10:42,950 [Thread-2349] INFO  impl.FollowerState (FollowerState.java:run(117)) - 215fceca-0555-458b-bc4f-ba38ff24d5ba@group-42ACBF6EBE4E-FollowerState was interrupted: java.lang.InterruptedException: sleep interrupted
2019-10-17 07:10:42,950 [grpc-default-executor-3] INFO  impl.RoleInfo (RoleInfo.java:updateAndGet(143)) - 215fceca-0555-458b-bc4f-ba38ff24d5ba: start FollowerState
2019-10-17 07:10:42,950 [Thread-2350] INFO  impl.FollowerState (FollowerState.java:run(117)) - 0c631657-10a5-4e2a-a322-8fc6c651b2ed@group-42ACBF6EBE4E-FollowerState was interrupted: java.lang.InterruptedException: sleep interrupted
2019-10-17 07:10:42,958 [5c4ee31d-c5ed-4c65-a5df-da3e3cf53ac2@group-233C052D78D6-LeaderElection294] INFO  impl.LeaderElection (LeaderElection.java:askForVotes(178)) - 5c4ee31d-c5ed-4c65-a5df-da3e3cf53ac2@group-233C052D78D6-LeaderElection294: begin an election at term 157 for -1: [67ae3572-7d88-4e50-b53b-0f48f6748b38:192.168.157.211:41299, 831edaa1-80a5-4091-843f-90c648a5a79d:192.168.157.211:44365, 5c4ee31d-c5ed-4c65-a5df-da3e3cf53ac2:192.168.157.211:45059], old=null
2019-10-17 07:10:42,960 [decc5551-dd4b-40dc-8ff5-b6b450d67f6f@group-42ACBF6EBE4E-LeaderElection293] INFO  impl.LeaderElection (LeaderElection.java:logAndReturn(56)) - decc5551-dd4b-40dc-8ff5-b6b450d67f6f@group-42ACBF6EBE4E-LeaderElection293: Election REJECTED; received 2 response(s) [decc5551-dd4b-40dc-8ff5-b6b450d67f6f<-215fceca-0555-458b-bc4f-ba38ff24d5ba#0:FAIL-t155, decc5551-dd4b-40dc-8ff5-b6b450d67f6f<-0c631657-10a5-4e2a-a322-8fc6c651b2ed#0:FAIL-t155] and 0 exception(s); decc5551-dd4b-40dc-8ff5-b6b450d67f6f@group-42ACBF6EBE4E:t155, leader=null, voted=decc5551-dd4b-40dc-8ff5-b6b450d67f6f, raftlog=decc5551-dd4b-40dc-8ff5-b6b450d67f6f@group-42ACBF6EBE4E-SegmentedRaftLog:OPENED:c-1,f-1,i0, conf=-1: [215fceca-0555-458b-bc4f-ba38ff24d5ba:192.168.157.211:43803, decc5551-dd4b-40dc-8ff5-b6b450d67f6f:192.168.157.211:34435, 0c631657-10a5-4e2a-a322-8fc6c651b2ed:192.168.157.211:41694], old=null
2019-10-17 07:10:42,960 [decc5551-dd4b-40dc-8ff5-b6b450d67f6f@group-42ACBF6EBE4E-LeaderElection293] INFO  impl.RaftServerImpl (RaftServerImpl.java:setRole(184)) - decc5551-dd4b-40dc-8ff5-b6b450d67f6f@group-42ACBF6EBE4E: changes role from CANDIDATE to FOLLOWER at term 155 for DISCOVERED_A_NEW_TERM
2019-10-17 07:10:42,960 [decc5551-dd4b-40dc-8ff5-b6b450d67f6f@group-42ACBF6EBE4E-LeaderElection293] INFO  impl.RoleInfo (RoleInfo.java:shutdownLeaderElection(134)) - decc5551-dd4b-40dc-8ff5-b6b450d67f6f: shutdown LeaderElection
2019-10-17 07:10:42,960 [decc5551-dd4b-40dc-8ff5-b6b450d67f6f@group-42ACBF6EBE4E-LeaderElection293] INFO  impl.RoleInfo (RoleInfo.java:updateAndGet(143)) - decc5551-dd4b-40dc-8ff5-b6b450d67f6f: start FollowerState
2019-10-17 07:10:42,960 [grpc-default-executor-7] INFO  impl.RaftServerImpl (RaftServerImpl.java:setRole(184)) - 67ae3572-7d88-4e50-b53b-0f48f6748b38@group-233C052D78D6: changes role from  FOLLOWER to FOLLOWER at term 157 for recognizeCandidate:5c4ee31d-c5ed-4c65-a5df-da3e3cf53ac2
2019-10-17 07:10:42,961 [grpc-default-executor-7] INFO  impl.RoleInfo (RoleInfo.java:shutdownFollowerState(121)) - 67ae3572-7d88-4e50-b53b-0f48f6748b38: shutdown FollowerState
2019-10-17 07:10:42,961 [grpc-default-executor-7] INFO  impl.RoleInfo (RoleInfo.java:updateAndGet(143)) - 67ae3572-7d88-4e50-b53b-0f48f6748b38: start FollowerState
2019-10-17 07:10:42,961 [Thread-2343] INFO  impl.FollowerState (FollowerState.java:run(117)) - 67ae3572-7d88-4e50-b53b-0f48f6748b38@group-233C052D78D6-FollowerState was interrupted: java.lang.InterruptedException: sleep interrupted
2019-10-17 07:10:42,961 [grpc-default-executor-3] INFO  impl.RaftServerImpl (RaftServerImpl.java:setRole(184)) - 831edaa1-80a5-4091-843f-90c648a5a79d@group-233C052D78D6: changes role from  FOLLOWER to FOLLOWER at term 157 for recognizeCandidate:5c4ee31d-c5ed-4c65-a5df-da3e3cf53ac2
2019-10-17 07:10:42,961 [grpc-default-executor-3] INFO  impl.RoleInfo (RoleInfo.java:shutdownFollowerState(121)) - 831edaa1-80a5-4091-843f-90c648a5a79d: shutdown FollowerState
2019-10-17 07:10:42,962 [grpc-default-executor-3] INFO  impl.RoleInfo (RoleInfo.java:updateAndGet(143)) - 831edaa1-80a5-4091-843f-90c648a5a79d: start FollowerState
2019-10-17 07:10:42,962 [Thread-2344] INFO  impl.FollowerState (FollowerState.java:run(117)) - 831edaa1-80a5-4091-843f-90c648a5a79d@group-233C052D78D6-FollowerState was interrupted: java.lang.InterruptedException: sleep interrupted
2019-10-17 07:10:42,973 [5c4ee31d-c5ed-4c65-a5df-da3e3cf53ac2@group-233C052D78D6-LeaderElection294] INFO  impl.LeaderElection (LeaderElection.java:logAndReturn(56)) - 5c4ee31d-c5ed-4c65-a5df-da3e3cf53ac2@group-233C052D78D6-LeaderElection294: Election REJECTED; received 2 response(s) [5c4ee31d-c5ed-4c65-a5df-da3e3cf53ac2<-67ae3572-7d88-4e50-b53b-0f48f6748b38#0:FAIL-t157, 5c4ee31d-c5ed-4c65-a5df-da3e3cf53ac2<-831edaa1-80a5-4091-843f-90c648a5a79d#0:FAIL-t157] and 0 exception(s); 5c4ee31d-c5ed-4c65-a5df-da3e3cf53ac2@group-233C052D78D6:t157, leader=null, voted=5c4ee31d-c5ed-4c65-a5df-da3e3cf53ac2, raftlog=5c4ee31d-c5ed-4c65-a5df-da3e3cf53ac2@group-233C052D78D6-SegmentedRaftLog:OPENED:c-1,f-1,i0, conf=-1: [67ae3572-7d88-4e50-b53b-0f48f6748b38:192.168.157.211:41299, 831edaa1-80a5-4091-843f-90c648a5a79d:192.168.157.211:44365, 5c4ee31d-c5ed-4c65-a5df-da3e3cf53ac2:192.168.157.211:45059], old=null
2019-10-17 07:10:42,973 [5c4ee31d-c5ed-4c65-a5df-da3e3cf53ac2@group-233C052D78D6-LeaderElection294] INFO  impl.RaftServerImpl (RaftServerImpl.java:setRole(184)) - 5c4ee31d-c5ed-4c65-a5df-da3e3cf53ac2@group-233C052D78D6: changes role from CANDIDATE to FOLLOWER at term 157 for DISCOVERED_A_NEW_TERM
2019-10-17 07:10:42,973 [5c4ee31d-c5ed-4c65-a5df-da3e3cf53ac2@group-233C052D78D6-LeaderElection294] INFO  impl.RoleInfo (RoleInfo.java:shutdownLeaderElection(134)) - 5c4ee31d-c5ed-4c65-a5df-da3e3cf53ac2: shutdown LeaderElection
2019-10-17 07:10:42,974 [5c4ee31d-c5ed-4c65-a5df-da3e3cf53ac2@group-233C052D78D6-LeaderElection294] INFO  impl.RoleInfo (RoleInfo.java:updateAndGet(143)) - 5c4ee31d-c5ed-4c65-a5df-da3e3cf53ac2: start FollowerState
2019-10-17 07:10:43,100 [Thread-2363] INFO  impl.FollowerState (FollowerState.java:run(108)) - 5c4ee31d-c5ed-4c65-a5df-da3e3cf53ac2@group-233C052D78D6-FollowerState: change to CANDIDATE, lastRpcTime:126ms, electionTimeout:126ms
2019-10-17 07:10:43,101 [Thread-2363] INFO  impl.RoleInfo (RoleInfo.java:shutdownFollowerState(121)) - 5c4ee31d-c5ed-4c65-a5df-da3e3cf53ac2: shutdown FollowerState
2019-10-17 07:10:43,101 [Thread-2363] INFO  impl.RaftServerImpl (RaftServerImpl.java:setRole(184)) - 5c4ee31d-c5ed-4c65-a5df-da3e3cf53ac2@group-233C052D78D6: changes role from  FOLLOWER to CANDIDATE at term 157 for changeToCandidate
2019-10-17 07:10:43,101 [Thread-2363] INFO  impl.RoleInfo (RoleInfo.java:updateAndGet(143)) - 5c4ee31d-c5ed-4c65-a5df-da3e3cf53ac2: start LeaderElection
2019-10-17 07:10:43,109 [java.util.concurrent.ThreadPoolExecutor$Worker@234137a4[State = -1, empty queue]] WARN  server.GrpcLogAppender (GrpcLogAppender.java:timeoutAppendRequest(209)) - d31fb603-bc45-4cd2-bfc5-2ee103695b2e@group-A2172F2EE55F->a4e5d14e-95af-4d1f-b670-5b1c42084e26-GrpcLogAppender: appendEntries Timeout, request=d31fb603-bc45-4cd2-bfc5-2ee103695b2e->a4e5d14e-95af-4d1f-b670-5b1c42084e26#51-t3, previous=(t:3, i:20), leaderCommit=20, initializing? false, entries: <empty>
2019-10-17 07:10:43,115 [5c4ee31d-c5ed-4c65-a5df-da3e3cf53ac2@group-233C052D78D6-LeaderElection295] INFO  impl.LeaderElection (LeaderElection.java:askForVotes(178)) - 5c4ee31d-c5ed-4c65-a5df-da3e3cf53ac2@group-233C052D78D6-LeaderElection295: begin an election at term 158 for -1: [67ae3572-7d88-4e50-b53b-0f48f6748b38:192.168.157.211:41299, 831edaa1-80a5-4091-843f-90c648a5a79d:192.168.157.211:44365, 5c4ee31d-c5ed-4c65-a5df-da3e3cf53ac2:192.168.157.211:45059], old=null
2019-10-17 07:10:43,117 [grpc-default-executor-7] INFO  impl.RaftServerImpl (RaftServerImpl.java:setRole(184)) - 831edaa1-80a5-4091-843f-90c648a5a79d@group-233C052D78D6: changes role from  FOLLOWER to FOLLOWER at term 158 for recognizeCandidate:5c4ee31d-c5ed-4c65-a5df-da3e3cf53ac2
2019-10-17 07:10:43,117 [grpc-default-executor-3] INFO  impl.RaftServerImpl (RaftServerImpl.java:setRole(184)) - 67ae3572-7d88-4e50-b53b-0f48f6748b38@group-233C052D78D6: changes role from  FOLLOWER to FOLLOWER at term 158 for recognizeCandidate:5c4ee31d-c5ed-4c65-a5df-da3e3cf53ac2
2019-10-17 07:10:43,118 [grpc-default-executor-3] INFO  impl.RoleInfo (RoleInfo.java:shutdownFollowerState(121)) - 67ae3572-7d88-4e50-b53b-0f48f6748b38: shutdown FollowerState
2019-10-17 07:10:43,118 [grpc-default-executor-7] INFO  impl.RoleInfo (RoleInfo.java:shutdownFollowerState(121)) - 831edaa1-80a5-4091-843f-90c648a5a79d: shutdown FollowerState
2019-10-17 07:10:43,118 [Thread-2361] INFO  impl.FollowerState (FollowerState.java:run(117)) - 67ae3572-7d88-4e50-b53b-0f48f6748b38@group-233C052D78D6-FollowerState was interrupted: java.lang.InterruptedException: sleep interrupted
2019-10-17 07:10:43,118 [Thread-2362] INFO  impl.FollowerState (FollowerState.java:run(117)) - 831edaa1-80a5-4091-843f-90c648a5a79d@group-233C052D78D6-FollowerState was interrupted: java.lang.InterruptedException: sleep interrupted
2019-10-17 07:10:43,118 [grpc-default-executor-3] INFO  impl.RoleInfo (RoleInfo.java:updateAndGet(143)) - 67ae3572-7d88-4e50-b53b-0f48f6748b38: start FollowerState
2019-10-17 07:10:43,118 [grpc-default-executor-7] INFO  impl.RoleInfo (RoleInfo.java:updateAndGet(143)) - 831edaa1-80a5-4091-843f-90c648a5a79d: start FollowerState
2019-10-17 07:10:43,133 [5c4ee31d-c5ed-4c65-a5df-da3e3cf53ac2@group-233C052D78D6-LeaderElection295] INFO  impl.LeaderElection (LeaderElection.java:logAndReturn(56)) - 5c4ee31d-c5ed-4c65-a5df-da3e3cf53ac2@group-233C052D78D6-LeaderElection295: Election REJECTED; received 2 response(s) [5c4ee31d-c5ed-4c65-a5df-da3e3cf53ac2<-67ae3572-7d88-4e50-b53b-0f48f6748b38#0:FAIL-t158, 5c4ee31d-c5ed-4c65-a5df-da3e3cf53ac2<-831edaa1-80a5-4091-843f-90c648a5a79d#0:FAIL-t158] and 0 exception(s); 5c4ee31d-c5ed-4c65-a5df-da3e3cf53ac2@group-233C052D78D6:t158, leader=null, voted=5c4ee31d-c5ed-4c65-a5df-da3e3cf53ac2, raftlog=5c4ee31d-c5ed-4c65-a5df-da3e3cf53ac2@group-233C052D78D6-SegmentedRaftLog:OPENED:c-1,f-1,i0, conf=-1: [67ae3572-7d88-4e50-b53b-0f48f6748b38:192.168.157.211:41299, 831edaa1-80a5-4091-843f-90c648a5a79d:192.168.157.211:44365, 5c4ee31d-c5ed-4c65-a5df-da3e3cf53ac2:192.168.157.211:45059], old=null
2019-10-17 07:10:43,133 [5c4ee31d-c5ed-4c65-a5df-da3e3cf53ac2@group-233C052D78D6-LeaderElection295] INFO  impl.RaftServerImpl (RaftServerImpl.java:setRole(184)) - 5c4ee31d-c5ed-4c65-a5df-da3e3cf53ac2@group-233C052D78D6: changes role from CANDIDATE to FOLLOWER at term 158 for DISCOVERED_A_NEW_TERM
2019-10-17 07:10:43,133 [5c4ee31d-c5ed-4c65-a5df-da3e3cf53ac2@group-233C052D78D6-LeaderElection295] INFO  impl.RoleInfo (RoleInfo.java:shutdownLeaderElection(134)) - 5c4ee31d-c5ed-4c65-a5df-da3e3cf53ac2: shutdown LeaderElection
2019-10-17 07:10:43,133 [5c4ee31d-c5ed-4c65-a5df-da3e3cf53ac2@group-233C052D78D6-LeaderElection295] INFO  impl.RoleInfo (RoleInfo.java:updateAndGet(143)) - 5c4ee31d-c5ed-4c65-a5df-da3e3cf53ac2: start FollowerState
2019-10-17 07:10:43,149 [Thread-2360] INFO  impl.FollowerState (FollowerState.java:run(108)) - decc5551-dd4b-40dc-8ff5-b6b450d67f6f@group-42ACBF6EBE4E-FollowerState: change to CANDIDATE, lastRpcTime:188ms, electionTimeout:188ms
2019-10-17 07:10:43,149 [Thread-2360] INFO  impl.RoleInfo (RoleInfo.java:shutdownFollowerState(121)) - decc5551-dd4b-40dc-8ff5-b6b450d67f6f: shutdown FollowerState
2019-10-17 07:10:43,149 [Thread-2360] INFO  impl.RaftServerImpl (RaftServerImpl.java:setRole(184)) - decc5551-dd4b-40dc-8ff5-b6b450d67f6f@group-42ACBF6EBE4E: changes role from  FOLLOWER to CANDIDATE at term 155 for changeToCandidate
2019-10-17 07:10:43,149 [Thread-2360] INFO  impl.RoleInfo (RoleInfo.java:updateAndGet(143)) - decc5551-dd4b-40dc-8ff5-b6b450d67f6f: start LeaderElection
2019-10-17 07:10:43,162 [Thread-2370] INFO  impl.FollowerState (FollowerState.java:run(108)) - 5c4ee31d-c5ed-4c65-a5df-da3e3cf53ac2@group-233C052D78D6-FollowerState: change to CANDIDATE, lastRpcTime:28ms, electionTimeout:28ms
2019-10-17 07:10:43,162 [Thread-2370] INFO  impl.RoleInfo (RoleInfo.java:shutdownFollowerState(121)) - 5c4ee31d-c5ed-4c65-a5df-da3e3cf53ac2: shutdown FollowerState
2019-10-17 07:10:43,162 [Thread-2370] INFO  impl.RaftServerImpl (RaftServerImpl.java:setRole(184)) - 5c4ee31d-c5ed-4c65-a5df-da3e3cf53ac2@group-233C052D78D6: changes role from  FOLLOWER to CANDIDATE at term 158 for changeToCandidate
2019-10-17 07:10:43,162 [Thread-2370] INFO  impl.RoleInfo (RoleInfo.java:updateAndGet(143)) - 5c4ee31d-c5ed-4c65-a5df-da3e3cf53ac2: start LeaderElection
2019-10-17 07:10:43,162 [decc5551-dd4b-40dc-8ff5-b6b450d67f6f@group-42ACBF6EBE4E-LeaderElection296] INFO  impl.LeaderElection (LeaderElection.java:askForVotes(178)) - decc5551-dd4b-40dc-8ff5-b6b450d67f6f@group-42ACBF6EBE4E-LeaderElection296: begin an election at term 156 for -1: [215fceca-0555-458b-bc4f-ba38ff24d5ba:192.168.157.211:43803, decc5551-dd4b-40dc-8ff5-b6b450d67f6f:192.168.157.211:34435, 0c631657-10a5-4e2a-a322-8fc6c651b2ed:192.168.157.211:41694], old=null
2019-10-17 07:10:43,163 [decc5551-dd4b-40dc-8ff5-b6b450d67f6f@group-42ACBF6EBE4E-LeaderElection296] INFO  impl.LeaderElection (LeaderElection.java:logAndReturn(56)) - decc5551-dd4b-40dc-8ff5-b6b450d67f6f@group-42ACBF6EBE4E-LeaderElection296: Election TIMEOUT; received 0 response(s) [] and 0 exception(s); decc5551-dd4b-40dc-8ff5-b6b450d67f6f@group-42ACBF6EBE4E:t156, leader=null, voted=decc5551-dd4b-40dc-8ff5-b6b450d67f6f, raftlog=decc5551-dd4b-40dc-8ff5-b6b450d67f6f@group-42ACBF6EBE4E-SegmentedRaftLog:OPENED:c-1,f-1,i0, conf=-1: [215fceca-0555-458b-bc4f-ba38ff24d5ba:192.168.157.211:43803, decc5551-dd4b-40dc-8ff5-b6b450d67f6f:192.168.157.211:34435, 0c631657-10a5-4e2a-a322-8fc6c651b2ed:192.168.157.211:41694], old=null
2019-10-17 07:10:43,165 [grpc-default-executor-7] INFO  impl.RaftServerImpl (RaftServerImpl.java:setRole(184)) - 0c631657-10a5-4e2a-a322-8fc6c651b2ed@group-42ACBF6EBE4E: changes role from  FOLLOWER to FOLLOWER at term 156 for recognizeCandidate:decc5551-dd4b-40dc-8ff5-b6b450d67f6f
2019-10-17 07:10:43,165 [grpc-default-executor-7] INFO  impl.RoleInfo (RoleInfo.java:shutdownFollowerState(121)) - 0c631657-10a5-4e2a-a322-8fc6c651b2ed: shutdown FollowerState
2019-10-17 07:10:43,165 [grpc-default-executor-7] INFO  impl.RoleInfo (RoleInfo.java:updateAndGet(143)) - 0c631657-10a5-4e2a-a322-8fc6c651b2ed: start FollowerState
2019-10-17 07:10:43,165 [grpc-default-executor-3] INFO  impl.RaftServerImpl (RaftServerImpl.java:setRole(184)) - 215fceca-0555-458b-bc4f-ba38ff24d5ba@group-42ACBF6EBE4E: changes role from  FOLLOWER to FOLLOWER at term 156 for recognizeCandidate:decc5551-dd4b-40dc-8ff5-b6b450d67f6f
2019-10-17 07:10:43,165 [Thread-2356] INFO  impl.FollowerState (FollowerState.java:run(117)) - 0c631657-10a5-4e2a-a322-8fc6c651b2ed@group-42ACBF6EBE4E-FollowerState was interrupted: java.lang.InterruptedException: sleep interrupted
2019-10-17 07:10:43,165 [grpc-default-executor-3] INFO  impl.RoleInfo (RoleInfo.java:shutdownFollowerState(121)) - 215fceca-0555-458b-bc4f-ba38ff24d5ba: shutdown FollowerState
2019-10-17 07:10:43,166 [Thread-2357] INFO  impl.FollowerState (FollowerState.java:run(117)) - 215fceca-0555-458b-bc4f-ba38ff24d5ba@group-42ACBF6EBE4E-FollowerState was interrupted: java.lang.InterruptedException: sleep interrupted
2019-10-17 07:10:43,166 [grpc-default-executor-3] INFO  impl.RoleInfo (RoleInfo.java:updateAndGet(143)) - 215fceca-0555-458b-bc4f-ba38ff24d5ba: start FollowerState
2019-10-17 07:10:43,177 [decc5551-dd4b-40dc-8ff5-b6b450d67f6f@group-42ACBF6EBE4E-LeaderElection296] INFO  impl.LeaderElection (LeaderElection.java:askForVotes(178)) - decc5551-dd4b-40dc-8ff5-b6b450d67f6f@group-42ACBF6EBE4E-LeaderElection296: begin an election at term 157 for -1: [215fceca-0555-458b-bc4f-ba38ff24d5ba:192.168.157.211:43803, decc5551-dd4b-40dc-8ff5-b6b450d67f6f:192.168.157.211:34435, 0c631657-10a5-4e2a-a322-8fc6c651b2ed:192.168.157.211:41694], old=null
2019-10-17 07:10:43,177 [5c4ee31d-c5ed-4c65-a5df-da3e3cf53ac2@group-233C052D78D6-LeaderElection297] INFO  impl.LeaderElection (LeaderElection.java:askForVotes(178)) - 5c4ee31d-c5ed-4c65-a5df-da3e3cf53ac2@group-233C052D78D6-LeaderElection297: begin an election at term 159 for -1: [67ae3572-7d88-4e50-b53b-0f48f6748b38:192.168.157.211:41299, 831edaa1-80a5-4091-843f-90c648a5a79d:192.168.157.211:44365, 5c4ee31d-c5ed-4c65-a5df-da3e3cf53ac2:192.168.157.211:45059], old=null
2019-10-17 07:10:43,182 [grpc-default-executor-3] INFO  impl.RaftServerImpl (RaftServerImpl.java:setRole(184)) - 215fceca-0555-458b-bc4f-ba38ff24d5ba@group-42ACBF6EBE4E: changes role from  FOLLOWER to FOLLOWER at term 157 for recognizeCandidate:decc5551-dd4b-40dc-8ff5-b6b450d67f6f
2019-10-17 07:10:43,182 [grpc-default-executor-3] INFO  impl.RoleInfo (RoleInfo.java:shutdownFollowerState(121)) - 215fceca-0555-458b-bc4f-ba38ff24d5ba: shutdown FollowerState
2019-10-17 07:10:43,182 [grpc-default-executor-7] INFO  impl.RaftServerImpl (RaftServerImpl.java:setRole(184)) - 831edaa1-80a5-4091-843f-90c648a5a79d@group-233C052D78D6: changes role from  FOLLOWER to FOLLOWER at term 159 for recognizeCandidate:5c4ee31d-c5ed-4c65-a5df-da3e3cf53ac2
2019-10-17 07:10:43,183 [grpc-default-executor-9] INFO  impl.RaftServerImpl (RaftServerImpl.java:setRole(184)) - 67ae3572-7d88-4e50-b53b-0f48f6748b38@group-233C052D78D6: changes role from  FOLLOWER to FOLLOWER at term 159 for recognizeCandidate:5c4ee31d-c5ed-4c65-a5df-da3e3cf53ac2
2019-10-17 07:10:43,182 [Thread-2376] INFO  impl.FollowerState (FollowerState.java:run(117)) - 215fceca-0555-458b-bc4f-ba38ff24d5ba@group-42ACBF6EBE4E-FollowerState was interrupted: java.lang.InterruptedException: sleep interrupted
2019-10-17 07:10:43,182 [grpc-default-executor-3] INFO  impl.RoleInfo (RoleInfo.java:updateAndGet(143)) - 215fceca-0555-458b-bc4f-ba38ff24d5ba: start FollowerState
2019-10-17 07:10:43,183 [grpc-default-executor-9] INFO  impl.RoleInfo (RoleInfo.java:shutdownFollowerState(121)) - 67ae3572-7d88-4e50-b53b-0f48f6748b38: shutdown FollowerState
2019-10-17 07:10:43,183 [grpc-default-executor-7] INFO  impl.RoleInfo (RoleInfo.java:shutdownFollowerState(121)) - 831edaa1-80a5-4091-843f-90c648a5a79d: shutdown FollowerState
2019-10-17 07:10:43,183 [Thread-2367] INFO  impl.FollowerState (FollowerState.java:run(117)) - 67ae3572-7d88-4e50-b53b-0f48f6748b38@group-233C052D78D6-FollowerState was interrupted: java.lang.InterruptedException: sleep interrupted
2019-10-17 07:10:43,183 [grpc-default-executor-9] INFO  impl.RoleInfo (RoleInfo.java:updateAndGet(143)) - 67ae3572-7d88-4e50-b53b-0f48f6748b38: start FollowerState
2019-10-17 07:10:43,183 [grpc-default-executor-4] INFO  impl.RaftServerImpl (RaftServerImpl.java:setRole(184)) - 0c631657-10a5-4e2a-a322-8fc6c651b2ed@group-42ACBF6EBE4E: changes role from  FOLLOWER to FOLLOWER at term 157 for recognizeCandidate:decc5551-dd4b-40dc-8ff5-b6b450d67f6f
2019-10-17 07:10:43,184 [grpc-default-executor-4] INFO  impl.RoleInfo (RoleInfo.java:shutdownFollowerState(121)) - 0c631657-10a5-4e2a-a322-8fc6c651b2ed: shutdown FollowerState
2019-10-17 07:10:43,183 [Thread-2368] INFO  impl.FollowerState (FollowerState.java:run(117)) - 831edaa1-80a5-4091-843f-90c648a5a79d@group-233C052D78D6-FollowerState was interrupted: java.lang.InterruptedException: sleep interrupted
2019-10-17 07:10:43,183 [grpc-default-executor-7] INFO  impl.RoleInfo (RoleInfo.java:updateAndGet(143)) - 831edaa1-80a5-4091-843f-90c648a5a79d: start FollowerState
2019-10-17 07:10:43,184 [Thread-2375] INFO  impl.FollowerState (FollowerState.java:run(117)) - 0c631657-10a5-4e2a-a322-8fc6c651b2ed@group-42ACBF6EBE4E-FollowerState was interrupted: java.lang.InterruptedException: sleep interrupted
2019-10-17 07:10:43,184 [grpc-default-executor-4] INFO  impl.RoleInfo (RoleInfo.java:updateAndGet(143)) - 0c631657-10a5-4e2a-a322-8fc6c651b2ed: start FollowerState
2019-10-17 07:10:43,198 [5c4ee31d-c5ed-4c65-a5df-da3e3cf53ac2@group-233C052D78D6-LeaderElection297] INFO  impl.LeaderElection (LeaderElection.java:logAndReturn(56)) - 5c4ee31d-c5ed-4c65-a5df-da3e3cf53ac2@group-233C052D78D6-LeaderElection297: Election REJECTED; received 2 response(s) [5c4ee31d-c5ed-4c65-a5df-da3e3cf53ac2<-67ae3572-7d88-4e50-b53b-0f48f6748b38#0:FAIL-t159, 5c4ee31d-c5ed-4c65-a5df-da3e3cf53ac2<-831edaa1-80a5-4091-843f-90c648a5a79d#0:FAIL-t159] and 0 exception(s); 5c4ee31d-c5ed-4c65-a5df-da3e3cf53ac2@group-233C052D78D6:t159, leader=null, voted=5c4ee31d-c5ed-4c65-a5df-da3e3cf53ac2, raftlog=5c4ee31d-c5ed-4c65-a5df-da3e3cf53ac2@group-233C052D78D6-SegmentedRaftLog:OPENED:c-1,f-1,i0, conf=-1: [67ae3572-7d88-4e50-b53b-0f48f6748b38:192.168.157.211:41299, 831edaa1-80a5-4091-843f-90c648a5a79d:192.168.157.211:44365, 5c4ee31d-c5ed-4c65-a5df-da3e3cf53ac2:192.168.157.211:45059], old=null
2019-10-17 07:10:43,198 [decc5551-dd4b-40dc-8ff5-b6b450d67f6f@group-42ACBF6EBE4E-LeaderElection296] INFO  impl.LeaderElection (LeaderElection.java:logAndReturn(56)) - decc5551-dd4b-40dc-8ff5-b6b450d67f6f@group-42ACBF6EBE4E-LeaderElection296: Election REJECTED; received 2 response(s) [decc5551-dd4b-40dc-8ff5-b6b450d67f6f<-215fceca-0555-458b-bc4f-ba38ff24d5ba#0:FAIL-t157, decc5551-dd4b-40dc-8ff5-b6b450d67f6f<-0c631657-10a5-4e2a-a322-8fc6c651b2ed#0:FAIL-t157] and 0 exception(s); decc5551-dd4b-40dc-8ff5-b6b450d67f6f@group-42ACBF6EBE4E:t157, leader=null, voted=decc5551-dd4b-40dc-8ff5-b6b450d67f6f, raftlog=decc5551-dd4b-40dc-8ff5-b6b450d67f6f@group-42ACBF6EBE4E-SegmentedRaftLog:OPENED:c-1,f-1,i0, conf=-1: [215fceca-0555-458b-bc4f-ba38ff24d5ba:192.168.157.211:43803, decc5551-dd4b-40dc-8ff5-b6b450d67f6f:192.168.157.211:34435, 0c631657-10a5-4e2a-a322-8fc6c651b2ed:192.168.157.211:41694], old=null
2019-10-17 07:10:43,198 [5c4ee31d-c5ed-4c65-a5df-da3e3cf53ac2@group-233C052D78D6-LeaderElection297] INFO  impl.RaftServerImpl (RaftServerImpl.java:setRole(184)) - 5c4ee31d-c5ed-4c65-a5df-da3e3cf53ac2@group-233C052D78D6: changes role from CANDIDATE to FOLLOWER at term 159 for DISCOVERED_A_NEW_TERM
2019-10-17 07:10:43,198 [decc5551-dd4b-40dc-8ff5-b6b450d67f6f@group-42ACBF6EBE4E-LeaderElection296] INFO  impl.RaftServerImpl (RaftServerImpl.java:setRole(184)) - decc5551-dd4b-40dc-8ff5-b6b450d67f6f@group-42ACBF6EBE4E: changes role from CANDIDATE to FOLLOWER at term 157 for DISCOVERED_A_NEW_TERM
2019-10-17 07:10:43,198 [5c4ee31d-c5ed-4c65-a5df-da3e3cf53ac2@group-233C052D78D6-LeaderElection297] INFO  impl.RoleInfo (RoleInfo.java:shutdownLeaderElection(134)) - 5c4ee31d-c5ed-4c65-a5df-da3e3cf53ac2: shutdown LeaderElection
2019-10-17 07:10:43,198 [decc5551-dd4b-40dc-8ff5-b6b450d67f6f@group-42ACBF6EBE4E-LeaderElection296] INFO  impl.RoleInfo (RoleInfo.java:shutdownLeaderElection(134)) - decc5551-dd4b-40dc-8ff5-b6b450d67f6f: shutdown LeaderElection
2019-10-17 07:10:43,199 [5c4ee31d-c5ed-4c65-a5df-da3e3cf53ac2@group-233C052D78D6-LeaderElection297] INFO  impl.RoleInfo (RoleInfo.java:updateAndGet(143)) - 5c4ee31d-c5ed-4c65-a5df-da3e3cf53ac2: start FollowerState
2019-10-17 07:10:43,199 [decc5551-dd4b-40dc-8ff5-b6b450d67f6f@group-42ACBF6EBE4E-LeaderElection296] INFO  impl.RoleInfo (RoleInfo.java:updateAndGet(143)) - decc5551-dd4b-40dc-8ff5-b6b450d67f6f: start FollowerState
2019-10-17 07:10:43,245 [Thread-2386] INFO  impl.FollowerState (FollowerState.java:run(108)) - decc5551-dd4b-40dc-8ff5-b6b450d67f6f@group-42ACBF6EBE4E-FollowerState: change to CANDIDATE, lastRpcTime:46ms, electionTimeout:46ms
2019-10-17 07:10:43,245 [Thread-2386] INFO  impl.RoleInfo (RoleInfo.java:shutdownFollowerState(121)) - decc5551-dd4b-40dc-8ff5-b6b450d67f6f: shutdown FollowerState
2019-10-17 07:10:43,245 [Thread-2386] INFO  impl.RaftServerImpl (RaftServerImpl.java:setRole(184)) - decc5551-dd4b-40dc-8ff5-b6b450d67f6f@group-42ACBF6EBE4E: changes role from  FOLLOWER to CANDIDATE at term 157 for changeToCandidate
2019-10-17 07:10:43,245 [Thread-2386] INFO  impl.RoleInfo (RoleInfo.java:updateAndGet(143)) - decc5551-dd4b-40dc-8ff5-b6b450d67f6f: start LeaderElection
2019-10-17 07:10:43,260 [decc5551-dd4b-40dc-8ff5-b6b450d67f6f@group-42ACBF6EBE4E-LeaderElection298] INFO  impl.LeaderElection (LeaderElection.java:askForVotes(178)) - decc5551-dd4b-40dc-8ff5-b6b450d67f6f@group-42ACBF6EBE4E-LeaderElection298: begin an election at term 158 for -1: [215fceca-0555-458b-bc4f-ba38ff24d5ba:192.168.157.211:43803, decc5551-dd4b-40dc-8ff5-b6b450d67f6f:192.168.157.211:34435, 0c631657-10a5-4e2a-a322-8fc6c651b2ed:192.168.157.211:41694], old=null
2019-10-17 07:10:43,262 [grpc-default-executor-4] INFO  impl.RaftServerImpl (RaftServerImpl.java:setRole(184)) - 215fceca-0555-458b-bc4f-ba38ff24d5ba@group-42ACBF6EBE4E: changes role from  FOLLOWER to FOLLOWER at term 158 for recognizeCandidate:decc5551-dd4b-40dc-8ff5-b6b450d67f6f
2019-10-17 07:10:43,262 [grpc-default-executor-4] INFO  impl.RoleInfo (RoleInfo.java:shutdownFollowerState(121)) - 215fceca-0555-458b-bc4f-ba38ff24d5ba: shutdown FollowerState
2019-10-17 07:10:43,262 [grpc-default-executor-4] INFO  impl.RoleInfo (RoleInfo.java:updateAndGet(143)) - 215fceca-0555-458b-bc4f-ba38ff24d5ba: start FollowerState
2019-10-17 07:10:43,262 [grpc-default-executor-7] INFO  impl.RaftServerImpl (RaftServerImpl.java:setRole(184)) - 0c631657-10a5-4e2a-a322-8fc6c651b2ed@group-42ACBF6EBE4E: changes role from  FOLLOWER to FOLLOWER at term 158 for recognizeCandidate:decc5551-dd4b-40dc-8ff5-b6b450d67f6f
2019-10-17 07:10:43,263 [grpc-default-executor-7] INFO  impl.RoleInfo (RoleInfo.java:shutdownFollowerState(121)) - 0c631657-10a5-4e2a-a322-8fc6c651b2ed: shutdown FollowerState
2019-10-17 07:10:43,262 [Thread-2381] INFO  impl.FollowerState (FollowerState.java:run(117)) - 215fceca-0555-458b-bc4f-ba38ff24d5ba@group-42ACBF6EBE4E-FollowerState was interrupted: java.lang.InterruptedException: sleep interrupted
2019-10-17 07:10:43,263 [Thread-2384] INFO  impl.FollowerState (FollowerState.java:run(117)) - 0c631657-10a5-4e2a-a322-8fc6c651b2ed@group-42ACBF6EBE4E-FollowerState was interrupted: java.lang.InterruptedException: sleep interrupted
2019-10-17 07:10:43,263 [grpc-default-executor-7] INFO  impl.RoleInfo (RoleInfo.java:updateAndGet(143)) - 0c631657-10a5-4e2a-a322-8fc6c651b2ed: start FollowerState
2019-10-17 07:10:43,336 [decc5551-dd4b-40dc-8ff5-b6b450d67f6f@group-42ACBF6EBE4E-LeaderElection298] INFO  impl.LeaderElection (LeaderElection.java:logAndReturn(56)) - decc5551-dd4b-40dc-8ff5-b6b450d67f6f@group-42ACBF6EBE4E-LeaderElection298: Election TIMEOUT; received 0 response(s) [] and 0 exception(s); decc5551-dd4b-40dc-8ff5-b6b450d67f6f@group-42ACBF6EBE4E:t158, leader=null, voted=decc5551-dd4b-40dc-8ff5-b6b450d67f6f, raftlog=decc5551-dd4b-40dc-8ff5-b6b450d67f6f@group-42ACBF6EBE4E-SegmentedRaftLog:OPENED:c-1,f-1,i0, conf=-1: [215fceca-0555-458b-bc4f-ba38ff24d5ba:192.168.157.211:43803, decc5551-dd4b-40dc-8ff5-b6b450d67f6f:192.168.157.211:34435, 0c631657-10a5-4e2a-a322-8fc6c651b2ed:192.168.157.211:41694], old=null
2019-10-17 07:10:43,380 [Thread-2385] INFO  impl.FollowerState (FollowerState.java:run(108)) - 5c4ee31d-c5ed-4c65-a5df-da3e3cf53ac2@group-233C052D78D6-FollowerState: change to CANDIDATE, lastRpcTime:181ms, electionTimeout:181ms
2019-10-17 07:10:43,380 [Thread-2385] INFO  impl.RoleInfo (RoleInfo.java:shutdownFollowerState(121)) - 5c4ee31d-c5ed-4c65-a5df-da3e3cf53ac2: shutdown FollowerState
2019-10-17 07:10:43,380 [Thread-2385] INFO  impl.RaftServerImpl (RaftServerImpl.java:setRole(184)) - 5c4ee31d-c5ed-4c65-a5df-da3e3cf53ac2@group-233C052D78D6: changes role from  FOLLOWER to CANDIDATE at term 159 for changeToCandidate
2019-10-17 07:10:43,384 [Thread-2385] INFO  impl.RoleInfo (RoleInfo.java:updateAndGet(143)) - 5c4ee31d-c5ed-4c65-a5df-da3e3cf53ac2: start LeaderElection
2019-10-17 07:10:43,417 [decc5551-dd4b-40dc-8ff5-b6b450d67f6f@group-42ACBF6EBE4E-LeaderElection298] INFO  impl.LeaderElection (LeaderElection.java:askForVotes(178)) - decc5551-dd4b-40dc-8ff5-b6b450d67f6f@group-42ACBF6EBE4E-LeaderElection298: begin an election at term 159 for -1: [215fceca-0555-458b-bc4f-ba38ff24d5ba:192.168.157.211:43803, decc5551-dd4b-40dc-8ff5-b6b450d67f6f:192.168.157.211:34435, 0c631657-10a5-4e2a-a322-8fc6c651b2ed:192.168.157.211:41694], old=null
2019-10-17 07:10:43,417 [5c4ee31d-c5ed-4c65-a5df-da3e3cf53ac2@group-233C052D78D6-LeaderElection299] INFO  impl.LeaderElection (LeaderElection.java:askForVotes(178)) - 5c4ee31d-c5ed-4c65-a5df-da3e3cf53ac2@group-233C052D78D6-LeaderElection299: begin an election at term 160 for -1: [67ae3572-7d88-4e50-b53b-0f48f6748b38:192.168.157.211:41299, 831edaa1-80a5-4091-843f-90c648a5a79d:192.168.157.211:44365, 5c4ee31d-c5ed-4c65-a5df-da3e3cf53ac2:192.168.157.211:45059], old=null
2019-10-17 07:10:43,419 [grpc-default-executor-7] INFO  impl.RaftServerImpl (RaftServerImpl.java:setRole(184)) - 67ae3572-7d88-4e50-b53b-0f48f6748b38@group-233C052D78D6: changes role from  FOLLOWER to FOLLOWER at term 160 for recognizeCandidate:5c4ee31d-c5ed-4c65-a5df-da3e3cf53ac2
2019-10-17 07:10:43,419 [grpc-default-executor-7] INFO  impl.RoleInfo (RoleInfo.java:shutdownFollowerState(121)) - 67ae3572-7d88-4e50-b53b-0f48f6748b38: shutdown FollowerState
2019-10-17 07:10:43,420 [Thread-2382] INFO  impl.FollowerState (FollowerState.java:run(117)) - 67ae3572-7d88-4e50-b53b-0f48f6748b38@group-233C052D78D6-FollowerState was interrupted: java.lang.InterruptedException: sleep interrupted
2019-10-17 07:10:43,420 [grpc-default-executor-7] INFO  impl.RoleInfo (RoleInfo.java:updateAndGet(143)) - 67ae3572-7d88-4e50-b53b-0f48f6748b38: start FollowerState
2019-10-17 07:10:43,420 [grpc-default-executor-9] INFO  impl.RaftServerImpl (RaftServerImpl.java:setRole(184)) - 831edaa1-80a5-4091-843f-90c648a5a79d@group-233C052D78D6: changes role from  FOLLOWER to FOLLOWER at term 160 for recognizeCandidate:5c4ee31d-c5ed-4c65-a5df-da3e3cf53ac2
2019-10-17 07:10:43,420 [grpc-default-executor-4] INFO  impl.RaftServerImpl (RaftServerImpl.java:setRole(184)) - 215fceca-0555-458b-bc4f-ba38ff24d5ba@group-42ACBF6EBE4E: changes role from  FOLLOWER to FOLLOWER at term 159 for recognizeCandidate:decc5551-dd4b-40dc-8ff5-b6b450d67f6f
2019-10-17 07:10:43,420 [grpc-default-executor-3] INFO  impl.RaftServerImpl (RaftServerImpl.java:setRole(184)) - 0c631657-10a5-4e2a-a322-8fc6c651b2ed@group-42ACBF6EBE4E: changes role from  FOLLOWER to FOLLOWER at term 159 for recognizeCandidate:decc5551-dd4b-40dc-8ff5-b6b450d67f6f
2019-10-17 07:10:43,420 [grpc-default-executor-9] INFO  impl.RoleInfo (RoleInfo.java:shutdownFollowerState(121)) - 831edaa1-80a5-4091-843f-90c648a5a79d: shutdown FollowerState
2019-10-17 07:10:43,420 [grpc-default-executor-3] INFO  impl.RoleInfo (RoleInfo.java:shutdownFollowerState(121)) - 0c631657-10a5-4e2a-a322-8fc6c651b2ed: shutdown FollowerState
2019-10-17 07:10:43,420 [grpc-default-executor-4] INFO  impl.RoleInfo (RoleInfo.java:shutdownFollowerState(121)) - 215fceca-0555-458b-bc4f-ba38ff24d5ba: shutdown FollowerState
2019-10-17 07:10:43,421 [Thread-2391] INFO  impl.FollowerState (FollowerState.java:run(117)) - 0c631657-10a5-4e2a-a322-8fc6c651b2ed@group-42ACBF6EBE4E-FollowerState was interrupted: java.lang.InterruptedException: sleep interrupted
2019-10-17 07:10:43,421 [grpc-default-executor-3] INFO  impl.RoleInfo (RoleInfo.java:updateAndGet(143)) - 0c631657-10a5-4e2a-a322-8fc6c651b2ed: start FollowerState
2019-10-17 07:10:43,420 [Thread-2383] INFO  impl.FollowerState (FollowerState.java:run(117)) - 831edaa1-80a5-4091-843f-90c648a5a79d@group-233C052D78D6-FollowerState was interrupted: java.lang.InterruptedException: sleep interrupted
2019-10-17 07:10:43,420 [grpc-default-executor-9] INFO  impl.RoleInfo (RoleInfo.java:updateAndGet(143)) - 831edaa1-80a5-4091-843f-90c648a5a79d: start FollowerState
2019-10-17 07:10:43,421 [Thread-2390] INFO  impl.FollowerState (FollowerState.java:run(117)) - 215fceca-0555-458b-bc4f-ba38ff24d5ba@group-42ACBF6EBE4E-FollowerState was interrupted: java.lang.InterruptedException: sleep interrupted
2019-10-17 07:10:43,421 [grpc-default-executor-4] INFO  impl.RoleInfo (RoleInfo.java:updateAndGet(143)) - 215fceca-0555-458b-bc4f-ba38ff24d5ba: start FollowerState
2019-10-17 07:10:43,448 [5c4ee31d-c5ed-4c65-a5df-da3e3cf53ac2@group-233C052D78D6-LeaderElection299] INFO  impl.LeaderElection (LeaderElection.java:logAndReturn(56)) - 5c4ee31d-c5ed-4c65-a5df-da3e3cf53ac2@group-233C052D78D6-LeaderElection299: Election REJECTED; received 2 response(s) [5c4ee31d-c5ed-4c65-a5df-da3e3cf53ac2<-67ae3572-7d88-4e50-b53b-0f48f6748b38#0:FAIL-t160, 5c4ee31d-c5ed-4c65-a5df-da3e3cf53ac2<-831edaa1-80a5-4091-843f-90c648a5a79d#0:FAIL-t160] and 0 exception(s); 5c4ee31d-c5ed-4c65-a5df-da3e3cf53ac2@group-233C052D78D6:t160, leader=null, voted=5c4ee31d-c5ed-4c65-a5df-da3e3cf53ac2, raftlog=5c4ee31d-c5ed-4c65-a5df-da3e3cf53ac2@group-233C052D78D6-SegmentedRaftLog:OPENED:c-1,f-1,i0, conf=-1: [67ae3572-7d88-4e50-b53b-0f48f6748b38:192.168.157.211:41299, 831edaa1-80a5-4091-843f-90c648a5a79d:192.168.157.211:44365, 5c4ee31d-c5ed-4c65-a5df-da3e3cf53ac2:192.168.157.211:45059], old=null
2019-10-17 07:10:43,458 [5c4ee31d-c5ed-4c65-a5df-da3e3cf53ac2@group-233C052D78D6-LeaderElection299] INFO  impl.RaftServerImpl (RaftServerImpl.java:setRole(184)) - 5c4ee31d-c5ed-4c65-a5df-da3e3cf53ac2@group-233C052D78D6: changes role from CANDIDATE to FOLLOWER at term 160 for DISCOVERED_A_NEW_TERM
2019-10-17 07:10:43,458 [5c4ee31d-c5ed-4c65-a5df-da3e3cf53ac2@group-233C052D78D6-LeaderElection299] INFO  impl.RoleInfo (RoleInfo.java:shutdownLeaderElection(134)) - 5c4ee31d-c5ed-4c65-a5df-da3e3cf53ac2: shutdown LeaderElection
2019-10-17 07:10:43,458 [decc5551-dd4b-40dc-8ff5-b6b450d67f6f@group-42ACBF6EBE4E-LeaderElection298] INFO  impl.LeaderElection (LeaderElection.java:logAndReturn(56)) - decc5551-dd4b-40dc-8ff5-b6b450d67f6f@group-42ACBF6EBE4E-LeaderElection298: Election REJECTED; received 2 response(s) [decc5551-dd4b-40dc-8ff5-b6b450d67f6f<-215fceca-0555-458b-bc4f-ba38ff24d5ba#0:FAIL-t159, decc5551-dd4b-40dc-8ff5-b6b450d67f6f<-0c631657-10a5-4e2a-a322-8fc6c651b2ed#0:FAIL-t159] and 0 exception(s); decc5551-dd4b-40dc-8ff5-b6b450d67f6f@group-42ACBF6EBE4E:t159, leader=null, voted=decc5551-dd4b-40dc-8ff5-b6b450d67f6f, raftlog=decc5551-dd4b-40dc-8ff5-b6b450d67f6f@group-42ACBF6EBE4E-SegmentedRaftLog:OPENED:c-1,f-1,i0, conf=-1: [215fceca-0555-458b-bc4f-ba38ff24d5ba:192.168.157.211:43803, decc5551-dd4b-40dc-8ff5-b6b450d67f6f:192.168.157.211:34435, 0c631657-10a5-4e2a-a322-8fc6c651b2ed:192.168.157.211:41694], old=null
2019-10-17 07:10:43,458 [5c4ee31d-c5ed-4c65-a5df-da3e3cf53ac2@group-233C052D78D6-LeaderElection299] INFO  impl.RoleInfo (RoleInfo.java:updateAndGet(143)) - 5c4ee31d-c5ed-4c65-a5df-da3e3cf53ac2: start FollowerState
2019-10-17 07:10:43,458 [decc5551-dd4b-40dc-8ff5-b6b450d67f6f@group-42ACBF6EBE4E-LeaderElection298] INFO  impl.RaftServerImpl (RaftServerImpl.java:setRole(184)) - decc5551-dd4b-40dc-8ff5-b6b450d67f6f@group-42ACBF6EBE4E: changes role from CANDIDATE to FOLLOWER at term 159 for DISCOVERED_A_NEW_TERM
2019-10-17 07:10:43,458 [decc5551-dd4b-40dc-8ff5-b6b450d67f6f@group-42ACBF6EBE4E-LeaderElection298] INFO  impl.RoleInfo (RoleInfo.java:shutdownLeaderElection(134)) - decc5551-dd4b-40dc-8ff5-b6b450d67f6f: shutdown LeaderElection
2019-10-17 07:10:43,458 [decc5551-dd4b-40dc-8ff5-b6b450d67f6f@group-42ACBF6EBE4E-LeaderElection298] INFO  impl.RoleInfo (RoleInfo.java:updateAndGet(143)) - decc5551-dd4b-40dc-8ff5-b6b450d67f6f: start FollowerState
2019-10-17 07:10:43,568 [Thread-2401] INFO  impl.FollowerState (FollowerState.java:run(108)) - 5c4ee31d-c5ed-4c65-a5df-da3e3cf53ac2@group-233C052D78D6-FollowerState: change to CANDIDATE, lastRpcTime:109ms, electionTimeout:109ms
2019-10-17 07:10:43,568 [Thread-2401] INFO  impl.RoleInfo (RoleInfo.java:shutdownFollowerState(121)) - 5c4ee31d-c5ed-4c65-a5df-da3e3cf53ac2: shutdown FollowerState
2019-10-17 07:10:43,568 [Thread-2401] INFO  impl.RaftServerImpl (RaftServerImpl.java:setRole(184)) - 5c4ee31d-c5ed-4c65-a5df-da3e3cf53ac2@group-233C052D78D6: changes role from  FOLLOWER to CANDIDATE at term 160 for changeToCandidate
2019-10-17 07:10:43,568 [Thread-2401] INFO  impl.RoleInfo (RoleInfo.java:updateAndGet(143)) - 5c4ee31d-c5ed-4c65-a5df-da3e3cf53ac2: start LeaderElection
2019-10-17 07:10:43,576 [Thread-2402] INFO  impl.FollowerState (FollowerState.java:run(108)) - decc5551-dd4b-40dc-8ff5-b6b450d67f6f@group-42ACBF6EBE4E-FollowerState: change to CANDIDATE, lastRpcTime:117ms, electionTimeout:117ms
2019-10-17 07:10:43,576 [Thread-2402] INFO  impl.RoleInfo (RoleInfo.java:shutdownFollowerState(121)) - decc5551-dd4b-40dc-8ff5-b6b450d67f6f: shutdown FollowerState
2019-10-17 07:10:43,576 [Thread-2402] INFO  impl.RaftServerImpl (RaftServerImpl.java:setRole(184)) - decc5551-dd4b-40dc-8ff5-b6b450d67f6f@group-42ACBF6EBE4E: changes role from  FOLLOWER to CANDIDATE at term 159 for changeToCandidate
2019-10-17 07:10:43,576 [Thread-2402] INFO  impl.RoleInfo (RoleInfo.java:updateAndGet(143)) - decc5551-dd4b-40dc-8ff5-b6b450d67f6f: start LeaderElection
2019-10-17 07:10:43,595 [5c4ee31d-c5ed-4c65-a5df-da3e3cf53ac2@group-233C052D78D6-LeaderElection300] INFO  impl.LeaderElection (LeaderElection.java:askForVotes(178)) - 5c4ee31d-c5ed-4c65-a5df-da3e3cf53ac2@group-233C052D78D6-LeaderElection300: begin an election at term 161 for -1: [67ae3572-7d88-4e50-b53b-0f48f6748b38:192.168.157.211:41299, 831edaa1-80a5-4091-843f-90c648a5a79d:192.168.157.211:44365, 5c4ee31d-c5ed-4c65-a5df-da3e3cf53ac2:192.168.157.211:45059], old=null
2019-10-17 07:10:43,595 [decc5551-dd4b-40dc-8ff5-b6b450d67f6f@group-42ACBF6EBE4E-LeaderElection301] INFO  impl.LeaderElection (LeaderElection.java:askForVotes(178)) - decc5551-dd4b-40dc-8ff5-b6b450d67f6f@group-42ACBF6EBE4E-LeaderElection301: begin an election at term 160 for -1: [215fceca-0555-458b-bc4f-ba38ff24d5ba:192.168.157.211:43803, decc5551-dd4b-40dc-8ff5-b6b450d67f6f:192.168.157.211:34435, 0c631657-10a5-4e2a-a322-8fc6c651b2ed:192.168.157.211:41694], old=null
2019-10-17 07:10:43,597 [grpc-default-executor-4] INFO  impl.RaftServerImpl (RaftServerImpl.java:setRole(184)) - 215fceca-0555-458b-bc4f-ba38ff24d5ba@group-42ACBF6EBE4E: changes role from  FOLLOWER to FOLLOWER at term 160 for recognizeCandidate:decc5551-dd4b-40dc-8ff5-b6b450d67f6f
2019-10-17 07:10:43,597 [grpc-default-executor-4] INFO  impl.RoleInfo (RoleInfo.java:shutdownFollowerState(121)) - 215fceca-0555-458b-bc4f-ba38ff24d5ba: shutdown FollowerState
2019-10-17 07:10:43,597 [grpc-default-executor-3] INFO  impl.RaftServerImpl (RaftServerImpl.java:setRole(184)) - 67ae3572-7d88-4e50-b53b-0f48f6748b38@group-233C052D78D6: changes role from  FOLLOWER to FOLLOWER at term 161 for recognizeCandidate:5c4ee31d-c5ed-4c65-a5df-da3e3cf53ac2
2019-10-17 07:10:43,597 [grpc-default-executor-3] INFO  impl.RoleInfo (RoleInfo.java:shutdownFollowerState(121)) - 67ae3572-7d88-4e50-b53b-0f48f6748b38: shutdown FollowerState
2019-10-17 07:10:43,597 [grpc-default-executor-9] INFO  impl.RaftServerImpl (RaftServerImpl.java:setRole(184)) - 0c631657-10a5-4e2a-a322-8fc6c651b2ed@group-42ACBF6EBE4E: changes role from  FOLLOWER to FOLLOWER at term 160 for recognizeCandidate:decc5551-dd4b-40dc-8ff5-b6b450d67f6f
2019-10-17 07:10:43,597 [Thread-2400] INFO  impl.FollowerState (FollowerState.java:run(117)) - 215fceca-0555-458b-bc4f-ba38ff24d5ba@group-42ACBF6EBE4E-FollowerState was interrupted: java.lang.InterruptedException: sleep interrupted
2019-10-17 07:10:43,597 [grpc-default-executor-4] INFO  impl.RoleInfo (RoleInfo.java:updateAndGet(143)) - 215fceca-0555-458b-bc4f-ba38ff24d5ba: start FollowerState
2019-10-17 07:10:43,598 [grpc-default-executor-7] INFO  impl.RaftServerImpl (RaftServerImpl.java:setRole(184)) - 831edaa1-80a5-4091-843f-90c648a5a79d@group-233C052D78D6: changes role from  FOLLOWER to FOLLOWER at term 161 for recognizeCandidate:5c4ee31d-c5ed-4c65-a5df-da3e3cf53ac2
2019-10-17 07:10:43,598 [grpc-default-executor-9] INFO  impl.RoleInfo (RoleInfo.java:shutdownFollowerState(121)) - 0c631657-10a5-4e2a-a322-8fc6c651b2ed: shutdown FollowerState
2019-10-17 07:10:43,597 [grpc-default-executor-3] INFO  impl.RoleInfo (RoleInfo.java:updateAndGet(143)) - 67ae3572-7d88-4e50-b53b-0f48f6748b38: start FollowerState
2019-10-17 07:10:43,597 [Thread-2397] INFO  impl.FollowerState (FollowerState.java:run(117)) - 67ae3572-7d88-4e50-b53b-0f48f6748b38@group-233C052D78D6-FollowerState was interrupted: java.lang.InterruptedException: sleep interrupted
2019-10-17 07:10:43,598 [Thread-2399] INFO  impl.FollowerState (FollowerState.java:run(117)) - 0c631657-10a5-4e2a-a322-8fc6c651b2ed@group-42ACBF6EBE4E-FollowerState was interrupted: java.lang.InterruptedException: sleep interrupted
2019-10-17 07:10:43,598 [grpc-default-executor-9] INFO  impl.RoleInfo (RoleInfo.java:updateAndGet(143)) - 0c631657-10a5-4e2a-a322-8fc6c651b2ed: start FollowerState
2019-10-17 07:10:43,598 [grpc-default-executor-7] INFO  impl.RoleInfo (RoleInfo.java:shutdownFollowerState(121)) - 831edaa1-80a5-4091-843f-90c648a5a79d: shutdown FollowerState
2019-10-17 07:10:43,599 [Thread-2398] INFO  impl.FollowerState (FollowerState.java:run(117)) - 831edaa1-80a5-4091-843f-90c648a5a79d@group-233C052D78D6-FollowerState was interrupted: java.lang.InterruptedException: sleep interrupted
2019-10-17 07:10:43,599 [grpc-default-executor-7] INFO  impl.RoleInfo (RoleInfo.java:updateAndGet(143)) - 831edaa1-80a5-4091-843f-90c648a5a79d: start FollowerState
2019-10-17 07:10:43,607 [5c4ee31d-c5ed-4c65-a5df-da3e3cf53ac2@group-233C052D78D6-LeaderElection300] INFO  impl.LeaderElection (LeaderElection.java:logAndReturn(56)) - 5c4ee31d-c5ed-4c65-a5df-da3e3cf53ac2@group-233C052D78D6-LeaderElection300: Election REJECTED; received 2 response(s) [5c4ee31d-c5ed-4c65-a5df-da3e3cf53ac2<-67ae3572-7d88-4e50-b53b-0f48f6748b38#0:FAIL-t161, 5c4ee31d-c5ed-4c65-a5df-da3e3cf53ac2<-831edaa1-80a5-4091-843f-90c648a5a79d#0:FAIL-t161] and 0 exception(s); 5c4ee31d-c5ed-4c65-a5df-da3e3cf53ac2@group-233C052D78D6:t161, leader=null, voted=5c4ee31d-c5ed-4c65-a5df-da3e3cf53ac2, raftlog=5c4ee31d-c5ed-4c65-a5df-da3e3cf53ac2@group-233C052D78D6-SegmentedRaftLog:OPENED:c-1,f-1,i0, conf=-1: [67ae3572-7d88-4e50-b53b-0f48f6748b38:192.168.157.211:41299, 831edaa1-80a5-4091-843f-90c648a5a79d:192.168.157.211:44365, 5c4ee31d-c5ed-4c65-a5df-da3e3cf53ac2:192.168.157.211:45059], old=null
2019-10-17 07:10:43,608 [5c4ee31d-c5ed-4c65-a5df-da3e3cf53ac2@group-233C052D78D6-LeaderElection300] INFO  impl.RaftServerImpl (RaftServerImpl.java:setRole(184)) - 5c4ee31d-c5ed-4c65-a5df-da3e3cf53ac2@group-233C052D78D6: changes role from CANDIDATE to FOLLOWER at term 161 for DISCOVERED_A_NEW_TERM
2019-10-17 07:10:43,608 [5c4ee31d-c5ed-4c65-a5df-da3e3cf53ac2@group-233C052D78D6-LeaderElection300] INFO  impl.RoleInfo (RoleInfo.java:shutdownLeaderElection(134)) - 5c4ee31d-c5ed-4c65-a5df-da3e3cf53ac2: shutdown LeaderElection
2019-10-17 07:10:43,608 [decc5551-dd4b-40dc-8ff5-b6b450d67f6f@group-42ACBF6EBE4E-LeaderElection301] INFO  impl.LeaderElection (LeaderElection.java:logAndReturn(56)) - decc5551-dd4b-40dc-8ff5-b6b450d67f6f@group-42ACBF6EBE4E-LeaderElection301: Election REJECTED; received 2 response(s) [decc5551-dd4b-40dc-8ff5-b6b450d67f6f<-215fceca-0555-458b-bc4f-ba38ff24d5ba#0:FAIL-t160, decc5551-dd4b-40dc-8ff5-b6b450d67f6f<-0c631657-10a5-4e2a-a322-8fc6c651b2ed#0:FAIL-t160] and 0 exception(s); decc5551-dd4b-40dc-8ff5-b6b450d67f6f@group-42ACBF6EBE4E:t160, leader=null, voted=decc5551-dd4b-40dc-8ff5-b6b450d67f6f, raftlog=decc5551-dd4b-40dc-8ff5-b6b450d67f6f@group-42ACBF6EBE4E-SegmentedRaftLog:OPENED:c-1,f-1,i0, conf=-1: [215fceca-0555-458b-bc4f-ba38ff24d5ba:192.168.157.211:43803, decc5551-dd4b-40dc-8ff5-b6b450d67f6f:192.168.157.211:34435, 0c631657-10a5-4e2a-a322-8fc6c651b2ed:192.168.157.211:41694], old=null
2019-10-17 07:10:43,608 [5c4ee31d-c5ed-4c65-a5df-da3e3cf53ac2@group-233C052D78D6-LeaderElection300] INFO  impl.RoleInfo (RoleInfo.java:updateAndGet(143)) - 5c4ee31d-c5ed-4c65-a5df-da3e3cf53ac2: start FollowerState
2019-10-17 07:10:43,608 [decc5551-dd4b-40dc-8ff5-b6b450d67f6f@group-42ACBF6EBE4E-LeaderElection301] INFO  impl.RaftServerImpl (RaftServerImpl.java:setRole(184)) - decc5551-dd4b-40dc-8ff5-b6b450d67f6f@group-42ACBF6EBE4E: changes role from CANDIDATE to FOLLOWER at term 160 for DISCOVERED_A_NEW_TERM
2019-10-17 07:10:43,608 [decc5551-dd4b-40dc-8ff5-b6b450d67f6f@group-42ACBF6EBE4E-LeaderElection301] INFO  impl.RoleInfo (RoleInfo.java:shutdownLeaderElection(134)) - decc5551-dd4b-40dc-8ff5-b6b450d67f6f: shutdown LeaderElection
2019-10-17 07:10:43,608 [decc5551-dd4b-40dc-8ff5-b6b450d67f6f@group-42ACBF6EBE4E-LeaderElection301] INFO  impl.RoleInfo (RoleInfo.java:updateAndGet(143)) - decc5551-dd4b-40dc-8ff5-b6b450d67f6f: start FollowerState
2019-10-17 07:10:43,609 [java.util.concurrent.ThreadPoolExecutor$Worker@234137a4[State = -1, empty queue]] WARN  server.GrpcLogAppender (GrpcLogAppender.java:timeoutAppendRequest(209)) - d31fb603-bc45-4cd2-bfc5-2ee103695b2e@group-A2172F2EE55F->a4e5d14e-95af-4d1f-b670-5b1c42084e26-GrpcLogAppender: appendEntries Timeout, request=d31fb603-bc45-4cd2-bfc5-2ee103695b2e->a4e5d14e-95af-4d1f-b670-5b1c42084e26#52-t3, previous=(t:3, i:20), leaderCommit=20, initializing? false, entries: <empty>
2019-10-17 07:10:43,709 [Thread-2414] INFO  impl.FollowerState (FollowerState.java:run(108)) - decc5551-dd4b-40dc-8ff5-b6b450d67f6f@group-42ACBF6EBE4E-FollowerState: change to CANDIDATE, lastRpcTime:100ms, electionTimeout:100ms
2019-10-17 07:10:43,709 [Thread-2414] INFO  impl.RoleInfo (RoleInfo.java:shutdownFollowerState(121)) - decc5551-dd4b-40dc-8ff5-b6b450d67f6f: shutdown FollowerState
2019-10-17 07:10:43,709 [Thread-2414] INFO  impl.RaftServerImpl (RaftServerImpl.java:setRole(184)) - decc5551-dd4b-40dc-8ff5-b6b450d67f6f@group-42ACBF6EBE4E: changes role from  FOLLOWER to CANDIDATE at term 160 for changeToCandidate
2019-10-17 07:10:43,709 [Thread-2414] INFO  impl.RoleInfo (RoleInfo.java:updateAndGet(143)) - decc5551-dd4b-40dc-8ff5-b6b450d67f6f: start LeaderElection
2019-10-17 07:10:43,723 [decc5551-dd4b-40dc-8ff5-b6b450d67f6f@group-42ACBF6EBE4E-LeaderElection302] INFO  impl.LeaderElection (LeaderElection.java:askForVotes(178)) - decc5551-dd4b-40dc-8ff5-b6b450d67f6f@group-42ACBF6EBE4E-LeaderElection302: begin an election at term 161 for -1: [215fceca-0555-458b-bc4f-ba38ff24d5ba:192.168.157.211:43803, decc5551-dd4b-40dc-8ff5-b6b450d67f6f:192.168.157.211:34435, 0c631657-10a5-4e2a-a322-8fc6c651b2ed:192.168.157.211:41694], old=null
2019-10-17 07:10:43,725 [grpc-default-executor-7] INFO  impl.RaftServerImpl (RaftServerImpl.java:setRole(184)) - 215fceca-0555-458b-bc4f-ba38ff24d5ba@group-42ACBF6EBE4E: changes role from  FOLLOWER to FOLLOWER at term 161 for recognizeCandidate:decc5551-dd4b-40dc-8ff5-b6b450d67f6f
2019-10-17 07:10:43,725 [grpc-default-executor-7] INFO  impl.RoleInfo (RoleInfo.java:shutdownFollowerState(121)) - 215fceca-0555-458b-bc4f-ba38ff24d5ba: shutdown FollowerState
2019-10-17 07:10:43,725 [grpc-default-executor-7] INFO  impl.RoleInfo (RoleInfo.java:updateAndGet(143)) - 215fceca-0555-458b-bc4f-ba38ff24d5ba: start FollowerState
2019-10-17 07:10:43,725 [Thread-2409] INFO  impl.FollowerState (FollowerState.java:run(117)) - 215fceca-0555-458b-bc4f-ba38ff24d5ba@group-42ACBF6EBE4E-FollowerState was interrupted: java.lang.InterruptedException: sleep interrupted
2019-10-17 07:10:43,725 [grpc-default-executor-4] INFO  impl.RaftServerImpl (RaftServerImpl.java:setRole(184)) - 0c631657-10a5-4e2a-a322-8fc6c651b2ed@group-42ACBF6EBE4E: changes role from  FOLLOWER to FOLLOWER at term 161 for recognizeCandidate:decc5551-dd4b-40dc-8ff5-b6b450d67f6f
2019-10-17 07:10:43,726 [grpc-default-executor-4] INFO  impl.RoleInfo (RoleInfo.java:shutdownFollowerState(121)) - 0c631657-10a5-4e2a-a322-8fc6c651b2ed: shutdown FollowerState
2019-10-17 07:10:43,726 [grpc-default-executor-4] INFO  impl.RoleInfo (RoleInfo.java:updateAndGet(143)) - 0c631657-10a5-4e2a-a322-8fc6c651b2ed: start FollowerState
2019-10-17 07:10:43,726 [Thread-2411] INFO  impl.FollowerState (FollowerState.java:run(117)) - 0c631657-10a5-4e2a-a322-8fc6c651b2ed@group-42ACBF6EBE4E-FollowerState was interrupted: java.lang.InterruptedException: sleep interrupted
2019-10-17 07:10:43,737 [decc5551-dd4b-40dc-8ff5-b6b450d67f6f@group-42ACBF6EBE4E-LeaderElection302] INFO  impl.LeaderElection (LeaderElection.java:logAndReturn(56)) - decc5551-dd4b-40dc-8ff5-b6b450d67f6f@group-42ACBF6EBE4E-LeaderElection302: Election REJECTED; received 2 response(s) [decc5551-dd4b-40dc-8ff5-b6b450d67f6f<-215fceca-0555-458b-bc4f-ba38ff24d5ba#0:FAIL-t161, decc5551-dd4b-40dc-8ff5-b6b450d67f6f<-0c631657-10a5-4e2a-a322-8fc6c651b2ed#0:FAIL-t161] and 0 exception(s); decc5551-dd4b-40dc-8ff5-b6b450d67f6f@group-42ACBF6EBE4E:t161, leader=null, voted=decc5551-dd4b-40dc-8ff5-b6b450d67f6f, raftlog=decc5551-dd4b-40dc-8ff5-b6b450d67f6f@group-42ACBF6EBE4E-SegmentedRaftLog:OPENED:c-1,f-1,i0, conf=-1: [215fceca-0555-458b-bc4f-ba38ff24d5ba:192.168.157.211:43803, decc5551-dd4b-40dc-8ff5-b6b450d67f6f:192.168.157.211:34435, 0c631657-10a5-4e2a-a322-8fc6c651b2ed:192.168.157.211:41694], old=null
2019-10-17 07:10:43,737 [decc5551-dd4b-40dc-8ff5-b6b450d67f6f@group-42ACBF6EBE4E-LeaderElection302] INFO  impl.RaftServerImpl (RaftServerImpl.java:setRole(184)) - decc5551-dd4b-40dc-8ff5-b6b450d67f6f@group-42ACBF6EBE4E: changes role from CANDIDATE to FOLLOWER at term 161 for DISCOVERED_A_NEW_TERM
2019-10-17 07:10:43,737 [decc5551-dd4b-40dc-8ff5-b6b450d67f6f@group-42ACBF6EBE4E-LeaderElection302] INFO  impl.RoleInfo (RoleInfo.java:shutdownLeaderElection(134)) - decc5551-dd4b-40dc-8ff5-b6b450d67f6f: shutdown LeaderElection
2019-10-17 07:10:43,738 [decc5551-dd4b-40dc-8ff5-b6b450d67f6f@group-42ACBF6EBE4E-LeaderElection302] INFO  impl.RoleInfo (RoleInfo.java:updateAndGet(143)) - decc5551-dd4b-40dc-8ff5-b6b450d67f6f: start FollowerState
2019-10-17 07:10:43,748 [Thread-2413] INFO  impl.FollowerState (FollowerState.java:run(108)) - 5c4ee31d-c5ed-4c65-a5df-da3e3cf53ac2@group-233C052D78D6-FollowerState: change to CANDIDATE, lastRpcTime:140ms, electionTimeout:140ms
2019-10-17 07:10:43,748 [Thread-2413] INFO  impl.RoleInfo (RoleInfo.java:shutdownFollowerState(121)) - 5c4ee31d-c5ed-4c65-a5df-da3e3cf53ac2: shutdown FollowerState
2019-10-17 07:10:43,749 [Thread-2413] INFO  impl.RaftServerImpl (RaftServerImpl.java:setRole(184)) - 5c4ee31d-c5ed-4c65-a5df-da3e3cf53ac2@group-233C052D78D6: changes role from  FOLLOWER to CANDIDATE at term 161 for changeToCandidate
2019-10-17 07:10:43,749 [Thread-2413] INFO  impl.RoleInfo (RoleInfo.java:updateAndGet(143)) - 5c4ee31d-c5ed-4c65-a5df-da3e3cf53ac2: start LeaderElection
2019-10-17 07:10:43,762 [5c4ee31d-c5ed-4c65-a5df-da3e3cf53ac2@group-233C052D78D6-LeaderElection303] INFO  impl.LeaderElection (LeaderElection.java:askForVotes(178)) - 5c4ee31d-c5ed-4c65-a5df-da3e3cf53ac2@group-233C052D78D6-LeaderElection303: begin an election at term 162 for -1: [67ae3572-7d88-4e50-b53b-0f48f6748b38:192.168.157.211:41299, 831edaa1-80a5-4091-843f-90c648a5a79d:192.168.157.211:44365, 5c4ee31d-c5ed-4c65-a5df-da3e3cf53ac2:192.168.157.211:45059], old=null
2019-10-17 07:10:43,763 [grpc-default-executor-4] INFO  impl.RaftServerImpl (RaftServerImpl.java:setRole(184)) - 67ae3572-7d88-4e50-b53b-0f48f6748b38@group-233C052D78D6: changes role from  FOLLOWER to FOLLOWER at term 162 for recognizeCandidate:5c4ee31d-c5ed-4c65-a5df-da3e3cf53ac2
2019-10-17 07:10:43,763 [grpc-default-executor-4] INFO  impl.RoleInfo (RoleInfo.java:shutdownFollowerState(121)) - 67ae3572-7d88-4e50-b53b-0f48f6748b38: shutdown FollowerState
2019-10-17 07:10:43,763 [grpc-default-executor-4] INFO  impl.RoleInfo (RoleInfo.java:updateAndGet(143)) - 67ae3572-7d88-4e50-b53b-0f48f6748b38: start FollowerState
2019-10-17 07:10:43,763 [Thread-2410] INFO  impl.FollowerState (FollowerState.java:run(117)) - 67ae3572-7d88-4e50-b53b-0f48f6748b38@group-233C052D78D6-FollowerState was interrupted: java.lang.InterruptedException: sleep interrupted
2019-10-17 07:10:43,763 [grpc-default-executor-7] INFO  impl.RaftServerImpl (RaftServerImpl.java:setRole(184)) - 831edaa1-80a5-4091-843f-90c648a5a79d@group-233C052D78D6: changes role from  FOLLOWER to FOLLOWER at term 162 for recognizeCandidate:5c4ee31d-c5ed-4c65-a5df-da3e3cf53ac2
2019-10-17 07:10:43,764 [grpc-default-executor-7] INFO  impl.RoleInfo (RoleInfo.java:shutdownFollowerState(121)) - 831edaa1-80a5-4091-843f-90c648a5a79d: shutdown FollowerState
2019-10-17 07:10:43,764 [grpc-default-executor-7] INFO  impl.RoleInfo (RoleInfo.java:updateAndGet(143)) - 831edaa1-80a5-4091-843f-90c648a5a79d: start FollowerState
2019-10-17 07:10:43,764 [Thread-2412] INFO  impl.FollowerState (FollowerState.java:run(117)) - 831edaa1-80a5-4091-843f-90c648a5a79d@group-233C052D78D6-FollowerState was interrupted: java.lang.InterruptedException: sleep interrupted
2019-10-17 07:10:43,778 [5c4ee31d-c5ed-4c65-a5df-da3e3cf53ac2@group-233C052D78D6-LeaderElection303] INFO  impl.LeaderElection (LeaderElection.java:logAndReturn(56)) - 5c4ee31d-c5ed-4c65-a5df-da3e3cf53ac2@group-233C052D78D6-LeaderElection303: Election REJECTED; received 2 response(s) [5c4ee31d-c5ed-4c65-a5df-da3e3cf53ac2<-67ae3572-7d88-4e50-b53b-0f48f6748b38#0:FAIL-t162, 5c4ee31d-c5ed-4c65-a5df-da3e3cf53ac2<-831edaa1-80a5-4091-843f-90c648a5a79d#0:FAIL-t162] and 0 exception(s); 5c4ee31d-c5ed-4c65-a5df-da3e3cf53ac2@group-233C052D78D6:t162, leader=null, voted=5c4ee31d-c5ed-4c65-a5df-da3e3cf53ac2, raftlog=5c4ee31d-c5ed-4c65-a5df-da3e3cf53ac2@group-233C052D78D6-SegmentedRaftLog:OPENED:c-1,f-1,i0, conf=-1: [67ae3572-7d88-4e50-b53b-0f48f6748b38:192.168.157.211:41299, 831edaa1-80a5-4091-843f-90c648a5a79d:192.168.157.211:44365, 5c4ee31d-c5ed-4c65-a5df-da3e3cf53ac2:192.168.157.211:45059], old=null
2019-10-17 07:10:43,778 [5c4ee31d-c5ed-4c65-a5df-da3e3cf53ac2@group-233C052D78D6-LeaderElection303] INFO  impl.RaftServerImpl (RaftServerImpl.java:setRole(184)) - 5c4ee31d-c5ed-4c65-a5df-da3e3cf53ac2@group-233C052D78D6: changes role from CANDIDATE to FOLLOWER at term 162 for DISCOVERED_A_NEW_TERM
2019-10-17 07:10:43,778 [5c4ee31d-c5ed-4c65-a5df-da3e3cf53ac2@group-233C052D78D6-LeaderElection303] INFO  impl.RoleInfo (RoleInfo.java:shutdownLeaderElection(134)) - 5c4ee31d-c5ed-4c65-a5df-da3e3cf53ac2: shutdown LeaderElection
2019-10-17 07:10:43,778 [5c4ee31d-c5ed-4c65-a5df-da3e3cf53ac2@group-233C052D78D6-LeaderElection303] INFO  impl.RoleInfo (RoleInfo.java:updateAndGet(143)) - 5c4ee31d-c5ed-4c65-a5df-da3e3cf53ac2: start FollowerState
2019-10-17 07:10:43,922 [Thread-2421] INFO  impl.FollowerState (FollowerState.java:run(108)) - decc5551-dd4b-40dc-8ff5-b6b450d67f6f@group-42ACBF6EBE4E-FollowerState: change to CANDIDATE, lastRpcTime:184ms, electionTimeout:184ms
2019-10-17 07:10:43,922 [Thread-2421] INFO  impl.RoleInfo (RoleInfo.java:shutdownFollowerState(121)) - decc5551-dd4b-40dc-8ff5-b6b450d67f6f: shutdown FollowerState
2019-10-17 07:10:43,922 [Thread-2421] INFO  impl.RaftServerImpl (RaftServerImpl.java:setRole(184)) - decc5551-dd4b-40dc-8ff5-b6b450d67f6f@group-42ACBF6EBE4E: changes role from  FOLLOWER to CANDIDATE at term 161 for changeToCandidate
2019-10-17 07:10:43,922 [Thread-2421] INFO  impl.RoleInfo (RoleInfo.java:updateAndGet(143)) - decc5551-dd4b-40dc-8ff5-b6b450d67f6f: start LeaderElection
2019-10-17 07:10:43,935 [decc5551-dd4b-40dc-8ff5-b6b450d67f6f@group-42ACBF6EBE4E-LeaderElection304] INFO  impl.LeaderElection (LeaderElection.java:askForVotes(178)) - decc5551-dd4b-40dc-8ff5-b6b450d67f6f@group-42ACBF6EBE4E-LeaderElection304: begin an election at term 162 for -1: [215fceca-0555-458b-bc4f-ba38ff24d5ba:192.168.157.211:43803, decc5551-dd4b-40dc-8ff5-b6b450d67f6f:192.168.157.211:34435, 0c631657-10a5-4e2a-a322-8fc6c651b2ed:192.168.157.211:41694], old=null
2019-10-17 07:10:43,937 [grpc-default-executor-7] INFO  impl.RaftServerImpl (RaftServerImpl.java:setRole(184)) - 215fceca-0555-458b-bc4f-ba38ff24d5ba@group-42ACBF6EBE4E: changes role from  FOLLOWER to FOLLOWER at term 162 for recognizeCandidate:decc5551-dd4b-40dc-8ff5-b6b450d67f6f
2019-10-17 07:10:43,938 [grpc-default-executor-7] INFO  impl.RoleInfo (RoleInfo.java:shutdownFollowerState(121)) - 215fceca-0555-458b-bc4f-ba38ff24d5ba: shutdown FollowerState
2019-10-17 07:10:43,938 [grpc-default-executor-4] INFO  impl.RaftServerImpl (RaftServerImpl.java:setRole(184)) - 0c631657-10a5-4e2a-a322-8fc6c651b2ed@group-42ACBF6EBE4E: changes role from  FOLLOWER to FOLLOWER at term 162 for recognizeCandidate:decc5551-dd4b-40dc-8ff5-b6b450d67f6f
2019-10-17 07:10:43,938 [Thread-2419] INFO  impl.FollowerState (FollowerState.java:run(117)) - 215fceca-0555-458b-bc4f-ba38ff24d5ba@group-42ACBF6EBE4E-FollowerState was interrupted: java.lang.InterruptedException: sleep interrupted
2019-10-17 07:10:43,938 [grpc-default-executor-7] INFO  impl.RoleInfo (RoleInfo.java:updateAndGet(143)) - 215fceca-0555-458b-bc4f-ba38ff24d5ba: start FollowerState
2019-10-17 07:10:43,938 [grpc-default-executor-4] INFO  impl.RoleInfo (RoleInfo.java:shutdownFollowerState(121)) - 0c631657-10a5-4e2a-a322-8fc6c651b2ed: shutdown FollowerState
2019-10-17 07:10:43,938 [grpc-default-executor-4] INFO  impl.RoleInfo (RoleInfo.java:updateAndGet(143)) - 0c631657-10a5-4e2a-a322-8fc6c651b2ed: start FollowerState
2019-10-17 07:10:43,938 [Thread-2420] INFO  impl.FollowerState (FollowerState.java:run(117)) - 0c631657-10a5-4e2a-a322-8fc6c651b2ed@group-42ACBF6EBE4E-FollowerState was interrupted: java.lang.InterruptedException: sleep interrupted
2019-10-17 07:10:43,953 [decc5551-dd4b-40dc-8ff5-b6b450d67f6f@group-42ACBF6EBE4E-LeaderElection304] INFO  impl.LeaderElection (LeaderElection.java:logAndReturn(56)) - decc5551-dd4b-40dc-8ff5-b6b450d67f6f@group-42ACBF6EBE4E-LeaderElection304: Election REJECTED; received 2 response(s) [decc5551-dd4b-40dc-8ff5-b6b450d67f6f<-215fceca-0555-458b-bc4f-ba38ff24d5ba#0:FAIL-t162, decc5551-dd4b-40dc-8ff5-b6b450d67f6f<-0c631657-10a5-4e2a-a322-8fc6c651b2ed#0:FAIL-t162] and 0 exception(s); decc5551-dd4b-40dc-8ff5-b6b450d67f6f@group-42ACBF6EBE4E:t162, leader=null, voted=decc5551-dd4b-40dc-8ff5-b6b450d67f6f, raftlog=decc5551-dd4b-40dc-8ff5-b6b450d67f6f@group-42ACBF6EBE4E-SegmentedRaftLog:OPENED:c-1,f-1,i0, conf=-1: [215fceca-0555-458b-bc4f-ba38ff24d5ba:192.168.157.211:43803, decc5551-dd4b-40dc-8ff5-b6b450d67f6f:192.168.157.211:34435, 0c631657-10a5-4e2a-a322-8fc6c651b2ed:192.168.157.211:41694], old=null
2019-10-17 07:10:43,954 [decc5551-dd4b-40dc-8ff5-b6b450d67f6f@group-42ACBF6EBE4E-LeaderElection304] INFO  impl.RaftServerImpl (RaftServerImpl.java:setRole(184)) - decc5551-dd4b-40dc-8ff5-b6b450d67f6f@group-42ACBF6EBE4E: changes role from CANDIDATE to FOLLOWER at term 162 for DISCOVERED_A_NEW_TERM
2019-10-17 07:10:43,964 [decc5551-dd4b-40dc-8ff5-b6b450d67f6f@group-42ACBF6EBE4E-LeaderElection304] INFO  impl.RoleInfo (RoleInfo.java:shutdownLeaderElection(134)) - decc5551-dd4b-40dc-8ff5-b6b450d67f6f: shutdown LeaderElection
2019-10-17 07:10:43,971 [decc5551-dd4b-40dc-8ff5-b6b450d67f6f@group-42ACBF6EBE4E-LeaderElection304] INFO  impl.RoleInfo (RoleInfo.java:updateAndGet(143)) - decc5551-dd4b-40dc-8ff5-b6b450d67f6f: start FollowerState
2019-10-17 07:10:43,973 [Thread-2433] INFO  impl.FollowerState (FollowerState.java:run(108)) - decc5551-dd4b-40dc-8ff5-b6b450d67f6f@group-42ACBF6EBE4E-FollowerState: change to CANDIDATE, lastRpcTime:2ms, electionTimeout:2ms
2019-10-17 07:10:43,974 [Thread-2433] INFO  impl.RoleInfo (RoleInfo.java:shutdownFollowerState(121)) - decc5551-dd4b-40dc-8ff5-b6b450d67f6f: shutdown FollowerState
2019-10-17 07:10:43,974 [Thread-2433] INFO  impl.RaftServerImpl (RaftServerImpl.java:setRole(184)) - decc5551-dd4b-40dc-8ff5-b6b450d67f6f@group-42ACBF6EBE4E: changes role from  FOLLOWER to CANDIDATE at term 162 for changeToCandidate
2019-10-17 07:10:43,974 [Thread-2433] INFO  impl.RoleInfo (RoleInfo.java:updateAndGet(143)) - decc5551-dd4b-40dc-8ff5-b6b450d67f6f: start LeaderElection
2019-10-17 07:10:43,976 [Thread-2427] INFO  impl.FollowerState (FollowerState.java:run(108)) - 5c4ee31d-c5ed-4c65-a5df-da3e3cf53ac2@group-233C052D78D6-FollowerState: change to CANDIDATE, lastRpcTime:198ms, electionTimeout:198ms
2019-10-17 07:10:43,976 [Thread-2427] INFO  impl.RoleInfo (RoleInfo.java:shutdownFollowerState(121)) - 5c4ee31d-c5ed-4c65-a5df-da3e3cf53ac2: shutdown FollowerState
2019-10-17 07:10:43,976 [Thread-2427] INFO  impl.RaftServerImpl (RaftServerImpl.java:setRole(184)) - 5c4ee31d-c5ed-4c65-a5df-da3e3cf53ac2@group-233C052D78D6: changes role from  FOLLOWER to CANDIDATE at term 162 for changeToCandidate
2019-10-17 07:10:43,976 [Thread-2427] INFO  impl.RoleInfo (RoleInfo.java:updateAndGet(143)) - 5c4ee31d-c5ed-4c65-a5df-da3e3cf53ac2: start LeaderElection
2019-10-17 07:10:43,989 [decc5551-dd4b-40dc-8ff5-b6b450d67f6f@group-42ACBF6EBE4E-LeaderElection305] INFO  impl.LeaderElection (LeaderElection.java:askForVotes(178)) - decc5551-dd4b-40dc-8ff5-b6b450d67f6f@group-42ACBF6EBE4E-LeaderElection305: begin an election at term 163 for -1: [215fceca-0555-458b-bc4f-ba38ff24d5ba:192.168.157.211:43803, decc5551-dd4b-40dc-8ff5-b6b450d67f6f:192.168.157.211:34435, 0c631657-10a5-4e2a-a322-8fc6c651b2ed:192.168.157.211:41694], old=null
2019-10-17 07:10:43,989 [5c4ee31d-c5ed-4c65-a5df-da3e3cf53ac2@group-233C052D78D6-LeaderElection306] INFO  impl.LeaderElection (LeaderElection.java:askForVotes(178)) - 5c4ee31d-c5ed-4c65-a5df-da3e3cf53ac2@group-233C052D78D6-LeaderElection306: begin an election at term 163 for -1: [67ae3572-7d88-4e50-b53b-0f48f6748b38:192.168.157.211:41299, 831edaa1-80a5-4091-843f-90c648a5a79d:192.168.157.211:44365, 5c4ee31d-c5ed-4c65-a5df-da3e3cf53ac2:192.168.157.211:45059], old=null
2019-10-17 07:10:43,991 [grpc-default-executor-4] INFO  impl.RaftServerImpl (RaftServerImpl.java:setRole(184)) - 215fceca-0555-458b-bc4f-ba38ff24d5ba@group-42ACBF6EBE4E: changes role from  FOLLOWER to FOLLOWER at term 163 for recognizeCandidate:decc5551-dd4b-40dc-8ff5-b6b450d67f6f
2019-10-17 07:10:43,991 [grpc-default-executor-4] INFO  impl.RoleInfo (RoleInfo.java:shutdownFollowerState(121)) - 215fceca-0555-458b-bc4f-ba38ff24d5ba: shutdown FollowerState
2019-10-17 07:10:43,991 [grpc-default-executor-7] INFO  impl.RaftServerImpl (RaftServerImpl.java:setRole(184)) - 831edaa1-80a5-4091-843f-90c648a5a79d@group-233C052D78D6: changes role from  FOLLOWER to FOLLOWER at term 163 for recognizeCandidate:5c4ee31d-c5ed-4c65-a5df-da3e3cf53ac2
2019-10-17 07:10:43,991 [grpc-default-executor-9] INFO  impl.RaftServerImpl (RaftServerImpl.java:setRole(184)) - 67ae3572-7d88-4e50-b53b-0f48f6748b38@group-233C052D78D6: changes role from  FOLLOWER to FOLLOWER at term 163 for recognizeCandidate:5c4ee31d-c5ed-4c65-a5df-da3e3cf53ac2
2019-10-17 07:10:43,991 [Thread-2431] INFO  impl.FollowerState (FollowerState.java:run(117)) - 215fceca-0555-458b-bc4f-ba38ff24d5ba@group-42ACBF6EBE4E-FollowerState was interrupted: java.lang.InterruptedException: sleep interrupted
2019-10-17 07:10:43,991 [grpc-default-executor-4] INFO  impl.RoleInfo (RoleInfo.java:updateAndGet(143)) - 215fceca-0555-458b-bc4f-ba38ff24d5ba: start FollowerState
2019-10-17 07:10:43,992 [grpc-default-executor-3] INFO  impl.RaftServerImpl (RaftServerImpl.java:setRole(184)) - 0c631657-10a5-4e2a-a322-8fc6c651b2ed@group-42ACBF6EBE4E: changes role from  FOLLOWER to FOLLOWER at term 163 for recognizeCandidate:decc5551-dd4b-40dc-8ff5-b6b450d67f6f
2019-10-17 07:10:43,992 [grpc-default-executor-9] INFO  impl.RoleInfo (RoleInfo.java:shutdownFollowerState(121)) - 67ae3572-7d88-4e50-b53b-0f48f6748b38: shutdown FollowerState
2019-10-17 07:10:43,991 [grpc-default-executor-7] INFO  impl.RoleInfo (RoleInfo.java:shutdownFollowerState(121)) - 831edaa1-80a5-4091-843f-90c648a5a79d: shutdown FollowerState
2019-10-17 07:10:43,992 [Thread-2425] INFO  impl.FollowerState (FollowerState.java:run(117)) - 67ae3572-7d88-4e50-b53b-0f48f6748b38@group-233C052D78D6-FollowerState was interrupted: java.lang.InterruptedException: sleep interrupted
2019-10-17 07:10:43,992 [grpc-default-executor-9] INFO  impl.RoleInfo (RoleInfo.java:updateAndGet(143)) - 67ae3572-7d88-4e50-b53b-0f48f6748b38: start FollowerState
2019-10-17 07:10:43,992 [grpc-default-executor-3] INFO  impl.RoleInfo (RoleInfo.java:shutdownFollowerState(121)) - 0c631657-10a5-4e2a-a322-8fc6c651b2ed: shutdown FollowerState
2019-10-17 07:10:43,992 [Thread-2426] INFO  impl.FollowerState (FollowerState.java:run(117)) - 831edaa1-80a5-4091-843f-90c648a5a79d@group-233C052D78D6-FollowerState was interrupted: java.lang.InterruptedException: sleep interrupted
2019-10-17 07:10:43,992 [grpc-default-executor-7] INFO  impl.RoleInfo (RoleInfo.java:updateAndGet(143)) - 831edaa1-80a5-4091-843f-90c648a5a79d: start FollowerState
2019-10-17 07:10:43,993 [Thread-2432] INFO  impl.FollowerState (FollowerState.java:run(117)) - 0c631657-10a5-4e2a-a322-8fc6c651b2ed@group-42ACBF6EBE4E-FollowerState was interrupted: java.lang.InterruptedException: sleep interrupted
2019-10-17 07:10:43,993 [grpc-default-executor-3] INFO  impl.RoleInfo (RoleInfo.java:updateAndGet(143)) - 0c631657-10a5-4e2a-a322-8fc6c651b2ed: start FollowerState
2019-10-17 07:10:44,006 [5c4ee31d-c5ed-4c65-a5df-da3e3cf53ac2@group-233C052D78D6-LeaderElection306] INFO  impl.LeaderElection (LeaderElection.java:logAndReturn(56)) - 5c4ee31d-c5ed-4c65-a5df-da3e3cf53ac2@group-233C052D78D6-LeaderElection306: Election REJECTED; received 2 response(s) [5c4ee31d-c5ed-4c65-a5df-da3e3cf53ac2<-67ae3572-7d88-4e50-b53b-0f48f6748b38#0:FAIL-t163, 5c4ee31d-c5ed-4c65-a5df-da3e3cf53ac2<-831edaa1-80a5-4091-843f-90c648a5a79d#0:FAIL-t163] and 0 exception(s); 5c4ee31d-c5ed-4c65-a5df-da3e3cf53ac2@group-233C052D78D6:t163, leader=null, voted=5c4ee31d-c5ed-4c65-a5df-da3e3cf53ac2, raftlog=5c4ee31d-c5ed-4c65-a5df-da3e3cf53ac2@group-233C052D78D6-SegmentedRaftLog:OPENED:c-1,f-1,i0, conf=-1: [67ae3572-7d88-4e50-b53b-0f48f6748b38:192.168.157.211:41299, 831edaa1-80a5-4091-843f-90c648a5a79d:192.168.157.211:44365, 5c4ee31d-c5ed-4c65-a5df-da3e3cf53ac2:192.168.157.211:45059], old=null
2019-10-17 07:10:44,006 [decc5551-dd4b-40dc-8ff5-b6b450d67f6f@group-42ACBF6EBE4E-LeaderElection305] INFO  impl.LeaderElection (LeaderElection.java:logAndReturn(56)) - decc5551-dd4b-40dc-8ff5-b6b450d67f6f@group-42ACBF6EBE4E-LeaderElection305: Election REJECTED; received 2 response(s) [decc5551-dd4b-40dc-8ff5-b6b450d67f6f<-215fceca-0555-458b-bc4f-ba38ff24d5ba#0:FAIL-t163, decc5551-dd4b-40dc-8ff5-b6b450d67f6f<-0c631657-10a5-4e2a-a322-8fc6c651b2ed#0:FAIL-t163] and 0 exception(s); decc5551-dd4b-40dc-8ff5-b6b450d67f6f@group-42ACBF6EBE4E:t163, leader=null, voted=decc5551-dd4b-40dc-8ff5-b6b450d67f6f, raftlog=decc5551-dd4b-40dc-8ff5-b6b450d67f6f@group-42ACBF6EBE4E-SegmentedRaftLog:OPENED:c-1,f-1,i0, conf=-1: [215fceca-0555-458b-bc4f-ba38ff24d5ba:192.168.157.211:43803, decc5551-dd4b-40dc-8ff5-b6b450d67f6f:192.168.157.211:34435, 0c631657-10a5-4e2a-a322-8fc6c651b2ed:192.168.157.211:41694], old=null
2019-10-17 07:10:44,006 [5c4ee31d-c5ed-4c65-a5df-da3e3cf53ac2@group-233C052D78D6-LeaderElection306] INFO  impl.RaftServerImpl (RaftServerImpl.java:setRole(184)) - 5c4ee31d-c5ed-4c65-a5df-da3e3cf53ac2@group-233C052D78D6: changes role from CANDIDATE to FOLLOWER at term 163 for DISCOVERED_A_NEW_TERM
2019-10-17 07:10:44,006 [decc5551-dd4b-40dc-8ff5-b6b450d67f6f@group-42ACBF6EBE4E-LeaderElection305] INFO  impl.RaftServerImpl (RaftServerImpl.java:setRole(184)) - decc5551-dd4b-40dc-8ff5-b6b450d67f6f@group-42ACBF6EBE4E: changes role from CANDIDATE to FOLLOWER at term 163 for DISCOVERED_A_NEW_TERM
2019-10-17 07:10:44,006 [decc5551-dd4b-40dc-8ff5-b6b450d67f6f@group-42ACBF6EBE4E-LeaderElection305] INFO  impl.RoleInfo (RoleInfo.java:shutdownLeaderElection(134)) - decc5551-dd4b-40dc-8ff5-b6b450d67f6f: shutdown LeaderElection
2019-10-17 07:10:44,006 [5c4ee31d-c5ed-4c65-a5df-da3e3cf53ac2@group-233C052D78D6-LeaderElection306] INFO  impl.RoleInfo (RoleInfo.java:shutdownLeaderElection(134)) - 5c4ee31d-c5ed-4c65-a5df-da3e3cf53ac2: shutdown LeaderElection
2019-10-17 07:10:44,007 [decc5551-dd4b-40dc-8ff5-b6b450d67f6f@group-42ACBF6EBE4E-LeaderElection305] INFO  impl.RoleInfo (RoleInfo.java:updateAndGet(143)) - decc5551-dd4b-40dc-8ff5-b6b450d67f6f: start FollowerState
2019-10-17 07:10:44,007 [5c4ee31d-c5ed-4c65-a5df-da3e3cf53ac2@group-233C052D78D6-LeaderElection306] INFO  impl.RoleInfo (RoleInfo.java:updateAndGet(143)) - 5c4ee31d-c5ed-4c65-a5df-da3e3cf53ac2: start FollowerState
2019-10-17 07:10:44,098 [Thread-2444] INFO  impl.FollowerState (FollowerState.java:run(108)) - decc5551-dd4b-40dc-8ff5-b6b450d67f6f@group-42ACBF6EBE4E-FollowerState: change to CANDIDATE, lastRpcTime:91ms, electionTimeout:91ms
2019-10-17 07:10:44,098 [Thread-2444] INFO  impl.RoleInfo (RoleInfo.java:shutdownFollowerState(121)) - decc5551-dd4b-40dc-8ff5-b6b450d67f6f: shutdown FollowerState
2019-10-17 07:10:44,098 [Thread-2444] INFO  impl.RaftServerImpl (RaftServerImpl.java:setRole(184)) - decc5551-dd4b-40dc-8ff5-b6b450d67f6f@group-42ACBF6EBE4E: changes role from  FOLLOWER to CANDIDATE at term 163 for changeToCandidate
2019-10-17 07:10:44,099 [Thread-2444] INFO  impl.RoleInfo (RoleInfo.java:updateAndGet(143)) - decc5551-dd4b-40dc-8ff5-b6b450d67f6f: start LeaderElection
2019-10-17 07:10:44,110 [java.util.concurrent.ThreadPoolExecutor$Worker@234137a4[State = -1, empty queue]] WARN  server.GrpcLogAppender (GrpcLogAppender.java:timeoutAppendRequest(209)) - d31fb603-bc45-4cd2-bfc5-2ee103695b2e@group-A2172F2EE55F->a4e5d14e-95af-4d1f-b670-5b1c42084e26-GrpcLogAppender: appendEntries Timeout, request=d31fb603-bc45-4cd2-bfc5-2ee103695b2e->a4e5d14e-95af-4d1f-b670-5b1c42084e26#53-t3, previous=(t:3, i:20), leaderCommit=20, initializing? false, entries: <empty>
2019-10-17 07:10:44,113 [decc5551-dd4b-40dc-8ff5-b6b450d67f6f@group-42ACBF6EBE4E-LeaderElection307] INFO  impl.LeaderElection (LeaderElection.java:askForVotes(178)) - decc5551-dd4b-40dc-8ff5-b6b450d67f6f@group-42ACBF6EBE4E-LeaderElection307: begin an election at term 164 for -1: [215fceca-0555-458b-bc4f-ba38ff24d5ba:192.168.157.211:43803, decc5551-dd4b-40dc-8ff5-b6b450d67f6f:192.168.157.211:34435, 0c631657-10a5-4e2a-a322-8fc6c651b2ed:192.168.157.211:41694], old=null
2019-10-17 07:10:44,115 [grpc-default-executor-9] INFO  impl.RaftServerImpl (RaftServerImpl.java:setRole(184)) - 0c631657-10a5-4e2a-a322-8fc6c651b2ed@group-42ACBF6EBE4E: changes role from  FOLLOWER to FOLLOWER at term 164 for recognizeCandidate:decc5551-dd4b-40dc-8ff5-b6b450d67f6f
2019-10-17 07:10:44,115 [grpc-default-executor-3] INFO  impl.RaftServerImpl (RaftServerImpl.java:setRole(184)) - 215fceca-0555-458b-bc4f-ba38ff24d5ba@group-42ACBF6EBE4E: changes role from  FOLLOWER to FOLLOWER at term 164 for recognizeCandidate:decc5551-dd4b-40dc-8ff5-b6b450d67f6f
2019-10-17 07:10:44,116 [grpc-default-executor-9] INFO  impl.RoleInfo (RoleInfo.java:shutdownFollowerState(121)) - 0c631657-10a5-4e2a-a322-8fc6c651b2ed: shutdown FollowerState
2019-10-17 07:10:44,116 [grpc-default-executor-3] INFO  impl.RoleInfo (RoleInfo.java:shutdownFollowerState(121)) - 215fceca-0555-458b-bc4f-ba38ff24d5ba: shutdown FollowerState
2019-10-17 07:10:44,116 [grpc-default-executor-3] INFO  impl.RoleInfo (RoleInfo.java:updateAndGet(143)) - 215fceca-0555-458b-bc4f-ba38ff24d5ba: start FollowerState
2019-10-17 07:10:44,116 [Thread-2443] INFO  impl.FollowerState (FollowerState.java:run(117)) - 0c631657-10a5-4e2a-a322-8fc6c651b2ed@group-42ACBF6EBE4E-FollowerState was interrupted: java.lang.InterruptedException: sleep interrupted
2019-10-17 07:10:44,116 [grpc-default-executor-9] INFO  impl.RoleInfo (RoleInfo.java:updateAndGet(143)) - 0c631657-10a5-4e2a-a322-8fc6c651b2ed: start FollowerState
2019-10-17 07:10:44,116 [Thread-2440] INFO  impl.FollowerState (FollowerState.java:run(117)) - 215fceca-0555-458b-bc4f-ba38ff24d5ba@group-42ACBF6EBE4E-FollowerState was interrupted: java.lang.InterruptedException: sleep interrupted
2019-10-17 07:10:44,131 [decc5551-dd4b-40dc-8ff5-b6b450d67f6f@group-42ACBF6EBE4E-LeaderElection307] INFO  impl.LeaderElection (LeaderElection.java:logAndReturn(56)) - decc5551-dd4b-40dc-8ff5-b6b450d67f6f@group-42ACBF6EBE4E-LeaderElection307: Election REJECTED; received 2 response(s) [decc5551-dd4b-40dc-8ff5-b6b450d67f6f<-215fceca-0555-458b-bc4f-ba38ff24d5ba#0:FAIL-t164, decc5551-dd4b-40dc-8ff5-b6b450d67f6f<-0c631657-10a5-4e2a-a322-8fc6c651b2ed#0:FAIL-t164] and 0 exception(s); decc5551-dd4b-40dc-8ff5-b6b450d67f6f@group-42ACBF6EBE4E:t164, leader=null, voted=decc5551-dd4b-40dc-8ff5-b6b450d67f6f, raftlog=decc5551-dd4b-40dc-8ff5-b6b450d67f6f@group-42ACBF6EBE4E-SegmentedRaftLog:OPENED:c-1,f-1,i0, conf=-1: [215fceca-0555-458b-bc4f-ba38ff24d5ba:192.168.157.211:43803, decc5551-dd4b-40dc-8ff5-b6b450d67f6f:192.168.157.211:34435, 0c631657-10a5-4e2a-a322-8fc6c651b2ed:192.168.157.211:41694], old=null
2019-10-17 07:10:44,131 [decc5551-dd4b-40dc-8ff5-b6b450d67f6f@group-42ACBF6EBE4E-LeaderElection307] INFO  impl.RaftServerImpl (RaftServerImpl.java:setRole(184)) - decc5551-dd4b-40dc-8ff5-b6b450d67f6f@group-42ACBF6EBE4E: changes role from CANDIDATE to FOLLOWER at term 164 for DISCOVERED_A_NEW_TERM
2019-10-17 07:10:44,131 [decc5551-dd4b-40dc-8ff5-b6b450d67f6f@group-42ACBF6EBE4E-LeaderElection307] INFO  impl.RoleInfo (RoleInfo.java:shutdownLeaderElection(134)) - decc5551-dd4b-40dc-8ff5-b6b450d67f6f: shutdown LeaderElection
2019-10-17 07:10:44,132 [decc5551-dd4b-40dc-8ff5-b6b450d67f6f@group-42ACBF6EBE4E-LeaderElection307] INFO  impl.RoleInfo (RoleInfo.java:updateAndGet(143)) - decc5551-dd4b-40dc-8ff5-b6b450d67f6f: start FollowerState
2019-10-17 07:10:44,177 [Thread-2452] INFO  impl.FollowerState (FollowerState.java:run(108)) - decc5551-dd4b-40dc-8ff5-b6b450d67f6f@group-42ACBF6EBE4E-FollowerState: change to CANDIDATE, lastRpcTime:45ms, electionTimeout:45ms
2019-10-17 07:10:44,177 [Thread-2452] INFO  impl.RoleInfo (RoleInfo.java:shutdownFollowerState(121)) - decc5551-dd4b-40dc-8ff5-b6b450d67f6f: shutdown FollowerState
2019-10-17 07:10:44,177 [Thread-2452] INFO  impl.RaftServerImpl (RaftServerImpl.java:setRole(184)) - decc5551-dd4b-40dc-8ff5-b6b450d67f6f@group-42ACBF6EBE4E: changes role from  FOLLOWER to CANDIDATE at term 164 for changeToCandidate
2019-10-17 07:10:44,177 [Thread-2452] INFO  impl.RoleInfo (RoleInfo.java:updateAndGet(143)) - decc5551-dd4b-40dc-8ff5-b6b450d67f6f: start LeaderElection
2019-10-17 07:10:44,187 [Thread-2445] INFO  impl.FollowerState (FollowerState.java:run(108)) - 5c4ee31d-c5ed-4c65-a5df-da3e3cf53ac2@group-233C052D78D6-FollowerState: change to CANDIDATE, lastRpcTime:180ms, electionTimeout:180ms
2019-10-17 07:10:44,187 [Thread-2445] INFO  impl.RoleInfo (RoleInfo.java:shutdownFollowerState(121)) - 5c4ee31d-c5ed-4c65-a5df-da3e3cf53ac2: shutdown FollowerState
2019-10-17 07:10:44,187 [Thread-2445] INFO  impl.RaftServerImpl (RaftServerImpl.java:setRole(184)) - 5c4ee31d-c5ed-4c65-a5df-da3e3cf53ac2@group-233C052D78D6: changes role from  FOLLOWER to CANDIDATE at term 163 for changeToCandidate
2019-10-17 07:10:44,188 [Thread-2445] INFO  impl.RoleInfo (RoleInfo.java:updateAndGet(143)) - 5c4ee31d-c5ed-4c65-a5df-da3e3cf53ac2: start LeaderElection
2019-10-17 07:10:44,191 [decc5551-dd4b-40dc-8ff5-b6b450d67f6f@group-42ACBF6EBE4E-LeaderElection308] INFO  impl.LeaderElection (LeaderElection.java:askForVotes(178)) - decc5551-dd4b-40dc-8ff5-b6b450d67f6f@group-42ACBF6EBE4E-LeaderElection308: begin an election at term 165 for -1: [215fceca-0555-458b-bc4f-ba38ff24d5ba:192.168.157.211:43803, decc5551-dd4b-40dc-8ff5-b6b450d67f6f:192.168.157.211:34435, 0c631657-10a5-4e2a-a322-8fc6c651b2ed:192.168.157.211:41694], old=null
2019-10-17 07:10:44,191 [5c4ee31d-c5ed-4c65-a5df-da3e3cf53ac2@group-233C052D78D6-LeaderElection309] INFO  impl.LeaderElection (LeaderElection.java:askForVotes(178)) - 5c4ee31d-c5ed-4c65-a5df-da3e3cf53ac2@group-233C052D78D6-LeaderElection309: begin an election at term 164 for -1: [67ae3572-7d88-4e50-b53b-0f48f6748b38:192.168.157.211:41299, 831edaa1-80a5-4091-843f-90c648a5a79d:192.168.157.211:44365, 5c4ee31d-c5ed-4c65-a5df-da3e3cf53ac2:192.168.157.211:45059], old=null
2019-10-17 07:10:44,194 [grpc-default-executor-9] INFO  impl.RaftServerImpl (RaftServerImpl.java:setRole(184)) - 215fceca-0555-458b-bc4f-ba38ff24d5ba@group-42ACBF6EBE4E: changes role from  FOLLOWER to FOLLOWER at term 165 for recognizeCandidate:decc5551-dd4b-40dc-8ff5-b6b450d67f6f
2019-10-17 07:10:44,194 [grpc-default-executor-9] INFO  impl.RoleInfo (RoleInfo.java:shutdownFollowerState(121)) - 215fceca-0555-458b-bc4f-ba38ff24d5ba: shutdown FollowerState
2019-10-17 07:10:44,194 [grpc-default-executor-3] INFO  impl.RaftServerImpl (RaftServerImpl.java:setRole(184)) - 831edaa1-80a5-4091-843f-90c648a5a79d@group-233C052D78D6: changes role from  FOLLOWER to FOLLOWER at term 164 for recognizeCandidate:5c4ee31d-c5ed-4c65-a5df-da3e3cf53ac2
2019-10-17 07:10:44,194 [grpc-default-executor-4] INFO  impl.RaftServerImpl (RaftServerImpl.java:setRole(184)) - 0c631657-10a5-4e2a-a322-8fc6c651b2ed@group-42ACBF6EBE4E: changes role from  FOLLOWER to FOLLOWER at term 165 for recognizeCandidate:decc5551-dd4b-40dc-8ff5-b6b450d67f6f
2019-10-17 07:10:44,194 [grpc-default-executor-4] INFO  impl.RoleInfo (RoleInfo.java:shutdownFollowerState(121)) - 0c631657-10a5-4e2a-a322-8fc6c651b2ed: shutdown FollowerState
2019-10-17 07:10:44,194 [grpc-default-executor-9] INFO  impl.RoleInfo (RoleInfo.java:updateAndGet(143)) - 215fceca-0555-458b-bc4f-ba38ff24d5ba: start FollowerState
2019-10-17 07:10:44,194 [Thread-2450] INFO  impl.FollowerState (FollowerState.java:run(117)) - 215fceca-0555-458b-bc4f-ba38ff24d5ba@group-42ACBF6EBE4E-FollowerState was interrupted: java.lang.InterruptedException: sleep interrupted
2019-10-17 07:10:44,195 [Thread-2449] INFO  impl.FollowerState (FollowerState.java:run(117)) - 0c631657-10a5-4e2a-a322-8fc6c651b2ed@group-42ACBF6EBE4E-FollowerState was interrupted: java.lang.InterruptedException: sleep interrupted
2019-10-17 07:10:44,195 [grpc-default-executor-4] INFO  impl.RoleInfo (RoleInfo.java:updateAndGet(143)) - 0c631657-10a5-4e2a-a322-8fc6c651b2ed: start FollowerState
2019-10-17 07:10:44,194 [grpc-default-executor-7] INFO  impl.RaftServerImpl (RaftServerImpl.java:setRole(184)) - 67ae3572-7d88-4e50-b53b-0f48f6748b38@group-233C052D78D6: changes role from  FOLLOWER to FOLLOWER at term 164 for recognizeCandidate:5c4ee31d-c5ed-4c65-a5df-da3e3cf53ac2
2019-10-17 07:10:44,195 [grpc-default-executor-7] INFO  impl.RoleInfo (RoleInfo.java:shutdownFollowerState(121)) - 67ae3572-7d88-4e50-b53b-0f48f6748b38: shutdown FollowerState
2019-10-17 07:10:44,194 [grpc-default-executor-3] INFO  impl.RoleInfo (RoleInfo.java:shutdownFollowerState(121)) - 831edaa1-80a5-4091-843f-90c648a5a79d: shutdown FollowerState
2019-10-17 07:10:44,196 [Thread-2441] INFO  impl.FollowerState (FollowerState.java:run(117)) - 67ae3572-7d88-4e50-b53b-0f48f6748b38@group-233C052D78D6-FollowerState was interrupted: java.lang.InterruptedException: sleep interrupted
2019-10-17 07:10:44,195 [grpc-default-executor-7] INFO  impl.RoleInfo (RoleInfo.java:updateAndGet(143)) - 67ae3572-7d88-4e50-b53b-0f48f6748b38: start FollowerState
2019-10-17 07:10:44,196 [Thread-2442] INFO  impl.FollowerState (FollowerState.java:run(117)) - 831edaa1-80a5-4091-843f-90c648a5a79d@group-233C052D78D6-FollowerState was interrupted: java.lang.InterruptedException: sleep interrupted
2019-10-17 07:10:44,196 [grpc-default-executor-3] INFO  impl.RoleInfo (RoleInfo.java:updateAndGet(143)) - 831edaa1-80a5-4091-843f-90c648a5a79d: start FollowerState
2019-10-17 07:10:44,207 [5c4ee31d-c5ed-4c65-a5df-da3e3cf53ac2@group-233C052D78D6-LeaderElection309] INFO  impl.LeaderElection (LeaderElection.java:logAndReturn(56)) - 5c4ee31d-c5ed-4c65-a5df-da3e3cf53ac2@group-233C052D78D6-LeaderElection309: Election REJECTED; received 2 response(s) [5c4ee31d-c5ed-4c65-a5df-da3e3cf53ac2<-67ae3572-7d88-4e50-b53b-0f48f6748b38#0:FAIL-t164, 5c4ee31d-c5ed-4c65-a5df-da3e3cf53ac2<-831edaa1-80a5-4091-843f-90c648a5a79d#0:FAIL-t164] and 0 exception(s); 5c4ee31d-c5ed-4c65-a5df-da3e3cf53ac2@group-233C052D78D6:t164, leader=null, voted=5c4ee31d-c5ed-4c65-a5df-da3e3cf53ac2, raftlog=5c4ee31d-c5ed-4c65-a5df-da3e3cf53ac2@group-233C052D78D6-SegmentedRaftLog:OPENED:c-1,f-1,i0, conf=-1: [67ae3572-7d88-4e50-b53b-0f48f6748b38:192.168.157.211:41299, 831edaa1-80a5-4091-843f-90c648a5a79d:192.168.157.211:44365, 5c4ee31d-c5ed-4c65-a5df-da3e3cf53ac2:192.168.157.211:45059], old=null
2019-10-17 07:10:44,207 [decc5551-dd4b-40dc-8ff5-b6b450d67f6f@group-42ACBF6EBE4E-LeaderElection308] INFO  impl.LeaderElection (LeaderElection.java:logAndReturn(56)) - decc5551-dd4b-40dc-8ff5-b6b450d67f6f@group-42ACBF6EBE4E-LeaderElection308: Election REJECTED; received 2 response(s) [decc5551-dd4b-40dc-8ff5-b6b450d67f6f<-215fceca-0555-458b-bc4f-ba38ff24d5ba#0:FAIL-t165, decc5551-dd4b-40dc-8ff5-b6b450d67f6f<-0c631657-10a5-4e2a-a322-8fc6c651b2ed#0:FAIL-t165] and 0 exception(s); decc5551-dd4b-40dc-8ff5-b6b450d67f6f@group-42ACBF6EBE4E:t165, leader=null, voted=decc5551-dd4b-40dc-8ff5-b6b450d67f6f, raftlog=decc5551-dd4b-40dc-8ff5-b6b450d67f6f@group-42ACBF6EBE4E-SegmentedRaftLog:OPENED:c-1,f-1,i0, conf=-1: [215fceca-0555-458b-bc4f-ba38ff24d5ba:192.168.157.211:43803, decc5551-dd4b-40dc-8ff5-b6b450d67f6f:192.168.157.211:34435, 0c631657-10a5-4e2a-a322-8fc6c651b2ed:192.168.157.211:41694], old=null
2019-10-17 07:10:44,207 [5c4ee31d-c5ed-4c65-a5df-da3e3cf53ac2@group-233C052D78D6-LeaderElection309] INFO  impl.RaftServerImpl (RaftServerImpl.java:setRole(184)) - 5c4ee31d-c5ed-4c65-a5df-da3e3cf53ac2@group-233C052D78D6: changes role from CANDIDATE to FOLLOWER at term 164 for DISCOVERED_A_NEW_TERM
2019-10-17 07:10:44,208 [decc5551-dd4b-40dc-8ff5-b6b450d67f6f@group-42ACBF6EBE4E-LeaderElection308] INFO  impl.RaftServerImpl (RaftServerImpl.java:setRole(184)) - decc5551-dd4b-40dc-8ff5-b6b450d67f6f@group-42ACBF6EBE4E: changes role from CANDIDATE to FOLLOWER at term 165 for DISCOVERED_A_NEW_TERM
2019-10-17 07:10:44,208 [5c4ee31d-c5ed-4c65-a5df-da3e3cf53ac2@group-233C052D78D6-LeaderElection309] INFO  impl.RoleInfo (RoleInfo.java:shutdownLeaderElection(134)) - 5c4ee31d-c5ed-4c65-a5df-da3e3cf53ac2: shutdown LeaderElection
2019-10-17 07:10:44,208 [decc5551-dd4b-40dc-8ff5-b6b450d67f6f@group-42ACBF6EBE4E-LeaderElection308] INFO  impl.RoleInfo (RoleInfo.java:shutdownLeaderElection(134)) - decc5551-dd4b-40dc-8ff5-b6b450d67f6f: shutdown LeaderElection
2019-10-17 07:10:44,208 [5c4ee31d-c5ed-4c65-a5df-da3e3cf53ac2@group-233C052D78D6-LeaderElection309] INFO  impl.RoleInfo (RoleInfo.java:updateAndGet(143)) - 5c4ee31d-c5ed-4c65-a5df-da3e3cf53ac2: start FollowerState
2019-10-17 07:10:44,208 [decc5551-dd4b-40dc-8ff5-b6b450d67f6f@group-42ACBF6EBE4E-LeaderElection308] INFO  impl.RoleInfo (RoleInfo.java:updateAndGet(143)) - decc5551-dd4b-40dc-8ff5-b6b450d67f6f: start FollowerState
2019-10-17 07:10:44,327 [Thread-2464] INFO  impl.FollowerState (FollowerState.java:run(108)) - decc5551-dd4b-40dc-8ff5-b6b450d67f6f@group-42ACBF6EBE4E-FollowerState: change to CANDIDATE, lastRpcTime:119ms, electionTimeout:119ms
2019-10-17 07:10:44,328 [Thread-2464] INFO  impl.RoleInfo (RoleInfo.java:shutdownFollowerState(121)) - decc5551-dd4b-40dc-8ff5-b6b450d67f6f: shutdown FollowerState
2019-10-17 07:10:44,328 [Thread-2464] INFO  impl.RaftServerImpl (RaftServerImpl.java:setRole(184)) - decc5551-dd4b-40dc-8ff5-b6b450d67f6f@group-42ACBF6EBE4E: changes role from  FOLLOWER to CANDIDATE at term 165 for changeToCandidate
2019-10-17 07:10:44,328 [Thread-2464] INFO  impl.RoleInfo (RoleInfo.java:updateAndGet(143)) - decc5551-dd4b-40dc-8ff5-b6b450d67f6f: start LeaderElection
2019-10-17 07:10:44,354 [decc5551-dd4b-40dc-8ff5-b6b450d67f6f@group-42ACBF6EBE4E-LeaderElection310] INFO  impl.LeaderElection (LeaderElection.java:askForVotes(178)) - decc5551-dd4b-40dc-8ff5-b6b450d67f6f@group-42ACBF6EBE4E-LeaderElection310: begin an election at term 166 for -1: [215fceca-0555-458b-bc4f-ba38ff24d5ba:192.168.157.211:43803, decc5551-dd4b-40dc-8ff5-b6b450d67f6f:192.168.157.211:34435, 0c631657-10a5-4e2a-a322-8fc6c651b2ed:192.168.157.211:41694], old=null
2019-10-17 07:10:44,356 [grpc-default-executor-9] INFO  impl.RaftServerImpl (RaftServerImpl.java:setRole(184)) - 215fceca-0555-458b-bc4f-ba38ff24d5ba@group-42ACBF6EBE4E: changes role from  FOLLOWER to FOLLOWER at term 166 for recognizeCandidate:decc5551-dd4b-40dc-8ff5-b6b450d67f6f
2019-10-17 07:10:44,357 [grpc-default-executor-9] INFO  impl.RoleInfo (RoleInfo.java:shutdownFollowerState(121)) - 215fceca-0555-458b-bc4f-ba38ff24d5ba: shutdown FollowerState
2019-10-17 07:10:44,357 [grpc-default-executor-9] INFO  impl.RoleInfo (RoleInfo.java:updateAndGet(143)) - 215fceca-0555-458b-bc4f-ba38ff24d5ba: start FollowerState
2019-10-17 07:10:44,357 [Thread-2459] INFO  impl.FollowerState (FollowerState.java:run(117)) - 215fceca-0555-458b-bc4f-ba38ff24d5ba@group-42ACBF6EBE4E-FollowerState was interrupted: java.lang.InterruptedException: sleep interrupted
2019-10-17 07:10:44,357 [grpc-default-executor-4] INFO  impl.RaftServerImpl (RaftServerImpl.java:setRole(184)) - 0c631657-10a5-4e2a-a322-8fc6c651b2ed@group-42ACBF6EBE4E: changes role from  FOLLOWER to FOLLOWER at term 166 for recognizeCandidate:decc5551-dd4b-40dc-8ff5-b6b450d67f6f
2019-10-17 07:10:44,357 [grpc-default-executor-4] INFO  impl.RoleInfo (RoleInfo.java:shutdownFollowerState(121)) - 0c631657-10a5-4e2a-a322-8fc6c651b2ed: shutdown FollowerState
2019-10-17 07:10:44,357 [grpc-default-executor-4] INFO  impl.RoleInfo (RoleInfo.java:updateAndGet(143)) - 0c631657-10a5-4e2a-a322-8fc6c651b2ed: start FollowerState
2019-10-17 07:10:44,357 [Thread-2460] INFO  impl.FollowerState (FollowerState.java:run(117)) - 0c631657-10a5-4e2a-a322-8fc6c651b2ed@group-42ACBF6EBE4E-FollowerState was interrupted: java.lang.InterruptedException: sleep interrupted
2019-10-17 07:10:44,368 [Thread-2463] INFO  impl.FollowerState (FollowerState.java:run(108)) - 5c4ee31d-c5ed-4c65-a5df-da3e3cf53ac2@group-233C052D78D6-FollowerState: change to CANDIDATE, lastRpcTime:160ms, electionTimeout:160ms
2019-10-17 07:10:44,368 [Thread-2463] INFO  impl.RoleInfo (RoleInfo.java:shutdownFollowerState(121)) - 5c4ee31d-c5ed-4c65-a5df-da3e3cf53ac2: shutdown FollowerState
2019-10-17 07:10:44,369 [Thread-2463] INFO  impl.RaftServerImpl (RaftServerImpl.java:setRole(184)) - 5c4ee31d-c5ed-4c65-a5df-da3e3cf53ac2@group-233C052D78D6: changes role from  FOLLOWER to CANDIDATE at term 164 for changeToCandidate
2019-10-17 07:10:44,369 [Thread-2463] INFO  impl.RoleInfo (RoleInfo.java:updateAndGet(143)) - 5c4ee31d-c5ed-4c65-a5df-da3e3cf53ac2: start LeaderElection
2019-10-17 07:10:44,383 [decc5551-dd4b-40dc-8ff5-b6b450d67f6f@group-42ACBF6EBE4E-LeaderElection310] INFO  impl.LeaderElection (LeaderElection.java:logAndReturn(56)) - decc5551-dd4b-40dc-8ff5-b6b450d67f6f@group-42ACBF6EBE4E-LeaderElection310: Election REJECTED; received 2 response(s) [decc5551-dd4b-40dc-8ff5-b6b450d67f6f<-215fceca-0555-458b-bc4f-ba38ff24d5ba#0:FAIL-t166, decc5551-dd4b-40dc-8ff5-b6b450d67f6f<-0c631657-10a5-4e2a-a322-8fc6c651b2ed#0:FAIL-t166] and 0 exception(s); decc5551-dd4b-40dc-8ff5-b6b450d67f6f@group-42ACBF6EBE4E:t166, leader=null, voted=decc5551-dd4b-40dc-8ff5-b6b450d67f6f, raftlog=decc5551-dd4b-40dc-8ff5-b6b450d67f6f@group-42ACBF6EBE4E-SegmentedRaftLog:OPENED:c-1,f-1,i0, conf=-1: [215fceca-0555-458b-bc4f-ba38ff24d5ba:192.168.157.211:43803, decc5551-dd4b-40dc-8ff5-b6b450d67f6f:192.168.157.211:34435, 0c631657-10a5-4e2a-a322-8fc6c651b2ed:192.168.157.211:41694], old=null
2019-10-17 07:10:44,383 [decc5551-dd4b-40dc-8ff5-b6b450d67f6f@group-42ACBF6EBE4E-LeaderElection310] INFO  impl.RaftServerImpl (RaftServerImpl.java:setRole(184)) - decc5551-dd4b-40dc-8ff5-b6b450d67f6f@group-42ACBF6EBE4E: changes role from CANDIDATE to FOLLOWER at term 166 for DISCOVERED_A_NEW_TERM
2019-10-17 07:10:44,383 [decc5551-dd4b-40dc-8ff5-b6b450d67f6f@group-42ACBF6EBE4E-LeaderElection310] INFO  impl.RoleInfo (RoleInfo.java:shutdownLeaderElection(134)) - decc5551-dd4b-40dc-8ff5-b6b450d67f6f: shutdown LeaderElection
2019-10-17 07:10:44,383 [decc5551-dd4b-40dc-8ff5-b6b450d67f6f@group-42ACBF6EBE4E-LeaderElection310] INFO  impl.RoleInfo (RoleInfo.java:updateAndGet(143)) - decc5551-dd4b-40dc-8ff5-b6b450d67f6f: start FollowerState
2019-10-17 07:10:44,386 [5c4ee31d-c5ed-4c65-a5df-da3e3cf53ac2@group-233C052D78D6-LeaderElection311] INFO  impl.LeaderElection (LeaderElection.java:askForVotes(178)) - 5c4ee31d-c5ed-4c65-a5df-da3e3cf53ac2@group-233C052D78D6-LeaderElection311: begin an election at term 165 for -1: [67ae3572-7d88-4e50-b53b-0f48f6748b38:192.168.157.211:41299, 831edaa1-80a5-4091-843f-90c648a5a79d:192.168.157.211:44365, 5c4ee31d-c5ed-4c65-a5df-da3e3cf53ac2:192.168.157.211:45059], old=null
2019-10-17 07:10:44,387 [grpc-default-executor-4] INFO  impl.RaftServerImpl (RaftServerImpl.java:setRole(184)) - 67ae3572-7d88-4e50-b53b-0f48f6748b38@group-233C052D78D6: changes role from  FOLLOWER to FOLLOWER at term 165 for recognizeCandidate:5c4ee31d-c5ed-4c65-a5df-da3e3cf53ac2
2019-10-17 07:10:44,387 [grpc-default-executor-4] INFO  impl.RoleInfo (RoleInfo.java:shutdownFollowerState(121)) - 67ae3572-7d88-4e50-b53b-0f48f6748b38: shutdown FollowerState
2019-10-17 07:10:44,387 [grpc-default-executor-4] INFO  impl.RoleInfo (RoleInfo.java:updateAndGet(143)) - 67ae3572-7d88-4e50-b53b-0f48f6748b38: start FollowerState
2019-10-17 07:10:44,388 [Thread-2461] INFO  impl.FollowerState (FollowerState.java:run(117)) - 67ae3572-7d88-4e50-b53b-0f48f6748b38@group-233C052D78D6-FollowerState was interrupted: java.lang.InterruptedException: sleep interrupted
2019-10-17 07:10:44,388 [grpc-default-executor-9] INFO  impl.RaftServerImpl (RaftServerImpl.java:setRole(184)) - 831edaa1-80a5-4091-843f-90c648a5a79d@group-233C052D78D6: changes role from  FOLLOWER to FOLLOWER at term 165 for recognizeCandidate:5c4ee31d-c5ed-4c65-a5df-da3e3cf53ac2
2019-10-17 07:10:44,388 [grpc-default-executor-9] INFO  impl.RoleInfo (RoleInfo.java:shutdownFollowerState(121)) - 831edaa1-80a5-4091-843f-90c648a5a79d: shutdown FollowerState
2019-10-17 07:10:44,388 [grpc-default-executor-9] INFO  impl.RoleInfo (RoleInfo.java:updateAndGet(143)) - 831edaa1-80a5-4091-843f-90c648a5a79d: start FollowerState
2019-10-17 07:10:44,388 [Thread-2462] INFO  impl.FollowerState (FollowerState.java:run(117)) - 831edaa1-80a5-4091-843f-90c648a5a79d@group-233C052D78D6-FollowerState was interrupted: java.lang.InterruptedException: sleep interrupted
2019-10-17 07:10:44,413 [5c4ee31d-c5ed-4c65-a5df-da3e3cf53ac2@group-233C052D78D6-LeaderElection311] INFO  impl.LeaderElection (LeaderElection.java:logAndReturn(56)) - 5c4ee31d-c5ed-4c65-a5df-da3e3cf53ac2@group-233C052D78D6-LeaderElection311: Election REJECTED; received 2 response(s) [5c4ee31d-c5ed-4c65-a5df-da3e3cf53ac2<-67ae3572-7d88-4e50-b53b-0f48f6748b38#0:FAIL-t165, 5c4ee31d-c5ed-4c65-a5df-da3e3cf53ac2<-831edaa1-80a5-4091-843f-90c648a5a79d#0:FAIL-t165] and 0 exception(s); 5c4ee31d-c5ed-4c65-a5df-da3e3cf53ac2@group-233C052D78D6:t165, leader=null, voted=5c4ee31d-c5ed-4c65-a5df-da3e3cf53ac2, raftlog=5c4ee31d-c5ed-4c65-a5df-da3e3cf53ac2@group-233C052D78D6-SegmentedRaftLog:OPENED:c-1,f-1,i0, conf=-1: [67ae3572-7d88-4e50-b53b-0f48f6748b38:192.168.157.211:41299, 831edaa1-80a5-4091-843f-90c648a5a79d:192.168.157.211:44365, 5c4ee31d-c5ed-4c65-a5df-da3e3cf53ac2:192.168.157.211:45059], old=null
2019-10-17 07:10:44,413 [5c4ee31d-c5ed-4c65-a5df-da3e3cf53ac2@group-233C052D78D6-LeaderElection311] INFO  impl.RaftServerImpl (RaftServerImpl.java:setRole(184)) - 5c4ee31d-c5ed-4c65-a5df-da3e3cf53ac2@group-233C052D78D6: changes role from CANDIDATE to FOLLOWER at term 165 for DISCOVERED_A_NEW_TERM
2019-10-17 07:10:44,413 [5c4ee31d-c5ed-4c65-a5df-da3e3cf53ac2@group-233C052D78D6-LeaderElection311] INFO  impl.RoleInfo (RoleInfo.java:shutdownLeaderElection(134)) - 5c4ee31d-c5ed-4c65-a5df-da3e3cf53ac2: shutdown LeaderElection
2019-10-17 07:10:44,414 [5c4ee31d-c5ed-4c65-a5df-da3e3cf53ac2@group-233C052D78D6-LeaderElection311] INFO  impl.RoleInfo (RoleInfo.java:updateAndGet(143)) - 5c4ee31d-c5ed-4c65-a5df-da3e3cf53ac2: start FollowerState
2019-10-17 07:10:44,503 [Thread-2476] INFO  impl.FollowerState (FollowerState.java:run(108)) - 5c4ee31d-c5ed-4c65-a5df-da3e3cf53ac2@group-233C052D78D6-FollowerState: change to CANDIDATE, lastRpcTime:89ms, electionTimeout:89ms
2019-10-17 07:10:44,503 [Thread-2476] INFO  impl.RoleInfo (RoleInfo.java:shutdownFollowerState(121)) - 5c4ee31d-c5ed-4c65-a5df-da3e3cf53ac2: shutdown FollowerState
2019-10-17 07:10:44,503 [Thread-2476] INFO  impl.RaftServerImpl (RaftServerImpl.java:setRole(184)) - 5c4ee31d-c5ed-4c65-a5df-da3e3cf53ac2@group-233C052D78D6: changes role from  FOLLOWER to CANDIDATE at term 165 for changeToCandidate
2019-10-17 07:10:44,504 [Thread-2476] INFO  impl.RoleInfo (RoleInfo.java:updateAndGet(143)) - 5c4ee31d-c5ed-4c65-a5df-da3e3cf53ac2: start LeaderElection
2019-10-17 07:10:44,507 [Thread-2471] INFO  impl.FollowerState (FollowerState.java:run(108)) - decc5551-dd4b-40dc-8ff5-b6b450d67f6f@group-42ACBF6EBE4E-FollowerState: change to CANDIDATE, lastRpcTime:123ms, electionTimeout:123ms
2019-10-17 07:10:44,507 [Thread-2471] INFO  impl.RoleInfo (RoleInfo.java:shutdownFollowerState(121)) - decc5551-dd4b-40dc-8ff5-b6b450d67f6f: shutdown FollowerState
2019-10-17 07:10:44,507 [Thread-2471] INFO  impl.RaftServerImpl (RaftServerImpl.java:setRole(184)) - decc5551-dd4b-40dc-8ff5-b6b450d67f6f@group-42ACBF6EBE4E: changes role from  FOLLOWER to CANDIDATE at term 166 for changeToCandidate
2019-10-17 07:10:44,507 [Thread-2471] INFO  impl.RoleInfo (RoleInfo.java:updateAndGet(143)) - decc5551-dd4b-40dc-8ff5-b6b450d67f6f: start LeaderElection
2019-10-17 07:10:44,518 [decc5551-dd4b-40dc-8ff5-b6b450d67f6f@group-42ACBF6EBE4E-LeaderElection313] INFO  impl.LeaderElection (LeaderElection.java:askForVotes(178)) - decc5551-dd4b-40dc-8ff5-b6b450d67f6f@group-42ACBF6EBE4E-LeaderElection313: begin an election at term 167 for -1: [215fceca-0555-458b-bc4f-ba38ff24d5ba:192.168.157.211:43803, decc5551-dd4b-40dc-8ff5-b6b450d67f6f:192.168.157.211:34435, 0c631657-10a5-4e2a-a322-8fc6c651b2ed:192.168.157.211:41694], old=null
2019-10-17 07:10:44,518 [5c4ee31d-c5ed-4c65-a5df-da3e3cf53ac2@group-233C052D78D6-LeaderElection312] INFO  impl.LeaderElection (LeaderElection.java:askForVotes(178)) - 5c4ee31d-c5ed-4c65-a5df-da3e3cf53ac2@group-233C052D78D6-LeaderElection312: begin an election at term 166 for -1: [67ae3572-7d88-4e50-b53b-0f48f6748b38:192.168.157.211:41299, 831edaa1-80a5-4091-843f-90c648a5a79d:192.168.157.211:44365, 5c4ee31d-c5ed-4c65-a5df-da3e3cf53ac2:192.168.157.211:45059], old=null
2019-10-17 07:10:44,521 [grpc-default-executor-4] INFO  impl.RaftServerImpl (RaftServerImpl.java:setRole(184)) - 0c631657-10a5-4e2a-a322-8fc6c651b2ed@group-42ACBF6EBE4E: changes role from  FOLLOWER to FOLLOWER at term 167 for recognizeCandidate:decc5551-dd4b-40dc-8ff5-b6b450d67f6f
2019-10-17 07:10:44,521 [grpc-default-executor-4] INFO  impl.RoleInfo (RoleInfo.java:shutdownFollowerState(121)) - 0c631657-10a5-4e2a-a322-8fc6c651b2ed: shutdown FollowerState
2019-10-17 07:10:44,521 [grpc-default-executor-9] INFO  impl.RaftServerImpl (RaftServerImpl.java:setRole(184)) - 67ae3572-7d88-4e50-b53b-0f48f6748b38@group-233C052D78D6: changes role from  FOLLOWER to FOLLOWER at term 166 for recognizeCandidate:5c4ee31d-c5ed-4c65-a5df-da3e3cf53ac2
2019-10-17 07:10:44,521 [grpc-default-executor-3] INFO  impl.RaftServerImpl (RaftServerImpl.java:setRole(184)) - 831edaa1-80a5-4091-843f-90c648a5a79d@group-233C052D78D6: changes role from  FOLLOWER to FOLLOWER at term 166 for recognizeCandidate:5c4ee31d-c5ed-4c65-a5df-da3e3cf53ac2
2019-10-17 07:10:44,521 [grpc-default-executor-9] INFO  impl.RoleInfo (RoleInfo.java:shutdownFollowerState(121)) - 67ae3572-7d88-4e50-b53b-0f48f6748b38: shutdown FollowerState
2019-10-17 07:10:44,521 [Thread-2469] INFO  impl.FollowerState (FollowerState.java:run(117)) - 0c631657-10a5-4e2a-a322-8fc6c651b2ed@group-42ACBF6EBE4E-FollowerState was interrupted: java.lang.InterruptedException: sleep interrupted
2019-10-17 07:10:44,522 [Thread-2474] INFO  impl.FollowerState (FollowerState.java:run(117)) - 67ae3572-7d88-4e50-b53b-0f48f6748b38@group-233C052D78D6-FollowerState was interrupted: java.lang.InterruptedException: sleep interrupted
2019-10-17 07:10:44,521 [grpc-default-executor-4] INFO  impl.RoleInfo (RoleInfo.java:updateAndGet(143)) - 0c631657-10a5-4e2a-a322-8fc6c651b2ed: start FollowerState
2019-10-17 07:10:44,521 [grpc-default-executor-7] INFO  impl.RaftServerImpl (RaftServerImpl.java:setRole(184)) - 215fceca-0555-458b-bc4f-ba38ff24d5ba@group-42ACBF6EBE4E: changes role from  FOLLOWER to FOLLOWER at term 167 for recognizeCandidate:decc5551-dd4b-40dc-8ff5-b6b450d67f6f
2019-10-17 07:10:44,522 [grpc-default-executor-7] INFO  impl.RoleInfo (RoleInfo.java:shutdownFollowerState(121)) - 215fceca-0555-458b-bc4f-ba38ff24d5ba: shutdown FollowerState
2019-10-17 07:10:44,522 [grpc-default-executor-9] INFO  impl.RoleInfo (RoleInfo.java:updateAndGet(143)) - 67ae3572-7d88-4e50-b53b-0f48f6748b38: start FollowerState
2019-10-17 07:10:44,522 [grpc-default-executor-3] INFO  impl.RoleInfo (RoleInfo.java:shutdownFollowerState(121)) - 831edaa1-80a5-4091-843f-90c648a5a79d: shutdown FollowerState
2019-10-17 07:10:44,523 [Thread-2468] INFO  impl.FollowerState (FollowerState.java:run(117)) - 215fceca-0555-458b-bc4f-ba38ff24d5ba@group-42ACBF6EBE4E-FollowerState was interrupted: java.lang.InterruptedException: sleep interrupted
2019-10-17 07:10:44,523 [grpc-default-executor-7] INFO  impl.RoleInfo (RoleInfo.java:updateAndGet(143)) - 215fceca-0555-458b-bc4f-ba38ff24d5ba: start FollowerState
2019-10-17 07:10:44,523 [Thread-2475] INFO  impl.FollowerState (FollowerState.java:run(117)) - 831edaa1-80a5-4091-843f-90c648a5a79d@group-233C052D78D6-FollowerState was interrupted: java.lang.InterruptedException: sleep interrupted
2019-10-17 07:10:44,523 [grpc-default-executor-3] INFO  impl.RoleInfo (RoleInfo.java:updateAndGet(143)) - 831edaa1-80a5-4091-843f-90c648a5a79d: start FollowerState
2019-10-17 07:10:44,531 [5c4ee31d-c5ed-4c65-a5df-da3e3cf53ac2@group-233C052D78D6-LeaderElection312] INFO  impl.LeaderElection (LeaderElection.java:logAndReturn(56)) - 5c4ee31d-c5ed-4c65-a5df-da3e3cf53ac2@group-233C052D78D6-LeaderElection312: Election TIMEOUT; received 0 response(s) [] and 0 exception(s); 5c4ee31d-c5ed-4c65-a5df-da3e3cf53ac2@group-233C052D78D6:t166, leader=null, voted=5c4ee31d-c5ed-4c65-a5df-da3e3cf53ac2, raftlog=5c4ee31d-c5ed-4c65-a5df-da3e3cf53ac2@group-233C052D78D6-SegmentedRaftLog:OPENED:c-1,f-1,i0, conf=-1: [67ae3572-7d88-4e50-b53b-0f48f6748b38:192.168.157.211:41299, 831edaa1-80a5-4091-843f-90c648a5a79d:192.168.157.211:44365, 5c4ee31d-c5ed-4c65-a5df-da3e3cf53ac2:192.168.157.211:45059], old=null
2019-10-17 07:10:44,536 [5c4ee31d-c5ed-4c65-a5df-da3e3cf53ac2@group-233C052D78D6-LeaderElection312] INFO  impl.LeaderElection (LeaderElection.java:askForVotes(178)) - 5c4ee31d-c5ed-4c65-a5df-da3e3cf53ac2@group-233C052D78D6-LeaderElection312: begin an election at term 167 for -1: [67ae3572-7d88-4e50-b53b-0f48f6748b38:192.168.157.211:41299, 831edaa1-80a5-4091-843f-90c648a5a79d:192.168.157.211:44365, 5c4ee31d-c5ed-4c65-a5df-da3e3cf53ac2:192.168.157.211:45059], old=null
2019-10-17 07:10:44,537 [decc5551-dd4b-40dc-8ff5-b6b450d67f6f@group-42ACBF6EBE4E-LeaderElection313] INFO  impl.LeaderElection (LeaderElection.java:logAndReturn(56)) - decc5551-dd4b-40dc-8ff5-b6b450d67f6f@group-42ACBF6EBE4E-LeaderElection313: Election REJECTED; received 2 response(s) [decc5551-dd4b-40dc-8ff5-b6b450d67f6f<-215fceca-0555-458b-bc4f-ba38ff24d5ba#0:FAIL-t167, decc5551-dd4b-40dc-8ff5-b6b450d67f6f<-0c631657-10a5-4e2a-a322-8fc6c651b2ed#0:FAIL-t167] and 0 exception(s); decc5551-dd4b-40dc-8ff5-b6b450d67f6f@group-42ACBF6EBE4E:t167, leader=null, voted=decc5551-dd4b-40dc-8ff5-b6b450d67f6f, raftlog=decc5551-dd4b-40dc-8ff5-b6b450d67f6f@group-42ACBF6EBE4E-SegmentedRaftLog:OPENED:c-1,f-1,i0, conf=-1: [215fceca-0555-458b-bc4f-ba38ff24d5ba:192.168.157.211:43803, decc5551-dd4b-40dc-8ff5-b6b450d67f6f:192.168.157.211:34435, 0c631657-10a5-4e2a-a322-8fc6c651b2ed:192.168.157.211:41694], old=null
2019-10-17 07:10:44,537 [decc5551-dd4b-40dc-8ff5-b6b450d67f6f@group-42ACBF6EBE4E-LeaderElection313] INFO  impl.RaftServerImpl (RaftServerImpl.java:setRole(184)) - decc5551-dd4b-40dc-8ff5-b6b450d67f6f@group-42ACBF6EBE4E: changes role from CANDIDATE to FOLLOWER at term 167 for DISCOVERED_A_NEW_TERM
2019-10-17 07:10:44,537 [decc5551-dd4b-40dc-8ff5-b6b450d67f6f@group-42ACBF6EBE4E-LeaderElection313] INFO  impl.RoleInfo (RoleInfo.java:shutdownLeaderElection(134)) - decc5551-dd4b-40dc-8ff5-b6b450d67f6f: shutdown LeaderElection
2019-10-17 07:10:44,537 [decc5551-dd4b-40dc-8ff5-b6b450d67f6f@group-42ACBF6EBE4E-LeaderElection313] INFO  impl.RoleInfo (RoleInfo.java:updateAndGet(143)) - decc5551-dd4b-40dc-8ff5-b6b450d67f6f: start FollowerState
2019-10-17 07:10:44,537 [grpc-default-executor-7] INFO  impl.RaftServerImpl (RaftServerImpl.java:setRole(184)) - 67ae3572-7d88-4e50-b53b-0f48f6748b38@group-233C052D78D6: changes role from  FOLLOWER to FOLLOWER at term 167 for recognizeCandidate:5c4ee31d-c5ed-4c65-a5df-da3e3cf53ac2
2019-10-17 07:10:44,538 [grpc-default-executor-7] INFO  impl.RoleInfo (RoleInfo.java:shutdownFollowerState(121)) - 67ae3572-7d88-4e50-b53b-0f48f6748b38: shutdown FollowerState
2019-10-17 07:10:44,538 [grpc-default-executor-7] INFO  impl.RoleInfo (RoleInfo.java:updateAndGet(143)) - 67ae3572-7d88-4e50-b53b-0f48f6748b38: start FollowerState
2019-10-17 07:10:44,538 [Thread-2484] INFO  impl.FollowerState (FollowerState.java:run(117)) - 67ae3572-7d88-4e50-b53b-0f48f6748b38@group-233C052D78D6-FollowerState was interrupted: java.lang.InterruptedException: sleep interrupted
2019-10-17 07:10:44,538 [grpc-default-executor-9] INFO  impl.RaftServerImpl (RaftServerImpl.java:setRole(184)) - 831edaa1-80a5-4091-843f-90c648a5a79d@group-233C052D78D6: changes role from  FOLLOWER to FOLLOWER at term 167 for recognizeCandidate:5c4ee31d-c5ed-4c65-a5df-da3e3cf53ac2
2019-10-17 07:10:44,538 [grpc-default-executor-9] INFO  impl.RoleInfo (RoleInfo.java:shutdownFollowerState(121)) - 831edaa1-80a5-4091-843f-90c648a5a79d: shutdown FollowerState
2019-10-17 07:10:44,539 [grpc-default-executor-9] INFO  impl.RoleInfo (RoleInfo.java:updateAndGet(143)) - 831edaa1-80a5-4091-843f-90c648a5a79d: start FollowerState
2019-10-17 07:10:44,539 [Thread-2486] INFO  impl.FollowerState (FollowerState.java:run(117)) - 831edaa1-80a5-4091-843f-90c648a5a79d@group-233C052D78D6-FollowerState was interrupted: java.lang.InterruptedException: sleep interrupted
2019-10-17 07:10:44,564 [5c4ee31d-c5ed-4c65-a5df-da3e3cf53ac2@group-233C052D78D6-LeaderElection312] INFO  impl.LeaderElection (LeaderElection.java:logAndReturn(56)) - 5c4ee31d-c5ed-4c65-a5df-da3e3cf53ac2@group-233C052D78D6-LeaderElection312: Election REJECTED; received 2 response(s) [5c4ee31d-c5ed-4c65-a5df-da3e3cf53ac2<-67ae3572-7d88-4e50-b53b-0f48f6748b38#0:FAIL-t167, 5c4ee31d-c5ed-4c65-a5df-da3e3cf53ac2<-831edaa1-80a5-4091-843f-90c648a5a79d#0:FAIL-t167] and 0 exception(s); 5c4ee31d-c5ed-4c65-a5df-da3e3cf53ac2@group-233C052D78D6:t167, leader=null, voted=5c4ee31d-c5ed-4c65-a5df-da3e3cf53ac2, raftlog=5c4ee31d-c5ed-4c65-a5df-da3e3cf53ac2@group-233C052D78D6-SegmentedRaftLog:OPENED:c-1,f-1,i0, conf=-1: [67ae3572-7d88-4e50-b53b-0f48f6748b38:192.168.157.211:41299, 831edaa1-80a5-4091-843f-90c648a5a79d:192.168.157.211:44365, 5c4ee31d-c5ed-4c65-a5df-da3e3cf53ac2:192.168.157.211:45059], old=null
2019-10-17 07:10:44,564 [5c4ee31d-c5ed-4c65-a5df-da3e3cf53ac2@group-233C052D78D6-LeaderElection312] INFO  impl.RaftServerImpl (RaftServerImpl.java:setRole(184)) - 5c4ee31d-c5ed-4c65-a5df-da3e3cf53ac2@group-233C052D78D6: changes role from CANDIDATE to FOLLOWER at term 167 for DISCOVERED_A_NEW_TERM
2019-10-17 07:10:44,564 [5c4ee31d-c5ed-4c65-a5df-da3e3cf53ac2@group-233C052D78D6-LeaderElection312] INFO  impl.RoleInfo (RoleInfo.java:shutdownLeaderElection(134)) - 5c4ee31d-c5ed-4c65-a5df-da3e3cf53ac2: shutdown LeaderElection
2019-10-17 07:10:44,564 [5c4ee31d-c5ed-4c65-a5df-da3e3cf53ac2@group-233C052D78D6-LeaderElection312] INFO  impl.RoleInfo (RoleInfo.java:updateAndGet(143)) - 5c4ee31d-c5ed-4c65-a5df-da3e3cf53ac2: start FollowerState
2019-10-17 07:10:44,569 [Thread-2489] INFO  impl.FollowerState (FollowerState.java:run(108)) - decc5551-dd4b-40dc-8ff5-b6b450d67f6f@group-42ACBF6EBE4E-FollowerState: change to CANDIDATE, lastRpcTime:31ms, electionTimeout:31ms
2019-10-17 07:10:44,569 [Thread-2489] INFO  impl.RoleInfo (RoleInfo.java:shutdownFollowerState(121)) - decc5551-dd4b-40dc-8ff5-b6b450d67f6f: shutdown FollowerState
2019-10-17 07:10:44,569 [Thread-2489] INFO  impl.RaftServerImpl (RaftServerImpl.java:setRole(184)) - decc5551-dd4b-40dc-8ff5-b6b450d67f6f@group-42ACBF6EBE4E: changes role from  FOLLOWER to CANDIDATE at term 167 for changeToCandidate
2019-10-17 07:10:44,569 [Thread-2489] INFO  impl.RoleInfo (RoleInfo.java:updateAndGet(143)) - decc5551-dd4b-40dc-8ff5-b6b450d67f6f: start LeaderElection
2019-10-17 07:10:44,583 [decc5551-dd4b-40dc-8ff5-b6b450d67f6f@group-42ACBF6EBE4E-LeaderElection314] INFO  impl.LeaderElection (LeaderElection.java:askForVotes(178)) - decc5551-dd4b-40dc-8ff5-b6b450d67f6f@group-42ACBF6EBE4E-LeaderElection314: begin an election at term 168 for -1: [215fceca-0555-458b-bc4f-ba38ff24d5ba:192.168.157.211:43803, decc5551-dd4b-40dc-8ff5-b6b450d67f6f:192.168.157.211:34435, 0c631657-10a5-4e2a-a322-8fc6c651b2ed:192.168.157.211:41694], old=null
2019-10-17 07:10:44,585 [grpc-default-executor-9] INFO  impl.RaftServerImpl (RaftServerImpl.java:setRole(184)) - 215fceca-0555-458b-bc4f-ba38ff24d5ba@group-42ACBF6EBE4E: changes role from  FOLLOWER to FOLLOWER at term 168 for recognizeCandidate:decc5551-dd4b-40dc-8ff5-b6b450d67f6f
2019-10-17 07:10:44,585 [grpc-default-executor-7] INFO  impl.RaftServerImpl (RaftServerImpl.java:setRole(184)) - 0c631657-10a5-4e2a-a322-8fc6c651b2ed@group-42ACBF6EBE4E: changes role from  FOLLOWER to FOLLOWER at term 168 for recognizeCandidate:decc5551-dd4b-40dc-8ff5-b6b450d67f6f
2019-10-17 07:10:44,585 [grpc-default-executor-9] INFO  impl.RoleInfo (RoleInfo.java:shutdownFollowerState(121)) - 215fceca-0555-458b-bc4f-ba38ff24d5ba: shutdown FollowerState
2019-10-17 07:10:44,585 [grpc-default-executor-7] INFO  impl.RoleInfo (RoleInfo.java:shutdownFollowerState(121)) - 0c631657-10a5-4e2a-a322-8fc6c651b2ed: shutdown FollowerState
2019-10-17 07:10:44,586 [Thread-2485] INFO  impl.FollowerState (FollowerState.java:run(117)) - 215fceca-0555-458b-bc4f-ba38ff24d5ba@group-42ACBF6EBE4E-FollowerState was interrupted: java.lang.InterruptedException: sleep interrupted
2019-10-17 07:10:44,586 [grpc-default-executor-9] INFO  impl.RoleInfo (RoleInfo.java:updateAndGet(143)) - 215fceca-0555-458b-bc4f-ba38ff24d5ba: start FollowerState
2019-10-17 07:10:44,586 [Thread-2483] INFO  impl.FollowerState (FollowerState.java:run(117)) - 0c631657-10a5-4e2a-a322-8fc6c651b2ed@group-42ACBF6EBE4E-FollowerState was interrupted: java.lang.InterruptedException: sleep interrupted
2019-10-17 07:10:44,586 [grpc-default-executor-7] INFO  impl.RoleInfo (RoleInfo.java:updateAndGet(143)) - 0c631657-10a5-4e2a-a322-8fc6c651b2ed: start FollowerState
2019-10-17 07:10:44,600 [decc5551-dd4b-40dc-8ff5-b6b450d67f6f@group-42ACBF6EBE4E-LeaderElection314] INFO  impl.LeaderElection (LeaderElection.java:logAndReturn(56)) - decc5551-dd4b-40dc-8ff5-b6b450d67f6f@group-42ACBF6EBE4E-LeaderElection314: Election REJECTED; received 2 response(s) [decc5551-dd4b-40dc-8ff5-b6b450d67f6f<-215fceca-0555-458b-bc4f-ba38ff24d5ba#0:FAIL-t168, decc5551-dd4b-40dc-8ff5-b6b450d67f6f<-0c631657-10a5-4e2a-a322-8fc6c651b2ed#0:FAIL-t168] and 0 exception(s); decc5551-dd4b-40dc-8ff5-b6b450d67f6f@group-42ACBF6EBE4E:t168, leader=null, voted=decc5551-dd4b-40dc-8ff5-b6b450d67f6f, raftlog=decc5551-dd4b-40dc-8ff5-b6b450d67f6f@group-42ACBF6EBE4E-SegmentedRaftLog:OPENED:c-1,f-1,i0, conf=-1: [215fceca-0555-458b-bc4f-ba38ff24d5ba:192.168.157.211:43803, decc5551-dd4b-40dc-8ff5-b6b450d67f6f:192.168.157.211:34435, 0c631657-10a5-4e2a-a322-8fc6c651b2ed:192.168.157.211:41694], old=null
2019-10-17 07:10:44,600 [decc5551-dd4b-40dc-8ff5-b6b450d67f6f@group-42ACBF6EBE4E-LeaderElection314] INFO  impl.RaftServerImpl (RaftServerImpl.java:setRole(184)) - decc5551-dd4b-40dc-8ff5-b6b450d67f6f@group-42ACBF6EBE4E: changes role from CANDIDATE to FOLLOWER at term 168 for DISCOVERED_A_NEW_TERM
2019-10-17 07:10:44,600 [decc5551-dd4b-40dc-8ff5-b6b450d67f6f@group-42ACBF6EBE4E-LeaderElection314] INFO  impl.RoleInfo (RoleInfo.java:shutdownLeaderElection(134)) - decc5551-dd4b-40dc-8ff5-b6b450d67f6f: shutdown LeaderElection
2019-10-17 07:10:44,600 [decc5551-dd4b-40dc-8ff5-b6b450d67f6f@group-42ACBF6EBE4E-LeaderElection314] INFO  impl.RoleInfo (RoleInfo.java:updateAndGet(143)) - decc5551-dd4b-40dc-8ff5-b6b450d67f6f: start FollowerState
2019-10-17 07:10:44,610 [java.util.concurrent.ThreadPoolExecutor$Worker@234137a4[State = -1, empty queue]] WARN  server.GrpcLogAppender (GrpcLogAppender.java:timeoutAppendRequest(209)) - d31fb603-bc45-4cd2-bfc5-2ee103695b2e@group-A2172F2EE55F->a4e5d14e-95af-4d1f-b670-5b1c42084e26-GrpcLogAppender: appendEntries Timeout, request=d31fb603-bc45-4cd2-bfc5-2ee103695b2e->a4e5d14e-95af-4d1f-b670-5b1c42084e26#54-t3, previous=(t:3, i:20), leaderCommit=20, initializing? false, entries: <empty>
2019-10-17 07:10:44,715 [Thread-2492] INFO  impl.FollowerState (FollowerState.java:run(108)) - 5c4ee31d-c5ed-4c65-a5df-da3e3cf53ac2@group-233C052D78D6-FollowerState: change to CANDIDATE, lastRpcTime:150ms, electionTimeout:150ms
2019-10-17 07:10:44,715 [Thread-2492] INFO  impl.RoleInfo (RoleInfo.java:shutdownFollowerState(121)) - 5c4ee31d-c5ed-4c65-a5df-da3e3cf53ac2: shutdown FollowerState
2019-10-17 07:10:44,715 [Thread-2492] INFO  impl.RaftServerImpl (RaftServerImpl.java:setRole(184)) - 5c4ee31d-c5ed-4c65-a5df-da3e3cf53ac2@group-233C052D78D6: changes role from  FOLLOWER to CANDIDATE at term 167 for changeToCandidate
2019-10-17 07:10:44,715 [Thread-2492] INFO  impl.RoleInfo (RoleInfo.java:updateAndGet(143)) - 5c4ee31d-c5ed-4c65-a5df-da3e3cf53ac2: start LeaderElection
2019-10-17 07:10:44,740 [5c4ee31d-c5ed-4c65-a5df-da3e3cf53ac2@group-233C052D78D6-LeaderElection315] INFO  impl.LeaderElection (LeaderElection.java:askForVotes(178)) - 5c4ee31d-c5ed-4c65-a5df-da3e3cf53ac2@group-233C052D78D6-LeaderElection315: begin an election at term 168 for -1: [67ae3572-7d88-4e50-b53b-0f48f6748b38:192.168.157.211:41299, 831edaa1-80a5-4091-843f-90c648a5a79d:192.168.157.211:44365, 5c4ee31d-c5ed-4c65-a5df-da3e3cf53ac2:192.168.157.211:45059], old=null
2019-10-17 07:10:44,742 [grpc-default-executor-7] INFO  impl.RaftServerImpl (RaftServerImpl.java:setRole(184)) - 831edaa1-80a5-4091-843f-90c648a5a79d@group-233C052D78D6: changes role from  FOLLOWER to FOLLOWER at term 168 for recognizeCandidate:5c4ee31d-c5ed-4c65-a5df-da3e3cf53ac2
2019-10-17 07:10:44,743 [grpc-default-executor-7] INFO  impl.RoleInfo (RoleInfo.java:shutdownFollowerState(121)) - 831edaa1-80a5-4091-843f-90c648a5a79d: shutdown FollowerState
2019-10-17 07:10:44,742 [grpc-default-executor-9] INFO  impl.RaftServerImpl (RaftServerImpl.java:setRole(184)) - 67ae3572-7d88-4e50-b53b-0f48f6748b38@group-233C052D78D6: changes role from  FOLLOWER to FOLLOWER at term 168 for recognizeCandidate:5c4ee31d-c5ed-4c65-a5df-da3e3cf53ac2
2019-10-17 07:10:44,743 [Thread-2491] INFO  impl.FollowerState (FollowerState.java:run(117)) - 831edaa1-80a5-4091-843f-90c648a5a79d@group-233C052D78D6-FollowerState was interrupted: java.lang.InterruptedException: sleep interrupted
2019-10-17 07:10:44,743 [grpc-default-executor-7] INFO  impl.RoleInfo (RoleInfo.java:updateAndGet(143)) - 831edaa1-80a5-4091-843f-90c648a5a79d: start FollowerState
2019-10-17 07:10:44,743 [grpc-default-executor-9] INFO  impl.RoleInfo (RoleInfo.java:shutdownFollowerState(121)) - 67ae3572-7d88-4e50-b53b-0f48f6748b38: shutdown FollowerState
2019-10-17 07:10:44,743 [grpc-default-executor-9] INFO  impl.RoleInfo (RoleInfo.java:updateAndGet(143)) - 67ae3572-7d88-4e50-b53b-0f48f6748b38: start FollowerState
2019-10-17 07:10:44,743 [Thread-2490] INFO  impl.FollowerState (FollowerState.java:run(117)) - 67ae3572-7d88-4e50-b53b-0f48f6748b38@group-233C052D78D6-FollowerState was interrupted: java.lang.InterruptedException: sleep interrupted
2019-10-17 07:10:44,763 [5c4ee31d-c5ed-4c65-a5df-da3e3cf53ac2@group-233C052D78D6-LeaderElection315] INFO  impl.LeaderElection (LeaderElection.java:logAndReturn(56)) - 5c4ee31d-c5ed-4c65-a5df-da3e3cf53ac2@group-233C052D78D6-LeaderElection315: Election REJECTED; received 2 response(s) [5c4ee31d-c5ed-4c65-a5df-da3e3cf53ac2<-67ae3572-7d88-4e50-b53b-0f48f6748b38#0:FAIL-t168, 5c4ee31d-c5ed-4c65-a5df-da3e3cf53ac2<-831edaa1-80a5-4091-843f-90c648a5a79d#0:FAIL-t168] and 0 exception(s); 5c4ee31d-c5ed-4c65-a5df-da3e3cf53ac2@group-233C052D78D6:t168, leader=null, voted=5c4ee31d-c5ed-4c65-a5df-da3e3cf53ac2, raftlog=5c4ee31d-c5ed-4c65-a5df-da3e3cf53ac2@group-233C052D78D6-SegmentedRaftLog:OPENED:c-1,f-1,i0, conf=-1: [67ae3572-7d88-4e50-b53b-0f48f6748b38:192.168.157.211:41299, 831edaa1-80a5-4091-843f-90c648a5a79d:192.168.157.211:44365, 5c4ee31d-c5ed-4c65-a5df-da3e3cf53ac2:192.168.157.211:45059], old=null
2019-10-17 07:10:44,763 [5c4ee31d-c5ed-4c65-a5df-da3e3cf53ac2@group-233C052D78D6-LeaderElection315] INFO  impl.RaftServerImpl (RaftServerImpl.java:setRole(184)) - 5c4ee31d-c5ed-4c65-a5df-da3e3cf53ac2@group-233C052D78D6: changes role from CANDIDATE to FOLLOWER at term 168 for DISCOVERED_A_NEW_TERM
2019-10-17 07:10:44,763 [5c4ee31d-c5ed-4c65-a5df-da3e3cf53ac2@group-233C052D78D6-LeaderElection315] INFO  impl.RoleInfo (RoleInfo.java:shutdownLeaderElection(134)) - 5c4ee31d-c5ed-4c65-a5df-da3e3cf53ac2: shutdown LeaderElection
2019-10-17 07:10:44,763 [5c4ee31d-c5ed-4c65-a5df-da3e3cf53ac2@group-233C052D78D6-LeaderElection315] INFO  impl.RoleInfo (RoleInfo.java:updateAndGet(143)) - 5c4ee31d-c5ed-4c65-a5df-da3e3cf53ac2: start FollowerState
2019-10-17 07:10:44,772 [Thread-2498] INFO  impl.FollowerState (FollowerState.java:run(108)) - decc5551-dd4b-40dc-8ff5-b6b450d67f6f@group-42ACBF6EBE4E-FollowerState: change to CANDIDATE, lastRpcTime:172ms, electionTimeout:172ms
2019-10-17 07:10:44,773 [Thread-2498] INFO  impl.RoleInfo (RoleInfo.java:shutdownFollowerState(121)) - decc5551-dd4b-40dc-8ff5-b6b450d67f6f: shutdown FollowerState
2019-10-17 07:10:44,773 [Thread-2498] INFO  impl.RaftServerImpl (RaftServerImpl.java:setRole(184)) - decc5551-dd4b-40dc-8ff5-b6b450d67f6f@group-42ACBF6EBE4E: changes role from  FOLLOWER to CANDIDATE at term 168 for changeToCandidate
2019-10-17 07:10:44,773 [Thread-2498] INFO  impl.RoleInfo (RoleInfo.java:updateAndGet(143)) - decc5551-dd4b-40dc-8ff5-b6b450d67f6f: start LeaderElection
2019-10-17 07:10:44,799 [decc5551-dd4b-40dc-8ff5-b6b450d67f6f@group-42ACBF6EBE4E-LeaderElection316] INFO  impl.LeaderElection (LeaderElection.java:askForVotes(178)) - decc5551-dd4b-40dc-8ff5-b6b450d67f6f@group-42ACBF6EBE4E-LeaderElection316: begin an election at term 169 for -1: [215fceca-0555-458b-bc4f-ba38ff24d5ba:192.168.157.211:43803, decc5551-dd4b-40dc-8ff5-b6b450d67f6f:192.168.157.211:34435, 0c631657-10a5-4e2a-a322-8fc6c651b2ed:192.168.157.211:41694], old=null
2019-10-17 07:10:44,802 [grpc-default-executor-7] INFO  impl.RaftServerImpl (RaftServerImpl.java:setRole(184)) - 215fceca-0555-458b-bc4f-ba38ff24d5ba@group-42ACBF6EBE4E: changes role from  FOLLOWER to FOLLOWER at term 169 for recognizeCandidate:decc5551-dd4b-40dc-8ff5-b6b450d67f6f
2019-10-17 07:10:44,802 [grpc-default-executor-7] INFO  impl.RoleInfo (RoleInfo.java:shutdownFollowerState(121)) - 215fceca-0555-458b-bc4f-ba38ff24d5ba: shutdown FollowerState
2019-10-17 07:10:44,802 [grpc-default-executor-7] INFO  impl.RoleInfo (RoleInfo.java:updateAndGet(143)) - 215fceca-0555-458b-bc4f-ba38ff24d5ba: start FollowerState
2019-10-17 07:10:44,802 [grpc-default-executor-9] INFO  impl.RaftServerImpl (RaftServerImpl.java:setRole(184)) - 0c631657-10a5-4e2a-a322-8fc6c651b2ed@group-42ACBF6EBE4E: changes role from  FOLLOWER to FOLLOWER at term 169 for recognizeCandidate:decc5551-dd4b-40dc-8ff5-b6b450d67f6f
2019-10-17 07:10:44,802 [grpc-default-executor-9] INFO  impl.RoleInfo (RoleInfo.java:shutdownFollowerState(121)) - 0c631657-10a5-4e2a-a322-8fc6c651b2ed: shutdown FollowerState
2019-10-17 07:10:44,802 [Thread-2496] INFO  impl.FollowerState (FollowerState.java:run(117)) - 215fceca-0555-458b-bc4f-ba38ff24d5ba@group-42ACBF6EBE4E-FollowerState was interrupted: java.lang.InterruptedException: sleep interrupted
2019-10-17 07:10:44,802 [Thread-2497] INFO  impl.FollowerState (FollowerState.java:run(117)) - 0c631657-10a5-4e2a-a322-8fc6c651b2ed@group-42ACBF6EBE4E-FollowerState was interrupted: java.lang.InterruptedException: sleep interrupted
2019-10-17 07:10:44,802 [grpc-default-executor-9] INFO  impl.RoleInfo (RoleInfo.java:updateAndGet(143)) - 0c631657-10a5-4e2a-a322-8fc6c651b2ed: start FollowerState
2019-10-17 07:10:44,816 [decc5551-dd4b-40dc-8ff5-b6b450d67f6f@group-42ACBF6EBE4E-LeaderElection316] INFO  impl.LeaderElection (LeaderElection.java:logAndReturn(56)) - decc5551-dd4b-40dc-8ff5-b6b450d67f6f@group-42ACBF6EBE4E-LeaderElection316: Election REJECTED; received 2 response(s) [decc5551-dd4b-40dc-8ff5-b6b450d67f6f<-215fceca-0555-458b-bc4f-ba38ff24d5ba#0:FAIL-t169, decc5551-dd4b-40dc-8ff5-b6b450d67f6f<-0c631657-10a5-4e2a-a322-8fc6c651b2ed#0:FAIL-t169] and 0 exception(s); decc5551-dd4b-40dc-8ff5-b6b450d67f6f@group-42ACBF6EBE4E:t169, leader=null, voted=decc5551-dd4b-40dc-8ff5-b6b450d67f6f, raftlog=decc5551-dd4b-40dc-8ff5-b6b450d67f6f@group-42ACBF6EBE4E-SegmentedRaftLog:OPENED:c-1,f-1,i0, conf=-1: [215fceca-0555-458b-bc4f-ba38ff24d5ba:192.168.157.211:43803, decc5551-dd4b-40dc-8ff5-b6b450d67f6f:192.168.157.211:34435, 0c631657-10a5-4e2a-a322-8fc6c651b2ed:192.168.157.211:41694], old=null
2019-10-17 07:10:44,816 [decc5551-dd4b-40dc-8ff5-b6b450d67f6f@group-42ACBF6EBE4E-LeaderElection316] INFO  impl.RaftServerImpl (RaftServerImpl.java:setRole(184)) - decc5551-dd4b-40dc-8ff5-b6b450d67f6f@group-42ACBF6EBE4E: changes role from CANDIDATE to FOLLOWER at term 169 for DISCOVERED_A_NEW_TERM
2019-10-17 07:10:44,816 [decc5551-dd4b-40dc-8ff5-b6b450d67f6f@group-42ACBF6EBE4E-LeaderElection316] INFO  impl.RoleInfo (RoleInfo.java:shutdownLeaderElection(134)) - decc5551-dd4b-40dc-8ff5-b6b450d67f6f: shutdown LeaderElection
2019-10-17 07:10:44,817 [decc5551-dd4b-40dc-8ff5-b6b450d67f6f@group-42ACBF6EBE4E-LeaderElection316] INFO  impl.RoleInfo (RoleInfo.java:updateAndGet(143)) - decc5551-dd4b-40dc-8ff5-b6b450d67f6f: start FollowerState
2019-10-17 07:10:44,844 [Thread-2511] INFO  impl.FollowerState (FollowerState.java:run(108)) - decc5551-dd4b-40dc-8ff5-b6b450d67f6f@group-42ACBF6EBE4E-FollowerState: change to CANDIDATE, lastRpcTime:27ms, electionTimeout:27ms
2019-10-17 07:10:44,844 [Thread-2511] INFO  impl.RoleInfo (RoleInfo.java:shutdownFollowerState(121)) - decc5551-dd4b-40dc-8ff5-b6b450d67f6f: shutdown FollowerState
2019-10-17 07:10:44,844 [Thread-2511] INFO  impl.RaftServerImpl (RaftServerImpl.java:setRole(184)) - decc5551-dd4b-40dc-8ff5-b6b450d67f6f@group-42ACBF6EBE4E: changes role from  FOLLOWER to CANDIDATE at term 169 for changeToCandidate
2019-10-17 07:10:44,845 [Thread-2511] INFO  impl.RoleInfo (RoleInfo.java:updateAndGet(143)) - decc5551-dd4b-40dc-8ff5-b6b450d67f6f: start LeaderElection
2019-10-17 07:10:44,859 [Thread-2505] INFO  impl.FollowerState (FollowerState.java:run(108)) - 5c4ee31d-c5ed-4c65-a5df-da3e3cf53ac2@group-233C052D78D6-FollowerState: change to CANDIDATE, lastRpcTime:95ms, electionTimeout:95ms
2019-10-17 07:10:44,859 [Thread-2505] INFO  impl.RoleInfo (RoleInfo.java:shutdownFollowerState(121)) - 5c4ee31d-c5ed-4c65-a5df-da3e3cf53ac2: shutdown FollowerState
2019-10-17 07:10:44,859 [Thread-2505] INFO  impl.RaftServerImpl (RaftServerImpl.java:setRole(184)) - 5c4ee31d-c5ed-4c65-a5df-da3e3cf53ac2@group-233C052D78D6: changes role from  FOLLOWER to CANDIDATE at term 168 for changeToCandidate
2019-10-17 07:10:44,859 [Thread-2505] INFO  impl.RoleInfo (RoleInfo.java:updateAndGet(143)) - 5c4ee31d-c5ed-4c65-a5df-da3e3cf53ac2: start LeaderElection
2019-10-17 07:10:44,869 [decc5551-dd4b-40dc-8ff5-b6b450d67f6f@group-42ACBF6EBE4E-LeaderElection317] INFO  impl.LeaderElection (LeaderElection.java:askForVotes(178)) - decc5551-dd4b-40dc-8ff5-b6b450d67f6f@group-42ACBF6EBE4E-LeaderElection317: begin an election at term 170 for -1: [215fceca-0555-458b-bc4f-ba38ff24d5ba:192.168.157.211:43803, decc5551-dd4b-40dc-8ff5-b6b450d67f6f:192.168.157.211:34435, 0c631657-10a5-4e2a-a322-8fc6c651b2ed:192.168.157.211:41694], old=null
2019-10-17 07:10:44,871 [5c4ee31d-c5ed-4c65-a5df-da3e3cf53ac2@group-233C052D78D6-LeaderElection318] INFO  impl.LeaderElection (LeaderElection.java:askForVotes(178)) - 5c4ee31d-c5ed-4c65-a5df-da3e3cf53ac2@group-233C052D78D6-LeaderElection318: begin an election at term 169 for -1: [67ae3572-7d88-4e50-b53b-0f48f6748b38:192.168.157.211:41299, 831edaa1-80a5-4091-843f-90c648a5a79d:192.168.157.211:44365, 5c4ee31d-c5ed-4c65-a5df-da3e3cf53ac2:192.168.157.211:45059], old=null
2019-10-17 07:10:44,871 [grpc-default-executor-7] INFO  impl.RaftServerImpl (RaftServerImpl.java:setRole(184)) - 215fceca-0555-458b-bc4f-ba38ff24d5ba@group-42ACBF6EBE4E: changes role from  FOLLOWER to FOLLOWER at term 170 for recognizeCandidate:decc5551-dd4b-40dc-8ff5-b6b450d67f6f
2019-10-17 07:10:44,871 [grpc-default-executor-9] INFO  impl.RaftServerImpl (RaftServerImpl.java:setRole(184)) - 0c631657-10a5-4e2a-a322-8fc6c651b2ed@group-42ACBF6EBE4E: changes role from  FOLLOWER to FOLLOWER at term 170 for recognizeCandidate:decc5551-dd4b-40dc-8ff5-b6b450d67f6f
2019-10-17 07:10:44,871 [grpc-default-executor-7] INFO  impl.RoleInfo (RoleInfo.java:shutdownFollowerState(121)) - 215fceca-0555-458b-bc4f-ba38ff24d5ba: shutdown FollowerState
2019-10-17 07:10:44,872 [grpc-default-executor-9] INFO  impl.RoleInfo (RoleInfo.java:shutdownFollowerState(121)) - 0c631657-10a5-4e2a-a322-8fc6c651b2ed: shutdown FollowerState
2019-10-17 07:10:44,872 [Thread-2509] INFO  impl.FollowerState (FollowerState.java:run(117)) - 215fceca-0555-458b-bc4f-ba38ff24d5ba@group-42ACBF6EBE4E-FollowerState was interrupted: java.lang.InterruptedException: sleep interrupted
2019-10-17 07:10:44,872 [Thread-2510] INFO  impl.FollowerState (FollowerState.java:run(117)) - 0c631657-10a5-4e2a-a322-8fc6c651b2ed@group-42ACBF6EBE4E-FollowerState was interrupted: java.lang.InterruptedException: sleep interrupted
2019-10-17 07:10:44,872 [grpc-default-executor-7] INFO  impl.RoleInfo (RoleInfo.java:updateAndGet(143)) - 215fceca-0555-458b-bc4f-ba38ff24d5ba: start FollowerState
2019-10-17 07:10:44,872 [grpc-default-executor-9] INFO  impl.RoleInfo (RoleInfo.java:updateAndGet(143)) - 0c631657-10a5-4e2a-a322-8fc6c651b2ed: start FollowerState
2019-10-17 07:10:44,873 [grpc-default-executor-4] INFO  impl.RaftServerImpl (RaftServerImpl.java:setRole(184)) - 67ae3572-7d88-4e50-b53b-0f48f6748b38@group-233C052D78D6: changes role from  FOLLOWER to FOLLOWER at term 169 for recognizeCandidate:5c4ee31d-c5ed-4c65-a5df-da3e3cf53ac2
2019-10-17 07:10:44,874 [grpc-default-executor-4] INFO  impl.RoleInfo (RoleInfo.java:shutdownFollowerState(121)) - 67ae3572-7d88-4e50-b53b-0f48f6748b38: shutdown FollowerState
2019-10-17 07:10:44,874 [grpc-default-executor-3] INFO  impl.RaftServerImpl (RaftServerImpl.java:setRole(184)) - 831edaa1-80a5-4091-843f-90c648a5a79d@group-233C052D78D6: changes role from  FOLLOWER to FOLLOWER at term 169 for recognizeCandidate:5c4ee31d-c5ed-4c65-a5df-da3e3cf53ac2
2019-10-17 07:10:44,874 [Thread-2504] INFO  impl.FollowerState (FollowerState.java:run(117)) - 67ae3572-7d88-4e50-b53b-0f48f6748b38@group-233C052D78D6-FollowerState was interrupted: java.lang.InterruptedException: sleep interrupted
2019-10-17 07:10:44,874 [grpc-default-executor-4] INFO  impl.RoleInfo (RoleInfo.java:updateAndGet(143)) - 67ae3572-7d88-4e50-b53b-0f48f6748b38: start FollowerState
2019-10-17 07:10:44,874 [grpc-default-executor-3] INFO  impl.RoleInfo (RoleInfo.java:shutdownFollowerState(121)) - 831edaa1-80a5-4091-843f-90c648a5a79d: shutdown FollowerState
2019-10-17 07:10:44,874 [grpc-default-executor-3] INFO  impl.RoleInfo (RoleInfo.java:updateAndGet(143)) - 831edaa1-80a5-4091-843f-90c648a5a79d: start FollowerState
2019-10-17 07:10:44,874 [Thread-2503] INFO  impl.FollowerState (FollowerState.java:run(117)) - 831edaa1-80a5-4091-843f-90c648a5a79d@group-233C052D78D6-FollowerState was interrupted: java.lang.InterruptedException: sleep interrupted
2019-10-17 07:10:44,887 [decc5551-dd4b-40dc-8ff5-b6b450d67f6f@group-42ACBF6EBE4E-LeaderElection317] INFO  impl.LeaderElection (LeaderElection.java:logAndReturn(56)) - decc5551-dd4b-40dc-8ff5-b6b450d67f6f@group-42ACBF6EBE4E-LeaderElection317: Election REJECTED; received 2 response(s) [decc5551-dd4b-40dc-8ff5-b6b450d67f6f<-215fceca-0555-458b-bc4f-ba38ff24d5ba#0:FAIL-t170, decc5551-dd4b-40dc-8ff5-b6b450d67f6f<-0c631657-10a5-4e2a-a322-8fc6c651b2ed#0:FAIL-t170] and 0 exception(s); decc5551-dd4b-40dc-8ff5-b6b450d67f6f@group-42ACBF6EBE4E:t170, leader=null, voted=decc5551-dd4b-40dc-8ff5-b6b450d67f6f, raftlog=decc5551-dd4b-40dc-8ff5-b6b450d67f6f@group-42ACBF6EBE4E-SegmentedRaftLog:OPENED:c-1,f-1,i0, conf=-1: [215fceca-0555-458b-bc4f-ba38ff24d5ba:192.168.157.211:43803, decc5551-dd4b-40dc-8ff5-b6b450d67f6f:192.168.157.211:34435, 0c631657-10a5-4e2a-a322-8fc6c651b2ed:192.168.157.211:41694], old=null
2019-10-17 07:10:44,887 [5c4ee31d-c5ed-4c65-a5df-da3e3cf53ac2@group-233C052D78D6-LeaderElection318] INFO  impl.LeaderElection (LeaderElection.java:logAndReturn(56)) - 5c4ee31d-c5ed-4c65-a5df-da3e3cf53ac2@group-233C052D78D6-LeaderElection318: Election REJECTED; received 2 response(s) [5c4ee31d-c5ed-4c65-a5df-da3e3cf53ac2<-67ae3572-7d88-4e50-b53b-0f48f6748b38#0:FAIL-t169, 5c4ee31d-c5ed-4c65-a5df-da3e3cf53ac2<-831edaa1-80a5-4091-843f-90c648a5a79d#0:FAIL-t169] and 0 exception(s); 5c4ee31d-c5ed-4c65-a5df-da3e3cf53ac2@group-233C052D78D6:t169, leader=null, voted=5c4ee31d-c5ed-4c65-a5df-da3e3cf53ac2, raftlog=5c4ee31d-c5ed-4c65-a5df-da3e3cf53ac2@group-233C052D78D6-SegmentedRaftLog:OPENED:c-1,f-1,i0, conf=-1: [67ae3572-7d88-4e50-b53b-0f48f6748b38:192.168.157.211:41299, 831edaa1-80a5-4091-843f-90c648a5a79d:192.168.157.211:44365, 5c4ee31d-c5ed-4c65-a5df-da3e3cf53ac2:192.168.157.211:45059], old=null
2019-10-17 07:10:44,887 [decc5551-dd4b-40dc-8ff5-b6b450d67f6f@group-42ACBF6EBE4E-LeaderElection317] INFO  impl.RaftServerImpl (RaftServerImpl.java:setRole(184)) - decc5551-dd4b-40dc-8ff5-b6b450d67f6f@group-42ACBF6EBE4E: changes role from CANDIDATE to FOLLOWER at term 170 for DISCOVERED_A_NEW_TERM
2019-10-17 07:10:44,887 [5c4ee31d-c5ed-4c65-a5df-da3e3cf53ac2@group-233C052D78D6-LeaderElection318] INFO  impl.RaftServerImpl (RaftServerImpl.java:setRole(184)) - 5c4ee31d-c5ed-4c65-a5df-da3e3cf53ac2@group-233C052D78D6: changes role from CANDIDATE to FOLLOWER at term 169 for DISCOVERED_A_NEW_TERM
2019-10-17 07:10:44,887 [decc5551-dd4b-40dc-8ff5-b6b450d67f6f@group-42ACBF6EBE4E-LeaderElection317] INFO  impl.RoleInfo (RoleInfo.java:shutdownLeaderElection(134)) - decc5551-dd4b-40dc-8ff5-b6b450d67f6f: shutdown LeaderElection
2019-10-17 07:10:44,887 [5c4ee31d-c5ed-4c65-a5df-da3e3cf53ac2@group-233C052D78D6-LeaderElection318] INFO  impl.RoleInfo (RoleInfo.java:shutdownLeaderElection(134)) - 5c4ee31d-c5ed-4c65-a5df-da3e3cf53ac2: shutdown LeaderElection
2019-10-17 07:10:44,888 [decc5551-dd4b-40dc-8ff5-b6b450d67f6f@group-42ACBF6EBE4E-LeaderElection317] INFO  impl.RoleInfo (RoleInfo.java:updateAndGet(143)) - decc5551-dd4b-40dc-8ff5-b6b450d67f6f: start FollowerState
2019-10-17 07:10:44,888 [5c4ee31d-c5ed-4c65-a5df-da3e3cf53ac2@group-233C052D78D6-LeaderElection318] INFO  impl.RoleInfo (RoleInfo.java:updateAndGet(143)) - 5c4ee31d-c5ed-4c65-a5df-da3e3cf53ac2: start FollowerState
2019-10-17 07:10:44,908 [Thread-2522] INFO  impl.FollowerState (FollowerState.java:run(108)) - decc5551-dd4b-40dc-8ff5-b6b450d67f6f@group-42ACBF6EBE4E-FollowerState: change to CANDIDATE, lastRpcTime:20ms, electionTimeout:20ms
2019-10-17 07:10:44,908 [Thread-2522] INFO  impl.RoleInfo (RoleInfo.java:shutdownFollowerState(121)) - decc5551-dd4b-40dc-8ff5-b6b450d67f6f: shutdown FollowerState
2019-10-17 07:10:44,908 [Thread-2522] INFO  impl.RaftServerImpl (RaftServerImpl.java:setRole(184)) - decc5551-dd4b-40dc-8ff5-b6b450d67f6f@group-42ACBF6EBE4E: changes role from  FOLLOWER to CANDIDATE at term 170 for changeToCandidate
2019-10-17 07:10:44,908 [Thread-2522] INFO  impl.RoleInfo (RoleInfo.java:updateAndGet(143)) - decc5551-dd4b-40dc-8ff5-b6b450d67f6f: start LeaderElection
2019-10-17 07:10:44,921 [decc5551-dd4b-40dc-8ff5-b6b450d67f6f@group-42ACBF6EBE4E-LeaderElection319] INFO  impl.LeaderElection (LeaderElection.java:askForVotes(178)) - decc5551-dd4b-40dc-8ff5-b6b450d67f6f@group-42ACBF6EBE4E-LeaderElection319: begin an election at term 171 for -1: [215fceca-0555-458b-bc4f-ba38ff24d5ba:192.168.157.211:43803, decc5551-dd4b-40dc-8ff5-b6b450d67f6f:192.168.157.211:34435, 0c631657-10a5-4e2a-a322-8fc6c651b2ed:192.168.157.211:41694], old=null
2019-10-17 07:10:44,923 [grpc-default-executor-3] INFO  impl.RaftServerImpl (RaftServerImpl.java:setRole(184)) - 0c631657-10a5-4e2a-a322-8fc6c651b2ed@group-42ACBF6EBE4E: changes role from  FOLLOWER to FOLLOWER at term 171 for recognizeCandidate:decc5551-dd4b-40dc-8ff5-b6b450d67f6f
2019-10-17 07:10:44,923 [grpc-default-executor-9] INFO  impl.RaftServerImpl (RaftServerImpl.java:setRole(184)) - 215fceca-0555-458b-bc4f-ba38ff24d5ba@group-42ACBF6EBE4E: changes role from  FOLLOWER to FOLLOWER at term 171 for recognizeCandidate:decc5551-dd4b-40dc-8ff5-b6b450d67f6f
2019-10-17 07:10:44,924 [grpc-default-executor-9] INFO  impl.RoleInfo (RoleInfo.java:shutdownFollowerState(121)) - 215fceca-0555-458b-bc4f-ba38ff24d5ba: shutdown FollowerState
2019-10-17 07:10:44,923 [grpc-default-executor-3] INFO  impl.RoleInfo (RoleInfo.java:shutdownFollowerState(121)) - 0c631657-10a5-4e2a-a322-8fc6c651b2ed: shutdown FollowerState
2019-10-17 07:10:44,924 [Thread-2518] INFO  impl.FollowerState (FollowerState.java:run(117)) - 215fceca-0555-458b-bc4f-ba38ff24d5ba@group-42ACBF6EBE4E-FollowerState was interrupted: java.lang.InterruptedException: sleep interrupted
2019-10-17 07:10:44,924 [grpc-default-executor-9] INFO  impl.RoleInfo (RoleInfo.java:updateAndGet(143)) - 215fceca-0555-458b-bc4f-ba38ff24d5ba: start FollowerState
2019-10-17 07:10:44,924 [Thread-2519] INFO  impl.FollowerState (FollowerState.java:run(117)) - 0c631657-10a5-4e2a-a322-8fc6c651b2ed@group-42ACBF6EBE4E-FollowerState was interrupted: java.lang.InterruptedException: sleep interrupted
2019-10-17 07:10:44,924 [grpc-default-executor-3] INFO  impl.RoleInfo (RoleInfo.java:updateAndGet(143)) - 0c631657-10a5-4e2a-a322-8fc6c651b2ed: start FollowerState
2019-10-17 07:10:44,937 [decc5551-dd4b-40dc-8ff5-b6b450d67f6f@group-42ACBF6EBE4E-LeaderElection319] INFO  impl.LeaderElection (LeaderElection.java:logAndReturn(56)) - decc5551-dd4b-40dc-8ff5-b6b450d67f6f@group-42ACBF6EBE4E-LeaderElection319: Election TIMEOUT; received 0 response(s) [] and 0 exception(s); decc5551-dd4b-40dc-8ff5-b6b450d67f6f@group-42ACBF6EBE4E:t171, leader=null, voted=decc5551-dd4b-40dc-8ff5-b6b450d67f6f, raftlog=decc5551-dd4b-40dc-8ff5-b6b450d67f6f@group-42ACBF6EBE4E-SegmentedRaftLog:OPENED:c-1,f-1,i0, conf=-1: [215fceca-0555-458b-bc4f-ba38ff24d5ba:192.168.157.211:43803, decc5551-dd4b-40dc-8ff5-b6b450d67f6f:192.168.157.211:34435, 0c631657-10a5-4e2a-a322-8fc6c651b2ed:192.168.157.211:41694], old=null
2019-10-17 07:10:44,951 [decc5551-dd4b-40dc-8ff5-b6b450d67f6f@group-42ACBF6EBE4E-LeaderElection319] INFO  impl.LeaderElection (LeaderElection.java:askForVotes(178)) - decc5551-dd4b-40dc-8ff5-b6b450d67f6f@group-42ACBF6EBE4E-LeaderElection319: begin an election at term 172 for -1: [215fceca-0555-458b-bc4f-ba38ff24d5ba:192.168.157.211:43803, decc5551-dd4b-40dc-8ff5-b6b450d67f6f:192.168.157.211:34435, 0c631657-10a5-4e2a-a322-8fc6c651b2ed:192.168.157.211:41694], old=null
2019-10-17 07:10:44,953 [grpc-default-executor-9] INFO  impl.RaftServerImpl (RaftServerImpl.java:setRole(184)) - 215fceca-0555-458b-bc4f-ba38ff24d5ba@group-42ACBF6EBE4E: changes role from  FOLLOWER to FOLLOWER at term 172 for recognizeCandidate:decc5551-dd4b-40dc-8ff5-b6b450d67f6f
2019-10-17 07:10:44,953 [grpc-default-executor-3] INFO  impl.RaftServerImpl (RaftServerImpl.java:setRole(184)) - 0c631657-10a5-4e2a-a322-8fc6c651b2ed@group-42ACBF6EBE4E: changes role from  FOLLOWER to FOLLOWER at term 172 for recognizeCandidate:decc5551-dd4b-40dc-8ff5-b6b450d67f6f
2019-10-17 07:10:44,953 [grpc-default-executor-9] INFO  impl.RoleInfo (RoleInfo.java:shutdownFollowerState(121)) - 215fceca-0555-458b-bc4f-ba38ff24d5ba: shutdown FollowerState
2019-10-17 07:10:44,953 [grpc-default-executor-3] INFO  impl.RoleInfo (RoleInfo.java:shutdownFollowerState(121)) - 0c631657-10a5-4e2a-a322-8fc6c651b2ed: shutdown FollowerState
2019-10-17 07:10:44,954 [Thread-2527] INFO  impl.FollowerState (FollowerState.java:run(117)) - 215fceca-0555-458b-bc4f-ba38ff24d5ba@group-42ACBF6EBE4E-FollowerState was interrupted: java.lang.InterruptedException: sleep interrupted
2019-10-17 07:10:44,954 [Thread-2528] INFO  impl.FollowerState (FollowerState.java:run(117)) - 0c631657-10a5-4e2a-a322-8fc6c651b2ed@group-42ACBF6EBE4E-FollowerState was interrupted: java.lang.InterruptedException: sleep interrupted
2019-10-17 07:10:44,953 [grpc-default-executor-9] INFO  impl.RoleInfo (RoleInfo.java:updateAndGet(143)) - 215fceca-0555-458b-bc4f-ba38ff24d5ba: start FollowerState
2019-10-17 07:10:44,954 [grpc-default-executor-3] INFO  impl.RoleInfo (RoleInfo.java:updateAndGet(143)) - 0c631657-10a5-4e2a-a322-8fc6c651b2ed: start FollowerState
2019-10-17 07:10:44,973 [Thread-2523] INFO  impl.FollowerState (FollowerState.java:run(108)) - 5c4ee31d-c5ed-4c65-a5df-da3e3cf53ac2@group-233C052D78D6-FollowerState: change to CANDIDATE, lastRpcTime:85ms, electionTimeout:83ms
2019-10-17 07:10:44,973 [Thread-2523] INFO  impl.RoleInfo (RoleInfo.java:shutdownFollowerState(121)) - 5c4ee31d-c5ed-4c65-a5df-da3e3cf53ac2: shutdown FollowerState
2019-10-17 07:10:44,973 [Thread-2523] INFO  impl.RaftServerImpl (RaftServerImpl.java:setRole(184)) - 5c4ee31d-c5ed-4c65-a5df-da3e3cf53ac2@group-233C052D78D6: changes role from  FOLLOWER to CANDIDATE at term 169 for changeToCandidate
2019-10-17 07:10:44,973 [Thread-2523] INFO  impl.RoleInfo (RoleInfo.java:updateAndGet(143)) - 5c4ee31d-c5ed-4c65-a5df-da3e3cf53ac2: start LeaderElection
2019-10-17 07:10:44,974 [decc5551-dd4b-40dc-8ff5-b6b450d67f6f@group-42ACBF6EBE4E-LeaderElection319] INFO  impl.LeaderElection (LeaderElection.java:logAndReturn(56)) - decc5551-dd4b-40dc-8ff5-b6b450d67f6f@group-42ACBF6EBE4E-LeaderElection319: Election REJECTED; received 2 response(s) [decc5551-dd4b-40dc-8ff5-b6b450d67f6f<-215fceca-0555-458b-bc4f-ba38ff24d5ba#0:FAIL-t172, decc5551-dd4b-40dc-8ff5-b6b450d67f6f<-0c631657-10a5-4e2a-a322-8fc6c651b2ed#0:FAIL-t172] and 0 exception(s); decc5551-dd4b-40dc-8ff5-b6b450d67f6f@group-42ACBF6EBE4E:t172, leader=null, voted=decc5551-dd4b-40dc-8ff5-b6b450d67f6f, raftlog=decc5551-dd4b-40dc-8ff5-b6b450d67f6f@group-42ACBF6EBE4E-SegmentedRaftLog:OPENED:c-1,f-1,i0, conf=-1: [215fceca-0555-458b-bc4f-ba38ff24d5ba:192.168.157.211:43803, decc5551-dd4b-40dc-8ff5-b6b450d67f6f:192.168.157.211:34435, 0c631657-10a5-4e2a-a322-8fc6c651b2ed:192.168.157.211:41694], old=null
2019-10-17 07:10:44,974 [decc5551-dd4b-40dc-8ff5-b6b450d67f6f@group-42ACBF6EBE4E-LeaderElection319] INFO  impl.RaftServerImpl (RaftServerImpl.java:setRole(184)) - decc5551-dd4b-40dc-8ff5-b6b450d67f6f@group-42ACBF6EBE4E: changes role from CANDIDATE to FOLLOWER at term 172 for DISCOVERED_A_NEW_TERM
2019-10-17 07:10:44,974 [decc5551-dd4b-40dc-8ff5-b6b450d67f6f@group-42ACBF6EBE4E-LeaderElection319] INFO  impl.RoleInfo (RoleInfo.java:shutdownLeaderElection(134)) - decc5551-dd4b-40dc-8ff5-b6b450d67f6f: shutdown LeaderElection
2019-10-17 07:10:44,974 [decc5551-dd4b-40dc-8ff5-b6b450d67f6f@group-42ACBF6EBE4E-LeaderElection319] INFO  impl.RoleInfo (RoleInfo.java:updateAndGet(143)) - decc5551-dd4b-40dc-8ff5-b6b450d67f6f: start FollowerState
2019-10-17 07:10:44,994 [5c4ee31d-c5ed-4c65-a5df-da3e3cf53ac2@group-233C052D78D6-LeaderElection320] INFO  impl.LeaderElection (LeaderElection.java:askForVotes(178)) - 5c4ee31d-c5ed-4c65-a5df-da3e3cf53ac2@group-233C052D78D6-LeaderElection320: begin an election at term 170 for -1: [67ae3572-7d88-4e50-b53b-0f48f6748b38:192.168.157.211:41299, 831edaa1-80a5-4091-843f-90c648a5a79d:192.168.157.211:44365, 5c4ee31d-c5ed-4c65-a5df-da3e3cf53ac2:192.168.157.211:45059], old=null
2019-10-17 07:10:44,995 [grpc-default-executor-9] INFO  impl.RaftServerImpl (RaftServerImpl.java:setRole(184)) - 67ae3572-7d88-4e50-b53b-0f48f6748b38@group-233C052D78D6: changes role from  FOLLOWER to FOLLOWER at term 170 for recognizeCandidate:5c4ee31d-c5ed-4c65-a5df-da3e3cf53ac2
2019-10-17 07:10:44,996 [grpc-default-executor-3] INFO  impl.RaftServerImpl (RaftServerImpl.java:setRole(184)) - 831edaa1-80a5-4091-843f-90c648a5a79d@group-233C052D78D6: changes role from  FOLLOWER to FOLLOWER at term 170 for recognizeCandidate:5c4ee31d-c5ed-4c65-a5df-da3e3cf53ac2
2019-10-17 07:10:44,996 [grpc-default-executor-9] INFO  impl.RoleInfo (RoleInfo.java:shutdownFollowerState(121)) - 67ae3572-7d88-4e50-b53b-0f48f6748b38: shutdown FollowerState
2019-10-17 07:10:44,996 [grpc-default-executor-3] INFO  impl.RoleInfo (RoleInfo.java:shutdownFollowerState(121)) - 831edaa1-80a5-4091-843f-90c648a5a79d: shutdown FollowerState
2019-10-17 07:10:44,996 [grpc-default-executor-9] INFO  impl.RoleInfo (RoleInfo.java:updateAndGet(143)) - 67ae3572-7d88-4e50-b53b-0f48f6748b38: start FollowerState
2019-10-17 07:10:44,996 [Thread-2521] INFO  impl.FollowerState (FollowerState.java:run(117)) - 831edaa1-80a5-4091-843f-90c648a5a79d@group-233C052D78D6-FollowerState was interrupted: java.lang.InterruptedException: sleep interrupted
2019-10-17 07:10:44,996 [grpc-default-executor-3] INFO  impl.RoleInfo (RoleInfo.java:updateAndGet(143)) - 831edaa1-80a5-4091-843f-90c648a5a79d: start FollowerState
2019-10-17 07:10:44,996 [Thread-2520] INFO  impl.FollowerState (FollowerState.java:run(117)) - 67ae3572-7d88-4e50-b53b-0f48f6748b38@group-233C052D78D6-FollowerState was interrupted: java.lang.InterruptedException: sleep interrupted
2019-10-17 07:10:44,997 [ForkJoinPool.commonPool-worker-0] INFO  ozoneimpl.OzoneContainer (OzoneContainer.java:stop(227)) - Attempting to stop container services.
2019-10-17 07:10:44,997 [ForkJoinPool.commonPool-worker-0] INFO  impl.RaftServerProxy (RaftServerProxy.java:lambda$close$4(314)) - 831edaa1-80a5-4091-843f-90c648a5a79d: close
2019-10-17 07:10:44,998 [ForkJoinPool.commonPool-worker-0] INFO  impl.RaftServerImpl (RaftServerImpl.java:lambda$shutdown$3(261)) - 831edaa1-80a5-4091-843f-90c648a5a79d@group-21AB42D2BF21: shutdown
2019-10-17 07:10:44,998 [ForkJoinPool.commonPool-worker-0] INFO  util.JmxRegister (JmxRegister.java:unregister(73)) - Successfully un-registered JMX Bean with object name Ratis:service=RaftServer,group=group-21AB42D2BF21,id=831edaa1-80a5-4091-843f-90c648a5a79d
2019-10-17 07:10:44,998 [ForkJoinPool.commonPool-worker-0] INFO  impl.RoleInfo (RoleInfo.java:shutdownLeaderState(104)) - 831edaa1-80a5-4091-843f-90c648a5a79d: shutdown LeaderState
2019-10-17 07:10:44,998 [ForkJoinPool.commonPool-worker-0] INFO  impl.PendingRequests (PendingRequests.java:sendNotLeaderResponses(202)) - 831edaa1-80a5-4091-843f-90c648a5a79d@group-21AB42D2BF21-PendingRequests: sendNotLeaderResponses
2019-10-17 07:10:44,999 [ForkJoinPool.commonPool-worker-0] INFO  impl.StateMachineUpdater (StateMachineUpdater.java:stopAndJoin(136)) - 831edaa1-80a5-4091-843f-90c648a5a79d@group-21AB42D2BF21-StateMachineUpdater: set stopIndex = 0
2019-10-17 07:10:44,999 [ForkJoinPool.commonPool-worker-0] INFO  impl.RaftServerImpl (ServerState.java:close(388)) - 831edaa1-80a5-4091-843f-90c648a5a79d@group-21AB42D2BF21: closes. applyIndex: 0
2019-10-17 07:10:45,000 [831edaa1-80a5-4091-843f-90c648a5a79d@group-21AB42D2BF21-SegmentedRaftLogWorker] INFO  segmented.SegmentedRaftLogWorker (SegmentedRaftLogWorker.java:run(316)) - 831edaa1-80a5-4091-843f-90c648a5a79d@group-21AB42D2BF21-SegmentedRaftLogWorker was interrupted, exiting. There are 0 tasks remaining in the queue.
2019-10-17 07:10:45,002 [ForkJoinPool.commonPool-worker-0] INFO  segmented.SegmentedRaftLogWorker (SegmentedRaftLogWorker.java:close(224)) - 831edaa1-80a5-4091-843f-90c648a5a79d@group-21AB42D2BF21-SegmentedRaftLogWorker close()
2019-10-17 07:10:45,005 [ForkJoinPool.commonPool-worker-0] INFO  impl.RaftServerImpl (RaftServerImpl.java:lambda$shutdown$3(261)) - 831edaa1-80a5-4091-843f-90c648a5a79d@group-233C052D78D6: shutdown
2019-10-17 07:10:45,005 [ForkJoinPool.commonPool-worker-0] INFO  util.JmxRegister (JmxRegister.java:unregister(73)) - Successfully un-registered JMX Bean with object name Ratis:service=RaftServer,group=group-233C052D78D6,id=831edaa1-80a5-4091-843f-90c648a5a79d
2019-10-17 07:10:45,005 [ForkJoinPool.commonPool-worker-0] INFO  impl.RoleInfo (RoleInfo.java:shutdownFollowerState(121)) - 831edaa1-80a5-4091-843f-90c648a5a79d: shutdown FollowerState
2019-10-17 07:10:45,005 [ForkJoinPool.commonPool-worker-0] INFO  impl.StateMachineUpdater (StateMachineUpdater.java:stopAndJoin(136)) - 831edaa1-80a5-4091-843f-90c648a5a79d@group-233C052D78D6-StateMachineUpdater: set stopIndex = -1
2019-10-17 07:10:45,005 [Thread-2538] INFO  impl.FollowerState (FollowerState.java:run(117)) - 831edaa1-80a5-4091-843f-90c648a5a79d@group-233C052D78D6-FollowerState was interrupted: java.lang.InterruptedException: sleep interrupted
2019-10-17 07:10:45,005 [ForkJoinPool.commonPool-worker-0] INFO  impl.RaftServerImpl (ServerState.java:close(388)) - 831edaa1-80a5-4091-843f-90c648a5a79d@group-233C052D78D6: closes. applyIndex: -1
2019-10-17 07:10:45,006 [831edaa1-80a5-4091-843f-90c648a5a79d@group-233C052D78D6-SegmentedRaftLogWorker] INFO  segmented.SegmentedRaftLogWorker (SegmentedRaftLogWorker.java:run(316)) - 831edaa1-80a5-4091-843f-90c648a5a79d@group-233C052D78D6-SegmentedRaftLogWorker was interrupted, exiting. There are 0 tasks remaining in the queue.
2019-10-17 07:10:45,007 [ForkJoinPool.commonPool-worker-0] INFO  segmented.SegmentedRaftLogWorker (SegmentedRaftLogWorker.java:close(224)) - 831edaa1-80a5-4091-843f-90c648a5a79d@group-233C052D78D6-SegmentedRaftLogWorker close()
2019-10-17 07:10:45,009 [ForkJoinPool.commonPool-worker-0] INFO  server.GrpcService (GrpcService.java:closeImpl(164)) - 831edaa1-80a5-4091-843f-90c648a5a79d: shutdown server with port 44365 now
2019-10-17 07:10:45,010 [ForkJoinPool.commonPool-worker-0] INFO  server.GrpcService (GrpcService.java:closeImpl(172)) - 831edaa1-80a5-4091-843f-90c648a5a79d: shutdown server with port 44365 successfully
2019-10-17 07:10:45,023 [refreshUsed-/workdir/hadoop-ozone/integration-test/target/test-dir/MiniOzoneClusterImpl-ef926406-3935-4524-95f5-43adee877df5/datanode-3/data/containers] WARN  fs.CachingGetSpaceUsed (CachingGetSpaceUsed.java:run(183)) - Thread Interrupted waiting to refresh disk information: sleep interrupted
2019-10-17 07:10:45,028 [5c4ee31d-c5ed-4c65-a5df-da3e3cf53ac2@group-233C052D78D6-LeaderElection320] INFO  impl.LeaderElection (LogUtils.java:infoOrTrace(149)) - 5c4ee31d-c5ed-4c65-a5df-da3e3cf53ac2@group-233C052D78D6-LeaderElection320 got exception when requesting votes: {}
java.util.concurrent.ExecutionException: org.apache.ratis.thirdparty.io.grpc.StatusRuntimeException: CANCELLED: HTTP/2 error code: CANCEL
Received Rst Stream
	at java.util.concurrent.FutureTask.report(FutureTask.java:122)
	at java.util.concurrent.FutureTask.get(FutureTask.java:192)
	at org.apache.ratis.server.impl.LeaderElection.waitForResults(LeaderElection.java:259)
	at org.apache.ratis.server.impl.LeaderElection.askForVotes(LeaderElection.java:197)
	at org.apache.ratis.server.impl.LeaderElection.run(LeaderElection.java:133)
	at java.lang.Thread.run(Thread.java:748)
Caused by: org.apache.ratis.thirdparty.io.grpc.StatusRuntimeException: CANCELLED: HTTP/2 error code: CANCEL
Received Rst Stream
	at org.apache.ratis.thirdparty.io.grpc.stub.ClientCalls.toStatusRuntimeException(ClientCalls.java:233)
	at org.apache.ratis.thirdparty.io.grpc.stub.ClientCalls.getUnchecked(ClientCalls.java:214)
	at org.apache.ratis.thirdparty.io.grpc.stub.ClientCalls.blockingUnaryCall(ClientCalls.java:139)
	at org.apache.ratis.proto.grpc.RaftServerProtocolServiceGrpc$RaftServerProtocolServiceBlockingStub.requestVote(RaftServerProtocolServiceGrpc.java:265)
	at org.apache.ratis.grpc.server.GrpcServerProtocolClient.requestVote(GrpcServerProtocolClient.java:99)
	at org.apache.ratis.grpc.server.GrpcService.requestVote(GrpcService.java:204)
	at org.apache.ratis.server.impl.LeaderElection.lambda$submitRequests$1(LeaderElection.java:234)
	at java.util.concurrent.FutureTask.run(FutureTask.java:266)
	at java.util.concurrent.Executors$RunnableAdapter.call(Executors.java:511)
	at java.util.concurrent.FutureTask.run(FutureTask.java:266)
	at java.util.concurrent.ThreadPoolExecutor.runWorker(ThreadPoolExecutor.java:1149)
	at java.util.concurrent.ThreadPoolExecutor$Worker.run(ThreadPoolExecutor.java:624)
	... 1 more
2019-10-17 07:10:45,032 [5c4ee31d-c5ed-4c65-a5df-da3e3cf53ac2@group-233C052D78D6-LeaderElection320] INFO  impl.LeaderElection (LeaderElection.java:logAndReturn(56)) - 5c4ee31d-c5ed-4c65-a5df-da3e3cf53ac2@group-233C052D78D6-LeaderElection320: Election REJECTED; received 1 response(s) [5c4ee31d-c5ed-4c65-a5df-da3e3cf53ac2<-67ae3572-7d88-4e50-b53b-0f48f6748b38#0:FAIL-t170] and 1 exception(s); 5c4ee31d-c5ed-4c65-a5df-da3e3cf53ac2@group-233C052D78D6:t170, leader=null, voted=5c4ee31d-c5ed-4c65-a5df-da3e3cf53ac2, raftlog=5c4ee31d-c5ed-4c65-a5df-da3e3cf53ac2@group-233C052D78D6-SegmentedRaftLog:OPENED:c-1,f-1,i0, conf=-1: [67ae3572-7d88-4e50-b53b-0f48f6748b38:192.168.157.211:41299, 831edaa1-80a5-4091-843f-90c648a5a79d:192.168.157.211:44365, 5c4ee31d-c5ed-4c65-a5df-da3e3cf53ac2:192.168.157.211:45059], old=null
2019-10-17 07:10:45,033 [5c4ee31d-c5ed-4c65-a5df-da3e3cf53ac2@group-233C052D78D6-LeaderElection320] INFO  impl.LeaderElection (LogUtils.java:infoOrTrace(149)) -   Exception 0: {}
java.util.concurrent.ExecutionException: org.apache.ratis.thirdparty.io.grpc.StatusRuntimeException: CANCELLED: HTTP/2 error code: CANCEL
Received Rst Stream
	at java.util.concurrent.FutureTask.report(FutureTask.java:122)
	at java.util.concurrent.FutureTask.get(FutureTask.java:192)
	at org.apache.ratis.server.impl.LeaderElection.waitForResults(LeaderElection.java:259)
	at org.apache.ratis.server.impl.LeaderElection.askForVotes(LeaderElection.java:197)
	at org.apache.ratis.server.impl.LeaderElection.run(LeaderElection.java:133)
	at java.lang.Thread.run(Thread.java:748)
Caused by: org.apache.ratis.thirdparty.io.grpc.StatusRuntimeException: CANCELLED: HTTP/2 error code: CANCEL
Received Rst Stream
	at org.apache.ratis.thirdparty.io.grpc.stub.ClientCalls.toStatusRuntimeException(ClientCalls.java:233)
	at org.apache.ratis.thirdparty.io.grpc.stub.ClientCalls.getUnchecked(ClientCalls.java:214)
	at org.apache.ratis.thirdparty.io.grpc.stub.ClientCalls.blockingUnaryCall(ClientCalls.java:139)
	at org.apache.ratis.proto.grpc.RaftServerProtocolServiceGrpc$RaftServerProtocolServiceBlockingStub.requestVote(RaftServerProtocolServiceGrpc.java:265)
	at org.apache.ratis.grpc.server.GrpcServerProtocolClient.requestVote(GrpcServerProtocolClient.java:99)
	at org.apache.ratis.grpc.server.GrpcService.requestVote(GrpcService.java:204)
	at org.apache.ratis.server.impl.LeaderElection.lambda$submitRequests$1(LeaderElection.java:234)
	at java.util.concurrent.FutureTask.run(FutureTask.java:266)
	at java.util.concurrent.Executors$RunnableAdapter.call(Executors.java:511)
	at java.util.concurrent.FutureTask.run(FutureTask.java:266)
	at java.util.concurrent.ThreadPoolExecutor.runWorker(ThreadPoolExecutor.java:1149)
	at java.util.concurrent.ThreadPoolExecutor$Worker.run(ThreadPoolExecutor.java:624)
	... 1 more
2019-10-17 07:10:45,033 [5c4ee31d-c5ed-4c65-a5df-da3e3cf53ac2@group-233C052D78D6-LeaderElection320] INFO  impl.RaftServerImpl (RaftServerImpl.java:setRole(184)) - 5c4ee31d-c5ed-4c65-a5df-da3e3cf53ac2@group-233C052D78D6: changes role from CANDIDATE to FOLLOWER at term 170 for DISCOVERED_A_NEW_TERM
2019-10-17 07:10:45,033 [5c4ee31d-c5ed-4c65-a5df-da3e3cf53ac2@group-233C052D78D6-LeaderElection320] INFO  impl.RoleInfo (RoleInfo.java:shutdownLeaderElection(134)) - 5c4ee31d-c5ed-4c65-a5df-da3e3cf53ac2: shutdown LeaderElection
2019-10-17 07:10:45,033 [5c4ee31d-c5ed-4c65-a5df-da3e3cf53ac2@group-233C052D78D6-LeaderElection320] INFO  impl.RoleInfo (RoleInfo.java:updateAndGet(143)) - 5c4ee31d-c5ed-4c65-a5df-da3e3cf53ac2: start FollowerState
2019-10-17 07:10:45,041 [ForkJoinPool.commonPool-worker-0] INFO  utils.BackgroundService (BackgroundService.java:shutdown(151)) - Shutting down service BlockDeletingService
2019-10-17 07:10:45,044 [ForkJoinPool.commonPool-worker-0] INFO  statemachine.DatanodeStateMachine (DatanodeStateMachine.java:stopDaemon(395)) - Ozone container server stopped.
2019-10-17 07:10:45,048 [Thread-2534] INFO  impl.FollowerState (FollowerState.java:run(108)) - decc5551-dd4b-40dc-8ff5-b6b450d67f6f@group-42ACBF6EBE4E-FollowerState: change to CANDIDATE, lastRpcTime:74ms, electionTimeout:73ms
2019-10-17 07:10:45,048 [ForkJoinPool.commonPool-worker-0] INFO  handler.ContextHandler (ContextHandler.java:doStop(910)) - Stopped o.e.j.w.WebAppContext@52d97ab6{/,null,UNAVAILABLE}{/hddsDatanode}
2019-10-17 07:10:45,048 [Thread-2534] INFO  impl.RoleInfo (RoleInfo.java:shutdownFollowerState(121)) - decc5551-dd4b-40dc-8ff5-b6b450d67f6f: shutdown FollowerState
2019-10-17 07:10:45,049 [Thread-2534] INFO  impl.RaftServerImpl (RaftServerImpl.java:setRole(184)) - decc5551-dd4b-40dc-8ff5-b6b450d67f6f@group-42ACBF6EBE4E: changes role from  FOLLOWER to CANDIDATE at term 172 for changeToCandidate
2019-10-17 07:10:45,049 [Thread-2534] INFO  impl.RoleInfo (RoleInfo.java:updateAndGet(143)) - decc5551-dd4b-40dc-8ff5-b6b450d67f6f: start LeaderElection
2019-10-17 07:10:45,050 [ForkJoinPool.commonPool-worker-0] INFO  server.AbstractConnector (AbstractConnector.java:doStop(318)) - Stopped ServerConnector@4da6d664{HTTP/1.1,[http/1.1]}{0.0.0.0:0}
2019-10-17 07:10:45,051 [ForkJoinPool.commonPool-worker-0] INFO  handler.ContextHandler (ContextHandler.java:doStop(910)) - Stopped o.e.j.s.ServletContextHandler@1a2bcd56{/static,jar:file:/home/user/.m2/repository/org/apache/hadoop/hadoop-hdds-container-service/0.5.0-SNAPSHOT/hadoop-hdds-container-service-0.5.0-SNAPSHOT.jar!/webapps/static,UNAVAILABLE}
2019-10-17 07:10:45,052 [ForkJoinPool.commonPool-worker-0] INFO  handler.ContextHandler (ContextHandler.java:doStop(910)) - Stopped o.e.j.s.ServletContextHandler@c27a3a2{/logs,file:///workdir/hadoop-ozone/integration-test/target/log,UNAVAILABLE}
2019-10-17 07:10:45,057 [main] INFO  ozoneimpl.OzoneContainer (OzoneContainer.java:stop(227)) - Attempting to stop container services.
2019-10-17 07:10:45,058 [main] INFO  impl.RaftServerProxy (RaftServerProxy.java:lambda$close$4(314)) - 5c4ee31d-c5ed-4c65-a5df-da3e3cf53ac2: close
2019-10-17 07:10:45,058 [main] INFO  impl.RaftServerImpl (RaftServerImpl.java:lambda$shutdown$3(261)) - 5c4ee31d-c5ed-4c65-a5df-da3e3cf53ac2@group-233C052D78D6: shutdown
2019-10-17 07:10:45,058 [main] INFO  util.JmxRegister (JmxRegister.java:unregister(73)) - Successfully un-registered JMX Bean with object name Ratis:service=RaftServer,group=group-233C052D78D6,id=5c4ee31d-c5ed-4c65-a5df-da3e3cf53ac2
2019-10-17 07:10:45,059 [main] INFO  impl.RoleInfo (RoleInfo.java:shutdownFollowerState(121)) - 5c4ee31d-c5ed-4c65-a5df-da3e3cf53ac2: shutdown FollowerState
2019-10-17 07:10:45,059 [main] INFO  impl.StateMachineUpdater (StateMachineUpdater.java:stopAndJoin(136)) - 5c4ee31d-c5ed-4c65-a5df-da3e3cf53ac2@group-233C052D78D6-StateMachineUpdater: set stopIndex = -1
2019-10-17 07:10:45,059 [Thread-2539] INFO  impl.FollowerState (FollowerState.java:run(117)) - 5c4ee31d-c5ed-4c65-a5df-da3e3cf53ac2@group-233C052D78D6-FollowerState was interrupted: java.lang.InterruptedException: sleep interrupted
2019-10-17 07:10:45,059 [main] INFO  impl.RaftServerImpl (ServerState.java:close(388)) - 5c4ee31d-c5ed-4c65-a5df-da3e3cf53ac2@group-233C052D78D6: closes. applyIndex: -1
2019-10-17 07:10:45,060 [5c4ee31d-c5ed-4c65-a5df-da3e3cf53ac2@group-233C052D78D6-SegmentedRaftLogWorker] INFO  segmented.SegmentedRaftLogWorker (SegmentedRaftLogWorker.java:run(316)) - 5c4ee31d-c5ed-4c65-a5df-da3e3cf53ac2@group-233C052D78D6-SegmentedRaftLogWorker was interrupted, exiting. There are 0 tasks remaining in the queue.
2019-10-17 07:10:45,060 [main] INFO  segmented.SegmentedRaftLogWorker (SegmentedRaftLogWorker.java:close(224)) - 5c4ee31d-c5ed-4c65-a5df-da3e3cf53ac2@group-233C052D78D6-SegmentedRaftLogWorker close()
2019-10-17 07:10:45,062 [main] INFO  impl.RaftServerImpl (RaftServerImpl.java:lambda$shutdown$3(261)) - 5c4ee31d-c5ed-4c65-a5df-da3e3cf53ac2@group-A4252709B5DB: shutdown
2019-10-17 07:10:45,063 [main] INFO  util.JmxRegister (JmxRegister.java:unregister(73)) - Successfully un-registered JMX Bean with object name Ratis:service=RaftServer,group=group-A4252709B5DB,id=5c4ee31d-c5ed-4c65-a5df-da3e3cf53ac2
2019-10-17 07:10:45,063 [main] INFO  impl.RoleInfo (RoleInfo.java:shutdownLeaderState(104)) - 5c4ee31d-c5ed-4c65-a5df-da3e3cf53ac2: shutdown LeaderState
2019-10-17 07:10:45,063 [main] INFO  impl.PendingRequests (PendingRequests.java:sendNotLeaderResponses(202)) - 5c4ee31d-c5ed-4c65-a5df-da3e3cf53ac2@group-A4252709B5DB-PendingRequests: sendNotLeaderResponses
2019-10-17 07:10:45,063 [main] INFO  impl.StateMachineUpdater (StateMachineUpdater.java:stopAndJoin(136)) - 5c4ee31d-c5ed-4c65-a5df-da3e3cf53ac2@group-A4252709B5DB-StateMachineUpdater: set stopIndex = 0
2019-10-17 07:10:45,064 [main] INFO  impl.RaftServerImpl (ServerState.java:close(388)) - 5c4ee31d-c5ed-4c65-a5df-da3e3cf53ac2@group-A4252709B5DB: closes. applyIndex: 0
2019-10-17 07:10:45,064 [5c4ee31d-c5ed-4c65-a5df-da3e3cf53ac2@group-A4252709B5DB-SegmentedRaftLogWorker] INFO  segmented.SegmentedRaftLogWorker (SegmentedRaftLogWorker.java:run(316)) - 5c4ee31d-c5ed-4c65-a5df-da3e3cf53ac2@group-A4252709B5DB-SegmentedRaftLogWorker was interrupted, exiting. There are 0 tasks remaining in the queue.
2019-10-17 07:10:45,066 [main] INFO  segmented.SegmentedRaftLogWorker (SegmentedRaftLogWorker.java:close(224)) - 5c4ee31d-c5ed-4c65-a5df-da3e3cf53ac2@group-A4252709B5DB-SegmentedRaftLogWorker close()
2019-10-17 07:10:45,069 [main] INFO  server.GrpcService (GrpcService.java:closeImpl(164)) - 5c4ee31d-c5ed-4c65-a5df-da3e3cf53ac2: shutdown server with port 45059 now
2019-10-17 07:10:45,070 [main] INFO  server.GrpcService (GrpcService.java:closeImpl(172)) - 5c4ee31d-c5ed-4c65-a5df-da3e3cf53ac2: shutdown server with port 45059 successfully
2019-10-17 07:10:45,072 [refreshUsed-/workdir/hadoop-ozone/integration-test/target/test-dir/MiniOzoneClusterImpl-ef926406-3935-4524-95f5-43adee877df5/datanode-6/data/containers] WARN  fs.CachingGetSpaceUsed (CachingGetSpaceUsed.java:run(183)) - Thread Interrupted waiting to refresh disk information: sleep interrupted
2019-10-17 07:10:45,077 [decc5551-dd4b-40dc-8ff5-b6b450d67f6f@group-42ACBF6EBE4E-LeaderElection321] INFO  impl.LeaderElection (LeaderElection.java:askForVotes(178)) - decc5551-dd4b-40dc-8ff5-b6b450d67f6f@group-42ACBF6EBE4E-LeaderElection321: begin an election at term 173 for -1: [215fceca-0555-458b-bc4f-ba38ff24d5ba:192.168.157.211:43803, decc5551-dd4b-40dc-8ff5-b6b450d67f6f:192.168.157.211:34435, 0c631657-10a5-4e2a-a322-8fc6c651b2ed:192.168.157.211:41694], old=null
2019-10-17 07:10:45,080 [grpc-default-executor-3] INFO  impl.RaftServerImpl (RaftServerImpl.java:setRole(184)) - 215fceca-0555-458b-bc4f-ba38ff24d5ba@group-42ACBF6EBE4E: changes role from  FOLLOWER to FOLLOWER at term 173 for recognizeCandidate:decc5551-dd4b-40dc-8ff5-b6b450d67f6f
2019-10-17 07:10:45,080 [grpc-default-executor-3] INFO  impl.RoleInfo (RoleInfo.java:shutdownFollowerState(121)) - 215fceca-0555-458b-bc4f-ba38ff24d5ba: shutdown FollowerState
2019-10-17 07:10:45,080 [grpc-default-executor-3] INFO  impl.RoleInfo (RoleInfo.java:updateAndGet(143)) - 215fceca-0555-458b-bc4f-ba38ff24d5ba: start FollowerState
2019-10-17 07:10:45,080 [Thread-2531] INFO  impl.FollowerState (FollowerState.java:run(117)) - 215fceca-0555-458b-bc4f-ba38ff24d5ba@group-42ACBF6EBE4E-FollowerState was interrupted: java.lang.InterruptedException: sleep interrupted
2019-10-17 07:10:45,080 [grpc-default-executor-9] INFO  impl.RaftServerImpl (RaftServerImpl.java:setRole(184)) - 0c631657-10a5-4e2a-a322-8fc6c651b2ed@group-42ACBF6EBE4E: changes role from  FOLLOWER to FOLLOWER at term 173 for recognizeCandidate:decc5551-dd4b-40dc-8ff5-b6b450d67f6f
2019-10-17 07:10:45,080 [grpc-default-executor-9] INFO  impl.RoleInfo (RoleInfo.java:shutdownFollowerState(121)) - 0c631657-10a5-4e2a-a322-8fc6c651b2ed: shutdown FollowerState
2019-10-17 07:10:45,080 [grpc-default-executor-9] INFO  impl.RoleInfo (RoleInfo.java:updateAndGet(143)) - 0c631657-10a5-4e2a-a322-8fc6c651b2ed: start FollowerState
2019-10-17 07:10:45,080 [Thread-2532] INFO  impl.FollowerState (FollowerState.java:run(117)) - 0c631657-10a5-4e2a-a322-8fc6c651b2ed@group-42ACBF6EBE4E-FollowerState was interrupted: java.lang.InterruptedException: sleep interrupted
2019-10-17 07:10:45,088 [main] INFO  utils.BackgroundService (BackgroundService.java:shutdown(151)) - Shutting down service BlockDeletingService
2019-10-17 07:10:45,092 [main] INFO  statemachine.DatanodeStateMachine (DatanodeStateMachine.java:stopDaemon(395)) - Ozone container server stopped.
2019-10-17 07:10:45,093 [main] INFO  handler.ContextHandler (ContextHandler.java:doStop(910)) - Stopped o.e.j.w.WebAppContext@934b52f{/,null,UNAVAILABLE}{/hddsDatanode}
2019-10-17 07:10:45,094 [main] INFO  server.AbstractConnector (AbstractConnector.java:doStop(318)) - Stopped ServerConnector@2630dbc4{HTTP/1.1,[http/1.1]}{0.0.0.0:0}
2019-10-17 07:10:45,094 [main] INFO  handler.ContextHandler (ContextHandler.java:doStop(910)) - Stopped o.e.j.s.ServletContextHandler@4228bf58{/static,jar:file:/home/user/.m2/repository/org/apache/hadoop/hadoop-hdds-container-service/0.5.0-SNAPSHOT/hadoop-hdds-container-service-0.5.0-SNAPSHOT.jar!/webapps/static,UNAVAILABLE}
2019-10-17 07:10:45,094 [main] INFO  handler.ContextHandler (ContextHandler.java:doStop(910)) - Stopped o.e.j.s.ServletContextHandler@6f94fb9d{/logs,file:///workdir/hadoop-ozone/integration-test/target/log,UNAVAILABLE}
2019-10-17 07:10:45,107 [decc5551-dd4b-40dc-8ff5-b6b450d67f6f@group-42ACBF6EBE4E-LeaderElection321] INFO  impl.LeaderElection (LeaderElection.java:logAndReturn(56)) - decc5551-dd4b-40dc-8ff5-b6b450d67f6f@group-42ACBF6EBE4E-LeaderElection321: Election REJECTED; received 2 response(s) [decc5551-dd4b-40dc-8ff5-b6b450d67f6f<-215fceca-0555-458b-bc4f-ba38ff24d5ba#0:FAIL-t173, decc5551-dd4b-40dc-8ff5-b6b450d67f6f<-0c631657-10a5-4e2a-a322-8fc6c651b2ed#0:FAIL-t173] and 0 exception(s); decc5551-dd4b-40dc-8ff5-b6b450d67f6f@group-42ACBF6EBE4E:t173, leader=null, voted=decc5551-dd4b-40dc-8ff5-b6b450d67f6f, raftlog=decc5551-dd4b-40dc-8ff5-b6b450d67f6f@group-42ACBF6EBE4E-SegmentedRaftLog:OPENED:c-1,f-1,i0, conf=-1: [215fceca-0555-458b-bc4f-ba38ff24d5ba:192.168.157.211:43803, decc5551-dd4b-40dc-8ff5-b6b450d67f6f:192.168.157.211:34435, 0c631657-10a5-4e2a-a322-8fc6c651b2ed:192.168.157.211:41694], old=null
2019-10-17 07:10:45,107 [decc5551-dd4b-40dc-8ff5-b6b450d67f6f@group-42ACBF6EBE4E-LeaderElection321] INFO  impl.RaftServerImpl (RaftServerImpl.java:setRole(184)) - decc5551-dd4b-40dc-8ff5-b6b450d67f6f@group-42ACBF6EBE4E: changes role from CANDIDATE to FOLLOWER at term 173 for DISCOVERED_A_NEW_TERM
2019-10-17 07:10:45,108 [decc5551-dd4b-40dc-8ff5-b6b450d67f6f@group-42ACBF6EBE4E-LeaderElection321] INFO  impl.RoleInfo (RoleInfo.java:shutdownLeaderElection(134)) - decc5551-dd4b-40dc-8ff5-b6b450d67f6f: shutdown LeaderElection
2019-10-17 07:10:45,108 [decc5551-dd4b-40dc-8ff5-b6b450d67f6f@group-42ACBF6EBE4E-LeaderElection321] INFO  impl.RoleInfo (RoleInfo.java:updateAndGet(143)) - decc5551-dd4b-40dc-8ff5-b6b450d67f6f: start FollowerState
2019-10-17 07:10:45,111 [java.util.concurrent.ThreadPoolExecutor$Worker@234137a4[State = -1, empty queue]] WARN  server.GrpcLogAppender (GrpcLogAppender.java:timeoutAppendRequest(209)) - d31fb603-bc45-4cd2-bfc5-2ee103695b2e@group-A2172F2EE55F->a4e5d14e-95af-4d1f-b670-5b1c42084e26-GrpcLogAppender: appendEntries Timeout, request=d31fb603-bc45-4cd2-bfc5-2ee103695b2e->a4e5d14e-95af-4d1f-b670-5b1c42084e26#55-t3, previous=(t:3, i:20), leaderCommit=20, initializing? false, entries: <empty>
2019-10-17 07:10:45,219 [Thread-2545] INFO  impl.FollowerState (FollowerState.java:run(108)) - decc5551-dd4b-40dc-8ff5-b6b450d67f6f@group-42ACBF6EBE4E-FollowerState: change to CANDIDATE, lastRpcTime:111ms, electionTimeout:111ms
2019-10-17 07:10:45,219 [Thread-2545] INFO  impl.RoleInfo (RoleInfo.java:shutdownFollowerState(121)) - decc5551-dd4b-40dc-8ff5-b6b450d67f6f: shutdown FollowerState
2019-10-17 07:10:45,220 [Thread-2545] INFO  impl.RaftServerImpl (RaftServerImpl.java:setRole(184)) - decc5551-dd4b-40dc-8ff5-b6b450d67f6f@group-42ACBF6EBE4E: changes role from  FOLLOWER to CANDIDATE at term 173 for changeToCandidate
2019-10-17 07:10:45,220 [Thread-2545] INFO  impl.RoleInfo (RoleInfo.java:updateAndGet(143)) - decc5551-dd4b-40dc-8ff5-b6b450d67f6f: start LeaderElection
2019-10-17 07:10:45,245 [decc5551-dd4b-40dc-8ff5-b6b450d67f6f@group-42ACBF6EBE4E-LeaderElection322] INFO  impl.LeaderElection (LeaderElection.java:askForVotes(178)) - decc5551-dd4b-40dc-8ff5-b6b450d67f6f@group-42ACBF6EBE4E-LeaderElection322: begin an election at term 174 for -1: [215fceca-0555-458b-bc4f-ba38ff24d5ba:192.168.157.211:43803, decc5551-dd4b-40dc-8ff5-b6b450d67f6f:192.168.157.211:34435, 0c631657-10a5-4e2a-a322-8fc6c651b2ed:192.168.157.211:41694], old=null
2019-10-17 07:10:45,247 [grpc-default-executor-9] INFO  impl.RaftServerImpl (RaftServerImpl.java:setRole(184)) - 215fceca-0555-458b-bc4f-ba38ff24d5ba@group-42ACBF6EBE4E: changes role from  FOLLOWER to FOLLOWER at term 174 for recognizeCandidate:decc5551-dd4b-40dc-8ff5-b6b450d67f6f
2019-10-17 07:10:45,247 [grpc-default-executor-9] INFO  impl.RoleInfo (RoleInfo.java:shutdownFollowerState(121)) - 215fceca-0555-458b-bc4f-ba38ff24d5ba: shutdown FollowerState
2019-10-17 07:10:45,248 [grpc-default-executor-9] INFO  impl.RoleInfo (RoleInfo.java:updateAndGet(143)) - 215fceca-0555-458b-bc4f-ba38ff24d5ba: start FollowerState
2019-10-17 07:10:45,248 [grpc-default-executor-3] INFO  impl.RaftServerImpl (RaftServerImpl.java:setRole(184)) - 0c631657-10a5-4e2a-a322-8fc6c651b2ed@group-42ACBF6EBE4E: changes role from  FOLLOWER to FOLLOWER at term 174 for recognizeCandidate:decc5551-dd4b-40dc-8ff5-b6b450d67f6f
2019-10-17 07:10:45,248 [Thread-2543] INFO  impl.FollowerState (FollowerState.java:run(117)) - 215fceca-0555-458b-bc4f-ba38ff24d5ba@group-42ACBF6EBE4E-FollowerState was interrupted: java.lang.InterruptedException: sleep interrupted
2019-10-17 07:10:45,248 [grpc-default-executor-3] INFO  impl.RoleInfo (RoleInfo.java:shutdownFollowerState(121)) - 0c631657-10a5-4e2a-a322-8fc6c651b2ed: shutdown FollowerState
2019-10-17 07:10:45,248 [grpc-default-executor-3] INFO  impl.RoleInfo (RoleInfo.java:updateAndGet(143)) - 0c631657-10a5-4e2a-a322-8fc6c651b2ed: start FollowerState
2019-10-17 07:10:45,248 [Thread-2544] INFO  impl.FollowerState (FollowerState.java:run(117)) - 0c631657-10a5-4e2a-a322-8fc6c651b2ed@group-42ACBF6EBE4E-FollowerState was interrupted: java.lang.InterruptedException: sleep interrupted
2019-10-17 07:10:45,252 [decc5551-dd4b-40dc-8ff5-b6b450d67f6f@group-42ACBF6EBE4E-LeaderElection322] INFO  impl.LeaderElection (LeaderElection.java:logAndReturn(56)) - decc5551-dd4b-40dc-8ff5-b6b450d67f6f@group-42ACBF6EBE4E-LeaderElection322: Election TIMEOUT; received 0 response(s) [] and 0 exception(s); decc5551-dd4b-40dc-8ff5-b6b450d67f6f@group-42ACBF6EBE4E:t174, leader=null, voted=decc5551-dd4b-40dc-8ff5-b6b450d67f6f, raftlog=decc5551-dd4b-40dc-8ff5-b6b450d67f6f@group-42ACBF6EBE4E-SegmentedRaftLog:OPENED:c-1,f-1,i0, conf=-1: [215fceca-0555-458b-bc4f-ba38ff24d5ba:192.168.157.211:43803, decc5551-dd4b-40dc-8ff5-b6b450d67f6f:192.168.157.211:34435, 0c631657-10a5-4e2a-a322-8fc6c651b2ed:192.168.157.211:41694], old=null
2019-10-17 07:10:45,257 [decc5551-dd4b-40dc-8ff5-b6b450d67f6f@group-42ACBF6EBE4E-LeaderElection322] INFO  impl.LeaderElection (LeaderElection.java:askForVotes(178)) - decc5551-dd4b-40dc-8ff5-b6b450d67f6f@group-42ACBF6EBE4E-LeaderElection322: begin an election at term 175 for -1: [215fceca-0555-458b-bc4f-ba38ff24d5ba:192.168.157.211:43803, decc5551-dd4b-40dc-8ff5-b6b450d67f6f:192.168.157.211:34435, 0c631657-10a5-4e2a-a322-8fc6c651b2ed:192.168.157.211:41694], old=null
2019-10-17 07:10:45,259 [grpc-default-executor-3] INFO  impl.RaftServerImpl (RaftServerImpl.java:setRole(184)) - 215fceca-0555-458b-bc4f-ba38ff24d5ba@group-42ACBF6EBE4E: changes role from  FOLLOWER to FOLLOWER at term 175 for recognizeCandidate:decc5551-dd4b-40dc-8ff5-b6b450d67f6f
2019-10-17 07:10:45,259 [grpc-default-executor-3] INFO  impl.RoleInfo (RoleInfo.java:shutdownFollowerState(121)) - 215fceca-0555-458b-bc4f-ba38ff24d5ba: shutdown FollowerState
2019-10-17 07:10:45,259 [grpc-default-executor-9] INFO  impl.RaftServerImpl (RaftServerImpl.java:setRole(184)) - 0c631657-10a5-4e2a-a322-8fc6c651b2ed@group-42ACBF6EBE4E: changes role from  FOLLOWER to FOLLOWER at term 175 for recognizeCandidate:decc5551-dd4b-40dc-8ff5-b6b450d67f6f
2019-10-17 07:10:45,259 [grpc-default-executor-3] INFO  impl.RoleInfo (RoleInfo.java:updateAndGet(143)) - 215fceca-0555-458b-bc4f-ba38ff24d5ba: start FollowerState
2019-10-17 07:10:45,259 [Thread-2550] INFO  impl.FollowerState (FollowerState.java:run(117)) - 215fceca-0555-458b-bc4f-ba38ff24d5ba@group-42ACBF6EBE4E-FollowerState was interrupted: java.lang.InterruptedException: sleep interrupted
2019-10-17 07:10:45,259 [grpc-default-executor-9] INFO  impl.RoleInfo (RoleInfo.java:shutdownFollowerState(121)) - 0c631657-10a5-4e2a-a322-8fc6c651b2ed: shutdown FollowerState
2019-10-17 07:10:45,260 [grpc-default-executor-9] INFO  impl.RoleInfo (RoleInfo.java:updateAndGet(143)) - 0c631657-10a5-4e2a-a322-8fc6c651b2ed: start FollowerState
2019-10-17 07:10:45,260 [Thread-2551] INFO  impl.FollowerState (FollowerState.java:run(117)) - 0c631657-10a5-4e2a-a322-8fc6c651b2ed@group-42ACBF6EBE4E-FollowerState was interrupted: java.lang.InterruptedException: sleep interrupted
2019-10-17 07:10:45,282 [decc5551-dd4b-40dc-8ff5-b6b450d67f6f@group-42ACBF6EBE4E-LeaderElection322] INFO  impl.LeaderElection (LeaderElection.java:logAndReturn(56)) - decc5551-dd4b-40dc-8ff5-b6b450d67f6f@group-42ACBF6EBE4E-LeaderElection322: Election REJECTED; received 2 response(s) [decc5551-dd4b-40dc-8ff5-b6b450d67f6f<-215fceca-0555-458b-bc4f-ba38ff24d5ba#0:FAIL-t175, decc5551-dd4b-40dc-8ff5-b6b450d67f6f<-0c631657-10a5-4e2a-a322-8fc6c651b2ed#0:FAIL-t175] and 0 exception(s); decc5551-dd4b-40dc-8ff5-b6b450d67f6f@group-42ACBF6EBE4E:t175, leader=null, voted=decc5551-dd4b-40dc-8ff5-b6b450d67f6f, raftlog=decc5551-dd4b-40dc-8ff5-b6b450d67f6f@group-42ACBF6EBE4E-SegmentedRaftLog:OPENED:c-1,f-1,i0, conf=-1: [215fceca-0555-458b-bc4f-ba38ff24d5ba:192.168.157.211:43803, decc5551-dd4b-40dc-8ff5-b6b450d67f6f:192.168.157.211:34435, 0c631657-10a5-4e2a-a322-8fc6c651b2ed:192.168.157.211:41694], old=null
2019-10-17 07:10:45,282 [decc5551-dd4b-40dc-8ff5-b6b450d67f6f@group-42ACBF6EBE4E-LeaderElection322] INFO  impl.RaftServerImpl (RaftServerImpl.java:setRole(184)) - decc5551-dd4b-40dc-8ff5-b6b450d67f6f@group-42ACBF6EBE4E: changes role from CANDIDATE to FOLLOWER at term 175 for DISCOVERED_A_NEW_TERM
2019-10-17 07:10:45,282 [decc5551-dd4b-40dc-8ff5-b6b450d67f6f@group-42ACBF6EBE4E-LeaderElection322] INFO  impl.RoleInfo (RoleInfo.java:shutdownLeaderElection(134)) - decc5551-dd4b-40dc-8ff5-b6b450d67f6f: shutdown LeaderElection
2019-10-17 07:10:45,283 [decc5551-dd4b-40dc-8ff5-b6b450d67f6f@group-42ACBF6EBE4E-LeaderElection322] INFO  impl.RoleInfo (RoleInfo.java:updateAndGet(143)) - decc5551-dd4b-40dc-8ff5-b6b450d67f6f: start FollowerState
2019-10-17 07:10:45,333 [Datanode State Machine Thread - 0] INFO  statemachine.DatanodeStateMachine (DatanodeStateMachine.java:lambda$startDaemon$0(350)) - Ozone container server started.
2019-10-17 07:10:45,417 [Thread-2556] INFO  impl.FollowerState (FollowerState.java:run(108)) - decc5551-dd4b-40dc-8ff5-b6b450d67f6f@group-42ACBF6EBE4E-FollowerState: change to CANDIDATE, lastRpcTime:134ms, electionTimeout:134ms
2019-10-17 07:10:45,417 [Thread-2556] INFO  impl.RoleInfo (RoleInfo.java:shutdownFollowerState(121)) - decc5551-dd4b-40dc-8ff5-b6b450d67f6f: shutdown FollowerState
2019-10-17 07:10:45,417 [Thread-2556] INFO  impl.RaftServerImpl (RaftServerImpl.java:setRole(184)) - decc5551-dd4b-40dc-8ff5-b6b450d67f6f@group-42ACBF6EBE4E: changes role from  FOLLOWER to CANDIDATE at term 175 for changeToCandidate
2019-10-17 07:10:45,417 [Thread-2556] INFO  impl.RoleInfo (RoleInfo.java:updateAndGet(143)) - decc5551-dd4b-40dc-8ff5-b6b450d67f6f: start LeaderElection
2019-10-17 07:10:45,431 [decc5551-dd4b-40dc-8ff5-b6b450d67f6f@group-42ACBF6EBE4E-LeaderElection323] INFO  impl.LeaderElection (LeaderElection.java:askForVotes(178)) - decc5551-dd4b-40dc-8ff5-b6b450d67f6f@group-42ACBF6EBE4E-LeaderElection323: begin an election at term 176 for -1: [215fceca-0555-458b-bc4f-ba38ff24d5ba:192.168.157.211:43803, decc5551-dd4b-40dc-8ff5-b6b450d67f6f:192.168.157.211:34435, 0c631657-10a5-4e2a-a322-8fc6c651b2ed:192.168.157.211:41694], old=null
2019-10-17 07:10:45,432 [grpc-default-executor-3] INFO  impl.RaftServerImpl (RaftServerImpl.java:setRole(184)) - 215fceca-0555-458b-bc4f-ba38ff24d5ba@group-42ACBF6EBE4E: changes role from  FOLLOWER to FOLLOWER at term 176 for recognizeCandidate:decc5551-dd4b-40dc-8ff5-b6b450d67f6f
2019-10-17 07:10:45,432 [grpc-default-executor-9] INFO  impl.RaftServerImpl (RaftServerImpl.java:setRole(184)) - 0c631657-10a5-4e2a-a322-8fc6c651b2ed@group-42ACBF6EBE4E: changes role from  FOLLOWER to FOLLOWER at term 176 for recognizeCandidate:decc5551-dd4b-40dc-8ff5-b6b450d67f6f
2019-10-17 07:10:45,433 [grpc-default-executor-9] INFO  impl.RoleInfo (RoleInfo.java:shutdownFollowerState(121)) - 0c631657-10a5-4e2a-a322-8fc6c651b2ed: shutdown FollowerState
2019-10-17 07:10:45,432 [grpc-default-executor-3] INFO  impl.RoleInfo (RoleInfo.java:shutdownFollowerState(121)) - 215fceca-0555-458b-bc4f-ba38ff24d5ba: shutdown FollowerState
2019-10-17 07:10:45,433 [grpc-default-executor-9] INFO  impl.RoleInfo (RoleInfo.java:updateAndGet(143)) - 0c631657-10a5-4e2a-a322-8fc6c651b2ed: start FollowerState
2019-10-17 07:10:45,433 [Thread-2554] INFO  impl.FollowerState (FollowerState.java:run(117)) - 215fceca-0555-458b-bc4f-ba38ff24d5ba@group-42ACBF6EBE4E-FollowerState was interrupted: java.lang.InterruptedException: sleep interrupted
2019-10-17 07:10:45,433 [grpc-default-executor-3] INFO  impl.RoleInfo (RoleInfo.java:updateAndGet(143)) - 215fceca-0555-458b-bc4f-ba38ff24d5ba: start FollowerState
2019-10-17 07:10:45,433 [Thread-2555] INFO  impl.FollowerState (FollowerState.java:run(117)) - 0c631657-10a5-4e2a-a322-8fc6c651b2ed@group-42ACBF6EBE4E-FollowerState was interrupted: java.lang.InterruptedException: sleep interrupted
2019-10-17 07:10:45,459 [decc5551-dd4b-40dc-8ff5-b6b450d67f6f@group-42ACBF6EBE4E-LeaderElection323] INFO  impl.LeaderElection (LeaderElection.java:logAndReturn(56)) - decc5551-dd4b-40dc-8ff5-b6b450d67f6f@group-42ACBF6EBE4E-LeaderElection323: Election REJECTED; received 2 response(s) [decc5551-dd4b-40dc-8ff5-b6b450d67f6f<-215fceca-0555-458b-bc4f-ba38ff24d5ba#0:FAIL-t176, decc5551-dd4b-40dc-8ff5-b6b450d67f6f<-0c631657-10a5-4e2a-a322-8fc6c651b2ed#0:FAIL-t176] and 0 exception(s); decc5551-dd4b-40dc-8ff5-b6b450d67f6f@group-42ACBF6EBE4E:t176, leader=null, voted=decc5551-dd4b-40dc-8ff5-b6b450d67f6f, raftlog=decc5551-dd4b-40dc-8ff5-b6b450d67f6f@group-42ACBF6EBE4E-SegmentedRaftLog:OPENED:c-1,f-1,i0, conf=-1: [215fceca-0555-458b-bc4f-ba38ff24d5ba:192.168.157.211:43803, decc5551-dd4b-40dc-8ff5-b6b450d67f6f:192.168.157.211:34435, 0c631657-10a5-4e2a-a322-8fc6c651b2ed:192.168.157.211:41694], old=null
2019-10-17 07:10:45,459 [decc5551-dd4b-40dc-8ff5-b6b450d67f6f@group-42ACBF6EBE4E-LeaderElection323] INFO  impl.RaftServerImpl (RaftServerImpl.java:setRole(184)) - decc5551-dd4b-40dc-8ff5-b6b450d67f6f@group-42ACBF6EBE4E: changes role from CANDIDATE to FOLLOWER at term 176 for DISCOVERED_A_NEW_TERM
2019-10-17 07:10:45,459 [decc5551-dd4b-40dc-8ff5-b6b450d67f6f@group-42ACBF6EBE4E-LeaderElection323] INFO  impl.RoleInfo (RoleInfo.java:shutdownLeaderElection(134)) - decc5551-dd4b-40dc-8ff5-b6b450d67f6f: shutdown LeaderElection
2019-10-17 07:10:45,459 [decc5551-dd4b-40dc-8ff5-b6b450d67f6f@group-42ACBF6EBE4E-LeaderElection323] INFO  impl.RoleInfo (RoleInfo.java:updateAndGet(143)) - decc5551-dd4b-40dc-8ff5-b6b450d67f6f: start FollowerState
2019-10-17 07:10:45,611 [java.util.concurrent.ThreadPoolExecutor$Worker@234137a4[State = -1, empty queue]] WARN  server.GrpcLogAppender (GrpcLogAppender.java:timeoutAppendRequest(209)) - d31fb603-bc45-4cd2-bfc5-2ee103695b2e@group-A2172F2EE55F->a4e5d14e-95af-4d1f-b670-5b1c42084e26-GrpcLogAppender: appendEntries Timeout, request=d31fb603-bc45-4cd2-bfc5-2ee103695b2e->a4e5d14e-95af-4d1f-b670-5b1c42084e26#56-t3, previous=(t:3, i:20), leaderCommit=20, initializing? false, entries: <empty>
2019-10-17 07:10:45,618 [Thread-2562] INFO  impl.FollowerState (FollowerState.java:run(108)) - decc5551-dd4b-40dc-8ff5-b6b450d67f6f@group-42ACBF6EBE4E-FollowerState: change to CANDIDATE, lastRpcTime:159ms, electionTimeout:159ms
2019-10-17 07:10:45,618 [Thread-2562] INFO  impl.RoleInfo (RoleInfo.java:shutdownFollowerState(121)) - decc5551-dd4b-40dc-8ff5-b6b450d67f6f: shutdown FollowerState
2019-10-17 07:10:45,618 [Thread-2562] INFO  impl.RaftServerImpl (RaftServerImpl.java:setRole(184)) - decc5551-dd4b-40dc-8ff5-b6b450d67f6f@group-42ACBF6EBE4E: changes role from  FOLLOWER to CANDIDATE at term 176 for changeToCandidate
2019-10-17 07:10:45,619 [Thread-2562] INFO  impl.RoleInfo (RoleInfo.java:updateAndGet(143)) - decc5551-dd4b-40dc-8ff5-b6b450d67f6f: start LeaderElection
2019-10-17 07:10:45,632 [decc5551-dd4b-40dc-8ff5-b6b450d67f6f@group-42ACBF6EBE4E-LeaderElection324] INFO  impl.LeaderElection (LeaderElection.java:askForVotes(178)) - decc5551-dd4b-40dc-8ff5-b6b450d67f6f@group-42ACBF6EBE4E-LeaderElection324: begin an election at term 177 for -1: [215fceca-0555-458b-bc4f-ba38ff24d5ba:192.168.157.211:43803, decc5551-dd4b-40dc-8ff5-b6b450d67f6f:192.168.157.211:34435, 0c631657-10a5-4e2a-a322-8fc6c651b2ed:192.168.157.211:41694], old=null
2019-10-17 07:10:45,634 [grpc-default-executor-9] INFO  impl.RaftServerImpl (RaftServerImpl.java:setRole(184)) - 215fceca-0555-458b-bc4f-ba38ff24d5ba@group-42ACBF6EBE4E: changes role from  FOLLOWER to FOLLOWER at term 177 for recognizeCandidate:decc5551-dd4b-40dc-8ff5-b6b450d67f6f
2019-10-17 07:10:45,634 [grpc-default-executor-9] INFO  impl.RoleInfo (RoleInfo.java:shutdownFollowerState(121)) - 215fceca-0555-458b-bc4f-ba38ff24d5ba: shutdown FollowerState
2019-10-17 07:10:45,635 [grpc-default-executor-3] INFO  impl.RaftServerImpl (RaftServerImpl.java:setRole(184)) - 0c631657-10a5-4e2a-a322-8fc6c651b2ed@group-42ACBF6EBE4E: changes role from  FOLLOWER to FOLLOWER at term 177 for recognizeCandidate:decc5551-dd4b-40dc-8ff5-b6b450d67f6f
2019-10-17 07:10:45,635 [grpc-default-executor-3] INFO  impl.RoleInfo (RoleInfo.java:shutdownFollowerState(121)) - 0c631657-10a5-4e2a-a322-8fc6c651b2ed: shutdown FollowerState
2019-10-17 07:10:45,635 [Thread-2561] INFO  impl.FollowerState (FollowerState.java:run(117)) - 215fceca-0555-458b-bc4f-ba38ff24d5ba@group-42ACBF6EBE4E-FollowerState was interrupted: java.lang.InterruptedException: sleep interrupted
2019-10-17 07:10:45,635 [grpc-default-executor-9] INFO  impl.RoleInfo (RoleInfo.java:updateAndGet(143)) - 215fceca-0555-458b-bc4f-ba38ff24d5ba: start FollowerState
2019-10-17 07:10:45,635 [grpc-default-executor-3] INFO  impl.RoleInfo (RoleInfo.java:updateAndGet(143)) - 0c631657-10a5-4e2a-a322-8fc6c651b2ed: start FollowerState
2019-10-17 07:10:45,635 [Thread-2560] INFO  impl.FollowerState (FollowerState.java:run(117)) - 0c631657-10a5-4e2a-a322-8fc6c651b2ed@group-42ACBF6EBE4E-FollowerState was interrupted: java.lang.InterruptedException: sleep interrupted
2019-10-17 07:10:45,649 [decc5551-dd4b-40dc-8ff5-b6b450d67f6f@group-42ACBF6EBE4E-LeaderElection324] INFO  impl.LeaderElection (LeaderElection.java:logAndReturn(56)) - decc5551-dd4b-40dc-8ff5-b6b450d67f6f@group-42ACBF6EBE4E-LeaderElection324: Election REJECTED; received 2 response(s) [decc5551-dd4b-40dc-8ff5-b6b450d67f6f<-215fceca-0555-458b-bc4f-ba38ff24d5ba#0:FAIL-t177, decc5551-dd4b-40dc-8ff5-b6b450d67f6f<-0c631657-10a5-4e2a-a322-8fc6c651b2ed#0:FAIL-t177] and 0 exception(s); decc5551-dd4b-40dc-8ff5-b6b450d67f6f@group-42ACBF6EBE4E:t177, leader=null, voted=decc5551-dd4b-40dc-8ff5-b6b450d67f6f, raftlog=decc5551-dd4b-40dc-8ff5-b6b450d67f6f@group-42ACBF6EBE4E-SegmentedRaftLog:OPENED:c-1,f-1,i0, conf=-1: [215fceca-0555-458b-bc4f-ba38ff24d5ba:192.168.157.211:43803, decc5551-dd4b-40dc-8ff5-b6b450d67f6f:192.168.157.211:34435, 0c631657-10a5-4e2a-a322-8fc6c651b2ed:192.168.157.211:41694], old=null
2019-10-17 07:10:45,649 [decc5551-dd4b-40dc-8ff5-b6b450d67f6f@group-42ACBF6EBE4E-LeaderElection324] INFO  impl.RaftServerImpl (RaftServerImpl.java:setRole(184)) - decc5551-dd4b-40dc-8ff5-b6b450d67f6f@group-42ACBF6EBE4E: changes role from CANDIDATE to FOLLOWER at term 177 for DISCOVERED_A_NEW_TERM
2019-10-17 07:10:45,650 [decc5551-dd4b-40dc-8ff5-b6b450d67f6f@group-42ACBF6EBE4E-LeaderElection324] INFO  impl.RoleInfo (RoleInfo.java:shutdownLeaderElection(134)) - decc5551-dd4b-40dc-8ff5-b6b450d67f6f: shutdown LeaderElection
2019-10-17 07:10:45,650 [decc5551-dd4b-40dc-8ff5-b6b450d67f6f@group-42ACBF6EBE4E-LeaderElection324] INFO  impl.RoleInfo (RoleInfo.java:updateAndGet(143)) - decc5551-dd4b-40dc-8ff5-b6b450d67f6f: start FollowerState
2019-10-17 07:10:45,768 [Datanode State Machine Thread - 0] INFO  statemachine.DatanodeStateMachine (DatanodeStateMachine.java:lambda$startDaemon$0(350)) - Ozone container server started.
2019-10-17 07:10:45,779 [Thread-2569] INFO  impl.FollowerState (FollowerState.java:run(108)) - decc5551-dd4b-40dc-8ff5-b6b450d67f6f@group-42ACBF6EBE4E-FollowerState: change to CANDIDATE, lastRpcTime:129ms, electionTimeout:129ms
2019-10-17 07:10:45,779 [Thread-2569] INFO  impl.RoleInfo (RoleInfo.java:shutdownFollowerState(121)) - decc5551-dd4b-40dc-8ff5-b6b450d67f6f: shutdown FollowerState
2019-10-17 07:10:45,779 [Thread-2569] INFO  impl.RaftServerImpl (RaftServerImpl.java:setRole(184)) - decc5551-dd4b-40dc-8ff5-b6b450d67f6f@group-42ACBF6EBE4E: changes role from  FOLLOWER to CANDIDATE at term 177 for changeToCandidate
2019-10-17 07:10:45,780 [Thread-2569] INFO  impl.RoleInfo (RoleInfo.java:updateAndGet(143)) - decc5551-dd4b-40dc-8ff5-b6b450d67f6f: start LeaderElection
2019-10-17 07:10:45,803 [decc5551-dd4b-40dc-8ff5-b6b450d67f6f@group-42ACBF6EBE4E-LeaderElection325] INFO  impl.LeaderElection (LeaderElection.java:askForVotes(178)) - decc5551-dd4b-40dc-8ff5-b6b450d67f6f@group-42ACBF6EBE4E-LeaderElection325: begin an election at term 178 for -1: [215fceca-0555-458b-bc4f-ba38ff24d5ba:192.168.157.211:43803, decc5551-dd4b-40dc-8ff5-b6b450d67f6f:192.168.157.211:34435, 0c631657-10a5-4e2a-a322-8fc6c651b2ed:192.168.157.211:41694], old=null
2019-10-17 07:10:45,804 [grpc-default-executor-3] INFO  impl.RaftServerImpl (RaftServerImpl.java:setRole(184)) - 0c631657-10a5-4e2a-a322-8fc6c651b2ed@group-42ACBF6EBE4E: changes role from  FOLLOWER to FOLLOWER at term 178 for recognizeCandidate:decc5551-dd4b-40dc-8ff5-b6b450d67f6f
2019-10-17 07:10:45,804 [grpc-default-executor-3] INFO  impl.RoleInfo (RoleInfo.java:shutdownFollowerState(121)) - 0c631657-10a5-4e2a-a322-8fc6c651b2ed: shutdown FollowerState
2019-10-17 07:10:45,804 [grpc-default-executor-9] INFO  impl.RaftServerImpl (RaftServerImpl.java:setRole(184)) - 215fceca-0555-458b-bc4f-ba38ff24d5ba@group-42ACBF6EBE4E: changes role from  FOLLOWER to FOLLOWER at term 178 for recognizeCandidate:decc5551-dd4b-40dc-8ff5-b6b450d67f6f
2019-10-17 07:10:45,805 [Thread-2567] INFO  impl.FollowerState (FollowerState.java:run(117)) - 0c631657-10a5-4e2a-a322-8fc6c651b2ed@group-42ACBF6EBE4E-FollowerState was interrupted: java.lang.InterruptedException: sleep interrupted
2019-10-17 07:10:45,804 [grpc-default-executor-3] INFO  impl.RoleInfo (RoleInfo.java:updateAndGet(143)) - 0c631657-10a5-4e2a-a322-8fc6c651b2ed: start FollowerState
2019-10-17 07:10:45,805 [grpc-default-executor-9] INFO  impl.RoleInfo (RoleInfo.java:shutdownFollowerState(121)) - 215fceca-0555-458b-bc4f-ba38ff24d5ba: shutdown FollowerState
2019-10-17 07:10:45,805 [grpc-default-executor-9] INFO  impl.RoleInfo (RoleInfo.java:updateAndGet(143)) - 215fceca-0555-458b-bc4f-ba38ff24d5ba: start FollowerState
2019-10-17 07:10:45,805 [Thread-2566] INFO  impl.FollowerState (FollowerState.java:run(117)) - 215fceca-0555-458b-bc4f-ba38ff24d5ba@group-42ACBF6EBE4E-FollowerState was interrupted: java.lang.InterruptedException: sleep interrupted
2019-10-17 07:10:45,819 [decc5551-dd4b-40dc-8ff5-b6b450d67f6f@group-42ACBF6EBE4E-LeaderElection325] INFO  impl.LeaderElection (LeaderElection.java:logAndReturn(56)) - decc5551-dd4b-40dc-8ff5-b6b450d67f6f@group-42ACBF6EBE4E-LeaderElection325: Election REJECTED; received 2 response(s) [decc5551-dd4b-40dc-8ff5-b6b450d67f6f<-215fceca-0555-458b-bc4f-ba38ff24d5ba#0:FAIL-t178, decc5551-dd4b-40dc-8ff5-b6b450d67f6f<-0c631657-10a5-4e2a-a322-8fc6c651b2ed#0:FAIL-t178] and 0 exception(s); decc5551-dd4b-40dc-8ff5-b6b450d67f6f@group-42ACBF6EBE4E:t178, leader=null, voted=decc5551-dd4b-40dc-8ff5-b6b450d67f6f, raftlog=decc5551-dd4b-40dc-8ff5-b6b450d67f6f@group-42ACBF6EBE4E-SegmentedRaftLog:OPENED:c-1,f-1,i0, conf=-1: [215fceca-0555-458b-bc4f-ba38ff24d5ba:192.168.157.211:43803, decc5551-dd4b-40dc-8ff5-b6b450d67f6f:192.168.157.211:34435, 0c631657-10a5-4e2a-a322-8fc6c651b2ed:192.168.157.211:41694], old=null
2019-10-17 07:10:45,819 [decc5551-dd4b-40dc-8ff5-b6b450d67f6f@group-42ACBF6EBE4E-LeaderElection325] INFO  impl.RaftServerImpl (RaftServerImpl.java:setRole(184)) - decc5551-dd4b-40dc-8ff5-b6b450d67f6f@group-42ACBF6EBE4E: changes role from CANDIDATE to FOLLOWER at term 178 for DISCOVERED_A_NEW_TERM
2019-10-17 07:10:45,819 [decc5551-dd4b-40dc-8ff5-b6b450d67f6f@group-42ACBF6EBE4E-LeaderElection325] INFO  impl.RoleInfo (RoleInfo.java:shutdownLeaderElection(134)) - decc5551-dd4b-40dc-8ff5-b6b450d67f6f: shutdown LeaderElection
2019-10-17 07:10:45,819 [decc5551-dd4b-40dc-8ff5-b6b450d67f6f@group-42ACBF6EBE4E-LeaderElection325] INFO  impl.RoleInfo (RoleInfo.java:updateAndGet(143)) - decc5551-dd4b-40dc-8ff5-b6b450d67f6f: start FollowerState
2019-10-17 07:10:45,839 [Thread-2575] INFO  impl.FollowerState (FollowerState.java:run(108)) - decc5551-dd4b-40dc-8ff5-b6b450d67f6f@group-42ACBF6EBE4E-FollowerState: change to CANDIDATE, lastRpcTime:20ms, electionTimeout:20ms
2019-10-17 07:10:45,840 [Thread-2575] INFO  impl.RoleInfo (RoleInfo.java:shutdownFollowerState(121)) - decc5551-dd4b-40dc-8ff5-b6b450d67f6f: shutdown FollowerState
2019-10-17 07:10:45,840 [Thread-2575] INFO  impl.RaftServerImpl (RaftServerImpl.java:setRole(184)) - decc5551-dd4b-40dc-8ff5-b6b450d67f6f@group-42ACBF6EBE4E: changes role from  FOLLOWER to CANDIDATE at term 178 for changeToCandidate
2019-10-17 07:10:45,840 [Thread-2575] INFO  impl.RoleInfo (RoleInfo.java:updateAndGet(143)) - decc5551-dd4b-40dc-8ff5-b6b450d67f6f: start LeaderElection
2019-10-17 07:10:45,865 [decc5551-dd4b-40dc-8ff5-b6b450d67f6f@group-42ACBF6EBE4E-LeaderElection326] INFO  impl.LeaderElection (LeaderElection.java:askForVotes(178)) - decc5551-dd4b-40dc-8ff5-b6b450d67f6f@group-42ACBF6EBE4E-LeaderElection326: begin an election at term 179 for -1: [215fceca-0555-458b-bc4f-ba38ff24d5ba:192.168.157.211:43803, decc5551-dd4b-40dc-8ff5-b6b450d67f6f:192.168.157.211:34435, 0c631657-10a5-4e2a-a322-8fc6c651b2ed:192.168.157.211:41694], old=null
2019-10-17 07:10:45,867 [grpc-default-executor-3] INFO  impl.RaftServerImpl (RaftServerImpl.java:setRole(184)) - 215fceca-0555-458b-bc4f-ba38ff24d5ba@group-42ACBF6EBE4E: changes role from  FOLLOWER to FOLLOWER at term 179 for recognizeCandidate:decc5551-dd4b-40dc-8ff5-b6b450d67f6f
2019-10-17 07:10:45,867 [grpc-default-executor-9] INFO  impl.RaftServerImpl (RaftServerImpl.java:setRole(184)) - 0c631657-10a5-4e2a-a322-8fc6c651b2ed@group-42ACBF6EBE4E: changes role from  FOLLOWER to FOLLOWER at term 179 for recognizeCandidate:decc5551-dd4b-40dc-8ff5-b6b450d67f6f
2019-10-17 07:10:45,868 [grpc-default-executor-3] INFO  impl.RoleInfo (RoleInfo.java:shutdownFollowerState(121)) - 215fceca-0555-458b-bc4f-ba38ff24d5ba: shutdown FollowerState
2019-10-17 07:10:45,868 [grpc-default-executor-9] INFO  impl.RoleInfo (RoleInfo.java:shutdownFollowerState(121)) - 0c631657-10a5-4e2a-a322-8fc6c651b2ed: shutdown FollowerState
2019-10-17 07:10:45,868 [Thread-2574] INFO  impl.FollowerState (FollowerState.java:run(117)) - 215fceca-0555-458b-bc4f-ba38ff24d5ba@group-42ACBF6EBE4E-FollowerState was interrupted: java.lang.InterruptedException: sleep interrupted
2019-10-17 07:10:45,868 [grpc-default-executor-3] INFO  impl.RoleInfo (RoleInfo.java:updateAndGet(143)) - 215fceca-0555-458b-bc4f-ba38ff24d5ba: start FollowerState
2019-10-17 07:10:45,868 [Thread-2573] INFO  impl.FollowerState (FollowerState.java:run(117)) - 0c631657-10a5-4e2a-a322-8fc6c651b2ed@group-42ACBF6EBE4E-FollowerState was interrupted: java.lang.InterruptedException: sleep interrupted
2019-10-17 07:10:45,868 [grpc-default-executor-9] INFO  impl.RoleInfo (RoleInfo.java:updateAndGet(143)) - 0c631657-10a5-4e2a-a322-8fc6c651b2ed: start FollowerState
2019-10-17 07:10:45,887 [decc5551-dd4b-40dc-8ff5-b6b450d67f6f@group-42ACBF6EBE4E-LeaderElection326] INFO  impl.LeaderElection (LeaderElection.java:logAndReturn(56)) - decc5551-dd4b-40dc-8ff5-b6b450d67f6f@group-42ACBF6EBE4E-LeaderElection326: Election TIMEOUT; received 0 response(s) [] and 0 exception(s); decc5551-dd4b-40dc-8ff5-b6b450d67f6f@group-42ACBF6EBE4E:t179, leader=null, voted=decc5551-dd4b-40dc-8ff5-b6b450d67f6f, raftlog=decc5551-dd4b-40dc-8ff5-b6b450d67f6f@group-42ACBF6EBE4E-SegmentedRaftLog:OPENED:c-1,f-1,i0, conf=-1: [215fceca-0555-458b-bc4f-ba38ff24d5ba:192.168.157.211:43803, decc5551-dd4b-40dc-8ff5-b6b450d67f6f:192.168.157.211:34435, 0c631657-10a5-4e2a-a322-8fc6c651b2ed:192.168.157.211:41694], old=null
2019-10-17 07:10:45,896 [decc5551-dd4b-40dc-8ff5-b6b450d67f6f@group-42ACBF6EBE4E-LeaderElection326] INFO  impl.LeaderElection (LeaderElection.java:askForVotes(178)) - decc5551-dd4b-40dc-8ff5-b6b450d67f6f@group-42ACBF6EBE4E-LeaderElection326: begin an election at term 180 for -1: [215fceca-0555-458b-bc4f-ba38ff24d5ba:192.168.157.211:43803, decc5551-dd4b-40dc-8ff5-b6b450d67f6f:192.168.157.211:34435, 0c631657-10a5-4e2a-a322-8fc6c651b2ed:192.168.157.211:41694], old=null
2019-10-17 07:10:45,897 [grpc-default-executor-9] INFO  impl.RaftServerImpl (RaftServerImpl.java:setRole(184)) - 0c631657-10a5-4e2a-a322-8fc6c651b2ed@group-42ACBF6EBE4E: changes role from  FOLLOWER to FOLLOWER at term 180 for recognizeCandidate:decc5551-dd4b-40dc-8ff5-b6b450d67f6f
2019-10-17 07:10:45,897 [grpc-default-executor-3] INFO  impl.RaftServerImpl (RaftServerImpl.java:setRole(184)) - 215fceca-0555-458b-bc4f-ba38ff24d5ba@group-42ACBF6EBE4E: changes role from  FOLLOWER to FOLLOWER at term 180 for recognizeCandidate:decc5551-dd4b-40dc-8ff5-b6b450d67f6f
2019-10-17 07:10:45,898 [grpc-default-executor-9] INFO  impl.RoleInfo (RoleInfo.java:shutdownFollowerState(121)) - 0c631657-10a5-4e2a-a322-8fc6c651b2ed: shutdown FollowerState
2019-10-17 07:10:45,898 [grpc-default-executor-3] INFO  impl.RoleInfo (RoleInfo.java:shutdownFollowerState(121)) - 215fceca-0555-458b-bc4f-ba38ff24d5ba: shutdown FollowerState
2019-10-17 07:10:45,898 [grpc-default-executor-9] INFO  impl.RoleInfo (RoleInfo.java:updateAndGet(143)) - 0c631657-10a5-4e2a-a322-8fc6c651b2ed: start FollowerState
2019-10-17 07:10:45,898 [Thread-2580] INFO  impl.FollowerState (FollowerState.java:run(117)) - 0c631657-10a5-4e2a-a322-8fc6c651b2ed@group-42ACBF6EBE4E-FollowerState was interrupted: java.lang.InterruptedException: sleep interrupted
2019-10-17 07:10:45,898 [grpc-default-executor-3] INFO  impl.RoleInfo (RoleInfo.java:updateAndGet(143)) - 215fceca-0555-458b-bc4f-ba38ff24d5ba: start FollowerState
2019-10-17 07:10:45,898 [Thread-2579] INFO  impl.FollowerState (FollowerState.java:run(117)) - 215fceca-0555-458b-bc4f-ba38ff24d5ba@group-42ACBF6EBE4E-FollowerState was interrupted: java.lang.InterruptedException: sleep interrupted
2019-10-17 07:10:45,913 [decc5551-dd4b-40dc-8ff5-b6b450d67f6f@group-42ACBF6EBE4E-LeaderElection326] INFO  impl.LeaderElection (LeaderElection.java:logAndReturn(56)) - decc5551-dd4b-40dc-8ff5-b6b450d67f6f@group-42ACBF6EBE4E-LeaderElection326: Election REJECTED; received 2 response(s) [decc5551-dd4b-40dc-8ff5-b6b450d67f6f<-215fceca-0555-458b-bc4f-ba38ff24d5ba#0:FAIL-t180, decc5551-dd4b-40dc-8ff5-b6b450d67f6f<-0c631657-10a5-4e2a-a322-8fc6c651b2ed#0:FAIL-t180] and 0 exception(s); decc5551-dd4b-40dc-8ff5-b6b450d67f6f@group-42ACBF6EBE4E:t180, leader=null, voted=decc5551-dd4b-40dc-8ff5-b6b450d67f6f, raftlog=decc5551-dd4b-40dc-8ff5-b6b450d67f6f@group-42ACBF6EBE4E-SegmentedRaftLog:OPENED:c-1,f-1,i0, conf=-1: [215fceca-0555-458b-bc4f-ba38ff24d5ba:192.168.157.211:43803, decc5551-dd4b-40dc-8ff5-b6b450d67f6f:192.168.157.211:34435, 0c631657-10a5-4e2a-a322-8fc6c651b2ed:192.168.157.211:41694], old=null
2019-10-17 07:10:45,913 [decc5551-dd4b-40dc-8ff5-b6b450d67f6f@group-42ACBF6EBE4E-LeaderElection326] INFO  impl.RaftServerImpl (RaftServerImpl.java:setRole(184)) - decc5551-dd4b-40dc-8ff5-b6b450d67f6f@group-42ACBF6EBE4E: changes role from CANDIDATE to FOLLOWER at term 180 for DISCOVERED_A_NEW_TERM
2019-10-17 07:10:45,913 [decc5551-dd4b-40dc-8ff5-b6b450d67f6f@group-42ACBF6EBE4E-LeaderElection326] INFO  impl.RoleInfo (RoleInfo.java:shutdownLeaderElection(134)) - decc5551-dd4b-40dc-8ff5-b6b450d67f6f: shutdown LeaderElection
2019-10-17 07:10:45,914 [decc5551-dd4b-40dc-8ff5-b6b450d67f6f@group-42ACBF6EBE4E-LeaderElection326] INFO  impl.RoleInfo (RoleInfo.java:updateAndGet(143)) - decc5551-dd4b-40dc-8ff5-b6b450d67f6f: start FollowerState
2019-10-17 07:10:45,984 [Thread-2585] INFO  impl.FollowerState (FollowerState.java:run(108)) - decc5551-dd4b-40dc-8ff5-b6b450d67f6f@group-42ACBF6EBE4E-FollowerState: change to CANDIDATE, lastRpcTime:70ms, electionTimeout:70ms
2019-10-17 07:10:45,984 [Thread-2585] INFO  impl.RoleInfo (RoleInfo.java:shutdownFollowerState(121)) - decc5551-dd4b-40dc-8ff5-b6b450d67f6f: shutdown FollowerState
2019-10-17 07:10:45,984 [Thread-2585] INFO  impl.RaftServerImpl (RaftServerImpl.java:setRole(184)) - decc5551-dd4b-40dc-8ff5-b6b450d67f6f@group-42ACBF6EBE4E: changes role from  FOLLOWER to CANDIDATE at term 180 for changeToCandidate
2019-10-17 07:10:45,985 [Thread-2585] INFO  impl.RoleInfo (RoleInfo.java:updateAndGet(143)) - decc5551-dd4b-40dc-8ff5-b6b450d67f6f: start LeaderElection
2019-10-17 07:10:45,997 [decc5551-dd4b-40dc-8ff5-b6b450d67f6f@group-42ACBF6EBE4E-LeaderElection327] INFO  impl.LeaderElection (LeaderElection.java:askForVotes(178)) - decc5551-dd4b-40dc-8ff5-b6b450d67f6f@group-42ACBF6EBE4E-LeaderElection327: begin an election at term 181 for -1: [215fceca-0555-458b-bc4f-ba38ff24d5ba:192.168.157.211:43803, decc5551-dd4b-40dc-8ff5-b6b450d67f6f:192.168.157.211:34435, 0c631657-10a5-4e2a-a322-8fc6c651b2ed:192.168.157.211:41694], old=null
2019-10-17 07:10:45,999 [grpc-default-executor-3] INFO  impl.RaftServerImpl (RaftServerImpl.java:setRole(184)) - 215fceca-0555-458b-bc4f-ba38ff24d5ba@group-42ACBF6EBE4E: changes role from  FOLLOWER to FOLLOWER at term 181 for recognizeCandidate:decc5551-dd4b-40dc-8ff5-b6b450d67f6f
2019-10-17 07:10:45,999 [grpc-default-executor-9] INFO  impl.RaftServerImpl (RaftServerImpl.java:setRole(184)) - 0c631657-10a5-4e2a-a322-8fc6c651b2ed@group-42ACBF6EBE4E: changes role from  FOLLOWER to FOLLOWER at term 181 for recognizeCandidate:decc5551-dd4b-40dc-8ff5-b6b450d67f6f
2019-10-17 07:10:45,999 [grpc-default-executor-9] INFO  impl.RoleInfo (RoleInfo.java:shutdownFollowerState(121)) - 0c631657-10a5-4e2a-a322-8fc6c651b2ed: shutdown FollowerState
2019-10-17 07:10:45,999 [grpc-default-executor-3] INFO  impl.RoleInfo (RoleInfo.java:shutdownFollowerState(121)) - 215fceca-0555-458b-bc4f-ba38ff24d5ba: shutdown FollowerState
2019-10-17 07:10:46,000 [Thread-2583] INFO  impl.FollowerState (FollowerState.java:run(117)) - 0c631657-10a5-4e2a-a322-8fc6c651b2ed@group-42ACBF6EBE4E-FollowerState was interrupted: java.lang.InterruptedException: sleep interrupted
2019-10-17 07:10:46,000 [grpc-default-executor-9] INFO  impl.RoleInfo (RoleInfo.java:updateAndGet(143)) - 0c631657-10a5-4e2a-a322-8fc6c651b2ed: start FollowerState
2019-10-17 07:10:46,000 [Thread-2584] INFO  impl.FollowerState (FollowerState.java:run(117)) - 215fceca-0555-458b-bc4f-ba38ff24d5ba@group-42ACBF6EBE4E-FollowerState was interrupted: java.lang.InterruptedException: sleep interrupted
2019-10-17 07:10:46,000 [grpc-default-executor-3] INFO  impl.RoleInfo (RoleInfo.java:updateAndGet(143)) - 215fceca-0555-458b-bc4f-ba38ff24d5ba: start FollowerState
2019-10-17 07:10:46,005 [decc5551-dd4b-40dc-8ff5-b6b450d67f6f@group-42ACBF6EBE4E-LeaderElection327] INFO  impl.LeaderElection (LeaderElection.java:logAndReturn(56)) - decc5551-dd4b-40dc-8ff5-b6b450d67f6f@group-42ACBF6EBE4E-LeaderElection327: Election TIMEOUT; received 0 response(s) [] and 0 exception(s); decc5551-dd4b-40dc-8ff5-b6b450d67f6f@group-42ACBF6EBE4E:t181, leader=null, voted=decc5551-dd4b-40dc-8ff5-b6b450d67f6f, raftlog=decc5551-dd4b-40dc-8ff5-b6b450d67f6f@group-42ACBF6EBE4E-SegmentedRaftLog:OPENED:c-1,f-1,i0, conf=-1: [215fceca-0555-458b-bc4f-ba38ff24d5ba:192.168.157.211:43803, decc5551-dd4b-40dc-8ff5-b6b450d67f6f:192.168.157.211:34435, 0c631657-10a5-4e2a-a322-8fc6c651b2ed:192.168.157.211:41694], old=null
2019-10-17 07:10:46,023 [Thread-2537] INFO  impl.FollowerState (FollowerState.java:run(108)) - 67ae3572-7d88-4e50-b53b-0f48f6748b38@group-233C052D78D6-FollowerState: change to CANDIDATE, lastRpcTime:1027ms, electionTimeout:1027ms
2019-10-17 07:10:46,024 [Thread-2537] INFO  impl.RoleInfo (RoleInfo.java:shutdownFollowerState(121)) - 67ae3572-7d88-4e50-b53b-0f48f6748b38: shutdown FollowerState
2019-10-17 07:10:46,024 [Thread-2537] INFO  impl.RaftServerImpl (RaftServerImpl.java:setRole(184)) - 67ae3572-7d88-4e50-b53b-0f48f6748b38@group-233C052D78D6: changes role from  FOLLOWER to CANDIDATE at term 170 for changeToCandidate
2019-10-17 07:10:46,024 [Thread-2537] INFO  impl.RoleInfo (RoleInfo.java:updateAndGet(143)) - 67ae3572-7d88-4e50-b53b-0f48f6748b38: start LeaderElection
2019-10-17 07:10:46,026 [decc5551-dd4b-40dc-8ff5-b6b450d67f6f@group-42ACBF6EBE4E-LeaderElection327] INFO  impl.LeaderElection (LeaderElection.java:askForVotes(178)) - decc5551-dd4b-40dc-8ff5-b6b450d67f6f@group-42ACBF6EBE4E-LeaderElection327: begin an election at term 182 for -1: [215fceca-0555-458b-bc4f-ba38ff24d5ba:192.168.157.211:43803, decc5551-dd4b-40dc-8ff5-b6b450d67f6f:192.168.157.211:34435, 0c631657-10a5-4e2a-a322-8fc6c651b2ed:192.168.157.211:41694], old=null
2019-10-17 07:10:46,028 [grpc-default-executor-9] INFO  impl.RaftServerImpl (RaftServerImpl.java:setRole(184)) - 215fceca-0555-458b-bc4f-ba38ff24d5ba@group-42ACBF6EBE4E: changes role from  FOLLOWER to FOLLOWER at term 182 for recognizeCandidate:decc5551-dd4b-40dc-8ff5-b6b450d67f6f
2019-10-17 07:10:46,028 [grpc-default-executor-9] INFO  impl.RoleInfo (RoleInfo.java:shutdownFollowerState(121)) - 215fceca-0555-458b-bc4f-ba38ff24d5ba: shutdown FollowerState
2019-10-17 07:10:46,028 [grpc-default-executor-9] INFO  impl.RoleInfo (RoleInfo.java:updateAndGet(143)) - 215fceca-0555-458b-bc4f-ba38ff24d5ba: start FollowerState
2019-10-17 07:10:46,028 [67ae3572-7d88-4e50-b53b-0f48f6748b38@group-233C052D78D6-LeaderElection328] INFO  impl.LeaderElection (LeaderElection.java:askForVotes(178)) - 67ae3572-7d88-4e50-b53b-0f48f6748b38@group-233C052D78D6-LeaderElection328: begin an election at term 171 for 0: [67ae3572-7d88-4e50-b53b-0f48f6748b38:192.168.157.211:41299, 831edaa1-80a5-4091-843f-90c648a5a79d:192.168.157.211:44365, 5c4ee31d-c5ed-4c65-a5df-da3e3cf53ac2:192.168.157.211:45059], old=null
2019-10-17 07:10:46,028 [grpc-default-executor-3] INFO  impl.RaftServerImpl (RaftServerImpl.java:setRole(184)) - 0c631657-10a5-4e2a-a322-8fc6c651b2ed@group-42ACBF6EBE4E: changes role from  FOLLOWER to FOLLOWER at term 182 for recognizeCandidate:decc5551-dd4b-40dc-8ff5-b6b450d67f6f
2019-10-17 07:10:46,029 [grpc-default-executor-3] INFO  impl.RoleInfo (RoleInfo.java:shutdownFollowerState(121)) - 0c631657-10a5-4e2a-a322-8fc6c651b2ed: shutdown FollowerState
2019-10-17 07:10:46,028 [Thread-2590] INFO  impl.FollowerState (FollowerState.java:run(117)) - 215fceca-0555-458b-bc4f-ba38ff24d5ba@group-42ACBF6EBE4E-FollowerState was interrupted: java.lang.InterruptedException: sleep interrupted
2019-10-17 07:10:46,029 [Thread-2589] INFO  impl.FollowerState (FollowerState.java:run(117)) - 0c631657-10a5-4e2a-a322-8fc6c651b2ed@group-42ACBF6EBE4E-FollowerState was interrupted: java.lang.InterruptedException: sleep interrupted
2019-10-17 07:10:46,029 [grpc-default-executor-3] INFO  impl.RoleInfo (RoleInfo.java:updateAndGet(143)) - 0c631657-10a5-4e2a-a322-8fc6c651b2ed: start FollowerState
2019-10-17 07:10:46,041 [67ae3572-7d88-4e50-b53b-0f48f6748b38@group-233C052D78D6-LeaderElection328] INFO  impl.LeaderElection (LogUtils.java:infoOrTrace(149)) - 67ae3572-7d88-4e50-b53b-0f48f6748b38@group-233C052D78D6-LeaderElection328 got exception when requesting votes: {}
java.util.concurrent.ExecutionException: org.apache.ratis.thirdparty.io.grpc.StatusRuntimeException: UNAVAILABLE: io exception
	at java.util.concurrent.FutureTask.report(FutureTask.java:122)
	at java.util.concurrent.FutureTask.get(FutureTask.java:192)
	at org.apache.ratis.server.impl.LeaderElection.waitForResults(LeaderElection.java:259)
	at org.apache.ratis.server.impl.LeaderElection.askForVotes(LeaderElection.java:197)
	at org.apache.ratis.server.impl.LeaderElection.run(LeaderElection.java:133)
	at java.lang.Thread.run(Thread.java:748)
Caused by: org.apache.ratis.thirdparty.io.grpc.StatusRuntimeException: UNAVAILABLE: io exception
	at org.apache.ratis.thirdparty.io.grpc.stub.ClientCalls.toStatusRuntimeException(ClientCalls.java:233)
	at org.apache.ratis.thirdparty.io.grpc.stub.ClientCalls.getUnchecked(ClientCalls.java:214)
	at org.apache.ratis.thirdparty.io.grpc.stub.ClientCalls.blockingUnaryCall(ClientCalls.java:139)
	at org.apache.ratis.proto.grpc.RaftServerProtocolServiceGrpc$RaftServerProtocolServiceBlockingStub.requestVote(RaftServerProtocolServiceGrpc.java:265)
	at org.apache.ratis.grpc.server.GrpcServerProtocolClient.requestVote(GrpcServerProtocolClient.java:99)
	at org.apache.ratis.grpc.server.GrpcService.requestVote(GrpcService.java:204)
	at org.apache.ratis.server.impl.LeaderElection.lambda$submitRequests$1(LeaderElection.java:234)
	at java.util.concurrent.FutureTask.run(FutureTask.java:266)
	at java.util.concurrent.Executors$RunnableAdapter.call(Executors.java:511)
	at java.util.concurrent.FutureTask.run(FutureTask.java:266)
	at java.util.concurrent.ThreadPoolExecutor.runWorker(ThreadPoolExecutor.java:1149)
	at java.util.concurrent.ThreadPoolExecutor$Worker.run(ThreadPoolExecutor.java:624)
	... 1 more
Caused by: org.apache.ratis.thirdparty.io.netty.channel.AbstractChannel$AnnotatedConnectException: Connection refused: /192.168.157.211:44365
	at sun.nio.ch.SocketChannelImpl.checkConnect(Native Method)
	at sun.nio.ch.SocketChannelImpl.finishConnect(SocketChannelImpl.java:717)
	at org.apache.ratis.thirdparty.io.netty.channel.socket.nio.NioSocketChannel.doFinishConnect(NioSocketChannel.java:327)
	at org.apache.ratis.thirdparty.io.netty.channel.nio.AbstractNioChannel$AbstractNioUnsafe.finishConnect(AbstractNioChannel.java:340)
	at org.apache.ratis.thirdparty.io.netty.channel.nio.NioEventLoop.processSelectedKey(NioEventLoop.java:632)
	at org.apache.ratis.thirdparty.io.netty.channel.nio.NioEventLoop.processSelectedKeysOptimized(NioEventLoop.java:579)
	at org.apache.ratis.thirdparty.io.netty.channel.nio.NioEventLoop.processSelectedKeys(NioEventLoop.java:496)
	at org.apache.ratis.thirdparty.io.netty.channel.nio.NioEventLoop.run(NioEventLoop.java:458)
	at org.apache.ratis.thirdparty.io.netty.util.concurrent.SingleThreadEventExecutor$5.run(SingleThreadEventExecutor.java:897)
	at org.apache.ratis.thirdparty.io.netty.util.concurrent.FastThreadLocalRunnable.run(FastThreadLocalRunnable.java:30)
	... 1 more
Caused by: java.net.ConnectException: Connection refused
	... 11 more
2019-10-17 07:10:46,043 [67ae3572-7d88-4e50-b53b-0f48f6748b38@group-233C052D78D6-LeaderElection328] INFO  impl.LeaderElection (LogUtils.java:infoOrTrace(149)) - 67ae3572-7d88-4e50-b53b-0f48f6748b38@group-233C052D78D6-LeaderElection328 got exception when requesting votes: {}
java.util.concurrent.ExecutionException: org.apache.ratis.thirdparty.io.grpc.StatusRuntimeException: UNAVAILABLE: io exception
	at java.util.concurrent.FutureTask.report(FutureTask.java:122)
	at java.util.concurrent.FutureTask.get(FutureTask.java:192)
	at org.apache.ratis.server.impl.LeaderElection.waitForResults(LeaderElection.java:259)
	at org.apache.ratis.server.impl.LeaderElection.askForVotes(LeaderElection.java:197)
	at org.apache.ratis.server.impl.LeaderElection.run(LeaderElection.java:133)
	at java.lang.Thread.run(Thread.java:748)
Caused by: org.apache.ratis.thirdparty.io.grpc.StatusRuntimeException: UNAVAILABLE: io exception
	at org.apache.ratis.thirdparty.io.grpc.stub.ClientCalls.toStatusRuntimeException(ClientCalls.java:233)
	at org.apache.ratis.thirdparty.io.grpc.stub.ClientCalls.getUnchecked(ClientCalls.java:214)
	at org.apache.ratis.thirdparty.io.grpc.stub.ClientCalls.blockingUnaryCall(ClientCalls.java:139)
	at org.apache.ratis.proto.grpc.RaftServerProtocolServiceGrpc$RaftServerProtocolServiceBlockingStub.requestVote(RaftServerProtocolServiceGrpc.java:265)
	at org.apache.ratis.grpc.server.GrpcServerProtocolClient.requestVote(GrpcServerProtocolClient.java:99)
	at org.apache.ratis.grpc.server.GrpcService.requestVote(GrpcService.java:204)
	at org.apache.ratis.server.impl.LeaderElection.lambda$submitRequests$1(LeaderElection.java:234)
	at java.util.concurrent.FutureTask.run(FutureTask.java:266)
	at java.util.concurrent.Executors$RunnableAdapter.call(Executors.java:511)
	at java.util.concurrent.FutureTask.run(FutureTask.java:266)
	at java.util.concurrent.ThreadPoolExecutor.runWorker(ThreadPoolExecutor.java:1149)
	at java.util.concurrent.ThreadPoolExecutor$Worker.run(ThreadPoolExecutor.java:624)
	... 1 more
Caused by: org.apache.ratis.thirdparty.io.netty.channel.AbstractChannel$AnnotatedConnectException: Connection refused: /192.168.157.211:45059
	at sun.nio.ch.SocketChannelImpl.checkConnect(Native Method)
	at sun.nio.ch.SocketChannelImpl.finishConnect(SocketChannelImpl.java:717)
	at org.apache.ratis.thirdparty.io.netty.channel.socket.nio.NioSocketChannel.doFinishConnect(NioSocketChannel.java:327)
	at org.apache.ratis.thirdparty.io.netty.channel.nio.AbstractNioChannel$AbstractNioUnsafe.finishConnect(AbstractNioChannel.java:340)
	at org.apache.ratis.thirdparty.io.netty.channel.nio.NioEventLoop.processSelectedKey(NioEventLoop.java:632)
	at org.apache.ratis.thirdparty.io.netty.channel.nio.NioEventLoop.processSelectedKeysOptimized(NioEventLoop.java:579)
	at org.apache.ratis.thirdparty.io.netty.channel.nio.NioEventLoop.processSelectedKeys(NioEventLoop.java:496)
	at org.apache.ratis.thirdparty.io.netty.channel.nio.NioEventLoop.run(NioEventLoop.java:458)
	at org.apache.ratis.thirdparty.io.netty.util.concurrent.SingleThreadEventExecutor$5.run(SingleThreadEventExecutor.java:897)
	at org.apache.ratis.thirdparty.io.netty.util.concurrent.FastThreadLocalRunnable.run(FastThreadLocalRunnable.java:30)
	... 1 more
Caused by: java.net.ConnectException: Connection refused
	... 11 more
2019-10-17 07:10:46,045 [67ae3572-7d88-4e50-b53b-0f48f6748b38@group-233C052D78D6-LeaderElection328] INFO  impl.LeaderElection (LeaderElection.java:logAndReturn(56)) - 67ae3572-7d88-4e50-b53b-0f48f6748b38@group-233C052D78D6-LeaderElection328: Election REJECTED; received 0 response(s) [] and 2 exception(s); 67ae3572-7d88-4e50-b53b-0f48f6748b38@group-233C052D78D6:t171, leader=null, voted=67ae3572-7d88-4e50-b53b-0f48f6748b38, raftlog=67ae3572-7d88-4e50-b53b-0f48f6748b38@group-233C052D78D6-SegmentedRaftLog:OPENED:c-1,f0,i0, conf=0: [67ae3572-7d88-4e50-b53b-0f48f6748b38:192.168.157.211:41299, 831edaa1-80a5-4091-843f-90c648a5a79d:192.168.157.211:44365, 5c4ee31d-c5ed-4c65-a5df-da3e3cf53ac2:192.168.157.211:45059], old=null
2019-10-17 07:10:46,045 [67ae3572-7d88-4e50-b53b-0f48f6748b38@group-233C052D78D6-LeaderElection328] INFO  impl.LeaderElection (LogUtils.java:infoOrTrace(149)) -   Exception 0: {}
java.util.concurrent.ExecutionException: org.apache.ratis.thirdparty.io.grpc.StatusRuntimeException: UNAVAILABLE: io exception
	at java.util.concurrent.FutureTask.report(FutureTask.java:122)
	at java.util.concurrent.FutureTask.get(FutureTask.java:192)
	at org.apache.ratis.server.impl.LeaderElection.waitForResults(LeaderElection.java:259)
	at org.apache.ratis.server.impl.LeaderElection.askForVotes(LeaderElection.java:197)
	at org.apache.ratis.server.impl.LeaderElection.run(LeaderElection.java:133)
	at java.lang.Thread.run(Thread.java:748)
Caused by: org.apache.ratis.thirdparty.io.grpc.StatusRuntimeException: UNAVAILABLE: io exception
	at org.apache.ratis.thirdparty.io.grpc.stub.ClientCalls.toStatusRuntimeException(ClientCalls.java:233)
	at org.apache.ratis.thirdparty.io.grpc.stub.ClientCalls.getUnchecked(ClientCalls.java:214)
	at org.apache.ratis.thirdparty.io.grpc.stub.ClientCalls.blockingUnaryCall(ClientCalls.java:139)
	at org.apache.ratis.proto.grpc.RaftServerProtocolServiceGrpc$RaftServerProtocolServiceBlockingStub.requestVote(RaftServerProtocolServiceGrpc.java:265)
	at org.apache.ratis.grpc.server.GrpcServerProtocolClient.requestVote(GrpcServerProtocolClient.java:99)
	at org.apache.ratis.grpc.server.GrpcService.requestVote(GrpcService.java:204)
	at org.apache.ratis.server.impl.LeaderElection.lambda$submitRequests$1(LeaderElection.java:234)
	at java.util.concurrent.FutureTask.run(FutureTask.java:266)
	at java.util.concurrent.Executors$RunnableAdapter.call(Executors.java:511)
	at java.util.concurrent.FutureTask.run(FutureTask.java:266)
	at java.util.concurrent.ThreadPoolExecutor.runWorker(ThreadPoolExecutor.java:1149)
	at java.util.concurrent.ThreadPoolExecutor$Worker.run(ThreadPoolExecutor.java:624)
	... 1 more
Caused by: org.apache.ratis.thirdparty.io.netty.channel.AbstractChannel$AnnotatedConnectException: Connection refused: /192.168.157.211:44365
	at sun.nio.ch.SocketChannelImpl.checkConnect(Native Method)
	at sun.nio.ch.SocketChannelImpl.finishConnect(SocketChannelImpl.java:717)
	at org.apache.ratis.thirdparty.io.netty.channel.socket.nio.NioSocketChannel.doFinishConnect(NioSocketChannel.java:327)
	at org.apache.ratis.thirdparty.io.netty.channel.nio.AbstractNioChannel$AbstractNioUnsafe.finishConnect(AbstractNioChannel.java:340)
	at org.apache.ratis.thirdparty.io.netty.channel.nio.NioEventLoop.processSelectedKey(NioEventLoop.java:632)
	at org.apache.ratis.thirdparty.io.netty.channel.nio.NioEventLoop.processSelectedKeysOptimized(NioEventLoop.java:579)
	at org.apache.ratis.thirdparty.io.netty.channel.nio.NioEventLoop.processSelectedKeys(NioEventLoop.java:496)
	at org.apache.ratis.thirdparty.io.netty.channel.nio.NioEventLoop.run(NioEventLoop.java:458)
	at org.apache.ratis.thirdparty.io.netty.util.concurrent.SingleThreadEventExecutor$5.run(SingleThreadEventExecutor.java:897)
	at org.apache.ratis.thirdparty.io.netty.util.concurrent.FastThreadLocalRunnable.run(FastThreadLocalRunnable.java:30)
	... 1 more
Caused by: java.net.ConnectException: Connection refused
	... 11 more
2019-10-17 07:10:46,046 [67ae3572-7d88-4e50-b53b-0f48f6748b38@group-233C052D78D6-LeaderElection328] INFO  impl.LeaderElection (LogUtils.java:infoOrTrace(149)) -   Exception 1: {}
java.util.concurrent.ExecutionException: org.apache.ratis.thirdparty.io.grpc.StatusRuntimeException: UNAVAILABLE: io exception
	at java.util.concurrent.FutureTask.report(FutureTask.java:122)
	at java.util.concurrent.FutureTask.get(FutureTask.java:192)
	at org.apache.ratis.server.impl.LeaderElection.waitForResults(LeaderElection.java:259)
	at org.apache.ratis.server.impl.LeaderElection.askForVotes(LeaderElection.java:197)
	at org.apache.ratis.server.impl.LeaderElection.run(LeaderElection.java:133)
	at java.lang.Thread.run(Thread.java:748)
Caused by: org.apache.ratis.thirdparty.io.grpc.StatusRuntimeException: UNAVAILABLE: io exception
	at org.apache.ratis.thirdparty.io.grpc.stub.ClientCalls.toStatusRuntimeException(ClientCalls.java:233)
	at org.apache.ratis.thirdparty.io.grpc.stub.ClientCalls.getUnchecked(ClientCalls.java:214)
	at org.apache.ratis.thirdparty.io.grpc.stub.ClientCalls.blockingUnaryCall(ClientCalls.java:139)
	at org.apache.ratis.proto.grpc.RaftServerProtocolServiceGrpc$RaftServerProtocolServiceBlockingStub.requestVote(RaftServerProtocolServiceGrpc.java:265)
	at org.apache.ratis.grpc.server.GrpcServerProtocolClient.requestVote(GrpcServerProtocolClient.java:99)
	at org.apache.ratis.grpc.server.GrpcService.requestVote(GrpcService.java:204)
	at org.apache.ratis.server.impl.LeaderElection.lambda$submitRequests$1(LeaderElection.java:234)
	at java.util.concurrent.FutureTask.run(FutureTask.java:266)
	at java.util.concurrent.Executors$RunnableAdapter.call(Executors.java:511)
	at java.util.concurrent.FutureTask.run(FutureTask.java:266)
	at java.util.concurrent.ThreadPoolExecutor.runWorker(ThreadPoolExecutor.java:1149)
	at java.util.concurrent.ThreadPoolExecutor$Worker.run(ThreadPoolExecutor.java:624)
	... 1 more
Caused by: org.apache.ratis.thirdparty.io.netty.channel.AbstractChannel$AnnotatedConnectException: Connection refused: /192.168.157.211:45059
	at sun.nio.ch.SocketChannelImpl.checkConnect(Native Method)
	at sun.nio.ch.SocketChannelImpl.finishConnect(SocketChannelImpl.java:717)
	at org.apache.ratis.thirdparty.io.netty.channel.socket.nio.NioSocketChannel.doFinishConnect(NioSocketChannel.java:327)
	at org.apache.ratis.thirdparty.io.netty.channel.nio.AbstractNioChannel$AbstractNioUnsafe.finishConnect(AbstractNioChannel.java:340)
	at org.apache.ratis.thirdparty.io.netty.channel.nio.NioEventLoop.processSelectedKey(NioEventLoop.java:632)
	at org.apache.ratis.thirdparty.io.netty.channel.nio.NioEventLoop.processSelectedKeysOptimized(NioEventLoop.java:579)
	at org.apache.ratis.thirdparty.io.netty.channel.nio.NioEventLoop.processSelectedKeys(NioEventLoop.java:496)
	at org.apache.ratis.thirdparty.io.netty.channel.nio.NioEventLoop.run(NioEventLoop.java:458)
	at org.apache.ratis.thirdparty.io.netty.util.concurrent.SingleThreadEventExecutor$5.run(SingleThreadEventExecutor.java:897)
	at org.apache.ratis.thirdparty.io.netty.util.concurrent.FastThreadLocalRunnable.run(FastThreadLocalRunnable.java:30)
	... 1 more
Caused by: java.net.ConnectException: Connection refused
	... 11 more
2019-10-17 07:10:46,046 [67ae3572-7d88-4e50-b53b-0f48f6748b38@group-233C052D78D6-LeaderElection328] INFO  impl.RaftServerImpl (RaftServerImpl.java:setRole(184)) - 67ae3572-7d88-4e50-b53b-0f48f6748b38@group-233C052D78D6: changes role from CANDIDATE to FOLLOWER at term 171 for DISCOVERED_A_NEW_TERM
2019-10-17 07:10:46,046 [67ae3572-7d88-4e50-b53b-0f48f6748b38@group-233C052D78D6-LeaderElection328] INFO  impl.RoleInfo (RoleInfo.java:shutdownLeaderElection(134)) - 67ae3572-7d88-4e50-b53b-0f48f6748b38: shutdown LeaderElection
2019-10-17 07:10:46,046 [67ae3572-7d88-4e50-b53b-0f48f6748b38@group-233C052D78D6-LeaderElection328] INFO  impl.RoleInfo (RoleInfo.java:updateAndGet(143)) - 67ae3572-7d88-4e50-b53b-0f48f6748b38: start FollowerState
2019-10-17 07:10:46,050 [decc5551-dd4b-40dc-8ff5-b6b450d67f6f@group-42ACBF6EBE4E-LeaderElection327] INFO  impl.LeaderElection (LeaderElection.java:logAndReturn(56)) - decc5551-dd4b-40dc-8ff5-b6b450d67f6f@group-42ACBF6EBE4E-LeaderElection327: Election TIMEOUT; received 0 response(s) [] and 0 exception(s); decc5551-dd4b-40dc-8ff5-b6b450d67f6f@group-42ACBF6EBE4E:t182, leader=null, voted=decc5551-dd4b-40dc-8ff5-b6b450d67f6f, raftlog=decc5551-dd4b-40dc-8ff5-b6b450d67f6f@group-42ACBF6EBE4E-SegmentedRaftLog:OPENED:c-1,f-1,i0, conf=-1: [215fceca-0555-458b-bc4f-ba38ff24d5ba:192.168.157.211:43803, decc5551-dd4b-40dc-8ff5-b6b450d67f6f:192.168.157.211:34435, 0c631657-10a5-4e2a-a322-8fc6c651b2ed:192.168.157.211:41694], old=null
2019-10-17 07:10:46,056 [decc5551-dd4b-40dc-8ff5-b6b450d67f6f@group-42ACBF6EBE4E-LeaderElection327] INFO  impl.LeaderElection (LeaderElection.java:askForVotes(178)) - decc5551-dd4b-40dc-8ff5-b6b450d67f6f@group-42ACBF6EBE4E-LeaderElection327: begin an election at term 183 for -1: [215fceca-0555-458b-bc4f-ba38ff24d5ba:192.168.157.211:43803, decc5551-dd4b-40dc-8ff5-b6b450d67f6f:192.168.157.211:34435, 0c631657-10a5-4e2a-a322-8fc6c651b2ed:192.168.157.211:41694], old=null
2019-10-17 07:10:46,058 [grpc-default-executor-9] INFO  impl.RaftServerImpl (RaftServerImpl.java:setRole(184)) - 0c631657-10a5-4e2a-a322-8fc6c651b2ed@group-42ACBF6EBE4E: changes role from  FOLLOWER to FOLLOWER at term 183 for recognizeCandidate:decc5551-dd4b-40dc-8ff5-b6b450d67f6f
2019-10-17 07:10:46,058 [grpc-default-executor-3] INFO  impl.RaftServerImpl (RaftServerImpl.java:setRole(184)) - 215fceca-0555-458b-bc4f-ba38ff24d5ba@group-42ACBF6EBE4E: changes role from  FOLLOWER to FOLLOWER at term 183 for recognizeCandidate:decc5551-dd4b-40dc-8ff5-b6b450d67f6f
2019-10-17 07:10:46,058 [grpc-default-executor-9] INFO  impl.RoleInfo (RoleInfo.java:shutdownFollowerState(121)) - 0c631657-10a5-4e2a-a322-8fc6c651b2ed: shutdown FollowerState
2019-10-17 07:10:46,058 [grpc-default-executor-3] INFO  impl.RoleInfo (RoleInfo.java:shutdownFollowerState(121)) - 215fceca-0555-458b-bc4f-ba38ff24d5ba: shutdown FollowerState
2019-10-17 07:10:46,058 [Thread-2597] INFO  impl.FollowerState (FollowerState.java:run(117)) - 0c631657-10a5-4e2a-a322-8fc6c651b2ed@group-42ACBF6EBE4E-FollowerState was interrupted: java.lang.InterruptedException: sleep interrupted
2019-10-17 07:10:46,058 [grpc-default-executor-9] INFO  impl.RoleInfo (RoleInfo.java:updateAndGet(143)) - 0c631657-10a5-4e2a-a322-8fc6c651b2ed: start FollowerState
2019-10-17 07:10:46,058 [Thread-2594] INFO  impl.FollowerState (FollowerState.java:run(117)) - 215fceca-0555-458b-bc4f-ba38ff24d5ba@group-42ACBF6EBE4E-FollowerState was interrupted: java.lang.InterruptedException: sleep interrupted
2019-10-17 07:10:46,058 [grpc-default-executor-3] INFO  impl.RoleInfo (RoleInfo.java:updateAndGet(143)) - 215fceca-0555-458b-bc4f-ba38ff24d5ba: start FollowerState
2019-10-17 07:10:46,075 [decc5551-dd4b-40dc-8ff5-b6b450d67f6f@group-42ACBF6EBE4E-LeaderElection327] INFO  impl.LeaderElection (LeaderElection.java:logAndReturn(56)) - decc5551-dd4b-40dc-8ff5-b6b450d67f6f@group-42ACBF6EBE4E-LeaderElection327: Election REJECTED; received 2 response(s) [decc5551-dd4b-40dc-8ff5-b6b450d67f6f<-215fceca-0555-458b-bc4f-ba38ff24d5ba#0:FAIL-t183, decc5551-dd4b-40dc-8ff5-b6b450d67f6f<-0c631657-10a5-4e2a-a322-8fc6c651b2ed#0:FAIL-t183] and 0 exception(s); decc5551-dd4b-40dc-8ff5-b6b450d67f6f@group-42ACBF6EBE4E:t183, leader=null, voted=decc5551-dd4b-40dc-8ff5-b6b450d67f6f, raftlog=decc5551-dd4b-40dc-8ff5-b6b450d67f6f@group-42ACBF6EBE4E-SegmentedRaftLog:OPENED:c-1,f-1,i0, conf=-1: [215fceca-0555-458b-bc4f-ba38ff24d5ba:192.168.157.211:43803, decc5551-dd4b-40dc-8ff5-b6b450d67f6f:192.168.157.211:34435, 0c631657-10a5-4e2a-a322-8fc6c651b2ed:192.168.157.211:41694], old=null
2019-10-17 07:10:46,075 [decc5551-dd4b-40dc-8ff5-b6b450d67f6f@group-42ACBF6EBE4E-LeaderElection327] INFO  impl.RaftServerImpl (RaftServerImpl.java:setRole(184)) - decc5551-dd4b-40dc-8ff5-b6b450d67f6f@group-42ACBF6EBE4E: changes role from CANDIDATE to FOLLOWER at term 183 for DISCOVERED_A_NEW_TERM
2019-10-17 07:10:46,075 [decc5551-dd4b-40dc-8ff5-b6b450d67f6f@group-42ACBF6EBE4E-LeaderElection327] INFO  impl.RoleInfo (RoleInfo.java:shutdownLeaderElection(134)) - decc5551-dd4b-40dc-8ff5-b6b450d67f6f: shutdown LeaderElection
2019-10-17 07:10:46,075 [decc5551-dd4b-40dc-8ff5-b6b450d67f6f@group-42ACBF6EBE4E-LeaderElection327] INFO  impl.RoleInfo (RoleInfo.java:updateAndGet(143)) - decc5551-dd4b-40dc-8ff5-b6b450d67f6f: start FollowerState
2019-10-17 07:10:46,112 [java.util.concurrent.ThreadPoolExecutor$Worker@234137a4[State = -1, empty queue]] WARN  server.GrpcLogAppender (GrpcLogAppender.java:timeoutAppendRequest(209)) - d31fb603-bc45-4cd2-bfc5-2ee103695b2e@group-A2172F2EE55F->a4e5d14e-95af-4d1f-b670-5b1c42084e26-GrpcLogAppender: appendEntries Timeout, request=d31fb603-bc45-4cd2-bfc5-2ee103695b2e->a4e5d14e-95af-4d1f-b670-5b1c42084e26#57-t3, previous=(t:3, i:20), leaderCommit=20, initializing? false, entries: <empty>
2019-10-17 07:10:46,156 [Thread-2603] INFO  impl.FollowerState (FollowerState.java:run(108)) - decc5551-dd4b-40dc-8ff5-b6b450d67f6f@group-42ACBF6EBE4E-FollowerState: change to CANDIDATE, lastRpcTime:80ms, electionTimeout:80ms
2019-10-17 07:10:46,156 [Thread-2603] INFO  impl.RoleInfo (RoleInfo.java:shutdownFollowerState(121)) - decc5551-dd4b-40dc-8ff5-b6b450d67f6f: shutdown FollowerState
2019-10-17 07:10:46,156 [Thread-2603] INFO  impl.RaftServerImpl (RaftServerImpl.java:setRole(184)) - decc5551-dd4b-40dc-8ff5-b6b450d67f6f@group-42ACBF6EBE4E: changes role from  FOLLOWER to CANDIDATE at term 183 for changeToCandidate
2019-10-17 07:10:46,156 [Thread-2603] INFO  impl.RoleInfo (RoleInfo.java:updateAndGet(143)) - decc5551-dd4b-40dc-8ff5-b6b450d67f6f: start LeaderElection
2019-10-17 07:10:46,170 [decc5551-dd4b-40dc-8ff5-b6b450d67f6f@group-42ACBF6EBE4E-LeaderElection329] INFO  impl.LeaderElection (LeaderElection.java:askForVotes(178)) - decc5551-dd4b-40dc-8ff5-b6b450d67f6f@group-42ACBF6EBE4E-LeaderElection329: begin an election at term 184 for -1: [215fceca-0555-458b-bc4f-ba38ff24d5ba:192.168.157.211:43803, decc5551-dd4b-40dc-8ff5-b6b450d67f6f:192.168.157.211:34435, 0c631657-10a5-4e2a-a322-8fc6c651b2ed:192.168.157.211:41694], old=null
2019-10-17 07:10:46,172 [grpc-default-executor-9] INFO  impl.RaftServerImpl (RaftServerImpl.java:setRole(184)) - 0c631657-10a5-4e2a-a322-8fc6c651b2ed@group-42ACBF6EBE4E: changes role from  FOLLOWER to FOLLOWER at term 184 for recognizeCandidate:decc5551-dd4b-40dc-8ff5-b6b450d67f6f
2019-10-17 07:10:46,172 [grpc-default-executor-3] INFO  impl.RaftServerImpl (RaftServerImpl.java:setRole(184)) - 215fceca-0555-458b-bc4f-ba38ff24d5ba@group-42ACBF6EBE4E: changes role from  FOLLOWER to FOLLOWER at term 184 for recognizeCandidate:decc5551-dd4b-40dc-8ff5-b6b450d67f6f
2019-10-17 07:10:46,172 [grpc-default-executor-9] INFO  impl.RoleInfo (RoleInfo.java:shutdownFollowerState(121)) - 0c631657-10a5-4e2a-a322-8fc6c651b2ed: shutdown FollowerState
2019-10-17 07:10:46,172 [grpc-default-executor-3] INFO  impl.RoleInfo (RoleInfo.java:shutdownFollowerState(121)) - 215fceca-0555-458b-bc4f-ba38ff24d5ba: shutdown FollowerState
2019-10-17 07:10:46,173 [Thread-2601] INFO  impl.FollowerState (FollowerState.java:run(117)) - 0c631657-10a5-4e2a-a322-8fc6c651b2ed@group-42ACBF6EBE4E-FollowerState was interrupted: java.lang.InterruptedException: sleep interrupted
2019-10-17 07:10:46,173 [grpc-default-executor-9] INFO  impl.RoleInfo (RoleInfo.java:updateAndGet(143)) - 0c631657-10a5-4e2a-a322-8fc6c651b2ed: start FollowerState
2019-10-17 07:10:46,173 [Thread-2602] INFO  impl.FollowerState (FollowerState.java:run(117)) - 215fceca-0555-458b-bc4f-ba38ff24d5ba@group-42ACBF6EBE4E-FollowerState was interrupted: java.lang.InterruptedException: sleep interrupted
2019-10-17 07:10:46,173 [grpc-default-executor-3] INFO  impl.RoleInfo (RoleInfo.java:updateAndGet(143)) - 215fceca-0555-458b-bc4f-ba38ff24d5ba: start FollowerState
2019-10-17 07:10:46,187 [decc5551-dd4b-40dc-8ff5-b6b450d67f6f@group-42ACBF6EBE4E-LeaderElection329] INFO  impl.LeaderElection (LeaderElection.java:logAndReturn(56)) - decc5551-dd4b-40dc-8ff5-b6b450d67f6f@group-42ACBF6EBE4E-LeaderElection329: Election TIMEOUT; received 0 response(s) [] and 0 exception(s); decc5551-dd4b-40dc-8ff5-b6b450d67f6f@group-42ACBF6EBE4E:t184, leader=null, voted=decc5551-dd4b-40dc-8ff5-b6b450d67f6f, raftlog=decc5551-dd4b-40dc-8ff5-b6b450d67f6f@group-42ACBF6EBE4E-SegmentedRaftLog:OPENED:c-1,f-1,i0, conf=-1: [215fceca-0555-458b-bc4f-ba38ff24d5ba:192.168.157.211:43803, decc5551-dd4b-40dc-8ff5-b6b450d67f6f:192.168.157.211:34435, 0c631657-10a5-4e2a-a322-8fc6c651b2ed:192.168.157.211:41694], old=null
2019-10-17 07:10:46,201 [decc5551-dd4b-40dc-8ff5-b6b450d67f6f@group-42ACBF6EBE4E-LeaderElection329] INFO  impl.LeaderElection (LeaderElection.java:askForVotes(178)) - decc5551-dd4b-40dc-8ff5-b6b450d67f6f@group-42ACBF6EBE4E-LeaderElection329: begin an election at term 185 for -1: [215fceca-0555-458b-bc4f-ba38ff24d5ba:192.168.157.211:43803, decc5551-dd4b-40dc-8ff5-b6b450d67f6f:192.168.157.211:34435, 0c631657-10a5-4e2a-a322-8fc6c651b2ed:192.168.157.211:41694], old=null
2019-10-17 07:10:46,204 [grpc-default-executor-3] INFO  impl.RaftServerImpl (RaftServerImpl.java:setRole(184)) - 0c631657-10a5-4e2a-a322-8fc6c651b2ed@group-42ACBF6EBE4E: changes role from  FOLLOWER to FOLLOWER at term 185 for recognizeCandidate:decc5551-dd4b-40dc-8ff5-b6b450d67f6f
2019-10-17 07:10:46,204 [grpc-default-executor-9] INFO  impl.RaftServerImpl (RaftServerImpl.java:setRole(184)) - 215fceca-0555-458b-bc4f-ba38ff24d5ba@group-42ACBF6EBE4E: changes role from  FOLLOWER to FOLLOWER at term 185 for recognizeCandidate:decc5551-dd4b-40dc-8ff5-b6b450d67f6f
2019-10-17 07:10:46,204 [grpc-default-executor-3] INFO  impl.RoleInfo (RoleInfo.java:shutdownFollowerState(121)) - 0c631657-10a5-4e2a-a322-8fc6c651b2ed: shutdown FollowerState
2019-10-17 07:10:46,204 [grpc-default-executor-9] INFO  impl.RoleInfo (RoleInfo.java:shutdownFollowerState(121)) - 215fceca-0555-458b-bc4f-ba38ff24d5ba: shutdown FollowerState
2019-10-17 07:10:46,204 [Thread-2608] INFO  impl.FollowerState (FollowerState.java:run(117)) - 0c631657-10a5-4e2a-a322-8fc6c651b2ed@group-42ACBF6EBE4E-FollowerState was interrupted: java.lang.InterruptedException: sleep interrupted
2019-10-17 07:10:46,204 [Thread-2609] INFO  impl.FollowerState (FollowerState.java:run(117)) - 215fceca-0555-458b-bc4f-ba38ff24d5ba@group-42ACBF6EBE4E-FollowerState was interrupted: java.lang.InterruptedException: sleep interrupted
2019-10-17 07:10:46,204 [grpc-default-executor-9] INFO  impl.RoleInfo (RoleInfo.java:updateAndGet(143)) - 215fceca-0555-458b-bc4f-ba38ff24d5ba: start FollowerState
2019-10-17 07:10:46,204 [grpc-default-executor-3] INFO  impl.RoleInfo (RoleInfo.java:updateAndGet(143)) - 0c631657-10a5-4e2a-a322-8fc6c651b2ed: start FollowerState
2019-10-17 07:10:46,219 [decc5551-dd4b-40dc-8ff5-b6b450d67f6f@group-42ACBF6EBE4E-LeaderElection329] INFO  impl.LeaderElection (LeaderElection.java:logAndReturn(56)) - decc5551-dd4b-40dc-8ff5-b6b450d67f6f@group-42ACBF6EBE4E-LeaderElection329: Election REJECTED; received 2 response(s) [decc5551-dd4b-40dc-8ff5-b6b450d67f6f<-215fceca-0555-458b-bc4f-ba38ff24d5ba#0:FAIL-t185, decc5551-dd4b-40dc-8ff5-b6b450d67f6f<-0c631657-10a5-4e2a-a322-8fc6c651b2ed#0:FAIL-t185] and 0 exception(s); decc5551-dd4b-40dc-8ff5-b6b450d67f6f@group-42ACBF6EBE4E:t185, leader=null, voted=decc5551-dd4b-40dc-8ff5-b6b450d67f6f, raftlog=decc5551-dd4b-40dc-8ff5-b6b450d67f6f@group-42ACBF6EBE4E-SegmentedRaftLog:OPENED:c-1,f-1,i0, conf=-1: [215fceca-0555-458b-bc4f-ba38ff24d5ba:192.168.157.211:43803, decc5551-dd4b-40dc-8ff5-b6b450d67f6f:192.168.157.211:34435, 0c631657-10a5-4e2a-a322-8fc6c651b2ed:192.168.157.211:41694], old=null
2019-10-17 07:10:46,219 [decc5551-dd4b-40dc-8ff5-b6b450d67f6f@group-42ACBF6EBE4E-LeaderElection329] INFO  impl.RaftServerImpl (RaftServerImpl.java:setRole(184)) - decc5551-dd4b-40dc-8ff5-b6b450d67f6f@group-42ACBF6EBE4E: changes role from CANDIDATE to FOLLOWER at term 185 for DISCOVERED_A_NEW_TERM
2019-10-17 07:10:46,220 [decc5551-dd4b-40dc-8ff5-b6b450d67f6f@group-42ACBF6EBE4E-LeaderElection329] INFO  impl.RoleInfo (RoleInfo.java:shutdownLeaderElection(134)) - decc5551-dd4b-40dc-8ff5-b6b450d67f6f: shutdown LeaderElection
2019-10-17 07:10:46,220 [decc5551-dd4b-40dc-8ff5-b6b450d67f6f@group-42ACBF6EBE4E-LeaderElection329] INFO  impl.RoleInfo (RoleInfo.java:updateAndGet(143)) - decc5551-dd4b-40dc-8ff5-b6b450d67f6f: start FollowerState
2019-10-17 07:10:46,290 [Thread-2614] INFO  impl.FollowerState (FollowerState.java:run(108)) - decc5551-dd4b-40dc-8ff5-b6b450d67f6f@group-42ACBF6EBE4E-FollowerState: change to CANDIDATE, lastRpcTime:70ms, electionTimeout:70ms
2019-10-17 07:10:46,290 [Thread-2614] INFO  impl.RoleInfo (RoleInfo.java:shutdownFollowerState(121)) - decc5551-dd4b-40dc-8ff5-b6b450d67f6f: shutdown FollowerState
2019-10-17 07:10:46,291 [Thread-2614] INFO  impl.RaftServerImpl (RaftServerImpl.java:setRole(184)) - decc5551-dd4b-40dc-8ff5-b6b450d67f6f@group-42ACBF6EBE4E: changes role from  FOLLOWER to CANDIDATE at term 185 for changeToCandidate
2019-10-17 07:10:46,291 [Thread-2614] INFO  impl.RoleInfo (RoleInfo.java:updateAndGet(143)) - decc5551-dd4b-40dc-8ff5-b6b450d67f6f: start LeaderElection
2019-10-17 07:10:46,305 [decc5551-dd4b-40dc-8ff5-b6b450d67f6f@group-42ACBF6EBE4E-LeaderElection330] INFO  impl.LeaderElection (LeaderElection.java:askForVotes(178)) - decc5551-dd4b-40dc-8ff5-b6b450d67f6f@group-42ACBF6EBE4E-LeaderElection330: begin an election at term 186 for -1: [215fceca-0555-458b-bc4f-ba38ff24d5ba:192.168.157.211:43803, decc5551-dd4b-40dc-8ff5-b6b450d67f6f:192.168.157.211:34435, 0c631657-10a5-4e2a-a322-8fc6c651b2ed:192.168.157.211:41694], old=null
2019-10-17 07:10:46,308 [grpc-default-executor-3] INFO  impl.RaftServerImpl (RaftServerImpl.java:setRole(184)) - 0c631657-10a5-4e2a-a322-8fc6c651b2ed@group-42ACBF6EBE4E: changes role from  FOLLOWER to FOLLOWER at term 186 for recognizeCandidate:decc5551-dd4b-40dc-8ff5-b6b450d67f6f
2019-10-17 07:10:46,308 [grpc-default-executor-9] INFO  impl.RaftServerImpl (RaftServerImpl.java:setRole(184)) - 215fceca-0555-458b-bc4f-ba38ff24d5ba@group-42ACBF6EBE4E: changes role from  FOLLOWER to FOLLOWER at term 186 for recognizeCandidate:decc5551-dd4b-40dc-8ff5-b6b450d67f6f
2019-10-17 07:10:46,308 [grpc-default-executor-3] INFO  impl.RoleInfo (RoleInfo.java:shutdownFollowerState(121)) - 0c631657-10a5-4e2a-a322-8fc6c651b2ed: shutdown FollowerState
2019-10-17 07:10:46,308 [grpc-default-executor-9] INFO  impl.RoleInfo (RoleInfo.java:shutdownFollowerState(121)) - 215fceca-0555-458b-bc4f-ba38ff24d5ba: shutdown FollowerState
2019-10-17 07:10:46,308 [Thread-2612] INFO  impl.FollowerState (FollowerState.java:run(117)) - 0c631657-10a5-4e2a-a322-8fc6c651b2ed@group-42ACBF6EBE4E-FollowerState was interrupted: java.lang.InterruptedException: sleep interrupted
2019-10-17 07:10:46,308 [Thread-2613] INFO  impl.FollowerState (FollowerState.java:run(117)) - 215fceca-0555-458b-bc4f-ba38ff24d5ba@group-42ACBF6EBE4E-FollowerState was interrupted: java.lang.InterruptedException: sleep interrupted
2019-10-17 07:10:46,308 [grpc-default-executor-3] INFO  impl.RoleInfo (RoleInfo.java:updateAndGet(143)) - 0c631657-10a5-4e2a-a322-8fc6c651b2ed: start FollowerState
2019-10-17 07:10:46,308 [grpc-default-executor-9] INFO  impl.RoleInfo (RoleInfo.java:updateAndGet(143)) - 215fceca-0555-458b-bc4f-ba38ff24d5ba: start FollowerState
2019-10-17 07:10:46,326 [decc5551-dd4b-40dc-8ff5-b6b450d67f6f@group-42ACBF6EBE4E-LeaderElection330] INFO  impl.LeaderElection (LeaderElection.java:logAndReturn(56)) - decc5551-dd4b-40dc-8ff5-b6b450d67f6f@group-42ACBF6EBE4E-LeaderElection330: Election REJECTED; received 2 response(s) [decc5551-dd4b-40dc-8ff5-b6b450d67f6f<-215fceca-0555-458b-bc4f-ba38ff24d5ba#0:FAIL-t186, decc5551-dd4b-40dc-8ff5-b6b450d67f6f<-0c631657-10a5-4e2a-a322-8fc6c651b2ed#0:FAIL-t186] and 0 exception(s); decc5551-dd4b-40dc-8ff5-b6b450d67f6f@group-42ACBF6EBE4E:t186, leader=null, voted=decc5551-dd4b-40dc-8ff5-b6b450d67f6f, raftlog=decc5551-dd4b-40dc-8ff5-b6b450d67f6f@group-42ACBF6EBE4E-SegmentedRaftLog:OPENED:c-1,f-1,i0, conf=-1: [215fceca-0555-458b-bc4f-ba38ff24d5ba:192.168.157.211:43803, decc5551-dd4b-40dc-8ff5-b6b450d67f6f:192.168.157.211:34435, 0c631657-10a5-4e2a-a322-8fc6c651b2ed:192.168.157.211:41694], old=null
2019-10-17 07:10:46,326 [decc5551-dd4b-40dc-8ff5-b6b450d67f6f@group-42ACBF6EBE4E-LeaderElection330] INFO  impl.RaftServerImpl (RaftServerImpl.java:setRole(184)) - decc5551-dd4b-40dc-8ff5-b6b450d67f6f@group-42ACBF6EBE4E: changes role from CANDIDATE to FOLLOWER at term 186 for DISCOVERED_A_NEW_TERM
2019-10-17 07:10:46,326 [decc5551-dd4b-40dc-8ff5-b6b450d67f6f@group-42ACBF6EBE4E-LeaderElection330] INFO  impl.RoleInfo (RoleInfo.java:shutdownLeaderElection(134)) - decc5551-dd4b-40dc-8ff5-b6b450d67f6f: shutdown LeaderElection
2019-10-17 07:10:46,327 [decc5551-dd4b-40dc-8ff5-b6b450d67f6f@group-42ACBF6EBE4E-LeaderElection330] INFO  impl.RoleInfo (RoleInfo.java:updateAndGet(143)) - decc5551-dd4b-40dc-8ff5-b6b450d67f6f: start FollowerState
2019-10-17 07:10:46,339 [Thread-2620] INFO  impl.FollowerState (FollowerState.java:run(108)) - decc5551-dd4b-40dc-8ff5-b6b450d67f6f@group-42ACBF6EBE4E-FollowerState: change to CANDIDATE, lastRpcTime:12ms, electionTimeout:12ms
2019-10-17 07:10:46,339 [Thread-2620] INFO  impl.RoleInfo (RoleInfo.java:shutdownFollowerState(121)) - decc5551-dd4b-40dc-8ff5-b6b450d67f6f: shutdown FollowerState
2019-10-17 07:10:46,339 [Thread-2620] INFO  impl.RaftServerImpl (RaftServerImpl.java:setRole(184)) - decc5551-dd4b-40dc-8ff5-b6b450d67f6f@group-42ACBF6EBE4E: changes role from  FOLLOWER to CANDIDATE at term 186 for changeToCandidate
2019-10-17 07:10:46,339 [Thread-2620] INFO  impl.RoleInfo (RoleInfo.java:updateAndGet(143)) - decc5551-dd4b-40dc-8ff5-b6b450d67f6f: start LeaderElection
2019-10-17 07:10:46,353 [decc5551-dd4b-40dc-8ff5-b6b450d67f6f@group-42ACBF6EBE4E-LeaderElection331] INFO  impl.LeaderElection (LeaderElection.java:askForVotes(178)) - decc5551-dd4b-40dc-8ff5-b6b450d67f6f@group-42ACBF6EBE4E-LeaderElection331: begin an election at term 187 for -1: [215fceca-0555-458b-bc4f-ba38ff24d5ba:192.168.157.211:43803, decc5551-dd4b-40dc-8ff5-b6b450d67f6f:192.168.157.211:34435, 0c631657-10a5-4e2a-a322-8fc6c651b2ed:192.168.157.211:41694], old=null
2019-10-17 07:10:46,355 [grpc-default-executor-9] INFO  impl.RaftServerImpl (RaftServerImpl.java:setRole(184)) - 215fceca-0555-458b-bc4f-ba38ff24d5ba@group-42ACBF6EBE4E: changes role from  FOLLOWER to FOLLOWER at term 187 for recognizeCandidate:decc5551-dd4b-40dc-8ff5-b6b450d67f6f
2019-10-17 07:10:46,355 [grpc-default-executor-9] INFO  impl.RoleInfo (RoleInfo.java:shutdownFollowerState(121)) - 215fceca-0555-458b-bc4f-ba38ff24d5ba: shutdown FollowerState
2019-10-17 07:10:46,355 [grpc-default-executor-3] INFO  impl.RaftServerImpl (RaftServerImpl.java:setRole(184)) - 0c631657-10a5-4e2a-a322-8fc6c651b2ed@group-42ACBF6EBE4E: changes role from  FOLLOWER to FOLLOWER at term 187 for recognizeCandidate:decc5551-dd4b-40dc-8ff5-b6b450d67f6f
2019-10-17 07:10:46,355 [Thread-2619] INFO  impl.FollowerState (FollowerState.java:run(117)) - 215fceca-0555-458b-bc4f-ba38ff24d5ba@group-42ACBF6EBE4E-FollowerState was interrupted: java.lang.InterruptedException: sleep interrupted
2019-10-17 07:10:46,355 [grpc-default-executor-9] INFO  impl.RoleInfo (RoleInfo.java:updateAndGet(143)) - 215fceca-0555-458b-bc4f-ba38ff24d5ba: start FollowerState
2019-10-17 07:10:46,355 [grpc-default-executor-3] INFO  impl.RoleInfo (RoleInfo.java:shutdownFollowerState(121)) - 0c631657-10a5-4e2a-a322-8fc6c651b2ed: shutdown FollowerState
2019-10-17 07:10:46,355 [grpc-default-executor-3] INFO  impl.RoleInfo (RoleInfo.java:updateAndGet(143)) - 0c631657-10a5-4e2a-a322-8fc6c651b2ed: start FollowerState
2019-10-17 07:10:46,356 [Thread-2618] INFO  impl.FollowerState (FollowerState.java:run(117)) - 0c631657-10a5-4e2a-a322-8fc6c651b2ed@group-42ACBF6EBE4E-FollowerState was interrupted: java.lang.InterruptedException: sleep interrupted
2019-10-17 07:10:46,380 [decc5551-dd4b-40dc-8ff5-b6b450d67f6f@group-42ACBF6EBE4E-LeaderElection331] INFO  impl.LeaderElection (LeaderElection.java:logAndReturn(56)) - decc5551-dd4b-40dc-8ff5-b6b450d67f6f@group-42ACBF6EBE4E-LeaderElection331: Election REJECTED; received 2 response(s) [decc5551-dd4b-40dc-8ff5-b6b450d67f6f<-215fceca-0555-458b-bc4f-ba38ff24d5ba#0:FAIL-t187, decc5551-dd4b-40dc-8ff5-b6b450d67f6f<-0c631657-10a5-4e2a-a322-8fc6c651b2ed#0:FAIL-t187] and 0 exception(s); decc5551-dd4b-40dc-8ff5-b6b450d67f6f@group-42ACBF6EBE4E:t187, leader=null, voted=decc5551-dd4b-40dc-8ff5-b6b450d67f6f, raftlog=decc5551-dd4b-40dc-8ff5-b6b450d67f6f@group-42ACBF6EBE4E-SegmentedRaftLog:OPENED:c-1,f-1,i0, conf=-1: [215fceca-0555-458b-bc4f-ba38ff24d5ba:192.168.157.211:43803, decc5551-dd4b-40dc-8ff5-b6b450d67f6f:192.168.157.211:34435, 0c631657-10a5-4e2a-a322-8fc6c651b2ed:192.168.157.211:41694], old=null
2019-10-17 07:10:46,381 [decc5551-dd4b-40dc-8ff5-b6b450d67f6f@group-42ACBF6EBE4E-LeaderElection331] INFO  impl.RaftServerImpl (RaftServerImpl.java:setRole(184)) - decc5551-dd4b-40dc-8ff5-b6b450d67f6f@group-42ACBF6EBE4E: changes role from CANDIDATE to FOLLOWER at term 187 for DISCOVERED_A_NEW_TERM
2019-10-17 07:10:46,381 [decc5551-dd4b-40dc-8ff5-b6b450d67f6f@group-42ACBF6EBE4E-LeaderElection331] INFO  impl.RoleInfo (RoleInfo.java:shutdownLeaderElection(134)) - decc5551-dd4b-40dc-8ff5-b6b450d67f6f: shutdown LeaderElection
2019-10-17 07:10:46,381 [decc5551-dd4b-40dc-8ff5-b6b450d67f6f@group-42ACBF6EBE4E-LeaderElection331] INFO  impl.RoleInfo (RoleInfo.java:updateAndGet(143)) - decc5551-dd4b-40dc-8ff5-b6b450d67f6f: start FollowerState
2019-10-17 07:10:46,438 [Thread-2626] INFO  impl.FollowerState (FollowerState.java:run(108)) - decc5551-dd4b-40dc-8ff5-b6b450d67f6f@group-42ACBF6EBE4E-FollowerState: change to CANDIDATE, lastRpcTime:57ms, electionTimeout:57ms
2019-10-17 07:10:46,439 [Thread-2626] INFO  impl.RoleInfo (RoleInfo.java:shutdownFollowerState(121)) - decc5551-dd4b-40dc-8ff5-b6b450d67f6f: shutdown FollowerState
2019-10-17 07:10:46,439 [Thread-2626] INFO  impl.RaftServerImpl (RaftServerImpl.java:setRole(184)) - decc5551-dd4b-40dc-8ff5-b6b450d67f6f@group-42ACBF6EBE4E: changes role from  FOLLOWER to CANDIDATE at term 187 for changeToCandidate
2019-10-17 07:10:46,439 [Thread-2626] INFO  impl.RoleInfo (RoleInfo.java:updateAndGet(143)) - decc5551-dd4b-40dc-8ff5-b6b450d67f6f: start LeaderElection
2019-10-17 07:10:46,464 [decc5551-dd4b-40dc-8ff5-b6b450d67f6f@group-42ACBF6EBE4E-LeaderElection332] INFO  impl.LeaderElection (LeaderElection.java:askForVotes(178)) - decc5551-dd4b-40dc-8ff5-b6b450d67f6f@group-42ACBF6EBE4E-LeaderElection332: begin an election at term 188 for -1: [215fceca-0555-458b-bc4f-ba38ff24d5ba:192.168.157.211:43803, decc5551-dd4b-40dc-8ff5-b6b450d67f6f:192.168.157.211:34435, 0c631657-10a5-4e2a-a322-8fc6c651b2ed:192.168.157.211:41694], old=null
2019-10-17 07:10:46,467 [grpc-default-executor-9] INFO  impl.RaftServerImpl (RaftServerImpl.java:setRole(184)) - 0c631657-10a5-4e2a-a322-8fc6c651b2ed@group-42ACBF6EBE4E: changes role from  FOLLOWER to FOLLOWER at term 188 for recognizeCandidate:decc5551-dd4b-40dc-8ff5-b6b450d67f6f
2019-10-17 07:10:46,467 [grpc-default-executor-3] INFO  impl.RaftServerImpl (RaftServerImpl.java:setRole(184)) - 215fceca-0555-458b-bc4f-ba38ff24d5ba@group-42ACBF6EBE4E: changes role from  FOLLOWER to FOLLOWER at term 188 for recognizeCandidate:decc5551-dd4b-40dc-8ff5-b6b450d67f6f
2019-10-17 07:10:46,467 [grpc-default-executor-9] INFO  impl.RoleInfo (RoleInfo.java:shutdownFollowerState(121)) - 0c631657-10a5-4e2a-a322-8fc6c651b2ed: shutdown FollowerState
2019-10-17 07:10:46,467 [grpc-default-executor-3] INFO  impl.RoleInfo (RoleInfo.java:shutdownFollowerState(121)) - 215fceca-0555-458b-bc4f-ba38ff24d5ba: shutdown FollowerState
2019-10-17 07:10:46,467 [Thread-2625] INFO  impl.FollowerState (FollowerState.java:run(117)) - 0c631657-10a5-4e2a-a322-8fc6c651b2ed@group-42ACBF6EBE4E-FollowerState was interrupted: java.lang.InterruptedException: sleep interrupted
2019-10-17 07:10:46,467 [Thread-2624] INFO  impl.FollowerState (FollowerState.java:run(117)) - 215fceca-0555-458b-bc4f-ba38ff24d5ba@group-42ACBF6EBE4E-FollowerState was interrupted: java.lang.InterruptedException: sleep interrupted
2019-10-17 07:10:46,467 [grpc-default-executor-9] INFO  impl.RoleInfo (RoleInfo.java:updateAndGet(143)) - 0c631657-10a5-4e2a-a322-8fc6c651b2ed: start FollowerState
2019-10-17 07:10:46,467 [grpc-default-executor-3] INFO  impl.RoleInfo (RoleInfo.java:updateAndGet(143)) - 215fceca-0555-458b-bc4f-ba38ff24d5ba: start FollowerState
2019-10-17 07:10:46,484 [decc5551-dd4b-40dc-8ff5-b6b450d67f6f@group-42ACBF6EBE4E-LeaderElection332] INFO  impl.LeaderElection (LeaderElection.java:logAndReturn(56)) - decc5551-dd4b-40dc-8ff5-b6b450d67f6f@group-42ACBF6EBE4E-LeaderElection332: Election REJECTED; received 2 response(s) [decc5551-dd4b-40dc-8ff5-b6b450d67f6f<-215fceca-0555-458b-bc4f-ba38ff24d5ba#0:FAIL-t188, decc5551-dd4b-40dc-8ff5-b6b450d67f6f<-0c631657-10a5-4e2a-a322-8fc6c651b2ed#0:FAIL-t188] and 0 exception(s); decc5551-dd4b-40dc-8ff5-b6b450d67f6f@group-42ACBF6EBE4E:t188, leader=null, voted=decc5551-dd4b-40dc-8ff5-b6b450d67f6f, raftlog=decc5551-dd4b-40dc-8ff5-b6b450d67f6f@group-42ACBF6EBE4E-SegmentedRaftLog:OPENED:c-1,f-1,i0, conf=-1: [215fceca-0555-458b-bc4f-ba38ff24d5ba:192.168.157.211:43803, decc5551-dd4b-40dc-8ff5-b6b450d67f6f:192.168.157.211:34435, 0c631657-10a5-4e2a-a322-8fc6c651b2ed:192.168.157.211:41694], old=null
2019-10-17 07:10:46,484 [decc5551-dd4b-40dc-8ff5-b6b450d67f6f@group-42ACBF6EBE4E-LeaderElection332] INFO  impl.RaftServerImpl (RaftServerImpl.java:setRole(184)) - decc5551-dd4b-40dc-8ff5-b6b450d67f6f@group-42ACBF6EBE4E: changes role from CANDIDATE to FOLLOWER at term 188 for DISCOVERED_A_NEW_TERM
2019-10-17 07:10:46,484 [decc5551-dd4b-40dc-8ff5-b6b450d67f6f@group-42ACBF6EBE4E-LeaderElection332] INFO  impl.RoleInfo (RoleInfo.java:shutdownLeaderElection(134)) - decc5551-dd4b-40dc-8ff5-b6b450d67f6f: shutdown LeaderElection
2019-10-17 07:10:46,484 [decc5551-dd4b-40dc-8ff5-b6b450d67f6f@group-42ACBF6EBE4E-LeaderElection332] INFO  impl.RoleInfo (RoleInfo.java:updateAndGet(143)) - decc5551-dd4b-40dc-8ff5-b6b450d67f6f: start FollowerState
2019-10-17 07:10:46,607 [Thread-2632] INFO  impl.FollowerState (FollowerState.java:run(108)) - decc5551-dd4b-40dc-8ff5-b6b450d67f6f@group-42ACBF6EBE4E-FollowerState: change to CANDIDATE, lastRpcTime:122ms, electionTimeout:122ms
2019-10-17 07:10:46,607 [Thread-2632] INFO  impl.RoleInfo (RoleInfo.java:shutdownFollowerState(121)) - decc5551-dd4b-40dc-8ff5-b6b450d67f6f: shutdown FollowerState
2019-10-17 07:10:46,607 [Thread-2632] INFO  impl.RaftServerImpl (RaftServerImpl.java:setRole(184)) - decc5551-dd4b-40dc-8ff5-b6b450d67f6f@group-42ACBF6EBE4E: changes role from  FOLLOWER to CANDIDATE at term 188 for changeToCandidate
2019-10-17 07:10:46,607 [Thread-2632] INFO  impl.RoleInfo (RoleInfo.java:updateAndGet(143)) - decc5551-dd4b-40dc-8ff5-b6b450d67f6f: start LeaderElection
2019-10-17 07:10:46,613 [java.util.concurrent.ThreadPoolExecutor$Worker@234137a4[State = -1, empty queue]] WARN  server.GrpcLogAppender (GrpcLogAppender.java:timeoutAppendRequest(209)) - d31fb603-bc45-4cd2-bfc5-2ee103695b2e@group-A2172F2EE55F->a4e5d14e-95af-4d1f-b670-5b1c42084e26-GrpcLogAppender: appendEntries Timeout, request=d31fb603-bc45-4cd2-bfc5-2ee103695b2e->a4e5d14e-95af-4d1f-b670-5b1c42084e26#58-t3, previous=(t:3, i:20), leaderCommit=20, initializing? false, entries: <empty>
2019-10-17 07:10:46,633 [decc5551-dd4b-40dc-8ff5-b6b450d67f6f@group-42ACBF6EBE4E-LeaderElection333] INFO  impl.LeaderElection (LeaderElection.java:askForVotes(178)) - decc5551-dd4b-40dc-8ff5-b6b450d67f6f@group-42ACBF6EBE4E-LeaderElection333: begin an election at term 189 for -1: [215fceca-0555-458b-bc4f-ba38ff24d5ba:192.168.157.211:43803, decc5551-dd4b-40dc-8ff5-b6b450d67f6f:192.168.157.211:34435, 0c631657-10a5-4e2a-a322-8fc6c651b2ed:192.168.157.211:41694], old=null
2019-10-17 07:10:46,635 [grpc-default-executor-9] INFO  impl.RaftServerImpl (RaftServerImpl.java:setRole(184)) - 215fceca-0555-458b-bc4f-ba38ff24d5ba@group-42ACBF6EBE4E: changes role from  FOLLOWER to FOLLOWER at term 189 for recognizeCandidate:decc5551-dd4b-40dc-8ff5-b6b450d67f6f
2019-10-17 07:10:46,635 [grpc-default-executor-9] INFO  impl.RoleInfo (RoleInfo.java:shutdownFollowerState(121)) - 215fceca-0555-458b-bc4f-ba38ff24d5ba: shutdown FollowerState
2019-10-17 07:10:46,635 [grpc-default-executor-3] INFO  impl.RaftServerImpl (RaftServerImpl.java:setRole(184)) - 0c631657-10a5-4e2a-a322-8fc6c651b2ed@group-42ACBF6EBE4E: changes role from  FOLLOWER to FOLLOWER at term 189 for recognizeCandidate:decc5551-dd4b-40dc-8ff5-b6b450d67f6f
2019-10-17 07:10:46,635 [grpc-default-executor-3] INFO  impl.RoleInfo (RoleInfo.java:shutdownFollowerState(121)) - 0c631657-10a5-4e2a-a322-8fc6c651b2ed: shutdown FollowerState
2019-10-17 07:10:46,635 [Thread-2631] INFO  impl.FollowerState (FollowerState.java:run(117)) - 215fceca-0555-458b-bc4f-ba38ff24d5ba@group-42ACBF6EBE4E-FollowerState was interrupted: java.lang.InterruptedException: sleep interrupted
2019-10-17 07:10:46,635 [grpc-default-executor-9] INFO  impl.RoleInfo (RoleInfo.java:updateAndGet(143)) - 215fceca-0555-458b-bc4f-ba38ff24d5ba: start FollowerState
2019-10-17 07:10:46,635 [grpc-default-executor-3] INFO  impl.RoleInfo (RoleInfo.java:updateAndGet(143)) - 0c631657-10a5-4e2a-a322-8fc6c651b2ed: start FollowerState
2019-10-17 07:10:46,635 [Thread-2630] INFO  impl.FollowerState (FollowerState.java:run(117)) - 0c631657-10a5-4e2a-a322-8fc6c651b2ed@group-42ACBF6EBE4E-FollowerState was interrupted: java.lang.InterruptedException: sleep interrupted
2019-10-17 07:10:46,648 [decc5551-dd4b-40dc-8ff5-b6b450d67f6f@group-42ACBF6EBE4E-LeaderElection333] INFO  impl.LeaderElection (LeaderElection.java:logAndReturn(56)) - decc5551-dd4b-40dc-8ff5-b6b450d67f6f@group-42ACBF6EBE4E-LeaderElection333: Election REJECTED; received 2 response(s) [decc5551-dd4b-40dc-8ff5-b6b450d67f6f<-215fceca-0555-458b-bc4f-ba38ff24d5ba#0:FAIL-t189, decc5551-dd4b-40dc-8ff5-b6b450d67f6f<-0c631657-10a5-4e2a-a322-8fc6c651b2ed#0:FAIL-t189] and 0 exception(s); decc5551-dd4b-40dc-8ff5-b6b450d67f6f@group-42ACBF6EBE4E:t189, leader=null, voted=decc5551-dd4b-40dc-8ff5-b6b450d67f6f, raftlog=decc5551-dd4b-40dc-8ff5-b6b450d67f6f@group-42ACBF6EBE4E-SegmentedRaftLog:OPENED:c-1,f-1,i0, conf=-1: [215fceca-0555-458b-bc4f-ba38ff24d5ba:192.168.157.211:43803, decc5551-dd4b-40dc-8ff5-b6b450d67f6f:192.168.157.211:34435, 0c631657-10a5-4e2a-a322-8fc6c651b2ed:192.168.157.211:41694], old=null
2019-10-17 07:10:46,648 [decc5551-dd4b-40dc-8ff5-b6b450d67f6f@group-42ACBF6EBE4E-LeaderElection333] INFO  impl.RaftServerImpl (RaftServerImpl.java:setRole(184)) - decc5551-dd4b-40dc-8ff5-b6b450d67f6f@group-42ACBF6EBE4E: changes role from CANDIDATE to FOLLOWER at term 189 for DISCOVERED_A_NEW_TERM
2019-10-17 07:10:46,649 [decc5551-dd4b-40dc-8ff5-b6b450d67f6f@group-42ACBF6EBE4E-LeaderElection333] INFO  impl.RoleInfo (RoleInfo.java:shutdownLeaderElection(134)) - decc5551-dd4b-40dc-8ff5-b6b450d67f6f: shutdown LeaderElection
2019-10-17 07:10:46,649 [decc5551-dd4b-40dc-8ff5-b6b450d67f6f@group-42ACBF6EBE4E-LeaderElection333] INFO  impl.RoleInfo (RoleInfo.java:updateAndGet(143)) - decc5551-dd4b-40dc-8ff5-b6b450d67f6f: start FollowerState
2019-10-17 07:10:46,715 [Thread-2639] INFO  impl.FollowerState (FollowerState.java:run(108)) - decc5551-dd4b-40dc-8ff5-b6b450d67f6f@group-42ACBF6EBE4E-FollowerState: change to CANDIDATE, lastRpcTime:66ms, electionTimeout:66ms
2019-10-17 07:10:46,715 [Thread-2639] INFO  impl.RoleInfo (RoleInfo.java:shutdownFollowerState(121)) - decc5551-dd4b-40dc-8ff5-b6b450d67f6f: shutdown FollowerState
2019-10-17 07:10:46,715 [Thread-2639] INFO  impl.RaftServerImpl (RaftServerImpl.java:setRole(184)) - decc5551-dd4b-40dc-8ff5-b6b450d67f6f@group-42ACBF6EBE4E: changes role from  FOLLOWER to CANDIDATE at term 189 for changeToCandidate
2019-10-17 07:10:46,716 [Thread-2639] INFO  impl.RoleInfo (RoleInfo.java:updateAndGet(143)) - decc5551-dd4b-40dc-8ff5-b6b450d67f6f: start LeaderElection
2019-10-17 07:10:46,745 [decc5551-dd4b-40dc-8ff5-b6b450d67f6f@group-42ACBF6EBE4E-LeaderElection334] INFO  impl.LeaderElection (LeaderElection.java:askForVotes(178)) - decc5551-dd4b-40dc-8ff5-b6b450d67f6f@group-42ACBF6EBE4E-LeaderElection334: begin an election at term 190 for -1: [215fceca-0555-458b-bc4f-ba38ff24d5ba:192.168.157.211:43803, decc5551-dd4b-40dc-8ff5-b6b450d67f6f:192.168.157.211:34435, 0c631657-10a5-4e2a-a322-8fc6c651b2ed:192.168.157.211:41694], old=null
2019-10-17 07:10:46,747 [grpc-default-executor-9] INFO  impl.RaftServerImpl (RaftServerImpl.java:setRole(184)) - 215fceca-0555-458b-bc4f-ba38ff24d5ba@group-42ACBF6EBE4E: changes role from  FOLLOWER to FOLLOWER at term 190 for recognizeCandidate:decc5551-dd4b-40dc-8ff5-b6b450d67f6f
2019-10-17 07:10:46,747 [grpc-default-executor-9] INFO  impl.RoleInfo (RoleInfo.java:shutdownFollowerState(121)) - 215fceca-0555-458b-bc4f-ba38ff24d5ba: shutdown FollowerState
2019-10-17 07:10:46,747 [grpc-default-executor-3] INFO  impl.RaftServerImpl (RaftServerImpl.java:setRole(184)) - 0c631657-10a5-4e2a-a322-8fc6c651b2ed@group-42ACBF6EBE4E: changes role from  FOLLOWER to FOLLOWER at term 190 for recognizeCandidate:decc5551-dd4b-40dc-8ff5-b6b450d67f6f
2019-10-17 07:10:46,747 [Thread-2636] INFO  impl.FollowerState (FollowerState.java:run(117)) - 215fceca-0555-458b-bc4f-ba38ff24d5ba@group-42ACBF6EBE4E-FollowerState was interrupted: java.lang.InterruptedException: sleep interrupted
2019-10-17 07:10:46,747 [grpc-default-executor-9] INFO  impl.RoleInfo (RoleInfo.java:updateAndGet(143)) - 215fceca-0555-458b-bc4f-ba38ff24d5ba: start FollowerState
2019-10-17 07:10:46,748 [grpc-default-executor-3] INFO  impl.RoleInfo (RoleInfo.java:shutdownFollowerState(121)) - 0c631657-10a5-4e2a-a322-8fc6c651b2ed: shutdown FollowerState
2019-10-17 07:10:46,748 [grpc-default-executor-3] INFO  impl.RoleInfo (RoleInfo.java:updateAndGet(143)) - 0c631657-10a5-4e2a-a322-8fc6c651b2ed: start FollowerState
2019-10-17 07:10:46,748 [Thread-2637] INFO  impl.FollowerState (FollowerState.java:run(117)) - 0c631657-10a5-4e2a-a322-8fc6c651b2ed@group-42ACBF6EBE4E-FollowerState was interrupted: java.lang.InterruptedException: sleep interrupted
2019-10-17 07:10:46,772 [decc5551-dd4b-40dc-8ff5-b6b450d67f6f@group-42ACBF6EBE4E-LeaderElection334] INFO  impl.LeaderElection (LeaderElection.java:logAndReturn(56)) - decc5551-dd4b-40dc-8ff5-b6b450d67f6f@group-42ACBF6EBE4E-LeaderElection334: Election REJECTED; received 2 response(s) [decc5551-dd4b-40dc-8ff5-b6b450d67f6f<-215fceca-0555-458b-bc4f-ba38ff24d5ba#0:FAIL-t190, decc5551-dd4b-40dc-8ff5-b6b450d67f6f<-0c631657-10a5-4e2a-a322-8fc6c651b2ed#0:FAIL-t190] and 0 exception(s); decc5551-dd4b-40dc-8ff5-b6b450d67f6f@group-42ACBF6EBE4E:t190, leader=null, voted=decc5551-dd4b-40dc-8ff5-b6b450d67f6f, raftlog=decc5551-dd4b-40dc-8ff5-b6b450d67f6f@group-42ACBF6EBE4E-SegmentedRaftLog:OPENED:c-1,f-1,i0, conf=-1: [215fceca-0555-458b-bc4f-ba38ff24d5ba:192.168.157.211:43803, decc5551-dd4b-40dc-8ff5-b6b450d67f6f:192.168.157.211:34435, 0c631657-10a5-4e2a-a322-8fc6c651b2ed:192.168.157.211:41694], old=null
2019-10-17 07:10:46,772 [decc5551-dd4b-40dc-8ff5-b6b450d67f6f@group-42ACBF6EBE4E-LeaderElection334] INFO  impl.RaftServerImpl (RaftServerImpl.java:setRole(184)) - decc5551-dd4b-40dc-8ff5-b6b450d67f6f@group-42ACBF6EBE4E: changes role from CANDIDATE to FOLLOWER at term 190 for DISCOVERED_A_NEW_TERM
2019-10-17 07:10:46,772 [decc5551-dd4b-40dc-8ff5-b6b450d67f6f@group-42ACBF6EBE4E-LeaderElection334] INFO  impl.RoleInfo (RoleInfo.java:shutdownLeaderElection(134)) - decc5551-dd4b-40dc-8ff5-b6b450d67f6f: shutdown LeaderElection
2019-10-17 07:10:46,772 [decc5551-dd4b-40dc-8ff5-b6b450d67f6f@group-42ACBF6EBE4E-LeaderElection334] INFO  impl.RoleInfo (RoleInfo.java:updateAndGet(143)) - decc5551-dd4b-40dc-8ff5-b6b450d67f6f: start FollowerState
2019-10-17 07:10:46,910 [Thread-2645] INFO  impl.FollowerState (FollowerState.java:run(108)) - decc5551-dd4b-40dc-8ff5-b6b450d67f6f@group-42ACBF6EBE4E-FollowerState: change to CANDIDATE, lastRpcTime:137ms, electionTimeout:137ms
2019-10-17 07:10:46,910 [Thread-2645] INFO  impl.RoleInfo (RoleInfo.java:shutdownFollowerState(121)) - decc5551-dd4b-40dc-8ff5-b6b450d67f6f: shutdown FollowerState
2019-10-17 07:10:46,910 [Thread-2645] INFO  impl.RaftServerImpl (RaftServerImpl.java:setRole(184)) - decc5551-dd4b-40dc-8ff5-b6b450d67f6f@group-42ACBF6EBE4E: changes role from  FOLLOWER to CANDIDATE at term 190 for changeToCandidate
2019-10-17 07:10:46,910 [Thread-2645] INFO  impl.RoleInfo (RoleInfo.java:updateAndGet(143)) - decc5551-dd4b-40dc-8ff5-b6b450d67f6f: start LeaderElection
2019-10-17 07:10:46,925 [decc5551-dd4b-40dc-8ff5-b6b450d67f6f@group-42ACBF6EBE4E-LeaderElection335] INFO  impl.LeaderElection (LeaderElection.java:askForVotes(178)) - decc5551-dd4b-40dc-8ff5-b6b450d67f6f@group-42ACBF6EBE4E-LeaderElection335: begin an election at term 191 for -1: [215fceca-0555-458b-bc4f-ba38ff24d5ba:192.168.157.211:43803, decc5551-dd4b-40dc-8ff5-b6b450d67f6f:192.168.157.211:34435, 0c631657-10a5-4e2a-a322-8fc6c651b2ed:192.168.157.211:41694], old=null
2019-10-17 07:10:46,927 [grpc-default-executor-9] INFO  impl.RaftServerImpl (RaftServerImpl.java:setRole(184)) - 215fceca-0555-458b-bc4f-ba38ff24d5ba@group-42ACBF6EBE4E: changes role from  FOLLOWER to FOLLOWER at term 191 for recognizeCandidate:decc5551-dd4b-40dc-8ff5-b6b450d67f6f
2019-10-17 07:10:46,927 [grpc-default-executor-3] INFO  impl.RaftServerImpl (RaftServerImpl.java:setRole(184)) - 0c631657-10a5-4e2a-a322-8fc6c651b2ed@group-42ACBF6EBE4E: changes role from  FOLLOWER to FOLLOWER at term 191 for recognizeCandidate:decc5551-dd4b-40dc-8ff5-b6b450d67f6f
2019-10-17 07:10:46,927 [grpc-default-executor-9] INFO  impl.RoleInfo (RoleInfo.java:shutdownFollowerState(121)) - 215fceca-0555-458b-bc4f-ba38ff24d5ba: shutdown FollowerState
2019-10-17 07:10:46,927 [grpc-default-executor-3] INFO  impl.RoleInfo (RoleInfo.java:shutdownFollowerState(121)) - 0c631657-10a5-4e2a-a322-8fc6c651b2ed: shutdown FollowerState
2019-10-17 07:10:46,928 [Thread-2644] INFO  impl.FollowerState (FollowerState.java:run(117)) - 0c631657-10a5-4e2a-a322-8fc6c651b2ed@group-42ACBF6EBE4E-FollowerState was interrupted: java.lang.InterruptedException: sleep interrupted
2019-10-17 07:10:46,928 [Thread-2643] INFO  impl.FollowerState (FollowerState.java:run(117)) - 215fceca-0555-458b-bc4f-ba38ff24d5ba@group-42ACBF6EBE4E-FollowerState was interrupted: java.lang.InterruptedException: sleep interrupted
2019-10-17 07:10:46,927 [grpc-default-executor-9] INFO  impl.RoleInfo (RoleInfo.java:updateAndGet(143)) - 215fceca-0555-458b-bc4f-ba38ff24d5ba: start FollowerState
2019-10-17 07:10:46,928 [grpc-default-executor-3] INFO  impl.RoleInfo (RoleInfo.java:updateAndGet(143)) - 0c631657-10a5-4e2a-a322-8fc6c651b2ed: start FollowerState
2019-10-17 07:10:46,944 [decc5551-dd4b-40dc-8ff5-b6b450d67f6f@group-42ACBF6EBE4E-LeaderElection335] INFO  impl.LeaderElection (LeaderElection.java:logAndReturn(56)) - decc5551-dd4b-40dc-8ff5-b6b450d67f6f@group-42ACBF6EBE4E-LeaderElection335: Election TIMEOUT; received 0 response(s) [] and 0 exception(s); decc5551-dd4b-40dc-8ff5-b6b450d67f6f@group-42ACBF6EBE4E:t191, leader=null, voted=decc5551-dd4b-40dc-8ff5-b6b450d67f6f, raftlog=decc5551-dd4b-40dc-8ff5-b6b450d67f6f@group-42ACBF6EBE4E-SegmentedRaftLog:OPENED:c-1,f-1,i0, conf=-1: [215fceca-0555-458b-bc4f-ba38ff24d5ba:192.168.157.211:43803, decc5551-dd4b-40dc-8ff5-b6b450d67f6f:192.168.157.211:34435, 0c631657-10a5-4e2a-a322-8fc6c651b2ed:192.168.157.211:41694], old=null
2019-10-17 07:10:46,957 [decc5551-dd4b-40dc-8ff5-b6b450d67f6f@group-42ACBF6EBE4E-LeaderElection335] INFO  impl.LeaderElection (LeaderElection.java:askForVotes(178)) - decc5551-dd4b-40dc-8ff5-b6b450d67f6f@group-42ACBF6EBE4E-LeaderElection335: begin an election at term 192 for -1: [215fceca-0555-458b-bc4f-ba38ff24d5ba:192.168.157.211:43803, decc5551-dd4b-40dc-8ff5-b6b450d67f6f:192.168.157.211:34435, 0c631657-10a5-4e2a-a322-8fc6c651b2ed:192.168.157.211:41694], old=null
2019-10-17 07:10:46,959 [grpc-default-executor-9] INFO  impl.RaftServerImpl (RaftServerImpl.java:setRole(184)) - 215fceca-0555-458b-bc4f-ba38ff24d5ba@group-42ACBF6EBE4E: changes role from  FOLLOWER to FOLLOWER at term 192 for recognizeCandidate:decc5551-dd4b-40dc-8ff5-b6b450d67f6f
2019-10-17 07:10:46,959 [grpc-default-executor-9] INFO  impl.RoleInfo (RoleInfo.java:shutdownFollowerState(121)) - 215fceca-0555-458b-bc4f-ba38ff24d5ba: shutdown FollowerState
2019-10-17 07:10:46,959 [grpc-default-executor-3] INFO  impl.RaftServerImpl (RaftServerImpl.java:setRole(184)) - 0c631657-10a5-4e2a-a322-8fc6c651b2ed@group-42ACBF6EBE4E: changes role from  FOLLOWER to FOLLOWER at term 192 for recognizeCandidate:decc5551-dd4b-40dc-8ff5-b6b450d67f6f
2019-10-17 07:10:46,959 [grpc-default-executor-3] INFO  impl.RoleInfo (RoleInfo.java:shutdownFollowerState(121)) - 0c631657-10a5-4e2a-a322-8fc6c651b2ed: shutdown FollowerState
2019-10-17 07:10:46,959 [Thread-2649] INFO  impl.FollowerState (FollowerState.java:run(117)) - 215fceca-0555-458b-bc4f-ba38ff24d5ba@group-42ACBF6EBE4E-FollowerState was interrupted: java.lang.InterruptedException: sleep interrupted
2019-10-17 07:10:46,959 [grpc-default-executor-9] INFO  impl.RoleInfo (RoleInfo.java:updateAndGet(143)) - 215fceca-0555-458b-bc4f-ba38ff24d5ba: start FollowerState
2019-10-17 07:10:46,960 [Thread-2650] INFO  impl.FollowerState (FollowerState.java:run(117)) - 0c631657-10a5-4e2a-a322-8fc6c651b2ed@group-42ACBF6EBE4E-FollowerState was interrupted: java.lang.InterruptedException: sleep interrupted
2019-10-17 07:10:46,960 [grpc-default-executor-3] INFO  impl.RoleInfo (RoleInfo.java:updateAndGet(143)) - 0c631657-10a5-4e2a-a322-8fc6c651b2ed: start FollowerState
2019-10-17 07:10:46,975 [decc5551-dd4b-40dc-8ff5-b6b450d67f6f@group-42ACBF6EBE4E-LeaderElection335] INFO  impl.LeaderElection (LeaderElection.java:logAndReturn(56)) - decc5551-dd4b-40dc-8ff5-b6b450d67f6f@group-42ACBF6EBE4E-LeaderElection335: Election REJECTED; received 2 response(s) [decc5551-dd4b-40dc-8ff5-b6b450d67f6f<-215fceca-0555-458b-bc4f-ba38ff24d5ba#0:FAIL-t192, decc5551-dd4b-40dc-8ff5-b6b450d67f6f<-0c631657-10a5-4e2a-a322-8fc6c651b2ed#0:FAIL-t192] and 0 exception(s); decc5551-dd4b-40dc-8ff5-b6b450d67f6f@group-42ACBF6EBE4E:t192, leader=null, voted=decc5551-dd4b-40dc-8ff5-b6b450d67f6f, raftlog=decc5551-dd4b-40dc-8ff5-b6b450d67f6f@group-42ACBF6EBE4E-SegmentedRaftLog:OPENED:c-1,f-1,i0, conf=-1: [215fceca-0555-458b-bc4f-ba38ff24d5ba:192.168.157.211:43803, decc5551-dd4b-40dc-8ff5-b6b450d67f6f:192.168.157.211:34435, 0c631657-10a5-4e2a-a322-8fc6c651b2ed:192.168.157.211:41694], old=null
2019-10-17 07:10:46,975 [decc5551-dd4b-40dc-8ff5-b6b450d67f6f@group-42ACBF6EBE4E-LeaderElection335] INFO  impl.RaftServerImpl (RaftServerImpl.java:setRole(184)) - decc5551-dd4b-40dc-8ff5-b6b450d67f6f@group-42ACBF6EBE4E: changes role from CANDIDATE to FOLLOWER at term 192 for DISCOVERED_A_NEW_TERM
2019-10-17 07:10:46,975 [decc5551-dd4b-40dc-8ff5-b6b450d67f6f@group-42ACBF6EBE4E-LeaderElection335] INFO  impl.RoleInfo (RoleInfo.java:shutdownLeaderElection(134)) - decc5551-dd4b-40dc-8ff5-b6b450d67f6f: shutdown LeaderElection
2019-10-17 07:10:46,975 [decc5551-dd4b-40dc-8ff5-b6b450d67f6f@group-42ACBF6EBE4E-LeaderElection335] INFO  impl.RoleInfo (RoleInfo.java:updateAndGet(143)) - decc5551-dd4b-40dc-8ff5-b6b450d67f6f: start FollowerState
2019-10-17 07:10:47,011 [Thread-2655] INFO  impl.FollowerState (FollowerState.java:run(108)) - decc5551-dd4b-40dc-8ff5-b6b450d67f6f@group-42ACBF6EBE4E-FollowerState: change to CANDIDATE, lastRpcTime:35ms, electionTimeout:35ms
2019-10-17 07:10:47,011 [Thread-2655] INFO  impl.RoleInfo (RoleInfo.java:shutdownFollowerState(121)) - decc5551-dd4b-40dc-8ff5-b6b450d67f6f: shutdown FollowerState
2019-10-17 07:10:47,011 [Thread-2655] INFO  impl.RaftServerImpl (RaftServerImpl.java:setRole(184)) - decc5551-dd4b-40dc-8ff5-b6b450d67f6f@group-42ACBF6EBE4E: changes role from  FOLLOWER to CANDIDATE at term 192 for changeToCandidate
2019-10-17 07:10:47,011 [Thread-2655] INFO  impl.RoleInfo (RoleInfo.java:updateAndGet(143)) - decc5551-dd4b-40dc-8ff5-b6b450d67f6f: start LeaderElection
2019-10-17 07:10:47,026 [decc5551-dd4b-40dc-8ff5-b6b450d67f6f@group-42ACBF6EBE4E-LeaderElection336] INFO  impl.LeaderElection (LeaderElection.java:askForVotes(178)) - decc5551-dd4b-40dc-8ff5-b6b450d67f6f@group-42ACBF6EBE4E-LeaderElection336: begin an election at term 193 for -1: [215fceca-0555-458b-bc4f-ba38ff24d5ba:192.168.157.211:43803, decc5551-dd4b-40dc-8ff5-b6b450d67f6f:192.168.157.211:34435, 0c631657-10a5-4e2a-a322-8fc6c651b2ed:192.168.157.211:41694], old=null
2019-10-17 07:10:47,028 [grpc-default-executor-3] INFO  impl.RaftServerImpl (RaftServerImpl.java:setRole(184)) - 0c631657-10a5-4e2a-a322-8fc6c651b2ed@group-42ACBF6EBE4E: changes role from  FOLLOWER to FOLLOWER at term 193 for recognizeCandidate:decc5551-dd4b-40dc-8ff5-b6b450d67f6f
2019-10-17 07:10:47,028 [grpc-default-executor-9] INFO  impl.RaftServerImpl (RaftServerImpl.java:setRole(184)) - 215fceca-0555-458b-bc4f-ba38ff24d5ba@group-42ACBF6EBE4E: changes role from  FOLLOWER to FOLLOWER at term 193 for recognizeCandidate:decc5551-dd4b-40dc-8ff5-b6b450d67f6f
2019-10-17 07:10:47,028 [grpc-default-executor-3] INFO  impl.RoleInfo (RoleInfo.java:shutdownFollowerState(121)) - 0c631657-10a5-4e2a-a322-8fc6c651b2ed: shutdown FollowerState
2019-10-17 07:10:47,028 [grpc-default-executor-9] INFO  impl.RoleInfo (RoleInfo.java:shutdownFollowerState(121)) - 215fceca-0555-458b-bc4f-ba38ff24d5ba: shutdown FollowerState
2019-10-17 07:10:47,028 [Thread-2654] INFO  impl.FollowerState (FollowerState.java:run(117)) - 0c631657-10a5-4e2a-a322-8fc6c651b2ed@group-42ACBF6EBE4E-FollowerState was interrupted: java.lang.InterruptedException: sleep interrupted
2019-10-17 07:10:47,028 [grpc-default-executor-3] INFO  impl.RoleInfo (RoleInfo.java:updateAndGet(143)) - 0c631657-10a5-4e2a-a322-8fc6c651b2ed: start FollowerState
2019-10-17 07:10:47,028 [Thread-2653] INFO  impl.FollowerState (FollowerState.java:run(117)) - 215fceca-0555-458b-bc4f-ba38ff24d5ba@group-42ACBF6EBE4E-FollowerState was interrupted: java.lang.InterruptedException: sleep interrupted
2019-10-17 07:10:47,028 [grpc-default-executor-9] INFO  impl.RoleInfo (RoleInfo.java:updateAndGet(143)) - 215fceca-0555-458b-bc4f-ba38ff24d5ba: start FollowerState
2019-10-17 07:10:47,057 [decc5551-dd4b-40dc-8ff5-b6b450d67f6f@group-42ACBF6EBE4E-LeaderElection336] INFO  impl.LeaderElection (LeaderElection.java:logAndReturn(56)) - decc5551-dd4b-40dc-8ff5-b6b450d67f6f@group-42ACBF6EBE4E-LeaderElection336: Election REJECTED; received 2 response(s) [decc5551-dd4b-40dc-8ff5-b6b450d67f6f<-215fceca-0555-458b-bc4f-ba38ff24d5ba#0:FAIL-t193, decc5551-dd4b-40dc-8ff5-b6b450d67f6f<-0c631657-10a5-4e2a-a322-8fc6c651b2ed#0:FAIL-t193] and 0 exception(s); decc5551-dd4b-40dc-8ff5-b6b450d67f6f@group-42ACBF6EBE4E:t193, leader=null, voted=decc5551-dd4b-40dc-8ff5-b6b450d67f6f, raftlog=decc5551-dd4b-40dc-8ff5-b6b450d67f6f@group-42ACBF6EBE4E-SegmentedRaftLog:OPENED:c-1,f-1,i0, conf=-1: [215fceca-0555-458b-bc4f-ba38ff24d5ba:192.168.157.211:43803, decc5551-dd4b-40dc-8ff5-b6b450d67f6f:192.168.157.211:34435, 0c631657-10a5-4e2a-a322-8fc6c651b2ed:192.168.157.211:41694], old=null
2019-10-17 07:10:47,058 [decc5551-dd4b-40dc-8ff5-b6b450d67f6f@group-42ACBF6EBE4E-LeaderElection336] INFO  impl.RaftServerImpl (RaftServerImpl.java:setRole(184)) - decc5551-dd4b-40dc-8ff5-b6b450d67f6f@group-42ACBF6EBE4E: changes role from CANDIDATE to FOLLOWER at term 193 for DISCOVERED_A_NEW_TERM
2019-10-17 07:10:47,058 [decc5551-dd4b-40dc-8ff5-b6b450d67f6f@group-42ACBF6EBE4E-LeaderElection336] INFO  impl.RoleInfo (RoleInfo.java:shutdownLeaderElection(134)) - decc5551-dd4b-40dc-8ff5-b6b450d67f6f: shutdown LeaderElection
2019-10-17 07:10:47,058 [decc5551-dd4b-40dc-8ff5-b6b450d67f6f@group-42ACBF6EBE4E-LeaderElection336] INFO  impl.RoleInfo (RoleInfo.java:updateAndGet(143)) - decc5551-dd4b-40dc-8ff5-b6b450d67f6f: start FollowerState
2019-10-17 07:10:47,105 [Thread-2661] INFO  impl.FollowerState (FollowerState.java:run(108)) - decc5551-dd4b-40dc-8ff5-b6b450d67f6f@group-42ACBF6EBE4E-FollowerState: change to CANDIDATE, lastRpcTime:47ms, electionTimeout:47ms
2019-10-17 07:10:47,106 [Thread-2661] INFO  impl.RoleInfo (RoleInfo.java:shutdownFollowerState(121)) - decc5551-dd4b-40dc-8ff5-b6b450d67f6f: shutdown FollowerState
2019-10-17 07:10:47,106 [Thread-2661] INFO  impl.RaftServerImpl (RaftServerImpl.java:setRole(184)) - decc5551-dd4b-40dc-8ff5-b6b450d67f6f@group-42ACBF6EBE4E: changes role from  FOLLOWER to CANDIDATE at term 193 for changeToCandidate
2019-10-17 07:10:47,106 [Thread-2661] INFO  impl.RoleInfo (RoleInfo.java:updateAndGet(143)) - decc5551-dd4b-40dc-8ff5-b6b450d67f6f: start LeaderElection
2019-10-17 07:10:47,113 [java.util.concurrent.ThreadPoolExecutor$Worker@234137a4[State = -1, empty queue]] WARN  server.GrpcLogAppender (GrpcLogAppender.java:timeoutAppendRequest(209)) - d31fb603-bc45-4cd2-bfc5-2ee103695b2e@group-A2172F2EE55F->a4e5d14e-95af-4d1f-b670-5b1c42084e26-GrpcLogAppender: appendEntries Timeout, request=d31fb603-bc45-4cd2-bfc5-2ee103695b2e->a4e5d14e-95af-4d1f-b670-5b1c42084e26#59-t3, previous=(t:3, i:20), leaderCommit=20, initializing? false, entries: <empty>
2019-10-17 07:10:47,120 [decc5551-dd4b-40dc-8ff5-b6b450d67f6f@group-42ACBF6EBE4E-LeaderElection337] INFO  impl.LeaderElection (LeaderElection.java:askForVotes(178)) - decc5551-dd4b-40dc-8ff5-b6b450d67f6f@group-42ACBF6EBE4E-LeaderElection337: begin an election at term 194 for -1: [215fceca-0555-458b-bc4f-ba38ff24d5ba:192.168.157.211:43803, decc5551-dd4b-40dc-8ff5-b6b450d67f6f:192.168.157.211:34435, 0c631657-10a5-4e2a-a322-8fc6c651b2ed:192.168.157.211:41694], old=null
2019-10-17 07:10:47,122 [grpc-default-executor-3] INFO  impl.RaftServerImpl (RaftServerImpl.java:setRole(184)) - 215fceca-0555-458b-bc4f-ba38ff24d5ba@group-42ACBF6EBE4E: changes role from  FOLLOWER to FOLLOWER at term 194 for recognizeCandidate:decc5551-dd4b-40dc-8ff5-b6b450d67f6f
2019-10-17 07:10:47,122 [grpc-default-executor-3] INFO  impl.RoleInfo (RoleInfo.java:shutdownFollowerState(121)) - 215fceca-0555-458b-bc4f-ba38ff24d5ba: shutdown FollowerState
2019-10-17 07:10:47,122 [grpc-default-executor-9] INFO  impl.RaftServerImpl (RaftServerImpl.java:setRole(184)) - 0c631657-10a5-4e2a-a322-8fc6c651b2ed@group-42ACBF6EBE4E: changes role from  FOLLOWER to FOLLOWER at term 194 for recognizeCandidate:decc5551-dd4b-40dc-8ff5-b6b450d67f6f
2019-10-17 07:10:47,123 [grpc-default-executor-9] INFO  impl.RoleInfo (RoleInfo.java:shutdownFollowerState(121)) - 0c631657-10a5-4e2a-a322-8fc6c651b2ed: shutdown FollowerState
2019-10-17 07:10:47,122 [Thread-2660] INFO  impl.FollowerState (FollowerState.java:run(117)) - 215fceca-0555-458b-bc4f-ba38ff24d5ba@group-42ACBF6EBE4E-FollowerState was interrupted: java.lang.InterruptedException: sleep interrupted
2019-10-17 07:10:47,123 [Thread-2659] INFO  impl.FollowerState (FollowerState.java:run(117)) - 0c631657-10a5-4e2a-a322-8fc6c651b2ed@group-42ACBF6EBE4E-FollowerState was interrupted: java.lang.InterruptedException: sleep interrupted
2019-10-17 07:10:47,122 [grpc-default-executor-3] INFO  impl.RoleInfo (RoleInfo.java:updateAndGet(143)) - 215fceca-0555-458b-bc4f-ba38ff24d5ba: start FollowerState
2019-10-17 07:10:47,123 [grpc-default-executor-9] INFO  impl.RoleInfo (RoleInfo.java:updateAndGet(143)) - 0c631657-10a5-4e2a-a322-8fc6c651b2ed: start FollowerState
2019-10-17 07:10:47,152 [decc5551-dd4b-40dc-8ff5-b6b450d67f6f@group-42ACBF6EBE4E-LeaderElection337] INFO  impl.LeaderElection (LeaderElection.java:logAndReturn(56)) - decc5551-dd4b-40dc-8ff5-b6b450d67f6f@group-42ACBF6EBE4E-LeaderElection337: Election REJECTED; received 2 response(s) [decc5551-dd4b-40dc-8ff5-b6b450d67f6f<-215fceca-0555-458b-bc4f-ba38ff24d5ba#0:FAIL-t194, decc5551-dd4b-40dc-8ff5-b6b450d67f6f<-0c631657-10a5-4e2a-a322-8fc6c651b2ed#0:FAIL-t194] and 0 exception(s); decc5551-dd4b-40dc-8ff5-b6b450d67f6f@group-42ACBF6EBE4E:t194, leader=null, voted=decc5551-dd4b-40dc-8ff5-b6b450d67f6f, raftlog=decc5551-dd4b-40dc-8ff5-b6b450d67f6f@group-42ACBF6EBE4E-SegmentedRaftLog:OPENED:c-1,f-1,i0, conf=-1: [215fceca-0555-458b-bc4f-ba38ff24d5ba:192.168.157.211:43803, decc5551-dd4b-40dc-8ff5-b6b450d67f6f:192.168.157.211:34435, 0c631657-10a5-4e2a-a322-8fc6c651b2ed:192.168.157.211:41694], old=null
2019-10-17 07:10:47,152 [decc5551-dd4b-40dc-8ff5-b6b450d67f6f@group-42ACBF6EBE4E-LeaderElection337] INFO  impl.RaftServerImpl (RaftServerImpl.java:setRole(184)) - decc5551-dd4b-40dc-8ff5-b6b450d67f6f@group-42ACBF6EBE4E: changes role from CANDIDATE to FOLLOWER at term 194 for DISCOVERED_A_NEW_TERM
2019-10-17 07:10:47,152 [decc5551-dd4b-40dc-8ff5-b6b450d67f6f@group-42ACBF6EBE4E-LeaderElection337] INFO  impl.RoleInfo (RoleInfo.java:shutdownLeaderElection(134)) - decc5551-dd4b-40dc-8ff5-b6b450d67f6f: shutdown LeaderElection
2019-10-17 07:10:47,152 [decc5551-dd4b-40dc-8ff5-b6b450d67f6f@group-42ACBF6EBE4E-LeaderElection337] INFO  impl.RoleInfo (RoleInfo.java:updateAndGet(143)) - decc5551-dd4b-40dc-8ff5-b6b450d67f6f: start FollowerState
2019-10-17 07:10:47,225 [Thread-2598] INFO  impl.FollowerState (FollowerState.java:run(108)) - 67ae3572-7d88-4e50-b53b-0f48f6748b38@group-233C052D78D6-FollowerState: change to CANDIDATE, lastRpcTime:1178ms, electionTimeout:1178ms
2019-10-17 07:10:47,225 [Thread-2598] INFO  impl.RoleInfo (RoleInfo.java:shutdownFollowerState(121)) - 67ae3572-7d88-4e50-b53b-0f48f6748b38: shutdown FollowerState
2019-10-17 07:10:47,225 [Thread-2598] INFO  impl.RaftServerImpl (RaftServerImpl.java:setRole(184)) - 67ae3572-7d88-4e50-b53b-0f48f6748b38@group-233C052D78D6: changes role from  FOLLOWER to CANDIDATE at term 171 for changeToCandidate
2019-10-17 07:10:47,225 [Thread-2598] INFO  impl.RoleInfo (RoleInfo.java:updateAndGet(143)) - 67ae3572-7d88-4e50-b53b-0f48f6748b38: start LeaderElection
2019-10-17 07:10:47,238 [67ae3572-7d88-4e50-b53b-0f48f6748b38@group-233C052D78D6-LeaderElection338] INFO  impl.LeaderElection (LeaderElection.java:askForVotes(178)) - 67ae3572-7d88-4e50-b53b-0f48f6748b38@group-233C052D78D6-LeaderElection338: begin an election at term 172 for 0: [67ae3572-7d88-4e50-b53b-0f48f6748b38:192.168.157.211:41299, 831edaa1-80a5-4091-843f-90c648a5a79d:192.168.157.211:44365, 5c4ee31d-c5ed-4c65-a5df-da3e3cf53ac2:192.168.157.211:45059], old=null
2019-10-17 07:10:47,239 [Thread-2668] INFO  impl.FollowerState (FollowerState.java:run(108)) - decc5551-dd4b-40dc-8ff5-b6b450d67f6f@group-42ACBF6EBE4E-FollowerState: change to CANDIDATE, lastRpcTime:86ms, electionTimeout:86ms
2019-10-17 07:10:47,239 [Thread-2668] INFO  impl.RoleInfo (RoleInfo.java:shutdownFollowerState(121)) - decc5551-dd4b-40dc-8ff5-b6b450d67f6f: shutdown FollowerState
2019-10-17 07:10:47,239 [Thread-2668] INFO  impl.RaftServerImpl (RaftServerImpl.java:setRole(184)) - decc5551-dd4b-40dc-8ff5-b6b450d67f6f@group-42ACBF6EBE4E: changes role from  FOLLOWER to CANDIDATE at term 194 for changeToCandidate
2019-10-17 07:10:47,239 [Thread-2668] INFO  impl.RoleInfo (RoleInfo.java:updateAndGet(143)) - decc5551-dd4b-40dc-8ff5-b6b450d67f6f: start LeaderElection
2019-10-17 07:10:47,239 [67ae3572-7d88-4e50-b53b-0f48f6748b38@group-233C052D78D6-LeaderElection338] INFO  impl.LeaderElection (LogUtils.java:infoOrTrace(149)) - 67ae3572-7d88-4e50-b53b-0f48f6748b38@group-233C052D78D6-LeaderElection338 got exception when requesting votes: {}
java.util.concurrent.ExecutionException: org.apache.ratis.thirdparty.io.grpc.StatusRuntimeException: UNAVAILABLE: io exception
	at java.util.concurrent.FutureTask.report(FutureTask.java:122)
	at java.util.concurrent.FutureTask.get(FutureTask.java:192)
	at org.apache.ratis.server.impl.LeaderElection.waitForResults(LeaderElection.java:259)
	at org.apache.ratis.server.impl.LeaderElection.askForVotes(LeaderElection.java:197)
	at org.apache.ratis.server.impl.LeaderElection.run(LeaderElection.java:133)
	at java.lang.Thread.run(Thread.java:748)
Caused by: org.apache.ratis.thirdparty.io.grpc.StatusRuntimeException: UNAVAILABLE: io exception
	at org.apache.ratis.thirdparty.io.grpc.stub.ClientCalls.toStatusRuntimeException(ClientCalls.java:233)
	at org.apache.ratis.thirdparty.io.grpc.stub.ClientCalls.getUnchecked(ClientCalls.java:214)
	at org.apache.ratis.thirdparty.io.grpc.stub.ClientCalls.blockingUnaryCall(ClientCalls.java:139)
	at org.apache.ratis.proto.grpc.RaftServerProtocolServiceGrpc$RaftServerProtocolServiceBlockingStub.requestVote(RaftServerProtocolServiceGrpc.java:265)
	at org.apache.ratis.grpc.server.GrpcServerProtocolClient.requestVote(GrpcServerProtocolClient.java:99)
	at org.apache.ratis.grpc.server.GrpcService.requestVote(GrpcService.java:204)
	at org.apache.ratis.server.impl.LeaderElection.lambda$submitRequests$1(LeaderElection.java:234)
	at java.util.concurrent.FutureTask.run(FutureTask.java:266)
	at java.util.concurrent.Executors$RunnableAdapter.call(Executors.java:511)
	at java.util.concurrent.FutureTask.run(FutureTask.java:266)
	at java.util.concurrent.ThreadPoolExecutor.runWorker(ThreadPoolExecutor.java:1149)
	at java.util.concurrent.ThreadPoolExecutor$Worker.run(ThreadPoolExecutor.java:624)
	... 1 more
Caused by: org.apache.ratis.thirdparty.io.netty.channel.AbstractChannel$AnnotatedConnectException: Connection refused: /192.168.157.211:44365
	at sun.nio.ch.SocketChannelImpl.checkConnect(Native Method)
	at sun.nio.ch.SocketChannelImpl.finishConnect(SocketChannelImpl.java:717)
	at org.apache.ratis.thirdparty.io.netty.channel.socket.nio.NioSocketChannel.doFinishConnect(NioSocketChannel.java:327)
	at org.apache.ratis.thirdparty.io.netty.channel.nio.AbstractNioChannel$AbstractNioUnsafe.finishConnect(AbstractNioChannel.java:340)
	at org.apache.ratis.thirdparty.io.netty.channel.nio.NioEventLoop.processSelectedKey(NioEventLoop.java:632)
	at org.apache.ratis.thirdparty.io.netty.channel.nio.NioEventLoop.processSelectedKeysOptimized(NioEventLoop.java:579)
	at org.apache.ratis.thirdparty.io.netty.channel.nio.NioEventLoop.processSelectedKeys(NioEventLoop.java:496)
	at org.apache.ratis.thirdparty.io.netty.channel.nio.NioEventLoop.run(NioEventLoop.java:458)
	at org.apache.ratis.thirdparty.io.netty.util.concurrent.SingleThreadEventExecutor$5.run(SingleThreadEventExecutor.java:897)
	at org.apache.ratis.thirdparty.io.netty.util.concurrent.FastThreadLocalRunnable.run(FastThreadLocalRunnable.java:30)
	... 1 more
Caused by: java.net.ConnectException: Connection refused
	... 11 more
2019-10-17 07:10:47,243 [67ae3572-7d88-4e50-b53b-0f48f6748b38@group-233C052D78D6-LeaderElection338] INFO  impl.LeaderElection (LogUtils.java:infoOrTrace(149)) - 67ae3572-7d88-4e50-b53b-0f48f6748b38@group-233C052D78D6-LeaderElection338 got exception when requesting votes: {}
java.util.concurrent.ExecutionException: org.apache.ratis.thirdparty.io.grpc.StatusRuntimeException: UNAVAILABLE: io exception
	at java.util.concurrent.FutureTask.report(FutureTask.java:122)
	at java.util.concurrent.FutureTask.get(FutureTask.java:192)
	at org.apache.ratis.server.impl.LeaderElection.waitForResults(LeaderElection.java:259)
	at org.apache.ratis.server.impl.LeaderElection.askForVotes(LeaderElection.java:197)
	at org.apache.ratis.server.impl.LeaderElection.run(LeaderElection.java:133)
	at java.lang.Thread.run(Thread.java:748)
Caused by: org.apache.ratis.thirdparty.io.grpc.StatusRuntimeException: UNAVAILABLE: io exception
	at org.apache.ratis.thirdparty.io.grpc.stub.ClientCalls.toStatusRuntimeException(ClientCalls.java:233)
	at org.apache.ratis.thirdparty.io.grpc.stub.ClientCalls.getUnchecked(ClientCalls.java:214)
	at org.apache.ratis.thirdparty.io.grpc.stub.ClientCalls.blockingUnaryCall(ClientCalls.java:139)
	at org.apache.ratis.proto.grpc.RaftServerProtocolServiceGrpc$RaftServerProtocolServiceBlockingStub.requestVote(RaftServerProtocolServiceGrpc.java:265)
	at org.apache.ratis.grpc.server.GrpcServerProtocolClient.requestVote(GrpcServerProtocolClient.java:99)
	at org.apache.ratis.grpc.server.GrpcService.requestVote(GrpcService.java:204)
	at org.apache.ratis.server.impl.LeaderElection.lambda$submitRequests$1(LeaderElection.java:234)
	at java.util.concurrent.FutureTask.run(FutureTask.java:266)
	at java.util.concurrent.Executors$RunnableAdapter.call(Executors.java:511)
	at java.util.concurrent.FutureTask.run(FutureTask.java:266)
	at java.util.concurrent.ThreadPoolExecutor.runWorker(ThreadPoolExecutor.java:1149)
	at java.util.concurrent.ThreadPoolExecutor$Worker.run(ThreadPoolExecutor.java:624)
	... 1 more
Caused by: org.apache.ratis.thirdparty.io.netty.channel.AbstractChannel$AnnotatedConnectException: Connection refused: /192.168.157.211:45059
	at sun.nio.ch.SocketChannelImpl.checkConnect(Native Method)
	at sun.nio.ch.SocketChannelImpl.finishConnect(SocketChannelImpl.java:717)
	at org.apache.ratis.thirdparty.io.netty.channel.socket.nio.NioSocketChannel.doFinishConnect(NioSocketChannel.java:327)
	at org.apache.ratis.thirdparty.io.netty.channel.nio.AbstractNioChannel$AbstractNioUnsafe.finishConnect(AbstractNioChannel.java:340)
	at org.apache.ratis.thirdparty.io.netty.channel.nio.NioEventLoop.processSelectedKey(NioEventLoop.java:632)
	at org.apache.ratis.thirdparty.io.netty.channel.nio.NioEventLoop.processSelectedKeysOptimized(NioEventLoop.java:579)
	at org.apache.ratis.thirdparty.io.netty.channel.nio.NioEventLoop.processSelectedKeys(NioEventLoop.java:496)
	at org.apache.ratis.thirdparty.io.netty.channel.nio.NioEventLoop.run(NioEventLoop.java:458)
	at org.apache.ratis.thirdparty.io.netty.util.concurrent.SingleThreadEventExecutor$5.run(SingleThreadEventExecutor.java:897)
	at org.apache.ratis.thirdparty.io.netty.util.concurrent.FastThreadLocalRunnable.run(FastThreadLocalRunnable.java:30)
	... 1 more
Caused by: java.net.ConnectException: Connection refused
	... 11 more
2019-10-17 07:10:47,244 [67ae3572-7d88-4e50-b53b-0f48f6748b38@group-233C052D78D6-LeaderElection338] INFO  impl.LeaderElection (LeaderElection.java:logAndReturn(56)) - 67ae3572-7d88-4e50-b53b-0f48f6748b38@group-233C052D78D6-LeaderElection338: Election REJECTED; received 0 response(s) [] and 2 exception(s); 67ae3572-7d88-4e50-b53b-0f48f6748b38@group-233C052D78D6:t172, leader=null, voted=67ae3572-7d88-4e50-b53b-0f48f6748b38, raftlog=67ae3572-7d88-4e50-b53b-0f48f6748b38@group-233C052D78D6-SegmentedRaftLog:OPENED:c-1,f0,i0, conf=0: [67ae3572-7d88-4e50-b53b-0f48f6748b38:192.168.157.211:41299, 831edaa1-80a5-4091-843f-90c648a5a79d:192.168.157.211:44365, 5c4ee31d-c5ed-4c65-a5df-da3e3cf53ac2:192.168.157.211:45059], old=null
2019-10-17 07:10:47,244 [67ae3572-7d88-4e50-b53b-0f48f6748b38@group-233C052D78D6-LeaderElection338] INFO  impl.LeaderElection (LogUtils.java:infoOrTrace(149)) -   Exception 0: {}
java.util.concurrent.ExecutionException: org.apache.ratis.thirdparty.io.grpc.StatusRuntimeException: UNAVAILABLE: io exception
	at java.util.concurrent.FutureTask.report(FutureTask.java:122)
	at java.util.concurrent.FutureTask.get(FutureTask.java:192)
	at org.apache.ratis.server.impl.LeaderElection.waitForResults(LeaderElection.java:259)
	at org.apache.ratis.server.impl.LeaderElection.askForVotes(LeaderElection.java:197)
	at org.apache.ratis.server.impl.LeaderElection.run(LeaderElection.java:133)
	at java.lang.Thread.run(Thread.java:748)
Caused by: org.apache.ratis.thirdparty.io.grpc.StatusRuntimeException: UNAVAILABLE: io exception
	at org.apache.ratis.thirdparty.io.grpc.stub.ClientCalls.toStatusRuntimeException(ClientCalls.java:233)
	at org.apache.ratis.thirdparty.io.grpc.stub.ClientCalls.getUnchecked(ClientCalls.java:214)
	at org.apache.ratis.thirdparty.io.grpc.stub.ClientCalls.blockingUnaryCall(ClientCalls.java:139)
	at org.apache.ratis.proto.grpc.RaftServerProtocolServiceGrpc$RaftServerProtocolServiceBlockingStub.requestVote(RaftServerProtocolServiceGrpc.java:265)
	at org.apache.ratis.grpc.server.GrpcServerProtocolClient.requestVote(GrpcServerProtocolClient.java:99)
	at org.apache.ratis.grpc.server.GrpcService.requestVote(GrpcService.java:204)
	at org.apache.ratis.server.impl.LeaderElection.lambda$submitRequests$1(LeaderElection.java:234)
	at java.util.concurrent.FutureTask.run(FutureTask.java:266)
	at java.util.concurrent.Executors$RunnableAdapter.call(Executors.java:511)
	at java.util.concurrent.FutureTask.run(FutureTask.java:266)
	at java.util.concurrent.ThreadPoolExecutor.runWorker(ThreadPoolExecutor.java:1149)
	at java.util.concurrent.ThreadPoolExecutor$Worker.run(ThreadPoolExecutor.java:624)
	... 1 more
Caused by: org.apache.ratis.thirdparty.io.netty.channel.AbstractChannel$AnnotatedConnectException: Connection refused: /192.168.157.211:44365
	at sun.nio.ch.SocketChannelImpl.checkConnect(Native Method)
	at sun.nio.ch.SocketChannelImpl.finishConnect(SocketChannelImpl.java:717)
	at org.apache.ratis.thirdparty.io.netty.channel.socket.nio.NioSocketChannel.doFinishConnect(NioSocketChannel.java:327)
	at org.apache.ratis.thirdparty.io.netty.channel.nio.AbstractNioChannel$AbstractNioUnsafe.finishConnect(AbstractNioChannel.java:340)
	at org.apache.ratis.thirdparty.io.netty.channel.nio.NioEventLoop.processSelectedKey(NioEventLoop.java:632)
	at org.apache.ratis.thirdparty.io.netty.channel.nio.NioEventLoop.processSelectedKeysOptimized(NioEventLoop.java:579)
	at org.apache.ratis.thirdparty.io.netty.channel.nio.NioEventLoop.processSelectedKeys(NioEventLoop.java:496)
	at org.apache.ratis.thirdparty.io.netty.channel.nio.NioEventLoop.run(NioEventLoop.java:458)
	at org.apache.ratis.thirdparty.io.netty.util.concurrent.SingleThreadEventExecutor$5.run(SingleThreadEventExecutor.java:897)
	at org.apache.ratis.thirdparty.io.netty.util.concurrent.FastThreadLocalRunnable.run(FastThreadLocalRunnable.java:30)
	... 1 more
Caused by: java.net.ConnectException: Connection refused
	... 11 more
2019-10-17 07:10:47,245 [67ae3572-7d88-4e50-b53b-0f48f6748b38@group-233C052D78D6-LeaderElection338] INFO  impl.LeaderElection (LogUtils.java:infoOrTrace(149)) -   Exception 1: {}
java.util.concurrent.ExecutionException: org.apache.ratis.thirdparty.io.grpc.StatusRuntimeException: UNAVAILABLE: io exception
	at java.util.concurrent.FutureTask.report(FutureTask.java:122)
	at java.util.concurrent.FutureTask.get(FutureTask.java:192)
	at org.apache.ratis.server.impl.LeaderElection.waitForResults(LeaderElection.java:259)
	at org.apache.ratis.server.impl.LeaderElection.askForVotes(LeaderElection.java:197)
	at org.apache.ratis.server.impl.LeaderElection.run(LeaderElection.java:133)
	at java.lang.Thread.run(Thread.java:748)
Caused by: org.apache.ratis.thirdparty.io.grpc.StatusRuntimeException: UNAVAILABLE: io exception
	at org.apache.ratis.thirdparty.io.grpc.stub.ClientCalls.toStatusRuntimeException(ClientCalls.java:233)
	at org.apache.ratis.thirdparty.io.grpc.stub.ClientCalls.getUnchecked(ClientCalls.java:214)
	at org.apache.ratis.thirdparty.io.grpc.stub.ClientCalls.blockingUnaryCall(ClientCalls.java:139)
	at org.apache.ratis.proto.grpc.RaftServerProtocolServiceGrpc$RaftServerProtocolServiceBlockingStub.requestVote(RaftServerProtocolServiceGrpc.java:265)
	at org.apache.ratis.grpc.server.GrpcServerProtocolClient.requestVote(GrpcServerProtocolClient.java:99)
	at org.apache.ratis.grpc.server.GrpcService.requestVote(GrpcService.java:204)
	at org.apache.ratis.server.impl.LeaderElection.lambda$submitRequests$1(LeaderElection.java:234)
	at java.util.concurrent.FutureTask.run(FutureTask.java:266)
	at java.util.concurrent.Executors$RunnableAdapter.call(Executors.java:511)
	at java.util.concurrent.FutureTask.run(FutureTask.java:266)
	at java.util.concurrent.ThreadPoolExecutor.runWorker(ThreadPoolExecutor.java:1149)
	at java.util.concurrent.ThreadPoolExecutor$Worker.run(ThreadPoolExecutor.java:624)
	... 1 more
Caused by: org.apache.ratis.thirdparty.io.netty.channel.AbstractChannel$AnnotatedConnectException: Connection refused: /192.168.157.211:45059
	at sun.nio.ch.SocketChannelImpl.checkConnect(Native Method)
	at sun.nio.ch.SocketChannelImpl.finishConnect(SocketChannelImpl.java:717)
	at org.apache.ratis.thirdparty.io.netty.channel.socket.nio.NioSocketChannel.doFinishConnect(NioSocketChannel.java:327)
	at org.apache.ratis.thirdparty.io.netty.channel.nio.AbstractNioChannel$AbstractNioUnsafe.finishConnect(AbstractNioChannel.java:340)
	at org.apache.ratis.thirdparty.io.netty.channel.nio.NioEventLoop.processSelectedKey(NioEventLoop.java:632)
	at org.apache.ratis.thirdparty.io.netty.channel.nio.NioEventLoop.processSelectedKeysOptimized(NioEventLoop.java:579)
	at org.apache.ratis.thirdparty.io.netty.channel.nio.NioEventLoop.processSelectedKeys(NioEventLoop.java:496)
	at org.apache.ratis.thirdparty.io.netty.channel.nio.NioEventLoop.run(NioEventLoop.java:458)
	at org.apache.ratis.thirdparty.io.netty.util.concurrent.SingleThreadEventExecutor$5.run(SingleThreadEventExecutor.java:897)
	at org.apache.ratis.thirdparty.io.netty.util.concurrent.FastThreadLocalRunnable.run(FastThreadLocalRunnable.java:30)
	... 1 more
Caused by: java.net.ConnectException: Connection refused
	... 11 more
2019-10-17 07:10:47,245 [67ae3572-7d88-4e50-b53b-0f48f6748b38@group-233C052D78D6-LeaderElection338] INFO  impl.RaftServerImpl (RaftServerImpl.java:setRole(184)) - 67ae3572-7d88-4e50-b53b-0f48f6748b38@group-233C052D78D6: changes role from CANDIDATE to FOLLOWER at term 172 for DISCOVERED_A_NEW_TERM
2019-10-17 07:10:47,245 [67ae3572-7d88-4e50-b53b-0f48f6748b38@group-233C052D78D6-LeaderElection338] INFO  impl.RoleInfo (RoleInfo.java:shutdownLeaderElection(134)) - 67ae3572-7d88-4e50-b53b-0f48f6748b38: shutdown LeaderElection
2019-10-17 07:10:47,246 [67ae3572-7d88-4e50-b53b-0f48f6748b38@group-233C052D78D6-LeaderElection338] INFO  impl.RoleInfo (RoleInfo.java:updateAndGet(143)) - 67ae3572-7d88-4e50-b53b-0f48f6748b38: start FollowerState
2019-10-17 07:10:47,255 [decc5551-dd4b-40dc-8ff5-b6b450d67f6f@group-42ACBF6EBE4E-LeaderElection339] INFO  impl.LeaderElection (LeaderElection.java:askForVotes(178)) - decc5551-dd4b-40dc-8ff5-b6b450d67f6f@group-42ACBF6EBE4E-LeaderElection339: begin an election at term 195 for -1: [215fceca-0555-458b-bc4f-ba38ff24d5ba:192.168.157.211:43803, decc5551-dd4b-40dc-8ff5-b6b450d67f6f:192.168.157.211:34435, 0c631657-10a5-4e2a-a322-8fc6c651b2ed:192.168.157.211:41694], old=null
2019-10-17 07:10:47,257 [grpc-default-executor-9] INFO  impl.RaftServerImpl (RaftServerImpl.java:setRole(184)) - 215fceca-0555-458b-bc4f-ba38ff24d5ba@group-42ACBF6EBE4E: changes role from  FOLLOWER to FOLLOWER at term 195 for recognizeCandidate:decc5551-dd4b-40dc-8ff5-b6b450d67f6f
2019-10-17 07:10:47,257 [grpc-default-executor-3] INFO  impl.RaftServerImpl (RaftServerImpl.java:setRole(184)) - 0c631657-10a5-4e2a-a322-8fc6c651b2ed@group-42ACBF6EBE4E: changes role from  FOLLOWER to FOLLOWER at term 195 for recognizeCandidate:decc5551-dd4b-40dc-8ff5-b6b450d67f6f
2019-10-17 07:10:47,257 [grpc-default-executor-3] INFO  impl.RoleInfo (RoleInfo.java:shutdownFollowerState(121)) - 0c631657-10a5-4e2a-a322-8fc6c651b2ed: shutdown FollowerState
2019-10-17 07:10:47,257 [grpc-default-executor-9] INFO  impl.RoleInfo (RoleInfo.java:shutdownFollowerState(121)) - 215fceca-0555-458b-bc4f-ba38ff24d5ba: shutdown FollowerState
2019-10-17 07:10:47,257 [Thread-2666] INFO  impl.FollowerState (FollowerState.java:run(117)) - 0c631657-10a5-4e2a-a322-8fc6c651b2ed@group-42ACBF6EBE4E-FollowerState was interrupted: java.lang.InterruptedException: sleep interrupted
2019-10-17 07:10:47,257 [grpc-default-executor-3] INFO  impl.RoleInfo (RoleInfo.java:updateAndGet(143)) - 0c631657-10a5-4e2a-a322-8fc6c651b2ed: start FollowerState
2019-10-17 07:10:47,257 [Thread-2665] INFO  impl.FollowerState (FollowerState.java:run(117)) - 215fceca-0555-458b-bc4f-ba38ff24d5ba@group-42ACBF6EBE4E-FollowerState was interrupted: java.lang.InterruptedException: sleep interrupted
2019-10-17 07:10:47,257 [grpc-default-executor-9] INFO  impl.RoleInfo (RoleInfo.java:updateAndGet(143)) - 215fceca-0555-458b-bc4f-ba38ff24d5ba: start FollowerState
2019-10-17 07:10:47,271 [decc5551-dd4b-40dc-8ff5-b6b450d67f6f@group-42ACBF6EBE4E-LeaderElection339] INFO  impl.LeaderElection (LeaderElection.java:logAndReturn(56)) - decc5551-dd4b-40dc-8ff5-b6b450d67f6f@group-42ACBF6EBE4E-LeaderElection339: Election TIMEOUT; received 0 response(s) [] and 0 exception(s); decc5551-dd4b-40dc-8ff5-b6b450d67f6f@group-42ACBF6EBE4E:t195, leader=null, voted=decc5551-dd4b-40dc-8ff5-b6b450d67f6f, raftlog=decc5551-dd4b-40dc-8ff5-b6b450d67f6f@group-42ACBF6EBE4E-SegmentedRaftLog:OPENED:c-1,f-1,i0, conf=-1: [215fceca-0555-458b-bc4f-ba38ff24d5ba:192.168.157.211:43803, decc5551-dd4b-40dc-8ff5-b6b450d67f6f:192.168.157.211:34435, 0c631657-10a5-4e2a-a322-8fc6c651b2ed:192.168.157.211:41694], old=null
2019-10-17 07:10:47,286 [decc5551-dd4b-40dc-8ff5-b6b450d67f6f@group-42ACBF6EBE4E-LeaderElection339] INFO  impl.LeaderElection (LeaderElection.java:askForVotes(178)) - decc5551-dd4b-40dc-8ff5-b6b450d67f6f@group-42ACBF6EBE4E-LeaderElection339: begin an election at term 196 for -1: [215fceca-0555-458b-bc4f-ba38ff24d5ba:192.168.157.211:43803, decc5551-dd4b-40dc-8ff5-b6b450d67f6f:192.168.157.211:34435, 0c631657-10a5-4e2a-a322-8fc6c651b2ed:192.168.157.211:41694], old=null
2019-10-17 07:10:47,287 [grpc-default-executor-9] INFO  impl.RaftServerImpl (RaftServerImpl.java:setRole(184)) - 215fceca-0555-458b-bc4f-ba38ff24d5ba@group-42ACBF6EBE4E: changes role from  FOLLOWER to FOLLOWER at term 196 for recognizeCandidate:decc5551-dd4b-40dc-8ff5-b6b450d67f6f
2019-10-17 07:10:47,287 [grpc-default-executor-9] INFO  impl.RoleInfo (RoleInfo.java:shutdownFollowerState(121)) - 215fceca-0555-458b-bc4f-ba38ff24d5ba: shutdown FollowerState
2019-10-17 07:10:47,287 [grpc-default-executor-9] INFO  impl.RoleInfo (RoleInfo.java:updateAndGet(143)) - 215fceca-0555-458b-bc4f-ba38ff24d5ba: start FollowerState
2019-10-17 07:10:47,287 [Thread-2677] INFO  impl.FollowerState (FollowerState.java:run(117)) - 215fceca-0555-458b-bc4f-ba38ff24d5ba@group-42ACBF6EBE4E-FollowerState was interrupted: java.lang.InterruptedException: sleep interrupted
2019-10-17 07:10:47,288 [grpc-default-executor-3] INFO  impl.RaftServerImpl (RaftServerImpl.java:setRole(184)) - 0c631657-10a5-4e2a-a322-8fc6c651b2ed@group-42ACBF6EBE4E: changes role from  FOLLOWER to FOLLOWER at term 196 for recognizeCandidate:decc5551-dd4b-40dc-8ff5-b6b450d67f6f
2019-10-17 07:10:47,288 [grpc-default-executor-3] INFO  impl.RoleInfo (RoleInfo.java:shutdownFollowerState(121)) - 0c631657-10a5-4e2a-a322-8fc6c651b2ed: shutdown FollowerState
2019-10-17 07:10:47,288 [grpc-default-executor-3] INFO  impl.RoleInfo (RoleInfo.java:updateAndGet(143)) - 0c631657-10a5-4e2a-a322-8fc6c651b2ed: start FollowerState
2019-10-17 07:10:47,288 [Thread-2676] INFO  impl.FollowerState (FollowerState.java:run(117)) - 0c631657-10a5-4e2a-a322-8fc6c651b2ed@group-42ACBF6EBE4E-FollowerState was interrupted: java.lang.InterruptedException: sleep interrupted
2019-10-17 07:10:47,308 [decc5551-dd4b-40dc-8ff5-b6b450d67f6f@group-42ACBF6EBE4E-LeaderElection339] INFO  impl.LeaderElection (LeaderElection.java:logAndReturn(56)) - decc5551-dd4b-40dc-8ff5-b6b450d67f6f@group-42ACBF6EBE4E-LeaderElection339: Election REJECTED; received 2 response(s) [decc5551-dd4b-40dc-8ff5-b6b450d67f6f<-215fceca-0555-458b-bc4f-ba38ff24d5ba#0:FAIL-t196, decc5551-dd4b-40dc-8ff5-b6b450d67f6f<-0c631657-10a5-4e2a-a322-8fc6c651b2ed#0:FAIL-t196] and 0 exception(s); decc5551-dd4b-40dc-8ff5-b6b450d67f6f@group-42ACBF6EBE4E:t196, leader=null, voted=decc5551-dd4b-40dc-8ff5-b6b450d67f6f, raftlog=decc5551-dd4b-40dc-8ff5-b6b450d67f6f@group-42ACBF6EBE4E-SegmentedRaftLog:OPENED:c-1,f-1,i0, conf=-1: [215fceca-0555-458b-bc4f-ba38ff24d5ba:192.168.157.211:43803, decc5551-dd4b-40dc-8ff5-b6b450d67f6f:192.168.157.211:34435, 0c631657-10a5-4e2a-a322-8fc6c651b2ed:192.168.157.211:41694], old=null
2019-10-17 07:10:47,309 [decc5551-dd4b-40dc-8ff5-b6b450d67f6f@group-42ACBF6EBE4E-LeaderElection339] INFO  impl.RaftServerImpl (RaftServerImpl.java:setRole(184)) - decc5551-dd4b-40dc-8ff5-b6b450d67f6f@group-42ACBF6EBE4E: changes role from CANDIDATE to FOLLOWER at term 196 for DISCOVERED_A_NEW_TERM
2019-10-17 07:10:47,309 [decc5551-dd4b-40dc-8ff5-b6b450d67f6f@group-42ACBF6EBE4E-LeaderElection339] INFO  impl.RoleInfo (RoleInfo.java:shutdownLeaderElection(134)) - decc5551-dd4b-40dc-8ff5-b6b450d67f6f: shutdown LeaderElection
2019-10-17 07:10:47,309 [decc5551-dd4b-40dc-8ff5-b6b450d67f6f@group-42ACBF6EBE4E-LeaderElection339] INFO  impl.RoleInfo (RoleInfo.java:updateAndGet(143)) - decc5551-dd4b-40dc-8ff5-b6b450d67f6f: start FollowerState
2019-10-17 07:10:47,508 [Thread-2682] INFO  impl.FollowerState (FollowerState.java:run(108)) - decc5551-dd4b-40dc-8ff5-b6b450d67f6f@group-42ACBF6EBE4E-FollowerState: change to CANDIDATE, lastRpcTime:199ms, electionTimeout:199ms
2019-10-17 07:10:47,509 [Thread-2682] INFO  impl.RoleInfo (RoleInfo.java:shutdownFollowerState(121)) - decc5551-dd4b-40dc-8ff5-b6b450d67f6f: shutdown FollowerState
2019-10-17 07:10:47,509 [Thread-2682] INFO  impl.RaftServerImpl (RaftServerImpl.java:setRole(184)) - decc5551-dd4b-40dc-8ff5-b6b450d67f6f@group-42ACBF6EBE4E: changes role from  FOLLOWER to CANDIDATE at term 196 for changeToCandidate
2019-10-17 07:10:47,509 [Thread-2682] INFO  impl.RoleInfo (RoleInfo.java:updateAndGet(143)) - decc5551-dd4b-40dc-8ff5-b6b450d67f6f: start LeaderElection
2019-10-17 07:10:47,536 [decc5551-dd4b-40dc-8ff5-b6b450d67f6f@group-42ACBF6EBE4E-LeaderElection340] INFO  impl.LeaderElection (LeaderElection.java:askForVotes(178)) - decc5551-dd4b-40dc-8ff5-b6b450d67f6f@group-42ACBF6EBE4E-LeaderElection340: begin an election at term 197 for -1: [215fceca-0555-458b-bc4f-ba38ff24d5ba:192.168.157.211:43803, decc5551-dd4b-40dc-8ff5-b6b450d67f6f:192.168.157.211:34435, 0c631657-10a5-4e2a-a322-8fc6c651b2ed:192.168.157.211:41694], old=null
2019-10-17 07:10:47,538 [grpc-default-executor-9] INFO  impl.RaftServerImpl (RaftServerImpl.java:setRole(184)) - 0c631657-10a5-4e2a-a322-8fc6c651b2ed@group-42ACBF6EBE4E: changes role from  FOLLOWER to FOLLOWER at term 197 for recognizeCandidate:decc5551-dd4b-40dc-8ff5-b6b450d67f6f
2019-10-17 07:10:47,538 [grpc-default-executor-3] INFO  impl.RaftServerImpl (RaftServerImpl.java:setRole(184)) - 215fceca-0555-458b-bc4f-ba38ff24d5ba@group-42ACBF6EBE4E: changes role from  FOLLOWER to FOLLOWER at term 197 for recognizeCandidate:decc5551-dd4b-40dc-8ff5-b6b450d67f6f
2019-10-17 07:10:47,538 [grpc-default-executor-9] INFO  impl.RoleInfo (RoleInfo.java:shutdownFollowerState(121)) - 0c631657-10a5-4e2a-a322-8fc6c651b2ed: shutdown FollowerState
2019-10-17 07:10:47,538 [grpc-default-executor-3] INFO  impl.RoleInfo (RoleInfo.java:shutdownFollowerState(121)) - 215fceca-0555-458b-bc4f-ba38ff24d5ba: shutdown FollowerState
2019-10-17 07:10:47,538 [Thread-2681] INFO  impl.FollowerState (FollowerState.java:run(117)) - 0c631657-10a5-4e2a-a322-8fc6c651b2ed@group-42ACBF6EBE4E-FollowerState was interrupted: java.lang.InterruptedException: sleep interrupted
2019-10-17 07:10:47,538 [grpc-default-executor-9] INFO  impl.RoleInfo (RoleInfo.java:updateAndGet(143)) - 0c631657-10a5-4e2a-a322-8fc6c651b2ed: start FollowerState
2019-10-17 07:10:47,538 [Thread-2680] INFO  impl.FollowerState (FollowerState.java:run(117)) - 215fceca-0555-458b-bc4f-ba38ff24d5ba@group-42ACBF6EBE4E-FollowerState was interrupted: java.lang.InterruptedException: sleep interrupted
2019-10-17 07:10:47,538 [grpc-default-executor-3] INFO  impl.RoleInfo (RoleInfo.java:updateAndGet(143)) - 215fceca-0555-458b-bc4f-ba38ff24d5ba: start FollowerState
2019-10-17 07:10:47,554 [decc5551-dd4b-40dc-8ff5-b6b450d67f6f@group-42ACBF6EBE4E-LeaderElection340] INFO  impl.LeaderElection (LeaderElection.java:logAndReturn(56)) - decc5551-dd4b-40dc-8ff5-b6b450d67f6f@group-42ACBF6EBE4E-LeaderElection340: Election REJECTED; received 2 response(s) [decc5551-dd4b-40dc-8ff5-b6b450d67f6f<-215fceca-0555-458b-bc4f-ba38ff24d5ba#0:FAIL-t197, decc5551-dd4b-40dc-8ff5-b6b450d67f6f<-0c631657-10a5-4e2a-a322-8fc6c651b2ed#0:FAIL-t197] and 0 exception(s); decc5551-dd4b-40dc-8ff5-b6b450d67f6f@group-42ACBF6EBE4E:t197, leader=null, voted=decc5551-dd4b-40dc-8ff5-b6b450d67f6f, raftlog=decc5551-dd4b-40dc-8ff5-b6b450d67f6f@group-42ACBF6EBE4E-SegmentedRaftLog:OPENED:c-1,f-1,i0, conf=-1: [215fceca-0555-458b-bc4f-ba38ff24d5ba:192.168.157.211:43803, decc5551-dd4b-40dc-8ff5-b6b450d67f6f:192.168.157.211:34435, 0c631657-10a5-4e2a-a322-8fc6c651b2ed:192.168.157.211:41694], old=null
2019-10-17 07:10:47,554 [decc5551-dd4b-40dc-8ff5-b6b450d67f6f@group-42ACBF6EBE4E-LeaderElection340] INFO  impl.RaftServerImpl (RaftServerImpl.java:setRole(184)) - decc5551-dd4b-40dc-8ff5-b6b450d67f6f@group-42ACBF6EBE4E: changes role from CANDIDATE to FOLLOWER at term 197 for DISCOVERED_A_NEW_TERM
2019-10-17 07:10:47,554 [decc5551-dd4b-40dc-8ff5-b6b450d67f6f@group-42ACBF6EBE4E-LeaderElection340] INFO  impl.RoleInfo (RoleInfo.java:shutdownLeaderElection(134)) - decc5551-dd4b-40dc-8ff5-b6b450d67f6f: shutdown LeaderElection
2019-10-17 07:10:47,554 [decc5551-dd4b-40dc-8ff5-b6b450d67f6f@group-42ACBF6EBE4E-LeaderElection340] INFO  impl.RoleInfo (RoleInfo.java:updateAndGet(143)) - decc5551-dd4b-40dc-8ff5-b6b450d67f6f: start FollowerState
2019-10-17 07:10:47,614 [java.util.concurrent.ThreadPoolExecutor$Worker@234137a4[State = -1, empty queue]] WARN  server.GrpcLogAppender (GrpcLogAppender.java:timeoutAppendRequest(209)) - d31fb603-bc45-4cd2-bfc5-2ee103695b2e@group-A2172F2EE55F->a4e5d14e-95af-4d1f-b670-5b1c42084e26-GrpcLogAppender: appendEntries Timeout, request=d31fb603-bc45-4cd2-bfc5-2ee103695b2e->a4e5d14e-95af-4d1f-b670-5b1c42084e26#60-t3, previous=(t:3, i:20), leaderCommit=20, initializing? false, entries: <empty>
2019-10-17 07:10:47,709 [Thread-2688] INFO  impl.FollowerState (FollowerState.java:run(108)) - decc5551-dd4b-40dc-8ff5-b6b450d67f6f@group-42ACBF6EBE4E-FollowerState: change to CANDIDATE, lastRpcTime:154ms, electionTimeout:154ms
2019-10-17 07:10:47,709 [Thread-2688] INFO  impl.RoleInfo (RoleInfo.java:shutdownFollowerState(121)) - decc5551-dd4b-40dc-8ff5-b6b450d67f6f: shutdown FollowerState
2019-10-17 07:10:47,709 [Thread-2688] INFO  impl.RaftServerImpl (RaftServerImpl.java:setRole(184)) - decc5551-dd4b-40dc-8ff5-b6b450d67f6f@group-42ACBF6EBE4E: changes role from  FOLLOWER to CANDIDATE at term 197 for changeToCandidate
2019-10-17 07:10:47,709 [Thread-2688] INFO  impl.RoleInfo (RoleInfo.java:updateAndGet(143)) - decc5551-dd4b-40dc-8ff5-b6b450d67f6f: start LeaderElection
2019-10-17 07:10:47,723 [decc5551-dd4b-40dc-8ff5-b6b450d67f6f@group-42ACBF6EBE4E-LeaderElection341] INFO  impl.LeaderElection (LeaderElection.java:askForVotes(178)) - decc5551-dd4b-40dc-8ff5-b6b450d67f6f@group-42ACBF6EBE4E-LeaderElection341: begin an election at term 198 for -1: [215fceca-0555-458b-bc4f-ba38ff24d5ba:192.168.157.211:43803, decc5551-dd4b-40dc-8ff5-b6b450d67f6f:192.168.157.211:34435, 0c631657-10a5-4e2a-a322-8fc6c651b2ed:192.168.157.211:41694], old=null
2019-10-17 07:10:47,725 [grpc-default-executor-9] INFO  impl.RaftServerImpl (RaftServerImpl.java:setRole(184)) - 0c631657-10a5-4e2a-a322-8fc6c651b2ed@group-42ACBF6EBE4E: changes role from  FOLLOWER to FOLLOWER at term 198 for recognizeCandidate:decc5551-dd4b-40dc-8ff5-b6b450d67f6f
2019-10-17 07:10:47,725 [grpc-default-executor-9] INFO  impl.RoleInfo (RoleInfo.java:shutdownFollowerState(121)) - 0c631657-10a5-4e2a-a322-8fc6c651b2ed: shutdown FollowerState
2019-10-17 07:10:47,725 [grpc-default-executor-3] INFO  impl.RaftServerImpl (RaftServerImpl.java:setRole(184)) - 215fceca-0555-458b-bc4f-ba38ff24d5ba@group-42ACBF6EBE4E: changes role from  FOLLOWER to FOLLOWER at term 198 for recognizeCandidate:decc5551-dd4b-40dc-8ff5-b6b450d67f6f
2019-10-17 07:10:47,726 [grpc-default-executor-3] INFO  impl.RoleInfo (RoleInfo.java:shutdownFollowerState(121)) - 215fceca-0555-458b-bc4f-ba38ff24d5ba: shutdown FollowerState
2019-10-17 07:10:47,725 [Thread-2686] INFO  impl.FollowerState (FollowerState.java:run(117)) - 0c631657-10a5-4e2a-a322-8fc6c651b2ed@group-42ACBF6EBE4E-FollowerState was interrupted: java.lang.InterruptedException: sleep interrupted
2019-10-17 07:10:47,725 [grpc-default-executor-9] INFO  impl.RoleInfo (RoleInfo.java:updateAndGet(143)) - 0c631657-10a5-4e2a-a322-8fc6c651b2ed: start FollowerState
2019-10-17 07:10:47,726 [Thread-2687] INFO  impl.FollowerState (FollowerState.java:run(117)) - 215fceca-0555-458b-bc4f-ba38ff24d5ba@group-42ACBF6EBE4E-FollowerState was interrupted: java.lang.InterruptedException: sleep interrupted
2019-10-17 07:10:47,726 [grpc-default-executor-3] INFO  impl.RoleInfo (RoleInfo.java:updateAndGet(143)) - 215fceca-0555-458b-bc4f-ba38ff24d5ba: start FollowerState
2019-10-17 07:10:47,740 [decc5551-dd4b-40dc-8ff5-b6b450d67f6f@group-42ACBF6EBE4E-LeaderElection341] INFO  impl.LeaderElection (LeaderElection.java:logAndReturn(56)) - decc5551-dd4b-40dc-8ff5-b6b450d67f6f@group-42ACBF6EBE4E-LeaderElection341: Election REJECTED; received 2 response(s) [decc5551-dd4b-40dc-8ff5-b6b450d67f6f<-215fceca-0555-458b-bc4f-ba38ff24d5ba#0:FAIL-t198, decc5551-dd4b-40dc-8ff5-b6b450d67f6f<-0c631657-10a5-4e2a-a322-8fc6c651b2ed#0:FAIL-t198] and 0 exception(s); decc5551-dd4b-40dc-8ff5-b6b450d67f6f@group-42ACBF6EBE4E:t198, leader=null, voted=decc5551-dd4b-40dc-8ff5-b6b450d67f6f, raftlog=decc5551-dd4b-40dc-8ff5-b6b450d67f6f@group-42ACBF6EBE4E-SegmentedRaftLog:OPENED:c-1,f-1,i0, conf=-1: [215fceca-0555-458b-bc4f-ba38ff24d5ba:192.168.157.211:43803, decc5551-dd4b-40dc-8ff5-b6b450d67f6f:192.168.157.211:34435, 0c631657-10a5-4e2a-a322-8fc6c651b2ed:192.168.157.211:41694], old=null
2019-10-17 07:10:47,741 [decc5551-dd4b-40dc-8ff5-b6b450d67f6f@group-42ACBF6EBE4E-LeaderElection341] INFO  impl.RaftServerImpl (RaftServerImpl.java:setRole(184)) - decc5551-dd4b-40dc-8ff5-b6b450d67f6f@group-42ACBF6EBE4E: changes role from CANDIDATE to FOLLOWER at term 198 for DISCOVERED_A_NEW_TERM
2019-10-17 07:10:47,741 [decc5551-dd4b-40dc-8ff5-b6b450d67f6f@group-42ACBF6EBE4E-LeaderElection341] INFO  impl.RoleInfo (RoleInfo.java:shutdownLeaderElection(134)) - decc5551-dd4b-40dc-8ff5-b6b450d67f6f: shutdown LeaderElection
2019-10-17 07:10:47,741 [decc5551-dd4b-40dc-8ff5-b6b450d67f6f@group-42ACBF6EBE4E-LeaderElection341] INFO  impl.RoleInfo (RoleInfo.java:updateAndGet(143)) - decc5551-dd4b-40dc-8ff5-b6b450d67f6f: start FollowerState
2019-10-17 07:10:47,778 [Thread-2695] INFO  impl.FollowerState (FollowerState.java:run(108)) - decc5551-dd4b-40dc-8ff5-b6b450d67f6f@group-42ACBF6EBE4E-FollowerState: change to CANDIDATE, lastRpcTime:37ms, electionTimeout:37ms
2019-10-17 07:10:47,778 [Thread-2695] INFO  impl.RoleInfo (RoleInfo.java:shutdownFollowerState(121)) - decc5551-dd4b-40dc-8ff5-b6b450d67f6f: shutdown FollowerState
2019-10-17 07:10:47,779 [Thread-2695] INFO  impl.RaftServerImpl (RaftServerImpl.java:setRole(184)) - decc5551-dd4b-40dc-8ff5-b6b450d67f6f@group-42ACBF6EBE4E: changes role from  FOLLOWER to CANDIDATE at term 198 for changeToCandidate
2019-10-17 07:10:47,779 [Thread-2695] INFO  impl.RoleInfo (RoleInfo.java:updateAndGet(143)) - decc5551-dd4b-40dc-8ff5-b6b450d67f6f: start LeaderElection
2019-10-17 07:10:47,792 [decc5551-dd4b-40dc-8ff5-b6b450d67f6f@group-42ACBF6EBE4E-LeaderElection342] INFO  impl.LeaderElection (LeaderElection.java:askForVotes(178)) - decc5551-dd4b-40dc-8ff5-b6b450d67f6f@group-42ACBF6EBE4E-LeaderElection342: begin an election at term 199 for -1: [215fceca-0555-458b-bc4f-ba38ff24d5ba:192.168.157.211:43803, decc5551-dd4b-40dc-8ff5-b6b450d67f6f:192.168.157.211:34435, 0c631657-10a5-4e2a-a322-8fc6c651b2ed:192.168.157.211:41694], old=null
2019-10-17 07:10:47,794 [grpc-default-executor-9] INFO  impl.RaftServerImpl (RaftServerImpl.java:setRole(184)) - 215fceca-0555-458b-bc4f-ba38ff24d5ba@group-42ACBF6EBE4E: changes role from  FOLLOWER to FOLLOWER at term 199 for recognizeCandidate:decc5551-dd4b-40dc-8ff5-b6b450d67f6f
2019-10-17 07:10:47,794 [grpc-default-executor-9] INFO  impl.RoleInfo (RoleInfo.java:shutdownFollowerState(121)) - 215fceca-0555-458b-bc4f-ba38ff24d5ba: shutdown FollowerState
2019-10-17 07:10:47,794 [grpc-default-executor-3] INFO  impl.RaftServerImpl (RaftServerImpl.java:setRole(184)) - 0c631657-10a5-4e2a-a322-8fc6c651b2ed@group-42ACBF6EBE4E: changes role from  FOLLOWER to FOLLOWER at term 199 for recognizeCandidate:decc5551-dd4b-40dc-8ff5-b6b450d67f6f
2019-10-17 07:10:47,794 [Thread-2694] INFO  impl.FollowerState (FollowerState.java:run(117)) - 215fceca-0555-458b-bc4f-ba38ff24d5ba@group-42ACBF6EBE4E-FollowerState was interrupted: java.lang.InterruptedException: sleep interrupted
2019-10-17 07:10:47,794 [grpc-default-executor-9] INFO  impl.RoleInfo (RoleInfo.java:updateAndGet(143)) - 215fceca-0555-458b-bc4f-ba38ff24d5ba: start FollowerState
2019-10-17 07:10:47,794 [grpc-default-executor-3] INFO  impl.RoleInfo (RoleInfo.java:shutdownFollowerState(121)) - 0c631657-10a5-4e2a-a322-8fc6c651b2ed: shutdown FollowerState
2019-10-17 07:10:47,794 [grpc-default-executor-3] INFO  impl.RoleInfo (RoleInfo.java:updateAndGet(143)) - 0c631657-10a5-4e2a-a322-8fc6c651b2ed: start FollowerState
2019-10-17 07:10:47,795 [Thread-2693] INFO  impl.FollowerState (FollowerState.java:run(117)) - 0c631657-10a5-4e2a-a322-8fc6c651b2ed@group-42ACBF6EBE4E-FollowerState was interrupted: java.lang.InterruptedException: sleep interrupted
2019-10-17 07:10:47,822 [decc5551-dd4b-40dc-8ff5-b6b450d67f6f@group-42ACBF6EBE4E-LeaderElection342] INFO  impl.LeaderElection (LeaderElection.java:logAndReturn(56)) - decc5551-dd4b-40dc-8ff5-b6b450d67f6f@group-42ACBF6EBE4E-LeaderElection342: Election REJECTED; received 2 response(s) [decc5551-dd4b-40dc-8ff5-b6b450d67f6f<-215fceca-0555-458b-bc4f-ba38ff24d5ba#0:FAIL-t199, decc5551-dd4b-40dc-8ff5-b6b450d67f6f<-0c631657-10a5-4e2a-a322-8fc6c651b2ed#0:FAIL-t199] and 0 exception(s); decc5551-dd4b-40dc-8ff5-b6b450d67f6f@group-42ACBF6EBE4E:t199, leader=null, voted=decc5551-dd4b-40dc-8ff5-b6b450d67f6f, raftlog=decc5551-dd4b-40dc-8ff5-b6b450d67f6f@group-42ACBF6EBE4E-SegmentedRaftLog:OPENED:c-1,f-1,i0, conf=-1: [215fceca-0555-458b-bc4f-ba38ff24d5ba:192.168.157.211:43803, decc5551-dd4b-40dc-8ff5-b6b450d67f6f:192.168.157.211:34435, 0c631657-10a5-4e2a-a322-8fc6c651b2ed:192.168.157.211:41694], old=null
2019-10-17 07:10:47,822 [decc5551-dd4b-40dc-8ff5-b6b450d67f6f@group-42ACBF6EBE4E-LeaderElection342] INFO  impl.RaftServerImpl (RaftServerImpl.java:setRole(184)) - decc5551-dd4b-40dc-8ff5-b6b450d67f6f@group-42ACBF6EBE4E: changes role from CANDIDATE to FOLLOWER at term 199 for DISCOVERED_A_NEW_TERM
2019-10-17 07:10:47,822 [decc5551-dd4b-40dc-8ff5-b6b450d67f6f@group-42ACBF6EBE4E-LeaderElection342] INFO  impl.RoleInfo (RoleInfo.java:shutdownLeaderElection(134)) - decc5551-dd4b-40dc-8ff5-b6b450d67f6f: shutdown LeaderElection
2019-10-17 07:10:47,822 [decc5551-dd4b-40dc-8ff5-b6b450d67f6f@group-42ACBF6EBE4E-LeaderElection342] INFO  impl.RoleInfo (RoleInfo.java:updateAndGet(143)) - decc5551-dd4b-40dc-8ff5-b6b450d67f6f: start FollowerState
2019-10-17 07:10:48,018 [Thread-2701] INFO  impl.FollowerState (FollowerState.java:run(108)) - decc5551-dd4b-40dc-8ff5-b6b450d67f6f@group-42ACBF6EBE4E-FollowerState: change to CANDIDATE, lastRpcTime:196ms, electionTimeout:196ms
2019-10-17 07:10:48,019 [Thread-2701] INFO  impl.RoleInfo (RoleInfo.java:shutdownFollowerState(121)) - decc5551-dd4b-40dc-8ff5-b6b450d67f6f: shutdown FollowerState
2019-10-17 07:10:48,019 [Thread-2701] INFO  impl.RaftServerImpl (RaftServerImpl.java:setRole(184)) - decc5551-dd4b-40dc-8ff5-b6b450d67f6f@group-42ACBF6EBE4E: changes role from  FOLLOWER to CANDIDATE at term 199 for changeToCandidate
2019-10-17 07:10:48,019 [Thread-2701] INFO  impl.RoleInfo (RoleInfo.java:updateAndGet(143)) - decc5551-dd4b-40dc-8ff5-b6b450d67f6f: start LeaderElection
2019-10-17 07:10:48,045 [decc5551-dd4b-40dc-8ff5-b6b450d67f6f@group-42ACBF6EBE4E-LeaderElection343] INFO  impl.LeaderElection (LeaderElection.java:askForVotes(178)) - decc5551-dd4b-40dc-8ff5-b6b450d67f6f@group-42ACBF6EBE4E-LeaderElection343: begin an election at term 200 for -1: [215fceca-0555-458b-bc4f-ba38ff24d5ba:192.168.157.211:43803, decc5551-dd4b-40dc-8ff5-b6b450d67f6f:192.168.157.211:34435, 0c631657-10a5-4e2a-a322-8fc6c651b2ed:192.168.157.211:41694], old=null
2019-10-17 07:10:48,046 [grpc-default-executor-3] INFO  impl.RaftServerImpl (RaftServerImpl.java:setRole(184)) - 215fceca-0555-458b-bc4f-ba38ff24d5ba@group-42ACBF6EBE4E: changes role from  FOLLOWER to FOLLOWER at term 200 for recognizeCandidate:decc5551-dd4b-40dc-8ff5-b6b450d67f6f
2019-10-17 07:10:48,047 [grpc-default-executor-9] INFO  impl.RaftServerImpl (RaftServerImpl.java:setRole(184)) - 0c631657-10a5-4e2a-a322-8fc6c651b2ed@group-42ACBF6EBE4E: changes role from  FOLLOWER to FOLLOWER at term 200 for recognizeCandidate:decc5551-dd4b-40dc-8ff5-b6b450d67f6f
2019-10-17 07:10:48,047 [grpc-default-executor-9] INFO  impl.RoleInfo (RoleInfo.java:shutdownFollowerState(121)) - 0c631657-10a5-4e2a-a322-8fc6c651b2ed: shutdown FollowerState
2019-10-17 07:10:48,047 [grpc-default-executor-3] INFO  impl.RoleInfo (RoleInfo.java:shutdownFollowerState(121)) - 215fceca-0555-458b-bc4f-ba38ff24d5ba: shutdown FollowerState
2019-10-17 07:10:48,047 [Thread-2700] INFO  impl.FollowerState (FollowerState.java:run(117)) - 0c631657-10a5-4e2a-a322-8fc6c651b2ed@group-42ACBF6EBE4E-FollowerState was interrupted: java.lang.InterruptedException: sleep interrupted
2019-10-17 07:10:48,047 [grpc-default-executor-9] INFO  impl.RoleInfo (RoleInfo.java:updateAndGet(143)) - 0c631657-10a5-4e2a-a322-8fc6c651b2ed: start FollowerState
2019-10-17 07:10:48,047 [Thread-2699] INFO  impl.FollowerState (FollowerState.java:run(117)) - 215fceca-0555-458b-bc4f-ba38ff24d5ba@group-42ACBF6EBE4E-FollowerState was interrupted: java.lang.InterruptedException: sleep interrupted
2019-10-17 07:10:48,047 [grpc-default-executor-3] INFO  impl.RoleInfo (RoleInfo.java:updateAndGet(143)) - 215fceca-0555-458b-bc4f-ba38ff24d5ba: start FollowerState
2019-10-17 07:10:48,061 [decc5551-dd4b-40dc-8ff5-b6b450d67f6f@group-42ACBF6EBE4E-LeaderElection343] INFO  impl.LeaderElection (LeaderElection.java:logAndReturn(56)) - decc5551-dd4b-40dc-8ff5-b6b450d67f6f@group-42ACBF6EBE4E-LeaderElection343: Election REJECTED; received 2 response(s) [decc5551-dd4b-40dc-8ff5-b6b450d67f6f<-215fceca-0555-458b-bc4f-ba38ff24d5ba#0:FAIL-t200, decc5551-dd4b-40dc-8ff5-b6b450d67f6f<-0c631657-10a5-4e2a-a322-8fc6c651b2ed#0:FAIL-t200] and 0 exception(s); decc5551-dd4b-40dc-8ff5-b6b450d67f6f@group-42ACBF6EBE4E:t200, leader=null, voted=decc5551-dd4b-40dc-8ff5-b6b450d67f6f, raftlog=decc5551-dd4b-40dc-8ff5-b6b450d67f6f@group-42ACBF6EBE4E-SegmentedRaftLog:OPENED:c-1,f-1,i0, conf=-1: [215fceca-0555-458b-bc4f-ba38ff24d5ba:192.168.157.211:43803, decc5551-dd4b-40dc-8ff5-b6b450d67f6f:192.168.157.211:34435, 0c631657-10a5-4e2a-a322-8fc6c651b2ed:192.168.157.211:41694], old=null
2019-10-17 07:10:48,061 [decc5551-dd4b-40dc-8ff5-b6b450d67f6f@group-42ACBF6EBE4E-LeaderElection343] INFO  impl.RaftServerImpl (RaftServerImpl.java:setRole(184)) - decc5551-dd4b-40dc-8ff5-b6b450d67f6f@group-42ACBF6EBE4E: changes role from CANDIDATE to FOLLOWER at term 200 for DISCOVERED_A_NEW_TERM
2019-10-17 07:10:48,062 [decc5551-dd4b-40dc-8ff5-b6b450d67f6f@group-42ACBF6EBE4E-LeaderElection343] INFO  impl.RoleInfo (RoleInfo.java:shutdownLeaderElection(134)) - decc5551-dd4b-40dc-8ff5-b6b450d67f6f: shutdown LeaderElection
2019-10-17 07:10:48,062 [decc5551-dd4b-40dc-8ff5-b6b450d67f6f@group-42ACBF6EBE4E-LeaderElection343] INFO  impl.RoleInfo (RoleInfo.java:updateAndGet(143)) - decc5551-dd4b-40dc-8ff5-b6b450d67f6f: start FollowerState
2019-10-17 07:10:48,100 [Thread-2707] INFO  impl.FollowerState (FollowerState.java:run(108)) - decc5551-dd4b-40dc-8ff5-b6b450d67f6f@group-42ACBF6EBE4E-FollowerState: change to CANDIDATE, lastRpcTime:38ms, electionTimeout:38ms
2019-10-17 07:10:48,100 [Thread-2707] INFO  impl.RoleInfo (RoleInfo.java:shutdownFollowerState(121)) - decc5551-dd4b-40dc-8ff5-b6b450d67f6f: shutdown FollowerState
2019-10-17 07:10:48,100 [Thread-2707] INFO  impl.RaftServerImpl (RaftServerImpl.java:setRole(184)) - decc5551-dd4b-40dc-8ff5-b6b450d67f6f@group-42ACBF6EBE4E: changes role from  FOLLOWER to CANDIDATE at term 200 for changeToCandidate
2019-10-17 07:10:48,100 [Thread-2707] INFO  impl.RoleInfo (RoleInfo.java:updateAndGet(143)) - decc5551-dd4b-40dc-8ff5-b6b450d67f6f: start LeaderElection
2019-10-17 07:10:48,114 [decc5551-dd4b-40dc-8ff5-b6b450d67f6f@group-42ACBF6EBE4E-LeaderElection344] INFO  impl.LeaderElection (LeaderElection.java:askForVotes(178)) - decc5551-dd4b-40dc-8ff5-b6b450d67f6f@group-42ACBF6EBE4E-LeaderElection344: begin an election at term 201 for -1: [215fceca-0555-458b-bc4f-ba38ff24d5ba:192.168.157.211:43803, decc5551-dd4b-40dc-8ff5-b6b450d67f6f:192.168.157.211:34435, 0c631657-10a5-4e2a-a322-8fc6c651b2ed:192.168.157.211:41694], old=null
2019-10-17 07:10:48,114 [java.util.concurrent.ThreadPoolExecutor$Worker@234137a4[State = -1, empty queue]] WARN  server.GrpcLogAppender (GrpcLogAppender.java:timeoutAppendRequest(209)) - d31fb603-bc45-4cd2-bfc5-2ee103695b2e@group-A2172F2EE55F->a4e5d14e-95af-4d1f-b670-5b1c42084e26-GrpcLogAppender: appendEntries Timeout, request=d31fb603-bc45-4cd2-bfc5-2ee103695b2e->a4e5d14e-95af-4d1f-b670-5b1c42084e26#61-t3, previous=(t:3, i:20), leaderCommit=20, initializing? false, entries: <empty>
2019-10-17 07:10:48,115 [grpc-default-executor-9] INFO  impl.RaftServerImpl (RaftServerImpl.java:setRole(184)) - 215fceca-0555-458b-bc4f-ba38ff24d5ba@group-42ACBF6EBE4E: changes role from  FOLLOWER to FOLLOWER at term 201 for recognizeCandidate:decc5551-dd4b-40dc-8ff5-b6b450d67f6f
2019-10-17 07:10:48,116 [grpc-default-executor-9] INFO  impl.RoleInfo (RoleInfo.java:shutdownFollowerState(121)) - 215fceca-0555-458b-bc4f-ba38ff24d5ba: shutdown FollowerState
2019-10-17 07:10:48,116 [grpc-default-executor-3] INFO  impl.RaftServerImpl (RaftServerImpl.java:setRole(184)) - 0c631657-10a5-4e2a-a322-8fc6c651b2ed@group-42ACBF6EBE4E: changes role from  FOLLOWER to FOLLOWER at term 201 for recognizeCandidate:decc5551-dd4b-40dc-8ff5-b6b450d67f6f
2019-10-17 07:10:48,116 [Thread-2706] INFO  impl.FollowerState (FollowerState.java:run(117)) - 215fceca-0555-458b-bc4f-ba38ff24d5ba@group-42ACBF6EBE4E-FollowerState was interrupted: java.lang.InterruptedException: sleep interrupted
2019-10-17 07:10:48,116 [grpc-default-executor-9] INFO  impl.RoleInfo (RoleInfo.java:updateAndGet(143)) - 215fceca-0555-458b-bc4f-ba38ff24d5ba: start FollowerState
2019-10-17 07:10:48,116 [grpc-default-executor-3] INFO  impl.RoleInfo (RoleInfo.java:shutdownFollowerState(121)) - 0c631657-10a5-4e2a-a322-8fc6c651b2ed: shutdown FollowerState
2019-10-17 07:10:48,116 [grpc-default-executor-3] INFO  impl.RoleInfo (RoleInfo.java:updateAndGet(143)) - 0c631657-10a5-4e2a-a322-8fc6c651b2ed: start FollowerState
2019-10-17 07:10:48,116 [Thread-2705] INFO  impl.FollowerState (FollowerState.java:run(117)) - 0c631657-10a5-4e2a-a322-8fc6c651b2ed@group-42ACBF6EBE4E-FollowerState was interrupted: java.lang.InterruptedException: sleep interrupted
2019-10-17 07:10:48,143 [decc5551-dd4b-40dc-8ff5-b6b450d67f6f@group-42ACBF6EBE4E-LeaderElection344] INFO  impl.LeaderElection (LeaderElection.java:logAndReturn(56)) - decc5551-dd4b-40dc-8ff5-b6b450d67f6f@group-42ACBF6EBE4E-LeaderElection344: Election REJECTED; received 2 response(s) [decc5551-dd4b-40dc-8ff5-b6b450d67f6f<-215fceca-0555-458b-bc4f-ba38ff24d5ba#0:FAIL-t201, decc5551-dd4b-40dc-8ff5-b6b450d67f6f<-0c631657-10a5-4e2a-a322-8fc6c651b2ed#0:FAIL-t201] and 0 exception(s); decc5551-dd4b-40dc-8ff5-b6b450d67f6f@group-42ACBF6EBE4E:t201, leader=null, voted=decc5551-dd4b-40dc-8ff5-b6b450d67f6f, raftlog=decc5551-dd4b-40dc-8ff5-b6b450d67f6f@group-42ACBF6EBE4E-SegmentedRaftLog:OPENED:c-1,f-1,i0, conf=-1: [215fceca-0555-458b-bc4f-ba38ff24d5ba:192.168.157.211:43803, decc5551-dd4b-40dc-8ff5-b6b450d67f6f:192.168.157.211:34435, 0c631657-10a5-4e2a-a322-8fc6c651b2ed:192.168.157.211:41694], old=null
2019-10-17 07:10:48,143 [decc5551-dd4b-40dc-8ff5-b6b450d67f6f@group-42ACBF6EBE4E-LeaderElection344] INFO  impl.RaftServerImpl (RaftServerImpl.java:setRole(184)) - decc5551-dd4b-40dc-8ff5-b6b450d67f6f@group-42ACBF6EBE4E: changes role from CANDIDATE to FOLLOWER at term 201 for DISCOVERED_A_NEW_TERM
2019-10-17 07:10:48,143 [decc5551-dd4b-40dc-8ff5-b6b450d67f6f@group-42ACBF6EBE4E-LeaderElection344] INFO  impl.RoleInfo (RoleInfo.java:shutdownLeaderElection(134)) - decc5551-dd4b-40dc-8ff5-b6b450d67f6f: shutdown LeaderElection
2019-10-17 07:10:48,143 [decc5551-dd4b-40dc-8ff5-b6b450d67f6f@group-42ACBF6EBE4E-LeaderElection344] INFO  impl.RoleInfo (RoleInfo.java:updateAndGet(143)) - decc5551-dd4b-40dc-8ff5-b6b450d67f6f: start FollowerState
2019-10-17 07:10:48,249 [Thread-2713] INFO  impl.FollowerState (FollowerState.java:run(108)) - decc5551-dd4b-40dc-8ff5-b6b450d67f6f@group-42ACBF6EBE4E-FollowerState: change to CANDIDATE, lastRpcTime:105ms, electionTimeout:105ms
2019-10-17 07:10:48,249 [Thread-2713] INFO  impl.RoleInfo (RoleInfo.java:shutdownFollowerState(121)) - decc5551-dd4b-40dc-8ff5-b6b450d67f6f: shutdown FollowerState
2019-10-17 07:10:48,249 [Thread-2713] INFO  impl.RaftServerImpl (RaftServerImpl.java:setRole(184)) - decc5551-dd4b-40dc-8ff5-b6b450d67f6f@group-42ACBF6EBE4E: changes role from  FOLLOWER to CANDIDATE at term 201 for changeToCandidate
2019-10-17 07:10:48,249 [Thread-2713] INFO  impl.RoleInfo (RoleInfo.java:updateAndGet(143)) - decc5551-dd4b-40dc-8ff5-b6b450d67f6f: start LeaderElection
2019-10-17 07:10:48,264 [decc5551-dd4b-40dc-8ff5-b6b450d67f6f@group-42ACBF6EBE4E-LeaderElection345] INFO  impl.LeaderElection (LeaderElection.java:askForVotes(178)) - decc5551-dd4b-40dc-8ff5-b6b450d67f6f@group-42ACBF6EBE4E-LeaderElection345: begin an election at term 202 for -1: [215fceca-0555-458b-bc4f-ba38ff24d5ba:192.168.157.211:43803, decc5551-dd4b-40dc-8ff5-b6b450d67f6f:192.168.157.211:34435, 0c631657-10a5-4e2a-a322-8fc6c651b2ed:192.168.157.211:41694], old=null
2019-10-17 07:10:48,265 [grpc-default-executor-9] INFO  impl.RaftServerImpl (RaftServerImpl.java:setRole(184)) - 215fceca-0555-458b-bc4f-ba38ff24d5ba@group-42ACBF6EBE4E: changes role from  FOLLOWER to FOLLOWER at term 202 for recognizeCandidate:decc5551-dd4b-40dc-8ff5-b6b450d67f6f
2019-10-17 07:10:48,266 [grpc-default-executor-3] INFO  impl.RaftServerImpl (RaftServerImpl.java:setRole(184)) - 0c631657-10a5-4e2a-a322-8fc6c651b2ed@group-42ACBF6EBE4E: changes role from  FOLLOWER to FOLLOWER at term 202 for recognizeCandidate:decc5551-dd4b-40dc-8ff5-b6b450d67f6f
2019-10-17 07:10:48,266 [grpc-default-executor-3] INFO  impl.RoleInfo (RoleInfo.java:shutdownFollowerState(121)) - 0c631657-10a5-4e2a-a322-8fc6c651b2ed: shutdown FollowerState
2019-10-17 07:10:48,266 [grpc-default-executor-9] INFO  impl.RoleInfo (RoleInfo.java:shutdownFollowerState(121)) - 215fceca-0555-458b-bc4f-ba38ff24d5ba: shutdown FollowerState
2019-10-17 07:10:48,266 [Thread-2712] INFO  impl.FollowerState (FollowerState.java:run(117)) - 0c631657-10a5-4e2a-a322-8fc6c651b2ed@group-42ACBF6EBE4E-FollowerState was interrupted: java.lang.InterruptedException: sleep interrupted
2019-10-17 07:10:48,266 [Thread-2711] INFO  impl.FollowerState (FollowerState.java:run(117)) - 215fceca-0555-458b-bc4f-ba38ff24d5ba@group-42ACBF6EBE4E-FollowerState was interrupted: java.lang.InterruptedException: sleep interrupted
2019-10-17 07:10:48,266 [grpc-default-executor-3] INFO  impl.RoleInfo (RoleInfo.java:updateAndGet(143)) - 0c631657-10a5-4e2a-a322-8fc6c651b2ed: start FollowerState
2019-10-17 07:10:48,266 [grpc-default-executor-9] INFO  impl.RoleInfo (RoleInfo.java:updateAndGet(143)) - 215fceca-0555-458b-bc4f-ba38ff24d5ba: start FollowerState
2019-10-17 07:10:48,280 [decc5551-dd4b-40dc-8ff5-b6b450d67f6f@group-42ACBF6EBE4E-LeaderElection345] INFO  impl.LeaderElection (LeaderElection.java:logAndReturn(56)) - decc5551-dd4b-40dc-8ff5-b6b450d67f6f@group-42ACBF6EBE4E-LeaderElection345: Election REJECTED; received 2 response(s) [decc5551-dd4b-40dc-8ff5-b6b450d67f6f<-215fceca-0555-458b-bc4f-ba38ff24d5ba#0:FAIL-t202, decc5551-dd4b-40dc-8ff5-b6b450d67f6f<-0c631657-10a5-4e2a-a322-8fc6c651b2ed#0:FAIL-t202] and 0 exception(s); decc5551-dd4b-40dc-8ff5-b6b450d67f6f@group-42ACBF6EBE4E:t202, leader=null, voted=decc5551-dd4b-40dc-8ff5-b6b450d67f6f, raftlog=decc5551-dd4b-40dc-8ff5-b6b450d67f6f@group-42ACBF6EBE4E-SegmentedRaftLog:OPENED:c-1,f-1,i0, conf=-1: [215fceca-0555-458b-bc4f-ba38ff24d5ba:192.168.157.211:43803, decc5551-dd4b-40dc-8ff5-b6b450d67f6f:192.168.157.211:34435, 0c631657-10a5-4e2a-a322-8fc6c651b2ed:192.168.157.211:41694], old=null
2019-10-17 07:10:48,280 [decc5551-dd4b-40dc-8ff5-b6b450d67f6f@group-42ACBF6EBE4E-LeaderElection345] INFO  impl.RaftServerImpl (RaftServerImpl.java:setRole(184)) - decc5551-dd4b-40dc-8ff5-b6b450d67f6f@group-42ACBF6EBE4E: changes role from CANDIDATE to FOLLOWER at term 202 for DISCOVERED_A_NEW_TERM
2019-10-17 07:10:48,281 [decc5551-dd4b-40dc-8ff5-b6b450d67f6f@group-42ACBF6EBE4E-LeaderElection345] INFO  impl.RoleInfo (RoleInfo.java:shutdownLeaderElection(134)) - decc5551-dd4b-40dc-8ff5-b6b450d67f6f: shutdown LeaderElection
2019-10-17 07:10:48,281 [decc5551-dd4b-40dc-8ff5-b6b450d67f6f@group-42ACBF6EBE4E-LeaderElection345] INFO  impl.RoleInfo (RoleInfo.java:updateAndGet(143)) - decc5551-dd4b-40dc-8ff5-b6b450d67f6f: start FollowerState
2019-10-17 07:10:48,333 [Thread-2720] INFO  impl.FollowerState (FollowerState.java:run(108)) - decc5551-dd4b-40dc-8ff5-b6b450d67f6f@group-42ACBF6EBE4E-FollowerState: change to CANDIDATE, lastRpcTime:52ms, electionTimeout:52ms
2019-10-17 07:10:48,333 [Thread-2720] INFO  impl.RoleInfo (RoleInfo.java:shutdownFollowerState(121)) - decc5551-dd4b-40dc-8ff5-b6b450d67f6f: shutdown FollowerState
2019-10-17 07:10:48,333 [Thread-2720] INFO  impl.RaftServerImpl (RaftServerImpl.java:setRole(184)) - decc5551-dd4b-40dc-8ff5-b6b450d67f6f@group-42ACBF6EBE4E: changes role from  FOLLOWER to CANDIDATE at term 202 for changeToCandidate
2019-10-17 07:10:48,334 [Thread-2720] INFO  impl.RoleInfo (RoleInfo.java:updateAndGet(143)) - decc5551-dd4b-40dc-8ff5-b6b450d67f6f: start LeaderElection
2019-10-17 07:10:48,359 [decc5551-dd4b-40dc-8ff5-b6b450d67f6f@group-42ACBF6EBE4E-LeaderElection346] INFO  impl.LeaderElection (LeaderElection.java:askForVotes(178)) - decc5551-dd4b-40dc-8ff5-b6b450d67f6f@group-42ACBF6EBE4E-LeaderElection346: begin an election at term 203 for -1: [215fceca-0555-458b-bc4f-ba38ff24d5ba:192.168.157.211:43803, decc5551-dd4b-40dc-8ff5-b6b450d67f6f:192.168.157.211:34435, 0c631657-10a5-4e2a-a322-8fc6c651b2ed:192.168.157.211:41694], old=null
2019-10-17 07:10:48,360 [grpc-default-executor-3] INFO  impl.RaftServerImpl (RaftServerImpl.java:setRole(184)) - 215fceca-0555-458b-bc4f-ba38ff24d5ba@group-42ACBF6EBE4E: changes role from  FOLLOWER to FOLLOWER at term 203 for recognizeCandidate:decc5551-dd4b-40dc-8ff5-b6b450d67f6f
2019-10-17 07:10:48,361 [grpc-default-executor-3] INFO  impl.RoleInfo (RoleInfo.java:shutdownFollowerState(121)) - 215fceca-0555-458b-bc4f-ba38ff24d5ba: shutdown FollowerState
2019-10-17 07:10:48,361 [grpc-default-executor-7] INFO  impl.RaftServerImpl (RaftServerImpl.java:setRole(184)) - 0c631657-10a5-4e2a-a322-8fc6c651b2ed@group-42ACBF6EBE4E: changes role from  FOLLOWER to FOLLOWER at term 203 for recognizeCandidate:decc5551-dd4b-40dc-8ff5-b6b450d67f6f
2019-10-17 07:10:48,361 [Thread-2719] INFO  impl.FollowerState (FollowerState.java:run(117)) - 215fceca-0555-458b-bc4f-ba38ff24d5ba@group-42ACBF6EBE4E-FollowerState was interrupted: java.lang.InterruptedException: sleep interrupted
2019-10-17 07:10:48,361 [grpc-default-executor-3] INFO  impl.RoleInfo (RoleInfo.java:updateAndGet(143)) - 215fceca-0555-458b-bc4f-ba38ff24d5ba: start FollowerState
2019-10-17 07:10:48,361 [grpc-default-executor-7] INFO  impl.RoleInfo (RoleInfo.java:shutdownFollowerState(121)) - 0c631657-10a5-4e2a-a322-8fc6c651b2ed: shutdown FollowerState
2019-10-17 07:10:48,362 [Thread-2718] INFO  impl.FollowerState (FollowerState.java:run(117)) - 0c631657-10a5-4e2a-a322-8fc6c651b2ed@group-42ACBF6EBE4E-FollowerState was interrupted: java.lang.InterruptedException: sleep interrupted
2019-10-17 07:10:48,362 [grpc-default-executor-7] INFO  impl.RoleInfo (RoleInfo.java:updateAndGet(143)) - 0c631657-10a5-4e2a-a322-8fc6c651b2ed: start FollowerState
2019-10-17 07:10:48,387 [decc5551-dd4b-40dc-8ff5-b6b450d67f6f@group-42ACBF6EBE4E-LeaderElection346] INFO  impl.LeaderElection (LeaderElection.java:logAndReturn(56)) - decc5551-dd4b-40dc-8ff5-b6b450d67f6f@group-42ACBF6EBE4E-LeaderElection346: Election REJECTED; received 2 response(s) [decc5551-dd4b-40dc-8ff5-b6b450d67f6f<-215fceca-0555-458b-bc4f-ba38ff24d5ba#0:FAIL-t203, decc5551-dd4b-40dc-8ff5-b6b450d67f6f<-0c631657-10a5-4e2a-a322-8fc6c651b2ed#0:FAIL-t203] and 0 exception(s); decc5551-dd4b-40dc-8ff5-b6b450d67f6f@group-42ACBF6EBE4E:t203, leader=null, voted=decc5551-dd4b-40dc-8ff5-b6b450d67f6f, raftlog=decc5551-dd4b-40dc-8ff5-b6b450d67f6f@group-42ACBF6EBE4E-SegmentedRaftLog:OPENED:c-1,f-1,i0, conf=-1: [215fceca-0555-458b-bc4f-ba38ff24d5ba:192.168.157.211:43803, decc5551-dd4b-40dc-8ff5-b6b450d67f6f:192.168.157.211:34435, 0c631657-10a5-4e2a-a322-8fc6c651b2ed:192.168.157.211:41694], old=null
2019-10-17 07:10:48,388 [decc5551-dd4b-40dc-8ff5-b6b450d67f6f@group-42ACBF6EBE4E-LeaderElection346] INFO  impl.RaftServerImpl (RaftServerImpl.java:setRole(184)) - decc5551-dd4b-40dc-8ff5-b6b450d67f6f@group-42ACBF6EBE4E: changes role from CANDIDATE to FOLLOWER at term 203 for DISCOVERED_A_NEW_TERM
2019-10-17 07:10:48,388 [decc5551-dd4b-40dc-8ff5-b6b450d67f6f@group-42ACBF6EBE4E-LeaderElection346] INFO  impl.RoleInfo (RoleInfo.java:shutdownLeaderElection(134)) - decc5551-dd4b-40dc-8ff5-b6b450d67f6f: shutdown LeaderElection
2019-10-17 07:10:48,388 [decc5551-dd4b-40dc-8ff5-b6b450d67f6f@group-42ACBF6EBE4E-LeaderElection346] INFO  impl.RoleInfo (RoleInfo.java:updateAndGet(143)) - decc5551-dd4b-40dc-8ff5-b6b450d67f6f: start FollowerState
2019-10-17 07:10:48,402 [Thread-2673] INFO  impl.FollowerState (FollowerState.java:run(108)) - 67ae3572-7d88-4e50-b53b-0f48f6748b38@group-233C052D78D6-FollowerState: change to CANDIDATE, lastRpcTime:1156ms, electionTimeout:1156ms
2019-10-17 07:10:48,402 [Thread-2673] INFO  impl.RoleInfo (RoleInfo.java:shutdownFollowerState(121)) - 67ae3572-7d88-4e50-b53b-0f48f6748b38: shutdown FollowerState
2019-10-17 07:10:48,402 [Thread-2673] INFO  impl.RaftServerImpl (RaftServerImpl.java:setRole(184)) - 67ae3572-7d88-4e50-b53b-0f48f6748b38@group-233C052D78D6: changes role from  FOLLOWER to CANDIDATE at term 172 for changeToCandidate
2019-10-17 07:10:48,402 [Thread-2673] INFO  impl.RoleInfo (RoleInfo.java:updateAndGet(143)) - 67ae3572-7d88-4e50-b53b-0f48f6748b38: start LeaderElection
2019-10-17 07:10:48,417 [67ae3572-7d88-4e50-b53b-0f48f6748b38@group-233C052D78D6-LeaderElection347] INFO  impl.LeaderElection (LeaderElection.java:askForVotes(178)) - 67ae3572-7d88-4e50-b53b-0f48f6748b38@group-233C052D78D6-LeaderElection347: begin an election at term 173 for 0: [67ae3572-7d88-4e50-b53b-0f48f6748b38:192.168.157.211:41299, 831edaa1-80a5-4091-843f-90c648a5a79d:192.168.157.211:44365, 5c4ee31d-c5ed-4c65-a5df-da3e3cf53ac2:192.168.157.211:45059], old=null
2019-10-17 07:10:48,418 [67ae3572-7d88-4e50-b53b-0f48f6748b38@group-233C052D78D6-LeaderElection347] INFO  impl.LeaderElection (LogUtils.java:infoOrTrace(149)) - 67ae3572-7d88-4e50-b53b-0f48f6748b38@group-233C052D78D6-LeaderElection347 got exception when requesting votes: {}
java.util.concurrent.ExecutionException: org.apache.ratis.thirdparty.io.grpc.StatusRuntimeException: UNAVAILABLE: io exception
	at java.util.concurrent.FutureTask.report(FutureTask.java:122)
	at java.util.concurrent.FutureTask.get(FutureTask.java:192)
	at org.apache.ratis.server.impl.LeaderElection.waitForResults(LeaderElection.java:259)
	at org.apache.ratis.server.impl.LeaderElection.askForVotes(LeaderElection.java:197)
	at org.apache.ratis.server.impl.LeaderElection.run(LeaderElection.java:133)
	at java.lang.Thread.run(Thread.java:748)
Caused by: org.apache.ratis.thirdparty.io.grpc.StatusRuntimeException: UNAVAILABLE: io exception
	at org.apache.ratis.thirdparty.io.grpc.stub.ClientCalls.toStatusRuntimeException(ClientCalls.java:233)
	at org.apache.ratis.thirdparty.io.grpc.stub.ClientCalls.getUnchecked(ClientCalls.java:214)
	at org.apache.ratis.thirdparty.io.grpc.stub.ClientCalls.blockingUnaryCall(ClientCalls.java:139)
	at org.apache.ratis.proto.grpc.RaftServerProtocolServiceGrpc$RaftServerProtocolServiceBlockingStub.requestVote(RaftServerProtocolServiceGrpc.java:265)
	at org.apache.ratis.grpc.server.GrpcServerProtocolClient.requestVote(GrpcServerProtocolClient.java:99)
	at org.apache.ratis.grpc.server.GrpcService.requestVote(GrpcService.java:204)
	at org.apache.ratis.server.impl.LeaderElection.lambda$submitRequests$1(LeaderElection.java:234)
	at java.util.concurrent.FutureTask.run(FutureTask.java:266)
	at java.util.concurrent.Executors$RunnableAdapter.call(Executors.java:511)
	at java.util.concurrent.FutureTask.run(FutureTask.java:266)
	at java.util.concurrent.ThreadPoolExecutor.runWorker(ThreadPoolExecutor.java:1149)
	at java.util.concurrent.ThreadPoolExecutor$Worker.run(ThreadPoolExecutor.java:624)
	... 1 more
Caused by: org.apache.ratis.thirdparty.io.netty.channel.AbstractChannel$AnnotatedConnectException: Connection refused: /192.168.157.211:44365
	at sun.nio.ch.SocketChannelImpl.checkConnect(Native Method)
	at sun.nio.ch.SocketChannelImpl.finishConnect(SocketChannelImpl.java:717)
	at org.apache.ratis.thirdparty.io.netty.channel.socket.nio.NioSocketChannel.doFinishConnect(NioSocketChannel.java:327)
	at org.apache.ratis.thirdparty.io.netty.channel.nio.AbstractNioChannel$AbstractNioUnsafe.finishConnect(AbstractNioChannel.java:340)
	at org.apache.ratis.thirdparty.io.netty.channel.nio.NioEventLoop.processSelectedKey(NioEventLoop.java:632)
	at org.apache.ratis.thirdparty.io.netty.channel.nio.NioEventLoop.processSelectedKeysOptimized(NioEventLoop.java:579)
	at org.apache.ratis.thirdparty.io.netty.channel.nio.NioEventLoop.processSelectedKeys(NioEventLoop.java:496)
	at org.apache.ratis.thirdparty.io.netty.channel.nio.NioEventLoop.run(NioEventLoop.java:458)
	at org.apache.ratis.thirdparty.io.netty.util.concurrent.SingleThreadEventExecutor$5.run(SingleThreadEventExecutor.java:897)
	at org.apache.ratis.thirdparty.io.netty.util.concurrent.FastThreadLocalRunnable.run(FastThreadLocalRunnable.java:30)
	... 1 more
Caused by: java.net.ConnectException: Connection refused
	... 11 more
2019-10-17 07:10:48,421 [67ae3572-7d88-4e50-b53b-0f48f6748b38@group-233C052D78D6-LeaderElection347] INFO  impl.LeaderElection (LogUtils.java:infoOrTrace(149)) - 67ae3572-7d88-4e50-b53b-0f48f6748b38@group-233C052D78D6-LeaderElection347 got exception when requesting votes: {}
java.util.concurrent.ExecutionException: org.apache.ratis.thirdparty.io.grpc.StatusRuntimeException: UNAVAILABLE: io exception
	at java.util.concurrent.FutureTask.report(FutureTask.java:122)
	at java.util.concurrent.FutureTask.get(FutureTask.java:192)
	at org.apache.ratis.server.impl.LeaderElection.waitForResults(LeaderElection.java:259)
	at org.apache.ratis.server.impl.LeaderElection.askForVotes(LeaderElection.java:197)
	at org.apache.ratis.server.impl.LeaderElection.run(LeaderElection.java:133)
	at java.lang.Thread.run(Thread.java:748)
Caused by: org.apache.ratis.thirdparty.io.grpc.StatusRuntimeException: UNAVAILABLE: io exception
	at org.apache.ratis.thirdparty.io.grpc.stub.ClientCalls.toStatusRuntimeException(ClientCalls.java:233)
	at org.apache.ratis.thirdparty.io.grpc.stub.ClientCalls.getUnchecked(ClientCalls.java:214)
	at org.apache.ratis.thirdparty.io.grpc.stub.ClientCalls.blockingUnaryCall(ClientCalls.java:139)
	at org.apache.ratis.proto.grpc.RaftServerProtocolServiceGrpc$RaftServerProtocolServiceBlockingStub.requestVote(RaftServerProtocolServiceGrpc.java:265)
	at org.apache.ratis.grpc.server.GrpcServerProtocolClient.requestVote(GrpcServerProtocolClient.java:99)
	at org.apache.ratis.grpc.server.GrpcService.requestVote(GrpcService.java:204)
	at org.apache.ratis.server.impl.LeaderElection.lambda$submitRequests$1(LeaderElection.java:234)
	at java.util.concurrent.FutureTask.run(FutureTask.java:266)
	at java.util.concurrent.Executors$RunnableAdapter.call(Executors.java:511)
	at java.util.concurrent.FutureTask.run(FutureTask.java:266)
	at java.util.concurrent.ThreadPoolExecutor.runWorker(ThreadPoolExecutor.java:1149)
	at java.util.concurrent.ThreadPoolExecutor$Worker.run(ThreadPoolExecutor.java:624)
	... 1 more
Caused by: org.apache.ratis.thirdparty.io.netty.channel.AbstractChannel$AnnotatedConnectException: Connection refused: /192.168.157.211:45059
	at sun.nio.ch.SocketChannelImpl.checkConnect(Native Method)
	at sun.nio.ch.SocketChannelImpl.finishConnect(SocketChannelImpl.java:717)
	at org.apache.ratis.thirdparty.io.netty.channel.socket.nio.NioSocketChannel.doFinishConnect(NioSocketChannel.java:327)
	at org.apache.ratis.thirdparty.io.netty.channel.nio.AbstractNioChannel$AbstractNioUnsafe.finishConnect(AbstractNioChannel.java:340)
	at org.apache.ratis.thirdparty.io.netty.channel.nio.NioEventLoop.processSelectedKey(NioEventLoop.java:632)
	at org.apache.ratis.thirdparty.io.netty.channel.nio.NioEventLoop.processSelectedKeysOptimized(NioEventLoop.java:579)
	at org.apache.ratis.thirdparty.io.netty.channel.nio.NioEventLoop.processSelectedKeys(NioEventLoop.java:496)
	at org.apache.ratis.thirdparty.io.netty.channel.nio.NioEventLoop.run(NioEventLoop.java:458)
	at org.apache.ratis.thirdparty.io.netty.util.concurrent.SingleThreadEventExecutor$5.run(SingleThreadEventExecutor.java:897)
	at org.apache.ratis.thirdparty.io.netty.util.concurrent.FastThreadLocalRunnable.run(FastThreadLocalRunnable.java:30)
	... 1 more
Caused by: java.net.ConnectException: Connection refused
	... 11 more
2019-10-17 07:10:48,423 [67ae3572-7d88-4e50-b53b-0f48f6748b38@group-233C052D78D6-LeaderElection347] INFO  impl.LeaderElection (LeaderElection.java:logAndReturn(56)) - 67ae3572-7d88-4e50-b53b-0f48f6748b38@group-233C052D78D6-LeaderElection347: Election REJECTED; received 0 response(s) [] and 2 exception(s); 67ae3572-7d88-4e50-b53b-0f48f6748b38@group-233C052D78D6:t173, leader=null, voted=67ae3572-7d88-4e50-b53b-0f48f6748b38, raftlog=67ae3572-7d88-4e50-b53b-0f48f6748b38@group-233C052D78D6-SegmentedRaftLog:OPENED:c-1,f0,i0, conf=0: [67ae3572-7d88-4e50-b53b-0f48f6748b38:192.168.157.211:41299, 831edaa1-80a5-4091-843f-90c648a5a79d:192.168.157.211:44365, 5c4ee31d-c5ed-4c65-a5df-da3e3cf53ac2:192.168.157.211:45059], old=null
2019-10-17 07:10:48,423 [67ae3572-7d88-4e50-b53b-0f48f6748b38@group-233C052D78D6-LeaderElection347] INFO  impl.LeaderElection (LogUtils.java:infoOrTrace(149)) -   Exception 0: {}
java.util.concurrent.ExecutionException: org.apache.ratis.thirdparty.io.grpc.StatusRuntimeException: UNAVAILABLE: io exception
	at java.util.concurrent.FutureTask.report(FutureTask.java:122)
	at java.util.concurrent.FutureTask.get(FutureTask.java:192)
	at org.apache.ratis.server.impl.LeaderElection.waitForResults(LeaderElection.java:259)
	at org.apache.ratis.server.impl.LeaderElection.askForVotes(LeaderElection.java:197)
	at org.apache.ratis.server.impl.LeaderElection.run(LeaderElection.java:133)
	at java.lang.Thread.run(Thread.java:748)
Caused by: org.apache.ratis.thirdparty.io.grpc.StatusRuntimeException: UNAVAILABLE: io exception
	at org.apache.ratis.thirdparty.io.grpc.stub.ClientCalls.toStatusRuntimeException(ClientCalls.java:233)
	at org.apache.ratis.thirdparty.io.grpc.stub.ClientCalls.getUnchecked(ClientCalls.java:214)
	at org.apache.ratis.thirdparty.io.grpc.stub.ClientCalls.blockingUnaryCall(ClientCalls.java:139)
	at org.apache.ratis.proto.grpc.RaftServerProtocolServiceGrpc$RaftServerProtocolServiceBlockingStub.requestVote(RaftServerProtocolServiceGrpc.java:265)
	at org.apache.ratis.grpc.server.GrpcServerProtocolClient.requestVote(GrpcServerProtocolClient.java:99)
	at org.apache.ratis.grpc.server.GrpcService.requestVote(GrpcService.java:204)
	at org.apache.ratis.server.impl.LeaderElection.lambda$submitRequests$1(LeaderElection.java:234)
	at java.util.concurrent.FutureTask.run(FutureTask.java:266)
	at java.util.concurrent.Executors$RunnableAdapter.call(Executors.java:511)
	at java.util.concurrent.FutureTask.run(FutureTask.java:266)
	at java.util.concurrent.ThreadPoolExecutor.runWorker(ThreadPoolExecutor.java:1149)
	at java.util.concurrent.ThreadPoolExecutor$Worker.run(ThreadPoolExecutor.java:624)
	... 1 more
Caused by: org.apache.ratis.thirdparty.io.netty.channel.AbstractChannel$AnnotatedConnectException: Connection refused: /192.168.157.211:44365
	at sun.nio.ch.SocketChannelImpl.checkConnect(Native Method)
	at sun.nio.ch.SocketChannelImpl.finishConnect(SocketChannelImpl.java:717)
	at org.apache.ratis.thirdparty.io.netty.channel.socket.nio.NioSocketChannel.doFinishConnect(NioSocketChannel.java:327)
	at org.apache.ratis.thirdparty.io.netty.channel.nio.AbstractNioChannel$AbstractNioUnsafe.finishConnect(AbstractNioChannel.java:340)
	at org.apache.ratis.thirdparty.io.netty.channel.nio.NioEventLoop.processSelectedKey(NioEventLoop.java:632)
	at org.apache.ratis.thirdparty.io.netty.channel.nio.NioEventLoop.processSelectedKeysOptimized(NioEventLoop.java:579)
	at org.apache.ratis.thirdparty.io.netty.channel.nio.NioEventLoop.processSelectedKeys(NioEventLoop.java:496)
	at org.apache.ratis.thirdparty.io.netty.channel.nio.NioEventLoop.run(NioEventLoop.java:458)
	at org.apache.ratis.thirdparty.io.netty.util.concurrent.SingleThreadEventExecutor$5.run(SingleThreadEventExecutor.java:897)
	at org.apache.ratis.thirdparty.io.netty.util.concurrent.FastThreadLocalRunnable.run(FastThreadLocalRunnable.java:30)
	... 1 more
Caused by: java.net.ConnectException: Connection refused
	... 11 more
2019-10-17 07:10:48,423 [67ae3572-7d88-4e50-b53b-0f48f6748b38@group-233C052D78D6-LeaderElection347] INFO  impl.LeaderElection (LogUtils.java:infoOrTrace(149)) -   Exception 1: {}
java.util.concurrent.ExecutionException: org.apache.ratis.thirdparty.io.grpc.StatusRuntimeException: UNAVAILABLE: io exception
	at java.util.concurrent.FutureTask.report(FutureTask.java:122)
	at java.util.concurrent.FutureTask.get(FutureTask.java:192)
	at org.apache.ratis.server.impl.LeaderElection.waitForResults(LeaderElection.java:259)
	at org.apache.ratis.server.impl.LeaderElection.askForVotes(LeaderElection.java:197)
	at org.apache.ratis.server.impl.LeaderElection.run(LeaderElection.java:133)
	at java.lang.Thread.run(Thread.java:748)
Caused by: org.apache.ratis.thirdparty.io.grpc.StatusRuntimeException: UNAVAILABLE: io exception
	at org.apache.ratis.thirdparty.io.grpc.stub.ClientCalls.toStatusRuntimeException(ClientCalls.java:233)
	at org.apache.ratis.thirdparty.io.grpc.stub.ClientCalls.getUnchecked(ClientCalls.java:214)
	at org.apache.ratis.thirdparty.io.grpc.stub.ClientCalls.blockingUnaryCall(ClientCalls.java:139)
	at org.apache.ratis.proto.grpc.RaftServerProtocolServiceGrpc$RaftServerProtocolServiceBlockingStub.requestVote(RaftServerProtocolServiceGrpc.java:265)
	at org.apache.ratis.grpc.server.GrpcServerProtocolClient.requestVote(GrpcServerProtocolClient.java:99)
	at org.apache.ratis.grpc.server.GrpcService.requestVote(GrpcService.java:204)
	at org.apache.ratis.server.impl.LeaderElection.lambda$submitRequests$1(LeaderElection.java:234)
	at java.util.concurrent.FutureTask.run(FutureTask.java:266)
	at java.util.concurrent.Executors$RunnableAdapter.call(Executors.java:511)
	at java.util.concurrent.FutureTask.run(FutureTask.java:266)
	at java.util.concurrent.ThreadPoolExecutor.runWorker(ThreadPoolExecutor.java:1149)
	at java.util.concurrent.ThreadPoolExecutor$Worker.run(ThreadPoolExecutor.java:624)
	... 1 more
Caused by: org.apache.ratis.thirdparty.io.netty.channel.AbstractChannel$AnnotatedConnectException: Connection refused: /192.168.157.211:45059
	at sun.nio.ch.SocketChannelImpl.checkConnect(Native Method)
	at sun.nio.ch.SocketChannelImpl.finishConnect(SocketChannelImpl.java:717)
	at org.apache.ratis.thirdparty.io.netty.channel.socket.nio.NioSocketChannel.doFinishConnect(NioSocketChannel.java:327)
	at org.apache.ratis.thirdparty.io.netty.channel.nio.AbstractNioChannel$AbstractNioUnsafe.finishConnect(AbstractNioChannel.java:340)
	at org.apache.ratis.thirdparty.io.netty.channel.nio.NioEventLoop.processSelectedKey(NioEventLoop.java:632)
	at org.apache.ratis.thirdparty.io.netty.channel.nio.NioEventLoop.processSelectedKeysOptimized(NioEventLoop.java:579)
	at org.apache.ratis.thirdparty.io.netty.channel.nio.NioEventLoop.processSelectedKeys(NioEventLoop.java:496)
	at org.apache.ratis.thirdparty.io.netty.channel.nio.NioEventLoop.run(NioEventLoop.java:458)
	at org.apache.ratis.thirdparty.io.netty.util.concurrent.SingleThreadEventExecutor$5.run(SingleThreadEventExecutor.java:897)
	at org.apache.ratis.thirdparty.io.netty.util.concurrent.FastThreadLocalRunnable.run(FastThreadLocalRunnable.java:30)
	... 1 more
Caused by: java.net.ConnectException: Connection refused
	... 11 more
2019-10-17 07:10:48,423 [67ae3572-7d88-4e50-b53b-0f48f6748b38@group-233C052D78D6-LeaderElection347] INFO  impl.RaftServerImpl (RaftServerImpl.java:setRole(184)) - 67ae3572-7d88-4e50-b53b-0f48f6748b38@group-233C052D78D6: changes role from CANDIDATE to FOLLOWER at term 173 for DISCOVERED_A_NEW_TERM
2019-10-17 07:10:48,423 [67ae3572-7d88-4e50-b53b-0f48f6748b38@group-233C052D78D6-LeaderElection347] INFO  impl.RoleInfo (RoleInfo.java:shutdownLeaderElection(134)) - 67ae3572-7d88-4e50-b53b-0f48f6748b38: shutdown LeaderElection
2019-10-17 07:10:48,424 [67ae3572-7d88-4e50-b53b-0f48f6748b38@group-233C052D78D6-LeaderElection347] INFO  impl.RoleInfo (RoleInfo.java:updateAndGet(143)) - 67ae3572-7d88-4e50-b53b-0f48f6748b38: start FollowerState
2019-10-17 07:10:48,514 [Thread-2726] INFO  impl.FollowerState (FollowerState.java:run(108)) - decc5551-dd4b-40dc-8ff5-b6b450d67f6f@group-42ACBF6EBE4E-FollowerState: change to CANDIDATE, lastRpcTime:126ms, electionTimeout:126ms
2019-10-17 07:10:48,514 [Thread-2726] INFO  impl.RoleInfo (RoleInfo.java:shutdownFollowerState(121)) - decc5551-dd4b-40dc-8ff5-b6b450d67f6f: shutdown FollowerState
2019-10-17 07:10:48,514 [Thread-2726] INFO  impl.RaftServerImpl (RaftServerImpl.java:setRole(184)) - decc5551-dd4b-40dc-8ff5-b6b450d67f6f@group-42ACBF6EBE4E: changes role from  FOLLOWER to CANDIDATE at term 203 for changeToCandidate
2019-10-17 07:10:48,515 [Thread-2726] INFO  impl.RoleInfo (RoleInfo.java:updateAndGet(143)) - decc5551-dd4b-40dc-8ff5-b6b450d67f6f: start LeaderElection
2019-10-17 07:10:48,528 [decc5551-dd4b-40dc-8ff5-b6b450d67f6f@group-42ACBF6EBE4E-LeaderElection348] INFO  impl.LeaderElection (LeaderElection.java:askForVotes(178)) - decc5551-dd4b-40dc-8ff5-b6b450d67f6f@group-42ACBF6EBE4E-LeaderElection348: begin an election at term 204 for -1: [215fceca-0555-458b-bc4f-ba38ff24d5ba:192.168.157.211:43803, decc5551-dd4b-40dc-8ff5-b6b450d67f6f:192.168.157.211:34435, 0c631657-10a5-4e2a-a322-8fc6c651b2ed:192.168.157.211:41694], old=null
2019-10-17 07:10:48,530 [grpc-default-executor-3] INFO  impl.RaftServerImpl (RaftServerImpl.java:setRole(184)) - 0c631657-10a5-4e2a-a322-8fc6c651b2ed@group-42ACBF6EBE4E: changes role from  FOLLOWER to FOLLOWER at term 204 for recognizeCandidate:decc5551-dd4b-40dc-8ff5-b6b450d67f6f
2019-10-17 07:10:48,530 [grpc-default-executor-3] INFO  impl.RoleInfo (RoleInfo.java:shutdownFollowerState(121)) - 0c631657-10a5-4e2a-a322-8fc6c651b2ed: shutdown FollowerState
2019-10-17 07:10:48,530 [grpc-default-executor-7] INFO  impl.RaftServerImpl (RaftServerImpl.java:setRole(184)) - 215fceca-0555-458b-bc4f-ba38ff24d5ba@group-42ACBF6EBE4E: changes role from  FOLLOWER to FOLLOWER at term 204 for recognizeCandidate:decc5551-dd4b-40dc-8ff5-b6b450d67f6f
2019-10-17 07:10:48,530 [Thread-2725] INFO  impl.FollowerState (FollowerState.java:run(117)) - 0c631657-10a5-4e2a-a322-8fc6c651b2ed@group-42ACBF6EBE4E-FollowerState was interrupted: java.lang.InterruptedException: sleep interrupted
2019-10-17 07:10:48,530 [grpc-default-executor-3] INFO  impl.RoleInfo (RoleInfo.java:updateAndGet(143)) - 0c631657-10a5-4e2a-a322-8fc6c651b2ed: start FollowerState
2019-10-17 07:10:48,530 [grpc-default-executor-7] INFO  impl.RoleInfo (RoleInfo.java:shutdownFollowerState(121)) - 215fceca-0555-458b-bc4f-ba38ff24d5ba: shutdown FollowerState
2019-10-17 07:10:48,531 [grpc-default-executor-7] INFO  impl.RoleInfo (RoleInfo.java:updateAndGet(143)) - 215fceca-0555-458b-bc4f-ba38ff24d5ba: start FollowerState
2019-10-17 07:10:48,531 [Thread-2724] INFO  impl.FollowerState (FollowerState.java:run(117)) - 215fceca-0555-458b-bc4f-ba38ff24d5ba@group-42ACBF6EBE4E-FollowerState was interrupted: java.lang.InterruptedException: sleep interrupted
2019-10-17 07:10:48,556 [decc5551-dd4b-40dc-8ff5-b6b450d67f6f@group-42ACBF6EBE4E-LeaderElection348] INFO  impl.LeaderElection (LeaderElection.java:logAndReturn(56)) - decc5551-dd4b-40dc-8ff5-b6b450d67f6f@group-42ACBF6EBE4E-LeaderElection348: Election REJECTED; received 2 response(s) [decc5551-dd4b-40dc-8ff5-b6b450d67f6f<-215fceca-0555-458b-bc4f-ba38ff24d5ba#0:FAIL-t204, decc5551-dd4b-40dc-8ff5-b6b450d67f6f<-0c631657-10a5-4e2a-a322-8fc6c651b2ed#0:FAIL-t204] and 0 exception(s); decc5551-dd4b-40dc-8ff5-b6b450d67f6f@group-42ACBF6EBE4E:t204, leader=null, voted=decc5551-dd4b-40dc-8ff5-b6b450d67f6f, raftlog=decc5551-dd4b-40dc-8ff5-b6b450d67f6f@group-42ACBF6EBE4E-SegmentedRaftLog:OPENED:c-1,f-1,i0, conf=-1: [215fceca-0555-458b-bc4f-ba38ff24d5ba:192.168.157.211:43803, decc5551-dd4b-40dc-8ff5-b6b450d67f6f:192.168.157.211:34435, 0c631657-10a5-4e2a-a322-8fc6c651b2ed:192.168.157.211:41694], old=null
2019-10-17 07:10:48,556 [decc5551-dd4b-40dc-8ff5-b6b450d67f6f@group-42ACBF6EBE4E-LeaderElection348] INFO  impl.RaftServerImpl (RaftServerImpl.java:setRole(184)) - decc5551-dd4b-40dc-8ff5-b6b450d67f6f@group-42ACBF6EBE4E: changes role from CANDIDATE to FOLLOWER at term 204 for DISCOVERED_A_NEW_TERM
2019-10-17 07:10:48,556 [decc5551-dd4b-40dc-8ff5-b6b450d67f6f@group-42ACBF6EBE4E-LeaderElection348] INFO  impl.RoleInfo (RoleInfo.java:shutdownLeaderElection(134)) - decc5551-dd4b-40dc-8ff5-b6b450d67f6f: shutdown LeaderElection
2019-10-17 07:10:48,557 [decc5551-dd4b-40dc-8ff5-b6b450d67f6f@group-42ACBF6EBE4E-LeaderElection348] INFO  impl.RoleInfo (RoleInfo.java:updateAndGet(143)) - decc5551-dd4b-40dc-8ff5-b6b450d67f6f: start FollowerState
2019-10-17 07:10:48,615 [java.util.concurrent.ThreadPoolExecutor$Worker@234137a4[State = -1, empty queue]] WARN  server.GrpcLogAppender (GrpcLogAppender.java:timeoutAppendRequest(209)) - d31fb603-bc45-4cd2-bfc5-2ee103695b2e@group-A2172F2EE55F->a4e5d14e-95af-4d1f-b670-5b1c42084e26-GrpcLogAppender: appendEntries Timeout, request=d31fb603-bc45-4cd2-bfc5-2ee103695b2e->a4e5d14e-95af-4d1f-b670-5b1c42084e26#62-t3, previous=(t:3, i:20), leaderCommit=20, initializing? false, entries: <empty>
2019-10-17 07:10:48,634 [Thread-2736] INFO  impl.FollowerState (FollowerState.java:run(108)) - decc5551-dd4b-40dc-8ff5-b6b450d67f6f@group-42ACBF6EBE4E-FollowerState: change to CANDIDATE, lastRpcTime:77ms, electionTimeout:77ms
2019-10-17 07:10:48,634 [Thread-2736] INFO  impl.RoleInfo (RoleInfo.java:shutdownFollowerState(121)) - decc5551-dd4b-40dc-8ff5-b6b450d67f6f: shutdown FollowerState
2019-10-17 07:10:48,634 [Thread-2736] INFO  impl.RaftServerImpl (RaftServerImpl.java:setRole(184)) - decc5551-dd4b-40dc-8ff5-b6b450d67f6f@group-42ACBF6EBE4E: changes role from  FOLLOWER to CANDIDATE at term 204 for changeToCandidate
2019-10-17 07:10:48,634 [Thread-2736] INFO  impl.RoleInfo (RoleInfo.java:updateAndGet(143)) - decc5551-dd4b-40dc-8ff5-b6b450d67f6f: start LeaderElection
2019-10-17 07:10:48,661 [decc5551-dd4b-40dc-8ff5-b6b450d67f6f@group-42ACBF6EBE4E-LeaderElection349] INFO  impl.LeaderElection (LeaderElection.java:askForVotes(178)) - decc5551-dd4b-40dc-8ff5-b6b450d67f6f@group-42ACBF6EBE4E-LeaderElection349: begin an election at term 205 for -1: [215fceca-0555-458b-bc4f-ba38ff24d5ba:192.168.157.211:43803, decc5551-dd4b-40dc-8ff5-b6b450d67f6f:192.168.157.211:34435, 0c631657-10a5-4e2a-a322-8fc6c651b2ed:192.168.157.211:41694], old=null
2019-10-17 07:10:48,663 [grpc-default-executor-3] INFO  impl.RaftServerImpl (RaftServerImpl.java:setRole(184)) - 215fceca-0555-458b-bc4f-ba38ff24d5ba@group-42ACBF6EBE4E: changes role from  FOLLOWER to FOLLOWER at term 205 for recognizeCandidate:decc5551-dd4b-40dc-8ff5-b6b450d67f6f
2019-10-17 07:10:48,663 [grpc-default-executor-7] INFO  impl.RaftServerImpl (RaftServerImpl.java:setRole(184)) - 0c631657-10a5-4e2a-a322-8fc6c651b2ed@group-42ACBF6EBE4E: changes role from  FOLLOWER to FOLLOWER at term 205 for recognizeCandidate:decc5551-dd4b-40dc-8ff5-b6b450d67f6f
2019-10-17 07:10:48,664 [grpc-default-executor-7] INFO  impl.RoleInfo (RoleInfo.java:shutdownFollowerState(121)) - 0c631657-10a5-4e2a-a322-8fc6c651b2ed: shutdown FollowerState
2019-10-17 07:10:48,663 [grpc-default-executor-3] INFO  impl.RoleInfo (RoleInfo.java:shutdownFollowerState(121)) - 215fceca-0555-458b-bc4f-ba38ff24d5ba: shutdown FollowerState
2019-10-17 07:10:48,664 [Thread-2734] INFO  impl.FollowerState (FollowerState.java:run(117)) - 0c631657-10a5-4e2a-a322-8fc6c651b2ed@group-42ACBF6EBE4E-FollowerState was interrupted: java.lang.InterruptedException: sleep interrupted
2019-10-17 07:10:48,664 [grpc-default-executor-7] INFO  impl.RoleInfo (RoleInfo.java:updateAndGet(143)) - 0c631657-10a5-4e2a-a322-8fc6c651b2ed: start FollowerState
2019-10-17 07:10:48,664 [Thread-2735] INFO  impl.FollowerState (FollowerState.java:run(117)) - 215fceca-0555-458b-bc4f-ba38ff24d5ba@group-42ACBF6EBE4E-FollowerState was interrupted: java.lang.InterruptedException: sleep interrupted
2019-10-17 07:10:48,664 [grpc-default-executor-3] INFO  impl.RoleInfo (RoleInfo.java:updateAndGet(143)) - 215fceca-0555-458b-bc4f-ba38ff24d5ba: start FollowerState
2019-10-17 07:10:48,690 [decc5551-dd4b-40dc-8ff5-b6b450d67f6f@group-42ACBF6EBE4E-LeaderElection349] INFO  impl.LeaderElection (LeaderElection.java:logAndReturn(56)) - decc5551-dd4b-40dc-8ff5-b6b450d67f6f@group-42ACBF6EBE4E-LeaderElection349: Election REJECTED; received 2 response(s) [decc5551-dd4b-40dc-8ff5-b6b450d67f6f<-215fceca-0555-458b-bc4f-ba38ff24d5ba#0:FAIL-t205, decc5551-dd4b-40dc-8ff5-b6b450d67f6f<-0c631657-10a5-4e2a-a322-8fc6c651b2ed#0:FAIL-t205] and 0 exception(s); decc5551-dd4b-40dc-8ff5-b6b450d67f6f@group-42ACBF6EBE4E:t205, leader=null, voted=decc5551-dd4b-40dc-8ff5-b6b450d67f6f, raftlog=decc5551-dd4b-40dc-8ff5-b6b450d67f6f@group-42ACBF6EBE4E-SegmentedRaftLog:OPENED:c-1,f-1,i0, conf=-1: [215fceca-0555-458b-bc4f-ba38ff24d5ba:192.168.157.211:43803, decc5551-dd4b-40dc-8ff5-b6b450d67f6f:192.168.157.211:34435, 0c631657-10a5-4e2a-a322-8fc6c651b2ed:192.168.157.211:41694], old=null
2019-10-17 07:10:48,690 [decc5551-dd4b-40dc-8ff5-b6b450d67f6f@group-42ACBF6EBE4E-LeaderElection349] INFO  impl.RaftServerImpl (RaftServerImpl.java:setRole(184)) - decc5551-dd4b-40dc-8ff5-b6b450d67f6f@group-42ACBF6EBE4E: changes role from CANDIDATE to FOLLOWER at term 205 for DISCOVERED_A_NEW_TERM
2019-10-17 07:10:48,690 [decc5551-dd4b-40dc-8ff5-b6b450d67f6f@group-42ACBF6EBE4E-LeaderElection349] INFO  impl.RoleInfo (RoleInfo.java:shutdownLeaderElection(134)) - decc5551-dd4b-40dc-8ff5-b6b450d67f6f: shutdown LeaderElection
2019-10-17 07:10:48,691 [decc5551-dd4b-40dc-8ff5-b6b450d67f6f@group-42ACBF6EBE4E-LeaderElection349] INFO  impl.RoleInfo (RoleInfo.java:updateAndGet(143)) - decc5551-dd4b-40dc-8ff5-b6b450d67f6f: start FollowerState
2019-10-17 07:10:48,842 [Thread-2743] INFO  impl.FollowerState (FollowerState.java:run(108)) - decc5551-dd4b-40dc-8ff5-b6b450d67f6f@group-42ACBF6EBE4E-FollowerState: change to CANDIDATE, lastRpcTime:151ms, electionTimeout:151ms
2019-10-17 07:10:48,843 [Thread-2743] INFO  impl.RoleInfo (RoleInfo.java:shutdownFollowerState(121)) - decc5551-dd4b-40dc-8ff5-b6b450d67f6f: shutdown FollowerState
2019-10-17 07:10:48,843 [Thread-2743] INFO  impl.RaftServerImpl (RaftServerImpl.java:setRole(184)) - decc5551-dd4b-40dc-8ff5-b6b450d67f6f@group-42ACBF6EBE4E: changes role from  FOLLOWER to CANDIDATE at term 205 for changeToCandidate
2019-10-17 07:10:48,843 [Thread-2743] INFO  impl.RoleInfo (RoleInfo.java:updateAndGet(143)) - decc5551-dd4b-40dc-8ff5-b6b450d67f6f: start LeaderElection
2019-10-17 07:10:48,857 [decc5551-dd4b-40dc-8ff5-b6b450d67f6f@group-42ACBF6EBE4E-LeaderElection350] INFO  impl.LeaderElection (LeaderElection.java:askForVotes(178)) - decc5551-dd4b-40dc-8ff5-b6b450d67f6f@group-42ACBF6EBE4E-LeaderElection350: begin an election at term 206 for -1: [215fceca-0555-458b-bc4f-ba38ff24d5ba:192.168.157.211:43803, decc5551-dd4b-40dc-8ff5-b6b450d67f6f:192.168.157.211:34435, 0c631657-10a5-4e2a-a322-8fc6c651b2ed:192.168.157.211:41694], old=null
2019-10-17 07:10:48,861 [grpc-default-executor-3] INFO  impl.RaftServerImpl (RaftServerImpl.java:setRole(184)) - 0c631657-10a5-4e2a-a322-8fc6c651b2ed@group-42ACBF6EBE4E: changes role from  FOLLOWER to FOLLOWER at term 206 for recognizeCandidate:decc5551-dd4b-40dc-8ff5-b6b450d67f6f
2019-10-17 07:10:48,861 [grpc-default-executor-3] INFO  impl.RoleInfo (RoleInfo.java:shutdownFollowerState(121)) - 0c631657-10a5-4e2a-a322-8fc6c651b2ed: shutdown FollowerState
2019-10-17 07:10:48,861 [grpc-default-executor-7] INFO  impl.RaftServerImpl (RaftServerImpl.java:setRole(184)) - 215fceca-0555-458b-bc4f-ba38ff24d5ba@group-42ACBF6EBE4E: changes role from  FOLLOWER to FOLLOWER at term 206 for recognizeCandidate:decc5551-dd4b-40dc-8ff5-b6b450d67f6f
2019-10-17 07:10:48,861 [Thread-2741] INFO  impl.FollowerState (FollowerState.java:run(117)) - 0c631657-10a5-4e2a-a322-8fc6c651b2ed@group-42ACBF6EBE4E-FollowerState was interrupted: java.lang.InterruptedException: sleep interrupted
2019-10-17 07:10:48,861 [grpc-default-executor-3] INFO  impl.RoleInfo (RoleInfo.java:updateAndGet(143)) - 0c631657-10a5-4e2a-a322-8fc6c651b2ed: start FollowerState
2019-10-17 07:10:48,861 [grpc-default-executor-7] INFO  impl.RoleInfo (RoleInfo.java:shutdownFollowerState(121)) - 215fceca-0555-458b-bc4f-ba38ff24d5ba: shutdown FollowerState
2019-10-17 07:10:48,862 [grpc-default-executor-7] INFO  impl.RoleInfo (RoleInfo.java:updateAndGet(143)) - 215fceca-0555-458b-bc4f-ba38ff24d5ba: start FollowerState
2019-10-17 07:10:48,862 [Thread-2742] INFO  impl.FollowerState (FollowerState.java:run(117)) - 215fceca-0555-458b-bc4f-ba38ff24d5ba@group-42ACBF6EBE4E-FollowerState was interrupted: java.lang.InterruptedException: sleep interrupted
2019-10-17 07:10:48,872 [decc5551-dd4b-40dc-8ff5-b6b450d67f6f@group-42ACBF6EBE4E-LeaderElection350] INFO  impl.LeaderElection (LeaderElection.java:logAndReturn(56)) - decc5551-dd4b-40dc-8ff5-b6b450d67f6f@group-42ACBF6EBE4E-LeaderElection350: Election TIMEOUT; received 0 response(s) [] and 0 exception(s); decc5551-dd4b-40dc-8ff5-b6b450d67f6f@group-42ACBF6EBE4E:t206, leader=null, voted=decc5551-dd4b-40dc-8ff5-b6b450d67f6f, raftlog=decc5551-dd4b-40dc-8ff5-b6b450d67f6f@group-42ACBF6EBE4E-SegmentedRaftLog:OPENED:c-1,f-1,i0, conf=-1: [215fceca-0555-458b-bc4f-ba38ff24d5ba:192.168.157.211:43803, decc5551-dd4b-40dc-8ff5-b6b450d67f6f:192.168.157.211:34435, 0c631657-10a5-4e2a-a322-8fc6c651b2ed:192.168.157.211:41694], old=null
2019-10-17 07:10:48,888 [decc5551-dd4b-40dc-8ff5-b6b450d67f6f@group-42ACBF6EBE4E-LeaderElection350] INFO  impl.LeaderElection (LeaderElection.java:askForVotes(178)) - decc5551-dd4b-40dc-8ff5-b6b450d67f6f@group-42ACBF6EBE4E-LeaderElection350: begin an election at term 207 for -1: [215fceca-0555-458b-bc4f-ba38ff24d5ba:192.168.157.211:43803, decc5551-dd4b-40dc-8ff5-b6b450d67f6f:192.168.157.211:34435, 0c631657-10a5-4e2a-a322-8fc6c651b2ed:192.168.157.211:41694], old=null
2019-10-17 07:10:48,890 [grpc-default-executor-7] INFO  impl.RaftServerImpl (RaftServerImpl.java:setRole(184)) - 215fceca-0555-458b-bc4f-ba38ff24d5ba@group-42ACBF6EBE4E: changes role from  FOLLOWER to FOLLOWER at term 207 for recognizeCandidate:decc5551-dd4b-40dc-8ff5-b6b450d67f6f
2019-10-17 07:10:48,890 [grpc-default-executor-7] INFO  impl.RoleInfo (RoleInfo.java:shutdownFollowerState(121)) - 215fceca-0555-458b-bc4f-ba38ff24d5ba: shutdown FollowerState
2019-10-17 07:10:48,890 [grpc-default-executor-7] INFO  impl.RoleInfo (RoleInfo.java:updateAndGet(143)) - 215fceca-0555-458b-bc4f-ba38ff24d5ba: start FollowerState
2019-10-17 07:10:48,890 [Thread-2748] INFO  impl.FollowerState (FollowerState.java:run(117)) - 215fceca-0555-458b-bc4f-ba38ff24d5ba@group-42ACBF6EBE4E-FollowerState was interrupted: java.lang.InterruptedException: sleep interrupted
2019-10-17 07:10:48,891 [grpc-default-executor-3] INFO  impl.RaftServerImpl (RaftServerImpl.java:setRole(184)) - 0c631657-10a5-4e2a-a322-8fc6c651b2ed@group-42ACBF6EBE4E: changes role from  FOLLOWER to FOLLOWER at term 207 for recognizeCandidate:decc5551-dd4b-40dc-8ff5-b6b450d67f6f
2019-10-17 07:10:48,891 [grpc-default-executor-3] INFO  impl.RoleInfo (RoleInfo.java:shutdownFollowerState(121)) - 0c631657-10a5-4e2a-a322-8fc6c651b2ed: shutdown FollowerState
2019-10-17 07:10:48,891 [grpc-default-executor-3] INFO  impl.RoleInfo (RoleInfo.java:updateAndGet(143)) - 0c631657-10a5-4e2a-a322-8fc6c651b2ed: start FollowerState
2019-10-17 07:10:48,891 [Thread-2747] INFO  impl.FollowerState (FollowerState.java:run(117)) - 0c631657-10a5-4e2a-a322-8fc6c651b2ed@group-42ACBF6EBE4E-FollowerState was interrupted: java.lang.InterruptedException: sleep interrupted
2019-10-17 07:10:48,912 [decc5551-dd4b-40dc-8ff5-b6b450d67f6f@group-42ACBF6EBE4E-LeaderElection350] INFO  impl.LeaderElection (LeaderElection.java:logAndReturn(56)) - decc5551-dd4b-40dc-8ff5-b6b450d67f6f@group-42ACBF6EBE4E-LeaderElection350: Election REJECTED; received 2 response(s) [decc5551-dd4b-40dc-8ff5-b6b450d67f6f<-215fceca-0555-458b-bc4f-ba38ff24d5ba#0:FAIL-t207, decc5551-dd4b-40dc-8ff5-b6b450d67f6f<-0c631657-10a5-4e2a-a322-8fc6c651b2ed#0:FAIL-t207] and 0 exception(s); decc5551-dd4b-40dc-8ff5-b6b450d67f6f@group-42ACBF6EBE4E:t207, leader=null, voted=decc5551-dd4b-40dc-8ff5-b6b450d67f6f, raftlog=decc5551-dd4b-40dc-8ff5-b6b450d67f6f@group-42ACBF6EBE4E-SegmentedRaftLog:OPENED:c-1,f-1,i0, conf=-1: [215fceca-0555-458b-bc4f-ba38ff24d5ba:192.168.157.211:43803, decc5551-dd4b-40dc-8ff5-b6b450d67f6f:192.168.157.211:34435, 0c631657-10a5-4e2a-a322-8fc6c651b2ed:192.168.157.211:41694], old=null
2019-10-17 07:10:48,912 [decc5551-dd4b-40dc-8ff5-b6b450d67f6f@group-42ACBF6EBE4E-LeaderElection350] INFO  impl.RaftServerImpl (RaftServerImpl.java:setRole(184)) - decc5551-dd4b-40dc-8ff5-b6b450d67f6f@group-42ACBF6EBE4E: changes role from CANDIDATE to FOLLOWER at term 207 for DISCOVERED_A_NEW_TERM
2019-10-17 07:10:48,912 [decc5551-dd4b-40dc-8ff5-b6b450d67f6f@group-42ACBF6EBE4E-LeaderElection350] INFO  impl.RoleInfo (RoleInfo.java:shutdownLeaderElection(134)) - decc5551-dd4b-40dc-8ff5-b6b450d67f6f: shutdown LeaderElection
2019-10-17 07:10:48,912 [decc5551-dd4b-40dc-8ff5-b6b450d67f6f@group-42ACBF6EBE4E-LeaderElection350] INFO  impl.RoleInfo (RoleInfo.java:updateAndGet(143)) - decc5551-dd4b-40dc-8ff5-b6b450d67f6f: start FollowerState
2019-10-17 07:10:48,934 [Thread-2753] INFO  impl.FollowerState (FollowerState.java:run(108)) - decc5551-dd4b-40dc-8ff5-b6b450d67f6f@group-42ACBF6EBE4E-FollowerState: change to CANDIDATE, lastRpcTime:21ms, electionTimeout:21ms
2019-10-17 07:10:48,934 [Thread-2753] INFO  impl.RoleInfo (RoleInfo.java:shutdownFollowerState(121)) - decc5551-dd4b-40dc-8ff5-b6b450d67f6f: shutdown FollowerState
2019-10-17 07:10:48,934 [Thread-2753] INFO  impl.RaftServerImpl (RaftServerImpl.java:setRole(184)) - decc5551-dd4b-40dc-8ff5-b6b450d67f6f@group-42ACBF6EBE4E: changes role from  FOLLOWER to CANDIDATE at term 207 for changeToCandidate
2019-10-17 07:10:48,934 [Thread-2753] INFO  impl.RoleInfo (RoleInfo.java:updateAndGet(143)) - decc5551-dd4b-40dc-8ff5-b6b450d67f6f: start LeaderElection
2019-10-17 07:10:48,951 [decc5551-dd4b-40dc-8ff5-b6b450d67f6f@group-42ACBF6EBE4E-LeaderElection351] INFO  impl.LeaderElection (LeaderElection.java:askForVotes(178)) - decc5551-dd4b-40dc-8ff5-b6b450d67f6f@group-42ACBF6EBE4E-LeaderElection351: begin an election at term 208 for -1: [215fceca-0555-458b-bc4f-ba38ff24d5ba:192.168.157.211:43803, decc5551-dd4b-40dc-8ff5-b6b450d67f6f:192.168.157.211:34435, 0c631657-10a5-4e2a-a322-8fc6c651b2ed:192.168.157.211:41694], old=null
2019-10-17 07:10:48,952 [grpc-default-executor-3] INFO  impl.RaftServerImpl (RaftServerImpl.java:setRole(184)) - 215fceca-0555-458b-bc4f-ba38ff24d5ba@group-42ACBF6EBE4E: changes role from  FOLLOWER to FOLLOWER at term 208 for recognizeCandidate:decc5551-dd4b-40dc-8ff5-b6b450d67f6f
2019-10-17 07:10:48,953 [grpc-default-executor-7] INFO  impl.RaftServerImpl (RaftServerImpl.java:setRole(184)) - 0c631657-10a5-4e2a-a322-8fc6c651b2ed@group-42ACBF6EBE4E: changes role from  FOLLOWER to FOLLOWER at term 208 for recognizeCandidate:decc5551-dd4b-40dc-8ff5-b6b450d67f6f
2019-10-17 07:10:48,953 [grpc-default-executor-3] INFO  impl.RoleInfo (RoleInfo.java:shutdownFollowerState(121)) - 215fceca-0555-458b-bc4f-ba38ff24d5ba: shutdown FollowerState
2019-10-17 07:10:48,953 [grpc-default-executor-7] INFO  impl.RoleInfo (RoleInfo.java:shutdownFollowerState(121)) - 0c631657-10a5-4e2a-a322-8fc6c651b2ed: shutdown FollowerState
2019-10-17 07:10:48,953 [Thread-2751] INFO  impl.FollowerState (FollowerState.java:run(117)) - 215fceca-0555-458b-bc4f-ba38ff24d5ba@group-42ACBF6EBE4E-FollowerState was interrupted: java.lang.InterruptedException: sleep interrupted
2019-10-17 07:10:48,953 [grpc-default-executor-3] INFO  impl.RoleInfo (RoleInfo.java:updateAndGet(143)) - 215fceca-0555-458b-bc4f-ba38ff24d5ba: start FollowerState
2019-10-17 07:10:48,953 [Thread-2752] INFO  impl.FollowerState (FollowerState.java:run(117)) - 0c631657-10a5-4e2a-a322-8fc6c651b2ed@group-42ACBF6EBE4E-FollowerState was interrupted: java.lang.InterruptedException: sleep interrupted
2019-10-17 07:10:48,953 [grpc-default-executor-7] INFO  impl.RoleInfo (RoleInfo.java:updateAndGet(143)) - 0c631657-10a5-4e2a-a322-8fc6c651b2ed: start FollowerState
2019-10-17 07:10:48,969 [decc5551-dd4b-40dc-8ff5-b6b450d67f6f@group-42ACBF6EBE4E-LeaderElection351] INFO  impl.LeaderElection (LeaderElection.java:logAndReturn(56)) - decc5551-dd4b-40dc-8ff5-b6b450d67f6f@group-42ACBF6EBE4E-LeaderElection351: Election REJECTED; received 2 response(s) [decc5551-dd4b-40dc-8ff5-b6b450d67f6f<-215fceca-0555-458b-bc4f-ba38ff24d5ba#0:FAIL-t208, decc5551-dd4b-40dc-8ff5-b6b450d67f6f<-0c631657-10a5-4e2a-a322-8fc6c651b2ed#0:FAIL-t208] and 0 exception(s); decc5551-dd4b-40dc-8ff5-b6b450d67f6f@group-42ACBF6EBE4E:t208, leader=null, voted=decc5551-dd4b-40dc-8ff5-b6b450d67f6f, raftlog=decc5551-dd4b-40dc-8ff5-b6b450d67f6f@group-42ACBF6EBE4E-SegmentedRaftLog:OPENED:c-1,f-1,i0, conf=-1: [215fceca-0555-458b-bc4f-ba38ff24d5ba:192.168.157.211:43803, decc5551-dd4b-40dc-8ff5-b6b450d67f6f:192.168.157.211:34435, 0c631657-10a5-4e2a-a322-8fc6c651b2ed:192.168.157.211:41694], old=null
2019-10-17 07:10:48,969 [decc5551-dd4b-40dc-8ff5-b6b450d67f6f@group-42ACBF6EBE4E-LeaderElection351] INFO  impl.RaftServerImpl (RaftServerImpl.java:setRole(184)) - decc5551-dd4b-40dc-8ff5-b6b450d67f6f@group-42ACBF6EBE4E: changes role from CANDIDATE to FOLLOWER at term 208 for DISCOVERED_A_NEW_TERM
2019-10-17 07:10:48,969 [decc5551-dd4b-40dc-8ff5-b6b450d67f6f@group-42ACBF6EBE4E-LeaderElection351] INFO  impl.RoleInfo (RoleInfo.java:shutdownLeaderElection(134)) - decc5551-dd4b-40dc-8ff5-b6b450d67f6f: shutdown LeaderElection
2019-10-17 07:10:48,969 [decc5551-dd4b-40dc-8ff5-b6b450d67f6f@group-42ACBF6EBE4E-LeaderElection351] INFO  impl.RoleInfo (RoleInfo.java:updateAndGet(143)) - decc5551-dd4b-40dc-8ff5-b6b450d67f6f: start FollowerState
2019-10-17 07:10:48,974 [Thread-2759] INFO  impl.FollowerState (FollowerState.java:run(108)) - decc5551-dd4b-40dc-8ff5-b6b450d67f6f@group-42ACBF6EBE4E-FollowerState: change to CANDIDATE, lastRpcTime:4ms, electionTimeout:4ms
2019-10-17 07:10:48,974 [Thread-2759] INFO  impl.RoleInfo (RoleInfo.java:shutdownFollowerState(121)) - decc5551-dd4b-40dc-8ff5-b6b450d67f6f: shutdown FollowerState
2019-10-17 07:10:48,974 [Thread-2759] INFO  impl.RaftServerImpl (RaftServerImpl.java:setRole(184)) - decc5551-dd4b-40dc-8ff5-b6b450d67f6f@group-42ACBF6EBE4E: changes role from  FOLLOWER to CANDIDATE at term 208 for changeToCandidate
2019-10-17 07:10:48,974 [Thread-2759] INFO  impl.RoleInfo (RoleInfo.java:updateAndGet(143)) - decc5551-dd4b-40dc-8ff5-b6b450d67f6f: start LeaderElection
2019-10-17 07:10:48,998 [decc5551-dd4b-40dc-8ff5-b6b450d67f6f@group-42ACBF6EBE4E-LeaderElection352] INFO  impl.LeaderElection (LeaderElection.java:askForVotes(178)) - decc5551-dd4b-40dc-8ff5-b6b450d67f6f@group-42ACBF6EBE4E-LeaderElection352: begin an election at term 209 for -1: [215fceca-0555-458b-bc4f-ba38ff24d5ba:192.168.157.211:43803, decc5551-dd4b-40dc-8ff5-b6b450d67f6f:192.168.157.211:34435, 0c631657-10a5-4e2a-a322-8fc6c651b2ed:192.168.157.211:41694], old=null
2019-10-17 07:10:49,000 [grpc-default-executor-7] INFO  impl.RaftServerImpl (RaftServerImpl.java:setRole(184)) - 215fceca-0555-458b-bc4f-ba38ff24d5ba@group-42ACBF6EBE4E: changes role from  FOLLOWER to FOLLOWER at term 209 for recognizeCandidate:decc5551-dd4b-40dc-8ff5-b6b450d67f6f
2019-10-17 07:10:49,000 [grpc-default-executor-7] INFO  impl.RoleInfo (RoleInfo.java:shutdownFollowerState(121)) - 215fceca-0555-458b-bc4f-ba38ff24d5ba: shutdown FollowerState
2019-10-17 07:10:49,000 [grpc-default-executor-3] INFO  impl.RaftServerImpl (RaftServerImpl.java:setRole(184)) - 0c631657-10a5-4e2a-a322-8fc6c651b2ed@group-42ACBF6EBE4E: changes role from  FOLLOWER to FOLLOWER at term 209 for recognizeCandidate:decc5551-dd4b-40dc-8ff5-b6b450d67f6f
2019-10-17 07:10:49,001 [grpc-default-executor-3] INFO  impl.RoleInfo (RoleInfo.java:shutdownFollowerState(121)) - 0c631657-10a5-4e2a-a322-8fc6c651b2ed: shutdown FollowerState
2019-10-17 07:10:49,001 [Thread-2757] INFO  impl.FollowerState (FollowerState.java:run(117)) - 215fceca-0555-458b-bc4f-ba38ff24d5ba@group-42ACBF6EBE4E-FollowerState was interrupted: java.lang.InterruptedException: sleep interrupted
2019-10-17 07:10:49,001 [grpc-default-executor-7] INFO  impl.RoleInfo (RoleInfo.java:updateAndGet(143)) - 215fceca-0555-458b-bc4f-ba38ff24d5ba: start FollowerState
2019-10-17 07:10:49,001 [Thread-2758] INFO  impl.FollowerState (FollowerState.java:run(117)) - 0c631657-10a5-4e2a-a322-8fc6c651b2ed@group-42ACBF6EBE4E-FollowerState was interrupted: java.lang.InterruptedException: sleep interrupted
2019-10-17 07:10:49,001 [grpc-default-executor-3] INFO  impl.RoleInfo (RoleInfo.java:updateAndGet(143)) - 0c631657-10a5-4e2a-a322-8fc6c651b2ed: start FollowerState
2019-10-17 07:10:49,017 [decc5551-dd4b-40dc-8ff5-b6b450d67f6f@group-42ACBF6EBE4E-LeaderElection352] INFO  impl.LeaderElection (LeaderElection.java:logAndReturn(56)) - decc5551-dd4b-40dc-8ff5-b6b450d67f6f@group-42ACBF6EBE4E-LeaderElection352: Election REJECTED; received 2 response(s) [decc5551-dd4b-40dc-8ff5-b6b450d67f6f<-215fceca-0555-458b-bc4f-ba38ff24d5ba#0:FAIL-t209, decc5551-dd4b-40dc-8ff5-b6b450d67f6f<-0c631657-10a5-4e2a-a322-8fc6c651b2ed#0:FAIL-t209] and 0 exception(s); decc5551-dd4b-40dc-8ff5-b6b450d67f6f@group-42ACBF6EBE4E:t209, leader=null, voted=decc5551-dd4b-40dc-8ff5-b6b450d67f6f, raftlog=decc5551-dd4b-40dc-8ff5-b6b450d67f6f@group-42ACBF6EBE4E-SegmentedRaftLog:OPENED:c-1,f-1,i0, conf=-1: [215fceca-0555-458b-bc4f-ba38ff24d5ba:192.168.157.211:43803, decc5551-dd4b-40dc-8ff5-b6b450d67f6f:192.168.157.211:34435, 0c631657-10a5-4e2a-a322-8fc6c651b2ed:192.168.157.211:41694], old=null
2019-10-17 07:10:49,017 [decc5551-dd4b-40dc-8ff5-b6b450d67f6f@group-42ACBF6EBE4E-LeaderElection352] INFO  impl.RaftServerImpl (RaftServerImpl.java:setRole(184)) - decc5551-dd4b-40dc-8ff5-b6b450d67f6f@group-42ACBF6EBE4E: changes role from CANDIDATE to FOLLOWER at term 209 for DISCOVERED_A_NEW_TERM
2019-10-17 07:10:49,017 [decc5551-dd4b-40dc-8ff5-b6b450d67f6f@group-42ACBF6EBE4E-LeaderElection352] INFO  impl.RoleInfo (RoleInfo.java:shutdownLeaderElection(134)) - decc5551-dd4b-40dc-8ff5-b6b450d67f6f: shutdown LeaderElection
2019-10-17 07:10:49,017 [decc5551-dd4b-40dc-8ff5-b6b450d67f6f@group-42ACBF6EBE4E-LeaderElection352] INFO  impl.RoleInfo (RoleInfo.java:updateAndGet(143)) - decc5551-dd4b-40dc-8ff5-b6b450d67f6f: start FollowerState
2019-10-17 07:10:49,091 [Thread-2765] INFO  impl.FollowerState (FollowerState.java:run(108)) - decc5551-dd4b-40dc-8ff5-b6b450d67f6f@group-42ACBF6EBE4E-FollowerState: change to CANDIDATE, lastRpcTime:74ms, electionTimeout:74ms
2019-10-17 07:10:49,092 [Thread-2765] INFO  impl.RoleInfo (RoleInfo.java:shutdownFollowerState(121)) - decc5551-dd4b-40dc-8ff5-b6b450d67f6f: shutdown FollowerState
2019-10-17 07:10:49,092 [Thread-2765] INFO  impl.RaftServerImpl (RaftServerImpl.java:setRole(184)) - decc5551-dd4b-40dc-8ff5-b6b450d67f6f@group-42ACBF6EBE4E: changes role from  FOLLOWER to CANDIDATE at term 209 for changeToCandidate
2019-10-17 07:10:49,092 [Thread-2765] INFO  impl.RoleInfo (RoleInfo.java:updateAndGet(143)) - decc5551-dd4b-40dc-8ff5-b6b450d67f6f: start LeaderElection
2019-10-17 07:10:49,106 [decc5551-dd4b-40dc-8ff5-b6b450d67f6f@group-42ACBF6EBE4E-LeaderElection353] INFO  impl.LeaderElection (LeaderElection.java:askForVotes(178)) - decc5551-dd4b-40dc-8ff5-b6b450d67f6f@group-42ACBF6EBE4E-LeaderElection353: begin an election at term 210 for -1: [215fceca-0555-458b-bc4f-ba38ff24d5ba:192.168.157.211:43803, decc5551-dd4b-40dc-8ff5-b6b450d67f6f:192.168.157.211:34435, 0c631657-10a5-4e2a-a322-8fc6c651b2ed:192.168.157.211:41694], old=null
2019-10-17 07:10:49,108 [grpc-default-executor-7] INFO  impl.RaftServerImpl (RaftServerImpl.java:setRole(184)) - 215fceca-0555-458b-bc4f-ba38ff24d5ba@group-42ACBF6EBE4E: changes role from  FOLLOWER to FOLLOWER at term 210 for recognizeCandidate:decc5551-dd4b-40dc-8ff5-b6b450d67f6f
2019-10-17 07:10:49,108 [grpc-default-executor-7] INFO  impl.RoleInfo (RoleInfo.java:shutdownFollowerState(121)) - 215fceca-0555-458b-bc4f-ba38ff24d5ba: shutdown FollowerState
2019-10-17 07:10:49,109 [grpc-default-executor-7] INFO  impl.RoleInfo (RoleInfo.java:updateAndGet(143)) - 215fceca-0555-458b-bc4f-ba38ff24d5ba: start FollowerState
2019-10-17 07:10:49,109 [grpc-default-executor-3] INFO  impl.RaftServerImpl (RaftServerImpl.java:setRole(184)) - 0c631657-10a5-4e2a-a322-8fc6c651b2ed@group-42ACBF6EBE4E: changes role from  FOLLOWER to FOLLOWER at term 210 for recognizeCandidate:decc5551-dd4b-40dc-8ff5-b6b450d67f6f
2019-10-17 07:10:49,109 [grpc-default-executor-3] INFO  impl.RoleInfo (RoleInfo.java:shutdownFollowerState(121)) - 0c631657-10a5-4e2a-a322-8fc6c651b2ed: shutdown FollowerState
2019-10-17 07:10:49,109 [Thread-2763] INFO  impl.FollowerState (FollowerState.java:run(117)) - 215fceca-0555-458b-bc4f-ba38ff24d5ba@group-42ACBF6EBE4E-FollowerState was interrupted: java.lang.InterruptedException: sleep interrupted
2019-10-17 07:10:49,109 [Thread-2764] INFO  impl.FollowerState (FollowerState.java:run(117)) - 0c631657-10a5-4e2a-a322-8fc6c651b2ed@group-42ACBF6EBE4E-FollowerState was interrupted: java.lang.InterruptedException: sleep interrupted
2019-10-17 07:10:49,109 [grpc-default-executor-3] INFO  impl.RoleInfo (RoleInfo.java:updateAndGet(143)) - 0c631657-10a5-4e2a-a322-8fc6c651b2ed: start FollowerState
2019-10-17 07:10:49,113 [decc5551-dd4b-40dc-8ff5-b6b450d67f6f@group-42ACBF6EBE4E-LeaderElection353] INFO  impl.LeaderElection (LeaderElection.java:logAndReturn(56)) - decc5551-dd4b-40dc-8ff5-b6b450d67f6f@group-42ACBF6EBE4E-LeaderElection353: Election TIMEOUT; received 0 response(s) [] and 0 exception(s); decc5551-dd4b-40dc-8ff5-b6b450d67f6f@group-42ACBF6EBE4E:t210, leader=null, voted=decc5551-dd4b-40dc-8ff5-b6b450d67f6f, raftlog=decc5551-dd4b-40dc-8ff5-b6b450d67f6f@group-42ACBF6EBE4E-SegmentedRaftLog:OPENED:c-1,f-1,i0, conf=-1: [215fceca-0555-458b-bc4f-ba38ff24d5ba:192.168.157.211:43803, decc5551-dd4b-40dc-8ff5-b6b450d67f6f:192.168.157.211:34435, 0c631657-10a5-4e2a-a322-8fc6c651b2ed:192.168.157.211:41694], old=null
2019-10-17 07:10:49,115 [java.util.concurrent.ThreadPoolExecutor$Worker@234137a4[State = -1, empty queue]] WARN  server.GrpcLogAppender (GrpcLogAppender.java:timeoutAppendRequest(209)) - d31fb603-bc45-4cd2-bfc5-2ee103695b2e@group-A2172F2EE55F->a4e5d14e-95af-4d1f-b670-5b1c42084e26-GrpcLogAppender: appendEntries Timeout, request=d31fb603-bc45-4cd2-bfc5-2ee103695b2e->a4e5d14e-95af-4d1f-b670-5b1c42084e26#63-t3, previous=(t:3, i:20), leaderCommit=20, initializing? false, entries: <empty>
2019-10-17 07:10:49,134 [decc5551-dd4b-40dc-8ff5-b6b450d67f6f@group-42ACBF6EBE4E-LeaderElection353] INFO  impl.LeaderElection (LeaderElection.java:askForVotes(178)) - decc5551-dd4b-40dc-8ff5-b6b450d67f6f@group-42ACBF6EBE4E-LeaderElection353: begin an election at term 211 for -1: [215fceca-0555-458b-bc4f-ba38ff24d5ba:192.168.157.211:43803, decc5551-dd4b-40dc-8ff5-b6b450d67f6f:192.168.157.211:34435, 0c631657-10a5-4e2a-a322-8fc6c651b2ed:192.168.157.211:41694], old=null
2019-10-17 07:10:49,135 [grpc-default-executor-7] INFO  impl.RaftServerImpl (RaftServerImpl.java:setRole(184)) - 215fceca-0555-458b-bc4f-ba38ff24d5ba@group-42ACBF6EBE4E: changes role from  FOLLOWER to FOLLOWER at term 211 for recognizeCandidate:decc5551-dd4b-40dc-8ff5-b6b450d67f6f
2019-10-17 07:10:49,135 [grpc-default-executor-7] INFO  impl.RoleInfo (RoleInfo.java:shutdownFollowerState(121)) - 215fceca-0555-458b-bc4f-ba38ff24d5ba: shutdown FollowerState
2019-10-17 07:10:49,135 [grpc-default-executor-3] INFO  impl.RaftServerImpl (RaftServerImpl.java:setRole(184)) - 0c631657-10a5-4e2a-a322-8fc6c651b2ed@group-42ACBF6EBE4E: changes role from  FOLLOWER to FOLLOWER at term 211 for recognizeCandidate:decc5551-dd4b-40dc-8ff5-b6b450d67f6f
2019-10-17 07:10:49,136 [grpc-default-executor-3] INFO  impl.RoleInfo (RoleInfo.java:shutdownFollowerState(121)) - 0c631657-10a5-4e2a-a322-8fc6c651b2ed: shutdown FollowerState
2019-10-17 07:10:49,135 [Thread-2769] INFO  impl.FollowerState (FollowerState.java:run(117)) - 215fceca-0555-458b-bc4f-ba38ff24d5ba@group-42ACBF6EBE4E-FollowerState was interrupted: java.lang.InterruptedException: sleep interrupted
2019-10-17 07:10:49,135 [grpc-default-executor-7] INFO  impl.RoleInfo (RoleInfo.java:updateAndGet(143)) - 215fceca-0555-458b-bc4f-ba38ff24d5ba: start FollowerState
2019-10-17 07:10:49,136 [Thread-2770] INFO  impl.FollowerState (FollowerState.java:run(117)) - 0c631657-10a5-4e2a-a322-8fc6c651b2ed@group-42ACBF6EBE4E-FollowerState was interrupted: java.lang.InterruptedException: sleep interrupted
2019-10-17 07:10:49,136 [grpc-default-executor-3] INFO  impl.RoleInfo (RoleInfo.java:updateAndGet(143)) - 0c631657-10a5-4e2a-a322-8fc6c651b2ed: start FollowerState
2019-10-17 07:10:49,159 [decc5551-dd4b-40dc-8ff5-b6b450d67f6f@group-42ACBF6EBE4E-LeaderElection353] INFO  impl.LeaderElection (LeaderElection.java:logAndReturn(56)) - decc5551-dd4b-40dc-8ff5-b6b450d67f6f@group-42ACBF6EBE4E-LeaderElection353: Election REJECTED; received 2 response(s) [decc5551-dd4b-40dc-8ff5-b6b450d67f6f<-215fceca-0555-458b-bc4f-ba38ff24d5ba#0:FAIL-t211, decc5551-dd4b-40dc-8ff5-b6b450d67f6f<-0c631657-10a5-4e2a-a322-8fc6c651b2ed#0:FAIL-t211] and 0 exception(s); decc5551-dd4b-40dc-8ff5-b6b450d67f6f@group-42ACBF6EBE4E:t211, leader=null, voted=decc5551-dd4b-40dc-8ff5-b6b450d67f6f, raftlog=decc5551-dd4b-40dc-8ff5-b6b450d67f6f@group-42ACBF6EBE4E-SegmentedRaftLog:OPENED:c-1,f-1,i0, conf=-1: [215fceca-0555-458b-bc4f-ba38ff24d5ba:192.168.157.211:43803, decc5551-dd4b-40dc-8ff5-b6b450d67f6f:192.168.157.211:34435, 0c631657-10a5-4e2a-a322-8fc6c651b2ed:192.168.157.211:41694], old=null
2019-10-17 07:10:49,159 [decc5551-dd4b-40dc-8ff5-b6b450d67f6f@group-42ACBF6EBE4E-LeaderElection353] INFO  impl.RaftServerImpl (RaftServerImpl.java:setRole(184)) - decc5551-dd4b-40dc-8ff5-b6b450d67f6f@group-42ACBF6EBE4E: changes role from CANDIDATE to FOLLOWER at term 211 for DISCOVERED_A_NEW_TERM
2019-10-17 07:10:49,159 [decc5551-dd4b-40dc-8ff5-b6b450d67f6f@group-42ACBF6EBE4E-LeaderElection353] INFO  impl.RoleInfo (RoleInfo.java:shutdownLeaderElection(134)) - decc5551-dd4b-40dc-8ff5-b6b450d67f6f: shutdown LeaderElection
2019-10-17 07:10:49,159 [decc5551-dd4b-40dc-8ff5-b6b450d67f6f@group-42ACBF6EBE4E-LeaderElection353] INFO  impl.RoleInfo (RoleInfo.java:updateAndGet(143)) - decc5551-dd4b-40dc-8ff5-b6b450d67f6f: start FollowerState
2019-10-17 07:10:49,341 [Thread-2776] INFO  impl.FollowerState (FollowerState.java:run(108)) - decc5551-dd4b-40dc-8ff5-b6b450d67f6f@group-42ACBF6EBE4E-FollowerState: change to CANDIDATE, lastRpcTime:182ms, electionTimeout:182ms
2019-10-17 07:10:49,342 [Thread-2776] INFO  impl.RoleInfo (RoleInfo.java:shutdownFollowerState(121)) - decc5551-dd4b-40dc-8ff5-b6b450d67f6f: shutdown FollowerState
2019-10-17 07:10:49,342 [Thread-2776] INFO  impl.RaftServerImpl (RaftServerImpl.java:setRole(184)) - decc5551-dd4b-40dc-8ff5-b6b450d67f6f@group-42ACBF6EBE4E: changes role from  FOLLOWER to CANDIDATE at term 211 for changeToCandidate
2019-10-17 07:10:49,342 [Thread-2776] INFO  impl.RoleInfo (RoleInfo.java:updateAndGet(143)) - decc5551-dd4b-40dc-8ff5-b6b450d67f6f: start LeaderElection
2019-10-17 07:10:49,348 [decc5551-dd4b-40dc-8ff5-b6b450d67f6f@group-42ACBF6EBE4E-LeaderElection354] INFO  impl.LeaderElection (LeaderElection.java:askForVotes(178)) - decc5551-dd4b-40dc-8ff5-b6b450d67f6f@group-42ACBF6EBE4E-LeaderElection354: begin an election at term 212 for -1: [215fceca-0555-458b-bc4f-ba38ff24d5ba:192.168.157.211:43803, decc5551-dd4b-40dc-8ff5-b6b450d67f6f:192.168.157.211:34435, 0c631657-10a5-4e2a-a322-8fc6c651b2ed:192.168.157.211:41694], old=null
2019-10-17 07:10:49,351 [grpc-default-executor-3] INFO  impl.RaftServerImpl (RaftServerImpl.java:setRole(184)) - 0c631657-10a5-4e2a-a322-8fc6c651b2ed@group-42ACBF6EBE4E: changes role from  FOLLOWER to FOLLOWER at term 212 for recognizeCandidate:decc5551-dd4b-40dc-8ff5-b6b450d67f6f
2019-10-17 07:10:49,351 [grpc-default-executor-3] INFO  impl.RoleInfo (RoleInfo.java:shutdownFollowerState(121)) - 0c631657-10a5-4e2a-a322-8fc6c651b2ed: shutdown FollowerState
2019-10-17 07:10:49,351 [grpc-default-executor-7] INFO  impl.RaftServerImpl (RaftServerImpl.java:setRole(184)) - 215fceca-0555-458b-bc4f-ba38ff24d5ba@group-42ACBF6EBE4E: changes role from  FOLLOWER to FOLLOWER at term 212 for recognizeCandidate:decc5551-dd4b-40dc-8ff5-b6b450d67f6f
2019-10-17 07:10:49,352 [Thread-2774] INFO  impl.FollowerState (FollowerState.java:run(117)) - 0c631657-10a5-4e2a-a322-8fc6c651b2ed@group-42ACBF6EBE4E-FollowerState was interrupted: java.lang.InterruptedException: sleep interrupted
2019-10-17 07:10:49,351 [grpc-default-executor-3] INFO  impl.RoleInfo (RoleInfo.java:updateAndGet(143)) - 0c631657-10a5-4e2a-a322-8fc6c651b2ed: start FollowerState
2019-10-17 07:10:49,352 [grpc-default-executor-7] INFO  impl.RoleInfo (RoleInfo.java:shutdownFollowerState(121)) - 215fceca-0555-458b-bc4f-ba38ff24d5ba: shutdown FollowerState
2019-10-17 07:10:49,352 [grpc-default-executor-7] INFO  impl.RoleInfo (RoleInfo.java:updateAndGet(143)) - 215fceca-0555-458b-bc4f-ba38ff24d5ba: start FollowerState
2019-10-17 07:10:49,352 [Thread-2773] INFO  impl.FollowerState (FollowerState.java:run(117)) - 215fceca-0555-458b-bc4f-ba38ff24d5ba@group-42ACBF6EBE4E-FollowerState was interrupted: java.lang.InterruptedException: sleep interrupted
2019-10-17 07:10:49,362 [decc5551-dd4b-40dc-8ff5-b6b450d67f6f@group-42ACBF6EBE4E-LeaderElection354] INFO  impl.LeaderElection (LeaderElection.java:logAndReturn(56)) - decc5551-dd4b-40dc-8ff5-b6b450d67f6f@group-42ACBF6EBE4E-LeaderElection354: Election REJECTED; received 2 response(s) [decc5551-dd4b-40dc-8ff5-b6b450d67f6f<-215fceca-0555-458b-bc4f-ba38ff24d5ba#0:FAIL-t212, decc5551-dd4b-40dc-8ff5-b6b450d67f6f<-0c631657-10a5-4e2a-a322-8fc6c651b2ed#0:FAIL-t212] and 0 exception(s); decc5551-dd4b-40dc-8ff5-b6b450d67f6f@group-42ACBF6EBE4E:t212, leader=null, voted=decc5551-dd4b-40dc-8ff5-b6b450d67f6f, raftlog=decc5551-dd4b-40dc-8ff5-b6b450d67f6f@group-42ACBF6EBE4E-SegmentedRaftLog:OPENED:c-1,f-1,i0, conf=-1: [215fceca-0555-458b-bc4f-ba38ff24d5ba:192.168.157.211:43803, decc5551-dd4b-40dc-8ff5-b6b450d67f6f:192.168.157.211:34435, 0c631657-10a5-4e2a-a322-8fc6c651b2ed:192.168.157.211:41694], old=null
2019-10-17 07:10:49,363 [decc5551-dd4b-40dc-8ff5-b6b450d67f6f@group-42ACBF6EBE4E-LeaderElection354] INFO  impl.RaftServerImpl (RaftServerImpl.java:setRole(184)) - decc5551-dd4b-40dc-8ff5-b6b450d67f6f@group-42ACBF6EBE4E: changes role from CANDIDATE to FOLLOWER at term 212 for DISCOVERED_A_NEW_TERM
2019-10-17 07:10:49,363 [decc5551-dd4b-40dc-8ff5-b6b450d67f6f@group-42ACBF6EBE4E-LeaderElection354] INFO  impl.RoleInfo (RoleInfo.java:shutdownLeaderElection(134)) - decc5551-dd4b-40dc-8ff5-b6b450d67f6f: shutdown LeaderElection
2019-10-17 07:10:49,363 [decc5551-dd4b-40dc-8ff5-b6b450d67f6f@group-42ACBF6EBE4E-LeaderElection354] INFO  impl.RoleInfo (RoleInfo.java:updateAndGet(143)) - decc5551-dd4b-40dc-8ff5-b6b450d67f6f: start FollowerState
2019-10-17 07:10:49,389 [Thread-2782] INFO  impl.FollowerState (FollowerState.java:run(108)) - decc5551-dd4b-40dc-8ff5-b6b450d67f6f@group-42ACBF6EBE4E-FollowerState: change to CANDIDATE, lastRpcTime:26ms, electionTimeout:26ms
2019-10-17 07:10:49,389 [Thread-2782] INFO  impl.RoleInfo (RoleInfo.java:shutdownFollowerState(121)) - decc5551-dd4b-40dc-8ff5-b6b450d67f6f: shutdown FollowerState
2019-10-17 07:10:49,390 [Thread-2782] INFO  impl.RaftServerImpl (RaftServerImpl.java:setRole(184)) - decc5551-dd4b-40dc-8ff5-b6b450d67f6f@group-42ACBF6EBE4E: changes role from  FOLLOWER to CANDIDATE at term 212 for changeToCandidate
2019-10-17 07:10:49,390 [Thread-2782] INFO  impl.RoleInfo (RoleInfo.java:updateAndGet(143)) - decc5551-dd4b-40dc-8ff5-b6b450d67f6f: start LeaderElection
2019-10-17 07:10:49,393 [decc5551-dd4b-40dc-8ff5-b6b450d67f6f@group-42ACBF6EBE4E-LeaderElection355] INFO  impl.LeaderElection (LeaderElection.java:askForVotes(178)) - decc5551-dd4b-40dc-8ff5-b6b450d67f6f@group-42ACBF6EBE4E-LeaderElection355: begin an election at term 213 for -1: [215fceca-0555-458b-bc4f-ba38ff24d5ba:192.168.157.211:43803, decc5551-dd4b-40dc-8ff5-b6b450d67f6f:192.168.157.211:34435, 0c631657-10a5-4e2a-a322-8fc6c651b2ed:192.168.157.211:41694], old=null
2019-10-17 07:10:49,394 [grpc-default-executor-7] INFO  impl.RaftServerImpl (RaftServerImpl.java:setRole(184)) - 215fceca-0555-458b-bc4f-ba38ff24d5ba@group-42ACBF6EBE4E: changes role from  FOLLOWER to FOLLOWER at term 213 for recognizeCandidate:decc5551-dd4b-40dc-8ff5-b6b450d67f6f
2019-10-17 07:10:49,395 [grpc-default-executor-7] INFO  impl.RoleInfo (RoleInfo.java:shutdownFollowerState(121)) - 215fceca-0555-458b-bc4f-ba38ff24d5ba: shutdown FollowerState
2019-10-17 07:10:49,395 [grpc-default-executor-7] INFO  impl.RoleInfo (RoleInfo.java:updateAndGet(143)) - 215fceca-0555-458b-bc4f-ba38ff24d5ba: start FollowerState
2019-10-17 07:10:49,395 [Thread-2781] INFO  impl.FollowerState (FollowerState.java:run(117)) - 215fceca-0555-458b-bc4f-ba38ff24d5ba@group-42ACBF6EBE4E-FollowerState was interrupted: java.lang.InterruptedException: sleep interrupted
2019-10-17 07:10:49,395 [grpc-default-executor-3] INFO  impl.RaftServerImpl (RaftServerImpl.java:setRole(184)) - 0c631657-10a5-4e2a-a322-8fc6c651b2ed@group-42ACBF6EBE4E: changes role from  FOLLOWER to FOLLOWER at term 213 for recognizeCandidate:decc5551-dd4b-40dc-8ff5-b6b450d67f6f
2019-10-17 07:10:49,395 [grpc-default-executor-3] INFO  impl.RoleInfo (RoleInfo.java:shutdownFollowerState(121)) - 0c631657-10a5-4e2a-a322-8fc6c651b2ed: shutdown FollowerState
2019-10-17 07:10:49,395 [grpc-default-executor-3] INFO  impl.RoleInfo (RoleInfo.java:updateAndGet(143)) - 0c631657-10a5-4e2a-a322-8fc6c651b2ed: start FollowerState
2019-10-17 07:10:49,396 [Thread-2780] INFO  impl.FollowerState (FollowerState.java:run(117)) - 0c631657-10a5-4e2a-a322-8fc6c651b2ed@group-42ACBF6EBE4E-FollowerState was interrupted: java.lang.InterruptedException: sleep interrupted
2019-10-17 07:10:49,418 [decc5551-dd4b-40dc-8ff5-b6b450d67f6f@group-42ACBF6EBE4E-LeaderElection355] INFO  impl.LeaderElection (LeaderElection.java:logAndReturn(56)) - decc5551-dd4b-40dc-8ff5-b6b450d67f6f@group-42ACBF6EBE4E-LeaderElection355: Election REJECTED; received 2 response(s) [decc5551-dd4b-40dc-8ff5-b6b450d67f6f<-215fceca-0555-458b-bc4f-ba38ff24d5ba#0:FAIL-t213, decc5551-dd4b-40dc-8ff5-b6b450d67f6f<-0c631657-10a5-4e2a-a322-8fc6c651b2ed#0:FAIL-t213] and 0 exception(s); decc5551-dd4b-40dc-8ff5-b6b450d67f6f@group-42ACBF6EBE4E:t213, leader=null, voted=decc5551-dd4b-40dc-8ff5-b6b450d67f6f, raftlog=decc5551-dd4b-40dc-8ff5-b6b450d67f6f@group-42ACBF6EBE4E-SegmentedRaftLog:OPENED:c-1,f-1,i0, conf=-1: [215fceca-0555-458b-bc4f-ba38ff24d5ba:192.168.157.211:43803, decc5551-dd4b-40dc-8ff5-b6b450d67f6f:192.168.157.211:34435, 0c631657-10a5-4e2a-a322-8fc6c651b2ed:192.168.157.211:41694], old=null
2019-10-17 07:10:49,418 [decc5551-dd4b-40dc-8ff5-b6b450d67f6f@group-42ACBF6EBE4E-LeaderElection355] INFO  impl.RaftServerImpl (RaftServerImpl.java:setRole(184)) - decc5551-dd4b-40dc-8ff5-b6b450d67f6f@group-42ACBF6EBE4E: changes role from CANDIDATE to FOLLOWER at term 213 for DISCOVERED_A_NEW_TERM
2019-10-17 07:10:49,418 [decc5551-dd4b-40dc-8ff5-b6b450d67f6f@group-42ACBF6EBE4E-LeaderElection355] INFO  impl.RoleInfo (RoleInfo.java:shutdownLeaderElection(134)) - decc5551-dd4b-40dc-8ff5-b6b450d67f6f: shutdown LeaderElection
2019-10-17 07:10:49,418 [decc5551-dd4b-40dc-8ff5-b6b450d67f6f@group-42ACBF6EBE4E-LeaderElection355] INFO  impl.RoleInfo (RoleInfo.java:updateAndGet(143)) - decc5551-dd4b-40dc-8ff5-b6b450d67f6f: start FollowerState
2019-10-17 07:10:49,484 [Thread-2788] INFO  impl.FollowerState (FollowerState.java:run(108)) - decc5551-dd4b-40dc-8ff5-b6b450d67f6f@group-42ACBF6EBE4E-FollowerState: change to CANDIDATE, lastRpcTime:65ms, electionTimeout:65ms
2019-10-17 07:10:49,484 [Thread-2788] INFO  impl.RoleInfo (RoleInfo.java:shutdownFollowerState(121)) - decc5551-dd4b-40dc-8ff5-b6b450d67f6f: shutdown FollowerState
2019-10-17 07:10:49,484 [Thread-2788] INFO  impl.RaftServerImpl (RaftServerImpl.java:setRole(184)) - decc5551-dd4b-40dc-8ff5-b6b450d67f6f@group-42ACBF6EBE4E: changes role from  FOLLOWER to CANDIDATE at term 213 for changeToCandidate
2019-10-17 07:10:49,484 [Thread-2788] INFO  impl.RoleInfo (RoleInfo.java:updateAndGet(143)) - decc5551-dd4b-40dc-8ff5-b6b450d67f6f: start LeaderElection
2019-10-17 07:10:49,492 [decc5551-dd4b-40dc-8ff5-b6b450d67f6f@group-42ACBF6EBE4E-LeaderElection356] INFO  impl.LeaderElection (LeaderElection.java:askForVotes(178)) - decc5551-dd4b-40dc-8ff5-b6b450d67f6f@group-42ACBF6EBE4E-LeaderElection356: begin an election at term 214 for -1: [215fceca-0555-458b-bc4f-ba38ff24d5ba:192.168.157.211:43803, decc5551-dd4b-40dc-8ff5-b6b450d67f6f:192.168.157.211:34435, 0c631657-10a5-4e2a-a322-8fc6c651b2ed:192.168.157.211:41694], old=null
2019-10-17 07:10:49,494 [grpc-default-executor-3] INFO  impl.RaftServerImpl (RaftServerImpl.java:setRole(184)) - 215fceca-0555-458b-bc4f-ba38ff24d5ba@group-42ACBF6EBE4E: changes role from  FOLLOWER to FOLLOWER at term 214 for recognizeCandidate:decc5551-dd4b-40dc-8ff5-b6b450d67f6f
2019-10-17 07:10:49,495 [grpc-default-executor-3] INFO  impl.RoleInfo (RoleInfo.java:shutdownFollowerState(121)) - 215fceca-0555-458b-bc4f-ba38ff24d5ba: shutdown FollowerState
2019-10-17 07:10:49,495 [grpc-default-executor-3] INFO  impl.RoleInfo (RoleInfo.java:updateAndGet(143)) - 215fceca-0555-458b-bc4f-ba38ff24d5ba: start FollowerState
2019-10-17 07:10:49,495 [Thread-2786] INFO  impl.FollowerState (FollowerState.java:run(117)) - 215fceca-0555-458b-bc4f-ba38ff24d5ba@group-42ACBF6EBE4E-FollowerState was interrupted: java.lang.InterruptedException: sleep interrupted
2019-10-17 07:10:49,495 [grpc-default-executor-7] INFO  impl.RaftServerImpl (RaftServerImpl.java:setRole(184)) - 0c631657-10a5-4e2a-a322-8fc6c651b2ed@group-42ACBF6EBE4E: changes role from  FOLLOWER to FOLLOWER at term 214 for recognizeCandidate:decc5551-dd4b-40dc-8ff5-b6b450d67f6f
2019-10-17 07:10:49,495 [grpc-default-executor-7] INFO  impl.RoleInfo (RoleInfo.java:shutdownFollowerState(121)) - 0c631657-10a5-4e2a-a322-8fc6c651b2ed: shutdown FollowerState
2019-10-17 07:10:49,495 [grpc-default-executor-7] INFO  impl.RoleInfo (RoleInfo.java:updateAndGet(143)) - 0c631657-10a5-4e2a-a322-8fc6c651b2ed: start FollowerState
2019-10-17 07:10:49,496 [Thread-2787] INFO  impl.FollowerState (FollowerState.java:run(117)) - 0c631657-10a5-4e2a-a322-8fc6c651b2ed@group-42ACBF6EBE4E-FollowerState was interrupted: java.lang.InterruptedException: sleep interrupted
2019-10-17 07:10:49,503 [Thread-2730] INFO  impl.FollowerState (FollowerState.java:run(108)) - 67ae3572-7d88-4e50-b53b-0f48f6748b38@group-233C052D78D6-FollowerState: change to CANDIDATE, lastRpcTime:1079ms, electionTimeout:1079ms
2019-10-17 07:10:49,503 [Thread-2730] INFO  impl.RoleInfo (RoleInfo.java:shutdownFollowerState(121)) - 67ae3572-7d88-4e50-b53b-0f48f6748b38: shutdown FollowerState
2019-10-17 07:10:49,503 [Thread-2730] INFO  impl.RaftServerImpl (RaftServerImpl.java:setRole(184)) - 67ae3572-7d88-4e50-b53b-0f48f6748b38@group-233C052D78D6: changes role from  FOLLOWER to CANDIDATE at term 173 for changeToCandidate
2019-10-17 07:10:49,503 [Thread-2730] INFO  impl.RoleInfo (RoleInfo.java:updateAndGet(143)) - 67ae3572-7d88-4e50-b53b-0f48f6748b38: start LeaderElection
2019-10-17 07:10:49,519 [decc5551-dd4b-40dc-8ff5-b6b450d67f6f@group-42ACBF6EBE4E-LeaderElection356] INFO  impl.LeaderElection (LeaderElection.java:logAndReturn(56)) - decc5551-dd4b-40dc-8ff5-b6b450d67f6f@group-42ACBF6EBE4E-LeaderElection356: Election REJECTED; received 2 response(s) [decc5551-dd4b-40dc-8ff5-b6b450d67f6f<-215fceca-0555-458b-bc4f-ba38ff24d5ba#0:FAIL-t214, decc5551-dd4b-40dc-8ff5-b6b450d67f6f<-0c631657-10a5-4e2a-a322-8fc6c651b2ed#0:FAIL-t214] and 0 exception(s); decc5551-dd4b-40dc-8ff5-b6b450d67f6f@group-42ACBF6EBE4E:t214, leader=null, voted=decc5551-dd4b-40dc-8ff5-b6b450d67f6f, raftlog=decc5551-dd4b-40dc-8ff5-b6b450d67f6f@group-42ACBF6EBE4E-SegmentedRaftLog:OPENED:c-1,f-1,i0, conf=-1: [215fceca-0555-458b-bc4f-ba38ff24d5ba:192.168.157.211:43803, decc5551-dd4b-40dc-8ff5-b6b450d67f6f:192.168.157.211:34435, 0c631657-10a5-4e2a-a322-8fc6c651b2ed:192.168.157.211:41694], old=null
2019-10-17 07:10:49,519 [decc5551-dd4b-40dc-8ff5-b6b450d67f6f@group-42ACBF6EBE4E-LeaderElection356] INFO  impl.RaftServerImpl (RaftServerImpl.java:setRole(184)) - decc5551-dd4b-40dc-8ff5-b6b450d67f6f@group-42ACBF6EBE4E: changes role from CANDIDATE to FOLLOWER at term 214 for DISCOVERED_A_NEW_TERM
2019-10-17 07:10:49,519 [decc5551-dd4b-40dc-8ff5-b6b450d67f6f@group-42ACBF6EBE4E-LeaderElection356] INFO  impl.RoleInfo (RoleInfo.java:shutdownLeaderElection(134)) - decc5551-dd4b-40dc-8ff5-b6b450d67f6f: shutdown LeaderElection
2019-10-17 07:10:49,519 [decc5551-dd4b-40dc-8ff5-b6b450d67f6f@group-42ACBF6EBE4E-LeaderElection356] INFO  impl.RoleInfo (RoleInfo.java:updateAndGet(143)) - decc5551-dd4b-40dc-8ff5-b6b450d67f6f: start FollowerState
2019-10-17 07:10:49,531 [67ae3572-7d88-4e50-b53b-0f48f6748b38@group-233C052D78D6-LeaderElection357] INFO  impl.LeaderElection (LeaderElection.java:askForVotes(178)) - 67ae3572-7d88-4e50-b53b-0f48f6748b38@group-233C052D78D6-LeaderElection357: begin an election at term 174 for 0: [67ae3572-7d88-4e50-b53b-0f48f6748b38:192.168.157.211:41299, 831edaa1-80a5-4091-843f-90c648a5a79d:192.168.157.211:44365, 5c4ee31d-c5ed-4c65-a5df-da3e3cf53ac2:192.168.157.211:45059], old=null
2019-10-17 07:10:49,532 [67ae3572-7d88-4e50-b53b-0f48f6748b38@group-233C052D78D6-LeaderElection357] INFO  impl.LeaderElection (LogUtils.java:infoOrTrace(149)) - 67ae3572-7d88-4e50-b53b-0f48f6748b38@group-233C052D78D6-LeaderElection357 got exception when requesting votes: {}
java.util.concurrent.ExecutionException: org.apache.ratis.thirdparty.io.grpc.StatusRuntimeException: UNAVAILABLE: io exception
	at java.util.concurrent.FutureTask.report(FutureTask.java:122)
	at java.util.concurrent.FutureTask.get(FutureTask.java:192)
	at org.apache.ratis.server.impl.LeaderElection.waitForResults(LeaderElection.java:259)
	at org.apache.ratis.server.impl.LeaderElection.askForVotes(LeaderElection.java:197)
	at org.apache.ratis.server.impl.LeaderElection.run(LeaderElection.java:133)
	at java.lang.Thread.run(Thread.java:748)
Caused by: org.apache.ratis.thirdparty.io.grpc.StatusRuntimeException: UNAVAILABLE: io exception
	at org.apache.ratis.thirdparty.io.grpc.stub.ClientCalls.toStatusRuntimeException(ClientCalls.java:233)
	at org.apache.ratis.thirdparty.io.grpc.stub.ClientCalls.getUnchecked(ClientCalls.java:214)
	at org.apache.ratis.thirdparty.io.grpc.stub.ClientCalls.blockingUnaryCall(ClientCalls.java:139)
	at org.apache.ratis.proto.grpc.RaftServerProtocolServiceGrpc$RaftServerProtocolServiceBlockingStub.requestVote(RaftServerProtocolServiceGrpc.java:265)
	at org.apache.ratis.grpc.server.GrpcServerProtocolClient.requestVote(GrpcServerProtocolClient.java:99)
	at org.apache.ratis.grpc.server.GrpcService.requestVote(GrpcService.java:204)
	at org.apache.ratis.server.impl.LeaderElection.lambda$submitRequests$1(LeaderElection.java:234)
	at java.util.concurrent.FutureTask.run(FutureTask.java:266)
	at java.util.concurrent.Executors$RunnableAdapter.call(Executors.java:511)
	at java.util.concurrent.FutureTask.run(FutureTask.java:266)
	at java.util.concurrent.ThreadPoolExecutor.runWorker(ThreadPoolExecutor.java:1149)
	at java.util.concurrent.ThreadPoolExecutor$Worker.run(ThreadPoolExecutor.java:624)
	... 1 more
Caused by: org.apache.ratis.thirdparty.io.netty.channel.AbstractChannel$AnnotatedConnectException: Connection refused: /192.168.157.211:45059
	at sun.nio.ch.SocketChannelImpl.checkConnect(Native Method)
	at sun.nio.ch.SocketChannelImpl.finishConnect(SocketChannelImpl.java:717)
	at org.apache.ratis.thirdparty.io.netty.channel.socket.nio.NioSocketChannel.doFinishConnect(NioSocketChannel.java:327)
	at org.apache.ratis.thirdparty.io.netty.channel.nio.AbstractNioChannel$AbstractNioUnsafe.finishConnect(AbstractNioChannel.java:340)
	at org.apache.ratis.thirdparty.io.netty.channel.nio.NioEventLoop.processSelectedKey(NioEventLoop.java:632)
	at org.apache.ratis.thirdparty.io.netty.channel.nio.NioEventLoop.processSelectedKeysOptimized(NioEventLoop.java:579)
	at org.apache.ratis.thirdparty.io.netty.channel.nio.NioEventLoop.processSelectedKeys(NioEventLoop.java:496)
	at org.apache.ratis.thirdparty.io.netty.channel.nio.NioEventLoop.run(NioEventLoop.java:458)
	at org.apache.ratis.thirdparty.io.netty.util.concurrent.SingleThreadEventExecutor$5.run(SingleThreadEventExecutor.java:897)
	at org.apache.ratis.thirdparty.io.netty.util.concurrent.FastThreadLocalRunnable.run(FastThreadLocalRunnable.java:30)
	... 1 more
Caused by: java.net.ConnectException: Connection refused
	... 11 more
2019-10-17 07:10:49,535 [67ae3572-7d88-4e50-b53b-0f48f6748b38@group-233C052D78D6-LeaderElection357] INFO  impl.LeaderElection (LogUtils.java:infoOrTrace(149)) - 67ae3572-7d88-4e50-b53b-0f48f6748b38@group-233C052D78D6-LeaderElection357 got exception when requesting votes: {}
java.util.concurrent.ExecutionException: org.apache.ratis.thirdparty.io.grpc.StatusRuntimeException: UNAVAILABLE: io exception
	at java.util.concurrent.FutureTask.report(FutureTask.java:122)
	at java.util.concurrent.FutureTask.get(FutureTask.java:192)
	at org.apache.ratis.server.impl.LeaderElection.waitForResults(LeaderElection.java:259)
	at org.apache.ratis.server.impl.LeaderElection.askForVotes(LeaderElection.java:197)
	at org.apache.ratis.server.impl.LeaderElection.run(LeaderElection.java:133)
	at java.lang.Thread.run(Thread.java:748)
Caused by: org.apache.ratis.thirdparty.io.grpc.StatusRuntimeException: UNAVAILABLE: io exception
	at org.apache.ratis.thirdparty.io.grpc.stub.ClientCalls.toStatusRuntimeException(ClientCalls.java:233)
	at org.apache.ratis.thirdparty.io.grpc.stub.ClientCalls.getUnchecked(ClientCalls.java:214)
	at org.apache.ratis.thirdparty.io.grpc.stub.ClientCalls.blockingUnaryCall(ClientCalls.java:139)
	at org.apache.ratis.proto.grpc.RaftServerProtocolServiceGrpc$RaftServerProtocolServiceBlockingStub.requestVote(RaftServerProtocolServiceGrpc.java:265)
	at org.apache.ratis.grpc.server.GrpcServerProtocolClient.requestVote(GrpcServerProtocolClient.java:99)
	at org.apache.ratis.grpc.server.GrpcService.requestVote(GrpcService.java:204)
	at org.apache.ratis.server.impl.LeaderElection.lambda$submitRequests$1(LeaderElection.java:234)
	at java.util.concurrent.FutureTask.run(FutureTask.java:266)
	at java.util.concurrent.Executors$RunnableAdapter.call(Executors.java:511)
	at java.util.concurrent.FutureTask.run(FutureTask.java:266)
	at java.util.concurrent.ThreadPoolExecutor.runWorker(ThreadPoolExecutor.java:1149)
	at java.util.concurrent.ThreadPoolExecutor$Worker.run(ThreadPoolExecutor.java:624)
	... 1 more
Caused by: org.apache.ratis.thirdparty.io.netty.channel.AbstractChannel$AnnotatedConnectException: Connection refused: /192.168.157.211:44365
	at sun.nio.ch.SocketChannelImpl.checkConnect(Native Method)
	at sun.nio.ch.SocketChannelImpl.finishConnect(SocketChannelImpl.java:717)
	at org.apache.ratis.thirdparty.io.netty.channel.socket.nio.NioSocketChannel.doFinishConnect(NioSocketChannel.java:327)
	at org.apache.ratis.thirdparty.io.netty.channel.nio.AbstractNioChannel$AbstractNioUnsafe.finishConnect(AbstractNioChannel.java:340)
	at org.apache.ratis.thirdparty.io.netty.channel.nio.NioEventLoop.processSelectedKey(NioEventLoop.java:632)
	at org.apache.ratis.thirdparty.io.netty.channel.nio.NioEventLoop.processSelectedKeysOptimized(NioEventLoop.java:579)
	at org.apache.ratis.thirdparty.io.netty.channel.nio.NioEventLoop.processSelectedKeys(NioEventLoop.java:496)
	at org.apache.ratis.thirdparty.io.netty.channel.nio.NioEventLoop.run(NioEventLoop.java:458)
	at org.apache.ratis.thirdparty.io.netty.util.concurrent.SingleThreadEventExecutor$5.run(SingleThreadEventExecutor.java:897)
	at org.apache.ratis.thirdparty.io.netty.util.concurrent.FastThreadLocalRunnable.run(FastThreadLocalRunnable.java:30)
	... 1 more
Caused by: java.net.ConnectException: Connection refused
	... 11 more
2019-10-17 07:10:49,537 [67ae3572-7d88-4e50-b53b-0f48f6748b38@group-233C052D78D6-LeaderElection357] INFO  impl.LeaderElection (LeaderElection.java:logAndReturn(56)) - 67ae3572-7d88-4e50-b53b-0f48f6748b38@group-233C052D78D6-LeaderElection357: Election REJECTED; received 0 response(s) [] and 2 exception(s); 67ae3572-7d88-4e50-b53b-0f48f6748b38@group-233C052D78D6:t174, leader=null, voted=67ae3572-7d88-4e50-b53b-0f48f6748b38, raftlog=67ae3572-7d88-4e50-b53b-0f48f6748b38@group-233C052D78D6-SegmentedRaftLog:OPENED:c-1,f0,i0, conf=0: [67ae3572-7d88-4e50-b53b-0f48f6748b38:192.168.157.211:41299, 831edaa1-80a5-4091-843f-90c648a5a79d:192.168.157.211:44365, 5c4ee31d-c5ed-4c65-a5df-da3e3cf53ac2:192.168.157.211:45059], old=null
2019-10-17 07:10:49,537 [67ae3572-7d88-4e50-b53b-0f48f6748b38@group-233C052D78D6-LeaderElection357] INFO  impl.LeaderElection (LogUtils.java:infoOrTrace(149)) -   Exception 0: {}
java.util.concurrent.ExecutionException: org.apache.ratis.thirdparty.io.grpc.StatusRuntimeException: UNAVAILABLE: io exception
	at java.util.concurrent.FutureTask.report(FutureTask.java:122)
	at java.util.concurrent.FutureTask.get(FutureTask.java:192)
	at org.apache.ratis.server.impl.LeaderElection.waitForResults(LeaderElection.java:259)
	at org.apache.ratis.server.impl.LeaderElection.askForVotes(LeaderElection.java:197)
	at org.apache.ratis.server.impl.LeaderElection.run(LeaderElection.java:133)
	at java.lang.Thread.run(Thread.java:748)
Caused by: org.apache.ratis.thirdparty.io.grpc.StatusRuntimeException: UNAVAILABLE: io exception
	at org.apache.ratis.thirdparty.io.grpc.stub.ClientCalls.toStatusRuntimeException(ClientCalls.java:233)
	at org.apache.ratis.thirdparty.io.grpc.stub.ClientCalls.getUnchecked(ClientCalls.java:214)
	at org.apache.ratis.thirdparty.io.grpc.stub.ClientCalls.blockingUnaryCall(ClientCalls.java:139)
	at org.apache.ratis.proto.grpc.RaftServerProtocolServiceGrpc$RaftServerProtocolServiceBlockingStub.requestVote(RaftServerProtocolServiceGrpc.java:265)
	at org.apache.ratis.grpc.server.GrpcServerProtocolClient.requestVote(GrpcServerProtocolClient.java:99)
	at org.apache.ratis.grpc.server.GrpcService.requestVote(GrpcService.java:204)
	at org.apache.ratis.server.impl.LeaderElection.lambda$submitRequests$1(LeaderElection.java:234)
	at java.util.concurrent.FutureTask.run(FutureTask.java:266)
	at java.util.concurrent.Executors$RunnableAdapter.call(Executors.java:511)
	at java.util.concurrent.FutureTask.run(FutureTask.java:266)
	at java.util.concurrent.ThreadPoolExecutor.runWorker(ThreadPoolExecutor.java:1149)
	at java.util.concurrent.ThreadPoolExecutor$Worker.run(ThreadPoolExecutor.java:624)
	... 1 more
Caused by: org.apache.ratis.thirdparty.io.netty.channel.AbstractChannel$AnnotatedConnectException: Connection refused: /192.168.157.211:45059
	at sun.nio.ch.SocketChannelImpl.checkConnect(Native Method)
	at sun.nio.ch.SocketChannelImpl.finishConnect(SocketChannelImpl.java:717)
	at org.apache.ratis.thirdparty.io.netty.channel.socket.nio.NioSocketChannel.doFinishConnect(NioSocketChannel.java:327)
	at org.apache.ratis.thirdparty.io.netty.channel.nio.AbstractNioChannel$AbstractNioUnsafe.finishConnect(AbstractNioChannel.java:340)
	at org.apache.ratis.thirdparty.io.netty.channel.nio.NioEventLoop.processSelectedKey(NioEventLoop.java:632)
	at org.apache.ratis.thirdparty.io.netty.channel.nio.NioEventLoop.processSelectedKeysOptimized(NioEventLoop.java:579)
	at org.apache.ratis.thirdparty.io.netty.channel.nio.NioEventLoop.processSelectedKeys(NioEventLoop.java:496)
	at org.apache.ratis.thirdparty.io.netty.channel.nio.NioEventLoop.run(NioEventLoop.java:458)
	at org.apache.ratis.thirdparty.io.netty.util.concurrent.SingleThreadEventExecutor$5.run(SingleThreadEventExecutor.java:897)
	at org.apache.ratis.thirdparty.io.netty.util.concurrent.FastThreadLocalRunnable.run(FastThreadLocalRunnable.java:30)
	... 1 more
Caused by: java.net.ConnectException: Connection refused
	... 11 more
2019-10-17 07:10:49,538 [67ae3572-7d88-4e50-b53b-0f48f6748b38@group-233C052D78D6-LeaderElection357] INFO  impl.LeaderElection (LogUtils.java:infoOrTrace(149)) -   Exception 1: {}
java.util.concurrent.ExecutionException: org.apache.ratis.thirdparty.io.grpc.StatusRuntimeException: UNAVAILABLE: io exception
	at java.util.concurrent.FutureTask.report(FutureTask.java:122)
	at java.util.concurrent.FutureTask.get(FutureTask.java:192)
	at org.apache.ratis.server.impl.LeaderElection.waitForResults(LeaderElection.java:259)
	at org.apache.ratis.server.impl.LeaderElection.askForVotes(LeaderElection.java:197)
	at org.apache.ratis.server.impl.LeaderElection.run(LeaderElection.java:133)
	at java.lang.Thread.run(Thread.java:748)
Caused by: org.apache.ratis.thirdparty.io.grpc.StatusRuntimeException: UNAVAILABLE: io exception
	at org.apache.ratis.thirdparty.io.grpc.stub.ClientCalls.toStatusRuntimeException(ClientCalls.java:233)
	at org.apache.ratis.thirdparty.io.grpc.stub.ClientCalls.getUnchecked(ClientCalls.java:214)
	at org.apache.ratis.thirdparty.io.grpc.stub.ClientCalls.blockingUnaryCall(ClientCalls.java:139)
	at org.apache.ratis.proto.grpc.RaftServerProtocolServiceGrpc$RaftServerProtocolServiceBlockingStub.requestVote(RaftServerProtocolServiceGrpc.java:265)
	at org.apache.ratis.grpc.server.GrpcServerProtocolClient.requestVote(GrpcServerProtocolClient.java:99)
	at org.apache.ratis.grpc.server.GrpcService.requestVote(GrpcService.java:204)
	at org.apache.ratis.server.impl.LeaderElection.lambda$submitRequests$1(LeaderElection.java:234)
	at java.util.concurrent.FutureTask.run(FutureTask.java:266)
	at java.util.concurrent.Executors$RunnableAdapter.call(Executors.java:511)
	at java.util.concurrent.FutureTask.run(FutureTask.java:266)
	at java.util.concurrent.ThreadPoolExecutor.runWorker(ThreadPoolExecutor.java:1149)
	at java.util.concurrent.ThreadPoolExecutor$Worker.run(ThreadPoolExecutor.java:624)
	... 1 more
Caused by: org.apache.ratis.thirdparty.io.netty.channel.AbstractChannel$AnnotatedConnectException: Connection refused: /192.168.157.211:44365
	at sun.nio.ch.SocketChannelImpl.checkConnect(Native Method)
	at sun.nio.ch.SocketChannelImpl.finishConnect(SocketChannelImpl.java:717)
	at org.apache.ratis.thirdparty.io.netty.channel.socket.nio.NioSocketChannel.doFinishConnect(NioSocketChannel.java:327)
	at org.apache.ratis.thirdparty.io.netty.channel.nio.AbstractNioChannel$AbstractNioUnsafe.finishConnect(AbstractNioChannel.java:340)
	at org.apache.ratis.thirdparty.io.netty.channel.nio.NioEventLoop.processSelectedKey(NioEventLoop.java:632)
	at org.apache.ratis.thirdparty.io.netty.channel.nio.NioEventLoop.processSelectedKeysOptimized(NioEventLoop.java:579)
	at org.apache.ratis.thirdparty.io.netty.channel.nio.NioEventLoop.processSelectedKeys(NioEventLoop.java:496)
	at org.apache.ratis.thirdparty.io.netty.channel.nio.NioEventLoop.run(NioEventLoop.java:458)
	at org.apache.ratis.thirdparty.io.netty.util.concurrent.SingleThreadEventExecutor$5.run(SingleThreadEventExecutor.java:897)
	at org.apache.ratis.thirdparty.io.netty.util.concurrent.FastThreadLocalRunnable.run(FastThreadLocalRunnable.java:30)
	... 1 more
Caused by: java.net.ConnectException: Connection refused
	... 11 more
2019-10-17 07:10:49,538 [67ae3572-7d88-4e50-b53b-0f48f6748b38@group-233C052D78D6-LeaderElection357] INFO  impl.RaftServerImpl (RaftServerImpl.java:setRole(184)) - 67ae3572-7d88-4e50-b53b-0f48f6748b38@group-233C052D78D6: changes role from CANDIDATE to FOLLOWER at term 174 for DISCOVERED_A_NEW_TERM
2019-10-17 07:10:49,538 [67ae3572-7d88-4e50-b53b-0f48f6748b38@group-233C052D78D6-LeaderElection357] INFO  impl.RoleInfo (RoleInfo.java:shutdownLeaderElection(134)) - 67ae3572-7d88-4e50-b53b-0f48f6748b38: shutdown LeaderElection
2019-10-17 07:10:49,538 [67ae3572-7d88-4e50-b53b-0f48f6748b38@group-233C052D78D6-LeaderElection357] INFO  impl.RoleInfo (RoleInfo.java:updateAndGet(143)) - 67ae3572-7d88-4e50-b53b-0f48f6748b38: start FollowerState
2019-10-17 07:10:49,543 [Thread-2795] INFO  impl.FollowerState (FollowerState.java:run(108)) - decc5551-dd4b-40dc-8ff5-b6b450d67f6f@group-42ACBF6EBE4E-FollowerState: change to CANDIDATE, lastRpcTime:23ms, electionTimeout:23ms
2019-10-17 07:10:49,543 [Thread-2795] INFO  impl.RoleInfo (RoleInfo.java:shutdownFollowerState(121)) - decc5551-dd4b-40dc-8ff5-b6b450d67f6f: shutdown FollowerState
2019-10-17 07:10:49,543 [Thread-2795] INFO  impl.RaftServerImpl (RaftServerImpl.java:setRole(184)) - decc5551-dd4b-40dc-8ff5-b6b450d67f6f@group-42ACBF6EBE4E: changes role from  FOLLOWER to CANDIDATE at term 214 for changeToCandidate
2019-10-17 07:10:49,543 [Thread-2795] INFO  impl.RoleInfo (RoleInfo.java:updateAndGet(143)) - decc5551-dd4b-40dc-8ff5-b6b450d67f6f: start LeaderElection
2019-10-17 07:10:49,547 [decc5551-dd4b-40dc-8ff5-b6b450d67f6f@group-42ACBF6EBE4E-LeaderElection358] INFO  impl.LeaderElection (LeaderElection.java:askForVotes(178)) - decc5551-dd4b-40dc-8ff5-b6b450d67f6f@group-42ACBF6EBE4E-LeaderElection358: begin an election at term 215 for -1: [215fceca-0555-458b-bc4f-ba38ff24d5ba:192.168.157.211:43803, decc5551-dd4b-40dc-8ff5-b6b450d67f6f:192.168.157.211:34435, 0c631657-10a5-4e2a-a322-8fc6c651b2ed:192.168.157.211:41694], old=null
2019-10-17 07:10:49,548 [grpc-default-executor-3] INFO  impl.RaftServerImpl (RaftServerImpl.java:setRole(184)) - 215fceca-0555-458b-bc4f-ba38ff24d5ba@group-42ACBF6EBE4E: changes role from  FOLLOWER to FOLLOWER at term 215 for recognizeCandidate:decc5551-dd4b-40dc-8ff5-b6b450d67f6f
2019-10-17 07:10:49,548 [grpc-default-executor-3] INFO  impl.RoleInfo (RoleInfo.java:shutdownFollowerState(121)) - 215fceca-0555-458b-bc4f-ba38ff24d5ba: shutdown FollowerState
2019-10-17 07:10:49,549 [grpc-default-executor-3] INFO  impl.RoleInfo (RoleInfo.java:updateAndGet(143)) - 215fceca-0555-458b-bc4f-ba38ff24d5ba: start FollowerState
2019-10-17 07:10:49,549 [grpc-default-executor-7] INFO  impl.RaftServerImpl (RaftServerImpl.java:setRole(184)) - 0c631657-10a5-4e2a-a322-8fc6c651b2ed@group-42ACBF6EBE4E: changes role from  FOLLOWER to FOLLOWER at term 215 for recognizeCandidate:decc5551-dd4b-40dc-8ff5-b6b450d67f6f
2019-10-17 07:10:49,549 [grpc-default-executor-7] INFO  impl.RoleInfo (RoleInfo.java:shutdownFollowerState(121)) - 0c631657-10a5-4e2a-a322-8fc6c651b2ed: shutdown FollowerState
2019-10-17 07:10:49,549 [Thread-2792] INFO  impl.FollowerState (FollowerState.java:run(117)) - 215fceca-0555-458b-bc4f-ba38ff24d5ba@group-42ACBF6EBE4E-FollowerState was interrupted: java.lang.InterruptedException: sleep interrupted
2019-10-17 07:10:49,549 [Thread-2793] INFO  impl.FollowerState (FollowerState.java:run(117)) - 0c631657-10a5-4e2a-a322-8fc6c651b2ed@group-42ACBF6EBE4E-FollowerState was interrupted: java.lang.InterruptedException: sleep interrupted
2019-10-17 07:10:49,549 [grpc-default-executor-7] INFO  impl.RoleInfo (RoleInfo.java:updateAndGet(143)) - 0c631657-10a5-4e2a-a322-8fc6c651b2ed: start FollowerState
2019-10-17 07:10:49,561 [decc5551-dd4b-40dc-8ff5-b6b450d67f6f@group-42ACBF6EBE4E-LeaderElection358] INFO  impl.LeaderElection (LeaderElection.java:logAndReturn(56)) - decc5551-dd4b-40dc-8ff5-b6b450d67f6f@group-42ACBF6EBE4E-LeaderElection358: Election REJECTED; received 2 response(s) [decc5551-dd4b-40dc-8ff5-b6b450d67f6f<-215fceca-0555-458b-bc4f-ba38ff24d5ba#0:FAIL-t215, decc5551-dd4b-40dc-8ff5-b6b450d67f6f<-0c631657-10a5-4e2a-a322-8fc6c651b2ed#0:FAIL-t215] and 0 exception(s); decc5551-dd4b-40dc-8ff5-b6b450d67f6f@group-42ACBF6EBE4E:t215, leader=null, voted=decc5551-dd4b-40dc-8ff5-b6b450d67f6f, raftlog=decc5551-dd4b-40dc-8ff5-b6b450d67f6f@group-42ACBF6EBE4E-SegmentedRaftLog:OPENED:c-1,f-1,i0, conf=-1: [215fceca-0555-458b-bc4f-ba38ff24d5ba:192.168.157.211:43803, decc5551-dd4b-40dc-8ff5-b6b450d67f6f:192.168.157.211:34435, 0c631657-10a5-4e2a-a322-8fc6c651b2ed:192.168.157.211:41694], old=null
2019-10-17 07:10:49,561 [decc5551-dd4b-40dc-8ff5-b6b450d67f6f@group-42ACBF6EBE4E-LeaderElection358] INFO  impl.RaftServerImpl (RaftServerImpl.java:setRole(184)) - decc5551-dd4b-40dc-8ff5-b6b450d67f6f@group-42ACBF6EBE4E: changes role from CANDIDATE to FOLLOWER at term 215 for DISCOVERED_A_NEW_TERM
2019-10-17 07:10:49,561 [decc5551-dd4b-40dc-8ff5-b6b450d67f6f@group-42ACBF6EBE4E-LeaderElection358] INFO  impl.RoleInfo (RoleInfo.java:shutdownLeaderElection(134)) - decc5551-dd4b-40dc-8ff5-b6b450d67f6f: shutdown LeaderElection
2019-10-17 07:10:49,561 [decc5551-dd4b-40dc-8ff5-b6b450d67f6f@group-42ACBF6EBE4E-LeaderElection358] INFO  impl.RoleInfo (RoleInfo.java:updateAndGet(143)) - decc5551-dd4b-40dc-8ff5-b6b450d67f6f: start FollowerState
2019-10-17 07:10:49,616 [java.util.concurrent.ThreadPoolExecutor$Worker@234137a4[State = -1, empty queue]] WARN  server.GrpcLogAppender (GrpcLogAppender.java:timeoutAppendRequest(209)) - d31fb603-bc45-4cd2-bfc5-2ee103695b2e@group-A2172F2EE55F->a4e5d14e-95af-4d1f-b670-5b1c42084e26-GrpcLogAppender: appendEntries Timeout, request=d31fb603-bc45-4cd2-bfc5-2ee103695b2e->a4e5d14e-95af-4d1f-b670-5b1c42084e26#64-t3, previous=(t:3, i:20), leaderCommit=20, initializing? false, entries: <empty>
2019-10-17 07:10:49,689 [Thread-2804] INFO  impl.FollowerState (FollowerState.java:run(108)) - decc5551-dd4b-40dc-8ff5-b6b450d67f6f@group-42ACBF6EBE4E-FollowerState: change to CANDIDATE, lastRpcTime:127ms, electionTimeout:127ms
2019-10-17 07:10:49,689 [Thread-2804] INFO  impl.RoleInfo (RoleInfo.java:shutdownFollowerState(121)) - decc5551-dd4b-40dc-8ff5-b6b450d67f6f: shutdown FollowerState
2019-10-17 07:10:49,689 [Thread-2804] INFO  impl.RaftServerImpl (RaftServerImpl.java:setRole(184)) - decc5551-dd4b-40dc-8ff5-b6b450d67f6f@group-42ACBF6EBE4E: changes role from  FOLLOWER to CANDIDATE at term 215 for changeToCandidate
2019-10-17 07:10:49,689 [Thread-2804] INFO  impl.RoleInfo (RoleInfo.java:updateAndGet(143)) - decc5551-dd4b-40dc-8ff5-b6b450d67f6f: start LeaderElection
2019-10-17 07:10:49,722 [decc5551-dd4b-40dc-8ff5-b6b450d67f6f@group-42ACBF6EBE4E-LeaderElection359] INFO  impl.LeaderElection (LeaderElection.java:askForVotes(178)) - decc5551-dd4b-40dc-8ff5-b6b450d67f6f@group-42ACBF6EBE4E-LeaderElection359: begin an election at term 216 for -1: [215fceca-0555-458b-bc4f-ba38ff24d5ba:192.168.157.211:43803, decc5551-dd4b-40dc-8ff5-b6b450d67f6f:192.168.157.211:34435, 0c631657-10a5-4e2a-a322-8fc6c651b2ed:192.168.157.211:41694], old=null
2019-10-17 07:10:49,724 [grpc-default-executor-7] INFO  impl.RaftServerImpl (RaftServerImpl.java:setRole(184)) - 215fceca-0555-458b-bc4f-ba38ff24d5ba@group-42ACBF6EBE4E: changes role from  FOLLOWER to FOLLOWER at term 216 for recognizeCandidate:decc5551-dd4b-40dc-8ff5-b6b450d67f6f
2019-10-17 07:10:49,724 [grpc-default-executor-7] INFO  impl.RoleInfo (RoleInfo.java:shutdownFollowerState(121)) - 215fceca-0555-458b-bc4f-ba38ff24d5ba: shutdown FollowerState
2019-10-17 07:10:49,724 [grpc-default-executor-3] INFO  impl.RaftServerImpl (RaftServerImpl.java:setRole(184)) - 0c631657-10a5-4e2a-a322-8fc6c651b2ed@group-42ACBF6EBE4E: changes role from  FOLLOWER to FOLLOWER at term 216 for recognizeCandidate:decc5551-dd4b-40dc-8ff5-b6b450d67f6f
2019-10-17 07:10:49,724 [Thread-2802] INFO  impl.FollowerState (FollowerState.java:run(117)) - 215fceca-0555-458b-bc4f-ba38ff24d5ba@group-42ACBF6EBE4E-FollowerState was interrupted: java.lang.InterruptedException: sleep interrupted
2019-10-17 07:10:49,724 [grpc-default-executor-7] INFO  impl.RoleInfo (RoleInfo.java:updateAndGet(143)) - 215fceca-0555-458b-bc4f-ba38ff24d5ba: start FollowerState
2019-10-17 07:10:49,724 [grpc-default-executor-3] INFO  impl.RoleInfo (RoleInfo.java:shutdownFollowerState(121)) - 0c631657-10a5-4e2a-a322-8fc6c651b2ed: shutdown FollowerState
2019-10-17 07:10:49,725 [grpc-default-executor-3] INFO  impl.RoleInfo (RoleInfo.java:updateAndGet(143)) - 0c631657-10a5-4e2a-a322-8fc6c651b2ed: start FollowerState
2019-10-17 07:10:49,725 [Thread-2803] INFO  impl.FollowerState (FollowerState.java:run(117)) - 0c631657-10a5-4e2a-a322-8fc6c651b2ed@group-42ACBF6EBE4E-FollowerState was interrupted: java.lang.InterruptedException: sleep interrupted
2019-10-17 07:10:49,774 [decc5551-dd4b-40dc-8ff5-b6b450d67f6f@group-42ACBF6EBE4E-LeaderElection359] INFO  impl.LeaderElection (LeaderElection.java:logAndReturn(56)) - decc5551-dd4b-40dc-8ff5-b6b450d67f6f@group-42ACBF6EBE4E-LeaderElection359: Election REJECTED; received 2 response(s) [decc5551-dd4b-40dc-8ff5-b6b450d67f6f<-215fceca-0555-458b-bc4f-ba38ff24d5ba#0:FAIL-t216, decc5551-dd4b-40dc-8ff5-b6b450d67f6f<-0c631657-10a5-4e2a-a322-8fc6c651b2ed#0:FAIL-t216] and 0 exception(s); decc5551-dd4b-40dc-8ff5-b6b450d67f6f@group-42ACBF6EBE4E:t216, leader=null, voted=decc5551-dd4b-40dc-8ff5-b6b450d67f6f, raftlog=decc5551-dd4b-40dc-8ff5-b6b450d67f6f@group-42ACBF6EBE4E-SegmentedRaftLog:OPENED:c-1,f-1,i0, conf=-1: [215fceca-0555-458b-bc4f-ba38ff24d5ba:192.168.157.211:43803, decc5551-dd4b-40dc-8ff5-b6b450d67f6f:192.168.157.211:34435, 0c631657-10a5-4e2a-a322-8fc6c651b2ed:192.168.157.211:41694], old=null
2019-10-17 07:10:49,774 [decc5551-dd4b-40dc-8ff5-b6b450d67f6f@group-42ACBF6EBE4E-LeaderElection359] INFO  impl.RaftServerImpl (RaftServerImpl.java:setRole(184)) - decc5551-dd4b-40dc-8ff5-b6b450d67f6f@group-42ACBF6EBE4E: changes role from CANDIDATE to FOLLOWER at term 216 for DISCOVERED_A_NEW_TERM
2019-10-17 07:10:49,774 [decc5551-dd4b-40dc-8ff5-b6b450d67f6f@group-42ACBF6EBE4E-LeaderElection359] INFO  impl.RoleInfo (RoleInfo.java:shutdownLeaderElection(134)) - decc5551-dd4b-40dc-8ff5-b6b450d67f6f: shutdown LeaderElection
2019-10-17 07:10:49,774 [decc5551-dd4b-40dc-8ff5-b6b450d67f6f@group-42ACBF6EBE4E-LeaderElection359] INFO  impl.RoleInfo (RoleInfo.java:updateAndGet(143)) - decc5551-dd4b-40dc-8ff5-b6b450d67f6f: start FollowerState
2019-10-17 07:10:49,923 [Thread-2811] INFO  impl.FollowerState (FollowerState.java:run(108)) - decc5551-dd4b-40dc-8ff5-b6b450d67f6f@group-42ACBF6EBE4E-FollowerState: change to CANDIDATE, lastRpcTime:148ms, electionTimeout:148ms
2019-10-17 07:10:49,923 [Thread-2811] INFO  impl.RoleInfo (RoleInfo.java:shutdownFollowerState(121)) - decc5551-dd4b-40dc-8ff5-b6b450d67f6f: shutdown FollowerState
2019-10-17 07:10:49,923 [Thread-2811] INFO  impl.RaftServerImpl (RaftServerImpl.java:setRole(184)) - decc5551-dd4b-40dc-8ff5-b6b450d67f6f@group-42ACBF6EBE4E: changes role from  FOLLOWER to CANDIDATE at term 216 for changeToCandidate
2019-10-17 07:10:49,924 [Thread-2811] INFO  impl.RoleInfo (RoleInfo.java:updateAndGet(143)) - decc5551-dd4b-40dc-8ff5-b6b450d67f6f: start LeaderElection
2019-10-17 07:10:49,945 [decc5551-dd4b-40dc-8ff5-b6b450d67f6f@group-42ACBF6EBE4E-LeaderElection360] INFO  impl.LeaderElection (LeaderElection.java:askForVotes(178)) - decc5551-dd4b-40dc-8ff5-b6b450d67f6f@group-42ACBF6EBE4E-LeaderElection360: begin an election at term 217 for -1: [215fceca-0555-458b-bc4f-ba38ff24d5ba:192.168.157.211:43803, decc5551-dd4b-40dc-8ff5-b6b450d67f6f:192.168.157.211:34435, 0c631657-10a5-4e2a-a322-8fc6c651b2ed:192.168.157.211:41694], old=null
2019-10-17 07:10:49,948 [grpc-default-executor-7] INFO  impl.RaftServerImpl (RaftServerImpl.java:setRole(184)) - 215fceca-0555-458b-bc4f-ba38ff24d5ba@group-42ACBF6EBE4E: changes role from  FOLLOWER to FOLLOWER at term 217 for recognizeCandidate:decc5551-dd4b-40dc-8ff5-b6b450d67f6f
2019-10-17 07:10:49,949 [grpc-default-executor-7] INFO  impl.RoleInfo (RoleInfo.java:shutdownFollowerState(121)) - 215fceca-0555-458b-bc4f-ba38ff24d5ba: shutdown FollowerState
2019-10-17 07:10:49,948 [grpc-default-executor-3] INFO  impl.RaftServerImpl (RaftServerImpl.java:setRole(184)) - 0c631657-10a5-4e2a-a322-8fc6c651b2ed@group-42ACBF6EBE4E: changes role from  FOLLOWER to FOLLOWER at term 217 for recognizeCandidate:decc5551-dd4b-40dc-8ff5-b6b450d67f6f
2019-10-17 07:10:49,949 [Thread-2809] INFO  impl.FollowerState (FollowerState.java:run(117)) - 215fceca-0555-458b-bc4f-ba38ff24d5ba@group-42ACBF6EBE4E-FollowerState was interrupted: java.lang.InterruptedException: sleep interrupted
2019-10-17 07:10:49,949 [grpc-default-executor-7] INFO  impl.RoleInfo (RoleInfo.java:updateAndGet(143)) - 215fceca-0555-458b-bc4f-ba38ff24d5ba: start FollowerState
2019-10-17 07:10:49,949 [grpc-default-executor-3] INFO  impl.RoleInfo (RoleInfo.java:shutdownFollowerState(121)) - 0c631657-10a5-4e2a-a322-8fc6c651b2ed: shutdown FollowerState
2019-10-17 07:10:49,949 [grpc-default-executor-3] INFO  impl.RoleInfo (RoleInfo.java:updateAndGet(143)) - 0c631657-10a5-4e2a-a322-8fc6c651b2ed: start FollowerState
2019-10-17 07:10:49,949 [Thread-2810] INFO  impl.FollowerState (FollowerState.java:run(117)) - 0c631657-10a5-4e2a-a322-8fc6c651b2ed@group-42ACBF6EBE4E-FollowerState was interrupted: java.lang.InterruptedException: sleep interrupted
2019-10-17 07:10:49,964 [decc5551-dd4b-40dc-8ff5-b6b450d67f6f@group-42ACBF6EBE4E-LeaderElection360] INFO  impl.LeaderElection (LeaderElection.java:logAndReturn(56)) - decc5551-dd4b-40dc-8ff5-b6b450d67f6f@group-42ACBF6EBE4E-LeaderElection360: Election REJECTED; received 2 response(s) [decc5551-dd4b-40dc-8ff5-b6b450d67f6f<-215fceca-0555-458b-bc4f-ba38ff24d5ba#0:FAIL-t217, decc5551-dd4b-40dc-8ff5-b6b450d67f6f<-0c631657-10a5-4e2a-a322-8fc6c651b2ed#0:FAIL-t217] and 0 exception(s); decc5551-dd4b-40dc-8ff5-b6b450d67f6f@group-42ACBF6EBE4E:t217, leader=null, voted=decc5551-dd4b-40dc-8ff5-b6b450d67f6f, raftlog=decc5551-dd4b-40dc-8ff5-b6b450d67f6f@group-42ACBF6EBE4E-SegmentedRaftLog:OPENED:c-1,f-1,i0, conf=-1: [215fceca-0555-458b-bc4f-ba38ff24d5ba:192.168.157.211:43803, decc5551-dd4b-40dc-8ff5-b6b450d67f6f:192.168.157.211:34435, 0c631657-10a5-4e2a-a322-8fc6c651b2ed:192.168.157.211:41694], old=null
2019-10-17 07:10:49,964 [decc5551-dd4b-40dc-8ff5-b6b450d67f6f@group-42ACBF6EBE4E-LeaderElection360] INFO  impl.RaftServerImpl (RaftServerImpl.java:setRole(184)) - decc5551-dd4b-40dc-8ff5-b6b450d67f6f@group-42ACBF6EBE4E: changes role from CANDIDATE to FOLLOWER at term 217 for DISCOVERED_A_NEW_TERM
2019-10-17 07:10:49,964 [decc5551-dd4b-40dc-8ff5-b6b450d67f6f@group-42ACBF6EBE4E-LeaderElection360] INFO  impl.RoleInfo (RoleInfo.java:shutdownLeaderElection(134)) - decc5551-dd4b-40dc-8ff5-b6b450d67f6f: shutdown LeaderElection
2019-10-17 07:10:49,964 [decc5551-dd4b-40dc-8ff5-b6b450d67f6f@group-42ACBF6EBE4E-LeaderElection360] INFO  impl.RoleInfo (RoleInfo.java:updateAndGet(143)) - decc5551-dd4b-40dc-8ff5-b6b450d67f6f: start FollowerState
2019-10-17 07:10:50,054 [Thread-2817] INFO  impl.FollowerState (FollowerState.java:run(108)) - decc5551-dd4b-40dc-8ff5-b6b450d67f6f@group-42ACBF6EBE4E-FollowerState: change to CANDIDATE, lastRpcTime:89ms, electionTimeout:89ms
2019-10-17 07:10:50,054 [Thread-2817] INFO  impl.RoleInfo (RoleInfo.java:shutdownFollowerState(121)) - decc5551-dd4b-40dc-8ff5-b6b450d67f6f: shutdown FollowerState
2019-10-17 07:10:50,054 [ForkJoinPool.commonPool-worker-0] INFO  ozoneimpl.OzoneContainer (OzoneContainer.java:stop(227)) - Attempting to stop container services.
2019-10-17 07:10:50,054 [Thread-2817] INFO  impl.RaftServerImpl (RaftServerImpl.java:setRole(184)) - decc5551-dd4b-40dc-8ff5-b6b450d67f6f@group-42ACBF6EBE4E: changes role from  FOLLOWER to CANDIDATE at term 217 for changeToCandidate
2019-10-17 07:10:50,055 [Thread-2817] INFO  impl.RoleInfo (RoleInfo.java:updateAndGet(143)) - decc5551-dd4b-40dc-8ff5-b6b450d67f6f: start LeaderElection
2019-10-17 07:10:50,055 [ForkJoinPool.commonPool-worker-0] INFO  impl.RaftServerProxy (RaftServerProxy.java:lambda$close$4(314)) - decc5551-dd4b-40dc-8ff5-b6b450d67f6f: close
2019-10-17 07:10:50,055 [ForkJoinPool.commonPool-worker-0] INFO  impl.RaftServerImpl (RaftServerImpl.java:lambda$shutdown$3(261)) - decc5551-dd4b-40dc-8ff5-b6b450d67f6f@group-769B41B895DA: shutdown
2019-10-17 07:10:50,056 [ForkJoinPool.commonPool-worker-0] INFO  util.JmxRegister (JmxRegister.java:unregister(73)) - Successfully un-registered JMX Bean with object name Ratis:service=RaftServer,group=group-769B41B895DA,id=decc5551-dd4b-40dc-8ff5-b6b450d67f6f
2019-10-17 07:10:50,056 [ForkJoinPool.commonPool-worker-0] INFO  impl.RoleInfo (RoleInfo.java:shutdownLeaderState(104)) - decc5551-dd4b-40dc-8ff5-b6b450d67f6f: shutdown LeaderState
2019-10-17 07:10:50,056 [ForkJoinPool.commonPool-worker-0] INFO  impl.PendingRequests (PendingRequests.java:sendNotLeaderResponses(202)) - decc5551-dd4b-40dc-8ff5-b6b450d67f6f@group-769B41B895DA-PendingRequests: sendNotLeaderResponses
2019-10-17 07:10:50,057 [ForkJoinPool.commonPool-worker-0] INFO  impl.StateMachineUpdater (StateMachineUpdater.java:stopAndJoin(136)) - decc5551-dd4b-40dc-8ff5-b6b450d67f6f@group-769B41B895DA-StateMachineUpdater: set stopIndex = 0
2019-10-17 07:10:50,057 [ForkJoinPool.commonPool-worker-0] INFO  impl.RaftServerImpl (ServerState.java:close(388)) - decc5551-dd4b-40dc-8ff5-b6b450d67f6f@group-769B41B895DA: closes. applyIndex: 0
2019-10-17 07:10:50,058 [decc5551-dd4b-40dc-8ff5-b6b450d67f6f@group-769B41B895DA-SegmentedRaftLogWorker] INFO  segmented.SegmentedRaftLogWorker (SegmentedRaftLogWorker.java:run(316)) - decc5551-dd4b-40dc-8ff5-b6b450d67f6f@group-769B41B895DA-SegmentedRaftLogWorker was interrupted, exiting. There are 0 tasks remaining in the queue.
2019-10-17 07:10:50,060 [ForkJoinPool.commonPool-worker-0] INFO  segmented.SegmentedRaftLogWorker (SegmentedRaftLogWorker.java:close(224)) - decc5551-dd4b-40dc-8ff5-b6b450d67f6f@group-769B41B895DA-SegmentedRaftLogWorker close()
2019-10-17 07:10:50,063 [ForkJoinPool.commonPool-worker-0] INFO  impl.RaftServerImpl (RaftServerImpl.java:lambda$shutdown$3(261)) - decc5551-dd4b-40dc-8ff5-b6b450d67f6f@group-42ACBF6EBE4E: shutdown
2019-10-17 07:10:50,063 [ForkJoinPool.commonPool-worker-0] INFO  util.JmxRegister (JmxRegister.java:unregister(73)) - Successfully un-registered JMX Bean with object name Ratis:service=RaftServer,group=group-42ACBF6EBE4E,id=decc5551-dd4b-40dc-8ff5-b6b450d67f6f
2019-10-17 07:10:50,064 [ForkJoinPool.commonPool-worker-0] INFO  impl.RoleInfo (RoleInfo.java:shutdownLeaderElection(134)) - decc5551-dd4b-40dc-8ff5-b6b450d67f6f: shutdown LeaderElection
2019-10-17 07:10:50,064 [ForkJoinPool.commonPool-worker-0] INFO  impl.StateMachineUpdater (StateMachineUpdater.java:stopAndJoin(136)) - decc5551-dd4b-40dc-8ff5-b6b450d67f6f@group-42ACBF6EBE4E-StateMachineUpdater: set stopIndex = -1
2019-10-17 07:10:50,064 [ForkJoinPool.commonPool-worker-0] INFO  impl.RaftServerImpl (ServerState.java:close(388)) - decc5551-dd4b-40dc-8ff5-b6b450d67f6f@group-42ACBF6EBE4E: closes. applyIndex: -1
2019-10-17 07:10:50,065 [decc5551-dd4b-40dc-8ff5-b6b450d67f6f@group-42ACBF6EBE4E-SegmentedRaftLogWorker] INFO  segmented.SegmentedRaftLogWorker (SegmentedRaftLogWorker.java:run(316)) - decc5551-dd4b-40dc-8ff5-b6b450d67f6f@group-42ACBF6EBE4E-SegmentedRaftLogWorker was interrupted, exiting. There are 0 tasks remaining in the queue.
2019-10-17 07:10:50,065 [ForkJoinPool.commonPool-worker-0] INFO  segmented.SegmentedRaftLogWorker (SegmentedRaftLogWorker.java:close(224)) - decc5551-dd4b-40dc-8ff5-b6b450d67f6f@group-42ACBF6EBE4E-SegmentedRaftLogWorker close()
2019-10-17 07:10:50,069 [ForkJoinPool.commonPool-worker-0] INFO  server.GrpcService (GrpcService.java:closeImpl(164)) - decc5551-dd4b-40dc-8ff5-b6b450d67f6f: shutdown server with port 34435 now
2019-10-17 07:10:50,070 [decc5551-dd4b-40dc-8ff5-b6b450d67f6f@group-42ACBF6EBE4E-LeaderElection361] INFO  impl.LeaderElection (LeaderElection.java:askForVotes(178)) - decc5551-dd4b-40dc-8ff5-b6b450d67f6f@group-42ACBF6EBE4E-LeaderElection361: begin an election at term 218 for -1: [215fceca-0555-458b-bc4f-ba38ff24d5ba:192.168.157.211:43803, decc5551-dd4b-40dc-8ff5-b6b450d67f6f:192.168.157.211:34435, 0c631657-10a5-4e2a-a322-8fc6c651b2ed:192.168.157.211:41694], old=null
2019-10-17 07:10:50,070 [ForkJoinPool.commonPool-worker-0] INFO  server.GrpcService (GrpcService.java:closeImpl(172)) - decc5551-dd4b-40dc-8ff5-b6b450d67f6f: shutdown server with port 34435 successfully
2019-10-17 07:10:50,071 [decc5551-dd4b-40dc-8ff5-b6b450d67f6f@group-42ACBF6EBE4E-LeaderElection361] INFO  impl.LeaderElection (LeaderElection.java:run(137)) - decc5551-dd4b-40dc-8ff5-b6b450d67f6f@group-42ACBF6EBE4E-LeaderElection361: IllegalArgumentException is safely ignored since this is already CLOSING
java.lang.IllegalArgumentException: decc5551-dd4b-40dc-8ff5-b6b450d67f6f@group-42ACBF6EBE4E-SegmentedRaftLog is expected to be opened but it is CLOSED
	at org.apache.ratis.util.OpenCloseState.assertOpen(OpenCloseState.java:63)
	at org.apache.ratis.server.raftlog.RaftLog.checkLogState(RaftLog.java:102)
	at org.apache.ratis.server.raftlog.segmented.SegmentedRaftLog.getLastEntryTermIndex(SegmentedRaftLog.java:345)
	at org.apache.ratis.server.impl.LeaderElection.askForVotes(LeaderElection.java:180)
	at org.apache.ratis.server.impl.LeaderElection.run(LeaderElection.java:133)
	at java.lang.Thread.run(Thread.java:748)
Caused by: org.apache.ratis.util.OpenCloseState$CloseTrace: Close decc5551-dd4b-40dc-8ff5-b6b450d67f6f@group-42ACBF6EBE4E-SegmentedRaftLog
	at org.apache.ratis.util.OpenCloseState.lambda$close$1(OpenCloseState.java:109)
	at java.util.concurrent.atomic.AtomicReference.getAndUpdate(AtomicReference.java:160)
	at org.apache.ratis.util.OpenCloseState.close(OpenCloseState.java:109)
	at org.apache.ratis.server.raftlog.RaftLog.close(RaftLog.java:437)
	at org.apache.ratis.server.raftlog.segmented.SegmentedRaftLog.close(SegmentedRaftLog.java:500)
	at org.apache.ratis.server.impl.ServerState.close(ServerState.java:390)
	at org.apache.ratis.server.impl.RaftServerImpl.lambda$shutdown$3(RaftServerImpl.java:283)
	at org.apache.ratis.util.LifeCycle.lambda$checkStateAndClose$2(LifeCycle.java:231)
	at org.apache.ratis.util.LifeCycle.checkStateAndClose(LifeCycle.java:251)
	at org.apache.ratis.util.LifeCycle.checkStateAndClose(LifeCycle.java:229)
	at org.apache.ratis.server.impl.RaftServerImpl.shutdown(RaftServerImpl.java:260)
	at org.apache.ratis.server.impl.RaftServerProxy$ImplMap.lambda$close$0(RaftServerProxy.java:107)
	at java.util.stream.ForEachOps$ForEachOp$OfRef.accept(ForEachOps.java:183)
	at java.util.stream.ReferencePipeline$3$1.accept(ReferencePipeline.java:193)
	at java.util.concurrent.ConcurrentHashMap$ValueSpliterator.forEachRemaining(ConcurrentHashMap.java:3566)
	at java.util.stream.AbstractPipeline.copyInto(AbstractPipeline.java:482)
	at java.util.stream.ForEachOps$ForEachTask.compute(ForEachOps.java:290)
	at java.util.concurrent.CountedCompleter.exec(CountedCompleter.java:731)
	at java.util.concurrent.ForkJoinTask.doExec(ForkJoinTask.java:289)
	at java.util.concurrent.ForkJoinTask.doInvoke(ForkJoinTask.java:401)
	at java.util.concurrent.ForkJoinTask.invoke(ForkJoinTask.java:734)
	at java.util.stream.ForEachOps$ForEachOp.evaluateParallel(ForEachOps.java:159)
	at java.util.stream.ForEachOps$ForEachOp$OfRef.evaluateParallel(ForEachOps.java:173)
	at java.util.stream.AbstractPipeline.evaluate(AbstractPipeline.java:233)
	at java.util.stream.ReferencePipeline.forEach(ReferencePipeline.java:485)
	at org.apache.ratis.server.impl.RaftServerProxy$ImplMap.close(RaftServerProxy.java:107)
	at org.apache.ratis.server.impl.RaftServerProxy.lambda$close$4(RaftServerProxy.java:315)
	at org.apache.ratis.util.LifeCycle.lambda$checkStateAndClose$2(LifeCycle.java:231)
	at org.apache.ratis.util.LifeCycle.checkStateAndClose(LifeCycle.java:251)
	at org.apache.ratis.util.LifeCycle.checkStateAndClose(LifeCycle.java:229)
	at org.apache.ratis.server.impl.RaftServerProxy.close(RaftServerProxy.java:313)
	at org.apache.hadoop.ozone.container.common.transport.server.ratis.XceiverServerRatis.stop(XceiverServerRatis.java:448)
	at org.apache.hadoop.ozone.container.ozoneimpl.OzoneContainer.stop(OzoneContainer.java:229)
	at org.apache.hadoop.ozone.container.common.statemachine.DatanodeStateMachine.close(DatanodeStateMachine.java:270)
	at org.apache.hadoop.ozone.container.common.statemachine.DatanodeStateMachine.stopDaemon(DatanodeStateMachine.java:394)
	at org.apache.hadoop.ozone.HddsDatanodeService.stop(HddsDatanodeService.java:457)
	at org.apache.hadoop.ozone.MiniOzoneClusterImpl.stopDatanode(MiniOzoneClusterImpl.java:385)
	at java.util.stream.ForEachOps$ForEachOp$OfRef.accept(ForEachOps.java:183)
	at java.util.ArrayList$ArrayListSpliterator.forEachRemaining(ArrayList.java:1382)
	at java.util.stream.AbstractPipeline.copyInto(AbstractPipeline.java:482)
	at java.util.stream.ForEachOps$ForEachTask.compute(ForEachOps.java:290)
	at java.util.concurrent.CountedCompleter.exec(CountedCompleter.java:731)
	at java.util.concurrent.ForkJoinTask.doExec(ForkJoinTask.java:289)
	at java.util.concurrent.ForkJoinPool$WorkQueue.execLocalTasks(ForkJoinPool.java:1040)
	at java.util.concurrent.ForkJoinPool$WorkQueue.runTask(ForkJoinPool.java:1058)
	at java.util.concurrent.ForkJoinPool.runWorker(ForkJoinPool.java:1692)
	at java.util.concurrent.ForkJoinWorkerThread.run(ForkJoinWorkerThread.java:157)
2019-10-17 07:10:50,076 [refreshUsed-/workdir/hadoop-ozone/integration-test/target/test-dir/MiniOzoneClusterImpl-ef926406-3935-4524-95f5-43adee877df5/datanode-4/data/containers] WARN  fs.CachingGetSpaceUsed (CachingGetSpaceUsed.java:run(183)) - Thread Interrupted waiting to refresh disk information: sleep interrupted
2019-10-17 07:10:50,096 [ForkJoinPool.commonPool-worker-0] INFO  utils.BackgroundService (BackgroundService.java:shutdown(151)) - Shutting down service BlockDeletingService
2019-10-17 07:10:50,096 [main] INFO  ozoneimpl.OzoneContainer (OzoneContainer.java:stop(227)) - Attempting to stop container services.
2019-10-17 07:10:50,098 [main] INFO  impl.RaftServerProxy (RaftServerProxy.java:lambda$close$4(314)) - 0c631657-10a5-4e2a-a322-8fc6c651b2ed: close
2019-10-17 07:10:50,100 [ForkJoinPool.commonPool-worker-0] INFO  statemachine.DatanodeStateMachine (DatanodeStateMachine.java:stopDaemon(395)) - Ozone container server stopped.
2019-10-17 07:10:50,100 [main] INFO  impl.RaftServerImpl (RaftServerImpl.java:lambda$shutdown$3(261)) - 0c631657-10a5-4e2a-a322-8fc6c651b2ed@group-42ACBF6EBE4E: shutdown
2019-10-17 07:10:50,102 [main] INFO  util.JmxRegister (JmxRegister.java:unregister(73)) - Successfully un-registered JMX Bean with object name Ratis:service=RaftServer,group=group-42ACBF6EBE4E,id=0c631657-10a5-4e2a-a322-8fc6c651b2ed
2019-10-17 07:10:50,103 [main] INFO  impl.RoleInfo (RoleInfo.java:shutdownFollowerState(121)) - 0c631657-10a5-4e2a-a322-8fc6c651b2ed: shutdown FollowerState
2019-10-17 07:10:50,103 [main] INFO  impl.StateMachineUpdater (StateMachineUpdater.java:stopAndJoin(136)) - 0c631657-10a5-4e2a-a322-8fc6c651b2ed@group-42ACBF6EBE4E-StateMachineUpdater: set stopIndex = 0
2019-10-17 07:10:50,103 [Thread-2816] INFO  impl.FollowerState (FollowerState.java:run(117)) - 0c631657-10a5-4e2a-a322-8fc6c651b2ed@group-42ACBF6EBE4E-FollowerState was interrupted: java.lang.InterruptedException: sleep interrupted
2019-10-17 07:10:50,105 [main] INFO  impl.RaftServerImpl (ServerState.java:close(388)) - 0c631657-10a5-4e2a-a322-8fc6c651b2ed@group-42ACBF6EBE4E: closes. applyIndex: 0
2019-10-17 07:10:50,105 [ForkJoinPool.commonPool-worker-0] INFO  handler.ContextHandler (ContextHandler.java:doStop(910)) - Stopped o.e.j.w.WebAppContext@588f63c{/,null,UNAVAILABLE}{/hddsDatanode}
2019-10-17 07:10:50,105 [0c631657-10a5-4e2a-a322-8fc6c651b2ed@group-42ACBF6EBE4E-SegmentedRaftLogWorker] INFO  segmented.SegmentedRaftLogWorker (SegmentedRaftLogWorker.java:run(316)) - 0c631657-10a5-4e2a-a322-8fc6c651b2ed@group-42ACBF6EBE4E-SegmentedRaftLogWorker was interrupted, exiting. There are 0 tasks remaining in the queue.
2019-10-17 07:10:50,106 [main] INFO  segmented.SegmentedRaftLogWorker (SegmentedRaftLogWorker.java:close(224)) - 0c631657-10a5-4e2a-a322-8fc6c651b2ed@group-42ACBF6EBE4E-SegmentedRaftLogWorker close()
2019-10-17 07:10:50,107 [ForkJoinPool.commonPool-worker-0] INFO  server.AbstractConnector (AbstractConnector.java:doStop(318)) - Stopped ServerConnector@5a6fa56e{HTTP/1.1,[http/1.1]}{0.0.0.0:0}
2019-10-17 07:10:50,110 [main] INFO  impl.RaftServerImpl (RaftServerImpl.java:lambda$shutdown$3(261)) - 0c631657-10a5-4e2a-a322-8fc6c651b2ed@group-94B247354325: shutdown
2019-10-17 07:10:50,110 [ForkJoinPool.commonPool-worker-0] INFO  handler.ContextHandler (ContextHandler.java:doStop(910)) - Stopped o.e.j.s.ServletContextHandler@32e54a9d{/static,jar:file:/home/user/.m2/repository/org/apache/hadoop/hadoop-hdds-container-service/0.5.0-SNAPSHOT/hadoop-hdds-container-service-0.5.0-SNAPSHOT.jar!/webapps/static,UNAVAILABLE}
2019-10-17 07:10:50,110 [main] INFO  util.JmxRegister (JmxRegister.java:unregister(73)) - Successfully un-registered JMX Bean with object name Ratis:service=RaftServer,group=group-94B247354325,id=0c631657-10a5-4e2a-a322-8fc6c651b2ed
2019-10-17 07:10:50,111 [ForkJoinPool.commonPool-worker-0] INFO  handler.ContextHandler (ContextHandler.java:doStop(910)) - Stopped o.e.j.s.ServletContextHandler@7100dea{/logs,file:///workdir/hadoop-ozone/integration-test/target/log,UNAVAILABLE}
2019-10-17 07:10:50,112 [main] INFO  impl.RoleInfo (RoleInfo.java:shutdownLeaderState(104)) - 0c631657-10a5-4e2a-a322-8fc6c651b2ed: shutdown LeaderState
2019-10-17 07:10:50,112 [main] INFO  impl.PendingRequests (PendingRequests.java:sendNotLeaderResponses(202)) - 0c631657-10a5-4e2a-a322-8fc6c651b2ed@group-94B247354325-PendingRequests: sendNotLeaderResponses
2019-10-17 07:10:50,113 [main] INFO  impl.StateMachineUpdater (StateMachineUpdater.java:stopAndJoin(136)) - 0c631657-10a5-4e2a-a322-8fc6c651b2ed@group-94B247354325-StateMachineUpdater: set stopIndex = 0
2019-10-17 07:10:50,113 [main] INFO  impl.RaftServerImpl (ServerState.java:close(388)) - 0c631657-10a5-4e2a-a322-8fc6c651b2ed@group-94B247354325: closes. applyIndex: 0
2019-10-17 07:10:50,113 [0c631657-10a5-4e2a-a322-8fc6c651b2ed@group-94B247354325-SegmentedRaftLogWorker] INFO  segmented.SegmentedRaftLogWorker (SegmentedRaftLogWorker.java:run(316)) - 0c631657-10a5-4e2a-a322-8fc6c651b2ed@group-94B247354325-SegmentedRaftLogWorker was interrupted, exiting. There are 0 tasks remaining in the queue.
2019-10-17 07:10:50,114 [main] INFO  segmented.SegmentedRaftLogWorker (SegmentedRaftLogWorker.java:close(224)) - 0c631657-10a5-4e2a-a322-8fc6c651b2ed@group-94B247354325-SegmentedRaftLogWorker close()
2019-10-17 07:10:50,124 [java.util.concurrent.ThreadPoolExecutor$Worker@234137a4[State = -1, empty queue]] WARN  server.GrpcLogAppender (GrpcLogAppender.java:timeoutAppendRequest(209)) - d31fb603-bc45-4cd2-bfc5-2ee103695b2e@group-A2172F2EE55F->a4e5d14e-95af-4d1f-b670-5b1c42084e26-GrpcLogAppender: appendEntries Timeout, request=d31fb603-bc45-4cd2-bfc5-2ee103695b2e->a4e5d14e-95af-4d1f-b670-5b1c42084e26#65-t3, previous=(t:3, i:20), leaderCommit=20, initializing? false, entries: <empty>
2019-10-17 07:10:50,124 [main] INFO  server.GrpcService (GrpcService.java:closeImpl(164)) - 0c631657-10a5-4e2a-a322-8fc6c651b2ed: shutdown server with port 41694 now
2019-10-17 07:10:50,125 [main] INFO  server.GrpcService (GrpcService.java:closeImpl(172)) - 0c631657-10a5-4e2a-a322-8fc6c651b2ed: shutdown server with port 41694 successfully
2019-10-17 07:10:50,130 [refreshUsed-/workdir/hadoop-ozone/integration-test/target/test-dir/MiniOzoneClusterImpl-ef926406-3935-4524-95f5-43adee877df5/datanode-8/data/containers] WARN  fs.CachingGetSpaceUsed (CachingGetSpaceUsed.java:run(183)) - Thread Interrupted waiting to refresh disk information: sleep interrupted
2019-10-17 07:10:50,146 [main] INFO  utils.BackgroundService (BackgroundService.java:shutdown(151)) - Shutting down service BlockDeletingService
2019-10-17 07:10:50,149 [main] INFO  statemachine.DatanodeStateMachine (DatanodeStateMachine.java:stopDaemon(395)) - Ozone container server stopped.
2019-10-17 07:10:50,150 [main] INFO  handler.ContextHandler (ContextHandler.java:doStop(910)) - Stopped o.e.j.w.WebAppContext@57272109{/,null,UNAVAILABLE}{/hddsDatanode}
2019-10-17 07:10:50,150 [main] INFO  server.AbstractConnector (AbstractConnector.java:doStop(318)) - Stopped ServerConnector@59696551{HTTP/1.1,[http/1.1]}{0.0.0.0:0}
2019-10-17 07:10:50,150 [main] INFO  handler.ContextHandler (ContextHandler.java:doStop(910)) - Stopped o.e.j.s.ServletContextHandler@66b59b7d{/static,jar:file:/home/user/.m2/repository/org/apache/hadoop/hadoop-hdds-container-service/0.5.0-SNAPSHOT/hadoop-hdds-container-service-0.5.0-SNAPSHOT.jar!/webapps/static,UNAVAILABLE}
2019-10-17 07:10:50,151 [main] INFO  handler.ContextHandler (ContextHandler.java:doStop(910)) - Stopped o.e.j.s.ServletContextHandler@6edf29c1{/logs,file:///workdir/hadoop-ozone/integration-test/target/log,UNAVAILABLE}
2019-10-17 07:10:50,617 [java.util.concurrent.ThreadPoolExecutor$Worker@234137a4[State = -1, empty queue]] WARN  server.GrpcLogAppender (GrpcLogAppender.java:timeoutAppendRequest(209)) - d31fb603-bc45-4cd2-bfc5-2ee103695b2e@group-A2172F2EE55F->a4e5d14e-95af-4d1f-b670-5b1c42084e26-GrpcLogAppender: appendEntries Timeout, request=d31fb603-bc45-4cd2-bfc5-2ee103695b2e->a4e5d14e-95af-4d1f-b670-5b1c42084e26#66-t3, previous=(t:3, i:20), leaderCommit=20, initializing? false, entries: <empty>
2019-10-17 07:10:50,652 [Thread-2798] INFO  impl.FollowerState (FollowerState.java:run(108)) - 67ae3572-7d88-4e50-b53b-0f48f6748b38@group-233C052D78D6-FollowerState: change to CANDIDATE, lastRpcTime:1113ms, electionTimeout:1113ms
2019-10-17 07:10:50,652 [Thread-2798] INFO  impl.RoleInfo (RoleInfo.java:shutdownFollowerState(121)) - 67ae3572-7d88-4e50-b53b-0f48f6748b38: shutdown FollowerState
2019-10-17 07:10:50,652 [Thread-2798] INFO  impl.RaftServerImpl (RaftServerImpl.java:setRole(184)) - 67ae3572-7d88-4e50-b53b-0f48f6748b38@group-233C052D78D6: changes role from  FOLLOWER to CANDIDATE at term 174 for changeToCandidate
2019-10-17 07:10:50,652 [Thread-2798] INFO  impl.RoleInfo (RoleInfo.java:updateAndGet(143)) - 67ae3572-7d88-4e50-b53b-0f48f6748b38: start LeaderElection
2019-10-17 07:10:50,667 [67ae3572-7d88-4e50-b53b-0f48f6748b38@group-233C052D78D6-LeaderElection362] INFO  impl.LeaderElection (LeaderElection.java:askForVotes(178)) - 67ae3572-7d88-4e50-b53b-0f48f6748b38@group-233C052D78D6-LeaderElection362: begin an election at term 175 for 0: [67ae3572-7d88-4e50-b53b-0f48f6748b38:192.168.157.211:41299, 831edaa1-80a5-4091-843f-90c648a5a79d:192.168.157.211:44365, 5c4ee31d-c5ed-4c65-a5df-da3e3cf53ac2:192.168.157.211:45059], old=null
2019-10-17 07:10:50,668 [67ae3572-7d88-4e50-b53b-0f48f6748b38@group-233C052D78D6-LeaderElection362] INFO  impl.LeaderElection (LogUtils.java:infoOrTrace(149)) - 67ae3572-7d88-4e50-b53b-0f48f6748b38@group-233C052D78D6-LeaderElection362 got exception when requesting votes: {}
java.util.concurrent.ExecutionException: org.apache.ratis.thirdparty.io.grpc.StatusRuntimeException: UNAVAILABLE: io exception
	at java.util.concurrent.FutureTask.report(FutureTask.java:122)
	at java.util.concurrent.FutureTask.get(FutureTask.java:192)
	at org.apache.ratis.server.impl.LeaderElection.waitForResults(LeaderElection.java:259)
	at org.apache.ratis.server.impl.LeaderElection.askForVotes(LeaderElection.java:197)
	at org.apache.ratis.server.impl.LeaderElection.run(LeaderElection.java:133)
	at java.lang.Thread.run(Thread.java:748)
Caused by: org.apache.ratis.thirdparty.io.grpc.StatusRuntimeException: UNAVAILABLE: io exception
	at org.apache.ratis.thirdparty.io.grpc.stub.ClientCalls.toStatusRuntimeException(ClientCalls.java:233)
	at org.apache.ratis.thirdparty.io.grpc.stub.ClientCalls.getUnchecked(ClientCalls.java:214)
	at org.apache.ratis.thirdparty.io.grpc.stub.ClientCalls.blockingUnaryCall(ClientCalls.java:139)
	at org.apache.ratis.proto.grpc.RaftServerProtocolServiceGrpc$RaftServerProtocolServiceBlockingStub.requestVote(RaftServerProtocolServiceGrpc.java:265)
	at org.apache.ratis.grpc.server.GrpcServerProtocolClient.requestVote(GrpcServerProtocolClient.java:99)
	at org.apache.ratis.grpc.server.GrpcService.requestVote(GrpcService.java:204)
	at org.apache.ratis.server.impl.LeaderElection.lambda$submitRequests$1(LeaderElection.java:234)
	at java.util.concurrent.FutureTask.run(FutureTask.java:266)
	at java.util.concurrent.Executors$RunnableAdapter.call(Executors.java:511)
	at java.util.concurrent.FutureTask.run(FutureTask.java:266)
	at java.util.concurrent.ThreadPoolExecutor.runWorker(ThreadPoolExecutor.java:1149)
	at java.util.concurrent.ThreadPoolExecutor$Worker.run(ThreadPoolExecutor.java:624)
	... 1 more
Caused by: org.apache.ratis.thirdparty.io.netty.channel.AbstractChannel$AnnotatedConnectException: Connection refused: /192.168.157.211:44365
	at sun.nio.ch.SocketChannelImpl.checkConnect(Native Method)
	at sun.nio.ch.SocketChannelImpl.finishConnect(SocketChannelImpl.java:717)
	at org.apache.ratis.thirdparty.io.netty.channel.socket.nio.NioSocketChannel.doFinishConnect(NioSocketChannel.java:327)
	at org.apache.ratis.thirdparty.io.netty.channel.nio.AbstractNioChannel$AbstractNioUnsafe.finishConnect(AbstractNioChannel.java:340)
	at org.apache.ratis.thirdparty.io.netty.channel.nio.NioEventLoop.processSelectedKey(NioEventLoop.java:632)
	at org.apache.ratis.thirdparty.io.netty.channel.nio.NioEventLoop.processSelectedKeysOptimized(NioEventLoop.java:579)
	at org.apache.ratis.thirdparty.io.netty.channel.nio.NioEventLoop.processSelectedKeys(NioEventLoop.java:496)
	at org.apache.ratis.thirdparty.io.netty.channel.nio.NioEventLoop.run(NioEventLoop.java:458)
	at org.apache.ratis.thirdparty.io.netty.util.concurrent.SingleThreadEventExecutor$5.run(SingleThreadEventExecutor.java:897)
	at org.apache.ratis.thirdparty.io.netty.util.concurrent.FastThreadLocalRunnable.run(FastThreadLocalRunnable.java:30)
	... 1 more
Caused by: java.net.ConnectException: Connection refused
	... 11 more
2019-10-17 07:10:50,670 [67ae3572-7d88-4e50-b53b-0f48f6748b38@group-233C052D78D6-LeaderElection362] INFO  impl.LeaderElection (LogUtils.java:infoOrTrace(149)) - 67ae3572-7d88-4e50-b53b-0f48f6748b38@group-233C052D78D6-LeaderElection362 got exception when requesting votes: {}
java.util.concurrent.ExecutionException: org.apache.ratis.thirdparty.io.grpc.StatusRuntimeException: UNAVAILABLE: io exception
	at java.util.concurrent.FutureTask.report(FutureTask.java:122)
	at java.util.concurrent.FutureTask.get(FutureTask.java:192)
	at org.apache.ratis.server.impl.LeaderElection.waitForResults(LeaderElection.java:259)
	at org.apache.ratis.server.impl.LeaderElection.askForVotes(LeaderElection.java:197)
	at org.apache.ratis.server.impl.LeaderElection.run(LeaderElection.java:133)
	at java.lang.Thread.run(Thread.java:748)
Caused by: org.apache.ratis.thirdparty.io.grpc.StatusRuntimeException: UNAVAILABLE: io exception
	at org.apache.ratis.thirdparty.io.grpc.stub.ClientCalls.toStatusRuntimeException(ClientCalls.java:233)
	at org.apache.ratis.thirdparty.io.grpc.stub.ClientCalls.getUnchecked(ClientCalls.java:214)
	at org.apache.ratis.thirdparty.io.grpc.stub.ClientCalls.blockingUnaryCall(ClientCalls.java:139)
	at org.apache.ratis.proto.grpc.RaftServerProtocolServiceGrpc$RaftServerProtocolServiceBlockingStub.requestVote(RaftServerProtocolServiceGrpc.java:265)
	at org.apache.ratis.grpc.server.GrpcServerProtocolClient.requestVote(GrpcServerProtocolClient.java:99)
	at org.apache.ratis.grpc.server.GrpcService.requestVote(GrpcService.java:204)
	at org.apache.ratis.server.impl.LeaderElection.lambda$submitRequests$1(LeaderElection.java:234)
	at java.util.concurrent.FutureTask.run(FutureTask.java:266)
	at java.util.concurrent.Executors$RunnableAdapter.call(Executors.java:511)
	at java.util.concurrent.FutureTask.run(FutureTask.java:266)
	at java.util.concurrent.ThreadPoolExecutor.runWorker(ThreadPoolExecutor.java:1149)
	at java.util.concurrent.ThreadPoolExecutor$Worker.run(ThreadPoolExecutor.java:624)
	... 1 more
Caused by: org.apache.ratis.thirdparty.io.netty.channel.AbstractChannel$AnnotatedConnectException: Connection refused: /192.168.157.211:45059
	at sun.nio.ch.SocketChannelImpl.checkConnect(Native Method)
	at sun.nio.ch.SocketChannelImpl.finishConnect(SocketChannelImpl.java:717)
	at org.apache.ratis.thirdparty.io.netty.channel.socket.nio.NioSocketChannel.doFinishConnect(NioSocketChannel.java:327)
	at org.apache.ratis.thirdparty.io.netty.channel.nio.AbstractNioChannel$AbstractNioUnsafe.finishConnect(AbstractNioChannel.java:340)
	at org.apache.ratis.thirdparty.io.netty.channel.nio.NioEventLoop.processSelectedKey(NioEventLoop.java:632)
	at org.apache.ratis.thirdparty.io.netty.channel.nio.NioEventLoop.processSelectedKeysOptimized(NioEventLoop.java:579)
	at org.apache.ratis.thirdparty.io.netty.channel.nio.NioEventLoop.processSelectedKeys(NioEventLoop.java:496)
	at org.apache.ratis.thirdparty.io.netty.channel.nio.NioEventLoop.run(NioEventLoop.java:458)
	at org.apache.ratis.thirdparty.io.netty.util.concurrent.SingleThreadEventExecutor$5.run(SingleThreadEventExecutor.java:897)
	at org.apache.ratis.thirdparty.io.netty.util.concurrent.FastThreadLocalRunnable.run(FastThreadLocalRunnable.java:30)
	... 1 more
Caused by: java.net.ConnectException: Connection refused
	... 11 more
2019-10-17 07:10:50,672 [67ae3572-7d88-4e50-b53b-0f48f6748b38@group-233C052D78D6-LeaderElection362] INFO  impl.LeaderElection (LeaderElection.java:logAndReturn(56)) - 67ae3572-7d88-4e50-b53b-0f48f6748b38@group-233C052D78D6-LeaderElection362: Election REJECTED; received 0 response(s) [] and 2 exception(s); 67ae3572-7d88-4e50-b53b-0f48f6748b38@group-233C052D78D6:t175, leader=null, voted=67ae3572-7d88-4e50-b53b-0f48f6748b38, raftlog=67ae3572-7d88-4e50-b53b-0f48f6748b38@group-233C052D78D6-SegmentedRaftLog:OPENED:c-1,f0,i0, conf=0: [67ae3572-7d88-4e50-b53b-0f48f6748b38:192.168.157.211:41299, 831edaa1-80a5-4091-843f-90c648a5a79d:192.168.157.211:44365, 5c4ee31d-c5ed-4c65-a5df-da3e3cf53ac2:192.168.157.211:45059], old=null
2019-10-17 07:10:50,672 [67ae3572-7d88-4e50-b53b-0f48f6748b38@group-233C052D78D6-LeaderElection362] INFO  impl.LeaderElection (LogUtils.java:infoOrTrace(149)) -   Exception 0: {}
java.util.concurrent.ExecutionException: org.apache.ratis.thirdparty.io.grpc.StatusRuntimeException: UNAVAILABLE: io exception
	at java.util.concurrent.FutureTask.report(FutureTask.java:122)
	at java.util.concurrent.FutureTask.get(FutureTask.java:192)
	at org.apache.ratis.server.impl.LeaderElection.waitForResults(LeaderElection.java:259)
	at org.apache.ratis.server.impl.LeaderElection.askForVotes(LeaderElection.java:197)
	at org.apache.ratis.server.impl.LeaderElection.run(LeaderElection.java:133)
	at java.lang.Thread.run(Thread.java:748)
Caused by: org.apache.ratis.thirdparty.io.grpc.StatusRuntimeException: UNAVAILABLE: io exception
	at org.apache.ratis.thirdparty.io.grpc.stub.ClientCalls.toStatusRuntimeException(ClientCalls.java:233)
	at org.apache.ratis.thirdparty.io.grpc.stub.ClientCalls.getUnchecked(ClientCalls.java:214)
	at org.apache.ratis.thirdparty.io.grpc.stub.ClientCalls.blockingUnaryCall(ClientCalls.java:139)
	at org.apache.ratis.proto.grpc.RaftServerProtocolServiceGrpc$RaftServerProtocolServiceBlockingStub.requestVote(RaftServerProtocolServiceGrpc.java:265)
	at org.apache.ratis.grpc.server.GrpcServerProtocolClient.requestVote(GrpcServerProtocolClient.java:99)
	at org.apache.ratis.grpc.server.GrpcService.requestVote(GrpcService.java:204)
	at org.apache.ratis.server.impl.LeaderElection.lambda$submitRequests$1(LeaderElection.java:234)
	at java.util.concurrent.FutureTask.run(FutureTask.java:266)
	at java.util.concurrent.Executors$RunnableAdapter.call(Executors.java:511)
	at java.util.concurrent.FutureTask.run(FutureTask.java:266)
	at java.util.concurrent.ThreadPoolExecutor.runWorker(ThreadPoolExecutor.java:1149)
	at java.util.concurrent.ThreadPoolExecutor$Worker.run(ThreadPoolExecutor.java:624)
	... 1 more
Caused by: org.apache.ratis.thirdparty.io.netty.channel.AbstractChannel$AnnotatedConnectException: Connection refused: /192.168.157.211:44365
	at sun.nio.ch.SocketChannelImpl.checkConnect(Native Method)
	at sun.nio.ch.SocketChannelImpl.finishConnect(SocketChannelImpl.java:717)
	at org.apache.ratis.thirdparty.io.netty.channel.socket.nio.NioSocketChannel.doFinishConnect(NioSocketChannel.java:327)
	at org.apache.ratis.thirdparty.io.netty.channel.nio.AbstractNioChannel$AbstractNioUnsafe.finishConnect(AbstractNioChannel.java:340)
	at org.apache.ratis.thirdparty.io.netty.channel.nio.NioEventLoop.processSelectedKey(NioEventLoop.java:632)
	at org.apache.ratis.thirdparty.io.netty.channel.nio.NioEventLoop.processSelectedKeysOptimized(NioEventLoop.java:579)
	at org.apache.ratis.thirdparty.io.netty.channel.nio.NioEventLoop.processSelectedKeys(NioEventLoop.java:496)
	at org.apache.ratis.thirdparty.io.netty.channel.nio.NioEventLoop.run(NioEventLoop.java:458)
	at org.apache.ratis.thirdparty.io.netty.util.concurrent.SingleThreadEventExecutor$5.run(SingleThreadEventExecutor.java:897)
	at org.apache.ratis.thirdparty.io.netty.util.concurrent.FastThreadLocalRunnable.run(FastThreadLocalRunnable.java:30)
	... 1 more
Caused by: java.net.ConnectException: Connection refused
	... 11 more
2019-10-17 07:10:50,673 [67ae3572-7d88-4e50-b53b-0f48f6748b38@group-233C052D78D6-LeaderElection362] INFO  impl.LeaderElection (LogUtils.java:infoOrTrace(149)) -   Exception 1: {}
java.util.concurrent.ExecutionException: org.apache.ratis.thirdparty.io.grpc.StatusRuntimeException: UNAVAILABLE: io exception
	at java.util.concurrent.FutureTask.report(FutureTask.java:122)
	at java.util.concurrent.FutureTask.get(FutureTask.java:192)
	at org.apache.ratis.server.impl.LeaderElection.waitForResults(LeaderElection.java:259)
	at org.apache.ratis.server.impl.LeaderElection.askForVotes(LeaderElection.java:197)
	at org.apache.ratis.server.impl.LeaderElection.run(LeaderElection.java:133)
	at java.lang.Thread.run(Thread.java:748)
Caused by: org.apache.ratis.thirdparty.io.grpc.StatusRuntimeException: UNAVAILABLE: io exception
	at org.apache.ratis.thirdparty.io.grpc.stub.ClientCalls.toStatusRuntimeException(ClientCalls.java:233)
	at org.apache.ratis.thirdparty.io.grpc.stub.ClientCalls.getUnchecked(ClientCalls.java:214)
	at org.apache.ratis.thirdparty.io.grpc.stub.ClientCalls.blockingUnaryCall(ClientCalls.java:139)
	at org.apache.ratis.proto.grpc.RaftServerProtocolServiceGrpc$RaftServerProtocolServiceBlockingStub.requestVote(RaftServerProtocolServiceGrpc.java:265)
	at org.apache.ratis.grpc.server.GrpcServerProtocolClient.requestVote(GrpcServerProtocolClient.java:99)
	at org.apache.ratis.grpc.server.GrpcService.requestVote(GrpcService.java:204)
	at org.apache.ratis.server.impl.LeaderElection.lambda$submitRequests$1(LeaderElection.java:234)
	at java.util.concurrent.FutureTask.run(FutureTask.java:266)
	at java.util.concurrent.Executors$RunnableAdapter.call(Executors.java:511)
	at java.util.concurrent.FutureTask.run(FutureTask.java:266)
	at java.util.concurrent.ThreadPoolExecutor.runWorker(ThreadPoolExecutor.java:1149)
	at java.util.concurrent.ThreadPoolExecutor$Worker.run(ThreadPoolExecutor.java:624)
	... 1 more
Caused by: org.apache.ratis.thirdparty.io.netty.channel.AbstractChannel$AnnotatedConnectException: Connection refused: /192.168.157.211:45059
	at sun.nio.ch.SocketChannelImpl.checkConnect(Native Method)
	at sun.nio.ch.SocketChannelImpl.finishConnect(SocketChannelImpl.java:717)
	at org.apache.ratis.thirdparty.io.netty.channel.socket.nio.NioSocketChannel.doFinishConnect(NioSocketChannel.java:327)
	at org.apache.ratis.thirdparty.io.netty.channel.nio.AbstractNioChannel$AbstractNioUnsafe.finishConnect(AbstractNioChannel.java:340)
	at org.apache.ratis.thirdparty.io.netty.channel.nio.NioEventLoop.processSelectedKey(NioEventLoop.java:632)
	at org.apache.ratis.thirdparty.io.netty.channel.nio.NioEventLoop.processSelectedKeysOptimized(NioEventLoop.java:579)
	at org.apache.ratis.thirdparty.io.netty.channel.nio.NioEventLoop.processSelectedKeys(NioEventLoop.java:496)
	at org.apache.ratis.thirdparty.io.netty.channel.nio.NioEventLoop.run(NioEventLoop.java:458)
	at org.apache.ratis.thirdparty.io.netty.util.concurrent.SingleThreadEventExecutor$5.run(SingleThreadEventExecutor.java:897)
	at org.apache.ratis.thirdparty.io.netty.util.concurrent.FastThreadLocalRunnable.run(FastThreadLocalRunnable.java:30)
	... 1 more
Caused by: java.net.ConnectException: Connection refused
	... 11 more
2019-10-17 07:10:50,673 [67ae3572-7d88-4e50-b53b-0f48f6748b38@group-233C052D78D6-LeaderElection362] INFO  impl.RaftServerImpl (RaftServerImpl.java:setRole(184)) - 67ae3572-7d88-4e50-b53b-0f48f6748b38@group-233C052D78D6: changes role from CANDIDATE to FOLLOWER at term 175 for DISCOVERED_A_NEW_TERM
2019-10-17 07:10:50,673 [67ae3572-7d88-4e50-b53b-0f48f6748b38@group-233C052D78D6-LeaderElection362] INFO  impl.RoleInfo (RoleInfo.java:shutdownLeaderElection(134)) - 67ae3572-7d88-4e50-b53b-0f48f6748b38: shutdown LeaderElection
2019-10-17 07:10:50,673 [67ae3572-7d88-4e50-b53b-0f48f6748b38@group-233C052D78D6-LeaderElection362] INFO  impl.RoleInfo (RoleInfo.java:updateAndGet(143)) - 67ae3572-7d88-4e50-b53b-0f48f6748b38: start FollowerState
2019-10-17 07:10:51,020 [Datanode State Machine Thread - 0] INFO  statemachine.DatanodeStateMachine (DatanodeStateMachine.java:lambda$startDaemon$0(350)) - Ozone container server started.
2019-10-17 07:10:51,061 [Thread-2815] INFO  impl.FollowerState (FollowerState.java:run(108)) - 215fceca-0555-458b-bc4f-ba38ff24d5ba@group-42ACBF6EBE4E-FollowerState: change to CANDIDATE, lastRpcTime:1112ms, electionTimeout:1112ms
2019-10-17 07:10:51,062 [Thread-2815] INFO  impl.RoleInfo (RoleInfo.java:shutdownFollowerState(121)) - 215fceca-0555-458b-bc4f-ba38ff24d5ba: shutdown FollowerState
2019-10-17 07:10:51,062 [Thread-2815] INFO  impl.RaftServerImpl (RaftServerImpl.java:setRole(184)) - 215fceca-0555-458b-bc4f-ba38ff24d5ba@group-42ACBF6EBE4E: changes role from  FOLLOWER to CANDIDATE at term 217 for changeToCandidate
2019-10-17 07:10:51,062 [Thread-2815] INFO  impl.RoleInfo (RoleInfo.java:updateAndGet(143)) - 215fceca-0555-458b-bc4f-ba38ff24d5ba: start LeaderElection
2019-10-17 07:10:51,075 [Datanode State Machine Thread - 0] INFO  statemachine.DatanodeStateMachine (DatanodeStateMachine.java:lambda$startDaemon$0(350)) - Ozone container server started.
2019-10-17 07:10:51,088 [215fceca-0555-458b-bc4f-ba38ff24d5ba@group-42ACBF6EBE4E-LeaderElection363] INFO  impl.LeaderElection (LeaderElection.java:askForVotes(178)) - 215fceca-0555-458b-bc4f-ba38ff24d5ba@group-42ACBF6EBE4E-LeaderElection363: begin an election at term 218 for 0: [215fceca-0555-458b-bc4f-ba38ff24d5ba:192.168.157.211:43803, decc5551-dd4b-40dc-8ff5-b6b450d67f6f:192.168.157.211:34435, 0c631657-10a5-4e2a-a322-8fc6c651b2ed:192.168.157.211:41694], old=null
2019-10-17 07:10:51,092 [215fceca-0555-458b-bc4f-ba38ff24d5ba@group-42ACBF6EBE4E-LeaderElection363] INFO  impl.LeaderElection (LogUtils.java:infoOrTrace(149)) - 215fceca-0555-458b-bc4f-ba38ff24d5ba@group-42ACBF6EBE4E-LeaderElection363 got exception when requesting votes: {}
java.util.concurrent.ExecutionException: org.apache.ratis.thirdparty.io.grpc.StatusRuntimeException: UNAVAILABLE: io exception
	at java.util.concurrent.FutureTask.report(FutureTask.java:122)
	at java.util.concurrent.FutureTask.get(FutureTask.java:192)
	at org.apache.ratis.server.impl.LeaderElection.waitForResults(LeaderElection.java:259)
	at org.apache.ratis.server.impl.LeaderElection.askForVotes(LeaderElection.java:197)
	at org.apache.ratis.server.impl.LeaderElection.run(LeaderElection.java:133)
	at java.lang.Thread.run(Thread.java:748)
Caused by: org.apache.ratis.thirdparty.io.grpc.StatusRuntimeException: UNAVAILABLE: io exception
	at org.apache.ratis.thirdparty.io.grpc.stub.ClientCalls.toStatusRuntimeException(ClientCalls.java:233)
	at org.apache.ratis.thirdparty.io.grpc.stub.ClientCalls.getUnchecked(ClientCalls.java:214)
	at org.apache.ratis.thirdparty.io.grpc.stub.ClientCalls.blockingUnaryCall(ClientCalls.java:139)
	at org.apache.ratis.proto.grpc.RaftServerProtocolServiceGrpc$RaftServerProtocolServiceBlockingStub.requestVote(RaftServerProtocolServiceGrpc.java:265)
	at org.apache.ratis.grpc.server.GrpcServerProtocolClient.requestVote(GrpcServerProtocolClient.java:99)
	at org.apache.ratis.grpc.server.GrpcService.requestVote(GrpcService.java:204)
	at org.apache.ratis.server.impl.LeaderElection.lambda$submitRequests$1(LeaderElection.java:234)
	at java.util.concurrent.FutureTask.run(FutureTask.java:266)
	at java.util.concurrent.Executors$RunnableAdapter.call(Executors.java:511)
	at java.util.concurrent.FutureTask.run(FutureTask.java:266)
	at java.util.concurrent.ThreadPoolExecutor.runWorker(ThreadPoolExecutor.java:1149)
	at java.util.concurrent.ThreadPoolExecutor$Worker.run(ThreadPoolExecutor.java:624)
	... 1 more
Caused by: org.apache.ratis.thirdparty.io.netty.channel.AbstractChannel$AnnotatedConnectException: Connection refused: /192.168.157.211:41694
	at sun.nio.ch.SocketChannelImpl.checkConnect(Native Method)
	at sun.nio.ch.SocketChannelImpl.finishConnect(SocketChannelImpl.java:717)
	at org.apache.ratis.thirdparty.io.netty.channel.socket.nio.NioSocketChannel.doFinishConnect(NioSocketChannel.java:327)
	at org.apache.ratis.thirdparty.io.netty.channel.nio.AbstractNioChannel$AbstractNioUnsafe.finishConnect(AbstractNioChannel.java:340)
	at org.apache.ratis.thirdparty.io.netty.channel.nio.NioEventLoop.processSelectedKey(NioEventLoop.java:632)
	at org.apache.ratis.thirdparty.io.netty.channel.nio.NioEventLoop.processSelectedKeysOptimized(NioEventLoop.java:579)
	at org.apache.ratis.thirdparty.io.netty.channel.nio.NioEventLoop.processSelectedKeys(NioEventLoop.java:496)
	at org.apache.ratis.thirdparty.io.netty.channel.nio.NioEventLoop.run(NioEventLoop.java:458)
	at org.apache.ratis.thirdparty.io.netty.util.concurrent.SingleThreadEventExecutor$5.run(SingleThreadEventExecutor.java:897)
	at org.apache.ratis.thirdparty.io.netty.util.concurrent.FastThreadLocalRunnable.run(FastThreadLocalRunnable.java:30)
	... 1 more
Caused by: java.net.ConnectException: Connection refused
	... 11 more
2019-10-17 07:10:51,094 [215fceca-0555-458b-bc4f-ba38ff24d5ba@group-42ACBF6EBE4E-LeaderElection363] INFO  impl.LeaderElection (LogUtils.java:infoOrTrace(149)) - 215fceca-0555-458b-bc4f-ba38ff24d5ba@group-42ACBF6EBE4E-LeaderElection363 got exception when requesting votes: {}
java.util.concurrent.ExecutionException: org.apache.ratis.thirdparty.io.grpc.StatusRuntimeException: UNAVAILABLE: io exception
	at java.util.concurrent.FutureTask.report(FutureTask.java:122)
	at java.util.concurrent.FutureTask.get(FutureTask.java:192)
	at org.apache.ratis.server.impl.LeaderElection.waitForResults(LeaderElection.java:259)
	at org.apache.ratis.server.impl.LeaderElection.askForVotes(LeaderElection.java:197)
	at org.apache.ratis.server.impl.LeaderElection.run(LeaderElection.java:133)
	at java.lang.Thread.run(Thread.java:748)
Caused by: org.apache.ratis.thirdparty.io.grpc.StatusRuntimeException: UNAVAILABLE: io exception
	at org.apache.ratis.thirdparty.io.grpc.stub.ClientCalls.toStatusRuntimeException(ClientCalls.java:233)
	at org.apache.ratis.thirdparty.io.grpc.stub.ClientCalls.getUnchecked(ClientCalls.java:214)
	at org.apache.ratis.thirdparty.io.grpc.stub.ClientCalls.blockingUnaryCall(ClientCalls.java:139)
	at org.apache.ratis.proto.grpc.RaftServerProtocolServiceGrpc$RaftServerProtocolServiceBlockingStub.requestVote(RaftServerProtocolServiceGrpc.java:265)
	at org.apache.ratis.grpc.server.GrpcServerProtocolClient.requestVote(GrpcServerProtocolClient.java:99)
	at org.apache.ratis.grpc.server.GrpcService.requestVote(GrpcService.java:204)
	at org.apache.ratis.server.impl.LeaderElection.lambda$submitRequests$1(LeaderElection.java:234)
	at java.util.concurrent.FutureTask.run(FutureTask.java:266)
	at java.util.concurrent.Executors$RunnableAdapter.call(Executors.java:511)
	at java.util.concurrent.FutureTask.run(FutureTask.java:266)
	at java.util.concurrent.ThreadPoolExecutor.runWorker(ThreadPoolExecutor.java:1149)
	at java.util.concurrent.ThreadPoolExecutor$Worker.run(ThreadPoolExecutor.java:624)
	... 1 more
Caused by: org.apache.ratis.thirdparty.io.netty.channel.AbstractChannel$AnnotatedConnectException: Connection refused: /192.168.157.211:34435
	at sun.nio.ch.SocketChannelImpl.checkConnect(Native Method)
	at sun.nio.ch.SocketChannelImpl.finishConnect(SocketChannelImpl.java:717)
	at org.apache.ratis.thirdparty.io.netty.channel.socket.nio.NioSocketChannel.doFinishConnect(NioSocketChannel.java:327)
	at org.apache.ratis.thirdparty.io.netty.channel.nio.AbstractNioChannel$AbstractNioUnsafe.finishConnect(AbstractNioChannel.java:340)
	at org.apache.ratis.thirdparty.io.netty.channel.nio.NioEventLoop.processSelectedKey(NioEventLoop.java:632)
	at org.apache.ratis.thirdparty.io.netty.channel.nio.NioEventLoop.processSelectedKeysOptimized(NioEventLoop.java:579)
	at org.apache.ratis.thirdparty.io.netty.channel.nio.NioEventLoop.processSelectedKeys(NioEventLoop.java:496)
	at org.apache.ratis.thirdparty.io.netty.channel.nio.NioEventLoop.run(NioEventLoop.java:458)
	at org.apache.ratis.thirdparty.io.netty.util.concurrent.SingleThreadEventExecutor$5.run(SingleThreadEventExecutor.java:897)
	at org.apache.ratis.thirdparty.io.netty.util.concurrent.FastThreadLocalRunnable.run(FastThreadLocalRunnable.java:30)
	... 1 more
Caused by: java.net.ConnectException: Connection refused
	... 11 more
2019-10-17 07:10:51,095 [215fceca-0555-458b-bc4f-ba38ff24d5ba@group-42ACBF6EBE4E-LeaderElection363] INFO  impl.LeaderElection (LeaderElection.java:logAndReturn(56)) - 215fceca-0555-458b-bc4f-ba38ff24d5ba@group-42ACBF6EBE4E-LeaderElection363: Election REJECTED; received 0 response(s) [] and 2 exception(s); 215fceca-0555-458b-bc4f-ba38ff24d5ba@group-42ACBF6EBE4E:t218, leader=null, voted=215fceca-0555-458b-bc4f-ba38ff24d5ba, raftlog=215fceca-0555-458b-bc4f-ba38ff24d5ba@group-42ACBF6EBE4E-SegmentedRaftLog:OPENED:c-1,f0,i0, conf=0: [215fceca-0555-458b-bc4f-ba38ff24d5ba:192.168.157.211:43803, decc5551-dd4b-40dc-8ff5-b6b450d67f6f:192.168.157.211:34435, 0c631657-10a5-4e2a-a322-8fc6c651b2ed:192.168.157.211:41694], old=null
2019-10-17 07:10:51,096 [215fceca-0555-458b-bc4f-ba38ff24d5ba@group-42ACBF6EBE4E-LeaderElection363] INFO  impl.LeaderElection (LogUtils.java:infoOrTrace(149)) -   Exception 0: {}
java.util.concurrent.ExecutionException: org.apache.ratis.thirdparty.io.grpc.StatusRuntimeException: UNAVAILABLE: io exception
	at java.util.concurrent.FutureTask.report(FutureTask.java:122)
	at java.util.concurrent.FutureTask.get(FutureTask.java:192)
	at org.apache.ratis.server.impl.LeaderElection.waitForResults(LeaderElection.java:259)
	at org.apache.ratis.server.impl.LeaderElection.askForVotes(LeaderElection.java:197)
	at org.apache.ratis.server.impl.LeaderElection.run(LeaderElection.java:133)
	at java.lang.Thread.run(Thread.java:748)
Caused by: org.apache.ratis.thirdparty.io.grpc.StatusRuntimeException: UNAVAILABLE: io exception
	at org.apache.ratis.thirdparty.io.grpc.stub.ClientCalls.toStatusRuntimeException(ClientCalls.java:233)
	at org.apache.ratis.thirdparty.io.grpc.stub.ClientCalls.getUnchecked(ClientCalls.java:214)
	at org.apache.ratis.thirdparty.io.grpc.stub.ClientCalls.blockingUnaryCall(ClientCalls.java:139)
	at org.apache.ratis.proto.grpc.RaftServerProtocolServiceGrpc$RaftServerProtocolServiceBlockingStub.requestVote(RaftServerProtocolServiceGrpc.java:265)
	at org.apache.ratis.grpc.server.GrpcServerProtocolClient.requestVote(GrpcServerProtocolClient.java:99)
	at org.apache.ratis.grpc.server.GrpcService.requestVote(GrpcService.java:204)
	at org.apache.ratis.server.impl.LeaderElection.lambda$submitRequests$1(LeaderElection.java:234)
	at java.util.concurrent.FutureTask.run(FutureTask.java:266)
	at java.util.concurrent.Executors$RunnableAdapter.call(Executors.java:511)
	at java.util.concurrent.FutureTask.run(FutureTask.java:266)
	at java.util.concurrent.ThreadPoolExecutor.runWorker(ThreadPoolExecutor.java:1149)
	at java.util.concurrent.ThreadPoolExecutor$Worker.run(ThreadPoolExecutor.java:624)
	... 1 more
Caused by: org.apache.ratis.thirdparty.io.netty.channel.AbstractChannel$AnnotatedConnectException: Connection refused: /192.168.157.211:41694
	at sun.nio.ch.SocketChannelImpl.checkConnect(Native Method)
	at sun.nio.ch.SocketChannelImpl.finishConnect(SocketChannelImpl.java:717)
	at org.apache.ratis.thirdparty.io.netty.channel.socket.nio.NioSocketChannel.doFinishConnect(NioSocketChannel.java:327)
	at org.apache.ratis.thirdparty.io.netty.channel.nio.AbstractNioChannel$AbstractNioUnsafe.finishConnect(AbstractNioChannel.java:340)
	at org.apache.ratis.thirdparty.io.netty.channel.nio.NioEventLoop.processSelectedKey(NioEventLoop.java:632)
	at org.apache.ratis.thirdparty.io.netty.channel.nio.NioEventLoop.processSelectedKeysOptimized(NioEventLoop.java:579)
	at org.apache.ratis.thirdparty.io.netty.channel.nio.NioEventLoop.processSelectedKeys(NioEventLoop.java:496)
	at org.apache.ratis.thirdparty.io.netty.channel.nio.NioEventLoop.run(NioEventLoop.java:458)
	at org.apache.ratis.thirdparty.io.netty.util.concurrent.SingleThreadEventExecutor$5.run(SingleThreadEventExecutor.java:897)
	at org.apache.ratis.thirdparty.io.netty.util.concurrent.FastThreadLocalRunnable.run(FastThreadLocalRunnable.java:30)
	... 1 more
Caused by: java.net.ConnectException: Connection refused
	... 11 more
2019-10-17 07:10:51,096 [215fceca-0555-458b-bc4f-ba38ff24d5ba@group-42ACBF6EBE4E-LeaderElection363] INFO  impl.LeaderElection (LogUtils.java:infoOrTrace(149)) -   Exception 1: {}
java.util.concurrent.ExecutionException: org.apache.ratis.thirdparty.io.grpc.StatusRuntimeException: UNAVAILABLE: io exception
	at java.util.concurrent.FutureTask.report(FutureTask.java:122)
	at java.util.concurrent.FutureTask.get(FutureTask.java:192)
	at org.apache.ratis.server.impl.LeaderElection.waitForResults(LeaderElection.java:259)
	at org.apache.ratis.server.impl.LeaderElection.askForVotes(LeaderElection.java:197)
	at org.apache.ratis.server.impl.LeaderElection.run(LeaderElection.java:133)
	at java.lang.Thread.run(Thread.java:748)
Caused by: org.apache.ratis.thirdparty.io.grpc.StatusRuntimeException: UNAVAILABLE: io exception
	at org.apache.ratis.thirdparty.io.grpc.stub.ClientCalls.toStatusRuntimeException(ClientCalls.java:233)
	at org.apache.ratis.thirdparty.io.grpc.stub.ClientCalls.getUnchecked(ClientCalls.java:214)
	at org.apache.ratis.thirdparty.io.grpc.stub.ClientCalls.blockingUnaryCall(ClientCalls.java:139)
	at org.apache.ratis.proto.grpc.RaftServerProtocolServiceGrpc$RaftServerProtocolServiceBlockingStub.requestVote(RaftServerProtocolServiceGrpc.java:265)
	at org.apache.ratis.grpc.server.GrpcServerProtocolClient.requestVote(GrpcServerProtocolClient.java:99)
	at org.apache.ratis.grpc.server.GrpcService.requestVote(GrpcService.java:204)
	at org.apache.ratis.server.impl.LeaderElection.lambda$submitRequests$1(LeaderElection.java:234)
	at java.util.concurrent.FutureTask.run(FutureTask.java:266)
	at java.util.concurrent.Executors$RunnableAdapter.call(Executors.java:511)
	at java.util.concurrent.FutureTask.run(FutureTask.java:266)
	at java.util.concurrent.ThreadPoolExecutor.runWorker(ThreadPoolExecutor.java:1149)
	at java.util.concurrent.ThreadPoolExecutor$Worker.run(ThreadPoolExecutor.java:624)
	... 1 more
Caused by: org.apache.ratis.thirdparty.io.netty.channel.AbstractChannel$AnnotatedConnectException: Connection refused: /192.168.157.211:34435
	at sun.nio.ch.SocketChannelImpl.checkConnect(Native Method)
	at sun.nio.ch.SocketChannelImpl.finishConnect(SocketChannelImpl.java:717)
	at org.apache.ratis.thirdparty.io.netty.channel.socket.nio.NioSocketChannel.doFinishConnect(NioSocketChannel.java:327)
	at org.apache.ratis.thirdparty.io.netty.channel.nio.AbstractNioChannel$AbstractNioUnsafe.finishConnect(AbstractNioChannel.java:340)
	at org.apache.ratis.thirdparty.io.netty.channel.nio.NioEventLoop.processSelectedKey(NioEventLoop.java:632)
	at org.apache.ratis.thirdparty.io.netty.channel.nio.NioEventLoop.processSelectedKeysOptimized(NioEventLoop.java:579)
	at org.apache.ratis.thirdparty.io.netty.channel.nio.NioEventLoop.processSelectedKeys(NioEventLoop.java:496)
	at org.apache.ratis.thirdparty.io.netty.channel.nio.NioEventLoop.run(NioEventLoop.java:458)
	at org.apache.ratis.thirdparty.io.netty.util.concurrent.SingleThreadEventExecutor$5.run(SingleThreadEventExecutor.java:897)
	at org.apache.ratis.thirdparty.io.netty.util.concurrent.FastThreadLocalRunnable.run(FastThreadLocalRunnable.java:30)
	... 1 more
Caused by: java.net.ConnectException: Connection refused
	... 11 more
2019-10-17 07:10:51,096 [215fceca-0555-458b-bc4f-ba38ff24d5ba@group-42ACBF6EBE4E-LeaderElection363] INFO  impl.RaftServerImpl (RaftServerImpl.java:setRole(184)) - 215fceca-0555-458b-bc4f-ba38ff24d5ba@group-42ACBF6EBE4E: changes role from CANDIDATE to FOLLOWER at term 218 for DISCOVERED_A_NEW_TERM
2019-10-17 07:10:51,096 [215fceca-0555-458b-bc4f-ba38ff24d5ba@group-42ACBF6EBE4E-LeaderElection363] INFO  impl.RoleInfo (RoleInfo.java:shutdownLeaderElection(134)) - 215fceca-0555-458b-bc4f-ba38ff24d5ba: shutdown LeaderElection
2019-10-17 07:10:51,096 [215fceca-0555-458b-bc4f-ba38ff24d5ba@group-42ACBF6EBE4E-LeaderElection363] INFO  impl.RoleInfo (RoleInfo.java:updateAndGet(143)) - 215fceca-0555-458b-bc4f-ba38ff24d5ba: start FollowerState
2019-10-17 07:10:51,117 [java.util.concurrent.ThreadPoolExecutor$Worker@234137a4[State = -1, empty queue]] WARN  server.GrpcLogAppender (GrpcLogAppender.java:timeoutAppendRequest(209)) - d31fb603-bc45-4cd2-bfc5-2ee103695b2e@group-A2172F2EE55F->a4e5d14e-95af-4d1f-b670-5b1c42084e26-GrpcLogAppender: appendEntries Timeout, request=d31fb603-bc45-4cd2-bfc5-2ee103695b2e->a4e5d14e-95af-4d1f-b670-5b1c42084e26#67-t3, previous=(t:3, i:20), leaderCommit=20, initializing? false, entries: <empty>
2019-10-17 07:10:51,618 [java.util.concurrent.ThreadPoolExecutor$Worker@234137a4[State = -1, empty queue]] WARN  server.GrpcLogAppender (GrpcLogAppender.java:timeoutAppendRequest(209)) - d31fb603-bc45-4cd2-bfc5-2ee103695b2e@group-A2172F2EE55F->a4e5d14e-95af-4d1f-b670-5b1c42084e26-GrpcLogAppender: appendEntries Timeout, request=d31fb603-bc45-4cd2-bfc5-2ee103695b2e->a4e5d14e-95af-4d1f-b670-5b1c42084e26#68-t3, previous=(t:3, i:20), leaderCommit=20, initializing? false, entries: <empty>
2019-10-17 07:10:51,722 [Thread-2824] INFO  impl.FollowerState (FollowerState.java:run(108)) - 67ae3572-7d88-4e50-b53b-0f48f6748b38@group-233C052D78D6-FollowerState: change to CANDIDATE, lastRpcTime:1048ms, electionTimeout:1048ms
2019-10-17 07:10:51,722 [Thread-2824] INFO  impl.RoleInfo (RoleInfo.java:shutdownFollowerState(121)) - 67ae3572-7d88-4e50-b53b-0f48f6748b38: shutdown FollowerState
2019-10-17 07:10:51,722 [Thread-2824] INFO  impl.RaftServerImpl (RaftServerImpl.java:setRole(184)) - 67ae3572-7d88-4e50-b53b-0f48f6748b38@group-233C052D78D6: changes role from  FOLLOWER to CANDIDATE at term 175 for changeToCandidate
2019-10-17 07:10:51,722 [Thread-2824] INFO  impl.RoleInfo (RoleInfo.java:updateAndGet(143)) - 67ae3572-7d88-4e50-b53b-0f48f6748b38: start LeaderElection
2019-10-17 07:10:51,737 [67ae3572-7d88-4e50-b53b-0f48f6748b38@group-233C052D78D6-LeaderElection364] INFO  impl.LeaderElection (LeaderElection.java:askForVotes(178)) - 67ae3572-7d88-4e50-b53b-0f48f6748b38@group-233C052D78D6-LeaderElection364: begin an election at term 176 for 0: [67ae3572-7d88-4e50-b53b-0f48f6748b38:192.168.157.211:41299, 831edaa1-80a5-4091-843f-90c648a5a79d:192.168.157.211:44365, 5c4ee31d-c5ed-4c65-a5df-da3e3cf53ac2:192.168.157.211:45059], old=null
2019-10-17 07:10:51,739 [67ae3572-7d88-4e50-b53b-0f48f6748b38@group-233C052D78D6-LeaderElection364] INFO  impl.LeaderElection (LogUtils.java:infoOrTrace(149)) - 67ae3572-7d88-4e50-b53b-0f48f6748b38@group-233C052D78D6-LeaderElection364 got exception when requesting votes: {}
java.util.concurrent.ExecutionException: org.apache.ratis.thirdparty.io.grpc.StatusRuntimeException: UNAVAILABLE: io exception
	at java.util.concurrent.FutureTask.report(FutureTask.java:122)
	at java.util.concurrent.FutureTask.get(FutureTask.java:192)
	at org.apache.ratis.server.impl.LeaderElection.waitForResults(LeaderElection.java:259)
	at org.apache.ratis.server.impl.LeaderElection.askForVotes(LeaderElection.java:197)
	at org.apache.ratis.server.impl.LeaderElection.run(LeaderElection.java:133)
	at java.lang.Thread.run(Thread.java:748)
Caused by: org.apache.ratis.thirdparty.io.grpc.StatusRuntimeException: UNAVAILABLE: io exception
	at org.apache.ratis.thirdparty.io.grpc.stub.ClientCalls.toStatusRuntimeException(ClientCalls.java:233)
	at org.apache.ratis.thirdparty.io.grpc.stub.ClientCalls.getUnchecked(ClientCalls.java:214)
	at org.apache.ratis.thirdparty.io.grpc.stub.ClientCalls.blockingUnaryCall(ClientCalls.java:139)
	at org.apache.ratis.proto.grpc.RaftServerProtocolServiceGrpc$RaftServerProtocolServiceBlockingStub.requestVote(RaftServerProtocolServiceGrpc.java:265)
	at org.apache.ratis.grpc.server.GrpcServerProtocolClient.requestVote(GrpcServerProtocolClient.java:99)
	at org.apache.ratis.grpc.server.GrpcService.requestVote(GrpcService.java:204)
	at org.apache.ratis.server.impl.LeaderElection.lambda$submitRequests$1(LeaderElection.java:234)
	at java.util.concurrent.FutureTask.run(FutureTask.java:266)
	at java.util.concurrent.Executors$RunnableAdapter.call(Executors.java:511)
	at java.util.concurrent.FutureTask.run(FutureTask.java:266)
	at java.util.concurrent.ThreadPoolExecutor.runWorker(ThreadPoolExecutor.java:1149)
	at java.util.concurrent.ThreadPoolExecutor$Worker.run(ThreadPoolExecutor.java:624)
	... 1 more
Caused by: org.apache.ratis.thirdparty.io.netty.channel.AbstractChannel$AnnotatedConnectException: Connection refused: /192.168.157.211:44365
	at sun.nio.ch.SocketChannelImpl.checkConnect(Native Method)
	at sun.nio.ch.SocketChannelImpl.finishConnect(SocketChannelImpl.java:717)
	at org.apache.ratis.thirdparty.io.netty.channel.socket.nio.NioSocketChannel.doFinishConnect(NioSocketChannel.java:327)
	at org.apache.ratis.thirdparty.io.netty.channel.nio.AbstractNioChannel$AbstractNioUnsafe.finishConnect(AbstractNioChannel.java:340)
	at org.apache.ratis.thirdparty.io.netty.channel.nio.NioEventLoop.processSelectedKey(NioEventLoop.java:632)
	at org.apache.ratis.thirdparty.io.netty.channel.nio.NioEventLoop.processSelectedKeysOptimized(NioEventLoop.java:579)
	at org.apache.ratis.thirdparty.io.netty.channel.nio.NioEventLoop.processSelectedKeys(NioEventLoop.java:496)
	at org.apache.ratis.thirdparty.io.netty.channel.nio.NioEventLoop.run(NioEventLoop.java:458)
	at org.apache.ratis.thirdparty.io.netty.util.concurrent.SingleThreadEventExecutor$5.run(SingleThreadEventExecutor.java:897)
	at org.apache.ratis.thirdparty.io.netty.util.concurrent.FastThreadLocalRunnable.run(FastThreadLocalRunnable.java:30)
	... 1 more
Caused by: java.net.ConnectException: Connection refused
	... 11 more
2019-10-17 07:10:51,741 [67ae3572-7d88-4e50-b53b-0f48f6748b38@group-233C052D78D6-LeaderElection364] INFO  impl.LeaderElection (LogUtils.java:infoOrTrace(149)) - 67ae3572-7d88-4e50-b53b-0f48f6748b38@group-233C052D78D6-LeaderElection364 got exception when requesting votes: {}
java.util.concurrent.ExecutionException: org.apache.ratis.thirdparty.io.grpc.StatusRuntimeException: UNAVAILABLE: io exception
	at java.util.concurrent.FutureTask.report(FutureTask.java:122)
	at java.util.concurrent.FutureTask.get(FutureTask.java:192)
	at org.apache.ratis.server.impl.LeaderElection.waitForResults(LeaderElection.java:259)
	at org.apache.ratis.server.impl.LeaderElection.askForVotes(LeaderElection.java:197)
	at org.apache.ratis.server.impl.LeaderElection.run(LeaderElection.java:133)
	at java.lang.Thread.run(Thread.java:748)
Caused by: org.apache.ratis.thirdparty.io.grpc.StatusRuntimeException: UNAVAILABLE: io exception
	at org.apache.ratis.thirdparty.io.grpc.stub.ClientCalls.toStatusRuntimeException(ClientCalls.java:233)
	at org.apache.ratis.thirdparty.io.grpc.stub.ClientCalls.getUnchecked(ClientCalls.java:214)
	at org.apache.ratis.thirdparty.io.grpc.stub.ClientCalls.blockingUnaryCall(ClientCalls.java:139)
	at org.apache.ratis.proto.grpc.RaftServerProtocolServiceGrpc$RaftServerProtocolServiceBlockingStub.requestVote(RaftServerProtocolServiceGrpc.java:265)
	at org.apache.ratis.grpc.server.GrpcServerProtocolClient.requestVote(GrpcServerProtocolClient.java:99)
	at org.apache.ratis.grpc.server.GrpcService.requestVote(GrpcService.java:204)
	at org.apache.ratis.server.impl.LeaderElection.lambda$submitRequests$1(LeaderElection.java:234)
	at java.util.concurrent.FutureTask.run(FutureTask.java:266)
	at java.util.concurrent.Executors$RunnableAdapter.call(Executors.java:511)
	at java.util.concurrent.FutureTask.run(FutureTask.java:266)
	at java.util.concurrent.ThreadPoolExecutor.runWorker(ThreadPoolExecutor.java:1149)
	at java.util.concurrent.ThreadPoolExecutor$Worker.run(ThreadPoolExecutor.java:624)
	... 1 more
Caused by: org.apache.ratis.thirdparty.io.netty.channel.AbstractChannel$AnnotatedConnectException: Connection refused: /192.168.157.211:45059
	at sun.nio.ch.SocketChannelImpl.checkConnect(Native Method)
	at sun.nio.ch.SocketChannelImpl.finishConnect(SocketChannelImpl.java:717)
	at org.apache.ratis.thirdparty.io.netty.channel.socket.nio.NioSocketChannel.doFinishConnect(NioSocketChannel.java:327)
	at org.apache.ratis.thirdparty.io.netty.channel.nio.AbstractNioChannel$AbstractNioUnsafe.finishConnect(AbstractNioChannel.java:340)
	at org.apache.ratis.thirdparty.io.netty.channel.nio.NioEventLoop.processSelectedKey(NioEventLoop.java:632)
	at org.apache.ratis.thirdparty.io.netty.channel.nio.NioEventLoop.processSelectedKeysOptimized(NioEventLoop.java:579)
	at org.apache.ratis.thirdparty.io.netty.channel.nio.NioEventLoop.processSelectedKeys(NioEventLoop.java:496)
	at org.apache.ratis.thirdparty.io.netty.channel.nio.NioEventLoop.run(NioEventLoop.java:458)
	at org.apache.ratis.thirdparty.io.netty.util.concurrent.SingleThreadEventExecutor$5.run(SingleThreadEventExecutor.java:897)
	at org.apache.ratis.thirdparty.io.netty.util.concurrent.FastThreadLocalRunnable.run(FastThreadLocalRunnable.java:30)
	... 1 more
Caused by: java.net.ConnectException: Connection refused
	... 11 more
2019-10-17 07:10:51,743 [67ae3572-7d88-4e50-b53b-0f48f6748b38@group-233C052D78D6-LeaderElection364] INFO  impl.LeaderElection (LeaderElection.java:logAndReturn(56)) - 67ae3572-7d88-4e50-b53b-0f48f6748b38@group-233C052D78D6-LeaderElection364: Election REJECTED; received 0 response(s) [] and 2 exception(s); 67ae3572-7d88-4e50-b53b-0f48f6748b38@group-233C052D78D6:t176, leader=null, voted=67ae3572-7d88-4e50-b53b-0f48f6748b38, raftlog=67ae3572-7d88-4e50-b53b-0f48f6748b38@group-233C052D78D6-SegmentedRaftLog:OPENED:c-1,f0,i0, conf=0: [67ae3572-7d88-4e50-b53b-0f48f6748b38:192.168.157.211:41299, 831edaa1-80a5-4091-843f-90c648a5a79d:192.168.157.211:44365, 5c4ee31d-c5ed-4c65-a5df-da3e3cf53ac2:192.168.157.211:45059], old=null
2019-10-17 07:10:51,743 [67ae3572-7d88-4e50-b53b-0f48f6748b38@group-233C052D78D6-LeaderElection364] INFO  impl.LeaderElection (LogUtils.java:infoOrTrace(149)) -   Exception 0: {}
java.util.concurrent.ExecutionException: org.apache.ratis.thirdparty.io.grpc.StatusRuntimeException: UNAVAILABLE: io exception
	at java.util.concurrent.FutureTask.report(FutureTask.java:122)
	at java.util.concurrent.FutureTask.get(FutureTask.java:192)
	at org.apache.ratis.server.impl.LeaderElection.waitForResults(LeaderElection.java:259)
	at org.apache.ratis.server.impl.LeaderElection.askForVotes(LeaderElection.java:197)
	at org.apache.ratis.server.impl.LeaderElection.run(LeaderElection.java:133)
	at java.lang.Thread.run(Thread.java:748)
Caused by: org.apache.ratis.thirdparty.io.grpc.StatusRuntimeException: UNAVAILABLE: io exception
	at org.apache.ratis.thirdparty.io.grpc.stub.ClientCalls.toStatusRuntimeException(ClientCalls.java:233)
	at org.apache.ratis.thirdparty.io.grpc.stub.ClientCalls.getUnchecked(ClientCalls.java:214)
	at org.apache.ratis.thirdparty.io.grpc.stub.ClientCalls.blockingUnaryCall(ClientCalls.java:139)
	at org.apache.ratis.proto.grpc.RaftServerProtocolServiceGrpc$RaftServerProtocolServiceBlockingStub.requestVote(RaftServerProtocolServiceGrpc.java:265)
	at org.apache.ratis.grpc.server.GrpcServerProtocolClient.requestVote(GrpcServerProtocolClient.java:99)
	at org.apache.ratis.grpc.server.GrpcService.requestVote(GrpcService.java:204)
	at org.apache.ratis.server.impl.LeaderElection.lambda$submitRequests$1(LeaderElection.java:234)
	at java.util.concurrent.FutureTask.run(FutureTask.java:266)
	at java.util.concurrent.Executors$RunnableAdapter.call(Executors.java:511)
	at java.util.concurrent.FutureTask.run(FutureTask.java:266)
	at java.util.concurrent.ThreadPoolExecutor.runWorker(ThreadPoolExecutor.java:1149)
	at java.util.concurrent.ThreadPoolExecutor$Worker.run(ThreadPoolExecutor.java:624)
	... 1 more
Caused by: org.apache.ratis.thirdparty.io.netty.channel.AbstractChannel$AnnotatedConnectException: Connection refused: /192.168.157.211:44365
	at sun.nio.ch.SocketChannelImpl.checkConnect(Native Method)
	at sun.nio.ch.SocketChannelImpl.finishConnect(SocketChannelImpl.java:717)
	at org.apache.ratis.thirdparty.io.netty.channel.socket.nio.NioSocketChannel.doFinishConnect(NioSocketChannel.java:327)
	at org.apache.ratis.thirdparty.io.netty.channel.nio.AbstractNioChannel$AbstractNioUnsafe.finishConnect(AbstractNioChannel.java:340)
	at org.apache.ratis.thirdparty.io.netty.channel.nio.NioEventLoop.processSelectedKey(NioEventLoop.java:632)
	at org.apache.ratis.thirdparty.io.netty.channel.nio.NioEventLoop.processSelectedKeysOptimized(NioEventLoop.java:579)
	at org.apache.ratis.thirdparty.io.netty.channel.nio.NioEventLoop.processSelectedKeys(NioEventLoop.java:496)
	at org.apache.ratis.thirdparty.io.netty.channel.nio.NioEventLoop.run(NioEventLoop.java:458)
	at org.apache.ratis.thirdparty.io.netty.util.concurrent.SingleThreadEventExecutor$5.run(SingleThreadEventExecutor.java:897)
	at org.apache.ratis.thirdparty.io.netty.util.concurrent.FastThreadLocalRunnable.run(FastThreadLocalRunnable.java:30)
	... 1 more
Caused by: java.net.ConnectException: Connection refused
	... 11 more
2019-10-17 07:10:51,744 [67ae3572-7d88-4e50-b53b-0f48f6748b38@group-233C052D78D6-LeaderElection364] INFO  impl.LeaderElection (LogUtils.java:infoOrTrace(149)) -   Exception 1: {}
java.util.concurrent.ExecutionException: org.apache.ratis.thirdparty.io.grpc.StatusRuntimeException: UNAVAILABLE: io exception
	at java.util.concurrent.FutureTask.report(FutureTask.java:122)
	at java.util.concurrent.FutureTask.get(FutureTask.java:192)
	at org.apache.ratis.server.impl.LeaderElection.waitForResults(LeaderElection.java:259)
	at org.apache.ratis.server.impl.LeaderElection.askForVotes(LeaderElection.java:197)
	at org.apache.ratis.server.impl.LeaderElection.run(LeaderElection.java:133)
	at java.lang.Thread.run(Thread.java:748)
Caused by: org.apache.ratis.thirdparty.io.grpc.StatusRuntimeException: UNAVAILABLE: io exception
	at org.apache.ratis.thirdparty.io.grpc.stub.ClientCalls.toStatusRuntimeException(ClientCalls.java:233)
	at org.apache.ratis.thirdparty.io.grpc.stub.ClientCalls.getUnchecked(ClientCalls.java:214)
	at org.apache.ratis.thirdparty.io.grpc.stub.ClientCalls.blockingUnaryCall(ClientCalls.java:139)
	at org.apache.ratis.proto.grpc.RaftServerProtocolServiceGrpc$RaftServerProtocolServiceBlockingStub.requestVote(RaftServerProtocolServiceGrpc.java:265)
	at org.apache.ratis.grpc.server.GrpcServerProtocolClient.requestVote(GrpcServerProtocolClient.java:99)
	at org.apache.ratis.grpc.server.GrpcService.requestVote(GrpcService.java:204)
	at org.apache.ratis.server.impl.LeaderElection.lambda$submitRequests$1(LeaderElection.java:234)
	at java.util.concurrent.FutureTask.run(FutureTask.java:266)
	at java.util.concurrent.Executors$RunnableAdapter.call(Executors.java:511)
	at java.util.concurrent.FutureTask.run(FutureTask.java:266)
	at java.util.concurrent.ThreadPoolExecutor.runWorker(ThreadPoolExecutor.java:1149)
	at java.util.concurrent.ThreadPoolExecutor$Worker.run(ThreadPoolExecutor.java:624)
	... 1 more
Caused by: org.apache.ratis.thirdparty.io.netty.channel.AbstractChannel$AnnotatedConnectException: Connection refused: /192.168.157.211:45059
	at sun.nio.ch.SocketChannelImpl.checkConnect(Native Method)
	at sun.nio.ch.SocketChannelImpl.finishConnect(SocketChannelImpl.java:717)
	at org.apache.ratis.thirdparty.io.netty.channel.socket.nio.NioSocketChannel.doFinishConnect(NioSocketChannel.java:327)
	at org.apache.ratis.thirdparty.io.netty.channel.nio.AbstractNioChannel$AbstractNioUnsafe.finishConnect(AbstractNioChannel.java:340)
	at org.apache.ratis.thirdparty.io.netty.channel.nio.NioEventLoop.processSelectedKey(NioEventLoop.java:632)
	at org.apache.ratis.thirdparty.io.netty.channel.nio.NioEventLoop.processSelectedKeysOptimized(NioEventLoop.java:579)
	at org.apache.ratis.thirdparty.io.netty.channel.nio.NioEventLoop.processSelectedKeys(NioEventLoop.java:496)
	at org.apache.ratis.thirdparty.io.netty.channel.nio.NioEventLoop.run(NioEventLoop.java:458)
	at org.apache.ratis.thirdparty.io.netty.util.concurrent.SingleThreadEventExecutor$5.run(SingleThreadEventExecutor.java:897)
	at org.apache.ratis.thirdparty.io.netty.util.concurrent.FastThreadLocalRunnable.run(FastThreadLocalRunnable.java:30)
	... 1 more
Caused by: java.net.ConnectException: Connection refused
	... 11 more
2019-10-17 07:10:51,744 [67ae3572-7d88-4e50-b53b-0f48f6748b38@group-233C052D78D6-LeaderElection364] INFO  impl.RaftServerImpl (RaftServerImpl.java:setRole(184)) - 67ae3572-7d88-4e50-b53b-0f48f6748b38@group-233C052D78D6: changes role from CANDIDATE to FOLLOWER at term 176 for DISCOVERED_A_NEW_TERM
2019-10-17 07:10:51,745 [67ae3572-7d88-4e50-b53b-0f48f6748b38@group-233C052D78D6-LeaderElection364] INFO  impl.RoleInfo (RoleInfo.java:shutdownLeaderElection(134)) - 67ae3572-7d88-4e50-b53b-0f48f6748b38: shutdown LeaderElection
2019-10-17 07:10:51,745 [67ae3572-7d88-4e50-b53b-0f48f6748b38@group-233C052D78D6-LeaderElection364] INFO  impl.RoleInfo (RoleInfo.java:updateAndGet(143)) - 67ae3572-7d88-4e50-b53b-0f48f6748b38: start FollowerState
2019-10-17 07:10:52,118 [java.util.concurrent.ThreadPoolExecutor$Worker@234137a4[State = -1, empty queue]] WARN  server.GrpcLogAppender (GrpcLogAppender.java:timeoutAppendRequest(209)) - d31fb603-bc45-4cd2-bfc5-2ee103695b2e@group-A2172F2EE55F->a4e5d14e-95af-4d1f-b670-5b1c42084e26-GrpcLogAppender: appendEntries Timeout, request=d31fb603-bc45-4cd2-bfc5-2ee103695b2e->a4e5d14e-95af-4d1f-b670-5b1c42084e26#69-t3, previous=(t:3, i:20), leaderCommit=20, initializing? false, entries: <empty>
2019-10-17 07:10:52,123 [Thread-2828] INFO  impl.FollowerState (FollowerState.java:run(108)) - 215fceca-0555-458b-bc4f-ba38ff24d5ba@group-42ACBF6EBE4E-FollowerState: change to CANDIDATE, lastRpcTime:1026ms, electionTimeout:1026ms
2019-10-17 07:10:52,123 [Thread-2828] INFO  impl.RoleInfo (RoleInfo.java:shutdownFollowerState(121)) - 215fceca-0555-458b-bc4f-ba38ff24d5ba: shutdown FollowerState
2019-10-17 07:10:52,123 [Thread-2828] INFO  impl.RaftServerImpl (RaftServerImpl.java:setRole(184)) - 215fceca-0555-458b-bc4f-ba38ff24d5ba@group-42ACBF6EBE4E: changes role from  FOLLOWER to CANDIDATE at term 218 for changeToCandidate
2019-10-17 07:10:52,123 [Thread-2828] INFO  impl.RoleInfo (RoleInfo.java:updateAndGet(143)) - 215fceca-0555-458b-bc4f-ba38ff24d5ba: start LeaderElection
2019-10-17 07:10:52,143 [215fceca-0555-458b-bc4f-ba38ff24d5ba@group-42ACBF6EBE4E-LeaderElection365] INFO  impl.LeaderElection (LeaderElection.java:askForVotes(178)) - 215fceca-0555-458b-bc4f-ba38ff24d5ba@group-42ACBF6EBE4E-LeaderElection365: begin an election at term 219 for 0: [215fceca-0555-458b-bc4f-ba38ff24d5ba:192.168.157.211:43803, decc5551-dd4b-40dc-8ff5-b6b450d67f6f:192.168.157.211:34435, 0c631657-10a5-4e2a-a322-8fc6c651b2ed:192.168.157.211:41694], old=null
2019-10-17 07:10:52,143 [215fceca-0555-458b-bc4f-ba38ff24d5ba@group-42ACBF6EBE4E-LeaderElection365] INFO  impl.LeaderElection (LogUtils.java:infoOrTrace(149)) - 215fceca-0555-458b-bc4f-ba38ff24d5ba@group-42ACBF6EBE4E-LeaderElection365 got exception when requesting votes: {}
java.util.concurrent.ExecutionException: org.apache.ratis.thirdparty.io.grpc.StatusRuntimeException: UNAVAILABLE: io exception
	at java.util.concurrent.FutureTask.report(FutureTask.java:122)
	at java.util.concurrent.FutureTask.get(FutureTask.java:192)
	at org.apache.ratis.server.impl.LeaderElection.waitForResults(LeaderElection.java:259)
	at org.apache.ratis.server.impl.LeaderElection.askForVotes(LeaderElection.java:197)
	at org.apache.ratis.server.impl.LeaderElection.run(LeaderElection.java:133)
	at java.lang.Thread.run(Thread.java:748)
Caused by: org.apache.ratis.thirdparty.io.grpc.StatusRuntimeException: UNAVAILABLE: io exception
	at org.apache.ratis.thirdparty.io.grpc.stub.ClientCalls.toStatusRuntimeException(ClientCalls.java:233)
	at org.apache.ratis.thirdparty.io.grpc.stub.ClientCalls.getUnchecked(ClientCalls.java:214)
	at org.apache.ratis.thirdparty.io.grpc.stub.ClientCalls.blockingUnaryCall(ClientCalls.java:139)
	at org.apache.ratis.proto.grpc.RaftServerProtocolServiceGrpc$RaftServerProtocolServiceBlockingStub.requestVote(RaftServerProtocolServiceGrpc.java:265)
	at org.apache.ratis.grpc.server.GrpcServerProtocolClient.requestVote(GrpcServerProtocolClient.java:99)
	at org.apache.ratis.grpc.server.GrpcService.requestVote(GrpcService.java:204)
	at org.apache.ratis.server.impl.LeaderElection.lambda$submitRequests$1(LeaderElection.java:234)
	at java.util.concurrent.FutureTask.run(FutureTask.java:266)
	at java.util.concurrent.Executors$RunnableAdapter.call(Executors.java:511)
	at java.util.concurrent.FutureTask.run(FutureTask.java:266)
	at java.util.concurrent.ThreadPoolExecutor.runWorker(ThreadPoolExecutor.java:1149)
	at java.util.concurrent.ThreadPoolExecutor$Worker.run(ThreadPoolExecutor.java:624)
	... 1 more
Caused by: org.apache.ratis.thirdparty.io.netty.channel.AbstractChannel$AnnotatedConnectException: Connection refused: /192.168.157.211:34435
	at sun.nio.ch.SocketChannelImpl.checkConnect(Native Method)
	at sun.nio.ch.SocketChannelImpl.finishConnect(SocketChannelImpl.java:717)
	at org.apache.ratis.thirdparty.io.netty.channel.socket.nio.NioSocketChannel.doFinishConnect(NioSocketChannel.java:327)
	at org.apache.ratis.thirdparty.io.netty.channel.nio.AbstractNioChannel$AbstractNioUnsafe.finishConnect(AbstractNioChannel.java:340)
	at org.apache.ratis.thirdparty.io.netty.channel.nio.NioEventLoop.processSelectedKey(NioEventLoop.java:632)
	at org.apache.ratis.thirdparty.io.netty.channel.nio.NioEventLoop.processSelectedKeysOptimized(NioEventLoop.java:579)
	at org.apache.ratis.thirdparty.io.netty.channel.nio.NioEventLoop.processSelectedKeys(NioEventLoop.java:496)
	at org.apache.ratis.thirdparty.io.netty.channel.nio.NioEventLoop.run(NioEventLoop.java:458)
	at org.apache.ratis.thirdparty.io.netty.util.concurrent.SingleThreadEventExecutor$5.run(SingleThreadEventExecutor.java:897)
	at org.apache.ratis.thirdparty.io.netty.util.concurrent.FastThreadLocalRunnable.run(FastThreadLocalRunnable.java:30)
	... 1 more
Caused by: java.net.ConnectException: Connection refused
	... 11 more
2019-10-17 07:10:52,146 [215fceca-0555-458b-bc4f-ba38ff24d5ba@group-42ACBF6EBE4E-LeaderElection365] INFO  impl.LeaderElection (LogUtils.java:infoOrTrace(149)) - 215fceca-0555-458b-bc4f-ba38ff24d5ba@group-42ACBF6EBE4E-LeaderElection365 got exception when requesting votes: {}
java.util.concurrent.ExecutionException: org.apache.ratis.thirdparty.io.grpc.StatusRuntimeException: UNAVAILABLE: io exception
	at java.util.concurrent.FutureTask.report(FutureTask.java:122)
	at java.util.concurrent.FutureTask.get(FutureTask.java:192)
	at org.apache.ratis.server.impl.LeaderElection.waitForResults(LeaderElection.java:259)
	at org.apache.ratis.server.impl.LeaderElection.askForVotes(LeaderElection.java:197)
	at org.apache.ratis.server.impl.LeaderElection.run(LeaderElection.java:133)
	at java.lang.Thread.run(Thread.java:748)
Caused by: org.apache.ratis.thirdparty.io.grpc.StatusRuntimeException: UNAVAILABLE: io exception
	at org.apache.ratis.thirdparty.io.grpc.stub.ClientCalls.toStatusRuntimeException(ClientCalls.java:233)
	at org.apache.ratis.thirdparty.io.grpc.stub.ClientCalls.getUnchecked(ClientCalls.java:214)
	at org.apache.ratis.thirdparty.io.grpc.stub.ClientCalls.blockingUnaryCall(ClientCalls.java:139)
	at org.apache.ratis.proto.grpc.RaftServerProtocolServiceGrpc$RaftServerProtocolServiceBlockingStub.requestVote(RaftServerProtocolServiceGrpc.java:265)
	at org.apache.ratis.grpc.server.GrpcServerProtocolClient.requestVote(GrpcServerProtocolClient.java:99)
	at org.apache.ratis.grpc.server.GrpcService.requestVote(GrpcService.java:204)
	at org.apache.ratis.server.impl.LeaderElection.lambda$submitRequests$1(LeaderElection.java:234)
	at java.util.concurrent.FutureTask.run(FutureTask.java:266)
	at java.util.concurrent.Executors$RunnableAdapter.call(Executors.java:511)
	at java.util.concurrent.FutureTask.run(FutureTask.java:266)
	at java.util.concurrent.ThreadPoolExecutor.runWorker(ThreadPoolExecutor.java:1149)
	at java.util.concurrent.ThreadPoolExecutor$Worker.run(ThreadPoolExecutor.java:624)
	... 1 more
Caused by: org.apache.ratis.thirdparty.io.netty.channel.AbstractChannel$AnnotatedConnectException: Connection refused: /192.168.157.211:41694
	at sun.nio.ch.SocketChannelImpl.checkConnect(Native Method)
	at sun.nio.ch.SocketChannelImpl.finishConnect(SocketChannelImpl.java:717)
	at org.apache.ratis.thirdparty.io.netty.channel.socket.nio.NioSocketChannel.doFinishConnect(NioSocketChannel.java:327)
	at org.apache.ratis.thirdparty.io.netty.channel.nio.AbstractNioChannel$AbstractNioUnsafe.finishConnect(AbstractNioChannel.java:340)
	at org.apache.ratis.thirdparty.io.netty.channel.nio.NioEventLoop.processSelectedKey(NioEventLoop.java:632)
	at org.apache.ratis.thirdparty.io.netty.channel.nio.NioEventLoop.processSelectedKeysOptimized(NioEventLoop.java:579)
	at org.apache.ratis.thirdparty.io.netty.channel.nio.NioEventLoop.processSelectedKeys(NioEventLoop.java:496)
	at org.apache.ratis.thirdparty.io.netty.channel.nio.NioEventLoop.run(NioEventLoop.java:458)
	at org.apache.ratis.thirdparty.io.netty.util.concurrent.SingleThreadEventExecutor$5.run(SingleThreadEventExecutor.java:897)
	at org.apache.ratis.thirdparty.io.netty.util.concurrent.FastThreadLocalRunnable.run(FastThreadLocalRunnable.java:30)
	... 1 more
Caused by: java.net.ConnectException: Connection refused
	... 11 more
2019-10-17 07:10:52,148 [215fceca-0555-458b-bc4f-ba38ff24d5ba@group-42ACBF6EBE4E-LeaderElection365] INFO  impl.LeaderElection (LeaderElection.java:logAndReturn(56)) - 215fceca-0555-458b-bc4f-ba38ff24d5ba@group-42ACBF6EBE4E-LeaderElection365: Election REJECTED; received 0 response(s) [] and 2 exception(s); 215fceca-0555-458b-bc4f-ba38ff24d5ba@group-42ACBF6EBE4E:t219, leader=null, voted=215fceca-0555-458b-bc4f-ba38ff24d5ba, raftlog=215fceca-0555-458b-bc4f-ba38ff24d5ba@group-42ACBF6EBE4E-SegmentedRaftLog:OPENED:c-1,f0,i0, conf=0: [215fceca-0555-458b-bc4f-ba38ff24d5ba:192.168.157.211:43803, decc5551-dd4b-40dc-8ff5-b6b450d67f6f:192.168.157.211:34435, 0c631657-10a5-4e2a-a322-8fc6c651b2ed:192.168.157.211:41694], old=null
2019-10-17 07:10:52,148 [215fceca-0555-458b-bc4f-ba38ff24d5ba@group-42ACBF6EBE4E-LeaderElection365] INFO  impl.LeaderElection (LogUtils.java:infoOrTrace(149)) -   Exception 0: {}
java.util.concurrent.ExecutionException: org.apache.ratis.thirdparty.io.grpc.StatusRuntimeException: UNAVAILABLE: io exception
	at java.util.concurrent.FutureTask.report(FutureTask.java:122)
	at java.util.concurrent.FutureTask.get(FutureTask.java:192)
	at org.apache.ratis.server.impl.LeaderElection.waitForResults(LeaderElection.java:259)
	at org.apache.ratis.server.impl.LeaderElection.askForVotes(LeaderElection.java:197)
	at org.apache.ratis.server.impl.LeaderElection.run(LeaderElection.java:133)
	at java.lang.Thread.run(Thread.java:748)
Caused by: org.apache.ratis.thirdparty.io.grpc.StatusRuntimeException: UNAVAILABLE: io exception
	at org.apache.ratis.thirdparty.io.grpc.stub.ClientCalls.toStatusRuntimeException(ClientCalls.java:233)
	at org.apache.ratis.thirdparty.io.grpc.stub.ClientCalls.getUnchecked(ClientCalls.java:214)
	at org.apache.ratis.thirdparty.io.grpc.stub.ClientCalls.blockingUnaryCall(ClientCalls.java:139)
	at org.apache.ratis.proto.grpc.RaftServerProtocolServiceGrpc$RaftServerProtocolServiceBlockingStub.requestVote(RaftServerProtocolServiceGrpc.java:265)
	at org.apache.ratis.grpc.server.GrpcServerProtocolClient.requestVote(GrpcServerProtocolClient.java:99)
	at org.apache.ratis.grpc.server.GrpcService.requestVote(GrpcService.java:204)
	at org.apache.ratis.server.impl.LeaderElection.lambda$submitRequests$1(LeaderElection.java:234)
	at java.util.concurrent.FutureTask.run(FutureTask.java:266)
	at java.util.concurrent.Executors$RunnableAdapter.call(Executors.java:511)
	at java.util.concurrent.FutureTask.run(FutureTask.java:266)
	at java.util.concurrent.ThreadPoolExecutor.runWorker(ThreadPoolExecutor.java:1149)
	at java.util.concurrent.ThreadPoolExecutor$Worker.run(ThreadPoolExecutor.java:624)
	... 1 more
Caused by: org.apache.ratis.thirdparty.io.netty.channel.AbstractChannel$AnnotatedConnectException: Connection refused: /192.168.157.211:34435
	at sun.nio.ch.SocketChannelImpl.checkConnect(Native Method)
	at sun.nio.ch.SocketChannelImpl.finishConnect(SocketChannelImpl.java:717)
	at org.apache.ratis.thirdparty.io.netty.channel.socket.nio.NioSocketChannel.doFinishConnect(NioSocketChannel.java:327)
	at org.apache.ratis.thirdparty.io.netty.channel.nio.AbstractNioChannel$AbstractNioUnsafe.finishConnect(AbstractNioChannel.java:340)
	at org.apache.ratis.thirdparty.io.netty.channel.nio.NioEventLoop.processSelectedKey(NioEventLoop.java:632)
	at org.apache.ratis.thirdparty.io.netty.channel.nio.NioEventLoop.processSelectedKeysOptimized(NioEventLoop.java:579)
	at org.apache.ratis.thirdparty.io.netty.channel.nio.NioEventLoop.processSelectedKeys(NioEventLoop.java:496)
	at org.apache.ratis.thirdparty.io.netty.channel.nio.NioEventLoop.run(NioEventLoop.java:458)
	at org.apache.ratis.thirdparty.io.netty.util.concurrent.SingleThreadEventExecutor$5.run(SingleThreadEventExecutor.java:897)
	at org.apache.ratis.thirdparty.io.netty.util.concurrent.FastThreadLocalRunnable.run(FastThreadLocalRunnable.java:30)
	... 1 more
Caused by: java.net.ConnectException: Connection refused
	... 11 more
2019-10-17 07:10:52,148 [215fceca-0555-458b-bc4f-ba38ff24d5ba@group-42ACBF6EBE4E-LeaderElection365] INFO  impl.LeaderElection (LogUtils.java:infoOrTrace(149)) -   Exception 1: {}
java.util.concurrent.ExecutionException: org.apache.ratis.thirdparty.io.grpc.StatusRuntimeException: UNAVAILABLE: io exception
	at java.util.concurrent.FutureTask.report(FutureTask.java:122)
	at java.util.concurrent.FutureTask.get(FutureTask.java:192)
	at org.apache.ratis.server.impl.LeaderElection.waitForResults(LeaderElection.java:259)
	at org.apache.ratis.server.impl.LeaderElection.askForVotes(LeaderElection.java:197)
	at org.apache.ratis.server.impl.LeaderElection.run(LeaderElection.java:133)
	at java.lang.Thread.run(Thread.java:748)
Caused by: org.apache.ratis.thirdparty.io.grpc.StatusRuntimeException: UNAVAILABLE: io exception
	at org.apache.ratis.thirdparty.io.grpc.stub.ClientCalls.toStatusRuntimeException(ClientCalls.java:233)
	at org.apache.ratis.thirdparty.io.grpc.stub.ClientCalls.getUnchecked(ClientCalls.java:214)
	at org.apache.ratis.thirdparty.io.grpc.stub.ClientCalls.blockingUnaryCall(ClientCalls.java:139)
	at org.apache.ratis.proto.grpc.RaftServerProtocolServiceGrpc$RaftServerProtocolServiceBlockingStub.requestVote(RaftServerProtocolServiceGrpc.java:265)
	at org.apache.ratis.grpc.server.GrpcServerProtocolClient.requestVote(GrpcServerProtocolClient.java:99)
	at org.apache.ratis.grpc.server.GrpcService.requestVote(GrpcService.java:204)
	at org.apache.ratis.server.impl.LeaderElection.lambda$submitRequests$1(LeaderElection.java:234)
	at java.util.concurrent.FutureTask.run(FutureTask.java:266)
	at java.util.concurrent.Executors$RunnableAdapter.call(Executors.java:511)
	at java.util.concurrent.FutureTask.run(FutureTask.java:266)
	at java.util.concurrent.ThreadPoolExecutor.runWorker(ThreadPoolExecutor.java:1149)
	at java.util.concurrent.ThreadPoolExecutor$Worker.run(ThreadPoolExecutor.java:624)
	... 1 more
Caused by: org.apache.ratis.thirdparty.io.netty.channel.AbstractChannel$AnnotatedConnectException: Connection refused: /192.168.157.211:41694
	at sun.nio.ch.SocketChannelImpl.checkConnect(Native Method)
	at sun.nio.ch.SocketChannelImpl.finishConnect(SocketChannelImpl.java:717)
	at org.apache.ratis.thirdparty.io.netty.channel.socket.nio.NioSocketChannel.doFinishConnect(NioSocketChannel.java:327)
	at org.apache.ratis.thirdparty.io.netty.channel.nio.AbstractNioChannel$AbstractNioUnsafe.finishConnect(AbstractNioChannel.java:340)
	at org.apache.ratis.thirdparty.io.netty.channel.nio.NioEventLoop.processSelectedKey(NioEventLoop.java:632)
	at org.apache.ratis.thirdparty.io.netty.channel.nio.NioEventLoop.processSelectedKeysOptimized(NioEventLoop.java:579)
	at org.apache.ratis.thirdparty.io.netty.channel.nio.NioEventLoop.processSelectedKeys(NioEventLoop.java:496)
	at org.apache.ratis.thirdparty.io.netty.channel.nio.NioEventLoop.run(NioEventLoop.java:458)
	at org.apache.ratis.thirdparty.io.netty.util.concurrent.SingleThreadEventExecutor$5.run(SingleThreadEventExecutor.java:897)
	at org.apache.ratis.thirdparty.io.netty.util.concurrent.FastThreadLocalRunnable.run(FastThreadLocalRunnable.java:30)
	... 1 more
Caused by: java.net.ConnectException: Connection refused
	... 11 more
2019-10-17 07:10:52,149 [215fceca-0555-458b-bc4f-ba38ff24d5ba@group-42ACBF6EBE4E-LeaderElection365] INFO  impl.RaftServerImpl (RaftServerImpl.java:setRole(184)) - 215fceca-0555-458b-bc4f-ba38ff24d5ba@group-42ACBF6EBE4E: changes role from CANDIDATE to FOLLOWER at term 219 for DISCOVERED_A_NEW_TERM
2019-10-17 07:10:52,149 [215fceca-0555-458b-bc4f-ba38ff24d5ba@group-42ACBF6EBE4E-LeaderElection365] INFO  impl.RoleInfo (RoleInfo.java:shutdownLeaderElection(134)) - 215fceca-0555-458b-bc4f-ba38ff24d5ba: shutdown LeaderElection
2019-10-17 07:10:52,149 [215fceca-0555-458b-bc4f-ba38ff24d5ba@group-42ACBF6EBE4E-LeaderElection365] INFO  impl.RoleInfo (RoleInfo.java:updateAndGet(143)) - 215fceca-0555-458b-bc4f-ba38ff24d5ba: start FollowerState
2019-10-17 07:10:52,619 [java.util.concurrent.ThreadPoolExecutor$Worker@234137a4[State = -1, empty queue]] WARN  server.GrpcLogAppender (GrpcLogAppender.java:timeoutAppendRequest(209)) - d31fb603-bc45-4cd2-bfc5-2ee103695b2e@group-A2172F2EE55F->a4e5d14e-95af-4d1f-b670-5b1c42084e26-GrpcLogAppender: appendEntries Timeout, request=d31fb603-bc45-4cd2-bfc5-2ee103695b2e->a4e5d14e-95af-4d1f-b670-5b1c42084e26#70-t3, previous=(t:3, i:20), leaderCommit=20, initializing? false, entries: <empty>
2019-10-17 07:10:52,806 [Thread-2834] INFO  impl.FollowerState (FollowerState.java:run(108)) - 67ae3572-7d88-4e50-b53b-0f48f6748b38@group-233C052D78D6-FollowerState: change to CANDIDATE, lastRpcTime:1061ms, electionTimeout:1061ms
2019-10-17 07:10:52,806 [Thread-2834] INFO  impl.RoleInfo (RoleInfo.java:shutdownFollowerState(121)) - 67ae3572-7d88-4e50-b53b-0f48f6748b38: shutdown FollowerState
2019-10-17 07:10:52,807 [Thread-2834] INFO  impl.RaftServerImpl (RaftServerImpl.java:setRole(184)) - 67ae3572-7d88-4e50-b53b-0f48f6748b38@group-233C052D78D6: changes role from  FOLLOWER to CANDIDATE at term 176 for changeToCandidate
2019-10-17 07:10:52,807 [Thread-2834] INFO  impl.RoleInfo (RoleInfo.java:updateAndGet(143)) - 67ae3572-7d88-4e50-b53b-0f48f6748b38: start LeaderElection
2019-10-17 07:10:52,820 [67ae3572-7d88-4e50-b53b-0f48f6748b38@group-233C052D78D6-LeaderElection366] INFO  impl.LeaderElection (LeaderElection.java:askForVotes(178)) - 67ae3572-7d88-4e50-b53b-0f48f6748b38@group-233C052D78D6-LeaderElection366: begin an election at term 177 for 0: [67ae3572-7d88-4e50-b53b-0f48f6748b38:192.168.157.211:41299, 831edaa1-80a5-4091-843f-90c648a5a79d:192.168.157.211:44365, 5c4ee31d-c5ed-4c65-a5df-da3e3cf53ac2:192.168.157.211:45059], old=null
2019-10-17 07:10:52,822 [67ae3572-7d88-4e50-b53b-0f48f6748b38@group-233C052D78D6-LeaderElection366] INFO  impl.LeaderElection (LogUtils.java:infoOrTrace(149)) - 67ae3572-7d88-4e50-b53b-0f48f6748b38@group-233C052D78D6-LeaderElection366 got exception when requesting votes: {}
java.util.concurrent.ExecutionException: org.apache.ratis.thirdparty.io.grpc.StatusRuntimeException: UNAVAILABLE: io exception
	at java.util.concurrent.FutureTask.report(FutureTask.java:122)
	at java.util.concurrent.FutureTask.get(FutureTask.java:192)
	at org.apache.ratis.server.impl.LeaderElection.waitForResults(LeaderElection.java:259)
	at org.apache.ratis.server.impl.LeaderElection.askForVotes(LeaderElection.java:197)
	at org.apache.ratis.server.impl.LeaderElection.run(LeaderElection.java:133)
	at java.lang.Thread.run(Thread.java:748)
Caused by: org.apache.ratis.thirdparty.io.grpc.StatusRuntimeException: UNAVAILABLE: io exception
	at org.apache.ratis.thirdparty.io.grpc.stub.ClientCalls.toStatusRuntimeException(ClientCalls.java:233)
	at org.apache.ratis.thirdparty.io.grpc.stub.ClientCalls.getUnchecked(ClientCalls.java:214)
	at org.apache.ratis.thirdparty.io.grpc.stub.ClientCalls.blockingUnaryCall(ClientCalls.java:139)
	at org.apache.ratis.proto.grpc.RaftServerProtocolServiceGrpc$RaftServerProtocolServiceBlockingStub.requestVote(RaftServerProtocolServiceGrpc.java:265)
	at org.apache.ratis.grpc.server.GrpcServerProtocolClient.requestVote(GrpcServerProtocolClient.java:99)
	at org.apache.ratis.grpc.server.GrpcService.requestVote(GrpcService.java:204)
	at org.apache.ratis.server.impl.LeaderElection.lambda$submitRequests$1(LeaderElection.java:234)
	at java.util.concurrent.FutureTask.run(FutureTask.java:266)
	at java.util.concurrent.Executors$RunnableAdapter.call(Executors.java:511)
	at java.util.concurrent.FutureTask.run(FutureTask.java:266)
	at java.util.concurrent.ThreadPoolExecutor.runWorker(ThreadPoolExecutor.java:1149)
	at java.util.concurrent.ThreadPoolExecutor$Worker.run(ThreadPoolExecutor.java:624)
	... 1 more
Caused by: org.apache.ratis.thirdparty.io.netty.channel.AbstractChannel$AnnotatedConnectException: Connection refused: /192.168.157.211:44365
	at sun.nio.ch.SocketChannelImpl.checkConnect(Native Method)
	at sun.nio.ch.SocketChannelImpl.finishConnect(SocketChannelImpl.java:717)
	at org.apache.ratis.thirdparty.io.netty.channel.socket.nio.NioSocketChannel.doFinishConnect(NioSocketChannel.java:327)
	at org.apache.ratis.thirdparty.io.netty.channel.nio.AbstractNioChannel$AbstractNioUnsafe.finishConnect(AbstractNioChannel.java:340)
	at org.apache.ratis.thirdparty.io.netty.channel.nio.NioEventLoop.processSelectedKey(NioEventLoop.java:632)
	at org.apache.ratis.thirdparty.io.netty.channel.nio.NioEventLoop.processSelectedKeysOptimized(NioEventLoop.java:579)
	at org.apache.ratis.thirdparty.io.netty.channel.nio.NioEventLoop.processSelectedKeys(NioEventLoop.java:496)
	at org.apache.ratis.thirdparty.io.netty.channel.nio.NioEventLoop.run(NioEventLoop.java:458)
	at org.apache.ratis.thirdparty.io.netty.util.concurrent.SingleThreadEventExecutor$5.run(SingleThreadEventExecutor.java:897)
	at org.apache.ratis.thirdparty.io.netty.util.concurrent.FastThreadLocalRunnable.run(FastThreadLocalRunnable.java:30)
	... 1 more
Caused by: java.net.ConnectException: Connection refused
	... 11 more
2019-10-17 07:10:52,825 [67ae3572-7d88-4e50-b53b-0f48f6748b38@group-233C052D78D6-LeaderElection366] INFO  impl.LeaderElection (LogUtils.java:infoOrTrace(149)) - 67ae3572-7d88-4e50-b53b-0f48f6748b38@group-233C052D78D6-LeaderElection366 got exception when requesting votes: {}
java.util.concurrent.ExecutionException: org.apache.ratis.thirdparty.io.grpc.StatusRuntimeException: UNAVAILABLE: io exception
	at java.util.concurrent.FutureTask.report(FutureTask.java:122)
	at java.util.concurrent.FutureTask.get(FutureTask.java:192)
	at org.apache.ratis.server.impl.LeaderElection.waitForResults(LeaderElection.java:259)
	at org.apache.ratis.server.impl.LeaderElection.askForVotes(LeaderElection.java:197)
	at org.apache.ratis.server.impl.LeaderElection.run(LeaderElection.java:133)
	at java.lang.Thread.run(Thread.java:748)
Caused by: org.apache.ratis.thirdparty.io.grpc.StatusRuntimeException: UNAVAILABLE: io exception
	at org.apache.ratis.thirdparty.io.grpc.stub.ClientCalls.toStatusRuntimeException(ClientCalls.java:233)
	at org.apache.ratis.thirdparty.io.grpc.stub.ClientCalls.getUnchecked(ClientCalls.java:214)
	at org.apache.ratis.thirdparty.io.grpc.stub.ClientCalls.blockingUnaryCall(ClientCalls.java:139)
	at org.apache.ratis.proto.grpc.RaftServerProtocolServiceGrpc$RaftServerProtocolServiceBlockingStub.requestVote(RaftServerProtocolServiceGrpc.java:265)
	at org.apache.ratis.grpc.server.GrpcServerProtocolClient.requestVote(GrpcServerProtocolClient.java:99)
	at org.apache.ratis.grpc.server.GrpcService.requestVote(GrpcService.java:204)
	at org.apache.ratis.server.impl.LeaderElection.lambda$submitRequests$1(LeaderElection.java:234)
	at java.util.concurrent.FutureTask.run(FutureTask.java:266)
	at java.util.concurrent.Executors$RunnableAdapter.call(Executors.java:511)
	at java.util.concurrent.FutureTask.run(FutureTask.java:266)
	at java.util.concurrent.ThreadPoolExecutor.runWorker(ThreadPoolExecutor.java:1149)
	at java.util.concurrent.ThreadPoolExecutor$Worker.run(ThreadPoolExecutor.java:624)
	... 1 more
Caused by: org.apache.ratis.thirdparty.io.netty.channel.AbstractChannel$AnnotatedConnectException: Connection refused: /192.168.157.211:45059
	at sun.nio.ch.SocketChannelImpl.checkConnect(Native Method)
	at sun.nio.ch.SocketChannelImpl.finishConnect(SocketChannelImpl.java:717)
	at org.apache.ratis.thirdparty.io.netty.channel.socket.nio.NioSocketChannel.doFinishConnect(NioSocketChannel.java:327)
	at org.apache.ratis.thirdparty.io.netty.channel.nio.AbstractNioChannel$AbstractNioUnsafe.finishConnect(AbstractNioChannel.java:340)
	at org.apache.ratis.thirdparty.io.netty.channel.nio.NioEventLoop.processSelectedKey(NioEventLoop.java:632)
	at org.apache.ratis.thirdparty.io.netty.channel.nio.NioEventLoop.processSelectedKeysOptimized(NioEventLoop.java:579)
	at org.apache.ratis.thirdparty.io.netty.channel.nio.NioEventLoop.processSelectedKeys(NioEventLoop.java:496)
	at org.apache.ratis.thirdparty.io.netty.channel.nio.NioEventLoop.run(NioEventLoop.java:458)
	at org.apache.ratis.thirdparty.io.netty.util.concurrent.SingleThreadEventExecutor$5.run(SingleThreadEventExecutor.java:897)
	at org.apache.ratis.thirdparty.io.netty.util.concurrent.FastThreadLocalRunnable.run(FastThreadLocalRunnable.java:30)
	... 1 more
Caused by: java.net.ConnectException: Connection refused
	... 11 more
2019-10-17 07:10:52,832 [67ae3572-7d88-4e50-b53b-0f48f6748b38@group-233C052D78D6-LeaderElection366] INFO  impl.LeaderElection (LeaderElection.java:logAndReturn(56)) - 67ae3572-7d88-4e50-b53b-0f48f6748b38@group-233C052D78D6-LeaderElection366: Election REJECTED; received 0 response(s) [] and 2 exception(s); 67ae3572-7d88-4e50-b53b-0f48f6748b38@group-233C052D78D6:t177, leader=null, voted=67ae3572-7d88-4e50-b53b-0f48f6748b38, raftlog=67ae3572-7d88-4e50-b53b-0f48f6748b38@group-233C052D78D6-SegmentedRaftLog:OPENED:c-1,f0,i0, conf=0: [67ae3572-7d88-4e50-b53b-0f48f6748b38:192.168.157.211:41299, 831edaa1-80a5-4091-843f-90c648a5a79d:192.168.157.211:44365, 5c4ee31d-c5ed-4c65-a5df-da3e3cf53ac2:192.168.157.211:45059], old=null
2019-10-17 07:10:52,832 [67ae3572-7d88-4e50-b53b-0f48f6748b38@group-233C052D78D6-LeaderElection366] INFO  impl.LeaderElection (LogUtils.java:infoOrTrace(149)) -   Exception 0: {}
java.util.concurrent.ExecutionException: org.apache.ratis.thirdparty.io.grpc.StatusRuntimeException: UNAVAILABLE: io exception
	at java.util.concurrent.FutureTask.report(FutureTask.java:122)
	at java.util.concurrent.FutureTask.get(FutureTask.java:192)
	at org.apache.ratis.server.impl.LeaderElection.waitForResults(LeaderElection.java:259)
	at org.apache.ratis.server.impl.LeaderElection.askForVotes(LeaderElection.java:197)
	at org.apache.ratis.server.impl.LeaderElection.run(LeaderElection.java:133)
	at java.lang.Thread.run(Thread.java:748)
Caused by: org.apache.ratis.thirdparty.io.grpc.StatusRuntimeException: UNAVAILABLE: io exception
	at org.apache.ratis.thirdparty.io.grpc.stub.ClientCalls.toStatusRuntimeException(ClientCalls.java:233)
	at org.apache.ratis.thirdparty.io.grpc.stub.ClientCalls.getUnchecked(ClientCalls.java:214)
	at org.apache.ratis.thirdparty.io.grpc.stub.ClientCalls.blockingUnaryCall(ClientCalls.java:139)
	at org.apache.ratis.proto.grpc.RaftServerProtocolServiceGrpc$RaftServerProtocolServiceBlockingStub.requestVote(RaftServerProtocolServiceGrpc.java:265)
	at org.apache.ratis.grpc.server.GrpcServerProtocolClient.requestVote(GrpcServerProtocolClient.java:99)
	at org.apache.ratis.grpc.server.GrpcService.requestVote(GrpcService.java:204)
	at org.apache.ratis.server.impl.LeaderElection.lambda$submitRequests$1(LeaderElection.java:234)
	at java.util.concurrent.FutureTask.run(FutureTask.java:266)
	at java.util.concurrent.Executors$RunnableAdapter.call(Executors.java:511)
	at java.util.concurrent.FutureTask.run(FutureTask.java:266)
	at java.util.concurrent.ThreadPoolExecutor.runWorker(ThreadPoolExecutor.java:1149)
	at java.util.concurrent.ThreadPoolExecutor$Worker.run(ThreadPoolExecutor.java:624)
	... 1 more
Caused by: org.apache.ratis.thirdparty.io.netty.channel.AbstractChannel$AnnotatedConnectException: Connection refused: /192.168.157.211:44365
	at sun.nio.ch.SocketChannelImpl.checkConnect(Native Method)
	at sun.nio.ch.SocketChannelImpl.finishConnect(SocketChannelImpl.java:717)
	at org.apache.ratis.thirdparty.io.netty.channel.socket.nio.NioSocketChannel.doFinishConnect(NioSocketChannel.java:327)
	at org.apache.ratis.thirdparty.io.netty.channel.nio.AbstractNioChannel$AbstractNioUnsafe.finishConnect(AbstractNioChannel.java:340)
	at org.apache.ratis.thirdparty.io.netty.channel.nio.NioEventLoop.processSelectedKey(NioEventLoop.java:632)
	at org.apache.ratis.thirdparty.io.netty.channel.nio.NioEventLoop.processSelectedKeysOptimized(NioEventLoop.java:579)
	at org.apache.ratis.thirdparty.io.netty.channel.nio.NioEventLoop.processSelectedKeys(NioEventLoop.java:496)
	at org.apache.ratis.thirdparty.io.netty.channel.nio.NioEventLoop.run(NioEventLoop.java:458)
	at org.apache.ratis.thirdparty.io.netty.util.concurrent.SingleThreadEventExecutor$5.run(SingleThreadEventExecutor.java:897)
	at org.apache.ratis.thirdparty.io.netty.util.concurrent.FastThreadLocalRunnable.run(FastThreadLocalRunnable.java:30)
	... 1 more
Caused by: java.net.ConnectException: Connection refused
	... 11 more
2019-10-17 07:10:52,833 [67ae3572-7d88-4e50-b53b-0f48f6748b38@group-233C052D78D6-LeaderElection366] INFO  impl.LeaderElection (LogUtils.java:infoOrTrace(149)) -   Exception 1: {}
java.util.concurrent.ExecutionException: org.apache.ratis.thirdparty.io.grpc.StatusRuntimeException: UNAVAILABLE: io exception
	at java.util.concurrent.FutureTask.report(FutureTask.java:122)
	at java.util.concurrent.FutureTask.get(FutureTask.java:192)
	at org.apache.ratis.server.impl.LeaderElection.waitForResults(LeaderElection.java:259)
	at org.apache.ratis.server.impl.LeaderElection.askForVotes(LeaderElection.java:197)
	at org.apache.ratis.server.impl.LeaderElection.run(LeaderElection.java:133)
	at java.lang.Thread.run(Thread.java:748)
Caused by: org.apache.ratis.thirdparty.io.grpc.StatusRuntimeException: UNAVAILABLE: io exception
	at org.apache.ratis.thirdparty.io.grpc.stub.ClientCalls.toStatusRuntimeException(ClientCalls.java:233)
	at org.apache.ratis.thirdparty.io.grpc.stub.ClientCalls.getUnchecked(ClientCalls.java:214)
	at org.apache.ratis.thirdparty.io.grpc.stub.ClientCalls.blockingUnaryCall(ClientCalls.java:139)
	at org.apache.ratis.proto.grpc.RaftServerProtocolServiceGrpc$RaftServerProtocolServiceBlockingStub.requestVote(RaftServerProtocolServiceGrpc.java:265)
	at org.apache.ratis.grpc.server.GrpcServerProtocolClient.requestVote(GrpcServerProtocolClient.java:99)
	at org.apache.ratis.grpc.server.GrpcService.requestVote(GrpcService.java:204)
	at org.apache.ratis.server.impl.LeaderElection.lambda$submitRequests$1(LeaderElection.java:234)
	at java.util.concurrent.FutureTask.run(FutureTask.java:266)
	at java.util.concurrent.Executors$RunnableAdapter.call(Executors.java:511)
	at java.util.concurrent.FutureTask.run(FutureTask.java:266)
	at java.util.concurrent.ThreadPoolExecutor.runWorker(ThreadPoolExecutor.java:1149)
	at java.util.concurrent.ThreadPoolExecutor$Worker.run(ThreadPoolExecutor.java:624)
	... 1 more
Caused by: org.apache.ratis.thirdparty.io.netty.channel.AbstractChannel$AnnotatedConnectException: Connection refused: /192.168.157.211:45059
	at sun.nio.ch.SocketChannelImpl.checkConnect(Native Method)
	at sun.nio.ch.SocketChannelImpl.finishConnect(SocketChannelImpl.java:717)
	at org.apache.ratis.thirdparty.io.netty.channel.socket.nio.NioSocketChannel.doFinishConnect(NioSocketChannel.java:327)
	at org.apache.ratis.thirdparty.io.netty.channel.nio.AbstractNioChannel$AbstractNioUnsafe.finishConnect(AbstractNioChannel.java:340)
	at org.apache.ratis.thirdparty.io.netty.channel.nio.NioEventLoop.processSelectedKey(NioEventLoop.java:632)
	at org.apache.ratis.thirdparty.io.netty.channel.nio.NioEventLoop.processSelectedKeysOptimized(NioEventLoop.java:579)
	at org.apache.ratis.thirdparty.io.netty.channel.nio.NioEventLoop.processSelectedKeys(NioEventLoop.java:496)
	at org.apache.ratis.thirdparty.io.netty.channel.nio.NioEventLoop.run(NioEventLoop.java:458)
	at org.apache.ratis.thirdparty.io.netty.util.concurrent.SingleThreadEventExecutor$5.run(SingleThreadEventExecutor.java:897)
	at org.apache.ratis.thirdparty.io.netty.util.concurrent.FastThreadLocalRunnable.run(FastThreadLocalRunnable.java:30)
	... 1 more
Caused by: java.net.ConnectException: Connection refused
	... 11 more
2019-10-17 07:10:52,834 [67ae3572-7d88-4e50-b53b-0f48f6748b38@group-233C052D78D6-LeaderElection366] INFO  impl.RaftServerImpl (RaftServerImpl.java:setRole(184)) - 67ae3572-7d88-4e50-b53b-0f48f6748b38@group-233C052D78D6: changes role from CANDIDATE to FOLLOWER at term 177 for DISCOVERED_A_NEW_TERM
2019-10-17 07:10:52,834 [67ae3572-7d88-4e50-b53b-0f48f6748b38@group-233C052D78D6-LeaderElection366] INFO  impl.RoleInfo (RoleInfo.java:shutdownLeaderElection(134)) - 67ae3572-7d88-4e50-b53b-0f48f6748b38: shutdown LeaderElection
2019-10-17 07:10:52,834 [67ae3572-7d88-4e50-b53b-0f48f6748b38@group-233C052D78D6-LeaderElection366] INFO  impl.RoleInfo (RoleInfo.java:updateAndGet(143)) - 67ae3572-7d88-4e50-b53b-0f48f6748b38: start FollowerState
2019-10-17 07:10:53,125 [java.util.concurrent.ThreadPoolExecutor$Worker@234137a4[State = -1, empty queue]] WARN  server.GrpcLogAppender (GrpcLogAppender.java:timeoutAppendRequest(209)) - d31fb603-bc45-4cd2-bfc5-2ee103695b2e@group-A2172F2EE55F->a4e5d14e-95af-4d1f-b670-5b1c42084e26-GrpcLogAppender: appendEntries Timeout, request=d31fb603-bc45-4cd2-bfc5-2ee103695b2e->a4e5d14e-95af-4d1f-b670-5b1c42084e26#71-t3, previous=(t:3, i:20), leaderCommit=20, initializing? false, entries: <empty>
2019-10-17 07:10:53,180 [Thread-2838] INFO  impl.FollowerState (FollowerState.java:run(108)) - 215fceca-0555-458b-bc4f-ba38ff24d5ba@group-42ACBF6EBE4E-FollowerState: change to CANDIDATE, lastRpcTime:1030ms, electionTimeout:1030ms
2019-10-17 07:10:53,180 [Thread-2838] INFO  impl.RoleInfo (RoleInfo.java:shutdownFollowerState(121)) - 215fceca-0555-458b-bc4f-ba38ff24d5ba: shutdown FollowerState
2019-10-17 07:10:53,180 [Thread-2838] INFO  impl.RaftServerImpl (RaftServerImpl.java:setRole(184)) - 215fceca-0555-458b-bc4f-ba38ff24d5ba@group-42ACBF6EBE4E: changes role from  FOLLOWER to CANDIDATE at term 219 for changeToCandidate
2019-10-17 07:10:53,180 [Thread-2838] INFO  impl.RoleInfo (RoleInfo.java:updateAndGet(143)) - 215fceca-0555-458b-bc4f-ba38ff24d5ba: start LeaderElection
2019-10-17 07:10:53,193 [215fceca-0555-458b-bc4f-ba38ff24d5ba@group-42ACBF6EBE4E-LeaderElection367] INFO  impl.LeaderElection (LeaderElection.java:askForVotes(178)) - 215fceca-0555-458b-bc4f-ba38ff24d5ba@group-42ACBF6EBE4E-LeaderElection367: begin an election at term 220 for 0: [215fceca-0555-458b-bc4f-ba38ff24d5ba:192.168.157.211:43803, decc5551-dd4b-40dc-8ff5-b6b450d67f6f:192.168.157.211:34435, 0c631657-10a5-4e2a-a322-8fc6c651b2ed:192.168.157.211:41694], old=null
2019-10-17 07:10:53,195 [215fceca-0555-458b-bc4f-ba38ff24d5ba@group-42ACBF6EBE4E-LeaderElection367] INFO  impl.LeaderElection (LogUtils.java:infoOrTrace(149)) - 215fceca-0555-458b-bc4f-ba38ff24d5ba@group-42ACBF6EBE4E-LeaderElection367 got exception when requesting votes: {}
java.util.concurrent.ExecutionException: org.apache.ratis.thirdparty.io.grpc.StatusRuntimeException: UNAVAILABLE: io exception
	at java.util.concurrent.FutureTask.report(FutureTask.java:122)
	at java.util.concurrent.FutureTask.get(FutureTask.java:192)
	at org.apache.ratis.server.impl.LeaderElection.waitForResults(LeaderElection.java:259)
	at org.apache.ratis.server.impl.LeaderElection.askForVotes(LeaderElection.java:197)
	at org.apache.ratis.server.impl.LeaderElection.run(LeaderElection.java:133)
	at java.lang.Thread.run(Thread.java:748)
Caused by: org.apache.ratis.thirdparty.io.grpc.StatusRuntimeException: UNAVAILABLE: io exception
	at org.apache.ratis.thirdparty.io.grpc.stub.ClientCalls.toStatusRuntimeException(ClientCalls.java:233)
	at org.apache.ratis.thirdparty.io.grpc.stub.ClientCalls.getUnchecked(ClientCalls.java:214)
	at org.apache.ratis.thirdparty.io.grpc.stub.ClientCalls.blockingUnaryCall(ClientCalls.java:139)
	at org.apache.ratis.proto.grpc.RaftServerProtocolServiceGrpc$RaftServerProtocolServiceBlockingStub.requestVote(RaftServerProtocolServiceGrpc.java:265)
	at org.apache.ratis.grpc.server.GrpcServerProtocolClient.requestVote(GrpcServerProtocolClient.java:99)
	at org.apache.ratis.grpc.server.GrpcService.requestVote(GrpcService.java:204)
	at org.apache.ratis.server.impl.LeaderElection.lambda$submitRequests$1(LeaderElection.java:234)
	at java.util.concurrent.FutureTask.run(FutureTask.java:266)
	at java.util.concurrent.Executors$RunnableAdapter.call(Executors.java:511)
	at java.util.concurrent.FutureTask.run(FutureTask.java:266)
	at java.util.concurrent.ThreadPoolExecutor.runWorker(ThreadPoolExecutor.java:1149)
	at java.util.concurrent.ThreadPoolExecutor$Worker.run(ThreadPoolExecutor.java:624)
	... 1 more
Caused by: org.apache.ratis.thirdparty.io.netty.channel.AbstractChannel$AnnotatedConnectException: Connection refused: /192.168.157.211:41694
	at sun.nio.ch.SocketChannelImpl.checkConnect(Native Method)
	at sun.nio.ch.SocketChannelImpl.finishConnect(SocketChannelImpl.java:717)
	at org.apache.ratis.thirdparty.io.netty.channel.socket.nio.NioSocketChannel.doFinishConnect(NioSocketChannel.java:327)
	at org.apache.ratis.thirdparty.io.netty.channel.nio.AbstractNioChannel$AbstractNioUnsafe.finishConnect(AbstractNioChannel.java:340)
	at org.apache.ratis.thirdparty.io.netty.channel.nio.NioEventLoop.processSelectedKey(NioEventLoop.java:632)
	at org.apache.ratis.thirdparty.io.netty.channel.nio.NioEventLoop.processSelectedKeysOptimized(NioEventLoop.java:579)
	at org.apache.ratis.thirdparty.io.netty.channel.nio.NioEventLoop.processSelectedKeys(NioEventLoop.java:496)
	at org.apache.ratis.thirdparty.io.netty.channel.nio.NioEventLoop.run(NioEventLoop.java:458)
	at org.apache.ratis.thirdparty.io.netty.util.concurrent.SingleThreadEventExecutor$5.run(SingleThreadEventExecutor.java:897)
	at org.apache.ratis.thirdparty.io.netty.util.concurrent.FastThreadLocalRunnable.run(FastThreadLocalRunnable.java:30)
	... 1 more
Caused by: java.net.ConnectException: Connection refused
	... 11 more
2019-10-17 07:10:53,206 [215fceca-0555-458b-bc4f-ba38ff24d5ba@group-42ACBF6EBE4E-LeaderElection367] INFO  impl.LeaderElection (LogUtils.java:infoOrTrace(149)) - 215fceca-0555-458b-bc4f-ba38ff24d5ba@group-42ACBF6EBE4E-LeaderElection367 got exception when requesting votes: {}
java.util.concurrent.ExecutionException: org.apache.ratis.thirdparty.io.grpc.StatusRuntimeException: UNAVAILABLE: io exception
	at java.util.concurrent.FutureTask.report(FutureTask.java:122)
	at java.util.concurrent.FutureTask.get(FutureTask.java:192)
	at org.apache.ratis.server.impl.LeaderElection.waitForResults(LeaderElection.java:259)
	at org.apache.ratis.server.impl.LeaderElection.askForVotes(LeaderElection.java:197)
	at org.apache.ratis.server.impl.LeaderElection.run(LeaderElection.java:133)
	at java.lang.Thread.run(Thread.java:748)
Caused by: org.apache.ratis.thirdparty.io.grpc.StatusRuntimeException: UNAVAILABLE: io exception
	at org.apache.ratis.thirdparty.io.grpc.stub.ClientCalls.toStatusRuntimeException(ClientCalls.java:233)
	at org.apache.ratis.thirdparty.io.grpc.stub.ClientCalls.getUnchecked(ClientCalls.java:214)
	at org.apache.ratis.thirdparty.io.grpc.stub.ClientCalls.blockingUnaryCall(ClientCalls.java:139)
	at org.apache.ratis.proto.grpc.RaftServerProtocolServiceGrpc$RaftServerProtocolServiceBlockingStub.requestVote(RaftServerProtocolServiceGrpc.java:265)
	at org.apache.ratis.grpc.server.GrpcServerProtocolClient.requestVote(GrpcServerProtocolClient.java:99)
	at org.apache.ratis.grpc.server.GrpcService.requestVote(GrpcService.java:204)
	at org.apache.ratis.server.impl.LeaderElection.lambda$submitRequests$1(LeaderElection.java:234)
	at java.util.concurrent.FutureTask.run(FutureTask.java:266)
	at java.util.concurrent.Executors$RunnableAdapter.call(Executors.java:511)
	at java.util.concurrent.FutureTask.run(FutureTask.java:266)
	at java.util.concurrent.ThreadPoolExecutor.runWorker(ThreadPoolExecutor.java:1149)
	at java.util.concurrent.ThreadPoolExecutor$Worker.run(ThreadPoolExecutor.java:624)
	... 1 more
Caused by: org.apache.ratis.thirdparty.io.netty.channel.AbstractChannel$AnnotatedConnectException: Connection refused: /192.168.157.211:34435
	at sun.nio.ch.SocketChannelImpl.checkConnect(Native Method)
	at sun.nio.ch.SocketChannelImpl.finishConnect(SocketChannelImpl.java:717)
	at org.apache.ratis.thirdparty.io.netty.channel.socket.nio.NioSocketChannel.doFinishConnect(NioSocketChannel.java:327)
	at org.apache.ratis.thirdparty.io.netty.channel.nio.AbstractNioChannel$AbstractNioUnsafe.finishConnect(AbstractNioChannel.java:340)
	at org.apache.ratis.thirdparty.io.netty.channel.nio.NioEventLoop.processSelectedKey(NioEventLoop.java:632)
	at org.apache.ratis.thirdparty.io.netty.channel.nio.NioEventLoop.processSelectedKeysOptimized(NioEventLoop.java:579)
	at org.apache.ratis.thirdparty.io.netty.channel.nio.NioEventLoop.processSelectedKeys(NioEventLoop.java:496)
	at org.apache.ratis.thirdparty.io.netty.channel.nio.NioEventLoop.run(NioEventLoop.java:458)
	at org.apache.ratis.thirdparty.io.netty.util.concurrent.SingleThreadEventExecutor$5.run(SingleThreadEventExecutor.java:897)
	at org.apache.ratis.thirdparty.io.netty.util.concurrent.FastThreadLocalRunnable.run(FastThreadLocalRunnable.java:30)
	... 1 more
Caused by: java.net.ConnectException: Connection refused
	... 11 more
2019-10-17 07:10:53,207 [215fceca-0555-458b-bc4f-ba38ff24d5ba@group-42ACBF6EBE4E-LeaderElection367] INFO  impl.LeaderElection (LeaderElection.java:logAndReturn(56)) - 215fceca-0555-458b-bc4f-ba38ff24d5ba@group-42ACBF6EBE4E-LeaderElection367: Election REJECTED; received 0 response(s) [] and 2 exception(s); 215fceca-0555-458b-bc4f-ba38ff24d5ba@group-42ACBF6EBE4E:t220, leader=null, voted=215fceca-0555-458b-bc4f-ba38ff24d5ba, raftlog=215fceca-0555-458b-bc4f-ba38ff24d5ba@group-42ACBF6EBE4E-SegmentedRaftLog:OPENED:c-1,f0,i0, conf=0: [215fceca-0555-458b-bc4f-ba38ff24d5ba:192.168.157.211:43803, decc5551-dd4b-40dc-8ff5-b6b450d67f6f:192.168.157.211:34435, 0c631657-10a5-4e2a-a322-8fc6c651b2ed:192.168.157.211:41694], old=null
2019-10-17 07:10:53,207 [215fceca-0555-458b-bc4f-ba38ff24d5ba@group-42ACBF6EBE4E-LeaderElection367] INFO  impl.LeaderElection (LogUtils.java:infoOrTrace(149)) -   Exception 0: {}
java.util.concurrent.ExecutionException: org.apache.ratis.thirdparty.io.grpc.StatusRuntimeException: UNAVAILABLE: io exception
	at java.util.concurrent.FutureTask.report(FutureTask.java:122)
	at java.util.concurrent.FutureTask.get(FutureTask.java:192)
	at org.apache.ratis.server.impl.LeaderElection.waitForResults(LeaderElection.java:259)
	at org.apache.ratis.server.impl.LeaderElection.askForVotes(LeaderElection.java:197)
	at org.apache.ratis.server.impl.LeaderElection.run(LeaderElection.java:133)
	at java.lang.Thread.run(Thread.java:748)
Caused by: org.apache.ratis.thirdparty.io.grpc.StatusRuntimeException: UNAVAILABLE: io exception
	at org.apache.ratis.thirdparty.io.grpc.stub.ClientCalls.toStatusRuntimeException(ClientCalls.java:233)
	at org.apache.ratis.thirdparty.io.grpc.stub.ClientCalls.getUnchecked(ClientCalls.java:214)
	at org.apache.ratis.thirdparty.io.grpc.stub.ClientCalls.blockingUnaryCall(ClientCalls.java:139)
	at org.apache.ratis.proto.grpc.RaftServerProtocolServiceGrpc$RaftServerProtocolServiceBlockingStub.requestVote(RaftServerProtocolServiceGrpc.java:265)
	at org.apache.ratis.grpc.server.GrpcServerProtocolClient.requestVote(GrpcServerProtocolClient.java:99)
	at org.apache.ratis.grpc.server.GrpcService.requestVote(GrpcService.java:204)
	at org.apache.ratis.server.impl.LeaderElection.lambda$submitRequests$1(LeaderElection.java:234)
	at java.util.concurrent.FutureTask.run(FutureTask.java:266)
	at java.util.concurrent.Executors$RunnableAdapter.call(Executors.java:511)
	at java.util.concurrent.FutureTask.run(FutureTask.java:266)
	at java.util.concurrent.ThreadPoolExecutor.runWorker(ThreadPoolExecutor.java:1149)
	at java.util.concurrent.ThreadPoolExecutor$Worker.run(ThreadPoolExecutor.java:624)
	... 1 more
Caused by: org.apache.ratis.thirdparty.io.netty.channel.AbstractChannel$AnnotatedConnectException: Connection refused: /192.168.157.211:41694
	at sun.nio.ch.SocketChannelImpl.checkConnect(Native Method)
	at sun.nio.ch.SocketChannelImpl.finishConnect(SocketChannelImpl.java:717)
	at org.apache.ratis.thirdparty.io.netty.channel.socket.nio.NioSocketChannel.doFinishConnect(NioSocketChannel.java:327)
	at org.apache.ratis.thirdparty.io.netty.channel.nio.AbstractNioChannel$AbstractNioUnsafe.finishConnect(AbstractNioChannel.java:340)
	at org.apache.ratis.thirdparty.io.netty.channel.nio.NioEventLoop.processSelectedKey(NioEventLoop.java:632)
	at org.apache.ratis.thirdparty.io.netty.channel.nio.NioEventLoop.processSelectedKeysOptimized(NioEventLoop.java:579)
	at org.apache.ratis.thirdparty.io.netty.channel.nio.NioEventLoop.processSelectedKeys(NioEventLoop.java:496)
	at org.apache.ratis.thirdparty.io.netty.channel.nio.NioEventLoop.run(NioEventLoop.java:458)
	at org.apache.ratis.thirdparty.io.netty.util.concurrent.SingleThreadEventExecutor$5.run(SingleThreadEventExecutor.java:897)
	at org.apache.ratis.thirdparty.io.netty.util.concurrent.FastThreadLocalRunnable.run(FastThreadLocalRunnable.java:30)
	... 1 more
Caused by: java.net.ConnectException: Connection refused
	... 11 more
2019-10-17 07:10:53,207 [215fceca-0555-458b-bc4f-ba38ff24d5ba@group-42ACBF6EBE4E-LeaderElection367] INFO  impl.LeaderElection (LogUtils.java:infoOrTrace(149)) -   Exception 1: {}
java.util.concurrent.ExecutionException: org.apache.ratis.thirdparty.io.grpc.StatusRuntimeException: UNAVAILABLE: io exception
	at java.util.concurrent.FutureTask.report(FutureTask.java:122)
	at java.util.concurrent.FutureTask.get(FutureTask.java:192)
	at org.apache.ratis.server.impl.LeaderElection.waitForResults(LeaderElection.java:259)
	at org.apache.ratis.server.impl.LeaderElection.askForVotes(LeaderElection.java:197)
	at org.apache.ratis.server.impl.LeaderElection.run(LeaderElection.java:133)
	at java.lang.Thread.run(Thread.java:748)
Caused by: org.apache.ratis.thirdparty.io.grpc.StatusRuntimeException: UNAVAILABLE: io exception
	at org.apache.ratis.thirdparty.io.grpc.stub.ClientCalls.toStatusRuntimeException(ClientCalls.java:233)
	at org.apache.ratis.thirdparty.io.grpc.stub.ClientCalls.getUnchecked(ClientCalls.java:214)
	at org.apache.ratis.thirdparty.io.grpc.stub.ClientCalls.blockingUnaryCall(ClientCalls.java:139)
	at org.apache.ratis.proto.grpc.RaftServerProtocolServiceGrpc$RaftServerProtocolServiceBlockingStub.requestVote(RaftServerProtocolServiceGrpc.java:265)
	at org.apache.ratis.grpc.server.GrpcServerProtocolClient.requestVote(GrpcServerProtocolClient.java:99)
	at org.apache.ratis.grpc.server.GrpcService.requestVote(GrpcService.java:204)
	at org.apache.ratis.server.impl.LeaderElection.lambda$submitRequests$1(LeaderElection.java:234)
	at java.util.concurrent.FutureTask.run(FutureTask.java:266)
	at java.util.concurrent.Executors$RunnableAdapter.call(Executors.java:511)
	at java.util.concurrent.FutureTask.run(FutureTask.java:266)
	at java.util.concurrent.ThreadPoolExecutor.runWorker(ThreadPoolExecutor.java:1149)
	at java.util.concurrent.ThreadPoolExecutor$Worker.run(ThreadPoolExecutor.java:624)
	... 1 more
Caused by: org.apache.ratis.thirdparty.io.netty.channel.AbstractChannel$AnnotatedConnectException: Connection refused: /192.168.157.211:34435
	at sun.nio.ch.SocketChannelImpl.checkConnect(Native Method)
	at sun.nio.ch.SocketChannelImpl.finishConnect(SocketChannelImpl.java:717)
	at org.apache.ratis.thirdparty.io.netty.channel.socket.nio.NioSocketChannel.doFinishConnect(NioSocketChannel.java:327)
	at org.apache.ratis.thirdparty.io.netty.channel.nio.AbstractNioChannel$AbstractNioUnsafe.finishConnect(AbstractNioChannel.java:340)
	at org.apache.ratis.thirdparty.io.netty.channel.nio.NioEventLoop.processSelectedKey(NioEventLoop.java:632)
	at org.apache.ratis.thirdparty.io.netty.channel.nio.NioEventLoop.processSelectedKeysOptimized(NioEventLoop.java:579)
	at org.apache.ratis.thirdparty.io.netty.channel.nio.NioEventLoop.processSelectedKeys(NioEventLoop.java:496)
	at org.apache.ratis.thirdparty.io.netty.channel.nio.NioEventLoop.run(NioEventLoop.java:458)
	at org.apache.ratis.thirdparty.io.netty.util.concurrent.SingleThreadEventExecutor$5.run(SingleThreadEventExecutor.java:897)
	at org.apache.ratis.thirdparty.io.netty.util.concurrent.FastThreadLocalRunnable.run(FastThreadLocalRunnable.java:30)
	... 1 more
Caused by: java.net.ConnectException: Connection refused
	... 11 more
2019-10-17 07:10:53,208 [215fceca-0555-458b-bc4f-ba38ff24d5ba@group-42ACBF6EBE4E-LeaderElection367] INFO  impl.RaftServerImpl (RaftServerImpl.java:setRole(184)) - 215fceca-0555-458b-bc4f-ba38ff24d5ba@group-42ACBF6EBE4E: changes role from CANDIDATE to FOLLOWER at term 220 for DISCOVERED_A_NEW_TERM
2019-10-17 07:10:53,208 [215fceca-0555-458b-bc4f-ba38ff24d5ba@group-42ACBF6EBE4E-LeaderElection367] INFO  impl.RoleInfo (RoleInfo.java:shutdownLeaderElection(134)) - 215fceca-0555-458b-bc4f-ba38ff24d5ba: shutdown LeaderElection
2019-10-17 07:10:53,208 [215fceca-0555-458b-bc4f-ba38ff24d5ba@group-42ACBF6EBE4E-LeaderElection367] INFO  impl.RoleInfo (RoleInfo.java:updateAndGet(143)) - 215fceca-0555-458b-bc4f-ba38ff24d5ba: start FollowerState
2019-10-17 07:10:53,625 [java.util.concurrent.ThreadPoolExecutor$Worker@234137a4[State = -1, empty queue]] WARN  server.GrpcLogAppender (GrpcLogAppender.java:timeoutAppendRequest(209)) - d31fb603-bc45-4cd2-bfc5-2ee103695b2e@group-A2172F2EE55F->a4e5d14e-95af-4d1f-b670-5b1c42084e26-GrpcLogAppender: appendEntries Timeout, request=d31fb603-bc45-4cd2-bfc5-2ee103695b2e->a4e5d14e-95af-4d1f-b670-5b1c42084e26#72-t3, previous=(t:3, i:20), leaderCommit=20, initializing? false, entries: <empty>
2019-10-17 07:10:53,941 [Thread-2844] INFO  impl.FollowerState (FollowerState.java:run(108)) - 67ae3572-7d88-4e50-b53b-0f48f6748b38@group-233C052D78D6-FollowerState: change to CANDIDATE, lastRpcTime:1107ms, electionTimeout:1107ms
2019-10-17 07:10:53,941 [Thread-2844] INFO  impl.RoleInfo (RoleInfo.java:shutdownFollowerState(121)) - 67ae3572-7d88-4e50-b53b-0f48f6748b38: shutdown FollowerState
2019-10-17 07:10:53,942 [Thread-2844] INFO  impl.RaftServerImpl (RaftServerImpl.java:setRole(184)) - 67ae3572-7d88-4e50-b53b-0f48f6748b38@group-233C052D78D6: changes role from  FOLLOWER to CANDIDATE at term 177 for changeToCandidate
2019-10-17 07:10:53,942 [Thread-2844] INFO  impl.RoleInfo (RoleInfo.java:updateAndGet(143)) - 67ae3572-7d88-4e50-b53b-0f48f6748b38: start LeaderElection
2019-10-17 07:10:53,968 [67ae3572-7d88-4e50-b53b-0f48f6748b38@group-233C052D78D6-LeaderElection368] INFO  impl.LeaderElection (LeaderElection.java:askForVotes(178)) - 67ae3572-7d88-4e50-b53b-0f48f6748b38@group-233C052D78D6-LeaderElection368: begin an election at term 178 for 0: [67ae3572-7d88-4e50-b53b-0f48f6748b38:192.168.157.211:41299, 831edaa1-80a5-4091-843f-90c648a5a79d:192.168.157.211:44365, 5c4ee31d-c5ed-4c65-a5df-da3e3cf53ac2:192.168.157.211:45059], old=null
2019-10-17 07:10:53,969 [67ae3572-7d88-4e50-b53b-0f48f6748b38@group-233C052D78D6-LeaderElection368] INFO  impl.LeaderElection (LogUtils.java:infoOrTrace(149)) - 67ae3572-7d88-4e50-b53b-0f48f6748b38@group-233C052D78D6-LeaderElection368 got exception when requesting votes: {}
java.util.concurrent.ExecutionException: org.apache.ratis.thirdparty.io.grpc.StatusRuntimeException: UNAVAILABLE: io exception
	at java.util.concurrent.FutureTask.report(FutureTask.java:122)
	at java.util.concurrent.FutureTask.get(FutureTask.java:192)
	at org.apache.ratis.server.impl.LeaderElection.waitForResults(LeaderElection.java:259)
	at org.apache.ratis.server.impl.LeaderElection.askForVotes(LeaderElection.java:197)
	at org.apache.ratis.server.impl.LeaderElection.run(LeaderElection.java:133)
	at java.lang.Thread.run(Thread.java:748)
Caused by: org.apache.ratis.thirdparty.io.grpc.StatusRuntimeException: UNAVAILABLE: io exception
	at org.apache.ratis.thirdparty.io.grpc.stub.ClientCalls.toStatusRuntimeException(ClientCalls.java:233)
	at org.apache.ratis.thirdparty.io.grpc.stub.ClientCalls.getUnchecked(ClientCalls.java:214)
	at org.apache.ratis.thirdparty.io.grpc.stub.ClientCalls.blockingUnaryCall(ClientCalls.java:139)
	at org.apache.ratis.proto.grpc.RaftServerProtocolServiceGrpc$RaftServerProtocolServiceBlockingStub.requestVote(RaftServerProtocolServiceGrpc.java:265)
	at org.apache.ratis.grpc.server.GrpcServerProtocolClient.requestVote(GrpcServerProtocolClient.java:99)
	at org.apache.ratis.grpc.server.GrpcService.requestVote(GrpcService.java:204)
	at org.apache.ratis.server.impl.LeaderElection.lambda$submitRequests$1(LeaderElection.java:234)
	at java.util.concurrent.FutureTask.run(FutureTask.java:266)
	at java.util.concurrent.Executors$RunnableAdapter.call(Executors.java:511)
	at java.util.concurrent.FutureTask.run(FutureTask.java:266)
	at java.util.concurrent.ThreadPoolExecutor.runWorker(ThreadPoolExecutor.java:1149)
	at java.util.concurrent.ThreadPoolExecutor$Worker.run(ThreadPoolExecutor.java:624)
	... 1 more
Caused by: org.apache.ratis.thirdparty.io.netty.channel.AbstractChannel$AnnotatedConnectException: Connection refused: /192.168.157.211:44365
	at sun.nio.ch.SocketChannelImpl.checkConnect(Native Method)
	at sun.nio.ch.SocketChannelImpl.finishConnect(SocketChannelImpl.java:717)
	at org.apache.ratis.thirdparty.io.netty.channel.socket.nio.NioSocketChannel.doFinishConnect(NioSocketChannel.java:327)
	at org.apache.ratis.thirdparty.io.netty.channel.nio.AbstractNioChannel$AbstractNioUnsafe.finishConnect(AbstractNioChannel.java:340)
	at org.apache.ratis.thirdparty.io.netty.channel.nio.NioEventLoop.processSelectedKey(NioEventLoop.java:632)
	at org.apache.ratis.thirdparty.io.netty.channel.nio.NioEventLoop.processSelectedKeysOptimized(NioEventLoop.java:579)
	at org.apache.ratis.thirdparty.io.netty.channel.nio.NioEventLoop.processSelectedKeys(NioEventLoop.java:496)
	at org.apache.ratis.thirdparty.io.netty.channel.nio.NioEventLoop.run(NioEventLoop.java:458)
	at org.apache.ratis.thirdparty.io.netty.util.concurrent.SingleThreadEventExecutor$5.run(SingleThreadEventExecutor.java:897)
	at org.apache.ratis.thirdparty.io.netty.util.concurrent.FastThreadLocalRunnable.run(FastThreadLocalRunnable.java:30)
	... 1 more
Caused by: java.net.ConnectException: Connection refused
	... 11 more
2019-10-17 07:10:53,972 [67ae3572-7d88-4e50-b53b-0f48f6748b38@group-233C052D78D6-LeaderElection368] INFO  impl.LeaderElection (LogUtils.java:infoOrTrace(149)) - 67ae3572-7d88-4e50-b53b-0f48f6748b38@group-233C052D78D6-LeaderElection368 got exception when requesting votes: {}
java.util.concurrent.ExecutionException: org.apache.ratis.thirdparty.io.grpc.StatusRuntimeException: UNAVAILABLE: io exception
	at java.util.concurrent.FutureTask.report(FutureTask.java:122)
	at java.util.concurrent.FutureTask.get(FutureTask.java:192)
	at org.apache.ratis.server.impl.LeaderElection.waitForResults(LeaderElection.java:259)
	at org.apache.ratis.server.impl.LeaderElection.askForVotes(LeaderElection.java:197)
	at org.apache.ratis.server.impl.LeaderElection.run(LeaderElection.java:133)
	at java.lang.Thread.run(Thread.java:748)
Caused by: org.apache.ratis.thirdparty.io.grpc.StatusRuntimeException: UNAVAILABLE: io exception
	at org.apache.ratis.thirdparty.io.grpc.stub.ClientCalls.toStatusRuntimeException(ClientCalls.java:233)
	at org.apache.ratis.thirdparty.io.grpc.stub.ClientCalls.getUnchecked(ClientCalls.java:214)
	at org.apache.ratis.thirdparty.io.grpc.stub.ClientCalls.blockingUnaryCall(ClientCalls.java:139)
	at org.apache.ratis.proto.grpc.RaftServerProtocolServiceGrpc$RaftServerProtocolServiceBlockingStub.requestVote(RaftServerProtocolServiceGrpc.java:265)
	at org.apache.ratis.grpc.server.GrpcServerProtocolClient.requestVote(GrpcServerProtocolClient.java:99)
	at org.apache.ratis.grpc.server.GrpcService.requestVote(GrpcService.java:204)
	at org.apache.ratis.server.impl.LeaderElection.lambda$submitRequests$1(LeaderElection.java:234)
	at java.util.concurrent.FutureTask.run(FutureTask.java:266)
	at java.util.concurrent.Executors$RunnableAdapter.call(Executors.java:511)
	at java.util.concurrent.FutureTask.run(FutureTask.java:266)
	at java.util.concurrent.ThreadPoolExecutor.runWorker(ThreadPoolExecutor.java:1149)
	at java.util.concurrent.ThreadPoolExecutor$Worker.run(ThreadPoolExecutor.java:624)
	... 1 more
Caused by: org.apache.ratis.thirdparty.io.netty.channel.AbstractChannel$AnnotatedConnectException: Connection refused: /192.168.157.211:45059
	at sun.nio.ch.SocketChannelImpl.checkConnect(Native Method)
	at sun.nio.ch.SocketChannelImpl.finishConnect(SocketChannelImpl.java:717)
	at org.apache.ratis.thirdparty.io.netty.channel.socket.nio.NioSocketChannel.doFinishConnect(NioSocketChannel.java:327)
	at org.apache.ratis.thirdparty.io.netty.channel.nio.AbstractNioChannel$AbstractNioUnsafe.finishConnect(AbstractNioChannel.java:340)
	at org.apache.ratis.thirdparty.io.netty.channel.nio.NioEventLoop.processSelectedKey(NioEventLoop.java:632)
	at org.apache.ratis.thirdparty.io.netty.channel.nio.NioEventLoop.processSelectedKeysOptimized(NioEventLoop.java:579)
	at org.apache.ratis.thirdparty.io.netty.channel.nio.NioEventLoop.processSelectedKeys(NioEventLoop.java:496)
	at org.apache.ratis.thirdparty.io.netty.channel.nio.NioEventLoop.run(NioEventLoop.java:458)
	at org.apache.ratis.thirdparty.io.netty.util.concurrent.SingleThreadEventExecutor$5.run(SingleThreadEventExecutor.java:897)
	at org.apache.ratis.thirdparty.io.netty.util.concurrent.FastThreadLocalRunnable.run(FastThreadLocalRunnable.java:30)
	... 1 more
Caused by: java.net.ConnectException: Connection refused
	... 11 more
2019-10-17 07:10:53,974 [67ae3572-7d88-4e50-b53b-0f48f6748b38@group-233C052D78D6-LeaderElection368] INFO  impl.LeaderElection (LeaderElection.java:logAndReturn(56)) - 67ae3572-7d88-4e50-b53b-0f48f6748b38@group-233C052D78D6-LeaderElection368: Election REJECTED; received 0 response(s) [] and 2 exception(s); 67ae3572-7d88-4e50-b53b-0f48f6748b38@group-233C052D78D6:t178, leader=null, voted=67ae3572-7d88-4e50-b53b-0f48f6748b38, raftlog=67ae3572-7d88-4e50-b53b-0f48f6748b38@group-233C052D78D6-SegmentedRaftLog:OPENED:c-1,f0,i0, conf=0: [67ae3572-7d88-4e50-b53b-0f48f6748b38:192.168.157.211:41299, 831edaa1-80a5-4091-843f-90c648a5a79d:192.168.157.211:44365, 5c4ee31d-c5ed-4c65-a5df-da3e3cf53ac2:192.168.157.211:45059], old=null
2019-10-17 07:10:53,974 [67ae3572-7d88-4e50-b53b-0f48f6748b38@group-233C052D78D6-LeaderElection368] INFO  impl.LeaderElection (LogUtils.java:infoOrTrace(149)) -   Exception 0: {}
java.util.concurrent.ExecutionException: org.apache.ratis.thirdparty.io.grpc.StatusRuntimeException: UNAVAILABLE: io exception
	at java.util.concurrent.FutureTask.report(FutureTask.java:122)
	at java.util.concurrent.FutureTask.get(FutureTask.java:192)
	at org.apache.ratis.server.impl.LeaderElection.waitForResults(LeaderElection.java:259)
	at org.apache.ratis.server.impl.LeaderElection.askForVotes(LeaderElection.java:197)
	at org.apache.ratis.server.impl.LeaderElection.run(LeaderElection.java:133)
	at java.lang.Thread.run(Thread.java:748)
Caused by: org.apache.ratis.thirdparty.io.grpc.StatusRuntimeException: UNAVAILABLE: io exception
	at org.apache.ratis.thirdparty.io.grpc.stub.ClientCalls.toStatusRuntimeException(ClientCalls.java:233)
	at org.apache.ratis.thirdparty.io.grpc.stub.ClientCalls.getUnchecked(ClientCalls.java:214)
	at org.apache.ratis.thirdparty.io.grpc.stub.ClientCalls.blockingUnaryCall(ClientCalls.java:139)
	at org.apache.ratis.proto.grpc.RaftServerProtocolServiceGrpc$RaftServerProtocolServiceBlockingStub.requestVote(RaftServerProtocolServiceGrpc.java:265)
	at org.apache.ratis.grpc.server.GrpcServerProtocolClient.requestVote(GrpcServerProtocolClient.java:99)
	at org.apache.ratis.grpc.server.GrpcService.requestVote(GrpcService.java:204)
	at org.apache.ratis.server.impl.LeaderElection.lambda$submitRequests$1(LeaderElection.java:234)
	at java.util.concurrent.FutureTask.run(FutureTask.java:266)
	at java.util.concurrent.Executors$RunnableAdapter.call(Executors.java:511)
	at java.util.concurrent.FutureTask.run(FutureTask.java:266)
	at java.util.concurrent.ThreadPoolExecutor.runWorker(ThreadPoolExecutor.java:1149)
	at java.util.concurrent.ThreadPoolExecutor$Worker.run(ThreadPoolExecutor.java:624)
	... 1 more
Caused by: org.apache.ratis.thirdparty.io.netty.channel.AbstractChannel$AnnotatedConnectException: Connection refused: /192.168.157.211:44365
	at sun.nio.ch.SocketChannelImpl.checkConnect(Native Method)
	at sun.nio.ch.SocketChannelImpl.finishConnect(SocketChannelImpl.java:717)
	at org.apache.ratis.thirdparty.io.netty.channel.socket.nio.NioSocketChannel.doFinishConnect(NioSocketChannel.java:327)
	at org.apache.ratis.thirdparty.io.netty.channel.nio.AbstractNioChannel$AbstractNioUnsafe.finishConnect(AbstractNioChannel.java:340)
	at org.apache.ratis.thirdparty.io.netty.channel.nio.NioEventLoop.processSelectedKey(NioEventLoop.java:632)
	at org.apache.ratis.thirdparty.io.netty.channel.nio.NioEventLoop.processSelectedKeysOptimized(NioEventLoop.java:579)
	at org.apache.ratis.thirdparty.io.netty.channel.nio.NioEventLoop.processSelectedKeys(NioEventLoop.java:496)
	at org.apache.ratis.thirdparty.io.netty.channel.nio.NioEventLoop.run(NioEventLoop.java:458)
	at org.apache.ratis.thirdparty.io.netty.util.concurrent.SingleThreadEventExecutor$5.run(SingleThreadEventExecutor.java:897)
	at org.apache.ratis.thirdparty.io.netty.util.concurrent.FastThreadLocalRunnable.run(FastThreadLocalRunnable.java:30)
	... 1 more
Caused by: java.net.ConnectException: Connection refused
	... 11 more
2019-10-17 07:10:53,974 [67ae3572-7d88-4e50-b53b-0f48f6748b38@group-233C052D78D6-LeaderElection368] INFO  impl.LeaderElection (LogUtils.java:infoOrTrace(149)) -   Exception 1: {}
java.util.concurrent.ExecutionException: org.apache.ratis.thirdparty.io.grpc.StatusRuntimeException: UNAVAILABLE: io exception
	at java.util.concurrent.FutureTask.report(FutureTask.java:122)
	at java.util.concurrent.FutureTask.get(FutureTask.java:192)
	at org.apache.ratis.server.impl.LeaderElection.waitForResults(LeaderElection.java:259)
	at org.apache.ratis.server.impl.LeaderElection.askForVotes(LeaderElection.java:197)
	at org.apache.ratis.server.impl.LeaderElection.run(LeaderElection.java:133)
	at java.lang.Thread.run(Thread.java:748)
Caused by: org.apache.ratis.thirdparty.io.grpc.StatusRuntimeException: UNAVAILABLE: io exception
	at org.apache.ratis.thirdparty.io.grpc.stub.ClientCalls.toStatusRuntimeException(ClientCalls.java:233)
	at org.apache.ratis.thirdparty.io.grpc.stub.ClientCalls.getUnchecked(ClientCalls.java:214)
	at org.apache.ratis.thirdparty.io.grpc.stub.ClientCalls.blockingUnaryCall(ClientCalls.java:139)
	at org.apache.ratis.proto.grpc.RaftServerProtocolServiceGrpc$RaftServerProtocolServiceBlockingStub.requestVote(RaftServerProtocolServiceGrpc.java:265)
	at org.apache.ratis.grpc.server.GrpcServerProtocolClient.requestVote(GrpcServerProtocolClient.java:99)
	at org.apache.ratis.grpc.server.GrpcService.requestVote(GrpcService.java:204)
	at org.apache.ratis.server.impl.LeaderElection.lambda$submitRequests$1(LeaderElection.java:234)
	at java.util.concurrent.FutureTask.run(FutureTask.java:266)
	at java.util.concurrent.Executors$RunnableAdapter.call(Executors.java:511)
	at java.util.concurrent.FutureTask.run(FutureTask.java:266)
	at java.util.concurrent.ThreadPoolExecutor.runWorker(ThreadPoolExecutor.java:1149)
	at java.util.concurrent.ThreadPoolExecutor$Worker.run(ThreadPoolExecutor.java:624)
	... 1 more
Caused by: org.apache.ratis.thirdparty.io.netty.channel.AbstractChannel$AnnotatedConnectException: Connection refused: /192.168.157.211:45059
	at sun.nio.ch.SocketChannelImpl.checkConnect(Native Method)
	at sun.nio.ch.SocketChannelImpl.finishConnect(SocketChannelImpl.java:717)
	at org.apache.ratis.thirdparty.io.netty.channel.socket.nio.NioSocketChannel.doFinishConnect(NioSocketChannel.java:327)
	at org.apache.ratis.thirdparty.io.netty.channel.nio.AbstractNioChannel$AbstractNioUnsafe.finishConnect(AbstractNioChannel.java:340)
	at org.apache.ratis.thirdparty.io.netty.channel.nio.NioEventLoop.processSelectedKey(NioEventLoop.java:632)
	at org.apache.ratis.thirdparty.io.netty.channel.nio.NioEventLoop.processSelectedKeysOptimized(NioEventLoop.java:579)
	at org.apache.ratis.thirdparty.io.netty.channel.nio.NioEventLoop.processSelectedKeys(NioEventLoop.java:496)
	at org.apache.ratis.thirdparty.io.netty.channel.nio.NioEventLoop.run(NioEventLoop.java:458)
	at org.apache.ratis.thirdparty.io.netty.util.concurrent.SingleThreadEventExecutor$5.run(SingleThreadEventExecutor.java:897)
	at org.apache.ratis.thirdparty.io.netty.util.concurrent.FastThreadLocalRunnable.run(FastThreadLocalRunnable.java:30)
	... 1 more
Caused by: java.net.ConnectException: Connection refused
	... 11 more
2019-10-17 07:10:53,974 [67ae3572-7d88-4e50-b53b-0f48f6748b38@group-233C052D78D6-LeaderElection368] INFO  impl.RaftServerImpl (RaftServerImpl.java:setRole(184)) - 67ae3572-7d88-4e50-b53b-0f48f6748b38@group-233C052D78D6: changes role from CANDIDATE to FOLLOWER at term 178 for DISCOVERED_A_NEW_TERM
2019-10-17 07:10:53,975 [67ae3572-7d88-4e50-b53b-0f48f6748b38@group-233C052D78D6-LeaderElection368] INFO  impl.RoleInfo (RoleInfo.java:shutdownLeaderElection(134)) - 67ae3572-7d88-4e50-b53b-0f48f6748b38: shutdown LeaderElection
2019-10-17 07:10:53,975 [67ae3572-7d88-4e50-b53b-0f48f6748b38@group-233C052D78D6-LeaderElection368] INFO  impl.RoleInfo (RoleInfo.java:updateAndGet(143)) - 67ae3572-7d88-4e50-b53b-0f48f6748b38: start FollowerState
2019-10-17 07:10:54,126 [java.util.concurrent.ThreadPoolExecutor$Worker@234137a4[State = -1, empty queue]] WARN  server.GrpcLogAppender (GrpcLogAppender.java:timeoutAppendRequest(209)) - d31fb603-bc45-4cd2-bfc5-2ee103695b2e@group-A2172F2EE55F->a4e5d14e-95af-4d1f-b670-5b1c42084e26-GrpcLogAppender: appendEntries Timeout, request=d31fb603-bc45-4cd2-bfc5-2ee103695b2e->a4e5d14e-95af-4d1f-b670-5b1c42084e26#73-t3, previous=(t:3, i:20), leaderCommit=20, initializing? false, entries: <empty>
2019-10-17 07:10:54,284 [Thread-2849] INFO  impl.FollowerState (FollowerState.java:run(108)) - 215fceca-0555-458b-bc4f-ba38ff24d5ba@group-42ACBF6EBE4E-FollowerState: change to CANDIDATE, lastRpcTime:1075ms, electionTimeout:1075ms
2019-10-17 07:10:54,284 [Thread-2849] INFO  impl.RoleInfo (RoleInfo.java:shutdownFollowerState(121)) - 215fceca-0555-458b-bc4f-ba38ff24d5ba: shutdown FollowerState
2019-10-17 07:10:54,284 [Thread-2849] INFO  impl.RaftServerImpl (RaftServerImpl.java:setRole(184)) - 215fceca-0555-458b-bc4f-ba38ff24d5ba@group-42ACBF6EBE4E: changes role from  FOLLOWER to CANDIDATE at term 220 for changeToCandidate
2019-10-17 07:10:54,284 [Thread-2849] INFO  impl.RoleInfo (RoleInfo.java:updateAndGet(143)) - 215fceca-0555-458b-bc4f-ba38ff24d5ba: start LeaderElection
2019-10-17 07:10:54,297 [215fceca-0555-458b-bc4f-ba38ff24d5ba@group-42ACBF6EBE4E-LeaderElection369] INFO  impl.LeaderElection (LeaderElection.java:askForVotes(178)) - 215fceca-0555-458b-bc4f-ba38ff24d5ba@group-42ACBF6EBE4E-LeaderElection369: begin an election at term 221 for 0: [215fceca-0555-458b-bc4f-ba38ff24d5ba:192.168.157.211:43803, decc5551-dd4b-40dc-8ff5-b6b450d67f6f:192.168.157.211:34435, 0c631657-10a5-4e2a-a322-8fc6c651b2ed:192.168.157.211:41694], old=null
2019-10-17 07:10:54,298 [215fceca-0555-458b-bc4f-ba38ff24d5ba@group-42ACBF6EBE4E-LeaderElection369] INFO  impl.LeaderElection (LogUtils.java:infoOrTrace(149)) - 215fceca-0555-458b-bc4f-ba38ff24d5ba@group-42ACBF6EBE4E-LeaderElection369 got exception when requesting votes: {}
java.util.concurrent.ExecutionException: org.apache.ratis.thirdparty.io.grpc.StatusRuntimeException: UNAVAILABLE: io exception
	at java.util.concurrent.FutureTask.report(FutureTask.java:122)
	at java.util.concurrent.FutureTask.get(FutureTask.java:192)
	at org.apache.ratis.server.impl.LeaderElection.waitForResults(LeaderElection.java:259)
	at org.apache.ratis.server.impl.LeaderElection.askForVotes(LeaderElection.java:197)
	at org.apache.ratis.server.impl.LeaderElection.run(LeaderElection.java:133)
	at java.lang.Thread.run(Thread.java:748)
Caused by: org.apache.ratis.thirdparty.io.grpc.StatusRuntimeException: UNAVAILABLE: io exception
	at org.apache.ratis.thirdparty.io.grpc.stub.ClientCalls.toStatusRuntimeException(ClientCalls.java:233)
	at org.apache.ratis.thirdparty.io.grpc.stub.ClientCalls.getUnchecked(ClientCalls.java:214)
	at org.apache.ratis.thirdparty.io.grpc.stub.ClientCalls.blockingUnaryCall(ClientCalls.java:139)
	at org.apache.ratis.proto.grpc.RaftServerProtocolServiceGrpc$RaftServerProtocolServiceBlockingStub.requestVote(RaftServerProtocolServiceGrpc.java:265)
	at org.apache.ratis.grpc.server.GrpcServerProtocolClient.requestVote(GrpcServerProtocolClient.java:99)
	at org.apache.ratis.grpc.server.GrpcService.requestVote(GrpcService.java:204)
	at org.apache.ratis.server.impl.LeaderElection.lambda$submitRequests$1(LeaderElection.java:234)
	at java.util.concurrent.FutureTask.run(FutureTask.java:266)
	at java.util.concurrent.Executors$RunnableAdapter.call(Executors.java:511)
	at java.util.concurrent.FutureTask.run(FutureTask.java:266)
	at java.util.concurrent.ThreadPoolExecutor.runWorker(ThreadPoolExecutor.java:1149)
	at java.util.concurrent.ThreadPoolExecutor$Worker.run(ThreadPoolExecutor.java:624)
	... 1 more
Caused by: org.apache.ratis.thirdparty.io.netty.channel.AbstractChannel$AnnotatedConnectException: Connection refused: /192.168.157.211:34435
	at sun.nio.ch.SocketChannelImpl.checkConnect(Native Method)
	at sun.nio.ch.SocketChannelImpl.finishConnect(SocketChannelImpl.java:717)
	at org.apache.ratis.thirdparty.io.netty.channel.socket.nio.NioSocketChannel.doFinishConnect(NioSocketChannel.java:327)
	at org.apache.ratis.thirdparty.io.netty.channel.nio.AbstractNioChannel$AbstractNioUnsafe.finishConnect(AbstractNioChannel.java:340)
	at org.apache.ratis.thirdparty.io.netty.channel.nio.NioEventLoop.processSelectedKey(NioEventLoop.java:632)
	at org.apache.ratis.thirdparty.io.netty.channel.nio.NioEventLoop.processSelectedKeysOptimized(NioEventLoop.java:579)
	at org.apache.ratis.thirdparty.io.netty.channel.nio.NioEventLoop.processSelectedKeys(NioEventLoop.java:496)
	at org.apache.ratis.thirdparty.io.netty.channel.nio.NioEventLoop.run(NioEventLoop.java:458)
	at org.apache.ratis.thirdparty.io.netty.util.concurrent.SingleThreadEventExecutor$5.run(SingleThreadEventExecutor.java:897)
	at org.apache.ratis.thirdparty.io.netty.util.concurrent.FastThreadLocalRunnable.run(FastThreadLocalRunnable.java:30)
	... 1 more
Caused by: java.net.ConnectException: Connection refused
	... 11 more
2019-10-17 07:10:54,301 [215fceca-0555-458b-bc4f-ba38ff24d5ba@group-42ACBF6EBE4E-LeaderElection369] INFO  impl.LeaderElection (LogUtils.java:infoOrTrace(149)) - 215fceca-0555-458b-bc4f-ba38ff24d5ba@group-42ACBF6EBE4E-LeaderElection369 got exception when requesting votes: {}
java.util.concurrent.ExecutionException: org.apache.ratis.thirdparty.io.grpc.StatusRuntimeException: UNAVAILABLE: io exception
	at java.util.concurrent.FutureTask.report(FutureTask.java:122)
	at java.util.concurrent.FutureTask.get(FutureTask.java:192)
	at org.apache.ratis.server.impl.LeaderElection.waitForResults(LeaderElection.java:259)
	at org.apache.ratis.server.impl.LeaderElection.askForVotes(LeaderElection.java:197)
	at org.apache.ratis.server.impl.LeaderElection.run(LeaderElection.java:133)
	at java.lang.Thread.run(Thread.java:748)
Caused by: org.apache.ratis.thirdparty.io.grpc.StatusRuntimeException: UNAVAILABLE: io exception
	at org.apache.ratis.thirdparty.io.grpc.stub.ClientCalls.toStatusRuntimeException(ClientCalls.java:233)
	at org.apache.ratis.thirdparty.io.grpc.stub.ClientCalls.getUnchecked(ClientCalls.java:214)
	at org.apache.ratis.thirdparty.io.grpc.stub.ClientCalls.blockingUnaryCall(ClientCalls.java:139)
	at org.apache.ratis.proto.grpc.RaftServerProtocolServiceGrpc$RaftServerProtocolServiceBlockingStub.requestVote(RaftServerProtocolServiceGrpc.java:265)
	at org.apache.ratis.grpc.server.GrpcServerProtocolClient.requestVote(GrpcServerProtocolClient.java:99)
	at org.apache.ratis.grpc.server.GrpcService.requestVote(GrpcService.java:204)
	at org.apache.ratis.server.impl.LeaderElection.lambda$submitRequests$1(LeaderElection.java:234)
	at java.util.concurrent.FutureTask.run(FutureTask.java:266)
	at java.util.concurrent.Executors$RunnableAdapter.call(Executors.java:511)
	at java.util.concurrent.FutureTask.run(FutureTask.java:266)
	at java.util.concurrent.ThreadPoolExecutor.runWorker(ThreadPoolExecutor.java:1149)
	at java.util.concurrent.ThreadPoolExecutor$Worker.run(ThreadPoolExecutor.java:624)
	... 1 more
Caused by: org.apache.ratis.thirdparty.io.netty.channel.AbstractChannel$AnnotatedConnectException: Connection refused: /192.168.157.211:41694
	at sun.nio.ch.SocketChannelImpl.checkConnect(Native Method)
	at sun.nio.ch.SocketChannelImpl.finishConnect(SocketChannelImpl.java:717)
	at org.apache.ratis.thirdparty.io.netty.channel.socket.nio.NioSocketChannel.doFinishConnect(NioSocketChannel.java:327)
	at org.apache.ratis.thirdparty.io.netty.channel.nio.AbstractNioChannel$AbstractNioUnsafe.finishConnect(AbstractNioChannel.java:340)
	at org.apache.ratis.thirdparty.io.netty.channel.nio.NioEventLoop.processSelectedKey(NioEventLoop.java:632)
	at org.apache.ratis.thirdparty.io.netty.channel.nio.NioEventLoop.processSelectedKeysOptimized(NioEventLoop.java:579)
	at org.apache.ratis.thirdparty.io.netty.channel.nio.NioEventLoop.processSelectedKeys(NioEventLoop.java:496)
	at org.apache.ratis.thirdparty.io.netty.channel.nio.NioEventLoop.run(NioEventLoop.java:458)
	at org.apache.ratis.thirdparty.io.netty.util.concurrent.SingleThreadEventExecutor$5.run(SingleThreadEventExecutor.java:897)
	at org.apache.ratis.thirdparty.io.netty.util.concurrent.FastThreadLocalRunnable.run(FastThreadLocalRunnable.java:30)
	... 1 more
Caused by: java.net.ConnectException: Connection refused
	... 11 more
2019-10-17 07:10:54,302 [215fceca-0555-458b-bc4f-ba38ff24d5ba@group-42ACBF6EBE4E-LeaderElection369] INFO  impl.LeaderElection (LeaderElection.java:logAndReturn(56)) - 215fceca-0555-458b-bc4f-ba38ff24d5ba@group-42ACBF6EBE4E-LeaderElection369: Election REJECTED; received 0 response(s) [] and 2 exception(s); 215fceca-0555-458b-bc4f-ba38ff24d5ba@group-42ACBF6EBE4E:t221, leader=null, voted=215fceca-0555-458b-bc4f-ba38ff24d5ba, raftlog=215fceca-0555-458b-bc4f-ba38ff24d5ba@group-42ACBF6EBE4E-SegmentedRaftLog:OPENED:c-1,f0,i0, conf=0: [215fceca-0555-458b-bc4f-ba38ff24d5ba:192.168.157.211:43803, decc5551-dd4b-40dc-8ff5-b6b450d67f6f:192.168.157.211:34435, 0c631657-10a5-4e2a-a322-8fc6c651b2ed:192.168.157.211:41694], old=null
2019-10-17 07:10:54,302 [215fceca-0555-458b-bc4f-ba38ff24d5ba@group-42ACBF6EBE4E-LeaderElection369] INFO  impl.LeaderElection (LogUtils.java:infoOrTrace(149)) -   Exception 0: {}
java.util.concurrent.ExecutionException: org.apache.ratis.thirdparty.io.grpc.StatusRuntimeException: UNAVAILABLE: io exception
	at java.util.concurrent.FutureTask.report(FutureTask.java:122)
	at java.util.concurrent.FutureTask.get(FutureTask.java:192)
	at org.apache.ratis.server.impl.LeaderElection.waitForResults(LeaderElection.java:259)
	at org.apache.ratis.server.impl.LeaderElection.askForVotes(LeaderElection.java:197)
	at org.apache.ratis.server.impl.LeaderElection.run(LeaderElection.java:133)
	at java.lang.Thread.run(Thread.java:748)
Caused by: org.apache.ratis.thirdparty.io.grpc.StatusRuntimeException: UNAVAILABLE: io exception
	at org.apache.ratis.thirdparty.io.grpc.stub.ClientCalls.toStatusRuntimeException(ClientCalls.java:233)
	at org.apache.ratis.thirdparty.io.grpc.stub.ClientCalls.getUnchecked(ClientCalls.java:214)
	at org.apache.ratis.thirdparty.io.grpc.stub.ClientCalls.blockingUnaryCall(ClientCalls.java:139)
	at org.apache.ratis.proto.grpc.RaftServerProtocolServiceGrpc$RaftServerProtocolServiceBlockingStub.requestVote(RaftServerProtocolServiceGrpc.java:265)
	at org.apache.ratis.grpc.server.GrpcServerProtocolClient.requestVote(GrpcServerProtocolClient.java:99)
	at org.apache.ratis.grpc.server.GrpcService.requestVote(GrpcService.java:204)
	at org.apache.ratis.server.impl.LeaderElection.lambda$submitRequests$1(LeaderElection.java:234)
	at java.util.concurrent.FutureTask.run(FutureTask.java:266)
	at java.util.concurrent.Executors$RunnableAdapter.call(Executors.java:511)
	at java.util.concurrent.FutureTask.run(FutureTask.java:266)
	at java.util.concurrent.ThreadPoolExecutor.runWorker(ThreadPoolExecutor.java:1149)
	at java.util.concurrent.ThreadPoolExecutor$Worker.run(ThreadPoolExecutor.java:624)
	... 1 more
Caused by: org.apache.ratis.thirdparty.io.netty.channel.AbstractChannel$AnnotatedConnectException: Connection refused: /192.168.157.211:34435
	at sun.nio.ch.SocketChannelImpl.checkConnect(Native Method)
	at sun.nio.ch.SocketChannelImpl.finishConnect(SocketChannelImpl.java:717)
	at org.apache.ratis.thirdparty.io.netty.channel.socket.nio.NioSocketChannel.doFinishConnect(NioSocketChannel.java:327)
	at org.apache.ratis.thirdparty.io.netty.channel.nio.AbstractNioChannel$AbstractNioUnsafe.finishConnect(AbstractNioChannel.java:340)
	at org.apache.ratis.thirdparty.io.netty.channel.nio.NioEventLoop.processSelectedKey(NioEventLoop.java:632)
	at org.apache.ratis.thirdparty.io.netty.channel.nio.NioEventLoop.processSelectedKeysOptimized(NioEventLoop.java:579)
	at org.apache.ratis.thirdparty.io.netty.channel.nio.NioEventLoop.processSelectedKeys(NioEventLoop.java:496)
	at org.apache.ratis.thirdparty.io.netty.channel.nio.NioEventLoop.run(NioEventLoop.java:458)
	at org.apache.ratis.thirdparty.io.netty.util.concurrent.SingleThreadEventExecutor$5.run(SingleThreadEventExecutor.java:897)
	at org.apache.ratis.thirdparty.io.netty.util.concurrent.FastThreadLocalRunnable.run(FastThreadLocalRunnable.java:30)
	... 1 more
Caused by: java.net.ConnectException: Connection refused
	... 11 more
2019-10-17 07:10:54,303 [215fceca-0555-458b-bc4f-ba38ff24d5ba@group-42ACBF6EBE4E-LeaderElection369] INFO  impl.LeaderElection (LogUtils.java:infoOrTrace(149)) -   Exception 1: {}
java.util.concurrent.ExecutionException: org.apache.ratis.thirdparty.io.grpc.StatusRuntimeException: UNAVAILABLE: io exception
	at java.util.concurrent.FutureTask.report(FutureTask.java:122)
	at java.util.concurrent.FutureTask.get(FutureTask.java:192)
	at org.apache.ratis.server.impl.LeaderElection.waitForResults(LeaderElection.java:259)
	at org.apache.ratis.server.impl.LeaderElection.askForVotes(LeaderElection.java:197)
	at org.apache.ratis.server.impl.LeaderElection.run(LeaderElection.java:133)
	at java.lang.Thread.run(Thread.java:748)
Caused by: org.apache.ratis.thirdparty.io.grpc.StatusRuntimeException: UNAVAILABLE: io exception
	at org.apache.ratis.thirdparty.io.grpc.stub.ClientCalls.toStatusRuntimeException(ClientCalls.java:233)
	at org.apache.ratis.thirdparty.io.grpc.stub.ClientCalls.getUnchecked(ClientCalls.java:214)
	at org.apache.ratis.thirdparty.io.grpc.stub.ClientCalls.blockingUnaryCall(ClientCalls.java:139)
	at org.apache.ratis.proto.grpc.RaftServerProtocolServiceGrpc$RaftServerProtocolServiceBlockingStub.requestVote(RaftServerProtocolServiceGrpc.java:265)
	at org.apache.ratis.grpc.server.GrpcServerProtocolClient.requestVote(GrpcServerProtocolClient.java:99)
	at org.apache.ratis.grpc.server.GrpcService.requestVote(GrpcService.java:204)
	at org.apache.ratis.server.impl.LeaderElection.lambda$submitRequests$1(LeaderElection.java:234)
	at java.util.concurrent.FutureTask.run(FutureTask.java:266)
	at java.util.concurrent.Executors$RunnableAdapter.call(Executors.java:511)
	at java.util.concurrent.FutureTask.run(FutureTask.java:266)
	at java.util.concurrent.ThreadPoolExecutor.runWorker(ThreadPoolExecutor.java:1149)
	at java.util.concurrent.ThreadPoolExecutor$Worker.run(ThreadPoolExecutor.java:624)
	... 1 more
Caused by: org.apache.ratis.thirdparty.io.netty.channel.AbstractChannel$AnnotatedConnectException: Connection refused: /192.168.157.211:41694
	at sun.nio.ch.SocketChannelImpl.checkConnect(Native Method)
	at sun.nio.ch.SocketChannelImpl.finishConnect(SocketChannelImpl.java:717)
	at org.apache.ratis.thirdparty.io.netty.channel.socket.nio.NioSocketChannel.doFinishConnect(NioSocketChannel.java:327)
	at org.apache.ratis.thirdparty.io.netty.channel.nio.AbstractNioChannel$AbstractNioUnsafe.finishConnect(AbstractNioChannel.java:340)
	at org.apache.ratis.thirdparty.io.netty.channel.nio.NioEventLoop.processSelectedKey(NioEventLoop.java:632)
	at org.apache.ratis.thirdparty.io.netty.channel.nio.NioEventLoop.processSelectedKeysOptimized(NioEventLoop.java:579)
	at org.apache.ratis.thirdparty.io.netty.channel.nio.NioEventLoop.processSelectedKeys(NioEventLoop.java:496)
	at org.apache.ratis.thirdparty.io.netty.channel.nio.NioEventLoop.run(NioEventLoop.java:458)
	at org.apache.ratis.thirdparty.io.netty.util.concurrent.SingleThreadEventExecutor$5.run(SingleThreadEventExecutor.java:897)
	at org.apache.ratis.thirdparty.io.netty.util.concurrent.FastThreadLocalRunnable.run(FastThreadLocalRunnable.java:30)
	... 1 more
Caused by: java.net.ConnectException: Connection refused
	... 11 more
2019-10-17 07:10:54,303 [215fceca-0555-458b-bc4f-ba38ff24d5ba@group-42ACBF6EBE4E-LeaderElection369] INFO  impl.RaftServerImpl (RaftServerImpl.java:setRole(184)) - 215fceca-0555-458b-bc4f-ba38ff24d5ba@group-42ACBF6EBE4E: changes role from CANDIDATE to FOLLOWER at term 221 for DISCOVERED_A_NEW_TERM
2019-10-17 07:10:54,303 [215fceca-0555-458b-bc4f-ba38ff24d5ba@group-42ACBF6EBE4E-LeaderElection369] INFO  impl.RoleInfo (RoleInfo.java:shutdownLeaderElection(134)) - 215fceca-0555-458b-bc4f-ba38ff24d5ba: shutdown LeaderElection
2019-10-17 07:10:54,304 [215fceca-0555-458b-bc4f-ba38ff24d5ba@group-42ACBF6EBE4E-LeaderElection369] INFO  impl.RoleInfo (RoleInfo.java:updateAndGet(143)) - 215fceca-0555-458b-bc4f-ba38ff24d5ba: start FollowerState
2019-10-17 07:10:54,626 [java.util.concurrent.ThreadPoolExecutor$Worker@234137a4[State = -1, empty queue]] WARN  server.GrpcLogAppender (GrpcLogAppender.java:timeoutAppendRequest(209)) - d31fb603-bc45-4cd2-bfc5-2ee103695b2e@group-A2172F2EE55F->a4e5d14e-95af-4d1f-b670-5b1c42084e26-GrpcLogAppender: appendEntries Timeout, request=d31fb603-bc45-4cd2-bfc5-2ee103695b2e->a4e5d14e-95af-4d1f-b670-5b1c42084e26#74-t3, previous=(t:3, i:20), leaderCommit=20, initializing? false, entries: <empty>
2019-10-17 07:10:54,977 [Thread-2854] INFO  impl.FollowerState (FollowerState.java:run(108)) - 67ae3572-7d88-4e50-b53b-0f48f6748b38@group-233C052D78D6-FollowerState: change to CANDIDATE, lastRpcTime:1002ms, electionTimeout:1002ms
2019-10-17 07:10:54,977 [Thread-2854] INFO  impl.RoleInfo (RoleInfo.java:shutdownFollowerState(121)) - 67ae3572-7d88-4e50-b53b-0f48f6748b38: shutdown FollowerState
2019-10-17 07:10:54,977 [Thread-2854] INFO  impl.RaftServerImpl (RaftServerImpl.java:setRole(184)) - 67ae3572-7d88-4e50-b53b-0f48f6748b38@group-233C052D78D6: changes role from  FOLLOWER to CANDIDATE at term 178 for changeToCandidate
2019-10-17 07:10:54,978 [Thread-2854] INFO  impl.RoleInfo (RoleInfo.java:updateAndGet(143)) - 67ae3572-7d88-4e50-b53b-0f48f6748b38: start LeaderElection
2019-10-17 07:10:54,991 [67ae3572-7d88-4e50-b53b-0f48f6748b38@group-233C052D78D6-LeaderElection370] INFO  impl.LeaderElection (LeaderElection.java:askForVotes(178)) - 67ae3572-7d88-4e50-b53b-0f48f6748b38@group-233C052D78D6-LeaderElection370: begin an election at term 179 for 0: [67ae3572-7d88-4e50-b53b-0f48f6748b38:192.168.157.211:41299, 831edaa1-80a5-4091-843f-90c648a5a79d:192.168.157.211:44365, 5c4ee31d-c5ed-4c65-a5df-da3e3cf53ac2:192.168.157.211:45059], old=null
2019-10-17 07:10:54,992 [67ae3572-7d88-4e50-b53b-0f48f6748b38@group-233C052D78D6-LeaderElection370] INFO  impl.LeaderElection (LogUtils.java:infoOrTrace(149)) - 67ae3572-7d88-4e50-b53b-0f48f6748b38@group-233C052D78D6-LeaderElection370 got exception when requesting votes: {}
java.util.concurrent.ExecutionException: org.apache.ratis.thirdparty.io.grpc.StatusRuntimeException: UNAVAILABLE: io exception
	at java.util.concurrent.FutureTask.report(FutureTask.java:122)
	at java.util.concurrent.FutureTask.get(FutureTask.java:192)
	at org.apache.ratis.server.impl.LeaderElection.waitForResults(LeaderElection.java:259)
	at org.apache.ratis.server.impl.LeaderElection.askForVotes(LeaderElection.java:197)
	at org.apache.ratis.server.impl.LeaderElection.run(LeaderElection.java:133)
	at java.lang.Thread.run(Thread.java:748)
Caused by: org.apache.ratis.thirdparty.io.grpc.StatusRuntimeException: UNAVAILABLE: io exception
	at org.apache.ratis.thirdparty.io.grpc.stub.ClientCalls.toStatusRuntimeException(ClientCalls.java:233)
	at org.apache.ratis.thirdparty.io.grpc.stub.ClientCalls.getUnchecked(ClientCalls.java:214)
	at org.apache.ratis.thirdparty.io.grpc.stub.ClientCalls.blockingUnaryCall(ClientCalls.java:139)
	at org.apache.ratis.proto.grpc.RaftServerProtocolServiceGrpc$RaftServerProtocolServiceBlockingStub.requestVote(RaftServerProtocolServiceGrpc.java:265)
	at org.apache.ratis.grpc.server.GrpcServerProtocolClient.requestVote(GrpcServerProtocolClient.java:99)
	at org.apache.ratis.grpc.server.GrpcService.requestVote(GrpcService.java:204)
	at org.apache.ratis.server.impl.LeaderElection.lambda$submitRequests$1(LeaderElection.java:234)
	at java.util.concurrent.FutureTask.run(FutureTask.java:266)
	at java.util.concurrent.Executors$RunnableAdapter.call(Executors.java:511)
	at java.util.concurrent.FutureTask.run(FutureTask.java:266)
	at java.util.concurrent.ThreadPoolExecutor.runWorker(ThreadPoolExecutor.java:1149)
	at java.util.concurrent.ThreadPoolExecutor$Worker.run(ThreadPoolExecutor.java:624)
	... 1 more
Caused by: org.apache.ratis.thirdparty.io.netty.channel.AbstractChannel$AnnotatedConnectException: Connection refused: /192.168.157.211:44365
	at sun.nio.ch.SocketChannelImpl.checkConnect(Native Method)
	at sun.nio.ch.SocketChannelImpl.finishConnect(SocketChannelImpl.java:717)
	at org.apache.ratis.thirdparty.io.netty.channel.socket.nio.NioSocketChannel.doFinishConnect(NioSocketChannel.java:327)
	at org.apache.ratis.thirdparty.io.netty.channel.nio.AbstractNioChannel$AbstractNioUnsafe.finishConnect(AbstractNioChannel.java:340)
	at org.apache.ratis.thirdparty.io.netty.channel.nio.NioEventLoop.processSelectedKey(NioEventLoop.java:632)
	at org.apache.ratis.thirdparty.io.netty.channel.nio.NioEventLoop.processSelectedKeysOptimized(NioEventLoop.java:579)
	at org.apache.ratis.thirdparty.io.netty.channel.nio.NioEventLoop.processSelectedKeys(NioEventLoop.java:496)
	at org.apache.ratis.thirdparty.io.netty.channel.nio.NioEventLoop.run(NioEventLoop.java:458)
	at org.apache.ratis.thirdparty.io.netty.util.concurrent.SingleThreadEventExecutor$5.run(SingleThreadEventExecutor.java:897)
	at org.apache.ratis.thirdparty.io.netty.util.concurrent.FastThreadLocalRunnable.run(FastThreadLocalRunnable.java:30)
	... 1 more
Caused by: java.net.ConnectException: Connection refused
	... 11 more
2019-10-17 07:10:54,994 [67ae3572-7d88-4e50-b53b-0f48f6748b38@group-233C052D78D6-LeaderElection370] INFO  impl.LeaderElection (LogUtils.java:infoOrTrace(149)) - 67ae3572-7d88-4e50-b53b-0f48f6748b38@group-233C052D78D6-LeaderElection370 got exception when requesting votes: {}
java.util.concurrent.ExecutionException: org.apache.ratis.thirdparty.io.grpc.StatusRuntimeException: UNAVAILABLE: io exception
	at java.util.concurrent.FutureTask.report(FutureTask.java:122)
	at java.util.concurrent.FutureTask.get(FutureTask.java:192)
	at org.apache.ratis.server.impl.LeaderElection.waitForResults(LeaderElection.java:259)
	at org.apache.ratis.server.impl.LeaderElection.askForVotes(LeaderElection.java:197)
	at org.apache.ratis.server.impl.LeaderElection.run(LeaderElection.java:133)
	at java.lang.Thread.run(Thread.java:748)
Caused by: org.apache.ratis.thirdparty.io.grpc.StatusRuntimeException: UNAVAILABLE: io exception
	at org.apache.ratis.thirdparty.io.grpc.stub.ClientCalls.toStatusRuntimeException(ClientCalls.java:233)
	at org.apache.ratis.thirdparty.io.grpc.stub.ClientCalls.getUnchecked(ClientCalls.java:214)
	at org.apache.ratis.thirdparty.io.grpc.stub.ClientCalls.blockingUnaryCall(ClientCalls.java:139)
	at org.apache.ratis.proto.grpc.RaftServerProtocolServiceGrpc$RaftServerProtocolServiceBlockingStub.requestVote(RaftServerProtocolServiceGrpc.java:265)
	at org.apache.ratis.grpc.server.GrpcServerProtocolClient.requestVote(GrpcServerProtocolClient.java:99)
	at org.apache.ratis.grpc.server.GrpcService.requestVote(GrpcService.java:204)
	at org.apache.ratis.server.impl.LeaderElection.lambda$submitRequests$1(LeaderElection.java:234)
	at java.util.concurrent.FutureTask.run(FutureTask.java:266)
	at java.util.concurrent.Executors$RunnableAdapter.call(Executors.java:511)
	at java.util.concurrent.FutureTask.run(FutureTask.java:266)
	at java.util.concurrent.ThreadPoolExecutor.runWorker(ThreadPoolExecutor.java:1149)
	at java.util.concurrent.ThreadPoolExecutor$Worker.run(ThreadPoolExecutor.java:624)
	... 1 more
Caused by: org.apache.ratis.thirdparty.io.netty.channel.AbstractChannel$AnnotatedConnectException: Connection refused: /192.168.157.211:45059
	at sun.nio.ch.SocketChannelImpl.checkConnect(Native Method)
	at sun.nio.ch.SocketChannelImpl.finishConnect(SocketChannelImpl.java:717)
	at org.apache.ratis.thirdparty.io.netty.channel.socket.nio.NioSocketChannel.doFinishConnect(NioSocketChannel.java:327)
	at org.apache.ratis.thirdparty.io.netty.channel.nio.AbstractNioChannel$AbstractNioUnsafe.finishConnect(AbstractNioChannel.java:340)
	at org.apache.ratis.thirdparty.io.netty.channel.nio.NioEventLoop.processSelectedKey(NioEventLoop.java:632)
	at org.apache.ratis.thirdparty.io.netty.channel.nio.NioEventLoop.processSelectedKeysOptimized(NioEventLoop.java:579)
	at org.apache.ratis.thirdparty.io.netty.channel.nio.NioEventLoop.processSelectedKeys(NioEventLoop.java:496)
	at org.apache.ratis.thirdparty.io.netty.channel.nio.NioEventLoop.run(NioEventLoop.java:458)
	at org.apache.ratis.thirdparty.io.netty.util.concurrent.SingleThreadEventExecutor$5.run(SingleThreadEventExecutor.java:897)
	at org.apache.ratis.thirdparty.io.netty.util.concurrent.FastThreadLocalRunnable.run(FastThreadLocalRunnable.java:30)
	... 1 more
Caused by: java.net.ConnectException: Connection refused
	... 11 more
2019-10-17 07:10:54,995 [67ae3572-7d88-4e50-b53b-0f48f6748b38@group-233C052D78D6-LeaderElection370] INFO  impl.LeaderElection (LeaderElection.java:logAndReturn(56)) - 67ae3572-7d88-4e50-b53b-0f48f6748b38@group-233C052D78D6-LeaderElection370: Election REJECTED; received 0 response(s) [] and 2 exception(s); 67ae3572-7d88-4e50-b53b-0f48f6748b38@group-233C052D78D6:t179, leader=null, voted=67ae3572-7d88-4e50-b53b-0f48f6748b38, raftlog=67ae3572-7d88-4e50-b53b-0f48f6748b38@group-233C052D78D6-SegmentedRaftLog:OPENED:c-1,f0,i0, conf=0: [67ae3572-7d88-4e50-b53b-0f48f6748b38:192.168.157.211:41299, 831edaa1-80a5-4091-843f-90c648a5a79d:192.168.157.211:44365, 5c4ee31d-c5ed-4c65-a5df-da3e3cf53ac2:192.168.157.211:45059], old=null
2019-10-17 07:10:54,995 [67ae3572-7d88-4e50-b53b-0f48f6748b38@group-233C052D78D6-LeaderElection370] INFO  impl.LeaderElection (LogUtils.java:infoOrTrace(149)) -   Exception 0: {}
java.util.concurrent.ExecutionException: org.apache.ratis.thirdparty.io.grpc.StatusRuntimeException: UNAVAILABLE: io exception
	at java.util.concurrent.FutureTask.report(FutureTask.java:122)
	at java.util.concurrent.FutureTask.get(FutureTask.java:192)
	at org.apache.ratis.server.impl.LeaderElection.waitForResults(LeaderElection.java:259)
	at org.apache.ratis.server.impl.LeaderElection.askForVotes(LeaderElection.java:197)
	at org.apache.ratis.server.impl.LeaderElection.run(LeaderElection.java:133)
	at java.lang.Thread.run(Thread.java:748)
Caused by: org.apache.ratis.thirdparty.io.grpc.StatusRuntimeException: UNAVAILABLE: io exception
	at org.apache.ratis.thirdparty.io.grpc.stub.ClientCalls.toStatusRuntimeException(ClientCalls.java:233)
	at org.apache.ratis.thirdparty.io.grpc.stub.ClientCalls.getUnchecked(ClientCalls.java:214)
	at org.apache.ratis.thirdparty.io.grpc.stub.ClientCalls.blockingUnaryCall(ClientCalls.java:139)
	at org.apache.ratis.proto.grpc.RaftServerProtocolServiceGrpc$RaftServerProtocolServiceBlockingStub.requestVote(RaftServerProtocolServiceGrpc.java:265)
	at org.apache.ratis.grpc.server.GrpcServerProtocolClient.requestVote(GrpcServerProtocolClient.java:99)
	at org.apache.ratis.grpc.server.GrpcService.requestVote(GrpcService.java:204)
	at org.apache.ratis.server.impl.LeaderElection.lambda$submitRequests$1(LeaderElection.java:234)
	at java.util.concurrent.FutureTask.run(FutureTask.java:266)
	at java.util.concurrent.Executors$RunnableAdapter.call(Executors.java:511)
	at java.util.concurrent.FutureTask.run(FutureTask.java:266)
	at java.util.concurrent.ThreadPoolExecutor.runWorker(ThreadPoolExecutor.java:1149)
	at java.util.concurrent.ThreadPoolExecutor$Worker.run(ThreadPoolExecutor.java:624)
	... 1 more
Caused by: org.apache.ratis.thirdparty.io.netty.channel.AbstractChannel$AnnotatedConnectException: Connection refused: /192.168.157.211:44365
	at sun.nio.ch.SocketChannelImpl.checkConnect(Native Method)
	at sun.nio.ch.SocketChannelImpl.finishConnect(SocketChannelImpl.java:717)
	at org.apache.ratis.thirdparty.io.netty.channel.socket.nio.NioSocketChannel.doFinishConnect(NioSocketChannel.java:327)
	at org.apache.ratis.thirdparty.io.netty.channel.nio.AbstractNioChannel$AbstractNioUnsafe.finishConnect(AbstractNioChannel.java:340)
	at org.apache.ratis.thirdparty.io.netty.channel.nio.NioEventLoop.processSelectedKey(NioEventLoop.java:632)
	at org.apache.ratis.thirdparty.io.netty.channel.nio.NioEventLoop.processSelectedKeysOptimized(NioEventLoop.java:579)
	at org.apache.ratis.thirdparty.io.netty.channel.nio.NioEventLoop.processSelectedKeys(NioEventLoop.java:496)
	at org.apache.ratis.thirdparty.io.netty.channel.nio.NioEventLoop.run(NioEventLoop.java:458)
	at org.apache.ratis.thirdparty.io.netty.util.concurrent.SingleThreadEventExecutor$5.run(SingleThreadEventExecutor.java:897)
	at org.apache.ratis.thirdparty.io.netty.util.concurrent.FastThreadLocalRunnable.run(FastThreadLocalRunnable.java:30)
	... 1 more
Caused by: java.net.ConnectException: Connection refused
	... 11 more
2019-10-17 07:10:54,996 [67ae3572-7d88-4e50-b53b-0f48f6748b38@group-233C052D78D6-LeaderElection370] INFO  impl.LeaderElection (LogUtils.java:infoOrTrace(149)) -   Exception 1: {}
java.util.concurrent.ExecutionException: org.apache.ratis.thirdparty.io.grpc.StatusRuntimeException: UNAVAILABLE: io exception
	at java.util.concurrent.FutureTask.report(FutureTask.java:122)
	at java.util.concurrent.FutureTask.get(FutureTask.java:192)
	at org.apache.ratis.server.impl.LeaderElection.waitForResults(LeaderElection.java:259)
	at org.apache.ratis.server.impl.LeaderElection.askForVotes(LeaderElection.java:197)
	at org.apache.ratis.server.impl.LeaderElection.run(LeaderElection.java:133)
	at java.lang.Thread.run(Thread.java:748)
Caused by: org.apache.ratis.thirdparty.io.grpc.StatusRuntimeException: UNAVAILABLE: io exception
	at org.apache.ratis.thirdparty.io.grpc.stub.ClientCalls.toStatusRuntimeException(ClientCalls.java:233)
	at org.apache.ratis.thirdparty.io.grpc.stub.ClientCalls.getUnchecked(ClientCalls.java:214)
	at org.apache.ratis.thirdparty.io.grpc.stub.ClientCalls.blockingUnaryCall(ClientCalls.java:139)
	at org.apache.ratis.proto.grpc.RaftServerProtocolServiceGrpc$RaftServerProtocolServiceBlockingStub.requestVote(RaftServerProtocolServiceGrpc.java:265)
	at org.apache.ratis.grpc.server.GrpcServerProtocolClient.requestVote(GrpcServerProtocolClient.java:99)
	at org.apache.ratis.grpc.server.GrpcService.requestVote(GrpcService.java:204)
	at org.apache.ratis.server.impl.LeaderElection.lambda$submitRequests$1(LeaderElection.java:234)
	at java.util.concurrent.FutureTask.run(FutureTask.java:266)
	at java.util.concurrent.Executors$RunnableAdapter.call(Executors.java:511)
	at java.util.concurrent.FutureTask.run(FutureTask.java:266)
	at java.util.concurrent.ThreadPoolExecutor.runWorker(ThreadPoolExecutor.java:1149)
	at java.util.concurrent.ThreadPoolExecutor$Worker.run(ThreadPoolExecutor.java:624)
	... 1 more
Caused by: org.apache.ratis.thirdparty.io.netty.channel.AbstractChannel$AnnotatedConnectException: Connection refused: /192.168.157.211:45059
	at sun.nio.ch.SocketChannelImpl.checkConnect(Native Method)
	at sun.nio.ch.SocketChannelImpl.finishConnect(SocketChannelImpl.java:717)
	at org.apache.ratis.thirdparty.io.netty.channel.socket.nio.NioSocketChannel.doFinishConnect(NioSocketChannel.java:327)
	at org.apache.ratis.thirdparty.io.netty.channel.nio.AbstractNioChannel$AbstractNioUnsafe.finishConnect(AbstractNioChannel.java:340)
	at org.apache.ratis.thirdparty.io.netty.channel.nio.NioEventLoop.processSelectedKey(NioEventLoop.java:632)
	at org.apache.ratis.thirdparty.io.netty.channel.nio.NioEventLoop.processSelectedKeysOptimized(NioEventLoop.java:579)
	at org.apache.ratis.thirdparty.io.netty.channel.nio.NioEventLoop.processSelectedKeys(NioEventLoop.java:496)
	at org.apache.ratis.thirdparty.io.netty.channel.nio.NioEventLoop.run(NioEventLoop.java:458)
	at org.apache.ratis.thirdparty.io.netty.util.concurrent.SingleThreadEventExecutor$5.run(SingleThreadEventExecutor.java:897)
	at org.apache.ratis.thirdparty.io.netty.util.concurrent.FastThreadLocalRunnable.run(FastThreadLocalRunnable.java:30)
	... 1 more
Caused by: java.net.ConnectException: Connection refused
	... 11 more
2019-10-17 07:10:54,996 [67ae3572-7d88-4e50-b53b-0f48f6748b38@group-233C052D78D6-LeaderElection370] INFO  impl.RaftServerImpl (RaftServerImpl.java:setRole(184)) - 67ae3572-7d88-4e50-b53b-0f48f6748b38@group-233C052D78D6: changes role from CANDIDATE to FOLLOWER at term 179 for DISCOVERED_A_NEW_TERM
2019-10-17 07:10:54,996 [67ae3572-7d88-4e50-b53b-0f48f6748b38@group-233C052D78D6-LeaderElection370] INFO  impl.RoleInfo (RoleInfo.java:shutdownLeaderElection(134)) - 67ae3572-7d88-4e50-b53b-0f48f6748b38: shutdown LeaderElection
2019-10-17 07:10:54,996 [67ae3572-7d88-4e50-b53b-0f48f6748b38@group-233C052D78D6-LeaderElection370] INFO  impl.RoleInfo (RoleInfo.java:updateAndGet(143)) - 67ae3572-7d88-4e50-b53b-0f48f6748b38: start FollowerState
2019-10-17 07:10:55,114 [ForkJoinPool.commonPool-worker-0] INFO  ozoneimpl.OzoneContainer (OzoneContainer.java:stop(227)) - Attempting to stop container services.
2019-10-17 07:10:55,115 [ForkJoinPool.commonPool-worker-0] INFO  impl.RaftServerProxy (RaftServerProxy.java:lambda$close$4(314)) - 67ae3572-7d88-4e50-b53b-0f48f6748b38: close
2019-10-17 07:10:55,115 [ForkJoinPool.commonPool-worker-0] INFO  impl.RaftServerImpl (RaftServerImpl.java:lambda$shutdown$3(261)) - 67ae3572-7d88-4e50-b53b-0f48f6748b38@group-B9236A927950: shutdown
2019-10-17 07:10:55,115 [ForkJoinPool.commonPool-worker-0] INFO  util.JmxRegister (JmxRegister.java:unregister(73)) - Successfully un-registered JMX Bean with object name Ratis:service=RaftServer,group=group-B9236A927950,id=67ae3572-7d88-4e50-b53b-0f48f6748b38
2019-10-17 07:10:55,116 [ForkJoinPool.commonPool-worker-0] INFO  impl.RoleInfo (RoleInfo.java:shutdownLeaderState(104)) - 67ae3572-7d88-4e50-b53b-0f48f6748b38: shutdown LeaderState
2019-10-17 07:10:55,116 [ForkJoinPool.commonPool-worker-0] INFO  impl.PendingRequests (PendingRequests.java:sendNotLeaderResponses(202)) - 67ae3572-7d88-4e50-b53b-0f48f6748b38@group-B9236A927950-PendingRequests: sendNotLeaderResponses
2019-10-17 07:10:55,117 [ForkJoinPool.commonPool-worker-0] INFO  impl.StateMachineUpdater (StateMachineUpdater.java:stopAndJoin(136)) - 67ae3572-7d88-4e50-b53b-0f48f6748b38@group-B9236A927950-StateMachineUpdater: set stopIndex = 0
2019-10-17 07:10:55,117 [ForkJoinPool.commonPool-worker-0] INFO  impl.RaftServerImpl (ServerState.java:close(388)) - 67ae3572-7d88-4e50-b53b-0f48f6748b38@group-B9236A927950: closes. applyIndex: 0
2019-10-17 07:10:55,118 [67ae3572-7d88-4e50-b53b-0f48f6748b38@group-B9236A927950-SegmentedRaftLogWorker] INFO  segmented.SegmentedRaftLogWorker (SegmentedRaftLogWorker.java:run(316)) - 67ae3572-7d88-4e50-b53b-0f48f6748b38@group-B9236A927950-SegmentedRaftLogWorker was interrupted, exiting. There are 0 tasks remaining in the queue.
2019-10-17 07:10:55,118 [ForkJoinPool.commonPool-worker-0] INFO  segmented.SegmentedRaftLogWorker (SegmentedRaftLogWorker.java:close(224)) - 67ae3572-7d88-4e50-b53b-0f48f6748b38@group-B9236A927950-SegmentedRaftLogWorker close()
2019-10-17 07:10:55,120 [ForkJoinPool.commonPool-worker-0] INFO  impl.RaftServerImpl (RaftServerImpl.java:lambda$shutdown$3(261)) - 67ae3572-7d88-4e50-b53b-0f48f6748b38@group-233C052D78D6: shutdown
2019-10-17 07:10:55,121 [ForkJoinPool.commonPool-worker-0] INFO  util.JmxRegister (JmxRegister.java:unregister(73)) - Successfully un-registered JMX Bean with object name Ratis:service=RaftServer,group=group-233C052D78D6,id=67ae3572-7d88-4e50-b53b-0f48f6748b38
2019-10-17 07:10:55,121 [ForkJoinPool.commonPool-worker-0] INFO  impl.RoleInfo (RoleInfo.java:shutdownFollowerState(121)) - 67ae3572-7d88-4e50-b53b-0f48f6748b38: shutdown FollowerState
2019-10-17 07:10:55,121 [ForkJoinPool.commonPool-worker-0] INFO  impl.StateMachineUpdater (StateMachineUpdater.java:stopAndJoin(136)) - 67ae3572-7d88-4e50-b53b-0f48f6748b38@group-233C052D78D6-StateMachineUpdater: set stopIndex = -1
2019-10-17 07:10:55,121 [Thread-2864] INFO  impl.FollowerState (FollowerState.java:run(117)) - 67ae3572-7d88-4e50-b53b-0f48f6748b38@group-233C052D78D6-FollowerState was interrupted: java.lang.InterruptedException: sleep interrupted
2019-10-17 07:10:55,122 [ForkJoinPool.commonPool-worker-0] INFO  impl.RaftServerImpl (ServerState.java:close(388)) - 67ae3572-7d88-4e50-b53b-0f48f6748b38@group-233C052D78D6: closes. applyIndex: -1
2019-10-17 07:10:55,122 [67ae3572-7d88-4e50-b53b-0f48f6748b38@group-233C052D78D6-SegmentedRaftLogWorker] INFO  segmented.SegmentedRaftLogWorker (SegmentedRaftLogWorker.java:run(316)) - 67ae3572-7d88-4e50-b53b-0f48f6748b38@group-233C052D78D6-SegmentedRaftLogWorker was interrupted, exiting. There are 0 tasks remaining in the queue.
2019-10-17 07:10:55,123 [ForkJoinPool.commonPool-worker-0] INFO  segmented.SegmentedRaftLogWorker (SegmentedRaftLogWorker.java:close(224)) - 67ae3572-7d88-4e50-b53b-0f48f6748b38@group-233C052D78D6-SegmentedRaftLogWorker close()
2019-10-17 07:10:55,124 [ForkJoinPool.commonPool-worker-0] INFO  server.GrpcService (GrpcService.java:closeImpl(164)) - 67ae3572-7d88-4e50-b53b-0f48f6748b38: shutdown server with port 41299 now
2019-10-17 07:10:55,127 [ForkJoinPool.commonPool-worker-0] INFO  server.GrpcService (GrpcService.java:closeImpl(172)) - 67ae3572-7d88-4e50-b53b-0f48f6748b38: shutdown server with port 41299 successfully
2019-10-17 07:10:55,127 [java.util.concurrent.ThreadPoolExecutor$Worker@234137a4[State = -1, empty queue]] WARN  server.GrpcLogAppender (GrpcLogAppender.java:timeoutAppendRequest(209)) - d31fb603-bc45-4cd2-bfc5-2ee103695b2e@group-A2172F2EE55F->a4e5d14e-95af-4d1f-b670-5b1c42084e26-GrpcLogAppender: appendEntries Timeout, request=d31fb603-bc45-4cd2-bfc5-2ee103695b2e->a4e5d14e-95af-4d1f-b670-5b1c42084e26#75-t3, previous=(t:3, i:20), leaderCommit=20, initializing? false, entries: <empty>
2019-10-17 07:10:55,135 [refreshUsed-/workdir/hadoop-ozone/integration-test/target/test-dir/MiniOzoneClusterImpl-ef926406-3935-4524-95f5-43adee877df5/datanode-0/data/containers] WARN  fs.CachingGetSpaceUsed (CachingGetSpaceUsed.java:run(183)) - Thread Interrupted waiting to refresh disk information: sleep interrupted
2019-10-17 07:10:55,152 [main] INFO  ozoneimpl.OzoneContainer (OzoneContainer.java:stop(227)) - Attempting to stop container services.
2019-10-17 07:10:55,153 [main] INFO  impl.RaftServerProxy (RaftServerProxy.java:lambda$close$4(314)) - 715ace13-eaf8-4882-a949-ec1ca9c7a1c8: close
2019-10-17 07:10:55,153 [main] INFO  impl.RaftServerImpl (RaftServerImpl.java:lambda$shutdown$3(261)) - 715ace13-eaf8-4882-a949-ec1ca9c7a1c8@group-190694439CE0: shutdown
2019-10-17 07:10:55,154 [main] INFO  util.JmxRegister (JmxRegister.java:unregister(73)) - Successfully un-registered JMX Bean with object name Ratis:service=RaftServer,group=group-190694439CE0,id=715ace13-eaf8-4882-a949-ec1ca9c7a1c8
2019-10-17 07:10:55,154 [main] INFO  impl.RoleInfo (RoleInfo.java:shutdownLeaderState(104)) - 715ace13-eaf8-4882-a949-ec1ca9c7a1c8: shutdown LeaderState
2019-10-17 07:10:55,154 [main] INFO  impl.PendingRequests (PendingRequests.java:sendNotLeaderResponses(202)) - 715ace13-eaf8-4882-a949-ec1ca9c7a1c8@group-190694439CE0-PendingRequests: sendNotLeaderResponses
2019-10-17 07:10:55,155 [main] INFO  impl.StateMachineUpdater (StateMachineUpdater.java:stopAndJoin(136)) - 715ace13-eaf8-4882-a949-ec1ca9c7a1c8@group-190694439CE0-StateMachineUpdater: set stopIndex = 0
2019-10-17 07:10:55,155 [main] INFO  impl.RaftServerImpl (ServerState.java:close(388)) - 715ace13-eaf8-4882-a949-ec1ca9c7a1c8@group-190694439CE0: closes. applyIndex: 0
2019-10-17 07:10:55,156 [715ace13-eaf8-4882-a949-ec1ca9c7a1c8@group-190694439CE0-SegmentedRaftLogWorker] INFO  segmented.SegmentedRaftLogWorker (SegmentedRaftLogWorker.java:run(316)) - 715ace13-eaf8-4882-a949-ec1ca9c7a1c8@group-190694439CE0-SegmentedRaftLogWorker was interrupted, exiting. There are 0 tasks remaining in the queue.
2019-10-17 07:10:55,156 [main] INFO  segmented.SegmentedRaftLogWorker (SegmentedRaftLogWorker.java:close(224)) - 715ace13-eaf8-4882-a949-ec1ca9c7a1c8@group-190694439CE0-SegmentedRaftLogWorker close()
2019-10-17 07:10:55,158 [main] INFO  impl.RaftServerImpl (RaftServerImpl.java:lambda$shutdown$3(261)) - 715ace13-eaf8-4882-a949-ec1ca9c7a1c8@group-A2172F2EE55F: shutdown
2019-10-17 07:10:55,158 [main] INFO  util.JmxRegister (JmxRegister.java:unregister(73)) - Successfully un-registered JMX Bean with object name Ratis:service=RaftServer,group=group-A2172F2EE55F,id=715ace13-eaf8-4882-a949-ec1ca9c7a1c8
2019-10-17 07:10:55,158 [main] INFO  impl.RoleInfo (RoleInfo.java:shutdownFollowerState(121)) - 715ace13-eaf8-4882-a949-ec1ca9c7a1c8: shutdown FollowerState
2019-10-17 07:10:55,159 [main] INFO  impl.StateMachineUpdater (StateMachineUpdater.java:stopAndJoin(136)) - 715ace13-eaf8-4882-a949-ec1ca9c7a1c8@group-A2172F2EE55F-StateMachineUpdater: set stopIndex = 20
2019-10-17 07:10:55,159 [715ace13-eaf8-4882-a949-ec1ca9c7a1c8@group-A2172F2EE55F-StateMachineUpdater] INFO  ratis.ContainerStateMachine (ContainerStateMachine.java:takeSnapshot(294)) - group-A2172F2EE55F: Taking a snapshot at:(t:3, i:18) file /workdir/hadoop-ozone/integration-test/target/test-dir/MiniOzoneClusterImpl-ef926406-3935-4524-95f5-43adee877df5/datanode-9/data/ratis/d4cc5d64-8e05-478c-a8bd-a2172f2ee55f/sm/snapshot.3_18
2019-10-17 07:10:55,159 [Thread-411] INFO  impl.FollowerState (FollowerState.java:run(117)) - 715ace13-eaf8-4882-a949-ec1ca9c7a1c8@group-A2172F2EE55F-FollowerState was interrupted: java.lang.InterruptedException: sleep interrupted
2019-10-17 07:10:55,159 [ForkJoinPool.commonPool-worker-0] INFO  utils.BackgroundService (BackgroundService.java:shutdown(151)) - Shutting down service BlockDeletingService
2019-10-17 07:10:55,163 [ForkJoinPool.commonPool-worker-0] INFO  statemachine.DatanodeStateMachine (DatanodeStateMachine.java:stopDaemon(395)) - Ozone container server stopped.
2019-10-17 07:10:55,168 [ForkJoinPool.commonPool-worker-0] INFO  handler.ContextHandler (ContextHandler.java:doStop(910)) - Stopped o.e.j.w.WebAppContext@61cd1c71{/,null,UNAVAILABLE}{/hddsDatanode}
2019-10-17 07:10:55,169 [ForkJoinPool.commonPool-worker-0] INFO  server.AbstractConnector (AbstractConnector.java:doStop(318)) - Stopped ServerConnector@6724cdec{HTTP/1.1,[http/1.1]}{0.0.0.0:0}
2019-10-17 07:10:55,170 [ForkJoinPool.commonPool-worker-0] INFO  handler.ContextHandler (ContextHandler.java:doStop(910)) - Stopped o.e.j.s.ServletContextHandler@13d9261f{/static,jar:file:/home/user/.m2/repository/org/apache/hadoop/hadoop-hdds-container-service/0.5.0-SNAPSHOT/hadoop-hdds-container-service-0.5.0-SNAPSHOT.jar!/webapps/static,UNAVAILABLE}
2019-10-17 07:10:55,173 [ForkJoinPool.commonPool-worker-0] INFO  handler.ContextHandler (ContextHandler.java:doStop(910)) - Stopped o.e.j.s.ServletContextHandler@644ded04{/logs,file:///workdir/hadoop-ozone/integration-test/target/log,UNAVAILABLE}
2019-10-17 07:10:55,185 [715ace13-eaf8-4882-a949-ec1ca9c7a1c8@group-A2172F2EE55F-StateMachineUpdater] INFO  ratis.ContainerStateMachine (ContainerStateMachine.java:takeSnapshot(305)) - group-A2172F2EE55F: Finished taking a snapshot at:(t:3, i:18) file:/workdir/hadoop-ozone/integration-test/target/test-dir/MiniOzoneClusterImpl-ef926406-3935-4524-95f5-43adee877df5/datanode-9/data/ratis/d4cc5d64-8e05-478c-a8bd-a2172f2ee55f/sm/snapshot.3_18 time:26
2019-10-17 07:10:55,185 [715ace13-eaf8-4882-a949-ec1ca9c7a1c8@group-A2172F2EE55F-StateMachineUpdater] INFO  impl.StateMachineUpdater (StateMachineUpdater.java:takeSnapshot(269)) - 715ace13-eaf8-4882-a949-ec1ca9c7a1c8@group-A2172F2EE55F-StateMachineUpdater: Took a snapshot at index 18
2019-10-17 07:10:55,185 [715ace13-eaf8-4882-a949-ec1ca9c7a1c8@group-A2172F2EE55F-StateMachineUpdater] INFO  impl.StateMachineUpdater (StateMachineUpdater.java:lambda$new$0(84)) - 715ace13-eaf8-4882-a949-ec1ca9c7a1c8@group-A2172F2EE55F-StateMachineUpdater: snapshotIndex: updateIncreasingly -1 -> 18
2019-10-17 07:10:55,186 [715ace13-eaf8-4882-a949-ec1ca9c7a1c8@group-A2172F2EE55F-StateMachineUpdater] INFO  ratis.ContainerStateMachine (ContainerStateMachine.java:takeSnapshot(294)) - group-A2172F2EE55F: Taking a snapshot at:(t:3, i:18) file /workdir/hadoop-ozone/integration-test/target/test-dir/MiniOzoneClusterImpl-ef926406-3935-4524-95f5-43adee877df5/datanode-9/data/ratis/d4cc5d64-8e05-478c-a8bd-a2172f2ee55f/sm/snapshot.3_18
2019-10-17 07:10:55,198 [715ace13-eaf8-4882-a949-ec1ca9c7a1c8@group-A2172F2EE55F-StateMachineUpdater] INFO  ratis.ContainerStateMachine (ContainerStateMachine.java:takeSnapshot(305)) - group-A2172F2EE55F: Finished taking a snapshot at:(t:3, i:18) file:/workdir/hadoop-ozone/integration-test/target/test-dir/MiniOzoneClusterImpl-ef926406-3935-4524-95f5-43adee877df5/datanode-9/data/ratis/d4cc5d64-8e05-478c-a8bd-a2172f2ee55f/sm/snapshot.3_18 time:13
2019-10-17 07:10:55,198 [715ace13-eaf8-4882-a949-ec1ca9c7a1c8@group-A2172F2EE55F-StateMachineUpdater] INFO  impl.StateMachineUpdater (StateMachineUpdater.java:takeSnapshot(269)) - 715ace13-eaf8-4882-a949-ec1ca9c7a1c8@group-A2172F2EE55F-StateMachineUpdater: Took a snapshot at index 18
2019-10-17 07:10:55,198 [715ace13-eaf8-4882-a949-ec1ca9c7a1c8@group-A2172F2EE55F-StateMachineUpdater] INFO  impl.StateMachineUpdater (StateMachineUpdater.java:lambda$new$0(84)) - 715ace13-eaf8-4882-a949-ec1ca9c7a1c8@group-A2172F2EE55F-StateMachineUpdater: snapshotIndex: updateIncreasingly 18 -> 18
2019-10-17 07:10:55,199 [main] INFO  impl.RaftServerImpl (ServerState.java:close(388)) - 715ace13-eaf8-4882-a949-ec1ca9c7a1c8@group-A2172F2EE55F: closes. applyIndex: 20
2019-10-17 07:10:55,199 [715ace13-eaf8-4882-a949-ec1ca9c7a1c8@group-A2172F2EE55F-SegmentedRaftLogWorker] INFO  segmented.SegmentedRaftLogWorker (SegmentedRaftLogWorker.java:run(316)) - 715ace13-eaf8-4882-a949-ec1ca9c7a1c8@group-A2172F2EE55F-SegmentedRaftLogWorker was interrupted, exiting. There are 0 tasks remaining in the queue.
2019-10-17 07:10:55,199 [main] INFO  segmented.SegmentedRaftLogWorker (SegmentedRaftLogWorker.java:close(224)) - 715ace13-eaf8-4882-a949-ec1ca9c7a1c8@group-A2172F2EE55F-SegmentedRaftLogWorker close()
2019-10-17 07:10:55,201 [main] INFO  server.GrpcService (GrpcService.java:closeImpl(164)) - 715ace13-eaf8-4882-a949-ec1ca9c7a1c8: shutdown server with port 44586 now
2019-10-17 07:10:55,202 [grpc-default-executor-7] WARN  server.GrpcServerProtocolService (LogUtils.java:warn(134)) - 715ace13-eaf8-4882-a949-ec1ca9c7a1c8: installSnapshot onError, lastRequest: d31fb603-bc45-4cd2-bfc5-2ee103695b2e->715ace13-eaf8-4882-a949-ec1ca9c7a1c8#81-t3, previous=(t:3, i:20), leaderCommit=20, initializing? false, entries: <empty>: org.apache.ratis.thirdparty.io.grpc.StatusRuntimeException: CANCELLED: cancelled before receiving half close
2019-10-17 07:10:55,202 [main] INFO  server.GrpcService (GrpcService.java:closeImpl(172)) - 715ace13-eaf8-4882-a949-ec1ca9c7a1c8: shutdown server with port 44586 successfully
2019-10-17 07:10:55,202 [grpc-default-executor-9] WARN  server.GrpcLogAppender (LogUtils.java:warn(134)) - d31fb603-bc45-4cd2-bfc5-2ee103695b2e@group-A2172F2EE55F->715ace13-eaf8-4882-a949-ec1ca9c7a1c8-AppendLogResponseHandler: Failed appendEntries: org.apache.ratis.thirdparty.io.grpc.StatusRuntimeException: CANCELLED: HTTP/2 error code: CANCEL
Received Rst Stream
2019-10-17 07:10:55,207 [refreshUsed-/workdir/hadoop-ozone/integration-test/target/test-dir/MiniOzoneClusterImpl-ef926406-3935-4524-95f5-43adee877df5/datanode-9/data/containers] WARN  fs.CachingGetSpaceUsed (CachingGetSpaceUsed.java:run(183)) - Thread Interrupted waiting to refresh disk information: sleep interrupted
2019-10-17 07:10:55,221 [main] INFO  utils.BackgroundService (BackgroundService.java:shutdown(151)) - Shutting down service BlockDeletingService
2019-10-17 07:10:55,225 [main] INFO  statemachine.DatanodeStateMachine (DatanodeStateMachine.java:stopDaemon(395)) - Ozone container server stopped.
2019-10-17 07:10:55,226 [main] INFO  handler.ContextHandler (ContextHandler.java:doStop(910)) - Stopped o.e.j.w.WebAppContext@10c72a6f{/,null,UNAVAILABLE}{/hddsDatanode}
2019-10-17 07:10:55,227 [main] INFO  server.AbstractConnector (AbstractConnector.java:doStop(318)) - Stopped ServerConnector@70e94ecb{HTTP/1.1,[http/1.1]}{0.0.0.0:0}
2019-10-17 07:10:55,227 [main] INFO  handler.ContextHandler (ContextHandler.java:doStop(910)) - Stopped o.e.j.s.ServletContextHandler@19a64eae{/static,jar:file:/home/user/.m2/repository/org/apache/hadoop/hadoop-hdds-container-service/0.5.0-SNAPSHOT/hadoop-hdds-container-service-0.5.0-SNAPSHOT.jar!/webapps/static,UNAVAILABLE}
2019-10-17 07:10:55,227 [main] INFO  handler.ContextHandler (ContextHandler.java:doStop(910)) - Stopped o.e.j.s.ServletContextHandler@6cbd0674{/logs,file:///workdir/hadoop-ozone/integration-test/target/log,UNAVAILABLE}
2019-10-17 07:10:55,486 [Thread-2859] INFO  impl.FollowerState (FollowerState.java:run(108)) - 215fceca-0555-458b-bc4f-ba38ff24d5ba@group-42ACBF6EBE4E-FollowerState: change to CANDIDATE, lastRpcTime:1182ms, electionTimeout:1182ms
2019-10-17 07:10:55,486 [Thread-2859] INFO  impl.RoleInfo (RoleInfo.java:shutdownFollowerState(121)) - 215fceca-0555-458b-bc4f-ba38ff24d5ba: shutdown FollowerState
2019-10-17 07:10:55,486 [Thread-2859] INFO  impl.RaftServerImpl (RaftServerImpl.java:setRole(184)) - 215fceca-0555-458b-bc4f-ba38ff24d5ba@group-42ACBF6EBE4E: changes role from  FOLLOWER to CANDIDATE at term 221 for changeToCandidate
2019-10-17 07:10:55,487 [Thread-2859] INFO  impl.RoleInfo (RoleInfo.java:updateAndGet(143)) - 215fceca-0555-458b-bc4f-ba38ff24d5ba: start LeaderElection
2019-10-17 07:10:55,500 [215fceca-0555-458b-bc4f-ba38ff24d5ba@group-42ACBF6EBE4E-LeaderElection371] INFO  impl.LeaderElection (LeaderElection.java:askForVotes(178)) - 215fceca-0555-458b-bc4f-ba38ff24d5ba@group-42ACBF6EBE4E-LeaderElection371: begin an election at term 222 for 0: [215fceca-0555-458b-bc4f-ba38ff24d5ba:192.168.157.211:43803, decc5551-dd4b-40dc-8ff5-b6b450d67f6f:192.168.157.211:34435, 0c631657-10a5-4e2a-a322-8fc6c651b2ed:192.168.157.211:41694], old=null
2019-10-17 07:10:55,501 [215fceca-0555-458b-bc4f-ba38ff24d5ba@group-42ACBF6EBE4E-LeaderElection371] INFO  impl.LeaderElection (LogUtils.java:infoOrTrace(149)) - 215fceca-0555-458b-bc4f-ba38ff24d5ba@group-42ACBF6EBE4E-LeaderElection371 got exception when requesting votes: {}
java.util.concurrent.ExecutionException: org.apache.ratis.thirdparty.io.grpc.StatusRuntimeException: UNAVAILABLE: io exception
	at java.util.concurrent.FutureTask.report(FutureTask.java:122)
	at java.util.concurrent.FutureTask.get(FutureTask.java:192)
	at org.apache.ratis.server.impl.LeaderElection.waitForResults(LeaderElection.java:259)
	at org.apache.ratis.server.impl.LeaderElection.askForVotes(LeaderElection.java:197)
	at org.apache.ratis.server.impl.LeaderElection.run(LeaderElection.java:133)
	at java.lang.Thread.run(Thread.java:748)
Caused by: org.apache.ratis.thirdparty.io.grpc.StatusRuntimeException: UNAVAILABLE: io exception
	at org.apache.ratis.thirdparty.io.grpc.stub.ClientCalls.toStatusRuntimeException(ClientCalls.java:233)
	at org.apache.ratis.thirdparty.io.grpc.stub.ClientCalls.getUnchecked(ClientCalls.java:214)
	at org.apache.ratis.thirdparty.io.grpc.stub.ClientCalls.blockingUnaryCall(ClientCalls.java:139)
	at org.apache.ratis.proto.grpc.RaftServerProtocolServiceGrpc$RaftServerProtocolServiceBlockingStub.requestVote(RaftServerProtocolServiceGrpc.java:265)
	at org.apache.ratis.grpc.server.GrpcServerProtocolClient.requestVote(GrpcServerProtocolClient.java:99)
	at org.apache.ratis.grpc.server.GrpcService.requestVote(GrpcService.java:204)
	at org.apache.ratis.server.impl.LeaderElection.lambda$submitRequests$1(LeaderElection.java:234)
	at java.util.concurrent.FutureTask.run(FutureTask.java:266)
	at java.util.concurrent.Executors$RunnableAdapter.call(Executors.java:511)
	at java.util.concurrent.FutureTask.run(FutureTask.java:266)
	at java.util.concurrent.ThreadPoolExecutor.runWorker(ThreadPoolExecutor.java:1149)
	at java.util.concurrent.ThreadPoolExecutor$Worker.run(ThreadPoolExecutor.java:624)
	... 1 more
Caused by: org.apache.ratis.thirdparty.io.netty.channel.AbstractChannel$AnnotatedConnectException: Connection refused: /192.168.157.211:34435
	at sun.nio.ch.SocketChannelImpl.checkConnect(Native Method)
	at sun.nio.ch.SocketChannelImpl.finishConnect(SocketChannelImpl.java:717)
	at org.apache.ratis.thirdparty.io.netty.channel.socket.nio.NioSocketChannel.doFinishConnect(NioSocketChannel.java:327)
	at org.apache.ratis.thirdparty.io.netty.channel.nio.AbstractNioChannel$AbstractNioUnsafe.finishConnect(AbstractNioChannel.java:340)
	at org.apache.ratis.thirdparty.io.netty.channel.nio.NioEventLoop.processSelectedKey(NioEventLoop.java:632)
	at org.apache.ratis.thirdparty.io.netty.channel.nio.NioEventLoop.processSelectedKeysOptimized(NioEventLoop.java:579)
	at org.apache.ratis.thirdparty.io.netty.channel.nio.NioEventLoop.processSelectedKeys(NioEventLoop.java:496)
	at org.apache.ratis.thirdparty.io.netty.channel.nio.NioEventLoop.run(NioEventLoop.java:458)
	at org.apache.ratis.thirdparty.io.netty.util.concurrent.SingleThreadEventExecutor$5.run(SingleThreadEventExecutor.java:897)
	at org.apache.ratis.thirdparty.io.netty.util.concurrent.FastThreadLocalRunnable.run(FastThreadLocalRunnable.java:30)
	... 1 more
Caused by: java.net.ConnectException: Connection refused
	... 11 more
2019-10-17 07:10:55,504 [215fceca-0555-458b-bc4f-ba38ff24d5ba@group-42ACBF6EBE4E-LeaderElection371] INFO  impl.LeaderElection (LogUtils.java:infoOrTrace(149)) - 215fceca-0555-458b-bc4f-ba38ff24d5ba@group-42ACBF6EBE4E-LeaderElection371 got exception when requesting votes: {}
java.util.concurrent.ExecutionException: org.apache.ratis.thirdparty.io.grpc.StatusRuntimeException: UNAVAILABLE: io exception
	at java.util.concurrent.FutureTask.report(FutureTask.java:122)
	at java.util.concurrent.FutureTask.get(FutureTask.java:192)
	at org.apache.ratis.server.impl.LeaderElection.waitForResults(LeaderElection.java:259)
	at org.apache.ratis.server.impl.LeaderElection.askForVotes(LeaderElection.java:197)
	at org.apache.ratis.server.impl.LeaderElection.run(LeaderElection.java:133)
	at java.lang.Thread.run(Thread.java:748)
Caused by: org.apache.ratis.thirdparty.io.grpc.StatusRuntimeException: UNAVAILABLE: io exception
	at org.apache.ratis.thirdparty.io.grpc.stub.ClientCalls.toStatusRuntimeException(ClientCalls.java:233)
	at org.apache.ratis.thirdparty.io.grpc.stub.ClientCalls.getUnchecked(ClientCalls.java:214)
	at org.apache.ratis.thirdparty.io.grpc.stub.ClientCalls.blockingUnaryCall(ClientCalls.java:139)
	at org.apache.ratis.proto.grpc.RaftServerProtocolServiceGrpc$RaftServerProtocolServiceBlockingStub.requestVote(RaftServerProtocolServiceGrpc.java:265)
	at org.apache.ratis.grpc.server.GrpcServerProtocolClient.requestVote(GrpcServerProtocolClient.java:99)
	at org.apache.ratis.grpc.server.GrpcService.requestVote(GrpcService.java:204)
	at org.apache.ratis.server.impl.LeaderElection.lambda$submitRequests$1(LeaderElection.java:234)
	at java.util.concurrent.FutureTask.run(FutureTask.java:266)
	at java.util.concurrent.Executors$RunnableAdapter.call(Executors.java:511)
	at java.util.concurrent.FutureTask.run(FutureTask.java:266)
	at java.util.concurrent.ThreadPoolExecutor.runWorker(ThreadPoolExecutor.java:1149)
	at java.util.concurrent.ThreadPoolExecutor$Worker.run(ThreadPoolExecutor.java:624)
	... 1 more
Caused by: org.apache.ratis.thirdparty.io.netty.channel.AbstractChannel$AnnotatedConnectException: Connection refused: /192.168.157.211:41694
	at sun.nio.ch.SocketChannelImpl.checkConnect(Native Method)
	at sun.nio.ch.SocketChannelImpl.finishConnect(SocketChannelImpl.java:717)
	at org.apache.ratis.thirdparty.io.netty.channel.socket.nio.NioSocketChannel.doFinishConnect(NioSocketChannel.java:327)
	at org.apache.ratis.thirdparty.io.netty.channel.nio.AbstractNioChannel$AbstractNioUnsafe.finishConnect(AbstractNioChannel.java:340)
	at org.apache.ratis.thirdparty.io.netty.channel.nio.NioEventLoop.processSelectedKey(NioEventLoop.java:632)
	at org.apache.ratis.thirdparty.io.netty.channel.nio.NioEventLoop.processSelectedKeysOptimized(NioEventLoop.java:579)
	at org.apache.ratis.thirdparty.io.netty.channel.nio.NioEventLoop.processSelectedKeys(NioEventLoop.java:496)
	at org.apache.ratis.thirdparty.io.netty.channel.nio.NioEventLoop.run(NioEventLoop.java:458)
	at org.apache.ratis.thirdparty.io.netty.util.concurrent.SingleThreadEventExecutor$5.run(SingleThreadEventExecutor.java:897)
	at org.apache.ratis.thirdparty.io.netty.util.concurrent.FastThreadLocalRunnable.run(FastThreadLocalRunnable.java:30)
	... 1 more
Caused by: java.net.ConnectException: Connection refused
	... 11 more
2019-10-17 07:10:55,505 [215fceca-0555-458b-bc4f-ba38ff24d5ba@group-42ACBF6EBE4E-LeaderElection371] INFO  impl.LeaderElection (LeaderElection.java:logAndReturn(56)) - 215fceca-0555-458b-bc4f-ba38ff24d5ba@group-42ACBF6EBE4E-LeaderElection371: Election REJECTED; received 0 response(s) [] and 2 exception(s); 215fceca-0555-458b-bc4f-ba38ff24d5ba@group-42ACBF6EBE4E:t222, leader=null, voted=215fceca-0555-458b-bc4f-ba38ff24d5ba, raftlog=215fceca-0555-458b-bc4f-ba38ff24d5ba@group-42ACBF6EBE4E-SegmentedRaftLog:OPENED:c-1,f0,i0, conf=0: [215fceca-0555-458b-bc4f-ba38ff24d5ba:192.168.157.211:43803, decc5551-dd4b-40dc-8ff5-b6b450d67f6f:192.168.157.211:34435, 0c631657-10a5-4e2a-a322-8fc6c651b2ed:192.168.157.211:41694], old=null
2019-10-17 07:10:55,505 [215fceca-0555-458b-bc4f-ba38ff24d5ba@group-42ACBF6EBE4E-LeaderElection371] INFO  impl.LeaderElection (LogUtils.java:infoOrTrace(149)) -   Exception 0: {}
java.util.concurrent.ExecutionException: org.apache.ratis.thirdparty.io.grpc.StatusRuntimeException: UNAVAILABLE: io exception
	at java.util.concurrent.FutureTask.report(FutureTask.java:122)
	at java.util.concurrent.FutureTask.get(FutureTask.java:192)
	at org.apache.ratis.server.impl.LeaderElection.waitForResults(LeaderElection.java:259)
	at org.apache.ratis.server.impl.LeaderElection.askForVotes(LeaderElection.java:197)
	at org.apache.ratis.server.impl.LeaderElection.run(LeaderElection.java:133)
	at java.lang.Thread.run(Thread.java:748)
Caused by: org.apache.ratis.thirdparty.io.grpc.StatusRuntimeException: UNAVAILABLE: io exception
	at org.apache.ratis.thirdparty.io.grpc.stub.ClientCalls.toStatusRuntimeException(ClientCalls.java:233)
	at org.apache.ratis.thirdparty.io.grpc.stub.ClientCalls.getUnchecked(ClientCalls.java:214)
	at org.apache.ratis.thirdparty.io.grpc.stub.ClientCalls.blockingUnaryCall(ClientCalls.java:139)
	at org.apache.ratis.proto.grpc.RaftServerProtocolServiceGrpc$RaftServerProtocolServiceBlockingStub.requestVote(RaftServerProtocolServiceGrpc.java:265)
	at org.apache.ratis.grpc.server.GrpcServerProtocolClient.requestVote(GrpcServerProtocolClient.java:99)
	at org.apache.ratis.grpc.server.GrpcService.requestVote(GrpcService.java:204)
	at org.apache.ratis.server.impl.LeaderElection.lambda$submitRequests$1(LeaderElection.java:234)
	at java.util.concurrent.FutureTask.run(FutureTask.java:266)
	at java.util.concurrent.Executors$RunnableAdapter.call(Executors.java:511)
	at java.util.concurrent.FutureTask.run(FutureTask.java:266)
	at java.util.concurrent.ThreadPoolExecutor.runWorker(ThreadPoolExecutor.java:1149)
	at java.util.concurrent.ThreadPoolExecutor$Worker.run(ThreadPoolExecutor.java:624)
	... 1 more
Caused by: org.apache.ratis.thirdparty.io.netty.channel.AbstractChannel$AnnotatedConnectException: Connection refused: /192.168.157.211:34435
	at sun.nio.ch.SocketChannelImpl.checkConnect(Native Method)
	at sun.nio.ch.SocketChannelImpl.finishConnect(SocketChannelImpl.java:717)
	at org.apache.ratis.thirdparty.io.netty.channel.socket.nio.NioSocketChannel.doFinishConnect(NioSocketChannel.java:327)
	at org.apache.ratis.thirdparty.io.netty.channel.nio.AbstractNioChannel$AbstractNioUnsafe.finishConnect(AbstractNioChannel.java:340)
	at org.apache.ratis.thirdparty.io.netty.channel.nio.NioEventLoop.processSelectedKey(NioEventLoop.java:632)
	at org.apache.ratis.thirdparty.io.netty.channel.nio.NioEventLoop.processSelectedKeysOptimized(NioEventLoop.java:579)
	at org.apache.ratis.thirdparty.io.netty.channel.nio.NioEventLoop.processSelectedKeys(NioEventLoop.java:496)
	at org.apache.ratis.thirdparty.io.netty.channel.nio.NioEventLoop.run(NioEventLoop.java:458)
	at org.apache.ratis.thirdparty.io.netty.util.concurrent.SingleThreadEventExecutor$5.run(SingleThreadEventExecutor.java:897)
	at org.apache.ratis.thirdparty.io.netty.util.concurrent.FastThreadLocalRunnable.run(FastThreadLocalRunnable.java:30)
	... 1 more
Caused by: java.net.ConnectException: Connection refused
	... 11 more
2019-10-17 07:10:55,506 [215fceca-0555-458b-bc4f-ba38ff24d5ba@group-42ACBF6EBE4E-LeaderElection371] INFO  impl.LeaderElection (LogUtils.java:infoOrTrace(149)) -   Exception 1: {}
java.util.concurrent.ExecutionException: org.apache.ratis.thirdparty.io.grpc.StatusRuntimeException: UNAVAILABLE: io exception
	at java.util.concurrent.FutureTask.report(FutureTask.java:122)
	at java.util.concurrent.FutureTask.get(FutureTask.java:192)
	at org.apache.ratis.server.impl.LeaderElection.waitForResults(LeaderElection.java:259)
	at org.apache.ratis.server.impl.LeaderElection.askForVotes(LeaderElection.java:197)
	at org.apache.ratis.server.impl.LeaderElection.run(LeaderElection.java:133)
	at java.lang.Thread.run(Thread.java:748)
Caused by: org.apache.ratis.thirdparty.io.grpc.StatusRuntimeException: UNAVAILABLE: io exception
	at org.apache.ratis.thirdparty.io.grpc.stub.ClientCalls.toStatusRuntimeException(ClientCalls.java:233)
	at org.apache.ratis.thirdparty.io.grpc.stub.ClientCalls.getUnchecked(ClientCalls.java:214)
	at org.apache.ratis.thirdparty.io.grpc.stub.ClientCalls.blockingUnaryCall(ClientCalls.java:139)
	at org.apache.ratis.proto.grpc.RaftServerProtocolServiceGrpc$RaftServerProtocolServiceBlockingStub.requestVote(RaftServerProtocolServiceGrpc.java:265)
	at org.apache.ratis.grpc.server.GrpcServerProtocolClient.requestVote(GrpcServerProtocolClient.java:99)
	at org.apache.ratis.grpc.server.GrpcService.requestVote(GrpcService.java:204)
	at org.apache.ratis.server.impl.LeaderElection.lambda$submitRequests$1(LeaderElection.java:234)
	at java.util.concurrent.FutureTask.run(FutureTask.java:266)
	at java.util.concurrent.Executors$RunnableAdapter.call(Executors.java:511)
	at java.util.concurrent.FutureTask.run(FutureTask.java:266)
	at java.util.concurrent.ThreadPoolExecutor.runWorker(ThreadPoolExecutor.java:1149)
	at java.util.concurrent.ThreadPoolExecutor$Worker.run(ThreadPoolExecutor.java:624)
	... 1 more
Caused by: org.apache.ratis.thirdparty.io.netty.channel.AbstractChannel$AnnotatedConnectException: Connection refused: /192.168.157.211:41694
	at sun.nio.ch.SocketChannelImpl.checkConnect(Native Method)
	at sun.nio.ch.SocketChannelImpl.finishConnect(SocketChannelImpl.java:717)
	at org.apache.ratis.thirdparty.io.netty.channel.socket.nio.NioSocketChannel.doFinishConnect(NioSocketChannel.java:327)
	at org.apache.ratis.thirdparty.io.netty.channel.nio.AbstractNioChannel$AbstractNioUnsafe.finishConnect(AbstractNioChannel.java:340)
	at org.apache.ratis.thirdparty.io.netty.channel.nio.NioEventLoop.processSelectedKey(NioEventLoop.java:632)
	at org.apache.ratis.thirdparty.io.netty.channel.nio.NioEventLoop.processSelectedKeysOptimized(NioEventLoop.java:579)
	at org.apache.ratis.thirdparty.io.netty.channel.nio.NioEventLoop.processSelectedKeys(NioEventLoop.java:496)
	at org.apache.ratis.thirdparty.io.netty.channel.nio.NioEventLoop.run(NioEventLoop.java:458)
	at org.apache.ratis.thirdparty.io.netty.util.concurrent.SingleThreadEventExecutor$5.run(SingleThreadEventExecutor.java:897)
	at org.apache.ratis.thirdparty.io.netty.util.concurrent.FastThreadLocalRunnable.run(FastThreadLocalRunnable.java:30)
	... 1 more
Caused by: java.net.ConnectException: Connection refused
	... 11 more
2019-10-17 07:10:55,507 [215fceca-0555-458b-bc4f-ba38ff24d5ba@group-42ACBF6EBE4E-LeaderElection371] INFO  impl.RaftServerImpl (RaftServerImpl.java:setRole(184)) - 215fceca-0555-458b-bc4f-ba38ff24d5ba@group-42ACBF6EBE4E: changes role from CANDIDATE to FOLLOWER at term 222 for DISCOVERED_A_NEW_TERM
2019-10-17 07:10:55,507 [215fceca-0555-458b-bc4f-ba38ff24d5ba@group-42ACBF6EBE4E-LeaderElection371] INFO  impl.RoleInfo (RoleInfo.java:shutdownLeaderElection(134)) - 215fceca-0555-458b-bc4f-ba38ff24d5ba: shutdown LeaderElection
2019-10-17 07:10:55,507 [215fceca-0555-458b-bc4f-ba38ff24d5ba@group-42ACBF6EBE4E-LeaderElection371] INFO  impl.RoleInfo (RoleInfo.java:updateAndGet(143)) - 215fceca-0555-458b-bc4f-ba38ff24d5ba: start FollowerState
2019-10-17 07:10:55,627 [java.util.concurrent.ThreadPoolExecutor$Worker@234137a4[State = -1, empty queue]] WARN  server.GrpcLogAppender (GrpcLogAppender.java:timeoutAppendRequest(209)) - d31fb603-bc45-4cd2-bfc5-2ee103695b2e@group-A2172F2EE55F->a4e5d14e-95af-4d1f-b670-5b1c42084e26-GrpcLogAppender: appendEntries Timeout, request=d31fb603-bc45-4cd2-bfc5-2ee103695b2e->a4e5d14e-95af-4d1f-b670-5b1c42084e26#76-t3, previous=(t:3, i:20), leaderCommit=20, initializing? false, entries: <empty>
2019-10-17 07:10:55,771 [Datanode State Machine Thread - 0] INFO  statemachine.DatanodeStateMachine (DatanodeStateMachine.java:lambda$startDaemon$0(350)) - Ozone container server started.
2019-10-17 07:10:56,022 [Datanode State Machine Thread - 0] INFO  statemachine.DatanodeStateMachine (DatanodeStateMachine.java:lambda$startDaemon$0(350)) - Ozone container server started.
2019-10-17 07:10:56,128 [java.util.concurrent.ThreadPoolExecutor$Worker@234137a4[State = -1, empty queue]] WARN  server.GrpcLogAppender (GrpcLogAppender.java:timeoutAppendRequest(209)) - d31fb603-bc45-4cd2-bfc5-2ee103695b2e@group-A2172F2EE55F->a4e5d14e-95af-4d1f-b670-5b1c42084e26-GrpcLogAppender: appendEntries Timeout, request=d31fb603-bc45-4cd2-bfc5-2ee103695b2e->a4e5d14e-95af-4d1f-b670-5b1c42084e26#77-t3, previous=(t:3, i:20), leaderCommit=20, initializing? false, entries: <empty>
2019-10-17 07:10:56,590 [Thread-2868] INFO  impl.FollowerState (FollowerState.java:run(108)) - 215fceca-0555-458b-bc4f-ba38ff24d5ba@group-42ACBF6EBE4E-FollowerState: change to CANDIDATE, lastRpcTime:1083ms, electionTimeout:1083ms
2019-10-17 07:10:56,590 [Thread-2868] INFO  impl.RoleInfo (RoleInfo.java:shutdownFollowerState(121)) - 215fceca-0555-458b-bc4f-ba38ff24d5ba: shutdown FollowerState
2019-10-17 07:10:56,591 [Thread-2868] INFO  impl.RaftServerImpl (RaftServerImpl.java:setRole(184)) - 215fceca-0555-458b-bc4f-ba38ff24d5ba@group-42ACBF6EBE4E: changes role from  FOLLOWER to CANDIDATE at term 222 for changeToCandidate
2019-10-17 07:10:56,591 [Thread-2868] INFO  impl.RoleInfo (RoleInfo.java:updateAndGet(143)) - 215fceca-0555-458b-bc4f-ba38ff24d5ba: start LeaderElection
2019-10-17 07:10:56,617 [215fceca-0555-458b-bc4f-ba38ff24d5ba@group-42ACBF6EBE4E-LeaderElection372] INFO  impl.LeaderElection (LeaderElection.java:askForVotes(178)) - 215fceca-0555-458b-bc4f-ba38ff24d5ba@group-42ACBF6EBE4E-LeaderElection372: begin an election at term 223 for 0: [215fceca-0555-458b-bc4f-ba38ff24d5ba:192.168.157.211:43803, decc5551-dd4b-40dc-8ff5-b6b450d67f6f:192.168.157.211:34435, 0c631657-10a5-4e2a-a322-8fc6c651b2ed:192.168.157.211:41694], old=null
2019-10-17 07:10:56,618 [215fceca-0555-458b-bc4f-ba38ff24d5ba@group-42ACBF6EBE4E-LeaderElection372] INFO  impl.LeaderElection (LogUtils.java:infoOrTrace(149)) - 215fceca-0555-458b-bc4f-ba38ff24d5ba@group-42ACBF6EBE4E-LeaderElection372 got exception when requesting votes: {}
java.util.concurrent.ExecutionException: org.apache.ratis.thirdparty.io.grpc.StatusRuntimeException: UNAVAILABLE: io exception
	at java.util.concurrent.FutureTask.report(FutureTask.java:122)
	at java.util.concurrent.FutureTask.get(FutureTask.java:192)
	at org.apache.ratis.server.impl.LeaderElection.waitForResults(LeaderElection.java:259)
	at org.apache.ratis.server.impl.LeaderElection.askForVotes(LeaderElection.java:197)
	at org.apache.ratis.server.impl.LeaderElection.run(LeaderElection.java:133)
	at java.lang.Thread.run(Thread.java:748)
Caused by: org.apache.ratis.thirdparty.io.grpc.StatusRuntimeException: UNAVAILABLE: io exception
	at org.apache.ratis.thirdparty.io.grpc.stub.ClientCalls.toStatusRuntimeException(ClientCalls.java:233)
	at org.apache.ratis.thirdparty.io.grpc.stub.ClientCalls.getUnchecked(ClientCalls.java:214)
	at org.apache.ratis.thirdparty.io.grpc.stub.ClientCalls.blockingUnaryCall(ClientCalls.java:139)
	at org.apache.ratis.proto.grpc.RaftServerProtocolServiceGrpc$RaftServerProtocolServiceBlockingStub.requestVote(RaftServerProtocolServiceGrpc.java:265)
	at org.apache.ratis.grpc.server.GrpcServerProtocolClient.requestVote(GrpcServerProtocolClient.java:99)
	at org.apache.ratis.grpc.server.GrpcService.requestVote(GrpcService.java:204)
	at org.apache.ratis.server.impl.LeaderElection.lambda$submitRequests$1(LeaderElection.java:234)
	at java.util.concurrent.FutureTask.run(FutureTask.java:266)
	at java.util.concurrent.Executors$RunnableAdapter.call(Executors.java:511)
	at java.util.concurrent.FutureTask.run(FutureTask.java:266)
	at java.util.concurrent.ThreadPoolExecutor.runWorker(ThreadPoolExecutor.java:1149)
	at java.util.concurrent.ThreadPoolExecutor$Worker.run(ThreadPoolExecutor.java:624)
	... 1 more
Caused by: org.apache.ratis.thirdparty.io.netty.channel.AbstractChannel$AnnotatedConnectException: Connection refused: /192.168.157.211:41694
	at sun.nio.ch.SocketChannelImpl.checkConnect(Native Method)
	at sun.nio.ch.SocketChannelImpl.finishConnect(SocketChannelImpl.java:717)
	at org.apache.ratis.thirdparty.io.netty.channel.socket.nio.NioSocketChannel.doFinishConnect(NioSocketChannel.java:327)
	at org.apache.ratis.thirdparty.io.netty.channel.nio.AbstractNioChannel$AbstractNioUnsafe.finishConnect(AbstractNioChannel.java:340)
	at org.apache.ratis.thirdparty.io.netty.channel.nio.NioEventLoop.processSelectedKey(NioEventLoop.java:632)
	at org.apache.ratis.thirdparty.io.netty.channel.nio.NioEventLoop.processSelectedKeysOptimized(NioEventLoop.java:579)
	at org.apache.ratis.thirdparty.io.netty.channel.nio.NioEventLoop.processSelectedKeys(NioEventLoop.java:496)
	at org.apache.ratis.thirdparty.io.netty.channel.nio.NioEventLoop.run(NioEventLoop.java:458)
	at org.apache.ratis.thirdparty.io.netty.util.concurrent.SingleThreadEventExecutor$5.run(SingleThreadEventExecutor.java:897)
	at org.apache.ratis.thirdparty.io.netty.util.concurrent.FastThreadLocalRunnable.run(FastThreadLocalRunnable.java:30)
	... 1 more
Caused by: java.net.ConnectException: Connection refused
	... 11 more
2019-10-17 07:10:56,620 [215fceca-0555-458b-bc4f-ba38ff24d5ba@group-42ACBF6EBE4E-LeaderElection372] INFO  impl.LeaderElection (LogUtils.java:infoOrTrace(149)) - 215fceca-0555-458b-bc4f-ba38ff24d5ba@group-42ACBF6EBE4E-LeaderElection372 got exception when requesting votes: {}
java.util.concurrent.ExecutionException: org.apache.ratis.thirdparty.io.grpc.StatusRuntimeException: UNAVAILABLE: io exception
	at java.util.concurrent.FutureTask.report(FutureTask.java:122)
	at java.util.concurrent.FutureTask.get(FutureTask.java:192)
	at org.apache.ratis.server.impl.LeaderElection.waitForResults(LeaderElection.java:259)
	at org.apache.ratis.server.impl.LeaderElection.askForVotes(LeaderElection.java:197)
	at org.apache.ratis.server.impl.LeaderElection.run(LeaderElection.java:133)
	at java.lang.Thread.run(Thread.java:748)
Caused by: org.apache.ratis.thirdparty.io.grpc.StatusRuntimeException: UNAVAILABLE: io exception
	at org.apache.ratis.thirdparty.io.grpc.stub.ClientCalls.toStatusRuntimeException(ClientCalls.java:233)
	at org.apache.ratis.thirdparty.io.grpc.stub.ClientCalls.getUnchecked(ClientCalls.java:214)
	at org.apache.ratis.thirdparty.io.grpc.stub.ClientCalls.blockingUnaryCall(ClientCalls.java:139)
	at org.apache.ratis.proto.grpc.RaftServerProtocolServiceGrpc$RaftServerProtocolServiceBlockingStub.requestVote(RaftServerProtocolServiceGrpc.java:265)
	at org.apache.ratis.grpc.server.GrpcServerProtocolClient.requestVote(GrpcServerProtocolClient.java:99)
	at org.apache.ratis.grpc.server.GrpcService.requestVote(GrpcService.java:204)
	at org.apache.ratis.server.impl.LeaderElection.lambda$submitRequests$1(LeaderElection.java:234)
	at java.util.concurrent.FutureTask.run(FutureTask.java:266)
	at java.util.concurrent.Executors$RunnableAdapter.call(Executors.java:511)
	at java.util.concurrent.FutureTask.run(FutureTask.java:266)
	at java.util.concurrent.ThreadPoolExecutor.runWorker(ThreadPoolExecutor.java:1149)
	at java.util.concurrent.ThreadPoolExecutor$Worker.run(ThreadPoolExecutor.java:624)
	... 1 more
Caused by: org.apache.ratis.thirdparty.io.netty.channel.AbstractChannel$AnnotatedConnectException: Connection refused: /192.168.157.211:34435
	at sun.nio.ch.SocketChannelImpl.checkConnect(Native Method)
	at sun.nio.ch.SocketChannelImpl.finishConnect(SocketChannelImpl.java:717)
	at org.apache.ratis.thirdparty.io.netty.channel.socket.nio.NioSocketChannel.doFinishConnect(NioSocketChannel.java:327)
	at org.apache.ratis.thirdparty.io.netty.channel.nio.AbstractNioChannel$AbstractNioUnsafe.finishConnect(AbstractNioChannel.java:340)
	at org.apache.ratis.thirdparty.io.netty.channel.nio.NioEventLoop.processSelectedKey(NioEventLoop.java:632)
	at org.apache.ratis.thirdparty.io.netty.channel.nio.NioEventLoop.processSelectedKeysOptimized(NioEventLoop.java:579)
	at org.apache.ratis.thirdparty.io.netty.channel.nio.NioEventLoop.processSelectedKeys(NioEventLoop.java:496)
	at org.apache.ratis.thirdparty.io.netty.channel.nio.NioEventLoop.run(NioEventLoop.java:458)
	at org.apache.ratis.thirdparty.io.netty.util.concurrent.SingleThreadEventExecutor$5.run(SingleThreadEventExecutor.java:897)
	at org.apache.ratis.thirdparty.io.netty.util.concurrent.FastThreadLocalRunnable.run(FastThreadLocalRunnable.java:30)
	... 1 more
Caused by: java.net.ConnectException: Connection refused
	... 11 more
2019-10-17 07:10:56,621 [215fceca-0555-458b-bc4f-ba38ff24d5ba@group-42ACBF6EBE4E-LeaderElection372] INFO  impl.LeaderElection (LeaderElection.java:logAndReturn(56)) - 215fceca-0555-458b-bc4f-ba38ff24d5ba@group-42ACBF6EBE4E-LeaderElection372: Election REJECTED; received 0 response(s) [] and 2 exception(s); 215fceca-0555-458b-bc4f-ba38ff24d5ba@group-42ACBF6EBE4E:t223, leader=null, voted=215fceca-0555-458b-bc4f-ba38ff24d5ba, raftlog=215fceca-0555-458b-bc4f-ba38ff24d5ba@group-42ACBF6EBE4E-SegmentedRaftLog:OPENED:c-1,f0,i0, conf=0: [215fceca-0555-458b-bc4f-ba38ff24d5ba:192.168.157.211:43803, decc5551-dd4b-40dc-8ff5-b6b450d67f6f:192.168.157.211:34435, 0c631657-10a5-4e2a-a322-8fc6c651b2ed:192.168.157.211:41694], old=null
2019-10-17 07:10:56,621 [215fceca-0555-458b-bc4f-ba38ff24d5ba@group-42ACBF6EBE4E-LeaderElection372] INFO  impl.LeaderElection (LogUtils.java:infoOrTrace(149)) -   Exception 0: {}
java.util.concurrent.ExecutionException: org.apache.ratis.thirdparty.io.grpc.StatusRuntimeException: UNAVAILABLE: io exception
	at java.util.concurrent.FutureTask.report(FutureTask.java:122)
	at java.util.concurrent.FutureTask.get(FutureTask.java:192)
	at org.apache.ratis.server.impl.LeaderElection.waitForResults(LeaderElection.java:259)
	at org.apache.ratis.server.impl.LeaderElection.askForVotes(LeaderElection.java:197)
	at org.apache.ratis.server.impl.LeaderElection.run(LeaderElection.java:133)
	at java.lang.Thread.run(Thread.java:748)
Caused by: org.apache.ratis.thirdparty.io.grpc.StatusRuntimeException: UNAVAILABLE: io exception
	at org.apache.ratis.thirdparty.io.grpc.stub.ClientCalls.toStatusRuntimeException(ClientCalls.java:233)
	at org.apache.ratis.thirdparty.io.grpc.stub.ClientCalls.getUnchecked(ClientCalls.java:214)
	at org.apache.ratis.thirdparty.io.grpc.stub.ClientCalls.blockingUnaryCall(ClientCalls.java:139)
	at org.apache.ratis.proto.grpc.RaftServerProtocolServiceGrpc$RaftServerProtocolServiceBlockingStub.requestVote(RaftServerProtocolServiceGrpc.java:265)
	at org.apache.ratis.grpc.server.GrpcServerProtocolClient.requestVote(GrpcServerProtocolClient.java:99)
	at org.apache.ratis.grpc.server.GrpcService.requestVote(GrpcService.java:204)
	at org.apache.ratis.server.impl.LeaderElection.lambda$submitRequests$1(LeaderElection.java:234)
	at java.util.concurrent.FutureTask.run(FutureTask.java:266)
	at java.util.concurrent.Executors$RunnableAdapter.call(Executors.java:511)
	at java.util.concurrent.FutureTask.run(FutureTask.java:266)
	at java.util.concurrent.ThreadPoolExecutor.runWorker(ThreadPoolExecutor.java:1149)
	at java.util.concurrent.ThreadPoolExecutor$Worker.run(ThreadPoolExecutor.java:624)
	... 1 more
Caused by: org.apache.ratis.thirdparty.io.netty.channel.AbstractChannel$AnnotatedConnectException: Connection refused: /192.168.157.211:41694
	at sun.nio.ch.SocketChannelImpl.checkConnect(Native Method)
	at sun.nio.ch.SocketChannelImpl.finishConnect(SocketChannelImpl.java:717)
	at org.apache.ratis.thirdparty.io.netty.channel.socket.nio.NioSocketChannel.doFinishConnect(NioSocketChannel.java:327)
	at org.apache.ratis.thirdparty.io.netty.channel.nio.AbstractNioChannel$AbstractNioUnsafe.finishConnect(AbstractNioChannel.java:340)
	at org.apache.ratis.thirdparty.io.netty.channel.nio.NioEventLoop.processSelectedKey(NioEventLoop.java:632)
	at org.apache.ratis.thirdparty.io.netty.channel.nio.NioEventLoop.processSelectedKeysOptimized(NioEventLoop.java:579)
	at org.apache.ratis.thirdparty.io.netty.channel.nio.NioEventLoop.processSelectedKeys(NioEventLoop.java:496)
	at org.apache.ratis.thirdparty.io.netty.channel.nio.NioEventLoop.run(NioEventLoop.java:458)
	at org.apache.ratis.thirdparty.io.netty.util.concurrent.SingleThreadEventExecutor$5.run(SingleThreadEventExecutor.java:897)
	at org.apache.ratis.thirdparty.io.netty.util.concurrent.FastThreadLocalRunnable.run(FastThreadLocalRunnable.java:30)
	... 1 more
Caused by: java.net.ConnectException: Connection refused
	... 11 more
2019-10-17 07:10:56,622 [215fceca-0555-458b-bc4f-ba38ff24d5ba@group-42ACBF6EBE4E-LeaderElection372] INFO  impl.LeaderElection (LogUtils.java:infoOrTrace(149)) -   Exception 1: {}
java.util.concurrent.ExecutionException: org.apache.ratis.thirdparty.io.grpc.StatusRuntimeException: UNAVAILABLE: io exception
	at java.util.concurrent.FutureTask.report(FutureTask.java:122)
	at java.util.concurrent.FutureTask.get(FutureTask.java:192)
	at org.apache.ratis.server.impl.LeaderElection.waitForResults(LeaderElection.java:259)
	at org.apache.ratis.server.impl.LeaderElection.askForVotes(LeaderElection.java:197)
	at org.apache.ratis.server.impl.LeaderElection.run(LeaderElection.java:133)
	at java.lang.Thread.run(Thread.java:748)
Caused by: org.apache.ratis.thirdparty.io.grpc.StatusRuntimeException: UNAVAILABLE: io exception
	at org.apache.ratis.thirdparty.io.grpc.stub.ClientCalls.toStatusRuntimeException(ClientCalls.java:233)
	at org.apache.ratis.thirdparty.io.grpc.stub.ClientCalls.getUnchecked(ClientCalls.java:214)
	at org.apache.ratis.thirdparty.io.grpc.stub.ClientCalls.blockingUnaryCall(ClientCalls.java:139)
	at org.apache.ratis.proto.grpc.RaftServerProtocolServiceGrpc$RaftServerProtocolServiceBlockingStub.requestVote(RaftServerProtocolServiceGrpc.java:265)
	at org.apache.ratis.grpc.server.GrpcServerProtocolClient.requestVote(GrpcServerProtocolClient.java:99)
	at org.apache.ratis.grpc.server.GrpcService.requestVote(GrpcService.java:204)
	at org.apache.ratis.server.impl.LeaderElection.lambda$submitRequests$1(LeaderElection.java:234)
	at java.util.concurrent.FutureTask.run(FutureTask.java:266)
	at java.util.concurrent.Executors$RunnableAdapter.call(Executors.java:511)
	at java.util.concurrent.FutureTask.run(FutureTask.java:266)
	at java.util.concurrent.ThreadPoolExecutor.runWorker(ThreadPoolExecutor.java:1149)
	at java.util.concurrent.ThreadPoolExecutor$Worker.run(ThreadPoolExecutor.java:624)
	... 1 more
Caused by: org.apache.ratis.thirdparty.io.netty.channel.AbstractChannel$AnnotatedConnectException: Connection refused: /192.168.157.211:34435
	at sun.nio.ch.SocketChannelImpl.checkConnect(Native Method)
	at sun.nio.ch.SocketChannelImpl.finishConnect(SocketChannelImpl.java:717)
	at org.apache.ratis.thirdparty.io.netty.channel.socket.nio.NioSocketChannel.doFinishConnect(NioSocketChannel.java:327)
	at org.apache.ratis.thirdparty.io.netty.channel.nio.AbstractNioChannel$AbstractNioUnsafe.finishConnect(AbstractNioChannel.java:340)
	at org.apache.ratis.thirdparty.io.netty.channel.nio.NioEventLoop.processSelectedKey(NioEventLoop.java:632)
	at org.apache.ratis.thirdparty.io.netty.channel.nio.NioEventLoop.processSelectedKeysOptimized(NioEventLoop.java:579)
	at org.apache.ratis.thirdparty.io.netty.channel.nio.NioEventLoop.processSelectedKeys(NioEventLoop.java:496)
	at org.apache.ratis.thirdparty.io.netty.channel.nio.NioEventLoop.run(NioEventLoop.java:458)
	at org.apache.ratis.thirdparty.io.netty.util.concurrent.SingleThreadEventExecutor$5.run(SingleThreadEventExecutor.java:897)
	at org.apache.ratis.thirdparty.io.netty.util.concurrent.FastThreadLocalRunnable.run(FastThreadLocalRunnable.java:30)
	... 1 more
Caused by: java.net.ConnectException: Connection refused
	... 11 more
2019-10-17 07:10:56,622 [215fceca-0555-458b-bc4f-ba38ff24d5ba@group-42ACBF6EBE4E-LeaderElection372] INFO  impl.RaftServerImpl (RaftServerImpl.java:setRole(184)) - 215fceca-0555-458b-bc4f-ba38ff24d5ba@group-42ACBF6EBE4E: changes role from CANDIDATE to FOLLOWER at term 223 for DISCOVERED_A_NEW_TERM
2019-10-17 07:10:56,623 [215fceca-0555-458b-bc4f-ba38ff24d5ba@group-42ACBF6EBE4E-LeaderElection372] INFO  impl.RoleInfo (RoleInfo.java:shutdownLeaderElection(134)) - 215fceca-0555-458b-bc4f-ba38ff24d5ba: shutdown LeaderElection
2019-10-17 07:10:56,623 [215fceca-0555-458b-bc4f-ba38ff24d5ba@group-42ACBF6EBE4E-LeaderElection372] INFO  impl.RoleInfo (RoleInfo.java:updateAndGet(143)) - 215fceca-0555-458b-bc4f-ba38ff24d5ba: start FollowerState
2019-10-17 07:10:56,629 [java.util.concurrent.ThreadPoolExecutor$Worker@234137a4[State = -1, empty queue]] WARN  server.GrpcLogAppender (GrpcLogAppender.java:timeoutAppendRequest(209)) - d31fb603-bc45-4cd2-bfc5-2ee103695b2e@group-A2172F2EE55F->a4e5d14e-95af-4d1f-b670-5b1c42084e26-GrpcLogAppender: appendEntries Timeout, request=d31fb603-bc45-4cd2-bfc5-2ee103695b2e->a4e5d14e-95af-4d1f-b670-5b1c42084e26#78-t3, previous=(t:3, i:20), leaderCommit=20, initializing? false, entries: <empty>
2019-10-17 07:10:57,130 [java.util.concurrent.ThreadPoolExecutor$Worker@234137a4[State = -1, empty queue]] WARN  server.GrpcLogAppender (GrpcLogAppender.java:timeoutAppendRequest(209)) - d31fb603-bc45-4cd2-bfc5-2ee103695b2e@group-A2172F2EE55F->a4e5d14e-95af-4d1f-b670-5b1c42084e26-GrpcLogAppender: appendEntries Timeout, request=d31fb603-bc45-4cd2-bfc5-2ee103695b2e->a4e5d14e-95af-4d1f-b670-5b1c42084e26#79-t3, previous=(t:3, i:20), leaderCommit=20, initializing? false, entries: <empty>
2019-10-17 07:10:57,630 [java.util.concurrent.ThreadPoolExecutor$Worker@234137a4[State = -1, empty queue]] WARN  server.GrpcLogAppender (GrpcLogAppender.java:timeoutAppendRequest(209)) - d31fb603-bc45-4cd2-bfc5-2ee103695b2e@group-A2172F2EE55F->a4e5d14e-95af-4d1f-b670-5b1c42084e26-GrpcLogAppender: appendEntries Timeout, request=d31fb603-bc45-4cd2-bfc5-2ee103695b2e->a4e5d14e-95af-4d1f-b670-5b1c42084e26#80-t3, previous=(t:3, i:20), leaderCommit=20, initializing? false, entries: <empty>
2019-10-17 07:10:57,659 [Thread-2872] INFO  impl.FollowerState (FollowerState.java:run(108)) - 215fceca-0555-458b-bc4f-ba38ff24d5ba@group-42ACBF6EBE4E-FollowerState: change to CANDIDATE, lastRpcTime:1036ms, electionTimeout:1036ms
2019-10-17 07:10:57,659 [Thread-2872] INFO  impl.RoleInfo (RoleInfo.java:shutdownFollowerState(121)) - 215fceca-0555-458b-bc4f-ba38ff24d5ba: shutdown FollowerState
2019-10-17 07:10:57,659 [Thread-2872] INFO  impl.RaftServerImpl (RaftServerImpl.java:setRole(184)) - 215fceca-0555-458b-bc4f-ba38ff24d5ba@group-42ACBF6EBE4E: changes role from  FOLLOWER to CANDIDATE at term 223 for changeToCandidate
2019-10-17 07:10:57,660 [Thread-2872] INFO  impl.RoleInfo (RoleInfo.java:updateAndGet(143)) - 215fceca-0555-458b-bc4f-ba38ff24d5ba: start LeaderElection
2019-10-17 07:10:58,007 [215fceca-0555-458b-bc4f-ba38ff24d5ba@group-42ACBF6EBE4E-LeaderElection373] INFO  impl.LeaderElection (LeaderElection.java:askForVotes(178)) - 215fceca-0555-458b-bc4f-ba38ff24d5ba@group-42ACBF6EBE4E-LeaderElection373: begin an election at term 224 for 0: [215fceca-0555-458b-bc4f-ba38ff24d5ba:192.168.157.211:43803, decc5551-dd4b-40dc-8ff5-b6b450d67f6f:192.168.157.211:34435, 0c631657-10a5-4e2a-a322-8fc6c651b2ed:192.168.157.211:41694], old=null
2019-10-17 07:10:58,008 [215fceca-0555-458b-bc4f-ba38ff24d5ba@group-42ACBF6EBE4E-LeaderElection373] INFO  impl.LeaderElection (LogUtils.java:infoOrTrace(149)) - 215fceca-0555-458b-bc4f-ba38ff24d5ba@group-42ACBF6EBE4E-LeaderElection373 got exception when requesting votes: {}
java.util.concurrent.ExecutionException: org.apache.ratis.thirdparty.io.grpc.StatusRuntimeException: UNAVAILABLE: io exception
	at java.util.concurrent.FutureTask.report(FutureTask.java:122)
	at java.util.concurrent.FutureTask.get(FutureTask.java:192)
	at org.apache.ratis.server.impl.LeaderElection.waitForResults(LeaderElection.java:259)
	at org.apache.ratis.server.impl.LeaderElection.askForVotes(LeaderElection.java:197)
	at org.apache.ratis.server.impl.LeaderElection.run(LeaderElection.java:133)
	at java.lang.Thread.run(Thread.java:748)
Caused by: org.apache.ratis.thirdparty.io.grpc.StatusRuntimeException: UNAVAILABLE: io exception
	at org.apache.ratis.thirdparty.io.grpc.stub.ClientCalls.toStatusRuntimeException(ClientCalls.java:233)
	at org.apache.ratis.thirdparty.io.grpc.stub.ClientCalls.getUnchecked(ClientCalls.java:214)
	at org.apache.ratis.thirdparty.io.grpc.stub.ClientCalls.blockingUnaryCall(ClientCalls.java:139)
	at org.apache.ratis.proto.grpc.RaftServerProtocolServiceGrpc$RaftServerProtocolServiceBlockingStub.requestVote(RaftServerProtocolServiceGrpc.java:265)
	at org.apache.ratis.grpc.server.GrpcServerProtocolClient.requestVote(GrpcServerProtocolClient.java:99)
	at org.apache.ratis.grpc.server.GrpcService.requestVote(GrpcService.java:204)
	at org.apache.ratis.server.impl.LeaderElection.lambda$submitRequests$1(LeaderElection.java:234)
	at java.util.concurrent.FutureTask.run(FutureTask.java:266)
	at java.util.concurrent.Executors$RunnableAdapter.call(Executors.java:511)
	at java.util.concurrent.FutureTask.run(FutureTask.java:266)
	at java.util.concurrent.ThreadPoolExecutor.runWorker(ThreadPoolExecutor.java:1149)
	at java.util.concurrent.ThreadPoolExecutor$Worker.run(ThreadPoolExecutor.java:624)
	... 1 more
Caused by: org.apache.ratis.thirdparty.io.netty.channel.AbstractChannel$AnnotatedConnectException: Connection refused: /192.168.157.211:34435
	at sun.nio.ch.SocketChannelImpl.checkConnect(Native Method)
	at sun.nio.ch.SocketChannelImpl.finishConnect(SocketChannelImpl.java:717)
	at org.apache.ratis.thirdparty.io.netty.channel.socket.nio.NioSocketChannel.doFinishConnect(NioSocketChannel.java:327)
	at org.apache.ratis.thirdparty.io.netty.channel.nio.AbstractNioChannel$AbstractNioUnsafe.finishConnect(AbstractNioChannel.java:340)
	at org.apache.ratis.thirdparty.io.netty.channel.nio.NioEventLoop.processSelectedKey(NioEventLoop.java:632)
	at org.apache.ratis.thirdparty.io.netty.channel.nio.NioEventLoop.processSelectedKeysOptimized(NioEventLoop.java:579)
	at org.apache.ratis.thirdparty.io.netty.channel.nio.NioEventLoop.processSelectedKeys(NioEventLoop.java:496)
	at org.apache.ratis.thirdparty.io.netty.channel.nio.NioEventLoop.run(NioEventLoop.java:458)
	at org.apache.ratis.thirdparty.io.netty.util.concurrent.SingleThreadEventExecutor$5.run(SingleThreadEventExecutor.java:897)
	at org.apache.ratis.thirdparty.io.netty.util.concurrent.FastThreadLocalRunnable.run(FastThreadLocalRunnable.java:30)
	... 1 more
Caused by: java.net.ConnectException: Connection refused
	... 11 more
2019-10-17 07:10:58,010 [215fceca-0555-458b-bc4f-ba38ff24d5ba@group-42ACBF6EBE4E-LeaderElection373] INFO  impl.LeaderElection (LogUtils.java:infoOrTrace(149)) - 215fceca-0555-458b-bc4f-ba38ff24d5ba@group-42ACBF6EBE4E-LeaderElection373 got exception when requesting votes: {}
java.util.concurrent.ExecutionException: org.apache.ratis.thirdparty.io.grpc.StatusRuntimeException: UNAVAILABLE: io exception
	at java.util.concurrent.FutureTask.report(FutureTask.java:122)
	at java.util.concurrent.FutureTask.get(FutureTask.java:192)
	at org.apache.ratis.server.impl.LeaderElection.waitForResults(LeaderElection.java:259)
	at org.apache.ratis.server.impl.LeaderElection.askForVotes(LeaderElection.java:197)
	at org.apache.ratis.server.impl.LeaderElection.run(LeaderElection.java:133)
	at java.lang.Thread.run(Thread.java:748)
Caused by: org.apache.ratis.thirdparty.io.grpc.StatusRuntimeException: UNAVAILABLE: io exception
	at org.apache.ratis.thirdparty.io.grpc.stub.ClientCalls.toStatusRuntimeException(ClientCalls.java:233)
	at org.apache.ratis.thirdparty.io.grpc.stub.ClientCalls.getUnchecked(ClientCalls.java:214)
	at org.apache.ratis.thirdparty.io.grpc.stub.ClientCalls.blockingUnaryCall(ClientCalls.java:139)
	at org.apache.ratis.proto.grpc.RaftServerProtocolServiceGrpc$RaftServerProtocolServiceBlockingStub.requestVote(RaftServerProtocolServiceGrpc.java:265)
	at org.apache.ratis.grpc.server.GrpcServerProtocolClient.requestVote(GrpcServerProtocolClient.java:99)
	at org.apache.ratis.grpc.server.GrpcService.requestVote(GrpcService.java:204)
	at org.apache.ratis.server.impl.LeaderElection.lambda$submitRequests$1(LeaderElection.java:234)
	at java.util.concurrent.FutureTask.run(FutureTask.java:266)
	at java.util.concurrent.Executors$RunnableAdapter.call(Executors.java:511)
	at java.util.concurrent.FutureTask.run(FutureTask.java:266)
	at java.util.concurrent.ThreadPoolExecutor.runWorker(ThreadPoolExecutor.java:1149)
	at java.util.concurrent.ThreadPoolExecutor$Worker.run(ThreadPoolExecutor.java:624)
	... 1 more
Caused by: org.apache.ratis.thirdparty.io.netty.channel.AbstractChannel$AnnotatedConnectException: Connection refused: /192.168.157.211:41694
	at sun.nio.ch.SocketChannelImpl.checkConnect(Native Method)
	at sun.nio.ch.SocketChannelImpl.finishConnect(SocketChannelImpl.java:717)
	at org.apache.ratis.thirdparty.io.netty.channel.socket.nio.NioSocketChannel.doFinishConnect(NioSocketChannel.java:327)
	at org.apache.ratis.thirdparty.io.netty.channel.nio.AbstractNioChannel$AbstractNioUnsafe.finishConnect(AbstractNioChannel.java:340)
	at org.apache.ratis.thirdparty.io.netty.channel.nio.NioEventLoop.processSelectedKey(NioEventLoop.java:632)
	at org.apache.ratis.thirdparty.io.netty.channel.nio.NioEventLoop.processSelectedKeysOptimized(NioEventLoop.java:579)
	at org.apache.ratis.thirdparty.io.netty.channel.nio.NioEventLoop.processSelectedKeys(NioEventLoop.java:496)
	at org.apache.ratis.thirdparty.io.netty.channel.nio.NioEventLoop.run(NioEventLoop.java:458)
	at org.apache.ratis.thirdparty.io.netty.util.concurrent.SingleThreadEventExecutor$5.run(SingleThreadEventExecutor.java:897)
	at org.apache.ratis.thirdparty.io.netty.util.concurrent.FastThreadLocalRunnable.run(FastThreadLocalRunnable.java:30)
	... 1 more
Caused by: java.net.ConnectException: Connection refused
	... 11 more
2019-10-17 07:10:58,012 [215fceca-0555-458b-bc4f-ba38ff24d5ba@group-42ACBF6EBE4E-LeaderElection373] INFO  impl.LeaderElection (LeaderElection.java:logAndReturn(56)) - 215fceca-0555-458b-bc4f-ba38ff24d5ba@group-42ACBF6EBE4E-LeaderElection373: Election REJECTED; received 0 response(s) [] and 2 exception(s); 215fceca-0555-458b-bc4f-ba38ff24d5ba@group-42ACBF6EBE4E:t224, leader=null, voted=215fceca-0555-458b-bc4f-ba38ff24d5ba, raftlog=215fceca-0555-458b-bc4f-ba38ff24d5ba@group-42ACBF6EBE4E-SegmentedRaftLog:OPENED:c-1,f0,i0, conf=0: [215fceca-0555-458b-bc4f-ba38ff24d5ba:192.168.157.211:43803, decc5551-dd4b-40dc-8ff5-b6b450d67f6f:192.168.157.211:34435, 0c631657-10a5-4e2a-a322-8fc6c651b2ed:192.168.157.211:41694], old=null
2019-10-17 07:10:58,012 [215fceca-0555-458b-bc4f-ba38ff24d5ba@group-42ACBF6EBE4E-LeaderElection373] INFO  impl.LeaderElection (LogUtils.java:infoOrTrace(149)) -   Exception 0: {}
java.util.concurrent.ExecutionException: org.apache.ratis.thirdparty.io.grpc.StatusRuntimeException: UNAVAILABLE: io exception
	at java.util.concurrent.FutureTask.report(FutureTask.java:122)
	at java.util.concurrent.FutureTask.get(FutureTask.java:192)
	at org.apache.ratis.server.impl.LeaderElection.waitForResults(LeaderElection.java:259)
	at org.apache.ratis.server.impl.LeaderElection.askForVotes(LeaderElection.java:197)
	at org.apache.ratis.server.impl.LeaderElection.run(LeaderElection.java:133)
	at java.lang.Thread.run(Thread.java:748)
Caused by: org.apache.ratis.thirdparty.io.grpc.StatusRuntimeException: UNAVAILABLE: io exception
	at org.apache.ratis.thirdparty.io.grpc.stub.ClientCalls.toStatusRuntimeException(ClientCalls.java:233)
	at org.apache.ratis.thirdparty.io.grpc.stub.ClientCalls.getUnchecked(ClientCalls.java:214)
	at org.apache.ratis.thirdparty.io.grpc.stub.ClientCalls.blockingUnaryCall(ClientCalls.java:139)
	at org.apache.ratis.proto.grpc.RaftServerProtocolServiceGrpc$RaftServerProtocolServiceBlockingStub.requestVote(RaftServerProtocolServiceGrpc.java:265)
	at org.apache.ratis.grpc.server.GrpcServerProtocolClient.requestVote(GrpcServerProtocolClient.java:99)
	at org.apache.ratis.grpc.server.GrpcService.requestVote(GrpcService.java:204)
	at org.apache.ratis.server.impl.LeaderElection.lambda$submitRequests$1(LeaderElection.java:234)
	at java.util.concurrent.FutureTask.run(FutureTask.java:266)
	at java.util.concurrent.Executors$RunnableAdapter.call(Executors.java:511)
	at java.util.concurrent.FutureTask.run(FutureTask.java:266)
	at java.util.concurrent.ThreadPoolExecutor.runWorker(ThreadPoolExecutor.java:1149)
	at java.util.concurrent.ThreadPoolExecutor$Worker.run(ThreadPoolExecutor.java:624)
	... 1 more
Caused by: org.apache.ratis.thirdparty.io.netty.channel.AbstractChannel$AnnotatedConnectException: Connection refused: /192.168.157.211:34435
	at sun.nio.ch.SocketChannelImpl.checkConnect(Native Method)
	at sun.nio.ch.SocketChannelImpl.finishConnect(SocketChannelImpl.java:717)
	at org.apache.ratis.thirdparty.io.netty.channel.socket.nio.NioSocketChannel.doFinishConnect(NioSocketChannel.java:327)
	at org.apache.ratis.thirdparty.io.netty.channel.nio.AbstractNioChannel$AbstractNioUnsafe.finishConnect(AbstractNioChannel.java:340)
	at org.apache.ratis.thirdparty.io.netty.channel.nio.NioEventLoop.processSelectedKey(NioEventLoop.java:632)
	at org.apache.ratis.thirdparty.io.netty.channel.nio.NioEventLoop.processSelectedKeysOptimized(NioEventLoop.java:579)
	at org.apache.ratis.thirdparty.io.netty.channel.nio.NioEventLoop.processSelectedKeys(NioEventLoop.java:496)
	at org.apache.ratis.thirdparty.io.netty.channel.nio.NioEventLoop.run(NioEventLoop.java:458)
	at org.apache.ratis.thirdparty.io.netty.util.concurrent.SingleThreadEventExecutor$5.run(SingleThreadEventExecutor.java:897)
	at org.apache.ratis.thirdparty.io.netty.util.concurrent.FastThreadLocalRunnable.run(FastThreadLocalRunnable.java:30)
	... 1 more
Caused by: java.net.ConnectException: Connection refused
	... 11 more
2019-10-17 07:10:58,012 [215fceca-0555-458b-bc4f-ba38ff24d5ba@group-42ACBF6EBE4E-LeaderElection373] INFO  impl.LeaderElection (LogUtils.java:infoOrTrace(149)) -   Exception 1: {}
java.util.concurrent.ExecutionException: org.apache.ratis.thirdparty.io.grpc.StatusRuntimeException: UNAVAILABLE: io exception
	at java.util.concurrent.FutureTask.report(FutureTask.java:122)
	at java.util.concurrent.FutureTask.get(FutureTask.java:192)
	at org.apache.ratis.server.impl.LeaderElection.waitForResults(LeaderElection.java:259)
	at org.apache.ratis.server.impl.LeaderElection.askForVotes(LeaderElection.java:197)
	at org.apache.ratis.server.impl.LeaderElection.run(LeaderElection.java:133)
	at java.lang.Thread.run(Thread.java:748)
Caused by: org.apache.ratis.thirdparty.io.grpc.StatusRuntimeException: UNAVAILABLE: io exception
	at org.apache.ratis.thirdparty.io.grpc.stub.ClientCalls.toStatusRuntimeException(ClientCalls.java:233)
	at org.apache.ratis.thirdparty.io.grpc.stub.ClientCalls.getUnchecked(ClientCalls.java:214)
	at org.apache.ratis.thirdparty.io.grpc.stub.ClientCalls.blockingUnaryCall(ClientCalls.java:139)
	at org.apache.ratis.proto.grpc.RaftServerProtocolServiceGrpc$RaftServerProtocolServiceBlockingStub.requestVote(RaftServerProtocolServiceGrpc.java:265)
	at org.apache.ratis.grpc.server.GrpcServerProtocolClient.requestVote(GrpcServerProtocolClient.java:99)
	at org.apache.ratis.grpc.server.GrpcService.requestVote(GrpcService.java:204)
	at org.apache.ratis.server.impl.LeaderElection.lambda$submitRequests$1(LeaderElection.java:234)
	at java.util.concurrent.FutureTask.run(FutureTask.java:266)
	at java.util.concurrent.Executors$RunnableAdapter.call(Executors.java:511)
	at java.util.concurrent.FutureTask.run(FutureTask.java:266)
	at java.util.concurrent.ThreadPoolExecutor.runWorker(ThreadPoolExecutor.java:1149)
	at java.util.concurrent.ThreadPoolExecutor$Worker.run(ThreadPoolExecutor.java:624)
	... 1 more
Caused by: org.apache.ratis.thirdparty.io.netty.channel.AbstractChannel$AnnotatedConnectException: Connection refused: /192.168.157.211:41694
	at sun.nio.ch.SocketChannelImpl.checkConnect(Native Method)
	at sun.nio.ch.SocketChannelImpl.finishConnect(SocketChannelImpl.java:717)
	at org.apache.ratis.thirdparty.io.netty.channel.socket.nio.NioSocketChannel.doFinishConnect(NioSocketChannel.java:327)
	at org.apache.ratis.thirdparty.io.netty.channel.nio.AbstractNioChannel$AbstractNioUnsafe.finishConnect(AbstractNioChannel.java:340)
	at org.apache.ratis.thirdparty.io.netty.channel.nio.NioEventLoop.processSelectedKey(NioEventLoop.java:632)
	at org.apache.ratis.thirdparty.io.netty.channel.nio.NioEventLoop.processSelectedKeysOptimized(NioEventLoop.java:579)
	at org.apache.ratis.thirdparty.io.netty.channel.nio.NioEventLoop.processSelectedKeys(NioEventLoop.java:496)
	at org.apache.ratis.thirdparty.io.netty.channel.nio.NioEventLoop.run(NioEventLoop.java:458)
	at org.apache.ratis.thirdparty.io.netty.util.concurrent.SingleThreadEventExecutor$5.run(SingleThreadEventExecutor.java:897)
	at org.apache.ratis.thirdparty.io.netty.util.concurrent.FastThreadLocalRunnable.run(FastThreadLocalRunnable.java:30)
	... 1 more
Caused by: java.net.ConnectException: Connection refused
	... 11 more
2019-10-17 07:10:58,013 [215fceca-0555-458b-bc4f-ba38ff24d5ba@group-42ACBF6EBE4E-LeaderElection373] INFO  impl.RaftServerImpl (RaftServerImpl.java:setRole(184)) - 215fceca-0555-458b-bc4f-ba38ff24d5ba@group-42ACBF6EBE4E: changes role from CANDIDATE to FOLLOWER at term 224 for DISCOVERED_A_NEW_TERM
2019-10-17 07:10:58,013 [215fceca-0555-458b-bc4f-ba38ff24d5ba@group-42ACBF6EBE4E-LeaderElection373] INFO  impl.RoleInfo (RoleInfo.java:shutdownLeaderElection(134)) - 215fceca-0555-458b-bc4f-ba38ff24d5ba: shutdown LeaderElection
2019-10-17 07:10:58,013 [215fceca-0555-458b-bc4f-ba38ff24d5ba@group-42ACBF6EBE4E-LeaderElection373] INFO  impl.RoleInfo (RoleInfo.java:updateAndGet(143)) - 215fceca-0555-458b-bc4f-ba38ff24d5ba: start FollowerState
2019-10-17 07:10:58,131 [java.util.concurrent.ThreadPoolExecutor$Worker@234137a4[State = -1, empty queue]] WARN  server.GrpcLogAppender (GrpcLogAppender.java:timeoutAppendRequest(209)) - d31fb603-bc45-4cd2-bfc5-2ee103695b2e@group-A2172F2EE55F->a4e5d14e-95af-4d1f-b670-5b1c42084e26-GrpcLogAppender: appendEntries Timeout, request=d31fb603-bc45-4cd2-bfc5-2ee103695b2e->a4e5d14e-95af-4d1f-b670-5b1c42084e26#81-t3, previous=(t:3, i:20), leaderCommit=20, initializing? false, entries: <empty>
2019-10-17 07:10:58,184 [java.util.concurrent.ThreadPoolExecutor$Worker@6d9ea297[State = -1, empty queue]] WARN  server.GrpcLogAppender (GrpcLogAppender.java:timeoutAppendRequest(209)) - d31fb603-bc45-4cd2-bfc5-2ee103695b2e@group-A2172F2EE55F->715ace13-eaf8-4882-a949-ec1ca9c7a1c8-GrpcLogAppender: appendEntries Timeout, request=d31fb603-bc45-4cd2-bfc5-2ee103695b2e->715ace13-eaf8-4882-a949-ec1ca9c7a1c8#81-t3, previous=(t:3, i:20), leaderCommit=20, initializing? false, entries: <empty>
2019-10-17 07:10:58,631 [java.util.concurrent.ThreadPoolExecutor$Worker@234137a4[State = -1, empty queue]] WARN  server.GrpcLogAppender (GrpcLogAppender.java:timeoutAppendRequest(209)) - d31fb603-bc45-4cd2-bfc5-2ee103695b2e@group-A2172F2EE55F->a4e5d14e-95af-4d1f-b670-5b1c42084e26-GrpcLogAppender: appendEntries Timeout, request=d31fb603-bc45-4cd2-bfc5-2ee103695b2e->a4e5d14e-95af-4d1f-b670-5b1c42084e26#82-t3, previous=(t:3, i:20), leaderCommit=20, initializing? false, entries: <empty>
2019-10-17 07:10:58,685 [java.util.concurrent.ThreadPoolExecutor$Worker@6d9ea297[State = -1, empty queue]] WARN  server.GrpcLogAppender (GrpcLogAppender.java:timeoutAppendRequest(209)) - d31fb603-bc45-4cd2-bfc5-2ee103695b2e@group-A2172F2EE55F->715ace13-eaf8-4882-a949-ec1ca9c7a1c8-GrpcLogAppender: appendEntries Timeout, request=d31fb603-bc45-4cd2-bfc5-2ee103695b2e->715ace13-eaf8-4882-a949-ec1ca9c7a1c8#82-t3, previous=(t:3, i:20), leaderCommit=20, initializing? false, entries: <empty>
2019-10-17 07:10:59,132 [java.util.concurrent.ThreadPoolExecutor$Worker@234137a4[State = -1, empty queue]] WARN  server.GrpcLogAppender (GrpcLogAppender.java:timeoutAppendRequest(209)) - d31fb603-bc45-4cd2-bfc5-2ee103695b2e@group-A2172F2EE55F->a4e5d14e-95af-4d1f-b670-5b1c42084e26-GrpcLogAppender: appendEntries Timeout, request=d31fb603-bc45-4cd2-bfc5-2ee103695b2e->a4e5d14e-95af-4d1f-b670-5b1c42084e26#83-t3, previous=(t:3, i:20), leaderCommit=20, initializing? false, entries: <empty>
2019-10-17 07:10:59,138 [Thread-2876] INFO  impl.FollowerState (FollowerState.java:run(108)) - 215fceca-0555-458b-bc4f-ba38ff24d5ba@group-42ACBF6EBE4E-FollowerState: change to CANDIDATE, lastRpcTime:1125ms, electionTimeout:1125ms
2019-10-17 07:10:59,138 [Thread-2876] INFO  impl.RoleInfo (RoleInfo.java:shutdownFollowerState(121)) - 215fceca-0555-458b-bc4f-ba38ff24d5ba: shutdown FollowerState
2019-10-17 07:10:59,139 [Thread-2876] INFO  impl.RaftServerImpl (RaftServerImpl.java:setRole(184)) - 215fceca-0555-458b-bc4f-ba38ff24d5ba@group-42ACBF6EBE4E: changes role from  FOLLOWER to CANDIDATE at term 224 for changeToCandidate
2019-10-17 07:10:59,139 [Thread-2876] INFO  impl.RoleInfo (RoleInfo.java:updateAndGet(143)) - 215fceca-0555-458b-bc4f-ba38ff24d5ba: start LeaderElection
2019-10-17 07:10:59,154 [215fceca-0555-458b-bc4f-ba38ff24d5ba@group-42ACBF6EBE4E-LeaderElection374] INFO  impl.LeaderElection (LeaderElection.java:askForVotes(178)) - 215fceca-0555-458b-bc4f-ba38ff24d5ba@group-42ACBF6EBE4E-LeaderElection374: begin an election at term 225 for 0: [215fceca-0555-458b-bc4f-ba38ff24d5ba:192.168.157.211:43803, decc5551-dd4b-40dc-8ff5-b6b450d67f6f:192.168.157.211:34435, 0c631657-10a5-4e2a-a322-8fc6c651b2ed:192.168.157.211:41694], old=null
2019-10-17 07:10:59,156 [215fceca-0555-458b-bc4f-ba38ff24d5ba@group-42ACBF6EBE4E-LeaderElection374] INFO  impl.LeaderElection (LogUtils.java:infoOrTrace(149)) - 215fceca-0555-458b-bc4f-ba38ff24d5ba@group-42ACBF6EBE4E-LeaderElection374 got exception when requesting votes: {}
java.util.concurrent.ExecutionException: org.apache.ratis.thirdparty.io.grpc.StatusRuntimeException: UNAVAILABLE: io exception
	at java.util.concurrent.FutureTask.report(FutureTask.java:122)
	at java.util.concurrent.FutureTask.get(FutureTask.java:192)
	at org.apache.ratis.server.impl.LeaderElection.waitForResults(LeaderElection.java:259)
	at org.apache.ratis.server.impl.LeaderElection.askForVotes(LeaderElection.java:197)
	at org.apache.ratis.server.impl.LeaderElection.run(LeaderElection.java:133)
	at java.lang.Thread.run(Thread.java:748)
Caused by: org.apache.ratis.thirdparty.io.grpc.StatusRuntimeException: UNAVAILABLE: io exception
	at org.apache.ratis.thirdparty.io.grpc.stub.ClientCalls.toStatusRuntimeException(ClientCalls.java:233)
	at org.apache.ratis.thirdparty.io.grpc.stub.ClientCalls.getUnchecked(ClientCalls.java:214)
	at org.apache.ratis.thirdparty.io.grpc.stub.ClientCalls.blockingUnaryCall(ClientCalls.java:139)
	at org.apache.ratis.proto.grpc.RaftServerProtocolServiceGrpc$RaftServerProtocolServiceBlockingStub.requestVote(RaftServerProtocolServiceGrpc.java:265)
	at org.apache.ratis.grpc.server.GrpcServerProtocolClient.requestVote(GrpcServerProtocolClient.java:99)
	at org.apache.ratis.grpc.server.GrpcService.requestVote(GrpcService.java:204)
	at org.apache.ratis.server.impl.LeaderElection.lambda$submitRequests$1(LeaderElection.java:234)
	at java.util.concurrent.FutureTask.run(FutureTask.java:266)
	at java.util.concurrent.Executors$RunnableAdapter.call(Executors.java:511)
	at java.util.concurrent.FutureTask.run(FutureTask.java:266)
	at java.util.concurrent.ThreadPoolExecutor.runWorker(ThreadPoolExecutor.java:1149)
	at java.util.concurrent.ThreadPoolExecutor$Worker.run(ThreadPoolExecutor.java:624)
	... 1 more
Caused by: org.apache.ratis.thirdparty.io.netty.channel.AbstractChannel$AnnotatedConnectException: Connection refused: /192.168.157.211:34435
	at sun.nio.ch.SocketChannelImpl.checkConnect(Native Method)
	at sun.nio.ch.SocketChannelImpl.finishConnect(SocketChannelImpl.java:717)
	at org.apache.ratis.thirdparty.io.netty.channel.socket.nio.NioSocketChannel.doFinishConnect(NioSocketChannel.java:327)
	at org.apache.ratis.thirdparty.io.netty.channel.nio.AbstractNioChannel$AbstractNioUnsafe.finishConnect(AbstractNioChannel.java:340)
	at org.apache.ratis.thirdparty.io.netty.channel.nio.NioEventLoop.processSelectedKey(NioEventLoop.java:632)
	at org.apache.ratis.thirdparty.io.netty.channel.nio.NioEventLoop.processSelectedKeysOptimized(NioEventLoop.java:579)
	at org.apache.ratis.thirdparty.io.netty.channel.nio.NioEventLoop.processSelectedKeys(NioEventLoop.java:496)
	at org.apache.ratis.thirdparty.io.netty.channel.nio.NioEventLoop.run(NioEventLoop.java:458)
	at org.apache.ratis.thirdparty.io.netty.util.concurrent.SingleThreadEventExecutor$5.run(SingleThreadEventExecutor.java:897)
	at org.apache.ratis.thirdparty.io.netty.util.concurrent.FastThreadLocalRunnable.run(FastThreadLocalRunnable.java:30)
	... 1 more
Caused by: java.net.ConnectException: Connection refused
	... 11 more
2019-10-17 07:10:59,158 [215fceca-0555-458b-bc4f-ba38ff24d5ba@group-42ACBF6EBE4E-LeaderElection374] INFO  impl.LeaderElection (LogUtils.java:infoOrTrace(149)) - 215fceca-0555-458b-bc4f-ba38ff24d5ba@group-42ACBF6EBE4E-LeaderElection374 got exception when requesting votes: {}
java.util.concurrent.ExecutionException: org.apache.ratis.thirdparty.io.grpc.StatusRuntimeException: UNAVAILABLE: io exception
	at java.util.concurrent.FutureTask.report(FutureTask.java:122)
	at java.util.concurrent.FutureTask.get(FutureTask.java:192)
	at org.apache.ratis.server.impl.LeaderElection.waitForResults(LeaderElection.java:259)
	at org.apache.ratis.server.impl.LeaderElection.askForVotes(LeaderElection.java:197)
	at org.apache.ratis.server.impl.LeaderElection.run(LeaderElection.java:133)
	at java.lang.Thread.run(Thread.java:748)
Caused by: org.apache.ratis.thirdparty.io.grpc.StatusRuntimeException: UNAVAILABLE: io exception
	at org.apache.ratis.thirdparty.io.grpc.stub.ClientCalls.toStatusRuntimeException(ClientCalls.java:233)
	at org.apache.ratis.thirdparty.io.grpc.stub.ClientCalls.getUnchecked(ClientCalls.java:214)
	at org.apache.ratis.thirdparty.io.grpc.stub.ClientCalls.blockingUnaryCall(ClientCalls.java:139)
	at org.apache.ratis.proto.grpc.RaftServerProtocolServiceGrpc$RaftServerProtocolServiceBlockingStub.requestVote(RaftServerProtocolServiceGrpc.java:265)
	at org.apache.ratis.grpc.server.GrpcServerProtocolClient.requestVote(GrpcServerProtocolClient.java:99)
	at org.apache.ratis.grpc.server.GrpcService.requestVote(GrpcService.java:204)
	at org.apache.ratis.server.impl.LeaderElection.lambda$submitRequests$1(LeaderElection.java:234)
	at java.util.concurrent.FutureTask.run(FutureTask.java:266)
	at java.util.concurrent.Executors$RunnableAdapter.call(Executors.java:511)
	at java.util.concurrent.FutureTask.run(FutureTask.java:266)
	at java.util.concurrent.ThreadPoolExecutor.runWorker(ThreadPoolExecutor.java:1149)
	at java.util.concurrent.ThreadPoolExecutor$Worker.run(ThreadPoolExecutor.java:624)
	... 1 more
Caused by: org.apache.ratis.thirdparty.io.netty.channel.AbstractChannel$AnnotatedConnectException: Connection refused: /192.168.157.211:41694
	at sun.nio.ch.SocketChannelImpl.checkConnect(Native Method)
	at sun.nio.ch.SocketChannelImpl.finishConnect(SocketChannelImpl.java:717)
	at org.apache.ratis.thirdparty.io.netty.channel.socket.nio.NioSocketChannel.doFinishConnect(NioSocketChannel.java:327)
	at org.apache.ratis.thirdparty.io.netty.channel.nio.AbstractNioChannel$AbstractNioUnsafe.finishConnect(AbstractNioChannel.java:340)
	at org.apache.ratis.thirdparty.io.netty.channel.nio.NioEventLoop.processSelectedKey(NioEventLoop.java:632)
	at org.apache.ratis.thirdparty.io.netty.channel.nio.NioEventLoop.processSelectedKeysOptimized(NioEventLoop.java:579)
	at org.apache.ratis.thirdparty.io.netty.channel.nio.NioEventLoop.processSelectedKeys(NioEventLoop.java:496)
	at org.apache.ratis.thirdparty.io.netty.channel.nio.NioEventLoop.run(NioEventLoop.java:458)
	at org.apache.ratis.thirdparty.io.netty.util.concurrent.SingleThreadEventExecutor$5.run(SingleThreadEventExecutor.java:897)
	at org.apache.ratis.thirdparty.io.netty.util.concurrent.FastThreadLocalRunnable.run(FastThreadLocalRunnable.java:30)
	... 1 more
Caused by: java.net.ConnectException: Connection refused
	... 11 more
2019-10-17 07:10:59,160 [215fceca-0555-458b-bc4f-ba38ff24d5ba@group-42ACBF6EBE4E-LeaderElection374] INFO  impl.LeaderElection (LeaderElection.java:logAndReturn(56)) - 215fceca-0555-458b-bc4f-ba38ff24d5ba@group-42ACBF6EBE4E-LeaderElection374: Election REJECTED; received 0 response(s) [] and 2 exception(s); 215fceca-0555-458b-bc4f-ba38ff24d5ba@group-42ACBF6EBE4E:t225, leader=null, voted=215fceca-0555-458b-bc4f-ba38ff24d5ba, raftlog=215fceca-0555-458b-bc4f-ba38ff24d5ba@group-42ACBF6EBE4E-SegmentedRaftLog:OPENED:c-1,f0,i0, conf=0: [215fceca-0555-458b-bc4f-ba38ff24d5ba:192.168.157.211:43803, decc5551-dd4b-40dc-8ff5-b6b450d67f6f:192.168.157.211:34435, 0c631657-10a5-4e2a-a322-8fc6c651b2ed:192.168.157.211:41694], old=null
2019-10-17 07:10:59,160 [215fceca-0555-458b-bc4f-ba38ff24d5ba@group-42ACBF6EBE4E-LeaderElection374] INFO  impl.LeaderElection (LogUtils.java:infoOrTrace(149)) -   Exception 0: {}
java.util.concurrent.ExecutionException: org.apache.ratis.thirdparty.io.grpc.StatusRuntimeException: UNAVAILABLE: io exception
	at java.util.concurrent.FutureTask.report(FutureTask.java:122)
	at java.util.concurrent.FutureTask.get(FutureTask.java:192)
	at org.apache.ratis.server.impl.LeaderElection.waitForResults(LeaderElection.java:259)
	at org.apache.ratis.server.impl.LeaderElection.askForVotes(LeaderElection.java:197)
	at org.apache.ratis.server.impl.LeaderElection.run(LeaderElection.java:133)
	at java.lang.Thread.run(Thread.java:748)
Caused by: org.apache.ratis.thirdparty.io.grpc.StatusRuntimeException: UNAVAILABLE: io exception
	at org.apache.ratis.thirdparty.io.grpc.stub.ClientCalls.toStatusRuntimeException(ClientCalls.java:233)
	at org.apache.ratis.thirdparty.io.grpc.stub.ClientCalls.getUnchecked(ClientCalls.java:214)
	at org.apache.ratis.thirdparty.io.grpc.stub.ClientCalls.blockingUnaryCall(ClientCalls.java:139)
	at org.apache.ratis.proto.grpc.RaftServerProtocolServiceGrpc$RaftServerProtocolServiceBlockingStub.requestVote(RaftServerProtocolServiceGrpc.java:265)
	at org.apache.ratis.grpc.server.GrpcServerProtocolClient.requestVote(GrpcServerProtocolClient.java:99)
	at org.apache.ratis.grpc.server.GrpcService.requestVote(GrpcService.java:204)
	at org.apache.ratis.server.impl.LeaderElection.lambda$submitRequests$1(LeaderElection.java:234)
	at java.util.concurrent.FutureTask.run(FutureTask.java:266)
	at java.util.concurrent.Executors$RunnableAdapter.call(Executors.java:511)
	at java.util.concurrent.FutureTask.run(FutureTask.java:266)
	at java.util.concurrent.ThreadPoolExecutor.runWorker(ThreadPoolExecutor.java:1149)
	at java.util.concurrent.ThreadPoolExecutor$Worker.run(ThreadPoolExecutor.java:624)
	... 1 more
Caused by: org.apache.ratis.thirdparty.io.netty.channel.AbstractChannel$AnnotatedConnectException: Connection refused: /192.168.157.211:34435
	at sun.nio.ch.SocketChannelImpl.checkConnect(Native Method)
	at sun.nio.ch.SocketChannelImpl.finishConnect(SocketChannelImpl.java:717)
	at org.apache.ratis.thirdparty.io.netty.channel.socket.nio.NioSocketChannel.doFinishConnect(NioSocketChannel.java:327)
	at org.apache.ratis.thirdparty.io.netty.channel.nio.AbstractNioChannel$AbstractNioUnsafe.finishConnect(AbstractNioChannel.java:340)
	at org.apache.ratis.thirdparty.io.netty.channel.nio.NioEventLoop.processSelectedKey(NioEventLoop.java:632)
	at org.apache.ratis.thirdparty.io.netty.channel.nio.NioEventLoop.processSelectedKeysOptimized(NioEventLoop.java:579)
	at org.apache.ratis.thirdparty.io.netty.channel.nio.NioEventLoop.processSelectedKeys(NioEventLoop.java:496)
	at org.apache.ratis.thirdparty.io.netty.channel.nio.NioEventLoop.run(NioEventLoop.java:458)
	at org.apache.ratis.thirdparty.io.netty.util.concurrent.SingleThreadEventExecutor$5.run(SingleThreadEventExecutor.java:897)
	at org.apache.ratis.thirdparty.io.netty.util.concurrent.FastThreadLocalRunnable.run(FastThreadLocalRunnable.java:30)
	... 1 more
Caused by: java.net.ConnectException: Connection refused
	... 11 more
2019-10-17 07:10:59,160 [215fceca-0555-458b-bc4f-ba38ff24d5ba@group-42ACBF6EBE4E-LeaderElection374] INFO  impl.LeaderElection (LogUtils.java:infoOrTrace(149)) -   Exception 1: {}
java.util.concurrent.ExecutionException: org.apache.ratis.thirdparty.io.grpc.StatusRuntimeException: UNAVAILABLE: io exception
	at java.util.concurrent.FutureTask.report(FutureTask.java:122)
	at java.util.concurrent.FutureTask.get(FutureTask.java:192)
	at org.apache.ratis.server.impl.LeaderElection.waitForResults(LeaderElection.java:259)
	at org.apache.ratis.server.impl.LeaderElection.askForVotes(LeaderElection.java:197)
	at org.apache.ratis.server.impl.LeaderElection.run(LeaderElection.java:133)
	at java.lang.Thread.run(Thread.java:748)
Caused by: org.apache.ratis.thirdparty.io.grpc.StatusRuntimeException: UNAVAILABLE: io exception
	at org.apache.ratis.thirdparty.io.grpc.stub.ClientCalls.toStatusRuntimeException(ClientCalls.java:233)
	at org.apache.ratis.thirdparty.io.grpc.stub.ClientCalls.getUnchecked(ClientCalls.java:214)
	at org.apache.ratis.thirdparty.io.grpc.stub.ClientCalls.blockingUnaryCall(ClientCalls.java:139)
	at org.apache.ratis.proto.grpc.RaftServerProtocolServiceGrpc$RaftServerProtocolServiceBlockingStub.requestVote(RaftServerProtocolServiceGrpc.java:265)
	at org.apache.ratis.grpc.server.GrpcServerProtocolClient.requestVote(GrpcServerProtocolClient.java:99)
	at org.apache.ratis.grpc.server.GrpcService.requestVote(GrpcService.java:204)
	at org.apache.ratis.server.impl.LeaderElection.lambda$submitRequests$1(LeaderElection.java:234)
	at java.util.concurrent.FutureTask.run(FutureTask.java:266)
	at java.util.concurrent.Executors$RunnableAdapter.call(Executors.java:511)
	at java.util.concurrent.FutureTask.run(FutureTask.java:266)
	at java.util.concurrent.ThreadPoolExecutor.runWorker(ThreadPoolExecutor.java:1149)
	at java.util.concurrent.ThreadPoolExecutor$Worker.run(ThreadPoolExecutor.java:624)
	... 1 more
Caused by: org.apache.ratis.thirdparty.io.netty.channel.AbstractChannel$AnnotatedConnectException: Connection refused: /192.168.157.211:41694
	at sun.nio.ch.SocketChannelImpl.checkConnect(Native Method)
	at sun.nio.ch.SocketChannelImpl.finishConnect(SocketChannelImpl.java:717)
	at org.apache.ratis.thirdparty.io.netty.channel.socket.nio.NioSocketChannel.doFinishConnect(NioSocketChannel.java:327)
	at org.apache.ratis.thirdparty.io.netty.channel.nio.AbstractNioChannel$AbstractNioUnsafe.finishConnect(AbstractNioChannel.java:340)
	at org.apache.ratis.thirdparty.io.netty.channel.nio.NioEventLoop.processSelectedKey(NioEventLoop.java:632)
	at org.apache.ratis.thirdparty.io.netty.channel.nio.NioEventLoop.processSelectedKeysOptimized(NioEventLoop.java:579)
	at org.apache.ratis.thirdparty.io.netty.channel.nio.NioEventLoop.processSelectedKeys(NioEventLoop.java:496)
	at org.apache.ratis.thirdparty.io.netty.channel.nio.NioEventLoop.run(NioEventLoop.java:458)
	at org.apache.ratis.thirdparty.io.netty.util.concurrent.SingleThreadEventExecutor$5.run(SingleThreadEventExecutor.java:897)
	at org.apache.ratis.thirdparty.io.netty.util.concurrent.FastThreadLocalRunnable.run(FastThreadLocalRunnable.java:30)
	... 1 more
Caused by: java.net.ConnectException: Connection refused
	... 11 more
2019-10-17 07:10:59,161 [215fceca-0555-458b-bc4f-ba38ff24d5ba@group-42ACBF6EBE4E-LeaderElection374] INFO  impl.RaftServerImpl (RaftServerImpl.java:setRole(184)) - 215fceca-0555-458b-bc4f-ba38ff24d5ba@group-42ACBF6EBE4E: changes role from CANDIDATE to FOLLOWER at term 225 for DISCOVERED_A_NEW_TERM
2019-10-17 07:10:59,161 [215fceca-0555-458b-bc4f-ba38ff24d5ba@group-42ACBF6EBE4E-LeaderElection374] INFO  impl.RoleInfo (RoleInfo.java:shutdownLeaderElection(134)) - 215fceca-0555-458b-bc4f-ba38ff24d5ba: shutdown LeaderElection
2019-10-17 07:10:59,161 [215fceca-0555-458b-bc4f-ba38ff24d5ba@group-42ACBF6EBE4E-LeaderElection374] INFO  impl.RoleInfo (RoleInfo.java:updateAndGet(143)) - 215fceca-0555-458b-bc4f-ba38ff24d5ba: start FollowerState
2019-10-17 07:10:59,185 [java.util.concurrent.ThreadPoolExecutor$Worker@6d9ea297[State = -1, empty queue]] WARN  server.GrpcLogAppender (GrpcLogAppender.java:timeoutAppendRequest(209)) - d31fb603-bc45-4cd2-bfc5-2ee103695b2e@group-A2172F2EE55F->715ace13-eaf8-4882-a949-ec1ca9c7a1c8-GrpcLogAppender: appendEntries Timeout, request=d31fb603-bc45-4cd2-bfc5-2ee103695b2e->715ace13-eaf8-4882-a949-ec1ca9c7a1c8#83-t3, previous=(t:3, i:20), leaderCommit=20, initializing? false, entries: <empty>
2019-10-17 07:10:59,632 [java.util.concurrent.ThreadPoolExecutor$Worker@234137a4[State = -1, empty queue]] WARN  server.GrpcLogAppender (GrpcLogAppender.java:timeoutAppendRequest(209)) - d31fb603-bc45-4cd2-bfc5-2ee103695b2e@group-A2172F2EE55F->a4e5d14e-95af-4d1f-b670-5b1c42084e26-GrpcLogAppender: appendEntries Timeout, request=d31fb603-bc45-4cd2-bfc5-2ee103695b2e->a4e5d14e-95af-4d1f-b670-5b1c42084e26#84-t3, previous=(t:3, i:20), leaderCommit=20, initializing? false, entries: <empty>
2019-10-17 07:10:59,686 [java.util.concurrent.ThreadPoolExecutor$Worker@6d9ea297[State = -1, empty queue]] WARN  server.GrpcLogAppender (GrpcLogAppender.java:timeoutAppendRequest(209)) - d31fb603-bc45-4cd2-bfc5-2ee103695b2e@group-A2172F2EE55F->715ace13-eaf8-4882-a949-ec1ca9c7a1c8-GrpcLogAppender: appendEntries Timeout, request=d31fb603-bc45-4cd2-bfc5-2ee103695b2e->715ace13-eaf8-4882-a949-ec1ca9c7a1c8#84-t3, previous=(t:3, i:20), leaderCommit=20, initializing? false, entries: <empty>
2019-10-17 07:11:00,133 [java.util.concurrent.ThreadPoolExecutor$Worker@234137a4[State = -1, empty queue]] WARN  server.GrpcLogAppender (GrpcLogAppender.java:timeoutAppendRequest(209)) - d31fb603-bc45-4cd2-bfc5-2ee103695b2e@group-A2172F2EE55F->a4e5d14e-95af-4d1f-b670-5b1c42084e26-GrpcLogAppender: appendEntries Timeout, request=d31fb603-bc45-4cd2-bfc5-2ee103695b2e->a4e5d14e-95af-4d1f-b670-5b1c42084e26#85-t3, previous=(t:3, i:20), leaderCommit=20, initializing? false, entries: <empty>
2019-10-17 07:11:00,176 [ForkJoinPool.commonPool-worker-0] INFO  ozoneimpl.OzoneContainer (OzoneContainer.java:stop(227)) - Attempting to stop container services.
2019-10-17 07:11:00,176 [ForkJoinPool.commonPool-worker-0] INFO  impl.RaftServerProxy (RaftServerProxy.java:lambda$close$4(314)) - d31fb603-bc45-4cd2-bfc5-2ee103695b2e: close
2019-10-17 07:11:00,177 [ForkJoinPool.commonPool-worker-0] INFO  impl.RaftServerImpl (RaftServerImpl.java:lambda$shutdown$3(261)) - d31fb603-bc45-4cd2-bfc5-2ee103695b2e@group-D4C7258D12F6: shutdown
2019-10-17 07:11:00,177 [ForkJoinPool.commonPool-worker-0] INFO  util.JmxRegister (JmxRegister.java:unregister(73)) - Successfully un-registered JMX Bean with object name Ratis:service=RaftServer,group=group-D4C7258D12F6,id=d31fb603-bc45-4cd2-bfc5-2ee103695b2e
2019-10-17 07:11:00,178 [ForkJoinPool.commonPool-worker-0] INFO  impl.RoleInfo (RoleInfo.java:shutdownLeaderState(104)) - d31fb603-bc45-4cd2-bfc5-2ee103695b2e: shutdown LeaderState
2019-10-17 07:11:00,178 [ForkJoinPool.commonPool-worker-0] INFO  impl.PendingRequests (PendingRequests.java:sendNotLeaderResponses(202)) - d31fb603-bc45-4cd2-bfc5-2ee103695b2e@group-D4C7258D12F6-PendingRequests: sendNotLeaderResponses
2019-10-17 07:11:00,179 [ForkJoinPool.commonPool-worker-0] INFO  impl.StateMachineUpdater (StateMachineUpdater.java:stopAndJoin(136)) - d31fb603-bc45-4cd2-bfc5-2ee103695b2e@group-D4C7258D12F6-StateMachineUpdater: set stopIndex = 0
2019-10-17 07:11:00,180 [ForkJoinPool.commonPool-worker-0] INFO  impl.RaftServerImpl (ServerState.java:close(388)) - d31fb603-bc45-4cd2-bfc5-2ee103695b2e@group-D4C7258D12F6: closes. applyIndex: 0
2019-10-17 07:11:00,181 [d31fb603-bc45-4cd2-bfc5-2ee103695b2e@group-D4C7258D12F6-SegmentedRaftLogWorker] INFO  segmented.SegmentedRaftLogWorker (SegmentedRaftLogWorker.java:run(316)) - d31fb603-bc45-4cd2-bfc5-2ee103695b2e@group-D4C7258D12F6-SegmentedRaftLogWorker was interrupted, exiting. There are 0 tasks remaining in the queue.
2019-10-17 07:11:00,181 [ForkJoinPool.commonPool-worker-0] INFO  segmented.SegmentedRaftLogWorker (SegmentedRaftLogWorker.java:close(224)) - d31fb603-bc45-4cd2-bfc5-2ee103695b2e@group-D4C7258D12F6-SegmentedRaftLogWorker close()
2019-10-17 07:11:00,182 [ForkJoinPool.commonPool-worker-0] INFO  impl.RaftServerImpl (RaftServerImpl.java:lambda$shutdown$3(261)) - d31fb603-bc45-4cd2-bfc5-2ee103695b2e@group-A2172F2EE55F: shutdown
2019-10-17 07:11:00,183 [ForkJoinPool.commonPool-worker-0] INFO  util.JmxRegister (JmxRegister.java:unregister(73)) - Successfully un-registered JMX Bean with object name Ratis:service=RaftServer,group=group-A2172F2EE55F,id=d31fb603-bc45-4cd2-bfc5-2ee103695b2e
2019-10-17 07:11:00,183 [ForkJoinPool.commonPool-worker-0] INFO  impl.RoleInfo (RoleInfo.java:shutdownLeaderState(104)) - d31fb603-bc45-4cd2-bfc5-2ee103695b2e: shutdown LeaderState
2019-10-17 07:11:00,185 [ForkJoinPool.commonPool-worker-0] INFO  impl.PendingRequests (PendingRequests.java:sendNotLeaderResponses(202)) - d31fb603-bc45-4cd2-bfc5-2ee103695b2e@group-A2172F2EE55F-PendingRequests: sendNotLeaderResponses
2019-10-17 07:11:00,185 [org.apache.ratis.server.impl.LogAppender$AppenderDaemon$$Lambda$406/1674391716@2a783e84] WARN  server.GrpcLogAppender (GrpcLogAppender.java:mayWait(149)) - d31fb603-bc45-4cd2-bfc5-2ee103695b2e@group-A2172F2EE55F->a4e5d14e-95af-4d1f-b670-5b1c42084e26-GrpcLogAppender: Wait interrupted by java.lang.InterruptedException
2019-10-17 07:11:00,185 [org.apache.ratis.server.impl.LogAppender$AppenderDaemon$$Lambda$406/1674391716@9dd75c1] WARN  server.GrpcLogAppender (GrpcLogAppender.java:mayWait(149)) - d31fb603-bc45-4cd2-bfc5-2ee103695b2e@group-A2172F2EE55F->715ace13-eaf8-4882-a949-ec1ca9c7a1c8-GrpcLogAppender: Wait interrupted by java.lang.InterruptedException
2019-10-17 07:11:00,187 [java.util.concurrent.ThreadPoolExecutor$Worker@6d9ea297[State = -1, empty queue]] WARN  server.GrpcLogAppender (GrpcLogAppender.java:timeoutAppendRequest(209)) - d31fb603-bc45-4cd2-bfc5-2ee103695b2e@group-A2172F2EE55F->715ace13-eaf8-4882-a949-ec1ca9c7a1c8-GrpcLogAppender: appendEntries Timeout, request=d31fb603-bc45-4cd2-bfc5-2ee103695b2e->715ace13-eaf8-4882-a949-ec1ca9c7a1c8#85-t3, previous=(t:3, i:20), leaderCommit=20, initializing? false, entries: <empty>
2019-10-17 07:11:00,187 [ForkJoinPool.commonPool-worker-0] INFO  impl.StateMachineUpdater (StateMachineUpdater.java:stopAndJoin(136)) - d31fb603-bc45-4cd2-bfc5-2ee103695b2e@group-A2172F2EE55F-StateMachineUpdater: set stopIndex = 20
2019-10-17 07:11:00,187 [d31fb603-bc45-4cd2-bfc5-2ee103695b2e@group-A2172F2EE55F-StateMachineUpdater] INFO  ratis.ContainerStateMachine (ContainerStateMachine.java:takeSnapshot(294)) - group-A2172F2EE55F: Taking a snapshot at:(t:3, i:20) file /workdir/hadoop-ozone/integration-test/target/test-dir/MiniOzoneClusterImpl-ef926406-3935-4524-95f5-43adee877df5/datanode-1/data/ratis/d4cc5d64-8e05-478c-a8bd-a2172f2ee55f/sm/snapshot.3_20
2019-10-17 07:11:00,201 [d31fb603-bc45-4cd2-bfc5-2ee103695b2e@group-A2172F2EE55F-StateMachineUpdater] INFO  ratis.ContainerStateMachine (ContainerStateMachine.java:takeSnapshot(305)) - group-A2172F2EE55F: Finished taking a snapshot at:(t:3, i:20) file:/workdir/hadoop-ozone/integration-test/target/test-dir/MiniOzoneClusterImpl-ef926406-3935-4524-95f5-43adee877df5/datanode-1/data/ratis/d4cc5d64-8e05-478c-a8bd-a2172f2ee55f/sm/snapshot.3_20 time:14
2019-10-17 07:11:00,201 [d31fb603-bc45-4cd2-bfc5-2ee103695b2e@group-A2172F2EE55F-StateMachineUpdater] INFO  impl.StateMachineUpdater (StateMachineUpdater.java:takeSnapshot(269)) - d31fb603-bc45-4cd2-bfc5-2ee103695b2e@group-A2172F2EE55F-StateMachineUpdater: Took a snapshot at index 20
2019-10-17 07:11:00,201 [d31fb603-bc45-4cd2-bfc5-2ee103695b2e@group-A2172F2EE55F-StateMachineUpdater] INFO  impl.StateMachineUpdater (StateMachineUpdater.java:lambda$new$0(84)) - d31fb603-bc45-4cd2-bfc5-2ee103695b2e@group-A2172F2EE55F-StateMachineUpdater: snapshotIndex: updateIncreasingly -1 -> 20
2019-10-17 07:11:00,202 [ForkJoinPool.commonPool-worker-0] INFO  impl.RaftServerImpl (ServerState.java:close(388)) - d31fb603-bc45-4cd2-bfc5-2ee103695b2e@group-A2172F2EE55F: closes. applyIndex: 20
2019-10-17 07:11:00,202 [d31fb603-bc45-4cd2-bfc5-2ee103695b2e@group-A2172F2EE55F-SegmentedRaftLogWorker] INFO  segmented.SegmentedRaftLogWorker (SegmentedRaftLogWorker.java:run(316)) - d31fb603-bc45-4cd2-bfc5-2ee103695b2e@group-A2172F2EE55F-SegmentedRaftLogWorker was interrupted, exiting. There are 0 tasks remaining in the queue.
2019-10-17 07:11:00,203 [ForkJoinPool.commonPool-worker-0] INFO  segmented.SegmentedRaftLogWorker (SegmentedRaftLogWorker.java:close(224)) - d31fb603-bc45-4cd2-bfc5-2ee103695b2e@group-A2172F2EE55F-SegmentedRaftLogWorker close()
2019-10-17 07:11:00,204 [ForkJoinPool.commonPool-worker-0] INFO  server.GrpcService (GrpcService.java:closeImpl(164)) - d31fb603-bc45-4cd2-bfc5-2ee103695b2e: shutdown server with port 42529 now
2019-10-17 07:11:00,205 [ForkJoinPool.commonPool-worker-0] INFO  server.GrpcService (GrpcService.java:closeImpl(172)) - d31fb603-bc45-4cd2-bfc5-2ee103695b2e: shutdown server with port 42529 successfully
2019-10-17 07:11:00,209 [refreshUsed-/workdir/hadoop-ozone/integration-test/target/test-dir/MiniOzoneClusterImpl-ef926406-3935-4524-95f5-43adee877df5/datanode-1/data/containers] WARN  fs.CachingGetSpaceUsed (CachingGetSpaceUsed.java:run(183)) - Thread Interrupted waiting to refresh disk information: sleep interrupted
2019-10-17 07:11:00,211 [grpc-default-executor-7] WARN  client.GrpcClientProtocolService (LogUtils.java:warn(134)) - 1-UnorderedRequestStreamObserver1: onError: org.apache.ratis.thirdparty.io.grpc.StatusRuntimeException: CANCELLED: cancelled before receiving half close
2019-10-17 07:11:00,232 [main] INFO  ozoneimpl.OzoneContainer (OzoneContainer.java:stop(227)) - Attempting to stop container services.
2019-10-17 07:11:00,233 [main] INFO  impl.RaftServerProxy (RaftServerProxy.java:lambda$close$4(314)) - 215fceca-0555-458b-bc4f-ba38ff24d5ba: close
2019-10-17 07:11:00,233 [main] INFO  impl.RaftServerImpl (RaftServerImpl.java:lambda$shutdown$3(261)) - 215fceca-0555-458b-bc4f-ba38ff24d5ba@group-42ACBF6EBE4E: shutdown
2019-10-17 07:11:00,233 [main] INFO  util.JmxRegister (JmxRegister.java:unregister(73)) - Successfully un-registered JMX Bean with object name Ratis:service=RaftServer,group=group-42ACBF6EBE4E,id=215fceca-0555-458b-bc4f-ba38ff24d5ba
2019-10-17 07:11:00,233 [main] INFO  impl.RoleInfo (RoleInfo.java:shutdownFollowerState(121)) - 215fceca-0555-458b-bc4f-ba38ff24d5ba: shutdown FollowerState
2019-10-17 07:11:00,234 [main] INFO  impl.StateMachineUpdater (StateMachineUpdater.java:stopAndJoin(136)) - 215fceca-0555-458b-bc4f-ba38ff24d5ba@group-42ACBF6EBE4E-StateMachineUpdater: set stopIndex = -1
2019-10-17 07:11:00,234 [Thread-2880] INFO  impl.FollowerState (FollowerState.java:run(117)) - 215fceca-0555-458b-bc4f-ba38ff24d5ba@group-42ACBF6EBE4E-FollowerState was interrupted: java.lang.InterruptedException: sleep interrupted
2019-10-17 07:11:00,234 [main] INFO  impl.RaftServerImpl (ServerState.java:close(388)) - 215fceca-0555-458b-bc4f-ba38ff24d5ba@group-42ACBF6EBE4E: closes. applyIndex: -1
2019-10-17 07:11:00,234 [215fceca-0555-458b-bc4f-ba38ff24d5ba@group-42ACBF6EBE4E-SegmentedRaftLogWorker] INFO  segmented.SegmentedRaftLogWorker (SegmentedRaftLogWorker.java:run(316)) - 215fceca-0555-458b-bc4f-ba38ff24d5ba@group-42ACBF6EBE4E-SegmentedRaftLogWorker was interrupted, exiting. There are 0 tasks remaining in the queue.
2019-10-17 07:11:00,235 [main] INFO  segmented.SegmentedRaftLogWorker (SegmentedRaftLogWorker.java:close(224)) - 215fceca-0555-458b-bc4f-ba38ff24d5ba@group-42ACBF6EBE4E-SegmentedRaftLogWorker close()
2019-10-17 07:11:00,236 [main] INFO  impl.RaftServerImpl (RaftServerImpl.java:lambda$shutdown$3(261)) - 215fceca-0555-458b-bc4f-ba38ff24d5ba@group-7CDFFFDE5B5A: shutdown
2019-10-17 07:11:00,236 [main] INFO  util.JmxRegister (JmxRegister.java:unregister(73)) - Successfully un-registered JMX Bean with object name Ratis:service=RaftServer,group=group-7CDFFFDE5B5A,id=215fceca-0555-458b-bc4f-ba38ff24d5ba
2019-10-17 07:11:00,236 [main] INFO  impl.RoleInfo (RoleInfo.java:shutdownLeaderState(104)) - 215fceca-0555-458b-bc4f-ba38ff24d5ba: shutdown LeaderState
2019-10-17 07:11:00,237 [main] INFO  impl.PendingRequests (PendingRequests.java:sendNotLeaderResponses(202)) - 215fceca-0555-458b-bc4f-ba38ff24d5ba@group-7CDFFFDE5B5A-PendingRequests: sendNotLeaderResponses
2019-10-17 07:11:00,237 [main] INFO  impl.StateMachineUpdater (StateMachineUpdater.java:stopAndJoin(136)) - 215fceca-0555-458b-bc4f-ba38ff24d5ba@group-7CDFFFDE5B5A-StateMachineUpdater: set stopIndex = 0
2019-10-17 07:11:00,237 [main] INFO  impl.RaftServerImpl (ServerState.java:close(388)) - 215fceca-0555-458b-bc4f-ba38ff24d5ba@group-7CDFFFDE5B5A: closes. applyIndex: 0
2019-10-17 07:11:00,238 [215fceca-0555-458b-bc4f-ba38ff24d5ba@group-7CDFFFDE5B5A-SegmentedRaftLogWorker] INFO  segmented.SegmentedRaftLogWorker (SegmentedRaftLogWorker.java:run(316)) - 215fceca-0555-458b-bc4f-ba38ff24d5ba@group-7CDFFFDE5B5A-SegmentedRaftLogWorker was interrupted, exiting. There are 0 tasks remaining in the queue.
2019-10-17 07:11:00,238 [main] INFO  segmented.SegmentedRaftLogWorker (SegmentedRaftLogWorker.java:close(224)) - 215fceca-0555-458b-bc4f-ba38ff24d5ba@group-7CDFFFDE5B5A-SegmentedRaftLogWorker close()
2019-10-17 07:11:00,239 [main] INFO  server.GrpcService (GrpcService.java:closeImpl(164)) - 215fceca-0555-458b-bc4f-ba38ff24d5ba: shutdown server with port 43803 now
2019-10-17 07:11:00,240 [ForkJoinPool.commonPool-worker-0] INFO  utils.BackgroundService (BackgroundService.java:shutdown(151)) - Shutting down service BlockDeletingService
2019-10-17 07:11:00,241 [main] INFO  server.GrpcService (GrpcService.java:closeImpl(172)) - 215fceca-0555-458b-bc4f-ba38ff24d5ba: shutdown server with port 43803 successfully
2019-10-17 07:11:00,245 [ForkJoinPool.commonPool-worker-0] INFO  statemachine.DatanodeStateMachine (DatanodeStateMachine.java:stopDaemon(395)) - Ozone container server stopped.
2019-10-17 07:11:00,250 [ForkJoinPool.commonPool-worker-0] INFO  handler.ContextHandler (ContextHandler.java:doStop(910)) - Stopped o.e.j.w.WebAppContext@1e58512c{/,null,UNAVAILABLE}{/hddsDatanode}
2019-10-17 07:11:00,251 [ForkJoinPool.commonPool-worker-0] INFO  server.AbstractConnector (AbstractConnector.java:doStop(318)) - Stopped ServerConnector@210308d5{HTTP/1.1,[http/1.1]}{0.0.0.0:0}
2019-10-17 07:11:00,253 [ForkJoinPool.commonPool-worker-0] INFO  handler.ContextHandler (ContextHandler.java:doStop(910)) - Stopped o.e.j.s.ServletContextHandler@1dba4e06{/static,jar:file:/home/user/.m2/repository/org/apache/hadoop/hadoop-hdds-container-service/0.5.0-SNAPSHOT/hadoop-hdds-container-service-0.5.0-SNAPSHOT.jar!/webapps/static,UNAVAILABLE}
2019-10-17 07:11:00,255 [refreshUsed-/workdir/hadoop-ozone/integration-test/target/test-dir/MiniOzoneClusterImpl-ef926406-3935-4524-95f5-43adee877df5/datanode-7/data/containers] WARN  fs.CachingGetSpaceUsed (CachingGetSpaceUsed.java:run(183)) - Thread Interrupted waiting to refresh disk information: sleep interrupted
2019-10-17 07:11:00,255 [ForkJoinPool.commonPool-worker-0] INFO  handler.ContextHandler (ContextHandler.java:doStop(910)) - Stopped o.e.j.s.ServletContextHandler@6a094db2{/logs,file:///workdir/hadoop-ozone/integration-test/target/log,UNAVAILABLE}
2019-10-17 07:11:00,270 [main] INFO  utils.BackgroundService (BackgroundService.java:shutdown(151)) - Shutting down service BlockDeletingService
2019-10-17 07:11:00,272 [main] INFO  statemachine.DatanodeStateMachine (DatanodeStateMachine.java:stopDaemon(395)) - Ozone container server stopped.
2019-10-17 07:11:00,273 [main] INFO  handler.ContextHandler (ContextHandler.java:doStop(910)) - Stopped o.e.j.w.WebAppContext@268cbb86{/,null,UNAVAILABLE}{/hddsDatanode}
2019-10-17 07:11:00,274 [main] INFO  server.AbstractConnector (AbstractConnector.java:doStop(318)) - Stopped ServerConnector@10f7918f{HTTP/1.1,[http/1.1]}{0.0.0.0:0}
2019-10-17 07:11:00,274 [main] INFO  handler.ContextHandler (ContextHandler.java:doStop(910)) - Stopped o.e.j.s.ServletContextHandler@3c3c4a71{/static,jar:file:/home/user/.m2/repository/org/apache/hadoop/hadoop-hdds-container-service/0.5.0-SNAPSHOT/hadoop-hdds-container-service-0.5.0-SNAPSHOT.jar!/webapps/static,UNAVAILABLE}
2019-10-17 07:11:00,274 [main] INFO  handler.ContextHandler (ContextHandler.java:doStop(910)) - Stopped o.e.j.s.ServletContextHandler@31ddb930{/logs,file:///workdir/hadoop-ozone/integration-test/target/log,UNAVAILABLE}
2019-10-17 07:11:00,276 [main] INFO  ozone.MiniOzoneClusterImpl (MiniOzoneClusterImpl.java:stopSCM(392)) - Stopping the StorageContainerManager
2019-10-17 07:11:00,276 [main] INFO  server.StorageContainerManager (StorageContainerManager.java:stop(810)) - Stopping Replication Manager Service.
2019-10-17 07:11:00,276 [main] INFO  container.ReplicationManager (ReplicationManager.java:stop(203)) - Stopping Replication Monitor Thread.
2019-10-17 07:11:00,277 [main] INFO  server.StorageContainerManager (StorageContainerManager.java:stop(817)) - Stopping Lease Manager of the command watchers
2019-10-17 07:11:00,278 [main] INFO  server.StorageContainerManager (StorageContainerManager.java:stop(824)) - Stopping datanode service RPC server
2019-10-17 07:11:00,278 [main] INFO  server.SCMDatanodeProtocolServer (SCMDatanodeProtocolServer.java:stop(346)) - Stopping the RPC server for DataNodes
2019-10-17 07:11:00,278 [main] INFO  ipc.Server (Server.java:stop(3082)) - Stopping server on 35102
2019-10-17 07:11:00,279 [IPC Server listener on 35102] INFO  ipc.Server (Server.java:run(1185)) - Stopping IPC Server listener on 35102
2019-10-17 07:11:00,280 [IPC Server Responder] INFO  ipc.Server (Server.java:run(1319)) - Stopping IPC Server Responder
2019-10-17 07:11:00,314 [SCM Heartbeat Processing Thread - 0] WARN  node.NodeStateManager (NodeStateManager.java:scheduleNextHealthCheck(646)) - Current Thread is interrupted, shutting down HB processing thread for Node Manager.
2019-10-17 07:11:00,314 [main] INFO  server.StorageContainerManager (StorageContainerManager.java:stop(832)) - Stopping block service RPC server
2019-10-17 07:11:00,314 [main] INFO  server.SCMBlockProtocolServer (SCMBlockProtocolServer.java:stop(155)) - Stopping the RPC server for Block Protocol
2019-10-17 07:11:00,314 [main] INFO  ipc.Server (Server.java:stop(3082)) - Stopping server on 42881
2019-10-17 07:11:00,315 [IPC Server listener on 42881] INFO  ipc.Server (Server.java:run(1185)) - Stopping IPC Server listener on 42881
2019-10-17 07:11:00,315 [main] INFO  server.StorageContainerManager (StorageContainerManager.java:stop(839)) - Stopping the StorageContainerLocationProtocol RPC server
2019-10-17 07:11:00,316 [IPC Server Responder] INFO  ipc.Server (Server.java:run(1319)) - Stopping IPC Server Responder
2019-10-17 07:11:00,316 [main] INFO  server.SCMClientProtocolServer (SCMClientProtocolServer.java:stop(168)) - Stopping the RPC server for Client Protocol
2019-10-17 07:11:00,316 [main] INFO  ipc.Server (Server.java:stop(3082)) - Stopping server on 43953
2019-10-17 07:11:00,318 [IPC Server listener on 43953] INFO  ipc.Server (Server.java:run(1185)) - Stopping IPC Server listener on 43953
2019-10-17 07:11:00,318 [main] INFO  server.StorageContainerManager (StorageContainerManager.java:stop(846)) - Stopping Storage Container Manager HTTP server.
2019-10-17 07:11:00,318 [IPC Server Responder] INFO  ipc.Server (Server.java:run(1319)) - Stopping IPC Server Responder
2019-10-17 07:11:00,319 [main] INFO  handler.ContextHandler (ContextHandler.java:doStop(910)) - Stopped o.e.j.w.WebAppContext@3b366632{/,null,UNAVAILABLE}{/scm}
2019-10-17 07:11:00,320 [main] INFO  server.AbstractConnector (AbstractConnector.java:doStop(318)) - Stopped ServerConnector@6815c5f2{HTTP/1.1,[http/1.1]}{0.0.0.0:0}
2019-10-17 07:11:00,320 [main] INFO  handler.ContextHandler (ContextHandler.java:doStop(910)) - Stopped o.e.j.s.ServletContextHandler@37052337{/static,file:///workdir/hadoop-ozone/integration-test/target/test-classes/webapps/static,UNAVAILABLE}
2019-10-17 07:11:00,321 [main] INFO  handler.ContextHandler (ContextHandler.java:doStop(910)) - Stopped o.e.j.s.ServletContextHandler@340da44c{/logs,file:///workdir/hadoop-ozone/integration-test/target/log,UNAVAILABLE}
2019-10-17 07:11:00,322 [main] INFO  server.StorageContainerManager (StorageContainerManager.java:stop(857)) - Stopping Block Manager Service.
2019-10-17 07:11:00,322 [main] INFO  utils.BackgroundService (BackgroundService.java:shutdown(151)) - Shutting down service SCMBlockDeletingService
2019-10-17 07:11:00,322 [main] INFO  utils.BackgroundService (BackgroundService.java:shutdown(151)) - Shutting down service SCMBlockDeletingService
2019-10-17 07:11:00,323 [main] INFO  server.StorageContainerManager (StorageContainerManager.java:stop(879)) - Stopping SCM Event Queue.
2019-10-17 07:11:00,330 [main] INFO  impl.MetricsSystemImpl (MetricsSystemImpl.java:stop(210)) - Stopping XceiverClientMetrics metrics system...
2019-10-17 07:11:00,344 [prometheus] INFO  impl.MetricsSinkAdapter (MetricsSinkAdapter.java:publishMetricsFromQueue(141)) - prometheus thread interrupted.
2019-10-17 07:11:00,344 [main] INFO  impl.MetricsSystemImpl (MetricsSystemImpl.java:stop(216)) - XceiverClientMetrics metrics system stopped.
]]></system-out>
    <system-err><![CDATA[ERROR StatusLogger No Log4j 2 configuration file found. Using default configuration (logging only errors to the console), or user programmatically provided configurations. Set system property 'log4j2.debug' to show Log4j 2 internal initialization logging. See https://logging.apache.org/log4j/2.x/manual/configuration.html for instructions on how to configure Log4j 2
Oct 17, 2019 7:10:40 AM org.apache.ratis.thirdparty.io.grpc.internal.SerializingExecutor run
SEVERE: Exception while executing runnable org.apache.ratis.thirdparty.io.grpc.internal.ServerImpl$JumpToApplicationThreadServerStreamListener$1Closed@4e4d5c3b
org.apache.ratis.thirdparty.io.grpc.StatusRuntimeException: CANCELLED: call already cancelled
	at org.apache.ratis.thirdparty.io.grpc.Status.asRuntimeException(Status.java:517)
	at org.apache.ratis.thirdparty.io.grpc.stub.ServerCalls$ServerCallStreamObserverImpl.onCompleted(ServerCalls.java:356)
	at org.apache.ratis.grpc.server.GrpcServerProtocolService$ServerRequestStreamObserver.onError(GrpcServerProtocolService.java:121)
	at org.apache.ratis.thirdparty.io.grpc.stub.ServerCalls$StreamingServerCallHandler$StreamingServerCallListener.onCancel(ServerCalls.java:269)
	at org.apache.ratis.thirdparty.io.grpc.internal.ServerCallImpl$ServerStreamListenerImpl.closed(ServerCallImpl.java:293)
	at org.apache.ratis.thirdparty.io.grpc.internal.ServerImpl$JumpToApplicationThreadServerStreamListener$1Closed.runInContext(ServerImpl.java:741)
	at org.apache.ratis.thirdparty.io.grpc.internal.ContextRunnable.run(ContextRunnable.java:37)
	at org.apache.ratis.thirdparty.io.grpc.internal.SerializingExecutor.run(SerializingExecutor.java:123)
	at java.util.concurrent.ThreadPoolExecutor.runWorker(ThreadPoolExecutor.java:1149)
	at java.util.concurrent.ThreadPoolExecutor$Worker.run(ThreadPoolExecutor.java:624)
	at java.lang.Thread.run(Thread.java:748)

Oct 17, 2019 7:10:40 AM org.apache.ratis.thirdparty.io.grpc.internal.SerializingExecutor run
SEVERE: Exception while executing runnable org.apache.ratis.thirdparty.io.grpc.internal.ClientCallImpl$ClientStreamListenerImpl$1StreamClosed@5e9d0e07
java.lang.NullPointerException
	at org.apache.ratis.grpc.server.GrpcLogAppender$AppendLogResponseHandler.onError(GrpcLogAppender.java:303)
	at org.apache.ratis.thirdparty.io.grpc.stub.ClientCalls$StreamObserverToCallListenerAdapter.onClose(ClientCalls.java:434)
	at org.apache.ratis.thirdparty.io.grpc.PartialForwardingClientCallListener.onClose(PartialForwardingClientCallListener.java:39)
	at org.apache.ratis.thirdparty.io.grpc.ForwardingClientCallListener.onClose(ForwardingClientCallListener.java:23)
	at org.apache.ratis.thirdparty.io.grpc.ForwardingClientCallListener$SimpleForwardingClientCallListener.onClose(ForwardingClientCallListener.java:40)
	at org.apache.ratis.thirdparty.io.grpc.internal.CensusStatsModule$StatsClientInterceptor$1$1.onClose(CensusStatsModule.java:678)
	at org.apache.ratis.thirdparty.io.grpc.PartialForwardingClientCallListener.onClose(PartialForwardingClientCallListener.java:39)
	at org.apache.ratis.thirdparty.io.grpc.ForwardingClientCallListener.onClose(ForwardingClientCallListener.java:23)
	at org.apache.ratis.thirdparty.io.grpc.ForwardingClientCallListener$SimpleForwardingClientCallListener.onClose(ForwardingClientCallListener.java:40)
	at org.apache.ratis.thirdparty.io.grpc.internal.CensusTracingModule$TracingClientInterceptor$1$1.onClose(CensusTracingModule.java:397)
	at org.apache.ratis.thirdparty.io.grpc.internal.ClientCallImpl.closeObserver(ClientCallImpl.java:459)
	at org.apache.ratis.thirdparty.io.grpc.internal.ClientCallImpl.access$300(ClientCallImpl.java:63)
	at org.apache.ratis.thirdparty.io.grpc.internal.ClientCallImpl$ClientStreamListenerImpl.close(ClientCallImpl.java:546)
	at org.apache.ratis.thirdparty.io.grpc.internal.ClientCallImpl$ClientStreamListenerImpl.access$600(ClientCallImpl.java:467)
	at org.apache.ratis.thirdparty.io.grpc.internal.ClientCallImpl$ClientStreamListenerImpl$1StreamClosed.runInContext(ClientCallImpl.java:584)
	at org.apache.ratis.thirdparty.io.grpc.internal.ContextRunnable.run(ContextRunnable.java:37)
	at org.apache.ratis.thirdparty.io.grpc.internal.SerializingExecutor.run(SerializingExecutor.java:123)
	at java.util.concurrent.ThreadPoolExecutor.runWorker(ThreadPoolExecutor.java:1149)
	at java.util.concurrent.ThreadPoolExecutor$Worker.run(ThreadPoolExecutor.java:624)
	at java.lang.Thread.run(Thread.java:748)

Oct 17, 2019 7:10:55 AM org.apache.ratis.thirdparty.io.grpc.internal.SerializingExecutor run
SEVERE: Exception while executing runnable org.apache.ratis.thirdparty.io.grpc.internal.ServerImpl$JumpToApplicationThreadServerStreamListener$1Closed@4b95995
org.apache.ratis.thirdparty.io.grpc.StatusRuntimeException: CANCELLED: call already cancelled
	at org.apache.ratis.thirdparty.io.grpc.Status.asRuntimeException(Status.java:517)
	at org.apache.ratis.thirdparty.io.grpc.stub.ServerCalls$ServerCallStreamObserverImpl.onCompleted(ServerCalls.java:356)
	at org.apache.ratis.grpc.server.GrpcServerProtocolService$ServerRequestStreamObserver.onError(GrpcServerProtocolService.java:121)
	at org.apache.ratis.thirdparty.io.grpc.stub.ServerCalls$StreamingServerCallHandler$StreamingServerCallListener.onCancel(ServerCalls.java:269)
	at org.apache.ratis.thirdparty.io.grpc.internal.ServerCallImpl$ServerStreamListenerImpl.closed(ServerCallImpl.java:293)
	at org.apache.ratis.thirdparty.io.grpc.internal.ServerImpl$JumpToApplicationThreadServerStreamListener$1Closed.runInContext(ServerImpl.java:741)
	at org.apache.ratis.thirdparty.io.grpc.internal.ContextRunnable.run(ContextRunnable.java:37)
	at org.apache.ratis.thirdparty.io.grpc.internal.SerializingExecutor.run(SerializingExecutor.java:123)
	at java.util.concurrent.ThreadPoolExecutor.runWorker(ThreadPoolExecutor.java:1149)
	at java.util.concurrent.ThreadPoolExecutor$Worker.run(ThreadPoolExecutor.java:624)
	at java.lang.Thread.run(Thread.java:748)

Oct 17, 2019 7:10:55 AM org.apache.ratis.thirdparty.io.grpc.internal.SerializingExecutor run
SEVERE: Exception while executing runnable org.apache.ratis.thirdparty.io.grpc.internal.ClientCallImpl$ClientStreamListenerImpl$1StreamClosed@197c3b69
java.lang.NullPointerException
	at org.apache.ratis.grpc.server.GrpcLogAppender$AppendLogResponseHandler.onError(GrpcLogAppender.java:303)
	at org.apache.ratis.thirdparty.io.grpc.stub.ClientCalls$StreamObserverToCallListenerAdapter.onClose(ClientCalls.java:434)
	at org.apache.ratis.thirdparty.io.grpc.PartialForwardingClientCallListener.onClose(PartialForwardingClientCallListener.java:39)
	at org.apache.ratis.thirdparty.io.grpc.ForwardingClientCallListener.onClose(ForwardingClientCallListener.java:23)
	at org.apache.ratis.thirdparty.io.grpc.ForwardingClientCallListener$SimpleForwardingClientCallListener.onClose(ForwardingClientCallListener.java:40)
	at org.apache.ratis.thirdparty.io.grpc.internal.CensusStatsModule$StatsClientInterceptor$1$1.onClose(CensusStatsModule.java:678)
	at org.apache.ratis.thirdparty.io.grpc.PartialForwardingClientCallListener.onClose(PartialForwardingClientCallListener.java:39)
	at org.apache.ratis.thirdparty.io.grpc.ForwardingClientCallListener.onClose(ForwardingClientCallListener.java:23)
	at org.apache.ratis.thirdparty.io.grpc.ForwardingClientCallListener$SimpleForwardingClientCallListener.onClose(ForwardingClientCallListener.java:40)
	at org.apache.ratis.thirdparty.io.grpc.internal.CensusTracingModule$TracingClientInterceptor$1$1.onClose(CensusTracingModule.java:397)
	at org.apache.ratis.thirdparty.io.grpc.internal.ClientCallImpl.closeObserver(ClientCallImpl.java:459)
	at org.apache.ratis.thirdparty.io.grpc.internal.ClientCallImpl.access$300(ClientCallImpl.java:63)
	at org.apache.ratis.thirdparty.io.grpc.internal.ClientCallImpl$ClientStreamListenerImpl.close(ClientCallImpl.java:546)
	at org.apache.ratis.thirdparty.io.grpc.internal.ClientCallImpl$ClientStreamListenerImpl.access$600(ClientCallImpl.java:467)
	at org.apache.ratis.thirdparty.io.grpc.internal.ClientCallImpl$ClientStreamListenerImpl$1StreamClosed.runInContext(ClientCallImpl.java:584)
	at org.apache.ratis.thirdparty.io.grpc.internal.ContextRunnable.run(ContextRunnable.java:37)
	at org.apache.ratis.thirdparty.io.grpc.internal.SerializingExecutor.run(SerializingExecutor.java:123)
	at java.util.concurrent.ThreadPoolExecutor.runWorker(ThreadPoolExecutor.java:1149)
	at java.util.concurrent.ThreadPoolExecutor$Worker.run(ThreadPoolExecutor.java:624)
	at java.lang.Thread.run(Thread.java:748)

]]></system-err>
  </testcase>
  <testcase name="testMultiBlockWritesWithDnFailures" classname="org.apache.hadoop.ozone.client.rpc.TestMultiBlockWritesWithDnFailures" time="140.105"/>
</testsuite>